 1 M	 4.61  
 2 P	 36.05  
 3 S	 32.28  
 4 L	 3.48  
 5 V	 3.65  
 6 V	 5.42  
 7 S	 18.34  
 8 G	 16.20  
 9 I	 1.70  
 10 M	 4.52  
 11 E	 40.86  
 12 R	 29.70  
 13 N	 41.45  
 14 G	 38.74  
 15 G	 30.82  
 16 F	 7.92  
 17 G	 32.28  
 18 E	 39.46  
 19 L	 8.08  
 20 G	 10.62  
 21 C	 4.47  
 22 F	 13.57  
 23 G	 32.97  
 24 G	 12.27  
 25 S	 32.31  
 26 A	 22.50  
 27 K	 50.05  
 28 D	 49.98  
 29 R	 36.63  
 30 G	 44.76  
 31 L	 5.02  
 32 L	 9.68  
 33 E	 63.97  
 34 D	 51.13  
 35 E	 30.40  
 36 R	 53.58  
 37 A	 9.52  
 38 L	 5.55  
 39 Q	 24.57  
 40 L	 5.48  
 41 A	 8.99  
 42 L	 6.15  
 43 D	 33.52  
 44 Q	 34.62  
 45 L	 1.91  
 46 C	 2.15  
 47 L	 6.05  
 48 L	 5.33  
 49 G	 20.77  
 50 L	 7.67  
 51 G	 43.49  
 52 E	 53.83  
 53 P	 28.67  
 54 P	 46.71  
 55 A	 25.45  
 56 P	 28.67  
 57 T	 49.77  
 58 A	 20.51  
 59 G	 35.69  
 60 E	 51.52  
 61 D	 61.18  
 62 G	 32.13  
 63 G	 43.84  
 64 G	 36.78  
 65 G	 34.54  
 66 G	 34.34  
 67 G	 32.15  
 68 G	 31.49  
 69 A	 10.26  
 70 P	 34.40  
 71 A	 27.70  
 72 Q	 27.40  
 73 P	 32.28  
 74 A	 22.11  
 75 A	 24.00  
 76 P	 30.11  
 77 P	 48.32  
 78 Q	 45.81  
 79 P	 53.13  
 80 A	 24.80  
 81 P	 48.92  
 82 P	 57.02  
 83 P	 46.58  
 84 P	 36.61  
 85 P	 46.99  
 86 A	 38.07  
 87 A	 19.18  
 88 P	 22.59  
 89 P	 36.01  
 90 A	 25.64  
 91 A	 14.03  
 92 P	 25.36  
 93 T	 30.63  
 94 A	 15.47  
 95 A	 9.20  
 96 P	 26.18  
 97 A	 13.89  
 98 A	 16.84  
 99 Q	 56.68  
 100 T	 21.11  
 101 P	 32.38  
 102 Q	 61.05  
 103 P	 29.43  
 104 P	 35.63  
 105 T	 63.38  
 106 A	 15.02  
 107 P	 37.78  
 108 K	 65.72  
 109 G	 29.29  
 110 A	 15.46  
 111 S	 46.93  
 112 D	 47.38  
 113 A	 12.29  
 114 K	 49.44  
 115 L	 1.90  
 116 C	 2.12  
 117 A	 25.10  
 118 L	 6.48  
 119 Y	 6.56  
 120 K	 51.83  
 121 E	 33.54  
 122 A	 19.57  
 123 E	 35.20  
 124 L	 11.36  
 125 R	 26.34  
 126 L	 13.24  
 127 K	 50.76  
 128 G	 40.68  
 129 S	 20.87  
 130 S	 47.03  
 131 N	 53.36  
 132 T	 26.39  
 133 T	 31.47  
 134 E	 31.32  
 135 C	 3.83  
 136 V	 4.33  
 137 P	 37.72  
 138 V	 3.94  
 139 P	 24.92  
 140 T	 47.16  
 141 S	 21.45  
 142 E	 44.88  
 143 H	 24.69  
 144 V	 4.48  
 145 A	 11.60  
 146 E	 36.80  
 147 I	 2.61  
 148 V	 3.78  
 149 G	 23.12  
 150 R	 20.87  
 151 Q	 56.56  
 152 G	 17.21  
 153 C	 2.89  
 154 K	 54.81  
 155 I	 3.52  
 156 K	 27.19  
 157 A	 13.02  
 158 L	 4.67  
 159 R	 38.61  
 160 A	 24.71  
 161 K	 35.55  
 162 T	 31.63  
 163 N	 30.13  
 164 T	 31.68  
 165 Y	 11.51  
 166 I	 3.64  
 167 K	 36.04  
 168 T	 19.91  
 169 P	 14.60  
 170 V	 17.36  
 171 R	 48.27  
 172 G	 43.80  
 173 E	 48.87  
 174 E	 49.98  
 175 P	 21.97  
 176 V	 5.67  
 177 F	 4.82  
 178 M	 2.41  
 179 V	 3.31  
 180 T	 17.12  
 181 G	 18.42  
 182 R	 29.47  
 183 R	 45.90  
 184 E	 56.32  
 185 D	 33.27  
 186 V	 4.34  
 187 A	 14.09  
 188 T	 22.12  
 189 A	 9.97  
 190 R	 32.20  
 191 R	 36.68  
 192 E	 38.84  
 193 I	 2.60  
 194 I	 1.64  
 195 S	 27.39  
 196 A	 13.37  
 197 A	 12.19  
 198 E	 45.22  
 199 H	 18.50  
 200 F	 3.90  
 201 S	 18.40  
 202 M	 2.05  
 203 I	 3.01  
 204 R	 20.19  
 205 A	 11.26  
 206 S	 26.91  
 207 R	 54.32  
 208 N	 40.11  
 209 K	 49.51  
 210 S	 36.89  
 211 G	 23.64  
 212 A	 13.50  
 213 A	 12.78  
 214 F	 8.84  
 215 G	 15.22  
 216 V	 4.69  
 217 A	 5.52  
 218 P	 31.74  
 219 A	 19.36  
 220 L	 4.82  
 221 P	 33.02  
 222 G	 35.13  
 223 Q	 27.52  
 224 V	 6.27  
 225 T	 8.65  
 226 I	 3.94  
 227 R	 10.79  
 228 V	 6.81  
 229 R	 17.53  
 230 V	 4.46  
 231 P	 10.72  
 232 Y	 17.12  
 233 R	 15.58  
 234 V	 3.10  
 235 V	 3.47  
 236 G	 15.19  
 237 L	 1.58  
 238 V	 3.73  
 239 V	 15.16  
 240 G	 15.66  
 241 P	 21.94  
 242 K	 56.07  
 243 G	 30.96  
 244 A	 16.57  
 245 T	 35.38  
 246 I	 2.53  
 247 K	 38.81  
 248 R	 28.26  
 249 I	 3.54  
 250 Q	 33.10  
 251 Q	 50.09  
 252 Q	 21.97  
 253 T	 25.78  
 254 N	 26.92  
 255 T	 21.34  
 256 Y	 7.75  
 257 I	 2.38  
 258 I	 3.06  
 259 T	 12.97  
 260 P	 19.56  
 261 S	 37.86  
 262 R	 44.16  
 263 D	 64.77  
 264 R	 49.36  
 265 D	 48.26  
 266 P	 33.32  
 267 V	 8.67  
 268 F	 7.37  
 269 E	 39.62  
 270 I	 2.67  
 271 T	 21.79  
 272 G	 35.12  
 273 A	 10.52  
 274 P	 35.91  
 275 G	 50.73  
 276 N	 31.27  
 277 V	 6.98  
 278 E	 44.62  
 279 R	 34.36  
 280 A	 15.10  
 281 R	 48.58  
 282 E	 63.44  
 283 E	 40.34  
 284 I	 6.75  
 285 E	 37.30  
 286 T	 25.01  
 287 H	 8.01  
 288 I	 5.04  
 289 A	 4.16  
 290 V	 5.79  
 291 R	 28.83  
 292 T	 35.91  
 293 G	 12.39  
 294 K	 43.43  
 295 I	 3.60  
 296 L	 6.96  
 297 E	 50.08  
 298 Y	 21.60  
 299 N	 39.71  
 300 N	 48.85  
 301 E	 55.31  
 302 N	 47.67  
 303 D	 33.48  
 304 F	 8.31  
 305 L	 6.18  
 306 A	 19.19  
 307 G	 41.69  
 308 S	 17.63  
 309 P	 34.05  
 310 D	 50.78  
 311 A	 15.08  
 312 A	 17.32  
 313 I	 5.46  
 314 D	 23.49  
 315 S	 27.31  
 316 R	 31.09  
 317 Y	 18.17  
 318 S	 21.53  
 319 D	 41.01  
 320 A	 7.05  
 321 W	 14.07  
 322 R	 20.12  
 323 V	 3.24  
 324 H	 21.39  
 325 Q	 32.97  
 326 P	 34.96  
 327 G	 26.05  
 328 C	 5.37  
 329 K	 55.71  
 330 P	 35.30  
 331 L	 4.62  
 332 S	 33.74  
 333 T	 30.44  
 334 F	 7.31  
 335 R	 34.55  
 336 Q	 39.41  
 337 N	 34.64  
 338 S	 20.14  
 339 L	 9.46  
 340 G	 10.79  
 341 C	 4.36  
 342 I	 5.03  
 343 G	 28.37  
 344 E	 14.26  
 345 C	 5.62  
 346 G	 23.20  
 347 V	 8.83  
 348 D	 28.46  
 349 S	 42.87  
 350 G	 21.68  
 351 F	 9.30  
 352 E	 62.38  
 353 A	 7.70  
 354 P	 25.49  
 355 R	 63.47  
 356 L	 9.60  
 357 G	 26.85  
 358 E	 51.12  
 359 Q	 60.41  
 360 G	 33.08  
 361 G	 27.11  
 362 D	 40.39  
 363 F	 10.31  
 364 G	 25.56  
 365 Y	 13.84  
 366 G	 20.74  
 367 G	 13.90  
 368 Y	 10.78  
 369 L	 4.77  
 370 F	 3.12  
 371 P	 32.28  
 372 G	 25.21  
 373 Y	 14.63  
 374 G	 27.84  
 375 V	 6.97  
 376 G	 19.97  
 377 K	 40.70  
 378 Q	 39.20  
 379 D	 33.59  
 380 V	 3.53  
 381 Y	 11.64  
 382 Y	 12.65  
 383 G	 8.41  
 384 V	 2.22  
 385 A	 15.24  
 386 E	 47.62  
 387 T	 36.47  
 388 S	 18.94  
 389 P	 35.11  
 390 P	 40.06  
 391 L	 5.78  
 392 W	 12.24  
 393 A	 19.92  
 394 G	 24.61  
 395 Q	 32.78  
 396 E	 48.17  
 397 N	 41.02  
 398 A	 17.76  
 399 T	 38.39  
 400 P	 21.92  
 401 T	 27.41  
 402 S	 20.30  
 403 V	 7.42  
 404 L	 3.27  
 405 F	 5.20  
 406 S	 22.34  
 407 S	 25.49  
 408 A	 16.54  
 409 S	 32.47  
 410 S	 33.68  
 411 S	 31.57  
 412 S	 35.87  
 413 S	 30.20  
 414 S	 35.94  
 415 S	 35.42  
 416 A	 16.10  
 417 K	 40.11  
 418 A	 13.28  
 419 R	 39.09  
 420 A	 39.44  
 421 G	 24.31  
 422 P	 24.14  
 423 P	 52.24  
 424 G	 36.83  
 425 A	 10.74  
 426 H	 36.34  
 427 R	 43.75  
 428 S	 14.71  
 429 P	 39.24  
 430 A	 18.55  
 431 T	 23.61  
 432 S	 33.08  
 433 A	 32.95  
 434 G	 18.91  
 435 P	 32.90  
 436 E	 50.78  
 437 L	 5.29  
 438 A	 18.80  
 439 G	 49.16  
 440 L	 2.19  
 441 P	 29.35  
 442 R	 69.64  
 443 R	 39.56  
 444 P	 42.39  
 445 P	 58.95  
 446 G	 52.41  
 447 E	 48.92  
 448 P	 35.58  
 449 L	 7.28  
 450 Q	 62.69  
 451 G	 36.16  
 452 F	 3.62  
 453 S	 33.52  
 454 K	 49.22  
 455 L	 8.15  
 456 G	 36.11  
 457 G	 37.11  
 458 G	 30.11  
 459 G	 22.61  
 460 L	 5.76  
 461 R	 44.04  
 462 S	 32.70  
 463 P	 38.73  
 464 G	 53.05  
 465 G	 31.20  
 466 G	 28.33  
 467 R	 36.91  
 468 D	 28.30  
 469 C	 1.81  
 470 M	 3.26  
 471 V	 4.20  
 472 C	 0.94  
 473 F	 8.66  
 474 E	 40.64  
 475 S	 19.67  
 476 E	 36.37  
 477 V	 6.50  
 478 T	 11.36  
 479 A	 12.18  
 480 A	 10.34  
 481 L	 4.02  
 482 V	 2.94  
 483 P	 21.15  
 484 C	 7.26  
 485 G	 13.47  
 486 H	 34.24  
 487 N	 21.79  
 488 L	 2.65  
 489 F	 4.53  
 490 C	 2.24  
 491 M	 3.57  
 492 E	 22.10  
 493 C	 1.36  
 494 A	 4.74  
 495 V	 6.83  
 496 R	 14.87  
 497 I	 1.99  
 498 C	 1.71  
 499 E	 57.13  
 500 R	 39.76  
 501 T	 33.34  
 502 D	 43.13  
 503 P	 44.47  
 504 E	 55.02  
 505 C	 3.58  
 506 P	 30.06  
 507 V	 5.84  
 508 C	 0.86  
 509 H	 22.22  
 510 I	 2.07  
 511 T	 10.45  
 512 A	 9.34  
 513 T	 15.19  
 514 Q	 32.12  
 515 A	 6.67  
 516 I	 2.20  
 517 R	 27.24  
 518 I	 3.04  
 519 F	 5.21  
 520 S	 36.62  
