 1 M	 9.72  
 2 E	 56.40  
 3 R	 39.02  
 4 S	 37.43  
 5 G	 39.54  
 6 G	 30.75  
 7 N	 49.84  
 8 G	 39.12  
 9 G	 35.26  
 10 G	 32.73  
 11 G	 34.54  
 12 G	 34.54  
 13 G	 34.54  
 14 G	 34.54  
 15 G	 34.54  
 16 G	 34.54  
 17 G	 34.54  
 18 G	 29.63  
 19 G	 29.44  
 20 G	 22.61  
 21 Y	 22.91  
 22 G	 27.37  
 23 G	 18.03  
 24 S	 29.87  
 25 G	 41.88  
 26 G	 33.02  
 27 G	 34.79  
 28 G	 34.34  
 29 G	 26.50  
 30 G	 23.56  
 31 A	 21.05  
 32 G	 34.83  
 33 V	 4.71  
 34 P	 26.24  
 35 S	 46.38  
 36 E	 46.94  
 37 G	 34.86  
 38 A	 11.27  
 39 A	 19.80  
 40 K	 60.91  
 41 G	 18.77  
 42 L	 3.00  
 43 S	 26.16  
 44 L	 5.66  
 45 L	 3.82  
 46 L	 7.37  
 47 A	 12.06  
 48 K	 50.60  
 49 S	 26.24  
 50 A	 15.11  
 51 E	 52.43  
 52 A	 13.47  
 53 A	 12.20  
 54 S	 35.54  
 55 G	 25.17  
 56 R	 28.68  
 57 A	 18.56  
 58 S	 24.25  
 59 Q	 50.79  
 60 S	 37.57  
 61 T	 18.32  
 62 P	 33.21  
 63 R	 38.95  
 64 S	 30.31  
 65 A	 20.71  
 66 G	 18.89  
 67 M	 4.56  
 68 D	 43.72  
 69 G	 22.39  
 70 F	 7.27  
 71 L	 6.75  
 72 K	 54.31  
 73 S	 47.02  
 74 D	 54.21  
 75 E	 58.78  
 76 R	 31.73  
 77 Q	 42.57  
 78 R	 42.72  
 79 L	 6.38  
 80 A	 17.53  
 81 K	 57.24  
 82 E	 51.90  
 83 R	 51.08  
 84 R	 51.74  
 85 E	 68.57  
 86 E	 65.41  
 87 R	 43.87  
 88 E	 51.94  
 89 K	 40.55  
 90 C	 2.40  
 91 L	 6.55  
 92 A	 17.59  
 93 A	 11.55  
 94 R	 36.33  
 95 E	 41.95  
 96 Q	 30.02  
 97 Q	 37.16  
 98 I	 5.54  
 99 L	 6.13  
 100 E	 55.88  
 101 K	 58.64  
 102 Q	 30.96  
 103 K	 66.45  
 104 R	 34.17  
 105 A	 24.77  
 106 K	 39.91  
 107 L	 6.82  
 108 Q	 43.57  
 109 Y	 35.21  
 110 E	 26.06  
 111 K	 52.20  
 112 Q	 36.06  
 113 I	 9.82  
 114 E	 38.73  
 115 E	 60.20  
 116 R	 26.21  
 117 W	 12.68  
 118 R	 39.64  
 119 K	 53.98  
 120 L	 7.04  
 121 E	 55.93  
 122 E	 62.59  
 123 Q	 37.11  
 124 R	 40.58  
 125 Q	 53.46  
 126 R	 52.20  
 127 E	 57.36  
 128 D	 62.58  
 129 Q	 32.17  
 130 K	 57.22  
 131 R	 23.34  
 132 A	 23.93  
 133 A	 17.18  
 134 V	 10.75  
 135 E	 53.74  
 136 E	 52.11  
 137 K	 51.92  
 138 R	 50.33  
 139 K	 63.95  
 140 Q	 54.79  
 141 K	 53.17  
 142 L	 8.47  
 143 R	 57.21  
 144 E	 78.99  
 145 E	 59.74  
 146 E	 43.60  
 147 E	 66.88  
 148 R	 40.90  
 149 L	 5.79  
 150 E	 40.51  
 151 A	 11.15  
 152 M	 1.24  
 153 M	 4.08  
 154 R	 16.38  
 155 R	 27.91  
 156 S	 24.98  
 157 L	 4.98  
 158 E	 55.73  
 159 R	 43.03  
 160 T	 15.99  
 161 Q	 52.67  
 162 Q	 35.97  
 163 L	 6.31  
 164 E	 54.96  
 165 L	 15.57  
 166 K	 40.59  
 167 K	 72.19  
 168 K	 31.73  
 169 C	 5.88  
 170 S	 28.92  
 171 W	 17.70  
 172 A	 7.72  
 173 G	 28.28  
 174 S	 20.95  
 175 P	 52.67  
 176 G	 34.87  
 177 P	 45.51  
 178 G	 50.08  
 179 G	 27.86  
 180 R	 55.46  
 181 D	 69.37  
 182 G	 38.68  
 183 E	 60.20  
 184 S	 41.50  
 185 E	 61.90  
 186 N	 68.14  
 187 T	 23.41  
 188 P	 39.76  
 189 P	 44.57  
 190 L	 5.97  
 191 P	 29.13  
 192 L	 8.92  
 193 T	 16.65  
 194 L	 6.88  
 195 A	 8.35  
 196 T	 35.92  
 197 S	 33.05  
 198 T	 25.27  
 199 P	 27.50  
 200 P	 42.85  
 201 L	 10.95  
 202 D	 49.19  
 203 T	 44.08  
 204 G	 22.26  
 205 T	 24.06  
 206 T	 18.78  
 207 T	 17.71  
 208 A	 11.55  
 209 A	 15.07  
 210 A	 14.60  
 211 E	 54.06  
 212 S	 23.41  
 213 T	 20.52  
 214 N	 48.10  
 215 A	 11.72  
 216 C	 5.27  
 217 D	 53.15  
 218 K	 44.19  
 219 L	 4.27  
 220 S	 26.50  
 221 T	 38.36  
 222 S	 23.45  
 223 T	 15.35  
 224 M	 4.93  
 225 N	 53.96  
 226 L	 3.78  
 227 P	 23.00  
 228 K	 73.37  
 229 Q	 48.86  
 230 T	 44.55  
 231 E	 50.80  
 232 S	 29.32  
 233 P	 25.49  
 234 M	 13.35  
 235 S	 21.95  
 236 K	 42.17  
 237 H	 24.52  
 238 L	 6.45  
 239 S	 23.20  
 240 S	 36.07  
 241 S	 24.43  
 242 T	 18.86  
 243 V	 4.87  
 244 A	 5.77  
 245 I	 3.27  
 246 S	 15.15  
 247 Y	 20.36  
 248 S	 17.34  
 249 P	 27.20  
 250 D	 42.41  
 251 R	 34.79  
 252 A	 24.53  
 253 L	 7.90  
 254 G	 26.66  
 255 S	 28.10  
 256 P	 41.85  
 257 L	 10.08  
 258 K	 40.51  
 259 S	 46.73  
 260 S	 34.69  
 261 Y	 23.21  
 262 K	 46.54  
 263 S	 33.06  
 264 S	 26.58  
 265 P	 32.75  
 266 T	 42.46  
 267 R	 42.93  
 268 T	 41.61  
 269 T	 42.38  
 270 E	 63.37  
 271 K	 67.94  
 272 K	 45.05  
 273 K	 76.69  
 274 N	 61.03  
 275 T	 30.77  
 276 P	 28.12  
 277 I	 3.74  
 278 S	 17.26  
 279 A	 13.49  
 280 M	 3.89  
 281 G	 22.72  
 282 D	 38.78  
 283 A	 18.83  
 284 G	 33.40  
 285 K	 45.26  
 286 G	 21.48  
 287 A	 6.53  
 288 M	 4.92  
 289 A	 23.46  
 290 G	 28.10  
 291 G	 33.82  
 292 E	 40.64  
 293 P	 32.89  
 294 S	 37.55  
 295 Q	 55.56  
 296 M	 6.66  
 297 E	 42.22  
 298 K	 51.15  
 299 M	 3.27  
 300 K	 64.24  
 301 K	 48.75  
 302 G	 24.63  
 303 R	 24.63  
 304 V	 10.45  
 305 A	 8.42  
 306 T	 18.95  
 307 S	 16.46  
 308 A	 10.99  
 309 A	 14.42  
 310 S	 45.05  
 311 G	 27.65  
 312 G	 21.35  
 313 H	 36.76  
 314 G	 33.94  
 315 S	 18.32  
 316 P	 34.18  
 317 L	 6.05  
 318 R	 44.58  
 319 R	 36.51  
 320 C	 8.12  
 321 E	 63.18  
 322 P	 41.00  
 323 P	 29.60  
 324 E	 77.89  
 325 D	 57.12  
 326 I	 5.08  
 327 S	 24.84  
 328 K	 58.66  
 329 R	 32.77  
 330 L	 7.36  
 331 S	 36.31  
 332 S	 38.00  
 333 P	 33.89  
 334 V	 13.61  
 335 K	 49.79  
 336 S	 29.53  
 337 K	 44.26  
 338 I	 7.30  
 339 T	 28.10  
 340 S	 26.86  
 341 K	 43.35  
 342 T	 39.95  
 343 Y	 11.74  
 344 P	 33.14  
 345 Q	 63.05  
 346 S	 24.70  
 347 P	 32.54  
 348 K	 67.38  
 349 T	 43.21  
 350 A	 23.20  
 351 K	 43.02  
 352 P	 24.66  
 353 T	 30.58  
 354 Y	 20.00  
 355 L	 6.35  
 356 G	 21.35  
 357 S	 24.75  
 358 P	 25.48  
 359 V	 7.15  
 360 K	 37.30  
 361 Y	 15.57  
 362 Y	 12.14  
 363 F	 5.42  
 364 P	 11.85  
 365 P	 28.55  
 366 I	 7.00  
 367 A	 24.13  
 368 N	 48.64  
 369 E	 54.98  
 370 E	 70.93  
 371 T	 33.94  
 372 P	 50.15  
 373 K	 74.46  
 374 K	 59.42  
 375 K	 68.83  
 376 A	 41.81  
 377 E	 71.30  
 378 K	 73.69  
 379 E	 49.07  
 380 K	 72.79  
 381 R	 61.62  
 382 N	 68.83  
 383 K	 74.35  
 384 E	 60.95  
 385 K	 64.16  
 386 E	 62.77  
 387 G	 48.41  
 388 A	 13.22  
 389 P	 52.57  
 390 G	 37.31  
 391 Q	 32.75  
 392 Q	 47.16  
 393 S	 16.76  
 394 T	 23.02  
 395 V	 9.31  
 396 L	 3.16  
 397 P	 36.98  
 398 R	 57.04  
 399 E	 50.42  
 400 E	 63.00  
 401 S	 36.76  
 402 L	 11.56  
 403 E	 48.14  
 404 K	 53.41  
 405 R	 19.02  
 406 M	 9.30  
 407 A	 17.74  
 408 D	 34.85  
 409 K	 27.52  
 410 Y	 21.21  
 411 A	 18.28  
 412 T	 29.89  
 413 E	 33.93  
 414 K	 40.44  
 415 Y	 8.47  
 416 V	 9.11  
 417 A	 19.62  
 418 D	 32.98  
 419 K	 25.96  
 420 H	 38.13  
 421 A	 24.16  
 422 T	 45.33  
 423 E	 49.94  
 424 K	 38.21  
 425 H	 23.98  
 426 S	 47.42  
 427 A	 13.38  
 428 P	 55.90  
 429 G	 50.37  
 430 G	 25.58  
 431 K	 57.42  
 432 A	 24.02  
 433 E	 41.69  
 434 H	 28.01  
 435 S	 30.16  
 436 A	 31.75  
 437 G	 39.22  
 438 K	 38.62  
 439 P	 26.94  
 440 T	 41.00  
 441 A	 23.12  
 442 G	 31.46  
 443 T	 21.02  
 444 T	 23.96  
 445 D	 53.03  
 446 A	 18.68  
 447 G	 28.08  
 448 E	 47.37  
 449 A	 17.09  
 450 A	 8.63  
 451 K	 45.35  
 452 I	 3.65  
 453 L	 5.06  
 454 A	 24.60  
 455 E	 43.58  
 456 K	 47.47  
 457 R	 27.70  
 458 R	 45.65  
 459 Q	 34.56  
 460 A	 16.61  
 461 R	 29.34  
 462 L	 10.79  
 463 Q	 41.51  
 464 K	 66.99  
 465 E	 50.71  
 466 Q	 67.57  
 467 E	 63.84  
 468 E	 58.39  
 469 Q	 40.12  
 470 E	 63.61  
 471 R	 48.09  
 472 L	 12.41  
 473 E	 65.72  
 474 K	 70.26  
 475 E	 53.57  
 476 E	 71.55  
 477 R	 35.11  
 478 E	 65.97  
 479 R	 55.13  
 480 L	 10.64  
 481 E	 65.72  
 482 K	 62.17  
 483 E	 60.22  
 484 E	 71.33  
 485 L	 7.34  
 486 K	 55.95  
 487 R	 56.92  
 488 K	 59.57  
 489 A	 33.20  
 490 E	 64.52  
 491 E	 53.96  
 492 E	 48.82  
 493 R	 32.33  
 494 L	 7.97  
 495 R	 29.10  
 496 I	 5.13  
 497 E	 16.01  
 498 M	 4.61  
 499 A	 8.23  
 500 Y	 14.85  
 501 K	 39.66  
 502 R	 37.85  
 503 E	 59.96  
 504 Q	 72.36  
 505 E	 56.65  
 506 K	 53.61  
 507 K	 59.57  
 508 R	 61.28  
 509 Q	 71.92  
 510 E	 71.99  
 511 E	 64.22  
 512 E	 68.98  
 513 E	 62.53  
 514 K	 63.58  
 515 R	 46.85  
 516 K	 71.82  
 517 A	 33.93  
 518 E	 64.17  
 519 E	 64.27  
 520 K	 57.15  
 521 A	 28.64  
 522 K	 71.47  
 523 E	 63.46  
 524 K	 61.46  
 525 A	 30.44  
 526 E	 64.17  
 527 E	 59.82  
 528 E	 46.66  
 529 L	 8.07  
 530 L	 8.54  
 531 S	 51.93  
 532 K	 69.74  
 533 E	 57.50  
 534 K	 68.44  
 535 Q	 69.00  
 536 E	 74.40  
 537 K	 68.65  
 538 E	 60.25  
 539 K	 70.92  
 540 Q	 59.71  
 541 E	 72.31  
 542 Q	 66.37  
 543 E	 66.40  
 544 K	 66.96  
 545 K	 64.79  
 546 E	 58.05  
 547 K	 52.73  
 548 A	 12.79  
 549 M	 6.35  
 550 I	 7.75  
 551 E	 36.03  
 552 K	 56.60  
 553 Q	 35.71  
 554 K	 61.46  
 555 E	 51.09  
 556 A	 20.03  
 557 A	 20.55  
 558 E	 58.72  
 559 A	 14.04  
 560 K	 37.78  
 561 A	 21.38  
 562 Q	 39.92  
 563 D	 54.04  
 564 A	 12.41  
 565 A	 15.76  
 566 K	 46.47  
 567 Q	 19.94  
 568 M	 5.35  
 569 R	 30.79  
 570 L	 6.46  
 571 E	 43.75  
 572 R	 45.79  
 573 E	 34.77  
 574 Q	 32.39  
 575 I	 2.26  
 576 M	 1.94  
 577 L	 5.05  
 578 Q	 21.57  
 579 I	 5.34  
 580 E	 33.17  
 581 Q	 42.62  
 582 E	 46.58  
 583 R	 41.36  
 584 L	 8.00  
 585 E	 69.54  
 586 R	 55.15  
 587 K	 36.71  
 588 K	 61.89  
 589 R	 44.63  
 590 I	 8.39  
 591 D	 43.32  
 592 E	 42.48  
 593 I	 3.32  
 594 M	 1.95  
 595 K	 57.17  
 596 R	 23.53  
 597 T	 36.61  
 598 R	 40.28  
 599 K	 52.66  
 600 S	 34.81  
 601 D	 43.12  
 602 A	 24.09  
 603 S	 30.01  
 604 L	 10.59  
 605 E	 50.20  
 606 V	 15.10  
 607 K	 40.86  
 608 K	 72.95  
 609 E	 74.05  
 610 D	 58.14  
 611 P	 43.62  
 612 K	 61.74  
 613 V	 12.35  
 614 E	 48.06  
 615 L	 11.81  
 616 Q	 34.64  
 617 P	 55.82  
 618 P	 25.43  
 619 P	 66.03  
 620 D	 67.16  
 621 V	 12.31  
 622 E	 61.46  
 623 N	 48.89  
 624 K	 39.57  
 625 A	 34.05  
 626 N	 46.56  
 627 K	 63.75  
 628 A	 22.61  
 629 K	 39.70  
 630 P	 36.88  
 631 V	 12.62  
 632 V	 6.16  
 633 P	 36.31  
 634 N	 46.45  
 635 K	 35.33  
 636 I	 9.03  
 637 E	 30.07  
 638 I	 5.00  
 639 N	 21.31  
 640 V	 5.53  
 641 L	 3.67  
 642 N	 34.23  
 643 T	 16.50  
 644 C	 3.42  
 645 Q	 47.34  
 646 K	 40.28  
 647 V	 3.02  
 648 S	 43.57  
 649 G	 36.19  
 650 S	 19.19  
 651 E	 50.27  
 652 R	 37.43  
 653 A	 24.26  
 654 A	 14.53  
 655 P	 39.93  
 656 E	 59.35  
 657 T	 39.29  
 658 F	 4.95  
 659 P	 38.05  
 660 Q	 52.84  
 661 D	 44.10  
 662 I	 2.18  
 663 F	 7.81  
 664 S	 23.15  
 665 T	 35.47  
 666 G	 30.42  
 667 L	 6.00  
 668 K	 38.71  
 669 P	 34.72  
 670 V	 15.37  
 671 G	 43.12  
 672 G	 22.69  
 673 P	 12.39  
 674 V	 8.72  
 675 H	 21.32  
 676 L	 5.05  
 677 D	 24.85  
 678 V	 7.08  
 679 L	 7.78  
 680 D	 63.42  
 681 G	 31.00  
 682 K	 46.24  
 683 S	 36.86  
 684 N	 50.51  
 685 S	 40.02  
 686 L	 11.24  
 687 D	 47.86  
 688 D	 63.85  
 689 S	 33.10  
 690 T	 43.10  
 691 E	 61.20  
 692 D	 43.79  
 693 V	 3.55  
 694 Q	 45.41  
 695 S	 19.46  
 696 M	 3.09  
 697 D	 42.88  
 698 V	 5.36  
 699 S	 18.47  
 700 P	 33.96  
 701 V	 11.27  
 702 S	 37.42  
 703 K	 56.28  
 704 E	 50.99  
 705 E	 55.96  
 706 L	 3.79  
 707 I	 3.87  
 708 S	 44.72  
 709 I	 2.76  
 710 P	 29.77  
 711 E	 58.02  
 712 F	 9.32  
 713 S	 23.80  
 714 P	 38.69  
 715 V	 7.98  
 716 S	 25.49  
 717 E	 41.17  
 718 M	 3.31  
 719 I	 2.04  
 720 P	 30.99  
 721 G	 13.85  
 722 M	 2.78  
 723 S	 34.41  
 724 L	 6.11  
 725 D	 32.37  
 726 Q	 56.39  
 727 N	 50.05  
 728 G	 29.39  
 729 T	 34.51  
 730 G	 27.48  
 731 N	 26.54  
 732 A	 10.24  
 733 R	 39.57  
 734 A	 13.73  
 735 L	 3.81  
 736 Q	 34.41  
 737 D	 44.24  
 738 I	 2.28  
 739 L	 6.28  
 740 D	 39.12  
 741 F	 8.35  
 742 T	 48.74  
 743 G	 26.62  
 744 P	 17.62  
 745 P	 48.13  
 746 A	 36.19  
 747 F	 12.90  
 748 P	 45.32  
 749 K	 59.85  
 750 K	 60.49  
 751 S	 49.35  
 752 S	 39.11  
 753 E	 70.09  
 754 N	 36.56  
 755 L	 4.76  
 756 S	 41.14  
 757 L	 7.88  
 758 D	 55.85  
 759 D	 43.09  
 760 C	 8.57  
 761 N	 43.15  
 762 K	 60.50  
 763 N	 32.06  
 764 L	 3.94  
 765 I	 7.32  
 766 E	 61.98  
 767 G	 21.75  
 768 F	 5.47  
 769 N	 59.14  
 770 S	 28.31  
 771 P	 49.98  
 772 G	 37.46  
 773 Q	 48.52  
 774 E	 50.07  
 775 T	 28.79  
 776 T	 19.77  
 777 L	 8.09  
 778 N	 29.08  
 779 T	 29.50  
 780 F	 4.53  
 781 C	 5.26  
