 1 M	 6.11  
 2 F	 10.93  
 3 Q	 42.88  
 4 R	 23.59  
 5 K	 26.38  
 6 V	 6.11  
 7 V	 9.45  
 8 L	 6.03  
 9 P	 28.63  
 10 K	 51.21  
 11 K	 63.71  
 12 R	 41.88  
 13 T	 36.99  
 14 E	 41.19  
 15 M	 2.40  
 16 V	 4.24  
 17 Q	 28.16  
 18 T	 22.49  
 19 R	 22.47  
 20 R	 44.03  
 21 K	 38.94  
 22 T	 21.51  
 23 A	 9.10  
 24 A	 17.25  
 25 A	 9.31  
 26 V	 4.58  
 27 Q	 38.61  
 28 D	 51.39  
 29 G	 14.63  
 30 G	 35.17  
 31 A	 18.10  
 32 V	 10.13  
 33 K	 55.85  
 34 E	 58.32  
 35 N	 43.82  
 36 K	 59.90  
 37 A	 40.96  
 38 K	 53.82  
 39 P	 34.83  
 40 P	 56.73  
 41 A	 19.84  
 42 P	 44.33  
 43 Q	 63.32  
 44 T	 31.69  
 45 P	 30.58  
 46 T	 36.23  
 47 K	 52.11  
 48 R	 48.06  
 49 A	 13.88  
 50 K	 60.46  
 51 R	 45.42  
 52 G	 45.82  
 53 R	 48.67  
 54 P	 37.04  
 55 P	 50.04  
 56 K	 60.56  
 57 I	 7.77  
 58 K	 46.62  
 59 T	 43.76  
 60 D	 32.58  
 61 A	 19.01  
 62 N	 48.16  
 63 T	 24.09  
 64 L	 7.24  
 65 N	 48.15  
 66 T	 23.02  
 67 P	 34.24  
 68 S	 38.59  
 69 T	 37.06  
 70 S	 22.90  
 71 S	 33.98  
 72 N	 43.80  
 73 L	 4.89  
 74 V	 11.93  
 75 D	 50.96  
 76 D	 35.70  
 77 K	 40.50  
 78 L	 8.19  
 79 L	 5.13  
 80 I	 8.74  
 81 E	 48.71  
 82 S	 35.24  
 83 E	 39.36  
 84 S	 48.87  
 85 Q	 44.40  
 86 D	 47.10  
 87 S	 16.32  
 88 I	 8.07  
 89 L	 4.94  
 90 T	 29.37  
 91 N	 38.73  
 92 E	 48.93  
 93 A	 21.59  
 94 D	 33.47  
 95 S	 38.49  
 96 F	 11.99  
 97 L	 12.15  
 98 E	 45.20  
 99 K	 70.02  
 100 E	 45.87  
 101 V	 13.65  
 102 E	 55.11  
 103 E	 57.78  
 104 I	 4.51  
 105 E	 55.94  
 106 D	 60.13  
 107 S	 19.68  
 108 S	 40.78  
 109 D	 50.85  
 110 I	 6.94  
 111 L	 5.57  
 112 P	 40.98  
 113 D	 62.11  
 114 K	 41.68  
 115 I	 8.88  
 116 N	 58.20  
 117 S	 37.60  
 118 P	 49.49  
 119 E	 76.92  
 120 K	 46.07  
 121 P	 28.18  
 122 S	 38.87  
 123 V	 10.92  
 124 L	 4.39  
 125 V	 4.20  
 126 K	 37.62  
 127 R	 35.91  
 128 R	 29.28  
 129 S	 39.84  
 130 S	 18.74  
 131 T	 41.07  
 132 R	 34.16  
 133 L	 8.29  
 134 K	 38.09  
 135 V	 10.78  
 136 K	 48.98  
 137 T	 47.83  
 138 D	 56.48  
 139 E	 73.61  
 140 D	 71.68  
 141 E	 49.46  
 142 K	 76.09  
 143 D	 48.15  
 144 V	 9.38  
 145 P	 24.46  
 146 V	 13.00  
 147 N	 20.73  
 148 I	 4.60  
 149 E	 21.15  
 150 V	 3.85  
 151 A	 6.33  
 152 V	 9.26  
 153 L	 5.19  
 154 E	 57.70  
 155 E	 48.20  
 156 K	 43.41  
 157 S	 24.01  
 158 I	 7.67  
 159 Q	 40.87  
 160 I	 6.98  
 161 E	 26.59  
 162 P	 39.54  
 163 T	 34.25  
 164 S	 30.70  
 165 P	 36.75  
 166 A	 30.54  
 167 H	 29.66  
 168 P	 50.20  
 169 E	 72.89  
 170 D	 52.14  
 171 P	 46.44  
 172 Q	 57.82  
 173 P	 44.99  
 174 S	 35.36  
 175 T	 29.08  
 176 S	 33.93  
 177 S	 33.81  
 178 L	 3.68  
 179 P	 35.99  
 180 L	 9.16  
 181 V	 8.53  
 182 E	 48.52  
 183 P	 27.99  
 184 I	 4.74  
 185 E	 53.02  
 186 D	 51.45  
 187 I	 2.16  
 188 V	 18.10  
 189 E	 42.62  
 190 P	 39.32  
 191 N	 55.14  
 192 E	 61.75  
 193 P	 44.19  
 194 T	 29.18  
 195 S	 33.95  
 196 S	 38.89  
 197 A	 32.85  
 198 D	 50.40  
 199 P	 30.80  
 200 P	 42.59  
 201 V	 9.23  
 202 S	 38.31  
 203 N	 45.63  
 204 I	 4.66  
 205 K	 60.35  
 206 D	 55.81  
 207 E	 57.54  
 208 D	 68.35  
 209 I	 5.94  
 210 K	 71.97  
 211 E	 68.85  
 212 E	 60.97  
 213 E	 46.64  
 214 P	 42.54  
 215 L	 11.52  
 216 I	 8.68  
 217 K	 61.46  
 218 K	 38.53  
 219 P	 31.81  
 220 A	 38.19  
 221 S	 50.90  
 222 D	 66.60  
 223 E	 54.64  
 224 S	 39.71  
 225 E	 48.30  
 226 S	 30.91  
 227 M	 3.66  
 228 D	 46.24  
 229 I	 2.68  
 230 A	 14.83  
 231 N	 46.79  
 232 S	 24.90  
 233 E	 63.57  
 234 S	 42.59  
 235 G	 37.60  
 236 N	 55.69  
 237 D	 58.30  
 238 S	 43.31  
 239 D	 60.07  
 240 S	 33.75  
 241 S	 41.62  
 242 E	 62.13  
 243 A	 33.77  
 244 D	 29.21  
 245 P	 42.22  
 246 R	 45.92  
 247 T	 42.50  
 248 I	 2.58  
 249 P	 28.80  
 250 S	 27.98  
 251 F	 6.87  
 252 S	 27.86  
 253 I	 3.70  
 254 P	 36.32  
 255 L	 5.97  
 256 P	 37.77  
 257 D	 78.50  
 258 T	 35.44  
 259 P	 50.13  
 260 P	 38.26  
 261 P	 50.18  
 262 N	 56.11  
 263 F	 11.92  
 264 A	 13.79  
 265 K	 57.72  
 266 R	 44.54  
 267 G	 37.19  
 268 E	 33.67  
 269 I	 4.23  
 270 H	 12.86  
 271 V	 10.62  
 272 D	 24.90  
 273 V	 9.03  
 274 D	 49.63  
 275 Q	 46.83  
 276 K	 59.74  
 277 N	 49.13  
 278 S	 38.82  
 279 K	 58.85  
 280 Q	 57.39  
 281 S	 48.54  
 282 G	 35.76  
 283 E	 51.34  
 284 S	 39.21  
 285 Q	 49.57  
 286 S	 41.06  
 287 P	 29.34  
 288 W	 16.98  
 289 E	 39.59  
 290 R	 34.77  
 291 A	 16.69  
 292 R	 59.08  
 293 E	 50.83  
 294 K	 45.85  
 295 S	 31.98  
 296 A	 25.13  
 297 S	 46.18  
 298 N	 41.05  
 299 P	 30.99  
 300 L	 10.41  
 301 S	 35.21  
 302 S	 31.88  
 303 P	 28.83  
 304 T	 29.71  
 305 M	 3.48  
 306 S	 41.43  
 307 R	 17.44  
 308 P	 32.07  
 309 R	 33.63  
 310 I	 2.74  
 311 H	 22.09  
 312 F	 6.62  
 313 L	 2.68  
 314 H	 12.19  
 315 P	 34.51  
 316 A	 12.30  
 317 Y	 14.78  
 318 Q	 33.89  
 319 S	 22.74  
 320 F	 4.34  
 321 T	 43.28  
 322 N	 37.23  
 323 D	 47.56  
 324 S	 26.94  
 325 V	 8.34  
 326 S	 25.35  
 327 P	 46.89  
 328 L	 8.50  
 329 P	 42.61  
 330 P	 62.81  
 331 P	 55.96  
 332 P	 52.22  
 333 P	 67.01  
 334 E	 60.92  
 335 P	 49.68  
 336 A	 14.55  
 337 P	 42.43  
 338 A	 34.08  
 339 R	 43.12  
 340 E	 64.66  
 341 K	 49.66  
 342 V	 6.22  
 343 E	 62.31  
 344 N	 64.80  
 345 G	 29.92  
 346 G	 28.15  
 347 P	 29.66  
 348 T	 48.41  
 349 T	 25.13  
 350 F	 5.83  
 351 K	 34.63  
 352 M	 4.68  
 353 T	 32.66  
 354 F	 7.36  
 355 K	 32.13  
 356 K	 48.84  
 357 A	 13.31  
 358 A	 24.30  
 359 N	 45.49  
 360 I	 1.60  
 361 P	 26.18  
 362 I	 5.66  
 363 L	 4.09  
 364 K	 40.95  
 365 T	 23.11  
 366 S	 29.40  
 367 A	 19.75  
 368 F	 10.05  
 369 E	 62.39  
 370 Q	 36.40  
 371 P	 29.58  
 372 S	 55.99  
 373 S	 48.38  
 374 P	 49.51  
 375 P	 43.27  
 376 P	 50.67  
 377 S	 40.81  
 378 S	 40.30  
 379 S	 30.29  
 380 V	 7.51  
 381 S	 21.95  
 382 S	 29.54  
 383 S	 14.53  
 384 I	 5.33  
 385 S	 27.99  
 386 L	 4.89  
 387 S	 32.48  
 388 E	 51.52  
 389 V	 8.28  
 390 N	 26.62  
 391 S	 39.92  
 392 S	 22.44  
 393 T	 24.79  
 394 S	 20.36  
 395 I	 5.04  
 396 A	 13.65  
 397 S	 36.02  
 398 E	 46.33  
 399 S	 38.84  
 400 S	 25.48  
 401 P	 51.59  
 402 A	 23.11  
 403 K	 57.08  
 404 R	 47.63  
 405 S	 29.00  
 406 S	 45.62  
 407 N	 35.38  
 408 F	 9.83  
 409 D	 47.57  
 410 L	 3.64  
 411 T	 29.86  
 412 A	 20.04  
 413 S	 26.12  
 414 N	 52.97  
 415 E	 61.22  
 416 L	 10.12  
 417 P	 32.14  
 418 P	 44.36  
 419 P	 32.72  
 420 Q	 55.09  
 421 M	 2.89  
 422 V	 6.02  
 423 E	 54.75  
 424 L	 2.85  
 425 P	 23.26  
 426 K	 70.19  
 427 L	 5.22  
 428 S	 33.64  
 429 F	 8.11  
 430 F	 7.42  
 431 N	 39.79  
 432 M	 3.39  
 433 P	 18.14  
 434 P	 32.39  
 435 A	 11.95  
 436 V	 6.48  
 437 R	 32.05  
 438 S	 29.43  
 439 A	 17.42  
 440 E	 64.69  
 441 D	 55.68  
 442 D	 29.78  
 443 S	 32.06  
 444 A	 16.56  
 445 M	 4.99  
 446 T	 32.47  
 447 S	 27.20  
 448 E	 59.64  
 449 E	 37.09  
 450 P	 20.62  
 451 I	 4.84  
 452 L	 5.58  
 453 L	 3.75  
 454 L	 4.58  
 455 R	 50.46  
 456 S	 28.53  
 457 P	 32.15  
 458 N	 45.59  
 459 S	 36.58  
 460 A	 29.77  
 461 T	 27.37  
 462 P	 42.63  
 463 D	 63.17  
 464 D	 44.26  
 465 D	 53.18  
 466 A	 13.75  
 467 L	 4.68  
 468 F	 6.45  
 469 L	 5.61  
 470 T	 29.89  
 471 T	 35.63  
 472 P	 33.88  
 473 P	 56.59  
 474 P	 42.20  
 475 P	 44.84  
 476 K	 65.31  
 477 M	 6.57  
 478 T	 42.35  
 479 E	 42.76  
 480 S	 30.73  
 481 E	 32.65  
 482 I	 3.96  
 483 Q	 36.27  
 484 A	 18.27  
 485 L	 2.35  
 486 K	 32.60  
 487 V	 9.18  
 488 A	 14.41  
 489 T	 39.05  
 490 E	 45.31  
 491 K	 41.97  
 492 V	 5.02  
 493 N	 41.28  
 494 Q	 30.86  
 495 V	 2.89  
 496 I	 1.45  
 497 A	 12.96  
 498 R	 31.25  
 499 R	 42.95  
 500 E	 61.40  
 501 D	 61.35  
 502 S	 41.62  
 503 E	 66.65  
 504 K	 66.53  
 505 D	 38.33  
 506 V	 9.11  
 507 R	 33.02  
 508 H	 37.01  
 509 R	 36.63  
 510 E	 51.80  
 511 D	 60.30  
 512 R	 33.67  
 513 D	 71.75  
 514 D	 48.39  
 515 Y	 18.68  
 516 D	 44.60  
 517 R	 29.33  
 518 R	 43.41  
 519 R	 51.59  
 520 D	 54.18  
 521 D	 53.20  
 522 R	 43.56  
 523 D	 58.29  
 524 R	 39.09  
 525 R	 45.14  
 526 S	 38.74  
 527 R	 44.04  
 528 K	 58.91  
 529 T	 43.58  
 530 D	 52.08  
 531 S	 43.62  
 532 E	 59.31  
 533 R	 56.85  
 534 N	 45.79  
 535 D	 45.86  
 536 Q	 53.96  
 537 R	 45.16  
 538 G	 25.17  
 539 R	 34.27  
 540 Q	 56.81  
 541 R	 48.20  
 542 E	 62.57  
 543 D	 66.32  
 544 D	 46.69  
 545 E	 57.28  
 546 R	 44.55  
 547 R	 35.63  
 548 A	 24.73  
 549 R	 41.51  
 550 E	 58.89  
 551 R	 42.60  
 552 E	 48.73  
 553 R	 50.32  
 554 E	 50.19  
 555 V	 10.81  
 556 T	 20.01  
 557 K	 53.57  
 558 R	 27.81  
 559 H	 39.78  
 560 D	 59.16  
 561 R	 38.45  
 562 E	 71.19  
 563 R	 46.17  
 564 E	 51.93  
 565 E	 35.51  
 566 M	 4.43  
 567 R	 36.93  
 568 L	 7.82  
 569 Q	 35.45  
 570 K	 65.00  
 571 Q	 45.53  
 572 K	 74.31  
 573 D	 61.57  
 574 E	 61.51  
 575 E	 68.84  
 576 R	 54.38  
 577 R	 54.37  
 578 K	 71.45  
 579 K	 69.43  
 580 D	 72.13  
 581 E	 71.31  
 582 E	 63.81  
 583 E	 53.70  
 584 R	 39.66  
 585 I	 8.52  
 586 Q	 53.91  
 587 K	 56.99  
 588 E	 54.24  
 589 N	 70.54  
 590 D	 70.90  
 591 E	 73.97  
 592 K	 64.47  
 593 K	 65.63  
 594 Q	 66.49  
 595 K	 75.83  
 596 E	 59.60  
 597 D	 69.09  
 598 E	 51.81  
 599 A	 28.90  
 600 K	 44.81  
 601 M	 11.47  
 602 E	 63.40  
 603 E	 72.17  
 604 E	 57.79  
 605 K	 63.75  
 606 K	 64.11  
 607 K	 70.81  
 608 I	 10.49  
 609 K	 68.87  
 610 E	 63.76  
 611 E	 59.39  
 612 E	 47.03  
 613 M	 5.58  
 614 K	 59.39  
 615 I	 3.69  
 616 P	 34.40  
 617 E	 56.05  
 618 F	 8.53  
 619 E	 43.46  
 620 L	 6.74  
 621 I	 3.19  
 622 S	 48.74  
 623 E	 44.23  
 624 S	 21.58  
 625 K	 39.98  
 626 Y	 23.68  
 627 L	 4.10  
 628 T	 20.84  
 629 R	 37.35  
 630 N	 42.50  
 631 A	 26.40  
 632 N	 61.29  
 633 K	 53.92  
 634 K	 65.81  
 635 K	 60.17  
 636 T	 39.42  
 637 E	 53.26  
 638 S	 33.92  
 639 L	 5.31  
 640 T	 18.61  
 641 C	 6.78  
 642 E	 28.29  
 643 C	 2.61  
 644 H	 14.19  
 645 R	 46.88  
 646 T	 26.27  
 647 G	 25.85  
 648 G	 31.21  
 649 N	 24.38  
 650 C	 6.47  
 651 S	 37.58  
 652 D	 57.57  
 653 N	 21.05  
 654 T	 23.87  
 655 C	 2.98  
 656 V	 5.24  
 657 N	 28.30  
 658 R	 10.85  
 659 A	 7.67  
 660 M	 4.26  
 661 L	 3.39  
 662 T	 23.58  
 663 E	 40.23  
 664 C	 3.14  
 665 P	 24.05  
 666 S	 56.24  
 667 S	 8.16  
 668 C	 6.73  
 669 Q	 39.39  
 670 V	 10.36  
 671 K	 17.39  
 672 C	 5.41  
 673 K	 50.85  
 674 N	 47.97  
 675 Q	 27.62  
 676 R	 42.77  
 677 F	 9.35  
 678 A	 25.58  
 679 K	 47.27  
 680 K	 47.81  
 681 K	 39.14  
 682 Y	 14.52  
 683 A	 17.57  
 684 A	 9.15  
 685 V	 4.08  
 686 E	 40.67  
 687 A	 8.57  
 688 F	 3.16  
 689 H	 30.36  
 690 T	 29.76  
 691 G	 18.33  
 692 T	 26.76  
 693 A	 13.95  
 694 K	 55.35  
 695 G	 14.30  
 696 C	 4.59  
 697 G	 27.20  
 698 L	 3.55  
 699 R	 23.71  
 700 A	 20.11  
 701 V	 4.65  
 702 K	 53.39  
 703 D	 51.87  
 704 I	 4.04  
 705 K	 60.35  
 706 K	 56.50  
 707 G	 25.40  
 708 R	 28.59  
 709 F	 10.07  
 710 I	 1.94  
 711 I	 2.78  
 712 E	 26.70  
 713 Y	 12.10  
 714 I	 2.17  
 715 G	 22.27  
 716 E	 33.56  
 717 V	 4.58  
 718 V	 4.31  
 719 E	 56.41  
 720 R	 30.41  
 721 D	 49.71  
 722 D	 60.76  
 723 Y	 27.86  
 724 E	 54.07  
 725 K	 53.63  
 726 R	 39.68  
 727 K	 61.51  
 728 T	 33.06  
 729 K	 35.61  
 730 Y	 16.56  
 731 A	 15.67  
 732 A	 26.51  
 733 D	 52.98  
 734 K	 52.64  
 735 K	 59.44  
 736 H	 40.18  
 737 K	 40.74  
 738 H	 17.97  
 739 H	 23.28  
 740 Y	 14.56  
 741 L	 1.53  
 742 C	 3.29  
 743 D	 43.85  
 744 T	 27.79  
 745 G	 9.36  
 746 V	 4.07  
 747 Y	 10.18  
 748 T	 15.24  
 749 I	 1.53  
 750 D	 28.52  
 751 A	 8.63  
 752 T	 15.54  
 753 V	 6.54  
 754 Y	 13.56  
 755 G	 34.92  
 756 N	 17.43  
 757 P	 23.63  
 758 S	 42.21  
 759 R	 40.57  
 760 F	 8.28  
 761 V	 6.48  
 762 N	 20.74  
 763 H	 25.22  
 764 S	 18.27  
 765 C	 8.62  
 766 D	 42.37  
 767 P	 36.16  
 768 N	 28.78  
 769 A	 17.13  
 770 I	 3.86  
 771 C	 4.01  
 772 E	 51.99  
 773 K	 40.12  
 774 W	 5.14  
 775 S	 33.06  
 776 V	 3.46  
 777 P	 28.98  
 778 R	 51.93  
 779 T	 26.08  
 780 P	 37.96  
 781 G	 51.38  
 782 D	 35.40  
 783 V	 6.46  
 784 N	 37.35  
 785 R	 29.77  
 786 V	 7.08  
 787 G	 18.04  
 788 F	 5.97  
 789 F	 7.47  
 790 S	 22.21  
 791 K	 46.28  
 792 R	 37.01  
 793 F	 8.47  
 794 I	 3.29  
 795 K	 47.85  
 796 A	 26.30  
 797 G	 28.24  
 798 E	 51.60  
 799 E	 46.54  
 800 I	 3.96  
 801 T	 17.46  
 802 F	 11.49  
 803 D	 27.89  
 804 Y	 10.31  
 805 Q	 37.34  
 806 F	 2.91  
 807 V	 2.96  
 808 N	 34.53  
 809 Y	 14.29  
 810 G	 18.78  
 811 R	 26.23  
 812 D	 44.35  
 813 A	 10.45  
 814 Q	 44.88  
 815 Q	 24.79  
 816 C	 1.71  
 817 F	 4.61  
 818 C	 5.75  
 819 G	 13.14  
 820 S	 20.42  
 821 A	 10.39  
 822 S	 15.54  
 823 C	 4.33  
 824 S	 34.37  
 825 G	 25.09  
 826 W	 3.84  
 827 I	 4.83  
 828 G	 23.97  
 829 Q	 49.34  
 830 K	 49.54  
 831 P	 38.16  
 832 E	 77.90  
 833 E	 60.40  
 834 F	 8.92  
 835 S	 39.91  
 836 S	 50.79  
 837 D	 63.25  
 838 E	 66.35  
 839 D	 64.97  
 840 D	 45.55  
 841 D	 49.97  
 842 I	 3.69  
 843 V	 6.02  
 844 T	 20.60  
 845 T	 14.89  
 846 R	 21.23  
 847 H	 17.43  
 848 I	 4.04  
 849 N	 26.23  
 850 M	 7.30  
 851 D	 56.52  
 852 E	 57.44  
 853 E	 67.46  
 854 E	 70.21  
 855 E	 64.81  
 856 E	 67.24  
 857 K	 55.93  
 858 L	 7.74  
 859 E	 69.63  
 860 G	 47.01  
 861 L	 2.47  
 862 D	 45.91  
 863 H	 40.45  
 864 L	 7.99  
 865 G	 29.99  
 866 N	 39.96  
 867 H	 33.33  
 868 E	 62.29  
 869 R	 36.74  
 870 N	 44.92  
 871 E	 52.41  
 872 V	 8.23  
 873 I	 2.27  
 874 K	 42.11  
 875 D	 31.58  
 876 M	 3.62  
 877 L	 7.13  
 878 D	 40.33  
 879 D	 38.58  
 880 L	 3.26  
 881 V	 5.06  
 882 I	 5.37  
 883 R	 41.24  
 884 N	 46.75  
 885 K	 35.77  
 886 K	 46.15  
 887 H	 32.16  
 888 A	 23.13  
 889 R	 33.23  
 890 K	 38.48  
 891 V	 3.78  
 892 I	 2.30  
 893 T	 17.30  
 894 I	 1.64  
 895 A	 5.21  
 896 S	 18.09  
 897 A	 8.89  
 898 M	 2.44  
 899 T	 31.35  
 900 D	 28.18  
 901 Y	 9.50  
 902 S	 17.83  
 903 Q	 43.09  
 904 R	 22.21  
 905 V	 5.52  
 906 D	 33.71  
 907 V	 4.44  
 908 I	 2.35  
 909 Q	 37.27  
 910 E	 34.57  
 911 I	 2.02  
 912 F	 5.87  
 913 S	 32.72  
 914 S	 33.87  
 915 D	 41.63  
 916 T	 27.35  
 917 S	 22.30  
 918 V	 7.07  
 919 T	 19.58  
 920 V	 5.66  
 921 Q	 22.30  
 922 K	 35.69  
 923 F	 3.92  
 924 Y	 24.65  
 925 A	 13.42  
 926 K	 43.34  
 927 E	 46.13  
 928 G	 15.43  
 929 M	 2.43  
 930 A	 14.40  
 931 T	 14.26  
 932 L	 1.91  
 933 M	 2.49  
 934 A	 14.13  
 935 E	 34.68  
 936 W	 8.82  
 937 L	 2.79  
 938 S	 39.80  
 939 E	 53.37  
 940 D	 57.69  
 941 D	 30.76  
 942 Y	 24.37  
 943 S	 35.92  
 944 L	 4.05  
 945 D	 53.10  
 946 N	 44.35  
 947 L	 4.53  
 948 K	 53.52  
 949 L	 3.78  
 950 V	 3.27  
 951 Q	 32.87  
 952 A	 11.12  
 953 I	 1.96  
 954 L	 2.73  
 955 K	 42.67  
 956 A	 10.92  
 957 L	 4.99  
 958 H	 23.35  
 959 T	 34.92  
 960 E	 36.37  
 961 L	 6.42  
 962 F	 5.45  
 963 D	 56.27  
 964 S	 14.51  
 965 C	 7.23  
 966 A	 20.03  
 967 K	 64.80  
 968 N	 22.55  
 969 D	 41.73  
 970 R	 45.04  
 971 L	 5.26  
 972 L	 6.27  
 973 R	 40.19  
 974 D	 57.12  
 975 S	 23.11  
 976 T	 26.97  
 977 S	 28.26  
 978 R	 41.26  
 979 W	 6.36  
 980 V	 4.92  
 981 N	 27.21  
 982 A	 10.03  
 983 K	 41.50  
 984 M	 4.38  
 985 D	 43.28  
 986 E	 43.91  
 987 Y	 10.12  
 988 V	 5.00  
 989 D	 25.38  
 990 I	 2.22  
 991 Q	 18.99  
 992 V	 3.88  
 993 I	 1.70  
 994 A	 11.07  
 995 D	 32.62  
 996 S	 16.80  
 997 L	 2.72  
 998 I	 3.02  
 999 A	 9.15  
 1000 C	 2.46  
 1001 V	 7.45  
 1002 E	 57.38  
 1003 D	 28.42  
 1004 P	 19.04  
 1005 V	 11.90  
 1006 Q	 54.40  
 1007 E	 55.58  
 1008 Y	 8.73  
 1009 K	 42.82  
 1010 D	 50.58  
 1011 V	 2.73  
 1012 C	 4.12  
 1013 K	 46.20  
 1014 V	 6.05  
 1015 I	 2.50  
 1016 E	 44.02  
 1017 K	 46.55  
 1018 G	 23.36  
 1019 L	 6.90  
 1020 V	 8.45  
 1021 E	 52.23  
 1022 N	 35.79  
 1023 F	 2.87  
 1024 T	 41.10  
 1025 R	 39.25  
 1026 A	 14.76  
 1027 K	 44.74  
 1028 E	 28.23  
 1029 M	 3.80  
 1030 A	 6.33  
 1031 Y	 17.83  
 1032 R	 20.02  
 1033 L	 2.82  
 1034 N	 24.73  
 1035 Q	 41.23  
 1036 Y	 15.76  
 1037 W	 3.69  
 1038 F	 4.66  
 1039 N	 22.59  
 1040 R	 29.03  
 1041 S	 24.18  
 1042 V	 7.62  
 1043 S	 23.28  
 1044 F	 8.56  
 1045 K	 51.06  
 1046 I	 5.95  
 1047 P	 32.26  
 1048 K	 65.39  
 1049 K	 37.30  
 1050 I	 8.24  
 1051 R	 51.57  
 1052 D	 52.61  
 1053 P	 34.17  
 1054 V	 12.32  
 1055 P	 32.30  
 1056 K	 72.15  
 1057 D	 43.83  
 1058 V	 6.19  
 1059 P	 26.21  
 1060 V	 11.23  
 1061 R	 28.27  
 1062 Q	 53.83  
 1063 E	 38.76  
 1064 D	 40.66  
 1065 A	 16.42  
 1066 T	 39.26  
 1067 T	 28.27  
 1068 S	 23.25  
 1069 S	 33.34  
 1070 Q	 44.55  
 1071 S	 34.45  
 1072 H	 30.54  
 1073 D	 63.05  
 1074 N	 36.14  
 1075 S	 27.53  
 1076 S	 37.92  
 1077 R	 38.68  
 1078 T	 27.55  
 1079 V	 9.71  
 1080 S	 21.26  
 1081 P	 35.99  
 1082 N	 37.00  
 1083 H	 33.56  
 1084 R	 35.53  
 1085 H	 20.03  
 1086 H	 29.36  
 1087 S	 18.17  
 1088 S	 29.01  
 1089 S	 35.28  
 1090 Y	 17.51  
 1091 S	 24.98  
 1092 N	 28.06  
 1093 S	 14.30  
 1094 C	 4.81  
 1095 Y	 17.15  
 1096 Q	 47.82  
 1097 E	 32.32  
 1098 R	 45.67  
 1099 E	 50.86  
 1100 P	 37.11  
 1101 S	 27.13  
 1102 H	 26.42  
 1103 I	 4.88  
 1104 R	 25.36  
 1105 F	 8.32  
 1106 F	 5.08  
 1107 N	 53.43  
 1108 N	 45.55  
 1109 G	 32.59  
 1110 N	 50.70  
 1111 D	 40.45  
 1112 V	 3.34  
 1113 H	 23.09  
 1114 Q	 30.83  
 1115 Y	 7.95  
 1116 R	 19.70  
 1117 F	 8.29  
 1118 G	 27.10  
 1119 G	 14.46  
 1120 Y	 13.61  
 1121 H	 35.46  
 1122 G	 18.65  
 1123 N	 34.20  
 1124 N	 41.39  
 1125 Y	 28.08  
 1126 N	 32.92  
 1127 D	 40.63  
 1128 N	 35.79  
 1129 Y	 13.04  
 1130 F	 6.01  
 1131 S	 19.61  
 1132 R	 48.45  
 1133 R	 37.63  
 1134 P	 51.63  
 1135 N	 59.98  
 1136 K	 51.22  
 1137 D	 58.50  
 1138 S	 24.55  
 1139 Y	 27.02  
 1140 R	 34.61  
 1141 D	 39.96  
 1142 R	 23.75  
 1143 R	 52.40  
 1144 R	 30.21  
 1145 F	 12.32  
 1146 N	 41.05  
 1147 G	 24.54  
 1148 R	 34.21  
 1149 R	 37.51  
 1150 S	 32.99  
 1151 R	 33.99  
 1152 S	 35.54  
 1153 R	 34.67  
 1154 S	 30.10  
 1155 R	 39.71  
 1156 S	 28.35  
 1157 V	 10.59  
 1158 S	 23.24  
 1159 P	 25.04  
 1160 Q	 59.38  
 1161 N	 47.91  
 1162 Y	 10.71  
 1163 K	 53.96  
 1164 R	 30.52  
 1165 R	 39.47  
 1166 K	 65.41  
 1167 L	 9.91  
 1168 D	 54.97  
 1169 E	 64.67  
 1170 H	 42.64  
 1171 D	 56.42  
 1172 N	 48.38  
 1173 N	 37.46  
 1174 H	 33.24  
 1175 R	 35.41  
 1176 Q	 42.53  
 1177 R	 44.34  
 1178 S	 19.15  
 1179 P	 28.02  
 1180 I	 8.25  
 1181 R	 37.99  
 1182 D	 47.64  
 1183 R	 25.74  
 1184 H	 34.68  
 1185 T	 37.19  
 1186 S	 18.54  
 1187 P	 56.83  
 1188 G	 57.57  
 1189 G	 36.29  
 1190 E	 60.72  
 1191 K	 69.85  
 1192 T	 24.89  
 1193 P	 46.99  
 1194 S	 51.43  
 1195 S	 41.03  
 1196 N	 51.53  
 1197 N	 54.03  
 1198 S	 46.40  
 1199 G	 39.75  
 1200 E	 37.26  
 1201 R	 56.13  
 1202 N	 42.23  
 1203 Y	 12.05  
 1204 K	 50.46  
 1205 R	 27.51  
 1206 L	 5.85  
 1207 D	 32.35  
 1208 I	 5.32  
 1209 R	 32.17  
 1210 G	 21.38  
 1211 A	 10.52  
 1212 R	 33.49  
 1213 I	 4.59  
 1214 K	 38.35  
 1215 T	 34.60  
 1216 I	 3.80  
 1217 K	 50.86  
 1218 E	 65.07  
 1219 D	 44.82  
 1220 L	 5.17  
 1221 E	 48.89  
 1222 A	 15.08  
 1223 A	 6.56  
 1224 A	 12.51  
 1225 A	 7.91  
 1226 A	 7.91  
 1227 A	 7.91  
 1228 A	 7.91  
 1229 A	 7.39  
 1230 A	 12.31  
 1231 A	 14.72  
 1232 V	 4.61  
 1233 P	 21.75  
 1234 S	 43.74  
 1235 E	 32.36  
 1236 V	 4.65  
 1237 Q	 31.00  
 1238 A	 25.63  
 1239 Y	 6.50  
 1240 P	 29.43  
 1241 H	 27.13  
 1242 E	 38.13  
 1243 H	 18.98  
 1244 T	 27.65  
 1245 A	 9.94  
 1246 V	 4.42  
 1247 H	 16.25  
 1248 Q	 28.17  
 1249 S	 14.12  
 1250 V	 2.87  
 1251 Y	 12.35  
 1252 Q	 29.46  
 1253 M	 1.20  
 1254 P	 27.04  
 1255 G	 33.23  
 1256 Y	 8.88  
 1257 E	 43.32  
 1258 S	 20.78  
 1259 Y	 9.93  
 1260 G	 22.31  
 1261 V	 3.58  
 1262 Y	 15.34  
 1263 D	 37.96  
 1264 P	 12.09  
 1265 V	 9.95  
 1266 N	 39.33  
 1267 G	 16.50  
 1268 V	 1.78  
 1269 Y	 7.73  
 1270 M	 3.79  
 1271 Y	 4.82  
 1272 P	 15.63  
 1273 H	 18.88  
 1274 P	 29.80  
 1275 G	 28.71  
 1276 A	 13.78  
 1277 G	 28.55  
 1278 Y	 16.56  
 1279 Y	 11.21  
 1280 P	 9.88  
 1281 P	 28.45  
 1282 A	 24.92  
 1283 Y	 13.83  
 1284 P	 28.56  
 1285 Q	 49.35  
 1286 Q	 25.61  
 1287 P	 14.54  
 1288 I	 2.84  
 1289 M	 3.03  
 1290 L	 3.57  
 1291 T	 8.81  
 1292 M	 3.05  
 1293 D	 39.60  
 1294 T	 30.27  
 1295 L	 6.06  
 1296 P	 27.95  
 1297 P	 59.47  
 1298 N	 45.13  
 1299 D	 53.61  
 1300 R	 51.76  
 1301 L	 7.53  
 1302 G	 24.61  
 1303 E	 53.42  
 1304 L	 6.76  
 1305 Y	 15.87  
 1306 E	 55.56  
 1307 K	 33.60  
 1308 A	 12.10  
 1309 S	 37.41  
 1310 I	 4.71  
 1311 E	 36.73  
 1312 Q	 40.19  
 1313 L	 2.58  
 1314 A	 11.32  
 1315 Q	 52.99  
 1316 R	 29.71  
 1317 D	 28.68  
 1318 A	 12.36  
 1319 I	 2.84  
 1320 V	 5.76  
 1321 R	 20.38  
 1322 Q	 49.05  
 1323 E	 33.38  
 1324 L	 4.99  
 1325 E	 41.20  
 1326 L	 5.08  
 1327 I	 2.38  
 1328 R	 27.64  
 1329 I	 3.71  
 1330 Q	 22.95  
 1331 I	 5.27  
 1332 E	 31.58  
 1333 R	 43.16  
 1334 K	 35.11  
 1335 T	 40.31  
 1336 A	 22.83  
 1337 Q	 49.72  
 1338 K	 46.80  
 1339 E	 43.47  
 1340 A	 18.67  
 1341 I	 3.06  
 1342 K	 36.66  
 1343 A	 12.99  
 1344 A	 5.16  
 1345 C	 3.46  
 1346 R	 35.70  
 1347 R	 41.47  
 1348 A	 14.40  
 1349 N	 56.24  
 1350 E	 57.12  
 1351 E	 64.16  
 1352 E	 54.00  
 1353 A	 18.66  
 1354 K	 58.87  
 1355 R	 46.77  
 1356 Q	 39.34  
 1357 E	 50.08  
 1358 A	 12.41  
 1359 L	 5.03  
 1360 A	 25.23  
 1361 K	 46.53  
 1362 T	 23.23  
 1363 K	 36.78  
 1364 Y	 13.37  
 1365 V	 2.72  
 1366 W	 4.46  
 1367 A	 5.04  
 1368 I	 2.66  
 1369 A	 11.11  
 1370 K	 42.59  
 1371 S	 24.53  
 1372 E	 61.05  
 1373 A	 28.36  
 1374 G	 24.59  
 1375 E	 40.46  
 1376 T	 18.86  
 1377 Y	 10.31  
 1378 Y	 14.16  
 1379 Y	 10.28  
 1380 N	 17.09  
 1381 K	 35.31  
 1382 I	 6.23  
 1383 T	 25.16  
 1384 K	 63.34  
 1385 E	 37.27  
 1386 T	 30.84  
 1387 Q	 36.29  
 1388 W	 11.27  
 1389 T	 16.97  
 1390 A	 11.74  
 1391 P	 29.84  
 1392 T	 33.36  
 1393 P	 18.51  
 1394 V	 8.52  
 1395 Q	 37.71  
 1396 G	 32.25  
 1397 L	 2.47  
 1398 L	 10.68  
 1399 E	 35.57  
 1400 P	 32.59  
 1401 A	 8.59  
 1402 C	 7.37  
 1403 G	 31.06  
 1404 A	 20.13  
 1405 S	 14.48  
 1406 P	 42.29  
 1407 D	 53.14  
 1408 T	 25.52  
 1409 T	 21.84  
 1410 V	 2.96  
 1411 V	 2.54  
 1412 I	 3.30  
 1413 A	 9.22  
 1414 D	 36.39  
 1415 E	 42.67  
 1416 I	 6.38  
 1417 T	 34.98  
 1418 E	 66.26  
 1419 E	 53.08  
 1420 E	 41.58  
 1421 Q	 51.57  
 1422 Q	 42.65  
 1423 A	 14.46  
 1424 E	 43.21  
 1425 V	 10.56  
 1426 L	 5.43  
 1427 E	 67.21  
 1428 K	 33.68  
 1429 P	 25.56  
 1430 R	 57.86  
 1431 V	 11.07  
 1432 V	 7.34  
 1433 K	 45.35  
 1434 E	 45.98  
 1435 E	 42.98  
 1436 V	 6.69  
 1437 I	 6.30  
 1438 E	 49.11  
 1439 P	 36.29  
 1440 G	 26.06  
 1441 S	 41.05  
 1442 Q	 51.72  
 1443 S	 44.29  
 1444 E	 47.85  
 1445 T	 50.63  
 1446 Q	 43.39  
 1447 K	 68.52  
 1448 E	 62.80  
 1449 S	 45.45  
 1450 P	 46.66  
 1451 E	 73.74  
 1452 K	 38.43  
 1453 V	 5.53  
 1454 R	 26.95  
 1455 V	 5.95  
 1456 V	 4.23  
 1457 V	 3.30  
 1458 P	 24.30  
 1459 K	 39.14  
 1460 V	 9.02  
 1461 E	 44.80  
 1462 V	 9.19  
 1463 E	 33.66  
 1464 R	 60.07  
 1465 S	 19.07  
 1466 P	 61.95  
 1467 S	 46.32  
 1468 P	 43.88  
 1469 K	 66.46  
 1470 S	 33.71  
 1471 S	 44.31  
 1472 R	 54.84  
 1473 D	 66.11  
 1474 R	 52.32  
 1475 E	 64.69  
 1476 K	 64.08  
 1477 D	 60.25  
 1478 R	 65.40  
 1479 E	 66.57  
 1480 K	 56.56  
 1481 S	 40.70  
 1482 R	 67.08  
 1483 E	 67.41  
 1484 K	 62.06  
 1485 D	 53.58  
 1486 R	 52.50  
 1487 E	 69.90  
 1488 R	 45.20  
 1489 D	 52.67  
 1490 R	 45.62  
 1491 D	 59.27  
 1492 R	 39.17  
 1493 R	 57.84  
 1494 E	 69.57  
 1495 G	 39.93  
 1496 S	 22.12  
 1497 K	 54.22  
 1498 H	 40.24  
 1499 R	 38.00  
 1500 D	 53.95  
 1501 S	 20.98  
 1502 Y	 18.99  
 1503 H	 29.54  
 1504 G	 17.14  
 1505 H	 13.51  
 1506 R	 54.52  
 1507 N	 49.37  
 1508 G	 28.94  
 1509 S	 24.00  
 1510 S	 35.84  
 1511 S	 31.21  
 1512 V	 8.12  
 1513 S	 27.60  
 1514 E	 41.99  
 1515 R	 30.13  
 1516 R	 25.18  
 1517 M	 6.36  
 1518 R	 44.37  
 1519 E	 50.10  
 1520 F	 7.45  
 1521 K	 31.27  
 1522 H	 50.63  
 1523 E	 53.57  
 1524 L	 7.10  
 1525 E	 41.42  
 1526 R	 56.82  
 1527 S	 20.85  
 1528 T	 34.56  
 1529 R	 24.70  
 1530 S	 31.07  
 1531 A	 9.46  
 1532 V	 6.35  
 1533 R	 18.77  
 1534 S	 30.64  
 1535 R	 28.01  
 1536 L	 5.86  
 1537 Q	 29.56  
 1538 H	 29.27  
 1539 Q	 31.80  
 1540 R	 39.06  
 1541 D	 44.20  
 1542 A	 17.08  
 1543 S	 43.27  
 1544 S	 44.86  
 1545 D	 50.23  
 1546 K	 50.21  
 1547 T	 28.35  
 1548 T	 24.82  
 1549 W	 11.00  
 1550 L	 2.02  
 1551 I	 2.29  
 1552 K	 27.02  
 1553 L	 3.09  
 1554 I	 2.30  
 1555 Y	 16.78  
 1556 R	 24.44  
 1557 E	 35.49  
 1558 I	 3.50  
 1559 F	 5.38  
 1560 K	 62.00  
 1561 R	 32.14  
 1562 E	 51.52  
 1563 S	 35.32  
 1564 A	 11.64  
 1565 Q	 54.06  
 1566 S	 40.94  
 1567 G	 13.83  
 1568 F	 10.12  
 1569 D	 36.90  
 1570 Y	 15.99  
 1571 R	 30.38  
 1572 F	 9.76  
 1573 S	 22.42  
 1574 E	 62.53  
 1575 N	 52.99  
 1576 T	 45.18  
 1577 D	 61.43  
 1578 K	 58.38  
 1579 K	 62.34  
 1580 V	 6.31  
 1581 K	 51.98  
 1582 N	 50.22  
 1583 Y	 11.97  
 1584 V	 4.67  
 1585 K	 27.47  
 1586 S	 19.78  
 1587 Y	 10.92  
 1588 I	 5.50  
 1589 D	 33.17  
 1590 R	 35.58  
 1591 K	 53.51  
 1592 L	 10.19  
 1593 E	 51.00  
 1594 S	 46.19  
 1595 N	 38.73  
 1596 D	 64.28  
 1597 L	 9.12  
 1598 W	 8.36  
 1599 K	 54.81  
 1600 E	 36.84  
 1601 Y	 13.27  
 1602 S	 38.89  
 1603 R	 39.79  
 1604 P	 42.50  
