 1 R	 42.99  
 2 M	 4.95  
 3 S	 31.92  
 4 R	 43.68  
 5 G	 19.08  
 6 V	 10.40  
 7 N	 24.22  
 8 P	 27.00  
 9 S	 35.88  
 10 L	 3.59  
 11 V	 4.53  
 12 S	 22.97  
 13 W	 7.11  
 14 L	 1.91  
 15 T	 13.34  
 16 T	 11.73  
 17 M	 1.36  
 18 M	 4.25  
 19 G	 9.23  
 20 L	 2.41  
 21 R	 19.83  
 22 L	 5.65  
 23 Q	 19.48  
 24 V	 6.67  
 25 V	 3.15  
 26 L	 3.82  
 27 E	 26.91  
 28 H	 22.99  
 29 M	 1.78  
 30 P	 29.80  
 31 V	 15.70  
 32 G	 14.43  
 33 P	 28.26  
 34 D	 40.07  
 35 A	 13.07  
 36 I	 2.68  
 37 L	 3.28  
 38 R	 23.06  
 39 Y	 8.55  
 40 V	 2.26  
 41 R	 20.73  
 42 R	 27.08  
 43 V	 7.75  
 44 G	 39.64  
 45 D	 49.18  
 46 P	 24.40  
 47 P	 53.84  
 48 Q	 58.51  
 49 P	 56.51  
 50 L	 7.59  
 51 P	 51.06  
 52 E	 80.54  
 53 E	 48.27  
 54 P	 23.67  
 55 M	 9.97  
 56 E	 42.26  
 57 V	 5.31  
 58 Q	 31.88  
 59 G	 34.28  
 60 A	 5.99  
 61 E	 56.45  
 62 R	 39.57  
 63 A	 22.42  
 64 S	 35.70  
 65 P	 57.19  
 66 E	 58.06  
 67 P	 40.55  
 68 Q	 56.36  
 69 E	 62.24  
 70 W	 8.92  
 71 V	 2.10  
 72 P	 21.02  
 73 I	 3.00  
 74 I	 2.17  
 75 Q	 35.30  
 76 Q	 39.09  
 77 D	 25.23  
 78 I	 3.54  
 79 Q	 41.63  
 80 S	 32.08  
 81 Q	 32.60  
 82 R	 51.48  
 83 K	 47.15  
 84 V	 13.74  
 85 K	 40.76  
 86 P	 55.70  
 87 Q	 46.67  
 88 P	 40.08  
 89 P	 38.97  
 90 L	 10.35  
 91 S	 26.43  
 92 D	 47.09  
 93 A	 12.09  
 94 Y	 13.34  
 95 L	 3.70  
 96 S	 21.99  
 97 G	 24.41  
 98 M	 2.34  
 99 P	 37.85  
 100 A	 14.75  
 101 K	 47.03  
 102 R	 42.97  
 103 R	 41.47  
 104 K	 52.89  
 105 L	 6.34  
 106 R	 35.01  
 107 S	 49.88  
 108 D	 40.69  
 109 I	 5.69  
 110 Q	 29.79  
 111 K	 56.24  
 112 R	 25.81  
 113 L	 9.36  
 114 Q	 58.02  
 115 E	 78.87  
 116 D	 24.63  
 117 P	 40.69  
 118 N	 63.34  
 119 Y	 27.41  
 120 S	 22.61  
 121 P	 21.00  
 122 Q	 54.42  
 123 R	 52.99  
 124 F	 4.63  
 125 P	 37.12  
 126 N	 46.09  
 127 A	 10.65  
 128 Q	 43.82  
 129 R	 29.30  
 130 A	 7.59  
 131 F	 9.26  
 132 A	 21.22  
 133 D	 63.36  
 134 D	 47.59  
 135 P	 46.81  
