 1 M	 13.76  
 2 Q	 50.67  
 3 P	 32.60  
 4 S	 29.07  
 5 E	 64.65  
 6 T	 26.55  
 7 V	 5.17  
 8 E	 42.44  
 9 M	 3.39  
 10 Q	 24.65  
 11 E	 34.86  
 12 M	 2.06  
 13 A	 19.85  
 14 Q	 31.23  
 15 P	 30.78  
 16 S	 36.83  
 17 G	 34.03  
 18 Q	 39.20  
 19 Q	 47.25  
 20 R	 41.89  
 21 D	 37.97  
 22 V	 7.26  
 23 E	 34.74  
 24 A	 19.45  
 25 R	 17.32  
 26 V	 7.31  
 27 Q	 28.46  
 28 S	 33.10  
 29 A	 7.08  
 30 P	 38.55  
 31 A	 26.53  
 32 N	 35.81  
 33 H	 28.72  
 34 S	 23.91  
 35 H	 22.76  
 36 D	 47.90  
 37 A	 14.99  
 38 G	 25.57  
 39 C	 2.89  
 40 T	 29.57  
 41 E	 34.05  
 42 M	 1.46  
 43 F	 1.91  
 44 C	 1.55  
 45 I	 2.17  
 46 A	 5.09  
 47 M	 1.18  
 48 S	 11.76  
 49 Y	 6.03  
 50 V	 2.31  
 51 L	 1.41  
 52 I	 1.57  
 53 F	 4.62  
 54 L	 3.70  
 55 T	 18.36  
 56 F	 6.47  
 57 P	 16.55  
 58 V	 7.14  
 59 S	 15.18  
 60 V	 3.45  
 61 F	 2.29  
 62 M	 1.85  
 63 C	 1.62  
 64 I	 1.98  
 65 K	 31.71  
 66 I	 1.64  
 67 V	 2.76  
 68 Q	 47.34  
 69 E	 32.51  
 70 Y	 6.04  
 71 Q	 26.55  
 72 R	 28.57  
 73 A	 6.06  
 74 V	 4.56  
 75 V	 1.95  
 76 F	 4.25  
 77 R	 25.32  
 78 L	 2.96  
 79 G	 19.34  
 80 R	 36.78  
 81 L	 6.60  
 82 V	 3.52  
 83 P	 45.31  
 84 D	 47.48  
 85 V	 6.72  
 86 K	 67.76  
 87 G	 26.05  
 88 P	 27.30  
 89 G	 37.69  
 90 I	 2.61  
 91 F	 4.45  
 92 F	 4.71  
 93 I	 2.09  
 94 I	 1.60  
 95 P	 12.28  
 96 C	 2.87  
 97 I	 4.73  
 98 D	 37.82  
 99 T	 15.31  
 100 F	 4.33  
 101 L	 6.28  
 102 N	 22.87  
 103 I	 6.00  
 104 D	 27.61  
 105 L	 4.14  
 106 R	 20.43  
 107 V	 5.58  
 108 A	 10.40  
 109 S	 17.87  
 110 Y	 15.50  
 111 N	 36.41  
 112 V	 3.52  
 113 P	 27.02  
 114 S	 35.84  
 115 Q	 35.36  
 116 E	 50.68  
 117 I	 3.08  
 118 L	 3.19  
 119 S	 39.44  
 120 R	 36.46  
 121 D	 44.05  
 122 S	 20.69  
 123 V	 7.79  
 124 T	 15.83  
 125 V	 5.00  
 126 S	 12.62  
 127 V	 4.81  
 128 D	 26.58  
 129 A	 7.19  
 130 V	 2.87  
 131 V	 5.08  
 132 Y	 7.35  
 133 F	 3.53  
 134 K	 25.06  
 135 V	 4.76  
 136 F	 10.75  
 137 D	 36.36  
 138 P	 21.94  
 139 I	 4.89  
 140 T	 22.36  
 141 S	 18.61  
 142 V	 3.04  
 143 V	 5.28  
 144 G	 21.32  
 145 V	 3.45  
 146 G	 16.48  
 147 N	 36.94  
 148 A	 13.57  
 149 T	 34.19  
 150 D	 52.48  
 151 S	 24.08  
 152 T	 28.64  
 153 K	 45.51  
 154 L	 4.92  
 155 L	 3.37  
 156 A	 18.34  
 157 Q	 34.68  
 158 T	 23.38  
 159 T	 11.36  
 160 L	 5.30  
 161 R	 20.03  
 162 T	 24.54  
 163 I	 2.43  
 164 L	 6.82  
 165 G	 16.17  
 166 T	 14.29  
 167 H	 24.02  
 168 T	 31.64  
 169 L	 3.16  
 170 S	 24.60  
 171 E	 51.57  
 172 I	 3.92  
 173 L	 3.70  
 174 S	 40.04  
 175 D	 60.35  
 176 R	 43.67  
 177 E	 60.78  
 178 K	 42.74  
 179 I	 3.34  
 180 S	 29.32  
 181 A	 25.12  
 182 D	 31.92  
 183 M	 4.09  
 184 K	 29.68  
 185 I	 3.87  
 186 S	 25.01  
 187 L	 8.64  
 188 D	 36.37  
 189 E	 63.88  
 190 A	 19.55  
 191 T	 40.30  
 192 E	 46.21  
 193 P	 30.18  
 194 W	 18.21  
 195 G	 22.13  
 196 I	 3.90  
 197 K	 33.82  
 198 V	 5.55  
 199 E	 46.11  
 200 R	 30.14  
 201 V	 5.27  
 202 E	 44.29  
 203 L	 5.32  
 204 R	 27.20  
 205 D	 42.38  
 206 V	 5.68  
 207 R	 45.21  
 208 L	 4.87  
 209 P	 16.38  
 210 S	 42.76  
 211 Q	 30.04  
 212 M	 3.23  
 213 Q	 23.50  
 214 R	 22.46  
 215 A	 3.82  
 216 M	 3.85  
 217 A	 10.93  
 218 A	 11.93  
 219 E	 37.19  
 220 A	 13.65  
 221 E	 41.92  
 222 A	 18.25  
 223 T	 22.16  
 224 R	 38.54  
 225 D	 45.03  
 226 A	 19.29  
 227 G	 31.52  
 228 A	 11.12  
 229 K	 33.45  
 230 I	 2.28  
 231 I	 2.68  
 232 A	 11.70  
 233 A	 18.21  
 234 E	 44.15  
 235 G	 34.22  
 236 E	 26.96  
 237 L	 9.01  
 238 R	 23.38  
 239 A	 19.02  
 240 S	 13.98  
 241 A	 12.90  
 242 A	 12.57  
 243 L	 4.41  
 244 A	 10.31  
 245 E	 39.42  
 246 A	 12.33  
 247 A	 7.28  
 248 T	 26.37  
 249 I	 2.61  
 250 I	 3.54  
 251 S	 26.69  
 252 K	 41.96  
 253 S	 34.18  
 254 E	 55.50  
 255 G	 33.18  
 256 A	 4.40  
 257 M	 5.92  
 258 Q	 23.43  
 259 L	 2.20  
 260 R	 18.31  
 261 Y	 16.07  
 262 L	 1.69  
 263 H	 21.26  
 264 T	 21.07  
 265 L	 2.58  
 266 N	 36.06  
 267 A	 13.22  
 268 I	 4.53  
 269 S	 29.99  
 270 S	 36.68  
 271 E	 54.27  
 272 K	 50.12  
 273 T	 27.35  
 274 S	 28.77  
 275 T	 24.27  
 276 I	 2.83  
 277 I	 3.48  
 278 F	 4.51  
 279 P	 23.25  
 280 F	 6.65  
 281 P	 21.53  
 282 M	 5.24  
 283 E	 34.99  
 284 I	 3.35  
 285 L	 3.07  
 286 G	 36.73  
 287 G	 19.97  
 288 I	 3.72  
 289 S	 30.60  
 290 K	 46.21  
 291 F	 12.00  
 292 Q	 55.11  
 293 P	 22.78  
 294 P	 30.75  
 295 H	 57.75  
 296 L	 6.05  
 297 P	 27.25  
 298 Q	 65.94  
 299 E	 53.13  
 300 A	 19.16  
 301 D	 52.83  
 302 S	 51.32  
 303 D	 61.47  
 304 S	 34.34  
 305 K	 60.14  
 306 Q	 54.93  
 307 R	 40.14  
 308 K	 29.69  
 309 M	 5.04  
 310 S	 22.21  
 311 Y	 11.57  
 312 S	 19.09  
 313 F	 7.68  
 314 V	 6.60  
 315 K	 46.78  
 316 K	 54.52  
 317 Q	 57.39  
 318 N	 59.77  
 319 K	 44.34  
 320 D	 66.88  
 321 Q	 42.69  
 322 L	 6.12  
 323 E	 40.05  
 324 A	 24.75  
 325 Y	 15.09  
