 1 M	 5.35  
 2 A	 24.87  
 3 A	 16.50  
 4 G	 18.84  
 5 N	 26.22  
 6 F	 6.04  
 7 L	 3.12  
 8 F	 3.31  
 9 I	 1.97  
 10 V	 1.82  
 11 V	 2.78  
 12 L	 1.37  
 13 V	 1.81  
 14 I	 1.59  
 15 F	 1.85  
 16 C	 1.05  
 17 C	 1.87  
 18 I	 5.90  
 19 D	 32.60  
 20 I	 1.24  
 21 P	 18.45  
 22 S	 28.94  
 23 F	 7.10  
 24 L	 5.44  
 25 L	 3.10  
 26 Q	 32.04  
 27 H	 24.26  
 28 A	 6.76  
 29 S	 20.91  
 30 F	 6.95  
 31 L	 6.53  
 32 G	 20.16  
 33 L	 5.35  
 34 D	 32.04  
 35 V	 6.83  
 36 T	 10.28  
 37 V	 4.00  
 38 R	 22.57  
 39 L	 9.26  
 40 L	 2.58  
 41 P	 28.81  
 42 K	 44.89  
 43 I	 1.95  
 44 M	 2.10  
 45 I	 2.39  
 46 I	 0.98  
 47 F	 2.96  
 48 T	 8.32  
 49 C	 2.67  
 50 T	 33.88  
 51 L	 4.81  
 52 K	 35.38  
 53 S	 36.46  
 54 F	 8.38  
 55 K	 48.64  
 56 F	 8.81  
 57 F	 8.78  
 58 F	 12.89  
 59 E	 50.05  
 60 K	 36.77  
 61 F	 3.22  
 62 H	 34.39  
 63 I	 3.18  
 64 L	 2.92  
 65 N	 19.96  
 66 V	 2.46  
 67 I	 3.03  
 68 Y	 13.87  
 69 L	 2.70  
 70 K	 37.52  
 71 E	 39.19  
 72 F	 10.49  
 73 R	 41.57  
 74 F	 6.55  
 75 P	 26.47  
 76 R	 43.12  
 77 F	 7.31  
 78 I	 2.92  
 79 K	 34.63  
 80 I	 5.69  
 81 V	 4.08  
 82 P	 24.80  
 83 K	 58.49  
 84 S	 30.62  
 85 L	 5.93  
 86 K	 45.48  
 87 F	 7.32  
 88 L	 4.93  
 89 A	 16.47  
 90 T	 30.50  
 91 S	 28.95  
 92 N	 37.49  
 93 S	 27.09  
 94 Q	 45.62  
 95 R	 34.90  
 96 S	 19.10  
 97 C	 4.36  
 98 F	 5.94  
 99 K	 38.64  
 100 I	 1.56  
 101 Y	 15.77  
 102 I	 2.27  
 103 P	 14.46  
 104 N	 44.47  
 105 F	 3.92  
 106 L	 7.46  
 107 N	 35.18  
 108 L	 7.90  
 109 F	 4.34  
 110 P	 23.12  
 111 S	 24.98  
 112 A	 14.44  
 113 L	 5.13  
 114 L	 3.99  
 115 F	 6.03  
 116 F	 5.46  
 117 S	 21.19  
 118 Q	 26.98  
 119 I	 2.47  
 120 S	 9.86  
 121 M	 1.83  
 122 C	 1.35  
 123 V	 2.66  
 124 V	 1.86  
 125 V	 2.11  
 126 W	 6.10  
 127 L	 3.92  
 128 E	 35.88  
 129 E	 51.63  
 130 E	 42.91  
 131 M	 4.95  
 132 G	 34.90  
 133 N	 39.57  
 134 L	 6.80  
 135 S	 26.44  
 136 K	 49.93  
 137 N	 29.07  
 138 M	 3.87  
 139 L	 4.78  
 140 F	 2.57  
 141 F	 5.60  
 142 F	 6.12  
 143 L	 3.36  
 144 P	 16.04  
 145 C	 11.55  
 146 S	 26.36  
 147 P	 38.52  
 148 S	 17.45  
 149 S	 23.98  
 150 I	 3.55  
 151 L	 1.93  
 152 C	 3.00  
 153 L	 2.45  
 154 F	 6.18  
 155 R	 11.35  
 156 C	 3.40  
 157 A	 8.62  
 158 S	 26.63  
 159 H	 13.03  
 160 Y	 17.05  
 161 D	 34.46  
 162 I	 1.76  
 163 P	 14.61  
 164 I	 3.48  
 165 I	 1.15  
 166 I	 2.45  
 167 A	 8.66  
 168 T	 17.88  
 169 V	 4.67  
 170 E	 28.42  
 171 S	 24.02  
 172 R	 14.48  
 173 M	 4.70  
 174 T	 20.13  
 175 L	 1.53  
 176 C	 3.84  
 177 G	 36.19  
 178 W	 8.81  
 179 P	 12.00  
 180 T	 36.86  
 181 E	 35.05  
 182 C	 3.84  
 183 T	 33.46  
 184 E	 50.79  
 185 L	 2.27  
 186 S	 15.53  
 187 C	 4.70  
 188 C	 3.32  
 189 E	 51.40  
 190 S	 15.04  
 191 Y	 5.04  
 192 I	 1.95  
 193 F	 3.15  
 194 R	 16.92  
 195 L	 2.16  
 196 Y	 8.66  
 197 L	 3.33  
 198 L	 1.59  
 199 I	 2.56  
 200 F	 4.70  
 201 T	 16.70  
 202 F	 4.94  
 203 G	 15.10  
 204 V	 2.01  
 205 V	 2.74  
 206 I	 1.28  
 207 V	 1.80  
 208 A	 3.75  
 209 I	 1.90  
 210 I	 1.12  
 211 V	 1.93  
 212 S	 13.77  
 213 A	 8.37  
 214 L	 1.84  
 215 W	 4.91  
 216 M	 2.98  
 217 L	 2.23  
 218 F	 4.89  
 219 E	 36.46  
 220 F	 14.25  
 221 R	 16.03  
 222 P	 47.74  
 223 N	 44.11  
 224 Y	 16.37  
 225 R	 28.56  
 226 N	 36.66  
 227 R	 22.15  
 228 L	 6.38  
 229 R	 30.86  
 230 R	 43.23  
 231 Q	 56.39  
 232 D	 55.03  
 233 T	 32.84  
 234 E	 65.04  
 235 E	 54.50  
 236 Q	 22.29  
 237 H	 39.30  
 238 R	 43.41  
 239 L	 8.22  
 240 E	 51.85  
 241 E	 59.21  
 242 R	 36.95  
 243 S	 40.05  
 244 F	 14.24  
 245 E	 67.03  
 246 E	 48.89  
 247 T	 20.14  
 248 K	 45.63  
 249 Y	 16.92  
 250 L	 3.18  
 251 R	 34.21  
 252 R	 36.53  
 253 F	 5.56  
 254 S	 39.09  
 255 E	 50.26  
 256 L	 8.51  
 257 N	 31.05  
 258 P	 38.17  
 259 L	 6.39  
 260 Q	 33.80  
 261 A	 20.39  
 262 R	 24.71  
 263 R	 30.81  
 264 H	 24.45  
 265 S	 29.80  
 266 I	 4.87  
 267 D	 58.77  
 268 N	 52.72  
