 1 M	 5.84  
 2 Q	 45.36  
 3 H	 24.67  
 4 V	 3.05  
 5 D	 27.34  
 6 Q	 29.70  
 7 I	 2.20  
 8 Y	 12.36  
 9 G	 16.14  
 10 Y	 5.91  
 11 S	 14.57  
 12 T	 11.98  
 13 I	 1.68  
 14 I	 1.86  
 15 L	 2.04  
 16 A	 7.38  
 17 A	 13.23  
 18 A	 8.27  
 19 P	 24.59  
 20 L	 6.50  
 21 A	 8.31  
 22 S	 33.15  
 23 Q	 29.34  
 24 L	 4.18  
 25 A	 7.51  
 26 I	 5.30  
 27 S	 22.75  
 28 D	 28.49  
 29 I	 2.91  
 30 R	 25.98  
 31 W	 5.84  
 32 I	 1.12  
 33 F	 4.00  
 34 Y	 10.95  
 35 F	 2.71  
 36 P	 16.44  
 37 F	 4.66  
 38 F	 6.49  
 39 A	 13.77  
 40 I	 1.41  
 41 P	 20.14  
 42 A	 13.68  
 43 L	 2.95  
 44 T	 18.08  
 45 L	 1.97  
 46 M	 1.13  
 47 M	 2.24  
 48 I	 1.77  
 49 V	 1.83  
 50 G	 12.70  
 51 H	 18.94  
 52 L	 5.92  
 53 S	 20.91  
 54 K	 50.93  
 55 S	 20.34  
 56 A	 18.67  
 57 A	 11.68  
 58 V	 5.76  
 59 S	 19.66  
 60 T	 22.36  
 61 F	 5.16  
 62 R	 32.92  
 63 K	 44.82  
 64 L	 6.29  
 65 A	 11.47  
 66 P	 31.35  
 67 I	 3.52  
 68 S	 21.27  
 69 A	 17.84  
 70 G	 16.49  
 71 I	 4.10  
 72 G	 11.59  
 73 W	 6.03  
 74 A	 7.01  
 75 L	 4.26  
 76 T	 13.04  
 77 W	 5.70  
 78 H	 12.04  
 79 V	 5.77  
 80 A	 8.70  
 81 E	 42.37  
 82 K	 36.74  
 83 L	 3.54  
 84 Y	 21.28  
 85 A	 15.44  
 86 E	 36.43  
 87 S	 18.25  
 88 L	 3.90  
 89 R	 41.28  
 90 A	 13.28  
 91 S	 18.66  
 92 Q	 31.22  
 93 Y	 7.02  
 94 V	 2.25  
 95 L	 1.55  
 96 Y	 5.87  
 97 I	 2.47  
 98 L	 1.41  
 99 F	 4.07  
 100 S	 17.78  
 101 I	 3.94  
 102 R	 16.77  
 103 P	 32.52  
 104 Y	 11.97  
 105 L	 3.69  
 106 S	 13.72  
 107 W	 9.70  
 108 A	 4.67  
 109 V	 4.81  
 110 S	 13.18  
 111 C	 3.41  
 112 D	 29.65  
 113 H	 34.28  
 114 T	 12.76  
 115 Y	 19.37  
 116 N	 27.82  
 117 T	 20.23  
 118 E	 42.39  
 119 Y	 7.95  
 120 C	 1.70  
 121 H	 37.56  
 122 D	 45.14  
 123 F	 5.11  
 124 D	 65.57  
 125 D	 43.51  
 126 S	 31.79  
 127 N	 40.73  
 128 I	 3.67  
 129 T	 26.14  
 130 V	 3.98  
 131 T	 30.30  
 132 E	 63.01  
 133 G	 25.82  
 134 K	 22.45  
 135 H	 36.25  
 136 H	 39.03  
 137 Y	 16.41  
 138 P	 26.22  
 139 D	 56.65  
 140 N	 36.06  
 141 F	 12.32  
 142 W	 8.12  
 143 P	 21.67  
 144 A	 16.48  
 145 Q	 52.30  
 146 E	 47.17  
 147 F	 4.13  
 148 N	 33.35  
 149 R	 32.20  
 150 Y	 11.00  
 151 V	 2.75  
 152 I	 2.64  
 153 R	 21.95  
 154 N	 37.58  
 155 N	 36.93  
 156 A	 10.62  
 157 P	 36.58  
 158 I	 5.55  
 159 T	 21.89  
 160 K	 43.54  
 161 M	 2.59  
 162 P	 28.69  
 163 A	 30.91  
 164 E	 46.64  
 165 W	 28.58  
 166 E	 20.50  
 167 P	 36.73  
 168 N	 23.31  
 169 M	 3.49  
 170 W	 7.58  
 171 Y	 7.33  
 172 L	 4.86  
 173 G	 12.17  
 174 P	 35.69  
 175 S	 46.40  
 176 D	 63.19  
 177 E	 50.59  
 178 T	 31.21  
 179 F	 5.16  
 180 T	 24.25  
 181 W	 7.54  
 182 A	 11.92  
 183 F	 3.53  
 184 P	 24.49  
 185 S	 30.31  
 186 I	 3.93  
 187 P	 23.82  
 188 L	 7.24  
 189 Q	 31.14  
 190 T	 28.08  
 191 A	 3.77  
 192 H	 20.98  
 193 I	 3.21  
 194 L	 1.70  
 195 T	 20.02  
 196 W	 5.11  
 197 L	 1.39  
 198 I	 1.65  
 199 I	 2.59  
 200 W	 3.64  
 201 F	 3.07  
 202 S	 15.79  
 203 I	 2.75  
 204 S	 17.26  
 205 K	 46.27  
 206 Y	 12.10  
 207 Y	 9.79  
 208 D	 35.92  
 209 R	 25.17  
 210 L	 7.07  
 211 G	 22.32  
 212 D	 32.71  
 213 I	 4.63  
 214 L	 4.87  
 215 L	 5.35  
 216 K	 44.14  
 217 G	 20.57  
 218 F	 4.57  
 219 L	 6.85  
 220 L	 3.93  
 221 V	 3.30  
 222 P	 14.10  
 223 I	 2.36  
 224 I	 1.63  
 225 L	 2.34  
 226 Y	 4.04  
 227 I	 1.90  
 228 A	 3.48  
 229 V	 2.08  
 230 I	 1.20  
 231 I	 2.73  
 232 G	 13.18  
 233 L	 2.74  
 234 T	 25.83  
 235 G	 26.23  
 236 F	 8.77  
 237 G	 19.23  
 238 F	 3.91  
 239 H	 21.37  
 240 F	 6.40  
 241 T	 19.21  
 242 T	 19.43  
 243 A	 14.20  
 244 N	 25.47  
 245 I	 3.68  
 246 Q	 28.70  
 247 A	 21.39  
 248 E	 40.00  
 249 L	 9.41  
 250 E	 40.41  
 251 N	 49.74  
 252 S	 20.01  
 253 A	 22.96  
 254 I	 5.44  
 255 S	 30.62  
 256 K	 64.41  
 257 D	 42.16  
 258 P	 34.15  
 259 F	 20.31  
 260 D	 43.49  
 261 F	 6.24  
 262 W	 7.24  
 263 A	 13.12  
 264 D	 27.74  
 265 L	 5.29  
 266 R	 32.34  
 267 G	 36.00  
 268 S	 12.66  
 269 Y	 22.27  
 270 R	 24.56  
 271 T	 16.34  
 272 S	 13.34  
 273 I	 2.77  
 274 L	 2.90  
 275 I	 1.80  
 276 V	 5.18  
 277 D	 25.35  
 278 Y	 9.31  
 279 S	 14.59  
 280 T	 21.40  
 281 A	 8.28  
 282 F	 7.51  
 283 T	 27.52  
 284 G	 12.29  
 285 F	 2.96  
 286 V	 4.53  
 287 L	 2.22  
 288 L	 4.03  
 289 A	 10.20  
 290 T	 17.85  
 291 S	 24.58  
 292 R	 33.06  
 293 L	 5.10  
 294 R	 36.42  
 295 N	 60.86  
 296 G	 14.45  
 297 V	 4.72  
 298 S	 38.67  
 299 G	 22.12  
 300 L	 2.36  
 301 N	 31.87  
 302 A	 12.48  
 303 L	 3.55  
 304 L	 4.15  
 305 L	 4.84  
 306 V	 3.28  
 307 P	 16.04  
 308 F	 3.96  
 309 M	 1.15  
 310 M	 2.60  
 311 I	 1.95  
 312 V	 1.43  
 313 P	 15.95  
 314 T	 15.83  
 315 M	 2.04  
 316 Q	 35.32  
 317 T	 17.21  
 318 L	 0.90  
 319 I	 3.77  
 320 R	 28.30  
 321 L	 7.94  
 322 G	 9.51  
 323 C	 7.20  
 324 E	 51.00  
 325 G	 25.33  
 326 H	 6.84  
 327 V	 10.38  
 328 A	 11.83  
 329 D	 46.70  
 330 Q	 51.39  
 331 Q	 28.84  
 332 P	 40.25  
 333 N	 46.52  
 334 Y	 12.87  
 335 K	 35.56  
 336 I	 2.15  
 337 Y	 7.14  
 338 A	 14.93  
 339 S	 21.30  
 340 T	 29.68  
 341 D	 48.85  
 342 E	 48.40  
 343 T	 25.40  
 344 I	 3.48  
 345 S	 21.81  
 346 F	 7.29  
 347 D	 40.27  
 348 L	 5.69  
 349 L	 3.00  
 350 P	 28.29  
 351 V	 4.18  
 352 C	 1.49  
 353 F	 9.40  
 354 A	 11.76  
 355 T	 9.09  
 356 S	 17.18  
 357 H	 30.37  
 358 L	 9.21  
 359 G	 14.86  
 360 P	 30.66  
 361 V	 6.36  
 362 W	 6.99  
 363 S	 21.10  
 364 G	 11.28  
 365 L	 2.17  
 366 Y	 11.42  
 367 Y	 10.72  
 368 T	 8.17  
 369 A	 4.66  
 370 Q	 22.44  
 371 Y	 10.22  
 372 L	 2.31  
 373 Y	 10.34  
 374 G	 17.50  
 375 S	 19.32  
 376 L	 8.51  
 377 G	 16.07  
 378 P	 18.02  
 379 M	 2.84  
 380 I	 1.97  
 381 V	 2.92  
 382 Y	 4.58  
 383 V	 2.33  
 384 S	 6.55  
 385 F	 4.26  
 386 I	 2.08  
 387 Y	 8.97  
 388 Q	 27.35  
 389 S	 13.75  
 390 F	 4.13  
 391 I	 6.34  
 392 D	 49.87  
 393 D	 46.54  
 394 F	 3.84  
 395 P	 32.60  
 396 I	 5.13  
 397 V	 4.48  
 398 Q	 45.46  
 399 N	 49.76  
 400 S	 19.18  
 401 P	 37.98  
 402 K	 58.59  
 403 Q	 27.69  
 404 C	 3.47  
 405 I	 3.77  
 406 G	 13.85  
 407 M	 0.69  
 408 I	 1.61  
 409 V	 2.04  
 410 L	 1.61  
 411 A	 5.66  
 412 F	 5.41  
 413 L	 4.03  
 414 M	 1.55  
 415 P	 29.50  
 416 S	 16.13  
 417 V	 2.94  
 418 F	 4.79  
 419 L	 3.16  
 420 Y	 5.80  
 421 M	 2.10  
 422 P	 17.68  
 423 L	 8.51  
 424 G	 21.06  
 425 T	 27.28  
 426 K	 28.66  
 427 I	 3.16  
 428 A	 10.36  
 429 A	 13.95  
 430 F	 2.37  
 431 F	 5.11  
 432 R	 27.63  
 433 Y	 12.94  
 434 T	 15.31  
 435 S	 19.32  
 436 Q	 24.00  
 437 T	 23.02  
 438 A	 9.71  
 439 L	 2.61  
 440 V	 3.98  
 441 Q	 32.06  
 442 L	 3.25  
 443 T	 9.04  
 444 V	 3.69  
 445 F	 2.95  
 446 I	 2.21  
 447 L	 1.57  
 448 I	 1.84  
 449 F	 2.80  
 450 F	 3.07  
 451 V	 2.77  
 452 Y	 13.90  
 453 G	 18.29  
 454 W	 3.72  
 455 Q	 35.77  
 456 K	 47.70  
 457 L	 4.24  
 458 E	 52.34  
 459 Q	 60.06  
 460 D	 22.39  
 461 V	 2.56  
 462 M	 3.05  
 463 M	 3.07  
 464 T	 10.21  
 465 S	 14.28  
 466 Q	 36.20  
 467 I	 2.63  
 468 P	 17.99  
 469 A	 37.33  
 470 R	 20.76  
 471 P	 30.78  
 472 S	 33.51  
 473 V	 5.36  
 474 L	 5.32  
 475 E	 36.12  
 476 Y	 13.19  
 477 F	 2.45  
 478 T	 20.63  
 479 R	 26.43  
 480 A	 14.90  
 481 T	 31.57  
 482 S	 18.27  
 483 P	 22.74  
 484 I	 4.53  
 485 F	 4.36  
 486 T	 15.80  
 487 V	 2.81  
 488 L	 2.71  
 489 L	 2.69  
 490 F	 4.21  
 491 T	 22.14  
 492 V	 3.68  
 493 V	 1.77  
 494 P	 19.60  
 495 A	 9.65  
 496 L	 2.43  
 497 I	 2.81  
 498 C	 2.60  
 499 T	 22.03  
 500 K	 36.23  
 501 L	 1.29  
 502 V	 4.56  
 503 A	 13.49  
 504 V	 3.54  
 505 F	 3.86  
 506 D	 31.00  
 507 F	 4.10  
 508 L	 3.09  
 509 W	 11.34  
 510 A	 14.73  
 511 G	 21.20  
 512 N	 42.16  
 513 D	 44.44  
 514 V	 13.75  
 515 N	 32.81  
 516 K	 42.01  
 517 H	 17.65  
 518 I	 3.01  
 519 S	 20.77  
 520 A	 22.90  
 521 G	 13.63  
 522 V	 3.48  
 523 Q	 32.99  
 524 F	 9.70  
 525 L	 2.09  
 526 P	 34.16  
 527 F	 9.60  
 528 P	 24.66  
 529 T	 29.01  
 530 V	 3.28  
 531 I	 2.70  
 532 R	 18.81  
 533 Q	 24.48  
 534 I	 1.54  
 535 V	 2.89  
 536 G	 16.22  
 537 Y	 6.21  
 538 L	 1.64  
 539 V	 2.26  
 540 I	 1.94  
 541 F	 5.29  
 542 A	 5.35  
 543 P	 13.94  
 544 I	 2.75  
 545 I	 1.40  
 546 I	 1.72  
 547 M	 2.21  
 548 G	 12.33  
 549 V	 2.33  
 550 G	 10.21  
 551 A	 9.26  
 552 A	 9.61  
 553 L	 3.10  
 554 T	 16.67  
 555 V	 3.04  
 556 Y	 5.90  
 557 Q	 19.75  
 558 M	 1.78  
 559 V	 3.22  
 560 F	 3.97  
 561 K	 25.92  
 562 H	 30.84  
 563 G	 23.23  
 564 L	 5.73  
 565 S	 36.35  
 566 W	 13.95  
 567 K	 37.14  
 568 D	 51.52  
 569 T	 32.71  
 570 L	 12.61  
 571 K	 45.61  
 572 P	 59.22  
 573 S	 33.59  
 574 P	 48.04  
 575 E	 54.97  
 576 W	 7.83  
 577 M	 1.54  
 578 A	 7.11  
 579 H	 9.71  
 580 A	 11.99  
 581 A	 7.55  
 582 V	 14.71  
 583 N	 29.69  
 584 P	 43.55  
 585 N	 62.86  
 586 K	 36.82  
 587 P	 45.38  
 588 R	 46.68  
 589 A	 12.73  
 590 H	 25.32  
 591 S	 17.45  
 592 L	 3.58  
 593 A	 10.07  
 594 Y	 12.20  
 595 S	 15.11  
 596 I	 1.52  
 597 M	 1.64  
 598 N	 33.66  
 599 R	 16.27  
 600 L	 3.54  
 601 I	 1.97  
 602 F	 4.86  
 603 R	 26.80  
 604 R	 13.98  
 605 M	 4.47  
 606 S	 22.97  
 607 Y	 11.74  
 608 K	 24.95  
 609 T	 19.42  
 610 A	 9.18  
 611 I	 2.66  
 612 F	 4.88  
 613 S	 16.46  
 614 L	 2.77  
 615 F	 7.71  
 616 L	 4.62  
 617 F	 6.96  
 618 E	 44.98  
 619 T	 17.14  
 620 F	 3.66  
 621 I	 4.35  
 622 G	 10.57  
 623 I	 1.99  
 624 L	 2.21  
 625 L	 2.67  
 626 V	 2.94  
 627 V	 3.32  
 628 F	 2.53  
 629 F	 4.62  
 630 F	 4.25  
 631 L	 5.26  
 632 N	 37.93  
 633 S	 23.81  
 634 S	 34.56  
 635 N	 37.43  
 636 L	 5.30  
 637 W	 7.69  
 638 V	 3.50  
 639 S	 17.89  
 640 S	 15.60  
 641 T	 22.96  
 642 R	 27.74  
 643 V	 6.25  
 644 A	 8.30  
 645 N	 36.24  
 646 Q	 25.86  
 647 Y	 12.50  
 648 R	 15.55  
 649 S	 16.51  
 650 V	 3.02  
 651 L	 3.21  
 652 L	 3.02  
 653 L	 2.20  
 654 I	 2.19  
 655 F	 3.21  
 656 V	 3.39  
 657 V	 1.05  
 658 C	 1.29  
 659 H	 13.65  
 660 I	 2.25  
 661 W	 2.34  
 662 T	 22.44  
 663 L	 1.74  
 664 F	 5.62  
 665 E	 40.99  
 666 M	 3.78  
 667 R	 29.42  
 668 K	 34.78  
 669 C	 1.84  
 670 Q	 48.56  
 671 Q	 49.68  
 672 Y	 4.08  
 673 S	 21.97  
 674 Q	 32.58  
 675 I	 6.37  
 676 E	 47.57  
 677 G	 27.27  
 678 E	 37.34  
 679 R	 46.63  
 680 L	 3.46  
 681 S	 23.40  
 682 F	 6.45  
 683 Y	 7.24  
 684 I	 3.25  
 685 G	 9.62  
 686 L	 2.32  
 687 A	 10.33  
 688 T	 22.15  
 689 M	 3.42  
 690 E	 29.12  
 691 T	 13.42  
 692 A	 6.27  
 693 M	 3.75  
 694 L	 2.84  
 695 N	 18.88  
 696 A	 7.50  
 697 Y	 7.10  
 698 M	 1.22  
 699 W	 2.39  
 700 M	 0.66  
 701 Y	 7.60  
 702 A	 10.79  
 703 G	 15.11  
 704 D	 28.18  
 705 H	 26.03  
 706 T	 41.67  
 707 G	 27.86  
 708 G	 17.68  
 709 I	 5.23  
 710 D	 50.58  
 711 V	 5.06  
 712 P	 15.29  
 713 P	 39.38  
 714 L	 4.37  
 715 L	 2.84  
 716 I	 2.19  
 717 I	 2.31  
 718 M	 0.84  
 719 C	 2.64  
 720 N	 22.52  
 721 T	 19.83  
 722 W	 3.09  
 723 I	 1.87  
 724 R	 18.40  
 725 S	 12.28  
 726 C	 1.00  
 727 C	 2.71  
 728 I	 3.46  
 729 V	 1.52  
 730 T	 7.76  
 731 A	 4.37  
 732 I	 2.09  
 733 A	 5.24  
 734 I	 3.06  
 735 R	 19.75  
 736 A	 8.00  
 737 H	 23.64  
 738 S	 28.37  
 739 V	 6.60  
 740 E	 38.16  
 741 H	 33.18  
 742 N	 44.01  
 743 R	 37.62  
 744 P	 36.93  
 745 S	 47.82  
 746 N	 45.93  
 747 T	 33.94  
 748 R	 41.56  
 749 E	 55.28  
 750 A	 14.01  
 751 S	 33.14  
 752 E	 62.12  
 753 V	 8.15  
 754 D	 45.39  
 755 E	 49.58  
 756 A	 21.11  
 757 E	 58.20  
 758 L	 4.52  
 759 P	 24.94  
 760 R	 61.28  
 761 G	 31.78  
 762 A	 21.37  
 763 G	 45.70  
 764 D	 45.74  
 765 D	 61.16  
 766 N	 61.61  
 767 G	 40.96  
 768 D	 62.99  
 769 D	 54.13  
 770 T	 46.17  
 771 D	 65.79  
 772 D	 61.45  
 773 D	 58.62  
 774 S	 28.23  
 775 P	 30.16  
 776 V	 8.68  
 777 I	 2.23  
 778 F	 6.83  
 779 D	 28.44  
 780 L	 1.98  
 781 A	 16.43  
 782 R	 41.81  
 783 V	 8.38  
