 1 M	 9.58  
 2 D	 68.44  
 3 R	 50.48  
 4 D	 44.54  
 5 K	 51.08  
 6 R	 52.20  
 7 R	 54.91  
 8 S	 51.90  
 9 E	 62.65  
 10 E	 48.55  
 11 H	 35.20  
 12 E	 47.31  
 13 A	 25.26  
 14 E	 48.49  
 15 L	 8.82  
 16 D	 29.35  
 17 R	 44.52  
 18 R	 20.42  
 19 I	 3.68  
 20 A	 8.63  
 21 L	 3.36  
 22 I	 3.85  
 23 R	 50.08  
 24 E	 51.74  
 25 K	 50.29  
 26 N	 27.78  
 27 H	 40.85  
 28 Q	 50.75  
 29 I	 3.66  
 30 E	 27.69  
 31 Q	 61.03  
 32 R	 34.67  
 33 T	 32.49  
 34 K	 59.90  
 35 E	 55.83  
 36 I	 8.18  
 37 E	 55.74  
 38 E	 57.70  
 39 D	 41.40  
 40 R	 32.35  
 41 V	 13.75  
 42 R	 41.54  
 43 N	 55.35  
 44 E	 42.44  
 45 D	 49.22  
 46 S	 20.47  
 47 I	 9.65  
 48 A	 15.38  
 49 K	 66.67  
 50 S	 28.65  
 51 P	 39.58  
 52 K	 70.79  
 53 S	 38.31  
 54 S	 32.37  
 55 S	 45.20  
 56 Q	 61.03  
 57 T	 43.43  
 58 P	 22.28  
 59 P	 42.15  
 60 K	 60.61  
 61 A	 23.60  
 62 T	 45.01  
 63 T	 28.22  
 64 P	 25.40  
 65 D	 59.69  
 66 R	 41.79  
 67 T	 40.90  
 68 G	 28.05  
 69 Q	 34.07  
 70 W	 10.74  
 71 S	 16.66  
 72 R	 46.17  
 73 E	 55.29  
 74 W	 16.11  
 75 D	 45.11  
 76 K	 64.48  
 77 G	 36.27  
 78 K	 58.01  
 79 T	 36.08  
 80 P	 31.42  
 81 A	 31.89  
 82 E	 50.54  
 83 T	 31.74  
 84 W	 9.33  
 85 R	 32.79  
 86 E	 54.89  
 87 N	 42.29  
 88 V	 2.96  
 89 P	 35.20  
 90 S	 22.20  
 91 M	 5.99  
 92 D	 49.95  
 93 L	 6.20  
 94 K	 50.14  
 95 G	 37.19  
 96 K	 33.31  
 97 L	 9.86  
 98 A	 19.91  
 99 G	 32.40  
 100 Q	 32.84  
 101 S	 38.67  
 102 G	 18.24  
 103 A	 25.56  
 104 N	 47.03  
 105 T	 38.50  
 106 N	 49.38  
 107 N	 51.04  
 108 N	 45.24  
 109 N	 60.72  
 110 N	 55.33  
 111 T	 33.23  
 112 K	 59.77  
 113 N	 52.97  
 114 Q	 47.27  
 115 E	 68.20  
 116 N	 44.65  
 117 G	 40.88  
 118 G	 38.38  
 119 G	 33.50  
 120 S	 41.44  
 121 G	 38.41  
 122 N	 40.30  
 123 N	 38.25  
 124 R	 42.49  
 125 R	 50.67  
 126 G	 39.40  
 127 G	 22.32  
 128 G	 36.83  
 129 R	 48.30  
 130 G	 45.35  
 131 N	 36.74  
 132 E	 59.93  
 133 Q	 64.71  
 134 G	 33.96  
 135 Q	 41.02  
 136 K	 69.07  
 137 N	 46.37  
 138 Q	 58.71  
 139 K	 60.57  
 140 D	 49.06  
 141 Q	 43.71  
 142 V	 9.11  
 143 K	 39.19  
 144 M	 3.70  
 145 P	 15.58  
 146 S	 46.10  
 147 R	 30.78  
 148 L	 10.84  
 149 E	 43.79  
 150 G	 33.67  
 151 R	 18.22  
 152 V	 10.73  
 153 T	 23.81  
 154 F	 7.40  
 155 P	 39.44  
 156 G	 39.73  
 157 K	 50.63  
 158 Q	 65.54  
 159 N	 64.02  
 160 E	 68.88  
 161 D	 62.95  
 162 K	 63.29  
 163 E	 80.44  
 164 G	 30.60  
 165 K	 49.30  
 166 R	 70.70  
 167 G	 51.49  
 168 G	 28.99  
 169 K	 67.16  
 170 D	 68.27  
 171 G	 33.71  
 172 K	 74.01  
 173 G	 47.90  
 174 G	 26.84  
 175 N	 48.86  
 176 H	 39.83  
 177 G	 33.72  
 178 N	 33.47  
 179 S	 34.16  
 180 G	 45.58  
 181 R	 40.48  
 182 G	 44.43  
 183 N	 48.68  
 184 Q	 48.26  
 185 K	 70.44  
 186 E	 52.99  
 187 G	 36.33  
 188 H	 33.60  
 189 S	 63.07  
 190 E	 53.55  
 191 K	 65.45  
 192 K	 41.82  
 193 T	 39.22  
 194 S	 26.75  
 195 V	 6.66  
 196 T	 21.88  
 197 A	 11.94  
 198 S	 36.46  
 199 D	 57.39  
 200 G	 29.64  
 201 E	 46.77  
 202 A	 15.20  
 203 Q	 45.81  
 204 R	 50.70  
 205 G	 17.17  
 206 Q	 37.59  
 207 R	 32.84  
 208 R	 39.15  
 209 R	 51.83  
 210 G	 32.39  
 211 S	 32.04  
 212 Q	 57.05  
 213 K	 64.92  
 214 D	 53.80  
 215 Q	 59.26  
 216 K	 71.99  
 217 D	 41.36  
 218 Q	 68.55  
 219 N	 70.53  
 220 G	 24.42  
 221 K	 46.72  
 222 Q	 47.19  
 223 Q	 43.49  
 224 I	 6.33  
 225 Q	 42.27  
 226 K	 55.23  
 227 K	 56.17  
 228 D	 71.69  
 229 G	 49.88  
 230 K	 73.61  
 231 G	 40.14  
 232 K	 49.78  
 233 S	 48.67  
 234 Q	 39.94  
 235 P	 38.87  
 236 V	 13.85  
 237 G	 35.39  
 238 D	 52.55  
 239 K	 40.82  
 240 V	 12.95  
 241 N	 58.45  
 242 E	 74.35  
 243 D	 63.97  
 244 K	 56.54  
 245 K	 73.15  
 246 K	 69.56  
 247 Q	 64.39  
 248 K	 59.59  
 249 S	 29.11  
 250 N	 57.27  
 251 R	 36.38  
 252 T	 38.03  
 253 R	 36.81  
 254 R	 47.35  
 255 E	 60.18  
 256 S	 29.37  
 257 D	 47.62  
 258 N	 35.62  
 259 Y	 16.09  
 260 A	 10.82  
 261 V	 4.25  
 262 R	 18.39  
 263 K	 42.42  
 264 V	 3.69  
 265 L	 2.23  
 266 H	 22.02  
 267 R	 26.85  
 268 I	 3.06  
 269 V	 6.17  
 270 D	 34.99  
 271 K	 28.53  
 272 V	 2.39  
 273 C	 3.36  
 274 W	 8.48  
 275 M	 1.67  
 276 E	 29.13  
 277 R	 26.28  
 278 V	 6.92  
 279 E	 47.25  
 280 K	 44.31  
 281 R	 30.22  
 282 R	 62.07  
 283 A	 24.06  
 284 K	 49.49  
 285 N	 44.13  
 286 E	 44.67  
 287 L	 11.85  
 288 L	 6.06  
 289 G	 47.36  
 290 E	 55.58  
 291 Q	 47.90  
 292 E	 61.31  
 293 E	 62.26  
 294 L	 11.19  
 295 E	 64.69  
 296 E	 86.35  
 297 E	 48.96  
 298 P	 49.07  
 299 K	 70.52  
 300 S	 62.08  
 301 E	 65.40  
 302 D	 69.20  
 303 E	 36.24  
 304 V	 18.07  
 305 D	 35.72  
 306 V	 12.91  
 307 E	 45.20  
 308 D	 50.98  
 309 H	 25.75  
 310 D	 70.66  
 311 Q	 44.99  
 312 E	 67.79  
 313 E	 31.67  
 314 C	 5.48  
 315 Q	 53.83  
 316 D	 52.14  
 317 Q	 28.46  
 318 R	 42.70  
 319 T	 37.44  
 320 E	 40.90  
 321 T	 36.81  
 322 Q	 49.96  
 323 T	 43.58  
 324 P	 24.82  
 325 K	 76.20  
 326 N	 53.46  
 327 S	 51.59  
 328 E	 54.79  
 329 P	 38.78  
 330 A	 25.93  
 331 Q	 70.15  
 332 E	 60.96  
 333 E	 53.22  
 334 E	 42.72  
 335 T	 38.16  
 336 R	 43.19  
 337 A	 32.12  
 338 E	 60.56  
 339 E	 63.20  
 340 S	 37.35  
 341 K	 75.89  
 342 D	 73.17  
 343 K	 57.51  
 344 E	 78.50  
 345 N	 59.44  
 346 T	 37.32  
 347 E	 67.34  
 348 N	 53.36  
 349 S	 30.50  
 350 D	 78.24  
 351 E	 62.69  
 352 T	 49.06  
 353 K	 58.39  
 354 E	 71.21  
 355 E	 62.21  
 356 S	 39.87  
 357 S	 40.89  
 358 E	 75.90  
 359 D	 59.75  
 360 V	 6.84  
 361 K	 69.03  
 362 E	 67.53  
 363 D	 47.36  
 364 S	 41.21  
 365 N	 50.17  
 366 Q	 49.90  
 367 N	 37.02  
 368 V	 1.96  
 369 I	 3.27  
 370 S	 19.27  
 371 L	 2.64  
 372 V	 6.24  
 373 R	 43.22  
 374 E	 42.60  
 375 K	 31.29  
 376 V	 3.57  
 377 V	 4.48  
 378 T	 16.28  
 379 M	 2.32  
 380 T	 17.58  
 381 T	 13.31  
 382 S	 17.31  
 383 Q	 32.82  
 384 V	 7.36  
 385 A	 13.17  
