 1 M	 9.54  
 2 K	 53.78  
 3 S	 37.23  
 4 S	 26.81  
 5 T	 39.13  
 6 S	 28.45  
 7 D	 42.54  
 8 F	 8.73  
 9 L	 4.86  
 10 T	 33.83  
 11 D	 32.45  
 12 V	 4.30  
 13 Q	 42.41  
 14 T	 18.50  
 15 V	 2.29  
 16 N	 26.63  
 17 I	 2.70  
 18 V	 3.64  
 19 I	 2.11  
 20 K	 25.60  
 21 Q	 34.44  
 22 I	 9.34  
 23 G	 19.75  
 24 P	 46.86  
 25 N	 41.14  
 26 K	 57.41  
 27 S	 46.34  
 28 L	 3.66  
 29 P	 42.62  
 30 A	 28.08  
 31 F	 5.29  
 32 K	 43.23  
 33 R	 31.56  
 34 I	 3.78  
 35 V	 4.39  
 36 E	 45.67  
 37 R	 16.90  
 38 C	 2.20  
 39 S	 37.35  
 40 R	 31.76  
 41 Q	 27.91  
 42 R	 26.79  
 43 V	 2.44  
 44 I	 3.49  
 45 Q	 26.29  
 46 V	 5.51  
 47 S	 18.46  
 48 D	 71.00  
 49 N	 25.19  
 50 P	 27.97  
 51 R	 54.94  
 52 R	 42.85  
 53 L	 3.47  
 54 F	 5.32  
 55 H	 15.76  
 56 C	 2.52  
 57 S	 19.47  
 58 F	 7.78  
 59 I	 1.92  
 60 Q	 34.94  
 61 S	 19.21  
 62 S	 15.81  
 63 S	 41.12  
 64 Y	 16.55  
 65 T	 32.28  
 66 E	 38.65  
 67 F	 5.47  
 68 S	 31.03  
 69 E	 56.79  
 70 L	 6.02  
 71 Q	 32.74  
 72 Q	 44.68  
 73 H	 13.42  
 74 R	 31.92  
 75 R	 26.27  
 76 V	 3.49  
 77 F	 4.22  
 78 A	 6.80  
 79 V	 2.38  
 80 I	 3.12  
 81 G	 13.59  
 82 V	 3.81  
 83 G	 20.60  
 84 F	 4.45  
 85 T	 32.29  
 86 N	 38.23  
 87 G	 33.54  
 88 Q	 55.96  
 89 G	 44.23  
 90 E	 29.45  
 91 P	 53.21  
 92 A	 32.34  
 93 D	 57.04  
 94 K	 56.70  
 95 S	 24.55  
 96 T	 35.67  
 97 R	 37.34  
 98 A	 17.02  
 99 S	 33.03  
 100 R	 40.68  
 101 E	 56.34  
 102 S	 36.08  
 103 T	 38.50  
 104 D	 52.67  
 105 S	 39.73  
 106 E	 53.53  
 107 V	 9.97  
 108 S	 31.21  
 109 E	 64.57  
 110 S	 27.56  
 111 E	 48.13  
 112 Q	 54.40  
 113 I	 2.77  
 114 S	 18.33  
 115 N	 48.34  
 116 A	 11.50  
 117 Y	 19.65  
 118 N	 40.55  
 119 K	 44.61  
 120 L	 5.97  
 121 K	 42.78  
 122 S	 52.82  
 123 D	 49.66  
 124 Y	 15.65  
 125 S	 26.92  
 126 N	 22.78  
 127 I	 2.49  
 128 I	 1.72  
 129 C	 1.53  
 130 S	 21.56  
 131 R	 15.96  
 132 C	 1.18  
 133 I	 2.21  
 134 I	 2.47  
 135 I	 2.78  
 136 G	 27.04  
 137 G	 24.67  
 138 K	 57.67  
 139 D	 65.02  
 140 E	 65.14  
 141 E	 55.37  
 142 F	 9.72  
 143 D	 50.44  
 144 L	 5.49  
 145 I	 4.75  
 146 E	 56.11  
 147 R	 29.94  
 148 H	 16.25  
 149 E	 54.27  
 150 R	 30.54  
 151 L	 3.00  
 152 C	 6.21  
 153 F	 5.65  
 154 P	 36.69  
 155 S	 24.92  
 156 L	 7.61  
 157 E	 50.35  
 158 D	 61.27  
 159 A	 6.46  
 160 T	 46.11  
 161 Q	 44.98  
 162 L	 4.95  
 163 E	 27.17  
 164 S	 40.43  
 165 A	 8.60  
 166 V	 7.32  
 167 R	 30.92  
 168 E	 40.08  
 169 L	 1.65  
 170 M	 2.03  
 171 R	 30.38  
 172 A	 5.74  
 173 I	 1.38  
 174 Y	 6.53  
 175 I	 1.74  
 176 V	 1.38  
 177 I	 2.88  
 178 E	 27.97  
 179 M	 2.00  
 180 K	 36.16  
 181 R	 28.67  
 182 V	 7.71  
 183 D	 34.08  
 184 V	 6.89  
 185 S	 24.19  
 186 F	 18.75  
 187 E	 52.41  
 188 K	 58.72  
 189 K	 46.06  
 190 Q	 65.99  
 191 E	 58.75  
 192 I	 3.84  
 193 P	 19.65  
 194 C	 3.93  
 195 P	 26.29  
 196 I	 12.74  
 197 L	 2.36  
 198 P	 44.00  
 199 D	 64.16  
 200 E	 40.02  
 201 S	 46.31  
 202 R	 26.29  
 203 W	 13.39  
 204 Q	 22.45  
 205 V	 6.83  
 206 G	 9.11  
 207 V	 9.92  
 208 D	 42.35  
 209 T	 25.21  
 210 K	 52.22  
 211 S	 43.06  
 212 T	 26.09  
 213 K	 53.21  
 214 S	 30.20  
 215 Y	 28.18  
 216 R	 38.76  
 217 K	 39.34  
 218 K	 26.20  
 219 C	 5.66  
 220 L	 7.14  
 221 G	 35.79  
 222 R	 12.24  
 223 C	 6.38  
 224 R	 40.06  
 225 K	 50.49  
 226 Q	 20.04  
 227 H	 24.49  
 228 A	 13.63  
 229 D	 32.33  
 230 Y	 5.93  
 231 C	 2.30  
 232 L	 3.79  
 233 L	 2.97  
 234 T	 24.59  
 235 G	 35.02  
 236 L	 1.74  
 237 P	 28.60  
 238 Q	 44.39  
 239 L	 5.77  
 240 A	 9.71  
 241 L	 5.42  
 242 E	 43.53  
 243 A	 14.45  
 244 Y	 12.91  
 245 E	 49.55  
 246 G	 21.12  
 247 A	 7.16  
 248 I	 5.63  
 249 E	 49.86  
 250 S	 34.68  
 251 L	 3.09  
 252 K	 53.69  
 253 S	 36.13  
 254 A	 19.75  
 255 Q	 45.83  
 256 D	 38.27  
 257 H	 13.56  
 258 L	 5.58  
 259 W	 4.78  
 260 L	 2.67  
 261 A	 4.39  
 262 A	 12.37  
 263 A	 9.42  
 264 Y	 15.40  
 265 D	 41.24  
 266 G	 14.79  
 267 W	 5.55  
 268 A	 10.80  
 269 S	 18.18  
 270 T	 16.20  
 271 V	 1.44  
 272 C	 2.51  
 273 I	 2.48  
 274 L	 2.37  
 275 H	 13.81  
 276 A	 12.79  
 277 E	 30.28  
 278 Q	 46.06  
 279 M	 3.81  
 280 G	 32.12  
 281 E	 26.19  
 282 I	 4.24  
 283 N	 17.54  
 284 C	 5.23  
 285 G	 27.13  
 286 A	 10.16  
 287 F	 1.99  
 288 H	 23.83  
 289 R	 21.17  
 290 V	 3.29  
 291 A	 10.90  
 292 S	 14.29  
 293 M	 1.36  
 294 H	 12.90  
 295 A	 5.99  
 296 M	 1.74  
 297 L	 3.99  
 298 T	 20.11  
 299 I	 1.91  
 300 P	 24.82  
 301 S	 29.06  
 302 I	 5.31  
 303 E	 34.23  
 304 I	 6.87  
 305 N	 17.22  
 306 T	 32.92  
 307 Q	 38.71  
 308 T	 40.70  
 309 G	 16.82  
 310 D	 50.20  
 311 S	 24.72  
 312 L	 7.53  
 313 S	 27.70  
 314 V	 8.22  
 315 S	 31.38  
 316 N	 43.34  
 317 D	 32.39  
 318 S	 27.57  
 319 V	 3.83  
 320 L	 5.13  
 321 R	 38.88  
 322 Y	 9.51  
 323 P	 29.35  
 324 S	 46.17  
 325 G	 44.73  
 326 N	 53.56  
 327 K	 59.59  
 328 E	 68.29  
 329 E	 43.13  
 330 M	 5.72  
 331 K	 46.80  
 332 L	 5.94  
 333 Q	 35.12  
 334 S	 51.57  
 335 D	 34.19  
 336 F	 10.63  
 337 S	 46.21  
 338 S	 22.64  
 339 P	 42.87  
 340 Q	 69.44  
 341 G	 31.50  
 342 H	 20.80  
 343 K	 61.32  
 344 R	 27.38  
 345 H	 29.61  
 346 H	 40.76  
 347 S	 38.27  
 348 D	 45.74  
 349 E	 47.50  
 350 H	 20.06  
 351 V	 5.04  
 352 R	 28.09  
 353 V	 6.23  
 354 T	 12.43  
 355 S	 22.61  
 356 S	 19.50  
 357 M	 3.46  
 358 S	 33.58  
 359 N	 46.98  
 360 G	 18.81  
 361 I	 5.41  
 362 E	 51.34  
 363 R	 50.74  
 364 N	 36.15  
 365 E	 54.38  
 366 S	 41.84  
 367 F	 11.26  
 368 G	 46.40  
 369 N	 37.95  
 370 E	 51.20  
 371 S	 37.51  
 372 G	 20.38  
 373 I	 4.23  
 374 V	 4.08  
 375 S	 33.29  
 376 N	 43.39  
 377 G	 23.22  
 378 S	 43.24  
 379 S	 24.86  
 380 P	 35.16  
 381 S	 35.90  
 382 I	 7.94  
 383 R	 46.71  
 384 E	 67.66  
 385 E	 48.71  
 386 P	 32.53  
 387 T	 52.31  
 388 K	 53.07  
 389 V	 7.43  
 390 K	 48.80  
 391 A	 21.33  
 392 S	 22.87  
 393 K	 72.74  
 394 G	 28.35  
 395 L	 7.39  
 396 N	 44.10  
 397 P	 42.06  
 398 L	 6.77  
 399 S	 27.13  
 400 N	 49.95  
 401 F	 6.58  
 402 L	 6.43  
 403 S	 25.57  
 404 D	 56.66  
 405 R	 45.33  
 406 R	 62.37  
 407 E	 65.37  
 408 K	 57.06  
 409 P	 43.90  
 410 T	 57.51  
 411 K	 52.64  
 412 E	 53.65  
 413 R	 34.34  
 414 V	 6.22  
 415 M	 4.34  
 416 E	 57.57  
 417 N	 34.79  
 418 F	 5.16  
 419 K	 62.46  
 420 N	 39.81  
 421 S	 31.82  
 422 I	 9.10  
 423 D	 51.19  
 424 E	 50.58  
 425 F	 9.50  
 426 S	 25.47  
 427 K	 50.61  
 428 F	 5.67  
 429 T	 15.17  
 430 M	 3.50  
 431 A	 11.71  
 432 G	 20.76  
 433 W	 4.05  
 434 L	 5.00  
 435 E	 34.51  
 436 Y	 18.09  
 437 E	 26.08  
 438 T	 20.78  
 439 V	 1.32  
 440 M	 4.19  
 441 R	 27.44  
 442 G	 7.30  
 443 I	 0.85  
 444 M	 2.19  
 445 Y	 6.67  
 446 L	 1.67  
 447 I	 1.75  
 448 L	 4.72  
 449 E	 36.15  
 450 R	 38.28  
 451 E	 42.08  
 452 Y	 15.02  
 453 I	 3.34  
 454 K	 45.10  
 455 L	 4.54  
 456 E	 46.31  
 457 Q	 50.29  
 458 F	 3.59  
 459 H	 22.77  
 460 R	 39.66  
 461 D	 36.45  
 462 Y	 19.83  
 463 T	 31.33  
 464 G	 15.47  
 465 K	 34.54  
 466 Y	 19.39  
 467 L	 7.22  
 468 D	 54.95  
 469 D	 40.99  
 470 S	 37.12  
 471 N	 44.31  
 472 T	 25.04  
 473 F	 6.74  
 474 M	 3.90  
 475 D	 23.27  
 476 H	 21.68  
 477 R	 29.93  
 478 M	 4.37  
 479 K	 38.88  
 480 S	 18.55  
 481 Q	 25.54  
 482 I	 3.58  
 483 C	 1.97  
 484 L	 6.40  
 485 N	 25.78  
 486 S	 12.40  
 487 A	 8.65  
 488 A	 8.72  
 489 M	 3.03  
 490 Y	 10.60  
 491 R	 18.90  
 492 E	 29.94  
 493 I	 3.32  
 494 G	 15.70  
 495 F	 7.98  
 496 L	 5.88  
 497 R	 27.12  
 498 K	 48.39  
 499 Q	 30.21  
 500 A	 11.49  
 501 F	 4.55  
 502 Y	 8.20  
 503 A	 10.24  
 504 R	 19.00  
 505 L	 2.94  
 506 S	 15.95  
 507 V	 9.33  
 508 L	 2.19  
 509 F	 9.83  
 510 E	 33.53  
 511 L	 2.85  
 512 H	 19.77  
 513 V	 9.01  
 514 T	 23.21  
 515 E	 43.86  
 516 G	 24.82  
 517 R	 17.76  
 518 V	 8.60  
 519 R	 25.61  
 520 Q	 42.22  
 521 A	 8.19  
 522 S	 32.89  
 523 D	 52.33  
 524 Y	 10.50  
 525 K	 30.59  
 526 I	 2.67  
 527 V	 3.75  
 528 Y	 7.35  
 529 P	 12.87  
 530 V	 5.55  
 531 L	 2.93  
 532 F	 6.06  
 533 K	 48.30  
 534 T	 23.78  
 535 L	 5.04  
 536 E	 56.45  
 537 G	 27.83  
 538 Y	 14.50  
 539 G	 19.78  
 540 V	 4.06  
 541 E	 46.85  
 542 L	 9.76  
 543 G	 32.65  
 544 E	 52.68  
 545 P	 28.75  
 546 H	 45.16  
 547 D	 65.36  
 548 I	 4.88  
 549 K	 69.63  
 550 N	 47.21  
 551 K	 44.36  
 552 K	 68.98  
 553 L	 11.35  
 554 G	 33.56  
 555 P	 30.42  
 556 V	 10.30  
 557 K	 37.50  
 558 L	 6.92  
 559 Q	 35.03  
 560 I	 4.79  
 561 K	 33.72  
 562 S	 36.27  
 563 L	 3.40  
 564 H	 32.95  
 565 E	 45.12  
 566 I	 2.30  
 567 F	 3.28  
 568 T	 30.44  
 569 A	 7.62  
 570 A	 11.72  
 571 N	 31.69  
 572 R	 36.90  
 573 A	 20.25  
 574 G	 17.08  
 575 H	 24.38  
 576 R	 34.05  
 577 D	 34.38  
 578 A	 12.54  
 579 A	 12.02  
 580 I	 2.82  
 581 R	 16.40  
 582 H	 22.34  
 583 L	 1.26  
 584 C	 1.52  
 585 F	 10.84  
 586 L	 2.97  
 587 L	 1.30  
 588 Q	 24.26  
 589 V	 5.09  
 590 Y	 9.79  
 591 Y	 5.82  
 592 P	 12.13  
 593 H	 26.58  
 594 L	 6.20  
 595 D	 35.32  
 596 S	 28.50  
 597 S	 21.58  
 598 M	 5.27  
 599 T	 15.65  
 600 T	 19.41  
 601 R	 28.37  
 602 L	 5.32  
 603 F	 6.55  
 604 E	 63.36  
 605 D	 52.57  
 606 L	 3.56  
 607 D	 59.75  
 608 N	 54.77  
 609 L	 4.11  
 610 V	 5.06  
 611 K	 53.30  
 612 A	 8.34  
 613 T	 24.30  
 614 N	 44.95  
 615 L	 2.94  
 616 V	 2.68  
 617 H	 29.58  
 618 Q	 34.33  
 619 L	 2.86  
 620 N	 30.31  
 621 Q	 40.99  
 622 T	 18.05  
 623 I	 1.73  
 624 V	 4.36  
 625 V	 4.99  
 626 D	 48.31  
 627 D	 48.99  
 628 G	 20.71  
 629 K	 37.41  
 630 I	 4.17  
 631 I	 3.37  
 632 I	 2.23  
 633 P	 27.34  
 634 G	 18.69  
 635 L	 2.94  
 636 Q	 46.86  
 637 L	 4.45  
 638 T	 19.80  
 639 R	 43.89  
 640 F	 4.25  
 641 P	 21.34  
 642 I	 4.04  
 643 I	 3.19  
 644 Q	 44.04  
 645 S	 16.48  
 646 P	 15.34  
 647 T	 33.14  
 648 V	 3.14  
 649 L	 4.30  
 650 A	 10.14  
 651 L	 5.12  
 652 Q	 25.35  
 653 S	 34.36  
 654 N	 27.54  
 655 L	 7.96  
 656 A	 11.93  
 657 P	 26.31  
 658 T	 29.06  
 659 I	 4.76  
 660 V	 4.74  
 661 P	 30.61  
 662 N	 47.01  
 663 K	 22.96  
 664 C	 5.33  
 665 Q	 39.49  
 666 A	 17.67  
 667 S	 7.67  
 668 I	 2.46  
 669 F	 3.02  
 670 I	 3.40  
 671 Y	 9.52  
 672 T	 13.71  
 673 P	 15.38  
 674 F	 13.85  
 675 A	 17.40  
 676 K	 49.20  
 677 K	 58.50  
 678 A	 18.00  
 679 D	 50.22  
 680 N	 37.03  
 681 A	 12.46  
 682 L	 4.92  
 683 L	 3.00  
 684 W	 7.57  
 685 V	 3.05  
 686 T	 21.94  
 687 D	 27.31  
 688 C	 3.22  
 689 P	 44.80  
 690 G	 58.89  
 691 E	 22.20  
 692 V	 9.94  
 693 E	 28.33  
 694 V	 10.09  
 695 T	 16.56  
 696 V	 5.18  
 697 K	 40.75  
 698 N	 19.17  
 699 C	 4.28  
 700 R	 62.15  
 701 G	 27.89  
 702 S	 14.38  
 703 E	 48.70  
 704 L	 6.01  
 705 V	 4.40  
 706 V	 6.62  
 707 K	 37.19  
 708 D	 30.88  
 709 L	 1.80  
 710 C	 3.32  
 711 L	 6.81  
 712 I	 2.30  
 713 V	 3.19  
 714 E	 50.89  
 715 G	 14.58  
 716 V	 4.73  
 717 N	 46.55  
 718 F	 11.88  
 719 E	 39.08  
 720 P	 21.27  
 721 V	 5.67  
 722 Q	 31.32  
 723 A	 14.42  
 724 R	 12.74  
 725 L	 5.45  
 726 I	 4.53  
 727 L	 7.38  
 728 P	 24.20  
 729 P	 59.22  
 730 E	 75.91  
 731 D	 74.43  
 732 E	 58.13  
 733 E	 73.26  
 734 N	 38.99  
 735 Q	 53.07  
 736 S	 46.42  
 737 G	 21.03  
 738 S	 26.38  
 739 T	 17.40  
 740 I	 2.90  
 741 R	 24.77  
 742 L	 4.28  
 743 L	 4.70  
 744 G	 31.79  
 745 V	 3.99  
 746 P	 32.30  
 747 R	 48.59  
 748 E	 53.67  
 749 S	 38.60  
 750 G	 30.78  
 751 D	 47.92  
 752 L	 3.69  
 753 F	 5.82  
 754 I	 3.67  
 755 T	 23.80  
 756 G	 13.93  
 757 Y	 11.03  
 758 S	 11.30  
 759 C	 3.22  
 760 N	 27.04  
 761 I	 3.21  
 762 F	 5.47  
 763 G	 23.41  
 764 L	 2.46  
 765 H	 28.55  
 766 N	 55.92  
 767 E	 19.13  
 768 C	 5.81  
 769 R	 29.48  
 770 F	 12.01  
 771 F	 3.96  
 772 S	 21.85  
 773 S	 39.56  
 774 N	 56.57  
 775 G	 38.55  
 776 Q	 63.38  
 777 K	 52.54  
 778 P	 39.19  
 779 N	 60.46  
 780 K	 40.18  
 781 I	 8.54  
 782 R	 24.66  
 783 V	 5.99  
 784 K	 28.36  
 785 V	 11.49  
 786 L	 2.28  
 787 P	 32.38  
 788 K	 51.09  
 789 L	 3.30  
 790 A	 12.67  
 791 R	 28.22  
 792 V	 5.49  
 793 Y	 7.39  
 794 L	 4.97  
 795 E	 12.36  
 796 C	 4.71  
 797 S	 31.84  
 798 L	 5.14  
 799 P	 17.69  
 800 R	 59.28  
 801 A	 13.90  
 802 P	 35.48  
 803 I	 9.88  
 804 E	 59.23  
 805 E	 63.93  
 806 D	 55.90  
 807 N	 59.84  
 808 D	 79.91  
 809 E	 47.62  
 810 P	 41.52  
 811 S	 36.37  
 812 A	 21.34  
 813 E	 46.46  
 814 A	 8.87  
 815 V	 2.90  
 816 V	 3.97  
 817 Y	 10.65  
 818 S	 23.46  
 819 G	 14.57  
 820 Q	 41.29  
 821 N	 48.08  
 822 F	 5.83  
 823 D	 45.64  
 824 H	 18.29  
 825 T	 21.86  
 826 I	 2.17  
 827 T	 21.40  
 828 V	 3.71  
 829 V	 4.14  
 830 N	 37.64  
 831 N	 29.47  
 832 S	 31.54  
 833 D	 51.87  
 834 I	 3.22  
 835 P	 14.99  
 836 V	 7.51  
 837 R	 18.70  
 838 Y	 8.19  
 839 C	 3.37  
 840 G	 18.15  
 841 V	 3.47  
 842 K	 24.42  
 843 I	 3.72  
 844 W	 7.68  
 845 Q	 22.70  
 846 P	 17.45  
 847 I	 1.85  
 848 V	 5.72  
 849 Q	 52.42  
 850 G	 39.41  
 851 G	 11.99  
 852 P	 27.61  
 853 P	 37.32  
 854 L	 4.93  
 855 I	 2.43  
 856 C	 4.49  
 857 L	 4.56  
 858 D	 54.78  
 859 D	 33.19  
 860 L	 9.03  
 861 E	 52.01  
 862 T	 33.84  
 863 H	 20.36  
 864 S	 36.61  
 865 Q	 48.35  
 866 E	 46.12  
 867 I	 4.23  
 868 E	 57.97  
 869 G	 21.88  
 870 C	 2.45  
 871 E	 66.65  
 872 T	 39.33  
 873 T	 12.77  
 874 D	 63.37  
 875 D	 46.49  
 876 L	 5.27  
 877 S	 30.33  
 878 S	 29.55  
 879 F	 8.97  
 880 T	 31.96  
 881 L	 10.97  
 882 E	 33.39  
 883 P	 54.30  
 884 N	 58.98  
 885 G	 51.30  
 886 S	 29.60  
 887 K	 66.74  
 888 E	 53.70  
 889 L	 7.68  
 890 H	 41.34  
 891 D	 77.65  
 892 E	 49.31  
 893 E	 55.30  
 894 K	 50.50  
 895 V	 8.96  
 896 L	 6.34  
 897 E	 44.46  
 898 S	 25.01  
 899 V	 3.62  
 900 V	 4.47  
 901 P	 17.70  
 902 L	 4.46  
 903 A	 12.37  
 904 T	 27.14  
 905 T	 12.05  
 906 H	 19.80  
 907 A	 19.49  
 908 I	 2.35  
 909 P	 47.27  
 910 N	 47.07  
 911 P	 40.94  
 912 D	 72.22  
 913 S	 44.15  
 914 E	 62.02  
 915 S	 41.92  
 916 N	 44.57  
 917 D	 41.05  
 918 M	 5.44  
 919 D	 44.29  
 920 L	 4.26  
 921 I	 1.99  
 922 P	 28.22  
 923 F	 10.04  
 924 T	 18.94  
 925 G	 20.72  
 926 R	 24.38  
 927 L	 5.43  
 928 L	 4.03  
 929 T	 28.82  
 930 A	 15.07  
 931 E	 30.58  
 932 F	 6.08  
 933 I	 0.98  
 934 V	 6.37  
 935 R	 20.73  
 936 Y	 8.52  
 937 H	 14.39  
 938 S	 23.05  
 939 D	 29.01  
 940 I	 6.02  
 941 T	 29.17  
 942 T	 32.20  
 943 E	 56.10  
 944 D	 60.53  
 945 G	 26.00  
 946 N	 56.71  
 947 S	 33.73  
 948 F	 14.11  
 949 E	 51.56  
 950 R	 47.89  
 951 K	 28.64  
 952 C	 7.39  
 953 K	 61.40  
 954 L	 5.34  
 955 P	 10.24  
 956 I	 8.45  
 957 A	 6.37  
 958 I	 2.92  
 959 S	 12.87  
 960 I	 3.41  
 961 I	 1.11  
 962 P	 21.00  
 963 A	 10.13  
 964 V	 4.57  
 965 T	 15.73  
 966 V	 2.71  
 967 S	 19.10  
 968 A	 8.96  
 969 W	 3.74  
 970 H	 15.79  
 971 V	 4.87  
 972 L	 2.25  
 973 P	 43.38  
 974 G	 43.82  
 975 D	 51.72  
 976 S	 33.49  
 977 P	 35.65  
 978 F	 8.21  
 979 S	 27.79  
 980 R	 26.10  
 981 Y	 9.25  
 982 I	 2.06  
 983 V	 1.92  
 984 V	 3.39  
 985 D	 30.54  
 986 V	 3.54  
 987 T	 20.98  
 988 N	 46.94  
 989 S	 26.30  
 990 T	 39.13  
 991 E	 39.32  
 992 H	 39.40  
 993 D	 35.19  
 994 A	 17.58  
 995 E	 44.84  
 996 L	 4.73  
 997 V	 3.56  
 998 Y	 18.11  
 999 S	 22.35  
 1000 N	 23.11  
 1001 S	 18.47  
 1002 R	 31.47  
 1003 R	 22.17  
 1004 M	 2.36  
 1005 Y	 9.31  
 1006 V	 5.58  
 1007 L	 2.50  
 1008 P	 23.53  
 1009 K	 62.59  
 1010 E	 51.72  
 1011 T	 16.25  
 1012 C	 4.30  
 1013 R	 44.67  
 1014 V	 3.63  
 1015 P	 11.49  
 1016 I	 5.64  
 1017 L	 3.70  
 1018 S	 19.33  
 1019 P	 21.49  
 1020 C	 2.89  
 1021 C	 4.40  
 1022 S	 41.66  
 1023 D	 28.25  
 1024 V	 2.85  
 1025 T	 34.58  
 1026 G	 25.86  
 1027 G	 18.72  
 1028 A	 10.49  
 1029 F	 5.06  
 1030 H	 26.59  
 1031 Q	 43.74  
 1032 A	 11.02  
 1033 K	 33.68  
 1034 Q	 58.96  
 1035 R	 48.12  
 1036 G	 21.29  
 1037 S	 15.48  
 1038 H	 20.68  
 1039 M	 3.05  
 1040 M	 2.65  
 1041 Q	 34.08  
 1042 K	 22.32  
 1043 M	 4.30  
 1044 E	 55.33  
 1045 T	 23.94  
 1046 E	 36.09  
 1047 R	 32.31  
 1048 L	 4.20  
 1049 R	 26.38  
 1050 L	 6.58  
 1051 I	 3.52  
 1052 L	 6.80  
 1053 E	 37.99  
 1054 N	 37.10  
 1055 H	 18.82  
 1056 V	 14.21  
 1057 S	 13.55  
 1058 K	 47.28  
 1059 H	 22.64  
 1060 L	 7.23  
 1061 D	 28.29  
 1062 I	 6.47  
 1063 R	 22.28  
 1064 W	 10.84  
 1065 S	 14.62  
 1066 I	 1.51  
 1067 P	 25.77  
 1068 A	 13.86  
 1069 L	 5.69  
 1070 N	 37.89  
 1071 L	 9.00  
 1072 D	 44.39  
 1073 G	 33.29  
 1074 Q	 35.69  
 1075 V	 5.19  
 1076 P	 19.50  
 1077 V	 9.51  
 1078 G	 13.40  
 1079 S	 26.77  
 1080 L	 4.41  
 1081 L	 3.72  
 1082 S	 33.71  
 1083 S	 18.72  
 1084 V	 4.14  
 1085 S	 29.90  
 1086 L	 6.93  
 1087 L	 2.30  
 1088 K	 47.05  
 1089 Q	 36.45  
 1090 L	 4.00  
 1091 V	 5.80  
 1092 L	 3.01  
 1093 P	 21.77  
 1094 A	 10.39  
 1095 I	 3.87  
 1096 S	 24.80  
 1097 L	 5.64  
 1098 D	 28.31  
 1099 F	 10.00  
 1100 F	 4.10  
 1101 V	 10.49  
 1102 N	 46.95  
 1103 G	 17.09  
 1104 K	 33.00  
 1105 Q	 45.30  
 1106 Y	 14.93  
 1107 V	 4.71  
 1108 S	 30.30  
 1109 E	 48.46  
 1110 D	 48.45  
 1111 D	 33.66  
 1112 V	 7.85  
 1113 T	 21.73  
 1114 V	 5.44  
 1115 G	 14.67  
 1116 I	 3.22  
 1117 G	 14.67  
 1118 Q	 27.93  
 1119 F	 4.14  
 1120 V	 4.50  
 1121 T	 16.55  
 1122 V	 6.01  
 1123 E	 22.60  
 1124 V	 4.29  
 1125 S	 10.74  
 1126 I	 4.23  
 1127 I	 1.46  
 1128 S	 20.03  
 1129 S	 16.18  
 1130 L	 4.12  
 1131 A	 10.53  
 1132 A	 25.71  
 1133 E	 33.64  
 1134 Y	 17.60  
 1135 N	 23.64  
 1136 G	 22.70  
 1137 I	 1.79  
 1138 L	 5.18  
 1139 S	 21.87  
 1140 L	 8.60  
 1141 E	 32.41  
 1142 C	 8.74  
 1143 E	 41.70  
 1144 Q	 66.05  
 1145 E	 24.94  
 1146 I	 2.92  
 1147 S	 13.82  
 1148 H	 30.63  
 1149 L	 4.65  
 1150 L	 6.22  
 1151 G	 30.66  
 1152 S	 31.34  
 1153 N	 55.57  
 1154 D	 50.06  
 1155 T	 30.44  
 1156 S	 25.17  
 1157 S	 19.44  
 1158 F	 4.37  
 1159 M	 2.96  
 1160 L	 2.69  
 1161 V	 2.89  
 1162 T	 27.71  
 1163 G	 28.11  
 1164 A	 10.70  
 1165 K	 53.21  
 1166 K	 55.89  
 1167 I	 3.14  
 1168 P	 27.95  
 1169 F	 13.65  
 1170 T	 23.57  
 1171 V	 11.50  
 1172 D	 49.87  
 1173 K	 59.87  
 1174 E	 66.26  
 1175 N	 54.10  
 1176 K	 46.88  
 1177 Q	 50.29  
 1178 S	 30.77  
 1179 A	 17.45  
 1180 T	 20.50  
 1181 F	 7.63  
 1182 N	 26.55  
 1183 L	 3.44  
 1184 A	 8.01  
 1185 F	 7.87  
 1186 I	 1.99  
 1187 V	 5.72  
 1188 E	 44.28  
 1189 G	 22.61  
 1190 S	 9.07  
 1191 F	 14.23  
 1192 R	 25.82  
 1193 V	 11.17  
 1194 R	 17.10  
 1195 P	 27.37  
 1196 Q	 41.44  
 1197 I	 5.73  
 1198 T	 14.25  
 1199 P	 37.78  
 1200 A	 16.53  
 1201 P	 46.21  
 1202 G	 35.17  
 1203 Q	 30.85  
 1204 N	 38.17  
 1205 A	 8.96  
 1206 L	 6.46  
 1207 L	 4.57  
 1208 A	 16.16  
 1209 E	 50.40  
 1210 D	 31.71  
 1211 M	 1.53  
 1212 F	 12.09  
 1213 A	 12.35  
 1214 T	 13.66  
 1215 P	 16.41  
 1216 V	 7.94  
 1217 A	 7.69  
 1218 F	 8.25  
 1219 S	 12.86  
 1220 V	 7.32  
 1221 S	 25.36  
 1222 T	 34.02  
 1223 K	 41.38  
 1224 F	 14.17  
