 1 M	 10.08  
 2 K	 61.51  
 3 K	 44.97  
 4 I	 4.88  
 5 H	 25.49  
 6 P	 31.45  
 7 S	 17.58  
 8 Q	 42.69  
 9 A	 14.67  
 10 L	 2.25  
 11 C	 2.94  
 12 T	 30.12  
 13 S	 28.06  
 14 T	 20.61  
 15 G	 30.68  
 16 R	 36.83  
 17 S	 54.31  
 18 N	 55.16  
 19 K	 59.16  
 20 E	 71.08  
 21 E	 54.08  
 22 T	 33.52  
 23 D	 45.51  
 24 I	 5.33  
 25 T	 20.99  
 26 S	 36.19  
 27 D	 46.57  
 28 L	 11.07  
 29 D	 39.38  
 30 P	 40.42  
 31 R	 47.21  
 32 R	 41.47  
 33 Q	 39.69  
 34 R	 35.43  
 35 S	 22.20  
 36 Y	 17.91  
 37 S	 33.74  
 38 D	 45.36  
 39 F	 3.75  
 40 P	 37.07  
 41 A	 15.83  
 42 F	 6.80  
 43 S	 21.03  
 44 A	 11.34  
 45 S	 25.67  
 46 L	 3.04  
 47 T	 16.48  
 48 A	 17.75  
 49 L	 3.67  
 50 Y	 8.98  
 51 K	 36.10  
 52 A	 9.74  
 53 A	 11.00  
 54 R	 44.08  
 55 E	 43.77  
 56 L	 2.23  
 57 I	 2.78  
 58 R	 26.26  
 59 V	 4.48  
 60 F	 3.54  
 61 L	 3.08  
 62 S	 16.31  
 63 R	 28.57  
 64 F	 3.69  
 65 C	 2.54  
 66 L	 2.75  
 67 F	 3.41  
 68 V	 2.34  
 69 Y	 6.64  
 70 L	 1.48  
 71 F	 2.05  
 72 I	 2.44  
 73 L	 1.88  
 74 A	 12.98  
 75 R	 20.45  
 76 F	 9.25  
 77 S	 33.45  
 78 L	 5.93  
 79 K	 45.91  
 80 K	 66.05  
 81 M	 4.89  
 82 P	 39.90  
 83 E	 60.99  
 84 E	 34.19  
 85 Y	 10.56  
 86 I	 2.15  
 87 M	 3.47  
 88 S	 21.09  
 89 S	 13.59  
 90 K	 38.20  
 91 A	 7.03  
 92 C	 2.32  
 93 V	 4.41  
 94 Y	 6.99  
 95 V	 1.68  
 96 L	 2.61  
 97 G	 17.41  
 98 G	 19.84  
 99 A	 8.85  
 100 A	 19.72  
 101 N	 29.70  
 102 T	 19.12  
 103 A	 11.34  
 104 T	 26.39  
 105 L	 3.44  
 106 F	 8.37  
 107 D	 43.79  
 108 F	 7.44  
 109 D	 47.71  
 110 G	 17.70  
 111 V	 2.64  
 112 Y	 10.99  
 113 I	 2.35  
 114 L	 2.47  
 115 D	 45.68  
 116 G	 29.67  
 117 G	 20.47  
 118 F	 10.97  
 119 A	 26.95  
 120 E	 52.37  
 121 K	 59.53  
 122 S	 23.04  
 123 P	 51.84  
 124 G	 36.43  
 125 F	 5.08  
 126 V	 4.45  
 127 A	 8.00  
 128 H	 15.16  
 129 V	 3.94  
 130 R	 28.84  
 131 D	 37.32  
 132 V	 2.51  
 133 S	 19.56  
 134 A	 8.88  
 135 V	 3.33  
 136 L	 2.42  
 137 L	 2.84  
 138 A	 13.77  
 139 A	 9.51  
 140 P	 23.66  
 141 T	 42.44  
 142 L	 4.10  
 143 G	 29.78  
 144 N	 38.11  
 145 L	 6.47  
 146 G	 30.83  
 147 T	 22.27  
 148 T	 15.37  
 149 S	 19.43  
 150 A	 17.67  
 151 L	 5.61  
 152 L	 4.64  
 153 E	 59.13  
 154 Q	 66.24  
 155 G	 24.95  
 156 K	 42.97  
 157 P	 49.04  
 158 L	 6.86  
 159 P	 27.92  
 160 V	 14.06  
 161 F	 4.04  
 162 T	 42.06  
 163 N	 34.34  
 164 T	 36.72  
 165 K	 50.99  
 166 P	 33.65  
 167 F	 13.47  
 168 K	 56.98  
 169 T	 40.05  
 170 A	 19.35  
 171 K	 55.96  
 172 P	 45.49  
 173 G	 33.46  
 174 S	 43.63  
 175 S	 46.49  
 176 G	 31.84  
 177 E	 41.54  
 178 I	 5.63  
 179 A	 7.30  
 180 K	 52.24  
 181 A	 10.32  
 182 I	 3.61  
 183 Q	 48.92  
 184 E	 43.64  
 185 A	 14.82  
 186 N	 38.64  
 187 S	 31.56  
 188 K	 53.94  
 189 L	 4.29  
 190 L	 4.44  
 191 S	 27.03  
 192 V	 10.53  
 193 A	 9.16  
 194 P	 24.79  
 195 P	 35.98  
 196 L	 6.90  
 197 F	 16.91  
 198 S	 28.32  
 199 P	 32.63  
 200 K	 63.77  
 201 Y	 14.72  
 202 P	 24.40  
 203 A	 11.92  
 204 H	 11.50  
 205 I	 3.22  
 206 I	 1.51  
 207 Y	 8.87  
 208 Q	 19.04  
 209 S	 17.14  
 210 A	 9.54  
 211 A	 17.87  
 212 K	 49.63  
 213 G	 22.37  
 214 V	 3.35  
 215 L	 3.12  
 216 S	 13.72  
 217 M	 1.79  
 218 Y	 6.87  
 219 I	 1.27  
 220 L	 2.10  
 221 A	 11.55  
 222 G	 36.48  
 223 D	 38.39  
 224 V	 7.89  
 225 K	 61.34  
 226 D	 50.29  
 227 S	 28.22  
 228 E	 48.34  
 229 V	 8.57  
 230 I	 2.61  
 231 T	 18.55  
 232 K	 30.22  
 233 A	 8.26  
 234 L	 4.92  
 235 A	 28.80  
 236 G	 40.07  
 237 G	 24.17  
 238 N	 44.37  
 239 E	 49.86  
 240 A	 30.09  
 241 E	 45.06  
 242 V	 13.58  
 243 E	 28.60  
 244 K	 48.80  
 245 A	 9.82  
 246 A	 26.78  
 247 A	 18.69  
 248 E	 52.01  
 249 N	 48.45  
 250 G	 15.25  
 251 T	 19.83  
 252 I	 2.37  
 253 A	 5.92  
 254 V	 3.89  
 255 L	 2.54  
 256 L	 2.68  
 257 W	 10.47  
 258 R	 14.74  
 259 P	 18.14  
 260 A	 12.63  
 261 M	 4.74  
 262 T	 32.75  
 263 D	 27.61  
 264 Q	 24.91  
 265 S	 31.38  
 266 A	 6.36  
 267 V	 5.42  
 268 R	 19.76  
 269 V	 4.47  
 270 L	 1.48  
 271 I	 3.06  
 272 S	 31.68  
 273 G	 23.71  
 274 T	 14.35  
 275 S	 27.21  
 276 S	 26.36  
 277 L	 3.58  
 278 A	 14.42  
 279 R	 32.32  
 280 I	 3.48  
 281 Q	 22.66  
 282 Q	 43.52  
 283 S	 23.35  
 284 L	 7.32  
 285 D	 43.74  
 286 K	 56.38  
 287 A	 21.57  
 288 A	 14.01  
 289 K	 58.34  
 290 S	 36.23  
 291 L	 3.24  
 292 P	 38.48  
 293 F	 11.30  
 294 L	 5.15  
 295 N	 44.23  
 296 A	 11.86  
 297 P	 36.33  
 298 T	 37.85  
 299 V	 6.84  
 300 K	 55.02  
 301 S	 31.28  
 302 K	 41.10  
 303 D	 49.92  
 304 A	 17.48  
 305 L	 6.74  
 306 L	 6.34  
 307 D	 45.75  
 308 I	 2.94  
 309 P	 31.68  
 310 A	 12.67  
 311 P	 28.56  
 312 A	 26.50  
 313 V	 3.93  
 314 P	 36.64  
 315 R	 31.55  
 316 P	 17.78  
 317 V	 13.32  
 318 A	 23.99  
 319 G	 42.51  
 320 K	 26.51  
 321 P	 39.76  
 322 S	 39.68  
 323 T	 36.85  
 324 R	 34.27  
 325 S	 27.02  
 326 A	 13.96  
 327 S	 27.96  
 328 T	 29.03  
 329 T	 23.48  
 330 G	 19.82  
 331 A	 7.53  
 332 A	 18.09  
 333 R	 30.63  
 334 T	 35.96  
 335 R	 17.07  
 336 P	 33.65  
 337 A	 19.67  
 338 I	 2.20  
 339 P	 28.81  
 340 A	 11.20  
 341 V	 4.15  
 342 S	 34.36  
 343 A	 7.33  
 344 P	 17.99  
 345 R	 41.78  
 346 A	 17.71  
 347 L	 4.76  
 348 T	 18.38  
 349 S	 27.56  
 350 R	 39.07  
 351 A	 13.03  
 352 P	 36.46  
 353 T	 55.61  
 354 G	 13.52  
 355 P	 32.92  
 356 A	 17.17  
 357 C	 3.28  
 358 P	 34.58  
 359 T	 40.46  
 360 T	 12.83  
 361 T	 25.71  
 362 R	 23.39  
 363 S	 27.04  
 364 A	 17.74  
 365 A	 8.77  
 366 P	 33.60  
 367 A	 12.65  
 368 T	 27.74  
 369 R	 23.85  
 370 T	 27.87  
 371 A	 14.45  
 372 V	 7.11  
 373 P	 15.36  
 374 P	 31.75  
 375 R	 38.20  
 376 A	 17.56  
 377 T	 40.76  
 378 A	 19.88  
 379 P	 26.94  
 380 P	 36.13  
 381 K	 56.37  
 382 A	 16.66  
 383 A	 16.26  
 384 S	 37.62  
 385 A	 15.43  
 386 S	 27.19  
 387 K	 58.88  
 388 A	 11.40  
 389 P	 21.97  
 390 I	 7.58  
 391 R	 33.00  
 392 A	 13.70  
 393 P	 24.21  
 394 I	 5.17  
 395 P	 32.35  
 396 A	 21.10  
 397 K	 41.62  
 398 S	 41.41  
 399 A	 11.99  
 400 P	 53.01  
 401 A	 26.84  
 402 P	 20.33  
 403 P	 49.82  
 404 R	 53.50  
 405 G	 41.51  
 406 A	 11.36  
 407 P	 36.80  
 408 A	 17.37  
 409 K	 48.06  
 410 A	 19.12  
 411 A	 15.75  
 412 K	 52.17  
 413 A	 13.51  
 414 E	 39.64  
 415 A	 13.79  
 416 I	 2.92  
 417 A	 23.37  
 418 Q	 39.73  
 419 K	 39.95  
 420 K	 25.82  
 421 V	 12.52  
 422 A	 22.44  
 423 G	 33.38  
 424 K	 26.00  
 425 V	 4.57  
 426 Q	 32.55  
 427 R	 35.39  
 428 A	 13.46  
 429 A	 15.87  
 430 P	 41.73  
 431 S	 46.69  
 432 K	 43.47  
 433 P	 35.47  
 434 A	 17.54  
 435 S	 37.42  
 436 A	 11.03  
 437 V	 4.67  
 438 S	 38.27  
 439 A	 11.74  
 440 P	 21.22  
 441 K	 59.07  
 442 A	 14.13  
 443 T	 39.02  
 444 A	 11.52  
 445 P	 23.53  
 446 A	 23.99  
 447 S	 27.97  
 448 T	 28.89  
 449 S	 23.23  
 450 S	 38.06  
 451 A	 9.49  
 452 P	 31.90  
 453 A	 18.99  
 454 T	 41.51  
 455 A	 11.31  
 456 P	 33.07  
 457 E	 57.73  
 458 A	 13.79  
 459 S	 26.62  
 460 R	 54.81  
 461 R	 58.66  
 462 D	 46.04  
 463 P	 30.53  
 464 S	 49.34  
 465 D	 47.14  
 466 V	 4.64  
 467 T	 15.45  
 468 I	 2.66  
 469 V	 3.33  
 470 L	 5.53  
 471 D	 32.34  
 472 D	 42.98  
 473 S	 31.41  
 474 L	 12.20  
 475 F	 7.83  
 476 P	 45.61  
 477 E	 68.82  
 478 D	 48.29  
 479 F	 7.58  
 480 N	 58.59  
 481 Q	 47.41  
 482 G	 27.21  
 483 S	 21.31  
 484 A	 15.40  
 485 P	 23.75  
 486 M	 5.70  
 487 D	 29.48  
 488 I	 1.85  
 489 V	 2.52  
 490 V	 5.78  
 491 I	 2.04  
 492 P	 18.33  
 493 P	 49.84  
 494 T	 34.62  
 495 P	 58.85  
 496 E	 71.11  
 497 P	 22.10  
 498 P	 52.40  
 499 R	 66.50  
 500 L	 9.58  
 501 E	 51.38  
 502 E	 48.31  
 503 A	 9.31  
 504 R	 43.21  
 505 A	 19.80  
 506 T	 32.91  
 507 H	 30.37  
 508 P	 38.05  
 509 K	 69.39  
 510 E	 44.72  
 511 P	 37.72  
 512 I	 4.61  
 513 V	 9.26  
 514 D	 44.98  
 515 A	 10.99  
 516 E	 49.44  
 517 D	 54.36  
 518 L	 3.86  
 519 A	 20.49  
 520 K	 68.82  
 521 A	 12.85  
 522 P	 30.11  
 523 Q	 69.11  
 524 E	 47.02  
 525 V	 6.84  
 526 D	 43.87  
 527 D	 46.75  
 528 V	 3.09  
 529 A	 16.59  
 530 N	 35.29  
 531 L	 2.87  
 532 A	 20.71  
 533 D	 47.72  
 534 V	 9.21  
 535 E	 50.93  
 536 D	 60.00  
 537 E	 43.84  
 538 I	 10.84  
 539 P	 25.70  
 540 P	 41.70  
 541 P	 31.64  
 542 V	 12.16  
 543 G	 30.94  
 544 A	 17.20  
 545 F	 9.57  
 546 K	 67.87  
 547 K	 48.43  
 548 P	 58.37  
 549 E	 63.92  
 550 P	 66.70  
 551 R	 39.77  
 552 P	 54.52  
 553 E	 53.07  
 554 T	 24.35  
 555 I	 1.58  
 556 V	 5.45  
 557 A	 16.87  
 558 G	 21.65  
 559 G	 23.81  
 560 S	 37.78  
 561 G	 44.06  
 562 E	 45.90  
 563 D	 58.28  
 564 R	 41.90  
 565 I	 7.58  
 566 P	 40.51  
 567 E	 56.43  
 568 P	 24.76  
 569 V	 8.70  
 570 D	 57.93  
 571 A	 20.56  
 572 F	 10.14  
 573 K	 66.18  
 574 K	 48.47  
 575 P	 52.29  
 576 D	 69.61  
 577 P	 29.97  
 578 V	 17.37  
 579 E	 52.44  
 580 L	 8.56  
 581 D	 40.81  
 582 D	 63.57  
 583 F	 11.85  
 584 D	 55.40  
 585 P	 42.13  
 586 L	 15.96  
 587 K	 50.27  
 588 P	 45.62  
 589 S	 46.17  
 590 H	 39.03  
 591 P	 60.59  
 592 D	 44.34  
 593 P	 36.52  
 594 S	 53.22  
 595 A	 13.29  
 596 P	 31.79  
 597 V	 11.20  
 598 V	 2.80  
 599 P	 34.52  
 600 S	 27.51  
 601 G	 17.35  
 602 H	 19.40  
 603 L	 3.72  
 604 I	 1.32  
 605 V	 6.46  
 606 A	 13.35  
 607 T	 19.82  
 608 P	 45.48  
 609 D	 44.97  
 610 P	 46.34  
 611 E	 81.75  
 612 L	 4.84  
 613 P	 27.17  
 614 N	 54.73  
 615 I	 1.79  
 616 V	 3.39  
 617 A	 10.03  
 618 A	 9.91  
 619 V	 2.61  
 620 P	 19.40  
 621 F	 12.00  
 622 I	 3.92  
 623 P	 24.56  
 624 P	 59.45  
 625 S	 33.61  
 626 P	 51.93  
 627 K	 85.90  
 628 G	 29.63  
 629 P	 41.69  
 630 N	 65.73  
 631 D	 55.74  
 632 G	 38.72  
 633 L	 3.24  
 634 V	 7.66  
 635 K	 51.76  
 636 L	 8.60  
 637 D	 41.44  
 638 D	 73.20  
 639 E	 59.50  
 640 L	 11.91  
 641 E	 40.13  
 642 K	 57.71  
 643 I	 4.00  
 644 A	 14.83  
 645 P	 52.02  
 646 G	 33.31  
 647 F	 10.53  
 648 E	 65.70  
 649 E	 43.05  
 650 P	 28.52  
 651 L	 11.46  
 652 I	 3.30  
 653 P	 31.78  
 654 Q	 57.94  
 655 A	 8.85  
 656 P	 34.68  
 657 R	 58.63  
 658 D	 58.60  
 659 D	 53.94  
 660 G	 27.24  
 661 T	 29.77  
 662 L	 5.41  
 663 A	 21.12  
 664 E	 52.71  
 665 F	 11.46  
 666 N	 35.74  
 667 E	 66.18  
 668 D	 51.61  
 669 V	 4.42  
 670 S	 32.37  
 671 K	 52.99  
 672 L	 3.05  
 673 V	 7.64  
 674 D	 37.37  
 675 I	 2.61  
 676 S	 13.22  
 677 M	 8.23  
 678 D	 35.63  
 679 T	 28.49  
 680 N	 38.99  
 681 S	 29.93  
 682 S	 37.85  
 683 E	 35.68  
 684 V	 6.01  
 685 A	 7.39  
 686 A	 19.95  
 687 D	 45.17  
 688 L	 4.54  
 689 T	 19.94  
 690 K	 48.66  
 691 A	 14.87  
 692 V	 7.77  
 693 G	 28.63  
 694 E	 35.47  
 695 V	 3.21  
 696 T	 21.35  
 697 Q	 38.30  
 698 L	 3.70  
 699 S	 15.18  
 700 A	 30.06  
 701 E	 47.73  
 702 L	 4.01  
 703 Q	 34.10  
 704 N	 39.65  
 705 L	 3.02  
 706 A	 22.10  
 707 L	 11.15  
 708 D	 50.14  
 709 E	 59.72  
 710 K	 62.03  
 711 T	 31.83  
 712 D	 57.19  
 713 E	 51.68  
 714 Y	 14.36  
 715 V	 4.02  
 716 R	 33.04  
 717 K	 46.34  
 718 L	 3.99  
 719 S	 28.22  
 720 N	 45.97  
 721 Q	 30.74  
 722 M	 4.19  
 723 I	 2.89  
 724 E	 35.93  
 725 D	 33.65  
 726 A	 9.76  
 727 T	 47.49  
 728 L	 3.35  
 729 P	 26.56  
 730 F	 10.69  
 731 T	 15.91  
 732 S	 22.97  
 733 A	 12.23  
 734 L	 4.81  
 735 A	 10.84  
 736 S	 22.80  
 737 S	 18.57  
 738 I	 3.47  
 739 V	 5.33  
 740 T	 18.14  
 741 S	 28.44  
 742 N	 48.95  
 743 G	 26.99  
 744 S	 45.56  
 745 E	 47.92  
 746 T	 48.47  
 747 N	 36.09  
 748 G	 37.28  
 749 H	 38.39  
 750 G	 30.06  
 751 E	 38.63  
 752 Q	 42.94  
 753 A	 7.03  
 754 H	 22.69  
 755 A	 17.48  
 756 A	 8.10  
 757 Q	 50.30  
 758 N	 46.03  
 759 G	 27.42  
 760 G	 26.09  
 761 I	 3.76  
 762 K	 57.12  
 763 I	 5.33  
 764 P	 23.95  
 765 K	 53.90  
 766 H	 28.25  
 767 D	 50.38  
 768 L	 3.17  
 769 M	 4.84  
 770 Q	 45.34  
 771 S	 18.21  
 772 H	 13.39  
 773 S	 37.73  
 774 N	 33.10  
 775 V	 6.96  
 776 I	 4.55  
 777 E	 36.06  
 778 N	 27.97  
 779 R	 15.90  
 780 A	 28.34  
 781 A	 8.63  
 782 V	 7.09  
 783 K	 42.86  
 784 Y	 18.96  
 785 E	 43.70  
 786 K	 55.95  
 787 T	 34.96  
 788 D	 37.23  
 789 P	 39.70  
 790 A	 22.38  
 791 L	 5.45  
 792 D	 36.42  
 793 A	 14.46  
 794 V	 4.17  
 795 L	 3.45  
 796 N	 26.78  
 797 A	 5.95  
 798 C	 3.80  
 799 A	 17.48  
 800 Q	 55.41  
 801 E	 37.40  
 802 S	 23.79  
 803 E	 51.29  
 804 Q	 48.41  
 805 I	 4.13  
 806 D	 41.53  
 807 A	 16.03  
 808 S	 35.51  
 809 H	 35.10  
 810 P	 29.67  
 811 E	 67.98  
 812 N	 39.43  
 813 L	 3.31  
 814 H	 31.59  
 815 M	 2.45  
 816 P	 17.96  
 817 A	 20.79  
 818 A	 11.78  
 819 P	 37.38  
 820 G	 29.99  
 821 S	 17.28  
 822 V	 6.38  
 823 A	 12.88  
 824 S	 34.37  
 825 A	 15.50  
 826 K	 48.09  
 827 P	 33.96  
 828 V	 8.63  
 829 K	 41.66  
 830 F	 7.69  
 831 A	 13.06  
 832 R	 23.92  
 833 P	 25.42  
 834 Y	 15.94  
 835 Y	 8.93  
 836 F	 4.79  
 837 D	 20.18  
 838 V	 2.52  
 839 V	 4.87  
 840 T	 25.33  
 841 V	 1.39  
 842 P	 24.62  
 843 R	 48.16  
 844 Y	 16.02  
 845 E	 53.06  
 846 K	 42.56  
 847 L	 6.08  
 848 E	 50.53  
 849 T	 48.81  
 850 S	 14.48  
 851 V	 10.31  
 852 E	 40.59  
 853 A	 17.64  
 854 D	 44.84  
 855 G	 35.99  
 856 L	 4.54  
 857 Q	 49.43  
 858 E	 50.41  
 859 F	 5.01  
 860 I	 3.71  
 861 S	 30.34  
 862 K	 36.53  
 863 V	 5.54  
 864 R	 33.37  
 865 S	 31.06  
 866 R	 30.76  
 867 N	 26.82  
 868 V	 4.53  
 869 I	 3.36  
 870 L	 4.05  
 871 S	 28.39  
 872 S	 30.75  
 873 K	 56.54  
 874 E	 44.31  
 875 I	 8.03  
 876 S	 37.05  
 877 G	 32.12  
 878 E	 41.13  
 879 Q	 42.26  
 880 L	 3.02  
 881 Q	 26.50  
 882 A	 16.04  
 883 I	 1.41  
 884 L	 7.09  
 885 R	 44.12  
 886 G	 23.99  
 887 K	 37.81  
 888 Q	 42.95  
 889 T	 31.39  
 890 W	 4.59  
 891 C	 2.63  
 892 D	 42.22  
 893 R	 31.49  
 894 A	 9.56  
 895 H	 28.48  
 896 P	 15.47  
 897 C	 4.57  
 898 N	 38.92  
 899 V	 7.65  
 900 I	 1.71  
 901 P	 21.56  
 902 T	 24.22  
 903 H	 22.41  
 904 S	 38.32  
 905 S	 13.51  
 906 P	 32.16  
 907 M	 5.84  
 908 L	 3.88  
 909 H	 26.38  
 910 D	 36.14  
 911 F	 6.58  
 912 R	 53.25  
 913 Q	 53.58  
 914 K	 63.17  
 915 N	 50.10  
 916 E	 61.28  
 917 E	 61.46  
 918 Q	 27.40  
 919 F	 8.62  
 920 A	 13.67  
 921 A	 12.79  
 922 N	 32.73  
 923 H	 19.11  
 924 L	 5.73  
 925 Q	 22.33  
 926 F	 9.46  
 927 S	 14.82  
 928 M	 4.56  
 929 P	 29.89  
 930 V	 12.28  
 931 E	 37.29  
 932 K	 45.36  
 933 Q	 34.15  
 934 R	 43.35  
 935 T	 29.11  
 936 T	 22.15  
 937 V	 5.22  
 938 S	 22.02  
 939 S	 27.43  
 940 D	 39.57  
 941 A	 18.03  
 942 G	 29.06  
 943 V	 2.95  
 944 V	 5.73  
 945 E	 30.81  
 946 Y	 12.49  
 947 D	 21.98  
 948 L	 2.99  
 949 A	 13.42  
 950 R	 29.76  
 951 V	 5.17  
 952 D	 36.38  
 953 L	 5.82  
 954 L	 5.96  
