 1 M	 7.29  
 2 T	 30.94  
 3 T	 27.21  
 4 A	 7.58  
 5 S	 27.04  
 6 E	 51.79  
 7 L	 5.27  
 8 L	 4.66  
 9 S	 46.17  
 10 D	 54.26  
 11 D	 34.28  
 12 A	 16.42  
 13 R	 33.03  
 14 A	 20.70  
 15 R	 28.22  
 16 F	 6.48  
 17 S	 25.37  
 18 H	 28.77  
 19 T	 19.47  
 20 K	 37.35  
 21 A	 20.74  
 22 L	 5.31  
 23 F	 7.22  
 24 E	 55.92  
 25 Q	 41.09  
 26 L	 4.63  
 27 E	 48.41  
 28 R	 48.31  
 29 Q	 34.16  
 30 Q	 60.95  
 31 D	 46.05  
 32 V	 3.58  
 33 P	 27.32  
 34 S	 36.34  
 35 F	 5.99  
 36 Y	 23.31  
 37 S	 11.09  
 38 P	 29.62  
 39 R	 37.20  
 40 L	 5.82  
 41 Q	 43.15  
 42 R	 56.41  
 43 Q	 41.72  
 44 P	 45.62  
 45 P	 34.50  
 46 P	 50.14  
 47 P	 64.37  
 48 L	 16.29  
 49 P	 40.41  
 50 P	 70.26  
 51 K	 68.56  
 52 P	 39.28  
 53 P	 43.06  
 54 S	 53.60  
 55 Q	 49.89  
 56 C	 6.67  
 57 P	 25.43  
 58 P	 59.70  
 59 S	 20.55  
 60 P	 32.02  
 61 M	 5.26  
 62 S	 34.16  
 63 Q	 34.53  
 64 V	 6.14  
 65 E	 33.98  
 66 R	 51.11  
 67 N	 27.54  
 68 F	 8.23  
 69 S	 34.95  
 70 D	 35.87  
 71 L	 4.03  
 72 A	 12.15  
 73 A	 25.79  
 74 D	 43.42  
 75 L	 4.01  
 76 D	 46.30  
 77 R	 35.82  
 78 I	 4.68  
 79 Q	 38.46  
 80 S	 35.60  
 81 S	 11.37  
 82 P	 44.82  
 83 A	 21.84  
 84 T	 24.66  
 85 S	 27.57  
 86 R	 28.47  
 87 F	 7.26  
 88 I	 4.25  
 89 Q	 48.89  
 90 N	 41.16  
 91 K	 29.43  
 92 S	 35.78  
 93 S	 35.26  
 94 T	 50.18  
 95 L	 4.12  
 96 P	 22.71  
 97 S	 45.05  
 98 S	 27.07  
 99 Y	 22.34  
 100 S	 27.34  
 101 D	 47.69  
 102 S	 23.36  
 103 T	 25.36  
 104 Q	 44.13  
 105 Q	 35.61  
 106 Y	 12.90  
 107 S	 23.03  
 108 F	 7.75  
 109 E	 46.15  
 110 N	 37.53  
 111 T	 12.34  
 112 V	 9.13  
 113 A	 10.25  
 114 T	 16.42  
 115 S	 16.21  
 116 Q	 36.21  
 117 Y	 16.96  
 118 G	 23.77  
 119 G	 15.07  
 120 L	 5.01  
 121 Q	 45.52  
 122 T	 44.98  
 123 N	 35.95  
 124 N	 56.87  
 125 N	 55.46  
 126 N	 45.08  
 127 N	 53.54  
 128 N	 29.18  
 129 I	 5.86  
 130 N	 26.21  
 131 M	 3.83  
 132 N	 38.77  
 133 S	 21.88  
 134 F	 10.47  
 135 E	 36.98  
 136 P	 31.79  
 137 Y	 15.14  
 138 W	 9.66  
 139 R	 31.61  
 140 N	 34.12  
 141 G	 13.57  
 142 S	 21.72  
 143 I	 3.08  
 144 Y	 11.05  
 145 R	 25.01  
 146 R	 28.68  
 147 Q	 31.57  
 148 F	 14.23  
 149 E	 43.33  
 150 G	 49.86  
 151 N	 48.38  
 152 G	 50.28  
 153 K	 40.97  
 154 P	 43.82  
 155 F	 25.45  
 156 G	 50.24  
 157 E	 54.74  
 158 E	 62.09  
 159 N	 48.81  
 160 D	 60.11  
 161 G	 33.58  
 162 I	 5.06  
 163 S	 23.02  
 164 P	 41.12  
 165 T	 26.55  
 166 T	 33.10  
 167 N	 56.59  
 168 G	 27.97  
 169 V	 4.44  
 170 K	 36.31  
 171 H	 22.49  
 172 T	 18.78  
 173 T	 14.81  
 174 Y	 9.88  
 175 A	 9.49  
 176 V	 2.98  
 177 V	 4.32  
 178 K	 53.14  
 179 T	 28.16  
 180 P	 27.11  
 181 K	 80.60  
 182 E	 49.03  
 183 T	 52.58  
 184 E	 45.78  
 185 L	 10.40  
 186 E	 43.75  
 187 T	 48.52  
 188 T	 25.35  
 189 S	 40.05  
 190 E	 49.18  
 191 N	 42.99  
 192 R	 35.25  
 193 G	 40.74  
 194 L	 2.24  
 195 M	 5.71  
 196 E	 44.18  
 197 T	 16.23  
 198 R	 19.84  
 199 R	 58.80  
 200 G	 27.50  
 201 L	 7.97  
 202 S	 27.78  
 203 P	 46.81  
 204 E	 73.75  
 205 R	 35.78  
 206 P	 44.29  
 207 D	 53.43  
 208 V	 7.82  
 209 D	 55.97  
 210 L	 4.61  
 211 T	 28.63  
 212 N	 49.42  
 213 R	 35.20  
 214 K	 44.28  
 215 V	 6.70  
 216 S	 19.26  
 217 F	 9.36  
 218 S	 19.02  
 219 T	 34.15  
 220 A	 9.99  
 221 P	 31.35  
 222 I	 4.16  
 223 P	 21.75  
 224 V	 6.48  
 225 F	 3.51  
 226 S	 28.74  
 227 A	 6.83  
 228 F	 9.00  
 229 S	 25.06  
 230 V	 5.39  
 231 E	 50.05  
 232 D	 48.77  
 233 Y	 12.25  
 234 D	 68.36  
 235 R	 37.15  
 236 K	 62.89  
 237 N	 53.73  
 238 E	 60.42  
 239 D	 61.04  
 240 I	 5.41  
 241 D	 43.90  
 242 P	 24.73  
 243 V	 5.63  
 244 A	 12.32  
 245 S	 17.69  
 246 C	 2.11  
 247 A	 21.65  
 248 E	 43.82  
 249 Y	 13.80  
 250 E	 35.34  
 251 L	 6.41  
 252 E	 24.66  
 253 R	 62.19  
 254 R	 31.37  
 255 L	 6.49  
 256 E	 44.11  
 257 R	 28.62  
 258 M	 3.71  
 259 D	 55.19  
 260 L	 2.63  
 261 F	 8.18  
 262 E	 42.28  
 263 V	 8.79  
 264 D	 41.74  
 265 L	 9.89  
 266 E	 45.00  
 267 K	 71.38  
 268 G	 21.34  
 269 A	 20.82  
 270 E	 64.72  
 271 G	 27.48  
 272 L	 4.63  
 273 G	 23.22  
 274 V	 4.46  
 275 S	 13.49  
 276 I	 2.68  
 277 I	 2.12  
 278 G	 12.72  
 279 M	 2.50  
 280 G	 14.97  
 281 V	 4.19  
 282 G	 20.24  
 283 A	 12.85  
 284 D	 36.99  
 285 S	 44.75  
 286 G	 38.10  
 287 L	 6.42  
 288 E	 50.16  
 289 K	 57.99  
 290 L	 4.67  
 291 G	 23.50  
 292 I	 5.34  
 293 F	 5.55  
 294 V	 4.49  
 295 K	 25.95  
 296 S	 26.79  
 297 I	 4.46  
 298 T	 23.99  
 299 P	 37.23  
 300 G	 28.21  
 301 G	 26.15  
 302 A	 10.39  
 303 V	 4.26  
 304 H	 22.91  
 305 R	 41.29  
 306 D	 35.53  
 307 G	 27.20  
 308 R	 20.16  
 309 I	 4.78  
 310 R	 22.96  
 311 V	 3.82  
 312 C	 1.98  
 313 D	 38.08  
 314 Q	 32.62  
 315 I	 1.27  
 316 V	 3.66  
 317 S	 19.00  
 318 V	 8.56  
 319 D	 51.82  
 320 G	 21.21  
 321 K	 35.83  
 322 S	 33.54  
 323 L	 4.41  
 324 V	 10.31  
 325 G	 20.74  
 326 V	 2.28  
 327 S	 14.45  
 328 Q	 35.77  
 329 L	 2.15  
 330 Y	 8.95  
 331 A	 11.65  
 332 A	 8.93  
 333 N	 31.32  
 334 T	 20.87  
 335 L	 4.01  
 336 R	 35.53  
 337 S	 39.02  
 338 T	 24.48  
 339 S	 24.72  
 340 N	 42.40  
 341 R	 28.72  
 342 V	 6.37  
 343 T	 16.30  
 344 F	 4.24  
 345 T	 17.10  
 346 I	 4.23  
 347 G	 24.82  
 348 R	 38.18  
 349 E	 38.31  
 350 Q	 59.45  
 351 N	 44.67  
 352 L	 8.47  
 353 E	 68.01  
 354 E	 56.20  
 355 S	 28.17  
 356 E	 45.19  
 357 V	 5.99  
 358 A	 8.39  
 359 Q	 44.25  
 360 L	 2.48  
 361 I	 2.02  
 362 Q	 35.09  
 363 Q	 42.88  
 364 S	 21.25  
 365 L	 6.19  
 366 E	 49.33  
 367 H	 33.02  
 368 D	 36.37  
 369 R	 19.26  
 370 M	 3.92  
 371 R	 16.90  
 372 M	 2.29  
 373 M	 4.28  
 374 G	 29.81  
 375 D	 37.91  
 376 E	 58.56  
 377 E	 66.77  
 378 D	 61.20  
 379 D	 54.18  
 380 I	 11.33  
 381 E	 72.02  
 382 E	 64.54  
 383 P	 33.63  
 384 P	 58.26  
 385 P	 65.24  
 386 P	 47.12  
 387 P	 42.86  
 388 S	 44.90  
 389 Q	 54.04  
 390 M	 2.40  
 391 P	 25.56  
 392 Q	 55.30  
 393 L	 3.68  
 394 P	 23.87  
 395 I	 11.46  
 396 E	 44.48  
 397 Q	 53.37  
 398 D	 45.82  
 399 R	 30.11  
 400 P	 48.60  
 401 T	 32.18  
 402 T	 20.98  
 403 S	 15.63  
 404 M	 4.19  
 405 I	 5.08  
 406 T	 24.62  
 407 K	 42.28  
 408 E	 56.40  
 409 E	 47.69  
 410 I	 5.82  
 411 E	 35.31  
 412 I	 8.07  
 413 R	 21.07  
 414 S	 33.79  
 415 K	 26.90  
 416 I	 2.60  
 417 A	 15.10  
 418 A	 12.68  
 419 L	 5.96  
 420 E	 35.16  
 421 L	 9.12  
 422 E	 33.28  
 423 L	 11.38  
 424 D	 33.62  
 425 V	 10.64  
 426 T	 27.87  
 427 H	 29.48  
 428 K	 44.29  
 429 K	 49.94  
 430 A	 17.58  
 431 E	 61.63  
 432 Q	 50.14  
 433 Y	 7.46  
 434 H	 20.55  
 435 E	 39.97  
 436 V	 3.91  
 437 L	 2.81  
 438 S	 40.93  
 439 S	 35.38  
 440 T	 32.94  
 441 K	 39.90  
 442 S	 29.45  
 443 H	 22.26  
 444 C	 4.62  
 445 D	 51.15  
 446 Q	 57.84  
 447 L	 5.92  
 448 E	 47.14  
 449 K	 68.00  
 450 Q	 49.68  
 451 N	 55.18  
 452 E	 48.88  
 453 Q	 42.32  
 454 A	 11.71  
 455 N	 26.97  
 456 Y	 11.84  
 457 M	 3.36  
 458 I	 1.52  
 459 K	 32.83  
 460 N	 32.56  
 461 Y	 13.52  
 462 Q	 53.30  
 463 E	 53.07  
 464 R	 44.77  
 465 E	 50.56  
 466 K	 60.94  
 467 E	 54.45  
 468 L	 8.33  
 469 L	 6.27  
 470 N	 63.04  
 471 R	 53.20  
 472 E	 63.18  
 473 E	 49.77  
 474 N	 39.49  
 475 H	 27.98  
 476 V	 8.27  
 477 E	 36.03  
 478 Q	 40.48  
 479 L	 4.91  
 480 R	 48.94  
 481 D	 61.16  
 482 K	 56.04  
 483 D	 36.39  
 484 V	 4.59  
 485 H	 23.68  
 486 Y	 9.57  
 487 A	 4.98  
 488 S	 21.89  
 489 L	 2.54  
 490 V	 3.21  
 491 R	 41.21  
 492 Q	 49.78  
 493 L	 4.33  
 494 K	 36.29  
 495 E	 64.56  
 496 R	 39.82  
 497 I	 5.17  
 498 D	 61.73  
 499 E	 52.65  
 500 L	 8.81  
 501 E	 43.72  
 502 S	 55.98  
 503 K	 51.01  
 504 L	 11.36  
 505 E	 59.92  
 506 E	 72.34  
 507 A	 17.99  
 508 E	 56.14  
 509 E	 63.16  
 510 R	 32.87  
 511 R	 31.05  
 512 H	 35.16  
 513 S	 24.86  
 514 I	 2.29  
 515 Q	 52.01  
 516 N	 33.54  
 517 L	 3.04  
 518 E	 56.08  
 519 L	 4.09  
 520 I	 3.23  
 521 E	 55.16  
 522 L	 7.31  
 523 R	 26.64  
 524 E	 75.31  
 525 K	 59.43  
 526 L	 8.09  
 527 K	 67.56  
 528 E	 73.16  
 529 K	 54.85  
 530 V	 12.59  
 531 E	 58.32  
 532 K	 64.61  
 533 R	 32.69  
 534 N	 62.33  
 535 E	 55.14  
 536 G	 15.01  
 537 M	 2.12  
 538 A	 14.19  
 539 Y	 14.40  
 540 R	 17.53  
 541 P	 42.33  
 542 G	 32.96  
 543 G	 35.63  
 544 E	 66.11  
 545 L	 6.24  
 546 P	 25.23  
 547 H	 69.39  
 548 E	 60.30  
 549 D	 40.97  
 550 K	 39.64  
 551 A	 13.63  
 552 V	 5.61  
 553 M	 1.65  
 554 V	 6.25  
 555 N	 17.67  
 556 L	 4.12  
 557 E	 32.72  
 558 T	 33.06  
 559 I	 3.78  
 560 T	 20.71  
 561 P	 35.83  
 562 S	 44.18  
 563 T	 43.23  
 564 K	 53.66  
 565 K	 63.36  
 566 D	 49.90  
 567 A	 28.15  
 568 E	 45.52  
 569 V	 6.35  
 570 S	 16.56  
 571 V	 11.86  
 572 G	 14.41  
 573 S	 22.13  
 574 S	 31.89  
 575 W	 14.99  
 576 T	 22.38  
 577 E	 48.99  
 578 E	 43.25  
 579 Y	 14.28  
 580 S	 30.96  
 581 S	 32.44  
 582 P	 21.69  
 583 C	 9.75  
 584 E	 62.55  
 585 S	 37.60  
 586 P	 20.17  
 587 V	 7.48  
 588 P	 31.13  
 589 R	 45.35  
 590 I	 4.47  
 591 S	 38.51  
 592 E	 42.38  
 593 P	 31.11  
 594 A	 24.89  
 595 S	 22.78  
 596 P	 39.66  
 597 A	 31.09  
 598 L	 5.32  
 599 P	 25.36  
 600 H	 38.31  
 601 K	 53.81  
 602 L	 4.42  
 603 T	 25.16  
 604 H	 35.00  
 605 R	 26.53  
 606 K	 41.77  
 607 L	 6.34  
 608 L	 4.69  
 609 F	 8.52  
 610 P	 31.09  
 611 L	 11.12  
 612 R	 33.39  
 613 K	 58.79  
 614 K	 43.17  
 615 Y	 23.37  
 616 A	 23.24  
 617 E	 54.95  
 618 N	 41.41  
 619 E	 37.78  
 620 F	 8.91  
 621 W	 5.26  
 622 R	 25.91  
 623 A	 11.88  
 624 T	 11.78  
 625 C	 4.14  
 626 Q	 31.21  
 627 P	 25.04  
 628 V	 5.01  
 629 G	 20.82  
 630 L	 2.47  
 631 Q	 35.63  
 632 A	 13.36  
 633 L	 1.92  
 634 H	 22.60  
 635 W	 10.04  
 636 T	 11.87  
 637 V	 5.09  
 638 D	 34.94  
 639 D	 38.46  
 640 V	 1.62  
 641 C	 2.80  
 642 Q	 37.37  
 643 L	 4.28  
 644 L	 0.81  
 645 V	 5.14  
 646 S	 13.70  
 647 M	 4.88  
 648 G	 24.18  
 649 L	 3.72  
 650 D	 34.21  
 651 K	 53.87  
 652 Y	 22.39  
 653 V	 4.51  
 654 P	 28.08  
 655 E	 45.43  
 656 F	 7.32  
 657 T	 23.21  
 658 I	 6.32  
 659 N	 31.97  
 660 K	 38.02  
 661 I	 5.23  
 662 D	 53.24  
 663 G	 33.85  
 664 A	 8.83  
 665 K	 56.88  
 666 F	 6.76  
 667 L	 6.69  
 668 E	 48.20  
 669 L	 12.74  
 670 D	 49.60  
 671 G	 45.88  
 672 N	 46.26  
 673 K	 57.82  
 674 L	 5.05  
 675 K	 37.63  
 676 A	 16.33  
 677 M	 4.67  
 678 G	 24.16  
 679 I	 2.08  
 680 Q	 35.53  
 681 N	 34.41  
 682 H	 18.07  
 683 S	 42.12  
 684 D	 36.32  
 685 R	 36.06  
 686 S	 39.16  
 687 L	 7.48  
 688 I	 6.92  
 689 K	 52.41  
 690 K	 56.67  
 691 K	 44.15  
 692 V	 9.95  
 693 K	 63.27  
 694 G	 34.97  
 695 M	 3.42  
 696 K	 64.85  
 697 N	 41.46  
 698 K	 40.19  
 699 I	 9.37  
 700 E	 50.53  
 701 R	 53.12  
 702 E	 51.98  
 703 R	 37.94  
 704 K	 55.25  
 705 Q	 55.57  
 706 L	 8.21  
 707 E	 52.49  
 708 R	 56.64  
 709 E	 34.89  
 710 S	 45.21  
 711 R	 23.07  
 712 T	 38.27  
 713 R	 19.41  
 714 V	 4.48  
 715 I	 1.78  
 716 A	 7.30  
 717 H	 17.13  
 718 T	 20.11  
 719 I	 1.64  
 720 P	 24.48  
 721 M	 8.30  
