 1 M	 6.06  
 2 L	 3.43  
 3 V	 2.22  
 4 V	 2.56  
 5 Y	 4.75  
 6 Y	 4.04  
 7 F	 2.04  
 8 Y	 4.14  
 9 C	 2.21  
 10 F	 3.94  
 11 P	 26.30  
 12 F	 3.41  
 13 F	 8.97  
 14 S	 22.29  
 15 V	 6.78  
 16 N	 25.11  
 17 S	 25.29  
 18 R	 29.39  
 19 I	 4.57  
 20 F	 3.08  
 21 P	 18.30  
 22 M	 3.77  
 23 A	 15.36  
 24 S	 33.21  
 25 D	 35.89  
 26 Q	 38.68  
 27 N	 46.22  
 28 A	 13.63  
 29 A	 20.72  
 30 E	 40.02  
 31 S	 24.10  
 32 I	 4.98  
 33 A	 16.53  
 34 K	 46.80  
 35 K	 39.78  
 36 L	 6.15  
 37 A	 24.50  
 38 Q	 69.90  
 39 E	 52.88  
 40 E	 42.25  
 41 E	 53.38  
 42 W	 13.41  
 43 L	 3.18  
 44 Q	 50.17  
 45 N	 38.86  
 46 F	 7.64  
 47 Q	 45.49  
 48 K	 46.30  
 49 N	 28.77  
 50 I	 7.04  
 51 A	 14.78  
 52 K	 42.39  
 53 S	 19.18  
 54 A	 14.23  
 55 Q	 38.19  
 56 I	 3.38  
 57 R	 19.32  
 58 Q	 59.86  
 59 G	 18.62  
 60 I	 2.24  
 61 E	 44.11  
 62 Q	 42.51  
 63 V	 3.78  
 64 V	 7.09  
 65 E	 49.50  
 66 K	 42.50  
 67 F	 6.47  
 68 D	 43.70  
 69 Q	 51.88  
 70 R	 38.08  
 71 L	 3.20  
 72 S	 34.76  
 73 S	 45.18  
 74 L	 11.04  
 75 E	 44.53  
 76 K	 58.61  
 77 N	 31.05  
 78 V	 10.59  
 79 L	 4.33  
 80 P	 14.18  
 81 M	 3.71  
 82 H	 20.56  
 83 I	 2.52  
 84 S	 25.50  
 85 N	 51.52  
 86 G	 25.84  
 87 K	 52.58  
 88 L	 10.79  
 89 Q	 55.15  
 90 K	 65.91  
 91 K	 43.77  
 92 Q	 41.73  
 93 H	 42.09  
 94 N	 29.60  
 95 I	 2.06  
 96 Q	 39.17  
 97 R	 33.47  
 98 L	 1.71  
 99 I	 4.69  
 100 N	 35.26  
 101 T	 17.15  
 102 I	 2.68  
 103 D	 31.31  
 104 A	 13.32  
 105 T	 19.83  
 106 L	 3.39  
 107 Q	 25.76  
 108 F	 11.05  
 109 Y	 12.54  
 110 G	 28.22  
 111 K	 28.11  
 112 T	 25.85  
 113 S	 33.66  
 114 T	 36.75  
 115 V	 5.52  
 116 E	 40.82  
 117 N	 41.61  
 118 A	 6.71  
 119 I	 6.77  
 120 N	 41.26  
 121 S	 33.56  
 122 G	 45.65  
 123 N	 26.03  
 124 P	 38.98  
 125 S	 32.06  
 126 V	 10.00  
 127 D	 50.09  
 128 L	 7.19  
 129 D	 25.90  
 130 P	 42.79  
 131 Y	 26.72  
 132 L	 4.70  
 133 E	 49.00  
 134 N	 36.61  
 135 M	 2.43  
 136 E	 60.94  
 137 S	 22.25  
 138 L	 2.52  
 139 Q	 39.68  
 140 Q	 39.56  
 141 A	 5.49  
 142 I	 2.16  
 143 I	 3.47  
 144 F	 3.56  
 145 F	 8.14  
 146 E	 35.14  
 147 T	 37.16  
 148 H	 11.04  
 149 P	 47.14  
 150 N	 36.93  
 151 Y	 18.98  
 152 R	 29.00  
 153 S	 27.37  
 154 Q	 43.82  
 155 T	 30.50  
 156 D	 39.01  
 157 N	 25.64  
 158 M	 3.50  
 159 R	 25.62  
 160 I	 2.89  
 161 T	 14.28  
 162 L	 5.30  
 163 D	 29.45  
 164 T	 34.89  
 165 G	 18.64  
 166 Y	 7.35  
 167 T	 19.34  
 168 M	 3.24  
 169 L	 4.75  
 170 E	 25.48  
 171 K	 53.72  
 172 A	 15.91  
 173 Y	 19.96  
 174 K	 46.19  
 175 N	 21.81  
 176 F	 8.06  
 177 L	 10.46  
 178 L	 4.28  
 179 K	 51.28  
 180 N	 38.32  
 181 S	 20.32  
 182 I	 6.43  
 183 T	 20.76  
 184 V	 8.71  
 185 D	 25.62  
 186 P	 37.18  
 187 A	 13.00  
 188 P	 39.69  
 189 F	 15.42  
 190 V	 6.74  
 191 K	 45.12  
 192 N	 44.18  
 193 E	 48.59  
 194 L	 12.81  
 195 T	 10.53  
 196 P	 48.08  
 197 R	 45.68  
 198 L	 5.92  
 199 S	 38.26  
 200 E	 53.55  
 201 I	 3.09  
 202 K	 23.52  
 203 I	 4.40  
 204 M	 3.08  
 205 T	 43.67  
 206 D	 40.66  
 207 E	 57.41  
 208 E	 44.61  
 209 P	 31.40  
 210 I	 5.91  
 211 I	 3.78  
 212 K	 33.84  
 213 I	 3.66  
 214 G	 10.27  
 215 V	 3.56  
 216 W	 7.26  
 217 L	 3.88  
 218 L	 2.58  
 219 K	 56.96  
 220 Q	 30.88  
 221 P	 37.33  
 222 R	 54.77  
 223 V	 8.28  
 224 P	 31.18  
 225 N	 49.37  
 226 N	 27.70  
 227 F	 7.71  
 228 L	 4.72  
 229 G	 18.39  
 230 Y	 13.13  
 231 Y	 9.68  
 232 S	 20.33  
 233 E	 22.15  
 234 I	 3.96  
 235 R	 30.28  
 236 G	 27.74  
 237 A	 5.38  
 238 Q	 44.35  
 239 I	 6.15  
 240 L	 2.00  
 241 K	 59.25  
 242 N	 43.40  
 243 I	 3.37  
 244 K	 45.24  
 245 S	 24.20  
 246 I	 3.22  
 247 A	 17.11  
 248 E	 50.38  
 249 A	 17.06  
 250 Q	 37.35  
 251 K	 60.15  
 252 S	 15.96  
 253 S	 35.93  
 254 Q	 48.41  
 255 L	 5.16  
 256 A	 8.68  
 257 S	 45.75  
 258 R	 32.00  
 259 S	 35.14  
 260 K	 45.40  
 261 L	 6.08  
 262 S	 20.32  
 263 T	 39.34  
 264 A	 8.85  
 265 V	 9.06  
 266 R	 34.79  
 267 K	 42.83  
 268 P	 19.53  
 269 V	 9.18  
 270 Q	 52.27  
 271 R	 47.20  
 272 S	 25.36  
 273 E	 60.32  
 274 K	 45.01  
 275 V	 5.59  
 276 D	 40.34  
 277 V	 5.90  
 278 L	 1.87  
 279 I	 5.06  
 280 D	 34.04  
 281 L	 3.40  
 282 D	 43.32  
 283 A	 8.35  
 284 C	 1.78  
 285 H	 20.44  
 286 A	 10.68  
 287 M	 0.56  
 288 C	 1.92  
 289 S	 14.63  
 290 A	 13.95  
 291 L	 1.59  
 292 L	 3.20  
 293 S	 31.58  
 294 L	 4.31  
 295 L	 6.75  
 296 E	 60.47  
 297 L	 11.83  
 298 E	 43.65  
 299 E	 65.20  
 300 K	 32.29  
 301 L	 5.58  
 302 M	 4.26  
 303 V	 5.70  
 304 K	 27.00  
 305 A	 13.72  
 306 I	 2.35  
 307 P	 43.62  
 308 D	 58.46  
 309 T	 30.69  
 310 S	 27.76  
 311 K	 54.57  
 312 R	 29.98  
 313 A	 17.39  
 314 Q	 38.63  
 315 V	 4.82  
 316 F	 3.14  
 317 R	 37.17  
 318 E	 41.90  
 319 L	 3.55  
 320 V	 3.80  
 321 S	 40.58  
 322 R	 23.83  
 323 P	 17.52  
 324 L	 5.75  
 325 A	 7.91  
 326 Y	 13.96  
 327 A	 6.87  
 328 V	 1.82  
 329 V	 3.77  
 330 Q	 31.45  
 331 T	 20.81  
 332 Q	 21.32  
 333 K	 52.09  
 334 V	 3.93  
 335 V	 11.17  
 336 N	 54.29  
 337 E	 40.26  
 338 K	 49.82  
 339 D	 37.86  
 340 I	 6.33  
 341 G	 25.60  
 342 I	 2.70  
 343 V	 2.00  
 344 P	 26.68  
 345 L	 5.50  
 346 L	 1.99  
 347 P	 40.33  
 348 L	 4.80  
 349 L	 2.24  
 350 H	 32.19  
 351 L	 5.06  
 352 L	 3.26  
 353 S	 23.80  
 354 Q	 47.09  
 355 N	 29.11  
 356 Y	 7.48  
 357 A	 18.40  
 358 R	 24.01  
 359 F	 3.22  
 360 H	 23.88  
 361 N	 28.76  
 362 L	 4.70  
 363 A	 15.28  
 364 T	 32.44  
 365 N	 26.48  
 366 S	 24.48  
 367 I	 6.23  
 368 G	 28.94  
 369 D	 29.40  
 370 V	 5.28  
 371 Q	 40.96  
 372 F	 7.47  
 373 D	 24.62  
 374 S	 25.92  
 375 L	 3.36  
 376 M	 2.73  
 377 R	 39.07  
 378 Q	 23.45  
 379 L	 4.45  
 380 Q	 25.04  
 381 V	 10.31  
 382 K	 18.55  
 383 C	 3.25  
 384 S	 20.98  
 385 S	 42.44  
 386 Y	 7.33  
 387 V	 5.49  
 388 N	 29.59  
 389 E	 34.52  
 390 V	 5.84  
 391 I	 2.07  
 392 E	 61.92  
 393 N	 36.72  
 394 L	 4.88  
 395 N	 57.59  
 396 E	 60.96  
 397 D	 59.61  
 398 T	 26.21  
 399 T	 34.50  
 400 K	 46.59  
 401 F	 10.55  
 402 V	 7.78  
 403 P	 25.13  
 404 P	 57.76  
 405 D	 56.05  
 406 G	 43.78  
 407 N	 35.98  
 408 V	 7.56  
 409 H	 20.28  
 410 P	 27.45  
 411 T	 21.81  
 412 T	 24.06  
 413 A	 11.73  
 414 S	 31.19  
 415 T	 24.21  
 416 L	 3.85  
 417 N	 35.58  
 418 F	 8.66  
 419 L	 3.11  
 420 S	 21.11  
 421 S	 31.70  
 422 L	 4.39  
 423 T	 23.51  
 424 A	 8.19  
 425 H	 21.36  
 426 R	 24.28  
 427 V	 3.47  
 428 T	 20.14  
 429 V	 4.42  
 430 T	 12.00  
 431 Q	 21.98  
 432 H	 13.75  
 433 V	 2.11  
 434 L	 2.79  
 435 A	 11.19  
 436 L	 3.52  
 437 T	 30.59  
 438 A	 8.68  
 439 P	 33.55  
 440 Q	 66.53  
 441 G	 23.08  
 442 S	 34.92  
 443 N	 39.55  
 444 T	 29.01  
 445 N	 32.70  
 446 L	 4.97  
 447 L	 9.26  
 448 L	 3.86  
 449 P	 31.13  
 450 K	 57.09  
 451 L	 3.71  
 452 F	 5.54  
 453 A	 14.19  
 454 R	 24.05  
 455 I	 2.98  
 456 L	 1.72  
 457 S	 21.05  
 458 A	 16.70  
 459 L	 4.72  
 460 G	 15.66  
 461 S	 23.07  
 462 M	 6.37  
 463 L	 8.67  
 464 K	 43.52  
 465 K	 53.83  
 466 K	 40.70  
 467 A	 21.82  
 468 N	 48.27  
 469 L	 6.23  
 470 Y	 20.36  
 471 D	 59.59  
 472 D	 25.24  
 473 P	 26.81  
 474 T	 35.70  
 475 L	 4.88  
 476 A	 10.92  
 477 T	 18.51  
 478 I	 1.58  
 479 F	 5.73  
 480 L	 4.41  
 481 L	 2.45  
 482 N	 51.60  
 483 N	 26.79  
 484 Y	 14.31  
 485 N	 24.69  
 486 Y	 7.59  
 487 I	 2.56  
 488 A	 6.60  
 489 K	 34.22  
 490 T	 20.39  
 491 L	 5.80  
 492 A	 24.43  
 493 D	 58.14  
 494 E	 44.99  
 495 Q	 51.09  
 496 D	 47.89  
 497 G	 28.89  
 498 L	 7.53  
 499 L	 3.09  
 500 P	 27.02  
 501 A	 22.70  
 502 I	 2.94  
 503 T	 31.15  
 504 E	 30.19  
 505 M	 5.09  
 506 N	 26.18  
 507 S	 24.76  
 508 N	 33.93  
 509 I	 3.23  
 510 L	 3.20  
 511 S	 21.69  
 512 F	 6.91  
 513 Y	 12.63  
 514 H	 24.97  
 515 E	 39.45  
 516 E	 25.31  
 517 I	 3.33  
 518 A	 10.41  
 519 T	 26.06  
 520 C	 2.58  
 521 T	 27.08  
 522 N	 37.75  
 523 E	 33.80  
 524 Y	 22.84  
 525 L	 2.63  
 526 K	 53.15  
 527 S	 24.15  
 528 W	 12.89  
 529 N	 38.80  
 530 G	 15.58  
 531 I	 2.16  
 532 A	 7.60  
 533 S	 26.91  
 534 I	 4.08  
 535 L	 2.91  
 536 K	 46.92  
 537 S	 26.29  
 538 V	 5.69  
 539 D	 43.50  
 540 R	 36.33  
 541 I	 6.49  
 542 G	 37.63  
 543 E	 60.71  
 544 D	 41.07  
 545 K	 37.36  
 546 Q	 49.76  
 547 M	 6.57  
 548 A	 9.71  
 549 K	 34.71  
 550 Q	 27.38  
 551 I	 2.02  
 552 M	 2.60  
 553 S	 21.96  
 554 T	 14.58  
 555 F	 3.13  
 556 V	 6.09  
 557 R	 34.39  
 558 D	 46.29  
 559 F	 5.05  
 560 D	 41.80  
 561 Q	 31.92  
 562 V	 5.28  
 563 L	 2.71  
 564 A	 9.94  
 565 Q	 34.66  
 566 Q	 22.55  
 567 M	 2.36  
 568 D	 30.71  
 569 Y	 6.07  
 570 C	 1.77  
 571 I	 4.21  
 572 S	 44.28  
 573 D	 28.71  
 574 P	 29.14  
 575 K	 55.04  
 576 I	 5.98  
 577 S	 21.66  
 578 A	 24.56  
 579 N	 21.46  
 580 V	 6.96  
 581 Q	 26.48  
 582 T	 30.92  
 583 Q	 24.45  
 584 V	 7.45  
 585 K	 24.97  
 586 S	 30.09  
 587 R	 32.82  
 588 I	 8.73  
 589 W	 5.03  
 590 K	 43.57  
 591 N	 27.05  
 592 Y	 8.28  
 593 S	 24.60  
 594 Q	 35.37  
 595 L	 3.72  
 596 L	 3.87  
 597 D	 54.77  
 598 T	 15.54  
 599 C	 1.90  
 600 Q	 53.73  
 601 R	 28.98  
 602 L	 1.34  
 603 H	 22.74  
 604 V	 9.91  
 605 F	 2.32  
 606 P	 30.33  
 607 Q	 55.57  
 608 G	 20.70  
 609 I	 2.31  
 610 K	 53.60  
 611 Y	 19.84  
 612 T	 20.11  
 613 E	 51.70  
 614 N	 42.12  
 615 T	 18.10  
 616 F	 10.22  
 617 E	 26.18  
 618 M	 3.08  
 619 A	 7.15  
 620 I	 2.64  
 621 R	 25.02  
 622 N	 39.05  
 623 L	 2.94  
 624 F	 6.56  
 625 S	 26.67  
 626 S	 17.77  
 627 A	 18.38  
 628 R	 30.81  
 629 I	 7.79  
 630 N	 40.04  
