 1 M	 7.49  
 2 N	 45.81  
 3 S	 20.20  
 4 L	 3.18  
 5 A	 6.13  
 6 I	 3.00  
 7 I	 1.56  
 8 L	 2.34  
 9 A	 4.63  
 10 F	 3.53  
 11 A	 5.10  
 12 M	 2.26  
 13 L	 2.36  
 14 L	 2.11  
 15 A	 8.96  
 16 T	 15.62  
 17 V	 2.60  
 18 A	 11.44  
 19 A	 22.00  
 20 G	 22.40  
 21 P	 31.96  
 22 G	 30.26  
 23 N	 36.81  
 24 R	 36.94  
 25 Y	 27.78  
 26 G	 26.95  
 27 W	 4.81  
 28 P	 14.72  
 29 S	 38.76  
 30 S	 27.25  
 31 Y	 18.56  
 32 E	 38.61  
 33 R	 32.96  
 34 F	 5.77  
 35 L	 7.12  
 36 E	 40.00  
 37 R	 40.47  
 38 Q	 41.22  
 39 G	 28.80  
 40 V	 3.16  
 41 W	 15.99  
 42 D	 28.65  
 43 F	 5.19  
 44 N	 41.76  
 45 R	 29.08  
 46 H	 33.89  
 47 E	 36.29  
 48 A	 13.06  
 49 R	 25.63  
 50 A	 25.82  
 51 D	 28.27  
 52 Y	 17.62  
 53 R	 38.70  
 54 G	 38.39  
 55 R	 18.30  
 56 K	 67.70  
 57 N	 42.40  
 58 Y	 18.51  
 59 E	 49.46  
 60 R	 37.59  
 61 D	 33.83  
 62 L	 6.01  
 63 R	 42.76  
 64 D	 60.01  
 65 L	 4.02  
 66 F	 10.57  
 67 D	 69.06  
 68 D	 45.52  
 69 W	 10.28  
 70 K	 41.44  
 71 R	 40.29  
 72 Q	 34.03  
 73 T	 30.26  
 74 Q	 28.60  
 75 W	 22.39  
 76 G	 20.37  
 77 G	 19.77  
 78 K	 49.16  
 79 G	 26.76  
 80 Y	 17.85  
 81 R	 35.80  
 82 S	 24.71  
 83 N	 39.52  
 84 R	 31.81  
 85 F	 10.40  
 86 Q	 45.14  
 87 Q	 34.51  
 88 P	 23.40  
 89 T	 54.07  
 90 G	 39.71  
 91 G	 31.27  
 92 N	 25.34  
 93 S	 30.10  
 94 R	 39.32  
 95 Y	 27.08  
 96 G	 19.38  
 97 F	 6.42  
 98 K	 60.39  
 99 G	 40.27  
