 1 M	 7.23  
 2 T	 23.65  
 3 T	 23.43  
 4 I	 1.75  
 5 L	 4.08  
 6 E	 46.26  
 7 L	 4.04  
 8 T	 19.20  
 9 S	 42.33  
 10 A	 19.12  
 11 N	 51.99  
 12 K	 52.96  
 13 T	 43.78  
 14 N	 50.00  
 15 N	 40.34  
 16 K	 59.67  
 17 A	 20.06  
 18 T	 40.72  
 19 N	 48.80  
 20 N	 41.90  
 21 K	 48.33  
 22 L	 6.70  
 23 Q	 42.88  
 24 R	 65.41  
 25 E	 58.88  
 26 G	 45.26  
 27 E	 41.98  
 28 N	 66.03  
 29 E	 55.93  
 30 Y	 26.54  
 31 P	 19.05  
 32 P	 49.89  
 33 A	 18.52  
 34 K	 64.08  
 35 R	 45.55  
 36 S	 38.92  
 37 K	 61.07  
 38 T	 50.35  
 39 D	 66.13  
 40 D	 71.13  
 41 E	 68.05  
 42 E	 76.03  
 43 E	 44.20  
 44 P	 33.50  
 45 T	 30.97  
 46 V	 8.31  
 47 V	 5.62  
 48 G	 23.63  
 49 N	 32.59  
 50 G	 15.76  
 51 T	 19.25  
 52 I	 2.59  
 53 V	 5.55  
 54 G	 32.10  
 55 A	 9.38  
 56 P	 29.12  
 57 K	 55.28  
 58 Q	 40.19  
 59 Q	 51.00  
 60 T	 22.01  
 61 L	 3.49  
 62 S	 44.04  
 63 G	 26.05  
 64 V	 5.46  
 65 N	 33.55  
 66 Q	 50.76  
 67 S	 27.42  
 68 G	 32.13  
 69 N	 27.69  
 70 V	 10.95  
 71 N	 29.88  
 72 V	 6.35  
 73 E	 45.62  
 74 T	 38.49  
 75 T	 14.59  
 76 K	 70.10  
 77 N	 41.07  
 78 T	 42.94  
 79 E	 65.34  
 80 G	 28.92  
 81 Q	 49.67  
 82 D	 77.42  
 83 G	 28.65  
 84 E	 54.20  
 85 K	 47.83  
 86 M	 6.22  
 87 D	 59.04  
 88 T	 29.83  
 89 S	 24.67  
 90 N	 44.45  
 91 N	 39.46  
 92 A	 21.99  
 93 G	 33.18  
 94 G	 16.70  
 95 V	 9.68  
 96 G	 32.60  
 97 G	 28.23  
 98 N	 40.12  
 99 S	 35.42  
 100 D	 55.34  
 101 E	 51.56  
 102 L	 10.08  
 103 L	 9.19  
 104 D	 50.88  
 105 K	 49.15  
 106 N	 43.83  
 107 L	 5.17  
 108 Y	 15.94  
 109 S	 22.37  
 110 R	 17.23  
 111 Q	 27.40  
 112 I	 2.49  
 113 Y	 6.38  
 114 T	 29.89  
 115 L	 3.93  
 116 G	 21.00  
 117 E	 38.14  
 118 S	 21.62  
 119 A	 11.14  
 120 M	 2.60  
 121 V	 6.45  
 122 N	 15.66  
 123 L	 3.33  
 124 R	 24.04  
 125 T	 26.84  
 126 A	 7.39  
 127 S	 19.49  
 128 V	 5.22  
 129 L	 2.09  
 130 I	 2.62  
 131 S	 24.65  
 132 G	 27.36  
 133 L	 3.54  
 134 G	 24.66  
 135 S	 22.27  
 136 V	 10.65  
 137 G	 17.03  
 138 V	 4.51  
 139 E	 31.16  
 140 I	 6.50  
 141 A	 4.91  
 142 K	 58.93  
 143 N	 24.24  
 144 L	 3.18  
 145 I	 4.73  
 146 L	 5.71  
 147 G	 26.09  
 148 G	 15.16  
 149 V	 3.47  
 150 R	 23.10  
 151 H	 20.75  
 152 V	 3.63  
 153 T	 13.38  
 154 I	 2.42  
 155 H	 27.59  
 156 D	 41.51  
 157 T	 17.50  
 158 K	 53.13  
 159 L	 6.86  
 160 A	 16.90  
 161 K	 58.63  
 162 W	 7.47  
 163 S	 28.15  
 164 D	 43.45  
 165 L	 3.69  
 166 S	 20.51  
 167 A	 14.53  
 168 Q	 24.83  
 169 Y	 12.27  
 170 Y	 5.33  
 171 L	 3.21  
 172 R	 22.43  
 173 D	 44.52  
 174 A	 13.62  
 175 D	 51.74  
 176 V	 10.09  
 177 G	 16.95  
 178 H	 22.05  
 179 N	 29.38  
 180 R	 33.30  
 181 A	 14.80  
 182 T	 18.98  
 183 S	 17.45  
 184 C	 3.39  
 185 Y	 12.12  
 186 E	 45.61  
 187 R	 16.84  
 188 L	 2.65  
 189 A	 26.00  
 190 E	 53.34  
 191 L	 7.79  
 192 N	 30.89  
 193 D	 67.59  
 194 S	 17.96  
 195 V	 10.17  
 196 N	 23.58  
 197 V	 5.80  
 198 Q	 20.45  
 199 V	 6.07  
 200 S	 17.04  
 201 T	 34.34  
 202 D	 41.21  
 203 E	 58.65  
 204 L	 8.98  
 205 T	 31.27  
 206 E	 63.16  
 207 E	 50.97  
 208 F	 5.78  
 209 V	 6.89  
 210 K	 49.12  
 211 T	 19.65  
 212 F	 5.91  
 213 D	 43.73  
 214 L	 2.22  
 215 V	 3.40  
 216 V	 6.56  
 217 L	 2.53  
 218 T	 16.39  
 219 D	 33.79  
 220 A	 8.13  
 221 A	 16.50  
 222 R	 32.11  
 223 T	 23.55  
 224 A	 9.30  
 225 Q	 36.88  
 226 R	 27.66  
 227 Q	 20.00  
 228 I	 2.84  
 229 A	 6.65  
 230 A	 15.14  
 231 W	 4.20  
 232 T	 17.16  
 233 R	 24.13  
 234 A	 9.27  
 235 H	 25.66  
 236 N	 33.66  
 237 R	 19.70  
 238 R	 33.12  
 239 I	 2.70  
 240 L	 3.06  
 241 I	 2.81  
 242 T	 21.84  
 243 D	 27.55  
 244 A	 11.07  
 245 R	 44.62  
 246 G	 26.92  
 247 V	 2.10  
 248 F	 5.23  
 249 S	 18.21  
 250 Y	 9.69  
 251 I	 2.23  
 252 F	 5.65  
 253 N	 33.86  
 254 D	 37.85  
 255 F	 16.18  
 256 G	 31.64  
 257 D	 51.60  
 258 N	 28.60  
 259 F	 9.60  
 260 R	 37.37  
 261 I	 5.00  
 262 D	 34.92  
 263 D	 43.59  
 264 A	 17.47  
 265 T	 48.52  
 266 G	 25.67  
 267 E	 41.36  
 268 Q	 40.69  
 269 V	 5.72  
 270 R	 34.40  
 271 E	 46.16  
 272 F	 5.39  
 273 F	 5.69  
 274 I	 4.58  
 275 E	 29.63  
 276 H	 28.82  
 277 I	 3.64  
 278 D	 44.12  
 279 K	 47.59  
 280 T	 35.96  
 281 T	 36.77  
 282 G	 32.39  
 283 E	 34.30  
 284 V	 5.39  
 285 T	 22.74  
 286 T	 36.93  
 287 L	 2.76  
 288 E	 50.20  
 289 N	 51.63  
 290 L	 2.15  
 291 F	 6.91  
 292 H	 42.99  
 293 G	 24.35  
 294 L	 3.99  
 295 E	 65.62  
 296 D	 73.24  
 297 G	 19.97  
 298 D	 45.46  
 299 H	 26.50  
 300 V	 7.42  
 301 T	 20.30  
 302 F	 5.96  
 303 S	 31.92  
 304 E	 44.02  
 305 V	 6.04  
 306 K	 44.12  
 307 G	 42.90  
 308 L	 3.00  
 309 T	 43.41  
 310 E	 39.23  
 311 I	 4.53  
 312 N	 42.71  
 313 G	 23.87  
 314 C	 4.15  
 315 E	 55.88  
 316 P	 42.93  
 317 L	 2.67  
 318 K	 47.23  
 319 I	 7.63  
 320 T	 24.68  
 321 V	 5.25  
 322 K	 37.84  
 323 N	 45.14  
 324 A	 14.37  
 325 S	 47.36  
 326 K	 39.77  
 327 F	 8.14  
 328 N	 40.86  
 329 I	 6.70  
 330 G	 25.70  
 331 D	 25.24  
 332 F	 6.45  
 333 A	 10.77  
 334 V	 6.32  
 335 S	 18.66  
 336 F	 5.32  
 337 S	 32.31  
 338 D	 57.42  
 339 Y	 15.11  
 340 K	 55.67  
 341 E	 61.73  
 342 G	 25.37  
 343 G	 26.97  
 344 R	 24.25  
 345 C	 3.95  
 346 R	 42.86  
 347 Q	 42.90  
 348 V	 3.31  
 349 K	 33.87  
 350 V	 7.03  
 351 P	 17.15  
 352 T	 44.76  
 353 S	 18.62  
 354 V	 5.16  
 355 S	 20.66  
 356 H	 29.16  
 357 V	 4.53  
 358 P	 26.67  
 359 F	 21.02  
 360 E	 35.35  
 361 K	 49.85  
 362 S	 30.37  
 363 L	 8.18  
 364 V	 17.38  
 365 E	 44.39  
 366 P	 34.44  
 367 E	 42.89  
 368 F	 14.57  
 369 G	 20.58  
 370 I	 2.84  
 371 W	 7.92  
 372 D	 31.43  
 373 Y	 9.19  
 374 A	 13.95  
 375 K	 32.28  
 376 F	 9.17  
 377 E	 56.69  
 378 Y	 16.00  
 379 P	 14.38  
 380 S	 44.46  
 381 Q	 32.53  
 382 L	 2.75  
 383 H	 15.90  
 384 A	 17.25  
 385 L	 2.65  
 386 W	 4.76  
 387 T	 13.97  
 388 A	 6.23  
 389 L	 2.19  
 390 Y	 13.54  
 391 A	 13.26  
 392 F	 8.66  
 393 E	 45.46  
 394 E	 45.16  
 395 K	 45.89  
 396 Y	 22.50  
 397 G	 34.36  
 398 R	 36.06  
 399 S	 22.50  
 400 P	 44.94  
 401 A	 17.24  
 402 P	 33.85  
 403 R	 55.21  
 404 S	 29.39  
 405 T	 31.57  
 406 Q	 39.32  
 407 D	 33.62  
 408 A	 7.09  
 409 A	 23.01  
 410 L	 8.22  
 411 L	 3.29  
 412 K	 51.85  
 413 E	 52.48  
 414 L	 7.16  
 415 I	 2.40  
 416 P	 39.05  
 417 S	 51.89  
 418 G	 31.62  
 419 T	 34.48  
 420 E	 58.41  
 421 E	 64.78  
 422 I	 4.32  
 423 P	 35.63  
 424 E	 67.18  
 425 K	 49.78  
 426 L	 3.33  
 427 I	 6.82  
 428 E	 54.95  
 429 L	 3.27  
 430 F	 4.49  
 431 S	 30.80  
 432 F	 5.76  
 433 S	 21.96  
 434 A	 21.32  
 435 S	 27.32  
 436 G	 31.07  
 437 N	 28.92  
 438 L	 3.79  
 439 V	 6.03  
 440 T	 20.17  
 441 V	 2.90  
 442 S	 14.19  
 443 S	 19.24  
 444 V	 3.45  
 445 V	 6.67  
 446 G	 21.45  
 447 G	 8.51  
 448 I	 2.06  
 449 A	 13.33  
 450 A	 13.06  
 451 Q	 29.93  
 452 E	 46.10  
 453 A	 7.91  
 454 M	 3.70  
 455 K	 58.22  
 456 G	 19.23  
 457 V	 3.72  
 458 T	 18.09  
 459 H	 13.30  
 460 H	 16.67  
 461 M	 2.99  
 462 T	 22.55  
 463 P	 29.95  
 464 L	 4.78  
 465 K	 40.40  
 466 Q	 56.50  
 467 W	 5.55  
 468 L	 2.38  
 469 H	 26.67  
 470 L	 4.57  
 471 D	 32.79  
 472 H	 24.81  
 473 V	 5.63  
 474 E	 34.61  
 475 V	 8.32  
 476 L	 2.19  
 477 P	 43.82  
 478 G	 38.64  
 479 D	 43.47  
 480 W	 10.40  
 481 T	 25.02  
 482 S	 26.75  
 483 F	 8.90  
 484 D	 59.25  
 485 N	 38.75  
 486 S	 36.50  
 487 K	 63.39  
 488 L	 5.85  
 489 S	 42.03  
 490 E	 60.13  
 491 T	 38.40  
 492 D	 25.63  
 493 C	 8.61  
 494 Q	 38.73  
 495 P	 42.48  
 496 R	 22.64  
 497 Q	 38.66  
 498 S	 33.80  
 499 R	 25.81  
 500 Y	 29.67  
 501 D	 41.43  
 502 G	 15.30  
 503 Q	 24.21  
 504 A	 15.89  
 505 A	 6.84  
 506 V	 5.24  
 507 F	 7.90  
 508 G	 20.18  
 509 W	 4.13  
 510 P	 22.70  
 511 Y	 15.50  
 512 Q	 30.74  
 513 E	 27.61  
 514 C	 2.28  
 515 L	 3.79  
 516 F	 10.65  
 517 R	 16.53  
 518 Q	 39.35  
 519 R	 25.25  
 520 W	 5.09  
 521 F	 3.30  
 522 V	 2.85  
 523 V	 2.94  
 524 G	 17.00  
 525 A	 7.82  
 526 G	 16.29  
 527 A	 8.41  
 528 I	 6.75  
 529 G	 9.79  
 530 C	 2.45  
 531 E	 52.50  
 532 L	 10.83  
 533 L	 1.29  
 534 K	 69.35  
 535 N	 37.00  
 536 L	 3.12  
 537 S	 19.00  
 538 M	 2.82  
 539 M	 3.34  
 540 G	 8.67  
 541 V	 1.85  
 542 A	 7.00  
 543 C	 4.78  
 544 G	 27.18  
 545 E	 50.39  
 546 G	 22.84  
 547 G	 21.67  
 548 L	 5.46  
 549 I	 3.24  
 550 K	 44.59  
 551 I	 2.90  
 552 T	 21.92  
 553 D	 41.98  
 554 M	 2.82  
 555 D	 49.46  
 556 Q	 28.69  
 557 I	 4.41  
 558 E	 34.43  
 559 I	 3.37  
 560 S	 23.60  
 561 N	 47.17  
 562 L	 4.45  
 563 N	 39.70  
 564 R	 31.62  
 565 Q	 38.02  
 566 F	 6.68  
 567 L	 2.18  
 568 F	 6.36  
 569 R	 34.57  
 570 R	 31.64  
 571 R	 38.42  
 572 D	 41.42  
 573 V	 11.75  
 574 G	 46.63  
 575 G	 33.78  
 576 K	 47.39  
 577 K	 55.55  
 578 S	 41.20  
 579 E	 36.74  
 580 C	 4.66  
 581 A	 8.91  
 582 A	 16.18  
 583 R	 15.86  
 584 A	 9.78  
 585 V	 3.10  
 586 T	 25.25  
 587 A	 8.60  
 588 F	 7.03  
 589 N	 34.53  
 590 S	 30.91  
 591 D	 34.51  
 592 V	 7.15  
 593 R	 26.48  
 594 I	 3.50  
 595 E	 27.37  
 596 A	 15.08  
 597 L	 3.10  
 598 A	 15.03  
 599 E	 49.07  
 600 R	 23.38  
 601 V	 8.47  
 602 G	 24.82  
 603 L	 7.24  
 604 E	 46.34  
 605 T	 37.60  
 606 E	 26.13  
 607 H	 37.04  
 608 I	 2.55  
 609 F	 11.55  
 610 N	 47.50  
 611 D	 43.24  
 612 E	 43.94  
 613 F	 12.13  
 614 F	 7.56  
 615 G	 43.75  
 616 E	 33.63  
 617 L	 7.46  
 618 N	 38.29  
 619 G	 32.32  
 620 V	 3.45  
 621 A	 9.29  
 622 N	 38.33  
 623 A	 13.42  
 624 L	 5.03  
 625 D	 51.18  
 626 N	 34.12  
 627 V	 6.42  
 628 D	 40.38  
 629 A	 8.12  
 630 R	 26.29  
 631 R	 32.61  
 632 Y	 9.60  
 633 M	 2.83  
 634 D	 26.41  
 635 R	 19.85  
 636 R	 15.25  
 637 C	 2.10  
 638 V	 4.45  
 639 Y	 6.11  
 640 Y	 5.81  
 641 R	 16.49  
 642 L	 1.71  
 643 P	 26.38  
 644 L	 11.10  
 645 L	 4.68  
 646 E	 55.60  
 647 S	 39.26  
 648 G	 15.45  
 649 T	 23.00  
 650 M	 7.97  
 651 G	 24.90  
 652 T	 25.59  
 653 K	 44.42  
 654 G	 42.11  
 655 N	 28.97  
 656 T	 31.26  
 657 Q	 27.03  
 658 V	 4.13  
 659 V	 2.61  
 660 Y	 6.31  
 661 P	 13.17  
 662 Y	 14.47  
 663 L	 3.56  
 664 T	 19.62  
 665 E	 45.12  
 666 S	 25.69  
 667 Y	 13.31  
 668 S	 25.97  
 669 S	 26.58  
 670 S	 25.30  
 671 V	 16.11  
 672 D	 55.79  
 673 P	 36.47  
 674 P	 61.91  
 675 E	 69.57  
 676 K	 67.71  
 677 E	 51.36  
 678 I	 4.61  
 679 P	 19.07  
 680 V	 4.84  
 681 C	 2.86  
 682 T	 40.79  
 683 L	 3.45  
 684 K	 38.09  
 685 N	 61.80  
 686 F	 7.03  
 687 P	 47.11  
 688 N	 55.66  
 689 E	 44.24  
 690 I	 4.64  
 691 Q	 22.84  
 692 H	 30.51  
 693 T	 9.86  
 694 I	 2.78  
 695 Q	 29.00  
 696 W	 8.08  
 697 A	 6.69  
 698 R	 34.98  
 699 E	 52.45  
 700 Q	 35.60  
 701 F	 9.05  
 702 E	 44.38  
 703 T	 25.91  
 704 F	 3.63  
 705 F	 8.90  
 706 A	 15.51  
 707 Q	 41.18  
 708 P	 36.96  
 709 G	 25.82  
 710 E	 41.63  
 711 M	 6.54  
 712 A	 16.26  
 713 N	 34.01  
 714 K	 37.84  
 715 F	 8.72  
 716 L	 7.24  
 717 S	 40.33  
 718 D	 52.32  
 719 E	 51.86  
 720 R	 61.05  
 721 G	 27.90  
 722 F	 14.02  
 723 N	 41.09  
 724 E	 42.92  
 725 H	 33.89  
 726 V	 5.91  
 727 D	 41.78  
 728 K	 46.78  
 729 L	 3.05  
 730 I	 5.53  
 731 S	 40.77  
 732 G	 19.20  
 733 Q	 30.20  
 734 Q	 38.56  
 735 I	 2.46  
 736 D	 31.07  
 737 I	 4.73  
 738 L	 3.41  
 739 Q	 49.16  
 740 K	 48.05  
 741 V	 4.35  
 742 K	 44.30  
 743 D	 49.98  
 744 A	 10.74  
 745 L	 5.37  
 746 I	 4.11  
 747 D	 37.06  
 748 A	 20.49  
 749 R	 28.08  
 750 P	 34.06  
 751 S	 36.31  
 752 S	 38.06  
 753 A	 22.45  
 754 E	 56.20  
 755 D	 32.62  
 756 C	 1.39  
 757 I	 6.78  
 758 R	 27.60  
 759 W	 4.62  
 760 A	 7.24  
 761 R	 30.44  
 762 N	 38.99  
 763 Q	 35.53  
 764 F	 7.52  
 765 Q	 29.98  
 766 E	 53.21  
 767 L	 3.52  
 768 Y	 11.18  
 769 H	 33.22  
 770 N	 28.22  
 771 N	 20.05  
 772 I	 3.23  
 773 A	 7.28  
 774 Q	 31.04  
 775 M	 2.41  
 776 L	 1.71  
 777 H	 23.27  
 778 S	 35.17  
 779 F	 7.68  
 780 P	 34.27  
 781 P	 39.71  
 782 D	 57.25  
 783 Q	 52.62  
 784 L	 8.18  
 785 T	 23.61  
 786 D	 54.38  
 787 S	 35.10  
 788 G	 35.28  
 789 A	 14.07  
 790 K	 51.39  
 791 F	 6.60  
 792 W	 8.64  
 793 S	 31.82  
 794 G	 26.22  
 795 A	 7.21  
 796 K	 59.04  
 797 R	 38.37  
 798 C	 2.42  
 799 P	 25.34  
 800 H	 40.08  
 801 V	 2.56  
 802 L	 4.87  
 803 N	 37.88  
 804 F	 14.81  
 805 D	 45.55  
 806 P	 43.07  
 807 S	 55.32  
 808 K	 72.94  
 809 E	 62.13  
 810 E	 58.47  
 811 H	 24.84  
 812 F	 9.56  
 813 N	 33.80  
 814 F	 4.71  
 815 V	 3.15  
 816 F	 4.04  
 817 A	 8.59  
 818 A	 5.90  
 819 S	 17.94  
 820 I	 2.50  
 821 L	 2.55  
 822 I	 2.39  
 823 A	 9.41  
 824 E	 35.21  
 825 L	 3.13  
 826 Y	 13.52  
 827 G	 24.98  
 828 V	 3.75  
 829 Q	 18.23  
 830 P	 27.06  
 831 I	 3.32  
 832 L	 6.90  
 833 D	 57.58  
 834 R	 38.23  
 835 E	 57.17  
 836 E	 44.10  
 837 V	 2.65  
 838 I	 3.12  
 839 R	 16.90  
 840 V	 4.28  
 841 A	 5.58  
 842 L	 5.55  
 843 S	 15.31  
 844 V	 16.81  
 845 N	 31.66  
 846 P	 48.78  
 847 E	 58.37  
 848 P	 39.91  
 849 F	 27.60  
 850 E	 63.63  
 851 P	 36.17  
 852 K	 53.28  
 853 S	 60.58  
 854 G	 30.75  
 855 V	 5.38  
 856 K	 28.59  
 857 I	 3.28  
 858 A	 7.76  
 859 V	 5.91  
 860 T	 22.07  
 861 D	 35.49  
 862 A	 14.85  
 863 E	 64.18  
 864 A	 23.54  
 865 K	 51.87  
 866 E	 66.73  
 867 Q	 57.27  
 868 N	 41.86  
 869 E	 52.78  
 870 R	 54.23  
 871 G	 24.51  
 872 A	 12.49  
 873 S	 24.22  
 874 S	 16.40  
 875 M	 2.99  
 876 I	 3.12  
 877 V	 5.03  
 878 D	 36.83  
 879 D	 36.23  
 880 D	 33.17  
 881 A	 19.82  
 882 A	 13.72  
 883 I	 3.22  
 884 E	 43.13  
 885 A	 12.13  
 886 L	 4.30  
 887 K	 51.10  
 888 L	 5.97  
 889 K	 34.19  
 890 L	 6.79  
 891 A	 14.41  
 892 T	 29.33  
 893 L	 6.04  
 894 N	 34.51  
 895 V	 6.11  
 896 K	 47.12  
 897 S	 33.36  
 898 T	 24.94  
 899 S	 42.09  
 900 K	 43.75  
 901 L	 6.34  
 902 N	 27.74  
 903 C	 4.50  
 904 V	 10.32  
 905 D	 48.46  
 906 F	 6.65  
 907 E	 51.62  
 908 K	 67.46  
 909 D	 58.72  
 910 D	 72.76  
 911 D	 62.56  
 912 S	 45.09  
 913 N	 35.76  
 914 H	 26.14  
 915 H	 23.01  
 916 M	 3.32  
 917 E	 29.55  
 918 F	 4.71  
 919 I	 1.31  
 920 T	 22.84  
 921 A	 12.22  
 922 A	 7.12  
 923 S	 33.65  
 924 N	 28.90  
 925 L	 5.20  
 926 R	 44.07  
 927 A	 16.74  
 928 E	 50.30  
 929 N	 38.50  
 930 Y	 8.89  
 931 D	 47.75  
 932 I	 3.33  
 933 L	 2.33  
 934 P	 32.23  
 935 A	 17.37  
 936 D	 42.86  
 937 R	 20.70  
 938 M	 7.03  
 939 R	 39.40  
 940 T	 20.25  
 941 K	 29.37  
 942 Q	 30.10  
 943 I	 6.10  
 944 A	 15.67  
 945 G	 24.27  
 946 K	 28.57  
 947 I	 4.45  
 948 I	 1.83  
 949 P	 22.53  
 950 A	 8.14  
 951 I	 2.69  
 952 A	 10.86  
 953 T	 20.68  
 954 T	 12.86  
 955 T	 14.31  
 956 A	 9.61  
 957 A	 6.93  
 958 V	 3.94  
 959 A	 10.81  
 960 G	 16.43  
 961 L	 1.73  
 962 V	 2.78  
 963 C	 2.11  
 964 I	 2.97  
 965 E	 40.70  
 966 L	 2.25  
 967 Y	 6.74  
 968 K	 48.70  
 969 V	 2.73  
 970 V	 5.14  
 971 D	 36.99  
 972 A	 12.44  
 973 N	 44.45  
 974 G	 39.02  
 975 I	 2.95  
 976 P	 35.55  
 977 K	 64.44  
 978 T	 23.63  
 979 P	 28.85  
 980 M	 7.55  
 981 E	 57.05  
 982 R	 41.40  
 983 F	 4.57  
 984 K	 62.39  
 985 N	 33.09  
 986 T	 30.04  
 987 F	 6.26  
 988 L	 6.24  
 989 N	 26.36  
 990 L	 5.16  
 991 S	 24.28  
 992 M	 3.65  
 993 P	 24.61  
 994 F	 7.50  
 995 F	 4.68  
 996 S	 29.08  
 997 S	 31.34  
 998 A	 25.95  
 999 E	 39.12  
 1000 P	 29.99  
 1001 I	 5.75  
 1002 G	 46.68  
 1003 A	 17.29  
 1004 P	 33.20  
 1005 K	 58.16  
 1006 K	 43.77  
 1007 T	 30.15  
 1008 Y	 13.09  
 1009 M	 4.78  
 1010 D	 36.22  
 1011 R	 25.13  
 1012 E	 38.42  
 1013 F	 7.67  
 1014 T	 23.37  
 1015 L	 5.63  
 1016 W	 6.98  
 1017 D	 40.55  
 1018 R	 18.54  
 1019 I	 5.88  
 1020 D	 27.81  
 1021 V	 7.06  
 1022 Q	 44.00  
 1023 G	 21.02  
 1024 P	 12.70  
 1025 L	 10.77  
 1026 T	 29.54  
 1027 L	 6.39  
 1028 Q	 38.02  
 1029 E	 47.91  
 1030 F	 5.69  
 1031 I	 3.56  
 1032 D	 55.35  
 1033 N	 32.24  
 1034 V	 5.12  
 1035 Q	 42.44  
 1036 N	 36.78  
 1037 Q	 25.16  
 1038 T	 42.99  
 1039 G	 29.05  
 1040 G	 14.06  
 1041 C	 5.02  
 1042 E	 40.68  
 1043 V	 4.79  
 1044 S	 7.54  
 1045 M	 4.07  
 1046 L	 2.18  
 1047 S	 18.93  
 1048 A	 12.97  
 1049 G	 17.28  
 1050 A	 4.78  
 1051 C	 3.12  
 1052 L	 5.54  
 1053 L	 3.21  
 1054 F	 3.74  
 1055 S	 19.97  
 1056 F	 5.44  
 1057 F	 3.41  
 1058 M	 2.94  
 1059 N	 40.14  
 1060 A	 21.28  
 1061 G	 32.46  
 1062 K	 49.20  
 1063 K	 57.37  
 1064 Q	 44.52  
 1065 E	 69.71  
 1066 R	 38.70  
 1067 L	 8.72  
 1068 K	 49.19  
 1069 T	 51.07  
 1070 E	 40.20  
 1071 V	 6.12  
 1072 K	 26.38  
 1073 A	 17.82  
 1074 V	 5.25  
 1075 Y	 14.46  
 1076 E	 35.25  
 1077 E	 41.54  
 1078 L	 5.92  
 1079 L	 8.10  
 1080 K	 53.60  
 1081 K	 59.21  
 1082 S	 30.26  
 1083 L	 10.66  
 1084 H	 21.49  
 1085 P	 43.25  
 1086 S	 18.78  
 1087 V	 3.45  
 1088 H	 20.06  
 1089 A	 9.37  
 1090 L	 2.45  
 1091 V	 6.21  
 1092 L	 6.77  
 1093 E	 24.54  
 1094 P	 21.44  
 1095 M	 2.68  
 1096 M	 6.34  
 1097 S	 39.48  
 1098 D	 27.67  
 1099 P	 44.17  
 1100 D	 77.45  
 1101 G	 38.09  
 1102 E	 67.28  
 1103 D	 47.62  
 1104 V	 7.51  
 1105 E	 50.53  
 1106 V	 4.36  
 1107 P	 12.82  
 1108 Y	 11.82  
 1109 I	 2.46  
 1110 R	 18.39  
 1111 Y	 12.60  
 1112 S	 18.03  
 1113 F	 9.58  
