 1 M	 4.87  
 2 T	 32.20  
 3 R	 22.99  
 4 C	 1.56  
 5 C	 5.45  
 6 N	 43.38  
 7 Q	 38.74  
 8 N	 36.48  
 9 F	 3.74  
 10 P	 31.55  
 11 S	 28.66  
 12 F	 5.11  
 13 L	 3.29  
 14 I	 2.47  
 15 L	 2.61  
 16 V	 2.91  
 17 A	 5.90  
 18 S	 20.30  
 19 A	 9.21  
 20 L	 2.71  
 21 F	 5.03  
 22 I	 2.98  
 23 T	 11.23  
 24 F	 5.21  
 25 I	 2.95  
 26 G	 17.85  
 27 S	 20.57  
 28 I	 5.95  
 29 D	 50.06  
 30 S	 38.80  
 31 E	 38.82  
 32 H	 46.32  
 33 N	 32.63  
 34 F	 7.28  
 35 H	 19.88  
 36 P	 25.57  
 37 L	 3.69  
 38 L	 4.50  
 39 A	 24.09  
 40 A	 8.28  
 41 P	 24.96  
 42 R	 44.14  
 43 T	 35.92  
 44 L	 3.52  
 45 P	 38.32  
 46 G	 23.99  
 47 V	 4.89  
 48 R	 20.22  
 49 V	 4.08  
 50 R	 17.73  
 51 I	 5.93  
 52 L	 1.33  
 53 P	 26.39  
 54 R	 49.68  
 55 G	 16.84  
 56 L	 2.75  
 57 A	 15.02  
 58 Y	 17.06  
 59 L	 2.43  
 60 N	 18.56  
 61 H	 17.78  
 62 L	 4.72  
 63 A	 6.17  
 64 A	 17.35  
 65 N	 29.94  
 66 L	 3.41  
 67 L	 5.04  
 68 A	 12.98  
 69 D	 50.98  
 70 Q	 48.00  
 71 L	 2.47  
 72 P	 24.33  
 73 R	 42.84  
 74 L	 4.44  
 75 I	 5.76  
 76 L	 3.33  
 77 P	 36.29  
 78 D	 55.80  
 79 V	 5.64  
 80 E	 32.37  
 81 H	 27.08  
 82 I	 3.71  
 83 L	 4.03  
 84 P	 30.54  
 85 S	 38.04  
 86 N	 42.00  
 87 Q	 49.12  
 88 G	 16.71  
 89 I	 1.23  
 90 I	 2.98  
 91 Y	 9.38  
 92 I	 1.95  
 93 S	 16.20  
 94 K	 24.90  
 95 V	 4.36  
 96 H	 23.09  
 97 L	 4.38  
 98 S	 17.94  
 99 R	 35.14  
 100 F	 5.80  
 101 R	 35.47  
 102 R	 41.43  
 103 A	 19.07  
 104 E	 39.84  
 105 H	 17.01  
 106 H	 25.90  
 107 Q	 44.22  
 108 L	 4.80  
 109 N	 30.64  
 110 S	 34.24  
 111 T	 45.09  
 112 A	 12.89  
 113 P	 42.61  
 114 N	 52.40  
 115 K	 36.74  
 116 I	 5.44  
 117 S	 20.36  
 118 W	 10.20  
 119 T	 11.33  
 120 M	 1.89  
 121 Q	 34.42  
 122 N	 21.19  
 123 M	 1.93  
 124 D	 39.08  
 125 I	 2.66  
 126 G	 15.58  
 127 L	 5.02  
 128 L	 4.18  
 129 G	 38.56  
 130 D	 37.32  
 131 L	 6.23  
 132 S	 33.49  
 133 G	 42.80  
 134 S	 14.49  
 135 V	 6.90  
 136 N	 24.04  
 137 I	 2.87  
 138 V	 2.82  
 139 V	 3.85  
 140 P	 12.49  
 141 L	 5.76  
 142 N	 29.50  
 143 L	 8.19  
 144 T	 25.21  
 145 G	 32.47  
 146 Q	 25.16  
 147 V	 5.37  
 148 E	 25.13  
 149 I	 3.98  
 150 L	 1.52  
 151 A	 13.68  
 152 Q	 43.94  
 153 G	 22.52  
 154 L	 2.84  
 155 T	 18.81  
 156 F	 8.12  
 157 H	 24.37  
 158 L	 6.28  
 159 E	 33.59  
 160 S	 42.87  
 161 S	 25.95  
 162 I	 9.87  
 163 E	 58.67  
 164 K	 73.79  
 165 G	 18.83  
 166 K	 70.02  
 167 N	 59.32  
 168 G	 32.25  
 169 S	 34.02  
 170 A	 16.25  
 171 K	 47.98  
 172 V	 4.37  
 173 T	 24.20  
 174 S	 22.67  
 175 L	 2.83  
 176 S	 13.57  
 177 C	 3.48  
 178 L	 4.18  
 179 A	 12.81  
 180 T	 12.00  
 181 I	 2.70  
 182 R	 28.17  
 183 D	 36.27  
 184 V	 3.13  
 185 T	 26.38  
 186 V	 5.18  
 187 T	 22.76  
 188 N	 23.45  
 189 H	 25.58  
 190 N	 48.58  
 191 G	 26.99  
 192 G	 24.13  
 193 L	 3.05  
 194 F	 9.48  
 195 G	 20.12  
 196 L	 3.13  
 197 A	 7.60  
 198 V	 6.36  
 199 S	 19.07  
 200 V	 5.81  
 201 F	 3.68  
 202 K	 43.94  
 203 Q	 46.16  
 204 G	 22.83  
 205 V	 6.35  
 206 S	 30.23  
 207 D	 56.06  
 208 N	 25.80  
 209 V	 5.51  
 210 R	 18.76  
 211 H	 19.61  
 212 M	 1.76  
 213 L	 3.12  
 214 Q	 24.07  
 215 T	 14.35  
 216 I	 1.93  
 217 I	 2.98  
 218 C	 2.85  
 219 K	 43.84  
 220 K	 42.75  
 221 V	 3.79  
 222 R	 34.63  
 223 K	 49.93  
 224 Y	 11.75  
 225 I	 5.40  
 226 D	 44.63  
 227 E	 49.84  
 228 D	 51.44  
 229 A	 24.84  
 230 N	 60.29  
 231 E	 51.68  
 232 K	 53.45  
 233 L	 4.20  
 234 A	 22.58  
 235 E	 52.31  
 236 A	 16.61  
 237 Q	 33.16  
 238 T	 41.85  
 239 S	 17.25  
 240 S	 34.77  
 241 K	 47.68  
 242 L	 5.87  
 243 A	 12.08  
 244 D	 63.22  
 245 A	 11.16  
 246 L	 9.56  
 247 E	 41.56  
 248 T	 27.00  
 249 N	 33.62  
 250 A	 18.91  
 251 L	 4.14  
 252 K	 31.60  
 253 M	 2.61  
 254 I	 2.63  
 255 S	 15.94  
 256 V	 7.41  
 257 G	 30.92  
 258 G	 37.44  
 259 D	 54.97  
 260 E	 57.09  
 261 K	 50.18  
 262 S	 32.21  
 263 R	 41.49  
 264 I	 7.72  
 265 D	 33.34  
 266 I	 3.03  
 267 S	 17.40  
 268 S	 27.84  
 269 I	 3.38  
 270 F	 8.89  
 271 D	 35.33  
 272 S	 19.26  
 273 S	 29.78  
 274 L	 7.85  
 275 A	 16.78  
 276 S	 34.98  
 277 K	 38.39  
 278 F	 6.34  
 279 F	 6.35  
 280 I	 5.72  
 281 D	 19.91  
 282 F	 9.36  
 283 R	 40.89  
 284 L	 8.45  
 285 K	 50.12  
 286 E	 60.53  
 287 H	 18.55  
 288 P	 30.09  
 289 I	 4.01  
 290 C	 4.97  
 291 Q	 47.93  
 292 E	 50.92  
 293 N	 24.44  
 294 T	 18.01  
 295 V	 9.52  
 296 E	 36.26  
 297 L	 3.88  
 298 A	 6.96  
 299 S	 48.52  
 300 W	 11.66  
 301 G	 21.62  
 302 E	 29.24  
 303 I	 3.20  
 304 S	 12.60  
 305 F	 8.61  
 306 M	 2.90  
 307 G	 26.72  
 308 Q	 34.50  
 309 G	 34.72  
 310 D	 43.23  
 311 T	 27.60  
 312 P	 36.62  
 313 F	 21.93  
 314 G	 23.64  
 315 P	 22.61  
 316 V	 11.12  
 317 D	 37.71  
 318 A	 17.46  
 319 S	 29.37  
 320 W	 10.90  
 321 P	 26.31  
 322 G	 36.12  
 323 R	 36.76  
 324 S	 40.37  
 325 P	 33.13  
 326 F	 18.80  
 327 K	 42.44  
 328 T	 33.36  
 329 N	 32.19  
 330 V	 6.48  
 331 V	 5.01  
 332 D	 32.86  
 333 S	 21.16  
 334 V	 6.22  
 335 T	 40.27  
 336 N	 43.94  
 337 K	 41.64  
 338 D	 45.57  
 339 S	 24.22  
 340 M	 3.86  
 341 I	 4.24  
 342 E	 27.20  
 343 L	 2.97  
 344 V	 2.22  
 345 V	 7.70  
 346 S	 18.37  
 347 D	 37.18  
 348 F	 10.73  
 349 L	 4.75  
 350 P	 28.49  
 351 N	 47.65  
 352 S	 20.15  
 353 L	 7.56  
 354 L	 2.71  
 355 Y	 6.95  
 356 H	 15.56  
 357 A	 7.82  
 358 Y	 5.47  
 359 V	 3.23  
 360 Q	 23.14  
 361 R	 25.80  
 362 F	 3.38  
 363 I	 3.08  
 364 K	 24.90  
 365 V	 4.53  
 366 L	 3.61  
 367 L	 7.49  
 368 T	 13.43  
 369 P	 41.74  
 370 R	 43.78  
 371 T	 33.10  
 372 K	 59.60  
 373 G	 24.75  
 374 V	 4.64  
 375 S	 24.84  
 376 S	 26.37  
 377 F	 4.10  
 378 L	 5.27  
 379 R	 26.44  
 380 T	 37.64  
 381 T	 11.35  
 382 C	 5.72  
 383 E	 56.64  
 384 G	 28.33  
 385 S	 8.47  
 386 F	 6.70  
 387 C	 2.89  
 388 I	 3.19  
 389 S	 27.96  
 390 D	 27.26  
 391 L	 6.30  
 392 A	 8.52  
 393 P	 36.69  
 394 Q	 47.93  
 395 L	 5.73  
 396 A	 9.15  
 397 E	 60.27  
 398 Q	 54.07  
 399 Y	 8.90  
 400 P	 28.17  
 401 N	 45.43  
 402 S	 29.35  
 403 T	 25.33  
 404 V	 5.95  
 405 E	 30.79  
 406 L	 4.16  
 407 A	 4.03  
 408 M	 4.35  
 409 S	 22.38  
 410 A	 6.50  
 411 T	 21.76  
 412 R	 37.99  
 413 A	 7.64  
 414 P	 21.43  
 415 A	 15.06  
 416 V	 5.59  
 417 L	 4.20  
 418 F	 7.72  
 419 S	 43.42  
 420 E	 43.11  
 421 K	 60.74  
 422 N	 50.50  
 423 G	 45.77  
 424 G	 29.30  
 425 T	 16.10  
 426 I	 4.30  
 427 S	 12.90  
 428 V	 4.91  
 429 S	 17.95  
 430 L	 6.22  
 431 G	 21.63  
 432 G	 22.16  
 433 L	 2.22  
 434 V	 3.79  
 435 V	 3.35  
 436 V	 1.67  
 437 F	 4.20  
 438 A	 5.14  
 439 V	 6.82  
 440 N	 40.02  
 441 G	 25.67  
 442 N	 27.29  
 443 Q	 43.25  
 444 R	 34.69  
 445 R	 25.92  
 446 Q	 31.32  
 447 V	 3.21  
 448 I	 1.57  
 449 V	 2.62  
 450 V	 4.09  
 451 D	 26.68  
 452 L	 3.48  
 453 D	 28.51  
 454 V	 5.06  
 455 V	 3.89  
 456 A	 12.47  
 457 D	 22.17  
 458 A	 12.46  
 459 R	 29.52  
 460 L	 5.92  
 461 S	 13.81  
 462 I	 7.23  
 463 Q	 43.66  
 464 G	 16.80  
 465 H	 18.36  
 466 N	 36.15  
 467 V	 5.94  
 468 S	 30.57  
 469 G	 31.28  
 470 S	 12.62  
 471 V	 10.29  
 472 E	 44.55  
 473 L	 7.27  
 474 R	 24.88  
 475 K	 56.72  
 476 F	 12.28  
 477 D	 55.08  
 478 L	 5.38  
 479 K	 41.50  
 480 R	 49.00  
 481 R	 35.60  
 482 T	 41.03  
 483 G	 23.17  
 484 T	 17.88  
 485 V	 6.96  
 486 D	 34.22  
 487 I	 3.31  
 488 S	 26.72  
 489 D	 48.86  
 490 A	 14.62  
 491 E	 52.52  
 492 I	 6.55  
 493 D	 32.54  
 494 D	 33.45  
 495 I	 2.30  
 496 A	 11.22  
 497 L	 5.05  
 498 L	 2.29  
 499 V	 3.40  
 500 S	 25.93  
 501 Q	 41.34  
 502 L	 5.59  
 503 S	 19.46  
 504 E	 61.56  
 505 N	 46.59  
 506 L	 3.27  
 507 L	 7.82  
 508 N	 42.08  
 509 G	 21.98  
 510 L	 4.73  
 511 L	 2.74  
 512 V	 7.56  
 513 N	 40.80  
 514 G	 18.76  
 515 M	 1.99  
 516 P	 26.83  
 517 I	 3.98  
 518 P	 33.69  
 519 L	 4.79  
 520 P	 15.36  
 521 H	 38.64  
 522 V	 3.47  
 523 L	 4.21  
 524 R	 32.59  
 525 I	 5.20  
 526 K	 46.90  
 527 D	 42.97  
 528 S	 22.67  
 529 H	 26.27  
 530 I	 4.40  
 531 N	 24.21  
 532 V	 5.19  
 533 L	 2.59  
 534 S	 17.35  
 535 R	 35.46  
 536 R	 20.04  
 537 M	 2.95  
 538 H	 12.91  
 539 I	 2.89  
 540 Q	 15.64  
 541 V	 8.40  
 542 D	 17.96  
 543 V	 8.97  
 544 D	 37.37  
 545 V	 9.17  
 546 D	 38.94  
 547 E	 39.28  
 548 R	 40.14  
 549 R	 41.06  
 550 L	 7.11  
 551 S	 24.66  
 552 K	 53.30  
 553 L	 5.08  
 554 A	 11.88  
 555 S	 39.94  
 556 Q	 36.40  
 557 T	 28.66  
 558 F	 4.60  
 559 F	 11.06  
 560 K	 55.92  
 561 T	 19.71  
 562 P	 33.53  
 563 Q	 56.56  
 564 F	 7.68  
 565 S	 35.09  
 566 D	 34.31  
 567 V	 8.22  
 568 N	 39.53  
 569 L	 5.84  
 570 S	 19.38  
 571 P	 32.81  
 572 L	 4.95  
 573 R	 28.21  
 574 R	 35.31  
 575 M	 2.13  
 576 V	 6.24  
 577 R	 19.70  
 578 P	 27.07  
 579 V	 3.52  
 580 P	 30.68  
 581 F	 11.09  
 582 L	 4.05  
 583 E	 42.03  
 584 A	 19.41  
 585 R	 21.40  
 586 Q	 52.59  
 587 Q	 31.57  
 588 I	 2.36  
 589 S	 25.12  
 590 Q	 38.64  
 591 F	 10.08  
 592 N	 30.97  
 593 F	 8.69  
 594 N	 50.60  
 595 N	 29.91  
 596 W	 12.05  
 597 S	 25.18  
 598 T	 26.29  
 599 D	 43.51  
 600 S	 34.00  
 601 G	 26.20  
 602 R	 32.26  
 603 R	 35.60  
 604 I	 3.08  
 605 F	 7.81  
 606 R	 43.17  
