 1 M	 7.38  
 2 S	 22.80  
 3 M	 2.81  
 4 S	 17.08  
 5 A	 7.95  
 6 T	 14.73  
 7 C	 2.82  
 8 Y	 17.77  
 9 K	 27.46  
 10 C	 1.79  
 11 N	 49.37  
 12 R	 48.31  
 13 P	 26.98  
 14 G	 25.88  
 15 H	 18.84  
 16 F	 8.06  
 17 A	 10.75  
 18 R	 44.52  
 19 D	 23.95  
 20 C	 2.77  
 21 S	 34.05  
 22 L	 10.45  
 23 G	 19.19  
 24 G	 36.54  
 25 G	 35.77  
 26 G	 42.25  
 27 G	 22.43  
 28 P	 39.37  
 29 G	 46.85  
 30 G	 20.31  
 31 V	 8.80  
 32 G	 32.10  
 33 G	 29.21  
 34 G	 26.16  
 35 G	 34.54  
 36 G	 34.54  
 37 G	 34.54  
 38 G	 34.54  
 39 G	 32.53  
 40 G	 29.96  
 41 G	 13.09  
 42 M	 5.84  
 43 R	 44.00  
 44 G	 27.91  
 45 N	 34.10  
 46 D	 61.00  
 47 G	 38.26  
 48 G	 29.59  
 49 G	 16.38  
 50 M	 4.04  
 51 R	 35.68  
 52 R	 37.35  
 53 N	 46.21  
 54 R	 42.83  
 55 E	 51.53  
 56 K	 39.36  
 57 C	 3.17  
 58 Y	 29.64  
 59 K	 35.86  
 60 C	 1.63  
 61 N	 35.74  
 62 Q	 55.99  
 63 F	 5.23  
 64 G	 12.77  
 65 H	 17.93  
 66 F	 5.14  
 67 A	 7.78  
 68 R	 35.46  
 69 A	 15.13  
 70 C	 3.48  
 71 P	 41.29  
 72 E	 70.49  
 73 E	 40.76  
 74 A	 14.10  
 75 E	 46.71  
 76 R	 29.79  
 77 C	 1.57  
 78 Y	 25.15  
 79 R	 15.85  
 80 C	 1.90  
 81 N	 35.80  
 82 G	 30.77  
 83 I	 1.95  
 84 G	 17.30  
 85 H	 21.16  
 86 I	 4.64  
 87 S	 19.43  
 88 K	 57.11  
 89 D	 33.63  
 90 C	 3.32  
 91 T	 36.60  
 92 Q	 53.72  
 93 A	 10.61  
 94 D	 52.39  
 95 N	 36.47  
 96 P	 25.13  
 97 T	 28.55  
 98 C	 1.81  
 99 Y	 22.22  
 100 R	 21.48  
 101 C	 2.18  
 102 N	 35.61  
 103 K	 60.55  
 104 T	 21.93  
 105 G	 17.80  
 106 H	 25.70  
 107 W	 7.66  
 108 V	 2.33  
 109 R	 33.57  
 110 N	 35.76  
 111 C	 1.95  
 112 P	 35.81  
 113 E	 68.40  
 114 A	 8.45  
 115 V	 7.93  
 116 N	 40.05  
 117 E	 53.03  
 118 R	 51.71  
 119 G	 27.49  
 120 P	 27.33  
 121 T	 51.59  
 122 N	 27.17  
 123 V	 4.62  
 124 S	 17.50  
 125 C	 3.07  
 126 Y	 15.86  
 127 K	 29.39  
 128 C	 1.36  
 129 N	 40.16  
 130 R	 52.10  
 131 T	 21.08  
 132 G	 16.94  
 133 H	 22.12  
 134 I	 7.11  
 135 S	 16.49  
 136 K	 63.06  
 137 N	 39.52  
 138 C	 3.56  
 139 P	 58.24  
 140 E	 68.84  
 141 T	 22.21  
 142 S	 25.06  
 143 K	 50.46  
 144 T	 15.66  
 145 C	 2.94  
 146 Y	 22.23  
 147 G	 18.82  
 148 C	 2.21  
 149 G	 23.85  
 150 K	 58.29  
 151 S	 19.41  
 152 G	 27.60  
 153 H	 24.21  
 154 L	 6.69  
 155 R	 27.03  
 156 R	 56.08  
 157 E	 39.63  
 158 C	 8.53  
 159 D	 56.75  
 160 E	 66.32  
 161 K	 54.11  
 162 G	 37.94  
 163 G	 36.71  
 164 R	 55.12  
 165 N	 60.56  
