 1 M	 2.70  
 2 C	 3.54  
 3 A	 7.00  
 4 C	 2.11  
 5 L	 1.96  
 6 I	 3.54  
 7 A	 5.53  
 8 K	 24.24  
 9 I	 1.83  
 10 I	 2.90  
 11 L	 1.97  
 12 C	 2.26  
 13 S	 15.23  
 14 F	 6.43  
 15 R	 15.53  
 16 L	 4.10  
 17 Y	 9.58  
 18 T	 17.04  
 19 I	 1.44  
 20 S	 12.43  
 21 A	 8.85  
 22 F	 2.69  
 23 Y	 7.31  
 24 M	 1.85  
 25 L	 2.16  
 26 T	 12.15  
 27 T	 12.74  
 28 M	 2.38  
 29 S	 23.94  
 30 A	 13.22  
 31 S	 19.47  
 32 S	 47.60  
 33 N	 40.56  
 34 T	 28.29  
 35 N	 38.78  
 36 S	 28.78  
 37 L	 6.77  
 38 I	 7.73  
 39 E	 50.35  
 40 K	 53.64  
 41 E	 38.57  
 42 I	 13.82  
 43 D	 55.10  
 44 D	 60.50  
 45 E	 41.39  
 46 D	 50.77  
 47 M	 3.62  
 48 L	 9.48  
 49 S	 20.24  
 50 P	 33.78  
 51 I	 7.40  
 52 K	 50.98  
 53 S	 31.50  
 54 N	 40.63  
 55 N	 41.10  
 56 L	 4.39  
 57 V	 2.54  
 58 V	 6.79  
 59 R	 17.75  
 60 V	 5.22  
 61 N	 24.36  
 62 Q	 52.72  
 63 D	 47.07  
 64 T	 35.17  
 65 D	 51.60  
 66 D	 60.89  
 67 N	 36.54  
 68 L	 3.97  
 69 Q	 42.12  
 70 A	 17.23  
 71 L	 2.94  
 72 F	 8.04  
 73 D	 38.39  
 74 S	 22.59  
 75 V	 6.88  
 76 L	 8.08  
 77 N	 36.03  
 78 P	 37.57  
 79 G	 46.57  
 80 D	 50.61  
 81 A	 18.70  
 82 K	 60.33  
 83 R	 38.59  
 84 P	 24.61  
 85 L	 10.69  
 86 Q	 43.66  
 87 L	 5.93  
 88 P	 12.64  
 89 L	 10.25  
 90 R	 22.41  
 91 M	 6.12  
 92 R	 30.81  
 93 K	 59.98  
 94 L	 3.24  
 95 P	 37.14  
 96 N	 62.98  
 97 S	 21.57  
 98 F	 11.40  
 99 F	 11.42  
 100 T	 26.76  
 101 P	 20.21  
 102 P	 54.46  
 103 A	 21.30  
 104 P	 38.05  
 105 S	 35.88  
 106 H	 21.90  
 107 S	 37.11  
 108 R	 32.15  
 109 A	 19.83  
 110 N	 36.30  
 111 S	 32.25  
 112 A	 18.00  
 113 D	 41.14  
 114 S	 28.69  
 115 T	 26.43  
 116 Y	 14.03  
 117 D	 44.54  
 118 A	 14.77  
 119 G	 24.26  
 120 S	 28.72  
 121 Q	 40.04  
 122 S	 34.58  
 123 S	 16.42  
 124 I	 5.43  
 125 N	 37.75  
 126 I	 6.49  
 127 G	 25.71  
 128 N	 32.68  
 129 K	 37.99  
 130 A	 14.43  
 131 S	 25.54  
 132 I	 3.76  
 133 V	 3.91  
 134 Q	 47.63  
 135 Q	 27.45  
 136 P	 30.52  
 137 D	 64.52  
 138 G	 36.23  
 139 Q	 54.11  
 140 S	 24.65  
 141 P	 16.61  
 142 I	 4.98  
 143 A	 11.61  
 144 A	 18.08  
 145 I	 1.33  
 146 P	 24.89  
 147 Q	 39.63  
 148 L	 3.98  
 149 Q	 27.33  
 150 I	 9.88  
 151 Q	 21.32  
 152 P	 50.00  
 153 S	 22.33  
 154 P	 42.46  
 155 Q	 52.07  
 156 H	 20.47  
 157 S	 24.60  
 158 R	 26.47  
 159 L	 6.18  
 160 A	 9.65  
 161 I	 3.39  
 162 H	 13.78  
 163 H	 16.93  
 164 S	 17.30  
 165 R	 29.66  
 166 A	 20.79  
 167 R	 36.24  
 168 S	 39.42  
 169 S	 20.94  
 170 P	 27.41  
 171 A	 25.48  
 172 S	 30.05  
 173 L	 7.06  
 174 Q	 27.29  
 175 Q	 60.72  
 176 N	 19.86  
 177 Y	 15.65  
 178 N	 25.09  
 179 V	 3.41  
 180 R	 22.20  
 181 A	 15.85  
 182 R	 25.22  
 183 S	 30.53  
 184 D	 34.37  
 185 A	 10.55  
 186 A	 16.46  
 187 A	 16.67  
 188 A	 16.17  
 189 N	 60.82  
 190 N	 26.86  
 191 P	 40.91  
 192 N	 55.24  
 193 A	 30.48  
 194 N	 43.56  
 195 P	 32.71  
 196 S	 40.35  
 197 S	 33.01  
 198 Q	 50.71  
 199 Q	 53.85  
 200 Q	 23.36  
 201 P	 34.54  
 202 A	 32.06  
 203 G	 28.59  
 204 P	 32.73  
 205 T	 51.40  
 206 F	 8.87  
 207 P	 42.19  
 208 E	 60.67  
 209 N	 42.77  
 210 S	 29.66  
 211 A	 25.22  
 212 Q	 53.32  
 213 E	 60.28  
 214 F	 3.76  
 215 P	 30.97  
 216 S	 53.56  
 217 G	 35.50  
 218 A	 10.79  
 219 P	 35.88  
 220 A	 18.64  
 221 S	 21.17  
 222 S	 31.20  
 223 A	 9.23  
 224 I	 6.12  
 225 D	 37.91  
 226 L	 3.55  
 227 D	 39.77  
 228 A	 10.62  
 229 M	 4.21  
 230 N	 31.67  
 231 T	 9.12  
 232 C	 1.78  
 233 M	 3.67  
 234 S	 27.18  
 235 Q	 26.26  
 236 D	 39.38  
 237 I	 2.09  
 238 P	 19.65  
 239 M	 5.49  
 240 S	 11.46  
 241 M	 2.93  
 242 Q	 32.82  
 243 T	 18.88  
 244 V	 3.33  
 245 H	 34.68  
 246 K	 46.39  
 247 K	 35.75  
 248 Q	 44.34  
 249 R	 46.17  
 250 S	 24.16  
 251 Y	 19.20  
 252 D	 32.30  
 253 V	 3.38  
 254 I	 3.56  
 255 S	 18.79  
 256 P	 13.76  
 257 I	 6.09  
 258 Q	 35.75  
 259 L	 6.21  
 260 N	 17.18  
 261 R	 41.51  
 262 Q	 43.08  
 263 L	 3.80  
 264 G	 19.41  
 265 A	 26.03  
 266 L	 5.09  
 267 P	 25.48  
 268 P	 62.47  
 269 G	 38.32  
 270 W	 10.58  
 271 E	 46.72  
 272 Q	 41.47  
 273 A	 14.77  
 274 K	 47.78  
 275 T	 41.37  
 276 N	 51.19  
 277 D	 56.45  
 278 G	 20.18  
 279 Q	 24.31  
 280 I	 2.74  
 281 Y	 8.26  
 282 Y	 11.58  
 283 L	 1.81  
 284 N	 17.84  
 285 H	 32.11  
 286 T	 34.54  
 287 T	 18.56  
 288 K	 53.30  
 289 S	 24.60  
 290 T	 38.98  
 291 Q	 48.96  
 292 W	 16.43  
 293 E	 48.60  
 294 D	 34.51  
 295 P	 24.61  
 296 R	 40.75  
 297 I	 5.26  
 298 Q	 28.74  
 299 Y	 14.18  
 300 R	 16.08  
 301 Q	 40.26  
 302 Q	 28.31  
 303 Q	 24.76  
 304 Q	 26.84  
 305 I	 2.17  
 306 L	 2.01  
 307 M	 3.78  
 308 A	 10.24  
 309 E	 40.76  
 310 R	 31.69  
 311 I	 3.97  
 312 K	 53.98  
 313 Q	 57.46  
 314 N	 40.16  
 315 E	 43.63  
 316 S	 53.21  
 317 G	 18.78  
 318 L	 4.45  
 319 S	 24.94  
 320 V	 6.67  
 321 L	 5.15  
 322 D	 39.48  
 323 C	 3.89  
 324 P	 32.94  
 325 D	 68.38  
 326 N	 27.73  
 327 L	 5.29  
 328 V	 4.59  
 329 S	 28.62  
 330 S	 19.47  
 331 L	 4.66  
 332 Q	 38.69  
 333 I	 9.71  
 334 E	 28.08  
 335 D	 55.84  
 336 N	 30.11  
 337 L	 5.39  
 338 C	 2.96  
 339 S	 39.47  
 340 N	 47.88  
 341 L	 2.14  
 342 F	 10.20  
 343 N	 47.04  
 344 D	 32.49  
 345 A	 11.21  
 346 Q	 34.19  
 347 A	 14.93  
 348 I	 1.73  
 349 V	 11.17  
 350 N	 36.33  
 351 P	 21.18  
 352 P	 43.17  
 353 S	 46.46  
 354 S	 41.10  
 355 H	 50.43  
 356 K	 52.68  
 357 P	 34.62  
 358 D	 77.31  
 359 D	 55.82  
 360 L	 6.93  
 361 E	 56.61  
 362 W	 13.66  
 363 Y	 7.82  
 364 K	 36.52  
 365 I	 4.31  
 366 N	 41.51  
