 1 M	 15.05  
 2 E	 54.39  
 3 T	 32.36  
 4 E	 27.58  
 5 V	 8.37  
 6 M	 2.15  
 7 K	 58.01  
 8 S	 18.34  
 9 F	 10.71  
 10 N	 48.43  
 11 N	 49.96  
 12 E	 51.65  
 13 L	 4.59  
 14 S	 20.86  
 15 S	 45.76  
 16 L	 5.06  
 17 F	 12.30  
 18 D	 65.09  
 19 S	 20.70  
 20 K	 59.52  
 21 N	 43.86  
 22 M	 7.49  
 23 S	 42.33  
 24 K	 52.03  
 25 N	 39.08  
 26 K	 45.54  
 27 I	 6.59  
 28 Q	 37.35  
 29 D	 54.73  
 30 I	 2.14  
 31 T	 23.95  
 32 K	 35.83  
 33 A	 13.03  
 34 A	 12.84  
 35 I	 5.50  
 36 K	 45.06  
 37 A	 15.60  
 38 K	 32.84  
 39 S	 43.53  
 40 Q	 51.06  
 41 Y	 15.34  
 42 K	 23.45  
 43 H	 18.95  
 44 V	 3.99  
 45 V	 2.71  
 46 F	 7.05  
 47 S	 20.11  
 48 V	 5.23  
 49 E	 40.73  
 50 K	 53.14  
 51 L	 3.10  
 52 I	 7.39  
 53 N	 54.85  
 54 K	 36.32  
 55 C	 7.18  
 56 K	 53.92  
 57 P	 53.06  
 58 D	 31.55  
 59 Q	 61.36  
 60 R	 35.29  
 61 L	 4.28  
 62 N	 24.76  
 63 V	 4.89  
 64 L	 2.48  
 65 Y	 7.35  
 66 V	 3.24  
 67 I	 1.86  
 68 D	 23.44  
 69 S	 16.32  
 70 I	 1.84  
 71 V	 4.91  
 72 R	 31.32  
 73 A	 16.43  
 74 S	 21.80  
 75 K	 34.09  
 76 H	 35.39  
 77 Q	 58.95  
 78 L	 8.49  
 79 K	 57.03  
 80 E	 65.83  
 81 K	 61.55  
 82 D	 48.65  
 83 T	 41.37  
 84 F	 21.28  
 85 G	 17.99  
 86 P	 23.34  
 87 R	 44.67  
 88 F	 8.91  
 89 M	 3.35  
 90 K	 45.13  
 91 Q	 39.73  
 92 F	 10.34  
 93 D	 38.00  
 94 K	 41.51  
 95 F	 8.33  
 96 L	 4.21  
 97 M	 2.18  
 98 P	 36.37  
 99 L	 4.43  
 100 L	 3.39  
 101 K	 43.96  
 102 C	 7.62  
 103 G	 39.75  
 104 Q	 61.27  
 105 K	 44.58  
 106 E	 44.17  
 107 K	 40.49  
 108 M	 4.56  
 109 R	 40.93  
 110 T	 15.73  
 111 V	 2.88  
 112 R	 32.65  
 113 T	 18.70  
 114 L	 3.30  
 115 N	 30.92  
 116 L	 4.58  
 117 W	 6.26  
 118 M	 3.40  
 119 S	 23.16  
 120 N	 28.53  
 121 K	 41.56  
 122 V	 10.96  
 123 F	 8.52  
 124 K	 64.42  
 125 E	 41.98  
 126 S	 40.36  
 127 E	 46.89  
 128 I	 7.71  
 129 Q	 27.24  
 130 P	 38.76  
 131 L	 4.08  
 132 R	 35.96  
 133 E	 57.52  
 134 M	 1.99  
 135 C	 2.59  
 136 K	 44.25  
 137 A	 12.14  
 138 S	 21.60  
 139 G	 31.53  
 140 L	 3.34  
 141 T	 23.25  
 142 I	 7.40  
 143 D	 39.40  
 144 F	 8.35  
 145 E	 58.34  
 146 E	 41.09  
 147 V	 6.02  
 148 E	 34.00  
 149 L	 8.85  
 150 A	 6.35  
 151 V	 15.24  
 152 K	 55.58  
 153 G	 22.25  
 154 K	 36.27  
 155 Q	 51.79  
 156 A	 20.26  
 157 D	 28.94  
 158 M	 2.69  
 159 S	 20.94  
 160 I	 2.26  
 161 Y	 7.65  
 162 S	 21.80  
 163 G	 15.14  
 164 V	 5.35  
 165 Y	 22.18  
 166 K	 52.49  
 167 K	 57.53  
 168 K	 52.17  
 169 P	 46.28  
 170 K	 74.02  
 171 R	 50.74  
 172 S	 40.47  
 173 S	 37.97  
 174 S	 34.94  
 175 S	 34.63  
 176 S	 53.07  
 177 Q	 51.92  
 178 P	 38.24  
 179 K	 44.95  
 180 S	 48.33  
 181 R	 51.34  
 182 T	 41.37  
 183 P	 29.12  
 184 T	 61.85  
 185 N	 33.80  
 186 P	 42.75  
 187 H	 40.26  
 188 P	 42.52  
 189 D	 60.62  
 190 D	 54.83  
 191 G	 30.13  
 192 L	 5.26  
 193 L	 5.59  
 194 G	 33.26  
 195 A	 27.05  
 196 G	 22.33  
 197 P	 25.28  
 198 S	 27.59  
 199 S	 34.16  
 200 A	 16.01  
 201 L	 4.54  
 202 R	 35.01  
 203 S	 38.56  
 204 V	 3.90  
 205 P	 34.75  
 206 D	 67.81  
 207 I	 2.16  
 208 P	 35.27  
 209 N	 39.74  
 210 F	 4.99  
 211 V	 7.95  
 212 L	 3.98  
 213 S	 24.10  
 214 E	 53.20  
 215 D	 35.79  
 216 Y	 9.17  
 217 F	 8.63  
 218 L	 4.88  
 219 G	 15.88  
 220 T	 24.39  
 221 I	 3.70  
 222 S	 30.36  
 223 E	 49.13  
 224 R	 28.03  
 225 E	 44.03  
 226 M	 4.39  
 227 L	 3.84  
 228 E	 45.65  
 229 L	 4.32  
 230 V	 4.20  
 231 Q	 48.24  
 232 K	 37.77  
 233 F	 6.07  
 234 G	 28.11  
 235 I	 4.47  
 236 D	 38.79  
 237 R	 33.13  
 238 S	 29.52  
 239 G	 25.86  
 240 V	 6.02  
 241 L	 6.34  
 242 S	 36.08  
 243 K	 69.43  
 244 D	 41.52  
 245 K	 53.91  
 246 N	 57.00  
 247 L	 5.48  
 248 L	 4.53  
 249 Q	 31.59  
 250 R	 36.92  
 251 A	 7.28  
 252 L	 4.34  
 253 Q	 27.98  
 254 I	 2.38  
 255 F	 3.98  
 256 A	 14.32  
 257 G	 20.54  
 258 S	 22.78  
 259 L	 6.51  
 260 S	 29.65  
 261 Q	 60.14  
 262 K	 48.51  
 263 V	 6.18  
 264 E	 49.80  
 265 E	 45.91  
 266 V	 3.77  
 267 L	 5.83  
 268 A	 23.73  
 269 E	 51.37  
 270 N	 37.16  
 271 N	 37.40  
 272 R	 35.02  
 273 I	 8.12  
 274 N	 40.85  
 275 G	 22.02  
 276 S	 21.56  
 277 S	 29.59  
 278 I	 3.56  
 279 Q	 35.61  
 280 N	 29.15  
 281 V	 4.04  
 282 L	 6.89  
 283 T	 25.04  
 284 K	 57.15  
 285 D	 36.05  
 286 F	 11.49  
 287 E	 55.02  
 288 Y	 19.86  
 289 S	 31.24  
 290 D	 67.45  
 291 D	 60.30  
 292 E	 73.39  
 293 E	 79.82  
 294 E	 65.55  
 295 K	 76.88  
 296 E	 66.97  
 297 K	 82.71  
 298 E	 50.70  
 299 P	 67.12  
 300 Q	 60.93  
 301 P	 62.56  
 302 E	 63.97  
 303 K	 73.57  
 304 Q	 37.90  
 305 K	 72.08  
 306 N	 57.20  
 307 L	 4.19  
 308 P	 30.11  
 309 H	 31.77  
 310 A	 10.15  
 311 Q	 24.29  
 312 V	 4.17  
 313 L	 1.84  
 314 L	 3.80  
 315 L	 3.40  
 316 A	 9.26  
 317 Q	 34.28  
 318 S	 21.53  
 319 L	 3.89  
 320 L	 5.18  
 321 T	 43.42  
 322 Q	 28.06  
 323 P	 20.24  
 324 Q	 33.25  
 325 I	 5.27  
 326 L	 2.64  
 327 A	 13.37  
 328 K	 44.80  
 329 L	 4.01  
 330 A	 12.25  
 331 E	 48.57  
 332 V	 4.96  
 333 L	 3.39  
 334 I	 2.64  
 335 P	 31.68  
 336 Q	 58.25  
 337 G	 38.12  
 338 N	 24.39  
 339 P	 31.35  
 340 F	 21.30  
 341 G	 33.43  
 342 L	 3.96  
 343 P	 33.49  
 344 F	 17.03  
 345 P	 45.37  
 346 G	 39.22  
 347 E	 30.58  
 348 H	 32.06  
 349 I	 3.27  
 350 V	 4.57  
 351 P	 26.42  
 352 T	 25.15  
 353 S	 16.35  
 354 S	 21.75  
 355 A	 13.27  
 356 A	 11.74  
 357 L	 3.98  
 358 T	 20.58  
 359 L	 5.99  
 360 G	 30.70  
 361 A	 19.28  
 362 P	 42.98  
 363 P	 29.85  
 364 P	 45.59  
 365 N	 48.50  
 366 L	 2.34  
 367 M	 4.43  
 368 A	 12.84  
 369 L	 2.72  
 370 Q	 22.68  
 371 Q	 48.03  
 372 S	 29.86  
 373 L	 5.29  
 374 P	 32.01  
 375 P	 63.45  
 376 G	 49.02  
 377 F	 6.74  
 378 P	 43.57  
 379 N	 39.71  
 380 Q	 39.86  
 381 Q	 44.10  
 382 L	 5.68  
 383 G	 34.45  
 384 L	 3.27  
 385 P	 37.61  
 386 N	 52.46  
 387 L	 3.97  
 388 S	 48.12  
 389 G	 31.64  
 390 L	 3.74  
 391 N	 38.37  
 392 Q	 35.21  
 393 A	 11.91  
 394 Q	 31.32  
 395 L	 2.78  
 396 M	 2.84  
 397 N	 40.59  
 398 V	 2.64  
 399 Q	 34.24  
 400 N	 38.93  
 401 A	 5.75  
 402 Q	 43.33  
 403 N	 30.62  
 404 M	 1.35  
 405 L	 6.36  
 406 Q	 26.85  
 407 L	 4.05  
 408 Q	 20.11  
 409 Q	 45.64  
 410 R	 20.94  
 411 A	 8.67  
 412 A	 16.89  
 413 Q	 32.87  
 414 L	 2.49  
 415 Q	 28.13  
 416 A	 15.50  
 417 L	 4.28  
 418 Q	 53.27  
 419 G	 53.03  
 420 N	 17.43  
 421 P	 44.34  
 422 N	 53.34  
 423 A	 15.80  
 424 Q	 41.24  
 425 R	 33.10  
 426 N	 25.99  
 427 L	 3.03  
 428 L	 2.80  
 429 M	 5.19  
 430 L	 6.38  
 431 G	 21.53  
 432 N	 21.78  
 433 P	 36.10  
 434 L	 9.29  
 435 L	 8.91  
 436 N	 37.01  
 437 P	 18.83  
 438 F	 11.73  
 439 A	 13.94  
 440 L	 3.85  
 441 Q	 28.05  
 442 H	 42.91  
 443 G	 14.13  
 444 V	 7.34  
 445 N	 22.36  
 446 P	 26.65  
 447 M	 4.63  
 448 L	 4.81  
 449 N	 41.51  
 450 D	 35.88  
 451 L	 3.48  
 452 Q	 31.64  
 453 A	 13.33  
 454 A	 5.67  
 455 A	 13.32  
 456 A	 10.90  
 457 A	 11.73  
 458 Q	 31.06  
 459 Q	 28.42  
 460 Q	 19.36  
 461 A	 10.49  
 462 M	 3.43  
 463 L	 6.17  
 464 N	 24.63  
 465 E	 41.23  
 466 A	 15.10  
 467 A	 12.28  
 468 Q	 67.57  
 469 S	 30.24  
 470 P	 45.40  
 471 E	 72.70  
 472 K	 48.80  
 473 K	 51.35  
 474 I	 5.53  
 475 L	 8.12  
 476 E	 44.34  
 477 L	 5.30  
 478 S	 34.97  
 479 G	 52.50  
 480 G	 23.04  
 481 N	 40.36  
 482 S	 44.30  
 483 G	 30.55  
 484 I	 4.41  
 485 N	 39.89  
 486 N	 45.51  
 487 S	 31.70  
 488 G	 45.14  
 489 D	 38.64  
 490 V	 6.47  
 491 E	 45.42  
 492 R	 25.51  
 493 A	 11.01  
 494 R	 40.26  
 495 L	 8.94  
 496 R	 47.60  
 497 E	 70.88  
 498 K	 68.59  
 499 E	 56.23  
 500 K	 73.47  
 501 E	 63.87  
 502 R	 65.64  
 503 E	 68.22  
 504 S	 46.14  
 505 K	 50.95  
 506 E	 61.78  
 507 R	 34.93  
 508 R	 33.75  
 509 R	 29.73  
 510 M	 6.49  
 511 G	 32.97  
 512 L	 2.95  
 513 P	 21.44  
 514 P	 32.82  
 515 V	 7.04  
 516 R	 29.14  
 517 I	 5.61  
 518 G	 11.77  
 519 F	 4.05  
 520 T	 13.27  
 521 I	 2.01  
 522 I	 2.30  
 523 A	 6.79  
 524 S	 18.52  
 525 R	 25.47  
 526 T	 21.57  
 527 L	 4.98  
 528 W	 12.91  
 529 L	 4.56  
 530 K	 36.75  
 531 K	 52.31  
 532 I	 4.93  
 533 P	 28.42  
 534 T	 40.84  
 535 N	 30.84  
 536 I	 4.53  
 537 V	 6.45  
 538 E	 41.03  
 539 N	 49.36  
 540 D	 41.56  
 541 L	 7.17  
 542 K	 38.79  
 543 Q	 58.92  
 544 A	 12.88  
 545 V	 5.29  
 546 E	 43.24  
 547 S	 22.33  
 548 C	 3.46  
 549 G	 42.66  
 550 E	 48.04  
 551 A	 6.47  
 552 S	 33.05  
 553 R	 39.05  
 554 V	 5.56  
 555 K	 27.33  
 556 V	 6.57  
 557 I	 3.16  
 558 G	 22.13  
 559 N	 19.77  
 560 R	 26.32  
 561 A	 6.06  
 562 C	 2.39  
 563 A	 9.59  
 564 Y	 9.23  
 565 I	 1.25  
 566 T	 13.03  
 567 M	 2.89  
 568 E	 38.65  
 569 N	 33.57  
 570 R	 22.18  
 571 R	 52.26  
 572 S	 28.34  
 573 A	 17.90  
 574 N	 43.80  
 575 D	 41.74  
 576 V	 5.41  
 577 V	 5.19  
 578 S	 22.15  
 579 K	 30.30  
 580 M	 3.26  
 581 R	 44.92  
 582 E	 35.33  
 583 V	 3.83  
 584 S	 16.17  
 585 V	 12.52  
 586 A	 9.76  
 587 K	 38.97  
 588 K	 38.91  
 589 M	 3.30  
 590 V	 5.35  
 591 K	 26.55  
 592 V	 3.07  
 593 Y	 6.40  
 594 W	 6.54  
 595 A	 5.60  
 596 R	 29.27  
 597 S	 20.33  
 598 P	 36.25  
 599 G	 33.50  
 600 M	 5.17  
 601 D	 55.78  
 602 S	 25.15  
 603 D	 49.64  
 604 Q	 43.63  
 605 F	 8.02  
 606 S	 26.59  
 607 D	 53.73  
 608 L	 5.47  
 609 W	 16.39  
 610 D	 43.25  
 611 S	 19.49  
 612 N	 42.10  
 613 R	 40.32  
 614 G	 32.39  
 615 V	 3.81  
 616 L	 5.71  
 617 E	 39.24  
 618 I	 3.73  
 619 P	 23.12  
 620 Y	 31.21  
 621 E	 42.64  
 622 K	 49.95  
 623 L	 3.21  
 624 P	 34.59  
 625 L	 13.25  
 626 D	 36.84  
 627 L	 2.98  
 628 V	 3.69  
 629 A	 17.50  
 630 L	 1.81  
 631 C	 3.06  
 632 E	 51.33  
 633 G	 18.45  
 634 A	 3.51  
 635 M	 5.20  
 636 L	 6.26  
 637 D	 29.53  
 638 I	 3.22  
 639 E	 45.98  
 640 S	 39.52  
 641 L	 3.00  
 642 P	 41.81  
 643 I	 17.16  
 644 E	 42.05  
 645 K	 49.82  
 646 K	 30.82  
 647 L	 10.53  
 648 L	 8.67  
 649 Y	 19.74  
 650 K	 49.09  
 651 E	 48.79  
 652 T	 35.84  
 653 G	 29.66  
 654 E	 47.52  
 655 T	 25.20  
 656 V	 2.55  
 657 I	 3.95  
 658 S	 25.38  
 659 I	 4.00  
 660 P	 31.35  
 661 P	 32.66  
 662 P	 45.24  
 663 N	 51.83  
 664 I	 8.85  
 665 Q	 42.77  
 666 P	 28.23  
 667 P	 35.58  
 668 V	 9.65  
 669 P	 39.79  
 670 H	 47.97  
 671 P	 28.72  
 672 P	 28.60  
 673 P	 39.72  
 674 M	 12.17  
 675 G	 32.61  
 676 F	 4.45  
 677 P	 23.43  
 678 F	 10.66  
 679 Q	 24.53  
 680 H	 25.62  
 681 Q	 35.11  
 682 L	 2.86  
 683 T	 22.84  
 684 Q	 55.01  
 685 L	 4.30  
 686 P	 29.56  
 687 G	 59.73  
 688 Q	 28.96  
 689 P	 50.57  
 690 R	 26.30  
 691 P	 37.05  
 692 A	 33.17  
 693 G	 41.20  
 694 L	 5.13  
 695 P	 23.76  
 696 P	 62.55  
 697 G	 42.49  
 698 V	 6.24  
 699 P	 22.13  
 700 P	 37.28  
 701 M	 2.59  
 702 F	 13.35  
 703 N	 26.57  
 704 L	 3.85  
 705 N	 52.05  
 706 A	 22.57  
 707 P	 40.64  
 708 P	 45.36  
 709 P	 38.40  
 710 P	 60.15  
 711 G	 44.49  
 712 I	 2.70  
 713 P	 42.03  
 714 G	 45.73  
 715 Y	 10.73  
 716 P	 25.21  
 717 P	 49.25  
 718 A	 25.40  
 719 P	 47.94  
 720 P	 50.23  
 721 P	 36.90  
 722 P	 56.74  
 723 G	 42.67  
 724 V	 14.87  
 725 G	 34.61  
 726 P	 35.50  
 727 P	 47.47  
 728 P	 36.66  
 729 P	 51.29  
 730 Q	 69.12  
 731 G	 39.89  
 732 I	 2.66  
 733 P	 21.46  
 734 P	 33.34  
 735 M	 7.58  
 736 G	 29.58  
 737 F	 13.20  
 738 D	 39.88  
 739 P	 48.78  
 740 N	 71.90  
 741 K	 65.37  
 742 P	 53.95  
 743 P	 47.43  
 744 P	 41.33  
 745 P	 41.83  
 746 M	 6.13  
 747 F	 6.39  
 748 Q	 35.91  
 749 Q	 47.37  
 750 G	 13.64  
 751 F	 5.01  
 752 N	 44.27  
 753 A	 17.17  
 754 G	 39.46  
 755 A	 15.83  
 756 P	 40.80  
 757 P	 48.97  
 758 P	 35.47  
 759 P	 50.53  
 760 F	 14.90  
 761 G	 32.65  
 762 R	 31.97  
 763 G	 34.95  
 764 A	 19.97  
 765 G	 22.67  
 766 P	 20.96  
 767 M	 5.25  
 768 S	 31.77  
 769 S	 35.20  
 770 F	 9.15  
 771 P	 42.30  
 772 P	 49.90  
 773 P	 31.30  
 774 P	 54.01  
 775 R	 61.13  
 776 G	 43.48  
 777 G	 17.33  
 778 M	 1.87  
 779 H	 19.85  
 780 H	 22.88  
 781 M	 3.03  
 782 P	 33.61  
 783 P	 45.95  
 784 P	 31.15  
 785 P	 52.45  
 786 S	 33.09  
 787 F	 11.81  
 788 R	 51.50  
 789 G	 28.30  
 790 G	 22.32  
 791 R	 51.23  
 792 G	 35.41  
 793 G	 18.20  
 794 H	 40.64  
 795 G	 54.28  
 796 G	 26.35  
 797 P	 42.70  
 798 P	 59.33  
 799 P	 37.82  
 800 P	 46.69  
 801 H	 42.91  
 802 F	 10.89  
 803 D	 36.01  
 804 R	 37.89  
 805 R	 50.37  
 806 G	 39.74  
 807 G	 35.75  
 808 G	 48.54  
 809 G	 29.95  
 810 P	 28.29  
 811 P	 40.95  
 812 F	 26.51  
 813 R	 43.31  
 814 P	 39.52  
 815 E	 68.97  
 816 N	 48.41  
 817 G	 31.58  
 818 R	 38.34  
 819 G	 26.45  
 820 R	 30.62  
 821 L	 7.42  
 822 L	 5.62  
 823 D	 55.33  
 824 Q	 41.06  
 825 S	 29.14  
 826 E	 42.45  
 827 M	 4.68  
 828 W	 9.18  
 829 N	 35.98  
 830 R	 26.38  
 831 E	 51.26  
 832 Q	 43.31  
 833 R	 34.62  
 834 E	 32.69  
 835 M	 5.41  
 836 R	 35.53  
 837 G	 37.47  
 838 G	 22.46  
 839 G	 26.12  
 840 G	 28.29  
 841 A	 17.08  
 842 G	 31.33  
 843 R	 38.58  
 844 D	 64.08  
 845 G	 35.38  
 846 G	 35.77  
 847 R	 41.92  
 848 E	 46.69  
 849 H	 26.93  
 850 R	 39.16  
 851 D	 52.14  
 852 Y	 16.91  
 853 D	 50.74  
 854 R	 34.71  
 855 D	 52.24  
 856 R	 31.21  
 857 S	 35.46  
 858 Q	 42.36  
 859 I	 4.73  
 860 D	 30.32  
 861 R	 36.99  
 862 R	 36.54  
 863 R	 45.21  
 864 Q	 49.60  
 865 D	 46.16  
 866 D	 29.13  
 867 M	 6.43  
 868 G	 23.95  
 869 A	 8.65  
 870 R	 28.90  
 871 R	 40.15  
 872 R	 25.64  
 873 S	 30.49  
 874 R	 39.32  
 875 W	 18.80  
 876 G	 27.62  
 877 D	 47.91  
 878 D	 47.59  
 879 D	 52.86  
 880 R	 51.42  
 881 R	 59.72  
 882 D	 64.16  
 883 D	 49.89  
 884 D	 52.37  
 885 R	 51.42  
 886 R	 58.12  
 887 D	 55.45  
 888 D	 45.78  
 889 R	 48.49  
 890 R	 58.12  
 891 D	 55.45  
 892 D	 50.12  
 893 R	 48.86  
 894 R	 53.92  
 895 E	 49.87  
 896 S	 29.31  
 897 R	 33.02  
 898 R	 53.35  
 899 R	 50.32  
 900 S	 23.89  
 901 P	 38.67  
 902 R	 61.61  
 903 S	 28.22  
 904 P	 41.89  
 905 R	 63.17  
 906 S	 34.24  
 907 P	 40.17  
 908 D	 54.67  
 909 R	 45.30  
 910 R	 39.71  
 911 T	 31.18  
 912 R	 34.96  
 913 R	 52.91  
 914 S	 18.20  
 915 P	 38.84  
 916 S	 40.65  
 917 Y	 23.53  
 918 E	 58.93  
 919 R	 45.40  
 920 E	 64.02  
 921 E	 62.21  
 922 P	 33.94  
 923 P	 54.56  
 924 V	 16.96  
 925 K	 56.99  
 926 K	 46.39  
 927 T	 32.08  
 928 S	 36.09  
 929 V	 15.07  
 930 E	 50.29  
 931 E	 57.73  
 932 E	 40.79  
 933 T	 29.03  
 934 V	 4.87  
 935 S	 29.41  
 936 S	 22.52  
 937 T	 24.71  
 938 T	 33.87  
 939 L	 4.95  
 940 D	 58.03  
 941 E	 62.90  
 942 L	 11.18  
 943 K	 32.95  
 944 P	 57.12  
 945 S	 37.21  
 946 V	 16.13  
 947 E	 48.04  
 948 P	 39.59  
 949 T	 24.34  
 950 P	 40.59  
 951 V	 7.50  
 952 P	 33.26  
 953 A	 18.19  
 954 P	 27.33  
 955 I	 5.02  
 956 P	 31.00  
 957 A	 17.38  
 958 P	 42.89  
 959 A	 16.59  
 960 P	 46.52  
 961 E	 66.08  
 962 L	 4.44  
 963 K	 43.84  
 964 A	 32.50  
 965 A	 21.79  
 966 E	 68.63  
 967 E	 51.14  
 968 P	 24.98  
 969 V	 8.16  
 970 K	 42.02  
 971 I	 3.46  
 972 V	 4.19  
 973 A	 17.55  
 974 E	 34.58  
 975 H	 21.65  
 976 H	 31.65  
 977 E	 54.44  
 978 D	 52.93  
 979 Q	 48.11  
 980 T	 46.58  
 981 D	 49.62  
 982 E	 52.49  
 983 V	 5.46  
 984 P	 14.44  
 985 M	 12.71  
 986 D	 41.39  
 987 L	 7.37  
 988 E	 55.07  
