 1 M	 10.04  
 2 G	 35.65  
 3 R	 36.47  
 4 D	 42.83  
 5 I	 3.09  
 6 S	 38.65  
 7 N	 52.70  
 8 T	 17.00  
 9 P	 22.62  
 10 F	 11.54  
 11 A	 12.47  
 12 W	 11.89  
 13 Q	 31.46  
 14 S	 30.65  
 15 K	 30.60  
 16 T	 49.06  
 17 N	 43.32  
 18 T	 32.24  
 19 Q	 40.97  
 20 N	 34.33  
 21 R	 28.58  
 22 F	 13.11  
 23 L	 3.28  
 24 K	 31.11  
 25 F	 6.72  
 26 L	 3.27  
 27 L	 3.95  
 28 L	 2.57  
 29 V	 2.29  
 30 I	 2.37  
 31 I	 1.62  
 32 L	 1.36  
 33 S	 19.43  
 34 A	 12.09  
 35 L	 3.06  
 36 S	 18.73  
 37 F	 5.54  
 38 Y	 9.21  
 39 I	 4.28  
 40 G	 19.36  
 41 F	 4.39  
 42 P	 39.49  
 43 D	 67.45  
 44 S	 28.84  
 45 K	 58.38  
 46 S	 37.62  
 47 A	 22.91  
 48 S	 32.69  
 49 P	 29.37  
 50 V	 12.23  
 51 S	 42.34  
 52 D	 53.68  
 53 K	 31.62  
 54 Q	 53.05  
 55 Q	 45.50  
 56 Y	 16.24  
 57 S	 25.30  
 58 D	 50.42  
 59 Q	 50.75  
 60 Q	 49.20  
 61 K	 47.01  
 62 E	 47.57  
 63 V	 6.77  
 64 V	 7.34  
 65 N	 40.42  
 66 S	 26.86  
 67 N	 44.23  
 68 S	 25.45  
 69 S	 52.61  
 70 N	 47.92  
 71 T	 43.51  
 72 E	 65.06  
 73 S	 29.22  
 74 K	 44.58  
 75 N	 59.83  
 76 A	 26.99  
 77 G	 44.90  
 78 S	 31.61  
 79 E	 67.53  
 80 N	 48.18  
 81 P	 39.74  
 82 G	 56.22  
 83 S	 26.68  
 84 S	 51.30  
 85 E	 48.78  
 86 T	 31.03  
 87 S	 26.29  
 88 A	 21.98  
 89 D	 46.24  
 90 Q	 42.08  
 91 T	 31.81  
 92 A	 16.86  
 93 N	 70.28  
 94 E	 52.84  
 95 P	 53.97  
 96 K	 60.72  
 97 P	 58.32  
 98 D	 70.84  
 99 K	 52.76  
 100 V	 11.20  
 101 S	 45.01  
 102 D	 57.05  
 103 D	 39.10  
 104 N	 51.71  
 105 A	 21.95  
 106 G	 33.37  
 107 S	 22.11  
 108 A	 19.62  
 109 E	 52.60  
 110 T	 29.75  
 111 I	 4.04  
 112 E	 45.64  
 113 S	 36.18  
 114 N	 42.55  
 115 G	 38.42  
 116 I	 5.96  
 117 E	 46.46  
 118 K	 58.98  
 119 I	 2.68  
 120 P	 37.84  
 121 S	 51.30  
 122 N	 51.75  
 123 D	 52.91  
 124 T	 35.04  
 125 S	 36.66  
 126 S	 24.90  
 127 P	 30.91  
 128 I	 6.91  
 129 F	 7.43  
 130 D	 36.08  
 131 S	 16.53  
 132 A	 14.26  
 133 V	 8.24  
 134 V	 2.90  
 135 P	 27.28  
 136 S	 45.88  
 137 G	 18.59  
 138 P	 34.80  
 139 A	 32.70  
 140 Q	 58.72  
 141 E	 70.31  
 142 E	 49.42  
 143 D	 48.69  
 144 E	 58.87  
 145 A	 26.75  
 146 V	 10.02  
 147 E	 68.44  
 148 E	 69.39  
 149 E	 44.67  
 150 K	 66.45  
 151 K	 59.15  
 152 V	 19.41  
 153 E	 67.55  
 154 E	 68.58  
 155 E	 42.89  
 156 H	 44.43  
 157 E	 54.95  
 158 N	 50.72  
 159 H	 33.55  
 160 G	 51.44  
 161 N	 34.37  
 162 S	 41.25  
 163 E	 66.30  
 164 D	 60.13  
 165 A	 23.19  
 166 E	 74.54  
 167 E	 72.22  
 168 N	 34.99  
 169 K	 60.12  
 170 S	 54.19  
 171 G	 28.62  
 172 D	 44.98  
 173 A	 12.23  
 174 V	 6.09  
 175 T	 21.83  
 176 T	 25.73  
 177 T	 14.65  
 178 T	 32.60  
 179 E	 36.43  
 180 L	 5.77  
 181 S	 17.56  
 182 M	 10.97  
 183 E	 51.01  
 184 D	 45.34  
 185 R	 40.18  
 186 E	 74.74  
 187 G	 43.70  
 188 N	 45.84  
 189 D	 81.88  
 190 D	 57.03  
 191 P	 49.19  
 192 K	 79.65  
 193 D	 70.78  
 194 E	 63.63  
 195 S	 47.39  
 196 E	 51.65  
 197 S	 51.20  
 198 G	 22.73  
 199 T	 33.05  
 200 T	 26.01  
 201 V	 6.06  
 202 S	 31.67  
 203 N	 56.44  
 204 N	 40.76  
 205 E	 62.05  
 206 E	 54.28  
 207 T	 24.22  
 208 T	 34.69  
 209 T	 39.26  
 210 T	 35.15  
 211 E	 53.62  
 212 N	 41.85  
 213 K	 32.35  
 214 V	 14.14  
 215 A	 15.55  
 216 D	 56.42  
 217 E	 53.38  
 218 A	 17.76  
 219 P	 43.84  
 220 S	 50.61  
 221 K	 60.94  
 222 E	 63.10  
 223 A	 21.41  
 224 E	 49.84  
 225 S	 27.35  
 226 I	 2.74  
 227 Q	 44.21  
 228 A	 13.90  
 229 S	 20.39  
 230 Q	 58.19  
 231 D	 54.24  
 232 S	 23.21  
 233 D	 59.13  
 234 H	 33.32  
 235 V	 15.69  
 236 E	 41.80  
 237 K	 70.68  
 238 E	 55.47  
 239 G	 55.59  
 240 E	 46.63  
 241 S	 51.61  
 242 E	 45.96  
 243 T	 38.43  
 244 T	 24.83  
 245 T	 31.55  
 246 T	 31.89  
 247 S	 36.97  
 248 D	 52.34  
 249 E	 41.88  
 250 S	 35.59  
 251 A	 13.61  
 252 T	 43.46  
 253 T	 32.45  
 254 T	 41.26  
 255 E	 50.92  
 256 K	 63.91  
 257 K	 40.78  
 258 T	 50.37  
 259 N	 57.46  
 260 G	 26.17  
 261 A	 14.71  
 262 E	 55.54  
 263 L	 6.30  
 264 V	 7.01  
 265 E	 64.59  
 266 K	 46.22  
 267 S	 35.92  
 268 E	 71.90  
 269 T	 57.44  
 270 E	 64.02  
 271 E	 60.28  
 272 K	 61.06  
 273 N	 63.88  
 274 G	 47.44  
 275 D	 49.13  
 276 S	 41.11  
 277 S	 44.59  
 278 T	 39.22  
 279 K	 66.99  
 280 S	 26.78  
 281 P	 41.45  
 282 E	 66.57  
 283 V	 8.95  
 284 T	 25.72  
 285 S	 40.43  
 286 E	 37.35  
 287 S	 35.11  
 288 S	 21.69  
 289 V	 12.04  
 290 D	 40.04  
 291 T	 24.55  
 292 T	 22.70  
 293 T	 28.60  
 294 I	 5.28  
 295 E	 37.28  
 296 E	 58.31  
 297 Q	 41.21  
 298 L	 8.11  
 299 K	 51.32  
 300 S	 49.83  
 301 N	 59.38  
 302 N	 66.22  
 303 D	 70.45  
 304 E	 70.03  
 305 E	 52.21  
 306 K	 54.28  
 307 Q	 41.64  
 308 V	 17.61  
 309 D	 52.27  
 310 G	 45.39  
 311 N	 53.34  
 312 E	 64.82  
 313 K	 62.05  
 314 E	 49.16  
 315 S	 43.86  
 316 T	 19.29  
 317 F	 7.67  
 318 R	 31.91  
 319 V	 6.18  
 320 L	 5.18  
 321 N	 50.20  
 322 E	 57.39  
 323 D	 49.16  
 324 H	 37.01  
 325 N	 67.14  
 326 E	 63.70  
 327 N	 58.48  
 328 E	 44.83  
 329 E	 68.80  
 330 I	 5.06  
 331 G	 30.48  
 332 E	 70.16  
 333 G	 37.31  
 334 T	 24.32  
 335 K	 56.98  
 336 K	 54.98  
 337 V	 9.68  
 338 T	 36.66  
 339 E	 57.23  
 340 E	 41.93  
 341 T	 22.87  
 342 T	 31.93  
 343 T	 24.62  
 344 V	 6.05  
 345 E	 48.17  
 346 T	 29.62  
 347 T	 18.70  
 348 E	 60.74  
 349 R	 31.14  
 350 Q	 48.33  
 351 N	 45.46  
 352 V	 5.50  
 353 D	 55.90  
 354 D	 51.77  
 355 T	 31.39  
 356 T	 39.68  
 357 E	 49.81  
 358 N	 42.26  
 359 Q	 39.43  
 360 T	 32.24  
 361 T	 17.72  
 362 Q	 46.28  
 363 T	 26.93  
 364 T	 19.45  
 365 S	 22.22  
 366 S	 34.45  
 367 S	 23.36  
 368 Y	 22.53  
 369 N	 46.62  
 370 A	 16.65  
 371 K	 63.87  
 372 E	 73.05  
 373 E	 66.14  
 374 K	 48.38  
 375 K	 56.87  
 376 S	 41.04  
 377 Y	 23.99  
 378 R	 45.01  
 379 K	 30.12  
 380 C	 4.40  
 381 K	 56.57  
 382 V	 12.97  
 383 E	 42.67  
 384 E	 55.34  
 385 W	 7.88  
 386 N	 36.83  
 387 D	 39.97  
 388 V	 4.34  
 389 T	 28.17  
 390 T	 17.95  
 391 V	 5.22  
 392 E	 50.60  
 393 V	 4.72  
 394 P	 21.45  
 395 N	 52.51  
 396 Q	 40.54  
 397 S	 32.59  
 398 V	 5.74  
 399 H	 27.12  
 400 K	 42.85  
 401 K	 29.50  
 402 L	 7.38  
 403 L	 5.38  
 404 L	 8.10  
 405 D	 38.52  
 406 M	 6.52  
 407 D	 48.84  
 408 S	 40.07  
 409 E	 56.45  
 410 D	 72.56  
 411 E	 54.70  
 412 T	 46.80  
 413 E	 50.73  
 414 N	 46.79  
 415 I	 3.55  
 416 Q	 50.57  
 417 H	 37.99  
 418 K	 21.44  
 419 P	 30.49  
 420 R	 43.61  
 421 I	 3.86  
 422 I	 2.28  
 423 S	 18.24  
 424 A	 5.23  
 425 F	 6.44  
 426 A	 15.35  
 427 Y	 14.63  
 428 K	 41.38  
 429 D	 32.38  
 430 S	 14.32  
 431 I	 5.25  
 432 A	 7.68  
 433 V	 5.43  
 434 T	 13.13  
 435 L	 3.63  
 436 S	 28.03  
 437 A	 17.58  
 438 K	 55.97  
 439 N	 41.57  
 440 F	 9.30  
 441 S	 36.34  
 442 S	 32.90  
 443 E	 40.89  
 444 T	 20.80  
 445 V	 3.59  
 446 Y	 4.42  
 447 C	 2.79  
 448 R	 17.71  
 449 Y	 9.84  
 450 H	 10.18  
 451 D	 28.62  
 452 C	 3.23  
 453 Y	 23.07  
 454 K	 49.54  
 455 K	 27.88  
 456 G	 22.58  
 457 M	 8.26  
 458 G	 57.65  
 459 D	 38.87  
 460 P	 44.73  
 461 K	 59.02  
 462 P	 38.09  
 463 S	 33.21  
 464 F	 9.18  
 465 V	 10.26  
 466 Y	 10.16  
 467 P	 24.62  
 468 E	 41.16  
 469 S	 20.76  
 470 T	 17.52  
 471 V	 6.88  
 472 Y	 9.23  
 473 C	 1.51  
 474 P	 15.88  
 475 R	 37.20  
 476 R	 23.63  
 477 A	 24.47  
 478 G	 22.31  
 479 A	 10.65  
 480 K	 42.05  
 481 Y	 10.20  
 482 I	 2.65  
 483 S	 19.57  
 484 I	 2.90  
 485 S	 20.10  
 486 E	 52.28  
 487 T	 24.12  
 488 L	 4.86  
 489 D	 43.63  
 490 T	 30.07  
 491 I	 3.02  
 492 G	 24.06  
 493 Q	 35.19  
 494 Y	 10.52  
 495 P	 12.03  
 496 V	 5.30  
 497 Q	 30.19  
 498 I	 3.92  
 499 V	 2.03  
 500 K	 44.43  
 501 R	 27.18  
 502 Q	 60.61  
 503 R	 42.48  
 504 P	 30.95  
 505 E	 49.84  
 506 H	 26.21  
 507 F	 6.12  
 508 L	 3.65  
 509 T	 15.77  
 510 V	 3.18  
 511 C	 1.89  
 512 V	 5.41  
 513 P	 21.96  
 514 L	 6.68  
 515 N	 48.78  
 516 D	 57.43  
 517 E	 63.10  
 518 N	 34.69  
 519 V	 4.42  
 520 N	 44.71  
 521 I	 2.78  
 522 L	 3.50  
 523 E	 30.27  
 524 V	 4.09  
 525 A	 7.41  
 526 R	 37.95  
 527 F	 3.43  
 528 I	 2.51  
 529 E	 39.85  
 530 Y	 10.90  
 531 Y	 7.76  
 532 K	 33.17  
 533 L	 3.08  
 534 Q	 35.01  
 535 G	 36.70  
 536 A	 6.56  
 537 T	 35.27  
 538 F	 4.09  
 539 F	 5.40  
 540 N	 19.38  
 541 V	 4.70  
 542 Y	 15.15  
 543 Y	 7.51  
 544 K	 28.61  
 545 N	 24.68  
 546 M	 2.98  
 547 S	 37.29  
 548 K	 30.52  
 549 Y	 11.25  
 550 Q	 24.95  
 551 T	 13.49  
 552 M	 2.07  
 553 L	 5.56  
 554 L	 3.06  
 555 E	 45.04  
 556 D	 57.27  
 557 Y	 10.76  
 558 T	 34.16  
 559 K	 44.26  
 560 T	 30.71  
 561 G	 38.99  
 562 D	 39.34  
 563 V	 5.66  
 564 K	 52.91  
 565 L	 4.53  
 566 V	 3.80  
 567 K	 51.84  
 568 V	 8.76  
 569 G	 21.70  
 570 S	 31.21  
 571 E	 56.61  
 572 S	 38.65  
 573 T	 28.05  
 574 E	 59.86  
 575 Q	 38.62  
 576 I	 4.37  
 577 E	 40.91  
 578 A	 20.84  
 579 N	 37.49  
 580 D	 40.27  
 581 C	 3.54  
 582 Q	 37.58  
 583 H	 42.17  
 584 R	 14.68  
 585 S	 29.59  
 586 K	 50.72  
 587 Y	 17.84  
 588 F	 7.52  
 589 S	 24.97  
 590 K	 38.37  
 591 W	 7.55  
 592 T	 15.97  
 593 A	 9.06  
 594 F	 2.99  
 595 L	 5.00  
 596 A	 9.62  
 597 L	 8.13  
 598 N	 27.09  
 599 D	 58.34  
 600 R	 31.51  
 601 L	 7.53  
 602 E	 45.40  
 603 V	 11.37  
 604 G	 20.47  
 605 D	 60.08  
 606 G	 32.40  
 607 A	 16.09  
 608 K	 63.31  
 609 E	 62.33  
 610 G	 27.70  
 611 T	 19.00  
 612 T	 25.96  
 613 I	 4.01  
 614 A	 11.59  
 615 S	 26.71  
 616 K	 41.32  
 617 I	 4.40  
 618 D	 38.83  
 619 S	 27.75  
 620 V	 4.20  
 621 V	 9.19  
 622 D	 32.57  
 623 F	 7.01  
 624 K	 34.39  
 625 L	 5.60  
 626 N	 37.35  
 627 V	 7.65  
 628 L	 3.23  
 629 K	 42.05  
 630 Y	 14.32  
 631 T	 35.90  
 632 S	 20.04  
 633 P	 40.48  
 634 E	 69.52  
 635 T	 53.49  
 636 D	 54.23  
 637 E	 58.78  
 638 K	 39.84  
 639 I	 3.23  
 640 R	 27.07  
 641 I	 3.70  
 642 V	 1.83  
 643 V	 7.37  
 644 R	 23.86  
 645 P	 35.32  
 646 D	 42.63  
 647 K	 47.92  
 648 I	 3.71  
 649 V	 6.06  
 650 S	 21.21  
 651 I	 3.89  
 652 N	 26.97  
 653 Q	 41.90  
 654 H	 13.59  
 655 P	 16.31  
 656 I	 3.69  
 657 L	 3.31  
 658 V	 4.44  
 659 Y	 11.70  
 660 S	 27.51  
 661 D	 40.66  
 662 D	 57.00  
 663 Q	 46.71  
 664 P	 40.76  
 665 Q	 47.31  
 666 E	 49.04  
 667 A	 10.88  
 668 I	 4.26  
 669 A	 20.05  
 670 E	 39.05  
 671 S	 22.23  
 672 S	 25.60  
 673 G	 44.29  
 674 L	 7.16  
 675 L	 5.95  
 676 K	 56.47  
 677 E	 52.29  
 678 F	 6.48  
 679 I	 5.17  
 680 N	 44.71  
 681 S	 42.23  
 682 D	 57.95  
 683 D	 48.49  
 684 K	 58.94  
 685 W	 24.96  
 686 T	 26.85  
 687 P	 27.62  
 688 E	 64.53  
 689 N	 50.50  
 690 L	 6.92  
 691 S	 39.93  
 692 E	 66.45  
 693 N	 39.30  
 694 I	 6.54  
 695 E	 55.93  
 696 D	 58.59  
 697 N	 25.23  
 698 V	 7.95  
 699 P	 23.69  
 700 L	 10.80  
 701 R	 30.39  
 702 G	 37.27  
 703 E	 43.69  
 704 L	 8.94  
 705 L	 4.05  
 706 E	 55.65  
 707 N	 40.23  
 708 I	 2.42  
 709 L	 4.23  
 710 S	 33.82  
 711 R	 32.22  
 712 T	 25.92  
 713 K	 34.54  
 714 L	 3.96  
 715 V	 3.03  
 716 Y	 15.71  
 717 R	 21.81  
 718 T	 15.96  
 719 M	 3.82  
 720 E	 59.02  
 721 E	 57.68  
 722 D	 40.01  
 723 S	 32.91  
 724 K	 63.79  
 725 M	 8.95  
 726 D	 63.29  
 727 E	 60.05  
