 1 M	 5.30  
 2 A	 17.32  
 3 A	 12.27  
 4 T	 13.87  
 5 T	 14.11  
 6 A	 8.23  
 7 A	 8.33  
 8 V	 3.77  
 9 V	 4.81  
 10 A	 14.09  
 11 E	 44.81  
 12 E	 61.57  
 13 D	 36.67  
 14 T	 39.95  
 15 E	 54.88  
 16 L	 5.84  
 17 R	 26.71  
 18 D	 57.91  
 19 L	 4.00  
 20 L	 2.92  
 21 V	 5.48  
 22 Q	 40.10  
 23 T	 28.67  
 24 L	 3.07  
 25 E	 53.38  
 26 N	 47.37  
 27 S	 22.39  
 28 G	 39.24  
 29 V	 4.26  
 30 L	 3.98  
 31 N	 41.02  
 32 R	 27.85  
 33 I	 4.89  
 34 K	 32.35  
 35 A	 20.77  
 36 E	 33.51  
 37 L	 5.58  
 38 R	 16.41  
 39 A	 22.17  
 40 A	 6.02  
 41 V	 3.84  
 42 F	 2.57  
 43 L	 4.23  
 44 A	 11.06  
 45 L	 8.94  
 46 E	 52.61  
 47 E	 65.96  
 48 Q	 46.57  
 49 E	 63.45  
 50 K	 55.32  
 51 V	 10.89  
 52 E	 65.17  
 53 N	 57.39  
 54 K	 37.70  
 55 T	 33.18  
 56 P	 35.60  
 57 L	 8.60  
 58 V	 9.94  
 59 N	 39.87  
 60 E	 57.36  
 61 N	 52.54  
 62 L	 5.35  
 63 K	 53.73  
 64 K	 59.24  
 65 F	 6.42  
 66 L	 12.50  
 67 N	 48.49  
 68 T	 32.43  
 69 K	 58.05  
 70 D	 45.46  
 71 G	 26.78  
 72 R	 35.80  
 73 L	 4.64  
 74 V	 3.07  
 75 A	 11.18  
 76 S	 18.85  
 77 L	 2.82  
 78 V	 4.43  
 79 A	 13.71  
 80 E	 39.14  
 81 F	 4.72  
 82 L	 3.06  
 83 Q	 46.32  
 84 F	 4.82  
 85 F	 5.98  
 86 N	 39.73  
 87 L	 4.91  
 88 D	 35.27  
 89 F	 7.31  
 90 T	 17.30  
 91 L	 3.75  
 92 A	 10.00  
 93 V	 5.21  
 94 F	 7.09  
 95 H	 16.82  
 96 P	 34.79  
 97 E	 46.98  
 98 T	 35.30  
 99 S	 23.11  
 100 T	 25.41  
 101 I	 2.83  
 102 Q	 50.97  
 103 G	 23.11  
 104 L	 3.46  
 105 E	 64.13  
 106 G	 47.44  
 107 R	 21.91  
 108 E	 68.41  
 109 N	 39.04  
 110 L	 3.77  
 111 A	 16.66  
 112 Q	 50.02  
 113 D	 41.05  
 114 L	 3.36  
 115 G	 27.41  
 116 I	 3.15  
 117 I	 3.78  
 118 E	 38.45  
 119 A	 15.31  
 120 E	 42.48  
 121 G	 32.52  
 122 T	 13.90  
 123 V	 14.18  
 124 G	 31.66  
 125 G	 12.83  
 126 P	 17.57  
 127 L	 10.89  
 128 L	 4.28  
 129 L	 6.95  
 130 E	 35.55  
 131 V	 4.10  
 132 I	 1.35  
 133 R	 38.20  
 134 R	 16.09  
 135 C	 3.45  
 136 Q	 56.41  
 137 Q	 60.55  
 138 K	 35.20  
 139 E	 59.93  
 140 K	 76.78  
 141 G	 24.89  
 142 P	 32.22  
 143 A	 34.57  
 144 S	 24.68  
 145 V	 9.51  
 146 E	 35.93  
 147 G	 29.32  
 148 A	 5.61  
 149 L	 11.35  
 150 D	 43.52  
 151 L	 5.38  
 152 S	 41.01  
 153 D	 67.71  
 154 G	 31.65  
 155 H	 35.77  
 156 P	 40.15  
 157 P	 49.03  
 158 S	 50.66  
 159 K	 75.66  
 160 S	 32.30  
 161 P	 59.08  
 162 E	 83.07  
 163 G	 38.23  
 164 K	 39.31  
 165 S	 45.61  
 166 S	 34.65  
 167 A	 22.53  
 168 N	 48.65  
 169 S	 41.22  
 170 T	 31.24  
 171 P	 33.18  
 172 S	 43.22  
 173 K	 58.91  
 174 I	 2.49  
 175 P	 36.97  
 176 R	 49.63  
 177 Y	 17.70  
 178 K	 46.14  
 179 G	 32.32  
 180 Q	 57.28  
 181 G	 53.04  
 182 K	 43.11  
 183 K	 63.07  
 184 K	 49.19  
 185 T	 38.94  
 186 I	 8.26  
 187 G	 34.39  
 188 Q	 44.94  
 189 K	 45.84  
 190 P	 48.61  
 191 G	 67.42  
 192 D	 58.78  
 193 K	 64.96  
 194 K	 59.38  
 195 T	 43.13  
 196 S	 34.75  
 197 S	 50.56  
 198 E	 52.85  
 199 T	 33.73  
 200 S	 27.88  
 201 Q	 60.27  
 202 S	 51.77  
 203 E	 33.68  
 204 P	 45.32  
 205 S	 21.93  
 206 V	 11.05  
 207 S	 30.43  
 208 L	 6.54  
 209 S	 32.11  
 210 E	 68.43  
 211 S	 38.56  
 212 K	 58.83  
 213 S	 47.23  
 214 K	 48.04  
 215 S	 45.27  
 216 S	 33.56  
 217 L	 4.03  
 218 H	 23.78  
 219 S	 32.32  
 220 L	 3.82  
 221 A	 11.07  
 222 H	 42.10  
 223 E	 33.89  
 224 T	 19.94  
 225 R	 21.35  
 226 I	 5.00  
 227 A	 7.31  
 228 S	 25.09  
 229 F	 5.92  
 230 L	 4.49  
 231 S	 21.89  
 232 S	 25.18  
 233 S	 29.00  
 234 A	 12.73  
 235 V	 6.81  
 236 D	 35.29  
 237 A	 15.58  
 238 R	 39.62  
 239 D	 48.98  
 240 S	 16.38  
 241 S	 29.56  
 242 A	 19.69  
 243 L	 4.74  
 244 C	 2.63  
 245 P	 49.85  
 246 D	 72.64  
 247 G	 20.40  
 248 D	 65.25  
 249 D	 45.99  
 250 V	 12.02  
 251 E	 65.36  
 252 G	 35.39  
 253 D	 28.85  
 254 S	 38.37  
 255 F	 10.41  
 256 F	 13.92  
 257 D	 59.78  
 258 D	 37.56  
 259 P	 46.77  
 260 I	 9.84  
 261 P	 52.08  
 262 K	 67.54  
 263 P	 42.85  
 264 E	 65.24  
 265 K	 56.42  
 266 T	 26.13  
 267 Y	 26.26  
 268 G	 16.78  
 269 W	 5.96  
 270 R	 25.39  
 271 A	 25.33  
 272 E	 36.74  
 273 P	 48.02  
 274 R	 33.28  
 275 K	 61.11  
 276 Q	 40.13  
 277 V	 8.03  
 278 G	 23.93  
 279 G	 21.15  
 280 L	 2.11  
 281 A	 16.23  
 282 S	 33.19  
 283 L	 6.80  
 284 S	 40.88  
 285 D	 74.03  
 286 K	 30.84  
 287 P	 36.41  
 288 H	 39.35  
 289 L	 6.72  
 290 R	 26.16  
 291 S	 50.90  
 292 G	 24.12  
 293 L	 3.11  
 294 S	 27.16  
 295 S	 27.55  
 296 L	 4.59  
 297 A	 17.66  
 298 G	 43.23  
 299 A	 5.72  
 300 P	 29.02  
 301 S	 43.28  
 302 L	 6.48  
 303 T	 54.57  
 304 D	 50.71  
 305 P	 42.39  
 306 E	 72.24  
 307 S	 32.80  
 308 K	 60.15  
 309 R	 54.28  
 310 G	 31.25  
 311 S	 21.26  
 312 T	 32.45  
 313 V	 7.19  
 314 L	 3.46  
 315 K	 57.59  
 316 D	 44.89  
 317 L	 4.40  
 318 K	 51.78  
 319 L	 8.54  
 320 V	 9.95  
 321 G	 40.70  
 322 E	 33.74  
 323 K	 46.57  
 324 I	 3.84  
 325 G	 28.08  
 326 S	 23.80  
 327 L	 5.75  
 328 G	 24.61  
 329 L	 7.23  
 330 G	 29.85  
 331 T	 42.30  
 332 G	 38.26  
 333 E	 59.05  
 334 D	 56.25  
 335 E	 48.93  
 336 D	 57.13  
 337 Y	 15.19  
 338 A	 23.40  
 339 D	 55.60  
 340 D	 36.13  
 341 F	 8.83  
 342 N	 43.60  
 343 S	 31.01  
 344 A	 15.51  
 345 S	 21.18  
 346 H	 36.68  
 347 R	 43.97  
 348 S	 43.91  
 349 E	 61.63  
 350 K	 50.94  
 351 S	 39.45  
 352 E	 58.57  
 353 L	 6.12  
 354 S	 25.21  
 355 I	 14.57  
 356 G	 24.10  
 357 E	 54.88  
 358 E	 50.95  
 359 I	 6.46  
 360 E	 49.06  
 361 E	 70.66  
 362 D	 31.11  
 363 L	 4.26  
 364 S	 26.30  
 365 M	 10.16  
 366 G	 19.11  
 367 V	 4.54  
 368 E	 55.24  
 369 D	 53.92  
 370 G	 26.30  
 371 N	 49.05  
 372 T	 43.78  
 373 S	 36.43  
 374 D	 54.20  
 375 K	 54.29  
 376 L	 8.11  
 377 D	 55.39  
 378 D	 63.15  
 379 L	 4.65  
 380 T	 27.34  
 381 Q	 51.52  
 382 D	 38.79  
 383 L	 3.51  
 384 T	 26.80  
 385 V	 4.45  
 386 S	 21.84  
 387 Q	 40.42  
 388 L	 3.53  
 389 S	 23.54  
 390 D	 48.49  
 391 V	 3.82  
 392 A	 12.53  
 393 D	 48.69  
 394 Y	 11.40  
 395 L	 4.69  
 396 E	 44.18  
 397 D	 38.76  
 398 V	 5.07  
 399 A	 26.47  
