 1 T	 54.57  
 2 D	 65.87  
 3 E	 60.22  
 4 T	 22.72  
 5 F	 5.47  
 6 S	 33.80  
 7 L	 6.42  
 8 A	 16.04  
 9 E	 60.16  
 10 E	 49.89  
 11 T	 14.81  
 12 C	 4.80  
 13 S	 40.34  
 14 S	 49.32  
 15 N	 16.44  
 16 P	 24.55  
 17 A	 17.22  
 18 M	 2.25  
 19 V	 6.10  
 20 R	 31.45  
 21 R	 32.96  
 22 K	 37.66  
 23 K	 35.24  
 24 I	 4.64  
 25 A	 9.80  
 26 I	 3.28  
 27 S	 10.70  
 28 I	 2.77  
 29 I	 1.21  
 30 F	 4.32  
 31 S	 23.00  
 32 L	 2.15  
 33 C	 4.48  
 34 E	 59.87  
 35 R	 37.55  
 36 E	 26.51  
 37 A	 18.34  
 38 A	 10.53  
 39 Q	 53.15  
 40 R	 41.82  
 41 D	 33.22  
 42 F	 9.05  
 43 Q	 51.39  
 44 D	 42.17  
 45 F	 4.66  
 46 F	 9.15  
 47 F	 5.83  
 48 S	 21.04  
 49 H	 24.16  
 50 F	 5.65  
 51 P	 30.62  
 52 L	 7.91  
 53 F	 10.35  
 54 E	 47.63  
 55 S	 22.24  
 56 H	 15.44  
 57 M	 4.32  
 58 N	 40.48  
 59 R	 30.15  
 60 L	 5.22  
 61 K	 42.96  
 62 G	 36.06  
 63 A	 12.74  
 64 I	 8.33  
 65 E	 33.94  
 66 K	 36.82  
 67 A	 6.43  
 68 M	 3.25  
 69 I	 4.14  
 70 S	 8.52  
 71 C	 3.39  
 72 R	 32.33  
 73 K	 55.71  
 74 I	 2.60  
 75 S	 34.17  
 76 E	 48.06  
 77 S	 28.07  
 78 S	 19.02  
 79 L	 9.65  
 80 R	 23.34  
 81 V	 5.83  
 82 Q	 19.95  
 83 F	 6.26  
 84 Y	 4.76  
 85 V	 2.57  
 86 S	 14.33  
 87 R	 28.19  
 88 L	 2.57  
 89 M	 2.48  
 90 E	 45.38  
 91 A	 13.60  
 92 L	 4.26  
 93 G	 38.76  
 94 E	 32.78  
 95 F	 9.18  
 96 R	 36.72  
 97 G	 27.20  
 98 T	 20.68  
 99 I	 2.27  
 100 W	 6.65  
 101 N	 25.83  
 102 L	 1.71  
 103 Y	 12.38  
 104 S	 28.89  
 105 V	 2.03  
 106 P	 18.93  
 107 R	 38.30  
 108 I	 4.10  
 109 A	 19.13  
 110 E	 37.71  
 111 P	 17.35  
 112 V	 5.01  
 113 W	 9.24  
 114 L	 1.93  
 115 T	 8.63  
 116 M	 2.31  
 117 M	 2.05  
 118 S	 18.81  
 119 N	 30.68  
 120 T	 29.05  
 121 L	 11.74  
 122 E	 48.17  
 123 K	 53.78  
 124 N	 30.59  
 125 Q	 55.47  
 126 L	 3.62  
 127 C	 1.64  
 128 Q	 47.99  
 129 R	 37.56  
 130 F	 4.75  
 131 L	 5.90  
 132 K	 48.11  
 133 E	 39.81  
 134 F	 4.57  
 135 I	 2.99  
 136 L	 4.84  
 137 L	 3.28  
 138 I	 2.89  
 139 E	 48.74  
 140 Q	 36.77  
 141 V	 7.75  
 142 N	 36.94  
 143 K	 53.95  
 144 N	 38.39  
 145 Q	 36.12  
 146 F	 6.68  
 147 F	 2.54  
 148 A	 9.86  
 149 A	 9.65  
 150 L	 3.81  
 151 L	 2.18  
 152 T	 18.64  
 153 A	 8.35  
 154 V	 3.28  
 155 L	 3.50  
 156 T	 11.42  
 157 Y	 7.23  
 158 H	 12.11  
 159 L	 2.57  
 160 A	 7.60  
 161 W	 11.72  
 162 V	 2.07  
 163 P	 14.47  
 164 T	 21.59  
 165 V	 3.14  
 166 M	 2.70  
 167 P	 24.85  
 168 V	 5.95  
 169 D	 42.58  
 170 H	 30.21  
 171 P	 28.04  
 172 P	 36.97  
 173 I	 6.23  
 174 K	 49.50  
 175 A	 17.58  
 176 F	 9.11  
 177 S	 47.25  
 178 E	 39.85  
 179 K	 60.83  
 180 R	 35.24  
 181 T	 42.03  
 182 S	 25.21  
 183 Q	 51.27  
 184 S	 18.41  
 185 V	 3.65  
 186 N	 25.62  
 187 M	 3.45  
 188 L	 3.59  
 189 A	 12.16  
 190 K	 43.32  
 191 T	 23.60  
 192 H	 23.34  
 193 P	 35.51  
 194 Y	 23.08  
 195 N	 29.64  
 196 P	 24.36  
 197 L	 5.43  
 198 W	 5.34  
 199 A	 11.47  
 200 Q	 34.10  
 201 L	 4.44  
 202 G	 15.70  
 203 D	 45.36  
 204 L	 3.94  
 205 Y	 14.84  
 206 G	 20.29  
 207 A	 6.87  
 208 I	 4.95  
 209 G	 25.93  
 210 S	 17.70  
 211 P	 15.27  
 212 V	 9.31  
 213 R	 33.45  
 214 L	 3.75  
 215 T	 17.46  
 216 R	 30.07  
 217 T	 17.56  
 218 V	 2.38  
 219 V	 4.76  
 220 I	 5.05  
 221 G	 18.09  
 222 K	 42.95  
 223 Q	 39.00  
 224 K	 57.42  
 225 D	 49.97  
 226 L	 4.56  
 227 V	 5.29  
 228 Q	 33.71  
 229 R	 17.25  
 230 I	 1.49  
 231 L	 2.35  
 232 Y	 7.34  
 233 V	 2.63  
 234 L	 1.71  
 235 T	 11.37  
 236 Y	 9.10  
 237 F	 2.67  
 238 L	 3.67  
 239 R	 16.41  
 240 C	 3.94  
 241 S	 34.60  
 242 E	 59.09  
 243 L	 4.44  
 244 Q	 43.47  
 245 E	 60.61  
 246 N	 34.82  
 247 Q	 35.80  
 248 L	 9.50  
 249 S	 14.94  
 250 W	 20.89  
 251 S	 25.89  
 252 G	 43.75  
 253 N	 31.26  
 254 P	 42.49  
 255 S	 58.62  
 256 E	 67.85  
 257 D	 56.85  
 258 D	 40.36  
 259 Q	 50.76  
 260 V	 4.76  
 261 I	 3.92  
 262 N	 50.24  
 263 G	 21.13  
 264 S	 19.05  
 265 K	 39.25  
 266 I	 3.47  
 267 I	 1.80  
 268 T	 28.76  
 269 A	 11.87  
 270 L	 5.38  
 271 E	 57.46  
 272 K	 62.31  
 273 G	 34.50  
 274 E	 58.80  
 275 V	 15.68  
 276 E	 52.05  
 277 E	 54.79  
 278 S	 22.26  
 279 E	 45.70  
 280 Y	 14.07  
 281 V	 2.15  
 282 V	 2.67  
 283 V	 2.89  
 284 T	 11.76  
 285 V	 3.91  
 286 S	 21.44  
 287 S	 43.17  
 288 E	 27.38  
 289 P	 32.61  
 290 A	 19.69  
 291 L	 9.70  
 292 V	 6.02  
 293 P	 15.86  
 294 P	 33.01  
 295 I	 7.79  
 296 L	 2.98  
 297 P	 31.13  
 298 Q	 59.43  
 299 G	 25.59  
 300 T	 21.79  
 301 A	 18.34  
 302 E	 48.76  
 303 R	 41.74  
 304 R	 48.33  
 305 S	 39.58  
 306 P	 50.18  
 307 E	 55.65  
 308 P	 33.60  
 309 T	 26.42  
 310 V	 5.86  
 311 V	 4.32  
 312 A	 12.22  
 313 E	 35.12  
 314 I	 3.07  
 315 S	 21.58  
 316 E	 73.20  
 317 G	 15.93  
 318 V	 6.57  
 319 N	 49.06  
 320 T	 22.60  
 321 S	 26.14  
 322 E	 57.65  
 323 L	 9.73  
 324 G	 23.79  
 325 H	 55.94  
 326 K	 53.74  
 327 P	 52.71  
 328 E	 68.70  
 329 K	 59.21  
 330 N	 53.58  
 331 R	 38.10  
 332 C	 6.48  
 333 K	 68.68  
 334 R	 43.55  
 335 P	 32.78  
 336 E	 67.44  
 337 Q	 62.52  
 338 N	 39.91  
 339 S	 33.94  
 340 E	 61.18  
 341 A	 13.51  
 342 S	 19.46  
 343 S	 29.94  
 344 M	 6.05  
 345 G	 24.04  
 346 F	 4.43  
 347 Q	 43.17  
 348 E	 53.38  
 349 A	 23.88  
 350 E	 49.22  
 351 P	 54.56  
 352 D	 46.97  
 353 S	 37.98  
 354 S	 36.08  
 355 W	 15.38  
 356 I	 1.65  
 357 P	 21.78  
 358 Q	 48.78  
 359 G	 15.02  
 360 I	 2.77  
 361 F	 4.83  
 362 C	 6.63  
 363 E	 58.45  
 364 D	 60.05  
 365 K	 28.80  
 366 Q	 71.68  
 367 N	 59.69  
 368 D	 45.24  
 369 Q	 50.18  
 370 E	 57.45  
 371 A	 12.62  
 372 T	 24.96  
 373 Q	 57.68  
 374 D	 29.88  
 375 C	 2.82  
 376 S	 41.98  
 377 S	 53.87  
 378 S	 25.24  
 379 P	 27.11  
 380 P	 54.26  
 381 S	 26.71  
 382 C	 8.24  
 383 E	 60.95  
 384 V	 4.26  
 385 P	 13.52  
 386 R	 39.49  
 387 V	 4.58  
 388 R	 23.05  
 389 R	 35.10  
 390 R	 23.59  
 391 M	 5.31  
 392 D	 35.31  
 393 Q	 28.90  
 394 Q	 41.59  
 395 T	 22.32  
 396 L	 3.59  
 397 H	 26.69  
 398 S	 39.77  
 399 K	 33.48  
 400 L	 7.61  
 401 H	 35.46  
 402 G	 39.77  
 403 E	 39.97  
 404 T	 48.77  
 405 L	 5.53  
 406 K	 47.86  
 407 K	 61.01  
 408 R	 41.59  
 409 A	 28.23  
 410 E	 49.45  
 411 Q	 37.07  
 412 S	 16.09  
 413 A	 17.15  
 414 A	 18.91  
 415 W	 8.51  
 416 P	 18.29  
 417 C	 3.69  
 418 P	 37.28  
 419 D	 68.58  
 420 R	 19.25  
 421 H	 41.01  
 422 S	 35.84  
 423 Q	 53.65  
 424 E	 75.42  
 425 D	 45.20  
 426 P	 33.80  
 427 P	 60.26  
 428 V	 15.74  
 429 E	 47.81  
 430 K	 46.97  
 431 V	 4.35  
 432 T	 22.14  
 433 F	 4.41  
 434 H	 17.71  
 435 I	 5.10  
 436 G	 13.53  
 437 S	 24.72  
 438 S	 23.13  
 439 I	 9.49  
 440 S	 25.27  
 441 P	 43.36  
 442 E	 57.03  
 443 S	 51.49  
 444 D	 50.07  
 445 F	 14.82  
 446 E	 44.28  
 447 S	 45.29  
 448 R	 36.75  
 449 T	 32.08  
 450 K	 48.95  
 451 R	 36.81  
 452 M	 7.17  
 453 E	 43.95  
 454 E	 54.71  
 455 R	 28.34  
 456 L	 4.70  
 457 K	 48.10  
 458 A	 14.76  
 459 C	 4.09  
 460 G	 31.21  
 461 H	 16.06  
 462 F	 3.27  
 463 H	 25.82  
 464 G	 21.93  
 465 A	 8.05  
 466 S	 27.61  
 467 A	 14.47  
 468 S	 26.62  
 469 A	 17.10  
 470 S	 22.05  
 471 S	 29.42  
 472 S	 20.41  
 473 M	 6.05  
 474 D	 39.30  
 475 T	 26.00  
 476 G	 23.59  
 477 L	 4.92  
 478 T	 31.25  
 479 Q	 52.09  
 480 E	 39.37  
 481 Q	 43.02  
 482 Q	 47.47  
 483 G	 26.21  
 484 S	 32.08  
 485 G	 20.22  
 486 C	 4.65  
 487 S	 33.05  
 488 F	 9.82  
 489 K	 30.65  
 490 A	 25.39  
 491 D	 53.48  
 492 F	 17.55  
 493 E	 50.82  
 494 K	 55.19  
 495 D	 42.68  
 496 I	 10.04  
 497 T	 25.65  
 498 P	 37.63  
 499 Q	 53.01  
 500 D	 44.85  
 501 H	 20.72  
 502 S	 38.68  
 503 S	 47.61  
 504 G	 40.98  
 505 G	 30.36  
 506 E	 61.01  
 507 G	 31.37  
 508 V	 5.01  
 509 S	 44.64  
 510 E	 49.69  
 511 D	 42.30  
 512 R	 41.83  
 513 G	 31.66  
 514 L	 4.94  
 515 R	 27.09  
 516 A	 18.39  
 517 N	 29.47  
 518 M	 2.58  
 519 T	 13.39  
 520 H	 13.98  
 521 A	 9.66  
 522 V	 3.79  
 523 G	 24.40  
 524 Q	 31.20  
 525 L	 2.96  
 526 S	 21.92  
 527 Q	 46.01  
 528 V	 9.14  
 529 D	 45.41  
 530 G	 21.92  
 531 P	 23.16  
 532 L	 9.06  
 533 A	 8.05  
 534 H	 29.05  
 535 S	 21.38  
 536 L	 1.33  
 537 C	 3.65  
 538 A	 21.40  
 539 A	 15.53  
 540 E	 34.89  
 541 S	 32.64  
 542 G	 15.38  
 543 R	 35.04  
 544 R	 47.34  
 545 L	 6.26  
 546 L	 4.32  
 547 E	 55.27  
 548 Q	 41.63  
 549 T	 21.33  
 550 R	 41.62  
 551 D	 35.58  
 552 V	 6.91  
 553 Q	 41.57  
 554 L	 4.70  
 555 K	 43.00  
 556 G	 37.67  
 557 Y	 15.93  
 558 K	 73.37  
 559 G	 20.88  
 560 P	 30.45  
 561 S	 56.87  
 562 S	 49.40  
 563 E	 55.44  
 564 P	 49.14  
 565 V	 6.03  
 566 P	 33.01  
 567 N	 56.79  
 568 R	 15.78  
 569 C	 6.14  
 570 R	 28.72  
 571 Q	 50.31  
 572 Q	 28.68  
 573 G	 22.00  
 574 G	 16.99  
 575 L	 3.90  
 576 L	 2.57  
 577 I	 3.41  
 578 A	 9.51  
 579 A	 16.02  
 580 D	 32.66  
 581 V	 3.18  
 582 P	 28.12  
 583 Y	 27.73  
 584 G	 20.24  
 585 D	 31.55  
 586 A	 18.80  
 587 S	 45.86  
 588 G	 43.54  
 589 K	 41.30  
 590 G	 39.67  
 591 N	 32.31  
 592 Y	 24.96  
 593 R	 32.03  
 594 S	 35.25  
 595 E	 52.46  
 596 G	 39.12  
 597 D	 43.60  
 598 I	 5.19  
 599 P	 37.47  
 600 R	 60.94  
 601 N	 37.54  
 602 E	 54.69  
 603 S	 40.81  
 604 L	 5.00  
 605 D	 40.94  
 606 S	 30.59  
 607 A	 18.41  
 608 L	 10.17  
 609 G	 31.90  
 610 D	 50.14  
 611 S	 45.20  
 612 D	 63.61  
 613 D	 49.71  
 614 E	 49.29  
 615 A	 8.84  
 616 C	 2.13  
 617 V	 4.52  
 618 L	 2.53  
 619 A	 6.95  
 620 L	 3.14  
 621 L	 4.20  
 622 E	 54.26  
 623 L	 8.25  
 624 G	 10.99  
 625 H	 37.57  
 626 S	 18.86  
 627 C	 3.22  
 628 D	 64.65  
 629 R	 48.65  
 630 T	 30.74  
 631 E	 46.62  
 632 E	 61.07  
 633 S	 24.49  
 634 L	 10.92  
 635 E	 43.13  
 636 V	 12.73  
 637 E	 34.98  
 638 L	 6.79  
 639 P	 27.15  
 640 L	 9.58  
 641 P	 31.75  
 642 R	 55.82  
 643 S	 26.92  
 644 Q	 52.59  
 645 S	 35.58  
 646 T	 26.98  
 647 S	 34.71  
 648 K	 44.03  
 649 A	 21.37  
 650 N	 36.70  
 651 V	 6.73  
 652 R	 32.35  
 653 N	 39.17  
 654 F	 6.36  
 655 G	 23.09  
 656 R	 21.72  
 657 S	 28.28  
 658 L	 3.51  
 659 L	 3.51  
 660 A	 16.53  
 661 G	 20.30  
 662 Y	 3.54  
 663 C	 1.92  
 664 A	 8.03  
 665 T	 19.45  
 666 Y	 6.52  
 667 M	 1.48  
 668 P	 22.75  
 669 D	 32.64  
 670 L	 3.49  
 671 V	 4.90  
 672 L	 3.92  
 673 H	 29.97  
 674 G	 24.11  
 675 T	 17.82  
 676 S	 40.14  
 677 S	 50.02  
 678 D	 57.74  
 679 E	 63.34  
 680 K	 67.01  
 681 L	 4.33  
 682 K	 50.46  
 683 Q	 37.58  
 684 C	 2.39  
 685 L	 4.00  
 686 A	 13.42  
 687 A	 9.56  
 688 D	 43.55  
 689 L	 2.32  
 690 V	 3.51  
 691 H	 29.48  
 692 T	 17.66  
 693 V	 2.05  
 694 H	 22.23  
 695 H	 15.16  
 696 P	 17.31  
 697 V	 10.26  
 698 L	 7.91  
 699 D	 60.92  
 700 E	 34.15  
 701 P	 30.65  
 702 I	 5.21  
 703 A	 14.93  
 704 E	 42.21  
 705 A	 7.77  
 706 V	 1.49  
 707 C	 2.10  
 708 I	 2.03  
 709 I	 2.10  
 710 A	 8.17  
 711 D	 45.06  
 712 T	 30.38  
 713 D	 45.07  
 714 K	 47.02  
 715 W	 12.47  
 716 T	 13.55  
 717 V	 4.13  
 718 Q	 16.26  
 719 V	 5.65  
 720 A	 5.62  
 721 T	 26.91  
 722 S	 20.46  
 723 Q	 44.88  
 724 R	 34.87  
 725 K	 41.68  
 726 V	 6.79  
 727 T	 28.87  
 728 D	 48.03  
 729 T	 13.57  
 730 M	 3.62  
 731 K	 52.11  
 732 L	 5.31  
 733 G	 19.00  
 734 Q	 48.34  
 735 D	 33.64  
 736 V	 4.34  
 737 L	 4.09  
 738 V	 5.34  
 739 S	 15.76  
 740 S	 27.41  
 741 Q	 31.44  
 742 V	 4.54  
 743 S	 13.97  
 744 S	 33.95  
 745 L	 3.82  
 746 L	 3.97  
 747 Q	 33.45  
 748 S	 25.82  
 749 I	 1.51  
 750 L	 3.30  
 751 Q	 40.87  
 752 L	 3.50  
 753 Y	 9.88  
 754 K	 37.71  
 755 L	 2.95  
 756 H	 26.14  
 757 L	 5.61  
 758 P	 21.02  
 759 A	 28.95  
 760 D	 36.69  
 761 F	 3.10  
 762 C	 2.51  
 763 I	 1.65  
 764 M	 2.88  
 765 H	 13.22  
 766 L	 3.97  
 767 E	 26.80  
 768 D	 64.05  
 769 R	 28.97  
 770 L	 8.60  
 771 Q	 34.01  
 772 E	 34.09  
 773 M	 2.83  
 774 Y	 15.38  
 775 L	 4.95  
 776 K	 30.46  
 777 S	 22.24  
 778 K	 42.12  
 779 M	 6.85  
 780 L	 3.96  
 781 S	 22.24  
 782 E	 44.63  
 783 Y	 9.79  
 784 L	 4.67  
 785 R	 33.67  
 786 G	 24.75  
 787 H	 12.22  
 788 T	 36.89  
 789 R	 15.74  
 790 V	 6.82  
 791 H	 22.95  
 792 V	 4.75  
 793 K	 37.75  
 794 E	 45.23  
 795 L	 3.79  
 796 S	 15.98  
 797 V	 6.87  
 798 V	 3.49  
 799 L	 5.54  
 800 G	 15.26  
 801 I	 4.60  
 802 E	 41.51  
 803 S	 33.45  
 804 N	 41.89  
 805 D	 59.97  
 806 L	 3.63  
 807 P	 28.34  
 808 L	 9.61  
 809 L	 2.61  
 810 T	 24.57  
 811 A	 8.70  
 812 I	 2.34  
 813 A	 13.10  
 814 S	 22.12  
 815 T	 19.83  
 816 H	 25.04  
 817 S	 20.29  
 818 P	 21.73  
 819 Y	 16.07  
 820 V	 3.43  
 821 A	 5.71  
 822 Q	 19.47  
 823 I	 2.82  
 824 L	 2.86  
 825 L	 7.63  
