 1 M	 7.81  
 2 R	 42.75  
 3 A	 25.17  
 4 D	 33.23  
 5 F	 16.48  
 6 N	 30.30  
 7 P	 35.50  
 8 S	 54.28  
 9 G	 19.88  
 10 F	 9.88  
 11 S	 25.18  
 12 L	 6.13  
 13 E	 33.22  
 14 L	 5.40  
 15 A	 5.36  
 16 V	 3.47  
 17 C	 1.80  
 18 V	 3.43  
 19 L	 2.65  
 20 S	 8.17  
 21 V	 5.68  
 22 G	 16.17  
 23 L	 2.32  
 24 L	 2.53  
 25 A	 8.40  
 26 V	 3.76  
 27 V	 2.32  
 28 L	 2.04  
 29 F	 4.09  
 30 L	 2.39  
 31 W	 7.33  
 32 R	 36.20  
 33 G	 15.67  
 34 F	 4.09  
 35 R	 33.72  
 36 S	 21.79  
 37 I	 3.95  
 38 R	 24.03  
 39 S	 25.68  
 40 R	 19.64  
 41 F	 6.46  
 42 Y	 10.82  
 43 V	 5.53  
 44 G	 22.20  
 45 R	 42.38  
 46 E	 48.92  
 47 K	 52.29  
 48 K	 33.95  
 49 L	 11.01  
 50 A	 14.10  
 51 L	 11.17  
 52 E	 34.76  
 53 L	 3.64  
 54 S	 16.20  
 55 A	 25.78  
 56 L	 4.56  
 57 I	 6.85  
 58 E	 52.86  
 59 E	 57.68  
 60 K	 24.71  
 61 C	 4.20  
 62 K	 64.25  
 63 L	 11.95  
 64 L	 3.51  
 65 D	 60.80  
 66 K	 37.54  
 67 V	 4.75  
 68 S	 23.84  
 69 I	 4.21  
 70 V	 5.32  
 71 Q	 31.06  
 72 K	 51.90  
 73 E	 31.55  
 74 Y	 23.49  
 75 E	 59.39  
 76 G	 33.57  
 77 L	 3.74  
 78 E	 49.49  
 79 S	 46.11  
 80 S	 33.80  
 81 L	 8.94  
 82 K	 53.86  
 83 E	 55.64  
 84 A	 20.24  
 85 S	 34.72  
 86 F	 23.38  
 87 E	 54.11  
 88 K	 55.76  
 89 E	 56.55  
 90 S	 42.49  
 91 T	 36.11  
 92 E	 54.73  
 93 A	 12.35  
 94 Q	 42.17  
 95 S	 36.59  
 96 L	 3.83  
 97 E	 53.55  
 98 F	 8.01  
 99 V	 6.26  
 100 E	 59.45  
 101 G	 21.39  
 102 S	 15.72  
 103 Q	 54.83  
 104 I	 4.26  
 105 S	 17.34  
 106 E	 46.81  
 107 A	 14.53  
 108 T	 27.58  
 109 Y	 15.18  
 110 E	 51.49  
 111 N	 38.16  
 112 L	 4.18  
 113 E	 65.47  
 114 Q	 60.36  
 115 S	 29.53  
 116 K	 51.83  
 117 S	 47.95  
 118 K	 60.68  
 119 L	 15.01  
 120 E	 58.28  
 121 D	 59.69  
 122 E	 26.59  
 123 I	 5.20  
 124 L	 4.14  
 125 L	 7.50  
 126 L	 7.77  
 127 E	 53.72  
 128 E	 64.01  
 129 K	 52.39  
 130 L	 13.01  
 131 E	 69.73  
 132 E	 64.32  
 133 E	 48.87  
 134 R	 52.82  
 135 A	 19.72  
 136 K	 54.61  
 137 H	 35.27  
 138 S	 35.92  
 139 E	 62.87  
 140 Q	 53.12  
 141 D	 47.12  
 142 E	 39.89  
 143 L	 4.63  
 144 M	 2.72  
 145 A	 24.49  
 146 D	 31.56  
 147 I	 3.67  
 148 S	 19.21  
 149 K	 54.58  
 150 R	 25.95  
 151 I	 3.61  
 152 Q	 46.10  
 153 S	 31.21  
 154 L	 5.72  
 155 E	 66.05  
 156 D	 71.42  
 157 E	 51.17  
 158 S	 39.61  
 159 K	 58.73  
 160 S	 50.76  
 161 L	 7.71  
 162 K	 46.03  
 163 S	 34.87  
 164 Q	 36.53  
 165 V	 7.20  
 166 A	 11.91  
 167 E	 52.41  
 168 A	 12.54  
 169 K	 39.33  
 170 T	 37.91  
 171 T	 15.37  
 172 F	 7.35  
 173 R	 30.51  
 174 I	 2.95  
 175 F	 7.22  
 176 E	 42.40  
 177 I	 5.68  
 178 N	 37.57  
 179 E	 50.59  
 180 E	 59.84  
 181 R	 35.21  
 182 L	 7.30  
 183 K	 53.14  
 184 G	 36.81  
 185 A	 12.22  
 186 I	 5.90  
 187 K	 36.09  
 188 D	 50.61  
 189 A	 13.79  
 190 L	 13.65  
 191 N	 48.39  
 192 E	 60.14  
 193 N	 33.70  
 194 S	 26.53  
 195 Q	 59.76  
 196 L	 6.48  
 197 Q	 40.43  
 198 E	 64.82  
 199 S	 29.71  
 200 Q	 36.44  
 201 K	 52.79  
 202 Q	 39.51  
 203 L	 7.40  
 204 L	 3.91  
 205 Q	 65.25  
 206 E	 46.86  
 207 T	 19.07  
 208 E	 36.21  
 209 M	 6.41  
 210 M	 3.35  
 211 K	 43.62  
 212 E	 41.69  
 213 Q	 33.52  
 214 V	 6.71  
 215 N	 43.77  
 216 D	 58.34  
 217 L	 8.16  
 218 D	 54.96  
 219 K	 60.35  
 220 Q	 45.16  
 221 K	 34.90  
 222 V	 7.33  
 223 A	 19.11  
 224 L	 9.33  
 225 E	 44.16  
 226 E	 46.50  
 227 S	 24.44  
 228 R	 33.72  
 229 A	 23.39  
 230 Q	 44.30  
 231 A	 15.19  
 232 E	 25.06  
 233 Q	 51.09  
 234 A	 12.45  
 235 L	 7.30  
 236 S	 50.03  
 237 E	 62.79  
 238 K	 60.33  
 239 E	 43.77  
 240 S	 47.75  
 241 Q	 38.33  
 242 I	 6.42  
 243 E	 28.58  
 244 T	 28.32  
 245 L	 2.28  
 246 V	 4.45  
 247 T	 19.44  
 248 S	 24.99  
 249 L	 3.78  
 250 L	 5.22  
 251 K	 49.55  
 252 M	 4.86  
 253 K	 48.83  
 254 D	 36.43  
 255 W	 4.80  
 256 A	 9.60  
 257 A	 7.88  
 258 V	 5.65  
 259 L	 4.38  
 260 G	 22.80  
 261 E	 44.77  
 262 A	 20.56  
 263 D	 61.11  
 264 D	 55.73  
 265 G	 36.83  
 266 N	 37.06  
 267 L	 9.40  
 268 D	 44.62  
 269 L	 8.58  
 270 D	 41.97  
 271 M	 4.90  
 272 K	 40.83  
 273 S	 41.81  
 274 G	 31.34  
 275 L	 6.23  
 276 E	 56.94  
 277 N	 39.81  
 278 T	 12.16  
 279 A	 20.01  
 280 A	 17.26  
 281 L	 6.19  
 282 D	 47.17  
 283 N	 61.99  
 284 Q	 40.52  
 285 P	 43.21  
 286 K	 47.23  
 287 G	 42.71  
 288 A	 23.49  
 289 L	 7.38  
 290 K	 45.03  
 291 K	 40.75  
 292 L	 3.28  
 293 I	 2.78  
 294 Y	 15.79  
 295 A	 7.36  
 296 A	 10.41  
 297 K	 33.82  
 298 L	 5.77  
 299 N	 27.12  
 300 A	 27.03  
 301 S	 29.36  
 302 L	 3.32  
 303 K	 48.72  
 304 A	 19.01  
 305 L	 9.21  
 306 E	 64.96  
 307 G	 39.76  
 308 E	 38.80  
 309 R	 50.14  
 310 N	 31.22  
 311 Q	 35.50  
 312 V	 6.79  
 313 Y	 4.49  
 314 T	 24.95  
 315 Q	 25.88  
 316 L	 3.48  
 317 S	 26.25  
 318 E	 59.72  
 319 V	 5.84  
 320 D	 43.43  
 321 Q	 54.05  
 322 V	 6.75  
 323 K	 39.62  
 324 E	 60.44  
 325 D	 53.85  
 326 L	 6.76  
 327 T	 37.53  
 328 E	 51.41  
 329 H	 27.78  
 330 I	 2.36  
 331 K	 51.39  
 332 S	 36.44  
 333 L	 7.96  
 334 E	 64.08  
 335 S	 35.05  
 336 K	 40.27  
 337 Q	 45.52  
 338 A	 18.88  
 339 S	 25.17  
 340 L	 7.92  
 341 Q	 47.23  
 342 S	 46.48  
 343 E	 51.54  
 344 K	 59.61  
 345 T	 41.68  
 346 E	 59.49  
 347 F	 17.70  
 348 E	 47.57  
 349 S	 48.12  
 350 E	 50.41  
 351 S	 41.72  
 352 Q	 46.56  
 353 K	 58.50  
 354 L	 5.17  
 355 Q	 45.45  
 356 Q	 64.58  
 357 K	 37.00  
 358 L	 4.68  
 359 K	 38.33  
 360 V	 10.70  
 361 I	 2.07  
 362 T	 23.95  
 363 E	 34.06  
 364 L	 3.91  
 365 Y	 13.93  
 366 Q	 60.71  
 367 E	 41.42  
 368 N	 38.85  
 369 E	 36.62  
 370 M	 9.38  
 371 K	 34.66  
 372 L	 4.57  
 373 H	 21.22  
 374 R	 46.22  
 375 K	 37.45  
 376 L	 6.99  
 377 T	 28.98  
 378 V	 14.57  
 379 E	 34.98  
 380 E	 56.05  
 381 N	 17.45  
 382 Y	 21.61  
 383 R	 48.21  
 384 L	 8.55  
 385 E	 49.80  
 386 K	 75.63  
 387 E	 51.49  
 388 E	 71.07  
 389 K	 60.18  
 390 L	 7.29  
 391 S	 41.52  
 392 K	 65.23  
 393 V	 11.75  
 394 D	 56.03  
 395 E	 56.10  
 396 K	 45.07  
 397 I	 3.25  
 398 S	 20.38  
 399 H	 39.89  
 400 A	 15.20  
 401 T	 25.27  
 402 E	 62.46  
 403 E	 47.77  
 404 L	 5.56  
 405 E	 49.49  
 406 T	 26.13  
 407 C	 2.26  
 408 R	 36.12  
 409 Q	 52.40  
 410 R	 25.01  
 411 A	 11.02  
 412 K	 66.10  
 413 D	 59.33  
 414 L	 9.82  
 415 E	 60.60  
 416 E	 75.16  
 417 E	 46.70  
 418 L	 6.45  
 419 E	 51.57  
 420 R	 52.16  
 421 T	 17.42  
 422 I	 2.26  
 423 H	 21.60  
 424 S	 18.46  
 425 Y	 11.51  
 426 Q	 38.57  
 427 G	 18.58  
 428 Q	 17.53  
 429 V	 6.57  
 430 I	 2.40  
 431 S	 27.08  
 432 H	 39.51  
 433 E	 49.84  
 434 K	 50.24  
 435 K	 48.22  
 436 A	 26.74  
 437 H	 37.50  
 438 D	 53.51  
 439 N	 26.29  
 440 W	 8.08  
 441 L	 3.15  
 442 A	 6.11  
 443 A	 11.65  
 444 R	 33.95  
 445 T	 28.39  
 446 L	 4.92  
 447 E	 38.62  
 448 R	 56.92  
 449 N	 33.54  
 450 L	 7.08  
 451 N	 50.23  
 452 D	 51.52  
 453 L	 9.07  
 454 R	 47.29  
 455 K	 63.72  
 456 E	 53.89  
 457 N	 49.92  
 458 A	 11.48  
 459 H	 41.40  
 460 N	 45.74  
 461 R	 25.74  
 462 Q	 50.88  
 463 K	 54.89  
 464 L	 3.86  
 465 T	 48.15  
 466 E	 57.69  
 467 T	 41.30  
 468 E	 40.38  
 469 F	 16.72  
 470 K	 31.53  
 471 F	 10.98  
 472 E	 53.70  
 473 L	 9.36  
 474 L	 6.39  
 475 E	 68.95  
 476 K	 65.06  
 477 D	 31.87  
 478 P	 27.62  
 479 Y	 29.90  
 480 A	 11.59  
 481 L	 5.86  
 482 D	 45.73  
 483 V	 4.02  
 484 P	 31.92  
 485 N	 43.84  
 486 T	 19.79  
 487 A	 16.13  
 488 F	 9.98  
 489 G	 31.44  
 490 R	 31.81  
 491 E	 49.44  
 492 H	 32.48  
 493 S	 18.31  
 494 P	 39.75  
 495 Y	 44.69  
 496 G	 21.42  
 497 P	 27.25  
 498 S	 28.52  
 499 P	 41.80  
 500 L	 12.18  
 501 G	 43.35  
 502 R	 47.87  
 503 P	 34.66  
 504 P	 43.36  
 505 S	 55.04  
 506 E	 48.35  
 507 T	 31.47  
 508 R	 21.20  
 509 A	 19.70  
 510 F	 6.64  
 511 L	 7.98  
 512 S	 23.52  
 513 P	 28.21  
 514 P	 32.10  
 515 T	 47.57  
 516 L	 5.17  
 517 L	 8.66  
 518 E	 62.97  
 519 G	 26.89  
 520 P	 12.63  
 521 L	 14.65  
 522 R	 35.93  
 523 L	 9.01  
 524 S	 13.68  
 525 P	 42.37  
 526 L	 8.95  
 527 L	 4.15  
 528 P	 47.25  
 529 G	 47.55  
 530 G	 33.18  
 531 G	 28.65  
 532 G	 33.77  
 533 R	 43.09  
 534 G	 25.60  
 535 S	 32.47  
 536 R	 68.46  
 537 G	 35.25  
 538 P	 26.62  
 539 E	 64.43  
 540 N	 49.38  
 541 L	 5.92  
 542 L	 9.24  
 543 D	 32.89  
 544 H	 28.85  
 545 Q	 26.87  
 546 M	 6.34  
 547 N	 32.02  
 548 T	 23.01  
 549 E	 54.40  
 550 R	 52.74  
 551 G	 32.67  
 552 E	 42.61  
 553 S	 36.70  
 554 S	 27.10  
 555 Y	 17.86  
 556 D	 47.17  
 557 R	 28.05  
 558 L	 5.06  
 559 S	 32.40  
 560 D	 66.25  
 561 A	 7.66  
 562 P	 37.65  
 563 R	 61.93  
 564 A	 13.59  
 565 P	 37.73  
 566 S	 44.67  
 567 D	 43.03  
 568 R	 43.78  
 569 S	 37.88  
 570 L	 10.44  
 571 S	 30.11  
 572 P	 43.23  
 573 P	 43.81  
 574 W	 21.19  
 575 E	 48.67  
 576 Q	 45.72  
 577 D	 28.74  
 578 R	 29.93  
 579 R	 34.78  
 580 M	 3.96  
 581 T	 21.72  
 582 A	 12.12  
 583 H	 26.66  
 584 P	 34.03  
 585 P	 35.47  
 586 P	 59.51  
 587 G	 47.04  
 588 Q	 39.26  
 589 P	 36.19  
 590 Y	 20.16  
 591 S	 43.74  
 592 D	 27.01  
 593 P	 29.00  
 594 A	 22.71  
 595 L	 5.40  
 596 Q	 42.99  
 597 R	 41.01  
 598 Q	 33.02  
 599 D	 44.86  
 600 R	 25.35  
 601 F	 18.72  
 602 Y	 11.46  
 603 P	 26.29  
 604 N	 45.80  
 605 S	 22.30  
 606 G	 40.98  
 607 R	 26.04  
 608 L	 8.72  
 609 S	 41.17  
 610 G	 29.99  
 611 P	 21.13  
 612 A	 31.79  
 613 E	 48.09  
 614 L	 4.84  
 615 R	 28.71  
 616 S	 33.22  
 617 Y	 14.73  
 618 N	 36.82  
 619 M	 1.49  
 620 P	 28.27  
 621 S	 38.13  
 622 L	 6.43  
 623 D	 53.95  
 624 K	 47.74  
 625 V	 11.68  
 626 D	 62.51  
 627 G	 28.26  
 628 P	 30.31  
 629 V	 11.29  
 630 P	 27.92  
 631 S	 50.22  
 632 E	 40.68  
 633 M	 7.70  
 634 E	 37.39  
 635 S	 42.08  
 636 S	 23.99  
 637 G	 45.96  
 638 N	 57.83  
 639 G	 37.35  
 640 T	 38.94  
 641 K	 46.12  
 642 D	 56.26  
 643 N	 51.94  
 644 L	 11.16  
 645 G	 41.60  
 646 N	 33.31  
 647 S	 37.09  
 648 N	 54.03  
 649 V	 5.82  
 650 P	 40.38  
 651 D	 63.86  
 652 S	 20.75  
 653 P	 43.92  
 654 I	 6.13  
 655 P	 25.95  
 656 A	 34.49  
 657 E	 27.77  
 658 C	 4.72  
 659 E	 32.81  
 660 A	 27.20  
 661 A	 5.97  
 662 G	 36.97  
 663 R	 33.74  
 664 G	 27.85  
 665 F	 8.83  
 666 F	 11.20  
 667 P	 33.13  
 668 P	 37.70  
 669 P	 55.40  
 670 F	 15.29  
 671 P	 32.05  
 672 P	 33.87  
 673 V	 12.64  
 674 R	 45.67  
 675 D	 44.48  
 676 P	 25.90  
 677 L	 9.93  
 678 F	 7.25  
 679 P	 36.97  
 680 V	 14.34  
 681 D	 32.88  
 682 P	 37.75  
 683 R	 38.33  
 684 S	 32.91  
 685 Q	 37.12  
 686 F	 4.30  
 687 M	 1.90  
 688 R	 41.51  
 689 R	 49.97  
 690 G	 16.31  
 691 P	 30.87  
 692 S	 53.89  
 693 F	 13.66  
 694 P	 44.84  
 695 P	 52.60  
 696 P	 48.21  
 697 P	 52.21  
 698 P	 55.74  
 699 G	 32.23  
 700 S	 20.42  
 701 I	 3.17  
 702 Y	 9.82  
 703 A	 14.87  
 704 A	 5.23  
 705 P	 22.85  
 706 R	 46.68  
 707 D	 48.65  
 708 Y	 21.18  
 709 F	 8.65  
 710 P	 19.45  
 711 P	 38.28  
 712 R	 59.44  
 713 D	 60.92  
 714 F	 8.76  
 715 P	 59.68  
 716 G	 36.13  
 717 P	 27.74  
 718 P	 64.51  
 719 L	 10.67  
 720 P	 33.97  
 721 P	 56.60  
 722 F	 10.66  
 723 P	 36.81  
 724 G	 37.97  
 725 R	 22.66  
 726 T	 24.63  
 727 V	 3.55  
 728 Y	 15.41  
 729 A	 5.29  
 730 P	 21.17  
 731 R	 51.73  
 732 G	 38.05  
 733 F	 6.10  
 734 P	 21.32  
 735 P	 40.82  
 736 Y	 31.88  
 737 L	 6.08  
 738 P	 15.53  
 739 P	 35.84  
 740 R	 45.46  
 741 A	 25.56  
 742 G	 26.47  
 743 F	 8.96  
 744 F	 9.69  
 745 P	 37.92  
 746 P	 50.31  
 747 P	 39.82  
 748 P	 62.53  
 749 H	 44.53  
 750 P	 47.21  
 751 E	 56.61  
 752 S	 45.62  
 753 R	 32.27  
 754 S	 53.41  
 755 E	 65.27  
 756 L	 8.65  
 757 P	 19.12  
 758 P	 62.76  
 759 D	 56.12  
 760 L	 8.58  
 761 I	 6.51  
 762 P	 34.12  
 763 P	 51.55  
 764 S	 44.27  
 765 K	 73.77  
 766 E	 44.50  
 767 P	 36.16  
 768 A	 26.11  
 769 A	 40.33  
 770 D	 62.48  
 771 P	 24.73  
 772 P	 58.79  
 773 E	 69.39  
 774 T	 37.17  
 775 Q	 42.85  
 776 E	 64.86  
 777 A	 18.20  
