 1 M	 9.55  
 2 Y	 16.39  
 3 K	 42.98  
 4 S	 17.25  
 5 V	 5.40  
 6 S	 40.10  
 7 E	 47.94  
 8 T	 27.11  
 9 R	 25.94  
 10 H	 34.54  
 11 P	 28.89  
 12 L	 7.75  
 13 Q	 53.93  
 14 S	 51.27  
 15 E	 51.22  
 16 E	 58.24  
 17 Q	 46.77  
 18 E	 46.09  
 19 V	 8.99  
 20 G	 20.16  
 21 I	 6.27  
 22 D	 28.11  
 23 P	 33.13  
 24 L	 3.85  
 25 F	 8.62  
 26 S	 35.02  
 27 Y	 14.66  
 28 S	 30.56  
 29 N	 41.29  
 30 K	 33.39  
 31 T	 44.10  
 32 R	 37.93  
 33 G	 45.50  
 34 D	 39.60  
 35 L	 6.72  
 36 S	 26.75  
 37 Q	 64.79  
 38 N	 38.46  
 39 G	 27.91  
 40 R	 53.57  
 41 G	 32.36  
 42 S	 26.67  
 43 N	 41.67  
 44 S	 31.85  
 45 T	 32.67  
 46 L	 8.44  
 47 D	 42.68  
 48 T	 39.15  
 49 E	 56.77  
 50 G	 37.39  
 51 T	 17.26  
 52 F	 9.33  
 53 N	 31.88  
 54 S	 23.55  
 55 Y	 17.20  
 56 M	 2.96  
 57 K	 51.98  
 58 E	 43.52  
 59 W	 9.99  
 60 E	 46.01  
 61 E	 48.89  
 62 L	 3.83  
 63 F	 6.64  
 64 V	 13.49  
 65 N	 24.56  
 66 N	 32.97  
 67 N	 28.17  
 68 Y	 10.39  
 69 L	 3.33  
 70 A	 8.16  
 71 T	 17.39  
 72 V	 5.19  
 73 R	 28.30  
 74 Q	 43.95  
 75 K	 51.71  
 76 G	 15.40  
 77 I	 7.25  
 78 N	 40.61  
 79 G	 26.44  
 80 Q	 29.25  
 81 L	 6.42  
 82 R	 25.38  
 83 S	 34.16  
 84 S	 29.07  
 85 R	 32.04  
 86 F	 8.52  
 87 R	 24.81  
 88 S	 21.27  
 89 I	 2.57  
 90 C	 2.50  
 91 W	 9.94  
 92 K	 25.58  
 93 L	 1.39  
 94 F	 4.39  
 95 L	 2.60  
 96 C	 2.01  
 97 V	 10.72  
 98 L	 2.84  
 99 P	 21.67  
 100 Q	 67.61  
 101 D	 51.11  
 102 K	 39.02  
 103 S	 38.75  
 104 Q	 47.46  
 105 W	 12.15  
 106 I	 2.03  
 107 S	 25.93  
 108 K	 48.98  
 109 I	 3.15  
 110 K	 55.20  
 111 E	 47.14  
 112 L	 3.73  
 113 R	 24.94  
 114 A	 23.37  
 115 W	 6.26  
 116 Y	 7.49  
 117 S	 18.19  
 118 S	 23.22  
 119 I	 3.69  
 120 K	 53.19  
 121 E	 37.82  
 122 I	 2.12  
 123 H	 23.16  
 124 I	 4.97  
 125 T	 25.63  
 126 N	 33.50  
 127 P	 30.42  
 128 R	 43.23  
 129 K	 43.79  
 130 A	 20.36  
 131 A	 21.25  
 132 G	 30.46  
 133 Q	 28.96  
 134 Q	 44.91  
 135 D	 30.25  
 136 L	 3.01  
 137 M	 4.08  
 138 I	 6.15  
 139 N	 30.05  
 140 N	 28.15  
 141 P	 28.97  
 142 L	 8.58  
 143 S	 36.52  
 144 Q	 61.53  
 145 D	 59.87  
 146 E	 42.94  
 147 G	 36.01  
 148 S	 28.32  
 149 L	 9.57  
 150 W	 13.99  
 151 N	 36.23  
 152 K	 35.65  
 153 F	 6.33  
 154 F	 11.09  
 155 Q	 65.09  
 156 D	 41.04  
 157 K	 48.11  
 158 E	 58.67  
 159 L	 6.39  
 160 R	 25.85  
 161 S	 36.41  
 162 M	 2.94  
 163 I	 4.54  
 164 E	 31.89  
 165 Q	 50.28  
 166 D	 34.81  
 167 V	 4.52  
 168 K	 54.75  
 169 R	 41.26  
 170 T	 37.51  
 171 F	 5.83  
 172 P	 35.22  
 173 E	 41.23  
 174 M	 4.24  
 175 Q	 34.05  
 176 F	 6.03  
 177 F	 4.05  
 178 Q	 51.47  
 179 Q	 38.79  
 180 E	 47.08  
 181 N	 34.26  
 182 V	 6.93  
 183 R	 31.70  
 184 K	 37.47  
 185 I	 3.33  
 186 L	 3.62  
 187 T	 27.77  
 188 D	 31.51  
 189 V	 3.58  
 190 L	 2.46  
 191 F	 2.77  
 192 C	 1.96  
 193 Y	 11.02  
 194 A	 17.31  
 195 R	 22.31  
 196 E	 57.88  
 197 N	 36.44  
 198 E	 37.54  
 199 Q	 48.64  
 200 L	 4.62  
 201 L	 5.12  
 202 Y	 15.17  
 203 K	 40.10  
 204 Q	 40.67  
 205 G	 18.43  
 206 M	 1.74  
 207 H	 29.40  
 208 E	 36.26  
 209 L	 2.76  
 210 L	 4.92  
 211 A	 13.08  
 212 P	 21.85  
 213 I	 3.17  
 214 I	 1.78  
 215 F	 6.52  
 216 T	 12.75  
 217 L	 2.35  
 218 H	 16.35  
 219 C	 5.85  
 220 D	 26.62  
 221 H	 26.68  
 222 Q	 22.13  
 223 A	 12.92  
 224 F	 4.06  
 225 L	 3.55  
 226 H	 22.28  
 227 A	 19.69  
 228 S	 22.72  
 229 E	 51.37  
 230 S	 29.70  
 231 A	 21.24  
 232 Q	 42.88  
 233 P	 39.37  
 234 R	 32.77  
 235 Q	 62.92  
 236 E	 43.88  
 237 M	 2.80  
 238 K	 34.96  
 239 T	 34.86  
 240 L	 3.47  
 241 L	 14.05  
 242 N	 30.39  
 243 P	 31.42  
 244 E	 62.77  
 245 Y	 20.74  
 246 L	 4.49  
 247 E	 38.53  
 248 H	 23.54  
 249 D	 31.72  
 250 A	 8.90  
 251 Y	 12.50  
 252 A	 8.35  
 253 M	 1.85  
 254 F	 2.99  
 255 S	 14.87  
 256 Q	 33.30  
 257 L	 3.03  
 258 M	 3.14  
 259 E	 54.16  
 260 T	 23.50  
 261 A	 13.93  
 262 E	 50.95  
 263 P	 34.64  
 264 W	 7.42  
 265 F	 7.84  
 266 S	 28.46  
 267 T	 24.46  
 268 F	 8.32  
 269 E	 40.95  
 270 H	 40.07  
 271 D	 54.76  
 272 G	 32.76  
 273 Q	 58.34  
 274 K	 76.97  
 275 G	 25.74  
 276 K	 55.34  
 277 E	 56.70  
 278 T	 25.89  
 279 L	 2.63  
 280 M	 5.64  
 281 A	 11.28  
 282 P	 22.33  
 283 I	 2.96  
 284 P	 18.78  
 285 F	 10.49  
 286 A	 19.52  
 287 R	 29.77  
 288 P	 28.71  
 289 Q	 53.67  
 290 D	 57.16  
 291 L	 8.14  
 292 G	 24.91  
 293 P	 30.88  
 294 T	 22.29  
 295 V	 3.73  
 296 A	 7.94  
 297 I	 3.34  
 298 V	 2.82  
 299 T	 24.14  
 300 K	 28.44  
 301 V	 4.68  
 302 N	 34.49  
 303 Q	 37.39  
 304 I	 4.36  
 305 Q	 23.47  
 306 D	 35.71  
 307 H	 19.38  
 308 L	 11.45  
 309 L	 6.61  
 310 K	 55.19  
 311 K	 46.62  
 312 H	 39.43  
 313 D	 44.96  
 314 I	 3.82  
 315 E	 39.65  
 316 L	 4.74  
 317 Y	 3.05  
 318 M	 4.53  
 319 H	 13.34  
 320 L	 1.97  
 321 N	 31.64  
 322 R	 39.81  
 323 L	 5.63  
 324 E	 33.59  
 325 I	 8.85  
 326 A	 4.79  
 327 P	 27.11  
 328 Q	 32.30  
 329 I	 2.61  
 330 Y	 12.59  
 331 G	 15.47  
 332 L	 1.87  
 333 R	 26.02  
 334 W	 5.66  
 335 V	 2.21  
 336 R	 20.79  
 337 L	 3.17  
 338 L	 2.75  
 339 F	 11.67  
 340 G	 28.33  
 341 R	 34.74  
 342 E	 52.58  
 343 F	 7.63  
 344 P	 25.10  
 345 L	 8.21  
 346 Q	 39.27  
 347 D	 50.05  
 348 L	 2.23  
 349 L	 3.82  
 350 V	 5.49  
 351 V	 3.74  
 352 W	 4.25  
 353 D	 23.06  
 354 A	 6.72  
 355 L	 3.18  
 356 F	 8.33  
 357 A	 13.31  
 358 D	 46.45  
 359 S	 18.74  
 360 L	 8.44  
 361 N	 31.38  
 362 L	 5.20  
 363 S	 25.85  
 364 L	 3.71  
 365 V	 4.48  
 366 D	 38.89  
 367 Y	 7.03  
 368 V	 2.73  
 369 F	 2.68  
 370 T	 10.91  
 371 A	 3.83  
 372 M	 2.11  
 373 L	 2.81  
 374 L	 1.83  
 375 Y	 7.02  
 376 I	 3.03  
 377 R	 15.03  
 378 D	 35.85  
 379 A	 9.28  
 380 L	 4.58  
 381 I	 4.56  
 382 S	 17.24  
 383 S	 32.34  
 384 N	 26.58  
 385 Y	 13.72  
 386 Q	 29.95  
 387 T	 10.19  
 388 C	 1.35  
 389 L	 6.51  
 390 G	 20.93  
 391 L	 2.18  
 392 L	 1.56  
 393 M	 3.24  
 394 H	 25.78  
 395 Y	 5.12  
 396 P	 9.31  
 397 I	 4.30  
 398 I	 3.33  
 399 G	 28.65  
 400 D	 25.64  
 401 I	 1.68  
 402 H	 22.69  
 403 S	 19.89  
 404 L	 3.08  
 405 I	 4.09  
 406 L	 3.01  
 407 K	 35.73  
 408 A	 10.49  
 409 L	 3.87  
 410 F	 6.67  
 411 L	 6.71  
 412 R	 51.34  
 413 D	 56.04  
 414 P	 30.95  
 415 K	 69.92  
 416 R	 64.87  
 417 N	 42.96  
 418 P	 47.90  
 419 R	 36.71  
 420 P	 30.15  
 421 A	 21.88  
 422 T	 22.12  
 423 Y	 15.99  
 424 Q	 26.31  
 425 F	 7.92  
 426 H	 8.53  
 427 P	 44.35  
 428 N	 36.65  
 429 L	 5.44  
 430 D	 51.89  
 431 Y	 15.27  
 432 Y	 9.61  
 433 K	 25.94  
 434 A	 10.06  
 435 R	 36.36  
 436 G	 28.44  
 437 A	 10.95  
 438 D	 49.64  
 439 L	 3.95  
 440 M	 6.46  
 441 N	 46.58  
 442 K	 27.61  
 443 S	 39.06  
 444 R	 33.34  
 445 T	 40.08  
 446 N	 26.91  
 447 A	 15.63  
 448 R	 43.82  
 449 G	 29.18  
 450 A	 10.39  
 451 P	 28.85  
 452 L	 10.49  
 453 N	 33.01  
 454 I	 4.36  
 455 H	 24.32  
 456 K	 43.49  
 457 V	 3.97  
 458 S	 26.04  
 459 N	 43.77  
 460 S	 24.10  
 461 L	 4.31  
 462 I	 3.94  
 463 N	 38.32  
 464 F	 8.75  
 465 G	 22.71  
 466 R	 26.86  
 467 K	 51.02  
 468 L	 4.52  
 469 I	 5.34  
 470 S	 25.50  
 471 P	 24.20  
 472 A	 16.13  
 473 S	 38.08  
 474 A	 17.99  
 475 P	 32.66  
 476 G	 29.95  
 477 S	 17.13  
 478 M	 9.97  
 479 G	 38.66  
 480 G	 16.05  
 481 P	 24.33  
 482 V	 12.25  
 483 P	 42.82  
 484 G	 46.30  
 485 N	 38.86  
 486 N	 49.54  
 487 S	 35.28  
 488 S	 31.93  
 489 S	 34.91  
 490 S	 25.76  
 491 F	 6.60  
 492 S	 20.81  
 493 A	 13.85  
 494 A	 13.70  
 495 I	 3.42  
 496 P	 15.88  
 497 T	 40.23  
 498 R	 22.71  
 499 T	 42.34  
 500 S	 22.43  
 501 T	 35.24  
 502 E	 57.34  
 503 A	 13.40  
 504 P	 29.88  
 505 R	 36.58  
 506 H	 18.19  
 507 H	 29.52  
 508 L	 3.64  
 509 L	 3.62  
 510 Q	 45.45  
 511 Q	 42.91  
 512 Q	 30.04  
 513 Q	 38.42  
 514 Q	 40.33  
 515 Q	 38.08  
 516 Q	 31.83  
 517 H	 24.07  
 518 Q	 38.14  
 519 Q	 40.71  
 520 Q	 36.16  
 521 Q	 38.42  
 522 Q	 39.27  
 523 Q	 53.21  
 524 Q	 33.17  
 525 P	 29.61  
 526 Q	 49.75  
 527 Q	 50.13  
 528 Q	 37.49  
 529 Q	 40.33  
 530 Q	 38.08  
 531 Q	 31.83  
 532 H	 24.07  
 533 Q	 38.14  
 534 Q	 40.71  
 535 Q	 36.16  
 536 Q	 38.42  
 537 Q	 36.72  
 538 Q	 26.48  
 539 Q	 35.82  
 540 R	 32.20  
 541 L	 4.39  
 542 M	 4.97  
 543 K	 56.51  
 544 S	 22.42  
 545 E	 45.60  
 546 S	 35.16  
 547 M	 3.11  
 548 P	 21.71  
 549 V	 8.28  
 550 Q	 33.19  
 551 L	 7.92  
 552 N	 29.22  
 553 K	 66.15  
 554 G	 31.69  
 555 D	 33.07  
 556 V	 5.90  
 557 V	 6.29  
 558 T	 30.71  
 559 G	 16.36  
 560 S	 22.02  
 561 D	 42.22  
 562 A	 17.24  
 563 Q	 32.77  
 564 V	 7.16  
 565 S	 14.50  
 566 V	 5.90  
 567 P	 12.66  
 568 V	 4.95  
 569 Q	 25.28  
 570 A	 16.80  
 571 L	 1.82  
 572 T	 37.37  
 573 D	 37.53  
 574 L	 5.33  
 575 Q	 51.17  
 576 G	 36.31  
 577 Q	 31.41  
 578 S	 40.40  
 579 S	 26.40  
 580 K	 55.94  
 581 T	 28.21  
 582 I	 4.29  
 583 S	 29.96  
 584 S	 42.28  
 585 S	 18.84  
 586 P	 41.07  
 587 S	 40.72  
 588 I	 4.78  
 589 E	 51.03  
 590 S	 37.89  
 591 L	 2.72  
 592 P	 53.09  
 593 G	 53.75  
 594 G	 24.81  
 595 R	 41.59  
 596 E	 51.33  
 597 F	 10.12  
 598 T	 31.81  
 599 G	 43.40  
 600 S	 31.04  
 601 P	 46.28  
 602 P	 36.86  
 603 P	 39.72  
 604 S	 55.11  
 605 A	 29.25  
 606 T	 42.86  
 607 K	 55.06  
 608 K	 55.01  
 609 D	 52.84  
 610 S	 36.75  
 611 F	 12.80  
 612 F	 6.73  
 613 S	 25.89  
 614 N	 27.12  
 615 I	 3.06  
 616 A	 13.98  
 617 R	 28.89  
 618 S	 29.16  
 619 R	 32.60  
 620 S	 33.10  
 621 H	 32.00  
 622 S	 30.94  
 623 K	 36.79  
 624 T	 28.07  
 625 M	 5.85  
 626 G	 42.62  
 627 R	 28.84  
 628 K	 60.92  
 629 E	 63.12  
 630 S	 54.03  
 631 E	 57.49  
 632 E	 76.73  
 633 E	 48.10  
 634 L	 8.16  
 635 E	 41.63  
 636 A	 25.32  
 637 Q	 23.60  
 638 I	 3.97  
 639 S	 14.07  
 640 F	 6.71  
 641 L	 4.46  
 642 Q	 35.26  
 643 G	 35.77  
 644 Q	 24.92  
 645 L	 7.43  
 646 N	 39.65  
 647 D	 55.29  
 648 L	 4.38  
 649 D	 34.81  
 650 A	 16.75  
 651 M	 1.70  
 652 C	 2.81  
 653 K	 30.22  
 654 Y	 7.85  
 655 C	 1.48  
 656 A	 12.37  
 657 K	 34.23  
 658 V	 1.77  
 659 M	 3.59  
 660 D	 25.08  
 661 M	 1.10  
 662 H	 23.51  
 663 L	 2.24  
 664 V	 3.44  
 665 N	 32.34  
 666 I	 2.63  
 667 Q	 32.04  
 668 D	 28.79  
 669 V	 2.37  
 670 V	 6.50  
 671 L	 5.48  
 672 Q	 26.39  
 673 E	 60.67  
 674 N	 40.31  
 675 L	 11.07  
 676 E	 67.01  
 677 K	 70.52  
 678 E	 45.86  
 679 D	 52.46  
 680 Q	 31.82  
 681 I	 6.75  
 682 L	 1.45  
 683 V	 4.75  
 684 S	 14.73  
 685 L	 3.23  
 686 A	 17.48  
 687 G	 38.41  
 688 L	 2.84  
 689 K	 49.40  
 690 Q	 53.67  
 691 I	 4.07  
 692 K	 35.90  
 693 D	 53.75  
 694 I	 3.48  
 695 L	 8.03  
 696 K	 46.95  
 697 G	 28.59  
 698 S	 18.13  
 699 L	 11.19  
 700 R	 30.11  
 701 F	 13.64  
 702 N	 33.87  
 703 Q	 29.82  
 704 S	 37.53  
 705 Q	 33.29  
 706 L	 6.20  
 707 E	 47.17  
 708 A	 38.91  
 709 G	 28.96  
 710 E	 65.72  
 711 N	 45.62  
 712 E	 38.77  
 713 Q	 50.10  
 714 I	 2.16  
 715 T	 15.14  
 716 I	 4.17  
 717 A	 13.92  
 718 D	 39.09  
 719 D	 26.15  
 720 H	 26.50  
 721 Y	 10.87  
 722 C	 2.04  
 723 S	 30.27  
 724 S	 36.59  
 725 G	 20.84  
 726 Q	 41.63  
 727 D	 59.33  
 728 Q	 45.62  
 729 G	 28.47  
 730 S	 23.52  
 731 Q	 56.93  
 732 V	 3.57  
 733 P	 16.74  
 734 R	 48.60  
 735 A	 16.97  
 736 A	 13.03  
 737 K	 45.47  
 738 Q	 41.57  
 739 A	 17.83  
 740 S	 25.08  
 741 S	 40.71  
 742 E	 47.07  
 743 M	 3.60  
 744 P	 30.56  
 745 G	 21.95  
 746 C	 2.35  
 747 T	 44.56  
 748 G	 35.21  
 749 G	 14.30  
 750 T	 36.18  
 751 T	 28.17  
 752 P	 38.72  
 753 D	 62.45  
 754 D	 33.42  
 755 F	 6.40  
 756 I	 4.83  
 757 L	 3.43  
 758 V	 7.03  
 759 S	 27.21  
 760 K	 62.80  
 761 E	 54.51  
 762 D	 71.55  
 763 E	 58.97  
 764 G	 28.09  
 765 H	 20.41  
 766 R	 36.52  
 767 A	 14.48  
 768 R	 36.61  
 769 G	 29.95  
 770 A	 7.00  
 771 F	 10.57  
 772 S	 29.48  
 773 G	 22.01  
 774 Q	 35.31  
 775 A	 19.24  
 776 Q	 22.68  
 777 P	 32.14  
 778 L	 3.66  
 779 L	 5.58  
 780 T	 28.01  
 781 L	 4.03  
 782 R	 32.43  
 783 S	 30.00  
 784 T	 34.76  
 785 S	 45.53  
 786 G	 31.85  
 787 K	 36.21  
 788 S	 36.88  
 789 R	 48.34  
 790 A	 11.79  
 791 P	 32.46  
 792 A	 12.87  
 793 C	 4.13  
 794 S	 22.23  
 795 P	 32.73  
 796 L	 4.30  
 797 L	 4.36  
 798 F	 11.66  
 799 S	 37.98  
 800 D	 32.77  
 801 P	 24.05  
 802 L	 8.12  
 803 M	 8.01  
 804 G	 23.46  
 805 P	 14.74  
 806 A	 16.40  
 807 S	 26.37  
 808 A	 15.95  
 809 S	 26.62  
 810 A	 17.10  
 811 S	 31.63  
 812 S	 33.57  
 813 S	 50.71  
 814 N	 42.28  
 815 P	 37.22  
 816 S	 47.93  
 817 S	 47.34  
 818 S	 36.36  
 819 P	 51.50  
 820 D	 74.44  
 821 D	 62.16  
 822 D	 63.29  
 823 S	 50.75  
 824 S	 47.65  
 825 K	 60.91  
 826 E	 59.03  
 827 S	 42.83  
 828 G	 25.47  
 829 F	 6.16  
 830 T	 24.80  
 831 I	 2.42  
 832 V	 4.36  
 833 S	 18.85  
 834 P	 24.13  
 835 L	 7.82  
 836 D	 48.19  
 837 I	 8.84  
