 1 M	 9.69  
 2 E	 60.09  
 3 A	 13.57  
 4 Q	 32.89  
 5 E	 63.25  
 6 L	 5.67  
 7 G	 30.72  
 8 S	 37.92  
 9 P	 40.37  
 10 T	 29.93  
 11 P	 34.05  
 12 T	 26.50  
 13 Y	 7.53  
 14 H	 24.30  
 15 L	 6.53  
 16 L	 2.32  
 17 P	 39.82  
 18 K	 61.00  
 19 A	 20.98  
 20 N	 40.05  
 21 Q	 38.19  
 22 H	 32.22  
 23 T	 24.41  
 24 V	 6.32  
 25 K	 51.54  
 26 E	 49.08  
 27 D	 50.98  
 28 A	 22.81  
 29 G	 53.03  
 30 S	 24.09  
 31 P	 29.74  
 32 S	 49.20  
 33 Q	 60.82  
 34 G	 49.89  
 35 S	 16.36  
 36 P	 48.15  
 37 E	 59.62  
 38 T	 17.38  
 39 M	 4.13  
 40 Q	 58.51  
 41 L	 6.25  
 42 K	 31.31  
 43 K	 69.72  
 44 E	 35.90  
 45 I	 4.89  
 46 S	 28.09  
 47 L	 5.45  
 48 L	 4.12  
 49 N	 54.86  
 50 G	 15.45  
 51 V	 3.78  
 52 S	 19.49  
 53 L	 3.17  
 54 V	 3.95  
 55 V	 5.78  
 56 G	 15.54  
 57 N	 13.80  
 58 M	 2.78  
 59 I	 4.63  
 60 G	 14.73  
 61 S	 20.14  
 62 G	 16.49  
 63 I	 3.10  
 64 F	 5.19  
 65 V	 10.14  
 66 S	 15.33  
 67 P	 31.92  
 68 K	 54.89  
 69 G	 33.12  
 70 V	 5.35  
 71 L	 4.84  
 72 K	 37.84  
 73 Y	 11.90  
 74 T	 13.93  
 75 A	 9.54  
 76 S	 16.37  
 77 Y	 21.44  
 78 G	 13.29  
 79 L	 2.60  
 80 S	 16.22  
 81 L	 4.38  
 82 I	 1.87  
 83 V	 3.24  
 84 W	 3.83  
 85 A	 4.61  
 86 I	 2.36  
 87 G	 21.00  
 88 G	 19.89  
 89 L	 2.14  
 90 F	 6.19  
 91 S	 22.42  
 92 V	 3.45  
 93 V	 3.44  
 94 G	 15.63  
 95 A	 5.26  
 96 L	 1.56  
 97 C	 2.76  
 98 Y	 12.17  
 99 A	 12.44  
 100 E	 22.66  
 101 L	 5.86  
 102 G	 16.59  
 103 T	 27.87  
 104 T	 25.50  
 105 I	 4.60  
 106 T	 19.64  
 107 K	 42.94  
 108 S	 30.83  
 109 G	 21.79  
 110 A	 13.37  
 111 S	 17.52  
 112 Y	 11.68  
 113 A	 5.17  
 114 Y	 9.60  
 115 I	 1.82  
 116 L	 2.24  
 117 E	 32.18  
 118 A	 12.63  
 119 F	 7.79  
 120 G	 36.83  
 121 G	 12.34  
 122 F	 3.59  
 123 I	 3.28  
 124 A	 7.49  
 125 F	 2.60  
 126 I	 2.33  
 127 R	 18.95  
 128 L	 4.53  
 129 W	 2.81  
 130 V	 3.23  
 131 S	 13.08  
 132 L	 2.47  
 133 L	 2.99  
 134 I	 3.91  
 135 V	 7.91  
 136 E	 35.55  
 137 P	 26.84  
 138 T	 21.69  
 139 S	 28.47  
 140 Q	 38.77  
 141 A	 8.57  
 142 I	 1.37  
 143 I	 2.25  
 144 A	 6.67  
 145 I	 1.99  
 146 T	 13.99  
 147 F	 3.20  
 148 A	 10.16  
 149 N	 25.09  
 150 Y	 10.70  
 151 I	 3.07  
 152 I	 3.66  
 153 K	 25.67  
 154 P	 30.69  
 155 S	 38.57  
 156 F	 8.67  
 157 P	 36.13  
 158 T	 27.77  
 159 C	 8.23  
 160 D	 50.08  
 161 P	 25.03  
 162 P	 23.99  
 163 Y	 13.18  
 164 V	 5.10  
 165 A	 2.71  
 166 C	 1.94  
 167 R	 24.01  
 168 L	 3.72  
 169 L	 1.25  
 170 A	 9.52  
 171 A	 11.02  
 172 A	 4.81  
 173 C	 1.58  
 174 V	 1.90  
 175 C	 2.31  
 176 L	 2.23  
 177 L	 2.71  
 178 T	 16.76  
 179 F	 3.61  
 180 V	 4.91  
 181 N	 10.66  
 182 C	 2.13  
 183 A	 13.62  
 184 Y	 12.55  
 185 V	 1.93  
 186 K	 27.51  
 187 W	 11.89  
 188 G	 9.64  
 189 T	 26.93  
 190 R	 21.84  
 191 V	 6.40  
 192 Q	 40.51  
 193 D	 40.71  
 194 T	 10.77  
 195 F	 7.09  
 196 T	 25.35  
 197 Y	 10.55  
 198 A	 7.76  
 199 K	 27.63  
 200 V	 2.62  
 201 L	 2.94  
 202 A	 10.42  
 203 L	 2.08  
 204 I	 1.84  
 205 A	 6.43  
 206 I	 1.41  
 207 I	 1.00  
 208 I	 1.14  
 209 M	 2.09  
 210 G	 19.53  
 211 L	 1.37  
 212 V	 3.54  
 213 K	 48.89  
 214 L	 1.74  
 215 C	 3.64  
 216 Q	 58.08  
 217 G	 28.78  
 218 H	 11.38  
 219 T	 37.67  
 220 E	 36.71  
 221 H	 27.16  
 222 F	 5.98  
 223 Q	 42.92  
 224 D	 53.69  
 225 A	 9.40  
 226 F	 14.33  
 227 K	 60.65  
 228 G	 22.06  
 229 S	 32.54  
 230 S	 31.19  
 231 W	 12.77  
 232 N	 29.82  
 233 V	 5.26  
 234 G	 27.25  
 235 D	 28.89  
 236 L	 3.58  
 237 S	 19.14  
 238 L	 5.04  
 239 A	 10.90  
 240 L	 4.15  
 241 Y	 6.06  
 242 S	 21.24  
 243 A	 10.08  
 244 L	 2.11  
 245 F	 6.87  
 246 S	 21.17  
 247 Y	 12.13  
 248 S	 32.01  
 249 G	 20.32  
 250 W	 6.89  
 251 D	 44.86  
 252 T	 19.66  
 253 L	 4.31  
 254 N	 31.28  
 255 F	 8.94  
 256 V	 6.83  
 257 T	 24.62  
 258 E	 53.04  
 259 E	 50.31  
 260 I	 4.20  
 261 K	 70.50  
 262 N	 49.69  
 263 P	 36.60  
 264 E	 64.69  
 265 R	 51.77  
 266 N	 44.33  
 267 L	 4.63  
 268 P	 24.24  
 269 L	 6.46  
 270 A	 8.95  
 271 I	 7.11  
 272 G	 10.58  
 273 I	 2.32  
 274 S	 17.19  
 275 M	 2.19  
 276 P	 15.88  
 277 I	 2.50  
 278 V	 2.69  
 279 T	 14.25  
 280 L	 1.62  
 281 I	 1.15  
 282 Y	 7.93  
 283 I	 2.79  
 284 L	 1.28  
 285 T	 20.35  
 286 N	 16.99  
 287 V	 2.82  
 288 A	 8.16  
 289 Y	 8.72  
 290 Y	 4.80  
 291 T	 13.07  
 292 V	 1.92  
 293 L	 3.44  
 294 N	 26.07  
 295 I	 3.02  
 296 Q	 45.67  
 297 D	 40.46  
 298 V	 3.34  
 299 H	 31.99  
 300 K	 50.29  
 301 S	 18.87  
 302 D	 50.28  
 303 A	 9.77  
 304 V	 5.44  
 305 A	 9.06  
 306 V	 3.48  
 307 T	 11.90  
 308 F	 5.92  
 309 A	 9.91  
 310 D	 43.81  
 311 Q	 34.99  
 312 T	 23.78  
 313 F	 5.77  
 314 G	 21.44  
 315 M	 1.78  
 316 F	 5.88  
 317 S	 17.89  
 318 W	 6.25  
 319 T	 18.71  
 320 I	 1.57  
 321 P	 10.91  
 322 I	 4.21  
 323 A	 3.83  
 324 V	 5.96  
 325 A	 5.68  
 326 L	 3.53  
 327 S	 9.54  
 328 C	 3.70  
 329 F	 8.59  
 330 G	 43.96  
 331 G	 8.77  
 332 L	 5.04  
 333 N	 34.61  
 334 A	 14.73  
 335 S	 19.71  
 336 I	 2.88  
 337 F	 5.10  
 338 A	 12.62  
 339 S	 12.77  
 340 S	 29.58  
 341 R	 32.78  
 342 L	 4.17  
 343 F	 4.54  
 344 F	 7.82  
 345 V	 5.50  
 346 G	 18.81  
 347 S	 23.12  
 348 R	 48.24  
 349 E	 53.30  
 350 G	 26.90  
 351 H	 33.10  
 352 L	 4.41  
 353 P	 24.61  
 354 N	 61.03  
 355 L	 3.37  
 356 L	 4.08  
 357 S	 20.89  
 358 M	 2.32  
 359 I	 2.38  
 360 H	 13.76  
 361 I	 2.55  
 362 E	 27.81  
 363 R	 39.89  
 364 F	 6.17  
 365 T	 29.60  
 366 P	 27.64  
 367 V	 3.83  
 368 P	 20.56  
 369 A	 19.68  
 370 L	 4.61  
 371 L	 2.92  
 372 F	 7.99  
 373 N	 21.96  
 374 C	 1.84  
 375 T	 17.81  
 376 M	 2.90  
 377 T	 7.58  
 378 L	 1.36  
 379 I	 1.51  
 380 Y	 9.14  
 381 L	 2.57  
 382 V	 2.56  
 383 V	 3.96  
 384 K	 40.47  
 385 D	 25.45  
 386 V	 2.78  
 387 F	 7.05  
 388 L	 4.76  
 389 L	 1.30  
 390 I	 4.23  
 391 N	 31.59  
 392 Y	 8.13  
 393 F	 5.27  
 394 S	 11.70  
 395 F	 4.68  
 396 S	 21.91  
 397 Y	 12.29  
 398 W	 4.49  
 399 F	 2.43  
 400 F	 2.36  
 401 V	 5.69  
 402 G	 13.69  
 403 L	 2.70  
 404 S	 14.61  
 405 V	 7.25  
 406 V	 3.48  
 407 G	 15.04  
 408 Q	 18.48  
 409 L	 3.41  
 410 Y	 6.07  
 411 L	 7.77  
 412 R	 28.94  
 413 W	 13.53  
 414 K	 53.59  
 415 E	 41.34  
 416 P	 45.28  
 417 D	 69.93  
 418 W	 11.08  
 419 P	 35.08  
 420 R	 44.95  
 421 P	 29.75  
 422 L	 10.34  
 423 K	 38.42  
 424 L	 7.67  
 425 S	 22.88  
 426 L	 8.11  
 427 F	 6.51  
 428 F	 4.97  
 429 P	 17.94  
 430 I	 2.91  
 431 V	 2.87  
 432 F	 2.40  
 433 C	 1.77  
 434 V	 1.36  
 435 C	 2.84  
 436 S	 11.19  
 437 L	 3.04  
 438 F	 2.72  
 439 L	 2.68  
 440 V	 3.85  
 441 A	 10.19  
 442 V	 3.10  
 443 P	 20.25  
 444 L	 5.29  
 445 F	 5.20  
 446 S	 41.34  
 447 D	 44.25  
 448 T	 22.36  
 449 I	 3.86  
 450 N	 32.62  
 451 S	 19.95  
 452 L	 3.43  
 453 I	 3.66  
 454 G	 19.84  
 455 I	 2.60  
 456 G	 8.23  
 457 I	 3.09  
 458 A	 7.17  
 459 L	 4.29  
 460 S	 28.82  
 461 G	 28.70  
 462 V	 2.32  
 463 P	 20.72  
 464 V	 4.98  
 465 Y	 6.24  
 466 F	 4.95  
 467 L	 2.19  
 468 G	 8.98  
 469 V	 4.89  
 470 Y	 18.10  
 471 L	 3.35  
 472 P	 21.60  
 473 E	 55.04  
 474 S	 31.48  
 475 R	 42.44  
 476 R	 41.37  
 477 P	 30.43  
 478 L	 5.45  
 479 F	 5.66  
 480 I	 4.06  
 481 R	 21.62  
 482 N	 28.48  
 483 V	 2.50  
 484 L	 3.64  
 485 A	 8.85  
 486 T	 20.46  
 487 V	 2.40  
 488 T	 18.31  
 489 R	 25.75  
 490 V	 4.93  
 491 T	 19.39  
 492 Q	 33.59  
 493 K	 37.55  
 494 L	 1.62  
 495 C	 2.98  
 496 F	 4.71  
 497 C	 2.09  
 498 V	 3.57  
 499 L	 3.03  
 500 T	 17.69  
 501 E	 38.52  
 502 L	 5.60  
 503 D	 38.77  
 504 V	 13.03  
 505 T	 37.79  
 506 E	 67.81  
 507 E	 40.33  
 508 K	 61.12  
 509 N	 44.13  
 510 V	 12.78  
 511 E	 58.83  
 512 R	 42.78  
 513 K	 43.47  
 514 T	 53.84  
 515 D	 60.60  
