 1 I	 6.37  
 2 P	 31.44  
 3 L	 5.95  
 4 F	 4.29  
 5 V	 4.25  
 6 L	 3.45  
 7 Q	 31.97  
 8 Y	 10.62  
 9 K	 27.65  
 10 I	 3.46  
 11 G	 13.80  
 12 Q	 32.66  
 13 L	 2.36  
 14 Y	 5.63  
 15 M	 3.66  
 16 I	 2.91  
 17 S	 14.05  
 18 K	 37.90  
 19 H	 27.83  
 20 S	 32.24  
 21 H	 36.51  
 22 E	 55.59  
 23 Q	 45.25  
 24 S	 26.70  
 25 D	 63.40  
 26 R	 50.76  
 27 G	 40.79  
 28 E	 62.04  
 29 G	 24.57  
 30 V	 4.37  
 31 E	 48.07  
 32 V	 5.08  
 33 V	 2.98  
 34 Q	 54.46  
 35 N	 47.50  
 36 E	 33.99  
 37 P	 45.54  
 38 F	 15.77  
 39 E	 79.80  
 40 D	 48.49  
 41 P	 17.74  
 42 H	 54.53  
 43 H	 36.48  
 44 G	 36.61  
 45 N	 36.41  
 46 G	 28.68  
 47 Q	 46.19  
 48 F	 11.46  
 49 T	 32.48  
 50 E	 39.90  
 51 K	 44.07  
 52 R	 18.97  
 53 V	 10.64  
 54 Y	 12.28  
 55 L	 5.51  
 56 N	 21.29  
 57 S	 32.73  
 58 K	 64.44  
 59 L	 4.00  
 60 P	 31.40  
 61 S	 43.75  
 62 W	 6.45  
 63 A	 8.22  
 64 R	 22.96  
 65 A	 10.02  
 66 V	 6.71  
 67 V	 3.79  
 68 P	 19.89  
 69 K	 33.56  
 70 I	 2.17  
 71 F	 5.11  
 72 Y	 15.22  
 73 V	 3.77  
 74 T	 22.01  
 75 E	 30.63  
 76 K	 49.70  
 77 A	 8.10  
 78 W	 12.39  
 79 N	 31.18  
 80 Y	 8.63  
 81 Y	 6.12  
 82 P	 14.94  
 83 Y	 8.48  
 84 T	 13.93  
 85 I	 3.84  
 86 T	 25.55  
 87 G	 21.47  
 88 K	 30.58  
 89 W	 12.18  
 90 T	 11.19  
 91 C	 2.35  
 92 S	 23.57  
 93 F	 17.19  
 94 L	 2.31  
 95 P	 33.37  
 96 K	 54.62  
 97 F	 8.61  
 98 S	 21.27  
 99 I	 4.22  
 100 H	 15.61  
 101 I	 7.39  
 102 E	 25.70  
 103 T	 38.02  
 104 K	 33.58  
 105 Y	 35.62  
 106 E	 57.58  
 107 D	 60.08  
 108 N	 38.35  
 109 K	 75.85  
 110 G	 37.63  
 111 S	 38.79  
 112 N	 56.57  
 113 D	 44.82  
 114 S	 29.43  
 115 I	 5.05  
 116 F	 11.08  
 117 D	 43.85  
 118 S	 28.80  
 119 E	 62.68  
 120 A	 18.02  
 121 K	 59.81  
 122 D	 61.89  
 123 L	 7.05  
 124 E	 57.86  
 125 R	 49.28  
 126 E	 33.97  
 127 V	 3.96  
 128 C	 1.80  
 129 F	 7.31  
 130 I	 2.95  
 131 D	 11.37  
 132 I	 3.34  
 133 A	 7.31  
 134 C	 5.01  
 135 D	 48.08  
 136 E	 61.40  
 137 I	 2.47  
 138 P	 20.26  
 139 E	 60.00  
 140 R	 34.42  
 141 Y	 19.75  
 142 Y	 17.94  
 143 K	 45.92  
 144 E	 43.15  
 145 S	 43.05  
 146 E	 78.43  
 147 D	 67.82  
 148 P	 28.15  
 149 K	 74.19  
 150 H	 40.53  
 151 F	 13.38  
 152 K	 58.38  
 153 S	 43.30  
 154 E	 56.05  
 155 K	 64.47  
 156 T	 28.23  
 157 G	 42.67  
 158 R	 34.61  
 159 G	 32.02  
 160 Q	 35.67  
 161 L	 6.32  
 162 R	 32.28  
 163 E	 72.24  
 164 G	 20.48  
 165 W	 10.33  
 166 R	 45.79  
 167 D	 50.91  
 168 N	 27.41  
 169 H	 38.80  
 170 Q	 35.15  
 171 P	 14.55  
 172 I	 3.32  
 173 M	 1.26  
 174 C	 4.10  
 175 S	 14.12  
 176 Y	 11.92  
 177 K	 21.86  
 178 L	 2.72  
 179 V	 5.17  
 180 T	 28.54  
 181 V	 5.36  
 182 K	 26.83  
 183 F	 8.77  
 184 E	 31.48  
 185 V	 5.74  
 186 W	 8.45  
 187 G	 17.06  
 188 L	 2.49  
 189 Q	 24.27  
 190 T	 41.55  
 191 R	 19.60  
 192 V	 8.44  
 193 E	 34.70  
 194 Q	 42.69  
 195 F	 3.83  
 196 V	 4.22  
 197 H	 20.62  
 198 K	 36.80  
 199 V	 2.29  
 200 V	 5.62  
 201 R	 28.39  
 202 D	 25.03  
 203 I	 2.06  
 204 L	 3.14  
 205 L	 4.50  
 206 I	 3.81  
 207 G	 15.19  
 208 H	 16.22  
 209 R	 25.06  
 210 Q	 34.85  
 211 A	 8.97  
 212 F	 4.10  
 213 A	 14.38  
 214 W	 7.52  
 215 V	 4.24  
 216 D	 29.97  
 217 E	 38.01  
 218 W	 7.03  
 219 Y	 8.19  
 220 D	 27.44  
 221 M	 1.64  
 222 T	 20.69  
 223 M	 3.12  
 224 D	 41.91  
 225 E	 32.43  
 226 V	 6.56  
 227 R	 40.62  
 228 E	 57.97  
 229 F	 5.58  
 230 E	 36.33  
 231 R	 48.53  
 232 A	 13.36  
 233 T	 32.91  
 234 Q	 37.02  
 235 E	 53.78  
 236 A	 13.47  
 237 T	 46.98  
 238 N	 51.15  
 239 K	 41.22  
 240 K	 46.92  
 241 I	 6.42  
 242 G	 24.72  
 243 V	 8.09  
 244 F	 5.17  
 245 P	 18.27  
 246 P	 30.66  
 247 A	 14.38  
 248 I	 4.66  
 249 S	 20.65  
 250 I	 2.83  
 251 S	 14.65  
 252 S	 15.37  
 253 I	 2.21  
 254 A	 12.66  
 255 L	 7.43  
 256 L	 2.60  
 257 P	 25.96  
 258 S	 41.24  
 259 S	 21.43  
 260 V	 7.04  
 261 R	 29.11  
 262 S	 42.23  
 263 A	 9.46  
 264 P	 30.02  
 265 S	 38.56  
 266 S	 43.04  
 267 A	 13.34  
 268 P	 40.46  
 269 S	 42.23  
 270 T	 27.47  
 271 P	 28.75  
 272 L	 9.73  
 273 S	 25.99  
 274 T	 43.81  
 275 D	 57.67  
 276 A	 12.95  
 277 P	 35.36  
 278 E	 62.02  
 279 F	 6.71  
 280 L	 4.29  
 281 S	 42.01  
 282 I	 5.52  
 283 P	 29.17  
 284 K	 65.78  
 285 D	 61.53  
 286 R	 38.76  
 287 P	 63.68  
 288 R	 60.99  
 289 K	 54.48  
 290 K	 53.80  
 291 S	 52.68  
 292 A	 18.15  
 293 P	 42.04  
 294 E	 57.05  
 295 T	 24.80  
 296 L	 4.40  
 297 T	 43.60  
 298 L	 5.21  
 299 P	 50.29  
 300 D	 68.08  
 301 P	 54.06  
 302 E	 74.66  
 303 K	 53.77  
 304 K	 44.96  
 305 A	 28.52  
 306 T	 25.67  
 307 L	 8.07  
 308 N	 39.57  
 309 L	 4.37  
 310 P	 29.18  
 311 G	 28.38  
 312 V	 4.44  
 313 Y	 15.51  
 314 T	 28.18  
 315 S	 26.40  
 316 E	 53.90  
 317 K	 49.54  
 318 P	 18.46  
 319 C	 20.17  
 320 R	 50.65  
 321 P	 51.76  
 322 K	 48.11  
 323 S	 51.74  
 324 E	 71.42  
