 1 M	 5.76  
 2 V	 6.09  
 3 Q	 42.98  
 4 Q	 34.48  
 5 T	 17.22  
 6 N	 41.18  
 7 N	 52.60  
 8 A	 17.31  
 9 E	 67.80  
 10 N	 40.59  
 11 T	 17.72  
 12 E	 49.23  
 13 A	 13.06  
 14 L	 2.47  
 15 L	 8.09  
 16 A	 22.13  
 17 G	 34.98  
 18 E	 41.27  
 19 S	 38.23  
 20 S	 31.34  
 21 D	 61.44  
 22 S	 32.27  
 23 G	 28.75  
 24 A	 24.29  
 25 G	 24.18  
 26 L	 4.94  
 27 E	 43.99  
 28 L	 7.86  
 29 G	 12.21  
 30 I	 5.41  
 31 A	 11.36  
 32 S	 34.62  
 33 S	 24.62  
 34 P	 39.87  
 35 T	 42.08  
 36 P	 37.81  
 37 G	 39.86  
 38 S	 23.23  
 39 T	 30.46  
 40 A	 13.54  
 41 S	 27.89  
 42 T	 47.71  
 43 G	 32.86  
 44 G	 23.28  
 45 K	 50.41  
 46 A	 29.70  
 47 D	 72.36  
 48 D	 43.95  
 49 P	 30.21  
 50 S	 52.69  
 51 W	 7.94  
 52 C	 4.06  
 53 K	 58.15  
 54 T	 21.39  
 55 P	 24.65  
 56 S	 48.51  
 57 G	 27.95  
 58 H	 27.08  
 59 I	 4.64  
 60 K	 44.78  
 61 R	 34.79  
 62 P	 18.51  
 63 M	 7.02  
 64 N	 32.48  
 65 A	 6.40  
 66 F	 3.26  
 67 M	 2.54  
 68 V	 3.43  
 69 W	 3.46  
 70 S	 15.18  
 71 Q	 26.33  
 72 I	 3.57  
 73 E	 38.50  
 74 R	 46.98  
 75 R	 21.77  
 76 K	 53.26  
 77 I	 3.31  
 78 M	 4.26  
 79 E	 51.91  
 80 Q	 42.77  
 81 S	 15.01  
 82 P	 42.51  
 83 D	 57.11  
 84 M	 2.74  
 85 H	 37.42  
 86 N	 32.41  
 87 A	 10.79  
 88 E	 53.78  
 89 I	 5.67  
 90 S	 11.83  
 91 K	 58.25  
 92 R	 41.71  
 93 L	 12.47  
 94 G	 22.86  
 95 K	 60.73  
 96 R	 33.68  
 97 W	 10.11  
 98 K	 48.23  
 99 L	 5.96  
 100 L	 5.27  
 101 K	 66.67  
 102 D	 63.14  
 103 S	 38.94  
 104 D	 64.14  
 105 K	 57.12  
 106 I	 3.96  
 107 P	 26.48  
 108 F	 11.66  
 109 I	 2.80  
 110 Q	 44.20  
 111 E	 47.91  
 112 A	 7.28  
 113 E	 52.04  
 114 R	 31.96  
 115 L	 5.91  
 116 R	 48.16  
 117 L	 5.45  
 118 K	 25.54  
 119 H	 22.66  
 120 M	 2.65  
 121 A	 16.95  
 122 D	 48.17  
 123 Y	 6.62  
 124 P	 38.72  
 125 D	 46.45  
 126 Y	 12.86  
 127 K	 42.01  
 128 Y	 21.44  
 129 R	 22.01  
 130 P	 49.72  
 131 R	 42.29  
 132 K	 65.68  
 133 K	 57.06  
 134 V	 7.18  
 135 K	 62.62  
 136 S	 40.02  
 137 G	 23.45  
 138 N	 42.14  
 139 A	 16.85  
 140 G	 34.17  
 141 A	 13.32  
 142 G	 19.52  
 143 S	 17.75  
 144 A	 14.12  
 145 A	 15.13  
 146 T	 34.62  
 147 A	 16.00  
 148 K	 49.56  
 149 P	 54.43  
 150 G	 48.84  
 151 E	 63.49  
 152 K	 77.61  
 153 G	 35.35  
 154 D	 54.01  
 155 K	 42.53  
 156 V	 9.68  
 157 A	 20.21  
 158 G	 25.90  
 159 S	 24.33  
 160 S	 33.41  
 161 G	 19.16  
 162 H	 28.94  
 163 A	 24.08  
 164 G	 24.81  
 165 S	 21.53  
 166 S	 19.21  
 167 H	 30.04  
 168 A	 21.92  
 169 G	 29.64  
 170 G	 24.46  
 171 G	 21.82  
 172 A	 23.58  
 173 G	 39.53  
 174 G	 28.36  
 175 S	 33.98  
 176 S	 46.03  
 177 K	 47.07  
 178 P	 56.60  
 179 A	 32.08  
 180 P	 53.81  
 181 K	 60.47  
 182 K	 50.33  
 183 S	 30.36  
 184 C	 17.35  
 185 G	 31.96  
 186 P	 32.07  
 187 K	 29.96  
 188 V	 9.08  
 189 A	 20.48  
 190 G	 24.36  
 191 S	 16.47  
 192 S	 33.69  
 193 V	 14.14  
 194 G	 39.46  
 195 K	 31.32  
 196 P	 27.09  
 197 H	 38.69  
 198 A	 18.53  
 199 K	 47.16  
 200 L	 6.06  
 201 V	 2.77  
 202 P	 35.31  
 203 A	 27.74  
 204 G	 34.53  
 205 G	 28.25  
 206 S	 20.43  
 207 K	 45.37  
 208 A	 15.23  
 209 A	 13.84  
 210 A	 18.90  
 211 S	 22.87  
 212 F	 13.98  
 213 S	 25.65  
 214 P	 35.39  
 215 E	 52.21  
 216 Q	 35.01  
 217 A	 9.83  
 218 A	 14.88  
 219 L	 5.92  
 220 L	 2.56  
 221 P	 38.89  
 222 L	 14.14  
 223 G	 36.58  
 224 E	 47.35  
 225 P	 24.69  
 226 T	 25.18  
 227 A	 17.23  
 228 V	 5.38  
 229 Y	 10.99  
 230 K	 20.74  
 231 V	 4.51  
 232 R	 36.45  
 233 T	 25.28  
 234 P	 16.06  
 235 S	 29.89  
 236 A	 19.29  
 237 A	 20.60  
 238 T	 17.12  
 239 P	 22.54  
 240 A	 18.67  
 241 A	 15.91  
 242 S	 33.19  
 243 S	 41.35  
 244 S	 26.72  
 245 P	 33.96  
 246 S	 30.14  
 247 S	 30.59  
 248 A	 12.93  
 249 L	 6.19  
 250 A	 15.97  
 251 T	 25.32  
 252 P	 33.43  
 253 A	 20.59  
 254 K	 51.85  
 255 H	 25.53  
 256 P	 41.25  
 257 A	 40.76  
 258 D	 56.62  
 259 K	 62.67  
 260 K	 54.24  
 261 V	 6.20  
 262 K	 45.05  
 263 R	 25.87  
 264 V	 3.95  
 265 Y	 10.59  
 266 L	 3.42  
 267 F	 3.23  
 268 G	 21.26  
 269 S	 19.12  
 270 L	 7.31  
 271 G	 21.12  
 272 A	 13.76  
 273 S	 27.73  
 274 A	 19.81  
 275 S	 20.02  
 276 P	 28.61  
 277 V	 9.83  
 278 G	 29.06  
 279 G	 22.60  
 280 L	 4.21  
 281 G	 22.29  
 282 A	 13.44  
 283 S	 31.26  
 284 A	 32.00  
 285 D	 40.52  
 286 P	 40.11  
 287 S	 53.02  
 288 D	 48.08  
 289 P	 32.44  
 290 L	 9.91  
 291 G	 31.44  
 292 L	 5.80  
 293 Y	 15.35  
 294 E	 56.04  
 295 D	 54.51  
 296 G	 32.05  
 297 G	 27.96  
 298 P	 46.26  
 299 G	 28.01  
 300 C	 6.33  
 301 S	 31.76  
 302 P	 52.75  
 303 D	 49.17  
 304 G	 25.18  
 305 R	 41.63  
 306 S	 32.20  
 307 L	 6.40  
 308 S	 33.15  
 309 G	 38.49  
 310 R	 24.86  
 311 S	 28.05  
 312 S	 26.88  
 313 A	 16.77  
 314 A	 16.70  
 315 S	 36.25  
 316 S	 17.52  
 317 P	 29.38  
 318 A	 21.73  
 319 A	 14.63  
 320 S	 35.08  
 321 R	 41.77  
 322 S	 23.19  
 323 P	 40.37  
 324 A	 26.87  
 325 D	 35.09  
 326 H	 27.46  
 327 R	 40.12  
 328 G	 20.95  
 329 Y	 7.93  
 330 A	 12.62  
 331 S	 15.20  
 332 L	 3.08  
 333 R	 26.13  
 334 A	 19.99  
 335 A	 15.04  
 336 S	 22.17  
 337 P	 43.39  
 338 A	 17.70  
 339 P	 32.00  
 340 S	 41.04  
 341 S	 43.04  
 342 A	 17.60  
 343 P	 28.70  
 344 S	 31.25  
 345 H	 28.68  
 346 A	 18.55  
 347 S	 18.29  
 348 S	 35.76  
 349 S	 29.76  
 350 L	 6.59  
 351 S	 30.07  
 352 S	 39.26  
 353 S	 30.75  
 354 S	 35.87  
 355 S	 35.87  
 356 S	 30.39  
 357 S	 40.44  
 358 S	 44.64  
 359 G	 33.23  
 360 S	 29.06  
 361 S	 37.07  
 362 S	 39.21  
 363 S	 51.53  
 364 D	 62.50  
 365 D	 65.51  
 366 E	 56.79  
 367 F	 18.78  
 368 E	 48.87  
 369 D	 58.12  
 370 D	 41.77  
 371 L	 6.57  
 372 L	 10.15  
 373 D	 52.26  
 374 L	 11.65  
 375 N	 33.79  
 376 P	 46.56  
 377 S	 36.52  
 378 S	 46.96  
 379 N	 49.39  
 380 F	 8.75  
 381 E	 50.19  
 382 S	 14.99  
 383 M	 2.78  
 384 S	 38.57  
 385 L	 5.09  
 386 G	 21.24  
 387 S	 27.52  
 388 F	 8.56  
 389 S	 30.89  
 390 S	 26.71  
 391 S	 20.59  
 392 S	 34.50  
 393 A	 18.54  
 394 L	 6.32  
 395 D	 41.59  
 396 R	 47.44  
 397 D	 50.70  
 398 L	 9.37  
 399 D	 40.51  
 400 F	 17.12  
 401 N	 39.78  
 402 F	 13.97  
 403 E	 50.27  
 404 P	 37.81  
 405 G	 37.12  
 406 S	 48.08  
 407 G	 30.93  
 408 S	 27.05  
 409 H	 29.76  
 410 F	 12.70  
 411 E	 51.34  
 412 F	 5.65  
 413 P	 25.18  
 414 D	 57.36  
 415 Y	 9.84  
 416 C	 7.16  
 417 T	 19.09  
 418 P	 36.11  
 419 E	 40.29  
 420 V	 6.55  
 421 S	 21.56  
 422 E	 45.79  
 423 M	 1.99  
 424 I	 3.50  
 425 S	 29.41  
 426 G	 21.13  
 427 D	 39.74  
 428 W	 12.93  
 429 L	 5.64  
 430 E	 37.88  
 431 S	 30.70  
 432 S	 22.21  
 433 I	 4.39  
 434 S	 26.51  
 435 N	 38.26  
 436 L	 2.40  
 437 V	 3.84  
 438 F	 6.39  
 439 T	 22.35  
 440 Y	 12.70  
