 1 M	 5.82  
 2 A	 12.72  
 3 Q	 36.13  
 4 I	 3.42  
 5 L	 1.59  
 6 P	 19.82  
 7 I	 6.54  
 8 R	 25.84  
 9 F	 11.78  
 10 Q	 27.61  
 11 E	 43.80  
 12 H	 14.21  
 13 L	 5.52  
 14 Q	 42.80  
 15 L	 4.60  
 16 Q	 30.09  
 17 N	 49.15  
 18 L	 4.74  
 19 G	 25.77  
 20 I	 6.68  
 21 N	 28.03  
 22 P	 25.43  
 23 A	 18.78  
 24 N	 35.85  
 25 I	 6.82  
 26 G	 15.40  
 27 F	 4.46  
 28 S	 19.79  
 29 T	 24.80  
 30 L	 4.09  
 31 T	 20.98  
 32 M	 5.37  
 33 E	 51.02  
 34 S	 34.97  
 35 D	 36.26  
 36 K	 46.00  
 37 F	 7.08  
 38 I	 2.05  
 39 C	 2.43  
 40 I	 5.65  
 41 R	 33.02  
 42 E	 31.98  
 43 K	 45.77  
 44 V	 9.75  
 45 G	 32.16  
 46 E	 45.81  
 47 Q	 31.03  
 48 A	 10.38  
 49 Q	 29.70  
 50 V	 3.61  
 51 V	 1.79  
 52 I	 2.02  
 53 I	 2.51  
 54 D	 20.78  
 55 M	 4.28  
 56 N	 55.05  
 57 D	 41.17  
 58 P	 30.88  
 59 S	 59.09  
 60 N	 41.21  
 61 P	 26.29  
 62 I	 7.35  
 63 R	 39.31  
 64 R	 33.35  
 65 P	 18.29  
 66 I	 5.14  
 67 S	 28.80  
 68 A	 18.59  
 69 D	 31.63  
 70 S	 21.29  
 71 A	 12.95  
 72 I	 2.95  
 73 M	 5.00  
 74 N	 23.91  
 75 P	 22.11  
 76 A	 19.58  
 77 S	 28.81  
 78 K	 39.50  
 79 V	 2.61  
 80 I	 4.23  
 81 A	 13.25  
 82 L	 3.43  
 83 K	 49.95  
 84 G	 32.78  
 85 I	 4.24  
 86 K	 55.28  
 87 D	 61.78  
 88 S	 36.87  
 89 G	 36.78  
 90 K	 50.44  
 91 T	 27.67  
 92 L	 4.13  
 93 Q	 43.38  
 94 I	 2.99  
 95 F	 4.93  
 96 N	 30.82  
 97 I	 3.68  
 98 E	 41.48  
 99 M	 5.41  
 100 K	 33.85  
 101 S	 36.35  
 102 K	 38.61  
 103 M	 6.30  
 104 K	 40.53  
 105 A	 10.41  
 106 H	 15.62  
 107 T	 26.99  
 108 M	 2.51  
 109 T	 30.15  
 110 D	 37.25  
 111 D	 31.99  
 112 V	 5.46  
 113 T	 30.67  
 114 F	 6.75  
 115 W	 5.91  
 116 K	 30.38  
 117 W	 3.97  
 118 I	 2.74  
 119 S	 17.91  
 120 L	 4.60  
 121 N	 26.22  
 122 T	 16.67  
 123 V	 3.64  
 124 A	 8.35  
 125 L	 3.56  
 126 V	 4.56  
 127 T	 25.12  
 128 D	 33.34  
 129 N	 23.18  
 130 A	 13.17  
 131 V	 4.53  
 132 Y	 8.65  
 133 H	 11.97  
 134 W	 5.02  
 135 S	 8.14  
 136 M	 6.91  
 137 E	 55.05  
 138 G	 31.08  
 139 E	 32.66  
 140 S	 51.12  
 141 Q	 42.37  
 142 P	 36.65  
 143 V	 5.64  
 144 K	 40.30  
 145 M	 4.26  
 146 F	 6.56  
 147 D	 43.83  
 148 R	 21.96  
 149 H	 24.47  
 150 S	 28.13  
 151 S	 19.00  
 152 L	 5.49  
 153 A	 20.75  
 154 G	 14.78  
 155 C	 1.87  
 156 Q	 38.38  
 157 I	 2.28  
 158 I	 1.21  
 159 N	 23.12  
 160 Y	 12.41  
 161 R	 22.95  
 162 T	 29.92  
 163 D	 42.65  
 164 A	 18.63  
 165 K	 56.04  
 166 Q	 43.83  
 167 K	 38.82  
 168 W	 6.97  
 169 L	 3.46  
 170 L	 3.80  
 171 L	 3.74  
 172 T	 32.22  
 173 G	 16.30  
 174 I	 2.31  
 175 S	 22.75  
 176 A	 17.04  
 177 Q	 34.00  
 178 Q	 39.14  
 179 N	 27.00  
 180 R	 21.84  
 181 V	 6.46  
 182 V	 3.50  
 183 G	 16.69  
 184 A	 3.21  
 185 M	 2.02  
 186 Q	 36.39  
 187 L	 1.90  
 188 Y	 6.97  
 189 S	 26.57  
 190 V	 5.36  
 191 D	 38.45  
 192 R	 38.84  
 193 K	 41.60  
 194 V	 7.19  
 195 S	 33.02  
 196 Q	 46.08  
 197 P	 21.06  
 198 I	 8.42  
 199 E	 52.16  
 200 G	 19.22  
 201 H	 12.82  
 202 A	 18.69  
 203 A	 10.25  
 204 S	 23.15  
 205 F	 5.48  
 206 A	 16.05  
 207 Q	 36.16  
 208 F	 7.94  
 209 K	 24.78  
 210 M	 9.35  
 211 E	 50.30  
 212 G	 34.84  
 213 N	 30.76  
 214 A	 32.56  
 215 E	 57.38  
 216 E	 46.76  
 217 S	 23.16  
 218 T	 27.42  
 219 L	 4.98  
 220 F	 3.05  
 221 C	 2.11  
 222 F	 5.73  
 223 A	 7.41  
 224 V	 3.37  
 225 R	 28.24  
 226 G	 18.32  
 227 Q	 26.69  
 228 A	 31.37  
 229 G	 26.36  
 230 G	 32.16  
 231 K	 35.65  
 232 L	 3.87  
 233 H	 23.59  
 234 I	 4.10  
 235 I	 2.15  
 236 E	 34.00  
 237 V	 7.93  
 238 G	 21.51  
 239 T	 31.13  
 240 P	 20.66  
 241 P	 53.42  
 242 T	 50.39  
 243 G	 36.23  
 244 N	 49.16  
 245 Q	 42.21  
 246 P	 52.05  
 247 F	 11.31  
 248 P	 43.87  
 249 K	 54.46  
 250 K	 54.61  
 251 A	 14.63  
 252 V	 9.90  
 253 D	 36.04  
 254 V	 4.24  
 255 F	 7.05  
 256 F	 11.23  
 257 P	 17.85  
 258 P	 44.38  
 259 E	 64.22  
 260 A	 21.17  
 261 Q	 48.65  
 262 N	 61.00  
 263 D	 36.83  
 264 F	 7.41  
 265 P	 18.80  
 266 V	 7.56  
 267 A	 5.61  
 268 M	 3.56  
 269 Q	 26.73  
 270 I	 3.54  
 271 S	 24.57  
 272 E	 56.91  
 273 K	 38.01  
 274 H	 29.10  
 275 D	 49.71  
 276 V	 3.07  
 277 V	 3.93  
 278 F	 4.03  
 279 L	 3.08  
 280 I	 1.80  
 281 T	 21.99  
 282 K	 29.68  
 283 Y	 13.40  
 284 G	 19.24  
 285 Y	 5.10  
 286 I	 1.24  
 287 H	 15.17  
 288 L	 2.30  
 289 Y	 12.34  
 290 D	 44.37  
 291 L	 3.92  
 292 E	 42.15  
 293 T	 45.12  
 294 G	 14.82  
 295 T	 11.80  
 296 C	 1.91  
 297 I	 3.52  
 298 Y	 7.18  
 299 M	 1.06  
 300 N	 22.59  
 301 R	 14.12  
 302 I	 5.43  
 303 S	 27.60  
 304 G	 33.42  
 305 E	 31.75  
 306 T	 24.20  
 307 I	 1.97  
 308 F	 5.36  
 309 V	 3.84  
 310 T	 24.59  
 311 A	 9.73  
 312 P	 19.24  
 313 H	 34.55  
 314 E	 46.81  
 315 A	 10.34  
 316 T	 23.56  
 317 A	 17.78  
 318 G	 14.00  
 319 I	 1.99  
 320 I	 5.02  
 321 G	 14.55  
 322 V	 4.39  
 323 N	 34.43  
 324 R	 41.92  
 325 K	 48.79  
 326 G	 21.42  
 327 Q	 35.69  
 328 V	 6.16  
 329 L	 2.14  
 330 S	 18.02  
 331 V	 3.56  
 332 C	 2.61  
 333 V	 10.99  
 334 E	 55.24  
 335 E	 35.63  
 336 E	 39.98  
 337 N	 40.55  
 338 I	 3.67  
 339 I	 2.98  
 340 P	 15.63  
 341 Y	 15.23  
 342 I	 1.57  
 343 T	 17.27  
 344 N	 23.97  
 345 V	 4.33  
 346 L	 4.40  
 347 Q	 55.94  
 348 N	 28.08  
 349 P	 25.65  
 350 D	 52.72  
 351 L	 5.22  
 352 A	 10.66  
 353 L	 5.10  
 354 R	 12.85  
 355 M	 4.15  
 356 A	 7.23  
 357 V	 5.00  
 358 R	 19.44  
 359 N	 41.07  
 360 N	 22.24  
 361 L	 5.48  
 362 A	 19.78  
 363 G	 36.37  
 364 A	 11.07  
 365 E	 55.07  
 366 E	 48.96  
 367 L	 2.83  
 368 F	 7.56  
 369 A	 26.78  
 370 R	 36.44  
 371 K	 39.27  
 372 F	 5.57  
 373 N	 38.48  
 374 A	 13.74  
 375 L	 3.71  
 376 F	 4.42  
 377 A	 19.74  
 378 Q	 33.07  
 379 G	 31.45  
 380 N	 25.69  
 381 Y	 18.08  
 382 S	 25.43  
 383 E	 42.14  
 384 A	 13.47  
 385 A	 11.64  
 386 K	 39.18  
 387 V	 5.36  
 388 A	 8.35  
 389 A	 18.72  
 390 N	 47.22  
 391 A	 11.49  
 392 P	 34.90  
 393 K	 57.06  
 394 G	 24.09  
 395 I	 2.69  
 396 L	 7.32  
 397 R	 42.14  
 398 T	 23.28  
 399 P	 30.25  
 400 D	 54.90  
 401 T	 20.00  
 402 I	 3.76  
 403 R	 35.14  
 404 R	 30.06  
 405 F	 4.57  
 406 Q	 41.53  
 407 S	 27.62  
 408 V	 2.95  
 409 P	 30.35  
 410 A	 26.50  
 411 Q	 36.26  
 412 P	 38.68  
 413 G	 31.17  
 414 Q	 45.55  
 415 T	 37.92  
 416 S	 12.98  
 417 P	 40.24  
 418 L	 4.69  
 419 L	 4.38  
 420 Q	 38.91  
 421 Y	 12.07  
 422 F	 2.94  
 423 G	 12.52  
 424 I	 2.18  
 425 L	 4.39  
 426 L	 4.34  
 427 D	 47.31  
 428 Q	 41.31  
 429 G	 33.34  
 430 Q	 35.91  
 431 L	 8.36  
 432 N	 36.65  
 433 K	 60.01  
 434 Y	 15.07  
 435 E	 50.92  
 436 S	 24.85  
 437 L	 3.78  
 438 E	 55.92  
 439 L	 3.49  
 440 C	 3.18  
 441 R	 36.67  
 442 P	 30.12  
 443 V	 3.78  
 444 L	 3.31  
 445 Q	 43.87  
 446 Q	 49.88  
 447 G	 26.28  
 448 R	 21.14  
 449 K	 52.72  
 450 Q	 50.33  
 451 L	 8.17  
 452 L	 6.19  
 453 E	 51.26  
 454 K	 58.77  
 455 W	 11.86  
 456 L	 6.88  
 457 K	 63.85  
 458 E	 59.20  
 459 D	 60.29  
 460 K	 47.48  
 461 L	 14.36  
 462 E	 41.56  
 463 C	 10.07  
 464 S	 25.40  
 465 E	 69.74  
 466 E	 41.58  
 467 L	 5.93  
 468 G	 29.50  
 469 D	 62.00  
 470 L	 5.05  
 471 V	 5.30  
 472 K	 52.65  
 473 S	 25.03  
 474 V	 9.41  
 475 D	 37.24  
 476 P	 27.44  
 477 T	 21.87  
 478 L	 5.70  
 479 A	 10.56  
 480 L	 3.91  
 481 S	 11.78  
 482 V	 5.62  
 483 Y	 6.26  
 484 L	 3.80  
 485 R	 13.36  
 486 A	 20.83  
 487 N	 43.26  
 488 V	 5.58  
 489 P	 34.43  
 490 N	 47.12  
 491 K	 34.34  
 492 V	 4.67  
 493 I	 2.93  
 494 Q	 21.18  
 495 C	 2.10  
 496 F	 3.84  
 497 A	 22.52  
 498 E	 32.97  
 499 T	 29.50  
 500 G	 19.71  
 501 Q	 41.72  
 502 V	 7.09  
 503 Q	 23.13  
 504 K	 35.61  
 505 I	 1.12  
 506 V	 4.27  
 507 L	 3.81  
 508 Y	 12.89  
 509 A	 10.88  
 510 K	 34.14  
 511 K	 32.49  
 512 V	 7.55  
 513 G	 29.49  
 514 Y	 20.34  
 515 T	 14.62  
 516 P	 26.84  
 517 D	 43.22  
 518 W	 5.62  
 519 I	 1.96  
 520 F	 4.60  
 521 L	 3.02  
 522 L	 2.32  
 523 R	 35.52  
 524 N	 31.72  
 525 V	 1.89  
 526 M	 3.44  
 527 R	 23.19  
 528 I	 3.65  
 529 S	 16.44  
 530 P	 35.26  
 531 D	 59.45  
 532 Q	 55.78  
 533 G	 30.54  
 534 Q	 29.59  
 535 Q	 42.33  
 536 F	 3.81  
 537 A	 6.91  
 538 Q	 27.34  
 539 M	 3.38  
 540 L	 1.76  
 541 V	 5.90  
 542 Q	 48.73  
 543 D	 55.54  
 544 E	 44.41  
 545 E	 54.63  
 546 P	 30.70  
 547 L	 8.28  
 548 A	 19.51  
 549 D	 52.75  
 550 I	 2.25  
 551 T	 16.88  
 552 Q	 33.76  
 553 I	 1.82  
 554 V	 3.55  
 555 D	 29.57  
 556 V	 3.22  
 557 F	 2.39  
 558 M	 5.55  
 559 E	 21.58  
 560 Y	 11.95  
 561 N	 19.84  
 562 L	 3.51  
 563 I	 2.06  
 564 Q	 35.15  
 565 Q	 21.38  
 566 C	 1.37  
 567 T	 18.99  
 568 A	 10.75  
 569 F	 3.61  
 570 L	 3.82  
 571 L	 2.67  
 572 D	 52.59  
 573 A	 22.02  
 574 L	 6.44  
 575 K	 54.63  
 576 N	 51.06  
 577 N	 56.50  
 578 R	 45.58  
 579 P	 38.56  
 580 S	 52.53  
 581 E	 68.46  
 582 G	 32.34  
 583 P	 19.76  
 584 L	 13.77  
 585 Q	 27.92  
 586 T	 30.85  
 587 R	 25.06  
 588 L	 5.58  
 589 L	 5.45  
 590 E	 30.53  
 591 M	 4.75  
 592 N	 25.49  
 593 L	 2.28  
 594 M	 1.84  
 595 H	 37.11  
 596 A	 5.14  
 597 P	 17.94  
 598 Q	 43.76  
 599 V	 5.18  
 600 A	 8.68  
 601 D	 34.97  
 602 A	 6.81  
 603 I	 5.35  
 604 L	 5.89  
 605 G	 19.06  
 606 N	 27.05  
 607 Q	 26.94  
 608 M	 4.92  
 609 F	 2.47  
 610 T	 17.74  
 611 H	 15.95  
 612 Y	 12.22  
 613 D	 33.41  
 614 R	 22.39  
 615 A	 8.78  
 616 H	 19.46  
 617 I	 2.26  
 618 A	 6.09  
 619 Q	 46.15  
 620 L	 2.77  
 621 C	 3.16  
 622 E	 55.31  
 623 K	 46.92  
 624 A	 7.50  
 625 G	 37.68  
 626 L	 4.38  
 627 L	 2.95  
 628 Q	 33.37  
 629 R	 40.90  
 630 A	 12.35  
 631 L	 5.98  
 632 E	 35.65  
 633 H	 31.58  
 634 F	 4.08  
 635 T	 27.31  
 636 D	 42.14  
 637 L	 3.63  
 638 Y	 20.59  
 639 D	 47.43  
 640 I	 1.74  
 641 K	 31.26  
 642 R	 32.71  
 643 A	 11.59  
 644 V	 3.63  
 645 V	 4.15  
 646 H	 10.85  
 647 T	 11.56  
 648 H	 17.28  
 649 L	 5.34  
 650 L	 8.57  
 651 N	 38.51  
 652 P	 33.82  
 653 E	 52.98  
 654 W	 13.58  
 655 L	 1.38  
 656 V	 5.98  
 657 N	 25.01  
 658 Y	 11.22  
 659 F	 4.52  
 660 G	 19.81  
 661 S	 13.94  
 662 L	 7.32  
 663 S	 25.76  
 664 V	 13.21  
 665 E	 38.21  
 666 D	 57.26  
 667 S	 16.74  
 668 L	 9.24  
 669 E	 35.14  
 670 C	 3.65  
 671 L	 2.60  
 672 R	 29.61  
 673 A	 7.13  
 674 M	 2.16  
 675 L	 4.22  
 676 S	 13.24  
 677 A	 16.11  
 678 N	 26.97  
 679 I	 4.85  
 680 R	 21.10  
 681 Q	 51.71  
 682 N	 24.86  
 683 L	 2.48  
 684 Q	 34.29  
 685 I	 2.54  
 686 C	 0.83  
 687 V	 5.68  
 688 Q	 22.20  
 689 V	 3.03  
 690 A	 5.34  
 691 S	 34.59  
 692 K	 40.67  
 693 Y	 14.22  
 694 H	 21.77  
 695 E	 50.56  
 696 Q	 27.66  
 697 L	 5.65  
 698 S	 24.89  
 699 T	 30.67  
 700 Q	 32.63  
 701 S	 31.25  
 702 L	 2.25  
 703 I	 5.38  
 704 E	 53.34  
 705 L	 4.59  
 706 F	 4.85  
 707 E	 68.81  
 708 S	 30.55  
 709 F	 6.38  
 710 K	 64.61  
 711 S	 26.90  
 712 F	 9.95  
 713 E	 63.18  
 714 G	 21.05  
 715 L	 2.18  
 716 F	 6.27  
 717 Y	 11.70  
 718 F	 4.96  
 719 L	 3.42  
 720 G	 12.86  
 721 S	 26.05  
 722 I	 2.52  
 723 V	 6.74  
 724 N	 29.22  
 725 F	 4.87  
 726 S	 28.59  
 727 Q	 63.22  
 728 D	 39.92  
 729 P	 37.58  
 730 D	 55.61  
 731 V	 7.51  
 732 H	 22.36  
 733 F	 6.89  
 734 K	 26.94  
 735 Y	 9.42  
 736 I	 2.01  
 737 Q	 21.59  
 738 A	 12.79  
 739 A	 4.48  
 740 C	 4.55  
 741 K	 51.46  
 742 T	 33.91  
 743 G	 16.83  
 744 Q	 49.14  
 745 I	 4.32  
 746 K	 48.06  
 747 E	 51.76  
 748 V	 5.21  
 749 E	 37.10  
 750 R	 38.18  
 751 I	 1.32  
 752 C	 5.03  
 753 R	 48.26  
 754 E	 41.72  
 755 S	 16.91  
 756 N	 24.50  
 757 C	 5.92  
 758 Y	 38.49  
 759 D	 40.56  
 760 P	 12.57  
 761 E	 68.18  
 762 R	 50.53  
 763 V	 5.91  
 764 K	 48.48  
 765 N	 44.63  
 766 F	 9.51  
 767 L	 7.38  
 768 K	 52.03  
 769 E	 53.86  
 770 A	 15.57  
 771 K	 53.67  
 772 L	 9.10  
 773 T	 22.46  
 774 D	 59.46  
 775 Q	 39.48  
 776 L	 4.08  
 777 P	 18.84  
 778 L	 5.92  
 779 I	 1.78  
 780 I	 3.12  
 781 V	 1.89  
 782 C	 1.88  
 783 D	 43.30  
 784 R	 28.10  
 785 F	 5.66  
 786 D	 45.62  
 787 F	 4.90  
 788 V	 3.55  
 789 H	 23.76  
 790 D	 32.92  
 791 L	 1.40  
 792 V	 4.04  
 793 L	 2.95  
 794 Y	 8.33  
 795 L	 2.57  
 796 Y	 9.57  
 797 R	 23.98  
 798 N	 39.75  
 799 N	 34.55  
 800 L	 5.47  
 801 Q	 38.33  
 802 K	 51.89  
 803 Y	 7.27  
 804 I	 3.15  
 805 E	 25.77  
 806 I	 2.72  
 807 Y	 5.52  
 808 V	 5.65  
 809 Q	 27.32  
 810 K	 33.66  
 811 V	 7.72  
 812 N	 35.55  
 813 P	 24.66  
 814 S	 41.04  
 815 R	 44.24  
 816 L	 4.41  
 817 P	 19.74  
 818 V	 6.08  
 819 V	 2.96  
 820 I	 3.54  
 821 G	 14.75  
 822 G	 16.37  
 823 L	 2.88  
 824 L	 7.35  
 825 D	 38.97  
 826 V	 8.90  
 827 D	 29.86  
 828 C	 4.88  
 829 S	 32.16  
 830 E	 63.73  
 831 D	 31.02  
 832 V	 6.19  
 833 I	 3.66  
 834 K	 45.62  
 835 N	 22.61  
 836 L	 2.45  
 837 I	 3.71  
 838 L	 3.08  
 839 V	 1.87  
 840 V	 5.22  
 841 R	 26.22  
 842 G	 22.67  
 843 Q	 20.67  
 844 F	 10.65  
 845 S	 27.36  
 846 T	 34.48  
 847 D	 46.14  
 848 E	 45.28  
 849 L	 5.01  
 850 V	 3.92  
 851 A	 27.95  
 852 E	 43.67  
 853 V	 8.29  
 854 E	 37.49  
 855 K	 61.21  
 856 R	 21.72  
 857 N	 65.78  
 858 R	 36.91  
 859 L	 5.38  
 860 K	 33.57  
 861 L	 7.60  
 862 L	 5.30  
 863 L	 4.08  
 864 P	 33.31  
 865 W	 13.55  
 866 L	 3.31  
 867 E	 31.84  
 868 A	 17.35  
 869 R	 22.78  
 870 I	 4.46  
 871 H	 21.61  
 872 E	 64.27  
 873 G	 15.24  
 874 C	 4.95  
 875 E	 77.27  
 876 E	 44.29  
 877 P	 21.84  
 878 A	 25.44  
 879 T	 26.78  
 880 H	 21.48  
 881 N	 32.09  
 882 A	 10.99  
 883 L	 6.39  
 884 A	 8.19  
 885 K	 36.57  
 886 I	 2.79  
 887 Y	 9.66  
 888 I	 5.50  
 889 D	 28.48  
 890 S	 31.72  
 891 N	 48.85  
 892 N	 70.19  
 893 N	 44.02  
 894 P	 35.94  
 895 E	 59.18  
 896 R	 36.84  
 897 F	 7.80  
 898 L	 9.34  
 899 R	 38.65  
 900 E	 65.78  
 901 N	 24.36  
 902 P	 25.06  
 903 Y	 31.33  
 904 Y	 14.54  
 905 D	 24.91  
 906 S	 15.74  
 907 R	 25.01  
 908 V	 8.45  
 909 V	 5.49  
 910 G	 16.62  
 911 K	 34.81  
 912 Y	 10.42  
 913 C	 5.91  
 914 E	 48.30  
 915 K	 59.55  
 916 R	 40.16  
 917 D	 46.14  
 918 P	 28.55  
 919 H	 30.28  
 920 L	 4.87  
 921 A	 5.23  
 922 C	 1.96  
 923 V	 5.45  
 924 A	 10.60  
 925 Y	 5.93  
 926 E	 40.37  
 927 R	 28.01  
 928 G	 22.11  
 929 Q	 24.63  
 930 C	 7.79  
 931 D	 34.98  
 932 L	 8.30  
 933 E	 34.06  
 934 L	 4.48  
 935 I	 2.37  
 936 N	 44.93  
 937 V	 2.69  
 938 C	 4.58  
 939 N	 47.39  
 940 E	 42.97  
 941 N	 29.98  
 942 S	 29.07  
 943 L	 10.65  
 944 F	 5.18  
 945 K	 56.64  
 946 S	 25.01  
 947 L	 3.30  
 948 S	 26.43  
 949 R	 33.81  
 950 Y	 13.23  
 951 L	 2.04  
 952 V	 4.05  
 953 R	 37.02  
 954 R	 40.00  
 955 K	 68.05  
 956 D	 39.84  
 957 P	 41.43  
 958 E	 68.25  
 959 L	 8.37  
 960 W	 8.71  
 961 G	 22.09  
 962 S	 9.67  
 963 V	 6.61  
 964 L	 4.74  
 965 L	 6.77  
 966 E	 44.29  
 967 S	 42.97  
 968 N	 28.39  
 969 P	 33.03  
 970 Y	 24.41  
 971 R	 34.69  
 972 R	 25.24  
 973 P	 25.35  
 974 L	 6.81  
 975 I	 3.74  
 976 D	 42.79  
 977 Q	 30.22  
 978 V	 2.82  
 979 V	 3.30  
 980 Q	 23.38  
 981 T	 20.25  
 982 A	 7.63  
 983 L	 5.58  
 984 S	 35.81  
 985 E	 51.87  
 986 T	 34.59  
 987 Q	 61.28  
 988 D	 61.06  
 989 P	 29.81  
 990 E	 78.35  
 991 E	 45.54  
 992 V	 5.49  
 993 S	 18.49  
 994 V	 9.60  
 995 T	 14.58  
 996 V	 3.84  
 997 K	 26.92  
 998 A	 8.63  
 999 F	 3.56  
 1000 M	 3.45  
 1001 T	 15.57  
 1002 A	 12.45  
 1003 D	 54.19  
 1004 L	 4.56  
 1005 P	 32.56  
 1006 N	 65.09  
 1007 E	 49.54  
 1008 L	 4.72  
 1009 I	 2.60  
 1010 E	 60.98  
 1011 L	 6.24  
 1012 L	 4.01  
 1013 E	 54.05  
 1014 K	 37.78  
 1015 I	 2.44  
 1016 V	 8.99  
 1017 L	 6.17  
 1018 D	 34.17  
 1019 N	 35.59  
 1020 S	 24.98  
 1021 V	 8.41  
 1022 F	 7.72  
 1023 S	 30.27  
 1024 E	 35.09  
 1025 H	 23.80  
 1026 R	 41.31  
 1027 N	 48.13  
 1028 L	 3.44  
 1029 Q	 41.91  
 1030 N	 39.73  
 1031 L	 1.71  
 1032 L	 3.85  
 1033 I	 3.46  
 1034 L	 2.39  
 1035 T	 21.24  
 1036 A	 9.61  
 1037 I	 2.97  
 1038 K	 41.59  
 1039 A	 12.85  
 1040 D	 47.70  
 1041 R	 29.32  
 1042 T	 28.32  
 1043 R	 27.03  
 1044 V	 3.19  
 1045 M	 2.66  
 1046 E	 40.17  
 1047 Y	 5.84  
 1048 I	 1.22  
 1049 N	 37.25  
 1050 R	 33.58  
 1051 L	 4.29  
 1052 D	 48.70  
 1053 N	 40.97  
 1054 Y	 17.10  
 1055 D	 58.86  
 1056 A	 8.03  
 1057 P	 30.55  
 1058 D	 55.12  
 1059 I	 2.85  
 1060 A	 14.57  
 1061 N	 25.26  
 1062 I	 2.38  
 1063 A	 10.04  
 1064 I	 3.93  
 1065 S	 18.41  
 1066 N	 43.83  
 1067 E	 48.31  
 1068 L	 8.39  
 1069 F	 6.95  
 1070 E	 62.13  
 1071 E	 41.58  
 1072 A	 7.62  
 1073 F	 6.40  
 1074 A	 13.68  
 1075 I	 2.50  
 1076 F	 6.61  
 1077 R	 32.39  
 1078 K	 34.86  
 1079 F	 12.66  
 1080 D	 35.47  
 1081 V	 10.68  
 1082 N	 30.11  
 1083 T	 20.22  
 1084 S	 22.65  
 1085 A	 8.17  
 1086 V	 3.97  
 1087 Q	 24.82  
 1088 V	 4.71  
 1089 L	 1.81  
 1090 I	 3.68  
 1091 E	 25.87  
 1092 H	 26.68  
 1093 I	 2.25  
 1094 G	 30.47  
 1095 N	 37.86  
 1096 L	 3.88  
 1097 D	 36.84  
 1098 R	 42.08  
 1099 A	 14.10  
 1100 Y	 16.69  
 1101 E	 37.08  
 1102 F	 5.80  
 1103 A	 7.44  
 1104 E	 64.19  
 1105 R	 25.73  
 1106 C	 5.21  
 1107 N	 65.59  
 1108 E	 37.96  
 1109 P	 20.37  
 1110 A	 14.83  
 1111 V	 8.06  
 1112 W	 5.18  
 1113 S	 14.55  
 1114 Q	 29.72  
 1115 L	 4.38  
 1116 A	 9.48  
 1117 K	 45.30  
 1118 A	 15.09  
 1119 Q	 43.66  
 1120 L	 7.30  
 1121 Q	 28.33  
 1122 K	 58.53  
 1123 G	 17.10  
 1124 M	 5.12  
 1125 V	 7.45  
 1126 K	 32.32  
 1127 E	 39.17  
 1128 A	 12.74  
 1129 I	 3.66  
 1130 D	 42.30  
 1131 S	 23.73  
 1132 Y	 11.59  
 1133 I	 3.25  
 1134 K	 37.21  
 1135 A	 19.51  
 1136 D	 64.45  
 1137 D	 50.25  
 1138 P	 26.23  
 1139 S	 40.89  
 1140 S	 33.61  
 1141 Y	 11.13  
 1142 M	 3.22  
 1143 E	 31.16  
 1144 V	 1.89  
 1145 V	 1.72  
 1146 Q	 39.68  
 1147 A	 7.35  
 1148 A	 8.60  
 1149 N	 37.34  
 1150 A	 17.68  
 1151 S	 32.25  
 1152 G	 40.64  
 1153 N	 40.25  
 1154 W	 12.17  
 1155 E	 45.51  
 1156 E	 50.94  
 1157 L	 2.46  
 1158 V	 4.30  
 1159 K	 53.52  
 1160 Y	 8.49  
 1161 L	 2.02  
 1162 Q	 22.02  
 1163 M	 3.44  
 1164 A	 13.74  
 1165 R	 35.35  
 1166 K	 41.04  
 1167 K	 47.31  
 1168 A	 24.41  
 1169 R	 42.12  
 1170 E	 51.81  
 1171 S	 29.00  
 1172 Y	 9.50  
 1173 V	 11.61  
 1174 E	 28.47  
 1175 T	 26.50  
 1176 E	 26.77  
 1177 L	 5.21  
 1178 I	 1.22  
 1179 F	 7.72  
 1180 A	 10.30  
 1181 L	 3.32  
 1182 A	 17.13  
 1183 K	 47.37  
 1184 T	 21.69  
 1185 N	 35.94  
 1186 R	 40.27  
 1187 L	 4.75  
 1188 A	 18.98  
 1189 E	 62.40  
 1190 L	 6.77  
 1191 E	 42.22  
 1192 E	 65.53  
 1193 F	 3.72  
 1194 I	 7.06  
 1195 N	 66.25  
 1196 G	 22.84  
 1197 P	 26.81  
 1198 N	 60.77  
 1199 N	 35.71  
 1200 A	 14.06  
 1201 H	 22.10  
 1202 I	 2.59  
 1203 Q	 23.26  
 1204 Q	 40.32  
 1205 V	 5.02  
 1206 G	 16.59  
 1207 D	 38.32  
 1208 R	 18.24  
 1209 C	 6.29  
 1210 Y	 28.20  
 1211 D	 53.30  
 1212 E	 17.16  
 1213 K	 39.60  
 1214 M	 3.26  
 1215 Y	 17.31  
 1216 D	 36.23  
 1217 A	 6.76  
 1218 A	 10.51  
 1219 K	 40.52  
 1220 L	 5.42  
 1221 L	 4.19  
 1222 Y	 18.35  
 1223 N	 42.25  
 1224 N	 25.66  
 1225 V	 4.39  
 1226 S	 28.68  
 1227 N	 38.83  
 1228 F	 4.73  
 1229 G	 28.13  
 1230 R	 23.96  
 1231 L	 4.52  
 1232 A	 10.10  
 1233 S	 27.19  
 1234 T	 27.48  
 1235 L	 1.80  
 1236 V	 3.38  
 1237 H	 31.09  
 1238 L	 4.32  
 1239 G	 19.38  
 1240 E	 40.61  
 1241 Y	 11.14  
 1242 Q	 20.67  
 1243 A	 14.46  
 1244 A	 5.61  
 1245 V	 8.60  
 1246 D	 40.06  
 1247 G	 22.23  
 1248 A	 12.82  
 1249 R	 44.12  
 1250 K	 51.92  
 1251 A	 15.06  
 1252 N	 47.12  
 1253 S	 24.91  
 1254 T	 31.74  
 1255 R	 38.11  
 1256 T	 40.76  
 1257 W	 7.48  
 1258 K	 39.39  
 1259 E	 35.76  
 1260 V	 2.63  
 1261 C	 1.55  
 1262 F	 7.73  
 1263 A	 6.31  
 1264 C	 1.12  
 1265 V	 11.03  
 1266 D	 63.43  
 1267 G	 15.82  
 1268 K	 49.57  
 1269 E	 41.34  
 1270 F	 9.88  
 1271 R	 30.15  
 1272 L	 4.75  
 1273 A	 7.27  
 1274 Q	 32.08  
 1275 M	 1.30  
 1276 C	 3.31  
 1277 G	 18.23  
 1278 L	 1.81  
 1279 H	 8.97  
 1280 I	 4.10  
 1281 V	 1.47  
 1282 V	 2.81  
 1283 H	 19.30  
 1284 A	 10.60  
 1285 D	 46.25  
 1286 E	 59.88  
 1287 L	 6.79  
 1288 E	 49.03  
 1289 E	 68.52  
 1290 L	 1.94  
 1291 I	 3.35  
 1292 N	 41.92  
 1293 Y	 8.77  
 1294 Y	 10.23  
 1295 Q	 24.46  
 1296 D	 29.83  
 1297 R	 26.62  
 1298 G	 39.51  
 1299 Y	 14.54  
 1300 F	 7.00  
 1301 E	 43.33  
 1302 E	 35.26  
 1303 L	 2.88  
 1304 I	 2.11  
 1305 T	 28.47  
 1306 M	 2.23  
 1307 L	 2.79  
 1308 E	 22.52  
 1309 A	 12.20  
 1310 A	 7.87  
 1311 L	 11.80  
 1312 G	 22.29  
 1313 L	 4.13  
 1314 E	 46.12  
 1315 R	 34.53  
 1316 A	 6.40  
 1317 H	 21.39  
 1318 M	 3.98  
 1319 G	 9.74  
 1320 M	 2.67  
 1321 F	 3.88  
 1322 T	 22.61  
 1323 E	 25.57  
 1324 L	 3.05  
 1325 A	 5.41  
 1326 I	 6.08  
 1327 L	 3.08  
 1328 Y	 12.05  
 1329 S	 28.33  
 1330 K	 43.80  
 1331 F	 13.19  
 1332 K	 50.72  
 1333 P	 42.00  
 1334 Q	 53.41  
 1335 K	 48.75  
 1336 M	 5.24  
 1337 R	 34.91  
 1338 E	 49.69  
 1339 H	 17.78  
 1340 L	 5.39  
 1341 E	 43.77  
 1342 L	 7.20  
 1343 F	 3.98  
 1344 W	 9.61  
 1345 S	 21.01  
 1346 R	 18.98  
 1347 V	 6.76  
 1348 N	 43.67  
 1349 I	 2.98  
 1350 P	 18.59  
 1351 K	 50.53  
 1352 V	 3.52  
 1353 L	 3.73  
 1354 R	 34.44  
 1355 A	 15.93  
 1356 A	 11.73  
 1357 E	 47.52  
 1358 Q	 29.38  
 1359 A	 7.40  
 1360 H	 22.92  
 1361 L	 5.34  
 1362 W	 4.28  
 1363 A	 13.45  
 1364 E	 33.61  
 1365 L	 2.26  
 1366 V	 2.03  
 1367 F	 9.05  
 1368 L	 4.16  
 1369 Y	 10.02  
 1370 D	 49.56  
 1371 K	 40.79  
 1372 Y	 15.87  
 1373 E	 56.68  
 1374 E	 55.91  
 1375 Y	 11.53  
 1376 D	 41.17  
 1377 N	 31.94  
 1378 A	 7.52  
 1379 I	 3.19  
 1380 I	 1.55  
 1381 T	 12.31  
 1382 M	 1.46  
 1383 M	 2.89  
 1384 N	 27.45  
 1385 H	 14.56  
 1386 P	 27.28  
 1387 T	 30.69  
 1388 D	 55.68  
 1389 A	 23.01  
 1390 W	 11.31  
 1391 K	 54.40  
 1392 E	 47.75  
 1393 G	 34.20  
 1394 Q	 43.22  
 1395 F	 12.96  
 1396 K	 39.88  
 1397 D	 38.52  
 1398 I	 4.43  
 1399 I	 4.35  
 1400 T	 21.57  
 1401 K	 29.01  
 1402 V	 3.33  
 1403 A	 18.86  
 1404 N	 30.68  
 1405 V	 3.75  
 1406 E	 30.75  
 1407 L	 5.02  
 1408 Y	 6.87  
 1409 Y	 13.43  
 1410 K	 26.00  
 1411 A	 5.67  
 1412 I	 2.26  
 1413 Q	 26.28  
 1414 F	 6.50  
 1415 Y	 6.74  
 1416 L	 7.05  
 1417 E	 40.00  
 1418 F	 10.23  
 1419 K	 25.94  
 1420 P	 33.30  
 1421 L	 9.78  
 1422 L	 5.95  
 1423 L	 6.54  
 1424 N	 37.54  
 1425 D	 40.94  
 1426 L	 3.02  
 1427 L	 2.19  
 1428 M	 3.56  
 1429 V	 4.89  
 1430 L	 3.48  
 1431 S	 9.14  
 1432 P	 36.37  
 1433 R	 49.74  
 1434 L	 6.85  
 1435 D	 42.25  
 1436 H	 23.11  
 1437 T	 21.71  
 1438 R	 32.87  
 1439 A	 8.61  
 1440 V	 5.56  
 1441 N	 31.02  
 1442 Y	 11.57  
 1443 F	 4.87  
 1444 S	 26.61  
 1445 K	 43.48  
 1446 V	 4.65  
 1447 K	 50.26  
 1448 Q	 51.83  
 1449 L	 2.68  
 1450 P	 32.39  
 1451 L	 11.99  
 1452 V	 5.76  
 1453 K	 35.31  
 1454 P	 26.38  
 1455 Y	 14.72  
 1456 L	 4.46  
 1457 R	 29.01  
 1458 S	 26.01  
 1459 V	 5.51  
 1460 Q	 46.87  
 1461 N	 37.38  
 1462 H	 23.34  
 1463 N	 66.24  
 1464 N	 30.35  
 1465 K	 62.18  
 1466 S	 32.09  
 1467 V	 11.14  
 1468 N	 39.98  
 1469 E	 55.22  
 1470 S	 31.06  
 1471 L	 3.93  
 1472 N	 53.06  
 1473 N	 41.44  
 1474 L	 2.98  
 1475 F	 7.64  
 1476 I	 5.51  
 1477 T	 26.45  
 1478 E	 44.02  
 1479 E	 54.06  
 1480 D	 34.31  
 1481 Y	 10.04  
 1482 Q	 46.36  
 1483 A	 7.87  
 1484 L	 3.47  
 1485 R	 29.46  
 1486 T	 30.77  
 1487 S	 16.43  
 1488 I	 3.29  
 1489 D	 38.55  
 1490 A	 16.35  
 1491 Y	 13.99  
 1492 D	 51.55  
 1493 N	 33.23  
 1494 F	 7.51  
 1495 D	 58.78  
 1496 N	 22.93  
 1497 I	 3.72  
 1498 S	 24.73  
 1499 L	 4.10  
 1500 A	 5.90  
 1501 Q	 56.64  
 1502 R	 38.93  
 1503 L	 7.36  
 1504 E	 55.33  
 1505 K	 47.15  
 1506 H	 26.22  
 1507 E	 63.61  
 1508 L	 4.55  
 1509 I	 4.24  
 1510 E	 45.80  
 1511 F	 5.15  
 1512 R	 19.12  
 1513 R	 28.37  
 1514 I	 1.93  
 1515 A	 6.56  
 1516 A	 10.13  
 1517 Y	 12.03  
 1518 L	 2.83  
 1519 F	 6.57  
 1520 K	 59.12  
 1521 G	 29.34  
 1522 N	 35.17  
 1523 N	 60.91  
 1524 R	 46.07  
 1525 W	 12.74  
 1526 K	 29.47  
 1527 Q	 45.83  
 1528 S	 17.52  
 1529 V	 6.36  
 1530 E	 54.41  
 1531 L	 4.93  
 1532 C	 3.05  
 1533 K	 72.71  
 1534 K	 52.10  
 1535 D	 29.39  
 1536 S	 42.34  
 1537 L	 9.87  
 1538 Y	 15.69  
 1539 K	 44.28  
 1540 D	 33.44  
 1541 A	 5.26  
 1542 M	 4.49  
 1543 Q	 32.15  
 1544 Y	 10.06  
 1545 A	 7.02  
 1546 S	 37.15  
 1547 E	 54.35  
 1548 S	 33.08  
 1549 K	 65.70  
 1550 D	 55.48  
 1551 T	 36.31  
 1552 E	 57.00  
 1553 L	 8.69  
 1554 A	 11.28  
 1555 E	 62.90  
 1556 E	 49.53  
 1557 L	 3.03  
 1558 L	 4.85  
 1559 Q	 41.31  
 1560 W	 8.90  
 1561 F	 3.05  
 1562 L	 5.97  
 1563 Q	 47.53  
 1564 E	 68.57  
 1565 E	 44.44  
 1566 K	 53.39  
 1567 R	 49.55  
 1568 E	 45.31  
 1569 C	 4.41  
 1570 F	 6.27  
 1571 G	 27.34  
 1572 A	 2.67  
 1573 C	 3.08  
 1574 L	 3.84  
 1575 F	 4.45  
 1576 T	 9.37  
 1577 C	 1.63  
 1578 Y	 13.43  
 1579 D	 41.18  
 1580 L	 1.44  
 1581 L	 7.35  
 1582 R	 32.44  
 1583 P	 38.42  
 1584 D	 36.40  
 1585 V	 6.16  
 1586 V	 5.36  
 1587 L	 4.93  
 1588 E	 25.52  
 1589 T	 27.62  
 1590 A	 7.60  
 1591 W	 14.97  
 1592 R	 15.54  
 1593 H	 19.91  
 1594 N	 23.78  
 1595 I	 1.98  
 1596 M	 4.15  
 1597 D	 25.10  
 1598 F	 3.29  
 1599 A	 8.19  
 1600 M	 2.53  
 1601 P	 19.90  
 1602 Y	 10.55  
 1603 F	 2.31  
 1604 I	 2.20  
 1605 Q	 21.25  
 1606 V	 5.17  
 1607 M	 1.24  
 1608 K	 44.33  
 1609 E	 27.90  
 1610 Y	 17.72  
 1611 L	 3.81  
 1612 T	 28.28  
 1613 K	 45.93  
 1614 V	 7.08  
 1615 D	 47.56  
 1616 K	 51.78  
 1617 L	 6.02  
 1618 D	 54.51  
 1619 A	 26.15  
 1620 S	 27.64  
 1621 E	 56.35  
 1622 S	 30.86  
 1623 L	 8.77  
 1624 R	 54.33  
 1625 K	 74.83  
 1626 E	 61.40  
 1627 E	 59.45  
 1628 E	 46.75  
 1629 Q	 57.79  
 1630 A	 15.64  
 1631 T	 38.98  
 1632 E	 48.76  
 1633 T	 34.98  
 1634 Q	 21.35  
 1635 P	 25.98  
 1636 I	 2.40  
 1637 V	 5.82  
 1638 Y	 15.68  
 1639 G	 23.07  
 1640 Q	 12.60  
 1641 P	 25.55  
 1642 Q	 31.45  
 1643 L	 3.75  
 1644 M	 2.35  
 1645 L	 3.95  
 1646 T	 18.66  
 1647 A	 24.76  
 1648 G	 15.13  
 1649 P	 24.14  
 1650 S	 23.07  
 1651 V	 7.58  
 1652 A	 16.67  
 1653 V	 7.14  
 1654 P	 12.92  
 1655 P	 36.04  
 1656 Q	 56.44  
 1657 A	 13.73  
 1658 P	 20.25  
 1659 F	 15.32  
 1660 G	 17.56  
 1661 Y	 13.82  
 1662 G	 17.44  
 1663 Y	 7.40  
 1664 T	 28.46  
 1665 A	 8.45  
 1666 P	 18.17  
 1667 P	 43.34  
 1668 Y	 27.60  
 1669 G	 38.17  
 1670 Q	 27.84  
 1671 P	 37.66  
 1672 Q	 42.75  
 1673 P	 46.92  
 1674 G	 24.30  
 1675 F	 12.05  
 1676 G	 21.37  
 1677 Y	 10.17  
 1678 S	 20.56  
 1679 M	 4.85  
