 1 M	 11.32  
 2 N	 61.28  
 3 G	 19.31  
 4 F	 7.49  
 5 S	 35.99  
 6 T	 40.93  
 7 E	 59.62  
 8 E	 62.47  
 9 D	 46.92  
 10 S	 35.20  
 11 R	 66.27  
 12 E	 78.85  
 13 G	 32.17  
 14 P	 15.59  
 15 P	 52.49  
 16 A	 29.25  
 17 A	 10.47  
 18 P	 25.25  
 19 A	 12.66  
 20 A	 11.78  
 21 A	 19.12  
 22 A	 8.04  
 23 P	 31.63  
 24 G	 34.18  
 25 Y	 15.78  
 26 G	 20.88  
 27 Q	 25.47  
 28 S	 11.48  
 29 C	 1.36  
 30 C	 5.33  
 31 L	 5.87  
 32 I	 2.57  
 33 E	 47.19  
 34 D	 58.20  
 35 G	 16.09  
 36 E	 56.05  
 37 R	 29.75  
 38 C	 2.37  
 39 V	 11.70  
 40 R	 20.98  
 41 P	 24.91  
 42 A	 17.20  
 43 G	 32.68  
 44 N	 34.22  
 45 A	 15.84  
 46 S	 33.77  
 47 F	 10.43  
 48 S	 19.63  
 49 K	 55.36  
 50 R	 34.60  
 51 V	 10.91  
 52 Q	 37.50  
 53 K	 47.07  
 54 S	 15.47  
 55 I	 6.96  
 56 S	 42.93  
 57 Q	 45.28  
 58 K	 53.97  
 59 K	 43.12  
 60 L	 9.55  
 61 K	 53.65  
 62 L	 11.48  
 63 D	 45.51  
 64 I	 11.86  
 65 D	 36.52  
 66 K	 51.70  
 67 S	 22.19  
 68 V	 5.72  
 69 R	 22.60  
 70 H	 22.34  
 71 L	 1.85  
 72 Y	 8.06  
 73 I	 1.98  
 74 C	 2.63  
 75 D	 38.84  
 76 F	 8.40  
 77 H	 15.76  
 78 K	 54.25  
 79 N	 30.59  
 80 F	 6.83  
 81 I	 4.11  
 82 Q	 31.56  
 83 S	 20.44  
 84 V	 4.47  
 85 R	 48.47  
 86 N	 46.45  
 87 K	 49.05  
 88 R	 47.78  
 89 K	 60.91  
 90 R	 52.06  
 91 K	 56.25  
 92 T	 41.23  
 93 S	 36.42  
 94 D	 64.90  
 95 D	 63.84  
 96 G	 46.96  
 97 G	 38.94  
 98 D	 67.55  
 99 S	 35.15  
 100 P	 47.91  
 101 E	 59.35  
 102 H	 46.80  
 103 D	 44.40  
 104 T	 37.42  
 105 D	 61.58  
 106 I	 3.21  
 107 P	 38.07  
 108 E	 49.34  
 109 V	 6.95  
 110 D	 39.85  
 111 L	 3.39  
 112 F	 6.20  
 113 Q	 37.98  
 114 L	 4.87  
 115 Q	 18.68  
 116 V	 8.87  
 117 N	 22.04  
 118 T	 23.84  
 119 L	 2.18  
 120 R	 37.53  
 121 R	 44.42  
 122 Y	 13.12  
 123 K	 30.78  
 124 R	 29.45  
 125 H	 21.67  
 126 Y	 19.89  
 127 K	 28.17  
 128 L	 5.04  
 129 Q	 31.17  
 130 T	 49.63  
 131 R	 19.18  
 132 P	 55.93  
 133 G	 35.15  
 134 F	 10.58  
 135 N	 44.67  
 136 K	 34.94  
 137 A	 15.66  
 138 Q	 42.70  
 139 L	 5.78  
 140 A	 9.80  
 141 E	 59.33  
 142 T	 20.41  
 143 V	 3.40  
 144 S	 27.70  
 145 R	 28.73  
 146 H	 20.64  
 147 F	 6.59  
 148 R	 33.76  
 149 N	 41.81  
 150 I	 3.34  
 151 P	 26.82  
 152 V	 14.83  
 153 N	 49.63  
 154 E	 53.13  
 155 K	 51.28  
 156 E	 42.76  
 157 T	 27.96  
 158 L	 3.69  
 159 A	 12.47  
 160 Y	 8.14  
 161 F	 2.41  
 162 I	 1.09  
 163 Y	 5.97  
 164 M	 2.33  
 165 V	 3.27  
 166 K	 31.61  
 167 S	 37.77  
 168 N	 40.37  
 169 K	 44.00  
 170 S	 42.18  
 171 R	 43.84  
 172 L	 12.04  
 173 D	 53.39  
 174 Q	 56.62  
 175 K	 50.57  
 176 S	 35.52  
 177 E	 78.12  
 178 G	 56.54  
 179 G	 15.52  
 180 K	 63.67  
 181 Q	 54.84  
 182 L	 10.85  
 183 E	 56.96  
