 1 M	 8.48  
 2 A	 18.24  
 3 H	 34.51  
 4 N	 34.12  
 5 K	 46.88  
 6 I	 7.43  
 7 P	 17.64  
 8 P	 43.48  
 9 R	 45.20  
 10 W	 9.56  
 11 L	 5.09  
 12 N	 27.13  
 13 C	 2.31  
 14 P	 28.12  
 15 R	 58.52  
 16 R	 32.99  
 17 G	 37.11  
 18 Q	 27.73  
 19 P	 22.28  
 20 V	 7.29  
 21 A	 15.32  
 22 G	 22.55  
 23 R	 21.86  
 24 F	 8.90  
 25 L	 4.71  
 26 P	 29.15  
 27 L	 8.63  
 28 K	 29.92  
 29 T	 25.88  
 30 M	 3.78  
 31 L	 11.77  
 32 G	 8.20  
 33 P	 27.91  
 34 R	 46.20  
 35 Y	 24.07  
 36 D	 33.60  
 37 S	 20.02  
 38 Q	 35.23  
 39 V	 9.30  
 40 A	 15.68  
 41 E	 57.88  
 42 E	 43.92  
 43 N	 43.34  
 44 R	 34.23  
 45 F	 17.50  
 46 H	 15.41  
 47 P	 20.79  
 48 S	 24.64  
 49 M	 5.84  
 50 L	 3.35  
 51 S	 18.13  
 52 N	 42.04  
 53 Y	 16.48  
 54 L	 3.39  
 55 K	 43.30  
 56 S	 30.72  
 57 L	 7.65  
 58 K	 47.07  
 59 V	 6.65  
 60 K	 26.18  
 61 M	 5.25  
 62 G	 15.33  
 63 L	 3.64  
 64 L	 2.03  
 65 V	 7.34  
 66 D	 47.98  
 67 L	 2.87  
 68 T	 31.80  
 69 N	 43.27  
 70 T	 18.95  
 71 S	 23.59  
 72 R	 31.91  
 73 F	 8.13  
 74 Y	 16.94  
 75 D	 39.95  
 76 R	 31.20  
 77 N	 52.28  
 78 D	 51.85  
 79 I	 10.46  
 80 E	 48.17  
 81 K	 62.67  
 82 E	 54.05  
 83 G	 32.53  
 84 I	 3.00  
 85 K	 52.35  
 86 Y	 11.02  
 87 I	 2.81  
 88 K	 29.43  
 89 L	 5.39  
 90 Q	 23.13  
 91 C	 9.15  
 92 K	 40.77  
 93 G	 41.48  
 94 H	 17.86  
 95 G	 47.04  
 96 E	 31.48  
 97 C	 4.25  
 98 P	 37.74  
 99 T	 59.40  
 100 T	 16.63  
 101 E	 65.71  
 102 N	 40.91  
 103 T	 30.12  
 104 E	 53.99  
 105 T	 23.48  
 106 F	 2.20  
 107 I	 4.25  
 108 R	 29.15  
 109 L	 2.80  
 110 C	 2.24  
 111 E	 65.97  
 112 R	 38.40  
 113 F	 5.34  
 114 N	 54.24  
 115 E	 51.64  
 116 R	 63.16  
 117 N	 50.75  
 118 P	 29.93  
 119 P	 53.20  
 120 E	 55.03  
 121 L	 5.21  
 122 I	 5.30  
 123 G	 18.75  
 124 V	 2.38  
 125 H	 12.92  
 126 C	 2.53  
 127 T	 15.34  
 128 H	 44.21  
 129 G	 11.90  
 130 F	 4.31  
 131 N	 45.24  
 132 R	 33.68  
 133 T	 33.13  
 134 G	 16.48  
 135 F	 4.03  
 136 L	 3.13  
 137 I	 1.17  
 138 C	 2.08  
 139 A	 8.20  
 140 F	 7.33  
 141 L	 2.30  
 142 V	 5.55  
 143 E	 44.82  
 144 K	 34.38  
 145 M	 3.95  
 146 D	 47.22  
 147 W	 9.56  
 148 S	 13.29  
 149 I	 3.49  
 150 E	 25.67  
 151 A	 12.93  
 152 A	 4.43  
 153 V	 7.12  
 154 A	 7.71  
 155 T	 16.95  
 156 F	 3.23  
 157 A	 9.58  
 158 Q	 33.44  
 159 A	 23.63  
 160 R	 26.35  
 161 P	 34.19  
 162 P	 35.94  
 163 G	 38.24  
 164 I	 3.86  
 165 Y	 18.16  
 166 K	 43.30  
 167 G	 16.30  
 168 D	 41.25  
 169 Y	 28.48  
 170 L	 4.06  
 171 K	 46.25  
 172 E	 51.01  
 173 L	 3.75  
 174 F	 4.36  
 175 R	 43.46  
 176 R	 32.24  
 177 Y	 18.20  
 178 G	 27.84  
 179 D	 35.87  
 180 I	 4.47  
 181 E	 53.50  
 182 E	 67.80  
 183 A	 14.76  
 184 P	 45.25  
 185 P	 50.63  
 186 P	 30.98  
 187 P	 52.91  
 188 L	 15.54  
 189 L	 4.45  
 190 P	 40.51  
 191 D	 55.54  
 192 W	 6.17  
 193 C	 3.31  
 194 F	 11.41  
 195 E	 62.51  
 196 D	 44.33  
 197 D	 59.03  
 198 E	 75.51  
 199 D	 75.53  
 200 E	 62.34  
 201 D	 79.54  
 202 E	 62.34  
 203 D	 72.16  
 204 E	 67.62  
 205 D	 83.18  
 206 G	 40.67  
 207 K	 66.73  
 208 K	 72.50  
 209 E	 64.91  
 210 S	 58.95  
 211 E	 55.56  
 212 P	 58.19  
 213 G	 30.13  
 214 S	 33.18  
 215 S	 33.57  
 216 A	 15.58  
 217 S	 36.16  
 218 F	 15.54  
 219 G	 21.77  
 220 K	 47.20  
 221 R	 56.11  
 222 R	 48.99  
 223 K	 51.74  
 224 E	 62.53  
 225 R	 39.91  
 226 L	 5.87  
 227 K	 51.61  
 228 L	 7.11  
 229 G	 18.29  
 230 A	 10.37  
 231 I	 3.72  
 232 F	 5.14  
 233 L	 4.59  
 234 E	 40.65  
 235 G	 23.65  
 236 V	 3.98  
 237 T	 27.62  
 238 V	 4.76  
 239 K	 37.99  
 240 G	 24.30  
 241 V	 2.54  
 242 T	 26.45  
 243 Q	 28.31  
 244 V	 4.58  
 245 T	 15.19  
 246 T	 43.98  
 247 Q	 24.62  
 248 P	 31.57  
 249 K	 60.34  
 250 L	 10.08  
 251 G	 38.87  
 252 E	 47.81  
 253 V	 7.48  
 254 Q	 32.48  
 255 Q	 56.36  
 256 K	 19.32  
 257 C	 2.37  
 258 H	 30.68  
 259 Q	 44.81  
 260 F	 1.53  
 261 C	 5.08  
 262 G	 27.10  
 263 W	 14.14  
 264 E	 28.85  
 265 G	 26.93  
 266 S	 26.25  
 267 G	 43.56  
 268 F	 5.59  
 269 P	 40.51  
 270 G	 34.28  
 271 A	 15.67  
 272 Q	 44.86  
 273 P	 21.44  
 274 V	 5.01  
 275 S	 28.13  
 276 M	 8.32  
 277 D	 41.71  
 278 K	 36.28  
 279 Q	 53.25  
 280 N	 38.82  
 281 I	 2.85  
 282 K	 51.01  
 283 L	 3.89  
 284 L	 6.52  
 285 D	 64.18  
 286 L	 6.41  
 287 K	 46.07  
 288 P	 41.28  
 289 Y	 23.57  
 290 K	 38.02  
 291 V	 7.33  
 292 S	 20.78  
 293 W	 11.66  
 294 K	 29.15  
 295 A	 17.76  
 296 D	 56.10  
 297 G	 19.56  
 298 T	 21.12  
 299 R	 23.91  
 300 Y	 6.16  
 301 M	 1.26  
 302 M	 1.89  
 303 L	 1.52  
 304 I	 2.20  
 305 D	 54.63  
 306 G	 24.36  
 307 T	 25.18  
 308 N	 49.30  
 309 E	 36.65  
 310 V	 4.24  
 311 F	 2.64  
 312 M	 3.63  
 313 I	 2.39  
 314 D	 39.84  
 315 R	 33.80  
 316 D	 48.27  
 317 N	 40.75  
 318 S	 30.37  
 319 V	 4.89  
 320 F	 4.77  
 321 H	 21.68  
 322 V	 2.49  
 323 S	 27.42  
 324 N	 42.36  
 325 L	 5.82  
 326 E	 56.37  
 327 F	 8.58  
 328 P	 20.82  
 329 F	 21.54  
 330 R	 31.64  
 331 K	 62.59  
 332 D	 34.94  
 333 L	 6.17  
 334 R	 22.17  
 335 M	 4.92  
 336 H	 21.48  
 337 L	 2.85  
 338 S	 17.06  
 339 N	 40.90  
 340 T	 25.89  
 341 L	 4.86  
 342 L	 8.17  
 343 D	 54.86  
 344 G	 26.75  
 345 E	 27.20  
 346 M	 3.88  
 347 I	 2.29  
 348 I	 2.39  
 349 D	 37.23  
 350 R	 17.25  
 351 V	 9.29  
 352 N	 37.44  
 353 G	 17.61  
 354 Q	 33.70  
 355 A	 18.06  
 356 V	 1.82  
 357 P	 23.39  
 358 R	 32.08  
 359 Y	 7.44  
 360 L	 2.86  
 361 I	 1.84  
 362 Y	 9.86  
 363 D	 29.19  
 364 I	 1.75  
 365 I	 3.68  
 366 K	 38.54  
 367 F	 8.18  
 368 N	 34.43  
 369 S	 38.71  
 370 Q	 37.49  
 371 P	 31.70  
 372 V	 8.61  
 373 G	 36.19  
 374 D	 29.10  
 375 C	 5.46  
 376 D	 42.78  
 377 F	 13.16  
 378 N	 12.54  
 379 V	 6.97  
 380 R	 21.83  
 381 L	 4.19  
 382 Q	 18.64  
 383 C	 4.06  
 384 I	 3.45  
 385 E	 52.46  
 386 R	 22.09  
 387 E	 31.70  
 388 I	 4.78  
 389 I	 3.88  
 390 S	 22.88  
 391 P	 31.10  
 392 R	 43.75  
 393 H	 42.27  
 394 E	 57.01  
 395 K	 39.30  
 396 M	 4.23  
 397 K	 50.97  
 398 T	 33.45  
 399 G	 18.34  
 400 L	 5.76  
 401 I	 5.59  
 402 D	 53.65  
 403 K	 45.15  
 404 T	 34.12  
 405 Q	 63.20  
 406 E	 54.25  
 407 P	 19.59  
 408 F	 11.81  
 409 S	 30.77  
 410 V	 8.82  
 411 R	 44.23  
 412 N	 54.95  
 413 K	 32.41  
 414 P	 38.39  
 415 F	 10.30  
 416 F	 9.32  
 417 D	 35.12  
 418 I	 2.03  
 419 C	 2.81  
 420 T	 31.72  
 421 S	 24.01  
 422 R	 18.58  
 423 K	 58.13  
 424 L	 5.24  
 425 L	 9.93  
 426 E	 63.63  
 427 G	 34.23  
 428 N	 25.07  
 429 F	 17.65  
 430 A	 15.88  
 431 K	 55.28  
 432 E	 45.91  
 433 V	 7.54  
 434 S	 18.15  
 435 H	 39.31  
 436 E	 31.31  
 437 M	 4.08  
 438 D	 45.84  
 439 G	 21.25  
 440 L	 2.86  
 441 I	 3.54  
 442 F	 9.52  
 443 Q	 27.87  
 444 P	 32.16  
 445 T	 35.21  
 446 G	 37.67  
 447 K	 53.21  
 448 Y	 24.62  
 449 K	 44.47  
 450 P	 32.16  
 451 G	 38.40  
 452 R	 29.26  
 453 C	 7.36  
 454 D	 44.62  
 455 D	 52.31  
 456 I	 2.45  
 457 L	 7.52  
 458 K	 54.21  
 459 W	 18.23  
 460 K	 45.52  
 461 P	 23.69  
 462 P	 47.96  
 463 S	 49.03  
 464 L	 7.36  
 465 N	 44.30  
 466 S	 28.49  
 467 V	 8.63  
 468 D	 23.83  
 469 F	 10.38  
 470 R	 30.52  
 471 L	 4.80  
 472 K	 37.46  
 473 I	 3.32  
 474 T	 17.02  
 475 R	 25.81  
 476 M	 6.39  
 477 G	 27.92  
 478 G	 19.22  
 479 E	 40.72  
 480 G	 35.47  
 481 L	 5.69  
 482 L	 6.36  
 483 P	 28.83  
 484 Q	 58.15  
 485 N	 28.08  
 486 V	 4.87  
 487 G	 19.95  
 488 L	 2.44  
 489 L	 2.40  
 490 Y	 11.33  
 491 V	 4.90  
 492 G	 21.29  
 493 G	 15.87  
 494 Y	 11.66  
 495 E	 58.09  
 496 R	 24.13  
 497 P	 19.58  
 498 F	 11.07  
 499 A	 16.93  
 500 Q	 36.09  
 501 I	 3.30  
 502 K	 31.60  
 503 V	 11.19  
 504 T	 17.50  
 505 K	 65.13  
 506 E	 52.40  
 507 L	 4.46  
 508 K	 48.15  
 509 Q	 64.53  
 510 Y	 21.64  
 511 D	 47.67  
 512 N	 32.27  
 513 K	 42.01  
 514 I	 3.93  
 515 I	 5.62  
 516 E	 34.82  
 517 C	 4.27  
 518 K	 42.81  
 519 F	 21.49  
 520 E	 40.78  
 521 N	 51.47  
 522 N	 30.01  
 523 S	 35.88  
 524 W	 6.89  
 525 V	 2.44  
 526 F	 2.44  
 527 M	 2.30  
 528 R	 16.03  
 529 Q	 40.62  
 530 R	 34.23  
 531 T	 39.17  
 532 D	 46.95  
 533 K	 54.07  
 534 S	 49.06  
 535 F	 7.15  
 536 P	 31.47  
 537 N	 53.71  
 538 A	 10.13  
 539 Y	 21.49  
 540 N	 20.96  
 541 T	 12.72  
 542 A	 4.74  
 543 M	 2.43  
 544 A	 10.55  
 545 V	 1.72  
 546 C	 2.10  
 547 N	 35.46  
 548 S	 23.44  
 549 I	 2.61  
 550 S	 34.60  
 551 N	 33.13  
 552 P	 28.50  
 553 V	 16.27  
 554 T	 23.65  
 555 K	 41.16  
 556 E	 31.58  
 557 M	 5.75  
 558 L	 3.79  
 559 F	 7.51  
 560 E	 37.42  
 561 F	 5.73  
 562 I	 2.28  
 563 D	 44.94  
 564 R	 18.18  
 565 C	 2.42  
 566 T	 26.59  
 567 A	 14.56  
 568 A	 5.57  
 569 S	 32.17  
 570 Q	 54.32  
 571 G	 32.26  
 572 Q	 34.44  
 573 K	 70.95  
 574 R	 35.34  
 575 K	 42.27  
 576 H	 30.67  
 577 H	 34.66  
 578 L	 11.62  
 579 D	 34.37  
 580 P	 57.70  
 581 D	 53.10  
 582 T	 36.08  
 583 E	 50.91  
 584 L	 7.29  
 585 M	 3.69  
 586 P	 51.36  
 587 P	 39.81  
 588 P	 52.54  
 589 P	 53.47  
 590 P	 51.57  
 591 K	 79.43  
 592 R	 37.93  
 593 P	 48.65  
 594 R	 42.78  
 595 P	 42.93  
 596 L	 10.55  
 597 T	 38.97  
