 1 M	 12.92  
 2 G	 31.68  
 3 P	 23.11  
 4 L	 5.32  
 5 S	 17.93  
 6 A	 17.52  
 7 R	 25.61  
 8 L	 4.70  
 9 L	 1.98  
 10 M	 2.78  
 11 Q	 44.65  
 12 R	 29.17  
 13 G	 33.09  
 14 R	 37.35  
 15 P	 43.24  
 16 K	 64.72  
 17 S	 30.55  
 18 D	 56.82  
 19 R	 53.05  
 20 L	 11.13  
 21 G	 25.00  
 22 K	 39.27  
 23 I	 3.25  
 24 R	 34.35  
 25 S	 29.70  
 26 L	 5.73  
 27 D	 39.78  
 28 L	 5.47  
 29 S	 40.78  
 30 G	 30.39  
 31 L	 3.63  
 32 E	 51.71  
 33 L	 8.40  
 34 L	 4.05  
 35 S	 35.28  
 36 E	 48.73  
 37 H	 31.96  
 38 L	 12.08  
 39 D	 39.95  
 40 P	 35.24  
 41 K	 54.48  
 42 L	 7.12  
 43 L	 1.67  
 44 C	 4.92  
 45 R	 40.51  
 46 L	 3.32  
 47 T	 14.10  
 48 Q	 45.82  
 49 L	 3.44  
 50 Q	 39.11  
 51 E	 53.49  
 52 L	 5.32  
 53 D	 47.50  
 54 L	 10.37  
 55 S	 34.94  
 56 N	 47.43  
 57 N	 37.43  
 58 H	 29.32  
 59 L	 6.13  
 60 E	 40.52  
 61 T	 50.37  
 62 L	 3.51  
 63 P	 35.54  
 64 D	 67.13  
 65 N	 33.78  
 66 L	 10.74  
 67 G	 31.24  
 68 L	 3.08  
 69 S	 20.76  
 70 H	 23.77  
 71 L	 3.49  
 72 R	 21.72  
 73 V	 5.07  
 74 L	 2.77  
 75 R	 18.04  
 76 C	 4.09  
 77 A	 16.15  
 78 N	 40.17  
 79 N	 21.67  
 80 Q	 46.78  
 81 L	 7.41  
 82 G	 19.99  
 83 D	 43.09  
 84 V	 2.98  
 85 T	 20.74  
 86 A	 13.24  
 87 L	 1.40  
 88 C	 3.48  
 89 Q	 59.53  
 90 F	 5.86  
 91 P	 17.91  
 92 K	 70.58  
 93 L	 6.69  
 94 E	 64.12  
 95 E	 54.84  
 96 L	 5.31  
 97 S	 27.88  
 98 L	 17.85  
 99 E	 54.25  
 100 G	 53.02  
 101 N	 18.12  
 102 P	 36.16  
 103 F	 11.79  
 104 L	 5.72  
 105 T	 20.03  
 106 V	 10.35  
 107 N	 27.50  
 108 D	 58.46  
 109 N	 36.24  
 110 L	 6.90  
 111 K	 41.93  
 112 V	 5.72  
 113 S	 14.48  
 114 F	 10.20  
 115 L	 4.33  
 116 L	 2.61  
 117 P	 31.37  
 118 T	 38.88  
 119 L	 4.75  
 120 R	 43.27  
 121 K	 43.07  
 122 V	 10.37  
 123 N	 55.63  
 124 G	 32.01  
 125 K	 44.94  
 126 D	 53.75  
 127 A	 14.63  
 128 S	 33.09  
 129 S	 32.84  
 130 T	 25.38  
 131 Y	 10.07  
 132 S	 28.04  
 133 Q	 35.81  
 134 V	 4.30  
 135 E	 48.65  
 136 N	 43.70  
 137 L	 3.96  
 138 N	 47.14  
 139 R	 43.39  
 140 E	 56.16  
 141 L	 4.81  
 142 T	 15.10  
 143 S	 37.06  
 144 R	 25.27  
 145 V	 5.78  
 146 T	 16.22  
 147 A	 11.70  
 148 H	 24.70  
 149 W	 14.17  
 150 E	 26.92  
 151 K	 34.94  
 152 F	 2.46  
 153 M	 4.05  
 154 A	 11.64  
 155 T	 22.06  
 156 L	 8.60  
 157 G	 24.18  
 158 P	 49.27  
 159 E	 67.67  
 160 E	 66.69  
 161 E	 61.54  
 162 A	 27.20  
 163 E	 52.80  
 164 K	 53.50  
 165 A	 10.99  
 166 Q	 53.16  
 167 A	 19.64  
 168 D	 36.47  
 169 F	 9.27  
 170 V	 5.01  
 171 K	 32.46  
 172 S	 27.05  
 173 A	 8.47  
 174 V	 7.48  
 175 R	 36.10  
 176 D	 23.73  
 177 V	 3.39  
 178 R	 34.67  
 179 Y	 36.56  
 180 G	 14.66  
 181 P	 21.04  
 182 E	 61.01  
 183 S	 40.09  
 184 L	 5.61  
 185 S	 39.69  
 186 E	 58.99  
 187 F	 5.74  
 188 T	 24.14  
 189 Q	 31.16  
 190 W	 9.55  
 191 R	 9.06  
 192 V	 4.43  
 193 R	 14.24  
 194 M	 3.46  
 195 I	 3.08  
 196 S	 18.71  
 197 E	 44.41  
 198 E	 41.58  
 199 L	 2.52  
 200 V	 4.77  
 201 A	 16.61  
 202 A	 7.65  
 203 S	 26.56  
 204 R	 25.17  
 205 T	 30.51  
 206 Q	 34.24  
 207 V	 6.61  
 208 Q	 29.35  
 209 K	 51.16  
 210 A	 12.49  
 211 N	 66.20  
 212 S	 39.02  
 213 P	 54.13  
 214 E	 77.38  
 215 K	 70.07  
 216 P	 30.24  
 217 P	 55.95  
 218 E	 69.16  
 219 A	 20.78  
 220 G	 22.95  
 221 A	 17.28  
 222 A	 15.43  
 223 H	 39.87  
 224 K	 31.32  
 225 P	 25.87  
 226 R	 36.82  
 227 A	 21.26  
 228 R	 26.58  
 229 L	 2.97  
 230 A	 12.75  
 231 A	 20.43  
 232 L	 3.93  
 233 K	 58.10  
 234 R	 40.50  
 235 P	 40.33  
 236 D	 73.84  
 237 D	 46.76  
 238 V	 7.19  
 239 P	 24.19  
 240 L	 8.93  
 241 S	 22.26  
 242 L	 13.22  
 243 S	 24.61  
 244 P	 49.52  
 245 S	 31.25  
 246 K	 47.61  
 247 R	 38.96  
 248 A	 9.28  
 249 C	 4.47  
 250 A	 24.40  
 251 S	 21.19  
 252 P	 18.37  
 253 S	 28.92  
 254 A	 22.33  
 255 Q	 37.83  
 256 V	 10.08  
 257 E	 41.70  
 258 G	 38.09  
 259 S	 11.60  
 260 P	 30.73  
 261 V	 11.45  
 262 A	 18.37  
 263 G	 26.89  
 264 S	 29.12  
 265 D	 60.90  
 266 G	 29.85  
 267 S	 37.67  
 268 Q	 35.19  
 269 P	 40.49  
 270 A	 11.93  
 271 V	 10.40  
 272 K	 49.60  
 273 L	 7.05  
 274 E	 39.85  
 275 P	 41.39  
 276 L	 3.05  
 277 H	 31.89  
 278 F	 7.12  
 279 L	 3.55  
 280 Q	 23.18  
 281 C	 4.21  
 282 H	 28.93  
 283 S	 44.71  
 284 K	 36.16  
 285 N	 58.17  
 286 N	 59.82  
 287 S	 33.07  
 288 P	 33.55  
 289 Q	 68.68  
 290 D	 50.27  
 291 L	 6.90  
 292 E	 42.68  
 293 T	 35.94  
 294 Q	 26.15  
 295 L	 4.01  
 296 W	 4.58  
 297 A	 5.37  
 298 C	 2.77  
 299 A	 12.23  
 300 F	 13.38  
 301 E	 18.65  
 302 P	 35.90  
 303 A	 21.08  
 304 W	 18.19  
 305 E	 48.97  
 306 E	 43.35  
 307 G	 23.73  
 308 A	 13.83  
 309 T	 32.02  
 310 S	 24.26  
 311 Q	 35.32  
 312 T	 16.33  
 313 V	 3.00  
 314 A	 10.68  
 315 T	 13.83  
 316 C	 4.80  
 317 G	 32.40  
 318 G	 23.10  
 319 E	 24.18  
 320 A	 11.86  
 321 V	 2.03  
 322 C	 2.60  
 323 V	 3.12  
 324 I	 3.57  
 325 D	 9.70  
 326 C	 2.40  
 327 Q	 38.73  
 328 T	 34.90  
 329 G	 5.11  
 330 I	 3.19  
 331 V	 4.91  
 332 L	 2.45  
 333 H	 22.09  
 334 K	 44.26  
 335 Y	 11.13  
 336 K	 53.56  
 337 A	 17.78  
 338 P	 46.72  
 339 G	 52.50  
 340 E	 51.04  
 341 E	 58.89  
 342 F	 4.87  
 343 F	 6.94  
 344 S	 19.08  
 345 V	 4.32  
 346 A	 9.19  
 347 W	 4.69  
 348 T	 10.52  
 349 A	 5.29  
 350 L	 1.78  
 351 M	 1.80  
 352 V	 4.36  
 353 V	 1.73  
 354 T	 10.99  
 355 Q	 33.46  
 356 A	 16.82  
 357 G	 24.27  
 358 H	 35.16  
 359 K	 43.02  
 360 K	 54.12  
 361 R	 35.39  
 362 W	 11.15  
 363 S	 15.99  
 364 V	 3.15  
 365 L	 1.93  
 366 A	 7.97  
 367 A	 9.63  
 368 A	 16.37  
 369 G	 15.92  
 370 L	 3.17  
 371 R	 35.17  
 372 G	 33.30  
 373 L	 1.31  
 374 V	 4.51  
 375 R	 36.25  
 376 L	 2.78  
 377 L	 2.16  
 378 H	 16.17  
 379 V	 4.53  
 380 R	 20.46  
 381 A	 17.83  
 382 G	 12.93  
 383 F	 2.80  
 384 C	 1.61  
 385 C	 4.56  
 386 G	 21.04  
 387 V	 1.34  
 388 I	 1.63  
 389 R	 28.38  
 390 A	 14.02  
 391 H	 23.46  
 392 K	 42.80  
 393 K	 34.85  
 394 A	 11.06  
 395 I	 4.06  
 396 A	 10.20  
 397 T	 20.25  
 398 L	 1.73  
 399 C	 2.49  
 400 F	 12.63  
 401 S	 21.85  
 402 P	 19.86  
 403 A	 16.38  
 404 H	 43.82  
 405 E	 39.77  
 406 T	 17.63  
 407 H	 18.89  
 408 L	 5.50  
 409 F	 4.10  
 410 T	 22.51  
 411 A	 9.96  
 412 S	 30.70  
 413 Y	 24.03  
 414 D	 31.12  
 415 K	 36.95  
 416 R	 20.48  
 417 I	 3.60  
 418 I	 3.55  
 419 L	 2.90  
 420 W	 5.69  
 421 D	 25.07  
 422 I	 3.97  
 423 G	 26.76  
 424 V	 4.04  
 425 P	 27.79  
 426 N	 44.97  
 427 Q	 48.90  
 428 D	 52.12  
 429 Y	 14.63  
 430 E	 39.30  
 431 F	 6.31  
 432 Q	 28.32  
 433 A	 12.45  
 434 S	 15.58  
 435 Q	 43.43  
 436 L	 3.50  
 437 L	 3.28  
 438 T	 31.05  
 439 L	 5.78  
 440 D	 42.58  
 441 T	 26.09  
 442 T	 25.07  
 443 S	 25.05  
 444 I	 3.32  
 445 P	 15.93  
 446 L	 6.60  
 447 R	 28.96  
 448 L	 5.22  
 449 C	 1.74  
 450 P	 29.33  
 451 V	 6.29  
 452 A	 7.20  
 453 S	 26.81  
 454 C	 2.26  
 455 P	 35.48  
 456 D	 48.96  
 457 A	 6.80  
 458 R	 37.30  
 459 L	 4.05  
 460 L	 2.99  
 461 A	 25.78  
 462 G	 15.24  
 463 C	 3.50  
 464 E	 58.67  
 465 G	 38.22  
 466 G	 4.49  
 467 C	 2.25  
 468 C	 2.73  
 469 C	 3.96  
 470 W	 8.01  
 471 D	 11.18  
 472 V	 2.57  
 473 R	 30.03  
 474 L	 7.83  
 475 D	 47.77  
 476 Q	 47.09  
 477 P	 41.13  
 478 Q	 46.37  
 479 K	 49.18  
 480 R	 30.89  
 481 R	 44.46  
 482 V	 3.66  
 483 C	 4.62  
 484 E	 42.07  
 485 V	 6.14  
 486 E	 17.50  
 487 F	 8.98  
 488 V	 3.06  
 489 F	 7.17  
 490 S	 35.43  
 491 E	 56.10  
 492 G	 29.59  
 493 S	 26.41  
 494 E	 58.68  
 495 A	 20.98  
 496 S	 28.87  
 497 G	 28.58  
 498 R	 32.71  
 499 R	 34.11  
 500 V	 7.06  
 501 D	 44.57  
 502 G	 18.95  
 503 L	 2.64  
 504 A	 16.33  
 505 F	 7.93  
 506 V	 6.79  
 507 N	 34.47  
 508 E	 43.76  
 509 D	 35.14  
 510 I	 1.97  
 511 V	 8.33  
 512 A	 13.08  
 513 S	 27.01  
 514 K	 47.56  
 515 G	 25.17  
 516 S	 34.28  
 517 G	 36.47  
 518 L	 6.15  
 519 G	 19.29  
 520 T	 17.35  
 521 I	 1.40  
 522 C	 2.98  
 523 L	 3.43  
 524 W	 7.46  
 525 S	 10.22  
 526 W	 5.70  
 527 R	 20.66  
 528 Q	 35.03  
 529 T	 19.94  
 530 W	 10.02  
 531 G	 21.22  
 532 G	 23.49  
 533 R	 37.34  
 534 G	 33.06  
 535 S	 21.43  
 536 Q	 46.04  
 537 S	 26.92  
 538 T	 12.59  
 539 V	 4.63  
 540 A	 6.62  
 541 V	 2.38  
 542 V	 1.79  
 543 V	 2.51  
 544 L	 1.23  
 545 A	 9.87  
 546 R	 24.21  
 547 L	 5.21  
 548 Q	 32.24  
 549 W	 9.99  
 550 S	 17.89  
 551 S	 23.96  
 552 T	 29.51  
 553 E	 33.09  
 554 L	 4.79  
 555 A	 9.33  
 556 Y	 13.31  
 557 F	 5.01  
 558 S	 14.56  
 559 L	 2.42  
 560 S	 26.99  
 561 A	 17.72  
 562 C	 3.93  
 563 P	 46.17  
 564 D	 62.79  
 565 K	 35.36  
 566 G	 23.71  
 567 I	 2.35  
 568 V	 5.02  
 569 L	 2.27  
 570 C	 4.46  
 571 G	 41.00  
 572 D	 50.18  
 573 E	 53.76  
 574 E	 61.89  
 575 G	 31.76  
 576 N	 25.68  
 577 V	 5.68  
 578 W	 8.00  
 579 L	 1.97  
 580 Y	 9.89  
 581 D	 34.89  
 582 V	 2.74  
 583 S	 18.43  
 584 N	 43.38  
 585 I	 3.86  
 586 L	 5.02  
 587 K	 57.89  
 588 Q	 41.20  
 589 P	 21.66  
 590 P	 43.99  
 591 L	 13.08  
 592 L	 3.15  
 593 P	 24.14  
 594 A	 22.30  
 595 A	 9.77  
 596 L	 4.91  
 597 Q	 40.34  
 598 A	 15.23  
 599 P	 16.33  
 600 T	 31.12  
 601 Q	 37.65  
 602 I	 4.74  
 603 L	 3.23  
 604 K	 59.46  
 605 W	 8.04  
 606 P	 28.86  
 607 Q	 45.08  
 608 P	 17.77  
 609 W	 10.00  
 610 A	 14.43  
 611 L	 4.33  
 612 G	 15.53  
 613 Q	 27.62  
 614 V	 5.83  
 615 V	 3.32  
 616 T	 23.18  
 617 K	 24.02  
 618 T	 19.58  
 619 M	 2.03  
 620 V	 7.04  
 621 N	 19.14  
 622 T	 12.63  
 623 V	 3.02  
 624 V	 2.98  
 625 A	 11.09  
 626 N	 25.22  
 627 A	 9.04  
 628 S	 20.23  
 629 F	 4.90  
 630 T	 18.35  
 631 Y	 10.47  
 632 L	 1.73  
 633 T	 14.81  
 634 A	 13.08  
 635 L	 4.63  
 636 T	 34.61  
 637 D	 40.30  
 638 S	 24.18  
 639 N	 35.25  
 640 I	 2.28  
 641 V	 3.55  
 642 A	 6.50  
 643 I	 2.51  
 644 W	 4.42  
 645 G	 15.06  
 646 R	 16.79  
 647 M	 5.92  
