 1 M	 7.81  
 2 D	 56.23  
 3 A	 18.52  
 4 G	 20.26  
 5 F	 3.96  
 6 F	 7.43  
 7 R	 45.26  
 8 G	 20.90  
 9 T	 22.10  
 10 S	 32.41  
 11 A	 20.50  
 12 E	 59.23  
 13 Q	 53.66  
 14 D	 39.51  
 15 N	 46.74  
 16 R	 44.66  
 17 F	 13.64  
 18 S	 39.62  
 19 N	 48.33  
 20 K	 63.40  
 21 Q	 52.98  
 22 K	 47.18  
 23 K	 57.46  
 24 L	 10.47  
 25 L	 4.57  
 26 K	 65.11  
 27 Q	 50.26  
 28 L	 4.75  
 29 K	 39.78  
 30 F	 10.60  
 31 A	 12.66  
 32 E	 42.65  
 33 C	 5.51  
 34 L	 8.99  
 35 E	 63.59  
 36 K	 45.19  
 37 K	 33.81  
 38 V	 12.67  
 39 D	 44.51  
 40 M	 4.71  
 41 S	 29.05  
 42 K	 28.62  
 43 V	 8.51  
 44 N	 33.93  
 45 L	 6.61  
 46 E	 36.67  
 47 V	 8.42  
 48 I	 3.03  
 49 K	 39.20  
 50 P	 19.31  
 51 W	 13.09  
 52 I	 4.40  
 53 T	 14.66  
 54 K	 35.42  
 55 R	 31.75  
 56 V	 6.33  
 57 T	 22.72  
 58 E	 33.10  
 59 I	 3.13  
 60 L	 5.38  
 61 G	 29.56  
 62 F	 9.25  
 63 E	 52.05  
 64 D	 52.31  
 65 D	 29.41  
 66 V	 7.85  
 67 V	 4.46  
 68 I	 3.43  
 69 E	 22.53  
 70 F	 5.48  
 71 I	 1.74  
 72 F	 6.06  
 73 N	 40.48  
 74 Q	 28.40  
 75 L	 9.54  
 76 E	 41.50  
 77 V	 11.18  
 78 K	 54.08  
 79 N	 51.27  
 80 P	 41.35  
 81 D	 70.99  
 82 S	 24.57  
 83 K	 45.85  
 84 M	 2.50  
 85 M	 4.09  
 86 Q	 20.23  
 87 I	 2.19  
 88 N	 18.04  
 89 L	 5.46  
 90 T	 22.77  
 91 G	 28.36  
 92 F	 3.95  
 93 L	 9.75  
 94 N	 58.07  
 95 G	 27.09  
 96 K	 46.49  
 97 N	 45.70  
 98 A	 18.83  
 99 R	 47.26  
 100 E	 37.26  
 101 F	 6.76  
 102 M	 3.32  
 103 G	 31.97  
 104 E	 35.55  
 105 L	 4.77  
 106 W	 4.17  
 107 P	 26.25  
 108 L	 5.20  
 109 L	 2.89  
 110 L	 5.41  
 111 S	 28.07  
 112 A	 22.22  
 113 Q	 40.67  
 114 E	 50.77  
 115 N	 19.82  
 116 I	 3.50  
 117 A	 22.80  
 118 G	 28.66  
 119 I	 1.48  
 120 P	 20.77  
 121 S	 29.72  
 122 A	 14.00  
 123 F	 6.81  
 124 L	 8.24  
 125 E	 52.68  
 126 L	 11.90  
 127 K	 49.08  
 128 K	 73.53  
 129 E	 64.47  
 130 E	 65.45  
 131 I	 4.90  
 132 K	 42.58  
 133 Q	 48.44  
 134 R	 34.15  
 135 Q	 40.87  
 136 I	 6.85  
 137 E	 44.33  
 138 Q	 55.54  
 139 E	 36.93  
 140 K	 49.39  
 141 L	 4.14  
 142 A	 20.74  
 143 S	 41.38  
 144 M	 5.38  
 145 K	 44.80  
 146 K	 55.10  
 147 Q	 54.53  
 148 D	 74.97  
 149 E	 65.55  
 150 D	 73.14  
 151 K	 64.20  
 152 D	 64.64  
 153 K	 69.14  
 154 R	 71.07  
 155 D	 69.34  
 156 K	 72.33  
 157 E	 77.81  
 158 E	 68.79  
 159 K	 65.08  
 160 E	 58.17  
 161 S	 45.85  
 162 S	 45.62  
 163 R	 63.84  
 164 E	 59.41  
 165 K	 59.45  
 166 R	 39.55  
 167 E	 67.10  
 168 R	 41.21  
 169 S	 32.15  
 170 R	 57.83  
 171 S	 24.81  
 172 P	 32.46  
 173 R	 52.89  
 174 R	 54.48  
 175 R	 42.45  
 176 K	 48.70  
 177 S	 35.86  
 178 R	 56.47  
 179 S	 36.50  
 180 P	 47.44  
 181 S	 32.08  
 182 P	 36.86  
 183 R	 51.48  
 184 R	 46.33  
 185 R	 42.65  
 186 S	 36.86  
 187 S	 26.13  
 188 P	 25.53  
 189 V	 11.01  
 190 R	 37.82  
 191 R	 48.59  
 192 E	 52.57  
 193 R	 37.56  
 194 K	 54.20  
 195 R	 45.91  
 196 S	 28.93  
 197 H	 31.12  
 198 S	 35.38  
 199 R	 45.30  
 200 S	 29.33  
 201 P	 34.68  
 202 R	 32.92  
 203 H	 45.18  
 204 R	 45.16  
 205 T	 27.52  
 206 K	 43.77  
 207 S	 37.06  
 208 R	 54.89  
 209 S	 36.50  
 210 P	 43.13  
 211 S	 34.63  
 212 P	 56.04  
 213 A	 29.26  
 214 P	 58.27  
 215 E	 78.02  
 216 K	 66.24  
 217 K	 63.88  
 218 E	 73.55  
 219 K	 77.56  
 220 T	 24.08  
 221 P	 52.79  
 222 E	 80.38  
 223 L	 6.48  
 224 P	 50.19  
 225 E	 63.93  
 226 P	 42.35  
 227 S	 32.67  
 228 V	 13.96  
 229 K	 52.51  
 230 V	 8.77  
 231 K	 59.18  
 232 E	 45.88  
 233 P	 33.80  
 234 S	 37.21  
 235 V	 9.73  
 236 Q	 38.66  
 237 E	 52.32  
 238 A	 6.97  
 239 T	 31.61  
 240 S	 32.72  
 241 T	 26.51  
 242 S	 23.56  
 243 D	 50.78  
 244 I	 3.93  
 245 L	 5.70  
 246 K	 57.75  
 247 V	 7.07  
 248 P	 44.92  
 249 K	 66.07  
 250 P	 46.67  
 251 E	 63.09  
 252 P	 56.83  
 253 I	 6.02  
 254 P	 63.65  
 255 E	 70.49  
 256 P	 40.74  
 257 K	 79.27  
 258 E	 62.82  
 259 P	 62.40  
 260 S	 46.94  
 261 P	 68.26  
 262 E	 70.02  
 263 K	 70.66  
 264 N	 58.35  
 265 S	 57.06  
 266 K	 74.48  
 267 K	 74.06  
 268 E	 70.90  
 269 K	 80.91  
 270 E	 68.49  
 271 K	 75.48  
 272 E	 61.83  
 273 K	 61.98  
 274 T	 47.17  
 275 R	 35.38  
 276 P	 43.78  
 277 R	 41.22  
 278 S	 36.97  
 279 R	 37.05  
 280 S	 42.00  
 281 R	 47.17  
 282 S	 35.91  
 283 K	 49.10  
 284 S	 36.41  
 285 R	 33.62  
 286 S	 45.13  
 287 R	 32.80  
 288 T	 33.95  
 289 R	 29.03  
 290 S	 36.18  
 291 R	 49.66  
 292 S	 31.81  
 293 P	 29.08  
 294 S	 38.44  
 295 H	 29.31  
 296 T	 46.86  
 297 R	 19.80  
 298 P	 34.97  
 299 R	 45.00  
 300 R	 41.25  
 301 R	 30.74  
 302 H	 30.20  
 303 R	 31.77  
 304 S	 28.60  
 305 R	 33.85  
 306 S	 31.24  
 307 R	 37.20  
 308 R	 56.99  
 309 R	 34.63  
 310 P	 47.04  
 311 S	 29.27  
 312 P	 36.16  
 313 R	 52.13  
 314 R	 59.24  
 315 R	 37.01  
 316 P	 47.04  
 317 S	 29.27  
 318 P	 36.16  
 319 R	 45.08  
 320 R	 50.65  
 321 R	 53.52  
 322 T	 35.51  
 323 P	 20.70  
 324 P	 35.58  
 325 R	 49.05  
 326 R	 47.97  
 327 M	 6.53  
 328 P	 36.11  
 329 P	 42.03  
 330 P	 32.46  
 331 P	 50.95  
 332 R	 41.54  
 333 H	 34.97  
 334 R	 39.28  
 335 R	 30.23  
 336 S	 36.75  
 337 R	 43.07  
 338 S	 29.06  
 339 P	 23.64  
 340 V	 8.62  
 341 R	 29.76  
 342 R	 36.37  
 343 R	 28.00  
 344 R	 40.81  
 345 R	 32.90  
 346 S	 28.57  
 347 S	 21.77  
 348 A	 18.75  
 349 S	 25.64  
 350 L	 7.22  
 351 S	 33.85  
 352 G	 36.52  
 353 S	 24.54  
 354 S	 37.45  
 355 S	 35.62  
 356 S	 35.87  
 357 S	 35.87  
 358 S	 33.99  
 359 S	 31.55  
 360 S	 35.90  
 361 R	 37.73  
 362 S	 38.77  
 363 R	 52.66  
 364 S	 46.96  
 365 P	 43.55  
 366 P	 59.56  
 367 K	 79.77  
 368 K	 72.78  
 369 P	 45.85  
 370 P	 47.87  
 371 K	 76.47  
 372 R	 45.68  
 373 T	 39.42  
 374 S	 44.90  
 375 S	 38.01  
 376 P	 32.27  
 377 P	 52.96  
 378 R	 57.26  
 379 K	 52.75  
 380 T	 23.46  
 381 R	 40.35  
 382 R	 44.76  
 383 L	 8.77  
 384 S	 18.26  
 385 P	 38.21  
 386 S	 37.69  
 387 A	 29.46  
 388 S	 39.51  
 389 P	 26.57  
 390 P	 39.66  
 391 R	 52.21  
 392 R	 44.52  
 393 R	 31.29  
 394 H	 44.16  
 395 R	 31.42  
 396 P	 45.09  
 397 S	 43.39  
 398 P	 25.81  
 399 P	 53.77  
 400 A	 35.80  
 401 T	 41.94  
 402 P	 45.35  
 403 P	 38.37  
 404 P	 52.43  
 405 K	 65.06  
 406 T	 39.11  
 407 R	 34.12  
 408 H	 43.28  
 409 S	 27.46  
 410 P	 41.81  
 411 T	 36.42  
 412 P	 33.33  
 413 Q	 62.91  
 414 Q	 43.83  
 415 S	 24.03  
 416 N	 45.03  
 417 R	 40.95  
 418 T	 46.85  
 419 R	 31.54  
 420 K	 41.84  
 421 S	 34.32  
 422 R	 27.97  
 423 V	 9.52  
 424 S	 18.77  
 425 V	 7.97  
 426 S	 17.71  
 427 P	 33.84  
 428 G	 37.68  
 429 R	 29.15  
 430 T	 47.98  
 431 S	 34.94  
 432 G	 28.04  
 433 K	 46.64  
 434 V	 11.13  
 435 T	 30.80  
 436 K	 46.43  
 437 H	 25.14  
 438 K	 69.91  
 439 G	 38.53  
 440 T	 43.04  
 441 E	 59.80  
 442 K	 62.39  
 443 R	 43.31  
 444 E	 77.42  
 445 S	 34.41  
 446 P	 39.31  
 447 S	 42.86  
 448 P	 56.84  
 449 A	 29.14  
 450 P	 51.04  
 451 K	 60.61  
 452 P	 40.02  
 453 R	 62.87  
 454 K	 48.89  
 455 V	 10.64  
 456 E	 50.00  
 457 L	 8.46  
 458 S	 26.10  
 459 E	 74.84  
 460 S	 42.80  
 461 E	 67.19  
 462 E	 74.44  
 463 D	 51.34  
 464 K	 73.22  
 465 G	 53.96  
 466 G	 23.47  
 467 K	 33.75  
 468 M	 3.29  
 469 A	 11.72  
 470 A	 14.33  
 471 A	 10.48  
 472 D	 44.61  
 473 S	 19.66  
 474 V	 6.06  
 475 Q	 34.71  
 476 Q	 40.13  
 477 R	 15.58  
 478 R	 33.28  
 479 Q	 37.97  
 480 Y	 13.12  
 481 R	 25.93  
 482 R	 34.56  
 483 Q	 42.98  
 484 N	 39.79  
 485 Q	 35.87  
 486 Q	 53.48  
 487 S	 23.26  
 488 S	 33.55  
 489 S	 40.83  
 490 D	 59.99  
 491 S	 42.39  
 492 G	 36.22  
 493 S	 30.88  
 494 S	 37.45  
 495 S	 39.31  
 496 S	 39.43  
 497 S	 51.52  
 498 E	 66.88  
 499 D	 60.18  
 500 E	 67.82  
 501 R	 55.12  
 502 P	 34.07  
 503 K	 73.15  
 504 R	 34.38  
 505 S	 38.46  
 506 H	 38.31  
 507 V	 5.63  
 508 K	 54.53  
 509 N	 51.25  
 510 G	 25.83  
 511 E	 51.71  
 512 V	 8.40  
 513 G	 17.05  
 514 R	 33.82  
 515 R	 33.77  
 516 R	 39.02  
 517 R	 32.59  
 518 H	 42.10  
 519 S	 23.82  
 520 P	 27.86  
 521 S	 41.71  
 522 R	 39.36  
 523 S	 37.12  
 524 A	 25.09  
 525 S	 27.45  
 526 P	 48.33  
 527 S	 34.54  
 528 P	 49.55  
 529 R	 51.64  
 530 K	 63.67  
 531 R	 54.83  
 532 Q	 51.47  
 533 K	 67.97  
 534 E	 46.29  
 535 T	 51.58  
 536 S	 16.17  
 537 P	 43.09  
 538 R	 27.94  
 539 M	 3.50  
 540 Q	 38.46  
 541 M	 5.09  
 542 G	 10.25  
 543 K	 45.16  
 544 R	 30.82  
 545 W	 13.39  
 546 Q	 41.72  
 547 S	 17.87  
 548 P	 23.77  
 549 V	 14.77  
 550 T	 23.91  
 551 K	 51.66  
 552 S	 28.32  
 553 G	 28.77  
 554 R	 35.70  
 555 R	 41.72  
 556 R	 41.91  
 557 R	 51.62  
 558 S	 28.11  
 559 P	 49.39  
 560 S	 51.81  
 561 P	 42.12  
 562 P	 47.43  
 563 P	 41.75  
 564 T	 42.45  
 565 R	 35.56  
 566 R	 40.62  
 567 R	 39.89  
 568 R	 51.62  
 569 S	 28.11  
 570 P	 42.39  
 571 S	 34.63  
 572 P	 52.77  
 573 A	 33.30  
 574 P	 42.69  
 575 P	 36.82  
 576 P	 41.15  
 577 R	 50.98  
 578 R	 37.90  
 579 R	 48.37  
 580 R	 43.15  
 581 T	 29.69  
 582 P	 40.89  
 583 T	 48.06  
 584 P	 37.79  
 585 P	 37.19  
 586 P	 43.55  
 587 R	 46.62  
 588 R	 53.23  
 589 R	 52.87  
 590 T	 26.72  
 591 P	 42.92  
 592 S	 49.80  
 593 P	 44.08  
 594 P	 39.09  
 595 P	 45.88  
 596 R	 53.04  
 597 R	 49.56  
 598 R	 54.95  
 599 S	 28.11  
 600 P	 46.68  
 601 S	 32.08  
 602 P	 28.31  
 603 R	 55.28  
 604 R	 39.40  
 605 Y	 27.15  
 606 S	 23.53  
 607 P	 22.53  
 608 P	 29.42  
 609 I	 5.89  
 610 Q	 29.58  
 611 R	 39.98  
 612 R	 21.65  
 613 Y	 27.42  
 614 S	 19.65  
 615 P	 41.75  
 616 S	 44.06  
 617 P	 53.23  
 618 P	 51.92  
 619 P	 46.28  
 620 K	 61.35  
 621 R	 47.13  
 622 R	 40.55  
 623 T	 35.20  
 624 A	 20.44  
 625 S	 37.01  
 626 P	 42.84  
 627 P	 52.08  
 628 P	 62.30  
 629 P	 53.47  
 630 P	 48.86  
 631 K	 61.36  
 632 R	 45.21  
 633 R	 45.61  
 634 A	 29.81  
 635 S	 24.89  
 636 P	 50.28  
 637 S	 47.76  
 638 P	 53.23  
 639 P	 51.92  
 640 P	 46.28  
 641 K	 59.62  
 642 R	 50.43  
 643 R	 40.18  
 644 V	 7.58  
 645 S	 19.21  
 646 H	 41.28  
 647 S	 31.43  
 648 P	 43.73  
 649 P	 52.30  
 650 P	 49.12  
 651 K	 65.21  
 652 Q	 57.15  
 653 R	 45.27  
 654 S	 36.18  
 655 S	 26.11  
 656 P	 38.76  
 657 V	 12.15  
 658 T	 23.40  
 659 K	 46.15  
 660 R	 34.64  
 661 R	 55.25  
 662 S	 23.91  
 663 P	 37.16  
 664 S	 41.97  
 665 L	 8.33  
 666 S	 41.50  
 667 S	 37.46  
 668 K	 44.01  
 669 H	 38.34  
 670 R	 49.09  
 671 K	 63.96  
 672 G	 33.06  
 673 S	 41.95  
 674 S	 35.25  
 675 P	 35.14  
 676 S	 40.59  
 677 R	 45.49  
 678 S	 35.83  
 679 T	 31.27  
 680 R	 36.50  
 681 E	 48.82  
 682 A	 17.60  
 683 R	 44.08  
 684 S	 34.63  
 685 P	 48.36  
 686 Q	 56.28  
 687 P	 52.25  
 688 N	 49.06  
 689 K	 59.16  
 690 R	 42.00  
 691 H	 45.75  
 692 S	 30.98  
 693 P	 42.08  
 694 S	 36.23  
 695 P	 54.39  
 696 R	 37.36  
 697 P	 39.92  
 698 R	 61.24  
 699 A	 11.84  
 700 P	 38.98  
 701 Q	 53.69  
 702 T	 29.53  
 703 S	 24.46  
 704 S	 50.69  
 705 S	 40.99  
 706 P	 38.88  
 707 P	 41.80  
 708 P	 35.31  
 709 V	 8.87  
 710 R	 36.77  
 711 R	 45.31  
 712 G	 21.17  
 713 A	 12.39  
 714 S	 33.89  
 715 S	 45.57  
 716 S	 23.66  
 717 P	 33.38  
 718 Q	 55.95  
 719 R	 41.83  
 720 R	 35.76  
 721 Q	 62.98  
 722 S	 26.07  
 723 P	 41.75  
 724 S	 36.41  
 725 P	 43.00  
 726 S	 41.19  
 727 T	 43.80  
 728 R	 29.05  
 729 P	 25.24  
 730 I	 3.86  
 731 R	 35.31  
 732 R	 31.33  
 733 V	 3.05  
 734 S	 28.73  
 735 R	 51.98  
 736 T	 25.21  
 737 P	 55.58  
 738 E	 69.96  
 739 P	 44.43  
 740 K	 66.52  
 741 K	 71.16  
 742 I	 7.45  
 743 K	 45.28  
 744 K	 53.29  
 745 A	 14.26  
 746 A	 30.74  
 747 S	 30.67  
 748 P	 45.35  
 749 S	 32.83  
 750 P	 33.57  
 751 Q	 59.92  
 752 S	 22.45  
 753 V	 3.69  
 754 R	 38.23  
 755 R	 30.43  
 756 V	 4.57  
 757 S	 22.30  
 758 S	 27.24  
 759 S	 22.52  
 760 R	 42.92  
 761 S	 23.68  
 762 V	 7.94  
 763 S	 34.50  
 764 G	 45.10  
 765 S	 20.70  
 766 P	 55.93  
 767 E	 49.63  
 768 P	 40.68  
 769 A	 30.19  
 770 A	 30.99  
 771 K	 68.84  
 772 K	 52.05  
 773 P	 29.58  
 774 P	 67.30  
 775 A	 36.84  
 776 P	 35.36  
 777 P	 54.06  
 778 S	 36.32  
 779 P	 33.66  
 780 V	 11.39  
 781 Q	 38.85  
 782 S	 32.62  
 783 Q	 42.12  
 784 S	 26.51  
 785 P	 37.22  
 786 S	 39.35  
 787 T	 44.05  
 788 N	 41.38  
 789 W	 13.04  
 790 S	 12.68  
 791 P	 28.97  
 792 A	 16.84  
 793 V	 6.77  
 794 P	 34.03  
 795 V	 8.80  
 796 K	 40.73  
 797 K	 62.37  
 798 A	 16.31  
 799 K	 66.89  
 800 S	 38.58  
 801 P	 47.85  
 802 T	 43.41  
 803 P	 47.85  
 804 S	 40.25  
 805 P	 52.65  
 806 S	 52.45  
 807 P	 34.94  
 808 P	 53.04  
 809 R	 59.68  
 810 N	 56.57  
 811 S	 41.78  
 812 D	 54.84  
 813 Q	 51.56  
 814 E	 65.87  
 815 G	 44.51  
 816 G	 43.95  
 817 G	 49.84  
 818 K	 65.77  
 819 K	 73.44  
 820 K	 73.62  
 821 K	 77.90  
 822 K	 74.14  
 823 K	 75.08  
 824 K	 81.37  
 825 D	 74.29  
 826 K	 66.70  
 827 K	 71.44  
 828 H	 48.41  
 829 K	 72.11  
 830 K	 74.60  
 831 D	 70.78  
 832 K	 66.70  
 833 K	 71.44  
 834 H	 50.57  
 835 K	 66.51  
 836 K	 61.45  
 837 H	 49.56  
 838 K	 66.51  
 839 K	 61.45  
 840 H	 51.75  
 841 K	 72.07  
 842 K	 65.25  
 843 E	 51.56  
 844 K	 57.97  
 845 A	 9.40  
 846 V	 5.73  
 847 A	 9.02  
 848 A	 7.34  
 849 A	 6.46  
 850 A	 7.91  
 851 A	 7.39  
 852 A	 9.57  
 853 A	 10.86  
 854 V	 5.89  
 855 T	 11.50  
 856 P	 17.07  
 857 A	 11.35  
 858 A	 7.99  
 859 I	 2.66  
 860 A	 6.06  
 861 A	 10.14  
 862 A	 9.10  
 863 T	 18.65  
 864 T	 18.32  
 865 T	 18.75  
 866 L	 4.32  
 867 A	 16.79  
 868 Q	 59.71  
 869 E	 59.67  
 870 E	 32.75  
 871 P	 21.94  
 872 V	 8.85  
 873 A	 28.19  
 874 A	 14.82  
 875 P	 49.00  
 876 E	 66.09  
 877 P	 52.54  
 878 K	 62.67  
 879 K	 79.27  
 880 E	 65.03  
 881 T	 54.41  
 882 E	 47.90  
 883 S	 49.91  
 884 E	 50.25  
 885 A	 38.43  
 886 E	 43.30  
 887 D	 68.95  
 888 N	 36.55  
 889 L	 9.31  
 890 D	 65.78  
 891 D	 60.95  
 892 L	 10.62  
 893 E	 45.48  
 894 K	 56.06  
 895 H	 22.27  
 896 L	 12.85  
 897 R	 42.99  
 898 E	 49.38  
 899 K	 46.41  
 900 A	 11.94  
 901 L	 6.53  
 902 R	 33.01  
 903 S	 24.64  
 904 M	 4.05  
 905 R	 32.19  
 906 K	 34.23  
 907 A	 12.49  
 908 Q	 38.98  
 909 V	 12.31  
 910 S	 12.73  
 911 P	 39.31  
 912 Q	 55.02  
 913 S	 45.64  
