 1 M	 6.57  
 2 S	 38.82  
 3 E	 43.62  
 4 Y	 6.16  
 5 I	 2.22  
 6 R	 28.53  
 7 V	 5.08  
 8 T	 28.06  
 9 E	 61.54  
 10 D	 51.11  
 11 E	 61.42  
 12 N	 71.86  
 13 D	 62.09  
 14 E	 60.81  
 15 P	 32.16  
 16 I	 7.63  
 17 E	 60.61  
 18 I	 4.75  
 19 P	 20.90  
 20 S	 60.36  
 21 E	 55.56  
 22 D	 65.07  
 23 D	 51.08  
 24 G	 30.00  
 25 T	 18.25  
 26 V	 6.56  
 27 L	 2.92  
 28 L	 3.33  
 29 S	 19.37  
 30 T	 23.11  
 31 V	 3.62  
 32 T	 18.15  
 33 A	 12.51  
 34 Q	 35.38  
 35 F	 5.82  
 36 P	 19.86  
 37 G	 34.48  
 38 A	 5.62  
 39 C	 6.99  
 40 G	 16.80  
 41 L	 4.35  
 42 R	 17.41  
 43 Y	 21.56  
 44 R	 34.24  
 45 N	 32.18  
 46 P	 20.38  
 47 V	 7.63  
 48 S	 20.94  
 49 Q	 25.84  
 50 C	 1.24  
 51 M	 3.03  
 52 R	 48.35  
 53 G	 5.08  
 54 V	 2.78  
 55 R	 35.52  
 56 L	 3.70  
 57 V	 4.42  
 58 E	 45.14  
 59 G	 21.93  
 60 I	 1.29  
 61 L	 4.07  
 62 H	 33.04  
 63 A	 10.54  
 64 P	 22.64  
 65 D	 59.50  
 66 A	 17.99  
 67 G	 39.96  
 68 W	 8.33  
 69 G	 19.37  
 70 N	 21.59  
 71 L	 2.31  
 72 V	 3.85  
 73 Y	 11.22  
 74 V	 1.43  
 75 V	 2.88  
 76 N	 37.03  
 77 Y	 10.47  
 78 P	 32.11  
 79 K	 64.67  
 80 D	 62.47  
 81 N	 52.75  
 82 K	 64.63  
 83 R	 45.87  
 84 K	 52.92  
 85 M	 6.99  
 86 D	 59.69  
 87 E	 45.12  
 88 T	 32.38  
 89 D	 42.26  
 90 A	 16.89  
 91 S	 22.95  
 92 S	 38.51  
 93 A	 11.58  
 94 V	 8.71  
 95 K	 41.58  
 96 V	 4.00  
 97 K	 28.99  
 98 R	 42.87  
 99 A	 11.45  
 100 V	 7.52  
 101 Q	 42.18  
 102 K	 43.32  
 103 T	 15.47  
 104 S	 37.14  
 105 D	 45.72  
 106 L	 2.67  
 107 I	 2.63  
 108 V	 4.51  
 109 L	 4.65  
 110 G	 20.85  
 111 L	 3.90  
 112 P	 28.81  
 113 W	 18.70  
 114 K	 43.56  
 115 T	 31.53  
 116 T	 28.11  
 117 E	 47.53  
 118 Q	 60.28  
 119 D	 54.17  
 120 L	 4.54  
 121 K	 59.67  
 122 E	 60.14  
 123 Y	 10.97  
 124 F	 6.10  
 125 S	 23.17  
 126 T	 26.26  
 127 F	 8.33  
 128 G	 24.96  
 129 E	 28.43  
 130 V	 4.23  
 131 L	 2.12  
 132 M	 2.09  
 133 V	 5.31  
 134 Q	 27.61  
 135 V	 5.91  
 136 K	 24.39  
 137 K	 70.23  
 138 D	 47.91  
 139 L	 8.00  
 140 K	 63.70  
 141 T	 47.64  
 142 G	 22.83  
 143 H	 31.41  
 144 S	 35.50  
 145 K	 53.21  
 146 G	 30.81  
 147 F	 8.68  
 148 G	 28.89  
 149 F	 3.13  
 150 V	 5.14  
 151 R	 30.43  
 152 F	 5.24  
 153 T	 27.39  
 154 E	 38.36  
 155 Y	 22.63  
 156 E	 26.91  
 157 T	 37.45  
 158 Q	 22.54  
 159 V	 7.05  
 160 K	 23.54  
 161 V	 4.72  
 162 M	 2.04  
 163 S	 27.35  
 164 Q	 22.62  
 165 R	 17.65  
 166 H	 15.20  
 167 M	 3.04  
 168 I	 4.08  
 169 D	 32.79  
 170 G	 17.67  
 171 R	 27.40  
 172 W	 6.45  
 173 C	 4.19  
 174 D	 26.15  
 175 C	 4.40  
 176 K	 54.45  
 177 L	 6.45  
 178 P	 28.66  
 179 N	 72.74  
 180 S	 30.08  
 181 K	 61.68  
 182 Q	 46.26  
 183 S	 43.25  
 184 Q	 57.50  
 185 D	 65.80  
 186 E	 38.30  
 187 P	 41.17  
 188 L	 7.95  
 189 R	 45.17  
 190 S	 44.10  
 191 R	 32.49  
 192 K	 41.07  
 193 V	 4.58  
 194 F	 5.60  
 195 V	 5.46  
 196 G	 13.89  
 197 R	 20.91  
 198 C	 3.93  
 199 T	 33.39  
 200 E	 49.78  
 201 D	 31.02  
 202 M	 3.44  
 203 T	 53.24  
 204 E	 42.73  
 205 D	 51.57  
 206 E	 43.42  
 207 L	 11.13  
 208 R	 36.31  
 209 E	 64.76  
 210 F	 6.04  
 211 F	 3.69  
 212 S	 28.01  
 213 Q	 40.86  
 214 Y	 17.69  
 215 G	 17.25  
 216 D	 27.86  
 217 V	 2.83  
 218 M	 4.29  
 219 D	 31.83  
 220 V	 2.24  
 221 F	 7.44  
 222 I	 4.27  
 223 P	 27.14  
 224 K	 52.55  
 225 P	 20.71  
 226 F	 12.58  
 227 R	 37.00  
 228 A	 10.66  
 229 F	 4.77  
 230 A	 9.30  
 231 F	 4.26  
 232 V	 3.74  
 233 T	 13.47  
 234 F	 6.20  
 235 A	 15.31  
 236 D	 44.12  
 237 D	 38.05  
 238 Q	 33.20  
 239 I	 4.91  
 240 A	 6.30  
 241 Q	 38.27  
 242 S	 19.33  
 243 L	 2.64  
 244 C	 7.31  
 245 G	 36.42  
 246 E	 48.96  
 247 D	 28.57  
 248 L	 3.67  
 249 I	 4.77  
 250 I	 4.32  
 251 K	 43.10  
 252 G	 13.64  
 253 I	 3.10  
 254 S	 19.13  
 255 V	 4.37  
 256 H	 15.80  
 257 I	 2.96  
 258 S	 18.34  
 259 N	 47.95  
 260 A	 27.90  
 261 E	 60.16  
 262 P	 40.57  
 263 K	 47.09  
 264 H	 54.38  
 265 N	 47.29  
 266 S	 32.86  
 267 N	 40.82  
 268 R	 42.13  
 269 Q	 52.50  
 270 L	 5.50  
 271 E	 36.14  
 272 R	 53.67  
 273 S	 25.58  
 274 G	 34.85  
 275 R	 28.43  
 276 F	 19.62  
 277 G	 33.34  
 278 G	 34.15  
 279 N	 32.21  
 280 P	 47.78  
 281 G	 48.32  
 282 G	 28.66  
 283 F	 11.71  
 284 G	 28.91  
 285 N	 34.75  
 286 Q	 54.49  
 287 G	 37.08  
 288 G	 19.95  
 289 F	 12.23  
 290 G	 34.18  
 291 N	 26.69  
 292 S	 32.45  
 293 R	 52.34  
 294 G	 38.41  
 295 G	 22.97  
 296 G	 21.21  
 297 A	 17.20  
 298 G	 37.07  
 299 L	 7.04  
 300 G	 30.08  
 301 N	 42.57  
 302 N	 45.88  
 303 Q	 61.77  
 304 G	 24.10  
 305 S	 17.55  
 306 N	 39.69  
 307 M	 5.89  
 308 G	 33.48  
 309 G	 22.77  
 310 G	 11.35  
 311 M	 4.20  
 312 N	 35.16  
 313 F	 5.76  
 314 G	 22.25  
 315 A	 7.29  
 316 F	 8.46  
 317 S	 22.41  
 318 I	 6.06  
 319 N	 19.65  
 320 P	 21.62  
 321 A	 8.90  
 322 M	 1.66  
 323 M	 2.20  
 324 A	 6.12  
 325 A	 5.13  
 326 A	 7.04  
 327 Q	 23.57  
 328 A	 12.86  
 329 A	 8.28  
 330 L	 5.94  
 331 Q	 30.60  
 332 S	 28.98  
 333 S	 18.06  
 334 W	 12.16  
 335 G	 9.72  
 336 M	 1.38  
 337 M	 2.22  
 338 G	 10.08  
 339 M	 1.21  
 340 L	 3.25  
 341 A	 9.08  
 342 S	 28.47  
 343 Q	 40.41  
 344 Q	 47.65  
 345 N	 30.28  
 346 Q	 45.48  
 347 S	 61.29  
 348 G	 15.61  
 349 P	 44.29  
 350 S	 58.65  
 351 G	 40.00  
 352 N	 51.78  
 353 N	 45.78  
 354 Q	 47.85  
 355 N	 54.58  
 356 Q	 34.57  
 357 G	 38.84  
 358 N	 17.41  
 359 M	 5.20  
 360 Q	 51.05  
 361 R	 51.04  
 362 E	 31.54  
 363 P	 40.18  
 364 N	 40.85  
 365 Q	 49.10  
 366 A	 19.87  
 367 F	 6.03  
 368 G	 37.34  
 369 S	 31.71  
 370 G	 37.40  
 371 N	 35.65  
 372 N	 45.94  
 373 S	 25.36  
 374 Y	 21.12  
 375 S	 35.25  
 376 G	 23.71  
 377 S	 23.14  
 378 N	 48.24  
 379 S	 31.35  
 380 G	 24.23  
 381 A	 8.84  
 382 A	 12.35  
 383 I	 4.77  
 384 G	 20.26  
 385 W	 7.46  
 386 G	 14.23  
 387 S	 23.24  
 388 A	 11.67  
 389 S	 28.98  
 390 N	 48.30  
 391 A	 15.84  
 392 G	 36.47  
 393 S	 27.63  
 394 G	 30.76  
 395 S	 41.74  
 396 G	 24.46  
 397 F	 9.10  
 398 N	 53.88  
 399 G	 30.46  
 400 G	 25.50  
 401 F	 10.20  
 402 G	 23.29  
 403 S	 21.89  
 404 S	 27.30  
 405 M	 7.85  
 406 D	 55.66  
 407 S	 26.29  
 408 K	 44.36  
 409 S	 37.73  
 410 S	 42.15  
 411 G	 31.86  
 412 W	 11.13  
 413 G	 18.56  
 414 M	 3.91  
