 1 M	 7.40  
 2 A	 22.51  
 3 E	 43.47  
 4 A	 10.71  
 5 S	 22.96  
 6 F	 16.53  
 7 G	 24.91  
 8 S	 26.15  
 9 S	 38.75  
 10 S	 24.05  
 11 P	 28.92  
 12 V	 4.50  
 13 C	 2.65  
 14 F	 7.82  
 15 I	 1.98  
 16 P	 12.26  
 17 V	 7.51  
 18 G	 19.95  
 19 S	 25.88  
 20 L	 5.55  
 21 S	 33.12  
 22 S	 52.95  
 23 E	 56.86  
 24 D	 48.91  
 25 H	 33.32  
 26 D	 63.06  
 27 F	 12.44  
 28 D	 45.77  
 29 P	 33.24  
 30 T	 36.77  
 31 A	 12.94  
 32 E	 35.21  
 33 M	 4.37  
 34 L	 2.02  
 35 V	 2.89  
 36 H	 24.77  
 37 D	 40.87  
 38 Y	 15.49  
 39 D	 58.30  
 40 D	 40.84  
 41 E	 44.67  
 42 R	 52.16  
 43 T	 36.15  
 44 L	 11.05  
 45 E	 63.85  
 46 E	 63.47  
 47 E	 41.64  
 48 E	 42.99  
 49 M	 4.67  
 50 M	 4.86  
 51 D	 61.25  
 52 E	 54.92  
 53 G	 26.41  
 54 K	 53.42  
 55 N	 53.54  
 56 F	 10.95  
 57 S	 36.13  
 58 S	 38.16  
 59 E	 49.56  
 60 I	 5.58  
 61 E	 53.11  
 62 D	 66.83  
 63 L	 7.03  
 64 E	 62.47  
 65 K	 69.60  
 66 E	 50.99  
 67 G	 38.08  
 68 T	 19.39  
 69 M	 5.40  
 70 P	 32.22  
 71 L	 5.78  
 72 E	 40.52  
 73 D	 55.45  
 74 L	 2.44  
 75 L	 4.85  
 76 A	 11.69  
 77 F	 4.98  
 78 Y	 17.12  
 79 G	 17.55  
 80 Y	 13.83  
 81 E	 31.44  
 82 P	 27.43  
 83 T	 27.87  
 84 I	 2.78  
 85 P	 24.14  
 86 A	 14.81  
 87 V	 4.32  
 88 A	 16.58  
 89 N	 29.87  
 90 S	 22.53  
 91 S	 31.14  
 92 A	 21.53  
 93 N	 44.99  
 94 S	 43.26  
 95 S	 32.05  
 96 P	 31.48  
 97 S	 47.38  
 98 E	 51.89  
 99 L	 9.50  
 100 A	 12.27  
 101 D	 71.27  
 102 E	 57.50  
 103 L	 4.48  
 104 P	 27.55  
 105 D	 56.15  
 106 M	 3.66  
 107 T	 38.90  
 108 L	 7.70  
 109 D	 47.34  
 110 K	 61.43  
 111 E	 55.06  
 112 E	 54.72  
 113 I	 6.39  
 114 A	 11.55  
 115 K	 55.35  
 116 D	 43.76  
 117 L	 3.95  
 118 L	 8.46  
 119 S	 47.69  
 120 G	 46.49  
 121 D	 57.69  
 122 D	 60.19  
 123 E	 68.62  
 124 E	 60.17  
 125 T	 31.53  
 126 Q	 38.37  
 127 S	 34.61  
 128 S	 26.37  
 129 A	 21.42  
 130 D	 54.09  
 131 D	 52.76  
 132 L	 8.58  
 133 T	 22.10  
 134 P	 33.81  
 135 S	 32.56  
 136 V	 7.19  
 137 T	 28.80  
 138 S	 19.71  
 139 H	 32.75  
 140 E	 50.18  
 141 T	 28.33  
 142 S	 29.45  
 143 D	 57.54  
 144 F	 10.20  
 145 F	 6.35  
 146 P	 36.65  
 147 R	 37.42  
 148 P	 32.15  
 149 L	 11.21  
 150 R	 30.46  
 151 S	 46.33  
 152 N	 25.84  
 153 T	 29.88  
 154 A	 8.15  
 155 C	 5.90  
 156 D	 66.90  
 157 G	 48.01  
 158 D	 37.99  
 159 K	 69.53  
 160 E	 57.80  
 161 S	 53.32  
 162 E	 51.52  
 163 V	 12.09  
 164 E	 52.89  
 165 D	 49.05  
 166 V	 5.59  
 167 E	 60.25  
 168 T	 35.00  
 169 D	 40.83  
 170 S	 47.49  
 171 G	 41.25  
 172 N	 59.34  
 173 S	 32.94  
 174 P	 43.02  
 175 E	 70.29  
 176 D	 55.98  
 177 L	 8.87  
 178 R	 47.05  
 179 K	 59.91  
 180 E	 31.21  
 181 I	 2.46  
 182 M	 1.77  
 183 I	 6.47  
 184 G	 6.86  
 185 L	 2.72  
 186 Q	 24.07  
 187 Y	 18.09  
 188 Q	 21.40  
 189 A	 16.26  
 190 E	 40.27  
 191 I	 4.70  
 192 P	 11.73  
 193 P	 42.51  
 194 Y	 23.22  
 195 L	 5.32  
 196 G	 26.10  
 197 E	 37.54  
 198 Y	 27.61  
 199 D	 49.49  
 200 G	 43.21  
 201 N	 42.91  
 202 E	 49.80  
 203 K	 54.86  
 204 V	 6.21  
 205 Y	 24.89  
 206 E	 58.07  
 207 N	 40.22  
 208 E	 34.88  
 209 D	 56.88  
 210 Q	 32.07  
 211 L	 6.59  
 212 L	 3.53  
 213 W	 10.53  
 214 C	 1.76  
 215 P	 26.33  
 216 D	 39.77  
 217 V	 2.98  
 218 V	 6.82  
 219 L	 6.55  
 220 E	 36.58  
 221 S	 38.29  
 222 K	 48.20  
 223 V	 8.73  
 224 K	 44.36  
 225 E	 47.27  
 226 Y	 15.44  
 227 L	 2.69  
 228 V	 8.05  
 229 E	 30.04  
 230 T	 26.11  
 231 S	 11.44  
 232 L	 8.09  
 233 R	 36.49  
 234 T	 50.80  
 235 G	 27.63  
 236 S	 34.79  
 237 E	 48.20  
 238 K	 45.06  
 239 I	 2.81  
 240 M	 4.14  
 241 D	 48.51  
 242 R	 13.84  
 243 I	 2.63  
 244 S	 22.88  
 245 A	 25.24  
 246 G	 15.96  
 247 T	 21.57  
 248 H	 20.28  
 249 T	 39.29  
 250 R	 36.83  
 251 D	 65.26  
 252 N	 39.73  
 253 E	 41.33  
 254 Q	 42.81  
 255 A	 13.11  
 256 L	 3.22  
 257 Y	 13.93  
 258 E	 48.77  
 259 L	 3.32  
 260 L	 3.87  
 261 K	 45.69  
 262 C	 6.72  
 263 N	 29.65  
 264 H	 47.03  
 265 N	 32.79  
 266 I	 3.12  
 267 K	 46.54  
 268 E	 51.59  
 269 A	 12.16  
 270 I	 3.04  
 271 E	 44.65  
 272 R	 24.55  
 273 Y	 6.64  
 274 C	 1.49  
 275 C	 5.80  
 276 N	 51.98  
 277 G	 17.00  
 278 K	 30.76  
 279 A	 20.18  
 280 S	 32.05  
 281 Q	 57.00  
 282 E	 48.73  
 283 G	 15.88  
 284 M	 1.97  
 285 T	 29.87  
 286 A	 11.42  
 287 W	 8.65  
 288 T	 30.93  
 289 E	 40.89  
 290 E	 55.83  
 291 E	 29.06  
 292 C	 5.09  
 293 R	 47.89  
 294 S	 46.79  
 295 F	 4.05  
 296 E	 29.51  
 297 H	 23.35  
 298 A	 6.35  
 299 L	 3.10  
 300 M	 2.78  
 301 L	 5.49  
 302 F	 7.72  
 303 G	 25.35  
 304 K	 50.30  
 305 D	 36.26  
 306 F	 6.02  
 307 H	 31.96  
 308 L	 4.47  
 309 I	 4.04  
 310 Q	 50.02  
 311 K	 52.31  
 312 N	 31.51  
 313 K	 39.88  
 314 V	 12.05  
 315 R	 21.79  
 316 T	 33.41  
 317 R	 19.35  
 318 T	 24.37  
 319 V	 3.68  
 320 A	 12.12  
 321 E	 25.78  
 322 C	 1.61  
 323 V	 2.88  
 324 A	 9.81  
 325 F	 1.93  
 326 Y	 5.22  
 327 Y	 7.05  
 328 M	 2.63  
 329 W	 6.71  
 330 K	 29.86  
 331 K	 41.87  
 332 S	 24.47  
 333 E	 65.23  
 334 R	 36.39  
 335 Y	 15.79  
 336 D	 37.99  
 337 Y	 7.59  
 338 F	 4.52  
 339 A	 8.37  
 340 Q	 34.97  
 341 Q	 31.08  
 342 T	 18.84  
 343 R	 33.70  
 344 F	 22.33  
 345 G	 31.14  
 346 K	 31.22  
 347 K	 61.57  
 348 R	 40.76  
 349 Y	 27.94  
 350 N	 30.90  
 351 H	 21.42  
 352 H	 19.71  
 353 P	 31.25  
 354 G	 30.51  
 355 V	 4.30  
 356 T	 27.59  
 357 D	 34.06  
 358 Y	 7.49  
 359 M	 2.42  
 360 D	 34.24  
 361 R	 21.78  
 362 L	 5.05  
 363 V	 6.96  
 364 D	 62.79  
 365 E	 40.86  
 366 T	 23.30  
 367 E	 39.59  
 368 A	 20.94  
 369 L	 5.45  
 370 G	 36.45  
 371 G	 27.60  
 372 T	 14.59  
 373 V	 6.78  
 374 N	 28.19  
 375 A	 7.58  
 376 S	 20.71  
 377 A	 16.67  
 378 L	 5.10  
 379 T	 24.54  
 380 S	 31.52  
 381 N	 59.29  
 382 R	 36.40  
 383 P	 56.84  
 384 E	 53.26  
 385 P	 46.20  
 386 I	 5.83  
 387 P	 44.03  
 388 D	 49.96  
 389 Q	 44.28  
 390 Q	 43.80  
 391 L	 3.41  
 392 N	 32.15  
 393 I	 5.39  
 394 L	 4.23  
 395 N	 31.14  
 396 S	 22.11  
 397 F	 6.87  
 398 T	 25.68  
 399 A	 10.07  
 400 S	 30.05  
 401 D	 45.64  
 402 L	 2.53  
 403 T	 25.31  
 404 A	 21.49  
 405 L	 3.82  
 406 T	 24.00  
 407 N	 35.02  
 408 S	 14.11  
 409 V	 5.85  
 410 A	 8.30  
 411 T	 21.36  
 412 V	 2.22  
 413 C	 4.50  
 414 D	 44.81  
 415 P	 25.93  
 416 T	 39.05  
 417 D	 34.71  
 418 V	 6.32  
 419 N	 24.36  
 420 C	 4.41  
 421 L	 7.46  
 422 D	 52.27  
 423 D	 38.95  
 424 S	 39.04  
 425 F	 10.45  
 426 P	 27.45  
 427 P	 51.38  
 428 L	 9.34  
 429 G	 41.56  
 430 N	 55.37  
 431 T	 16.74  
 432 P	 42.26  
 433 R	 46.25  
 434 G	 36.67  
 435 Q	 33.83  
 436 V	 6.27  
 437 N	 23.66  
 438 H	 26.80  
 439 V	 3.04  
 440 P	 13.81  
 441 V	 8.94  
 442 V	 4.57  
 443 T	 24.79  
 444 E	 34.73  
 445 E	 39.45  
 446 L	 3.44  
 447 L	 5.38  
 448 T	 49.61  
 449 L	 4.40  
 450 P	 22.10  
 451 S	 61.65  
 452 N	 57.20  
 453 G	 39.87  
 454 E	 47.88  
 455 S	 40.87  
 456 D	 36.40  
 457 C	 3.20  
 458 F	 12.20  
 459 N	 50.59  
 460 L	 1.74  
 461 F	 9.18  
 462 E	 51.71  
 463 T	 25.84  
 464 G	 17.58  
 465 F	 6.91  
 466 Y	 13.04  
 467 H	 16.73  
 468 S	 32.19  
 469 E	 38.97  
 470 L	 11.05  
 471 N	 29.71  
 472 P	 28.31  
 473 M	 4.92  
 474 N	 29.57  
 475 M	 1.85  
 476 C	 3.83  
 477 S	 33.36  
 478 E	 61.69  
 479 E	 41.42  
 480 S	 34.55  
 481 E	 67.00  
 482 R	 45.84  
 483 P	 37.77  
 484 A	 18.80  
 485 K	 62.03  
 486 R	 41.46  
 487 L	 4.40  
 488 K	 38.83  
 489 M	 5.78  
 490 G	 11.78  
 491 I	 2.90  
 492 A	 12.70  
 493 V	 5.23  
 494 P	 23.61  
 495 E	 50.43  
 496 S	 24.59  
 497 F	 6.09  
 498 M	 6.10  
 499 N	 44.50  
 500 E	 25.12  
 501 V	 7.04  
 502 S	 16.98  
 503 V	 7.13  
 504 N	 30.42  
 505 N	 35.70  
 506 L	 6.28  
 507 G	 21.04  
 508 V	 9.56  
 509 D	 43.26  
 510 F	 10.60  
 511 E	 43.57  
 512 N	 45.40  
 513 H	 21.27  
 514 T	 27.08  
 515 H	 11.64  
 516 H	 26.61  
 517 I	 2.24  
 518 T	 20.48  
 519 S	 25.86  
 520 A	 9.29  
 521 K	 27.45  
 522 M	 4.44  
 523 A	 6.96  
 524 V	 4.18  
 525 S	 11.31  
 526 V	 4.81  
 527 A	 10.02  
 528 D	 46.41  
 529 F	 5.30  
 530 G	 28.37  
 531 S	 21.10  
 532 L	 6.00  
 533 S	 30.64  
 534 A	 24.15  
 535 N	 53.93  
 536 E	 43.28  
 537 T	 40.21  
 538 N	 36.88  
 539 G	 28.78  
 540 F	 4.29  
 541 I	 3.64  
 542 S	 16.25  
 543 A	 6.27  
 544 H	 23.25  
 545 A	 13.37  
 546 L	 2.61  
 547 H	 20.40  
 548 Q	 28.85  
 549 H	 11.39  
 550 A	 12.73  
 551 A	 12.04  
 552 L	 4.78  
 553 H	 25.75  
 554 S	 45.94  
 555 E	 54.62  
