 1 M	 6.45  
 2 E	 57.52  
 3 R	 46.85  
 4 L	 7.09  
 5 G	 40.35  
 6 E	 50.47  
 7 K	 50.27  
 8 A	 8.79  
 9 S	 34.23  
 10 R	 48.42  
 11 L	 7.21  
 12 L	 6.99  
 13 E	 51.43  
 14 K	 53.76  
 15 F	 7.22  
 16 G	 39.28  
 17 R	 40.03  
 18 R	 52.27  
 19 K	 66.71  
 20 G	 37.90  
 21 E	 48.88  
 22 S	 39.45  
 23 S	 26.60  
 24 R	 55.08  
 25 S	 44.59  
 26 G	 28.75  
 27 S	 33.83  
 28 D	 69.39  
 29 G	 35.19  
 30 T	 30.02  
 31 P	 53.14  
 32 G	 43.35  
 33 P	 42.39  
 34 G	 51.47  
 35 K	 43.95  
 36 G	 41.50  
 37 R	 29.21  
 38 L	 6.93  
 39 S	 30.52  
 40 G	 32.69  
 41 L	 6.87  
 42 G	 47.81  
 43 G	 24.71  
 44 P	 38.43  
 45 R	 49.39  
 46 K	 64.00  
 47 S	 56.14  
 48 G	 20.96  
 49 P	 38.33  
 50 R	 51.40  
 51 G	 30.53  
 52 A	 12.35  
 53 T	 45.56  
 54 G	 39.50  
 55 G	 20.75  
 56 P	 48.70  
 57 G	 56.01  
 58 D	 58.43  
 59 E	 58.67  
 60 P	 46.92  
 61 L	 13.33  
 62 E	 47.86  
 63 P	 44.28  
 64 A	 20.47  
 65 R	 47.70  
 66 E	 62.49  
 67 Q	 41.02  
 68 G	 25.98  
 69 S	 23.83  
 70 L	 10.40  
 71 D	 48.34  
 72 A	 23.96  
 73 E	 52.40  
 74 R	 46.42  
 75 N	 27.66  
 76 Q	 58.28  
 77 R	 46.39  
 78 G	 27.24  
 79 S	 23.31  
 80 F	 11.76  
 81 E	 60.50  
 82 A	 7.58  
 83 P	 31.99  
 84 R	 49.54  
 85 Y	 24.47  
 86 E	 50.03  
 87 G	 26.17  
 88 S	 19.00  
 89 F	 7.65  
 90 P	 37.70  
 91 A	 40.91  
 92 G	 35.17  
 93 P	 33.53  
 94 P	 41.81  
 95 P	 37.34  
 96 T	 34.06  
 97 R	 39.64  
 98 A	 18.93  
 99 L	 3.95  
 100 P	 40.80  
 101 L	 6.66  
 102 P	 21.55  
 103 Q	 66.34  
 104 S	 40.69  
 105 L	 6.34  
 106 P	 31.49  
 107 P	 59.68  
 108 D	 39.08  
 109 F	 13.65  
 110 R	 45.59  
 111 L	 10.50  
 112 E	 36.03  
 113 P	 38.15  
 114 T	 35.58  
 115 A	 9.70  
 116 P	 35.89  
 117 A	 20.43  
 118 L	 7.63  
 119 S	 22.00  
 120 P	 40.81  
 121 R	 41.37  
 122 S	 32.94  
 123 S	 26.55  
 124 F	 8.90  
 125 A	 15.51  
 126 S	 23.86  
 127 S	 26.88  
 128 S	 29.33  
 129 A	 17.24  
 130 S	 35.34  
 131 D	 55.36  
 132 A	 19.57  
 133 S	 50.52  
 134 K	 51.11  
 135 P	 37.23  
 136 S	 57.63  
 137 S	 27.43  
 138 P	 49.33  
 139 R	 49.64  
 140 G	 26.48  
 141 S	 19.68  
 142 L	 6.49  
 143 L	 4.36  
 144 L	 7.47  
 145 D	 44.88  
 146 G	 26.36  
 147 A	 12.34  
 148 G	 30.22  
 149 A	 16.83  
 150 G	 26.09  
 151 G	 22.10  
 152 A	 20.46  
 153 G	 37.57  
 154 G	 21.68  
 155 S	 31.93  
 156 R	 39.25  
 157 P	 27.82  
 158 C	 5.67  
 159 S	 31.84  
 160 N	 58.95  
 161 R	 17.61  
 162 T	 35.24  
 163 S	 30.78  
 164 G	 18.51  
 165 I	 2.28  
 166 S	 15.07  
 167 M	 5.65  
 168 G	 18.97  
 169 Y	 10.56  
 170 D	 33.05  
 171 Q	 30.68  
 172 R	 32.98  
 173 H	 35.14  
 174 G	 32.90  
 175 S	 19.69  
 176 P	 47.13  
 177 L	 4.93  
 178 P	 38.26  
 179 A	 42.09  
 180 G	 16.12  
 181 P	 17.47  
 182 C	 4.87  
 183 L	 6.64  
 184 F	 20.59  
 185 G	 15.23  
 186 P	 17.25  
 187 P	 34.91  
 188 L	 8.48  
 189 A	 20.20  
 190 G	 39.51  
 191 A	 5.78  
 192 P	 25.87  
 193 A	 29.08  
 194 G	 23.53  
 195 Y	 17.50  
 196 S	 19.02  
 197 P	 34.76  
 198 G	 43.73  
 199 G	 31.39  
 200 V	 4.14  
 201 P	 19.27  
 202 S	 37.72  
 203 A	 20.17  
 204 Y	 11.11  
 205 P	 37.07  
 206 E	 40.28  
 207 L	 2.62  
 208 H	 13.80  
 209 A	 23.50  
 210 A	 10.15  
 211 L	 4.01  
 212 D	 33.54  
 213 R	 30.37  
 214 L	 4.08  
 215 Y	 11.11  
 216 A	 11.96  
 217 Q	 38.03  
 218 R	 18.18  
 219 P	 25.34  
 220 A	 28.30  
 221 G	 23.35  
 222 F	 10.85  
 223 G	 15.98  
 224 C	 3.66  
 225 Q	 52.67  
 226 E	 54.54  
 227 S	 14.93  
 228 R	 23.24  
 229 H	 40.75  
 230 S	 37.92  
 231 Y	 13.70  
 232 P	 15.65  
 233 P	 31.70  
 234 A	 21.76  
 235 L	 9.59  
 236 G	 33.62  
 237 S	 22.47  
 238 P	 30.22  
 239 G	 34.61  
 240 A	 9.53  
 241 L	 5.83  
 242 A	 12.78  
 243 G	 24.58  
 244 A	 12.14  
 245 G	 19.92  
 246 V	 4.71  
 247 G	 14.59  
 248 A	 13.57  
 249 A	 17.76  
 250 G	 27.13  
 251 P	 26.73  
 252 L	 8.60  
 253 E	 43.39  
 254 R	 50.44  
 255 R	 35.11  
 256 G	 34.48  
 257 A	 15.58  
 258 Q	 43.75  
 259 P	 41.05  
 260 G	 28.05  
 261 R	 26.12  
 262 H	 32.32  
 263 S	 21.73  
 264 V	 3.83  
 265 T	 27.92  
 266 G	 23.44  
 267 Y	 10.63  
 268 G	 25.51  
 269 D	 14.55  
 270 C	 2.61  
 271 A	 13.91  
 272 V	 8.50  
 273 G	 5.94  
 274 A	 10.62  
 275 R	 24.58  
 276 Y	 21.56  
 277 Q	 31.95  
 278 D	 43.89  
 279 E	 32.28  
 280 L	 4.58  
 281 T	 17.14  
 282 A	 19.75  
 283 L	 2.11  
 284 L	 3.80  
 285 R	 29.21  
 286 L	 4.61  
 287 T	 15.51  
 288 V	 8.38  
 289 G	 17.26  
 290 T	 31.93  
 291 G	 27.51  
 292 G	 24.88  
 293 R	 31.75  
 294 E	 55.52  
 295 A	 18.65  
 296 G	 15.85  
 297 A	 24.29  
 298 R	 49.44  
 299 G	 51.11  
 300 E	 30.64  
 301 P	 40.45  
 302 S	 48.37  
 303 G	 38.71  
 304 I	 9.15  
 305 E	 36.62  
 306 P	 31.60  
 307 S	 43.13  
 308 G	 48.07  
 309 L	 8.70  
 310 E	 72.49  
 311 E	 62.93  
 312 P	 29.76  
 313 P	 67.38  
 314 G	 38.71  
 315 P	 32.60  
 316 F	 20.77  
 317 V	 4.75  
 318 P	 26.36  
 319 E	 50.05  
 320 A	 9.00  
 321 A	 12.19  
 322 R	 29.76  
 323 A	 12.61  
 324 R	 21.09  
 325 M	 5.78  
 326 R	 51.25  
 327 E	 37.84  
 328 P	 30.13  
 329 E	 56.45  
 330 A	 30.77  
 331 R	 35.34  
 332 E	 65.20  
 333 D	 38.21  
 334 Y	 10.11  
 335 F	 11.47  
 336 G	 17.28  
 337 T	 10.93  
 338 C	 2.61  
 339 I	 5.98  
 340 K	 33.62  
 341 C	 3.01  
 342 N	 40.35  
 343 K	 57.04  
 344 G	 12.36  
 345 I	 3.59  
 346 Y	 20.13  
 347 G	 23.63  
 348 Q	 19.28  
 349 S	 23.25  
 350 N	 36.53  
 351 A	 7.64  
 352 C	 2.59  
 353 Q	 42.42  
 354 A	 17.14  
 355 L	 1.57  
 356 D	 39.34  
 357 S	 31.51  
 358 L	 3.47  
 359 Y	 13.53  
 360 H	 18.11  
 361 T	 17.30  
 362 Q	 12.82  
 363 C	 2.65  
 364 F	 3.20  
 365 V	 4.18  
 366 C	 0.46  
 367 C	 2.95  
 368 S	 17.93  
 369 C	 2.39  
 370 G	 14.87  
 371 R	 34.61  
 372 T	 12.11  
 373 L	 6.11  
 374 R	 21.19  
 375 C	 4.13  
 376 K	 34.79  
 377 A	 16.55  
 378 F	 2.60  
 379 Y	 19.30  
 380 S	 11.58  
 381 V	 6.83  
 382 N	 30.95  
 383 G	 19.14  
 384 S	 12.52  
 385 V	 7.21  
 386 Y	 8.88  
 387 C	 4.29  
 388 E	 35.89  
 389 E	 48.68  
 390 D	 24.12  
 391 Y	 16.96  
 392 L	 4.21  
 393 F	 5.67  
 394 S	 35.78  
 395 G	 22.41  
 396 F	 6.01  
 397 Q	 42.83  
 398 E	 47.81  
 399 A	 15.33  
 400 A	 18.94  
 401 E	 54.39  
 402 K	 28.36  
 403 C	 1.26  
 404 C	 4.14  
 405 V	 6.50  
 406 C	 1.45  
 407 G	 9.76  
 408 H	 12.45  
 409 L	 2.65  
 410 I	 3.76  
 411 L	 7.44  
 412 E	 30.93  
 413 K	 45.32  
 414 I	 2.23  
 415 L	 3.83  
 416 Q	 32.54  
 417 A	 12.78  
 418 M	 4.47  
 419 G	 20.83  
 420 K	 34.45  
 421 S	 23.97  
 422 Y	 18.60  
 423 H	 21.26  
 424 P	 32.77  
 425 G	 15.19  
 426 C	 1.98  
 427 F	 9.89  
 428 R	 17.21  
 429 C	 1.05  
 430 I	 3.27  
 431 V	 3.18  
 432 C	 1.72  
 433 N	 27.47  
 434 K	 30.92  
 435 C	 2.32  
 436 L	 7.84  
 437 D	 63.55  
 438 G	 19.27  
 439 I	 2.24  
 440 P	 25.12  
 441 F	 11.12  
 442 T	 17.51  
 443 V	 7.77  
 444 D	 37.89  
 445 F	 6.85  
 446 S	 23.14  
 447 N	 35.02  
 448 Q	 26.76  
 449 V	 4.71  
 450 Y	 3.28  
 451 C	 2.53  
 452 V	 2.21  
 453 T	 27.55  
 454 D	 24.12  
 455 Y	 12.82  
 456 H	 18.07  
 457 K	 45.48  
 458 N	 25.53  
 459 Y	 29.14  
 460 A	 13.38  
 461 P	 23.15  
 462 K	 28.47  
 463 C	 2.56  
 464 A	 16.35  
 465 A	 13.88  
 466 C	 2.50  
 467 G	 31.41  
 468 Q	 23.03  
 469 P	 18.50  
 470 I	 7.31  
 471 L	 4.93  
 472 P	 30.93  
 473 S	 43.08  
 474 E	 66.96  
 475 G	 25.18  
 476 C	 3.59  
 477 E	 62.72  
 478 D	 49.08  
 479 I	 0.71  
 480 V	 6.55  
 481 R	 22.01  
 482 V	 2.35  
 483 I	 1.66  
 484 S	 16.27  
 485 M	 3.17  
 486 D	 33.24  
 487 R	 37.43  
 488 D	 36.67  
 489 Y	 14.87  
 490 H	 19.13  
 491 F	 5.89  
 492 E	 22.36  
 493 C	 2.48  
 494 Y	 11.42  
 495 H	 21.83  
 496 C	 1.58  
 497 E	 47.00  
 498 D	 30.62  
 499 C	 1.50  
 500 R	 28.36  
 501 M	 6.21  
 502 Q	 20.61  
 503 L	 5.21  
 504 S	 26.53  
 505 D	 67.56  
 506 E	 53.57  
 507 E	 63.62  
 508 G	 14.02  
 509 C	 1.75  
 510 C	 3.84  
 511 C	 4.59  
 512 F	 4.14  
 513 P	 18.67  
 514 L	 6.54  
 515 D	 42.58  
 516 G	 22.48  
 517 H	 18.46  
 518 L	 7.16  
 519 L	 1.36  
 520 C	 3.05  
 521 H	 41.71  
 522 G	 11.30  
 523 C	 0.78  
 524 H	 21.72  
 525 M	 2.63  
 526 Q	 24.04  
 527 R	 23.49  
 528 L	 3.11  
 529 N	 34.95  
 530 A	 18.97  
 531 R	 48.76  
 532 Q	 46.01  
 533 P	 25.15  
 534 P	 25.46  
 535 A	 28.30  
 536 N	 40.58  
 537 Y	 15.32  
 538 I	 4.58  
