 1 M	 8.16  
 2 W	 12.62  
 3 K	 31.03  
 4 A	 6.79  
 5 S	 30.93  
 6 A	 20.74  
 7 G	 13.54  
 8 H	 23.75  
 9 A	 8.88  
 10 V	 3.36  
 11 S	 17.00  
 12 I	 2.99  
 13 A	 10.15  
 14 Q	 47.66  
 15 D	 38.41  
 16 D	 34.52  
 17 A	 24.30  
 18 G	 36.21  
 19 A	 17.20  
 20 D	 61.71  
 21 D	 44.57  
 22 W	 15.78  
 23 E	 50.78  
 24 T	 48.88  
 25 D	 29.29  
 26 P	 44.34  
 27 D	 64.04  
 28 F	 7.23  
 29 V	 8.56  
 30 N	 43.91  
 31 D	 39.76  
 32 V	 7.21  
 33 S	 45.90  
 34 E	 61.53  
 35 K	 52.20  
 36 E	 41.13  
 37 Q	 58.45  
 38 R	 34.58  
 39 W	 15.70  
 40 G	 21.27  
 41 A	 9.44  
 42 K	 45.34  
 43 T	 19.96  
 44 V	 6.30  
 45 Q	 45.63  
 46 G	 31.12  
 47 S	 18.93  
 48 G	 33.07  
 49 H	 31.39  
 50 Q	 47.70  
 51 E	 40.85  
 52 H	 16.30  
 53 I	 5.22  
 54 N	 32.02  
 55 I	 2.76  
 56 H	 20.71  
 57 K	 45.50  
 58 L	 5.27  
 59 R	 37.94  
 60 E	 69.09  
 61 N	 33.21  
 62 V	 4.49  
 63 F	 12.14  
 64 Q	 42.87  
 65 E	 26.88  
 66 H	 18.36  
 67 Q	 48.02  
 68 T	 41.53  
 69 L	 5.62  
 70 K	 70.85  
 71 E	 55.67  
 72 K	 67.04  
 73 E	 53.59  
 74 L	 12.06  
 75 E	 53.46  
 76 T	 71.99  
 77 G	 16.61  
 78 P	 36.14  
 79 K	 64.96  
 80 A	 15.19  
 81 S	 24.46  
 82 H	 38.05  
 83 G	 21.93  
 84 Y	 19.79  
 85 G	 37.09  
 86 G	 17.40  
 87 K	 34.28  
 88 F	 17.51  
 89 G	 26.07  
 90 V	 7.22  
 91 E	 47.33  
 92 Q	 41.00  
 93 D	 34.07  
 94 R	 34.59  
 95 M	 11.64  
 96 D	 42.52  
 97 K	 30.85  
 98 S	 24.75  
 99 A	 19.63  
 100 V	 11.82  
 101 G	 13.97  
 102 H	 24.80  
 103 E	 39.06  
 104 Y	 16.65  
 105 Q	 30.98  
 106 S	 34.36  
 107 K	 41.05  
 108 L	 11.32  
 109 S	 24.88  
 110 K	 60.10  
 111 H	 17.06  
 112 C	 3.32  
 113 S	 32.72  
 114 Q	 48.72  
 115 V	 3.22  
 116 D	 33.50  
 117 S	 18.17  
 118 V	 6.33  
 119 R	 38.38  
 120 G	 24.32  
 121 F	 9.04  
 122 G	 41.00  
 123 G	 21.62  
 124 K	 39.05  
 125 F	 15.22  
 126 G	 16.54  
 127 V	 4.85  
 128 Q	 28.56  
 129 M	 3.10  
 130 D	 30.29  
 131 R	 28.68  
 132 V	 7.37  
 133 D	 37.30  
 134 Q	 30.36  
 135 S	 22.06  
 136 A	 10.38  
 137 V	 12.51  
 138 G	 14.91  
 139 F	 6.76  
 140 E	 30.90  
 141 Y	 21.95  
 142 Q	 39.44  
 143 G	 37.64  
 144 K	 37.68  
 145 T	 58.03  
 146 E	 46.46  
 147 K	 50.10  
 148 H	 25.12  
 149 A	 25.40  
 150 S	 37.17  
 151 Q	 43.34  
 152 K	 57.02  
 153 D	 40.69  
 154 Y	 16.27  
 155 S	 33.83  
 156 S	 31.73  
 157 G	 21.19  
 158 F	 14.58  
 159 G	 34.90  
 160 G	 20.11  
 161 K	 38.93  
 162 Y	 26.29  
 163 G	 14.46  
 164 V	 3.73  
 165 Q	 32.93  
 166 A	 12.27  
 167 D	 33.76  
 168 R	 41.36  
 169 V	 12.83  
 170 D	 39.83  
 171 K	 37.14  
 172 S	 24.59  
 173 A	 15.93  
 174 V	 11.51  
 175 G	 14.93  
 176 F	 6.76  
 177 D	 28.99  
 178 Y	 19.53  
 179 Q	 49.07  
 180 G	 32.40  
 181 K	 37.68  
 182 T	 58.03  
 183 E	 56.77  
 184 K	 58.88  
 185 H	 33.44  
 186 E	 60.68  
 187 S	 30.18  
 188 Q	 39.00  
 189 R	 54.86  
 190 D	 44.41  
 191 Y	 17.93  
 192 S	 30.50  
 193 K	 52.62  
 194 G	 22.08  
 195 F	 15.58  
 196 G	 40.11  
 197 G	 20.11  
 198 K	 40.46  
 199 Y	 23.69  
 200 G	 25.71  
 201 I	 5.59  
 202 D	 49.06  
 203 K	 58.49  
 204 D	 53.08  
 205 K	 59.06  
 206 V	 18.80  
 207 D	 44.95  
 208 K	 43.21  
 209 S	 24.59  
 210 A	 15.93  
 211 V	 13.41  
 212 G	 14.91  
 213 F	 6.76  
 214 E	 30.90  
 215 Y	 21.95  
 216 Q	 39.44  
 217 G	 37.64  
 218 K	 37.68  
 219 T	 58.03  
 220 E	 56.77  
 221 K	 58.88  
 222 H	 33.44  
 223 E	 66.97  
 224 S	 42.10  
 225 Q	 39.39  
 226 K	 61.37  
 227 D	 45.91  
 228 Y	 15.88  
 229 V	 7.58  
 230 K	 42.15  
 231 G	 19.18  
 232 F	 10.91  
 233 G	 47.23  
 234 G	 21.62  
 235 K	 39.05  
 236 F	 15.22  
 237 G	 17.70  
 238 V	 6.61  
 239 Q	 37.75  
 240 T	 30.64  
 241 D	 29.20  
 242 R	 50.41  
 243 Q	 58.27  
 244 D	 49.23  
 245 K	 17.05  
 246 C	 5.20  
 247 A	 18.17  
 248 L	 11.33  
 249 G	 14.83  
 250 W	 10.77  
 251 D	 31.62  
 252 H	 31.06  
 253 Q	 47.23  
 254 E	 52.92  
 255 K	 34.66  
 256 L	 6.88  
 257 Q	 52.41  
 258 L	 7.58  
 259 H	 21.50  
 260 E	 64.55  
 261 S	 31.61  
 262 Q	 39.39  
 263 K	 68.84  
 264 D	 45.35  
 265 Y	 21.22  
 266 S	 36.11  
 267 K	 52.62  
 268 G	 22.08  
 269 F	 15.58  
 270 G	 40.11  
 271 G	 20.11  
 272 K	 38.93  
 273 Y	 26.29  
 274 G	 20.90  
 275 V	 6.08  
 276 Q	 37.25  
 277 K	 44.91  
 278 D	 33.76  
 279 R	 42.08  
 280 M	 14.26  
 281 D	 41.78  
 282 K	 45.10  
 283 N	 34.55  
 284 A	 18.71  
 285 S	 42.92  
 286 T	 28.74  
 287 F	 7.56  
 288 E	 52.22  
 289 D	 44.57  
 290 V	 2.95  
 291 T	 35.26  
 292 Q	 32.70  
 293 V	 3.40  
 294 S	 10.22  
 295 S	 31.94  
 296 A	 11.85  
 297 Y	 16.70  
 298 Q	 34.36  
 299 K	 38.52  
 300 T	 17.95  
 301 V	 6.87  
 302 P	 24.38  
 303 V	 6.83  
 304 E	 31.21  
 305 A	 15.32  
 306 V	 3.82  
 307 T	 31.39  
 308 S	 27.60  
 309 K	 46.75  
 310 T	 27.12  
 311 S	 33.71  
 312 N	 32.75  
 313 I	 4.39  
 314 R	 27.94  
 315 A	 22.67  
 316 N	 34.61  
 317 F	 6.85  
 318 E	 51.66  
 319 N	 40.95  
 320 L	 5.92  
 321 A	 29.55  
 322 K	 72.92  
 323 E	 57.10  
 324 K	 65.08  
 325 E	 61.36  
 326 Q	 69.80  
 327 E	 55.36  
 328 D	 56.21  
 329 R	 41.04  
 330 R	 55.66  
 331 K	 52.01  
 332 A	 21.30  
 333 E	 54.84  
 334 A	 19.21  
 335 E	 39.80  
 336 R	 42.97  
 337 A	 7.88  
 338 Q	 41.73  
 339 R	 26.49  
 340 M	 4.09  
 341 A	 16.85  
 342 K	 44.05  
 343 E	 50.48  
 344 R	 44.63  
 345 Q	 58.79  
 346 E	 67.20  
 347 Q	 45.55  
 348 E	 53.52  
 349 E	 47.36  
 350 A	 18.80  
 351 R	 39.28  
 352 R	 55.76  
 353 K	 55.48  
 354 L	 9.21  
 355 E	 51.61  
 356 E	 61.04  
 357 Q	 27.11  
 358 A	 19.37  
 359 R	 35.99  
 360 A	 23.43  
 361 K	 35.30  
 362 T	 36.37  
 363 Q	 51.83  
 364 T	 34.49  
 365 P	 19.92  
 366 P	 42.48  
 367 V	 12.94  
 368 S	 22.55  
 369 P	 48.47  
 370 A	 14.09  
 371 P	 44.03  
 372 Q	 60.70  
 373 P	 40.49  
 374 T	 45.27  
 375 E	 48.04  
 376 E	 63.09  
 377 R	 45.74  
 378 L	 5.66  
 379 P	 38.69  
 380 S	 52.44  
 381 S	 19.22  
 382 P	 36.73  
 383 V	 9.87  
 384 Y	 16.10  
 385 E	 41.21  
 386 D	 29.73  
 387 A	 7.96  
 388 A	 28.02  
 389 S	 29.06  
 390 F	 8.14  
 391 K	 38.16  
 392 A	 22.43  
 393 E	 38.55  
 394 L	 6.96  
 395 S	 12.32  
 396 Y	 32.01  
 397 R	 39.29  
 398 G	 20.80  
 399 P	 14.22  
 400 V	 10.31  
 401 S	 43.03  
 402 G	 34.04  
 403 T	 40.64  
 404 E	 51.71  
 405 P	 51.54  
 406 E	 40.96  
 407 P	 40.85  
 408 V	 5.43  
 409 Y	 17.02  
 410 S	 15.47  
 411 M	 1.91  
 412 E	 34.46  
 413 A	 9.29  
 414 A	 10.89  
 415 D	 50.50  
 416 Y	 12.96  
 417 R	 33.29  
 418 E	 46.83  
 419 A	 12.89  
 420 S	 24.75  
 421 S	 33.30  
 422 Q	 38.57  
 423 Q	 51.30  
 424 G	 12.49  
 425 L	 2.60  
 426 A	 9.95  
 427 Y	 21.06  
 428 A	 8.05  
 429 T	 16.29  
 430 E	 28.15  
 431 A	 12.58  
 432 V	 4.42  
 433 Y	 15.94  
 434 E	 36.55  
 435 S	 17.45  
 436 A	 12.67  
 437 E	 65.75  
 438 A	 18.32  
 439 P	 22.92  
 440 G	 39.75  
 441 H	 25.09  
 442 Y	 15.28  
 443 P	 24.41  
 444 A	 26.51  
 445 E	 48.25  
 446 D	 48.67  
 447 S	 22.00  
 448 T	 47.52  
 449 Y	 15.66  
 450 D	 52.68  
 451 E	 44.31  
 452 Y	 19.68  
 453 E	 42.07  
 454 N	 49.24  
 455 D	 34.04  
 456 L	 8.90  
 457 G	 20.33  
 458 I	 2.65  
 459 T	 17.18  
 460 A	 5.22  
 461 V	 2.56  
 462 A	 9.65  
 463 L	 2.41  
 464 Y	 11.67  
 465 D	 29.89  
 466 Y	 6.11  
 467 Q	 23.10  
 468 A	 13.74  
 469 A	 13.36  
 470 G	 46.01  
 471 D	 45.72  
 472 D	 54.96  
 473 E	 45.32  
 474 I	 6.82  
 475 S	 22.88  
 476 F	 22.68  
 477 D	 38.64  
 478 P	 38.88  
 479 D	 62.68  
 480 D	 39.31  
 481 I	 5.65  
 482 I	 2.87  
 483 T	 30.40  
 484 N	 20.15  
 485 I	 2.59  
 486 E	 31.96  
 487 M	 3.45  
 488 I	 2.57  
 489 D	 47.24  
 490 D	 43.62  
 491 G	 23.30  
 492 W	 6.65  
 493 W	 7.84  
 494 R	 22.58  
 495 G	 18.56  
 496 V	 1.98  
 497 C	 4.27  
 498 K	 51.19  
 499 G	 28.91  
 500 R	 16.97  
 501 F	 10.97  
 502 R	 36.34  
 503 E	 41.56  
 504 L	 5.20  
 505 A	 6.91  
 506 F	 10.20  
 507 S	 13.19  
 508 C	 1.51  
 509 V	 5.52  
 510 R	 16.59  
 511 V	 2.11  
 512 A	 7.71  
 513 L	 4.27  
 514 V	 3.12  
 515 P	 22.59  
 516 I	 5.68  
 517 K	 21.78  
 518 C	 4.11  
 519 S	 24.67  
 520 R	 59.98  
 521 D	 40.70  
 522 L	 5.09  
 523 P	 36.82  
 524 G	 40.87  
 525 Q	 26.41  
 526 A	 17.27  
 527 R	 36.47  
 528 G	 28.58  
 529 L	 3.05  
 530 R	 23.78  
 531 S	 32.53  
 532 A	 12.52  
 533 L	 2.94  
 534 W	 7.82  
 535 R	 23.12  
 536 V	 6.18  
 537 G	 23.50  
 538 R	 28.87  
 539 K	 58.72  
 540 D	 46.41  
 541 C	 2.95  
 542 P	 38.85  
 543 R	 56.87  
 544 R	 30.12  
 545 G	 30.96  
 546 A	 11.52  
 547 S	 22.85  
 548 S	 35.85  
 549 R	 21.39  
 550 V	 5.23  
 551 S	 19.43  
 552 L	 5.56  
 553 L	 3.80  
 554 G	 23.64  
 555 R	 29.48  
 556 R	 42.78  
 557 G	 23.80  
 558 L	 4.52  
 559 G	 26.29  
 560 L	 2.96  
 561 M	 5.25  
 562 E	 44.15  
 563 V	 10.11  
 564 N	 15.83  
 565 P	 49.43  
 566 E	 58.67  
 567 L	 6.34  
 568 S	 35.02  
 569 H	 44.38  
 570 P	 35.40  
 571 E	 46.65  
 572 H	 31.25  
 573 R	 39.04  
 574 S	 15.52  
 575 C	 3.29  
 576 H	 17.27  
 577 V	 9.99  
 578 R	 11.14  
 579 W	 9.75  
 580 E	 17.17  
 581 I	 1.40  
 582 C	 1.94  
 583 L	 2.70  
 584 C	 1.88  
 585 H	 15.49  
 586 T	 20.68  
 587 V	 1.43  
 588 T	 18.66  
 589 A	 8.40  
 590 R	 25.78  
 591 R	 30.51  
 592 I	 3.67  
 593 R	 26.39  
 594 K	 48.04  
 595 L	 2.59  
 596 I	 2.84  
 597 S	 28.76  
 598 F	 5.35  
 599 L	 3.77  
 600 R	 31.49  
 601 S	 36.30  
 602 R	 31.20  
 603 E	 60.26  
 604 A	 26.86  
 605 G	 20.98  
 606 P	 41.72  
 607 V	 5.50  
 608 P	 32.52  
 609 S	 27.00  
 610 C	 2.43  
 611 S	 32.04  
 612 Q	 42.05  
 613 V	 4.07  
 614 G	 24.13  
 615 G	 17.03  
 616 V	 4.21  
 617 S	 25.82  
 618 F	 8.28  
 619 Q	 31.63  
 620 K	 39.35  
 621 V	 5.55  
 622 T	 26.66  
 623 W	 7.73  
 624 K	 15.37  
 625 C	 2.98  
 626 L	 6.42  
 627 G	 27.31  
 628 T	 15.44  
 629 W	 11.23  
 630 V	 2.62  
 631 P	 29.09  
 632 E	 50.21  
 633 C	 3.87  
 634 P	 45.65  
