 1 M	 14.27  
 2 G	 41.70  
 3 S	 22.99  
 4 K	 44.16  
 5 R	 34.71  
 6 R	 36.00  
 7 R	 46.37  
 8 A	 15.60  
 9 T	 39.08  
 10 S	 23.07  
 11 P	 33.60  
 12 S	 34.70  
 13 S	 37.84  
 14 S	 25.33  
 15 V	 8.83  
 16 S	 34.29  
 17 G	 37.13  
 18 D	 35.97  
 19 F	 12.00  
 20 D	 66.76  
 21 D	 59.32  
 22 G	 23.42  
 23 H	 19.62  
 24 H	 35.11  
 25 S	 16.46  
 26 V	 6.84  
 27 S	 31.72  
 28 T	 30.06  
 29 P	 45.23  
 30 G	 32.67  
 31 P	 31.97  
 32 S	 57.24  
 33 R	 39.37  
 34 K	 55.37  
 35 R	 28.04  
 36 R	 47.10  
 37 R	 46.64  
 38 L	 3.64  
 39 S	 34.21  
 40 N	 55.41  
 41 L	 3.19  
 42 P	 34.33  
 43 T	 40.48  
 44 V	 8.55  
 45 D	 31.22  
 46 P	 16.47  
 47 I	 3.77  
 48 A	 11.85  
 49 V	 3.38  
 50 C	 1.20  
 51 H	 22.84  
 52 E	 48.07  
 53 L	 1.45  
 54 Y	 13.79  
 55 N	 41.47  
 56 T	 12.11  
 57 I	 2.55  
 58 R	 38.89  
 59 D	 51.49  
 60 Y	 15.53  
 61 K	 60.11  
 62 D	 47.42  
 63 E	 51.27  
 64 Q	 53.06  
 65 G	 21.84  
 66 R	 24.96  
 67 L	 9.08  
 68 L	 1.74  
 69 C	 5.17  
 70 E	 46.84  
 71 L	 4.16  
 72 F	 1.33  
 73 I	 6.00  
 74 R	 37.19  
 75 A	 14.78  
 76 P	 22.34  
 77 K	 64.11  
 78 R	 41.54  
 79 R	 52.87  
 80 N	 62.87  
 81 Q	 30.35  
 82 P	 34.81  
 83 D	 49.21  
 84 Y	 14.28  
 85 Y	 15.04  
 86 E	 30.16  
 87 V	 2.65  
 88 V	 2.69  
 89 S	 35.10  
 90 Q	 27.62  
 91 P	 17.98  
 92 I	 5.01  
 93 D	 47.60  
 94 L	 3.79  
 95 M	 2.97  
 96 K	 44.66  
 97 I	 3.06  
 98 Q	 28.92  
 99 Q	 57.43  
 100 K	 33.43  
 101 L	 5.77  
 102 K	 51.83  
 103 M	 7.39  
 104 E	 52.39  
 105 E	 51.25  
 106 Y	 12.25  
 107 D	 57.57  
 108 D	 30.24  
 109 V	 5.06  
 110 N	 36.01  
 111 L	 4.52  
 112 L	 2.90  
 113 T	 27.61  
 114 A	 18.65  
 115 D	 26.96  
 116 F	 5.24  
 117 Q	 37.49  
 118 L	 6.27  
 119 L	 2.76  
 120 F	 10.09  
 121 N	 47.74  
 122 N	 41.22  
 123 A	 11.86  
 124 K	 40.91  
 125 S	 31.14  
 126 Y	 18.14  
 127 Y	 24.12  
 128 K	 33.83  
 129 P	 31.06  
 130 D	 73.08  
 131 S	 28.32  
 132 P	 57.21  
 133 E	 64.71  
 134 Y	 14.87  
 135 K	 28.04  
 136 A	 19.72  
 137 A	 6.19  
 138 C	 4.43  
 139 K	 48.13  
 140 L	 4.29  
 141 W	 4.50  
 142 D	 35.55  
 143 L	 2.68  
 144 Y	 7.52  
 145 L	 6.15  
 146 R	 20.34  
 147 T	 34.94  
 148 R	 33.96  
 149 N	 46.58  
 150 E	 43.85  
 151 F	 8.89  
 152 V	 4.72  
 153 Q	 54.05  
 154 K	 54.11  
 155 G	 20.45  
 156 E	 56.83  
 157 A	 37.92  
 158 D	 56.37  
 159 D	 69.17  
 160 E	 64.98  
 161 D	 75.54  
 162 D	 60.18  
 163 D	 69.11  
 164 E	 71.66  
 165 D	 68.03  
 166 G	 34.39  
 167 Q	 59.82  
 168 D	 55.75  
 169 N	 34.00  
 170 Q	 58.17  
 171 G	 28.54  
 172 T	 17.94  
 173 V	 6.16  
 174 T	 34.17  
 175 E	 53.38  
 176 G	 24.86  
 177 S	 27.24  
 178 S	 25.14  
 179 P	 26.99  
 180 A	 25.00  
 181 Y	 22.99  
 182 L	 4.33  
 183 K	 29.99  
 184 E	 50.65  
 185 I	 4.98  
 186 L	 3.44  
 187 E	 44.86  
 188 Q	 48.15  
 189 L	 3.22  
 190 L	 4.11  
 191 E	 44.96  
 192 A	 10.39  
 193 I	 1.55  
 194 V	 2.86  
 195 V	 4.43  
 196 A	 7.26  
 197 T	 35.73  
 198 N	 21.00  
 199 P	 33.53  
 200 S	 38.32  
 201 G	 29.66  
 202 R	 32.93  
 203 L	 6.03  
 204 I	 2.64  
 205 S	 32.60  
 206 E	 46.76  
 207 L	 4.38  
 208 F	 5.45  
 209 Q	 60.03  
 210 K	 55.84  
 211 L	 3.94  
 212 P	 38.86  
 213 S	 56.76  
 214 K	 31.27  
 215 V	 8.49  
 216 Q	 48.02  
 217 Y	 10.89  
 218 P	 13.16  
 219 D	 44.11  
 220 Y	 7.12  
 221 Y	 9.94  
 222 A	 7.27  
 223 I	 2.40  
 224 I	 2.92  
 225 K	 51.85  
 226 E	 36.76  
 227 P	 22.01  
 228 I	 11.54  
 229 D	 53.48  
 230 L	 5.66  
 231 K	 33.85  
 232 T	 28.92  
 233 I	 2.69  
 234 A	 9.61  
 235 Q	 38.88  
 236 R	 24.36  
 237 I	 2.19  
 238 Q	 50.88  
 239 N	 38.72  
 240 G	 18.90  
 241 S	 36.62  
 242 Y	 15.34  
 243 K	 44.63  
 244 S	 16.04  
 245 I	 1.78  
 246 H	 19.28  
 247 A	 9.65  
 248 M	 2.70  
 249 A	 13.73  
 250 K	 41.97  
 251 D	 30.05  
 252 I	 3.86  
 253 D	 45.85  
 254 L	 5.24  
 255 L	 5.90  
 256 A	 15.45  
 257 K	 58.36  
 258 N	 40.85  
 259 A	 12.59  
 260 K	 62.02  
 261 T	 29.21  
 262 Y	 19.47  
 263 N	 54.97  
 264 E	 40.39  
 265 P	 44.06  
 266 G	 25.24  
 267 S	 33.61  
 268 Q	 51.05  
 269 V	 7.44  
 270 F	 4.61  
 271 K	 58.01  
 272 D	 39.25  
 273 A	 16.56  
 274 N	 55.17  
 275 S	 37.19  
 276 I	 5.45  
 277 K	 39.37  
 278 K	 36.06  
 279 I	 2.25  
 280 F	 7.19  
 281 Y	 16.11  
 282 M	 2.21  
 283 K	 37.14  
 284 K	 34.42  
 285 A	 19.92  
 286 E	 58.76  
 287 I	 7.94  
 288 E	 30.60  
 289 H	 28.06  
 290 H	 17.46  
 291 E	 42.62  
 292 M	 5.03  
 293 A	 12.95  
 294 K	 38.99  
 295 S	 25.68  
 296 S	 21.20  
 297 L	 6.87  
 298 R	 17.93  
 299 M	 7.30  
 300 R	 36.73  
 301 T	 23.02  
 302 P	 15.74  
 303 S	 43.81  
 304 N	 34.60  
 305 L	 3.94  
 306 A	 11.88  
 307 A	 9.04  
 308 A	 11.04  
 309 R	 28.23  
 310 L	 5.79  
 311 T	 41.30  
 312 G	 26.72  
 313 P	 24.51  
 314 S	 41.56  
 315 H	 36.34  
 316 S	 42.95  
 317 K	 47.28  
 318 G	 30.99  
 319 S	 36.62  
 320 L	 15.87  
 321 G	 36.09  
 322 E	 60.11  
 323 E	 56.83  
 324 R	 50.56  
 325 N	 47.70  
 326 P	 44.25  
 327 T	 41.21  
 328 S	 21.66  
 329 K	 49.10  
 330 Y	 13.87  
 331 Y	 16.08  
 332 R	 38.82  
 333 N	 23.26  
 334 K	 32.51  
 335 R	 43.47  
 336 A	 10.29  
 337 V	 6.71  
 338 Q	 47.87  
 339 G	 19.31  
 340 G	 15.40  
 341 R	 32.09  
 342 L	 4.60  
 343 S	 19.10  
 344 A	 13.08  
 345 I	 2.13  
 346 T	 8.98  
 347 M	 2.61  
 348 A	 5.27  
 349 L	 2.53  
 350 Q	 30.88  
 351 Y	 24.38  
 352 G	 16.39  
 353 S	 32.77  
 354 E	 58.78  
 355 S	 48.24  
 356 E	 56.71  
 357 E	 63.33  
 358 D	 32.84  
 359 A	 13.98  
 360 A	 15.28  
 361 L	 3.41  
 362 A	 8.37  
 363 A	 8.04  
 364 A	 14.69  
 365 R	 34.37  
 366 Y	 17.38  
 367 E	 54.71  
 368 E	 60.36  
 369 G	 31.61  
 370 E	 49.00  
 371 S	 53.62  
 372 E	 52.75  
 373 A	 25.72  
 374 E	 38.33  
 375 S	 37.91  
 376 I	 2.55  
 377 T	 25.78  
 378 S	 19.53  
 379 F	 3.47  
 380 M	 5.08  
 381 D	 38.39  
 382 V	 3.91  
 383 S	 34.22  
 384 N	 30.46  
 385 P	 23.09  
 386 F	 7.70  
 387 Y	 10.00  
 388 Q	 33.65  
 389 L	 2.59  
 390 Y	 8.27  
 391 D	 47.52  
 392 T	 12.31  
 393 V	 3.76  
 394 R	 31.93  
 395 S	 17.06  
 396 C	 3.65  
 397 R	 46.51  
 398 N	 49.88  
 399 N	 28.18  
 400 Q	 44.55  
 401 G	 26.78  
 402 Q	 21.67  
 403 L	 5.25  
 404 I	 2.91  
 405 A	 27.31  
 406 E	 29.02  
 407 P	 26.52  
 408 F	 4.52  
 409 Y	 17.11  
 410 H	 31.48  
 411 L	 3.31  
 412 P	 30.69  
 413 S	 64.56  
 414 K	 51.88  
 415 K	 62.97  
 416 K	 66.79  
 417 Y	 15.37  
 418 P	 31.82  
 419 D	 52.24  
 420 Y	 9.93  
 421 Y	 11.00  
 422 Q	 32.09  
 423 Q	 22.58  
 424 I	 2.14  
 425 K	 34.00  
 426 M	 3.68  
 427 P	 14.17  
 428 I	 6.01  
 429 S	 17.79  
 430 L	 4.50  
 431 Q	 29.84  
 432 Q	 32.21  
 433 I	 3.78  
 434 R	 22.82  
 435 T	 42.21  
 436 K	 47.84  
 437 L	 6.61  
 438 K	 59.13  
 439 N	 50.80  
 440 Q	 53.73  
 441 E	 55.52  
 442 Y	 12.40  
 443 E	 41.99  
 444 T	 36.26  
 445 L	 2.33  
 446 D	 52.31  
 447 H	 27.00  
 448 L	 7.56  
 449 E	 23.67  
 450 C	 10.18  
 451 D	 29.26  
 452 L	 8.84  
 453 N	 19.06  
 454 L	 5.60  
 455 M	 3.73  
 456 F	 8.04  
 457 E	 42.17  
 458 N	 39.22  
 459 A	 7.18  
 460 K	 67.98  
 461 R	 26.33  
 462 Y	 21.58  
 463 N	 46.96  
 464 V	 3.35  
 465 P	 25.97  
 466 N	 39.53  
 467 S	 15.24  
 468 A	 18.77  
 469 I	 4.12  
 470 Y	 7.77  
 471 K	 29.89  
 472 R	 23.25  
 473 V	 4.90  
 474 L	 5.49  
 475 K	 41.20  
 476 L	 3.63  
 477 Q	 32.03  
 478 Q	 42.98  
 479 V	 1.66  
 480 M	 2.52  
 481 Q	 51.69  
 482 A	 13.92  
 483 K	 47.70  
 484 K	 55.27  
 485 K	 58.20  
 486 E	 57.45  
 487 L	 6.53  
 488 A	 12.93  
 489 R	 56.01  
 490 R	 40.10  
 491 D	 56.54  
 492 D	 44.35  
 493 I	 6.44  
 494 E	 64.04  
 495 D	 67.54  
 496 G	 18.99  
 497 D	 47.56  
 498 S	 24.44  
 499 M	 4.02  
 500 I	 3.22  
 501 S	 12.79  
 502 S	 25.33  
 503 A	 12.34  
 504 T	 29.14  
 505 S	 32.65  
 506 D	 51.21  
 507 T	 32.57  
 508 G	 30.51  
 509 S	 32.48  
 510 A	 19.60  
 511 K	 63.15  
 512 R	 48.47  
 513 K	 66.96  
 514 S	 53.55  
 515 K	 53.53  
 516 K	 65.77  
 517 N	 42.93  
 518 I	 8.81  
 519 R	 38.15  
 520 K	 38.16  
 521 Q	 40.63  
 522 R	 31.25  
 523 M	 2.68  
 524 K	 38.15  
 525 I	 3.77  
 526 L	 1.82  
 527 F	 8.10  
 528 N	 21.39  
 529 V	 3.99  
 530 V	 4.14  
 531 L	 3.57  
 532 E	 33.79  
 533 A	 19.58  
 534 R	 41.07  
 535 E	 62.15  
 536 P	 36.38  
 537 G	 37.67  
 538 S	 39.58  
 539 G	 25.33  
 540 R	 30.05  
 541 R	 43.10  
 542 L	 2.28  
 543 C	 3.97  
 544 D	 47.75  
 545 L	 2.66  
 546 F	 3.18  
 547 M	 5.01  
 548 V	 6.90  
 549 K	 31.61  
 550 P	 39.71  
 551 S	 46.77  
 552 K	 59.18  
 553 K	 67.82  
 554 D	 65.03  
 555 Y	 13.59  
 556 P	 33.01  
 557 D	 53.84  
 558 Y	 11.36  
 559 Y	 11.77  
 560 K	 19.62  
 561 I	 2.22  
 562 I	 2.89  
 563 L	 7.42  
 564 E	 28.33  
 565 P	 20.38  
 566 M	 7.42  
 567 D	 56.37  
 568 L	 3.31  
 569 K	 37.06  
 570 I	 6.09  
 571 I	 4.16  
 572 E	 34.06  
 573 H	 25.30  
 574 N	 23.33  
 575 I	 4.73  
 576 R	 51.08  
 577 N	 46.45  
 578 D	 35.18  
 579 K	 40.32  
 580 Y	 23.78  
 581 A	 25.35  
 582 G	 30.33  
 583 E	 43.11  
 584 E	 53.82  
 585 G	 20.33  
 586 M	 3.25  
 587 I	 6.29  
 588 E	 43.06  
 589 D	 28.70  
 590 M	 2.02  
 591 K	 49.47  
 592 L	 2.92  
 593 M	 2.18  
 594 F	 8.69  
 595 R	 23.18  
 596 N	 30.02  
 597 A	 8.72  
 598 R	 36.05  
 599 H	 27.62  
 600 Y	 20.79  
 601 N	 34.42  
 602 E	 57.48  
 603 E	 61.58  
 604 G	 19.73  
 605 S	 21.54  
 606 Q	 53.20  
 607 V	 5.30  
 608 Y	 10.33  
 609 N	 40.93  
 610 D	 23.10  
 611 A	 6.49  
 612 H	 28.20  
 613 I	 5.95  
 614 L	 3.22  
 615 E	 40.84  
 616 K	 56.53  
 617 L	 6.36  
 618 L	 11.31  
 619 K	 72.18  
 620 E	 59.05  
 621 K	 68.15  
 622 R	 38.48  
 623 K	 69.25  
 624 E	 64.09  
 625 L	 10.84  
 626 G	 23.84  
 627 P	 54.03  
 628 L	 7.43  
 629 P	 46.23  
 630 D	 78.60  
 631 D	 52.44  
 632 D	 55.77  
 633 D	 41.35  
 634 M	 5.24  
 635 A	 29.67  
 636 S	 18.87  
 637 P	 36.14  
 638 K	 56.62  
 639 L	 8.40  
 640 K	 51.01  
 641 L	 9.67  
 642 S	 35.75  
 643 R	 47.82  
 644 K	 50.05  
 645 S	 40.00  
 646 G	 27.68  
 647 I	 9.10  
 648 S	 33.90  
 649 P	 46.29  
 650 K	 63.99  
 651 K	 56.41  
 652 S	 34.83  
 653 K	 48.17  
 654 Y	 17.20  
 655 M	 3.79  
 656 T	 16.72  
 657 P	 11.31  
 658 M	 4.92  
 659 Q	 38.16  
 660 Q	 46.05  
 661 K	 36.07  
 662 L	 6.01  
 663 N	 43.66  
 664 E	 57.84  
 665 V	 5.21  
 666 Y	 7.62  
 667 E	 52.76  
 668 A	 10.41  
 669 V	 2.49  
 670 K	 51.81  
 671 N	 38.03  
 672 Y	 15.59  
 673 T	 44.42  
 674 D	 28.44  
 675 K	 49.29  
 676 R	 46.81  
 677 G	 25.46  
 678 R	 40.16  
 679 R	 35.50  
 680 L	 3.80  
 681 S	 19.94  
 682 A	 10.92  
 683 I	 2.76  
 684 F	 3.04  
 685 L	 4.49  
 686 R	 33.53  
 687 L	 4.99  
 688 P	 22.66  
 689 S	 53.70  
 690 R	 32.01  
 691 S	 48.07  
 692 E	 64.31  
 693 L	 4.05  
 694 P	 24.41  
 695 D	 58.28  
 696 Y	 9.83  
 697 Y	 12.54  
 698 L	 3.04  
 699 T	 18.03  
 700 I	 5.08  
 701 K	 45.66  
 702 K	 41.55  
 703 P	 21.00  
 704 M	 12.00  
 705 D	 51.09  
 706 M	 4.61  
 707 E	 40.86  
 708 K	 36.46  
 709 I	 3.30  
 710 R	 31.42  
 711 S	 21.14  
 712 H	 10.53  
 713 M	 2.60  
 714 M	 2.88  
 715 A	 11.20  
 716 N	 26.18  
 717 K	 34.45  
 718 Y	 15.95  
 719 Q	 42.67  
 720 D	 43.50  
 721 I	 2.20  
 722 D	 38.68  
 723 S	 25.68  
 724 M	 3.20  
 725 V	 8.06  
 726 E	 36.77  
 727 D	 29.99  
 728 F	 2.10  
 729 V	 4.15  
 730 M	 2.28  
 731 M	 2.46  
 732 F	 3.26  
 733 N	 19.79  
 734 N	 25.73  
 735 A	 6.53  
 736 C	 4.51  
 737 T	 27.29  
 738 Y	 19.88  
 739 N	 39.95  
 740 E	 39.78  
 741 P	 32.60  
 742 E	 52.58  
 743 S	 30.68  
 744 L	 4.77  
 745 I	 5.82  
 746 Y	 14.22  
 747 K	 29.54  
 748 D	 28.32  
 749 A	 8.74  
 750 L	 6.37  
 751 V	 5.88  
 752 L	 3.17  
 753 H	 15.65  
 754 K	 30.34  
 755 V	 5.26  
 756 L	 4.22  
 757 L	 7.66  
 758 E	 35.79  
 759 T	 30.85  
 760 R	 22.27  
 761 R	 61.35  
 762 D	 45.86  
 763 L	 8.22  
 764 E	 69.73  
 765 G	 51.40  
 766 D	 47.34  
 767 E	 72.73  
 768 D	 49.10  
 769 S	 25.08  
 770 H	 51.91  
 771 V	 4.23  
 772 P	 24.93  
 773 N	 38.01  
 774 V	 3.06  
 775 T	 23.61  
 776 L	 3.27  
 777 L	 2.51  
 778 I	 3.17  
 779 Q	 39.14  
 780 E	 42.57  
 781 L	 2.50  
 782 I	 1.67  
 783 H	 37.25  
 784 N	 28.34  
 785 L	 2.51  
 786 F	 4.71  
 787 V	 4.80  
 788 S	 12.55  
 789 V	 3.71  
 790 M	 2.00  
 791 S	 18.81  
 792 H	 19.59  
 793 Q	 53.17  
 794 D	 50.97  
 795 D	 54.39  
 796 E	 57.75  
 797 G	 31.77  
 798 R	 17.72  
 799 C	 5.84  
 800 Y	 17.72  
 801 S	 25.09  
 802 D	 22.61  
 803 S	 24.44  
 804 L	 6.26  
 805 A	 19.34  
 806 E	 55.59  
 807 I	 1.90  
 808 P	 20.10  
 809 A	 24.81  
 810 V	 12.03  
 811 D	 34.23  
 812 P	 37.45  
 813 N	 61.62  
 814 F	 9.56  
 815 P	 55.35  
 816 N	 66.39  
 817 K	 48.53  
 818 P	 35.45  
 819 P	 45.71  
 820 L	 11.48  
 821 T	 25.65  
 822 F	 9.28  
 823 D	 30.12  
 824 I	 2.61  
 825 I	 5.74  
 826 R	 25.48  
 827 K	 55.74  
 828 N	 36.16  
 829 V	 10.51  
 830 E	 59.17  
 831 N	 33.71  
 832 N	 28.93  
 833 R	 37.61  
 834 Y	 11.38  
 835 R	 29.46  
 836 R	 24.50  
 837 L	 5.05  
 838 D	 43.56  
 839 L	 5.89  
 840 F	 8.82  
 841 Q	 47.16  
 842 E	 29.95  
 843 H	 18.56  
 844 M	 2.77  
 845 F	 6.74  
 846 E	 38.32  
 847 V	 4.62  
 848 L	 2.65  
 849 E	 49.85  
 850 R	 29.27  
 851 A	 8.28  
 852 R	 44.60  
 853 R	 26.24  
 854 M	 3.12  
 855 N	 41.72  
 856 R	 30.48  
 857 T	 38.58  
 858 D	 40.82  
 859 S	 25.86  
 860 E	 53.02  
 861 I	 5.45  
 862 Y	 12.05  
 863 E	 45.19  
 864 D	 38.65  
 865 A	 5.69  
 866 V	 13.43  
 867 E	 42.45  
 868 L	 3.79  
 869 Q	 25.24  
 870 Q	 48.09  
 871 F	 4.39  
 872 F	 4.90  
 873 I	 3.71  
 874 K	 26.91  
 875 I	 6.00  
 876 R	 26.75  
 877 D	 57.61  
 878 E	 46.34  
 879 L	 6.20  
 880 C	 2.79  
 881 K	 79.29  
 882 N	 52.94  
 883 G	 14.60  
 884 E	 39.60  
 885 I	 5.07  
 886 L	 3.18  
 887 L	 7.67  
 888 S	 12.51  
 889 P	 36.87  
 890 A	 13.03  
 891 L	 4.58  
 892 S	 23.65  
 893 Y	 21.19  
 894 T	 26.45  
 895 T	 14.29  
 896 K	 36.05  
 897 H	 30.17  
 898 L	 4.26  
 899 H	 28.32  
 900 N	 62.47  
 901 D	 38.92  
 902 V	 15.99  
 903 E	 52.65  
 904 K	 63.77  
 905 E	 56.32  
 906 R	 64.60  
 907 K	 61.36  
 908 E	 67.08  
 909 K	 73.46  
 910 L	 8.42  
 911 P	 43.21  
 912 K	 80.09  
 913 E	 54.41  
 914 I	 9.79  
 915 E	 62.32  
 916 E	 67.13  
 917 D	 49.12  
 918 K	 60.22  
 919 L	 11.06  
 920 K	 64.60  
 921 R	 67.98  
 922 E	 69.76  
 923 E	 73.23  
 924 E	 53.30  
 925 K	 59.84  
 926 R	 52.19  
 927 E	 72.71  
 928 A	 33.28  
 929 E	 52.97  
 930 K	 67.22  
 931 S	 37.83  
 932 E	 73.34  
 933 D	 56.01  
 934 S	 26.98  
 935 S	 44.78  
 936 G	 24.33  
 937 A	 10.58  
 938 A	 24.00  
 939 G	 21.60  
 940 L	 2.92  
 941 S	 38.09  
 942 G	 30.46  
 943 L	 1.91  
 944 H	 24.46  
 945 R	 40.16  
 946 T	 19.44  
 947 Y	 12.32  
 948 S	 20.94  
 949 Q	 45.36  
 950 D	 24.88  
 951 C	 3.90  
 952 S	 47.77  
 953 F	 12.49  
 954 K	 31.64  
 955 N	 29.96  
 956 S	 22.70  
 957 M	 3.61  
 958 Y	 7.99  
 959 H	 14.40  
 960 V	 3.26  
 961 G	 13.76  
 962 D	 28.74  
 963 Y	 6.43  
 964 V	 5.26  
 965 Y	 7.89  
 966 V	 5.18  
 967 E	 22.55  
 968 P	 25.92  
 969 A	 18.28  
 970 E	 49.13  
 971 A	 24.92  
 972 N	 30.62  
 973 L	 12.35  
 974 Q	 27.60  
 975 P	 23.49  
 976 H	 16.50  
 977 I	 3.26  
 978 V	 2.15  
 979 C	 2.37  
 980 I	 2.09  
 981 E	 36.27  
 982 R	 25.78  
 983 L	 3.68  
 984 W	 17.36  
 985 E	 46.83  
 986 D	 32.00  
 987 S	 27.02  
 988 A	 42.35  
 989 G	 40.75  
 990 E	 40.55  
 991 K	 41.40  
 992 W	 7.18  
 993 L	 3.79  
 994 Y	 14.77  
 995 G	 10.46  
 996 C	 1.11  
 997 W	 6.74  
 998 F	 4.27  
 999 Y	 10.72  
 1000 R	 20.35  
 1001 P	 31.46  
 1002 N	 52.52  
 1003 E	 56.38  
 1004 T	 24.01  
 1005 F	 3.47  
 1006 H	 23.21  
 1007 L	 4.56  
 1008 A	 9.22  
 1009 T	 40.53  
 1010 R	 23.32  
 1011 K	 50.36  
 1012 F	 10.84  
 1013 L	 11.73  
 1014 E	 50.75  
 1015 K	 62.42  
 1016 E	 43.76  
 1017 V	 12.40  
 1018 F	 7.04  
 1019 K	 47.82  
 1020 S	 21.27  
 1021 D	 50.99  
 1022 Y	 18.94  
 1023 Y	 17.31  
 1024 N	 32.40  
 1025 K	 31.62  
 1026 V	 5.15  
 1027 P	 26.69  
 1028 V	 11.58  
 1029 S	 14.12  
 1030 K	 42.03  
 1031 I	 4.83  
 1032 L	 6.53  
 1033 G	 25.45  
 1034 K	 22.02  
 1035 C	 2.37  
 1036 V	 3.89  
 1037 V	 3.27  
 1038 M	 1.27  
 1039 F	 4.86  
 1040 V	 2.19  
 1041 K	 35.12  
 1042 E	 51.40  
 1043 Y	 10.57  
 1044 F	 5.23  
 1045 K	 48.56  
 1046 L	 4.17  
 1047 C	 4.02  
 1048 P	 50.42  
 1049 E	 68.92  
 1050 N	 23.54  
 1051 F	 11.25  
 1052 R	 58.97  
 1053 D	 52.92  
 1054 E	 52.39  
 1055 D	 43.36  
 1056 V	 3.49  
 1057 F	 8.88  
 1058 V	 3.39  
 1059 C	 2.39  
 1060 E	 32.71  
 1061 S	 31.24  
 1062 R	 13.71  
 1063 Y	 23.43  
 1064 S	 23.37  
 1065 A	 18.01  
 1066 K	 51.01  
 1067 T	 31.47  
 1068 K	 53.87  
 1069 S	 47.75  
 1070 F	 11.29  
 1071 K	 61.76  
 1072 K	 42.96  
 1073 I	 4.58  
 1074 K	 47.02  
 1075 L	 5.39  
 1076 W	 5.90  
 1077 T	 24.41  
 1078 M	 1.55  
 1079 P	 18.88  
 1080 I	 3.13  
 1081 S	 19.53  
 1082 S	 20.31  
 1083 V	 4.37  
 1084 R	 28.88  
 1085 F	 9.22  
 1086 V	 2.38  
 1087 P	 24.84  
 1088 R	 52.86  
 1089 D	 40.07  
 1090 V	 5.75  
 1091 P	 34.92  
 1092 L	 5.16  
 1093 P	 19.25  
 1094 V	 5.90  
 1095 V	 3.73  
 1096 R	 20.65  
 1097 V	 2.92  
 1098 A	 6.87  
 1099 S	 18.21  
 1100 V	 3.66  
 1101 F	 3.93  
 1102 A	 14.24  
 1103 N	 36.89  
 1104 A	 19.23  
 1105 D	 56.10  
 1106 K	 62.93  
 1107 G	 48.42  
 1108 D	 67.64  
 1109 D	 76.94  
 1110 E	 53.60  
 1111 K	 72.62  
 1112 N	 51.09  
 1113 T	 47.85  
 1114 D	 67.08  
 1115 N	 45.30  
 1116 S	 45.66  
 1117 E	 67.28  
 1118 D	 43.15  
 1119 S	 29.37  
 1120 R	 55.08  
 1121 A	 32.23  
 1122 E	 52.99  
 1123 D	 65.13  
 1124 N	 21.15  
 1125 F	 19.99  
 1126 N	 54.25  
 1127 L	 9.71  
 1128 E	 61.34  
 1129 K	 76.80  
 1130 E	 52.91  
 1131 K	 70.99  
 1132 E	 66.39  
 1133 D	 62.17  
 1134 V	 6.32  
 1135 P	 28.77  
 1136 V	 10.95  
 1137 E	 30.72  
 1138 M	 3.72  
 1139 S	 28.33  
 1140 N	 58.50  
 1141 G	 34.86  
 1142 E	 42.65  
 1143 P	 52.70  
 1144 G	 13.41  
 1145 C	 3.26  
 1146 H	 35.91  
 1147 Y	 16.94  
 1148 F	 1.83  
 1149 E	 45.10  
 1150 Q	 24.52  
 1151 L	 3.49  
 1152 H	 21.03  
 1153 Y	 22.81  
 1154 N	 23.16  
 1155 D	 23.59  
 1156 M	 3.93  
 1157 W	 8.90  
 1158 L	 2.30  
 1159 K	 28.76  
 1160 V	 7.97  
 1161 G	 22.48  
 1162 D	 28.52  
 1163 C	 1.90  
 1164 V	 7.08  
 1165 F	 7.97  
 1166 I	 1.92  
 1167 K	 25.57  
 1168 S	 20.26  
 1169 H	 28.71  
 1170 G	 32.72  
 1171 L	 2.18  
 1172 V	 10.55  
 1173 R	 20.53  
 1174 P	 28.03  
 1175 R	 32.72  
 1176 V	 7.19  
 1177 G	 26.57  
 1178 R	 30.91  
 1179 I	 5.03  
 1180 E	 39.95  
 1181 K	 38.74  
 1182 V	 3.56  
 1183 W	 7.18  
 1184 V	 4.47  
 1185 R	 22.42  
 1186 D	 41.27  
 1187 G	 11.09  
 1188 A	 11.86  
 1189 A	 10.66  
 1190 Y	 9.22  
 1191 F	 4.95  
 1192 Y	 14.87  
 1193 G	 10.03  
 1194 P	 13.62  
 1195 I	 4.38  
 1196 F	 4.77  
 1197 I	 5.69  
 1198 H	 16.99  
 1199 P	 35.98  
 1200 E	 64.49  
 1201 E	 65.04  
 1202 T	 40.77  
 1203 E	 49.92  
 1204 H	 54.48  
 1205 E	 48.73  
 1206 P	 38.95  
 1207 T	 31.96  
 1208 K	 37.41  
 1209 M	 4.96  
 1210 F	 9.60  
 1211 Y	 20.04  
 1212 K	 31.06  
 1213 K	 47.97  
 1214 E	 34.06  
 1215 V	 8.86  
 1216 F	 6.94  
 1217 L	 3.92  
 1218 S	 28.09  
 1219 N	 54.33  
 1220 L	 5.90  
 1221 E	 56.35  
 1222 E	 59.90  
 1223 T	 16.72  
 1224 C	 2.16  
 1225 P	 28.65  
 1226 M	 5.33  
 1227 T	 4.99  
 1228 C	 1.64  
 1229 I	 4.12  
 1230 L	 6.12  
 1231 G	 11.77  
 1232 K	 18.64  
 1233 C	 2.76  
 1234 A	 14.58  
 1235 V	 6.88  
 1236 L	 2.37  
 1237 S	 24.53  
 1238 F	 8.44  
 1239 K	 44.16  
 1240 D	 47.94  
 1241 F	 5.80  
 1242 L	 7.29  
 1243 S	 14.20  
 1244 C	 7.03  
 1245 R	 37.49  
 1246 P	 38.42  
 1247 T	 27.48  
 1248 E	 60.26  
 1249 I	 5.96  
 1250 P	 28.27  
 1251 E	 73.52  
 1252 N	 35.95  
 1253 D	 31.11  
 1254 I	 4.82  
 1255 L	 5.09  
 1256 L	 2.88  
 1257 C	 3.91  
 1258 E	 37.91  
 1259 S	 38.78  
 1260 R	 18.92  
 1261 Y	 32.34  
 1262 N	 40.98  
 1263 E	 51.91  
 1264 S	 46.61  
 1265 D	 38.74  
 1266 K	 62.66  
 1267 Q	 54.65  
 1268 M	 6.67  
 1269 K	 53.19  
 1270 K	 47.14  
 1271 F	 6.73  
 1272 K	 72.68  
 1273 G	 39.29  
 1274 L	 3.57  
 1275 K	 61.13  
 1276 R	 31.28  
 1277 F	 9.12  
 1278 S	 26.00  
 1279 L	 5.47  
 1280 S	 25.50  
 1281 A	 17.60  
 1282 K	 39.14  
 1283 V	 5.96  
 1284 V	 8.28  
 1285 D	 51.30  
 1286 D	 32.36  
 1287 E	 28.55  
 1288 I	 4.32  
 1289 Y	 8.43  
 1290 Y	 11.54  
 1291 F	 4.55  
 1292 R	 27.93  
 1293 K	 29.24  
 1294 P	 28.66  
 1295 I	 8.72  
 1296 V	 5.80  
 1297 P	 40.00  
 1298 Q	 52.42  
 1299 K	 66.57  
 1300 E	 45.85  
 1301 P	 48.56  
 1302 S	 29.31  
 1303 P	 52.24  
 1304 L	 13.00  
 1305 L	 11.71  
 1306 E	 61.05  
 1307 K	 55.96  
 1308 K	 26.72  
 1309 I	 5.30  
 1310 Q	 49.20  
 1311 L	 5.48  
 1312 L	 3.26  
 1313 E	 59.41  
 1314 A	 16.55  
 1315 K	 35.41  
 1316 F	 9.11  
 1317 A	 21.54  
 1318 E	 50.95  
 1319 L	 7.13  
 1320 E	 53.27  
 1321 G	 58.41  
 1322 G	 26.29  
 1323 D	 62.36  
 1324 D	 63.16  
 1325 D	 55.74  
 1326 I	 6.59  
 1327 E	 49.26  
 1328 E	 53.47  
 1329 M	 5.48  
 1330 G	 38.12  
 1331 E	 58.27  
 1332 E	 62.19  
 1333 D	 45.88  
 1334 S	 36.72  
 1335 E	 60.89  
 1336 V	 7.51  
 1337 I	 6.05  
 1338 E	 57.23  
 1339 P	 16.80  
 1340 P	 35.39  
 1341 S	 64.50  
 1342 L	 3.75  
 1343 P	 36.85  
 1344 Q	 52.04  
 1345 L	 6.05  
 1346 Q	 35.51  
 1347 T	 28.94  
 1348 P	 16.99  
 1349 L	 10.46  
 1350 A	 11.36  
 1351 S	 46.50  
 1352 E	 40.47  
 1353 L	 5.93  
 1354 D	 36.55  
 1355 L	 6.10  
 1356 M	 2.08  
 1357 P	 36.82  
 1358 Y	 20.22  
 1359 T	 23.71  
 1360 P	 21.06  
 1361 P	 32.71  
 1362 Q	 62.23  
 1363 S	 53.07  
 1364 T	 29.50  
 1365 P	 33.57  
 1366 K	 64.23  
 1367 S	 36.09  
 1368 A	 26.76  
 1369 K	 61.56  
 1370 G	 32.33  
 1371 S	 35.89  
 1372 A	 35.29  
 1373 K	 53.72  
 1374 K	 68.00  
 1375 E	 68.91  
 1376 G	 47.55  
 1377 S	 30.31  
 1378 K	 69.44  
 1379 R	 46.94  
 1380 K	 42.01  
 1381 I	 6.42  
 1382 N	 22.92  
 1383 M	 3.61  
 1384 S	 24.77  
 1385 G	 11.61  
 1386 Y	 6.27  
 1387 I	 3.41  
 1388 L	 2.28  
 1389 F	 5.68  
 1390 S	 23.19  
 1391 S	 28.25  
 1392 E	 31.33  
 1393 M	 3.44  
 1394 R	 22.96  
 1395 A	 13.18  
 1396 V	 3.04  
 1397 I	 2.74  
 1398 K	 35.08  
 1399 A	 11.20  
 1400 Q	 43.58  
 1401 H	 23.27  
 1402 P	 30.10  
 1403 D	 49.97  
 1404 Y	 15.45  
 1405 S	 33.87  
 1406 F	 7.79  
 1407 G	 29.06  
 1408 E	 41.37  
 1409 L	 3.55  
 1410 S	 21.18  
 1411 R	 46.12  
 1412 L	 3.61  
 1413 V	 9.66  
 1414 G	 23.62  
 1415 T	 25.54  
 1416 E	 38.21  
 1417 W	 8.36  
 1418 R	 31.46  
 1419 N	 43.21  
 1420 L	 4.67  
 1421 E	 50.71  
 1422 T	 47.12  
 1423 A	 11.28  
 1424 K	 60.99  
 1425 K	 43.94  
 1426 A	 24.73  
 1427 E	 63.46  
 1428 Y	 28.13  
 1429 E	 32.29  
 1430 E	 46.87  
 1431 R	 28.09  
 1432 A	 18.21  
 1433 A	 17.05  
 1434 K	 40.78  
 1435 V	 6.42  
 1436 A	 14.26  
 1437 E	 56.64  
 1438 Q	 40.47  
 1439 Q	 43.13  
 1440 E	 57.09  
 1441 R	 34.07  
 1442 E	 46.01  
 1443 R	 41.25  
 1444 A	 12.60  
 1445 A	 17.59  
 1446 Q	 40.40  
 1447 Q	 38.87  
 1448 Q	 45.10  
 1449 Q	 29.58  
 1450 P	 27.76  
 1451 S	 36.72  
 1452 A	 30.18  
 1453 S	 21.18  
 1454 P	 29.83  
 1455 R	 43.06  
 1456 A	 29.60  
 1457 G	 31.65  
 1458 T	 17.51  
 1459 P	 22.94  
 1460 V	 7.61  
 1461 G	 17.75  
 1462 A	 8.46  
 1463 L	 2.23  
 1464 M	 3.67  
 1465 G	 20.37  
 1466 V	 3.48  
 1467 V	 4.95  
 1468 P	 27.09  
 1469 P	 33.51  
 1470 P	 42.96  
 1471 T	 31.51  
 1472 P	 24.09  
 1473 M	 5.61  
 1474 G	 20.73  
 1475 M	 2.30  
 1476 L	 4.30  
 1477 N	 20.75  
 1478 Q	 35.38  
 1479 Q	 46.35  
 1480 L	 4.15  
 1481 T	 16.04  
 1482 P	 23.66  
 1483 V	 6.40  
 1484 A	 11.02  
 1485 G	 13.57  
 1486 M	 1.30  
 1487 M	 3.54  
 1488 G	 24.48  
 1489 G	 17.55  
 1490 Y	 10.67  
 1491 P	 21.54  
 1492 P	 48.77  
 1493 G	 46.44  
 1494 L	 4.94  
 1495 P	 33.21  
 1496 P	 42.21  
 1497 L	 9.68  
 1498 Q	 60.98  
 1499 G	 31.70  
 1500 P	 14.20  
 1501 V	 13.42  
 1502 D	 48.09  
 1503 G	 28.36  
 1504 L	 1.92  
 1505 V	 4.53  
 1506 S	 23.59  
 1507 M	 3.43  
 1508 G	 16.68  
 1509 S	 12.95  
 1510 M	 3.84  
 1511 Q	 38.82  
 1512 P	 24.80  
 1513 L	 4.24  
 1514 H	 26.16  
 1515 P	 58.06  
 1516 G	 50.95  
 1517 G	 35.67  
 1518 P	 45.20  
 1519 P	 44.10  
 1520 P	 30.57  
 1521 H	 40.67  
 1522 H	 45.89  
 1523 L	 5.07  
 1524 P	 21.17  
 1525 P	 63.87  
 1526 G	 35.99  
 1527 V	 4.13  
 1528 P	 44.51  
 1529 G	 41.94  
 1530 L	 2.62  
 1531 P	 44.58  
 1532 G	 50.51  
 1533 I	 4.35  
 1534 P	 34.64  
 1535 P	 36.03  
 1536 P	 42.53  
 1537 G	 36.76  
 1538 V	 3.92  
 1539 M	 3.72  
 1540 N	 32.80  
 1541 Q	 29.64  
 1542 G	 16.73  
 1543 V	 3.78  
 1544 A	 8.03  
 1545 P	 18.65  
 1546 M	 2.90  
 1547 V	 8.22  
 1548 G	 21.52  
 1549 T	 12.60  
 1550 P	 30.45  
 1551 A	 18.40  
 1552 P	 49.21  
 1553 G	 51.85  
 1554 G	 25.12  
 1555 S	 22.36  
 1556 P	 40.31  
 1557 Y	 29.30  
 1558 G	 18.15  
 1559 Q	 29.01  
 1560 Q	 29.57  
 1561 V	 4.38  
 1562 G	 12.47  
 1563 V	 6.16  
 1564 L	 7.58  
 1565 G	 24.77  
 1566 P	 26.20  
 1567 P	 51.96  
 1568 G	 35.05  
 1569 Q	 41.87  
 1570 Q	 62.85  
 1571 A	 15.64  
 1572 P	 26.51  
 1573 P	 44.03  
 1574 P	 47.06  
 1575 Y	 26.96  
 1576 P	 56.46  
 1577 G	 27.57  
 1578 P	 26.28  
 1579 H	 30.66  
 1580 P	 41.88  
 1581 A	 39.84  
 1582 G	 31.34  
 1583 P	 23.30  
 1584 P	 34.62  
 1585 V	 7.50  
 1586 I	 3.77  
 1587 Q	 43.35  
 1588 Q	 26.61  
 1589 P	 23.12  
 1590 T	 38.91  
 1591 T	 21.31  
 1592 P	 19.38  
 1593 M	 3.86  
 1594 F	 4.45  
 1595 V	 6.77  
 1596 A	 10.30  
 1597 P	 40.19  
 1598 P	 33.03  
 1599 P	 51.79  
 1600 K	 64.16  
 1601 T	 25.37  
 1602 Q	 39.90  
 1603 R	 44.44  
 1604 L	 3.47  
 1605 L	 4.56  
 1606 H	 28.34  
 1607 S	 24.72  
 1608 E	 30.50  
 1609 A	 20.27  
 1610 Y	 10.32  
 1611 L	 4.35  
 1612 K	 31.35  
 1613 Y	 11.12  
 1614 I	 3.02  
 1615 E	 51.49  
 1616 G	 18.51  
 1617 L	 2.58  
 1618 S	 40.63  
 1619 A	 29.31  
 1620 E	 47.26  
 1621 S	 35.28  
 1622 N	 34.56  
 1623 S	 37.20  
 1624 I	 6.01  
 1625 S	 27.75  
 1626 K	 53.79  
 1627 W	 8.99  
 1628 D	 35.01  
 1629 Q	 36.98  
 1630 T	 18.85  
 1631 L	 2.66  
 1632 A	 11.43  
 1633 A	 14.50  
 1634 R	 28.67  
 1635 R	 34.13  
 1636 R	 44.76  
 1637 D	 30.31  
 1638 V	 4.67  
 1639 H	 28.77  
 1640 L	 8.65  
 1641 S	 21.19  
 1642 K	 70.54  
 1643 E	 57.09  
 1644 Q	 58.67  
 1645 E	 38.63  
 1646 S	 38.52  
 1647 R	 50.28  
 1648 L	 7.70  
 1649 P	 24.04  
 1650 S	 31.70  
 1651 H	 31.76  
 1652 W	 15.15  
 1653 L	 3.62  
 1654 K	 44.95  
 1655 S	 33.86  
 1656 K	 59.54  
 1657 G	 29.67  
 1658 A	 10.69  
 1659 H	 30.46  
 1660 T	 20.10  
 1661 T	 10.65  
 1662 M	 3.14  
 1663 A	 9.24  
 1664 D	 31.22  
 1665 A	 10.25  
 1666 L	 2.55  
 1667 W	 10.05  
 1668 R	 22.24  
 1669 L	 3.19  
 1670 R	 26.83  
 1671 D	 40.81  
 1672 L	 2.55  
 1673 M	 3.19  
 1674 L	 6.11  
 1675 R	 22.39  
 1676 D	 52.14  
 1677 T	 18.44  
 1678 L	 6.17  
 1679 N	 29.50  
 1680 I	 3.77  
 1681 R	 17.63  
 1682 Q	 44.39  
 1683 A	 5.82  
 1684 Y	 16.37  
 1685 N	 43.84  
 1686 L	 3.10  
 1687 E	 52.92  
 1688 N	 48.22  
 1689 V	 6.40  
