 1 M	 12.93  
 2 R	 55.10  
 3 E	 59.57  
 4 K	 47.56  
 5 G	 29.85  
 6 R	 59.31  
 7 R	 54.42  
 8 K	 59.21  
 9 K	 52.38  
 10 G	 34.97  
 11 R	 35.65  
 12 T	 37.38  
 13 W	 7.25  
 14 A	 8.92  
 15 E	 40.49  
 16 A	 13.40  
 17 A	 10.27  
 18 K	 46.33  
 19 T	 26.12  
 20 V	 6.83  
 21 L	 5.94  
 22 E	 46.32  
 23 K	 62.94  
 24 Y	 7.73  
 25 P	 49.65  
 26 N	 54.44  
 27 T	 18.83  
 28 P	 28.99  
 29 M	 6.53  
 30 S	 32.39  
 31 H	 26.05  
 32 K	 38.86  
 33 E	 43.43  
 34 I	 3.77  
 35 L	 3.31  
 36 Q	 35.61  
 37 V	 3.45  
 38 I	 1.74  
 39 Q	 38.22  
 40 R	 28.91  
 41 E	 53.13  
 42 G	 44.21  
 43 L	 3.74  
 44 K	 64.95  
 45 E	 47.64  
 46 I	 4.38  
 47 S	 36.79  
 48 G	 35.55  
 49 T	 22.00  
 50 S	 22.80  
 51 P	 24.66  
 52 L	 5.42  
 53 A	 10.11  
 54 C	 3.87  
 55 L	 3.68  
 56 N	 24.16  
 57 A	 6.75  
 58 M	 2.47  
 59 L	 4.13  
 60 H	 15.21  
 61 T	 30.81  
 62 N	 20.97  
 63 S	 42.70  
 64 R	 59.62  
 65 G	 36.81  
 66 E	 52.52  
 67 E	 61.48  
 68 G	 15.82  
 69 I	 3.74  
 70 F	 7.69  
 71 Y	 14.78  
 72 K	 31.07  
 73 V	 4.07  
 74 P	 22.11  
 75 G	 34.88  
 76 R	 16.77  
 77 M	 5.44  
 78 G	 14.12  
 79 V	 2.11  
 80 Y	 10.71  
 81 T	 29.69  
 82 L	 3.39  
 83 K	 38.84  
 84 K	 68.05  
 85 D	 56.44  
 86 V	 6.81  
 87 P	 42.65  
 88 D	 74.49  
 89 G	 26.73  
 90 V	 5.93  
 91 K	 59.47  
 92 E	 55.94  
 93 L	 4.71  
 94 S	 40.79  
 95 E	 78.38  
 96 G	 36.66  
 97 S	 33.85  
 98 E	 73.15  
 99 E	 58.18  
 100 S	 29.67  
 101 S	 49.38  
 102 D	 69.31  
 103 G	 30.73  
 104 Q	 49.40  
 105 S	 44.77  
 106 D	 42.69  
 107 S	 36.89  
 108 Q	 56.84  
 109 S	 43.50  
 110 S	 32.91  
 111 E	 67.39  
 112 N	 49.49  
 113 S	 27.78  
 114 S	 45.91  
 115 S	 33.41  
 116 S	 34.10  
 117 S	 42.07  
 118 D	 68.38  
 119 G	 43.29  
 120 G	 32.79  
 121 S	 50.70  
 122 N	 50.07  
 123 K	 70.33  
 124 E	 79.20  
 125 G	 44.28  
 126 K	 48.98  
 127 K	 56.99  
 128 S	 47.03  
 129 R	 52.38  
 130 W	 16.34  
 131 K	 41.03  
 132 R	 37.33  
 133 K	 42.62  
 134 V	 8.56  
 135 S	 27.77  
 136 S	 37.51  
 137 S	 38.23  
 138 S	 28.98  
 139 P	 34.01  
 140 Q	 55.17  
 141 S	 45.83  
 142 G	 23.31  
 143 C	 3.50  
 144 P	 47.04  
 145 S	 38.46  
 146 P	 21.35  
 147 T	 43.88  
 148 I	 2.21  
 149 P	 37.12  
 150 A	 26.96  
 151 G	 21.29  
 152 K	 38.20  
 153 V	 5.25  
 154 I	 5.97  
 155 S	 22.83  
 156 P	 29.65  
 157 S	 45.10  
 158 Q	 51.36  
 159 K	 54.93  
 160 H	 36.89  
 161 S	 42.77  
 162 K	 41.61  
 163 K	 63.06  
 164 A	 24.59  
 165 L	 6.08  
 166 K	 38.08  
 167 Q	 53.42  
 168 A	 18.36  
 169 L	 4.82  
 170 K	 49.42  
 171 Q	 47.36  
 172 Q	 46.19  
 173 Q	 55.34  
 174 Q	 51.04  
 175 K	 48.49  
 176 K	 49.34  
 177 Q	 54.04  
 178 Q	 44.16  
 179 Q	 41.67  
 180 Q	 22.35  
 181 C	 6.33  
 182 R	 24.54  
 183 P	 43.57  
 184 S	 15.04  
 185 I	 4.74  
 186 S	 22.28  
 187 I	 5.09  
 188 S	 19.22  
 189 S	 38.55  
 190 N	 26.88  
 191 Q	 40.63  
 192 H	 22.95  
 193 L	 4.64  
 194 S	 26.20  
 195 L	 7.30  
 196 K	 48.15  
 197 T	 32.31  
 198 V	 3.67  
 199 K	 43.39  
 200 A	 14.09  
 201 A	 14.25  
 202 S	 34.97  
 203 D	 49.26  
 204 S	 27.75  
 205 V	 6.84  
 206 P	 38.22  
 207 A	 28.45  
 208 K	 29.17  
 209 P	 36.71  
 210 A	 25.33  
 211 T	 32.35  
 212 W	 17.91  
 213 E	 52.76  
 214 G	 25.51  
 215 K	 34.80  
 216 Q	 58.57  
 217 S	 47.39  
 218 D	 51.21  
 219 G	 32.00  
 220 Q	 47.91  
 221 T	 45.19  
 222 G	 29.46  
 223 S	 27.05  
 224 P	 38.42  
 225 Q	 68.62  
 226 N	 46.68  
 227 S	 32.61  
 228 N	 49.58  
 229 S	 32.36  
 230 S	 33.14  
 231 F	 9.13  
 232 S	 24.53  
 233 S	 36.82  
 234 S	 25.43  
 235 V	 9.70  
 236 K	 45.86  
 237 V	 6.85  
 238 E	 38.49  
 239 N	 38.73  
 240 T	 15.17  
 241 L	 5.57  
 242 L	 5.11  
 243 G	 35.18  
 244 L	 10.30  
 245 G	 33.28  
 246 K	 50.73  
 247 K	 55.49  
 248 S	 30.05  
 249 F	 10.85  
 250 Q	 55.89  
 251 R	 38.17  
 252 S	 19.11  
 253 E	 62.54  
 254 R	 32.77  
 255 L	 4.20  
 256 H	 25.81  
 257 T	 27.47  
 258 R	 24.69  
 259 Q	 42.79  
 260 M	 2.60  
 261 K	 48.88  
 262 R	 33.79  
 263 T	 25.59  
 264 K	 31.30  
 265 C	 3.98  
 266 A	 20.53  
 267 D	 47.28  
 268 I	 3.21  
 269 D	 32.52  
 270 V	 10.10  
 271 E	 51.37  
 272 T	 32.04  
 273 P	 21.61  
 274 D	 56.59  
 275 S	 21.01  
 276 I	 6.93  
 277 L	 2.55  
 278 V	 8.71  
 279 N	 21.58  
 280 T	 28.31  
 281 N	 23.48  
 282 L	 2.97  
 283 R	 29.44  
 284 A	 18.89  
 285 L	 3.42  
 286 I	 6.69  
 287 N	 30.79  
 288 K	 36.71  
 289 H	 27.88  
 290 T	 21.15  
 291 F	 4.80  
 292 S	 24.73  
 293 V	 6.98  
 294 L	 3.67  
 295 P	 34.13  
 296 G	 44.13  
 297 D	 25.72  
 298 C	 4.62  
 299 Q	 35.85  
 300 Q	 44.30  
 301 R	 11.04  
 302 L	 3.25  
 303 L	 3.27  
 304 L	 5.67  
 305 L	 8.27  
 306 L	 3.24  
 307 P	 39.26  
 308 E	 57.95  
 309 V	 7.50  
 310 D	 33.36  
 311 R	 37.96  
 312 Q	 39.80  
 313 V	 14.49  
 314 G	 13.27  
 315 P	 33.37  
 316 D	 57.86  
 317 G	 30.70  
 318 L	 3.40  
 319 M	 5.92  
 320 K	 43.79  
 321 L	 5.67  
 322 N	 36.53  
 323 G	 25.40  
 324 S	 28.63  
 325 A	 18.73  
 326 L	 8.29  
 327 N	 45.78  
 328 N	 48.58  
 329 E	 40.85  
 330 F	 9.83  
 331 F	 4.26  
 332 T	 23.83  
 333 S	 19.22  
 334 A	 10.76  
 335 A	 14.26  
 336 Q	 58.98  
 337 G	 32.47  
 338 W	 6.30  
 339 K	 39.52  
 340 E	 52.96  
 341 R	 39.52  
 342 L	 5.99  
 343 S	 50.18  
 344 E	 68.30  
 345 G	 31.76  
 346 E	 42.15  
 347 F	 23.68  
 348 T	 17.65  
 349 P	 40.14  
 350 E	 38.91  
 351 M	 4.74  
 352 Q	 21.48  
 353 V	 5.47  
 354 R	 11.07  
 355 I	 5.83  
 356 R	 19.95  
 357 Q	 54.36  
 358 E	 43.18  
 359 I	 7.49  
 360 E	 55.18  
 361 K	 79.20  
 362 E	 45.37  
 363 K	 73.51  
 364 K	 53.58  
 365 V	 18.51  
 366 E	 55.08  
 367 P	 50.88  
 368 W	 11.87  
 369 K	 52.97  
 370 E	 49.07  
 371 Q	 44.60  
 372 F	 8.44  
 373 F	 6.44  
 374 E	 38.84  
 375 S	 20.64  
 376 Y	 12.38  
 377 Y	 20.26  
 378 G	 16.80  
 379 Q	 20.50  
 380 S	 23.24  
 381 S	 35.55  
 382 G	 25.24  
 383 L	 5.96  
 384 S	 32.98  
 385 L	 11.58  
 386 E	 57.79  
 387 D	 71.67  
 388 S	 23.47  
 389 K	 65.21  
 390 K	 55.83  
 391 L	 5.78  
 392 T	 33.69  
 393 A	 29.85  
 394 S	 21.50  
 395 P	 40.04  
 396 S	 65.14  
 397 D	 50.88  
 398 P	 47.91  
 399 K	 72.22  
 400 V	 10.53  
 401 K	 57.99  
 402 K	 63.83  
 403 T	 23.24  
 404 P	 42.55  
 405 A	 33.03  
 406 E	 69.49  
 407 Q	 53.48  
 408 P	 23.38  
 409 K	 60.11  
 410 S	 34.69  
 411 M	 4.79  
 412 P	 33.31  
 413 V	 6.38  
 414 S	 22.90  
 415 E	 42.38  
 416 A	 11.35  
 417 S	 21.93  
 418 L	 3.83  
 419 I	 2.33  
 420 R	 29.19  
 421 I	 3.05  
 422 V	 1.80  
 423 P	 20.58  
 424 V	 4.48  
 425 V	 3.36  
 426 S	 28.37  
 427 Q	 31.47  
 428 S	 37.14  
 429 E	 41.81  
 430 C	 9.00  
 431 K	 55.31  
 432 E	 61.23  
 433 E	 39.93  
 434 A	 12.27  
 435 L	 5.06  
 436 Q	 36.44  
 437 M	 4.44  
 438 S	 22.03  
 439 S	 26.49  
 440 P	 39.02  
 441 G	 56.06  
 442 R	 46.74  
 443 K	 64.87  
 444 E	 67.53  
 445 E	 46.77  
 446 C	 6.81  
 447 E	 49.75  
 448 S	 55.96  
 449 Q	 29.76  
 450 G	 46.45  
 451 E	 30.28  
 452 V	 17.12  
 453 Q	 23.94  
 454 P	 49.35  
 455 N	 26.81  
 456 F	 12.25  
 457 S	 33.74  
 458 T	 31.94  
 459 S	 31.35  
 460 S	 43.23  
 461 E	 39.47  
 462 P	 40.32  
 463 L	 6.77  
 464 L	 5.78  
 465 S	 22.65  
 466 S	 36.42  
 467 A	 11.06  
 468 L	 9.08  
 469 N	 38.82  
 470 T	 19.99  
 471 H	 32.69  
 472 E	 48.59  
 473 L	 3.65  
 474 S	 16.61  
 475 S	 40.55  
 476 I	 4.82  
 477 L	 3.76  
 478 P	 23.48  
 479 I	 6.86  
 480 K	 42.41  
 481 C	 5.40  
 482 P	 41.97  
 483 K	 81.08  
 484 D	 39.52  
 485 E	 57.60  
 486 D	 67.69  
 487 L	 5.51  
 488 L	 11.51  
 489 E	 64.95  
 490 Q	 56.15  
 491 K	 31.89  
 492 P	 34.02  
 493 V	 9.46  
 494 T	 30.65  
 495 S	 30.00  
 496 A	 17.08  
 497 E	 55.43  
 498 Q	 60.27  
 499 E	 52.98  
 500 S	 54.27  
 501 E	 58.06  
 502 K	 59.97  
 503 N	 31.20  
 504 H	 35.30  
 505 L	 6.77  
 506 T	 16.86  
 507 T	 34.15  
 508 A	 7.19  
 509 S	 37.44  
 510 N	 41.77  
 511 Y	 22.82  
 512 N	 45.70  
 513 K	 45.28  
 514 S	 38.55  
 515 E	 59.04  
 516 S	 46.46  
 517 Q	 40.00  
 518 E	 56.15  
 519 S	 22.09  
 520 L	 4.85  
 521 V	 7.48  
 522 T	 39.97  
 523 S	 21.50  
 524 P	 36.69  
 525 S	 62.45  
 526 K	 60.90  
 527 P	 46.85  
 528 K	 73.37  
 529 S	 35.10  
 530 P	 57.90  
 531 G	 47.51  
 532 V	 10.97  
 533 E	 60.06  
 534 K	 37.32  
 535 P	 24.09  
 536 I	 10.35  
 537 V	 9.13  
 538 K	 37.05  
 539 P	 19.31  
 540 T	 31.82  
 541 A	 17.86  
 542 G	 33.28  
 543 A	 24.83  
 544 G	 24.41  
 545 P	 28.44  
 546 Q	 70.04  
 547 E	 45.33  
 548 T	 35.05  
 549 N	 38.48  
 550 M	 7.31  
 551 K	 59.24  
 552 E	 34.47  
 553 P	 23.06  
 554 L	 6.28  
 555 A	 15.03  
 556 T	 34.69  
 557 L	 3.12  
 558 V	 5.67  
 559 D	 46.48  
 560 Q	 54.10  
 561 S	 26.60  
 562 P	 29.57  
 563 E	 74.15  
 564 S	 42.44  
 565 L	 6.24  
 566 K	 68.04  
 567 R	 49.75  
 568 K	 42.69  
 569 S	 34.31  
 570 S	 38.17  
 571 L	 8.06  
 572 T	 35.56  
 573 Q	 52.40  
 574 E	 51.39  
 575 E	 48.75  
 576 A	 14.72  
 577 P	 24.77  
 578 V	 15.56  
 579 S	 28.58  
 580 W	 18.50  
 581 E	 31.51  
 582 K	 62.54  
 583 R	 16.85  
 584 P	 46.27  
 585 R	 52.61  
 586 V	 9.73  
 587 T	 28.90  
 588 E	 47.78  
 589 N	 39.28  
 590 R	 29.17  
 591 Q	 50.77  
 592 H	 25.63  
 593 Q	 44.28  
 594 Q	 38.35  
 595 P	 18.31  
 596 F	 11.01  
 597 Q	 41.27  
 598 V	 10.36  
 599 S	 13.66  
 600 P	 47.19  
 601 Q	 33.59  
 602 P	 38.79  
 603 F	 8.76  
 604 L	 5.63  
 605 N	 46.39  
 606 R	 51.00  
 607 G	 27.72  
 608 D	 41.07  
 609 R	 24.86  
 610 I	 5.44  
 611 Q	 29.83  
 612 V	 6.26  
 613 R	 20.20  
 614 K	 61.30  
 615 V	 4.07  
 616 P	 31.38  
 617 P	 49.64  
 618 L	 6.86  
 619 K	 51.22  
 620 I	 5.54  
 621 P	 19.22  
 622 V	 7.37  
 623 S	 20.67  
 624 R	 33.37  
 625 I	 4.17  
 626 S	 17.65  
 627 P	 31.90  
 628 M	 4.40  
 629 P	 27.98  
 630 F	 12.30  
 631 H	 18.41  
 632 P	 27.17  
 633 S	 34.34  
 634 Q	 44.13  
 635 V	 11.32  
 636 S	 10.88  
 637 P	 34.78  
 638 R	 30.78  
 639 A	 22.35  
 640 R	 37.37  
 641 F	 7.37  
 642 P	 17.25  
 643 V	 6.25  
 644 S	 22.01  
 645 I	 4.50  
 646 T	 30.53  
 647 S	 20.64  
 648 P	 26.18  
 649 N	 54.64  
 650 R	 37.61  
 651 T	 41.66  
 652 G	 15.15  
 653 A	 10.73  
 654 R	 31.45  
 655 T	 26.26  
 656 L	 3.16  
 657 A	 18.83  
 658 D	 46.14  
 659 I	 3.77  
 660 K	 44.36  
 661 A	 16.86  
 662 K	 31.50  
 663 A	 16.88  
 664 Q	 46.19  
 665 L	 5.22  
 666 V	 2.99  
 667 K	 47.60  
 668 A	 9.16  
 669 Q	 29.81  
 670 R	 30.93  
 671 A	 6.86  
 672 A	 10.38  
 673 A	 9.17  
 674 A	 7.91  
 675 A	 7.91  
 676 A	 7.91  
 677 A	 7.91  
 678 A	 7.91  
 679 A	 7.91  
 680 A	 7.91  
 681 A	 9.99  
 682 A	 8.78  
 683 A	 10.46  
 684 S	 19.30  
 685 V	 7.60  
 686 G	 25.65  
 687 G	 20.51  
 688 T	 20.33  
 689 I	 4.14  
 690 P	 42.64  
 691 G	 35.63  
 692 P	 40.21  
 693 G	 39.12  
 694 P	 41.19  
 695 G	 59.80  
 696 G	 28.52  
 697 G	 34.88  
 698 Q	 59.17  
 699 G	 35.14  
 700 P	 29.76  
 701 G	 53.67  
 702 E	 68.13  
 703 G	 45.42  
 704 G	 31.40  
 705 E	 60.01  
 706 G	 33.15  
 707 Q	 27.90  
 708 T	 29.22  
 709 A	 10.55  
 710 R	 54.09  
 711 G	 38.17  
 712 G	 25.72  
 713 S	 28.98  
 714 P	 49.97  
 715 G	 43.82  
 716 S	 26.15  
 717 D	 62.00  
 718 R	 35.24  
 719 V	 7.91  
 720 S	 30.27  
 721 E	 59.74  
 722 T	 36.37  
 723 G	 28.95  
 724 K	 69.96  
 725 G	 23.05  
 726 P	 36.98  
 727 T	 41.34  
 728 L	 5.97  
 729 E	 38.77  
 730 L	 6.31  
 731 A	 12.25  
 732 G	 43.14  
 733 T	 26.78  
 734 G	 17.90  
 735 S	 27.82  
 736 R	 49.24  
 737 G	 43.45  
 738 G	 22.08  
 739 T	 24.64  
 740 R	 35.52  
 741 E	 55.27  
 742 L	 6.11  
 743 L	 2.56  
 744 P	 33.37  
 745 C	 16.71  
 746 G	 22.57  
 747 P	 48.45  
 748 E	 45.41  
 749 T	 49.00  
 750 Q	 32.16  
 751 P	 47.27  
 752 Q	 44.04  
 753 S	 54.65  
 754 E	 49.42  
 755 T	 38.65  
 756 K	 46.48  
 757 T	 51.89  
 758 T	 23.62  
 759 P	 29.67  
 760 S	 35.74  
 761 Q	 45.26  
 762 A	 29.25  
 763 Q	 28.71  
 764 P	 25.41  
 765 H	 28.84  
 766 S	 25.35  
 767 V	 5.79  
 768 S	 31.27  
 769 G	 18.39  
 770 A	 10.21  
 771 Q	 43.24  
 772 L	 3.95  
 773 Q	 32.78  
 774 Q	 65.65  
 775 T	 19.32  
 776 P	 24.45  
 777 P	 55.42  
 778 V	 10.51  
 779 P	 32.59  
 780 P	 51.77  
 781 T	 20.15  
 782 P	 36.12  
 783 A	 15.58  
 784 V	 5.97  
 785 S	 23.84  
 786 G	 20.33  
 787 A	 5.96  
 788 C	 3.12  
 789 T	 32.02  
 790 S	 31.73  
 791 V	 2.68  
 792 P	 34.07  
 793 S	 32.34  
 794 P	 23.06  
 795 A	 22.19  
 796 H	 31.93  
 797 I	 5.62  
 798 E	 37.39  
 799 K	 61.61  
 800 L	 5.77  
 801 D	 72.77  
 802 N	 59.75  
 803 E	 59.60  
 804 K	 60.87  
 805 L	 8.28  
 806 N	 47.14  
 807 P	 33.43  
 808 T	 31.68  
 809 R	 31.06  
 810 A	 12.22  
 811 T	 21.41  
 812 A	 10.09  
 813 T	 16.55  
 814 V	 3.29  
 815 A	 10.40  
 816 S	 21.59  
 817 V	 4.37  
 818 S	 27.27  
 819 H	 19.29  
 820 P	 33.06  
 821 Q	 71.63  
 822 G	 28.63  
 823 P	 20.16  
 824 S	 49.23  
 825 S	 19.22  
 826 C	 6.46  
 827 R	 50.03  
 828 Q	 61.95  
 829 E	 31.65  
 830 K	 58.20  
 831 A	 14.73  
 832 P	 52.49  
 833 S	 39.70  
 834 P	 40.07  
 835 T	 61.20  
 836 G	 14.63  
 837 P	 26.77  
 838 A	 20.90  
 839 L	 3.44  
 840 I	 3.76  
 841 S	 29.20  
 842 G	 24.07  
 843 A	 12.13  
 844 S	 30.86  
 845 P	 21.24  
 846 V	 5.54  
 847 H	 10.01  
 848 C	 3.21  
 849 A	 8.16  
 850 A	 22.59  
 851 D	 34.47  
 852 G	 27.25  
 853 T	 16.03  
 854 V	 11.24  
 855 E	 44.37  
 856 L	 3.91  
 857 K	 37.48  
 858 A	 47.99  
 859 G	 25.98  
 860 P	 47.17  
 861 S	 37.10  
 862 K	 63.13  
 863 N	 60.32  
 864 I	 3.92  
 865 P	 56.95  
 866 N	 39.08  
 867 P	 26.39  
 868 S	 47.63  
 869 A	 21.05  
 870 S	 36.38  
 871 S	 39.01  
 872 K	 48.18  
 873 T	 38.45  
 874 D	 40.35  
 875 A	 20.05  
 876 S	 29.75  
 877 V	 4.78  
 878 P	 13.07  
 879 V	 6.66  
 880 A	 8.06  
 881 V	 9.12  
 882 T	 14.33  
 883 P	 27.61  
 884 S	 24.15  
 885 P	 40.64  
 886 L	 6.28  
 887 T	 22.25  
 888 S	 29.12  
 889 L	 4.08  
 890 L	 3.91  
 891 T	 21.48  
 892 T	 20.02  
 893 A	 12.64  
 894 T	 33.10  
 895 L	 5.18  
 896 E	 48.47  
 897 K	 62.29  
 898 L	 3.64  
 899 P	 46.97  
 900 V	 8.20  
 901 P	 27.24  
 902 Q	 41.87  
 903 V	 3.26  
 904 S	 18.04  
 905 A	 15.32  
 906 T	 18.91  
 907 T	 30.29  
 908 A	 6.38  
 909 P	 34.75  
 910 A	 23.31  
 911 G	 24.23  
 912 S	 39.44  
 913 A	 21.07  
 914 P	 30.88  
 915 P	 40.40  
 916 S	 34.59  
 917 S	 39.47  
 918 T	 40.89  
 919 L	 2.69  
 920 P	 26.35  
 921 A	 24.08  
 922 A	 9.56  
 923 S	 38.01  
 924 S	 29.20  
 925 L	 7.11  
 926 K	 55.40  
 927 T	 32.04  
 928 P	 42.34  
 929 G	 32.92  
 930 T	 31.11  
 931 S	 24.54  
 932 L	 7.67  
 933 N	 22.95  
 934 M	 8.12  
 935 N	 52.82  
 936 G	 13.05  
 937 P	 24.21  
 938 T	 36.48  
 939 L	 7.50  
 940 R	 34.62  
 941 P	 39.48  
 942 T	 28.77  
 943 S	 29.02  
 944 S	 34.76  
 945 I	 3.60  
 946 P	 30.77  
 947 A	 27.11  
 948 N	 45.35  
 949 N	 33.13  
 950 P	 28.19  
 951 L	 7.66  
 952 V	 3.19  
 953 T	 22.60  
 954 Q	 32.47  
 955 L	 2.55  
 956 L	 4.54  
 957 Q	 66.53  
 958 G	 28.27  
 959 K	 42.46  
 960 D	 57.48  
 961 V	 5.76  
 962 P	 30.63  
 963 M	 6.26  
 964 E	 28.53  
 965 Q	 35.95  
 966 I	 4.54  
 967 L	 4.45  
 968 P	 37.54  
 969 K	 49.57  
 970 P	 43.24  
 971 L	 10.13  
 972 T	 41.38  
 973 K	 43.83  
 974 V	 7.97  
 975 E	 36.20  
 976 M	 5.03  
 977 K	 32.63  
 978 T	 26.50  
 979 V	 2.81  
 980 P	 29.26  
 981 L	 6.72  
 982 T	 29.61  
 983 A	 25.58  
 984 K	 55.67  
 985 E	 50.92  
 986 E	 54.55  
 987 R	 41.30  
 988 G	 23.35  
 989 M	 3.39  
 990 G	 21.76  
 991 A	 6.21  
 992 L	 1.96  
 993 I	 4.38  
 994 A	 8.82  
 995 T	 26.55  
 996 N	 35.66  
 997 T	 31.00  
 998 T	 34.93  
 999 E	 47.33  
 1000 N	 46.73  
 1001 S	 23.70  
 1002 T	 54.40  
 1003 R	 37.59  
 1004 E	 67.40  
 1005 E	 47.56  
 1006 V	 8.48  
 1007 N	 41.85  
 1008 E	 58.22  
 1009 R	 37.79  
 1010 Q	 39.66  
 1011 S	 37.35  
 1012 H	 14.00  
 1013 P	 42.10  
 1014 A	 16.77  
 1015 T	 31.21  
 1016 Q	 31.00  
 1017 Q	 35.79  
 1018 Q	 42.22  
 1019 L	 7.07  
 1020 G	 19.30  
 1021 K	 55.44  
 1022 T	 28.38  
 1023 L	 6.53  
 1024 Q	 54.54  
 1025 S	 26.02  
 1026 K	 42.78  
 1027 Q	 64.72  
 1028 L	 3.53  
 1029 P	 30.54  
 1030 Q	 67.45  
 1031 V	 4.02  
 1032 P	 27.24  
 1033 R	 45.78  
 1034 P	 20.56  
 1035 L	 7.94  
 1036 Q	 43.05  
 1037 L	 4.89  
 1038 F	 4.27  
 1039 S	 47.20  
 1040 A	 11.29  
 1041 K	 56.96  
 1042 E	 49.07  
 1043 L	 7.90  
 1044 R	 42.74  
 1045 D	 60.40  
 1046 S	 23.82  
 1047 S	 28.86  
 1048 I	 9.08  
 1049 D	 39.83  
 1050 T	 14.81  
 1051 H	 23.58  
 1052 Q	 43.29  
 1053 Y	 8.34  
 1054 H	 18.97  
 1055 E	 57.82  
 1056 G	 23.18  
 1057 L	 4.29  
 1058 S	 30.97  
 1059 K	 61.57  
 1060 A	 13.71  
 1061 T	 36.09  
 1062 Q	 45.53  
 1063 D	 32.88  
 1064 Q	 28.59  
 1065 I	 4.07  
 1066 L	 2.37  
 1067 Q	 35.57  
 1068 T	 23.53  
 1069 L	 1.70  
 1070 I	 2.53  
 1071 Q	 40.71  
 1072 R	 19.54  
 1073 V	 3.20  
 1074 R	 36.33  
 1075 R	 27.21  
 1076 Q	 34.07  
 1077 N	 40.93  
 1078 L	 2.60  
 1079 L	 4.84  
 1080 S	 25.00  
 1081 V	 8.27  
 1082 V	 5.32  
 1083 P	 22.22  
 1084 P	 29.20  
 1085 S	 41.14  
 1086 Q	 42.97  
 1087 F	 10.75  
 1088 N	 26.09  
 1089 F	 7.36  
 1090 A	 9.31  
 1091 H	 25.07  
 1092 S	 37.56  
 1093 G	 12.40  
 1094 F	 9.32  
 1095 Q	 47.68  
 1096 L	 6.28  
 1097 E	 42.38  
 1098 D	 49.05  
 1099 I	 3.36  
 1100 S	 34.04  
 1101 T	 29.25  
 1102 S	 16.74  
 1103 Q	 42.60  
 1104 R	 20.79  
 1105 F	 3.53  
 1106 M	 3.79  
 1107 L	 4.73  
 1108 G	 9.89  
 1109 F	 6.00  
 1110 A	 14.58  
 1111 G	 19.83  
 1112 R	 34.96  
 1113 R	 42.29  
 1114 T	 39.48  
 1115 S	 34.53  
 1116 K	 35.86  
 1117 P	 27.34  
 1118 A	 12.28  
 1119 M	 6.60  
 1120 A	 12.06  
 1121 G	 9.26  
 1122 H	 10.67  
 1123 Y	 16.39  
 1124 L	 2.15  
 1125 L	 4.16  
 1126 N	 24.46  
 1127 I	 3.08  
 1128 S	 17.95  
 1129 T	 26.63  
 1130 Y	 9.68  
 1131 G	 27.80  
 1132 R	 34.74  
 1133 G	 31.25  
 1134 S	 28.80  
 1135 E	 57.64  
 1136 S	 26.25  
 1137 F	 5.56  
 1138 R	 52.44  
 1139 R	 34.48  
 1140 T	 17.78  
 1141 H	 28.12  
 1142 S	 23.99  
 1143 V	 12.29  
 1144 N	 36.94  
 1145 P	 42.59  
 1146 E	 57.52  
 1147 D	 50.65  
 1148 R	 23.63  
 1149 F	 8.32  
 1150 C	 3.62  
 1151 L	 5.37  
 1152 S	 35.14  
 1153 S	 23.93  
 1154 P	 30.77  
 1155 T	 35.52  
 1156 E	 56.22  
 1157 A	 18.24  
 1158 L	 2.98  
 1159 K	 37.01  
 1160 M	 5.29  
 1161 G	 22.17  
 1162 Y	 8.91  
 1163 T	 29.23  
 1164 D	 32.67  
 1165 C	 2.56  
 1166 K	 53.04  
 1167 N	 49.41  
 1168 A	 11.50  
 1169 T	 51.37  
 1170 G	 30.31  
 1171 E	 42.99  
 1172 S	 36.54  
 1173 S	 34.04  
 1174 S	 55.50  
 1175 S	 41.85  
 1176 K	 68.09  
 1177 E	 64.17  
 1178 D	 68.77  
 1179 D	 58.09  
 1180 T	 58.60  
 1181 D	 65.74  
 1182 E	 56.81  
 1183 E	 57.31  
 1184 S	 35.33  
 1185 T	 52.51  
 1186 G	 45.82  
 1187 D	 55.27  
 1188 E	 58.56  
 1189 Q	 53.67  
 1190 E	 45.16  
 1191 S	 23.84  
 1192 V	 7.59  
 1193 T	 34.83  
 1194 V	 7.42  
 1195 K	 47.17  
 1196 E	 71.25  
 1197 E	 35.00  
 1198 P	 40.75  
 1199 Q	 51.26  
 1200 V	 9.11  
 1201 S	 17.11  
 1202 Q	 38.14  
 1203 S	 31.33  
 1204 A	 18.97  
 1205 G	 39.46  
 1206 K	 54.02  
 1207 G	 42.38  
 1208 D	 47.07  
 1209 T	 33.20  
 1210 S	 37.73  
 1211 S	 59.44  
 1212 G	 24.57  
 1213 P	 24.99  
 1214 H	 42.91  
 1215 S	 34.64  
 1216 R	 37.57  
 1217 E	 58.05  
 1218 T	 25.54  
 1219 L	 4.50  
 1220 S	 33.03  
 1221 T	 31.53  
 1222 S	 23.97  
 1223 D	 31.38  
 1224 C	 3.24  
 1225 L	 7.86  
 1226 A	 25.45  
 1227 S	 16.29  
 1228 K	 61.22  
 1229 N	 37.72  
 1230 V	 7.75  
 1231 K	 50.09  
 1232 A	 18.70  
 1233 E	 39.15  
 1234 I	 5.85  
 1235 P	 22.19  
 1236 L	 15.74  
 1237 N	 33.69  
 1238 E	 57.92  
 1239 Q	 38.42  
 1240 T	 24.43  
 1241 T	 28.82  
 1242 L	 8.59  
 1243 S	 35.51  
 1244 K	 53.76  
 1245 E	 47.97  
 1246 N	 42.41  
 1247 Y	 12.32  
 1248 L	 5.50  
 1249 F	 2.86  
 1250 T	 31.15  
 1251 R	 28.08  
 1252 G	 28.02  
 1253 Q	 35.39  
 1254 T	 35.56  
 1255 F	 9.80  
 1256 D	 60.93  
 1257 E	 43.69  
 1258 K	 51.16  
 1259 T	 24.49  
 1260 L	 5.65  
 1261 A	 14.26  
 1262 R	 42.24  
 1263 D	 42.38  
 1264 L	 2.32  
 1265 I	 2.83  
 1266 Q	 37.63  
 1267 A	 12.59  
 1268 A	 10.75  
 1269 Q	 39.26  
 1270 K	 37.00  
 1271 Q	 23.39  
 1272 M	 3.67  
 1273 A	 5.74  
 1274 H	 21.29  
 1275 A	 5.33  
 1276 V	 6.26  
 1277 R	 41.50  
 1278 G	 19.69  
 1279 K	 30.03  
 1280 A	 12.78  
 1281 I	 5.10  
 1282 R	 35.62  
 1283 S	 44.10  
 1284 S	 16.73  
 1285 P	 43.48  
 1286 E	 65.48  
 1287 L	 5.99  
 1288 F	 5.31  
 1289 S	 37.41  
 1290 S	 18.39  
 1291 T	 25.51  
 1292 V	 5.83  
 1293 L	 3.50  
 1294 P	 31.77  
 1295 L	 4.83  
 1296 P	 31.89  
 1297 A	 37.28  
 1298 D	 53.89  
 1299 S	 33.53  
 1300 P	 34.15  
 1301 T	 36.78  
 1302 H	 30.55  
 1303 Q	 32.58  
 1304 P	 19.85  
 1305 L	 6.54  
 1306 L	 9.56  
 1307 L	 5.60  
 1308 P	 27.76  
 1309 P	 36.75  
 1310 L	 9.28  
 1311 Q	 62.62  
 1312 T	 30.03  
 1313 P	 16.22  
 1314 K	 58.70  
 1315 L	 6.53  
 1316 Y	 22.99  
 1317 G	 37.27  
 1318 S	 15.95  
 1319 P	 24.78  
 1320 T	 34.22  
 1321 Q	 41.86  
 1322 I	 10.89  
 1323 G	 8.69  
 1324 P	 29.80  
 1325 S	 23.42  
 1326 Y	 17.83  
 1327 R	 32.32  
 1328 G	 17.06  
 1329 M	 1.17  
 1330 I	 5.25  
 1331 N	 16.88  
 1332 V	 4.58  
 1333 S	 20.34  
 1334 T	 28.15  
 1335 S	 19.48  
 1336 S	 36.72  
 1337 D	 46.42  
 1338 M	 6.45  
 1339 D	 42.69  
 1340 H	 24.41  
 1341 N	 27.65  
 1342 S	 27.50  
 1343 A	 19.48  
 1344 V	 5.75  
 1345 P	 36.11  
 1346 G	 24.90  
 1347 S	 22.72  
 1348 Q	 45.05  
 1349 V	 7.89  
 1350 S	 14.46  
 1351 S	 36.36  
 1352 N	 33.99  
 1353 V	 8.17  
 1354 G	 26.50  
 1355 D	 28.76  
 1356 V	 2.59  
 1357 M	 3.89  
 1358 S	 17.76  
 1359 F	 3.53  
 1360 S	 15.01  
 1361 V	 4.74  
 1362 T	 15.78  
 1363 V	 4.10  
 1364 T	 15.05  
 1365 T	 22.19  
 1366 I	 1.64  
 1367 P	 24.62  
 1368 A	 15.49  
 1369 S	 17.08  
 1370 Q	 46.89  
 1371 A	 9.38  
 1372 M	 6.17  
 1373 N	 36.00  
 1374 P	 24.91  
 1375 S	 29.93  
 1376 S	 32.66  
 1377 H	 36.40  
 1378 G	 28.42  
 1379 Q	 30.73  
 1380 T	 31.66  
 1381 I	 2.12  
 1382 P	 18.63  
 1383 V	 5.91  
 1384 Q	 31.19  
 1385 A	 15.35  
 1386 F	 5.44  
 1387 S	 47.20  
 1388 E	 55.53  
 1389 E	 55.89  
 1390 N	 44.21  
 1391 S	 25.87  
 1392 I	 9.50  
 1393 E	 57.76  
 1394 G	 41.05  
 1395 T	 16.17  
 1396 P	 42.52  
 1397 S	 34.89  
 1398 K	 30.35  
 1399 C	 4.56  
 1400 Y	 5.59  
 1401 C	 6.03  
 1402 R	 16.85  
 1403 L	 3.56  
 1404 K	 19.29  
 1405 A	 9.42  
 1406 M	 1.59  
 1407 I	 3.33  
 1408 M	 0.93  
 1409 C	 2.07  
 1410 K	 39.60  
 1411 G	 15.34  
 1412 C	 1.86  
 1413 G	 30.29  
 1414 A	 14.15  
 1415 F	 2.00  
 1416 C	 3.22  
 1417 H	 27.73  
 1418 D	 54.37  
 1419 D	 11.41  
 1420 C	 4.89  
 1421 I	 13.47  
 1422 G	 27.10  
 1423 P	 14.37  
 1424 S	 32.80  
 1425 K	 49.38  
 1426 L	 4.01  
 1427 C	 2.14  
 1428 V	 7.02  
 1429 S	 10.75  
 1430 C	 1.34  
 1431 L	 2.88  
 1432 V	 3.90  
 1433 V	 3.76  
 1434 R	 33.09  
