 1 M	 6.28  
 2 A	 21.52  
 3 Q	 43.48  
 4 F	 5.44  
 5 P	 27.38  
 6 T	 32.32  
 7 P	 26.56  
 8 F	 22.26  
 9 G	 26.44  
 10 G	 25.97  
 11 S	 24.21  
 12 L	 6.65  
 13 D	 35.76  
 14 I	 3.04  
 15 W	 4.93  
 16 A	 6.47  
 17 I	 2.39  
 18 T	 17.70  
 19 V	 6.17  
 20 E	 32.87  
 21 E	 54.31  
 22 R	 35.12  
 23 A	 19.47  
 24 K	 54.67  
 25 H	 36.81  
 26 D	 43.18  
 27 Q	 47.78  
 28 Q	 44.04  
 29 F	 3.34  
 30 H	 28.08  
 31 S	 39.10  
 32 L	 6.01  
 33 K	 43.23  
 34 P	 31.13  
 35 I	 6.34  
 36 S	 35.86  
 37 G	 20.78  
 38 F	 3.45  
 39 I	 4.86  
 40 T	 32.23  
 41 G	 21.88  
 42 D	 30.25  
 43 Q	 43.49  
 44 A	 17.08  
 45 R	 34.55  
 46 N	 40.88  
 47 F	 5.60  
 48 F	 6.60  
 49 F	 5.03  
 50 Q	 31.28  
 51 S	 36.82  
 52 G	 30.50  
 53 L	 4.28  
 54 P	 39.70  
 55 Q	 45.86  
 56 P	 22.58  
 57 V	 6.11  
 58 L	 3.55  
 59 A	 10.07  
 60 Q	 27.82  
 61 I	 1.61  
 62 W	 3.52  
 63 A	 8.42  
 64 L	 2.20  
 65 A	 13.27  
 66 D	 40.99  
 67 M	 4.14  
 68 N	 43.94  
 69 N	 46.61  
 70 D	 40.86  
 71 G	 29.00  
 72 R	 28.50  
 73 M	 5.30  
 74 D	 48.27  
 75 Q	 27.57  
 76 V	 7.55  
 77 E	 28.22  
 78 F	 7.22  
 79 S	 8.91  
 80 I	 5.43  
 81 A	 6.45  
 82 M	 3.28  
 83 K	 37.73  
 84 L	 2.40  
 85 I	 4.02  
 86 K	 50.43  
 87 L	 5.47  
 88 K	 33.49  
 89 L	 7.47  
 90 Q	 47.13  
 91 G	 23.69  
 92 Y	 8.23  
 93 Q	 54.44  
 94 L	 2.45  
 95 P	 11.30  
 96 S	 51.54  
 97 A	 23.34  
 98 L	 6.05  
 99 P	 21.11  
 100 P	 39.42  
 101 V	 7.65  
 102 M	 3.91  
 103 K	 46.12  
 104 Q	 34.41  
 105 Q	 28.99  
 106 P	 18.27  
 107 V	 6.85  
 108 A	 11.57  
 109 I	 3.21  
 110 S	 15.65  
 111 S	 31.96  
 112 A	 7.83  
 113 P	 30.03  
 114 A	 17.22  
 115 F	 7.24  
 116 G	 18.87  
 117 M	 3.43  
 118 G	 25.41  
 119 G	 11.91  
 120 I	 1.81  
 121 A	 11.75  
 122 S	 29.87  
 123 M	 2.68  
 124 P	 20.46  
 125 P	 33.43  
 126 L	 3.86  
 127 T	 25.51  
 128 A	 11.80  
 129 V	 5.36  
 130 A	 9.26  
 131 P	 24.93  
 132 V	 3.53  
 133 P	 21.99  
 134 M	 7.19  
 135 G	 19.16  
 136 S	 19.91  
 137 I	 2.19  
 138 P	 19.21  
 139 V	 5.76  
 140 V	 4.46  
 141 G	 15.87  
 142 M	 2.68  
 143 S	 14.59  
 144 P	 22.36  
 145 T	 32.27  
 146 L	 3.90  
 147 V	 4.39  
 148 S	 28.82  
 149 S	 25.33  
 150 V	 3.68  
 151 P	 20.47  
 152 T	 25.70  
 153 A	 10.61  
 154 A	 19.48  
 155 V	 4.68  
 156 P	 17.29  
 157 P	 37.19  
 158 L	 4.78  
 159 A	 20.41  
 160 N	 55.64  
 161 G	 33.58  
 162 A	 12.67  
 163 P	 25.70  
 164 P	 35.00  
 165 V	 6.55  
 166 I	 4.27  
 167 Q	 33.44  
 168 P	 29.23  
 169 L	 2.47  
 170 P	 31.82  
 171 A	 23.18  
 172 F	 6.40  
 173 A	 15.17  
 174 H	 13.18  
 175 P	 21.84  
 176 A	 11.83  
 177 A	 17.70  
 178 T	 45.78  
 179 L	 4.27  
 180 P	 30.08  
 181 K	 67.11  
 182 S	 29.31  
 183 S	 41.34  
 184 S	 34.04  
 185 F	 8.32  
 186 S	 27.73  
 187 R	 43.55  
 188 S	 48.41  
 189 G	 29.49  
 190 P	 40.27  
 191 G	 31.39  
 192 S	 34.33  
 193 Q	 44.65  
 194 L	 10.60  
 195 N	 27.77  
 196 T	 41.55  
 197 K	 48.09  
 198 L	 6.25  
 199 Q	 40.36  
 200 K	 59.85  
 201 A	 9.40  
 202 Q	 52.22  
 203 S	 28.42  
 204 F	 6.11  
 205 D	 40.08  
 206 V	 3.94  
 207 A	 13.47  
 208 S	 34.70  
 209 V	 4.47  
 210 P	 18.36  
 211 P	 35.48  
 212 V	 6.54  
 213 A	 16.64  
 214 E	 35.88  
 215 W	 7.88  
 216 A	 8.46  
 217 V	 4.67  
 218 P	 22.16  
 219 Q	 47.65  
 220 S	 16.03  
 221 S	 36.06  
 222 R	 40.21  
 223 L	 6.54  
 224 K	 36.96  
 225 Y	 14.26  
 226 R	 25.74  
 227 Q	 47.52  
 228 L	 3.03  
 229 F	 7.16  
 230 N	 47.21  
 231 S	 26.23  
 232 H	 41.51  
 233 D	 48.19  
 234 K	 40.48  
 235 T	 23.72  
 236 M	 5.79  
 237 S	 28.43  
 238 G	 14.70  
 239 H	 16.95  
 240 L	 7.26  
 241 T	 40.93  
 242 G	 20.77  
 243 P	 21.30  
 244 Q	 44.83  
 245 A	 17.45  
 246 R	 19.63  
 247 T	 22.83  
 248 I	 2.22  
 249 L	 2.24  
 250 M	 2.99  
 251 Q	 26.82  
 252 S	 21.63  
 253 S	 27.46  
 254 L	 4.40  
 255 P	 29.43  
 256 Q	 47.21  
 257 A	 12.38  
 258 Q	 32.11  
 259 L	 4.53  
 260 A	 6.21  
 261 S	 36.41  
 262 I	 2.05  
 263 W	 9.38  
 264 N	 28.18  
 265 L	 2.67  
 266 S	 29.34  
 267 D	 52.21  
 268 I	 4.62  
 269 D	 45.57  
 270 Q	 62.79  
 271 D	 53.07  
 272 G	 22.65  
 273 K	 51.45  
 274 L	 7.20  
 275 T	 35.19  
 276 A	 25.43  
 277 E	 48.48  
 278 E	 35.21  
 279 F	 4.11  
 280 I	 2.44  
 281 L	 4.14  
 282 A	 4.40  
 283 M	 2.07  
 284 H	 17.64  
 285 L	 1.99  
 286 I	 2.14  
 287 D	 28.60  
 288 V	 3.69  
 289 A	 5.22  
 290 M	 4.67  
 291 S	 25.25  
 292 G	 21.75  
 293 Q	 29.11  
 294 P	 50.81  
 295 L	 6.02  
 296 P	 24.52  
 297 P	 48.21  
 298 V	 13.64  
 299 L	 7.85  
 300 P	 21.65  
 301 P	 42.75  
 302 E	 54.90  
 303 Y	 25.22  
 304 I	 3.74  
 305 P	 19.99  
 306 P	 36.22  
 307 S	 26.48  
 308 F	 7.73  
 309 R	 40.29  
 310 R	 26.62  
 311 V	 5.07  
 312 R	 33.23  
 313 S	 34.16  
 314 G	 21.23  
 315 S	 33.91  
 316 G	 21.51  
 317 I	 2.96  
 318 S	 19.54  
 319 V	 4.68  
 320 I	 1.83  
 321 S	 25.96  
 322 S	 17.36  
 323 T	 26.44  
 324 S	 26.16  
 325 V	 8.02  
 326 D	 27.87  
 327 Q	 46.80  
 328 R	 47.98  
 329 L	 5.35  
 330 P	 46.20  
 331 E	 78.50  
 332 E	 38.48  
 333 P	 34.04  
 334 V	 11.77  
 335 L	 11.40  
 336 E	 60.79  
 337 D	 55.64  
 338 E	 40.70  
 339 Q	 48.95  
 340 Q	 48.02  
 341 Q	 51.81  
 342 L	 10.15  
 343 E	 43.75  
 344 K	 69.10  
 345 K	 48.96  
 346 L	 6.46  
 347 P	 31.79  
 348 V	 16.16  
 349 T	 21.26  
 350 F	 13.39  
 351 E	 60.60  
 352 D	 58.55  
 353 K	 46.67  
 354 K	 76.81  
 355 R	 50.24  
 356 E	 75.13  
 357 N	 48.38  
 358 F	 6.08  
 359 E	 71.86  
 360 R	 34.85  
 361 G	 35.56  
 362 N	 36.24  
 363 L	 9.89  
 364 E	 59.90  
 365 L	 12.09  
 366 E	 34.83  
 367 K	 66.56  
 368 R	 26.94  
 369 R	 36.87  
 370 Q	 40.15  
 371 A	 16.59  
 372 L	 4.02  
 373 L	 6.64  
 374 E	 45.58  
 375 Q	 48.63  
 376 Q	 49.38  
 377 R	 44.14  
 378 K	 60.45  
 379 E	 60.92  
 380 Q	 44.11  
 381 E	 51.24  
 382 R	 34.71  
 383 L	 3.33  
 384 A	 20.38  
 385 Q	 48.74  
 386 L	 3.91  
 387 E	 37.45  
 388 R	 52.60  
 389 A	 17.28  
 390 E	 60.23  
 391 Q	 55.60  
 392 E	 58.17  
 393 R	 45.92  
 394 K	 61.44  
 395 E	 67.03  
 396 R	 47.64  
 397 E	 60.86  
 398 R	 52.11  
 399 Q	 52.55  
 400 E	 61.71  
 401 Q	 47.67  
 402 E	 60.46  
 403 R	 38.87  
 404 K	 43.68  
 405 R	 53.16  
 406 Q	 42.18  
 407 L	 10.61  
 408 E	 46.69  
 409 L	 15.76  
 410 E	 29.40  
 411 K	 73.19  
 412 Q	 45.54  
 413 L	 15.27  
 414 E	 44.65  
 415 K	 64.35  
 416 Q	 34.40  
 417 R	 62.63  
 418 E	 53.11  
 419 L	 7.77  
 420 E	 41.85  
 421 R	 54.18  
 422 Q	 48.00  
 423 R	 60.56  
 424 E	 56.74  
 425 E	 60.02  
 426 E	 53.70  
 427 R	 59.24  
 428 R	 44.21  
 429 K	 70.08  
 430 E	 48.55  
 431 I	 5.83  
 432 E	 46.94  
 433 R	 47.61  
 434 R	 25.72  
 435 E	 60.23  
 436 A	 19.24  
 437 A	 13.49  
 438 K	 54.15  
 439 R	 49.35  
 440 E	 55.03  
 441 L	 8.36  
 442 E	 41.85  
 443 R	 50.00  
 444 Q	 28.26  
 445 R	 49.63  
 446 Q	 35.08  
 447 L	 10.08  
 448 E	 38.66  
 449 W	 20.59  
 450 E	 30.61  
 451 R	 42.92  
 452 N	 31.78  
 453 R	 48.13  
 454 R	 37.56  
 455 Q	 42.31  
 456 E	 54.11  
 457 L	 4.05  
 458 L	 5.16  
 459 N	 51.93  
 460 Q	 50.74  
 461 R	 55.93  
 462 N	 42.31  
 463 K	 64.06  
 464 E	 63.85  
 465 Q	 56.10  
 466 E	 51.28  
 467 D	 38.38  
 468 I	 1.96  
 469 V	 6.80  
 470 V	 4.66  
 471 L	 2.86  
 472 K	 46.69  
 473 A	 25.41  
 474 K	 53.89  
 475 K	 56.71  
 476 K	 58.60  
 477 T	 40.16  
 478 L	 11.02  
 479 E	 42.16  
 480 F	 17.04  
 481 E	 36.00  
 482 L	 5.91  
 483 E	 43.86  
 484 A	 25.04  
 485 L	 6.59  
 486 N	 67.13  
 487 D	 63.33  
 488 K	 51.59  
 489 K	 39.17  
 490 H	 43.10  
 491 Q	 50.52  
 492 L	 10.55  
 493 E	 47.95  
 494 G	 44.56  
 495 K	 33.33  
 496 L	 8.99  
 497 Q	 47.79  
 498 D	 40.51  
 499 I	 2.63  
 500 R	 14.06  
 501 C	 4.23  
 502 R	 25.81  
 503 L	 7.51  
 504 T	 11.09  
 505 T	 26.75  
 506 Q	 39.56  
 507 R	 33.72  
 508 Q	 46.32  
 509 E	 51.41  
 510 I	 3.71  
 511 E	 51.24  
 512 S	 42.83  
 513 T	 33.60  
 514 N	 49.97  
 515 K	 51.48  
 516 S	 32.81  
 517 R	 48.88  
 518 E	 49.87  
 519 L	 4.70  
 520 R	 22.71  
 521 I	 6.70  
 522 A	 8.84  
 523 E	 46.15  
 524 I	 1.86  
 525 T	 14.19  
 526 H	 27.57  
 527 L	 3.53  
 528 Q	 22.75  
 529 Q	 52.92  
 530 Q	 31.95  
 531 L	 5.47  
 532 Q	 43.91  
 533 E	 60.14  
 534 S	 16.86  
 535 Q	 31.76  
 536 Q	 38.04  
 537 M	 3.12  
 538 L	 2.91  
 539 G	 19.60  
 540 R	 26.03  
 541 L	 7.90  
 542 I	 3.89  
 543 P	 47.53  
 544 E	 51.07  
 545 K	 36.97  
 546 Q	 43.68  
 547 I	 6.01  
 548 L	 5.53  
 549 N	 36.29  
 550 D	 52.31  
 551 Q	 49.87  
 552 L	 4.70  
 553 K	 42.67  
 554 Q	 47.01  
 555 V	 6.38  
 556 Q	 33.95  
 557 Q	 42.49  
 558 N	 29.46  
 559 S	 22.63  
 560 L	 5.14  
 561 H	 31.18  
 562 R	 40.27  
 563 D	 35.26  
 564 S	 25.37  
 565 L	 3.90  
 566 V	 7.34  
 567 T	 31.67  
 568 L	 2.49  
 569 K	 26.68  
 570 R	 47.74  
 571 A	 14.25  
 572 L	 8.36  
 573 E	 57.63  
 574 A	 16.09  
 575 K	 43.83  
 576 E	 55.50  
 577 L	 4.73  
 578 A	 15.35  
 579 R	 36.76  
 580 Q	 34.07  
 581 H	 19.78  
 582 L	 4.96  
 583 R	 27.75  
 584 D	 60.81  
 585 Q	 44.36  
 586 L	 7.70  
 587 D	 52.87  
 588 E	 62.26  
 589 V	 14.73  
 590 E	 43.03  
 591 K	 70.35  
 592 E	 35.63  
 593 T	 51.84  
 594 R	 32.65  
 595 S	 45.17  
 596 K	 51.39  
 597 L	 6.11  
 598 Q	 49.70  
 599 E	 53.73  
 600 I	 2.95  
 601 D	 38.38  
 602 I	 4.97  
 603 F	 6.61  
 604 N	 35.35  
 605 N	 37.50  
 606 Q	 55.82  
 607 L	 5.17  
 608 K	 44.96  
 609 E	 62.75  
 610 L	 5.94  
 611 R	 41.75  
 612 E	 62.31  
 613 I	 3.33  
 614 H	 30.59  
 615 N	 49.87  
 616 K	 25.84  
 617 Q	 55.31  
 618 Q	 47.69  
 619 L	 6.77  
 620 Q	 41.62  
 621 K	 69.18  
 622 Q	 30.05  
 623 K	 59.82  
 624 S	 21.25  
 625 M	 7.93  
 626 E	 55.24  
 627 A	 9.89  
 628 E	 45.28  
 629 R	 54.99  
 630 L	 5.33  
 631 K	 66.59  
 632 Q	 60.14  
 633 K	 60.83  
 634 E	 56.00  
 635 Q	 63.93  
 636 E	 57.97  
 637 R	 34.86  
 638 K	 47.48  
 639 I	 3.56  
 640 I	 5.76  
 641 E	 55.11  
 642 L	 7.59  
 643 E	 40.42  
 644 K	 78.33  
 645 Q	 49.36  
 646 K	 69.46  
 647 E	 56.95  
 648 E	 58.08  
 649 A	 14.85  
 650 Q	 38.38  
 651 R	 42.84  
 652 R	 28.66  
 653 A	 20.13  
 654 Q	 44.43  
 655 E	 62.96  
 656 R	 44.33  
 657 D	 46.90  
 658 K	 49.98  
 659 Q	 55.03  
 660 W	 14.95  
 661 L	 2.78  
 662 E	 38.77  
 663 H	 22.10  
 664 V	 4.60  
 665 Q	 42.74  
 666 Q	 60.05  
 667 E	 48.56  
 668 D	 55.10  
 669 E	 40.96  
 670 H	 41.07  
 671 Q	 55.83  
 672 R	 34.59  
 673 P	 31.05  
 674 R	 57.25  
 675 K	 57.80  
 676 L	 6.93  
 677 H	 43.38  
 678 E	 77.58  
 679 E	 50.08  
 680 E	 61.78  
 681 K	 63.69  
 682 L	 7.76  
 683 K	 69.68  
 684 R	 64.45  
 685 E	 53.70  
 686 E	 65.94  
 687 S	 34.19  
 688 V	 13.74  
 689 K	 64.48  
 690 K	 54.67  
 691 K	 66.31  
 692 D	 77.83  
 693 G	 54.57  
 694 E	 67.67  
 695 E	 73.05  
 696 K	 68.08  
 697 G	 39.91  
 698 K	 56.91  
 699 Q	 60.98  
 700 E	 52.35  
 701 A	 22.00  
 702 Q	 47.85  
 703 D	 56.02  
 704 K	 40.54  
 705 L	 6.94  
 706 G	 29.95  
 707 R	 44.62  
 708 L	 4.22  
 709 F	 5.13  
 710 H	 28.89  
 711 Q	 32.40  
 712 H	 25.96  
 713 Q	 52.37  
 714 E	 45.13  
 715 P	 38.73  
 716 A	 29.70  
 717 K	 44.20  
 718 P	 39.51  
 719 A	 12.83  
 720 V	 7.27  
 721 Q	 43.76  
 722 A	 10.84  
 723 P	 14.41  
 724 W	 16.01  
 725 S	 19.38  
 726 T	 34.66  
 727 A	 15.81  
 728 E	 59.65  
 729 K	 64.46  
 730 G	 17.60  
 731 P	 37.08  
 732 L	 10.15  
 733 T	 18.93  
 734 I	 4.18  
 735 S	 20.75  
 736 A	 19.49  
 737 Q	 35.69  
 738 E	 64.80  
 739 N	 27.16  
 740 V	 4.98  
 741 K	 37.25  
 742 V	 2.66  
 743 V	 2.62  
 744 Y	 7.10  
 745 Y	 4.27  
 746 R	 10.63  
 747 A	 8.70  
 748 L	 4.06  
 749 Y	 12.61  
 750 P	 27.64  
 751 F	 9.34  
 752 E	 40.51  
 753 S	 39.19  
 754 R	 30.71  
 755 S	 44.56  
 756 H	 35.30  
 757 D	 50.68  
 758 E	 36.29  
 759 I	 5.25  
 760 T	 16.12  
 761 I	 5.97  
 762 Q	 27.55  
 763 P	 38.28  
 764 G	 22.39  
 765 D	 36.67  
 766 I	 2.39  
 767 V	 4.25  
 768 M	 2.35  
 769 V	 5.09  
 770 K	 32.77  
 771 G	 23.69  
 772 E	 38.31  
 773 W	 16.13  
 774 V	 5.21  
 775 D	 51.40  
 776 E	 34.82  
 777 S	 28.69  
 778 Q	 52.02  
 779 T	 53.44  
 780 G	 31.31  
 781 E	 43.99  
 782 P	 40.37  
 783 G	 28.12  
 784 W	 11.53  
 785 L	 8.61  
 786 G	 22.48  
 787 G	 34.59  
 788 E	 45.57  
 789 L	 11.37  
 790 K	 54.80  
 791 G	 45.44  
 792 K	 42.13  
 793 T	 48.60  
 794 G	 27.75  
 795 W	 10.98  
 796 F	 4.30  
 797 P	 17.06  
 798 A	 16.52  
 799 N	 36.46  
 800 Y	 20.46  
 801 A	 16.06  
 802 E	 40.95  
 803 K	 56.22  
 804 I	 3.78  
 805 P	 49.80  
 806 E	 70.29  
 807 N	 50.65  
 808 E	 48.49  
 809 V	 8.05  
 810 P	 25.35  
 811 A	 27.05  
 812 P	 28.70  
 813 V	 13.71  
 814 K	 32.48  
 815 P	 34.18  
 816 V	 8.44  
 817 T	 32.53  
 818 D	 50.59  
 819 S	 18.20  
 820 T	 31.55  
 821 S	 35.89  
 822 A	 12.36  
 823 P	 49.19  
 824 A	 17.36  
 825 P	 31.00  
 826 K	 48.80  
 827 L	 5.44  
 828 A	 15.65  
 829 L	 8.03  
 830 R	 39.89  
 831 E	 61.05  
 832 T	 20.51  
 833 P	 27.42  
 834 A	 21.11  
 835 P	 23.27  
 836 L	 6.95  
 837 A	 11.07  
 838 V	 7.60  
 839 T	 22.41  
 840 S	 26.55  
 841 S	 44.13  
 842 E	 42.93  
 843 P	 38.63  
 844 S	 40.64  
 845 T	 57.92  
 846 T	 28.49  
 847 P	 32.04  
 848 N	 55.36  
 849 N	 36.19  
 850 W	 12.12  
 851 A	 15.30  
 852 D	 35.26  
 853 F	 4.86  
 854 S	 27.66  
 855 S	 34.19  
 856 T	 33.98  
 857 W	 8.98  
 858 P	 19.29  
 859 T	 39.48  
 860 S	 25.75  
 861 T	 50.29  
 862 N	 55.87  
 863 E	 70.81  
 864 K	 50.66  
 865 P	 43.47  
 866 E	 78.75  
 867 T	 43.06  
 868 D	 53.19  
 869 N	 46.04  
 870 W	 10.25  
 871 D	 38.19  
 872 A	 6.88  
 873 W	 6.94  
 874 A	 9.65  
 875 A	 15.89  
 876 Q	 21.99  
 877 P	 26.95  
 878 S	 25.29  
 879 L	 7.72  
 880 T	 34.41  
 881 V	 4.23  
 882 P	 17.15  
 883 S	 40.47  
 884 A	 12.04  
 885 G	 31.24  
 886 Q	 32.94  
 887 L	 5.01  
 888 R	 23.21  
 889 Q	 52.88  
 890 R	 24.42  
 891 S	 21.28  
 892 A	 17.96  
 893 F	 9.91  
 894 T	 16.25  
 895 P	 22.59  
 896 A	 13.55  
 897 T	 26.42  
 898 A	 16.45  
 899 T	 32.99  
 900 G	 24.54  
 901 S	 34.42  
 902 S	 30.64  
 903 P	 44.33  
 904 S	 29.59  
 905 P	 28.83  
 906 V	 12.60  
 907 L	 4.87  
 908 G	 33.41  
 909 Q	 53.35  
 910 G	 34.59  
 911 E	 46.14  
 912 K	 53.03  
 913 V	 6.49  
 914 E	 66.31  
 915 G	 26.52  
 916 L	 2.11  
 917 Q	 42.14  
 918 A	 11.14  
 919 Q	 20.95  
 920 A	 16.45  
 921 L	 3.34  
 922 Y	 12.08  
 923 P	 18.22  
 924 W	 10.17  
 925 R	 31.83  
 926 A	 21.27  
 927 K	 52.68  
 928 K	 63.88  
 929 D	 47.26  
 930 N	 50.88  
 931 H	 32.08  
 932 L	 11.11  
 933 N	 30.78  
 934 F	 20.29  
 935 N	 40.94  
 936 K	 50.84  
 937 N	 50.30  
 938 D	 34.50  
 939 V	 5.74  
 940 I	 2.16  
 941 T	 20.91  
 942 V	 3.68  
 943 L	 3.53  
 944 E	 41.69  
 945 Q	 40.17  
 946 Q	 32.90  
 947 D	 34.07  
 948 M	 2.72  
 949 W	 8.78  
 950 W	 5.68  
 951 F	 3.36  
 952 G	 22.05  
 953 E	 23.38  
 954 V	 8.73  
 955 Q	 44.27  
 956 G	 36.02  
 957 Q	 24.81  
 958 K	 66.00  
 959 G	 24.30  
 960 W	 17.26  
 961 F	 8.12  
 962 P	 20.41  
 963 K	 44.97  
 964 S	 35.08  
 965 Y	 14.02  
 966 V	 5.40  
 967 K	 31.69  
 968 L	 2.41  
 969 I	 3.56  
 970 S	 49.29  
 971 G	 18.05  
 972 P	 19.20  
 973 I	 11.19  
 974 R	 29.97  
 975 K	 59.82  
 976 S	 18.83  
 977 T	 30.98  
 978 S	 27.90  
 979 M	 4.88  
 980 D	 50.00  
 981 S	 31.75  
 982 G	 30.81  
 983 S	 34.58  
 984 S	 45.69  
 985 E	 63.54  
 986 S	 27.93  
 987 P	 23.09  
 988 A	 36.45  
 989 S	 37.50  
 990 L	 4.45  
 991 K	 42.19  
 992 R	 34.23  
 993 V	 6.22  
 994 A	 17.52  
 995 S	 16.53  
 996 P	 26.88  
 997 A	 26.14  
 998 A	 21.77  
 999 K	 40.21  
 1000 P	 27.32  
 1001 V	 5.43  
 1002 V	 9.14  
 1003 S	 40.50  
 1004 G	 27.18  
 1005 E	 42.08  
 1006 E	 45.97  
 1007 F	 3.62  
 1008 I	 2.14  
 1009 A	 7.11  
 1010 M	 1.88  
 1011 Y	 9.35  
 1012 T	 14.02  
 1013 Y	 9.05  
 1014 E	 39.73  
 1015 S	 28.85  
 1016 S	 23.23  
 1017 E	 68.79  
 1018 Q	 53.28  
 1019 G	 28.04  
 1020 D	 42.08  
 1021 L	 7.08  
 1022 T	 24.92  
 1023 F	 7.11  
 1024 Q	 40.90  
 1025 Q	 45.95  
 1026 G	 21.99  
 1027 D	 21.68  
 1028 V	 4.69  
 1029 I	 2.81  
 1030 L	 3.93  
 1031 V	 5.18  
 1032 T	 29.00  
 1033 K	 41.19  
 1034 K	 58.54  
 1035 D	 62.94  
 1036 G	 41.12  
 1037 D	 48.12  
 1038 W	 10.48  
 1039 W	 6.95  
 1040 T	 20.79  
 1041 G	 12.51  
 1042 T	 17.59  
 1043 V	 11.19  
 1044 G	 30.46  
 1045 D	 33.04  
 1046 K	 40.90  
 1047 A	 24.91  
 1048 G	 27.60  
 1049 V	 8.34  
 1050 F	 5.55  
 1051 P	 21.18  
 1052 S	 29.36  
 1053 N	 39.29  
 1054 Y	 7.41  
 1055 V	 7.27  
 1056 R	 26.17  
 1057 L	 5.29  
 1058 K	 48.95  
 1059 D	 57.42  
 1060 S	 42.12  
 1061 E	 68.46  
 1062 G	 35.01  
 1063 S	 28.99  
 1064 G	 30.37  
 1065 T	 33.65  
 1066 A	 22.47  
 1067 G	 28.09  
 1068 K	 47.45  
 1069 T	 30.96  
 1070 G	 25.10  
 1071 S	 38.90  
 1072 L	 14.26  
 1073 G	 37.32  
 1074 K	 71.14  
 1075 K	 46.19  
 1076 P	 41.53  
 1077 E	 60.89  
 1078 I	 4.39  
 1079 A	 8.91  
 1080 Q	 32.58  
 1081 V	 2.67  
 1082 I	 1.08  
 1083 A	 9.53  
 1084 S	 16.34  
 1085 Y	 7.44  
 1086 T	 18.43  
 1087 A	 11.43  
 1088 T	 45.53  
 1089 G	 22.68  
 1090 P	 23.08  
 1091 E	 60.61  
 1092 Q	 42.77  
 1093 L	 3.95  
 1094 T	 22.14  
 1095 L	 8.02  
 1096 A	 10.84  
 1097 P	 33.89  
 1098 G	 29.35  
 1099 Q	 25.03  
 1100 L	 4.22  
 1101 I	 2.00  
 1102 L	 4.16  
 1103 I	 4.87  
 1104 R	 40.21  
 1105 K	 50.32  
 1106 K	 59.53  
 1107 N	 43.41  
 1108 P	 52.10  
 1109 G	 54.47  
 1110 G	 27.81  
 1111 W	 8.89  
 1112 W	 13.64  
 1113 E	 35.96  
 1114 G	 27.48  
 1115 E	 26.62  
 1116 L	 7.69  
 1117 Q	 25.39  
 1118 A	 34.51  
 1119 R	 44.49  
 1120 G	 42.74  
 1121 K	 38.95  
 1122 K	 52.97  
 1123 R	 36.51  
 1124 Q	 47.64  
 1125 I	 6.47  
 1126 G	 16.19  
 1127 W	 9.55  
 1128 F	 3.27  
 1129 P	 17.06  
 1130 A	 15.54  
 1131 N	 42.22  
 1132 Y	 10.89  
 1133 V	 3.36  
 1134 K	 33.09  
 1135 L	 4.00  
 1136 L	 4.87  
 1137 S	 31.55  
 1138 P	 50.48  
 1139 G	 38.96  
 1140 T	 30.17  
 1141 S	 28.16  
 1142 K	 50.89  
 1143 I	 5.82  
 1144 T	 28.09  
 1145 P	 37.93  
 1146 T	 53.10  
 1147 E	 61.89  
 1148 P	 44.06  
 1149 P	 36.68  
 1150 K	 71.76  
 1151 S	 25.37  
 1152 T	 31.64  
 1153 A	 11.42  
 1154 L	 2.97  
 1155 A	 8.72  
 1156 A	 11.94  
 1157 V	 1.63  
 1158 C	 1.99  
 1159 Q	 24.22  
 1160 V	 3.27  
 1161 I	 0.79  
 1162 G	 15.11  
 1163 M	 1.26  
 1164 Y	 10.69  
 1165 D	 25.97  
 1166 Y	 6.11  
 1167 T	 20.90  
 1168 A	 10.43  
 1169 Q	 46.19  
 1170 N	 57.12  
 1171 D	 38.39  
 1172 D	 61.43  
 1173 E	 44.88  
 1174 L	 9.43  
 1175 A	 12.15  
 1176 F	 17.73  
 1177 N	 41.77  
 1178 K	 45.82  
 1179 G	 25.64  
 1180 Q	 34.69  
 1181 I	 3.18  
 1182 I	 1.93  
 1183 N	 33.58  
 1184 V	 4.37  
 1185 L	 7.01  
 1186 N	 41.19  
 1187 K	 60.37  
 1188 E	 73.95  
 1189 D	 48.33  
 1190 P	 39.97  
 1191 D	 75.97  
 1192 W	 12.22  
 1193 W	 13.22  
 1194 K	 40.72  
 1195 G	 30.29  
 1196 E	 29.14  
 1197 V	 15.45  
 1198 N	 30.77  
 1199 G	 28.82  
 1200 Q	 22.39  
 1201 V	 8.35  
 1202 G	 17.45  
 1203 L	 6.32  
 1204 F	 5.26  
 1205 P	 27.06  
 1206 S	 33.20  
 1207 N	 45.94  
 1208 Y	 11.87  
 1209 V	 4.85  
 1210 K	 29.74  
 1211 L	 4.43  
 1212 T	 18.29  
 1213 T	 39.50  
 1214 D	 33.96  
 1215 M	 8.40  
 1216 D	 42.37  
 1217 P	 27.65  
 1218 S	 30.64  
 1219 Q	 46.29  
 1220 Q	 47.70  
 1221 W	 3.96  
 1222 C	 1.65  
 1223 S	 40.00  
 1224 D	 34.66  
 1225 L	 1.44  
 1226 H	 29.36  
 1227 L	 5.88  
 1228 L	 2.24  
 1229 D	 36.08  
 1230 M	 4.53  
 1231 L	 5.32  
 1232 T	 22.87  
 1233 P	 28.44  
 1234 T	 43.09  
 1235 E	 58.36  
 1236 R	 41.77  
 1237 K	 42.72  
 1238 R	 41.18  
 1239 Q	 52.67  
 1240 G	 27.65  
 1241 Y	 7.26  
 1242 I	 2.32  
 1243 H	 18.48  
 1244 E	 30.54  
 1245 L	 2.06  
 1246 I	 3.08  
 1247 V	 9.60  
 1248 T	 30.50  
 1249 E	 33.09  
 1250 E	 44.49  
 1251 N	 39.56  
 1252 Y	 12.15  
 1253 V	 7.29  
 1254 N	 33.64  
 1255 D	 26.25  
 1256 L	 3.41  
 1257 Q	 36.43  
 1258 L	 7.18  
 1259 V	 2.66  
 1260 T	 31.77  
 1261 E	 34.03  
 1262 I	 3.02  
 1263 F	 6.59  
 1264 Q	 52.71  
 1265 K	 29.39  
 1266 P	 26.59  
 1267 L	 8.40  
 1268 M	 7.85  
 1269 E	 49.06  
 1270 S	 21.41  
 1271 E	 34.20  
 1272 L	 11.32  
 1273 L	 5.22  
 1274 T	 58.60  
 1275 E	 47.38  
 1276 K	 52.86  
 1277 E	 29.31  
 1278 V	 6.93  
 1279 A	 6.09  
 1280 M	 2.70  
 1281 I	 2.22  
 1282 F	 1.92  
 1283 V	 6.05  
 1284 N	 33.09  
 1285 W	 7.09  
 1286 K	 37.12  
 1287 E	 34.83  
 1288 L	 2.41  
 1289 I	 2.87  
 1290 M	 1.93  
 1291 C	 3.64  
 1292 N	 19.63  
 1293 I	 2.57  
 1294 K	 33.50  
 1295 L	 5.41  
 1296 L	 2.31  
 1297 K	 56.67  
 1298 A	 10.69  
 1299 L	 5.07  
 1300 R	 30.93  
 1301 V	 12.52  
 1302 R	 26.83  
 1303 K	 50.39  
 1304 K	 27.95  
 1305 M	 7.54  
 1306 S	 53.32  
 1307 G	 34.74  
 1308 E	 38.58  
 1309 K	 52.62  
 1310 M	 3.92  
 1311 P	 33.38  
 1312 V	 6.18  
 1313 K	 20.94  
 1314 M	 4.16  
 1315 I	 3.57  
 1316 G	 16.65  
 1317 D	 27.94  
 1318 I	 2.49  
 1319 L	 4.06  
 1320 S	 17.82  
 1321 A	 16.10  
 1322 Q	 52.75  
 1323 L	 2.92  
 1324 P	 14.61  
 1325 H	 35.78  
 1326 M	 3.97  
 1327 Q	 25.31  
 1328 P	 20.95  
 1329 Y	 6.45  
 1330 I	 3.28  
 1331 R	 22.22  
 1332 F	 3.00  
 1333 C	 2.05  
 1334 S	 21.98  
 1335 R	 46.30  
 1336 Q	 24.00  
 1337 L	 6.58  
 1338 N	 29.71  
 1339 G	 22.33  
 1340 A	 9.68  
 1341 A	 13.44  
 1342 L	 3.44  
 1343 I	 3.32  
 1344 Q	 39.30  
 1345 Q	 43.55  
 1346 K	 41.38  
 1347 T	 34.43  
 1348 D	 58.03  
 1349 E	 68.29  
 1350 A	 16.27  
 1351 P	 45.59  
 1352 D	 74.44  
 1353 F	 8.76  
 1354 K	 58.59  
 1355 E	 56.52  
 1356 F	 8.94  
 1357 V	 3.55  
 1358 K	 47.19  
 1359 R	 23.52  
 1360 L	 3.71  
 1361 A	 12.36  
 1362 M	 9.61  
 1363 D	 23.14  
 1364 P	 30.40  
 1365 R	 30.43  
 1366 C	 5.63  
 1367 K	 60.57  
 1368 G	 26.94  
 1369 M	 1.52  
 1370 P	 37.45  
 1371 L	 5.07  
 1372 S	 19.82  
 1373 S	 24.80  
 1374 F	 7.33  
 1375 I	 5.37  
 1376 L	 4.86  
 1377 K	 33.36  
 1378 P	 22.24  
 1379 M	 3.67  
 1380 Q	 45.26  
 1381 R	 26.06  
 1382 V	 1.69  
 1383 T	 27.03  
 1384 R	 28.37  
 1385 Y	 7.94  
 1386 P	 17.50  
 1387 L	 4.72  
 1388 I	 3.49  
 1389 I	 3.53  
 1390 K	 30.83  
 1391 N	 33.40  
 1392 I	 4.30  
 1393 L	 6.08  
 1394 E	 56.09  
 1395 N	 58.45  
 1396 T	 23.70  
 1397 P	 52.56  
 1398 E	 67.16  
 1399 N	 53.87  
 1400 H	 27.74  
 1401 P	 53.22  
 1402 D	 48.66  
 1403 H	 22.90  
 1404 S	 37.58  
 1405 H	 35.16  
 1406 L	 4.95  
 1407 K	 22.77  
 1408 H	 41.74  
 1409 A	 18.81  
 1410 L	 7.49  
 1411 E	 51.51  
 1412 K	 63.05  
 1413 A	 13.20  
 1414 E	 63.67  
 1415 E	 60.99  
 1416 L	 2.28  
 1417 C	 2.79  
 1418 S	 50.19  
 1419 Q	 40.85  
 1420 V	 3.96  
 1421 N	 32.44  
 1422 E	 61.28  
 1423 G	 20.69  
 1424 V	 6.11  
 1425 R	 61.19  
 1426 E	 63.42  
 1427 K	 52.19  
 1428 E	 58.16  
 1429 N	 61.35  
 1430 S	 25.79  
 1431 D	 71.42  
 1432 R	 34.04  
 1433 L	 8.42  
 1434 E	 43.35  
 1435 W	 7.81  
 1436 I	 1.57  
 1437 Q	 26.87  
 1438 A	 8.83  
 1439 H	 8.19  
 1440 V	 8.58  
 1441 Q	 15.07  
 1442 C	 4.33  
 1443 E	 46.18  
 1444 G	 41.97  
 1445 L	 2.08  
 1446 S	 33.87  
 1447 E	 53.64  
 1448 Q	 39.28  
 1449 L	 4.10  
 1450 V	 4.22  
 1451 F	 8.41  
 1452 N	 28.26  
 1453 S	 20.89  
 1454 V	 4.71  
 1455 T	 21.75  
 1456 N	 19.50  
 1457 C	 3.20  
 1458 L	 13.20  
 1459 G	 23.36  
 1460 P	 24.28  
 1461 R	 40.33  
 1462 K	 56.25  
 1463 F	 8.61  
 1464 L	 3.35  
 1465 H	 37.32  
 1466 S	 39.51  
 1467 G	 17.15  
 1468 K	 52.21  
 1469 L	 6.39  
 1470 Y	 16.64  
 1471 K	 60.83  
 1472 A	 13.62  
 1473 K	 50.86  
 1474 S	 58.98  
 1475 N	 40.91  
 1476 K	 57.07  
 1477 E	 52.02  
 1478 L	 5.60  
 1479 Y	 13.61  
 1480 G	 25.96  
 1481 F	 4.43  
 1482 L	 3.22  
 1483 F	 8.44  
 1484 N	 41.07  
 1485 D	 28.39  
 1486 F	 5.63  
 1487 L	 4.23  
 1488 L	 4.99  
 1489 L	 3.44  
 1490 T	 20.21  
 1491 Q	 41.12  
 1492 I	 4.50  
 1493 T	 19.45  
 1494 K	 39.61  
 1495 P	 33.05  
 1496 L	 12.69  
 1497 G	 28.44  
 1498 S	 33.02  
 1499 S	 43.86  
 1500 G	 39.36  
 1501 T	 34.30  
 1502 D	 48.96  
 1503 K	 45.04  
 1504 V	 6.81  
 1505 F	 14.77  
 1506 S	 34.11  
 1507 P	 32.41  
 1508 K	 51.26  
 1509 S	 46.27  
 1510 N	 36.97  
 1511 L	 8.32  
 1512 Q	 39.80  
 1513 Y	 10.82  
 1514 K	 23.85  
 1515 M	 3.36  
 1516 Y	 13.93  
 1517 K	 44.31  
 1518 T	 12.25  
 1519 P	 15.93  
 1520 I	 8.10  
 1521 F	 6.71  
 1522 L	 5.75  
 1523 N	 26.95  
 1524 E	 39.10  
 1525 V	 7.87  
 1526 L	 1.99  
 1527 V	 7.85  
 1528 K	 44.58  
 1529 L	 4.27  
 1530 P	 29.10  
 1531 T	 71.61  
 1532 D	 33.17  
 1533 P	 42.56  
 1534 S	 62.78  
 1535 G	 49.00  
 1536 D	 63.94  
 1537 E	 43.77  
 1538 P	 39.01  
 1539 I	 3.55  
 1540 F	 6.48  
 1541 H	 22.74  
 1542 I	 1.92  
 1543 S	 13.06  
 1544 H	 25.93  
 1545 I	 2.63  
 1546 D	 28.68  
 1547 R	 23.80  
 1548 V	 3.67  
 1549 Y	 10.84  
 1550 T	 13.60  
 1551 L	 2.40  
 1552 R	 28.63  
 1553 A	 20.28  
 1554 E	 45.80  
 1555 S	 29.72  
 1556 I	 4.70  
 1557 N	 41.81  
 1558 E	 50.14  
 1559 R	 25.84  
 1560 T	 20.77  
 1561 A	 15.63  
 1562 W	 7.77  
 1563 V	 3.73  
 1564 Q	 30.93  
 1565 K	 36.23  
 1566 I	 1.73  
 1567 K	 44.96  
 1568 A	 21.50  
 1569 A	 9.87  
 1570 S	 32.75  
 1571 E	 40.65  
 1572 L	 4.90  
 1573 Y	 7.83  
 1574 I	 9.14  
 1575 E	 37.04  
 1576 T	 43.47  
 1577 E	 50.52  
 1578 K	 71.64  
 1579 K	 51.32  
 1580 K	 76.49  
 1581 R	 60.57  
 1582 E	 51.41  
 1583 K	 46.49  
 1584 A	 9.72  
 1585 Y	 19.46  
 1586 L	 2.85  
 1587 V	 3.45  
 1588 R	 25.20  
 1589 S	 19.28  
 1590 Q	 28.59  
 1591 R	 35.05  
 1592 A	 11.53  
 1593 T	 31.36  
 1594 G	 21.26  
 1595 I	 2.23  
 1596 G	 20.29  
 1597 R	 20.07  
 1598 L	 3.66  
 1599 M	 1.66  
 1600 V	 6.10  
 1601 N	 20.39  
 1602 V	 2.56  
 1603 V	 4.74  
 1604 E	 50.61  
 1605 G	 13.68  
 1606 I	 3.38  
 1607 E	 62.69  
 1608 L	 7.68  
 1609 K	 29.31  
 1610 P	 31.23  
 1611 C	 7.15  
 1612 R	 39.97  
 1613 S	 43.22  
 1614 H	 28.48  
 1615 G	 36.01  
 1616 K	 41.45  
 1617 S	 47.86  
 1618 N	 34.74  
 1619 P	 42.09  
 1620 Y	 12.90  
 1621 C	 3.41  
 1622 E	 34.87  
 1623 V	 3.89  
 1624 T	 8.10  
 1625 M	 6.17  
 1626 G	 12.75  
 1627 S	 20.86  
 1628 Q	 19.65  
 1629 C	 2.41  
 1630 H	 24.10  
 1631 I	 5.78  
 1632 T	 9.85  
 1633 K	 42.92  
 1634 T	 18.41  
 1635 I	 3.58  
 1636 Q	 42.75  
 1637 D	 49.68  
 1638 T	 16.44  
 1639 L	 16.18  
 1640 N	 37.89  
 1641 P	 46.26  
 1642 K	 58.91  
 1643 W	 18.10  
 1644 N	 29.48  
 1645 S	 37.56  
 1646 N	 22.01  
 1647 C	 3.61  
 1648 Q	 40.30  
 1649 F	 6.31  
 1650 F	 1.52  
 1651 I	 3.37  
 1652 R	 36.99  
 1653 D	 50.14  
 1654 L	 5.41  
 1655 E	 49.32  
 1656 Q	 54.09  
 1657 E	 28.25  
 1658 V	 5.44  
 1659 L	 1.39  
 1660 C	 2.71  
 1661 I	 3.00  
 1662 T	 20.39  
 1663 V	 2.08  
 1664 F	 4.82  
 1665 E	 51.52  
 1666 R	 31.40  
 1667 D	 46.83  
 1668 Q	 47.11  
 1669 F	 15.59  
 1670 S	 23.06  
 1671 P	 46.62  
 1672 D	 59.08  
 1673 D	 44.01  
 1674 F	 11.54  
 1675 L	 6.12  
 1676 G	 34.16  
 1677 R	 31.19  
 1678 T	 33.68  
 1679 E	 27.69  
 1680 I	 4.19  
 1681 R	 16.02  
 1682 V	 7.44  
 1683 A	 11.71  
 1684 D	 50.84  
 1685 I	 4.27  
 1686 K	 51.34  
 1687 K	 56.47  
 1688 D	 53.74  
 1689 Q	 67.92  
 1690 G	 41.27  
 1691 S	 28.89  
 1692 K	 74.24  
 1693 G	 24.49  
 1694 P	 34.05  
 1695 V	 12.46  
 1696 T	 21.12  
 1697 K	 24.10  
 1698 C	 2.06  
 1699 L	 6.42  
 1700 L	 6.86  
 1701 L	 1.77  
 1702 H	 33.70  
 1703 E	 50.60  
 1704 V	 3.42  
 1705 P	 31.53  
 1706 T	 53.26  
 1707 G	 19.30  
 1708 E	 34.78  
 1709 I	 3.52  
 1710 V	 1.46  
 1711 V	 6.55  
 1712 R	 16.16  
 1713 L	 5.35  
 1714 D	 23.08  
 1715 L	 5.88  
 1716 Q	 39.49  
 1717 L	 8.31  
 1718 F	 6.88  
 1719 D	 75.70  
 1720 E	 45.64  
 1721 P	 51.89  
