 1 M	 15.32  
 2 N	 69.88  
 3 E	 61.62  
 4 K	 66.48  
 5 E	 53.89  
 6 E	 74.82  
 7 E	 38.20  
 8 V	 9.98  
 9 S	 25.53  
 10 L	 7.07  
 11 N	 33.74  
 12 Q	 39.21  
 13 I	 5.70  
 14 K	 40.47  
 15 L	 11.17  
 16 K	 27.52  
 17 P	 49.64  
 18 R	 29.55  
 19 I	 5.94  
 20 S	 28.34  
 21 L	 3.44  
 22 F	 6.20  
 23 N	 50.34  
 24 G	 11.56  
 25 C	 2.31  
 26 T	 19.33  
 27 I	 2.22  
 28 I	 0.90  
 29 I	 2.97  
 30 G	 8.31  
 31 V	 1.71  
 32 I	 2.20  
 33 I	 3.14  
 34 G	 14.54  
 35 S	 20.50  
 36 G	 16.49  
 37 I	 3.10  
 38 F	 5.19  
 39 V	 10.14  
 40 S	 15.33  
 41 P	 31.92  
 42 K	 54.89  
 43 G	 20.77  
 44 V	 7.42  
 45 L	 4.95  
 46 L	 3.83  
 47 E	 46.99  
 48 A	 19.74  
 49 G	 14.51  
 50 S	 28.79  
 51 A	 19.45  
 52 G	 14.12  
 53 M	 2.26  
 54 S	 21.07  
 55 L	 2.74  
 56 L	 1.75  
 57 I	 2.71  
 58 W	 7.39  
 59 L	 1.85  
 60 L	 2.23  
 61 S	 30.64  
 62 G	 20.66  
 63 V	 2.19  
 64 F	 4.33  
 65 A	 6.05  
 66 M	 1.65  
 67 I	 2.62  
 68 G	 10.00  
 69 A	 4.18  
 70 V	 2.38  
 71 C	 2.83  
 72 Y	 9.89  
 73 S	 22.63  
 74 E	 25.41  
 75 L	 5.37  
 76 G	 17.90  
 77 T	 33.85  
 78 L	 6.31  
 79 I	 3.97  
 80 P	 28.07  
 81 K	 55.53  
 82 S	 42.53  
 83 G	 38.83  
 84 G	 31.67  
 85 D	 28.54  
 86 Y	 12.46  
 87 A	 6.76  
 88 Y	 9.60  
 89 I	 1.58  
 90 Y	 6.63  
 91 E	 28.15  
 92 A	 9.57  
 93 F	 7.47  
 94 G	 29.86  
 95 P	 34.34  
 96 L	 5.93  
 97 P	 26.60  
 98 S	 42.11  
 99 F	 5.44  
 100 L	 3.96  
 101 F	 4.81  
 102 L	 3.80  
 103 W	 2.61  
 104 V	 3.00  
 105 A	 5.64  
 106 L	 1.74  
 107 V	 2.73  
 108 I	 2.34  
 109 I	 3.83  
 110 N	 23.75  
 111 P	 16.98  
 112 T	 31.70  
 113 S	 19.63  
 114 L	 4.34  
 115 A	 7.30  
 116 I	 2.37  
 117 I	 1.56  
 118 A	 5.73  
 119 I	 1.98  
 120 T	 6.25  
 121 C	 1.86  
 122 A	 8.59  
 123 T	 16.09  
 124 Y	 6.18  
 125 A	 8.72  
 126 L	 4.71  
 127 Q	 20.20  
 128 P	 30.87  
 129 F	 4.52  
 130 Y	 18.95  
 131 S	 16.60  
 132 C	 2.41  
 133 P	 34.43  
 134 V	 8.09  
 135 P	 17.52  
 136 D	 46.18  
 137 V	 4.19  
 138 V	 2.85  
 139 V	 5.31  
 140 N	 20.17  
 141 L	 1.79  
 142 F	 4.66  
 143 A	 18.34  
 144 G	 8.88  
 145 C	 1.50  
 146 I	 1.90  
 147 I	 2.23  
 148 A	 3.13  
 149 V	 3.49  
 150 L	 2.09  
 151 T	 18.83  
 152 F	 3.10  
 153 I	 3.32  
 154 N	 19.35  
 155 C	 2.54  
 156 W	 11.57  
 157 D	 21.98  
 158 V	 1.63  
 159 R	 13.42  
 160 M	 4.48  
 161 A	 5.37  
 162 T	 28.78  
 163 R	 23.22  
 164 T	 34.48  
 165 N	 40.58  
 166 D	 39.15  
 167 F	 6.71  
 168 F	 5.57  
 169 T	 27.94  
 170 I	 2.43  
 171 T	 19.42  
 172 K	 33.76  
 173 L	 1.75  
 174 I	 2.92  
 175 A	 12.63  
 176 L	 2.95  
 177 T	 13.59  
 178 L	 2.51  
 179 I	 1.75  
 180 I	 2.68  
 181 T	 9.71  
 182 C	 2.54  
 183 G	 24.47  
 184 G	 16.76  
 185 Y	 6.61  
 186 W	 5.24  
 187 L	 1.97  
 188 S	 20.40  
 189 L	 5.61  
 190 G	 16.60  
 191 H	 29.53  
 192 I	 3.40  
 193 D	 36.41  
 194 N	 33.65  
 195 L	 2.87  
 196 V	 7.02  
 197 M	 2.36  
 198 P	 25.99  
 199 D	 33.88  
 200 V	 4.27  
 201 A	 23.86  
 202 E	 60.26  
 203 G	 18.47  
 204 S	 26.61  
 205 Q	 54.21  
 206 T	 35.33  
 207 K	 32.57  
 208 L	 4.80  
 209 S	 21.13  
 210 A	 12.19  
 211 I	 2.12  
 212 A	 5.29  
 213 M	 1.85  
 214 A	 7.39  
 215 F	 2.99  
 216 Y	 8.58  
 217 S	 23.25  
 218 G	 17.07  
 219 V	 2.74  
 220 F	 7.52  
 221 S	 18.98  
 222 F	 5.86  
 223 S	 37.42  
 224 G	 17.32  
 225 F	 4.15  
 226 S	 32.03  
 227 Y	 11.91  
 228 L	 3.77  
 229 N	 22.55  
 230 F	 7.12  
 231 V	 6.83  
 232 T	 21.43  
 233 E	 56.90  
 234 E	 56.53  
 235 L	 5.45  
 236 K	 66.89  
 237 N	 54.27  
 238 P	 28.17  
 239 F	 12.98  
 240 R	 45.06  
 241 N	 55.57  
 242 L	 2.37  
 243 P	 27.49  
 244 R	 36.46  
 245 A	 9.30  
 246 I	 3.11  
 247 Y	 6.40  
 248 I	 2.16  
 249 S	 12.82  
 250 I	 1.64  
 251 P	 14.27  
 252 I	 3.99  
 253 V	 2.22  
 254 T	 12.87  
 255 I	 1.13  
 256 V	 1.35  
 257 Y	 4.85  
 258 M	 2.03  
 259 L	 1.14  
 260 V	 2.51  
 261 N	 14.82  
 262 I	 2.28  
 263 A	 8.30  
 264 Y	 7.81  
 265 F	 2.77  
 266 S	 11.98  
 267 V	 3.58  
 268 L	 3.61  
 269 T	 24.61  
 270 V	 5.63  
 271 D	 31.80  
 272 E	 40.91  
 273 I	 4.48  
 274 L	 4.92  
 275 D	 50.57  
 276 S	 24.83  
 277 D	 44.74  
 278 A	 9.15  
 279 V	 4.80  
 280 A	 9.23  
 281 I	 2.33  
 282 T	 11.75  
 283 F	 7.27  
 284 A	 14.45  
 285 D	 34.05  
 286 K	 36.08  
 287 I	 4.40  
 288 L	 6.96  
 289 G	 23.59  
 290 T	 22.75  
 291 F	 11.18  
 292 G	 28.06  
 293 S	 16.60  
 294 K	 39.99  
 295 I	 4.22  
 296 L	 3.12  
 297 M	 2.85  
 298 P	 21.14  
 299 L	 4.05  
 300 F	 3.40  
 301 V	 8.12  
 302 S	 12.24  
 303 F	 5.73  
 304 S	 10.61  
 305 C	 3.65  
 306 V	 5.90  
 307 G	 30.64  
 308 S	 9.77  
 309 L	 5.83  
 310 N	 36.84  
 311 G	 22.75  
 312 I	 2.15  
 313 L	 2.55  
 314 I	 3.27  
 315 T	 10.86  
 316 C	 1.60  
 317 S	 20.38  
 318 R	 28.24  
 319 M	 1.98  
 320 F	 4.24  
 321 F	 4.87  
 322 S	 21.93  
 323 G	 24.33  
 324 A	 13.29  
 325 R	 47.02  
 326 N	 33.31  
 327 S	 27.78  
 328 Q	 65.66  
 329 L	 3.41  
 330 P	 28.71  
 331 E	 66.18  
 332 L	 2.91  
 333 F	 4.06  
 334 A	 13.66  
 335 M	 1.61  
 336 I	 2.51  
 337 S	 9.91  
 338 I	 1.94  
 339 R	 20.75  
 340 Q	 48.28  
 341 L	 4.40  
 342 T	 15.72  
 343 P	 45.12  
 344 I	 2.81  
 345 P	 25.04  
 346 S	 34.51  
 347 L	 2.42  
 348 I	 2.92  
 349 F	 6.68  
 350 L	 4.98  
 351 G	 26.95  
 352 G	 20.59  
 353 T	 17.30  
 354 S	 19.23  
 355 I	 1.80  
 356 V	 2.46  
 357 M	 2.11  
 358 L	 1.64  
 359 F	 3.47  
 360 I	 3.27  
 361 G	 19.53  
 362 N	 26.98  
 363 V	 2.46  
 364 F	 5.92  
 365 Q	 36.83  
 366 L	 1.54  
 367 I	 1.90  
 368 N	 40.04  
 369 Y	 9.20  
 370 L	 2.69  
 371 S	 16.43  
 372 F	 8.91  
 373 A	 11.33  
 374 E	 42.46  
 375 S	 24.04  
 376 L	 2.61  
 377 V	 5.94  
 378 V	 4.70  
 379 F	 3.34  
 380 S	 16.58  
 381 S	 12.43  
 382 V	 4.79  
 383 A	 12.59  
 384 G	 29.41  
 385 L	 2.48  
 386 L	 4.86  
 387 K	 42.53  
 388 L	 5.70  
 389 R	 24.33  
 390 F	 11.27  
 391 T	 25.94  
 392 M	 3.44  
 393 P	 27.27  
 394 E	 49.50  
 395 N	 37.39  
 396 V	 4.09  
 397 L	 6.64  
 398 N	 29.62  
 399 A	 17.92  
 400 R	 32.19  
 401 P	 29.79  
 402 I	 5.29  
 403 K	 29.00  
 404 I	 3.48  
 405 S	 16.65  
 406 L	 7.07  
 407 L	 4.00  
 408 W	 5.33  
 409 P	 17.24  
 410 I	 3.38  
 411 L	 1.86  
 412 F	 4.59  
 413 F	 3.68  
 414 L	 1.53  
 415 M	 1.25  
 416 C	 2.36  
 417 L	 1.79  
 418 F	 4.43  
 419 L	 1.55  
 420 L	 2.71  
 421 I	 5.09  
 422 L	 2.82  
 423 P	 23.90  
 424 F	 8.46  
 425 F	 5.21  
 426 H	 31.50  
 427 S	 39.96  
 428 D	 43.70  
 429 P	 29.47  
 430 W	 20.30  
 431 E	 30.58  
 432 L	 3.02  
 433 I	 1.58  
 434 Y	 21.62  
 435 G	 9.19  
 436 V	 1.56  
 437 F	 3.20  
 438 L	 3.35  
 439 V	 2.44  
 440 L	 4.17  
 441 S	 27.48  
 442 G	 26.07  
 443 I	 1.36  
 444 P	 18.51  
 445 I	 3.34  
 446 Y	 5.92  
 447 V	 3.28  
 448 L	 1.03  
 449 F	 3.80  
 450 V	 4.50  
 451 Y	 9.90  
 452 N	 29.58  
 453 K	 25.58  
 454 Y	 20.57  
 455 R	 26.86  
 456 P	 38.67  
 457 G	 24.24  
 458 F	 5.21  
 459 I	 3.55  
 460 Q	 29.66  
 461 S	 18.01  
 462 V	 2.18  
 463 W	 7.10  
 464 I	 2.81  
 465 G	 12.99  
 466 F	 3.36  
 467 T	 15.63  
 468 H	 18.62  
 469 F	 6.02  
 470 I	 2.47  
 471 Q	 35.14  
 472 K	 35.43  
 473 L	 1.80  
 474 F	 5.98  
 475 Y	 11.72  
 476 C	 3.01  
 477 V	 2.55  
 478 P	 33.00  
 479 E	 40.67  
 480 L	 5.01  
 481 S	 27.20  
 482 S	 53.33  
 483 S	 40.65  
