 1 M	 12.21  
 2 Q	 72.13  
 3 G	 29.79  
 4 K	 38.08  
 5 N	 41.30  
 6 S	 24.29  
 7 H	 36.48  
 8 L	 4.75  
 9 T	 22.55  
 10 G	 23.09  
 11 I	 2.43  
 12 T	 29.80  
 13 G	 27.05  
 14 T	 14.40  
 15 T	 19.14  
 16 H	 20.07  
 17 F	 5.42  
 18 T	 14.06  
 19 I	 2.68  
 20 F	 6.42  
 21 G	 22.69  
 22 A	 12.95  
 23 S	 22.64  
 24 P	 31.65  
 25 R	 42.36  
 26 S	 18.99  
 27 M	 3.66  
 28 S	 31.12  
 29 L	 4.81  
 30 V	 4.29  
 31 K	 57.06  
 32 N	 41.25  
 33 S	 24.55  
 34 Q	 68.89  
 35 E	 64.20  
 36 T	 28.73  
 37 P	 27.99  
 38 P	 56.32  
 39 F	 9.58  
 40 P	 47.07  
 41 G	 28.43  
 42 M	 3.49  
 43 N	 40.00  
 44 S	 18.06  
 45 T	 16.52  
 46 M	 4.59  
 47 R	 32.00  
 48 P	 21.11  
 49 V	 10.40  
 50 E	 41.62  
 51 F	 9.97  
 52 N	 34.95  
 53 S	 42.15  
 54 T	 34.50  
 55 K	 64.77  
 56 Q	 40.95  
 57 P	 40.21  
 58 E	 51.41  
 59 A	 20.64  
 60 Q	 37.01  
 61 T	 33.30  
 62 I	 3.24  
 63 D	 49.72  
 64 Q	 46.53  
 65 E	 46.83  
 66 Q	 46.67  
 67 D	 65.17  
 68 A	 17.08  
 69 P	 40.90  
 70 K	 66.53  
 71 S	 29.05  
 72 F	 18.69  
 73 D	 61.78  
 74 F	 8.25  
 75 K	 50.41  
 76 N	 39.81  
 77 Q	 38.40  
 78 T	 34.57  
 79 L	 2.92  
 80 G	 21.50  
 81 V	 4.68  
 82 Y	 10.07  
 83 S	 25.13  
 84 D	 24.13  
 85 T	 22.43  
 86 V	 6.12  
 87 L	 6.24  
 88 N	 35.21  
 89 P	 40.32  
 90 L	 8.67  
 91 K	 61.02  
 92 N	 58.82  
 93 D	 54.59  
 94 S	 43.52  
 95 F	 14.95  
 96 K	 55.00  
 97 D	 53.07  
 98 E	 44.01  
 99 L	 6.97  
 100 V	 3.04  
 101 V	 10.49  
 102 D	 29.65  
 103 V	 6.20  
 104 Q	 25.18  
 105 K	 61.37  
 106 N	 33.68  
 107 L	 6.11  
 108 P	 37.38  
 109 I	 6.73  
 110 E	 37.44  
 111 S	 30.02  
 112 L	 3.39  
 113 T	 28.37  
 114 V	 12.83  
 115 S	 22.75  
 116 P	 35.89  
 117 K	 49.92  
 118 S	 41.68  
 119 S	 41.97  
 120 T	 49.01  
 121 D	 39.38  
 122 Q	 51.52  
 123 N	 26.44  
 124 C	 2.78  
 125 R	 54.81  
 126 S	 37.47  
 127 T	 20.09  
 128 N	 37.64  
 129 E	 45.63  
 130 A	 9.83  
 131 I	 2.39  
 132 R	 21.54  
 133 I	 3.43  
 134 A	 11.62  
 135 G	 28.24  
 136 F	 5.26  
 137 D	 48.71  
 138 N	 31.57  
 139 F	 9.49  
 140 A	 15.19  
 141 D	 45.65  
 142 Q	 41.43  
 143 L	 6.67  
 144 Q	 46.57  
 145 E	 55.55  
 146 S	 26.39  
 147 N	 50.31  
 148 G	 34.47  
 149 V	 4.60  
 150 F	 5.37  
 151 E	 47.13  
 152 A	 11.60  
 153 C	 2.17  
 154 P	 49.18  
 155 E	 59.92  
 156 A	 9.17  
 157 H	 30.15  
 158 S	 38.37  
 159 E	 53.28  
 160 Q	 64.13  
 161 G	 35.50  
 162 N	 49.68  
 163 E	 63.43  
 164 S	 46.60  
 165 E	 62.38  
 166 D	 66.24  
 167 F	 6.10  
 168 K	 65.04  
 169 D	 53.42  
 170 L	 4.04  
 171 I	 8.38  
 172 N	 40.88  
 173 S	 38.61  
 174 E	 44.10  
 175 T	 45.73  
 176 E	 22.86  
 177 C	 8.97  
 178 N	 34.16  
 179 I	 7.85  
 180 E	 30.66  
 181 D	 31.84  
 182 V	 2.86  
 183 V	 9.07  
 184 L	 2.71  
 185 P	 22.29  
 186 T	 21.05  
 187 V	 3.86  
 188 H	 15.41  
 189 V	 5.99  
 190 S	 16.18  
 191 T	 42.32  
 192 D	 46.69  
 193 S	 36.90  
 194 E	 56.90  
 195 E	 49.96  
 196 I	 2.39  
 197 I	 4.21  
 198 S	 34.30  
 199 G	 23.85  
 200 D	 21.70  
 201 V	 5.23  
 202 I	 2.25  
 203 M	 4.59  
 204 N	 38.13  
 205 D	 24.98  
 206 S	 26.90  
 207 N	 40.86  
 208 V	 6.27  
 209 V	 7.72  
 210 S	 38.67  
 211 K	 48.69  
 212 P	 24.22  
 213 K	 77.29  
 214 N	 63.06  
 215 L	 9.34  
 216 E	 65.53  
 217 K	 48.84  
 218 V	 7.86  
 219 E	 66.74  
 220 T	 27.98  
 221 P	 19.06  
 222 D	 56.10  
 223 V	 4.40  
 224 L	 4.84  
 225 I	 4.08  
 226 G	 23.07  
 227 S	 31.86  
 228 G	 25.84  
 229 S	 43.48  
 230 N	 54.70  
 231 D	 55.78  
 232 K	 54.89  
 233 L	 6.14  
 234 S	 30.95  
 235 D	 59.46  
 236 M	 3.90  
 237 T	 29.72  
 238 E	 33.30  
 239 Q	 39.46  
 240 I	 5.33  
 241 G	 27.08  
 242 N	 46.76  
 243 N	 25.99  
 244 Q	 46.68  
 245 H	 37.77  
 246 L	 4.47  
 247 E	 43.63  
 248 K	 58.44  
 249 L	 3.67  
 250 I	 8.07  
 251 S	 43.40  
 252 E	 57.93  
 253 K	 56.01  
 254 T	 44.59  
 255 E	 52.28  
 256 K	 63.03  
 257 S	 27.20  
 258 L	 12.65  
 259 S	 45.54  
 260 D	 63.38  
 261 N	 45.17  
 262 E	 48.43  
 263 T	 43.62  
 264 T	 26.97  
 265 L	 8.45  
 266 K	 41.71  
 267 P	 38.46  
 268 V	 7.48  
 269 P	 28.69  
 270 V	 7.11  
 271 Q	 31.45  
 272 H	 27.53  
 273 T	 16.46  
 274 N	 32.35  
 275 S	 29.07  
 276 V	 10.53  
 277 G	 18.59  
 278 S	 19.34  
 279 S	 21.07  
 280 I	 6.43  
 281 G	 25.53  
 282 T	 19.00  
 283 T	 26.04  
 284 S	 40.20  
 285 G	 40.13  
 286 D	 42.75  
 287 S	 40.11  
 288 E	 51.78  
 289 I	 6.74  
 290 S	 30.82  
 291 D	 69.99  
 292 D	 54.15  
 293 D	 63.90  
 294 Q	 48.99  
 295 K	 61.97  
 296 S	 27.44  
 297 W	 26.20  
 298 S	 32.84  
 299 P	 36.91  
 300 K	 68.76  
 301 N	 47.69  
 302 E	 59.82  
 303 S	 35.61  
 304 L	 6.07  
 305 D	 49.66  
 306 Y	 22.99  
 307 Q	 27.10  
 308 P	 23.19  
 309 A	 15.20  
 310 S	 35.19  
 311 T	 38.08  
 312 S	 25.94  
 313 S	 36.50  
 314 E	 57.25  
 315 F	 8.92  
 316 T	 28.50  
 317 E	 56.24  
 318 T	 22.70  
 319 T	 18.25  
 320 S	 27.01  
 321 V	 5.64  
 322 A	 11.37  
 323 N	 47.34  
 324 Q	 36.59  
 325 T	 40.98  
 326 E	 32.03  
 327 S	 35.05  
 328 N	 41.93  
 329 A	 22.40  
 330 G	 32.24  
 331 S	 21.69  
 332 V	 6.76  
 333 D	 42.74  
 334 D	 44.79  
 335 Y	 10.41  
 336 C	 2.06  
 337 P	 36.03  
 338 R	 37.23  
 339 T	 18.38  
 340 S	 21.39  
 341 I	 4.41  
 342 D	 28.77  
 343 I	 5.86  
 344 G	 21.49  
 345 L	 6.20  
 346 D	 35.02  
 347 S	 33.18  
 348 S	 43.81  
 349 A	 12.18  
 350 P	 37.50  
 351 S	 26.75  
 352 C	 4.37  
 353 S	 35.27  
 354 S	 35.28  
 355 D	 35.35  
 356 A	 15.54  
 357 T	 40.32  
 358 R	 50.01  
 359 E	 49.52  
 360 P	 39.94  
 361 T	 32.66  
 362 P	 47.30  
 363 I	 10.13  
 364 K	 37.31  
 365 K	 61.89  
 366 R	 45.18  
 367 G	 55.42  
 368 R	 52.21  
 369 K	 71.65  
 370 K	 61.25  
 371 K	 65.11  
 372 E	 59.66  
 373 Q	 47.44  
 374 S	 37.94  
 375 A	 18.71  
 376 T	 55.03  
 377 E	 49.12  
 378 P	 27.97  
 379 P	 42.88  
 380 I	 5.44  
 381 P	 43.60  
 382 R	 54.31  
 383 T	 21.37  
 384 K	 35.99  
 385 R	 32.01  
 386 A	 20.22  
 387 Y	 23.45  
 388 T	 24.30  
 389 K	 58.70  
 390 N	 27.53  
 391 P	 40.68  
 392 N	 58.49  
 393 T	 24.34  
 394 I	 6.59  
 395 R	 25.12  
 396 K	 40.27  
 397 R	 33.79  
 398 R	 44.28  
 399 M	 9.34  
 400 K	 46.92  
 401 K	 51.37  
 402 N	 40.86  
 403 Q	 58.05  
 404 S	 57.32  
 405 D	 58.54  
 406 D	 67.44  
 407 E	 69.21  
 408 E	 69.28  
 409 D	 65.21  
 410 D	 74.83  
 411 G	 53.37  
 412 P	 37.93  
 413 P	 48.60  
 414 K	 58.61  
 415 R	 46.91  
 416 R	 46.19  
 417 T	 20.01  
 418 I	 4.24  
 419 N	 23.26  
 420 Y	 13.66  
 421 Q	 25.01  
 422 I	 3.69  
 423 E	 21.07  
 424 F	 10.27  
 425 R	 26.29  
 426 D	 50.86  
 427 A	 12.95  
 428 S	 33.08  
 429 G	 27.18  
 430 A	 8.96  
 431 W	 7.10  
 432 T	 11.33  
 433 M	 1.90  
 434 A	 6.13  
 435 Q	 27.99  
 436 Q	 27.30  
 437 L	 1.87  
 438 I	 2.32  
 439 F	 5.12  
 440 V	 4.56  
 441 R	 22.24  
 442 D	 37.99  
 443 F	 4.11  
 444 M	 7.22  
 445 S	 40.24  
 446 K	 43.75  
 447 K	 64.17  
 448 N	 60.59  
 449 D	 51.44  
 450 K	 59.81  
 451 I	 3.54  
 452 V	 6.68  
 453 K	 50.98  
 454 L	 5.59  
 455 S	 23.91  
 456 K	 61.16  
 457 S	 31.62  
 458 R	 46.27  
 459 Q	 50.37  
 460 D	 52.00  
 461 R	 30.14  
 462 V	 14.62  
 463 D	 40.83  
 464 K	 31.29  
 465 F	 6.12  
 466 I	 3.49  
 467 L	 4.73  
 468 Q	 33.63  
 469 F	 7.83  
 470 Q	 34.62  
 471 K	 49.82  
 472 T	 27.16  
 473 Q	 58.19  
 474 D	 42.48  
 475 S	 13.49  
 476 H	 28.79  
 477 Y	 7.70  
 478 M	 1.65  
 479 R	 17.44  
 480 A	 7.74  
 481 A	 4.62  
 482 I	 4.70  
 483 Q	 24.75  
 484 L	 5.09  
 485 N	 18.11  
 486 T	 32.37  
 487 I	 4.61  
 488 F	 5.26  
 489 P	 29.21  
 490 D	 59.27  
 491 Q	 42.12  
 492 G	 40.28  
 493 N	 25.65  
 494 Y	 14.46  
 495 R	 28.27  
 496 H	 11.84  
 497 C	 2.14  
 498 Q	 35.94  
 499 D	 57.01  
 500 Y	 6.97  
 501 L	 4.72  
 502 K	 44.45  
 503 D	 46.58  
 504 L	 4.02  
 505 T	 19.51  
 506 I	 4.01  
 507 R	 15.22  
 508 V	 4.50  
 509 V	 3.72  
 510 V	 6.50  
 511 P	 19.65  
 512 P	 31.04  
 513 K	 59.00  
 514 R	 47.89  
 515 R	 64.25  
 516 E	 73.44  
 517 G	 33.00  
 518 K	 52.48  
 519 R	 59.60  
 520 K	 55.22  
 521 S	 48.11  
 522 E	 56.40  
 523 V	 7.57  
 524 P	 23.44  
 525 A	 46.46  
 526 N	 36.70  
 527 P	 20.04  
 528 P	 35.03  
 529 A	 16.46  
 530 L	 5.06  
 531 L	 4.34  
 532 L	 5.60  
 533 T	 36.40  
 534 G	 15.36  
 535 P	 16.76  
 536 L	 8.87  
 537 Y	 11.61  
 538 L	 4.75  
 539 N	 16.57  
 540 F	 4.97  
 541 Y	 8.17  
 542 C	 2.30  
 543 T	 23.28  
 544 S	 22.30  
 545 Q	 27.02  
 546 E	 49.16  
 547 V	 4.54  
 548 L	 3.49  
 549 E	 41.47  
 550 A	 16.84  
 551 A	 9.26  
 552 G	 26.22  
 553 Q	 37.84  
 554 L	 4.91  
 555 L	 5.19  
 556 E	 42.15  
 557 F	 8.65  
 558 H	 11.53  
 559 V	 6.29  
 560 N	 18.34  
 561 A	 12.62  
 562 V	 5.28  
 563 Y	 15.43  
 564 K	 46.65  
 565 D	 28.67  
 566 E	 51.65  
 567 R	 49.08  
 568 L	 9.37  
 569 Q	 46.61  
 570 P	 29.89  
 571 P	 22.44  
 572 V	 15.93  
 573 A	 20.53  
 574 D	 44.71  
 575 K	 31.19  
 576 T	 32.85  
 577 L	 4.28  
 578 L	 9.51  
 579 D	 49.98  
 580 L	 4.91  
 581 E	 37.75  
 582 R	 31.77  
 583 A	 8.10  
 584 M	 4.37  
 585 Y	 10.96  
 586 H	 13.11  
 587 E	 39.31  
 588 Q	 33.96  
 589 V	 4.79  
 590 K	 46.87  
 591 D	 56.81  
 592 L	 3.04  
 593 T	 44.65  
 594 D	 51.33  
 595 Y	 8.58  
 596 H	 24.39  
 597 K	 29.96  
 598 Y	 10.64  
 599 R	 31.04  
 600 I	 3.60  
 601 P	 14.72  
 602 C	 3.60  
 603 P	 25.70  
 604 T	 41.60  
 605 L	 1.88  
 606 T	 20.48  
 607 V	 7.81  
 608 T	 27.24  
 609 T	 31.93  
 610 K	 42.38  
 611 E	 58.25  
 612 E	 50.87  
 613 V	 6.22  
 614 F	 7.00  
 615 S	 33.89  
 616 S	 34.55  
 617 D	 48.50  
 618 F	 8.00  
 619 E	 43.75  
 620 R	 38.39  
 621 I	 3.17  
 622 L	 5.33  
 623 N	 32.91  
 624 S	 21.68  
 625 A	 12.13  
 626 S	 29.75  
 627 I	 3.23  
 628 T	 24.81  
 629 N	 25.43  
 630 I	 2.74  
 631 S	 26.64  
 632 G	 21.78  
 633 I	 2.58  
 634 A	 8.46  
 635 K	 52.03  
 636 A	 9.23  
 637 L	 7.20  
 638 N	 38.27  
 639 I	 6.42  
 640 K	 34.57  
 641 T	 33.84  
 642 E	 42.70  
 643 L	 4.23  
 644 F	 6.00  
 645 S	 56.49  
 646 L	 3.28  
 647 P	 29.74  
 648 E	 61.95  
 649 I	 4.13  
 650 A	 13.53  
 651 K	 38.44  
 652 C	 4.84  
 653 H	 20.40  
 654 P	 54.41  
 655 E	 31.33  
 656 L	 6.83  
 657 S	 19.29  
 658 I	 6.29  
 659 D	 35.63  
 660 I	 3.57  
 661 L	 3.04  
 662 N	 40.93  
 663 Q	 44.84  
 664 V	 4.54  
 665 P	 16.79  
 666 Q	 53.01  
 667 S	 23.43  
 668 A	 24.39  
 669 D	 54.83  
 670 G	 36.06  
 671 N	 27.28  
 672 C	 8.37  
 673 D	 58.34  
 674 S	 34.67  
 675 K	 45.14  
 676 G	 19.27  
 677 I	 3.64  
 678 R	 24.92  
 679 C	 3.25  
 680 W	 8.02  
 681 D	 37.13  
 682 V	 1.33  
 683 T	 21.34  
 684 S	 23.90  
 685 Y	 13.96  
 686 S	 24.21  
 687 S	 28.65  
 688 K	 33.83  
 689 M	 5.90  
 690 K	 46.89  
 691 L	 5.45  
 692 Q	 48.07  
 693 D	 58.78  
 694 F	 3.57  
 695 E	 51.71  
 696 R	 32.02  
 697 Y	 9.19  
 698 M	 6.01  
 699 Q	 40.86  
 700 K	 47.09  
 701 E	 50.27  
 702 E	 62.00  
 703 S	 31.57  
 704 E	 51.98  
 705 A	 12.50  
 706 M	 2.31  
 707 Q	 50.36  
 708 A	 7.37  
 709 F	 4.85  
 710 E	 48.52  
 711 T	 24.21  
 712 I	 1.88  
 713 S	 33.02  
 714 N	 24.25  
 715 C	 2.90  
 716 T	 45.04  
 717 A	 12.91  
 718 K	 44.68  
 719 E	 56.13  
 720 L	 6.58  
 721 E	 45.13  
 722 S	 47.29  
 723 T	 15.02  
 724 C	 4.71  
 725 Q	 54.96  
 726 K	 54.85  
 727 L	 2.34  
 728 K	 56.06  
 729 A	 23.03  
 730 E	 42.93  
 731 R	 28.80  
 732 I	 2.54  
 733 A	 14.82  
 734 A	 10.78  
 735 Q	 30.76  
 736 N	 37.85  
 737 A	 6.79  
 738 I	 6.49  
 739 E	 51.89  
 740 G	 20.33  
 741 C	 2.50  
 742 D	 66.32  
 743 E	 51.59  
 744 T	 18.45  
 745 M	 2.14  
 746 P	 36.74  
 747 W	 8.79  
 748 I	 1.87  
 749 K	 33.60  
 750 F	 12.27  
 751 G	 16.92  
 752 T	 31.94  
 753 N	 26.59  
 754 I	 3.86  
 755 D	 43.56  
 756 L	 5.12  
 757 L	 5.53  
 758 S	 37.48  
 759 E	 67.66  
 760 N	 51.14  
 761 F	 10.31  
 762 K	 54.39  
 763 K	 51.12  
 764 Q	 40.29  
 765 M	 7.16  
 766 N	 44.60  
 767 E	 47.37  
 768 I	 4.86  
 769 E	 42.22  
 770 K	 66.48  
 771 L	 2.91  
 772 P	 31.97  
 773 T	 37.03  
 774 F	 6.61  
 775 L	 9.52  
 776 L	 2.85  
 777 P	 39.72  
 778 N	 55.39  
 779 R	 51.78  
 780 E	 60.10  
 781 G	 27.18  
 782 N	 36.28  
 783 L	 4.89  
 784 L	 5.52  
 785 N	 27.98  
 786 Y	 12.52  
 787 A	 15.51  
 788 G	 13.05  
 789 V	 3.33  
 790 D	 29.07  
 791 V	 4.98  
 792 L	 5.02  
 793 G	 15.79  
 794 I	 3.23  
 795 N	 32.19  
 796 T	 15.36  
 797 V	 2.38  
 798 Q	 19.68  
 799 M	 2.82  
 800 Y	 8.38  
 801 A	 13.05  
 802 K	 21.49  
 803 P	 28.18  
 804 I	 8.46  
 805 G	 21.43  
 806 S	 33.43  
 807 R	 39.24  
 808 T	 26.90  
 809 P	 21.03  
 810 A	 17.66  
 811 H	 25.87  
 812 M	 5.91  
 813 E	 33.53  
 814 N	 32.63  
 815 S	 13.25  
 816 L	 5.11  
 817 M	 2.49  
 818 A	 16.74  
 819 S	 11.50  
 820 I	 5.13  
 821 N	 27.72  
 822 W	 8.33  
 823 N	 34.25  
 824 R	 44.28  
 825 G	 23.06  
 826 P	 31.51  
 827 G	 34.27  
 828 T	 13.66  
 829 C	 2.94  
 830 V	 4.77  
 831 W	 4.24  
 832 F	 2.15  
 833 A	 5.90  
 834 V	 3.64  
 835 P	 16.89  
 836 Y	 18.30  
 837 E	 28.83  
 838 Y	 14.70  
 839 W	 3.98  
 840 G	 22.69  
 841 Q	 24.54  
 842 L	 4.89  
 843 E	 25.86  
 844 F	 6.17  
 845 M	 2.55  
 846 I	 7.71  
 847 G	 14.73  
 848 E	 35.45  
 849 H	 38.14  
 850 G	 18.06  
 851 H	 27.79  
 852 K	 49.55  
 853 Y	 16.20  
 854 Q	 46.85  
 855 D	 39.98  
 856 Q	 30.12  
 857 D	 56.61  
 858 Y	 17.37  
 859 W	 9.76  
 860 P	 26.78  
 861 S	 47.34  
 862 E	 46.61  
 863 K	 58.98  
 864 E	 55.31  
 865 L	 7.16  
 866 L	 5.53  
 867 E	 56.98  
 868 L	 9.39  
 869 G	 16.59  
 870 V	 5.52  
 871 P	 21.96  
 872 V	 7.45  
 873 I	 3.28  
 874 K	 42.98  
 875 F	 9.15  
 876 E	 46.28  
 877 Q	 49.74  
 878 K	 51.08  
 879 A	 20.07  
 880 D	 52.11  
 881 E	 35.09  
 882 M	 2.44  
 883 V	 4.55  
 884 Y	 6.15  
 885 V	 3.34  
 886 N	 17.05  
 887 T	 25.86  
 888 G	 13.59  
 889 C	 1.82  
 890 F	 5.56  
 891 H	 28.07  
 892 W	 3.03  
 893 V	 3.16  
 894 Q	 31.53  
 895 S	 25.48  
 896 N	 23.24  
 897 S	 27.09  
 898 F	 5.92  
 899 C	 1.91  
 900 I	 5.55  
 901 N	 23.97  
 902 V	 3.39  
 903 S	 14.40  
 904 W	 10.15  
 905 N	 22.12  
 906 V	 6.48  
 907 G	 33.73  
 908 Q	 26.02  
 909 P	 31.79  
 910 N	 44.72  
 911 F	 6.15  
 912 T	 29.34  
 913 Q	 25.59  
 914 L	 5.22  
 915 A	 6.89  
 916 T	 27.81  
 917 S	 14.95  
 918 I	 2.49  
 919 V	 3.76  
 920 A	 10.75  
 921 H	 26.43  
 922 D	 25.72  
 923 H	 16.25  
 924 N	 32.77  
 925 M	 2.30  
 926 L	 5.71  
 927 I	 3.20  
 928 G	 19.08  
 929 N	 28.95  
 930 Q	 27.86  
 931 A	 15.05  
 932 H	 16.38  
 933 V	 4.37  
 934 P	 22.26  
 935 L	 3.76  
 936 V	 4.21  
 937 N	 36.24  
 938 L	 3.53  
 939 V	 2.90  
 940 W	 7.60  
 941 N	 19.08  
 942 A	 6.57  
 943 A	 12.62  
 944 R	 21.53  
 945 Q	 41.52  
 946 R	 25.25  
 947 L	 3.57  
 948 F	 6.53  
 949 V	 10.91  
 950 D	 59.41  
 951 D	 35.44  
 952 P	 24.64  
 953 E	 63.24  
 954 M	 5.17  
 955 Y	 8.24  
 956 K	 34.10  
 957 A	 3.87  
 958 M	 3.16  
 959 R	 39.14  
 960 G	 10.56  
 961 V	 1.71  
 962 M	 2.04  
 963 I	 2.22  
 964 R	 13.92  
 965 S	 20.98  
 966 L	 3.41  
 967 A	 13.22  
 968 H	 34.89  
 969 S	 21.19  
 970 K	 35.73  
 971 W	 11.31  
 972 Y	 7.31  
 973 F	 6.31  
 974 D	 27.33  
 975 L	 3.39  
 976 I	 5.22  
 977 D	 40.12  
 978 H	 14.55  
 979 H	 26.31  
 980 D	 31.28  
 981 Y	 7.98  
 982 I	 3.30  
 983 V	 4.64  
 984 G	 18.40  
 985 D	 35.71  
 986 A	 11.92  
 987 S	 49.05  
 988 E	 50.80  
 989 W	 9.85  
 990 K	 29.73  
 991 L	 6.67  
 992 A	 9.99  
 993 D	 62.82  
 994 R	 22.36  
 995 V	 4.30  
 996 Q	 46.04  
 997 R	 18.95  
 998 C	 1.74  
 999 K	 45.62  
 1000 Y	 12.46  
 1001 C	 1.74  
 1002 T	 26.72  
 1003 S	 25.74  
 1004 E	 33.18  
 1005 I	 2.99  
 1006 F	 4.48  
 1007 N	 37.19  
 1008 I	 1.23  
 1009 V	 3.54  
 1010 R	 19.52  
 1011 W	 5.50  
 1012 Y	 8.01  
 1013 T	 19.42  
 1014 T	 16.29  
 1015 E	 49.51  
 1016 D	 42.00  
 1017 L	 4.35  
 1018 S	 35.88  
 1019 V	 8.03  
 1020 D	 38.79  
 1021 S	 32.33  
 1022 Y	 8.89  
 1023 P	 27.93  
 1024 F	 5.18  
 1025 C	 2.04  
 1026 S	 29.54  
 1027 H	 13.59  
 1028 C	 1.26  
 1029 H	 19.12  
 1030 V	 8.13  
 1031 A	 4.58  
 1032 N	 52.63  
 1033 E	 49.33  
 1034 Y	 24.12  
 1035 K	 41.86  
 1036 K	 53.91  
 1037 D	 42.27  
 1038 R	 47.91  
 1039 F	 11.21  
 1040 L	 4.28  
 1041 K	 37.61  
 1042 Y	 16.02  
 1043 T	 17.76  
 1044 W	 6.81  
 1045 F	 1.99  
 1046 F	 6.50  
 1047 S	 18.80  
 1048 L	 5.01  
 1049 E	 38.61  
 1050 T	 41.10  
 1051 L	 1.71  
 1052 V	 7.24  
 1053 N	 32.11  
 1054 I	 2.29  
 1055 F	 3.57  
 1056 D	 32.94  
 1057 A	 9.11  
 1058 Y	 20.48  
 1059 V	 3.82  
 1060 P	 28.30  
 1061 N	 55.25  
