 1 M	 6.90  
 2 S	 32.33  
 3 S	 30.70  
 4 W	 4.44  
 5 C	 3.29  
 6 S	 30.42  
 7 S	 36.04  
 8 E	 42.81  
 9 D	 55.89  
 10 A	 10.24  
 11 H	 45.22  
 12 N	 45.19  
 13 Q	 28.97  
 14 S	 41.31  
 15 S	 34.28  
 16 T	 26.89  
 17 P	 35.33  
 18 S	 36.22  
 19 T	 33.59  
 20 R	 38.51  
 21 S	 44.12  
 22 R	 39.32  
 23 K	 50.52  
 24 S	 26.15  
 25 S	 29.01  
 26 W	 12.57  
 27 L	 3.24  
 28 I	 2.99  
 29 S	 22.76  
 30 K	 47.37  
 31 I	 6.84  
 32 D	 57.30  
 33 E	 61.30  
 34 N	 48.01  
 35 E	 50.98  
 36 I	 16.09  
 37 D	 34.58  
 38 K	 66.50  
 39 E	 45.76  
 40 V	 7.81  
 41 Q	 33.68  
 42 E	 41.47  
 43 M	 1.67  
 44 M	 4.10  
 45 D	 51.51  
 46 D	 23.92  
 47 W	 8.04  
 48 R	 38.86  
 49 R	 39.31  
 50 S	 30.37  
 51 N	 51.16  
 52 E	 59.62  
 53 A	 27.43  
 54 E	 41.51  
 55 N	 52.10  
 56 H	 14.30  
 57 V	 10.93  
 58 E	 23.99  
 59 C	 3.63  
 60 I	 1.84  
 61 K	 38.99  
 62 A	 9.43  
 63 A	 8.91  
 64 L	 6.02  
 65 E	 37.55  
 66 Y	 8.14  
 67 C	 3.11  
 68 R	 43.10  
 69 D	 58.01  
 70 K	 41.95  
 71 L	 6.45  
 72 K	 52.65  
 73 E	 60.28  
 74 L	 4.93  
 75 L	 4.94  
 76 I	 11.08  
 77 D	 53.88  
 78 E	 51.26  
 79 E	 67.49  
 80 D	 46.01  
 81 T	 36.17  
 82 E	 47.82  
 83 M	 10.00  
 84 D	 59.80  
 85 G	 28.52  
 86 K	 58.93  
 87 E	 62.15  
 88 T	 47.72  
 89 K	 56.49  
 90 T	 49.85  
 91 K	 45.52  
 92 P	 30.04  
 93 I	 6.15  
 94 N	 36.82  
 95 I	 3.58  
 96 V	 2.89  
 97 S	 33.95  
 98 N	 32.50  
 99 T	 31.34  
 100 E	 64.55  
 101 F	 8.26  
 102 P	 36.02  
 103 E	 71.63  
 104 D	 52.93  
 105 R	 33.99  
 106 D	 52.92  
 107 V	 8.42  
 108 L	 4.39  
 109 G	 25.85  
 110 N	 36.33  
 111 L	 2.51  
 112 V	 5.73  
 113 N	 24.65  
 114 C	 3.05  
 115 L	 5.26  
 116 D	 48.84  
 117 R	 28.07  
 118 Q	 49.12  
 119 Q	 37.94  
 120 K	 35.36  
 121 A	 11.98  
 122 A	 19.49  
 123 R	 31.93  
 124 Q	 27.89  
 125 Q	 24.00  
 126 M	 2.45  
 127 Y	 12.32  
 128 F	 6.91  
 129 D	 23.45  
 130 K	 34.57  
 131 I	 2.28  
 132 V	 4.78  
 133 Q	 33.03  
 134 L	 6.15  
 135 G	 14.38  
 136 L	 7.15  
 137 E	 40.73  
 138 R	 31.92  
 139 Q	 36.73  
 140 A	 17.26  
 141 L	 5.09  
 142 Q	 49.90  
 143 D	 46.82  
 144 E	 30.33  
 145 A	 18.46  
 146 V	 3.08  
 147 V	 7.14  
 148 S	 18.90  
 149 T	 22.93  
 150 S	 23.58  
 151 S	 29.57  
 152 P	 43.53  
 153 L	 10.53  
 154 D	 57.23  
 155 E	 33.32  
 156 C	 5.08  
 157 R	 33.36  
 158 A	 38.49  
 159 E	 41.55  
 160 G	 25.33  
 161 H	 19.48  
 162 E	 51.28  
 163 F	 4.62  
 164 V	 2.95  
 165 M	 4.53  
 166 Q	 28.21  
 167 P	 10.32  
 168 V	 5.10  
 169 R	 52.65  
 170 G	 41.78  
 171 G	 13.56  
 172 H	 37.57  
 173 N	 34.28  
 174 P	 20.61  
 175 C	 3.62  
 176 C	 4.66  
 177 E	 45.53  
 178 V	 1.88  
 179 C	 0.52  
 180 M	 3.64  
 181 H	 14.74  
 182 T	 8.71  
 183 I	 0.92  
 184 W	 6.68  
 185 R	 22.56  
 186 L	 1.70  
 187 V	 3.16  
 188 Q	 38.31  
 189 W	 5.31  
 190 W	 2.09  
 191 R	 25.51  
 192 R	 10.00  
 193 C	 2.61  
 194 R	 25.58  
 195 V	 3.66  
 196 C	 1.51  
 197 G	 13.02  
 198 M	 2.64  
 199 R	 17.66  
 200 A	 13.31  
 201 H	 25.38  
 202 D	 46.90  
 203 K	 26.02  
 204 C	 7.79  
 205 A	 23.02  
 206 E	 73.18  
 207 E	 34.51  
 208 V	 3.45  
 209 K	 42.25  
 210 R	 33.64  
 211 V	 1.86  
 212 C	 2.95  
 213 A	 14.31  
 214 G	 18.77  
 215 V	 1.71  
 216 L	 4.18  
 217 S	 17.28  
 218 T	 30.41  
 219 R	 32.19  
 220 A	 22.45  
 221 K	 35.76  
 222 F	 14.59  
 223 E	 40.16  
 224 L	 12.32  
 225 N	 21.52  
 226 T	 42.04  
 227 N	 41.44  
 228 L	 3.51  
 229 C	 5.75  
 230 E	 60.66  
 231 E	 46.72  
 232 R	 18.06  
 233 S	 34.90  
 234 L	 8.34  
 235 A	 20.06  
 236 E	 49.60  
 237 Q	 49.44  
 238 E	 29.13  
 239 Y	 14.48  
 240 Q	 21.13  
 241 C	 3.18  
 242 A	 10.20  
 243 E	 39.77  
 244 C	 1.77  
 245 T	 27.29  
 246 A	 11.79  
 247 P	 13.01  
 248 I	 3.20  
 249 C	 2.18  
 250 F	 10.69  
 251 D	 46.36  
 252 G	 10.57  
 253 V	 5.96  
 254 A	 20.48  
 255 E	 46.69  
 256 Q	 39.65  
 257 E	 27.54  
 258 A	 14.94  
 259 R	 34.79  
 260 L	 3.16  
 261 C	 3.73  
 262 D	 45.27  
 263 Y	 19.99  
 264 S	 16.73  
 265 G	 29.42  
 266 E	 32.50  
 267 L	 6.46  
 268 F	 5.91  
 269 C	 3.56  
 270 P	 38.87  
 271 N	 31.31  
 272 C	 2.07  
 273 H	 32.77  
 274 W	 12.62  
 275 N	 15.42  
 276 D	 37.76  
 277 V	 3.79  
 278 W	 8.07  
 279 S	 20.67  
 280 I	 1.49  
 281 P	 15.23  
 282 A	 16.50  
 283 R	 26.55  
 284 I	 3.92  
 285 V	 1.72  
 286 H	 27.11  
 287 N	 34.35  
 288 L	 3.12  
 289 D	 56.64  
 290 S	 43.40  
 291 T	 24.00  
 292 P	 42.40  
 293 R	 36.05  
 294 P	 30.66  
 295 V	 3.49  
 296 C	 2.27  
 297 R	 42.52  
 298 A	 14.03  
 299 V	 1.78  
 300 K	 33.95  
 301 Q	 34.80  
 302 L	 2.64  
 303 L	 2.74  
 304 A	 12.79  
 305 I	 3.71  
 306 I	 2.80  
 307 D	 26.15  
 308 H	 23.89  
 309 R	 24.79  
 310 P	 30.19  
 311 L	 5.76  
 312 I	 5.76  
 313 D	 45.39  
 314 I	 4.96  
 315 N	 33.16  
 316 E	 45.49  
 317 S	 30.11  
 318 T	 17.75  
 319 L	 5.66  
 320 S	 28.30  
 321 L	 5.77  
 322 I	 3.93  
 323 K	 46.86  
 324 F	 8.68  
 325 H	 20.06  
 326 K	 62.67  
 327 E	 38.65  
 328 L	 5.16  
 329 R	 41.41  
 330 R	 48.51  
 331 V	 5.44  
 332 N	 40.55  
 333 E	 40.57  
 334 L	 5.41  
 335 R	 25.89  
 336 R	 51.37  
 337 N	 26.03  
 338 F	 5.41  
 339 L	 5.36  
 340 L	 2.42  
 341 M	 2.83  
 342 K	 26.25  
 343 C	 1.66  
 344 Y	 11.07  
 345 F	 4.58  
 346 V	 1.82  
 347 S	 6.49  
 348 C	 3.63  
 349 R	 24.74  
 350 T	 28.92  
 351 A	 3.84  
 352 R	 37.24  
 353 R	 26.34  
 354 L	 3.13  
 355 R	 26.26  
 356 I	 3.13  
 357 L	 1.90  
 358 Q	 37.99  
 359 Y	 9.85  
 360 L	 2.70  
 361 N	 30.58  
 362 A	 11.72  
 363 H	 22.26  
 364 S	 19.06  
 365 H	 19.51  
 366 F	 9.17  
 367 V	 5.95  
 368 D	 40.52  
 369 N	 31.07  
 370 S	 12.09  
 371 V	 5.38  
 372 M	 2.48  
 373 Y	 21.48  
 374 S	 16.05  
 375 P	 19.36  
 376 K	 64.54  
 377 E	 57.34  
 378 L	 6.86  
 379 R	 35.61  
 380 E	 67.39  
 381 L	 2.32  
 382 C	 3.77  
 383 D	 66.78  
 384 G	 19.78  
 385 T	 16.33  
 386 L	 8.81  
 387 L	 2.89  
 388 P	 47.45  
 389 D	 63.91  
 390 L	 5.01  
 391 E	 55.67  
 392 Q	 39.81  
 393 I	 1.83  
 394 H	 18.70  
 395 T	 23.99  
 396 V	 2.43  
 397 F	 10.15  
 398 R	 25.88  
 399 K	 37.15  
 400 H	 28.56  
 401 I	 8.82  
 402 E	 47.68  
 403 E	 68.30  
 404 E	 25.51  
 405 C	 6.24  
 406 E	 50.64  
 407 T	 21.22  
 408 C	 1.82  
 409 A	 23.16  
 410 G	 36.62  
 411 N	 26.10  
 412 G	 18.98  
 413 F	 8.00  
 414 F	 3.16  
 415 C	 3.49  
 416 E	 47.48  
 417 L	 4.00  
 418 C	 1.74  
 419 D	 72.89  
 420 D	 33.11  
 421 I	 3.27  
 422 N	 38.00  
 423 V	 9.36  
 424 D	 49.61  
 425 Q	 47.11  
 426 K	 56.60  
 427 N	 30.85  
 428 K	 40.92  
 429 I	 6.61  
 430 L	 4.79  
 431 Y	 10.36  
 432 P	 26.66  
 433 F	 9.39  
 434 T	 24.66  
 435 E	 57.91  
 436 N	 37.42  
 437 T	 20.09  
 438 R	 41.12  
 439 S	 13.18  
 440 C	 3.07  
 441 A	 11.55  
 442 T	 16.63  
 443 C	 0.91  
 444 L	 2.91  
 445 A	 11.28  
 446 V	 3.12  
 447 Y	 11.43  
 448 H	 19.25  
 449 K	 33.28  
 450 K	 30.74  
 451 C	 5.23  
 452 F	 16.28  
 453 E	 69.53  
 454 R	 17.38  
 455 K	 52.69  
 456 S	 30.91  
 457 L	 9.55  
 458 N	 40.62  
 459 C	 2.46  
 460 P	 42.77  
 461 R	 36.81  
 462 C	 2.63  
 463 E	 50.96  
 464 R	 47.53  
 465 R	 26.61  
 466 R	 38.74  
 467 K	 62.96  
 468 R	 35.46  
 469 T	 41.10  
 470 E	 62.42  
 471 I	 4.13  
 472 P	 19.83  
 473 K	 68.69  
 474 T	 26.90  
 475 L	 6.12  
 476 S	 32.78  
 477 S	 44.94  
 478 S	 46.54  
 479 D	 73.30  
 480 E	 55.53  
 481 K	 56.83  
 482 E	 50.80  
 483 A	 19.35  
 484 V	 6.72  
 485 R	 50.63  
 486 N	 50.04  
