 1 M	 9.57  
 2 D	 51.55  
 3 L	 5.13  
 4 T	 20.64  
 5 V	 6.94  
 6 P	 14.16  
 7 V	 10.55  
 8 E	 31.55  
 9 Y	 12.05  
 10 S	 11.36  
 11 R	 45.68  
 12 A	 15.06  
 13 G	 30.79  
 14 N	 40.60  
 15 T	 25.60  
 16 T	 20.32  
 17 H	 31.50  
 18 S	 29.94  
 19 G	 32.35  
 20 N	 25.97  
 21 V	 3.53  
 22 H	 22.55  
 23 A	 9.24  
 24 I	 2.52  
 25 Q	 53.54  
 26 D	 60.98  
 27 D	 44.61  
 28 E	 65.38  
 29 K	 46.75  
 30 F	 6.82  
 31 S	 33.45  
 32 Y	 22.94  
 33 G	 14.11  
 34 T	 18.51  
 35 A	 15.68  
 36 G	 17.69  
 37 F	 8.44  
 38 R	 36.85  
 39 F	 10.75  
 40 K	 54.15  
 41 S	 36.93  
 42 E	 60.24  
 43 K	 69.42  
 44 L	 3.53  
 45 P	 28.17  
 46 F	 12.32  
 47 I	 2.43  
 48 V	 2.24  
 49 F	 4.55  
 50 R	 8.02  
 51 C	 1.86  
 52 A	 9.51  
 53 Y	 10.52  
 54 V	 1.23  
 55 A	 7.09  
 56 S	 14.35  
 57 L	 3.42  
 58 R	 25.81  
 59 A	 14.63  
 60 R	 34.78  
 61 Q	 43.97  
 62 L	 4.57  
 63 N	 22.51  
 64 S	 29.83  
 65 A	 11.07  
 66 I	 4.25  
 67 G	 11.58  
 68 V	 1.73  
 69 M	 1.58  
 70 I	 2.43  
 71 T	 12.19  
 72 A	 9.62  
 73 S	 18.36  
 74 H	 47.99  
 75 N	 27.90  
 76 P	 30.80  
 77 S	 39.15  
 78 C	 5.06  
 79 D	 60.29  
 80 N	 62.58  
 81 G	 12.51  
 82 V	 5.63  
 83 K	 44.16  
 84 L	 4.99  
 85 V	 9.36  
 86 D	 41.92  
 87 P	 32.50  
 88 S	 42.85  
 89 G	 29.72  
 90 D	 42.61  
 91 M	 5.03  
 92 L	 8.31  
 93 N	 32.54  
 94 E	 53.78  
 95 Q	 41.87  
 96 W	 6.43  
 97 E	 26.30  
 98 I	 2.30  
 99 Y	 8.92  
 100 A	 11.71  
 101 T	 16.61  
 102 E	 35.98  
 103 V	 3.32  
 104 V	 3.08  
 105 N	 42.15  
 106 A	 8.68  
 107 T	 30.45  
 108 D	 35.32  
 109 A	 18.83  
 110 E	 59.08  
 111 L	 3.61  
 112 P	 15.07  
 113 A	 31.08  
 114 A	 6.87  
 115 V	 3.90  
 116 R	 28.82  
 117 A	 17.30  
 118 L	 6.22  
 119 E	 41.76  
 120 K	 54.50  
 121 Q	 24.66  
 122 I	 5.51  
 123 S	 23.48  
 124 V	 11.01  
 125 G	 22.09  
 126 K	 30.83  
 127 T	 28.90  
 128 Q	 40.71  
 129 L	 4.23  
 130 S	 17.14  
 131 R	 33.22  
 132 V	 3.62  
 133 V	 1.96  
 134 C	 3.23  
 135 G	 12.85  
 136 M	 3.93  
 137 D	 19.11  
 138 T	 25.36  
 139 R	 14.35  
 140 C	 6.31  
 141 S	 42.34  
 142 G	 22.14  
 143 P	 7.56  
 144 C	 6.85  
 145 L	 3.14  
 146 M	 4.01  
 147 N	 19.94  
 148 A	 5.60  
 149 A	 9.24  
 150 R	 31.01  
 151 A	 13.78  
 152 G	 13.06  
 153 A	 10.45  
 154 A	 16.27  
 155 L	 2.96  
 156 F	 7.84  
 157 N	 27.77  
 158 V	 4.74  
 159 Q	 36.84  
 160 F	 8.74  
 161 D	 29.53  
 162 D	 40.61  
 163 I	 4.93  
 164 G	 22.29  
 165 V	 2.92  
 166 V	 4.43  
 167 S	 25.12  
 168 T	 10.91  
 169 P	 18.81  
 170 M	 3.50  
 171 L	 2.69  
 172 H	 11.40  
 173 Y	 14.77  
 174 A	 5.89  
 175 V	 3.47  
 176 K	 38.80  
 177 A	 13.09  
 178 F	 9.85  
 179 N	 70.31  
 180 E	 43.33  
 181 P	 37.86  
 182 K	 51.53  
 183 F	 15.85  
 184 A	 28.16  
 185 E	 54.59  
 186 P	 31.44  
 187 T	 24.89  
 188 H	 36.89  
 189 D	 49.63  
 190 G	 18.70  
 191 Y	 10.58  
 192 Y	 9.35  
 193 S	 12.52  
 194 A	 5.72  
 195 I	 3.44  
 196 A	 13.20  
 197 D	 48.79  
 198 S	 29.91  
 199 F	 9.23  
 200 K	 45.91  
 201 K	 55.05  
 202 L	 4.84  
 203 Y	 17.73  
 204 E	 54.60  
 205 I	 3.57  
 206 T	 23.50  
 207 E	 77.34  
 208 E	 49.34  
 209 P	 39.25  
 210 K	 72.17  
 211 D	 49.41  
 212 S	 38.73  
 213 R	 44.21  
 214 Y	 32.87  
 215 Q	 30.17  
 216 P	 24.77  
 217 K	 29.12  
 218 V	 7.02  
 219 I	 2.43  
 220 V	 5.76  
 221 D	 18.06  
 222 C	 1.88  
 223 A	 16.02  
 224 N	 52.60  
 225 G	 10.74  
 226 V	 6.24  
 227 G	 31.12  
 228 A	 6.95  
 229 P	 29.98  
 230 R	 42.49  
 231 F	 6.22  
 232 R	 33.88  
 233 N	 46.39  
 234 L	 4.59  
 235 L	 4.79  
 236 E	 52.29  
 237 R	 46.19  
 238 I	 2.57  
 239 P	 24.88  
 240 S	 31.11  
 241 S	 31.45  
 242 L	 5.77  
 243 L	 8.18  
 244 E	 45.34  
 245 V	 9.45  
 246 E	 29.52  
 247 F	 14.19  
 248 R	 32.28  
 249 N	 63.57  
 250 E	 56.10  
 251 S	 39.66  
 252 E	 61.39  
 253 E	 63.40  
 254 L	 5.21  
 255 N	 39.20  
 256 Q	 62.27  
 257 G	 15.68  
 258 C	 2.67  
 259 G	 34.70  
 260 A	 15.90  
 261 D	 33.87  
 262 F	 6.30  
 263 V	 5.76  
 264 K	 36.31  
 265 I	 4.42  
 266 S	 18.62  
 267 Q	 55.57  
 268 K	 50.04  
 269 L	 3.62  
 270 P	 31.99  
 271 A	 39.89  
 272 N	 35.67  
 273 F	 11.41  
 274 S	 22.58  
 275 P	 23.17  
 276 T	 36.98  
 277 A	 17.14  
 278 A	 35.78  
 279 E	 42.71  
 280 P	 32.09  
 281 K	 33.66  
 282 C	 5.84  
 283 A	 21.25  
 284 S	 33.08  
 285 F	 6.91  
 286 D	 52.12  
 287 G	 29.96  
 288 D	 47.33  
 289 A	 14.89  
 290 D	 49.32  
 291 R	 24.07  
 292 L	 3.16  
 293 M	 2.87  
 294 Y	 8.43  
 295 F	 3.69  
 296 R	 20.07  
 297 A	 11.23  
 298 K	 48.46  
 299 A	 22.54  
 300 S	 36.28  
 301 E	 70.41  
 302 N	 48.89  
 303 S	 38.05  
 304 E	 66.21  
 305 S	 39.57  
 306 N	 48.75  
 307 D	 51.18  
 308 A	 21.46  
 309 E	 53.48  
 310 L	 5.20  
 311 F	 8.10  
 312 D	 76.60  
 313 G	 30.67  
 314 D	 40.82  
 315 K	 37.79  
 316 I	 3.69  
 317 A	 8.87  
 318 V	 4.22  
 319 L	 1.60  
 320 I	 1.42  
 321 V	 2.65  
 322 T	 13.26  
 323 Y	 6.26  
 324 I	 2.60  
 325 R	 18.39  
 326 E	 51.19  
 327 Q	 43.92  
 328 L	 3.79  
 329 K	 58.94  
 330 D	 65.65  
 331 Y	 18.54  
 332 E	 55.63  
 333 N	 44.98  
 334 S	 23.19  
 335 T	 37.93  
 336 P	 23.58  
 337 M	 4.79  
 338 E	 50.17  
 339 R	 20.89  
 340 L	 3.19  
 341 R	 36.77  
 342 L	 6.94  
 343 G	 16.16  
 344 I	 2.16  
 345 V	 3.82  
 346 Q	 20.63  
 347 T	 15.67  
 348 A	 5.60  
 349 Y	 12.18  
 350 A	 16.08  
 351 N	 37.90  
 352 G	 18.14  
 353 S	 28.48  
 354 S	 20.50  
 355 T	 29.23  
 356 R	 27.16  
 357 Y	 12.38  
 358 I	 4.06  
 359 R	 26.51  
 360 E	 42.97  
 361 K	 42.01  
 362 L	 7.76  
 363 G	 33.03  
 364 I	 9.13  
 365 E	 28.75  
 366 P	 21.49  
 367 I	 3.00  
 368 I	 4.43  
 369 V	 3.43  
 370 P	 17.02  
 371 T	 43.65  
 372 G	 22.02  
 373 V	 3.77  
 374 K	 41.62  
 375 H	 29.97  
 376 L	 3.02  
 377 H	 23.51  
 378 E	 52.90  
 379 A	 12.92  
 380 A	 13.45  
 381 S	 45.93  
 382 E	 42.48  
 383 F	 8.42  
 384 D	 33.87  
 385 I	 4.37  
 386 G	 15.47  
 387 I	 3.48  
 388 Y	 7.08  
 389 F	 7.26  
 390 E	 25.01  
 391 A	 19.87  
 392 N	 35.48  
 393 G	 27.87  
 394 H	 28.67  
 395 G	 22.92  
 396 T	 14.07  
 397 V	 4.91  
 398 V	 4.36  
 399 F	 4.75  
 400 S	 20.41  
 401 E	 35.89  
 402 I	 4.16  
 403 F	 4.54  
 404 D	 46.67  
 405 R	 18.58  
 406 I	 2.86  
 407 I	 2.25  
 408 R	 33.77  
 409 R	 34.35  
 410 T	 25.39  
 411 P	 32.15  
 412 T	 37.28  
 413 E	 52.02  
 414 S	 37.45  
 415 L	 3.64  
 416 P	 32.85  
 417 L	 6.37  
 418 R	 29.63  
 419 R	 31.81  
 420 L	 3.82  
 421 A	 12.54  
 422 L	 4.79  
 423 F	 3.49  
 424 S	 26.87  
 425 R	 26.46  
 426 V	 5.51  
 427 I	 3.61  
 428 N	 35.71  
 429 E	 33.47  
 430 T	 25.87  
 431 V	 5.50  
 432 G	 28.13  
 433 D	 33.89  
 434 A	 8.80  
 435 F	 6.90  
 436 A	 14.30  
 437 D	 35.44  
 438 L	 2.72  
 439 L	 5.30  
 440 A	 12.37  
 441 V	 4.97  
 442 E	 27.70  
 443 A	 10.07  
 444 V	 2.82  
 445 L	 3.44  
 446 R	 17.87  
 447 H	 22.69  
 448 Y	 17.54  
 449 G	 12.12  
 450 W	 5.36  
 451 S	 14.15  
 452 M	 4.34  
 453 D	 42.66  
 454 D	 37.53  
 455 W	 11.32  
 456 A	 15.84  
 457 E	 39.06  
 458 K	 42.97  
 459 L	 2.97  
 460 Y	 18.81  
 461 R	 49.22  
 462 D	 46.82  
 463 V	 2.48  
 464 P	 39.29  
 465 N	 37.87  
 466 V	 5.21  
 467 Q	 36.10  
 468 I	 4.18  
 469 K	 24.32  
 470 V	 4.97  
 471 P	 16.61  
 472 V	 8.77  
 473 I	 2.74  
 474 D	 38.21  
 475 R	 22.11  
 476 S	 28.73  
 477 I	 4.23  
 478 F	 6.40  
 479 K	 53.41  
 480 T	 17.97  
 481 T	 32.78  
 482 N	 46.87  
 483 A	 14.26  
 484 E	 46.28  
 485 Q	 37.41  
 486 T	 25.64  
 487 L	 4.69  
 488 V	 8.17  
 489 K	 36.78  
 490 P	 23.30  
 491 V	 9.75  
 492 G	 25.74  
 493 I	 3.47  
 494 Q	 24.28  
 495 K	 35.58  
 496 M	 1.60  
 497 I	 7.12  
 498 D	 33.10  
 499 T	 22.81  
 500 D	 34.33  
 501 V	 5.55  
 502 A	 16.07  
 503 K	 48.65  
 504 Y	 15.16  
 505 N	 39.02  
 506 N	 29.77  
 507 S	 22.73  
 508 R	 35.32  
 509 A	 12.21  
 510 F	 4.77  
 511 I	 6.55  
 512 R	 16.93  
 513 P	 32.09  
 514 S	 48.80  
 515 G	 39.47  
 516 T	 30.14  
 517 E	 48.78  
 518 N	 37.58  
 519 I	 1.38  
 520 V	 5.23  
 521 R	 16.36  
 522 V	 3.53  
 523 Y	 6.53  
 524 A	 11.57  
 525 E	 29.41  
 526 A	 15.03  
 527 D	 42.67  
 528 T	 36.45  
 529 V	 5.70  
 530 E	 46.74  
 531 N	 41.58  
 532 T	 11.45  
 533 L	 6.28  
 534 Q	 46.24  
 535 L	 11.96  
 536 G	 12.44  
 537 K	 61.53  
 538 S	 35.03  
 539 L	 6.42  
 540 E	 48.71  
 541 Q	 35.59  
 542 V	 3.74  
 543 V	 2.68  
 544 L	 4.21  
 545 N	 30.82  
 546 L	 2.27  
 547 C	 5.23  
 548 N	 47.99  
 549 S	 42.81  
 550 N	 41.75  
