 1 M	 6.13  
 2 V	 4.50  
 3 M	 3.92  
 4 E	 35.09  
 5 V	 5.65  
 6 D	 42.74  
 7 E	 40.09  
 8 P	 27.80  
 9 A	 11.09  
 10 V	 5.65  
 11 A	 10.95  
 12 A	 12.57  
 13 T	 19.76  
 14 T	 24.48  
 15 S	 23.84  
 16 Q	 50.95  
 17 N	 56.09  
 18 Q	 33.16  
 19 P	 49.42  
 20 Q	 45.39  
 21 E	 52.21  
 22 H	 25.28  
 23 A	 19.28  
 24 N	 53.00  
 25 D	 41.53  
 26 F	 9.34  
 27 D	 36.59  
 28 M	 6.46  
 29 D	 49.26  
 30 T	 23.26  
 31 S	 35.97  
 32 E	 71.70  
 33 G	 28.40  
 34 P	 27.03  
 35 I	 13.05  
 36 E	 62.86  
 37 N	 53.81  
 38 D	 43.45  
 39 E	 67.96  
 40 T	 35.84  
 41 F	 10.58  
 42 E	 52.41  
 43 P	 30.69  
 44 V	 7.14  
 45 D	 55.12  
 46 Q	 31.02  
 47 I	 6.01  
 48 N	 30.19  
 49 W	 14.30  
 50 K	 29.92  
 51 F	 6.13  
 52 N	 41.85  
 53 Q	 41.24  
 54 V	 10.07  
 55 K	 36.15  
 56 G	 37.15  
 57 N	 24.21  
 58 I	 6.69  
 59 D	 40.49  
 60 A	 19.54  
 61 D	 29.05  
 62 V	 6.88  
 63 H	 20.66  
 64 T	 32.49  
 65 E	 28.17  
 66 A	 19.95  
 67 D	 31.86  
 68 V	 4.47  
 69 I	 2.45  
 70 S	 16.38  
 71 C	 2.03  
 72 V	 7.12  
 73 E	 45.84  
 74 F	 3.81  
 75 S	 13.73  
 76 H	 53.03  
 77 D	 50.88  
 78 G	 21.74  
 79 E	 43.35  
 80 Y	 13.73  
 81 L	 2.75  
 82 A	 14.50  
 83 T	 43.23  
 84 G	 29.09  
 85 D	 41.91  
 86 K	 65.69  
 87 G	 33.60  
 88 G	 25.58  
 89 R	 28.35  
 90 V	 4.35  
 91 V	 3.32  
 92 I	 1.92  
 93 F	 3.09  
 94 Q	 36.60  
 95 R	 32.94  
 96 D	 35.89  
 97 Q	 57.16  
 98 S	 41.35  
 99 G	 21.49  
 100 K	 52.71  
 101 Y	 15.77  
 102 V	 5.05  
 103 K	 48.90  
 104 G	 15.27  
 105 V	 4.10  
 106 R	 38.37  
 107 S	 27.36  
 108 R	 39.59  
 109 E	 42.58  
 110 Y	 14.60  
 111 N	 22.84  
 112 V	 3.80  
 113 Y	 9.80  
 114 S	 20.61  
 115 T	 14.17  
 116 F	 6.04  
 117 Q	 43.92  
 118 S	 26.15  
 119 H	 43.79  
 120 E	 52.34  
 121 P	 41.97  
 122 E	 48.44  
 123 F	 12.53  
 124 D	 46.31  
 125 Y	 22.73  
 126 L	 3.06  
 127 K	 46.92  
 128 S	 28.74  
 129 L	 6.81  
 130 E	 56.32  
 131 I	 11.41  
 132 D	 41.58  
 133 E	 62.59  
 134 K	 43.11  
 135 I	 4.28  
 136 N	 42.15  
 137 Q	 30.05  
 138 I	 2.70  
 139 R	 23.94  
 140 W	 17.73  
 141 L	 4.13  
 142 K	 55.53  
 143 K	 49.44  
 144 K	 50.67  
 145 N	 53.84  
 146 A	 16.80  
 147 A	 22.36  
 148 N	 23.29  
 149 F	 5.22  
 150 I	 2.74  
 151 L	 4.52  
 152 S	 21.98  
 153 T	 43.95  
 154 N	 45.46  
 155 D	 49.95  
 156 K	 54.97  
 157 T	 26.63  
 158 I	 4.20  
 159 K	 54.23  
 160 L	 5.07  
 161 W	 7.31  
 162 K	 46.95  
 163 I	 3.32  
 164 S	 27.20  
 165 E	 63.13  
 166 R	 42.08  
 167 E	 55.03  
 168 R	 41.96  
 169 K	 46.41  
 170 I	 10.29  
 171 G	 29.76  
 172 D	 46.02  
 173 D	 48.55  
 174 A	 11.20  
 175 W	 17.56  
 176 N	 41.72  
 177 L	 1.80  
 178 P	 37.52  
 179 R	 48.04  
 180 T	 27.23  
 181 N	 44.08  
 182 R	 23.95  
 183 I	 7.76  
 184 N	 30.58  
 185 T	 24.31  
 186 S	 24.00  
 187 S	 19.54  
 188 F	 10.86  
 189 R	 31.13  
 190 G	 32.41  
 191 R	 21.11  
 192 L	 6.36  
 193 Q	 44.16  
 194 I	 3.23  
 195 P	 12.68  
 196 S	 37.54  
 197 I	 3.19  
 198 V	 4.30  
 199 P	 14.62  
 200 M	 4.54  
 201 E	 29.31  
 202 L	 4.29  
 203 I	 1.35  
 204 V	 8.64  
 205 E	 36.11  
 206 A	 17.59  
 207 S	 12.87  
 208 P	 34.83  
 209 R	 37.90  
 210 R	 29.41  
 211 V	 8.29  
 212 Y	 11.67  
 213 G	 23.22  
 214 N	 15.74  
 215 A	 7.64  
 216 H	 30.84  
 217 T	 16.95  
 218 Y	 8.23  
 219 H	 17.28  
 220 V	 4.18  
 221 N	 21.95  
 222 S	 18.36  
 223 I	 4.49  
 224 S	 18.31  
 225 V	 8.29  
 226 N	 32.83  
 227 S	 38.22  
 228 D	 45.17  
 229 Q	 51.99  
 230 E	 46.66  
 231 T	 25.01  
 232 F	 5.09  
 233 L	 5.57  
 234 S	 26.01  
 235 A	 19.24  
 236 D	 52.69  
 237 D	 35.77  
 238 L	 7.29  
 239 R	 23.44  
 240 V	 10.05  
 241 N	 32.67  
 242 L	 2.68  
 243 W	 11.36  
 244 N	 30.84  
 245 L	 3.22  
 246 E	 44.55  
 247 I	 5.89  
 248 T	 24.45  
 249 N	 48.88  
 250 E	 48.32  
 251 S	 26.18  
 252 F	 6.20  
 253 N	 42.53  
 254 I	 2.51  
 255 V	 6.98  
 256 D	 39.12  
 257 I	 3.89  
 258 K	 33.35  
 259 P	 29.24  
 260 A	 24.01  
 261 N	 47.10  
 262 M	 4.62  
 263 E	 50.06  
 264 E	 50.66  
 265 L	 2.93  
 266 T	 31.33  
 267 E	 44.54  
 268 V	 3.87  
 269 I	 1.44  
 270 T	 25.62  
 271 A	 8.22  
 272 A	 16.02  
 273 E	 41.86  
 274 F	 7.78  
 275 H	 18.92  
 276 P	 29.50  
 277 T	 36.86  
 278 Q	 24.01  
 279 C	 5.53  
 280 N	 25.96  
 281 W	 7.54  
 282 F	 1.99  
 283 V	 3.24  
 284 Y	 8.05  
 285 S	 23.88  
 286 S	 20.55  
 287 S	 34.79  
 288 K	 59.64  
 289 G	 30.19  
 290 S	 14.31  
 291 I	 5.48  
 292 R	 30.84  
 293 L	 2.50  
 294 C	 2.51  
 295 D	 39.48  
 296 M	 4.72  
 297 R	 19.60  
 298 D	 33.30  
 299 R	 21.06  
 300 A	 19.48  
 301 L	 2.57  
 302 C	 2.48  
 303 D	 43.39  
 304 A	 12.75  
 305 Y	 8.65  
 306 A	 10.53  
 307 K	 34.94  
 308 I	 3.90  
 309 F	 9.54  
 310 E	 75.91  
 311 E	 43.15  
 312 P	 44.06  
 313 E	 82.61  
 314 D	 58.20  
 315 P	 32.17  
 316 Q	 64.89  
 317 S	 34.97  
 318 R	 32.03  
 319 S	 35.57  
 320 F	 8.31  
 321 F	 7.26  
 322 S	 26.35  
 323 E	 33.00  
 324 I	 2.86  
 325 I	 1.73  
 326 A	 15.00  
 327 S	 16.25  
 328 V	 4.13  
 329 S	 33.90  
 330 D	 45.53  
 331 V	 5.41  
 332 K	 46.25  
 333 F	 10.11  
 334 S	 15.43  
 335 H	 43.85  
 336 N	 35.12  
 337 G	 17.74  
 338 R	 25.01  
 339 Y	 13.88  
 340 L	 3.66  
 341 L	 2.47  
 342 T	 20.92  
 343 R	 30.46  
 344 D	 37.24  
 345 Y	 10.86  
 346 L	 5.34  
 347 T	 16.44  
 348 V	 4.31  
 349 K	 32.16  
 350 V	 4.12  
 351 W	 9.92  
 352 D	 31.02  
 353 L	 3.74  
 354 N	 29.69  
 355 M	 7.34  
 356 E	 45.19  
 357 S	 29.08  
 358 Q	 32.52  
 359 P	 34.88  
 360 V	 7.14  
 361 E	 49.67  
 362 T	 33.10  
 363 Y	 6.97  
 364 P	 28.45  
 365 V	 3.01  
 366 H	 16.83  
 367 N	 37.46  
 368 Y	 5.23  
 369 L	 7.32  
 370 R	 21.32  
 371 T	 26.27  
 372 K	 34.82  
 373 L	 1.72  
 374 C	 2.33  
 375 A	 24.50  
 376 L	 5.56  
 377 Y	 8.31  
 378 E	 56.25  
 379 N	 34.47  
 380 D	 31.04  
 381 S	 36.42  
 382 I	 6.04  
 383 F	 10.93  
 384 D	 53.73  
 385 K	 32.11  
 386 F	 14.04  
 387 E	 36.99  
 388 C	 7.96  
 389 D	 35.06  
 390 W	 18.84  
 391 S	 21.06  
 392 G	 42.77  
 393 D	 57.16  
 394 D	 48.21  
 395 K	 36.97  
 396 H	 27.56  
 397 I	 4.54  
 398 L	 4.42  
 399 T	 24.39  
 400 G	 23.82  
 401 S	 20.27  
 402 Y	 8.96  
 403 H	 26.64  
 404 N	 32.42  
 405 L	 2.10  
 406 F	 6.22  
 407 R	 31.74  
 408 S	 18.79  
 409 Y	 8.96  
 410 A	 17.72  
 411 R	 39.89  
 412 G	 29.30  
 413 N	 37.12  
 414 N	 43.89  
 415 Q	 56.91  
 416 D	 52.75  
 417 A	 11.04  
 418 K	 63.56  
 419 T	 30.20  
 420 W	 9.13  
 421 E	 39.78  
 422 A	 21.73  
 423 R	 23.17  
 424 P	 50.35  
 425 Q	 71.89  
 426 E	 47.89  
 427 P	 27.47  
 428 H	 27.68  
 429 S	 41.44  
 430 Q	 37.55  
 431 L	 6.35  
 432 R	 20.39  
 433 S	 38.37  
 434 R	 23.19  
 435 F	 7.38  
 436 V	 6.34  
 437 V	 2.59  
 438 P	 24.22  
 439 S	 34.51  
 440 A	 15.03  
 441 K	 63.89  
 442 R	 42.77  
 443 K	 59.79  
 444 R	 41.10  
 445 N	 57.75  
 446 N	 45.38  
 447 L	 6.32  
 448 S	 25.28  
 449 S	 45.59  
 450 S	 36.95  
 451 G	 37.91  
 452 E	 55.28  
 453 T	 42.93  
 454 T	 32.83  
 455 E	 57.86  
 456 E	 63.26  
 457 D	 45.69  
 458 L	 6.29  
 459 S	 44.16  
 460 S	 36.35  
 461 D	 50.24  
 462 Q	 38.83  
 463 L	 7.04  
 464 Q	 32.34  
 465 F	 15.50  
 466 D	 37.69  
 467 R	 29.24  
 468 K	 52.01  
 469 I	 3.38  
 470 L	 3.09  
 471 H	 19.60  
 472 T	 28.18  
 473 A	 7.57  
 474 W	 14.96  
 475 H	 19.64  
 476 P	 34.69  
 477 K	 50.98  
 478 D	 56.88  
 479 N	 33.42  
 480 I	 2.53  
 481 I	 3.01  
 482 A	 6.32  
 483 L	 2.04  
 484 A	 11.83  
 485 A	 16.23  
 486 T	 21.02  
 487 N	 31.61  
 488 N	 29.84  
 489 L	 3.63  
 490 Y	 11.31  
 491 I	 2.76  
 492 F	 3.01  
 493 S	 28.09  
 494 D	 39.12  
 495 V	 9.06  
