 1 M	 7.10  
 2 T	 40.68  
 3 L	 5.98  
 4 F	 5.79  
 5 K	 52.67  
 6 K	 32.56  
 7 I	 4.52  
 8 Q	 35.75  
 9 W	 11.84  
 10 F	 0.83  
 11 C	 3.55  
 12 N	 29.09  
 13 L	 2.25  
 14 I	 2.13  
 15 R	 27.49  
 16 L	 3.19  
 17 R	 16.86  
 18 S	 37.09  
 19 Y	 12.30  
 20 Y	 9.12  
 21 K	 22.69  
 22 F	 3.16  
 23 L	 3.13  
 24 L	 3.51  
 25 L	 1.98  
 26 I	 2.51  
 27 A	 8.80  
 28 Y	 7.51  
 29 T	 13.39  
 30 A	 6.54  
 31 F	 5.45  
 32 G	 17.24  
 33 A	 8.05  
 34 W	 9.09  
 35 L	 1.75  
 36 F	 3.70  
 37 R	 33.94  
 38 T	 17.64  
 39 Y	 15.47  
 40 E	 33.52  
 41 L	 3.42  
 42 Q	 25.67  
 43 A	 32.87  
 44 D	 33.70  
 45 I	 4.13  
 46 K	 42.16  
 47 R	 36.12  
 48 R	 31.97  
 49 S	 26.32  
 50 V	 7.26  
 51 F	 7.05  
 52 G	 28.55  
 53 N	 32.06  
 54 T	 19.90  
 55 T	 30.47  
 56 N	 34.20  
 57 L	 2.73  
 58 V	 5.27  
 59 R	 24.64  
 60 R	 28.52  
 61 Q	 34.16  
 62 L	 5.18  
 63 A	 8.93  
 64 E	 58.08  
 65 R	 33.78  
 66 W	 5.17  
 67 I	 4.16  
 68 E	 28.42  
 69 M	 3.33  
 70 H	 16.44  
 71 K	 46.18  
 72 D	 27.51  
 73 A	 13.67  
 74 V	 8.07  
 75 L	 4.54  
 76 R	 38.01  
 77 N	 43.35  
 78 D	 28.93  
 79 S	 32.52  
 80 A	 12.96  
 81 L	 6.52  
 82 R	 23.81  
 83 F	 6.88  
 84 R	 22.39  
 85 R	 35.12  
 86 A	 12.85  
 87 A	 11.94  
 88 E	 52.87  
 89 A	 10.37  
 90 V	 4.00  
 91 E	 39.18  
 92 W	 8.81  
 93 L	 2.46  
 94 L	 5.15  
 95 D	 57.05  
 96 E	 39.26  
 97 L	 8.57  
 98 N	 35.14  
 99 L	 11.28  
 100 S	 26.52  
 101 D	 44.38  
 102 H	 17.38  
 103 I	 4.38  
 104 R	 35.08  
 105 D	 54.68  
 106 L	 5.08  
 107 S	 37.36  
 108 E	 73.51  
 109 E	 57.71  
 110 T	 21.78  
 111 P	 29.76  
 112 W	 16.40  
 113 T	 17.85  
 114 W	 6.75  
 115 T	 14.00  
 116 G	 13.45  
 117 A	 4.23  
 118 M	 2.53  
 119 F	 3.61  
 120 Y	 9.20  
 121 A	 6.49  
 122 G	 13.47  
 123 Q	 24.11  
 124 L	 3.92  
 125 Y	 8.24  
 126 T	 22.11  
 127 T	 9.99  
 128 I	 2.85  
 129 G	 14.02  
 130 Y	 15.05  
 131 G	 19.41  
 132 Y	 6.74  
 133 P	 29.27  
 134 T	 32.23  
 135 T	 27.69  
 136 K	 57.36  
 137 T	 36.87  
 138 D	 58.89  
 139 E	 56.45  
 140 G	 27.36  
 141 R	 20.82  
 142 I	 3.41  
 143 C	 1.99  
 144 T	 16.26  
 145 I	 1.84  
 146 F	 1.25  
 147 Y	 9.88  
 148 A	 5.90  
 149 L	 2.48  
 150 F	 6.75  
 151 G	 24.63  
 152 I	 1.79  
 153 P	 11.82  
 154 C	 3.75  
 155 F	 3.54  
 156 L	 2.55  
 157 M	 1.52  
 158 Y	 13.64  
 159 L	 2.54  
 160 K	 30.41  
 161 I	 4.57  
 162 E	 38.74  
 163 N	 50.09  
 164 A	 6.57  
 165 I	 11.07  
 166 E	 51.32  
 167 W	 13.59  
 168 K	 38.00  
 169 K	 71.83  
 170 D	 39.96  
 171 K	 57.19  
 172 Q	 66.63  
 173 L	 12.29  
 174 G	 18.21  
 175 K	 42.99  
 176 R	 43.27  
 177 A	 18.28  
 178 L	 6.17  
 179 K	 28.06  
 180 M	 2.93  
 181 H	 26.73  
 182 G	 25.42  
 183 L	 1.69  
 184 I	 6.78  
 185 N	 43.87  
 186 D	 43.78  
 187 S	 22.24  
 188 F	 8.02  
 189 Q	 37.78  
 190 S	 31.16  
 191 I	 4.57  
 192 G	 23.34  
 193 K	 44.62  
 194 T	 30.93  
 195 L	 8.89  
 196 S	 35.15  
 197 K	 61.06  
 198 K	 53.21  
 199 M	 5.35  
 200 K	 46.64  
 201 K	 50.76  
 202 Y	 18.26  
 203 Y	 15.55  
 204 K	 42.09  
 205 K	 30.98  
 206 L	 4.87  
 207 R	 43.33  
 208 R	 38.97  
 209 S	 25.53  
 210 R	 32.85  
 211 V	 6.78  
 212 G	 15.14  
 213 R	 17.33  
 214 I	 3.69  
 215 L	 4.52  
 216 L	 3.66  
 217 P	 18.08  
 218 T	 37.43  
 219 R	 23.11  
 220 V	 4.38  
 221 T	 20.11  
 222 A	 10.52  
 223 M	 2.72  
 224 K	 52.84  
 225 D	 54.66  
 226 G	 23.48  
 227 F	 16.07  
 228 E	 77.51  
 229 D	 44.04  
 230 P	 26.40  
 231 E	 73.21  
 232 A	 26.09  
 233 A	 19.95  
 234 E	 66.44  
 235 E	 66.14  
 236 R	 47.82  
 237 K	 69.31  
 238 K	 72.41  
 239 K	 55.73  
 240 P	 49.48  
 241 F	 13.55  
 242 P	 39.72  
 243 I	 3.84  
 244 P	 15.36  
 245 I	 4.44  
 246 A	 4.66  
 247 I	 1.65  
 248 I	 1.04  
 249 M	 1.47  
 250 L	 1.48  
 251 I	 1.04  
 252 I	 1.46  
 253 W	 3.69  
 254 I	 0.89  
 255 C	 1.01  
 256 F	 5.14  
 257 S	 18.28  
 258 A	 5.69  
 259 S	 15.93  
 260 M	 2.96  
 261 F	 2.24  
 262 C	 2.37  
 263 I	 2.85  
 264 W	 9.90  
 265 E	 26.17  
 266 D	 30.76  
 267 T	 16.41  
 268 W	 11.07  
 269 V	 3.46  
 270 F	 3.44  
 271 S	 14.04  
 272 S	 15.41  
 273 A	 9.99  
 274 V	 4.65  
 275 Y	 7.78  
 276 F	 2.43  
 277 F	 2.70  
 278 I	 1.38  
 279 V	 3.34  
 280 S	 13.15  
 281 I	 2.51  
 282 S	 14.99  
 283 T	 19.54  
 284 V	 4.81  
 285 G	 24.83  
 286 L	 4.58  
 287 G	 16.62  
 288 D	 35.34  
 289 M	 3.46  
 290 L	 2.90  
 291 F	 7.02  
 292 R	 41.19  
 293 T	 19.12  
 294 P	 24.20  
 295 D	 36.88  
 296 M	 2.31  
 297 M	 3.97  
 298 V	 2.59  
 299 F	 2.66  
 300 N	 18.42  
 301 F	 3.89  
 302 L	 2.81  
 303 L	 2.20  
 304 I	 2.97  
 305 L	 2.23  
 306 V	 4.72  
 307 G	 11.20  
 308 L	 2.06  
 309 A	 10.67  
 310 L	 4.35  
 311 L	 2.26  
 312 S	 17.85  
 313 M	 2.83  
 314 C	 1.84  
 315 F	 6.83  
 316 E	 34.04  
 317 L	 2.27  
 318 I	 2.72  
 319 T	 30.31  
 320 D	 35.74  
 321 R	 22.95  
 322 V	 7.76  
 323 A	 16.94  
 324 K	 52.66  
 325 W	 9.89  
 326 K	 45.28  
 327 Q	 40.83  
 328 K	 51.83  
 329 R	 41.58  
 330 F	 19.49  
 331 D	 51.07  
 332 E	 44.81  
 333 H	 38.73  
 334 I	 4.31  
 335 K	 49.12  
 336 K	 49.66  
 337 V	 5.85  
 338 Q	 38.39  
 339 K	 34.87  
 340 M	 2.23  
 341 A	 9.96  
 342 F	 5.95  
 343 Q	 29.47  
 344 V	 5.59  
 345 F	 7.21  
 346 E	 58.66  
 347 K	 60.27  
 348 D	 35.82  
 349 P	 43.09  
 350 F	 18.41  
 351 I	 5.94  
 352 E	 48.78  
 353 E	 62.75  
 354 A	 9.75  
 355 P	 28.12  
 356 P	 50.71  
 357 L	 9.67  
 358 G	 15.95  
 359 I	 3.42  
 360 R	 17.26  
 361 M	 7.41  
 362 A	 4.68  
 363 P	 25.74  
 364 N	 38.31  
 365 L	 2.32  
 366 M	 3.26  
 367 Q	 25.90  
 368 I	 1.43  
 369 A	 6.87  
 370 A	 10.40  
 371 T	 17.49  
 372 H	 19.17  
 373 V	 7.18  
 374 S	 32.22  
 375 E	 67.46  
 376 E	 40.31  
 377 K	 54.49  
 378 R	 50.89  
 379 G	 32.84  
 380 F	 6.43  
 381 F	 7.68  
 382 A	 21.03  
 383 E	 48.34  
 384 F	 8.58  
 385 K	 45.62  
 386 D	 51.55  
 387 W	 5.88  
 388 F	 10.35  
 389 A	 16.79  
 390 G	 18.59  
 391 K	 38.23  
 392 V	 8.76  
 393 T	 25.91  
 394 D	 50.84  
 395 N	 24.35  
 396 V	 4.72  
 397 I	 4.86  
 398 Q	 30.17  
 399 S	 28.25  
 400 K	 39.25  
 401 L	 12.23  
 402 E	 60.24  
 403 D	 68.73  
 404 S	 37.27  
 405 D	 75.83  
 406 D	 62.34  
 407 E	 62.53  
 408 S	 54.13  
 409 D	 59.00  
 410 S	 46.76  
 411 E	 52.89  
 412 E	 63.61  
 413 A	 19.07  
 414 L	 7.98  
 415 E	 64.76  
 416 E	 56.45  
 417 F	 9.11  
 418 D	 63.79  
 419 S	 24.83  
 420 P	 31.29  
 421 Q	 41.73  
 422 I	 3.84  
 423 A	 7.26  
 424 T	 21.73  
 425 V	 3.34  
 426 T	 18.52  
 427 A	 11.82  
 428 N	 34.94  
 429 D	 35.00  
 430 L	 2.95  
 431 I	 3.07  
 432 V	 3.68  
 433 C	 1.75  
 434 S	 27.66  
 435 N	 38.71  
 436 G	 10.57  
 437 A	 15.20  
 438 A	 11.75  
 439 T	 20.62  
 440 R	 32.07  
 441 R	 32.48  
 442 V	 8.26  
 443 S	 24.14  
 444 K	 40.17  
 445 Q	 33.88  
 446 S	 18.99  
 447 Y	 14.74  
 448 A	 13.06  
 449 L	 3.43  
 450 S	 25.40  
 451 D	 49.54  
 452 I	 2.36  
 453 S	 36.39  
 454 N	 48.07  
 455 L	 4.02  
 456 S	 43.22  
 457 N	 50.95  
 458 S	 20.07  
 459 K	 53.14  
 460 I	 5.87  
 461 L	 5.23  
 462 P	 47.11  
 463 G	 31.41  
 464 N	 36.29  
 465 N	 48.50  
 466 Y	 15.39  
 467 G	 17.49  
 468 Q	 28.61  
 469 L	 4.69  
 470 L	 2.98  
 471 D	 59.87  
 472 R	 32.07  
 473 I	 3.13  
 474 K	 42.44  
 475 A	 14.70  
 476 M	 4.96  
 477 E	 61.27  
 478 K	 45.67  
 479 F	 11.89  
 480 K	 67.98  
 481 P	 56.86  
 482 K	 65.87  
 483 K	 65.31  
 484 N	 62.29  
 485 D	 61.81  
 486 L	 10.09  
 487 D	 36.74  
 488 S	 32.70  
 489 R	 24.73  
 490 M	 4.42  
 491 F	 6.94  
 492 A	 7.73  
 493 K	 38.94  
 494 F	 10.43  
 495 L	 7.55  
 496 E	 70.86  
 497 N	 49.24  
 498 K	 39.53  
 499 K	 66.32  
 500 L	 6.65  
 501 A	 13.01  
 502 K	 59.25  
 503 I	 4.21  
 504 L	 3.83  
 505 E	 59.95  
 506 Q	 36.51  
 507 T	 27.84  
 508 E	 45.59  
 509 L	 6.14  
 510 R	 30.56  
 511 E	 56.21  
 512 L	 3.81  
 513 A	 10.95  
 514 T	 26.10  
 515 V	 4.48  
 516 S	 8.99  
 517 C	 4.37  
 518 Q	 30.46  
 519 T	 43.14  
 520 D	 16.98  
 521 L	 5.06  
 522 S	 32.65  
 523 G	 29.77  
 524 L	 2.83  
 525 V	 3.83  
 526 V	 4.39  
 527 Q	 31.01  
 528 R	 28.83  
 529 R	 46.87  
 530 N	 44.84  
 531 P	 38.37  
 532 K	 72.61  
 533 G	 28.06  
 534 R	 26.81  
 535 H	 28.20  
 536 A	 11.92  
 537 R	 27.89  
 538 I	 5.03  
 539 G	 19.62  
 540 S	 14.41  
 541 C	 3.70  
 542 S	 32.86  
 543 S	 32.26  
 544 Q	 26.99  
 545 S	 28.20  
 546 T	 13.91  
 547 M	 3.31  
 548 S	 18.91  
 549 T	 22.84  
 550 L	 6.16  
 551 L	 4.44  
 552 P	 41.32  
 553 N	 55.01  
 554 K	 30.07  
 555 M	 4.07  
 556 H	 35.40  
 557 A	 15.11  
 558 P	 30.74  
 559 D	 73.45  
 560 E	 51.64  
 561 D	 54.64  
 562 S	 20.06  
 563 V	 6.03  
 564 M	 2.93  
 565 S	 20.98  
 566 F	 3.37  
 567 T	 21.28  
 568 F	 7.26  
 569 G	 35.96  
 570 D	 42.36  
 571 L	 6.44  
 572 K	 40.71  
 573 F	 18.88  
 574 D	 42.29  
 575 Y	 23.96  
 576 K	 48.53  
 577 T	 42.53  
 578 E	 33.78  
 579 P	 36.40  
 580 F	 10.02  
 581 I	 6.02  
 582 D	 37.92  
 583 E	 35.11  
 584 Y	 10.63  
 585 Y	 7.46  
 586 I	 3.74  
 587 R	 25.77  
 588 E	 46.46  
 589 S	 29.96  
 590 N	 28.33  
 591 H	 31.39  
 592 S	 29.24  
 593 I	 2.74  
 594 F	 9.56  
 595 D	 48.71  
 596 F	 8.46  
 597 D	 65.37  
 598 E	 58.71  
 599 D	 59.73  
 600 E	 47.34  
 601 T	 27.66  
 602 V	 5.00  
 603 R	 42.14  
 604 I	 3.54  
 605 P	 19.71  
 606 Q	 41.23  
 607 K	 30.25  
 608 M	 3.19  
 609 L	 4.07  
 610 I	 2.69  
 611 S	 28.58  
 612 R	 25.46  
 613 P	 36.32  
 614 G	 39.87  
 615 M	 5.09  
 616 P	 44.13  
 617 P	 45.17  
 618 P	 47.79  
 619 P	 45.32  
 620 P	 49.06  
 621 S	 52.91  
 622 R	 45.56  
 623 P	 29.91  
 624 L	 8.79  
 625 N	 35.92  
 626 L	 7.04  
 627 A	 14.18  
 628 S	 27.86  
 629 P	 21.91  
 630 L	 6.39  
 631 R	 27.06  
 632 T	 43.29  
 633 L	 4.74  
 634 L	 9.75  
 635 E	 58.63  
 636 K	 66.47  
 637 E	 42.82  
 638 Q	 61.75  
 639 K	 56.62  
 640 Y	 25.02  
 641 D	 61.94  
 642 E	 72.82  
 643 D	 43.14  
 644 P	 38.24  
 645 E	 56.54  
 646 I	 5.04  
 647 Q	 37.31  
 648 L	 9.76  
 649 T	 9.81  
 650 P	 28.17  
 651 R	 50.94  
 652 R	 39.15  
 653 L	 5.57  
 654 N	 38.81  
 655 S	 33.57  
 656 L	 5.33  
 657 S	 32.27  
 658 D	 42.17  
 659 I	 2.87  
 660 Q	 39.85  
 661 A	 17.37  
 662 R	 28.11  
 663 K	 46.89  
 664 V	 5.29  
 665 K	 42.43  
 666 L	 10.15  
 667 G	 21.07  
 668 V	 13.96  
 669 D	 36.95  
 670 E	 58.39  
 671 N	 40.30  
 672 L	 3.57  
 673 Q	 39.51  
 674 H	 18.91  
 675 A	 8.11  
 676 R	 26.06  
 677 L	 3.76  
 678 V	 1.71  
 679 C	 3.63  
 680 G	 23.83  
 681 L	 5.51  
 682 L	 1.86  
 683 P	 36.42  
 684 Q	 65.06  
 685 D	 47.59  
 686 F	 9.37  
 687 D	 68.85  
 688 S	 22.27  
 689 P	 43.39  
 690 S	 38.65  
 691 T	 39.13  
 692 S	 25.38  
 693 T	 35.79  
 694 S	 20.46  
 695 T	 23.54  
 696 S	 17.32  
 697 M	 3.90  
 698 I	 3.69  
 699 D	 27.63  
 700 S	 32.14  
 701 G	 19.04  
 702 Y	 20.04  
 703 E	 50.52  
 704 L	 5.72  
 705 S	 17.44  
 706 K	 67.91  
 707 R	 41.15  
 708 D	 48.91  
 709 A	 15.78  
 710 S	 24.01  
 711 T	 20.88  
 712 M	 3.74  
 713 A	 19.15  
