 1 M	 8.36  
 2 D	 47.66  
 3 H	 20.66  
 4 I	 4.33  
 5 D	 34.50  
 6 A	 9.64  
 7 H	 16.73  
 8 S	 31.89  
 9 A	 6.87  
 10 V	 7.80  
 11 S	 23.45  
 12 T	 26.48  
 13 S	 22.25  
 14 S	 34.04  
 15 S	 38.10  
 16 S	 32.56  
 17 S	 36.86  
 18 K	 49.44  
 19 Y	 27.31  
 20 D	 56.34  
 21 T	 26.06  
 22 P	 44.02  
 23 D	 64.78  
 24 D	 56.41  
 25 N	 47.25  
 26 I	 6.53  
 27 S	 33.65  
 28 E	 35.60  
 29 Q	 34.23  
 30 R	 26.10  
 31 L	 5.80  
 32 L	 2.43  
 33 C	 5.91  
 34 D	 61.72  
 35 A	 21.84  
 36 K	 37.52  
 37 E	 65.56  
 38 E	 52.31  
 39 Y	 17.70  
 40 P	 28.15  
 41 L	 8.14  
 42 N	 31.23  
 43 D	 49.55  
 44 Y	 14.27  
 45 L	 3.35  
 46 F	 7.05  
 47 D	 55.24  
 48 G	 17.26  
 49 I	 5.32  
 50 N	 45.13  
 51 Q	 44.06  
 52 E	 43.48  
 53 S	 21.67  
 54 A	 14.19  
 55 Q	 44.78  
 56 R	 29.05  
 57 S	 15.99  
 58 L	 4.63  
 59 L	 4.47  
 60 L	 2.47  
 61 C	 2.82  
 62 R	 38.24  
 63 Q	 49.93  
 64 T	 12.23  
 65 F	 7.94  
 66 E	 47.10  
 67 T	 25.76  
 68 S	 19.04  
 69 F	 14.07  
 70 G	 13.49  
 71 F	 6.05  
 72 A	 12.69  
 73 L	 3.03  
 74 Q	 29.32  
 75 S	 24.90  
 76 Y	 9.28  
 77 V	 5.74  
 78 F	 3.17  
 79 K	 44.73  
 80 R	 28.51  
 81 T	 36.78  
 82 S	 31.39  
 83 S	 29.23  
 84 N	 48.67  
 85 S	 30.25  
 86 Y	 17.30  
 87 E	 37.11  
 88 R	 20.51  
 89 I	 1.86  
 90 T	 24.58  
 91 Y	 6.75  
 92 V	 2.99  
 93 D	 27.92  
 94 Y	 6.05  
 95 V	 3.09  
 96 S	 21.82  
 97 A	 15.97  
 98 D	 47.88  
 99 S	 23.00  
 100 P	 38.43  
 101 A	 22.34  
 102 D	 50.19  
 103 R	 23.75  
 104 C	 4.81  
 105 G	 25.79  
 106 I	 2.44  
 107 T	 17.55  
 108 R	 36.87  
 109 G	 20.79  
 110 D	 25.53  
 111 M	 2.33  
 112 V	 2.78  
 113 I	 2.58  
 114 A	 6.15  
 115 V	 6.98  
 116 N	 41.79  
 117 E	 39.86  
 118 K	 43.26  
 119 S	 18.68  
 120 V	 7.03  
 121 V	 4.83  
 122 T	 21.93  
 123 A	 6.42  
 124 S	 17.54  
 125 H	 25.56  
 126 A	 13.01  
 127 E	 41.99  
 128 I	 4.29  
 129 V	 3.39  
 130 E	 41.93  
 131 S	 16.60  
 132 I	 1.62  
 133 A	 11.87  
 134 Q	 27.12  
 135 C	 1.80  
 136 L	 3.61  
 137 Q	 30.31  
 138 V	 2.85  
 139 S	 10.37  
 140 L	 3.47  
 141 V	 3.14  
 142 L	 4.55  
 143 V	 4.34  
 144 F	 4.97  
 145 K	 43.76  
 146 D	 28.04  
 147 V	 3.88  
 148 A	 12.96  
 149 R	 33.08  
 150 I	 1.72  
 151 V	 5.16  
 152 E	 32.52  
 153 L	 3.18  
 154 S	 9.92  
 155 M	 6.44  
 156 R	 27.51  
 157 S	 13.17  
 158 I	 2.93  
 159 Q	 28.03  
 160 L	 4.31  
 161 R	 9.88  
 162 F	 8.51  
 163 M	 2.40  
 164 L	 5.50  
 165 D	 33.74  
 166 A	 12.76  
 167 K	 41.80  
 168 I	 4.42  
 169 R	 35.87  
 170 E	 44.17  
 171 L	 2.54  
 172 R	 23.92  
 173 M	 9.91  
 174 L	 5.02  
 175 E	 48.89  
 176 K	 58.22  
 177 T	 34.92  
 178 E	 61.66  
 179 E	 70.07  
 180 D	 37.54  
 181 L	 3.48  
 182 Q	 41.46  
 183 A	 18.52  
 184 L	 2.88  
 185 Y	 25.10  
 186 D	 56.52  
 187 D	 35.91  
 188 E	 51.28  
 189 H	 51.91  
 190 G	 40.99  
 191 N	 56.25  
 192 E	 68.32  
 193 E	 74.81  
 194 E	 61.98  
 195 D	 54.81  
 196 E	 61.58  
 197 S	 50.16  
 198 L	 5.92  
 199 E	 51.46  
 200 S	 29.07  
 201 T	 24.80  
 202 L	 4.32  
 203 Y	 17.97  
 204 E	 53.51  
 205 L	 6.75  
 206 D	 35.07  
 207 E	 77.26  
 208 E	 65.79  
 209 L	 4.62  
 210 K	 59.35  
 211 N	 53.91  
 212 V	 5.78  
 213 Q	 66.34  
 214 N	 35.62  
 215 P	 26.98  
 216 Q	 80.22  
 217 E	 54.87  
 218 K	 57.80  
 219 E	 46.76  
 220 A	 30.71  
 221 N	 55.80  
 222 G	 27.32  
 223 T	 29.66  
 224 D	 39.61  
 225 Y	 10.36  
 226 R	 22.42  
 227 H	 21.27  
 228 L	 1.76  
 229 I	 3.20  
 230 R	 28.53  
 231 I	 4.68  
 232 N	 21.76  
 233 S	 32.40  
 234 S	 21.88  
 235 T	 27.53  
 236 S	 22.09  
 237 V	 11.37  
 238 G	 31.29  
 239 T	 14.37  
 240 P	 22.25  
 241 Q	 49.40  
 242 V	 3.37  
 243 T	 22.47  
 244 R	 39.27  
 245 L	 6.34  
