 1 M	 5.80  
 2 R	 43.39  
 3 R	 32.31  
 4 V	 3.73  
 5 F	 5.73  
 6 S	 20.77  
 7 S	 16.50  
 8 Q	 41.09  
 9 A	 9.60  
 10 I	 2.65  
 11 Q	 28.09  
 12 T	 24.40  
 13 A	 7.49  
 14 I	 8.54  
 15 E	 33.84  
 16 K	 51.70  
 17 S	 32.14  
 18 L	 5.91  
 19 P	 47.56  
 20 D	 68.00  
 21 L	 5.43  
 22 Q	 40.59  
 23 K	 46.81  
 24 I	 2.86  
 25 V	 8.38  
 26 G	 31.60  
 27 N	 21.88  
 28 S	 25.04  
 29 S	 21.44  
 30 V	 8.45  
 31 R	 32.41  
 32 T	 34.24  
 33 Q	 30.33  
 34 E	 51.06  
 35 S	 15.88  
 36 V	 6.02  
 37 R	 35.64  
 38 R	 33.54  
 39 Q	 26.28  
 40 F	 5.97  
 41 A	 15.07  
 42 R	 49.90  
 43 D	 59.32  
 44 E	 40.33  
 45 S	 28.17  
 46 H	 18.98  
 47 F	 7.68  
 48 I	 4.75  
 49 A	 15.03  
 50 P	 30.50  
 51 P	 22.06  
 52 P	 36.31  
 53 A	 15.15  
 54 V	 6.60  
 55 V	 5.64  
 56 L	 5.40  
 57 E	 38.17  
 58 P	 25.72  
 59 T	 42.39  
 60 N	 46.15  
 61 V	 6.31  
 62 E	 47.54  
 63 Q	 39.49  
 64 V	 3.33  
 65 S	 20.72  
 66 E	 54.18  
 67 I	 2.99  
 68 L	 2.80  
 69 K	 57.57  
 70 L	 2.71  
 71 C	 4.81  
 72 N	 52.84  
 73 D	 40.15  
 74 R	 22.04  
 75 A	 17.19  
 76 I	 2.50  
 77 P	 21.77  
 78 V	 7.54  
 79 V	 2.46  
 80 P	 23.37  
 81 F	 10.39  
 82 G	 19.71  
 83 T	 31.76  
 84 G	 20.40  
 85 T	 38.13  
 86 G	 24.07  
 87 L	 5.77  
 88 E	 63.95  
 89 G	 38.22  
 90 G	 15.70  
 91 S	 22.03  
 92 M	 3.92  
 93 S	 23.37  
 94 T	 22.30  
 95 L	 4.66  
 96 G	 24.41  
 97 G	 18.08  
 98 I	 1.46  
 99 C	 1.97  
 100 I	 4.76  
 101 S	 18.76  
 102 T	 12.46  
 103 Q	 26.19  
 104 Q	 29.38  
 105 I	 2.46  
 106 I	 4.44  
 107 G	 34.50  
 108 D	 21.52  
 109 P	 23.10  
 110 V	 10.54  
 111 L	 6.41  
 112 R	 39.50  
 113 E	 50.79  
 114 Q	 42.90  
 115 D	 32.94  
 116 F	 6.28  
 117 V	 2.98  
 118 C	 3.80  
 119 S	 28.07  
 120 V	 10.00  
 121 K	 19.56  
 122 P	 34.45  
 123 S	 36.37  
 124 T	 28.73  
 125 T	 25.15  
 126 R	 16.57  
 127 I	 4.86  
 128 A	 9.31  
 129 L	 5.76  
 130 N	 27.87  
 131 D	 50.98  
 132 A	 17.37  
 133 I	 4.91  
 134 K	 46.94  
 135 N	 34.89  
 136 S	 31.69  
 137 G	 35.58  
 138 L	 3.92  
 139 F	 8.09  
 140 F	 7.48  
 141 P	 23.44  
 142 V	 13.49  
 143 D	 35.83  
 144 P	 39.85  
 145 G	 31.46  
 146 A	 18.00  
 147 D	 45.34  
 148 A	 11.88  
 149 S	 20.63  
 150 V	 3.33  
 151 C	 2.42  
 152 G	 16.08  
 153 M	 1.24  
 154 V	 2.97  
 155 A	 6.22  
 156 T	 17.26  
 157 S	 15.65  
 158 A	 13.97  
 159 S	 46.01  
 160 G	 23.78  
 161 T	 20.98  
 162 N	 36.57  
 163 A	 6.35  
 164 I	 3.65  
 165 R	 22.78  
 166 Y	 15.72  
 167 G	 14.97  
 168 T	 19.01  
 169 M	 4.44  
 170 K	 46.07  
 171 E	 44.42  
 172 N	 37.20  
 173 V	 2.95  
 174 V	 11.60  
 175 N	 26.63  
 176 L	 3.41  
 177 E	 25.94  
 178 V	 4.88  
 179 V	 2.39  
 180 L	 4.31  
 181 A	 11.11  
 182 D	 51.08  
 183 G	 17.13  
 184 T	 18.46  
 185 I	 3.07  
 186 I	 5.74  
 187 D	 38.22  
 188 T	 31.15  
 189 K	 55.68  
 190 G	 39.48  
 191 K	 44.75  
 192 G	 45.12  
 193 R	 30.65  
 194 C	 5.36  
 195 P	 45.43  
 196 R	 55.93  
 197 K	 33.63  
 198 S	 27.05  
 199 S	 35.13  
 200 A	 33.42  
 201 G	 21.70  
 202 F	 7.31  
 203 N	 41.85  
 204 F	 5.40  
 205 T	 32.65  
 206 E	 35.75  
 207 L	 3.71  
 208 F	 4.81  
 209 V	 14.95  
 210 G	 16.79  
 211 S	 27.79  
 212 E	 50.71  
 213 G	 28.12  
 214 T	 20.12  
 215 L	 7.34  
 216 G	 14.75  
 217 I	 3.86  
 218 I	 2.43  
 219 T	 20.04  
 220 E	 31.75  
 221 A	 14.72  
 222 T	 18.03  
 223 V	 8.64  
 224 K	 30.39  
 225 V	 6.98  
 226 H	 13.61  
 227 P	 53.27  
 228 R	 23.83  
 229 P	 33.45  
 230 Q	 53.87  
 231 F	 6.88  
 232 L	 2.61  
 233 S	 18.57  
 234 A	 13.18  
 235 A	 10.24  
 236 V	 2.55  
 237 C	 2.73  
 238 S	 27.88  
 239 F	 5.07  
 240 P	 19.74  
 241 T	 32.27  
 242 V	 3.80  
 243 H	 22.81  
 244 E	 41.41  
 245 A	 7.58  
 246 A	 11.62  
 247 S	 28.87  
 248 T	 24.68  
 249 V	 2.98  
 250 V	 4.22  
 251 E	 32.92  
 252 V	 3.04  
 253 L	 2.86  
 254 Q	 36.02  
 255 W	 10.68  
 256 N	 18.74  
 257 I	 2.37  
 258 P	 15.53  
 259 V	 5.04  
 260 A	 11.02  
 261 R	 24.13  
 262 I	 2.93  
 263 E	 37.41  
 264 L	 4.95  
 265 L	 3.17  
 266 D	 58.41  
 267 T	 17.80  
 268 V	 4.75  
 269 Q	 24.95  
 270 I	 2.14  
 271 Q	 23.83  
 272 A	 8.97  
 273 C	 1.67  
 274 N	 47.18  
 275 S	 26.69  
 276 Y	 6.57  
 277 S	 28.33  
 278 S	 17.03  
 279 L	 6.02  
 280 N	 38.71  
 281 L	 8.57  
 282 R	 41.07  
 283 E	 65.32  
 284 S	 19.42  
 285 P	 28.50  
 286 T	 43.51  
 287 L	 4.64  
 288 F	 5.75  
 289 I	 6.59  
 290 E	 25.02  
 291 F	 7.27  
 292 H	 26.44  
 293 G	 37.17  
 294 S	 32.99  
 295 N	 69.79  
 296 E	 52.90  
 297 K	 62.83  
 298 E	 36.44  
 299 V	 12.02  
 300 A	 12.32  
 301 D	 58.42  
 302 Q	 27.84  
 303 T	 21.14  
 304 S	 25.37  
 305 A	 16.47  
 306 V	 7.32  
 307 E	 41.18  
 308 D	 45.01  
 309 I	 1.70  
 310 C	 5.98  
 311 K	 56.00  
 312 S	 23.34  
 313 H	 15.16  
 314 E	 59.00  
 315 A	 13.65  
 316 L	 6.50  
 317 D	 52.97  
 318 F	 9.29  
 319 D	 45.92  
 320 S	 35.93  
 321 G	 31.73  
 322 A	 23.11  
 323 S	 36.84  
 324 P	 51.08  
 325 D	 51.05  
 326 K	 47.52  
 327 R	 39.94  
 328 A	 16.88  
 329 T	 36.87  
 330 L	 4.27  
 331 W	 6.47  
 332 K	 38.36  
 333 A	 13.34  
 334 R	 21.62  
 335 H	 28.29  
 336 N	 24.88  
 337 A	 7.81  
 338 Y	 10.04  
 339 Y	 5.29  
 340 A	 5.37  
 341 A	 4.63  
 342 L	 2.68  
 343 A	 4.81  
 344 M	 4.02  
 345 R	 25.13  
 346 T	 23.31  
 347 G	 11.69  
 348 A	 14.07  
 349 R	 41.94  
 350 G	 24.58  
 351 F	 5.76  
 352 T	 25.55  
 353 T	 24.95  
 354 D	 28.85  
 355 V	 3.13  
 356 C	 3.16  
 357 V	 4.78  
 358 P	 21.73  
 359 I	 2.57  
 360 S	 18.62  
 361 K	 48.71  
 362 L	 3.82  
 363 A	 16.86  
 364 D	 49.04  
 365 V	 4.28  
 366 I	 2.95  
 367 S	 32.53  
 368 E	 36.80  
 369 T	 28.78  
 370 R	 24.91  
 371 S	 50.36  
 372 D	 55.65  
 373 L	 9.80  
 374 D	 61.26  
 375 E	 51.20  
 376 H	 27.36  
 377 E	 37.55  
 378 I	 4.66  
 379 L	 4.24  
 380 G	 23.33  
 381 T	 14.47  
 382 V	 4.63  
 383 V	 4.39  
 384 G	 12.86  
 385 H	 14.58  
 386 V	 6.51  
 387 G	 31.28  
 388 D	 48.01  
 389 G	 32.54  
 390 N	 28.70  
 391 F	 6.27  
 392 H	 15.09  
 393 V	 4.15  
 394 I	 2.61  
 395 L	 2.73  
 396 P	 21.87  
 397 T	 37.26  
 398 I	 5.29  
 399 E	 63.72  
 400 E	 62.04  
 401 D	 50.84  
 402 K	 60.12  
 403 T	 49.71  
 404 E	 47.65  
 405 H	 41.38  
 406 R	 31.38  
 407 K	 47.18  
 408 I	 4.12  
 409 Q	 41.27  
 410 S	 30.14  
 411 F	 5.16  
 412 S	 27.37  
 413 D	 46.02  
 414 R	 33.61  
 415 L	 4.16  
 416 V	 3.97  
 417 R	 23.81  
 418 R	 26.86  
 419 A	 7.32  
 420 L	 3.71  
 421 A	 11.52  
 422 A	 19.33  
 423 D	 47.53  
 424 G	 20.26  
 425 T	 13.87  
 426 C	 5.86  
 427 T	 45.50  
 428 G	 27.35  
 429 E	 22.31  
 430 H	 34.22  
 431 G	 16.03  
 432 I	 4.43  
 433 G	 32.73  
 434 L	 7.45  
 435 G	 23.62  
 436 K	 51.24  
 437 R	 30.93  
 438 K	 52.72  
 439 Y	 18.28  
 440 L	 6.61  
 441 R	 32.05  
 442 E	 55.78  
 443 E	 56.49  
 444 L	 10.00  
 445 G	 29.41  
 446 E	 63.45  
 447 N	 41.92  
 448 T	 11.60  
 449 V	 7.16  
 450 R	 25.02  
 451 L	 2.28  
 452 M	 1.51  
 453 H	 29.09  
 454 T	 20.11  
 455 I	 1.55  
 456 K	 24.79  
 457 H	 27.89  
 458 A	 14.52  
 459 L	 12.91  
 460 D	 44.67  
 461 P	 36.30  
 462 N	 50.78  
 463 N	 40.03  
 464 I	 3.43  
 465 M	 5.56  
 466 N	 38.07  
 467 P	 26.97  
 468 G	 27.92  
 469 K	 41.68  
 470 V	 15.53  
 471 L	 2.88  
 472 P	 43.78  
 473 E	 64.05  
 474 L	 8.86  
