 1 M	 12.05  
 2 E	 46.97  
 3 P	 34.55  
 4 Y	 11.18  
 5 I	 2.85  
 6 K	 31.15  
 7 A	 8.47  
 8 L	 3.53  
 9 I	 4.86  
 10 T	 21.53  
 11 D	 42.08  
 12 S	 23.17  
 13 Y	 25.09  
 14 E	 52.18  
 15 Q	 58.95  
 16 N	 29.33  
 17 K	 55.62  
 18 N	 49.16  
 19 F	 4.33  
 20 F	 11.43  
 21 R	 13.43  
 22 C	 3.12  
 23 R	 30.36  
 24 F	 10.53  
 25 M	 1.62  
 26 K	 44.59  
 27 N	 27.39  
 28 R	 38.14  
 29 R	 67.33  
 30 G	 31.65  
 31 D	 56.30  
 32 E	 33.90  
 33 C	 5.95  
 34 N	 32.37  
 35 F	 8.96  
 36 V	 4.37  
 37 G	 19.53  
 38 T	 18.05  
 39 F	 5.24  
 40 S	 29.53  
 41 D	 41.36  
 42 T	 32.15  
 43 L	 4.15  
 44 T	 23.98  
 45 H	 19.98  
 46 F	 6.55  
 47 S	 13.07  
 48 I	 4.71  
 49 H	 20.59  
 50 T	 22.12  
 51 K	 18.08  
 52 V	 5.44  
 53 Y	 13.76  
 54 L	 3.06  
 55 F	 5.74  
 56 E	 29.12  
 57 C	 4.22  
 58 E	 50.54  
 59 G	 35.73  
 60 C	 1.69  
 61 T	 35.05  
 62 K	 45.21  
 63 Q	 23.47  
 64 V	 4.80  
 65 V	 4.32  
 66 D	 34.01  
 67 F	 2.51  
 68 M	 3.18  
 69 D	 47.78  
 70 L	 3.06  
 71 V	 5.19  
 72 E	 40.66  
 73 H	 28.21  
 74 R	 36.44  
 75 S	 25.72  
 76 P	 35.55  
 77 S	 40.49  
 78 T	 33.73  
 79 G	 19.79  
 80 A	 9.59  
 81 I	 1.42  
 82 C	 3.04  
 83 R	 37.39  
 84 G	 29.69  
 85 T	 12.80  
 86 V	 5.80  
 87 E	 45.18  
 88 N	 26.97  
 89 M	 1.50  
 90 R	 43.92  
 91 Q	 21.84  
 92 L	 4.81  
 93 R	 26.60  
 94 L	 7.14  
 95 E	 44.27  
 96 R	 36.17  
 97 M	 3.07  
 98 K	 48.85  
 99 T	 18.10  
 100 I	 3.53  
 101 D	 41.37  
 102 A	 6.54  
 103 H	 26.14  
 104 R	 23.86  
 105 C	 2.39  
 106 R	 42.16  
 107 N	 36.36  
 108 V	 1.47  
 109 F	 4.23  
 110 I	 2.14  
 111 V	 2.64  
 112 G	 19.20  
 113 A	 6.74  
 114 T	 28.88  
 115 R	 33.39  
 116 S	 42.13  
 117 E	 50.17  
 118 F	 10.24  
 119 E	 41.51  
 120 D	 53.76  
 121 Y	 5.96  
 122 L	 8.15  
 123 R	 33.86  
 124 Y	 13.14  
 125 K	 49.27  
 126 N	 28.51  
 127 T	 28.05  
 128 H	 51.34  
 129 G	 27.68  
 130 K	 37.24  
 131 Q	 49.06  
 132 Q	 44.18  
 133 S	 24.13  
 134 F	 12.57  
 135 G	 31.50  
 136 T	 14.22  
 137 P	 32.97  
 138 L	 6.65  
 139 Y	 22.98  
 140 N	 54.00  
 141 D	 50.81  
 142 N	 55.74  
 143 E	 66.82  
 144 E	 62.75  
 145 E	 51.58  
 146 Q	 47.30  
 147 T	 33.14  
 148 R	 26.58  
 149 H	 47.24  
 150 Q	 33.92  
 151 P	 28.02  
 152 Q	 45.53  
 153 Q	 47.54  
 154 Q	 41.81  
 155 R	 28.39  
 156 S	 33.94  
 157 S	 35.91  
 158 T	 24.46  
 159 P	 28.59  
 160 L	 10.12  
 161 A	 10.70  
 162 P	 44.48  
 163 T	 39.54  
 164 T	 24.89  
 165 P	 45.44  
 166 T	 46.46  
 167 P	 40.37  
 168 P	 50.40  
 169 P	 45.86  
 170 P	 42.80  
 171 T	 43.04  
 172 Q	 51.63  
 173 A	 18.50  
 174 P	 24.74  
 175 T	 46.82  
 176 N	 31.03  
 177 H	 27.37  
 178 R	 38.02  
 179 E	 35.90  
 180 L	 6.08  
 181 L	 3.55  
 182 L	 11.30  
 183 D	 42.99  
 184 F	 7.26  
 185 P	 35.11  
 186 L	 6.97  
 187 P	 24.70  
 188 V	 17.87  
 189 D	 33.59  
 190 F	 7.31  
 191 S	 39.14  
 192 R	 47.97  
 193 P	 36.03  
 194 P	 34.38  
 195 P	 39.08  
 196 V	 14.66  
 197 I	 6.09  
 198 P	 18.86  
 199 P	 37.48  
 200 E	 50.01  
 201 Y	 21.17  
 202 F	 3.47  
 203 F	 8.14  
 204 N	 40.83  
 205 A	 7.81  
 206 P	 36.05  
 207 S	 31.80  
 208 V	 6.11  
 209 S	 28.58  
 210 Q	 44.46  
 211 Q	 28.64  
 212 H	 16.06  
 213 H	 22.02  
 214 Q	 44.59  
 215 R	 22.75  
 216 S	 27.03  
 217 Q	 44.06  
 218 Y	 9.86  
 219 Q	 18.58  
 220 H	 18.78  
 221 Y	 12.40  
 222 A	 8.30  
 223 P	 38.94  
 224 Q	 34.47  
 225 P	 42.88  
 226 Q	 57.45  
 227 G	 32.07  
 228 N	 39.13  
 229 R	 49.47  
 230 T	 25.68  
 231 P	 28.96  
 232 G	 29.00  
 233 Y	 7.67  
 234 V	 4.52  
 235 A	 11.75  
 236 R	 17.07  
 237 P	 25.68  
 238 I	 8.57  
 239 T	 16.35  
 240 P	 33.82  
 241 H	 39.76  
 242 G	 54.03  
 243 N	 38.09  
 244 P	 55.05  
 245 K	 64.33  
 246 P	 28.98  
 247 Q	 68.35  
 248 N	 38.92  
 249 Y	 9.03  
 250 Q	 35.09  
 251 I	 3.80  
 252 G	 17.03  
 253 G	 39.30  
 254 G	 18.77  
 255 W	 13.10  
 256 N	 23.99  
 257 P	 24.09  
 258 Y	 18.79  
 259 A	 24.26  
 260 N	 43.08  
 261 P	 18.95  
 262 P	 46.88  
 263 S	 49.56  
 264 A	 21.37  
 265 K	 59.78  
 266 D	 58.46  
 267 A	 8.57  
 268 P	 38.30  
 269 A	 22.05  
 270 T	 18.27  
 271 V	 8.65  
 272 R	 31.00  
 273 D	 51.03  
 274 N	 35.45  
 275 R	 54.99  
 276 S	 33.22  
 277 P	 30.99  
 278 S	 57.05  
 279 R	 28.46  
 280 P	 49.28  
 281 R	 57.09  
 282 G	 40.88  
 283 D	 34.85  
 284 F	 8.43  
 285 R	 44.31  
 286 R	 43.62  
 287 D	 50.78  
 288 R	 34.48  
 289 S	 36.48  
 290 Q	 37.73  
 291 S	 33.65  
 292 R	 40.48  
 293 G	 32.77  
 294 A	 19.87  
 295 E	 41.74  
 296 T	 27.67  
 297 H	 10.01  
 298 C	 5.27  
 299 Q	 27.87  
 300 Q	 49.88  
 301 S	 10.39  
 302 Y	 22.24  
 303 Q	 42.63  
 304 P	 20.15  
 305 P	 33.50  
 306 A	 37.42  
 307 D	 50.66  
 308 P	 33.74  
 309 L	 9.47  
 310 Q	 49.84  
 311 D	 59.20  
 312 R	 25.26  
 313 S	 38.09  
 314 R	 50.98  
 315 N	 52.02  
 316 G	 30.27  
 317 R	 49.92  
 318 S	 34.45  
 319 P	 22.87  
 320 P	 34.77  
 321 M	 12.57  
 322 G	 26.50  
 323 T	 17.60  
 324 H	 13.57  
 325 S	 20.45  
 326 H	 24.12  
 327 Y	 24.34  
 328 G	 14.61  
 329 Q	 39.27  
 330 N	 45.64  
 331 A	 16.01  
 332 K	 48.73  
 333 P	 36.35  
 334 A	 18.11  
 335 Q	 67.88  
 336 N	 48.03  
 337 G	 27.06  
 338 N	 46.05  
 339 T	 20.48  
 340 S	 28.24  
 341 H	 20.32  
 342 Y	 19.20  
 343 E	 32.08  
 344 L	 4.80  
 345 R	 20.34  
 346 S	 47.43  
 347 R	 24.76  
 348 S	 40.09  
 349 R	 37.19  
 350 G	 25.48  
 351 R	 26.44  
 352 A	 18.77  
 353 T	 24.63  
 354 V	 4.06  
 355 P	 13.12  
 356 M	 6.86  
 357 N	 26.18  
 358 A	 15.41  
 359 N	 23.18  
 360 F	 5.42  
 361 R	 39.19  
 362 A	 18.71  
 363 G	 14.80  
 364 H	 22.50  
 365 Q	 46.79  
 366 T	 33.10  
 367 G	 20.96  
 368 S	 28.64  
 369 S	 22.33  
 370 S	 42.45  
 371 R	 44.41  
 372 L	 8.28  
 373 E	 42.89  
 374 S	 39.90  
 375 R	 22.31  
 376 S	 35.23  
 377 R	 34.54  
 378 A	 14.57  
 379 T	 20.53  
 380 A	 10.96  
 381 S	 19.41  
 382 V	 6.88  
 383 G	 13.57  
 384 A	 11.42  
 385 R	 40.89  
 386 A	 13.09  
 387 P	 20.85  
 388 S	 39.84  
 389 R	 43.46  
 390 A	 14.67  
 391 P	 43.52  
 392 A	 18.67  
 393 P	 27.96  
 394 S	 48.64  
 395 S	 29.37  
 396 T	 35.82  
 397 S	 30.02  
 398 R	 49.77  
 399 E	 48.63  
 400 T	 28.89  
 401 R	 31.14  
 402 S	 33.41  
 403 T	 27.15  
 404 R	 38.02  
 405 R	 53.67  
 406 S	 30.18  
 407 P	 37.94  
 408 S	 52.03  
 409 K	 77.54  
 410 G	 26.23  
 411 P	 30.93  
 412 S	 56.40  
 413 A	 8.89  
 414 P	 30.09  
 415 A	 15.06  
 416 Y	 14.03  
 417 T	 30.02  
 418 L	 1.84  
 419 P	 20.31  
 420 F	 22.74  
 421 G	 27.48  
 422 G	 28.82  
 423 S	 40.86  
 424 T	 31.24  
 425 P	 41.71  
 426 N	 52.85  
 427 H	 41.56  
 428 E	 49.30  
 429 P	 17.65  
 430 M	 9.28  
 431 D	 47.94  
 432 L	 7.05  
 433 E	 45.94  
 434 L	 13.54  
 435 E	 51.39  
 436 D	 63.22  
 437 P	 31.01  
 438 V	 20.13  
 439 P	 38.27  
 440 P	 37.45  
 441 P	 55.13  
 442 R	 52.07  
 443 P	 47.97  
 444 D	 74.60  
 445 R	 25.86  
 446 P	 43.50  
 447 R	 41.90  
 448 A	 21.61  
 449 S	 21.58  
 450 T	 35.93  
 451 S	 19.68  
 452 L	 9.09  
 453 N	 30.03  
 454 T	 35.48  
 455 S	 20.78  
 456 V	 4.61  
 457 S	 26.42  
 458 Q	 42.96  
 459 I	 3.35  
 460 K	 41.35  
 461 R	 46.28  
 462 N	 49.11  
 463 E	 39.78  
 464 V	 7.63  
 465 Q	 26.76  
 466 T	 33.52  
 467 G	 11.65  
 468 V	 3.62  
 469 Y	 13.25  
 470 N	 22.76  
 471 I	 3.58  
 472 R	 20.05  
 473 P	 23.64  
 474 Q	 48.61  
 475 R	 30.65  
 476 V	 5.20  
 477 Q	 42.73  
 478 D	 46.09  
 479 T	 14.03  
 480 V	 8.06  
 481 Q	 35.46  
 482 K	 35.18  
 483 A	 9.28  
 484 R	 30.19  
 485 T	 30.47  
 486 A	 6.28  
 487 V	 6.27  
 488 G	 12.24  
 489 Y	 8.68  
 490 A	 13.62  
 491 G	 19.41  
 492 T	 19.32  
 493 R	 35.33  
 494 N	 48.93  
 495 R	 36.04  
 496 S	 31.66  
 497 P	 32.00  
 498 L	 9.01  
 499 R	 40.20  
 500 E	 59.59  
 501 A	 18.19  
 502 D	 50.16  
 503 A	 24.30  
 504 E	 50.94  
 505 E	 39.38  
 506 I	 2.08  
 507 A	 16.17  
 508 A	 16.19  
 509 T	 16.87  
 510 E	 47.48  
 511 A	 21.34  
 512 L	 4.04  
 513 K	 53.80  
 514 N	 45.19  
 515 R	 21.22  
 516 F	 14.85  
 517 A	 12.46  
 518 V	 5.49  
 519 K	 30.88  
 520 S	 29.37  
 521 R	 40.54  
 522 G	 36.80  
 523 T	 24.71  
 524 A	 16.78  
 525 K	 50.70  
 526 A	 17.46  
 527 K	 47.60  
 528 A	 29.55  
 529 N	 38.83  
 530 S	 32.53  
 531 N	 46.33  
 532 R	 35.63  
 533 G	 21.32  
 534 A	 7.53  
 535 A	 18.59  
 536 L	 5.59  
 537 L	 4.09  
 538 E	 50.98  
 539 S	 32.02  
 540 I	 5.55  
 541 E	 56.18  
 542 P	 33.05  
 543 T	 34.56  
 544 N	 54.70  
 545 R	 43.75  
 546 K	 47.14  
 547 I	 5.26  
 548 E	 45.03  
 549 T	 42.73  
 550 A	 12.12  
 551 E	 66.07  
 552 E	 64.77  
 553 R	 53.17  
 554 E	 68.81  
 555 K	 66.92  
 556 K	 49.97  
 557 Q	 60.79  
 558 N	 50.57  
 559 D	 33.91  
 560 L	 7.44  
 561 Y	 18.71  
 562 L	 7.11  
 563 E	 31.11  
 564 K	 41.22  
 565 M	 3.73  
 566 R	 42.17  
 567 K	 42.49  
 568 I	 4.92  
 569 R	 48.36  
 570 E	 57.95  
 571 K	 30.76  
 572 Q	 50.90  
 573 R	 51.78  
 574 L	 8.04  
 575 E	 59.90  
 576 Q	 62.97  
 577 E	 42.47  
 578 K	 51.64  
 579 I	 5.56  
 580 D	 54.44  
 581 D	 38.29  
 582 V	 3.92  
 583 V	 5.21  
 584 V	 4.94  
 585 D	 38.94  
 586 S	 20.26  
 587 G	 34.92  
 588 N	 46.96  
 589 L	 4.52  
 590 P	 26.26  
 591 T	 32.70  
 592 I	 5.91  
 593 A	 8.18  
 594 P	 27.43  
 595 N	 33.14  
 596 A	 13.25  
 597 A	 29.09  
 598 G	 36.02  
 599 T	 28.09  
 600 P	 37.34  
 601 P	 39.12  
 602 P	 40.04  
 603 Q	 57.20  
 604 S	 21.35  
 605 V	 3.11  
 606 A	 7.75  
 607 A	 10.84  
 608 M	 2.92  
 609 L	 9.75  
 610 E	 41.04  
 611 P	 45.45  
 612 K	 65.81  
 613 E	 76.96  
 614 E	 70.36  
 615 S	 47.58  
 616 E	 73.14  
 617 E	 76.56  
 618 D	 69.89  
 619 E	 44.42  
 620 P	 56.05  
 621 S	 32.71  
 622 T	 38.74  
 623 S	 23.92  
 624 A	 18.03  
 625 S	 30.04  
 626 V	 5.72  
 627 P	 19.70  
 628 F	 9.16  
 629 Q	 26.46  
 630 R	 39.95  
 631 R	 20.18  
 632 M	 6.75  
 633 N	 49.04  
 634 S	 14.72  
 635 P	 37.78  
 636 Q	 45.82  
 637 T	 19.50  
 638 H	 23.05  
 639 A	 11.13  
 640 T	 18.05  
 641 S	 19.99  
 642 Y	 10.36  
 643 A	 10.52  
 644 R	 30.33  
 645 R	 30.81  
 646 S	 45.20  
 647 D	 65.89  
 648 G	 30.09  
 649 K	 53.15  
 650 R	 53.10  
 651 H	 34.18  
 652 P	 47.70  
 653 S	 36.82  
 654 K	 55.10  
 655 S	 41.55  
 656 R	 42.25  
 657 S	 36.49  
 658 S	 38.32  
 659 R	 51.61  
 660 D	 52.26  
 661 D	 50.94  
 662 R	 37.74  
 663 A	 22.37  
 664 N	 40.17  
 665 R	 40.67  
 666 R	 43.02  
 667 D	 54.30  
 668 R	 38.77  
 669 D	 64.13  
 670 R	 46.34  
 671 D	 56.20  
 672 S	 42.74  
 673 D	 53.50  
 674 G	 30.63  
 675 R	 26.66  
 676 C	 9.54  
 677 G	 38.19  
 678 D	 50.28  
 679 D	 31.13  
 680 R	 40.03  
 681 R	 56.21  
 682 R	 45.01  
 683 D	 39.48  
 684 H	 31.19  
 685 R	 40.73  
 686 S	 25.95  
 687 H	 28.99  
 688 P	 33.65  
 689 Y	 21.85  
 690 E	 49.05  
 691 R	 34.67  
 692 H	 30.05  
