 1 M	 4.58  
 2 I	 5.08  
 3 H	 28.64  
 4 T	 17.54  
 5 P	 19.76  
 6 R	 45.81  
 7 K	 55.86  
 8 L	 2.24  
 9 C	 3.59  
 10 S	 42.53  
 11 L	 5.09  
 12 F	 2.99  
 13 Q	 55.94  
 14 N	 21.21  
 15 F	 4.39  
 16 Q	 46.67  
 17 L	 7.09  
 18 G	 16.37  
 19 T	 33.45  
 20 R	 32.96  
 21 E	 43.94  
 22 I	 2.68  
 23 F	 5.02  
 24 F	 7.28  
 25 V	 3.61  
 26 K	 44.57  
 27 T	 30.07  
 28 T	 30.12  
 29 E	 53.04  
 30 D	 57.35  
 31 R	 25.58  
 32 F	 9.07  
 33 H	 22.37  
 34 S	 16.60  
 35 I	 2.78  
 36 F	 5.03  
 37 L	 2.46  
 38 S	 20.85  
 39 A	 20.65  
 40 Y	 24.49  
 41 K	 41.66  
 42 P	 36.25  
 43 N	 47.95  
 44 K	 53.23  
 45 F	 9.23  
 46 I	 3.18  
 47 S	 22.10  
 48 S	 18.41  
 49 I	 2.10  
 50 F	 3.58  
 51 V	 3.29  
 52 C	 0.95  
 53 C	 3.93  
 54 N	 30.57  
 55 S	 11.89  
 56 F	 3.29  
 57 L	 5.51  
 58 L	 3.28  
 59 L	 5.20  
 60 N	 38.60  
 61 F	 6.95  
 62 V	 6.15  
 63 E	 31.47  
 64 S	 23.19  
 65 F	 3.28  
 66 L	 6.80  
 67 F	 8.72  
 68 Y	 24.25  
 69 K	 36.27  
 70 K	 47.17  
 71 E	 29.23  
 72 I	 6.78  
 73 R	 26.91  
 74 L	 4.35  
 75 F	 4.74  
 76 F	 9.39  
 77 L	 3.04  
 78 N	 42.09  
 79 N	 37.20  
 80 L	 7.18  
 81 S	 39.19  
 82 T	 38.75  
 83 K	 49.40  
 84 N	 38.83  
 85 H	 46.13  
 86 Q	 43.98  
 87 P	 26.45  
 88 N	 33.36  
 89 F	 7.70  
 90 L	 4.44  
 91 L	 2.75  
 92 V	 2.31  
 93 C	 2.32  
 94 R	 34.89  
 95 R	 22.00  
 96 F	 4.11  
 97 S	 18.35  
 98 L	 6.68  
 99 R	 27.90  
 100 T	 41.63  
 101 D	 28.88  
 102 V	 4.11  
 103 F	 3.73  
 104 F	 4.10  
 105 I	 2.06  
 106 V	 2.34  
 107 V	 5.11  
 108 K	 31.25  
 109 L	 4.41  
 110 E	 33.29  
 111 F	 8.97  
 112 T	 11.93  
 113 V	 5.52  
 114 Y	 10.09  
 115 G	 15.69  
 116 F	 2.54  
 117 L	 4.62  
 118 R	 39.77  
 119 S	 32.80  
 120 P	 28.57  
 121 F	 11.37  
 122 P	 28.87  
 123 L	 7.36  
 124 S	 21.87  
 125 A	 20.68  
 126 S	 17.31  
 127 I	 3.51  
 128 S	 20.73  
 129 I	 3.42  
 130 F	 3.58  
 131 N	 27.55  
 132 Q	 19.94  
 133 Y	 13.77  
 134 Y	 5.16  
 135 L	 2.85  
 136 Q	 21.68  
 137 I	 5.27  
 138 Q	 20.86  
 139 K	 45.58  
 140 S	 9.82  
 141 M	 5.11  
 142 F	 7.88  
 143 L	 2.70  
 144 Q	 21.54  
 145 S	 25.93  
 146 A	 7.62  
 147 T	 27.14  
 148 L	 2.32  
 149 V	 2.30  
 150 I	 1.93  
 151 I	 1.41  
 152 T	 15.89  
 153 L	 3.06  
 154 L	 2.31  
 155 P	 34.18  
 156 L	 5.57  
 157 F	 5.27  
 158 S	 50.59  
 159 G	 20.65  
 160 L	 5.50  
 161 E	 37.19  
 162 V	 7.49  
 163 R	 19.60  
 164 R	 43.47  
 165 R	 25.35  
 166 R	 33.40  
 167 S	 22.33  
 168 V	 8.12  
 169 A	 7.14  
 170 P	 23.88  
 171 F	 9.70  
 172 L	 5.34  
 173 G	 25.32  
 174 S	 41.97  
 175 G	 37.66  
 176 G	 25.46  
 177 S	 36.19  
 178 Q	 42.73  
 179 P	 32.39  
 180 T	 27.82  
 181 G	 18.64  
 182 M	 3.10  
 183 L	 3.57  
 184 I	 4.85  
 185 S	 14.36  
 186 P	 33.43  
 187 E	 58.67  
 188 L	 4.26  
 189 W	 5.31  
 190 H	 20.77  
 191 C	 4.31  
 192 G	 18.82  
 193 S	 44.15  
 194 E	 42.31  
 195 G	 35.69  
 196 S	 21.83  
 197 T	 33.52  
 198 R	 35.54  
 199 N	 33.32  
 200 Y	 11.97  
 201 T	 16.83  
 202 Y	 5.93  
 203 Q	 23.82  
 204 A	 9.54  
 205 T	 10.68  
 206 V	 5.64  
 207 R	 35.14  
 208 D	 44.32  
 209 C	 1.40  
 210 P	 36.35  
 211 S	 36.65  
 212 L	 1.96  
 213 A	 8.60  
 214 A	 20.13  
 215 A	 11.86  
 216 L	 3.74  
 217 N	 22.79  
 218 H	 14.64  
 219 C	 1.31  
 220 C	 2.87  
 221 A	 13.93  
 222 I	 1.98  
 223 H	 13.31  
 224 D	 41.38  
 225 D	 17.24  
 226 C	 5.25  
 227 Y	 25.60  
 228 G	 29.76  
 229 Q	 18.48  
 230 Q	 47.70  
 231 K	 55.46  
 232 G	 36.22  
 233 Q	 54.75  
 234 E	 65.41  
 235 K	 38.81  
 236 C	 7.34  
 237 D	 70.35  
 238 E	 63.56  
 239 D	 40.00  
 240 F	 3.39  
 241 C	 10.10  
 242 E	 34.52  
 243 C	 4.04  
 244 N	 16.88  
 245 R	 32.38  
 246 M	 1.94  
 247 V	 2.25  
 248 T	 19.69  
 249 R	 27.53  
 250 L	 4.49  
 251 P	 34.18  
 252 T	 51.79  
 253 E	 47.70  
 254 E	 71.01  
 255 G	 22.44  
 256 Y	 15.36  
 257 K	 28.27  
 258 C	 2.42  
 259 R	 24.10  
 260 A	 19.24  
 261 A	 7.65  
 262 A	 17.77  
 263 D	 39.04  
 264 D	 34.16  
 265 A	 7.20  
 266 C	 2.90  
 267 L	 3.73  
 268 I	 2.03  
 269 L	 1.41  
 270 A	 6.36  
 271 V	 4.56  
 272 L	 4.91  
 273 G	 15.08  
 274 W	 3.90  
 275 S	 15.15  
 276 A	 13.06  
 277 Y	 18.89  
 278 G	 31.42  
 279 D	 22.49  
 280 S	 27.63  
 281 N	 48.76  
 282 Y	 19.24  
 283 T	 39.49  
 284 D	 38.21  
 285 P	 34.22  
 286 T	 59.40  
 287 K	 42.22  
 288 P	 40.95  
 289 S	 33.75  
 290 A	 20.76  
 291 N	 31.80  
 292 V	 4.56  
 293 L	 3.40  
 294 V	 7.95  
 295 T	 15.96  
 296 P	 27.99  
 297 E	 53.74  
 298 T	 43.22  
 299 V	 4.01  
 300 P	 37.38  
 301 K	 51.46  
 302 M	 4.95  
 303 E	 53.97  
 304 S	 32.42  
 305 D	 33.24  
 306 F	 4.94  
 307 M	 3.97  
 308 N	 35.50  
 309 L	 3.25  
 310 Y	 10.90  
 311 S	 30.83  
 312 K	 26.18  
 313 C	 2.27  
 314 P	 34.70  
 315 Y	 23.04  
 316 A	 6.01  
 317 N	 23.18  
 318 I	 2.25  
 319 T	 18.97  
 320 L	 2.67  
 321 A	 8.23  
 322 S	 19.51  
 323 C	 3.80  
 324 A	 16.11  
 325 N	 54.77  
 326 N	 17.18  
 327 F	 8.33  
 328 D	 42.85  
 329 L	 1.44  
 330 C	 2.65  
 331 A	 17.42  
 332 V	 3.77  
 333 V	 1.16  
 334 H	 18.59  
 335 S	 16.27  
 336 V	 3.84  
 337 D	 35.60  
 338 F	 3.87  
 339 C	 2.75  
 340 A	 16.74  
 341 N	 43.92  
 342 D	 31.95  
 343 L	 1.84  
 344 C	 2.30  
 345 H	 13.81  
 346 C	 2.56  
 347 M	 1.36  
 348 L	 5.02  
 349 D	 19.49  
 350 A	 14.79  
 351 A	 19.25  
 352 E	 57.32  
 353 S	 35.54  
 354 D	 50.84  
 355 D	 54.92  
 356 I	 6.52  
 357 H	 41.97  
 358 K	 51.07  
 359 K	 50.20  
 360 E	 45.06  
 361 C	 8.96  
 362 S	 19.58  
 363 P	 42.27  
 364 A	 8.54  
 365 V	 4.56  
 366 A	 8.38  
 367 H	 20.92  
 368 T	 8.24  
 369 C	 1.56  
 370 R	 28.96  
 371 A	 13.57  
 372 V	 2.20  
 373 L	 3.88  
 374 R	 22.50  
 375 H	 27.74  
 376 S	 23.07  
 377 S	 26.13  
 378 D	 42.33  
 379 V	 5.34  
 380 L	 4.26  
 381 A	 11.62  
 382 S	 22.41  
 383 R	 29.55  
 384 S	 25.91  
 385 V	 5.91  
 386 T	 22.57  
 387 R	 33.63  
 388 N	 24.09  
 389 F	 3.70  
 390 I	 2.25  
 391 I	 1.00  
 392 I	 1.57  
 393 A	 5.62  
 394 L	 2.09  
 395 L	 1.88  
 396 V	 3.39  
 397 L	 2.43  
 398 A	 8.10  
 399 A	 8.98  
 400 A	 10.11  
 401 S	 20.32  
 402 V	 6.71  
 403 G	 14.38  
 404 F	 7.82  
 405 G	 18.69  
 406 L	 2.53  
 407 F	 3.19  
 408 F	 4.38  
 409 M	 2.33  
 410 Y	 6.04  
 411 T	 13.59  
 412 R	 9.98  
 413 V	 6.56  
 414 A	 15.73  
 415 G	 32.17  
 416 E	 52.14  
 417 R	 43.08  
 418 K	 57.79  
 419 K	 62.19  
 420 V	 10.18  
 421 E	 70.66  
 422 E	 65.06  
 423 G	 15.48  
 424 K	 46.17  
 425 Y	 18.07  
 426 L	 4.37  
 427 Q	 23.48  
 428 I	 2.44  
 429 H	 15.76  
 430 T	 27.83  
 431 V	 3.19  
 432 E	 39.58  
 433 S	 25.33  
 434 A	 8.34  
 435 R	 50.87  
 436 S	 26.43  
 437 V	 7.73  
 438 N	 23.81  
 439 P	 23.41  
 440 L	 6.74  
 441 L	 3.61  
 442 L	 5.37  
 443 S	 30.29  
 444 A	 26.88  
 445 D	 56.53  
