 1 M	 10.14  
 2 S	 46.30  
 3 E	 54.03  
 4 S	 31.59  
 5 S	 21.13  
 6 S	 55.40  
 7 N	 45.87  
 8 L	 12.14  
 9 N	 36.55  
 10 P	 44.57  
 11 D	 75.47  
 12 G	 28.53  
 13 T	 41.66  
 14 E	 61.79  
 15 F	 9.26  
 16 P	 50.33  
 17 D	 61.01  
 18 P	 38.88  
 19 N	 71.00  
 20 D	 60.74  
 21 V	 11.02  
 22 P	 37.64  
 23 P	 44.92  
 24 P	 44.26  
 25 S	 60.63  
 26 E	 56.39  
 27 D	 53.80  
 28 Q	 46.35  
 29 L	 11.43  
 30 T	 31.53  
 31 E	 59.09  
 32 E	 55.57  
 33 D	 44.89  
 34 L	 3.12  
 35 F	 9.98  
 36 R	 27.23  
 37 M	 2.40  
 38 R	 25.02  
 39 S	 22.11  
 40 L	 3.83  
 41 T	 21.25  
 42 I	 7.13  
 43 N	 42.41  
 44 S	 31.71  
 45 K	 46.50  
 46 K	 65.98  
 47 G	 27.24  
 48 L	 4.89  
 49 S	 24.35  
 50 V	 5.80  
 51 V	 5.42  
 52 G	 24.64  
 53 G	 17.83  
 54 A	 9.77  
 55 S	 38.46  
 56 E	 52.05  
 57 T	 32.76  
 58 A	 14.58  
 59 E	 52.89  
 60 Q	 37.15  
 61 S	 17.25  
 62 I	 2.18  
 63 I	 3.15  
 64 S	 18.81  
 65 L	 4.29  
 66 A	 11.25  
 67 D	 58.71  
 68 S	 28.29  
 69 T	 28.39  
 70 S	 39.18  
 71 N	 48.77  
 72 F	 13.45  
 73 D	 49.71  
 74 E	 36.01  
 75 H	 30.61  
 76 V	 9.40  
 77 G	 29.05  
 78 D	 51.35  
 79 D	 35.69  
 80 A	 24.80  
 81 E	 49.52  
 82 L	 10.22  
 83 D	 26.77  
 84 Y	 34.73  
 85 E	 45.56  
 86 L	 4.87  
 87 E	 32.53  
 88 Q	 74.88  
 89 A	 8.43  
 90 P	 31.30  
 91 E	 71.84  
 92 A	 18.41  
 93 T	 32.71  
 94 E	 62.59  
 95 D	 46.10  
 96 G	 17.65  
 97 A	 17.88  
 98 V	 6.06  
 99 V	 5.93  
 100 N	 40.25  
 101 N	 20.83  
 102 P	 19.99  
 103 V	 5.28  
 104 C	 3.55  
 105 G	 39.67  
 106 G	 13.96  
 107 Y	 4.54  
 108 H	 23.20  
 109 F	 8.35  
 110 G	 22.38  
 111 R	 25.09  
 112 K	 52.93  
 113 R	 41.72  
 114 A	 24.61  
 115 D	 54.64  
 116 D	 45.52  
 117 F	 11.50  
 118 V	 4.61  
 119 P	 33.92  
 120 N	 40.29  
 121 A	 13.65  
 122 N	 41.54  
 123 T	 18.36  
 124 V	 3.32  
 125 T	 20.34  
 126 V	 4.50  
 127 L	 3.33  
 128 K	 46.95  
 129 W	 10.78  
 130 P	 15.15  
 131 T	 41.57  
 132 N	 24.32  
 133 L	 5.14  
 134 A	 17.82  
 135 I	 5.63  
 136 P	 19.05  
 137 P	 42.44  
 138 R	 55.52  
 139 N	 36.48  
 140 P	 29.70  
 141 V	 10.24  
 142 L	 5.06  
 143 S	 34.99  
 144 D	 56.82  
 145 S	 43.47  
 146 D	 63.93  
 147 E	 70.48  
 148 E	 70.37  
 149 W	 12.85  
 150 K	 35.29  
 151 K	 41.55  
 152 A	 12.12  
 153 I	 6.36  
 154 L	 5.20  
 155 D	 37.31  
 156 S	 17.17  
 157 T	 17.20  
 158 I	 2.81  
 159 Y	 7.73  
 160 L	 2.29  
 161 I	 2.30  
 162 G	 17.79  
 163 T	 15.23  
 164 A	 9.12  
 165 H	 27.61  
 166 F	 11.78  
 167 S	 26.16  
 168 K	 61.51  
 169 E	 57.36  
 170 S	 42.48  
 171 Q	 52.58  
 172 E	 70.43  
 173 D	 41.32  
 174 V	 4.71  
 175 S	 40.35  
 176 N	 39.10  
 177 T	 12.34  
 178 I	 2.89  
 179 R	 27.02  
 180 A	 10.63  
 181 V	 6.44  
 182 Q	 30.75  
 183 P	 30.34  
 184 D	 31.51  
 185 F	 4.41  
 186 V	 5.81  
 187 M	 2.13  
 188 L	 3.70  
 189 E	 30.17  
 190 L	 4.60  
 191 C	 1.78  
 192 P	 38.99  
 193 S	 41.05  
 194 R	 16.30  
 195 I	 3.99  
 196 S	 16.86  
 197 I	 2.22  
 198 I	 1.92  
 199 S	 20.64  
 200 M	 3.68  
 201 D	 39.34  
 202 E	 27.35  
 203 A	 11.80  
 204 R	 33.83  
 205 L	 8.76  
 206 L	 3.47  
 207 S	 39.85  
 208 E	 60.76  
 209 A	 13.79  
 210 K	 59.71  
 211 D	 59.12  
 212 L	 7.00  
 213 N	 53.15  
 214 S	 39.90  
 215 Q	 39.63  
 216 K	 41.41  
 217 I	 1.87  
 218 I	 3.43  
 219 Q	 38.73  
 220 T	 18.87  
 221 M	 2.11  
 222 K	 43.96  
 223 Q	 42.65  
 224 N	 36.02  
 225 G	 22.89  
 226 A	 9.85  
 227 I	 4.01  
 228 Q	 32.13  
 229 G	 20.50  
 230 I	 1.06  
 231 L	 2.67  
 232 H	 13.27  
 233 V	 3.45  
 234 L	 2.51  
 235 L	 3.02  
 236 L	 3.36  
 237 S	 15.62  
 238 M	 4.07  
 239 S	 16.31  
 240 A	 7.79  
 241 H	 17.74  
 242 V	 5.58  
 243 T	 14.46  
 244 R	 41.59  
 245 E	 35.51  
 246 L	 3.70  
 247 S	 14.24  
 248 M	 9.02  
 249 A	 9.01  
 250 P	 42.55  
 251 G	 38.43  
 252 G	 29.79  
 253 E	 37.56  
 254 F	 7.92  
 255 R	 26.94  
 256 A	 16.97  
 257 A	 6.61  
 258 H	 20.94  
 259 R	 21.37  
 260 A	 9.09  
 261 A	 7.45  
 262 V	 7.08  
 263 A	 12.41  
 264 T	 22.57  
 265 E	 44.59  
 266 N	 17.97  
 267 C	 2.58  
 268 R	 32.91  
 269 V	 4.55  
 270 V	 2.27  
 271 L	 5.59  
 272 G	 19.78  
 273 D	 49.36  
 274 R	 28.55  
 275 P	 26.55  
 276 I	 5.54  
 277 Q	 25.48  
 278 V	 6.29  
 279 T	 10.78  
 280 L	 3.22  
 281 Q	 21.16  
 282 R	 34.38  
 283 A	 8.43  
 284 L	 3.47  
 285 A	 13.87  
 286 S	 24.41  
 287 L	 3.42  
 288 S	 21.20  
 289 I	 5.68  
 290 W	 7.05  
 291 Q	 29.63  
 292 K	 22.35  
 293 I	 2.51  
 294 R	 29.38  
 295 F	 9.75  
 296 F	 2.73  
 297 F	 4.10  
 298 H	 12.58  
 299 V	 4.93  
 300 A	 7.52  
 301 F	 6.51  
 302 S	 16.34  
 303 H	 35.15  
 304 R	 45.78  
 305 E	 43.30  
 306 K	 45.36  
 307 I	 3.65  
 308 T	 38.80  
 309 A	 17.90  
 310 E	 54.66  
 311 E	 47.41  
 312 V	 4.18  
 313 E	 56.49  
 314 R	 37.80  
 315 C	 2.52  
 316 K	 55.37  
 317 Q	 47.98  
 318 R	 23.26  
 319 D	 53.78  
 320 L	 6.54  
 321 L	 4.64  
 322 E	 46.62  
 323 Q	 41.57  
 324 L	 3.41  
 325 L	 3.66  
 326 A	 17.08  
 327 E	 34.57  
 328 M	 4.05  
 329 A	 12.53  
 330 D	 57.69  
 331 D	 47.81  
 332 F	 4.23  
 333 P	 40.99  
 334 Q	 54.46  
 335 L	 4.07  
 336 S	 18.91  
 337 Q	 41.55  
 338 I	 3.62  
 339 F	 4.36  
 340 V	 8.80  
 341 E	 36.24  
 342 E	 51.03  
 343 R	 21.98  
 344 D	 45.38  
 345 A	 11.39  
 346 Y	 13.56  
 347 M	 2.07  
 348 T	 7.42  
 349 H	 15.12  
 350 A	 7.04  
 351 L	 1.57  
 352 H	 14.33  
 353 M	 4.32  
 354 L	 1.72  
 355 V	 2.87  
 356 H	 21.17  
 357 R	 29.64  
 358 N	 35.21  
 359 S	 31.45  
 360 V	 13.20  
 361 E	 36.32  
 362 K	 51.37  
 363 R	 20.64  
 364 A	 18.90  
 365 Q	 43.71  
 366 W	 6.24  
 367 L	 2.11  
 368 R	 37.14  
 369 G	 26.01  
 370 T	 22.71  
 371 T	 35.50  
 372 G	 21.09  
 373 Q	 38.53  
 374 Q	 40.04  
 375 F	 6.58  
 376 Q	 27.96  
 377 P	 31.15  
 378 L	 3.84  
 379 T	 21.44  
 380 V	 3.24  
 381 V	 2.56  
 382 A	 5.97  
 383 V	 2.47  
 384 V	 3.13  
 385 G	 17.35  
 386 I	 2.17  
 387 G	 16.82  
 388 H	 27.28  
 389 T	 20.28  
 390 P	 25.49  
 391 G	 37.32  
 392 I	 3.04  
 393 V	 8.16  
 394 N	 41.53  
 395 K	 30.81  
 396 W	 16.21  
 397 N	 25.51  
 398 T	 32.22  
 399 N	 28.72  
 400 I	 5.41  
 401 D	 43.92  
 402 F	 10.37  
 403 D	 31.51  
 404 P	 33.24  
 405 L	 4.40  
 406 M	 5.34  
 407 N	 51.83  
 408 I	 3.18  
 409 P	 29.73  
 410 P	 27.58  
 411 P	 36.51  
 412 S	 45.25  
 413 L	 14.41  
 414 G	 28.03  
 415 T	 29.36  
 416 K	 39.21  
 417 V	 4.62  
 418 F	 6.04  
 419 S	 27.52  
 420 T	 28.38  
 421 G	 12.90  
 422 V	 3.70  
 423 R	 19.82  
 424 I	 2.45  
 425 V	 1.76  
 426 V	 4.45  
 427 W	 4.63  
 428 G	 11.03  
 429 S	 11.69  
 430 L	 4.63  
 431 G	 19.67  
 432 Y	 8.08  
 433 L	 2.99  
 434 A	 5.40  
 435 Y	 13.75  
 436 R	 35.17  
 437 G	 19.77  
 438 G	 13.57  
 439 R	 27.60  
 440 A	 17.63  
 441 I	 2.79  
 442 F	 4.69  
 443 N	 37.01  
 444 R	 17.02  
 445 V	 7.11  
 446 S	 17.86  
 447 T	 26.27  
 448 F	 4.55  
 449 I	 4.81  
 450 E	 35.95  
 451 S	 38.17  
 452 R	 37.46  
