 1 M	 7.78  
 2 S	 22.96  
 3 Y	 14.97  
 4 R	 18.72  
 5 V	 3.77  
 6 F	 2.60  
 7 S	 28.65  
 8 R	 25.95  
 9 V	 15.09  
 10 D	 26.86  
 11 P	 27.76  
 12 H	 39.39  
 13 V	 4.95  
 14 P	 28.93  
 15 S	 33.62  
 16 T	 24.83  
 17 S	 27.23  
 18 T	 42.31  
 19 A	 9.67  
 20 P	 28.44  
 21 Q	 46.87  
 22 R	 40.08  
 23 R	 32.14  
 24 F	 13.39  
 25 Q	 36.54  
 26 E	 58.14  
 27 N	 36.67  
 28 L	 6.03  
 29 Q	 61.80  
 30 K	 56.89  
 31 F	 4.41  
 32 K	 56.16  
 33 R	 41.38  
 34 F	 12.74  
 35 F	 13.12  
 36 P	 20.65  
 37 P	 44.45  
 38 N	 66.37  
 39 A	 19.75  
 40 P	 29.11  
 41 P	 37.40  
 42 T	 43.36  
 43 L	 4.53  
 44 W	 9.84  
 45 E	 36.44  
 46 V	 2.31  
 47 C	 2.29  
 48 S	 45.83  
 49 S	 27.90  
 50 K	 33.18  
 51 Q	 57.75  
 52 R	 50.19  
 53 S	 24.89  
 54 K	 63.09  
 55 S	 45.91  
 56 L	 5.95  
 57 K	 62.12  
 58 N	 51.96  
 59 T	 18.61  
 60 F	 13.63  
 61 Q	 34.41  
 62 T	 32.05  
 63 E	 21.15  
 64 V	 5.01  
 65 R	 22.98  
 66 A	 13.54  
 67 L	 2.90  
 68 R	 46.71  
 69 G	 26.31  
 70 L	 3.73  
 71 N	 33.11  
 72 F	 6.34  
 73 T	 14.79  
 74 V	 5.11  
 75 L	 3.30  
 76 L	 5.43  
 77 N	 33.42  
 78 P	 41.25  
 79 Y	 15.70  
 80 K	 40.13  
 81 N	 40.45  
 82 Y	 11.61  
 83 L	 5.86  
 84 N	 31.70  
 85 D	 52.88  
 86 L	 3.13  
 87 T	 36.66  
 88 N	 39.23  
 89 L	 4.45  
 90 S	 33.65  
 91 G	 28.87  
 92 F	 5.74  
 93 T	 29.67  
 94 F	 6.85  
 95 D	 44.93  
 96 D	 45.19  
 97 L	 2.22  
 98 C	 2.60  
 99 Q	 51.21  
 100 A	 10.33  
 101 L	 1.70  
 102 R	 27.87  
 103 F	 5.57  
 104 F	 3.57  
 105 A	 9.61  
 106 F	 5.25  
 107 Y	 17.30  
 108 R	 25.36  
 109 K	 47.80  
 110 Q	 25.08  
 111 P	 36.12  
 112 V	 11.01  
 113 L	 6.83  
 114 K	 39.76  
 115 S	 36.93  
 116 N	 35.95  
 117 M	 6.78  
 118 E	 59.22  
 119 D	 43.88  
 120 A	 9.70  
 121 N	 59.84  
 122 E	 51.51  
 123 L	 2.80  
 124 F	 4.94  
 125 R	 37.50  
 126 L	 2.76  
 127 I	 2.01  
 128 A	 11.71  
 129 S	 10.00  
 130 C	 1.30  
 131 I	 2.83  
 132 I	 3.46  
 133 Y	 4.98  
 134 S	 27.57  
 135 N	 29.66  
 136 D	 50.56  
 137 N	 34.09  
 138 W	 10.48  
 139 R	 25.39  
 140 A	 11.49  
 141 S	 23.81  
 142 I	 8.25  
 143 D	 36.04  
 144 K	 43.61  
 145 S	 24.19  
 146 T	 36.22  
 147 L	 4.18  
 148 V	 5.53  
 149 D	 45.07  
 150 T	 17.16  
 151 L	 3.86  
 152 S	 16.33  
 153 M	 3.98  
 154 N	 32.11  
 155 I	 3.83  
 156 L	 5.97  
 157 E	 43.26  
 158 K	 36.95  
 159 Q	 46.71  
 160 R	 59.71  
 161 L	 3.90  
 162 K	 63.52  
 163 N	 58.00  
 164 L	 6.07  
 165 K	 62.50  
 166 Q	 59.99  
 167 E	 55.43  
 168 S	 36.36  
 169 S	 43.21  
 170 E	 71.57  
 171 Q	 58.35  
 172 K	 62.51  
 173 D	 34.23  
 174 P	 34.74  
 175 I	 13.30  
 176 Y	 12.27  
 177 P	 21.60  
 178 P	 28.92  
 179 L	 5.35  
 180 F	 10.37  
 181 Q	 66.00  
 182 D	 43.98  
 183 D	 48.85  
 184 E	 71.51  
 185 L	 5.01  
 186 P	 31.09  
 187 S	 53.82  
 188 V	 4.58  
 189 P	 19.66  
 190 I	 4.34  
 191 Q	 26.47  
 192 I	 3.43  
 193 G	 16.70  
 194 R	 39.95  
 195 L	 5.96  
 196 K	 54.07  
 197 D	 69.44  
 198 R	 44.01  
 199 E	 69.41  
 200 K	 54.96  
 201 V	 4.44  
 202 P	 44.42  
 203 I	 10.03  
 204 P	 29.31  
 205 P	 46.30  
 206 P	 34.96  
 207 P	 35.16  
 208 C	 8.61  
 209 R	 52.07  
 210 N	 62.49  
 211 D	 20.04  
 212 F	 7.64  
 213 S	 18.87  
 214 M	 3.84  
 215 R	 36.42  
 216 Q	 33.55  
 217 F	 7.78  
 218 N	 31.73  
 219 P	 38.11  
 220 L	 15.81  
 221 E	 63.71  
 222 D	 57.19  
 223 E	 35.13  
 224 H	 38.57  
 225 L	 4.00  
 226 R	 33.56  
 227 S	 19.53  
 228 M	 2.14  
 229 H	 29.01  
 230 L	 3.52  
 231 W	 4.35  
 232 N	 26.73  
 233 H	 13.03  
 234 V	 9.39  
 235 G	 9.28  
 236 C	 3.97  
 237 N	 46.47  
 238 D	 56.03  
 239 A	 12.35  
 240 K	 42.07  
 241 F	 15.94  
 242 N	 57.43  
 243 G	 31.26  
 244 P	 29.09  
 245 F	 11.99  
 246 E	 52.64  
 247 R	 41.97  
 248 T	 20.11  
 249 I	 3.18  
 250 K	 28.12  
 251 M	 3.03  
 252 M	 4.36  
 253 S	 28.82  
 254 K	 34.34  
 255 N	 40.68  
 256 N	 28.47  
 257 V	 7.00  
 258 A	 8.13  
 259 I	 4.44  
 260 R	 28.10  
 261 S	 32.56  
 262 K	 45.46  
 263 D	 42.02  
 264 R	 45.21  
 265 R	 48.99  
 266 L	 5.51  
 267 S	 37.49  
 268 D	 41.69  
 269 V	 4.59  
 270 E	 37.72  
 271 Y	 16.76  
 272 Y	 12.42  
 273 G	 30.30  
 274 D	 38.94  
 275 N	 40.08  
 276 E	 66.71  
 277 D	 70.86  
 278 L	 2.69  
 279 P	 49.88  
 280 S	 39.66  
 281 T	 22.68  
 282 H	 20.31  
 283 I	 4.16  
 284 S	 9.19  
 285 F	 9.95  
 286 R	 30.69  
 287 L	 5.61  
 288 D	 34.62  
 289 S	 24.87  
 290 V	 2.57  
 291 M	 2.88  
 292 Q	 36.71  
 293 L	 1.54  
 294 I	 2.45  
 295 N	 38.74  
 296 F	 8.97  
 297 D	 55.22  
 298 F	 6.09  
 299 P	 38.26  
 300 K	 59.74  
 301 I	 7.75  
 302 E	 57.06  
 303 D	 59.10  
 304 D	 40.68  
 305 G	 37.39  
 306 Y	 16.21  
 307 F	 11.70  
 308 S	 21.04  
 309 K	 42.41  
 310 E	 38.83  
 311 C	 6.18  
 312 L	 6.46  
 313 D	 48.22  
 314 S	 14.04  
 315 A	 9.90  
 316 W	 6.39  
 317 Y	 10.10  
 318 L	 2.78  
 319 Y	 6.09  
 320 E	 47.03  
 321 N	 22.21  
 322 Y	 8.70  
 323 Q	 31.70  
 324 T	 22.33  
 325 A	 7.44  
 326 L	 3.87  
 327 H	 26.14  
 328 E	 34.12  
 329 C	 2.59  
 330 T	 20.41  
 331 T	 31.28  
 332 A	 3.39  
 333 F	 5.39  
 334 A	 8.05  
 335 V	 2.85  
 336 I	 4.99  
 337 R	 30.40  
 338 P	 19.11  
 339 P	 39.30  
 340 S	 43.52  
 341 G	 36.20  
 342 R	 37.30  
 343 T	 36.56  
 344 I	 4.96  
 345 K	 38.18  
 346 P	 37.29  
 347 G	 33.94  
 348 F	 8.04  
 349 V	 8.98  
 350 E	 44.06  
 351 D	 52.69  
 352 G	 16.06  
 353 L	 7.83  
 354 T	 37.42  
 355 T	 34.54  
 356 D	 50.06  
 357 E	 37.54  
 358 C	 5.41  
 359 S	 41.05  
 360 E	 51.75  
 361 F	 2.28  
 362 H	 10.98  
 363 M	 3.55  
 364 M	 2.99  
 365 G	 15.50  
 366 R	 14.00  
 367 H	 15.63  
 368 I	 3.07  
 369 H	 22.38  
 370 G	 25.18  
 371 F	 2.09  
 372 F	 7.29  
 373 Q	 31.44  
 374 V	 4.37  
 375 W	 7.38  
 376 R	 38.27  
 377 E	 48.84  
 378 E	 44.42  
 379 D	 50.03  
 380 R	 50.26  
 381 G	 39.86  
 382 W	 11.19  
 383 R	 40.05  
 384 E	 41.89  
 385 S	 42.16  
 386 N	 51.84  
 387 G	 34.19  
 388 K	 49.63  
 389 W	 13.52  
 390 V	 2.77  
 391 P	 17.57  
 392 R	 30.20  
 393 R	 24.06  
 394 Y	 16.62  
 395 L	 2.37  
 396 V	 2.89  
 397 D	 34.75  
 398 I	 2.64  
 399 Y	 9.02  
 400 N	 20.67  
 401 H	 8.91  
 402 I	 2.44  
 403 M	 1.89  
 404 F	 4.74  
 405 P	 13.91  
 406 L	 5.43  
 407 F	 5.60  
 408 V	 10.44  
 409 K	 27.84  
 410 W	 10.70  
 411 E	 34.93  
 412 L	 8.72  
 413 W	 3.54  
 414 P	 30.02  
 415 S	 34.49  
 416 T	 28.42  
 417 L	 5.24  
 418 K	 36.24  
 419 W	 12.79  
 420 A	 10.94  
 421 F	 8.93  
 422 D	 41.03  
 423 K	 30.22  
 424 Y	 13.02  
 425 S	 22.36  
 426 L	 3.40  
 427 Y	 14.26  
 428 G	 15.04  
 429 L	 2.10  
 430 R	 24.79  
 431 L	 3.42  
 432 M	 1.75  
 433 S	 18.69  
 434 M	 1.40  
 435 I	 2.48  
 436 R	 23.39  
 437 R	 34.61  
 438 H	 20.67  
 439 P	 27.77  
 440 Q	 48.09  
 441 E	 60.73  
 442 L	 3.63  
 443 L	 3.98  
 444 N	 59.53  
 445 A	 27.01  
 446 G	 24.21  
 447 E	 48.64  
 448 N	 45.53  
 449 L	 3.43  
 450 F	 6.19  
 451 S	 33.79  
 452 R	 39.79  
 453 Y	 14.11  
 454 P	 17.73  
 455 S	 20.17  
 456 H	 29.90  
 457 L	 7.14  
 458 L	 5.93  
 459 E	 52.94  
 460 S	 26.95  
 461 N	 36.84  
 462 R	 37.80  
 463 Y	 21.90  
 464 D	 22.71  
 465 M	 2.58  
 466 S	 29.99  
 467 T	 26.37  
 468 T	 24.97  
 469 K	 56.83  
 470 G	 31.51  
 471 R	 28.74  
 472 N	 43.44  
 473 Q	 38.90  
 474 Y	 13.23  
 475 L	 1.69  
 476 S	 20.56  
 477 A	 8.08  
 478 I	 3.44  
 479 Q	 32.62  
 480 M	 4.94  
 481 E	 34.67  
 482 N	 35.94  
 483 N	 25.47  
 484 R	 41.22  
 485 V	 7.69  
 486 V	 7.97  
 487 D	 32.08  
 488 K	 31.08  
 489 H	 18.09  
 490 M	 3.95  
 491 H	 20.51  
 492 S	 14.75  
 493 S	 22.42  
 494 A	 14.43  
 495 Y	 12.24  
 496 K	 36.21  
 497 L	 3.66  
 498 L	 3.97  
 499 I	 8.69  
 500 E	 50.43  
 501 E	 59.79  
 502 D	 43.01  
 503 G	 28.42  
 504 R	 47.77  
 505 R	 54.74  
 506 R	 41.59  
 507 K	 64.06  
 508 R	 59.71  
 509 K	 60.50  
 510 P	 54.05  
 511 K	 71.84  
 512 D	 55.73  
 513 E	 47.55  
 514 A	 20.44  
 515 L	 3.93  
 516 L	 7.17  
 517 G	 14.10  
 518 V	 4.77  
 519 A	 10.36  
 520 A	 14.41  
 521 K	 23.63  
 522 V	 7.65  
 523 R	 38.00  
 524 T	 30.36  
 525 P	 24.43  
 526 R	 40.89  
 527 K	 52.99  
 528 V	 8.48  
 529 L	 10.30  
 530 E	 48.11  
 531 P	 27.08  
 532 P	 30.63  
 533 L	 9.28  
 534 F	 10.63  
 535 A	 16.55  
 536 P	 19.44  
 537 T	 34.48  
 538 R	 26.33  
 539 F	 7.55  
 540 I	 3.35  
 541 S	 18.61  
 542 S	 33.15  
 543 S	 41.77  
 544 T	 36.13  
 545 P	 32.50  
 546 K	 53.13  
 547 Q	 36.76  
 548 R	 33.07  
 549 A	 11.62  
 550 L	 5.40  
 551 L	 3.61  
 552 V	 8.75  
 553 Q	 47.52  
 554 K	 40.88  
 555 E	 50.37  
 556 N	 61.61  
 557 L	 8.18  
 558 E	 59.05  
 559 K	 46.70  
 560 T	 17.57  
 561 M	 3.92  
 562 I	 3.84  
 563 N	 26.44  
 564 Q	 37.86  
 565 V	 5.10  
 566 P	 13.25  
 567 P	 43.78  
 568 V	 4.19  
 569 V	 9.00  
 570 N	 47.29  
 571 T	 25.60  
 572 P	 23.36  
 573 P	 57.51  
 574 S	 36.22  
 575 P	 35.75  
 576 Q	 58.56  
 577 Q	 42.28  
 578 T	 24.03  
 579 A	 7.31  
 580 S	 39.16  
 581 Q	 55.63  
 582 L	 5.94  
 583 K	 47.14  
 584 K	 69.22  
 585 T	 30.16  
 586 P	 32.98  
 587 T	 35.90  
 588 S	 34.83  
 589 A	 21.44  
 590 T	 28.51  
 591 K	 37.22  
 592 R	 32.02  
 593 H	 47.49  
 594 L	 4.77  
 595 P	 34.10  
 596 E	 66.57  
 597 I	 6.64  
 598 E	 36.02  
 599 Q	 67.97  
 600 E	 45.43  
 601 L	 8.06  
 602 K	 51.96  
 603 S	 47.96  
 604 E	 54.92  
 605 S	 40.26  
 606 V	 4.04  
 607 P	 48.61  
 608 A	 27.38  
 609 P	 29.36  
 610 P	 51.83  
 611 P	 56.65  
 612 T	 49.42  
 613 K	 52.86  
 614 K	 40.12  
 615 M	 3.56  
 616 S	 21.52  
 617 I	 2.42  
 618 I	 2.46  
 619 A	 11.78  
 620 D	 39.59  
 621 S	 24.31  
 622 W	 18.65  
 623 D	 39.84  
 624 D	 31.92  
 625 H	 27.23  
 626 V	 11.33  
 627 G	 19.64  
 628 N	 36.77  
 629 S	 22.95  
 630 M	 9.72  
 631 E	 61.12  
 632 E	 44.77  
 633 E	 35.59  
 634 H	 35.29  
 635 V	 13.22  
 636 D	 60.17  
 637 E	 58.64  
 638 K	 63.19  
 639 D	 61.04  
 640 S	 50.62  
 641 E	 67.56  
 642 K	 52.09  
 643 M	 6.41  
 644 E	 70.25  
 645 D	 48.79  
 646 S	 28.75  
 647 E	 71.38  
 648 G	 40.19  
 649 R	 22.35  
 650 Q	 60.74  
 651 N	 28.40  
 652 V	 4.05  
 653 W	 12.01  
 654 V	 2.38  
 655 P	 18.03  
 656 Q	 43.33  
 657 D	 56.05  
 658 R	 53.49  
 659 G	 35.12  
 660 K	 48.74  
 661 E	 50.15  
 662 Y	 30.83  
 663 A	 11.40  
 664 P	 28.46  
 665 E	 48.31  
 666 Q	 35.81  
 667 Y	 11.27  
 668 A	 11.45  
 669 R	 30.63  
 670 D	 37.74  
 671 I	 3.12  
 672 I	 2.90  
 673 E	 30.85  
 674 H	 18.53  
 675 Y	 8.87  
 676 I	 1.70  
 677 P	 16.83  
 678 A	 12.93  
 679 A	 16.45  
 680 R	 44.89  
 681 D	 54.65  
 682 H	 30.32  
 683 P	 33.25  
 684 P	 55.88  
 685 Q	 53.54  
 686 P	 40.31  
 687 Q	 64.26  
 688 Q	 60.18  
 689 P	 37.81  
 690 P	 38.51  
 691 P	 50.14  
 692 P	 57.66  
 693 L	 10.20  
 694 P	 53.05  
 695 T	 52.18  
 696 P	 45.26  
 697 K	 70.86  
 698 P	 28.91  
 699 P	 48.84  
 700 R	 60.61  
 701 R	 57.03  
 702 R	 38.48  
 703 K	 58.06  
 704 S	 44.65  
 705 G	 35.72  
 706 Q	 53.20  
 707 K	 58.56  
 708 T	 26.00  
 709 D	 51.36  
 710 Q	 53.13  
 711 T	 43.41  
 712 T	 18.62  
 713 P	 34.91  
 714 S	 38.46  
 715 S	 41.88  
 716 D	 53.41  
 717 A	 19.06  
 718 E	 54.82  
 719 A	 18.96  
 720 S	 27.12  
 721 S	 55.45  
 722 D	 40.67  
 723 P	 48.92  
 724 A	 26.47  
 725 P	 35.49  
 726 P	 46.99  
 727 V	 4.98  
 728 P	 28.60  
 729 A	 25.32  
 730 A	 7.95  
 731 P	 25.55  
 732 V	 8.90  
 733 A	 7.07  
 734 P	 28.07  
 735 V	 6.04  
 736 V	 2.32  
 737 P	 23.30  
 738 I	 3.78  
 739 V	 1.85  
 740 P	 23.68  
 741 I	 3.66  
 742 V	 3.11  
 743 P	 21.30  
 744 V	 5.73  
 745 H	 16.15  
 746 P	 29.65  
 747 V	 4.60  
 748 P	 46.69  
 749 L	 5.39  
 750 P	 36.75  
 751 N	 64.15  
 752 G	 30.91  
 753 S	 20.87  
 754 V	 11.09  
 755 N	 52.97  
 756 T	 23.49  
 757 P	 33.95  
 758 K	 55.09  
 759 V	 7.52  
 760 K	 40.10  
 761 T	 29.20  
 762 I	 2.83  
 763 A	 14.36  
 764 K	 42.42  
 765 T	 19.37  
 766 T	 16.26  
 767 A	 12.57  
 768 R	 19.51  
 769 V	 5.66  
 770 L	 2.01  
 771 Y	 12.90  
 772 S	 21.70  
 773 I	 4.82  
 774 K	 25.57  
 775 P	 35.35  
 776 Q	 56.68  
 777 I	 6.25  
 778 P	 14.70  
 779 P	 39.70  
 780 I	 5.75  
 781 A	 19.76  
 782 N	 41.05  
 783 K	 30.28  
 784 T	 25.69  
 785 V	 5.62  
 786 Y	 13.93  
 787 P	 27.41  
 788 V	 4.71  
 789 K	 37.25  
 790 K	 58.80  
 791 L	 7.64  
 792 T	 23.54  
 793 P	 35.25  
 794 S	 30.43  
 795 V	 8.48  
 796 V	 4.57  
 797 P	 30.47  
 798 S	 18.58  
 799 P	 14.04  
 800 M	 6.80  
 801 I	 2.83  
 802 L	 5.66  
 803 N	 30.64  
 804 G	 29.44  
 805 N	 26.01  
 806 T	 27.12  
 807 A	 12.74  
 808 T	 26.15  
 809 A	 19.58  
 810 S	 25.92  
 811 P	 47.02  
 812 S	 35.73  
 813 K	 54.73  
 814 N	 45.11  
 815 A	 12.59  
 816 A	 16.55  
 817 S	 17.03  
 818 V	 3.86  
 819 V	 2.87  
 820 V	 3.51  
 821 R	 15.51  
 822 N	 26.20  
 823 A	 8.32  
 824 Y	 16.33  
 825 T	 12.34  
 826 F	 4.46  
 827 S	 19.91  
 828 L	 5.66  
 829 Q	 41.34  
 830 Q	 49.52  
 831 K	 38.07  
 832 A	 7.93  
 833 P	 35.90  
 834 Y	 27.26  
 835 Y	 5.88  
 836 P	 19.25  
 837 A	 14.32  
 838 G	 14.23  
 839 M	 7.82  
 840 R	 34.86  
 841 P	 37.78  
 842 K	 50.78  
 843 P	 41.73  
 844 T	 40.57  
 845 Q	 55.46  
 846 N	 56.75  
 847 G	 14.86  
 848 I	 7.55  
 849 E	 57.57  
 850 T	 32.42  
 851 P	 16.21  
 852 P	 51.38  
 853 T	 46.48  
 854 G	 27.65  
 855 A	 9.77  
 856 Q	 38.14  
 857 S	 24.49  
 858 L	 1.47  
 859 M	 3.12  
 860 R	 28.23  
 861 A	 6.48  
 862 A	 8.11  
 863 F	 7.23  
 864 Y	 13.55  
 865 S	 26.60  
 866 E	 41.51  
 867 S	 28.91  
 868 H	 24.57  
 869 P	 38.49  
 870 T	 38.05  
 871 R	 40.50  
 872 S	 25.68  
 873 P	 33.80  
 874 L	 6.81  
 875 V	 3.78  
 876 P	 31.08  
 877 Y	 18.73  
 878 G	 15.82  
 879 F	 6.51  
 880 V	 4.56  
 881 P	 18.52  
 882 P	 24.07  
 883 V	 8.10  
 884 A	 13.92  
 885 T	 24.36  
 886 S	 20.04  
 887 S	 22.85  
 888 T	 28.55  
 889 F	 7.19  
 890 V	 2.98  
 891 P	 16.40  
 892 A	 16.37  
 893 A	 10.45  
 894 T	 35.21  
 895 I	 2.45  
 896 P	 29.88  
 897 S	 29.28  
 898 P	 28.97  
 899 A	 18.91  
 900 S	 26.15  
 901 R	 31.92  
 902 A	 10.79  
 903 I	 3.23  
 904 A	 9.70  
 905 H	 29.29  
 906 Q	 28.75  
 907 K	 28.01  
 908 Q	 22.61  
 909 M	 6.23  
 910 L	 2.86  
 911 L	 6.64  
 912 N	 31.72  
 913 T	 32.42  
 914 E	 44.85  
 915 T	 14.85  
 916 C	 1.81  
 917 R	 41.47  
 918 R	 31.09  
 919 V	 2.71  
 920 M	 2.73  
 921 P	 19.10  
 922 F	 7.31  
 923 N	 20.08  
 924 I	 2.79  
 925 Q	 20.46  
 926 M	 4.13  
 927 A	 7.92  
 928 F	 10.58  
 929 K	 28.24  
 930 P	 25.31  
 931 R	 53.57  
 932 R	 51.15  
 933 W	 16.92  
 934 D	 32.80  
 935 P	 43.53  
 936 L	 8.49  
 937 P	 39.61  
 938 K	 66.01  
 939 S	 30.31  
 940 S	 38.76  
 941 G	 26.08  
 942 V	 4.63  
 943 L	 3.96  
 944 A	 11.14  
 945 H	 24.29  
 946 S	 27.20  
 947 N	 33.05  
 948 S	 30.63  
 949 T	 30.16  
 950 I	 2.02  
 951 P	 24.27  
 952 Y	 12.83  
 953 V	 2.16  
 954 Q	 34.51  
 955 R	 35.50  
 956 V	 3.13  
 957 P	 36.15  
 958 N	 52.83  
 959 N	 40.12  
 960 S	 34.17  
 961 T	 33.93  
 962 Q	 40.60  
 963 S	 38.51  
 964 D	 33.48  
 965 F	 16.34  
 966 R	 30.61  
 967 P	 35.94  
 968 R	 46.18  
 969 S	 31.75  
 970 F	 10.33  
 971 S	 29.69  
 972 Q	 44.18  
 973 N	 36.93  
 974 S	 16.07  
 975 V	 8.84  
 976 A	 15.04  
 977 S	 21.31  
 978 P	 32.31  
 979 A	 15.47  
 980 P	 40.24  
 981 A	 21.59  
 982 P	 40.83  
 983 V	 6.57  
 984 P	 24.39  
 985 N	 55.31  
 986 A	 11.56  
 987 I	 4.54  
 988 K	 42.89  
 989 R	 33.60  
 990 R	 37.64  
 991 E	 59.83  
 992 V	 6.13  
 993 G	 29.06  
 994 N	 49.85  
 995 L	 4.36  
 996 K	 47.82  
 997 S	 27.99  
 998 R	 30.20  
 999 Q	 51.14  
 1000 Y	 13.84  
 1001 V	 2.10  
 1002 P	 16.30  
 1003 W	 7.71  
 1004 I	 1.81  
 1005 A	 12.22  
 1006 N	 23.93  
 1007 S	 15.20  
 1008 R	 31.57  
 1009 A	 13.25  
 1010 L	 2.34  
 1011 V	 3.12  
 1012 A	 7.14  
 1013 A	 7.12  
 1014 A	 4.38  
 1015 M	 2.46  
 1016 A	 10.08  
 1017 T	 16.42  
 1018 M	 2.96  
 1019 E	 48.09  
 1020 E	 42.36  
 1021 T	 27.15  
 1022 A	 20.07  
 1023 E	 57.63  
 1024 K	 41.43  
 1025 M	 3.37  
 1026 S	 38.44  
 1027 S	 32.26  
 1028 S	 16.56  
 1029 P	 38.99  
 1030 L	 8.60  
 1031 L	 5.41  
 1032 S	 28.25  
 1033 S	 30.26  
 1034 Q	 46.22  
 1035 A	 9.59  
 1036 P	 17.02  
 1037 M	 5.11  
 1038 T	 18.73  
 1039 T	 18.14  
 1040 L	 2.59  
 1041 M	 3.05  
 1042 P	 44.88  
 1043 T	 34.17  
 1044 P	 33.26  
 1045 P	 50.41  
 1046 P	 38.60  
 1047 P	 57.56  
 1048 A	 20.75  
 1049 P	 44.54  
 1050 A	 17.73  
 1051 P	 24.68  
 1052 A	 21.48  
 1053 Q	 34.49  
 1054 A	 14.67  
 1055 S	 18.11  
 1056 A	 15.45  
 1057 Q	 44.75  
 1058 S	 24.85  
 1059 T	 15.42  
 1060 S	 35.08  
 1061 A	 20.07  
 1062 T	 14.63  
 1063 P	 24.26  
 1064 A	 18.83  
 1065 L	 3.64  
 1066 V	 7.10  
 1067 D	 38.89  
 1068 T	 14.89  
 1069 I	 1.99  
 1070 S	 28.77  
 1071 A	 16.47  
 1072 G	 20.80  
 1073 S	 23.46  
 1074 T	 36.50  
 1075 T	 25.08  
 1076 T	 31.27  
 1077 E	 41.90  
 1078 T	 27.80  
 1079 T	 23.66  
 1080 T	 46.54  
 1081 G	 33.97  
 1082 D	 42.18  
 1083 S	 37.81  
 1084 N	 54.78  
 1085 Q	 48.84  
 1086 S	 56.40  
 1087 N	 32.23  
 1088 P	 34.25  
 1089 P	 38.43  
 1090 L	 7.24  
 1091 R	 31.31  
 1092 T	 38.54  
 1093 Y	 10.38  
 1094 T	 17.14  
 1095 S	 13.40  
 1096 H	 18.97  
 1097 I	 4.91  
 1098 R	 31.22  
 1099 K	 59.47  
 1100 T	 19.66  
 1101 P	 40.96  
 1102 G	 36.24  
 1103 T	 21.60  
 1104 T	 34.25  
 1105 L	 8.26  
 1106 T	 26.93  
 1107 P	 40.09  
 1108 E	 57.94  
 1109 E	 54.17  
 1110 I	 6.04  
 1111 G	 22.90  
 1112 D	 44.47  
 1113 A	 6.48  
 1114 I	 7.15  
 1115 R	 33.87  
 1116 T	 33.60  
 1117 E	 34.72  
 1118 S	 26.49  
 1119 Q	 43.93  
 1120 R	 44.49  
 1121 F	 7.86  
 1122 Q	 50.49  
 1123 E	 62.34  
 1124 D	 60.09  
 1125 G	 33.83  
 1126 D	 70.74  
 1127 E	 73.02  
 1128 G	 28.11  
 1129 P	 31.78  
 1130 T	 51.96  
 1131 V	 5.71  
 1132 K	 37.66  
 1133 S	 21.19  
 1134 F	 6.59  
 1135 L	 3.11  
 1136 M	 2.43  
 1137 N	 36.26  
 1138 I	 2.64  
 1139 Y	 12.97  
 1140 K	 50.49  
