 1 M	 9.23  
 2 T	 25.17  
 3 T	 20.45  
 4 S	 12.05  
 5 Y	 9.34  
 6 I	 2.23  
 7 V	 2.14  
 8 I	 2.56  
 9 E	 29.57  
 10 I	 4.26  
 11 S	 22.91  
 12 E	 74.38  
 13 N	 40.82  
 14 E	 50.55  
 15 N	 57.22  
 16 A	 11.47  
 17 S	 36.44  
 18 D	 47.16  
 19 I	 2.26  
 20 L	 4.42  
 21 N	 31.31  
 22 L	 2.87  
 23 L	 2.99  
 24 M	 2.41  
 25 T	 34.85  
 26 R	 26.62  
 27 T	 24.97  
 28 K	 36.02  
 29 S	 31.82  
 30 R	 33.99  
 31 F	 8.17  
 32 T	 21.96  
 33 I	 2.46  
 34 T	 21.16  
 35 R	 29.69  
 36 D	 44.59  
 37 I	 3.99  
 38 G	 26.59  
 39 E	 32.12  
 40 Y	 13.09  
 41 A	 9.88  
 42 A	 18.58  
 43 E	 48.88  
 44 R	 32.03  
 45 E	 52.34  
 46 Q	 59.51  
 47 L	 4.22  
 48 K	 55.08  
 49 R	 52.34  
 50 S	 25.45  
 51 K	 56.24  
 52 I	 3.64  
 53 C	 6.76  
 54 E	 65.41  
 55 E	 55.75  
 56 K	 31.09  
 57 V	 6.50  
 58 P	 40.79  
 59 A	 30.22  
 60 E	 50.23  
 61 D	 43.69  
 62 T	 27.94  
 63 A	 21.15  
 64 T	 31.44  
 65 K	 44.20  
 66 I	 3.80  
 67 P	 31.28  
 68 T	 40.40  
 69 S	 22.43  
 70 E	 45.67  
 71 C	 5.37  
 72 L	 8.44  
 73 E	 56.76  
 74 P	 23.59  
 75 I	 5.84  
 76 E	 68.68  
 77 Q	 61.38  
 78 P	 29.86  
 79 P	 48.90  
 80 K	 62.75  
 81 K	 45.38  
 82 M	 2.88  
 83 I	 4.93  
 84 R	 21.60  
 85 I	 3.91  
 86 S	 16.93  
 87 P	 46.70  
 88 T	 33.17  
 89 P	 34.76  
 90 P	 48.55  
 91 V	 8.74  
 92 K	 51.63  
 93 D	 53.80  
 94 L	 5.17  
 95 V	 6.57  
 96 P	 31.39  
 97 S	 36.21  
 98 S	 25.38  
 99 F	 7.85  
 100 S	 18.74  
 101 H	 21.71  
 102 I	 5.82  
 103 I	 2.08  
 104 P	 30.85  
 105 K	 52.95  
 106 I	 6.43  
 107 E	 65.14  
 108 E	 50.03  
 109 P	 25.03  
 110 A	 29.29  
 111 S	 48.81  
 112 D	 47.04  
 113 S	 33.20  
 114 Q	 63.52  
 115 T	 20.85  
 116 P	 25.84  
 117 S	 48.47  
 118 L	 6.26  
 119 D	 36.02  
 120 S	 30.47  
 121 M	 4.86  
 122 L	 8.27  
 123 E	 31.46  
 124 S	 41.96  
 125 N	 27.64  
 126 V	 8.62  
 127 N	 45.46  
 128 Q	 39.74  
 129 W	 10.77  
 130 N	 25.22  
 131 N	 35.02  
 132 S	 18.28  
 133 F	 8.78  
 134 I	 5.40  
 135 G	 18.41  
 136 S	 17.07  
 137 S	 25.31  
 138 F	 10.50  
 139 L	 4.42  
 140 D	 45.17  
 141 Q	 43.48  
 142 L	 5.49  
 143 Q	 35.32  
 144 S	 40.56  
 145 S	 17.30  
 146 S	 29.40  
 147 S	 28.20  
 148 M	 3.56  
 149 T	 31.25  
 150 S	 24.61  
 151 T	 13.19  
 152 P	 33.70  
 153 A	 13.79  
 154 V	 9.39  
 155 N	 30.34  
 156 T	 22.20  
 157 S	 16.77  
 158 T	 30.54  
 159 I	 3.59  
 160 T	 29.02  
 161 K	 48.75  
 162 T	 22.92  
 163 P	 31.49  
 164 I	 7.51  
 165 K	 49.49  
 166 R	 35.60  
 167 Q	 47.94  
 168 N	 48.03  
 169 G	 21.30  
 170 A	 10.01  
 171 F	 9.37  
 172 Q	 18.70  
 173 C	 1.46  
 174 H	 12.09  
 175 M	 2.72  
 176 C	 1.08  
 177 G	 15.59  
 178 A	 7.50  
 179 M	 1.64  
 180 I	 1.98  
 181 K	 29.79  
 182 A	 6.00  
 183 Y	 9.64  
 184 H	 19.65  
 185 L	 2.70  
 186 D	 31.25  
 187 Y	 19.76  
 188 Y	 10.29  
 189 K	 43.02  
 190 R	 26.94  
 191 S	 28.90  
 192 N	 32.42  
 193 H	 21.39  
 194 A	 13.49  
 195 I	 1.52  
 196 I	 2.77  
 197 H	 11.86  
 198 T	 22.26  
 199 S	 14.35  
 200 L	 3.36  
 201 Q	 35.58  
 202 R	 28.25  
 203 Y	 8.23  
 204 I	 2.03  
 205 C	 2.05  
 206 P	 30.47  
 207 V	 6.36  
 208 K	 31.50  
 209 N	 29.68  
 210 C	 6.41  
 211 G	 49.47  
 212 T	 27.61  
 213 K	 36.95  
 214 N	 44.84  
 215 R	 28.31  
 216 H	 47.09  
 217 R	 26.87  
 218 S	 24.13  
 219 N	 27.50  
 220 M	 3.34  
 221 V	 3.14  
 222 V	 1.71  
 223 H	 9.70  
 224 A	 9.38  
 225 R	 23.54  
 226 T	 20.03  
 227 V	 2.55  
 228 H	 30.54  
 229 G	 18.50  
 230 L	 3.51  
 231 Q	 55.01  
 232 G	 36.68  
 233 K	 23.46  
 234 V	 15.18  
 235 D	 49.51  
 236 V	 5.56  
 237 K	 37.16  
 238 N	 22.86  
 239 C	 3.23  
 240 L	 13.41  
 241 L	 4.42  
 242 P	 18.84  
 243 H	 55.92  
 244 E	 66.24  
 245 D	 52.19  
 246 E	 63.34  
 247 E	 67.04  
 248 L	 4.29  
 249 K	 35.49  
 250 M	 4.98  
 251 T	 15.69  
 252 V	 3.59  
 253 L	 2.25  
 254 T	 14.04  
 255 C	 4.72  
 256 F	 4.90  
 257 P	 42.02  
 258 E	 34.79  
 259 M	 4.75  
 260 E	 42.80  
 261 Q	 42.46  
 262 T	 15.95  
 263 I	 2.52  
 264 Q	 42.61  
 265 N	 30.88  
 266 M	 2.59  
 267 Q	 49.56  
 268 K	 47.32  
 269 R	 34.39  
 270 E	 69.99  
 271 Q	 57.58  
 272 K	 46.44  
 273 Q	 59.43  
 274 N	 61.03  
 275 D	 51.24  
 276 Q	 59.00  
 277 E	 53.33  
 278 D	 42.88  
 279 A	 24.15  
 280 G	 35.73  
 281 V	 7.34  
 282 E	 52.10  
 283 S	 43.84  
 284 D	 39.67  
 285 E	 65.50  
 286 D	 62.03  
 287 L	 8.48  
 288 G	 45.11  
 289 D	 53.67  
 290 S	 35.83  
 291 S	 49.32  
