 1 M	 12.06  
 2 G	 45.80  
 3 R	 28.58  
 4 K	 57.66  
 5 S	 43.16  
 6 T	 31.20  
 7 K	 66.95  
 8 N	 51.92  
 9 T	 26.61  
 10 P	 51.10  
 11 A	 17.64  
 12 K	 52.02  
 13 N	 35.29  
 14 V	 3.56  
 15 V	 5.42  
 16 A	 14.06  
 17 D	 44.91  
 18 V	 4.80  
 19 P	 43.39  
 20 E	 73.34  
 21 K	 65.45  
 22 D	 56.48  
 23 E	 64.85  
 24 E	 51.23  
 25 V	 5.04  
 26 V	 6.39  
 27 V	 8.97  
 28 P	 17.04  
 29 P	 41.36  
 30 K	 62.16  
 31 T	 28.14  
 32 P	 31.63  
 33 A	 29.79  
 34 R	 55.48  
 35 S	 32.62  
 36 P	 36.16  
 37 K	 52.46  
 38 T	 34.32  
 39 R	 40.94  
 40 A	 26.78  
 41 Q	 32.36  
 42 K	 46.59  
 43 S	 15.91  
 44 L	 4.95  
 45 A	 15.91  
 46 A	 23.42  
 47 G	 22.21  
 48 G	 22.88  
 49 A	 14.97  
 50 T	 24.21  
 51 P	 46.13  
 52 A	 17.54  
 53 P	 42.11  
 54 K	 70.06  
 55 T	 24.51  
 56 P	 53.33  
 57 A	 24.37  
 58 P	 42.11  
 59 K	 75.15  
 60 T	 25.99  
 61 P	 28.13  
 62 S	 47.71  
 63 R	 47.84  
 64 T	 42.80  
 65 T	 23.14  
 66 K	 43.44  
 67 S	 31.41  
 68 T	 24.77  
 69 V	 11.29  
 70 D	 47.24  
 71 T	 19.60  
 72 P	 41.94  
 73 A	 21.95  
 74 P	 42.11  
 75 K	 70.06  
 76 T	 28.91  
 77 P	 26.47  
 78 T	 37.87  
 79 R	 33.48  
 80 A	 18.78  
 81 A	 16.99  
 82 K	 52.99  
 83 T	 19.31  
 84 P	 28.35  
 85 V	 9.26  
 86 V	 6.34  
 87 K	 49.37  
 88 T	 13.42  
 89 P	 25.22  
 90 A	 27.16  
 91 A	 19.91  
 92 K	 58.09  
 93 T	 24.61  
 94 P	 41.18  
 95 A	 31.08  
 96 K	 51.15  
 97 K	 63.02  
 98 A	 12.84  
 99 P	 52.98  
 100 G	 29.08  
 101 V	 4.14  
 102 Q	 42.57  
 103 T	 31.79  
 104 V	 2.12  
 105 P	 31.35  
 106 S	 46.19  
 107 S	 42.86  
 108 D	 72.21  
 109 E	 70.07  
 110 E	 72.22  
 111 E	 65.76  
 112 E	 74.23  
 113 D	 58.94  
 114 D	 62.88  
 115 E	 54.12  
 116 L	 6.35  
 117 Q	 35.59  
 118 V	 10.27  
 119 V	 2.17  
 120 K	 40.11  
 121 S	 16.35  
 122 V	 8.22  
 123 A	 9.57  
 124 P	 36.43  
 125 S	 22.60  
 126 V	 7.17  
 127 E	 40.89  
 128 V	 9.92  
 129 A	 12.05  
 130 K	 66.93  
 131 K	 61.70  
 132 E	 70.59  
 133 E	 71.61  
 134 E	 62.59  
 135 N	 54.24  
 136 D	 56.24  
 137 T	 41.20  
 138 V	 9.54  
 139 E	 55.01  
 140 E	 51.73  
 141 S	 26.09  
 142 S	 52.97  
 143 D	 76.30  
 144 D	 58.33  
 145 E	 66.90  
 146 E	 63.80  
 147 I	 8.31  
 148 E	 64.48  
 149 E	 76.12  
 150 E	 39.24  
 151 K	 63.41  
 152 S	 37.08  
 153 T	 61.18  
 154 S	 41.64  
 155 P	 40.34  
 156 K	 60.70  
 157 K	 51.30  
 158 V	 8.55  
 159 A	 20.96  
 160 K	 38.72  
 161 V	 5.28  
 162 N	 36.62  
 163 A	 28.72  
 164 D	 49.65  
 165 D	 60.80  
 166 E	 56.22  
 167 G	 36.72  
 168 S	 18.28  
 169 I	 6.72  
 170 Q	 46.43  
 171 D	 54.65  
 172 A	 10.84  
 173 K	 59.67  
 174 D	 52.15  
 175 Q	 54.99  
 176 A	 14.33  
 177 P	 20.64  
 178 Q	 55.11  
 179 A	 9.17  
 180 I	 1.77  
 181 S	 30.48  
 182 A	 19.79  
 183 L	 5.04  
 184 K	 47.45  
 185 K	 46.71  
 186 F	 7.20  
 187 F	 13.58  
 188 A	 29.95  
 189 E	 51.78  
 190 K	 67.96  
 191 N	 54.13  
 192 E	 55.90  
 193 K	 62.95  
 194 S	 29.12  
 195 L	 12.22  
 196 F	 7.06  
 197 P	 42.83  
 198 D	 38.77  
 199 I	 4.43  
 200 D	 29.99  
 201 Y	 17.21  
 202 A	 6.04  
 203 L	 5.58  
 204 N	 23.30  
 205 L	 4.54  
 206 S	 16.02  
 207 V	 8.37  
 208 T	 26.67  
 209 Y	 17.79  
 210 K	 30.77  
 211 K	 34.40  
 212 S	 22.28  
 213 A	 16.42  
 214 I	 5.71  
 215 T	 24.84  
 216 T	 21.88  
 217 D	 46.73  
 218 Q	 53.65  
 219 G	 36.14  
 220 K	 34.88  
 221 I	 7.73  
 222 K	 36.96  
 223 I	 6.71  
 224 K	 51.46  
 225 L	 5.41  
 226 P	 17.87  
 227 H	 52.84  
 228 S	 27.42  
 229 T	 25.38  
 230 R	 45.08  
 231 N	 41.23  
 232 I	 3.66  
 233 N	 49.64  
 234 N	 29.90  
 235 T	 20.32  
 236 S	 18.68  
 237 V	 2.58  
 238 C	 1.39  
 239 V	 3.83  
 240 I	 2.54  
 241 M	 0.76  
 242 P	 28.08  
 243 D	 45.56  
 244 L	 5.49  
 245 D	 54.00  
 246 Q	 50.97  
 247 S	 28.96  
 248 D	 44.93  
 249 A	 21.82  
 250 A	 16.65  
 251 K	 54.97  
 252 R	 45.14  
 253 D	 43.31  
 254 F	 15.28  
 255 D	 52.54  
 256 V	 11.34  
 257 E	 47.42  
 258 K	 54.12  
 259 Q	 33.93  
 260 S	 43.14  
 261 R	 40.77  
 262 E	 57.18  
 263 W	 14.49  
 264 A	 11.94  
 265 E	 56.49  
 266 K	 36.10  
 267 I	 4.73  
 268 E	 53.62  
 269 V	 8.19  
 270 D	 19.83  
 271 H	 38.04  
 272 G	 26.62  
 273 L	 2.83  
 274 T	 28.58  
 275 S	 23.92  
 276 A	 7.90  
 277 H	 21.95  
 278 I	 4.11  
 279 A	 5.29  
 280 K	 37.33  
 281 I	 4.34  
 282 L	 4.56  
 283 T	 31.37  
 284 K	 43.02  
 285 R	 48.21  
 286 E	 50.73  
 287 V	 7.51  
 288 E	 33.35  
 289 R	 36.25  
 290 I	 1.77  
 291 A	 8.66  
 292 H	 27.62  
 293 T	 24.20  
 294 Y	 13.81  
 295 K	 58.91  
 296 D	 40.98  
 297 K	 39.47  
 298 R	 47.22  
 299 S	 33.75  
 300 L	 5.18  
 301 A	 10.90  
 302 S	 32.56  
 303 T	 20.38  
 304 Y	 13.96  
 305 D	 25.44  
 306 V	 3.51  
 307 F	 5.02  
 308 L	 4.60  
 309 S	 26.93  
 310 D	 51.57  
 311 G	 19.99  
 312 R	 32.51  
 313 V	 6.93  
 314 Y	 10.60  
 315 N	 37.15  
 316 S	 17.15  
 317 V	 5.54  
 318 K	 35.00  
 319 S	 24.45  
 320 F	 9.63  
 321 L	 14.30  
 322 G	 25.99  
 323 K	 46.96  
 324 E	 46.22  
 325 F	 5.95  
 326 Y	 14.16  
 327 R	 35.22  
 328 A	 8.63  
 329 H	 24.21  
 330 K	 36.24  
 331 C	 2.76  
 332 P	 48.12  
 333 L	 7.82  
 334 P	 11.20  
 335 F	 12.01  
 336 V	 4.71  
 337 Y	 15.93  
 338 Q	 39.48  
 339 K	 26.99  
 340 P	 15.38  
 341 I	 8.02  
 342 S	 21.95  
 343 T	 32.16  
 344 A	 10.58  
 345 I	 4.20  
 346 E	 33.71  
 347 N	 37.86  
 348 A	 5.90  
 349 L	 7.71  
 350 R	 24.06  
 351 T	 18.38  
 352 V	 2.91  
 353 V	 3.94  
 354 Y	 7.69  
 355 P	 14.05  
 356 L	 2.39  
 357 R	 24.15  
 358 R	 31.42  
 359 Y	 8.10  
 360 M	 1.59  
 361 V	 2.78  
 362 R	 14.07  
 363 S	 15.82  
 364 C	 1.48  
 365 V	 7.39  
 366 N	 38.08  
 367 V	 2.26  
 368 G	 12.71  
 369 H	 23.62  
 370 L	 5.70  
 371 G	 21.46  
 372 Q	 40.34  
 373 S	 26.20  
 374 S	 20.22  
 375 A	 31.25  
 376 D	 61.29  
 377 L	 8.19  
 378 K	 49.62  
 379 E	 67.71  
 380 N	 35.53  
 381 I	 5.01  
 382 D	 42.20  
 383 T	 24.16  
 384 V	 6.03  
 385 L	 6.35  
 386 E	 37.77  
 387 K	 39.14  
 388 I	 3.70  
 389 A	 17.63  
 390 S	 37.96  
 391 K	 35.11  
 392 C	 3.33  
 393 P	 50.07  
 394 G	 54.01  
 395 G	 12.02  
 396 F	 6.11  
 397 A	 17.51  
 398 N	 28.13  
 399 I	 3.07  
 400 R	 19.46  
 401 S	 16.28  
 402 I	 2.06  
 403 Y	 10.59  
 404 L	 4.38  
 405 G	 13.18  
 406 A	 11.23  
 407 S	 45.13  
 408 D	 69.47  
 409 G	 41.08  
 410 K	 36.10  
 411 P	 46.78  
 412 S	 50.71  
 413 L	 3.97  
 414 P	 21.87  
 415 I	 6.76  
 416 Y	 10.38  
 417 V	 4.82  
 418 D	 36.48  
 419 N	 35.95  
 420 G	 17.75  
 421 S	 37.97  
 422 A	 15.62  
 423 T	 29.62  
 424 E	 33.42  
 425 I	 4.10  
 426 T	 22.06  
 427 L	 4.37  
 428 P	 26.51  
 429 T	 45.24  
 430 G	 23.39  
 431 S	 19.23  
 432 V	 10.62  
 433 R	 42.51  
 434 D	 58.04  
 435 N	 41.26  
 436 N	 47.79  
 437 P	 51.57  
 438 L	 9.46  
 439 K	 61.27  
 440 E	 62.32  
 441 T	 40.41  
 442 S	 35.84  
 443 D	 64.50  
 444 K	 29.83  
 445 C	 4.51  
 446 S	 38.42  
 447 T	 52.35  
 448 L	 1.77  
 449 P	 33.44  
 450 D	 77.50  
 451 G	 27.25  
 452 L	 4.77  
 453 K	 33.86  
 454 I	 5.28  
 455 A	 8.09  
 456 V	 11.59  
 457 R	 19.93  
 458 K	 48.65  
 459 N	 24.72  
 460 A	 16.00  
 461 R	 27.00  
 462 I	 3.12  
 463 R	 23.35  
 464 V	 9.24  
 465 L	 3.45  
 466 K	 51.16  
 467 E	 63.08  
 468 D	 54.73  
 469 T	 36.71  
 470 D	 51.59  
 471 Q	 37.22  
 472 S	 24.48  
 473 V	 5.47  
 474 L	 5.29  
 475 F	 4.46  
 476 P	 29.38  
 477 T	 24.12  
 478 V	 5.65  
 479 H	 36.90  
 480 D	 51.47  
 481 E	 30.34  
 482 H	 40.85  
 483 S	 32.09  
 484 D	 59.41  
 485 R	 33.68  
 486 D	 66.31  
 487 R	 45.57  
 488 L	 15.14  
 489 K	 45.20  
 490 P	 43.35  
 491 K	 59.14  
 492 I	 11.85  
 493 D	 43.14  
 494 P	 37.14  
 495 A	 15.73  
 496 K	 54.19  
 497 V	 11.71  
 498 L	 5.51  
 499 K	 53.42  
 500 K	 56.16  
 501 R	 40.86  
 502 E	 60.46  
 503 R	 47.97  
 504 R	 39.65  
 505 R	 59.30  
 506 K	 69.38  
 507 G	 30.93  
 508 K	 47.52  
 509 D	 60.63  
 510 I	 5.80  
 511 V	 10.19  
 512 K	 39.02  
 513 K	 46.49  
 514 Q	 47.19  
 515 I	 8.57  
 516 K	 29.37  
 517 K	 64.94  
 518 R	 42.98  
 519 L	 18.17  
 520 E	 52.78  
 521 K	 68.91  
 522 K	 50.28  
 523 L	 7.22  
 524 K	 49.20  
 525 R	 45.50  
 526 A	 14.33  
 527 A	 26.73  
 528 D	 63.52  
 529 G	 21.91  
 530 P	 19.73  
 531 I	 9.69  
 532 N	 27.21  
 533 T	 19.97  
 534 I	 2.99  
 535 V	 6.37  
 536 T	 22.69  
 537 K	 44.68  
 538 K	 50.34  
 539 V	 9.07  
 540 K	 53.97  
 541 K	 53.31  
 542 T	 31.70  
 543 A	 26.71  
