 1 M	 7.87  
 2 S	 26.01  
 3 I	 3.50  
 4 S	 23.33  
 5 G	 23.96  
 6 L	 1.60  
 7 F	 6.26  
 8 I	 3.35  
 9 L	 5.03  
 10 D	 41.33  
 11 L	 7.39  
 12 K	 48.37  
 13 G	 39.19  
 14 N	 24.24  
 15 V	 5.73  
 16 V	 3.69  
 17 I	 2.52  
 18 S	 11.67  
 19 R	 32.83  
 20 N	 24.86  
 21 Y	 18.18  
 22 R	 38.08  
 23 G	 29.00  
 24 D	 25.01  
 25 V	 8.08  
 26 D	 28.19  
 27 M	 3.37  
 28 S	 13.89  
 29 C	 3.60  
 30 I	 5.17  
 31 E	 44.56  
 32 K	 27.35  
 33 F	 3.85  
 34 M	 3.19  
 35 P	 26.19  
 36 L	 5.86  
 37 L	 3.73  
 38 V	 15.10  
 39 E	 51.18  
 40 K	 64.09  
 41 E	 48.03  
 42 D	 76.31  
 43 E	 57.02  
 44 G	 40.61  
 45 S	 24.43  
 46 A	 28.80  
 47 S	 19.76  
 48 P	 24.15  
 49 V	 8.92  
 50 L	 3.02  
 51 V	 3.01  
 52 H	 18.91  
 53 Q	 43.36  
 54 G	 8.91  
 55 I	 1.98  
 56 S	 20.46  
 57 Y	 11.14  
 58 T	 16.39  
 59 Y	 6.28  
 60 I	 1.67  
 61 K	 28.21  
 62 Y	 5.60  
 63 M	 2.02  
 64 N	 19.05  
 65 V	 1.92  
 66 Y	 7.17  
 67 L	 2.08  
 68 V	 2.15  
 69 T	 19.55  
 70 I	 4.42  
 71 S	 28.36  
 72 K	 46.31  
 73 K	 63.31  
 74 N	 40.39  
 75 T	 39.48  
 76 N	 28.38  
 77 V	 3.18  
 78 I	 2.09  
 79 L	 2.49  
 80 V	 2.46  
 81 L	 1.91  
 82 S	 14.56  
 83 A	 15.68  
 84 L	 3.93  
 85 Y	 9.82  
 86 K	 40.92  
 87 I	 1.70  
 88 V	 4.49  
 89 E	 33.09  
 90 V	 4.63  
 91 F	 1.33  
 92 C	 5.11  
 93 E	 42.41  
 94 Y	 16.14  
 95 F	 1.97  
 96 K	 51.83  
 97 T	 29.51  
 98 L	 8.87  
 99 E	 60.05  
 100 E	 55.13  
 101 E	 42.99  
 102 A	 12.62  
 103 V	 10.00  
 104 R	 39.96  
 105 D	 46.44  
 106 N	 23.63  
 107 F	 4.97  
 108 V	 3.05  
 109 I	 2.13  
 110 I	 1.51  
 111 Y	 8.75  
 112 E	 32.33  
 113 L	 3.53  
 114 F	 5.09  
 115 D	 53.68  
 116 E	 34.02  
 117 M	 4.72  
 118 L	 4.67  
 119 D	 33.35  
 120 F	 9.95  
 121 G	 32.64  
 122 Y	 7.67  
 123 P	 25.97  
 124 Q	 53.20  
 125 T	 28.20  
 126 T	 32.77  
 127 E	 54.12  
 128 S	 23.93  
 129 K	 41.00  
 130 I	 7.17  
 131 L	 4.60  
 132 Q	 47.21  
 133 E	 35.26  
 134 F	 4.77  
 135 I	 3.15  
 136 T	 21.84  
 137 Q	 44.35  
 138 Q	 42.34  
 139 G	 16.06  
 140 N	 40.81  
 141 R	 40.50  
 142 L	 8.20  
 143 E	 41.86  
 144 T	 26.80  
 145 V	 6.71  
 146 R	 36.70  
 147 P	 20.77  
 148 P	 16.89  
 149 M	 5.33  
 150 A	 15.68  
 151 V	 3.27  
 152 T	 14.12  
 153 N	 31.57  
 154 A	 6.32  
 155 V	 6.47  
 156 S	 17.86  
 157 W	 10.96  
 158 R	 19.81  
 159 S	 33.64  
 160 E	 57.26  
 161 G	 23.96  
 162 I	 2.88  
 163 K	 50.27  
 164 Y	 25.54  
 165 R	 30.26  
 166 K	 55.13  
 167 N	 41.48  
 168 E	 37.37  
 169 V	 8.91  
 170 F	 3.83  
 171 L	 6.58  
 172 D	 28.08  
 173 V	 5.94  
 174 I	 3.05  
 175 E	 48.78  
 176 S	 13.99  
 177 V	 2.95  
 178 N	 29.09  
 179 M	 3.33  
 180 L	 2.54  
 181 A	 9.88  
 182 N	 28.92  
 183 A	 11.99  
 184 Q	 48.15  
 185 G	 18.51  
 186 T	 12.32  
 187 V	 5.52  
 188 L	 5.11  
 189 R	 28.10  
 190 S	 27.75  
 191 E	 34.95  
 192 I	 4.48  
 193 V	 4.28  
 194 G	 24.02  
 195 S	 10.33  
 196 I	 3.87  
 197 R	 18.27  
 198 F	 7.10  
 199 R	 14.05  
 200 V	 4.70  
 201 V	 2.83  
 202 L	 3.15  
 203 S	 22.80  
 204 G	 31.35  
 205 M	 1.78  
 206 P	 40.78  
 207 E	 37.32  
 208 L	 4.52  
 209 R	 25.66  
 210 L	 16.68  
 211 G	 18.92  
 212 L	 9.92  
 213 N	 45.30  
 214 D	 54.24  
 215 K	 39.61  
 216 V	 6.92  
 217 F	 5.88  
 218 F	 7.86  
 219 Q	 25.68  
 220 Q	 38.38  
 221 S	 26.08  
 222 G	 25.74  
 223 A	 15.02  
 224 S	 28.09  
 225 S	 26.01  
 226 R	 48.29  
 227 R	 51.06  
 228 G	 31.39  
 229 N	 45.86  
 230 S	 44.71  
 231 G	 34.43  
 232 K	 60.65  
 233 G	 22.96  
 234 V	 9.64  
 235 E	 55.93  
 236 L	 7.14  
 237 E	 44.15  
 238 D	 63.10  
 239 I	 3.61  
 240 K	 49.46  
 241 F	 5.00  
 242 H	 18.35  
 243 Q	 30.45  
 244 C	 1.12  
 245 V	 5.77  
 246 R	 34.27  
 247 L	 1.83  
 248 S	 21.97  
 249 R	 43.94  
 250 F	 12.46  
 251 D	 48.78  
 252 S	 26.68  
 253 E	 56.54  
 254 R	 41.11  
 255 T	 19.54  
 256 I	 3.86  
 257 S	 19.26  
 258 F	 9.57  
 259 I	 3.75  
 260 P	 20.94  
 261 P	 58.38  
 262 D	 64.99  
 263 G	 47.47  
 264 E	 43.24  
 265 F	 12.20  
 266 E	 38.98  
 267 L	 3.16  
 268 M	 2.32  
 269 S	 21.52  
 270 Y	 8.83  
 271 R	 20.46  
 272 L	 4.64  
 273 T	 13.24  
 274 T	 35.64  
 275 Q	 35.68  
 276 V	 6.92  
 277 K	 25.04  
 278 P	 30.16  
 279 L	 3.89  
 280 I	 5.41  
 281 W	 6.92  
 282 V	 2.58  
 283 E	 18.86  
 284 A	 13.74  
 285 A	 7.09  
 286 V	 9.53  
 287 E	 33.74  
 288 R	 26.20  
 289 H	 17.81  
 290 A	 14.47  
 291 H	 15.26  
 292 S	 38.51  
 293 R	 18.54  
 294 V	 7.48  
 295 E	 27.14  
 296 Y	 12.35  
 297 M	 1.25  
 298 V	 5.51  
 299 K	 33.30  
 300 A	 12.81  
 301 K	 38.79  
 302 S	 45.79  
 303 Q	 47.36  
 304 F	 10.20  
 305 K	 41.72  
 306 R	 34.98  
 307 Q	 42.73  
 308 S	 27.51  
 309 V	 4.71  
 310 A	 12.98  
 311 N	 37.27  
 312 H	 13.84  
 313 V	 6.70  
 314 E	 22.05  
 315 V	 4.71  
 316 I	 1.54  
 317 I	 3.21  
 318 P	 22.35  
 319 V	 5.09  
 320 P	 21.32  
 321 S	 51.37  
 322 D	 32.11  
 323 V	 6.53  
 324 S	 43.79  
 325 A	 15.91  
 326 P	 34.80  
 327 K	 60.24  
 328 F	 9.24  
 329 K	 52.77  
 330 T	 35.08  
 331 G	 23.69  
 332 A	 19.86  
 333 G	 27.79  
 334 T	 21.31  
 335 A	 10.56  
 336 K	 46.77  
 337 Y	 20.83  
 338 V	 2.68  
 339 P	 36.95  
 340 E	 44.61  
 341 L	 4.25  
 342 N	 26.42  
 343 A	 15.44  
 344 I	 2.95  
 345 V	 2.81  
 346 W	 5.07  
 347 S	 9.38  
 348 I	 2.22  
 349 R	 27.08  
 350 S	 33.84  
 351 F	 4.72  
 352 P	 45.64  
 353 G	 45.86  
 354 G	 21.34  
 355 R	 39.19  
 356 E	 42.56  
 357 Y	 9.92  
 358 I	 1.26  
 359 M	 3.13  
 360 R	 21.42  
 361 S	 15.56  
 362 S	 12.33  
 363 F	 6.50  
 364 M	 6.09  
 365 L	 2.57  
 366 P	 16.47  
 367 S	 35.30  
 368 I	 7.13  
 369 G	 33.08  
 370 S	 26.65  
 371 E	 62.48  
 372 E	 54.54  
 373 L	 8.10  
 374 E	 57.34  
 375 G	 61.08  
 376 R	 25.17  
 377 P	 45.00  
 378 P	 29.44  
 379 I	 11.66  
 380 N	 36.38  
 381 V	 8.54  
 382 K	 32.56  
 383 F	 10.03  
 384 E	 37.02  
 385 I	 2.75  
 386 P	 14.64  
 387 Y	 21.07  
 388 Y	 9.74  
 389 T	 14.51  
 390 T	 12.50  
 391 S	 29.70  
 392 G	 20.31  
 393 L	 4.22  
 394 Q	 22.59  
 395 V	 5.37  
 396 R	 20.36  
 397 Y	 17.31  
 398 L	 1.94  
 399 K	 32.48  
 400 I	 4.55  
 401 I	 5.36  
 402 E	 44.64  
 403 K	 38.48  
 404 S	 29.91  
 405 G	 29.64  
 406 Y	 9.56  
 407 Q	 39.69  
 408 A	 13.70  
 409 L	 1.71  
 410 P	 30.45  
 411 W	 6.51  
 412 V	 2.74  
 413 R	 19.14  
 414 Y	 9.76  
 415 V	 2.88  
 416 T	 13.84  
 417 Q	 41.69  
 418 N	 35.62  
 419 G	 25.78  
 420 D	 37.73  
 421 Y	 12.95  
 422 Q	 20.11  
 423 M	 2.29  
 424 R	 15.29  
 425 M	 4.35  
 426 T	 25.70  
