 1 M	 11.82  
 2 N	 50.30  
 3 W	 12.88  
 4 Q	 27.31  
 5 K	 38.78  
 6 Q	 34.86  
 7 R	 35.29  
 8 Q	 28.66  
 9 H	 25.05  
 10 V	 4.50  
 11 L	 2.73  
 12 D	 42.32  
 13 R	 24.61  
 14 L	 4.30  
 15 A	 12.32  
 16 F	 8.90  
 17 V	 3.42  
 18 P	 29.10  
 19 G	 46.46  
 20 G	 20.55  
 21 T	 37.49  
 22 D	 50.32  
 23 R	 54.26  
 24 E	 60.66  
 25 G	 26.13  
 26 N	 23.74  
 27 A	 17.09  
 28 L	 4.56  
 29 L	 2.74  
 30 V	 3.19  
 31 I	 3.61  
 32 S	 17.96  
 33 T	 16.44  
 34 S	 22.89  
 35 Q	 40.79  
 36 V	 5.32  
 37 Q	 38.04  
 38 E	 26.95  
 39 C	 2.68  
 40 S	 34.43  
 41 Y	 22.09  
 42 E	 28.00  
 43 N	 37.19  
 44 L	 1.52  
 45 V	 5.97  
 46 S	 22.34  
 47 L	 2.24  
 48 L	 2.16  
 49 A	 16.26  
 50 L	 4.79  
 51 L	 3.46  
 52 S	 29.42  
 53 D	 52.83  
 54 T	 37.48  
 55 L	 7.63  
 56 P	 23.92  
 57 P	 42.96  
 58 S	 35.48  
 59 T	 31.50  
 60 L	 3.88  
 61 F	 4.50  
 62 T	 17.23  
 63 V	 3.81  
 64 L	 3.04  
 65 L	 5.70  
 66 D	 37.22  
 67 T	 24.90  
 68 R	 25.28  
 69 H	 17.78  
 70 I	 4.65  
 71 Q	 36.16  
 72 L	 3.64  
 73 K	 36.89  
 74 Q	 59.48  
 75 L	 3.86  
 76 K	 29.48  
 77 F	 10.64  
 78 Y	 8.16  
 79 L	 2.93  
 80 R	 23.18  
 81 A	 7.90  
 82 C	 2.20  
 83 Q	 30.51  
 84 Q	 32.97  
 85 A	 6.23  
 86 L	 5.83  
 87 Y	 16.27  
 88 K	 45.72  
 89 K	 29.15  
 90 V	 4.53  
 91 R	 29.75  
 92 Q	 37.04  
 93 V	 2.65  
 94 L	 1.85  
 95 I	 2.63  
 96 I	 4.96  
 97 Q	 32.86  
 98 P	 36.01  
 99 E	 39.81  
 100 K	 58.89  
 101 F	 9.66  
 102 L	 9.59  
 103 D	 52.58  
 104 Q	 48.92  
 105 Q	 48.54  
 106 K	 33.70  
 107 I	 5.58  
 108 N	 31.26  
 109 F	 10.34  
 110 D	 30.88  
 111 L	 3.49  
 112 I	 2.20  
 113 V	 4.76  
 114 S	 21.06  
 115 G	 14.46  
 116 Y	 11.03  
 117 T	 25.88  
 118 L	 3.09  
 119 K	 28.87  
 120 T	 23.37  
 121 V	 4.80  
 122 L	 2.60  
 123 V	 4.08  
 124 S	 15.82  
 125 M	 2.23  
 126 H	 22.02  
 127 K	 45.90  
 128 L	 4.01  
 129 S	 28.93  
 130 K	 60.90  
 131 F	 5.22  
 132 V	 10.37  
 133 D	 36.46  
 134 V	 4.06  
 135 N	 32.96  
 136 Q	 59.24  
 137 L	 4.20  
 138 P	 24.47  
 139 E	 68.11  
 140 Q	 40.10  
 141 F	 10.45  
 142 G	 28.06  
 143 G	 21.03  
 144 T	 19.86  
 145 L	 7.28  
 146 G	 25.33  
 147 Y	 27.67  
 148 D	 38.44  
 149 P	 29.11  
 150 D	 49.93  
 151 S	 34.99  
 152 W	 16.43  
 153 L	 5.11  
 154 S	 17.40  
 155 K	 56.05  
 156 R	 28.53  
 157 I	 8.04  
 158 E	 53.43  
 159 I	 5.31  
 160 K	 34.86  
 161 K	 60.72  
 162 W	 6.15  
 163 Q	 37.25  
 164 N	 30.87  
 165 Y	 9.31  
 166 L	 3.29  
 167 V	 4.80  
 168 E	 31.89  
 169 V	 5.99  
 170 D	 31.02  
 171 A	 24.62  
 172 D	 49.32  
 173 S	 42.90  
 174 S	 34.63  
 175 K	 40.96  
 176 H	 35.23  
 177 S	 36.91  
 178 L	 9.29  
 179 D	 61.53  
 180 D	 66.58  
 181 D	 47.37  
 182 Q	 60.26  
 183 K	 65.93  
 184 L	 6.74  
 185 E	 58.87  
 186 E	 53.43  
 187 F	 6.66  
 188 I	 3.62  
 189 T	 30.90  
 190 K	 39.45  
 191 L	 3.49  
 192 Q	 51.08  
 193 S	 46.46  
 194 T	 16.04  
 195 K	 57.54  
 196 R	 37.30  
 197 I	 9.25  
 198 E	 49.15  
 199 D	 52.41  
 200 E	 30.15  
 201 Y	 27.87  
 202 A	 8.28  
 203 S	 24.41  
 204 N	 35.13  
 205 I	 5.74  
 206 L	 7.18  
 207 K	 38.92  
 208 K	 51.22  
 209 S	 22.31  
 210 V	 9.22  
 211 R	 50.53  
 212 D	 39.48  
 213 V	 5.69  
 214 K	 59.12  
 215 L	 9.43  
 216 K	 58.31  
 217 E	 79.55  
 218 E	 61.97  
 219 E	 68.82  
 220 N	 62.76  
 221 S	 35.05  
 222 K	 68.34  
 223 E	 60.08  
 224 G	 36.12  
 225 L	 4.63  
 226 I	 7.87  
 227 K	 48.80  
 228 D	 37.06  
 229 H	 16.77  
 230 T	 34.93  
 231 A	 16.99  
 232 G	 22.18  
 233 V	 4.62  
 234 S	 23.02  
 235 D	 45.80  
 236 F	 5.34  
 237 L	 6.82  
 238 D	 44.28  
 239 W	 7.84  
 240 I	 4.25  
 241 E	 42.95  
 242 G	 31.64  
 243 S	 30.87  
 244 G	 51.89  
 245 E	 42.63  
 246 K	 61.58  
 247 W	 9.11  
 248 L	 4.64  
 249 N	 31.64  
 250 S	 28.49  
 251 L	 2.00  
 252 C	 2.84  
 253 Q	 38.43  
 254 V	 7.63  
 255 A	 4.10  
 256 D	 57.75  
 257 N	 33.14  
 258 V	 7.87  
 259 D	 56.49  
 260 E	 50.48  
 261 A	 13.76  
 262 E	 42.42  
 263 S	 45.57  
 264 L	 4.14  
 265 V	 8.58  
 266 K	 51.75  
 267 Q	 41.57  
 268 H	 25.44  
 269 E	 52.81  
 270 E	 59.79  
 271 L	 6.11  
 272 T	 37.64  
 273 N	 63.72  
 274 K	 56.59  
 275 T	 35.66  
 276 K	 59.30  
 277 E	 61.95  
 278 I	 8.23  
 279 E	 51.59  
 280 E	 64.15  
 281 Q	 33.16  
 282 S	 19.24  
 283 H	 26.77  
 284 Q	 47.84  
 285 L	 3.50  
 286 A	 9.65  
 287 E	 37.63  
 288 M	 3.72  
 289 A	 4.89  
 290 T	 24.03  
 291 R	 16.96  
 292 L	 2.08  
 293 M	 1.68  
 294 A	 15.54  
 295 A	 7.49  
 296 C	 1.43  
 297 P	 27.27  
 298 Q	 36.84  
 299 V	 2.07  
 300 A	 4.86  
 301 I	 3.14  
 302 V	 3.14  
 303 L	 3.36  
 304 Q	 33.89  
 305 K	 45.44  
 306 T	 26.86  
 307 R	 40.64  
 308 E	 56.44  
 309 Q	 32.50  
 310 I	 3.30  
 311 R	 31.85  
 312 D	 45.68  
 313 V	 4.90  
 314 A	 14.61  
 315 E	 39.11  
 316 H	 11.69  
 317 F	 4.87  
 318 A	 7.98  
 319 Y	 17.78  
 320 R	 19.17  
 321 V	 4.68  
 322 E	 26.51  
 323 A	 18.18  
 324 Q	 23.48  
 325 T	 32.47  
 326 Q	 16.54  
 327 F	 9.11  
 328 A	 8.26  
 329 V	 5.71  
 330 S	 19.71  
 331 N	 40.17  
 332 R	 27.95  
 333 T	 31.15  
 334 F	 9.55  
 335 R	 42.06  
 336 E	 47.92  
 337 K	 42.35  
 338 V	 5.45  
 339 A	 19.63  
 340 E	 51.39  
 341 F	 7.76  
 342 I	 4.06  
 343 K	 52.09  
 344 K	 44.37  
 345 S	 30.86  
 346 D	 45.00  
 347 L	 5.64  
 348 M	 5.65  
 349 L	 8.18  
 350 E	 29.49  
 351 K	 38.36  
 352 V	 2.46  
 353 C	 5.20  
 354 A	 22.39  
 355 E	 52.42  
 356 D	 39.16  
 357 G	 15.97  
 358 A	 24.39  
 359 S	 29.67  
 360 V	 6.29  
 361 K	 44.34  
 362 T	 30.87  
 363 V	 4.45  
 364 E	 53.15  
 365 E	 53.67  
 366 L	 2.65  
 367 T	 37.32  
 368 S	 51.35  
 369 T	 40.68  
 370 K	 43.98  
 371 K	 64.69  
 372 E	 60.01  
 373 L	 9.48  
 374 D	 48.57  
 375 D	 66.20  
 376 L	 3.81  
 377 V	 6.83  
 378 N	 42.72  
 379 S	 12.31  
 380 M	 4.91  
 381 N	 26.54  
 382 V	 5.33  
 383 S	 16.62  
 384 F	 9.35  
 385 E	 28.31  
 386 T	 25.85  
 387 A	 6.15  
 388 M	 4.78  
 389 D	 49.29  
 390 A	 17.76  
 391 G	 29.07  
 392 E	 52.82  
 393 E	 47.89  
 394 T	 22.82  
 395 V	 6.10  
 396 A	 13.76  
 397 K	 39.50  
 398 A	 8.28  
 399 R	 34.95  
 400 Q	 51.46  
 401 Y	 10.97  
 402 S	 16.94  
 403 E	 43.04  
 404 V	 6.79  
 405 L	 2.67  
 406 P	 42.68  
 407 A	 25.45  
 408 E	 50.45  
 409 E	 54.15  
 410 F	 5.27  
 411 V	 4.62  
 412 S	 18.08  
 413 H	 24.11  
 414 I	 4.45  
 415 G	 13.03  
 416 S	 22.90  
 417 S	 21.37  
 418 L	 4.51  
 419 T	 22.28  
 420 Y	 12.13  
 421 I	 2.08  
 422 S	 14.64  
 423 Q	 41.23  
 424 R	 29.02  
 425 Q	 43.61  
 426 N	 49.74  
 427 R	 26.18  
 428 H	 39.40  
 429 N	 42.62  
 430 E	 39.32  
 431 L	 5.37  
 432 A	 13.19  
 433 S	 40.57  
 434 V	 3.30  
 435 K	 49.09  
 436 R	 41.10  
 437 L	 6.04  
 438 E	 50.83  
 439 Q	 53.47  
 440 Q	 24.24  
 441 Q	 38.66  
 442 H	 15.94  
 443 L	 3.48  
 444 Q	 27.36  
 445 L	 4.08  
 446 M	 1.37  
 447 T	 26.00  
 448 T	 16.13  
 449 Y	 11.20  
 450 G	 27.29  
 451 D	 23.54  
 452 C	 3.47  
 453 D	 45.76  
 454 Q	 51.85  
 455 A	 7.65  
 456 I	 2.46  
 457 K	 39.11  
 458 W	 11.95  
 459 L	 3.03  
 460 G	 36.76  
 461 E	 55.27  
 462 L	 6.03  
 463 K	 44.33  
 464 E	 70.04  
 465 T	 32.35  
 466 L	 5.95  
 467 H	 28.46  
 468 K	 62.55  
 469 E	 29.61  
 470 Y	 21.51  
 471 S	 23.61  
 472 L	 5.37  
 473 S	 26.95  
 474 D	 58.62  
 475 I	 5.85  
 476 D	 53.35  
 477 E	 48.48  
 478 D	 53.57  
 479 A	 16.49  
 480 V	 6.99  
 481 K	 52.57  
 482 N	 37.32  
 483 L	 4.48  
 484 R	 53.01  
 485 N	 52.57  
 486 D	 47.29  
 487 R	 30.73  
 488 Q	 58.67  
 489 N	 44.81  
 490 L	 3.40  
 491 D	 54.13  
 492 R	 27.96  
 493 T	 30.95  
 494 A	 8.31  
 495 V	 4.31  
 496 S	 20.95  
 497 T	 14.19  
 498 Y	 7.70  
 499 Q	 40.36  
 500 Y	 18.84  
 501 G	 8.84  
 502 K	 32.60  
 503 Q	 43.18  
 504 L	 4.33  
 505 L	 2.81  
 506 S	 25.86  
 507 M	 6.58  
 508 A	 12.42  
 509 K	 52.98  
 510 N	 39.29  
 511 S	 33.41  
 512 E	 61.11  
 513 R	 29.54  
 514 S	 28.76  
 515 A	 21.20  
 516 M	 5.36  
 517 K	 54.91  
 518 E	 36.52  
 519 S	 32.78  
 520 S	 40.75  
 521 T	 51.68  
 522 D	 56.50  
 523 E	 66.78  
 524 R	 56.07  
 525 K	 58.09  
 526 E	 69.92  
 527 K	 55.44  
 528 L	 8.09  
 529 E	 47.77  
 530 T	 48.53  
 531 A	 13.13  
 532 W	 11.32  
 533 K	 50.27  
 534 E	 31.99  
 535 L	 5.89  
 536 N	 28.63  
 537 L	 7.50  
 538 A	 10.55  
 539 I	 5.19  
 540 Q	 40.88  
 541 N	 48.14  
 542 N	 30.33  
 543 E	 44.63  
 544 Q	 59.12  
 545 R	 30.23  
 546 L	 5.02  
 547 K	 46.56  
 548 V	 7.36  
 549 V	 4.95  
 550 E	 41.04  
 551 S	 14.54  
 552 F	 2.15  
 553 M	 6.15  
 554 A	 9.76  
 555 T	 13.05  
 556 H	 14.40  
 557 R	 23.02  
 558 Q	 28.15  
 559 M	 2.80  
 560 M	 1.94  
 561 E	 48.40  
 562 R	 20.75  
 563 V	 4.86  
 564 N	 51.23  
 565 E	 50.06  
 566 I	 7.34  
 567 E	 30.34  
 568 K	 61.52  
 569 S	 21.62  
 570 L	 11.05  
 571 R	 33.80  
 572 E	 62.45  
 573 R	 22.74  
 574 L	 5.63  
 575 R	 27.12  
 576 V	 11.94  
 577 S	 24.63  
 578 G	 35.30  
 579 K	 36.67  
 580 L	 7.49  
 581 N	 32.93  
 582 S	 25.22  
 583 I	 3.34  
 584 V	 3.29  
 585 L	 5.10  
 586 S	 19.82  
 587 T	 35.33  
 588 E	 53.48  
 589 R	 29.50  
 590 K	 56.71  
 591 R	 58.05  
 592 L	 7.34  
 593 K	 57.52  
 594 N	 61.15  
 595 D	 48.35  
 596 I	 6.56  
 597 E	 56.61  
 598 E	 58.81  
 599 L	 2.85  
 600 S	 29.67  
 601 N	 59.83  
 602 I	 3.66  
 603 G	 20.11  
 604 N	 25.15  
 605 M	 2.36  
 606 L	 4.44  
 607 S	 13.83  
 608 A	 15.43  
 609 Q	 26.54  
 610 I	 4.61  
 611 N	 27.51  
 612 A	 16.17  
 613 D	 27.71  
 614 H	 23.67  
 615 A	 11.65  
 616 T	 25.31  
 617 T	 24.17  
 618 L	 4.30  
 619 Q	 41.57  
 620 D	 48.01  
 621 R	 23.84  
 622 Q	 41.94  
 623 T	 34.02  
 624 A	 9.73  
 625 V	 5.49  
 626 K	 39.18  
 627 Q	 33.54  
 628 I	 4.82  
 629 S	 30.29  
 630 D	 58.44  
 631 K	 40.41  
 632 I	 6.79  
 633 N	 41.36  
 634 E	 36.82  
 635 V	 3.41  
 636 M	 1.78  
 637 T	 25.47  
 638 A	 5.25  
 639 Q	 25.09  
 640 R	 37.13  
 641 R	 22.57  
 642 M	 4.46  
 643 E	 40.35  
 644 S	 18.61  
 645 L	 2.66  
 646 I	 5.33  
 647 I	 7.08  
 648 E	 52.97  
 649 E	 51.21  
 650 E	 40.12  
 651 E	 62.70  
 652 A	 26.84  
 653 G	 31.19  
 654 S	 33.81  
 655 S	 27.83  
 656 S	 44.82  
 657 S	 56.69  
 658 G	 39.04  
 659 K	 65.76  
 660 E	 75.67  
 661 D	 58.41  
 662 K	 46.61  
 663 H	 43.24  
 664 S	 37.26  
 665 S	 37.20  
 666 R	 39.40  
 667 K	 51.17  
 668 A	 19.74  
 669 R	 35.41  
 670 P	 45.93  
 671 L	 6.88  
 672 S	 34.00  
 673 K	 70.28  
 674 V	 6.92  
 675 P	 47.20  
 676 E	 72.21  
 677 E	 56.74  
 678 E	 67.81  
 679 G	 40.66  
 680 G	 35.11  
 681 D	 48.88  
 682 V	 8.67  
 683 S	 21.78  
 684 P	 31.45  
 685 V	 8.87  
 686 F	 3.73  
 687 P	 24.45  
 688 R	 33.96  
 689 A	 7.33  
 690 V	 4.71  
 691 R	 32.35  
 692 L	 3.99  
 693 L	 5.52  
 694 E	 54.93  
 695 T	 38.24  
 696 N	 35.80  
 697 E	 60.44  
 698 G	 24.35  
 699 I	 3.19  
 700 A	 9.79  
 701 P	 26.71  
 702 A	 7.18  
 703 I	 4.42  
 704 R	 34.71  
 705 L	 7.55  
 706 S	 24.48  
 707 K	 70.13  
 708 N	 39.82  
 709 E	 44.49  
 710 S	 40.92  
 711 Y	 15.39  
 712 L	 8.67  
