 1 M	 15.47  
 2 E	 60.12  
 3 T	 26.11  
 4 K	 23.90  
 5 W	 11.53  
 6 Y	 3.78  
 7 C	 2.02  
 8 F	 3.55  
 9 L	 3.11  
 10 F	 2.87  
 11 W	 5.39  
 12 F	 3.44  
 13 S	 10.43  
 14 Y	 10.52  
 15 R	 21.72  
 16 L	 3.32  
 17 T	 11.87  
 18 L	 3.61  
 19 A	 4.89  
 20 C	 3.77  
 21 L	 3.27  
 22 A	 12.71  
 23 H	 12.01  
 24 F	 6.73  
 25 N	 22.59  
 26 W	 4.35  
 27 C	 1.28  
 28 M	 1.74  
 29 S	 14.87  
 30 I	 1.64  
 31 Y	 5.65  
 32 T	 22.07  
 33 N	 9.04  
 34 C	 1.70  
 35 V	 4.83  
 36 Y	 7.95  
 37 F	 1.95  
 38 T	 17.64  
 39 L	 3.77  
 40 W	 5.63  
 41 K	 42.10  
 42 S	 16.58  
 43 Y	 13.59  
 44 D	 42.23  
 45 L	 3.28  
 46 L	 3.03  
 47 W	 7.67  
 48 F	 4.13  
 49 W	 2.81  
 50 M	 1.03  
 51 H	 9.37  
 52 F	 2.36  
 53 I	 2.00  
 54 L	 1.39  
 55 C	 2.59  
 56 S	 18.49  
 57 C	 5.87  
 58 F	 2.19  
 59 P	 36.30  
 60 Q	 29.83  
 61 L	 11.40  
 62 R	 31.10  
 63 P	 42.66  
 64 E	 52.66  
 65 N	 39.32  
 66 Y	 8.99  
 67 L	 3.72  
 68 I	 1.39  
 69 V	 3.49  
 70 W	 3.42  
 71 A	 6.65  
 72 N	 21.09  
 73 L	 3.04  
 74 V	 6.38  
 75 I	 3.52  
 76 K	 33.96  
 77 K	 50.71  
 78 L	 4.19  
 79 T	 37.09  
 80 K	 66.28  
 81 Y	 8.97  
 82 P	 29.68  
 83 D	 52.60  
 84 Y	 15.01  
 85 T	 31.56  
 86 F	 3.75  
 87 K	 31.43  
 88 Q	 30.42  
 89 L	 3.49  
 90 Y	 5.56  
 91 Y	 9.95  
 92 A	 4.78  
 93 L	 1.95  
 94 Y	 11.89  
 95 T	 20.60  
 96 T	 18.31  
 97 N	 28.27  
 98 R	 32.88  
 99 S	 28.32  
 100 A	 9.89  
 101 H	 31.96  
 102 F	 9.60  
 103 T	 12.85  
 104 K	 42.46  
 105 R	 32.34  
 106 L	 3.78  
 107 M	 4.18  
 108 S	 44.80  
 109 R	 36.87  
 110 K	 67.58  
 111 E	 59.91  
 112 K	 58.84  
 113 K	 60.55  
 114 G	 36.38  
 115 V	 4.17  
 116 I	 6.24  
 117 E	 44.08  
 118 L	 6.34  
 119 D	 32.74  
 120 S	 51.35  
 121 N	 53.82  
 122 S	 46.45  
 123 D	 72.17  
 124 E	 68.81  
 125 D	 76.72  
 126 E	 56.59  
 127 K	 72.85  
 128 N	 48.39  
 129 E	 56.58  
 130 T	 38.18  
 131 V	 3.59  
 132 T	 26.33  
 133 S	 24.75  
 134 R	 22.31  
 135 S	 31.56  
 136 R	 34.99  
 137 A	 11.61  
 138 Q	 43.17  
 139 Q	 40.08  
 140 L	 4.47  
 141 D	 37.72  
 142 A	 24.36  
 143 E	 55.43  
 144 A	 14.72  
 145 P	 21.89  
 146 I	 6.90  
 147 P	 18.09  
 148 L	 8.58  
 149 R	 28.36  
 150 T	 26.68  
 151 I	 3.02  
 152 N	 41.28  
 153 A	 23.04  
 154 D	 45.00  
 155 K	 45.41  
 156 S	 31.63  
 157 R	 44.33  
 158 S	 46.68  
 159 I	 6.04  
 160 P	 28.52  
 161 P	 34.04  
 162 P	 32.37  
 163 V	 9.76  
 164 A	 20.17  
 165 E	 59.86  
 166 V	 3.57  
 167 P	 25.08  
 168 E	 65.31  
 169 I	 6.03  
 170 D	 52.18  
 171 D	 62.44  
 172 D	 53.95  
 173 D	 63.97  
 174 A	 32.75  
 175 E	 65.41  
 176 E	 72.24  
 177 N	 52.02  
 178 D	 62.91  
 179 E	 51.09  
 180 H	 39.54  
 181 N	 46.80  
 182 T	 28.10  
 183 T	 36.33  
 184 E	 48.96  
 185 T	 31.46  
 186 T	 17.69  
 187 P	 33.52  
 188 L	 13.92  
 189 R	 40.14  
 190 P	 36.61  
 191 P	 55.14  
 192 R	 44.50  
 193 P	 40.23  
 194 S	 63.60  
 195 R	 40.90  
 196 P	 50.45  
 197 K	 65.38  
 198 F	 16.61  
 199 E	 74.81  
 200 E	 58.10  
 201 P	 43.03  
 202 D	 78.32  
 203 D	 72.43  
 204 D	 73.04  
 205 E	 64.17  
 206 D	 63.56  
 207 E	 43.26  
 208 V	 7.56  
 209 I	 2.90  
 210 E	 35.79  
 211 V	 4.42  
 212 V	 3.04  
 213 T	 39.48  
 214 E	 32.46  
 215 P	 37.28  
 216 V	 5.64  
 217 P	 44.11  
 218 E	 67.06  
 219 T	 39.58  
 220 G	 27.79  
 221 S	 42.45  
 222 N	 45.30  
 223 K	 52.52  
 224 A	 25.62  
 225 S	 30.25  
 226 P	 44.82  
 227 T	 42.26  
 228 S	 37.30  
 229 E	 73.68  
 230 Q	 44.64  
 231 P	 40.18  
 232 K	 67.93  
 233 W	 11.08  
 234 K	 37.73  
 235 S	 30.19  
 236 Y	 19.05  
 237 V	 3.68  
 238 P	 23.65  
 239 N	 34.95  
 240 T	 18.86  
 241 V	 5.09  
 242 M	 2.09  
 243 K	 39.14  
 244 F	 6.49  
 245 L	 2.59  
 246 P	 29.48  
 247 R	 55.33  
 248 Q	 43.74  
 249 T	 26.40  
 250 S	 24.71  
 251 S	 47.96  
 252 T	 21.25  
 253 P	 34.16  
 254 S	 32.64  
 255 V	 8.62  
 256 Q	 43.48  
 257 S	 28.21  
 258 K	 29.30  
 259 A	 27.17  
 260 S	 35.93  
 261 T	 51.66  
 262 N	 35.71  
 263 K	 65.08  
 264 D	 59.71  
 265 V	 8.39  
 266 K	 58.48  
 267 N	 59.29  
 268 E	 40.69  
 269 V	 10.62  
 270 N	 44.61  
 271 N	 55.88  
 272 G	 38.70  
 273 E	 61.95  
 274 G	 39.76  
 275 N	 34.67  
 276 N	 58.48  
 277 S	 27.95  
 278 T	 25.05  
 279 S	 20.08  
 280 A	 14.35  
 281 I	 3.99  
 282 G	 17.23  
 283 R	 22.34  
 284 F	 6.66  
 285 Y	 11.71  
 286 D	 43.02  
 287 R	 23.71  
 288 I	 5.66  
 289 K	 37.16  
 290 F	 9.51  
 291 N	 41.28  
 292 R	 40.11  
 293 S	 45.79  
 294 N	 35.72  
 295 S	 42.61  
 296 N	 42.15  
 297 T	 36.43  
 298 S	 24.74  
 299 T	 38.27  
 300 N	 31.21  
 301 T	 27.78  
 302 R	 37.87  
 303 R	 46.55  
 304 S	 34.33  
 305 D	 58.41  
 306 E	 38.19  
 307 M	 5.32  
 308 E	 36.03  
 309 V	 5.47  
 310 L	 4.13  
 311 R	 27.50  
 312 P	 40.50  
 313 D	 53.73  
 314 Y	 15.55  
 315 S	 23.39  
 316 N	 40.06  
 317 R	 25.26  
 318 Y	 24.41  
 319 D	 28.63  
 320 I	 3.16  
 321 H	 33.28  
 322 D	 58.20  
 323 K	 43.65  
 324 S	 38.69  
 325 K	 61.10  
 326 R	 50.33  
 327 D	 54.43  
 328 A	 26.09  
 329 R	 55.01  
 330 E	 54.91  
 331 K	 54.79  
 332 R	 44.18  
 333 D	 68.45  
 334 R	 30.13  
 335 K	 56.94  
 336 A	 15.66  
 337 L	 5.48  
 338 R	 22.04  
 339 H	 33.18  
 340 R	 22.26  
 341 V	 6.31  
 342 R	 19.95  
 343 H	 35.27  
 344 E	 27.75  
 345 L	 3.56  
 346 R	 14.08  
 347 M	 7.17  
 348 A	 7.01  
 349 M	 2.41  
 350 K	 33.31  
 351 A	 9.89  
 352 D	 41.35  
 353 A	 25.87  
 354 A	 18.13  
 355 K	 55.81  
 356 E	 55.90  
 357 R	 48.61  
 358 D	 68.77  
 359 R	 47.09  
 360 K	 56.75  
 361 K	 51.79  
 362 V	 7.03  
 363 T	 28.70  
 364 D	 48.84  
 365 A	 6.44  
 366 I	 4.22  
 367 E	 34.78  
 368 L	 4.77  
 369 L	 1.53  
 370 L	 5.43  
 371 Q	 38.12  
 372 L	 3.10  
 373 L	 1.81  
 374 R	 27.61  
 375 M	 2.85  
 376 M	 2.16  
 377 S	 16.98  
 378 S	 10.10  
 379 F	 3.48  
 380 A	 8.20  
 381 M	 2.36  
 382 L	 2.68  
 383 I	 2.69  
 384 G	 15.89  
 385 T	 15.60  
 386 I	 3.42  
 387 R	 31.62  
 388 K	 43.89  
 389 T	 19.56  
 390 F	 7.65  
 391 I	 3.18  
 392 P	 20.05  
 393 A	 23.84  
 394 S	 19.54  
 395 F	 7.01  
 396 K	 47.37  
 397 Y	 20.25  
 398 L	 5.79  
 399 K	 43.97  
 400 P	 45.11  
 401 G	 30.25  
 402 Q	 26.94  
 403 H	 31.97  
 404 A	 12.89  
 405 Y	 11.55  
 406 D	 52.60  
 407 N	 21.36  
 408 Y	 14.82  
 409 E	 35.27  
 410 L	 2.06  
 411 I	 1.78  
 412 L	 6.05  
 413 L	 1.70  
 414 F	 5.59  
 415 R	 19.49  
 416 C	 2.23  
 417 T	 19.05  
 418 A	 13.46  
 419 F	 3.20  
 420 L	 4.28  
 421 D	 21.83  
 422 I	 3.05  
 423 A	 6.18  
 424 M	 2.49  
 425 F	 4.07  
 426 W	 2.43  
 427 M	 1.66  
 428 N	 17.36  
 429 V	 2.21  
 430 T	 9.46  
 431 Y	 7.41  
 432 A	 4.53  
 433 Y	 5.36  
 434 C	 1.41  
 435 L	 3.65  
 436 Q	 23.47  
 437 W	 4.71  
 438 Q	 16.20  
 439 L	 2.44  
 440 C	 0.51  
 441 C	 5.67  
 442 R	 36.53  
 443 L	 4.35  
 444 G	 10.57  
 445 F	 4.74  
 446 F	 5.86  
 447 R	 25.26  
 448 F	 4.49  
 449 V	 3.22  
 450 F	 2.94  
 451 W	 3.88  
 452 A	 2.75  
 453 M	 2.01  
 454 L	 2.66  
 455 L	 2.92  
 456 G	 17.51  
 457 V	 2.87  
 458 V	 3.90  
 459 S	 18.89  
 460 T	 16.29  
 461 T	 11.49  
 462 V	 2.74  
 463 M	 2.07  
 464 F	 5.01  
 465 I	 0.92  
 466 P	 9.59  
 467 M	 3.45  
 468 T	 13.96  
 469 Y	 7.46  
 470 V	 1.81  
 471 M	 1.97  
 472 N	 36.33  
 473 D	 24.38  
 474 L	 6.40  
 475 D	 41.33  
 476 L	 5.80  
 477 S	 24.64  
 478 W	 4.41  
 479 C	 1.84  
 480 R	 27.97  
 481 L	 6.40  
 482 M	 0.93  
 483 P	 39.34  
 484 N	 37.47  
 485 T	 19.88  
 486 T	 28.38  
 487 F	 5.34  
 488 A	 13.93  
 489 K	 39.98  
 490 Y	 23.40  
 491 Q	 25.50  
 492 P	 34.73  
 493 S	 29.87  
 494 W	 20.93  
