 1 M	 11.71  
 2 G	 29.78  
 3 L	 4.31  
 4 R	 20.69  
 5 S	 35.42  
 6 R	 33.09  
 7 G	 23.17  
 8 L	 2.71  
 9 L	 5.14  
 10 L	 3.52  
 11 L	 3.91  
 12 S	 25.23  
 13 L	 5.60  
 14 G	 12.44  
 15 I	 1.37  
 16 C	 2.35  
 17 Y	 8.79  
 18 L	 2.86  
 19 Q	 14.19  
 20 L	 3.06  
 21 F	 3.20  
 22 T	 33.29  
 23 L	 2.27  
 24 A	 12.85  
 25 N	 23.78  
 26 V	 5.50  
 27 A	 10.79  
 28 L	 6.68  
 29 N	 23.08  
 30 S	 37.24  
 31 N	 25.25  
 32 V	 8.16  
 33 R	 32.27  
 34 V	 5.37  
 35 K	 33.87  
 36 R	 32.80  
 37 Q	 40.26  
 38 S	 47.93  
 39 G	 25.79  
 40 T	 27.88  
 41 D	 40.59  
 42 S	 25.72  
 43 L	 5.31  
 44 L	 6.12  
 45 T	 22.98  
 46 V	 8.97  
 47 E	 34.28  
 48 W	 12.55  
 49 E	 32.67  
 50 G	 20.55  
 51 I	 1.94  
 52 Q	 50.73  
 53 T	 42.53  
 54 G	 14.34  
 55 D	 36.87  
 56 H	 32.55  
 57 A	 27.11  
 58 D	 41.74  
 59 S	 45.10  
 60 E	 49.12  
 61 V	 9.46  
 62 K	 39.63  
 63 G	 26.71  
 64 F	 5.98  
 65 L	 3.79  
 66 V	 5.92  
 67 E	 37.66  
 68 Y	 24.80  
 69 R	 17.07  
 70 P	 40.21  
 71 E	 50.94  
 72 R	 53.28  
 73 S	 39.13  
 74 G	 46.51  
 75 E	 33.04  
 76 W	 15.01  
 77 Q	 26.12  
 78 L	 5.73  
 79 H	 11.93  
 80 P	 44.25  
 81 G	 21.51  
 82 I	 3.18  
 83 I	 3.65  
 84 P	 23.90  
 85 Y	 20.40  
 86 K	 63.64  
 87 G	 23.54  
 88 P	 30.86  
 89 N	 43.49  
 90 H	 29.23  
 91 Q	 34.07  
 92 Y	 12.75  
 93 R	 13.80  
 94 V	 5.28  
 95 Q	 36.95  
 96 I	 2.73  
 97 P	 18.29  
 98 K	 69.59  
 99 L	 3.73  
 100 P	 34.40  
 101 T	 58.55  
 102 G	 12.61  
 103 I	 2.42  
 104 S	 17.48  
 105 Y	 13.80  
 106 L	 1.34  
 107 V	 4.52  
 108 R	 22.03  
 109 I	 3.05  
 110 K	 19.75  
 111 V	 6.72  
 112 I	 4.94  
 113 G	 34.27  
 114 E	 45.84  
 115 N	 44.76  
 116 N	 36.13  
 117 E	 49.13  
 118 V	 8.68  
 119 L	 2.05  
 120 V	 10.46  
 121 E	 55.26  
 122 T	 20.81  
 123 P	 22.85  
 124 E	 53.15  
 125 I	 5.06  
 126 R	 28.29  
 127 A	 18.60  
 128 H	 23.70  
 129 N	 39.44  
 130 E	 34.60  
 131 I	 3.41  
 132 V	 3.84  
 133 S	 23.22  
 134 I	 4.02  
 135 K	 28.17  
 136 C	 5.87  
 137 E	 59.71  
 138 N	 58.53  
 139 D	 29.97  
 140 D	 58.46  
 141 L	 4.99  
 142 T	 41.43  
 143 A	 8.22  
 144 P	 30.97  
 145 R	 53.98  
 146 Y	 9.28  
 147 P	 24.36  
 148 Q	 45.92  
 149 V	 4.21  
 150 T	 21.35  
 151 E	 36.68  
 152 V	 2.69  
 153 A	 9.07  
 154 Q	 33.26  
 155 Y	 8.91  
 156 S	 10.15  
 157 L	 4.93  
 158 A	 8.72  
 159 I	 5.86  
 160 K	 33.15  
 161 W	 10.82  
 162 D	 43.13  
 163 A	 10.75  
 164 P	 34.65  
 165 D	 51.64  
 166 C	 4.21  
 167 G	 32.52  
 168 S	 29.29  
 169 V	 4.03  
 170 G	 29.61  
 171 D	 28.65  
 172 Y	 14.45  
 173 Q	 27.27  
 174 V	 5.46  
 175 E	 25.70  
 176 L	 5.47  
 177 T	 23.25  
 178 G	 24.81  
 179 V	 3.57  
 180 S	 31.41  
 181 A	 13.33  
 182 P	 21.67  
 183 F	 16.04  
 184 D	 34.42  
 185 I	 2.70  
 186 H	 20.03  
 187 R	 33.91  
 188 Q	 26.59  
 189 T	 26.02  
 190 V	 3.37  
 191 T	 39.51  
 192 Q	 23.05  
 193 P	 22.08  
 194 H	 18.05  
 195 V	 6.65  
 196 S	 21.86  
 197 V	 3.91  
 198 T	 16.79  
 199 N	 37.11  
 200 L	 4.45  
 201 L	 3.89  
 202 P	 42.83  
 203 G	 28.55  
 204 T	 19.91  
 205 F	 5.47  
 206 Y	 16.64  
 207 S	 15.98  
 208 V	 4.53  
 209 K	 21.77  
 210 V	 4.76  
 211 R	 20.52  
 212 A	 19.39  
 213 A	 11.37  
 214 D	 48.37  
 215 R	 32.56  
 216 S	 28.84  
 217 R	 42.63  
 218 N	 44.32  
 219 V	 10.67  
 220 G	 25.67  
 221 P	 23.85  
 222 W	 18.30  
 223 N	 31.27  
 224 S	 25.80  
 225 E	 48.16  
 226 V	 6.17  
 227 L	 4.68  
 228 E	 53.98  
 229 A	 22.21  
 230 K	 41.20  
 231 T	 47.51  
 232 K	 54.83  
 233 G	 30.56  
 234 D	 46.62  
 235 A	 24.73  
 236 L	 4.62  
 237 P	 29.68  
 238 I	 7.77  
 239 S	 23.14  
 240 N	 50.79  
 241 N	 19.32  
 242 I	 3.41  
 243 Q	 27.78  
 244 L	 3.93  
 245 L	 1.23  
 246 Y	 21.76  
 247 R	 31.84  
 248 T	 30.25  
 249 D	 30.99  
 250 S	 37.61  
 251 E	 43.32  
 252 L	 8.30  
 253 R	 19.17  
 254 V	 12.17  
 255 S	 17.35  
 256 W	 13.65  
 257 Q	 18.74  
 258 P	 28.04  
 259 F	 7.88  
 260 T	 52.34  
 261 D	 27.05  
 262 P	 35.50  
 263 R	 50.19  
 264 L	 4.47  
 265 Q	 38.09  
 266 H	 25.88  
 267 Y	 10.11  
 268 E	 31.13  
 269 V	 3.08  
 270 T	 17.04  
 271 A	 10.72  
 272 V	 5.56  
 273 E	 37.45  
 274 V	 8.65  
 275 D	 40.26  
 276 D	 62.04  
 277 D	 39.31  
 278 S	 29.05  
 279 R	 54.37  
 280 R	 38.30  
 281 V	 6.97  
 282 E	 38.36  
 283 R	 28.93  
 284 R	 29.48  
 285 R	 43.33  
 286 V	 11.10  
 287 D	 22.42  
 288 P	 35.47  
 289 A	 18.21  
 290 L	 7.21  
 291 N	 36.87  
 292 S	 16.85  
 293 F	 6.68  
 294 A	 12.20  
 295 L	 3.53  
 296 T	 30.64  
 297 G	 22.12  
 298 L	 7.48  
 299 R	 24.62  
 300 P	 58.86  
 301 N	 42.65  
 302 T	 28.27  
 303 K	 47.22  
 304 Y	 11.10  
 305 T	 16.89  
 306 I	 3.63  
 307 G	 9.29  
 308 V	 2.23  
 309 I	 1.76  
 310 A	 8.94  
 311 F	 4.57  
 312 V	 5.62  
 313 D	 33.70  
 314 H	 48.21  
 315 E	 50.13  
 316 P	 29.03  
 317 K	 49.78  
 318 Q	 50.28  
 319 V	 4.79  
 320 Y	 10.98  
 321 Q	 28.34  
 322 I	 1.47  
 323 E	 21.79  
 324 A	 14.49  
 325 Y	 9.58  
 326 T	 22.87  
 327 T	 16.82  
 328 S	 27.50  
 329 G	 38.72  
 330 G	 21.91  
 331 I	 4.29  
 332 E	 53.74  
 333 S	 37.56  
 334 W	 12.65  
 335 E	 66.48  
 336 E	 64.87  
 337 K	 29.27  
 338 P	 35.16  
 339 Q	 59.96  
 340 V	 7.51  
 341 V	 3.71  
 342 D	 53.29  
 343 Q	 49.74  
 344 G	 25.85  
 345 K	 34.98  
 346 Q	 50.91  
 347 Q	 31.58  
 348 F	 7.70  
 349 A	 6.47  
 350 V	 6.13  
 351 H	 16.72  
 352 W	 9.40  
 353 K	 29.70  
 354 L	 3.72  
 355 P	 29.87  
 356 T	 43.54  
 357 T	 19.05  
 358 S	 20.81  
 359 I	 4.07  
 360 T	 20.63  
 361 V	 5.81  
 362 S	 17.13  
 363 K	 31.89  
 364 F	 6.33  
 365 I	 3.08  
 366 L	 5.50  
 367 E	 24.64  
 368 Y	 17.63  
 369 R	 34.00  
 370 L	 5.38  
 371 P	 27.84  
 372 N	 64.93  
 373 E	 45.75  
 374 T	 37.99  
 375 T	 13.53  
 376 W	 14.69  
 377 R	 26.70  
 378 T	 28.33  
 379 S	 29.47  
 380 E	 56.55  
 381 Q	 47.79  
 382 K	 51.83  
 383 G	 21.38  
 384 V	 8.59  
 385 A	 24.42  
 386 D	 48.46  
 387 E	 47.05  
 388 S	 37.20  
 389 G	 35.51  
 390 D	 41.64  
 391 Y	 14.47  
 392 S	 12.97  
 393 V	 5.17  
 394 A	 8.78  
 395 L	 3.24  
 396 S	 20.04  
 397 Q	 29.96  
 398 M	 4.08  
 399 N	 30.08  
 400 A	 6.53  
 401 P	 20.05  
 402 Y	 14.90  
 403 Y	 9.56  
 404 T	 9.47  
 405 V	 1.96  
 406 R	 15.18  
 407 I	 1.82  
 408 V	 2.40  
 409 A	 9.34  
 410 I	 4.09  
 411 D	 41.53  
 412 D	 48.08  
 413 Q	 48.14  
 414 N	 46.19  
 415 K	 32.24  
 416 V	 5.51  
 417 V	 2.97  
 418 A	 18.70  
 419 R	 30.94  
 420 T	 24.87  
 421 E	 45.52  
 422 E	 49.48  
 423 L	 3.70  
 424 T	 29.73  
 425 V	 11.59  
 426 G	 17.37  
 427 E	 40.13  
 428 A	 12.50  
 429 A	 19.12  
 430 E	 48.58  
 431 T	 24.95  
 432 S	 8.68  
 433 C	 5.50  
 434 I	 4.97  
 435 G	 18.77  
 436 S	 11.26  
 437 A	 20.14  
 438 G	 27.86  
 439 V	 5.45  
 440 P	 20.86  
 441 T	 40.65  
 442 N	 22.93  
 443 I	 3.97  
 444 R	 28.06  
 445 S	 25.64  
 446 A	 15.82  
 447 D	 40.04  
 448 V	 9.97  
 449 D	 50.38  
 450 G	 24.00  
 451 Q	 37.20  
 452 S	 27.50  
 453 I	 4.54  
 454 K	 45.67  
 455 L	 8.41  
 456 E	 36.31  
 457 W	 23.49  
 458 D	 31.03  
 459 V	 3.18  
 460 P	 28.80  
 461 R	 40.13  
 462 C	 4.54  
 463 D	 66.17  
 464 E	 46.22  
 465 T	 20.14  
 466 H	 27.83  
 467 T	 29.38  
 468 P	 18.31  
 469 I	 7.25  
 470 D	 55.62  
 471 G	 20.21  
 472 Y	 11.21  
 473 E	 34.02  
 474 Y	 6.29  
 475 I	 1.45  
 476 V	 3.28  
 477 Y	 9.02  
 478 E	 30.83  
 479 A	 8.65  
 480 S	 16.84  
 481 Q	 51.14  
 482 S	 31.85  
 483 A	 10.66  
 484 P	 29.94  
 485 V	 12.10  
 486 D	 45.97  
 487 G	 19.36  
 488 A	 8.01  
 489 S	 26.36  
 490 Y	 11.45  
 491 V	 4.96  
 492 G	 25.76  
 493 A	 4.87  
 494 P	 19.15  
 495 H	 23.91  
 496 V	 4.75  
 497 I	 2.15  
 498 I	 2.55  
 499 K	 47.25  
 500 G	 27.91  
 501 L	 4.36  
 502 K	 48.79  
 503 Q	 61.29  
 504 N	 27.34  
 505 V	 5.73  
 506 D	 44.28  
 507 Y	 15.14  
 508 T	 16.71  
 509 F	 5.84  
 510 K	 29.01  
 511 V	 6.16  
 512 R	 27.26  
 513 S	 31.71  
 514 R	 33.78  
 515 S	 22.60  
 516 V	 10.92  
 517 N	 43.64  
 518 G	 21.48  
 519 H	 16.18  
 520 S	 34.44  
 521 Q	 42.67  
 522 W	 15.46  
 523 S	 16.02  
 524 K	 53.72  
 525 D	 31.19  
 526 V	 5.66  
 527 I	 3.18  
 528 I	 3.75  
 529 E	 21.42  
 530 T	 18.94  
 531 A	 4.03  
 532 V	 8.94  
 533 A	 11.33  
 534 G	 21.78  
 535 S	 12.48  
 536 V	 5.74  
 537 R	 40.41  
 538 S	 34.17  
 539 G	 24.47  
 540 E	 55.65  
 541 L	 12.27  
 542 G	 43.97  
 543 E	 54.42  
 544 P	 31.88  
 545 N	 40.61  
 546 Q	 53.22  
 547 L	 4.13  
 548 L	 4.21  
 549 R	 40.27  
 550 V	 6.38  
 551 K	 32.15  
 552 R	 38.54  
 553 Q	 49.39  
 554 A	 12.79  
 555 K	 30.52  
 556 H	 35.48  
 557 L	 5.26  
 558 I	 4.69  
 559 K	 47.85  
 560 D	 51.90  
 561 S	 20.50  
 562 L	 9.04  
 563 N	 41.42  
 564 I	 3.80  
 565 F	 6.24  
 566 K	 32.81  
 567 L	 2.92  
 568 R	 19.98  
 569 I	 5.46  
 570 V	 3.32  
 571 L	 6.22  
 572 S	 18.85  
 573 P	 29.74  
 574 P	 24.02  
 575 C	 5.22  
 576 S	 27.65  
 577 F	 8.98  
 578 L	 1.48  
 579 V	 5.15  
 580 W	 8.41  
 581 T	 10.84  
 582 P	 20.07  
 583 L	 5.87  
 584 T	 25.99  
 585 Q	 41.75  
 586 H	 19.21  
 587 S	 17.16  
 588 Q	 34.60  
 589 I	 4.26  
 590 I	 2.58  
 591 S	 33.40  
 592 K	 35.79  
 593 F	 6.16  
 594 K	 35.76  
 595 L	 5.23  
 596 M	 4.65  
 597 Y	 17.90  
 598 K	 37.36  
 599 E	 30.09  
 600 V	 6.18  
 601 S	 29.95  
 602 S	 40.90  
 603 S	 25.22  
 604 K	 55.69  
 605 W	 8.56  
 606 I	 2.75  
 607 K	 32.70  
 608 L	 3.03  
 609 I	 3.68  
 610 G	 35.49  
 611 G	 16.02  
 612 M	 2.82  
 613 D	 40.84  
 614 H	 11.80  
 615 F	 8.19  
 616 R	 28.72  
 617 C	 4.69  
 618 P	 26.37  
 619 P	 50.91  
 620 G	 16.92  
 621 I	 4.91  
 622 A	 32.02  
 623 D	 45.24  
 624 P	 27.60  
 625 E	 63.26  
 626 D	 44.16  
 627 Y	 7.44  
 628 C	 2.43  
 629 Y	 15.62  
 630 Q	 32.89  
 631 L	 1.60  
 632 K	 37.73  
 633 G	 35.99  
 634 L	 2.84  
 635 F	 7.35  
 636 F	 13.86  
 637 G	 9.65  
 638 V	 2.33  
 639 H	 18.00  
 640 Y	 10.49  
 641 I	 1.25  
 642 S	 17.91  
 643 S	 13.14  
 644 I	 4.10  
 645 S	 20.40  
 646 Y	 14.35  
 647 K	 41.88  
 648 L	 3.23  
 649 T	 36.71  
 650 N	 67.33  
 651 G	 25.23  
 652 E	 59.43  
 653 E	 68.34  
 654 L	 4.31  
 655 P	 38.70  
 656 S	 56.20  
 657 S	 40.29  
 658 N	 47.71  
 659 P	 29.21  
 660 L	 6.41  
 661 H	 18.20  
 662 F	 8.12  
 663 T	 18.44  
 664 L	 1.95  
 665 V	 4.89  
 666 Q	 36.63  
 667 L	 6.67  
 668 D	 31.73  
 669 G	 27.98  
 670 S	 22.41  
 671 A	 28.99  
 672 A	 15.11  
 673 P	 37.09  
 674 S	 46.74  
 675 N	 39.78  
 676 E	 53.52  
 677 R	 30.85  
 678 V	 4.13  
 679 T	 30.24  
 680 L	 3.71  
 681 T	 27.45  
 682 Q	 28.52  
 683 P	 33.70  
 684 R	 34.95  
 685 I	 7.80  
 686 E	 39.50  
 687 Q	 41.76  
 688 S	 18.54  
 689 A	 14.52  
 690 S	 30.27  
 691 R	 34.56  
 692 S	 14.49  
 693 V	 4.62  
 694 A	 11.00  
 695 Y	 8.96  
 696 W	 3.79  
 697 S	 8.34  
 698 V	 3.27  
 699 V	 5.72  
 700 G	 19.28  
 701 D	 25.99  
 702 R	 20.65  
 703 A	 15.83  
 704 A	 15.06  
 705 V	 4.00  
 706 T	 25.01  
 707 E	 27.63  
 708 Y	 12.41  
 709 Q	 21.85  
 710 V	 6.90  
 711 D	 18.30  
 712 I	 3.83  
 713 R	 29.10  
 714 S	 40.31  
 715 T	 31.84  
 716 D	 51.03  
 717 E	 49.02  
 718 R	 44.31  
 719 S	 20.90  
 720 W	 9.85  
 721 R	 29.96  
 722 A	 12.08  
 723 V	 9.25  
 724 E	 30.76  
 725 P	 32.95  
 726 S	 23.88  
 727 V	 11.80  
 728 Q	 52.67  
 729 N	 47.31  
 730 E	 34.22  
 731 Q	 48.68  
 732 S	 30.76  
 733 Q	 31.80  
 734 T	 26.56  
 735 H	 9.70  
 736 Y	 19.75  
 737 R	 23.40  
 738 L	 3.02  
 739 P	 25.99  
 740 L	 8.93  
 741 G	 28.17  
 742 Q	 37.23  
 743 L	 5.44  
 744 N	 21.30  
 745 V	 6.39  
 746 A	 8.62  
 747 S	 17.19  
 748 T	 15.90  
 749 Y	 10.74  
 750 L	 1.69  
 751 V	 3.61  
 752 R	 15.03  
 753 V	 3.07  
 754 R	 20.90  
 755 A	 16.92  
 756 L	 4.62  
 757 D	 43.51  
 758 S	 23.67  
 759 S	 26.12  
 760 R	 37.92  
 761 A	 14.36  
 762 T	 15.01  
 763 V	 5.51  
 764 A	 9.67  
 765 T	 36.51  
 766 S	 13.71  
 767 P	 29.56  
 768 S	 35.99  
 769 A	 20.27  
 770 S	 23.53  
 771 F	 6.15  
 772 S	 16.22  
 773 V	 6.13  
 774 L	 1.31  
 775 C	 3.43  
 776 Q	 46.09  
 777 V	 3.84  
 778 P	 10.01  
 779 S	 58.56  
 780 A	 14.89  
 781 P	 37.72  
 782 E	 68.99  
 783 N	 24.13  
 784 V	 7.62  
 785 R	 42.27  
 786 L	 4.25  
 787 E	 40.24  
 788 R	 41.68  
 789 V	 5.58  
 790 S	 26.33  
 791 E	 45.11  
 792 Q	 37.44  
 793 L	 2.18  
 794 V	 3.80  
 795 R	 27.47  
 796 A	 12.86  
 797 A	 10.47  
 798 W	 12.67  
 799 D	 33.41  
 800 S	 24.18  
 801 S	 35.18  
 802 Q	 53.48  
 803 E	 59.65  
 804 S	 32.09  
 805 G	 38.67  
 806 D	 36.24  
 807 C	 3.10  
 808 Q	 46.00  
 809 S	 30.18  
 810 Y	 4.07  
 811 F	 4.29  
 812 F	 3.57  
 813 I	 2.79  
 814 T	 24.63  
 815 G	 23.43  
 816 Q	 25.56  
 817 Q	 58.32  
 818 N	 36.33  
 819 G	 17.60  
 820 Q	 46.77  
 821 A	 12.23  
 822 I	 3.29  
 823 N	 26.99  
 824 Q	 41.45  
 825 R	 31.91  
 826 V	 4.54  
 827 P	 38.47  
 828 G	 39.04  
 829 S	 24.63  
 830 D	 53.44  
 831 R	 40.03  
 832 S	 29.18  
 833 V	 6.85  
 834 D	 26.68  
 835 I	 4.36  
 836 A	 13.83  
 837 G	 28.32  
 838 S	 15.51  
 839 S	 36.95  
 840 Q	 56.41  
 841 G	 38.09  
 842 D	 23.52  
 843 W	 14.79  
 844 R	 17.46  
 845 V	 5.56  
 846 Q	 15.60  
 847 V	 5.42  
 848 R	 26.67  
 849 G	 20.40  
 850 V	 3.94  
 851 N	 27.34  
 852 T	 29.95  
 853 A	 12.64  
 854 G	 25.27  
 855 S	 36.71  
 856 G	 40.50  
 857 T	 21.56  
 858 P	 30.78  
 859 S	 42.50  
 860 R	 38.29  
 861 D	 48.64  
 862 A	 9.55  
 863 I	 3.29  
 864 F	 6.06  
 865 A	 9.10  
 866 S	 18.56  
 867 S	 27.02  
 868 A	 14.67  
 869 Q	 43.67  
 870 Q	 38.33  
 871 S	 19.99  
 872 R	 42.42  
 873 R	 52.34  
 874 S	 31.17  
 875 K	 47.05  
 876 R	 35.25  
 877 S	 30.73  
 878 V	 5.08  
 879 C	 6.68  
 880 D	 33.29  
 881 P	 35.62  
 882 R	 33.41  
 883 T	 40.72  
 884 D	 36.01  
 885 F	 9.02  
 886 W	 5.92  
 887 C	 4.02  
 888 K	 52.66  
 889 G	 37.74  
 890 E	 31.25  
 891 F	 13.12  
 892 S	 31.90  
 893 N	 53.63  
 894 S	 24.90  
 895 P	 39.42  
 896 L	 10.99  
 897 R	 57.70  
 898 E	 62.23  
 899 P	 34.33  
 900 D	 65.60  
 901 S	 49.61  
 902 G	 31.41  
 903 E	 42.28  
 904 A	 19.86  
 905 L	 1.74  
 906 C	 5.69  
 907 S	 42.15  
 908 T	 17.70  
 909 P	 14.21  
 910 R	 35.85  
 911 V	 5.67  
 912 L	 4.26  
 913 A	 16.28  
 914 Q	 45.95  
 915 E	 47.29  
 916 N	 36.99  
 917 D	 36.70  
 918 L	 7.96  
 919 I	 3.14  
 920 V	 8.65  
 921 K	 41.74  
 922 W	 9.86  
 923 K	 32.67  
 924 S	 45.77  
 925 E	 58.54  
 926 G	 50.17  
 927 D	 39.29  
 928 G	 38.81  
 929 R	 35.82  
 930 G	 23.64  
 931 V	 3.01  
 932 Y	 18.13  
 933 G	 12.03  
 934 Y	 4.90  
 935 H	 11.53  
 936 V	 4.30  
 937 Q	 20.47  
 938 F	 9.84  
 939 R	 32.25  
 940 N	 54.83  
 941 E	 48.82  
 942 N	 49.74  
 943 S	 39.59  
 944 G	 41.29  
 945 W	 6.94  
 946 K	 35.08  
 947 T	 26.78  
 948 Y	 10.11  
 949 G	 21.41  
 950 Q	 28.95  
 951 L	 3.48  
 952 V	 2.18  
 953 P	 30.41  
 954 Y	 10.71  
 955 V	 5.19  
 956 R	 24.60  
 957 D	 49.11  
 958 N	 18.02  
 959 M	 4.95  
 960 E	 52.24  
 961 Y	 8.06  
 962 T	 11.19  
 963 Q	 33.34  
 964 T	 20.63  
 965 L	 2.28  
 966 T	 43.01  
 967 G	 28.75  
 968 L	 3.23  
 969 E	 58.94  
 970 R	 47.44  
 971 G	 10.62  
 972 H	 24.39  
 973 A	 12.07  
 974 Y	 9.44  
 975 F	 3.02  
 976 I	 1.71  
 977 H	 8.28  
 978 V	 3.44  
 979 Q	 18.85  
 980 V	 6.12  
 981 L	 2.60  
 982 D	 49.19  
 983 R	 29.81  
 984 N	 37.04  
 985 S	 21.72  
 986 Y	 7.87  
 987 V	 2.07  
 988 M	 1.99  
 989 Y	 6.36  
 990 T	 10.25  
 991 S	 13.56  
 992 A	 12.89  
 993 Q	 37.37  
 994 S	 31.79  
 995 S	 27.86  
 996 A	 22.46  
 997 K	 44.87  
 998 S	 35.97  
 999 S	 20.22  
 1000 C	 10.26  
 1001 S	 35.54  
 1002 P	 41.98  
 1003 P	 22.10  
 1004 T	 41.59  
 1005 H	 41.37  
 1006 T	 29.03  
 1007 P	 16.49  
 1008 S	 37.68  
 1009 H	 22.83  
 1010 L	 5.27  
 1011 Q	 19.85  
 1012 V	 6.54  
 1013 A	 10.58  
 1014 A	 12.03  
 1015 P	 28.15  
 1016 D	 56.85  
 1017 A	 10.65  
 1018 S	 29.87  
 1019 H	 17.08  
 1020 V	 6.25  
 1021 R	 14.97  
 1022 V	 5.61  
 1023 Q	 14.79  
 1024 W	 9.26  
 1025 A	 7.97  
 1026 L	 6.07  
 1027 P	 19.69  
 1028 P	 41.42  
 1029 Q	 52.10  
 1030 S	 31.72  
 1031 T	 22.19  
 1032 W	 15.84  
 1033 G	 10.92  
 1034 C	 2.20  
 1035 S	 33.53  
 1036 D	 42.67  
 1037 I	 2.65  
 1038 Q	 34.60  
 1039 F	 10.24  
 1040 E	 25.08  
 1041 I	 9.76  
 1042 Q	 31.96  
 1043 P	 54.29  
 1044 E	 65.34  
 1045 E	 47.16  
 1046 P	 44.00  
 1047 R	 60.71  
 1048 G	 48.84  
 1049 Q	 24.86  
 1050 P	 29.82  
 1051 A	 9.00  
 1052 V	 4.68  
 1053 V	 5.64  
 1054 L	 4.72  
 1055 G	 16.09  
 1056 S	 14.30  
 1057 H	 32.89  
 1058 Q	 46.53  
 1059 T	 19.49  
 1060 S	 14.17  
 1061 H	 31.85  
 1062 I	 3.33  
 1063 F	 5.03  
 1064 N	 36.34  
 1065 S	 34.06  
 1066 A	 14.25  
 1067 P	 31.26  
 1068 N	 44.02  
 1069 Q	 33.39  
 1070 M	 3.51  
 1071 W	 7.10  
 1072 S	 14.27  
 1073 V	 3.36  
 1074 K	 22.43  
 1075 I	 3.18  
 1076 R	 24.56  
 1077 A	 14.59  
 1078 I	 2.76  
 1079 N	 25.48  
 1080 S	 29.52  
 1081 A	 18.41  
 1082 G	 18.33  
 1083 H	 17.66  
 1084 S	 25.28  
 1085 A	 14.42  
 1086 W	 13.11  
 1087 T	 11.63  
 1088 P	 18.20  
 1089 A	 12.58  
 1090 A	 20.83  
 1091 Q	 45.71  
 1092 T	 31.96  
 1093 K	 47.13  
 1094 T	 37.80  
 1095 P	 27.39  
 1096 P	 69.52  
 1097 G	 43.33  
 1098 G	 32.10  
 1099 E	 42.59  
 1100 L	 3.80  
 1101 I	 2.73  
 1102 I	 11.65  
 1103 G	 12.83  
 1104 P	 28.55  
 1105 D	 36.46  
 1106 V	 6.44  
 1107 S	 23.21  
 1108 Y	 13.55  
 1109 R	 31.13  
 1110 Q	 56.90  
 1111 G	 28.80  
 1112 K	 25.38  
 1113 P	 35.65  
 1114 I	 4.43  
 1115 I	 4.36  
 1116 S	 19.70  
 1117 W	 9.73  
 1118 R	 30.93  
 1119 S	 37.76  
 1120 K	 46.54  
 1121 E	 71.22  
 1122 N	 48.17  
 1123 T	 31.07  
 1124 N	 54.39  
 1125 D	 47.16  
 1126 L	 5.19  
 1127 I	 4.67  
 1128 E	 45.48  
 1129 S	 17.42  
 1130 F	 4.76  
 1131 V	 7.06  
 1132 L	 6.47  
 1133 E	 47.78  
 1134 W	 8.85  
 1135 K	 28.66  
 1136 S	 41.45  
 1137 T	 30.75  
 1138 T	 40.75  
 1139 E	 42.75  
 1140 S	 32.86  
 1141 S	 21.75  
 1142 W	 17.15  
 1143 R	 25.11  
 1144 Q	 33.36  
 1145 H	 23.94  
 1146 R	 42.13  
 1147 N	 36.41  
 1148 P	 28.96  
 1149 I	 6.89  
 1150 P	 20.14  
 1151 Y	 27.33  
 1152 N	 39.61  
 1153 G	 18.95  
 1154 W	 6.33  
 1155 Q	 37.56  
 1156 R	 26.14  
 1157 P	 15.62  
 1158 Y	 24.42  
 1159 S	 16.31  
 1160 V	 6.09  
 1161 D	 42.91  
 1162 L	 5.56  
 1163 G	 29.90  
 1164 E	 65.65  
 1165 L	 3.49  
 1166 P	 33.53  
 1167 Q	 69.77  
 1168 G	 17.11  
 1169 H	 19.02  
 1170 T	 23.60  
 1171 Y	 10.19  
 1172 Q	 21.11  
 1173 V	 2.96  
 1174 R	 11.35  
 1175 I	 3.57  
 1176 V	 3.67  
 1177 A	 14.25  
 1178 K	 63.92  
 1179 D	 35.65  
 1180 P	 31.54  
 1181 N	 74.71  
 1182 R	 45.17  
 1183 G	 29.75  
 1184 N	 26.91  
 1185 A	 16.29  
 1186 Y	 16.26  
 1187 T	 24.92  
 1188 S	 11.74  
 1189 P	 23.62  
 1190 V	 4.75  
 1191 V	 5.39  
 1192 Q	 23.10  
 1193 V	 4.49  
 1194 Q	 19.41  
 1195 T	 31.19  
 1196 Q	 17.89  
 1197 S	 40.72  
 1198 Q	 23.94  
 1199 C	 5.00  
 1200 K	 54.51  
 1201 A	 15.51  
 1202 P	 16.28  
 1203 R	 52.86  
 1204 R	 43.81  
 1205 A	 12.62  
 1206 P	 27.47  
 1207 A	 28.73  
 1208 D	 30.26  
 1209 V	 7.04  
 1210 Q	 30.44  
 1211 V	 6.81  
 1212 S	 9.41  
 1213 P	 42.34  
 1214 L	 11.33  
 1215 G	 26.96  
 1216 P	 28.90  
 1217 T	 34.53  
 1218 Q	 25.32  
 1219 I	 5.25  
 1220 R	 12.54  
 1221 V	 6.26  
 1222 Q	 22.29  
 1223 W	 9.29  
 1224 A	 4.62  
 1225 P	 31.15  
 1226 L	 5.59  
 1227 H	 35.16  
 1228 E	 59.02  
 1229 S	 36.84  
 1230 E	 39.46  
 1231 W	 21.74  
 1232 N	 17.48  
 1233 C	 3.18  
 1234 D	 45.56  
 1235 R	 29.35  
 1236 L	 2.32  
 1237 W	 5.02  
 1238 Y	 10.63  
 1239 I	 1.94  
 1240 V	 2.40  
 1241 K	 23.45  
 1242 H	 26.47  
 1243 S	 35.74  
 1244 T	 28.72  
 1245 P	 33.85  
 1246 Q	 55.77  
 1247 N	 45.18  
 1248 Q	 54.15  
 1249 G	 42.94  
 1250 F	 3.23  
 1251 K	 58.85  
 1252 N	 50.24  
 1253 L	 3.97  
 1254 T	 51.04  
 1255 N	 59.97  
 1256 G	 26.45  
 1257 E	 49.95  
 1258 N	 36.09  
 1259 F	 4.28  
 1260 V	 6.72  
 1261 V	 3.74  
 1262 F	 6.64  
 1263 D	 40.29  
 1264 S	 29.08  
 1265 D	 41.91  
 1266 P	 37.71  
 1267 Y	 19.29  
 1268 T	 32.28  
 1269 Q	 27.54  
 1270 W	 12.04  
 1271 N	 17.24  
 1272 F	 9.92  
 1273 E	 30.43  
 1274 V	 4.03  
 1275 Q	 27.79  
 1276 A	 17.87  
 1277 A	 12.87  
 1278 N	 29.94  
 1279 P	 36.59  
 1280 A	 33.90  
 1281 G	 36.02  
 1282 E	 41.69  
 1283 S	 35.71  
 1284 Q	 37.55  
 1285 W	 10.08  
 1286 S	 15.31  
 1287 R	 33.42  
 1288 A	 11.36  
 1289 Q	 37.88  
 1290 S	 22.74  
 1291 A	 12.36  
 1292 Q	 39.33  
 1293 T	 27.32  
 1294 Q	 32.08  
 1295 G	 22.42  
 1296 V	 4.11  
 1297 A	 12.02  
 1298 P	 28.95  
 1299 G	 23.97  
 1300 A	 9.01  
 1301 V	 4.49  
 1302 A	 14.60  
 1303 N	 23.06  
 1304 L	 4.01  
 1305 R	 25.49  
 1306 V	 10.01  
 1307 Q	 19.91  
 1308 P	 30.55  
 1309 I	 7.56  
 1310 G	 27.01  
 1311 P	 28.83  
 1312 D	 57.68  
 1313 S	 24.39  
 1314 L	 8.52  
 1315 Q	 24.13  
 1316 C	 5.61  
 1317 S	 18.78  
 1318 W	 23.48  
 1319 Q	 19.00  
 1320 P	 28.66  
 1321 P	 24.34  
 1322 V	 27.33  
 1323 N	 30.05  
 1324 P	 44.90  
 1325 N	 47.36  
 1326 G	 24.51  
 1327 R	 35.11  
 1328 I	 2.74  
 1329 T	 24.60  
 1330 Q	 29.98  
 1331 Y	 12.06  
 1332 E	 20.68  
 1333 V	 5.27  
 1334 T	 8.13  
 1335 Y	 13.39  
 1336 Q	 23.97  
 1337 L	 2.43  
 1338 I	 1.23  
 1339 S	 42.60  
 1340 R	 33.09  
 1341 G	 32.12  
 1342 N	 28.94  
 1343 C	 7.06  
 1344 D	 62.20  
 1345 N	 55.04  
 1346 N	 28.02  
 1347 Q	 55.25  
 1348 E	 63.87  
 1349 A	 6.79  
 1350 P	 32.94  
 1351 R	 45.89  
 1352 T	 21.68  
 1353 I	 4.23  
 1354 T	 13.80  
 1355 V	 7.43  
 1356 N	 50.02  
 1357 G	 16.84  
 1358 P	 17.76  
 1359 H	 33.60  
 1360 F	 6.26  
 1361 T	 18.00  
 1362 I	 2.55  
 1363 T	 30.54  
 1364 G	 20.38  
 1365 L	 4.20  
 1366 H	 21.26  
 1367 P	 38.19  
 1368 H	 26.61  
 1369 S	 35.51  
 1370 K	 33.76  
 1371 Y	 17.34  
 1372 R	 23.58  
 1373 V	 7.02  
 1374 G	 8.37  
 1375 V	 4.24  
 1376 A	 11.84  
 1377 A	 17.26  
 1378 K	 32.59  
 1379 S	 31.83  
 1380 N	 35.22  
 1381 V	 7.79  
 1382 G	 31.92  
 1383 A	 16.64  
 1384 G	 19.81  
 1385 E	 49.75  
 1386 R	 23.54  
 1387 V	 7.15  
 1388 S	 26.89  
 1389 L	 6.51  
 1390 E	 26.08  
 1391 I	 6.92  
 1392 Q	 29.65  
 1393 T	 35.42  
 1394 D	 21.53  
 1395 Q	 42.69  
 1396 A	 24.93  
 1397 A	 7.99  
 1398 P	 35.99  
 1399 S	 42.75  
 1400 G	 30.10  
 1401 A	 8.68  
 1402 P	 25.68  
 1403 L	 6.62  
 1404 Y	 7.96  
 1405 L	 7.81  
 1406 R	 23.63  
 1407 T	 35.10  
 1408 E	 45.03  
 1409 D	 41.40  
 1410 I	 4.65  
 1411 R	 40.15  
 1412 P	 33.03  
 1413 T	 38.90  
 1414 D	 34.54  
 1415 V	 6.35  
 1416 S	 17.45  
 1417 I	 4.95  
 1418 S	 12.96  
 1419 W	 9.18  
 1420 Q	 36.88  
 1421 A	 12.07  
 1422 P	 12.68  
 1423 P	 34.17  
 1424 C	 4.24  
 1425 L	 9.67  
 1426 Q	 39.37  
 1427 T	 32.04  
 1428 N	 32.89  
 1429 G	 30.94  
 1430 E	 49.13  
 1431 I	 3.63  
 1432 T	 28.36  
 1433 E	 41.87  
 1434 Y	 18.37  
 1435 E	 29.05  
 1436 Y	 18.13  
 1437 E	 22.81  
 1438 V	 4.32  
 1439 T	 17.00  
 1440 A	 24.06  
 1441 G	 21.42  
 1442 D	 39.87  
 1443 R	 31.52  
 1444 R	 41.06  
 1445 Q	 47.09  
 1446 T	 24.08  
 1447 V	 4.09  
 1448 Q	 40.54  
 1449 K	 53.75  
 1450 T	 23.42  
 1451 T	 33.79  
 1452 E	 56.76  
 1453 N	 27.45  
 1454 I	 3.32  
 1455 R	 52.60  
 1456 G	 18.76  
 1457 T	 20.01  
 1458 R	 36.39  
 1459 A	 19.60  
 1460 K	 47.46  
 1461 I	 4.07  
 1462 E	 51.70  
 1463 N	 47.66  
 1464 L	 5.22  
 1465 Q	 39.37  
 1466 P	 40.45  
 1467 Q	 26.16  
 1468 T	 41.63  
 1469 R	 18.77  
 1470 Y	 27.91  
 1471 N	 24.68  
 1472 V	 4.49  
 1473 K	 23.51  
 1474 V	 3.54  
 1475 R	 19.03  
 1476 A	 14.71  
 1477 Y	 7.14  
 1478 T	 14.64  
 1479 A	 8.67  
 1480 R	 27.91  
 1481 G	 32.21  
 1482 A	 18.47  
 1483 G	 27.34  
 1484 P	 22.70  
 1485 W	 19.57  
 1486 S	 20.16  
 1487 T	 36.81  
 1488 E	 42.55  
 1489 V	 6.11  
 1490 P	 14.92  
 1491 F	 17.46  
 1492 Q	 28.60  
 1493 T	 22.41  
 1494 S	 21.44  
 1495 A	 24.17  
 1496 G	 29.40  
 1497 Q	 31.24  
 1498 Q	 51.66  
 1499 N	 21.71  
 1500 V	 4.45  
 1501 Q	 49.76  
 1502 A	 11.25  
 1503 P	 21.47  
 1504 G	 42.89  
 1505 F	 4.71  
 1506 V	 5.34  
 1507 K	 36.50  
 1508 V	 3.88  
 1509 L	 2.19  
 1510 H	 25.83  
 1511 T	 29.88  
 1512 G	 21.86  
 1513 A	 14.19  
 1514 D	 52.95  
 1515 N	 29.11  
 1516 A	 12.48  
 1517 Q	 42.68  
 1518 L	 3.82  
 1519 V	 2.65  
 1520 W	 11.09  
 1521 Q	 27.35  
 1522 S	 15.64  
 1523 P	 33.24  
 1524 Y	 22.38  
 1525 P	 43.88  
 1526 N	 36.46  
 1527 P	 30.87  
 1528 G	 41.56  
 1529 Y	 13.51  
 1530 V	 6.75  
 1531 D	 39.83  
 1532 K	 36.24  
 1533 Y	 15.74  
 1534 K	 20.27  
 1535 C	 3.50  
 1536 R	 26.88  
 1537 Y	 32.13  
 1538 A	 3.42  
 1539 P	 25.10  
 1540 S	 46.42  
 1541 G	 26.87  
 1542 T	 19.48  
 1543 Q	 43.43  
 1544 Q	 41.54  
 1545 Y	 11.52  
 1546 Q	 34.75  
 1547 E	 43.44  
 1548 R	 28.10  
 1549 Q	 48.17  
 1550 F	 5.41  
 1551 P	 24.34  
 1552 A	 18.73  
 1553 V	 7.17  
 1554 S	 23.28  
 1555 P	 17.21  
 1556 C	 4.13  
 1557 Q	 44.89  
 1558 Q	 46.06  
 1559 R	 17.36  
 1560 Q	 37.24  
 1561 I	 5.26  
 1562 E	 39.62  
 1563 R	 32.11  
 1564 Q	 42.92  
 1565 N	 60.97  
 1566 L	 2.86  
 1567 P	 39.90  
 1568 Q	 72.27  
 1569 S	 30.99  
 1570 P	 31.83  
 1571 P	 59.65  
 1572 G	 28.87  
 1573 S	 37.13  
 1574 R	 34.07  
 1575 L	 4.14  
 1576 H	 15.75  
 1577 C	 4.66  
 1578 G	 23.89  
 1579 R	 38.14  
 1580 I	 2.21  
 1581 E	 49.18  
 1582 N	 38.69  
 1583 L	 6.66  
 1584 R	 44.27  
 1585 P	 41.01  
 1586 E	 49.47  
 1587 Q	 48.30  
 1588 T	 24.32  
 1589 Y	 17.91  
 1590 D	 30.78  
 1591 F	 5.64  
 1592 Q	 25.92  
 1593 V	 5.72  
 1594 S	 11.24  
 1595 A	 16.79  
 1596 H	 21.47  
 1597 V	 8.03  
 1598 K	 35.99  
 1599 D	 51.82  
 1600 S	 30.63  
 1601 G	 43.42  
 1602 W	 14.45  
 1603 G	 18.13  
 1604 P	 21.66  
 1605 Y	 29.85  
 1606 S	 36.79  
 1607 P	 29.00  
 1608 P	 37.45  
 1609 E	 76.11  
 1610 R	 45.69  
 1611 T	 28.36  
 1612 K	 54.07  
 1613 V	 7.69  
 1614 T	 26.27  
 1615 E	 39.42  
 1616 S	 25.11  
 1617 A	 6.91  
 1618 V	 5.87  
 1619 Q	 26.39  
 1620 V	 3.44  
 1621 L	 1.98  
 1622 F	 8.76  
 1623 V	 5.58  
 1624 K	 31.19  
 1625 K	 41.08  
 1626 I	 6.65  
 1627 G	 42.31  
 1628 G	 34.95  
 1629 S	 28.52  
 1630 E	 54.86  
 1631 N	 52.12  
 1632 S	 19.78  
 1633 L	 7.68  
 1634 H	 15.91  
 1635 I	 7.27  
 1636 N	 20.39  
 1637 W	 12.60  
 1638 D	 23.27  
 1639 V	 7.86  
 1640 R	 26.85  
 1641 P	 54.74  
 1642 D	 69.79  
 1643 D	 53.46  
 1644 K	 54.77  
 1645 N	 51.12  
 1646 R	 32.67  
 1647 V	 6.73  
 1648 T	 19.49  
 1649 A	 6.72  
 1650 F	 4.19  
 1651 R	 22.62  
 1652 I	 2.50  
 1653 T	 15.93  
 1654 V	 5.71  
 1655 V	 2.36  
 1656 P	 23.39  
 1657 Q	 56.96  
 1658 D	 53.28  
 1659 G	 22.04  
 1660 S	 30.61  
 1661 Q	 55.35  
 1662 R	 32.22  
 1663 S	 26.40  
 1664 Q	 52.91  
 1665 T	 20.58  
 1666 F	 6.95  
 1667 N	 37.86  
 1668 V	 4.62  
 1669 D	 35.28  
 1670 R	 25.25  
 1671 A	 13.24  
 1672 T	 16.44  
 1673 Y	 11.54  
 1674 Q	 19.37  
 1675 Y	 10.10  
 1676 R	 17.79  
 1677 I	 3.33  
 1678 D	 38.83  
 1679 N	 35.26  
 1680 L	 7.66  
 1681 R	 25.55  
 1682 P	 40.93  
 1683 R	 33.01  
 1684 T	 35.99  
 1685 T	 17.87  
 1686 Y	 13.66  
 1687 N	 22.38  
 1688 V	 3.83  
 1689 T	 12.71  
 1690 V	 2.97  
 1691 S	 11.65  
 1692 A	 16.43  
 1693 A	 11.61  
 1694 T	 32.95  
 1695 H	 21.25  
 1696 K	 42.67  
 1697 E	 31.91  
 1698 M	 2.84  
 1699 C	 4.82  
 1700 G	 34.87  
 1701 G	 13.78  
 1702 T	 9.20  
 1703 A	 11.00  
 1704 A	 7.46  
 1705 V	 3.04  
 1706 M	 2.61  
 1707 T	 18.22  
 1708 T	 12.92  
 1709 D	 25.66  
 1710 A	 7.79  
 1711 A	 13.05  
 1712 A	 13.73  
 1713 L	 2.17  
 1714 T	 22.33  
 1715 A	 10.60  
 1716 L	 3.83  
 1717 S	 21.76  
 1718 T	 41.34  
 1719 A	 6.11  
 1720 P	 31.03  
 1721 R	 29.97  
 1722 V	 4.78  
 1723 I	 4.16  
 1724 A	 16.55  
 1725 E	 54.08  
 1726 E	 44.87  
 1727 P	 23.97  
 1728 T	 35.72  
 1729 S	 28.57  
 1730 I	 5.04  
 1731 T	 16.77  
 1732 I	 5.74  
 1733 E	 36.22  
 1734 W	 12.67  
 1735 E	 27.34  
 1736 S	 35.61  
 1737 R	 34.41  
 1738 N	 56.26  
 1739 R	 33.75  
 1740 E	 56.04  
 1741 A	 21.85  
 1742 G	 27.13  
 1743 G	 19.02  
 1744 F	 5.75  
 1745 I	 2.32  
 1746 V	 5.03  
 1747 E	 21.81  
 1748 Y	 15.03  
 1749 R	 16.86  
 1750 L	 7.59  
 1751 E	 46.73  
 1752 G	 35.39  
 1753 G	 17.80  
 1754 A	 16.26  
 1755 W	 6.78  
 1756 Q	 26.35  
 1757 Q	 24.13  
 1758 Y	 6.23  
 1759 A	 7.02  
 1760 R	 31.93  
 1761 R	 30.94  
 1762 I	 2.70  
 1763 P	 23.78  
 1764 A	 25.50  
 1765 H	 19.72  
 1766 P	 30.18  
 1767 S	 30.23  
 1768 Q	 42.17  
 1769 T	 26.55  
 1770 T	 15.96  
 1771 Y	 9.58  
 1772 T	 17.48  
 1773 A	 8.66  
 1774 T	 16.01  
 1775 V	 5.22  
 1776 D	 48.86  
 1777 G	 29.26  
 1778 L	 4.01  
 1779 P	 29.18  
 1780 T	 40.63  
 1781 N	 28.88  
 1782 A	 12.75  
 1783 V	 3.60  
 1784 V	 5.50  
 1785 D	 23.35  
 1786 L	 3.54  
 1787 R	 15.10  
 1788 V	 7.67  
 1789 R	 19.38  
 1790 V	 4.43  
 1791 V	 2.75  
 1792 S	 24.16  
 1793 Q	 38.21  
 1794 Q	 48.17  
 1795 N	 41.45  
 1796 E	 51.56  
 1797 Q	 56.93  
 1798 S	 44.52  
 1799 N	 40.54  
 1800 P	 57.41  
 1801 S	 37.63  
 1802 P	 45.41  
 1803 E	 49.31  
 1804 V	 7.05  
 1805 R	 19.38  
 1806 A	 28.77  
 1807 R	 24.93  
 1808 T	 35.10  
 1809 K	 27.45  
 1810 C	 7.94  
 1811 S	 35.16  
 1812 P	 45.73  
 1813 P	 29.25  
 1814 T	 58.19  
 1815 S	 40.12  
 1816 P	 27.93  
 1817 P	 43.24  
 1818 Q	 67.41  
 1819 G	 18.25  
 1820 V	 4.55  
 1821 R	 27.67  
 1822 V	 7.37  
 1823 D	 42.04  
 1824 A	 9.33  
 1825 P	 36.90  
 1826 S	 45.65  
 1827 T	 34.05  
 1828 N	 50.53  
 1829 E	 31.61  
 1830 V	 8.75  
 1831 R	 15.58  
 1832 V	 7.27  
 1833 S	 12.40  
 1834 W	 8.07  
 1835 A	 10.48  
 1836 R	 26.00  
 1837 P	 39.58  
 1838 A	 16.51  
 1839 K	 58.56  
 1840 N	 40.87  
 1841 T	 17.55  
 1842 W	 8.52  
 1843 M	 1.37  
 1844 C	 2.18  
 1845 D	 34.36  
 1846 Q	 22.03  
 1847 M	 3.76  
 1848 N	 23.72  
 1849 V	 6.08  
 1850 E	 22.63  
 1851 I	 3.69  
 1852 S	 8.06  
 1853 Y	 18.25  
 1854 R	 24.07  
 1855 V	 6.84  
 1856 G	 20.32  
 1857 N	 51.91  
 1858 Q	 41.42  
 1859 P	 47.58  
 1860 E	 46.14  
 1861 K	 49.59  
 1862 V	 5.30  
 1863 L	 6.22  
 1864 T	 27.87  
 1865 V	 4.33  
 1866 P	 35.09  
 1867 G	 35.01  
 1868 D	 46.27  
 1869 Q	 41.99  
 1870 T	 35.38  
 1871 E	 36.62  
 1872 Y	 19.64  
 1873 T	 19.53  
 1874 F	 5.44  
 1875 P	 28.10  
 1876 A	 40.46  
 1877 E	 45.05  
 1878 P	 44.34  
 1879 N	 35.24  
 1880 Q	 51.86  
 1881 R	 34.49  
 1882 W	 6.89  
 1883 V	 2.72  
 1884 V	 3.71  
 1885 K	 23.72  
 1886 L	 2.81  
 1887 R	 33.38  
 1888 A	 22.72  
 1889 T	 21.54  
 1890 N	 33.29  
 1891 Q	 36.27  
 1892 V	 9.72  
 1893 G	 16.30  
 1894 S	 22.09  
 1895 S	 29.73  
 1896 Q	 46.49  
 1897 W	 20.15  
 1898 S	 15.77  
 1899 P	 40.46  
 1900 E	 51.98  
 1901 Q	 43.44  
 1902 S	 21.90  
 1903 I	 4.57  
 1904 T	 22.60  
 1905 T	 21.23  
 1906 R	 25.04  
 1907 Q	 50.75  
 1908 G	 30.37  
 1909 A	 9.28  
 1910 P	 42.28  
 1911 G	 37.93  
 1912 S	 16.96  
 1913 V	 7.37  
 1914 R	 38.65  
 1915 D	 36.35  
 1916 L	 4.80  
 1917 R	 31.98  
 1918 V	 5.74  
 1919 K	 36.86  
 1920 A	 15.49  
 1921 L	 7.88  
 1922 S	 30.45  
 1923 P	 41.68  
 1924 N	 61.62  
 1925 E	 37.07  
 1926 V	 7.33  
 1927 H	 10.40  
 1928 V	 5.44  
 1929 Q	 18.00  
 1930 W	 8.06  
 1931 L	 1.64  
 1932 A	 7.76  
 1933 P	 30.78  
 1934 L	 4.22  
 1935 V	 3.38  
 1936 Q	 45.85  
 1937 R	 36.42  
 1938 G	 11.60  
 1939 T	 18.06  
 1940 I	 2.23  
 1941 V	 6.12  
 1942 G	 15.56  
 1943 Y	 10.14  
 1944 D	 19.89  
 1945 I	 2.69  
 1946 S	 10.99  
 1947 Y	 21.94  
 1948 R	 30.39  
 1949 L	 4.10  
 1950 K	 20.06  
 1951 H	 34.28  
 1952 R	 23.53  
 1953 L	 6.02  
 1954 A	 13.53  
 1955 C	 5.29  
 1956 P	 46.56  
 1957 E	 74.91  
 1958 E	 59.45  
 1959 E	 43.93  
 1960 P	 40.84  
 1961 R	 61.31  
 1962 D	 54.16  
 1963 V	 5.51  
 1964 S	 30.35  
 1965 R	 41.03  
 1966 D	 34.56  
 1967 F	 4.89  
 1968 V	 4.08  
 1969 T	 19.78  
 1970 V	 3.66  
 1971 Y	 11.37  
 1972 N	 31.25  
 1973 H	 13.81  
 1974 K	 57.24  
 1975 D	 36.90  
 1976 L	 6.90  
 1977 D	 48.97  
 1978 Y	 13.82  
 1979 T	 16.24  
 1980 I	 2.04  
 1981 T	 17.61  
 1982 G	 22.74  
 1983 L	 3.05  
 1984 L	 3.86  
 1985 P	 23.00  
 1986 Y	 15.98  
 1987 S	 23.64  
 1988 L	 3.31  
 1989 Y	 13.36  
 1990 E	 29.19  
 1991 V	 4.30  
 1992 R	 10.56  
 1993 V	 7.29  
 1994 R	 14.05  
 1995 A	 15.43  
 1996 R	 31.45  
 1997 T	 24.52  
 1998 T	 24.53  
 1999 E	 51.63  
 2000 L	 15.12  
 2001 G	 22.72  
 2002 P	 49.20  
 2003 E	 76.21  
 2004 E	 69.21  
 2005 T	 30.73  
 2006 K	 60.44  
 2007 E	 49.47  
 2008 V	 10.26  
 2009 S	 27.58  
 2010 T	 42.88  
 2011 E	 39.45  
 2012 Q	 62.26  
 2013 Q	 45.71  
 2014 P	 30.36  
 2015 P	 43.00  
 2016 S	 63.26  
 2017 S	 35.99  
 2018 P	 41.56  
 2019 P	 35.51  
 2020 L	 15.05  
 2021 N	 47.76  
 2022 L	 7.88  
 2023 E	 39.70  
 2024 S	 29.86  
 2025 T	 11.93  
 2026 Y	 20.61  
 2027 A	 11.75  
 2028 L	 3.86  
 2029 E	 31.86  
 2030 R	 43.69  
 2031 S	 20.99  
 2032 L	 8.13  
 2033 S	 19.35  
 2034 F	 13.68  
 2035 Q	 40.00  
 2036 W	 15.17  
 2037 E	 25.35  
 2038 P	 25.04  
 2039 V	 8.64  
 2040 D	 36.75  
 2041 C	 3.67  
 2042 S	 26.28  
 2043 Q	 47.96  
 2044 R	 22.82  
 2045 H	 24.07  
 2046 G	 19.92  
 2047 H	 17.77  
 2048 V	 3.37  
 2049 V	 5.39  
 2050 N	 23.88  
 2051 Y	 14.31  
 2052 E	 31.33  
 2053 Y	 9.63  
 2054 E	 21.57  
 2055 I	 5.25  
 2056 L	 3.17  
 2057 G	 34.24  
 2058 Q	 41.88  
 2059 D	 52.17  
 2060 D	 39.07  
 2061 W	 12.00  
 2062 A	 17.35  
 2063 K	 46.77  
 2064 L	 5.18  
 2065 E	 41.66  
 2066 R	 43.57  
 2067 Q	 29.75  
 2068 I	 3.90  
 2069 A	 12.62  
 2070 N	 41.57  
 2071 T	 18.00  
 2072 S	 34.16  
 2073 D	 36.13  
 2074 L	 4.80  
 2075 R	 28.64  
 2076 V	 7.76  
 2077 T	 13.60  
 2078 I	 3.46  
 2079 D	 36.36  
 2080 G	 27.83  
 2081 L	 3.75  
 2082 T	 21.56  
 2083 P	 39.58  
 2084 Y	 15.61  
 2085 T	 19.66  
 2086 K	 29.97  
 2087 Y	 7.53  
 2088 V	 1.79  
 2089 M	 3.56  
 2090 R	 19.42  
 2091 V	 1.94  
 2092 K	 34.49  
 2093 A	 13.09  
 2094 Y	 12.06  
 2095 N	 31.82  
 2096 S	 15.21  
 2097 I	 5.46  
 2098 G	 34.52  
 2099 G	 46.87  
 2100 G	 13.68  
 2101 P	 48.09  
 2102 N	 64.40  
 2103 T	 29.41  
 2104 E	 56.03  
 2105 N	 35.78  
 2106 L	 2.21  
 2107 V	 4.11  
 2108 V	 2.96  
 2109 M	 2.05  
 2110 T	 17.25  
 2111 A	 6.26  
 2112 K	 31.68  
 2113 A	 14.33  
 2114 Q	 42.69  
 2115 A	 16.68  
 2116 P	 33.06  
 2117 L	 12.39  
 2118 P	 24.36  
 2119 P	 48.26  
 2120 Q	 55.52  
 2121 D	 47.40  
 2122 L	 2.55  
 2123 V	 4.51  
 2124 V	 6.22  
 2125 A	 8.33  
 2126 Q	 37.73  
 2127 E	 55.49  
 2128 G	 17.99  
 2129 T	 22.93  
 2130 S	 27.61  
 2131 F	 4.62  
 2132 F	 4.78  
 2133 M	 1.89  
 2134 V	 2.91  
 2135 S	 15.88  
 2136 W	 11.07  
 2137 L	 2.08  
 2138 P	 21.81  
 2139 P	 52.68  
 2140 Y	 18.20  
 2141 P	 22.78  
 2142 P	 40.65  
 2143 Y	 38.49  
 2144 G	 20.88  
 2145 P	 19.15  
 2146 H	 28.15  
 2147 D	 55.52  
 2148 A	 12.41  
 2149 Y	 17.01  
 2150 K	 23.56  
 2151 I	 3.02  
 2152 R	 21.03  
 2153 Y	 14.29  
 2154 Q	 25.52  
 2155 Q	 40.40  
 2156 I	 1.76  
 2157 P	 27.63  
 2158 S	 50.24  
 2159 D	 61.51  
 2160 D	 63.79  
 2161 W	 12.05  
 2162 K	 59.90  
 2163 E	 52.21  
 2164 V	 9.04  
 2165 E	 46.81  
 2166 K	 71.73  
 2167 G	 20.76  
 2168 I	 7.29  
 2169 K	 63.06  
 2170 D	 36.84  
 2171 P	 29.93  
 2172 L	 8.07  
 2173 L	 6.32  
 2174 Q	 38.76  
 2175 C	 4.76  
 2176 P	 36.30  
 2177 G	 56.49  
 2178 E	 42.59  
 2179 S	 27.56  
 2180 P	 29.12  
 2181 R	 43.47  
 2182 F	 6.18  
 2183 C	 2.43  
 2184 Y	 12.72  
 2185 N	 32.01  
 2186 A	 4.06  
 2187 T	 34.34  
 2188 G	 25.69  
 2189 L	 4.04  
 2190 D	 52.66  
 2191 S	 43.47  
 2192 G	 25.60  
 2193 Q	 49.87  
 2194 Q	 45.16  
 2195 F	 6.06  
 2196 K	 28.08  
 2197 I	 4.15  
 2198 Q	 21.27  
 2199 V	 7.18  
 2200 A	 3.77  
 2201 T	 33.07  
 2202 R	 18.41  
 2203 I	 5.11  
 2204 E	 54.96  
 2205 G	 28.16  
 2206 G	 12.61  
 2207 S	 37.46  
 2208 Y	 30.40  
 2209 G	 20.92  
 2210 P	 21.39  
 2211 W	 9.01  
 2212 S	 19.54  
 2213 S	 23.84  
 2214 L	 2.42  
 2215 V	 4.14  
 2216 I	 2.72  
 2217 A	 8.76  
 2218 N	 30.14  
 2219 T	 15.00  
 2220 L	 3.13  
 2221 Q	 32.44  
 2222 V	 10.61  
 2223 L	 1.73  
 2224 P	 36.54  
 2225 D	 66.11  
 2226 A	 8.11  
 2227 P	 33.35  
 2228 R	 48.14  
 2229 A	 7.78  
 2230 I	 2.61  
 2231 H	 21.55  
 2232 L	 4.40  
 2233 I	 2.93  
 2234 E	 57.15  
 2235 K	 52.86  
 2236 T	 26.59  
 2237 D	 40.21  
 2238 H	 37.17  
 2239 S	 25.18  
 2240 L	 3.32  
 2241 H	 15.58  
 2242 I	 4.50  
 2243 R	 20.00  
 2244 W	 13.33  
 2245 V	 2.65  
 2246 P	 17.11  
 2247 P	 33.71  
 2248 I	 13.34  
 2249 D	 44.63  
 2250 P	 32.46  
 2251 K	 60.16  
 2252 G	 27.77  
 2253 Y	 13.37  
 2254 V	 3.52  
 2255 T	 16.05  
 2256 Q	 17.62  
 2257 Y	 12.01  
 2258 R	 13.09  
 2259 V	 3.79  
 2260 S	 14.31  
 2261 I	 1.92  
 2262 V	 3.46  
 2263 S	 25.14  
 2264 L	 4.52  
 2265 D	 50.75  
 2266 D	 46.54  
 2267 V	 11.30  
 2268 N	 63.48  
 2269 D	 58.67  
 2270 K	 38.66  
 2271 K	 66.45  
 2272 R	 36.96  
 2273 T	 25.49  
 2274 H	 26.49  
 2275 I	 3.07  
 2276 V	 4.12  
 2277 N	 34.51  
 2278 H	 13.06  
 2279 P	 24.73  
 2280 T	 24.96  
 2281 L	 3.32  
 2282 T	 22.21  
 2283 Y	 16.71  
 2284 L	 3.52  
 2285 F	 4.89  
 2286 E	 60.00  
 2287 E	 46.65  
 2288 L	 11.59  
 2289 N	 35.32  
 2290 P	 59.89  
 2291 E	 49.68  
 2292 T	 37.46  
 2293 S	 17.96  
 2294 Y	 24.76  
 2295 N	 22.69  
 2296 I	 2.69  
 2297 S	 13.57  
 2298 I	 2.64  
 2299 S	 17.54  
 2300 A	 28.18  
 2301 G	 27.01  
 2302 T	 21.65  
 2303 K	 47.72  
 2304 Q	 52.89  
 2305 G	 28.65  
 2306 F	 8.47  
 2307 G	 32.89  
 2308 R	 29.93  
 2309 E	 43.17  
 2310 I	 4.36  
 2311 W	 3.10  
 2312 T	 21.32  
 2313 R	 16.29  
 2314 Y	 13.45  
 2315 T	 22.79  
 2316 T	 32.51  
 2317 D	 37.68  
 2318 P	 23.30  
 2319 F	 16.80  
 2320 N	 42.94  
 2321 I	 2.54  
 2322 P	 18.82  
 2323 V	 5.70  
 2324 V	 4.42  
 2325 G	 19.27  
 2326 T	 14.36  
 2327 M	 1.84  
 2328 P	 24.45  
 2329 T	 26.62  
 2330 V	 6.36  
 2331 T	 20.38  
 2332 P	 33.43  
 2333 D	 60.51  
 2334 G	 23.18  
 2335 A	 12.90  
 2336 N	 46.71  
 2337 A	 12.47  
 2338 L	 7.13  
 2339 D	 28.31  
 2340 V	 8.05  
 2341 Q	 27.63  
 2342 W	 8.46  
 2343 N	 11.77  
 2344 A	 10.57  
 2345 V	 5.87  
 2346 L	 9.66  
 2347 D	 45.59  
 2348 P	 31.49  
 2349 K	 57.99  
 2350 N	 60.41  
 2351 R	 37.34  
 2352 V	 8.68  
 2353 K	 42.64  
 2354 G	 18.93  
 2355 Y	 7.94  
 2356 I	 2.88  
 2357 I	 2.44  
 2358 E	 26.74  
 2359 I	 3.39  
 2360 R	 24.66  
 2361 N	 50.31  
 2362 S	 32.77  
 2363 D	 59.59  
 2364 T	 21.40  
 2365 P	 30.27  
 2366 V	 10.01  
 2367 W	 7.41  
 2368 Q	 32.44  
 2369 E	 28.08  
 2370 I	 3.31  
 2371 G	 24.62  
 2372 G	 28.83  
 2373 V	 4.01  
 2374 T	 30.06  
 2375 N	 28.74  
 2376 H	 19.55  
 2377 D	 60.11  
 2378 A	 21.55  
 2379 G	 30.42  
 2380 K	 41.15  
 2381 S	 27.67  
 2382 T	 36.14  
 2383 Y	 22.08  
 2384 F	 5.95  
 2385 K	 36.14  
 2386 K	 41.19  
 2387 L	 4.78  
 2388 T	 44.57  
 2389 G	 37.61  
 2390 L	 4.86  
 2391 D	 45.90  
 2392 S	 37.22  
 2393 D	 40.16  
 2394 T	 27.58  
 2395 L	 3.84  
 2396 Y	 10.07  
 2397 F	 3.21  
 2398 I	 2.55  
 2399 R	 16.87  
 2400 I	 3.20  
 2401 K	 26.76  
 2402 V	 5.51  
 2403 V	 4.39  
 2404 D	 40.72  
 2405 Q	 31.62  
 2406 R	 23.08  
 2407 Q	 38.49  
 2408 R	 29.37  
 2409 V	 7.39  
 2410 G	 28.01  
 2411 V	 3.77  
 2412 P	 37.93  
 2413 S	 32.73  
 2414 P	 34.57  
 2415 E	 58.72  
 2416 A	 16.24  
 2417 Q	 29.70  
 2418 A	 20.32  
 2419 R	 21.41  
 2420 T	 39.36  
 2421 G	 8.10  
 2422 C	 2.63  
 2423 A	 17.29  
 2424 A	 15.05  
 2425 P	 18.17  
 2426 L	 11.71  
 2427 S	 27.98  
 2428 P	 47.63  
 2429 P	 30.46  
 2430 T	 56.58  
 2431 N	 32.48  
 2432 L	 6.47  
 2433 N	 35.31  
 2434 L	 5.86  
 2435 A	 20.51  
 2436 S	 31.84  
 2437 P	 25.06  
 2438 S	 47.33  
 2439 N	 31.46  
 2440 V	 6.98  
 2441 Q	 22.88  
 2442 V	 5.93  
 2443 R	 10.32  
 2444 V	 7.78  
 2445 S	 11.69  
 2446 W	 8.76  
 2447 Q	 39.16  
 2448 A	 9.96  
 2449 P	 28.04  
 2450 N	 57.59  
 2451 Q	 44.25  
 2452 N	 57.38  
 2453 S	 20.39  
 2454 W	 17.14  
 2455 K	 20.38  
 2456 C	 2.43  
 2457 S	 24.01  
 2458 A	 10.35  
 2459 I	 2.58  
 2460 R	 23.42  
 2461 Y	 17.51  
 2462 K	 25.62  
 2463 L	 4.47  
 2464 E	 39.97  
 2465 Y	 15.32  
 2466 I	 2.53  
 2467 N	 50.89  
 2468 G	 18.65  
 2469 T	 30.67  
 2470 E	 59.40  
 2471 G	 41.76  
 2472 R	 22.82  
 2473 K	 63.56  
 2474 Q	 32.82  
 2475 I	 7.05  
 2476 D	 50.46  
 2477 L	 4.78  
 2478 P	 28.54  
 2479 S	 43.97  
 2480 S	 33.14  
 2481 S	 36.01  
 2482 I	 4.12  
 2483 E	 36.16  
 2484 H	 30.08  
 2485 L	 3.11  
 2486 F	 12.29  
 2487 D	 62.61  
 2488 S	 30.56  
 2489 K	 49.96  
 2490 S	 54.40  
 2491 N	 49.79  
 2492 T	 34.74  
 2493 K	 45.15  
 2494 W	 9.70  
 2495 T	 11.06  
 2496 V	 4.68  
 2497 R	 12.80  
 2498 I	 5.78  
 2499 R	 25.98  
 2500 T	 36.45  
 2501 E	 43.17  
 2502 N	 43.76  
 2503 D	 46.18  
 2504 A	 31.20  
 2505 G	 34.27  
 2506 S	 27.14  
 2507 S	 42.01  
 2508 E	 58.42  
 2509 W	 19.36  
 2510 S	 16.52  
 2511 K	 64.84  
 2512 E	 42.08  
 2513 L	 5.29  
 2514 S	 20.98  
 2515 I	 8.34  
 2516 T	 22.39  
 2517 T	 24.10  
 2518 S	 25.94  
 2519 E	 58.23  
 2520 G	 36.52  
 2521 A	 11.21  
 2522 P	 59.48  
 2523 G	 38.05  
 2524 P	 21.67  
 2525 V	 12.96  
 2526 E	 52.17  
 2527 G	 28.67  
 2528 L	 2.39  
 2529 T	 43.42  
 2530 A	 22.37  
 2531 K	 37.57  
 2532 P	 39.87  
 2533 T	 55.90  
 2534 G	 31.83  
 2535 P	 26.00  
 2536 T	 32.22  
 2537 S	 20.42  
 2538 I	 2.86  
 2539 V	 2.72  
 2540 A	 15.22  
 2541 R	 30.93  
 2542 W	 14.04  
 2543 K	 39.32  
 2544 P	 23.38  
 2545 P	 49.97  
 2546 R	 79.24  
 2547 D	 46.95  
 2548 P	 40.53  
 2549 N	 62.75  
 2550 G	 20.00  
 2551 V	 4.50  
 2552 I	 2.34  
 2553 T	 23.02  
 2554 G	 11.42  
 2555 Y	 7.02  
 2556 T	 17.61  
 2557 L	 2.94  
 2558 T	 11.04  
 2559 Y	 18.24  
 2560 Q	 36.86  
 2561 L	 3.11  
 2562 K	 25.22  
 2563 S	 44.40  
 2564 I	 5.28  
 2565 G	 31.09  
 2566 E	 34.33  
 2567 C	 8.40  
 2568 G	 19.16  
 2569 P	 44.64  
 2570 R	 28.64  
 2571 S	 41.52  
 2572 S	 39.21  
 2573 T	 29.54  
 2574 P	 34.39  
 2575 I	 12.79  
 2576 E	 38.01  
 2577 K	 55.18  
 2578 H	 24.00  
 2579 V	 12.03  
 2580 K	 59.36  
 2581 N	 61.90  
 2582 E	 52.04  
 2583 E	 66.72  
 2584 E	 53.14  
 2585 T	 33.13  
 2586 L	 5.78  
 2587 E	 56.04  
 2588 G	 35.31  
 2589 L	 4.60  
 2590 L	 6.96  
 2591 P	 38.25  
 2592 D	 54.29  
 2593 S	 30.83  
 2594 T	 32.33  
 2595 Y	 19.48  
 2596 E	 27.06  
 2597 I	 1.79  
 2598 H	 8.96  
 2599 V	 5.10  
 2600 V	 1.68  
 2601 A	 10.11  
 2602 H	 19.12  
 2603 T	 16.69  
 2604 S	 11.06  
 2605 H	 35.54  
 2606 A	 31.00  
 2607 G	 18.50  
 2608 P	 31.50  
 2609 Q	 47.63  
 2610 S	 28.38  
 2611 S	 18.50  
 2612 V	 5.18  
 2613 V	 3.73  
 2614 T	 15.24  
 2615 V	 4.16  
 2616 T	 21.08  
 2617 T	 27.73  
 2618 E	 35.95  
 2619 E	 48.30  
 2620 A	 16.71  
 2621 A	 12.88  
 2622 P	 44.96  
 2623 T	 58.56  
 2624 G	 30.72  
 2625 P	 29.76  
 2626 P	 39.46  
 2627 Q	 65.27  
 2628 N	 30.89  
 2629 V	 3.60  
 2630 R	 40.56  
 2631 A	 15.44  
 2632 G	 16.46  
 2633 S	 22.64  
 2634 V	 6.19  
 2635 T	 23.76  
 2636 S	 18.70  
 2637 S	 23.32  
 2638 R	 35.73  
 2639 A	 17.95  
 2640 D	 37.43  
 2641 I	 3.19  
 2642 T	 24.02  
 2643 W	 8.05  
 2644 T	 26.12  
 2645 Q	 24.29  
 2646 P	 40.61  
 2647 E	 40.65  
 2648 C	 7.41  
 2649 E	 51.41  
 2650 Q	 56.66  
 2651 R	 31.41  
 2652 N	 56.66  
 2653 G	 25.57  
 2654 K	 46.08  
 2655 I	 3.62  
 2656 T	 35.69  
 2657 D	 37.43  
 2658 Y	 16.26  
 2659 E	 35.03  
 2660 Y	 15.30  
 2661 E	 31.64  
 2662 L	 3.92  
 2663 W	 4.62  
 2664 S	 21.29  
 2665 M	 3.44  
 2666 D	 33.31  
 2667 T	 17.57  
 2668 W	 9.43  
 2669 A	 14.27  
 2670 D	 40.97  
 2671 N	 33.45  
 2672 S	 35.99  
 2673 T	 49.03  
 2674 G	 20.56  
 2675 H	 36.87  
 2676 N	 46.67  
 2677 P	 29.93  
 2678 T	 38.77  
 2679 E	 57.33  
 2680 R	 31.21  
 2681 L	 6.42  
 2682 N	 48.03  
 2683 L	 5.41  
 2684 D	 39.92  
 2685 Q	 44.45  
 2686 L	 4.20  
 2687 I	 1.72  
 2688 P	 34.41  
 2689 Y	 10.24  
 2690 T	 18.55  
 2691 Q	 23.45  
 2692 Y	 9.71  
 2693 Q	 13.75  
 2694 I	 3.61  
 2695 R	 9.06  
 2696 V	 5.32  
 2697 R	 21.65  
 2698 A	 13.57  
 2699 I	 5.47  
 2700 N	 35.03  
 2701 K	 57.89  
 2702 E	 59.01  
 2703 G	 46.95  
 2704 D	 63.78  
 2705 G	 35.69  
 2706 P	 34.04  
 2707 F	 14.64  
 2708 S	 33.41  
 2709 E	 53.53  
 2710 W	 11.24  
 2711 V	 2.16  
 2712 P	 23.18  
 2713 F	 9.36  
 2714 T	 17.48  
 2715 T	 19.42  
 2716 S	 30.00  
 2717 A	 14.87  
 2718 T	 48.28  
 2719 N	 40.03  
 2720 P	 23.29  
 2721 P	 59.89  
 2722 A	 19.93  
 2723 P	 33.86  
 2724 S	 53.73  
 2725 D	 51.84  
 2726 L	 8.95  
 2727 Q	 52.02  
 2728 E	 57.82  
 2729 E	 39.80  
 2730 A	 17.49  
 2731 T	 40.76  
 2732 F	 5.56  
 2733 P	 16.20  
 2734 H	 34.84  
 2735 A	 11.01  
 2736 I	 4.37  
 2737 E	 31.58  
 2738 I	 2.68  
 2739 S	 15.12  
 2740 W	 20.67  
 2741 L	 2.65  
 2742 P	 25.18  
 2743 P	 56.20  
 2744 T	 47.73  
 2745 P	 25.35  
 2746 P	 50.96  
 2747 H	 43.04  
 2748 G	 38.26  
 2749 N	 27.85  
 2750 I	 4.60  
 2751 D	 44.84  
 2752 F	 5.87  
 2753 Y	 12.58  
 2754 K	 21.89  
 2755 V	 3.73  
 2756 R	 26.00  
 2757 Y	 26.45  
 2758 T	 10.62  
 2759 P	 31.25  
 2760 S	 41.27  
 2761 G	 38.96  
 2762 E	 37.77  
 2763 A	 23.14  
 2764 N	 31.90  
 2765 Y	 19.37  
 2766 R	 32.45  
 2767 E	 25.45  
 2768 I	 4.41  
 2769 R	 18.57  
 2770 V	 13.11  
 2771 E	 34.83  
 2772 T	 24.46  
 2773 D	 39.39  
 2774 R	 39.54  
 2775 L	 9.66  
 2776 E	 32.63  
 2777 C	 6.92  
 2778 S	 34.40  
 2779 D	 68.81  
 2780 S	 33.97  
 2781 N	 61.46  
 2782 K	 61.06  
 2783 K	 52.94  
 2784 D	 50.85  
 2785 R	 35.22  
 2786 L	 4.28  
 2787 C	 1.61  
 2788 Y	 21.12  
 2789 R	 27.07  
 2790 L	 1.56  
 2791 S	 27.42  
 2792 D	 60.73  
 2793 L	 12.14  
 2794 D	 50.08  
 2795 P	 53.09  
 2796 E	 56.57  
 2797 Q	 61.00  
 2798 E	 43.44  
 2799 Y	 20.31  
 2800 D	 24.88  
 2801 I	 4.22  
 2802 Q	 21.88  
 2803 V	 5.80  
 2804 S	 9.65  
 2805 A	 18.11  
 2806 H	 19.56  
 2807 T	 35.72  
 2808 E	 46.07  
 2809 G	 40.86  
 2810 G	 28.32  
 2811 G	 35.28  
 2812 W	 9.06  
 2813 S	 32.25  
 2814 E	 44.48  
 2815 W	 12.93  
 2816 S	 19.70  
 2817 D	 56.87  
 2818 E	 48.72  
 2819 L	 6.73  
 2820 T	 17.70  
 2821 S	 46.05  
 2822 R	 31.17  
 2823 T	 30.42  
 2824 Q	 41.57  
 2825 Q	 37.36  
 2826 Q	 39.75  
 2827 N	 35.87  
 2828 I	 1.86  
 2829 P	 31.99  
 2830 V	 8.42  
 2831 L	 4.27  
 2832 E	 44.32  
 2833 R	 50.03  
 2834 E	 39.65  
 2835 L	 8.86  
 2836 E	 38.32  
 2837 V	 15.22  
 2838 T	 23.54  
 2839 D	 58.36  
 2840 K	 44.48  
 2841 T	 35.63  
 2842 S	 34.03  
 2843 N	 48.90  
 2844 S	 17.20  
 2845 I	 7.00  
 2846 S	 24.58  
 2847 L	 7.72  
 2848 K	 36.09  
 2849 W	 15.35  
 2850 E	 49.63  
 2851 G	 41.35  
 2852 L	 2.03  
 2853 P	 46.70  
 2854 Q	 61.56  
 2855 D	 37.84  
 2856 Q	 42.80  
 2857 A	 14.15  
 2858 T	 15.01  
 2859 H	 18.45  
 2860 V	 2.87  
 2861 V	 3.39  
 2862 G	 13.02  
 2863 Y	 7.11  
 2864 V	 3.21  
 2865 L	 4.88  
 2866 E	 40.77  
 2867 F	 10.37  
 2868 K	 43.49  
 2869 S	 52.13  
 2870 E	 70.72  
 2871 D	 62.65  
 2872 D	 52.79  
 2873 N	 52.67  
 2874 A	 26.80  
 2875 E	 56.82  
 2876 W	 8.22  
 2877 Q	 34.50  
 2878 E	 41.88  
 2879 Y	 11.34  
 2880 N	 35.71  
 2881 G	 25.37  
 2882 V	 4.64  
 2883 V	 4.60  
 2884 K	 34.97  
 2885 H	 25.51  
 2886 R	 37.92  
 2887 K	 53.10  
 2888 T	 33.16  
 2889 S	 25.01  
 2890 S	 50.63  
 2891 D	 48.81  
 2892 Y	 13.26  
 2893 K	 36.57  
 2894 I	 4.33  
 2895 T	 19.94  
 2896 V	 4.18  
 2897 K	 40.28  
 2898 Q	 39.95  
 2899 L	 5.38  
 2900 E	 33.62  
 2901 T	 33.27  
 2902 A	 6.04  
 2903 T	 29.43  
 2904 L	 3.05  
 2905 Y	 9.05  
 2906 F	 3.02  
 2907 F	 4.55  
 2908 R	 16.22  
 2909 L	 4.04  
 2910 R	 19.47  
 2911 V	 8.67  
 2912 V	 7.95  
 2913 G	 21.86  
 2914 K	 50.81  
 2915 N	 54.85  
 2916 D	 45.58  
 2917 K	 68.75  
 2918 R	 52.41  
 2919 G	 43.72  
 2920 Q	 43.75  
 2921 P	 64.23  
 2922 G	 25.45  
 2923 P	 53.41  
 2924 E	 77.69  
 2925 T	 37.00  
 2926 K	 51.94  
 2927 E	 65.81  
 2928 T	 26.09  
 2929 T	 24.10  
 2930 S	 28.43  
 2931 C	 8.36  
 2932 G	 48.60  
 2933 K	 43.97  
 2934 P	 28.41  
 2935 E	 76.83  
 2936 A	 33.21  
 2937 P	 31.37  
 2938 P	 51.35  
 2939 E	 68.59  
 2940 S	 36.26  
 2941 L	 7.56  
 2942 K	 60.53  
 2943 L	 7.01  
 2944 E	 47.90  
 2945 S	 43.61  
 2946 L	 6.80  
 2947 D	 48.92  
 2948 F	 10.55  
 2949 E	 53.55  
 2950 T	 33.09  
 2951 L	 2.73  
 2952 K	 45.57  
 2953 I	 4.34  
 2954 T	 23.00  
 2955 W	 15.47  
 2956 T	 21.95  
 2957 P	 26.35  
 2958 P	 51.08  
 2959 E	 66.82  
 2960 E	 60.28  
 2961 S	 31.44  
 2962 T	 21.87  
 2963 W	 14.26  
 2964 R	 20.28  
 2965 C	 3.17  
 2966 D	 54.35  
 2967 N	 31.95  
 2968 V	 3.06  
 2969 E	 40.66  
 2970 Y	 12.50  
 2971 L	 1.59  
 2972 I	 3.65  
 2973 D	 38.55  
 2974 F	 3.46  
 2975 V	 5.73  
 2976 N	 37.32  
 2977 T	 22.35  
 2978 T	 15.95  
 2979 S	 35.83  
 2980 R	 40.13  
 2981 G	 33.52  
 2982 N	 30.09  
 2983 W	 10.87  
 2984 T	 14.47  
 2985 V	 4.36  
 2986 S	 17.13  
 2987 T	 31.66  
 2988 D	 49.31  
 2989 A	 15.03  
 2990 P	 31.01  
 2991 S	 46.91  
 2992 E	 41.26  
 2993 L	 5.85  
 2994 I	 2.83  
 2995 V	 7.02  
 2996 P	 20.51  
 2997 T	 36.18  
 2998 Q	 28.49  
 2999 P	 55.70  
 3000 G	 30.06  
 3001 T	 35.33  
 3002 K	 47.51  
 3003 W	 18.57  
 3004 D	 33.13  
 3005 V	 5.58  
 3006 K	 24.81  
 3007 I	 6.06  
 3008 R	 18.31  
 3009 T	 31.87  
 3010 Q	 33.43  
 3011 T	 25.83  
 3012 V	 5.75  
 3013 E	 50.26  
 3014 D	 59.35  
 3015 S	 34.90  
 3016 G	 58.97  
 3017 K	 37.60  
 3018 P	 38.20  
 3019 Q	 56.29  
 3020 A	 15.02  
 3021 S	 29.09  
 3022 R	 39.68  
 3023 W	 11.33  
 3024 S	 17.90  
 3025 D	 48.30  
 3026 R	 20.68  
 3027 V	 6.11  
 3028 S	 18.34  
 3029 I	 4.40  
 3030 T	 15.98  
 3031 T	 17.94  
 3032 Q	 34.03  
 3033 S	 34.14  
 3034 L	 4.55  
 3035 P	 43.55  
 3036 G	 46.02  
 3037 E	 31.17  
 3038 I	 4.11  
 3039 F	 3.07  
 3040 V	 7.82  
 3041 T	 14.38  
 3042 V	 11.30  
 3043 E	 31.74  
 3044 P	 42.43  
 3045 K	 68.95  
 3046 G	 36.89  
 3047 P	 36.74  
 3048 R	 50.95  
 3049 E	 49.87  
 3050 A	 14.49  
 3051 L	 2.78  
 3052 V	 8.24  
 3053 T	 17.67  
 3054 W	 9.54  
 3055 E	 40.85  
 3056 L	 5.12  
 3057 P	 34.78  
 3058 D	 78.69  
 3059 K	 61.18  
 3060 D	 63.77  
 3061 Q	 59.41  
 3062 K	 47.76  
 3063 W	 9.54  
 3064 N	 30.62  
 3065 Y	 19.87  
 3066 G	 13.86  
 3067 V	 3.20  
 3068 D	 24.13  
 3069 I	 4.16  
 3070 T	 15.33  
 3071 Y	 18.04  
 3072 K	 40.33  
 3073 L	 2.77  
 3074 K	 39.05  
 3075 Q	 56.63  
 3076 L	 6.43  
 3077 G	 35.79  
 3078 G	 21.48  
 3079 C	 3.58  
 3080 N	 56.61  
 3081 E	 39.83  
 3082 V	 3.72  
 3083 Q	 28.21  
 3084 T	 44.26  
 3085 G	 19.98  
 3086 A	 19.20  
 3087 K	 64.99  
 3088 E	 44.46  
 3089 P	 24.56  
 3090 V	 6.54  
 3091 T	 35.92  
 3092 L	 3.14  
 3093 L	 4.27  
 3094 N	 36.22  
 3095 V	 8.63  
 3096 Q	 51.61  
 3097 E	 42.52  
 3098 K	 36.11  
 3099 Q	 41.60  
 3100 I	 6.61  
 3101 P	 31.00  
 3102 L	 7.92  
 3103 E	 51.01  
 3104 N	 52.22  
 3105 L	 4.79  
 3106 Q	 52.47  
 3107 P	 37.19  
 3108 G	 19.81  
 3109 S	 34.17  
 3110 L	 5.39  
 3111 Y	 18.91  
 3112 E	 33.34  
 3113 V	 3.35  
 3114 S	 14.34  
 3115 V	 11.74  
 3116 T	 11.99  
 3117 P	 28.29  
 3118 R	 55.14  
 3119 R	 49.00  
 3120 P	 24.90  
 3121 P	 47.95  
 3122 S	 41.20  
 3123 L	 5.83  
 3124 H	 24.68  
 3125 S	 27.36  
 3126 S	 15.44  
 3127 I	 4.48  
 3128 V	 8.95  
 3129 T	 19.87  
 3130 P	 21.30  
 3131 K	 50.73  
 3132 T	 19.20  
 3133 V	 7.29  
 3134 R	 33.12  
 3135 T	 17.09  
 3136 F	 7.00  
 3137 R	 44.15  
 3138 T	 29.97  
 3139 K	 47.06  
 3140 N	 55.70  
 3141 D	 49.70  
 3142 V	 6.81  
 3143 P	 34.20  
 3144 T	 63.27  
 3145 G	 26.31  
 3146 P	 29.76  
 3147 P	 36.72  
 3148 Q	 67.41  
 3149 N	 45.91  
 3150 L	 3.42  
 3151 Q	 44.60  
 3152 S	 31.84  
 3153 T	 16.03  
 3154 V	 9.67  
 3155 R	 36.83  
 3156 K	 62.36  
 3157 D	 36.46  
 3158 S	 37.44  
 3159 E	 64.15  
 3160 L	 12.99  
 3161 G	 20.31  
 3162 F	 12.98  
 3163 K	 42.22  
 3164 W	 12.53  
 3165 D	 53.49  
 3166 A	 10.73  
 3167 P	 34.22  
 3168 E	 46.07  
 3169 C	 3.11  
 3170 I	 4.50  
 3171 Q	 42.20  
 3172 Q	 39.63  
 3173 N	 29.15  
 3174 G	 23.68  
 3175 N	 41.50  
 3176 I	 2.42  
 3177 T	 29.15  
 3178 Q	 31.77  
 3179 Y	 17.59  
 3180 E	 23.87  
 3181 F	 8.18  
 3182 E	 30.52  
 3183 L	 4.49  
 3184 V	 5.87  
 3185 G	 39.78  
 3186 L	 4.15  
 3187 D	 53.59  
 3188 E	 58.19  
 3189 W	 14.08  
 3190 N	 35.45  
 3191 E	 64.12  
 3192 G	 27.19  
 3193 T	 21.26  
 3194 R	 49.91  
 3195 E	 58.83  
 3196 G	 25.88  
 3197 V	 5.96  
 3198 T	 24.50  
 3199 P	 33.19  
 3200 R	 32.77  
 3201 Q	 48.76  
 3202 N	 37.83  
 3203 T	 19.42  
 3204 L	 5.50  
 3205 I	 2.74  
 3206 D	 46.37  
 3207 Q	 34.70  
 3208 L	 6.18  
 3209 Q	 34.37  
 3210 P	 42.82  
 3211 G	 19.81  
 3212 S	 28.98  
 3213 L	 4.06  
 3214 Y	 16.40  
 3215 R	 27.78  
 3216 I	 2.82  
 3217 K	 19.37  
 3218 V	 3.83  
 3219 R	 19.51  
 3220 A	 14.71  
 3221 Y	 8.91  
 3222 T	 19.76  
 3223 A	 13.68  
 3224 E	 59.11  
 3225 G	 29.96  
 3226 P	 36.86  
 3227 G	 47.36  
 3228 P	 30.45  
 3229 W	 22.23  
 3230 S	 22.06  
 3231 D	 54.06  
 3232 S	 23.53  
 3233 L	 8.34  
 3234 E	 34.08  
 3235 I	 6.02  
 3236 R	 19.50  
 3237 T	 40.96  
 3238 T	 28.94  
 3239 G	 20.64  
 3240 S	 27.79  
 3241 E	 60.12  
 3242 L	 15.53  
 3243 G	 26.56  
 3244 P	 37.08  
 3245 P	 40.35  
 3246 R	 55.48  
 3247 E	 57.13  
 3248 L	 3.83  
 3249 T	 21.74  
 3250 A	 12.21  
 3251 V	 6.64  
 3252 Q	 34.52  
 3253 T	 18.95  
 3254 K	 32.14  
 3255 A	 14.23  
 3256 T	 27.97  
 3257 Q	 26.70  
 3258 I	 2.92  
 3259 Q	 24.03  
 3260 L	 3.86  
 3261 T	 14.47  
 3262 W	 18.57  
 3263 L	 2.29  
 3264 P	 20.24  
 3265 P	 55.96  
 3266 Y	 23.29  
 3267 P	 42.24  
 3268 E	 49.64  
 3269 K	 38.62  
 3270 A	 10.38  
 3271 I	 4.13  
 3272 V	 2.75  
 3273 T	 16.32  
 3274 A	 4.82  
 3275 Y	 9.37  
 3276 R	 12.39  
 3277 I	 2.94  
 3278 R	 19.51  
 3279 Y	 22.21  
 3280 S	 9.69  
 3281 P	 26.92  
 3282 R	 44.71  
 3283 A	 28.48  
 3284 D	 62.24  
 3285 D	 49.70  
 3286 S	 45.30  
 3287 N	 55.28  
 3288 P	 33.61  
 3289 T	 57.84  
 3290 E	 34.94  
 3291 V	 11.18  
 3292 E	 30.87  
 3293 L	 9.30  
 3294 S	 27.03  
 3295 G	 45.11  
 3296 D	 44.35  
 3297 D	 47.61  
 3298 L	 6.56  
 3299 T	 16.18  
 3300 C	 3.74  
 3301 S	 39.66  
 3302 G	 35.71  
 3303 Y	 7.63  
 3304 K	 53.96  
 3305 S	 16.91  
 3306 P	 20.18  
 3307 I	 7.47  
 3308 I	 2.56  
 3309 T	 23.62  
 3310 S	 12.54  
 3311 A	 12.36  
 3312 N	 35.11  
 3313 L	 1.79  
 3314 C	 2.93  
 3315 A	 18.61  
 3316 T	 23.40  
 3317 I	 1.45  
 3318 K	 49.57  
 3319 G	 26.20  
 3320 L	 6.01  
 3321 Q	 38.27  
 3322 P	 38.39  
 3323 S	 22.03  
 3324 T	 34.23  
 3325 T	 19.62  
 3326 Y	 12.11  
 3327 R	 15.79  
 3328 F	 5.71  
 3329 A	 5.45  
 3330 V	 6.37  
 3331 Q	 40.56  
 3332 G	 23.80  
 3333 Q	 24.05  
 3334 S	 33.04  
 3335 S	 34.08  
 3336 S	 41.20  
 3337 G	 35.54  
 3338 N	 45.59  
 3339 W	 15.03  
 3340 G	 30.41  
 3341 E	 35.48  
 3342 W	 10.13  
 3343 S	 14.72  
 3344 S	 37.09  
 3345 D	 42.87  
 3346 Y	 11.02  
 3347 F	 6.67  
 3348 S	 23.73  
 3349 T	 21.63  
 3350 T	 26.69  
 3351 R	 44.67  
 3352 N	 59.92  
 3353 D	 57.74  
 3354 D	 54.79  
 3355 N	 44.68  
 3356 E	 52.98  
 3357 L	 7.26  
 3358 L	 6.27  
 3359 G	 35.95  
 3360 G	 29.76  
 3361 S	 22.11  
 3362 L	 5.25  
 3363 K	 49.42  
 3364 L	 5.76  
 3365 L	 2.93  
 3366 S	 42.51  
 3367 A	 21.22  
 3368 G	 25.88  
 3369 H	 22.09  
 3370 D	 62.33  
 3371 N	 35.77  
 3372 L	 9.33  
 3373 K	 48.28  
 3374 V	 7.63  
 3375 K	 43.70  
 3376 W	 19.68  
 3377 T	 17.42  
 3378 P	 17.46  
 3379 P	 31.61  
 3380 A	 13.53  
 3381 V	 7.72  
 3382 I	 6.83  
 3383 G	 24.44  
 3384 E	 35.40  
 3385 K	 51.49  
 3386 I	 4.87  
 3387 D	 55.31  
 3388 K	 48.58  
 3389 Y	 15.55  
 3390 D	 34.75  
 3391 I	 2.76  
 3392 F	 2.88  
 3393 I	 3.11  
 3394 S	 10.81  
 3395 V	 3.83  
 3396 A	 6.27  
 3397 S	 22.51  
 3398 V	 5.01  
 3399 L	 5.34  
 3400 D	 44.02  
 3401 Q	 65.06  
 3402 N	 50.45  
 3403 P	 35.26  
 3404 K	 73.88  
 3405 K	 48.32  
 3406 F	 18.51  
 3407 D	 41.68  
 3408 V	 11.04  
 3409 N	 38.40  
 3410 G	 26.51  
 3411 Q	 35.70  
 3412 T	 24.04  
 3413 T	 27.03  
 3414 D	 37.99  
 3415 Y	 10.77  
 3416 H	 18.97  
 3417 F	 4.24  
 3418 R	 19.02  
 3419 H	 32.80  
 3420 L	 4.59  
 3421 D	 34.63  
 3422 S	 33.16  
 3423 V	 3.74  
 3424 T	 29.32  
 3425 Q	 26.16  
 3426 Y	 11.39  
 3427 N	 17.11  
 3428 V	 4.77  
 3429 T	 11.95  
 3430 V	 4.26  
 3431 Q	 39.83  
 3432 G	 27.20  
 3433 T	 13.40  
 3434 S	 50.78  
 3435 E	 67.63  
 3436 G	 36.02  
 3437 N	 31.99  
 3438 K	 58.93  
 3439 L	 5.39  
 3440 W	 7.08  
 3441 F	 5.86  
 3442 I	 1.71  
 3443 S	 15.81  
 3444 S	 23.51  
 3445 V	 3.33  
 3446 F	 6.08  
 3447 S	 28.39  
 3448 T	 20.94  
 3449 T	 28.11  
 3450 D	 40.63  
 3451 F	 6.65  
 3452 A	 16.86  
 3453 E	 50.82  
 3454 G	 31.84  
 3455 L	 2.22  
 3456 L	 6.76  
 3457 N	 43.19  
 3458 W	 12.05  
 3459 L	 2.23  
 3460 P	 28.01  
 3461 A	 19.90  
 3462 P	 25.22  
 3463 T	 53.98  
 3464 D	 30.91  
 3465 L	 3.78  
 3466 H	 27.80  
 3467 L	 7.61  
 3468 I	 4.33  
 3469 E	 53.52  
 3470 K	 46.79  
 3471 S	 26.06  
 3472 D	 47.40  
 3473 T	 28.82  
 3474 M	 2.67  
 3475 L	 3.75  
 3476 H	 12.50  
 3477 V	 5.66  
 3478 D	 29.88  
 3479 W	 11.92  
 3480 V	 4.98  
 3481 P	 19.29  
 3482 P	 37.38  
 3483 E	 50.66  
 3484 I	 6.14  
 3485 F	 14.12  
 3486 D	 52.03  
 3487 P	 28.95  
 3488 E	 65.20  
 3489 Q	 49.92  
 3490 R	 38.74  
 3491 E	 44.19  
 3492 L	 6.28  
 3493 I	 2.70  
 3494 T	 25.01  
 3495 H	 10.36  
 3496 H	 19.77  
 3497 R	 21.48  
 3498 V	 3.84  
 3499 T	 16.04  
 3500 I	 4.13  
 3501 A	 6.85  
 3502 P	 30.26  
 3503 F	 15.07  
 3504 D	 38.28  
 3505 P	 32.04  
 3506 T	 50.45  
 3507 T	 41.91  
 3508 G	 28.18  
 3509 K	 48.49  
 3510 T	 56.52  
 3511 G	 28.15  
 3512 P	 47.57  
 3513 S	 34.57  
 3514 K	 58.04  
 3515 N	 41.88  
 3516 Y	 16.92  
 3517 T	 25.13  
 3518 V	 2.78  
 3519 P	 23.08  
 3520 Y	 21.31  
 3521 P	 29.44  
 3522 G	 34.37  
 3523 N	 35.74  
 3524 S	 32.82  
 3525 I	 7.41  
 3526 K	 36.86  
 3527 F	 9.55  
 3528 E	 52.93  
 3529 G	 30.07  
 3530 L	 6.94  
 3531 R	 37.55  
 3532 P	 48.39  
 3533 E	 41.21  
 3534 T	 31.29  
 3535 I	 2.06  
 3536 Y	 14.13  
 3537 N	 21.43  
 3538 I	 1.93  
 3539 T	 11.70  
 3540 V	 3.04  
 3541 Q	 25.98  
 3542 A	 23.57  
 3543 G	 14.34  
 3544 T	 29.27  
 3545 N	 32.30  
 3546 S	 32.98  
 3547 G	 34.21  
 3548 Y	 12.83  
 3549 G	 12.60  
 3550 H	 11.95  
 3551 I	 2.76  
 3552 L	 2.61  
 3553 W	 9.11  
 3554 G	 16.01  
 3555 T	 11.61  
 3556 Y	 8.84  
 3557 S	 19.45  
 3558 T	 19.27  
 3559 L	 4.44  
 3560 A	 13.28  
 3561 P	 42.43  
 3562 G	 31.39  
 3563 Q	 32.49  
 3564 R	 25.40  
 3565 H	 18.62  
 3566 I	 2.33  
 3567 L	 2.29  
 3568 R	 36.20  
 3569 L	 4.45  
 3570 L	 3.09  
 3571 N	 50.82  
 3572 R	 41.89  
 3573 T	 24.74  
 3574 P	 21.83  
 3575 T	 43.21  
 3576 T	 19.96  
 3577 L	 5.51  
 3578 N	 21.26  
 3579 V	 8.03  
 3580 A	 12.11  
 3581 W	 13.22  
 3582 E	 21.90  
 3583 P	 19.23  
 3584 V	 6.00  
 3585 W	 13.75  
 3586 G	 22.80  
 3587 R	 18.58  
 3588 S	 20.33  
 3589 H	 24.71  
 3590 S	 34.44  
 3591 G	 17.64  
 3592 Y	 11.11  
 3593 T	 22.58  
 3594 L	 2.38  
 3595 T	 13.29  
 3596 A	 12.94  
 3597 R	 21.74  
 3598 T	 27.81  
 3599 L	 2.21  
 3600 Y	 8.76  
 3601 S	 16.39  
 3602 V	 4.48  
 3603 Y	 9.31  
 3604 G	 24.81  
 3605 N	 9.69  
 3606 V	 5.85  
 3607 R	 30.68  
 3608 L	 3.70  
 3609 Q	 32.18  
 3610 Q	 43.68  
 3611 I	 2.68  
 3612 K	 38.51  
 3613 T	 27.05  
 3614 F	 7.97  
 3615 D	 42.49  
 3616 V	 6.06  
 3617 D	 46.34  
 3618 A	 14.76  
 3619 S	 40.36  
 3620 E	 54.82  
 3621 T	 32.03  
 3622 E	 33.59  
 3623 F	 7.85  
 3624 V	 2.07  
 3625 I	 3.34  
 3626 R	 36.00  
 3627 G	 19.74  
 3628 L	 3.74  
 3629 H	 19.65  
 3630 P	 36.42  
 3631 S	 21.54  
 3632 T	 31.31  
 3633 V	 3.72  
 3634 Y	 12.19  
 3635 N	 18.89  
 3636 V	 2.25  
 3637 T	 22.67  
 3638 L	 7.22  
 3639 T	 20.94  
 3640 P	 43.09  
 3641 K	 67.40  
 3642 D	 51.56  
 3643 H	 38.18  
 3644 N	 56.42  
 3645 E	 30.14  
 3646 V	 7.05  
 3647 A	 7.88  
 3648 W	 9.34  
 3649 G	 10.04  
 3650 A	 4.70  
 3651 Y	 9.00  
 3652 A	 11.35  
 3653 T	 27.41  
 3654 L	 3.52  
 3655 P	 22.47  
 3656 P	 56.62  
 3657 G	 28.63  
 3658 W	 6.66  
 3659 F	 5.84  
 3660 V	 4.90  
 3661 V	 2.18  
 3662 K	 51.79  
 3663 N	 40.64  
 3664 L	 3.16  
 3665 K	 59.27  
 3666 Q	 43.75  
 3667 C	 5.76  
 3668 D	 55.16  
 3669 K	 58.58  
 3670 T	 24.09  
 3671 D	 34.94  
 3672 F	 9.77  
 3673 A	 8.69  
 3674 V	 5.08  
 3675 S	 12.04  
 3676 M	 4.31  
 3677 S	 22.30  
 3678 W	 12.79  
 3679 E	 31.96  
 3680 P	 20.72  
 3681 V	 8.49  
 3682 E	 50.17  
 3683 L	 5.78  
 3684 D	 19.66  
 3685 M	 6.34  
 3686 A	 10.02  
 3687 S	 30.16  
 3688 D	 28.48  
 3689 Y	 13.35  
 3690 Q	 20.43  
 3691 V	 3.37  
 3692 R	 14.83  
 3693 Y	 9.41  
 3694 L	 3.47  
 3695 R	 34.48  
 3696 L	 7.63  
 3697 K	 46.71  
 3698 E	 52.37  
 3699 H	 36.69  
 3700 D	 51.90  
 3701 G	 21.17  
 3702 I	 5.25  
 3703 W	 11.86  
 3704 T	 31.43  
 3705 E	 38.55  
 3706 E	 49.97  
 3707 E	 43.69  
 3708 A	 26.49  
 3709 R	 34.68  
 3710 P	 55.52  
 3711 A	 16.64  
 3712 K	 52.13  
 3713 E	 49.43  
 3714 L	 6.17  
 3715 L	 5.01  
 3716 C	 6.51  
 3717 P	 37.43  
 3718 K	 66.80  
 3719 D	 42.64  
 3720 G	 23.16  
 3721 C	 4.04  
 3722 G	 30.99  
 3723 R	 26.17  
 3724 L	 1.05  
 3725 C	 2.08  
 3726 Y	 15.53  
 3727 L	 3.28  
 3728 V	 0.90  
 3729 F	 7.79  
 3730 N	 45.22  
 3731 L	 2.87  
 3732 P	 26.72  
 3733 H	 56.94  
 3734 N	 43.16  
 3735 P	 24.47  
 3736 T	 45.31  
 3737 E	 40.74  
 3738 Y	 14.72  
 3739 V	 1.89  
 3740 F	 5.64  
 3741 Q	 17.47  
 3742 V	 4.34  
 3743 R	 20.22  
 3744 A	 19.84  
 3745 K	 30.23  
 3746 V	 12.79  
 3747 D	 48.89  
 3748 G	 44.82  
 3749 E	 40.41  
 3750 W	 13.91  
 3751 N	 27.17  
 3752 H	 34.12  
 3753 W	 7.96  
 3754 K	 29.23  
 3755 S	 44.61  
 3756 A	 19.06  
 3757 P	 43.84  
 3758 K	 55.69  
 3759 K	 46.48  
 3760 M	 5.69  
 3761 T	 37.67  
 3762 S	 29.25  
 3763 S	 33.78  
 3764 E	 50.45  
 3765 P	 33.10  
 3766 L	 6.12  
 3767 S	 25.43  
 3768 I	 5.82  
 3769 R	 22.53  
 3770 R	 32.17  
 3771 S	 11.95  
 3772 C	 1.42  
 3773 C	 3.56  
 3774 I	 6.46  
 3775 V	 3.48  
 3776 P	 12.30  
 3777 P	 25.90  
 3778 P	 29.17  
 3779 Y	 23.24  
 3780 F	 7.40  
 3781 V	 4.55  
 3782 D	 31.00  
 3783 N	 29.32  
 3784 I	 4.27  
 3785 G	 31.79  
 3786 A	 8.78  
 3787 P	 36.82  
 3788 G	 32.77  
 3789 T	 25.23  
 3790 F	 6.93  
 3791 W	 12.44  
 3792 E	 25.34  
 3793 V	 7.90  
 3794 D	 23.98  
 3795 V	 12.81  
 3796 N	 18.94  
 3797 P	 24.10  
 3798 A	 23.08  
 3799 A	 19.39  
 3800 T	 41.15  
 3801 E	 41.92  
 3802 N	 43.87  
 3803 N	 30.24  
 3804 V	 4.93  
 3805 T	 18.31  
 3806 R	 19.26  
 3807 Y	 7.40  
 3808 Y	 5.40  
 3809 V	 2.22  
 3810 V	 2.31  
 3811 V	 4.51  
 3812 D	 33.34  
 3813 E	 47.58  
 3814 R	 58.22  
 3815 D	 52.26  
 3816 P	 40.78  
 3817 P	 58.54  
 3818 G	 60.82  
 3819 D	 42.51  
 3820 T	 38.27  
 3821 N	 48.70  
 3822 W	 8.05  
 3823 T	 24.16  
 3824 E	 41.09  
 3825 L	 6.17  
 3826 T	 27.78  
 3827 D	 56.93  
 3828 K	 35.93  
 3829 V	 7.32  
 3830 T	 30.19  
 3831 A	 19.34  
 3832 N	 35.27  
 3833 K	 38.82  
 3834 M	 4.82  
 3835 K	 41.98  
 3836 I	 2.07  
 3837 P	 14.64  
 3838 Y	 17.66  
 3839 Y	 4.35  
 3840 V	 2.71  
 3841 A	 4.93  
 3842 A	 12.47  
 3843 S	 12.63  
 3844 F	 11.81  
 3845 N	 34.18  
 3846 L	 5.11  
 3847 E	 49.78  
 3848 T	 51.26  
 3849 L	 3.10  
 3850 P	 57.89  
 3851 E	 61.93  
 3852 P	 39.18  
 3853 R	 48.73  
 3854 K	 46.73  
 3855 V	 5.94  
 3856 R	 30.15  
 3857 I	 7.08  
 3858 G	 23.74  
 3859 D	 43.77  
 3860 G	 20.71  
 3861 S	 18.46  
 3862 V	 6.03  
 3863 I	 3.66  
 3864 G	 19.28  
 3865 G	 16.78  
 3866 Y	 6.12  
 3867 L	 5.83  
 3868 N	 28.08  
 3869 Y	 8.71  
 3870 P	 29.60  
 3871 L	 4.36  
 3872 V	 7.12  
 3873 K	 73.10  
 3874 G	 24.98  
 3875 K	 46.49  
 3876 K	 47.61  
 3877 Y	 26.85  
 3878 N	 35.05  
 3879 Y	 12.04  
 3880 E	 25.96  
 3881 V	 3.45  
 3882 Y	 4.79  
 3883 T	 25.37  
 3884 I	 1.06  
 3885 W	 5.85  
 3886 N	 20.02  
 3887 V	 2.91  
 3888 T	 25.14  
 3889 G	 22.40  
 3890 A	 5.72  
 3891 P	 28.99  
 3892 L	 6.72  
 3893 V	 4.00  
 3894 G	 30.50  
 3895 R	 17.33  
 3896 L	 4.39  
 3897 R	 31.49  
 3898 A	 21.32  
 3899 S	 16.29  
 3900 P	 24.46  
 3901 Y	 17.84  
 3902 I	 3.23  
 3903 T	 15.74  
 3904 S	 22.35  
 3905 S	 28.63  
 3906 W	 7.72  
 3907 P	 20.82  
 3908 W	 7.82  
 3909 W	 3.32  
 3910 W	 3.54  
 3911 L	 1.90  
 3912 L	 2.65  
 3913 L	 2.35  
 3914 P	 25.87  
 3915 L	 5.25  
 3916 L	 2.18  
 3917 A	 12.07  
 3918 A	 9.94  
 3919 L	 3.15  
 3920 L	 2.70  
 3921 L	 3.09  
 3922 T	 20.04  
 3923 L	 3.30  
 3924 L	 1.44  
 3925 C	 1.68  
 3926 C	 2.08  
 3927 C	 4.01  
 3928 I	 1.53  
 3929 P	 11.21  
 3930 W	 4.71  
 3931 C	 2.42  
 3932 L	 4.23  
 3933 K	 31.52  
 3934 R	 28.10  
 3935 R	 29.63  
 3936 Y	 20.91  
 3937 R	 32.42  
 3938 S	 36.51  
 3939 S	 32.82  
 3940 K	 61.77  
 3941 E	 49.39  
 3942 H	 23.19  
 3943 S	 28.53  
 3944 R	 34.78  
 3945 L	 6.63  
 3946 V	 3.67  
 3947 T	 37.92  
 3948 N	 40.42  
 3949 G	 15.98  
 3950 Q	 31.47  
 3951 H	 30.61  
 3952 A	 6.64  
 3953 P	 35.04  
 3954 L	 11.03  
 3955 L	 7.10  
 3956 E	 67.09  
 3957 E	 58.30  
 3958 Q	 31.37  
 3959 K	 50.62  
 3960 A	 23.35  
 3961 G	 26.87  
 3962 M	 7.31  
 3963 N	 36.25  
 3964 E	 43.44  
 3965 N	 26.40  
 3966 M	 2.05  
 3967 R	 49.90  
 3968 Q	 32.64  
 3969 L	 5.25  
 3970 E	 24.44  
 3971 T	 45.16  
 3972 R	 31.36  
 3973 L	 10.95  
 3974 D	 39.14  
 3975 K	 34.78  
 3976 M	 4.82  
 3977 R	 35.34  
 3978 G	 26.84  
 3979 A	 5.95  
 3980 V	 9.99  
 3981 D	 40.08  
 3982 G	 20.67  
 3983 R	 19.35  
 3984 A	 25.90  
 3985 R	 43.80  
 3986 G	 42.87  
 3987 D	 37.90  
 3988 F	 11.68  
 3989 E	 56.09  
 3990 D	 54.22  
 3991 G	 19.76  
 3992 Y	 14.15  
 3993 M	 3.12  
 3994 K	 51.08  
 3995 G	 20.42  
 3996 Y	 10.52  
 3997 K	 60.06  
 3998 D	 47.06  
 3999 A	 15.77  
 4000 N	 50.66  
 4001 K	 56.81  
 4002 L	 7.03  
 4003 G	 25.13  
 4004 S	 27.58  
 4005 A	 8.44  
 4006 H	 22.94  
 4007 A	 11.46  
 4008 A	 8.81  
 4009 R	 25.65  
 4010 R	 38.49  
 4011 R	 36.59  
 4012 L	 8.86  
 4013 D	 44.94  
 4014 D	 56.47  
 4015 D	 43.35  
 4016 Y	 27.65  
 4017 G	 22.67  
 4018 T	 25.37  
 4019 R	 39.20  
 4020 D	 51.80  
 4021 D	 52.43  
 4022 R	 38.83  
 4023 F	 8.71  
 4024 H	 28.59  
 4025 E	 49.89  
 4026 G	 24.78  
 4027 Y	 8.94  
 4028 V	 6.11  
 4029 K	 50.47  
 4030 G	 28.10  
 4031 L	 3.63  
 4032 K	 54.95  
 4033 D	 54.09  
 4034 A	 14.20  
 4035 G	 25.07  
 4036 M	 2.91  
 4037 T	 23.92  
 4038 G	 11.53  
 4039 M	 2.44  
 4040 T	 19.64  
 4041 T	 18.37  
 4042 S	 14.63  
 4043 M	 1.97  
 4044 H	 26.39  
 4045 N	 28.56  
 4046 L	 2.33  
 4047 A	 11.35  
 4048 Q	 46.78  
 4049 R	 29.72  
 4050 T	 28.26  
 4051 G	 29.71  
 4052 G	 31.11  
 4053 G	 17.99  
 4054 Y	 9.91  
 4055 S	 25.78  
 4056 A	 14.51  
 4057 G	 16.69  
 4058 F	 4.60  
 4059 A	 10.85  
 4060 Q	 54.19  
 4061 G	 28.20  
 4062 Y	 8.20  
 4063 K	 67.02  
 4064 D	 53.69  
 4065 G	 26.50  
 4066 N	 47.39  
 4067 S	 38.50  
 4068 G	 24.20  
 4069 I	 3.33  
 4070 F	 10.71  
 4071 G	 21.64  
 4072 D	 31.00  
 4073 R	 34.29  
 4074 V	 12.58  
 4075 T	 14.19  
 4076 P	 25.04  
 4077 S	 29.03  
 4078 L	 4.31  
 4079 I	 2.36  
 4080 S	 31.89  
 4081 R	 38.88  
 4082 L	 7.30  
 4083 D	 39.58  
 4084 E	 50.51  
 4085 Q	 32.80  
 4086 Y	 15.62  
 4087 A	 16.94  
 4088 G	 26.86  
 4089 Q	 38.62  
 4090 E	 65.58  
 4091 D	 48.43  
 4092 F	 6.65  
 4093 K	 55.95  
 4094 Q	 48.74  
 4095 G	 25.64  
 4096 Y	 7.90  
 4097 V	 8.10  
 4098 D	 48.61  
 4099 G	 26.02  
 4100 F	 5.87  
 4101 K	 61.85  
 4102 E	 58.70  
 4103 G	 31.20  
 4104 A	 12.86  
 4105 S	 29.54  
 4106 S	 30.37  
 4107 R	 37.65  
 4108 V	 11.45  
 4109 G	 24.40  
 4110 E	 44.63  
 4111 R	 27.48  
 4112 S	 36.70  
 4113 R	 45.23  
 4114 F	 14.96  
 4115 E	 54.70  
 4116 D	 51.54  
 4117 S	 24.90  
 4118 R	 56.90  
 4119 K	 55.38  
 4120 L	 5.64  
 4121 Q	 33.57  
 4122 Q	 51.34  
 4123 S	 25.05  
 4124 L	 3.61  
 4125 T	 33.91  
 4126 E	 60.01  
 4127 L	 5.19  
 4128 T	 16.90  
 4129 E	 59.31  
 4130 R	 37.72  
 4131 L	 2.88  
 4132 T	 37.17  
 4133 S	 38.84  
 4134 L	 7.06  
 4135 E	 59.45  
 4136 K	 61.91  
 4137 T	 30.77  
 4138 K	 75.36  
 4139 G	 42.91  
 4140 D	 53.91  
 4141 E	 51.80  
 4142 I	 3.56  
 4143 H	 27.63  
 4144 S	 36.74  
 4145 T	 13.80  
 4146 K	 44.26  
 4147 I	 2.66  
 4148 Y	 6.18  
 4149 H	 21.04  
 4150 V	 2.42  
 4151 Y	 8.24  
 4152 N	 32.68  
 4153 Q	 42.38  
 4154 Q	 34.08  
 4155 P	 32.02  
 4156 E	 58.06  
 4157 G	 32.79  
 4158 A	 9.85  
 4159 T	 28.57  
 4160 M	 2.71  
 4161 S	 22.01  
 4162 S	 21.75  
 4163 T	 29.27  
 4164 G	 17.17  
 4165 A	 10.99  
 4166 Q	 38.38  
 4167 L	 5.42  
 4168 A	 6.68  
 4169 Q	 65.48  
 4170 E	 53.17  
 4171 L	 4.81  
 4172 E	 46.98  
 4173 E	 66.33  
 4174 I	 3.74  
 4175 G	 28.31  
 4176 S	 28.95  
 4177 T	 22.50  
 4178 S	 27.65  
 4179 R	 36.34  
 4180 R	 33.49  
 4181 S	 30.59  
 4182 T	 23.60  
 4183 L	 4.83  
 4184 R	 24.34  
 4185 R	 30.21  
 4186 H	 25.12  
 4187 Y	 16.90  
 4188 T	 18.05  
 4189 P	 26.88  
 4190 G	 28.53  
 4191 D	 46.96  
 4192 Y	 23.01  
 4193 L	 4.83  
 4194 K	 39.64  
 4195 Q	 53.18  
 4196 D	 55.12  
 4197 A	 17.78  
 4198 E	 61.31  
 4199 E	 69.56  
 4200 G	 20.58  
 4201 Y	 12.59  
 4202 N	 47.53  
 4203 S	 21.16  
 4204 L	 5.06  
 4205 S	 27.59  
 4206 R	 46.07  
 4207 N	 40.10  
 4208 R	 28.58  
 4209 R	 45.56  
 4210 S	 24.36  
 4211 L	 4.74  
 4212 S	 22.79  
 4213 A	 12.24  
 4214 S	 22.05  
 4215 A	 10.84  
 4216 L	 4.24  
 4217 A	 11.47  
 4218 A	 19.23  
 4219 N	 36.40  
 4220 R	 30.15  
 4221 E	 50.44  
 4222 A	 13.65  
 4223 A	 9.12  
 4224 H	 34.79  
 4225 Q	 40.04  
 4226 S	 16.04  
 4227 S	 19.21  
 4228 S	 34.80  
 4229 Y	 12.55  
 4230 L	 3.87  
 4231 Q	 29.84  
 4232 T	 34.68  
 4233 G	 17.71  
 4234 G	 27.20  
 4235 T	 23.93  
 4236 L	 4.53  
 4237 S	 28.22  
 4238 R	 40.60  
 4239 S	 32.37  
 4240 R	 23.71  
 4241 H	 23.42  
 4242 H	 20.52  
 4243 M	 2.28  
 4244 S	 13.06  
 4245 H	 26.91  
 4246 A	 16.56  
 4247 G	 16.23  
 4248 S	 19.32  
 4249 S	 29.22  
 4250 Y	 15.47  
 4251 L	 2.78  
 4252 S	 16.19  
 4253 R	 31.20  
 4254 A	 13.19  
 4255 A	 13.48  
 4256 Q	 45.66  
 4257 D	 33.95  
 4258 A	 8.22  
 4259 Q	 42.55  
 4260 V	 9.05  
 4261 G	 22.62  
 4262 G	 22.89  
 4263 T	 21.17  
 4264 D	 40.78  
 4265 T	 25.80  
 4266 Y	 16.97  
 4267 A	 7.61  
 4268 K	 45.03  
 4269 R	 19.43  
 4270 Y	 18.81  
 4271 N	 29.76  
 4272 Y	 10.88  
 4273 R	 23.19  
 4274 S	 26.27  
 4275 R	 28.07  
 4276 S	 37.58  
 4277 D	 47.92  
 4278 V	 9.61  
 4279 G	 36.60  
 4280 S	 18.32  
 4281 P	 20.88  
 4282 R	 46.03  
 4283 R	 34.45  
 4284 Y	 16.34  
 4285 A	 8.05  
 4286 S	 18.11  
 4287 Q	 28.17  
 4288 T	 27.13  
 4289 L	 2.96  
 4290 L	 8.77  
 4291 D	 57.02  
 4292 G	 26.06  
 4293 S	 34.66  
 4294 R	 45.80  
 4295 P	 61.82  
 4296 G	 27.90  
 4297 P	 37.40  
 4298 S	 61.56  
 4299 T	 23.40  
 4300 P	 29.76  
 4301 H	 43.93  
 4302 A	 15.13  
 4303 K	 48.02  
 4304 R	 34.91  
 4305 D	 53.42  
 4306 A	 12.79  
 4307 L	 3.57  
 4308 H	 22.13  
 4309 T	 36.65  
 4310 L	 4.48  
 4311 T	 24.51  
 4312 K	 60.43  
 4313 E	 53.20  
 4314 L	 6.05  
 4315 D	 48.93  
 4316 S	 40.65  
 4317 L	 5.01  
 4318 S	 34.36  
 4319 R	 58.46  
 4320 S	 23.29  
 4321 P	 42.90  
 4322 D	 43.95  
 4323 V	 9.42  
 4324 R	 40.50  
 4325 G	 35.40  
 4326 S	 25.36  
 4327 T	 21.59  
 4328 P	 34.11  
 4329 R	 56.00  
 4330 G	 28.91  
 4331 T	 20.51  
 4332 T	 31.09  
 4333 G	 25.33  
 4334 Y	 16.03  
 4335 G	 29.84  
 4336 S	 28.78  
 4337 D	 48.30  
 4338 N	 36.41  
 4339 N	 44.88  
 4340 A	 15.16  
 4341 Y	 17.80  
 4342 D	 35.99  
 4343 T	 12.73  
 4344 V	 4.83  
 4345 R	 23.63  
 4346 S	 26.42  
 4347 R	 20.10  
 4348 A	 15.53  
 4349 R	 43.39  
 4350 G	 29.27  
 4351 Y	 6.54  
 4352 S	 31.56  
 4353 N	 25.80  
 4354 Y	 15.22  
 4355 D	 38.80  
 4356 Y	 13.41  
 4357 D	 37.84  
 4358 T	 19.83  
 4359 F	 6.40  
 4360 Q	 42.46  
 4361 S	 27.37  
 4362 S	 19.66  
 4363 R	 47.05  
 4364 N	 47.08  
 4365 V	 5.35  
 4366 T	 32.69  
 4367 N	 35.29  
 4368 S	 19.12  
 4369 S	 26.51  
 4370 S	 23.03  
 4371 A	 11.76  
 4372 A	 10.28  
 4373 A	 11.86  
 4374 A	 9.46  
 4375 A	 12.08  
 4376 S	 29.90  
 4377 G	 19.58  
 4378 A	 10.89  
 4379 Q	 43.02  
 4380 T	 27.02  
 4381 T	 16.85  
 4382 G	 25.07  
 4383 A	 7.62  
 4384 T	 24.89  
 4385 A	 12.57  
 4386 A	 12.94  
 4387 S	 28.43  
 4388 S	 24.48  
 4389 S	 22.84  
 4390 S	 36.96  
 4391 A	 16.04  
 4392 T	 28.80  
 4393 Q	 49.55  
 4394 Q	 56.60  
 4395 D	 36.95  
 4396 K	 57.69  
 4397 S	 54.62  
 4398 G	 34.95  
 4399 K	 50.77  
 4400 W	 14.46  
 4401 A	 9.72  
 4402 E	 44.82  
 4403 Q	 35.65  
 4404 L	 2.18  
 4405 I	 3.73  
 4406 D	 50.00  
 4407 L	 3.46  
 4408 V	 5.59  
 4409 S	 40.57  
 4410 E	 42.26  
 4411 P	 28.20  
 4412 L	 8.85  
 4413 D	 53.14  
 4414 T	 27.99  
 4415 T	 16.59  
 4416 I	 2.35  
 4417 A	 12.28  
 4418 R	 28.46  
 4419 I	 2.64  
 4420 N	 29.87  
 4421 N	 38.80  
 4422 Y	 11.96  
 4423 T	 25.02  
 4424 S	 22.78  
 4425 S	 25.92  
 4426 S	 42.38  
 4427 N	 44.97  
 4428 D	 59.02  
 4429 R	 43.51  
 4430 G	 38.39  
 4431 Q	 45.89  
 4432 G	 32.29  
 4433 D	 33.14  
 4434 V	 8.15  
 4435 V	 10.53  
 4436 E	 48.93  
 4437 E	 47.51  
 4438 K	 32.62  
 4439 Y	 13.02  
 4440 H	 24.23  
 4441 R	 38.29  
 4442 S	 27.52  
 4443 Y	 23.52  
 4444 K	 58.85  
 4445 E	 53.35  
 4446 E	 44.94  
 4447 H	 31.97  
 4448 S	 30.96  
 4449 S	 43.87  
 4450 R	 54.28  
