 1 M	 12.88  
 2 E	 69.53  
 3 N	 52.24  
 4 N	 36.73  
 5 N	 62.03  
 6 S	 34.91  
 7 P	 31.62  
 8 T	 36.99  
 9 N	 40.30  
 10 A	 19.39  
 11 A	 22.20  
 12 E	 40.75  
 13 H	 36.98  
 14 N	 36.02  
 15 Q	 46.09  
 16 K	 55.16  
 17 I	 6.76  
 18 D	 43.04  
 19 P	 29.86  
 20 R	 51.06  
 21 N	 50.39  
 22 Y	 18.14  
 23 D	 42.99  
 24 D	 32.66  
 25 V	 3.81  
 26 L	 4.36  
 27 S	 15.01  
 28 V	 4.51  
 29 A	 7.66  
 30 A	 11.88  
 31 S	 16.67  
 32 I	 4.88  
 33 R	 26.29  
 34 E	 48.20  
 35 Q	 38.37  
 36 V	 8.53  
 37 G	 25.69  
 38 E	 50.91  
 39 D	 33.19  
 40 V	 3.19  
 41 A	 17.17  
 42 R	 28.60  
 43 A	 13.47  
 44 D	 39.61  
 45 L	 5.32  
 46 G	 14.04  
 47 I	 2.83  
 48 I	 1.75  
 49 C	 3.16  
 50 G	 17.84  
 51 S	 26.83  
 52 G	 21.67  
 53 L	 8.69  
 54 G	 18.46  
 55 P	 32.22  
 56 I	 8.07  
 57 G	 27.89  
 58 D	 44.41  
 59 T	 18.17  
 60 V	 6.04  
 61 Q	 36.39  
 62 D	 41.15  
 63 A	 4.57  
 64 T	 31.19  
 65 I	 3.80  
 66 L	 2.57  
 67 P	 27.74  
 68 Y	 21.10  
 69 S	 23.36  
 70 K	 47.26  
 71 I	 3.12  
 72 P	 41.95  
 73 G	 44.64  
 74 F	 4.00  
 75 P	 42.15  
 76 T	 27.54  
 77 T	 16.95  
 78 H	 18.10  
 79 V	 5.32  
 80 V	 5.29  
 81 G	 18.72  
 82 H	 24.20  
 83 K	 46.16  
 84 G	 24.22  
 85 N	 25.77  
 86 M	 3.51  
 87 I	 4.83  
 88 F	 4.99  
 89 G	 17.22  
 90 K	 32.96  
 91 L	 12.83  
 92 G	 49.73  
 93 G	 36.73  
 94 K	 40.36  
 95 K	 43.08  
 96 V	 4.13  
 97 V	 3.56  
 98 C	 2.35  
 99 L	 4.01  
 100 Q	 35.57  
 101 G	 22.67  
 102 R	 17.46  
 103 F	 9.71  
 104 H	 23.75  
 105 P	 33.23  
 106 Y	 22.65  
 107 E	 32.98  
 108 H	 29.13  
 109 N	 17.45  
 110 M	 4.88  
 111 D	 33.82  
 112 L	 2.46  
 113 A	 9.05  
 114 L	 2.74  
 115 C	 2.82  
 116 T	 34.64  
 117 L	 3.44  
 118 P	 8.17  
 119 V	 8.95  
 120 R	 20.36  
 121 V	 4.01  
 122 M	 0.86  
 123 H	 19.50  
 124 Q	 24.24  
 125 L	 4.68  
 126 G	 16.75  
 127 I	 3.57  
 128 K	 25.15  
 129 I	 1.84  
 130 M	 1.79  
 131 I	 3.32  
 132 V	 1.68  
 133 S	 15.15  
 134 N	 23.94  
 135 A	 10.44  
 136 A	 22.46  
 137 G	 34.79  
 138 G	 12.78  
 139 I	 2.68  
 140 N	 27.54  
 141 A	 10.37  
 142 V	 4.11  
 143 L	 2.88  
 144 R	 25.74  
 145 H	 29.92  
 146 G	 24.26  
 147 D	 23.84  
 148 L	 3.40  
 149 M	 4.29  
 150 L	 5.98  
 151 I	 2.84  
 152 K	 39.01  
 153 D	 32.87  
 154 H	 14.01  
 155 I	 5.64  
 156 F	 6.32  
 157 L	 2.10  
 158 P	 17.93  
 159 A	 16.52  
 160 L	 4.53  
 161 A	 21.06  
 162 G	 25.15  
 163 F	 5.90  
 164 S	 19.19  
 165 P	 28.89  
 166 L	 5.11  
 167 V	 10.49  
 168 G	 16.52  
 169 C	 3.99  
 170 N	 57.29  
 171 D	 39.57  
 172 P	 21.36  
 173 R	 45.56  
 174 F	 12.50  
 175 G	 19.68  
 176 A	 10.06  
 177 R	 32.64  
 178 F	 4.81  
 179 V	 4.94  
 180 S	 15.83  
 181 V	 3.88  
 182 H	 13.38  
 183 D	 44.67  
 184 A	 10.27  
 185 Y	 29.72  
 186 D	 33.67  
 187 K	 38.26  
 188 Q	 38.69  
 189 L	 4.67  
 190 R	 27.29  
 191 Q	 43.78  
 192 L	 3.49  
 193 A	 6.39  
 194 I	 6.32  
 195 D	 31.07  
 196 V	 5.41  
 197 G	 18.61  
 198 R	 34.48  
 199 R	 30.95  
 200 S	 30.30  
 201 D	 32.07  
 202 M	 2.68  
 203 T	 31.04  
 204 L	 2.69  
 205 Y	 11.06  
 206 E	 45.34  
 207 G	 11.51  
 208 V	 1.86  
 209 Y	 10.99  
 210 V	 1.98  
 211 M	 1.36  
 212 S	 30.47  
 213 G	 33.43  
 214 G	 9.99  
 215 P	 36.79  
 216 Q	 58.88  
 217 Y	 22.85  
 218 E	 45.02  
 219 S	 25.20  
 220 P	 22.09  
 221 A	 38.82  
 222 E	 35.70  
 223 V	 7.00  
 224 S	 21.42  
 225 L	 6.53  
 226 F	 4.93  
 227 K	 47.82  
 228 T	 19.48  
 229 V	 6.49  
 230 G	 23.99  
 231 A	 8.45  
 232 D	 36.08  
 233 A	 12.89  
 234 L	 6.43  
 235 G	 15.09  
 236 M	 2.89  
 237 S	 26.53  
 238 T	 14.69  
 239 C	 1.70  
 240 H	 32.42  
 241 E	 41.87  
 242 V	 2.02  
 243 T	 12.88  
 244 V	 5.09  
 245 A	 6.10  
 246 R	 28.17  
 247 Q	 21.76  
 248 C	 5.18  
 249 G	 17.89  
 250 I	 3.52  
 251 K	 19.38  
 252 V	 6.29  
 253 L	 4.94  
 254 G	 17.06  
 255 F	 4.73  
 256 S	 19.64  
 257 L	 5.38  
 258 I	 2.41  
 259 T	 26.35  
 260 N	 25.12  
 261 I	 1.69  
 262 A	 16.77  
 263 N	 34.36  
 264 L	 4.20  
 265 D	 42.06  
 266 A	 19.89  
 267 D	 38.76  
 268 A	 19.73  
 269 S	 21.25  
 270 V	 10.11  
 271 E	 35.49  
 272 V	 7.11  
 273 S	 16.21  
 274 H	 40.17  
 275 E	 44.79  
 276 E	 37.41  
 277 V	 3.68  
 278 M	 3.31  
 279 D	 37.94  
 280 I	 1.69  
 281 A	 7.38  
 282 Q	 33.71  
 283 Q	 42.17  
 284 A	 15.10  
 285 G	 22.15  
 286 E	 48.35  
 287 R	 36.62  
 288 A	 10.76  
 289 S	 32.26  
 290 R	 34.69  
 291 F	 5.97  
 292 V	 4.96  
 293 S	 22.00  
 294 D	 30.89  
 295 I	 3.06  
 296 I	 3.20  
 297 T	 22.97  
 298 E	 24.46  
 299 I	 3.39  
 300 T	 21.86  
 301 L	 8.97  
