 1 M	 7.51  
 2 T	 50.06  
 3 D	 66.39  
 4 G	 21.24  
 5 P	 57.61  
 6 D	 59.65  
 7 P	 41.07  
 8 N	 64.94  
 9 R	 42.97  
 10 S	 39.71  
 11 S	 36.62  
 12 Q	 46.68  
 13 P	 36.47  
 14 T	 39.44  
 15 S	 36.94  
 16 P	 46.45  
 17 T	 32.79  
 18 K	 58.12  
 19 S	 43.43  
 20 L	 8.24  
 21 K	 58.31  
 22 S	 47.27  
 23 E	 48.88  
 24 R	 64.64  
 25 N	 55.31  
 26 G	 46.03  
 27 E	 46.16  
 28 S	 48.49  
 29 N	 44.01  
 30 F	 17.69  
 31 E	 65.84  
 32 E	 63.85  
 33 D	 52.23  
 34 D	 51.86  
 35 Q	 57.45  
 36 D	 54.96  
 37 I	 3.16  
 38 G	 34.08  
 39 S	 25.08  
 40 L	 5.97  
 41 N	 53.73  
 42 D	 52.05  
 43 G	 24.27  
 44 Q	 48.23  
 45 L	 4.02  
 46 T	 24.99  
 47 N	 43.19  
 48 Y	 12.40  
 49 S	 17.03  
 50 S	 23.83  
 51 Q	 30.01  
 52 Y	 17.29  
 53 S	 10.39  
 54 I	 3.33  
 55 N	 18.40  
 56 M	 5.47  
 57 G	 15.03  
 58 V	 2.21  
 59 Q	 35.55  
 60 Q	 38.85  
 61 V	 4.59  
 62 E	 26.37  
 63 P	 31.94  
 64 L	 4.82  
 65 L	 8.48  
 66 V	 4.32  
 67 P	 25.28  
 68 Q	 59.03  
 69 A	 9.70  
 70 P	 35.22  
 71 D	 67.19  
 72 G	 30.11  
 73 G	 25.76  
 74 Y	 17.22  
 75 G	 18.56  
 76 W	 2.86  
 77 V	 2.02  
 78 I	 1.37  
 79 V	 1.61  
 80 F	 2.52  
 81 A	 6.73  
 82 A	 6.82  
 83 F	 5.04  
 84 M	 1.92  
 85 S	 22.13  
 86 N	 25.68  
 87 L	 2.89  
 88 V	 4.28  
 89 V	 6.68  
 90 D	 41.03  
 91 G	 12.25  
 92 I	 2.60  
 93 S	 21.15  
 94 T	 29.78  
 95 A	 10.12  
 96 F	 7.92  
 97 S	 39.39  
 98 E	 50.87  
 99 F	 9.39  
 100 K	 33.99  
 101 Q	 58.26  
 102 S	 38.47  
 103 Y	 17.86  
 104 K	 40.75  
 105 E	 48.68  
 106 R	 33.99  
 107 Y	 20.09  
 108 Q	 50.36  
 109 E	 41.69  
 110 S	 22.81  
 111 D	 56.20  
 112 G	 32.31  
 113 L	 4.42  
 114 T	 20.92  
 115 V	 3.86  
 116 F	 4.39  
 117 I	 2.97  
 118 G	 12.63  
 119 S	 16.16  
 120 L	 2.52  
 121 I	 2.67  
 122 I	 4.01  
 123 G	 11.00  
 124 T	 10.69  
 125 Y	 7.88  
 126 L	 2.91  
 127 L	 2.70  
 128 V	 7.38  
 129 G	 15.14  
 130 P	 23.31  
 131 L	 3.80  
 132 V	 3.37  
 133 S	 24.17  
 134 A	 14.51  
 135 L	 2.29  
 136 C	 4.06  
 137 N	 51.28  
 138 K	 49.52  
 139 Y	 11.87  
 140 E	 30.14  
 141 Q	 38.63  
 142 R	 17.80  
 143 Y	 9.33  
 144 V	 2.30  
 145 V	 1.29  
 146 M	 1.73  
 147 A	 9.40  
 148 G	 17.22  
 149 G	 15.42  
 150 L	 2.49  
 151 I	 3.92  
 152 S	 29.23  
 153 G	 14.30  
 154 I	 1.82  
 155 A	 7.47  
 156 F	 3.25  
 157 M	 1.56  
 158 I	 3.16  
 159 A	 5.04  
 160 P	 23.50  
 161 A	 28.70  
 162 S	 19.88  
 163 P	 33.09  
 164 N	 35.41  
 165 I	 3.35  
 166 Y	 8.35  
 167 V	 1.69  
 168 F	 1.53  
 169 M	 1.26  
 170 L	 1.53  
 171 I	 1.57  
 172 Y	 10.33  
 173 G	 8.92  
 174 V	 1.48  
 175 M	 2.82  
 176 G	 26.26  
 177 G	 12.44  
 178 L	 4.21  
 179 G	 21.97  
 180 F	 7.84  
 181 G	 10.36  
 182 M	 1.37  
 183 I	 3.06  
 184 Y	 9.57  
 185 L	 1.27  
 186 P	 11.72  
 187 A	 12.47  
 188 I	 1.97  
 189 V	 2.87  
 190 V	 2.59  
 191 V	 2.80  
 192 G	 10.42  
 193 F	 3.57  
 194 Y	 10.68  
 195 F	 8.80  
 196 D	 41.70  
 197 S	 17.72  
 198 K	 46.12  
 199 R	 33.28  
 200 A	 8.83  
 201 M	 3.89  
 202 A	 11.16  
 203 T	 23.20  
 204 G	 10.71  
 205 I	 2.32  
 206 S	 13.78  
 207 V	 7.08  
 208 A	 10.31  
 209 G	 23.83  
 210 S	 22.14  
 211 G	 22.43  
 212 V	 7.56  
 213 G	 17.80  
 214 T	 16.05  
 215 F	 5.50  
 216 L	 3.78  
 217 V	 2.95  
 218 P	 20.39  
 219 L	 4.82  
 220 I	 0.95  
 221 C	 3.06  
 222 Q	 26.56  
 223 V	 1.90  
 224 C	 0.71  
 225 I	 2.75  
 226 A	 10.48  
 227 N	 21.12  
 228 L	 5.65  
 229 G	 25.28  
 230 W	 10.32  
 231 Q	 31.08  
 232 K	 35.15  
 233 T	 12.64  
 234 I	 2.85  
 235 W	 5.59  
 236 V	 1.86  
 237 L	 1.46  
 238 A	 4.53  
 239 V	 2.36  
 240 M	 1.81  
 241 I	 1.52  
 242 F	 2.21  
 243 S	 9.84  
 244 C	 1.38  
 245 V	 3.92  
 246 F	 4.61  
 247 Y	 5.62  
 248 G	 8.43  
 249 Y	 6.81  
 250 L	 2.25  
 251 Y	 11.16  
 252 R	 24.55  
 253 P	 27.53  
 254 L	 2.94  
 255 P	 24.35  
 256 M	 4.89  
 257 V	 7.76  
 258 D	 37.21  
 259 L	 4.16  
 260 N	 37.88  
 261 E	 46.85  
 262 I	 5.98  
 263 R	 33.12  
 264 D	 55.22  
 265 Q	 41.93  
 266 E	 50.21  
 267 M	 5.52  
 268 E	 40.19  
 269 P	 31.37  
 270 L	 3.95  
 271 R	 30.37  
 272 Q	 55.10  
 273 A	 13.84  
 274 L	 3.73  
 275 S	 37.36  
 276 K	 50.96  
 277 V	 9.78  
 278 E	 64.58  
 279 D	 68.53  
 280 D	 52.30  
 281 E	 70.81  
 282 D	 57.03  
 283 E	 53.20  
 284 A	 23.77  
 285 V	 7.62  
 286 E	 66.65  
 287 S	 23.16  
 288 P	 33.19  
 289 H	 41.36  
 290 P	 41.11  
 291 N	 47.72  
 292 R	 45.84  
 293 S	 33.10  
 294 T	 21.10  
 295 S	 24.08  
 296 A	 13.01  
 297 A	 14.31  
 298 S	 28.59  
 299 G	 26.33  
 300 A	 10.25  
 301 I	 8.60  
 302 E	 49.63  
 303 D	 42.94  
 304 E	 37.87  
 305 A	 20.70  
 306 V	 5.94  
 307 S	 31.15  
 308 Q	 64.00  
 309 N	 27.48  
 310 P	 35.18  
 311 E	 59.85  
 312 V	 4.18  
 313 Q	 36.71  
 314 R	 36.93  
 315 L	 2.55  
 316 R	 24.68  
 317 S	 26.92  
 318 I	 4.45  
 319 L	 3.63  
 320 T	 35.93  
 321 E	 62.29  
 322 G	 32.79  
 323 D	 51.34  
 324 E	 75.40  
 325 G	 35.21  
 326 S	 35.93  
 327 E	 78.84  
 328 T	 37.40  
 329 P	 30.06  
 330 K	 69.27  
 331 S	 41.03  
 332 D	 59.84  
 333 A	 16.11  
 334 H	 33.85  
 335 K	 40.85  
 336 V	 5.65  
 337 R	 27.76  
 338 S	 28.33  
 339 H	 14.68  
 340 T	 30.85  
 341 A	 8.80  
 342 T	 30.27  
 343 R	 31.81  
 344 S	 41.13  
 345 R	 31.33  
 346 K	 44.68  
 347 H	 21.54  
 348 T	 25.77  
 349 M	 3.75  
 350 T	 26.38  
 351 S	 20.41  
 352 N	 41.02  
 353 S	 39.32  
 354 G	 35.26  
 355 S	 24.94  
 356 Q	 37.32  
 357 H	 44.03  
 358 D	 37.55  
 359 L	 5.88  
 360 K	 50.93  
 361 L	 5.69  
 362 S	 36.23  
 363 R	 48.75  
 364 G	 35.73  
 365 N	 35.32  
 366 L	 6.05  
 367 S	 39.38  
 368 S	 41.91  
 369 D	 40.67  
 370 N	 49.06  
 371 R	 38.74  
 372 L	 4.87  
 373 S	 27.65  
 374 R	 30.88  
 375 V	 4.76  
 376 S	 19.24  
 377 A	 16.53  
 378 R	 41.36  
 379 D	 46.71  
 380 F	 8.15  
 381 N	 34.52  
 382 Q	 45.82  
 383 S	 35.40  
 384 L	 3.64  
 385 S	 36.48  
 386 K	 63.17  
 387 L	 7.57  
 388 S	 28.63  
 389 K	 64.65  
 390 S	 38.80  
 391 G	 39.15  
 392 G	 32.68  
 393 A	 9.96  
 394 S	 41.39  
 395 N	 36.95  
 396 L	 3.47  
 397 S	 16.74  
 398 I	 4.15  
 399 A	 5.23  
 400 M	 3.23  
 401 S	 27.00  
 402 G	 18.11  
 403 V	 9.99  
 404 D	 52.67  
 405 P	 35.35  
 406 K	 67.70  
 407 E	 53.02  
 408 F	 10.49  
 409 Q	 50.05  
 410 R	 37.44  
 411 P	 17.39  
 412 M	 7.61  
 413 N	 40.94  
 414 R	 29.33  
 415 Q	 43.05  
 416 D	 29.72  
 417 I	 1.85  
 418 F	 6.62  
 419 Y	 22.40  
 420 G	 16.78  
 421 G	 15.36  
 422 S	 19.35  
 423 I	 3.39  
 424 Q	 51.40  
 425 N	 51.95  
 426 L	 3.01  
 427 K	 69.52  
 428 E	 66.18  
 429 F	 13.27  
 430 K	 56.82  
 431 E	 67.96  
 432 E	 61.63  
 433 G	 23.14  
 434 T	 13.71  
 435 M	 3.91  
 436 A	 16.23  
 437 G	 11.13  
 438 Y	 8.09  
 439 R	 22.57  
 440 A	 9.82  
 441 S	 22.38  
 442 T	 24.44  
 443 L	 3.96  
 444 S	 30.54  
 445 I	 3.55  
 446 P	 21.08  
 447 R	 40.17  
 448 S	 18.79  
 449 V	 6.22  
 450 V	 5.05  
 451 G	 13.94  
 452 Q	 27.29  
 453 A	 9.30  
 454 V	 2.62  
 455 S	 31.78  
 456 Q	 27.98  
 457 L	 5.62  
 458 N	 28.47  
 459 L	 5.08  
 460 S	 27.07  
 461 R	 46.39  
 462 T	 35.81  
 463 G	 15.06  
 464 S	 24.58  
 465 R	 38.40  
 466 L	 11.29  
 467 G	 38.86  
 468 G	 23.12  
 469 P	 29.26  
 470 G	 34.71  
 471 I	 4.23  
 472 A	 24.89  
 473 E	 65.12  
 474 D	 60.63  
 475 E	 47.57  
 476 E	 66.25  
 477 E	 43.33  
 478 M	 4.81  
 479 I	 7.42  
 480 E	 31.23  
 481 P	 24.52  
 482 F	 6.45  
 483 V	 10.83  
 484 D	 47.14  
 485 D	 46.88  
 486 G	 17.79  
 487 C	 2.33  
 488 C	 4.11  
 489 K	 51.38  
 490 V	 4.09  
 491 L	 1.89  
 492 P	 37.09  
 493 L	 4.56  
 494 P	 20.11  
 495 M	 7.32  
 496 R	 24.27  
 497 N	 38.69  
 498 A	 11.33  
 499 L	 5.20  
 500 S	 23.78  
 501 E	 40.79  
 502 M	 2.31  
 503 I	 4.84  
 504 D	 28.35  
 505 L	 3.17  
 506 N	 39.31  
 507 L	 10.54  
 508 L	 5.82  
 509 K	 60.61  
 510 N	 45.03  
 511 K	 35.89  
 512 T	 22.74  
 513 M	 1.35  
 514 M	 2.27  
 515 I	 1.65  
 516 L	 0.85  
 517 C	 1.91  
 518 I	 2.47  
 519 S	 22.04  
 520 N	 21.26  
 521 L	 3.32  
 522 L	 4.90  
 523 G	 13.75  
 524 M	 2.09  
 525 M	 2.97  
 526 G	 11.87  
 527 F	 2.44  
 528 Y	 10.48  
 529 I	 1.42  
 530 P	 10.70  
 531 I	 1.90  
 532 M	 2.43  
 533 F	 8.75  
 534 L	 2.03  
 535 K	 45.41  
 536 D	 58.54  
 537 L	 6.14  
 538 S	 37.45  
 539 E	 63.25  
 540 S	 20.17  
 541 M	 4.36  
 542 K	 51.09  
 543 L	 5.10  
 544 D	 21.07  
 545 M	 5.25  
 546 S	 16.79  
 547 L	 3.00  
 548 A	 4.56  
 549 M	 3.02  
 550 F	 5.31  
 551 L	 2.62  
 552 V	 2.03  
 553 P	 20.52  
 554 I	 3.51  
 555 F	 5.82  
 556 G	 24.67  
 557 V	 2.02  
 558 F	 7.36  
 559 N	 28.51  
 560 T	 17.22  
 561 I	 3.30  
 562 G	 20.05  
 563 R	 20.44  
 564 V	 3.82  
 565 F	 4.52  
 566 F	 6.67  
 567 G	 13.66  
 568 W	 7.31  
 569 L	 3.75  
 570 T	 29.85  
 571 D	 45.68  
 572 Q	 29.47  
 573 K	 48.72  
 574 I	 2.82  
 575 L	 2.93  
 576 S	 25.38  
 577 A	 12.79  
 578 L	 4.43  
 579 T	 22.75  
 580 I	 3.15  
 581 N	 37.85  
 582 N	 27.44  
 583 L	 3.68  
 584 S	 20.41  
 585 L	 5.16  
 586 I	 1.76  
 587 V	 4.50  
 588 S	 19.41  
 589 G	 17.51  
 590 L	 2.29  
 591 L	 4.15  
 592 T	 19.83  
 593 L	 4.69  
 594 A	 6.40  
 595 C	 2.47  
 596 P	 25.46  
 597 L	 9.07  
 598 L	 1.82  
 599 T	 26.27  
 600 S	 15.48  
 601 I	 4.15  
 602 A	 9.98  
 603 G	 22.50  
 604 Q	 19.01  
 605 Y	 9.53  
 606 F	 2.27  
 607 Y	 7.18  
 608 A	 4.99  
 609 I	 1.47  
 610 V	 2.67  
 611 F	 5.59  
 612 G	 11.27  
 613 F	 2.81  
 614 I	 2.20  
 615 I	 1.47  
 616 S	 15.37  
 617 A	 6.31  
 618 Y	 5.84  
 619 I	 1.23  
 620 C	 1.90  
 621 L	 2.82  
 622 T	 16.40  
 623 S	 9.58  
 624 I	 2.19  
 625 V	 3.45  
 626 L	 2.67  
 627 A	 9.30  
 628 D	 32.78  
 629 L	 2.14  
 630 M	 6.23  
 631 G	 36.82  
 632 L	 2.16  
 633 E	 44.45  
 634 N	 58.15  
 635 L	 3.33  
 636 T	 40.16  
 637 N	 38.21  
 638 S	 18.56  
 639 F	 9.67  
 640 G	 20.23  
 641 L	 2.86  
 642 L	 2.74  
 643 V	 3.68  
 644 V	 2.79  
 645 A	 9.12  
 646 R	 25.99  
 647 G	 15.29  
 648 I	 1.64  
 649 A	 10.31  
 650 S	 22.97  
 651 L	 3.69  
 652 V	 11.37  
 653 G	 29.47  
 654 P	 17.23  
 655 P	 26.28  
 656 F	 12.53  
 657 A	 16.75  
 658 G	 15.41  
 659 I	 2.02  
 660 V	 3.25  
 661 Y	 10.33  
 662 D	 22.53  
 663 I	 2.29  
 664 T	 19.71  
 665 G	 25.25  
 666 S	 15.93  
 667 Y	 20.75  
 668 D	 33.00  
 669 T	 15.50  
 670 A	 8.34  
 671 F	 5.88  
 672 Y	 10.00  
 673 F	 5.17  
 674 G	 19.69  
 675 G	 11.60  
 676 L	 2.22  
 677 V	 4.37  
 678 L	 3.71  
 679 L	 1.61  
 680 V	 3.29  
 681 A	 13.67  
 682 G	 18.96  
 683 L	 1.70  
 684 I	 2.29  
 685 S	 25.13  
 686 A	 11.53  
 687 T	 23.53  
 688 I	 2.20  
 689 P	 17.19  
 690 F	 10.88  
 691 V	 6.86  
 692 T	 32.52  
 693 K	 43.27  
 694 K	 49.10  
 695 D	 51.75  
 696 A	 25.57  
 697 D	 53.19  
 698 T	 28.50  
 699 A	 16.35  
 700 D	 56.89  
 701 G	 27.49  
 702 M	 1.65  
 703 P	 36.94  
 704 Q	 42.75  
 705 L	 5.09  
 706 Q	 40.86  
 707 D	 67.41  
 708 Q	 31.08  
 709 D	 66.83  
 710 N	 24.99  
 711 V	 12.27  
 712 S	 36.14  
 713 G	 30.55  
 714 K	 30.04  
 715 L	 4.96  
 716 S	 20.68  
 717 V	 12.74  
 718 L	 3.55  
 719 T	 27.48  
 720 E	 50.47  
 721 R	 44.10  
 722 S	 33.29  
 723 E	 54.21  
 724 E	 50.67  
 725 A	 16.23  
 726 L	 4.18  
 727 T	 39.44  
 728 D	 38.12  
 729 Y	 8.48  
 730 Q	 38.56  
 731 R	 27.80  
 732 T	 14.08  
 733 I	 2.88  
 734 Q	 36.54  
 735 S	 24.89  
 736 M	 2.32  
 737 K	 52.64  
 738 Q	 37.03  
 739 Q	 22.30  
 740 H	 20.12  
 741 Q	 39.26  
 742 L	 4.32  
 743 L	 2.75  
 744 Q	 62.93  
 745 D	 56.89  
 746 L	 6.02  
 747 E	 72.84  
 748 E	 75.91  
 749 E	 49.11  
 750 K	 69.08  
 751 R	 50.33  
 752 K	 73.28  
 753 Q	 57.51  
 754 K	 49.09  
 755 Q	 49.79  
 756 N	 52.87  
 757 G	 23.50  
 758 V	 6.85  
 759 V	 6.17  
 760 E	 58.75  
 761 E	 56.56  
 762 G	 23.15  
 763 N	 44.70  
 764 E	 55.64  
 765 M	 10.20  
 766 D	 39.36  
 767 D	 54.36  
 768 N	 33.25  
 769 I	 5.63  
 770 P	 39.73  
 771 L	 5.36  
 772 K	 48.68  
 773 S	 52.86  
 774 L	 7.04  
 775 K	 62.63  
 776 N	 65.81  
 777 N	 52.24  
