 1 M	 5.76  
 2 S	 39.73  
 3 S	 29.12  
 4 L	 3.75  
 5 S	 23.05  
 6 R	 36.30  
 7 S	 24.93  
 8 L	 4.84  
 9 L	 3.35  
 10 I	 3.79  
 11 S	 21.83  
 12 R	 24.26  
 13 S	 23.22  
 14 A	 18.06  
 15 A	 9.92  
 16 P	 22.34  
 17 V	 3.82  
 18 V	 3.41  
 19 A	 9.60  
 20 T	 10.47  
 21 M	 3.27  
 22 S	 28.99  
 23 T	 33.96  
 24 K	 25.79  
 25 P	 38.49  
 26 R	 40.11  
 27 A	 16.71  
 28 H	 21.69  
 29 I	 7.10  
 30 D	 31.14  
 31 G	 24.08  
 32 H	 25.27  
 33 V	 6.50  
 34 P	 25.26  
 35 S	 36.83  
 36 P	 28.28  
 37 L	 6.26  
 38 Q	 45.62  
 39 Q	 55.42  
 40 L	 4.48  
 41 S	 38.33  
 42 E	 74.50  
 43 E	 60.86  
 44 E	 45.81  
 45 S	 28.75  
 46 S	 25.27  
 47 I	 4.63  
 48 V	 5.93  
 49 G	 19.47  
 50 T	 10.43  
 51 V	 3.21  
 52 R	 28.04  
 53 R	 21.38  
 54 F	 6.62  
 55 A	 7.08  
 56 V	 5.59  
 57 N	 26.77  
 58 V	 4.84  
 59 I	 2.99  
 60 K	 28.19  
 61 P	 25.60  
 62 L	 4.88  
 63 V	 7.08  
 64 R	 41.00  
 65 E	 39.21  
 66 M	 5.90  
 67 D	 56.27  
 68 D	 51.72  
 69 K	 38.02  
 70 S	 39.47  
 71 Q	 38.83  
 72 M	 3.92  
 73 H	 14.77  
 74 Q	 33.77  
 75 S	 10.78  
 76 V	 3.50  
 77 I	 3.40  
 78 T	 28.19  
 79 G	 19.79  
 80 T	 21.08  
 81 F	 7.90  
 82 E	 50.67  
 83 N	 44.71  
 84 G	 15.16  
 85 L	 4.24  
 86 M	 5.57  
 87 G	 21.30  
 88 I	 2.43  
 89 E	 46.92  
 90 I	 5.16  
 91 P	 21.16  
 92 E	 65.65  
 93 K	 43.79  
 94 Y	 26.17  
 95 G	 47.06  
 96 G	 21.95  
 97 P	 34.82  
 98 G	 38.92  
 99 S	 27.40  
 100 S	 35.53  
 101 F	 7.42  
 102 F	 6.78  
 103 D	 33.48  
 104 A	 7.44  
 105 V	 4.76  
 106 L	 3.26  
 107 V	 4.09  
 108 I	 2.73  
 109 E	 39.21  
 110 E	 42.79  
 111 L	 3.47  
 112 A	 17.07  
 113 K	 60.85  
 114 V	 12.45  
 115 D	 29.11  
 116 P	 39.35  
 117 S	 23.66  
 118 V	 7.42  
 119 S	 17.74  
 120 V	 5.20  
 121 F	 2.79  
 122 V	 7.08  
 123 D	 25.48  
 124 V	 3.87  
 125 Q	 32.50  
 126 N	 34.92  
 127 T	 12.91  
 128 L	 3.97  
 129 V	 4.92  
 130 A	 9.04  
 131 P	 19.33  
 132 L	 3.77  
 133 I	 1.51  
 134 I	 3.49  
 135 Q	 27.18  
 136 L	 6.89  
 137 G	 18.07  
 138 T	 44.96  
 139 E	 57.54  
 140 E	 64.02  
 141 Q	 47.44  
 142 K	 52.62  
 143 Q	 39.04  
 144 K	 56.65  
 145 Y	 26.24  
 146 L	 4.48  
 147 P	 22.65  
 148 K	 47.41  
 149 I	 4.35  
 150 V	 5.03  
 151 T	 24.15  
 152 E	 27.65  
 153 A	 11.32  
 154 I	 3.75  
 155 G	 24.61  
 156 S	 10.96  
 157 F	 7.18  
 158 A	 16.33  
 159 L	 4.47  
 160 S	 29.68  
 161 E	 59.02  
 162 T	 33.02  
 163 G	 26.42  
 164 S	 42.41  
 165 G	 30.78  
 166 S	 27.71  
 167 D	 49.59  
 168 A	 8.03  
 169 F	 11.11  
 170 A	 15.18  
 171 L	 4.01  
 172 K	 40.16  
 173 T	 32.60  
 174 T	 34.59  
 175 A	 23.33  
 176 K	 49.67  
 177 K	 65.56  
 178 D	 66.11  
 179 G	 45.31  
 180 D	 57.20  
 181 D	 45.29  
 182 F	 6.64  
 183 V	 4.35  
 184 I	 3.79  
 185 S	 31.54  
 186 G	 21.84  
 187 S	 16.73  
 188 K	 41.60  
 189 M	 3.15  
 190 W	 9.67  
 191 I	 1.58  
 192 T	 11.96  
 193 N	 34.49  
 194 A	 11.51  
 195 G	 20.80  
 196 H	 17.59  
 197 A	 13.63  
 198 Q	 24.77  
 199 F	 5.47  
 200 F	 3.65  
 201 L	 3.06  
 202 V	 3.44  
 203 F	 4.76  
 204 A	 11.65  
 205 N	 32.58  
 206 A	 14.54  
 207 D	 49.27  
 208 S	 29.48  
 209 A	 15.16  
 210 K	 67.72  
 211 G	 29.15  
 212 Y	 12.82  
 213 K	 53.13  
 214 G	 16.38  
 215 I	 2.37  
 216 T	 13.08  
 217 C	 2.04  
 218 F	 5.80  
 219 L	 4.21  
 220 V	 3.05  
 221 D	 46.06  
 222 R	 38.97  
 223 N	 39.53  
 224 Q	 50.11  
 225 E	 66.18  
 226 G	 13.77  
 227 V	 4.05  
 228 S	 35.69  
 229 V	 13.98  
 230 G	 28.01  
 231 K	 51.32  
 232 K	 66.28  
 233 E	 64.96  
 234 D	 61.43  
 235 K	 50.10  
 236 L	 12.18  
 237 G	 17.05  
 238 I	 4.88  
 239 R	 26.98  
 240 A	 13.10  
 241 S	 19.14  
 242 S	 32.23  
 243 T	 13.30  
 244 C	 4.28  
 245 S	 20.79  
 246 V	 5.92  
 247 H	 14.19  
 248 F	 7.38  
 249 D	 37.52  
 250 N	 23.66  
 251 V	 7.92  
 252 R	 30.95  
 253 V	 6.08  
 254 H	 17.45  
 255 K	 42.94  
 256 S	 14.03  
 257 S	 27.00  
 258 I	 8.06  
 259 L	 4.63  
 260 G	 25.14  
 261 E	 47.90  
 262 Y	 23.49  
 263 G	 16.77  
 264 K	 59.16  
 265 G	 21.57  
 266 Y	 12.33  
 267 K	 36.55  
 268 Y	 12.34  
 269 A	 6.22  
 270 I	 3.31  
 271 E	 25.44  
 272 C	 2.65  
 273 L	 2.98  
 274 N	 52.59  
 275 A	 8.83  
 276 G	 22.21  
 277 R	 22.88  
 278 I	 4.63  
 279 G	 15.77  
 280 I	 3.72  
 281 G	 12.44  
 282 A	 6.95  
 283 Q	 23.55  
 284 M	 2.96  
 285 L	 3.19  
 286 G	 17.39  
 287 L	 2.57  
 288 A	 11.26  
 289 Q	 54.98  
 290 G	 14.41  
 291 C	 1.95  
 292 F	 11.31  
 293 D	 49.11  
 294 Q	 22.52  
 295 T	 26.26  
 296 I	 1.43  
 297 P	 27.46  
 298 Y	 17.19  
 299 L	 2.68  
 300 Q	 34.15  
 301 Q	 48.56  
 302 R	 27.07  
 303 E	 46.02  
 304 Q	 50.38  
 305 F	 8.46  
 306 G	 16.05  
 307 Q	 37.99  
 308 R	 33.71  
 309 L	 3.19  
 310 I	 5.63  
 311 D	 34.11  
 312 F	 5.54  
 313 Q	 42.58  
 314 G	 20.08  
 315 M	 1.92  
 316 Q	 31.96  
 317 H	 16.60  
 318 Q	 25.31  
 319 I	 4.07  
 320 G	 19.08  
 321 Q	 27.80  
 322 T	 27.11  
 323 R	 16.92  
 324 M	 7.45  
 325 E	 34.09  
 326 I	 2.97  
 327 E	 23.99  
 328 A	 11.98  
 329 A	 7.00  
 330 R	 35.29  
 331 L	 3.04  
 332 L	 2.98  
 333 V	 4.02  
 334 Y	 10.07  
 335 N	 21.46  
 336 A	 4.45  
 337 A	 14.41  
 338 R	 30.35  
 339 M	 4.49  
 340 K	 34.75  
 341 Q	 39.62  
 342 N	 48.74  
 343 G	 32.03  
 344 L	 3.79  
 345 P	 27.38  
 346 F	 11.00  
 347 V	 5.23  
 348 R	 28.37  
 349 E	 35.16  
 350 A	 7.62  
 351 A	 8.16  
 352 M	 4.33  
 353 A	 10.73  
 354 K	 30.93  
 355 L	 2.92  
 356 F	 6.40  
 357 A	 14.97  
 358 S	 20.18  
 359 Q	 25.99  
 360 V	 4.78  
 361 A	 7.50  
 362 T	 20.36  
 363 T	 20.42  
 364 A	 12.91  
 365 T	 26.99  
 366 S	 22.92  
 367 K	 37.63  
 368 C	 3.16  
 369 V	 7.31  
 370 E	 46.59  
 371 W	 4.66  
 372 L	 2.43  
 373 G	 29.79  
 374 G	 17.76  
 375 V	 5.60  
 376 G	 27.99  
 377 F	 9.07  
 378 T	 24.60  
 379 K	 55.91  
 380 E	 52.72  
 381 F	 9.77  
 382 P	 34.15  
 383 V	 17.73  
 384 E	 37.37  
 385 K	 48.18  
 386 F	 3.70  
 387 Y	 25.28  
 388 R	 44.88  
 389 D	 42.79  
 390 S	 19.71  
 391 K	 49.82  
 392 I	 7.34  
 393 G	 15.14  
 394 T	 24.69  
 395 I	 2.19  
 396 Y	 14.24  
 397 E	 52.74  
 398 G	 19.92  
 399 T	 13.47  
 400 S	 42.67  
 401 N	 26.34  
 402 I	 5.02  
 403 Q	 32.67  
 404 L	 5.59  
 405 N	 17.05  
 406 T	 30.79  
 407 I	 2.87  
 408 A	 9.33  
 409 K	 45.23  
 410 L	 2.86  
 411 V	 7.40  
 412 D	 38.14  
 413 I	 4.07  
 414 E	 32.59  
 415 Y	 19.31  
 416 Q	 26.05  
 417 Q	 42.62  
 418 K	 40.30  
 419 A	 21.95  
