 1 M	 4.23  
 2 C	 5.41  
 3 H	 25.69  
 4 P	 23.91  
 5 I	 2.56  
 6 E	 38.63  
 7 F	 3.35  
 8 C	 1.29  
 9 I	 2.56  
 10 C	 2.66  
 11 T	 12.01  
 12 I	 2.80  
 13 S	 14.68  
 14 D	 40.46  
 15 A	 11.22  
 16 S	 26.10  
 17 A	 16.23  
 18 H	 24.64  
 19 T	 29.98  
 20 S	 19.22  
 21 S	 25.62  
 22 S	 39.07  
 23 R	 36.02  
 24 T	 28.27  
 25 S	 19.74  
 26 F	 5.49  
 27 C	 5.68  
 28 T	 20.47  
 29 P	 36.47  
 30 S	 25.12  
 31 T	 26.06  
 32 S	 18.63  
 33 H	 25.26  
 34 I	 3.08  
 35 V	 6.03  
 36 S	 17.77  
 37 P	 29.15  
 38 S	 35.83  
 39 F	 5.55  
 40 P	 25.53  
 41 I	 2.21  
 42 C	 1.44  
 43 I	 4.29  
 44 A	 9.10  
 45 A	 8.09  
 46 K	 24.58  
 47 C	 2.38  
 48 S	 29.87  
 49 R	 30.25  
 50 C	 2.59  
 51 G	 14.07  
 52 C	 1.84  
 53 V	 2.00  
 54 A	 9.40  
 55 A	 2.86  
 56 M	 1.58  
 57 F	 3.79  
 58 Y	 7.68  
 59 A	 7.78  
 60 D	 23.86  
 61 F	 4.54  
 62 V	 6.41  
 63 L	 6.66  
 64 S	 27.33  
 65 K	 58.55  
 66 K	 63.49  
 67 G	 31.92  
 68 P	 42.20  
 69 L	 12.03  
 70 S	 28.44  
 71 K	 45.15  
 72 V	 4.56  
 73 W	 5.52  
 74 L	 3.19  
 75 A	 4.99  
 76 A	 13.22  
 77 H	 27.85  
 78 W	 17.87  
 79 E	 30.37  
 80 K	 54.55  
 81 K	 46.61  
 82 L	 10.59  
 83 S	 34.52  
 84 K	 55.54  
 85 A	 12.34  
 86 Q	 44.64  
 87 I	 3.94  
 88 F	 5.71  
 89 E	 45.81  
 90 T	 30.49  
 91 D	 38.38  
 92 V	 10.53  
 93 D	 40.73  
 94 E	 55.13  
 95 A	 12.65  
 96 V	 6.59  
 97 N	 39.87  
 98 E	 32.99  
 99 I	 2.34  
 100 M	 3.80  
 101 Q	 39.90  
 102 P	 22.73  
 103 S	 24.05  
 104 Q	 52.01  
 105 K	 39.81  
 106 L	 4.15  
 107 A	 11.31  
 108 L	 7.87  
 109 R	 25.32  
 110 T	 37.67  
 111 T	 19.03  
 112 G	 14.61  
 113 H	 15.94  
 114 L	 4.46  
 115 L	 3.23  
 116 L	 5.67  
 117 G	 19.54  
 118 I	 1.05  
 119 C	 1.98  
 120 R	 28.61  
 121 V	 4.39  
 122 Y	 5.38  
 123 S	 25.17  
 124 R	 32.73  
 125 K	 43.35  
 126 T	 24.66  
 127 K	 36.62  
 128 Y	 16.51  
 129 L	 3.20  
 130 L	 3.24  
 131 A	 19.40  
 132 D	 35.43  
 133 C	 4.05  
 134 N	 44.15  
 135 E	 47.32  
 136 A	 10.90  
 137 F	 6.10  
 138 L	 7.85  
 139 K	 31.20  
 140 I	 4.54  
 141 K	 36.69  
 142 L	 5.12  
 143 V	 2.96  
 144 F	 8.14  
 145 R	 27.05  
 146 S	 19.56  
 147 G	 26.38  
 148 A	 14.82  
 149 L	 7.78  
 150 D	 62.45  
 151 Q	 40.29  
 152 P	 46.92  
 153 N	 33.41  
 154 P	 35.39  
 155 V	 14.72  
 156 L	 3.31  
 157 P	 31.47  
 158 T	 26.34  
 159 F	 5.98  
 160 S	 23.09  
 161 I	 3.59  
 162 Q	 29.83  
 163 D	 34.11  
 164 I	 2.07  
 165 Y	 20.94  
 166 G	 24.89  
 167 D	 27.64  
 168 F	 13.22  
 169 G	 30.26  
 170 D	 41.90  
 171 N	 37.29  
 172 V	 12.88  
 173 L	 4.16  
 174 P	 35.61  
 175 E	 62.66  
 176 F	 15.73  
 177 D	 61.81  
 178 E	 59.71  
 179 E	 70.41  
 180 E	 53.47  
 181 L	 6.87  
 182 N	 32.33  
 183 H	 45.57  
 184 A	 8.28  
 185 P	 21.97  
 186 I	 3.28  
 187 C	 2.67  
 188 Q	 32.10  
 189 S	 30.33  
 190 R	 19.09  
 191 L	 9.33  
 192 D	 44.12  
 193 D	 40.12  
 194 I	 4.92  
 195 T	 38.48  
 196 L	 6.13  
 197 K	 44.69  
 198 E	 65.37  
 199 D	 57.17  
 200 I	 4.00  
 201 P	 43.56  
 202 Q	 54.55  
 203 K	 34.03  
 204 F	 8.05  
 205 T	 20.21  
 206 Y	 14.98  
 207 N	 34.96  
 208 Y	 16.68  
 209 G	 26.80  
 210 E	 36.03  
 211 P	 36.37  
 212 L	 11.10  
 213 E	 70.84  
 214 D	 69.34  
 215 D	 43.70  
 216 D	 66.81  
 217 F	 14.05  
 218 G	 32.18  
 219 E	 29.46  
 220 I	 3.05  
 221 A	 8.21  
 222 A	 20.90  
 223 G	 18.85  
 224 V	 11.23  
 225 G	 20.97  
 226 P	 28.95  
 227 E	 53.36  
 228 D	 49.23  
 229 Y	 6.71  
 230 Y	 15.02  
 231 R	 22.71  
 232 L	 2.26  
 233 M	 2.82  
 234 E	 64.50  
 235 D	 35.01  
 236 V	 4.77  
 237 N	 46.38  
 238 K	 33.37  
 239 M	 6.32  
 240 D	 40.88  
 241 L	 6.37  
 242 E	 26.75  
 243 M	 7.13  
 244 E	 29.87  
 245 L	 4.58  
 246 A	 8.26  
 247 R	 46.88  
 248 D	 34.64  
 249 A	 10.93  
 250 A	 18.72  
 251 T	 28.66  
 252 T	 29.38  
 253 S	 21.83  
 254 D	 54.48  
 255 N	 36.72  
 256 L	 6.05  
 257 F	 12.43  
 258 G	 33.43  
 259 R	 32.25  
 260 E	 62.87  
 261 R	 54.56  
 262 E	 49.09  
 263 P	 52.14  
 264 T	 23.17  
 265 P	 42.30  
 266 F	 12.54  
 267 L	 6.29  
 268 N	 44.81  
 269 D	 41.71  
 270 A	 10.32  
 271 H	 35.01  
 272 A	 18.54  
 273 P	 27.06  
 274 G	 36.66  
 275 N	 28.89  
 276 A	 12.38  
 277 I	 4.62  
 278 F	 10.55  
 279 G	 31.14  
 280 D	 41.36  
 281 E	 56.24  
 282 D	 43.36  
 283 F	 6.82  
 284 A	 33.12  
 285 G	 32.40  
 286 G	 24.52  
 287 D	 36.10  
 288 M	 7.42  
 289 D	 62.01  
 290 D	 57.51  
 291 D	 55.60  
 292 D	 42.10  
 293 H	 43.27  
 294 N	 34.50  
 295 V	 6.47  
 296 Q	 51.90  
 297 G	 21.35  
 298 S	 15.36  
 299 S	 44.76  
 300 G	 31.04  
 301 F	 9.30  
 302 T	 41.15  
 303 D	 44.09  
 304 N	 34.79  
 305 N	 41.26  
 306 A	 8.77  
 307 M	 3.17  
 308 H	 17.67  
 309 M	 2.76  
 310 E	 35.19  
 311 D	 27.90  
 312 M	 3.63  
 313 D	 57.26  
 314 Y	 12.83  
 315 E	 48.16  
 316 S	 30.98  
 317 G	 22.99  
 318 N	 33.80  
 319 T	 18.83  
 320 M	 1.68  
 321 M	 4.72  
 322 R	 29.04  
 323 G	 25.82  
 324 E	 36.57  
 325 T	 30.37  
 326 P	 22.83  
 327 L	 12.21  
 328 R	 33.42  
 329 S	 54.22  
 330 D	 60.80  
 331 T	 21.49  
 332 P	 42.74  
 333 N	 54.67  
 334 T	 18.72  
 335 F	 8.78  
 336 R	 43.48  
 337 A	 12.53  
 338 P	 36.27  
 339 S	 32.48  
 340 P	 47.32  
 341 A	 18.14  
 342 P	 29.65  
 343 S	 33.23  
 344 I	 6.77  
 345 A	 8.47  
 346 P	 27.89  
 347 S	 18.50  
 348 V	 7.02  
 349 A	 9.86  
 350 T	 27.75  
 351 S	 12.34  
 352 V	 3.53  
 353 S	 22.97  
 354 A	 12.77  
 355 M	 3.51  
 356 E	 38.03  
 357 H	 25.16  
 358 D	 35.75  
 359 T	 28.66  
 360 I	 4.05  
 361 E	 34.48  
 362 S	 29.21  
 363 Y	 9.14  
 364 Y	 17.57  
 365 E	 30.04  
 366 R	 22.48  
 367 Q	 35.88  
 368 A	 24.08  
 369 Q	 27.68  
 370 K	 45.18  
 371 R	 24.18  
 372 A	 16.28  
 373 M	 7.31  
 374 Q	 45.19  
 375 K	 48.45  
 376 E	 30.23  
 377 Q	 56.93  
 378 N	 33.06  
 379 M	 5.51  
 380 R	 36.56  
 381 K	 33.51  
 382 R	 33.23  
 383 R	 38.97  
 384 V	 9.52  
 385 D	 53.85  
 386 D	 38.79  
 387 V	 3.82  
 388 K	 31.42  
 389 M	 3.13  
 390 I	 3.57  
 391 T	 34.73  
 392 G	 20.24  
 393 E	 46.39  
 394 E	 47.76  
 395 M	 6.15  
 396 K	 50.87  
 397 G	 28.03  
 398 N	 19.56  
 399 M	 5.29  
 400 A	 20.78  
 401 D	 32.58  
 402 F	 5.26  
 403 S	 25.04  
 404 D	 39.65  
 405 I	 4.02  
 406 L	 2.47  
 407 T	 29.53  
 408 R	 23.82  
 409 L	 5.50  
 410 D	 37.18  
 411 L	 10.24  
 412 A	 17.39  
 413 P	 34.40  
 414 P	 40.95  
 415 S	 40.77  
 416 R	 41.73  
 417 K	 45.10  
 418 L	 2.51  
 419 M	 3.59  
 420 M	 11.74  
 421 G	 20.54  
 422 K	 27.41  
 423 K	 54.10  
 424 R	 36.84  
 425 S	 35.61  
 426 H	 26.98  
 427 A	 15.74  
 428 E	 37.66  
 429 Y	 11.52  
 430 M	 1.63  
 431 H	 19.37  
 432 H	 26.16  
 433 N	 21.83  
 434 P	 29.40  
 435 G	 26.17  
 436 M	 2.60  
 437 I	 6.63  
 438 G	 16.34  
 439 F	 6.95  
 440 S	 30.06  
 441 K	 66.94  
 442 N	 42.01  
 443 K	 50.77  
 444 Q	 48.68  
 445 F	 6.61  
 446 I	 3.26  
 447 R	 32.68  
 448 K	 42.71  
 449 Y	 7.89  
 450 Q	 28.74  
 451 S	 19.83  
 452 Y	 6.49  
 453 L	 2.79  
 454 V	 3.79  
 455 V	 5.64  
 456 T	 18.38  
 457 K	 33.17  
 458 H	 27.43  
 459 D	 60.22  
 460 D	 49.87  
 461 V	 14.78  
 462 D	 69.05  
 463 E	 58.59  
 464 K	 56.56  
 465 N	 48.03  
 466 E	 62.74  
 467 W	 19.09  
 468 I	 1.69  
 469 K	 36.92  
 470 N	 31.12  
 471 A	 9.67  
 472 L	 10.43  
 473 G	 21.93  
 474 L	 4.64  
 475 R	 31.52  
 476 E	 61.46  
 477 I	 7.32  
 478 G	 31.35  
 479 E	 54.69  
 480 E	 59.81  
 481 E	 47.80  
 482 L	 6.70  
 483 Q	 42.17  
 484 Q	 56.53  
 485 Q	 33.68  
 486 Q	 36.54  
 487 Q	 43.58  
 488 E	 32.58  
 489 M	 4.88  
 490 D	 24.23  
 491 M	 3.00  
 492 H	 15.15  
 493 V	 5.54  
 494 Q	 33.83  
 495 D	 57.58  
 496 D	 23.53  
 497 S	 31.68  
 498 S	 35.85  
 499 Y	 16.32  
 500 V	 6.51  
 501 D	 42.50  
 502 D	 42.74  
 503 F	 8.15  
 504 D	 64.08  
 505 E	 57.84  
 506 V	 6.78  
 507 P	 22.99  
 508 P	 50.14  
 509 L	 9.31  
 510 D	 51.34  
 511 F	 9.45  
 512 D	 48.04  
 513 Q	 39.08  
 514 L	 4.98  
 515 D	 25.40  
 516 M	 3.14  
 517 M	 3.89  
 518 D	 38.68  
 519 M	 1.44  
 520 P	 20.87  
 521 Q	 44.76  
 522 S	 20.50  
 523 M	 4.52  
 524 D	 59.91  
 525 D	 26.06  
 526 I	 2.89  
 527 N	 31.27  
 528 M	 3.41  
 529 V	 6.71  
 530 D	 35.31  
 531 D	 47.61  
 532 D	 49.92  
 533 V	 5.83  
 534 P	 34.11  
 535 Q	 58.60  
 536 R	 40.43  
 537 N	 36.30  
 538 P	 36.08  
 539 L	 13.34  
 540 S	 21.16  
 541 P	 36.78  
 542 F	 12.23  
 543 A	 8.48  
 544 P	 27.94  
 545 M	 4.65  
 546 V	 9.03  
 547 E	 54.15  
 548 D	 45.83  
 549 E	 41.93  
 550 E	 58.23  
 551 M	 7.21  
 552 S	 28.67  
 553 P	 45.24  
 554 S	 48.74  
 555 E	 61.33  
 556 K	 74.07  
 557 R	 45.75  
 558 K	 64.33  
 559 K	 69.94  
 560 R	 60.66  
 561 D	 76.82  
 562 E	 75.01  
 563 E	 70.79  
 564 K	 66.39  
 565 E	 80.30  
 566 E	 60.55  
 567 P	 51.37  
 568 E	 72.65  
 569 T	 56.24  
 570 D	 60.64  
 571 E	 65.68  
 572 D	 53.45  
 573 N	 45.32  
 574 R	 51.90  
 575 W	 17.92  
 576 S	 14.71  
 577 K	 55.12  
 578 R	 26.65  
 579 T	 18.42  
 580 H	 20.57  
 581 A	 14.89  
 582 L	 3.82  
 583 L	 3.67  
 584 Q	 39.88  
 585 N	 26.32  
 586 I	 3.12  
 587 A	 13.26  
 588 T	 32.15  
 589 K	 44.79  
 590 L	 6.93  
 591 E	 59.32  
 592 N	 51.56  
 593 Q	 46.16  
 594 N	 55.22  
 595 G	 24.13  
 596 Q	 32.82  
 597 V	 9.28  
 598 E	 42.49  
 599 L	 7.69  
 600 D	 26.25  
 601 E	 60.07  
 602 M	 7.11  
 603 L	 4.95  
 604 K	 48.09  
 605 K	 64.56  
 606 G	 27.60  
 607 T	 33.95  
 608 S	 38.48  
 609 R	 36.99  
 610 K	 35.67  
 611 V	 4.21  
 612 A	 12.53  
 613 A	 17.74  
 614 A	 7.86  
 615 K	 39.86  
 616 F	 4.25  
 617 Y	 9.56  
 618 S	 20.28  
 619 L	 2.39  
 620 L	 2.36  
 621 C	 6.76  
 622 L	 9.99  
 623 K	 48.99  
 624 K	 39.02  
 625 N	 40.13  
 626 Q	 34.13  
 627 C	 4.16  
 628 I	 4.27  
 629 D	 46.10  
 630 I	 2.83  
 631 E	 52.42  
 632 Q	 56.60  
 633 K	 48.11  
 634 E	 43.37  
 635 P	 45.50  
 636 Y	 28.64  
 637 G	 28.78  
 638 D	 22.80  
 639 I	 2.39  
 640 M	 2.82  
 641 I	 2.56  
 642 K	 29.88  
 643 A	 27.96  
 644 G	 15.70  
 645 P	 43.30  
 646 N	 38.73  
 647 I	 6.53  
 648 N	 28.26  
 649 I	 4.21  
 650 N	 27.51  
 651 T	 25.02  
 652 I	 4.61  
