 1 M	 7.98  
 2 N	 46.20  
 3 R	 26.55  
 4 F	 5.82  
 5 V	 3.82  
 6 T	 26.89  
 7 R	 37.06  
 8 S	 33.35  
 9 K	 49.12  
 10 P	 37.20  
 11 T	 51.41  
 12 Q	 52.79  
 13 P	 42.22  
 14 T	 22.97  
 15 K	 52.11  
 16 R	 32.10  
 17 V	 8.79  
 18 A	 9.89  
 19 P	 35.60  
 20 A	 11.53  
 21 P	 26.37  
 22 A	 31.98  
 23 S	 40.88  
 24 G	 47.91  
 25 N	 51.41  
 26 E	 56.82  
 27 E	 57.14  
 28 N	 28.05  
 29 I	 2.94  
 30 V	 12.55  
 31 A	 10.03  
 32 P	 42.79  
 33 E	 51.10  
 34 P	 39.65  
 35 Q	 50.10  
 36 K	 66.83  
 37 T	 33.87  
 38 L	 10.13  
 39 E	 73.43  
 40 E	 46.09  
 41 P	 23.89  
 42 S	 37.06  
 43 V	 9.33  
 44 M	 4.39  
 45 E	 48.75  
 46 K	 35.04  
 47 L	 2.62  
 48 Q	 34.73  
 49 H	 33.29  
 50 A	 6.92  
 51 I	 5.69  
 52 R	 45.77  
 53 E	 49.53  
 54 K	 48.81  
 55 D	 40.63  
 56 A	 19.90  
 57 Q	 48.31  
 58 F	 8.67  
 59 T	 14.33  
 60 F	 6.09  
 61 D	 37.55  
 62 I	 4.01  
 63 L	 6.84  
 64 S	 28.37  
 65 K	 54.23  
 66 N	 54.18  
 67 R	 36.68  
 68 P	 46.70  
 69 F	 11.11  
 70 D	 37.70  
 71 Q	 42.78  
 72 A	 12.83  
 73 M	 4.37  
 74 N	 39.39  
 75 K	 26.96  
 76 T	 25.68  
 77 M	 3.46  
 78 T	 32.25  
 79 K	 26.13  
 80 M	 4.65  
 81 E	 44.52  
 82 F	 13.21  
 83 S	 11.98  
 84 P	 50.29  
 85 D	 55.13  
 86 Y	 20.54  
 87 S	 50.88  
 88 D	 40.65  
 89 P	 33.54  
 90 S	 47.71  
 91 S	 40.00  
 92 E	 39.14  
 93 F	 4.52  
 94 M	 3.02  
 95 L	 3.81  
 96 L	 2.93  
 97 S	 24.46  
 98 V	 10.77  
 99 D	 38.79  
 100 E	 44.76  
 101 S	 17.99  
 102 V	 4.38  
 103 I	 4.60  
 104 G	 20.58  
 105 A	 8.15  
 106 F	 6.03  
 107 S	 40.04  
 108 E	 55.59  
 109 G	 22.60  
 110 Q	 31.08  
 111 S	 38.03  
 112 L	 3.38  
 113 T	 17.55  
 114 I	 5.86  
 115 R	 37.32  
 116 G	 29.39  
 117 D	 38.22  
 118 S	 36.24  
 119 T	 42.51  
 120 D	 45.91  
 121 D	 38.37  
 122 A	 10.05  
 123 V	 6.08  
 124 L	 2.52  
 125 C	 3.45  
 126 T	 28.29  
 127 D	 41.59  
 128 N	 23.79  
 129 A	 17.27  
 130 T	 34.23  
 131 F	 5.31  
 132 P	 20.85  
 133 M	 4.20  
 134 K	 40.55  
 135 I	 3.25  
 136 I	 2.60  
 137 E	 37.48  
 138 S	 22.10  
 139 A	 8.42  
 140 T	 27.07  
 141 T	 14.63  
 142 V	 2.85  
 143 L	 3.86  
 144 L	 4.01  
 145 L	 2.95  
 146 H	 20.82  
 147 K	 40.25  
 148 C	 2.64  
 149 L	 8.19  
 150 E	 68.57  
 151 A	 10.55  
 152 P	 32.98  
 153 D	 74.44  
 154 S	 20.80  
 155 P	 45.38  
 156 T	 59.82  
 157 L	 3.56  
 158 P	 41.91  
 159 N	 42.99  
 160 F	 9.25  
 161 Q	 42.30  
 162 V	 5.30  
 163 K	 24.52  
 164 T	 26.46  
 165 I	 5.92  
 166 G	 34.44  
 167 G	 21.51  
 168 K	 27.22  
 169 C	 3.54  
 170 F	 9.26  
 171 S	 45.00  
 172 T	 17.89  
 173 G	 25.36  
 174 E	 47.49  
 175 L	 5.66  
 176 C	 1.60  
 177 P	 50.26  
 178 Q	 42.94  
 179 V	 3.12  
 180 D	 30.32  
 181 V	 4.79  
 182 L	 2.39  
 183 S	 23.89  
 184 I	 3.05  
 185 G	 26.03  
 186 R	 36.57  
 187 L	 4.68  
 188 K	 39.47  
 189 D	 46.04  
 190 M	 3.48  
 191 L	 8.59  
 192 R	 36.59  
 193 E	 44.43  
 194 Q	 48.90  
 195 E	 35.23  
 196 L	 7.20  
 197 R	 28.67  
 198 W	 28.57  
 199 D	 35.79  
 200 W	 9.48  
 201 K	 44.42  
 202 D	 59.99  
 203 R	 49.88  
 204 E	 78.77  
 205 E	 72.07  
 206 E	 47.64  
 207 E	 71.75  
 208 N	 50.78  
 209 L	 5.28  
 210 K	 72.31  
 211 G	 28.15  
 212 Y	 12.78  
 213 K	 45.79  
 214 L	 3.76  
 215 R	 28.51  
 216 D	 66.98  
 217 L	 3.84  
 218 L	 5.42  
 219 N	 47.64  
 220 S	 17.44  
 221 V	 5.57  
 222 Q	 20.46  
 223 M	 4.55  
 224 S	 14.86  
 225 V	 6.45  
 226 E	 50.17  
 227 E	 47.13  
 228 V	 3.26  
 229 K	 26.07  
 230 I	 6.78  
 231 A	 8.46  
 232 L	 6.12  
 233 N	 39.49  
 234 D	 53.88  
 235 L	 3.18  
 236 P	 31.55  
 237 V	 10.72  
 238 V	 4.97  
 239 K	 39.50  
 240 F	 4.80  
 241 S	 26.60  
 242 S	 30.35  
 243 G	 29.46  
 244 R	 18.07  
 245 Y	 13.72  
 246 R	 25.26  
 247 Y	 12.01  
 248 L	 2.98  
 249 S	 14.70  
 250 H	 28.68  
 251 K	 33.01  
 252 Y	 20.58  
 253 R	 39.12  
 254 G	 22.90  
 255 E	 23.41  
 256 M	 3.91  
 257 L	 4.37  
 258 G	 16.43  
 259 L	 3.31  
 260 I	 1.83  
 261 V	 5.22  
 262 E	 36.30  
 263 L	 5.17  
 264 L	 4.25  
 265 D	 70.99  
 266 E	 54.34  
 267 D	 45.26  
 268 S	 26.82  
 269 I	 9.39  
 270 G	 37.30  
 271 D	 32.48  
 272 V	 6.85  
 273 K	 56.52  
 274 L	 9.00  
 275 E	 42.50  
 276 K	 57.32  
 277 I	 2.16  
 278 S	 32.63  
 279 R	 31.50  
 280 A	 13.21  
 281 S	 24.17  
 282 L	 7.31  
 283 R	 22.47  
 284 S	 48.27  
 285 N	 53.86  
 286 L	 6.24  
 287 P	 35.05  
 288 E	 74.21  
 289 N	 48.99  
 290 V	 6.36  
 291 P	 43.56  
 292 D	 59.52  
 293 E	 34.99  
 294 V	 6.66  
 295 I	 3.50  
 296 D	 34.94  
 297 W	 6.62  
 298 F	 4.03  
 299 L	 5.05  
 300 N	 20.24  
 301 S	 40.22  
 302 R	 27.24  
 303 C	 6.73  
 304 E	 52.89  
 305 Q	 74.53  
 306 N	 21.45  
 307 P	 47.24  
 308 E	 82.77  
 309 D	 44.89  
 310 P	 23.09  
 311 F	 16.92  
 312 T	 17.08  
 313 Y	 15.55  
 314 R	 40.48  
 315 L	 2.92  
 316 P	 31.27  
 317 E	 49.45  
 318 I	 4.86  
 319 N	 27.96  
 320 L	 4.11  
 321 I	 2.52  
 322 R	 35.73  
 323 D	 39.43  
 324 L	 2.55  
 325 T	 19.60  
 326 V	 3.07  
 327 V	 1.79  
 328 I	 1.82  
 329 L	 1.87  
 330 Y	 13.65  
 331 G	 20.44  
 332 T	 16.09  
 333 Q	 35.37  
 334 K	 42.18  
 335 M	 2.62  
 336 P	 33.77  
 337 L	 5.82  
 338 Q	 34.20  
 339 Q	 47.23  
 340 F	 4.17  
 341 R	 29.34  
 342 E	 57.90  
 343 L	 5.45  
 344 L	 3.11  
 345 H	 27.95  
 346 K	 46.00  
 347 I	 3.05  
 348 L	 2.97  
 349 P	 27.57  
 350 Y	 22.30  
 351 G	 13.38  
 352 V	 3.66  
 353 T	 10.51  
 354 M	 2.95  
 355 N	 19.65  
 356 I	 1.47  
 357 A	 11.69  
 358 Q	 35.93  
 359 L	 4.58  
 360 E	 39.27  
 361 G	 28.62  
 362 V	 2.94  
 363 A	 21.19  
 364 D	 38.22  
 365 I	 2.64  
 366 S	 28.41  
 367 D	 59.60  
 368 A	 8.43  
 369 P	 43.44  
 370 F	 18.55  
 371 G	 23.43  
 372 K	 36.45  
 373 V	 3.44  
 374 I	 2.27  
 375 S	 24.02  
 376 Y	 10.48  
 377 L	 5.71  
 378 S	 20.29  
 379 P	 36.20  
 380 E	 69.66  
 381 D	 67.87  
 382 L	 3.84  
 383 P	 49.36  
 384 D	 69.25  
 385 T	 31.82  
 386 I	 5.94  
 387 K	 41.16  
 388 E	 39.20  
 389 R	 18.53  
 390 M	 2.79  
 391 L	 4.15  
 392 Y	 10.45  
 393 L	 2.01  
 394 F	 4.98  
 395 E	 41.66  
 396 Y	 13.00  
 397 R	 22.01  
 398 K	 54.10  
 399 L	 2.79  
 400 W	 9.92  
 401 S	 23.91  
 402 M	 2.29  
 403 E	 40.73  
 404 Q	 33.84  
 405 L	 3.67  
 406 R	 24.46  
 407 P	 47.72  
 408 Y	 19.48  
 409 F	 6.37  
 410 K	 40.20  
 411 D	 38.79  
 412 V	 7.17  
 413 Y	 21.48  
 414 K	 43.58  
 415 S	 18.06  
 416 K	 33.17  
 417 V	 9.18  
 418 A	 15.62  
 419 F	 10.49  
 420 D	 31.47  
 421 K	 33.23  
 422 Y	 14.01  
 423 V	 4.38  
 424 V	 2.84  
 425 Q	 34.49  
 426 N	 14.71  
 427 C	 2.06  
 428 D	 39.01  
 429 Y	 16.19  
 430 A	 7.43  
 431 L	 4.80  
 432 S	 30.70  
 433 E	 59.44  
 434 S	 34.41  
 435 N	 34.35  
 436 E	 39.58  
 437 M	 3.65  
 438 L	 2.33  
 439 Y	 5.95  
 440 C	 3.41  
 441 G	 12.50  
 442 V	 6.15  
 443 R	 26.55  
