 1 M	 4.16  
 2 M	 6.04  
 3 N	 29.46  
 4 A	 10.73  
 5 S	 27.42  
 6 T	 33.43  
 7 K	 40.13  
 8 F	 12.89  
 9 S	 26.88  
 10 D	 61.92  
 11 N	 33.43  
 12 Y	 27.40  
 13 D	 51.79  
 14 V	 6.24  
 15 K	 42.44  
 16 E	 59.30  
 17 E	 58.04  
 18 L	 10.09  
 19 G	 29.63  
 20 K	 60.74  
 21 G	 30.01  
 22 A	 9.31  
 23 F	 8.52  
 24 S	 21.11  
 25 V	 2.91  
 26 V	 2.86  
 27 R	 24.91  
 28 R	 18.39  
 29 C	 2.35  
 30 V	 5.00  
 31 H	 25.93  
 32 K	 27.64  
 33 T	 15.95  
 34 T	 44.57  
 35 G	 28.57  
 36 L	 4.61  
 37 E	 34.29  
 38 F	 10.88  
 39 A	 9.85  
 40 A	 14.65  
 41 K	 40.46  
 42 I	 2.23  
 43 I	 5.44  
 44 N	 49.68  
 45 T	 21.10  
 46 K	 47.42  
 47 K	 45.71  
 48 L	 5.29  
 49 S	 30.09  
 50 A	 26.04  
 51 R	 41.73  
 52 D	 50.47  
 53 F	 6.02  
 54 Q	 54.43  
 55 K	 52.92  
 56 L	 5.36  
 57 E	 56.35  
 58 R	 54.00  
 59 E	 32.69  
 60 A	 16.62  
 61 R	 24.64  
 62 I	 3.25  
 63 C	 2.33  
 64 R	 40.11  
 65 K	 48.35  
 66 L	 2.67  
 67 Q	 53.69  
 68 H	 28.01  
 69 P	 21.20  
 70 N	 43.17  
 71 I	 1.94  
 72 V	 7.28  
 73 R	 23.62  
 74 L	 3.49  
 75 H	 19.06  
 76 D	 52.61  
 77 S	 18.54  
 78 I	 8.12  
 79 Q	 52.97  
 80 E	 54.67  
 81 E	 42.18  
 82 S	 19.30  
 83 F	 5.06  
 84 H	 25.05  
 85 Y	 11.53  
 86 L	 2.02  
 87 V	 2.50  
 88 F	 5.77  
 89 D	 32.52  
 90 L	 2.23  
 91 V	 5.14  
 92 T	 46.93  
 93 G	 21.79  
 94 G	 21.04  
 95 E	 52.19  
 96 L	 6.87  
 97 F	 7.44  
 98 E	 60.49  
 99 D	 33.07  
 100 I	 1.74  
 101 V	 6.76  
 102 A	 12.96  
 103 R	 24.54  
 104 E	 38.92  
 105 F	 7.29  
 106 Y	 10.80  
 107 S	 31.46  
 108 E	 38.91  
 109 A	 16.24  
 110 D	 44.55  
 111 A	 14.28  
 112 S	 21.31  
 113 H	 17.89  
 114 C	 2.52  
 115 I	 2.57  
 116 Q	 29.65  
 117 Q	 23.48  
 118 I	 2.36  
 119 L	 3.52  
 120 E	 41.55  
 121 S	 14.74  
 122 I	 2.01  
 123 A	 15.35  
 124 Y	 6.77  
 125 C	 1.78  
 126 H	 16.18  
 127 S	 32.94  
 128 N	 22.12  
 129 G	 26.72  
 130 I	 2.49  
 131 V	 2.99  
 132 H	 18.67  
 133 R	 39.81  
 134 D	 44.13  
 135 L	 11.41  
 136 K	 55.35  
 137 P	 42.90  
 138 E	 59.95  
 139 N	 44.51  
 140 L	 3.85  
 141 L	 5.91  
 142 L	 5.95  
 143 A	 14.68  
 144 S	 32.87  
 145 K	 48.81  
 146 A	 17.02  
 147 K	 53.47  
 148 G	 24.51  
 149 A	 14.36  
 150 A	 13.98  
 151 V	 5.31  
 152 K	 32.98  
 153 L	 4.43  
 154 A	 12.36  
 155 D	 48.89  
 156 F	 7.80  
 157 G	 18.10  
 158 L	 4.36  
 159 A	 9.04  
 160 I	 7.95  
 161 E	 29.66  
 162 V	 8.67  
 163 N	 34.01  
 164 D	 53.70  
 165 S	 24.82  
 166 E	 59.65  
 167 A	 13.91  
 168 W	 6.51  
 169 H	 28.65  
 170 G	 11.91  
 171 F	 3.51  
 172 A	 26.07  
 173 G	 30.13  
 174 T	 15.31  
 175 P	 28.63  
 176 G	 35.53  
 177 Y	 12.76  
 178 L	 9.49  
 179 S	 15.55  
 180 P	 32.87  
 181 E	 58.04  
 182 V	 12.32  
 183 L	 5.64  
 184 K	 61.37  
 185 K	 60.83  
 186 D	 45.87  
 187 P	 44.15  
 188 Y	 39.19  
 189 S	 35.55  
 190 K	 43.12  
 191 P	 24.07  
 192 V	 10.81  
 193 D	 38.96  
 194 I	 2.27  
 195 W	 4.88  
 196 A	 4.78  
 197 C	 2.41  
 198 G	 11.18  
 199 V	 2.47  
 200 I	 1.15  
 201 L	 1.70  
 202 Y	 4.38  
 203 I	 1.83  
 204 L	 1.68  
 205 L	 1.72  
 206 V	 6.56  
 207 G	 29.24  
 208 Y	 10.56  
 209 P	 16.22  
 210 P	 34.18  
 211 F	 12.72  
 212 W	 17.54  
 213 D	 50.39  
 214 E	 50.60  
 215 D	 47.30  
 216 Q	 22.88  
 217 H	 33.75  
 218 R	 24.62  
 219 L	 3.79  
 220 Y	 9.09  
 221 A	 14.82  
 222 Q	 24.94  
 223 I	 2.22  
 224 K	 28.78  
 225 A	 14.96  
 226 G	 21.48  
 227 A	 10.01  
 228 Y	 18.32  
 229 D	 48.62  
 230 Y	 7.92  
 231 P	 40.27  
 232 S	 29.26  
 233 P	 42.04  
 234 E	 63.42  
 235 W	 15.23  
 236 D	 29.63  
 237 T	 27.61  
 238 V	 8.56  
 239 T	 19.94  
 240 P	 34.90  
 241 E	 60.40  
 242 A	 14.13  
 243 K	 44.10  
 244 S	 37.29  
 245 L	 5.06  
 246 I	 4.81  
 247 D	 33.03  
 248 S	 14.54  
 249 M	 3.01  
 250 L	 5.83  
 251 T	 15.03  
 252 V	 11.55  
 253 N	 37.12  
 254 P	 38.93  
 255 K	 49.86  
 256 K	 50.74  
 257 R	 37.30  
 258 I	 5.24  
 259 T	 28.37  
 260 A	 12.44  
 261 D	 26.15  
 262 Q	 46.24  
 263 A	 15.19  
 264 L	 4.83  
 265 K	 49.63  
 266 V	 5.03  
 267 P	 17.09  
 268 W	 15.68  
 269 I	 0.91  
 270 C	 3.29  
 271 N	 39.45  
 272 R	 28.78  
 273 E	 37.20  
 274 R	 26.51  
 275 V	 4.17  
 276 A	 10.24  
 277 S	 25.54  
 278 A	 7.59  
 279 I	 2.26  
 280 H	 22.52  
 281 R	 29.92  
 282 Q	 36.24  
 283 D	 48.97  
 284 T	 15.20  
 285 V	 7.05  
 286 D	 33.84  
 287 C	 5.36  
 288 L	 6.14  
 289 K	 62.74  
 290 K	 30.79  
 291 F	 9.15  
 292 N	 41.22  
 293 A	 18.78  
 294 R	 37.05  
 295 R	 46.37  
 296 K	 49.11  
 297 L	 4.29  
 298 K	 38.51  
 299 A	 22.06  
 300 A	 8.48  
 301 I	 3.03  
 302 S	 23.45  
 303 A	 9.99  
 304 V	 3.07  
 305 K	 27.63  
 306 M	 2.75  
 307 V	 2.26  
 308 T	 19.70  
 309 R	 13.08  
 310 M	 2.74  
 311 S	 23.58  
 312 G	 17.09  
 313 V	 2.28  
 314 L	 5.88  
 315 R	 29.76  
 316 T	 32.50  
 317 S	 24.11  
 318 D	 49.99  
 319 S	 34.14  
 320 T	 38.17  
 321 G	 24.87  
 322 S	 18.01  
 323 V	 7.77  
 324 A	 10.04  
 325 S	 39.30  
 326 N	 38.40  
 327 G	 24.71  
 328 S	 34.09  
 329 T	 29.55  
 330 T	 21.32  
 331 H	 28.82  
 332 D	 45.91  
 333 A	 8.34  
 334 S	 31.11  
 335 Q	 30.69  
 336 V	 5.00  
 337 A	 14.12  
 338 G	 27.55  
 339 T	 18.57  
 340 S	 26.51  
 341 S	 39.76  
 342 Q	 45.09  
 343 P	 36.47  
 344 T	 39.44  
 345 S	 21.16  
 346 P	 37.66  
 347 A	 18.93  
 348 A	 15.35  
 349 E	 44.69  
 350 V	 9.14  
 351 Y	 4.80  
 352 P	 29.63  
 353 N	 21.27  
 354 V	 4.20  
 355 L	 6.01  
 356 L	 3.20  
 357 F	 12.55  
 358 N	 37.75  
 359 P	 31.25  
 360 Q	 62.21  
 361 K	 59.60  
 362 F	 6.06  
 363 P	 33.34  
 364 R	 52.92  
 365 N	 32.19  
 366 C	 2.91  
 367 V	 7.99  
 368 H	 17.60  
 369 P	 14.10  
 370 F	 8.10  
 371 T	 28.75  
 372 T	 22.64  
 373 H	 12.81  
 374 P	 27.89  
 375 Y	 14.68  
 376 Y	 23.97  
 377 S	 24.53  
 378 P	 28.45  
 379 K	 65.37  
 380 E	 64.72  
 381 S	 54.29  
 382 S	 49.97  
 383 K	 64.31  
 384 K	 57.57  
 385 K	 55.02  
 386 L	 6.15  
 387 F	 6.37  
 388 F	 7.34  
 389 T	 18.41  
 390 L	 4.33  
 391 L	 2.90  
 392 F	 8.12  
 393 E	 43.08  
 394 V	 4.88  
 395 C	 1.28  
 396 P	 38.68  
 397 H	 31.20  
 398 T	 15.81  
 399 S	 28.84  
 400 R	 33.15  
 401 S	 18.04  
 402 H	 17.38  
 403 I	 4.01  
 404 L	 2.41  
 405 L	 6.81  
 406 R	 31.52  
 407 D	 68.09  
 408 N	 46.66  
 409 T	 29.74  
 410 K	 47.83  
 411 N	 37.70  
 412 I	 3.40  
 413 Y	 13.21  
 414 H	 16.79  
 415 P	 12.00  
 416 Y	 9.63  
 417 H	 12.50  
 418 C	 3.57  
 419 F	 5.55  
 420 T	 39.05  
 421 N	 20.13  
 422 K	 40.42  
 423 M	 3.22  
 424 S	 37.56  
 425 N	 38.90  
 426 Y	 10.25  
 427 E	 39.84  
 428 R	 26.20  
 429 A	 16.28  
 430 A	 15.66  
 431 P	 35.07  
 432 S	 30.18  
 433 S	 30.70  
 434 H	 44.48  
 435 G	 25.82  
 436 S	 21.06  
 437 S	 44.69  
 438 T	 44.31  
 439 T	 32.08  
 440 K	 42.12  
 441 K	 44.98  
 442 I	 3.68  
 443 A	 14.31  
 444 N	 35.04  
 445 A	 6.85  
 446 I	 2.84  
 447 A	 11.15  
 448 D	 35.04  
 449 L	 2.26  
 450 V	 3.09  
 451 I	 3.83  
 452 R	 25.58  
 453 R	 30.29  
 454 S	 36.43  
 455 S	 22.36  
 456 P	 34.71  
 457 S	 30.58  
 458 I	 5.84  
 459 R	 38.08  
 460 R	 48.88  
 461 K	 40.65  
 462 T	 34.30  
 463 E	 46.00  
 464 A	 29.38  
 465 D	 35.66  
 466 V	 6.24  
 467 H	 32.33  
 468 N	 40.61  
 469 S	 23.45  
 470 N	 51.03  
 471 R	 44.12  
 472 N	 52.99  
 473 R	 37.20  
 474 K	 44.05  
 475 V	 5.50  
 476 S	 31.41  
 477 A	 15.37  
 478 P	 17.74  
 479 A	 29.14  
 480 N	 38.89  
 481 L	 4.25  
 482 Q	 21.44  
 483 H	 24.97  
 484 A	 9.41  
 485 L	 4.14  
 486 V	 3.55  
 487 P	 20.42  
 488 V	 4.56  
 489 I	 2.45  
 490 D	 27.65  
 491 V	 2.28  
 492 V	 1.84  
 493 V	 3.86  
 494 A	 6.68  
 495 T	 16.04  
 496 G	 14.62  
 497 A	 8.80  
 498 L	 5.13  
 499 A	 13.56  
 500 S	 24.81  
 501 S	 28.86  
 502 S	 30.87  
 503 V	 6.46  
 504 D	 52.91  
 505 N	 33.47  
 506 L	 3.81  
 507 S	 26.82  
 508 A	 21.72  
 509 S	 25.99  
 510 T	 31.78  
 511 S	 21.25  
 512 S	 36.62  
 513 D	 53.57  
 514 L	 8.19  
 515 G	 22.78  
 516 R	 37.61  
 517 N	 47.27  
 518 L	 5.55  
 519 L	 11.45  
 520 N	 57.42  
 521 K	 58.62  
 522 K	 54.95  
 523 E	 63.48  
 524 Q	 77.80  
 525 G	 36.86  
 526 P	 21.25  
 527 P	 51.43  
 528 S	 45.99  
 529 T	 41.67  
 530 I	 5.67  
 531 K	 52.19  
 532 E	 56.50  
 533 S	 34.11  
 534 S	 42.46  
 535 E	 64.78  
 536 S	 29.69  
 537 S	 27.56  
 538 Q	 52.32  
 539 T	 28.46  
 540 I	 4.93  
 541 D	 52.64  
 542 D	 57.92  
 543 N	 51.46  
 544 D	 66.23  
 545 S	 47.68  
 546 E	 59.59  
 547 K	 67.80  
 548 G	 41.22  
 549 G	 31.57  
 550 G	 38.01  
 551 Q	 51.08  
 552 L	 7.46  
 553 K	 40.77  
 554 H	 41.97  
 555 E	 53.67  
 556 N	 37.58  
 557 T	 19.86  
 558 V	 4.07  
 559 V	 3.82  
 560 R	 23.71  
 561 A	 14.15  
 562 D	 36.37  
 563 G	 24.85  
 564 A	 11.82  
 565 T	 32.73  
 566 G	 20.12  
 567 I	 2.06  
 568 V	 4.86  
 569 S	 26.57  
 570 S	 23.73  
 571 S	 32.97  
 572 N	 41.76  
 573 S	 30.89  
 574 S	 32.04  
 575 T	 34.47  
 576 A	 19.53  
 577 S	 32.91  
 578 K	 52.47  
 579 S	 27.33  
 580 S	 44.94  
 581 S	 28.53  
 582 T	 41.97  
 583 N	 33.67  
 584 L	 4.55  
 585 S	 30.62  
 586 A	 24.61  
 587 Q	 40.33  
 588 K	 50.05  
 589 Q	 33.32  
 590 D	 48.67  
 591 I	 1.65  
 592 V	 5.61  
 593 R	 26.54  
 594 V	 3.01  
 595 T	 12.79  
 596 Q	 27.56  
 597 T	 21.66  
 598 L	 2.68  
 599 L	 4.79  
 600 D	 44.99  
 601 A	 8.79  
 602 I	 5.05  
 603 S	 19.48  
 604 C	 3.91  
 605 K	 59.67  
 606 D	 51.44  
 607 F	 4.64  
 608 E	 51.55  
 609 T	 30.13  
 610 Y	 5.22  
 611 T	 25.28  
 612 R	 23.93  
 613 L	 2.09  
 614 C	 4.90  
 615 D	 46.54  
 616 T	 21.28  
 617 S	 9.99  
 618 M	 4.03  
 619 T	 17.51  
 620 C	 2.45  
 621 F	 14.97  
 622 E	 44.36  
 623 P	 16.35  
 624 E	 49.69  
 625 A	 31.33  
 626 L	 4.45  
 627 G	 33.67  
 628 N	 38.40  
 629 L	 3.42  
 630 I	 5.45  
 631 E	 58.23  
 632 G	 20.10  
 633 I	 3.11  
 634 E	 46.38  
 635 F	 4.78  
 636 H	 13.22  
 637 R	 33.03  
 638 F	 5.53  
 639 Y	 10.75  
 640 F	 9.97  
 641 D	 41.92  
 642 G	 26.41  
 643 N	 54.30  
 644 R	 44.85  
 645 K	 56.59  
 646 N	 45.96  
 647 Q	 31.25  
 648 V	 6.39  
 649 H	 13.07  
 650 T	 18.29  
 651 T	 12.56  
 652 M	 3.42  
 653 L	 10.15  
 654 N	 18.44  
 655 P	 40.01  
 656 N	 36.60  
 657 V	 3.46  
 658 H	 16.76  
 659 I	 3.64  
 660 I	 2.74  
 661 G	 26.57  
 662 E	 33.78  
 663 D	 33.96  
 664 A	 9.84  
 665 A	 10.71  
 666 C	 1.61  
 667 V	 3.55  
 668 A	 11.86  
 669 Y	 4.26  
 670 V	 2.71  
 671 K	 32.89  
 672 L	 3.03  
 673 T	 16.14  
 674 Q	 47.55  
 675 F	 6.89  
 676 L	 4.32  
 677 D	 43.20  
 678 R	 56.02  
 679 N	 52.93  
 680 G	 34.07  
 681 E	 40.61  
 682 A	 15.68  
 683 H	 19.79  
 684 T	 37.13  
 685 R	 25.04  
 686 Q	 51.09  
 687 S	 32.40  
 688 Q	 44.33  
 689 E	 45.84  
 690 S	 25.21  
 691 R	 32.92  
 692 V	 10.61  
 693 W	 11.88  
 694 S	 27.41  
 695 K	 33.14  
 696 K	 53.09  
 697 Q	 50.88  
 698 G	 34.01  
 699 R	 21.84  
 700 W	 8.49  
 701 V	 2.05  
 702 C	 1.07  
 703 V	 3.70  
 704 H	 12.44  
 705 V	 1.68  
 706 H	 11.77  
 707 R	 40.07  
 708 S	 19.27  
 709 T	 44.44  
 710 Q	 31.06  
 711 P	 43.12  
 712 S	 25.19  
 713 T	 43.18  
 714 N	 37.78  
 715 T	 28.76  
 716 T	 24.89  
 717 V	 4.93  
 718 S	 31.06  
 719 E	 51.55  
 720 F	 10.65  
