 1 M	 7.88  
 2 S	 40.15  
 3 T	 29.08  
 4 T	 20.99  
 5 S	 36.19  
 6 D	 37.27  
 7 F	 7.59  
 8 Q	 54.29  
 9 T	 40.79  
 10 G	 15.21  
 11 E	 51.93  
 12 R	 23.92  
 13 V	 5.13  
 14 R	 26.57  
 15 V	 5.22  
 16 A	 4.44  
 17 H	 32.97  
 18 Q	 43.55  
 19 G	 37.61  
 20 N	 25.52  
 21 P	 42.10  
 22 Q	 61.00  
 23 S	 24.13  
 24 S	 29.80  
 25 S	 29.73  
 26 L	 5.41  
 27 Q	 36.95  
 28 A	 21.27  
 29 D	 23.64  
 30 M	 6.39  
 31 D	 56.64  
 32 A	 14.49  
 33 K	 34.02  
 34 K	 46.09  
 35 A	 17.02  
 36 L	 6.93  
 37 L	 6.22  
 38 S	 20.20  
 39 Q	 59.40  
 40 N	 41.16  
 41 L	 4.00  
 42 N	 61.05  
 43 N	 42.29  
 44 G	 18.99  
 45 H	 23.33  
 46 L	 4.20  
 47 T	 18.23  
 48 A	 28.48  
 49 R	 36.20  
 50 P	 21.91  
 51 P	 40.47  
 52 R	 47.83  
 53 T	 41.71  
 54 T	 42.53  
 55 G	 20.16  
 56 P	 38.96  
 57 G	 30.30  
 58 I	 3.32  
 59 K	 53.79  
 60 Y	 28.70  
 61 G	 34.93  
 62 E	 55.61  
 63 K	 70.75  
 64 K	 58.74  
 65 P	 61.21  
 66 K	 76.38  
 67 K	 66.81  
 68 Q	 62.56  
 69 K	 70.07  
 70 G	 33.54  
 71 S	 44.92  
 72 D	 72.52  
 73 D	 67.94  
 74 D	 67.21  
 75 D	 58.63  
 76 E	 59.23  
 77 D	 56.61  
 78 Y	 14.04  
 79 V	 9.19  
 80 D	 39.15  
 81 E	 36.64  
 82 T	 29.89  
 83 M	 3.02  
 84 P	 41.82  
 85 S	 47.02  
 86 E	 64.67  
 87 D	 69.77  
 88 E	 56.25  
 89 E	 76.05  
 90 D	 54.90  
 91 F	 14.16  
 92 D	 70.17  
 93 N	 58.78  
 94 N	 56.74  
 95 E	 73.42  
 96 E	 69.68  
 97 D	 59.45  
 98 E	 67.62  
 99 D	 76.57  
 100 D	 48.94  
 101 D	 73.11  
 102 D	 60.79  
 103 Y	 32.03  
 104 E	 57.47  
 105 E	 63.12  
 106 E	 63.66  
 107 G	 30.50  
 108 P	 41.73  
 109 R	 63.37  
 110 K	 62.48  
 111 R	 41.47  
 112 K	 68.62  
 113 A	 20.03  
 114 P	 50.11  
 115 S	 63.06  
 116 K	 53.52  
 117 K	 56.53  
 118 K	 47.09  
 119 L	 6.48  
 120 V	 9.44  
 121 Y	 13.65  
 122 P	 29.63  
 123 R	 27.40  
 124 E	 54.85  
 125 N	 36.57  
 126 Y	 13.29  
 127 R	 47.28  
 128 R	 41.54  
 129 E	 57.82  
 130 D	 50.38  
 131 S	 38.32  
 132 E	 79.35  
 133 T	 36.58  
 134 P	 51.60  
 135 E	 62.40  
 136 P	 48.46  
 137 E	 56.53  
 138 M	 5.31  
 139 K	 42.91  
 140 R	 23.47  
 141 I	 3.09  
 142 R	 33.38  
 143 T	 28.39  
 144 L	 3.73  
 145 S	 34.53  
 146 D	 56.10  
 147 S	 32.08  
 148 S	 54.81  
 149 D	 62.90  
 150 D	 54.10  
 151 E	 44.10  
 152 W	 13.51  
 153 M	 3.04  
 154 T	 38.68  
 155 K	 16.43  
 156 P	 36.50  
 157 R	 42.20  
 158 L	 13.28  
 159 N	 53.90  
 160 G	 37.06  
 161 S	 33.55  
 162 E	 63.03  
 163 S	 24.42  
 164 P	 34.16  
 165 I	 9.74  
 166 G	 24.86  
 167 N	 25.73  
 168 V	 2.01  
 169 M	 4.44  
 170 R	 19.95  
 171 T	 12.47  
 172 Q	 21.33  
 173 M	 4.73  
 174 A	 8.35  
 175 K	 41.36  
 176 R	 23.22  
 177 S	 27.72  
 178 A	 21.56  
 179 A	 19.48  
 180 S	 32.48  
 181 K	 53.65  
 182 R	 31.29  
 183 K	 45.09  
 184 I	 3.69  
 185 V	 4.38  
 186 I	 6.69  
 187 D	 42.61  
 188 D	 50.64  
 189 E	 52.89  
 190 S	 54.01  
 191 E	 60.60  
 192 D	 66.45  
 193 D	 42.12  
 194 F	 9.70  
 195 I	 9.04  
 196 N	 51.11  
 197 D	 50.52  
 198 E	 53.38  
 199 E	 55.46  
 200 I	 6.40  
 201 S	 36.21  
 202 E	 68.07  
 203 K	 52.14  
 204 G	 37.26  
 205 S	 48.69  
 206 G	 47.19  
 207 K	 62.04  
 208 G	 44.56  
 209 S	 49.32  
 210 E	 73.49  
 211 K	 69.36  
 212 E	 63.80  
 213 E	 66.22  
 214 S	 48.63  
 215 E	 61.74  
 216 G	 51.48  
 217 S	 38.32  
 218 G	 48.96  
 219 K	 60.83  
 220 D	 56.05  
 221 S	 50.32  
 222 E	 71.07  
 223 T	 41.20  
 224 E	 46.55  
 225 E	 51.19  
 226 V	 5.29  
 227 T	 23.18  
 228 M	 3.54  
 229 K	 41.74  
 230 Q	 44.32  
 231 G	 17.33  
 232 Q	 43.00  
 233 S	 38.37  
 234 L	 3.17  
 235 K	 39.07  
 236 A	 14.04  
 237 A	 9.25  
 238 M	 4.73  
 239 A	 10.17  
 240 K	 37.96  
 241 A	 19.01  
 242 Q	 49.46  
 243 K	 67.96  
 244 E	 56.40  
 245 Q	 70.65  
 246 K	 58.28  
 247 K	 57.84  
 248 K	 65.50  
 249 A	 30.33  
 250 E	 68.55  
 251 S	 51.68  
 252 D	 49.75  
 253 E	 74.44  
 254 D	 64.18  
 255 W	 14.61  
 256 E	 68.82  
 257 E	 63.55  
 258 D	 53.78  
 259 E	 60.22  
 260 D	 73.17  
 261 D	 30.13  
 262 M	 7.43  
 263 N	 41.70  
 264 A	 18.61  
 265 D	 61.13  
 266 G	 32.04  
 267 D	 58.08  
 268 E	 69.05  
 269 T	 32.60  
 270 P	 33.44  
 271 S	 62.56  
 272 D	 61.71  
 273 D	 53.17  
 274 S	 45.54  
 275 D	 60.35  
 276 I	 7.39  
 277 E	 50.90  
 278 E	 48.04  
 279 R	 30.94  
 280 R	 47.98  
 281 A	 16.48  
 282 K	 60.15  
 283 R	 47.39  
 284 G	 46.34  
 285 E	 61.72  
 286 T	 37.81  
 287 K	 53.75  
 288 N	 66.62  
 289 Q	 44.47  
 290 K	 69.08  
 291 E	 29.10  
 292 C	 6.95  
 293 R	 44.86  
 294 E	 67.27  
 295 F	 4.17  
 296 F	 8.64  
 297 N	 49.01  
 298 K	 57.32  
 299 A	 29.29  
 300 K	 59.30  
 301 K	 62.41  
 302 E	 53.86  
 303 D	 62.65  
 304 L	 4.95  
 305 L	 5.69  
 306 Q	 42.03  
 307 Q	 32.36  
 308 A	 11.02  
 309 R	 24.73  
 310 I	 9.79  
 311 N	 38.68  
 312 D	 41.17  
 313 K	 34.99  
 314 I	 5.05  
 315 A	 15.21  
 316 D	 37.35  
 317 F	 3.42  
 318 V	 5.20  
 319 L	 3.36  
 320 A	 12.51  
 321 N	 48.25  
 322 R	 31.51  
 323 P	 30.91  
 324 F	 8.89  
 325 E	 37.67  
 326 I	 3.83  
 327 Y	 7.51  
 328 G	 16.92  
 329 A	 3.40  
 330 M	 2.33  
 331 V	 4.61  
 332 A	 7.98  
 333 K	 29.72  
 334 M	 3.09  
 335 K	 49.90  
 336 G	 23.64  
 337 V	 2.48  
 338 T	 31.86  
 339 R	 47.75  
 340 G	 17.60  
 341 T	 20.41  
 342 N	 41.57  
 343 A	 10.80  
 344 I	 3.18  
 345 E	 31.19  
 346 A	 11.67  
 347 Y	 5.60  
 348 M	 3.65  
 349 E	 34.11  
 350 F	 6.43  
 351 L	 4.90  
 352 E	 46.13  
 353 K	 59.06  
 354 R	 28.19  
 355 G	 35.94  
 356 I	 3.52  
 357 L	 2.91  
 358 S	 18.49  
 359 R	 30.00  
 360 I	 4.43  
 361 L	 4.40  
 362 D	 57.82  
 363 D	 37.61  
 364 C	 5.79  
 365 K	 60.59  
 366 D	 51.00  
 367 H	 12.61  
 368 A	 15.35  
 369 H	 19.90  
 370 T	 30.56  
 371 V	 4.49  
 372 T	 26.50  
 373 K	 56.96  
 374 D	 41.07  
 375 F	 7.31  
 376 E	 57.91  
 377 R	 32.43  
 378 C	 2.98  
 379 T	 50.64  
 380 E	 63.54  
 381 G	 15.29  
 382 P	 15.65  
 383 L	 13.86  
 384 Q	 44.14  
 385 L	 4.20  
 386 P	 23.76  
 387 L	 16.93  
 388 L	 4.48  
 389 K	 60.80  
 390 E	 60.51  
 391 G	 14.23  
 392 C	 3.72  
 393 T	 37.67  
 394 L	 3.17  
 395 H	 17.36  
 396 D	 35.67  
 397 Y	 8.41  
 398 Q	 32.44  
 399 L	 2.75  
 400 I	 3.35  
 401 G	 24.44  
 402 V	 2.97  
 403 K	 30.94  
 404 W	 6.68  
 405 L	 1.17  
 406 I	 1.13  
 407 M	 1.87  
 408 M	 2.36  
 409 Y	 11.15  
 410 N	 17.30  
 411 K	 46.21  
 412 D	 41.33  
 413 L	 5.08  
 414 N	 34.76  
 415 A	 12.99  
 416 I	 4.26  
 417 L	 7.03  
 418 G	 23.79  
 419 D	 38.98  
 420 E	 33.09  
 421 M	 6.81  
 422 G	 29.27  
 423 L	 6.49  
 424 G	 21.23  
 425 K	 47.71  
 426 T	 19.13  
 427 I	 2.76  
 428 Q	 29.36  
 429 I	 1.82  
 430 V	 1.44  
 431 A	 10.99  
 432 F	 3.01  
 433 L	 2.07  
 434 S	 23.20  
 435 Y	 21.77  
 436 L	 2.71  
 437 K	 31.47  
 438 Q	 47.25  
 439 I	 6.13  
 440 G	 20.98  
 441 K	 52.52  
 442 T	 51.21  
 443 G	 15.89  
 444 P	 25.09  
 445 H	 29.54  
 446 L	 3.41  
 447 I	 2.39  
 448 V	 6.97  
 449 V	 2.78  
 450 P	 16.21  
 451 S	 28.62  
 452 S	 27.60  
 453 T	 36.33  
 454 I	 4.10  
 455 E	 46.75  
 456 N	 31.64  
 457 W	 6.28  
 458 I	 5.97  
 459 G	 24.11  
 460 E	 35.13  
 461 F	 6.39  
 462 H	 20.57  
 463 K	 56.67  
 464 W	 7.23  
 465 C	 1.95  
 466 P	 33.09  
 467 S	 21.60  
 468 I	 1.70  
 469 Q	 34.45  
 470 L	 3.53  
 471 L	 1.33  
 472 T	 24.24  
 473 Y	 13.05  
 474 Y	 12.69  
 475 G	 14.39  
 476 S	 20.52  
 477 Q	 52.82  
 478 D	 60.40  
 479 E	 56.86  
 480 R	 39.73  
 481 K	 44.97  
 482 H	 34.03  
 483 L	 5.75  
 484 R	 18.45  
 485 H	 45.29  
 486 R	 35.20  
 487 V	 8.09  
 488 K	 49.82  
 489 K	 60.77  
 490 Q	 51.17  
 491 K	 61.22  
 492 D	 41.29  
 493 H	 25.78  
 494 I	 6.93  
 495 D	 20.27  
 496 V	 3.70  
 497 I	 2.22  
 498 L	 2.69  
 499 T	 18.99  
 500 T	 14.95  
 501 Y	 8.95  
 502 N	 19.16  
 503 M	 2.15  
 504 V	 4.94  
 505 T	 21.48  
 506 S	 20.82  
 507 K	 48.84  
 508 S	 51.30  
 509 D	 75.40  
 510 D	 64.24  
 511 K	 57.37  
 512 K	 64.13  
 513 F	 15.06  
 514 F	 9.68  
 515 K	 61.28  
 516 N	 26.95  
 517 F	 10.16  
 518 S	 25.71  
 519 L	 4.73  
 520 N	 28.03  
 521 Y	 8.10  
 522 V	 2.96  
 523 I	 2.24  
 524 Y	 9.63  
 525 D	 44.25  
 526 E	 33.74  
 527 G	 14.49  
 528 H	 19.16  
 529 M	 9.30  
 530 L	 2.75  
 531 K	 48.21  
 532 N	 30.76  
 533 C	 6.10  
 534 D	 64.03  
 535 S	 26.61  
 536 E	 40.24  
 537 R	 30.33  
 538 Y	 12.65  
 539 R	 37.68  
 540 G	 22.61  
 541 L	 1.91  
 542 M	 5.37  
 543 K	 45.93  
 544 V	 6.52  
 545 K	 60.54  
 546 G	 50.42  
 547 K	 45.21  
 548 K	 54.43  
 549 K	 41.91  
 550 I	 5.38  
 551 L	 4.87  
 552 L	 4.77  
 553 T	 35.25  
 554 G	 25.88  
 555 T	 18.65  
 556 P	 33.04  
 557 L	 9.51  
 558 Q	 37.66  
 559 N	 53.62  
 560 N	 29.45  
 561 L	 4.17  
 562 I	 4.38  
 563 E	 43.12  
 564 L	 2.27  
 565 I	 1.60  
 566 S	 21.51  
 567 L	 2.27  
 568 M	 1.63  
 569 Y	 8.88  
 570 F	 2.51  
 571 V	 3.04  
 572 L	 2.69  
 573 S	 22.82  
 574 K	 46.84  
 575 V	 6.01  
 576 F	 8.20  
 577 N	 37.06  
 578 K	 39.55  
 579 Y	 11.37  
 580 C	 3.96  
 581 E	 49.73  
 582 D	 47.74  
 583 I	 0.91  
 584 T	 20.84  
 585 H	 25.52  
 586 L	 3.54  
 587 L	 2.63  
 588 Q	 46.46  
 589 H	 31.66  
 590 F	 3.30  
 591 K	 42.35  
 592 Q	 51.19  
 593 L	 10.27  
 594 G	 11.71  
 595 P	 37.94  
 596 A	 19.10  
 597 L	 10.93  
 598 D	 58.71  
 599 T	 37.05  
 600 K	 57.00  
 601 N	 36.60  
 602 K	 41.13  
 603 A	 22.39  
 604 L	 4.18  
 605 Y	 14.69  
 606 Q	 39.28  
 607 Q	 28.52  
 608 D	 37.69  
 609 R	 33.60  
 610 I	 8.25  
 611 E	 53.44  
 612 E	 53.77  
 613 A	 8.19  
 614 K	 38.96  
 615 A	 18.12  
 616 I	 3.46  
 617 L	 5.12  
 618 Q	 23.72  
 619 P	 18.06  
 620 Y	 10.30  
 621 I	 2.84  
 622 L	 1.84  
 623 R	 32.12  
 624 R	 46.71  
 625 L	 5.03  
 626 K	 43.45  
 627 N	 41.61  
 628 Q	 30.17  
 629 V	 10.25  
 630 L	 2.51  
 631 G	 28.42  
 632 S	 32.71  
 633 L	 5.43  
 634 P	 41.21  
 635 S	 54.85  
 636 K	 56.95  
 637 S	 38.79  
 638 E	 49.92  
 639 Q	 49.39  
 640 I	 2.26  
 641 I	 4.92  
 642 E	 33.77  
 643 V	 6.49  
 644 E	 32.28  
 645 M	 9.03  
 646 K	 48.04  
 647 K	 51.90  
 648 P	 40.87  
 649 Q	 55.81  
 650 K	 51.28  
 651 Q	 39.75  
 652 L	 8.16  
 653 Y	 12.40  
 654 D	 47.15  
 655 N	 27.01  
 656 I	 2.43  
 657 V	 4.40  
 658 E	 39.61  
 659 A	 10.36  
 660 L	 2.77  
 661 Q	 52.37  
 662 Q	 54.37  
 663 S	 30.30  
 664 E	 52.42  
 665 E	 66.33  
 666 S	 43.80  
 667 G	 31.03  
 668 D	 48.22  
 669 S	 34.61  
 670 Y	 18.57  
 671 G	 20.46  
 672 S	 15.68  
 673 L	 1.69  
 674 M	 3.98  
 675 R	 31.82  
 676 L	 2.72  
 677 R	 17.46  
 678 Q	 49.79  
 679 A	 12.09  
 680 A	 13.41  
 681 N	 40.08  
 682 H	 15.06  
 683 P	 32.66  
 684 L	 4.52  
 685 L	 5.15  
 686 R	 48.00  
 687 R	 33.53  
 688 S	 28.64  
 689 E	 51.12  
 690 Y	 19.50  
 691 T	 28.09  
 692 D	 42.59  
 693 Q	 40.17  
 694 K	 62.56  
 695 L	 7.24  
 696 D	 47.56  
 697 K	 55.81  
 698 I	 4.44  
 699 A	 9.28  
 700 K	 35.56  
 701 M	 2.06  
 702 L	 2.16  
 703 C	 2.77  
 704 L	 7.54  
 705 R	 42.23  
 706 E	 29.14  
 707 K	 40.02  
 708 A	 10.45  
 709 Y	 26.80  
 710 A	 27.32  
 711 D	 40.15  
 712 K	 47.98  
 713 K	 53.27  
 714 W	 10.15  
 715 Q	 35.66  
 716 H	 24.77  
 717 V	 3.92  
 718 S	 24.22  
 719 E	 56.82  
 720 D	 33.89  
 721 L	 3.02  
 722 A	 19.93  
 723 W	 12.05  
 724 L	 2.47  
 725 S	 26.96  
 726 D	 43.99  
 727 I	 3.97  
 728 K	 38.84  
 729 I	 2.27  
 730 H	 15.01  
 731 Q	 51.81  
 732 L	 1.71  
 733 C	 2.58  
 734 E	 64.54  
 735 R	 24.26  
 736 F	 3.34  
 737 R	 29.08  
 738 C	 4.66  
 739 T	 30.60  
 740 S	 25.65  
 741 K	 23.13  
 742 F	 10.58  
 743 L	 6.04  
 744 L	 8.15  
 745 N	 36.80  
 746 E	 47.11  
 747 Q	 30.84  
 748 L	 5.00  
 749 A	 16.79  
 750 L	 6.53  
 751 K	 52.10  
 752 S	 44.31  
 753 G	 36.73  
 754 K	 41.51  
 755 C	 4.61  
 756 E	 58.63  
 757 Q	 53.05  
 758 L	 2.21  
 759 D	 24.39  
 760 V	 6.04  
 761 M	 5.29  
 762 L	 3.28  
 763 P	 20.67  
 764 E	 54.83  
 765 I	 7.41  
 766 Q	 39.48  
 767 K	 65.47  
 768 K	 56.84  
 769 G	 47.19  
 770 D	 46.93  
 771 K	 47.84  
 772 V	 6.20  
 773 L	 3.94  
 774 I	 3.32  
 775 F	 4.03  
 776 S	 19.86  
 777 Q	 34.58  
 778 F	 5.45  
 779 T	 12.94  
 780 S	 20.73  
 781 M	 3.37  
 782 L	 3.57  
 783 D	 34.48  
 784 I	 2.88  
 785 L	 3.48  
 786 E	 29.47  
 787 V	 6.21  
 788 Y	 5.67  
 789 L	 5.33  
 790 N	 12.29  
 791 I	 3.14  
 792 R	 36.60  
 793 G	 16.37  
 794 Y	 10.05  
 795 S	 27.31  
 796 Y	 7.52  
 797 K	 40.31  
 798 R	 29.76  
 799 L	 8.31  
 800 D	 51.71  
 801 G	 37.54  
 802 Q	 42.15  
 803 T	 22.39  
 804 P	 19.45  
 805 V	 11.16  
 806 L	 4.77  
 807 D	 50.91  
 808 R	 30.14  
 809 Q	 44.25  
 810 E	 42.81  
 811 M	 2.78  
 812 I	 4.37  
 813 N	 46.63  
 814 E	 25.61  
 815 F	 10.88  
 816 N	 36.91  
 817 L	 9.04  
 818 S	 25.81  
 819 K	 62.71  
 820 D	 41.80  
 821 L	 4.54  
 822 F	 5.39  
 823 V	 4.26  
 824 F	 4.44  
 825 L	 2.87  
 826 L	 3.14  
 827 S	 20.28  
 828 T	 25.22  
 829 R	 28.05  
 830 A	 19.25  
 831 G	 28.68  
 832 G	 21.53  
 833 L	 6.44  
 834 G	 15.26  
 835 I	 4.61  
 836 N	 35.15  
 837 L	 3.65  
 838 T	 22.70  
 839 S	 30.18  
 840 A	 13.34  
 841 N	 27.02  
 842 H	 16.61  
 843 I	 2.95  
 844 I	 1.45  
 845 I	 2.06  
 846 H	 18.63  
 847 D	 31.57  
 848 I	 3.94  
 849 D	 43.24  
 850 F	 11.51  
 851 N	 34.10  
 852 P	 29.33  
 853 Y	 36.78  
 854 N	 51.79  
 855 D	 38.30  
 856 K	 48.01  
 857 Q	 53.50  
 858 A	 26.80  
 859 E	 43.42  
 860 D	 62.62  
 861 R	 15.05  
 862 C	 3.55  
 863 H	 24.53  
 864 R	 34.25  
 865 M	 2.64  
 866 G	 32.24  
 867 Q	 46.31  
 868 E	 54.31  
 869 K	 44.44  
 870 P	 22.24  
 871 V	 9.32  
 872 H	 24.61  
 873 V	 3.20  
 874 T	 11.92  
 875 R	 31.81  
 876 L	 3.58  
 877 V	 5.11  
 878 S	 29.93  
 879 K	 51.63  
 880 G	 27.73  
 881 T	 19.75  
 882 V	 8.38  
 883 E	 32.94  
 884 V	 4.79  
 885 G	 7.59  
 886 M	 2.09  
 887 L	 2.65  
 888 A	 9.15  
 889 L	 6.72  
 890 A	 18.93  
 891 K	 51.82  
 892 K	 53.78  
 893 K	 40.53  
 894 L	 10.90  
 895 Q	 57.36  
 896 L	 14.92  
 897 E	 28.60  
 898 K	 59.67  
 899 Q	 33.69  
 900 V	 8.58  
 901 T	 25.25  
 902 D	 62.12  
 903 G	 17.42  
 904 V	 7.58  
 905 K	 46.60  
 906 G	 30.77  
 907 Q	 39.77  
 908 L	 12.11  
 909 D	 43.79  
 910 E	 54.50  
 911 D	 51.04  
 912 A	 13.38  
 913 L	 7.27  
 914 R	 49.25  
 915 E	 66.11  
 916 L	 7.37  
 917 K	 59.32  
 918 E	 74.11  
 919 E	 61.42  
 920 E	 73.85  
 921 G	 48.49  
 922 G	 25.69  
 923 E	 54.26  
 924 Q	 34.14  
 925 C	 5.62  
 926 G	 33.59  
 927 G	 27.79  
 928 R	 27.29  
 929 D	 59.58  
 930 L	 4.72  
 931 S	 26.08  
 932 K	 61.82  
 933 L	 5.15  
 934 L	 4.34  
 935 S	 28.32  
 936 S	 29.59  
 937 A	 9.15  
 938 I	 4.91  
 939 S	 19.55  
 940 G	 26.50  
 941 R	 25.56  
 942 Y	 21.74  
 943 D	 52.71  
 944 D	 36.45  
 945 V	 8.74  
 946 E	 64.20  
 947 D	 56.05  
 948 D	 40.80  
 949 S	 57.74  
 950 G	 50.64  
 951 D	 61.46  
 952 S	 31.39  
 953 K	 65.02  
 954 N	 57.51  
 955 G	 23.92  
 956 I	 6.75  
 957 D	 49.69  
 958 A	 18.01  
 959 E	 44.41  
 960 E	 56.50  
 961 A	 18.98  
 962 A	 27.08  
 963 K	 64.84  
 964 K	 66.72  
 965 E	 61.45  
 966 D	 59.02  
 967 E	 57.35  
 968 A	 29.97  
 969 V	 7.30  
 970 K	 64.45  
 971 E	 48.24  
 972 P	 33.57  
 973 V	 20.15  
 974 E	 62.68  
 975 K	 62.14  
 976 E	 44.75  
 977 Q	 71.38  
 978 Q	 57.11  
 979 K	 67.78  
 980 E	 63.76  
 981 E	 70.73  
 982 E	 56.62  
 983 S	 51.15  
 984 Q	 38.96  
 985 P	 49.18  
 986 S	 27.62  
 987 T	 35.04  
 988 S	 36.00  
 989 A	 24.42  
