 1 M	 9.45  
 2 E	 59.85  
 3 Y	 10.80  
 4 F	 3.00  
 5 N	 36.45  
 6 A	 14.22  
 7 G	 36.06  
 8 G	 34.57  
 9 G	 26.43  
 10 G	 25.88  
 11 S	 36.09  
 12 T	 37.63  
 13 G	 37.89  
 14 N	 41.13  
 15 G	 33.01  
 16 S	 33.37  
 17 T	 42.25  
 18 D	 35.59  
 19 P	 21.04  
 20 Y	 19.13  
 21 A	 9.73  
 22 V	 5.60  
 23 I	 1.62  
 24 P	 18.47  
 25 Q	 39.86  
 26 Q	 42.74  
 27 F	 7.46  
 28 G	 27.77  
 29 N	 53.35  
 30 G	 35.35  
 31 G	 27.27  
 32 Q	 53.85  
 33 Q	 40.83  
 34 P	 26.51  
 35 Q	 41.84  
 36 Q	 48.35  
 37 Q	 27.35  
 38 V	 4.92  
 39 F	 3.60  
 40 T	 34.63  
 41 D	 27.98  
 42 Y	 12.67  
 43 Q	 37.38  
 44 Q	 51.29  
 45 D	 37.17  
 46 G	 18.16  
 47 S	 35.96  
 48 A	 15.26  
 49 T	 40.59  
 50 D	 38.70  
 51 Y	 13.05  
 52 E	 43.80  
 53 T	 22.02  
 54 Y	 7.74  
 55 Q	 41.86  
 56 Q	 32.41  
 57 Q	 27.76  
 58 Q	 28.18  
 59 Q	 37.62  
 60 Q	 25.91  
 61 Y	 9.62  
 62 R	 21.07  
 63 A	 10.05  
 64 A	 9.11  
 65 Q	 40.33  
 66 A	 12.46  
 67 S	 19.37  
 68 Q	 50.63  
 69 Q	 42.67  
 70 S	 19.42  
 71 S	 18.13  
 72 S	 18.95  
 73 M	 3.79  
 74 Y	 12.12  
 75 Y	 7.73  
 76 Q	 19.05  
 77 N	 19.92  
 78 Q	 18.32  
 79 M	 3.45  
 80 T	 14.74  
 81 A	 7.70  
 82 A	 10.39  
 83 Q	 27.90  
 84 A	 14.15  
 85 N	 27.22  
 86 Y	 17.47  
 87 F	 4.61  
 88 P	 17.02  
 89 I	 2.62  
 90 H	 19.97  
 91 S	 33.92  
 92 A	 12.55  
 93 S	 38.18  
 94 E	 47.39  
 95 H	 28.73  
 96 D	 36.09  
 97 F	 10.29  
 98 L	 14.07  
 99 G	 20.26  
 100 P	 31.61  
 101 Q	 67.62  
 102 Q	 55.81  
 103 P	 21.40  
 104 P	 32.05  
 105 S	 44.95  
 106 A	 22.22  
 107 T	 24.76  
 108 T	 27.18  
 109 S	 15.21  
 110 V	 6.01  
 111 S	 23.60  
 112 G	 19.79  
 113 A	 8.67  
 114 A	 20.43  
 115 G	 26.92  
 116 A	 8.56  
 117 P	 27.12  
 118 Y	 17.99  
 119 Q	 31.31  
 120 S	 20.68  
 121 A	 9.18  
 122 S	 53.10  
 123 G	 43.33  
 124 G	 39.27  
 125 N	 44.18  
 126 K	 56.45  
 127 E	 42.65  
 128 F	 5.43  
 129 M	 2.37  
 130 M	 3.80  
 131 Q	 21.32  
 132 H	 14.08  
 133 Q	 22.91  
 134 Q	 34.61  
 135 R	 41.73  
 136 R	 44.04  
 137 G	 38.42  
 138 N	 30.91  
 139 Q	 52.33  
 140 S	 42.44  
 141 G	 21.39  
 142 Q	 43.06  
 143 Q	 50.80  
 144 Q	 35.98  
 145 Q	 46.30  
 146 N	 51.93  
 147 Q	 34.38  
 148 P	 41.47  
 149 S	 34.33  
 150 Q	 57.62  
 151 Q	 56.00  
 152 N	 40.41  
 153 N	 36.38  
 154 Q	 50.43  
 155 Q	 49.29  
 156 Q	 34.13  
 157 Q	 39.62  
 158 N	 37.60  
 159 Q	 42.45  
 160 G	 30.21  
 161 A	 9.06  
 162 R	 43.44  
 163 Q	 45.46  
 164 Q	 44.68  
 165 H	 17.50  
 166 P	 23.04  
 167 Q	 49.61  
 168 Q	 35.78  
 169 M	 3.06  
 170 Q	 33.33  
 171 Q	 37.39  
 172 Q	 26.79  
 173 Q	 44.31  
 174 Q	 39.76  
 175 S	 32.28  
 176 N	 35.17  
 177 Q	 47.44  
 178 S	 28.14  
 179 A	 7.09  
 180 H	 26.30  
 181 F	 4.71  
 182 M	 1.68  
 183 H	 15.99  
 184 Q	 33.61  
 185 Q	 22.36  
 186 L	 2.58  
 187 Q	 34.84  
 188 A	 15.07  
 189 V	 3.22  
 190 Q	 38.08  
 191 Q	 30.65  
 192 Q	 24.40  
 193 Q	 36.48  
 194 A	 9.38  
 195 Q	 36.47  
 196 Q	 35.87  
 197 M	 1.59  
 198 H	 9.89  
 199 H	 27.14  
 200 R	 17.64  
 201 L	 4.84  
 202 Q	 46.06  
 203 G	 37.60  
 204 A	 6.72  
 205 P	 33.44  
 206 I	 13.40  
 207 N	 27.54  
 208 P	 30.03  
 209 Q	 44.66  
 210 Q	 29.65  
 211 F	 4.48  
 212 M	 3.72  
 213 V	 7.31  
 214 P	 19.84  
 215 P	 26.11  
 216 P	 27.19  
 217 T	 30.92  
 218 M	 2.64  
 219 M	 6.06  
 220 Q	 23.10  
 221 P	 14.42  
 222 Q	 34.19  
 223 Q	 38.03  
 224 M	 2.41  
 225 Q	 30.99  
 226 Q	 35.48  
 227 A	 7.70  
 228 Q	 36.96  
 229 Q	 40.13  
 230 Q	 28.61  
 231 Q	 36.48  
 232 A	 9.38  
 233 Q	 36.47  
 234 Q	 34.05  
 235 M	 1.25  
 236 H	 18.67  
 237 Q	 21.82  
 238 M	 2.16  
 239 Q	 25.87  
 240 I	 2.35  
 241 H	 8.87  
 242 H	 30.53  
 243 Q	 29.17  
 244 Q	 45.96  
 245 H	 14.16  
 246 P	 21.30  
 247 Q	 37.54  
 248 M	 2.85  
 249 M	 2.67  
 250 Q	 26.94  
 251 Q	 18.91  
 252 H	 14.49  
 253 A	 10.07  
 254 Q	 34.80  
 255 Q	 56.02  
 256 G	 15.61  
 257 Y	 14.08  
 258 H	 21.86  
 259 P	 20.64  
 260 H	 28.66  
 261 Q	 48.66  
 262 Q	 46.82  
 263 N	 36.59  
 264 Q	 37.48  
 265 Q	 37.90  
 266 H	 15.08  
 267 Q	 42.73  
 268 A	 19.93  
 269 G	 20.95  
 270 Q	 33.94  
 271 H	 27.08  
 272 Q	 38.29  
 273 Q	 42.48  
 274 S	 19.16  
 275 H	 20.76  
 276 H	 33.95  
 277 Q	 41.09  
 278 S	 28.70  
 279 Q	 48.94  
 280 N	 41.13  
 281 H	 27.91  
 282 N	 47.07  
 283 Q	 29.39  
 284 H	 37.52  
 285 R	 36.02  
 286 N	 36.02  
 287 H	 33.39  
 288 N	 48.91  
 289 Q	 34.66  
 290 S	 25.57  
 291 H	 27.32  
 292 S	 60.30  
 293 G	 21.82  
 294 P	 20.92  
 295 H	 34.73  
 296 H	 36.24  
 297 I	 3.23  
 298 P	 16.79  
 299 Q	 55.90  
 300 N	 25.25  
 301 L	 2.34  
 302 M	 4.57  
 303 M	 1.82  
 304 P	 16.62  
 305 R	 10.69  
 306 C	 2.86  
 307 M	 5.71  
 308 L	 5.36  
 309 K	 30.75  
 310 D	 53.04  
 311 W	 6.66  
 312 P	 17.80  
 313 I	 4.67  
 314 R	 11.78  
 315 C	 4.10  
 316 V	 2.93  
 317 V	 10.32  
 318 E	 29.57  
 319 G	 24.98  
 320 K	 21.98  
 321 Y	 13.08  
 322 H	 19.60  
 323 A	 7.36  
 324 V	 1.77  
 325 I	 2.90  
 326 I	 6.36  
 327 G	 9.86  
 328 P	 31.44  
 329 N	 52.41  
 330 G	 29.33  
 331 S	 33.33  
 332 T	 33.18  
 333 I	 3.96  
 334 K	 43.07  
 335 D	 37.52  
 336 I	 3.21  
 337 A	 13.94  
 338 S	 32.35  
 339 S	 15.73  
 340 T	 31.15  
 341 R	 14.27  
 342 C	 5.14  
 343 R	 27.96  
 344 V	 8.40  
 345 D	 23.56  
 346 F	 3.43  
 347 V	 6.44  
 348 N	 38.29  
 349 L	 7.16  
 350 S	 36.16  
 351 K	 62.92  
 352 K	 49.40  
 353 E	 58.27  
 354 R	 38.73  
 355 T	 22.60  
 356 V	 8.91  
 357 L	 6.33  
 358 G	 26.93  
 359 N	 42.97  
 360 N	 37.83  
 361 D	 42.89  
 362 R	 28.12  
 363 I	 4.16  
 364 L	 4.22  
 365 T	 14.21  
 366 V	 3.11  
 367 H	 21.56  
 368 G	 18.92  
 369 V	 2.98  
 370 A	 14.05  
 371 E	 38.04  
 372 Q	 44.59  
 373 A	 11.54  
 374 T	 21.16  
 375 K	 43.83  
 376 A	 8.88  
 377 V	 3.81  
 378 A	 9.54  
 379 R	 24.33  
 380 I	 2.51  
 381 L	 3.42  
 382 D	 32.85  
 383 V	 3.73  
 384 I	 3.58  
 385 Q	 34.76  
 386 S	 19.19  
 387 E	 40.90  
 388 A	 20.93  
 389 V	 6.49  
 390 K	 56.08  
 391 D	 59.50  
 392 D	 28.33  
 393 V	 10.04  
 394 N	 33.24  
 395 V	 7.22  
 396 G	 16.72  
 397 A	 12.67  
 398 D	 31.27  
 399 T	 22.39  
 400 V	 3.08  
 401 L	 3.75  
 402 R	 14.27  
 403 M	 3.77  
 404 R	 26.68  
 405 A	 9.17  
 406 H	 16.53  
 407 N	 35.22  
 408 Q	 28.41  
 409 L	 3.98  
 410 C	 1.83  
 411 G	 35.70  
 412 R	 23.33  
 413 L	 3.53  
 414 I	 5.25  
 415 G	 20.53  
 416 K	 42.45  
 417 A	 20.21  
 418 G	 25.97  
 419 S	 33.48  
 420 S	 36.44  
 421 I	 5.06  
 422 K	 43.04  
 423 E	 41.86  
 424 I	 2.77  
 425 M	 3.33  
 426 Q	 45.91  
 427 K	 31.38  
 428 T	 32.14  
 429 G	 24.65  
 430 T	 28.78  
 431 N	 29.31  
 432 I	 3.09  
 433 T	 24.96  
 434 V	 3.73  
 435 T	 14.96  
 436 K	 39.64  
 437 Y	 10.93  
 438 I	 7.35  
 439 E	 42.21  
 440 P	 24.23  
 441 P	 40.63  
 442 G	 57.70  
 443 G	 19.36  
 444 I	 3.51  
 445 S	 30.90  
 446 G	 25.73  
 447 L	 3.06  
 448 T	 30.84  
 449 A	 16.73  
 450 N	 34.90  
 451 E	 42.80  
 452 L	 4.63  
 453 L	 3.95  
 454 G	 35.29  
 455 L	 3.04  
 456 M	 2.88  
 457 E	 52.28  
 458 R	 18.65  
 459 T	 10.50  
 460 I	 2.77  
 461 M	 1.34  
 462 V	 5.90  
 463 R	 33.65  
 464 G	 14.64  
 465 P	 22.90  
 466 S	 35.57  
 467 I	 4.42  
 468 E	 39.48  
 469 A	 12.71  
 470 V	 1.81  
 471 V	 6.02  
 472 Q	 27.21  
 473 A	 7.75  
 474 E	 27.24  
 475 A	 17.14  
 476 L	 2.09  
 477 I	 4.92  
 478 S	 21.87  
 479 A	 17.76  
 480 K	 54.79  
 481 L	 6.83  
 482 K	 39.84  
 483 K	 53.11  
 484 C	 4.33  
 485 Y	 27.61  
 486 E	 58.50  
 487 S	 18.98  
 488 D	 28.59  
 489 S	 40.15  
 490 Q	 39.70  
 491 L	 5.92  
 492 R	 23.97  
 493 A	 17.87  
 494 Q	 32.76  
 495 S	 15.16  
 496 M	 2.94  
 497 Q	 33.15  
 498 C	 2.03  
 499 P	 22.79  
 500 M	 8.38  
 501 P	 9.97  
 502 P	 19.63  
 503 M	 2.72  
 504 M	 4.50  
 505 M	 2.65  
 506 P	 8.55  
 507 P	 23.89  
 508 I	 8.11  
 509 L	 5.30  
 510 P	 26.46  
 511 P	 47.76  
 512 G	 35.83  
 513 A	 16.41  
 514 S	 30.64  
 515 S	 23.06  
 516 S	 30.14  
 517 A	 10.96  
 518 V	 5.61  
 519 S	 35.48  
 520 A	 8.59  
 521 P	 18.53  
 522 H	 32.74  
 523 F	 7.53  
 524 I	 3.18  
 525 P	 37.60  
 526 T	 36.98  
 527 P	 20.49  
 528 P	 48.26  
 529 G	 33.69  
 530 V	 4.36  
 531 L	 4.62  
 532 Q	 29.84  
 533 I	 4.70  
 534 Q	 19.87  
 535 P	 43.67  
 536 G	 28.88  
 537 T	 21.13  
 538 T	 37.86  
 539 N	 32.82  
 540 L	 3.68  
 541 R	 34.71  
 542 Q	 30.27  
 543 V	 3.51  
 544 R	 12.61  
 545 M	 4.43  
 546 W	 6.47  
 547 V	 2.49  
 548 P	 16.67  
 549 D	 41.02  
 550 S	 13.26  
 551 M	 4.23  
 552 I	 3.19  
 553 G	 12.99  
 554 A	 5.77  
 555 L	 2.90  
 556 I	 5.10  
 557 G	 23.30  
 558 A	 15.50  
 559 K	 66.27  
 560 G	 27.92  
 561 K	 55.59  
 562 N	 48.02  
 563 I	 3.50  
 564 K	 33.18  
 565 M	 2.45  
 566 I	 1.66  
 567 I	 2.67  
 568 R	 25.23  
 569 D	 38.80  
 570 T	 25.46  
 571 G	 21.83  
 572 A	 17.16  
 573 S	 25.86  
 574 V	 7.79  
 575 K	 32.13  
 576 I	 5.24  
 577 E	 53.07  
 578 A	 21.93  
 579 P	 37.17  
 580 E	 78.24  
 581 E	 61.41  
 582 K	 48.58  
 583 T	 35.82  
 584 Q	 52.89  
 585 R	 50.77  
 586 E	 51.09  
 587 A	 23.32  
 588 E	 53.65  
 589 E	 70.00  
 590 A	 25.97  
 591 E	 63.49  
 592 K	 66.00  
 593 K	 46.39  
 594 R	 56.70  
 595 K	 69.99  
 596 L	 9.27  
 597 D	 60.84  
 598 E	 66.02  
 599 T	 34.82  
 600 D	 40.77  
 601 S	 53.41  
 602 G	 19.12  
 603 C	 4.81  
 604 E	 61.29  
 605 G	 25.11  
 606 V	 1.46  
 607 A	 20.75  
 608 S	 42.20  
 609 G	 27.75  
 610 D	 48.04  
 611 H	 29.48  
 612 P	 39.89  
 613 Q	 51.13  
 614 E	 57.56  
 615 F	 8.35  
 616 L	 8.76  
 617 E	 55.32  
 618 D	 52.81  
 619 N	 29.61  
 620 A	 23.37  
 621 T	 27.26  
 622 I	 4.35  
 623 N	 30.98  
 624 S	 26.24  
 625 S	 26.94  
 626 D	 51.92  
 627 A	 17.03  
 628 I	 9.37  
 629 E	 62.78  
 630 E	 69.42  
 631 K	 45.62  
 632 P	 49.84  
 633 K	 69.94  
 634 P	 43.31  
 635 V	 13.33  
 636 S	 28.19  
 637 E	 45.06  
 638 R	 19.84  
 639 M	 2.47  
 640 V	 6.43  
 641 T	 10.20  
 642 I	 3.55  
 643 N	 38.18  
 644 G	 26.42  
 645 D	 49.29  
 646 D	 37.40  
 647 L	 4.62  
 648 Q	 52.31  
 649 L	 7.43  
 650 L	 2.52  
 651 K	 53.63  
 652 A	 11.97  
 653 Q	 33.44  
 654 S	 28.29  
 655 Y	 8.07  
 656 V	 5.45  
 657 F	 4.71  
 658 S	 17.07  
 659 K	 34.18  
 660 I	 3.97  
 661 A	 20.11  
 662 E	 53.33  
 663 T	 25.53  
 664 S	 14.94  
 665 S	 43.23  
 666 S	 44.03  
 667 L	 5.28  
 668 P	 28.53  
 669 S	 44.83  
 670 S	 35.88  
 671 G	 23.65  
 672 M	 5.86  
 673 D	 60.41  
 674 G	 24.28  
 675 D	 44.65  
 676 R	 33.71  
 677 S	 20.28  
 678 H	 21.86  
 679 M	 2.58  
 680 L	 3.26  
 681 R	 14.57  
 682 I	 5.87  
 683 R	 20.57  
 684 T	 38.06  
 685 E	 23.97  
 686 V	 7.46  
 687 S	 19.02  
 688 V	 7.29  
 689 P	 14.41  
 690 T	 32.14  
 691 R	 16.68  
 692 I	 4.27  
 693 I	 2.46  
 694 G	 16.62  
 695 R	 13.62  
 696 I	 4.03  
 697 I	 4.49  
 698 G	 21.86  
 699 K	 49.84  
 700 G	 37.39  
 701 G	 21.26  
 702 Q	 54.64  
 703 N	 37.78  
 704 V	 3.75  
 705 R	 46.59  
 706 E	 45.00  
 707 L	 2.65  
 708 Q	 29.94  
 709 R	 40.85  
 710 I	 2.41  
 711 T	 22.68  
 712 G	 17.63  
 713 A	 8.35  
 714 V	 4.82  
 715 V	 4.63  
 716 K	 46.04  
 717 I	 3.33  
 718 P	 36.91  
 719 E	 75.79  
 720 E	 57.83  
 721 E	 50.19  
 722 R	 50.83  
 723 N	 67.13  
 724 G	 39.60  
 725 G	 25.42  
 726 E	 37.46  
 727 V	 6.02  
 728 Y	 9.64  
 729 R	 31.75  
 730 H	 21.59  
 731 D	 42.55  
 732 D	 58.41  
 733 G	 40.83  
 734 L	 9.30  
 735 E	 58.44  
 736 E	 59.11  
 737 D	 28.60  
 738 M	 2.87  
 739 T	 23.05  
 740 M	 1.24  
 741 I	 2.30  
 742 R	 14.96  
 743 T	 23.47  
 744 I	 2.42  
 745 G	 16.55  
 746 N	 23.51  
 747 M	 2.05  
 748 Y	 17.89  
 749 S	 16.66  
 750 T	 10.44  
 751 H	 26.90  
 752 N	 29.40  
 753 V	 4.40  
 754 Q	 24.06  
 755 F	 6.35  
 756 R	 17.55  
 757 L	 3.58  
 758 A	 6.96  
 759 H	 34.60  
 760 L	 3.53  
 761 V	 3.52  
 762 N	 37.60  
 763 E	 36.14  
 764 Y	 10.04  
 765 Y	 7.66  
 766 R	 33.01  
 767 S	 32.24  
 768 G	 26.24  
 769 D	 38.53  
 770 H	 38.44  
 771 R	 57.94  
 772 N	 45.18  
 773 K	 51.82  
 774 S	 31.80  
 775 S	 46.71  
 776 D	 57.14  
 777 Y	 17.30  
 778 K	 60.94  
 779 G	 30.98  
 780 G	 35.48  
 781 R	 34.13  
 782 P	 29.12  
 783 H	 34.92  
 784 S	 44.55  
 785 A	 12.64  
 786 P	 31.85  
 787 S	 46.98  
 788 S	 43.36  
 789 G	 43.96  
 790 Q	 57.42  
 791 E	 57.55  
 792 K	 60.55  
 793 D	 56.37  
 794 G	 26.36  
 795 S	 39.55  
 796 A	 25.85  
 797 L	 7.52  
 798 E	 46.16  
 799 K	 48.94  
 800 M	 2.64  
 801 D	 52.17  
 802 Q	 37.99  
 803 L	 5.95  
 804 G	 14.94  
 805 T	 23.66  
 806 I	 3.99  
 807 A	 8.66  
 808 P	 27.04  
 809 I	 4.50  
 810 S	 32.90  
 811 N	 43.98  
 812 S	 22.39  
 813 N	 48.03  
 814 R	 35.94  
 815 A	 34.14  
 816 S	 29.62  
 817 P	 31.77  
 818 K	 62.08  
 819 S	 31.07  
 820 V	 14.38  
 821 S	 42.44  
 822 P	 37.88  
 823 P	 46.15  
 824 K	 74.11  
 825 S	 44.11  
 826 K	 73.25  
 827 S	 42.82  
 828 P	 52.55  
