 1 M	 6.49  
 2 E	 52.78  
 3 A	 14.97  
 4 L	 2.64  
 5 I	 3.10  
 6 P	 23.06  
 7 V	 6.29  
 8 I	 2.93  
 9 N	 38.94  
 10 K	 36.08  
 11 L	 4.55  
 12 Q	 46.56  
 13 D	 58.36  
 14 V	 2.28  
 15 F	 9.50  
 16 N	 33.43  
 17 T	 14.62  
 18 V	 6.63  
 19 G	 18.59  
 20 A	 10.65  
 21 D	 32.37  
 22 I	 1.83  
 23 I	 3.37  
 24 Q	 47.64  
 25 L	 2.07  
 26 P	 12.89  
 27 Q	 50.10  
 28 I	 2.10  
 29 V	 2.10  
 30 V	 3.34  
 31 V	 4.81  
 32 G	 13.36  
 33 T	 17.42  
 34 Q	 29.66  
 35 S	 40.68  
 36 S	 40.18  
 37 G	 38.83  
 38 K	 41.32  
 39 S	 29.24  
 40 S	 33.92  
 41 V	 9.92  
 42 L	 3.90  
 43 E	 39.61  
 44 S	 24.97  
 45 L	 3.28  
 46 V	 9.11  
 47 G	 23.76  
 48 R	 24.75  
 49 D	 46.78  
 50 L	 7.36  
 51 L	 2.96  
 52 P	 39.70  
 53 R	 56.10  
 54 G	 26.76  
 55 T	 25.64  
 56 G	 18.39  
 57 I	 2.62  
 58 V	 3.44  
 59 T	 21.02  
 60 R	 27.59  
 61 R	 22.47  
 62 P	 22.06  
 63 L	 6.06  
 64 I	 2.27  
 65 L	 4.19  
 66 Q	 34.15  
 67 L	 2.29  
 68 V	 2.43  
 69 H	 23.31  
 70 V	 5.01  
 71 S	 16.99  
 72 Q	 62.92  
 73 E	 58.98  
 74 D	 48.71  
 75 K	 55.85  
 76 R	 54.60  
 77 K	 57.06  
 78 T	 44.03  
 79 T	 45.70  
 80 G	 45.51  
 81 E	 46.31  
 82 E	 61.71  
 83 N	 56.35  
 84 G	 23.17  
 85 V	 10.71  
 86 E	 52.33  
 87 A	 20.01  
 88 E	 40.55  
 89 E	 69.45  
 90 W	 13.54  
 91 G	 17.70  
 92 K	 45.91  
 93 F	 5.50  
 94 L	 5.97  
 95 H	 37.62  
 96 T	 38.16  
 97 K	 41.14  
 98 N	 40.49  
 99 K	 44.41  
 100 L	 8.55  
 101 Y	 13.08  
 102 T	 40.40  
 103 D	 35.13  
 104 F	 7.57  
 105 D	 53.90  
 106 E	 39.81  
 107 I	 6.24  
 108 R	 26.49  
 109 Q	 62.78  
 110 E	 42.28  
 111 I	 5.36  
 112 E	 48.54  
 113 N	 68.12  
 114 E	 38.98  
 115 T	 41.99  
 116 E	 41.67  
 117 R	 35.47  
 118 I	 5.14  
 119 S	 41.51  
 120 G	 39.08  
 121 N	 40.00  
 122 N	 46.08  
 123 K	 65.77  
 124 G	 27.53  
 125 V	 10.35  
 126 S	 32.01  
 127 P	 49.31  
 128 E	 49.75  
 129 P	 23.76  
 130 I	 5.91  
 131 H	 31.61  
 132 L	 4.75  
 133 K	 27.78  
 134 I	 5.34  
 135 F	 10.71  
 136 S	 21.02  
 137 P	 27.21  
 138 N	 49.52  
 139 V	 3.24  
 140 V	 6.54  
 141 N	 24.03  
 142 L	 2.37  
 143 T	 21.38  
 144 L	 2.96  
 145 V	 6.31  
 146 D	 50.70  
 147 L	 2.85  
 148 P	 26.50  
 149 G	 43.63  
 150 M	 2.86  
 151 T	 34.50  
 152 K	 35.33  
 153 V	 3.23  
 154 P	 26.40  
 155 V	 17.26  
 156 G	 23.05  
 157 D	 62.94  
 158 Q	 40.80  
 159 P	 40.81  
 160 K	 66.75  
 161 D	 46.40  
 162 I	 7.70  
 163 E	 44.76  
 164 L	 5.39  
 165 Q	 21.65  
 166 I	 6.05  
 167 R	 21.51  
 168 E	 41.62  
 169 L	 2.99  
 170 I	 1.91  
 171 L	 5.98  
 172 R	 21.62  
 173 F	 6.87  
 174 I	 2.92  
 175 S	 43.45  
 176 N	 34.65  
 177 P	 29.20  
 178 N	 50.52  
 179 S	 16.56  
 180 I	 3.67  
 181 I	 1.71  
 182 L	 2.75  
 183 A	 6.04  
 184 V	 3.16  
 185 T	 17.91  
 186 A	 7.66  
 187 A	 15.30  
 188 N	 33.86  
 189 T	 23.56  
 190 D	 25.24  
 191 M	 4.05  
 192 A	 15.70  
 193 T	 22.06  
 194 S	 16.01  
 195 E	 54.38  
 196 A	 17.58  
 197 L	 4.43  
 198 K	 45.76  
 199 I	 4.96  
 200 S	 22.32  
 201 R	 51.97  
 202 E	 44.47  
 203 V	 14.56  
 204 D	 30.71  
 205 P	 51.65  
 206 D	 59.78  
 207 G	 26.76  
 208 R	 35.47  
 209 R	 39.35  
 210 T	 20.08  
 211 L	 3.21  
 212 A	 7.05  
 213 V	 6.85  
 214 I	 2.03  
 215 T	 20.96  
 216 K	 28.95  
 217 L	 4.59  
 218 D	 41.31  
 219 L	 4.92  
 220 M	 3.11  
 221 D	 49.49  
 222 A	 14.60  
 223 G	 21.62  
 224 T	 23.47  
 225 D	 38.69  
 226 A	 8.91  
 227 M	 3.99  
 228 D	 31.92  
 229 V	 2.26  
 230 L	 2.34  
 231 M	 3.02  
 232 G	 19.28  
 233 R	 14.82  
 234 V	 4.86  
 235 I	 2.90  
 236 P	 17.84  
 237 V	 5.70  
 238 K	 35.32  
 239 L	 6.40  
 240 G	 12.07  
 241 I	 3.43  
 242 I	 3.04  
 243 G	 18.52  
 244 V	 2.13  
 245 V	 4.09  
 246 N	 35.16  
 247 R	 17.73  
 248 S	 29.86  
 249 Q	 39.66  
 250 L	 8.23  
 251 D	 33.65  
 252 I	 9.23  
 253 N	 54.67  
 254 N	 54.16  
 255 K	 41.77  
 256 K	 52.89  
 257 S	 31.68  
 258 V	 10.67  
 259 T	 30.99  
 260 D	 39.65  
 261 S	 15.34  
 262 I	 7.77  
 263 R	 34.36  
 264 D	 52.14  
 265 E	 28.98  
 266 Y	 13.62  
 267 A	 9.16  
 268 F	 7.90  
 269 L	 5.77  
 270 Q	 33.47  
 271 K	 57.32  
 272 K	 49.81  
 273 Y	 12.70  
 274 P	 31.57  
 275 S	 36.70  
 276 L	 4.18  
 277 A	 19.78  
 278 N	 43.15  
 279 R	 37.03  
 280 N	 63.39  
 281 G	 21.98  
 282 T	 21.77  
 283 K	 39.40  
 284 Y	 12.87  
 285 L	 2.50  
 286 A	 10.18  
 287 R	 36.83  
 288 T	 23.83  
 289 L	 2.68  
 290 N	 31.76  
 291 R	 32.10  
 292 L	 4.91  
 293 L	 2.50  
 294 M	 2.27  
 295 H	 17.12  
 296 H	 11.65  
 297 I	 2.12  
 298 R	 25.00  
 299 D	 37.39  
 300 C	 4.98  
 301 L	 4.29  
 302 P	 51.73  
 303 E	 50.37  
 304 L	 6.92  
 305 K	 33.81  
 306 T	 49.78  
 307 R	 19.52  
 308 I	 5.17  
 309 N	 21.32  
 310 V	 3.42  
 311 L	 2.56  
 312 A	 6.55  
 313 A	 12.40  
 314 Q	 31.06  
 315 Y	 8.71  
 316 Q	 18.60  
 317 S	 29.86  
 318 L	 2.87  
 319 L	 4.91  
 320 N	 38.18  
 321 S	 34.19  
 322 Y	 25.16  
 323 G	 32.33  
 324 E	 33.64  
 325 P	 30.40  
 326 V	 15.00  
 327 D	 69.23  
 328 D	 47.22  
 329 K	 37.21  
 330 S	 33.22  
 331 A	 14.17  
 332 T	 34.78  
 333 L	 2.61  
 334 L	 3.19  
 335 Q	 33.65  
 336 L	 5.61  
 337 I	 2.25  
 338 T	 28.80  
 339 K	 26.47  
 340 F	 8.34  
 341 A	 10.90  
 342 T	 30.53  
 343 E	 44.66  
 344 Y	 6.14  
 345 C	 2.70  
 346 N	 43.09  
 347 T	 19.49  
 348 I	 2.60  
 349 E	 48.75  
 350 G	 27.41  
 351 T	 13.74  
 352 A	 17.32  
 353 K	 46.74  
 354 Y	 11.09  
 355 I	 4.60  
 356 E	 43.10  
 357 T	 20.24  
 358 S	 18.78  
 359 E	 56.34  
 360 L	 3.09  
 361 C	 4.08  
 362 G	 45.48  
 363 G	 15.64  
 364 A	 5.28  
 365 R	 23.84  
 366 I	 1.76  
 367 C	 1.45  
 368 Y	 12.30  
 369 I	 2.17  
 370 F	 1.40  
 371 H	 24.51  
 372 E	 34.77  
 373 T	 23.87  
 374 F	 5.93  
 375 G	 29.14  
 376 R	 31.76  
 377 T	 34.94  
 378 L	 4.44  
 379 E	 48.37  
 380 S	 34.63  
 381 V	 6.84  
 382 D	 41.82  
 383 P	 30.65  
 384 L	 8.01  
 385 G	 43.88  
 386 G	 24.36  
 387 L	 4.92  
 388 N	 37.96  
 389 T	 25.68  
 390 I	 2.78  
 391 D	 28.01  
 392 I	 3.04  
 393 L	 2.04  
 394 T	 22.00  
 395 A	 8.69  
 396 I	 2.69  
 397 R	 25.02  
 398 N	 35.42  
 399 A	 12.23  
 400 T	 51.79  
 401 G	 17.51  
 402 P	 34.43  
 403 R	 30.39  
 404 P	 36.13  
 405 A	 18.21  
 406 L	 5.01  
 407 F	 10.53  
 408 V	 4.03  
 409 P	 29.01  
 410 E	 45.55  
 411 V	 6.95  
 412 S	 16.02  
 413 F	 10.41  
 414 E	 33.42  
 415 L	 6.67  
 416 L	 3.16  
 417 V	 8.20  
 418 K	 38.26  
 419 R	 35.66  
 420 Q	 39.58  
 421 I	 3.05  
 422 K	 42.46  
 423 R	 49.30  
 424 L	 8.10  
 425 E	 72.41  
 426 E	 44.79  
 427 P	 29.32  
 428 S	 31.55  
 429 L	 7.82  
 430 R	 27.11  
 431 C	 3.19  
 432 V	 5.28  
 433 E	 49.02  
 434 L	 2.07  
 435 V	 3.19  
 436 H	 37.61  
 437 E	 47.92  
 438 E	 26.24  
 439 M	 2.71  
 440 Q	 36.38  
 441 R	 27.02  
 442 I	 1.68  
 443 I	 2.20  
 444 Q	 29.21  
 445 H	 13.43  
 446 C	 1.29  
 447 S	 36.36  
 448 N	 39.92  
 449 Y	 9.22  
 450 S	 28.06  
 451 T	 18.72  
 452 Q	 33.14  
 453 E	 50.27  
 454 L	 2.75  
 455 L	 5.37  
 456 R	 59.45  
 457 F	 6.71  
 458 P	 31.68  
 459 K	 56.60  
 460 L	 4.50  
 461 H	 28.69  
 462 D	 48.72  
 463 A	 9.29  
 464 I	 3.19  
 465 V	 4.97  
 466 E	 25.76  
 467 V	 2.75  
 468 V	 1.66  
 469 T	 11.56  
 470 C	 1.97  
 471 L	 3.66  
 472 L	 7.07  
 473 R	 14.75  
 474 K	 59.25  
 475 R	 37.48  
 476 L	 4.48  
 477 P	 34.61  
 478 V	 12.13  
 479 T	 24.42  
 480 N	 35.28  
 481 E	 32.96  
 482 M	 3.94  
 483 V	 1.90  
 484 H	 22.16  
 485 N	 25.46  
 486 L	 1.34  
 487 V	 6.47  
 488 A	 7.84  
 489 I	 3.30  
 490 E	 20.01  
 491 L	 3.42  
 492 A	 7.14  
 493 Y	 13.82  
 494 I	 4.37  
 495 N	 30.33  
 496 T	 22.60  
 497 K	 48.96  
 498 H	 25.73  
 499 P	 39.71  
 500 D	 51.60  
 501 F	 8.58  
 502 A	 15.75  
 503 D	 42.24  
 504 A	 5.95  
 505 C	 4.41  
 506 G	 29.67  
 507 L	 3.14  
 508 M	 2.83  
 509 N	 43.36  
 510 N	 36.57  
 511 N	 37.74  
 512 I	 7.19  
 513 E	 50.64  
 514 E	 45.66  
 515 Q	 36.52  
 516 R	 40.91  
 517 R	 32.11  
 518 N	 45.57  
 519 R	 28.10  
 520 L	 6.34  
 521 A	 10.32  
 522 R	 51.05  
 523 E	 60.47  
 524 L	 3.19  
 525 P	 18.58  
 526 S	 54.66  
 527 A	 11.02  
 528 V	 5.90  
 529 S	 34.18  
 530 R	 49.10  
 531 D	 47.91  
 532 K	 56.36  
 533 S	 39.41  
 534 S	 43.33  
 535 K	 66.32  
 536 V	 4.97  
 537 P	 20.02  
 538 S	 38.61  
 539 A	 11.15  
 540 L	 7.42  
 541 A	 9.42  
 542 P	 33.04  
 543 A	 20.45  
 544 S	 33.73  
 545 Q	 69.59  
 546 E	 45.29  
 547 P	 37.67  
 548 S	 26.81  
 549 P	 42.43  
 550 A	 20.56  
 551 A	 16.80  
 552 S	 28.84  
 553 A	 15.98  
 554 E	 44.81  
 555 A	 30.49  
 556 D	 46.39  
 557 G	 33.45  
 558 K	 42.86  
 559 L	 5.34  
 560 I	 4.95  
 561 Q	 53.73  
 562 D	 36.80  
 563 S	 19.50  
 564 R	 49.06  
 565 R	 60.94  
 566 E	 64.12  
 567 T	 26.55  
 568 K	 44.67  
 569 N	 41.84  
 570 V	 4.83  
 571 A	 16.32  
 572 S	 33.42  
 573 G	 29.09  
 574 G	 27.47  
 575 G	 31.01  
 576 G	 24.41  
 577 V	 7.75  
 578 G	 29.27  
 579 D	 52.24  
 580 G	 19.65  
 581 V	 7.48  
 582 Q	 57.38  
 583 E	 42.06  
 584 P	 20.40  
 585 T	 46.73  
 586 T	 38.95  
 587 G	 33.89  
 588 N	 24.15  
 589 W	 10.27  
 590 R	 25.33  
 591 G	 19.86  
 592 M	 2.32  
 593 L	 6.44  
 594 K	 41.69  
 595 T	 31.34  
 596 S	 28.42  
 597 K	 66.12  
 598 A	 18.44  
 599 E	 53.57  
 600 E	 54.68  
 601 L	 4.06  
 602 L	 6.79  
 603 A	 35.21  
 604 E	 66.96  
 605 E	 57.95  
 606 K	 56.11  
 607 S	 47.12  
 608 K	 59.02  
 609 P	 44.68  
 610 I	 4.08  
 611 P	 25.92  
 612 I	 5.52  
 613 M	 1.58  
 614 P	 30.24  
 615 A	 19.23  
 616 S	 23.22  
 617 P	 41.85  
 618 Q	 62.96  
 619 K	 56.92  
 620 G	 14.56  
 621 H	 33.27  
 622 A	 10.68  
 623 V	 4.26  
 624 N	 35.35  
 625 L	 3.29  
 626 L	 5.42  
 627 D	 45.93  
 628 V	 5.33  
 629 P	 25.10  
 630 V	 6.30  
 631 P	 14.16  
 632 V	 9.06  
 633 A	 9.23  
 634 R	 40.45  
 635 K	 36.74  
 636 L	 3.95  
 637 S	 28.45  
 638 A	 29.48  
 639 R	 36.89  
 640 E	 50.08  
 641 Q	 40.74  
 642 R	 45.88  
 643 D	 32.40  
 644 C	 4.98  
 645 E	 51.31  
 646 V	 7.47  
 647 I	 0.88  
 648 E	 46.76  
 649 R	 30.50  
 650 L	 3.62  
 651 I	 3.31  
 652 K	 43.63  
 653 S	 17.70  
 654 Y	 9.45  
 655 F	 4.91  
 656 L	 2.41  
 657 I	 1.70  
 658 V	 8.51  
 659 R	 21.22  
 660 K	 47.73  
 661 N	 26.96  
 662 I	 5.59  
 663 Q	 46.44  
 664 D	 48.05  
 665 S	 24.76  
 666 V	 8.30  
 667 P	 23.88  
 668 K	 52.00  
 669 A	 9.59  
 670 V	 3.70  
 671 M	 1.90  
 672 H	 13.29  
 673 F	 4.38  
 674 L	 1.98  
 675 V	 4.56  
 676 N	 36.06  
 677 H	 22.11  
 678 V	 5.17  
 679 K	 37.13  
 680 D	 52.11  
 681 T	 22.45  
 682 L	 8.27  
 683 Q	 36.63  
 684 S	 35.69  
 685 E	 34.22  
 686 L	 6.76  
 687 V	 3.94  
 688 G	 25.13  
 689 Q	 33.85  
 690 L	 4.84  
 691 Y	 10.84  
 692 K	 42.01  
 693 S	 16.80  
 694 S	 28.88  
 695 L	 8.63  
 696 L	 5.34  
 697 D	 50.21  
 698 D	 43.47  
 699 L	 6.78  
 700 L	 6.85  
 701 T	 44.77  
 702 E	 52.69  
 703 S	 33.39  
 704 E	 45.64  
 705 D	 47.17  
 706 M	 2.76  
 707 A	 16.43  
 708 Q	 38.79  
 709 R	 41.94  
 710 R	 29.14  
 711 K	 54.62  
 712 E	 47.48  
 713 A	 16.28  
 714 A	 12.11  
 715 D	 50.42  
 716 M	 3.38  
 717 L	 2.78  
 718 K	 40.17  
 719 A	 10.93  
 720 L	 4.63  
 721 Q	 50.71  
 722 G	 28.22  
 723 A	 5.82  
 724 S	 28.83  
 725 Q	 30.49  
 726 I	 2.74  
 727 I	 1.87  
 728 A	 14.06  
 729 E	 31.97  
 730 I	 3.40  
 731 R	 33.98  
 732 E	 46.36  
 733 T	 16.66  
 734 H	 22.40  
 735 L	 8.29  
 736 W	 9.88  
