 1 M	 6.42  
 2 S	 38.94  
 3 S	 23.73  
 4 V	 4.70  
 5 Q	 37.83  
 6 Q	 56.44  
 7 Q	 35.06  
 8 P	 38.74  
 9 P	 47.38  
 10 P	 41.53  
 11 P	 42.35  
 12 R	 52.02  
 13 R	 45.44  
 14 V	 4.88  
 15 T	 23.52  
 16 N	 33.04  
 17 V	 3.93  
 18 G	 18.04  
 19 S	 16.15  
 20 L	 3.60  
 21 L	 5.54  
 22 L	 8.78  
 23 T	 23.93  
 24 P	 39.18  
 25 Q	 61.99  
 26 E	 65.26  
 27 N	 38.62  
 28 E	 48.33  
 29 S	 40.12  
 30 L	 3.70  
 31 F	 6.72  
 32 T	 24.20  
 33 F	 7.11  
 34 L	 9.99  
 35 G	 24.16  
 36 K	 45.18  
 37 K	 31.94  
 38 C	 3.34  
 39 V	 7.46  
 40 T	 22.32  
 41 M	 1.16  
 42 S	 13.04  
 43 S	 17.79  
 44 A	 9.74  
 45 V	 2.81  
 46 V	 3.03  
 47 Q	 23.35  
 48 L	 1.81  
 49 Y	 5.22  
 50 A	 16.10  
 51 A	 11.62  
 52 D	 33.87  
 53 R	 33.26  
 54 N	 22.12  
 55 C	 2.85  
 56 M	 5.31  
 57 W	 14.81  
 58 S	 8.71  
 59 K	 42.14  
 60 K	 28.28  
 61 C	 5.00  
 62 S	 45.22  
 63 G	 22.10  
 64 V	 1.63  
 65 A	 5.62  
 66 C	 4.11  
 67 L	 3.75  
 68 V	 8.02  
 69 K	 38.55  
 70 D	 65.64  
 71 N	 28.96  
 72 P	 40.89  
 73 Q	 53.88  
 74 R	 34.28  
 75 S	 18.26  
 76 Y	 14.60  
 77 F	 3.79  
 78 L	 2.89  
 79 R	 20.03  
 80 I	 3.86  
 81 F	 6.85  
 82 D	 44.66  
 83 I	 2.81  
 84 K	 63.37  
 85 D	 60.85  
 86 G	 19.94  
 87 K	 51.01  
 88 L	 9.10  
 89 L	 5.57  
 90 W	 18.70  
 91 E	 33.86  
 92 Q	 34.12  
 93 E	 41.53  
 94 L	 5.76  
 95 Y	 13.80  
 96 N	 48.35  
 97 N	 17.76  
 98 F	 5.70  
 99 V	 4.87  
 100 Y	 13.04  
 101 N	 39.99  
 102 S	 9.78  
 103 P	 30.03  
 104 R	 52.87  
 105 G	 32.61  
 106 Y	 8.09  
 107 F	 4.95  
 108 H	 16.16  
 109 T	 12.79  
 110 F	 5.55  
 111 A	 18.99  
 112 G	 26.94  
 113 D	 40.66  
 114 T	 12.15  
 115 C	 3.49  
 116 Q	 26.13  
 117 V	 7.71  
 118 A	 3.21  
 119 L	 5.94  
 120 N	 25.01  
 121 F	 8.86  
 122 A	 22.81  
 123 N	 53.74  
 124 E	 54.51  
 125 E	 64.16  
 126 E	 60.66  
 127 A	 24.50  
 128 K	 56.58  
 129 K	 58.40  
 130 F	 10.77  
 131 R	 34.60  
 132 K	 50.79  
 133 A	 12.75  
 134 V	 4.86  
 135 T	 26.28  
 136 D	 33.04  
 137 L	 3.89  
 138 L	 5.81  
 139 G	 29.98  
 140 R	 31.37  
 141 R	 38.57  
 142 Q	 56.65  
 143 R	 42.53  
 144 K	 55.41  
 145 S	 51.01  
 146 E	 54.33  
 147 K	 60.88  
 148 R	 44.15  
 149 R	 72.37  
 150 D	 68.02  
 151 P	 23.57  
 152 P	 63.80  
 153 N	 81.55  
 154 G	 20.46  
 155 P	 45.91  
 156 N	 59.17  
 157 L	 3.27  
 158 P	 19.59  
 159 M	 5.71  
 160 A	 11.52  
 161 T	 16.68  
 162 V	 5.34  
 163 D	 41.61  
 164 I	 3.95  
 165 K	 63.08  
 166 N	 39.51  
 167 P	 29.39  
 168 E	 63.46  
 169 I	 6.41  
 170 T	 19.16  
 171 T	 30.02  
 172 N	 24.34  
 173 R	 24.87  
 174 F	 10.04  
 175 Y	 25.34  
 176 G	 11.94  
 177 P	 24.46  
 178 Q	 46.32  
 179 V	 7.15  
 180 N	 34.57  
 181 N	 37.98  
 182 I	 2.42  
 183 S	 27.51  
 184 H	 36.84  
 185 T	 33.82  
 186 K	 63.21  
 187 E	 71.86  
 188 K	 62.43  
 189 K	 68.78  
 190 K	 76.38  
 191 G	 43.99  
 192 K	 66.95  
 193 A	 37.25  
 194 K	 63.41  
 195 K	 48.24  
 196 K	 52.51  
 197 R	 57.37  
 198 L	 8.71  
 199 T	 28.37  
 200 K	 48.96  
 201 A	 14.39  
 202 D	 41.21  
 203 I	 8.71  
 204 G	 31.92  
 205 T	 24.71  
 206 P	 23.28  
 207 S	 50.55  
 208 N	 41.63  
 209 F	 7.02  
 210 Q	 31.38  
 211 H	 24.70  
 212 I	 2.58  
 213 G	 13.80  
 214 H	 17.83  
 215 V	 7.56  
 216 G	 19.86  
 217 W	 19.46  
 218 D	 22.20  
 219 P	 33.50  
 220 N	 50.81  
 221 T	 44.61  
 222 G	 22.25  
 223 F	 10.19  
 224 D	 50.24  
 225 L	 4.23  
 226 N	 49.19  
 227 N	 53.79  
 228 L	 12.98  
 229 D	 36.43  
 230 P	 52.57  
 231 E	 72.54  
 232 L	 5.62  
 233 K	 50.36  
 234 N	 59.57  
 235 L	 3.53  
 236 F	 8.65  
 237 D	 34.33  
 238 M	 1.44  
 239 C	 4.75  
 240 G	 21.59  
 241 I	 2.61  
 242 S	 16.50  
 243 E	 38.21  
 244 A	 17.14  
 245 Q	 45.02  
 246 L	 8.86  
 247 K	 42.53  
 248 D	 63.34  
 249 R	 47.72  
 250 E	 68.51  
 251 T	 34.44  
 252 S	 21.85  
 253 K	 39.82  
 254 V	 4.99  
 255 I	 2.91  
 256 Y	 14.05  
 257 D	 27.24  
 258 F	 4.33  
 259 I	 4.92  
 260 E	 44.55  
 261 K	 47.88  
 262 T	 26.78  
 263 G	 49.57  
 264 G	 21.23  
 265 V	 4.52  
 266 E	 51.52  
 267 A	 18.38  
 268 V	 4.30  
 269 K	 52.32  
 270 N	 47.11  
 271 E	 37.63  
 272 L	 8.38  
 273 R	 23.61  
 274 R	 50.03  
 275 Q	 52.35  
 276 A	 19.43  
 277 P	 33.32  
 278 P	 57.98  
 279 P	 53.63  
 280 P	 60.24  
 281 P	 45.32  
 282 P	 42.29  
 283 S	 49.70  
 284 R	 60.92  
 285 G	 58.24  
 286 G	 30.36  
 287 P	 40.84  
 288 P	 58.25  
 289 P	 58.10  
 290 P	 60.86  
 291 P	 60.86  
 292 P	 61.91  
 293 P	 48.86  
 294 P	 45.10  
 295 H	 47.03  
 296 N	 55.20  
 297 S	 50.03  
 298 G	 44.01  
 299 P	 37.74  
 300 P	 58.52  
 301 P	 51.11  
 302 P	 40.74  
 303 P	 40.12  
 304 A	 32.12  
 305 R	 40.91  
 306 G	 34.18  
 307 R	 32.33  
 308 G	 45.30  
 309 A	 16.44  
 310 P	 44.76  
 311 P	 54.20  
 312 P	 52.99  
 313 P	 45.32  
 314 P	 42.07  
 315 S	 47.01  
 316 R	 50.81  
 317 A	 15.33  
 318 P	 22.81  
 319 T	 34.17  
 320 A	 19.53  
 321 A	 21.43  
 322 P	 39.19  
 323 P	 49.67  
 324 P	 53.63  
 325 P	 60.24  
 326 P	 45.32  
 327 P	 49.06  
 328 S	 63.70  
 329 R	 33.03  
 330 P	 37.18  
 331 S	 22.92  
 332 V	 7.44  
 333 A	 16.67  
 334 V	 7.39  
 335 P	 26.41  
 336 P	 47.64  
 337 P	 51.41  
 338 P	 44.57  
 339 P	 47.00  
 340 N	 47.31  
 341 R	 31.61  
 342 M	 8.18  
 343 Y	 14.89  
 344 P	 26.11  
 345 P	 36.22  
 346 P	 42.90  
 347 P	 32.35  
 348 P	 52.80  
 349 A	 37.57  
 350 L	 5.36  
 351 P	 28.48  
 352 S	 39.73  
 353 S	 42.11  
 354 A	 13.45  
 355 P	 41.59  
 356 S	 64.74  
 357 G	 37.36  
 358 P	 42.43  
 359 P	 58.52  
 360 P	 58.10  
 361 P	 60.24  
 362 P	 39.30  
 363 P	 42.73  
 364 S	 35.43  
 365 V	 7.13  
 366 L	 5.58  
 367 G	 21.85  
 368 V	 7.38  
 369 G	 14.79  
 370 P	 19.38  
 371 V	 11.68  
 372 A	 17.64  
 373 P	 42.01  
 374 P	 44.27  
 375 P	 53.63  
 376 P	 60.86  
 377 P	 60.86  
 378 P	 60.86  
 379 P	 60.86  
 380 P	 60.86  
 381 P	 54.19  
 382 P	 52.86  
 383 P	 73.94  
 384 G	 53.79  
 385 P	 43.95  
 386 P	 61.00  
 387 P	 51.34  
 388 P	 41.17  
 389 P	 63.83  
 390 G	 56.87  
 391 L	 4.53  
 392 P	 35.97  
 393 S	 60.30  
 394 D	 65.68  
 395 G	 38.34  
 396 D	 33.75  
 397 H	 35.75  
 398 Q	 47.85  
 399 V	 4.00  
 400 P	 19.91  
 401 T	 30.35  
 402 T	 26.88  
 403 A	 23.26  
 404 G	 33.79  
 405 N	 28.47  
 406 K	 33.83  
 407 A	 13.82  
 408 A	 15.40  
 409 L	 6.91  
 410 L	 3.80  
 411 D	 42.59  
 412 Q	 36.29  
 413 I	 4.29  
 414 R	 30.57  
 415 E	 61.58  
 416 G	 14.58  
 417 A	 13.54  
 418 Q	 65.75  
 419 L	 6.01  
 420 K	 42.57  
 421 K	 60.64  
 422 V	 9.76  
 423 E	 53.58  
 424 Q	 57.07  
 425 N	 26.87  
 426 S	 37.34  
 427 R	 43.09  
 428 P	 23.38  
 429 V	 9.78  
 430 S	 12.78  
 431 C	 5.21  
 432 S	 29.38  
 433 G	 35.50  
 434 R	 15.10  
 435 D	 45.13  
 436 A	 14.52  
 437 L	 6.75  
 438 L	 4.96  
 439 D	 42.59  
 440 Q	 32.50  
 441 I	 3.38  
 442 R	 24.04  
 443 Q	 55.78  
 444 G	 10.36  
 445 I	 3.07  
 446 Q	 50.06  
 447 L	 4.16  
 448 K	 26.89  
 449 S	 31.00  
 450 V	 5.56  
 451 A	 23.47  
 452 D	 58.09  
 453 G	 24.34  
 454 Q	 41.85  
 455 E	 63.21  
 456 S	 38.02  
 457 T	 32.32  
 458 P	 39.79  
 459 P	 51.61  
 460 T	 33.03  
 461 P	 41.85  
 462 A	 23.60  
 463 P	 28.44  
 464 T	 41.51  
 465 S	 26.01  
 466 G	 22.53  
 467 I	 2.30  
 468 V	 4.13  
 469 G	 15.86  
 470 A	 7.89  
 471 L	 2.18  
 472 M	 3.46  
 473 E	 35.37  
 474 V	 2.83  
 475 M	 2.18  
 476 Q	 43.09  
 477 K	 40.31  
 478 R	 26.88  
 479 S	 33.21  
 480 K	 56.23  
 481 A	 13.13  
 482 I	 3.58  
 483 H	 26.55  
 484 S	 33.11  
 485 S	 30.75  
 486 D	 71.08  
 487 E	 66.31  
 488 D	 73.89  
 489 E	 62.34  
 490 D	 76.56  
 491 E	 66.37  
 492 D	 79.52  
 493 D	 60.17  
 494 E	 72.32  
 495 E	 75.01  
 496 D	 50.62  
 497 F	 14.52  
 498 E	 73.23  
 499 D	 69.52  
 500 D	 48.83  
 501 D	 75.20  
 502 E	 60.81  
 503 W	 23.27  
 504 E	 52.36  
 505 D	 65.97  
