 1 M	 16.81  
 2 G	 46.43  
 3 G	 22.34  
 4 K	 33.03  
 5 A	 16.88  
 6 Q	 37.47  
 7 F	 6.21  
 8 I	 2.48  
 9 R	 33.79  
 10 D	 30.07  
 11 F	 5.17  
 12 I	 4.56  
 13 L	 5.46  
 14 K	 57.25  
 15 G	 23.61  
 16 P	 18.17  
 17 V	 9.85  
 18 R	 31.52  
 19 R	 40.07  
 20 T	 21.77  
 21 V	 4.22  
 22 P	 25.31  
 23 I	 8.98  
 24 E	 36.90  
 25 P	 36.17  
 26 V	 12.55  
 27 E	 44.22  
 28 P	 43.04  
 29 S	 23.00  
 30 T	 48.07  
 31 S	 34.58  
 32 G	 24.14  
 33 S	 14.65  
 34 I	 4.18  
 35 A	 12.75  
 36 W	 8.64  
 37 T	 17.22  
 38 S	 22.77  
 39 S	 28.54  
 40 E	 59.91  
 41 S	 39.74  
 42 G	 25.46  
 43 S	 31.89  
 44 A	 15.31  
 45 H	 28.18  
 46 S	 21.40  
 47 S	 27.17  
 48 R	 35.04  
 49 V	 7.61  
 50 S	 24.80  
 51 S	 36.96  
 52 S	 16.89  
 53 P	 36.10  
 54 I	 10.02  
 55 T	 22.03  
 56 P	 42.28  
 57 R	 36.59  
 58 K	 56.04  
 59 S	 32.39  
 60 A	 30.66  
 61 E	 64.94  
 62 T	 38.55  
 63 E	 40.25  
 64 E	 64.16  
 65 T	 31.63  
 66 L	 3.60  
 67 P	 28.60  
 68 T	 22.91  
 69 C	 2.90  
 70 L	 3.00  
 71 V	 4.97  
 72 R	 12.96  
 73 A	 16.83  
 74 R	 34.66  
 75 G	 30.78  
 76 S	 18.63  
 77 S	 34.08  
 78 S	 31.53  
 79 A	 10.68  
 80 H	 31.14  
 81 S	 14.96  
 82 C	 2.00  
 83 S	 24.77  
 84 A	 17.10  
 85 A	 8.63  
 86 T	 27.05  
 87 T	 21.58  
 88 S	 23.13  
 89 Q	 48.94  
 90 Q	 42.30  
 91 S	 26.75  
 92 N	 41.49  
 93 R	 47.61  
 94 Q	 64.21  
 95 S	 36.45  
 96 K	 49.56  
 97 E	 43.58  
 98 H	 30.32  
 99 R	 30.27  
 100 I	 6.81  
 101 G	 31.56  
 102 G	 26.60  
 103 I	 4.93  
 104 K	 58.36  
 105 K	 70.00  
 106 E	 67.27  
 107 E	 73.36  
 108 K	 53.00  
 109 P	 30.93  
 110 I	 9.37  
 111 E	 40.06  
 112 M	 6.64  
 113 G	 25.23  
 114 G	 31.34  
 115 G	 23.44  
 116 S	 37.44  
 117 S	 38.05  
 118 E	 62.69  
 119 N	 57.03  
 120 G	 32.32  
 121 G	 27.70  
 122 A	 15.61  
 123 N	 56.10  
 124 G	 18.72  
 125 C	 2.61  
 126 S	 45.29  
 127 N	 66.95  
 128 G	 22.32  
 129 D	 56.38  
 130 N	 28.67  
 131 H	 19.71  
 132 H	 20.41  
 133 V	 3.23  
 134 L	 3.07  
 135 L	 3.97  
 136 M	 5.45  
 137 E	 52.11  
 138 K	 50.20  
 139 Q	 43.86  
 140 E	 68.05  
 141 K	 50.29  
 142 I	 12.32  
 143 E	 50.57  
 144 P	 41.40  
 145 K	 41.01  
 146 V	 9.09  
 147 F	 10.73  
 148 R	 30.53  
 149 K	 38.86  
 150 R	 28.74  
 151 W	 5.64  
 152 V	 2.55  
 153 I	 1.70  
 154 L	 1.42  
 155 V	 1.86  
 156 I	 1.53  
 157 F	 1.90  
 158 M	 1.96  
 159 F	 3.23  
 160 L	 3.68  
 161 S	 28.98  
 162 G	 27.55  
 163 S	 28.81  
 164 N	 54.03  
 165 G	 22.35  
 166 A	 13.04  
 167 Q	 38.92  
 168 W	 4.51  
 169 I	 1.51  
 170 Q	 23.98  
 171 Y	 7.84  
 172 S	 7.37  
 173 I	 2.69  
 174 I	 1.65  
 175 A	 10.25  
 176 N	 23.01  
 177 I	 2.05  
 178 I	 2.29  
 179 S	 18.76  
 180 D	 40.13  
 181 Y	 9.82  
 182 Y	 15.20  
 183 K	 25.77  
 184 V	 3.91  
 185 S	 13.90  
 186 F	 6.39  
 187 Q	 32.73  
 188 A	 10.14  
 189 V	 4.37  
 190 D	 46.05  
 191 W	 5.47  
 192 T	 12.17  
 193 S	 10.03  
 194 M	 1.67  
 195 I	 1.51  
 196 Y	 4.21  
 197 M	 1.24  
 198 L	 1.52  
 199 T	 7.62  
 200 Y	 7.52  
 201 I	 1.97  
 202 L	 1.70  
 203 F	 3.65  
 204 F	 6.15  
 205 I	 1.45  
 206 P	 15.69  
 207 A	 13.37  
 208 A	 7.65  
 209 W	 10.28  
 210 L	 3.67  
 211 L	 4.43  
 212 D	 42.35  
 213 K	 43.03  
 214 W	 15.66  
 215 G	 13.47  
 216 L	 4.90  
 217 R	 22.45  
 218 L	 5.09  
 219 S	 12.32  
 220 V	 6.39  
 221 L	 3.07  
 222 L	 3.37  
 223 G	 18.00  
 224 A	 16.56  
 225 L	 4.87  
 226 G	 25.59  
 227 N	 20.39  
 228 C	 2.57  
 229 V	 7.31  
 230 G	 19.86  
 231 A	 5.61  
 232 W	 5.15  
 233 I	 1.92  
 234 K	 32.45  
 235 L	 3.17  
 236 L	 4.76  
 237 S	 34.80  
 238 T	 37.08  
 239 H	 22.31  
 240 P	 38.74  
 241 D	 49.19  
 242 S	 26.01  
 243 F	 8.73  
 244 W	 7.68  
 245 V	 2.54  
 246 T	 11.82  
 247 F	 4.15  
 248 V	 3.97  
 249 G	 18.09  
 250 Q	 23.81  
 251 T	 16.23  
 252 I	 1.75  
 253 V	 6.26  
 254 G	 18.70  
 255 A	 5.91  
 256 S	 19.09  
 257 Q	 30.40  
 258 M	 2.28  
 259 F	 3.85  
 260 T	 20.80  
 261 L	 3.91  
 262 G	 27.57  
 263 I	 4.83  
 264 P	 13.22  
 265 P	 41.83  
 266 R	 31.44  
 267 L	 4.41  
 268 A	 10.97  
 269 A	 12.03  
 270 V	 3.46  
 271 W	 6.43  
 272 F	 9.05  
 273 G	 17.03  
 274 P	 25.72  
 275 D	 70.12  
 276 E	 45.59  
 277 V	 6.47  
 278 S	 16.47  
 279 R	 38.57  
 280 A	 3.87  
 281 C	 2.89  
 282 A	 13.33  
 283 L	 6.38  
 284 G	 8.32  
 285 V	 6.05  
 286 F	 7.84  
 287 G	 20.68  
 288 N	 23.57  
 289 Q	 41.25  
 290 L	 6.59  
 291 G	 8.95  
 292 I	 3.69  
 293 A	 8.12  
 294 V	 6.05  
 295 G	 9.64  
 296 F	 4.02  
 297 V	 6.88  
 298 L	 3.18  
 299 P	 19.15  
 300 P	 30.47  
 301 L	 5.96  
 302 I	 3.83  
 303 V	 4.85  
 304 S	 28.60  
 305 N	 35.55  
 306 G	 26.09  
 307 S	 28.69  
 308 V	 6.63  
 309 E	 34.05  
 310 H	 18.31  
 311 V	 3.16  
 312 T	 17.15  
 313 Y	 19.83  
 314 D	 24.87  
 315 L	 3.57  
 316 N	 31.66  
 317 T	 26.61  
 318 L	 3.04  
 319 F	 7.36  
 320 L	 6.27  
 321 G	 13.26  
 322 S	 19.83  
 323 A	 14.18  
 324 V	 4.54  
 325 L	 6.06  
 326 N	 25.77  
 327 T	 17.00  
 328 S	 17.96  
 329 I	 2.16  
 330 L	 2.78  
 331 A	 9.71  
 332 L	 2.09  
 333 V	 2.73  
 334 I	 1.44  
 335 C	 1.46  
 336 F	 4.13  
 337 F	 4.53  
 338 T	 11.08  
 339 A	 15.42  
 340 R	 19.36  
 341 P	 34.83  
 342 A	 22.39  
 343 V	 8.74  
 344 P	 18.18  
 345 P	 35.06  
 346 S	 30.21  
 347 L	 4.82  
 348 A	 18.66  
 349 Q	 34.00  
 350 V	 3.63  
 351 N	 27.08  
 352 A	 19.93  
 353 L	 8.03  
 354 E	 55.85  
 355 E	 59.24  
 356 K	 45.15  
 357 T	 39.23  
 358 F	 16.33  
 359 D	 55.16  
 360 N	 41.21  
 361 N	 35.57  
 362 F	 8.80  
 363 W	 10.86  
 364 G	 15.67  
 365 T	 17.62  
 366 L	 3.91  
 367 R	 29.87  
 368 K	 45.80  
 369 L	 3.51  
 370 M	 3.42  
 371 T	 30.92  
 372 S	 18.84  
 373 R	 32.02  
 374 D	 41.76  
 375 F	 3.41  
 376 V	 4.32  
 377 I	 2.34  
 378 L	 1.82  
 379 F	 2.42  
 380 I	 2.32  
 381 T	 14.36  
 382 Y	 15.93  
 383 G	 9.68  
 384 I	 2.69  
 385 N	 26.81  
 386 T	 32.57  
 387 G	 11.75  
 388 V	 2.89  
 389 F	 3.45  
 390 Y	 10.71  
 391 A	 4.27  
 392 I	 1.89  
 393 S	 12.58  
 394 T	 26.13  
 395 L	 3.28  
 396 L	 3.19  
 397 S	 21.24  
 398 Q	 26.44  
 399 M	 2.69  
 400 V	 2.53  
 401 L	 2.11  
 402 S	 14.27  
 403 V	 8.89  
 404 Y	 9.28  
 405 P	 29.99  
 406 N	 51.65  
 407 E	 43.44  
 408 T	 43.53  
 409 E	 35.00  
 410 T	 27.01  
 411 V	 4.19  
 412 G	 20.87  
 413 Y	 6.24  
 414 V	 3.42  
 415 G	 13.29  
 416 L	 1.79  
 417 L	 1.99  
 418 I	 2.55  
 419 V	 2.14  
 420 V	 2.78  
 421 A	 7.37  
 422 G	 8.55  
 423 M	 2.48  
 424 A	 13.24  
 425 G	 16.45  
 426 S	 12.23  
 427 V	 4.54  
 428 V	 7.13  
 429 G	 24.12  
 430 G	 8.53  
 431 F	 4.05  
 432 I	 5.71  
 433 L	 5.67  
 434 D	 49.91  
 435 K	 56.49  
 436 F	 11.83  
 437 K	 64.14  
 438 K	 51.36  
 439 F	 8.92  
 440 K	 54.53  
 441 L	 6.01  
 442 T	 18.18  
 443 T	 20.98  
 444 I	 1.02  
 445 M	 1.22  
 446 I	 2.09  
 447 Y	 5.59  
 448 L	 1.69  
 449 F	 2.75  
 450 S	 19.21  
 451 F	 4.28  
 452 V	 4.22  
 453 G	 14.87  
 454 M	 2.08  
 455 L	 2.91  
 456 S	 13.80  
 457 F	 5.97  
 458 T	 21.44  
 459 L	 3.58  
 460 T	 14.91  
 461 I	 5.79  
 462 D	 38.91  
 463 L	 4.67  
 464 D	 30.82  
 465 S	 20.35  
 466 M	 2.42  
 467 V	 4.83  
 468 L	 1.63  
 469 V	 2.85  
 470 F	 2.89  
 471 I	 2.40  
 472 N	 14.01  
 473 A	 8.48  
 474 A	 9.99  
 475 L	 4.46  
 476 L	 4.88  
 477 G	 18.00  
 478 F	 3.69  
 479 F	 3.98  
 480 M	 2.37  
 481 T	 19.95  
 482 G	 15.36  
 483 Y	 10.51  
 484 L	 2.36  
 485 P	 19.04  
 486 I	 10.22  
 487 G	 17.68  
 488 F	 7.85  
 489 E	 29.21  
 490 F	 7.93  
 491 A	 9.29  
 492 A	 17.66  
 493 E	 32.22  
 494 I	 3.71  
 495 T	 18.24  
 496 Y	 9.13  
 497 P	 19.15  
 498 A	 14.02  
 499 A	 15.96  
 500 E	 60.21  
 501 G	 29.57  
 502 T	 14.86  
 503 T	 31.49  
 504 S	 27.55  
 505 G	 31.90  
 506 L	 3.14  
 507 L	 6.00  
 508 N	 36.57  
 509 A	 13.25  
 510 S	 21.45  
 511 A	 12.22  
 512 Q	 29.11  
 513 I	 3.23  
 514 F	 3.73  
 515 G	 13.09  
 516 I	 1.65  
 517 A	 10.18  
 518 L	 3.14  
 519 T	 13.92  
 520 W	 5.79  
 521 L	 1.57  
 522 M	 2.31  
 523 G	 13.73  
 524 I	 1.22  
 525 V	 1.60  
 526 M	 2.12  
 527 H	 19.96  
 528 G	 12.46  
 529 F	 5.18  
 530 G	 25.22  
 531 T	 22.83  
 532 F	 7.84  
 533 T	 22.24  
 534 S	 23.11  
 535 N	 25.42  
 536 I	 2.54  
 537 I	 2.28  
 538 M	 1.82  
 539 S	 13.90  
 540 S	 8.29  
 541 C	 2.34  
 542 L	 3.65  
 543 V	 4.35  
 544 V	 3.45  
 545 G	 10.27  
 546 T	 10.95  
 547 I	 2.17  
 548 L	 3.24  
 549 T	 11.08  
 550 C	 2.09  
 551 F	 5.06  
 552 I	 5.26  
 553 R	 15.89  
 554 E	 63.98  
 555 D	 47.87  
 556 L	 4.17  
 557 K	 66.17  
 558 R	 50.99  
 559 Q	 45.78  
 560 K	 52.69  
 561 A	 7.58  
 562 H	 35.22  
 563 S	 20.81  
 564 V	 3.78  
 565 Q	 22.96  
 566 C	 3.31  
 567 T	 16.95  
 568 I	 4.63  
 569 P	 16.24  
 570 T	 35.03  
 571 S	 33.04  
 572 E	 42.95  
 573 T	 28.75  
 574 Q	 38.40  
 575 L	 5.06  
 576 T	 16.37  
 577 S	 17.44  
 578 C	 3.57  
 579 T	 27.63  
 580 L	 6.06  
 581 Q	 26.37  
 582 Q	 61.46  
 583 N	 31.58  
 584 E	 42.19  
 585 H	 41.06  
 586 F	 9.75  
