 1 M	 4.95  
 2 P	 31.55  
 3 A	 15.82  
 4 F	 4.60  
 5 L	 9.49  
 6 G	 19.35  
 7 L	 3.73  
 8 K	 26.14  
 9 C	 7.92  
 10 L	 6.92  
 11 G	 30.29  
 12 K	 33.11  
 13 L	 3.04  
 14 C	 4.85  
 15 S	 52.55  
 16 S	 48.31  
 17 E	 45.09  
 18 K	 58.48  
 19 S	 28.45  
 20 K	 61.68  
 21 V	 8.95  
 22 T	 30.21  
 23 S	 32.94  
 24 S	 23.02  
 25 E	 60.80  
 26 R	 35.61  
 27 T	 23.76  
 28 S	 23.38  
 29 A	 21.17  
 30 R	 49.17  
 31 G	 29.05  
 32 S	 28.10  
 33 N	 57.21  
 34 R	 27.45  
 35 K	 56.67  
 36 R	 26.81  
 37 L	 6.04  
 38 I	 3.56  
 39 V	 8.08  
 40 E	 38.51  
 41 D	 32.56  
 42 R	 27.65  
 43 R	 39.00  
 44 V	 6.88  
 45 S	 34.24  
 46 G	 23.63  
 47 T	 17.11  
 48 S	 24.91  
 49 F	 7.60  
 50 T	 22.71  
 51 A	 7.68  
 52 H	 19.39  
 53 R	 27.71  
 54 R	 26.64  
 55 A	 11.87  
 56 T	 25.29  
 57 I	 1.92  
 58 T	 11.34  
 59 H	 15.24  
 60 L	 2.23  
 61 L	 2.08  
 62 Y	 16.78  
 63 L	 3.98  
 64 C	 2.19  
 65 P	 29.92  
 66 K	 61.40  
 67 D	 35.09  
 68 Y	 15.52  
 69 C	 2.38  
 70 P	 35.22  
 71 R	 41.82  
 72 G	 16.12  
 73 R	 30.97  
 74 V	 3.95  
 75 C	 2.79  
 76 N	 42.06  
 77 S	 23.83  
 78 V	 7.25  
 79 D	 30.64  
 80 P	 24.37  
 81 F	 7.02  
 82 V	 6.10  
 83 A	 14.71  
 84 H	 18.43  
 85 P	 30.45  
 86 Q	 67.98  
 87 D	 49.29  
 88 P	 23.57  
 89 H	 54.50  
 90 H	 32.73  
 91 P	 40.94  
 92 S	 54.62  
 93 E	 66.87  
 94 K	 49.26  
 95 P	 26.66  
 96 V	 7.46  
 97 I	 3.78  
 98 H	 14.09  
 99 C	 1.95  
 100 H	 17.80  
 101 K	 49.70  
 102 C	 3.12  
 103 G	 46.84  
 104 E	 57.93  
 105 P	 15.48  
 106 C	 8.44  
 107 K	 69.67  
 108 G	 36.64  
 109 E	 24.71  
 110 V	 5.88  
 111 L	 3.75  
 112 R	 24.55  
 113 V	 8.08  
 114 Q	 38.10  
 115 T	 24.51  
 116 K	 27.47  
 117 H	 23.93  
 118 F	 7.31  
 119 H	 20.51  
 120 I	 3.98  
 121 K	 18.09  
 122 C	 3.18  
 123 F	 8.36  
 124 T	 22.38  
 125 C	 1.23  
 126 K	 37.19  
 127 V	 3.54  
 128 C	 2.47  
 129 G	 15.80  
 130 C	 3.07  
 131 D	 30.26  
 132 L	 4.45  
 133 A	 7.85  
 134 Q	 60.89  
 135 G	 29.30  
 136 G	 11.38  
 137 F	 7.96  
 138 F	 9.82  
 139 I	 2.94  
 140 K	 54.46  
 141 N	 43.65  
 142 G	 21.66  
 143 E	 44.73  
 144 Y	 14.42  
 145 L	 1.24  
 146 C	 3.30  
 147 T	 21.77  
 148 L	 5.87  
 149 D	 21.26  
 150 Y	 10.92  
 151 Q	 24.27  
 152 R	 17.67  
 153 M	 1.82  
 154 Y	 19.96  
 155 G	 9.42  
 156 T	 16.79  
 157 R	 13.18  
 158 C	 3.04  
 159 H	 31.15  
 160 G	 25.42  
 161 C	 1.78  
 162 G	 35.65  
 163 E	 51.07  
 164 F	 3.53  
 165 V	 8.87  
 166 E	 55.76  
 167 G	 27.91  
 168 E	 21.95  
 169 V	 7.34  
 170 V	 1.95  
 171 T	 22.72  
 172 A	 11.60  
 173 L	 5.44  
 174 G	 20.14  
 175 K	 46.92  
 176 T	 25.84  
 177 Y	 20.83  
 178 H	 16.60  
 179 P	 28.95  
 180 N	 21.89  
 181 C	 2.42  
 182 F	 8.76  
 183 A	 7.55  
 184 C	 1.01  
 185 T	 26.44  
 186 I	 2.34  
 187 C	 1.32  
 188 K	 60.29  
 189 R	 33.41  
 190 P	 31.43  
 191 F	 15.38  
 192 P	 34.35  
 193 P	 58.66  
 194 G	 35.28  
 195 D	 47.88  
 196 R	 34.98  
 197 V	 9.48  
 198 T	 16.57  
 199 F	 9.26  
 200 N	 34.91  
 201 G	 23.70  
 202 R	 32.35  
 203 D	 31.01  
 204 C	 3.84  
 205 L	 2.15  
 206 C	 3.50  
 207 Q	 26.99  
 208 L	 2.26  
 209 C	 1.05  
 210 A	 25.71  
 211 Q	 32.98  
 212 P	 13.19  
 213 M	 3.95  
 214 S	 34.05  
 215 S	 44.39  
 216 S	 32.46  
 217 P	 40.21  
 218 K	 70.42  
 219 E	 57.36  
 220 T	 38.99  
 221 T	 23.70  
 222 F	 11.14  
 223 S	 20.67  
 224 S	 31.56  
 225 N	 20.61  
 226 C	 3.58  
 227 A	 22.14  
 228 G	 19.33  
 229 C	 1.83  
 230 G	 29.40  
 231 R	 46.70  
 232 D	 41.31  
 233 I	 3.44  
 234 K	 60.35  
 235 N	 48.41  
 236 G	 14.77  
 237 Q	 37.93  
 238 A	 13.12  
 239 L	 1.90  
 240 L	 5.08  
 241 A	 17.99  
 242 L	 9.49  
 243 D	 35.18  
 244 K	 57.02  
 245 Q	 32.27  
 246 W	 8.39  
 247 H	 15.17  
 248 L	 6.11  
 249 G	 11.26  
 250 C	 3.57  
 251 F	 11.19  
 252 K	 44.84  
 253 C	 1.64  
 254 K	 49.74  
 255 S	 37.26  
 256 C	 3.60  
 257 G	 30.14  
 258 K	 38.10  
 259 V	 3.34  
 260 L	 6.08  
 261 T	 30.84  
 262 G	 22.88  
 263 E	 34.16  
 264 Y	 16.31  
 265 I	 3.43  
 266 S	 24.64  
 267 K	 51.10  
 268 D	 52.26  
 269 G	 31.99  
 270 A	 11.30  
 271 P	 39.58  
 272 Y	 16.83  
 273 C	 5.22  
 274 E	 43.02  
 275 K	 59.17  
 276 D	 20.77  
 277 Y	 18.62  
 278 Q	 52.85  
 279 G	 19.42  
 280 L	 1.67  
 281 F	 15.72  
 282 G	 24.02  
 283 V	 5.13  
 284 K	 27.08  
 285 C	 3.58  
 286 E	 48.92  
 287 A	 12.93  
 288 C	 0.90  
 289 H	 32.41  
 290 Q	 31.18  
 291 F	 2.10  
 292 I	 3.90  
 293 T	 32.04  
 294 G	 17.17  
 295 K	 34.69  
 296 V	 6.55  
 297 L	 4.21  
 298 E	 54.30  
 299 A	 27.59  
 300 G	 34.81  
 301 D	 41.42  
 302 K	 45.18  
 303 H	 30.76  
 304 Y	 22.59  
 305 H	 13.91  
 306 P	 24.76  
 307 S	 13.70  
 308 C	 3.05  
 309 A	 21.61  
 310 R	 24.22  
 311 C	 1.28  
 312 S	 34.02  
 313 R	 27.34  
 314 C	 2.08  
 315 N	 34.93  
 316 Q	 31.80  
 317 M	 2.53  
 318 F	 3.97  
 319 T	 37.42  
 320 E	 54.03  
 321 G	 32.86  
 322 E	 33.10  
 323 E	 43.94  
 324 M	 3.35  
 325 Y	 10.11  
 326 L	 4.48  
 327 Q	 26.71  
 328 G	 23.76  
 329 S	 13.56  
 330 T	 34.14  
 331 V	 4.78  
 332 W	 9.44  
 333 H	 12.18  
 334 P	 32.74  
 335 D	 39.08  
 336 C	 5.21  
 337 K	 55.45  
 338 Q	 63.77  
 339 S	 19.84  
 340 T	 39.22  
 341 K	 60.22  
 342 T	 49.84  
 343 E	 55.48  
 344 E	 63.72  
 345 K	 43.49  
 346 L	 10.04  
 347 R	 41.43  
 348 P	 36.35  
 349 T	 39.90  
 350 R	 34.98  
 351 T	 38.80  
 352 S	 28.90  
 353 S	 34.45  
 354 E	 40.71  
 355 S	 28.86  
 356 I	 2.96  
 357 Y	 14.12  
 358 S	 30.26  
 359 R	 23.72  
 360 P	 40.87  
 361 G	 32.68  
 362 S	 27.98  
 363 S	 38.42  
 364 I	 4.85  
 365 P	 38.87  
 366 G	 44.81  
 367 S	 23.50  
 368 P	 44.49  
 369 G	 32.06  
 370 H	 16.69  
 371 T	 22.92  
 372 I	 2.33  
 373 Y	 11.09  
 374 A	 11.10  
 375 K	 32.90  
 376 V	 7.91  
 377 D	 46.46  
 378 N	 40.99  
 379 E	 40.23  
 380 I	 4.44  
 381 L	 4.86  
 382 D	 54.84  
 383 Y	 11.71  
 384 K	 46.03  
 385 D	 35.00  
 386 L	 2.80  
 387 A	 17.30  
 388 A	 26.39  
 389 I	 2.56  
 390 P	 30.57  
 391 K	 50.70  
 392 V	 4.20  
 393 K	 34.88  
 394 A	 14.46  
 395 I	 2.35  
 396 Y	 18.74  
 397 D	 30.11  
 398 I	 2.44  
 399 E	 56.09  
 400 R	 30.30  
 401 P	 28.15  
 402 D	 57.85  
 403 L	 3.32  
 404 I	 5.13  
 405 T	 29.18  
 406 Y	 18.01  
 407 E	 21.93  
 408 P	 19.68  
 409 F	 7.49  
 410 Y	 15.65  
 411 T	 18.96  
 412 S	 24.79  
 413 G	 23.30  
 414 Y	 22.27  
 415 D	 61.22  
 416 D	 46.16  
 417 K	 51.68  
 418 Q	 59.09  
 419 E	 59.43  
 420 R	 28.97  
 421 Q	 42.11  
 422 S	 44.56  
 423 L	 7.16  
 424 G	 38.29  
 425 E	 63.96  
 426 S	 20.20  
 427 P	 29.04  
 428 R	 58.54  
 429 T	 34.66  
 430 L	 6.44  
 431 S	 26.56  
 432 P	 51.98  
 433 T	 26.88  
 434 P	 34.62  
 435 S	 41.24  
 436 A	 18.55  
 437 E	 63.87  
 438 G	 25.72  
 439 Y	 7.95  
 440 Q	 54.29  
 441 D	 29.00  
 442 V	 3.96  
 443 R	 33.82  
 444 D	 44.33  
 445 R	 18.52  
 446 M	 3.38  
 447 I	 2.25  
 448 H	 14.32  
 449 R	 30.61  
 450 S	 20.46  
 451 T	 25.65  
 452 S	 33.52  
 453 Q	 50.14  
 454 G	 30.20  
 455 S	 15.80  
 456 I	 8.28  
 457 N	 41.79  
 458 S	 17.67  
 459 P	 25.28  
 460 V	 7.32  
 461 Y	 11.90  
 462 S	 24.61  
 463 R	 12.70  
 464 H	 21.15  
 465 S	 29.59  
 466 Y	 15.60  
 467 T	 19.71  
 468 P	 25.99  
 469 T	 29.60  
 470 T	 24.28  
 471 S	 32.99  
 472 R	 50.71  
 473 S	 28.78  
 474 P	 30.47  
 475 Q	 53.80  
 476 H	 24.70  
 477 F	 4.38  
 478 H	 32.66  
 479 R	 39.62  
 480 P	 41.20  
 481 G	 51.60  
 482 N	 61.77  
 483 E	 53.10  
 484 P	 37.48  
 485 S	 38.97  
 486 S	 53.11  
 487 G	 36.81  
 488 R	 42.26  
 489 N	 52.05  
 490 S	 26.84  
 491 P	 40.69  
 492 L	 6.13  
 493 P	 26.86  
 494 Y	 42.32  
 495 R	 26.98  
 496 P	 29.69  
 497 D	 54.53  
 498 S	 34.27  
 499 L	 5.41  
 500 P	 37.83  
 501 L	 12.43  
 502 T	 16.20  
 503 P	 30.97  
 504 T	 26.67  
 505 Y	 9.64  
 506 A	 11.09  
 507 Q	 48.02  
 508 A	 13.62  
 509 P	 20.69  
 510 K	 63.02  
 511 H	 19.58  
 512 F	 8.52  
 513 H	 29.89  
 514 V	 5.66  
 515 P	 21.45  
 516 D	 59.24  
 517 Q	 48.90  
 518 G	 23.45  
 519 I	 2.05  
 520 N	 31.87  
 521 I	 3.13  
 522 Y	 14.22  
 523 R	 41.00  
 524 K	 37.87  
 525 P	 16.12  
 526 P	 45.64  
 527 I	 10.21  
 528 Y	 15.46  
 529 K	 36.01  
 530 Q	 17.93  
 531 H	 14.60  
 532 A	 11.15  
 533 A	 8.80  
 534 L	 4.15  
 535 A	 9.95  
 536 A	 18.28  
 537 Q	 45.87  
 538 S	 29.76  
 539 K	 46.01  
 540 S	 44.18  
 541 S	 42.92  
 542 E	 61.39  
 543 D	 50.27  
 544 I	 3.03  
 545 I	 5.96  
 546 K	 43.87  
 547 F	 7.27  
 548 S	 28.52  
 549 K	 59.50  
 550 F	 4.88  
 551 P	 30.35  
 552 A	 18.48  
 553 A	 13.30  
 554 Q	 56.38  
 555 A	 13.02  
 556 P	 41.80  
 557 D	 63.47  
 558 P	 32.76  
 559 S	 62.57  
 560 E	 74.62  
 561 T	 33.93  
 562 P	 31.41  
 563 K	 61.67  
 564 I	 7.89  
 565 E	 55.07  
 566 T	 36.32  
 567 D	 29.12  
 568 H	 39.80  
 569 W	 11.45  
 570 P	 41.83  
 571 G	 41.37  
 572 P	 19.79  
 573 P	 48.25  
 574 S	 29.04  
 575 F	 8.04  
 576 A	 10.22  
 577 V	 4.88  
 578 V	 9.15  
 579 G	 13.09  
 580 P	 27.24  
 581 D	 49.67  
 582 M	 4.02  
 583 K	 52.63  
 584 R	 36.76  
 585 R	 29.65  
 586 S	 40.97  
 587 S	 39.81  
 588 G	 42.12  
 589 R	 46.19  
 590 E	 70.11  
 591 E	 70.20  
 592 D	 64.96  
 593 D	 55.33  
 594 E	 63.97  
 595 E	 61.16  
 596 L	 4.19  
 597 L	 4.53  
 598 R	 44.34  
 599 R	 30.57  
 600 R	 34.82  
 601 Q	 45.76  
 602 L	 7.02  
 603 Q	 43.79  
 604 E	 57.19  
 605 E	 35.73  
 606 Q	 46.21  
 607 L	 3.55  
 608 M	 4.66  
 609 K	 53.78  
 610 L	 3.72  
 611 N	 28.63  
 612 S	 45.92  
 613 G	 32.52  
 614 L	 3.87  
 615 G	 24.63  
 616 Q	 30.30  
 617 L	 4.74  
 618 I	 3.87  
 619 L	 8.53  
 620 K	 44.63  
 621 E	 60.16  
 622 E	 51.56  
 623 M	 10.52  
 624 E	 57.88  
 625 K	 60.73  
 626 E	 41.54  
 627 S	 50.97  
 628 R	 44.43  
 629 E	 67.22  
 630 R	 30.36  
 631 S	 22.15  
 632 S	 33.35  
 633 L	 4.96  
 634 L	 4.37  
 635 A	 9.39  
 636 S	 31.20  
 637 R	 33.40  
 638 Y	 20.48  
 639 D	 46.99  
 640 S	 20.81  
 641 P	 27.21  
 642 I	 8.02  
 643 N	 34.60  
 644 S	 31.69  
 645 A	 10.71  
 646 S	 23.05  
 647 H	 35.38  
 648 I	 3.07  
 649 P	 27.42  
 650 S	 43.81  
 651 S	 28.77  
 652 K	 53.07  
 653 T	 24.35  
 654 A	 16.89  
 655 S	 40.09  
 656 L	 3.37  
 657 P	 31.31  
 658 G	 42.70  
 659 Y	 15.80  
 660 G	 23.61  
 661 R	 26.09  
 662 N	 53.68  
 663 G	 22.84  
 664 L	 3.37  
 665 H	 33.14  
 666 R	 38.06  
 667 P	 17.42  
 668 V	 10.97  
 669 S	 25.58  
 670 T	 35.06  
 671 D	 29.40  
 672 F	 4.65  
 673 A	 17.48  
 674 Q	 37.62  
 675 Y	 11.57  
 676 N	 19.37  
 677 S	 26.09  
 678 Y	 17.44  
 679 G	 28.76  
 680 D	 24.15  
 681 V	 5.07  
 682 S	 34.27  
 683 G	 38.16  
 684 G	 12.09  
 685 V	 4.86  
 686 R	 39.95  
 687 D	 37.17  
 688 Y	 7.88  
 689 Q	 40.63  
 690 T	 33.75  
 691 L	 1.83  
 692 P	 49.26  
 693 D	 63.84  
 694 G	 19.63  
 695 H	 26.83  
 696 M	 2.50  
 697 P	 19.75  
 698 A	 7.22  
 699 M	 2.76  
 700 R	 26.42  
 701 M	 2.37  
 702 D	 33.54  
 703 R	 37.76  
 704 G	 16.16  
 705 V	 4.64  
 706 S	 31.20  
 707 M	 2.30  
 708 P	 18.64  
 709 N	 38.74  
 710 M	 3.55  
 711 L	 15.02  
 712 E	 33.50  
 713 P	 30.95  
 714 K	 47.83  
 715 I	 6.51  
 716 F	 7.04  
 717 P	 27.87  
 718 Y	 11.83  
 719 E	 26.52  
 720 M	 2.11  
 721 L	 1.34  
 722 M	 3.18  
 723 V	 3.65  
 724 T	 12.77  
 725 N	 32.76  
 726 R	 35.76  
 727 G	 39.31  
 728 R	 37.72  
 729 N	 38.25  
 730 K	 41.58  
 731 I	 5.11  
 732 L	 4.00  
 733 R	 45.42  
 734 E	 45.37  
 735 V	 4.95  
 736 D	 41.29  
 737 R	 27.24  
 738 T	 34.83  
 739 R	 35.13  
 740 L	 7.20  
 741 E	 34.46  
 742 R	 34.41  
 743 H	 19.57  
 744 L	 12.16  
 745 A	 7.65  
 746 P	 44.65  
 747 E	 48.99  
 748 V	 5.51  
 749 F	 5.75  
 750 R	 41.08  
 751 E	 31.07  
 752 I	 2.93  
 753 F	 6.02  
 754 G	 18.00  
 755 M	 1.91  
 756 S	 22.84  
 757 I	 3.18  
 758 Q	 37.69  
 759 E	 48.09  
 760 F	 3.67  
 761 D	 50.91  
 762 R	 43.45  
 763 L	 4.38  
 764 P	 30.67  
 765 L	 7.04  
 766 W	 8.68  
 767 R	 34.90  
 768 R	 31.73  
 769 N	 45.19  
 770 D	 48.76  
 771 M	 8.61  
 772 K	 54.72  
 773 K	 51.86  
 774 K	 45.28  
 775 A	 23.74  
 776 K	 60.34  
 777 L	 8.02  
 778 F	 10.43  
