 1 M	 8.00  
 2 K	 62.07  
 3 R	 32.63  
 4 S	 29.58  
 5 S	 30.01  
 6 V	 5.79  
 7 S	 25.80  
 8 S	 38.81  
 9 G	 23.59  
 10 G	 27.14  
 11 A	 11.94  
 12 G	 34.04  
 13 R	 24.05  
 14 L	 4.97  
 15 S	 19.63  
 16 M	 4.20  
 17 Q	 43.10  
 18 E	 37.19  
 19 L	 3.43  
 20 R	 31.36  
 21 S	 43.27  
 22 Q	 52.84  
 23 D	 47.40  
 24 V	 8.16  
 25 N	 38.94  
 26 K	 45.66  
 27 Q	 41.75  
 28 G	 23.43  
 29 L	 3.89  
 30 Y	 24.17  
 31 T	 17.60  
 32 P	 26.70  
 33 Q	 58.36  
 34 T	 42.23  
 35 K	 59.50  
 36 E	 68.60  
 37 K	 51.41  
 38 P	 33.77  
 39 T	 56.97  
 40 F	 12.62  
 41 G	 32.26  
 42 K	 34.57  
 43 L	 6.77  
 44 S	 27.83  
 45 I	 12.76  
 46 N	 40.66  
 47 K	 48.26  
 48 P	 36.35  
 49 T	 44.84  
 50 S	 43.88  
 51 E	 60.02  
 52 R	 44.43  
 53 K	 31.93  
 54 V	 8.23  
 55 S	 22.48  
 56 L	 8.00  
 57 F	 9.38  
 58 G	 24.67  
 59 K	 45.21  
 60 R	 34.21  
 61 T	 42.41  
 62 S	 32.59  
 63 G	 28.67  
 64 H	 30.72  
 65 G	 31.65  
 66 S	 23.71  
 67 R	 51.95  
 68 N	 35.49  
 69 S	 26.18  
 70 Q	 47.46  
 71 L	 5.96  
 72 G	 15.97  
 73 I	 4.04  
 74 F	 5.71  
 75 S	 30.91  
 76 S	 31.59  
 77 S	 41.53  
 78 E	 61.83  
 79 K	 57.94  
 80 I	 5.55  
 81 K	 73.14  
 82 D	 48.16  
 83 P	 34.48  
 84 R	 59.48  
 85 P	 40.69  
 86 L	 15.90  
 87 N	 51.96  
 88 D	 51.87  
 89 K	 44.09  
 90 A	 15.05  
 91 F	 6.80  
 92 I	 3.10  
 93 Q	 26.16  
 94 Q	 21.57  
 95 C	 1.26  
 96 I	 2.46  
 97 R	 30.92  
 98 Q	 30.47  
 99 L	 1.86  
 100 C	 2.35  
 101 E	 52.89  
 102 F	 11.32  
 103 L	 2.47  
 104 T	 32.50  
 105 E	 51.29  
 106 N	 43.47  
 107 G	 18.12  
 108 Y	 19.10  
 109 A	 6.81  
 110 H	 27.09  
 111 N	 21.27  
 112 V	 4.20  
 113 S	 26.30  
 114 M	 2.73  
 115 K	 40.27  
 116 S	 19.64  
 117 L	 4.14  
 118 Q	 59.32  
 119 A	 12.02  
 120 P	 27.05  
 121 S	 44.83  
 122 V	 7.21  
 123 K	 47.29  
 124 D	 52.54  
 125 F	 6.57  
 126 L	 6.28  
 127 K	 35.45  
 128 I	 4.23  
 129 F	 3.65  
 130 T	 19.06  
 131 F	 3.26  
 132 L	 3.57  
 133 Y	 11.14  
 134 G	 15.93  
 135 F	 3.92  
 136 L	 3.49  
 137 C	 1.64  
 138 P	 41.93  
 139 S	 30.18  
 140 Y	 13.46  
 141 E	 59.15  
 142 L	 3.36  
 143 P	 34.97  
 144 D	 75.14  
 145 T	 35.38  
 146 K	 59.15  
 147 F	 18.13  
 148 E	 55.60  
 149 E	 68.38  
 150 E	 51.10  
 151 V	 4.34  
 152 P	 27.25  
 153 R	 52.75  
 154 I	 4.05  
 155 F	 5.49  
 156 K	 50.07  
 157 D	 34.28  
 158 L	 7.94  
 159 G	 37.90  
 160 Y	 11.50  
 161 P	 13.26  
 162 F	 8.88  
 163 A	 13.35  
 164 L	 7.29  
 165 S	 27.36  
 166 K	 47.61  
 167 S	 19.57  
 168 S	 21.39  
 169 M	 4.14  
 170 Y	 10.54  
 171 T	 12.11  
 172 V	 3.20  
 173 G	 26.12  
 174 A	 6.59  
 175 P	 21.36  
 176 H	 39.78  
 177 T	 39.36  
 178 W	 4.57  
 179 P	 14.42  
 180 H	 20.79  
 181 I	 1.66  
 182 V	 2.01  
 183 A	 8.42  
 184 A	 7.55  
 185 L	 1.73  
 186 V	 3.16  
 187 W	 6.61  
 188 L	 1.52  
 189 I	 2.08  
 190 D	 26.39  
 191 C	 2.43  
 192 I	 4.10  
 193 K	 34.46  
 194 I	 1.44  
 195 H	 11.54  
 196 T	 31.74  
 197 A	 7.90  
 198 M	 5.34  
 199 K	 52.56  
 200 E	 43.28  
 201 S	 31.56  
 202 S	 27.06  
 203 P	 46.45  
 204 L	 8.75  
 205 F	 10.25  
 206 D	 67.81  
 207 D	 50.74  
 208 G	 36.98  
 209 Q	 37.25  
 210 P	 46.71  
 211 W	 20.95  
 212 G	 29.55  
 213 E	 58.85  
 214 E	 54.26  
 215 T	 34.77  
 216 E	 58.48  
 217 D	 60.38  
 218 G	 16.94  
 219 I	 3.82  
 220 M	 3.31  
 221 H	 26.76  
 222 N	 25.91  
 223 K	 26.41  
 224 L	 6.64  
 225 F	 5.35  
 226 L	 7.73  
 227 D	 31.06  
 228 Y	 16.71  
 229 T	 17.39  
 230 I	 2.06  
 231 K	 23.98  
 232 C	 3.94  
 233 Y	 15.03  
 234 E	 47.15  
 235 S	 10.36  
 236 F	 2.78  
 237 M	 5.14  
 238 S	 28.90  
 239 G	 22.93  
 240 A	 11.28  
 241 D	 54.05  
 242 S	 33.78  
 243 F	 10.70  
 244 D	 59.18  
 245 E	 32.12  
 246 M	 6.57  
 247 N	 28.37  
 248 A	 19.98  
 249 E	 42.19  
 250 L	 6.91  
 251 Q	 29.99  
 252 S	 53.21  
 253 K	 46.74  
 254 L	 6.72  
 255 K	 57.00  
 256 D	 67.91  
 257 L	 3.00  
 258 F	 13.86  
 259 N	 37.75  
 260 V	 4.38  
 261 D	 47.60  
 262 A	 10.13  
 263 F	 8.86  
 264 K	 53.73  
 265 L	 4.34  
 266 E	 54.60  
 267 S	 41.78  
 268 L	 5.61  
 269 E	 67.86  
 270 A	 21.51  
 271 K	 37.28  
 272 N	 41.32  
 273 R	 39.48  
 274 A	 24.92  
 275 L	 7.00  
 276 N	 37.84  
 277 E	 44.19  
 278 Q	 33.30  
 279 I	 1.64  
 280 A	 15.08  
 281 R	 40.15  
 282 L	 6.19  
 283 E	 44.86  
 284 Q	 60.69  
 285 E	 54.13  
 286 R	 61.04  
 287 E	 62.10  
 288 K	 82.04  
 289 E	 42.95  
 290 P	 42.16  
 291 N	 63.36  
 292 R	 51.01  
 293 L	 7.15  
 294 E	 44.48  
 295 S	 37.76  
 296 L	 4.01  
 297 R	 52.09  
 298 K	 60.68  
 299 L	 4.53  
 300 K	 38.68  
 301 A	 26.38  
 302 S	 21.46  
 303 L	 8.68  
 304 Q	 43.47  
 305 G	 42.21  
 306 D	 27.06  
 307 V	 7.27  
 308 Q	 43.40  
 309 K	 38.90  
 310 Y	 4.93  
 311 Q	 32.81  
 312 A	 10.02  
 313 Y	 5.88  
 314 M	 2.10  
 315 S	 26.11  
 316 N	 31.15  
 317 L	 5.83  
 318 E	 51.13  
 319 S	 26.38  
 320 H	 16.33  
 321 S	 26.70  
 322 A	 10.84  
 323 I	 4.96  
 324 L	 5.96  
 325 D	 37.14  
 326 Q	 49.00  
 327 K	 43.52  
 328 L	 5.23  
 329 N	 61.00  
 330 G	 40.07  
 331 L	 7.69  
 332 N	 46.37  
 333 E	 56.68  
 334 E	 40.66  
 335 I	 2.12  
 336 A	 16.85  
 337 R	 28.27  
 338 V	 7.91  
 339 E	 33.04  
 340 L	 9.26  
 341 E	 19.46  
 342 C	 9.75  
 343 E	 44.16  
 344 T	 45.17  
 345 I	 1.70  
 346 K	 60.00  
 347 Q	 45.37  
 348 E	 56.41  
 349 N	 28.18  
 350 T	 31.81  
 351 R	 45.95  
 352 L	 4.26  
 353 Q	 35.47  
 354 N	 37.46  
 355 I	 2.42  
 356 I	 5.51  
 357 D	 47.94  
 358 N	 29.81  
 359 Q	 42.17  
 360 K	 45.83  
 361 Y	 9.90  
 362 S	 20.19  
 363 V	 5.14  
 364 A	 13.21  
 365 D	 40.92  
 366 I	 2.49  
 367 E	 48.32  
 368 R	 35.03  
 369 I	 3.91  
 370 N	 36.87  
 371 H	 32.78  
 372 E	 53.35  
 373 R	 34.08  
 374 N	 51.88  
 375 E	 54.93  
 376 L	 5.37  
 377 Q	 31.99  
 378 Q	 57.90  
 379 T	 17.35  
 380 I	 3.58  
 381 N	 36.35  
 382 K	 54.40  
 383 L	 6.60  
 384 T	 24.91  
 385 K	 71.41  
 386 D	 44.50  
 387 L	 7.77  
 388 E	 61.36  
 389 A	 27.48  
 390 E	 44.14  
 391 Q	 53.40  
 392 Q	 34.02  
 393 K	 55.98  
 394 L	 5.29  
 395 W	 19.75  
 396 N	 43.21  
 397 E	 53.80  
 398 E	 47.55  
 399 L	 4.13  
 400 K	 39.89  
 401 Y	 17.73  
 402 A	 16.50  
 403 R	 54.34  
 404 G	 24.80  
 405 K	 38.12  
 406 E	 58.67  
 407 A	 14.38  
 408 I	 6.54  
 409 E	 37.23  
 410 T	 23.83  
 411 Q	 26.36  
 412 L	 5.23  
 413 A	 12.89  
 414 E	 57.68  
 415 Y	 9.92  
 416 H	 15.34  
 417 K	 42.83  
 418 L	 3.38  
 419 A	 16.03  
 420 R	 56.10  
 421 K	 44.35  
 422 L	 4.55  
 423 K	 47.62  
 424 L	 13.53  
 425 I	 2.95  
 426 P	 39.19  
 427 K	 64.85  
 428 G	 32.54  
 429 A	 20.94  
 430 E	 71.37  
 431 N	 48.78  
 432 S	 20.97  
 433 K	 73.42  
 434 G	 27.36  
 435 Y	 22.61  
 436 D	 43.29  
 437 F	 8.66  
 438 E	 42.23  
 439 I	 6.61  
 440 K	 31.71  
 441 F	 26.24  
 442 N	 28.62  
 443 P	 35.63  
 444 E	 61.92  
 445 A	 24.53  
 446 G	 18.70  
 447 A	 15.60  
 448 N	 20.81  
 449 C	 4.60  
 450 L	 3.60  
 451 V	 5.81  
 452 K	 18.97  
 453 Y	 12.05  
 454 R	 16.90  
 455 A	 10.49  
 456 Q	 20.34  
 457 V	 5.19  
 458 Y	 5.58  
 459 V	 4.74  
 460 P	 21.74  
 461 L	 4.86  
 462 K	 40.00  
 463 E	 67.20  
 464 L	 6.26  
 465 L	 5.96  
 466 N	 67.76  
 467 E	 58.53  
 468 T	 47.85  
 469 E	 47.67  
 470 E	 72.15  
 471 E	 45.70  
 472 I	 7.88  
 473 N	 27.16  
 474 K	 60.97  
 475 A	 16.33  
 476 L	 11.73  
 477 N	 46.92  
 478 K	 45.01  
 479 K	 36.81  
 480 M	 8.71  
 481 G	 34.49  
 482 L	 4.88  
 483 E	 43.13  
 484 D	 62.73  
 485 T	 23.87  
 486 L	 6.46  
 487 E	 55.93  
 488 Q	 43.03  
 489 L	 3.01  
 490 N	 27.44  
 491 A	 10.19  
 492 M	 3.66  
 493 I	 3.43  
 494 T	 22.56  
 495 E	 43.25  
 496 S	 25.39  
 497 K	 42.32  
 498 R	 50.06  
 499 S	 21.49  
 500 V	 6.69  
 501 R	 35.27  
 502 T	 39.77  
 503 L	 4.62  
 504 K	 51.74  
 505 E	 67.52  
 506 E	 48.97  
 507 V	 6.79  
 508 Q	 43.82  
 509 K	 60.09  
 510 L	 3.28  
 511 D	 51.40  
 512 D	 58.68  
 513 L	 4.08  
 514 Y	 18.85  
 515 Q	 45.44  
 516 Q	 35.57  
 517 K	 39.97  
 518 I	 4.19  
 519 K	 58.89  
 520 E	 65.86  
 521 A	 25.21  
 522 E	 64.11  
 523 E	 77.21  
 524 E	 64.08  
 525 D	 65.03  
 526 E	 54.00  
 527 K	 47.63  
 528 C	 4.78  
 529 A	 19.67  
 530 S	 52.78  
 531 E	 37.72  
 532 L	 5.12  
 533 E	 49.58  
 534 S	 55.22  
 535 L	 8.09  
 536 E	 63.49  
 537 K	 64.35  
 538 H	 17.25  
 539 K	 47.19  
 540 H	 35.05  
 541 L	 7.28  
 542 L	 4.96  
 543 E	 51.20  
 544 S	 37.31  
 545 T	 17.69  
 546 V	 7.58  
 547 N	 30.23  
 548 Q	 50.28  
 549 G	 26.43  
 550 L	 2.77  
 551 S	 30.08  
 552 E	 57.91  
 553 A	 11.61  
 554 M	 3.34  
 555 N	 54.44  
 556 E	 34.64  
 557 L	 4.32  
 558 D	 38.22  
 559 A	 16.39  
 560 V	 5.71  
 561 Q	 33.92  
 562 R	 37.68  
 563 E	 22.12  
 564 Y	 14.88  
 565 Q	 24.03  
 566 L	 3.89  
 567 V	 1.44  
 568 V	 5.94  
 569 Q	 26.17  
 570 T	 24.87  
 571 T	 18.34  
 572 T	 38.96  
 573 E	 47.62  
 574 E	 56.55  
 575 R	 37.17  
 576 R	 41.09  
 577 K	 61.79  
 578 V	 10.60  
 579 G	 21.97  
 580 N	 49.37  
 581 N	 31.46  
 582 L	 3.48  
 583 Q	 35.78  
 584 R	 44.39  
 585 L	 2.83  
 586 L	 4.32  
 587 E	 35.88  
 588 M	 2.22  
 589 V	 3.97  
 590 A	 7.23  
 591 T	 12.99  
 592 H	 16.53  
 593 V	 5.48  
 594 G	 20.54  
 595 S	 26.47  
 596 V	 10.51  
 597 E	 36.13  
 598 K	 51.86  
 599 H	 25.60  
 600 L	 13.19  
 601 E	 47.80  
 602 E	 54.36  
 603 Q	 31.40  
 604 I	 4.54  
 605 A	 12.91  
 606 K	 46.42  
 607 V	 6.57  
 608 D	 36.67  
 609 R	 51.92  
 610 E	 53.48  
 611 Y	 20.23  
 612 E	 39.71  
 613 E	 34.32  
 614 C	 2.13  
 615 M	 5.78  
 616 S	 39.35  
 617 E	 35.77  
 618 D	 48.46  
 619 L	 6.41  
 620 S	 40.70  
 621 E	 70.98  
 622 N	 47.45  
 623 I	 3.58  
 624 K	 59.68  
 625 E	 39.19  
 626 I	 6.16  
 627 R	 35.15  
 628 D	 64.65  
 629 K	 45.52  
 630 Y	 36.95  
 631 E	 54.55  
 632 K	 44.62  
 633 K	 34.36  
 634 A	 20.78  
 635 T	 37.58  
 636 L	 5.77  
 637 I	 3.36  
 638 K	 51.55  
 639 S	 35.67  
 640 S	 40.52  
 641 E	 74.86  
 642 E	 68.80  
