 1 M	 8.02  
 2 A	 15.54  
 3 S	 25.02  
 4 S	 25.22  
 5 V	 6.31  
 6 G	 25.50  
 7 N	 24.53  
 8 V	 5.28  
 9 A	 14.72  
 10 D	 52.38  
 11 S	 25.57  
 12 T	 46.67  
 13 E	 55.73  
 14 P	 43.22  
 15 T	 25.67  
 16 K	 46.67  
 17 R	 33.48  
 18 M	 3.81  
 19 L	 5.57  
 20 S	 13.23  
 21 F	 6.18  
 22 Q	 42.48  
 23 G	 25.50  
 24 L	 2.02  
 25 A	 19.31  
 26 E	 52.08  
 27 L	 3.96  
 28 A	 7.38  
 29 H	 35.41  
 30 R	 38.42  
 31 E	 31.93  
 32 Y	 12.01  
 33 Q	 33.83  
 34 A	 20.72  
 35 G	 25.31  
 36 D	 41.03  
 37 F	 7.23  
 38 E	 52.27  
 39 A	 18.02  
 40 A	 13.73  
 41 E	 50.43  
 42 R	 24.47  
 43 H	 11.69  
 44 C	 2.02  
 45 M	 2.75  
 46 Q	 43.18  
 47 L	 1.30  
 48 W	 5.30  
 49 R	 39.31  
 50 Q	 55.80  
 51 E	 46.15  
 52 P	 31.64  
 53 D	 65.65  
 54 N	 49.82  
 55 T	 35.73  
 56 G	 17.84  
 57 V	 2.99  
 58 L	 2.70  
 59 L	 4.14  
 60 L	 3.69  
 61 L	 3.68  
 62 S	 27.50  
 63 S	 21.76  
 64 I	 3.20  
 65 H	 14.52  
 66 F	 7.56  
 67 Q	 12.97  
 68 C	 2.39  
 69 R	 31.26  
 70 R	 48.87  
 71 L	 3.12  
 72 D	 40.45  
 73 R	 40.09  
 74 S	 26.26  
 75 A	 14.50  
 76 H	 20.59  
 77 F	 6.28  
 78 S	 16.79  
 79 T	 21.18  
 80 L	 4.49  
 81 A	 13.66  
 82 I	 5.47  
 83 K	 38.11  
 84 Q	 51.14  
 85 N	 24.96  
 86 P	 26.68  
 87 L	 10.44  
 88 L	 4.22  
 89 A	 13.68  
 90 E	 48.38  
 91 A	 13.88  
 92 Y	 6.92  
 93 S	 32.40  
 94 N	 39.01  
 95 L	 4.31  
 96 G	 26.30  
 97 N	 36.79  
 98 V	 7.38  
 99 Y	 15.90  
 100 K	 36.33  
 101 E	 44.34  
 102 R	 33.72  
 103 G	 33.37  
 104 Q	 46.31  
 105 L	 5.75  
 106 Q	 30.13  
 107 E	 61.27  
 108 A	 10.25  
 109 I	 3.09  
 110 E	 41.75  
 111 H	 20.86  
 112 Y	 7.42  
 113 R	 15.54  
 114 H	 23.19  
 115 A	 5.84  
 116 L	 5.57  
 117 R	 41.26  
 118 L	 11.12  
 119 K	 35.79  
 120 P	 46.46  
 121 D	 52.09  
 122 F	 8.12  
 123 I	 5.39  
 124 D	 43.78  
 125 G	 22.02  
 126 Y	 5.27  
 127 I	 4.10  
 128 N	 18.36  
 129 L	 2.20  
 130 A	 6.03  
 131 A	 12.42  
 132 A	 9.28  
 133 L	 2.00  
 134 V	 2.69  
 135 A	 13.43  
 136 A	 13.67  
 137 G	 25.67  
 138 D	 27.51  
 139 M	 5.11  
 140 E	 49.06  
 141 G	 25.14  
 142 A	 4.12  
 143 V	 5.00  
 144 Q	 26.83  
 145 A	 10.49  
 146 Y	 4.28  
 147 V	 2.79  
 148 S	 15.58  
 149 A	 6.66  
 150 L	 4.29  
 151 Q	 35.36  
 152 Y	 29.52  
 153 N	 15.62  
 154 P	 28.22  
 155 D	 46.78  
 156 L	 3.63  
 157 Y	 9.04  
 158 C	 2.39  
 159 V	 4.08  
 160 R	 22.38  
 161 S	 19.45  
 162 D	 48.29  
 163 L	 5.30  
 164 G	 27.94  
 165 N	 49.88  
 166 L	 5.01  
 167 L	 3.37  
 168 K	 44.74  
 169 A	 18.41  
 170 L	 3.81  
 171 G	 36.67  
 172 R	 39.51  
 173 L	 7.09  
 174 E	 55.32  
 175 E	 61.12  
 176 A	 8.72  
 177 K	 42.12  
 178 A	 8.34  
 179 C	 3.94  
 180 Y	 18.98  
 181 L	 2.80  
 182 K	 22.35  
 183 A	 11.40  
 184 I	 5.86  
 185 E	 46.37  
 186 T	 43.12  
 187 Q	 20.39  
 188 P	 45.38  
 189 N	 27.91  
 190 F	 8.02  
 191 A	 9.21  
 192 V	 4.99  
 193 A	 10.68  
 194 W	 4.91  
 195 S	 16.67  
 196 N	 29.74  
 197 L	 4.73  
 198 G	 15.14  
 199 C	 3.39  
 200 V	 3.83  
 201 F	 7.93  
 202 N	 15.79  
 203 A	 13.80  
 204 Q	 51.67  
 205 G	 26.41  
 206 E	 20.93  
 207 I	 4.70  
 208 W	 3.87  
 209 L	 3.84  
 210 A	 5.53  
 211 I	 2.13  
 212 H	 17.61  
 213 H	 26.84  
 214 F	 6.79  
 215 E	 35.43  
 216 K	 47.41  
 217 A	 7.73  
 218 V	 8.93  
 219 T	 30.24  
 220 L	 9.18  
 221 D	 27.08  
 222 P	 36.26  
 223 N	 50.18  
 224 F	 8.76  
 225 L	 4.71  
 226 D	 32.94  
 227 A	 14.84  
 228 Y	 7.04  
 229 I	 3.53  
 230 N	 29.26  
 231 L	 3.71  
 232 G	 20.08  
 233 N	 38.83  
 234 V	 8.40  
 235 L	 4.87  
 236 K	 45.07  
 237 E	 38.73  
 238 A	 14.31  
 239 R	 31.06  
 240 I	 5.62  
 241 F	 4.30  
 242 D	 34.95  
 243 R	 21.88  
 244 A	 9.35  
 245 V	 3.05  
 246 A	 6.87  
 247 A	 9.41  
 248 Y	 6.23  
 249 L	 1.90  
 250 R	 22.32  
 251 A	 10.02  
 252 L	 4.23  
 253 S	 26.30  
 254 L	 11.67  
 255 S	 21.93  
 256 P	 41.75  
 257 N	 32.16  
 258 H	 24.24  
 259 A	 16.21  
 260 V	 2.25  
 261 V	 5.06  
 262 H	 16.90  
 263 G	 21.16  
 264 N	 15.02  
 265 L	 4.65  
 266 A	 5.68  
 267 C	 1.97  
 268 V	 4.79  
 269 Y	 10.94  
 270 Y	 4.95  
 271 E	 22.08  
 272 Q	 35.55  
 273 G	 16.80  
 274 L	 2.48  
 275 I	 5.36  
 276 D	 34.78  
 277 L	 3.40  
 278 A	 8.21  
 279 I	 5.45  
 280 D	 31.88  
 281 T	 16.89  
 282 Y	 8.38  
 283 R	 24.52  
 284 R	 29.51  
 285 A	 7.21  
 286 I	 5.28  
 287 E	 40.13  
 288 L	 8.63  
 289 Q	 19.34  
 290 P	 43.65  
 291 H	 33.63  
 292 F	 8.14  
 293 P	 23.45  
 294 D	 49.58  
 295 A	 15.83  
 296 Y	 6.83  
 297 C	 3.45  
 298 N	 29.52  
 299 L	 3.29  
 300 A	 5.81  
 301 N	 49.31  
 302 A	 17.88  
 303 L	 8.05  
 304 K	 55.77  
 305 E	 64.60  
 306 K	 55.70  
 307 G	 28.57  
 308 S	 29.26  
 309 V	 8.33  
 310 A	 16.39  
 311 E	 50.89  
 312 A	 14.27  
 313 E	 39.87  
 314 D	 47.45  
 315 C	 1.81  
 316 Y	 28.06  
 317 N	 25.80  
 318 T	 10.70  
 319 A	 6.25  
 320 L	 3.96  
 321 R	 31.60  
 322 L	 4.22  
 323 C	 2.71  
 324 P	 31.63  
 325 T	 28.79  
 326 H	 16.81  
 327 A	 15.57  
 328 D	 46.16  
 329 S	 33.51  
 330 L	 5.18  
 331 N	 45.48  
 332 N	 45.91  
 333 L	 3.62  
 334 A	 20.16  
 335 N	 43.40  
 336 I	 3.56  
 337 K	 50.09  
 338 R	 37.36  
 339 E	 58.81  
 340 Q	 55.02  
 341 G	 32.12  
 342 N	 37.89  
 343 I	 6.91  
 344 E	 43.85  
 345 E	 48.98  
 346 A	 4.48  
 347 V	 4.98  
 348 R	 32.80  
 349 L	 3.79  
 350 Y	 10.25  
 351 R	 23.51  
 352 K	 43.71  
 353 A	 10.43  
 354 L	 6.91  
 355 E	 47.15  
 356 V	 11.45  
 357 F	 3.33  
 358 P	 40.76  
 359 E	 36.13  
 360 F	 5.96  
 361 A	 11.32  
 362 A	 15.84  
 363 A	 11.83  
 364 H	 16.70  
 365 S	 28.89  
 366 N	 29.74  
 367 L	 4.16  
 368 A	 11.22  
 369 S	 26.90  
 370 V	 4.68  
 371 L	 3.35  
 372 Q	 31.25  
 373 Q	 50.24  
 374 Q	 37.72  
 375 G	 28.44  
 376 K	 42.53  
 377 L	 7.71  
 378 Q	 37.09  
 379 E	 54.96  
 380 A	 9.38  
 381 L	 1.82  
 382 M	 4.12  
 383 H	 31.22  
 384 Y	 9.14  
 385 K	 26.45  
 386 E	 42.01  
 387 A	 7.69  
 388 I	 4.16  
 389 R	 30.31  
 390 I	 4.77  
 391 S	 14.19  
 392 P	 29.21  
 393 T	 25.35  
 394 F	 7.04  
 395 A	 11.73  
 396 D	 41.68  
 397 A	 13.26  
 398 Y	 10.92  
 399 S	 23.28  
 400 N	 29.70  
 401 M	 3.44  
 402 G	 28.37  
 403 N	 31.31  
 404 T	 33.21  
 405 L	 5.26  
 406 K	 49.45  
 407 E	 45.23  
 408 M	 3.84  
 409 Q	 49.14  
 410 D	 33.14  
 411 V	 2.96  
 412 Q	 39.47  
 413 G	 28.27  
 414 A	 4.20  
 415 L	 4.64  
 416 Q	 20.03  
 417 C	 3.78  
 418 Y	 6.06  
 419 T	 22.66  
 420 R	 11.83  
 421 A	 7.11  
 422 I	 3.68  
 423 Q	 28.55  
 424 I	 5.65  
 425 N	 12.89  
 426 P	 30.31  
 427 A	 14.05  
 428 F	 7.15  
 429 A	 18.39  
 430 D	 38.06  
 431 A	 12.46  
 432 H	 20.12  
 433 S	 34.95  
 434 N	 29.74  
 435 L	 4.42  
 436 A	 15.64  
 437 S	 28.52  
 438 I	 3.78  
 439 H	 25.94  
 440 K	 52.50  
 441 D	 47.84  
 442 S	 38.24  
 443 G	 46.34  
 444 N	 51.06  
 445 I	 3.58  
 446 P	 29.03  
 447 E	 49.24  
 448 A	 9.40  
 449 I	 2.20  
 450 A	 13.93  
 451 S	 14.72  
 452 Y	 11.71  
 453 R	 15.84  
 454 T	 28.27  
 455 A	 8.16  
 456 L	 7.07  
 457 K	 52.58  
 458 L	 11.50  
 459 K	 40.74  
 460 P	 59.93  
 461 D	 67.15  
 462 F	 8.82  
 463 P	 32.47  
 464 D	 50.60  
 465 A	 15.83  
 466 Y	 6.83  
 467 C	 3.45  
 468 N	 27.82  
 469 L	 2.84  
 470 A	 4.20  
 471 H	 18.91  
 472 C	 2.19  
 473 L	 2.53  
 474 Q	 31.31  
 475 I	 1.83  
 476 V	 1.24  
 477 C	 3.74  
 478 D	 40.18  
 479 W	 6.00  
 480 T	 16.07  
 481 D	 44.63  
 482 Y	 16.60  
 483 D	 39.57  
 484 E	 48.74  
 485 R	 39.04  
 486 M	 4.17  
 487 K	 49.53  
 488 K	 44.79  
 489 L	 2.81  
 490 V	 5.15  
 491 S	 23.06  
 492 I	 2.00  
 493 V	 3.60  
 494 A	 9.36  
 495 D	 42.58  
 496 Q	 41.61  
 497 L	 11.86  
 498 E	 42.52  
 499 K	 56.83  
 500 N	 41.15  
 501 R	 60.07  
 502 L	 5.32  
 503 P	 30.94  
 504 S	 37.34  
 505 V	 8.43  
 506 H	 21.95  
 507 P	 25.40  
 508 H	 15.69  
 509 H	 21.25  
 510 S	 13.88  
 511 M	 3.45  
 512 L	 4.46  
 513 Y	 8.09  
 514 P	 24.35  
 515 L	 3.59  
 516 S	 19.63  
 517 H	 47.28  
 518 G	 22.22  
 519 F	 6.40  
 520 R	 31.89  
 521 K	 41.71  
 522 A	 11.28  
 523 I	 4.60  
 524 A	 16.78  
 525 E	 38.81  
 526 R	 33.71  
 527 H	 22.46  
 528 G	 34.72  
 529 N	 22.81  
 530 L	 3.48  
 531 C	 5.53  
 532 L	 9.41  
 533 D	 49.11  
 534 K	 24.19  
 535 I	 4.26  
 536 N	 35.72  
 537 V	 7.25  
 538 L	 3.57  
 539 H	 35.97  
 540 K	 43.45  
 541 P	 26.42  
 542 P	 52.53  
 543 Y	 35.08  
 544 E	 60.53  
 545 H	 28.94  
 546 P	 21.66  
 547 K	 77.06  
 548 D	 54.19  
 549 L	 8.20  
 550 K	 56.96  
 551 L	 7.99  
 552 S	 36.11  
 553 D	 57.58  
 554 G	 27.44  
 555 R	 25.06  
 556 L	 6.77  
 557 R	 20.60  
 558 V	 8.42  
 559 G	 15.64  
 560 Y	 8.36  
 561 V	 3.48  
 562 S	 18.73  
 563 S	 27.24  
 564 D	 48.22  
 565 F	 13.10  
 566 G	 36.21  
 567 N	 37.65  
 568 H	 27.65  
 569 P	 39.33  
 570 T	 22.64  
 571 S	 21.05  
 572 H	 28.00  
 573 L	 3.15  
 574 M	 2.16  
 575 Q	 44.56  
 576 S	 19.45  
 577 I	 1.60  
 578 P	 39.02  
 579 G	 28.45  
 580 M	 2.01  
 581 H	 48.89  
 582 N	 37.26  
 583 P	 31.33  
 584 D	 73.85  
 585 K	 44.68  
 586 F	 14.61  
 587 E	 40.19  
 588 V	 4.52  
 589 F	 1.76  
 590 C	 2.04  
 591 Y	 10.10  
 592 A	 11.62  
 593 L	 2.85  
 594 S	 20.36  
 595 P	 44.56  
 596 D	 64.69  
 597 D	 70.02  
 598 G	 29.91  
 599 T	 37.87  
 600 N	 28.40  
 601 F	 10.76  
 602 R	 29.44  
 603 V	 4.85  
 604 K	 23.26  
 605 V	 3.93  
 606 M	 2.01  
 607 A	 18.75  
 608 E	 31.72  
 609 A	 12.78  
 610 N	 23.31  
 611 H	 28.25  
 612 F	 4.69  
 613 I	 3.97  
 614 D	 39.05  
 615 L	 3.29  
 616 S	 23.47  
 617 Q	 51.44  
 618 I	 3.64  
 619 P	 9.63  
 620 C	 12.85  
 621 N	 50.04  
 622 G	 27.91  
 623 K	 26.81  
 624 A	 18.92  
 625 A	 15.31  
 626 D	 55.73  
 627 R	 24.46  
 628 I	 3.35  
 629 H	 22.15  
 630 Q	 48.53  
 631 D	 43.80  
 632 G	 13.55  
 633 I	 2.16  
 634 H	 16.92  
 635 I	 4.31  
 636 L	 1.09  
 637 V	 6.72  
 638 N	 18.11  
 639 M	 2.99  
 640 N	 34.81  
 641 G	 22.25  
 642 Y	 10.56  
 643 T	 25.13  
 644 K	 41.93  
 645 G	 23.20  
 646 A	 16.81  
 647 R	 45.91  
 648 N	 50.19  
 649 E	 39.45  
 650 L	 3.30  
 651 F	 4.99  
 652 A	 18.45  
 653 L	 5.44  
 654 R	 23.16  
 655 P	 43.15  
 656 A	 13.85  
 657 P	 23.16  
 658 I	 4.41  
 659 Q	 24.89  
 660 A	 7.58  
 661 M	 1.41  
 662 W	 6.94  
 663 L	 2.79  
 664 G	 15.86  
 665 Y	 9.05  
 666 P	 37.47  
 667 G	 24.83  
 668 T	 21.34  
 669 S	 28.16  
 670 G	 26.57  
 671 A	 9.44  
 672 L	 4.10  
 673 F	 3.29  
 674 M	 3.88  
 675 D	 24.93  
 676 Y	 5.17  
 677 I	 2.08  
 678 I	 2.57  
 679 T	 23.28  
 680 D	 33.63  
 681 Q	 47.41  
 682 E	 54.80  
 683 T	 34.08  
 684 S	 22.74  
 685 P	 39.60  
 686 A	 24.54  
 687 E	 45.72  
 688 V	 8.47  
 689 A	 6.95  
 690 E	 56.05  
 691 Q	 37.00  
 692 Y	 15.42  
 693 S	 28.13  
 694 E	 47.34  
 695 K	 32.26  
 696 L	 3.47  
 697 A	 15.05  
 698 Y	 22.93  
 699 M	 1.31  
 700 P	 15.64  
 701 H	 20.83  
 702 T	 17.86  
 703 F	 3.69  
 704 F	 6.84  
 705 I	 5.75  
 706 G	 18.59  
 707 D	 32.67  
 708 H	 17.50  
 709 A	 17.58  
 710 N	 29.25  
 711 M	 6.00  
 712 F	 3.28  
 713 P	 22.57  
 714 H	 38.73  
 715 L	 9.90  
 716 K	 49.55  
 717 K	 52.93  
 718 K	 46.42  
 719 A	 16.63  
 720 V	 6.23  
 721 I	 6.52  
 722 D	 38.02  
 723 F	 6.85  
 724 K	 38.98  
 725 S	 48.30  
 726 N	 46.80  
 727 G	 18.70  
 728 H	 21.49  
 729 I	 4.98  
 730 Y	 11.07  
 731 D	 37.01  
 732 N	 20.71  
 733 R	 19.93  
 734 I	 5.32  
 735 V	 2.83  
 736 L	 4.52  
 737 N	 34.18  
 738 G	 15.61  
 739 I	 5.65  
 740 D	 43.44  
 741 L	 3.99  
 742 K	 33.09  
 743 A	 19.96  
 744 F	 8.12  
 745 L	 5.37  
 746 D	 41.49  
 747 S	 43.90  
 748 L	 4.13  
 749 P	 48.58  
 750 D	 60.68  
 751 V	 4.27  
 752 K	 49.51  
 753 I	 3.46  
 754 V	 4.03  
 755 K	 35.79  
 756 M	 3.60  
 757 K	 36.58  
 758 C	 3.12  
 759 P	 37.45  
 760 D	 81.05  
 761 G	 30.42  
 762 G	 32.17  
 763 D	 53.31  
 764 N	 49.25  
 765 A	 23.85  
 766 D	 59.87  
 767 S	 24.07  
 768 S	 38.45  
 769 N	 33.07  
 770 T	 34.17  
 771 A	 10.94  
 772 L	 5.48  
 773 N	 30.19  
 774 M	 2.66  
 775 P	 21.58  
 776 V	 5.51  
 777 I	 1.90  
 778 P	 15.37  
 779 M	 4.80  
 780 N	 23.99  
 781 T	 18.47  
 782 I	 2.50  
 783 A	 9.17  
 784 E	 39.35  
 785 A	 9.88  
 786 V	 2.61  
 787 I	 3.71  
 788 E	 27.67  
 789 M	 1.95  
 790 I	 1.74  
 791 N	 40.49  
 792 R	 27.71  
 793 G	 25.18  
 794 Q	 22.60  
 795 I	 3.40  
 796 Q	 20.91  
 797 I	 4.45  
 798 T	 7.63  
 799 I	 5.19  
 800 N	 36.49  
 801 G	 17.52  
 802 F	 5.18  
 803 S	 26.89  
 804 I	 3.28  
 805 S	 24.52  
 806 N	 48.07  
 807 G	 15.19  
 808 L	 4.47  
 809 A	 15.25  
 810 T	 25.03  
 811 T	 23.11  
 812 Q	 31.86  
 813 I	 6.03  
 814 N	 33.85  
 815 N	 36.65  
 816 K	 34.60  
 817 A	 16.63  
 818 A	 20.11  
 819 T	 50.41  
 820 G	 25.08  
 821 E	 52.01  
 822 E	 60.20  
 823 V	 3.19  
 824 P	 30.86  
 825 R	 43.67  
 826 T	 14.69  
 827 I	 2.23  
 828 I	 1.92  
 829 V	 3.85  
 830 T	 13.19  
 831 T	 19.89  
 832 R	 16.64  
 833 S	 26.17  
 834 Q	 32.78  
 835 Y	 23.13  
 836 G	 27.41  
 837 L	 3.41  
 838 P	 32.81  
 839 E	 66.18  
 840 D	 39.39  
 841 A	 7.47  
 842 I	 3.34  
 843 V	 4.83  
 844 Y	 3.89  
 845 C	 3.04  
 846 N	 22.63  
 847 F	 5.71  
 848 N	 19.56  
 849 Q	 41.87  
 850 L	 5.02  
 851 Y	 8.99  
 852 K	 49.58  
 853 I	 6.26  
 854 D	 27.26  
 855 P	 32.46  
 856 S	 37.69  
 857 T	 26.80  
 858 L	 3.74  
 859 Q	 26.01  
 860 M	 4.03  
 861 W	 3.53  
 862 A	 6.45  
 863 N	 25.31  
 864 I	 3.56  
 865 L	 2.65  
 866 K	 47.77  
 867 R	 45.76  
 868 V	 5.14  
 869 P	 31.26  
 870 N	 41.72  
 871 S	 16.71  
 872 V	 5.89  
 873 L	 2.40  
 874 W	 7.38  
 875 L	 1.84  
 876 L	 3.43  
 877 R	 33.08  
 878 F	 4.61  
 879 P	 21.43  
 880 A	 21.16  
 881 V	 10.19  
 882 G	 46.91  
 883 E	 28.68  
 884 P	 36.98  
 885 N	 40.16  
 886 I	 3.85  
 887 Q	 36.55  
 888 Q	 31.56  
 889 Y	 8.19  
 890 A	 7.02  
 891 Q	 35.19  
 892 N	 20.51  
 893 M	 3.76  
 894 G	 41.58  
 895 L	 2.47  
 896 P	 24.54  
 897 Q	 57.80  
 898 N	 34.87  
 899 R	 20.38  
 900 I	 4.97  
 901 I	 2.23  
 902 F	 6.67  
 903 S	 14.20  
 904 P	 18.62  
 905 V	 16.06  
 906 A	 16.90  
 907 P	 44.84  
 908 K	 67.03  
 909 E	 52.88  
 910 E	 54.53  
 911 H	 21.34  
 912 V	 5.16  
 913 R	 38.63  
 914 R	 35.80  
 915 G	 19.11  
 916 Q	 31.50  
 917 L	 4.97  
 918 A	 10.17  
 919 D	 40.01  
 920 V	 2.65  
 921 C	 2.68  
 922 L	 9.14  
 923 D	 40.94  
 924 T	 12.76  
 925 P	 34.28  
 926 L	 3.73  
 927 C	 6.37  
 928 N	 53.62  
 929 G	 20.65  
 930 H	 13.28  
 931 T	 26.83  
 932 T	 25.49  
 933 G	 16.08  
 934 M	 2.79  
 935 D	 33.43  
 936 V	 3.40  
 937 L	 1.95  
 938 W	 7.78  
 939 A	 14.07  
 940 G	 20.83  
 941 T	 10.64  
 942 P	 17.83  
 943 M	 3.83  
 944 V	 4.34  
 945 T	 16.05  
 946 M	 2.46  
 947 P	 28.27  
 948 G	 29.69  
 949 E	 34.47  
 950 T	 33.27  
 951 L	 3.38  
 952 A	 11.60  
 953 S	 30.33  
 954 R	 19.25  
 955 V	 4.90  
 956 A	 10.57  
 957 A	 8.58  
 958 S	 18.91  
 959 Q	 35.74  
 960 L	 3.19  
 961 T	 9.69  
 962 C	 4.12  
 963 L	 4.59  
 964 G	 18.99  
 965 C	 1.40  
 966 L	 5.95  
 967 E	 42.05  
 968 L	 2.73  
 969 I	 3.61  
 970 A	 18.72  
 971 K	 45.74  
 972 N	 41.67  
 973 R	 29.96  
 974 Q	 68.00  
 975 E	 47.88  
 976 Y	 15.57  
 977 E	 42.03  
 978 D	 32.99  
 979 I	 2.95  
 980 A	 12.52  
 981 V	 5.55  
 982 K	 31.98  
 983 L	 7.79  
 984 G	 16.09  
 985 T	 48.09  
 986 D	 35.39  
 987 L	 4.72  
 988 E	 52.18  
 989 Y	 30.99  
 990 L	 2.94  
 991 K	 48.60  
 992 K	 34.27  
 993 V	 10.49  
 994 R	 48.36  
 995 G	 31.68  
 996 K	 34.07  
 997 V	 9.57  
 998 W	 8.44  
 999 K	 32.46  
 1000 Q	 32.02  
 1001 R	 27.34  
 1002 I	 4.41  
 1003 S	 28.26  
 1004 S	 24.21  
 1005 P	 33.89  
 1006 L	 5.81  
 1007 F	 14.33  
 1008 N	 54.79  
 1009 T	 16.52  
 1010 K	 42.27  
 1011 Q	 36.57  
 1012 Y	 15.03  
 1013 T	 11.15  
 1014 M	 4.75  
 1015 E	 39.41  
 1016 L	 3.01  
 1017 E	 27.60  
 1018 R	 41.06  
 1019 L	 3.50  
 1020 Y	 10.91  
 1021 L	 3.13  
 1022 Q	 22.76  
 1023 M	 4.13  
 1024 W	 4.01  
 1025 E	 22.98  
 1026 H	 11.30  
 1027 Y	 6.14  
 1028 A	 15.70  
 1029 A	 18.22  
 1030 G	 34.23  
 1031 N	 48.21  
 1032 K	 51.40  
 1033 P	 40.51  
 1034 D	 45.67  
 1035 H	 28.52  
 1036 M	 5.70  
 1037 I	 4.01  
 1038 K	 35.12  
 1039 P	 19.31  
 1040 V	 8.63  
 1041 E	 52.85  
 1042 V	 7.98  
 1043 T	 15.66  
 1044 E	 50.25  
 1045 S	 29.88  
 1046 A	 19.73  
