 1 M	 7.22  
 2 S	 32.85  
 3 R	 36.24  
 4 Q	 41.65  
 5 T	 21.67  
 6 T	 17.05  
 7 S	 28.06  
 8 V	 8.95  
 9 G	 17.38  
 10 S	 18.74  
 11 S	 16.87  
 12 C	 3.52  
 13 L	 7.01  
 14 D	 48.81  
 15 L	 2.75  
 16 W	 13.17  
 17 R	 52.92  
 18 E	 44.63  
 19 K	 56.42  
 20 N	 34.58  
 21 D	 57.25  
 22 R	 44.47  
 23 L	 4.09  
 24 V	 4.43  
 25 R	 35.02  
 26 Q	 37.75  
 27 A	 9.57  
 28 K	 29.75  
 29 V	 8.10  
 30 A	 11.35  
 31 Q	 47.84  
 32 N	 28.45  
 33 S	 24.09  
 34 G	 30.17  
 35 L	 4.01  
 36 T	 23.03  
 37 L	 5.23  
 38 R	 29.18  
 39 R	 31.54  
 40 Q	 35.88  
 41 Q	 36.63  
 42 L	 3.32  
 43 A	 10.81  
 44 Q	 45.14  
 45 D	 47.73  
 46 A	 8.74  
 47 L	 7.84  
 48 E	 58.88  
 49 G	 22.86  
 50 L	 2.61  
 51 R	 44.57  
 52 G	 37.32  
 53 L	 2.92  
 54 L	 2.61  
 55 H	 31.35  
 56 S	 23.51  
 57 L	 3.05  
 58 Q	 55.16  
 59 G	 38.63  
 60 L	 1.36  
 61 P	 25.62  
 62 A	 26.57  
 63 A	 12.28  
 64 V	 3.51  
 65 P	 19.73  
 66 V	 7.46  
 67 L	 3.07  
 68 P	 24.83  
 69 L	 8.02  
 70 E	 40.22  
 71 L	 6.51  
 72 T	 12.37  
 73 V	 10.06  
 74 T	 9.12  
 75 C	 3.21  
 76 N	 23.06  
 77 F	 3.90  
 78 I	 1.48  
 79 I	 1.54  
 80 L	 2.98  
 81 R	 16.24  
 82 A	 12.88  
 83 S	 20.15  
 84 L	 3.94  
 85 A	 12.64  
 86 Q	 53.47  
 87 G	 26.32  
 88 F	 4.49  
 89 T	 45.54  
 90 E	 45.95  
 91 D	 46.16  
 92 Q	 34.39  
 93 A	 22.72  
 94 Q	 42.58  
 95 D	 41.84  
 96 I	 2.14  
 97 Q	 36.88  
 98 R	 43.47  
 99 S	 20.43  
 100 L	 5.47  
 101 E	 41.83  
 102 R	 43.55  
 103 V	 4.07  
 104 L	 8.05  
 105 E	 45.66  
 106 T	 32.99  
 107 Q	 36.81  
 108 E	 52.90  
 109 Q	 43.65  
 110 Q	 64.21  
 111 G	 14.69  
 112 P	 33.09  
 113 R	 58.65  
 114 L	 6.93  
 115 E	 43.83  
 116 Q	 61.89  
 117 G	 19.82  
 118 L	 3.72  
 119 R	 43.73  
 120 E	 60.29  
 121 L	 5.07  
 122 W	 7.35  
 123 D	 41.30  
 124 S	 16.09  
 125 V	 3.78  
 126 L	 4.36  
 127 R	 23.46  
 128 A	 10.63  
 129 S	 10.00  
 130 C	 4.40  
 131 L	 9.18  
 132 L	 3.48  
 133 P	 19.76  
 134 E	 63.41  
 135 L	 4.29  
 136 L	 2.41  
 137 S	 41.21  
 138 A	 13.83  
 139 L	 1.86  
 140 H	 22.27  
 141 R	 31.73  
 142 L	 2.20  
 143 V	 7.88  
 144 G	 19.36  
 145 L	 2.14  
 146 Q	 20.75  
 147 A	 15.01  
 148 A	 6.06  
 149 L	 5.46  
 150 W	 5.41  
 151 L	 2.92  
 152 S	 19.28  
 153 A	 12.08  
 154 D	 42.85  
 155 R	 40.04  
 156 L	 6.87  
 157 G	 28.87  
 158 D	 33.10  
 159 L	 3.25  
 160 A	 10.82  
 161 L	 7.93  
 162 L	 3.19  
 163 L	 5.00  
 164 E	 51.74  
 165 T	 26.03  
 166 L	 5.09  
 167 N	 56.33  
 168 G	 30.12  
 169 S	 21.79  
 170 Q	 47.48  
 171 S	 37.72  
 172 G	 26.66  
 173 A	 20.75  
 174 S	 30.17  
 175 K	 52.43  
 176 D	 39.80  
 177 L	 4.11  
 178 L	 4.55  
 179 L	 7.37  
 180 L	 4.68  
 181 L	 4.72  
 182 K	 48.17  
 183 T	 31.01  
 184 W	 13.78  
 185 S	 26.66  
 186 P	 24.55  
 187 P	 46.95  
 188 A	 26.70  
 189 E	 65.94  
 190 E	 54.80  
 191 L	 5.25  
 192 D	 49.79  
 193 A	 17.39  
 194 P	 26.08  
 195 L	 8.82  
 196 T	 22.70  
 197 L	 5.97  
 198 Q	 38.46  
 199 D	 43.93  
 200 A	 7.74  
 201 Q	 67.07  
 202 G	 36.09  
 203 L	 2.59  
 204 K	 53.25  
 205 D	 41.14  
 206 V	 4.51  
 207 L	 5.15  
 208 L	 3.05  
 209 T	 18.63  
 210 A	 6.24  
 211 F	 5.31  
 212 A	 8.99  
 213 Y	 9.30  
 214 R	 22.21  
 215 Q	 44.25  
 216 G	 21.96  
 217 L	 2.43  
 218 Q	 50.72  
 219 E	 47.37  
 220 L	 2.47  
 221 I	 4.57  
 222 T	 43.46  
 223 G	 36.36  
 224 N	 32.71  
 225 P	 45.91  
 226 D	 53.51  
 227 K	 53.11  
 228 A	 21.76  
 229 L	 4.38  
 230 S	 35.40  
 231 S	 34.30  
 232 L	 3.67  
 233 H	 25.29  
 234 E	 51.75  
 235 A	 9.00  
 236 A	 10.93  
 237 S	 39.07  
 238 G	 26.94  
 239 L	 3.17  
 240 C	 2.83  
 241 P	 48.96  
 242 R	 32.72  
 243 P	 14.67  
 244 V	 9.62  
 245 L	 2.18  
 246 V	 3.54  
 247 Q	 20.52  
 248 V	 3.41  
 249 Y	 2.98  
 250 T	 19.29  
 251 A	 7.70  
 252 L	 3.91  
 253 G	 26.26  
 254 S	 13.96  
 255 C	 3.23  
 256 H	 33.81  
 257 R	 34.68  
 258 K	 27.74  
 259 M	 6.72  
 260 G	 45.78  
 261 N	 26.49  
 262 P	 21.21  
 263 Q	 47.48  
 264 R	 28.58  
 265 A	 9.18  
 266 L	 3.35  
 267 L	 2.79  
 268 Y	 10.44  
 269 L	 1.82  
 270 V	 1.53  
 271 A	 12.41  
 272 A	 16.22  
 273 L	 3.60  
 274 K	 56.13  
 275 E	 60.27  
 276 G	 22.52  
 277 S	 23.18  
 278 A	 26.54  
 279 W	 22.86  
 280 G	 17.42  
 281 P	 12.98  
 282 P	 45.71  
 283 L	 8.32  
 284 L	 6.78  
 285 E	 52.89  
 286 A	 10.42  
 287 S	 17.28  
 288 R	 44.45  
 289 L	 4.13  
 290 Y	 7.97  
 291 Q	 36.29  
 292 Q	 33.58  
 293 L	 3.85  
 294 G	 26.36  
 295 D	 49.85  
 296 T	 26.55  
 297 T	 23.91  
 298 A	 22.82  
 299 E	 51.48  
 300 L	 5.13  
 301 E	 44.79  
 302 S	 39.50  
 303 L	 3.82  
 304 E	 49.70  
 305 L	 8.66  
 306 L	 2.09  
 307 V	 6.72  
 308 E	 47.62  
 309 A	 9.28  
 310 L	 4.14  
 311 N	 42.61  
 312 V	 5.42  
 313 P	 15.93  
 314 C	 6.63  
 315 S	 28.89  
 316 S	 39.28  
 317 K	 48.03  
 318 A	 12.69  
 319 P	 29.23  
 320 Q	 51.11  
 321 F	 7.85  
 322 L	 2.48  
 323 I	 6.18  
 324 E	 31.89  
 325 V	 5.08  
 326 E	 22.40  
 327 L	 7.81  
 328 L	 4.22  
 329 L	 10.53  
 330 P	 38.04  
 331 P	 34.70  
 332 P	 47.51  
 333 D	 61.72  
 334 L	 6.66  
 335 A	 19.24  
 336 S	 34.98  
 337 P	 22.10  
 338 L	 4.90  
 339 H	 16.02  
 340 C	 9.21  
 341 G	 18.95  
 342 T	 30.37  
 343 Q	 20.87  
 344 S	 39.39  
 345 Q	 44.76  
 346 T	 29.81  
 347 K	 22.47  
 348 H	 24.55  
 349 I	 3.51  
 350 L	 3.37  
 351 A	 8.37  
 352 S	 21.78  
 353 R	 21.40  
 354 C	 2.82  
 355 L	 5.05  
 356 Q	 45.60  
 357 T	 18.71  
 358 G	 12.41  
 359 R	 38.49  
 360 A	 22.89  
 361 G	 24.59  
 362 D	 41.44  
 363 A	 17.52  
 364 A	 14.61  
 365 E	 34.48  
 366 H	 24.59  
 367 Y	 8.07  
 368 L	 3.95  
 369 D	 32.25  
 370 L	 2.52  
 371 L	 2.93  
 372 A	 11.94  
 373 L	 5.01  
 374 L	 4.09  
 375 L	 6.62  
 376 D	 50.52  
 377 S	 36.25  
 378 S	 51.81  
 379 E	 44.43  
 380 P	 44.56  
 381 R	 40.39  
 382 F	 22.00  
 383 S	 37.46  
 384 P	 41.95  
 385 P	 40.58  
 386 P	 63.95  
 387 S	 49.88  
 388 P	 43.57  
 389 P	 64.79  
 390 G	 31.27  
 391 P	 19.60  
 392 C	 9.84  
 393 M	 3.40  
 394 P	 41.12  
 395 E	 21.01  
 396 V	 5.67  
 397 F	 4.94  
 398 L	 5.45  
 399 E	 24.10  
 400 A	 14.91  
 401 A	 4.26  
 402 V	 6.00  
 403 A	 8.33  
 404 L	 2.10  
 405 I	 1.58  
 406 Q	 38.32  
 407 A	 11.49  
 408 G	 14.74  
 409 R	 31.90  
 410 A	 15.64  
 411 Q	 34.84  
 412 D	 42.43  
 413 A	 7.14  
 414 L	 5.17  
 415 T	 30.96  
 416 L	 3.44  
 417 C	 3.00  
 418 E	 55.59  
 419 E	 54.75  
 420 L	 2.16  
 421 L	 3.54  
 422 S	 46.25  
 423 R	 38.30  
 424 T	 21.20  
 425 S	 20.20  
 426 S	 33.06  
 427 L	 10.72  
 428 L	 4.07  
 429 P	 35.28  
 430 K	 49.86  
 431 M	 2.38  
 432 S	 30.28  
 433 R	 40.08  
 434 L	 4.62  
 435 W	 10.58  
 436 E	 46.51  
 437 D	 39.84  
 438 A	 11.99  
 439 R	 50.70  
 440 K	 73.06  
 441 G	 36.14  
 442 T	 25.12  
 443 K	 66.96  
 444 E	 55.61  
 445 L	 3.79  
 446 P	 29.76  
 447 Y	 21.23  
 448 C	 1.79  
 449 P	 24.34  
 450 L	 6.69  
 451 W	 2.74  
 452 V	 3.53  
 453 S	 18.83  
 454 A	 6.87  
 455 T	 12.92  
 456 H	 25.02  
 457 L	 3.12  
 458 L	 4.11  
 459 Q	 48.60  
 460 G	 21.10  
 461 Q	 21.06  
 462 A	 18.41  
 463 W	 3.15  
 464 V	 3.64  
 465 Q	 24.39  
 466 L	 4.43  
 467 G	 14.63  
 468 A	 18.02  
 469 Q	 38.67  
 470 K	 32.85  
 471 V	 3.67  
 472 A	 13.46  
 473 I	 4.55  
 474 S	 23.89  
 475 E	 41.34  
 476 F	 4.45  
 477 S	 20.31  
 478 R	 34.07  
 479 C	 3.16  
 480 L	 5.16  
 481 E	 47.23  
 482 L	 3.36  
 483 L	 1.67  
 484 F	 8.58  
 485 R	 37.20  
 486 A	 21.85  
 487 T	 27.29  
 488 P	 46.92  
 489 E	 76.87  
 490 E	 64.20  
 491 K	 54.39  
 492 E	 58.49  
 493 Q	 58.87  
 494 G	 21.69  
 495 A	 14.47  
 496 A	 11.74  
 497 F	 12.16  
 498 N	 24.56  
 499 C	 3.14  
 500 E	 51.62  
 501 Q	 65.86  
 502 G	 9.87  
 503 C	 3.68  
 504 K	 59.19  
 505 S	 36.24  
 506 D	 22.73  
 507 A	 19.70  
 508 A	 15.76  
 509 L	 3.41  
 510 Q	 35.22  
 511 Q	 33.49  
 512 L	 2.31  
 513 R	 20.17  
 514 A	 12.99  
 515 A	 9.07  
 516 A	 12.39  
 517 L	 2.91  
 518 I	 1.95  
 519 S	 22.58  
 520 R	 46.88  
 521 G	 22.58  
 522 L	 4.56  
 523 E	 42.61  
 524 W	 8.95  
 525 V	 1.91  
 526 A	 14.71  
 527 S	 27.63  
 528 G	 21.46  
 529 Q	 53.34  
 530 D	 54.42  
 531 T	 15.44  
 532 K	 56.22  
 533 A	 16.73  
 534 L	 5.53  
 535 Q	 44.24  
 536 D	 36.69  
 537 F	 4.82  
 538 L	 4.72  
 539 L	 4.81  
 540 S	 16.67  
 541 V	 4.19  
 542 Q	 25.12  
 543 M	 2.53  
 544 C	 1.87  
 545 P	 37.44  
 546 G	 36.56  
 547 N	 24.65  
 548 R	 43.49  
 549 D	 50.16  
 550 T	 25.50  
 551 Y	 8.03  
 552 F	 3.39  
 553 H	 18.41  
 554 L	 2.45  
 555 L	 2.47  
 556 Q	 51.66  
 557 T	 33.93  
 558 L	 1.64  
 559 K	 55.06  
 560 R	 44.95  
 561 L	 6.01  
 562 D	 47.83  
 563 R	 53.17  
 564 R	 45.87  
 565 D	 51.26  
 566 E	 46.22  
 567 A	 11.49  
 568 T	 21.89  
 569 A	 14.29  
 570 L	 3.81  
 571 W	 3.91  
 572 W	 8.88  
 573 R	 15.86  
 574 L	 3.93  
 575 E	 30.11  
 576 A	 27.25  
 577 Q	 34.08  
 578 T	 44.41  
 579 K	 46.46  
 580 G	 37.31  
 581 S	 25.84  
 582 H	 45.70  
 583 E	 46.83  
 584 D	 41.35  
 585 A	 14.14  
 586 L	 5.02  
 587 W	 10.27  
 588 S	 22.43  
 589 L	 1.98  
 590 P	 17.28  
 591 L	 10.39  
 592 Y	 13.39  
 593 L	 4.67  
 594 E	 24.63  
 595 S	 28.86  
 596 Y	 8.72  
 597 L	 4.81  
 598 S	 16.54  
 599 W	 6.50  
 600 I	 4.11  
 601 R	 20.57  
 602 P	 31.29  
 603 S	 35.11  
 604 D	 55.98  
 605 R	 41.30  
 606 D	 46.81  
 607 A	 16.30  
 608 F	 11.76  
 609 L	 7.08  
 610 E	 48.95  
 611 E	 42.44  
 612 F	 8.24  
 613 R	 27.04  
 614 T	 39.68  
 615 S	 38.12  
 616 L	 6.47  
 617 P	 26.70  
 618 K	 69.84  
 619 S	 15.78  
 620 C	 8.46  
 621 D	 63.60  
 622 L	 9.92  
