 1 M	 7.44  
 2 A	 20.31  
 3 S	 42.46  
 4 R	 31.35  
 5 K	 58.98  
 6 E	 61.96  
 7 G	 38.11  
 8 T	 29.11  
 9 G	 33.58  
 10 S	 18.08  
 11 T	 34.99  
 12 A	 13.74  
 13 T	 29.27  
 14 S	 26.26  
 15 S	 24.77  
 16 S	 31.32  
 17 S	 24.99  
 18 T	 30.93  
 19 A	 13.94  
 20 G	 18.95  
 21 A	 15.58  
 22 A	 21.22  
 23 G	 38.42  
 24 K	 53.36  
 25 G	 42.93  
 26 K	 62.02  
 27 G	 42.37  
 28 K	 64.68  
 29 G	 44.14  
 30 G	 31.76  
 31 S	 48.36  
 32 G	 35.85  
 33 D	 34.81  
 34 S	 38.19  
 35 A	 19.78  
 36 V	 5.29  
 37 K	 44.46  
 38 Q	 26.25  
 39 V	 4.45  
 40 Q	 26.09  
 41 I	 4.82  
 42 D	 27.55  
 43 G	 23.23  
 44 L	 1.82  
 45 V	 6.07  
 46 V	 5.61  
 47 L	 2.28  
 48 K	 30.67  
 49 I	 4.42  
 50 I	 1.84  
 51 K	 39.47  
 52 H	 21.07  
 53 Y	 16.77  
 54 Q	 41.82  
 55 E	 57.86  
 56 E	 41.09  
 57 G	 30.39  
 58 Q	 59.94  
 59 G	 34.40  
 60 T	 20.09  
 61 E	 47.73  
 62 V	 3.80  
 63 V	 3.14  
 64 Q	 41.26  
 65 G	 10.63  
 66 V	 1.92  
 67 L	 3.92  
 68 L	 4.66  
 69 G	 16.56  
 70 L	 3.83  
 71 V	 4.15  
 72 V	 8.34  
 73 E	 29.90  
 74 D	 49.18  
 75 R	 22.25  
 76 L	 9.62  
 77 E	 48.97  
 78 I	 3.87  
 79 T	 19.29  
 80 N	 30.97  
 81 C	 3.25  
 82 F	 8.29  
 83 P	 42.06  
 84 F	 4.57  
 85 P	 25.86  
 86 Q	 57.42  
 87 H	 31.31  
 88 T	 35.54  
 89 E	 52.33  
 90 D	 58.51  
 91 D	 41.63  
 92 A	 31.52  
 93 D	 59.53  
 94 F	 10.39  
 95 D	 56.56  
 96 E	 31.36  
 97 V	 7.46  
 98 Q	 22.23  
 99 Y	 18.27  
 100 Q	 12.31  
 101 M	 2.79  
 102 E	 17.82  
 103 M	 1.96  
 104 M	 1.35  
 105 R	 31.09  
 106 S	 16.32  
 107 L	 2.87  
 108 R	 32.71  
 109 H	 23.44  
 110 V	 5.62  
 111 N	 28.04  
 112 I	 3.25  
 113 D	 32.85  
 114 H	 17.65  
 115 L	 2.88  
 116 H	 16.78  
 117 V	 7.87  
 118 G	 13.46  
 119 W	 6.21  
 120 Y	 6.15  
 121 Q	 23.84  
 122 S	 11.59  
 123 T	 12.77  
 124 Y	 15.86  
 125 Y	 13.34  
 126 G	 12.28  
 127 S	 10.62  
 128 F	 5.89  
 129 V	 3.66  
 130 T	 14.28  
 131 R	 20.24  
 132 A	 11.78  
 133 L	 5.00  
 134 L	 6.09  
 135 D	 41.04  
 136 S	 32.85  
 137 Q	 30.85  
 138 F	 9.46  
 139 S	 19.08  
 140 Y	 12.95  
 141 Q	 20.52  
 142 H	 22.05  
 143 A	 8.72  
 144 I	 5.91  
 145 E	 45.03  
 146 E	 42.60  
 147 S	 12.53  
 148 V	 4.61  
 149 V	 3.61  
 150 L	 2.55  
 151 I	 2.18  
 152 Y	 16.11  
 153 D	 31.30  
 154 P	 17.01  
 155 I	 5.90  
 156 K	 43.10  
 157 T	 25.57  
 158 A	 13.51  
 159 Q	 47.44  
 160 G	 28.26  
 161 S	 11.60  
 162 L	 9.94  
 163 S	 29.53  
 164 L	 4.45  
 165 K	 39.74  
 166 A	 10.44  
 167 Y	 12.45  
 168 R	 36.62  
 169 L	 6.65  
 170 T	 14.91  
 171 P	 32.16  
 172 K	 56.05  
 173 L	 3.59  
 174 M	 4.53  
 175 E	 56.02  
 176 V	 3.35  
 177 C	 2.76  
 178 K	 73.33  
 179 E	 53.37  
 180 K	 49.95  
 181 D	 50.80  
 182 F	 22.71  
 183 S	 31.78  
 184 P	 30.76  
 185 E	 66.49  
 186 A	 28.24  
 187 L	 5.80  
 188 K	 57.81  
 189 K	 47.73  
 190 A	 15.86  
 191 N	 42.59  
 192 I	 5.80  
 193 T	 15.38  
 194 F	 5.84  
 195 E	 27.69  
 196 Y	 11.69  
 197 M	 2.41  
 198 F	 7.68  
 199 E	 41.37  
 200 E	 42.18  
 201 V	 2.85  
 202 P	 20.57  
 203 I	 6.38  
 204 V	 4.11  
 205 I	 3.46  
 206 K	 41.31  
 207 N	 24.44  
 208 S	 18.05  
 209 H	 39.87  
 210 L	 2.82  
 211 I	 2.54  
 212 N	 27.51  
 213 V	 2.84  
 214 L	 2.60  
 215 M	 1.97  
 216 W	 11.67  
 217 E	 32.84  
 218 L	 7.45  
 219 E	 47.09  
 220 K	 65.73  
 221 K	 33.98  
 222 S	 38.76  
 223 A	 14.92  
 224 V	 10.25  
 225 A	 21.61  
 226 D	 46.36  
 227 K	 29.28  
 228 H	 31.33  
 229 E	 58.09  
 230 L	 3.83  
 231 L	 3.43  
 232 S	 34.22  
 233 L	 5.59  
 234 A	 13.92  
 235 S	 36.65  
 236 S	 23.74  
 237 N	 31.72  
 238 H	 37.60  
 239 L	 14.12  
 240 G	 14.84  
 241 K	 61.93  
 242 N	 31.08  
 243 L	 4.29  
 244 Q	 41.78  
 245 L	 4.88  
 246 L	 1.85  
 247 M	 4.15  
 248 D	 47.63  
 249 R	 24.66  
 250 V	 6.78  
 251 D	 46.93  
 252 E	 37.57  
 253 M	 3.64  
 254 S	 23.74  
 255 Q	 43.04  
 256 D	 40.10  
 257 I	 1.92  
 258 V	 7.87  
 259 K	 32.87  
 260 Y	 11.22  
 261 N	 21.00  
 262 T	 18.66  
 263 Y	 7.16  
 264 M	 2.21  
 265 R	 32.62  
 266 N	 31.97  
 267 T	 27.26  
 268 S	 31.83  
 269 K	 50.52  
 270 Q	 46.19  
 271 Q	 51.95  
 272 Q	 52.36  
 273 Q	 40.64  
 274 K	 28.47  
 275 H	 27.52  
 276 Q	 44.78  
 277 Y	 13.31  
 278 Q	 24.59  
 279 Q	 37.27  
 280 R	 23.89  
 281 R	 37.89  
 282 Q	 58.07  
 283 Q	 42.07  
 284 E	 46.46  
 285 N	 27.78  
 286 M	 3.23  
 287 Q	 52.41  
 288 R	 26.18  
 289 Q	 22.16  
 290 S	 44.43  
 291 R	 45.19  
 292 G	 57.94  
 293 E	 42.51  
 294 P	 38.25  
 295 P	 57.13  
 296 L	 14.09  
 297 P	 49.02  
 298 E	 72.35  
 299 E	 63.41  
 300 D	 55.36  
 301 L	 5.71  
 302 S	 39.37  
 303 K	 66.30  
 304 L	 6.32  
 305 F	 14.87  
 306 K	 67.25  
 307 P	 25.98  
 308 P	 60.96  
 309 Q	 66.20  
 310 P	 30.23  
 311 P	 27.53  
 312 A	 26.55  
 313 R	 34.90  
 314 M	 4.45  
 315 D	 30.49  
 316 S	 18.74  
 317 L	 3.32  
 318 L	 2.67  
 319 I	 4.99  
 320 A	 12.10  
 321 G	 23.16  
 322 Q	 19.41  
 323 I	 3.99  
 324 N	 19.67  
 325 T	 27.57  
 326 Y	 6.37  
 327 C	 2.05  
 328 Q	 44.24  
 329 N	 43.68  
 330 I	 1.54  
 331 K	 55.09  
 332 E	 44.42  
 333 F	 6.11  
 334 T	 28.55  
 335 A	 11.11  
 336 Q	 42.49  
 337 N	 48.58  
 338 L	 4.21  
 339 G	 31.97  
 340 K	 41.54  
 341 L	 3.17  
 342 F	 4.31  
 343 M	 3.81  
 344 A	 5.55  
 345 Q	 30.71  
 346 A	 11.15  
 347 L	 2.36  
 348 Q	 54.89  
 349 E	 51.59  
 350 Y	 13.67  
 351 N	 47.16  
 352 N	 52.98  
