 1 M	 7.57  
 2 A	 23.43  
 3 G	 19.65  
 4 A	 11.12  
 5 S	 22.89  
 6 V	 5.99  
 7 K	 23.21  
 8 V	 5.81  
 9 A	 4.25  
 10 V	 6.96  
 11 R	 14.69  
 12 V	 7.98  
 13 R	 21.38  
 14 P	 24.80  
 15 F	 8.60  
 16 N	 40.55  
 17 A	 15.86  
 18 R	 49.16  
 19 E	 50.86  
 20 T	 26.57  
 21 S	 22.70  
 22 Q	 63.20  
 23 D	 48.00  
 24 A	 10.26  
 25 K	 35.53  
 26 C	 3.81  
 27 V	 3.35  
 28 V	 5.74  
 29 S	 5.74  
 30 M	 3.90  
 31 Q	 34.18  
 32 G	 25.47  
 33 N	 24.24  
 34 T	 28.83  
 35 T	 23.17  
 36 S	 21.31  
 37 I	 3.11  
 38 I	 7.86  
 39 N	 35.73  
 40 P	 26.17  
 41 K	 63.82  
 42 Q	 57.90  
 43 S	 38.33  
 44 K	 56.25  
 45 D	 73.65  
 46 A	 19.70  
 47 P	 42.85  
 48 K	 60.98  
 49 S	 28.58  
 50 F	 11.15  
 51 T	 23.76  
 52 F	 8.59  
 53 D	 28.54  
 54 Y	 10.24  
 55 S	 23.21  
 56 Y	 12.52  
 57 W	 4.25  
 58 S	 14.51  
 59 H	 14.17  
 60 T	 29.02  
 61 S	 20.34  
 62 V	 11.55  
 63 E	 64.84  
 64 D	 39.90  
 65 P	 20.06  
 66 Q	 59.88  
 67 F	 9.57  
 68 A	 10.94  
 69 S	 29.79  
 70 Q	 34.00  
 71 Q	 32.01  
 72 Q	 26.94  
 73 V	 3.53  
 74 Y	 9.76  
 75 R	 30.16  
 76 D	 35.24  
 77 I	 5.75  
 78 G	 29.15  
 79 E	 40.33  
 80 E	 29.89  
 81 M	 4.14  
 82 L	 3.42  
 83 L	 2.36  
 84 H	 25.14  
 85 A	 12.26  
 86 F	 5.35  
 87 E	 62.65  
 88 G	 16.92  
 89 Y	 9.38  
 90 N	 32.80  
 91 V	 1.67  
 92 C	 1.56  
 93 I	 1.60  
 94 F	 3.47  
 95 A	 6.40  
 96 Y	 10.06  
 97 G	 18.36  
 98 Q	 24.88  
 99 T	 25.33  
 100 G	 25.17  
 101 A	 26.15  
 102 G	 22.31  
 103 K	 39.49  
 104 S	 25.56  
 105 Y	 11.35  
 106 T	 14.05  
 107 M	 1.72  
 108 M	 2.85  
 109 G	 19.80  
 110 R	 21.57  
 111 Q	 56.35  
 112 E	 50.46  
 113 P	 37.24  
 114 G	 31.52  
 115 Q	 49.38  
 116 Q	 49.88  
 117 G	 18.25  
 118 I	 3.38  
 119 V	 2.94  
 120 P	 21.36  
 121 Q	 48.10  
 122 L	 2.57  
 123 C	 3.01  
 124 E	 67.36  
 125 D	 52.60  
 126 L	 1.64  
 127 F	 7.29  
 128 S	 42.49  
 129 R	 19.39  
 130 V	 10.19  
 131 N	 26.38  
 132 V	 6.71  
 133 N	 25.53  
 134 Q	 35.54  
 135 S	 16.87  
 136 A	 12.45  
 137 Q	 35.87  
 138 L	 5.33  
 139 S	 11.86  
 140 Y	 25.90  
 141 S	 14.39  
 142 V	 6.81  
 143 E	 21.58  
 144 V	 4.69  
 145 S	 12.78  
 146 Y	 12.16  
 147 M	 1.64  
 148 E	 23.67  
 149 I	 2.44  
 150 Y	 3.80  
 151 C	 3.10  
 152 E	 36.92  
 153 R	 25.80  
 154 V	 2.32  
 155 R	 34.77  
 156 D	 53.29  
 157 L	 3.31  
 158 L	 13.94  
 159 N	 49.61  
 160 P	 35.65  
 161 K	 52.27  
 162 S	 43.03  
 163 R	 44.86  
 164 G	 37.82  
 165 S	 16.34  
 166 L	 6.99  
 167 R	 27.43  
 168 V	 11.61  
 169 R	 30.03  
 170 E	 51.68  
 171 H	 12.25  
 172 P	 20.81  
 173 I	 8.19  
 174 L	 7.14  
 175 G	 16.53  
 176 P	 23.76  
 177 Y	 14.67  
 178 V	 3.93  
 179 Q	 39.83  
 180 D	 42.75  
 181 L	 2.45  
 182 S	 33.63  
 183 K	 48.00  
 184 L	 4.10  
 185 A	 13.28  
 186 V	 5.46  
 187 T	 15.48  
 188 S	 16.24  
 189 Y	 10.03  
 190 A	 11.08  
 191 D	 28.51  
 192 I	 2.15  
 193 A	 12.39  
 194 D	 42.74  
 195 L	 2.00  
 196 M	 4.05  
 197 D	 44.46  
 198 C	 3.94  
 199 G	 34.11  
 200 N	 40.94  
 201 K	 25.24  
 202 A	 19.17  
 203 R	 31.20  
 204 T	 21.25  
 205 V	 2.58  
 206 A	 14.14  
 207 A	 8.65  
 208 T	 25.84  
 209 N	 26.93  
 210 M	 4.10  
 211 N	 52.01  
 212 E	 39.02  
 213 T	 27.31  
 214 S	 19.99  
 215 S	 45.26  
 216 R	 32.03  
 217 S	 20.11  
 218 H	 25.46  
 219 A	 10.20  
 220 V	 3.49  
 221 F	 3.91  
 222 T	 15.05  
 223 I	 1.30  
 224 V	 3.74  
 225 F	 4.21  
 226 T	 16.51  
 227 Q	 33.15  
 228 R	 32.66  
 229 S	 22.92  
 230 H	 29.08  
 231 D	 46.56  
 232 Q	 35.18  
 233 L	 5.23  
 234 T	 30.02  
 235 G	 35.76  
 236 L	 5.73  
 237 D	 56.97  
 238 S	 44.34  
 239 E	 58.08  
 240 K	 56.62  
 241 V	 6.55  
 242 S	 35.03  
 243 K	 39.02  
 244 I	 2.76  
 245 S	 26.52  
 246 L	 3.86  
 247 V	 4.53  
 248 D	 35.77  
 249 L	 4.54  
 250 A	 18.27  
 251 G	 37.02  
 252 S	 20.50  
 253 E	 51.47  
 254 R	 45.45  
 255 A	 19.58  
 256 D	 49.94  
 257 S	 29.68  
 258 S	 36.70  
 259 G	 24.20  
 260 A	 13.55  
 261 R	 42.86  
 262 G	 12.67  
 263 M	 3.65  
 264 R	 45.49  
 265 L	 4.37  
 266 K	 43.68  
 267 E	 69.04  
 268 G	 23.49  
 269 A	 18.15  
 270 N	 49.58  
 271 I	 7.33  
 272 N	 27.89  
 273 K	 42.94  
 274 S	 26.85  
 275 L	 4.53  
 276 T	 27.37  
 277 T	 38.51  
 278 L	 5.42  
 279 G	 21.79  
 280 K	 39.24  
 281 V	 3.87  
 282 I	 1.96  
 283 S	 21.88  
 284 A	 8.81  
 285 L	 2.81  
 286 A	 18.38  
 287 D	 46.20  
 288 L	 5.28  
 289 Q	 54.47  
 290 S	 47.65  
 291 K	 43.57  
 292 K	 71.01  
 293 R	 47.66  
 294 K	 64.36  
 295 S	 41.61  
 296 D	 48.83  
 297 F	 8.60  
 298 I	 3.35  
 299 P	 20.35  
 300 Y	 23.41  
 301 R	 25.11  
 302 D	 36.94  
 303 S	 15.27  
 304 V	 6.90  
 305 L	 3.09  
 306 T	 16.35  
 307 W	 8.78  
 308 L	 4.05  
 309 L	 5.02  
 310 K	 42.24  
 311 E	 58.62  
 312 N	 42.26  
 313 L	 11.02  
 314 G	 44.83  
 315 G	 31.91  
 316 N	 26.90  
 317 S	 33.99  
 318 R	 30.42  
 319 T	 22.01  
 320 A	 6.05  
 321 M	 1.80  
 322 I	 1.56  
 323 A	 6.83  
 324 A	 9.54  
 325 L	 4.69  
 326 S	 17.20  
 327 P	 34.50  
 328 A	 27.26  
 329 D	 32.81  
 330 I	 6.85  
 331 N	 38.42  
 332 Y	 18.57  
 333 E	 39.76  
 334 E	 44.69  
 335 T	 17.67  
 336 L	 4.10  
 337 S	 32.58  
 338 T	 20.54  
 339 L	 3.37  
 340 R	 25.36  
 341 Y	 18.90  
 342 A	 8.06  
 343 D	 50.26  
 344 R	 35.33  
 345 T	 28.04  
 346 K	 44.62  
 347 Q	 27.96  
 348 I	 6.05  
 349 R	 12.73  
 350 C	 4.02  
 351 N	 27.65  
 352 A	 13.75  
 353 V	 2.76  
 354 I	 4.31  
 355 N	 40.81  
 356 E	 64.82  
 357 D	 36.95  
 358 P	 30.15  
 359 N	 50.44  
 360 A	 17.03  
 361 R	 36.97  
 362 L	 3.93  
 363 I	 2.40  
 364 R	 43.07  
 365 E	 48.05  
 366 L	 5.80  
 367 Q	 39.80  
 368 E	 68.04  
 369 E	 28.63  
 370 V	 3.55  
 371 A	 14.20  
 372 R	 35.12  
 373 L	 3.44  
 374 R	 27.29  
 375 D	 49.06  
 376 L	 2.59  
 377 L	 2.91  
 378 M	 3.21  
 379 A	 10.56  
 380 Q	 39.12  
 381 G	 16.44  
 382 L	 2.28  
 383 S	 27.31  
 384 A	 12.13  
 385 S	 22.20  
 386 A	 15.22  
 387 L	 5.32  
 388 G	 38.82  
 389 G	 24.15  
 390 L	 5.50  
 391 K	 51.37  
 392 V	 11.01  
 393 E	 55.86  
 394 E	 68.88  
 395 G	 26.15  
 396 S	 24.53  
 397 P	 55.18  
 398 G	 40.30  
 399 G	 22.60  
 400 V	 10.07  
 401 L	 4.81  
 402 P	 21.72  
 403 P	 40.38  
 404 A	 22.24  
 405 S	 49.50  
 406 S	 36.69  
 407 P	 26.95  
 408 P	 53.47  
 409 A	 18.71  
 410 P	 38.76  
 411 A	 35.86  
 412 S	 25.02  
 413 P	 40.72  
 414 S	 53.64  
 415 S	 44.82  
 416 P	 51.26  
 417 P	 44.74  
 418 P	 36.64  
 419 H	 61.78  
 420 N	 51.94  
 421 G	 37.52  
 422 E	 56.10  
 423 L	 14.38  
 424 E	 34.30  
 425 P	 53.98  
 426 S	 29.05  
 427 F	 21.32  
 428 S	 23.45  
 429 P	 35.23  
 430 S	 44.03  
 431 A	 35.55  
 432 E	 41.92  
 433 P	 30.70  
 434 Q	 44.79  
 435 I	 16.97  
 436 G	 20.51  
 437 P	 37.57  
 438 E	 53.85  
 439 E	 57.35  
 440 A	 11.95  
 441 M	 3.31  
 442 E	 58.23  
 443 R	 28.69  
 444 L	 3.25  
 445 Q	 62.88  
 446 E	 64.62  
 447 T	 29.62  
 448 E	 41.32  
 449 K	 47.00  
 450 I	 2.69  
 451 I	 3.45  
 452 A	 20.78  
 453 E	 41.54  
 454 L	 5.33  
 455 N	 35.84  
 456 E	 68.84  
 457 T	 36.78  
 458 W	 12.94  
 459 E	 53.31  
 460 E	 49.29  
 461 K	 41.92  
 462 L	 8.42  
 463 R	 55.72  
 464 K	 62.24  
 465 T	 21.76  
 466 E	 49.06  
 467 A	 13.00  
 468 L	 4.33  
 469 R	 31.78  
 470 M	 6.23  
 471 E	 40.72  
 472 R	 25.74  
 473 E	 30.29  
 474 A	 17.69  
 475 L	 3.89  
 476 L	 4.96  
 477 A	 12.94  
 478 E	 36.12  
 479 M	 4.32  
 480 G	 8.85  
 481 V	 4.25  
 482 A	 6.74  
 483 V	 6.82  
 484 R	 26.93  
 485 E	 55.18  
 486 D	 50.70  
 487 G	 28.99  
 488 G	 29.55  
 489 T	 21.44  
 490 V	 7.52  
 491 G	 18.00  
 492 V	 3.59  
 493 F	 9.47  
 494 S	 33.14  
 495 P	 30.60  
 496 K	 68.99  
 497 K	 71.34  
 498 T	 23.28  
 499 P	 27.91  
 500 H	 47.87  
 501 L	 2.62  
 502 V	 7.52  
 503 N	 43.43  
 504 L	 6.06  
 505 N	 46.55  
 506 E	 65.26  
 507 D	 40.33  
 508 P	 24.63  
 509 L	 10.24  
 510 M	 3.74  
 511 S	 32.61  
 512 E	 18.41  
 513 C	 2.20  
 514 L	 4.70  
 515 L	 4.40  
 516 Y	 6.64  
 517 H	 22.16  
 518 I	 2.48  
 519 K	 34.81  
 520 D	 57.08  
 521 G	 20.07  
 522 V	 4.42  
 523 T	 25.76  
 524 R	 28.32  
 525 V	 4.61  
 526 G	 20.64  
 527 Q	 25.94  
 528 V	 6.78  
 529 D	 25.20  
 530 V	 9.59  
 531 D	 28.04  
 532 I	 3.86  
 533 K	 35.22  
 534 L	 7.12  
 535 T	 24.76  
 536 G	 30.73  
 537 Q	 25.92  
 538 F	 6.34  
 539 I	 3.49  
 540 R	 38.52  
 541 E	 39.60  
 542 Q	 23.81  
 543 H	 12.90  
 544 C	 3.72  
 545 L	 3.61  
 546 F	 7.58  
 547 R	 22.26  
 548 S	 31.14  
 549 I	 2.99  
 550 P	 40.68  
 551 Q	 47.23  
 552 P	 46.34  
 553 D	 61.71  
 554 G	 35.76  
 555 E	 34.52  
 556 V	 4.58  
 557 M	 1.33  
 558 V	 7.16  
 559 T	 13.81  
 560 L	 4.74  
 561 E	 38.24  
 562 P	 25.27  
 563 C	 5.71  
 564 E	 72.63  
 565 G	 35.12  
 566 A	 5.44  
 567 E	 52.07  
 568 T	 32.03  
 569 Y	 5.39  
 570 V	 11.27  
 571 N	 31.31  
 572 G	 18.03  
 573 K	 34.28  
 574 L	 6.46  
 575 V	 6.93  
 576 T	 42.18  
 577 E	 29.20  
 578 P	 20.57  
 579 L	 6.00  
 580 V	 10.40  
 581 L	 4.87  
 582 K	 49.16  
 583 S	 36.82  
 584 G	 26.33  
 585 N	 37.28  
 586 R	 26.80  
 587 I	 2.65  
 588 V	 3.60  
 589 M	 6.18  
 590 G	 19.40  
 591 K	 26.28  
 592 N	 30.72  
 593 H	 24.47  
 594 V	 5.28  
 595 F	 6.00  
 596 R	 30.30  
 597 F	 7.18  
 598 N	 45.61  
 599 H	 25.27  
 600 P	 36.18  
 601 E	 49.69  
 602 Q	 35.91  
 603 A	 19.16  
 604 R	 36.45  
 605 L	 9.02  
 606 E	 47.12  
 607 R	 43.43  
 608 E	 44.40  
 609 R	 58.59  
 610 G	 31.37  
 611 V	 8.89  
 612 P	 38.20  
 613 P	 45.36  
 614 P	 40.17  
 615 P	 73.94  
 616 G	 53.15  
 617 P	 34.71  
 618 P	 58.18  
 619 S	 58.63  
 620 E	 55.93  
 621 P	 33.43  
 622 V	 13.46  
 623 D	 45.37  
 624 W	 11.32  
 625 N	 20.22  
 626 F	 7.12  
 627 A	 19.13  
 628 Q	 35.30  
 629 K	 47.07  
 630 E	 46.65  
 631 L	 9.10  
 632 L	 6.15  
 633 E	 54.18  
 634 Q	 46.93  
 635 Q	 41.24  
 636 G	 21.16  
 637 I	 4.26  
 638 D	 38.50  
 639 I	 5.32  
 640 K	 34.35  
 641 L	 8.49  
 642 E	 40.05  
 643 M	 12.17  
 644 E	 26.16  
 645 K	 58.03  
 646 R	 25.03  
 647 L	 7.42  
 648 Q	 58.22  
 649 D	 61.62  
 650 L	 4.25  
 651 E	 51.05  
 652 N	 52.02  
 653 Q	 29.99  
 654 Y	 34.92  
 655 R	 30.78  
 656 K	 69.11  
 657 E	 57.62  
 658 K	 64.98  
 659 E	 60.55  
 660 E	 59.56  
 661 A	 17.53  
 662 D	 40.92  
 663 L	 8.29  
 664 L	 5.21  
 665 L	 7.89  
 666 E	 44.64  
 667 Q	 33.39  
 668 Q	 28.15  
 669 R	 29.38  
 670 L	 3.43  
 671 Y	 15.56  
 672 A	 17.89  
 673 D	 39.15  
 674 S	 26.04  
 675 D	 62.30  
 676 S	 48.29  
 677 G	 47.96  
 678 E	 59.29  
 679 D	 66.71  
 680 S	 40.50  
 681 D	 63.81  
 682 K	 50.60  
 683 R	 52.08  
 684 S	 31.46  
 685 C	 8.58  
 686 E	 57.20  
 687 E	 60.99  
 688 S	 8.66  
 689 W	 11.46  
 690 R	 31.27  
 691 L	 3.47  
 692 I	 1.65  
 693 S	 28.10  
 694 S	 25.18  
 695 L	 5.80  
 696 R	 31.40  
 697 E	 62.86  
 698 Q	 53.49  
 699 L	 4.74  
 700 P	 24.72  
 701 P	 49.66  
 702 T	 37.35  
 703 T	 26.35  
 704 V	 4.51  
 705 Q	 31.66  
 706 N	 36.36  
 707 I	 1.85  
 708 V	 4.14  
 709 K	 37.87  
 710 R	 14.61  
 711 C	 5.63  
 712 G	 44.66  
 713 L	 4.21  
 714 P	 16.25  
 715 S	 57.68  
 716 S	 46.52  
 717 G	 31.65  
 718 K	 40.43  
 719 R	 43.44  
 720 R	 53.05  
 721 A	 13.14  
 722 P	 23.85  
 723 R	 39.45  
 724 R	 30.36  
 725 V	 4.32  
 726 Y	 10.02  
 727 Q	 37.72  
 728 I	 1.39  
 729 P	 13.19  
 730 Q	 53.81  
 731 R	 21.97  
 732 R	 38.11  
 733 R	 33.29  
 734 L	 8.15  
 735 Q	 55.89  
 736 G	 40.71  
 737 K	 52.15  
 738 D	 44.83  
 739 P	 36.88  
 740 R	 45.88  
 741 W	 11.06  
 742 A	 6.70  
 743 T	 13.11  
 744 M	 1.79  
 745 A	 18.03  
 746 D	 35.68  
 747 L	 3.45  
 748 K	 29.52  
 749 M	 3.93  
 750 Q	 41.22  
 751 A	 15.73  
 752 V	 3.00  
 753 K	 44.36  
 754 E	 31.52  
 755 I	 2.22  
 756 C	 2.19  
 757 Y	 21.06  
 758 E	 19.53  
 759 V	 1.82  
 760 A	 5.77  
 761 L	 5.92  
 762 A	 12.26  
 763 D	 41.80  
 764 F	 5.30  
 765 R	 31.72  
 766 H	 30.04  
 767 G	 26.66  
 768 R	 23.95  
 769 A	 27.06  
 770 E	 39.75  
 771 I	 3.51  
 772 E	 29.18  
 773 A	 14.25  
 774 L	 1.53  
 775 A	 20.14  
 776 A	 14.47  
 777 L	 3.59  
 778 K	 31.05  
 779 M	 4.13  
 780 R	 31.95  
 781 E	 49.04  
 782 L	 1.36  
 783 C	 2.33  
 784 R	 43.54  
 785 T	 35.31  
 786 Y	 12.10  
 787 G	 38.13  
 788 K	 29.49  
 789 P	 47.62  
 790 E	 79.91  
 791 G	 39.76  
 792 P	 35.51  
 793 G	 48.39  
 794 D	 46.20  
 795 A	 11.99  
 796 W	 8.10  
 797 R	 22.39  
 798 A	 6.66  
 799 V	 3.18  
 800 A	 10.85  
 801 R	 32.20  
 802 D	 35.80  
 803 V	 4.08  
 804 W	 10.39  
 805 D	 31.22  
 806 T	 18.07  
 807 V	 9.35  
 808 G	 38.40  
 809 E	 48.84  
 810 E	 54.48  
 811 E	 56.32  
 812 G	 20.74  
 813 C	 5.32  
 814 G	 48.95  
 815 G	 35.33  
 816 G	 19.50  
 817 G	 40.33  
 818 G	 39.46  
 819 G	 34.85  
 820 S	 35.43  
 821 E	 64.82  
 822 E	 60.91  
 823 G	 19.27  
 824 A	 15.26  
 825 R	 56.57  
 826 G	 26.09  
 827 A	 16.47  
 828 E	 49.62  
 829 V	 7.41  
 830 E	 42.72  
 831 D	 46.78  
 832 L	 3.09  
 833 R	 36.12  
 834 A	 15.98  
 835 H	 23.50  
 836 I	 4.95  
 837 D	 30.00  
 838 K	 47.55  
 839 L	 4.74  
 840 T	 28.10  
 841 G	 29.10  
 842 I	 2.78  
 843 L	 3.62  
 844 Q	 52.06  
 845 E	 37.87  
 846 V	 4.90  
 847 K	 43.53  
 848 L	 7.62  
 849 Q	 41.88  
 850 N	 59.70  
 851 S	 26.29  
 852 S	 46.23  
 853 K	 61.70  
 854 D	 51.76  
 855 R	 50.70  
 856 E	 56.20  
 857 L	 3.63  
 858 Q	 33.33  
 859 A	 19.72  
 860 L	 3.64  
 861 R	 32.29  
 862 D	 40.99  
 863 R	 21.43  
 864 M	 3.05  
 865 L	 4.99  
 866 R	 18.64  
 867 M	 3.21  
 868 E	 37.04  
 869 R	 23.48  
 870 V	 3.17  
 871 I	 2.64  
 872 P	 26.88  
 873 L	 4.64  
 874 T	 18.06  
 875 Q	 62.06  
 876 D	 46.95  
 877 L	 5.82  
 878 E	 72.16  
 879 D	 68.27  
 880 D	 55.92  
 881 N	 68.24  
 882 D	 59.44  
 883 E	 53.62  
 884 S	 40.05  
 885 G	 23.32  
 886 L	 4.28  
 887 V	 4.85  
 888 T	 22.43  
 889 W	 10.17  
 890 A	 10.62  
 891 P	 21.02  
 892 P	 51.97  
 893 E	 83.05  
 894 G	 30.99  
 895 P	 25.39  
 896 E	 75.98  
 897 A	 19.70  
 898 V	 6.96  
 899 E	 55.81  
 900 E	 48.81  
 901 T	 27.97  
 902 V	 4.76  
 903 P	 48.20  
 904 N	 56.12  
 905 D	 37.26  
 906 H	 42.18  
 907 S	 19.88  
 908 P	 31.21  
 909 A	 16.99  
 910 V	 9.52  
 911 R	 30.77  
 912 P	 30.54  
 913 T	 43.21  
 914 S	 27.48  
 915 P	 36.01  
 916 P	 44.64  
 917 L	 7.81  
 918 S	 38.90  
 919 S	 40.41  
 920 W	 8.27  
 921 E	 45.19  
 922 R	 26.00  
 923 V	 2.37  
 924 S	 26.39  
 925 R	 34.89  
 926 L	 3.84  
 927 M	 5.28  
 928 E	 64.93  
 929 E	 56.16  
 930 D	 26.90  
 931 P	 36.26  
 932 A	 23.93  
 933 F	 7.14  
 934 R	 42.10  
 935 R	 28.29  
 936 G	 28.81  
 937 R	 21.19  
 938 L	 5.26  
 939 R	 35.01  
 940 W	 16.71  
 941 L	 3.12  
 942 K	 44.84  
 943 Q	 41.31  
 944 E	 50.42  
 945 Q	 29.41  
 946 L	 6.09  
 947 R	 25.34  
 948 L	 6.87  
 949 Q	 44.08  
 950 G	 25.26  
 951 L	 2.47  
 952 Q	 46.65  
 953 G	 31.09  
 954 A	 12.33  
 955 G	 32.91  
 956 G	 25.24  
 957 R	 39.40  
 958 G	 37.48  
 959 G	 30.51  
 960 G	 20.87  
 961 L	 4.80  
 962 R	 52.94  
 963 R	 46.74  
 964 P	 22.07  
 965 P	 33.97  
 966 A	 21.89  
 967 R	 38.58  
 968 F	 11.98  
 969 V	 6.33  
 970 P	 20.14  
 971 P	 30.55  
 972 H	 47.21  
 973 D	 36.70  
 974 C	 3.98  
 975 K	 49.07  
 976 L	 9.55  
 977 R	 23.76  
 978 F	 13.95  
 979 P	 29.35  
 980 F	 14.41  
 981 K	 49.95  
 982 S	 54.87  
 983 N	 40.62  
 984 P	 38.15  
 985 Q	 53.15  
 986 H	 36.41  
 987 R	 34.10  
 988 E	 55.84  
 989 S	 38.23  
 990 W	 6.68  
 991 P	 31.97  
 992 G	 27.16  
 993 M	 3.19  
 994 G	 38.11  
 995 S	 25.27  
 996 G	 29.38  
 997 E	 53.85  
 998 A	 14.74  
 999 P	 39.92  
 1000 A	 23.55  
 1001 P	 46.26  
 1002 Q	 69.18  
 1003 P	 36.89  
 1004 P	 45.17  
 1005 E	 72.31  
 1006 E	 49.62  
 1007 V	 6.61  
 1008 T	 30.49  
 1009 V	 6.89  
 1010 P	 15.23  
 1011 P	 53.73  
 1012 A	 26.55  
 1013 P	 32.26  
 1014 P	 49.41  
 1015 N	 52.08  
 1016 R	 59.25  
 1017 R	 54.87  
 1018 P	 30.40  
 1019 P	 55.97  
 1020 S	 33.45  
 1021 P	 41.91  
 1022 R	 69.93  
 1023 R	 34.46  
 1024 P	 28.64  
 1025 H	 38.24  
 1026 R	 34.24  
 1027 S	 32.34  
 1028 R	 41.58  
 1029 R	 38.03  
 1030 N	 45.90  
 1031 S	 26.48  
 1032 L	 8.95  
 1033 D	 60.26  
 1034 G	 41.07  
 1035 G	 21.39  
 1036 S	 32.39  
 1037 R	 33.38  
 1038 S	 36.65  
 1039 R	 46.82  
 1040 G	 46.16  
 1041 G	 26.26  
 1042 G	 30.28  
 1043 S	 27.43  
 1044 T	 51.96  
 1045 Q	 41.90  
 1046 P	 56.15  
 1047 E	 48.01  
 1048 P	 33.31  
 1049 Q	 46.73  
 1050 H	 34.22  
 1051 L	 7.81  
 1052 R	 29.49  
 1053 P	 54.66  
 1054 Q	 53.88  
 1055 K	 41.54  
 1056 H	 27.92  
 1057 N	 59.74  
 1058 G	 34.91  
 1059 Y	 11.82  
 1060 P	 27.94  
 1061 Q	 60.13  
 1062 Q	 33.81  
 1063 P	 42.68  
 1064 Q	 46.92  
 1065 P	 49.30  
 1066 S	 27.85  
 1067 P	 38.81  
 1068 A	 23.50  
 1069 Q	 56.32  
 1070 R	 40.00  
 1071 P	 45.09  
 1072 G	 22.85  
 1073 P	 35.00  
 1074 R	 63.61  
 1075 Y	 16.22  
 1076 P	 19.39  
 1077 P	 30.12  
 1078 Y	 20.81  
 1079 T	 38.30  
 1080 T	 26.00  
 1081 P	 13.49  
 1082 P	 40.38  
 1083 R	 32.23  
 1084 M	 5.23  
 1085 R	 32.62  
 1086 R	 27.24  
 1087 Q	 33.06  
 1088 R	 32.73  
 1089 S	 35.50  
 1090 A	 12.10  
 1091 P	 49.03  
 1092 D	 70.82  
 1093 L	 6.89  
 1094 K	 58.16  
 1095 E	 62.80  
 1096 S	 31.95  
 1097 G	 20.74  
 1098 A	 17.84  
 1099 A	 15.86  
 1100 V	 8.81  
