 1 M	 14.06  
 2 G	 51.21  
 3 T	 26.47  
 4 P	 27.79  
 5 K	 74.75  
 6 Q	 33.74  
 7 P	 37.12  
 8 S	 34.37  
 9 L	 9.35  
 10 A	 11.99  
 11 P	 29.85  
 12 A	 8.58  
 13 H	 22.04  
 14 A	 12.87  
 15 L	 4.82  
 16 G	 24.99  
 17 L	 6.92  
 18 R	 34.33  
 19 K	 65.34  
 20 S	 42.47  
 21 D	 48.78  
 22 P	 47.40  
 23 G	 32.69  
 24 I	 3.09  
 25 R	 31.57  
 26 S	 34.85  
 27 L	 5.67  
 28 G	 25.40  
 29 S	 29.58  
 30 D	 47.65  
 31 A	 24.84  
 32 G	 34.82  
 33 G	 20.08  
 34 R	 33.79  
 35 R	 36.71  
 36 W	 14.84  
 37 R	 14.79  
 38 P	 25.61  
 39 A	 15.01  
 40 A	 12.50  
 41 Q	 37.22  
 42 S	 19.48  
 43 M	 1.58  
 44 F	 7.83  
 45 Q	 41.50  
 46 I	 2.11  
 47 P	 29.46  
 48 E	 65.36  
 49 F	 16.36  
 50 E	 46.37  
 51 P	 48.78  
 52 S	 44.72  
 53 E	 69.57  
 54 Q	 59.20  
 55 E	 52.04  
 56 D	 45.58  
 57 A	 14.18  
 58 S	 44.13  
 59 T	 34.14  
 60 T	 22.62  
 61 D	 42.62  
 62 R	 39.89  
 63 G	 37.48  
 64 L	 10.71  
 65 G	 16.75  
 66 P	 31.07  
 67 S	 46.23  
 68 L	 7.37  
 69 T	 41.68  
 70 E	 61.00  
 71 D	 55.53  
 72 Q	 38.32  
 73 P	 59.03  
 74 G	 20.18  
 75 P	 27.87  
 76 Y	 22.78  
 77 L	 5.37  
 78 A	 7.11  
 79 P	 31.22  
 80 G	 28.11  
 81 L	 4.82  
 82 L	 6.65  
 83 G	 21.99  
 84 S	 21.40  
 85 I	 2.84  
 86 V	 4.50  
 87 Q	 34.22  
 88 Q	 40.31  
 89 Q	 27.31  
 90 P	 32.31  
 91 G	 25.97  
 92 Q	 43.94  
 93 A	 20.33  
 94 A	 14.09  
 95 N	 54.26  
 96 N	 37.68  
 97 S	 19.37  
 98 H	 26.24  
 99 H	 35.88  
 100 G	 23.40  
 101 G	 19.24  
 102 A	 18.18  
 103 G	 28.95  
 104 T	 15.99  
 105 M	 4.91  
 106 E	 40.69  
 107 T	 24.11  
 108 R	 20.56  
 109 S	 41.59  
 110 R	 30.34  
 111 H	 23.49  
 112 S	 30.38  
 113 S	 29.07  
 114 Y	 10.50  
 115 P	 26.59  
 116 A	 29.34  
 117 G	 29.20  
 118 T	 38.00  
 119 E	 63.63  
 120 E	 62.29  
 121 D	 52.06  
 122 E	 64.81  
 123 G	 40.92  
 124 M	 5.72  
 125 E	 60.21  
 126 E	 56.18  
 127 E	 41.04  
 128 L	 9.97  
 129 S	 25.85  
 130 P	 35.26  
 131 F	 13.37  
 132 R	 42.89  
 133 G	 32.09  
 134 R	 25.33  
 135 S	 33.15  
 136 R	 35.16  
 137 S	 46.50  
 138 A	 23.59  
 139 P	 21.40  
 140 P	 48.54  
 141 N	 47.35  
 142 L	 3.98  
 143 W	 9.01  
 144 A	 9.25  
 145 A	 5.25  
 146 Q	 31.23  
 147 R	 31.01  
 148 Y	 14.41  
 149 G	 20.83  
 150 R	 30.73  
 151 E	 42.12  
 152 L	 3.97  
 153 R	 27.74  
 154 R	 41.40  
 155 M	 4.84  
 156 S	 31.98  
 157 D	 56.09  
 158 E	 37.99  
 159 F	 18.08  
 160 E	 52.46  
 161 G	 43.64  
 162 S	 19.31  
 163 F	 12.22  
 164 K	 62.32  
 165 G	 38.61  
 166 L	 3.16  
 167 P	 60.23  
 168 R	 57.21  
 169 P	 32.77  
 170 K	 54.97  
 171 S	 34.31  
 172 A	 26.02  
 173 G	 23.99  
 174 T	 26.67  
 175 A	 8.56  
 176 T	 23.80  
 177 Q	 23.69  
 178 M	 3.51  
 179 R	 19.93  
 180 Q	 37.70  
 181 S	 17.57  
 182 A	 10.76  
 183 S	 33.94  
 184 W	 6.87  
 185 T	 14.97  
 186 R	 20.11  
 187 I	 2.35  
 188 I	 2.09  
 189 Q	 30.54  
 190 S	 21.52  
 191 W	 5.66  
 192 W	 10.42  
 193 D	 24.27  
 194 R	 26.93  
 195 N	 51.15  
 196 L	 8.58  
 197 G	 30.06  
 198 K	 64.36  
 199 G	 33.22  
 200 G	 31.65  
 201 S	 45.90  
 202 T	 30.18  
 203 P	 32.22  
 204 S	 48.92  
 205 Q	 59.54  
