 1 M	 4.95  
 2 A	 15.74  
 3 A	 12.61  
 4 V	 4.56  
 5 G	 18.82  
 6 S	 23.57  
 7 G	 27.48  
 8 G	 18.02  
 9 Y	 13.10  
 10 A	 13.69  
 11 R	 32.83  
 12 N	 35.00  
 13 D	 50.85  
 14 A	 31.43  
 15 G	 35.12  
 16 E	 53.81  
 17 K	 65.85  
 18 L	 3.13  
 19 P	 35.63  
 20 S	 34.65  
 21 V	 2.62  
 22 M	 2.93  
 23 A	 17.42  
 24 G	 14.08  
 25 V	 2.14  
 26 P	 21.09  
 27 A	 16.05  
 28 R	 36.87  
 29 R	 50.00  
 30 G	 26.60  
 31 Q	 38.64  
 32 S	 47.86  
 33 S	 33.27  
 34 P	 44.11  
 35 P	 39.37  
 36 P	 61.86  
 37 A	 28.42  
 38 P	 25.27  
 39 P	 31.84  
 40 I	 3.17  
 41 C	 2.74  
 42 L	 5.03  
 43 R	 22.94  
 44 R	 31.23  
 45 R	 20.12  
 46 T	 33.86  
 47 R	 25.48  
 48 L	 5.43  
 49 S	 20.73  
 50 T	 38.50  
 51 A	 16.15  
 52 S	 35.73  
 53 E	 56.05  
 54 E	 52.35  
 55 T	 24.28  
 56 V	 5.55  
 57 Q	 39.16  
 58 N	 41.82  
 59 R	 11.43  
 60 V	 11.40  
 61 S	 27.81  
 62 L	 7.26  
 63 E	 33.34  
 64 K	 48.31  
 65 V	 4.29  
 66 L	 6.43  
 67 G	 20.42  
 68 I	 2.23  
 69 T	 22.01  
 70 A	 12.49  
 71 Q	 41.51  
 72 N	 35.36  
 73 S	 17.44  
 74 S	 45.42  
 75 G	 25.48  
 76 L	 4.68  
 77 T	 20.56  
 78 C	 7.75  
 79 D	 39.15  
 80 P	 44.38  
 81 G	 30.95  
 82 T	 29.51  
 83 G	 21.13  
 84 H	 10.81  
 85 V	 3.86  
 86 A	 6.48  
 87 Y	 8.94  
 88 L	 2.08  
 89 A	 9.17  
 90 G	 11.36  
 91 C	 1.42  
 92 V	 3.64  
 93 V	 2.29  
 94 V	 1.47  
 95 I	 2.14  
 96 L	 6.61  
 97 D	 40.89  
 98 P	 42.27  
 99 K	 73.85  
 100 E	 75.05  
 101 N	 54.27  
 102 K	 53.04  
 103 Q	 52.22  
 104 Q	 33.00  
 105 H	 24.90  
 106 I	 2.18  
 107 F	 6.62  
 108 N	 32.02  
 109 T	 19.65  
 110 A	 20.29  
 111 R	 27.36  
 112 K	 53.97  
 113 S	 23.23  
 114 L	 3.78  
 115 S	 28.47  
 116 A	 16.67  
 117 L	 4.22  
 118 A	 14.00  
 119 S	 43.16  
 120 S	 22.77  
 121 P	 52.45  
 122 D	 69.07  
 123 G	 28.22  
 124 K	 38.90  
 125 Y	 13.22  
 126 I	 2.26  
 127 V	 5.23  
 128 T	 29.26  
 129 G	 18.58  
 130 E	 51.15  
 131 N	 53.57  
 132 G	 17.55  
 133 H	 44.10  
 134 R	 23.44  
 135 P	 29.45  
 136 A	 11.81  
 137 V	 5.17  
 138 R	 26.79  
 139 I	 2.71  
 140 W	 7.95  
 141 D	 35.26  
 142 V	 6.51  
 143 E	 61.86  
 144 E	 58.09  
 145 K	 38.89  
 146 N	 44.85  
 147 Q	 47.03  
 148 V	 7.33  
 149 A	 6.16  
 150 E	 35.76  
 151 M	 3.81  
 152 L	 4.97  
 153 G	 17.58  
 154 H	 19.06  
 155 K	 41.73  
 156 Y	 15.91  
 157 G	 12.83  
 158 V	 3.19  
 159 A	 4.26  
 160 C	 1.79  
 161 V	 4.31  
 162 A	 10.09  
 163 F	 6.60  
 164 S	 12.96  
 165 P	 38.18  
 166 N	 51.43  
 167 M	 3.67  
 168 K	 36.50  
 169 H	 18.21  
 170 I	 1.73  
 171 V	 3.01  
 172 S	 13.09  
 173 M	 3.92  
 174 G	 16.08  
 175 Y	 8.27  
 176 Q	 22.00  
 177 H	 19.36  
 178 D	 17.23  
 179 M	 3.29  
 180 V	 4.36  
 181 L	 3.25  
 182 N	 22.79  
 183 V	 4.25  
 184 W	 12.50  
 185 D	 42.93  
 186 W	 8.22  
 187 K	 37.79  
 188 K	 48.73  
 189 D	 34.88  
 190 I	 3.54  
 191 V	 4.16  
 192 V	 5.03  
 193 A	 9.11  
 194 S	 26.10  
 195 N	 38.72  
 196 K	 32.79  
 197 V	 8.37  
 198 S	 9.60  
 199 C	 4.51  
 200 R	 18.51  
 201 V	 3.35  
 202 I	 1.32  
 203 A	 8.36  
 204 L	 3.50  
 205 S	 20.08  
 206 F	 10.89  
 207 S	 36.80  
 208 E	 60.96  
 209 D	 41.50  
 210 S	 23.92  
 211 S	 34.61  
 212 Y	 13.16  
 213 F	 3.92  
 214 V	 3.01  
 215 T	 16.88  
 216 V	 5.56  
 217 G	 18.98  
 218 N	 26.92  
 219 R	 24.61  
 220 H	 21.07  
 221 V	 4.95  
 222 R	 19.56  
 223 F	 5.42  
 224 W	 6.07  
 225 F	 3.71  
 226 L	 4.66  
 227 E	 25.58  
 228 V	 10.50  
 229 S	 15.91  
 230 T	 53.50  
 231 E	 38.84  
 232 T	 30.79  
 233 K	 36.96  
 234 V	 7.16  
 235 T	 21.89  
 236 S	 30.32  
 237 T	 19.44  
 238 V	 3.28  
 239 P	 22.78  
 240 L	 5.76  
 241 V	 4.98  
 242 G	 26.22  
 243 R	 25.00  
 244 S	 25.02  
 245 G	 20.13  
 246 I	 4.75  
 247 L	 5.07  
 248 G	 33.24  
 249 E	 43.33  
 250 L	 5.06  
 251 H	 22.46  
 252 N	 56.78  
 253 N	 20.26  
 254 I	 3.52  
 255 F	 3.01  
 256 C	 3.67  
 257 G	 10.18  
 258 V	 4.13  
 259 A	 3.86  
 260 C	 3.38  
 261 G	 25.91  
 262 R	 29.45  
 263 G	 14.70  
 264 R	 15.49  
 265 M	 5.73  
 266 A	 13.87  
 267 G	 20.20  
 268 S	 14.58  
 269 T	 21.82  
 270 F	 4.08  
 271 C	 1.69  
 272 V	 5.41  
 273 S	 18.11  
 274 Y	 6.07  
 275 S	 18.56  
 276 G	 17.90  
 277 L	 3.39  
 278 L	 2.17  
 279 C	 5.37  
 280 Q	 44.14  
 281 F	 14.39  
 282 N	 28.18  
 283 E	 43.45  
 284 K	 49.24  
 285 R	 31.88  
 286 V	 13.83  
 287 L	 6.95  
 288 E	 43.41  
 289 K	 49.57  
 290 W	 3.86  
 291 I	 6.83  
 292 N	 32.47  
 293 L	 4.22  
 294 K	 25.86  
 295 V	 8.62  
 296 S	 22.43  
 297 L	 4.97  
 298 S	 16.11  
 299 S	 19.19  
 300 C	 2.83  
 301 L	 3.31  
 302 C	 3.04  
 303 V	 4.22  
 304 S	 19.55  
 305 Q	 29.17  
 306 E	 36.01  
 307 L	 2.56  
 308 I	 2.36  
 309 F	 4.59  
 310 C	 3.29  
 311 G	 13.45  
 312 C	 3.09  
 313 T	 23.65  
 314 D	 49.23  
 315 G	 11.35  
 316 I	 1.78  
 317 V	 4.73  
 318 R	 23.29  
 319 I	 1.76  
 320 F	 3.53  
 321 Q	 35.48  
 322 A	 5.40  
 323 H	 21.80  
 324 S	 21.62  
 325 L	 1.90  
 326 H	 20.69  
 327 Y	 16.89  
 328 L	 1.45  
 329 A	 14.35  
 330 N	 55.04  
 331 L	 4.86  
 332 P	 48.19  
 333 K	 47.82  
 334 P	 21.29  
 335 H	 36.25  
 336 Y	 17.43  
 337 L	 4.98  
 338 G	 13.35  
 339 V	 5.03  
 340 D	 28.39  
 341 V	 3.88  
 342 A	 8.02  
 343 Q	 57.78  
 344 G	 23.44  
 345 L	 6.10  
 346 E	 45.80  
 347 P	 35.11  
 348 S	 25.80  
 349 F	 14.29  
 350 L	 4.08  
 351 F	 5.02  
 352 H	 32.26  
 353 R	 32.33  
 354 K	 41.85  
 355 A	 15.22  
 356 E	 41.52  
 357 A	 15.82  
 358 V	 5.54  
 359 Y	 11.48  
 360 P	 24.97  
 361 D	 35.81  
 362 T	 11.81  
 363 V	 5.53  
 364 A	 11.72  
 365 L	 4.22  
 366 T	 19.09  
 367 F	 12.52  
 368 D	 35.69  
 369 P	 23.05  
 370 I	 3.98  
 371 H	 20.39  
 372 Q	 43.45  
 373 W	 3.98  
 374 L	 1.98  
 375 S	 9.89  
 376 C	 3.48  
 377 V	 6.30  
 378 Y	 18.28  
 379 K	 28.68  
 380 D	 24.07  
 381 H	 16.37  
 382 S	 27.50  
 383 I	 2.31  
 384 Y	 10.04  
 385 I	 2.11  
 386 W	 6.33  
 387 D	 28.20  
 388 V	 3.45  
 389 K	 50.87  
 390 D	 43.15  
 391 I	 2.69  
 392 N	 42.60  
 393 R	 38.61  
 394 V	 8.22  
 395 G	 18.63  
 396 K	 37.36  
 397 V	 5.82  
 398 W	 6.92  
 399 S	 27.66  
 400 E	 39.48  
 401 L	 3.80  
 402 F	 4.63  
 403 H	 28.58  
 404 S	 18.94  
 405 S	 18.35  
 406 Y	 16.70  
 407 V	 3.03  
 408 W	 8.56  
 409 N	 15.27  
 410 V	 2.85  
 411 E	 32.87  
 412 V	 9.34  
 413 Y	 5.41  
 414 P	 45.00  
 415 E	 43.94  
 416 F	 12.39  
 417 E	 52.12  
 418 D	 48.89  
 419 Q	 27.89  
 420 R	 39.32  
 421 A	 8.12  
 422 C	 6.64  
 423 L	 3.55  
 424 P	 36.21  
 425 S	 33.84  
 426 G	 22.07  
 427 S	 22.78  
 428 F	 8.16  
 429 L	 5.17  
 430 T	 14.34  
 431 C	 3.89  
 432 S	 35.18  
 433 S	 36.71  
 434 D	 39.74  
 435 N	 39.08  
 436 T	 20.65  
 437 I	 4.25  
 438 R	 28.61  
 439 F	 4.48  
 440 W	 8.47  
 441 N	 31.12  
 442 L	 5.01  
 443 D	 43.80  
 444 S	 47.11  
 445 S	 32.18  
 446 P	 51.59  
 447 D	 55.90  
 448 S	 29.97  
 449 H	 38.06  
 450 W	 18.13  
 451 Q	 24.40  
 452 K	 46.98  
 453 N	 25.99  
 454 I	 5.29  
 455 F	 6.87  
 456 S	 25.71  
 457 N	 24.81  
 458 T	 32.06  
 459 L	 5.22  
 460 L	 3.58  
 461 K	 32.54  
 462 V	 3.66  
 463 V	 4.18  
 464 Y	 12.67  
 465 V	 3.61  
 466 E	 31.34  
 467 N	 41.46  
 468 D	 28.55  
 469 I	 4.13  
 470 Q	 33.82  
 471 H	 26.28  
 472 L	 2.37  
 473 Q	 42.08  
 474 D	 47.08  
 475 M	 1.85  
 476 S	 30.20  
 477 H	 31.46  
 478 F	 5.44  
 479 P	 25.60  
 480 D	 67.63  
 481 R	 51.26  
 482 G	 46.85  
 483 S	 28.87  
 484 E	 63.60  
 485 N	 62.43  
 486 G	 27.43  
 487 T	 27.33  
 488 P	 20.55  
 489 M	 10.45  
 490 D	 39.71  
 491 V	 3.58  
 492 K	 34.85  
 493 A	 22.89  
 494 G	 11.31  
 495 V	 5.08  
 496 R	 19.78  
 497 V	 2.67  
 498 M	 1.97  
 499 Q	 29.67  
 500 V	 4.91  
 501 S	 10.61  
 502 P	 51.39  
 503 D	 62.98  
 504 G	 21.86  
 505 Q	 35.48  
 506 H	 28.97  
 507 L	 2.89  
 508 A	 14.89  
 509 S	 47.81  
 510 G	 28.83  
 511 D	 38.79  
 512 R	 50.41  
 513 S	 36.45  
 514 G	 37.78  
 515 N	 27.65  
 516 L	 6.58  
 517 R	 32.02  
 518 I	 3.14  
 519 H	 25.73  
 520 E	 41.38  
 521 L	 2.03  
 522 H	 17.01  
 523 F	 11.74  
 524 M	 2.45  
 525 D	 45.17  
 526 E	 43.61  
 527 L	 3.83  
 528 V	 6.50  
 529 K	 47.16  
 530 V	 6.48  
 531 E	 34.27  
 532 A	 14.62  
 533 H	 22.70  
 534 D	 52.01  
 535 A	 10.03  
 536 E	 41.92  
 537 V	 4.98  
 538 L	 1.76  
 539 C	 3.07  
 540 L	 6.39  
 541 E	 46.92  
 542 Y	 14.73  
 543 S	 32.15  
 544 K	 46.07  
 545 P	 38.14  
 546 E	 60.28  
 547 T	 46.12  
 548 G	 18.27  
 549 L	 3.88  
 550 T	 22.52  
 551 L	 4.52  
 552 L	 2.74  
 553 A	 13.23  
 554 S	 27.09  
 555 A	 11.72  
 556 S	 32.02  
 557 R	 32.55  
 558 D	 47.44  
 559 R	 34.14  
 560 L	 3.58  
 561 I	 1.89  
 562 H	 23.70  
 563 V	 3.09  
 564 L	 3.53  
 565 N	 38.52  
 566 V	 10.95  
 567 E	 34.21  
 568 K	 61.52  
 569 N	 19.88  
 570 Y	 31.99  
 571 N	 46.63  
 572 L	 3.49  
 573 E	 37.57  
 574 Q	 50.99  
 575 T	 23.84  
 576 L	 7.92  
 577 D	 55.77  
 578 D	 46.83  
 579 H	 29.28  
 580 S	 32.54  
 581 S	 23.49  
 582 S	 27.29  
 583 I	 3.05  
 584 T	 25.03  
 585 A	 10.99  
 586 I	 2.56  
 587 K	 27.05  
 588 F	 9.58  
 589 A	 14.89  
 590 G	 32.60  
 591 N	 34.71  
 592 R	 41.30  
 593 D	 39.20  
 594 I	 2.43  
 595 Q	 27.69  
 596 M	 2.19  
 597 I	 1.44  
 598 S	 10.93  
 599 C	 3.45  
 600 G	 29.98  
 601 A	 25.94  
 602 D	 30.44  
 603 K	 37.91  
 604 S	 24.06  
 605 I	 4.67  
 606 Y	 10.46  
 607 F	 4.79  
 608 R	 17.70  
 609 S	 22.11  
 610 A	 11.06  
 611 Q	 49.79  
 612 Q	 53.74  
 613 G	 18.67  
 614 S	 24.94  
 615 D	 71.18  
 616 G	 23.81  
 617 L	 3.21  
 618 H	 25.37  
 619 F	 4.84  
 620 V	 4.86  
 621 R	 27.65  
 622 T	 15.84  
 623 H	 11.67  
 624 H	 21.62  
 625 V	 5.97  
 626 A	 14.28  
 627 E	 50.26  
 628 K	 36.75  
 629 T	 17.34  
 630 T	 34.09  
 631 L	 4.06  
 632 Y	 13.71  
 633 D	 31.24  
 634 M	 2.84  
 635 D	 32.29  
 636 I	 3.11  
 637 D	 33.35  
 638 I	 4.49  
 639 T	 18.43  
 640 Q	 35.10  
 641 K	 32.80  
 642 Y	 5.48  
 643 V	 4.44  
 644 A	 4.70  
 645 V	 3.80  
 646 A	 3.89  
 647 C	 3.30  
 648 Q	 42.85  
 649 D	 43.96  
 650 R	 20.05  
 651 N	 33.95  
 652 V	 4.57  
 653 R	 28.84  
 654 V	 3.63  
 655 Y	 8.44  
 656 N	 34.39  
 657 T	 9.54  
 658 V	 8.72  
 659 N	 50.32  
 660 G	 29.45  
 661 K	 54.46  
 662 Q	 52.41  
 663 K	 48.58  
 664 K	 40.06  
 665 C	 5.67  
 666 Y	 27.54  
 667 K	 62.65  
 668 G	 9.95  
 669 S	 27.17  
 670 Q	 72.52  
 671 G	 36.31  
 672 D	 49.82  
 673 E	 58.46  
 674 G	 28.47  
 675 S	 28.60  
 676 L	 8.68  
 677 L	 6.12  
 678 K	 35.27  
 679 V	 5.55  
 680 H	 19.37  
 681 V	 15.04  
 682 D	 19.44  
 683 P	 33.30  
 684 S	 46.10  
 685 G	 26.35  
 686 T	 21.58  
 687 F	 5.08  
 688 L	 5.23  
 689 A	 8.02  
 690 T	 32.20  
 691 S	 13.15  
 692 C	 5.46  
 693 S	 48.09  
 694 D	 53.71  
 695 K	 33.14  
 696 S	 25.70  
 697 I	 4.73  
 698 S	 21.80  
 699 V	 4.67  
 700 I	 2.12  
 701 D	 33.99  
 702 F	 3.43  
 703 Y	 16.42  
 704 S	 28.27  
 705 G	 23.55  
 706 E	 19.46  
 707 C	 4.12  
 708 I	 3.43  
 709 A	 14.66  
 710 K	 18.17  
 711 M	 3.43  
 712 F	 8.63  
 713 G	 21.66  
 714 H	 15.82  
 715 S	 30.76  
 716 E	 32.51  
 717 I	 4.70  
 718 I	 1.73  
 719 T	 28.56  
 720 S	 15.01  
 721 M	 2.87  
 722 K	 34.03  
 723 F	 5.99  
 724 T	 16.97  
 725 Y	 21.50  
 726 D	 23.40  
 727 C	 1.21  
 728 H	 18.85  
 729 H	 25.84  
 730 L	 1.24  
 731 I	 2.88  
 732 T	 18.25  
 733 V	 4.83  
 734 S	 28.38  
 735 G	 26.89  
 736 D	 31.21  
 737 S	 18.73  
 738 C	 3.26  
 739 V	 4.52  
 740 F	 6.17  
 741 I	 0.83  
 742 W	 2.98  
 743 H	 18.98  
 744 L	 8.02  
 745 G	 12.61  
 746 P	 35.86  
 747 E	 61.72  
 748 I	 3.64  
 749 T	 22.24  
 750 N	 29.55  
 751 C	 2.42  
 752 M	 5.19  
 753 K	 36.44  
 754 Q	 12.94  
 755 H	 27.19  
 756 L	 4.20  
 757 L	 5.21  
 758 E	 53.37  
 759 I	 5.65  
 760 D	 22.88  
 761 H	 34.80  
 762 R	 32.05  
 763 Q	 41.85  
 764 Q	 44.87  
 765 Q	 28.78  
 766 Q	 40.82  
 767 H	 23.46  
 768 T	 40.55  
 769 N	 57.91  
 770 D	 60.03  
 771 K	 52.75  
 772 K	 55.44  
 773 R	 54.32  
 774 S	 50.78  
 775 G	 38.56  
 776 H	 18.67  
 777 P	 38.87  
 778 R	 41.13  
 779 Q	 52.42  
 780 D	 41.08  
 781 T	 19.93  
 782 Y	 10.74  
 783 V	 5.80  
 784 S	 24.96  
 785 T	 22.31  
 786 P	 23.58  
 787 S	 49.63  
 788 E	 46.02  
 789 I	 2.91  
 790 H	 20.73  
 791 S	 35.88  
 792 L	 4.42  
 793 S	 33.60  
 794 P	 56.48  
 795 G	 35.95  
 796 E	 58.68  
 797 Q	 56.98  
 798 T	 36.76  
 799 E	 49.58  
 800 D	 70.00  
 801 D	 50.15  
 802 L	 16.07  
 803 E	 59.76  
 804 E	 75.21  
 805 E	 34.50  
 806 C	 13.79  
 807 E	 60.05  
 808 P	 55.28  
 809 E	 33.47  
 810 E	 61.61  
 811 M	 4.42  
 812 L	 6.72  
 813 K	 58.01  
 814 T	 28.91  
 815 P	 37.48  
 816 S	 55.09  
 817 K	 53.17  
 818 D	 59.79  
 819 S	 38.11  
 820 L	 18.59  
 821 D	 49.89  
 822 P	 59.82  
 823 D	 42.83  
 824 P	 33.98  
 825 R	 30.97  
 826 C	 4.43  
 827 L	 7.54  
 828 L	 3.91  
 829 T	 29.04  
 830 N	 45.64  
 831 G	 27.86  
 832 K	 49.34  
 833 L	 4.46  
 834 P	 29.37  
 835 L	 11.42  
 836 W	 9.59  
 837 A	 8.52  
 838 K	 31.81  
 839 R	 27.65  
 840 L	 6.54  
 841 L	 9.08  
 842 G	 40.67  
 843 D	 49.24  
 844 D	 50.95  
 845 D	 42.09  
 846 V	 7.23  
 847 A	 23.57  
 848 D	 51.97  
 849 G	 15.90  
 850 S	 28.45  
 851 A	 13.03  
 852 F	 6.53  
 853 H	 30.01  
 854 A	 11.51  
 855 K	 33.05  
 856 R	 41.18  
 857 S	 27.67  
 858 Y	 30.05  
 859 Q	 25.43  
 860 P	 24.54  
 861 H	 23.95  
 862 G	 33.24  
 863 R	 26.80  
 864 W	 13.68  
 865 A	 8.60  
 866 E	 35.78  
 867 R	 35.95  
 868 A	 18.61  
 869 G	 38.31  
 870 Q	 48.42  
 871 E	 52.24  
 872 P	 31.13  
 873 L	 8.22  
 874 K	 44.21  
 875 T	 34.16  
 876 I	 2.91  
 877 L	 5.59  
 878 D	 38.03  
 879 A	 11.01  
 880 Q	 52.01  
 881 D	 46.31  
 882 L	 3.05  
 883 D	 33.10  
 884 C	 3.80  
 885 Y	 15.34  
 886 F	 8.54  
 887 T	 8.94  
 888 P	 20.92  
 889 M	 11.69  
 890 K	 47.00  
 891 P	 30.11  
 892 E	 63.54  
 893 S	 49.89  
 894 L	 7.43  
 895 E	 59.20  
 896 N	 39.38  
 897 S	 18.36  
 898 I	 8.16  
 899 L	 3.52  
 900 D	 49.89  
 901 S	 31.05  
 902 L	 12.74  
 903 E	 45.29  
 904 P	 34.06  
 905 Q	 41.52  
 906 S	 36.30  
 907 L	 2.94  
 908 A	 11.90  
 909 S	 34.83  
 910 L	 5.19  
 911 L	 5.03  
 912 S	 44.35  
 913 E	 59.50  
 914 S	 39.74  
 915 E	 63.49  
 916 S	 40.96  
 917 P	 31.79  
 918 Q	 63.55  
 919 E	 57.38  
 920 A	 14.03  
 921 G	 35.04  
 922 R	 47.50  
 923 G	 35.82  
 924 H	 17.30  
 925 P	 29.60  
 926 S	 33.47  
 927 F	 15.81  
 928 L	 4.37  
 929 P	 32.33  
 930 Q	 69.95  
 931 Q	 49.93  
 932 K	 55.08  
 933 E	 55.98  
 934 S	 40.28  
 935 S	 37.97  
 936 E	 66.55  
 937 A	 15.39  
 938 S	 28.96  
 939 E	 47.05  
 940 L	 2.79  
 941 I	 2.73  
 942 L	 3.57  
 943 Y	 12.29  
 944 S	 19.11  
 945 L	 4.58  
 946 E	 36.52  
 947 A	 23.12  
 948 E	 29.37  
 949 V	 7.22  
 950 T	 12.12  
 951 V	 5.85  
 952 T	 25.62  
 953 G	 24.16  
 954 T	 24.10  
 955 D	 34.78  
 956 S	 23.92  
 957 Q	 44.12  
 958 Y	 9.73  
 959 C	 3.77  
 960 R	 32.98  
 961 K	 63.65  
 962 E	 26.66  
 963 V	 7.38  
 964 E	 49.34  
 965 A	 34.36  
 966 G	 17.14  
 967 P	 50.68  
 968 G	 44.43  
 969 D	 40.54  
 970 Q	 55.88  
 971 Q	 63.50  
 972 G	 21.87  
 973 D	 29.76  
 974 S	 32.65  
 975 Y	 11.85  
 976 L	 5.16  
 977 R	 20.31  
 978 V	 6.24  
 979 S	 23.22  
 980 S	 38.97  
 981 D	 62.54  
 982 S	 35.48  
 983 P	 49.59  
 984 K	 72.80  
 985 D	 58.54  
 986 Q	 65.05  
 987 S	 53.18  
 988 P	 30.57  
 989 P	 64.37  
 990 E	 69.10  
 991 D	 68.65  
 992 S	 42.68  
 993 G	 55.56  
 994 E	 49.73  
 995 S	 41.43  
 996 E	 41.73  
 997 A	 35.65  
 998 D	 38.66  
 999 L	 10.35  
 1000 E	 28.76  
 1001 C	 5.43  
 1002 S	 14.45  
 1003 F	 8.88  
 1004 A	 6.82  
 1005 A	 9.68  
 1006 I	 2.72  
 1007 H	 24.01  
 1008 S	 19.35  
 1009 P	 34.32  
 1010 A	 32.04  
 1011 P	 44.32  
 1012 P	 48.29  
 1013 P	 60.19  
 1014 D	 58.74  
 1015 P	 50.35  
 1016 A	 18.45  
 1017 P	 36.99  
 1018 R	 35.62  
 1019 F	 9.41  
 1020 A	 9.50  
 1021 T	 28.25  
 1022 S	 36.15  
 1023 L	 3.12  
 1024 P	 27.17  
 1025 H	 46.99  
 1026 F	 5.41  
 1027 P	 33.64  
 1028 G	 16.98  
 1029 C	 3.94  
 1030 A	 32.68  
 1031 G	 33.47  
 1032 P	 17.68  
 1033 T	 55.97  
 1034 E	 53.25  
 1035 D	 65.69  
 1036 E	 33.74  
 1037 L	 11.16  
 1038 S	 39.57  
 1039 L	 7.56  
 1040 P	 40.91  
 1041 E	 84.64  
 1042 G	 20.17  
 1043 P	 30.41  
 1044 S	 58.48  
 1045 V	 6.32  
 1046 P	 32.60  
 1047 S	 30.33  
 1048 S	 29.80  
 1049 S	 48.70  
 1050 L	 3.83  
 1051 P	 37.64  
 1052 Q	 75.00  
 1053 T	 27.18  
 1054 P	 35.71  
 1055 E	 74.82  
 1056 Q	 61.45  
 1057 E	 44.08  
 1058 K	 49.76  
 1059 F	 7.73  
 1060 L	 8.25  
 1061 R	 25.11  
 1062 H	 31.94  
 1063 H	 18.79  
 1064 F	 6.66  
 1065 E	 38.25  
 1066 T	 37.73  
 1067 L	 3.83  
 1068 T	 41.66  
 1069 E	 56.66  
 1070 S	 24.86  
 1071 P	 12.84  
 1072 C	 5.75  
 1073 R	 35.91  
 1074 A	 23.71  
 1075 L	 2.88  
 1076 G	 35.61  
 1077 D	 35.61  
 1078 V	 6.67  
 1079 E	 51.74  
 1080 A	 16.72  
 1081 S	 24.67  
 1082 E	 64.23  
 1083 A	 25.64  
 1084 E	 48.22  
 1085 D	 51.44  
 1086 H	 22.24  
 1087 F	 11.08  
 1088 F	 12.64  
 1089 N	 21.60  
 1090 P	 33.17  
 1091 R	 42.02  
 1092 L	 5.86  
 1093 S	 18.77  
 1094 I	 6.47  
 1095 S	 16.87  
 1096 T	 22.98  
 1097 Q	 30.41  
 1098 F	 7.86  
 1099 L	 2.15  
 1100 S	 30.23  
 1101 S	 36.65  
 1102 L	 5.64  
 1103 Q	 41.01  
 1104 K	 54.33  
 1105 A	 7.93  
 1106 S	 34.66  
 1107 R	 45.39  
 1108 F	 5.63  
 1109 T	 20.92  
 1110 H	 23.85  
 1111 T	 34.48  
 1112 F	 6.43  
 1113 P	 20.72  
 1114 P	 34.05  
 1115 R	 50.97  
 1116 A	 14.06  
 1117 T	 22.54  
 1118 Q	 19.98  
 1119 C	 4.02  
 1120 L	 3.80  
 1121 V	 8.30  
 1122 K	 47.55  
 1123 S	 20.86  
 1124 P	 44.69  
 1125 E	 60.42  
 1126 V	 7.01  
 1127 K	 36.11  
 1128 L	 5.36  
 1129 M	 2.46  
 1130 D	 57.41  
 1131 R	 37.09  
 1132 G	 35.52  
 1133 G	 24.81  
 1134 S	 39.57  
 1135 Q	 34.47  
 1136 P	 29.77  
 1137 R	 37.70  
 1138 A	 26.95  
 1139 G	 22.43  
 1140 T	 26.49  
 1141 G	 18.32  
 1142 Y	 12.07  
 1143 A	 18.87  
 1144 S	 20.89  
 1145 P	 27.25  
 1146 D	 66.66  
 1147 R	 30.07  
 1148 T	 24.58  
 1149 H	 17.31  
 1150 V	 3.73  
 1151 L	 1.78  
 1152 A	 17.06  
 1153 A	 18.83  
 1154 G	 24.89  
 1155 K	 48.15  
 1156 A	 20.95  
 1157 E	 55.81  
 1158 E	 64.65  
 1159 T	 22.77  
 1160 L	 4.84  
 1161 E	 54.31  
 1162 A	 15.64  
 1163 W	 12.16  
 1164 R	 40.68  
 1165 P	 34.74  
 1166 P	 36.57  
 1167 P	 34.61  
 1168 P	 31.37  
 1169 C	 8.80  
 1170 L	 4.49  
 1171 T	 28.54  
 1172 S	 14.69  
 1173 L	 3.24  
 1174 A	 10.72  
 1175 S	 22.42  
 1176 C	 3.37  
 1177 V	 4.04  
 1178 P	 30.65  
 1179 A	 8.27  
 1180 S	 18.21  
 1181 S	 29.76  
 1182 V	 7.41  
 1183 L	 4.00  
 1184 P	 30.05  
 1185 T	 43.35  
 1186 D	 35.22  
 1187 R	 49.41  
 1188 N	 53.86  
 1189 L	 5.35  
 1190 P	 39.62  
 1191 T	 42.22  
 1192 P	 23.55  
 1193 T	 39.74  
 1194 S	 33.19  
 1195 A	 17.92  
 1196 P	 38.60  
 1197 T	 29.70  
 1198 P	 34.44  
 1199 G	 35.80  
 1200 L	 3.19  
 1201 A	 15.25  
 1202 Q	 60.53  
 1203 G	 13.94  
 1204 V	 2.01  
 1205 H	 38.45  
 1206 A	 9.42  
 1207 P	 18.45  
 1208 S	 42.71  
 1209 T	 12.38  
 1210 C	 3.00  
 1211 S	 27.83  
 1212 Y	 10.92  
 1213 M	 1.30  
 1214 E	 34.34  
 1215 A	 7.61  
 1216 T	 17.48  
 1217 A	 16.74  
 1218 S	 18.92  
 1219 S	 27.74  
 1220 R	 25.95  
 1221 A	 18.33  
 1222 R	 26.72  
 1223 I	 3.81  
 1224 S	 17.89  
 1225 R	 35.32  
 1226 S	 15.11  
 1227 I	 3.71  
 1228 S	 27.78  
 1229 L	 9.35  
 1230 G	 29.61  
 1231 D	 49.13  
 1232 S	 42.53  
 1233 E	 73.97  
 1234 G	 22.61  
 1235 P	 17.52  
 1236 I	 4.91  
 1237 V	 3.61  
 1238 A	 9.52  
 1239 T	 16.25  
 1240 L	 2.76  
 1241 A	 12.46  
 1242 Q	 40.44  
 1243 P	 23.40  
 1244 L	 4.89  
 1245 R	 55.96  
 1246 R	 43.04  
 1247 P	 25.23  
 1248 S	 35.53  
 1249 S	 36.50  
 1250 V	 8.95  
 1251 G	 26.58  
 1252 E	 38.72  
 1253 L	 3.01  
 1254 A	 9.82  
 1255 S	 45.73  
 1256 L	 7.35  
 1257 G	 19.20  
 1258 Q	 54.22  
 1259 E	 40.84  
 1260 L	 2.99  
 1261 Q	 29.93  
 1262 A	 17.45  
 1263 I	 1.96  
 1264 T	 17.25  
 1265 T	 18.85  
 1266 A	 10.79  
 1267 T	 36.83  
 1268 T	 14.39  
 1269 P	 28.65  
 1270 S	 42.59  
 1271 L	 9.88  
 1272 D	 49.32  
 1273 S	 49.25  
 1274 E	 65.64  
 1275 G	 40.89  
 1276 Q	 49.82  
 1277 E	 43.32  
 1278 P	 28.80  
 1279 A	 18.17  
 1280 L	 6.97  
 1281 R	 32.25  
 1282 S	 39.94  
 1283 W	 12.74  
 1284 G	 27.19  
 1285 N	 24.46  
 1286 H	 26.59  
 1287 E	 43.80  
 1288 A	 14.34  
 1289 R	 22.48  
 1290 A	 26.85  
 1291 N	 21.82  
 1292 L	 4.66  
 1293 R	 25.98  
 1294 L	 6.78  
 1295 T	 20.40  
 1296 L	 4.51  
 1297 S	 15.62  
 1298 S	 35.71  
 1299 A	 7.64  
 1300 C	 4.63  
 1301 D	 50.95  
 1302 G	 20.36  
 1303 L	 2.57  
 1304 L	 9.14  
 1305 L	 5.61  
 1306 P	 27.17  
 1307 P	 36.26  
 1308 V	 13.53  
 1309 D	 45.45  
 1310 T	 36.58  
 1311 Q	 28.43  
 1312 P	 41.12  
 1313 G	 20.22  
 1314 V	 6.58  
 1315 T	 27.04  
 1316 V	 2.38  
 1317 P	 19.99  
 1318 A	 12.78  
 1319 V	 5.05  
 1320 S	 27.84  
 1321 F	 4.87  
 1322 P	 35.44  
 1323 A	 18.39  
 1324 P	 39.13  
 1325 S	 43.62  
 1326 P	 36.16  
 1327 V	 17.47  
 1328 E	 50.01  
 1329 E	 41.36  
 1330 S	 21.06  
 1331 A	 10.44  
 1332 L	 9.24  
 1333 R	 25.10  
 1334 L	 5.81  
 1335 H	 23.02  
 1336 G	 25.84  
 1337 S	 17.31  
 1338 A	 14.73  
 1339 F	 14.64  
 1340 R	 21.44  
 1341 P	 33.49  
 1342 S	 42.61  
 1343 L	 4.67  
 1344 P	 50.54  
 1345 A	 26.28  
 1346 P	 40.43  
 1347 E	 72.22  
 1348 S	 24.18  
 1349 P	 46.83  
 1350 G	 54.28  
 1351 L	 3.73  
 1352 P	 34.14  
 1353 A	 32.06  
 1354 H	 25.12  
 1355 P	 37.60  
 1356 S	 51.80  
 1357 N	 32.56  
 1358 P	 41.23  
 1359 Q	 74.11  
 1360 L	 4.34  
 1361 P	 28.14  
 1362 E	 66.94  
 1363 A	 22.49  
 1364 R	 28.46  
 1365 P	 52.71  
 1366 G	 32.92  
 1367 I	 2.95  
 1368 P	 40.87  
 1369 G	 44.13  
 1370 G	 16.86  
 1371 T	 20.98  
 1372 A	 11.06  
 1373 S	 33.07  
 1374 L	 6.11  
 1375 L	 7.40  
 1376 E	 52.40  
 1377 P	 31.65  
 1378 T	 30.34  
 1379 S	 32.55  
 1380 G	 27.57  
 1381 A	 9.75  
 1382 L	 7.55  
 1383 G	 24.74  
 1384 L	 2.77  
 1385 F	 7.99  
 1386 Q	 57.40  
 1387 G	 28.41  
 1388 S	 12.47  
 1389 P	 32.44  
 1390 A	 27.54  
 1391 R	 40.62  
 1392 W	 14.78  
 1393 S	 28.38  
 1394 E	 35.90  
 1395 P	 31.67  
 1396 W	 11.73  
 1397 V	 5.79  
 1398 P	 17.86  
 1399 V	 4.94  
 1400 E	 38.12  
 1401 A	 26.13  
 1402 L	 3.97  
 1403 P	 34.08  
 1404 P	 49.80  
 1405 S	 39.93  
 1406 P	 35.31  
 1407 L	 14.01  
 1408 E	 48.35  
 1409 L	 5.37  
 1410 S	 18.62  
 1411 R	 53.65  
 1412 V	 6.55  
 1413 G	 17.85  
 1414 N	 30.69  
 1415 I	 2.56  
 1416 L	 1.92  
 1417 H	 25.30  
 1418 R	 25.66  
 1419 L	 3.55  
 1420 Q	 38.15  
 1421 T	 33.88  
 1422 T	 15.45  
 1423 F	 7.59  
 1424 Q	 32.72  
 1425 E	 47.19  
 1426 A	 8.80  
 1427 L	 4.60  
 1428 D	 49.02  
 1429 L	 2.82  
 1430 Y	 9.80  
 1431 R	 23.69  
 1432 V	 3.80  
 1433 L	 1.98  
 1434 V	 3.81  
 1435 S	 25.29  
 1436 S	 26.26  
 1437 G	 24.83  
 1438 Q	 31.68  
 1439 V	 8.97  
 1440 D	 36.91  
 1441 T	 37.72  
 1442 G	 20.88  
 1443 Q	 34.01  
 1444 Q	 40.00  
 1445 Q	 25.56  
 1446 A	 18.94  
 1447 R	 25.13  
 1448 T	 36.36  
 1449 E	 41.44  
 1450 L	 3.49  
 1451 V	 4.05  
 1452 S	 26.51  
 1453 T	 18.44  
 1454 F	 4.08  
 1455 L	 4.20  
 1456 W	 5.09  
 1457 I	 2.14  
 1458 H	 9.63  
 1459 S	 27.59  
 1460 Q	 29.21  
 1461 L	 8.26  
 1462 E	 34.48  
 1463 A	 22.76  
 1464 E	 21.00  
 1465 C	 4.87  
 1466 L	 2.75  
 1467 V	 13.70  
 1468 G	 10.18  
 1469 T	 16.73  
 1470 S	 15.45  
 1471 V	 8.10  
 1472 A	 8.09  
 1473 P	 23.81  
 1474 A	 9.50  
 1475 Q	 42.23  
 1476 A	 24.44  
 1477 L	 2.61  
 1478 P	 41.30  
 1479 S	 43.25  
 1480 P	 58.32  
 1481 G	 51.60  
 1482 P	 29.58  
 1483 P	 66.44  
 1484 S	 46.79  
 1485 P	 31.50  
 1486 P	 39.10  
 1487 T	 42.16  
 1488 L	 5.24  
 1489 Y	 9.93  
 1490 P	 25.27  
 1491 L	 4.68  
 1492 A	 17.95  
 1493 S	 26.99  
 1494 P	 40.50  
 1495 D	 49.25  
 1496 L	 3.49  
 1497 Q	 37.03  
 1498 A	 22.78  
 1499 L	 3.58  
 1500 L	 4.23  
 1501 E	 41.45  
 1502 H	 31.24  
 1503 Y	 8.41  
 1504 S	 24.55  
 1505 E	 38.67  
 1506 L	 4.70  
 1507 L	 2.05  
 1508 V	 5.55  
 1509 Q	 33.82  
 1510 A	 6.84  
 1511 V	 3.21  
 1512 R	 37.08  
 1513 R	 30.32  
 1514 K	 31.69  
 1515 A	 22.37  
 1516 R	 46.91  
 1517 G	 35.40  
 1518 H	 29.02  
