 1 M	 7.52  
 2 S	 46.47  
 3 D	 40.80  
 4 V	 5.25  
 5 D	 53.98  
 6 A	 19.18  
 7 D	 45.70  
 8 E	 52.69  
 9 A	 19.55  
 10 R	 27.51  
 11 K	 49.89  
 12 M	 3.79  
 13 A	 18.74  
 14 E	 52.13  
 15 R	 39.21  
 16 E	 61.43  
 17 R	 62.66  
 18 K	 60.84  
 19 K	 66.39  
 20 E	 65.83  
 21 E	 57.40  
 22 V	 10.29  
 23 R	 22.96  
 24 K	 67.52  
 25 R	 36.45  
 26 L	 8.60  
 27 E	 56.39  
 28 E	 57.44  
 29 A	 7.96  
 30 S	 35.87  
 31 R	 48.24  
 32 M	 4.90  
 33 K	 48.76  
 34 K	 56.97  
 35 A	 17.18  
 36 K	 63.41  
 37 K	 60.81  
 38 G	 23.30  
 39 F	 10.62  
 40 L	 12.15  
 41 T	 22.35  
 42 P	 41.35  
 43 E	 72.41  
 44 R	 58.24  
 45 K	 53.23  
 46 K	 64.36  
 47 K	 57.47  
 48 L	 8.84  
 49 R	 36.13  
 50 K	 57.31  
 51 L	 2.75  
 52 L	 3.37  
 53 M	 3.62  
 54 M	 2.42  
 55 K	 30.40  
 56 A	 9.74  
 57 A	 12.81  
 58 E	 69.59  
 59 D	 55.21  
 60 L	 3.98  
 61 K	 59.38  
 62 Q	 46.14  
 63 Q	 29.12  
 64 Q	 36.36  
 65 M	 5.12  
 66 L	 4.86  
 67 K	 52.59  
 68 E	 54.43  
 69 Q	 49.97  
 70 E	 52.45  
 71 R	 30.67  
 72 Q	 35.69  
 73 R	 37.49  
 74 I	 3.35  
 75 L	 4.75  
 76 Q	 35.23  
 77 E	 42.26  
 78 R	 21.12  
 79 I	 3.61  
 80 I	 3.43  
 81 P	 35.15  
 82 L	 3.48  
 83 P	 34.46  
 84 D	 74.47  
 85 L	 7.81  
 86 D	 64.95  
 87 N	 62.99  
 88 E	 53.20  
 89 D	 72.54  
 90 D	 39.98  
 91 L	 7.62  
 92 E	 42.98  
 93 A	 16.68  
 94 V	 4.52  
 95 Y	 18.20  
 96 D	 37.94  
 97 E	 26.68  
 98 I	 5.18  
 99 R	 22.42  
 100 E	 58.46  
 101 R	 27.39  
 102 L	 2.83  
 103 I	 7.71  
 104 D	 49.31  
 105 L	 6.55  
 106 E	 52.86  
 107 S	 38.14  
 108 E	 50.89  
 109 N	 47.81  
 110 Y	 17.42  
 111 D	 34.17  
 112 V	 3.10  
 113 S	 13.27  
 114 Y	 11.86  
 115 I	 1.28  
 116 V	 3.94  
 117 R	 28.42  
 118 Q	 38.48  
 119 K	 54.54  
 120 D	 37.76  
 121 F	 15.18  
 122 E	 55.85  
 123 I	 4.98  
 124 N	 30.90  
 125 E	 53.61  
 126 L	 3.47  
 127 T	 10.74  
 128 I	 6.69  
 129 A	 6.71  
 130 V	 5.18  
 131 N	 33.31  
 132 D	 31.01  
 133 L	 7.02  
 134 R	 49.47  
 135 G	 34.74  
 136 K	 40.32  
 137 F	 10.72  
 138 V	 9.16  
 139 K	 35.10  
 140 P	 37.35  
 141 T	 45.55  
 142 L	 7.39  
 143 K	 54.32  
 144 K	 55.65  
 145 V	 7.30  
 146 S	 42.62  
 147 K	 54.29  
 148 T	 42.33  
 149 E	 65.21  
 150 G	 40.96  
 151 K	 44.12  
 152 F	 17.19  
 153 D	 59.88  
 154 K	 66.40  
 155 L	 12.07  
 156 K	 68.49  
 157 K	 67.30  
 158 K	 51.50  
 159 E	 71.14  
 160 A	 22.92  
 161 T	 32.46  
 162 K	 47.02  
 163 V	 7.95  
 164 D	 28.95  
 165 F	 8.58  
 166 R	 19.57  
 167 A	 21.03  
 168 Q	 37.24  
 169 L	 4.42  
 170 K	 28.29  
 171 V	 10.27  
 172 V	 9.19  
 173 D	 51.56  
 174 K	 46.93  
 175 N	 45.19  
 176 E	 37.73  
 177 F	 13.14  
 178 A	 14.13  
 179 L	 11.77  
 180 D	 54.53  
 181 E	 59.63  
 182 E	 70.65  
 183 D	 59.11  
 184 T	 53.65  
 185 E	 74.57  
 186 K	 69.22  
 187 K	 59.21  
 188 E	 60.02  
 189 K	 52.89  
 190 A	 14.88  
 191 A	 20.16  
 192 W	 14.94  
 193 A	 11.71  
 194 K	 50.61  
