 1 M	 7.81  
 2 A	 21.40  
 3 A	 16.54  
 4 E	 41.63  
 5 D	 35.15  
 6 V	 2.07  
 7 V	 6.45  
 8 A	 10.52  
 9 T	 22.69  
 10 G	 20.46  
 11 A	 22.61  
 12 D	 48.91  
 13 P	 29.21  
 14 S	 56.19  
 15 E	 57.11  
 16 L	 9.70  
 17 E	 52.30  
 18 G	 48.36  
 19 G	 17.75  
 20 G	 35.60  
 21 L	 5.09  
 22 L	 3.73  
 23 H	 31.02  
 24 E	 39.50  
 25 I	 2.96  
 26 F	 5.15  
 27 T	 34.79  
 28 S	 19.35  
 29 P	 23.39  
 30 L	 7.65  
 31 N	 31.84  
 32 L	 4.73  
 33 L	 3.45  
 34 L	 3.93  
 35 L	 5.06  
 36 G	 20.62  
 37 L	 1.72  
 38 C	 1.64  
 39 I	 3.07  
 40 F	 3.62  
 41 L	 2.31  
 42 L	 2.59  
 43 Y	 10.79  
 44 K	 34.39  
 45 I	 1.29  
 46 V	 4.97  
 47 R	 46.58  
 48 G	 27.32  
 49 D	 40.72  
 50 Q	 40.94  
 51 P	 45.09  
 52 G	 27.09  
 53 A	 19.61  
 54 S	 53.23  
 55 G	 36.89  
 56 D	 53.54  
 57 N	 59.13  
 58 D	 70.27  
 59 D	 69.31  
 60 D	 73.49  
 61 E	 67.70  
 62 P	 42.68  
 63 P	 40.80  
 64 P	 66.76  
 65 L	 4.80  
 66 P	 45.38  
 67 R	 61.60  
 68 L	 4.83  
 69 K	 46.82  
 70 R	 48.25  
 71 R	 41.63  
 72 D	 56.66  
 73 F	 9.28  
 74 T	 26.36  
 75 P	 24.59  
 76 A	 25.95  
 77 E	 43.97  
 78 L	 5.31  
 79 R	 28.82  
 80 R	 46.78  
 81 F	 8.51  
 82 D	 55.32  
 83 G	 19.10  
 84 V	 6.67  
 85 Q	 61.59  
 86 D	 31.85  
 87 P	 14.23  
 88 R	 42.85  
 89 I	 3.62  
 90 L	 1.68  
 91 M	 3.07  
 92 A	 6.66  
 93 I	 4.32  
 94 N	 34.39  
 95 G	 22.76  
 96 K	 34.93  
 97 V	 5.40  
 98 F	 7.72  
 99 D	 50.60  
 100 V	 3.96  
 101 T	 29.62  
 102 K	 57.47  
 103 G	 28.75  
 104 R	 27.71  
 105 K	 52.16  
 106 F	 9.09  
 107 Y	 34.50  
 108 G	 19.54  
 109 P	 31.80  
 110 E	 69.32  
 111 G	 24.70  
 112 P	 22.50  
 113 Y	 36.46  
 114 G	 15.94  
 115 V	 2.16  
 116 F	 5.32  
 117 A	 15.09  
 118 G	 19.28  
 119 R	 32.65  
 120 D	 48.23  
 121 A	 10.36  
 122 S	 31.04  
 123 R	 45.95  
 124 G	 19.71  
 125 L	 3.84  
 126 A	 11.06  
 127 T	 21.66  
 128 F	 3.03  
 129 C	 4.11  
 130 L	 10.34  
 131 D	 48.18  
 132 K	 31.75  
 133 E	 59.92  
 134 A	 26.17  
 135 L	 8.24  
 136 K	 56.41  
 137 D	 61.61  
 138 E	 49.64  
 139 Y	 25.54  
 140 D	 48.61  
 141 D	 47.36  
 142 L	 3.81  
 143 S	 37.25  
 144 D	 62.96  
 145 L	 5.77  
 146 T	 22.90  
 147 P	 35.05  
 148 A	 20.60  
 149 Q	 42.73  
 150 Q	 47.99  
 151 E	 39.37  
 152 T	 27.50  
 153 L	 4.26  
 154 S	 44.04  
 155 D	 57.21  
 156 W	 12.09  
 157 D	 37.24  
 158 S	 23.96  
 159 Q	 38.64  
 160 F	 11.39  
 161 T	 16.16  
 162 F	 8.58  
 163 K	 40.39  
 164 Y	 7.93  
 165 H	 15.11  
 166 H	 27.25  
 167 V	 4.63  
 168 G	 15.55  
 169 K	 49.94  
 170 L	 7.31  
 171 L	 5.60  
 172 K	 74.28  
 173 E	 72.33  
 174 G	 42.87  
 175 E	 62.99  
 176 E	 58.07  
 177 P	 23.90  
 178 T	 35.04  
 179 V	 6.70  
 180 Y	 14.62  
 181 S	 33.96  
 182 D	 50.05  
 183 D	 57.10  
 184 E	 79.69  
 185 E	 65.72  
 186 P	 47.56  
 187 K	 72.05  
 188 D	 70.01  
 189 E	 50.96  
 190 T	 41.73  
 191 A	 20.57  
 192 R	 50.15  
 193 K	 64.06  
 194 N	 55.44  
 195 E	 66.10  
