 1 M	 7.74  
 2 D	 40.31  
 3 A	 17.25  
 4 A	 14.89  
 5 L	 5.19  
 6 K	 43.53  
 7 R	 37.85  
 8 S	 38.27  
 9 R	 52.71  
 10 S	 47.78  
 11 E	 67.88  
 12 E	 51.57  
 13 P	 31.01  
 14 A	 21.53  
 15 E	 56.63  
 16 I	 8.32  
 17 L	 2.90  
 18 P	 26.60  
 19 P	 36.16  
 20 A	 29.62  
 21 R	 58.61  
 22 D	 70.53  
 23 E	 62.85  
 24 E	 75.01  
 25 E	 69.53  
 26 E	 74.18  
 27 E	 65.71  
 28 E	 64.23  
 29 E	 68.09  
 30 G	 28.36  
 31 M	 3.83  
 32 E	 52.97  
 33 Q	 53.53  
 34 G	 23.04  
 35 L	 8.17  
 36 E	 70.91  
 37 E	 75.62  
 38 E	 50.51  
 39 E	 67.60  
 40 E	 56.34  
 41 V	 16.18  
 42 D	 30.00  
 43 P	 40.21  
 44 R	 29.42  
 45 I	 8.20  
 46 Q	 40.36  
 47 G	 38.80  
 48 E	 37.06  
 49 L	 10.08  
 50 E	 51.71  
 51 K	 66.42  
 52 L	 5.28  
 53 N	 44.84  
 54 Q	 59.13  
 55 S	 32.50  
 56 T	 28.11  
 57 D	 61.10  
 58 D	 39.90  
 59 I	 4.87  
 60 N	 43.90  
 61 R	 37.84  
 62 R	 51.18  
 63 E	 43.31  
 64 T	 44.02  
 65 E	 45.46  
 66 L	 10.61  
 67 E	 43.31  
 68 D	 60.73  
 69 A	 13.36  
 70 R	 53.17  
 71 Q	 51.46  
 72 K	 36.87  
 73 F	 5.50  
 74 R	 32.65  
 75 S	 23.96  
 76 V	 6.39  
 77 L	 2.80  
 78 V	 4.39  
 79 E	 34.17  
 80 A	 15.37  
 81 T	 12.50  
 82 V	 8.16  
 83 K	 45.96  
 84 L	 5.56  
 85 D	 41.27  
 86 E	 66.93  
 87 L	 7.36  
 88 V	 5.81  
 89 K	 51.83  
 90 K	 49.57  
 91 I	 5.92  
 92 G	 22.28  
 93 K	 53.37  
 94 A	 12.52  
 95 V	 10.80  
 96 E	 62.52  
 97 D	 56.19  
 98 S	 23.25  
 99 K	 55.22  
 100 P	 43.34  
 101 Y	 21.44  
 102 W	 10.99  
 103 E	 26.84  
 104 A	 7.16  
 105 R	 23.30  
 106 R	 33.23  
 107 V	 4.25  
 108 A	 8.96  
 109 R	 29.52  
 110 Q	 24.59  
 111 A	 15.46  
 112 Q	 31.34  
 113 L	 7.07  
 114 E	 36.65  
 115 A	 25.43  
 116 Q	 26.92  
 117 K	 61.52  
 118 A	 9.83  
 119 T	 35.39  
 120 Q	 55.15  
 121 D	 36.97  
 122 F	 3.68  
 123 Q	 42.25  
 124 R	 43.39  
 125 A	 9.42  
 126 T	 28.90  
 127 E	 38.27  
 128 V	 3.68  
 129 L	 2.22  
 130 R	 37.36  
 131 A	 20.80  
 132 A	 12.09  
 133 K	 55.17  
 134 E	 46.80  
 135 T	 18.37  
 136 I	 3.13  
 137 S	 29.01  
 138 L	 5.56  
 139 A	 12.23  
 140 E	 41.34  
 141 Q	 35.40  
 142 R	 32.52  
 143 L	 6.49  
 144 L	 8.05  
 145 E	 69.61  
 146 D	 67.70  
 147 D	 38.37  
 148 K	 61.49  
 149 R	 49.76  
 150 Q	 52.84  
 151 F	 10.46  
 152 D	 29.16  
 153 S	 32.47  
 154 A	 17.51  
 155 W	 9.91  
 156 Q	 26.41  
 157 E	 34.63  
 158 M	 2.45  
 159 L	 4.12  
 160 N	 22.80  
 161 H	 26.62  
 162 A	 12.35  
 163 T	 14.90  
 164 Q	 36.43  
 165 R	 25.95  
 166 V	 2.67  
 167 M	 4.38  
 168 E	 46.31  
 169 A	 8.97  
 170 E	 45.54  
 171 Q	 56.18  
 172 T	 26.36  
 173 K	 41.45  
 174 T	 42.70  
 175 R	 29.68  
 176 S	 40.28  
 177 E	 52.07  
 178 L	 5.29  
 179 V	 5.49  
 180 H	 34.55  
 181 K	 49.64  
 182 E	 28.88  
 183 T	 30.35  
 184 A	 7.34  
 185 A	 23.16  
 186 R	 23.83  
 187 Y	 12.39  
 188 N	 18.70  
 189 A	 7.01  
 190 A	 9.42  
 191 M	 3.04  
 192 G	 18.59  
 193 R	 12.20  
 194 M	 2.37  
 195 R	 36.25  
 196 Q	 44.63  
 197 L	 8.01  
 198 E	 39.54  
 199 K	 72.50  
 200 K	 50.28  
 201 L	 7.22  
 202 K	 48.97  
 203 R	 51.65  
 204 A	 14.23  
 205 I	 8.50  
 206 N	 41.38  
 207 K	 54.46  
 208 S	 34.08  
 209 K	 45.40  
 210 P	 46.25  
 211 Y	 17.27  
 212 F	 13.88  
 213 E	 43.44  
 214 L	 4.72  
 215 K	 35.32  
 216 A	 20.08  
 217 K	 35.21  
 218 Y	 17.46  
 219 Y	 4.88  
 220 V	 4.80  
 221 Q	 24.14  
 222 L	 3.02  
 223 E	 36.45  
 224 Q	 68.15  
 225 L	 4.48  
 226 K	 46.20  
 227 K	 63.47  
 228 T	 27.81  
 229 V	 8.07  
 230 D	 57.02  
 231 D	 36.02  
 232 L	 4.64  
 233 Q	 43.37  
 234 A	 19.00  
 235 K	 29.10  
 236 L	 5.49  
 237 T	 24.78  
 238 L	 7.22  
 239 A	 16.75  
 240 K	 56.22  
 241 G	 37.55  
 242 E	 41.07  
 243 Y	 18.09  
 244 K	 17.25  
 245 M	 5.30  
 246 A	 15.95  
 247 L	 3.19  
 248 K	 50.37  
 249 N	 41.92  
 250 L	 4.52  
 251 E	 43.81  
 252 M	 3.91  
 253 I	 3.24  
 254 S	 28.07  
 255 D	 48.20  
 256 E	 39.18  
 257 I	 4.99  
 258 H	 22.06  
 259 E	 54.25  
 260 R	 25.75  
 261 R	 39.59  
 262 R	 40.98  
 263 S	 22.19  
 264 S	 22.06  
 265 A	 14.27  
 266 M	 9.08  
 267 G	 14.41  
 268 P	 19.19  
 269 R	 47.51  
 270 G	 18.70  
 271 C	 4.16  
 272 G	 24.58  
 273 V	 8.36  
 274 G	 11.82  
 275 A	 18.64  
 276 E	 54.39  
 277 G	 26.77  
 278 S	 23.19  
 279 S	 35.24  
 280 T	 38.19  
 281 S	 26.00  
 282 V	 7.22  
 283 E	 54.31  
 284 D	 56.88  
 285 L	 3.07  
 286 P	 58.28  
 287 G	 56.45  
 288 S	 43.00  
 289 K	 60.35  
 290 P	 61.11  
 291 E	 60.59  
 292 P	 44.88  
 293 D	 55.67  
 294 A	 13.48  
 295 I	 4.42  
 296 S	 17.22  
 297 V	 5.77  
 298 A	 8.55  
 299 S	 27.57  
 300 E	 47.87  
 301 A	 15.61  
 302 F	 10.44  
 303 E	 68.88  
 304 D	 46.82  
 305 D	 44.33  
 306 S	 31.59  
 307 C	 5.05  
 308 S	 36.94  
 309 N	 45.74  
 310 F	 3.53  
 311 V	 7.77  
 312 S	 31.04  
 313 E	 61.61  
 314 D	 58.17  
 315 D	 44.30  
 316 S	 55.66  
 317 E	 58.84  
 318 T	 30.05  
 319 Q	 37.47  
 320 S	 31.24  
 321 V	 3.90  
 322 S	 30.80  
 323 S	 27.30  
 324 F	 5.40  
 325 S	 36.01  
 326 S	 46.94  
 327 G	 28.45  
 328 P	 31.48  
 329 T	 57.71  
 330 S	 29.57  
 331 P	 36.47  
 332 S	 46.42  
 333 E	 59.11  
 334 M	 5.34  
 335 P	 28.35  
 336 D	 62.53  
 337 Q	 40.11  
 338 F	 5.67  
 339 P	 20.64  
 340 A	 17.46  
 341 V	 3.70  
 342 V	 7.12  
 343 R	 24.22  
 344 P	 25.72  
 345 G	 30.21  
 346 S	 22.76  
 347 L	 10.98  
 348 D	 59.22  
 349 L	 5.69  
 350 P	 35.93  
 351 S	 45.27  
 352 P	 20.13  
 353 V	 12.03  
 354 S	 29.57  
 355 L	 6.06  
 356 S	 24.31  
 357 E	 52.06  
 358 F	 7.35  
 359 G	 11.55  
 360 M	 2.80  
 361 M	 3.34  
 362 F	 2.55  
 363 P	 11.52  
 364 V	 7.07  
 365 L	 8.77  
 366 G	 18.79  
 367 P	 32.25  
 368 R	 43.20  
 369 S	 46.19  
 370 E	 33.70  
 371 C	 4.85  
 372 S	 33.08  
 373 G	 40.93  
 374 A	 7.19  
 375 S	 50.37  
 376 S	 24.96  
 377 P	 48.00  
 378 E	 45.30  
 379 C	 8.90  
 380 E	 45.83  
 381 V	 10.32  
 382 E	 28.75  
 383 R	 58.45  
 384 G	 18.43  
 385 D	 53.49  
 386 R	 37.04  
 387 A	 25.06  
 388 E	 60.89  
 389 G	 36.89  
 390 A	 14.54  
 391 E	 70.84  
 392 N	 52.98  
 393 K	 40.69  
 394 T	 54.46  
 395 S	 38.43  
 396 D	 60.36  
 397 K	 53.43  
 398 A	 29.04  
 399 N	 52.64  
 400 N	 44.42  
 401 N	 38.92  
 402 R	 49.94  
 403 G	 31.84  
 404 L	 3.97  
 405 S	 30.88  
 406 S	 33.30  
 407 S	 35.03  
 408 S	 38.64  
 409 G	 32.05  
 410 S	 41.76  
 411 G	 43.45  
 412 G	 30.37  
 413 S	 37.81  
 414 S	 39.33  
 415 K	 54.96  
 416 S	 36.92  
 417 Q	 45.17  
 418 S	 42.55  
 419 S	 25.85  
 420 T	 54.25  
 421 S	 23.93  
 422 P	 50.23  
 423 E	 64.80  
 424 G	 22.80  
 425 Q	 40.90  
 426 A	 27.92  
 427 L	 4.63  
 428 E	 45.89  
 429 N	 50.63  
 430 R	 25.05  
 431 M	 4.97  
 432 K	 44.87  
 433 Q	 27.26  
 434 L	 4.62  
 435 S	 17.56  
 436 L	 8.94  
 437 Q	 26.51  
 438 C	 5.71  
 439 S	 25.78  
 440 K	 66.64  
 441 G	 19.33  
 442 R	 42.60  
 443 D	 62.40  
 444 G	 16.31  
 445 I	 2.48  
 446 I	 3.26  
 447 A	 15.56  
 448 D	 30.54  
 449 I	 1.98  
 450 K	 33.30  
 451 M	 2.47  
 452 V	 2.97  
 453 Q	 31.05  
 454 I	 4.87  
 455 G	 17.87  
