 1 M	 6.01  
 2 S	 30.15  
 3 L	 3.48  
 4 L	 1.94  
 5 M	 3.72  
 6 I	 4.75  
 7 S	 14.78  
 8 E	 55.93  
 9 N	 29.45  
 10 V	 4.76  
 11 K	 48.27  
 12 L	 4.77  
 13 A	 9.13  
 14 R	 48.14  
 15 E	 29.56  
 16 Y	 9.30  
 17 A	 7.49  
 18 L	 6.52  
 19 L	 2.96  
 20 G	 31.34  
 21 N	 37.09  
 22 Y	 14.96  
 23 D	 33.64  
 24 S	 14.12  
 25 A	 6.64  
 26 M	 2.00  
 27 V	 3.94  
 28 Y	 4.13  
 29 Y	 6.33  
 30 Q	 20.17  
 31 G	 13.06  
 32 V	 2.92  
 33 L	 4.91  
 34 D	 43.19  
 35 Q	 32.94  
 36 M	 4.69  
 37 N	 24.96  
 38 K	 31.15  
 39 Y	 13.08  
 40 L	 2.47  
 41 Y	 14.34  
 42 S	 21.79  
 43 V	 4.03  
 44 K	 38.11  
 45 D	 38.13  
 46 T	 22.03  
 47 Y	 16.79  
 48 L	 4.76  
 49 Q	 32.18  
 50 Q	 46.49  
 51 K	 33.73  
 52 W	 6.90  
 53 Q	 34.68  
 54 Q	 36.98  
 55 V	 3.22  
 56 W	 5.92  
 57 Q	 42.72  
 58 E	 22.33  
 59 I	 4.13  
 60 N	 25.48  
 61 V	 10.46  
 62 E	 47.73  
 63 A	 11.72  
 64 K	 35.11  
 65 H	 38.62  
 66 V	 6.17  
 67 K	 41.05  
 68 D	 45.16  
 69 I	 2.24  
 70 M	 3.78  
 71 K	 50.74  
 72 T	 20.55  
 73 L	 4.30  
 74 E	 60.40  
 75 S	 30.69  
 76 F	 7.13  
 77 K	 61.74  
 78 L	 6.23  
 79 D	 51.56  
 80 S	 42.22  
 81 T	 32.10  
 82 P	 35.50  
 83 L	 6.29  
 84 K	 42.77  
 85 A	 21.75  
 86 A	 12.97  
 87 Q	 35.17  
 88 H	 33.57  
 89 D	 42.12  
 90 L	 3.42  
 91 P	 39.53  
 92 A	 27.75  
 93 S	 44.16  
 94 E	 62.57  
 95 G	 32.06  
 96 E	 36.44  
 97 V	 7.25  
 98 W	 5.66  
 99 S	 20.55  
 100 M	 1.97  
 101 P	 23.03  
 102 V	 6.58  
 103 P	 19.17  
 104 V	 10.21  
 105 E	 36.58  
 106 R	 56.92  
 107 R	 23.65  
 108 P	 51.61  
 109 S	 40.45  
 110 P	 60.53  
 111 G	 38.69  
 112 P	 41.84  
 113 R	 53.34  
 114 K	 58.90  
 115 R	 42.78  
 116 Q	 50.93  
 117 S	 24.36  
 118 S	 25.46  
 119 Q	 47.17  
 120 Y	 19.59  
 121 S	 39.54  
 122 D	 50.11  
 123 P	 33.82  
 124 K	 61.14  
 125 S	 41.85  
 126 H	 43.61  
 127 G	 38.64  
 128 N	 47.46  
 129 R	 31.01  
 130 P	 39.77  
 131 S	 33.21  
 132 T	 31.80  
 133 T	 15.62  
 134 V	 6.44  
 135 R	 19.21  
 136 V	 3.70  
 137 H	 17.22  
 138 R	 29.47  
 139 S	 18.36  
 140 S	 33.55  
 141 A	 13.25  
 142 Q	 55.19  
 143 N	 36.41  
 144 V	 2.72  
 145 H	 37.71  
 146 N	 36.07  
 147 D	 45.92  
 148 R	 54.55  
 149 G	 25.74  
 150 K	 44.60  
 151 A	 9.23  
 152 V	 7.27  
 153 R	 20.73  
 154 C	 5.46  
 155 R	 48.48  
 156 E	 72.59  
 157 K	 42.11  
 158 K	 60.83  
 159 E	 71.15  
 160 Q	 66.85  
 161 N	 50.25  
 162 K	 60.07  
 163 G	 50.19  
 164 R	 50.97  
 165 E	 80.25  
 166 E	 61.64  
 167 K	 65.99  
 168 N	 54.00  
 169 K	 69.73  
 170 S	 29.21  
 171 P	 26.33  
 172 A	 22.96  
 173 A	 16.49  
 174 V	 7.28  
 175 T	 40.89  
 176 E	 34.24  
 177 P	 44.33  
 178 E	 59.80  
 179 T	 55.19  
 180 N	 41.14  
 181 K	 58.95  
 182 F	 11.00  
 183 D	 47.07  
 184 S	 27.19  
 185 T	 41.42  
 186 G	 32.37  
 187 Y	 21.65  
 188 D	 39.06  
 189 K	 44.47  
 190 D	 53.71  
 191 L	 4.64  
 192 V	 6.08  
 193 E	 55.63  
 194 A	 13.77  
 195 L	 3.34  
 196 E	 56.19  
 197 R	 41.08  
 198 D	 32.95  
 199 I	 4.01  
 200 I	 3.98  
 201 S	 25.00  
 202 Q	 60.02  
 203 N	 24.27  
 204 P	 32.81  
 205 N	 43.46  
 206 V	 7.45  
 207 R	 37.43  
 208 W	 11.89  
 209 D	 27.20  
 210 D	 30.89  
 211 I	 2.73  
 212 A	 15.87  
 213 D	 52.13  
 214 L	 2.50  
 215 V	 7.47  
 216 E	 63.17  
 217 A	 13.55  
 218 K	 30.37  
 219 K	 67.13  
 220 L	 9.00  
 221 L	 6.91  
 222 K	 54.81  
 223 E	 46.82  
 224 A	 8.64  
 225 V	 4.82  
 226 V	 6.82  
 227 L	 1.61  
 228 P	 11.63  
 229 M	 4.13  
 230 W	 9.38  
 231 M	 1.53  
 232 P	 21.52  
 233 E	 47.84  
 234 F	 6.72  
 235 F	 7.26  
 236 K	 59.76  
 237 G	 17.30  
 238 I	 3.30  
 239 R	 47.48  
 240 R	 39.24  
 241 P	 27.55  
 242 W	 14.28  
 243 K	 41.65  
 244 G	 17.58  
 245 V	 2.50  
 246 L	 2.91  
 247 M	 2.81  
 248 V	 10.21  
 249 G	 14.55  
 250 P	 16.85  
 251 P	 47.23  
 252 G	 50.67  
 253 T	 41.08  
 254 G	 27.19  
 255 K	 35.52  
 256 T	 28.48  
 257 L	 5.09  
 258 L	 5.78  
 259 A	 10.81  
 260 K	 43.28  
 261 A	 7.20  
 262 V	 7.16  
 263 A	 11.53  
 264 T	 35.00  
 265 E	 25.03  
 266 C	 4.05  
 267 K	 44.35  
 268 T	 40.26  
 269 T	 16.24  
 270 F	 5.19  
 271 F	 9.19  
 272 N	 28.68  
 273 V	 5.05  
 274 S	 21.48  
 275 S	 24.06  
 276 S	 21.67  
 277 T	 35.68  
 278 L	 5.71  
 279 T	 24.22  
 280 S	 30.70  
 281 K	 33.46  
 282 Y	 24.50  
 283 R	 46.25  
 284 G	 39.43  
 285 E	 46.88  
 286 S	 42.74  
 287 E	 46.22  
 288 K	 62.65  
 289 L	 2.08  
 290 V	 6.33  
 291 R	 35.79  
 292 L	 5.11  
 293 L	 2.09  
 294 F	 7.74  
 295 E	 31.72  
 296 M	 2.25  
 297 A	 7.39  
 298 R	 29.71  
 299 F	 5.27  
 300 Y	 14.27  
 301 S	 12.83  
 302 P	 23.26  
 303 A	 13.85  
 304 T	 21.58  
 305 I	 2.86  
 306 F	 5.10  
 307 I	 4.03  
 308 D	 35.73  
 309 E	 43.83  
 310 I	 4.46  
 311 D	 29.87  
 312 S	 31.02  
 313 I	 1.88  
 314 C	 2.76  
 315 S	 24.28  
 316 R	 36.31  
 317 R	 36.13  
 318 G	 32.27  
 319 T	 31.02  
 320 S	 43.76  
 321 E	 64.31  
 322 E	 46.96  
 323 H	 31.69  
 324 E	 52.17  
 325 A	 15.39  
 326 S	 20.03  
 327 R	 55.23  
 328 R	 31.62  
 329 V	 7.19  
 330 K	 34.04  
 331 A	 15.15  
 332 E	 36.60  
 333 L	 7.30  
 334 L	 1.57  
 335 V	 7.47  
 336 Q	 24.99  
 337 M	 3.64  
 338 D	 31.38  
 339 G	 18.02  
 340 V	 5.79  
 341 G	 38.91  
 342 G	 24.54  
 343 T	 27.26  
 344 S	 37.36  
 345 E	 65.60  
 346 N	 59.77  
 347 D	 66.21  
 348 D	 62.04  
 349 P	 38.42  
 350 S	 40.14  
 351 K	 40.68  
 352 M	 2.49  
 353 V	 2.49  
 354 M	 1.50  
 355 V	 1.93  
 356 L	 1.13  
 357 A	 10.79  
 358 A	 10.02  
 359 T	 31.61  
 360 N	 35.94  
 361 F	 5.86  
 362 P	 29.87  
 363 W	 15.85  
 364 D	 38.40  
 365 I	 4.56  
 366 D	 32.42  
 367 E	 50.35  
 368 A	 11.56  
 369 L	 4.04  
 370 R	 28.81  
 371 R	 48.67  
 372 R	 40.54  
 373 L	 9.62  
 374 E	 38.18  
 375 K	 49.00  
 376 R	 19.98  
 377 I	 5.61  
 378 Y	 10.66  
 379 I	 2.35  
 380 P	 22.65  
 381 L	 3.67  
 382 P	 27.21  
 383 S	 50.74  
 384 A	 19.18  
 385 K	 63.94  
 386 G	 41.78  
 387 R	 33.25  
 388 E	 62.76  
 389 E	 52.31  
 390 L	 3.14  
 391 L	 5.31  
 392 R	 29.13  
 393 I	 4.60  
 394 S	 18.23  
 395 L	 4.60  
 396 R	 39.40  
 397 E	 52.46  
 398 L	 5.44  
 399 E	 36.84  
 400 L	 11.21  
 401 A	 11.11  
 402 D	 69.92  
 403 D	 30.17  
 404 V	 7.18  
 405 D	 43.44  
 406 L	 3.96  
 407 A	 8.40  
 408 S	 29.63  
 409 I	 4.66  
 410 A	 10.30  
 411 E	 56.28  
 412 N	 25.45  
 413 M	 2.96  
 414 E	 67.57  
 415 G	 15.90  
 416 Y	 7.22  
 417 S	 38.06  
 418 G	 20.84  
 419 A	 10.09  
 420 D	 52.34  
 421 I	 2.75  
 422 T	 23.34  
 423 N	 31.09  
 424 V	 1.80  
 425 C	 3.37  
 426 R	 37.94  
 427 D	 35.07  
 428 A	 5.80  
 429 S	 23.98  
 430 L	 2.45  
 431 M	 2.26  
 432 A	 8.14  
 433 M	 1.82  
 434 R	 18.39  
 435 R	 30.73  
 436 R	 22.42  
 437 I	 4.70  
 438 E	 46.46  
 439 G	 32.26  
 440 L	 4.72  
 441 T	 39.24  
 442 P	 42.12  
 443 E	 61.90  
 444 E	 48.75  
 445 I	 3.18  
 446 R	 41.12  
 447 N	 55.09  
 448 L	 5.78  
 449 S	 41.38  
 450 K	 61.94  
 451 E	 58.12  
 452 E	 37.82  
 453 M	 3.26  
 454 H	 23.50  
 455 M	 2.81  
 456 P	 15.27  
 457 T	 31.06  
 458 T	 16.82  
 459 M	 5.24  
 460 E	 58.41  
 461 D	 33.70  
 462 F	 4.39  
 463 E	 35.55  
 464 M	 5.52  
 465 A	 14.72  
 466 L	 5.49  
 467 K	 41.41  
 468 K	 53.22  
 469 V	 9.23  
 470 S	 28.26  
 471 K	 58.84  
 472 S	 17.50  
 473 V	 5.33  
 474 S	 25.49  
 475 A	 13.65  
 476 A	 15.71  
 477 D	 42.89  
 478 I	 2.52  
 479 E	 50.16  
 480 R	 45.29  
 481 Y	 14.74  
 482 E	 48.40  
 483 K	 36.33  
 484 W	 6.64  
 485 I	 3.34  
 486 F	 6.55  
 487 E	 39.71  
 488 F	 6.42  
 489 G	 22.39  
 490 S	 23.21  
 491 C	 7.09  
