 1 M	 12.03  
 2 S	 54.46  
 3 D	 53.86  
 4 K	 38.26  
 5 S	 53.84  
 6 D	 58.91  
 7 L	 7.95  
 8 K	 44.82  
 9 A	 33.63  
 10 E	 49.96  
 11 L	 10.36  
 12 E	 54.69  
 13 R	 65.18  
 14 K	 43.83  
 15 K	 47.04  
 16 Q	 48.97  
 17 R	 40.65  
 18 L	 3.68  
 19 A	 12.63  
 20 Q	 39.60  
 21 I	 5.07  
 22 R	 33.66  
 23 E	 75.65  
 24 E	 54.77  
 25 K	 53.80  
 26 K	 72.48  
 27 R	 63.79  
 28 K	 77.64  
 29 E	 69.95  
 30 E	 67.16  
 31 E	 71.53  
 32 R	 60.41  
 33 K	 72.05  
 34 K	 63.17  
 35 K	 62.26  
 36 E	 59.80  
 37 A	 26.84  
 38 D	 36.19  
 39 M	 6.15  
 40 Q	 53.11  
 41 Q	 52.75  
 42 K	 42.06  
 43 K	 64.01  
 44 E	 58.71  
 45 P	 37.64  
 46 V	 11.62  
 47 Q	 60.55  
 48 D	 58.58  
 49 D	 27.28  
 50 S	 48.65  
 51 D	 60.63  
 52 L	 8.75  
 53 D	 60.07  
 54 R	 41.50  
 55 K	 56.31  
 56 R	 42.43  
 57 R	 59.22  
 58 E	 55.84  
 59 T	 25.42  
 60 E	 32.35  
 61 A	 22.46  
 62 L	 3.49  
 63 L	 4.90  
 64 Q	 33.58  
 65 S	 23.81  
 66 I	 3.51  
 67 G	 21.40  
 68 I	 6.22  
 69 S	 20.28  
 70 P	 57.08  
 71 E	 53.40  
 72 P	 30.80  
 73 P	 44.31  
 74 L	 12.02  
 75 V	 6.47  
 76 P	 38.17  
 77 T	 24.93  
 78 P	 18.38  
 79 M	 11.50  
 80 S	 23.88  
 81 P	 36.05  
 82 S	 42.99  
 83 S	 32.13  
 84 K	 60.25  
 85 S	 24.21  
 86 V	 9.44  
 87 S	 41.51  
 88 T	 25.34  
 89 P	 23.78  
 90 S	 39.93  
 91 D	 57.03  
 92 A	 24.71  
 93 G	 30.72  
 94 S	 32.32  
 95 Q	 48.23  
 96 D	 57.17  
 97 S	 26.94  
 98 G	 42.31  
 99 D	 53.02  
 100 L	 9.68  
 101 G	 21.66  
 102 P	 37.54  
 103 L	 4.86  
 104 T	 25.41  
 105 R	 40.91  
 106 T	 20.33  
 107 L	 4.34  
 108 Q	 35.07  
 109 W	 17.37  
 110 D	 28.42  
 111 T	 47.02  
 112 D	 30.88  
 113 P	 28.56  
 114 S	 37.97  
 115 V	 4.86  
 116 L	 5.02  
 117 Q	 34.99  
 118 L	 4.62  
 119 Q	 32.03  
 120 S	 52.26  
 121 D	 32.92  
 122 S	 39.71  
 123 E	 61.30  
 124 L	 8.18  
 125 G	 14.49  
 126 R	 51.08  
 127 R	 39.07  
 128 L	 3.94  
 129 H	 22.83  
 130 K	 52.07  
 131 L	 5.96  
 132 G	 26.84  
 133 V	 7.89  
 134 S	 21.43  
 135 K	 47.06  
 136 V	 3.35  
 137 T	 26.98  
 138 Q	 35.45  
 139 V	 4.03  
 140 D	 29.55  
 141 F	 12.13  
 142 L	 3.19  
 143 P	 30.31  
 144 R	 52.03  
 145 E	 45.38  
 146 V	 3.51  
 147 V	 3.68  
 148 S	 28.94  
 149 Y	 16.50  
 150 S	 19.26  
 151 K	 57.45  
 152 E	 39.96  
 153 T	 41.29  
 154 Q	 42.06  
 155 T	 27.91  
 156 P	 15.35  
 157 L	 11.03  
 158 A	 12.30  
 159 T	 28.29  
 160 H	 24.46  
 161 Q	 48.46  
 162 S	 35.04  
 163 E	 64.00  
 164 E	 75.79  
 165 D	 61.61  
 166 E	 71.30  
 167 E	 80.96  
 168 D	 55.92  
 169 E	 51.80  
 170 E	 61.93  
 171 M	 3.78  
 172 V	 14.94  
 173 E	 39.30  
 174 P	 23.35  
 175 K	 48.06  
 176 I	 9.66  
 177 G	 25.36  
 178 H	 38.61  
 179 D	 38.30  
 180 S	 38.11  
 181 E	 67.18  
 182 L	 9.67  
 183 E	 53.46  
 184 N	 68.86  
 185 Q	 55.28  
 186 E	 74.03  
 187 K	 50.41  
 188 K	 53.25  
 189 Q	 74.74  
 190 E	 71.39  
 191 T	 31.52  
 192 K	 51.64  
 193 E	 74.05  
 194 A	 22.43  
 195 P	 29.58  
 196 P	 49.80  
 197 R	 50.96  
 198 E	 66.86  
 199 L	 8.46  
 200 T	 36.28  
 201 E	 76.43  
 202 E	 66.32  
 203 E	 50.35  
 204 K	 51.27  
 205 Q	 38.53  
 206 Q	 51.80  
 207 I	 3.28  
 208 L	 2.94  
 209 H	 34.49  
 210 S	 35.06  
 211 E	 41.86  
 212 E	 49.09  
 213 F	 5.79  
 214 L	 3.64  
 215 I	 3.82  
 216 F	 5.91  
 217 F	 5.01  
 218 D	 35.74  
 219 R	 27.22  
 220 T	 18.25  
 221 I	 3.27  
 222 R	 23.81  
 223 V	 4.75  
 224 I	 1.81  
 225 E	 29.10  
 226 R	 24.63  
 227 A	 9.80  
 228 L	 7.21  
 229 A	 19.98  
 230 E	 59.92  
 231 D	 46.10  
 232 S	 24.90  
 233 D	 54.78  
 234 I	 4.25  
 235 F	 4.59  
 236 F	 9.84  
 237 D	 26.41  
 238 Y	 14.10  
 239 S	 32.97  
 240 G	 22.35  
 241 R	 39.11  
 242 E	 65.15  
 243 L	 11.25  
 244 E	 59.24  
 245 E	 69.90  
 246 K	 58.60  
 247 D	 62.90  
 248 G	 48.32  
 249 D	 39.22  
 250 V	 5.27  
 251 Q	 38.53  
 252 A	 20.93  
 253 G	 9.63  
 254 A	 19.46  
 255 N	 34.99  
 256 L	 6.48  
 257 S	 21.93  
 258 F	 11.15  
 259 N	 33.21  
 260 R	 26.44  
 261 Q	 42.21  
 262 F	 8.19  
 263 Y	 16.45  
 264 D	 42.44  
 265 E	 35.56  
 266 H	 31.08  
 267 W	 13.66  
 268 S	 22.08  
 269 K	 30.18  
 270 H	 23.42  
 271 R	 28.47  
 272 V	 4.12  
 273 V	 3.25  
 274 T	 10.15  
 275 C	 1.25  
 276 M	 4.28  
 277 D	 33.68  
 278 W	 3.66  
 279 S	 11.00  
 280 L	 5.02  
 281 Q	 46.34  
 282 Y	 12.17  
 283 P	 18.45  
 284 E	 44.56  
 285 L	 2.64  
 286 M	 1.95  
 287 V	 5.10  
 288 A	 6.70  
 289 S	 20.06  
 290 Y	 12.99  
 291 S	 30.59  
 292 N	 47.91  
 293 N	 42.45  
 294 E	 60.85  
 295 D	 68.47  
 296 A	 10.94  
 297 P	 44.70  
 298 H	 62.03  
 299 E	 43.99  
 300 P	 40.39  
 301 D	 62.30  
 302 G	 19.81  
 303 V	 4.92  
 304 A	 11.26  
 305 L	 4.21  
 306 V	 2.21  
 307 W	 10.47  
 308 N	 19.11  
 309 M	 2.94  
 310 K	 51.31  
 311 F	 7.35  
 312 K	 43.63  
 313 K	 61.84  
 314 T	 48.45  
 315 T	 24.01  
 316 P	 35.83  
 317 E	 52.84  
 318 Y	 15.04  
 319 V	 2.23  
 320 F	 4.70  
 321 H	 9.92  
 322 C	 2.59  
 323 Q	 30.12  
 324 S	 30.23  
 325 S	 8.92  
 326 V	 3.92  
 327 M	 2.41  
 328 S	 17.36  
 329 V	 1.35  
 330 C	 1.41  
 331 F	 5.25  
 332 A	 14.22  
 333 R	 15.34  
 334 F	 11.44  
 335 H	 12.56  
 336 P	 32.89  
 337 N	 36.58  
 338 L	 3.78  
 339 V	 4.83  
 340 V	 7.06  
 341 G	 18.42  
 342 G	 15.18  
 343 T	 14.48  
 344 Y	 17.68  
 345 S	 24.86  
 346 G	 15.72  
 347 Q	 19.37  
 348 I	 2.91  
 349 V	 3.21  
 350 L	 5.20  
 351 W	 7.02  
 352 D	 36.18  
 353 N	 35.45  
 354 R	 31.22  
 355 S	 27.83  
 356 H	 21.72  
 357 R	 45.47  
 358 R	 37.65  
 359 T	 27.98  
 360 P	 20.59  
 361 V	 6.26  
 362 Q	 44.74  
 363 R	 38.25  
 364 T	 16.10  
 365 P	 26.89  
 366 L	 5.56  
 367 S	 19.64  
 368 A	 19.15  
 369 A	 9.08  
 370 A	 14.08  
 371 H	 21.71  
 372 T	 24.13  
 373 H	 10.44  
 374 P	 21.67  
 375 V	 4.49  
 376 Y	 8.64  
 377 C	 1.50  
 378 V	 3.14  
 379 N	 21.13  
 380 V	 1.78  
 381 V	 6.54  
 382 G	 19.58  
 383 T	 10.59  
 384 H	 21.74  
 385 N	 40.19  
 386 A	 8.30  
 387 R	 43.75  
 388 N	 33.13  
 389 L	 2.64  
 390 I	 4.00  
 391 T	 16.15  
 392 V	 4.62  
 393 S	 16.48  
 394 T	 44.42  
 395 D	 47.40  
 396 G	 21.49  
 397 K	 39.27  
 398 M	 2.40  
 399 C	 4.25  
 400 S	 19.05  
 401 W	 9.66  
 402 S	 9.74  
 403 L	 3.50  
 404 D	 30.38  
 405 M	 3.75  
 406 L	 5.28  
 407 S	 31.25  
 408 T	 25.65  
 409 P	 32.34  
 410 Q	 56.32  
 411 E	 53.94  
 412 S	 16.59  
 413 M	 4.55  
 414 E	 44.34  
 415 L	 3.57  
 416 V	 2.93  
 417 Y	 29.51  
 418 N	 34.35  
 419 K	 42.01  
 420 S	 38.26  
 421 K	 45.16  
 422 P	 26.79  
 423 V	 8.43  
 424 A	 11.15  
 425 V	 4.91  
 426 T	 16.11  
 427 G	 9.98  
 428 M	 2.25  
 429 A	 14.49  
 430 F	 4.06  
 431 P	 26.40  
 432 T	 39.29  
 433 G	 36.79  
 434 D	 42.31  
 435 V	 7.16  
 436 N	 40.75  
 437 N	 30.82  
 438 F	 3.87  
 439 V	 5.32  
 440 V	 6.46  
 441 G	 24.84  
 442 S	 22.36  
 443 E	 55.29  
 444 E	 62.96  
 445 G	 19.21  
 446 T	 17.39  
 447 V	 6.17  
 448 Y	 6.61  
 449 T	 18.23  
 450 A	 3.17  
 451 C	 2.26  
 452 R	 34.44  
 453 H	 44.77  
 454 G	 16.10  
 455 S	 17.13  
 456 K	 56.05  
 457 A	 19.28  
 458 G	 31.97  
 459 I	 5.20  
 460 G	 24.89  
 461 E	 41.96  
 462 V	 4.45  
 463 F	 8.95  
 464 E	 62.03  
 465 G	 13.62  
 466 H	 23.40  
 467 Q	 69.60  
 468 G	 16.99  
 469 P	 17.58  
 470 V	 11.08  
 471 T	 35.16  
 472 G	 14.89  
 473 I	 3.47  
 474 N	 15.81  
 475 C	 1.88  
 476 H	 11.62  
 477 M	 3.35  
 478 A	 4.57  
 479 V	 7.92  
 480 G	 12.14  
 481 P	 19.17  
 482 I	 7.41  
 483 D	 41.97  
 484 F	 5.26  
 485 S	 18.61  
 486 H	 24.23  
 487 L	 3.41  
 488 F	 4.76  
 489 V	 6.80  
 490 T	 16.00  
 491 S	 24.57  
 492 S	 20.19  
 493 F	 10.21  
 494 D	 41.93  
 495 W	 10.90  
 496 T	 15.03  
 497 V	 4.12  
 498 K	 30.82  
 499 L	 4.22  
 500 W	 9.05  
 501 T	 36.08  
 502 T	 20.80  
 503 K	 37.49  
 504 H	 45.51  
 505 N	 52.46  
 506 K	 35.26  
 507 P	 35.28  
 508 V	 8.48  
 509 Y	 18.27  
 510 S	 27.73  
 511 S	 31.14  
 512 E	 49.71  
 513 D	 58.53  
 514 N	 30.57  
 515 A	 23.10  
 516 D	 39.42  
 517 Y	 9.86  
 518 V	 3.19  
 519 Y	 9.15  
 520 D	 17.47  
 521 V	 2.01  
 522 M	 2.40  
 523 W	 10.18  
 524 S	 10.03  
 525 P	 16.96  
 526 V	 7.63  
 527 H	 12.80  
 528 P	 30.78  
 529 A	 10.63  
 530 L	 3.09  
 531 F	 5.56  
 532 A	 8.02  
 533 C	 1.94  
 534 V	 6.81  
 535 D	 41.04  
 536 G	 10.47  
 537 M	 2.15  
 538 G	 32.31  
 539 R	 19.01  
 540 L	 5.41  
 541 D	 48.56  
 542 L	 3.75  
 543 W	 13.61  
 544 N	 36.32  
 545 L	 4.37  
 546 N	 34.33  
 547 S	 49.42  
 548 D	 45.90  
 549 T	 38.41  
 550 E	 52.03  
 551 V	 5.76  
 552 P	 18.93  
 553 T	 36.42  
 554 A	 8.92  
 555 S	 17.98  
 556 V	 6.04  
 557 A	 7.51  
 558 I	 4.74  
 559 E	 38.68  
 560 G	 20.79  
 561 A	 4.46  
 562 S	 44.11  
 563 A	 14.34  
 564 L	 3.78  
 565 N	 39.87  
 566 R	 21.89  
 567 V	 6.11  
 568 R	 21.56  
 569 W	 7.06  
 570 A	 6.38  
 571 Q	 54.96  
 572 G	 41.20  
 573 G	 15.75  
 574 K	 56.70  
 575 E	 38.70  
 576 V	 6.27  
 577 A	 10.73  
 578 V	 12.06  
 579 G	 24.00  
 580 D	 36.60  
 581 S	 35.70  
 582 E	 58.17  
 583 G	 30.26  
 584 R	 19.60  
 585 I	 3.74  
 586 W	 5.03  
 587 I	 1.64  
 588 Y	 6.92  
 589 D	 32.58  
 590 V	 3.44  
 591 G	 22.69  
 592 E	 33.14  
 593 L	 4.85  
 594 A	 14.43  
 595 V	 8.50  
 596 P	 18.24  
 597 H	 48.01  
 598 N	 42.71  
 599 D	 50.18  
 600 E	 56.94  
 601 W	 8.85  
 602 T	 17.54  
 603 R	 25.05  
 604 F	 4.17  
 605 A	 10.56  
 606 R	 26.36  
 607 T	 31.55  
 608 L	 2.44  
 609 V	 5.93  
 610 E	 29.84  
 611 I	 3.82  
 612 R	 16.59  
 613 A	 18.60  
 614 N	 29.80  
 615 R	 38.49  
 616 A	 25.21  
 617 D	 54.03  
 618 S	 46.02  
 619 E	 61.69  
 620 E	 66.73  
 621 E	 48.69  
 622 G	 37.90  
 623 A	 8.56  
 624 V	 10.22  
 625 E	 31.96  
 626 L	 3.82  
 627 A	 9.53  
 628 A	 32.35  
