 1 M	 11.02  
 2 E	 67.55  
 3 G	 49.18  
 4 G	 27.87  
 5 G	 53.77  
 6 K	 44.28  
 7 P	 43.19  
 8 N	 54.41  
 9 S	 41.42  
 10 A	 21.26  
 11 S	 34.85  
 12 N	 40.56  
 13 S	 34.29  
 14 R	 50.74  
 15 D	 68.91  
 16 D	 58.00  
 17 G	 32.38  
 18 N	 41.83  
 19 S	 30.57  
 20 V	 10.69  
 21 F	 5.92  
 22 P	 32.53  
 23 S	 29.95  
 24 K	 59.64  
 25 A	 11.87  
 26 P	 33.81  
 27 A	 30.01  
 28 T	 40.74  
 29 G	 19.45  
 30 P	 14.28  
 31 V	 7.89  
 32 A	 17.05  
 33 A	 24.08  
 34 D	 27.20  
 35 K	 44.81  
 36 R	 38.61  
 37 L	 12.64  
 38 G	 39.96  
 39 T	 30.79  
 40 P	 24.60  
 41 P	 54.63  
 42 G	 48.66  
 43 G	 28.48  
 44 G	 20.40  
 45 A	 19.13  
 46 A	 32.63  
 47 G	 35.04  
 48 K	 41.64  
 49 E	 56.99  
 50 H	 44.19  
 51 G	 29.24  
 52 N	 32.93  
 53 S	 25.51  
 54 V	 5.29  
 55 C	 2.47  
 56 F	 8.95  
 57 K	 34.00  
 58 V	 4.07  
 59 D	 51.08  
 60 G	 39.36  
 61 G	 36.15  
 62 G	 45.96  
 63 G	 39.09  
 64 E	 65.17  
 65 E	 43.66  
 66 P	 37.30  
 67 A	 29.55  
 68 G	 43.51  
 69 S	 27.80  
 70 F	 10.88  
 71 E	 58.99  
 72 D	 48.16  
 73 A	 19.22  
 74 E	 80.29  
 75 G	 23.80  
 76 P	 21.56  
 77 R	 49.55  
 78 R	 36.89  
 79 Q	 43.94  
 80 Y	 15.54  
 81 G	 11.83  
 82 F	 2.99  
 83 M	 2.52  
 84 Q	 33.49  
 85 R	 23.07  
 86 Q	 29.13  
 87 F	 6.26  
 88 T	 12.61  
 89 S	 20.84  
 90 M	 3.51  
 91 L	 5.79  
 92 Q	 24.86  
 93 P	 44.75  
 94 G	 23.75  
 95 V	 10.03  
 96 N	 45.64  
 97 K	 33.64  
 98 F	 7.59  
 99 S	 19.37  
 100 L	 5.32  
 101 R	 19.72  
 102 M	 5.60  
 103 F	 7.42  
 104 G	 21.59  
 105 S	 19.76  
 106 Q	 37.80  
 107 K	 56.98  
 108 A	 13.68  
 109 V	 16.20  
 110 E	 56.59  
 111 K	 59.09  
 112 E	 44.14  
 113 Q	 55.66  
 114 E	 61.61  
 115 R	 34.62  
 116 V	 6.77  
 117 K	 38.59  
 118 T	 29.20  
 119 A	 12.88  
 120 G	 24.53  
 121 F	 3.82  
 122 W	 6.42  
 123 I	 1.61  
 124 I	 1.63  
 125 H	 13.20  
 126 P	 21.66  
 127 Y	 13.50  
 128 S	 34.42  
 129 D	 32.66  
 130 F	 4.84  
 131 R	 28.83  
 132 F	 7.95  
 133 Y	 8.18  
 134 W	 7.39  
 135 D	 18.22  
 136 L	 1.21  
 137 I	 1.63  
 138 M	 2.42  
 139 L	 1.47  
 140 I	 0.65  
 141 M	 1.24  
 142 M	 2.50  
 143 V	 2.26  
 144 G	 12.12  
 145 N	 21.52  
 146 L	 2.11  
 147 V	 4.29  
 148 I	 3.12  
 149 I	 1.44  
 150 P	 13.73  
 151 V	 6.45  
 152 G	 14.09  
 153 I	 2.86  
 154 T	 13.53  
 155 F	 7.24  
 156 F	 5.71  
 157 T	 24.00  
 158 E	 40.55  
 159 Q	 40.88  
 160 T	 26.80  
 161 T	 30.47  
 162 T	 21.73  
 163 P	 20.41  
 164 W	 8.33  
 165 I	 2.44  
 166 I	 1.49  
 167 F	 4.41  
 168 N	 20.31  
 169 V	 3.62  
 170 A	 11.64  
 171 S	 29.54  
 172 D	 36.83  
 173 T	 15.63  
 174 V	 3.70  
 175 F	 6.43  
 176 L	 2.94  
 177 L	 3.23  
 178 D	 35.97  
 179 L	 3.95  
 180 I	 1.80  
 181 M	 5.15  
 182 N	 19.09  
 183 F	 4.02  
 184 R	 27.52  
 185 T	 32.82  
 186 G	 24.33  
 187 T	 21.39  
 188 V	 8.59  
 189 N	 47.39  
 190 E	 55.74  
 191 D	 52.86  
 192 S	 24.56  
 193 S	 45.17  
 194 E	 37.69  
 195 I	 4.02  
 196 I	 2.91  
 197 L	 13.01  
 198 D	 30.48  
 199 P	 29.39  
 200 K	 57.15  
 201 V	 6.56  
 202 I	 4.35  
 203 K	 24.87  
 204 M	 2.47  
 205 N	 33.70  
 206 Y	 16.41  
 207 L	 2.77  
 208 K	 34.97  
 209 S	 24.13  
 210 W	 6.62  
 211 F	 5.04  
 212 V	 3.08  
 213 V	 3.46  
 214 D	 29.84  
 215 F	 3.84  
 216 I	 2.46  
 217 S	 23.39  
 218 S	 26.54  
 219 I	 2.84  
 220 P	 18.18  
 221 V	 9.22  
 222 D	 26.00  
 223 Y	 8.20  
 224 I	 1.64  
 225 F	 2.87  
 226 L	 2.88  
 227 I	 2.34  
 228 V	 7.27  
 229 E	 36.58  
 230 K	 48.95  
 231 G	 16.18  
 232 M	 8.31  
 233 D	 50.76  
 234 S	 21.77  
 235 E	 45.67  
 236 V	 7.41  
 237 Y	 9.89  
 238 K	 40.67  
 239 T	 12.04  
 240 A	 7.21  
 241 R	 39.11  
 242 A	 9.95  
 243 L	 2.98  
 244 R	 25.11  
 245 I	 2.44  
 246 V	 3.13  
 247 R	 31.01  
 248 F	 5.89  
 249 T	 13.45  
 250 K	 38.65  
 251 I	 2.61  
 252 L	 2.92  
 253 S	 28.91  
 254 L	 2.64  
 255 L	 3.05  
 256 R	 36.65  
 257 L	 3.09  
 258 L	 4.12  
 259 R	 34.90  
 260 L	 3.35  
 261 S	 20.71  
 262 R	 38.43  
 263 L	 2.04  
 264 I	 2.82  
 265 R	 29.01  
 266 Y	 8.85  
 267 I	 1.08  
 268 H	 20.12  
 269 Q	 39.45  
 270 W	 7.33  
 271 E	 34.34  
 272 E	 48.25  
 273 I	 1.63  
 274 F	 3.49  
 275 H	 17.21  
 276 M	 2.30  
 277 T	 12.81  
 278 Y	 11.03  
 279 D	 26.96  
 280 L	 2.60  
 281 A	 7.79  
 282 S	 28.97  
 283 A	 9.75  
 284 V	 2.48  
 285 V	 3.77  
 286 R	 22.60  
 287 I	 1.49  
 288 F	 4.22  
 289 N	 28.51  
 290 L	 2.20  
 291 I	 3.31  
 292 G	 9.90  
 293 M	 1.04  
 294 M	 1.69  
 295 L	 2.16  
 296 L	 2.32  
 297 L	 1.45  
 298 C	 2.84  
 299 H	 26.15  
 300 W	 11.60  
 301 D	 17.79  
 302 G	 14.62  
 303 C	 2.21  
 304 L	 5.02  
 305 Q	 33.43  
 306 F	 4.85  
 307 L	 2.21  
 308 V	 3.11  
 309 P	 29.51  
 310 L	 5.38  
 311 L	 3.62  
 312 Q	 58.96  
 313 D	 58.97  
 314 F	 6.45  
 315 P	 31.91  
 316 P	 49.76  
 317 D	 38.87  
 318 C	 4.82  
 319 W	 7.07  
 320 V	 6.16  
 321 S	 10.85  
 322 L	 4.56  
 323 N	 28.01  
 324 E	 50.21  
 325 M	 3.12  
 326 V	 6.16  
 327 N	 35.97  
 328 D	 34.06  
 329 S	 32.31  
 330 W	 22.36  
 331 G	 15.90  
 332 K	 39.54  
 333 Q	 28.59  
 334 Y	 13.72  
 335 S	 11.05  
 336 Y	 11.46  
 337 A	 10.69  
 338 L	 3.25  
 339 F	 3.45  
 340 K	 43.99  
 341 A	 9.44  
 342 M	 2.66  
 343 S	 15.59  
 344 H	 10.51  
 345 M	 2.27  
 346 L	 1.29  
 347 C	 1.44  
 348 I	 4.13  
 349 G	 17.52  
 350 Y	 6.86  
 351 G	 13.14  
 352 A	 8.22  
 353 Q	 41.66  
 354 A	 13.11  
 355 P	 13.46  
 356 V	 9.34  
 357 S	 16.12  
 358 M	 3.53  
 359 S	 23.26  
 360 D	 37.06  
 361 L	 2.53  
 362 W	 6.76  
 363 I	 1.79  
 364 T	 10.65  
 365 M	 1.60  
 366 L	 2.05  
 367 S	 8.81  
 368 M	 2.24  
 369 I	 2.02  
 370 V	 2.98  
 371 G	 12.30  
 372 A	 5.43  
 373 T	 10.50  
 374 C	 1.70  
 375 Y	 9.21  
 376 A	 6.25  
 377 M	 0.83  
 378 F	 4.54  
 379 V	 3.36  
 380 G	 8.08  
 381 H	 18.01  
 382 A	 6.66  
 383 T	 19.13  
 384 A	 11.94  
 385 L	 2.96  
 386 I	 2.13  
 387 Q	 38.50  
 388 S	 27.44  
 389 L	 4.19  
 390 D	 50.22  
 391 S	 30.91  
 392 S	 31.02  
 393 R	 33.40  
 394 R	 41.32  
 395 Q	 43.05  
 396 Y	 19.48  
 397 Q	 32.16  
 398 E	 54.11  
 399 K	 42.07  
 400 Y	 13.10  
 401 K	 59.96  
 402 Q	 40.67  
 403 V	 4.30  
 404 E	 33.24  
 405 Q	 40.13  
 406 Y	 4.92  
 407 M	 3.26  
 408 S	 21.18  
 409 F	 3.16  
 410 H	 24.36  
 411 K	 54.90  
 412 L	 2.95  
 413 P	 30.90  
 414 A	 33.40  
 415 D	 30.75  
 416 M	 5.48  
 417 R	 34.88  
 418 Q	 42.28  
 419 K	 31.48  
 420 I	 1.95  
 421 H	 24.85  
 422 D	 51.70  
 423 Y	 9.15  
 424 Y	 16.00  
 425 E	 18.69  
 426 H	 20.02  
 427 R	 17.33  
 428 Y	 24.43  
 429 Q	 46.81  
 430 G	 18.98  
 431 K	 25.36  
 432 I	 7.23  
 433 F	 12.62  
 434 D	 66.81  
 435 E	 42.04  
 436 E	 51.95  
 437 N	 38.15  
 438 I	 5.18  
 439 L	 4.99  
 440 S	 35.92  
 441 E	 48.42  
 442 L	 8.72  
 443 N	 44.81  
 444 D	 57.12  
 445 P	 32.04  
 446 L	 13.85  
 447 R	 44.91  
 448 E	 60.81  
 449 E	 45.89  
 450 I	 2.35  
 451 V	 8.28  
 452 N	 28.24  
 453 F	 6.73  
 454 N	 21.34  
 455 C	 3.39  
 456 R	 36.13  
 457 K	 49.90  
 458 L	 1.31  
 459 V	 4.71  
 460 A	 14.49  
 461 T	 16.31  
 462 M	 1.63  
 463 P	 21.70  
 464 L	 4.38  
 465 F	 3.98  
 466 A	 20.27  
 467 N	 37.23  
 468 A	 30.15  
 469 D	 38.18  
 470 P	 33.47  
 471 N	 44.56  
 472 F	 6.68  
 473 V	 4.19  
 474 T	 11.38  
 475 A	 7.51  
 476 M	 2.95  
 477 L	 3.66  
 478 S	 19.29  
 479 K	 39.46  
 480 L	 7.33  
 481 R	 29.43  
 482 F	 15.83  
 483 E	 35.67  
 484 V	 5.06  
 485 F	 5.97  
 486 Q	 46.36  
 487 P	 26.59  
 488 G	 29.57  
 489 D	 37.83  
 490 Y	 12.26  
 491 I	 2.59  
 492 I	 2.39  
 493 R	 27.09  
 494 E	 40.89  
 495 G	 18.73  
 496 A	 11.35  
 497 V	 19.88  
 498 G	 24.27  
 499 K	 27.98  
 500 K	 32.67  
 501 M	 3.63  
 502 Y	 13.35  
 503 F	 3.76  
 504 I	 1.30  
 505 Q	 19.86  
 506 H	 28.07  
 507 G	 8.46  
 508 V	 3.83  
 509 A	 15.89  
 510 G	 14.68  
 511 V	 3.46  
 512 I	 3.82  
 513 T	 23.59  
 514 K	 41.42  
 515 S	 37.68  
 516 S	 33.90  
 517 K	 69.76  
 518 E	 43.42  
 519 M	 5.04  
 520 K	 49.69  
 521 L	 5.21  
 522 T	 32.56  
 523 D	 55.25  
 524 G	 21.00  
 525 S	 21.79  
 526 Y	 22.57  
 527 F	 8.30  
 528 G	 18.35  
 529 E	 22.19  
 530 I	 1.73  
 531 C	 1.91  
 532 L	 9.27  
 533 L	 3.94  
 534 T	 20.64  
 535 K	 50.84  
 536 G	 21.04  
 537 R	 34.04  
 538 R	 43.22  
 539 T	 23.17  
 540 A	 12.29  
 541 S	 16.12  
 542 V	 5.62  
 543 R	 25.01  
 544 A	 16.02  
 545 D	 27.87  
 546 T	 24.44  
 547 Y	 3.99  
 548 C	 2.34  
 549 R	 26.67  
 550 L	 2.80  
 551 Y	 6.55  
 552 S	 20.82  
 553 L	 3.50  
 554 S	 22.83  
 555 V	 9.40  
 556 D	 51.10  
 557 N	 39.21  
 558 F	 7.74  
 559 N	 44.73  
 560 E	 44.32  
 561 V	 9.52  
 562 L	 3.18  
 563 E	 61.74  
 564 E	 51.26  
 565 Y	 6.25  
 566 P	 17.24  
 567 M	 2.98  
 568 M	 1.96  
 569 R	 22.11  
 570 R	 26.23  
 571 A	 9.03  
 572 F	 8.41  
 573 E	 41.19  
 574 T	 14.58  
 575 V	 3.28  
 576 A	 12.84  
 577 I	 2.48  
 578 D	 35.04  
 579 R	 32.16  
 580 L	 4.62  
 581 D	 40.83  
 582 R	 44.12  
 583 I	 10.67  
 584 G	 35.46  
 585 K	 46.54  
 586 K	 51.19  
 587 N	 37.46  
 588 S	 24.40  
 589 I	 6.60  
 590 L	 4.09  
 591 L	 5.05  
 592 Q	 40.86  
 593 K	 50.13  
 594 F	 7.62  
 595 Q	 45.44  
 596 K	 68.28  
 597 D	 34.08  
 598 L	 8.77  
 599 N	 44.94  
 600 T	 41.86  
 601 G	 22.42  
 602 V	 4.34  
 603 F	 8.22  
 604 N	 47.04  
 605 N	 38.79  
 606 Q	 56.87  
 607 E	 59.98  
 608 N	 31.67  
 609 E	 49.28  
 610 I	 9.81  
 611 L	 2.45  
 612 K	 43.57  
 613 Q	 42.11  
 614 I	 4.21  
 615 V	 4.11  
 616 K	 41.22  
 617 H	 28.59  
 618 D	 42.38  
 619 R	 33.36  
 620 E	 50.17  
 621 M	 2.56  
 622 V	 2.73  
 623 Q	 32.06  
 624 A	 12.58  
 625 I	 2.03  
 626 P	 27.08  
 627 P	 22.73  
 628 I	 6.91  
 629 N	 48.48  
 630 Y	 8.79  
 631 P	 16.99  
 632 Q	 31.34  
 633 M	 1.73  
 634 T	 23.81  
 635 A	 7.45  
 636 L	 3.88  
 637 N	 25.26  
 638 C	 3.98  
 639 T	 25.33  
 640 S	 28.08  
 641 S	 16.18  
 642 T	 34.16  
 643 T	 32.50  
 644 T	 25.34  
 645 P	 26.70  
 646 T	 27.20  
 647 S	 25.86  
 648 R	 22.53  
 649 M	 5.64  
 650 R	 28.62  
 651 T	 24.85  
 652 Q	 43.50  
 653 S	 30.47  
 654 P	 16.74  
 655 P	 36.67  
 656 V	 8.23  
 657 Y	 9.09  
 658 T	 24.56  
 659 A	 4.22  
 660 T	 23.54  
 661 S	 25.97  
 662 L	 4.66  
 663 S	 25.33  
 664 H	 26.46  
 665 S	 37.40  
 666 N	 36.03  
 667 L	 4.79  
 668 H	 41.74  
 669 S	 30.18  
 670 P	 39.24  
 671 S	 34.20  
 672 P	 44.79  
 673 S	 37.17  
 674 T	 39.59  
 675 Q	 56.36  
 676 T	 24.79  
 677 P	 33.98  
 678 Q	 48.22  
 679 P	 27.25  
 680 S	 23.77  
 681 A	 17.27  
 682 I	 4.61  
 683 L	 4.71  
 684 S	 20.11  
 685 P	 13.97  
 686 C	 4.34  
 687 S	 28.97  
 688 Y	 18.15  
 689 T	 7.62  
 690 T	 14.62  
 691 A	 7.79  
 692 V	 2.89  
 693 C	 4.72  
 694 S	 27.41  
 695 P	 25.53  
 696 P	 22.43  
 697 I	 7.81  
 698 Q	 44.78  
 699 S	 23.70  
 700 P	 15.05  
 701 L	 10.34  
 702 A	 9.83  
 703 T	 37.61  
 704 R	 29.77  
 705 T	 15.48  
 706 F	 3.60  
 707 H	 19.35  
 708 Y	 12.46  
 709 A	 10.64  
 710 S	 18.67  
 711 P	 24.66  
 712 T	 36.12  
 713 A	 9.92  
 714 S	 33.85  
 715 Q	 32.38  
 716 L	 3.83  
 717 S	 17.73  
 718 L	 4.96  
 719 M	 2.90  
 720 Q	 58.03  
 721 Q	 24.65  
 722 P	 19.63  
 723 Q	 39.04  
 724 Q	 54.16  
 725 Q	 50.27  
 726 L	 3.47  
 727 P	 27.69  
 728 Q	 55.90  
 729 S	 30.31  
 730 Q	 31.62  
 731 V	 5.73  
 732 Q	 32.73  
 733 Q	 36.40  
 734 T	 19.25  
 735 Q	 27.55  
 736 T	 36.65  
 737 Q	 27.74  
 738 T	 31.56  
 739 Q	 29.30  
 740 Q	 46.57  
 741 Q	 32.98  
 742 Q	 38.42  
 743 Q	 38.42  
 744 Q	 38.42  
 745 Q	 38.42  
 746 Q	 38.42  
 747 Q	 38.42  
 748 Q	 38.42  
 749 Q	 38.42  
 750 Q	 38.42  
 751 Q	 38.42  
 752 Q	 38.42  
 753 Q	 38.42  
 754 Q	 38.42  
 755 Q	 38.42  
 756 Q	 38.42  
 757 Q	 38.42  
 758 Q	 38.42  
 759 Q	 38.42  
 760 Q	 38.42  
 761 Q	 38.42  
 762 Q	 38.42  
 763 Q	 38.42  
 764 Q	 38.42  
 765 Q	 38.42  
 766 Q	 38.42  
 767 Q	 38.42  
 768 Q	 38.42  
 769 Q	 38.42  
 770 Q	 38.42  
 771 Q	 38.42  
 772 Q	 38.42  
 773 Q	 39.27  
 774 Q	 53.21  
 775 Q	 27.94  
 776 P	 35.36  
 777 Q	 56.86  
 778 T	 35.98  
 779 P	 35.11  
 780 G	 37.30  
 781 S	 32.04  
 782 S	 55.43  
 783 T	 39.72  
 784 P	 39.15  
 785 K	 66.87  
 786 N	 58.70  
 787 E	 52.72  
 788 V	 10.87  
 789 H	 16.51  
 790 K	 61.44  
 791 S	 15.75  
 792 T	 23.75  
 793 Q	 49.36  
 794 A	 15.75  
 795 L	 1.99  
 796 H	 41.92  
 797 N	 31.35  
 798 T	 22.36  
 799 N	 51.54  
 800 L	 7.33  
 801 T	 27.51  
 802 K	 58.33  
 803 E	 38.22  
 804 V	 9.00  
 805 R	 27.77  
 806 P	 35.52  
 807 L	 4.71  
 808 S	 28.67  
 809 A	 21.62  
 810 S	 38.97  
 811 Q	 31.17  
 812 P	 35.02  
 813 S	 47.07  
 814 L	 6.80  
 815 P	 26.40  
 816 H	 54.08  
 817 E	 35.90  
 818 V	 4.88  
 819 S	 17.95  
 820 T	 33.03  
 821 L	 2.32  
 822 I	 3.13  
 823 S	 42.76  
 824 R	 26.93  
 825 P	 30.90  
 826 H	 29.56  
 827 P	 31.31  
 828 T	 37.80  
 829 V	 10.63  
 830 G	 22.66  
 831 E	 37.94  
 832 S	 24.25  
 833 L	 3.64  
 834 A	 18.07  
 835 S	 39.84  
 836 I	 2.82  
 837 P	 29.90  
 838 Q	 43.35  
 839 P	 16.62  
 840 V	 4.50  
 841 A	 15.50  
 842 A	 10.37  
 843 V	 2.36  
 844 H	 18.21  
 845 S	 19.99  
 846 T	 27.34  
 847 G	 20.85  
 848 L	 2.98  
 849 Q	 45.05  
 850 A	 23.99  
 851 G	 15.61  
 852 S	 26.52  
 853 R	 35.11  
 854 S	 35.14  
 855 T	 34.79  
 856 V	 3.92  
 857 P	 19.15  
 858 Q	 48.41  
 859 R	 19.81  
 860 V	 4.61  
 861 T	 23.51  
 862 L	 2.81  
 863 F	 3.58  
 864 R	 34.11  
 865 Q	 28.86  
 866 M	 2.76  
 867 S	 19.79  
 868 S	 27.23  
 869 G	 21.88  
 870 A	 17.05  
 871 I	 7.13  
 872 P	 21.41  
 873 P	 36.72  
 874 N	 48.24  
 875 R	 53.94  
 876 G	 42.81  
 877 V	 4.66  
 878 P	 23.35  
 879 P	 55.80  
 880 A	 24.14  
 881 P	 47.94  
 882 P	 50.00  
 883 P	 30.06  
 884 P	 38.33  
 885 A	 26.49  
 886 A	 12.07  
 887 V	 6.31  
 888 Q	 38.40  
 889 R	 39.50  
 890 E	 50.32  
 891 S	 25.35  
 892 P	 24.57  
 893 S	 48.82  
 894 V	 5.62  
 895 L	 7.20  
 896 N	 40.04  
 897 T	 44.76  
 898 D	 37.70  
 899 P	 40.44  
 900 D	 70.89  
 901 A	 31.91  
 902 E	 71.60  
 903 K	 43.12  
 904 P	 28.29  
 905 R	 51.32  
 906 F	 13.67  
 907 A	 9.97  
 908 S	 35.63  
 909 N	 46.47  
 910 L	 7.42  
