 1 M	 9.73  
 2 D	 60.20  
 3 R	 41.34  
 4 S	 35.63  
 5 S	 30.95  
 6 K	 53.50  
 7 R	 35.89  
 8 R	 49.75  
 9 Q	 52.17  
 10 V	 6.99  
 11 K	 26.44  
 12 P	 28.51  
 13 L	 5.28  
 14 A	 11.97  
 15 A	 14.37  
 16 S	 28.07  
 17 L	 4.26  
 18 L	 3.16  
 19 E	 53.10  
 20 A	 13.00  
 21 L	 4.59  
 22 D	 52.84  
 23 Y	 20.69  
 24 D	 41.13  
 25 S	 29.45  
 26 S	 42.41  
 27 D	 64.48  
 28 D	 52.64  
 29 S	 50.35  
 30 D	 55.14  
 31 F	 8.82  
 32 K	 50.74  
 33 V	 9.41  
 34 G	 25.92  
 35 D	 45.98  
 36 A	 14.87  
 37 S	 46.54  
 38 D	 53.05  
 39 S	 41.17  
 40 E	 63.47  
 41 G	 44.82  
 42 S	 25.65  
 43 G	 54.07  
 44 N	 53.14  
 45 G	 35.62  
 46 S	 35.98  
 47 E	 60.02  
 48 D	 58.81  
 49 A	 17.90  
 50 S	 49.68  
 51 K	 58.60  
 52 D	 60.42  
 53 S	 42.34  
 54 G	 54.11  
 55 E	 52.46  
 56 G	 37.16  
 57 S	 13.22  
 58 C	 8.45  
 59 S	 45.96  
 60 D	 65.48  
 61 S	 30.43  
 62 E	 61.12  
 63 E	 54.22  
 64 N	 39.84  
 65 I	 6.07  
 66 L	 11.62  
 67 E	 45.70  
 68 E	 65.42  
 69 E	 47.74  
 70 L	 10.86  
 71 N	 48.45  
 72 E	 73.97  
 73 D	 44.96  
 74 I	 4.51  
 75 K	 60.62  
 76 V	 10.89  
 77 K	 51.00  
 78 E	 54.70  
 79 E	 56.34  
 80 Q	 59.85  
 81 L	 6.84  
 82 K	 48.85  
 83 N	 55.85  
 84 S	 35.15  
 85 A	 37.30  
 86 E	 55.28  
 87 E	 53.79  
 88 E	 40.02  
 89 V	 7.70  
 90 L	 5.43  
 91 S	 41.44  
 92 S	 44.65  
 93 E	 41.25  
 94 K	 52.96  
 95 Q	 44.35  
 96 L	 6.35  
 97 I	 3.55  
 98 K	 49.99  
 99 M	 7.86  
 100 E	 56.84  
 101 K	 63.08  
 102 K	 57.99  
 103 E	 80.06  
 104 E	 78.48  
 105 E	 58.83  
 106 E	 74.04  
 107 N	 61.99  
 108 G	 35.25  
 109 E	 71.71  
 110 R	 37.41  
 111 P	 48.41  
 112 R	 64.45  
 113 K	 59.89  
 114 K	 68.05  
 115 R	 64.35  
 116 E	 74.56  
 117 K	 77.46  
 118 E	 62.79  
 119 K	 82.33  
 120 E	 68.49  
 121 K	 82.33  
 122 E	 68.49  
 123 K	 82.33  
 124 E	 68.49  
 125 K	 82.33  
 126 E	 68.49  
 127 K	 82.33  
 128 E	 62.33  
 129 K	 73.47  
 130 E	 68.14  
 131 R	 71.94  
 132 E	 67.66  
 133 K	 79.07  
 134 E	 62.79  
 135 K	 75.48  
 136 E	 49.36  
 137 K	 61.50  
 138 A	 17.83  
 139 T	 35.32  
 140 V	 8.91  
 141 S	 21.06  
 142 E	 51.92  
 143 N	 22.63  
 144 V	 4.06  
 145 A	 13.79  
 146 A	 8.74  
 147 S	 14.54  
 148 A	 9.08  
 149 A	 11.66  
 150 A	 16.24  
 151 T	 28.69  
 152 T	 13.24  
 153 P	 29.23  
 154 A	 20.72  
 155 T	 42.86  
 156 S	 30.87  
 157 P	 19.26  
 158 P	 48.91  
 159 A	 15.58  
 160 V	 11.22  
 161 N	 36.62  
 162 T	 35.10  
 163 S	 15.24  
 164 P	 36.99  
 165 S	 40.26  
 166 V	 5.76  
 167 P	 28.50  
 168 T	 34.32  
 169 T	 18.97  
 170 T	 19.53  
 171 T	 29.50  
 172 A	 15.77  
 173 T	 37.65  
 174 E	 43.92  
 175 E	 52.51  
 176 Q	 37.49  
 177 V	 8.72  
 178 S	 48.12  
 179 E	 63.38  
 180 P	 35.70  
 181 K	 67.38  
 182 K	 52.62  
 183 W	 18.40  
 184 N	 32.33  
 185 L	 5.45  
 186 R	 30.52  
 187 R	 46.83  
 188 N	 43.41  
 189 R	 22.79  
 190 P	 40.60  
 191 L	 6.91  
 192 L	 5.49  
 193 D	 49.97  
 194 F	 4.40  
 195 V	 5.48  
 196 S	 22.07  
 197 M	 3.79  
 198 E	 52.40  
 199 E	 44.20  
 200 L	 4.14  
 201 N	 45.93  
 202 D	 55.29  
 203 M	 4.04  
 204 D	 54.93  
 205 D	 42.37  
 206 Y	 19.66  
 207 D	 53.17  
 208 S	 36.37  
 209 E	 67.49  
 210 D	 65.06  
 211 D	 51.43  
 212 N	 64.17  
 213 D	 50.16  
 214 W	 17.88  
 215 R	 21.63  
 216 P	 25.87  
 217 T	 29.38  
 218 V	 5.46  
 219 V	 5.66  
 220 K	 44.02  
 221 R	 34.74  
 222 K	 53.62  
 223 G	 32.57  
 224 R	 31.89  
 225 S	 40.72  
 226 A	 18.02  
 227 S	 42.93  
 228 Q	 47.76  
 229 K	 62.64  
 230 E	 57.18  
 231 G	 37.76  
 232 S	 39.24  
 233 D	 78.35  
 234 G	 41.14  
 235 D	 61.41  
 236 N	 61.19  
 237 E	 72.14  
 238 D	 71.50  
 239 D	 60.10  
 240 E	 70.99  
 241 D	 72.97  
 242 E	 53.89  
 243 G	 50.02  
 244 S	 32.83  
 245 G	 50.39  
 246 S	 39.25  
 247 D	 71.53  
 248 E	 69.76  
 249 D	 66.06  
 250 E	 65.61  
 251 N	 66.02  
 252 D	 64.23  
 253 E	 72.05  
 254 G	 50.15  
 255 N	 47.66  
 256 D	 73.82  
 257 E	 62.72  
 258 D	 50.24  
 259 H	 28.29  
 260 S	 50.79  
 261 S	 22.52  
 262 P	 42.70  
 263 A	 23.35  
 264 S	 39.91  
 265 E	 62.81  
 266 G	 44.28  
 267 G	 18.93  
 268 C	 9.56  
 269 K	 71.54  
 270 K	 70.30  
 271 K	 48.01  
 272 K	 65.47  
 273 S	 36.56  
 274 K	 56.95  
 275 V	 8.29  
 276 L	 4.59  
 277 S	 32.19  
 278 R	 36.64  
 279 N	 37.87  
 280 S	 31.78  
 281 A	 31.64  
 282 D	 64.77  
 283 D	 51.49  
 284 E	 56.29  
 285 E	 68.81  
 286 L	 5.22  
 287 T	 40.01  
 288 N	 49.88  
 289 D	 39.53  
 290 S	 25.89  
 291 L	 6.61  
 292 T	 28.45  
 293 L	 5.49  
 294 S	 27.46  
 295 Q	 58.97  
 296 S	 34.37  
 297 K	 50.06  
 298 S	 51.18  
 299 N	 61.91  
 300 E	 56.94  
 301 D	 53.66  
 302 S	 15.90  
 303 L	 8.84  
 304 I	 5.59  
 305 L	 9.10  
 306 E	 43.60  
 307 K	 54.63  
 308 S	 21.26  
 309 Q	 67.49  
 310 N	 47.92  
 311 W	 7.54  
 312 S	 30.36  
 313 S	 25.99  
 314 Q	 39.31  
 315 K	 48.52  
 316 M	 3.34  
 317 D	 32.48  
 318 H	 17.16  
 319 I	 2.12  
 320 L	 1.89  
 321 I	 1.37  
 322 C	 0.96  
 323 C	 1.60  
 324 V	 2.34  
 325 C	 1.88  
 326 L	 4.87  
 327 G	 27.25  
 328 D	 42.40  
 329 N	 45.56  
 330 S	 41.41  
 331 E	 64.57  
 332 D	 60.17  
 333 A	 16.57  
 334 D	 61.01  
 335 E	 43.65  
 336 I	 2.44  
 337 I	 2.91  
 338 Q	 33.89  
 339 C	 2.60  
 340 D	 36.76  
 341 N	 33.28  
 342 C	 2.38  
 343 G	 25.51  
 344 I	 3.86  
 345 T	 10.90  
 346 V	 3.50  
 347 H	 19.65  
 348 E	 46.77  
 349 G	 8.62  
 350 C	 2.14  
 351 Y	 30.92  
 352 G	 18.34  
 353 V	 3.27  
 354 D	 51.27  
 355 G	 33.62  
 356 E	 47.08  
 357 S	 42.03  
 358 D	 37.57  
 359 S	 29.48  
 360 I	 3.59  
 361 M	 2.76  
 362 S	 22.53  
 363 S	 20.59  
 364 A	 17.35  
 365 S	 38.98  
 366 E	 55.72  
 367 N	 52.30  
 368 S	 30.05  
 369 T	 58.61  
 370 E	 40.11  
 371 P	 29.54  
 372 W	 10.56  
 373 F	 3.85  
 374 C	 2.61  
 375 D	 45.59  
 376 A	 8.89  
 377 C	 2.09  
 378 K	 35.43  
 379 C	 7.00  
 380 G	 14.39  
 381 V	 12.17  
 382 S	 9.07  
 383 P	 40.36  
 384 S	 16.84  
 385 C	 5.41  
 386 E	 58.71  
 387 L	 7.45  
 388 C	 1.07  
 389 P	 54.89  
 390 N	 52.13  
 391 Q	 35.13  
 392 D	 59.81  
 393 G	 19.91  
 394 I	 6.32  
 395 F	 7.76  
 396 K	 58.76  
 397 E	 40.97  
 398 T	 31.57  
 399 D	 48.38  
 400 A	 19.50  
 401 G	 27.13  
 402 R	 33.68  
 403 W	 5.78  
 404 V	 1.81  
 405 H	 10.37  
 406 I	 1.65  
 407 V	 0.66  
 408 C	 1.82  
 409 A	 7.34  
 410 L	 3.61  
 411 Y	 6.00  
 412 V	 3.28  
 413 P	 20.27  
 414 G	 17.22  
 415 V	 3.06  
 416 A	 14.50  
 417 F	 9.32  
 418 G	 22.64  
 419 D	 39.19  
 420 I	 5.28  
 421 D	 48.99  
 422 K	 46.89  
 423 L	 7.11  
 424 R	 29.41  
 425 P	 33.60  
 426 V	 5.75  
 427 T	 30.55  
 428 L	 3.77  
 429 T	 24.67  
 430 E	 28.66  
 431 M	 4.87  
 432 N	 31.52  
 433 Y	 12.77  
 434 S	 17.88  
 435 K	 37.03  
 436 Y	 19.17  
 437 G	 33.63  
 438 A	 11.03  
 439 K	 55.69  
 440 E	 34.56  
 441 C	 3.58  
 442 S	 33.74  
 443 F	 8.82  
 444 C	 3.13  
 445 E	 69.87  
 446 D	 40.64  
 447 P	 15.82  
 448 R	 50.61  
 449 F	 7.03  
 450 A	 14.92  
 451 R	 29.33  
 452 T	 30.45  
 453 G	 13.52  
 454 V	 2.31  
 455 C	 1.68  
 456 I	 4.22  
 457 S	 10.79  
 458 C	 1.79  
 459 D	 39.09  
 460 A	 16.37  
 461 G	 11.50  
 462 M	 1.18  
 463 C	 1.89  
 464 R	 24.35  
 465 A	 13.35  
 466 Y	 3.78  
 467 F	 3.49  
 468 H	 10.99  
 469 V	 3.18  
 470 T	 8.11  
 471 C	 3.52  
 472 A	 17.70  
 473 Q	 46.62  
 474 K	 34.91  
 475 E	 42.89  
 476 G	 38.67  
 477 L	 5.09  
 478 L	 6.81  
 479 S	 30.17  
 480 E	 42.15  
 481 A	 14.48  
 482 A	 16.03  
 483 A	 27.97  
 484 E	 52.02  
 485 E	 50.41  
 486 D	 32.64  
 487 I	 5.46  
 488 A	 30.64  
 489 D	 40.65  
 490 P	 19.75  
 491 F	 5.87  
 492 F	 6.03  
 493 A	 14.81  
 494 Y	 8.60  
 495 C	 2.83  
 496 K	 32.23  
 497 Q	 33.18  
 498 H	 18.32  
 499 A	 10.92  
 500 D	 49.94  
 501 R	 38.99  
 502 L	 8.43  
 503 D	 51.51  
 504 R	 51.86  
 505 K	 57.65  
 506 W	 13.43  
 507 K	 57.43  
 508 R	 31.19  
 509 K	 46.33  
 510 N	 40.87  
 511 Y	 9.08  
 512 L	 5.54  
 513 A	 8.00  
 514 L	 2.99  
 515 Q	 27.09  
 516 S	 33.09  
 517 Y	 5.32  
 518 C	 3.45  
 519 K	 24.24  
 520 M	 4.28  
 521 S	 16.64  
 522 L	 5.69  
 523 Q	 40.15  
 524 E	 69.01  
 525 R	 43.37  
 526 E	 44.39  
 527 K	 63.86  
 528 Q	 42.28  
 529 L	 15.89  
 530 S	 20.42  
 531 P	 49.92  
 532 E	 50.46  
 533 A	 16.24  
 534 Q	 29.52  
 535 A	 22.74  
 536 R	 15.60  
 537 I	 5.46  
 538 N	 17.29  
 539 A	 15.93  
 540 R	 28.65  
 541 L	 3.28  
 542 Q	 32.48  
 543 Q	 33.98  
 544 Y	 10.28  
 545 R	 25.85  
 546 A	 15.52  
 547 K	 33.14  
 548 A	 18.95  
 549 E	 42.11  
 550 L	 6.00  
 551 A	 8.55  
 552 R	 51.70  
 553 S	 24.14  
 554 T	 40.59  
 555 R	 23.68  
 556 P	 28.47  
 557 Q	 44.56  
 558 A	 16.36  
 559 W	 8.73  
 560 V	 3.43  
 561 P	 28.19  
 562 R	 44.02  
 563 E	 53.53  
 564 K	 66.14  
 565 L	 3.59  
 566 P	 47.08  
 567 R	 49.66  
 568 P	 37.74  
 569 L	 8.39  
 570 T	 24.26  
 571 S	 31.43  
 572 S	 22.47  
 573 A	 11.62  
 574 S	 26.61  
 575 A	 12.81  
 576 I	 3.55  
 577 R	 26.27  
 578 K	 40.29  
 579 L	 2.63  
 580 M	 4.66  
 581 R	 45.53  
 582 K	 32.04  
 583 A	 12.56  
 584 E	 42.18  
 585 L	 4.56  
 586 M	 3.18  
 587 G	 24.26  
 588 I	 2.20  
 589 S	 17.82  
 590 T	 31.06  
 591 D	 33.47  
 592 I	 4.21  
 593 F	 5.55  
 594 P	 32.65  
 595 V	 8.29  
 596 D	 49.51  
 597 N	 41.86  
 598 S	 37.49  
 599 D	 57.79  
 600 T	 30.26  
 601 S	 26.13  
 602 S	 36.15  
 603 S	 24.80  
 604 V	 11.05  
 605 D	 46.99  
 606 G	 29.18  
 607 R	 39.76  
 608 R	 51.46  
 609 K	 54.52  
 610 H	 31.97  
 611 K	 62.10  
 612 Q	 28.37  
 613 P	 33.76  
 614 A	 18.30  
 615 L	 5.30  
 616 T	 26.70  
 617 A	 14.75  
 618 D	 42.67  
 619 F	 3.39  
 620 V	 4.66  
 621 N	 26.27  
 622 Y	 12.29  
 623 Y	 8.18  
 624 F	 5.12  
 625 E	 27.33  
 626 R	 32.14  
 627 N	 18.40  
 628 M	 3.73  
 629 R	 23.70  
 630 M	 1.51  
 631 I	 2.00  
 632 Q	 23.21  
 633 I	 3.72  
 634 Q	 21.45  
 635 E	 51.07  
 636 N	 20.70  
 637 M	 4.23  
 638 A	 27.87  
 639 E	 51.85  
 640 Q	 34.26  
 641 K	 52.74  
 642 N	 46.35  
 643 I	 8.65  
 644 K	 59.20  
 645 D	 57.90  
 646 K	 53.34  
 647 L	 14.16  
 648 E	 65.54  
 649 N	 67.69  
 650 E	 51.22  
 651 Q	 65.78  
 652 E	 51.94  
 653 K	 43.52  
 654 L	 5.56  
 655 H	 22.79  
 656 V	 13.97  
 657 E	 32.42  
 658 Y	 19.26  
 659 N	 19.81  
 660 K	 54.32  
 661 L	 3.31  
 662 C	 3.40  
 663 E	 69.65  
 664 S	 39.83  
 665 L	 2.50  
 666 E	 66.97  
 667 E	 62.03  
 668 L	 2.74  
 669 Q	 56.49  
 670 N	 48.36  
 671 L	 6.03  
 672 N	 53.77  
 673 G	 33.28  
 674 K	 39.39  
 675 L	 8.47  
 676 R	 35.83  
 677 S	 57.42  
 678 E	 49.45  
 679 G	 32.06  
 680 Q	 35.83  
 681 G	 28.41  
 682 I	 1.17  
 683 W	 6.41  
 684 A	 7.32  
 685 L	 2.91  
 686 L	 3.15  
 687 G	 21.57  
 688 R	 24.22  
 689 I	 4.88  
 690 T	 32.00  
 691 G	 21.91  
 692 Q	 38.11  
 693 K	 44.86  
 694 L	 5.59  
 695 N	 45.28  
 696 I	 3.36  
 697 P	 16.51  
 698 A	 15.06  
 699 I	 1.93  
 700 L	 4.08  
 701 R	 42.61  
 702 A	 18.97  
 703 P	 32.38  
 704 K	 69.99  
 705 E	 65.95  
 706 R	 63.41  
 707 K	 55.52  
 708 P	 58.57  
 709 S	 60.44  
 710 K	 64.47  
 711 K	 66.96  
 712 E	 67.60  
 713 G	 54.02  
 714 G	 26.51  
 715 T	 37.44  
 716 Q	 50.75  
 717 K	 44.26  
 718 T	 19.68  
 719 S	 34.68  
 720 T	 41.83  
 721 L	 2.28  
 722 P	 22.02  
 723 A	 13.68  
 724 V	 4.94  
 725 L	 2.57  
 726 Y	 8.70  
 727 S	 11.16  
 728 C	 2.41  
 729 G	 23.53  
 730 I	 3.50  
 731 C	 2.89  
 732 K	 55.48  
 733 K	 55.92  
 734 N	 29.48  
 735 H	 45.01  
 736 D	 47.16  
 737 Q	 22.90  
 738 H	 25.22  
 739 L	 2.75  
 740 L	 3.01  
 741 L	 5.87  
 742 L	 2.21  
 743 C	 4.03  
 744 D	 55.92  
 745 T	 15.56  
 746 C	 2.56  
 747 K	 40.15  
 748 L	 5.43  
 749 H	 8.08  
 750 Y	 14.80  
 751 H	 12.66  
 752 L	 4.00  
 753 G	 9.16  
 754 C	 4.98  
 755 L	 11.98  
 756 D	 47.01  
 757 P	 16.92  
 758 P	 46.13  
 759 L	 6.04  
 760 T	 30.60  
 761 R	 40.57  
 762 M	 2.95  
 763 P	 31.18  
 764 R	 50.35  
 765 K	 58.96  
 766 T	 36.42  
 767 K	 47.10  
 768 N	 45.63  
 769 S	 29.33  
 770 Y	 14.64  
 771 W	 7.79  
 772 Q	 16.78  
 773 C	 1.98  
 774 S	 26.59  
 775 E	 50.14  
 776 C	 2.43  
 777 D	 36.99  
 778 Q	 60.32  
 779 A	 13.44  
 780 G	 23.27  
 781 S	 26.61  
 782 S	 39.81  
 783 D	 40.41  
 784 M	 5.03  
 785 E	 46.65  
 786 A	 12.77  
 787 D	 16.44  
 788 M	 5.01  
 789 A	 8.00  
 790 M	 3.03  
 791 E	 37.34  
 792 T	 30.42  
 793 L	 2.01  
 794 P	 45.46  
 795 D	 79.21  
 796 G	 31.06  
 797 T	 30.57  
 798 K	 54.64  
 799 R	 34.92  
 800 S	 33.11  
 801 R	 38.26  
 802 R	 43.77  
 803 Q	 50.42  
 804 I	 5.31  
 805 K	 47.85  
 806 E	 57.88  
 807 P	 29.60  
 808 V	 8.67  
 809 K	 51.89  
 810 F	 11.17  
 811 V	 3.27  
 812 P	 27.99  
 813 Q	 60.06  
 814 D	 49.15  
 815 V	 7.79  
 816 P	 35.51  
 817 P	 71.07  
 818 E	 64.78  
 819 P	 49.35  
 820 K	 62.77  
 821 K	 65.51  
 822 I	 4.24  
 823 P	 28.50  
 824 I	 6.37  
 825 R	 32.87  
 826 N	 34.33  
 827 T	 24.46  
 828 R	 26.44  
 829 T	 35.12  
 830 R	 39.36  
 831 G	 38.56  
 832 R	 28.11  
 833 K	 56.04  
 834 R	 33.69  
 835 S	 33.36  
 836 F	 14.27  
 837 V	 6.51  
 838 P	 41.07  
 839 E	 73.76  
 840 E	 67.29  
 841 E	 59.04  
 842 K	 60.64  
 843 H	 45.49  
 844 E	 59.57  
 845 E	 59.71  
 846 R	 40.53  
 847 V	 6.23  
 848 P	 38.34  
 849 R	 47.39  
 850 E	 46.26  
 851 R	 41.11  
 852 R	 31.14  
 853 Q	 54.72  
 854 R	 29.00  
 855 Q	 29.56  
 856 S	 27.30  
 857 V	 5.06  
 858 L	 8.17  
 859 Q	 49.96  
 860 K	 67.87  
 861 K	 38.50  
 862 P	 48.39  
 863 K	 73.60  
 864 A	 24.86  
 865 E	 64.80  
 866 D	 46.43  
 867 L	 5.70  
 868 R	 40.58  
 869 T	 42.59  
 870 E	 18.74  
 871 C	 3.62  
 872 A	 15.14  
 873 T	 26.80  
 874 C	 1.72  
 875 K	 55.97  
 876 G	 36.76  
 877 T	 27.19  
 878 G	 44.40  
 879 D	 60.14  
 880 N	 41.21  
 881 E	 57.59  
 882 N	 50.52  
 883 L	 1.57  
 884 V	 9.21  
 885 R	 40.59  
 886 Y	 10.59  
 887 P	 24.01  
 888 S	 43.87  
