 1 M	 7.32  
 2 E	 61.71  
 3 N	 41.44  
 4 Y	 5.46  
 5 F	 9.28  
 6 Q	 28.12  
 7 A	 8.09  
 8 E	 40.69  
 9 A	 11.09  
 10 Y	 14.04  
 11 N	 49.14  
 12 L	 4.37  
 13 D	 35.07  
 14 K	 48.11  
 15 V	 8.99  
 16 L	 6.86  
 17 D	 62.62  
 18 E	 47.09  
 19 F	 13.45  
 20 E	 50.91  
 21 Q	 65.02  
 22 N	 52.03  
 23 E	 57.85  
 24 D	 65.50  
 25 E	 44.95  
 26 T	 37.70  
 27 V	 3.91  
 28 S	 25.65  
 29 S	 20.81  
 30 T	 24.67  
 31 L	 4.38  
 32 L	 8.77  
 33 D	 49.72  
 34 T	 37.62  
 35 K	 48.73  
 36 W	 17.28  
 37 N	 24.05  
 38 K	 43.46  
 39 I	 4.82  
 40 L	 9.62  
 41 D	 57.44  
 42 P	 28.93  
 43 P	 42.29  
 44 S	 26.99  
 45 H	 40.24  
 46 R	 36.04  
 47 L	 6.00  
 48 S	 23.96  
 49 F	 17.56  
 50 N	 25.85  
 51 P	 27.12  
 52 T	 35.74  
 53 L	 3.36  
 54 A	 17.57  
 55 S	 28.70  
 56 V	 8.40  
 57 N	 34.70  
 58 E	 37.61  
 59 S	 28.85  
 60 A	 11.54  
 61 V	 9.82  
 62 S	 34.30  
 63 N	 46.47  
 64 E	 43.15  
 65 S	 51.95  
 66 Q	 24.47  
 67 P	 51.23  
 68 Q	 46.40  
 69 L	 6.95  
 70 K	 35.67  
 71 V	 5.53  
 72 F	 4.78  
 73 S	 27.86  
 74 L	 3.18  
 75 A	 8.06  
 76 H	 29.77  
 77 S	 26.44  
 78 A	 8.02  
 79 P	 33.00  
 80 L	 10.40  
 81 T	 30.97  
 82 T	 49.43  
 83 E	 54.90  
 84 E	 67.63  
 85 E	 46.99  
 86 D	 45.50  
 87 H	 18.83  
 88 C	 4.94  
 89 A	 21.55  
 90 N	 54.79  
 91 G	 13.23  
 92 Q	 52.47  
 93 D	 25.35  
 94 C	 4.85  
 95 N	 51.66  
 96 L	 16.58  
 97 N	 20.40  
 98 P	 37.22  
 99 E	 44.15  
 100 I	 4.00  
 101 A	 6.96  
 102 T	 20.78  
 103 M	 1.87  
 104 W	 7.19  
 105 I	 3.10  
 106 D	 27.82  
 107 E	 37.65  
 108 N	 35.65  
 109 A	 10.39  
 110 V	 10.13  
 111 A	 16.55  
 112 E	 39.43  
 113 D	 38.56  
 114 Q	 36.27  
 115 L	 8.46  
 116 I	 3.07  
 117 K	 43.09  
 118 R	 40.08  
 119 N	 30.13  
 120 Y	 18.38  
 121 S	 27.81  
 122 W	 11.66  
 123 D	 30.11  
 124 D	 45.16  
 125 Q	 22.16  
 126 C	 3.47  
 127 S	 29.71  
 128 A	 14.76  
 129 V	 3.35  
 130 E	 44.51  
 131 V	 10.89  
 132 G	 27.74  
 133 E	 55.29  
 134 K	 47.65  
 135 K	 42.97  
 136 C	 6.91  
 137 G	 40.86  
 138 N	 33.66  
 139 L	 1.85  
 140 A	 9.22  
 141 C	 6.80  
 142 L	 5.08  
 143 P	 47.82  
 144 D	 67.56  
 145 E	 44.59  
 146 K	 60.79  
 147 N	 30.24  
 148 V	 6.77  
 149 L	 3.42  
 150 V	 1.95  
 151 V	 2.65  
 152 A	 5.85  
 153 V	 2.44  
 154 M	 1.04  
 155 H	 25.76  
 156 N	 20.00  
 157 C	 3.87  
 158 D	 49.11  
 159 K	 49.86  
 160 R	 27.67  
 161 T	 38.14  
 162 L	 5.34  
 163 Q	 40.55  
 164 N	 55.88  
 165 D	 32.52  
 166 L	 6.41  
 167 Q	 56.95  
 168 D	 44.39  
 169 C	 1.99  
 170 N	 63.41  
 171 N	 43.63  
 172 Y	 11.38  
 173 N	 35.38  
 174 S	 15.70  
 175 Q	 36.63  
 176 S	 26.02  
 177 L	 2.53  
 178 M	 4.18  
 179 D	 50.16  
 180 A	 5.58  
 181 F	 7.06  
 182 S	 12.43  
 183 C	 3.65  
 184 S	 37.24  
 185 L	 10.86  
 186 D	 44.07  
 187 N	 54.45  
 188 E	 54.15  
 189 N	 47.84  
 190 R	 34.30  
 191 Q	 62.10  
 192 T	 28.65  
 193 D	 38.91  
 194 Q	 38.99  
 195 F	 9.91  
 196 S	 16.67  
 197 F	 10.05  
 198 S	 24.25  
 199 I	 6.63  
 200 N	 35.65  
 201 E	 58.32  
 202 S	 37.06  
 203 T	 40.66  
 204 E	 57.23  
 205 K	 63.47  
 206 D	 34.95  
 207 M	 9.84  
 208 N	 58.09  
 209 S	 39.26  
 210 E	 42.16  
 211 K	 51.23  
 212 Q	 37.14  
 213 M	 9.44  
 214 D	 41.88  
 215 P	 26.62  
 216 L	 8.07  
 217 N	 64.69  
 218 R	 41.60  
 219 P	 47.01  
 220 K	 56.84  
 221 T	 46.48  
 222 E	 59.75  
 223 G	 32.18  
 224 R	 31.06  
 225 S	 37.82  
 226 V	 5.15  
 227 N	 24.53  
 228 H	 27.01  
 229 L	 2.93  
 230 C	 2.41  
 231 P	 41.49  
 232 T	 39.61  
 233 S	 19.79  
 234 S	 33.43  
 235 D	 47.65  
 236 S	 27.99  
 237 L	 5.03  
 238 A	 12.13  
 239 S	 29.02  
 240 V	 2.89  
 241 C	 4.60  
 242 S	 25.98  
 243 P	 22.44  
 244 S	 31.67  
 245 Q	 56.78  
 246 L	 8.45  
 247 K	 46.25  
 248 D	 74.27  
 249 D	 51.67  
 250 G	 31.15  
 251 S	 28.94  
 252 I	 6.84  
 253 G	 29.63  
 254 R	 51.50  
 255 D	 34.12  
 256 P	 30.48  
 257 S	 29.65  
 258 M	 3.69  
 259 S	 22.36  
 260 A	 10.63  
 261 I	 1.79  
 262 T	 19.87  
 263 S	 18.87  
 264 L	 3.97  
 265 T	 23.26  
 266 V	 6.65  
 267 D	 31.77  
 268 S	 19.60  
 269 V	 4.21  
 270 I	 3.67  
 271 S	 17.91  
 272 S	 22.85  
 273 Q	 52.60  
 274 G	 27.93  
 275 T	 22.91  
 276 D	 64.62  
 277 G	 21.10  
 278 C	 1.86  
 279 P	 45.69  
 280 A	 29.82  
 281 V	 4.87  
 282 K	 51.34  
 283 K	 57.13  
 284 Q	 38.15  
 285 E	 61.96  
 286 N	 37.22  
 287 Y	 17.06  
 288 I	 5.38  
 289 P	 28.69  
 290 D	 53.11  
 291 E	 49.95  
 292 D	 57.84  
 293 L	 6.82  
 294 T	 49.07  
 295 G	 32.37  
 296 K	 33.89  
 297 I	 5.36  
 298 S	 37.46  
 299 S	 23.13  
 300 P	 36.08  
 301 R	 42.70  
 302 T	 38.67  
 303 D	 50.76  
 304 L	 7.86  
 305 G	 43.81  
 306 S	 28.36  
 307 P	 38.39  
 308 N	 58.34  
 309 S	 31.35  
 310 F	 8.05  
 311 S	 20.35  
 312 H	 23.06  
 313 M	 3.65  
 314 S	 27.52  
 315 E	 42.55  
 316 G	 15.83  
 317 I	 2.74  
 318 L	 6.39  
 319 M	 5.72  
 320 K	 51.01  
 321 K	 55.77  
 322 E	 44.20  
 323 P	 54.58  
 324 A	 33.99  
 325 E	 64.30  
 326 E	 56.33  
 327 S	 31.94  
 328 T	 41.32  
 329 T	 47.21  
 330 E	 45.75  
 331 E	 53.64  
 332 S	 23.89  
 333 L	 5.97  
 334 R	 37.65  
 335 S	 50.39  
 336 G	 25.53  
 337 L	 2.59  
 338 P	 25.20  
 339 L	 11.99  
 340 L	 5.66  
 341 L	 11.30  
 342 K	 38.65  
 343 P	 43.00  
 344 D	 64.68  
 345 M	 3.63  
 346 P	 49.78  
 347 N	 51.10  
 348 G	 26.13  
 349 S	 41.02  
 350 G	 37.42  
 351 R	 40.24  
 352 N	 52.82  
 353 N	 54.68  
 354 D	 38.92  
 355 C	 3.74  
 356 E	 60.63  
 357 R	 31.41  
 358 C	 1.55  
 359 S	 37.26  
 360 D	 33.14  
 361 C	 2.07  
 362 L	 9.59  
 363 V	 6.34  
 364 P	 20.51  
 365 N	 53.57  
 366 E	 27.58  
 367 V	 8.53  
 368 R	 30.09  
 369 A	 33.38  
 370 D	 49.00  
 371 E	 57.08  
 372 N	 48.84  
 373 E	 62.19  
 374 G	 44.72  
 375 Y	 14.13  
 376 E	 56.53  
 377 H	 29.70  
 378 E	 40.51  
 379 E	 51.76  
 380 T	 27.74  
 381 L	 6.93  
 382 G	 37.70  
 383 T	 26.68  
 384 T	 23.96  
 385 E	 48.23  
 386 F	 5.84  
 387 L	 3.31  
 388 N	 40.42  
 389 M	 5.17  
 390 T	 25.82  
 391 E	 31.97  
 392 H	 23.51  
 393 F	 7.64  
 394 S	 37.94  
 395 E	 52.02  
 396 S	 30.22  
 397 Q	 40.21  
 398 D	 55.97  
 399 M	 2.12  
 400 T	 46.33  
 401 N	 27.52  
 402 W	 6.46  
 403 K	 48.63  
 404 L	 3.74  
 405 T	 29.74  
 406 K	 60.80  
 407 L	 5.74  
 408 N	 48.29  
 409 E	 50.20  
 410 M	 7.03  
 411 N	 39.33  
 412 D	 38.85  
 413 S	 30.90  
 414 Q	 44.94  
 415 V	 12.94  
 416 N	 44.03  
 417 E	 72.14  
 418 E	 62.40  
 419 K	 61.09  
 420 E	 52.93  
 421 K	 63.54  
 422 F	 6.78  
 423 L	 7.00  
 424 Q	 36.10  
 425 I	 4.49  
 426 S	 27.07  
 427 Q	 47.21  
 428 P	 34.34  
 429 E	 70.59  
 430 D	 52.75  
 431 T	 39.16  
 432 N	 65.67  
 433 G	 32.33  
 434 D	 46.29  
 435 S	 46.34  
 436 G	 34.62  
 437 G	 22.97  
 438 Q	 23.42  
 439 C	 2.72  
 440 V	 5.60  
 441 G	 23.83  
 442 L	 1.62  
 443 A	 9.93  
 444 D	 46.33  
 445 A	 18.16  
 446 G	 21.92  
 447 L	 8.16  
 448 D	 45.47  
 449 L	 7.10  
 450 K	 52.41  
 451 G	 32.87  
 452 T	 12.70  
 453 C	 4.37  
 454 I	 5.27  
 455 S	 36.90  
 456 E	 42.11  
 457 S	 31.72  
 458 E	 59.60  
 459 E	 48.98  
 460 C	 5.85  
 461 D	 43.76  
 462 F	 11.31  
 463 S	 14.44  
 464 T	 22.83  
 465 V	 3.45  
 466 I	 5.03  
 467 D	 42.15  
 468 T	 12.05  
 469 P	 26.15  
 470 A	 15.49  
 471 A	 13.35  
 472 N	 40.14  
 473 Y	 13.54  
 474 L	 3.00  
 475 S	 22.33  
 476 N	 53.14  
 477 G	 17.15  
 478 C	 3.53  
 479 D	 46.41  
 480 S	 27.88  
 481 Y	 11.90  
 482 G	 15.95  
 483 M	 2.87  
 484 Q	 49.75  
 485 D	 32.78  
 486 P	 28.35  
 487 G	 35.67  
 488 V	 4.96  
 489 S	 26.83  
 490 F	 11.51  
 491 V	 3.56  
 492 P	 23.15  
 493 K	 58.34  
 494 T	 37.52  
 495 L	 5.87  
 496 P	 48.89  
 497 S	 52.36  
 498 K	 64.70  
 499 E	 60.91  
 500 D	 52.74  
 501 S	 31.84  
 502 V	 13.94  
 503 T	 42.24  
 504 E	 65.99  
 505 E	 46.77  
 506 K	 58.73  
 507 E	 59.93  
 508 I	 12.02  
 509 E	 58.26  
 510 E	 69.95  
 511 S	 28.79  
 512 K	 54.26  
 513 S	 42.02  
 514 E	 41.01  
 515 C	 6.11  
 516 Y	 10.74  
 517 S	 28.54  
 518 N	 17.87  
 519 I	 3.09  
 520 Y	 15.40  
 521 E	 29.97  
 522 Q	 41.43  
 523 R	 37.65  
 524 G	 35.70  
 525 N	 37.61  
 526 E	 60.85  
 527 A	 18.23  
 528 T	 34.40  
 529 E	 59.41  
 530 G	 23.74  
 531 S	 21.75  
 532 G	 31.07  
 533 L	 5.42  
 534 L	 4.92  
 535 L	 5.98  
 536 N	 37.18  
 537 S	 33.46  
 538 T	 33.37  
 539 G	 26.35  
 540 D	 43.61  
 541 L	 6.00  
 542 M	 7.46  
 543 K	 45.20  
 544 K	 36.54  
 545 N	 38.80  
 546 Y	 20.44  
 547 L	 3.58  
 548 H	 18.24  
 549 N	 36.70  
 550 F	 2.70  
 551 C	 3.18  
 552 S	 30.03  
 553 Q	 52.93  
 554 V	 1.88  
 555 P	 15.87  
 556 S	 30.99  
 557 V	 5.95  
 558 L	 6.40  
 559 G	 24.14  
 560 Q	 36.25  
 561 S	 46.97  
 562 S	 22.35  
 563 P	 38.41  
 564 K	 51.82  
 565 V	 5.02  
 566 V	 3.60  
 567 A	 14.34  
 568 S	 29.24  
 569 L	 2.51  
 570 P	 27.41  
 571 S	 32.56  
 572 I	 4.55  
 573 S	 28.24  
 574 V	 4.31  
 575 P	 18.51  
 576 F	 15.35  
 577 G	 23.84  
 578 G	 20.84  
 579 A	 25.61  
 580 R	 42.07  
 581 P	 38.82  
 582 K	 70.10  
 583 Q	 49.70  
 584 P	 31.17  
 585 S	 52.91  
 586 N	 48.13  
 587 L	 7.41  
 588 K	 42.47  
 589 L	 6.68  
 590 Q	 48.64  
 591 I	 7.40  
 592 P	 21.17  
 593 K	 61.29  
 594 P	 31.57  
 595 L	 13.51  
 596 S	 31.35  
 597 D	 54.95  
 598 H	 26.41  
 599 L	 6.46  
 600 Q	 43.99  
 601 N	 60.29  
 602 D	 37.64  
 603 F	 8.91  
 604 P	 33.14  
 605 A	 23.86  
 606 N	 51.17  
 607 S	 45.03  
 608 G	 31.08  
 609 N	 53.47  
 610 N	 56.83  
 611 T	 39.74  
 612 K	 68.96  
 613 N	 46.45  
 614 K	 58.51  
 615 N	 51.45  
 616 D	 38.81  
 617 I	 8.37  
 618 L	 6.84  
 619 G	 28.36  
 620 K	 38.61  
 621 A	 15.54  
 622 K	 61.58  
 623 L	 14.38  
 624 G	 31.19  
 625 E	 59.45  
 626 N	 34.84  
 627 S	 31.97  
 628 A	 18.12  
 629 T	 28.18  
 630 N	 32.30  
 631 V	 2.72  
 632 C	 5.55  
 633 S	 17.15  
 634 P	 28.57  
 635 S	 32.39  
 636 L	 7.46  
 637 G	 33.49  
 638 N	 39.55  
 639 I	 2.77  
 640 S	 34.50  
 641 N	 31.70  
 642 V	 8.40  
 643 D	 38.41  
 644 T	 40.62  
 645 N	 49.76  
 646 G	 26.29  
 647 E	 47.58  
 648 H	 35.97  
 649 L	 3.99  
 650 E	 53.86  
 651 S	 34.33  
 652 Y	 15.13  
 653 E	 49.45  
 654 A	 15.93  
 655 E	 26.07  
 656 I	 7.03  
 657 S	 15.18  
 658 T	 44.27  
 659 R	 17.10  
 660 P	 19.98  
 661 C	 2.90  
 662 L	 4.92  
 663 A	 14.37  
 664 L	 4.60  
 665 A	 10.55  
 666 P	 43.38  
 667 D	 68.16  
 668 S	 32.85  
 669 P	 52.37  
 670 D	 66.29  
 671 N	 54.31  
 672 D	 44.93  
 673 L	 5.18  
 674 R	 39.26  
 675 A	 24.36  
 676 G	 19.54  
 677 Q	 32.20  
 678 F	 10.31  
 679 G	 12.68  
 680 I	 2.84  
 681 S	 23.54  
 682 A	 22.92  
 683 R	 40.15  
 684 K	 44.17  
 685 P	 26.68  
 686 F	 10.26  
 687 T	 29.64  
 688 T	 32.90  
 689 L	 5.10  
 690 G	 25.82  
 691 E	 38.32  
 692 V	 7.47  
 693 A	 6.66  
 694 P	 26.19  
 695 V	 6.08  
 696 W	 8.55  
 697 V	 3.72  
 698 P	 21.59  
 699 D	 43.70  
 700 S	 23.36  
 701 Q	 69.12  
 702 A	 10.96  
 703 P	 27.24  
 704 N	 41.34  
 705 C	 2.41  
 706 M	 7.65  
 707 K	 30.99  
 708 C	 1.65  
 709 E	 37.04  
 710 A	 22.74  
 711 R	 14.62  
 712 F	 9.44  
 713 T	 25.49  
 714 F	 7.53  
 715 T	 22.15  
 716 K	 43.15  
 717 R	 39.86  
 718 R	 26.00  
 719 H	 28.56  
 720 H	 10.84  
 721 C	 2.11  
 722 R	 28.67  
 723 A	 16.29  
 724 C	 2.54  
 725 G	 28.33  
 726 K	 31.83  
 727 V	 2.64  
 728 F	 3.08  
 729 C	 2.82  
 730 A	 8.30  
 731 S	 19.48  
 732 C	 0.69  
 733 C	 5.03  
 734 S	 34.88  
 735 L	 4.75  
 736 K	 17.03  
 737 C	 4.56  
 738 K	 39.68  
 739 L	 6.08  
 740 L	 1.72  
 741 Y	 13.86  
 742 M	 3.97  
 743 D	 44.97  
 744 R	 23.37  
 745 K	 52.00  
 746 E	 42.47  
 747 A	 16.55  
 748 R	 24.37  
 749 V	 3.84  
 750 C	 1.10  
 751 V	 4.84  
 752 I	 1.16  
 753 C	 0.69  
 754 H	 15.15  
 755 S	 16.72  
 756 V	 2.34  
 757 L	 2.01  
 758 M	 3.39  
 759 N	 23.08  
 760 V	 3.05  
 761 A	 14.51  
 762 Q	 33.04  
 763 P	 31.85  
 764 R	 40.37  
 765 E	 55.94  
 766 Q	 39.50  
 767 R	 30.30  
 768 R	 29.70  
 769 V	 5.55  
 770 W	 4.86  
 771 F	 3.98  
 772 A	 9.82  
 773 D	 34.88  
 774 G	 21.65  
 775 I	 6.26  
 776 L	 3.09  
 777 P	 44.88  
 778 N	 56.67  
 779 G	 28.90  
 780 E	 40.97  
 781 V	 6.56  
 782 A	 9.09  
 783 D	 52.84  
 784 A	 9.21  
 785 A	 14.13  
 786 K	 46.33  
 787 L	 4.75  
 788 T	 14.10  
 789 M	 6.71  
 790 N	 45.41  
 791 G	 19.02  
 792 T	 17.95  
 793 S	 21.42  
 794 S	 30.47  
 795 A	 18.11  
 796 G	 24.18  
 797 T	 15.97  
 798 L	 4.30  
 799 A	 10.70  
 800 V	 6.17  
 801 S	 19.30  
 802 H	 36.47  
 803 D	 42.03  
 804 P	 30.52  
 805 V	 15.86  
 806 K	 38.88  
 807 P	 28.99  
 808 V	 8.26  
 809 T	 30.04  
 810 T	 28.69  
 811 S	 18.31  
 812 P	 40.03  
 813 L	 6.68  
 814 P	 31.28  
 815 A	 39.75  
 816 E	 45.10  
 817 T	 32.54  
 818 D	 22.55  
 819 I	 2.61  
 820 C	 3.32  
 821 L	 3.80  
 822 F	 7.24  
 823 S	 20.77  
 824 G	 18.74  
 825 S	 22.67  
 826 I	 3.40  
 827 T	 20.92  
 828 Q	 35.58  
 829 V	 6.49  
 830 G	 19.20  
 831 S	 19.97  
 832 P	 28.67  
 833 V	 11.51  
 834 G	 17.05  
 835 S	 25.28  
 836 A	 5.74  
 837 M	 4.49  
 838 N	 34.24  
 839 L	 4.42  
 840 I	 2.74  
 841 P	 36.47  
 842 E	 58.69  
 843 D	 59.58  
 844 G	 38.12  
 845 L	 7.63  
 846 P	 21.29  
 847 P	 38.78  
 848 I	 5.15  
 849 L	 2.89  
 850 I	 3.42  
 851 S	 18.70  
 852 T	 38.71  
 853 G	 16.61  
 854 V	 6.75  
 855 K	 47.62  
 856 G	 30.65  
 857 D	 23.62  
 858 Y	 22.63  
 859 A	 13.64  
 860 V	 8.76  
 861 E	 52.73  
 862 E	 64.76  
 863 K	 36.14  
 864 P	 34.44  
 865 S	 51.73  
 866 Q	 40.27  
 867 I	 3.83  
 868 S	 12.14  
 869 V	 4.25  
 870 M	 1.35  
 871 Q	 42.42  
 872 Q	 28.82  
 873 L	 3.49  
 874 E	 50.72  
 875 D	 75.77  
 876 G	 39.91  
 877 G	 35.44  
 878 P	 45.64  
 879 D	 53.06  
 880 P	 33.29  
 881 L	 6.43  
 882 V	 3.67  
 883 F	 7.34  
 884 V	 2.92  
 885 L	 3.21  
 886 N	 22.83  
 887 A	 12.14  
 888 N	 40.20  
 889 L	 3.30  
 890 L	 2.89  
 891 S	 25.37  
 892 M	 3.43  
 893 V	 3.26  
 894 K	 32.09  
 895 I	 1.33  
 896 V	 3.33  
 897 N	 38.21  
 898 Y	 6.55  
 899 V	 4.75  
 900 N	 27.60  
 901 R	 26.01  
 902 K	 27.21  
 903 C	 3.27  
 904 W	 5.36  
 905 C	 2.81  
 906 F	 4.15  
 907 T	 25.18  
 908 T	 12.83  
 909 K	 51.70  
 910 G	 15.83  
 911 M	 1.63  
 912 H	 26.40  
 913 A	 9.76  
 914 V	 4.33  
 915 G	 26.53  
 916 Q	 31.15  
 917 S	 24.30  
 918 E	 33.13  
 919 I	 2.57  
 920 V	 1.90  
 921 I	 3.79  
 922 L	 1.55  
 923 L	 2.02  
 924 Q	 24.21  
 925 C	 6.33  
 926 L	 3.75  
 927 P	 56.17  
 928 D	 55.85  
 929 E	 43.67  
 930 K	 48.75  
 931 C	 8.07  
 932 L	 9.77  
 933 P	 41.57  
 934 K	 50.97  
 935 D	 49.09  
 936 I	 4.68  
 937 F	 9.24  
 938 N	 28.20  
 939 H	 17.32  
 940 F	 3.82  
 941 V	 2.74  
 942 Q	 31.65  
 943 L	 2.96  
 944 Y	 6.86  
 945 R	 31.17  
 946 D	 32.17  
 947 A	 7.13  
 948 L	 8.00  
 949 A	 14.83  
 950 G	 28.45  
 951 N	 25.96  
 952 V	 4.96  
 953 V	 3.49  
 954 S	 23.27  
 955 N	 38.13  
 956 L	 5.20  
 957 G	 20.74  
 958 H	 25.29  
 959 S	 26.62  
 960 F	 5.91  
 961 F	 7.92  
 962 S	 23.93  
 963 Q	 32.80  
 964 S	 22.65  
 965 F	 7.50  
 966 L	 10.29  
 967 G	 34.36  
 968 S	 36.70  
 969 K	 52.51  
 970 E	 49.84  
 971 H	 45.47  
 972 G	 29.64  
 973 G	 15.99  
 974 F	 5.42  
 975 L	 3.67  
 976 Y	 10.22  
 977 V	 3.56  
 978 T	 11.20  
 979 S	 18.31  
 980 T	 19.06  
 981 Y	 8.89  
 982 Q	 37.44  
 983 S	 19.99  
 984 L	 2.44  
 985 Q	 47.44  
 986 D	 44.00  
 987 L	 2.48  
 988 V	 8.94  
 989 L	 5.20  
 990 P	 35.07  
 991 T	 32.50  
 992 P	 17.38  
 993 P	 40.72  
 994 Y	 18.83  
 995 L	 3.80  
 996 F	 4.76  
 997 G	 15.93  
 998 I	 2.10  
 999 L	 3.29  
 1000 I	 3.60  
 1001 Q	 41.17  
 1002 K	 39.75  
 1003 W	 9.79  
 1004 E	 52.61  
 1005 T	 24.02  
 1006 P	 19.94  
 1007 W	 19.01  
 1008 A	 10.19  
 1009 K	 40.31  
 1010 V	 5.50  
 1011 F	 4.03  
 1012 P	 17.49  
 1013 I	 3.43  
 1014 R	 17.81  
 1015 L	 3.82  
 1016 M	 1.15  
 1017 L	 4.91  
 1018 R	 19.67  
 1019 L	 7.21  
 1020 G	 15.21  
 1021 A	 18.42  
 1022 E	 29.41  
 1023 Y	 12.84  
 1024 R	 21.17  
 1025 L	 5.68  
 1026 Y	 8.19  
 1027 P	 20.17  
 1028 C	 2.63  
 1029 P	 31.75  
 1030 L	 6.78  
 1031 F	 3.71  
 1032 S	 21.77  
 1033 V	 5.41  
 1034 R	 25.18  
 1035 F	 12.64  
 1036 R	 29.17  
 1037 K	 43.28  
 1038 P	 28.76  
 1039 L	 10.92  
 1040 F	 12.94  
 1041 G	 38.96  
 1042 E	 44.26  
 1043 T	 34.34  
 1044 G	 16.19  
 1045 H	 21.46  
 1046 T	 24.22  
 1047 I	 1.11  
 1048 M	 2.80  
 1049 N	 28.22  
 1050 L	 2.00  
 1051 L	 3.50  
 1052 A	 19.64  
 1053 D	 42.90  
 1054 F	 4.54  
 1055 R	 41.30  
 1056 N	 28.40  
 1057 Y	 9.91  
 1058 Q	 28.43  
 1059 Y	 10.41  
 1060 T	 14.73  
 1061 L	 2.29  
 1062 P	 19.21  
 1063 V	 5.89  
 1064 V	 3.36  
 1065 Q	 39.47  
 1066 G	 14.61  
 1067 L	 1.57  
 1068 V	 4.36  
 1069 V	 7.53  
 1070 D	 21.75  
 1071 M	 3.29  
 1072 E	 34.41  
 1073 V	 6.45  
 1074 R	 24.19  
 1075 K	 52.37  
 1076 T	 25.72  
 1077 S	 25.56  
 1078 I	 5.92  
 1079 K	 48.62  
 1080 I	 4.27  
 1081 P	 22.13  
 1082 S	 37.10  
 1083 N	 45.13  
 1084 R	 39.74  
 1085 Y	 21.52  
 1086 N	 27.70  
 1087 E	 31.55  
 1088 M	 2.73  
 1089 M	 1.72  
 1090 K	 43.08  
 1091 A	 6.73  
 1092 M	 5.60  
 1093 N	 49.84  
 1094 K	 41.39  
 1095 S	 42.31  
 1096 N	 45.03  
 1097 E	 42.33  
 1098 H	 24.92  
 1099 V	 2.98  
 1100 L	 3.85  
 1101 A	 17.18  
 1102 G	 21.77  
 1103 G	 17.36  
 1104 A	 8.20  
 1105 C	 4.21  
 1106 F	 15.23  
 1107 N	 50.14  
 1108 E	 29.39  
 1109 K	 59.61  
 1110 A	 19.84  
 1111 D	 47.89  
 1112 S	 24.47  
 1113 H	 23.87  
 1114 L	 3.55  
 1115 V	 2.22  
 1116 C	 3.07  
 1117 V	 4.67  
 1118 Q	 42.37  
 1119 N	 29.01  
 1120 D	 48.37  
 1121 D	 55.58  
 1122 G	 37.29  
 1123 N	 32.50  
 1124 Y	 20.61  
 1125 Q	 31.01  
 1126 T	 15.03  
 1127 Q	 22.60  
 1128 A	 10.82  
 1129 I	 2.60  
 1130 S	 22.32  
 1131 I	 2.64  
 1132 H	 21.78  
 1133 N	 52.46  
 1134 Q	 25.64  
 1135 P	 43.29  
 1136 R	 35.99  
 1137 K	 51.32  
 1138 V	 6.70  
 1139 T	 30.02  
 1140 G	 23.39  
 1141 A	 8.19  
 1142 S	 22.14  
 1143 F	 6.33  
 1144 F	 5.13  
 1145 V	 3.34  
 1146 F	 4.75  
 1147 S	 20.18  
 1148 G	 24.38  
 1149 A	 15.60  
 1150 L	 6.70  
 1151 K	 48.00  
 1152 S	 30.50  
 1153 S	 26.62  
 1154 S	 38.25  
 1155 G	 24.34  
 1156 Y	 12.87  
 1157 L	 5.73  
 1158 A	 10.95  
 1159 K	 41.98  
 1160 S	 21.49  
 1161 S	 29.91  
 1162 I	 5.19  
 1163 V	 6.23  
 1164 E	 47.58  
 1165 D	 44.06  
 1166 G	 8.91  
 1167 V	 5.41  
 1168 M	 1.94  
 1169 V	 3.28  
 1170 Q	 14.82  
 1171 I	 2.41  
 1172 T	 15.72  
 1173 A	 14.06  
 1174 E	 44.42  
 1175 N	 36.78  
 1176 M	 2.52  
 1177 D	 56.98  
 1178 S	 18.06  
 1179 L	 4.02  
 1180 R	 24.55  
 1181 Q	 50.47  
 1182 A	 11.36  
 1183 L	 3.45  
 1184 R	 45.00  
 1185 E	 51.97  
 1186 M	 4.00  
 1187 K	 44.96  
 1188 D	 44.61  
 1189 F	 4.43  
 1190 T	 26.05  
 1191 I	 2.79  
 1192 T	 16.49  
 1193 C	 4.68  
 1194 G	 21.38  
 1195 K	 45.28  
 1196 A	 13.41  
 1197 D	 58.98  
 1198 A	 28.10  
 1199 E	 71.41  
 1200 E	 54.74  
 1201 P	 36.04  
 1202 Q	 59.17  
 1203 E	 56.37  
 1204 H	 16.22  
 1205 I	 2.77  
 1206 H	 14.22  
 1207 I	 3.22  
 1208 Q	 21.70  
 1209 W	 8.56  
 1210 V	 3.11  
 1211 D	 56.27  
 1212 D	 60.20  
 1213 D	 39.71  
 1214 K	 67.26  
 1215 N	 50.73  
 1216 V	 8.45  
 1217 S	 32.84  
 1218 K	 51.98  
 1219 G	 19.97  
 1220 V	 4.41  
 1221 V	 8.42  
 1222 S	 17.46  
 1223 P	 19.65  
 1224 I	 9.44  
 1225 D	 62.95  
 1226 G	 25.34  
 1227 K	 42.77  
 1228 S	 27.64  
 1229 M	 6.33  
 1230 E	 44.12  
 1231 T	 25.18  
 1232 I	 1.36  
 1233 T	 41.18  
 1234 N	 29.27  
 1235 V	 3.63  
 1236 K	 41.55  
 1237 I	 2.41  
 1238 F	 4.41  
 1239 H	 42.20  
 1240 G	 16.07  
 1241 S	 29.23  
 1242 E	 56.50  
 1243 Y	 19.66  
 1244 K	 31.18  
 1245 A	 29.16  
 1246 N	 46.82  
 1247 G	 30.39  
 1248 K	 34.01  
 1249 V	 3.68  
 1250 I	 3.29  
 1251 R	 36.93  
 1252 W	 5.93  
 1253 T	 16.66  
 1254 E	 30.30  
 1255 V	 3.00  
 1256 F	 4.75  
 1257 F	 11.47  
 1258 L	 4.00  
 1259 E	 54.15  
 1260 N	 61.37  
 1261 D	 47.79  
 1262 D	 64.32  
 1263 Q	 32.34  
 1264 H	 33.68  
 1265 N	 23.85  
 1266 C	 3.45  
 1267 L	 8.69  
 1268 S	 43.69  
 1269 D	 29.47  
 1270 P	 35.89  
 1271 A	 31.94  
 1272 D	 45.76  
 1273 H	 19.54  
 1274 S	 29.54  
 1275 R	 42.06  
 1276 L	 8.05  
 1277 T	 23.96  
 1278 E	 40.74  
 1279 H	 21.43  
 1280 V	 4.81  
 1281 A	 10.20  
 1282 K	 40.69  
 1283 A	 7.22  
 1284 F	 3.28  
 1285 C	 2.31  
 1286 L	 3.09  
 1287 A	 14.32  
 1288 L	 2.77  
 1289 C	 1.33  
 1290 P	 36.37  
 1291 H	 34.30  
 1292 L	 2.23  
 1293 K	 49.06  
 1294 L	 11.84  
 1295 L	 5.66  
 1296 K	 65.28  
 1297 E	 60.82  
 1298 D	 51.05  
 1299 G	 27.10  
 1300 M	 4.64  
 1301 T	 28.75  
 1302 K	 31.50  
 1303 L	 6.01  
 1304 G	 17.00  
 1305 L	 6.04  
 1306 R	 19.99  
 1307 V	 8.19  
 1308 T	 20.58  
 1309 L	 5.62  
 1310 D	 40.58  
 1311 S	 32.81  
 1312 D	 47.02  
 1313 Q	 34.19  
 1314 V	 10.40  
 1315 G	 11.82  
 1316 Y	 9.06  
 1317 Q	 33.06  
 1318 A	 18.20  
 1319 G	 13.20  
 1320 S	 40.58  
 1321 N	 52.80  
 1322 G	 31.98  
 1323 Q	 40.38  
 1324 P	 47.87  
 1325 L	 4.98  
 1326 P	 26.52  
 1327 S	 41.44  
 1328 Q	 39.28  
 1329 Y	 11.39  
 1330 M	 2.14  
 1331 N	 41.58  
 1332 D	 35.01  
 1333 L	 4.81  
 1334 D	 34.43  
 1335 S	 30.69  
 1336 A	 16.55  
 1337 L	 5.32  
 1338 V	 3.39  
 1339 P	 21.86  
 1340 V	 3.83  
 1341 I	 1.73  
 1342 H	 28.94  
 1343 G	 17.80  
 1344 G	 14.71  
 1345 A	 5.18  
 1346 C	 4.77  
 1347 Q	 47.71  
 1348 L	 5.18  
 1349 S	 18.03  
 1350 E	 75.90  
 1351 G	 19.54  
 1352 P	 16.10  
 1353 V	 10.60  
 1354 V	 2.51  
 1355 M	 3.36  
 1356 E	 27.40  
 1357 L	 1.45  
 1358 I	 1.25  
 1359 F	 4.92  
 1360 Y	 9.52  
 1361 I	 2.43  
 1362 L	 2.54  
 1363 E	 35.04  
 1364 N	 36.56  
 1365 I	 2.58  
 1366 V	 10.93  
