 1 M	 4.58  
 2 P	 32.36  
 3 A	 16.02  
 4 I	 4.02  
 5 G	 14.95  
 6 I	 3.02  
 7 D	 33.56  
 8 L	 6.58  
 9 G	 16.56  
 10 T	 29.83  
 11 T	 16.19  
 12 Y	 10.42  
 13 S	 10.55  
 14 C	 1.86  
 15 V	 6.35  
 16 G	 20.89  
 17 V	 1.03  
 18 F	 3.68  
 19 Q	 43.60  
 20 Y	 13.88  
 21 G	 19.42  
 22 K	 31.59  
 23 V	 5.77  
 24 E	 31.96  
 25 I	 3.95  
 26 I	 1.53  
 27 A	 21.14  
 28 N	 31.56  
 29 D	 49.06  
 30 Q	 51.36  
 31 G	 28.57  
 32 N	 32.28  
 33 R	 46.96  
 34 T	 47.24  
 35 T	 13.65  
 36 P	 24.05  
 37 S	 30.10  
 38 Y	 9.30  
 39 V	 4.08  
 40 A	 8.06  
 41 F	 5.79  
 42 T	 28.95  
 43 D	 41.89  
 44 S	 22.89  
 45 E	 55.08  
 46 R	 35.24  
 47 L	 4.50  
 48 I	 6.17  
 49 G	 24.09  
 50 D	 36.04  
 51 A	 18.34  
 52 A	 18.97  
 53 K	 50.02  
 54 N	 36.51  
 55 Q	 24.52  
 56 V	 8.36  
 57 A	 5.14  
 58 M	 10.42  
 59 N	 34.36  
 60 P	 24.91  
 61 K	 57.77  
 62 N	 44.67  
 63 S	 30.22  
 64 V	 7.61  
 65 F	 8.30  
 66 D	 49.37  
 67 A	 6.34  
 68 K	 49.97  
 69 R	 33.00  
 70 L	 4.86  
 71 I	 4.72  
 72 G	 21.21  
 73 R	 29.15  
 74 R	 33.85  
 75 F	 13.58  
 76 D	 58.42  
 77 D	 49.47  
 78 S	 33.24  
 79 K	 56.24  
 80 I	 6.67  
 81 Q	 46.15  
 82 E	 66.24  
 83 D	 38.57  
 84 I	 3.30  
 85 K	 52.52  
 86 H	 37.46  
 87 W	 8.60  
 88 P	 20.92  
 89 F	 9.24  
 90 K	 37.82  
 91 V	 5.17  
 92 I	 5.74  
 93 N	 39.42  
 94 D	 54.88  
 95 N	 56.77  
 96 G	 50.97  
 97 K	 49.76  
 98 P	 40.38  
 99 K	 51.61  
 100 I	 8.28  
 101 S	 23.01  
 102 V	 13.12  
 103 E	 34.55  
 104 F	 9.19  
 105 K	 43.54  
 106 G	 39.44  
 107 A	 16.95  
 108 N	 50.74  
 109 K	 35.80  
 110 C	 4.02  
 111 F	 17.01  
 112 S	 40.65  
 113 P	 24.00  
 114 E	 67.76  
 115 E	 52.10  
 116 I	 3.35  
 117 S	 18.70  
 118 S	 20.69  
 119 M	 1.98  
 120 V	 7.11  
 121 L	 2.59  
 122 T	 20.06  
 123 K	 43.76  
 124 M	 3.90  
 125 K	 54.17  
 126 E	 50.15  
 127 T	 25.04  
 128 A	 10.66  
 129 E	 45.31  
 130 A	 11.46  
 131 Y	 9.36  
 132 L	 6.74  
 133 G	 13.48  
 134 T	 26.31  
 135 T	 24.62  
 136 V	 5.47  
 137 K	 37.57  
 138 D	 41.55  
 139 A	 6.73  
 140 V	 5.59  
 141 I	 3.26  
 142 T	 17.53  
 143 V	 1.43  
 144 P	 16.76  
 145 A	 19.74  
 146 Y	 9.24  
 147 F	 9.95  
 148 N	 35.03  
 149 D	 35.93  
 150 S	 28.50  
 151 Q	 44.35  
 152 R	 31.86  
 153 Q	 45.83  
 154 A	 20.85  
 155 T	 22.56  
 156 K	 48.90  
 157 D	 45.97  
 158 A	 15.75  
 159 G	 27.87  
 160 A	 7.09  
 161 I	 3.36  
 162 A	 16.57  
 163 G	 13.09  
 164 I	 2.08  
 165 N	 26.34  
 166 V	 3.43  
 167 L	 2.55  
 168 R	 24.37  
 169 I	 3.29  
 170 I	 3.74  
 171 N	 46.99  
 172 E	 33.35  
 173 P	 23.89  
 174 T	 23.81  
 175 A	 11.06  
 176 A	 12.89  
 177 A	 7.11  
 178 L	 3.02  
 179 A	 7.51  
 180 Y	 21.04  
 181 G	 23.07  
 182 L	 5.73  
 183 D	 33.17  
 184 K	 70.04  
 185 N	 46.80  
 186 L	 10.44  
 187 K	 69.03  
 188 G	 42.11  
 189 E	 39.22  
 190 R	 47.42  
 191 N	 28.75  
 192 V	 5.63  
 193 L	 3.54  
 194 I	 1.89  
 195 F	 5.77  
 196 D	 37.09  
 197 L	 4.84  
 198 G	 34.04  
 199 G	 38.99  
 200 G	 22.78  
 201 T	 21.67  
 202 F	 11.19  
 203 D	 32.85  
 204 V	 3.15  
 205 S	 17.45  
 206 I	 3.85  
 207 L	 2.40  
 208 T	 25.39  
 209 I	 3.99  
 210 D	 49.31  
 211 E	 47.00  
 212 G	 26.38  
 213 S	 28.04  
 214 L	 6.62  
 215 F	 9.75  
 216 E	 42.17  
 217 V	 4.61  
 218 R	 22.54  
 219 S	 27.99  
 220 T	 24.89  
 221 A	 18.34  
 222 G	 40.20  
 223 D	 28.61  
 224 T	 20.34  
 225 H	 27.50  
 226 L	 11.64  
 227 G	 29.82  
 228 G	 37.35  
 229 E	 54.42  
 230 D	 60.52  
 231 F	 8.57  
 232 D	 52.22  
 233 N	 38.90  
 234 R	 41.69  
 235 L	 5.92  
 236 V	 4.77  
 237 N	 29.20  
 238 H	 18.80  
 239 F	 8.47  
 240 A	 14.09  
 241 E	 64.12  
 242 E	 53.70  
 243 F	 7.54  
 244 K	 51.78  
 245 R	 53.51  
 246 K	 63.11  
 247 Y	 27.57  
 248 K	 42.73  
 249 K	 59.93  
 250 D	 43.07  
 251 L	 9.93  
 252 R	 44.51  
 253 S	 59.49  
 254 N	 24.52  
 255 P	 24.94  
 256 R	 50.97  
 257 A	 13.48  
 258 L	 3.27  
 259 R	 34.30  
 260 R	 29.40  
 261 L	 4.63  
 262 R	 22.10  
 263 T	 34.51  
 264 A	 10.82  
 265 A	 13.24  
 266 E	 51.19  
 267 R	 40.45  
 268 A	 9.37  
 269 K	 52.73  
 270 R	 39.66  
 271 T	 30.22  
 272 L	 5.62  
 273 S	 22.94  
 274 S	 44.38  
 275 S	 27.22  
 276 T	 37.20  
 277 E	 37.90  
 278 A	 21.36  
 279 S	 21.94  
 280 L	 9.60  
 281 E	 36.01  
 282 I	 4.56  
 283 D	 22.58  
 284 A	 20.08  
 285 L	 3.38  
 286 Y	 22.91  
 287 E	 51.40  
 288 G	 16.47  
 289 H	 15.29  
 290 D	 55.85  
 291 F	 6.52  
 292 Y	 17.40  
 293 S	 26.95  
 294 K	 32.61  
 295 V	 3.73  
 296 S	 24.78  
 297 R	 32.54  
 298 A	 17.01  
 299 R	 38.10  
 300 F	 9.26  
 301 E	 44.50  
 302 E	 46.80  
 303 L	 2.89  
 304 C	 4.51  
 305 G	 47.48  
 306 D	 41.45  
 307 L	 2.36  
 308 F	 7.24  
 309 R	 42.39  
 310 N	 41.50  
 311 T	 28.39  
 312 L	 8.82  
 313 E	 45.31  
 314 P	 42.55  
 315 V	 9.58  
 316 E	 43.24  
 317 K	 60.29  
 318 A	 13.31  
 319 L	 8.37  
 320 K	 61.57  
 321 D	 52.88  
 322 A	 13.90  
 323 K	 58.74  
 324 M	 9.34  
 325 D	 46.91  
 326 K	 40.54  
 327 S	 30.06  
 328 Q	 42.66  
 329 I	 3.99  
 330 H	 15.88  
 331 D	 34.03  
 332 I	 1.27  
 333 V	 4.39  
 334 L	 2.79  
 335 V	 5.90  
 336 G	 21.85  
 337 G	 20.54  
 338 S	 14.48  
 339 T	 35.57  
 340 R	 44.93  
 341 I	 3.82  
 342 P	 27.72  
 343 K	 54.82  
 344 V	 3.70  
 345 Q	 40.77  
 346 N	 45.78  
 347 L	 2.66  
 348 L	 5.26  
 349 Q	 48.10  
 350 N	 33.90  
 351 F	 3.77  
 352 F	 19.36  
 353 G	 32.33  
 354 G	 18.02  
 355 K	 50.66  
 356 T	 24.93  
 357 L	 7.46  
 358 N	 36.65  
 359 L	 6.47  
 360 S	 21.17  
 361 I	 11.06  
 362 N	 34.30  
 363 P	 38.87  
 364 D	 52.58  
 365 E	 46.42  
 366 A	 9.91  
 367 V	 3.87  
 368 A	 12.23  
 369 Y	 10.74  
 370 G	 9.97  
 371 A	 6.68  
 372 A	 7.06  
 373 I	 2.58  
 374 Q	 21.73  
 375 A	 7.14  
 376 A	 6.20  
 377 I	 3.36  
 378 L	 3.92  
 379 S	 38.54  
 380 G	 42.81  
 381 D	 44.26  
 382 K	 60.45  
 383 S	 37.63  
 384 S	 49.43  
 385 E	 62.24  
 386 I	 5.08  
 387 K	 37.42  
 388 D	 41.79  
 389 V	 3.65  
 390 L	 5.75  
 391 L	 2.88  
 392 V	 4.94  
 393 D	 30.72  
 394 V	 4.63  
 395 A	 8.54  
 396 P	 23.48  
 397 L	 4.81  
 398 S	 24.40  
 399 L	 12.04  
 400 G	 16.59  
 401 I	 5.29  
 402 E	 30.70  
 403 T	 28.78  
 404 A	 10.43  
 405 G	 36.33  
 406 G	 11.98  
 407 V	 4.27  
 408 M	 2.86  
 409 T	 21.94  
 410 K	 29.39  
 411 L	 3.46  
 412 I	 5.08  
 413 E	 57.13  
 414 R	 39.16  
 415 N	 23.89  
 416 S	 37.50  
 417 R	 40.18  
 418 I	 4.75  
 419 P	 20.38  
 420 C	 6.11  
 421 K	 52.86  
 422 Q	 57.80  
 423 S	 21.11  
 424 K	 45.20  
 425 T	 31.31  
 426 F	 5.74  
 427 T	 24.91  
 428 T	 16.72  
 429 Y	 14.65  
 430 A	 13.74  
 431 D	 43.83  
 432 N	 41.38  
 433 Q	 28.07  
 434 P	 34.65  
 435 A	 11.00  
 436 V	 6.53  
 437 T	 14.06  
 438 I	 2.36  
 439 Q	 25.20  
 440 V	 4.10  
 441 F	 5.98  
 442 E	 62.38  
 443 G	 20.44  
 444 E	 27.81  
 445 R	 45.84  
 446 A	 18.45  
 447 L	 8.39  
 448 T	 35.05  
 449 K	 60.35  
 450 D	 46.85  
 451 N	 41.91  
 452 N	 40.29  
 453 V	 6.99  
 454 L	 6.09  
 455 G	 21.76  
 456 T	 15.15  
 457 F	 7.41  
 458 D	 43.06  
 459 L	 3.82  
 460 T	 37.67  
 461 G	 36.91  
 462 V	 4.29  
 463 P	 22.23  
 464 P	 53.11  
 465 A	 10.60  
 466 P	 39.05  
 467 R	 61.93  
 468 G	 38.73  
 469 V	 4.63  
 470 P	 30.61  
 471 K	 49.48  
 472 I	 4.16  
 473 D	 39.26  
 474 V	 7.00  
 475 T	 14.00  
 476 F	 9.86  
 477 D	 33.98  
 478 L	 6.14  
 479 D	 39.57  
 480 A	 24.36  
 481 N	 37.39  
 482 G	 27.73  
 483 I	 2.25  
 484 L	 4.46  
 485 N	 27.46  
 486 V	 5.02  
 487 T	 30.82  
 488 A	 14.76  
 489 K	 41.00  
 490 E	 52.35  
 491 Q	 54.78  
 492 G	 36.36  
 493 T	 27.27  
 494 G	 38.63  
 495 N	 47.80  
 496 A	 13.97  
 497 K	 53.54  
 498 N	 33.94  
 499 I	 4.08  
 500 T	 34.98  
 501 I	 3.30  
 502 K	 50.90  
 503 N	 52.99  
 504 D	 50.19  
 505 K	 56.15  
 506 G	 38.33  
 507 R	 36.59  
 508 L	 6.41  
 509 S	 23.20  
 510 Q	 47.87  
 511 A	 16.61  
 512 D	 35.37  
 513 I	 3.97  
 514 D	 30.40  
 515 R	 28.42  
 516 M	 4.24  
 517 L	 4.33  
 518 S	 25.97  
 519 E	 57.81  
 520 A	 18.40  
 521 E	 42.41  
 522 K	 57.73  
 523 Y	 15.68  
 524 A	 25.44  
 525 E	 63.99  
 526 E	 57.93  
 527 D	 50.13  
 528 E	 54.38  
 529 R	 42.48  
 530 H	 28.33  
 531 R	 33.42  
 532 Q	 34.70  
 533 R	 22.07  
 534 I	 2.38  
 535 A	 11.53  
 536 A	 14.48  
 537 R	 23.54  
 538 N	 46.17  
 539 Q	 34.81  
 540 L	 6.40  
 541 E	 26.16  
 542 T	 33.83  
 543 Y	 7.23  
 544 L	 3.83  
 545 F	 8.13  
 546 G	 27.30  
 547 V	 3.87  
 548 K	 41.85  
 549 E	 51.19  
 550 A	 17.85  
 551 A	 16.33  
 552 E	 64.55  
 553 N	 55.83  
 554 G	 30.77  
 555 G	 32.38  
 556 D	 46.25  
 557 R	 28.21  
 558 I	 3.80  
 559 S	 20.49  
 560 A	 19.80  
 561 A	 20.27  
 562 D	 51.60  
 563 K	 41.18  
 564 S	 26.33  
 565 S	 36.07  
 566 I	 4.88  
 567 V	 4.02  
 568 E	 46.42  
 569 R	 20.54  
 570 C	 2.46  
 571 S	 34.31  
 572 E	 57.31  
 573 A	 6.64  
 574 M	 2.55  
 575 K	 52.21  
 576 W	 7.72  
 577 L	 4.28  
 578 D	 38.43  
 579 S	 33.63  
 580 N	 40.91  
 581 T	 31.19  
 582 T	 36.75  
 583 A	 24.67  
 584 E	 59.93  
 585 K	 54.07  
 586 E	 58.26  
 587 E	 55.52  
 588 Y	 26.17  
 589 E	 39.20  
 590 Y	 22.25  
 591 K	 40.94  
 592 L	 5.22  
 593 K	 56.98  
 594 E	 68.89  
 595 L	 6.31  
 596 E	 42.58  
 597 Q	 58.22  
 598 F	 3.04  
 599 C	 4.77  
 600 S	 20.81  
 601 P	 22.88  
 602 I	 2.92  
 603 M	 3.15  
 604 T	 26.40  
 605 K	 22.94  
 606 M	 2.65  
 607 H	 27.45  
 608 K	 56.61  
 609 G	 30.55  
 610 G	 35.50  
 611 G	 44.54  
 612 D	 55.81  
 613 G	 25.44  
 614 Q	 40.79  
 615 Q	 65.40  
 616 A	 7.97  
 617 P	 32.14  
 618 N	 57.61  
 619 F	 10.21  
 620 G	 25.90  
 621 Q	 26.30  
 622 Q	 42.21  
 623 A	 12.90  
 624 G	 35.31  
 625 G	 24.80  
 626 Y	 16.32  
 627 K	 62.78  
 628 G	 18.02  
 629 P	 29.17  
 630 T	 49.58  
 631 V	 7.13  
 632 E	 55.57  
 633 E	 47.88  
 634 V	 7.19  
 635 D	 56.96  
