 1 M	 7.36  
 2 S	 33.87  
 3 S	 35.32  
 4 F	 8.47  
 5 T	 39.26  
 6 K	 53.93  
 7 D	 59.75  
 8 E	 44.96  
 9 F	 20.38  
 10 D	 22.49  
 11 C	 2.33  
 12 H	 26.03  
 13 I	 6.97  
 14 L	 1.87  
 15 D	 54.06  
 16 E	 53.41  
 17 G	 25.52  
 18 F	 5.89  
 19 T	 43.59  
 20 A	 12.78  
 21 K	 42.09  
 22 D	 44.19  
 23 I	 4.50  
 24 L	 9.05  
 25 D	 48.32  
 26 Q	 45.12  
 27 K	 47.36  
 28 I	 4.40  
 29 N	 51.13  
 30 E	 47.45  
 31 V	 6.10  
 32 S	 20.25  
 33 S	 42.85  
 34 S	 42.18  
 35 D	 69.77  
 36 D	 53.32  
 37 K	 56.82  
 38 D	 49.24  
 39 A	 11.92  
 40 F	 7.85  
 41 Y	 9.10  
 42 V	 2.42  
 43 A	 8.57  
 44 D	 40.93  
 45 L	 4.84  
 46 G	 22.06  
 47 D	 50.79  
 48 I	 6.03  
 49 L	 7.81  
 50 K	 38.18  
 51 K	 44.41  
 52 H	 21.02  
 53 L	 6.04  
 54 R	 36.08  
 55 W	 14.47  
 56 L	 1.56  
 57 K	 40.70  
 58 A	 22.19  
 59 L	 2.38  
 60 P	 33.29  
 61 R	 45.88  
 62 V	 8.23  
 63 T	 14.68  
 64 P	 19.86  
 65 F	 4.46  
 66 Y	 16.22  
 67 A	 8.48  
 68 V	 5.04  
 69 K	 21.10  
 70 C	 5.71  
 71 N	 44.57  
 72 D	 49.31  
 73 S	 15.04  
 74 R	 31.06  
 75 A	 15.53  
 76 I	 2.15  
 77 V	 3.31  
 78 S	 16.16  
 79 T	 14.99  
 80 L	 2.06  
 81 A	 9.34  
 82 A	 12.12  
 83 I	 4.17  
 84 G	 18.30  
 85 T	 28.67  
 86 G	 15.93  
 87 F	 7.57  
 88 D	 28.55  
 89 C	 4.26  
 90 A	 18.86  
 91 S	 46.58  
 92 K	 31.48  
 93 T	 35.51  
 94 E	 32.26  
 95 I	 4.67  
 96 Q	 29.37  
 97 L	 3.69  
 98 V	 2.13  
 99 Q	 50.41  
 100 G	 19.54  
 101 L	 3.32  
 102 G	 30.13  
 103 V	 4.96  
 104 P	 26.97  
 105 A	 18.15  
 106 E	 41.22  
 107 R	 23.41  
 108 V	 2.71  
 109 I	 3.17  
 110 Y	 9.47  
 111 A	 11.45  
 112 N	 26.07  
 113 P	 20.64  
 114 C	 4.89  
 115 K	 55.80  
 116 Q	 46.97  
 117 V	 2.51  
 118 S	 24.56  
 119 Q	 37.02  
 120 I	 2.61  
 121 K	 22.62  
 122 Y	 14.72  
 123 A	 10.22  
 124 A	 10.63  
 125 S	 26.41  
 126 N	 50.34  
 127 G	 14.45  
 128 V	 3.74  
 129 Q	 19.82  
 130 M	 2.25  
 131 M	 1.56  
 132 T	 20.96  
 133 F	 5.45  
 134 D	 35.87  
 135 S	 35.96  
 136 E	 42.18  
 137 I	 5.96  
 138 E	 38.47  
 139 L	 5.03  
 140 M	 1.81  
 141 K	 45.42  
 142 V	 2.44  
 143 A	 9.45  
 144 R	 36.09  
 145 A	 17.37  
 146 H	 20.88  
 147 P	 37.00  
 148 K	 48.57  
 149 A	 18.18  
 150 K	 45.30  
 151 L	 5.39  
 152 V	 3.13  
 153 L	 4.80  
 154 R	 14.71  
 155 I	 4.18  
 156 A	 9.88  
 157 T	 37.66  
 158 D	 49.52  
 159 D	 47.91  
 160 S	 25.89  
 161 K	 52.40  
 162 A	 15.03  
 163 V	 1.93  
 164 C	 4.29  
 165 R	 24.33  
 166 L	 6.12  
 167 S	 12.15  
 168 V	 7.63  
 169 K	 34.40  
 170 F	 8.25  
 171 G	 16.37  
 172 A	 16.94  
 173 T	 29.21  
 174 L	 5.89  
 175 K	 39.85  
 176 T	 23.38  
 177 S	 21.24  
 178 R	 34.29  
 179 L	 6.84  
 180 L	 4.54  
 181 L	 5.05  
 182 E	 51.03  
 183 R	 51.43  
 184 A	 10.57  
 185 K	 69.80  
 186 E	 46.17  
 187 L	 7.20  
 188 N	 29.52  
 189 I	 7.56  
 190 D	 25.55  
 191 V	 3.48  
 192 I	 3.91  
 193 G	 14.63  
 194 V	 3.67  
 195 S	 12.38  
 196 F	 5.13  
 197 H	 18.60  
 198 V	 6.51  
 199 G	 15.11  
 200 S	 29.61  
 201 G	 16.65  
 202 C	 4.11  
 203 T	 54.84  
 204 D	 43.06  
 205 P	 25.12  
 206 D	 56.43  
 207 T	 30.97  
 208 F	 5.10  
 209 V	 3.76  
 210 Q	 31.68  
 211 A	 9.47  
 212 V	 2.73  
 213 S	 28.68  
 214 D	 31.28  
 215 A	 10.16  
 216 R	 23.32  
 217 C	 3.71  
 218 V	 3.67  
 219 F	 6.43  
 220 D	 12.86  
 221 M	 3.18  
 222 A	 11.49  
 223 T	 25.27  
 224 E	 30.98  
 225 V	 9.01  
 226 G	 11.59  
 227 F	 7.67  
 228 S	 10.20  
 229 M	 2.11  
 230 H	 23.26  
 231 L	 3.26  
 232 L	 2.47  
 233 D	 43.79  
 234 I	 5.80  
 235 G	 29.82  
 236 G	 34.60  
 237 G	 21.99  
 238 F	 7.57  
 239 P	 48.99  
 240 G	 41.21  
 241 S	 32.32  
 242 E	 75.51  
 243 D	 51.33  
 244 T	 33.94  
 245 K	 63.10  
 246 L	 9.25  
 247 K	 52.89  
 248 F	 17.23  
 249 E	 47.07  
 250 E	 55.49  
 251 I	 2.47  
 252 T	 21.88  
 253 S	 27.02  
 254 V	 3.52  
 255 I	 5.25  
 256 N	 17.40  
 257 P	 24.07  
 258 A	 24.73  
 259 L	 6.52  
 260 D	 45.79  
 261 K	 50.03  
 262 Y	 22.01  
 263 F	 6.02  
 264 P	 33.85  
 265 S	 34.21  
 266 D	 50.04  
 267 S	 43.45  
 268 G	 20.08  
 269 V	 4.62  
 270 R	 20.37  
 271 I	 3.04  
 272 I	 2.20  
 273 A	 17.98  
 274 E	 37.57  
 275 P	 24.44  
 276 G	 23.02  
 277 R	 30.26  
 278 Y	 14.27  
 279 Y	 6.54  
 280 V	 2.22  
 281 A	 4.49  
 282 S	 17.55  
 283 A	 7.54  
 284 F	 5.50  
 285 T	 17.33  
 286 L	 3.96  
 287 A	 6.83  
 288 V	 6.26  
 289 N	 17.84  
 290 I	 2.32  
 291 I	 3.76  
 292 A	 11.96  
 293 K	 38.27  
 294 K	 39.01  
 295 T	 30.78  
 296 V	 10.63  
 297 W	 12.05  
 298 K	 41.98  
 299 E	 46.42  
 300 Q	 43.88  
 301 P	 45.40  
 302 G	 43.32  
 303 S	 48.88  
 304 D	 70.05  
 305 D	 67.93  
 306 E	 69.53  
 307 D	 72.17  
 308 E	 54.11  
 309 S	 58.97  
 310 N	 43.26  
 311 E	 61.34  
 312 Q	 44.27  
 313 T	 12.28  
 314 F	 2.71  
 315 M	 2.40  
 316 Y	 10.48  
 317 Y	 4.87  
 318 V	 2.65  
 319 N	 24.97  
 320 D	 37.58  
 321 G	 14.89  
 322 V	 5.65  
 323 Y	 16.75  
 324 G	 24.29  
 325 S	 8.80  
 326 F	 8.20  
 327 N	 17.39  
 328 C	 1.82  
 329 I	 4.13  
 330 L	 4.47  
 331 Y	 5.93  
 332 D	 29.11  
 333 H	 12.27  
 334 A	 13.28  
 335 H	 20.42  
 336 V	 3.94  
 337 K	 24.37  
 338 A	 16.65  
 339 L	 4.28  
 340 L	 7.24  
 341 Q	 40.33  
 342 K	 71.31  
 343 R	 31.36  
 344 P	 60.61  
 345 K	 69.96  
 346 P	 58.64  
 347 D	 71.76  
 348 E	 52.03  
 349 K	 57.79  
 350 Y	 13.41  
 351 Y	 17.10  
 352 S	 17.96  
 353 S	 15.10  
 354 S	 19.20  
 355 I	 5.50  
 356 W	 14.52  
 357 G	 13.13  
 358 P	 18.17  
 359 T	 21.20  
 360 C	 4.38  
 361 D	 64.27  
 362 G	 31.46  
 363 L	 2.27  
 364 D	 43.73  
 365 R	 39.64  
 366 I	 3.63  
 367 V	 3.85  
 368 E	 49.50  
 369 R	 12.06  
 370 C	 3.77  
 371 N	 65.92  
 372 L	 4.32  
 373 P	 23.91  
 374 E	 45.12  
 375 M	 2.68  
 376 H	 20.81  
 377 V	 7.80  
 378 G	 14.26  
 379 D	 26.90  
 380 W	 4.57  
 381 M	 3.50  
 382 L	 4.20  
 383 F	 3.54  
 384 E	 42.20  
 385 N	 27.18  
 386 M	 2.27  
 387 G	 27.32  
 388 A	 6.00  
 389 Y	 8.94  
 390 T	 11.79  
 391 V	 1.91  
 392 A	 6.90  
 393 A	 9.52  
 394 A	 10.20  
 395 S	 28.89  
 396 T	 19.18  
 397 F	 8.57  
 398 N	 50.92  
 399 G	 18.84  
 400 F	 6.13  
 401 Q	 62.41  
 402 R	 24.79  
 403 P	 22.31  
 404 N	 36.76  
 405 I	 2.66  
 406 Y	 9.17  
 407 Y	 5.96  
 408 V	 1.25  
 409 M	 1.30  
 410 S	 24.16  
 411 R	 13.65  
 412 P	 22.51  
 413 M	 3.28  
 414 W	 7.28  
 415 Q	 25.98  
 416 L	 2.46  
 417 M	 1.47  
 418 K	 53.49  
 419 Q	 25.62  
 420 I	 3.65  
 421 Q	 27.21  
 422 S	 27.49  
 423 H	 26.07  
 424 G	 41.84  
 425 F	 8.37  
 426 P	 28.83  
 427 P	 56.88  
 428 E	 63.90  
 429 V	 13.97  
 430 E	 48.56  
 431 E	 65.57  
 432 Q	 40.36  
 433 D	 60.63  
 434 D	 52.23  
 435 G	 37.12  
 436 T	 34.38  
 437 L	 4.02  
 438 P	 16.69  
 439 M	 6.05  
 440 S	 12.36  
 441 C	 3.54  
 442 A	 14.63  
 443 Q	 50.11  
 444 E	 30.63  
 445 S	 27.60  
 446 G	 22.66  
 447 M	 5.95  
 448 D	 49.62  
 449 R	 28.88  
 450 H	 16.46  
 451 P	 23.58  
 452 A	 14.73  
 453 A	 8.21  
 454 C	 3.14  
 455 A	 11.08  
 456 S	 20.26  
 457 A	 9.61  
 458 R	 20.65  
 459 I	 6.38  
 460 N	 28.08  
 461 V	 8.47  
