 1 M	 10.61  
 2 E	 67.64  
 3 Q	 54.62  
 4 D	 44.24  
 5 N	 54.32  
 6 S	 34.08  
 7 P	 48.08  
 8 R	 48.83  
 9 K	 44.22  
 10 I	 4.26  
 11 Q	 30.87  
 12 F	 9.41  
 13 T	 12.58  
 14 V	 3.12  
 15 P	 28.33  
 16 L	 8.01  
 17 L	 8.67  
 18 E	 38.05  
 19 P	 33.05  
 20 H	 33.23  
 21 L	 20.13  
 22 D	 35.64  
 23 P	 39.21  
 24 E	 61.24  
 25 A	 22.99  
 26 A	 13.94  
 27 E	 54.30  
 28 Q	 29.75  
 29 I	 2.52  
 30 R	 26.25  
 31 R	 40.36  
 32 R	 38.80  
 33 R	 37.32  
 34 P	 40.71  
 35 T	 24.60  
 36 P	 26.40  
 37 A	 18.95  
 38 T	 20.71  
 39 L	 3.01  
 40 V	 4.81  
 41 L	 4.22  
 42 T	 23.83  
 43 S	 29.50  
 44 D	 47.33  
 45 Q	 45.64  
 46 S	 53.50  
 47 S	 21.32  
 48 P	 51.37  
 49 E	 65.63  
 50 V	 12.71  
 51 D	 50.87  
 52 E	 55.13  
 53 D	 49.71  
 54 R	 44.19  
 55 I	 6.30  
 56 P	 36.96  
 57 N	 37.16  
 58 P	 33.44  
 59 L	 14.10  
 60 L	 8.93  
 61 K	 40.00  
 62 P	 34.25  
 63 S	 27.46  
 64 L	 6.68  
 65 A	 10.76  
 66 M	 7.41  
 67 S	 16.01  
 68 P	 24.28  
 69 R	 41.45  
 70 Q	 66.00  
 71 R	 41.67  
 72 K	 38.26  
 73 K	 47.93  
 74 M	 3.26  
 75 T	 33.47  
 76 R	 32.86  
 77 T	 28.14  
 78 T	 17.30  
 79 P	 29.86  
 80 T	 38.49  
 81 M	 3.15  
 82 K	 58.72  
 83 E	 33.15  
 84 L	 3.09  
 85 Q	 21.01  
 86 M	 5.19  
 87 M	 1.74  
 88 V	 5.48  
 89 E	 14.01  
 90 H	 15.29  
 91 H	 20.39  
 92 L	 7.75  
 93 G	 23.83  
 94 Q	 50.42  
 95 Q	 43.09  
 96 E	 53.30  
 97 Q	 61.33  
 98 G	 40.25  
 99 E	 70.81  
 100 E	 56.32  
 101 P	 40.81  
 102 E	 65.82  
 103 G	 40.58  
 104 A	 10.73  
 105 A	 26.97  
 106 E	 57.67  
 107 G	 25.40  
 108 T	 22.35  
 109 G	 35.80  
 110 A	 15.14  
 111 Q	 52.82  
 112 E	 51.29  
 113 S	 35.59  
 114 Q	 47.67  
 115 P	 38.27  
 116 P	 52.21  
 117 G	 51.75  
 118 T	 25.07  
 119 P	 44.24  
 120 G	 36.30  
 121 T	 34.13  
 122 G	 33.01  
 123 A	 16.07  
 124 E	 37.42  
 125 S	 32.07  
 126 R	 34.86  
 127 L	 19.28  
 128 G	 17.01  
 129 P	 25.94  
 130 S	 36.13  
 131 A	 15.30  
 132 T	 33.68  
 133 A	 18.34  
 134 Q	 48.16  
 135 K	 39.60  
 136 P	 24.85  
 137 A	 40.74  
 138 Q	 47.75  
 139 P	 48.70  
 140 S	 18.22  
 141 P	 42.16  
 142 R	 53.92  
 143 A	 20.97  
 144 Q	 46.11  
 145 E	 43.28  
 146 R	 39.56  
 147 R	 57.00  
 148 G	 50.25  
 149 E	 65.99  
 150 E	 47.58  
 151 P	 32.45  
 152 S	 44.25  
 153 T	 42.78  
 154 A	 19.91  
 155 K	 49.12  
 156 T	 29.20  
 157 S	 31.14  
 158 Q	 60.65  
 159 D	 42.57  
 160 S	 23.91  
 161 Q	 60.81  
 162 G	 26.00  
 163 A	 6.15  
 164 S	 36.07  
 165 A	 15.54  
 166 V	 8.15  
