 1 M	 13.65  
 2 D	 60.08  
 3 S	 37.30  
 4 K	 59.55  
 5 G	 36.16  
 6 S	 33.08  
 7 S	 44.58  
 8 Q	 56.69  
 9 K	 61.88  
 10 G	 15.45  
 11 S	 27.13  
 12 R	 37.71  
 13 L	 4.18  
 14 L	 2.85  
 15 L	 4.04  
 16 L	 3.26  
 17 L	 3.45  
 18 V	 4.47  
 19 V	 2.95  
 20 S	 17.80  
 21 N	 24.09  
 22 L	 2.77  
 23 L	 5.42  
 24 L	 2.00  
 25 C	 3.14  
 26 Q	 47.92  
 27 G	 22.31  
 28 V	 0.96  
 29 V	 7.25  
 30 S	 25.29  
 31 T	 14.23  
 32 P	 20.43  
 33 V	 9.56  
 34 C	 1.97  
 35 P	 49.39  
 36 N	 65.25  
 37 G	 19.34  
 38 P	 37.15  
 39 G	 49.28  
 40 N	 19.04  
 41 C	 5.39  
 42 Q	 31.66  
 43 V	 6.75  
 44 S	 7.57  
 45 L	 5.33  
 46 R	 30.95  
 47 D	 57.91  
 48 L	 3.77  
 49 F	 7.57  
 50 D	 44.95  
 51 R	 23.03  
 52 A	 8.80  
 53 V	 3.97  
 54 M	 2.21  
 55 V	 2.28  
 56 S	 7.77  
 57 H	 17.73  
 58 Y	 7.76  
 59 I	 1.38  
 60 H	 23.85  
 61 D	 38.39  
 62 L	 3.62  
 63 S	 30.24  
 64 S	 40.14  
 65 E	 44.40  
 66 M	 4.76  
 67 F	 7.51  
 68 N	 47.95  
 69 E	 43.91  
 70 F	 16.41  
 71 D	 28.48  
 72 K	 53.26  
 73 R	 33.59  
 74 Y	 14.71  
 75 A	 18.71  
 76 Q	 45.24  
 77 G	 24.71  
 78 K	 38.27  
 79 G	 26.47  
 80 F	 4.84  
 81 I	 3.34  
 82 T	 8.30  
 83 M	 3.23  
 84 A	 8.57  
 85 L	 3.17  
 86 N	 32.81  
 87 S	 14.23  
 88 C	 3.85  
 89 H	 28.71  
 90 T	 25.08  
 91 S	 13.25  
 92 S	 39.25  
 93 L	 5.69  
 94 P	 48.10  
 95 T	 44.60  
 96 P	 45.94  
 97 E	 81.72  
 98 D	 62.08  
 99 K	 50.49  
 100 E	 64.57  
 101 Q	 50.65  
 102 A	 12.44  
 103 Q	 48.69  
 104 Q	 45.90  
 105 T	 17.08  
 106 H	 15.69  
 107 H	 30.19  
 108 E	 29.73  
 109 V	 4.76  
 110 L	 1.43  
 111 M	 3.56  
 112 S	 14.22  
 113 L	 2.03  
 114 I	 1.94  
 115 L	 4.85  
 116 G	 18.70  
 117 L	 3.01  
 118 L	 3.75  
 119 R	 44.67  
 120 S	 30.15  
 121 W	 13.55  
 122 N	 42.12  
 123 D	 28.46  
 124 P	 31.44  
 125 L	 4.73  
 126 Y	 9.86  
 127 H	 22.85  
 128 L	 3.01  
 129 V	 2.46  
 130 T	 34.81  
 131 E	 23.80  
 132 V	 4.72  
 133 R	 33.00  
 134 G	 27.59  
 135 M	 2.25  
 136 K	 55.53  
 137 G	 33.19  
 138 A	 8.03  
 139 P	 39.99  
 140 D	 45.78  
 141 A	 11.99  
 142 I	 4.71  
 143 L	 2.80  
 144 S	 17.35  
 145 R	 35.82  
 146 A	 10.61  
 147 I	 5.50  
 148 E	 43.28  
 149 I	 7.07  
 150 E	 46.60  
 151 E	 72.96  
 152 E	 56.09  
 153 N	 37.72  
 154 K	 47.94  
 155 R	 56.96  
 156 L	 5.65  
 157 L	 6.58  
 158 E	 62.17  
 159 G	 19.81  
 160 M	 2.00  
 161 E	 39.73  
 162 M	 1.98  
 163 I	 1.93  
 164 F	 5.59  
 165 G	 15.21  
 166 Q	 21.15  
 167 V	 6.12  
 168 I	 1.68  
 169 P	 37.52  
 170 G	 37.85  
 171 A	 10.93  
 172 K	 71.70  
 173 E	 58.85  
 174 T	 41.37  
 175 E	 43.88  
 176 P	 46.26  
 177 Y	 12.27  
 178 P	 31.64  
 179 V	 5.39  
 180 W	 5.12  
 181 S	 30.59  
 182 G	 26.37  
 183 L	 1.86  
 184 P	 36.20  
 185 S	 37.85  
 186 L	 7.67  
 187 Q	 51.33  
 188 T	 45.84  
 189 K	 46.27  
 190 D	 63.50  
 191 E	 55.94  
 192 D	 46.62  
 193 A	 15.40  
 194 R	 37.96  
 195 Y	 13.18  
 196 S	 13.32  
 197 A	 11.29  
 198 F	 3.23  
 199 Y	 12.48  
 200 N	 29.67  
 201 L	 2.05  
 202 L	 2.09  
 203 H	 16.25  
 204 C	 2.97  
 205 L	 3.33  
 206 R	 45.84  
 207 R	 34.90  
 208 D	 51.32  
 209 S	 31.55  
 210 S	 37.61  
 211 K	 48.86  
 212 I	 5.30  
 213 D	 32.79  
 214 T	 33.94  
 215 Y	 9.70  
 216 L	 3.23  
 217 K	 40.28  
 218 L	 3.71  
 219 L	 5.63  
 220 N	 24.37  
 221 C	 3.14  
 222 R	 19.78  
 223 I	 4.23  
 224 I	 1.23  
 225 Y	 14.96  
 226 N	 23.88  
 227 N	 33.98  
 228 N	 29.27  
 229 C	 6.84  
