 1 M	 5.18  
 2 F	 8.70  
 3 S	 13.07  
 4 M	 2.01  
 5 R	 19.59  
 6 I	 1.60  
 7 V	 1.14  
 8 C	 1.70  
 9 L	 2.77  
 10 V	 2.95  
 11 L	 1.76  
 12 S	 13.79  
 13 V	 3.94  
 14 V	 5.18  
 15 G	 13.94  
 16 T	 13.86  
 17 A	 8.83  
 18 W	 7.61  
 19 T	 20.37  
 20 A	 9.77  
 21 D	 50.21  
 22 S	 35.96  
 23 G	 43.38  
 24 E	 60.59  
 25 G	 34.20  
 26 D	 30.96  
 27 F	 11.64  
 28 L	 5.16  
 29 A	 17.24  
 30 E	 61.59  
 31 G	 32.33  
 32 G	 23.95  
 33 G	 19.46  
 34 V	 7.86  
 35 R	 53.31  
 36 G	 16.38  
 37 P	 18.48  
 38 R	 48.19  
 39 V	 6.20  
 40 V	 5.89  
 41 E	 41.40  
 42 R	 22.87  
 43 H	 16.67  
 44 Q	 38.66  
 45 S	 29.52  
 46 A	 9.60  
 47 C	 6.44  
 48 K	 61.04  
 49 D	 52.27  
 50 S	 27.37  
 51 D	 68.17  
 52 W	 7.57  
 53 P	 25.92  
 54 F	 5.62  
 55 C	 4.37  
 56 S	 44.40  
 57 D	 60.08  
 58 E	 48.94  
 59 D	 43.86  
 60 W	 14.17  
 61 N	 38.41  
 62 Y	 15.09  
 63 K	 36.13  
 64 C	 1.98  
 65 P	 29.60  
 66 S	 61.06  
 67 G	 6.54  
 68 C	 4.51  
 69 R	 33.11  
 70 M	 4.73  
 71 K	 31.08  
 72 G	 20.65  
 73 L	 3.58  
 74 I	 6.06  
 75 D	 59.85  
 76 E	 36.05  
 77 V	 7.46  
 78 N	 33.39  
 79 Q	 52.98  
 80 D	 47.32  
 81 F	 4.74  
 82 T	 31.70  
 83 N	 42.71  
 84 R	 30.69  
 85 I	 6.06  
 86 N	 40.13  
 87 K	 59.47  
 88 L	 5.70  
 89 K	 46.21  
 90 N	 55.15  
 91 S	 32.61  
 92 L	 5.45  
 93 F	 9.13  
 94 E	 52.96  
 95 Y	 19.90  
 96 Q	 34.50  
 97 K	 62.68  
 98 N	 45.30  
 99 N	 57.45  
 100 K	 70.74  
 101 D	 54.42  
 102 S	 19.31  
 103 H	 36.64  
 104 S	 31.22  
 105 L	 5.99  
 106 T	 22.32  
 107 T	 28.21  
 108 N	 26.78  
 109 I	 2.17  
 110 M	 2.58  
 111 E	 34.77  
 112 I	 1.43  
 113 L	 2.97  
 114 R	 48.58  
 115 G	 36.55  
 116 D	 33.54  
 117 F	 7.47  
 118 S	 33.03  
 119 S	 34.70  
 120 A	 19.00  
 121 N	 46.12  
 122 N	 53.01  
 123 R	 38.06  
 124 D	 54.68  
 125 N	 41.02  
 126 T	 26.85  
 127 Y	 13.76  
 128 N	 35.52  
 129 R	 23.95  
 130 V	 7.00  
 131 S	 23.35  
 132 E	 59.20  
 133 D	 39.62  
 134 L	 4.74  
 135 R	 35.89  
 136 S	 44.93  
 137 R	 23.74  
 138 I	 4.53  
 139 E	 40.46  
 140 V	 7.70  
 141 L	 2.63  
 142 K	 56.18  
 143 R	 34.02  
 144 K	 46.08  
 145 V	 8.74  
 146 I	 4.81  
 147 E	 50.60  
 148 K	 35.75  
 149 V	 3.04  
 150 Q	 38.75  
 151 H	 16.85  
 152 I	 1.40  
 153 Q	 33.71  
 154 L	 5.60  
 155 L	 3.79  
 156 Q	 43.82  
 157 K	 58.33  
 158 N	 18.62  
 159 V	 7.46  
 160 R	 26.47  
 161 A	 11.63  
 162 Q	 31.30  
 163 L	 3.26  
 164 V	 4.49  
 165 D	 45.54  
 166 M	 1.81  
 167 K	 49.74  
 168 R	 29.46  
 169 L	 6.67  
 170 E	 42.02  
 171 V	 10.40  
 172 D	 24.38  
 173 I	 7.72  
 174 D	 31.50  
 175 I	 4.00  
 176 K	 28.46  
 177 I	 3.91  
 178 R	 25.38  
 179 S	 16.19  
 180 C	 4.03  
 181 R	 41.11  
 182 G	 37.01  
 183 S	 6.92  
 184 C	 3.39  
 185 S	 23.45  
 186 R	 37.64  
 187 A	 6.84  
 188 L	 4.48  
 189 A	 12.47  
 190 R	 45.37  
 191 E	 34.47  
 192 V	 9.71  
 193 D	 43.16  
 194 L	 5.70  
 195 K	 54.52  
 196 D	 60.39  
 197 Y	 21.59  
 198 E	 60.52  
 199 D	 50.40  
 200 Q	 40.19  
 201 Q	 48.02  
 202 K	 51.74  
 203 Q	 45.99  
 204 L	 6.82  
 205 E	 40.06  
 206 Q	 40.27  
 207 V	 3.16  
 208 I	 3.84  
 209 A	 10.64  
 210 K	 37.47  
 211 D	 44.40  
 212 L	 8.15  
 213 L	 5.33  
 214 P	 34.32  
 215 S	 46.94  
 216 R	 40.99  
 217 D	 59.95  
 218 R	 25.38  
 219 Q	 46.92  
 220 H	 30.24  
 221 L	 2.53  
 222 P	 29.89  
 223 L	 8.06  
 224 I	 3.75  
 225 K	 48.86  
 226 M	 4.74  
 227 K	 37.55  
 228 P	 39.10  
 229 V	 4.87  
 230 P	 37.43  
 231 D	 61.61  
 232 L	 4.02  
 233 V	 8.11  
 234 P	 39.03  
 235 G	 44.73  
 236 N	 34.79  
 237 F	 11.32  
 238 K	 41.09  
 239 S	 31.80  
 240 Q	 48.80  
 241 L	 7.40  
 242 Q	 36.74  
 243 K	 66.36  
 244 V	 6.53  
 245 P	 28.29  
 246 P	 64.17  
 247 E	 56.38  
 248 W	 9.30  
 249 K	 31.68  
 250 A	 19.43  
 251 L	 3.56  
 252 T	 34.80  
 253 D	 47.84  
 254 M	 1.77  
 255 P	 27.85  
 256 Q	 26.02  
 257 M	 3.48  
 258 R	 15.35  
 259 M	 6.06  
 260 E	 36.79  
 261 L	 5.03  
 262 E	 43.45  
 263 R	 48.03  
 264 P	 45.74  
 265 G	 58.75  
 266 G	 31.14  
 267 N	 43.33  
 268 E	 49.35  
 269 I	 3.55  
 270 T	 19.65  
 271 R	 53.81  
 272 G	 26.25  
 273 G	 25.18  
 274 S	 19.60  
 275 T	 29.28  
 276 S	 24.22  
 277 Y	 20.85  
 278 G	 24.30  
 279 T	 29.33  
 280 G	 21.08  
 281 S	 40.98  
 282 E	 58.92  
 283 T	 43.38  
 284 E	 55.48  
 285 S	 36.26  
 286 P	 33.56  
 287 R	 76.58  
 288 N	 44.16  
 289 P	 30.82  
 290 S	 36.05  
 291 S	 37.60  
 292 A	 22.00  
 293 G	 34.83  
 294 S	 23.85  
 295 W	 11.33  
 296 N	 37.88  
 297 S	 33.52  
 298 G	 23.71  
 299 S	 31.76  
 300 S	 53.16  
 301 G	 32.08  
 302 P	 35.19  
 303 G	 41.17  
 304 S	 35.95  
 305 T	 44.37  
 306 G	 32.56  
 307 N	 40.42  
 308 R	 52.65  
 309 N	 49.65  
 310 P	 40.58  
 311 G	 37.68  
 312 S	 27.18  
 313 S	 46.41  
 314 G	 30.03  
 315 T	 34.09  
 316 G	 34.67  
 317 G	 16.41  
 318 T	 23.43  
 319 A	 18.10  
 320 T	 33.58  
 321 W	 11.46  
 322 K	 34.84  
 323 P	 39.19  
 324 G	 30.62  
 325 S	 40.42  
 326 S	 55.72  
 327 G	 32.08  
 328 P	 35.19  
 329 G	 41.17  
 330 S	 32.50  
 331 T	 40.94  
 332 G	 32.15  
 333 S	 24.15  
 334 W	 12.35  
 335 N	 37.88  
 336 S	 33.52  
 337 G	 23.71  
 338 S	 25.97  
 339 S	 43.85  
 340 G	 35.47  
 341 T	 29.88  
 342 G	 27.08  
 343 S	 32.74  
 344 T	 41.31  
 345 G	 35.11  
 346 N	 38.25  
 347 Q	 59.86  
 348 N	 47.07  
 349 P	 34.57  
 350 G	 58.81  
 351 S	 20.99  
 352 P	 53.02  
 353 R	 50.32  
 354 P	 44.46  
 355 G	 38.84  
 356 S	 26.75  
 357 T	 44.54  
 358 G	 30.36  
 359 T	 23.35  
 360 W	 15.46  
 361 N	 30.78  
 362 P	 35.29  
 363 G	 40.36  
 364 S	 30.22  
 365 S	 36.91  
 366 E	 63.86  
 367 R	 46.44  
 368 G	 20.14  
 369 S	 36.98  
 370 A	 19.39  
 371 G	 20.68  
 372 H	 25.10  
 373 W	 10.74  
 374 T	 19.55  
 375 S	 30.23  
 376 E	 39.39  
 377 S	 35.49  
 378 S	 19.09  
 379 V	 11.92  
 380 S	 29.04  
 381 G	 27.37  
 382 S	 23.12  
 383 T	 36.60  
 384 G	 30.22  
 385 Q	 34.49  
 386 W	 9.79  
 387 H	 17.50  
 388 S	 30.42  
 389 E	 46.35  
 390 S	 42.63  
 391 G	 27.10  
 392 S	 27.62  
 393 F	 17.52  
 394 R	 35.49  
 395 P	 44.41  
 396 D	 64.31  
 397 S	 33.57  
 398 P	 48.64  
 399 G	 52.73  
 400 S	 32.05  
 401 G	 37.42  
 402 N	 34.18  
 403 A	 31.65  
 404 R	 38.18  
 405 P	 42.41  
 406 N	 68.09  
 407 N	 38.29  
 408 P	 45.42  
 409 D	 59.57  
 410 W	 14.69  
 411 G	 28.10  
 412 T	 24.50  
 413 F	 7.12  
 414 E	 58.28  
 415 E	 37.48  
 416 V	 7.55  
 417 S	 28.12  
 418 G	 43.67  
 419 N	 24.48  
 420 V	 9.24  
 421 S	 22.93  
 422 P	 43.84  
 423 G	 25.09  
 424 T	 29.91  
 425 R	 35.03  
 426 R	 48.97  
 427 E	 38.07  
 428 Y	 16.54  
 429 H	 23.85  
 430 T	 33.63  
 431 E	 30.95  
 432 K	 49.79  
 433 L	 4.07  
 434 V	 9.34  
 435 T	 34.85  
 436 S	 27.45  
 437 K	 62.86  
 438 G	 51.49  
 439 D	 45.02  
 440 K	 68.28  
 441 E	 48.50  
 442 L	 7.96  
 443 R	 42.39  
 444 T	 66.29  
 445 G	 29.68  
 446 K	 54.47  
 447 E	 54.85  
 448 K	 55.06  
 449 V	 5.59  
 450 T	 38.14  
 451 S	 33.46  
 452 G	 21.46  
 453 S	 23.50  
 454 T	 31.52  
 455 T	 28.06  
 456 T	 20.56  
 457 T	 23.22  
 458 R	 26.82  
 459 R	 39.66  
 460 S	 21.32  
 461 C	 4.60  
 462 S	 32.38  
 463 K	 51.87  
 464 T	 19.67  
 465 V	 6.25  
 466 T	 26.65  
 467 K	 36.14  
 468 T	 14.16  
 469 V	 5.19  
 470 I	 8.85  
 471 G	 15.20  
 472 P	 33.03  
 473 D	 67.62  
 474 G	 36.58  
 475 H	 30.40  
 476 K	 60.45  
 477 E	 50.15  
 478 V	 12.66  
 479 T	 23.68  
 480 K	 54.40  
 481 E	 32.62  
 482 V	 6.40  
 483 V	 5.24  
 484 T	 31.41  
 485 S	 23.29  
 486 E	 57.96  
 487 D	 62.76  
 488 G	 22.72  
 489 S	 48.65  
 490 D	 58.48  
 491 C	 3.34  
 492 P	 37.05  
 493 E	 64.06  
 494 A	 5.07  
 495 M	 4.10  
 496 D	 49.33  
 497 L	 3.47  
 498 G	 21.98  
 499 T	 25.66  
 500 L	 4.13  
 501 S	 28.36  
 502 G	 26.00  
 503 I	 3.24  
 504 G	 24.61  
 505 T	 21.54  
 506 L	 5.24  
 507 D	 54.76  
 508 G	 25.30  
 509 F	 6.25  
 510 R	 31.31  
 511 H	 30.09  
 512 R	 38.48  
 513 H	 28.21  
 514 P	 40.88  
 515 D	 52.63  
 516 E	 46.47  
 517 A	 19.56  
 518 A	 12.00  
 519 F	 7.99  
 520 F	 7.56  
 521 D	 34.60  
 522 T	 19.83  
 523 A	 13.62  
 524 S	 39.52  
 525 T	 39.99  
 526 G	 25.22  
 527 K	 47.26  
 528 T	 36.09  
 529 F	 6.75  
 530 P	 43.86  
 531 G	 31.85  
 532 F	 5.81  
 533 F	 11.25  
 534 S	 13.72  
 535 P	 19.50  
 536 M	 7.91  
 537 L	 7.25  
 538 G	 21.75  
 539 E	 38.62  
 540 F	 7.51  
 541 V	 4.38  
 542 S	 44.09  
 543 E	 51.82  
 544 T	 31.58  
 545 E	 34.09  
 546 S	 49.73  
 547 R	 46.56  
 548 G	 45.07  
 549 S	 27.72  
 550 E	 56.67  
 551 S	 38.60  
 552 G	 18.25  
 553 I	 5.54  
 554 F	 5.00  
 555 T	 39.80  
 556 N	 38.10  
 557 T	 32.88  
 558 K	 58.63  
 559 E	 54.54  
 560 S	 38.40  
 561 S	 34.48  
 562 S	 34.78  
 563 H	 32.86  
 564 H	 24.99  
 565 P	 30.38  
 566 G	 27.64  
 567 I	 3.80  
 568 A	 20.49  
 569 E	 57.05  
 570 F	 5.00  
 571 P	 18.02  
 572 S	 60.01  
 573 R	 57.72  
 574 G	 38.24  
 575 K	 46.16  
 576 S	 27.60  
 577 S	 36.46  
 578 S	 40.28  
 579 Y	 23.10  
 580 S	 23.17  
 581 K	 40.99  
 582 Q	 40.69  
 583 F	 9.10  
 584 T	 21.19  
 585 S	 32.67  
 586 S	 20.51  
 587 T	 34.69  
 588 S	 23.51  
 589 Y	 14.68  
 590 N	 41.02  
 591 R	 41.90  
 592 G	 29.59  
 593 D	 41.07  
 594 S	 37.51  
 595 T	 35.84  
 596 F	 13.29  
 597 E	 58.29  
 598 S	 23.78  
 599 K	 51.08  
 600 S	 38.99  
 601 Y	 14.44  
 602 K	 34.40  
 603 M	 4.28  
 604 A	 13.82  
 605 D	 42.66  
 606 E	 45.45  
 607 A	 27.62  
 608 G	 24.79  
 609 S	 36.34  
 610 E	 58.14  
 611 A	 25.76  
 612 D	 36.00  
 613 H	 42.29  
 614 E	 67.35  
 615 G	 25.88  
 616 T	 15.07  
 617 H	 44.31  
 618 S	 35.15  
 619 T	 19.70  
 620 K	 60.44  
 621 R	 42.07  
 622 G	 27.02  
 623 H	 33.73  
 624 A	 17.84  
 625 K	 41.12  
 626 S	 42.47  
 627 R	 32.78  
 628 P	 32.36  
 629 V	 8.61  
 630 R	 41.33  
 631 D	 40.19  
 632 C	 3.18  
 633 D	 54.03  
 634 D	 49.73  
 635 V	 2.45  
 636 L	 6.64  
 637 Q	 37.30  
 638 T	 31.43  
 639 H	 11.10  
 640 P	 37.53  
 641 S	 47.04  
 642 G	 32.02  
 643 T	 24.73  
 644 Q	 43.09  
 645 S	 33.42  
 646 G	 20.77  
 647 I	 2.64  
 648 F	 9.86  
 649 N	 28.68  
 650 I	 3.18  
 651 K	 50.13  
 652 L	 5.27  
 653 P	 35.30  
 654 G	 55.79  
 655 S	 26.90  
 656 S	 35.37  
 657 K	 49.85  
 658 I	 3.17  
 659 F	 4.67  
 660 S	 18.69  
 661 V	 3.72  
 662 Y	 6.79  
 663 C	 4.00  
 664 D	 31.50  
 665 Q	 52.91  
 666 E	 27.41  
 667 T	 24.50  
 668 S	 25.02  
 669 L	 10.84  
 670 G	 25.62  
 671 G	 19.70  
 672 W	 6.03  
 673 L	 3.23  
 674 L	 2.40  
 675 I	 2.84  
 676 Q	 25.46  
 677 Q	 35.35  
 678 R	 14.58  
 679 M	 6.26  
 680 D	 45.80  
 681 G	 25.37  
 682 S	 18.84  
 683 L	 11.81  
 684 N	 33.57  
 685 F	 8.75  
 686 N	 39.12  
 687 R	 32.95  
 688 T	 28.69  
 689 W	 5.94  
 690 Q	 43.47  
 691 D	 42.34  
 692 Y	 6.36  
 693 K	 55.10  
 694 R	 39.17  
 695 G	 27.41  
 696 F	 7.54  
 697 G	 33.76  
 698 S	 23.03  
 699 L	 10.81  
 700 N	 47.16  
 701 D	 71.25  
 702 E	 59.06  
 703 G	 51.58  
 704 E	 54.20  
 705 G	 46.38  
 706 E	 29.37  
 707 F	 10.83  
 708 W	 10.08  
 709 L	 5.80  
 710 G	 18.63  
 711 N	 32.36  
 712 D	 45.64  
 713 Y	 10.46  
 714 L	 2.27  
 715 H	 16.74  
 716 L	 5.23  
 717 L	 2.39  
 718 T	 23.68  
 719 Q	 47.94  
 720 R	 33.83  
 721 G	 16.58  
 722 S	 21.84  
 723 V	 4.39  
 724 L	 5.63  
 725 R	 20.08  
 726 V	 9.59  
 727 E	 39.75  
 728 L	 7.09  
 729 E	 37.69  
 730 D	 53.82  
 731 W	 9.19  
 732 A	 24.21  
 733 G	 28.40  
 734 N	 23.99  
 735 E	 41.98  
 736 A	 16.91  
 737 Y	 8.19  
 738 A	 20.23  
 739 E	 27.19  
 740 Y	 9.70  
 741 H	 8.78  
 742 F	 7.10  
 743 R	 20.69  
 744 V	 10.92  
 745 G	 18.60  
 746 S	 30.67  
 747 E	 44.82  
 748 A	 19.74  
 749 E	 49.00  
 750 G	 21.77  
 751 Y	 8.81  
 752 A	 11.45  
 753 L	 3.78  
 754 Q	 25.52  
 755 V	 4.22  
 756 S	 17.78  
 757 S	 28.48  
 758 Y	 15.75  
 759 E	 52.60  
 760 G	 16.78  
 761 T	 18.61  
 762 A	 25.40  
 763 G	 22.14  
 764 D	 35.42  
 765 A	 14.99  
 766 L	 4.33  
 767 I	 6.37  
 768 E	 46.39  
 769 G	 29.96  
 770 S	 17.36  
 771 V	 13.12  
 772 E	 53.03  
 773 E	 62.64  
 774 G	 15.37  
 775 A	 15.20  
 776 E	 61.27  
 777 Y	 17.01  
 778 T	 18.27  
 779 S	 24.26  
 780 H	 23.14  
 781 N	 45.49  
 782 N	 21.87  
 783 M	 5.30  
 784 Q	 31.12  
 785 F	 5.30  
 786 S	 15.98  
 787 T	 30.73  
 788 F	 7.60  
 789 D	 47.87  
 790 R	 36.50  
 791 D	 57.23  
 792 A	 16.28  
 793 D	 59.42  
 794 Q	 51.72  
 795 W	 18.54  
 796 E	 33.43  
 797 E	 55.43  
 798 N	 20.84  
 799 C	 3.75  
 800 A	 22.37  
 801 E	 38.17  
 802 V	 2.60  
 803 Y	 11.10  
 804 G	 33.06  
 805 G	 15.74  
 806 G	 13.84  
 807 W	 9.54  
 808 W	 6.83  
 809 Y	 7.03  
 810 N	 29.13  
 811 N	 11.99  
 812 C	 2.31  
 813 Q	 45.71  
 814 A	 10.66  
 815 A	 8.65  
 816 N	 36.73  
 817 L	 5.50  
 818 N	 34.32  
 819 G	 16.67  
 820 I	 2.64  
 821 Y	 12.66  
 822 Y	 8.09  
 823 P	 24.56  
 824 G	 22.89  
 825 G	 20.66  
 826 S	 32.07  
 827 Y	 32.99  
 828 D	 37.06  
 829 P	 32.44  
 830 R	 52.65  
 831 N	 59.73  
 832 N	 45.71  
 833 S	 32.20  
 834 P	 32.66  
 835 Y	 29.38  
 836 E	 47.40  
 837 I	 4.04  
 838 E	 35.67  
 839 N	 54.97  
 840 G	 11.54  
 841 V	 4.64  
 842 V	 4.41  
 843 W	 4.24  
 844 V	 2.34  
 845 S	 8.10  
 846 F	 6.38  
 847 R	 31.70  
 848 G	 22.31  
 849 A	 14.33  
 850 D	 36.06  
 851 Y	 14.74  
 852 S	 16.36  
 853 L	 3.12  
 854 R	 25.70  
 855 A	 9.88  
 856 V	 5.06  
 857 R	 21.49  
 858 M	 3.21  
 859 K	 25.62  
 860 I	 3.92  
 861 R	 17.00  
 862 P	 34.36  
 863 L	 4.71  
 864 V	 5.26  
 865 T	 35.92  
 866 Q	 43.78  
