 1 M	 12.07  
 2 G	 43.39  
 3 K	 37.27  
 4 V	 5.14  
 5 K	 36.44  
 6 V	 13.33  
 7 G	 11.06  
 8 V	 7.68  
 9 N	 33.86  
 10 G	 24.79  
 11 F	 5.12  
 12 G	 22.99  
 13 R	 26.40  
 14 I	 3.73  
 15 G	 18.60  
 16 R	 24.50  
 17 L	 3.78  
 18 V	 3.07  
 19 T	 21.12  
 20 R	 19.21  
 21 A	 13.67  
 22 A	 10.81  
 23 F	 7.94  
 24 N	 45.16  
 25 S	 33.27  
 26 G	 34.80  
 27 K	 36.23  
 28 V	 7.48  
 29 D	 32.88  
 30 I	 2.24  
 31 V	 3.66  
 32 A	 8.66  
 33 I	 4.10  
 34 N	 40.96  
 35 D	 33.11  
 36 P	 24.49  
 37 F	 8.28  
 38 I	 7.78  
 39 D	 29.28  
 40 L	 4.18  
 41 N	 21.07  
 42 Y	 8.68  
 43 M	 1.37  
 44 V	 1.90  
 45 Y	 3.91  
 46 M	 0.85  
 47 F	 3.13  
 48 Q	 25.29  
 49 Y	 10.70  
 50 D	 35.96  
 51 S	 19.85  
 52 T	 31.58  
 53 H	 41.20  
 54 G	 34.12  
 55 K	 26.95  
 56 F	 8.33  
 57 H	 34.20  
 58 G	 35.02  
 59 T	 15.40  
 60 V	 7.00  
 61 K	 50.23  
 62 A	 15.91  
 63 E	 61.88  
 64 N	 58.73  
 65 G	 19.04  
 66 K	 51.68  
 67 L	 5.05  
 68 V	 3.49  
 69 I	 8.72  
 70 N	 36.39  
 71 G	 30.11  
 72 N	 21.95  
 73 P	 26.88  
 74 I	 5.53  
 75 T	 19.59  
 76 I	 3.30  
 77 F	 4.64  
 78 Q	 40.75  
 79 E	 48.58  
 80 R	 50.81  
 81 D	 51.58  
 82 P	 43.68  
 83 S	 51.83  
 84 K	 54.41  
 85 I	 5.49  
 86 K	 49.19  
 87 W	 17.24  
 88 G	 15.19  
 89 D	 40.49  
 90 A	 18.37  
 91 G	 24.55  
 92 A	 13.48  
 93 E	 37.63  
 94 Y	 14.84  
 95 V	 2.64  
 96 V	 4.75  
 97 E	 32.32  
 98 S	 20.89  
 99 T	 24.69  
 100 G	 23.09  
 101 V	 3.79  
 102 F	 5.08  
 103 T	 23.87  
 104 T	 16.33  
 105 M	 4.52  
 106 E	 37.35  
 107 K	 41.10  
 108 A	 13.70  
 109 G	 25.29  
 110 A	 12.70  
 111 H	 20.12  
 112 L	 5.12  
 113 Q	 38.11  
 114 G	 44.37  
 115 G	 18.24  
 116 A	 11.87  
 117 K	 50.93  
 118 R	 25.08  
 119 V	 4.49  
 120 I	 2.09  
 121 I	 2.35  
 122 S	 24.01  
 123 A	 7.52  
 124 P	 24.22  
 125 S	 38.20  
 126 A	 18.87  
 127 D	 56.39  
 128 A	 9.36  
 129 P	 19.79  
 130 M	 4.19  
 131 F	 3.13  
 132 V	 2.38  
 133 M	 3.20  
 134 G	 16.27  
 135 V	 3.40  
 136 N	 31.69  
 137 H	 30.44  
 138 E	 48.37  
 139 K	 50.80  
 140 Y	 19.85  
 141 D	 49.67  
 142 N	 46.26  
 143 S	 28.30  
 144 L	 6.07  
 145 K	 37.50  
 146 I	 5.18  
 147 I	 2.19  
 148 S	 29.80  
 149 N	 26.01  
 150 A	 10.13  
 151 S	 19.08  
 152 C	 5.17  
 153 T	 20.67  
 154 T	 28.41  
 155 N	 10.72  
 156 C	 3.01  
 157 L	 6.28  
 158 A	 10.16  
 159 P	 21.65  
 160 L	 6.31  
 161 A	 11.74  
 162 K	 49.78  
 163 V	 3.80  
 164 I	 3.13  
 165 H	 27.27  
 166 D	 40.82  
 167 N	 23.92  
 168 F	 9.83  
 169 G	 29.32  
 170 I	 1.92  
 171 V	 4.96  
 172 E	 44.69  
 173 G	 15.17  
 174 L	 1.42  
 175 M	 4.31  
 176 T	 30.61  
 177 T	 9.06  
 178 V	 1.79  
 179 H	 14.88  
 180 A	 9.11  
 181 I	 1.30  
 182 T	 25.16  
 183 A	 11.26  
 184 T	 23.19  
 185 Q	 36.64  
 186 K	 46.27  
 187 T	 17.63  
 188 V	 11.74  
 189 D	 69.39  
 190 G	 17.59  
 191 P	 35.13  
 192 S	 54.83  
 193 G	 32.01  
 194 K	 49.57  
 195 L	 5.31  
 196 W	 10.37  
 197 R	 47.11  
 198 D	 39.29  
 199 G	 22.73  
 200 R	 31.34  
 201 G	 35.85  
 202 A	 12.47  
 203 L	 4.45  
 204 Q	 38.24  
 205 N	 34.70  
 206 I	 2.29  
 207 I	 2.82  
 208 P	 19.16  
 209 A	 14.87  
 210 S	 23.24  
 211 T	 32.71  
 212 G	 22.50  
 213 A	 13.08  
 214 A	 11.15  
 215 K	 42.97  
 216 A	 15.57  
 217 V	 8.21  
 218 G	 24.31  
 219 K	 30.32  
 220 V	 7.89  
 221 I	 2.21  
 222 P	 42.90  
 223 E	 43.68  
 224 L	 9.57  
 225 N	 43.84  
 226 G	 38.69  
 227 K	 41.63  
 228 L	 5.47  
 229 T	 28.53  
 230 G	 18.83  
 231 M	 2.41  
 232 A	 7.16  
 233 F	 6.33  
 234 R	 24.78  
 235 V	 3.89  
 236 P	 22.87  
 237 T	 28.18  
 238 A	 14.35  
 239 N	 29.13  
 240 V	 4.21  
 241 S	 19.07  
 242 V	 3.19  
 243 V	 3.77  
 244 D	 33.82  
 245 L	 3.09  
 246 T	 7.36  
 247 C	 6.42  
 248 R	 40.42  
 249 L	 12.34  
 250 E	 37.33  
 251 K	 55.67  
 252 P	 25.30  
 253 A	 33.82  
 254 K	 58.71  
 255 Y	 22.43  
 256 D	 50.91  
 257 D	 52.06  
 258 I	 4.20  
 259 K	 46.65  
 260 K	 53.23  
 261 V	 5.74  
 262 V	 5.37  
 263 K	 43.04  
 264 Q	 38.21  
 265 A	 12.11  
 266 S	 40.36  
 267 E	 68.77  
 268 G	 30.28  
 269 P	 27.18  
 270 L	 13.43  
 271 K	 47.22  
 272 G	 28.21  
 273 I	 2.29  
 274 L	 6.14  
 275 G	 25.95  
 276 Y	 12.90  
 277 T	 25.78  
 278 E	 24.68  
 279 H	 20.24  
 280 Q	 30.95  
 281 V	 4.94  
 282 V	 3.50  
 283 S	 25.90  
 284 S	 34.31  
 285 D	 38.96  
 286 F	 11.57  
 287 N	 43.92  
 288 S	 43.83  
 289 D	 49.93  
 290 T	 24.39  
 291 H	 25.41  
 292 S	 32.92  
 293 S	 26.03  
 294 T	 28.66  
 295 F	 7.00  
 296 D	 44.15  
 297 A	 12.92  
 298 G	 26.61  
 299 A	 14.13  
 300 G	 12.56  
 301 I	 3.80  
 302 A	 10.21  
 303 L	 7.96  
 304 N	 31.52  
 305 D	 37.13  
 306 H	 28.46  
 307 F	 6.05  
 308 V	 4.41  
 309 K	 38.88  
 310 L	 2.93  
 311 I	 1.94  
 312 S	 29.98  
 313 W	 9.48  
 314 Y	 11.33  
 315 D	 41.76  
 316 N	 30.69  
 317 E	 37.24  
 318 F	 16.26  
 319 G	 20.84  
 320 Y	 14.21  
 321 S	 20.66  
 322 N	 32.08  
 323 R	 24.72  
 324 V	 4.61  
 325 V	 4.17  
 326 D	 28.06  
 327 L	 1.90  
 328 M	 1.76  
 329 A	 9.15  
 330 H	 9.81  
 331 M	 3.06  
 332 A	 13.95  
 333 S	 29.73  
 334 K	 58.88  
 335 E	 64.46  
