 1 M	 10.42  
 2 G	 37.10  
 3 D	 27.87  
 4 M	 4.49  
 5 R	 47.04  
 6 D	 47.08  
 7 H	 23.81  
 8 E	 54.83  
 9 E	 49.32  
 10 V	 5.46  
 11 L	 5.81  
 12 E	 58.62  
 13 I	 3.63  
 14 P	 22.62  
 15 D	 73.08  
 16 R	 43.96  
 17 D	 68.71  
 18 S	 48.04  
 19 E	 60.83  
 20 E	 72.36  
 21 E	 58.28  
 22 L	 7.45  
 23 E	 50.06  
 24 N	 43.75  
 25 I	 2.46  
 26 I	 5.11  
 27 G	 14.72  
 28 Q	 13.51  
 29 I	 2.83  
 30 A	 5.85  
 31 Y	 13.29  
 32 R	 24.36  
 33 D	 35.17  
 34 L	 3.28  
 35 T	 27.76  
 36 I	 3.16  
 37 P	 23.03  
 38 V	 6.64  
 39 T	 22.01  
 40 E	 34.77  
 41 M	 3.91  
 42 Q	 57.80  
 43 D	 41.52  
 44 P	 16.33  
 45 E	 71.74  
 46 A	 24.99  
 47 L	 5.27  
 48 P	 40.72  
 49 T	 41.39  
 50 E	 43.95  
 51 Q	 38.62  
 52 T	 25.87  
 53 A	 9.73  
 54 T	 31.11  
 55 D	 39.71  
 56 Y	 15.20  
 57 V	 4.05  
 58 P	 19.14  
 59 S	 35.88  
 60 S	 21.95  
 61 T	 40.74  
 62 S	 41.72  
 63 T	 26.21  
 64 P	 36.84  
 65 H	 34.66  
 66 P	 31.24  
 67 S	 44.03  
 68 S	 37.38  
 69 G	 25.88  
 70 Q	 25.89  
 71 V	 7.06  
 72 Y	 4.74  
 73 V	 6.59  
 74 E	 27.35  
 75 L	 3.23  
 76 Q	 28.42  
 77 E	 51.78  
 78 L	 1.91  
 79 M	 2.47  
 80 M	 6.58  
 81 D	 30.26  
 82 Q	 28.47  
 83 R	 42.40  
 84 N	 33.76  
 85 Q	 55.77  
 86 E	 46.61  
 87 L	 3.33  
 88 Q	 41.22  
 89 W	 11.53  
 90 V	 2.01  
 91 E	 36.86  
 92 A	 8.59  
 93 A	 5.76  
 94 H	 24.59  
 95 W	 5.00  
 96 I	 3.03  
 97 G	 23.11  
 98 L	 5.70  
 99 E	 39.36  
 100 E	 67.61  
 101 N	 34.71  
 102 L	 7.79  
 103 R	 52.09  
 104 E	 63.38  
 105 D	 50.98  
 106 G	 16.60  
 107 V	 8.29  
 108 W	 11.56  
 109 G	 30.73  
 110 R	 10.35  
 111 P	 28.91  
 112 H	 26.50  
 113 L	 3.89  
 114 S	 18.30  
 115 Y	 19.00  
 116 L	 2.60  
 117 T	 18.15  
 118 F	 3.73  
 119 W	 5.26  
 120 S	 20.91  
 121 L	 2.92  
 122 L	 5.28  
 123 E	 55.22  
 124 L	 6.35  
 125 Q	 30.41  
 126 K	 58.85  
 127 V	 4.17  
 128 F	 8.88  
 129 S	 32.91  
 130 K	 50.97  
 131 G	 22.09  
 132 T	 18.17  
 133 F	 7.85  
 134 L	 3.58  
 135 L	 4.64  
 136 G	 25.62  
 137 L	 3.82  
 138 A	 19.07  
 139 E	 43.93  
 140 T	 24.35  
 141 S	 14.02  
 142 L	 6.67  
 143 A	 15.35  
 144 G	 25.10  
 145 V	 3.92  
 146 A	 9.23  
 147 N	 24.75  
 148 H	 20.31  
 149 L	 4.29  
 150 L	 4.13  
 151 D	 31.47  
 152 C	 1.95  
 153 F	 7.13  
 154 I	 4.65  
 155 Y	 8.00  
 156 E	 38.33  
 157 D	 32.03  
 158 Q	 22.96  
 159 I	 12.26  
 160 R	 19.73  
 161 P	 41.89  
 162 Q	 53.17  
 163 D	 63.74  
 164 R	 33.76  
 165 E	 62.38  
 166 E	 54.74  
 167 L	 3.17  
 168 L	 3.22  
 169 R	 35.49  
 170 A	 11.52  
 171 L	 4.68  
 172 L	 5.31  
 173 L	 4.50  
 174 K	 52.39  
 175 R	 33.37  
 176 S	 26.01  
 177 H	 36.85  
 178 A	 17.16  
 179 E	 48.63  
 180 D	 61.74  
 181 L	 3.54  
 182 G	 49.34  
 183 N	 42.06  
 184 L	 6.02  
 185 E	 66.97  
 186 G	 35.60  
 187 V	 4.98  
 188 K	 37.81  
 189 P	 25.79  
 190 A	 11.84  
 191 V	 8.33  
 192 L	 3.41  
 193 T	 19.05  
 194 R	 29.19  
 195 S	 36.02  
 196 G	 32.18  
 197 G	 27.46  
 198 A	 17.78  
 199 S	 42.92  
 200 E	 39.16  
 201 P	 36.38  
 202 L	 11.59  
 203 L	 5.35  
 204 P	 31.58  
 205 H	 52.75  
 206 Q	 27.60  
 207 P	 37.54  
 208 S	 32.06  
 209 L	 11.98  
 210 E	 38.55  
 211 T	 29.21  
 212 Q	 22.51  
 213 L	 5.08  
 214 Y	 5.68  
 215 C	 4.41  
 216 G	 19.04  
 217 Q	 32.45  
 218 A	 11.59  
 219 E	 57.08  
 220 G	 48.20  
 221 G	 17.65  
 222 S	 50.68  
 223 E	 77.67  
 224 G	 24.13  
 225 P	 30.31  
 226 S	 46.17  
 227 T	 34.02  
 228 S	 33.83  
 229 G	 34.84  
 230 T	 25.33  
 231 L	 5.59  
 232 K	 53.67  
 233 I	 7.23  
 234 P	 25.67  
 235 P	 62.32  
 236 D	 54.47  
 237 S	 42.49  
 238 E	 53.87  
 239 T	 29.40  
 240 T	 15.71  
 241 L	 3.51  
 242 V	 3.70  
 243 L	 3.67  
 244 V	 3.67  
 245 G	 20.87  
 246 R	 20.91  
 247 A	 12.75  
 248 N	 40.45  
 249 F	 10.21  
 250 L	 9.20  
 251 E	 51.69  
 252 K	 42.44  
 253 P	 19.72  
 254 V	 13.96  
 255 L	 6.30  
 256 G	 21.16  
 257 F	 2.24  
 258 V	 7.13  
 259 R	 37.47  
 260 L	 5.03  
 261 K	 32.82  
 262 E	 60.53  
 263 A	 13.46  
 264 V	 6.11  
 265 P	 36.76  
 266 L	 6.85  
 267 E	 43.14  
 268 D	 50.16  
 269 L	 2.88  
 270 V	 15.04  
 271 L	 5.30  
 272 P	 36.04  
 273 E	 48.75  
 274 P	 29.59  
 275 V	 8.91  
 276 G	 20.42  
 277 F	 4.92  
 278 L	 2.38  
 279 L	 2.08  
 280 V	 4.51  
 281 L	 4.64  
 282 L	 9.31  
 283 G	 17.53  
 284 P	 34.25  
 285 E	 73.38  
 286 A	 11.57  
 287 P	 26.77  
 288 H	 31.93  
 289 V	 6.15  
 290 D	 37.41  
 291 Y	 8.69  
 292 T	 16.92  
 293 Q	 35.37  
 294 L	 3.75  
 295 G	 13.83  
 296 R	 29.64  
 297 A	 10.31  
 298 A	 10.30  
 299 A	 10.57  
 300 T	 16.61  
 301 L	 3.24  
 302 M	 2.96  
 303 T	 24.61  
 304 E	 32.64  
 305 R	 24.57  
 306 V	 2.84  
 307 F	 6.15  
 308 R	 23.61  
 309 I	 2.28  
 310 T	 14.39  
 311 A	 8.57  
 312 S	 14.09  
 313 M	 4.00  
 314 A	 8.36  
 315 H	 25.82  
 316 N	 43.45  
 317 R	 28.97  
 318 E	 59.31  
 319 E	 50.28  
 320 L	 4.05  
 321 L	 3.85  
 322 R	 52.39  
 323 S	 36.14  
 324 L	 5.30  
 325 E	 40.46  
 326 S	 36.08  
 327 F	 4.94  
 328 L	 10.13  
 329 D	 20.25  
 330 C	 3.54  
 331 S	 22.60  
 332 L	 6.04  
 333 V	 4.30  
 334 L	 5.22  
 335 P	 23.43  
 336 P	 38.46  
 337 T	 42.74  
 338 D	 63.36  
 339 A	 16.40  
 340 P	 45.92  
 341 S	 54.15  
 342 E	 41.09  
 343 K	 48.98  
 344 A	 17.15  
 345 L	 4.89  
 346 L	 5.79  
 347 N	 39.58  
 348 L	 4.67  
 349 V	 4.20  
 350 P	 26.45  
 351 V	 11.21  
 352 Q	 27.69  
 353 K	 51.03  
 354 E	 35.63  
 355 L	 6.09  
 356 L	 4.14  
 357 R	 33.38  
 358 R	 31.40  
 359 R	 30.79  
 360 Y	 22.58  
 361 L	 3.00  
 362 P	 29.36  
 363 S	 34.59  
 364 P	 42.22  
 365 A	 40.11  
 366 K	 54.03  
 367 P	 65.48  
 368 D	 43.97  
 369 P	 41.05  
 370 N	 63.64  
 371 L	 4.19  
 372 Y	 16.85  
 373 N	 37.01  
 374 T	 14.21  
 375 L	 6.67  
 376 D	 35.73  
 377 L	 7.84  
 378 N	 57.76  
 379 G	 46.62  
 380 G	 25.10  
 381 K	 63.19  
 382 G	 51.29  
 383 G	 26.88  
 384 P	 56.59  
 385 G	 54.97  
 386 D	 60.32  
 387 E	 70.94  
 388 D	 68.51  
 389 D	 41.93  
 390 P	 39.84  
 391 L	 8.13  
 392 R	 39.23  
 393 R	 49.57  
 394 T	 25.12  
 395 G	 20.90  
 396 R	 22.05  
 397 I	 3.88  
 398 F	 6.47  
 399 G	 27.85  
 400 G	 13.74  
 401 L	 2.72  
 402 I	 4.15  
 403 R	 38.04  
 404 D	 31.58  
 405 I	 2.37  
 406 R	 22.70  
 407 R	 42.70  
 408 R	 27.25  
 409 Y	 8.18  
 410 P	 14.96  
 411 Y	 14.22  
 412 Y	 8.67  
 413 L	 2.82  
 414 S	 15.73  
 415 D	 45.25  
 416 I	 3.18  
 417 T	 21.88  
 418 D	 45.93  
 419 A	 10.99  
 420 L	 9.50  
 421 S	 18.27  
 422 P	 29.20  
 423 Q	 39.21  
 424 V	 4.45  
 425 L	 1.82  
 426 A	 10.79  
 427 A	 7.26  
 428 V	 2.82  
 429 I	 1.17  
 430 F	 2.73  
 431 I	 1.58  
 432 Y	 4.03  
 433 F	 2.47  
 434 A	 7.19  
 435 A	 9.93  
 436 L	 5.90  
 437 S	 13.19  
 438 P	 31.44  
 439 A	 15.03  
 440 V	 5.31  
 441 T	 20.76  
 442 F	 6.17  
 443 G	 19.24  
 444 G	 17.34  
 445 L	 5.93  
 446 L	 10.61  
 447 G	 39.12  
 448 E	 51.75  
 449 K	 51.49  
 450 T	 22.08  
 451 R	 45.40  
 452 N	 39.34  
 453 L	 2.59  
 454 M	 5.94  
 455 G	 23.98  
 456 V	 2.21  
 457 S	 19.46  
 458 E	 45.23  
 459 L	 3.92  
 460 L	 2.26  
 461 I	 5.56  
 462 S	 15.41  
 463 T	 24.69  
 464 A	 5.71  
 465 V	 5.62  
 466 Q	 30.64  
 467 G	 16.39  
 468 I	 1.27  
 469 L	 2.35  
 470 F	 4.21  
 471 A	 9.83  
 472 L	 3.38  
 473 L	 4.85  
 474 G	 24.02  
 475 A	 14.05  
 476 Q	 27.63  
 477 P	 27.42  
 478 L	 3.25  
 479 L	 3.68  
 480 V	 6.91  
 481 L	 6.06  
 482 G	 13.75  
 483 F	 7.16  
 484 S	 37.39  
 485 G	 18.02  
 486 P	 22.71  
 487 L	 7.90  
 488 L	 4.70  
 489 V	 8.16  
 490 F	 7.67  
 491 E	 40.72  
 492 E	 39.03  
 493 A	 12.00  
 494 F	 6.28  
 495 F	 7.63  
 496 S	 23.64  
 497 F	 4.53  
 498 C	 5.62  
 499 E	 55.26  
 500 S	 32.00  
 501 N	 34.51  
 502 N	 43.45  
 503 L	 6.55  
 504 E	 35.02  
 505 Y	 12.22  
 506 I	 1.61  
 507 V	 4.09  
 508 G	 12.20  
 509 R	 18.82  
 510 A	 9.05  
 511 W	 7.00  
 512 I	 2.96  
 513 G	 9.29  
 514 F	 3.36  
 515 W	 4.18  
 516 L	 1.52  
 517 I	 1.72  
 518 L	 2.49  
 519 L	 1.36  
 520 V	 2.21  
 521 M	 2.07  
 522 L	 1.87  
 523 V	 1.25  
 524 V	 4.43  
 525 A	 6.84  
 526 F	 8.05  
 527 E	 44.16  
 528 G	 19.76  
 529 S	 14.28  
 530 F	 13.09  
 531 L	 2.22  
 532 V	 3.70  
 533 Q	 31.80  
 534 Y	 8.06  
 535 I	 0.76  
 536 S	 17.82  
 537 R	 29.03  
 538 Y	 13.14  
 539 T	 20.72  
 540 Q	 32.62  
 541 E	 37.90  
 542 I	 2.23  
 543 F	 4.09  
 544 S	 25.46  
 545 F	 4.97  
 546 L	 2.23  
 547 I	 2.72  
 548 S	 19.98  
 549 L	 2.69  
 550 I	 1.25  
 551 F	 6.20  
 552 I	 2.11  
 553 Y	 9.73  
 554 E	 38.26  
 555 T	 19.08  
 556 F	 3.97  
 557 S	 33.69  
 558 K	 50.47  
 559 L	 4.70  
 560 I	 3.55  
 561 K	 48.15  
 562 I	 2.73  
 563 F	 3.72  
 564 Q	 53.45  
 565 D	 35.95  
 566 Y	 8.61  
 567 P	 31.79  
 568 L	 4.86  
 569 Q	 29.12  
 570 Q	 44.13  
 571 T	 14.53  
 572 Y	 12.45  
 573 A	 8.19  
 574 P	 14.60  
 575 V	 5.10  
 576 V	 3.88  
 577 M	 6.65  
 578 K	 37.98  
 579 P	 35.15  
 580 K	 44.44  
 581 P	 53.54  
 582 Q	 74.97  
 583 G	 33.43  
 584 P	 32.90  
 585 V	 7.94  
 586 P	 35.27  
 587 N	 37.91  
 588 T	 20.76  
 589 A	 17.16  
 590 L	 2.56  
 591 F	 5.00  
 592 S	 20.58  
 593 L	 2.41  
 594 V	 3.13  
 595 L	 2.06  
 596 M	 2.23  
 597 A	 15.09  
 598 G	 11.75  
 599 T	 11.11  
 600 F	 5.28  
 601 L	 2.75  
 602 L	 2.40  
 603 A	 7.34  
 604 M	 3.51  
 605 T	 20.15  
 606 L	 3.44  
 607 R	 32.95  
 608 K	 64.90  
 609 F	 7.97  
 610 K	 53.69  
 611 N	 42.59  
 612 S	 25.69  
 613 T	 38.28  
 614 Y	 13.95  
 615 F	 6.96  
 616 P	 28.70  
 617 G	 31.56  
 618 K	 38.77  
 619 L	 5.39  
 620 R	 34.01  
 621 R	 34.54  
 622 V	 4.66  
 623 I	 4.09  
 624 G	 22.72  
 625 D	 26.46  
 626 F	 10.03  
 627 G	 29.09  
 628 V	 3.72  
 629 P	 18.26  
 630 I	 3.58  
 631 S	 12.79  
 632 I	 2.90  
 633 L	 1.32  
 634 I	 1.38  
 635 M	 1.38  
 636 V	 3.60  
 637 L	 1.64  
 638 V	 3.84  
 639 D	 33.40  
 640 S	 22.76  
 641 F	 6.06  
 642 I	 4.69  
 643 K	 43.09  
 644 G	 21.09  
 645 T	 20.56  
 646 Y	 18.82  
 647 T	 21.04  
 648 Q	 33.99  
 649 K	 34.62  
 650 L	 4.48  
 651 S	 38.34  
 652 V	 7.89  
 653 P	 26.95  
 654 D	 73.27  
 655 G	 22.71  
 656 L	 6.89  
 657 K	 49.50  
 658 V	 8.66  
 659 S	 29.43  
 660 N	 42.86  
 661 S	 20.19  
 662 S	 26.66  
 663 A	 17.52  
 664 R	 41.26  
 665 G	 23.79  
 666 W	 4.75  
 667 V	 2.99  
 668 I	 1.92  
 669 H	 11.25  
 670 P	 19.59  
 671 L	 4.58  
 672 G	 25.72  
 673 L	 2.72  
 674 Y	 11.94  
 675 R	 34.59  
 676 L	 3.68  
 677 F	 3.61  
 678 P	 29.73  
 679 T	 20.75  
 680 W	 4.05  
 681 M	 1.42  
 682 M	 1.59  
 683 F	 2.37  
 684 A	 4.84  
 685 S	 16.96  
 686 V	 7.14  
 687 L	 1.58  
 688 P	 20.78  
 689 A	 14.90  
 690 L	 3.86  
 691 L	 3.00  
 692 V	 2.66  
 693 F	 3.67  
 694 I	 1.94  
 695 L	 1.21  
 696 I	 2.94  
 697 F	 5.77  
 698 L	 4.99  
 699 E	 29.83  
 700 S	 29.09  
 701 Q	 27.89  
 702 I	 4.41  
 703 T	 14.12  
 704 T	 19.00  
 705 L	 2.45  
 706 I	 2.86  
 707 V	 7.28  
 708 S	 35.18  
 709 K	 39.75  
 710 P	 38.83  
 711 E	 69.53  
 712 R	 42.23  
 713 K	 43.23  
 714 M	 4.85  
 715 I	 5.25  
 716 K	 43.45  
 717 G	 23.29  
 718 S	 33.03  
 719 G	 23.74  
 720 F	 5.76  
 721 H	 23.20  
 722 L	 4.66  
 723 D	 27.05  
 724 L	 5.12  
 725 L	 3.22  
 726 L	 3.69  
 727 V	 3.36  
 728 V	 4.39  
 729 G	 11.09  
 730 M	 2.59  
 731 G	 22.84  
 732 G	 9.30  
 733 V	 2.03  
 734 A	 11.17  
 735 A	 10.87  
 736 L	 2.48  
 737 F	 7.26  
 738 G	 23.30  
 739 M	 1.36  
 740 P	 29.27  
 741 W	 8.28  
 742 L	 1.74  
 743 S	 21.50  
 744 A	 12.72  
 745 T	 23.58  
 746 T	 17.40  
 747 V	 3.59  
 748 R	 24.26  
 749 S	 27.34  
 750 V	 2.97  
 751 T	 19.27  
 752 H	 18.16  
 753 A	 8.14  
 754 N	 28.07  
 755 A	 12.85  
 756 L	 3.58  
 757 T	 13.16  
 758 V	 5.04  
 759 M	 3.72  
 760 G	 20.31  
 761 K	 22.68  
 762 A	 17.62  
 763 S	 49.35  
 764 G	 29.53  
 765 P	 27.10  
 766 G	 31.22  
 767 A	 11.62  
 768 A	 13.05  
 769 A	 13.38  
 770 Q	 32.92  
 771 I	 3.02  
 772 Q	 37.03  
 773 E	 58.13  
 774 V	 4.78  
 775 K	 47.58  
 776 E	 50.71  
 777 Q	 42.14  
 778 R	 26.57  
 779 I	 3.70  
 780 S	 26.10  
 781 G	 22.21  
 782 L	 3.22  
 783 L	 2.85  
 784 V	 4.46  
 785 S	 15.09  
 786 V	 3.81  
 787 L	 1.65  
 788 V	 7.31  
 789 G	 15.00  
 790 L	 1.93  
 791 S	 14.03  
 792 I	 5.23  
 793 L	 2.60  
 794 M	 5.69  
 795 E	 26.24  
 796 P	 20.89  
 797 I	 3.30  
 798 L	 4.05  
 799 S	 28.96  
 800 R	 30.97  
 801 I	 2.70  
 802 P	 17.10  
 803 L	 4.85  
 804 A	 7.21  
 805 V	 6.32  
 806 L	 2.43  
 807 F	 5.92  
 808 G	 12.94  
 809 I	 1.36  
 810 F	 4.01  
 811 L	 2.45  
 812 Y	 4.89  
 813 M	 3.66  
 814 G	 13.14  
 815 V	 1.55  
 816 T	 20.44  
 817 S	 20.38  
 818 L	 3.87  
 819 S	 33.35  
 820 G	 19.56  
 821 I	 2.64  
 822 Q	 39.33  
 823 L	 4.56  
 824 F	 3.21  
 825 D	 45.35  
 826 R	 17.70  
 827 I	 3.24  
 828 L	 3.37  
 829 L	 5.00  
 830 L	 4.68  
 831 F	 12.92  
 832 K	 61.45  
 833 P	 24.23  
 834 P	 50.88  
 835 K	 65.79  
 836 Y	 25.10  
 837 H	 20.43  
 838 P	 41.00  
 839 D	 47.62  
 840 V	 4.70  
 841 P	 35.38  
 842 F	 11.55  
 843 V	 2.95  
 844 K	 52.43  
 845 R	 29.84  
 846 V	 5.55  
 847 K	 46.53  
 848 T	 18.55  
 849 W	 7.00  
 850 R	 14.10  
 851 M	 2.13  
 852 H	 14.82  
 853 L	 2.76  
 854 F	 3.41  
 855 T	 39.47  
 856 G	 11.50  
 857 I	 2.12  
 858 Q	 21.97  
 859 I	 1.96  
 860 I	 0.63  
 861 C	 1.82  
 862 L	 2.32  
 863 A	 7.02  
 864 V	 2.53  
 865 L	 2.09  
 866 W	 6.05  
 867 V	 3.21  
 868 V	 2.47  
 869 K	 38.71  
 870 S	 28.19  
 871 T	 19.70  
 872 P	 27.26  
 873 A	 19.77  
 874 S	 18.51  
 875 L	 6.53  
 876 A	 15.64  
 877 L	 4.03  
 878 P	 16.22  
 879 F	 7.90  
 880 V	 2.83  
 881 L	 2.44  
 882 I	 2.26  
 883 L	 3.27  
 884 T	 17.06  
 885 V	 3.63  
 886 P	 18.21  
 887 L	 4.29  
 888 R	 25.86  
 889 R	 33.49  
 890 L	 3.69  
 891 I	 3.36  
 892 L	 3.14  
 893 P	 19.20  
 894 L	 5.32  
 895 I	 2.63  
 896 F	 7.00  
 897 R	 40.37  
 898 E	 35.53  
 899 L	 7.49  
 900 E	 31.85  
 901 L	 7.33  
 902 Q	 19.15  
 903 C	 6.14  
 904 L	 5.49  
 905 D	 67.13  
 906 G	 23.04  
 907 D	 52.97  
 908 D	 54.54  
 909 A	 16.98  
 910 K	 49.13  
 911 V	 7.46  
 912 T	 25.35  
 913 F	 14.42  
 914 D	 53.59  
 915 E	 49.52  
 916 E	 59.45  
 917 N	 55.04  
 918 G	 37.47  
 919 L	 7.34  
 920 D	 54.53  
 921 E	 60.98  
 922 Y	 19.64  
 923 D	 48.66  
 924 E	 47.85  
 925 V	 4.49  
 926 P	 21.22  
 927 M	 6.65  
 928 P	 23.69  
 929 V	 11.30  
