 1 M	 9.23  
 2 A	 25.69  
 3 D	 50.93  
 4 D	 35.71  
 5 F	 10.66  
 6 G	 29.68  
 7 F	 5.61  
 8 F	 7.67  
 9 S	 30.60  
 10 S	 32.73  
 11 S	 34.28  
 12 E	 55.96  
 13 S	 42.05  
 14 G	 40.89  
 15 A	 14.19  
 16 P	 34.97  
 17 E	 61.04  
 18 A	 21.08  
 19 A	 21.03  
 20 E	 70.72  
 21 E	 65.65  
 22 D	 29.64  
 23 P	 27.38  
 24 A	 24.60  
 25 A	 12.25  
 26 A	 11.33  
 27 F	 5.08  
 28 L	 3.45  
 29 A	 11.53  
 30 Q	 50.12  
 31 Q	 51.04  
 32 E	 37.95  
 33 S	 29.93  
 34 E	 35.78  
 35 I	 6.23  
 36 A	 14.62  
 37 G	 33.14  
 38 I	 3.10  
 39 E	 58.68  
 40 N	 51.19  
 41 D	 44.60  
 42 E	 68.92  
 43 G	 29.20  
 44 F	 7.69  
 45 G	 41.32  
 46 A	 6.63  
 47 P	 37.22  
 48 A	 29.72  
 49 G	 21.31  
 50 S	 27.97  
 51 Q	 49.40  
 52 G	 34.48  
 53 G	 15.37  
 54 L	 5.24  
 55 A	 19.45  
 56 Q	 48.83  
 57 P	 45.16  
 58 G	 20.51  
 59 P	 29.90  
 60 A	 26.89  
 61 S	 37.72  
 62 G	 34.92  
 63 A	 13.78  
 64 S	 37.34  
 65 E	 52.03  
 66 D	 38.02  
 67 M	 3.27  
 68 G	 30.34  
 69 A	 11.18  
 70 T	 14.58  
 71 V	 8.16  
 72 N	 36.27  
 73 G	 28.29  
 74 D	 32.62  
 75 V	 5.90  
 76 F	 6.90  
 77 Q	 49.06  
 78 E	 32.41  
 79 A	 18.59  
 80 N	 57.11  
 81 G	 26.31  
 82 P	 27.30  
 83 A	 25.02  
 84 D	 54.49  
 85 G	 18.98  
 86 Y	 8.07  
 87 A	 9.64  
 88 A	 6.80  
 89 I	 1.91  
 90 A	 8.19  
 91 Q	 37.37  
 92 A	 8.55  
 93 D	 33.76  
 94 R	 42.52  
 95 L	 6.28  
 96 T	 31.60  
 97 Q	 69.69  
 98 E	 45.88  
 99 P	 30.71  
 100 E	 59.03  
 101 S	 38.11  
 102 I	 5.11  
 103 R	 41.59  
 104 K	 49.27  
 105 W	 11.76  
 106 R	 40.38  
 107 E	 58.32  
 108 E	 47.30  
 109 Q	 51.98  
 110 R	 29.37  
 111 K	 58.09  
 112 R	 43.74  
 113 L	 5.35  
 114 Q	 53.92  
 115 E	 53.89  
 116 L	 3.33  
 117 D	 39.06  
 118 A	 26.68  
 119 A	 15.00  
 120 S	 27.74  
 121 K	 40.65  
 122 V	 4.77  
 123 M	 5.17  
 124 E	 48.62  
 125 Q	 37.14  
 126 E	 34.88  
 127 W	 17.27  
 128 R	 34.48  
 129 E	 59.44  
 130 K	 57.86  
 131 A	 21.27  
 132 K	 58.87  
 133 K	 72.85  
 134 D	 59.62  
 135 L	 9.86  
 136 E	 71.72  
 137 E	 60.05  
 138 W	 9.25  
 139 N	 30.36  
 140 Q	 45.95  
 141 R	 38.49  
 142 Q	 41.37  
 143 S	 31.99  
 144 E	 50.75  
 145 Q	 54.65  
 146 V	 11.25  
 147 E	 51.08  
 148 K	 65.76  
 149 N	 36.61  
 150 K	 58.86  
 151 I	 8.47  
 152 N	 33.08  
 153 N	 39.96  
 154 R	 22.45  
 155 I	 6.72  
 156 A	 14.71  
 157 D	 40.21  
 158 K	 31.23  
 159 A	 14.66  
 160 F	 7.53  
 161 Y	 15.88  
 162 Q	 41.71  
 163 Q	 26.85  
 164 P	 24.19  
 165 D	 53.16  
 166 A	 19.31  
 167 D	 40.18  
 168 I	 2.56  
 169 I	 3.16  
 170 G	 15.93  
 171 Y	 5.17  
 172 V	 3.89  
 173 A	 11.62  
 174 S	 26.40  
 175 E	 43.54  
 176 E	 44.93  
 177 A	 15.52  
 178 F	 10.24  
 179 V	 9.66  
 180 K	 50.22  
 181 E	 62.84  
 182 S	 39.38  
 183 K	 61.74  
 184 E	 76.12  
 185 E	 65.13  
 186 T	 28.27  
 187 P	 51.49  
 188 G	 43.62  
 189 T	 38.84  
 190 E	 60.60  
 191 W	 15.56  
 192 E	 31.27  
 193 K	 43.90  
 194 V	 2.52  
 195 A	 14.01  
 196 Q	 45.68  
 197 L	 1.87  
 198 C	 3.59  
 199 D	 55.75  
 200 F	 19.25  
 201 N	 29.82  
 202 P	 37.59  
 203 K	 69.35  
 204 S	 43.98  
 205 S	 32.64  
 206 K	 67.80  
 207 Q	 41.25  
 208 C	 4.70  
 209 K	 59.68  
 210 D	 51.77  
 211 V	 1.88  
 212 S	 35.41  
 213 R	 33.69  
 214 L	 3.59  
 215 R	 24.49  
 216 S	 24.97  
 217 V	 4.15  
 218 L	 1.71  
 219 M	 4.06  
 220 S	 28.40  
 221 L	 2.72  
 222 K	 44.83  
 223 Q	 54.35  
 224 T	 25.30  
 225 P	 26.33  
 226 L	 8.37  
 227 S	 36.83  
 228 R	 59.24  
