 1 M	 6.66  
 2 Q	 64.84  
 3 N	 36.93  
 4 W	 6.34  
 5 E	 43.78  
 6 T	 17.22  
 7 T	 15.53  
 8 A	 21.61  
 9 T	 17.30  
 10 T	 33.08  
 11 N	 33.71  
 12 Y	 18.18  
 13 E	 47.65  
 14 Q	 25.44  
 15 H	 17.65  
 16 N	 31.68  
 17 A	 14.17  
 18 W	 9.73  
 19 Y	 8.58  
 20 N	 19.12  
 21 S	 10.28  
 22 M	 2.06  
 23 F	 6.11  
 24 A	 7.31  
 25 A	 13.66  
 26 N	 38.26  
 27 I	 4.12  
 28 K	 48.71  
 29 Q	 59.32  
 30 E	 48.53  
 31 P	 44.94  
 32 G	 21.79  
 33 H	 29.11  
 34 H	 31.37  
 35 L	 8.17  
 36 D	 50.28  
 37 G	 34.37  
 38 N	 32.74  
 39 S	 25.29  
 40 V	 7.50  
 41 A	 12.24  
 42 S	 38.43  
 43 S	 17.86  
 44 P	 35.52  
 45 R	 52.11  
 46 Q	 57.87  
 47 S	 26.52  
 48 P	 33.88  
 49 I	 5.22  
 50 P	 38.19  
 51 S	 42.43  
 52 T	 22.69  
 53 N	 41.92  
 54 H	 30.72  
 55 L	 6.33  
 56 E	 31.56  
 57 Q	 56.16  
 58 F	 7.22  
 59 L	 4.97  
 60 K	 47.55  
 61 Q	 48.76  
 62 Q	 41.27  
 63 Q	 30.41  
 64 Q	 41.43  
 65 Q	 36.58  
 66 L	 4.28  
 67 Q	 35.21  
 68 Q	 58.92  
 69 Q	 23.48  
 70 P	 20.48  
 71 M	 5.52  
 72 D	 43.12  
 73 T	 19.93  
 74 L	 1.20  
 75 C	 2.36  
 76 A	 14.16  
 77 M	 5.74  
 78 T	 11.33  
 79 P	 31.03  
 80 S	 28.19  
 81 P	 40.93  
 82 S	 46.05  
 83 Q	 61.99  
 84 N	 58.11  
 85 D	 41.21  
 86 Q	 49.30  
 87 N	 47.77  
 88 S	 24.63  
 89 L	 4.82  
 90 Q	 32.68  
 91 H	 27.94  
 92 Y	 12.09  
 93 D	 27.19  
 94 A	 16.09  
 95 N	 35.17  
 96 L	 5.36  
 97 Q	 28.87  
 98 Q	 38.77  
 99 Q	 31.05  
 100 L	 3.97  
 101 L	 3.62  
 102 Q	 47.86  
 103 Q	 32.11  
 104 Q	 30.87  
 105 Q	 33.39  
 106 Y	 13.05  
 107 Q	 26.40  
 108 Q	 34.13  
 109 H	 10.97  
 110 F	 4.61  
 111 Q	 33.39  
 112 A	 13.29  
 113 A	 9.27  
 114 Q	 46.62  
 115 Q	 39.59  
 116 Q	 26.29  
 117 H	 20.22  
 118 H	 20.03  
 119 H	 21.61  
 120 H	 13.00  
 121 H	 16.06  
 122 H	 17.10  
 123 L	 2.72  
 124 M	 4.24  
 125 G	 43.85  
 126 G	 12.75  
 127 F	 7.63  
 128 N	 33.67  
 129 P	 35.04  
 130 L	 13.57  
 131 T	 28.79  
 132 P	 28.75  
 133 P	 52.28  
 134 G	 55.78  
 135 L	 4.58  
 136 P	 49.12  
 137 N	 50.12  
 138 P	 23.13  
 139 M	 6.50  
 140 Q	 25.46  
 141 H	 16.19  
 142 F	 3.22  
 143 Y	 23.23  
 144 G	 19.98  
 145 G	 20.72  
 146 N	 28.63  
 147 L	 10.88  
 148 R	 33.38  
 149 P	 54.23  
 150 S	 29.72  
 151 P	 47.02  
 152 Q	 59.86  
 153 P	 43.67  
 154 T	 33.67  
 155 P	 30.92  
 156 T	 39.13  
 157 S	 22.79  
 158 A	 17.11  
 159 S	 21.80  
 160 T	 22.37  
 161 I	 3.65  
 162 A	 7.81  
 163 P	 15.68  
 164 V	 5.03  
 165 A	 5.55  
 166 V	 5.08  
 167 A	 9.12  
 168 T	 30.88  
 169 G	 21.31  
 170 S	 30.85  
 171 S	 39.84  
 172 E	 60.53  
 173 K	 48.09  
 174 L	 2.94  
 175 Q	 45.45  
 176 A	 24.68  
 177 L	 4.81  
 178 T	 28.50  
 179 P	 24.06  
 180 P	 26.77  
 181 M	 7.34  
 182 D	 47.08  
 183 V	 7.62  
 184 T	 29.61  
 185 P	 33.88  
 186 P	 40.15  
 187 K	 70.99  
 188 S	 35.54  
 189 P	 50.24  
 190 A	 31.30  
 191 K	 54.76  
 192 S	 35.40  
 193 S	 36.60  
 194 Q	 47.81  
 195 S	 41.54  
 196 N	 34.70  
 197 I	 12.99  
 198 E	 52.21  
 199 P	 54.91  
 200 E	 59.28  
 201 K	 71.68  
 202 E	 51.54  
 203 H	 41.49  
 204 D	 47.14  
 205 Q	 38.83  
 206 M	 5.22  
 207 S	 28.11  
 208 N	 44.18  
 209 S	 28.00  
 210 S	 41.70  
 211 E	 63.04  
 212 D	 40.60  
 213 M	 2.69  
 214 K	 44.17  
 215 Y	 8.57  
 216 M	 2.52  
 217 A	 17.67  
 218 E	 37.82  
 219 S	 36.47  
 220 E	 57.89  
 221 D	 69.25  
 222 D	 61.66  
 223 D	 54.71  
 224 T	 39.27  
 225 N	 27.19  
 226 I	 4.30  
 227 R	 27.22  
 228 M	 1.78  
 229 P	 18.96  
 230 I	 3.58  
 231 Y	 12.54  
 232 N	 28.40  
 233 S	 19.35  
 234 H	 35.93  
 235 G	 31.41  
 236 K	 41.08  
 237 M	 3.94  
 238 K	 61.69  
 239 N	 37.69  
 240 Y	 16.55  
 241 K	 38.35  
 242 C	 2.88  
 243 K	 42.57  
 244 T	 24.78  
 245 C	 2.08  
 246 G	 23.36  
 247 V	 2.60  
 248 V	 1.61  
 249 A	 11.00  
 250 I	 2.30  
 251 T	 18.44  
 252 K	 33.42  
 253 V	 5.70  
 254 D	 34.62  
 255 F	 7.51  
 256 W	 5.22  
 257 A	 8.31  
 258 H	 13.38  
 259 T	 29.52  
 260 R	 16.87  
 261 T	 27.72  
 262 H	 20.98  
 263 M	 7.15  
 264 K	 42.32  
 265 P	 40.32  
 266 D	 45.14  
 267 K	 54.57  
 268 I	 4.13  
 269 L	 5.44  
 270 Q	 44.96  
 271 C	 2.89  
 272 P	 28.46  
 273 K	 63.27  
 274 C	 1.59  
 275 P	 32.63  
 276 F	 17.38  
 277 V	 2.79  
 278 T	 35.76  
 279 E	 47.61  
 280 F	 7.15  
 281 K	 24.71  
 282 H	 35.76  
 283 H	 22.43  
 284 L	 7.56  
 285 E	 30.61  
 286 Y	 14.65  
 287 H	 12.19  
 288 I	 6.50  
 289 R	 23.01  
 290 K	 59.33  
 291 H	 25.17  
 292 K	 65.20  
 293 N	 55.62  
 294 Q	 60.65  
 295 K	 58.13  
 296 P	 18.12  
 297 F	 16.97  
 298 Q	 42.92  
 299 C	 5.74  
 300 D	 44.18  
 301 K	 32.48  
 302 C	 2.10  
 303 S	 29.26  
 304 Y	 17.40  
 305 T	 8.16  
 306 C	 2.11  
 307 V	 8.56  
 308 N	 32.60  
 309 K	 19.49  
 310 S	 24.25  
 311 M	 4.36  
 312 L	 8.42  
 313 N	 27.42  
 314 S	 22.25  
 315 H	 39.86  
 316 R	 41.83  
 317 K	 47.28  
 318 S	 28.67  
 319 H	 27.42  
 320 S	 28.70  
 321 S	 21.30  
 322 V	 3.75  
 323 Y	 11.19  
 324 Q	 19.62  
 325 Y	 7.03  
 326 R	 8.14  
 327 C	 2.97  
 328 A	 16.09  
 329 D	 29.46  
 330 C	 1.99  
 331 D	 36.33  
 332 Y	 23.62  
 333 A	 5.60  
 334 T	 19.13  
 335 K	 37.39  
 336 Y	 7.34  
 337 C	 2.00  
 338 H	 32.93  
 339 S	 22.10  
 340 F	 4.32  
 341 K	 37.70  
 342 L	 4.30  
 343 H	 24.95  
 344 L	 7.97  
 345 R	 21.28  
 346 K	 63.04  
 347 Y	 20.30  
 348 G	 25.94  
 349 H	 30.01  
 350 K	 38.61  
 351 P	 30.36  
 352 G	 24.51  
 353 M	 3.52  
 354 V	 8.26  
 355 L	 4.42  
 356 D	 40.30  
 357 E	 54.93  
 358 D	 66.97  
 359 G	 40.81  
 360 T	 32.01  
 361 P	 57.15  
 362 N	 38.33  
 363 P	 30.18  
 364 S	 41.74  
 365 L	 4.06  
 366 V	 4.05  
 367 I	 3.44  
 368 D	 21.80  
 369 V	 3.05  
 370 Y	 14.72  
 371 G	 16.76  
 372 T	 10.25  
 373 R	 36.88  
 374 R	 66.65  
 375 G	 30.60  
 376 P	 35.62  
 377 K	 76.51  
 378 S	 34.19  
 379 K	 66.78  
 380 N	 68.68  
 381 G	 47.17  
 382 G	 21.60  
 383 P	 21.99  
 384 I	 5.57  
 385 A	 12.78  
 386 S	 44.39  
 387 G	 25.84  
 388 G	 26.74  
 389 S	 33.05  
 390 G	 39.02  
 391 S	 34.98  
 392 G	 34.69  
 393 S	 37.93  
 394 R	 50.36  
 395 K	 48.34  
 396 S	 35.11  
 397 N	 30.40  
 398 V	 4.70  
 399 A	 10.64  
 400 A	 8.17  
 401 V	 6.02  
 402 A	 7.46  
 403 P	 26.39  
 404 Q	 43.93  
 405 Q	 42.07  
 406 Q	 39.38  
 407 Q	 39.43  
 408 S	 33.52  
 409 Q	 32.77  
 410 P	 37.80  
 411 A	 20.76  
 412 Q	 39.42  
 413 P	 21.59  
 414 V	 6.37  
 415 A	 14.28  
 416 T	 19.76  
 417 S	 21.27  
 418 Q	 34.77  
 419 L	 3.64  
 420 S	 12.12  
 421 A	 22.30  
 422 A	 9.31  
 423 L	 5.24  
 424 Q	 46.91  
 425 G	 27.30  
 426 F	 2.46  
 427 P	 38.15  
 428 L	 4.14  
 429 V	 7.53  
 430 Q	 53.70  
 431 G	 23.68  
 432 N	 20.22  
 433 S	 49.31  
 434 A	 20.35  
 435 P	 20.91  
 436 P	 39.93  
 437 A	 21.36  
 438 A	 21.82  
 439 S	 20.04  
 440 P	 27.26  
 441 V	 8.78  
 442 L	 4.02  
 443 P	 36.21  
 444 L	 4.91  
 445 P	 28.84  
 446 A	 35.51  
 447 S	 24.37  
 448 P	 45.90  
 449 A	 17.79  
 450 K	 49.17  
 451 S	 25.64  
 452 V	 4.54  
 453 A	 18.23  
 454 S	 24.83  
 455 V	 4.57  
 456 E	 46.36  
 457 Q	 57.46  
 458 T	 11.01  
 459 P	 33.30  
 460 S	 57.19  
 461 L	 5.25  
 462 P	 42.47  
 463 S	 41.77  
 464 P	 24.19  
 465 A	 24.52  
 466 N	 45.56  
 467 L	 9.14  
 468 L	 4.05  
 469 P	 25.65  
 470 P	 40.29  
 471 L	 4.83  
 472 A	 12.14  
 473 S	 36.98  
 474 L	 4.10  
 475 L	 4.57  
 476 Q	 43.74  
 477 Q	 51.31  
 478 N	 25.08  
 479 R	 29.93  
 480 N	 33.41  
 481 M	 2.88  
 482 A	 13.38  
 483 F	 4.39  
 484 F	 3.09  
 485 P	 27.12  
 486 Y	 11.19  
 487 W	 11.76  
 488 N	 17.13  
 489 L	 4.13  
 490 N	 25.64  
 491 L	 3.40  
 492 Q	 24.62  
 493 M	 2.87  
 494 L	 2.00  
 495 A	 9.62  
 496 A	 12.07  
 497 Q	 30.25  
 498 Q	 30.10  
 499 Q	 21.14  
 500 A	 8.66  
 501 A	 7.79  
 502 V	 5.22  
 503 L	 1.84  
 504 A	 11.15  
 505 Q	 38.01  
 506 L	 6.73  
 507 S	 9.81  
 508 P	 42.55  
 509 R	 33.15  
 510 M	 6.67  
 511 R	 29.77  
 512 E	 46.42  
 513 Q	 33.92  
 514 L	 4.20  
 515 Q	 42.37  
 516 Q	 53.43  
 517 Q	 36.42  
 518 N	 36.97  
 519 Q	 38.05  
 520 Q	 52.90  
 521 Q	 42.88  
 522 S	 37.76  
 523 D	 63.32  
 524 N	 64.92  
 525 E	 72.31  
 526 E	 73.43  
 527 E	 55.57  
 528 E	 63.69  
 529 Q	 67.73  
 530 D	 54.72  
 531 D	 61.13  
 532 E	 58.55  
 533 Y	 28.20  
 534 E	 52.14  
 535 R	 35.33  
 536 K	 42.78  
 537 S	 37.06  
 538 V	 8.27  
 539 D	 37.46  
 540 S	 24.28  
 541 A	 7.34  
 542 M	 6.53  
 543 D	 42.77  
 544 L	 2.36  
 545 S	 23.46  
 546 Q	 68.05  
 547 G	 28.72  
 548 T	 19.78  
 549 P	 41.84  
 550 V	 12.16  
 551 K	 61.73  
 552 E	 67.99  
 553 D	 53.97  
 554 E	 51.92  
 555 Q	 59.72  
 556 Q	 41.66  
 557 Q	 57.52  
 558 Q	 33.17  
 559 P	 30.36  
 560 Q	 53.86  
 561 Q	 41.48  
 562 P	 19.48  
 563 L	 6.50  
 564 A	 7.47  
 565 M	 8.76  
 566 N	 30.97  
 567 L	 4.17  
 568 K	 42.47  
 569 V	 14.60  
 570 E	 48.83  
 571 E	 56.79  
 572 E	 44.32  
 573 A	 20.14  
 574 T	 21.89  
 575 P	 32.87  
 576 L	 4.52  
 577 M	 3.72  
 578 S	 37.99  
 579 S	 17.41  
 580 S	 29.16  
 581 N	 43.83  
 582 A	 13.33  
 583 S	 36.55  
 584 R	 41.75  
 585 R	 43.20  
 586 K	 50.38  
 587 G	 24.10  
 588 R	 33.36  
 589 V	 8.24  
 590 L	 4.37  
 591 K	 41.27  
 592 L	 5.49  
 593 D	 33.45  
 594 T	 39.54  
 595 L	 2.61  
 596 L	 4.97  
 597 Q	 37.63  
 598 L	 7.02  
 599 R	 21.35  
 600 S	 38.00  
 601 E	 35.71  
 602 A	 14.06  
 603 M	 3.15  
 604 T	 48.45  
 605 S	 17.23  
 606 P	 24.96  
 607 E	 69.21  
 608 Q	 50.39  
 609 L	 6.02  
 610 K	 52.36  
 611 V	 6.52  
 612 P	 30.79  
 613 S	 48.40  
 614 T	 19.96  
 615 P	 30.97  
 616 M	 4.70  
 617 P	 26.47  
 618 T	 32.68  
 619 A	 11.35  
 620 S	 38.84  
 621 S	 20.19  
 622 P	 20.25  
 623 I	 7.39  
 624 A	 18.34  
 625 G	 38.57  
 626 R	 30.77  
 627 K	 44.76  
 628 P	 42.05  
 629 M	 7.97  
 630 P	 52.96  
 631 E	 54.87  
 632 E	 44.30  
 633 H	 14.91  
 634 C	 4.55  
 635 S	 47.19  
 636 G	 34.70  
 637 T	 11.83  
 638 S	 27.36  
 639 S	 39.31  
 640 A	 25.10  
 641 D	 50.91  
 642 E	 52.26  
 643 S	 23.59  
 644 M	 5.09  
 645 E	 52.72  
 646 T	 17.27  
 647 A	 6.59  
 648 H	 38.93  
 649 V	 3.31  
 650 P	 20.07  
 651 Q	 46.27  
 652 A	 18.39  
 653 N	 29.35  
 654 T	 28.78  
 655 S	 26.43  
 656 A	 12.88  
 657 S	 28.17  
 658 S	 27.92  
 659 T	 28.23  
 660 A	 14.90  
 661 S	 25.73  
 662 S	 39.54  
 663 S	 39.23  
 664 G	 39.73  
 665 N	 44.18  
 666 S	 28.61  
 667 S	 40.18  
 668 N	 43.60  
 669 A	 19.11  
 670 S	 34.01  
 671 S	 41.70  
 672 N	 36.68  
 673 S	 48.32  
 674 N	 58.89  
 675 G	 34.91  
 676 N	 42.86  
 677 S	 36.22  
 678 S	 37.22  
 679 S	 40.32  
 680 N	 48.10  
 681 S	 36.77  
 682 S	 31.88  
 683 S	 38.82  
 684 N	 54.50  
 685 G	 32.11  
 686 T	 23.10  
 687 T	 18.98  
 688 S	 22.15  
 689 A	 7.90  
 690 V	 4.71  
 691 A	 17.61  
 692 A	 15.22  
 693 P	 17.53  
 694 P	 40.44  
 695 S	 54.99  
 696 G	 41.30  
 697 T	 17.68  
 698 P	 24.35  
 699 A	 15.13  
 700 A	 13.97  
 701 A	 15.28  
 702 G	 14.05  
 703 A	 9.10  
 704 I	 2.66  
 705 Y	 18.10  
 706 E	 20.58  
 707 C	 1.82  
 708 K	 36.65  
 709 Y	 13.65  
 710 C	 1.66  
 711 D	 37.33  
 712 I	 3.79  
 713 F	 3.88  
 714 F	 7.76  
 715 K	 33.75  
 716 D	 36.43  
 717 A	 8.19  
 718 V	 6.35  
 719 L	 3.15  
 720 Y	 9.32  
 721 T	 10.55  
 722 I	 1.02  
 723 H	 8.87  
 724 M	 5.15  
 725 G	 11.66  
 726 Y	 5.29  
 727 H	 19.07  
 728 S	 15.68  
 729 C	 3.10  
 730 D	 59.11  
 731 D	 52.67  
 732 V	 2.93  
 733 F	 10.84  
 734 K	 25.25  
 735 C	 2.39  
 736 N	 29.39  
 737 M	 4.32  
 738 C	 3.86  
 739 G	 26.99  
 740 E	 45.65  
 741 K	 23.94  
 742 C	 6.77  
 743 D	 75.42  
 744 G	 28.41  
 745 P	 12.07  
 746 V	 14.74  
 747 G	 19.28  
 748 L	 4.05  
 749 F	 2.67  
 750 V	 3.47  
 751 H	 9.24  
 752 M	 2.93  
 753 A	 6.16  
 754 R	 33.04  
 755 N	 32.25  
 756 A	 9.96  
 757 H	 37.27  
 758 S	 39.23  
