 1 M	 12.81  
 2 A	 16.81  
 3 P	 33.76  
 4 S	 43.36  
 5 S	 24.70  
 6 P	 51.08  
 7 R	 30.95  
 8 P	 41.34  
 9 A	 27.70  
 10 L	 2.56  
 11 P	 23.98  
 12 A	 17.87  
 13 L	 2.99  
 14 L	 2.50  
 15 V	 4.28  
 16 L	 3.54  
 17 L	 2.69  
 18 G	 18.97  
 19 A	 13.14  
 20 L	 5.16  
 21 F	 6.96  
 22 P	 49.25  
 23 G	 35.10  
 24 P	 32.86  
 25 G	 48.28  
 26 N	 31.82  
 27 A	 21.68  
 28 Q	 38.00  
 29 T	 28.78  
 30 S	 14.44  
 31 V	 12.69  
 32 S	 24.19  
 33 P	 35.69  
 34 S	 31.86  
 35 K	 36.36  
 36 V	 6.79  
 37 I	 5.15  
 38 L	 2.37  
 39 P	 23.03  
 40 R	 59.67  
 41 G	 30.68  
 42 G	 18.83  
 43 S	 18.33  
 44 V	 5.88  
 45 L	 2.57  
 46 V	 4.80  
 47 T	 9.14  
 48 C	 3.05  
 49 S	 17.62  
 50 T	 35.21  
 51 S	 10.21  
 52 C	 5.96  
 53 D	 68.53  
 54 Q	 41.16  
 55 P	 18.93  
 56 K	 51.19  
 57 L	 7.24  
 58 L	 8.96  
 59 G	 26.56  
 60 I	 5.56  
 61 E	 42.44  
 62 T	 28.36  
 63 P	 33.60  
 64 L	 14.69  
 65 P	 47.04  
 66 K	 67.57  
 67 K	 52.21  
 68 E	 51.26  
 69 L	 9.04  
 70 L	 5.94  
 71 L	 8.79  
 72 P	 43.36  
 73 G	 43.97  
 74 N	 43.10  
 75 N	 51.57  
 76 R	 33.54  
 77 K	 51.82  
 78 V	 3.97  
 79 Y	 17.75  
 80 E	 49.02  
 81 L	 2.18  
 82 S	 24.02  
 83 N	 52.71  
 84 V	 6.23  
 85 Q	 53.69  
 86 E	 56.18  
 87 D	 35.17  
 88 S	 35.12  
 89 Q	 41.91  
 90 P	 20.82  
 91 M	 2.31  
 92 C	 4.25  
 93 Y	 9.18  
 94 S	 27.33  
 95 N	 18.18  
 96 C	 2.40  
 97 P	 53.68  
 98 D	 70.71  
 99 G	 14.42  
 100 Q	 45.01  
 101 S	 35.54  
 102 T	 25.04  
 103 A	 17.71  
 104 K	 39.64  
 105 T	 22.78  
 106 F	 5.47  
 107 L	 3.71  
 108 T	 13.83  
 109 V	 4.00  
 110 Y	 9.79  
 111 W	 10.92  
 112 T	 9.51  
 113 P	 17.16  
 114 E	 63.08  
 115 R	 28.54  
 116 V	 7.24  
 117 E	 45.49  
 118 L	 5.64  
 119 A	 7.06  
 120 P	 58.38  
 121 L	 4.34  
 122 P	 32.25  
 123 S	 46.13  
 124 W	 12.45  
 125 Q	 27.43  
 126 P	 30.48  
 127 V	 11.60  
 128 G	 21.59  
 129 K	 49.36  
 130 N	 32.12  
 131 L	 5.63  
 132 T	 22.88  
 133 L	 6.09  
 134 R	 12.00  
 135 C	 6.30  
 136 Q	 29.84  
 137 V	 9.39  
 138 E	 26.49  
 139 G	 38.41  
 140 G	 20.92  
 141 A	 10.97  
 142 P	 38.91  
 143 R	 35.26  
 144 A	 17.83  
 145 N	 37.21  
 146 L	 3.62  
 147 T	 14.36  
 148 V	 3.00  
 149 V	 3.34  
 150 L	 2.04  
 151 L	 4.46  
 152 R	 47.25  
 153 G	 50.74  
 154 E	 36.60  
 155 K	 71.78  
 156 E	 56.04  
 157 L	 10.57  
 158 K	 56.67  
 159 R	 68.69  
 160 E	 35.70  
 161 P	 35.96  
 162 A	 19.73  
 163 V	 15.15  
 164 G	 36.96  
 165 E	 34.44  
 166 P	 28.00  
 167 A	 21.42  
 168 E	 51.63  
 169 V	 6.64  
 170 T	 14.30  
 171 T	 21.78  
 172 T	 11.50  
 173 V	 4.34  
 174 L	 2.03  
 175 V	 4.02  
 176 R	 33.86  
 177 R	 39.89  
 178 D	 27.80  
 179 H	 21.33  
 180 H	 41.15  
 181 G	 20.85  
 182 A	 14.99  
 183 N	 33.68  
 184 F	 7.86  
 185 S	 11.51  
 186 C	 5.66  
 187 R	 30.00  
 188 T	 45.27  
 189 E	 22.42  
 190 L	 8.11  
 191 D	 34.11  
 192 L	 15.64  
 193 R	 22.59  
 194 P	 39.63  
 195 Q	 63.77  
 196 G	 24.65  
 197 L	 4.32  
 198 E	 59.23  
 199 L	 8.63  
 200 F	 5.06  
 201 E	 72.69  
 202 N	 31.81  
 203 T	 21.04  
 204 S	 38.54  
 205 A	 12.55  
 206 P	 19.71  
 207 Y	 22.90  
 208 Q	 26.49  
 209 L	 4.23  
 210 Q	 19.84  
 211 T	 25.05  
 212 F	 3.24  
 213 V	 7.70  
 214 L	 1.77  
 215 P	 28.87  
 216 A	 28.69  
 217 T	 33.30  
 218 P	 19.42  
 219 P	 35.46  
 220 Q	 56.55  
 221 L	 5.20  
 222 V	 6.62  
 223 S	 18.64  
 224 P	 23.95  
 225 R	 37.84  
 226 V	 6.41  
 227 L	 5.84  
 228 E	 35.18  
 229 V	 9.38  
 230 D	 24.76  
 231 T	 33.79  
 232 Q	 40.89  
 233 G	 23.67  
 234 T	 10.43  
 235 V	 5.38  
 236 V	 1.52  
 237 C	 2.65  
 238 S	 20.20  
 239 L	 5.25  
 240 D	 35.14  
 241 G	 34.21  
 242 L	 4.35  
 243 F	 7.40  
 244 P	 33.49  
 245 V	 6.73  
 246 S	 27.70  
 247 E	 43.27  
 248 A	 14.80  
 249 Q	 21.07  
 250 V	 5.28  
 251 H	 8.03  
 252 L	 4.41  
 253 A	 8.46  
 254 L	 11.06  
 255 G	 24.33  
 256 D	 31.14  
 257 Q	 50.38  
 258 R	 40.97  
 259 L	 8.17  
 260 N	 32.17  
 261 P	 32.60  
 262 T	 25.14  
 263 V	 4.02  
 264 T	 28.34  
 265 Y	 15.03  
 266 G	 23.31  
 267 N	 31.19  
 268 D	 46.85  
 269 S	 25.71  
 270 F	 10.31  
 271 S	 32.58  
 272 A	 14.93  
 273 K	 39.74  
 274 A	 18.19  
 275 S	 17.76  
 276 V	 6.79  
 277 S	 15.97  
 278 V	 5.72  
 279 T	 19.47  
 280 A	 21.78  
 281 E	 47.43  
 282 D	 58.10  
 283 E	 56.50  
 284 G	 39.20  
 285 T	 14.41  
 286 Q	 49.60  
 287 R	 31.63  
 288 L	 3.12  
 289 T	 10.70  
 290 C	 3.18  
 291 A	 6.02  
 292 V	 3.95  
 293 I	 1.85  
 294 L	 4.18  
 295 G	 21.00  
 296 N	 34.58  
 297 Q	 44.70  
 298 S	 33.70  
 299 Q	 37.62  
 300 E	 57.65  
 301 T	 19.27  
 302 L	 3.85  
 303 Q	 41.15  
 304 T	 23.80  
 305 V	 1.65  
 306 T	 20.00  
 307 I	 2.05  
 308 Y	 8.56  
 309 S	 22.39  
 310 F	 3.16  
 311 P	 40.65  
 312 A	 13.29  
 313 P	 35.54  
 314 N	 35.25  
 315 V	 3.55  
 316 I	 5.27  
 317 L	 4.36  
 318 T	 33.17  
 319 K	 35.42  
 320 P	 41.82  
 321 E	 61.30  
 322 V	 9.53  
 323 S	 28.75  
 324 E	 75.26  
 325 G	 21.48  
 326 T	 24.19  
 327 E	 47.23  
 328 V	 8.18  
 329 T	 14.17  
 330 V	 8.90  
 331 K	 19.59  
 332 C	 4.92  
 333 E	 44.27  
 334 A	 27.70  
 335 H	 7.06  
 336 P	 45.00  
 337 R	 36.85  
 338 A	 18.34  
 339 K	 36.71  
 340 V	 7.80  
 341 T	 17.50  
 342 L	 6.18  
 343 N	 39.80  
 344 G	 29.87  
 345 V	 3.27  
 346 P	 26.95  
 347 A	 22.63  
 348 Q	 27.90  
 349 P	 41.20  
 350 L	 11.10  
 351 G	 19.14  
 352 P	 35.80  
 353 R	 32.92  
 354 A	 13.91  
 355 Q	 33.64  
 356 L	 6.21  
 357 L	 2.83  
 358 L	 4.88  
 359 K	 50.62  
 360 A	 28.49  
 361 T	 26.14  
 362 P	 52.37  
 363 E	 60.81  
 364 D	 65.18  
 365 N	 46.22  
 366 G	 38.64  
 367 R	 40.56  
 368 S	 23.94  
 369 F	 9.11  
 370 S	 14.38  
 371 C	 2.78  
 372 S	 24.08  
 373 A	 22.11  
 374 T	 13.73  
 375 L	 5.08  
 376 E	 26.43  
 377 V	 9.02  
 378 A	 7.22  
 379 G	 28.18  
 380 Q	 27.75  
 381 L	 4.30  
 382 I	 3.14  
 383 H	 31.44  
 384 K	 43.70  
 385 N	 34.00  
 386 Q	 46.89  
 387 T	 35.19  
 388 R	 31.05  
 389 E	 44.29  
 390 L	 4.07  
 391 R	 16.19  
 392 V	 8.25  
 393 L	 3.10  
 394 Y	 23.40  
 395 G	 9.18  
 396 P	 21.80  
 397 R	 50.86  
 398 L	 10.12  
 399 D	 50.60  
 400 E	 55.82  
 401 R	 50.96  
 402 D	 40.70  
 403 C	 6.10  
 404 P	 43.36  
 405 G	 48.95  
 406 N	 20.39  
 407 W	 13.03  
 408 T	 34.83  
 409 W	 6.99  
 410 P	 24.42  
 411 E	 62.16  
 412 N	 40.83  
 413 S	 23.23  
 414 Q	 63.85  
 415 Q	 47.60  
 416 T	 12.83  
 417 P	 19.74  
 418 M	 2.76  
 419 C	 2.35  
 420 Q	 33.62  
 421 A	 15.94  
 422 W	 4.92  
 423 G	 28.97  
 424 N	 25.00  
 425 P	 45.41  
 426 L	 6.29  
 427 P	 46.24  
 428 E	 69.42  
 429 L	 4.48  
 430 K	 35.54  
 431 C	 9.99  
 432 L	 5.61  
 433 K	 64.68  
 434 D	 48.71  
 435 G	 27.89  
 436 T	 32.01  
 437 F	 7.76  
 438 P	 36.74  
 439 L	 4.16  
 440 P	 32.54  
 441 I	 14.58  
 442 G	 21.13  
 443 E	 42.63  
 444 S	 20.20  
 445 V	 4.31  
 446 T	 25.99  
 447 V	 3.76  
 448 T	 14.75  
 449 R	 42.03  
 450 D	 39.44  
 451 L	 6.19  
 452 E	 54.50  
 453 G	 27.27  
 454 T	 12.16  
 455 Y	 18.05  
 456 L	 1.28  
 457 C	 1.94  
 458 R	 30.36  
 459 A	 14.58  
 460 R	 22.38  
 461 S	 24.89  
 462 T	 34.73  
 463 Q	 47.50  
 464 G	 31.28  
 465 E	 30.79  
 466 V	 8.85  
 467 T	 22.07  
 468 R	 36.30  
 469 K	 32.65  
 470 V	 6.96  
 471 T	 14.92  
 472 V	 5.37  
 473 N	 21.46  
 474 V	 4.94  
 475 L	 5.00  
 476 S	 11.75  
 477 P	 38.42  
 478 R	 38.04  
 479 Y	 17.25  
 480 E	 31.87  
 481 I	 1.68  
 482 V	 1.40  
 483 I	 2.41  
 484 I	 1.33  
 485 T	 9.59  
 486 V	 1.62  
 487 V	 1.94  
 488 A	 5.83  
 489 A	 7.22  
 490 A	 5.01  
 491 V	 2.38  
 492 I	 1.48  
 493 M	 2.91  
 494 G	 10.99  
 495 T	 10.52  
 496 A	 15.94  
 497 G	 21.72  
 498 L	 2.99  
 499 S	 17.68  
 500 T	 23.69  
 501 Y	 12.10  
 502 L	 2.86  
 503 Y	 9.63  
 504 N	 30.89  
 505 R	 24.91  
 506 Q	 47.59  
 507 R	 39.16  
 508 K	 51.00  
 509 I	 5.18  
 510 K	 46.95  
 511 K	 38.79  
 512 Y	 16.14  
 513 R	 34.59  
 514 L	 3.93  
 515 Q	 27.80  
 516 Q	 50.80  
 517 A	 10.49  
 518 Q	 40.13  
 519 K	 68.70  
 520 G	 23.99  
 521 T	 27.52  
 522 P	 37.15  
 523 M	 13.00  
 524 K	 36.00  
 525 P	 42.73  
 526 N	 39.03  
 527 T	 28.27  
 528 Q	 50.29  
 529 A	 21.75  
 530 T	 26.69  
 531 P	 35.30  
 532 P	 53.11  
