 1 M	 7.48  
 2 K	 50.81  
 3 S	 20.09  
 4 I	 1.89  
 5 I	 2.51  
 6 I	 1.71  
 7 A	 6.08  
 8 S	 16.99  
 9 L	 1.61  
 10 V	 3.67  
 11 A	 9.14  
 12 L	 2.49  
 13 A	 4.61  
 14 I	 3.24  
 15 A	 9.04  
 16 A	 15.21  
 17 S	 11.15  
 18 P	 31.92  
 19 A	 21.43  
 20 L	 5.34  
 21 D	 50.08  
 22 R	 38.22  
 23 T	 28.29  
 24 F	 14.17  
 25 S	 30.70  
 26 P	 39.75  
 27 K	 55.51  
 28 S	 37.23  
 29 E	 45.18  
 30 Y	 19.03  
 31 V	 3.53  
 32 Y	 12.68  
 33 K	 27.25  
 34 F	 5.02  
 35 D	 42.55  
 36 G	 22.74  
 37 L	 4.72  
 38 L	 4.35  
 39 L	 4.60  
 40 S	 37.95  
 41 G	 35.33  
 42 L	 3.35  
 43 P	 29.32  
 44 T	 48.50  
 45 R	 32.02  
 46 S	 34.74  
 47 S	 33.63  
 48 D	 52.03  
 49 A	 12.89  
 50 S	 28.78  
 51 Q	 41.89  
 52 T	 24.46  
 53 L	 1.79  
 54 I	 4.08  
 55 S	 10.72  
 56 C	 4.00  
 57 R	 18.98  
 58 T	 39.81  
 59 R	 12.88  
 60 L	 3.66  
 61 Q	 35.73  
 62 A	 15.99  
 63 V	 5.19  
 64 D	 37.37  
 65 D	 38.39  
 66 R	 28.04  
 67 Y	 10.33  
 68 I	 2.45  
 69 H	 9.89  
 70 L	 3.03  
 71 Q	 28.31  
 72 L	 6.14  
 73 T	 20.35  
 74 D	 34.29  
 75 I	 3.31  
 76 Q	 29.01  
 77 Y	 13.41  
 78 S	 13.61  
 79 A	 10.53  
 80 S	 18.93  
 81 H	 35.15  
 82 I	 2.84  
 83 P	 26.65  
 84 Q	 60.02  
 85 S	 26.80  
 86 E	 51.96  
 87 Q	 68.00  
 88 W	 7.66  
 89 P	 27.69  
 90 K	 57.03  
 91 I	 3.69  
 92 E	 56.23  
 93 S	 40.45  
 94 L	 4.16  
 95 E	 57.80  
 96 Q	 49.82  
 97 R	 37.13  
 98 E	 52.93  
 99 L	 9.47  
 100 S	 30.27  
 101 D	 77.35  
 102 E	 56.07  
 103 F	 10.01  
 104 K	 45.46  
 105 E	 65.00  
 106 L	 4.67  
 107 L	 7.15  
 108 E	 68.00  
 109 L	 4.98  
 110 P	 13.80  
 111 F	 18.48  
 112 R	 24.52  
 113 A	 14.99  
 114 Q	 30.80  
 115 I	 3.45  
 116 R	 21.05  
 117 N	 51.78  
 118 G	 17.97  
 119 L	 4.43  
 120 I	 3.53  
 121 S	 33.42  
 122 E	 33.54  
 123 I	 3.91  
 124 Q	 28.28  
 125 F	 12.17  
 126 S	 19.22  
 127 S	 40.56  
 128 E	 61.10  
 129 D	 52.30  
 130 A	 18.99  
 131 E	 65.68  
 132 W	 19.14  
 133 S	 13.92  
 134 K	 63.10  
 135 N	 45.22  
 136 A	 16.63  
 137 K	 56.95  
 138 R	 26.90  
 139 S	 30.62  
 140 I	 3.25  
 141 L	 4.86  
 142 N	 37.05  
 143 L	 2.50  
 144 F	 6.68  
 145 S	 30.36  
 146 L	 6.65  
 147 R	 29.68  
 148 K	 57.15  
 149 S	 31.22  
 150 A	 15.92  
 151 P	 40.98  
 152 V	 11.01  
 153 D	 48.66  
 154 E	 40.02  
 155 M	 4.77  
 156 N	 39.98  
 157 Q	 53.88  
 158 D	 53.12  
 159 Q	 33.61  
 160 K	 68.29  
 161 D	 40.21  
 162 M	 7.37  
 163 E	 66.95  
 164 S	 43.24  
 165 D	 45.54  
 166 K	 62.27  
 167 D	 55.83  
 168 S	 26.94  
 169 V	 10.21  
 170 F	 4.22  
 171 F	 9.76  
 172 N	 23.83  
 173 V	 5.36  
 174 H	 31.75  
 175 E	 46.03  
 176 K	 37.99  
 177 T	 19.92  
 178 M	 8.86  
 179 E	 58.05  
 180 G	 28.61  
 181 D	 16.02  
 182 C	 6.64  
 183 R	 29.56  
 184 S	 45.59  
 185 R	 15.78  
 186 L	 3.22  
 187 H	 19.64  
 188 I	 3.97  
 189 V	 2.70  
 190 Q	 52.99  
 191 E	 59.43  
 192 G	 25.30  
 193 E	 46.39  
 194 K	 51.59  
 195 T	 18.21  
 196 I	 6.43  
 197 Y	 17.22  
 198 T	 17.00  
 199 K	 35.12  
 200 S	 17.94  
 201 V	 9.86  
 202 N	 46.63  
 203 F	 9.96  
 204 D	 39.45  
 205 K	 24.33  
 206 C	 4.06  
 207 I	 4.51  
 208 T	 50.03  
 209 R	 13.72  
 210 P	 34.34  
 211 E	 42.66  
 212 T	 28.06  
 213 A	 8.50  
 214 Y	 24.90  
 215 G	 14.12  
 216 L	 2.39  
 217 R	 29.53  
 218 F	 17.74  
 219 G	 18.99  
 220 S	 36.79  
 221 E	 50.41  
 222 C	 4.88  
 223 K	 62.44  
 224 E	 60.61  
 225 C	 5.75  
 226 E	 56.06  
 227 K	 77.97  
 228 E	 35.61  
 229 G	 36.98  
 230 Q	 40.84  
 231 F	 12.87  
 232 V	 7.31  
 233 K	 32.47  
 234 P	 29.76  
 235 Q	 37.57  
 236 T	 24.81  
 237 V	 2.57  
 238 Y	 9.45  
 239 T	 16.26  
 240 Y	 7.78  
 241 T	 21.97  
 242 F	 5.87  
 243 K	 57.29  
 244 N	 47.66  
 245 E	 56.59  
 246 K	 65.94  
 247 L	 5.79  
 248 Q	 64.34  
 249 E	 60.34  
 250 S	 31.77  
 251 E	 43.42  
 252 V	 5.93  
 253 H	 13.90  
 254 S	 23.22  
 255 V	 2.27  
 256 Y	 14.44  
 257 T	 15.08  
 258 L	 3.54  
 259 N	 19.87  
 260 V	 10.81  
 261 N	 45.41  
 262 G	 22.27  
 263 Q	 34.80  
 264 E	 51.15  
 265 V	 5.16  
 266 V	 5.78  
 267 K	 47.99  
 268 S	 32.37  
 269 E	 36.27  
 270 T	 42.91  
 271 R	 28.49  
 272 A	 20.35  
 273 K	 38.22  
 274 V	 4.98  
 275 T	 22.66  
 276 F	 7.93  
 277 V	 6.11  
 278 E	 52.97  
 279 E	 52.62  
 280 S	 25.90  
 281 K	 47.48  
 282 I	 9.05  
 283 N	 38.99  
 284 R	 50.95  
 285 E	 55.46  
 286 I	 4.77  
 287 K	 42.23  
 288 K	 47.50  
 289 V	 7.31  
 290 S	 59.25  
 291 G	 40.04  
 292 P	 33.12  
 293 K	 72.07  
 294 E	 56.97  
 295 E	 43.83  
 296 I	 3.55  
 297 V	 3.07  
 298 Y	 14.15  
 299 S	 14.55  
 300 M	 3.34  
 301 E	 57.19  
 302 N	 42.96  
 303 E	 35.61  
 304 K	 67.36  
 305 L	 4.20  
 306 I	 6.07  
 307 E	 45.11  
 308 Q	 35.04  
 309 F	 3.74  
 310 Y	 10.30  
 311 Q	 41.91  
 312 Q	 51.15  
 313 G	 23.90  
 314 D	 42.53  
 315 K	 53.95  
 316 A	 30.61  
 317 E	 48.87  
 318 V	 15.30  
 319 N	 28.00  
 320 P	 36.97  
 321 F	 7.62  
 322 K	 50.11  
 323 A	 11.89  
 324 I	 5.51  
 325 E	 41.34  
 326 M	 5.59  
 327 E	 34.16  
 328 Q	 54.51  
 329 K	 34.14  
 330 V	 5.91  
 331 E	 53.24  
 332 Q	 51.97  
 333 L	 2.89  
 334 Q	 41.24  
 335 E	 53.33  
 336 I	 1.91  
 337 F	 4.65  
 338 R	 38.05  
 339 Q	 30.85  
 340 I	 4.53  
 341 Q	 37.34  
 342 E	 51.53  
 343 H	 26.10  
 344 E	 44.78  
 345 Q	 62.09  
 346 N	 55.40  
 347 T	 23.38  
 348 P	 42.69  
 349 E	 62.52  
 350 T	 17.90  
 351 V	 3.09  
 352 H	 20.95  
 353 L	 2.59  
 354 I	 1.15  
 355 A	 10.35  
 356 R	 26.99  
 357 A	 5.57  
 358 V	 3.67  
 359 R	 19.96  
 360 M	 1.69  
 361 F	 2.93  
 362 R	 15.21  
 363 M	 1.29  
 364 C	 2.78  
 365 T	 23.29  
 366 I	 3.09  
 367 E	 38.84  
 368 E	 63.14  
 369 L	 4.17  
 370 K	 56.90  
 371 K	 52.45  
 372 V	 4.66  
 373 H	 26.60  
 374 T	 20.20  
 375 T	 9.34  
 376 I	 4.29  
 377 Y	 10.49  
 378 T	 21.67  
 379 K	 37.26  
 380 A	 26.49  
 381 E	 55.77  
 382 K	 64.20  
 383 K	 27.07  
 384 V	 8.67  
 385 Q	 38.60  
 386 L	 4.73  
 387 V	 1.76  
 388 I	 6.94  
 389 E	 29.08  
 390 T	 17.82  
 391 S	 8.85  
 392 I	 4.70  
 393 A	 5.72  
 394 V	 4.87  
 395 A	 15.77  
 396 G	 30.53  
 397 T	 16.04  
 398 K	 51.69  
 399 N	 42.10  
 400 T	 24.46  
 401 I	 3.21  
 402 Q	 24.24  
 403 H	 23.93  
 404 L	 1.98  
 405 I	 1.92  
 406 H	 26.41  
 407 H	 26.10  
 408 F	 10.22  
 409 E	 56.04  
 410 K	 51.37  
 411 K	 39.63  
 412 S	 42.64  
 413 I	 6.71  
 414 T	 24.30  
 415 P	 20.41  
 416 L	 4.33  
 417 R	 32.71  
 418 A	 16.99  
 419 A	 11.09  
 420 E	 54.36  
 421 L	 6.64  
 422 L	 2.67  
 423 K	 62.29  
 424 S	 29.06  
 425 V	 5.95  
 426 Q	 45.08  
 427 E	 38.33  
 428 T	 17.94  
 429 L	 6.11  
 430 Y	 16.48  
 431 P	 36.03  
 432 S	 28.40  
 433 E	 34.51  
 434 H	 25.52  
 435 I	 2.54  
 436 A	 11.87  
 437 D	 41.21  
 438 L	 3.16  
 439 L	 2.11  
 440 I	 4.02  
 441 Q	 30.62  
 442 L	 3.57  
 443 A	 7.45  
 444 Q	 54.92  
 445 S	 23.38  
 446 P	 28.03  
 447 L	 14.47  
 448 S	 35.11  
 449 E	 68.30  
 450 K	 52.09  
 451 Y	 20.80  
 452 E	 49.26  
 453 P	 29.74  
 454 L	 5.34  
 455 R	 38.84  
 456 Q	 45.22  
 457 S	 18.25  
 458 A	 9.28  
 459 W	 7.56  
 460 L	 2.04  
 461 A	 10.08  
 462 A	 14.50  
 463 G	 18.50  
 464 S	 16.83  
 465 V	 3.13  
 466 V	 5.47  
 467 R	 32.15  
 468 G	 15.74  
 469 F	 4.93  
 470 A	 16.97  
 471 S	 33.69  
 472 K	 46.94  
 473 T	 25.48  
 474 Q	 54.72  
 475 D	 56.33  
 476 L	 2.40  
 477 P	 33.75  
 478 L	 7.25  
 479 I	 4.72  
 480 R	 28.54  
 481 P	 27.82  
 482 A	 13.90  
 483 S	 27.83  
 484 R	 50.74  
 485 Q	 55.20  
 486 T	 39.81  
 487 K	 43.82  
 488 E	 53.67  
 489 K	 51.07  
 490 Y	 8.45  
 491 V	 6.61  
 492 R	 16.93  
 493 V	 3.14  
 494 F	 2.46  
 495 M	 2.50  
 496 Q	 22.54  
 497 H	 16.31  
 498 F	 3.47  
 499 R	 34.99  
 500 N	 47.35  
 501 A	 14.10  
 502 D	 45.09  
 503 S	 30.40  
 504 T	 35.93  
 505 Y	 20.08  
 506 E	 36.46  
 507 K	 31.94  
 508 V	 2.24  
 509 L	 7.37  
 510 A	 15.25  
 511 L	 3.68  
 512 K	 35.78  
 513 T	 40.52  
 514 L	 4.81  
 515 G	 27.46  
 516 N	 37.80  
 517 A	 17.96  
 518 G	 20.24  
 519 I	 4.47  
 520 D	 31.79  
 521 L	 3.35  
 522 S	 20.93  
 523 V	 5.83  
 524 Y	 10.52  
 525 E	 40.07  
 526 L	 1.56  
 527 V	 2.28  
 528 Q	 39.43  
 529 I	 2.08  
 530 I	 1.81  
 531 Q	 57.17  
 532 D	 29.91  
 533 P	 22.04  
 534 R	 60.07  
 535 Q	 48.99  
 536 P	 29.38  
 537 L	 5.14  
 538 S	 19.39  
 539 I	 9.23  
 540 R	 24.12  
 541 T	 26.99  
 542 E	 36.53  
 543 A	 12.13  
 544 V	 3.44  
 545 D	 47.11  
 546 A	 6.49  
 547 L	 3.25  
 548 R	 39.43  
 549 L	 7.88  
 550 L	 3.44  
 551 K	 53.52  
 552 D	 41.75  
 553 V	 5.63  
 554 M	 3.68  
 555 P	 33.97  
 556 R	 30.52  
 557 K	 43.55  
 558 I	 5.17  
 559 Q	 32.60  
 560 K	 38.02  
 561 V	 3.68  
 562 L	 6.03  
 563 L	 2.78  
 564 P	 24.19  
 565 V	 12.25  
 566 Y	 10.70  
 567 K	 45.98  
 568 N	 32.84  
 569 R	 36.98  
 570 Q	 72.23  
 571 N	 59.62  
 572 K	 31.37  
 573 P	 54.10  
 574 E	 51.09  
 575 L	 6.51  
 576 R	 15.84  
 577 M	 3.91  
 578 A	 7.93  
 579 A	 9.79  
 580 L	 1.85  
 581 W	 4.96  
 582 R	 17.25  
 583 M	 1.24  
 584 M	 1.57  
 585 H	 15.99  
 586 T	 21.96  
 587 I	 2.16  
 588 P	 40.84  
 589 E	 71.70  
 590 E	 35.04  
 591 P	 25.43  
 592 V	 9.26  
 593 L	 4.14  
 594 A	 7.21  
 595 H	 19.47  
 596 I	 2.37  
 597 V	 2.03  
 598 S	 24.17  
 599 Q	 32.11  
 600 M	 4.68  
 601 E	 50.65  
 602 N	 53.29  
 603 E	 37.45  
 604 S	 54.06  
 605 N	 29.78  
 606 Q	 41.53  
 607 H	 18.55  
 608 V	 2.71  
 609 A	 8.50  
 610 A	 9.02  
 611 F	 5.13  
 612 T	 14.16  
 613 Y	 5.40  
 614 H	 14.74  
 615 V	 3.12  
 616 L	 1.96  
 617 R	 24.39  
 618 Q	 41.69  
 619 F	 7.20  
 620 Y	 8.83  
 621 K	 52.68  
 622 S	 23.26  
 623 T	 38.74  
 624 N	 31.56  
 625 P	 20.48  
 626 C	 5.34  
 627 Y	 10.68  
 628 Q	 38.23  
 629 Q	 12.62  
 630 L	 2.54  
 631 A	 5.16  
 632 V	 9.60  
 633 R	 17.24  
 634 C	 3.79  
 635 S	 16.50  
 636 K	 40.79  
 637 I	 2.02  
 638 L	 3.55  
 639 L	 4.73  
 640 F	 3.07  
 641 T	 28.56  
 642 R	 22.28  
 643 Y	 22.84  
 644 Q	 29.88  
 645 P	 30.64  
 646 Q	 37.72  
 647 E	 44.64  
 648 Q	 32.63  
 649 M	 2.92  
 650 L	 3.28  
 651 S	 21.69  
 652 T	 24.19  
 653 Y	 7.34  
 654 S	 25.90  
 655 Q	 36.36  
 656 L	 3.06  
 657 P	 27.54  
 658 L	 9.61  
 659 F	 9.99  
 660 N	 46.86  
 661 S	 23.86  
 662 E	 54.24  
 663 W	 8.82  
 664 L	 2.54  
 665 S	 37.68  
 666 G	 18.31  
 667 V	 4.63  
 668 Q	 35.40  
 669 F	 8.51  
 670 D	 18.38  
 671 F	 7.35  
 672 A	 11.13  
 673 T	 26.62  
 674 I	 3.63  
 675 F	 10.71  
 676 E	 41.36  
 677 K	 42.71  
 678 N	 28.82  
 679 A	 20.58  
 680 F	 19.64  
 681 L	 5.71  
 682 P	 25.06  
 683 K	 73.07  
 684 E	 37.61  
 685 V	 7.81  
 686 Q	 26.73  
 687 A	 22.66  
 688 S	 15.06  
 689 L	 7.78  
 690 E	 40.19  
 691 T	 26.82  
 692 V	 2.83  
 693 F	 15.74  
 694 G	 24.96  
 695 G	 25.23  
 696 N	 39.26  
 697 W	 13.13  
 698 N	 32.90  
 699 K	 33.10  
 700 Y	 10.84  
 701 F	 4.02  
 702 A	 10.48  
 703 Q	 26.43  
 704 V	 8.19  
 705 G	 12.38  
 706 F	 6.65  
 707 S	 25.57  
 708 Q	 39.72  
 709 Q	 56.21  
 710 N	 34.48  
 711 F	 6.37  
 712 E	 52.03  
 713 Q	 24.34  
 714 V	 4.33  
 715 I	 3.05  
 716 L	 3.49  
 717 K	 39.68  
 718 T	 36.38  
 719 L	 5.37  
 720 E	 58.12  
 721 K	 46.63  
 722 L	 2.89  
 723 S	 30.52  
 724 L	 10.67  
 725 Y	 20.92  
 726 G	 27.16  
 727 K	 32.83  
 728 Q	 52.32  
 729 S	 36.22  
 730 D	 57.36  
 731 E	 51.86  
 732 L	 7.86  
 733 R	 26.52  
 734 S	 36.74  
 735 R	 36.03  
 736 R	 31.88  
 737 V	 5.30  
 738 Q	 33.84  
 739 S	 34.70  
 740 G	 9.32  
 741 I	 2.35  
 742 Q	 30.02  
 743 M	 3.84  
 744 L	 2.07  
 745 Q	 32.78  
 746 E	 45.87  
 747 I	 3.38  
 748 V	 4.85  
 749 K	 52.55  
 750 K	 26.70  
 751 M	 4.11  
 752 N	 35.68  
 753 I	 6.00  
 754 R	 14.15  
 755 P	 36.68  
 756 R	 29.09  
 757 V	 5.69  
 758 Q	 41.56  
 759 Q	 44.40  
 760 T	 22.11  
 761 D	 43.84  
 762 S	 28.81  
 763 Q	 54.67  
 764 N	 37.33  
 765 A	 5.60  
 766 H	 29.94  
 767 A	 7.24  
 768 V	 2.02  
 769 F	 5.02  
 770 Y	 5.44  
 771 L	 3.07  
 772 R	 29.15  
 773 Y	 14.54  
 774 K	 39.88  
 775 E	 28.49  
 776 M	 4.08  
 777 D	 30.97  
 778 Y	 7.51  
 779 I	 1.93  
 780 V	 4.18  
 781 L	 1.92  
 782 P	 15.05  
 783 I	 7.43  
 784 D	 27.25  
 785 M	 5.18  
 786 E	 38.57  
 787 T	 19.95  
 788 I	 2.13  
 789 D	 41.21  
 790 T	 28.93  
 791 L	 4.09  
 792 V	 6.91  
 793 E	 41.61  
 794 K	 41.38  
 795 Y	 7.37  
 796 V	 5.93  
 797 R	 42.20  
 798 N	 44.28  
 799 G	 26.78  
 800 E	 43.63  
 801 F	 14.43  
 802 D	 43.00  
 803 I	 3.86  
 804 K	 36.57  
 805 S	 29.01  
 806 L	 4.42  
 807 L	 4.03  
 808 T	 23.15  
 809 F	 8.81  
 810 L	 3.54  
 811 T	 32.56  
 812 N	 54.42  
 813 D	 48.22  
 814 S	 41.12  
 815 K	 45.80  
 816 F	 16.29  
 817 E	 47.61  
 818 L	 3.59  
 819 H	 13.03  
 820 R	 45.68  
 821 A	 9.66  
 822 L	 2.84  
 823 F	 6.30  
 824 F	 5.84  
 825 Y	 13.59  
 826 E	 38.61  
 827 A	 12.29  
 828 E	 30.47  
 829 R	 49.21  
 830 R	 30.64  
 831 I	 4.44  
 832 P	 22.98  
 833 T	 28.77  
 834 T	 15.35  
 835 I	 4.97  
 836 G	 15.01  
 837 M	 1.86  
 838 P	 22.57  
 839 L	 5.02  
 840 T	 13.76  
 841 I	 7.23  
 842 S	 27.42  
 843 G	 26.82  
 844 K	 34.61  
 845 M	 3.95  
 846 P	 21.55  
 847 T	 30.93  
 848 I	 2.04  
 849 L	 4.65  
 850 S	 15.34  
 851 I	 7.65  
 852 N	 40.64  
 853 G	 30.03  
 854 K	 28.46  
 855 V	 8.05  
 856 S	 17.52  
 857 I	 8.63  
 858 E	 43.29  
 859 L	 7.20  
 860 E	 33.18  
 861 K	 65.92  
 862 L	 4.78  
 863 G	 21.51  
 864 A	 16.45  
 865 R	 24.43  
 866 L	 4.44  
 867 V	 3.63  
 868 L	 4.38  
 869 D	 32.15  
 870 I	 3.32  
 871 V	 3.04  
 872 P	 22.84  
 873 T	 16.33  
 874 V	 3.49  
 875 A	 14.84  
 876 T	 17.07  
 877 T	 12.47  
 878 H	 21.83  
 879 V	 4.56  
 880 T	 20.97  
 881 E	 37.40  
 882 M	 1.75  
 883 P	 17.00  
 884 L	 7.45  
 885 L	 3.61  
 886 Y	 11.79  
 887 P	 22.15  
 888 V	 4.80  
 889 I	 2.57  
 890 E	 41.33  
 891 Q	 51.35  
 892 G	 18.94  
 893 V	 3.68  
 894 K	 52.88  
 895 S	 29.27  
 896 L	 3.75  
 897 Q	 41.98  
 898 S	 22.20  
 899 A	 12.70  
 900 R	 32.05  
 901 L	 5.43  
 902 H	 21.64  
 903 T	 28.72  
 904 P	 15.70  
 905 L	 11.71  
 906 R	 34.19  
 907 F	 13.17  
 908 E	 38.78  
 909 S	 34.73  
 910 T	 15.71  
 911 V	 12.96  
 912 E	 55.76  
 913 L	 9.22  
 914 K	 30.39  
 915 K	 68.72  
 916 N	 48.59  
 917 T	 34.35  
 918 L	 6.65  
 919 E	 43.75  
 920 I	 5.71  
 921 T	 15.05  
 922 H	 27.50  
 923 K	 31.07  
 924 F	 5.34  
 925 V	 9.29  
 926 V	 5.76  
 927 P	 33.85  
 928 E	 70.80  
 929 N	 45.08  
 930 K	 50.24  
 931 K	 62.09  
 932 T	 33.76  
 933 T	 21.47  
 934 V	 7.33  
 935 S	 13.19  
 936 V	 4.67  
 937 H	 14.51  
 938 T	 34.22  
 939 R	 14.60  
 940 P	 23.97  
 941 V	 6.48  
 942 A	 9.24  
 943 F	 3.59  
 944 I	 2.90  
 945 R	 32.03  
 946 V	 7.28  
 947 P	 21.74  
 948 K	 65.47  
 949 N	 44.83  
 950 Q	 62.83  
 951 D	 53.48  
 952 S	 22.51  
 953 E	 62.98  
 954 Y	 13.93  
 955 V	 5.02  
 956 E	 49.84  
 957 A	 21.87  
 958 E	 46.66  
 959 E	 63.65  
 960 K	 42.54  
 961 T	 30.87  
 962 I	 5.30  
 963 S	 23.47  
 964 H	 18.31  
 965 S	 24.64  
 966 Q	 27.36  
 967 Y	 14.81  
 968 Q	 16.24  
 969 M	 4.57  
 970 S	 19.69  
 971 T	 32.09  
 972 E	 45.72  
 973 E	 50.72  
 974 I	 4.27  
 975 D	 34.60  
 976 R	 46.79  
 977 Q	 36.34  
 978 Y	 20.17  
 979 E	 29.35  
 980 T	 20.33  
 981 F	 6.07  
 982 G	 22.82  
 983 L	 4.31  
 984 R	 22.09  
 985 I	 6.35  
 986 N	 21.56  
 987 A	 19.11  
 988 Q	 39.23  
 989 G	 24.65  
 990 N	 21.34  
 991 V	 7.52  
 992 L	 3.50  
 993 S	 21.27  
 994 Q	 32.77  
 995 W	 9.13  
 996 T	 17.22  
 997 L	 2.04  
 998 P	 11.94  
 999 M	 3.98  
 1000 V	 2.89  
 1001 L	 2.60  
 1002 M	 2.36  
 1003 T	 26.74  
 1004 E	 33.90  
 1005 Q	 52.07  
 1006 D	 31.92  
 1007 F	 8.48  
 1008 E	 45.99  
 1009 Y	 19.33  
 1010 T	 22.01  
 1011 L	 7.17  
 1012 E	 59.36  
 1013 N	 50.44  
 1014 K	 44.98  
 1015 N	 66.14  
 1016 R	 37.95  
 1017 P	 39.11  
 1018 V	 9.49  
 1019 E	 39.71  
 1020 F	 7.06  
 1021 T	 10.47  
 1022 A	 14.85  
 1023 R	 24.05  
 1024 V	 4.19  
 1025 T	 20.02  
 1026 I	 2.93  
 1027 G	 24.25  
 1028 N	 40.97  
 1029 L	 6.35  
 1030 E	 58.89  
 1031 K	 50.97  
 1032 T	 32.56  
 1033 D	 60.30  
 1034 L	 6.31  
 1035 S	 39.83  
 1036 E	 58.45  
 1037 I	 4.91  
 1038 K	 43.38  
 1039 F	 16.56  
 1040 D	 37.83  
 1041 K	 53.05  
 1042 I	 6.08  
 1043 F	 15.72  
 1044 E	 55.97  
 1045 K	 53.59  
 1046 E	 36.88  
 1047 F	 22.49  
 1048 D	 54.91  
 1049 L	 10.35  
 1050 E	 60.91  
 1051 N	 65.94  
 1052 N	 44.81  
 1053 E	 71.64  
 1054 S	 42.15  
 1055 E	 48.88  
 1056 N	 54.43  
 1057 R	 24.03  
 1058 R	 47.32  
 1059 Q	 41.84  
 1060 Y	 13.07  
 1061 F	 3.19  
 1062 H	 17.53  
 1063 K	 26.56  
 1064 M	 2.34  
 1065 I	 4.22  
 1066 R	 31.31  
 1067 E	 34.16  
 1068 I	 3.81  
 1069 Q	 35.84  
 1070 S	 37.23  
 1071 E	 38.04  
 1072 Q	 68.80  
 1073 G	 31.29  
 1074 F	 4.78  
 1075 K	 58.63  
 1076 N	 34.12  
 1077 L	 3.05  
 1078 I	 6.23  
 1079 T	 22.47  
 1080 L	 4.77  
 1081 K	 35.31  
 1082 L	 8.36  
 1083 E	 57.63  
 1084 A	 20.03  
 1085 P	 18.63  
 1086 Q	 47.96  
 1087 Q	 26.35  
 1088 M	 3.35  
 1089 Y	 7.38  
 1090 W	 10.42  
 1091 N	 13.24  
 1092 T	 23.42  
 1093 E	 32.80  
 1094 L	 5.39  
 1095 R	 20.91  
 1096 T	 37.80  
 1097 V	 3.00  
 1098 C	 4.38  
 1099 D	 45.01  
 1100 K	 39.12  
 1101 W	 3.11  
 1102 I	 2.18  
 1103 R	 24.27  
 1104 M	 1.59  
 1105 C	 2.99  
 1106 K	 31.70  
 1107 V	 6.66  
 1108 E	 19.48  
 1109 M	 5.67  
 1110 D	 24.34  
 1111 A	 13.89  
 1112 R	 35.03  
 1113 R	 47.00  
 1114 S	 24.05  
 1115 P	 30.30  
 1116 M	 9.65  
 1117 E	 51.97  
 1118 H	 37.36  
 1119 E	 57.60  
 1120 N	 49.83  
 1121 K	 52.20  
 1122 E	 58.22  
 1123 W	 11.44  
 1124 T	 13.88  
 1125 L	 7.17  
 1126 R	 20.84  
 1127 T	 33.81  
 1128 E	 35.04  
 1129 L	 3.79  
 1130 L	 2.59  
 1131 A	 17.66  
 1132 A	 24.53  
 1133 R	 19.17  
 1134 P	 30.05  
 1135 Q	 51.36  
 1136 M	 3.73  
 1137 P	 18.60  
 1138 S	 36.34  
 1139 S	 23.00  
 1140 L	 4.79  
 1141 R	 35.12  
 1142 Q	 50.60  
 1143 L	 5.42  
 1144 R	 31.97  
 1145 E	 76.64  
 1146 Q	 32.44  
 1147 P	 24.61  
 1148 H	 37.92  
 1149 R	 53.09  
 1150 E	 31.42  
 1151 V	 5.95  
 1152 Q	 23.48  
 1153 L	 7.69  
 1154 A	 4.41  
 1155 F	 14.37  
 1156 N	 34.70  
 1157 A	 11.52  
 1158 K	 53.87  
 1159 W	 14.97  
 1160 G	 22.72  
 1161 S	 37.56  
 1162 S	 39.92  
 1163 K	 63.11  
 1164 K	 56.09  
 1165 S	 37.66  
 1166 E	 52.11  
 1167 I	 7.23  
 1168 T	 12.03  
 1169 V	 7.40  
 1170 N	 17.20  
 1171 A	 15.82  
 1172 Q	 40.09  
 1173 L	 6.33  
 1174 E	 30.33  
 1175 Q	 65.33  
 1176 S	 25.24  
 1177 T	 41.97  
 1178 E	 66.70  
 1179 Q	 55.09  
 1180 K	 43.34  
 1181 K	 45.80  
 1182 F	 9.04  
 1183 I	 4.53  
 1184 R	 41.00  
 1185 N	 35.34  
 1186 I	 3.66  
 1187 E	 42.90  
 1188 R	 49.07  
 1189 E	 38.51  
 1190 Y	 22.27  
 1191 K	 45.68  
 1192 G	 39.52  
 1193 I	 1.73  
 1194 P	 46.95  
 1195 E	 50.12  
 1196 Y	 13.41  
 1197 E	 35.12  
 1198 L	 6.16  
 1199 L	 2.23  
 1200 I	 4.45  
 1201 K	 35.64  
 1202 A	 7.27  
 1203 A	 16.11  
 1204 R	 38.74  
 1205 L	 4.51  
 1206 N	 37.90  
 1207 Q	 32.52  
 1208 V	 5.97  
 1209 N	 20.78  
 1210 V	 5.42  
 1211 V	 2.80  
 1212 S	 30.81  
 1213 E	 34.77  
 1214 Y	 12.09  
 1215 K	 41.66  
 1216 L	 9.16  
 1217 T	 18.35  
 1218 P	 46.25  
 1219 Q	 43.59  
 1220 S	 33.50  
 1221 E	 43.26  
 1222 Y	 20.52  
 1223 T	 15.87  
 1224 F	 4.52  
 1225 S	 19.37  
 1226 R	 29.42  
 1227 I	 2.82  
 1228 F	 6.42  
 1229 D	 45.15  
 1230 L	 2.77  
 1231 I	 2.30  
 1232 K	 52.71  
 1233 A	 9.48  
 1234 Y	 13.09  
 1235 N	 30.73  
 1236 F	 3.64  
 1237 W	 7.70  
 1238 T	 15.26  
 1239 V	 5.19  
 1240 S	 29.99  
 1241 E	 40.31  
 1242 K	 50.81  
 1243 R	 31.07  
 1244 V	 12.11  
 1245 Q	 56.40  
 1246 N	 45.73  
 1247 E	 34.71  
 1248 N	 44.61  
 1249 R	 26.96  
 1250 R	 34.18  
 1251 V	 4.56  
 1252 V	 2.40  
 1253 L	 3.76  
 1254 Q	 21.78  
 1255 L	 5.61  
 1256 S	 16.09  
 1257 V	 13.77  
 1258 E	 36.83  
 1259 P	 33.22  
 1260 L	 4.11  
 1261 S	 38.70  
 1262 R	 50.10  
 1263 Q	 45.85  
 1264 S	 29.72  
 1265 H	 28.24  
 1266 E	 57.15  
 1267 H	 32.22  
 1268 D	 32.38  
 1269 H	 35.01  
 1270 Q	 65.88  
 1271 T	 25.93  
 1272 P	 34.40  
 1273 E	 63.86  
 1274 Q	 62.33  
 1275 E	 35.98  
 1276 V	 11.88  
 1277 E	 53.96  
 1278 L	 6.65  
 1279 K	 34.75  
 1280 N	 47.26  
 1281 A	 14.81  
 1282 R	 49.16  
 1283 I	 2.07  
 1284 P	 19.91  
 1285 R	 28.89  
 1286 V	 4.32  
 1287 V	 5.82  
 1288 L	 2.57  
 1289 P	 15.34  
 1290 T	 24.10  
 1291 I	 2.57  
 1292 A	 11.23  
 1293 R	 22.54  
 1294 S	 18.31  
 1295 A	 9.39  
 1296 M	 3.08  
 1297 F	 4.94  
 1298 Q	 27.06  
 1299 Q	 37.00  
 1300 T	 25.47  
 1301 W	 10.76  
 1302 E	 44.09  
 1303 K	 43.76  
 1304 T	 22.12  
 1305 G	 29.92  
 1306 A	 18.30  
 1307 T	 17.76  
 1308 C	 3.92  
 1309 K	 44.48  
 1310 V	 9.84  
 1311 D	 31.61  
 1312 Q	 44.47  
 1313 S	 35.19  
 1314 E	 34.55  
 1315 V	 8.71  
 1316 S	 22.70  
 1317 T	 33.80  
 1318 F	 2.84  
 1319 H	 27.95  
 1320 N	 20.07  
 1321 V	 2.82  
 1322 I	 2.03  
 1323 Y	 9.09  
 1324 R	 20.71  
 1325 A	 6.10  
 1326 P	 22.65  
 1327 L	 6.38  
 1328 T	 17.48  
 1329 T	 19.68  
 1330 C	 1.51  
 1331 Y	 11.71  
 1332 S	 20.65  
 1333 L	 1.43  
 1334 V	 5.24  
 1335 A	 13.78  
 1336 K	 52.36  
 1337 D	 31.28  
 1338 C	 4.80  
 1339 S	 49.77  
 1340 E	 71.57  
 1341 Q	 20.41  
 1342 P	 29.34  
 1343 R	 31.67  
 1344 F	 7.59  
 1345 A	 9.19  
 1346 V	 4.99  
 1347 L	 5.33  
 1348 A	 12.42  
 1349 K	 50.45  
 1350 K	 46.00  
 1351 I	 9.76  
 1352 N	 46.46  
 1353 K	 66.38  
 1354 N	 50.60  
 1355 S	 33.77  
 1356 E	 63.16  
 1357 E	 47.42  
 1358 L	 6.14  
 1359 L	 3.86  
 1360 V	 7.46  
 1361 K	 34.67  
 1362 V	 2.93  
 1363 V	 3.85  
 1364 R	 43.19  
 1365 R	 44.03  
 1366 E	 49.79  
 1367 E	 51.73  
 1368 E	 36.01  
 1369 I	 4.96  
 1370 V	 6.13  
 1371 V	 8.74  
 1372 K	 35.35  
 1373 K	 47.73  
 1374 S	 45.37  
 1375 D	 72.50  
 1376 D	 51.18  
 1377 K	 45.66  
 1378 F	 14.09  
 1379 L	 4.49  
 1380 V	 6.81  
 1381 K	 36.43  
 1382 V	 10.26  
 1383 D	 58.43  
 1384 G	 34.37  
 1385 K	 49.43  
 1386 K	 53.42  
 1387 V	 13.62  
 1388 N	 46.81  
 1389 P	 30.18  
 1390 T	 48.26  
 1391 E	 52.12  
 1392 L	 5.67  
 1393 E	 44.80  
 1394 Q	 49.55  
 1395 Y	 14.56  
 1396 N	 25.72  
 1397 I	 2.72  
 1398 E	 28.64  
 1399 I	 4.63  
 1400 L	 4.59  
 1401 G	 27.67  
 1402 D	 43.23  
 1403 N	 29.84  
 1404 L	 3.83  
 1405 I	 2.80  
 1406 V	 2.04  
 1407 I	 2.72  
 1408 R	 29.44  
 1409 L	 2.26  
 1410 P	 30.22  
 1411 Q	 66.33  
 1412 G	 33.17  
 1413 E	 25.85  
 1414 V	 10.65  
 1415 R	 21.45  
 1416 F	 11.74  
 1417 D	 38.33  
 1418 G	 19.80  
 1419 Y	 15.37  
 1420 T	 22.51  
 1421 V	 5.61  
 1422 K	 26.78  
 1423 T	 32.20  
 1424 N	 34.35  
 1425 M	 2.95  
 1426 P	 27.93  
 1427 S	 21.39  
 1428 V	 4.98  
 1429 A	 15.10  
 1430 S	 27.75  
 1431 Q	 31.76  
 1432 N	 34.01  
 1433 Q	 30.41  
 1434 L	 3.07  
 1435 C	 2.55  
 1436 G	 32.37  
 1437 L	 3.09  
 1438 C	 3.13  
 1439 G	 40.81  
 1440 N	 42.28  
 1441 N	 43.90  
 1442 D	 65.41  
 1443 G	 33.68  
 1444 E	 60.78  
 1445 R	 58.55  
 1446 D	 55.50  
 1447 N	 51.10  
 1448 E	 40.87  
 1449 F	 7.08  
 1450 M	 2.17  
 1451 T	 35.86  
 1452 A	 7.40  
 1453 D	 49.42  
 1454 N	 33.79  
 1455 Y	 25.44  
 1456 E	 52.56  
 1457 T	 27.42  
 1458 E	 48.39  
 1459 D	 61.62  
 1460 V	 6.55  
 1461 E	 68.23  
 1462 E	 46.75  
 1463 F	 3.52  
 1464 H	 22.51  
 1465 R	 32.11  
 1466 S	 16.15  
 1467 Y	 18.93  
 1468 L	 6.06  
 1469 L	 4.20  
 1470 K	 60.77  
 1471 N	 50.71  
 1472 E	 63.54  
 1473 E	 49.06  
 1474 C	 6.22  
 1475 E	 52.03  
 1476 F	 20.07  
 1477 E	 25.09  
 1478 F	 10.44  
 1479 D	 39.54  
 1480 R	 39.39  
 1481 I	 7.21  
 1482 S	 44.23  
 1483 E	 66.72  
 1484 K	 39.26  
 1485 K	 55.98  
 1486 N	 52.65  
 1487 Y	 25.17  
 1488 R	 47.87  
 1489 N	 43.25  
 1490 K	 36.53  
 1491 W	 16.80  
 1492 N	 42.99  
 1493 R	 52.95  
 1494 E	 71.59  
 1495 E	 63.65  
 1496 K	 53.47  
 1497 K	 52.41  
 1498 S	 57.39  
 1499 D	 61.16  
 1500 Y	 25.46  
 1501 E	 49.49  
 1502 S	 28.98  
 1503 S	 18.45  
 1504 S	 54.19  
 1505 D	 53.84  
 1506 Y	 24.17  
 1507 E	 37.18  
 1508 S	 34.17  
 1509 N	 36.01  
 1510 Y	 34.46  
 1511 D	 65.82  
 1512 E	 42.29  
 1513 K	 68.02  
 1514 E	 60.44  
 1515 T	 60.82  
 1516 E	 51.03  
 1517 E	 65.14  
 1518 E	 53.26  
 1519 L	 8.50  
 1520 V	 7.27  
 1521 K	 53.30  
 1522 K	 40.87  
 1523 T	 28.18  
 1524 L	 7.86  
 1525 I	 4.93  
 1526 K	 56.68  
 1527 E	 47.52  
 1528 F	 7.14  
 1529 S	 25.48  
 1530 N	 45.80  
 1531 R	 25.94  
 1532 V	 4.52  
 1533 C	 1.68  
 1534 F	 8.24  
 1535 S	 22.40  
 1536 I	 3.30  
 1537 E	 38.15  
 1538 P	 33.01  
 1539 V	 4.96  
 1540 S	 41.51  
 1541 E	 32.07  
 1542 C	 2.54  
 1543 R	 31.48  
 1544 R	 66.75  
 1545 G	 17.91  
 1546 L	 6.58  
 1547 E	 60.73  
 1548 S	 49.81  
 1549 E	 51.48  
 1550 K	 67.54  
 1551 T	 33.22  
 1552 S	 58.69  
 1553 N	 55.67  
 1554 K	 49.71  
 1555 K	 43.28  
 1556 I	 4.71  
 1557 R	 29.69  
 1558 F	 7.59  
 1559 T	 9.69  
 1560 C	 3.04  
 1561 M	 2.72  
 1562 P	 30.95  
 1563 R	 15.67  
 1564 H	 29.88  
 1565 R	 41.14  
 1566 Q	 44.31  
 1567 E	 53.21  
 1568 R	 25.46  
 1569 S	 26.99  
 1570 R	 42.38  
 1571 F	 6.69  
 1572 L	 5.68  
 1573 Q	 47.19  
 1574 G	 34.97  
 1575 S	 20.10  
 1576 S	 40.31  
 1577 E	 52.55  
 1578 Q	 43.13  
 1579 T	 20.03  
 1580 V	 3.78  
 1581 A	 14.06  
 1582 E	 45.02  
 1583 L	 3.02  
 1584 V	 5.55  
 1585 D	 55.55  
 1586 F	 5.12  
 1587 P	 19.17  
 1588 V	 7.57  
 1589 S	 24.66  
 1590 F	 7.81  
 1591 V	 4.11  
 1592 E	 48.05  
 1593 S	 24.33  
 1594 V	 4.05  
 1595 K	 52.85  
 1596 I	 3.25  
 1597 P	 14.28  
 1598 T	 35.84  
 1599 A	 4.76  
 1600 C	 1.66  
 1601 V	 5.42  
 1602 A	 12.28  
 1603 Y	 9.93  
