 1 M	 7.36  
 2 S	 39.84  
 3 S	 19.53  
 4 F	 7.66  
 5 S	 30.45  
 6 Y	 20.93  
 7 E	 26.15  
 8 P	 25.73  
 9 Y	 9.71  
 10 Y	 19.04  
 11 S	 12.67  
 12 T	 21.69  
 13 S	 23.79  
 14 Y	 14.49  
 15 K	 30.11  
 16 R	 27.25  
 17 R	 35.38  
 18 Y	 13.48  
 19 V	 6.65  
 20 E	 44.13  
 21 T	 13.32  
 22 P	 23.84  
 23 R	 39.81  
 24 V	 5.04  
 25 H	 18.59  
 26 I	 2.76  
 27 S	 14.11  
 28 S	 22.43  
 29 V	 4.51  
 30 R	 26.72  
 31 S	 39.67  
 32 G	 15.17  
 33 Y	 12.23  
 34 S	 21.08  
 35 T	 20.01  
 36 A	 9.48  
 37 R	 23.16  
 38 S	 29.15  
 39 A	 11.59  
 40 Y	 10.21  
 41 S	 23.63  
 42 S	 15.49  
 43 Y	 11.69  
 44 S	 28.22  
 45 A	 10.57  
 46 P	 22.15  
 47 V	 9.66  
 48 S	 17.10  
 49 S	 35.22  
 50 S	 19.70  
 51 L	 6.23  
 52 S	 18.61  
 53 V	 7.76  
 54 R	 20.60  
 55 R	 37.48  
 56 S	 20.85  
 57 Y	 15.68  
 58 S	 25.62  
 59 S	 21.93  
 60 S	 32.55  
 61 S	 34.06  
 62 G	 27.09  
 63 S	 24.36  
 64 L	 7.16  
 65 M	 1.96  
 66 P	 40.84  
 67 S	 34.06  
 68 L	 4.11  
 69 E	 61.15  
 70 N	 44.11  
 71 L	 5.24  
 72 D	 56.72  
 73 L	 4.32  
 74 S	 23.44  
 75 Q	 35.84  
 76 V	 3.32  
 77 A	 7.46  
 78 A	 13.59  
 79 I	 2.59  
 80 S	 21.40  
 81 N	 53.15  
 82 D	 49.00  
 83 L	 5.69  
 84 K	 46.85  
 85 S	 25.30  
 86 I	 5.44  
 87 R	 37.13  
 88 T	 39.13  
 89 Q	 40.10  
 90 E	 50.15  
 91 K	 31.45  
 92 A	 17.98  
 93 Q	 51.21  
 94 L	 5.24  
 95 Q	 40.85  
 96 D	 56.91  
 97 L	 4.66  
 98 N	 46.85  
 99 D	 55.14  
 100 R	 28.14  
 101 F	 8.13  
 102 A	 12.39  
 103 S	 24.84  
 104 F	 6.36  
 105 I	 2.83  
 106 E	 46.79  
 107 R	 30.21  
 108 V	 2.39  
 109 H	 39.90  
 110 E	 51.66  
 111 L	 4.31  
 112 E	 47.32  
 113 Q	 65.85  
 114 Q	 42.19  
 115 N	 35.78  
 116 K	 43.81  
 117 V	 8.39  
 118 L	 5.72  
 119 E	 42.98  
 120 A	 14.47  
 121 E	 33.01  
 122 L	 5.30  
 123 L	 2.28  
 124 V	 6.91  
 125 L	 4.91  
 126 R	 35.70  
 127 Q	 43.59  
 128 K	 42.54  
 129 H	 29.11  
 130 S	 59.23  
 131 E	 47.19  
 132 P	 33.54  
 133 S	 39.74  
 134 R	 35.47  
 135 F	 6.68  
 136 R	 23.67  
 137 A	 16.28  
 138 L	 4.16  
 139 Y	 18.00  
 140 E	 42.46  
 141 Q	 37.55  
 142 E	 28.22  
 143 I	 4.08  
 144 R	 35.84  
 145 D	 41.63  
 146 L	 3.29  
 147 R	 26.94  
 148 L	 7.42  
 149 A	 11.45  
 150 A	 21.57  
 151 E	 42.44  
 152 D	 54.70  
 153 A	 12.11  
 154 T	 57.12  
 155 N	 57.07  
 156 E	 42.04  
 157 K	 42.83  
 158 Q	 40.92  
 159 A	 16.96  
 160 L	 6.60  
 161 Q	 55.50  
 162 G	 36.46  
 163 E	 34.30  
 164 R	 50.54  
 165 E	 64.92  
 166 G	 44.61  
 167 L	 4.62  
 168 E	 60.85  
 169 E	 59.18  
 170 T	 22.95  
 171 L	 3.75  
 172 R	 49.59  
 173 N	 39.35  
 174 L	 3.22  
 175 Q	 27.61  
 176 A	 21.13  
 177 R	 26.83  
 178 Y	 30.61  
 179 E	 41.97  
 180 E	 44.46  
 181 E	 36.50  
 182 V	 7.13  
 183 L	 4.52  
 184 S	 38.51  
 185 R	 41.47  
 186 E	 59.19  
 187 D	 49.13  
 188 A	 19.18  
 189 E	 58.11  
 190 G	 29.73  
 191 R	 23.51  
 192 L	 5.52  
 193 M	 3.49  
 194 E	 50.33  
 195 A	 12.43  
 196 R	 25.32  
 197 K	 66.55  
 198 G	 32.48  
 199 A	 17.95  
 200 D	 55.53  
 201 E	 35.00  
 202 A	 14.34  
 203 A	 10.33  
 204 L	 4.23  
 205 A	 12.15  
 206 R	 29.46  
 207 A	 21.81  
 208 E	 52.49  
 209 L	 10.31  
 210 E	 31.62  
 211 K	 68.24  
 212 R	 28.68  
 213 I	 6.63  
 214 D	 39.49  
 215 S	 24.19  
 216 L	 4.44  
 217 M	 5.14  
 218 D	 56.20  
 219 E	 26.94  
 220 I	 2.84  
 221 S	 23.60  
 222 F	 16.60  
 223 L	 4.13  
 224 K	 51.22  
 225 K	 51.47  
 226 V	 7.03  
 227 H	 45.70  
 228 E	 61.38  
 229 E	 39.56  
 230 E	 44.51  
 231 I	 4.00  
 232 A	 18.09  
 233 E	 47.26  
 234 L	 3.65  
 235 Q	 23.79  
 236 A	 22.52  
 237 Q	 15.45  
 238 I	 3.66  
 239 Q	 18.54  
 240 Y	 11.34  
 241 A	 5.48  
 242 Q	 24.45  
 243 I	 3.66  
 244 S	 10.43  
 245 V	 8.25  
 246 E	 23.91  
 247 M	 4.75  
 248 D	 31.28  
 249 V	 7.76  
 250 T	 32.37  
 251 K	 36.06  
 252 P	 38.11  
 253 D	 55.61  
 254 L	 5.21  
 255 S	 20.90  
 256 A	 24.90  
 257 A	 16.27  
 258 L	 5.25  
 259 K	 46.51  
 260 D	 36.13  
 261 I	 3.62  
 262 R	 26.27  
 263 A	 19.35  
 264 Q	 36.75  
 265 Y	 17.66  
 266 E	 29.52  
 267 K	 38.19  
 268 L	 3.61  
 269 A	 27.70  
 270 A	 17.75  
 271 K	 47.55  
 272 N	 32.33  
 273 M	 2.99  
 274 Q	 56.21  
 275 N	 38.25  
 276 A	 10.13  
 277 E	 64.41  
 278 E	 56.66  
 279 W	 9.47  
 280 F	 6.11  
 281 K	 41.62  
 282 S	 24.13  
 283 R	 31.67  
 284 F	 7.76  
 285 T	 17.31  
 286 V	 5.98  
 287 L	 3.90  
 288 T	 24.45  
 289 E	 33.93  
 290 S	 28.43  
 291 A	 19.07  
 292 A	 18.21  
 293 K	 61.16  
 294 N	 38.16  
 295 T	 25.32  
 296 D	 53.08  
 297 A	 7.23  
 298 V	 4.81  
 299 R	 30.46  
 300 A	 16.56  
 301 A	 14.85  
 302 K	 54.13  
 303 D	 57.72  
 304 E	 47.43  
 305 V	 12.64  
 306 S	 28.01  
 307 E	 54.14  
 308 S	 18.39  
 309 R	 29.25  
 310 R	 54.36  
 311 L	 5.82  
 312 L	 4.87  
 313 K	 53.05  
 314 A	 15.27  
 315 K	 52.64  
 316 T	 34.19  
 317 L	 6.51  
 318 E	 43.97  
 319 I	 4.59  
 320 E	 32.13  
 321 A	 8.25  
 322 C	 2.21  
 323 R	 55.21  
 324 G	 24.13  
 325 M	 1.80  
 326 N	 33.92  
 327 E	 45.82  
 328 A	 18.93  
 329 L	 7.43  
 330 E	 45.89  
 331 K	 58.10  
 332 Q	 38.72  
 333 L	 6.73  
 334 Q	 51.22  
 335 E	 63.82  
 336 L	 7.13  
 337 E	 63.51  
 338 D	 71.16  
 339 K	 35.76  
 340 Q	 63.77  
 341 N	 45.37  
 342 A	 17.02  
 343 D	 42.81  
 344 I	 2.35  
 345 S	 20.45  
 346 A	 10.45  
 347 M	 2.71  
 348 Q	 44.40  
 349 D	 36.15  
 350 T	 15.01  
 351 I	 6.03  
 352 N	 44.97  
 353 K	 54.01  
 354 L	 8.05  
 355 E	 50.71  
 356 N	 65.13  
 357 E	 30.19  
 358 L	 9.94  
 359 R	 33.88  
 360 T	 51.72  
 361 T	 26.58  
 362 K	 43.75  
 363 S	 30.43  
 364 E	 38.12  
 365 M	 3.12  
 366 A	 7.91  
 367 R	 35.69  
 368 Y	 16.76  
 369 L	 2.57  
 370 K	 45.50  
 371 E	 45.92  
 372 Y	 13.02  
 373 Q	 35.65  
 374 D	 52.82  
 375 L	 1.90  
 376 L	 10.48  
 377 N	 38.36  
 378 V	 4.53  
 379 K	 19.86  
 380 M	 3.79  
 381 A	 9.07  
 382 L	 6.45  
 383 D	 27.26  
 384 I	 4.25  
 385 E	 26.66  
 386 I	 2.44  
 387 A	 5.90  
 388 A	 15.43  
 389 Y	 10.16  
 390 R	 20.58  
 391 K	 44.76  
 392 L	 3.78  
 393 L	 9.97  
 394 E	 75.01  
 395 G	 37.70  
 396 E	 46.98  
 397 E	 50.51  
 398 T	 32.38  
 399 R	 31.45  
 400 L	 6.88  
 401 S	 24.16  
 402 F	 7.55  
 403 T	 21.08  
 404 S	 23.59  
 405 V	 6.74  
 406 G	 17.07  
 407 S	 22.12  
 408 I	 2.67  
 409 T	 20.14  
 410 S	 33.78  
 411 G	 19.91  
 412 Y	 11.87  
 413 S	 27.41  
 414 Q	 38.32  
 415 S	 19.46  
 416 S	 23.79  
 417 Q	 39.54  
 418 V	 6.24  
 419 F	 5.36  
 420 G	 24.63  
 421 R	 13.47  
 422 S	 26.65  
 423 A	 12.96  
 424 Y	 16.99  
 425 G	 30.01  
 426 G	 11.26  
 427 L	 4.33  
 428 Q	 42.48  
 429 T	 25.36  
 430 S	 12.20  
 431 S	 26.18  
 432 Y	 13.24  
 433 L	 2.06  
 434 M	 2.67  
 435 S	 20.34  
 436 T	 19.16  
 437 R	 29.06  
 438 S	 41.41  
 439 F	 4.14  
 440 P	 23.75  
 441 S	 28.85  
 442 Y	 15.82  
 443 Y	 13.20  
 444 T	 12.24  
 445 S	 12.92  
 446 H	 19.92  
 447 V	 8.41  
 448 Q	 42.98  
 449 E	 51.27  
 450 E	 39.50  
 451 Q	 36.07  
 452 I	 7.87  
 453 E	 43.50  
 454 V	 9.59  
 455 E	 36.31  
 456 E	 61.33  
 457 T	 15.60  
 458 I	 3.71  
 459 E	 50.42  
 460 A	 15.48  
 461 A	 9.98  
 462 K	 64.48  
 463 A	 18.35  
 464 E	 58.75  
 465 E	 66.92  
 466 A	 18.99  
 467 K	 66.94  
 468 D	 79.34  
 469 E	 59.41  
 470 P	 48.10  
 471 P	 42.86  
 472 S	 69.79  
 473 E	 67.82  
 474 G	 43.69  
 475 E	 49.18  
 476 A	 40.12  
 477 E	 62.73  
 478 E	 77.75  
 479 E	 62.95  
 480 E	 70.59  
 481 K	 76.89  
 482 D	 67.87  
 483 K	 69.40  
 484 E	 72.99  
 485 E	 68.10  
 486 A	 30.50  
 487 E	 70.04  
 488 E	 69.09  
 489 E	 44.43  
 490 E	 57.36  
 491 A	 24.37  
 492 A	 28.19  
 493 E	 73.35  
 494 E	 57.31  
 495 E	 44.43  
 496 E	 58.15  
 497 A	 27.41  
 498 A	 24.07  
 499 K	 69.89  
 500 E	 63.13  
 501 E	 63.84  
 502 S	 41.66  
 503 E	 66.31  
 504 E	 74.46  
 505 A	 22.10  
 506 K	 69.78  
 507 E	 77.13  
 508 E	 61.72  
 509 E	 64.13  
 510 E	 75.64  
 511 G	 42.61  
 512 G	 42.91  
 513 E	 74.43  
 514 G	 41.34  
 515 E	 59.53  
 516 E	 80.77  
 517 G	 33.47  
 518 E	 66.81  
 519 E	 75.84  
 520 T	 29.86  
 521 K	 59.20  
 522 E	 69.59  
 523 A	 30.93  
 524 E	 68.01  
 525 E	 77.75  
 526 E	 67.62  
 527 E	 62.55  
 528 K	 66.45  
 529 K	 49.12  
 530 V	 14.03  
 531 E	 52.81  
 532 G	 41.70  
 533 A	 14.55  
 534 G	 50.24  
 535 E	 46.53  
 536 E	 44.60  
 537 Q	 42.17  
 538 A	 25.24  
 539 A	 24.72  
 540 K	 64.47  
 541 K	 58.40  
 542 K	 68.88  
 543 D	 73.04  
