 1 M	 21.02  
 2 D	 59.98  
 3 P	 38.87  
 4 K	 66.94  
 5 D	 73.37  
 6 R	 48.57  
 7 K	 65.45  
 8 K	 42.51  
 9 I	 5.84  
 10 Q	 33.18  
 11 F	 10.15  
 12 S	 15.71  
 13 V	 5.04  
 14 P	 37.54  
 15 A	 26.87  
 16 P	 24.01  
 17 P	 36.49  
 18 S	 42.17  
 19 Q	 56.51  
 20 L	 13.21  
 21 D	 28.79  
 22 P	 36.88  
 23 R	 53.49  
 24 Q	 40.69  
 25 V	 5.94  
 26 E	 22.13  
 27 M	 2.80  
 28 I	 1.64  
 29 R	 25.41  
 30 R	 28.21  
 31 R	 38.80  
 32 R	 37.32  
 33 P	 40.71  
 34 T	 23.13  
 35 P	 20.53  
 36 A	 15.13  
 37 M	 3.70  
 38 L	 2.16  
 39 F	 4.79  
 40 R	 33.09  
 41 L	 5.73  
 42 S	 29.07  
 43 E	 53.00  
 44 H	 30.15  
 45 S	 43.46  
 46 S	 37.93  
 47 P	 56.91  
 48 E	 71.11  
 49 E	 63.35  
 50 E	 53.43  
 51 A	 31.48  
 52 S	 26.62  
 53 P	 34.38  
 54 H	 27.54  
 55 Q	 46.12  
 56 R	 27.90  
 57 A	 18.47  
 58 S	 39.30  
 59 G	 43.87  
 60 E	 53.51  
 61 G	 19.62  
 62 H	 20.85  
 63 H	 45.89  
 64 L	 5.78  
 65 K	 49.96  
 66 S	 39.39  
 67 K	 59.25  
 68 R	 49.08  
 69 S	 49.19  
 70 N	 39.44  
 71 P	 12.83  
 72 C	 5.45  
 73 A	 16.70  
 74 Y	 26.88  
 75 T	 15.36  
 76 P	 12.10  
 77 P	 44.48  
 78 S	 43.64  
 79 L	 5.21  
 80 K	 51.34  
 81 A	 14.15  
 82 V	 3.62  
 83 Q	 35.60  
 84 R	 24.40  
 85 I	 2.52  
 86 A	 17.90  
 87 E	 36.00  
 88 S	 22.07  
 89 H	 21.28  
 90 L	 6.26  
 91 Q	 33.04  
 92 S	 34.05  
 93 I	 1.72  
 94 S	 31.11  
 95 N	 50.85  
 96 L	 7.90  
 97 G	 35.74  
 98 E	 49.70  
 99 N	 40.70  
 100 Q	 41.80  
 101 A	 30.41  
 102 S	 35.46  
 103 E	 69.31  
 104 E	 69.15  
 105 E	 53.38  
 106 D	 60.75  
 107 E	 63.05  
 108 L	 11.33  
 109 G	 29.82  
 110 E	 58.22  
 111 L	 4.97  
 112 R	 32.56  
 113 E	 60.20  
 114 L	 6.87  
 115 G	 26.16  
 116 Y	 16.25  
 117 P	 35.09  
 118 R	 56.31  
 119 E	 66.32  
 120 E	 72.49  
 121 E	 66.99  
 122 E	 74.18  
 123 E	 74.18  
 124 E	 74.18  
 125 E	 70.71  
 126 E	 74.22  
 127 E	 74.19  
 128 D	 72.40  
 129 E	 71.26  
 130 E	 80.95  
 131 E	 65.72  
 132 E	 71.08  
 133 E	 67.26  
 134 D	 49.70  
 135 S	 34.27  
 136 Q	 54.59  
 137 A	 16.90  
 138 E	 40.52  
 139 V	 8.20  
 140 L	 3.80  
 141 K	 61.08  
 142 G	 20.58  
 143 S	 31.70  
 144 R	 52.32  
 145 G	 24.44  
 146 S	 28.28  
 147 A	 27.53  
 148 G	 31.08  
 149 Q	 39.37  
 150 K	 41.75  
 151 T	 19.84  
 152 T	 32.46  
 153 Y	 16.81  
 154 G	 17.00  
 155 Q	 42.77  
 156 G	 22.72  
 157 L	 5.45  
 158 E	 70.77  
 159 G	 37.35  
 160 P	 22.00  
 161 W	 25.70  
 162 E	 59.45  
 163 R	 45.19  
 164 P	 24.28  
 165 P	 48.59  
 166 P	 45.85  
 167 L	 17.11  
 168 D	 72.93  
 169 G	 28.11  
 170 P	 26.21  
 171 Q	 62.72  
 172 R	 54.08  
 173 D	 56.96  
 174 G	 34.95  
 175 S	 34.54  
 176 S	 51.20  
 177 E	 54.91  
 178 D	 60.83  
 179 Q	 36.13  
 180 V	 16.23  
 181 E	 53.28  
 182 D	 34.61  
 183 P	 25.74  
 184 A	 35.03  
 185 L	 10.18  
 186 N	 56.37  
 187 E	 56.38  
 188 P	 55.19  
 189 G	 45.80  
 190 E	 76.77  
 191 E	 53.28  
 192 P	 31.04  
 193 Q	 68.23  
 194 R	 40.88  
 195 P	 29.67  
 196 A	 32.81  
 197 H	 29.91  
 198 P	 52.13  
 199 E	 46.63  
 200 P	 57.06  
 201 G	 42.25  
 202 T	 46.26  
