 1 M	 13.21  
 2 D	 72.55  
 3 E	 59.13  
 4 D	 62.71  
 5 E	 38.69  
 6 F	 20.56  
 7 E	 44.43  
 8 L	 12.51  
 9 Q	 30.36  
 10 P	 53.80  
 11 Q	 66.86  
 12 E	 53.80  
 13 P	 36.20  
 14 N	 51.18  
 15 S	 37.70  
 16 F	 9.10  
 17 F	 9.38  
 18 D	 45.87  
 19 G	 18.31  
 20 I	 4.41  
 21 G	 23.96  
 22 A	 11.01  
 23 D	 46.95  
 24 A	 10.00  
 25 T	 20.48  
 26 H	 17.66  
 27 M	 5.53  
 28 D	 50.33  
 29 G	 22.58  
 30 D	 30.67  
 31 Q	 35.59  
 32 I	 4.45  
 33 V	 2.35  
 34 V	 5.99  
 35 E	 28.23  
 36 I	 2.79  
 37 Q	 21.06  
 38 E	 53.08  
 39 A	 5.44  
 40 V	 4.85  
 41 F	 6.85  
 42 V	 3.26  
 43 S	 14.90  
 44 N	 32.76  
 45 I	 2.58  
 46 V	 7.25  
 47 D	 36.47  
 48 S	 21.73  
 49 D	 35.79  
 50 I	 5.12  
 51 T	 22.24  
 52 V	 3.38  
 53 H	 17.23  
 54 N	 34.96  
 55 F	 5.21  
 56 V	 6.53  
 57 P	 35.83  
 58 D	 74.83  
 59 D	 42.72  
 60 P	 43.06  
 61 D	 62.14  
 62 S	 24.54  
 63 V	 5.99  
 64 V	 3.63  
 65 I	 2.44  
 66 Q	 26.32  
 67 D	 34.99  
 68 V	 2.66  
 69 V	 7.56  
 70 E	 44.96  
 71 D	 28.51  
 72 V	 2.71  
 73 V	 7.63  
 74 I	 4.88  
 75 E	 36.21  
 76 E	 52.97  
 77 D	 24.01  
 78 V	 7.56  
 79 Q	 33.06  
 80 C	 3.86  
 81 S	 15.59  
 82 D	 58.06  
 83 I	 2.75  
 84 L	 6.13  
 85 E	 52.01  
 86 E	 46.88  
 87 A	 17.09  
 88 D	 47.99  
 89 V	 11.30  
 90 S	 24.81  
 91 E	 56.20  
 92 N	 23.84  
 93 V	 3.54  
 94 I	 7.01  
 95 I	 2.40  
 96 P	 18.16  
 97 E	 42.80  
 98 Q	 35.40  
 99 V	 6.46  
 100 L	 5.36  
 101 D	 43.89  
 102 S	 29.80  
 103 D	 51.53  
 104 V	 9.33  
 105 T	 31.27  
 106 E	 57.14  
 107 E	 28.21  
 108 V	 6.07  
 109 S	 39.19  
 110 L	 3.97  
 111 P	 17.01  
 112 H	 25.77  
 113 C	 3.76  
 114 T	 31.85  
 115 V	 6.27  
 116 P	 17.58  
 117 D	 55.07  
 118 D	 31.12  
 119 V	 6.66  
 120 L	 4.93  
 121 A	 12.66  
 122 S	 25.94  
 123 D	 42.45  
 124 I	 2.80  
 125 T	 30.83  
 126 S	 20.86  
 127 T	 21.57  
 128 S	 14.50  
 129 M	 3.94  
 130 S	 30.84  
 131 M	 3.19  
 132 P	 22.64  
 133 E	 37.68  
 134 H	 17.64  
 135 V	 6.26  
 136 L	 4.74  
 137 T	 29.38  
 138 S	 24.42  
 139 E	 47.01  
 140 S	 17.60  
 141 M	 2.11  
 142 H	 26.74  
 143 V	 2.05  
 144 C	 1.59  
 145 D	 49.14  
 146 I	 3.30  
 147 G	 12.92  
 148 H	 23.33  
 149 V	 4.57  
 150 E	 22.16  
 151 H	 23.60  
 152 M	 1.49  
 153 V	 4.97  
 154 H	 17.66  
 155 D	 31.55  
 156 S	 17.12  
 157 V	 5.85  
 158 V	 7.17  
 159 E	 38.13  
 160 A	 11.15  
 161 E	 22.78  
 162 I	 5.46  
 163 I	 2.41  
 164 T	 36.91  
 165 D	 26.29  
 166 P	 28.96  
 167 L	 8.78  
 168 T	 29.73  
 169 S	 32.78  
 170 D	 39.82  
 171 I	 3.53  
 172 V	 7.66  
 173 S	 28.51  
 174 E	 41.03  
 175 E	 33.38  
 176 V	 4.59  
 177 L	 2.73  
 178 V	 5.22  
 179 A	 11.29  
 180 D	 22.95  
 181 C	 4.99  
 182 A	 12.91  
 183 P	 36.09  
 184 E	 36.72  
 185 A	 11.51  
 186 V	 3.77  
 187 I	 4.76  
 188 D	 28.25  
 189 A	 9.87  
 190 S	 32.67  
 191 G	 20.22  
 192 I	 3.17  
 193 S	 24.14  
 194 V	 7.92  
 195 D	 33.36  
 196 Q	 50.82  
 197 Q	 47.19  
 198 D	 60.71  
 199 N	 48.63  
 200 D	 57.07  
 201 K	 48.75  
 202 A	 23.44  
 203 S	 24.63  
 204 C	 5.72  
 205 E	 47.39  
 206 D	 46.31  
 207 Y	 3.95  
 208 L	 3.67  
 209 M	 1.27  
 210 I	 3.23  
 211 S	 16.27  
 212 L	 4.83  
 213 D	 36.60  
 214 D	 63.61  
 215 A	 22.35  
 216 G	 38.17  
 217 K	 46.79  
 218 I	 5.78  
 219 E	 39.14  
 220 H	 48.48  
 221 D	 39.69  
 222 G	 29.08  
 223 S	 28.22  
 224 T	 41.00  
 225 G	 19.10  
 226 V	 4.25  
 227 T	 17.93  
 228 I	 4.37  
 229 D	 34.61  
 230 A	 20.54  
 231 E	 43.41  
 232 S	 39.68  
 233 E	 38.83  
 234 M	 10.97  
 235 D	 41.20  
 236 P	 20.65  
 237 C	 6.13  
 238 K	 55.24  
 239 V	 10.03  
 240 D	 24.59  
 241 S	 34.59  
 242 T	 27.84  
 243 C	 2.91  
 244 P	 38.69  
 245 E	 60.05  
 246 V	 2.87  
 247 I	 2.08  
 248 K	 33.87  
 249 V	 2.81  
 250 Y	 8.81  
 251 I	 2.98  
 252 F	 2.67  
 253 K	 42.18  
 254 A	 19.92  
 255 D	 52.94  
 256 P	 53.59  
 257 G	 52.06  
 258 E	 54.46  
 259 D	 63.45  
 260 D	 42.80  
 261 L	 12.02  
 262 G	 36.40  
 263 G	 29.84  
 264 T	 17.13  
 265 V	 5.52  
 266 D	 38.77  
 267 I	 3.00  
 268 V	 5.99  
 269 E	 50.12  
 270 S	 47.78  
 271 E	 43.03  
 272 P	 55.78  
 273 E	 71.84  
 274 N	 58.24  
 275 D	 37.95  
 276 H	 54.50  
 277 G	 19.91  
 278 V	 4.15  
 279 E	 48.48  
 280 L	 6.24  
 281 L	 3.94  
 282 D	 59.23  
 283 Q	 52.23  
 284 N	 37.07  
 285 S	 22.85  
 286 S	 23.20  
 287 I	 5.30  
 288 R	 34.04  
 289 V	 5.09  
 290 P	 28.94  
 291 R	 54.00  
 292 E	 39.16  
 293 K	 34.64  
 294 M	 1.93  
 295 V	 4.35  
 296 Y	 5.42  
 297 M	 1.99  
 298 T	 9.85  
 299 V	 4.22  
 300 N	 33.77  
 301 D	 43.41  
 302 S	 28.67  
 303 Q	 54.25  
 304 Q	 65.15  
 305 E	 56.59  
 306 D	 50.82  
 307 E	 64.74  
 308 D	 56.73  
 309 L	 5.37  
 310 N	 43.18  
 311 V	 7.04  
 312 A	 11.04  
 313 E	 34.13  
 314 I	 4.17  
 315 A	 9.83  
 316 D	 52.10  
 317 E	 26.90  
 318 V	 5.92  
 319 Y	 5.87  
 320 M	 3.91  
 321 E	 16.05  
 322 V	 2.15  
 323 I	 1.78  
 324 V	 10.76  
 325 G	 22.81  
 326 E	 41.64  
 327 E	 47.20  
 328 D	 35.21  
 329 A	 13.71  
 330 A	 12.10  
 331 V	 3.90  
 332 A	 6.15  
 333 A	 7.34  
 334 A	 6.46  
 335 A	 7.39  
 336 A	 12.80  
 337 A	 9.85  
 338 V	 4.35  
 339 H	 23.56  
 340 E	 37.27  
 341 Q	 30.56  
 342 Q	 41.96  
 343 I	 6.64  
 344 D	 53.62  
 345 E	 58.46  
 346 D	 58.50  
 347 E	 40.30  
 348 M	 8.40  
 349 K	 36.44  
 350 T	 28.67  
 351 F	 5.26  
 352 V	 3.97  
 353 P	 13.34  
 354 I	 4.14  
 355 A	 5.47  
 356 W	 6.27  
 357 A	 3.53  
 358 A	 7.18  
 359 A	 12.67  
 360 Y	 18.69  
 361 G	 23.32  
 362 N	 31.96  
 363 N	 36.79  
 364 S	 41.01  
 365 D	 65.30  
 366 G	 29.00  
 367 I	 5.21  
 368 E	 56.52  
 369 N	 40.57  
 370 R	 30.11  
 371 N	 64.84  
 372 G	 21.30  
 373 T	 22.46  
 374 A	 8.33  
 375 S	 21.20  
 376 A	 16.22  
 377 L	 3.11  
 378 L	 3.13  
 379 H	 26.72  
 380 I	 6.75  
 381 D	 32.81  
 382 E	 41.72  
 383 S	 24.72  
 384 A	 18.38  
 385 G	 37.63  
 386 L	 3.45  
 387 G	 22.95  
 388 R	 36.19  
 389 L	 7.10  
 390 A	 15.75  
 391 K	 64.54  
 392 Q	 62.77  
 393 K	 59.08  
 394 P	 51.72  
 395 K	 77.34  
 396 K	 61.10  
 397 K	 60.82  
 398 R	 65.33  
 399 R	 48.54  
 400 P	 48.22  
 401 D	 55.42  
 402 S	 24.78  
 403 R	 46.75  
 404 Q	 38.34  
 405 Y	 13.51  
 406 Q	 19.00  
 407 T	 18.19  
 408 A	 3.88  
 409 I	 2.40  
 410 I	 2.49  
 411 I	 5.53  
 412 G	 12.11  
 413 P	 33.72  
 414 D	 63.92  
 415 G	 27.69  
 416 H	 22.90  
 417 P	 34.94  
 418 L	 4.14  
 419 T	 23.57  
 420 V	 7.09  
 421 Y	 5.86  
 422 P	 9.25  
 423 C	 1.25  
 424 M	 2.16  
 425 I	 3.40  
 426 C	 2.32  
 427 G	 25.84  
 428 K	 51.10  
 429 K	 43.22  
 430 F	 11.21  
 431 K	 48.39  
 432 S	 40.54  
 433 R	 40.24  
 434 G	 39.05  
 435 F	 7.65  
 436 L	 5.47  
 437 K	 37.69  
 438 R	 36.96  
 439 H	 29.95  
 440 M	 5.58  
 441 K	 46.08  
 442 N	 48.66  
 443 H	 24.49  
 444 P	 39.84  
 445 E	 43.94  
 446 H	 35.22  
 447 L	 7.72  
 448 A	 24.43  
 449 K	 57.04  
 450 K	 53.62  
 451 K	 39.25  
 452 Y	 15.82  
 453 H	 19.51  
 454 C	 2.89  
 455 T	 26.75  
 456 D	 28.78  
 457 C	 2.02  
 458 D	 46.77  
 459 Y	 23.07  
 460 T	 15.61  
 461 T	 38.52  
 462 N	 35.50  
 463 K	 49.76  
 464 K	 39.33  
 465 I	 5.90  
 466 S	 32.24  
 467 L	 5.51  
 468 H	 16.93  
 469 N	 46.89  
 470 H	 21.89  
 471 L	 9.79  
 472 E	 43.15  
 473 S	 32.08  
 474 H	 21.55  
 475 K	 63.84  
 476 L	 5.67  
 477 T	 32.74  
 478 S	 40.06  
 479 K	 56.16  
 480 A	 24.24  
 481 E	 46.92  
 482 K	 60.57  
 483 A	 8.36  
 484 I	 8.85  
 485 E	 40.55  
 486 C	 4.34  
 487 D	 41.24  
 488 E	 57.75  
 489 C	 5.85  
 490 G	 25.15  
 491 K	 53.81  
 492 H	 18.09  
 493 F	 6.97  
 494 S	 16.49  
 495 H	 27.52  
 496 A	 12.07  
 497 G	 19.86  
 498 A	 10.57  
 499 L	 5.07  
 500 F	 7.15  
 501 T	 22.80  
 502 H	 14.64  
 503 K	 39.29  
 504 M	 2.72  
 505 V	 7.51  
 506 H	 29.11  
 507 K	 50.11  
 508 E	 41.67  
 509 K	 69.03  
 510 G	 35.16  
 511 A	 24.44  
 512 N	 51.34  
 513 K	 41.68  
 514 M	 3.51  
 515 H	 33.69  
 516 K	 35.30  
 517 C	 2.19  
 518 K	 58.83  
 519 F	 5.54  
 520 C	 3.13  
 521 E	 49.92  
 522 Y	 21.54  
 523 E	 21.17  
 524 T	 34.29  
 525 A	 8.65  
 526 E	 53.23  
 527 Q	 45.42  
 528 G	 24.52  
 529 L	 3.70  
 530 L	 7.28  
 531 N	 34.08  
 532 R	 23.07  
 533 H	 24.91  
 534 L	 2.72  
 535 L	 3.70  
 536 A	 11.88  
 537 V	 5.44  
 538 H	 27.70  
 539 S	 23.77  
 540 K	 47.97  
 541 N	 59.71  
 542 F	 5.53  
 543 P	 25.90  
 544 H	 23.18  
 545 I	 2.61  
 546 C	 1.59  
 547 V	 7.25  
 548 E	 32.89  
 549 C	 3.21  
 550 G	 21.44  
 551 K	 67.54  
 552 G	 15.31  
 553 F	 8.05  
 554 R	 49.85  
 555 H	 28.16  
 556 P	 25.83  
 557 S	 43.04  
 558 E	 57.98  
 559 L	 11.81  
 560 R	 23.84  
 561 K	 55.14  
 562 H	 12.34  
 563 M	 4.89  
 564 R	 19.77  
 565 I	 2.37  
 566 H	 19.91  
 567 T	 44.67  
 568 G	 27.11  
 569 E	 52.60  
 570 K	 50.82  
 571 P	 21.81  
 572 Y	 32.75  
 573 Q	 19.16  
 574 C	 2.28  
 575 Q	 30.31  
 576 Y	 8.55  
 577 C	 1.20  
 578 E	 38.76  
 579 Y	 13.30  
 580 R	 11.77  
 581 S	 35.21  
 582 A	 16.23  
 583 D	 54.57  
 584 S	 22.35  
 585 S	 46.89  
 586 N	 49.89  
 587 L	 7.96  
 588 K	 42.16  
 589 T	 31.81  
 590 H	 20.26  
 591 I	 7.99  
 592 K	 43.87  
 593 T	 33.13  
 594 K	 40.66  
 595 H	 49.70  
 596 S	 31.69  
 597 K	 58.72  
 598 E	 55.92  
 599 M	 5.63  
 600 P	 27.00  
 601 F	 13.68  
 602 K	 25.73  
 603 C	 4.33  
 604 D	 34.91  
 605 I	 2.21  
 606 C	 1.30  
 607 L	 5.29  
 608 L	 3.84  
 609 T	 14.24  
 610 F	 6.67  
 611 S	 38.85  
 612 D	 58.57  
 613 T	 28.10  
 614 K	 61.96  
 615 E	 47.88  
 616 V	 7.66  
 617 Q	 30.35  
 618 Q	 36.39  
 619 H	 12.22  
 620 T	 26.57  
 621 L	 2.80  
 622 V	 4.62  
 623 H	 28.89  
 624 Q	 49.53  
 625 E	 39.05  
 626 S	 35.96  
 627 K	 49.64  
 628 T	 26.85  
 629 H	 21.79  
 630 Q	 36.38  
 631 C	 1.86  
 632 L	 3.47  
 633 H	 23.68  
 634 C	 3.65  
 635 D	 41.31  
 636 H	 36.97  
 637 K	 42.18  
 638 S	 31.19  
 639 S	 45.60  
 640 N	 53.26  
 641 S	 27.46  
 642 S	 51.73  
 643 D	 56.90  
 644 L	 5.92  
 645 K	 45.51  
 646 R	 36.28  
 647 H	 21.48  
 648 V	 3.97  
 649 I	 2.66  
 650 S	 13.52  
 651 V	 4.58  
 652 H	 22.02  
 653 T	 24.37  
 654 K	 40.15  
 655 D	 64.45  
 656 Y	 14.59  
 657 P	 30.51  
 658 H	 40.96  
 659 K	 27.64  
 660 C	 3.51  
 661 E	 52.23  
 662 M	 5.12  
 663 C	 1.97  
 664 E	 55.70  
 665 K	 63.05  
 666 G	 10.99  
 667 F	 7.00  
 668 H	 49.78  
 669 R	 33.89  
 670 P	 24.48  
 671 S	 56.36  
 672 E	 68.26  
 673 L	 11.98  
 674 K	 36.46  
 675 K	 56.80  
 676 H	 15.92  
 677 V	 9.04  
 678 A	 9.45  
 679 V	 4.69  
 680 H	 24.34  
 681 K	 66.87  
 682 G	 21.68  
 683 K	 52.29  
 684 K	 50.73  
 685 M	 2.77  
 686 H	 32.25  
 687 Q	 23.57  
 688 C	 1.63  
 689 R	 27.22  
 690 H	 24.11  
 691 C	 3.21  
 692 D	 41.57  
 693 F	 8.20  
 694 K	 24.59  
 695 I	 5.47  
 696 A	 21.00  
 697 D	 40.41  
 698 P	 16.54  
 699 F	 9.94  
 700 V	 6.04  
 701 L	 3.68  
 702 S	 19.26  
 703 R	 19.39  
 704 H	 23.20  
 705 I	 2.74  
 706 L	 3.41  
 707 S	 15.96  
 708 V	 6.27  
 709 H	 24.67  
 710 T	 24.89  
 711 K	 42.25  
 712 D	 61.81  
 713 L	 4.62  
 714 P	 25.44  
 715 F	 21.77  
 716 R	 24.09  
 717 C	 3.14  
 718 K	 50.72  
 719 R	 29.15  
 720 C	 3.01  
 721 R	 46.28  
 722 K	 67.06  
 723 G	 12.01  
 724 F	 7.75  
 725 R	 45.93  
 726 Q	 48.46  
 727 Q	 40.90  
 728 N	 48.51  
 729 E	 58.59  
 730 L	 13.52  
 731 K	 34.16  
 732 K	 62.65  
 733 H	 22.76  
 734 M	 8.01  
 735 K	 42.69  
 736 T	 17.44  
 737 H	 23.80  
 738 S	 45.59  
 739 G	 26.31  
 740 R	 28.43  
 741 K	 49.14  
 742 V	 3.72  
 743 Y	 15.52  
 744 Q	 19.29  
 745 C	 1.89  
 746 E	 37.38  
 747 Y	 9.75  
 748 C	 1.52  
 749 E	 41.43  
 750 Y	 14.04  
 751 S	 11.53  
 752 T	 28.00  
 753 T	 24.51  
 754 D	 38.53  
 755 A	 14.95  
 756 S	 47.80  
 757 G	 33.54  
 758 F	 6.11  
 759 K	 45.15  
 760 R	 27.35  
 761 H	 23.12  
 762 V	 4.22  
 763 I	 2.33  
 764 S	 13.76  
 765 I	 3.08  
 766 H	 21.77  
 767 T	 24.76  
 768 K	 40.89  
 769 D	 64.45  
 770 Y	 11.51  
 771 P	 20.69  
 772 H	 40.57  
 773 R	 15.51  
 774 C	 3.87  
 775 E	 54.65  
 776 Y	 17.13  
 777 C	 1.39  
 778 K	 55.84  
 779 K	 60.77  
 780 G	 13.54  
 781 F	 9.10  
 782 R	 59.26  
 783 R	 36.51  
 784 P	 42.45  
 785 S	 60.43  
 786 E	 59.72  
 787 K	 67.27  
 788 N	 34.31  
 789 Q	 38.25  
 790 H	 25.80  
 791 I	 1.55  
 792 M	 2.90  
 793 R	 28.31  
 794 H	 20.99  
 795 H	 20.01  
 796 K	 48.22  
 797 E	 37.14  
 798 V	 13.07  
 799 G	 33.07  
 800 L	 5.70  
 801 P	 35.92  
