 1 M	 9.10  
 2 S	 39.18  
 3 I	 6.37  
 4 E	 31.05  
 5 K	 41.71  
 6 I	 1.95  
 7 W	 10.59  
 8 A	 11.60  
 9 R	 19.25  
 10 E	 39.91  
 11 I	 4.28  
 12 L	 4.13  
 13 D	 41.78  
 14 S	 38.35  
 15 R	 48.88  
 16 G	 48.71  
 17 N	 28.14  
 18 P	 40.42  
 19 T	 33.04  
 20 V	 7.72  
 21 E	 32.56  
 22 V	 5.52  
 23 D	 22.05  
 24 L	 5.03  
 25 Y	 10.53  
 26 T	 29.23  
 27 A	 7.14  
 28 K	 48.63  
 29 G	 27.81  
 30 L	 2.30  
 31 F	 7.33  
 32 R	 27.04  
 33 A	 12.89  
 34 A	 14.97  
 35 V	 3.65  
 36 P	 23.48  
 37 S	 40.15  
 38 G	 19.92  
 39 A	 14.30  
 40 S	 30.60  
 41 T	 27.37  
 42 G	 20.27  
 43 I	 2.59  
 44 Y	 9.11  
 45 E	 44.87  
 46 A	 6.86  
 47 L	 4.21  
 48 E	 49.13  
 49 L	 6.68  
 50 R	 36.17  
 51 D	 80.44  
 52 G	 37.27  
 53 D	 48.48  
 54 K	 42.05  
 55 Q	 43.95  
 56 R	 34.09  
 57 Y	 19.81  
 58 L	 6.60  
 59 G	 18.75  
 60 K	 43.16  
 61 G	 28.35  
 62 V	 5.89  
 63 L	 3.93  
 64 K	 43.91  
 65 A	 14.07  
 66 V	 5.42  
 67 D	 41.63  
 68 H	 17.96  
 69 I	 3.64  
 70 N	 29.67  
 71 S	 22.16  
 72 T	 19.37  
 73 I	 4.31  
 74 A	 5.38  
 75 P	 24.61  
 76 A	 14.43  
 77 L	 3.67  
 78 I	 3.15  
 79 S	 21.14  
 80 S	 36.44  
 81 G	 18.38  
 82 L	 3.67  
 83 S	 27.87  
 84 V	 7.08  
 85 V	 5.89  
 86 E	 51.36  
 87 Q	 41.33  
 88 E	 41.92  
 89 K	 61.92  
 90 L	 5.33  
 91 D	 58.23  
 92 N	 37.47  
 93 L	 4.07  
 94 M	 3.24  
 95 L	 7.14  
 96 E	 30.74  
 97 L	 6.92  
 98 D	 53.22  
 99 G	 47.77  
 100 T	 35.73  
 101 E	 69.09  
 102 N	 54.46  
 103 K	 49.11  
 104 S	 44.81  
 105 K	 49.80  
 106 F	 16.82  
 107 G	 22.97  
 108 A	 12.86  
 109 N	 28.08  
 110 A	 9.61  
 111 I	 3.27  
 112 L	 5.28  
 113 G	 10.80  
 114 V	 3.67  
 115 S	 14.60  
 116 L	 3.73  
 117 A	 9.35  
 118 V	 4.11  
 119 C	 1.76  
 120 K	 43.17  
 121 A	 14.02  
 122 G	 15.71  
 123 A	 15.82  
 124 A	 18.56  
 125 E	 46.27  
 126 R	 46.13  
 127 E	 46.36  
 128 L	 4.42  
 129 P	 23.69  
 130 L	 10.30  
 131 Y	 9.75  
 132 R	 23.55  
 133 H	 13.23  
 134 I	 1.61  
 135 A	 7.69  
 136 Q	 31.10  
 137 L	 4.94  
 138 A	 11.75  
 139 G	 42.65  
 140 N	 27.09  
 141 S	 32.64  
 142 D	 41.55  
 143 L	 4.32  
 144 I	 4.98  
 145 L	 4.56  
 146 P	 24.05  
 147 V	 4.84  
 148 P	 29.24  
 149 A	 14.64  
 150 F	 6.50  
 151 N	 35.55  
 152 V	 2.65  
 153 I	 4.09  
 154 N	 44.48  
 155 G	 28.05  
 156 G	 16.27  
 157 S	 16.15  
 158 H	 40.71  
 159 A	 25.58  
 160 G	 26.78  
 161 N	 36.63  
 162 K	 36.38  
 163 L	 5.79  
 164 A	 10.14  
 165 M	 5.94  
 166 Q	 34.86  
 167 E	 24.89  
 168 F	 1.76  
 169 M	 2.79  
 170 I	 4.83  
 171 L	 1.56  
 172 P	 16.15  
 173 V	 11.56  
 174 G	 22.99  
 175 A	 14.97  
 176 E	 44.47  
 177 S	 25.66  
 178 F	 6.53  
 179 R	 39.80  
 180 D	 42.58  
 181 A	 4.82  
 182 M	 4.21  
 183 R	 31.52  
 184 L	 4.97  
 185 G	 14.88  
 186 A	 13.99  
 187 E	 41.64  
 188 V	 4.15  
 189 Y	 4.80  
 190 H	 29.87  
 191 T	 16.69  
 192 L	 2.64  
 193 K	 52.89  
 194 G	 29.51  
 195 V	 4.74  
 196 I	 6.96  
 197 K	 45.84  
 198 D	 37.98  
 199 K	 51.40  
 200 Y	 39.27  
 201 G	 27.40  
 202 K	 40.89  
 203 D	 55.02  
 204 A	 12.45  
 205 T	 40.34  
 206 N	 37.18  
 207 V	 9.93  
 208 G	 29.35  
 209 D	 47.27  
 210 E	 56.11  
 211 G	 41.06  
 212 G	 17.31  
 213 F	 17.55  
 214 A	 10.25  
 215 P	 26.57  
 216 N	 48.31  
 217 I	 5.06  
 218 L	 6.92  
 219 E	 55.71  
 220 N	 41.53  
 221 S	 18.18  
 222 E	 69.70  
 223 A	 13.22  
 224 L	 4.61  
 225 E	 59.57  
 226 L	 7.49  
 227 V	 3.72  
 228 K	 54.79  
 229 E	 43.29  
 230 A	 15.01  
 231 I	 6.14  
 232 D	 41.63  
 233 K	 37.28  
 234 A	 16.69  
 235 G	 35.32  
 236 Y	 19.31  
 237 T	 29.86  
 238 E	 32.09  
 239 K	 34.18  
 240 I	 1.91  
 241 V	 4.60  
 242 I	 4.27  
 243 G	 8.71  
 244 M	 2.29  
 245 D	 22.99  
 246 V	 3.39  
 247 A	 10.87  
 248 A	 14.94  
 249 S	 20.64  
 250 E	 41.81  
 251 F	 5.85  
 252 Y	 12.07  
 253 R	 52.07  
 254 D	 46.70  
 255 G	 22.79  
 256 K	 39.62  
 257 Y	 27.54  
 258 D	 43.16  
 259 L	 8.28  
 260 D	 46.13  
 261 F	 12.56  
 262 K	 56.01  
 263 S	 32.78  
 264 P	 41.22  
 265 T	 68.58  
 266 D	 42.43  
 267 P	 24.16  
 268 S	 40.29  
 269 R	 32.06  
 270 Y	 13.74  
 271 I	 3.18  
 272 T	 26.27  
 273 G	 15.88  
 274 D	 31.70  
 275 Q	 43.04  
 276 L	 5.29  
 277 G	 14.11  
 278 A	 16.22  
 279 L	 3.61  
 280 Y	 12.90  
 281 Q	 38.22  
 282 D	 30.37  
 283 F	 2.61  
 284 V	 6.48  
 285 R	 37.43  
 286 D	 46.95  
 287 Y	 6.33  
 288 P	 25.07  
 289 V	 4.25  
 290 V	 4.05  
 291 S	 22.09  
 292 I	 4.74  
 293 E	 52.72  
 294 D	 47.71  
 295 P	 23.17  
 296 F	 23.77  
 297 D	 57.28  
 298 Q	 51.44  
 299 D	 56.09  
 300 D	 31.14  
 301 W	 9.00  
 302 A	 13.17  
 303 A	 13.56  
 304 W	 8.36  
 305 S	 17.11  
 306 K	 35.71  
 307 F	 6.95  
 308 T	 22.51  
 309 A	 16.31  
 310 N	 29.50  
 311 V	 7.10  
 312 G	 13.09  
 313 I	 1.89  
 314 Q	 20.56  
 315 I	 3.36  
 316 V	 3.84  
 317 G	 25.09  
 318 D	 36.53  
 319 D	 38.01  
 320 L	 5.02  
 321 T	 32.07  
 322 V	 6.73  
 323 T	 40.34  
 324 N	 35.44  
 325 P	 20.24  
 326 K	 68.99  
 327 R	 36.94  
 328 I	 5.40  
 329 E	 38.32  
 330 R	 41.37  
 331 A	 10.57  
 332 V	 14.13  
 333 E	 53.44  
 334 E	 39.08  
 335 K	 44.74  
 336 A	 7.95  
 337 C	 5.68  
 338 N	 25.08  
 339 C	 2.59  
 340 L	 3.80  
 341 L	 4.79  
 342 L	 3.62  
 343 K	 38.82  
 344 V	 6.86  
 345 N	 26.60  
 346 Q	 44.39  
 347 I	 3.61  
 348 G	 13.29  
 349 S	 27.74  
 350 V	 4.77  
 351 T	 22.77  
 352 E	 41.44  
 353 A	 6.99  
 354 I	 1.86  
 355 Q	 47.99  
 356 A	 6.06  
 357 C	 1.81  
 358 K	 50.28  
 359 L	 6.30  
 360 A	 10.51  
 361 Q	 55.94  
 362 E	 52.70  
 363 N	 39.16  
 364 G	 23.05  
 365 W	 14.05  
 366 G	 10.07  
 367 V	 2.49  
 368 M	 1.95  
 369 V	 3.97  
 370 S	 8.62  
 371 H	 19.26  
 372 R	 38.56  
 373 S	 35.24  
 374 G	 45.89  
 375 E	 50.71  
 376 T	 42.56  
 377 E	 51.23  
 378 D	 55.10  
 379 T	 15.65  
 380 F	 7.20  
 381 I	 2.94  
 382 A	 10.41  
 383 D	 34.87  
 384 L	 2.19  
 385 V	 3.10  
 386 V	 6.69  
 387 G	 13.93  
 388 L	 1.27  
 389 C	 3.10  
 390 T	 36.84  
 391 G	 26.64  
 392 Q	 18.82  
 393 I	 4.57  
 394 K	 32.78  
 395 T	 39.96  
 396 G	 23.63  
 397 A	 12.78  
 398 P	 18.52  
 399 C	 8.08  
 400 R	 40.26  
 401 S	 33.51  
 402 E	 32.15  
 403 R	 40.99  
 404 L	 4.18  
 405 A	 20.64  
 406 K	 49.69  
 407 Y	 11.52  
 408 N	 28.01  
 409 Q	 33.28  
 410 L	 1.91  
 411 M	 2.67  
 412 R	 41.58  
 413 I	 4.94  
 414 E	 34.75  
 415 E	 57.03  
 416 E	 45.31  
 417 L	 13.66  
 418 G	 33.71  
 419 D	 60.03  
 420 E	 39.69  
 421 A	 19.34  
 422 R	 21.65  
 423 F	 14.23  
 424 A	 16.87  
 425 G	 17.35  
 426 H	 27.16  
 427 N	 36.33  
 428 F	 7.10  
 429 R	 60.51  
 430 N	 29.12  
 431 P	 22.89  
 432 S	 39.33  
 433 V	 8.51  
 434 L	 7.34  
