 1 M	 9.56  
 2 A	 18.15  
 3 P	 19.83  
 4 V	 5.98  
 5 H	 32.67  
 6 G	 40.43  
 7 D	 27.70  
 8 D	 56.95  
 9 S	 34.22  
 10 L	 9.43  
 11 S	 33.41  
 12 D	 63.41  
 13 S	 32.72  
 14 G	 30.05  
 15 S	 26.82  
 16 F	 7.63  
 17 V	 5.63  
 18 S	 16.46  
 19 S	 25.34  
 20 R	 25.30  
 21 A	 19.48  
 22 R	 46.29  
 23 R	 60.13  
 24 E	 60.32  
 25 K	 61.61  
 26 K	 63.86  
 27 S	 51.14  
 28 K	 69.03  
 29 K	 67.43  
 30 G	 39.99  
 31 R	 39.79  
 32 Q	 49.32  
 33 E	 54.59  
 34 A	 13.34  
 35 L	 3.76  
 36 E	 64.12  
 37 R	 53.29  
 38 L	 4.94  
 39 K	 57.83  
 40 K	 60.76  
 41 A	 12.82  
 42 K	 66.84  
 43 A	 35.92  
 44 G	 31.09  
 45 E	 59.06  
 46 K	 46.23  
 47 Y	 17.94  
 48 K	 46.10  
 49 Y	 23.32  
 50 E	 34.97  
 51 V	 8.52  
 52 E	 35.15  
 53 D	 52.13  
 54 F	 3.97  
 55 T	 37.75  
 56 G	 21.72  
 57 V	 5.03  
 58 Y	 14.02  
 59 E	 49.49  
 60 E	 37.27  
 61 V	 8.19  
 62 D	 57.93  
 63 E	 52.77  
 64 E	 50.81  
 65 Q	 45.83  
 66 Y	 15.85  
 67 S	 21.14  
 68 K	 47.98  
 69 L	 2.58  
 70 V	 4.87  
 71 Q	 41.06  
 72 A	 12.01  
 73 R	 24.30  
 74 Q	 62.59  
 75 D	 50.73  
 76 D	 44.82  
 77 D	 45.34  
 78 W	 10.25  
 79 I	 2.91  
 80 V	 6.02  
 81 D	 38.87  
 82 D	 45.18  
 83 D	 46.26  
 84 G	 23.40  
 85 I	 4.65  
 86 G	 26.43  
 87 Y	 9.95  
 88 V	 4.57  
 89 E	 46.38  
 90 D	 51.94  
 91 G	 18.67  
 92 R	 46.27  
 93 E	 54.24  
 94 I	 4.40  
 95 F	 7.84  
 96 D	 54.93  
 97 D	 52.20  
 98 D	 54.52  
 99 L	 11.34  
 100 E	 61.92  
 101 D	 54.50  
 102 D	 39.39  
 103 A	 21.47  
 104 L	 7.79  
 105 D	 54.41  
 106 A	 27.93  
 107 D	 58.78  
 108 E	 66.48  
 109 K	 72.33  
 110 G	 31.10  
 111 K	 74.50  
 112 D	 72.92  
 113 G	 29.07  
 114 K	 55.07  
 115 A	 26.30  
 116 R	 54.97  
 117 N	 62.83  
 118 K	 60.10  
 119 D	 59.71  
 120 K	 47.70  
 121 R	 64.41  
 122 N	 56.55  
 123 V	 7.21  
 124 K	 45.69  
 125 K	 37.08  
 126 L	 3.72  
 127 A	 18.80  
 128 V	 11.65  
 129 T	 34.87  
 130 K	 38.87  
 131 P	 29.72  
 132 N	 65.50  
 133 N	 52.14  
 134 I	 4.43  
 135 K	 37.68  
 136 S	 18.35  
 137 M	 2.09  
 138 F	 4.06  
 139 I	 2.00  
 140 A	 2.59  
 141 C	 4.36  
 142 A	 24.66  
 143 G	 31.70  
 144 K	 28.55  
 145 K	 48.29  
 146 T	 43.50  
 147 A	 25.78  
 148 D	 44.68  
 149 K	 48.09  
 150 A	 10.70  
 151 V	 10.55  
 152 D	 50.51  
 153 L	 5.72  
 154 S	 25.00  
 155 K	 64.21  
 156 D	 49.99  
 157 G	 26.91  
 158 L	 7.48  
 159 L	 7.67  
 160 G	 25.59  
 161 D	 38.09  
 162 I	 3.36  
 163 L	 3.74  
 164 Q	 54.18  
 165 D	 38.14  
 166 L	 5.72  
 167 N	 44.13  
 168 T	 48.83  
 169 E	 58.37  
 170 T	 20.60  
 171 P	 19.83  
 172 Q	 60.65  
 173 I	 7.04  
 174 T	 25.21  
 175 P	 32.59  
 176 P	 26.01  
 177 P	 29.52  
 178 V	 4.61  
 179 M	 3.51  
 180 I	 5.33  
 181 L	 3.43  
 182 K	 45.37  
 183 K	 50.39  
 184 K	 50.19  
 185 R	 42.24  
 186 S	 33.96  
 187 I	 6.58  
 188 G	 22.65  
 189 A	 21.83  
 190 S	 21.72  
 191 P	 52.56  
 192 N	 47.99  
 193 P	 26.69  
 194 F	 17.69  
 195 S	 17.78  
 196 V	 4.81  
 197 H	 14.48  
 198 T	 24.45  
 199 A	 4.43  
 200 T	 29.37  
 201 A	 14.57  
 202 V	 3.17  
 203 P	 34.59  
 204 S	 46.23  
 205 G	 21.22  
 206 K	 39.16  
 207 I	 5.39  
 208 A	 15.97  
 209 S	 29.34  
 210 P	 21.05  
 211 V	 8.83  
 212 S	 40.81  
 213 R	 47.82  
 214 K	 68.04  
 215 E	 51.55  
 216 P	 32.03  
 217 P	 50.38  
 218 L	 14.30  
 219 T	 28.19  
 220 P	 33.15  
 221 V	 7.95  
 222 P	 33.11  
 223 L	 6.29  
 224 K	 43.42  
 225 R	 47.21  
 226 A	 18.05  
 227 E	 39.81  
 228 F	 10.07  
 229 A	 16.41  
 230 G	 36.65  
 231 D	 49.86  
 232 D	 31.65  
 233 V	 9.04  
 234 Q	 40.01  
 235 V	 6.70  
 236 E	 34.55  
 237 S	 42.11  
 238 T	 33.63  
 239 E	 69.67  
 240 E	 66.13  
 241 E	 54.11  
 242 Q	 54.13  
 243 E	 55.19  
 244 S	 31.39  
 245 G	 28.34  
 246 A	 12.01  
 247 M	 7.46  
 248 E	 45.40  
 249 F	 7.14  
 250 E	 48.02  
 251 D	 68.25  
 252 G	 30.22  
 253 D	 61.21  
 254 F	 16.33  
 255 D	 64.92  
 256 E	 46.68  
 257 P	 26.52  
 258 M	 9.42  
 259 E	 58.45  
 260 V	 6.55  
 261 E	 38.71  
 262 E	 46.65  
 263 V	 6.87  
 264 D	 48.90  
 265 L	 10.85  
 266 E	 28.68  
 267 P	 25.63  
 268 M	 4.07  
 269 A	 19.27  
 270 A	 8.88  
 271 K	 40.24  
 272 A	 18.25  
 273 W	 19.26  
 274 D	 50.10  
 275 K	 53.06  
 276 E	 58.84  
 277 S	 55.40  
 278 E	 50.01  
 279 P	 55.01  
 280 A	 22.87  
 281 E	 74.22  
 282 E	 58.06  
 283 V	 6.12  
 284 K	 45.78  
 285 Q	 57.18  
 286 E	 49.04  
 287 A	 17.49  
 288 D	 58.11  
 289 S	 49.83  
 290 G	 32.72  
 291 K	 56.19  
 292 G	 34.57  
 293 T	 15.12  
 294 V	 4.89  
 295 S	 17.93  
 296 Y	 15.67  
 297 L	 3.45  
 298 G	 14.23  
 299 S	 22.48  
 300 F	 12.46  
 301 L	 3.66  
 302 P	 37.64  
 303 D	 47.30  
 304 V	 4.85  
 305 S	 19.50  
 306 C	 3.67  
 307 W	 9.70  
 308 D	 38.62  
 309 I	 2.26  
 310 D	 37.70  
 311 Q	 57.83  
 312 E	 62.31  
 313 G	 34.17  
 314 D	 40.11  
 315 S	 44.11  
 316 S	 26.70  
 317 F	 10.84  
 318 S	 25.49  
 319 V	 5.46  
 320 Q	 43.90  
 321 E	 32.53  
 322 V	 3.62  
 323 Q	 32.33  
 324 V	 10.47  
 325 D	 27.60  
 326 S	 22.32  
 327 S	 25.28  
 328 H	 35.10  
 329 L	 3.66  
 330 P	 29.68  
 331 L	 8.60  
 332 V	 5.19  
 333 K	 56.94  
 334 G	 30.68  
 335 A	 18.47  
 336 D	 69.50  
 337 E	 50.20  
 338 E	 53.22  
 339 Q	 40.92  
 340 V	 4.56  
 341 F	 3.09  
 342 H	 18.94  
 343 F	 2.96  
 344 Y	 9.11  
 345 W	 6.19  
 346 L	 1.51  
 347 D	 32.72  
 348 A	 13.88  
 349 Y	 21.50  
 350 E	 40.12  
 351 D	 43.52  
 352 Q	 27.43  
 353 Y	 28.25  
 354 N	 35.62  
 355 Q	 31.06  
 356 P	 33.63  
 357 G	 20.61  
 358 V	 3.33  
 359 V	 4.23  
 360 F	 4.32  
 361 L	 3.60  
 362 F	 6.38  
 363 G	 26.25  
 364 K	 27.36  
 365 V	 6.78  
 366 W	 7.66  
 367 I	 3.16  
 368 E	 28.34  
 369 S	 23.44  
 370 A	 16.96  
 371 E	 49.04  
 372 T	 27.56  
 373 H	 10.86  
 374 V	 6.47  
 375 S	 8.32  
 376 C	 1.65  
 377 C	 1.40  
 378 V	 6.07  
 379 M	 1.90  
 380 V	 1.83  
 381 K	 33.83  
 382 N	 29.91  
 383 I	 2.92  
 384 E	 49.35  
 385 R	 26.66  
 386 T	 17.02  
 387 L	 3.40  
 388 Y	 11.49  
 389 F	 9.47  
 390 L	 2.17  
 391 P	 21.93  
 392 R	 59.81  
 393 E	 42.77  
 394 M	 4.94  
 395 K	 28.45  
 396 I	 7.60  
 397 D	 28.48  
 398 L	 7.62  
 399 N	 42.93  
 400 T	 57.85  
 401 G	 25.40  
 402 K	 50.49  
 403 E	 54.54  
 404 T	 50.25  
 405 G	 30.50  
 406 T	 25.52  
 407 P	 20.29  
 408 I	 6.71  
 409 S	 22.45  
 410 M	 4.44  
 411 K	 36.93  
 412 D	 39.32  
 413 V	 5.59  
 414 Y	 21.63  
 415 E	 52.62  
 416 E	 40.48  
 417 F	 11.12  
 418 D	 60.61  
 419 E	 52.24  
 420 K	 39.21  
 421 I	 5.75  
 422 A	 14.76  
 423 T	 38.08  
 424 K	 35.21  
 425 Y	 11.03  
 426 K	 37.57  
 427 I	 3.09  
 428 M	 3.50  
 429 K	 53.78  
 430 F	 6.30  
 431 K	 52.64  
 432 S	 45.37  
 433 K	 54.39  
 434 P	 46.74  
 435 V	 21.98  
 436 E	 44.08  
 437 K	 56.33  
 438 N	 21.62  
 439 Y	 24.60  
 440 A	 12.65  
 441 F	 6.53  
 442 E	 45.50  
 443 I	 2.59  
 444 P	 29.37  
 445 D	 74.41  
 446 V	 5.75  
 447 P	 51.16  
 448 E	 69.89  
 449 K	 42.38  
 450 S	 29.79  
 451 E	 66.27  
 452 Y	 18.43  
 453 L	 5.53  
 454 E	 35.74  
 455 V	 6.96  
 456 K	 24.90  
 457 Y	 20.49  
 458 S	 16.43  
 459 A	 17.64  
 460 E	 45.51  
 461 M	 2.28  
 462 P	 24.86  
 463 Q	 65.55  
 464 L	 3.20  
 465 P	 22.01  
 466 Q	 76.80  
 467 D	 48.70  
 468 L	 6.90  
 469 K	 64.09  
 470 G	 46.61  
 471 E	 45.13  
 472 T	 38.82  
 473 F	 4.07  
 474 S	 26.59  
 475 H	 18.09  
 476 V	 4.60  
 477 F	 9.28  
 478 G	 19.57  
 479 T	 24.69  
 480 N	 38.04  
 481 T	 21.38  
 482 S	 34.69  
 483 S	 24.67  
 484 L	 7.12  
 485 E	 39.15  
 486 L	 4.91  
 487 F	 4.43  
 488 L	 4.68  
 489 M	 3.41  
 490 N	 44.21  
 491 R	 28.28  
 492 K	 43.71  
 493 I	 5.87  
 494 K	 60.89  
 495 G	 26.52  
 496 P	 10.91  
 497 C	 9.87  
 498 W	 9.93  
 499 L	 7.45  
 500 E	 24.33  
 501 V	 7.53  
 502 K	 47.22  
 503 S	 24.05  
 504 P	 24.11  
 505 Q	 66.72  
 506 L	 5.72  
 507 L	 4.75  
 508 N	 53.34  
 509 Q	 39.48  
 510 P	 22.49  
 511 V	 5.11  
 512 S	 33.18  
 513 W	 6.03  
 514 C	 2.49  
 515 K	 36.53  
 516 V	 5.27  
 517 E	 20.44  
 518 A	 7.49  
 519 M	 2.58  
 520 A	 21.34  
 521 L	 5.48  
 522 K	 27.26  
 523 P	 40.81  
 524 D	 62.76  
 525 L	 4.02  
 526 V	 7.58  
 527 N	 36.77  
 528 V	 4.48  
 529 I	 2.38  
 530 K	 48.04  
 531 D	 34.69  
 532 V	 8.65  
 533 S	 41.65  
 534 P	 34.08  
 535 P	 27.61  
 536 P	 40.97  
 537 L	 5.82  
 538 V	 3.22  
 539 V	 2.78  
 540 M	 2.13  
 541 A	 5.03  
 542 F	 3.86  
 543 S	 15.16  
 544 M	 3.19  
 545 K	 39.38  
 546 T	 18.49  
 547 M	 2.11  
 548 Q	 52.54  
 549 N	 41.90  
 550 A	 9.35  
 551 K	 63.61  
 552 N	 39.30  
 553 H	 31.01  
 554 Q	 59.66  
 555 N	 34.58  
 556 E	 29.24  
 557 I	 2.97  
 558 I	 1.42  
 559 A	 6.29  
 560 M	 1.25  
 561 A	 6.66  
 562 A	 9.31  
 563 L	 2.46  
 564 V	 3.07  
 565 H	 16.24  
 566 H	 19.68  
 567 S	 9.42  
 568 F	 7.31  
 569 A	 20.19  
 570 L	 6.99  
 571 D	 34.81  
 572 K	 47.50  
 573 A	 28.76  
 574 A	 20.56  
 575 P	 55.32  
 576 K	 61.67  
 577 P	 33.60  
 578 P	 46.14  
 579 F	 18.46  
 580 Q	 41.59  
 581 S	 20.93  
 582 H	 14.89  
 583 F	 4.02  
 584 C	 2.18  
 585 V	 5.49  
 586 V	 6.83  
 587 S	 23.89  
 588 K	 44.47  
 589 P	 30.16  
 590 K	 69.81  
 591 D	 38.99  
 592 C	 4.27  
 593 I	 5.82  
 594 F	 4.81  
 595 P	 10.30  
 596 Y	 17.58  
 597 A	 14.85  
 598 F	 5.98  
 599 K	 42.79  
 600 E	 42.13  
 601 V	 7.64  
 602 I	 7.24  
 603 E	 64.25  
 604 K	 38.22  
 605 K	 54.93  
 606 N	 50.32  
 607 V	 11.45  
 608 K	 41.91  
 609 V	 6.61  
 610 E	 22.26  
 611 V	 5.00  
 612 A	 8.65  
 613 A	 18.37  
 614 T	 19.09  
 615 E	 38.65  
 616 R	 26.73  
 617 T	 21.80  
 618 L	 5.73  
 619 L	 5.78  
 620 G	 17.86  
 621 F	 4.59  
 622 F	 6.51  
 623 L	 4.15  
 624 A	 13.48  
 625 K	 47.20  
 626 V	 4.65  
 627 H	 22.20  
 628 K	 52.36  
 629 I	 5.84  
 630 D	 39.35  
 631 P	 37.87  
 632 D	 39.23  
 633 I	 3.15  
 634 I	 3.86  
 635 V	 6.97  
 636 G	 9.56  
 637 H	 13.45  
 638 N	 24.21  
 639 I	 2.71  
 640 Y	 22.53  
 641 G	 13.02  
 642 F	 5.63  
 643 E	 39.39  
 644 L	 5.28  
 645 E	 24.75  
 646 V	 11.47  
 647 L	 2.17  
 648 L	 3.77  
 649 Q	 39.79  
 650 R	 23.55  
 651 I	 2.67  
 652 N	 35.01  
 653 V	 3.09  
 654 C	 2.41  
 655 K	 61.75  
 656 A	 8.96  
 657 P	 18.25  
 658 H	 46.42  
 659 W	 10.56  
 660 S	 16.03  
 661 K	 43.94  
 662 I	 3.03  
 663 G	 32.38  
 664 R	 40.27  
 665 L	 4.57  
 666 K	 53.04  
 667 R	 37.54  
 668 S	 35.57  
 669 N	 55.60  
 670 M	 3.06  
 671 P	 32.73  
 672 K	 49.33  
 673 L	 7.88  
 674 G	 35.28  
 675 G	 30.90  
 676 R	 31.63  
 677 S	 41.57  
 678 G	 32.97  
 679 F	 10.95  
 680 G	 36.16  
 681 E	 40.27  
 682 R	 38.16  
 683 N	 34.99  
 684 A	 15.53  
 685 T	 21.02  
 686 C	 2.78  
 687 G	 20.17  
 688 R	 17.28  
 689 M	 1.86  
 690 I	 1.42  
 691 C	 3.33  
 692 D	 30.11  
 693 V	 6.45  
 694 E	 20.27  
 695 I	 4.95  
 696 S	 21.56  
 697 A	 18.27  
 698 K	 46.38  
 699 E	 49.50  
 700 L	 2.70  
 701 I	 5.22  
 702 R	 34.14  
 703 C	 2.45  
 704 K	 44.17  
 705 S	 22.78  
 706 Y	 7.71  
 707 H	 29.94  
 708 L	 3.02  
 709 S	 18.64  
 710 E	 60.36  
 711 L	 3.66  
 712 V	 3.27  
 713 Q	 36.90  
 714 Q	 35.19  
 715 I	 2.08  
 716 L	 4.96  
 717 K	 50.39  
 718 T	 26.11  
 719 E	 41.72  
 720 R	 32.98  
 721 V	 3.59  
 722 V	 5.21  
 723 I	 2.16  
 724 P	 16.66  
 725 M	 4.18  
 726 E	 45.91  
 727 N	 34.59  
 728 I	 1.67  
 729 Q	 39.97  
 730 N	 27.80  
 731 M	 1.92  
 732 Y	 19.48  
 733 S	 21.89  
 734 E	 36.60  
 735 S	 19.90  
 736 S	 22.31  
 737 Q	 44.78  
 738 L	 3.52  
 739 L	 1.88  
 740 Y	 20.17  
 741 L	 4.58  
 742 L	 2.61  
 743 E	 36.35  
 744 H	 36.68  
 745 T	 25.49  
 746 W	 9.84  
 747 K	 49.30  
 748 D	 46.69  
 749 A	 12.63  
 750 K	 42.97  
 751 F	 7.85  
 752 I	 2.46  
 753 L	 2.96  
 754 Q	 19.29  
 755 I	 2.82  
 756 M	 0.66  
 757 C	 6.01  
 758 E	 26.46  
 759 L	 4.59  
 760 N	 15.81  
 761 V	 10.21  
 762 L	 2.54  
 763 P	 16.00  
 764 L	 6.94  
 765 A	 8.76  
 766 L	 5.08  
 767 Q	 34.55  
 768 I	 3.11  
 769 T	 13.96  
 770 N	 24.60  
 771 I	 3.77  
 772 A	 13.67  
 773 G	 22.02  
 774 N	 20.12  
 775 I	 2.31  
 776 M	 2.29  
 777 S	 20.51  
 778 R	 17.94  
 779 T	 17.50  
 780 L	 2.67  
 781 M	 5.45  
 782 G	 31.32  
 783 G	 18.90  
 784 R	 29.61  
 785 S	 44.15  
 786 E	 59.15  
 787 R	 49.58  
 788 N	 40.08  
 789 E	 43.84  
 790 F	 7.13  
 791 L	 3.97  
 792 L	 3.91  
 793 L	 2.73  
 794 H	 17.48  
 795 A	 14.53  
 796 F	 5.68  
 797 Y	 20.66  
 798 E	 32.33  
 799 N	 34.91  
 800 N	 18.90  
 801 Y	 18.19  
 802 I	 3.84  
 803 V	 3.37  
 804 P	 33.26  
 805 D	 44.60  
 806 K	 38.94  
 807 Q	 47.64  
 808 I	 4.43  
 809 F	 8.33  
 810 R	 51.91  
 811 K	 36.11  
 812 P	 37.26  
 813 Q	 56.95  
 814 Q	 52.01  
 815 K	 49.54  
 816 L	 10.19  
 817 G	 43.21  
 818 D	 71.28  
 819 E	 66.57  
 820 D	 64.66  
 821 E	 55.60  
 822 E	 59.72  
 823 I	 7.25  
 824 D	 52.80  
 825 G	 49.67  
 826 D	 43.27  
 827 T	 38.86  
 828 N	 50.85  
 829 K	 61.61  
 830 Y	 21.72  
 831 K	 50.81  
 832 K	 61.94  
 833 G	 42.35  
 834 R	 46.29  
 835 K	 56.27  
 836 K	 36.57  
 837 A	 14.56  
 838 A	 12.00  
 839 Y	 15.61  
 840 A	 10.80  
 841 G	 19.79  
 842 G	 12.39  
 843 L	 3.19  
 844 V	 6.87  
 845 L	 12.87  
 846 D	 33.23  
 847 P	 29.13  
 848 K	 55.44  
 849 V	 8.57  
 850 G	 22.86  
 851 F	 8.80  
 852 Y	 16.58  
 853 D	 36.81  
 854 K	 23.95  
 855 F	 4.32  
 856 I	 3.06  
 857 L	 4.35  
 858 L	 3.54  
 859 L	 6.74  
 860 D	 40.42  
 861 F	 7.25  
 862 N	 30.67  
 863 S	 29.31  
 864 L	 8.38  
 865 Y	 8.51  
 866 P	 25.09  
 867 S	 20.83  
 868 I	 3.05  
 869 I	 3.63  
 870 Q	 47.78  
 871 E	 30.19  
 872 F	 4.24  
 873 N	 29.39  
 874 I	 2.19  
 875 C	 2.32  
 876 F	 5.93  
 877 T	 22.96  
 878 T	 8.39  
 879 V	 2.88  
 880 Q	 31.85  
 881 R	 22.95  
 882 V	 3.72  
 883 A	 12.11  
 884 S	 30.52  
 885 E	 45.44  
 886 A	 16.40  
 887 Q	 36.38  
 888 K	 59.16  
 889 V	 4.75  
 890 T	 35.08  
 891 E	 67.99  
 892 D	 57.47  
 893 G	 32.05  
 894 E	 64.37  
 895 Q	 54.12  
 896 E	 46.29  
 897 Q	 57.12  
 898 I	 2.55  
 899 P	 36.44  
 900 E	 74.66  
 901 L	 4.97  
 902 P	 50.21  
 903 D	 59.03  
 904 P	 38.58  
 905 S	 44.32  
 906 L	 6.81  
 907 E	 39.44  
 908 M	 4.99  
 909 G	 14.65  
 910 I	 4.64  
 911 L	 2.44  
 912 P	 29.91  
 913 R	 48.83  
 914 E	 45.25  
 915 I	 5.06  
 916 R	 22.85  
 917 K	 63.65  
 918 L	 3.30  
 919 V	 6.36  
 920 E	 58.15  
 921 R	 43.55  
 922 R	 21.91  
 923 K	 66.71  
 924 Q	 45.92  
 925 V	 4.84  
 926 K	 34.91  
 927 Q	 48.18  
 928 L	 3.71  
 929 M	 3.22  
 930 K	 54.09  
 931 Q	 28.23  
 932 Q	 52.20  
 933 D	 46.01  
 934 L	 9.72  
 935 N	 36.01  
 936 P	 45.11  
 937 D	 45.31  
 938 L	 4.43  
 939 I	 2.69  
 940 L	 5.12  
 941 Q	 27.19  
 942 Y	 15.19  
 943 D	 19.34  
 944 I	 4.24  
 945 R	 29.11  
 946 Q	 35.39  
 947 K	 45.93  
 948 A	 11.11  
 949 L	 6.34  
 950 K	 48.96  
 951 L	 5.94  
 952 T	 23.39  
 953 A	 19.28  
 954 N	 23.29  
 955 S	 15.77  
 956 M	 3.15  
 957 Y	 12.42  
 958 G	 7.48  
 959 C	 1.53  
 960 L	 7.24  
 961 G	 17.33  
 962 F	 3.90  
 963 S	 22.02  
 964 Y	 11.12  
 965 S	 18.08  
 966 R	 21.99  
 967 F	 5.98  
 968 Y	 16.77  
 969 A	 12.32  
 970 K	 29.23  
 971 P	 21.04  
 972 L	 4.25  
 973 A	 13.79  
 974 A	 15.39  
 975 L	 2.16  
 976 V	 4.75  
 977 T	 21.99  
 978 Y	 12.17  
 979 K	 41.97  
 980 G	 23.26  
 981 R	 24.51  
 982 E	 49.49  
 983 I	 3.89  
 984 L	 1.44  
 985 M	 4.66  
 986 H	 30.27  
 987 T	 18.09  
 988 K	 29.18  
 989 E	 45.82  
 990 M	 4.05  
 991 V	 5.33  
 992 Q	 37.66  
 993 K	 20.53  
 994 M	 3.75  
 995 N	 39.83  
 996 L	 5.07  
 997 E	 23.12  
 998 V	 4.62  
 999 I	 2.02  
 1000 Y	 17.71  
 1001 G	 21.88  
 1002 D	 30.30  
 1003 T	 27.55  
 1004 D	 40.69  
 1005 S	 19.02  
 1006 I	 3.41  
 1007 M	 1.93  
 1008 I	 5.69  
 1009 N	 18.81  
 1010 T	 21.44  
 1011 N	 42.20  
 1012 S	 19.34  
 1013 T	 45.98  
 1014 N	 45.32  
 1015 L	 6.34  
 1016 E	 54.93  
 1017 E	 57.32  
 1018 V	 3.61  
 1019 F	 6.47  
 1020 K	 61.74  
 1021 L	 6.58  
 1022 G	 32.29  
 1023 N	 57.28  
 1024 K	 49.60  
 1025 V	 10.79  
 1026 K	 42.37  
 1027 S	 50.17  
 1028 E	 44.38  
 1029 V	 11.19  
 1030 N	 25.27  
 1031 K	 59.37  
 1032 L	 3.73  
 1033 Y	 10.95  
 1034 K	 57.96  
 1035 L	 3.07  
 1036 L	 4.79  
 1037 E	 49.40  
 1038 I	 5.92  
 1039 D	 24.45  
 1040 I	 6.45  
 1041 D	 43.38  
 1042 G	 27.39  
 1043 V	 4.91  
 1044 F	 5.64  
 1045 K	 37.48  
 1046 S	 16.88  
 1047 L	 3.94  
 1048 L	 7.31  
 1049 L	 8.81  
 1050 L	 8.46  
 1051 K	 63.62  
 1052 K	 55.24  
 1053 K	 49.80  
 1054 K	 49.34  
 1055 Y	 13.14  
 1056 A	 11.82  
 1057 A	 9.59  
 1058 L	 3.18  
 1059 V	 3.82  
 1060 V	 8.30  
 1061 E	 35.07  
 1062 P	 26.12  
 1063 T	 26.41  
 1064 S	 54.99  
 1065 D	 52.41  
 1066 G	 27.43  
 1067 N	 32.85  
 1068 Y	 18.28  
 1069 V	 6.64  
 1070 T	 19.36  
 1071 K	 31.56  
 1072 Q	 52.46  
 1073 E	 54.74  
 1074 L	 5.03  
 1075 K	 57.59  
 1076 G	 41.00  
 1077 L	 3.77  
 1078 D	 46.11  
 1079 I	 2.89  
 1080 V	 4.02  
 1081 R	 31.04  
 1082 R	 30.77  
 1083 D	 39.53  
 1084 W	 3.92  
 1085 C	 3.44  
 1086 D	 45.46  
 1087 L	 6.05  
 1088 A	 8.40  
 1089 K	 64.22  
 1090 D	 54.99  
 1091 T	 33.06  
 1092 G	 35.39  
 1093 N	 30.06  
 1094 F	 4.48  
 1095 V	 5.80  
 1096 I	 2.69  
 1097 G	 11.81  
 1098 Q	 23.48  
 1099 I	 3.16  
 1100 L	 3.38  
 1101 S	 34.92  
 1102 D	 47.21  
 1103 Q	 36.67  
 1104 S	 36.79  
 1105 R	 39.19  
 1106 D	 46.13  
 1107 T	 26.30  
 1108 I	 4.24  
 1109 V	 5.10  
 1110 E	 44.77  
 1111 N	 30.97  
 1112 I	 3.02  
 1113 Q	 36.08  
 1114 K	 45.43  
 1115 R	 25.23  
 1116 L	 5.47  
 1117 I	 4.15  
 1118 E	 49.92  
 1119 I	 7.13  
 1120 G	 13.98  
 1121 E	 50.23  
 1122 N	 38.06  
 1123 V	 3.70  
 1124 L	 10.15  
 1125 N	 36.09  
 1126 G	 26.34  
 1127 S	 23.36  
 1128 V	 6.02  
 1129 P	 23.03  
 1130 V	 7.05  
 1131 S	 24.07  
 1132 Q	 39.98  
 1133 F	 8.73  
 1134 E	 37.71  
 1135 I	 7.28  
 1136 N	 19.15  
 1137 K	 50.89  
 1138 A	 18.90  
 1139 L	 6.98  
 1140 T	 37.96  
 1141 K	 69.16  
 1142 D	 40.64  
 1143 P	 30.42  
 1144 Q	 73.36  
 1145 D	 63.42  
 1146 Y	 14.21  
 1147 P	 56.06  
 1148 D	 65.86  
 1149 K	 39.49  
 1150 K	 65.68  
 1151 S	 53.53  
 1152 L	 4.70  
 1153 P	 34.25  
 1154 H	 27.84  
 1155 V	 3.52  
 1156 H	 8.97  
 1157 V	 4.56  
 1158 A	 5.15  
 1159 L	 4.60  
 1160 W	 4.30  
 1161 I	 3.55  
 1162 N	 19.39  
 1163 S	 22.52  
 1164 Q	 54.60  
 1165 G	 37.38  
 1166 G	 20.71  
 1167 R	 47.63  
 1168 K	 51.90  
 1169 V	 5.04  
 1170 K	 50.08  
 1171 A	 24.87  
 1172 G	 25.96  
 1173 D	 49.12  
 1174 T	 15.50  
 1175 V	 4.65  
 1176 S	 18.77  
 1177 Y	 6.90  
 1178 V	 2.48  
 1179 I	 1.01  
 1180 C	 1.84  
 1181 Q	 47.15  
 1182 D	 59.06  
 1183 G	 7.80  
 1184 S	 36.64  
 1185 N	 47.11  
 1186 L	 4.54  
 1187 T	 28.63  
 1188 A	 13.56  
 1189 S	 18.24  
 1190 Q	 31.40  
 1191 R	 27.37  
 1192 A	 9.37  
 1193 Y	 25.52  
 1194 A	 10.52  
 1195 P	 19.72  
 1196 E	 56.61  
 1197 Q	 48.40  
 1198 L	 7.01  
 1199 Q	 40.85  
 1200 K	 69.11  
 1201 Q	 31.68  
 1202 D	 60.17  
 1203 N	 36.27  
 1204 L	 6.29  
 1205 T	 24.06  
 1206 I	 6.42  
 1207 D	 23.63  
 1208 T	 18.02  
 1209 Q	 22.56  
 1210 Y	 11.53  
 1211 Y	 5.92  
 1212 L	 2.71  
 1213 A	 5.32  
 1214 Q	 39.92  
 1215 Q	 30.28  
 1216 I	 2.36  
 1217 H	 12.55  
 1218 P	 24.73  
 1219 V	 3.04  
 1220 V	 3.31  
 1221 A	 8.71  
 1222 R	 23.60  
 1223 I	 1.94  
 1224 C	 4.19  
 1225 E	 42.81  
 1226 P	 26.09  
 1227 I	 3.37  
 1228 D	 59.72  
 1229 G	 22.01  
 1230 I	 2.45  
 1231 D	 35.83  
 1232 A	 8.97  
 1233 V	 3.35  
 1234 L	 2.06  
 1235 I	 2.29  
 1236 A	 6.64  
 1237 T	 17.77  
 1238 W	 4.57  
 1239 L	 4.19  
 1240 G	 21.42  
 1241 L	 7.17  
 1242 D	 42.26  
 1243 P	 32.89  
 1244 T	 39.75  
 1245 Q	 29.54  
 1246 F	 10.95  
 1247 R	 19.62  
 1248 V	 3.26  
 1249 H	 16.13  
 1250 H	 24.44  
 1251 Y	 8.83  
 1252 H	 27.08  
 1253 K	 60.72  
 1254 D	 55.95  
 1255 E	 64.60  
 1256 E	 71.23  
 1257 N	 37.50  
 1258 D	 41.70  
 1259 A	 19.10  
 1260 L	 5.21  
 1261 L	 8.81  
 1262 G	 40.67  
 1263 G	 17.84  
 1264 P	 18.29  
 1265 A	 21.93  
 1266 Q	 48.29  
 1267 L	 7.67  
 1268 T	 29.32  
 1269 D	 71.32  
 1270 E	 51.67  
 1271 E	 59.19  
 1272 K	 43.46  
 1273 Y	 18.24  
 1274 R	 53.85  
 1275 D	 35.22  
 1276 C	 2.75  
 1277 E	 66.49  
 1278 R	 42.53  
 1279 F	 4.45  
 1280 K	 43.41  
 1281 C	 3.74  
 1282 P	 27.93  
 1283 C	 6.46  
 1284 P	 18.83  
 1285 T	 30.22  
 1286 C	 3.71  
 1287 G	 38.24  
 1288 T	 28.18  
 1289 E	 27.24  
 1290 N	 37.65  
 1291 I	 3.58  
 1292 Y	 17.04  
 1293 D	 40.81  
 1294 N	 21.27  
 1295 V	 4.17  
 1296 F	 12.65  
 1297 D	 46.17  
 1298 G	 19.26  
 1299 S	 40.12  
 1300 G	 31.12  
 1301 T	 33.59  
 1302 D	 42.86  
 1303 M	 9.07  
 1304 E	 34.25  
 1305 P	 24.01  
 1306 S	 25.40  
 1307 L	 4.59  
 1308 Y	 17.57  
 1309 R	 23.76  
 1310 C	 2.00  
 1311 S	 28.02  
 1312 N	 37.43  
 1313 I	 3.65  
 1314 D	 31.92  
 1315 C	 3.34  
 1316 K	 48.42  
 1317 A	 23.78  
 1318 S	 13.11  
 1319 P	 40.04  
 1320 L	 5.95  
 1321 T	 22.20  
 1322 F	 9.20  
 1323 T	 11.34  
 1324 V	 4.75  
 1325 Q	 35.79  
 1326 L	 5.46  
 1327 S	 18.15  
 1328 N	 52.31  
 1329 K	 35.69  
 1330 L	 4.60  
 1331 I	 2.20  
 1332 M	 5.19  
 1333 D	 25.01  
 1334 I	 1.56  
 1335 R	 24.16  
 1336 R	 37.67  
 1337 F	 7.44  
 1338 I	 3.40  
 1339 K	 31.82  
 1340 K	 44.20  
 1341 Y	 11.20  
 1342 Y	 19.50  
 1343 D	 38.41  
 1344 G	 12.64  
 1345 W	 4.61  
 1346 L	 3.82  
 1347 I	 1.93  
 1348 C	 4.55  
 1349 E	 61.08  
 1350 E	 41.31  
 1351 P	 17.95  
 1352 T	 27.64  
 1353 C	 5.48  
 1354 R	 37.84  
 1355 N	 52.39  
 1356 R	 17.49  
 1357 T	 26.45  
 1358 R	 26.55  
 1359 H	 31.05  
 1360 L	 4.00  
 1361 P	 20.28  
 1362 L	 11.47  
 1363 Q	 32.12  
 1364 F	 7.61  
 1365 S	 18.90  
 1366 R	 45.02  
 1367 T	 41.79  
 1368 G	 16.45  
 1369 P	 30.12  
 1370 L	 6.05  
 1371 C	 1.95  
 1372 P	 35.86  
 1373 A	 12.68  
 1374 C	 1.41  
 1375 M	 3.43  
 1376 K	 37.80  
 1377 A	 6.15  
 1378 T	 22.02  
 1379 L	 10.78  
 1380 Q	 25.15  
 1381 P	 45.68  
 1382 E	 44.71  
 1383 Y	 28.93  
 1384 S	 36.58  
 1385 D	 43.60  
 1386 K	 36.10  
 1387 S	 31.44  
 1388 L	 7.08  
 1389 Y	 10.26  
 1390 T	 21.99  
 1391 Q	 23.76  
 1392 L	 1.36  
 1393 C	 1.71  
 1394 F	 5.45  
 1395 Y	 11.08  
 1396 R	 9.60  
 1397 Y	 8.44  
 1398 I	 1.54  
 1399 F	 5.58  
 1400 D	 31.72  
 1401 A	 11.74  
 1402 E	 23.36  
 1403 C	 5.85  
 1404 A	 15.40  
 1405 L	 10.10  
 1406 E	 27.74  
 1407 K	 52.57  
 1408 L	 4.56  
 1409 T	 41.04  
 1410 T	 45.88  
 1411 D	 42.59  
 1412 H	 41.75  
 1413 E	 66.80  
 1414 K	 57.66  
 1415 D	 59.54  
 1416 K	 73.59  
 1417 L	 13.86  
 1418 K	 50.71  
 1419 K	 63.87  
 1420 Q	 36.78  
 1421 F	 11.48  
 1422 F	 12.08  
 1423 T	 24.40  
 1424 P	 21.43  
 1425 K	 53.14  
 1426 V	 6.46  
 1427 L	 3.91  
 1428 Q	 48.99  
 1429 D	 40.83  
 1430 Y	 9.18  
 1431 R	 46.23  
 1432 K	 58.55  
 1433 L	 3.70  
 1434 K	 56.11  
 1435 N	 55.76  
 1436 T	 29.95  
 1437 A	 20.27  
 1438 E	 39.57  
 1439 Q	 41.96  
 1440 F	 5.14  
 1441 L	 4.09  
 1442 S	 26.20  
 1443 R	 35.93  
 1444 S	 38.41  
 1445 G	 28.95  
 1446 Y	 11.69  
 1447 S	 38.30  
 1448 E	 27.26  
 1449 V	 7.79  
 1450 N	 34.25  
 1451 L	 6.04  
 1452 S	 23.31  
 1453 K	 51.28  
 1454 L	 2.98  
 1455 F	 6.71  
 1456 A	 23.69  
 1457 G	 7.81  
 1458 C	 3.36  
 1459 A	 15.74  
 1460 V	 7.91  
 1461 K	 31.74  
 1462 S	 38.56  
