 1 M	 10.56  
 2 Q	 67.66  
 3 G	 19.42  
 4 P	 10.91  
 5 W	 10.54  
 6 V	 2.80  
 7 L	 2.17  
 8 L	 2.41  
 9 L	 2.89  
 10 L	 6.48  
 11 G	 14.55  
 12 L	 5.08  
 13 R	 20.70  
 14 L	 7.85  
 15 Q	 23.67  
 16 L	 5.59  
 17 S	 15.32  
 18 L	 9.62  
 19 G	 16.36  
 20 V	 6.01  
 21 I	 2.25  
 22 P	 31.08  
 23 A	 26.21  
 24 E	 61.56  
 25 E	 66.24  
 26 E	 61.08  
 27 N	 36.16  
 28 P	 31.92  
 29 A	 33.40  
 30 F	 6.65  
 31 W	 10.95  
 32 N	 21.52  
 33 R	 20.36  
 34 Q	 41.53  
 35 A	 12.20  
 36 A	 8.34  
 37 E	 53.43  
 38 A	 13.15  
 39 L	 3.29  
 40 D	 52.07  
 41 A	 23.25  
 42 A	 14.80  
 43 K	 56.59  
 44 K	 47.86  
 45 L	 7.84  
 46 Q	 41.76  
 47 P	 41.22  
 48 I	 3.90  
 49 Q	 40.63  
 50 K	 44.90  
 51 V	 5.41  
 52 A	 11.31  
 53 K	 56.10  
 54 N	 23.68  
 55 L	 3.38  
 56 I	 3.41  
 57 L	 3.06  
 58 F	 5.93  
 59 L	 5.68  
 60 G	 21.43  
 61 D	 51.82  
 62 G	 23.64  
 63 L	 8.11  
 64 G	 28.96  
 65 V	 4.28  
 66 P	 21.25  
 67 T	 28.25  
 68 V	 2.54  
 69 T	 25.45  
 70 A	 7.19  
 71 T	 14.63  
 72 R	 29.76  
 73 I	 3.96  
 74 L	 4.61  
 75 K	 57.85  
 76 G	 40.00  
 77 Q	 34.16  
 78 K	 76.08  
 79 N	 44.97  
 80 G	 33.33  
 81 K	 60.71  
 82 L	 17.12  
 83 G	 22.83  
 84 P	 53.37  
 85 E	 62.35  
 86 T	 27.08  
 87 P	 19.23  
 88 L	 8.88  
 89 A	 10.07  
 90 M	 5.11  
 91 D	 43.38  
 92 R	 22.73  
 93 F	 3.98  
 94 P	 24.91  
 95 Y	 11.25  
 96 L	 3.83  
 97 A	 12.16  
 98 L	 5.08  
 99 S	 19.83  
 100 K	 56.74  
 101 T	 19.56  
 102 Y	 19.54  
 103 N	 34.15  
 104 V	 4.52  
 105 D	 31.49  
 106 R	 34.80  
 107 Q	 46.78  
 108 V	 6.23  
 109 P	 22.85  
 110 D	 52.64  
 111 S	 17.46  
 112 A	 19.06  
 113 A	 11.17  
 114 T	 25.02  
 115 A	 5.87  
 116 T	 16.10  
 117 A	 7.88  
 118 Y	 9.73  
 119 L	 1.58  
 120 C	 3.71  
 121 G	 22.74  
 122 V	 5.30  
 123 K	 23.93  
 124 A	 21.47  
 125 N	 24.68  
 126 F	 8.95  
 127 Q	 31.83  
 128 T	 16.93  
 129 I	 3.48  
 130 G	 19.57  
 131 L	 2.52  
 132 S	 15.62  
 133 A	 15.35  
 134 A	 8.87  
 135 A	 19.13  
 136 R	 26.73  
 137 F	 6.76  
 138 N	 39.68  
 139 Q	 21.08  
 140 C	 5.25  
 141 N	 34.42  
 142 T	 26.04  
 143 T	 23.69  
 144 R	 43.85  
 145 G	 32.34  
 146 N	 36.75  
 147 E	 44.01  
 148 V	 4.60  
 149 I	 1.78  
 150 S	 22.08  
 151 V	 2.43  
 152 M	 1.93  
 153 N	 38.31  
 154 R	 25.68  
 155 A	 11.87  
 156 K	 37.13  
 157 Q	 55.13  
 158 A	 27.03  
 159 G	 21.93  
 160 K	 45.01  
 161 S	 24.16  
 162 V	 8.43  
 163 G	 18.44  
 164 V	 3.03  
 165 V	 3.03  
 166 T	 21.75  
 167 T	 10.86  
 168 T	 21.34  
 169 R	 24.81  
 170 V	 4.61  
 171 Q	 24.12  
 172 H	 25.89  
 173 A	 10.50  
 174 S	 17.10  
 175 P	 35.18  
 176 A	 22.06  
 177 G	 23.73  
 178 T	 21.46  
 179 Y	 8.75  
 180 A	 7.54  
 181 H	 21.67  
 182 T	 16.00  
 183 V	 4.55  
 184 N	 32.49  
 185 R	 30.62  
 186 N	 36.51  
 187 W	 7.26  
 188 Y	 10.54  
 189 S	 20.24  
 190 D	 30.78  
 191 A	 14.73  
 192 D	 48.89  
 193 M	 2.98  
 194 P	 24.50  
 195 A	 14.80  
 196 S	 20.36  
 197 A	 21.20  
 198 R	 32.37  
 199 Q	 51.67  
 200 E	 57.28  
 201 G	 13.17  
 202 C	 3.02  
 203 Q	 56.87  
 204 D	 36.24  
 205 I	 1.52  
 206 A	 9.51  
 207 T	 25.00  
 208 Q	 27.98  
 209 L	 3.94  
 210 I	 1.69  
 211 S	 34.39  
 212 N	 25.75  
 213 M	 3.69  
 214 D	 37.88  
 215 I	 2.95  
 216 D	 19.69  
 217 V	 3.88  
 218 I	 2.34  
 219 L	 5.39  
 220 G	 25.94  
 221 G	 29.32  
 222 G	 22.55  
 223 R	 30.15  
 224 K	 44.32  
 225 Y	 11.57  
 226 M	 3.22  
 227 F	 3.23  
 228 P	 12.08  
 229 M	 6.80  
 230 G	 34.04  
 231 T	 20.47  
 232 P	 49.80  
 233 D	 48.80  
 234 P	 44.20  
 235 E	 72.09  
 236 Y	 14.76  
 237 P	 23.23  
 238 A	 24.89  
 239 D	 42.10  
 240 A	 18.34  
 241 S	 25.40  
 242 Q	 54.62  
 243 N	 45.42  
 244 G	 9.96  
 245 I	 5.32  
 246 R	 28.29  
 247 L	 10.86  
 248 D	 57.05  
 249 G	 25.91  
 250 K	 46.93  
 251 N	 51.48  
 252 L	 4.85  
 253 V	 7.29  
 254 Q	 39.04  
 255 E	 36.66  
 256 W	 5.64  
 257 L	 4.47  
 258 A	 14.36  
 259 K	 34.00  
 260 H	 26.21  
 261 Q	 42.46  
 262 G	 20.14  
 263 A	 6.45  
 264 W	 8.60  
 265 Y	 8.61  
 266 V	 2.26  
 267 W	 3.48  
 268 N	 30.84  
 269 R	 17.54  
 270 T	 30.20  
 271 E	 38.72  
 272 L	 2.81  
 273 M	 2.26  
 274 Q	 40.19  
 275 A	 9.71  
 276 S	 18.65  
 277 L	 8.55  
 278 D	 35.89  
 279 Q	 45.13  
 280 S	 28.75  
 281 V	 3.04  
 282 T	 17.97  
 283 H	 16.21  
 284 L	 1.81  
 285 M	 3.21  
 286 G	 33.31  
 287 L	 2.47  
 288 F	 9.85  
 289 E	 54.11  
 290 P	 38.33  
 291 G	 48.28  
 292 D	 51.22  
 293 T	 41.25  
 294 K	 45.70  
 295 Y	 23.39  
 296 E	 33.60  
 297 I	 2.68  
 298 H	 19.02  
 299 R	 58.21  
 300 D	 26.77  
 301 P	 34.51  
 302 T	 48.35  
 303 L	 12.71  
 304 D	 32.97  
 305 P	 32.26  
 306 S	 39.76  
 307 L	 4.02  
 308 M	 3.77  
 309 E	 48.52  
 310 M	 2.27  
 311 T	 14.79  
 312 E	 30.54  
 313 A	 11.57  
 314 A	 6.23  
 315 L	 5.23  
 316 R	 28.93  
 317 L	 5.46  
 318 L	 3.50  
 319 S	 34.30  
 320 R	 58.08  
 321 N	 27.52  
 322 P	 36.34  
 323 R	 51.94  
 324 G	 19.46  
 325 F	 5.17  
 326 Y	 11.31  
 327 L	 3.46  
 328 F	 2.99  
 329 V	 6.53  
 330 E	 48.90  
 331 G	 25.94  
 332 G	 15.18  
 333 R	 41.86  
 334 I	 5.33  
 335 D	 40.11  
 336 H	 34.81  
 337 G	 21.79  
 338 H	 16.65  
 339 H	 37.79  
 340 E	 50.08  
 341 G	 12.66  
 342 V	 4.00  
 343 A	 11.11  
 344 Y	 7.60  
 345 Q	 21.84  
 346 A	 12.08  
 347 L	 2.34  
 348 T	 25.55  
 349 E	 39.87  
 350 A	 7.89  
 351 V	 2.98  
 352 M	 3.82  
 353 F	 6.55  
 354 D	 26.74  
 355 D	 37.87  
 356 A	 13.85  
 357 I	 4.78  
 358 E	 37.89  
 359 R	 37.59  
 360 A	 9.41  
 361 G	 29.29  
 362 Q	 40.35  
 363 L	 5.79  
 364 T	 26.63  
 365 S	 47.80  
 366 E	 55.44  
 367 E	 56.94  
 368 D	 42.86  
 369 T	 25.56  
 370 L	 5.58  
 371 T	 22.67  
 372 L	 3.47  
 373 V	 3.32  
 374 T	 29.49  
 375 A	 12.68  
 376 D	 34.16  
 377 H	 19.83  
 378 S	 23.15  
 379 H	 22.63  
 380 V	 4.88  
 381 F	 4.13  
 382 S	 23.15  
 383 F	 6.29  
 384 G	 27.31  
 385 G	 15.39  
 386 Y	 11.72  
 387 T	 17.16  
 388 L	 4.37  
 389 R	 34.84  
 390 G	 28.94  
 391 S	 17.52  
 392 S	 25.43  
 393 I	 3.21  
 394 F	 7.68  
 395 G	 21.18  
 396 L	 4.39  
 397 A	 13.49  
 398 P	 41.21  
 399 S	 34.71  
 400 K	 49.35  
 401 A	 23.81  
 402 Q	 60.28  
 403 D	 57.89  
 404 S	 13.70  
 405 K	 54.42  
 406 A	 19.45  
 407 Y	 12.54  
 408 T	 17.72  
 409 S	 9.64  
 410 I	 2.37  
 411 L	 4.48  
 412 Y	 13.58  
 413 G	 29.22  
 414 N	 39.67  
 415 G	 16.79  
 416 P	 34.64  
 417 G	 32.41  
 418 Y	 12.66  
 419 V	 4.54  
 420 F	 4.54  
 421 N	 28.01  
 422 S	 27.48  
 423 G	 22.13  
 424 V	 8.90  
 425 R	 25.81  
 426 P	 47.71  
 427 D	 45.36  
 428 V	 10.70  
 429 N	 55.23  
 430 E	 56.59  
 431 S	 31.68  
 432 E	 53.60  
 433 S	 54.58  
 434 G	 38.86  
 435 S	 24.71  
 436 P	 48.10  
 437 D	 56.42  
 438 Y	 16.17  
 439 Q	 35.97  
 440 Q	 28.75  
 441 Q	 18.76  
 442 A	 13.19  
 443 A	 10.10  
 444 V	 5.70  
 445 P	 23.07  
 446 L	 7.66  
 447 S	 21.76  
 448 S	 54.95  
 449 E	 41.26  
 450 T	 27.98  
 451 H	 37.90  
 452 G	 48.91  
 453 G	 21.96  
 454 E	 54.63  
 455 D	 36.63  
 456 V	 4.21  
 457 A	 11.75  
 458 V	 3.76  
 459 F	 2.50  
 460 A	 14.66  
 461 R	 45.95  
 462 G	 18.42  
 463 P	 23.72  
 464 Q	 44.21  
 465 A	 10.91  
 466 H	 24.12  
 467 L	 3.22  
 468 V	 2.37  
 469 H	 36.75  
 470 G	 18.48  
 471 V	 3.23  
 472 Q	 47.83  
 473 E	 45.87  
 474 Q	 25.69  
 475 S	 22.42  
 476 F	 5.86  
 477 V	 4.33  
 478 A	 6.37  
 479 H	 12.46  
 480 V	 1.82  
 481 M	 1.50  
 482 A	 6.99  
 483 F	 2.09  
 484 A	 6.42  
 485 A	 7.62  
 486 C	 3.87  
 487 L	 6.78  
 488 E	 35.82  
 489 P	 20.87  
 490 Y	 9.52  
 491 T	 31.37  
 492 A	 4.49  
 493 C	 3.21  
 494 D	 43.32  
 495 L	 8.51  
 496 A	 8.52  
 497 P	 25.07  
 498 P	 34.07  
 499 A	 11.39  
 500 C	 5.33  
 501 T	 29.80  
 502 T	 24.43  
 503 D	 24.49  
 504 A	 12.94  
 505 A	 15.44  
 506 H	 21.06  
 507 P	 16.83  
 508 V	 5.09  
 509 A	 8.86  
 510 A	 16.31  
 511 S	 22.30  
 512 L	 2.73  
 513 P	 23.88  
 514 L	 6.58  
 515 L	 3.79  
 516 A	 19.33  
 517 G	 19.50  
 518 T	 14.50  
 519 L	 2.87  
 520 L	 3.59  
 521 L	 4.69  
 522 L	 5.63  
 523 G	 19.91  
 524 A	 8.93  
 525 S	 24.14  
 526 A	 24.18  
 527 A	 14.08  
 528 P	 44.45  
