 1 M	 9.60  
 2 D	 57.52  
 3 L	 2.79  
 4 W	 5.19  
 5 Q	 29.54  
 6 L	 2.60  
 7 L	 1.74  
 8 L	 5.12  
 9 T	 15.23  
 10 L	 3.57  
 11 A	 7.07  
 12 L	 6.62  
 13 A	 15.37  
 14 G	 28.65  
 15 S	 21.31  
 16 S	 31.85  
 17 D	 54.02  
 18 A	 11.49  
 19 F	 11.59  
 20 S	 43.03  
 21 G	 24.05  
 22 S	 23.90  
 23 E	 54.27  
 24 A	 12.30  
 25 T	 16.75  
 26 A	 10.27  
 27 A	 10.01  
 28 I	 3.13  
 29 L	 2.13  
 30 S	 21.93  
 31 R	 41.02  
 32 A	 13.41  
 33 P	 21.78  
 34 W	 15.64  
 35 S	 18.57  
 36 L	 3.77  
 37 Q	 39.56  
 38 S	 29.20  
 39 V	 6.90  
 40 N	 30.12  
 41 P	 47.54  
 42 G	 34.30  
 43 L	 6.97  
 44 K	 52.13  
 45 T	 45.43  
 46 N	 42.57  
 47 S	 48.28  
 48 S	 43.01  
 49 K	 77.26  
 50 E	 56.52  
 51 P	 40.57  
 52 K	 67.75  
 53 F	 13.28  
 54 T	 35.05  
 55 K	 30.68  
 56 C	 4.78  
 57 R	 57.72  
 58 S	 40.35  
 59 P	 25.88  
 60 E	 65.48  
 61 R	 52.19  
 62 E	 53.17  
 63 T	 27.37  
 64 F	 6.67  
 65 S	 16.70  
 66 C	 2.44  
 67 H	 29.31  
 68 W	 15.18  
 69 T	 9.90  
 70 D	 51.21  
 71 E	 36.05  
 72 V	 4.49  
 73 H	 16.18  
 74 H	 51.28  
 75 G	 24.41  
 76 T	 16.65  
 77 K	 55.56  
 78 N	 50.50  
 79 L	 10.33  
 80 G	 27.02  
 81 P	 17.83  
 82 I	 5.43  
 83 Q	 28.75  
 84 L	 3.52  
 85 F	 3.16  
 86 Y	 14.13  
 87 T	 18.80  
 88 R	 20.62  
 89 R	 42.63  
 90 N	 42.71  
 91 T	 26.50  
 92 Q	 48.02  
 93 E	 50.91  
 94 W	 8.12  
 95 T	 18.83  
 96 Q	 56.47  
 97 E	 53.81  
 98 W	 7.60  
 99 K	 49.00  
 100 E	 52.97  
 101 C	 2.49  
 102 P	 36.74  
 103 D	 69.03  
 104 Y	 4.97  
 105 V	 4.05  
 106 S	 25.07  
 107 A	 21.19  
 108 G	 27.41  
 109 E	 45.76  
 110 N	 36.14  
 111 S	 13.09  
 112 C	 7.29  
 113 Y	 12.96  
 114 F	 9.31  
 115 N	 15.40  
 116 S	 19.55  
 117 S	 33.38  
 118 F	 6.61  
 119 T	 22.66  
 120 S	 17.57  
 121 I	 3.34  
 122 W	 5.81  
 123 I	 1.34  
 124 P	 11.71  
 125 Y	 9.55  
 126 C	 1.53  
 127 I	 3.19  
 128 K	 42.00  
 129 L	 3.00  
 130 T	 18.36  
 131 S	 43.86  
 132 N	 47.91  
 133 G	 32.68  
 134 G	 27.15  
 135 T	 26.61  
 136 V	 11.49  
 137 D	 49.85  
 138 E	 47.60  
 139 K	 35.80  
 140 C	 2.64  
 141 F	 13.61  
 142 S	 37.82  
 143 V	 3.71  
 144 D	 38.41  
 145 E	 42.79  
 146 I	 2.78  
 147 V	 6.77  
 148 Q	 42.19  
 149 P	 45.22  
 150 D	 44.51  
 151 P	 28.96  
 152 P	 31.68  
 153 I	 9.18  
 154 A	 10.70  
 155 L	 5.94  
 156 N	 22.21  
 157 W	 6.83  
 158 T	 21.94  
 159 L	 2.18  
 160 L	 4.68  
 161 N	 25.17  
 162 V	 5.11  
 163 S	 21.09  
 164 L	 4.41  
 165 T	 26.95  
 166 G	 18.25  
 167 I	 1.72  
 168 H	 20.77  
 169 A	 17.43  
 170 D	 20.07  
 171 I	 4.18  
 172 Q	 21.19  
 173 V	 8.63  
 174 R	 14.78  
 175 W	 13.77  
 176 E	 37.93  
 177 A	 11.03  
 178 P	 20.67  
 179 R	 59.00  
 180 N	 40.69  
 181 A	 19.30  
 182 D	 47.61  
 183 I	 4.18  
 184 Q	 38.46  
 185 K	 55.67  
 186 G	 11.01  
 187 W	 4.83  
 188 M	 3.17  
 189 V	 2.72  
 190 L	 3.16  
 191 E	 26.08  
 192 Y	 20.13  
 193 E	 21.74  
 194 L	 7.07  
 195 Q	 35.00  
 196 Y	 23.03  
 197 K	 42.07  
 198 E	 45.71  
 199 V	 7.39  
 200 N	 52.92  
 201 E	 57.87  
 202 T	 36.68  
 203 K	 38.34  
 204 W	 10.95  
 205 K	 26.38  
 206 M	 3.42  
 207 M	 5.00  
 208 D	 24.48  
 209 P	 12.94  
 210 I	 4.68  
 211 L	 5.34  
 212 T	 20.11  
 213 T	 25.04  
 214 S	 21.13  
 215 V	 3.32  
 216 P	 21.06  
 217 V	 4.80  
 218 Y	 11.38  
 219 S	 23.19  
 220 L	 3.25  
 221 K	 42.31  
 222 V	 18.02  
 223 D	 36.16  
 224 K	 66.25  
 225 E	 42.32  
 226 Y	 26.01  
 227 E	 25.57  
 228 V	 7.21  
 229 R	 13.24  
 230 V	 11.07  
 231 R	 27.80  
 232 S	 30.22  
 233 K	 42.59  
 234 Q	 51.54  
 235 R	 42.91  
 236 N	 52.34  
 237 S	 30.51  
 238 G	 34.62  
 239 N	 41.27  
 240 Y	 22.89  
 241 G	 33.21  
 242 E	 35.32  
 243 F	 7.01  
 244 S	 23.61  
 245 E	 41.69  
 246 V	 4.53  
 247 L	 2.21  
 248 Y	 9.14  
 249 V	 3.76  
 250 T	 21.11  
 251 L	 1.66  
 252 P	 20.61  
 253 Q	 47.47  
 254 M	 2.99  
 255 S	 19.52  
 256 Q	 32.12  
 257 F	 7.09  
 258 T	 16.03  
 259 C	 5.94  
 260 E	 58.50  
 261 E	 56.41  
 262 D	 22.66  
 263 F	 8.40  
 264 Y	 22.51  
 265 F	 3.36  
 266 P	 14.93  
 267 W	 8.23  
 268 L	 2.21  
 269 L	 2.03  
 270 I	 1.81  
 271 I	 1.84  
 272 I	 1.73  
 273 F	 4.29  
 274 G	 12.14  
 275 I	 1.40  
 276 F	 7.21  
 277 G	 20.65  
 278 L	 1.96  
 279 T	 12.30  
 280 V	 3.64  
 281 M	 1.71  
 282 L	 2.62  
 283 F	 1.65  
 284 V	 3.43  
 285 F	 4.46  
 286 L	 3.89  
 287 F	 6.11  
 288 S	 31.53  
 289 K	 43.02  
 290 Q	 36.26  
 291 Q	 53.45  
 292 R	 28.18  
 293 I	 2.40  
 294 K	 29.82  
 295 M	 2.34  
 296 L	 2.86  
 297 I	 4.93  
 298 L	 3.27  
 299 P	 22.35  
 300 P	 39.33  
 301 V	 7.63  
 302 P	 42.33  
 303 V	 8.42  
 304 P	 26.95  
 305 K	 58.23  
 306 I	 3.96  
 307 K	 56.81  
 308 G	 32.76  
 309 I	 6.20  
 310 D	 39.05  
 311 P	 32.03  
 312 D	 61.97  
 313 L	 10.03  
 314 L	 6.56  
 315 K	 72.26  
 316 E	 62.62  
 317 G	 37.96  
 318 K	 54.54  
 319 L	 11.31  
 320 E	 64.48  
 321 E	 52.05  
 322 V	 5.82  
 323 N	 25.36  
 324 T	 23.65  
 325 I	 1.74  
 326 L	 3.26  
 327 A	 8.01  
 328 I	 3.12  
 329 H	 16.62  
 330 D	 47.77  
 331 S	 22.39  
 332 Y	 36.30  
 333 K	 41.86  
 334 P	 41.05  
 335 E	 52.41  
 336 F	 10.17  
 337 H	 28.76  
 338 S	 48.73  
 339 D	 45.45  
 340 D	 47.62  
 341 S	 37.70  
 342 W	 10.72  
 343 V	 5.08  
 344 E	 34.35  
 345 F	 3.68  
 346 I	 3.04  
 347 E	 45.79  
 348 L	 6.30  
 349 D	 33.24  
 350 I	 11.47  
 351 D	 62.13  
 352 E	 55.79  
 353 P	 51.84  
 354 D	 68.89  
 355 E	 73.01  
 356 K	 69.49  
 357 T	 42.83  
 358 E	 67.58  
 359 E	 60.18  
 360 S	 39.31  
 361 D	 56.77  
 362 T	 32.09  
 363 D	 44.19  
 364 R	 39.35  
 365 L	 6.39  
 366 L	 4.86  
 367 S	 38.01  
 368 S	 42.85  
 369 D	 51.06  
 370 H	 46.46  
 371 E	 62.33  
 372 K	 50.47  
 373 S	 29.21  
 374 H	 31.60  
 375 S	 40.62  
 376 N	 35.08  
 377 L	 10.53  
 378 G	 28.78  
 379 V	 6.02  
 380 K	 54.95  
 381 D	 64.82  
 382 G	 25.85  
 383 D	 59.04  
 384 S	 35.39  
 385 G	 41.44  
 386 R	 27.67  
 387 T	 29.64  
 388 S	 18.53  
 389 C	 2.77  
 390 C	 9.48  
 391 E	 50.78  
 392 P	 21.74  
 393 D	 35.49  
 394 I	 5.68  
 395 L	 8.27  
 396 E	 46.82  
 397 T	 42.31  
 398 D	 25.98  
 399 F	 14.02  
 400 N	 40.41  
 401 A	 18.31  
 402 N	 50.28  
 403 D	 41.01  
 404 I	 2.98  
 405 H	 30.23  
 406 E	 65.58  
 407 G	 22.00  
 408 T	 20.80  
 409 S	 40.71  
 410 E	 41.53  
 411 V	 6.33  
 412 A	 15.98  
 413 Q	 39.57  
 414 P	 16.12  
 415 Q	 51.78  
 416 R	 45.08  
 417 L	 7.62  
 418 K	 57.82  
 419 G	 39.66  
 420 E	 37.11  
 421 A	 22.78  
 422 D	 35.55  
 423 L	 4.73  
 424 L	 2.54  
 425 C	 5.24  
 426 L	 8.68  
 427 D	 57.31  
 428 Q	 33.38  
 429 K	 61.23  
 430 N	 44.15  
 431 Q	 58.48  
 432 N	 61.41  
 433 N	 34.30  
 434 S	 34.09  
 435 P	 32.38  
 436 Y	 16.50  
 437 H	 21.41  
 438 D	 43.98  
 439 A	 6.46  
 440 C	 2.68  
 441 P	 39.81  
 442 A	 20.23  
 443 T	 16.93  
 444 Q	 56.12  
 445 Q	 28.07  
 446 P	 22.27  
 447 S	 27.75  
 448 V	 4.84  
 449 I	 3.64  
 450 Q	 41.11  
 451 A	 20.71  
 452 E	 40.56  
 453 K	 73.60  
 454 N	 53.39  
 455 K	 56.98  
 456 P	 50.87  
 457 Q	 54.49  
 458 P	 49.16  
 459 L	 7.45  
 460 P	 34.78  
 461 T	 55.52  
 462 E	 55.24  
 463 G	 36.80  
 464 A	 11.01  
 465 E	 68.01  
 466 S	 30.56  
 467 T	 14.98  
 468 H	 25.26  
 469 Q	 40.09  
 470 A	 8.06  
 471 A	 8.18  
 472 H	 16.02  
 473 I	 3.65  
 474 Q	 29.04  
 475 L	 5.44  
 476 S	 30.25  
 477 N	 49.41  
 478 P	 23.17  
 479 S	 48.43  
 480 S	 36.75  
 481 L	 5.50  
 482 S	 33.42  
 483 N	 43.04  
 484 I	 3.30  
 485 D	 34.45  
 486 F	 4.88  
 487 Y	 7.74  
 488 A	 11.86  
 489 Q	 24.70  
 490 V	 4.17  
 491 S	 15.94  
 492 D	 50.34  
 493 I	 3.76  
 494 T	 16.45  
 495 P	 34.65  
 496 A	 17.78  
 497 G	 23.37  
 498 S	 15.91  
 499 V	 4.99  
 500 V	 4.73  
 501 L	 4.85  
 502 S	 18.51  
 503 P	 45.10  
 504 G	 47.95  
 505 Q	 49.92  
 506 K	 67.35  
 507 N	 31.36  
 508 K	 54.04  
 509 A	 28.45  
 510 G	 20.20  
 511 M	 2.74  
 512 S	 27.09  
 513 Q	 20.52  
 514 C	 3.83  
 515 D	 30.68  
 516 M	 8.15  
 517 H	 11.26  
 518 P	 25.41  
 519 E	 37.22  
 520 M	 2.67  
 521 V	 3.64  
 522 S	 23.32  
 523 L	 2.08  
 524 C	 3.57  
 525 Q	 54.70  
 526 E	 49.29  
 527 N	 14.96  
 528 F	 6.18  
 529 L	 6.76  
 530 M	 3.06  
 531 D	 38.46  
 532 N	 23.68  
 533 A	 8.43  
 534 Y	 18.28  
 535 F	 2.56  
 536 C	 2.47  
 537 E	 39.42  
 538 A	 24.20  
 539 D	 36.31  
 540 A	 21.91  
 541 K	 49.04  
 542 K	 38.83  
 543 C	 4.13  
 544 I	 4.17  
 545 P	 26.20  
 546 V	 7.02  
 547 A	 5.65  
 548 P	 29.94  
 549 H	 23.82  
 550 I	 5.35  
 551 K	 36.59  
 552 V	 10.11  
 553 E	 31.43  
 554 S	 28.95  
 555 H	 14.81  
 556 I	 10.04  
 557 Q	 18.99  
 558 P	 39.93  
 559 S	 24.47  
 560 L	 11.04  
 561 N	 47.75  
 562 Q	 55.84  
 563 E	 45.35  
 564 D	 29.27  
 565 I	 2.36  
 566 Y	 12.44  
 567 I	 3.82  
 568 T	 13.92  
 569 T	 17.64  
 570 E	 34.79  
 571 S	 28.99  
 572 L	 3.92  
 573 T	 24.54  
 574 T	 21.58  
 575 A	 11.59  
 576 A	 16.67  
 577 G	 33.57  
 578 R	 23.03  
 579 P	 43.72  
 580 G	 45.02  
 581 T	 41.92  
 582 G	 29.00  
 583 E	 41.36  
 584 H	 32.20  
 585 V	 5.10  
 586 P	 42.36  
 587 G	 34.84  
 588 S	 25.34  
 589 E	 54.12  
 590 M	 4.31  
 591 P	 30.36  
 592 V	 5.63  
 593 P	 24.03  
 594 D	 60.62  
 595 Y	 9.05  
 596 T	 28.69  
 597 S	 13.12  
 598 I	 1.66  
 599 H	 17.59  
 600 I	 2.62  
 601 V	 2.59  
 602 Q	 49.11  
 603 S	 14.32  
 604 P	 18.37  
 605 Q	 65.65  
 606 G	 20.33  
 607 L	 3.20  
 608 I	 3.40  
 609 L	 4.25  
 610 N	 28.40  
 611 A	 7.27  
 612 T	 27.88  
 613 A	 12.55  
 614 L	 3.77  
 615 P	 39.11  
 616 L	 9.97  
 617 P	 49.00  
 618 D	 71.45  
 619 K	 48.72  
 620 E	 60.23  
 621 F	 11.19  
 622 L	 3.75  
 623 S	 28.98  
 624 S	 17.44  
 625 C	 4.02  
 626 G	 28.02  
 627 Y	 8.78  
 628 V	 2.77  
 629 S	 20.13  
 630 T	 20.09  
 631 D	 43.39  
 632 Q	 47.20  
 633 L	 8.63  
 634 N	 26.61  
 635 K	 49.31  
 636 I	 4.90  
 637 M	 3.26  
 638 P	 44.53  
