 1 M	 7.25  
 2 A	 17.41  
 3 T	 18.70  
 4 T	 15.49  
 5 A	 9.05  
 6 T	 16.59  
 7 C	 2.08  
 8 T	 25.18  
 9 R	 34.31  
 10 F	 4.78  
 11 T	 25.35  
 12 D	 50.32  
 13 D	 29.98  
 14 Y	 15.21  
 15 Q	 46.82  
 16 L	 4.80  
 17 F	 3.96  
 18 E	 61.99  
 19 E	 56.33  
 20 L	 7.27  
 21 G	 29.63  
 22 K	 60.74  
 23 G	 30.01  
 24 A	 9.31  
 25 F	 8.52  
 26 S	 21.11  
 27 V	 2.91  
 28 V	 2.86  
 29 R	 24.91  
 30 R	 20.26  
 31 C	 3.54  
 32 V	 7.27  
 33 K	 54.69  
 34 K	 27.58  
 35 T	 31.15  
 36 S	 36.65  
 37 T	 30.56  
 38 Q	 41.28  
 39 E	 36.91  
 40 Y	 11.31  
 41 A	 11.09  
 42 A	 11.59  
 43 K	 35.63  
 44 I	 2.23  
 45 I	 5.44  
 46 N	 49.68  
 47 T	 21.10  
 48 K	 47.42  
 49 K	 45.71  
 50 L	 5.29  
 51 S	 30.09  
 52 A	 31.21  
 53 R	 38.27  
 54 D	 48.57  
 55 H	 22.56  
 56 Q	 57.21  
 57 K	 49.23  
 58 L	 6.37  
 59 E	 56.35  
 60 R	 54.00  
 61 E	 32.69  
 62 A	 16.62  
 63 R	 24.64  
 64 I	 1.75  
 65 C	 1.77  
 66 R	 40.46  
 67 L	 6.91  
 68 L	 2.18  
 69 K	 62.70  
 70 H	 22.17  
 71 P	 30.56  
 72 N	 45.14  
 73 I	 1.94  
 74 V	 7.28  
 75 R	 23.62  
 76 L	 3.49  
 77 H	 19.06  
 78 D	 52.86  
 79 S	 19.78  
 80 I	 8.17  
 81 S	 33.28  
 82 E	 61.54  
 83 E	 61.44  
 84 G	 15.58  
 85 F	 3.76  
 86 H	 26.35  
 87 Y	 11.42  
 88 L	 2.02  
 89 V	 2.50  
 90 F	 5.77  
 91 D	 32.52  
 92 L	 2.23  
 93 V	 5.14  
 94 T	 46.93  
 95 G	 21.79  
 96 G	 21.04  
 97 E	 52.19  
 98 L	 6.87  
 99 F	 7.44  
 100 E	 60.49  
 101 D	 33.07  
 102 I	 1.74  
 103 V	 6.76  
 104 A	 10.02  
 105 R	 22.89  
 106 E	 38.80  
 107 Y	 13.51  
 108 Y	 8.69  
 109 S	 25.96  
 110 E	 34.15  
 111 A	 16.24  
 112 D	 44.55  
 113 A	 14.28  
 114 S	 21.31  
 115 H	 19.10  
 116 C	 2.48  
 117 I	 1.93  
 118 H	 17.64  
 119 Q	 23.27  
 120 I	 2.59  
 121 L	 3.02  
 122 E	 55.03  
 123 S	 25.44  
 124 V	 4.39  
 125 N	 37.36  
 126 H	 19.42  
 127 I	 2.56  
 128 H	 16.04  
 129 Q	 35.03  
 130 H	 16.77  
 131 D	 37.73  
 132 I	 2.36  
 133 V	 3.64  
 134 H	 20.19  
 135 R	 39.81  
 136 D	 44.13  
 137 L	 11.41  
 138 K	 55.35  
 139 P	 42.90  
 140 E	 59.95  
 141 N	 44.51  
 142 L	 3.85  
 143 L	 5.91  
 144 L	 5.95  
 145 A	 13.60  
 146 S	 38.26  
 147 K	 34.07  
 148 C	 4.56  
 149 K	 56.15  
 150 G	 28.39  
 151 A	 8.45  
 152 A	 13.98  
 153 V	 5.31  
 154 K	 32.98  
 155 L	 4.43  
 156 A	 12.36  
 157 D	 48.89  
 158 F	 7.80  
 159 G	 18.10  
 160 L	 4.36  
 161 A	 9.04  
 162 I	 6.83  
 163 E	 24.15  
 164 V	 7.87  
 165 Q	 36.59  
 166 G	 39.60  
 167 E	 23.56  
 168 Q	 45.15  
 169 Q	 35.94  
 170 A	 11.85  
 171 W	 6.91  
 172 F	 6.90  
 173 G	 10.78  
 174 F	 4.05  
 175 A	 22.71  
 176 G	 30.13  
 177 T	 15.31  
 178 P	 28.63  
 179 G	 35.53  
 180 Y	 12.76  
 181 L	 9.49  
 182 S	 15.55  
 183 P	 32.87  
 184 E	 51.30  
 185 V	 7.71  
 186 L	 5.55  
 187 R	 46.65  
 188 K	 59.92  
 189 D	 34.91  
 190 P	 42.69  
 191 Y	 48.17  
 192 G	 32.93  
 193 K	 35.70  
 194 P	 25.34  
 195 V	 10.71  
 196 D	 38.96  
 197 I	 2.27  
 198 W	 4.88  
 199 A	 4.78  
 200 C	 2.41  
 201 G	 11.18  
 202 V	 2.47  
 203 I	 1.15  
 204 L	 1.70  
 205 Y	 4.38  
 206 I	 1.83  
 207 L	 1.68  
 208 L	 1.72  
 209 V	 6.56  
 210 G	 29.24  
 211 Y	 10.56  
 212 P	 16.22  
 213 P	 34.18  
 214 F	 12.72  
 215 W	 17.54  
 216 D	 50.39  
 217 E	 50.60  
 218 D	 54.10  
 219 Q	 33.30  
 220 H	 34.12  
 221 K	 43.17  
 222 L	 4.35  
 223 Y	 11.81  
 224 Q	 49.29  
 225 Q	 26.12  
 226 I	 1.63  
 227 K	 36.11  
 228 A	 14.96  
 229 G	 21.48  
 230 A	 12.94  
 231 Y	 19.73  
 232 D	 48.74  
 233 F	 4.15  
 234 P	 46.18  
 235 S	 35.13  
 236 P	 47.11  
 237 E	 63.42  
 238 W	 15.23  
 239 D	 29.63  
 240 T	 27.61  
 241 V	 8.56  
 242 T	 19.94  
 243 P	 34.90  
 244 E	 64.01  
 245 A	 13.77  
 246 K	 51.10  
 247 N	 53.88  
 248 L	 3.71  
 249 I	 4.74  
 250 N	 25.11  
 251 Q	 22.67  
 252 M	 2.85  
 253 L	 2.91  
 254 T	 17.23  
 255 I	 5.24  
 256 N	 25.82  
 257 P	 34.99  
 258 A	 14.85  
 259 K	 45.66  
 260 R	 33.33  
 261 I	 3.52  
 262 T	 28.37  
 263 A	 12.44  
 264 D	 26.15  
 265 Q	 46.24  
 266 A	 21.08  
 267 L	 4.32  
 268 K	 51.11  
 269 H	 23.46  
 270 P	 24.49  
 271 W	 11.84  
 272 V	 2.04  
 273 C	 2.16  
 274 Q	 32.51  
 275 R	 29.21  
 276 S	 11.01  
 277 T	 23.45  
 278 V	 3.81  
 279 A	 7.56  
 280 S	 16.59  
 281 M	 1.57  
 282 M	 1.87  
 283 H	 21.45  
 284 R	 20.38  
 285 Q	 35.71  
 286 E	 55.57  
 287 T	 17.17  
 288 V	 4.87  
 289 E	 34.94  
 290 C	 3.76  
 291 L	 4.17  
 292 R	 53.85  
 293 K	 29.98  
 294 F	 7.55  
 295 N	 35.26  
 296 A	 18.78  
 297 R	 37.05  
 298 R	 46.37  
 299 K	 49.34  
 300 L	 6.16  
 301 K	 49.70  
 302 G	 28.43  
 303 A	 7.63  
 304 I	 4.84  
 305 L	 3.02  
 306 T	 12.21  
 307 T	 12.69  
 308 M	 2.68  
 309 L	 2.73  
 310 V	 3.33  
 311 S	 19.97  
 312 R	 40.51  
 313 N	 26.49  
 314 F	 6.43  
 315 S	 27.49  
 316 V	 6.83  
 317 G	 22.25  
 318 R	 30.93  
 319 Q	 35.49  
 320 S	 27.40  
 321 S	 29.90  
 322 A	 14.66  
 323 P	 34.91  
 324 A	 28.06  
 325 S	 17.64  
 326 P	 33.67  
 327 A	 16.14  
 328 A	 11.77  
 329 S	 22.28  
 330 A	 10.79  
 331 A	 15.84  
 332 G	 18.77  
 333 L	 4.08  
 334 A	 13.72  
 335 G	 23.78  
 336 Q	 32.32  
 337 A	 18.88  
 338 A	 8.29  
 339 K	 44.65  
 340 S	 33.10  
 341 L	 6.35  
 342 L	 13.09  
 343 N	 55.81  
 344 K	 54.33  
 345 K	 53.35  
 346 S	 43.00  
 347 D	 67.74  
 348 G	 50.30  
 349 G	 32.82  
 350 V	 8.92  
 351 K	 50.57  
 352 K	 63.75  
 353 R	 38.07  
 354 K	 64.67  
 355 S	 39.21  
 356 S	 29.66  
 357 S	 43.39  
 358 S	 18.59  
 359 V	 4.31  
 360 H	 22.77  
 361 L	 3.79  
 362 M	 4.21  
 363 E	 40.39  
 364 P	 23.89  
 365 Q	 36.18  
 366 T	 32.07  
 367 T	 18.45  
 368 V	 4.72  
 369 V	 2.43  
 370 H	 17.55  
 371 N	 32.69  
 372 A	 7.68  
 373 T	 39.82  
 374 D	 55.18  
 375 G	 21.10  
 376 I	 5.20  
 377 K	 52.95  
 378 G	 37.57  
 379 S	 24.81  
 380 T	 40.35  
 381 E	 55.80  
 382 S	 16.86  
 383 C	 4.22  
 384 N	 50.14  
 385 T	 39.15  
 386 T	 17.75  
 387 T	 39.13  
 388 E	 58.26  
 389 D	 53.25  
 390 E	 60.04  
 391 D	 65.20  
 392 L	 5.34  
 393 K	 52.92  
 394 V	 13.86  
 395 R	 33.09  
 396 K	 56.10  
 397 Q	 36.23  
 398 E	 50.11  
 399 I	 3.44  
 400 I	 2.31  
 401 K	 49.60  
 402 I	 3.45  
 403 T	 16.81  
 404 E	 47.03  
 405 Q	 38.81  
 406 L	 2.88  
 407 I	 3.16  
 408 E	 52.68  
 409 A	 11.65  
 410 I	 2.39  
 411 N	 54.18  
 412 N	 45.35  
 413 G	 36.17  
 414 D	 40.09  
 415 F	 6.49  
 416 E	 45.57  
 417 A	 19.79  
 418 Y	 11.02  
 419 T	 22.45  
 420 K	 28.76  
 421 I	 2.19  
 422 C	 5.71  
 423 D	 43.72  
 424 P	 34.97  
 425 G	 28.47  
 426 L	 4.39  
 427 T	 36.97  
 428 S	 32.43  
 429 F	 17.88  
 430 E	 41.83  
 431 P	 30.10  
 432 E	 49.69  
 433 A	 31.33  
 434 L	 4.45  
 435 G	 32.26  
 436 N	 41.59  
 437 L	 3.35  
 438 V	 7.48  
 439 E	 52.55  
 440 G	 17.30  
 441 M	 2.92  
 442 D	 54.04  
 443 F	 5.11  
 444 H	 18.30  
 445 K	 41.58  
 446 F	 6.75  
 447 Y	 18.13  
 448 F	 5.89  
 449 E	 35.27  
 450 N	 36.06  
 451 L	 4.50  
 452 L	 11.75  
 453 S	 32.72  
 454 K	 66.27  
 455 N	 52.47  
 456 S	 43.47  
 457 K	 58.34  
 458 P	 24.34  
 459 I	 5.32  
 460 H	 26.03  
 461 T	 19.09  
 462 T	 14.87  
 463 I	 3.53  
 464 L	 8.40  
 465 N	 22.30  
 466 P	 27.68  
 467 H	 22.65  
 468 V	 3.99  
 469 H	 11.48  
 470 V	 6.14  
 471 I	 2.78  
 472 G	 26.16  
 473 E	 33.09  
 474 D	 33.96  
 475 A	 10.42  
 476 A	 9.51  
 477 C	 1.64  
 478 I	 2.53  
 479 A	 8.12  
 480 Y	 2.68  
 481 I	 1.84  
 482 R	 21.00  
 483 L	 2.25  
 484 T	 14.96  
 485 Q	 37.46  
 486 Y	 8.85  
 487 I	 3.27  
 488 D	 38.13  
 489 G	 23.45  
 490 Q	 40.76  
 491 G	 47.27  
 492 R	 15.05  
 493 P	 51.21  
 494 R	 45.72  
 495 T	 33.53  
 496 S	 32.75  
 497 Q	 55.00  
 498 S	 36.85  
 499 E	 56.61  
 500 E	 47.35  
 501 T	 26.86  
 502 R	 32.57  
 503 V	 7.06  
 504 W	 3.96  
 505 H	 16.43  
 506 R	 23.75  
 507 R	 44.11  
 508 D	 64.08  
 509 G	 22.64  
 510 K	 53.44  
 511 W	 9.94  
 512 L	 5.67  
 513 N	 19.87  
 514 V	 4.43  
 515 H	 12.92  
 516 Y	 10.55  
 517 H	 5.60  
 518 C	 2.94  
 519 S	 25.36  
 520 G	 40.76  
 521 A	 3.69  
 522 P	 32.26  
 523 A	 22.60  
 524 A	 12.32  
 525 P	 33.14  
 526 L	 8.94  
 527 Q	 50.65  
