 1 M	 6.24  
 2 S	 29.33  
 3 H	 18.05  
 4 I	 2.89  
 5 Q	 36.39  
 6 I	 4.37  
 7 P	 10.67  
 8 P	 52.64  
 9 G	 39.62  
 10 L	 4.08  
 11 T	 30.42  
 12 E	 53.15  
 13 L	 3.49  
 14 L	 2.78  
 15 Q	 56.31  
 16 G	 21.76  
 17 Y	 8.47  
 18 T	 19.60  
 19 V	 4.17  
 20 E	 32.88  
 21 V	 7.93  
 22 G	 13.60  
 23 Q	 58.75  
 24 Q	 45.63  
 25 P	 19.24  
 26 P	 43.14  
 27 D	 67.04  
 28 L	 4.99  
 29 V	 8.09  
 30 D	 32.84  
 31 F	 6.81  
 32 A	 6.70  
 33 V	 6.55  
 34 E	 31.34  
 35 Y	 12.03  
 36 F	 1.71  
 37 T	 28.08  
 38 R	 23.11  
 39 L	 5.43  
 40 R	 32.03  
 41 E	 51.63  
 42 A	 12.91  
 43 R	 35.74  
 44 R	 52.22  
 45 Q	 49.33  
 46 E	 49.09  
 47 S	 33.34  
 48 D	 44.90  
 49 T	 25.25  
 50 F	 6.61  
 51 I	 3.05  
 52 V	 4.98  
 53 S	 16.24  
 54 P	 25.27  
 55 T	 34.29  
 56 T	 19.46  
 57 F	 6.89  
 58 H	 25.25  
 59 T	 29.82  
 60 Q	 39.75  
 61 E	 48.06  
 62 S	 17.49  
 63 S	 32.31  
 64 A	 20.93  
 65 V	 4.14  
 66 P	 22.53  
 67 V	 7.46  
 68 I	 3.82  
 69 E	 50.71  
 70 E	 61.26  
 71 D	 54.06  
 72 G	 39.32  
 73 E	 64.79  
 74 S	 48.20  
 75 D	 52.76  
 76 S	 52.92  
 77 D	 62.12  
 78 S	 41.13  
 79 E	 63.31  
 80 D	 49.70  
 81 A	 21.16  
 82 D	 56.54  
 83 L	 8.40  
 84 E	 45.37  
 85 V	 8.23  
 86 P	 23.95  
 87 V	 11.46  
 88 P	 26.23  
 89 S	 40.41  
 90 K	 44.69  
 91 F	 8.24  
 92 T	 22.69  
 93 R	 39.89  
 94 R	 23.23  
 95 V	 4.54  
 96 S	 15.07  
 97 V	 3.07  
 98 C	 1.89  
 99 A	 19.39  
 100 E	 49.13  
 101 T	 15.36  
 102 F	 10.59  
 103 N	 51.00  
 104 P	 46.31  
 105 D	 76.63  
 106 E	 69.44  
 107 E	 74.25  
 108 E	 69.47  
 109 E	 66.45  
 110 D	 69.02  
 111 N	 65.55  
 112 D	 44.71  
 113 P	 36.90  
 114 R	 46.05  
 115 V	 5.88  
 116 V	 7.26  
 117 H	 18.45  
 118 P	 29.63  
 119 K	 54.45  
 120 T	 49.58  
 121 D	 57.04  
 122 E	 45.19  
 123 Q	 53.21  
 124 R	 12.89  
 125 C	 5.21  
 126 R	 41.41  
 127 L	 6.54  
 128 Q	 19.52  
 129 E	 61.70  
 130 A	 7.84  
 131 C	 3.91  
 132 K	 55.65  
 133 D	 36.33  
 134 I	 1.89  
 135 L	 7.06  
 136 L	 6.16  
 137 F	 4.40  
 138 K	 57.48  
 139 N	 41.33  
 140 L	 8.08  
 141 D	 60.40  
 142 Q	 43.43  
 143 E	 53.83  
 144 Q	 40.56  
 145 L	 3.68  
 146 S	 20.24  
 147 Q	 48.67  
 148 V	 4.73  
 149 L	 2.42  
 150 D	 36.81  
 151 A	 10.62  
 152 M	 4.44  
 153 F	 10.42  
 154 E	 28.87  
 155 K	 41.35  
 156 I	 2.79  
 157 V	 8.93  
 158 K	 54.45  
 159 T	 35.41  
 160 D	 37.98  
 161 E	 45.33  
 162 H	 25.33  
 163 V	 4.92  
 164 I	 3.36  
 165 D	 45.37  
 166 Q	 46.20  
 167 G	 31.09  
 168 D	 51.60  
 169 D	 73.50  
 170 G	 36.18  
 171 D	 49.40  
 172 N	 35.36  
 173 F	 6.49  
 174 Y	 13.53  
 175 V	 2.99  
 176 I	 1.72  
 177 E	 34.71  
 178 R	 31.46  
 179 G	 18.81  
 180 T	 25.00  
 181 Y	 12.10  
 182 D	 27.81  
 183 I	 2.04  
 184 L	 3.50  
 185 V	 6.80  
 186 T	 29.27  
 187 K	 47.40  
 188 D	 43.00  
 189 N	 46.83  
 190 Q	 48.72  
 191 T	 31.03  
 192 R	 21.41  
 193 S	 33.71  
 194 V	 5.09  
 195 G	 22.90  
 196 Q	 40.01  
 197 Y	 14.84  
 198 D	 30.38  
 199 N	 45.32  
 200 R	 38.95  
 201 G	 33.31  
 202 S	 27.17  
 203 F	 11.11  
 204 G	 30.61  
 205 E	 28.94  
 206 L	 4.54  
 207 A	 5.98  
 208 L	 6.14  
 209 M	 1.70  
 210 Y	 19.41  
 211 N	 29.64  
 212 T	 9.18  
 213 P	 21.92  
 214 R	 34.51  
 215 A	 15.34  
 216 A	 10.70  
 217 T	 16.36  
 218 I	 1.40  
 219 I	 2.73  
 220 A	 10.96  
 221 T	 19.53  
 222 S	 30.82  
 223 E	 48.74  
 224 G	 28.01  
 225 S	 19.52  
 226 L	 6.55  
 227 W	 13.65  
 228 G	 24.00  
 229 L	 2.28  
 230 D	 38.78  
 231 R	 34.12  
 232 V	 6.23  
 233 T	 16.59  
 234 F	 4.52  
 235 R	 21.37  
 236 R	 20.85  
 237 I	 3.56  
 238 I	 3.24  
 239 V	 5.16  
 240 K	 33.79  
 241 N	 42.68  
 242 N	 47.63  
 243 A	 28.30  
 244 K	 56.06  
 245 K	 55.64  
 246 R	 34.66  
 247 K	 57.74  
 248 M	 5.38  
 249 F	 8.79  
 250 E	 41.04  
 251 S	 21.91  
 252 F	 5.90  
 253 I	 5.55  
 254 E	 43.61  
 255 S	 24.99  
 256 V	 2.87  
 257 P	 41.16  
 258 L	 8.71  
 259 F	 4.06  
 260 K	 62.91  
 261 S	 23.40  
 262 L	 7.07  
 263 E	 47.99  
 264 M	 6.47  
 265 S	 16.81  
 266 E	 56.32  
 267 R	 25.12  
 268 M	 2.81  
 269 K	 45.88  
 270 I	 2.03  
 271 V	 3.92  
 272 D	 29.77  
 273 V	 4.14  
 274 I	 5.23  
 275 G	 29.96  
 276 E	 25.75  
 277 K	 46.23  
 278 I	 4.49  
 279 Y	 17.69  
 280 K	 63.83  
 281 D	 47.41  
 282 G	 23.18  
 283 E	 51.33  
 284 R	 31.01  
 285 I	 2.39  
 286 I	 2.68  
 287 A	 14.68  
 288 Q	 50.61  
 289 G	 29.38  
 290 E	 32.75  
 291 K	 65.40  
 292 A	 17.24  
 293 D	 50.80  
 294 S	 25.47  
 295 F	 5.37  
 296 Y	 12.63  
 297 I	 2.37  
 298 I	 2.04  
 299 E	 43.03  
 300 S	 29.82  
 301 G	 26.91  
 302 E	 42.23  
 303 V	 5.00  
 304 S	 13.84  
 305 I	 4.47  
 306 L	 1.75  
 307 I	 4.44  
 308 R	 28.76  
 309 S	 37.37  
 310 K	 50.56  
 311 T	 40.74  
 312 K	 56.63  
 313 S	 59.26  
 314 N	 43.28  
 315 K	 65.15  
 316 N	 68.78  
 317 G	 37.73  
 318 G	 41.88  
 319 N	 35.92  
 320 Q	 60.43  
 321 E	 46.23  
 322 V	 4.67  
 323 E	 33.43  
 324 I	 3.71  
 325 A	 5.92  
 326 H	 21.63  
 327 C	 2.34  
 328 H	 27.67  
 329 K	 53.77  
 330 G	 12.07  
 331 Q	 34.87  
 332 Y	 23.40  
 333 F	 4.75  
 334 G	 24.87  
 335 E	 22.44  
 336 L	 4.58  
 337 A	 8.83  
 338 L	 8.36  
 339 V	 4.63  
 340 T	 38.07  
 341 N	 44.87  
 342 K	 26.89  
 343 P	 32.96  
 344 R	 44.38  
 345 A	 17.81  
 346 A	 8.93  
 347 S	 22.49  
 348 A	 10.60  
 349 Y	 15.17  
 350 G	 19.35  
 351 V	 3.73  
 352 G	 29.63  
 353 D	 34.01  
 354 V	 3.77  
 355 K	 26.96  
 356 C	 3.30  
 357 L	 2.72  
 358 V	 4.28  
 359 M	 2.42  
 360 D	 23.15  
 361 V	 2.09  
 362 Q	 35.75  
 363 A	 14.23  
 364 F	 2.91  
 365 E	 45.49  
 366 R	 28.85  
 367 L	 5.23  
 368 L	 10.10  
 369 G	 20.25  
 370 P	 15.38  
 371 C	 3.48  
 372 M	 4.38  
 373 D	 44.54  
 374 I	 1.08  
 375 M	 2.65  
 376 K	 42.50  
 377 R	 28.47  
 378 N	 34.30  
 379 I	 2.89  
 380 S	 24.46  
 381 H	 30.17  
 382 Y	 17.86  
 383 E	 33.57  
 384 E	 41.89  
 385 Q	 39.35  
 386 L	 4.53  
 387 V	 4.17  
 388 K	 36.78  
 389 M	 3.42  
 390 F	 8.87  
 391 G	 16.48  
 392 S	 23.97  
 393 N	 37.64  
 394 L	 5.99  
 395 D	 44.17  
 396 L	 4.77  
 397 M	 6.12  
 398 D	 52.02  
 399 P	 29.17  
 400 G	 41.38  
 401 Q	 56.37  
