 1 M	 5.30  
 2 A	 13.05  
 3 A	 12.31  
 4 A	 11.98  
 5 T	 44.92  
 6 G	 15.89  
 7 P	 23.23  
 8 S	 30.33  
 9 F	 7.60  
 10 W	 14.01  
 11 L	 5.07  
 12 G	 22.11  
 13 N	 36.59  
 14 E	 54.44  
 15 T	 35.56  
 16 L	 4.25  
 17 K	 49.58  
 18 V	 5.44  
 19 P	 15.44  
 20 L	 7.87  
 21 A	 8.45  
 22 L	 3.21  
 23 F	 6.38  
 24 A	 12.55  
 25 L	 4.21  
 26 N	 34.31  
 27 R	 24.68  
 28 Q	 41.44  
 29 R	 37.76  
 30 L	 2.42  
 31 C	 2.89  
 32 E	 60.38  
 33 R	 38.50  
 34 L	 4.22  
 35 R	 42.82  
 36 K	 72.39  
 37 N	 24.27  
 38 P	 36.52  
 39 A	 18.56  
 40 V	 4.17  
 41 Q	 41.95  
 42 A	 13.70  
 43 G	 10.79  
 44 S	 18.41  
 45 I	 2.13  
 46 V	 3.63  
 47 V	 2.92  
 48 L	 2.44  
 49 Q	 46.35  
 50 G	 41.12  
 51 G	 19.33  
 52 E	 65.77  
 53 E	 54.22  
 54 T	 17.65  
 55 Q	 37.31  
 56 R	 35.59  
 57 Y	 7.00  
 58 C	 2.78  
 59 T	 27.88  
 60 D	 37.59  
 61 T	 15.84  
 62 G	 19.55  
 63 V	 5.05  
 64 L	 2.87  
 65 F	 7.62  
 66 R	 34.88  
 67 Q	 43.27  
 68 E	 45.30  
 69 S	 25.52  
 70 F	 5.26  
 71 F	 7.00  
 72 H	 16.97  
 73 W	 6.53  
 74 A	 5.24  
 75 F	 7.35  
 76 G	 20.07  
 77 V	 4.41  
 78 T	 36.52  
 79 E	 36.97  
 80 P	 28.87  
 81 G	 15.85  
 82 C	 3.80  
 83 Y	 21.97  
 84 G	 17.62  
 85 V	 1.05  
 86 I	 3.57  
 87 D	 29.81  
 88 V	 4.95  
 89 D	 46.09  
 90 T	 46.48  
 91 G	 19.90  
 92 K	 42.22  
 93 S	 31.52  
 94 T	 27.92  
 95 L	 5.41  
 96 F	 7.82  
 97 V	 2.79  
 98 P	 25.42  
 99 R	 48.26  
 100 L	 3.21  
 101 P	 32.75  
 102 A	 20.67  
 103 S	 16.24  
 104 H	 29.32  
 105 A	 10.64  
 106 T	 15.57  
 107 W	 8.36  
 108 M	 3.21  
 109 G	 19.82  
 110 K	 22.57  
 111 I	 3.52  
 112 H	 35.98  
 113 S	 43.12  
 114 K	 40.83  
 115 E	 58.53  
 116 H	 42.70  
 117 F	 13.18  
 118 K	 56.03  
 119 E	 50.81  
 120 K	 38.82  
 121 Y	 16.98  
 122 A	 14.88  
 123 V	 6.15  
 124 D	 42.04  
 125 D	 23.87  
 126 V	 3.70  
 127 Q	 39.26  
 128 Y	 15.09  
 129 V	 2.73  
 130 D	 36.33  
 131 E	 30.34  
 132 I	 2.75  
 133 A	 7.49  
 134 S	 24.26  
 135 V	 5.09  
 136 L	 3.36  
 137 T	 27.27  
 138 S	 31.85  
 139 Q	 57.34  
 140 K	 38.74  
 141 P	 23.25  
 142 S	 32.22  
 143 V	 7.43  
 144 L	 3.38  
 145 L	 3.87  
 146 T	 15.39  
 147 L	 4.53  
 148 R	 41.60  
 149 G	 21.82  
 150 V	 5.87  
 151 N	 40.78  
 152 T	 29.18  
 153 D	 45.88  
 154 S	 30.81  
 155 G	 27.23  
 156 S	 23.23  
 157 V	 3.99  
 158 C	 3.31  
 159 R	 40.12  
 160 E	 43.47  
 161 A	 8.99  
 162 S	 21.08  
 163 F	 14.90  
 164 D	 51.53  
 165 G	 24.86  
 166 I	 4.33  
 167 S	 36.50  
 168 K	 43.56  
 169 F	 11.49  
 170 E	 48.34  
 171 V	 8.24  
 172 N	 32.50  
 173 N	 33.40  
 174 T	 21.51  
 175 I	 3.46  
 176 L	 5.33  
 177 H	 17.69  
 178 P	 29.57  
 179 E	 49.25  
 180 I	 3.58  
 181 V	 5.61  
 182 E	 23.44  
 183 C	 2.89  
 184 R	 24.33  
 185 V	 9.73  
 186 F	 3.49  
 187 K	 40.53  
 188 T	 29.16  
 189 D	 29.20  
 190 M	 8.40  
 191 E	 44.59  
 192 L	 4.41  
 193 E	 26.63  
 194 V	 6.03  
 195 L	 2.24  
 196 R	 41.21  
 197 Y	 15.54  
 198 T	 24.49  
 199 N	 30.63  
 200 K	 35.84  
 201 I	 6.25  
 202 S	 24.60  
 203 S	 42.13  
 204 E	 41.52  
 205 A	 14.69  
 206 H	 23.53  
 207 R	 45.30  
 208 E	 36.78  
 209 V	 4.87  
 210 M	 1.65  
 211 K	 56.02  
 212 A	 6.56  
 213 V	 4.27  
 214 K	 37.62  
 215 V	 7.92  
 216 G	 18.74  
 217 M	 3.14  
 218 K	 51.74  
 219 E	 35.03  
 220 Y	 21.94  
 221 E	 47.34  
 222 L	 5.47  
 223 E	 33.19  
 224 S	 51.49  
 225 L	 4.22  
 226 F	 8.28  
 227 E	 38.96  
 228 H	 15.61  
 229 Y	 5.96  
 230 C	 2.41  
 231 Y	 8.34  
 232 S	 22.38  
 233 R	 21.14  
 234 G	 28.45  
 235 G	 14.61  
 236 M	 3.77  
 237 R	 29.79  
 238 H	 16.53  
 239 S	 18.06  
 240 S	 20.52  
 241 Y	 14.51  
 242 T	 9.42  
 243 C	 1.52  
 244 I	 1.99  
 245 C	 3.74  
 246 G	 20.83  
 247 S	 38.22  
 248 G	 24.32  
 249 E	 50.11  
 250 N	 38.50  
 251 S	 18.56  
 252 A	 21.33  
 253 V	 3.21  
 254 L	 2.29  
 255 H	 21.67  
 256 Y	 13.37  
 257 G	 8.07  
 258 H	 17.52  
 259 A	 16.10  
 260 G	 35.57  
 261 A	 10.66  
 262 P	 42.19  
 263 N	 51.35  
 264 D	 48.30  
 265 R	 40.13  
 266 T	 29.76  
 267 I	 2.89  
 268 Q	 47.44  
 269 N	 44.58  
 270 G	 13.98  
 271 D	 31.97  
 272 M	 1.96  
 273 C	 4.00  
 274 L	 3.07  
 275 F	 5.31  
 276 D	 23.13  
 277 M	 6.10  
 278 G	 27.85  
 279 G	 17.07  
 280 E	 27.83  
 281 Y	 14.60  
 282 Y	 4.10  
 283 C	 1.94  
 284 F	 4.16  
 285 A	 11.61  
 286 S	 14.86  
 287 D	 36.47  
 288 I	 3.76  
 289 T	 13.69  
 290 C	 3.94  
 291 S	 26.14  
 292 F	 7.82  
 293 P	 14.44  
 294 A	 35.08  
 295 N	 55.19  
 296 G	 28.67  
 297 K	 39.07  
 298 F	 7.84  
 299 T	 32.58  
 300 A	 21.99  
 301 D	 47.67  
 302 Q	 32.89  
 303 K	 40.13  
 304 A	 11.95  
 305 V	 5.98  
 306 Y	 11.75  
 307 E	 26.21  
 308 A	 6.48  
 309 V	 2.81  
 310 L	 5.91  
 311 R	 26.45  
 312 S	 21.73  
 313 S	 20.16  
 314 R	 32.23  
 315 A	 9.52  
 316 V	 3.36  
 317 M	 2.50  
 318 G	 18.87  
 319 A	 5.68  
 320 M	 4.45  
 321 K	 37.78  
 322 P	 29.50  
 323 G	 23.35  
 324 V	 7.01  
 325 W	 13.55  
 326 W	 4.07  
 327 P	 17.21  
 328 D	 31.62  
 329 M	 1.41  
 330 H	 29.05  
 331 R	 25.57  
 332 L	 3.36  
 333 A	 12.18  
 334 D	 55.44  
 335 R	 16.78  
 336 I	 4.47  
 337 H	 28.25  
 338 L	 5.21  
 339 E	 36.48  
 340 E	 58.58  
 341 L	 2.64  
 342 A	 8.23  
 343 H	 27.85  
 344 M	 2.72  
 345 G	 14.07  
 346 I	 1.84  
 347 L	 3.82  
 348 S	 27.40  
 349 G	 28.39  
 350 S	 17.28  
 351 V	 6.58  
 352 D	 30.55  
 353 A	 9.63  
 354 M	 1.67  
 355 V	 4.95  
 356 Q	 15.24  
 357 A	 6.61  
 358 H	 14.01  
 359 L	 5.44  
 360 G	 15.16  
 361 A	 9.57  
 362 V	 3.92  
 363 F	 6.63  
 364 M	 1.60  
 365 P	 13.61  
 366 H	 32.11  
 367 G	 27.73  
 368 L	 4.36  
 369 G	 17.69  
 370 H	 21.57  
 371 F	 6.75  
 372 L	 4.95  
 373 G	 17.07  
 374 I	 5.63  
 375 D	 29.87  
 376 V	 3.82  
 377 H	 21.94  
 378 D	 40.37  
 379 V	 3.75  
 380 G	 35.65  
 381 G	 34.37  
 382 Y	 7.68  
 383 P	 34.83  
 384 E	 68.35  
 385 G	 23.29  
 386 V	 4.21  
 387 E	 55.57  
 388 R	 38.97  
 389 I	 4.44  
 390 D	 63.36  
 391 E	 38.61  
 392 P	 43.29  
 393 G	 31.51  
 394 L	 5.00  
 395 R	 39.29  
 396 S	 27.52  
 397 L	 4.57  
 398 R	 27.82  
 399 T	 33.08  
 400 A	 7.17  
 401 R	 30.36  
 402 H	 26.76  
 403 L	 5.68  
 404 Q	 26.78  
 405 P	 38.93  
 406 G	 13.08  
 407 M	 2.58  
 408 V	 5.13  
 409 L	 3.09  
 410 T	 16.06  
 411 V	 7.95  
 412 E	 32.35  
 413 P	 30.10  
 414 G	 17.45  
 415 I	 3.57  
 416 Y	 10.61  
 417 F	 5.10  
 418 I	 1.51  
 419 D	 19.24  
 420 H	 24.39  
 421 L	 5.98  
 422 L	 5.12  
 423 D	 45.54  
 424 E	 45.62  
 425 A	 14.02  
 426 L	 5.37  
 427 A	 27.99  
 428 D	 37.94  
 429 P	 20.31  
 430 A	 21.88  
 431 R	 35.83  
 432 A	 13.52  
 433 S	 25.39  
 434 F	 7.37  
 435 L	 5.67  
 436 N	 35.74  
 437 R	 37.23  
 438 E	 46.65  
 439 V	 5.08  
 440 L	 2.31  
 441 Q	 47.87  
 442 R	 21.04  
 443 F	 6.05  
 444 R	 41.54  
 445 G	 23.88  
 446 F	 7.20  
 447 G	 36.19  
 448 G	 11.85  
 449 V	 5.96  
 450 R	 33.60  
 451 I	 6.72  
 452 E	 37.26  
 453 E	 54.45  
 454 D	 26.22  
 455 V	 4.17  
 456 V	 6.24  
 457 V	 5.03  
 458 T	 16.91  
 459 D	 33.00  
 460 S	 32.10  
 461 G	 21.87  
 462 I	 3.79  
 463 E	 41.05  
 464 L	 4.54  
 465 L	 1.95  
 466 T	 24.87  
 467 C	 3.91  
 468 V	 2.79  
 469 P	 28.50  
 470 R	 30.89  
 471 T	 26.63  
 472 V	 7.02  
 473 E	 53.28  
 474 E	 41.62  
 475 I	 2.29  
 476 E	 38.81  
 477 A	 8.27  
 478 C	 0.94  
 479 M	 4.65  
 480 A	 18.49  
 481 G	 8.02  
 482 C	 3.35  
 483 D	 44.38  
 484 K	 49.85  
 485 A	 10.57  
 486 F	 12.57  
 487 T	 28.43  
 488 P	 18.23  
 489 F	 13.82  
 490 S	 56.22  
 491 G	 34.10  
 492 P	 37.68  
 493 K	 76.21  
