 1 M	 9.06  
 2 F	 11.73  
 3 P	 33.68  
 4 T	 31.16  
 5 E	 38.40  
 6 S	 27.50  
 7 A	 10.16  
 8 W	 18.22  
 9 L	 6.07  
 10 G	 13.60  
 11 K	 45.55  
 12 R	 47.89  
 13 G	 32.94  
 14 A	 24.07  
 15 N	 44.90  
 16 P	 60.21  
 17 G	 32.27  
 18 P	 29.34  
 19 E	 55.99  
 20 A	 17.87  
 21 A	 10.15  
 22 V	 7.97  
 23 R	 29.19  
 24 E	 38.87  
 25 T	 10.72  
 26 V	 1.87  
 27 M	 2.59  
 28 L	 2.61  
 29 L	 1.39  
 30 L	 1.67  
 31 C	 2.91  
 32 L	 8.59  
 33 G	 23.51  
 34 V	 2.18  
 35 P	 27.60  
 36 T	 43.34  
 37 G	 23.61  
 38 R	 32.76  
 39 P	 26.79  
 40 Y	 26.85  
 41 N	 28.06  
 42 V	 8.76  
 43 D	 40.91  
 44 T	 27.79  
 45 E	 29.56  
 46 S	 26.72  
 47 A	 8.71  
 48 L	 6.78  
 49 L	 2.76  
 50 Y	 16.57  
 51 Q	 59.93  
 52 G	 16.33  
 53 P	 11.30  
 54 H	 46.89  
 55 N	 41.43  
 56 T	 22.04  
 57 L	 3.68  
 58 F	 8.98  
 59 G	 19.54  
 60 Y	 7.31  
 61 S	 13.21  
 62 V	 3.90  
 63 V	 3.07  
 64 L	 3.00  
 65 H	 13.21  
 66 S	 21.32  
 67 H	 28.74  
 68 G	 27.80  
 69 A	 9.29  
 70 N	 40.01  
 71 R	 25.53  
 72 W	 8.21  
 73 L	 2.22  
 74 L	 2.37  
 75 V	 6.02  
 76 G	 26.30  
 77 A	 7.26  
 78 P	 26.56  
 79 T	 31.89  
 80 A	 12.25  
 81 N	 36.45  
 82 W	 8.39  
 83 L	 2.36  
 84 A	 10.93  
 85 N	 30.49  
 86 A	 10.28  
 87 S	 24.28  
 88 V	 4.56  
 89 I	 4.82  
 90 N	 27.14  
 91 P	 23.59  
 92 G	 21.81  
 93 A	 9.26  
 94 I	 2.49  
 95 Y	 11.79  
 96 R	 9.34  
 97 C	 1.77  
 98 R	 31.53  
 99 I	 12.03  
 100 G	 12.34  
 101 K	 58.56  
 102 N	 40.50  
 103 P	 39.49  
 104 G	 44.84  
 105 Q	 44.21  
 106 T	 24.75  
 107 C	 2.11  
 108 E	 58.68  
 109 Q	 36.33  
 110 L	 1.80  
 111 Q	 43.39  
 112 L	 11.30  
 113 G	 28.26  
 114 S	 24.63  
 115 P	 51.55  
 116 N	 69.98  
 117 G	 43.54  
 118 E	 44.02  
 119 P	 33.29  
 120 C	 8.32  
 121 G	 38.74  
 122 K	 42.66  
 123 T	 13.96  
 124 C	 5.26  
 125 L	 10.42  
 126 E	 53.81  
 127 E	 53.00  
 128 R	 38.51  
 129 D	 55.76  
 130 N	 40.94  
 131 Q	 40.85  
 132 W	 11.01  
 133 L	 2.59  
 134 G	 13.86  
 135 V	 4.57  
 136 T	 19.74  
 137 L	 3.55  
 138 S	 21.36  
 139 R	 50.23  
 140 Q	 47.15  
 141 P	 51.46  
 142 G	 32.44  
 143 E	 66.17  
 144 N	 56.26  
 145 G	 17.91  
 146 S	 26.01  
 147 I	 2.93  
 148 V	 3.77  
 149 T	 15.88  
 150 C	 2.75  
 151 G	 12.20  
 152 H	 34.28  
 153 R	 31.20  
 154 W	 7.74  
 155 K	 39.87  
 156 N	 23.73  
 157 I	 2.17  
 158 F	 7.83  
 159 Y	 13.74  
 160 I	 2.41  
 161 K	 46.99  
 162 N	 48.81  
 163 E	 51.22  
 164 N	 61.63  
 165 K	 50.06  
 166 L	 7.47  
 167 P	 30.52  
 168 T	 57.55  
 169 G	 23.41  
 170 G	 12.17  
 171 C	 2.57  
 172 Y	 25.16  
 173 G	 29.54  
 174 V	 2.22  
 175 P	 16.60  
 176 P	 51.35  
 177 D	 42.59  
 178 L	 10.08  
 179 R	 33.27  
 180 T	 48.88  
 181 E	 44.61  
 182 L	 7.86  
 183 S	 17.41  
 184 K	 61.52  
 185 R	 27.25  
 186 I	 6.04  
 187 A	 7.67  
 188 P	 18.25  
 189 C	 3.35  
 190 Y	 11.89  
 191 Q	 42.13  
 192 D	 24.58  
 193 Y	 9.91  
 194 V	 7.96  
 195 K	 35.83  
 196 K	 48.86  
 197 F	 14.21  
 198 G	 37.51  
 199 E	 52.92  
 200 N	 37.86  
 201 F	 4.63  
 202 A	 22.45  
 203 S	 11.56  
 204 C	 2.63  
 205 Q	 39.88  
 206 A	 22.93  
 207 G	 8.40  
 208 I	 3.32  
 209 S	 17.30  
 210 S	 21.98  
 211 F	 7.78  
 212 Y	 18.15  
 213 T	 18.97  
 214 K	 38.88  
 215 D	 33.55  
 216 L	 3.20  
 217 I	 2.62  
 218 V	 3.63  
 219 M	 2.76  
 220 G	 20.09  
 221 A	 6.28  
 222 P	 37.15  
 223 G	 28.79  
 224 S	 21.13  
 225 S	 30.52  
 226 Y	 14.53  
 227 W	 9.02  
 228 T	 14.52  
 229 G	 14.27  
 230 S	 15.97  
 231 L	 3.40  
 232 F	 6.16  
 233 V	 4.30  
 234 Y	 8.10  
 235 N	 21.59  
 236 I	 2.48  
 237 T	 22.22  
 238 T	 26.39  
 239 N	 36.69  
 240 K	 46.14  
 241 Y	 15.04  
 242 K	 33.98  
 243 A	 13.72  
 244 F	 8.73  
 245 L	 10.85  
 246 D	 44.00  
 247 K	 53.98  
 248 Q	 45.30  
 249 N	 55.12  
 250 Q	 36.97  
 251 V	 7.91  
 252 K	 33.95  
 253 F	 9.15  
 254 G	 15.06  
 255 S	 21.95  
 256 Y	 12.43  
 257 L	 5.78  
 258 G	 12.39  
 259 Y	 9.51  
 260 S	 16.57  
 261 V	 4.60  
 262 G	 21.65  
 263 A	 13.21  
 264 G	 17.97  
 265 H	 17.89  
 266 F	 8.65  
 267 R	 29.72  
 268 S	 25.93  
 269 Q	 33.42  
 270 H	 35.68  
 271 T	 19.60  
 272 T	 25.34  
 273 E	 36.04  
 274 V	 4.56  
 275 V	 4.82  
 276 G	 31.55  
 277 G	 23.60  
 278 A	 8.47  
 279 P	 39.06  
 280 Q	 52.82  
 281 H	 28.06  
 282 E	 38.35  
 283 Q	 47.84  
 284 I	 5.79  
 285 G	 14.29  
 286 K	 39.38  
 287 A	 9.46  
 288 Y	 13.14  
 289 I	 2.33  
 290 F	 3.22  
 291 S	 21.41  
 292 I	 5.73  
 293 D	 60.77  
 294 E	 46.92  
 295 K	 64.85  
 296 E	 45.03  
 297 L	 7.76  
 298 N	 35.55  
 299 I	 6.94  
 300 L	 2.45  
 301 H	 29.34  
 302 E	 38.86  
 303 M	 4.89  
 304 K	 65.67  
 305 G	 30.90  
 306 K	 39.03  
 307 K	 67.74  
 308 L	 6.67  
 309 G	 29.22  
 310 S	 27.94  
 311 Y	 12.30  
 312 F	 7.64  
 313 G	 14.54  
 314 A	 6.73  
 315 S	 20.36  
 316 V	 2.11  
 317 C	 2.57  
 318 A	 8.83  
 319 V	 7.91  
 320 D	 18.71  
 321 L	 4.59  
 322 N	 31.36  
 323 A	 26.12  
 324 D	 58.56  
 325 G	 22.88  
 326 F	 5.45  
 327 S	 32.64  
 328 D	 41.58  
 329 L	 3.96  
 330 L	 3.92  
 331 V	 8.81  
 332 G	 24.75  
 333 A	 6.74  
 334 P	 18.54  
 335 M	 4.95  
 336 Q	 36.04  
 337 S	 21.39  
 338 T	 13.73  
 339 I	 6.72  
 340 R	 35.68  
 341 E	 62.04  
 342 E	 42.31  
 343 G	 26.71  
 344 R	 23.21  
 345 V	 5.83  
 346 F	 3.13  
 347 V	 4.25  
 348 Y	 5.28  
 349 I	 2.51  
 350 N	 23.72  
 351 S	 25.44  
 352 G	 26.13  
 353 S	 24.33  
 354 G	 26.22  
 355 A	 10.09  
 356 V	 3.29  
 357 M	 2.34  
 358 N	 29.54  
 359 A	 4.51  
 360 M	 5.76  
 361 E	 31.94  
 362 T	 22.29  
 363 N	 21.30  
 364 L	 6.36  
 365 V	 8.17  
 366 G	 33.04  
 367 S	 24.37  
 368 D	 41.90  
 369 K	 38.19  
 370 Y	 15.52  
 371 A	 9.63  
 372 A	 12.30  
 373 R	 31.75  
 374 F	 12.49  
 375 G	 23.37  
 376 E	 34.28  
 377 S	 32.01  
 378 I	 1.75  
 379 V	 7.24  
 380 N	 36.31  
 381 L	 4.52  
 382 G	 25.32  
 383 D	 48.51  
 384 I	 5.17  
 385 D	 52.48  
 386 N	 52.19  
 387 D	 60.45  
 388 G	 33.81  
 389 F	 8.92  
 390 E	 58.04  
 391 D	 32.65  
 392 V	 3.09  
 393 A	 13.56  
 394 I	 4.93  
 395 G	 22.82  
 396 A	 9.11  
 397 P	 32.64  
 398 Q	 67.24  
 399 E	 53.05  
 400 D	 57.59  
 401 D	 39.89  
 402 L	 8.61  
 403 Q	 46.39  
 404 G	 22.65  
 405 A	 4.39  
 406 I	 2.48  
 407 Y	 9.23  
 408 I	 1.43  
 409 Y	 8.45  
 410 N	 24.74  
 411 G	 14.80  
 412 R	 26.35  
 413 A	 22.30  
 414 D	 54.31  
 415 G	 22.23  
 416 I	 2.79  
 417 S	 28.93  
 418 S	 31.39  
 419 T	 22.10  
 420 F	 6.73  
 421 S	 20.73  
 422 Q	 46.29  
 423 R	 27.94  
 424 I	 3.69  
 425 E	 56.92  
 426 G	 22.10  
 427 L	 2.37  
 428 Q	 49.09  
 429 I	 7.23  
 430 S	 11.84  
 431 K	 57.98  
 432 S	 20.91  
 433 L	 5.03  
 434 S	 21.11  
 435 M	 5.47  
 436 F	 7.86  
 437 G	 16.22  
 438 Q	 26.73  
 439 S	 21.07  
 440 I	 4.05  
 441 S	 29.86  
 442 G	 27.13  
 443 Q	 24.49  
 444 I	 5.56  
 445 D	 39.73  
 446 A	 24.06  
 447 D	 45.43  
 448 N	 45.61  
 449 N	 43.66  
 450 G	 30.05  
 451 Y	 8.80  
 452 V	 5.17  
 453 D	 17.74  
 454 V	 3.12  
 455 A	 6.91  
 456 V	 5.97  
 457 G	 14.84  
 458 A	 7.06  
 459 F	 6.72  
 460 R	 38.73  
 461 S	 29.48  
 462 D	 36.04  
 463 S	 22.86  
 464 A	 10.85  
 465 V	 6.31  
 466 L	 2.40  
 467 L	 4.17  
 468 R	 25.24  
 469 T	 39.02  
 470 R	 18.64  
 471 P	 24.90  
 472 V	 4.07  
 473 V	 3.80  
 474 I	 2.06  
 475 V	 3.21  
 476 D	 21.22  
 477 A	 11.07  
 478 S	 26.41  
 479 L	 6.13  
 480 S	 34.20  
 481 H	 35.13  
 482 P	 31.98  
 483 E	 62.99  
 484 S	 29.19  
 485 V	 5.54  
 486 N	 56.00  
 487 R	 36.82  
 488 T	 30.75  
 489 K	 35.65  
 490 F	 9.70  
 491 D	 36.79  
 492 C	 4.68  
 493 V	 7.43  
 494 E	 57.25  
 495 N	 37.12  
 496 G	 24.94  
 497 W	 8.12  
 498 P	 20.48  
 499 S	 24.10  
 500 V	 2.66  
 501 C	 2.05  
 502 I	 4.57  
 503 D	 28.59  
 504 L	 1.68  
 505 T	 20.10  
 506 L	 3.45  
 507 C	 1.47  
 508 F	 11.41  
 509 S	 25.57  
 510 Y	 11.96  
 511 K	 63.41  
 512 G	 24.11  
 513 K	 51.92  
 514 E	 63.71  
 515 V	 5.19  
 516 P	 30.84  
 517 G	 29.94  
 518 Y	 5.04  
 519 I	 2.41  
 520 V	 1.97  
 521 L	 2.46  
 522 F	 2.61  
 523 Y	 13.04  
 524 N	 13.26  
 525 M	 2.61  
 526 S	 20.13  
 527 L	 6.24  
 528 D	 28.48  
 529 V	 10.15  
 530 N	 39.13  
 531 R	 39.13  
 532 K	 51.83  
 533 A	 21.18  
 534 E	 67.80  
 535 S	 45.09  
 536 P	 18.65  
 537 P	 48.57  
 538 R	 42.13  
 539 F	 9.96  
 540 Y	 12.11  
 541 F	 6.24  
 542 S	 16.12  
 543 S	 29.40  
 544 N	 57.47  
 545 G	 28.66  
 546 T	 26.46  
 547 S	 31.14  
 548 D	 35.36  
 549 V	 4.17  
 550 I	 4.30  
 551 T	 25.40  
 552 G	 16.18  
 553 S	 10.95  
 554 I	 5.05  
 555 Q	 30.64  
 556 V	 5.52  
 557 S	 13.80  
 558 S	 34.97  
 559 R	 39.27  
 560 E	 46.30  
 561 A	 21.22  
 562 N	 15.85  
 563 C	 7.37  
 564 R	 34.74  
 565 T	 22.12  
 566 H	 9.53  
 567 Q	 35.36  
 568 A	 7.81  
 569 F	 3.81  
 570 M	 6.12  
 571 R	 26.10  
 572 K	 49.11  
 573 D	 30.25  
 574 V	 7.12  
 575 R	 35.07  
 576 D	 39.85  
 577 I	 3.02  
 578 L	 5.66  
 579 T	 20.76  
 580 P	 17.03  
 581 I	 5.62  
 582 Q	 28.77  
 583 I	 3.94  
 584 E	 15.75  
 585 A	 18.23  
 586 A	 4.58  
 587 Y	 12.48  
 588 H	 21.42  
 589 L	 8.11  
 590 G	 9.28  
 591 P	 25.57  
 592 H	 27.95  
 593 V	 6.26  
 594 I	 3.50  
 595 S	 22.41  
 596 K	 38.96  
 597 R	 41.86  
 598 S	 43.86  
 599 T	 43.50  
 600 E	 59.91  
 601 E	 64.64  
 602 F	 6.51  
 603 P	 31.78  
 604 P	 49.28  
 605 L	 10.88  
 606 Q	 28.85  
 607 P	 36.62  
 608 I	 3.32  
 609 L	 5.85  
 610 Q	 54.49  
 611 Q	 56.17  
 612 K	 50.36  
 613 K	 66.70  
 614 E	 64.10  
 615 K	 62.53  
 616 D	 47.51  
 617 I	 6.89  
 618 M	 5.37  
 619 K	 47.28  
 620 K	 36.94  
 621 T	 18.68  
 622 I	 5.69  
 623 N	 29.74  
 624 F	 4.57  
 625 A	 10.11  
 626 R	 24.04  
 627 F	 3.76  
 628 C	 2.92  
 629 A	 15.43  
 630 H	 28.16  
 631 E	 41.21  
 632 N	 18.38  
 633 C	 3.02  
 634 S	 36.08  
 635 A	 24.59  
 636 D	 22.72  
 637 L	 5.61  
 638 Q	 27.89  
 639 V	 8.58  
 640 S	 15.75  
 641 A	 14.50  
 642 K	 35.54  
 643 I	 4.76  
 644 G	 22.56  
 645 F	 10.12  
 646 L	 7.71  
 647 K	 41.91  
 648 P	 42.02  
 649 H	 50.07  
 650 E	 69.79  
 651 N	 38.65  
 652 K	 35.25  
 653 T	 35.04  
 654 Y	 8.35  
 655 L	 3.64  
 656 A	 8.00  
 657 V	 5.57  
 658 G	 19.20  
 659 S	 15.54  
 660 M	 2.94  
 661 K	 39.96  
 662 T	 14.57  
 663 L	 2.83  
 664 M	 2.87  
 665 L	 6.87  
 666 N	 13.84  
 667 V	 4.66  
 668 S	 26.60  
 669 L	 3.14  
 670 F	 4.60  
 671 N	 48.59  
 672 A	 18.56  
 673 G	 34.14  
 674 D	 34.65  
 675 D	 50.56  
 676 A	 14.59  
 677 Y	 22.32  
 678 E	 36.72  
 679 T	 23.21  
 680 T	 11.70  
 681 L	 5.96  
 682 H	 16.75  
 683 V	 8.40  
 684 K	 36.00  
 685 L	 3.95  
 686 P	 16.65  
 687 V	 13.79  
 688 G	 16.84  
 689 L	 3.00  
 690 Y	 9.42  
 691 F	 5.73  
 692 I	 1.39  
 693 K	 31.19  
 694 I	 2.86  
 695 L	 5.37  
 696 E	 58.57  
 697 L	 10.38  
 698 E	 54.49  
 699 E	 63.99  
 700 K	 47.29  
 701 Q	 35.09  
 702 I	 10.63  
 703 N	 17.25  
 704 C	 4.80  
 705 E	 43.92  
 706 V	 9.93  
 707 T	 13.73  
 708 D	 53.10  
 709 N	 31.15  
 710 S	 35.46  
 711 G	 29.84  
 712 V	 2.20  
 713 V	 5.51  
 714 Q	 29.22  
 715 L	 4.91  
 716 D	 13.66  
 717 C	 4.31  
 718 S	 20.79  
 719 I	 6.45  
 720 G	 6.11  
 721 Y	 6.34  
 722 I	 1.97  
 723 Y	 7.43  
 724 V	 2.44  
 725 D	 21.75  
 726 H	 18.70  
 727 L	 2.97  
 728 S	 24.62  
 729 R	 36.64  
 730 I	 5.05  
 731 D	 29.39  
 732 I	 2.67  
 733 S	 13.19  
 734 F	 8.85  
 735 L	 2.97  
 736 L	 6.02  
 737 D	 40.16  
 738 V	 4.17  
 739 S	 25.81  
 740 S	 30.16  
 741 L	 2.90  
 742 S	 31.24  
 743 R	 51.84  
 744 A	 22.58  
 745 E	 51.43  
 746 E	 64.37  
 747 D	 36.90  
 748 L	 4.51  
 749 S	 28.65  
 750 I	 6.40  
 751 T	 11.67  
 752 V	 2.49  
 753 H	 13.48  
 754 A	 15.03  
 755 T	 12.89  
 756 C	 5.69  
 757 E	 64.42  
 758 N	 65.21  
 759 E	 32.80  
 760 E	 70.92  
 761 E	 45.73  
 762 M	 4.72  
 763 D	 61.67  
 764 N	 50.07  
 765 L	 4.62  
 766 K	 45.87  
 767 H	 24.81  
 768 S	 27.19  
 769 R	 28.04  
 770 V	 5.90  
 771 T	 11.78  
 772 V	 4.09  
 773 A	 6.58  
 774 I	 3.40  
 775 P	 17.05  
 776 L	 8.24  
 777 K	 33.73  
 778 Y	 33.37  
 779 E	 31.43  
 780 V	 5.82  
 781 K	 26.88  
 782 L	 7.95  
 783 T	 12.53  
 784 V	 6.35  
 785 H	 20.81  
 786 G	 24.70  
 787 F	 2.64  
 788 V	 11.25  
 789 N	 31.69  
 790 P	 24.90  
 791 T	 29.59  
 792 S	 17.61  
 793 F	 5.58  
 794 V	 5.46  
 795 Y	 16.90  
 796 G	 18.05  
 797 S	 24.34  
 798 N	 57.14  
 799 D	 62.89  
 800 E	 68.68  
 801 N	 73.34  
 802 E	 42.33  
 803 P	 54.50  
 804 E	 48.76  
 805 T	 19.33  
 806 C	 2.47  
 807 M	 5.95  
 808 V	 7.51  
 809 E	 21.50  
 810 K	 22.98  
 811 M	 2.92  
 812 N	 47.17  
 813 L	 4.91  
 814 T	 13.49  
 815 F	 4.96  
 816 H	 17.82  
 817 V	 2.93  
 818 I	 2.61  
 819 N	 40.62  
 820 T	 26.98  
 821 G	 21.52  
 822 N	 26.94  
 823 S	 20.05  
 824 M	 9.25  
 825 A	 7.73  
 826 P	 32.87  
 827 N	 29.20  
 828 V	 7.07  
 829 S	 22.22  
 830 V	 5.14  
 831 E	 20.19  
 832 I	 2.94  
 833 M	 2.31  
 834 V	 5.08  
 835 P	 17.23  
 836 N	 44.25  
 837 S	 22.49  
 838 F	 18.36  
 839 S	 18.87  
 840 P	 38.80  
 841 Q	 62.22  
 842 T	 38.19  
 843 D	 40.17  
 844 K	 59.36  
 845 L	 4.41  
 846 F	 7.05  
 847 N	 44.33  
 848 I	 2.45  
 849 L	 5.75  
 850 D	 27.04  
 851 V	 4.96  
 852 Q	 32.56  
 853 T	 26.61  
 854 T	 18.73  
 855 T	 34.08  
 856 G	 33.18  
 857 E	 23.79  
 858 C	 4.75  
 859 H	 28.84  
 860 F	 11.14  
 861 E	 31.22  
 862 N	 36.98  
 863 Y	 7.18  
 864 Q	 42.80  
 865 R	 18.34  
 866 V	 1.01  
 867 C	 3.78  
 868 A	 15.98  
 869 L	 5.30  
 870 E	 32.23  
 871 Q	 57.77  
 872 Q	 32.09  
 873 K	 39.62  
 874 S	 25.33  
 875 A	 10.92  
 876 M	 3.95  
 877 Q	 43.32  
 878 T	 19.83  
 879 L	 2.42  
 880 K	 50.40  
 881 G	 27.08  
 882 I	 1.60  
 883 V	 4.89  
 884 R	 25.52  
 885 F	 6.64  
 886 L	 3.44  
 887 S	 30.69  
 888 K	 63.99  
 889 T	 43.29  
 890 D	 37.50  
 891 K	 50.61  
 892 R	 32.51  
 893 L	 5.01  
 894 L	 3.68  
 895 Y	 9.20  
 896 C	 2.31  
 897 I	 2.32  
 898 K	 43.08  
 899 A	 18.69  
 900 D	 28.60  
 901 P	 25.58  
 902 H	 29.28  
 903 C	 3.96  
 904 L	 4.64  
 905 N	 32.99  
 906 F	 5.47  
 907 L	 1.96  
 908 C	 3.29  
 909 N	 51.34  
 910 F	 10.97  
 911 G	 17.89  
 912 K	 35.04  
 913 M	 5.18  
 914 E	 60.88  
 915 S	 52.22  
 916 G	 20.65  
 917 K	 60.43  
 918 E	 50.10  
 919 A	 21.97  
 920 S	 18.47  
 921 V	 6.25  
 922 H	 10.28  
 923 I	 4.72  
 924 Q	 20.70  
 925 L	 8.13  
 926 E	 36.46  
 927 G	 56.22  
 928 R	 16.65  
 929 P	 36.26  
 930 S	 38.14  
 931 I	 4.12  
 932 L	 5.38  
 933 E	 42.81  
 934 M	 5.17  
 935 D	 46.80  
 936 E	 43.27  
 937 T	 18.29  
 938 S	 29.56  
 939 A	 23.38  
 940 L	 6.99  
 941 K	 40.44  
 942 F	 11.11  
 943 E	 29.94  
 944 I	 4.01  
 945 R	 20.92  
 946 A	 20.10  
 947 T	 29.52  
 948 G	 34.82  
 949 F	 5.56  
 950 P	 58.44  
 951 E	 56.29  
 952 P	 57.26  
 953 N	 35.03  
 954 P	 42.50  
 955 R	 49.00  
 956 V	 4.15  
 957 I	 5.42  
 958 E	 43.35  
 959 L	 7.11  
 960 N	 36.62  
 961 K	 78.15  
 962 D	 52.18  
 963 E	 56.04  
 964 N	 46.54  
 965 V	 3.52  
 966 A	 9.92  
 967 H	 13.38  
 968 V	 4.74  
 969 L	 2.30  
 970 L	 4.82  
 971 E	 56.39  
 972 G	 30.22  
 973 L	 2.08  
 974 H	 26.37  
 975 H	 30.32  
 976 Q	 53.26  
 977 R	 34.06  
 978 P	 20.93  
 979 K	 63.02  
 980 R	 34.18  
 981 Y	 15.94  
 982 F	 4.34  
 983 T	 12.85  
 984 I	 1.18  
 985 V	 2.63  
 986 I	 1.92  
 987 I	 1.95  
 988 S	 11.62  
 989 S	 18.01  
 990 S	 19.08  
 991 L	 5.03  
 992 L	 3.73  
 993 L	 6.77  
 994 G	 17.21  
 995 L	 2.17  
 996 I	 1.62  
 997 V	 3.56  
 998 L	 2.27  
 999 L	 2.50  
 1000 L	 1.82  
 1001 I	 2.55  
 1002 S	 16.19  
 1003 Y	 6.32  
 1004 V	 2.70  
 1005 M	 2.00  
 1006 W	 4.19  
 1007 K	 22.12  
 1008 A	 12.43  
 1009 G	 25.46  
 1010 F	 8.57  
 1011 F	 6.62  
 1012 K	 36.01  
 1013 R	 39.65  
 1014 Q	 51.07  
 1015 Y	 15.67  
 1016 K	 23.76  
 1017 S	 24.48  
 1018 I	 3.94  
 1019 L	 7.28  
 1020 Q	 55.05  
 1021 E	 54.52  
 1022 E	 42.97  
 1023 N	 43.46  
 1024 R	 47.25  
 1025 R	 54.63  
 1026 D	 51.74  
 1027 S	 18.99  
 1028 W	 10.23  
 1029 S	 21.78  
 1030 Y	 9.62  
 1031 I	 3.81  
 1032 N	 34.84  
 1033 S	 28.09  
 1034 K	 49.11  
 1035 S	 45.36  
 1036 N	 62.29  
 1037 D	 70.82  
 1038 D	 65.75  
