 1 M	 8.80  
 2 E	 60.78  
 3 D	 55.92  
 4 Y	 9.16  
 5 T	 37.56  
 6 K	 42.51  
 7 I	 5.13  
 8 E	 39.93  
 9 K	 60.53  
 10 I	 3.84  
 11 G	 38.05  
 12 E	 52.41  
 13 G	 21.01  
 14 T	 16.89  
 15 Y	 20.84  
 16 G	 11.40  
 17 V	 2.75  
 18 V	 3.38  
 19 Y	 12.81  
 20 K	 37.55  
 21 G	 21.16  
 22 R	 24.79  
 23 H	 40.25  
 24 K	 46.55  
 25 T	 29.99  
 26 T	 30.35  
 27 G	 24.42  
 28 Q	 25.15  
 29 V	 2.91  
 30 V	 3.11  
 31 A	 12.76  
 32 M	 2.84  
 33 K	 35.00  
 34 K	 21.70  
 35 I	 5.19  
 36 R	 41.08  
 37 L	 10.93  
 38 E	 46.37  
 39 S	 55.70  
 40 E	 51.17  
 41 E	 70.14  
 42 E	 62.53  
 43 G	 39.66  
 44 V	 3.71  
 45 P	 36.50  
 46 S	 28.23  
 47 T	 21.75  
 48 A	 11.81  
 49 I	 4.04  
 50 R	 32.50  
 51 E	 30.71  
 52 I	 2.24  
 53 S	 23.93  
 54 L	 11.00  
 55 L	 3.02  
 56 K	 64.62  
 57 E	 53.99  
 58 L	 4.26  
 59 H	 35.14  
 60 H	 29.72  
 61 P	 22.84  
 62 N	 34.66  
 63 I	 2.46  
 64 V	 3.20  
 65 C	 2.21  
 66 L	 3.18  
 67 Q	 33.37  
 68 D	 23.67  
 69 V	 2.86  
 70 L	 3.25  
 71 M	 3.22  
 72 Q	 36.73  
 73 D	 21.49  
 74 A	 6.10  
 75 R	 31.96  
 76 L	 4.35  
 77 Y	 7.69  
 78 L	 4.24  
 79 I	 1.64  
 80 F	 5.12  
 81 E	 38.39  
 82 F	 4.21  
 83 L	 3.05  
 84 S	 18.64  
 85 M	 8.33  
 86 D	 52.54  
 87 L	 3.74  
 88 K	 34.80  
 89 K	 59.34  
 90 Y	 14.28  
 91 L	 6.86  
 92 D	 39.23  
 93 T	 31.99  
 94 I	 2.26  
 95 P	 34.20  
 96 S	 34.38  
 97 G	 18.13  
 98 Q	 39.70  
 99 Y	 17.69  
 100 L	 3.20  
 101 D	 41.39  
 102 R	 24.62  
 103 S	 40.88  
 104 R	 40.55  
 105 V	 5.21  
 106 K	 32.07  
 107 S	 19.95  
 108 Y	 12.05  
 109 L	 3.07  
 110 Y	 5.81  
 111 Q	 27.59  
 112 I	 1.64  
 113 L	 1.94  
 114 Q	 40.99  
 115 G	 18.00  
 116 I	 1.07  
 117 V	 5.53  
 118 F	 2.68  
 119 C	 1.65  
 120 H	 16.93  
 121 S	 23.98  
 122 R	 14.73  
 123 R	 38.06  
 124 V	 5.26  
 125 L	 2.32  
 126 H	 20.53  
 127 R	 46.96  
 128 D	 48.58  
 129 L	 9.82  
 130 K	 49.17  
 131 P	 35.27  
 132 Q	 52.17  
 133 N	 45.39  
 134 L	 3.60  
 135 L	 5.45  
 136 I	 7.89  
 137 D	 52.09  
 138 D	 42.49  
 139 K	 51.86  
 140 G	 33.12  
 141 V	 4.26  
 142 I	 4.05  
 143 K	 34.90  
 144 L	 3.67  
 145 A	 12.70  
 146 D	 48.89  
 147 F	 7.80  
 148 G	 20.97  
 149 L	 2.70  
 150 A	 10.92  
 151 R	 35.18  
 152 A	 11.04  
 153 F	 8.31  
 154 G	 23.47  
 155 I	 2.00  
 156 P	 14.29  
 157 V	 6.46  
 158 R	 15.46  
 159 V	 7.05  
 160 Y	 7.57  
 161 T	 14.54  
 162 H	 14.25  
 163 E	 30.77  
 164 V	 2.86  
 165 V	 3.11  
 166 T	 19.42  
 167 L	 2.27  
 168 W	 4.16  
 169 Y	 12.34  
 170 R	 33.87  
 171 S	 15.09  
 172 P	 27.07  
 173 E	 47.22  
 174 V	 6.41  
 175 L	 4.23  
 176 L	 6.51  
 177 G	 13.50  
 178 S	 18.31  
 179 A	 14.55  
 180 L	 3.58  
 181 Y	 15.37  
 182 S	 27.38  
 183 T	 17.49  
 184 P	 18.82  
 185 V	 9.38  
 186 D	 37.53  
 187 I	 2.94  
 188 W	 4.57  
 189 S	 16.10  
 190 I	 3.20  
 191 G	 13.77  
 192 T	 15.97  
 193 I	 2.31  
 194 F	 4.31  
 195 A	 13.67  
 196 E	 28.34  
 197 L	 7.04  
 198 A	 14.63  
 199 T	 52.83  
 200 K	 46.95  
 201 K	 42.47  
 202 P	 41.64  
 203 L	 7.31  
 204 F	 9.09  
 205 H	 47.00  
 206 G	 32.57  
 207 D	 34.23  
 208 S	 40.83  
 209 E	 56.15  
 210 I	 4.78  
 211 D	 34.77  
 212 Q	 48.43  
 213 L	 2.49  
 214 F	 4.71  
 215 R	 35.41  
 216 I	 1.83  
 217 F	 3.05  
 218 R	 26.91  
 219 A	 10.29  
 220 L	 7.37  
 221 G	 37.83  
 222 T	 24.56  
 223 P	 35.51  
 224 N	 58.11  
 225 N	 46.55  
 226 D	 50.96  
 227 V	 9.69  
 228 W	 6.04  
 229 P	 35.30  
 230 D	 40.89  
 231 V	 4.76  
 232 E	 53.78  
 233 S	 31.04  
 234 L	 2.58  
 235 Q	 62.36  
 236 D	 62.76  
 237 Y	 7.99  
 238 K	 58.77  
 239 N	 40.50  
 240 T	 36.84  
 241 F	 9.06  
 242 P	 39.29  
 243 K	 64.75  
 244 W	 16.59  
 245 K	 45.70  
 246 P	 36.17  
 247 G	 31.60  
 248 S	 31.95  
 249 L	 13.06  
 250 G	 18.57  
 251 T	 24.94  
 252 H	 19.84  
 253 V	 3.97  
 254 Q	 36.84  
 255 N	 48.66  
 256 L	 4.22  
 257 D	 60.53  
 258 E	 58.08  
 259 D	 63.72  
 260 G	 21.02  
 261 L	 6.93  
 262 D	 51.60  
 263 L	 7.56  
 264 L	 4.64  
 265 S	 24.26  
 266 K	 37.38  
 267 M	 2.18  
 268 L	 3.64  
 269 I	 3.07  
 270 Y	 16.35  
 271 D	 29.68  
 272 P	 23.78  
 273 A	 15.74  
 274 K	 56.50  
 275 R	 30.34  
 276 I	 6.66  
 277 S	 36.07  
 278 G	 22.76  
 279 K	 17.76  
 280 M	 6.14  
 281 A	 14.54  
 282 L	 5.60  
 283 N	 25.26  
 284 H	 21.20  
 285 P	 30.34  
 286 Y	 16.46  
 287 F	 7.49  
 288 D	 50.12  
 289 D	 47.04  
 290 L	 10.86  
 291 D	 50.26  
 292 K	 53.27  
 293 S	 34.54  
 294 T	 42.37  
 295 L	 4.94  
 296 P	 21.13  
 297 A	 26.94  
 298 N	 40.12  
 299 L	 7.06  
 300 I	 4.59  
 301 K	 51.82  
 302 K	 49.68  
 303 F	 11.69  
