 1 M	 5.56  
 2 P	 43.06  
 3 S	 51.44  
 4 G	 20.64  
 5 F	 5.92  
 6 Q	 37.19  
 7 Q	 39.49  
 8 I	 4.57  
 9 G	 22.20  
 10 S	 33.86  
 11 E	 65.89  
 12 D	 69.33  
 13 G	 45.30  
 14 E	 67.16  
 15 P	 37.21  
 16 P	 38.34  
 17 Q	 55.20  
 18 Q	 47.81  
 19 R	 23.79  
 20 V	 5.14  
 21 T	 27.00  
 22 G	 17.75  
 23 T	 12.34  
 24 L	 2.92  
 25 V	 3.03  
 26 L	 3.65  
 27 A	 7.88  
 28 V	 3.22  
 29 F	 3.01  
 30 S	 15.74  
 31 A	 6.78  
 32 V	 6.36  
 33 L	 3.74  
 34 G	 21.51  
 35 S	 18.16  
 36 L	 4.67  
 37 Q	 31.27  
 38 F	 15.82  
 39 G	 11.13  
 40 Y	 12.61  
 41 N	 25.56  
 42 I	 3.34  
 43 G	 15.60  
 44 V	 2.43  
 45 I	 2.83  
 46 N	 43.06  
 47 A	 9.22  
 48 P	 30.00  
 49 Q	 50.68  
 50 K	 44.09  
 51 V	 4.98  
 52 I	 5.27  
 53 E	 36.14  
 54 Q	 39.84  
 55 S	 19.69  
 56 Y	 19.40  
 57 N	 45.53  
 58 E	 32.88  
 59 T	 23.50  
 60 W	 7.22  
 61 L	 5.45  
 62 G	 16.07  
 63 R	 35.79  
 64 Q	 70.74  
 65 G	 22.36  
 66 P	 34.72  
 67 E	 85.48  
 68 G	 30.44  
 69 P	 24.20  
 70 S	 52.32  
 71 S	 42.10  
 72 I	 5.83  
 73 P	 24.18  
 74 P	 46.89  
 75 G	 28.18  
 76 T	 27.06  
 77 L	 4.22  
 78 T	 21.49  
 79 T	 24.34  
 80 L	 1.81  
 81 W	 7.96  
 82 A	 7.96  
 83 L	 2.60  
 84 S	 11.19  
 85 V	 5.01  
 86 A	 8.17  
 87 I	 2.18  
 88 F	 3.31  
 89 S	 17.46  
 90 V	 5.52  
 91 G	 20.82  
 92 G	 14.22  
 93 M	 1.90  
 94 I	 3.36  
 95 S	 13.22  
 96 S	 17.10  
 97 F	 4.62  
 98 L	 3.66  
 99 I	 3.33  
 100 G	 17.21  
 101 I	 1.86  
 102 I	 1.79  
 103 S	 17.24  
 104 Q	 29.07  
 105 W	 8.26  
 106 L	 3.54  
 107 G	 30.06  
 108 R	 24.10  
 109 K	 42.59  
 110 R	 24.70  
 111 A	 9.94  
 112 M	 5.08  
 113 L	 3.49  
 114 V	 2.92  
 115 N	 29.00  
 116 N	 23.77  
 117 V	 2.83  
 118 L	 2.72  
 119 A	 7.10  
 120 V	 4.45  
 121 L	 5.52  
 122 G	 19.62  
 123 G	 17.28  
 124 S	 17.24  
 125 L	 3.40  
 126 M	 4.41  
 127 G	 27.25  
 128 L	 1.75  
 129 A	 9.63  
 130 N	 34.84  
 131 A	 9.97  
 132 A	 9.21  
 133 A	 15.38  
 134 S	 19.52  
 135 Y	 10.71  
 136 E	 25.64  
 137 M	 1.83  
 138 L	 1.63  
 139 I	 3.55  
 140 L	 3.38  
 141 G	 15.99  
 142 R	 21.54  
 143 F	 5.75  
 144 L	 3.21  
 145 I	 2.46  
 146 G	 22.17  
 147 A	 6.58  
 148 Y	 9.69  
 149 S	 27.13  
 150 G	 21.94  
 151 L	 2.57  
 152 T	 25.03  
 153 S	 34.86  
 154 G	 26.01  
 155 L	 3.81  
 156 V	 2.67  
 157 P	 17.27  
 158 M	 3.10  
 159 Y	 10.15  
 160 V	 4.51  
 161 G	 11.78  
 162 E	 26.40  
 163 I	 4.59  
 164 A	 9.91  
 165 P	 26.47  
 166 T	 25.23  
 167 H	 16.69  
 168 L	 6.26  
 169 R	 22.27  
 170 G	 31.36  
 171 A	 9.08  
 172 L	 6.32  
 173 G	 27.85  
 174 T	 24.32  
 175 L	 3.50  
 176 N	 34.36  
 177 Q	 35.07  
 178 L	 3.23  
 179 A	 5.57  
 180 I	 2.93  
 181 V	 2.46  
 182 I	 2.02  
 183 G	 9.58  
 184 I	 1.40  
 185 L	 1.93  
 186 I	 2.08  
 187 A	 7.03  
 188 Q	 24.79  
 189 V	 3.19  
 190 L	 4.27  
 191 G	 28.66  
 192 L	 3.36  
 193 E	 37.23  
 194 S	 33.66  
 195 L	 3.59  
 196 L	 8.79  
 197 G	 25.24  
 198 T	 17.03  
 199 A	 10.79  
 200 S	 30.70  
 201 L	 5.18  
 202 W	 4.49  
 203 P	 20.58  
 204 L	 4.11  
 205 L	 2.90  
 206 L	 7.52  
 207 G	 21.19  
 208 L	 2.78  
 209 T	 20.42  
 210 V	 7.88  
 211 L	 1.40  
 212 P	 19.27  
 213 A	 19.42  
 214 L	 2.71  
 215 L	 3.93  
 216 Q	 30.30  
 217 L	 2.71  
 218 V	 3.13  
 219 L	 7.36  
 220 L	 2.08  
 221 P	 25.32  
 222 F	 12.53  
 223 C	 3.27  
 224 P	 45.54  
 225 E	 74.65  
 226 S	 10.38  
 227 P	 27.55  
 228 R	 43.28  
 229 Y	 13.77  
 230 L	 2.33  
 231 Y	 6.24  
 232 I	 2.11  
 233 I	 1.08  
 234 Q	 38.61  
 235 N	 29.65  
 236 L	 4.63  
 237 E	 71.35  
 238 G	 25.08  
 239 P	 21.37  
 240 A	 42.25  
 241 R	 32.03  
 242 K	 63.35  
 243 S	 33.30  
 244 L	 4.14  
 245 K	 53.07  
 246 R	 42.65  
 247 L	 5.06  
 248 T	 34.41  
 249 G	 23.36  
 250 W	 5.53  
 251 A	 14.52  
 252 D	 28.71  
 253 V	 4.08  
 254 S	 24.59  
 255 G	 20.50  
 256 V	 3.40  
 257 L	 3.32  
 258 A	 20.05  
 259 E	 52.79  
 260 L	 7.63  
 261 K	 56.18  
 262 D	 78.32  
 263 E	 53.85  
 264 K	 66.04  
 265 R	 46.90  
 266 K	 66.81  
 267 L	 9.71  
 268 E	 56.37  
 269 R	 56.51  
 270 E	 49.64  
 271 R	 43.62  
 272 P	 22.88  
 273 L	 7.64  
 274 S	 29.71  
 275 L	 4.68  
 276 L	 2.79  
 277 Q	 39.68  
 278 L	 6.20  
 279 L	 3.64  
 280 G	 24.55  
 281 S	 33.69  
 282 R	 32.52  
 283 T	 24.09  
 284 H	 25.85  
 285 R	 38.92  
 286 Q	 29.55  
 287 P	 26.03  
 288 L	 3.15  
 289 I	 2.12  
 290 I	 2.91  
 291 A	 4.38  
 292 V	 2.88  
 293 V	 1.77  
 294 L	 3.22  
 295 Q	 27.71  
 296 L	 4.34  
 297 S	 11.70  
 298 Q	 57.75  
 299 Q	 33.93  
 300 L	 3.82  
 301 S	 33.03  
 302 G	 26.26  
 303 I	 2.41  
 304 N	 33.31  
 305 A	 7.29  
 306 V	 2.47  
 307 F	 4.38  
 308 Y	 7.01  
 309 Y	 8.26  
 310 S	 12.33  
 311 T	 15.10  
 312 S	 21.24  
 313 I	 3.51  
 314 F	 7.36  
 315 E	 35.76  
 316 T	 20.26  
 317 A	 11.95  
 318 G	 31.35  
 319 V	 6.29  
 320 G	 27.17  
 321 Q	 19.62  
 322 P	 22.70  
 323 A	 9.94  
 324 Y	 15.80  
 325 A	 8.54  
 326 T	 13.78  
 327 I	 2.44  
 328 G	 16.36  
 329 A	 12.08  
 330 G	 20.77  
 331 V	 2.73  
 332 V	 4.93  
 333 N	 28.28  
 334 T	 12.84  
 335 V	 2.66  
 336 F	 4.04  
 337 T	 23.16  
 338 L	 1.51  
 339 V	 3.19  
 340 S	 15.34  
 341 V	 3.60  
 342 L	 3.27  
 343 L	 3.35  
 344 V	 4.01  
 345 E	 36.46  
 346 R	 34.56  
 347 A	 11.44  
 348 G	 26.31  
 349 R	 27.68  
 350 R	 40.50  
 351 T	 19.71  
 352 L	 2.25  
 353 H	 20.56  
 354 L	 4.57  
 355 L	 3.53  
 356 G	 21.60  
 357 L	 3.62  
 358 A	 11.24  
 359 G	 19.56  
 360 M	 1.15  
 361 C	 3.86  
 362 G	 8.59  
 363 C	 1.49  
 364 A	 5.35  
 365 I	 2.92  
 366 L	 0.94  
 367 M	 2.01  
 368 T	 10.13  
 369 V	 1.89  
 370 A	 5.37  
 371 L	 2.77  
 372 L	 3.55  
 373 L	 4.92  
 374 L	 3.89  
 375 E	 52.15  
 376 R	 39.42  
 377 V	 2.30  
 378 P	 28.59  
 379 A	 9.19  
 380 M	 2.13  
 381 S	 25.21  
 382 Y	 5.78  
 383 V	 2.17  
 384 S	 11.78  
 385 I	 1.41  
 386 V	 2.32  
 387 A	 6.96  
 388 I	 2.10  
 389 F	 4.47  
 390 G	 15.25  
 391 F	 2.20  
 392 V	 4.67  
 393 A	 10.93  
 394 F	 4.79  
 395 F	 4.88  
 396 E	 40.35  
 397 I	 7.34  
 398 G	 17.57  
 399 P	 51.56  
 400 G	 27.79  
 401 P	 32.38  
 402 I	 6.13  
 403 P	 24.06  
 404 W	 9.05  
 405 F	 2.43  
 406 I	 2.25  
 407 V	 2.17  
 408 A	 11.71  
 409 E	 39.18  
 410 L	 3.45  
 411 F	 3.74  
 412 S	 47.02  
 413 Q	 59.58  
 414 G	 20.98  
 415 P	 31.29  
 416 R	 40.07  
 417 P	 27.75  
 418 A	 15.91  
 419 A	 6.80  
 420 M	 3.15  
 421 A	 5.36  
 422 V	 3.25  
 423 A	 12.08  
 424 G	 21.66  
 425 F	 3.53  
 426 S	 30.46  
 427 N	 43.73  
 428 W	 10.46  
 429 T	 20.31  
 430 S	 22.74  
 431 N	 25.43  
 432 F	 4.28  
 433 I	 2.88  
 434 I	 2.45  
 435 G	 12.82  
 436 M	 3.24  
 437 G	 10.99  
 438 F	 3.34  
 439 Q	 26.51  
 440 Y	 10.20  
 441 V	 2.42  
 442 A	 8.22  
 443 E	 29.19  
 444 A	 9.86  
 445 M	 4.12  
 446 G	 19.89  
 447 P	 14.72  
 448 Y	 9.71  
 449 V	 2.83  
 450 F	 3.96  
 451 L	 2.47  
 452 L	 1.43  
 453 F	 4.87  
 454 A	 7.33  
 455 V	 2.79  
 456 L	 2.68  
 457 L	 3.36  
 458 L	 5.00  
 459 G	 18.52  
 460 F	 4.24  
 461 F	 4.21  
 462 I	 2.72  
 463 F	 3.14  
 464 T	 19.55  
 465 F	 2.60  
 466 L	 4.98  
 467 R	 37.44  
 468 V	 5.67  
 469 P	 30.70  
 470 E	 48.56  
 471 T	 32.14  
 472 R	 30.82  
 473 G	 40.16  
 474 R	 29.00  
 475 T	 34.09  
 476 F	 6.66  
 477 D	 44.27  
 478 Q	 27.61  
 479 I	 3.05  
 480 S	 14.12  
 481 A	 18.77  
 482 A	 8.25  
 483 F	 3.91  
 484 H	 28.16  
 485 R	 41.71  
 486 T	 14.52  
 487 P	 23.96  
 488 S	 45.00  
 489 L	 6.85  
 490 L	 8.18  
 491 E	 50.41  
 492 Q	 61.83  
 493 E	 43.03  
 494 V	 12.65  
 495 K	 32.28  
 496 P	 52.22  
 497 S	 28.88  
 498 T	 53.79  
 499 E	 43.89  
 500 L	 5.48  
 501 E	 32.26  
 502 Y	 29.59  
 503 L	 6.15  
 504 G	 27.06  
 505 P	 43.05  
 506 D	 66.58  
 507 E	 67.44  
 508 N	 68.61  
 509 D	 58.83  
