 1 M	 6.78  
 2 A	 14.76  
 3 T	 16.72  
 4 V	 3.09  
 5 V	 2.53  
 6 V	 3.44  
 7 E	 37.96  
 8 A	 12.97  
 9 T	 38.27  
 10 E	 55.50  
 11 P	 55.21  
 12 E	 45.96  
 13 P	 55.49  
 14 S	 43.44  
 15 G	 33.72  
 16 S	 31.49  
 17 I	 7.63  
 18 G	 35.45  
 19 N	 22.74  
 20 P	 24.80  
 21 A	 20.32  
 22 A	 18.01  
 23 S	 31.37  
 24 T	 39.67  
 25 S	 15.25  
 26 P	 39.10  
 27 S	 42.12  
 28 L	 5.92  
 29 S	 19.56  
 30 H	 29.79  
 31 R	 30.37  
 32 F	 8.12  
 33 L	 7.98  
 34 D	 47.25  
 35 S	 27.15  
 36 K	 37.38  
 37 F	 6.34  
 38 Y	 11.67  
 39 L	 3.09  
 40 L	 1.55  
 41 V	 2.79  
 42 V	 4.64  
 43 V	 4.46  
 44 G	 17.16  
 45 E	 28.61  
 46 T	 27.14  
 47 V	 5.73  
 48 T	 42.97  
 49 E	 38.80  
 50 E	 38.57  
 51 H	 20.57  
 52 L	 4.48  
 53 R	 28.08  
 54 R	 36.60  
 55 A	 13.96  
 56 I	 4.04  
 57 G	 28.25  
 58 N	 20.60  
 59 I	 3.79  
 60 E	 44.97  
 61 L	 6.47  
 62 G	 10.65  
 63 I	 5.01  
 64 R	 29.87  
 65 S	 27.64  
 66 W	 13.44  
 67 D	 27.28  
 68 T	 26.18  
 69 N	 36.23  
 70 L	 3.66  
 71 I	 6.51  
 72 E	 22.11  
 73 C	 4.93  
 74 N	 33.58  
 75 L	 12.44  
 76 D	 26.39  
 77 Q	 62.17  
 78 E	 47.76  
 79 L	 4.92  
 80 K	 38.84  
 81 L	 8.84  
 82 F	 4.48  
 83 V	 7.72  
 84 S	 19.55  
 85 R	 23.60  
 86 H	 20.50  
 87 S	 21.74  
 88 A	 15.48  
 89 R	 35.27  
 90 F	 16.66  
 91 S	 18.01  
 92 P	 43.84  
 93 E	 61.21  
 94 V	 7.98  
 95 P	 37.52  
 96 G	 46.73  
 97 Q	 24.44  
 98 K	 53.82  
 99 I	 3.21  
 100 L	 3.42  
 101 H	 20.14  
 102 H	 27.74  
 103 R	 24.65  
 104 S	 27.93  
 105 D	 49.31  
 106 V	 5.69  
 107 L	 5.69  
 108 E	 39.13  
 109 T	 16.26  
 110 V	 2.11  
 111 V	 6.08  
 112 L	 2.45  
 113 I	 4.88  
 114 N	 26.34  
 115 P	 35.84  
 116 S	 43.53  
 117 D	 49.48  
 118 E	 56.14  
 119 A	 12.92  
 120 V	 7.37  
 121 S	 26.37  
 122 T	 31.72  
 123 E	 20.38  
 124 V	 6.04  
 125 R	 16.59  
 126 L	 3.34  
 127 M	 1.86  
 128 I	 3.59  
 129 T	 12.96  
 130 D	 27.57  
 131 A	 9.57  
 132 A	 19.54  
 133 R	 29.24  
 134 H	 22.01  
 135 K	 37.65  
 136 L	 3.06  
 137 L	 3.37  
 138 V	 6.96  
 139 L	 4.49  
 140 T	 20.09  
 141 G	 20.35  
 142 Q	 24.40  
 143 C	 4.96  
 144 F	 6.61  
 145 E	 62.60  
 146 N	 32.88  
 147 T	 25.49  
 148 G	 39.02  
 149 E	 30.51  
 150 L	 5.11  
 151 I	 2.60  
 152 L	 5.32  
 153 Q	 38.46  
 154 S	 32.72  
 155 G	 21.54  
 156 S	 23.98  
 157 F	 10.93  
 158 S	 27.85  
 159 F	 6.92  
 160 Q	 42.60  
 161 N	 37.54  
 162 F	 3.54  
 163 I	 5.35  
 164 E	 28.10  
 165 I	 3.73  
 166 F	 3.90  
 167 T	 42.29  
 168 D	 33.11  
 169 Q	 40.94  
 170 E	 56.63  
 171 I	 4.28  
 172 G	 20.81  
 173 E	 52.80  
 174 L	 3.74  
 175 L	 3.58  
 176 S	 43.83  
 177 T	 29.15  
 178 T	 23.61  
 179 H	 21.40  
 180 P	 35.12  
 181 A	 23.66  
 182 N	 44.89  
 183 K	 41.27  
 184 A	 15.02  
 185 S	 24.40  
 186 L	 6.03  
 187 T	 18.45  
 188 L	 5.15  
 189 F	 5.71  
 190 C	 4.69  
 191 P	 35.03  
 192 E	 75.65  
 193 E	 47.82  
 194 G	 44.40  
 195 D	 57.36  
 196 W	 16.76  
 197 K	 56.06  
 198 N	 31.69  
 199 S	 34.73  
 200 N	 56.19  
 201 L	 6.50  
 202 D	 54.78  
 203 R	 24.62  
 204 H	 38.73  
 205 N	 40.05  
 206 L	 4.17  
 207 Q	 49.22  
 208 D	 49.94  
 209 F	 2.73  
 210 I	 7.58  
 211 N	 25.90  
 212 I	 4.61  
 213 K	 36.81  
 214 L	 5.61  
 215 N	 30.44  
 216 S	 33.55  
 217 A	 10.26  
 218 S	 25.20  
 219 I	 8.12  
 220 L	 2.45  
 221 P	 36.90  
 222 E	 46.55  
 223 M	 4.71  
 224 E	 56.15  
 225 G	 32.94  
 226 L	 2.56  
 227 S	 41.33  
 228 E	 62.73  
 229 F	 5.90  
 230 T	 21.48  
 231 E	 50.20  
 232 Y	 16.69  
 233 L	 3.59  
 234 S	 27.24  
 235 E	 57.09  
 236 S	 21.87  
 237 V	 8.25  
 238 E	 58.97  
 239 V	 5.50  
 240 P	 23.84  
 241 S	 43.29  
 242 P	 25.51  
 243 F	 12.23  
 244 D	 48.20  
 245 I	 4.86  
 246 L	 9.71  
 247 E	 49.95  
 248 P	 33.74  
 249 P	 29.80  
 250 T	 51.20  
 251 S	 42.57  
 252 G	 33.09  
 253 G	 25.20  
 254 F	 6.58  
 255 L	 6.53  
 256 K	 48.75  
 257 L	 9.65  
 258 S	 32.72  
 259 K	 53.14  
 260 P	 15.27  
 261 C	 2.94  
 262 C	 3.86  
 263 Y	 16.59  
 264 I	 1.78  
 265 F	 1.53  
 266 P	 34.47  
 267 G	 27.90  
 268 G	 30.54  
 269 R	 52.22  
 270 G	 36.18  
 271 D	 29.40  
 272 S	 29.69  
 273 A	 16.07  
 274 L	 3.07  
 275 F	 7.73  
 276 A	 8.50  
 277 V	 5.88  
 278 N	 46.00  
 279 G	 14.54  
 280 F	 4.02  
 281 N	 26.25  
 282 M	 3.57  
 283 L	 2.63  
 284 I	 2.91  
 285 N	 44.82  
 286 G	 33.73  
 287 G	 23.11  
 288 S	 35.31  
 289 E	 68.36  
 290 R	 37.57  
 291 K	 47.74  
 292 S	 22.29  
 293 C	 5.45  
 294 F	 9.23  
 295 W	 10.00  
 296 K	 17.49  
 297 L	 2.80  
 298 I	 2.01  
 299 R	 34.45  
 300 H	 25.70  
 301 L	 3.02  
 302 D	 42.29  
 303 R	 40.27  
 304 V	 7.27  
 305 D	 30.74  
 306 S	 16.57  
 307 I	 2.94  
 308 L	 5.38  
 309 L	 2.89  
 310 T	 14.17  
 311 H	 23.23  
 312 I	 5.65  
 313 G	 28.72  
 314 D	 40.81  
 315 D	 54.04  
 316 N	 53.53  
 317 L	 5.45  
 318 P	 48.12  
 319 G	 34.57  
 320 I	 3.05  
 321 N	 27.55  
 322 S	 20.96  
 323 M	 2.98  
 324 L	 4.46  
 325 Q	 35.66  
 326 R	 28.52  
 327 K	 33.05  
 328 I	 3.82  
 329 A	 20.54  
 330 E	 61.25  
 331 L	 8.09  
 332 E	 49.68  
 333 E	 71.92  
 334 E	 48.54  
 335 R	 37.24  
 336 S	 42.02  
 337 Q	 56.95  
 338 G	 33.85  
 339 S	 22.48  
 340 T	 38.46  
 341 S	 35.71  
 342 N	 44.04  
 343 S	 32.20  
 344 D	 54.46  
 345 W	 10.24  
 346 M	 2.18  
 347 K	 44.33  
 348 N	 26.88  
 349 L	 3.24  
 350 I	 8.64  
 351 S	 18.61  
 352 P	 33.58  
 353 D	 49.63  
 354 L	 6.78  
 355 G	 22.41  
 356 V	 3.41  
 357 V	 4.24  
 358 F	 3.69  
 359 L	 4.22  
 360 N	 35.51  
 361 V	 7.37  
 362 P	 24.55  
 363 E	 71.55  
 364 N	 46.45  
 365 L	 6.75  
 366 K	 80.81  
 367 D	 56.83  
 368 P	 58.31  
 369 E	 62.20  
 370 P	 53.91  
 371 N	 44.87  
 372 I	 7.25  
 373 K	 45.04  
 374 M	 3.74  
 375 K	 37.68  
 376 R	 39.09  
 377 S	 28.91  
 378 I	 6.87  
 379 E	 40.57  
 380 E	 49.41  
 381 A	 4.86  
 382 C	 2.79  
 383 F	 11.15  
 384 T	 16.91  
 385 L	 1.25  
 386 Q	 37.29  
 387 Y	 18.50  
 388 L	 2.69  
 389 N	 37.98  
 390 K	 39.07  
 391 L	 6.18  
 392 S	 26.77  
 393 M	 14.05  
 394 K	 42.74  
 395 P	 39.53  
 396 E	 49.47  
 397 P	 45.38  
 398 L	 5.48  
 399 F	 8.83  
 400 R	 37.81  
 401 S	 27.35  
 402 V	 6.29  
 403 G	 27.15  
 404 N	 35.41  
 405 T	 22.31  
 406 I	 6.98  
 407 E	 31.32  
 408 P	 18.01  
 409 V	 3.73  
 410 I	 4.70  
 411 L	 3.66  
 412 F	 4.51  
 413 Q	 31.23  
 414 K	 30.22  
 415 M	 3.51  
 416 G	 31.87  
 417 V	 5.67  
 418 G	 24.09  
 419 K	 38.58  
 420 L	 3.63  
 421 E	 31.77  
 422 M	 3.98  
 423 Y	 7.75  
 424 V	 3.93  
 425 L	 3.10  
 426 N	 29.31  
 427 P	 30.65  
 428 V	 10.26  
 429 K	 50.71  
 430 S	 47.04  
 431 S	 27.24  
 432 K	 65.38  
 433 E	 33.20  
 434 M	 4.50  
 435 Q	 29.42  
 436 Y	 10.33  
 437 F	 1.68  
 438 M	 2.17  
 439 Q	 26.26  
 440 Q	 28.10  
 441 W	 4.66  
 442 T	 29.77  
 443 G	 25.08  
 444 T	 31.55  
 445 N	 52.45  
 446 K	 61.52  
 447 D	 58.42  
 448 K	 45.42  
 449 A	 27.28  
 450 E	 41.92  
 451 L	 6.11  
 452 I	 4.53  
 453 L	 4.16  
 454 P	 35.59  
 455 N	 62.42  
 456 G	 24.08  
 457 Q	 54.93  
 458 E	 43.48  
 459 V	 6.59  
 460 D	 39.95  
 461 I	 3.84  
 462 P	 12.66  
 463 I	 4.28  
 464 S	 14.56  
 465 Y	 18.08  
 466 L	 1.99  
 467 T	 20.89  
 468 S	 19.87  
 469 V	 3.67  
 470 S	 21.13  
 471 S	 21.69  
 472 L	 2.59  
 473 I	 3.22  
 474 V	 4.69  
 475 W	 5.69  
 476 H	 10.74  
 477 P	 20.30  
 478 A	 23.04  
 479 N	 40.54  
 480 P	 43.85  
 481 A	 30.44  
 482 E	 46.15  
 483 K	 45.60  
 484 I	 1.51  
 485 I	 3.55  
 486 R	 23.66  
 487 V	 4.56  
 488 L	 2.85  
 489 F	 7.14  
 490 P	 36.57  
 491 G	 33.13  
 492 N	 41.96  
 493 S	 23.85  
 494 T	 38.79  
 495 Q	 29.15  
 496 Y	 12.31  
 497 N	 23.66  
 498 I	 2.93  
 499 L	 3.68  
 500 E	 58.91  
 501 G	 35.37  
 502 L	 3.71  
 503 E	 68.17  
 504 K	 68.80  
 505 L	 2.85  
 506 K	 53.87  
 507 H	 40.86  
 508 L	 4.81  
 509 D	 46.69  
 510 F	 13.29  
 511 L	 5.13  
 512 K	 50.27  
 513 Q	 40.15  
 514 P	 23.52  
 515 L	 8.15  
 516 A	 18.05  
 517 T	 43.78  
 518 Q	 31.49  
 519 K	 50.80  
 520 D	 39.38  
 521 L	 8.15  
 522 T	 35.38  
 523 G	 33.51  
 524 Q	 32.55  
 525 V	 6.36  
 526 P	 31.16  
 527 T	 41.17  
 528 P	 26.14  
 529 P	 48.71  
 530 V	 7.73  
 531 K	 55.96  
 532 Q	 37.50  
 533 V	 6.94  
 534 K	 47.69  
 535 L	 6.33  
 536 K	 31.83  
 537 Q	 57.12  
 538 R	 38.48  
 539 A	 19.35  
 540 D	 50.87  
 541 S	 36.64  
 542 R	 37.76  
 543 E	 65.46  
 544 S	 40.35  
 545 L	 7.07  
 546 K	 41.72  
 547 P	 50.91  
 548 A	 27.03  
 549 T	 44.39  
 550 K	 39.33  
 551 P	 23.66  
 552 V	 11.35  
 553 A	 21.55  
 554 S	 26.20  
 555 K	 43.14  
 556 S	 25.34  
 557 V	 13.41  
 558 R	 44.08  
 559 K	 65.27  
 560 E	 57.38  
 561 S	 48.69  
 562 K	 61.74  
 563 E	 76.12  
 564 E	 73.69  
 565 T	 26.32  
 566 P	 37.02  
 567 E	 70.95  
 568 V	 7.57  
 569 T	 27.26  
 570 K	 51.89  
 571 T	 18.28  
 572 S	 33.51  
 573 Q	 53.25  
 574 V	 9.02  
 575 E	 43.50  
 576 K	 71.87  
 577 T	 18.16  
 578 P	 50.16  
 579 K	 64.96  
 580 V	 12.06  
 581 E	 63.32  
 582 S	 49.45  
 583 K	 48.31  
 584 E	 58.64  
 585 K	 44.60  
 586 V	 8.56  
 587 L	 7.47  
 588 V	 8.96  
 589 K	 51.60  
 590 K	 64.60  
 591 D	 55.57  
 592 K	 61.67  
 593 P	 42.86  
 594 V	 17.23  
 595 K	 55.92  
 596 T	 45.80  
 597 E	 51.55  
 598 S	 55.91  
 599 K	 34.77  
 600 P	 43.22  
 601 S	 45.46  
 602 V	 12.43  
 603 T	 45.75  
 604 E	 45.09  
 605 K	 54.79  
 606 E	 41.21  
 607 V	 13.34  
 608 S	 36.46  
 609 S	 49.62  
 610 K	 58.74  
 611 E	 64.32  
 612 E	 61.16  
 613 Q	 54.87  
 614 S	 34.63  
 615 P	 31.18  
 616 V	 12.74  
 617 K	 42.06  
 618 A	 19.41  
 619 E	 36.22  
 620 V	 11.29  
 621 A	 15.13  
 622 E	 51.37  
 623 K	 35.18  
 624 Q	 45.05  
 625 A	 25.14  
 626 T	 37.99  
 627 E	 60.83  
 628 S	 50.32  
 629 K	 42.50  
 630 P	 45.70  
 631 K	 67.29  
 632 V	 12.48  
 633 T	 39.38  
 634 K	 59.55  
 635 D	 39.35  
 636 K	 50.94  
 637 V	 12.52  
 638 V	 10.12  
 639 K	 47.91  
 640 K	 53.73  
 641 E	 43.96  
 642 I	 10.62  
 643 K	 40.47  
 644 T	 46.66  
 645 K	 49.23  
 646 L	 14.39  
 647 E	 70.13  
 648 E	 78.75  
 649 K	 56.99  
 650 K	 74.51  
 651 E	 80.48  
 652 E	 81.29  
 653 K	 64.33  
 654 P	 57.12  
 655 K	 73.04  
 656 K	 65.35  
 657 E	 59.68  
 658 V	 11.97  
 659 V	 8.43  
 660 K	 56.47  
 661 K	 60.58  
 662 E	 60.05  
 663 D	 69.84  
 664 K	 53.81  
 665 T	 46.29  
 666 P	 48.17  
 667 L	 15.12  
 668 K	 60.42  
 669 K	 77.97  
 670 D	 68.51  
 671 E	 74.06  
 672 K	 61.32  
 673 P	 50.99  
 674 R	 70.82  
 675 K	 67.75  
 676 E	 70.11  
 677 E	 63.77  
 678 V	 12.92  
 679 K	 48.22  
 680 K	 70.60  
 681 E	 55.08  
 682 I	 12.10  
 683 K	 45.50  
 684 K	 71.04  
 685 E	 55.85  
 686 I	 12.10  
 687 K	 56.05  
 688 K	 71.16  
 689 E	 59.02  
 690 E	 77.32  
 691 R	 38.55  
 692 K	 71.34  
 693 E	 72.54  
 694 L	 12.31  
 695 K	 48.24  
 696 K	 79.11  
 697 E	 58.96  
 698 V	 17.21  
 699 K	 46.08  
 700 K	 72.50  
 701 E	 50.36  
 702 T	 42.68  
 703 P	 38.21  
 704 L	 11.64  
 705 K	 57.77  
 706 D	 71.89  
 707 A	 24.19  
 708 K	 60.65  
 709 K	 70.25  
 710 E	 59.88  
 711 V	 17.21  
 712 K	 56.40  
 713 K	 76.04  
 714 E	 70.14  
 715 E	 77.60  
 716 K	 56.15  
 717 K	 71.65  
 718 E	 71.31  
 719 V	 17.21  
 720 K	 56.40  
 721 K	 76.04  
 722 E	 69.45  
 723 E	 72.15  
 724 K	 79.14  
 725 E	 66.68  
 726 P	 65.18  
 727 K	 65.22  
 728 K	 75.33  
 729 E	 67.19  
 730 I	 8.27  
 731 K	 45.18  
 732 K	 58.85  
 733 I	 5.41  
 734 S	 32.91  
 735 K	 67.93  
 736 D	 51.66  
 737 I	 7.51  
 738 K	 51.29  
 739 K	 60.95  
 740 S	 40.08  
 741 T	 33.94  
 742 P	 38.48  
 743 Q	 54.77  
 744 S	 48.75  
 745 D	 58.25  
 746 T	 46.33  
 747 K	 68.62  
 748 K	 46.42  
 749 P	 26.79  
 750 S	 55.93  
 751 A	 28.29  
 752 L	 13.16  
 753 K	 42.37  
 754 P	 36.88  
 755 K	 53.92  
 756 V	 14.84  
 757 A	 24.27  
 758 K	 64.80  
 759 K	 57.91  
 760 E	 57.37  
 761 E	 73.00  
 762 S	 46.77  
 763 T	 49.79  
 764 K	 65.50  
 765 K	 65.73  
 766 E	 47.29  
 767 P	 35.86  
 768 L	 5.53  
 769 A	 25.53  
 770 A	 24.28  
 771 G	 30.16  
 772 K	 47.87  
 773 L	 9.43  
 774 K	 61.96  
 775 D	 75.32  
 776 K	 60.07  
 777 G	 50.55  
 778 K	 44.62  
 779 V	 9.02  
 780 K	 41.55  
 781 V	 9.69  
 782 I	 4.34  
 783 K	 48.00  
 784 K	 61.65  
 785 E	 62.00  
 786 G	 41.30  
 787 K	 54.06  
 788 T	 40.50  
 789 T	 27.41  
 790 E	 41.35  
 791 A	 10.58  
 792 A	 10.10  
 793 A	 11.79  
 794 T	 19.70  
 795 A	 7.94  
 796 V	 6.42  
 797 G	 13.74  
 798 T	 13.40  
 799 A	 9.25  
 800 A	 12.81  
 801 T	 17.95  
 802 T	 14.11  
 803 A	 8.23  
 804 A	 8.33  
 805 V	 2.53  
 806 V	 2.29  
 807 A	 5.75  
 808 A	 8.46  
 809 A	 10.53  
 810 G	 12.82  
 811 I	 2.19  
 812 A	 8.48  
 813 A	 17.07  
 814 S	 34.31  
 815 G	 26.71  
 816 P	 31.35  
 817 V	 9.56  
 818 K	 60.77  
 819 E	 52.67  
 820 L	 6.65  
 821 E	 49.96  
 822 A	 30.08  
 823 E	 33.17  
 824 R	 41.98  
 825 S	 21.67  
 826 L	 4.90  
 827 M	 3.82  
 828 S	 48.29  
 829 S	 20.53  
 830 P	 31.64  
 831 E	 68.54  
 832 D	 64.12  
 833 L	 6.46  
 834 T	 40.67  
 835 K	 68.65  
 836 D	 51.45  
 837 F	 9.29  
 838 E	 72.98  
 839 E	 56.41  
 840 L	 5.12  
 841 K	 57.96  
 842 A	 32.07  
 843 E	 54.63  
 844 E	 49.72  
 845 I	 3.77  
 846 D	 37.29  
 847 V	 9.78  
 848 A	 10.47  
 849 K	 60.89  
 850 D	 44.39  
 851 I	 7.46  
 852 K	 36.52  
 853 P	 44.30  
 854 Q	 42.43  
 855 L	 8.63  
 856 E	 42.32  
 857 L	 7.65  
 858 I	 4.59  
 859 E	 72.50  
 860 D	 63.46  
 861 E	 44.21  
 862 E	 75.82  
 863 K	 63.91  
 864 L	 7.39  
 865 K	 70.55  
 866 E	 64.21  
 867 T	 38.18  
 868 Q	 45.13  
 869 P	 50.43  
 870 G	 23.50  
 871 E	 43.44  
 872 A	 15.14  
 873 Y	 8.19  
 874 V	 4.88  
 875 I	 2.93  
 876 Q	 27.73  
 877 K	 56.32  
 878 E	 33.55  
 879 T	 49.04  
 880 E	 45.98  
 881 V	 10.53  
 882 S	 25.68  
 883 K	 63.16  
 884 G	 25.28  
 885 S	 32.38  
 886 A	 29.92  
 887 E	 65.58  
 888 S	 37.05  
 889 P	 34.87  
 890 D	 75.84  
 891 E	 56.74  
 892 G	 29.89  
 893 I	 2.66  
 894 T	 38.22  
 895 T	 22.41  
 896 T	 33.09  
 897 E	 53.83  
 898 G	 46.23  
 899 E	 45.66  
 900 G	 56.57  
 901 E	 30.49  
 902 C	 7.45  
 903 E	 53.86  
 904 Q	 74.20  
 905 T	 15.46  
 906 P	 32.53  
 907 E	 77.82  
 908 E	 60.69  
 909 L	 9.57  
 910 E	 51.05  
 911 P	 52.79  
 912 V	 11.94  
 913 E	 50.83  
 914 K	 53.22  
 915 Q	 43.57  
 916 G	 35.57  
 917 V	 5.75  
 918 D	 58.98  
 919 D	 48.84  
 920 I	 5.55  
 921 E	 59.70  
 922 K	 55.15  
 923 F	 10.43  
 924 E	 67.24  
 925 D	 63.86  
 926 E	 43.69  
 927 G	 43.23  
 928 A	 19.90  
 929 G	 41.16  
 930 F	 10.50  
 931 E	 56.93  
 932 E	 58.25  
 933 S	 26.69  
 934 S	 42.32  
 935 E	 67.12  
 936 T	 36.98  
 937 G	 31.30  
 938 D	 55.90  
 939 Y	 27.60  
 940 E	 58.73  
 941 E	 51.87  
 942 K	 39.31  
 943 A	 32.02  
 944 E	 68.75  
 945 T	 43.94  
 946 E	 46.87  
 947 E	 69.65  
 948 A	 21.88  
 949 E	 76.88  
 950 E	 66.13  
 951 P	 41.61  
 952 E	 72.50  
 953 E	 80.28  
 954 D	 65.21  
 955 G	 47.65  
 956 E	 61.49  
 957 D	 62.62  
 958 N	 31.53  
 959 A	 27.82  
 960 S	 39.26  
 961 G	 25.48  
 962 S	 27.20  
 963 A	 26.56  
 964 S	 32.38  
 965 K	 48.06  
 966 H	 36.19  
 967 S	 36.93  
 968 P	 39.25  
 969 T	 55.87  
 970 E	 67.84  
 971 D	 68.41  
 972 D	 45.58  
 973 E	 65.99  
 974 S	 41.90  
 975 A	 17.03  
 976 K	 56.91  
 977 A	 19.54  
 978 E	 44.70  
 979 A	 29.05  
 980 D	 21.63  
 981 V	 7.99  
 982 H	 31.56  
 983 L	 8.44  
 984 K	 46.44  
 985 E	 64.80  
 986 K	 60.93  
 987 R	 42.38  
 988 E	 59.98  
 989 S	 31.67  
 990 V	 3.21  
 991 V	 8.03  
 992 S	 34.06  
 993 G	 29.27  
 994 D	 34.41  
 995 D	 56.04  
 996 R	 48.95  
 997 A	 31.37  
 998 E	 56.26  
 999 E	 58.62  
 1000 D	 37.00  
 1001 M	 5.54  
 1002 D	 56.01  
 1003 D	 40.02  
 1004 V	 6.92  
 1005 L	 7.87  
 1006 E	 59.88  
 1007 K	 58.87  
 1008 G	 29.94  
 1009 E	 61.16  
 1010 A	 28.88  
 1011 E	 50.79  
 1012 Q	 64.29  
 1013 S	 38.18  
 1014 E	 60.81  
 1015 E	 76.25  
 1016 E	 68.78  
 1017 G	 51.39  
 1018 E	 62.59  
 1019 E	 80.50  
 1020 E	 61.58  
 1021 D	 59.76  
 1022 K	 57.88  
 1023 A	 32.02  
 1024 E	 58.92  
 1025 D	 56.64  
 1026 A	 16.58  
 1027 R	 55.62  
 1028 E	 58.45  
 1029 E	 62.62  
 1030 G	 27.61  
 1031 Y	 27.80  
 1032 E	 58.86  
 1033 P	 39.66  
 1034 D	 59.58  
 1035 K	 60.01  
 1036 T	 48.05  
 1037 E	 56.66  
 1038 A	 21.86  
 1039 E	 43.58  
 1040 D	 48.66  
 1041 Y	 5.43  
 1042 V	 2.84  
 1043 M	 1.70  
 1044 A	 5.36  
 1045 V	 3.70  
 1046 A	 11.75  
 1047 D	 34.23  
 1048 K	 39.50  
 1049 A	 15.87  
 1050 A	 16.95  
 1051 E	 51.30  
 1052 A	 17.03  
 1053 G	 20.55  
 1054 V	 8.63  
 1055 T	 32.65  
 1056 E	 40.47  
 1057 E	 39.47  
 1058 Q	 30.62  
 1059 Y	 15.83  
 1060 G	 15.75  
 1061 Y	 9.31  
 1062 L	 5.39  
 1063 G	 14.78  
 1064 T	 23.94  
 1065 S	 31.50  
 1066 A	 17.84  
 1067 K	 57.71  
 1068 Q	 40.96  
 1069 P	 40.94  
 1070 G	 28.24  
 1071 I	 4.70  
 1072 Q	 56.03  
 1073 S	 23.95  
 1074 P	 22.49  
 1075 S	 55.30  
 1076 R	 58.25  
 1077 E	 49.94  
 1078 P	 36.01  
 1079 A	 15.91  
 1080 S	 40.31  
 1081 S	 26.50  
 1082 I	 4.38  
 1083 H	 28.89  
 1084 D	 49.24  
 1085 E	 37.77  
 1086 T	 44.29  
 1087 L	 3.31  
 1088 P	 53.14  
 1089 G	 56.20  
 1090 G	 26.71  
 1091 S	 43.81  
 1092 E	 56.74  
 1093 S	 33.94  
 1094 E	 46.09  
 1095 A	 20.11  
 1096 T	 23.73  
 1097 A	 23.25  
 1098 S	 41.00  
 1099 D	 65.84  
 1100 E	 55.46  
 1101 E	 67.58  
 1102 N	 51.06  
 1103 R	 52.74  
 1104 E	 73.00  
 1105 D	 67.12  
 1106 Q	 42.42  
 1107 P	 56.24  
 1108 E	 61.17  
 1109 E	 55.79  
 1110 F	 5.55  
 1111 T	 32.10  
 1112 A	 12.70  
 1113 T	 21.45  
 1114 S	 27.60  
 1115 G	 25.75  
 1116 Y	 11.02  
 1117 T	 21.40  
 1118 Q	 30.05  
 1119 S	 24.45  
 1120 T	 16.89  
 1121 I	 5.54  
 1122 E	 36.59  
 1123 I	 4.92  
 1124 S	 18.83  
 1125 S	 53.94  
 1126 E	 46.53  
 1127 P	 43.69  
 1128 T	 27.48  
 1129 P	 38.65  
 1130 M	 8.19  
 1131 D	 50.04  
 1132 E	 28.87  
 1133 M	 4.75  
 1134 S	 32.96  
 1135 T	 22.49  
 1136 P	 24.14  
 1137 R	 49.60  
 1138 D	 41.49  
 1139 V	 4.11  
 1140 M	 4.97  
 1141 S	 31.95  
 1142 D	 48.95  
 1143 E	 46.24  
 1144 T	 48.62  
 1145 N	 52.44  
 1146 N	 56.77  
 1147 E	 69.25  
 1148 E	 61.06  
 1149 T	 35.27  
 1150 E	 65.02  
 1151 S	 36.95  
 1152 P	 33.52  
 1153 S	 52.18  
 1154 Q	 52.08  
 1155 E	 56.77  
 1156 F	 3.85  
 1157 V	 5.08  
 1158 N	 41.34  
 1159 I	 2.71  
 1160 T	 23.52  
 1161 K	 43.13  
 1162 Y	 16.64  
 1163 E	 35.09  
 1164 S	 23.66  
 1165 S	 21.27  
 1166 L	 7.12  
 1167 Y	 15.40  
 1168 S	 23.10  
 1169 Q	 39.84  
 1170 E	 45.92  
 1171 Y	 17.85  
 1172 S	 31.26  
 1173 K	 35.77  
 1174 P	 26.48  
 1175 A	 17.16  
 1176 V	 6.59  
 1177 A	 15.54  
 1178 S	 16.79  
 1179 F	 6.40  
 1180 N	 48.26  
 1181 G	 28.68  
 1182 L	 4.40  
 1183 S	 41.11  
 1184 E	 72.95  
 1185 G	 30.94  
 1186 S	 28.47  
 1187 K	 62.37  
 1188 T	 32.34  
 1189 D	 51.73  
 1190 A	 16.90  
 1191 T	 48.36  
 1192 D	 64.96  
 1193 G	 22.00  
 1194 K	 60.90  
 1195 D	 47.66  
 1196 Y	 19.00  
 1197 N	 37.24  
 1198 A	 10.55  
 1199 S	 21.08  
 1200 A	 14.32  
 1201 S	 24.63  
 1202 T	 25.78  
 1203 I	 5.58  
 1204 S	 30.74  
 1205 P	 29.01  
 1206 P	 32.04  
 1207 S	 45.78  
 1208 S	 35.67  
 1209 M	 8.41  
 1210 E	 66.06  
 1211 E	 58.84  
 1212 D	 43.95  
 1213 K	 55.61  
 1214 F	 20.13  
 1215 S	 31.29  
 1216 K	 42.77  
 1217 S	 31.19  
 1218 A	 15.45  
 1219 L	 7.03  
 1220 R	 26.65  
 1221 D	 42.62  
 1222 A	 10.78  
 1223 Y	 10.78  
 1224 C	 4.41  
 1225 S	 35.79  
 1226 E	 70.31  
 1227 E	 35.22  
 1228 K	 65.38  
 1229 E	 59.80  
 1230 L	 9.22  
 1231 K	 41.19  
 1232 A	 26.97  
 1233 S	 22.23  
 1234 A	 26.65  
 1235 E	 44.47  
 1236 L	 9.14  
 1237 D	 37.08  
 1238 I	 6.84  
 1239 K	 52.31  
 1240 D	 45.55  
 1241 V	 7.07  
 1242 S	 43.84  
 1243 D	 44.90  
 1244 E	 48.27  
 1245 R	 45.52  
 1246 L	 7.28  
 1247 S	 29.09  
 1248 P	 48.58  
 1249 A	 22.91  
 1250 K	 67.30  
 1251 S	 23.10  
 1252 P	 38.29  
 1253 S	 48.87  
 1254 L	 11.23  
 1255 S	 27.89  
 1256 P	 57.03  
 1257 S	 46.17  
 1258 P	 36.45  
 1259 P	 58.01  
 1260 S	 41.72  
 1261 P	 44.52  
 1262 I	 11.28  
 1263 E	 55.02  
 1264 K	 57.04  
 1265 T	 15.79  
 1266 P	 49.81  
 1267 L	 15.66  
 1268 G	 29.49  
 1269 E	 49.84  
 1270 R	 44.07  
 1271 S	 19.67  
 1272 V	 11.97  
 1273 N	 23.26  
 1274 F	 6.24  
 1275 S	 26.57  
 1276 L	 8.92  
 1277 T	 23.91  
 1278 P	 41.57  
 1279 N	 59.39  
 1280 E	 45.44  
 1281 I	 7.30  
 1282 K	 24.77  
 1283 V	 8.89  
 1284 S	 18.66  
 1285 A	 31.62  
 1286 E	 50.49  
 1287 G	 33.31  
 1288 E	 32.20  
 1289 A	 21.65  
 1290 R	 33.03  
 1291 S	 33.71  
 1292 V	 7.16  
 1293 S	 19.72  
 1294 P	 38.83  
 1295 G	 27.83  
 1296 V	 3.99  
 1297 T	 19.41  
 1298 Q	 29.74  
 1299 A	 9.65  
 1300 V	 3.91  
 1301 V	 8.83  
 1302 E	 35.11  
 1303 E	 32.43  
 1304 H	 10.03  
 1305 C	 4.54  
 1306 A	 29.99  
 1307 S	 37.93  
 1308 P	 34.93  
 1309 E	 70.41  
 1310 E	 55.51  
 1311 K	 57.66  
 1312 T	 31.28  
 1313 L	 7.52  
 1314 E	 46.21  
 1315 V	 6.09  
 1316 V	 5.20  
 1317 S	 24.82  
 1318 P	 25.44  
 1319 S	 27.81  
 1320 Q	 45.35  
 1321 S	 26.45  
 1322 V	 5.65  
 1323 T	 30.57  
 1324 G	 17.22  
 1325 S	 23.01  
 1326 A	 18.35  
 1327 G	 27.22  
 1328 H	 24.32  
 1329 T	 16.45  
 1330 P	 21.84  
 1331 Y	 18.45  
 1332 Y	 12.06  
 1333 Q	 36.77  
 1334 S	 17.41  
 1335 P	 28.48  
 1336 T	 63.14  
 1337 D	 65.79  
 1338 E	 58.26  
 1339 K	 61.13  
 1340 S	 22.42  
 1341 S	 39.86  
 1342 H	 42.81  
 1343 L	 6.40  
 1344 P	 22.53  
 1345 T	 56.21  
 1346 E	 41.95  
 1347 V	 10.80  
 1348 S	 20.92  
 1349 E	 62.86  
 1350 N	 29.82  
 1351 A	 8.48  
 1352 Q	 55.25  
 1353 A	 12.74  
 1354 V	 2.98  
 1355 P	 21.03  
 1356 V	 9.11  
 1357 S	 17.00  
 1358 F	 12.83  
 1359 E	 40.53  
 1360 F	 8.24  
 1361 S	 29.46  
 1362 E	 66.13  
 1363 A	 24.33  
 1364 K	 62.62  
 1365 D	 71.63  
 1366 E	 61.35  
 1367 N	 54.94  
 1368 E	 47.80  
 1369 R	 40.85  
 1370 A	 14.51  
 1371 S	 35.28  
 1372 L	 6.95  
 1373 S	 18.71  
 1374 P	 39.27  
 1375 M	 9.06  
 1376 D	 61.50  
 1377 E	 41.78  
 1378 P	 38.38  
 1379 V	 8.49  
 1380 P	 50.56  
 1381 D	 66.33  
 1382 S	 33.63  
 1383 E	 67.45  
 1384 S	 37.89  
 1385 P	 33.95  
 1386 V	 18.10  
 1387 E	 40.61  
 1388 K	 49.03  
 1389 V	 3.96  
 1390 L	 6.90  
 1391 S	 25.52  
 1392 P	 27.86  
 1393 L	 8.33  
 1394 R	 50.96  
 1395 S	 38.25  
 1396 P	 19.68  
 1397 P	 41.27  
 1398 L	 10.84  
 1399 L	 9.76  
 1400 G	 36.73  
 1401 S	 34.57  
 1402 E	 54.67  
 1403 S	 34.18  
 1404 P	 32.26  
 1405 Y	 37.09  
 1406 E	 45.75  
 1407 D	 43.90  
 1408 F	 3.76  
 1409 L	 6.80  
 1410 S	 29.98  
 1411 A	 27.52  
 1412 D	 45.69  
 1413 S	 25.12  
 1414 K	 41.86  
 1415 V	 8.74  
 1416 L	 5.19  
 1417 G	 26.41  
 1418 R	 34.49  
 1419 R	 42.87  
 1420 S	 40.85  
 1421 E	 61.70  
 1422 S	 35.81  
 1423 P	 27.53  
 1424 F	 30.63  
 1425 E	 73.05  
 1426 G	 29.16  
 1427 K	 56.16  
 1428 N	 73.99  
 1429 G	 27.44  
 1430 K	 57.55  
 1431 Q	 61.22  
 1432 G	 39.27  
 1433 F	 5.43  
 1434 P	 46.72  
 1435 D	 65.79  
 1436 R	 46.67  
 1437 E	 67.77  
 1438 S	 31.34  
 1439 P	 25.52  
 1440 V	 10.94  
 1441 S	 30.22  
 1442 D	 54.95  
 1443 L	 2.95  
 1444 T	 29.27  
 1445 S	 27.98  
 1446 T	 26.43  
 1447 G	 23.35  
 1448 L	 3.34  
 1449 Y	 18.93  
 1450 Q	 57.37  
 1451 D	 40.84  
 1452 K	 44.05  
 1453 Q	 72.82  
 1454 E	 73.47  
 1455 E	 50.22  
 1456 K	 53.19  
 1457 S	 36.72  
 1458 T	 47.37  
 1459 G	 26.10  
 1460 F	 6.43  
 1461 I	 3.49  
 1462 P	 29.36  
 1463 I	 6.97  
 1464 K	 45.97  
 1465 E	 60.33  
 1466 D	 49.12  
 1467 F	 21.58  
 1468 G	 41.60  
 1469 P	 50.67  
 1470 E	 68.51  
 1471 K	 65.57  
 1472 K	 52.15  
 1473 T	 41.02  
 1474 S	 48.84  
 1475 D	 47.72  
 1476 V	 7.08  
 1477 E	 43.73  
 1478 T	 23.38  
 1479 M	 1.99  
 1480 S	 32.42  
 1481 S	 19.82  
 1482 Q	 25.97  
 1483 S	 27.48  
 1484 A	 6.82  
 1485 L	 6.19  
 1486 A	 16.81  
 1487 L	 7.95  
 1488 D	 48.31  
 1489 E	 53.19  
 1490 R	 38.88  
 1491 K	 49.81  
 1492 L	 13.36  
 1493 G	 33.03  
 1494 G	 42.45  
 1495 D	 35.60  
 1496 V	 9.26  
 1497 S	 27.28  
 1498 P	 28.33  
 1499 T	 30.56  
 1500 Q	 33.01  
 1501 I	 6.59  
 1502 D	 24.97  
 1503 V	 5.31  
 1504 S	 18.95  
 1505 Q	 46.71  
 1506 F	 7.43  
 1507 G	 25.24  
 1508 S	 34.14  
 1509 F	 11.69  
 1510 K	 57.27  
 1511 E	 69.75  
 1512 D	 52.82  
 1513 T	 29.73  
 1514 K	 42.86  
 1515 M	 4.70  
 1516 S	 25.23  
 1517 I	 3.78  
 1518 S	 23.75  
 1519 E	 58.16  
 1520 G	 25.32  
 1521 T	 16.88  
 1522 V	 11.65  
 1523 S	 38.88  
 1524 D	 44.59  
 1525 K	 34.19  
 1526 S	 42.22  
 1527 A	 22.97  
 1528 T	 30.82  
 1529 P	 31.14  
 1530 V	 10.19  
 1531 D	 48.40  
 1532 E	 56.66  
 1533 G	 21.33  
 1534 V	 5.05  
 1535 A	 21.58  
 1536 E	 48.78  
 1537 D	 41.00  
 1538 T	 20.59  
 1539 Y	 14.65  
 1540 S	 20.60  
 1541 H	 14.11  
 1542 M	 3.84  
 1543 E	 45.13  
 1544 G	 16.83  
 1545 V	 1.98  
 1546 A	 18.31  
 1547 S	 17.75  
 1548 V	 4.20  
 1549 S	 18.76  
 1550 T	 22.31  
 1551 A	 8.42  
 1552 S	 16.63  
 1553 V	 6.63  
 1554 A	 10.16  
 1555 T	 23.81  
 1556 S	 21.90  
 1557 S	 40.23  
 1558 F	 8.77  
 1559 P	 48.91  
 1560 E	 53.95  
 1561 P	 40.62  
 1562 T	 40.99  
 1563 T	 40.70  
 1564 D	 57.71  
 1565 D	 40.47  
 1566 V	 11.45  
 1567 S	 18.76  
 1568 P	 40.53  
 1569 S	 25.86  
 1570 L	 5.15  
 1571 H	 24.96  
 1572 A	 20.61  
 1573 E	 36.34  
 1574 V	 10.77  
 1575 G	 27.28  
 1576 S	 25.31  
 1577 P	 21.37  
 1578 H	 49.39  
 1579 S	 29.64  
 1580 T	 36.67  
 1581 E	 47.14  
 1582 V	 11.39  
 1583 D	 33.28  
 1584 D	 57.57  
 1585 S	 20.34  
 1586 L	 8.24  
 1587 S	 19.12  
 1588 V	 6.46  
 1589 S	 17.13  
 1590 V	 3.29  
 1591 V	 4.01  
 1592 Q	 39.34  
 1593 T	 15.82  
 1594 P	 16.61  
 1595 T	 43.56  
 1596 T	 25.23  
 1597 F	 7.32  
 1598 Q	 55.39  
 1599 E	 42.41  
 1600 T	 26.63  
 1601 E	 36.59  
 1602 M	 10.49  
 1603 S	 21.57  
 1604 P	 48.38  
 1605 S	 45.45  
 1606 K	 62.00  
 1607 E	 69.99  
 1608 E	 54.26  
 1609 C	 3.48  
 1610 P	 46.84  
 1611 R	 51.73  
 1612 P	 13.15  
 1613 M	 6.16  
 1614 S	 23.69  
 1615 I	 6.11  
 1616 S	 24.07  
 1617 P	 30.70  
 1618 P	 48.79  
 1619 D	 61.10  
 1620 F	 19.44  
 1621 S	 32.63  
 1622 P	 37.70  
 1623 K	 60.97  
 1624 T	 42.58  
 1625 A	 17.60  
 1626 K	 45.78  
 1627 S	 38.63  
 1628 R	 42.20  
 1629 T	 34.60  
 1630 P	 22.21  
 1631 V	 11.75  
 1632 Q	 41.83  
 1633 D	 39.13  
 1634 H	 20.34  
 1635 R	 50.61  
 1636 S	 36.25  
 1637 E	 55.21  
 1638 Q	 41.89  
 1639 S	 24.77  
 1640 S	 19.08  
 1641 M	 5.91  
 1642 S	 22.40  
 1643 I	 3.68  
 1644 E	 36.10  
 1645 F	 13.43  
 1646 G	 19.97  
 1647 Q	 54.00  
 1648 E	 69.51  
 1649 S	 27.92  
 1650 P	 42.43  
 1651 E	 62.53  
 1652 H	 31.44  
 1653 S	 17.03  
 1654 F	 7.62  
 1655 A	 10.31  
 1656 M	 5.14  
 1657 D	 34.63  
 1658 F	 4.10  
 1659 S	 25.75  
 1660 R	 40.78  
 1661 Q	 59.11  
 1662 S	 31.05  
 1663 P	 35.27  
 1664 D	 66.69  
 1665 H	 22.19  
 1666 P	 36.38  
 1667 T	 34.11  
 1668 L	 6.76  
 1669 G	 20.48  
 1670 A	 10.28  
 1671 S	 24.34  
 1672 V	 4.46  
 1673 L	 1.93  
 1674 H	 23.83  
 1675 I	 4.52  
 1676 T	 16.79  
 1677 E	 60.63  
 1678 N	 53.76  
 1679 G	 25.03  
 1680 P	 36.65  
 1681 T	 50.46  
 1682 E	 36.20  
 1683 V	 10.35  
 1684 D	 31.77  
 1685 Y	 21.49  
 1686 S	 18.00  
 1687 P	 17.36  
 1688 C	 6.22  
 1689 D	 44.99  
 1690 I	 6.63  
 1691 Q	 31.14  
 1692 D	 40.29  
 1693 S	 19.46  
 1694 S	 42.03  
 1695 L	 7.82  
 1696 S	 25.36  
 1697 H	 37.04  
 1698 K	 54.23  
 1699 I	 4.07  
 1700 P	 34.27  
 1701 P	 56.78  
 1702 T	 47.85  
 1703 E	 73.93  
 1704 E	 41.86  
 1705 P	 26.80  
 1706 S	 44.05  
 1707 Y	 21.09  
 1708 T	 33.51  
 1709 Q	 39.00  
 1710 D	 42.69  
 1711 N	 42.16  
 1712 D	 60.92  
 1713 L	 5.55  
 1714 S	 32.97  
 1715 E	 58.37  
 1716 L	 2.96  
 1717 I	 3.16  
 1718 S	 28.48  
 1719 V	 3.53  
 1720 S	 23.01  
 1721 Q	 34.61  
 1722 V	 5.30  
 1723 E	 35.47  
 1724 A	 28.08  
 1725 S	 13.08  
 1726 P	 48.99  
 1727 S	 38.12  
 1728 T	 30.04  
 1729 S	 29.84  
 1730 S	 24.94  
 1731 A	 15.44  
 1732 H	 40.01  
 1733 T	 25.09  
 1734 P	 17.86  
 1735 S	 35.06  
 1736 Q	 36.15  
 1737 I	 4.87  
 1738 A	 9.47  
 1739 S	 27.98  
 1740 P	 29.10  
 1741 L	 8.91  
 1742 Q	 50.32  
 1743 E	 61.72  
 1744 D	 39.73  
 1745 T	 27.66  
 1746 L	 6.78  
 1747 S	 30.37  
 1748 D	 48.85  
 1749 V	 6.64  
 1750 V	 6.92  
 1751 P	 23.29  
 1752 P	 33.00  
 1753 R	 46.29  
 1754 E	 38.61  
 1755 M	 3.36  
 1756 S	 17.30  
 1757 L	 3.90  
 1758 Y	 6.19  
 1759 A	 11.89  
 1760 S	 15.77  
 1761 L	 4.65  
 1762 A	 17.10  
 1763 S	 43.15  
 1764 E	 52.19  
 1765 K	 42.98  
 1766 V	 4.03  
 1767 Q	 54.06  
 1768 S	 31.23  
 1769 L	 5.68  
 1770 E	 71.23  
 1771 G	 42.50  
 1772 E	 41.26  
 1773 K	 66.19  
 1774 L	 10.36  
 1775 S	 41.15  
 1776 P	 51.08  
 1777 K	 58.34  
 1778 S	 43.49  
 1779 D	 52.06  
 1780 I	 6.20  
 1781 S	 20.88  
 1782 P	 40.36  
 1783 L	 9.10  
 1784 T	 24.55  
 1785 P	 45.80  
 1786 R	 51.71  
 1787 E	 57.69  
 1788 S	 38.24  
 1789 S	 17.74  
 1790 P	 44.59  
 1791 L	 7.75  
 1792 Y	 19.06  
 1793 S	 26.65  
 1794 P	 34.00  
 1795 G	 28.84  
 1796 F	 9.23  
 1797 S	 36.24  
 1798 D	 54.39  
 1799 S	 24.06  
 1800 T	 27.63  
 1801 S	 30.13  
 1802 A	 23.73  
 1803 A	 15.24  
 1804 K	 56.14  
 1805 E	 38.66  
 1806 T	 22.38  
 1807 A	 12.07  
 1808 A	 16.94  
 1809 A	 7.89  
 1810 H	 21.00  
 1811 Q	 37.91  
 1812 A	 11.08  
 1813 S	 25.44  
 1814 S	 50.29  
 1815 S	 32.00  
 1816 P	 31.64  
 1817 P	 38.75  
 1818 I	 6.81  
 1819 D	 35.60  
 1820 A	 13.87  
 1821 A	 12.00  
 1822 T	 33.02  
 1823 A	 15.84  
 1824 E	 34.40  
 1825 P	 31.89  
 1826 Y	 22.02  
 1827 G	 23.39  
 1828 F	 5.89  
 1829 R	 24.37  
 1830 S	 20.17  
 1831 S	 18.43  
 1832 M	 4.57  
 1833 L	 3.67  
 1834 F	 5.71  
 1835 D	 36.99  
 1836 T	 16.05  
 1837 M	 3.72  
 1838 Q	 23.96  
 1839 H	 13.70  
 1840 H	 8.91  
 1841 L	 5.64  
 1842 A	 9.83  
 1843 L	 7.31  
 1844 N	 29.79  
 1845 R	 40.96  
 1846 D	 47.49  
 1847 L	 5.20  
 1848 T	 28.99  
 1849 T	 26.71  
 1850 S	 27.44  
 1851 S	 32.00  
 1852 V	 12.12  
 1853 E	 53.76  
 1854 K	 55.85  
 1855 D	 38.72  
 1856 S	 61.59  
 1857 G	 52.31  
 1858 G	 34.32  
 1859 K	 55.88  
 1860 T	 35.46  
 1861 P	 43.79  
 1862 G	 58.32  
 1863 D	 29.80  
 1864 F	 10.50  
 1865 N	 25.84  
 1866 Y	 13.48  
 1867 A	 11.03  
 1868 Y	 13.50  
 1869 Q	 46.81  
 1870 K	 41.44  
 1871 P	 25.25  
 1872 E	 67.54  
 1873 N	 43.55  
 1874 A	 16.13  
 1875 A	 30.49  
 1876 G	 36.98  
 1877 S	 25.17  
 1878 P	 52.71  
 1879 D	 73.87  
 1880 E	 57.03  
 1881 E	 70.06  
 1882 D	 39.29  
 1883 Y	 24.57  
 1884 D	 53.71  
 1885 Y	 15.96  
 1886 E	 42.94  
 1887 S	 37.09  
 1888 Q	 44.24  
 1889 E	 62.54  
 1890 K	 41.43  
 1891 T	 18.23  
 1892 I	 7.67  
 1893 R	 31.10  
 1894 T	 20.69  
 1895 H	 18.93  
 1896 D	 39.74  
 1897 V	 1.73  
 1898 V	 3.97  
 1899 R	 17.37  
 1900 Y	 9.97  
 1901 Y	 8.45  
 1902 Y	 11.30  
 1903 E	 37.06  
 1904 K	 39.29  
 1905 T	 20.82  
 1906 E	 59.92  
 1907 R	 47.16  
 1908 T	 26.90  
 1909 I	 5.35  
 1910 K	 47.97  
 1911 S	 27.23  
 1912 P	 22.41  
 1913 C	 9.32  
 1914 D	 48.78  
 1915 S	 46.47  
 1916 G	 11.36  
 1917 Y	 16.42  
 1918 S	 21.73  
 1919 Y	 14.49  
 1920 E	 37.05  
 1921 T	 26.63  
 1922 I	 3.23  
 1923 E	 52.34  
 1924 K	 58.61  
 1925 T	 22.27  
 1926 T	 43.94  
 1927 K	 68.28  
 1928 T	 29.80  
 1929 P	 38.96  
 1930 E	 74.62  
 1931 D	 57.95  
 1932 G	 29.37  
 1933 G	 27.22  
 1934 Y	 17.47  
 1935 T	 13.62  
 1936 C	 2.40  
 1937 E	 45.18  
 1938 I	 7.02  
 1939 T	 14.77  
 1940 E	 54.81  
 1941 K	 46.69  
 1942 T	 18.44  
 1943 T	 43.54  
 1944 R	 54.22  
 1945 T	 32.72  
 1946 P	 34.06  
 1947 E	 69.53  
 1948 E	 60.15  
 1949 G	 38.38  
 1950 G	 16.11  
 1951 Y	 20.95  
 1952 S	 21.40  
 1953 Y	 14.59  
 1954 E	 33.81  
 1955 I	 4.97  
 1956 S	 22.54  
 1957 E	 61.15  
 1958 K	 48.70  
 1959 T	 19.91  
 1960 T	 43.54  
 1961 R	 54.22  
 1962 T	 23.00  
 1963 P	 36.38  
 1964 E	 49.02  
 1965 V	 5.91  
 1966 S	 25.15  
 1967 G	 24.79  
 1968 Y	 9.91  
 1969 T	 28.82  
 1970 Y	 13.62  
 1971 E	 45.78  
 1972 K	 45.32  
 1973 T	 25.37  
 1974 E	 60.78  
 1975 R	 40.47  
 1976 S	 18.60  
 1977 R	 39.21  
 1978 R	 40.63  
 1979 L	 6.30  
 1980 L	 5.43  
 1981 D	 56.65  
 1982 D	 46.30  
 1983 I	 3.26  
 1984 S	 31.06  
 1985 N	 54.07  
 1986 G	 22.06  
 1987 Y	 18.20  
 1988 D	 58.72  
 1989 D	 43.44  
 1990 T	 32.83  
 1991 E	 62.75  
 1992 D	 71.16  
 1993 G	 24.45  
 1994 G	 23.95  
 1995 H	 24.37  
 1996 T	 35.39  
 1997 L	 4.52  
 1998 G	 34.73  
 1999 D	 22.69  
 2000 C	 3.79  
 2001 S	 23.12  
 2002 Y	 22.92  
 2003 S	 10.53  
 2004 Y	 14.73  
 2005 E	 43.23  
 2006 T	 31.83  
 2007 T	 24.28  
 2008 E	 50.29  
 2009 K	 49.55  
 2010 I	 2.95  
 2011 T	 35.07  
 2012 S	 42.13  
 2013 F	 6.11  
 2014 P	 43.93  
 2015 E	 66.19  
 2016 S	 31.89  
 2017 E	 52.62  
 2018 S	 28.76  
 2019 Y	 15.95  
 2020 S	 26.27  
 2021 Y	 18.26  
 2022 E	 30.27  
 2023 T	 33.20  
 2024 S	 18.90  
 2025 T	 39.57  
 2026 K	 47.90  
 2027 T	 27.77  
 2028 T	 30.61  
 2029 R	 51.96  
 2030 S	 25.65  
 2031 P	 45.68  
 2032 D	 55.32  
 2033 T	 20.74  
 2034 S	 25.31  
 2035 A	 10.66  
 2036 Y	 8.71  
 2037 C	 2.18  
 2038 Y	 11.19  
 2039 E	 37.81  
 2040 T	 12.26  
 2041 M	 3.09  
 2042 E	 49.04  
 2043 K	 44.87  
 2044 I	 2.81  
 2045 T	 39.68  
 2046 K	 62.78  
 2047 T	 16.39  
 2048 P	 29.33  
 2049 Q	 53.85  
 2050 A	 12.68  
 2051 S	 23.72  
 2052 T	 21.36  
 2053 Y	 13.53  
 2054 S	 19.31  
 2055 Y	 16.89  
 2056 E	 35.58  
 2057 T	 27.91  
 2058 S	 15.89  
 2059 D	 52.68  
 2060 R	 18.34  
 2061 C	 4.20  
 2062 Y	 20.00  
 2063 T	 31.91  
 2064 T	 21.23  
 2065 E	 51.16  
 2066 K	 57.36  
 2067 K	 62.46  
 2068 S	 44.73  
 2069 P	 45.10  
 2070 S	 51.48  
 2071 E	 51.78  
 2072 A	 20.83  
 2073 R	 29.22  
 2074 Q	 63.23  
 2075 D	 30.28  
 2076 V	 4.60  
 2077 D	 39.70  
 2078 L	 2.15  
 2079 C	 2.82  
 2080 L	 5.64  
 2081 V	 3.74  
 2082 S	 19.14  
 2083 S	 15.36  
 2084 C	 5.77  
 2085 E	 60.73  
 2086 F	 11.76  
 2087 K	 36.38  
 2088 H	 34.12  
 2089 P	 45.94  
 2090 K	 55.11  
 2091 T	 46.76  
 2092 E	 54.07  
 2093 L	 12.65  
 2094 S	 16.56  
 2095 P	 45.97  
 2096 S	 35.07  
 2097 F	 7.70  
 2098 I	 11.13  
 2099 N	 28.43  
 2100 P	 38.71  
 2101 N	 49.66  
 2102 P	 32.68  
 2103 L	 13.29  
 2104 E	 41.63  
 2105 W	 8.96  
 2106 F	 4.58  
 2107 A	 26.09  
 2108 G	 30.26  
 2109 E	 58.32  
 2110 E	 57.51  
 2111 P	 40.59  
 2112 T	 56.52  
 2113 E	 70.96  
 2114 E	 67.67  
 2115 S	 44.69  
 2116 E	 63.07  
 2117 K	 55.39  
 2118 P	 36.27  
 2119 L	 11.44  
 2120 T	 29.26  
 2121 Q	 48.00  
 2122 S	 33.68  
 2123 G	 26.85  
 2124 G	 39.91  
 2125 A	 19.56  
 2126 P	 44.61  
 2127 P	 34.84  
 2128 P	 44.54  
 2129 S	 66.99  
 2130 G	 53.76  
 2131 G	 29.01  
 2132 K	 42.86  
 2133 Q	 54.99  
 2134 Q	 53.15  
 2135 G	 21.09  
 2136 R	 29.62  
 2137 Q	 45.93  
 2138 C	 5.00  
 2139 D	 55.24  
 2140 E	 71.49  
 2141 T	 22.71  
 2142 P	 28.29  
 2143 P	 44.73  
 2144 T	 42.86  
 2145 S	 29.44  
 2146 V	 8.95  
 2147 S	 26.12  
 2148 E	 49.08  
 2149 S	 37.66  
 2150 A	 12.05  
 2151 P	 35.93  
 2152 S	 45.49  
 2153 Q	 48.55  
 2154 T	 41.63  
 2155 D	 34.89  
 2156 S	 43.85  
 2157 D	 60.80  
 2158 V	 11.17  
 2159 P	 26.46  
 2160 P	 62.07  
 2161 E	 63.88  
 2162 T	 42.74  
 2163 E	 56.81  
 2164 E	 60.18  
 2165 C	 2.32  
 2166 P	 31.85  
 2167 S	 44.20  
 2168 I	 1.91  
 2169 T	 23.87  
 2170 A	 16.55  
 2171 D	 31.34  
 2172 A	 16.65  
 2173 N	 38.86  
 2174 I	 7.08  
 2175 D	 45.86  
 2176 S	 43.05  
 2177 E	 63.15  
 2178 D	 69.54  
 2179 E	 46.56  
 2180 S	 52.97  
 2181 E	 49.02  
 2182 T	 41.35  
 2183 I	 2.80  
 2184 P	 41.80  
 2185 T	 46.40  
 2186 D	 38.99  
 2187 K	 47.58  
 2188 T	 22.38  
 2189 V	 7.30  
 2190 T	 31.89  
 2191 Y	 8.44  
 2192 K	 24.08  
 2193 H	 18.57  
 2194 M	 7.87  
 2195 D	 52.88  
 2196 P	 29.24  
 2197 P	 33.16  
 2198 P	 55.15  
 2199 A	 20.26  
 2200 P	 27.09  
 2201 M	 7.61  
 2202 Q	 41.74  
 2203 D	 46.93  
 2204 R	 33.31  
 2205 S	 37.71  
 2206 P	 49.61  
 2207 S	 35.49  
 2208 P	 41.82  
 2209 R	 59.30  
 2210 H	 26.71  
 2211 P	 45.00  
 2212 D	 38.71  
 2213 V	 4.72  
 2214 S	 22.07  
 2215 M	 3.88  
 2216 V	 8.23  
 2217 D	 27.07  
 2218 P	 19.84  
 2219 D	 50.15  
 2220 A	 11.65  
 2221 L	 6.60  
 2222 A	 12.45  
 2223 V	 8.94  
 2224 D	 26.50  
 2225 Q	 40.21  
 2226 N	 46.42  
 2227 L	 6.55  
 2228 G	 24.35  
 2229 K	 53.85  
 2230 A	 19.30  
 2231 V	 10.11  
 2232 K	 45.49  
 2233 K	 62.79  
 2234 D	 58.20  
 2235 L	 12.09  
 2236 K	 68.26  
 2237 E	 73.57  
 2238 K	 54.45  
 2239 T	 45.07  
 2240 K	 70.21  
 2241 T	 49.92  
 2242 K	 59.53  
 2243 K	 54.64  
 2244 P	 58.19  
 2245 G	 49.04  
 2246 T	 44.03  
 2247 K	 60.93  
 2248 T	 35.68  
 2249 K	 50.31  
 2250 S	 41.08  
 2251 S	 39.97  
 2252 S	 40.58  
 2253 P	 43.84  
 2254 V	 12.36  
 2255 K	 55.19  
 2256 K	 63.57  
 2257 G	 43.09  
 2258 D	 70.94  
 2259 G	 44.82  
 2260 K	 61.11  
 2261 S	 45.06  
 2262 K	 47.76  
 2263 P	 34.03  
 2264 L	 7.75  
 2265 A	 17.89  
 2266 A	 33.77  
 2267 S	 28.05  
 2268 P	 41.98  
 2269 K	 54.29  
 2270 P	 36.35  
 2271 G	 50.06  
 2272 A	 24.80  
 2273 L	 8.62  
 2274 K	 55.82  
 2275 E	 57.22  
 2276 S	 42.10  
 2277 S	 42.41  
 2278 D	 65.73  
 2279 K	 44.02  
 2280 V	 5.47  
 2281 S	 27.12  
 2282 R	 30.89  
 2283 V	 4.88  
 2284 A	 21.00  
 2285 S	 34.10  
 2286 P	 42.63  
 2287 K	 74.18  
 2288 K	 66.22  
 2289 K	 62.44  
 2290 E	 69.74  
 2291 S	 44.44  
 2292 V	 10.30  
 2293 E	 46.37  
 2294 K	 60.23  
 2295 A	 10.79  
 2296 T	 39.74  
 2297 K	 49.05  
 2298 T	 25.64  
 2299 T	 30.17  
 2300 T	 45.65  
 2301 T	 18.50  
 2302 P	 42.14  
 2303 E	 55.34  
 2304 V	 5.56  
 2305 K	 42.24  
 2306 A	 14.01  
 2307 T	 33.23  
 2308 R	 56.22  
 2309 G	 42.96  
 2310 E	 59.59  
 2311 E	 70.18  
 2312 K	 70.56  
 2313 D	 58.25  
 2314 K	 77.63  
 2315 E	 75.13  
 2316 T	 35.03  
 2317 K	 45.76  
 2318 N	 52.27  
 2319 A	 12.03  
 2320 A	 22.86  
 2321 N	 31.83  
 2322 A	 11.18  
 2323 S	 32.65  
 2324 A	 20.68  
 2325 S	 25.34  
 2326 K	 54.90  
 2327 S	 32.28  
 2328 A	 19.56  
 2329 K	 45.87  
 2330 T	 29.02  
 2331 A	 11.49  
 2332 T	 37.20  
 2333 T	 38.63  
 2334 G	 17.81  
 2335 P	 34.56  
 2336 G	 47.57  
 2337 T	 28.40  
 2338 T	 32.11  
 2339 K	 46.45  
 2340 T	 36.91  
 2341 A	 15.99  
 2342 K	 50.61  
 2343 S	 28.86  
 2344 S	 32.49  
 2345 T	 44.09  
 2346 V	 6.10  
 2347 P	 19.82  
 2348 P	 53.25  
 2349 G	 36.22  
 2350 L	 2.98  
 2351 P	 20.72  
 2352 V	 9.97  
 2353 Y	 7.80  
 2354 L	 4.06  
 2355 D	 19.60  
 2356 L	 1.89  
 2357 C	 2.63  
 2358 Y	 27.06  
 2359 I	 2.41  
 2360 P	 13.15  
 2361 N	 41.48  
 2362 H	 24.01  
 2363 S	 49.81  
 2364 N	 49.83  
 2365 S	 28.73  
 2366 K	 66.30  
 2367 N	 34.73  
 2368 V	 11.37  
 2369 D	 43.55  
 2370 V	 6.35  
 2371 E	 40.68  
 2372 F	 9.81  
 2373 F	 2.90  
 2374 K	 56.13  
 2375 R	 24.75  
 2376 V	 7.79  
 2377 R	 24.74  
 2378 S	 21.60  
 2379 S	 15.21  
 2380 Y	 11.09  
 2381 Y	 9.05  
 2382 V	 1.78  
 2383 V	 3.33  
 2384 S	 23.10  
 2385 G	 30.83  
 2386 N	 44.58  
 2387 D	 37.43  
 2388 P	 37.05  
 2389 A	 30.30  
 2390 A	 27.37  
 2391 E	 72.97  
 2392 E	 43.80  
 2393 P	 22.18  
 2394 S	 35.83  
 2395 R	 39.16  
 2396 A	 15.57  
 2397 V	 4.89  
 2398 L	 2.88  
 2399 D	 28.68  
 2400 A	 15.19  
 2401 L	 4.46  
 2402 L	 9.75  
 2403 E	 60.54  
 2404 G	 30.48  
 2405 K	 28.20  
 2406 A	 22.63  
 2407 Q	 48.85  
 2408 W	 19.62  
 2409 G	 9.32  
 2410 S	 26.60  
 2411 N	 22.44  
 2412 M	 3.48  
 2413 Q	 29.33  
 2414 V	 3.06  
 2415 T	 11.32  
 2416 L	 4.66  
 2417 I	 2.43  
 2418 P	 27.13  
 2419 T	 31.18  
 2420 H	 31.11  
 2421 D	 49.31  
 2422 S	 25.20  
 2423 E	 46.52  
 2424 V	 5.19  
 2425 M	 2.56  
 2426 R	 36.15  
 2427 E	 32.23  
 2428 W	 6.97  
 2429 Y	 7.54  
 2430 Q	 50.62  
 2431 E	 36.11  
 2432 T	 21.58  
 2433 H	 39.23  
 2434 E	 61.04  
 2435 K	 45.73  
 2436 Q	 38.75  
 2437 Q	 69.13  
 2438 D	 38.91  
 2439 L	 3.99  
 2440 N	 28.71  
 2441 I	 2.34  
 2442 M	 1.64  
 2443 V	 3.41  
 2444 L	 1.80  
 2445 A	 8.92  
 2446 S	 22.21  
 2447 S	 25.15  
 2448 S	 23.79  
 2449 T	 21.04  
 2450 V	 3.49  
 2451 V	 2.63  
 2452 M	 3.45  
 2453 Q	 39.44  
 2454 D	 35.10  
 2455 E	 37.07  
 2456 S	 44.83  
 2457 F	 4.12  
 2458 P	 46.13  
 2459 A	 12.77  
 2460 C	 4.67  
 2461 K	 41.12  
 2462 I	 7.02  
 2463 E	 33.64  
 2464 L	 10.95  
