 1 M	 10.14  
 2 S	 40.23  
 3 E	 58.79  
 4 S	 40.85  
 5 G	 34.73  
 6 S	 38.35  
 7 K	 58.62  
 8 S	 35.58  
 9 S	 39.28  
 10 Q	 44.08  
 11 P	 31.66  
 12 L	 6.96  
 13 A	 22.74  
 14 S	 42.42  
 15 K	 57.79  
 16 Q	 61.55  
 17 E	 57.77  
 18 K	 59.99  
 19 D	 69.37  
 20 G	 47.01  
 21 T	 48.76  
 22 E	 46.41  
 23 K	 61.05  
 24 R	 33.53  
 25 G	 47.68  
 26 R	 41.82  
 27 G	 46.93  
 28 R	 26.87  
 29 P	 51.12  
 30 R	 49.21  
 31 K	 70.60  
 32 Q	 49.13  
 33 P	 34.00  
 34 P	 36.40  
 35 V	 15.97  
 36 S	 24.32  
 37 P	 44.37  
 38 G	 19.00  
 39 T	 21.87  
 40 A	 13.23  
 41 L	 4.50  
 42 V	 6.86  
 43 G	 25.80  
 44 S	 30.51  
 45 Q	 48.48  
 46 K	 73.60  
 47 E	 46.55  
 48 P	 42.71  
 49 S	 52.93  
 50 E	 64.33  
 51 V	 8.20  
 52 P	 38.64  
 53 T	 46.77  
 54 P	 25.29  
 55 K	 77.00  
 56 R	 27.61  
 57 P	 49.56  
 58 R	 58.76  
 59 G	 53.58  
 60 R	 30.91  
 61 P	 48.46  
 62 K	 74.57  
 63 G	 46.68  
 64 S	 38.90  
 65 K	 71.93  
 66 N	 50.09  
 67 K	 54.38  
 68 G	 39.91  
 69 A	 13.85  
 70 A	 23.56  
 71 K	 48.61  
 72 T	 30.88  
 73 R	 30.64  
 74 K	 49.52  
 75 V	 5.32  
 76 T	 21.92  
 77 T	 33.57  
 78 A	 8.66  
 79 P	 40.82  
 80 G	 48.02  
 81 R	 44.75  
 82 K	 45.01  
 83 P	 42.47  
 84 R	 57.71  
 85 G	 59.79  
 86 R	 40.94  
 87 P	 40.74  
 88 K	 69.50  
 89 K	 65.64  
 90 L	 16.54  
 91 E	 68.26  
 92 K	 79.46  
 93 E	 62.35  
 94 E	 72.86  
 95 E	 63.72  
 96 E	 66.17  
 97 G	 28.29  
 98 I	 4.32  
 99 S	 38.46  
 100 Q	 53.31  
 101 E	 49.82  
 102 S	 35.10  
 103 S	 48.55  
 104 E	 74.88  
 105 E	 64.74  
 106 E	 58.50  
 107 Q	 62.99  
