 1 M	 4.93  
 2 M	 4.97  
 3 T	 26.44  
 4 A	 8.55  
 5 E	 40.96  
 6 S	 32.72  
 7 R	 29.13  
 8 E	 60.92  
 9 A	 13.07  
 10 T	 33.62  
 11 G	 31.07  
 12 L	 6.16  
 13 S	 19.13  
 14 P	 32.64  
 15 Q	 46.05  
 16 A	 17.94  
 17 A	 16.90  
 18 Q	 62.38  
 19 E	 48.68  
 20 K	 49.53  
 21 D	 51.83  
 22 G	 27.42  
 23 I	 2.47  
 24 V	 5.14  
 25 I	 2.04  
 26 V	 3.83  
 27 K	 32.57  
 28 V	 8.51  
 29 E	 50.37  
 30 E	 73.97  
 31 E	 58.16  
 32 D	 68.79  
 33 E	 69.47  
 34 E	 66.59  
 35 D	 34.59  
 36 H	 19.71  
 37 M	 7.13  
 38 W	 9.62  
 39 G	 17.53  
 40 Q	 26.43  
 41 D	 39.38  
 42 S	 24.11  
 43 T	 36.41  
 44 L	 5.13  
 45 Q	 53.25  
 46 D	 65.38  
 47 T	 25.41  
 48 P	 46.87  
 49 P	 48.28  
 50 P	 71.62  
 51 D	 60.27  
 52 P	 42.21  
 53 E	 63.24  
 54 I	 4.14  
 55 F	 5.33  
 56 R	 32.21  
 57 Q	 37.81  
 58 R	 23.84  
 59 F	 5.07  
 60 R	 32.71  
 61 R	 24.23  
 62 F	 3.87  
 63 C	 3.03  
 64 Y	 11.33  
 65 Q	 43.60  
 66 N	 15.76  
 67 T	 17.91  
 68 F	 19.47  
 69 G	 20.51  
 70 P	 27.09  
 71 R	 42.05  
 72 E	 58.03  
 73 A	 16.47  
 74 L	 2.34  
 75 S	 42.49  
 76 R	 51.10  
 77 L	 4.55  
 78 K	 47.75  
 79 E	 62.31  
 80 L	 2.78  
 81 C	 2.05  
 82 H	 34.18  
 83 Q	 39.64  
 84 W	 3.17  
 85 L	 5.42  
 86 R	 24.68  
 87 P	 44.65  
 88 E	 42.30  
 89 I	 9.82  
 90 N	 43.36  
 91 T	 41.44  
 92 K	 43.03  
 93 E	 40.59  
 94 Q	 47.31  
 95 I	 3.19  
 96 L	 3.66  
 97 E	 41.51  
 98 L	 3.43  
 99 L	 2.78  
 100 V	 9.63  
 101 L	 4.28  
 102 E	 31.63  
 103 Q	 40.18  
 104 F	 4.16  
 105 L	 2.88  
 106 S	 24.30  
 107 I	 9.21  
 108 L	 4.44  
 109 P	 26.80  
 110 K	 68.55  
 111 E	 42.36  
 112 L	 6.59  
 113 Q	 25.98  
 114 V	 9.59  
 115 W	 4.56  
 116 L	 2.66  
 117 Q	 29.93  
 118 E	 41.14  
 119 Y	 17.93  
 120 R	 28.00  
 121 P	 38.94  
 122 D	 61.34  
 123 S	 51.27  
 124 G	 44.11  
 125 E	 46.89  
 126 E	 52.55  
 127 A	 8.69  
 128 V	 4.36  
 129 T	 32.45  
 130 L	 3.86  
 131 L	 3.34  
 132 E	 64.76  
 133 D	 45.47  
 134 L	 5.27  
 135 E	 53.19  
 136 L	 11.89  
 137 D	 29.43  
 138 L	 10.95  
 139 S	 33.93  
 140 G	 29.27  
 141 Q	 37.41  
 142 Q	 47.07  
 143 V	 4.40  
 144 P	 24.14  
 145 G	 43.20  
 146 Q	 20.26  
 147 V	 7.55  
 148 H	 37.90  
 149 G	 22.47  
 150 P	 14.67  
 151 E	 51.96  
 152 M	 3.90  
 153 L	 2.54  
 154 A	 12.50  
 155 R	 29.76  
 156 G	 18.81  
 157 M	 2.03  
 158 V	 4.79  
 159 P	 23.35  
 160 L	 8.71  
 161 D	 34.94  
 162 P	 37.06  
 163 V	 11.15  
 164 Q	 50.68  
 165 E	 53.47  
 166 S	 17.75  
 167 S	 33.98  
 168 S	 31.87  
 169 F	 14.49  
 170 D	 47.22  
 171 L	 4.12  
 172 H	 20.70  
 173 H	 33.41  
 174 E	 42.54  
 175 A	 13.44  
 176 T	 27.85  
 177 Q	 41.79  
 178 S	 26.91  
 179 H	 26.42  
 180 F	 10.36  
 181 K	 36.83  
 182 H	 30.02  
 183 S	 32.21  
 184 S	 44.00  
 185 R	 56.89  
 186 K	 36.12  
 187 P	 30.92  
 188 R	 51.57  
 189 L	 7.47  
 190 L	 4.60  
 191 Q	 35.15  
 192 S	 21.35  
 193 R	 27.47  
 194 A	 24.12  
 195 L	 2.63  
 196 P	 26.81  
 197 A	 16.72  
 198 A	 10.13  
 199 H	 28.77  
 200 I	 2.39  
 201 P	 28.93  
 202 A	 29.65  
 203 P	 25.98  
 204 P	 40.02  
 205 H	 51.49  
 206 E	 68.11  
 207 G	 39.66  
 208 S	 17.49  
 209 P	 55.51  
 210 R	 50.82  
 211 D	 43.93  
 212 Q	 34.03  
 213 A	 10.37  
 214 M	 2.22  
 215 A	 8.48  
 216 S	 16.66  
 217 A	 9.35  
 218 L	 3.48  
 219 F	 5.46  
 220 T	 30.33  
 221 A	 13.71  
 222 D	 37.92  
 223 S	 19.85  
 224 Q	 33.74  
 225 A	 14.53  
 226 M	 2.15  
 227 V	 6.74  
 228 K	 27.56  
 229 I	 3.55  
 230 E	 35.70  
 231 D	 33.54  
 232 M	 2.29  
 233 A	 10.48  
 234 V	 3.72  
 235 S	 10.51  
 236 L	 4.10  
 237 I	 3.38  
 238 L	 6.22  
 239 E	 44.72  
 240 E	 45.80  
 241 W	 11.95  
 242 G	 13.35  
 243 C	 2.25  
 244 Q	 43.99  
 245 N	 39.48  
 246 L	 1.29  
 247 A	 18.88  
 248 R	 31.05  
 249 R	 42.72  
 250 N	 36.49  
 251 L	 4.16  
 252 S	 40.93  
 253 R	 48.68  
 254 D	 51.81  
 255 N	 46.56  
 256 R	 49.86  
 257 Q	 49.93  
 258 E	 49.54  
 259 N	 37.82  
 260 Y	 16.23  
 261 G	 24.87  
 262 S	 19.17  
 263 A	 18.77  
 264 F	 5.07  
 265 P	 31.46  
 266 Q	 67.10  
 267 G	 45.69  
 268 G	 24.61  
 269 E	 60.90  
 270 N	 56.18  
 271 R	 47.76  
 272 N	 68.94  
 273 E	 63.88  
 274 N	 62.98  
 275 E	 47.33  
 276 E	 71.54  
 277 S	 31.63  
 278 T	 37.21  
 279 S	 38.86  
 280 K	 50.78  
 281 A	 25.68  
 282 E	 57.51  
 283 T	 42.13  
 284 S	 30.80  
 285 E	 64.50  
 286 D	 49.63  
 287 S	 24.88  
 288 A	 18.64  
 289 S	 44.78  
 290 R	 46.84  
 291 G	 33.82  
 292 E	 41.93  
 293 T	 37.06  
 294 T	 26.71  
 295 G	 34.36  
 296 R	 33.55  
 297 S	 47.12  
 298 Q	 48.19  
 299 K	 57.15  
 300 E	 51.77  
 301 F	 23.04  
 302 G	 40.38  
 303 E	 50.68  
 304 K	 62.75  
 305 R	 46.68  
 306 D	 63.05  
 307 Q	 66.43  
 308 E	 67.93  
 309 G	 27.48  
 310 K	 53.24  
 311 T	 55.95  
 312 G	 31.41  
 313 E	 53.18  
 314 R	 45.64  
 315 Q	 55.06  
 316 Q	 54.43  
 317 K	 67.16  
 318 N	 44.89  
 319 P	 59.15  
 320 E	 79.92  
 321 E	 62.07  
 322 K	 52.55  
 323 T	 50.70  
 324 R	 57.09  
 325 K	 73.20  
 326 E	 50.46  
 327 K	 65.62  
 328 R	 44.40  
 329 D	 69.85  
 330 S	 51.19  
 331 G	 21.68  
 332 P	 25.34  
 333 A	 27.05  
 334 I	 8.74  
 335 G	 33.93  
 336 K	 61.33  
 337 D	 53.09  
 338 K	 56.13  
 339 K	 56.12  
 340 T	 29.52  
 341 I	 6.82  
 342 T	 37.92  
 343 G	 20.82  
 344 E	 45.90  
 345 R	 62.86  
 346 G	 22.70  
 347 P	 47.69  
 348 R	 62.17  
 349 E	 70.10  
 350 K	 68.17  
 351 G	 25.22  
 352 K	 63.13  
 353 G	 41.87  
 354 L	 6.16  
 355 G	 31.67  
 356 R	 39.30  
 357 S	 19.86  
 358 F	 9.08  
 359 S	 28.70  
 360 L	 6.49  
 361 S	 23.26  
 362 S	 41.05  
 363 N	 34.60  
 364 F	 9.70  
 365 T	 45.77  
 366 T	 25.27  
 367 P	 32.47  
 368 E	 70.32  
 369 E	 55.81  
 370 V	 4.98  
 371 P	 28.52  
 372 T	 63.76  
 373 G	 25.69  
 374 T	 31.67  
 375 K	 45.68  
 376 S	 18.92  
 377 H	 35.62  
 378 R	 36.35  
 379 C	 4.29  
 380 D	 54.93  
 381 E	 49.12  
 382 C	 3.94  
 383 G	 27.93  
 384 K	 37.52  
 385 C	 2.27  
 386 F	 7.88  
 387 T	 38.83  
 388 R	 17.81  
 389 S	 22.63  
 390 S	 26.35  
 391 S	 29.12  
 392 L	 4.27  
 393 I	 4.72  
 394 R	 30.27  
 395 H	 20.76  
 396 K	 33.24  
 397 I	 1.97  
 398 I	 2.58  
 399 H	 31.15  
 400 T	 36.31  
 401 G	 27.11  
 402 E	 52.60  
 403 K	 55.00  
 404 P	 26.34  
 405 Y	 40.41  
 406 E	 39.84  
 407 C	 3.24  
 408 S	 24.79  
 409 E	 59.97  
 410 C	 3.78  
 411 G	 21.92  
 412 K	 58.90  
 413 A	 5.64  
 414 F	 10.99  
 415 S	 31.34  
 416 L	 7.04  
 417 N	 27.88  
 418 S	 36.51  
 419 N	 32.85  
 420 L	 4.32  
 421 V	 5.40  
 422 L	 2.99  
 423 H	 13.85  
 424 Q	 41.69  
 425 R	 16.35  
 426 I	 2.47  
 427 H	 29.97  
 428 T	 44.67  
 429 G	 27.11  
 430 E	 65.65  
 431 K	 53.68  
 432 P	 24.98  
 433 H	 64.41  
 434 E	 47.79  
 435 C	 4.77  
 436 N	 44.61  
 437 E	 57.20  
 438 C	 4.16  
 439 G	 20.39  
 440 K	 58.90  
 441 A	 9.10  
 442 F	 8.44  
 443 S	 27.59  
 444 H	 28.88  
 445 S	 21.52  
 446 S	 30.17  
 447 N	 33.83  
 448 L	 4.81  
 449 I	 3.64  
 450 L	 2.95  
 451 H	 14.10  
 452 Q	 42.45  
 453 R	 20.17  
 454 I	 2.14  
 455 H	 31.75  
 456 S	 46.40  
 457 G	 32.55  
 458 E	 54.60  
 459 K	 57.32  
 460 P	 26.34  
 461 Y	 44.15  
 462 E	 39.12  
 463 C	 4.24  
 464 N	 35.34  
 465 E	 57.20  
 466 C	 4.16  
 467 G	 20.39  
 468 K	 58.90  
 469 A	 8.46  
 470 F	 8.55  
 471 S	 33.73  
 472 Q	 40.27  
 473 S	 25.31  
 474 S	 29.06  
 475 D	 64.70  
 476 L	 8.10  
 477 T	 31.32  
 478 K	 45.07  
 479 H	 19.54  
 480 Q	 47.80  
 481 R	 23.52  
 482 I	 2.47  
 483 H	 29.97  
 484 T	 44.67  
 485 G	 27.11  
 486 E	 52.60  
 487 K	 55.00  
 488 P	 26.34  
 489 Y	 40.41  
 490 E	 39.84  
 491 C	 3.24  
 492 S	 24.79  
 493 E	 59.97  
 494 C	 3.78  
 495 G	 21.92  
 496 K	 62.56  
 497 A	 7.70  
 498 F	 11.41  
 499 N	 47.27  
 500 R	 27.33  
 501 N	 35.79  
 502 S	 20.34  
 503 Y	 11.00  
 504 L	 3.18  
 505 I	 2.01  
 506 L	 2.07  
 507 H	 15.24  
 508 R	 35.48  
 509 R	 17.81  
 510 I	 3.82  
 511 H	 19.63  
 512 T	 37.85  
 513 R	 35.46  
 514 E	 60.58  
 515 K	 50.81  
 516 P	 29.12  
 517 Y	 29.75  
 518 K	 43.91  
 519 C	 3.47  
 520 T	 25.80  
 521 K	 50.92  
 522 C	 3.49  
 523 G	 26.36  
 524 K	 50.20  
 525 A	 9.05  
 526 F	 7.12  
 527 T	 34.20  
 528 R	 23.35  
 529 S	 25.31  
 530 S	 24.93  
 531 T	 25.63  
 532 L	 5.32  
 533 T	 24.92  
 534 L	 3.44  
 535 H	 11.71  
 536 H	 33.24  
 537 R	 16.19  
 538 I	 2.30  
 539 H	 20.77  
 540 A	 16.80  
 541 R	 21.55  
 542 E	 54.07  
 543 R	 37.55  
 544 A	 11.27  
 545 S	 43.20  
 546 E	 49.39  
 547 Y	 19.91  
 548 S	 15.22  
 549 P	 25.60  
 550 A	 19.45  
 551 S	 30.11  
 552 L	 6.30  
 553 D	 37.04  
 554 A	 15.29  
 555 F	 7.87  
 556 G	 19.69  
 557 A	 10.51  
 558 F	 10.12  
 559 L	 3.86  
 560 K	 35.04  
 561 S	 23.43  
 562 C	 3.93  
 563 V	 13.03  
