 1 M	 8.78  
 2 P	 45.20  
 3 K	 64.65  
 4 R	 38.44  
 5 K	 46.82  
 6 V	 7.10  
 7 S	 24.55  
 8 A	 23.42  
 9 D	 39.49  
 10 G	 27.44  
 11 A	 13.31  
 12 A	 19.68  
 13 K	 53.39  
 14 A	 33.33  
 15 E	 51.12  
 16 P	 40.07  
 17 K	 52.53  
 18 R	 48.80  
 19 R	 40.57  
 20 S	 23.05  
 21 A	 18.02  
 22 R	 30.35  
 23 L	 6.12  
 24 S	 28.79  
 25 A	 26.83  
 26 K	 38.03  
 27 P	 43.10  
 28 A	 18.90  
 29 P	 40.93  
 30 A	 26.98  
 31 K	 39.32  
 32 V	 10.58  
 33 D	 48.44  
 34 A	 32.79  
 35 K	 53.56  
 36 P	 45.13  
 37 K	 55.10  
 38 K	 52.58  
 39 A	 27.80  
 40 A	 34.15  
 41 G	 43.48  
 42 K	 51.86  
 43 D	 51.33  
 44 K	 53.96  
 45 A	 32.85  
 46 S	 56.56  
 47 D	 60.70  
 48 K	 52.96  
 49 K	 44.34  
 50 V	 9.78  
 51 Q	 40.32  
 52 I	 7.71  
 53 K	 41.09  
 54 G	 26.90  
 55 K	 42.53  
 56 R	 59.99  
 57 G	 34.82  
 58 A	 22.81  
 59 K	 70.26  
 60 G	 27.12  
 61 K	 41.42  
 62 Q	 52.00  
 63 A	 19.41  
 64 D	 33.37  
 65 V	 7.68  
 66 A	 14.94  
 67 D	 40.75  
 68 Q	 32.55  
 69 Q	 51.44  
 70 T	 19.32  
 71 T	 31.05  
 72 E	 57.02  
 73 L	 4.59  
 74 P	 31.15  
 75 A	 35.20  
 76 E	 64.92  
 77 N	 56.56  
 78 G	 34.41  
 79 E	 65.61  
 80 T	 41.45  
 81 E	 49.31  
 82 N	 55.86  
 83 Q	 44.55  
 84 S	 33.73  
 85 P	 30.00  
 86 A	 34.52  
 87 S	 49.26  
 88 E	 72.74  
 89 E	 72.39  
 90 E	 52.74  
 91 K	 67.27  
 92 E	 65.69  
 93 A	 27.93  
 94 K	 57.14  
 95 S	 56.45  
 96 D	 62.93  
