 1 M	 8.11  
 2 G	 24.92  
 3 A	 9.32  
 4 A	 11.93  
 5 G	 22.39  
 6 L	 3.01  
 7 L	 5.56  
 8 G	 17.11  
 9 V	 3.42  
 10 F	 2.91  
 11 L	 3.15  
 12 A	 6.63  
 13 L	 3.52  
 14 V	 5.13  
 15 A	 8.93  
 16 P	 26.41  
 17 G	 19.97  
 18 V	 4.27  
 19 L	 6.63  
 20 G	 13.83  
 21 I	 2.42  
 22 S	 15.61  
 23 C	 6.21  
 24 G	 36.07  
 25 S	 38.26  
 26 P	 24.78  
 27 P	 30.20  
 28 P	 47.27  
 29 I	 6.02  
 30 L	 7.39  
 31 N	 38.12  
 32 G	 25.50  
 33 R	 17.38  
 34 I	 3.09  
 35 S	 19.36  
 36 Y	 10.08  
 37 Y	 10.16  
 38 S	 21.34  
 39 T	 11.55  
 40 P	 13.44  
 41 I	 5.00  
 42 A	 8.56  
 43 V	 7.37  
 44 G	 12.78  
 45 T	 13.22  
 46 V	 1.61  
 47 I	 3.25  
 48 R	 16.99  
 49 Y	 11.69  
 50 S	 7.61  
 51 C	 3.01  
 52 S	 34.62  
 53 G	 32.95  
 54 T	 6.84  
 55 F	 7.35  
 56 R	 25.82  
 57 L	 5.29  
 58 I	 6.12  
 59 G	 40.65  
 60 E	 32.26  
 61 K	 40.99  
 62 S	 23.44  
 63 L	 7.19  
 64 L	 2.28  
 65 C	 4.50  
 66 I	 5.60  
 67 T	 31.99  
 68 K	 35.32  
 69 D	 47.78  
 70 K	 43.72  
 71 V	 13.56  
 72 D	 55.32  
 73 G	 31.52  
 74 T	 26.48  
 75 W	 19.70  
 76 D	 47.07  
 77 K	 34.34  
 78 P	 51.85  
 79 A	 23.17  
 80 P	 50.81  
 81 K	 41.63  
 82 C	 5.09  
 83 E	 60.32  
 84 Y	 23.17  
 85 F	 2.72  
 86 N	 41.26  
 87 K	 36.29  
 88 Y	 13.61  
 89 S	 27.37  
 90 S	 30.51  
 91 C	 3.48  
 92 P	 52.96  
 93 E	 52.57  
 94 P	 20.30  
 95 I	 5.79  
 96 V	 5.43  
 97 P	 31.07  
 98 G	 40.96  
 99 G	 17.94  
 100 Y	 14.79  
 101 K	 29.24  
 102 I	 4.55  
 103 R	 28.94  
 104 G	 39.07  
 105 S	 19.16  
 106 T	 27.45  
 107 P	 26.34  
 108 Y	 18.48  
 109 R	 28.63  
 110 H	 38.27  
 111 G	 21.64  
 112 D	 33.53  
 113 S	 27.87  
 114 V	 6.41  
 115 T	 14.96  
 116 F	 7.62  
 117 A	 5.64  
 118 C	 4.95  
 119 K	 42.97  
 120 T	 41.18  
 121 N	 16.70  
 122 F	 9.92  
 123 S	 17.26  
 124 M	 6.96  
 125 N	 50.08  
 126 G	 34.01  
 127 N	 28.55  
 128 K	 48.02  
 129 S	 25.50  
 130 V	 6.73  
 131 W	 3.90  
 132 C	 2.28  
 133 Q	 31.26  
 134 A	 13.26  
 135 N	 17.01  
 136 N	 30.51  
 137 M	 4.37  
 138 W	 16.25  
 139 G	 11.70  
 140 P	 9.99  
 141 T	 40.68  
 142 R	 41.63  
 143 L	 4.54  
 144 P	 22.06  
 145 T	 30.08  
 146 C	 1.71  
 147 V	 6.34  
 148 S	 21.86  
 149 V	 2.60  
 150 F	 4.44  
 151 P	 25.70  
 152 L	 7.80  
 153 E	 38.40  
 154 C	 2.92  
 155 P	 27.70  
 156 A	 35.64  
 157 L	 1.46  
 158 P	 23.07  
 159 M	 5.18  
 160 I	 1.84  
 161 H	 28.15  
 162 N	 40.34  
 163 G	 10.37  
 164 H	 26.77  
 165 H	 32.27  
 166 T	 31.87  
 167 S	 23.87  
 168 E	 58.03  
 169 N	 43.12  
 170 V	 5.81  
 171 G	 25.56  
 172 S	 15.99  
 173 I	 4.39  
 174 A	 8.19  
 175 P	 42.46  
 176 G	 22.89  
 177 L	 3.47  
 178 S	 20.51  
 179 V	 7.57  
 180 T	 13.31  
 181 Y	 14.79  
 182 S	 11.31  
 183 C	 3.21  
 184 E	 41.06  
 185 S	 36.75  
 186 G	 8.53  
 187 Y	 13.22  
 188 L	 3.40  
 189 L	 3.33  
 190 V	 9.57  
 191 G	 30.37  
 192 E	 33.33  
 193 K	 42.85  
 194 I	 2.08  
 195 I	 4.39  
 196 N	 24.93  
 197 C	 2.48  
 198 L	 3.84  
 199 S	 38.96  
 200 S	 31.29  
 201 G	 31.88  
 202 K	 39.67  
 203 W	 8.61  
 204 S	 23.91  
 205 A	 19.40  
 206 V	 4.94  
 207 P	 20.42  
 208 P	 42.98  
 209 T	 26.86  
 210 C	 5.69  
 211 E	 58.11  
 212 E	 43.49  
 213 A	 10.40  
 214 R	 31.51  
 215 C	 4.53  
 216 K	 43.07  
 217 S	 39.42  
 218 L	 3.31  
 219 G	 35.95  
 220 R	 49.49  
 221 F	 5.38  
 222 P	 47.50  
 223 N	 61.27  
 224 G	 36.05  
 225 K	 57.69  
 226 V	 10.08  
 227 K	 68.91  
 228 E	 60.33  
 229 P	 18.60  
 230 P	 39.06  
 231 I	 5.85  
 232 L	 4.47  
 233 R	 24.70  
 234 V	 6.92  
 235 G	 12.48  
 236 V	 4.12  
 237 T	 15.23  
 238 A	 14.39  
 239 N	 22.59  
 240 F	 6.30  
 241 F	 5.28  
 242 C	 3.99  
 243 D	 47.39  
 244 E	 60.34  
 245 G	 10.29  
 246 Y	 13.20  
 247 R	 31.24  
 248 L	 5.34  
 249 Q	 54.04  
 250 G	 40.45  
 251 P	 16.79  
 252 P	 52.33  
 253 S	 33.28  
 254 S	 35.16  
 255 R	 24.06  
 256 C	 2.54  
 257 V	 3.06  
 258 I	 4.00  
 259 A	 5.48  
 260 G	 17.41  
 261 Q	 33.88  
 262 G	 15.36  
 263 V	 2.86  
 264 A	 18.29  
 265 W	 8.31  
 266 T	 14.02  
 267 K	 30.42  
 268 M	 2.05  
 269 P	 29.21  
 270 V	 6.00  
 271 C	 2.98  
 272 E	 55.12  
 273 E	 35.92  
 274 I	 1.69  
 275 F	 5.92  
 276 C	 3.91  
 277 P	 38.84  
 278 S	 51.74  
 279 P	 24.67  
 280 P	 32.66  
 281 P	 47.27  
 282 I	 6.02  
 283 L	 7.39  
 284 N	 46.29  
 285 G	 21.06  
 286 R	 19.71  
 287 H	 33.43  
 288 I	 5.57  
 289 G	 16.14  
 290 N	 32.99  
 291 S	 24.52  
 292 L	 4.69  
 293 A	 17.75  
 294 N	 28.67  
 295 V	 3.76  
 296 S	 24.47  
 297 Y	 15.60  
 298 G	 11.91  
 299 S	 12.97  
 300 I	 2.03  
 301 V	 3.42  
 302 T	 16.08  
 303 Y	 8.42  
 304 T	 10.89  
 305 C	 5.14  
 306 D	 42.72  
 307 P	 62.29  
 308 D	 50.41  
 309 P	 47.10  
 310 E	 74.82  
 311 E	 74.05  
 312 G	 20.29  
 313 V	 6.30  
 314 N	 29.15  
 315 F	 4.46  
 316 I	 2.01  
 317 L	 3.44  
 318 I	 5.00  
 319 G	 21.25  
 320 E	 33.29  
 321 S	 27.77  
 322 T	 17.58  
 323 L	 6.19  
 324 R	 17.72  
 325 C	 4.97  
 326 T	 22.40  
 327 V	 8.36  
 328 D	 27.48  
 329 S	 29.28  
 330 Q	 42.75  
 331 K	 53.53  
 332 T	 32.01  
 333 G	 32.02  
 334 T	 22.99  
 335 W	 11.57  
 336 S	 34.43  
 337 G	 17.60  
 338 P	 33.31  
 339 A	 14.01  
 340 P	 44.59  
 341 R	 28.75  
 342 C	 6.33  
 343 E	 47.21  
 344 L	 8.51  
 345 S	 9.68  
 346 T	 33.07  
 347 S	 24.06  
 348 A	 8.76  
 349 V	 6.36  
 350 Q	 34.44  
 351 C	 2.41  
 352 P	 25.71  
 353 H	 34.23  
 354 P	 14.19  
 355 Q	 44.29  
 356 I	 3.14  
 357 L	 3.91  
 358 R	 32.09  
 359 G	 20.70  
 360 R	 18.85  
 361 M	 2.91  
 362 V	 5.83  
 363 S	 26.60  
 364 G	 27.44  
 365 Q	 36.65  
 366 K	 47.93  
 367 D	 40.71  
 368 R	 32.50  
 369 Y	 24.57  
 370 T	 19.42  
 371 Y	 11.34  
 372 N	 30.58  
 373 D	 31.75  
 374 T	 16.32  
 375 V	 3.65  
 376 I	 1.65  
 377 F	 3.58  
 378 A	 3.46  
 379 C	 1.29  
 380 M	 3.10  
 381 F	 7.97  
 382 G	 6.43  
 383 F	 5.03  
 384 T	 28.12  
 385 L	 5.74  
 386 K	 59.07  
 387 G	 43.09  
 388 S	 21.57  
 389 K	 59.41  
 390 Q	 30.01  
 391 I	 6.61  
 392 R	 12.73  
 393 C	 5.45  
 394 N	 26.00  
 395 A	 16.89  
 396 Q	 35.54  
 397 G	 30.31  
 398 T	 17.99  
 399 W	 23.48  
 400 E	 29.25  
 401 P	 27.61  
 402 S	 33.42  
 403 A	 15.97  
 404 P	 35.31  
 405 V	 7.05  
 406 C	 6.35  
 407 E	 52.72  
 408 K	 59.68  
 409 E	 15.01  
 410 C	 6.56  
 411 Q	 58.98  
 412 A	 32.93  
 413 P	 9.15  
 414 P	 43.43  
 415 N	 50.77  
 416 I	 3.79  
 417 L	 8.18  
 418 N	 47.23  
 419 G	 36.17  
 420 Q	 44.91  
 421 K	 64.08  
 422 E	 53.00  
 423 D	 53.47  
 424 R	 22.38  
 425 H	 31.26  
 426 M	 2.11  
 427 V	 4.51  
 428 R	 23.75  
 429 F	 10.14  
 430 D	 30.10  
 431 P	 45.29  
 432 G	 33.66  
 433 T	 32.44  
 434 S	 24.01  
 435 I	 4.95  
 436 K	 30.77  
 437 Y	 19.45  
 438 S	 11.47  
 439 C	 6.90  
 440 N	 27.39  
 441 P	 39.56  
 442 G	 15.93  
 443 Y	 7.59  
 444 V	 4.29  
 445 L	 2.85  
 446 V	 6.91  
 447 G	 28.88  
 448 E	 40.88  
 449 E	 47.41  
 450 S	 17.41  
 451 I	 4.39  
 452 Q	 33.44  
 453 C	 4.27  
 454 T	 17.28  
 455 S	 39.72  
 456 E	 39.34  
 457 G	 21.74  
 458 V	 4.52  
 459 W	 17.66  
 460 T	 18.46  
 461 P	 16.51  
 462 P	 42.94  
 463 V	 5.57  
 464 P	 39.36  
 465 Q	 39.64  
 466 C	 2.91  
 467 K	 29.66  
 468 V	 5.55  
 469 A	 7.59  
 470 A	 8.48  
 471 C	 2.36  
 472 E	 44.53  
 473 A	 18.42  
 474 T	 15.59  
 475 G	 23.53  
 476 R	 21.44  
 477 Q	 42.01  
 478 L	 6.72  
 479 L	 4.35  
 480 T	 49.63  
 481 K	 42.52  
 482 P	 31.48  
 483 Q	 44.57  
 484 H	 31.41  
 485 Q	 33.03  
 486 F	 4.76  
 487 V	 7.55  
 488 R	 24.00  
 489 P	 44.60  
 490 D	 41.48  
 491 V	 9.19  
 492 N	 35.27  
 493 S	 27.18  
 494 S	 22.42  
 495 C	 6.04  
 496 G	 33.06  
 497 E	 64.77  
 498 G	 15.34  
 499 Y	 12.40  
 500 K	 47.21  
 501 L	 5.44  
 502 S	 25.52  
 503 G	 31.41  
 504 S	 17.80  
 505 V	 6.97  
 506 Y	 10.57  
 507 Q	 42.72  
 508 E	 15.89  
 509 C	 2.39  
 510 Q	 51.84  
 511 G	 36.95  
 512 T	 9.66  
 513 I	 3.48  
 514 P	 20.35  
 515 W	 11.02  
 516 F	 2.36  
 517 M	 3.55  
 518 E	 18.58  
 519 I	 2.47  
 520 R	 22.26  
 521 L	 6.34  
 522 C	 2.39  
 523 K	 57.66  
 524 E	 42.40  
 525 I	 2.69  
 526 T	 21.76  
 527 C	 6.14  
 528 P	 35.46  
 529 P	 48.23  
 530 P	 22.41  
 531 P	 30.80  
 532 V	 10.01  
 533 I	 2.45  
 534 Y	 14.05  
 535 N	 30.01  
 536 G	 11.19  
 537 A	 8.07  
 538 H	 31.96  
 539 T	 37.92  
 540 G	 12.84  
 541 S	 32.67  
 542 S	 36.80  
 543 L	 8.62  
 544 E	 60.60  
 545 D	 55.93  
 546 F	 3.52  
 547 P	 38.68  
 548 Y	 27.39  
 549 G	 18.36  
 550 T	 16.55  
 551 T	 13.39  
 552 V	 3.75  
 553 T	 15.83  
 554 Y	 12.64  
 555 T	 9.10  
 556 C	 3.99  
 557 N	 36.44  
 558 P	 62.96  
 559 G	 23.78  
 560 P	 29.39  
 561 E	 68.90  
 562 R	 58.55  
 563 G	 22.96  
 564 V	 9.34  
 565 E	 32.13  
 566 F	 7.18  
 567 S	 12.93  
 568 L	 7.67  
 569 I	 5.80  
 570 G	 28.26  
 571 E	 37.40  
 572 S	 24.74  
 573 T	 14.24  
 574 I	 4.79  
 575 R	 20.11  
 576 C	 4.29  
 577 T	 22.25  
 578 S	 41.87  
 579 N	 36.51  
 580 D	 52.03  
 581 Q	 46.68  
 582 E	 56.81  
 583 R	 42.06  
 584 G	 30.68  
 585 T	 23.76  
 586 W	 12.24  
 587 S	 34.43  
 588 G	 17.60  
 589 P	 25.78  
 590 A	 17.14  
 591 P	 41.23  
 592 L	 4.34  
 593 C	 3.97  
 594 K	 49.12  
 595 L	 4.21  
 596 S	 13.56  
 597 L	 5.29  
 598 L	 3.84  
 599 A	 8.47  
 600 V	 6.26  
 601 Q	 19.86  
 602 C	 2.14  
 603 S	 16.08  
 604 H	 23.85  
 605 V	 1.69  
 606 H	 14.18  
 607 I	 2.87  
 608 A	 6.63  
 609 N	 54.44  
 610 G	 18.98  
 611 Y	 12.64  
 612 K	 31.62  
 613 I	 5.03  
 614 S	 39.39  
 615 G	 34.98  
 616 K	 43.86  
 617 E	 59.40  
 618 A	 13.95  
 619 P	 22.36  
 620 Y	 26.24  
 621 F	 4.47  
 622 Y	 13.29  
 623 N	 28.69  
 624 D	 31.04  
 625 T	 20.15  
 626 V	 7.07  
 627 T	 21.33  
 628 F	 4.46  
 629 K	 23.93  
 630 C	 2.60  
 631 Y	 16.66  
 632 S	 36.58  
 633 G	 7.96  
 634 F	 6.26  
 635 T	 30.96  
 636 L	 5.74  
 637 K	 54.40  
 638 G	 35.33  
 639 S	 19.92  
 640 S	 37.99  
 641 Q	 28.92  
 642 I	 6.36  
 643 R	 14.30  
 644 C	 4.56  
 645 K	 49.26  
 646 A	 20.93  
 647 D	 38.29  
 648 N	 48.18  
 649 T	 31.62  
 650 W	 25.97  
 651 D	 28.99  
 652 P	 32.74  
 653 E	 58.41  
 654 I	 3.64  
 655 P	 24.04  
 656 V	 8.93  
 657 C	 5.33  
 658 E	 54.91  
 659 K	 53.87  
 660 E	 32.30  
 661 T	 28.65  
 662 C	 2.49  
 663 Q	 45.59  
 664 H	 20.90  
 665 V	 2.16  
 666 R	 20.46  
 667 Q	 47.61  
 668 S	 22.81  
 669 L	 3.29  
 670 Q	 56.26  
 671 E	 63.11  
 672 L	 1.96  
 673 P	 33.55  
 674 A	 41.01  
 675 G	 17.66  
 676 S	 34.95  
 677 R	 25.63  
 678 V	 7.75  
 679 E	 45.98  
 680 L	 3.09  
 681 V	 4.67  
 682 N	 38.61  
 683 T	 24.33  
 684 S	 12.46  
 685 C	 3.93  
 686 Q	 47.10  
 687 D	 63.19  
 688 G	 6.04  
 689 Y	 14.51  
 690 Q	 37.77  
 691 L	 4.69  
 692 T	 16.05  
 693 G	 16.42  
 694 H	 18.94  
 695 A	 9.52  
 696 Y	 7.36  
 697 Q	 27.27  
 698 M	 1.12  
 699 C	 1.63  
 700 Q	 47.83  
 701 D	 51.42  
 702 A	 6.05  
 703 E	 65.36  
 704 N	 49.31  
 705 G	 15.26  
 706 I	 6.19  
 707 W	 10.62  
 708 F	 5.66  
 709 K	 34.49  
 710 K	 39.83  
 711 I	 3.04  
 712 P	 40.35  
 713 L	 5.13  
 714 C	 2.51  
 715 K	 52.48  
 716 V	 3.35  
 717 I	 1.43  
 718 H	 13.56  
 719 C	 3.37  
 720 H	 24.60  
 721 P	 40.04  
 722 P	 16.48  
 723 P	 32.68  
 724 V	 10.60  
 725 I	 2.16  
 726 V	 8.65  
 727 N	 42.55  
 728 G	 16.54  
 729 K	 32.56  
 730 H	 29.11  
 731 T	 30.20  
 732 G	 12.00  
 733 M	 2.12  
 734 M	 4.47  
 735 A	 10.33  
 736 E	 30.53  
 737 N	 23.76  
 738 F	 4.12  
 739 L	 8.91  
 740 Y	 17.48  
 741 G	 26.43  
 742 N	 32.70  
 743 E	 28.60  
 744 V	 9.53  
 745 S	 14.72  
 746 Y	 26.25  
 747 E	 24.90  
 748 C	 3.43  
 749 D	 39.43  
 750 Q	 56.40  
 751 G	 10.42  
 752 F	 3.01  
 753 Y	 14.08  
 754 L	 4.65  
 755 L	 5.92  
 756 G	 41.92  
 757 E	 47.16  
 758 K	 57.92  
 759 K	 39.22  
 760 L	 9.59  
 761 Q	 29.47  
 762 C	 6.97  
 763 R	 30.45  
 764 S	 54.59  
 765 D	 34.71  
 766 S	 41.61  
 767 K	 60.97  
 768 G	 34.05  
 769 H	 30.74  
 770 G	 39.21  
 771 S	 16.64  
 772 W	 16.35  
 773 S	 42.39  
 774 G	 22.05  
 775 P	 37.00  
 776 S	 31.00  
 777 P	 31.85  
 778 Q	 43.12  
 779 C	 3.75  
 780 L	 5.24  
 781 R	 55.53  
 782 S	 22.17  
 783 P	 22.43  
 784 P	 41.16  
 785 V	 6.31  
 786 T	 32.12  
 787 R	 33.84  
 788 C	 2.52  
 789 P	 57.00  
 790 N	 49.33  
 791 P	 32.66  
 792 E	 71.49  
 793 V	 6.14  
 794 K	 29.65  
 795 H	 50.41  
 796 G	 18.62  
 797 Y	 16.42  
 798 K	 50.61  
 799 L	 6.30  
 800 N	 42.92  
 801 K	 59.04  
 802 T	 21.71  
 803 H	 16.43  
 804 S	 33.85  
 805 A	 11.40  
 806 Y	 17.30  
 807 S	 18.61  
 808 H	 24.25  
 809 N	 34.46  
 810 D	 26.72  
 811 I	 2.67  
 812 V	 4.20  
 813 Y	 7.30  
 814 V	 4.72  
 815 D	 14.59  
 816 C	 4.76  
 817 N	 34.95  
 818 P	 45.46  
 819 G	 15.66  
 820 F	 5.16  
 821 I	 2.31  
 822 M	 4.31  
 823 N	 40.24  
 824 G	 10.23  
 825 S	 20.54  
 826 R	 29.31  
 827 V	 3.29  
 828 I	 3.65  
 829 R	 11.87  
 830 C	 2.52  
 831 H	 26.80  
 832 T	 34.27  
 833 D	 27.22  
 834 N	 36.68  
 835 T	 30.56  
 836 W	 10.68  
 837 V	 2.52  
 838 P	 29.62  
 839 G	 28.54  
 840 V	 2.65  
 841 P	 27.71  
 842 T	 25.18  
 843 C	 3.34  
 844 I	 5.88  
 845 K	 39.95  
 846 K	 28.72  
 847 A	 9.04  
 848 F	 7.28  
 849 I	 7.11  
 850 G	 16.07  
 851 C	 3.80  
 852 P	 38.94  
 853 P	 63.00  
 854 P	 28.32  
 855 P	 59.95  
 856 K	 80.52  
 857 T	 27.97  
 858 P	 53.51  
 859 N	 69.95  
 860 G	 28.62  
 861 N	 35.87  
 862 H	 27.56  
 863 T	 51.27  
 864 G	 21.43  
 865 G	 24.43  
 866 N	 26.54  
 867 I	 3.09  
 868 A	 15.51  
 869 R	 28.86  
 870 F	 8.37  
 871 S	 18.26  
 872 P	 39.53  
 873 G	 22.67  
 874 M	 2.27  
 875 S	 18.50  
 876 I	 2.88  
 877 L	 1.70  
 878 Y	 12.94  
 879 S	 14.05  
 880 C	 2.60  
 881 D	 38.71  
 882 Q	 46.92  
 883 G	 11.21  
 884 Y	 7.39  
 885 L	 3.90  
 886 L	 3.33  
 887 V	 6.34  
 888 G	 17.90  
 889 E	 28.76  
 890 A	 9.51  
 891 L	 3.06  
 892 L	 4.81  
 893 L	 3.09  
 894 C	 3.53  
 895 T	 23.96  
 896 H	 30.41  
 897 E	 39.92  
 898 G	 25.53  
 899 T	 20.96  
 900 W	 13.06  
 901 S	 26.56  
 902 Q	 29.72  
 903 P	 42.09  
 904 A	 9.99  
 905 P	 39.84  
 906 H	 37.07  
 907 C	 3.80  
 908 K	 62.76  
 909 E	 44.34  
 910 V	 5.53  
 911 N	 22.50  
 912 C	 5.28  
 913 S	 33.87  
 914 S	 26.72  
 915 P	 18.91  
 916 A	 27.06  
 917 D	 38.81  
 918 M	 5.74  
 919 D	 52.14  
 920 G	 20.00  
 921 I	 3.13  
 922 Q	 39.01  
 923 K	 64.64  
 924 G	 20.92  
 925 L	 12.03  
 926 E	 52.29  
 927 P	 46.35  
 928 R	 27.31  
 929 K	 53.31  
 930 M	 2.38  
 931 Y	 11.13  
 932 Q	 27.04  
 933 Y	 6.92  
 934 G	 9.07  
 935 A	 6.41  
 936 V	 2.68  
 937 V	 5.11  
 938 T	 15.39  
 939 L	 4.85  
 940 E	 26.88  
 941 C	 6.94  
 942 E	 45.13  
 943 D	 66.24  
 944 G	 6.35  
 945 Y	 15.73  
 946 M	 3.16  
 947 L	 5.19  
 948 E	 40.89  
 949 G	 40.44  
 950 S	 15.47  
 951 P	 49.01  
 952 Q	 48.08  
 953 S	 35.99  
 954 Q	 24.83  
 955 C	 5.18  
 956 Q	 44.23  
 957 S	 44.69  
 958 D	 16.48  
 959 H	 39.54  
 960 Q	 46.78  
 961 W	 18.84  
 962 N	 23.03  
 963 P	 23.48  
 964 P	 29.73  
 965 L	 6.18  
 966 A	 12.25  
 967 V	 3.52  
 968 C	 2.45  
 969 R	 28.62  
 970 S	 22.54  
 971 R	 19.15  
 972 S	 30.08  
 973 L	 6.41  
 974 A	 8.06  
 975 P	 25.55  
 976 V	 6.01  
 977 L	 1.84  
 978 C	 3.64  
 979 G	 14.38  
 980 I	 2.01  
 981 A	 4.83  
 982 A	 16.05  
 983 G	 12.29  
 984 L	 1.82  
 985 I	 2.64  
 986 L	 4.42  
 987 L	 2.23  
 988 T	 16.98  
 989 F	 4.40  
 990 L	 2.29  
 991 I	 1.51  
 992 V	 2.73  
 993 I	 1.42  
 994 T	 10.92  
 995 L	 1.90  
 996 Y	 6.26  
 997 V	 4.47  
 998 I	 2.61  
 999 S	 16.62  
 1000 K	 35.24  
 1001 H	 30.00  
 1002 R	 48.59  
 1003 E	 45.02  
 1004 R	 36.09  
 1005 N	 29.43  
 1006 Y	 17.60  
 1007 Y	 11.16  
 1008 T	 23.57  
 1009 D	 28.39  
 1010 T	 25.84  
 1011 S	 41.90  
 1012 Q	 50.10  
 1013 K	 51.26  
 1014 E	 49.26  
 1015 A	 12.28  
 1016 F	 7.68  
 1017 H	 29.79  
 1018 L	 4.44  
 1019 E	 36.79  
 1020 A	 21.21  
 1021 R	 25.25  
 1022 E	 53.51  
 1023 V	 3.44  
 1024 Y	 9.75  
 1025 S	 25.81  
 1026 V	 4.75  
 1027 D	 33.74  
 1028 P	 28.75  
 1029 Y	 29.34  
 1030 N	 30.93  
 1031 P	 28.21  
 1032 A	 25.00  
 1033 S	 41.85  
