 1 M	 9.56  
 2 A	 13.79  
 3 P	 17.19  
 4 V	 4.94  
 5 A	 7.06  
 6 V	 3.48  
 7 W	 2.62  
 8 A	 5.99  
 9 A	 4.75  
 10 L	 2.83  
 11 A	 6.65  
 12 V	 10.52  
 13 G	 14.07  
 14 L	 3.82  
 15 E	 36.02  
 16 L	 4.54  
 17 W	 3.72  
 18 A	 13.85  
 19 A	 6.54  
 20 A	 4.82  
 21 H	 24.07  
 22 A	 15.54  
 23 L	 2.31  
 24 P	 22.79  
 25 A	 19.82  
 26 Q	 25.73  
 27 V	 5.27  
 28 A	 7.18  
 29 F	 8.10  
 30 T	 12.97  
 31 P	 19.48  
 32 Y	 31.56  
 33 A	 11.81  
 34 P	 42.33  
 35 E	 54.87  
 36 P	 40.76  
 37 G	 33.65  
 38 S	 34.74  
 39 T	 13.94  
 40 C	 4.06  
 41 R	 36.55  
 42 L	 5.47  
 43 R	 15.54  
 44 E	 53.70  
 45 Y	 13.10  
 46 Y	 9.23  
 47 D	 38.15  
 48 Q	 23.71  
 49 T	 18.89  
 50 A	 6.89  
 51 Q	 28.91  
 52 M	 2.00  
 53 C	 1.25  
 54 C	 3.51  
 55 S	 31.59  
 56 K	 25.47  
 57 C	 3.22  
 58 S	 35.48  
 59 P	 56.80  
 60 G	 18.66  
 61 Q	 36.43  
 62 H	 33.17  
 63 A	 11.21  
 64 K	 33.45  
 65 V	 5.03  
 66 F	 4.28  
 67 C	 4.23  
 68 T	 26.37  
 69 K	 47.41  
 70 T	 17.43  
 71 S	 32.61  
 72 D	 48.68  
 73 T	 23.85  
 74 V	 4.02  
 75 C	 3.28  
 76 D	 52.57  
 77 S	 17.80  
 78 C	 4.26  
 79 E	 59.97  
 80 D	 51.08  
 81 S	 10.87  
 82 T	 42.80  
 83 Y	 9.10  
 84 T	 19.78  
 85 Q	 33.78  
 86 L	 2.70  
 87 W	 6.19  
 88 N	 38.16  
 89 W	 8.75  
 90 V	 2.30  
 91 P	 20.42  
 92 E	 38.17  
 93 C	 2.51  
 94 L	 4.53  
 95 S	 28.26  
 96 C	 3.56  
 97 G	 18.10  
 98 S	 34.15  
 99 R	 15.04  
 100 C	 4.97  
 101 S	 35.52  
 102 S	 35.37  
 103 D	 40.01  
 104 Q	 36.57  
 105 V	 11.74  
 106 E	 29.57  
 107 T	 23.70  
 108 Q	 22.42  
 109 A	 12.22  
 110 C	 2.37  
 111 T	 40.01  
 112 R	 43.30  
 113 E	 33.77  
 114 Q	 41.01  
 115 N	 30.45  
 116 R	 25.67  
 117 I	 2.75  
 118 C	 2.37  
 119 T	 14.80  
 120 C	 4.24  
 121 R	 18.02  
 122 P	 39.55  
 123 G	 14.50  
 124 W	 6.42  
 125 Y	 3.61  
 126 C	 2.18  
 127 A	 10.12  
 128 L	 6.16  
 129 S	 17.48  
 130 K	 53.90  
 131 Q	 49.27  
 132 E	 65.09  
 133 G	 10.19  
 134 C	 2.71  
 135 R	 43.59  
 136 L	 3.21  
 137 C	 1.57  
 138 A	 15.68  
 139 P	 31.53  
 140 L	 4.32  
 141 R	 34.66  
 142 K	 42.13  
 143 C	 5.26  
 144 R	 37.09  
 145 P	 52.51  
 146 G	 16.76  
 147 F	 8.68  
 148 G	 20.35  
 149 V	 3.69  
 150 A	 16.60  
 151 R	 27.98  
 152 P	 44.30  
 153 G	 30.54  
 154 T	 38.48  
 155 E	 52.83  
 156 T	 30.02  
 157 S	 23.36  
 158 D	 44.26  
 159 V	 5.65  
 160 V	 4.10  
 161 C	 4.01  
 162 K	 31.36  
 163 P	 17.86  
 164 C	 4.33  
 165 A	 17.68  
 166 P	 49.42  
 167 G	 22.37  
 168 T	 23.88  
 169 F	 7.03  
 170 S	 32.86  
 171 N	 43.09  
 172 T	 27.19  
 173 T	 25.57  
 174 S	 29.24  
 175 S	 28.18  
 176 T	 29.20  
 177 D	 39.68  
 178 I	 1.86  
 179 C	 6.52  
 180 R	 31.88  
 181 P	 21.23  
 182 H	 15.41  
 183 Q	 44.61  
 184 I	 1.35  
 185 C	 2.26  
 186 N	 32.69  
 187 V	 2.39  
 188 V	 2.19  
 189 A	 9.66  
 190 I	 2.79  
 191 P	 21.90  
 192 G	 35.90  
 193 N	 24.40  
 194 A	 16.49  
 195 S	 22.61  
 196 M	 3.40  
 197 D	 33.10  
 198 A	 6.94  
 199 V	 2.97  
 200 C	 2.39  
 201 T	 28.57  
 202 S	 23.04  
 203 T	 22.14  
 204 S	 24.84  
 205 P	 31.74  
 206 T	 34.83  
 207 R	 28.02  
 208 S	 23.05  
 209 M	 4.74  
 210 A	 10.71  
 211 P	 23.72  
 212 G	 30.60  
 213 A	 5.63  
 214 V	 6.21  
 215 H	 31.12  
 216 L	 3.20  
 217 P	 22.88  
 218 Q	 58.34  
 219 P	 21.78  
 220 V	 8.43  
 221 S	 25.45  
 222 T	 34.28  
 223 R	 27.15  
 224 S	 26.80  
 225 Q	 40.11  
 226 H	 27.93  
 227 T	 28.71  
 228 Q	 37.43  
 229 P	 51.59  
 230 T	 30.39  
 231 P	 59.18  
 232 E	 55.12  
 233 P	 37.88  
 234 S	 35.22  
 235 T	 53.99  
 236 A	 10.61  
 237 P	 37.92  
 238 S	 33.93  
 239 T	 23.57  
 240 S	 20.45  
 241 F	 9.11  
 242 L	 5.41  
 243 L	 2.30  
 244 P	 28.03  
 245 M	 14.39  
 246 G	 20.00  
 247 P	 37.09  
 248 S	 37.47  
 249 P	 34.94  
 250 P	 47.48  
 251 A	 36.85  
 252 E	 60.49  
 253 G	 32.39  
 254 S	 22.26  
 255 T	 52.18  
 256 G	 29.72  
 257 D	 26.24  
 258 F	 8.77  
 259 A	 18.72  
 260 L	 3.40  
 261 P	 18.07  
 262 V	 11.51  
 263 G	 14.03  
 264 L	 2.67  
 265 I	 1.77  
 266 V	 6.41  
 267 G	 12.22  
 268 V	 1.64  
 269 T	 15.38  
 270 A	 9.38  
 271 L	 3.47  
 272 G	 18.90  
 273 L	 3.02  
 274 L	 2.26  
 275 I	 2.87  
 276 I	 3.27  
 277 G	 15.44  
 278 V	 1.65  
 279 V	 3.76  
 280 N	 16.36  
 281 C	 1.16  
 282 V	 2.57  
 283 I	 2.42  
 284 M	 0.77  
 285 T	 21.06  
 286 Q	 27.87  
 287 V	 7.84  
 288 K	 45.31  
 289 K	 61.85  
 290 K	 37.19  
 291 P	 36.87  
 292 L	 6.64  
 293 C	 4.06  
 294 L	 7.67  
 295 Q	 39.92  
 296 R	 32.65  
 297 E	 39.62  
 298 A	 21.97  
 299 K	 52.09  
 300 V	 4.68  
 301 P	 23.69  
 302 H	 47.64  
 303 L	 2.83  
 304 P	 35.06  
 305 A	 36.98  
 306 D	 43.11  
 307 K	 41.93  
 308 A	 18.71  
 309 R	 55.20  
 310 G	 27.53  
 311 T	 25.46  
 312 Q	 69.16  
 313 G	 27.79  
 314 P	 26.80  
 315 E	 70.47  
 316 Q	 38.84  
 317 Q	 27.77  
 318 H	 23.46  
 319 L	 3.00  
 320 L	 2.83  
 321 I	 3.77  
 322 T	 32.27  
 323 A	 8.59  
 324 P	 26.54  
 325 S	 40.15  
 326 S	 32.93  
 327 S	 38.28  
 328 S	 26.37  
 329 S	 40.67  
 330 S	 37.80  
 331 L	 8.82  
 332 E	 44.59  
 333 S	 36.18  
 334 S	 19.50  
 335 A	 14.22  
 336 S	 31.17  
 337 A	 17.13  
 338 L	 4.95  
 339 D	 37.42  
 340 R	 37.19  
 341 R	 44.58  
 342 A	 15.65  
 343 P	 30.03  
 344 T	 41.07  
 345 R	 38.43  
 346 N	 61.43  
 347 Q	 28.35  
 348 P	 35.53  
 349 Q	 50.88  
 350 A	 14.97  
 351 P	 41.96  
 352 G	 32.67  
 353 V	 5.60  
 354 E	 42.93  
 355 A	 15.74  
 356 S	 18.70  
 357 G	 44.65  
 358 A	 15.34  
 359 G	 32.40  
 360 E	 34.15  
 361 A	 16.06  
 362 R	 25.43  
 363 A	 20.63  
 364 S	 27.96  
 365 T	 39.85  
 366 G	 23.74  
 367 S	 30.94  
 368 S	 42.74  
 369 D	 55.63  
 370 S	 40.14  
 371 S	 32.33  
 372 P	 57.65  
 373 G	 42.55  
 374 G	 21.31  
 375 H	 41.88  
 376 G	 22.55  
 377 T	 24.54  
 378 Q	 29.40  
 379 V	 6.63  
 380 N	 17.35  
 381 V	 4.92  
 382 T	 7.42  
 383 C	 2.59  
 384 I	 1.52  
 385 V	 4.83  
 386 N	 14.79  
 387 V	 2.01  
 388 C	 2.49  
 389 S	 28.70  
 390 S	 34.36  
 391 S	 24.05  
 392 D	 47.86  
 393 H	 31.15  
 394 S	 27.39  
 395 S	 31.61  
 396 Q	 33.84  
 397 C	 4.58  
 398 S	 20.18  
 399 S	 37.07  
 400 Q	 29.04  
 401 A	 13.85  
 402 S	 20.78  
 403 S	 25.98  
 404 T	 23.76  
 405 M	 5.03  
 406 G	 34.45  
 407 D	 36.20  
 408 T	 31.86  
 409 D	 52.43  
 410 S	 46.36  
 411 S	 34.94  
 412 P	 46.17  
 413 S	 53.29  
 414 E	 74.56  
 415 S	 41.40  
 416 P	 44.03  
 417 K	 81.05  
 418 D	 55.75  
 419 E	 60.65  
 420 Q	 59.31  
 421 V	 4.93  
 422 P	 27.73  
 423 F	 20.04  
 424 S	 32.84  
 425 K	 58.89  
 426 E	 58.05  
 427 E	 34.58  
 428 C	 4.56  
 429 A	 13.23  
 430 F	 13.44  
 431 R	 12.64  
 432 S	 32.44  
 433 Q	 38.78  
 434 L	 9.26  
 435 E	 55.46  
 436 T	 34.71  
 437 P	 24.17  
 438 E	 60.55  
 439 T	 28.61  
 440 L	 4.93  
 441 L	 7.13  
 442 G	 35.32  
 443 S	 32.39  
 444 T	 46.49  
 445 E	 66.76  
 446 E	 61.12  
 447 K	 45.69  
 448 P	 42.35  
 449 L	 8.95  
 450 P	 35.28  
 451 L	 16.59  
 452 G	 27.29  
 453 V	 5.23  
 454 P	 24.76  
 455 D	 54.04  
 456 A	 17.57  
 457 G	 31.84  
 458 M	 6.55  
 459 K	 40.99  
 460 P	 36.06  
 461 S	 47.54  
