 1 M	 6.92  
 2 A	 18.25  
 3 D	 38.90  
 4 V	 4.47  
 5 Y	 9.36  
 6 P	 25.16  
 7 A	 18.12  
 8 N	 38.98  
 9 D	 49.85  
 10 S	 26.19  
 11 T	 32.94  
 12 A	 14.78  
 13 S	 27.31  
 14 Q	 46.89  
 15 D	 38.71  
 16 V	 3.84  
 17 A	 15.12  
 18 N	 39.18  
 19 R	 19.50  
 20 F	 8.49  
 21 A	 14.72  
 22 R	 34.92  
 23 K	 45.14  
 24 G	 25.04  
 25 A	 11.56  
 26 L	 8.98  
 27 R	 44.91  
 28 Q	 42.39  
 29 K	 55.28  
 30 N	 31.85  
 31 V	 5.40  
 32 H	 43.45  
 33 E	 47.16  
 34 V	 5.50  
 35 K	 51.64  
 36 D	 56.22  
 37 H	 22.62  
 38 K	 48.91  
 39 F	 4.78  
 40 I	 2.99  
 41 A	 12.83  
 42 R	 32.49  
 43 F	 7.11  
 44 F	 6.31  
 45 K	 53.29  
 46 Q	 36.79  
 47 P	 28.21  
 48 T	 34.48  
 49 F	 5.25  
 50 C	 2.74  
 51 S	 19.87  
 52 H	 21.48  
 53 C	 1.93  
 54 T	 28.64  
 55 D	 38.13  
 56 F	 2.45  
 57 I	 3.81  
 58 W	 8.96  
 59 G	 19.33  
 60 F	 7.12  
 61 G	 19.89  
 62 K	 45.01  
 63 Q	 59.31  
 64 G	 20.34  
 65 F	 6.43  
 66 Q	 24.45  
 67 C	 2.82  
 68 Q	 22.09  
 69 V	 3.95  
 70 C	 0.39  
 71 C	 2.81  
 72 F	 5.63  
 73 V	 2.48  
 74 V	 1.90  
 75 H	 13.41  
 76 K	 45.14  
 77 R	 16.49  
 78 C	 4.26  
 79 H	 35.25  
 80 E	 45.50  
 81 F	 2.53  
 82 V	 4.87  
 83 T	 18.36  
 84 F	 6.26  
 85 S	 15.27  
 86 C	 2.92  
 87 P	 39.55  
 88 G	 51.22  
 89 A	 10.65  
 90 D	 63.46  
 91 K	 72.33  
 92 G	 26.34  
 93 P	 47.25  
 94 D	 72.01  
 95 T	 45.49  
 96 D	 71.89  
 97 D	 42.47  
 98 P	 45.30  
 99 R	 66.39  
 100 S	 44.49  
 101 K	 52.69  
 102 H	 41.87  
 103 K	 52.68  
 104 F	 10.06  
 105 K	 38.08  
 106 I	 3.10  
 107 H	 17.39  
 108 T	 32.81  
 109 Y	 11.05  
 110 G	 28.45  
 111 S	 15.45  
 112 P	 25.73  
 113 T	 38.30  
 114 F	 5.38  
 115 C	 3.72  
 116 D	 35.60  
 117 H	 21.01  
 118 C	 2.24  
 119 G	 20.22  
 120 S	 22.16  
 121 L	 2.31  
 122 L	 3.23  
 123 Y	 18.38  
 124 G	 20.37  
 125 L	 1.67  
 126 I	 1.66  
 127 H	 24.16  
 128 Q	 46.83  
 129 G	 11.89  
 130 M	 2.92  
 131 K	 35.46  
 132 C	 3.77  
 133 D	 44.87  
 134 T	 21.63  
 135 C	 2.74  
 136 D	 33.51  
 137 M	 6.49  
 138 N	 21.35  
 139 V	 4.85  
 140 H	 14.95  
 141 K	 40.90  
 142 Q	 16.31  
 143 C	 3.86  
 144 V	 4.19  
 145 I	 6.77  
 146 N	 34.44  
 147 D	 24.04  
 148 P	 25.39  
 149 S	 38.87  
 150 L	 3.40  
 151 C	 5.07  
 152 G	 29.82  
 153 M	 3.13  
 154 D	 30.73  
 155 H	 27.34  
 156 T	 38.65  
 157 E	 37.02  
 158 K	 62.40  
 159 R	 33.13  
 160 G	 31.26  
 161 R	 20.57  
 162 I	 5.42  
 163 Y	 10.78  
 164 L	 3.84  
 165 K	 26.06  
 166 A	 17.56  
 167 E	 44.34  
 168 V	 11.05  
 169 T	 29.91  
 170 D	 57.09  
 171 E	 48.42  
 172 K	 46.86  
 173 L	 3.55  
 174 H	 25.03  
 175 V	 8.41  
 176 T	 10.08  
 177 V	 5.19  
 178 R	 28.89  
 179 D	 58.52  
 180 A	 7.65  
 181 K	 57.48  
 182 N	 44.94  
 183 L	 4.60  
 184 I	 3.57  
 185 P	 25.04  
 186 M	 12.10  
 187 D	 28.32  
 188 P	 30.45  
 189 N	 60.83  
 190 G	 31.76  
 191 L	 7.15  
 192 S	 37.63  
 193 D	 43.52  
 194 P	 32.23  
 195 Y	 18.40  
 196 V	 7.72  
 197 K	 33.78  
 198 L	 3.78  
 199 K	 38.36  
 200 L	 11.29  
 201 I	 3.30  
 202 P	 63.39  
 203 D	 60.87  
 204 P	 35.70  
 205 K	 79.37  
 206 N	 65.25  
 207 E	 66.49  
 208 S	 50.18  
 209 K	 50.03  
 210 Q	 68.85  
 211 K	 56.58  
 212 T	 30.81  
 213 K	 49.33  
 214 T	 27.18  
 215 I	 4.91  
 216 R	 25.40  
 217 S	 41.64  
 218 N	 33.71  
 219 L	 11.88  
 220 N	 30.85  
 221 P	 43.67  
 222 Q	 55.33  
 223 W	 16.30  
 224 N	 29.77  
 225 E	 44.25  
 226 S	 26.77  
 227 F	 8.31  
 228 T	 29.19  
 229 F	 9.10  
 230 K	 53.17  
 231 L	 9.60  
 232 K	 42.96  
 233 P	 59.19  
 234 S	 56.56  
 235 D	 66.46  
 236 K	 58.43  
 237 D	 46.02  
 238 R	 47.37  
 239 R	 41.26  
 240 L	 7.57  
 241 S	 18.85  
 242 V	 7.97  
 243 E	 34.68  
 244 I	 3.66  
 245 W	 6.27  
 246 D	 42.96  
 247 W	 5.08  
 248 D	 35.26  
 249 R	 33.47  
 250 T	 27.86  
 251 T	 28.50  
 252 R	 39.86  
 253 N	 44.79  
 254 D	 31.45  
 255 F	 7.34  
 256 M	 3.88  
 257 G	 25.98  
 258 S	 14.73  
 259 L	 3.99  
 260 S	 22.96  
 261 F	 15.80  
 262 G	 20.75  
 263 V	 3.66  
 264 S	 25.95  
 265 E	 50.94  
 266 L	 2.89  
 267 M	 2.83  
 268 K	 55.12  
 269 M	 1.77  
 270 P	 20.11  
 271 A	 19.71  
 272 S	 24.80  
 273 G	 33.56  
 274 W	 6.75  
 275 Y	 11.21  
 276 K	 36.34  
 277 A	 7.38  
 278 H	 32.14  
 279 N	 56.68  
 280 Q	 40.01  
 281 E	 73.60  
 282 E	 47.78  
 283 G	 27.70  
 284 E	 48.39  
 285 Y	 15.93  
 286 Y	 12.84  
 287 N	 31.99  
 288 V	 2.35  
 289 P	 32.55  
 290 I	 4.17  
 291 P	 33.19  
 292 E	 78.85  
 293 G	 42.13  
 294 D	 49.46  
 295 E	 77.86  
 296 E	 61.68  
 297 G	 36.42  
 298 N	 24.84  
 299 M	 8.25  
 300 E	 44.81  
 301 L	 4.97  
 302 R	 25.08  
 303 Q	 68.37  
 304 K	 49.40  
 305 F	 9.84  
 306 E	 60.17  
 307 K	 54.69  
 308 A	 12.71  
 309 K	 66.11  
 310 L	 12.85  
 311 G	 17.72  
 312 P	 41.08  
 313 V	 14.49  
 314 G	 31.23  
 315 N	 35.34  
 316 K	 34.71  
 317 V	 6.42  
 318 I	 5.53  
 319 S	 25.92  
 320 P	 30.52  
 321 S	 45.39  
 322 E	 66.28  
 323 D	 68.37  
 324 R	 35.14  
 325 K	 78.03  
 326 Q	 47.77  
 327 P	 41.90  
 328 S	 35.54  
 329 N	 60.82  
 330 N	 47.89  
 331 L	 5.35  
 332 D	 56.29  
 333 R	 30.54  
 334 V	 6.26  
 335 K	 46.71  
 336 L	 5.20  
 337 T	 32.59  
 338 D	 47.10  
 339 F	 6.16  
 340 N	 31.77  
 341 F	 4.74  
 342 L	 2.14  
 343 M	 1.73  
 344 V	 7.48  
 345 L	 3.50  
 346 G	 22.37  
 347 K	 47.42  
 348 G	 26.80  
 349 S	 34.02  
 350 F	 17.48  
 351 G	 24.28  
 352 K	 23.59  
 353 V	 3.78  
 354 M	 2.66  
 355 L	 5.13  
 356 A	 9.10  
 357 D	 49.19  
 358 R	 33.42  
 359 K	 71.39  
 360 G	 38.97  
 361 T	 29.35  
 362 E	 55.46  
 363 E	 47.09  
 364 L	 2.59  
 365 Y	 15.01  
 366 A	 14.82  
 367 I	 1.48  
 368 K	 33.54  
 369 I	 5.80  
 370 L	 4.85  
 371 K	 50.86  
 372 K	 52.92  
 373 D	 38.03  
 374 V	 5.84  
 375 V	 4.70  
 376 I	 3.60  
 377 Q	 36.15  
 378 D	 42.84  
 379 D	 45.54  
 380 D	 46.54  
 381 V	 9.29  
 382 E	 31.12  
 383 C	 2.74  
 384 T	 15.67  
 385 M	 5.76  
 386 V	 4.17  
 387 E	 25.07  
 388 K	 36.07  
 389 R	 18.38  
 390 V	 5.63  
 391 L	 3.01  
 392 A	 11.83  
 393 L	 5.78  
 394 L	 7.09  
 395 D	 63.37  
 396 K	 55.34  
 397 P	 25.25  
 398 P	 42.49  
 399 F	 18.29  
 400 L	 3.53  
 401 T	 29.48  
 402 Q	 39.05  
 403 L	 2.43  
 404 H	 16.83  
 405 S	 25.81  
 406 C	 1.72  
 407 F	 8.38  
 408 Q	 44.96  
 409 T	 12.24  
 410 V	 2.54  
 411 D	 37.95  
 412 R	 27.27  
 413 L	 3.17  
 414 Y	 8.60  
 415 F	 5.09  
 416 V	 1.47  
 417 M	 1.89  
 418 E	 40.82  
 419 Y	 4.90  
 420 V	 3.23  
 421 N	 48.07  
 422 G	 22.43  
 423 G	 21.48  
 424 D	 29.66  
 425 L	 4.09  
 426 M	 2.45  
 427 Y	 11.76  
 428 H	 9.45  
 429 I	 1.36  
 430 Q	 20.70  
 431 Q	 45.38  
 432 V	 5.29  
 433 G	 25.91  
 434 K	 55.17  
 435 F	 9.97  
 436 K	 72.47  
 437 E	 45.86  
 438 P	 28.20  
 439 Q	 51.77  
 440 A	 12.23  
 441 V	 2.95  
 442 F	 3.73  
 443 Y	 9.78  
 444 A	 6.27  
 445 A	 11.86  
 446 E	 29.15  
 447 I	 2.89  
 448 S	 11.34  
 449 I	 7.35  
 450 G	 15.05  
 451 L	 2.33  
 452 F	 5.30  
 453 F	 9.32  
 454 L	 3.49  
 455 H	 16.77  
 456 K	 55.24  
 457 R	 30.69  
 458 G	 18.56  
 459 I	 2.65  
 460 I	 2.28  
 461 Y	 8.99  
 462 R	 32.17  
 463 D	 31.05  
 464 L	 5.13  
 465 K	 54.15  
 466 L	 7.98  
 467 N	 37.15  
 468 N	 30.89  
 469 V	 4.49  
 470 M	 2.97  
 471 L	 5.78  
 472 N	 21.66  
 473 S	 40.78  
 474 E	 54.43  
 475 G	 27.86  
 476 H	 17.70  
 477 I	 5.19  
 478 K	 26.60  
 479 I	 4.38  
 480 A	 10.90  
 481 D	 44.07  
 482 F	 5.05  
 483 G	 22.56  
 484 M	 2.73  
 485 C	 4.84  
 486 K	 41.59  
 487 E	 31.89  
 488 H	 11.45  
 489 M	 2.48  
 490 M	 4.35  
 491 D	 40.62  
 492 G	 10.77  
 493 V	 4.27  
 494 T	 18.98  
 495 T	 25.88  
 496 R	 19.21  
 497 T	 22.61  
 498 F	 3.05  
 499 C	 6.16  
 500 G	 35.77  
 501 T	 17.73  
 502 P	 20.07  
 503 D	 47.51  
 504 Y	 10.53  
 505 I	 7.22  
 506 A	 6.88  
 507 P	 24.62  
 508 E	 37.70  
 509 I	 1.81  
 510 I	 2.52  
 511 A	 11.54  
 512 Y	 10.30  
 513 Q	 18.73  
 514 P	 27.45  
 515 Y	 22.97  
 516 G	 23.57  
 517 K	 41.27  
 518 S	 22.42  
 519 V	 8.99  
 520 D	 42.14  
 521 W	 4.57  
 522 W	 3.83  
 523 A	 6.22  
 524 Y	 8.27  
 525 G	 8.89  
 526 V	 1.85  
 527 L	 3.51  
 528 L	 2.94  
 529 Y	 8.64  
 530 E	 27.91  
 531 M	 1.64  
 532 L	 3.02  
 533 A	 17.17  
 534 G	 36.24  
 535 Q	 36.56  
 536 P	 30.52  
 537 P	 31.88  
 538 F	 27.65  
 539 D	 66.40  
 540 G	 44.63  
 541 E	 61.13  
 542 D	 74.34  
 543 E	 49.43  
 544 D	 70.94  
 545 E	 49.81  
 546 L	 7.97  
 547 F	 5.14  
 548 Q	 44.68  
 549 S	 19.30  
 550 I	 2.33  
 551 M	 5.33  
 552 E	 30.55  
 553 H	 23.70  
 554 N	 15.89  
 555 V	 6.64  
 556 S	 40.82  
 557 Y	 15.48  
 558 P	 16.56  
 559 K	 56.66  
 560 S	 33.11  
 561 L	 12.08  
 562 S	 35.22  
 563 K	 55.79  
 564 E	 51.43  
 565 A	 12.23  
 566 V	 4.09  
 567 S	 29.35  
 568 I	 1.95  
 569 C	 1.92  
 570 K	 54.10  
 571 G	 19.10  
 572 L	 2.11  
 573 M	 6.32  
 574 T	 31.41  
 575 K	 40.08  
 576 Q	 33.73  
 577 P	 41.11  
 578 A	 13.70  
 579 K	 55.64  
 580 R	 38.12  
 581 L	 7.02  
 582 G	 20.54  
 583 C	 11.00  
 584 G	 22.84  
 585 P	 50.96  
 586 E	 59.99  
 587 G	 38.07  
 588 E	 44.01  
 589 R	 59.59  
 590 D	 39.25  
 591 V	 10.95  
 592 R	 33.98  
 593 E	 39.14  
 594 H	 19.78  
 595 A	 10.66  
 596 F	 5.44  
 597 F	 5.49  
 598 R	 28.35  
 599 R	 26.51  
 600 I	 6.69  
 601 D	 45.75  
 602 W	 11.40  
 603 E	 43.97  
 604 K	 57.77  
 605 L	 4.84  
 606 E	 66.37  
 607 N	 58.27  
 608 R	 32.78  
 609 E	 58.52  
 610 I	 7.23  
 611 Q	 34.56  
 612 P	 41.79  
 613 P	 33.25  
 614 F	 30.64  
 615 K	 50.10  
 616 P	 34.39  
 617 K	 51.23  
 618 V	 7.64  
 619 C	 6.10  
 620 G	 34.13  
 621 K	 50.23  
 622 G	 24.33  
 623 A	 16.43  
 624 E	 68.07  
 625 N	 50.29  
 626 F	 8.99  
 627 D	 59.44  
 628 K	 37.94  
 629 F	 9.00  
 630 F	 5.84  
 631 T	 36.70  
 632 R	 36.27  
 633 G	 32.84  
 634 Q	 22.95  
 635 P	 26.38  
 636 V	 7.75  
 637 L	 8.29  
 638 T	 32.77  
 639 P	 26.72  
 640 P	 36.42  
 641 D	 56.50  
 642 Q	 43.32  
 643 L	 3.82  
 644 V	 3.01  
 645 I	 3.10  
 646 A	 10.23  
 647 N	 27.52  
 648 I	 3.64  
 649 D	 41.56  
 650 Q	 40.89  
 651 S	 40.28  
 652 D	 39.73  
 653 F	 13.82  
 654 E	 65.40  
 655 G	 19.45  
 656 F	 3.61  
 657 S	 38.74  
 658 Y	 11.28  
 659 V	 9.03  
 660 N	 19.20  
 661 P	 20.95  
 662 Q	 48.03  
 663 F	 6.01  
 664 V	 4.40  
 665 H	 12.65  
 666 P	 24.55  
 667 I	 3.10  
 668 L	 3.76  
 669 Q	 30.02  
 670 S	 27.79  
 671 A	 9.70  
 672 V	 11.04  
