 1 M	 9.28  
 2 S	 38.25  
 3 K	 53.89  
 4 A	 14.50  
 5 H	 40.21  
 6 K	 54.35  
 7 P	 27.66  
 8 W	 13.83  
 9 P	 22.68  
 10 Y	 16.94  
 11 R	 24.37  
 12 R	 36.44  
 13 R	 26.30  
 14 S	 33.49  
 15 Q	 40.19  
 16 F	 8.26  
 17 S	 22.92  
 18 S	 33.80  
 19 R	 30.36  
 20 K	 57.81  
 21 Y	 23.73  
 22 L	 7.78  
 23 K	 43.53  
 24 K	 60.65  
 25 E	 41.85  
 26 M	 7.55  
 27 N	 40.54  
 28 S	 24.11  
 29 F	 6.89  
 30 Q	 40.60  
 31 Q	 56.59  
 32 Q	 41.50  
 33 P	 33.91  
 34 P	 32.30  
 35 P	 47.16  
 36 F	 18.48  
 37 G	 31.41  
 38 T	 30.16  
 39 V	 7.15  
 40 P	 17.16  
 41 P	 30.29  
 42 Q	 29.87  
 43 M	 3.54  
 44 M	 3.72  
 45 F	 8.37  
 46 P	 11.92  
 47 P	 43.35  
 48 N	 43.89  
 49 W	 12.08  
 50 Q	 48.10  
 51 G	 27.58  
 52 A	 12.93  
 53 E	 59.29  
 54 K	 52.73  
 55 D	 34.33  
 56 A	 15.92  
 57 A	 15.32  
 58 F	 7.95  
 59 L	 5.06  
 60 A	 11.70  
 61 K	 66.07  
 62 D	 37.81  
 63 F	 7.40  
 64 N	 40.95  
 65 F	 5.79  
 66 L	 5.82  
 67 T	 24.25  
 68 L	 6.53  
 69 N	 39.60  
 70 N	 59.87  
 71 Q	 51.29  
 72 P	 38.89  
 73 P	 39.40  
 74 P	 60.41  
 75 G	 48.21  
 76 N	 46.32  
 77 R	 42.45  
 78 S	 48.84  
 79 Q	 28.41  
 80 P	 27.52  
 81 R	 29.57  
 82 A	 17.61  
 83 M	 10.98  
 84 G	 25.94  
 85 P	 28.23  
 86 E	 53.69  
 87 N	 47.11  
 88 N	 38.40  
 89 L	 7.02  
 90 Y	 8.89  
 91 S	 29.47  
 92 Q	 32.02  
 93 Y	 17.87  
 94 E	 35.97  
 95 Q	 44.61  
 96 K	 28.42  
 97 V	 9.14  
 98 R	 27.66  
 99 P	 23.54  
 100 C	 2.37  
 101 I	 5.53  
 102 D	 44.26  
 103 L	 2.07  
 104 I	 2.76  
 105 D	 49.25  
 106 S	 16.86  
 107 L	 3.09  
 108 R	 31.55  
 109 A	 17.60  
 110 L	 6.80  
 111 G	 21.67  
 112 V	 6.58  
 113 E	 36.26  
 114 Q	 48.92  
 115 D	 22.02  
 116 L	 5.43  
 117 A	 21.57  
 118 L	 3.70  
 119 P	 18.93  
 120 A	 11.83  
 121 I	 2.72  
 122 A	 6.75  
 123 V	 4.03  
 124 I	 3.58  
 125 G	 21.95  
 126 D	 33.78  
 127 Q	 33.99  
 128 S	 45.88  
 129 S	 44.61  
 130 G	 38.83  
 131 K	 41.32  
 132 S	 29.24  
 133 S	 33.92  
 134 V	 7.85  
 135 L	 3.26  
 136 E	 45.46  
 137 A	 11.67  
 138 L	 3.15  
 139 S	 37.96  
 140 G	 15.01  
 141 V	 4.43  
 142 A	 18.51  
 143 L	 2.49  
 144 P	 28.93  
 145 R	 53.40  
 146 G	 28.43  
 147 S	 26.99  
 148 G	 22.62  
 149 I	 2.83  
 150 V	 2.93  
 151 T	 25.32  
 152 R	 14.79  
 153 C	 1.92  
 154 P	 23.39  
 155 L	 8.91  
 156 V	 2.40  
 157 L	 7.67  
 158 K	 51.27  
 159 L	 7.98  
 160 K	 48.01  
 161 K	 70.66  
 162 Q	 46.41  
 163 P	 27.13  
 164 C	 5.30  
 165 E	 54.66  
 166 A	 14.24  
 167 W	 4.13  
 168 A	 12.39  
 169 G	 19.43  
 170 R	 13.61  
 171 I	 4.08  
 172 S	 19.38  
 173 Y	 12.91  
 174 R	 36.48  
 175 N	 29.67  
 176 T	 32.71  
 177 E	 43.74  
 178 L	 8.18  
 179 E	 37.85  
 180 L	 12.52  
 181 Q	 45.54  
 182 D	 63.02  
 183 P	 23.35  
 184 G	 53.08  
 185 Q	 45.65  
 186 V	 16.39  
 187 E	 36.76  
 188 K	 64.21  
 189 E	 36.50  
 190 I	 6.30  
 191 H	 22.08  
 192 K	 58.28  
 193 A	 7.63  
 194 Q	 48.10  
 195 N	 30.32  
 196 V	 1.52  
 197 M	 5.32  
 198 A	 12.20  
 199 G	 21.01  
 200 N	 27.70  
 201 G	 28.42  
 202 R	 43.18  
 203 G	 27.44  
 204 I	 3.51  
 205 S	 17.46  
 206 H	 31.77  
 207 E	 40.79  
 208 L	 2.42  
 209 I	 3.93  
 210 S	 32.35  
 211 L	 4.35  
 212 E	 37.11  
 213 I	 5.84  
 214 T	 28.93  
 215 S	 25.40  
 216 P	 37.64  
 217 E	 67.46  
 218 V	 5.19  
 219 P	 29.27  
 220 D	 62.71  
 221 L	 2.79  
 222 T	 24.22  
 223 I	 2.76  
 224 I	 3.61  
 225 D	 42.85  
 226 L	 2.70  
 227 P	 28.52  
 228 G	 40.99  
 229 I	 1.78  
 230 T	 25.63  
 231 R	 16.69  
 232 V	 4.57  
 233 A	 10.31  
 234 V	 6.94  
 235 D	 38.01  
 236 N	 47.35  
 237 Q	 29.91  
 238 P	 42.01  
 239 R	 38.11  
 240 D	 46.09  
 241 I	 6.65  
 242 G	 18.80  
 243 L	 4.93  
 244 Q	 29.89  
 245 I	 3.20  
 246 K	 24.95  
 247 A	 19.02  
 248 L	 5.11  
 249 I	 4.29  
 250 K	 40.13  
 251 K	 40.36  
 252 Y	 9.40  
 253 I	 3.60  
 254 Q	 33.76  
 255 R	 22.48  
 256 Q	 28.52  
 257 Q	 46.68  
 258 T	 11.96  
 259 I	 3.05  
 260 N	 30.12  
 261 L	 2.46  
 262 V	 3.36  
 263 V	 4.48  
 264 V	 3.31  
 265 P	 7.73  
 266 C	 5.39  
 267 N	 28.55  
 268 V	 7.79  
 269 D	 15.71  
 270 I	 2.98  
 271 A	 12.19  
 272 T	 26.04  
 273 T	 15.39  
 274 E	 43.17  
 275 A	 11.66  
 276 L	 2.68  
 277 S	 22.44  
 278 M	 4.61  
 279 A	 7.72  
 280 H	 27.29  
 281 E	 38.79  
 282 V	 12.19  
 283 D	 32.33  
 284 P	 53.28  
 285 E	 70.08  
 286 G	 34.78  
 287 D	 42.77  
 288 R	 38.82  
 289 T	 28.44  
 290 I	 3.17  
 291 G	 14.29  
 292 I	 3.79  
 293 L	 4.20  
 294 T	 38.31  
 295 K	 32.84  
 296 P	 34.43  
 297 D	 57.06  
 298 L	 5.36  
 299 M	 4.27  
 300 D	 53.83  
 301 R	 39.71  
 302 G	 33.68  
 303 T	 40.93  
 304 E	 46.27  
 305 K	 48.46  
 306 S	 21.99  
 307 V	 4.85  
 308 M	 3.98  
 309 N	 27.29  
 310 V	 2.00  
 311 V	 2.59  
 312 R	 28.32  
 313 N	 25.73  
 314 L	 3.21  
 315 T	 27.00  
 316 Y	 15.10  
 317 P	 32.25  
 318 L	 6.70  
 319 K	 39.38  
 320 K	 64.06  
 321 G	 18.69  
 322 Y	 7.79  
 323 M	 3.75  
 324 I	 1.70  
 325 V	 2.46  
 326 K	 13.80  
 327 C	 4.02  
 328 R	 39.99  
 329 G	 42.89  
 330 Q	 20.55  
 331 Q	 47.05  
 332 E	 43.84  
 333 I	 3.43  
 334 T	 17.34  
 335 N	 48.86  
 336 R	 19.60  
 337 L	 5.51  
 338 S	 23.46  
 339 L	 6.21  
 340 A	 10.87  
 341 E	 63.26  
 342 A	 21.07  
 343 T	 33.87  
 344 K	 56.29  
 345 K	 50.42  
 346 E	 49.14  
 347 I	 5.82  
 348 T	 21.35  
 349 F	 5.40  
 350 F	 6.49  
 351 Q	 34.41  
 352 T	 21.47  
 353 H	 12.32  
 354 P	 33.09  
 355 Y	 9.09  
 356 F	 5.26  
 357 R	 16.60  
 358 V	 5.26  
 359 L	 4.31  
 360 L	 5.28  
 361 E	 57.03  
 362 E	 59.42  
 363 G	 17.13  
 364 S	 24.85  
 365 A	 24.39  
 366 T	 32.51  
 367 V	 2.31  
 368 P	 22.63  
 369 R	 42.04  
 370 L	 4.80  
 371 A	 10.92  
 372 E	 53.46  
 373 R	 31.56  
 374 L	 5.38  
 375 T	 25.17  
 376 T	 33.13  
 377 E	 30.94  
 378 L	 3.86  
 379 I	 1.21  
 380 M	 3.39  
 381 H	 16.60  
 382 I	 2.82  
 383 Q	 18.01  
 384 K	 54.05  
 385 S	 20.88  
 386 L	 4.45  
 387 P	 41.83  
 388 L	 9.13  
 389 L	 7.02  
 390 E	 57.65  
 391 G	 28.34  
 392 Q	 23.38  
 393 I	 8.52  
 394 R	 31.32  
 395 E	 54.95  
 396 S	 22.75  
 397 H	 28.54  
 398 Q	 46.49  
 399 K	 52.42  
 400 A	 17.42  
 401 T	 36.71  
 402 E	 60.95  
 403 E	 43.13  
 404 L	 3.22  
 405 R	 34.81  
 406 R	 35.53  
 407 C	 4.21  
 408 G	 25.19  
 409 A	 18.38  
 410 D	 38.32  
 411 I	 3.33  
 412 P	 30.43  
 413 S	 40.77  
 414 Q	 44.54  
 415 E	 64.27  
 416 A	 17.68  
 417 D	 42.05  
 418 K	 44.66  
 419 M	 2.71  
 420 F	 5.77  
 421 F	 6.34  
 422 L	 3.19  
 423 I	 4.24  
 424 E	 51.37  
 425 K	 40.40  
 426 I	 2.25  
 427 K	 48.81  
 428 M	 4.31  
 429 F	 6.71  
 430 N	 34.81  
 431 Q	 41.62  
 432 D	 52.71  
 433 I	 3.47  
 434 E	 48.94  
 435 K	 59.16  
 436 L	 2.48  
 437 V	 15.27  
 438 E	 71.91  
 439 G	 28.96  
 440 E	 33.83  
 441 E	 58.11  
 442 V	 4.24  
 443 V	 7.80  
 444 R	 46.31  
 445 E	 48.05  
 446 N	 45.43  
 447 E	 30.47  
 448 T	 37.24  
 449 R	 29.06  
 450 L	 7.84  
 451 Y	 15.89  
 452 N	 37.56  
 453 K	 29.59  
 454 I	 5.33  
 455 R	 38.76  
 456 E	 71.87  
 457 D	 50.39  
 458 F	 5.89  
 459 K	 63.32  
 460 N	 38.36  
 461 W	 7.12  
 462 V	 4.83  
 463 G	 10.78  
 464 I	 1.39  
 465 L	 3.85  
 466 A	 9.25  
 467 T	 35.04  
 468 N	 34.60  
 469 T	 25.97  
 470 Q	 51.09  
 471 K	 53.81  
 472 V	 4.05  
 473 K	 49.84  
 474 N	 41.24  
 475 I	 2.56  
 476 I	 4.71  
 477 H	 22.74  
 478 E	 54.02  
 479 E	 41.64  
 480 V	 7.57  
 481 E	 53.88  
 482 K	 64.98  
 483 Y	 18.17  
 484 E	 44.76  
 485 K	 49.92  
 486 Q	 22.63  
 487 Y	 32.19  
 488 R	 47.41  
 489 G	 23.90  
 490 K	 35.87  
 491 E	 52.64  
 492 L	 6.89  
 493 L	 5.40  
 494 G	 36.76  
 495 F	 3.04  
 496 V	 7.89  
 497 N	 30.26  
 498 Y	 13.20  
 499 K	 41.35  
 500 T	 19.01  
 501 F	 5.77  
 502 E	 36.72  
 503 I	 3.30  
 504 I	 1.46  
 505 V	 2.57  
 506 H	 12.34  
 507 Q	 26.57  
 508 Y	 5.94  
 509 I	 1.37  
 510 Q	 26.14  
 511 Q	 37.61  
 512 L	 2.43  
 513 V	 7.81  
 514 E	 33.19  
 515 P	 30.90  
 516 A	 9.96  
 517 L	 4.53  
 518 S	 21.39  
 519 M	 4.83  
 520 L	 4.20  
 521 Q	 23.87  
 522 K	 45.82  
 523 A	 6.46  
 524 M	 4.97  
 525 E	 41.63  
 526 I	 1.90  
 527 I	 1.26  
 528 Q	 33.92  
 529 Q	 28.03  
 530 A	 7.30  
 531 F	 3.47  
 532 I	 4.55  
 533 N	 22.65  
 534 V	 7.65  
 535 A	 15.64  
 536 K	 42.36  
 537 K	 34.13  
 538 H	 34.93  
 539 F	 16.03  
 540 G	 30.44  
 541 E	 46.23  
 542 F	 5.14  
 543 F	 9.89  
 544 N	 43.32  
 545 L	 4.20  
 546 N	 36.26  
 547 Q	 46.33  
 548 T	 21.31  
 549 V	 2.81  
 550 Q	 37.94  
 551 S	 27.32  
 552 T	 15.99  
 553 I	 5.61  
 554 E	 54.49  
 555 D	 42.00  
 556 I	 3.42  
 557 K	 58.51  
 558 V	 5.85  
 559 K	 30.18  
 560 H	 33.76  
 561 T	 24.92  
 562 A	 14.58  
 563 K	 58.34  
 564 A	 15.78  
 565 E	 46.77  
 566 N	 37.40  
 567 M	 1.23  
 568 I	 5.80  
 569 Q	 20.60  
 570 L	 3.44  
 571 Q	 13.92  
 572 F	 12.49  
 573 R	 18.11  
 574 M	 4.41  
 575 E	 31.13  
 576 Q	 24.81  
 577 M	 1.26  
 578 V	 4.31  
 579 F	 2.32  
 580 C	 2.72  
 581 Q	 33.89  
 582 D	 37.72  
 583 Q	 15.61  
 584 I	 3.58  
 585 Y	 6.98  
 586 S	 13.84  
 587 V	 3.08  
 588 V	 5.50  
 589 L	 4.10  
 590 K	 37.30  
 591 K	 42.22  
 592 V	 9.96  
 593 R	 44.72  
 594 E	 59.43  
 595 E	 42.17  
 596 I	 3.28  
 597 F	 9.72  
 598 N	 36.23  
 599 P	 22.78  
 600 L	 14.49  
 601 G	 36.52  
 602 T	 27.70  
 603 P	 31.92  
 604 S	 33.74  
 605 Q	 56.06  
 606 N	 33.62  
 607 M	 3.96  
 608 K	 52.66  
 609 L	 5.75  
 610 N	 28.11  
 611 S	 36.62  
 612 H	 37.25  
 613 F	 7.72  
 614 P	 30.71  
 615 S	 52.89  
 616 N	 54.10  
 617 E	 49.05  
 618 S	 40.05  
 619 S	 21.60  
 620 V	 8.49  
 621 S	 22.98  
 622 S	 33.75  
 623 F	 5.75  
 624 T	 28.74  
 625 E	 36.89  
 626 I	 5.96  
 627 G	 8.60  
 628 I	 4.03  
 629 H	 14.07  
 630 L	 3.56  
 631 N	 20.59  
 632 A	 11.65  
 633 Y	 13.97  
 634 F	 4.64  
 635 L	 4.58  
 636 E	 40.93  
 637 T	 41.52  
 638 S	 13.35  
 639 K	 59.87  
 640 R	 38.51  
 641 L	 6.36  
 642 A	 15.20  
 643 N	 44.93  
 644 Q	 38.84  
 645 I	 2.78  
 646 P	 12.48  
 647 F	 9.09  
 648 I	 1.28  
 649 I	 2.51  
 650 Q	 22.16  
 651 Y	 4.79  
 652 F	 1.81  
 653 M	 2.69  
 654 L	 4.44  
 655 R	 24.44  
 656 E	 62.70  
 657 N	 53.81  
 658 G	 22.56  
 659 D	 58.73  
 660 S	 33.81  
 661 L	 7.82  
 662 Q	 35.10  
 663 K	 43.47  
 664 A	 5.92  
 665 M	 2.33  
 666 M	 2.40  
 667 Q	 21.84  
 668 I	 2.03  
 669 L	 2.79  
 670 Q	 62.34  
 671 E	 49.18  
 672 K	 33.49  
 673 N	 47.58  
 674 R	 37.62  
 675 Y	 17.37  
 676 S	 14.17  
 677 W	 7.67  
 678 L	 2.66  
 679 L	 4.24  
 680 Q	 44.50  
 681 E	 56.92  
 682 Q	 33.34  
 683 S	 35.84  
 684 E	 42.00  
 685 T	 44.89  
 686 A	 13.68  
 687 T	 32.29  
 688 K	 36.90  
 689 R	 26.90  
 690 R	 39.90  
 691 I	 8.17  
 692 L	 4.46  
 693 K	 42.44  
 694 E	 40.65  
 695 R	 29.65  
 696 I	 2.17  
 697 Y	 13.04  
 698 R	 28.96  
 699 L	 2.03  
 700 T	 15.93  
 701 Q	 40.78  
 702 A	 10.45  
 703 R	 13.04  
 704 H	 26.52  
 705 A	 12.41  
 706 L	 1.60  
 707 C	 3.89  
 708 Q	 41.95  
 709 F	 9.69  
 710 S	 18.02  
 711 S	 35.28  
 712 K	 60.53  
 713 E	 48.52  
 714 I	 5.55  
 715 H	 32.49  
