 1 M	 9.71  
 2 T	 38.95  
 3 L	 4.41  
 4 E	 27.67  
 5 S	 19.57  
 6 M	 1.12  
 7 M	 3.43  
 8 A	 3.39  
 9 C	 0.99  
 10 C	 2.71  
 11 L	 7.91  
 12 S	 20.15  
 13 D	 52.32  
 14 E	 52.71  
 15 V	 11.35  
 16 K	 54.98  
 17 E	 67.67  
 18 S	 22.86  
 19 K	 59.39  
 20 R	 36.35  
 21 I	 7.05  
 22 N	 35.24  
 23 A	 19.44  
 24 E	 47.39  
 25 I	 8.13  
 26 E	 26.67  
 27 K	 61.36  
 28 Q	 27.67  
 29 L	 7.80  
 30 R	 42.11  
 31 R	 63.50  
 32 D	 43.86  
 33 K	 50.82  
 34 R	 47.30  
 35 D	 50.60  
 36 A	 19.23  
 37 R	 36.57  
 38 R	 56.15  
 39 E	 44.71  
 40 L	 4.49  
 41 K	 32.13  
 42 L	 6.78  
 43 L	 3.38  
 44 L	 6.33  
 45 L	 6.10  
 46 G	 31.48  
 47 T	 37.43  
 48 G	 25.85  
 49 E	 57.04  
 50 S	 53.52  
 51 G	 24.51  
 52 K	 56.45  
 53 S	 31.88  
 54 T	 32.63  
 55 F	 9.42  
 56 I	 2.83  
 57 K	 33.57  
 58 Q	 22.90  
 59 M	 2.56  
 60 R	 23.40  
 61 I	 1.98  
 62 I	 1.40  
 63 H	 20.06  
 64 G	 15.41  
 65 A	 10.29  
 66 G	 30.96  
 67 Y	 16.63  
 68 S	 33.32  
 69 E	 62.83  
 70 E	 63.99  
 71 D	 41.73  
 72 K	 58.67  
 73 R	 58.75  
 74 G	 40.07  
 75 F	 6.72  
 76 T	 26.71  
 77 K	 33.42  
 78 L	 3.84  
 79 V	 5.01  
 80 Y	 13.28  
 81 Q	 29.12  
 82 N	 17.41  
 83 I	 1.59  
 84 F	 4.71  
 85 T	 19.88  
 86 A	 4.19  
 87 M	 2.07  
 88 Q	 24.68  
 89 A	 5.83  
 90 M	 0.87  
 91 V	 3.85  
 92 R	 18.35  
 93 A	 6.69  
 94 M	 2.57  
 95 E	 50.43  
 96 T	 21.92  
 97 L	 1.75  
 98 K	 37.78  
 99 I	 5.97  
 100 L	 2.63  
 101 Y	 18.26  
 102 K	 38.58  
 103 Y	 14.80  
 104 E	 43.45  
 105 Q	 54.34  
 106 N	 33.20  
 107 K	 42.59  
 108 A	 17.68  
 109 N	 32.50  
 110 A	 14.49  
 111 L	 4.02  
 112 L	 3.01  
 113 I	 3.52  
 114 R	 37.54  
 115 E	 35.76  
 116 V	 7.79  
 117 D	 37.80  
 118 V	 10.42  
 119 E	 37.03  
 120 K	 44.74  
 121 V	 3.74  
 122 T	 36.51  
 123 T	 29.98  
 124 F	 6.03  
 125 E	 28.17  
 126 H	 21.78  
 127 Q	 36.35  
 128 Y	 9.51  
 129 V	 2.91  
 130 N	 30.89  
 131 A	 8.46  
 132 I	 2.71  
 133 K	 34.84  
 134 T	 27.61  
 135 L	 3.33  
 136 W	 13.11  
 137 S	 36.72  
 138 D	 32.18  
 139 P	 39.06  
 140 G	 38.44  
 141 V	 5.43  
 142 Q	 40.74  
 143 E	 32.41  
 144 C	 2.09  
 145 Y	 16.25  
 146 D	 49.63  
 147 R	 17.06  
 148 R	 39.31  
 149 R	 50.39  
 150 E	 35.61  
 151 F	 9.32  
 152 Q	 34.99  
 153 L	 8.14  
 154 S	 20.80  
 155 D	 62.29  
 156 S	 24.24  
 157 A	 14.62  
 158 K	 38.08  
 159 Y	 11.92  
 160 Y	 11.47  
 161 L	 2.75  
 162 T	 20.18  
 163 D	 37.41  
 164 V	 4.49  
 165 D	 38.79  
 166 R	 21.93  
 167 I	 3.05  
 168 A	 9.34  
 169 T	 16.46  
 170 V	 3.33  
 171 G	 17.57  
 172 Y	 12.74  
 173 L	 2.81  
 174 P	 21.48  
 175 T	 35.95  
 176 Q	 35.22  
 177 Q	 45.30  
 178 D	 31.44  
 179 V	 2.98  
 180 L	 5.88  
 181 R	 17.66  
 182 V	 6.73  
 183 R	 23.43  
 184 V	 4.52  
 185 P	 17.43  
 186 T	 34.49  
 187 T	 21.95  
 188 G	 22.73  
 189 I	 1.71  
 190 I	 4.37  
 191 E	 45.28  
 192 Y	 9.97  
 193 P	 11.95  
 194 F	 19.18  
 195 D	 48.87  
 196 L	 5.78  
 197 E	 48.50  
 198 N	 39.70  
 199 I	 1.99  
 200 I	 2.43  
 201 F	 3.50  
 202 R	 17.51  
 203 M	 1.78  
 204 V	 4.74  
 205 D	 24.81  
 206 V	 6.71  
 207 G	 23.27  
 208 G	 21.41  
 209 Q	 39.54  
 210 R	 43.70  
 211 S	 27.80  
 212 E	 59.71  
 213 R	 46.88  
 214 R	 34.31  
 215 K	 57.64  
 216 W	 5.46  
 217 I	 1.97  
 218 H	 14.75  
 219 C	 3.18  
 220 F	 4.78  
 221 E	 57.07  
 222 N	 23.32  
 223 V	 3.32  
 224 T	 24.90  
 225 S	 14.05  
 226 I	 1.33  
 227 M	 1.81  
 228 F	 4.78  
 229 L	 0.91  
 230 V	 3.26  
 231 A	 13.91  
 232 L	 2.89  
 233 S	 25.11  
 234 E	 54.71  
 235 Y	 14.32  
 236 D	 28.23  
 237 Q	 29.55  
 238 V	 6.21  
 239 L	 2.69  
 240 V	 7.51  
 241 E	 48.49  
 242 S	 37.95  
 243 D	 53.62  
 244 N	 58.69  
 245 E	 51.72  
 246 N	 55.65  
 247 R	 27.93  
 248 M	 11.47  
 249 E	 56.75  
 250 E	 48.47  
 251 S	 15.21  
 252 K	 53.00  
 253 A	 22.63  
 254 L	 3.25  
 255 F	 8.49  
 256 R	 26.35  
 257 T	 14.92  
 258 I	 1.61  
 259 I	 2.74  
 260 T	 21.49  
 261 Y	 6.51  
 262 P	 19.43  
 263 W	 9.31  
 264 F	 4.21  
 265 Q	 45.06  
 266 N	 27.12  
 267 S	 18.39  
 268 S	 22.26  
 269 V	 4.41  
 270 I	 2.13  
 271 L	 3.61  
 272 F	 4.93  
 273 L	 9.12  
 274 N	 41.83  
 275 K	 50.22  
 276 K	 53.16  
 277 D	 59.08  
 278 L	 8.50  
 279 L	 13.19  
 280 E	 65.64  
 281 D	 43.17  
 282 K	 37.48  
 283 I	 6.91  
 284 L	 4.11  
 285 H	 19.35  
 286 S	 18.31  
 287 H	 21.08  
 288 L	 3.34  
 289 V	 4.73  
 290 D	 45.79  
 291 Y	 17.35  
 292 F	 3.96  
 293 P	 34.81  
 294 E	 46.61  
 295 F	 15.57  
 296 D	 67.22  
 297 G	 26.09  
 298 P	 28.07  
 299 Q	 62.51  
 300 R	 44.35  
 301 D	 37.47  
 302 A	 11.78  
 303 Q	 39.58  
 304 A	 15.37  
 305 A	 10.23  
 306 R	 42.23  
 307 E	 32.11  
 308 F	 7.08  
 309 I	 2.87  
 310 L	 3.90  
 311 K	 26.02  
 312 M	 3.38  
 313 F	 3.55  
 314 V	 7.97  
 315 D	 29.48  
 316 L	 9.36  
 317 N	 33.59  
 318 P	 50.18  
 319 D	 69.28  
 320 S	 41.90  
 321 D	 54.26  
 322 K	 34.65  
 323 I	 4.25  
 324 I	 3.39  
 325 Y	 10.28  
 326 S	 11.17  
 327 H	 12.69  
 328 F	 5.02  
 329 T	 8.87  
 330 C	 3.62  
 331 A	 12.88  
 332 T	 45.67  
 333 D	 33.23  
 334 T	 26.95  
 335 E	 54.17  
 336 N	 32.59  
 337 I	 2.69  
 338 R	 33.00  
 339 F	 4.73  
 340 V	 1.98  
 341 F	 3.12  
 342 A	 13.17  
 343 A	 9.45  
 344 V	 5.31  
 345 K	 44.41  
 346 D	 32.17  
 347 T	 20.19  
 348 I	 3.11  
 349 L	 5.28  
 350 Q	 25.18  
 351 L	 7.90  
 352 N	 35.79  
 353 L	 6.40  
 354 K	 58.01  
 355 E	 42.70  
 356 Y	 16.53  
 357 N	 35.10  
 358 L	 4.78  
 359 V	 7.02  
