 1 M	 7.02  
 2 S	 18.98  
 3 V	 4.96  
 4 A	 6.96  
 5 L	 6.06  
 6 A	 14.91  
 7 D	 59.92  
 8 E	 36.08  
 9 P	 34.85  
 10 L	 4.47  
 11 I	 9.22  
 12 D	 56.56  
 13 L	 6.52  
 14 E	 45.80  
 15 E	 75.17  
 16 D	 46.08  
 17 L	 7.96  
 18 E	 76.05  
 19 D	 68.28  
 20 G	 25.12  
 21 E	 56.41  
 22 I	 9.59  
 23 D	 53.67  
 24 D	 71.52  
 25 D	 58.39  
 26 E	 74.48  
 27 E	 74.06  
 28 D	 57.89  
 29 E	 54.52  
 30 Q	 61.86  
 31 Q	 47.85  
 32 S	 33.04  
 33 S	 29.46  
 34 K	 42.26  
 35 I	 5.39  
 36 Q	 35.01  
 37 V	 11.67  
 38 Q	 25.75  
 39 K	 55.73  
 40 K	 30.06  
 41 T	 30.50  
 42 F	 8.75  
 43 V	 11.27  
 44 G	 28.56  
 45 D	 43.57  
 46 D	 52.64  
 47 D	 40.64  
 48 V	 6.47  
 49 Q	 34.01  
 50 F	 5.33  
 51 V	 4.73  
 52 G	 16.91  
 53 V	 5.63  
 54 E	 48.25  
 55 A	 17.43  
 56 K	 45.63  
 57 N	 53.59  
 58 Q	 54.76  
 59 N	 69.00  
 60 D	 51.41  
 61 D	 62.64  
 62 E	 56.41  
 63 D	 42.02  
 64 V	 2.92  
 65 V	 5.05  
 66 Y	 10.27  
 67 V	 6.50  
 68 G	 7.86  
 69 P	 24.82  
 70 S	 32.75  
 71 T	 30.98  
 72 D	 41.14  
 73 A	 8.26  
 74 V	 3.59  
 75 C	 3.29  
 76 L	 4.31  
 77 Q	 46.29  
 78 N	 30.15  
 79 S	 21.13  
 80 N	 62.34  
 81 S	 36.71  
 82 T	 43.52  
 83 K	 61.16  
 84 S	 46.10  
 85 K	 69.24  
 86 K	 54.04  
 87 P	 47.02  
 88 R	 58.26  
 89 P	 48.94  
 90 L	 13.72  
 91 E	 65.16  
 92 D	 61.76  
 93 D	 29.85  
 94 H	 39.57  
 95 A	 16.39  
 96 S	 28.55  
 97 S	 22.36  
 98 I	 4.69  
 99 E	 33.81  
 100 L	 3.88  
 101 A	 6.00  
 102 I	 4.80  
 103 A	 6.94  
 104 N	 39.43  
 105 A	 16.25  
 106 L	 9.30  
 107 K	 50.45  
 108 K	 58.02  
 109 K	 64.63  
 110 G	 38.07  
 111 I	 11.17  
 112 E	 52.61  
 113 P	 28.68  
 114 P	 32.40  
 115 M	 4.87  
 116 P	 32.46  
 117 R	 27.22  
 118 M	 3.93  
 119 R	 37.91  
 120 S	 25.05  
 121 S	 28.31  
 122 N	 45.02  
 123 Q	 58.25  
 124 D	 53.05  
 125 T	 25.16  
 126 S	 41.78  
 127 D	 44.15  
 128 Q	 50.08  
 129 S	 33.12  
 130 L	 7.79  
 131 E	 57.47  
 132 G	 46.36  
 133 S	 25.05  
 134 G	 43.79  
 135 E	 53.37  
 136 G	 24.92  
 137 L	 3.13  
 138 A	 18.61  
 139 T	 31.82  
 140 A	 15.27  
 141 N	 24.33  
 142 P	 31.80  
 143 L	 7.34  
 144 L	 3.89  
 145 Q	 50.90  
 146 S	 26.25  
 147 T	 22.93  
 148 R	 37.57  
 149 S	 28.43  
 150 S	 26.90  
 151 R	 43.60  
 152 R	 50.88  
 153 R	 41.86  
 154 K	 67.75  
 155 R	 54.16  
 156 K	 63.12  
 157 K	 67.07  
 158 E	 63.91  
 159 R	 58.09  
 160 E	 62.76  
 161 R	 58.84  
 162 E	 63.10  
 163 Q	 65.40  
 164 K	 59.18  
 165 K	 73.97  
 166 D	 67.75  
 167 K	 67.32  
 168 E	 68.48  
 169 Q	 52.14  
 170 Q	 48.69  
 171 N	 43.52  
 172 R	 27.48  
 173 S	 38.94  
 174 R	 47.00  
 175 R	 57.76  
 176 D	 58.92  
 177 E	 54.22  
 178 N	 60.31  
 179 D	 31.83  
 180 V	 7.63  
 181 S	 21.91  
 182 V	 6.39  
 183 V	 2.58  
 184 P	 31.50  
 185 G	 40.96  
 186 G	 17.36  
 187 V	 7.55  
 188 E	 51.39  
 189 D	 47.64  
 190 M	 2.39  
 191 D	 68.59  
 192 E	 36.43  
 193 Y	 12.59  
 194 E	 29.88  
 195 M	 2.01  
 196 M	 2.54  
 197 N	 21.01  
 198 V	 3.06  
 199 R	 38.46  
 200 G	 36.33  
 201 G	 26.81  
 202 S	 36.74  
 203 P	 42.24  
 204 P	 41.69  
 205 P	 58.18  
 206 G	 44.11  
 207 G	 25.08  
 208 A	 23.78  
 209 A	 14.98  
 210 P	 29.81  
 211 P	 39.90  
 212 L	 5.99  
 213 S	 29.38  
 214 S	 29.92  
 215 C	 4.90  
 216 G	 24.52  
 217 Q	 47.80  
 218 R	 17.00  
 219 F	 6.41  
 220 S	 34.95  
 221 G	 25.50  
 222 A	 17.33  
 223 D	 45.49  
 224 W	 11.42  
 225 D	 31.05  
 226 M	 4.39  
 227 D	 55.43  
 228 D	 46.43  
 229 G	 18.21  
 230 S	 23.02  
 231 A	 17.99  
 232 A	 14.31  
 233 T	 27.37  
 234 G	 14.54  
 235 A	 8.26  
 236 A	 18.32  
 237 G	 24.90  
 238 L	 3.49  
 239 G	 22.66  
 240 A	 20.64  
 241 G	 33.22  
 242 G	 30.91  
 243 G	 25.99  
 244 G	 38.39  
 245 G	 23.02  
 246 Y	 19.43  
 247 N	 36.20  
 248 S	 19.09  
 249 H	 19.68  
 250 S	 30.34  
 251 S	 27.77  
 252 Y	 16.36  
 253 D	 42.94  
 254 S	 20.50  
 255 Y	 19.76  
 256 S	 42.36  
 257 D	 49.90  
 258 E	 61.86  
 259 E	 53.19  
 260 T	 43.35  
 261 N	 58.92  
 262 G	 25.68  
 263 P	 34.51  
 264 G	 38.67  
 265 L	 3.07  
 266 M	 5.07  
 267 N	 36.93  
 268 Q	 26.71  
 269 R	 25.66  
 270 R	 34.26  
 271 R	 34.47  
 272 T	 28.39  
 273 R	 41.99  
 274 R	 50.96  
 275 D	 65.43  
 276 N	 61.50  
 277 E	 65.20  
 278 K	 67.75  
 279 E	 38.79  
 280 H	 33.43  
 281 Q	 44.93  
 282 R	 53.59  
 283 G	 21.67  
 284 V	 6.63  
 285 N	 45.47  
 286 N	 48.74  
 287 R	 28.75  
 288 K	 54.64  
 289 R	 42.36  
 290 R	 46.48  
 291 D	 61.95  
 292 R	 29.18  
 293 D	 64.90  
 294 R	 35.22  
 295 L	 9.33  
 296 E	 52.70  
 297 G	 40.79  
 298 G	 11.72  
 299 L	 7.78  
 300 A	 17.24  
 301 G	 37.27  
 302 S	 34.00  
 303 G	 35.95  
 304 S	 30.09  
 305 K	 58.16  
 306 R	 43.51  
 307 N	 47.26  
 308 R	 48.06  
 309 R	 46.10  
 310 D	 58.73  
 311 S	 36.61  
 312 G	 41.69  
 313 E	 59.63  
 314 G	 43.50  
 315 G	 27.54  
 316 G	 48.17  
 317 G	 37.57  
 318 G	 35.43  
 319 Q	 50.87  
 320 E	 48.57  
 321 K	 34.65  
 322 M	 7.86  
 323 G	 47.66  
 324 G	 20.46  
 325 S	 18.74  
 326 N	 56.12  
 327 R	 35.55  
 328 V	 16.18  
 329 E	 35.83  
 330 P	 35.53  
 331 R	 42.56  
 332 K	 57.96  
 333 L	 6.84  
 334 E	 55.97  
 335 L	 5.80  
 336 C	 1.77  
 337 K	 50.06  
 338 F	 5.74  
 339 Y	 6.14  
 340 L	 2.34  
 341 M	 2.23  
 342 D	 23.04  
 343 C	 1.19  
 344 C	 4.33  
 345 A	 19.09  
 346 K	 47.41  
 347 R	 30.05  
 348 D	 56.45  
 349 K	 29.16  
 350 C	 4.06  
 351 S	 31.09  
 352 Y	 16.83  
 353 M	 1.77  
 354 H	 20.47  
 355 K	 44.51  
 356 E	 39.89  
 357 F	 11.67  
 358 P	 18.12  
 359 C	 5.55  
 360 K	 36.20  
 361 Y	 12.22  
 362 Y	 4.26  
 363 Y	 8.16  
 364 L	 2.37  
 365 G	 8.18  
 366 M	 2.72  
 367 D	 22.07  
 368 C	 1.54  
 369 Y	 14.89  
 370 A	 22.67  
 371 G	 12.57  
 372 D	 34.97  
 373 D	 30.05  
 374 C	 3.17  
 375 L	 6.50  
 376 F	 5.49  
 377 Y	 8.93  
 378 H	 27.14  
 379 G	 27.17  
 380 E	 29.74  
 381 P	 45.86  
 382 L	 8.39  
 383 S	 33.73  
 384 E	 62.41  
 385 Q	 42.20  
 386 L	 3.64  
 387 R	 30.79  
 388 N	 37.06  
 389 V	 5.53  
 390 L	 6.35  
 391 L	 2.89  
 392 K	 36.42  
 393 H	 21.20  
 394 M	 4.71  
 395 E	 41.35  
 396 T	 40.46  
 397 A	 10.40  
 398 P	 42.08  
 399 K	 55.72  
 400 E	 42.24  
 401 I	 6.95  
 402 L	 5.89  
 403 G	 43.93  
 404 D	 42.31  
 405 F	 5.63  
 406 K	 54.27  
 407 R	 31.91  
 408 I	 4.00  
 409 S	 28.12  
 410 R	 36.66  
 411 D	 28.07  
 412 I	 2.47  
 413 A	 10.53  
 414 I	 1.95  
 415 V	 2.05  
 416 Q	 22.78  
 417 M	 1.87  
 418 T	 13.88  
 419 R	 32.39  
 420 R	 28.64  
 421 H	 24.70  
 422 E	 43.36  
 423 Q	 41.06  
 424 L	 2.94  
 425 C	 2.91  
 426 D	 65.67  
 427 Q	 39.37  
 428 L	 4.10  
 429 N	 43.52  
 430 R	 47.32  
 431 E	 58.92  
 432 N	 47.35  
 433 T	 22.67  
 434 W	 14.25  
 435 N	 23.01  
 436 S	 16.36  
 437 I	 4.84  
 438 G	 10.16  
 439 C	 3.45  
 440 G	 17.31  
 441 L	 4.81  
 442 M	 3.45  
 443 G	 27.34  
 444 K	 32.68  
 445 R	 41.24  
 446 Q	 56.90  
 447 D	 37.71  
 448 H	 19.37  
 449 Q	 39.40  
 450 M	 3.31  
 451 Q	 31.21  
 452 Q	 37.39  
 453 Q	 26.59  
 454 Q	 28.75  
 455 Q	 41.43  
 456 Q	 38.46  
 457 L	 4.22  
 458 Q	 28.18  
 459 H	 26.41  
 460 Q	 32.49  
 461 Q	 38.83  
 462 L	 3.90  
 463 Q	 34.40  
 464 Q	 56.36  
 465 Q	 35.50  
 466 Q	 46.24  
 467 E	 46.12  
 468 Q	 36.02  
 469 Q	 47.76  
 470 Q	 40.76  
 471 T	 24.81  
 472 Q	 29.11  
 473 Q	 37.96  
 474 Q	 24.13  
 475 A	 10.57  
 476 A	 11.18  
 477 A	 20.99  
 478 D	 52.09  
 479 G	 29.66  
 480 G	 28.48  
 481 G	 16.23  
 482 C	 4.71  
 483 I	 2.69  
 484 P	 24.01  
 485 S	 22.96  
 486 L	 3.84  
 487 L	 4.72  
 488 D	 34.30  
 489 M	 3.08  
 490 V	 3.69  
 491 I	 5.27  
 492 N	 22.26  
 493 P	 21.78  
 494 P	 43.99  
 495 L	 12.07  
 496 S	 44.92  
 497 E	 74.57  
 498 N	 46.16  
 499 K	 58.09  
 500 R	 54.48  
 501 K	 46.08  
 502 S	 36.76  
 503 R	 47.58  
 504 W	 18.92  
 505 T	 25.31  
 506 E	 33.80  
 507 K	 34.95  
 508 M	 5.27  
 509 G	 34.69  
 510 A	 8.53  
 511 K	 32.59  
 512 A	 11.30  
 513 A	 13.01  
 514 A	 17.02  
 515 G	 15.95  
 516 A	 12.15  
 517 A	 19.92  
 518 G	 31.04  
 519 S	 25.05  
 520 S	 35.42  
 521 E	 63.30  
 522 R	 45.16  
 523 D	 52.82  
 524 S	 36.69  
 525 T	 48.87  
 526 S	 25.41  
 527 P	 45.74  
 528 D	 67.97  
 529 A	 20.81  
 530 K	 55.24  
 531 P	 52.39  
 532 L	 11.54  
 533 P	 23.85  
 534 P	 48.64  
 535 H	 30.00  
 536 L	 7.72  
 537 D	 40.47  
 538 L	 4.24  
 539 A	 18.00  
 540 N	 49.74  
 541 L	 2.89  
 542 S	 16.03  
 543 H	 27.92  
 544 V	 3.98  
 545 L	 3.17  
 546 S	 32.23  
 547 A	 14.18  
 548 E	 44.13  
 549 N	 35.11  
 550 M	 2.34  
 551 A	 25.43  
 552 K	 41.65  
 553 L	 5.05  
 554 N	 36.48  
 555 K	 59.53  
 556 L	 6.12  
 557 G	 26.70  
 558 I	 3.15  
 559 T	 31.77  
 560 N	 39.39  
 561 L	 3.46  
 562 E	 35.69  
 563 Q	 40.84  
 564 M	 1.74  
 565 L	 4.67  
 566 Q	 35.18  
 567 V	 3.60  
 568 P	 18.06  
 569 F	 11.63  
 570 G	 18.60  
 571 Q	 45.66  
 572 L	 4.84  
 573 T	 18.85  
 574 E	 49.70  
 575 A	 17.04  
 576 G	 16.98  
 577 L	 4.28  
 578 T	 28.04  
 579 L	 3.80  
 580 V	 4.19  
 581 E	 48.68  
 582 I	 4.71  
 583 G	 16.67  
 584 E	 41.43  
 585 I	 3.96  
 586 Q	 36.20  
 587 R	 45.90  
 588 K	 39.49  
 589 A	 23.30  
 590 E	 62.63  
 591 D	 65.83  
 592 A	 19.55  
 593 K	 50.40  
 594 P	 44.14  
 595 Q	 45.60  
 596 T	 37.97  
 597 Q	 27.82  
 598 A	 27.08  
 599 E	 43.16  
 600 L	 9.67  
 601 E	 33.86  
 602 S	 52.73  
 603 S	 35.24  
 604 T	 48.80  
 605 P	 32.87  
 606 P	 53.20  
 607 S	 45.61  
 608 K	 61.09  
 609 R	 61.48  
 610 E	 55.53  
 611 T	 44.42  
 612 E	 44.65  
 613 A	 28.11  
 614 N	 46.35  
 615 N	 50.01  
 616 S	 42.14  
 617 N	 56.43  
 618 S	 36.96  
 619 K	 52.79  
 620 S	 35.63  
 621 N	 53.69  
 622 G	 24.54  
 623 L	 2.39  
 624 I	 2.40  
 625 M	 1.95  
 626 V	 3.95  
 627 D	 24.31  
 628 Y	 5.59  
 629 T	 13.28  
 630 Q	 35.02  
 631 Y	 14.12  
 632 L	 2.66  
 633 K	 48.19  
 634 D	 39.03  
 635 A	 11.91  
 636 H	 26.36  
 637 V	 7.10  
 638 S	 12.11  
 639 F	 12.02  
 640 S	 29.22  
 641 G	 40.32  
 642 N	 46.67  
 643 D	 48.98  
 644 P	 41.51  
 645 L	 14.56  
 646 D	 62.24  
 647 D	 61.60  
 648 D	 56.42  
 649 R	 57.14  
 650 D	 74.77  
 651 D	 63.34  
 652 D	 50.24  
 653 E	 55.04  
 654 Q	 44.98  
 655 L	 3.31  
 656 I	 3.03  
 657 I	 5.55  
 658 D	 51.26  
 659 D	 47.59  
 660 G	 35.78  
 661 N	 47.24  
 662 D	 53.55  
 663 S	 33.25  
 664 T	 40.74  
 665 A	 23.33  
 666 E	 63.29  
 667 E	 59.67  
 668 D	 43.87  
 669 Q	 65.83  
 670 Q	 65.19  
 671 P	 34.19  
 672 K	 62.11  
 673 K	 62.90  
 674 A	 21.26  
 675 K	 71.01  
 676 A	 21.84  
 677 P	 20.53  
 678 P	 39.11  
 679 A	 24.75  
 680 A	 18.44  
 681 T	 28.43  
 682 H	 28.37  
 683 E	 41.87  
 684 S	 34.65  
 685 S	 36.53  
 686 T	 47.31  
 687 E	 54.85  
 688 E	 56.53  
 689 A	 12.51  
 690 P	 48.35  
 691 L	 6.78  
 692 P	 27.64  
 693 S	 43.00  
 694 V	 4.01  
 695 F	 10.55  
 696 D	 56.36  
 697 L	 2.32  
 698 P	 27.62  
 699 S	 44.41  
 700 F	 6.00  
 701 M	 4.09  
 702 N	 28.84  
 703 N	 18.44  
 704 M	 3.65  
 705 L	 5.14  
 706 G	 21.02  
 707 Q	 44.63  
 708 G	 23.05  
 709 S	 16.97  
 710 S	 34.00  
 711 A	 12.63  
 712 R	 29.63  
 713 Q	 47.25  
 714 L	 5.29  
 715 L	 2.23  
 716 P	 32.53  
 717 A	 16.27  
 718 S	 30.09  
 719 A	 17.76  
 720 T	 42.07  
 721 S	 22.90  
 722 P	 42.01  
 723 N	 62.66  
 724 Q	 49.02  
 725 E	 64.12  
 726 N	 23.93  
 727 A	 12.58  
 728 H	 44.10  
 729 L	 3.81  
 730 P	 34.55  
 731 G	 59.68  
 732 G	 28.04  
 733 D	 45.21  
 734 Q	 54.20  
 735 S	 36.90  
 736 T	 27.91  
 737 H	 27.59  
 738 K	 48.69  
 739 S	 31.50  
 740 A	 12.44  
 741 P	 32.61  
 742 I	 8.83  
 743 G	 27.67  
 744 G	 36.60  
 745 G	 15.98  
 746 T	 35.34  
 747 S	 22.66  
 748 T	 29.23  
 749 N	 27.12  
 750 V	 6.41  
 751 L	 4.07  
 752 G	 15.42  
 753 R	 20.48  
 754 I	 3.38  
 755 L	 3.65  
 756 F	 12.68  
 757 G	 37.45  
 758 D	 38.19  
 759 K	 52.67  
 760 Q	 58.78  
 761 S	 61.96  
 762 D	 42.43  
 763 P	 42.25  
 764 E	 56.64  
 765 A	 16.29  
 766 R	 25.45  
 767 A	 14.68  
 768 A	 9.10  
 769 F	 5.12  
 770 Y	 11.58  
 771 R	 23.38  
 772 D	 29.32  
 773 I	 2.05  
 774 I	 4.00  
 775 R	 45.14  
 776 N	 35.63  
 777 P	 23.44  
 778 F	 14.43  
 779 K	 46.58  
 780 A	 11.49  
 781 H	 32.67  
 782 S	 43.36  
 783 G	 32.81  
 784 D	 53.81  
 785 G	 40.13  
 786 D	 45.87  
 787 V	 10.59  
 788 D	 51.60  
 789 S	 34.61  
 790 S	 43.64  
 791 N	 57.32  
 792 E	 65.07  
 793 N	 51.22  
 794 S	 35.14  
 795 N	 57.71  
 796 S	 39.26  
 797 N	 48.25  
 798 S	 17.80  
 799 H	 30.95  
 800 S	 33.49  
 801 L	 5.79  
 802 T	 28.29  
 803 P	 41.49  
 804 T	 34.26  
 805 P	 47.35  
 806 T	 42.64  
 807 P	 47.16  
 808 E	 65.85  
 809 P	 49.27  
 810 G	 36.33  
 811 S	 37.89  
 812 Q	 70.44  
 813 S	 36.27  
 814 P	 48.89  
 815 K	 67.30  
 816 P	 56.48  
 817 E	 74.28  
 818 D	 60.22  
 819 H	 32.73  
 820 D	 59.50  
 821 Q	 45.54  
 822 D	 61.74  
 823 M	 2.00  
 824 P	 48.54  
 825 E	 60.10  
 826 L	 3.19  
 827 P	 17.51  
 828 V	 10.22  
 829 I	 3.43  
 830 A	 5.42  
 831 P	 24.17  
 832 A	 24.55  
 833 L	 5.20  
 834 P	 26.71  
 835 P	 50.16  
 836 T	 49.77  
 837 T	 19.36  
 838 P	 25.47  
 839 S	 30.18  
 840 L	 4.89  
 841 Y	 9.03  
 842 V	 5.07  
 843 R	 16.05  
 844 R	 18.74  
 845 S	 15.89  
 846 M	 3.36  
 847 Y	 18.07  
 848 D	 32.60  
 849 F	 6.70  
 850 D	 44.15  
 851 P	 38.79  
 852 V	 13.19  
 853 K	 60.10  
 854 E	 62.53  
 855 Q	 42.12  
 856 E	 49.77  
 857 H	 36.11  
 858 G	 32.01  
 859 R	 28.80  
 860 Q	 50.73  
 861 E	 44.37  
 862 L	 5.62  
 863 L	 5.80  
 864 T	 55.51  
 865 E	 68.02  
 866 E	 57.57  
 867 K	 43.83  
 868 E	 58.77  
 869 Q	 51.21  
 870 Y	 13.45  
 871 Q	 36.15  
 872 R	 43.81  
 873 D	 31.37  
 874 T	 33.61  
 875 D	 25.21  
 876 M	 5.28  
 877 R	 41.86  
 878 L	 4.59  
 879 P	 22.61  
 880 F	 22.76  
 881 E	 42.41  
 882 P	 37.19  
 883 M	 3.08  
 884 K	 42.15  
 885 H	 20.19  
 886 Y	 10.16  
 887 M	 1.50  
 888 P	 28.94  
 889 A	 11.01  
 890 T	 27.83  
 891 E	 40.76  
 892 I	 3.66  
 893 D	 24.58  
 894 A	 14.23  
 895 A	 10.30  
 896 I	 3.79  
 897 F	 3.62  
 898 S	 21.97  
 899 H	 25.55  
 900 T	 21.15  
 901 P	 14.55  
 902 I	 8.00  
 903 R	 19.11  
 904 W	 13.05  
 905 Q	 24.08  
 906 L	 2.70  
 907 H	 16.63  
 908 E	 50.37  
 909 V	 4.56  
 910 T	 21.49  
 911 I	 7.17  
 912 E	 42.32  
 913 E	 40.93  
 914 S	 18.83  
 915 S	 27.97  
 916 Y	 16.29  
 917 A	 10.56  
 918 Q	 19.91  
 919 I	 2.78  
 920 R	 15.48  
 921 A	 10.77  
 922 S	 22.86  
 923 A	 16.83  
 924 L	 5.70  
 925 H	 31.18  
 926 K	 57.29  
 927 E	 44.09  
 928 Q	 49.29  
 929 R	 46.11  
 930 E	 48.10  
 931 L	 9.07  
 932 R	 47.32  
 933 D	 48.02  
 934 P	 26.07  
 935 R	 35.21  
 936 M	 4.03  
 937 R	 24.62  
 938 R	 21.09  
 939 I	 2.23  
 940 L	 5.67  
 941 G	 36.49  
 942 L	 2.88  
 943 P	 41.43  
 944 E	 77.38  
 945 T	 33.72  
 946 P	 36.80  
 947 D	 70.15  
 948 N	 50.50  
 949 S	 49.52  
 950 G	 27.92  
 951 P	 33.11  
 952 L	 10.22  
 953 G	 29.72  
 954 S	 32.19  
 955 V	 3.36  
 956 P	 16.73  
 957 I	 4.70  
 958 M	 5.45  
 959 G	 21.47  
 960 P	 14.93  
 961 S	 37.98  
 962 S	 25.36  
 963 F	 10.94  
 964 S	 30.43  
 965 V	 6.51  
 966 D	 39.35  
 967 N	 27.88  
 968 I	 1.90  
 969 A	 13.52  
 970 R	 13.55  
 971 C	 2.66  
 972 A	 11.39  
 973 T	 23.51  
 974 T	 8.95  
 975 I	 2.87  
 976 A	 16.96  
 977 S	 18.33  
 978 P	 40.98  
 979 D	 55.42  
 980 L	 7.76  
 981 E	 41.94  
 982 T	 37.44  
 983 A	 5.74  
 984 V	 10.23  
 985 R	 29.69  
 986 D	 50.71  
 987 S	 31.49  
 988 T	 31.32  
 989 P	 36.44  
 990 S	 56.41  
 991 S	 42.50  
 992 P	 49.51  
 993 P	 35.43  
 994 P	 43.04  
 995 S	 44.46  
 996 V	 4.00  
 997 V	 7.75  
 998 N	 44.04  
 999 L	 1.93  
 1000 P	 23.84  
 1001 S	 27.19  
 1002 M	 4.40  
 1003 S	 35.49  
 1004 V	 6.54  
 1005 P	 27.98  
 1006 P	 31.29  
 1007 P	 34.39  
 1008 S	 25.62  
 1009 M	 6.54  
 1010 R	 41.97  
 1011 V	 6.63  
 1012 P	 28.41  
 1013 P	 31.54  
 1014 P	 44.48  
 1015 N	 43.00  
 1016 I	 6.31  
 1017 Q	 43.91  
 1018 V	 10.13  
 1019 E	 36.62  
 1020 K	 47.32  
 1021 P	 23.71  
 1022 T	 33.42  
 1023 V	 9.34  
 1024 R	 35.57  
 1025 T	 46.12  
 1026 D	 24.93  
 1027 P	 32.37  
 1028 R	 59.45  
 1029 R	 64.77  
 1030 D	 42.19  
 1031 P	 26.33  
 1032 R	 43.40  
 1033 R	 34.14  
 1034 A	 13.98  
 1035 V	 3.74  
 1036 L	 3.33  
 1037 Q	 38.40  
 1038 A	 15.01  
 1039 P	 22.98  
 1040 T	 45.16  
 1041 K	 51.96  
 1042 G	 27.51  
 1043 A	 12.79  
 1044 S	 36.40  
 1045 T	 24.32  
 1046 A	 14.63  
 1047 N	 37.74  
 1048 T	 23.13  
 1049 T	 39.67  
 1050 A	 8.04  
 1051 P	 34.52  
 1052 N	 44.25  
 1053 A	 14.43  
 1054 S	 50.78  
 1055 G	 41.82  
 1056 G	 29.22  
 1057 S	 25.55  
 1058 K	 55.73  
 1059 Q	 46.25  
 1060 I	 4.60  
 1061 S	 25.20  
 1062 E	 44.01  
 1063 I	 2.64  
 1064 R	 19.73  
 1065 S	 38.81  
 1066 L	 2.52  
 1067 L	 5.08  
 1068 Q	 41.72  
 1069 V	 4.88  
 1070 S	 14.53  
 1071 N	 46.52  
 1072 W	 6.96  
 1073 Y	 9.83  
 1074 N	 28.94  
 1075 N	 24.93  
 1076 L	 8.78  
 1077 G	 28.64  
 1078 T	 38.49  
 1079 N	 46.10  
 1080 N	 34.76  
 1081 K	 33.96  
 1082 I	 3.96  
 1083 M	 2.18  
 1084 V	 7.14  
 1085 N	 13.39  
 1086 Q	 28.40  
 1087 Q	 24.41  
 1088 L	 2.61  
 1089 A	 9.42  
 1090 L	 4.41  
 1091 V	 4.67  
 1092 F	 4.58  
 1093 T	 32.69  
 1094 E	 47.31  
 1095 L	 7.12  
 1096 K	 47.35  
 1097 K	 61.78  
 1098 F	 4.19  
 1099 H	 36.83  
 1100 Q	 62.84  
 1101 L	 3.00  
 1102 P	 30.04  
 1103 N	 67.67  
 1104 D	 63.41  
 1105 A	 17.58  
 1106 P	 32.89  
 1107 K	 58.69  
 1108 I	 3.29  
 1109 F	 10.68  
 1110 D	 38.33  
 1111 V	 3.33  
 1112 S	 15.88  
 1113 F	 7.90  
 1114 I	 2.23  
 1115 V	 4.21  
 1116 N	 35.00  
 1117 N	 24.44  
 1118 T	 24.55  
 1119 T	 25.37  
 1120 L	 3.12  
 1121 Q	 32.03  
 1122 Q	 35.56  
 1123 I	 2.03  
 1124 F	 4.22  
 1125 A	 14.85  
 1126 K	 32.93  
 1127 L	 3.41  
 1128 F	 3.92  
 1129 I	 4.82  
 1130 F	 3.74  
 1131 V	 8.48  
 1132 D	 32.67  
 1133 D	 60.78  
 1134 N	 44.02  
 1135 G	 35.75  
 1136 E	 45.85  
 1137 V	 3.99  
 1138 V	 3.57  
 1139 Q	 51.17  
 1140 I	 2.91  
 1141 P	 23.86  
 1142 E	 83.89  
 1143 E	 38.42  
 1144 P	 52.98  
 1145 N	 60.90  
 1146 G	 44.67  
 1147 N	 43.50  
 1148 G	 17.39  
 1149 A	 11.96  
 1150 A	 14.24  
 1151 L	 6.94  
 1152 G	 28.15  
 1153 G	 37.45  
 1154 G	 34.63  
 1155 G	 29.23  
 1156 D	 47.59  
 1157 S	 42.48  
 1158 G	 41.43  
 1159 G	 31.40  
 1160 G	 20.58  
 1161 V	 7.92  
 1162 G	 32.10  
 1163 G	 29.21  
 1164 G	 26.16  
 1165 G	 34.54  
 1166 G	 34.54  
 1167 G	 32.72  
 1168 G	 29.06  
 1169 G	 15.05  
 1170 V	 4.52  
 1171 V	 9.22  
 1172 L	 1.85  
 1173 P	 28.27  
 1174 N	 48.43  
 1175 L	 4.80  
 1176 S	 47.48  
 1177 Q	 58.65  
 1178 P	 42.83  
 1179 P	 23.83  
 1180 P	 62.16  
 1181 N	 59.09  
 1182 L	 4.67  
 1183 S	 21.86  
 1184 Q	 37.79  
 1185 M	 1.80  
 1186 L	 3.84  
 1187 R	 39.54  
 1188 L	 7.04  
 1189 P	 35.55  
 1190 P	 38.88  
 1191 P	 47.11  
 1192 N	 40.03  
 1193 I	 3.18  
 1194 R	 25.40  
 1195 M	 2.17  
 1196 L	 2.74  
 1197 R	 14.10  
 1198 M	 3.41  
 1199 S	 19.66  
 1200 G	 9.92  
 1201 M	 1.26  
 1202 M	 1.60  
 1203 M	 1.52  
 1204 Q	 20.80  
 1205 M	 1.99  
 1206 G	 14.58  
 1207 N	 30.17  
 1208 V	 11.45  
 1209 G	 28.32  
 1210 P	 26.48  
 1211 P	 34.59  
 1212 F	 17.44  
 1213 N	 60.26  
 1214 Q	 52.86  
 1215 P	 41.80  
 1216 P	 22.81  
 1217 P	 54.99  
 1218 R	 58.55  
 1219 G	 39.08  
 1220 G	 17.48  
 1221 L	 2.74  
 1222 M	 4.97  
 1223 G	 30.41  
 1224 M	 2.88  
 1225 P	 17.30  
 1226 P	 53.09  
 1227 N	 51.17  
 1228 G	 35.04  
 1229 N	 59.42  
 1230 G	 27.66  
 1231 L	 5.12  
 1232 N	 37.65  
 1233 Q	 53.65  
 1234 G	 28.38  
 1235 V	 3.11  
 1236 G	 30.39  
 1237 N	 32.86  
 1238 L	 4.78  
 1239 G	 33.02  
 1240 G	 29.78  
 1241 L	 3.61  
 1242 G	 24.76  
 1243 Q	 41.37  
 1244 L	 7.64  
 1245 G	 14.65  
 1246 I	 4.77  
 1247 N	 32.42  
 1248 Q	 50.41  
 1249 G	 38.24  
 1250 G	 27.71  
 1251 G	 27.19  
 1252 P	 41.49  
 1253 V	 6.95  
 1254 P	 46.26  
 1255 N	 64.21  
 1256 G	 36.80  
 1257 N	 44.63  
 1258 P	 31.61  
 1259 F	 24.49  
 1260 N	 32.04  
 1261 P	 29.64  
 1262 F	 23.93  
 1263 G	 38.89  
 1264 G	 25.47  
 1265 N	 44.33  
 1266 N	 54.48  
 1267 G	 39.65  
 1268 G	 25.54  
 1269 G	 22.13  
 1270 A	 15.64  
 1271 G	 23.60  
 1272 V	 3.53  
 1273 M	 2.68  
 1274 N	 42.04  
 1275 N	 16.96  
 1276 M	 3.14  
 1277 N	 30.85  
 1278 S	 19.80  
 1279 M	 3.69  
 1280 G	 22.31  
 1281 N	 18.39  
 1282 M	 3.03  
 1283 G	 19.63  
 1284 M	 3.73  
 1285 G	 19.19  
 1286 F	 5.12  
 1287 N	 46.59  
 1288 N	 38.47  
 1289 F	 12.42  
 1290 N	 43.08  
 1291 N	 44.37  
 1292 N	 56.23  
 1293 G	 29.33  
 1294 G	 27.47  
 1295 R	 49.68  
 1296 G	 36.88  
 1297 G	 20.22  
 1298 H	 28.66  
 1299 F	 7.32  
 1300 P	 34.54  
 1301 G	 52.75  
 1302 G	 27.60  
 1303 G	 29.09  
 1304 S	 46.96  
 1305 G	 36.54  
 1306 G	 40.34  
 1307 N	 44.26  
 1308 G	 46.85  
 1309 N	 54.76  
 1310 G	 33.90  
 1311 N	 48.57  
 1312 N	 45.75  
 1313 R	 44.66  
 1314 N	 37.72  
 1315 Q	 42.00  
 1316 R	 59.54  
 1317 G	 31.33  
 1318 G	 29.03  
 1319 N	 33.50  
 1320 H	 31.50  
 1321 R	 48.04  
 1322 N	 33.52  
 1323 R	 42.02  
 1324 N	 48.12  
 1325 I	 5.58  
