 1 M	 8.03  
 2 S	 41.81  
 3 E	 53.15  
 4 T	 25.20  
 5 V	 2.39  
 6 P	 29.54  
 7 A	 15.09  
 8 A	 10.28  
 9 S	 25.51  
 10 A	 9.93  
 11 S	 24.06  
 12 A	 19.05  
 13 G	 13.70  
 14 V	 2.84  
 15 A	 10.52  
 16 A	 12.31  
 17 M	 3.17  
 18 E	 46.87  
 19 K	 46.83  
 20 L	 4.08  
 21 P	 53.92  
 22 T	 60.68  
 23 K	 38.23  
 24 K	 63.66  
 25 R	 52.27  
 26 G	 51.33  
 27 R	 45.90  
 28 K	 41.88  
 29 P	 30.14  
 30 A	 28.58  
 31 G	 31.88  
 32 L	 2.80  
 33 I	 2.94  
 34 S	 25.82  
 35 A	 13.32  
 36 S	 26.33  
 37 R	 43.65  
 38 K	 60.59  
 39 V	 3.55  
 40 P	 38.79  
 41 N	 48.19  
 42 L	 4.35  
 43 S	 30.87  
 44 V	 7.06  
 45 S	 20.54  
 46 K	 41.58  
 47 L	 4.57  
 48 I	 3.63  
 49 T	 26.16  
 50 E	 40.39  
 51 A	 9.11  
 52 L	 4.18  
 53 S	 27.11  
 54 V	 7.72  
 55 S	 23.97  
 56 Q	 40.12  
 57 E	 41.65  
 58 R	 23.74  
 59 V	 8.10  
 60 G	 13.24  
 61 M	 2.27  
 62 S	 17.48  
 63 L	 1.62  
 64 V	 4.62  
 65 A	 20.96  
 66 L	 4.57  
 67 K	 26.68  
 68 K	 49.86  
 69 A	 10.80  
 70 L	 4.59  
 71 A	 10.50  
 72 A	 11.41  
 73 A	 16.09  
 74 G	 17.91  
 75 Y	 16.46  
 76 D	 40.98  
 77 V	 9.45  
 78 E	 47.36  
 79 K	 62.37  
 80 N	 37.90  
 81 N	 43.67  
 82 S	 44.79  
 83 R	 31.98  
 84 I	 5.44  
 85 K	 30.80  
 86 L	 7.25  
 87 S	 28.84  
 88 L	 6.73  
 89 K	 38.07  
 90 S	 42.73  
 91 L	 4.74  
 92 V	 10.05  
 93 N	 41.97  
 94 K	 39.59  
 95 G	 17.17  
 96 I	 3.48  
 97 L	 2.96  
 98 V	 5.30  
 99 Q	 23.26  
 100 T	 24.48  
 101 R	 24.47  
 102 G	 31.71  
 103 T	 26.70  
 104 G	 22.14  
 105 A	 15.57  
 106 S	 35.99  
 107 G	 36.25  
 108 S	 19.40  
 109 F	 12.01  
 110 K	 54.25  
 111 L	 9.51  
 112 S	 30.90  
 113 K	 62.59  
 114 K	 41.86  
 115 V	 11.86  
 116 I	 4.96  
 117 P	 27.77  
 118 K	 54.02  
 119 S	 24.57  
 120 T	 45.12  
 121 R	 43.16  
 122 S	 36.73  
 123 K	 62.02  
 124 A	 26.25  
 125 K	 49.68  
 126 K	 62.03  
 127 S	 22.16  
 128 V	 9.90  
 129 S	 31.01  
 130 A	 22.75  
 131 K	 54.06  
 132 T	 32.88  
 133 K	 43.32  
 134 K	 49.40  
 135 L	 5.09  
 136 V	 6.65  
 137 L	 5.14  
 138 S	 26.94  
 139 R	 48.32  
 140 D	 57.97  
 141 S	 33.64  
 142 K	 75.07  
 143 S	 35.26  
 144 P	 41.58  
 145 K	 69.11  
 146 T	 36.45  
 147 A	 23.85  
 148 K	 58.84  
 149 T	 43.43  
 150 N	 30.98  
 151 K	 59.99  
 152 R	 54.42  
 153 A	 26.32  
 154 K	 68.30  
 155 K	 38.46  
 156 P	 30.36  
 157 R	 54.14  
 158 A	 25.09  
 159 T	 44.93  
 160 T	 23.08  
 161 P	 26.43  
 162 K	 58.52  
 163 T	 23.50  
 164 V	 5.98  
 165 R	 38.33  
 166 S	 38.32  
 167 G	 25.25  
 168 R	 36.68  
 169 K	 58.96  
 170 A	 17.72  
 171 K	 63.54  
 172 G	 37.06  
 173 A	 19.40  
 174 K	 75.26  
 175 G	 32.25  
 176 K	 44.20  
 177 Q	 60.65  
 178 Q	 57.04  
 179 Q	 45.78  
 180 K	 53.00  
 181 S	 30.50  
 182 P	 38.37  
 183 V	 11.06  
 184 K	 35.22  
 185 A	 16.71  
 186 R	 33.41  
 187 A	 26.60  
 188 S	 31.73  
 189 K	 51.10  
 190 S	 30.33  
 191 K	 60.33  
 192 L	 7.81  
 193 T	 29.59  
 194 Q	 46.50  
 195 H	 17.53  
 196 H	 30.77  
 197 E	 33.39  
 198 V	 7.53  
 199 N	 25.54  
 200 V	 8.85  
 201 R	 20.07  
 202 K	 52.30  
 203 A	 13.42  
 204 T	 44.08  
 205 S	 43.22  
 206 K	 59.14  
 207 K	 66.40  
