 1 M	 15.35  
 2 E	 63.98  
 3 D	 53.33  
 4 E	 29.61  
 5 V	 6.07  
 6 V	 3.81  
 7 R	 30.86  
 8 F	 8.69  
 9 A	 10.45  
 10 K	 46.01  
 11 K	 49.23  
 12 M	 6.20  
 13 D	 44.79  
 14 K	 37.16  
 15 M	 3.17  
 16 V	 10.45  
 17 Q	 47.72  
 18 K	 36.26  
 19 K	 34.43  
 20 N	 41.90  
 21 A	 19.02  
 22 A	 17.12  
 23 G	 25.02  
 24 A	 7.99  
 25 L	 4.69  
 26 D	 49.80  
 27 L	 8.39  
 28 L	 3.96  
 29 K	 69.19  
 30 E	 66.02  
 31 L	 5.00  
 32 K	 54.65  
 33 N	 57.11  
 34 I	 2.06  
 35 P	 21.06  
 36 M	 6.22  
 37 T	 16.24  
 38 L	 3.38  
 39 E	 37.96  
 40 L	 6.24  
 41 L	 2.49  
 42 Q	 56.21  
 43 S	 21.44  
 44 T	 17.22  
 45 R	 28.80  
 46 I	 5.71  
 47 G	 10.06  
 48 M	 3.63  
 49 S	 13.65  
 50 V	 4.10  
 51 N	 23.49  
 52 A	 10.78  
 53 I	 4.82  
 54 R	 28.66  
 55 K	 42.35  
 56 Q	 41.54  
 57 S	 40.64  
 58 T	 44.96  
 59 D	 56.13  
 60 E	 55.23  
 61 E	 54.64  
 62 V	 4.08  
 63 T	 22.69  
 64 S	 31.35  
 65 L	 5.20  
 66 A	 10.12  
 67 K	 51.60  
 68 S	 29.71  
 69 L	 5.87  
 70 I	 4.25  
 71 K	 56.40  
 72 S	 36.81  
 73 W	 9.22  
 74 K	 40.40  
 75 K	 48.28  
 76 L	 4.71  
 77 L	 11.12  
 78 D	 76.90  
 79 G	 20.30  
 80 P	 37.43  
 81 S	 55.52  
 82 T	 50.62  
 83 E	 49.24  
 84 K	 64.77  
 85 D	 53.79  
 86 L	 15.78  
 87 D	 75.66  
 88 E	 74.25  
 89 K	 69.66  
 90 K	 61.39  
 91 K	 78.85  
 92 E	 49.17  
 93 P	 37.53  
 94 A	 20.84  
 95 I	 5.80  
 96 T	 26.77  
 97 S	 22.66  
 98 Q	 45.85  
 99 N	 60.34  
 100 S	 19.24  
 101 P	 46.98  
 102 E	 61.24  
 103 A	 27.80  
 104 R	 46.70  
 105 E	 64.45  
 106 E	 54.48  
 107 S	 28.92  
 108 T	 30.14  
 109 S	 45.59  
 110 S	 34.18  
 111 G	 38.02  
 112 N	 35.67  
 113 V	 6.47  
 114 S	 34.61  
 115 N	 51.22  
 116 R	 40.05  
 117 K	 65.25  
 118 D	 65.79  
 119 E	 47.17  
 120 T	 44.29  
 121 N	 30.82  
 122 A	 20.39  
 123 R	 38.58  
 124 D	 39.72  
 125 T	 21.92  
 126 Y	 11.56  
 127 V	 4.14  
 128 S	 18.82  
 129 S	 29.26  
 130 F	 3.55  
 131 P	 33.21  
 132 R	 58.06  
 133 A	 11.57  
 134 P	 39.14  
 135 S	 39.29  
 136 T	 35.18  
 137 S	 32.02  
 138 D	 51.76  
 139 S	 14.65  
 140 V	 11.31  
 141 R	 32.17  
 142 L	 6.02  
 143 K	 22.23  
 144 C	 5.43  
 145 R	 30.67  
 146 E	 48.28  
 147 M	 1.27  
 148 L	 2.22  
 149 A	 6.86  
 150 A	 11.76  
 151 A	 7.62  
 152 L	 4.28  
 153 R	 31.75  
 154 T	 45.90  
 155 G	 21.25  
 156 D	 44.95  
 157 D	 37.78  
 158 Y	 9.29  
 159 I	 2.64  
 160 A	 6.47  
 161 I	 3.20  
 162 G	 20.25  
 163 A	 18.22  
 164 D	 59.64  
 165 E	 53.49  
 166 E	 60.10  
 167 E	 57.28  
 168 L	 10.14  
 169 G	 22.30  
 170 S	 40.38  
 171 Q	 45.36  
 172 I	 5.75  
 173 E	 33.47  
 174 E	 41.83  
 175 A	 7.94  
 176 I	 4.06  
 177 Y	 13.72  
 178 Q	 33.26  
 179 E	 27.26  
 180 I	 2.13  
 181 R	 38.96  
 182 N	 46.20  
 183 T	 27.85  
 184 D	 34.82  
 185 M	 4.87  
 186 K	 56.75  
 187 Y	 13.57  
 188 K	 32.53  
 189 N	 44.59  
 190 R	 22.52  
 191 V	 10.22  
 192 R	 19.58  
 193 S	 30.98  
 194 R	 26.28  
 195 I	 3.18  
 196 S	 34.69  
 197 N	 49.06  
 198 L	 4.19  
 199 K	 60.95  
 200 D	 66.98  
 201 A	 16.37  
 202 K	 80.98  
 203 N	 32.20  
 204 P	 40.29  
 205 N	 62.97  
 206 L	 9.70  
 207 R	 34.83  
 208 K	 55.35  
 209 N	 26.09  
 210 V	 5.40  
 211 L	 4.29  
 212 C	 3.23  
 213 G	 30.82  
 214 N	 42.47  
 215 I	 2.96  
 216 P	 21.98  
 217 P	 47.33  
 218 D	 49.41  
 219 L	 4.45  
 220 F	 5.44  
 221 A	 13.97  
 222 R	 18.69  
 223 M	 3.60  
 224 T	 25.93  
 225 A	 11.04  
 226 E	 38.86  
 227 E	 37.27  
 228 M	 3.05  
 229 A	 19.67  
 230 S	 30.24  
 231 D	 56.56  
 232 E	 60.28  
 233 L	 7.36  
 234 K	 47.63  
 235 E	 57.77  
 236 M	 7.65  
 237 R	 26.29  
 238 K	 55.81  
 239 N	 42.45  
 240 L	 8.97  
 241 T	 35.91  
 242 K	 48.60  
 243 E	 44.06  
 244 A	 14.01  
 245 I	 5.79  
 246 R	 42.25  
 247 E	 32.15  
 248 H	 16.93  
 249 Q	 28.86  
 250 M	 4.45  
 251 A	 10.33  
 252 K	 42.22  
 253 T	 31.16  
 254 G	 36.12  
 255 G	 21.63  
 256 T	 29.64  
 257 Q	 35.97  
 258 T	 34.21  
 259 D	 29.93  
 260 L	 4.32  
 261 F	 6.22  
 262 T	 27.87  
 263 C	 3.72  
 264 G	 35.03  
 265 K	 45.06  
 266 C	 4.79  
 267 K	 70.98  
 268 K	 59.70  
 269 K	 42.63  
 270 N	 32.04  
 271 C	 4.17  
 272 T	 38.71  
 273 Y	 9.44  
 274 T	 12.24  
 275 Q	 18.20  
 276 V	 4.90  
 277 Q	 22.75  
 278 T	 27.95  
 279 R	 16.86  
 280 S	 43.38  
 281 A	 23.15  
 282 D	 62.87  
 283 E	 36.37  
 284 P	 26.43  
 285 M	 5.33  
 286 T	 28.00  
 287 T	 14.26  
 288 F	 2.59  
 289 V	 4.51  
 290 V	 2.24  
 291 C	 2.74  
 292 N	 35.66  
 293 E	 38.38  
 294 C	 3.49  
 295 G	 22.13  
 296 N	 59.29  
 297 R	 24.20  
 298 W	 11.32  
 299 K	 33.35  
 300 F	 4.79  
 301 C	 4.91  
