 1 M	 16.03  
 2 G	 52.35  
 3 D	 59.48  
 4 E	 53.70  
 5 K	 62.90  
 6 D	 58.65  
 7 S	 39.60  
 8 W	 21.42  
 9 K	 37.49  
 10 V	 4.69  
 11 K	 39.38  
 12 T	 42.29  
 13 L	 4.63  
 14 D	 46.23  
 15 E	 49.03  
 16 I	 4.86  
 17 L	 5.17  
 18 Q	 67.15  
 19 E	 58.04  
 20 K	 38.32  
 21 K	 57.60  
 22 R	 67.00  
 23 R	 56.60  
 24 K	 68.71  
 25 E	 62.50  
 26 Q	 68.15  
 27 E	 63.66  
 28 E	 58.21  
 29 K	 51.04  
 30 A	 27.33  
 31 E	 61.17  
 32 I	 3.63  
 33 K	 43.09  
 34 R	 57.46  
 35 L	 5.38  
 36 K	 59.44  
 37 N	 56.09  
 38 S	 39.02  
 39 D	 65.44  
 40 D	 56.99  
 41 R	 55.91  
 42 D	 66.56  
 43 S	 30.40  
 44 K	 65.59  
 45 R	 42.58  
 46 D	 62.40  
 47 S	 41.53  
 48 L	 8.99  
 49 E	 68.83  
 50 E	 64.36  
 51 G	 29.84  
 52 E	 43.86  
 53 L	 13.18  
 54 R	 33.13  
 55 D	 46.50  
 56 H	 25.26  
 57 R	 28.81  
 58 M	 3.81  
 59 E	 36.62  
 60 I	 2.58  
 61 T	 10.69  
 62 I	 4.88  
 63 R	 28.99  
 64 N	 43.41  
 65 S	 17.29  
 66 P	 30.14  
 67 Y	 23.32  
 68 R	 38.61  
 69 R	 46.35  
 70 E	 45.50  
 71 D	 52.01  
 72 S	 21.22  
 73 M	 10.84  
 74 E	 48.81  
 75 D	 56.07  
 76 R	 40.91  
 77 G	 55.77  
 78 E	 60.18  
 79 E	 70.69  
 80 D	 46.63  
 81 D	 49.16  
 82 S	 31.83  
 83 L	 8.00  
 84 A	 16.23  
 85 I	 9.26  
 86 K	 45.07  
 87 P	 26.31  
 88 P	 31.84  
 89 Q	 61.20  
 90 Q	 37.28  
 91 M	 3.35  
 92 S	 35.54  
 93 R	 45.90  
 94 K	 57.15  
 95 E	 55.13  
 96 K	 56.93  
 97 A	 12.57  
 98 H	 32.14  
 99 H	 43.26  
 100 R	 37.95  
 101 K	 66.92  
 102 D	 67.61  
 103 E	 58.77  
 104 K	 78.05  
 105 R	 50.77  
 106 K	 77.86  
 107 E	 56.69  
 108 K	 58.74  
 109 R	 40.50  
 110 R	 40.41  
 111 H	 39.36  
 112 R	 33.96  
 113 S	 18.70  
 114 H	 30.86  
 115 S	 29.30  
 116 A	 17.65  
 117 E	 72.06  
 118 G	 50.60  
 119 G	 15.30  
 120 K	 44.97  
 121 H	 23.26  
 122 A	 22.80  
 123 R	 39.50  
 124 V	 11.02  
 125 K	 58.47  
 126 E	 58.24  
 127 K	 57.25  
 128 E	 65.48  
 129 R	 62.73  
 130 E	 51.71  
 131 H	 39.83  
 132 E	 49.80  
 133 R	 51.86  
 134 R	 37.06  
 135 K	 59.79  
 136 R	 32.08  
 137 H	 44.53  
 138 R	 53.86  
 139 E	 54.61  
 140 E	 65.13  
 141 Q	 53.39  
 142 D	 50.27  
 143 K	 43.41  
 144 A	 24.85  
 145 R	 42.67  
 146 R	 59.23  
 147 E	 48.40  
 148 W	 12.31  
 149 E	 40.24  
 150 R	 48.68  
 151 Q	 31.90  
 152 K	 60.69  
 153 R	 31.30  
 154 R	 45.11  
 155 E	 41.02  
 156 M	 3.95  
 157 A	 14.68  
 158 R	 40.63  
 159 E	 36.36  
 160 H	 22.50  
 161 S	 28.42  
 162 R	 46.52  
 163 R	 46.44  
 164 E	 58.80  
 165 R	 32.32  
 166 D	 55.55  
 167 R	 46.47  
 168 L	 6.03  
 169 E	 54.75  
 170 Q	 53.89  
 171 L	 5.12  
 172 E	 56.71  
 173 R	 52.50  
 174 K	 49.59  
 175 R	 55.19  
 176 E	 63.03  
 177 R	 53.72  
 178 E	 49.79  
 179 R	 49.91  
 180 K	 47.33  
 181 L	 10.24  
 182 R	 42.59  
 183 E	 68.73  
 184 Q	 53.89  
 185 Q	 46.64  
 186 K	 56.35  
 187 E	 51.00  
 188 Q	 62.33  
 189 R	 49.78  
 190 E	 66.74  
 191 Q	 55.91  
 192 K	 54.72  
 193 E	 60.51  
 194 R	 50.16  
 195 E	 47.84  
 196 R	 49.70  
 197 R	 41.41  
 198 A	 29.26  
 199 E	 50.67  
 200 E	 57.72  
 201 R	 46.61  
 202 R	 48.76  
 203 K	 68.30  
 204 E	 54.67  
 205 R	 46.00  
 206 E	 47.85  
 207 A	 23.27  
 208 R	 30.46  
 209 R	 56.57  
 210 E	 34.96  
 211 V	 6.09  
 212 S	 19.68  
 213 A	 14.00  
 214 H	 11.94  
 215 H	 26.99  
 216 R	 21.98  
 217 T	 19.07  
 218 M	 5.24  
 219 R	 32.74  
 220 E	 50.92  
 221 E	 39.72  
 222 Y	 19.88  
 223 S	 35.80  
 224 D	 63.93  
 225 K	 55.48  
 226 G	 34.57  
 227 K	 51.27  
 228 V	 10.44  
 229 G	 21.74  
 230 H	 23.48  
 231 W	 6.90  
 232 S	 19.73  
 233 R	 36.78  
 234 S	 23.83  
 235 P	 31.14  
 236 L	 15.74  
 237 R	 42.43  
 238 P	 39.73  
 239 P	 44.31  
 240 R	 50.86  
 241 E	 68.45  
 242 R	 33.82  
 243 F	 6.94  
 244 E	 48.77  
 245 M	 8.21  
 246 G	 23.11  
 247 D	 50.91  
 248 N	 48.42  
 249 R	 49.77  
 250 K	 61.49  
 251 P	 38.89  
 252 V	 15.91  
 253 K	 69.55  
 254 E	 64.38  
 255 E	 57.60  
 256 K	 56.91  
 257 V	 11.91  
 258 E	 59.38  
 259 E	 55.25  
 260 R	 26.77  
 261 D	 56.06  
 262 L	 6.54  
 263 L	 4.36  
 264 S	 43.50  
 265 D	 48.60  
 266 L	 4.41  
 267 Q	 51.48  
 268 D	 50.05  
 269 I	 2.96  
 270 S	 43.29  
 271 D	 55.65  
 272 S	 32.29  
 273 E	 64.29  
 274 R	 52.05  
 275 K	 49.02  
 276 T	 33.85  
 277 S	 30.50  
 278 S	 41.09  
 279 A	 22.06  
 280 E	 53.77  
 281 S	 29.34  
 282 S	 25.69  
 283 S	 45.39  
 284 A	 19.54  
 285 E	 58.54  
 286 S	 37.67  
 287 G	 27.77  
 288 S	 48.72  
 289 G	 42.47  
 290 S	 43.46  
 291 E	 73.31  
 292 E	 72.85  
 293 E	 67.66  
 294 E	 74.18  
 295 E	 74.18  
 296 E	 74.18  
 297 E	 74.18  
 298 E	 74.18  
 299 E	 74.18  
 300 E	 74.18  
 301 E	 74.18  
 302 E	 65.71  
 303 E	 71.57  
 304 E	 62.82  
 305 G	 39.23  
 306 S	 31.85  
 307 T	 51.52  
 308 S	 40.85  
 309 E	 66.68  
 310 E	 64.32  
 311 S	 46.38  
 312 E	 73.11  
 313 E	 78.84  
 314 E	 67.66  
 315 E	 74.18  
 316 E	 74.18  
 317 E	 74.18  
 318 E	 74.18  
 319 E	 74.18  
 320 E	 74.18  
 321 E	 74.18  
 322 E	 74.18  
 323 E	 65.50  
 324 E	 65.23  
 325 E	 62.84  
 326 T	 49.54  
 327 G	 28.27  
 328 S	 44.60  
 329 N	 55.58  
 330 S	 38.21  
 331 E	 62.93  
 332 E	 58.26  
 333 A	 17.83  
 334 S	 39.17  
 335 E	 56.45  
 336 Q	 45.50  
 337 S	 33.33  
 338 A	 19.36  
 339 E	 65.27  
 340 E	 47.22  
 341 V	 7.04  
 342 S	 42.45  
 343 D	 62.14  
 344 E	 48.36  
 345 E	 53.66  
 346 M	 5.10  
 347 S	 45.21  
 348 E	 65.20  
 349 D	 56.65  
 350 E	 55.72  
 351 D	 75.43  
 352 R	 46.74  
 353 E	 79.71  
 354 N	 57.15  
 355 E	 45.49  
 356 N	 38.80  
 357 H	 14.47  
 358 I	 4.75  
 359 L	 2.18  
 360 V	 7.16  
 361 V	 3.79  
 362 P	 26.77  
 363 E	 42.83  
 364 S	 31.98  
 365 R	 35.50  
 366 F	 14.56  
 367 D	 52.98  
 368 R	 36.96  
 369 D	 59.83  
 370 S	 45.45  
 371 G	 46.91  
 372 D	 57.75  
 373 S	 40.86  
 374 E	 74.82  
 375 E	 75.70  
 376 G	 43.49  
 377 E	 55.02  
 378 E	 69.69  
 379 E	 52.07  
 380 V	 10.80  
 381 G	 30.78  
 382 E	 66.14  
 383 G	 36.45  
 384 T	 17.53  
 385 P	 42.80  
 386 Q	 50.27  
 387 S	 29.66  
 388 S	 32.78  
 389 A	 21.93  
 390 P	 32.69  
 391 T	 52.93  
 392 E	 49.35  
 393 G	 33.74  
 394 D	 34.72  
 395 Y	 25.41  
 396 V	 5.16  
 397 P	 30.08  
 398 D	 58.15  
 399 S	 13.15  
 400 P	 44.60  
 401 A	 25.32  
 402 L	 7.70  
 403 S	 26.41  
 404 P	 25.56  
 405 I	 9.70  
 406 E	 53.98  
 407 L	 7.80  
 408 K	 29.01  
 409 Q	 70.81  
 410 E	 66.51  
 411 L	 4.03  
 412 P	 23.61  
 413 K	 72.54  
 414 Y	 18.91  
 415 L	 2.20  
 416 P	 28.03  
 417 A	 15.21  
 418 L	 4.20  
 419 Q	 51.55  
 420 G	 15.06  
 421 C	 1.57  
 422 R	 51.03  
 423 S	 37.65  
 424 V	 4.17  
 425 E	 55.10  
 426 E	 38.57  
 427 F	 3.83  
 428 Q	 33.78  
 429 C	 4.40  
 430 L	 3.16  
 431 N	 50.97  
 432 R	 25.42  
 433 I	 5.71  
 434 E	 47.33  
 435 E	 55.23  
 436 G	 16.08  
 437 T	 22.00  
 438 Y	 20.84  
 439 G	 11.40  
 440 V	 2.11  
 441 V	 2.02  
 442 Y	 11.49  
 443 R	 24.45  
 444 A	 13.50  
 445 K	 62.17  
 446 D	 57.61  
 447 K	 57.79  
 448 K	 71.93  
 449 T	 44.60  
 450 D	 53.13  
 451 E	 44.59  
 452 I	 2.15  
 453 V	 4.86  
 454 A	 17.02  
 455 L	 1.99  
 456 K	 46.04  
 457 R	 40.15  
 458 L	 6.23  
 459 K	 49.39  
 460 M	 12.01  
 461 E	 57.38  
 462 K	 71.26  
 463 E	 42.93  
 464 K	 74.36  
 465 E	 68.13  
 466 G	 44.70  
 467 F	 4.08  
 468 P	 39.54  
 469 I	 3.69  
 470 T	 23.19  
 471 S	 26.58  
 472 L	 4.22  
 473 R	 42.38  
 474 E	 45.98  
 475 I	 4.44  
 476 N	 19.13  
 477 T	 33.09  
 478 I	 3.00  
 479 L	 3.37  
 480 K	 41.99  
 481 A	 14.96  
 482 Q	 51.49  
 483 H	 23.41  
 484 P	 21.84  
 485 N	 38.96  
 486 I	 3.03  
 487 V	 5.27  
 488 T	 15.28  
 489 V	 3.42  
 490 R	 20.68  
 491 E	 35.48  
 492 I	 1.82  
 493 V	 3.23  
 494 V	 9.51  
 495 G	 11.47  
 496 S	 19.85  
 497 N	 36.42  
 498 M	 6.26  
 499 D	 38.15  
 500 K	 27.00  
 501 I	 2.18  
 502 Y	 8.00  
 503 I	 2.42  
 504 V	 0.84  
 505 M	 1.86  
 506 N	 27.14  
 507 Y	 6.79  
 508 V	 4.47  
 509 E	 22.71  
 510 H	 35.34  
 511 D	 42.14  
 512 L	 4.35  
 513 K	 47.83  
 514 S	 40.00  
 515 L	 3.25  
 516 M	 5.34  
 517 E	 51.55  
 518 T	 18.72  
 519 M	 2.12  
 520 K	 63.34  
 521 Q	 24.13  
 522 P	 27.50  
 523 F	 13.73  
 524 L	 7.29  
 525 P	 36.96  
 526 G	 55.25  
 527 E	 38.61  
 528 V	 7.71  
 529 K	 31.47  
 530 T	 27.08  
 531 L	 2.06  
 532 M	 1.91  
 533 I	 2.69  
 534 Q	 23.53  
 535 L	 2.58  
 536 L	 2.10  
 537 S	 50.57  
 538 G	 32.25  
 539 V	 2.95  
 540 K	 43.93  
 541 H	 26.45  
 542 L	 4.49  
 543 H	 26.52  
 544 D	 59.52  
 545 N	 19.55  
 546 W	 10.69  
 547 I	 2.66  
 548 L	 1.73  
 549 H	 16.45  
 550 R	 47.73  
 551 D	 41.59  
 552 L	 7.04  
 553 K	 54.95  
 554 T	 30.09  
 555 S	 24.72  
 556 N	 39.68  
 557 L	 5.22  
 558 L	 5.58  
 559 L	 3.88  
 560 S	 15.97  
 561 H	 28.13  
 562 A	 11.89  
 563 G	 21.97  
 564 I	 3.32  
 565 L	 3.44  
 566 K	 42.10  
 567 V	 8.79  
 568 G	 23.96  
 569 D	 37.11  
 570 F	 7.70  
 571 G	 24.14  
 572 L	 4.02  
 573 A	 11.57  
 574 R	 42.59  
 575 E	 48.95  
 576 Y	 19.83  
 577 G	 20.31  
 578 S	 26.59  
 579 P	 33.25  
 580 L	 5.48  
 581 K	 42.61  
 582 A	 22.55  
 583 Y	 15.25  
 584 T	 17.92  
 585 P	 12.29  
 586 V	 4.11  
 587 V	 2.61  
 588 V	 3.56  
 589 T	 10.44  
 590 L	 2.27  
 591 W	 3.25  
 592 Y	 10.46  
 593 R	 31.89  
 594 A	 6.04  
 595 P	 24.62  
 596 E	 51.57  
 597 L	 4.69  
 598 L	 3.85  
 599 L	 11.09  
 600 G	 34.27  
 601 A	 11.07  
 602 K	 56.22  
 603 E	 44.15  
 604 Y	 15.60  
 605 S	 15.81  
 606 T	 29.78  
 607 A	 6.86  
 608 V	 5.41  
 609 D	 30.30  
 610 M	 2.00  
 611 W	 5.84  
 612 S	 11.29  
 613 V	 4.24  
 614 G	 8.03  
 615 C	 1.87  
 616 I	 4.01  
 617 F	 7.86  
 618 G	 12.53  
 619 E	 29.83  
 620 L	 6.84  
 621 L	 4.08  
 622 T	 47.36  
 623 Q	 45.39  
 624 K	 38.15  
 625 P	 29.43  
 626 L	 11.87  
 627 F	 11.55  
 628 P	 57.92  
 629 G	 34.46  
 630 K	 45.23  
 631 S	 45.79  
 632 D	 52.55  
 633 I	 5.61  
 634 D	 48.58  
 635 Q	 41.30  
 636 I	 5.13  
 637 N	 26.24  
 638 K	 51.66  
 639 I	 4.48  
 640 F	 5.56  
 641 K	 56.36  
 642 D	 39.31  
 643 L	 9.43  
 644 G	 45.79  
 645 T	 30.82  
 646 P	 38.40  
 647 S	 51.89  
 648 E	 50.17  
 649 K	 55.17  
 650 I	 4.75  
 651 W	 7.42  
 652 P	 38.57  
 653 G	 20.91  
 654 Y	 11.04  
 655 N	 50.70  
 656 D	 45.61  
 657 L	 2.33  
 658 P	 37.56  
 659 A	 32.81  
 660 V	 6.06  
 661 K	 38.64  
 662 K	 36.25  
 663 M	 3.66  
 664 T	 32.65  
 665 F	 4.71  
 666 S	 27.36  
 667 E	 46.46  
 668 Y	 15.15  
 669 P	 22.71  
 670 Y	 18.77  
 671 N	 36.23  
 672 N	 35.07  
 673 L	 6.42  
 674 R	 30.17  
 675 K	 56.07  
 676 R	 28.88  
 677 F	 8.23  
 678 G	 21.24  
 679 A	 11.56  
 680 L	 4.87  
 681 L	 5.41  
 682 S	 28.83  
 683 D	 53.22  
 684 Q	 51.59  
 685 G	 24.03  
 686 F	 5.61  
 687 D	 52.40  
 688 L	 3.68  
 689 M	 5.73  
 690 N	 38.94  
 691 K	 27.99  
 692 F	 5.38  
 693 L	 3.00  
 694 T	 24.92  
 695 Y	 15.15  
 696 Y	 8.25  
 697 P	 21.28  
 698 G	 18.51  
 699 R	 31.62  
 700 R	 32.21  
 701 I	 5.73  
 702 N	 35.15  
 703 A	 17.56  
 704 E	 48.39  
 705 D	 66.37  
 706 G	 28.29  
 707 L	 8.72  
 708 K	 39.66  
 709 H	 39.78  
 710 E	 44.79  
 711 Y	 13.99  
 712 F	 5.32  
 713 R	 46.08  
 714 E	 44.90  
 715 T	 26.35  
 716 P	 31.24  
 717 L	 8.29  
 718 P	 30.09  
 719 I	 18.75  
 720 D	 27.55  
 721 P	 28.54  
 722 S	 29.34  
 723 M	 5.92  
 724 F	 5.98  
 725 P	 25.55  
 726 T	 32.58  
 727 W	 7.35  
 728 P	 32.08  
 729 A	 21.40  
 730 K	 50.90  
 731 S	 42.62  
 732 E	 50.45  
 733 Q	 43.39  
 734 Q	 48.35  
 735 R	 35.30  
 736 V	 4.27  
 737 K	 47.50  
 738 R	 51.25  
 739 G	 25.48  
 740 T	 39.32  
 741 S	 23.03  
 742 P	 53.27  
 743 R	 60.20  
 744 P	 34.38  
 745 P	 54.89  
 746 E	 69.45  
 747 G	 42.26  
 748 G	 17.80  
 749 L	 9.52  
 750 G	 24.26  
 751 Y	 9.78  
 752 S	 19.68  
 753 Q	 40.77  
 754 L	 7.17  
 755 G	 28.76  
 756 D	 55.64  
 757 D	 62.43  
 758 D	 65.46  
 759 L	 7.50  
 760 K	 61.29  
 761 E	 62.55  
 762 T	 43.49  
 763 G	 14.74  
 764 F	 5.80  
 765 H	 24.50  
 766 L	 4.20  
 767 T	 24.01  
 768 T	 30.06  
 769 T	 21.95  
 770 N	 35.88  
 771 Q	 46.89  
 772 G	 24.46  
 773 A	 6.04  
 774 S	 26.02  
 775 A	 18.86  
 776 A	 23.40  
 777 G	 23.68  
 778 P	 35.61  
 779 G	 24.69  
 780 F	 9.71  
 781 S	 36.24  
 782 L	 6.50  
 783 K	 48.07  
 784 F	 17.14  
