 1 M	 7.88  
 2 S	 30.67  
 3 T	 20.89  
 4 A	 14.75  
 5 R	 42.53  
 6 T	 37.34  
 7 E	 54.72  
 8 N	 35.21  
 9 P	 15.69  
 10 V	 7.69  
 11 I	 1.59  
 12 M	 4.50  
 13 G	 15.98  
 14 L	 2.17  
 15 S	 24.93  
 16 S	 32.48  
 17 Q	 55.48  
 18 N	 41.97  
 19 G	 21.91  
 20 Q	 35.22  
 21 L	 7.87  
 22 R	 39.21  
 23 G	 39.69  
 24 P	 25.23  
 25 V	 14.98  
 26 K	 39.74  
 27 P	 36.19  
 28 T	 49.40  
 29 G	 49.15  
 30 G	 21.84  
 31 P	 39.33  
 32 G	 51.13  
 33 G	 34.19  
 34 G	 41.72  
 35 G	 20.23  
 36 T	 31.55  
 37 Q	 40.35  
 38 T	 28.34  
 39 Q	 22.99  
 40 Q	 48.13  
 41 Q	 23.99  
 42 M	 2.76  
 43 N	 39.43  
 44 Q	 48.77  
 45 L	 3.82  
 46 K	 52.54  
 47 N	 47.34  
 48 T	 31.95  
 49 N	 48.64  
 50 T	 24.04  
 51 I	 4.01  
 52 N	 38.55  
 53 N	 51.55  
 54 G	 22.03  
 55 T	 25.90  
 56 Q	 34.48  
 57 Q	 40.18  
 58 Q	 31.39  
 59 A	 10.08  
 60 Q	 29.42  
 61 S	 22.55  
 62 M	 2.28  
 63 T	 26.49  
 64 T	 20.20  
 65 T	 20.17  
 66 I	 4.81  
 67 K	 40.64  
 68 P	 47.82  
 69 G	 40.27  
 70 D	 68.10  
 71 D	 66.08  
 72 W	 14.58  
 73 K	 42.76  
 74 K	 55.63  
 75 T	 25.95  
 76 L	 8.02  
 77 K	 65.27  
 78 L	 11.18  
 79 P	 32.10  
 80 P	 53.91  
 81 K	 68.41  
 82 D	 47.13  
 83 L	 8.34  
 84 R	 38.19  
 85 I	 8.09  
 86 K	 35.23  
 87 T	 27.99  
 88 S	 25.69  
 89 D	 53.60  
 90 V	 4.57  
 91 T	 35.35  
 92 S	 28.15  
 93 T	 33.34  
 94 K	 60.55  
 95 G	 38.70  
 96 N	 52.95  
 97 E	 60.11  
 98 F	 11.39  
 99 E	 41.72  
 100 D	 44.78  
 101 Y	 7.77  
 102 C	 5.82  
 103 L	 4.82  
 104 K	 40.02  
 105 R	 27.18  
 106 E	 44.67  
 107 L	 4.66  
 108 L	 2.24  
 109 M	 6.38  
 110 G	 22.77  
 111 I	 1.32  
 112 F	 4.36  
 113 E	 34.56  
 114 M	 5.42  
 115 G	 23.38  
 116 W	 14.77  
 117 E	 49.73  
 118 K	 44.26  
 119 P	 33.55  
 120 S	 45.78  
 121 P	 40.59  
 122 I	 10.64  
 123 Q	 52.36  
 124 E	 55.20  
 125 E	 37.28  
 126 S	 32.67  
 127 I	 3.02  
 128 P	 18.32  
 129 I	 6.01  
 130 A	 7.13  
 131 L	 6.05  
 132 S	 23.82  
 133 G	 31.93  
 134 R	 25.15  
 135 D	 43.72  
 136 I	 2.90  
 137 L	 2.86  
 138 A	 15.09  
 139 R	 42.52  
 140 A	 12.21  
 141 K	 50.81  
 142 N	 52.88  
 143 G	 34.83  
 144 T	 51.32  
 145 G	 24.43  
 146 K	 45.62  
 147 S	 29.96  
 148 G	 23.02  
 149 A	 11.75  
 150 Y	 14.53  
 151 L	 3.01  
 152 I	 1.15  
 153 P	 28.44  
 154 L	 6.51  
 155 L	 2.78  
 156 E	 59.90  
 157 R	 33.21  
 158 L	 7.07  
 159 D	 63.76  
 160 L	 9.82  
 161 K	 58.72  
 162 K	 64.40  
 163 D	 56.74  
 164 N	 36.83  
 165 I	 3.86  
 166 Q	 29.65  
 167 A	 7.16  
 168 M	 0.90  
 169 V	 4.47  
 170 I	 1.65  
 171 V	 2.42  
 172 P	 18.02  
 173 T	 26.36  
 174 R	 30.75  
 175 E	 40.65  
 176 L	 5.34  
 177 A	 7.38  
 178 L	 8.92  
 179 Q	 27.49  
 180 V	 4.77  
 181 S	 10.81  
 182 Q	 35.40  
 183 I	 1.41  
 184 C	 1.06  
 185 I	 4.91  
 186 Q	 29.08  
 187 V	 4.11  
 188 S	 10.64  
 189 K	 38.46  
 190 H	 16.77  
 191 M	 6.43  
 192 G	 32.40  
 193 G	 18.04  
 194 A	 8.78  
 195 K	 35.50  
 196 V	 2.90  
 197 M	 2.43  
 198 A	 12.66  
 199 T	 14.10  
 200 T	 24.87  
 201 G	 36.25  
 202 G	 14.88  
 203 T	 32.21  
 204 N	 36.03  
 205 L	 6.79  
 206 R	 41.44  
 207 D	 53.61  
 208 D	 30.10  
 209 I	 1.71  
 210 M	 4.47  
 211 R	 34.99  
 212 L	 3.75  
 213 D	 38.89  
 214 D	 56.04  
 215 T	 16.51  
 216 V	 4.08  
 217 H	 15.37  
 218 V	 2.64  
 219 V	 1.16  
 220 I	 3.25  
 221 A	 8.99  
 222 T	 18.36  
 223 P	 22.50  
 224 G	 25.55  
 225 R	 27.74  
 226 I	 4.32  
 227 L	 4.17  
 228 D	 43.93  
 229 L	 5.76  
 230 I	 4.29  
 231 K	 51.26  
 232 K	 52.18  
 233 G	 21.44  
 234 V	 6.82  
 235 A	 18.15  
 236 K	 45.87  
 237 V	 4.42  
 238 D	 35.22  
 239 H	 18.07  
 240 V	 3.41  
 241 Q	 16.68  
 242 M	 1.91  
 243 I	 1.23  
 244 V	 4.65  
 245 L	 3.22  
 246 D	 37.84  
 247 E	 55.39  
 248 A	 20.92  
 249 D	 39.84  
 250 K	 59.38  
 251 L	 5.99  
 252 L	 5.49  
 253 S	 37.83  
 254 Q	 48.40  
 255 D	 42.16  
 256 F	 3.18  
 257 V	 5.19  
 258 Q	 29.33  
 259 I	 2.47  
 260 M	 1.80  
 261 E	 47.92  
 262 D	 18.82  
 263 I	 1.45  
 264 I	 3.58  
 265 L	 4.04  
 266 T	 30.52  
 267 L	 5.22  
 268 P	 27.00  
 269 K	 68.80  
 270 N	 38.87  
 271 R	 30.92  
 272 Q	 39.82  
 273 I	 2.30  
 274 L	 2.51  
 275 L	 3.20  
 276 Y	 7.88  
 277 S	 22.32  
 278 A	 10.33  
 279 T	 21.61  
 280 F	 5.99  
 281 P	 21.26  
 282 L	 7.37  
 283 S	 23.80  
 284 V	 10.65  
 285 Q	 29.87  
 286 K	 44.41  
 287 F	 2.91  
 288 M	 6.92  
 289 N	 29.43  
 290 S	 17.49  
 291 H	 27.55  
 292 L	 7.60  
 293 Q	 38.97  
 294 K	 56.79  
 295 P	 21.01  
 296 Y	 36.15  
 297 E	 33.65  
 298 I	 3.86  
 299 N	 22.76  
 300 L	 5.85  
 301 M	 3.04  
 302 E	 53.68  
 303 E	 32.84  
 304 L	 4.30  
 305 T	 29.69  
 306 L	 7.70  
 307 K	 46.21  
 308 G	 30.71  
 309 V	 2.63  
 310 T	 21.37  
 311 Q	 27.17  
 312 Y	 4.82  
 313 Y	 5.01  
 314 A	 6.33  
 315 Y	 7.56  
 316 V	 3.22  
 317 T	 16.87  
 318 E	 42.97  
 319 R	 32.05  
 320 Q	 45.98  
 321 K	 39.92  
 322 V	 2.67  
 323 H	 19.86  
 324 C	 3.34  
 325 L	 3.11  
 326 N	 39.88  
 327 T	 19.07  
 328 L	 3.41  
 329 F	 3.62  
 330 S	 34.88  
 331 R	 24.23  
 332 L	 6.09  
 333 Q	 31.32  
 334 I	 6.32  
 335 N	 19.31  
 336 Q	 37.32  
 337 S	 17.11  
 338 I	 1.69  
 339 I	 3.79  
 340 F	 2.84  
 341 C	 3.21  
 342 N	 33.67  
 343 S	 29.09  
 344 S	 14.17  
 345 Q	 53.94  
 346 R	 26.31  
 347 V	 4.75  
 348 E	 40.01  
 349 L	 5.29  
 350 L	 4.09  
 351 A	 24.58  
 352 K	 51.08  
 353 K	 41.82  
 354 I	 2.90  
 355 S	 28.38  
 356 Q	 42.24  
 357 L	 5.77  
 358 G	 12.50  
 359 Y	 15.74  
 360 S	 8.92  
 361 C	 1.95  
 362 F	 5.44  
 363 Y	 8.98  
 364 I	 0.96  
 365 H	 14.12  
 366 A	 9.59  
 367 K	 22.06  
 368 M	 5.77  
 369 R	 37.72  
 370 Q	 47.55  
 371 E	 34.15  
 372 H	 24.79  
 373 R	 31.71  
 374 N	 46.50  
 375 R	 32.22  
 376 V	 5.96  
 377 F	 4.06  
 378 H	 30.37  
 379 D	 32.51  
 380 F	 4.99  
 381 R	 42.22  
 382 N	 48.02  
 383 G	 23.15  
 384 L	 2.57  
 385 C	 2.62  
 386 R	 44.55  
 387 N	 35.51  
 388 L	 1.40  
 389 V	 3.64  
 390 C	 2.49  
 391 T	 28.40  
 392 D	 34.36  
 393 L	 2.26  
 394 F	 4.94  
 395 T	 34.97  
 396 R	 32.51  
 397 G	 20.89  
 398 I	 3.67  
 399 D	 29.76  
 400 I	 2.40  
 401 Q	 35.19  
 402 A	 8.66  
 403 V	 2.98  
 404 N	 25.92  
 405 V	 3.53  
 406 V	 2.21  
 407 I	 3.56  
 408 N	 20.87  
 409 F	 7.62  
 410 D	 55.22  
 411 F	 5.14  
 412 P	 32.37  
 413 K	 61.39  
 414 L	 5.47  
 415 A	 17.14  
 416 E	 48.71  
 417 T	 26.27  
 418 Y	 7.63  
 419 L	 2.60  
 420 H	 14.65  
 421 R	 30.38  
 422 I	 3.61  
 423 G	 20.05  
 424 R	 33.30  
 425 S	 29.16  
 426 G	 27.81  
 427 R	 35.30  
 428 F	 9.14  
 429 G	 17.47  
 430 H	 17.63  
 431 L	 6.51  
 432 G	 13.85  
 433 L	 5.64  
 434 A	 6.19  
 435 I	 5.32  
 436 N	 21.56  
 437 L	 2.24  
 438 I	 2.65  
 439 T	 24.86  
 440 Y	 14.62  
 441 D	 31.77  
 442 D	 46.81  
 443 R	 21.32  
 444 F	 18.90  
 445 N	 47.67  
 446 L	 4.18  
 447 K	 50.95  
 448 S	 38.10  
 449 I	 6.89  
 450 E	 46.94  
 451 E	 49.81  
 452 Q	 32.19  
 453 L	 11.81  
 454 G	 22.46  
 455 T	 43.03  
 456 E	 47.41  
 457 I	 6.89  
 458 K	 30.57  
 459 P	 49.75  
 460 I	 5.05  
 461 P	 29.83  
 462 S	 47.33  
 463 N	 40.92  
 464 I	 9.17  
 465 D	 38.45  
 466 K	 38.27  
 467 S	 22.61  
 468 L	 4.99  
 469 Y	 12.52  
 470 V	 3.86  
 471 A	 9.70  
 472 E	 33.46  
 473 Y	 10.83  
 474 H	 19.72  
 475 S	 42.57  
 476 E	 39.80  
 477 P	 37.50  
 478 V	 14.72  
 479 E	 71.78  
 480 D	 70.25  
 481 E	 54.44  
 482 K	 69.24  
 483 P	 47.61  
