 1 M	 5.35  
 2 A	 18.01  
 3 A	 15.37  
 4 G	 13.50  
 5 T	 16.32  
 6 L	 2.69  
 7 Y	 12.22  
 8 T	 35.39  
 9 Y	 8.59  
 10 P	 22.20  
 11 E	 60.04  
 12 N	 29.09  
 13 W	 7.42  
 14 R	 41.55  
 15 A	 11.25  
 16 F	 3.41  
 17 K	 41.10  
 18 A	 9.57  
 19 L	 2.56  
 20 I	 3.40  
 21 A	 6.86  
 22 A	 11.23  
 23 Q	 24.73  
 24 Y	 12.35  
 25 S	 18.64  
 26 G	 18.33  
 27 A	 9.96  
 28 Q	 27.37  
 29 V	 4.54  
 30 R	 16.16  
 31 V	 5.35  
 32 L	 2.24  
 33 S	 35.55  
 34 A	 19.92  
 35 P	 21.37  
 36 P	 42.36  
 37 H	 27.96  
 38 F	 6.69  
 39 H	 23.93  
 40 F	 8.30  
 41 G	 25.49  
 42 Q	 34.36  
 43 T	 27.35  
 44 N	 37.63  
 45 R	 55.86  
 46 T	 29.28  
 47 P	 27.40  
 48 E	 57.61  
 49 F	 9.35  
 50 L	 5.77  
 51 R	 43.84  
 52 K	 58.82  
 53 F	 3.97  
 54 P	 43.04  
 55 A	 33.30  
 56 G	 31.56  
 57 K	 47.34  
 58 V	 3.96  
 59 P	 34.42  
 60 A	 20.36  
 61 F	 9.86  
 62 E	 64.91  
 63 G	 31.68  
 64 D	 45.74  
 65 D	 64.03  
 66 G	 23.69  
 67 F	 4.06  
 68 C	 4.13  
 69 V	 5.79  
 70 F	 10.04  
 71 E	 23.76  
 72 S	 21.79  
 73 N	 28.33  
 74 A	 9.32  
 75 I	 2.72  
 76 A	 6.28  
 77 Y	 9.78  
 78 Y	 6.59  
 79 V	 3.01  
 80 S	 23.54  
 81 N	 36.40  
 82 E	 51.40  
 83 E	 48.28  
 84 L	 6.48  
 85 R	 40.05  
 86 G	 48.79  
 87 S	 34.06  
 88 T	 28.15  
 89 P	 30.81  
 90 E	 51.53  
 91 A	 14.86  
 92 A	 9.21  
 93 A	 15.11  
 94 Q	 31.05  
 95 V	 2.72  
 96 V	 2.17  
 97 Q	 35.68  
 98 W	 3.98  
 99 V	 1.56  
 100 S	 16.26  
 101 F	 6.74  
 102 A	 14.11  
 103 D	 44.85  
 104 S	 26.30  
 105 D	 46.59  
 106 I	 6.08  
 107 V	 5.80  
 108 P	 21.05  
 109 P	 28.13  
 110 A	 17.33  
 111 S	 28.69  
 112 T	 27.96  
 113 W	 6.30  
 114 V	 4.11  
 115 F	 2.63  
 116 P	 19.66  
 117 T	 26.59  
 118 L	 4.45  
 119 G	 20.04  
 120 I	 2.39  
 121 M	 2.20  
 122 H	 21.32  
 123 H	 26.29  
 124 N	 24.37  
 125 K	 36.63  
 126 Q	 59.85  
 127 A	 20.63  
 128 T	 27.55  
 129 E	 59.20  
 130 N	 52.54  
 131 A	 17.88  
 132 K	 67.02  
 133 E	 60.35  
 134 E	 40.39  
 135 V	 5.38  
 136 R	 24.17  
 137 R	 33.39  
 138 I	 2.22  
 139 L	 3.61  
 140 G	 23.09  
 141 L	 3.33  
 142 L	 3.16  
 143 D	 37.90  
 144 A	 16.13  
 145 Y	 14.38  
 146 L	 4.97  
 147 K	 24.24  
 148 T	 32.14  
 149 R	 23.15  
 150 T	 26.93  
 151 F	 4.73  
 152 L	 4.84  
 153 V	 6.99  
 154 G	 21.09  
 155 E	 36.18  
 156 R	 22.31  
 157 V	 4.47  
 158 T	 23.58  
 159 L	 3.54  
 160 A	 9.22  
 161 D	 39.96  
 162 I	 2.34  
 163 T	 13.87  
 164 V	 3.21  
 165 V	 1.22  
 166 C	 1.61  
 167 T	 17.18  
 168 L	 2.46  
 169 L	 1.27  
 170 W	 10.76  
 171 L	 3.74  
 172 Y	 6.44  
 173 K	 31.59  
 174 Q	 31.32  
 175 V	 5.98  
 176 L	 8.10  
 177 E	 39.79  
 178 P	 34.31  
 179 S	 24.56  
 180 F	 11.12  
 181 R	 31.12  
 182 Q	 45.40  
 183 A	 20.01  
 184 F	 3.47  
 185 P	 50.15  
 186 N	 43.46  
 187 T	 26.80  
 188 N	 45.91  
 189 R	 24.39  
 190 W	 8.48  
 191 F	 3.50  
 192 L	 2.79  
 193 T	 11.23  
 194 C	 2.75  
 195 I	 4.52  
 196 N	 50.02  
 197 Q	 17.17  
 198 P	 30.68  
 199 Q	 30.60  
 200 F	 7.43  
 201 R	 20.66  
 202 A	 11.37  
 203 V	 6.51  
 204 L	 4.77  
 205 G	 30.93  
 206 E	 32.11  
 207 V	 5.64  
 208 K	 43.02  
 209 L	 5.72  
 210 C	 3.81  
 211 E	 57.19  
 212 K	 38.24  
 213 M	 1.33  
 214 A	 20.25  
 215 Q	 33.00  
 216 F	 7.77  
 217 D	 45.45  
 218 A	 20.44  
 219 K	 50.71  
 220 K	 52.07  
 221 F	 7.97  
 222 A	 28.01  
 223 E	 51.62  
 224 T	 46.90  
 225 Q	 39.04  
 226 P	 53.75  
 227 K	 54.16  
 228 K	 73.79  
 229 D	 68.98  
 230 T	 33.59  
 231 P	 56.32  
 232 R	 62.95  
 233 K	 66.05  
 234 E	 65.02  
 235 K	 66.28  
 236 G	 32.78  
 237 S	 47.81  
 238 R	 65.84  
 239 E	 71.84  
 240 E	 60.73  
 241 K	 59.89  
 242 Q	 66.98  
 243 K	 50.60  
 244 P	 35.80  
 245 Q	 63.99  
 246 A	 27.39  
 247 E	 60.07  
 248 R	 55.49  
 249 K	 62.83  
 250 E	 79.75  
 251 E	 63.99  
 252 K	 49.13  
 253 K	 46.68  
 254 A	 21.66  
 255 A	 23.90  
 256 A	 12.97  
 257 P	 43.55  
 258 A	 21.29  
 259 P	 48.77  
 260 E	 69.56  
 261 E	 58.52  
 262 E	 50.72  
 263 M	 6.26  
 264 D	 61.75  
 265 E	 38.35  
 266 C	 4.02  
 267 E	 36.52  
 268 Q	 54.02  
 269 A	 4.11  
 270 L	 4.66  
 271 A	 16.88  
 272 A	 34.18  
 273 E	 41.55  
 274 P	 36.86  
 275 K	 60.62  
 276 A	 32.00  
 277 K	 72.55  
 278 D	 48.70  
 279 P	 27.84  
 280 F	 10.83  
 281 A	 14.54  
 282 H	 42.94  
 283 L	 5.25  
 284 P	 20.77  
 285 K	 69.37  
 286 S	 25.74  
 287 T	 24.72  
 288 F	 7.11  
 289 V	 7.16  
 290 L	 4.57  
 291 D	 54.72  
 292 E	 49.24  
 293 F	 10.41  
 294 K	 46.03  
 295 R	 48.76  
 296 K	 54.33  
 297 Y	 22.29  
 298 S	 36.46  
 299 N	 48.34  
 300 E	 46.57  
 301 D	 58.14  
 302 T	 18.11  
 303 L	 6.32  
 304 S	 13.87  
 305 V	 7.73  
 306 A	 10.23  
 307 L	 3.11  
 308 P	 16.73  
 309 Y	 23.36  
 310 F	 6.11  
 311 W	 7.72  
 312 E	 25.44  
 313 H	 27.14  
 314 F	 9.41  
 315 D	 50.47  
 316 K	 58.14  
 317 D	 66.68  
 318 G	 22.93  
 319 W	 10.61  
 320 S	 17.98  
 321 L	 3.92  
 322 W	 6.78  
 323 Y	 9.27  
 324 S	 19.30  
 325 E	 25.65  
 326 Y	 16.18  
 327 R	 36.27  
 328 F	 9.76  
 329 P	 25.75  
 330 E	 64.03  
 331 E	 58.31  
 332 L	 4.02  
 333 T	 28.92  
 334 Q	 45.42  
 335 T	 18.97  
 336 F	 2.14  
 337 M	 5.18  
 338 S	 8.82  
 339 C	 3.01  
 340 N	 27.46  
 341 L	 4.32  
 342 I	 1.62  
 343 T	 26.26  
 344 G	 14.12  
 345 M	 1.61  
 346 F	 3.96  
 347 Q	 35.81  
 348 R	 33.32  
 349 L	 4.78  
 350 D	 50.56  
 351 K	 55.58  
 352 L	 10.60  
 353 R	 35.60  
 354 K	 64.16  
 355 N	 33.58  
 356 A	 12.38  
 357 F	 7.92  
 358 A	 10.65  
 359 S	 11.84  
 360 V	 3.85  
 361 I	 2.15  
 362 L	 2.80  
 363 F	 8.56  
 364 G	 24.88  
 365 T	 24.72  
 366 N	 46.92  
 367 N	 43.01  
 368 S	 27.77  
 369 S	 33.54  
 370 S	 22.16  
 371 I	 4.49  
 372 S	 29.28  
 373 G	 18.68  
 374 V	 2.92  
 375 W	 6.25  
 376 V	 1.86  
 377 F	 4.21  
 378 R	 35.94  
 379 G	 17.53  
 380 Q	 37.97  
 381 E	 44.91  
 382 L	 4.59  
 383 A	 11.85  
 384 F	 11.06  
 385 P	 26.73  
 386 L	 10.55  
 387 S	 22.50  
 388 P	 55.32  
 389 D	 45.09  
 390 W	 11.95  
 391 Q	 26.11  
 392 V	 8.04  
 393 D	 26.78  
 394 Y	 14.12  
 395 E	 32.57  
 396 S	 22.95  
 397 Y	 9.81  
 398 T	 28.24  
 399 W	 6.28  
 400 R	 23.12  
 401 K	 49.13  
 402 L	 7.83  
 403 D	 48.85  
 404 P	 59.66  
 405 G	 47.56  
 406 S	 37.33  
 407 E	 71.61  
 408 E	 48.16  
 409 T	 23.85  
 410 Q	 35.80  
 411 T	 34.34  
 412 L	 2.16  
 413 V	 5.05  
 414 R	 35.69  
 415 E	 43.37  
 416 Y	 7.73  
 417 F	 6.16  
 418 S	 24.26  
 419 W	 9.72  
 420 E	 39.17  
 421 G	 25.98  
 422 A	 6.87  
 423 F	 8.30  
 424 Q	 29.80  
 425 H	 24.68  
 426 V	 6.14  
 427 G	 17.28  
 428 K	 49.03  
 429 A	 11.60  
 430 F	 8.81  
 431 N	 55.33  
 432 Q	 48.37  
 433 G	 26.57  
 434 K	 34.89  
 435 I	 7.33  
 436 F	 9.77  
 437 K	 64.00  
