 1 M	 4.43  
 2 A	 19.67  
 3 A	 10.85  
 4 L	 3.38  
 5 S	 30.57  
 6 G	 39.35  
 7 G	 31.82  
 8 G	 29.93  
 9 G	 25.71  
 10 R	 32.63  
 11 R	 42.82  
 12 S	 40.19  
 13 G	 36.63  
 14 G	 32.58  
 15 G	 34.79  
 16 G	 34.54  
 17 G	 34.54  
 18 G	 34.54  
 19 G	 34.54  
 20 G	 34.54  
 21 G	 34.54  
 22 G	 34.54  
 23 G	 39.94  
 24 G	 34.00  
 25 G	 33.39  
 26 D	 56.70  
 27 G	 39.66  
 28 G	 35.78  
 29 G	 37.35  
 30 G	 29.25  
 31 A	 14.82  
 32 E	 59.52  
 33 Q	 49.08  
 34 G	 13.26  
 35 Q	 34.29  
 36 A	 22.42  
 37 L	 2.35  
 38 F	 12.30  
 39 N	 46.54  
 40 G	 28.45  
 41 D	 39.10  
 42 M	 11.10  
 43 E	 44.74  
 44 P	 30.05  
 45 E	 46.56  
 46 A	 24.69  
 47 G	 23.92  
 48 A	 16.11  
 49 G	 18.16  
 50 A	 10.18  
 51 A	 13.63  
 52 A	 11.95  
 53 S	 18.78  
 54 S	 23.81  
 55 A	 17.25  
 56 A	 25.85  
 57 D	 32.64  
 58 P	 27.62  
 59 A	 30.43  
 60 I	 5.55  
 61 P	 33.53  
 62 E	 60.10  
 63 E	 47.69  
 64 V	 4.52  
 65 W	 12.24  
 66 N	 36.43  
 67 I	 1.60  
 68 K	 30.51  
 69 Q	 34.73  
 70 M	 2.18  
 71 I	 2.83  
 72 K	 39.89  
 73 L	 4.07  
 74 T	 27.23  
 75 Q	 51.19  
 76 E	 41.41  
 77 H	 17.24  
 78 I	 3.05  
 79 E	 34.86  
 80 A	 16.90  
 81 L	 4.05  
 82 L	 9.67  
 83 D	 45.12  
 84 K	 45.97  
 85 F	 17.73  
 86 G	 46.44  
 87 G	 35.80  
 88 E	 40.65  
 89 H	 56.20  
 90 N	 45.97  
 91 P	 26.39  
 92 P	 38.38  
 93 S	 25.73  
 94 I	 5.85  
 95 Y	 11.65  
 96 L	 2.64  
 97 E	 32.03  
 98 A	 17.91  
 99 Y	 10.42  
 100 E	 52.13  
 101 E	 41.24  
 102 Y	 12.36  
 103 T	 23.75  
 104 S	 30.25  
 105 K	 42.45  
 106 L	 4.70  
 107 D	 49.31  
 108 A	 20.08  
 109 L	 4.44  
 110 Q	 41.84  
 111 Q	 52.29  
 112 R	 30.63  
 113 E	 38.04  
 114 Q	 41.22  
 115 Q	 43.17  
 116 L	 5.99  
 117 L	 3.50  
 118 E	 51.09  
 119 S	 29.78  
 120 L	 3.06  
 121 V	 4.68  
 122 F	 8.97  
 123 Q	 38.81  
 124 T	 19.38  
 125 P	 19.93  
 126 T	 47.81  
 127 D	 43.69  
 128 A	 16.93  
 129 S	 38.05  
 130 R	 48.98  
 131 N	 67.66  
 132 N	 44.24  
 133 P	 41.89  
 134 K	 76.52  
 135 S	 33.54  
 136 P	 52.95  
 137 Q	 71.85  
 138 K	 39.84  
 139 P	 25.67  
 140 I	 3.88  
 141 V	 6.07  
 142 R	 17.75  
 143 V	 3.91  
 144 F	 7.04  
 145 L	 4.12  
 146 P	 34.21  
 147 N	 56.06  
 148 K	 38.94  
 149 Q	 53.57  
 150 R	 30.97  
 151 T	 24.30  
 152 V	 5.45  
 153 V	 2.80  
 154 P	 15.06  
 155 A	 14.05  
 156 R	 16.20  
 157 C	 5.81  
 158 G	 16.75  
 159 V	 5.25  
 160 T	 8.63  
 161 V	 6.26  
 162 R	 20.59  
 163 D	 54.72  
 164 S	 31.37  
 165 L	 8.48  
 166 K	 39.70  
 167 K	 52.63  
 168 A	 10.09  
 169 L	 3.68  
 170 M	 1.74  
 171 M	 2.98  
 172 R	 23.85  
 173 G	 15.29  
 174 L	 4.10  
 175 I	 2.77  
 176 P	 33.35  
 177 E	 34.92  
 178 C	 1.19  
 179 C	 2.47  
 180 A	 17.03  
 181 V	 1.74  
 182 Y	 5.40  
 183 R	 17.31  
 184 I	 2.10  
 185 Q	 43.59  
 186 D	 65.92  
 187 G	 32.04  
 188 E	 67.22  
 189 K	 70.18  
 190 K	 37.25  
 191 P	 41.20  
 192 I	 13.80  
 193 G	 25.41  
 194 W	 13.17  
 195 D	 29.32  
 196 T	 28.82  
 197 D	 30.37  
 198 I	 3.27  
 199 S	 20.88  
 200 W	 9.77  
 201 L	 3.35  
 202 T	 35.97  
 203 G	 24.98  
 204 E	 52.75  
 205 E	 45.58  
 206 L	 4.82  
 207 H	 19.57  
 208 V	 9.46  
 209 E	 30.55  
 210 V	 8.70  
 211 L	 2.22  
 212 E	 62.45  
 213 N	 36.22  
 214 V	 2.76  
 215 P	 35.25  
 216 L	 8.21  
 217 T	 21.68  
 218 T	 23.62  
 219 H	 22.09  
 220 N	 34.71  
 221 F	 4.34  
 222 V	 8.13  
 223 R	 28.32  
 224 K	 44.36  
 225 T	 17.26  
 226 F	 5.03  
 227 F	 7.10  
 228 T	 17.00  
 229 L	 2.65  
 230 A	 10.44  
 231 F	 4.64  
 232 C	 3.05  
 233 D	 38.95  
 234 F	 4.58  
 235 C	 2.09  
 236 R	 32.42  
 237 K	 51.20  
 238 L	 2.75  
 239 L	 3.19  
 240 F	 10.93  
 241 Q	 50.51  
 242 G	 12.48  
 243 F	 4.99  
 244 R	 20.61  
 245 C	 3.52  
 246 Q	 35.25  
 247 T	 16.12  
 248 C	 2.01  
 249 G	 31.86  
 250 Y	 16.78  
 251 K	 22.96  
 252 F	 4.46  
 253 H	 15.26  
 254 Q	 51.73  
 255 R	 14.05  
 256 C	 4.80  
 257 S	 29.77  
 258 T	 44.63  
 259 E	 26.33  
 260 V	 4.46  
 261 P	 14.24  
 262 L	 5.12  
 263 M	 1.64  
 264 C	 2.06  
 265 V	 4.66  
 266 N	 29.72  
 267 Y	 5.67  
 268 D	 37.04  
 269 Q	 26.90  
 270 L	 4.59  
 271 D	 35.38  
 272 L	 5.63  
 273 L	 3.88  
 274 F	 8.29  
 275 V	 6.49  
 276 S	 19.19  
 277 K	 49.09  
 278 F	 7.28  
 279 F	 11.39  
 280 E	 44.40  
 281 H	 25.95  
 282 H	 20.18  
 283 P	 41.20  
 284 V	 7.12  
 285 P	 40.07  
 286 Q	 62.49  
 287 E	 49.84  
 288 E	 44.35  
 289 A	 18.73  
 290 S	 44.61  
 291 F	 9.03  
 292 P	 35.22  
 293 E	 44.71  
 294 T	 33.46  
 295 A	 18.80  
 296 L	 4.53  
 297 P	 33.89  
 298 S	 52.75  
 299 G	 29.61  
 300 S	 26.00  
 301 S	 33.76  
 302 S	 46.63  
 303 A	 23.21  
 304 P	 30.76  
 305 P	 50.95  
 306 S	 43.04  
 307 D	 56.86  
 308 S	 39.33  
 309 T	 58.85  
 310 G	 18.96  
 311 P	 20.37  
 312 Q	 44.67  
 313 I	 5.22  
 314 L	 3.06  
 315 T	 39.97  
 316 S	 21.67  
 317 P	 45.05  
 318 S	 41.39  
 319 P	 49.51  
 320 S	 43.29  
 321 K	 56.65  
 322 S	 37.62  
 323 I	 4.05  
 324 P	 39.02  
 325 I	 4.76  
 326 P	 30.36  
 327 Q	 50.94  
 328 P	 23.12  
 329 F	 14.23  
 330 R	 31.98  
 331 P	 44.43  
 332 A	 28.68  
 333 D	 65.62  
 334 E	 58.80  
 335 D	 46.74  
 336 H	 28.66  
 337 R	 51.47  
 338 N	 37.81  
 339 Q	 43.75  
 340 F	 11.69  
 341 G	 16.32  
 342 Q	 45.44  
 343 R	 41.51  
 344 D	 47.10  
 345 R	 40.40  
 346 S	 32.69  
 347 S	 31.26  
 348 S	 49.33  
 349 A	 11.13  
 350 P	 45.37  
 351 N	 37.40  
 352 V	 4.70  
 353 H	 17.77  
 354 I	 4.18  
 355 N	 21.81  
 356 T	 26.56  
 357 I	 4.94  
 358 E	 40.95  
 359 P	 22.17  
 360 V	 6.77  
 361 N	 46.86  
 362 I	 8.03  
 363 D	 48.07  
 364 E	 53.45  
 365 K	 63.57  
 366 F	 6.16  
 367 P	 56.65  
 368 E	 52.32  
 369 V	 10.16  
 370 E	 38.77  
 371 L	 9.09  
 372 Q	 31.14  
 373 D	 59.09  
 374 Q	 28.03  
 375 R	 49.33  
 376 D	 40.59  
 377 L	 3.64  
 378 I	 5.52  
 379 R	 37.18  
 380 D	 46.06  
 381 Q	 42.97  
 382 G	 20.64  
 383 F	 7.02  
 384 R	 49.47  
 385 G	 35.13  
 386 D	 45.91  
 387 G	 31.73  
 388 A	 15.33  
 389 P	 37.06  
 390 L	 6.73  
 391 N	 31.70  
 392 Q	 44.30  
 393 L	 1.97  
 394 M	 1.73  
 395 R	 25.55  
 396 C	 2.41  
 397 L	 3.59  
 398 R	 38.98  
 399 K	 34.39  
 400 Y	 12.80  
 401 Q	 29.49  
 402 S	 34.72  
 403 R	 34.82  
 404 T	 33.11  
 405 P	 32.60  
 406 S	 27.80  
 407 P	 39.90  
 408 L	 8.68  
 409 L	 3.00  
 410 H	 34.14  
 411 S	 35.38  
 412 V	 4.15  
 413 P	 29.29  
 414 S	 37.49  
 415 E	 36.78  
 416 I	 4.37  
 417 V	 3.10  
 418 F	 12.52  
 419 D	 35.78  
 420 F	 9.19  
 421 E	 51.71  
 422 P	 53.00  
 423 G	 24.65  
 424 P	 32.56  
 425 V	 6.73  
 426 F	 9.12  
 427 R	 38.08  
 428 G	 20.20  
 429 S	 20.66  
 430 T	 27.92  
 431 T	 37.51  
 432 G	 20.09  
 433 L	 2.71  
 434 S	 31.29  
 435 A	 29.21  
 436 T	 26.82  
 437 P	 23.37  
 438 P	 30.08  
 439 A	 25.55  
 440 S	 40.65  
 441 L	 6.38  
 442 P	 28.03  
 443 G	 40.35  
 444 S	 30.04  
 445 L	 5.11  
 446 T	 39.40  
 447 N	 38.29  
 448 V	 3.02  
 449 K	 45.51  
 450 A	 15.79  
 451 L	 5.66  
 452 Q	 49.38  
 453 K	 60.51  
 454 S	 23.33  
 455 P	 66.57  
 456 G	 37.76  
 457 P	 33.18  
 458 Q	 66.82  
 459 R	 49.15  
 460 E	 60.25  
 461 R	 46.47  
 462 K	 50.35  
 463 S	 41.49  
 464 S	 36.96  
 465 S	 41.13  
 466 S	 35.87  
 467 S	 39.57  
 468 S	 39.43  
 469 S	 45.52  
 470 E	 60.43  
 471 D	 56.66  
 472 R	 23.31  
 473 S	 49.39  
 474 R	 31.35  
 475 M	 4.02  
 476 K	 39.22  
 477 T	 25.71  
 478 L	 4.13  
 479 G	 28.01  
 480 R	 42.20  
 481 R	 46.49  
 482 D	 51.65  
 483 S	 33.58  
 484 S	 43.83  
 485 D	 69.83  
 486 D	 47.02  
 487 W	 15.48  
 488 E	 52.19  
 489 I	 3.08  
 490 P	 28.32  
 491 D	 68.25  
 492 G	 18.55  
 493 Q	 35.24  
 494 I	 4.05  
 495 T	 15.65  
 496 V	 7.03  
 497 G	 11.47  
 498 Q	 29.49  
 499 R	 29.34  
 500 I	 3.86  
 501 G	 28.30  
 502 S	 28.97  
 503 G	 23.06  
 504 S	 23.38  
 505 F	 12.41  
 506 G	 18.90  
 507 T	 20.74  
 508 V	 4.81  
 509 Y	 17.54  
 510 K	 50.07  
 511 G	 22.16  
 512 K	 31.68  
 513 W	 14.90  
 514 H	 26.51  
 515 G	 29.94  
 516 D	 16.59  
 517 V	 8.58  
 518 A	 10.43  
 519 V	 3.63  
 520 K	 28.12  
 521 M	 2.37  
 522 L	 3.75  
 523 N	 26.12  
 524 V	 4.20  
 525 T	 26.33  
 526 A	 11.16  
 527 P	 34.93  
 528 T	 31.13  
 529 P	 20.89  
 530 Q	 60.12  
 531 Q	 36.42  
 532 L	 3.14  
 533 Q	 40.18  
 534 A	 26.44  
 535 F	 5.87  
 536 K	 56.04  
 537 N	 42.61  
 538 E	 41.04  
 539 V	 10.06  
 540 G	 13.43  
 541 V	 5.89  
 542 L	 3.70  
 543 R	 35.57  
 544 K	 45.83  
 545 T	 21.41  
 546 R	 34.49  
 547 H	 23.39  
 548 V	 4.25  
 549 N	 17.05  
 550 I	 3.26  
 551 L	 2.25  
 552 L	 2.16  
 553 F	 2.98  
 554 M	 5.06  
 555 G	 13.10  
 556 Y	 11.02  
 557 S	 24.99  
 558 T	 37.96  
 559 K	 25.48  
 560 P	 34.21  
 561 Q	 45.11  
 562 L	 4.82  
 563 A	 6.75  
 564 I	 4.72  
 565 V	 2.43  
 566 T	 15.39  
 567 Q	 31.74  
 568 W	 3.46  
 569 C	 2.82  
 570 E	 60.18  
 571 G	 21.28  
 572 S	 8.55  
 573 S	 43.75  
 574 L	 5.16  
 575 Y	 6.80  
 576 H	 23.48  
 577 H	 12.92  
 578 L	 1.66  
 579 H	 18.02  
 580 I	 3.71  
 581 I	 3.71  
 582 E	 45.39  
 583 T	 30.53  
 584 K	 26.91  
 585 F	 11.41  
 586 E	 41.37  
 587 M	 3.54  
 588 I	 2.30  
 589 K	 37.77  
 590 L	 2.69  
 591 I	 2.82  
 592 D	 38.64  
 593 I	 2.42  
 594 A	 8.19  
 595 R	 34.41  
 596 Q	 31.97  
 597 T	 18.52  
 598 A	 8.80  
 599 Q	 51.65  
 600 G	 14.41  
 601 M	 1.72  
 602 D	 50.06  
 603 Y	 7.47  
 604 L	 2.49  
 605 H	 25.53  
 606 A	 12.51  
 607 K	 31.29  
 608 S	 27.79  
 609 I	 2.79  
 610 I	 2.55  
 611 H	 18.61  
 612 R	 40.31  
 613 D	 44.26  
 614 L	 7.08  
 615 K	 56.26  
 616 S	 42.26  
 617 N	 43.99  
 618 N	 33.22  
 619 I	 4.56  
 620 F	 6.56  
 621 L	 3.71  
 622 H	 18.77  
 623 E	 57.79  
 624 D	 36.57  
 625 L	 5.59  
 626 T	 31.88  
 627 V	 5.74  
 628 K	 35.42  
 629 I	 5.79  
 630 G	 20.62  
 631 D	 37.60  
 632 F	 7.92  
 633 G	 21.10  
 634 L	 3.49  
 635 A	 15.66  
 636 T	 33.24  
 637 V	 4.39  
 638 K	 29.92  
 639 S	 34.35  
 640 R	 26.34  
 641 W	 17.71  
 642 S	 29.34  
 643 G	 23.37  
 644 S	 14.48  
 645 H	 39.61  
 646 Q	 45.31  
 647 F	 5.60  
 648 E	 44.00  
 649 Q	 42.06  
 650 L	 5.01  
 651 S	 30.13  
 652 G	 27.57  
 653 S	 15.90  
 654 I	 3.88  
 655 L	 2.47  
 656 W	 4.53  
 657 M	 3.90  
 658 A	 5.87  
 659 P	 21.93  
 660 E	 40.83  
 661 V	 3.07  
 662 I	 2.64  
 663 R	 23.14  
 664 M	 4.09  
 665 Q	 48.99  
 666 D	 43.27  
 667 K	 42.82  
 668 N	 49.37  
 669 P	 31.70  
 670 Y	 31.35  
 671 S	 20.33  
 672 F	 7.13  
 673 Q	 32.55  
 674 S	 27.34  
 675 D	 27.02  
 676 V	 4.50  
 677 Y	 10.95  
 678 A	 8.95  
 679 F	 3.62  
 680 G	 10.83  
 681 I	 1.23  
 682 V	 4.82  
 683 L	 2.31  
 684 Y	 8.98  
 685 E	 28.09  
 686 L	 2.05  
 687 M	 2.36  
 688 T	 34.11  
 689 G	 17.05  
 690 Q	 30.05  
 691 L	 4.56  
 692 P	 23.71  
 693 Y	 23.96  
 694 S	 29.33  
 695 N	 34.85  
 696 I	 3.88  
 697 N	 41.56  
 698 N	 45.14  
 699 R	 32.49  
 700 D	 46.27  
 701 Q	 27.69  
 702 I	 2.84  
 703 I	 1.19  
 704 F	 3.29  
 705 M	 1.89  
 706 V	 3.09  
 707 G	 12.90  
 708 R	 21.12  
 709 G	 23.08  
 710 Y	 11.57  
 711 L	 7.16  
 712 S	 14.10  
 713 P	 43.92  
 714 D	 61.26  
 715 L	 6.40  
 716 S	 36.16  
 717 K	 49.30  
 718 V	 7.93  
 719 R	 26.36  
 720 S	 45.85  
 721 N	 35.23  
 722 C	 3.74  
 723 P	 31.52  
 724 K	 64.41  
 725 A	 8.22  
 726 M	 3.03  
 727 K	 47.44  
 728 R	 19.33  
 729 L	 2.96  
 730 M	 3.24  
 731 A	 14.67  
 732 E	 26.81  
 733 C	 4.98  
 734 L	 7.39  
 735 K	 68.83  
 736 K	 39.84  
 737 K	 64.59  
 738 R	 60.96  
 739 D	 66.20  
 740 E	 61.30  
 741 R	 37.19  
 742 P	 35.98  
 743 L	 14.16  
 744 F	 4.66  
 745 P	 28.16  
 746 Q	 35.67  
 747 I	 3.36  
 748 L	 2.29  
 749 A	 15.30  
 750 S	 17.10  
 751 I	 3.44  
 752 E	 34.92  
 753 L	 4.28  
 754 L	 2.12  
 755 A	 16.19  
 756 R	 38.40  
 757 S	 43.34  
 758 L	 4.11  
 759 P	 34.50  
 760 K	 57.34  
 761 I	 2.85  
 762 H	 24.62  
 763 R	 37.07  
 764 S	 23.22  
 765 A	 20.19  
 766 S	 51.81  
 767 E	 38.33  
 768 P	 41.44  
 769 S	 33.94  
 770 L	 8.02  
 771 N	 35.77  
 772 R	 41.19  
 773 A	 23.29  
 774 G	 16.38  
 775 F	 8.73  
 776 Q	 42.96  
 777 T	 34.95  
 778 E	 46.40  
 779 D	 41.65  
 780 F	 4.39  
 781 S	 32.56  
 782 L	 2.95  
 783 Y	 9.84  
 784 A	 6.41  
 785 C	 2.14  
 786 A	 22.24  
 787 S	 27.15  
 788 P	 26.47  
 789 K	 65.52  
 790 T	 29.07  
 791 P	 23.87  
 792 I	 5.47  
 793 Q	 34.85  
 794 A	 17.69  
 795 G	 17.30  
 796 G	 30.23  
 797 Y	 16.74  
 798 G	 27.16  
 799 E	 24.51  
 800 F	 5.29  
 801 A	 14.00  
 802 A	 20.34  
 803 F	 9.64  
 804 K	 55.49  
