 1 M	 5.80  
 2 S	 30.32  
 3 M	 3.42  
 4 T	 18.69  
 5 D	 30.62  
 6 V	 3.15  
 7 L	 4.46  
 8 S	 29.47  
 9 A	 17.83  
 10 E	 57.82  
 11 D	 58.69  
 12 I	 3.57  
 13 K	 48.77  
 14 K	 45.64  
 15 A	 10.63  
 16 I	 5.85  
 17 G	 21.36  
 18 A	 5.70  
 19 F	 3.92  
 20 A	 10.95  
 21 A	 12.83  
 22 A	 15.00  
 23 D	 45.14  
 24 S	 28.04  
 25 F	 13.52  
 26 D	 57.56  
 27 H	 32.94  
 28 K	 53.79  
 29 K	 48.25  
 30 F	 6.49  
 31 F	 6.68  
 32 Q	 28.87  
 33 M	 1.87  
 34 V	 5.89  
 35 G	 26.83  
 36 L	 5.10  
 37 K	 56.63  
 38 K	 63.93  
 39 K	 72.61  
 40 N	 59.12  
 41 P	 48.28  
 42 D	 80.74  
 43 E	 58.45  
 44 V	 10.69  
 45 K	 40.97  
 46 K	 56.14  
 47 V	 3.32  
 48 F	 3.99  
 49 H	 23.77  
 50 I	 3.46  
 51 L	 5.13  
 52 D	 57.41  
 53 K	 64.71  
 54 D	 50.44  
 55 K	 59.21  
 56 S	 49.41  
 57 G	 33.04  
 58 F	 9.07  
 59 I	 6.90  
 60 E	 58.07  
 61 E	 52.55  
 62 D	 43.56  
 63 E	 59.31  
 64 L	 11.45  
 65 G	 15.59  
 66 S	 37.05  
 67 I	 4.35  
 68 L	 4.80  
 69 K	 57.13  
 70 G	 24.99  
 71 F	 6.37  
 72 S	 35.66  
 73 S	 32.78  
 74 D	 44.41  
 75 A	 14.61  
 76 R	 50.85  
 77 D	 46.85  
 78 L	 4.46  
 79 S	 41.40  
 80 A	 22.47  
 81 K	 63.64  
 82 E	 56.08  
 83 T	 28.73  
 84 K	 37.96  
 85 T	 34.13  
 86 L	 3.06  
 87 L	 3.57  
 88 A	 16.71  
 89 A	 27.04  
 90 G	 36.57  
 91 D	 40.94  
 92 K	 63.79  
 93 D	 66.22  
 94 G	 51.84  
 95 D	 66.40  
 96 G	 29.07  
 97 K	 40.81  
 98 I	 10.26  
 99 G	 25.03  
 100 V	 7.89  
 101 E	 48.38  
 102 E	 42.35  
 103 F	 4.23  
 104 S	 24.90  
 105 T	 30.49  
 106 L	 3.13  
 107 V	 5.86  
 108 A	 17.90  
 109 E	 49.88  
 110 S	 35.47  
