 1 M	 11.94  
 2 Q	 67.46  
 3 E	 52.16  
 4 K	 41.52  
 5 D	 51.43  
 6 A	 23.34  
 7 S	 33.07  
 8 S	 35.72  
 9 Q	 44.13  
 10 G	 28.18  
 11 F	 8.11  
 12 L	 4.05  
 13 P	 24.80  
 14 H	 36.83  
 15 F	 5.96  
 16 Q	 27.96  
 17 H	 17.23  
 18 F	 5.67  
 19 A	 9.18  
 20 T	 20.00  
 21 Q	 34.58  
 22 A	 6.90  
 23 I	 1.62  
 24 H	 22.22  
 25 V	 6.35  
 26 G	 16.41  
 27 Q	 63.09  
 28 D	 42.65  
 29 P	 27.99  
 30 E	 68.02  
 31 Q	 54.88  
 32 W	 8.48  
 33 T	 14.18  
 34 S	 18.45  
 35 R	 24.83  
 36 A	 13.36  
 37 V	 6.89  
 38 V	 4.56  
 39 P	 17.57  
 40 P	 19.72  
 41 I	 5.46  
 42 S	 23.26  
 43 L	 5.66  
 44 S	 20.71  
 45 T	 41.36  
 46 T	 26.01  
 47 F	 5.87  
 48 K	 45.81  
 49 Q	 49.44  
 50 G	 34.04  
 51 A	 11.53  
 52 P	 50.21  
 53 G	 36.98  
 54 Q	 26.89  
 55 H	 35.49  
 56 S	 36.97  
 57 G	 19.79  
 58 F	 9.99  
 59 E	 46.23  
 60 Y	 13.71  
 61 S	 16.87  
 62 R	 47.91  
 63 S	 36.66  
 64 G	 42.92  
 65 N	 35.70  
 66 P	 35.94  
 67 T	 38.21  
 68 R	 32.87  
 69 N	 36.88  
 70 C	 4.71  
 71 L	 9.62  
 72 E	 40.96  
 73 K	 34.90  
 74 A	 6.18  
 75 V	 4.79  
 76 A	 13.73  
 77 A	 10.29  
 78 L	 4.50  
 79 D	 50.72  
 80 G	 25.48  
 81 A	 10.18  
 82 K	 41.86  
 83 Y	 7.68  
 84 C	 1.86  
 85 L	 3.89  
 86 A	 8.39  
 87 F	 3.42  
 88 A	 9.33  
 89 S	 28.08  
 90 G	 18.86  
 91 L	 2.44  
 92 A	 12.47  
 93 A	 13.98  
 94 T	 16.75  
 95 V	 2.90  
 96 T	 18.79  
 97 I	 1.66  
 98 T	 9.34  
 99 H	 25.89  
 100 L	 3.82  
 101 L	 2.51  
 102 K	 57.60  
 103 A	 27.11  
 104 G	 26.26  
 105 D	 41.17  
 106 Q	 26.48  
 107 I	 2.89  
 108 I	 1.01  
 109 C	 2.33  
 110 M	 3.29  
 111 D	 37.50  
 112 D	 14.51  
 113 V	 4.10  
 114 Y	 19.48  
 115 G	 35.98  
 116 G	 11.35  
 117 T	 16.50  
 118 N	 39.67  
 119 R	 31.63  
 120 Y	 12.75  
 121 F	 3.88  
 122 R	 22.56  
 123 Q	 25.81  
 124 V	 5.73  
 125 A	 8.59  
 126 S	 34.30  
 127 E	 33.71  
 128 F	 14.92  
 129 G	 23.24  
 130 L	 5.59  
 131 K	 36.36  
 132 I	 4.67  
 133 S	 20.03  
 134 F	 6.47  
 135 V	 6.07  
 136 D	 29.03  
 137 C	 3.62  
 138 S	 32.71  
 139 K	 50.63  
 140 I	 1.87  
 141 K	 51.24  
 142 L	 6.26  
 143 L	 3.41  
 144 E	 46.63  
 145 A	 12.25  
 146 A	 9.23  
 147 I	 9.46  
 148 T	 15.45  
 149 P	 40.94  
 150 E	 50.34  
 151 T	 30.77  
 152 K	 39.11  
 153 L	 5.15  
 154 V	 5.29  
 155 W	 7.98  
 156 I	 3.09  
 157 E	 32.78  
 158 T	 26.69  
 159 P	 19.86  
 160 T	 62.34  
 161 N	 38.53  
 162 P	 38.39  
 163 T	 42.99  
 164 Q	 39.00  
 165 K	 43.57  
 166 V	 3.23  
 167 I	 5.94  
 168 D	 35.55  
 169 I	 3.17  
 170 E	 44.46  
 171 G	 17.78  
 172 C	 1.29  
 173 A	 13.29  
 174 H	 27.04  
 175 I	 1.52  
 176 V	 3.36  
 177 H	 18.78  
 178 K	 38.09  
 179 H	 25.04  
 180 G	 32.39  
 181 D	 25.19  
 182 I	 2.88  
 183 I	 2.58  
 184 L	 2.91  
 185 V	 3.42  
 186 V	 4.15  
 187 D	 40.76  
 188 N	 24.49  
 189 T	 19.09  
 190 F	 5.98  
 191 M	 3.57  
 192 S	 16.56  
 193 P	 23.36  
 194 Y	 12.68  
 195 F	 5.88  
 196 Q	 39.99  
 197 R	 20.50  
 198 P	 15.94  
 199 L	 7.19  
 200 A	 13.46  
 201 L	 8.39  
 202 G	 18.65  
 203 A	 16.29  
 204 D	 31.53  
 205 I	 2.24  
 206 S	 16.53  
 207 M	 2.90  
 208 Y	 6.59  
 209 S	 22.33  
 210 A	 7.22  
 211 T	 19.43  
 212 K	 42.07  
 213 Y	 7.46  
 214 M	 5.30  
 215 N	 41.77  
 216 G	 12.73  
 217 H	 18.80  
 218 S	 33.23  
 219 D	 31.21  
 220 V	 3.42  
 221 V	 2.78  
 222 M	 3.27  
 223 G	 16.00  
 224 L	 1.08  
 225 V	 5.07  
 226 S	 16.80  
 227 V	 8.08  
 228 N	 19.14  
 229 C	 3.35  
 230 E	 51.65  
 231 S	 36.81  
 232 L	 1.61  
 233 H	 27.00  
 234 N	 50.39  
 235 R	 19.25  
 236 L	 5.72  
 237 R	 27.30  
 238 F	 11.02  
 239 L	 3.68  
 240 Q	 34.45  
 241 N	 41.15  
 242 S	 18.41  
 243 L	 7.19  
 244 G	 25.09  
 245 A	 18.49  
 246 V	 4.59  
 247 P	 33.58  
 248 S	 28.08  
 249 P	 21.99  
 250 I	 7.20  
 251 D	 20.56  
 252 C	 2.64  
 253 Y	 15.56  
 254 L	 2.34  
 255 C	 1.00  
 256 N	 38.16  
 257 R	 51.31  
 258 G	 19.96  
 259 L	 3.28  
 260 K	 52.44  
 261 T	 27.43  
 262 L	 3.16  
 263 H	 15.46  
 264 V	 7.58  
 265 R	 19.45  
 266 M	 8.60  
 267 E	 32.58  
 268 K	 45.02  
 269 H	 26.13  
 270 F	 11.01  
 271 K	 52.92  
 272 N	 44.52  
 273 G	 13.15  
 274 M	 3.66  
 275 A	 8.56  
 276 V	 2.98  
 277 A	 5.72  
 278 Q	 36.54  
 279 F	 6.19  
 280 L	 4.73  
 281 E	 50.16  
 282 S	 50.79  
 283 N	 25.69  
 284 P	 45.85  
 285 W	 18.36  
 286 V	 5.56  
 287 E	 37.42  
 288 K	 25.06  
 289 V	 2.99  
 290 I	 5.21  
 291 Y	 8.34  
 292 P	 27.07  
 293 G	 32.99  
 294 L	 3.21  
 295 P	 36.18  
 296 S	 53.49  
 297 H	 24.89  
 298 P	 41.37  
 299 Q	 36.94  
 300 H	 34.51  
 301 E	 50.43  
 302 L	 5.30  
 303 V	 4.35  
 304 K	 49.75  
 305 R	 29.35  
 306 Q	 24.33  
 307 C	 4.02  
 308 T	 27.27  
 309 G	 18.02  
 310 C	 1.28  
 311 T	 29.65  
 312 G	 16.79  
 313 M	 1.06  
 314 V	 3.37  
 315 T	 11.22  
 316 F	 3.95  
 317 Y	 7.74  
 318 I	 2.64  
 319 K	 34.17  
 320 G	 23.31  
 321 T	 20.45  
 322 L	 4.84  
 323 Q	 33.32  
 324 H	 28.57  
 325 A	 9.91  
 326 E	 31.95  
 327 I	 5.20  
 328 F	 6.30  
 329 L	 4.40  
 330 K	 49.86  
 331 N	 44.55  
 332 L	 4.95  
 333 K	 51.45  
 334 L	 4.46  
 335 F	 5.14  
 336 T	 35.18  
 337 L	 3.79  
 338 A	 10.98  
 339 E	 50.00  
 340 S	 27.06  
 341 L	 6.14  
 342 G	 48.28  
 343 G	 28.57  
 344 F	 5.67  
 345 E	 48.38  
 346 S	 30.53  
 347 L	 3.19  
 348 A	 26.09  
 349 E	 61.65  
 350 L	 2.63  
 351 P	 15.96  
 352 A	 19.46  
 353 I	 2.86  
 354 M	 2.14  
 355 T	 14.26  
 356 H	 9.91  
 357 A	 7.68  
 358 S	 22.00  
 359 V	 10.28  
 360 L	 3.88  
 361 K	 55.43  
 362 N	 45.44  
 363 D	 46.71  
 364 R	 45.38  
 365 D	 42.74  
 366 V	 5.70  
 367 L	 6.21  
 368 G	 19.73  
 369 I	 2.70  
 370 S	 23.81  
 371 D	 43.54  
 372 T	 19.79  
 373 L	 2.29  
 374 I	 4.52  
 375 R	 24.83  
 376 L	 3.74  
 377 S	 12.32  
 378 V	 13.86  
 379 G	 21.70  
 380 L	 7.60  
 381 E	 58.40  
 382 D	 70.41  
 383 E	 43.99  
 384 E	 67.30  
 385 D	 55.28  
 386 L	 6.80  
 387 L	 8.12  
 388 E	 64.92  
 389 D	 56.36  
 390 L	 3.72  
 391 D	 43.99  
 392 Q	 56.76  
 393 A	 15.65  
 394 L	 3.01  
 395 K	 46.68  
 396 A	 16.32  
 397 A	 17.71  
 398 H	 39.40  
 399 P	 21.74  
 400 P	 41.26  
 401 S	 58.33  
 402 G	 34.84  
 403 S	 25.54  
 404 H	 40.84  
 405 S	 43.55  
