 1 M	 11.56  
 2 D	 51.82  
 3 S	 28.62  
 4 S	 32.87  
 5 T	 51.88  
 6 G	 30.02  
 7 P	 32.71  
 8 G	 51.93  
 9 N	 39.27  
 10 T	 31.68  
 11 S	 40.39  
 12 D	 33.62  
 13 C	 5.07  
 14 S	 47.45  
 15 D	 48.87  
 16 P	 17.19  
 17 L	 7.10  
 18 A	 14.31  
 19 Q	 41.30  
 20 A	 13.60  
 21 S	 11.75  
 22 C	 6.74  
 23 S	 22.92  
 24 P	 46.96  
 25 A	 12.56  
 26 P	 40.51  
 27 G	 33.29  
 28 S	 27.60  
 29 W	 8.66  
 30 L	 5.04  
 31 N	 32.99  
 32 L	 3.34  
 33 S	 22.01  
 34 H	 25.50  
 35 V	 10.15  
 36 D	 44.92  
 37 G	 32.75  
 38 N	 33.45  
 39 Q	 55.53  
 40 S	 47.74  
 41 D	 32.51  
 42 P	 21.23  
 43 C	 13.37  
 44 G	 31.23  
 45 L	 5.09  
 46 N	 25.42  
 47 R	 34.90  
 48 T	 35.37  
 49 G	 21.06  
 50 L	 8.63  
 51 G	 33.91  
 52 G	 39.55  
 53 N	 33.62  
 54 D	 46.38  
 55 S	 35.55  
 56 L	 5.72  
 57 C	 2.45  
 58 P	 39.81  
 59 Q	 58.45  
 60 T	 25.44  
 61 G	 32.10  
 62 S	 19.72  
 63 P	 27.99  
 64 S	 27.81  
 65 M	 3.35  
 66 V	 3.72  
 67 T	 12.05  
 68 A	 5.87  
 69 I	 1.64  
 70 T	 11.39  
 71 I	 0.93  
 72 M	 1.25  
 73 A	 10.25  
 74 L	 1.58  
 75 Y	 6.19  
 76 S	 14.92  
 77 I	 1.43  
 78 V	 1.34  
 79 C	 1.63  
 80 V	 2.37  
 81 V	 4.69  
 82 G	 8.56  
 83 L	 3.16  
 84 F	 6.55  
 85 G	 29.08  
 86 N	 21.53  
 87 F	 5.79  
 88 L	 2.22  
 89 V	 1.97  
 90 M	 2.11  
 91 Y	 4.59  
 92 V	 1.44  
 93 I	 0.54  
 94 V	 2.46  
 95 R	 23.44  
 96 Y	 10.38  
 97 T	 17.69  
 98 K	 29.48  
 99 M	 3.43  
 100 K	 36.24  
 101 T	 34.90  
 102 A	 7.98  
 103 T	 27.64  
 104 N	 23.70  
 105 I	 2.13  
 106 Y	 11.09  
 107 I	 1.31  
 108 F	 3.26  
 109 N	 18.17  
 110 L	 2.62  
 111 A	 11.21  
 112 L	 5.09  
 113 A	 8.40  
 114 D	 42.86  
 115 A	 8.09  
 116 L	 5.71  
 117 A	 10.96  
 118 T	 24.08  
 119 S	 23.49  
 120 T	 33.81  
 121 L	 3.91  
 122 P	 25.89  
 123 F	 10.72  
 124 Q	 44.52  
 125 S	 16.83  
 126 V	 3.67  
 127 N	 29.48  
 128 Y	 8.91  
 129 L	 1.84  
 130 M	 2.95  
 131 G	 23.25  
 132 T	 18.92  
 133 W	 4.78  
 134 P	 20.02  
 135 F	 11.55  
 136 G	 14.04  
 137 T	 15.91  
 138 I	 4.32  
 139 L	 2.15  
 140 C	 2.21  
 141 K	 36.24  
 142 I	 3.03  
 143 V	 1.39  
 144 I	 3.21  
 145 S	 9.86  
 146 I	 2.44  
 147 D	 32.83  
 148 Y	 8.62  
 149 Y	 9.08  
 150 N	 16.92  
 151 M	 1.93  
 152 F	 4.28  
 153 T	 15.33  
 154 S	 12.39  
 155 I	 2.51  
 156 F	 4.23  
 157 T	 21.18  
 158 L	 1.27  
 159 C	 2.45  
 160 T	 18.65  
 161 M	 3.42  
 162 S	 11.60  
 163 V	 3.18  
 164 D	 30.29  
 165 R	 23.70  
 166 Y	 6.70  
 167 I	 2.11  
 168 A	 6.75  
 169 V	 1.92  
 170 C	 1.91  
 171 H	 24.48  
 172 P	 24.95  
 173 V	 2.23  
 174 K	 47.91  
 175 A	 16.76  
 176 L	 5.46  
 177 D	 35.52  
 178 F	 11.02  
 179 R	 43.41  
 180 T	 26.96  
 181 P	 24.23  
 182 R	 55.94  
 183 N	 46.95  
 184 A	 12.30  
 185 K	 51.22  
 186 I	 2.24  
 187 V	 4.29  
 188 N	 35.78  
 189 V	 1.53  
 190 C	 2.70  
 191 N	 25.25  
 192 W	 6.43  
 193 I	 1.34  
 194 L	 2.21  
 195 S	 14.48  
 196 S	 22.06  
 197 A	 9.11  
 198 I	 6.68  
 199 G	 24.52  
 200 L	 2.06  
 201 P	 15.43  
 202 V	 5.77  
 203 M	 1.47  
 204 F	 2.83  
 205 M	 1.42  
 206 A	 10.80  
 207 T	 16.42  
 208 T	 19.28  
 209 K	 33.80  
 210 Y	 13.18  
 211 R	 35.62  
 212 Q	 47.06  
 213 G	 19.98  
 214 S	 13.60  
 215 I	 6.88  
 216 D	 22.50  
 217 C	 2.98  
 218 T	 25.70  
 219 L	 5.98  
 220 T	 12.63  
 221 F	 7.70  
 222 S	 24.26  
 223 H	 21.44  
 224 P	 24.35  
 225 T	 26.26  
 226 W	 10.74  
 227 Y	 12.81  
 228 W	 4.60  
 229 E	 23.46  
 230 N	 36.21  
 231 L	 3.32  
 232 L	 5.46  
 233 K	 36.91  
 234 I	 2.15  
 235 C	 1.63  
 236 V	 4.73  
 237 F	 3.09  
 238 I	 0.91  
 239 F	 2.85  
 240 A	 6.55  
 241 F	 3.24  
 242 I	 2.46  
 243 M	 1.19  
 244 P	 16.97  
 245 V	 3.12  
 246 L	 1.61  
 247 I	 2.24  
 248 I	 1.75  
 249 T	 9.49  
 250 V	 1.34  
 251 C	 1.34  
 252 Y	 14.68  
 253 G	 12.02  
 254 L	 0.52  
 255 M	 2.05  
 256 I	 2.14  
 257 L	 3.06  
 258 R	 29.19  
 259 L	 4.32  
 260 K	 40.23  
 261 S	 21.39  
 262 V	 3.89  
 263 R	 27.67  
 264 M	 3.07  
 265 L	 3.53  
 266 S	 31.51  
 267 G	 38.48  
 268 S	 33.98  
 269 K	 72.77  
 270 E	 62.98  
 271 K	 66.77  
 272 D	 45.88  
 273 R	 55.97  
 274 N	 48.29  
 275 L	 3.97  
 276 R	 31.35  
 277 R	 37.48  
 278 I	 2.01  
 279 T	 15.76  
 280 R	 15.73  
 281 M	 1.73  
 282 V	 3.10  
 283 L	 1.44  
 284 V	 1.90  
 285 V	 1.68  
 286 V	 2.68  
 287 A	 4.47  
 288 V	 1.97  
 289 F	 2.21  
 290 I	 1.68  
 291 V	 1.19  
 292 C	 2.61  
 293 W	 8.36  
 294 T	 13.77  
 295 P	 7.52  
 296 I	 2.12  
 297 H	 13.41  
 298 I	 2.80  
 299 Y	 3.28  
 300 V	 3.45  
 301 I	 1.18  
 302 I	 1.20  
 303 K	 26.47  
 304 A	 8.19  
 305 L	 2.77  
 306 I	 3.81  
 307 T	 31.18  
 308 I	 1.99  
 309 P	 25.00  
 310 E	 57.54  
 311 T	 27.79  
 312 T	 16.45  
 313 F	 8.17  
 314 Q	 38.61  
 315 T	 16.59  
 316 V	 3.98  
 317 S	 20.44  
 318 W	 5.57  
 319 H	 10.53  
 320 F	 2.34  
 321 C	 0.85  
 322 I	 3.29  
 323 A	 8.98  
 324 L	 2.46  
 325 G	 20.42  
 326 Y	 12.00  
 327 T	 20.89  
 328 N	 23.42  
 329 S	 16.51  
 330 C	 4.64  
 331 L	 9.01  
 332 N	 29.03  
 333 P	 12.44  
 334 V	 6.59  
 335 L	 2.42  
 336 Y	 8.78  
 337 A	 8.38  
 338 F	 5.81  
 339 L	 6.50  
 340 D	 42.19  
 341 E	 67.71  
 342 N	 47.62  
 343 F	 5.06  
 344 K	 60.89  
 345 R	 22.22  
 346 C	 3.77  
 347 F	 11.01  
 348 R	 39.44  
 349 E	 25.31  
 350 F	 3.89  
 351 C	 2.89  
 352 I	 5.18  
 353 P	 27.66  
 354 T	 18.52  
 355 S	 21.82  
 356 S	 35.56  
 357 T	 28.44  
 358 I	 4.93  
 359 E	 46.32  
 360 Q	 43.85  
 361 Q	 32.81  
 362 N	 45.07  
 363 S	 17.16  
 364 T	 40.51  
 365 R	 22.80  
 366 V	 8.17  
 367 R	 22.27  
 368 Q	 53.44  
 369 N	 30.46  
 370 T	 29.15  
 371 R	 48.02  
 372 E	 59.10  
 373 H	 20.51  
 374 P	 28.73  
 375 S	 41.90  
 376 T	 28.51  
 377 A	 17.65  
 378 N	 40.50  
 379 T	 22.71  
 380 V	 4.74  
 381 D	 50.04  
 382 R	 32.84  
 383 T	 32.37  
 384 N	 23.08  
 385 H	 32.75  
 386 Q	 53.17  
 387 L	 3.51  
 388 E	 53.88  
 389 N	 52.34  
 390 L	 4.88  
 391 E	 56.92  
 392 A	 23.70  
 393 E	 35.81  
 394 T	 40.39  
 395 A	 8.64  
 396 P	 53.22  
 397 L	 7.93  
 398 P	 40.90  
