 1 M	 14.62  
 2 A	 10.88  
 3 P	 34.45  
 4 N	 40.49  
 5 Y	 13.31  
 6 F	 10.79  
 7 Q	 50.46  
 8 K	 34.62  
 9 P	 26.19  
 10 E	 54.32  
 11 A	 26.99  
 12 A	 16.38  
 13 L	 5.07  
 14 K	 44.85  
 15 R	 48.35  
 16 A	 17.02  
 17 E	 58.32  
 18 E	 50.63  
 19 L	 2.21  
 20 I	 3.36  
 21 Q	 51.00  
 22 V	 10.56  
 23 G	 16.19  
 24 K	 56.01  
 25 E	 48.17  
 26 S	 31.50  
 27 D	 52.85  
 28 A	 19.33  
 29 L	 6.58  
 30 D	 49.28  
 31 T	 27.17  
 32 L	 3.25  
 33 H	 32.06  
 34 D	 53.92  
 35 T	 17.40  
 36 I	 4.01  
 37 K	 37.62  
 38 A	 15.19  
 39 R	 35.91  
 40 R	 46.33  
 41 H	 22.55  
 42 K	 45.80  
 43 Q	 36.30  
 44 W	 9.99  
 45 T	 19.22  
 46 T	 19.53  
 47 V	 3.51  
 48 H	 21.10  
 49 E	 37.15  
 50 Q	 18.70  
 51 I	 2.54  
 52 M	 3.14  
 53 I	 2.71  
 54 K	 21.37  
 55 H	 12.20  
 56 M	 3.41  
 57 E	 38.44  
 58 L	 2.40  
 59 C	 1.11  
 60 V	 17.64  
 61 D	 52.34  
 62 L	 3.58  
 63 K	 46.02  
 64 K	 50.69  
 65 Q	 34.93  
 66 H	 36.31  
 67 L	 6.16  
 68 A	 12.93  
 69 K	 50.31  
 70 D	 42.78  
 71 A	 15.01  
 72 L	 3.84  
 73 F	 8.82  
 74 Q	 39.40  
 75 Y	 7.30  
 76 K	 26.57  
 77 A	 15.77  
 78 L	 3.77  
 79 T	 24.24  
 80 Q	 42.90  
 81 Q	 24.80  
 82 I	 4.62  
 83 N	 30.72  
 84 V	 4.81  
 85 K	 44.85  
 86 S	 27.44  
 87 L	 5.46  
 88 E	 46.80  
 89 T	 24.72  
 90 V	 2.86  
 91 V	 3.46  
 92 V	 1.99  
 93 H	 15.65  
 94 F	 4.32  
 95 L	 2.41  
 96 K	 44.71  
 97 L	 7.44  
 98 A	 14.86  
 99 E	 51.54  
 100 Q	 52.57  
 101 R	 31.43  
 102 T	 37.60  
 103 E	 54.24  
 104 D	 54.40  
 105 A	 16.55  
 106 Q	 57.55  
 107 K	 47.97  
 108 Q	 37.25  
 109 S	 39.49  
 110 I	 5.71  
 111 E	 57.19  
 112 K	 53.96  
 113 V	 5.31  
 114 E	 55.77  
 115 E	 56.08  
 116 I	 3.09  
 117 G	 32.48  
 118 D	 53.38  
 119 L	 4.46  
 120 D	 55.97  
 121 Q	 58.23  
 122 G	 37.23  
 123 D	 47.36  
 124 V	 7.30  
 125 P	 26.23  
 126 E	 56.67  
 127 R	 25.27  
 128 L	 4.36  
 129 L	 3.46  
 130 L	 3.93  
 131 A	 10.31  
 132 V	 3.38  
 133 V	 3.48  
 134 S	 19.00  
 135 G	 13.97  
 136 A	 7.66  
 137 A	 14.80  
 138 A	 15.98  
 139 Q	 33.83  
 140 D	 43.05  
 141 R	 19.47  
 142 M	 5.71  
 143 D	 43.95  
 144 R	 19.86  
 145 T	 18.66  
 146 V	 4.46  
 147 L	 4.72  
 148 A	 6.73  
 149 P	 26.86  
 150 W	 8.44  
 151 L	 2.43  
 152 R	 22.27  
 153 F	 8.29  
 154 L	 3.92  
 155 W	 6.98  
 156 D	 37.63  
 157 S	 17.89  
 158 Y	 11.90  
 159 R	 31.19  
 160 N	 26.88  
 161 C	 2.00  
 162 L	 6.24  
 163 E	 48.21  
 164 L	 3.34  
 165 L	 3.93  
 166 R	 47.16  
 167 N	 48.43  
 168 N	 25.89  
 169 A	 20.53  
 170 Q	 41.21  
 171 V	 4.74  
 172 E	 23.84  
 173 Q	 48.76  
 174 L	 1.83  
 175 Y	 9.16  
 176 H	 25.89  
 177 T	 13.69  
 178 I	 1.86  
 179 S	 25.70  
 180 R	 26.14  
 181 H	 22.07  
 182 S	 25.52  
 183 F	 5.05  
 184 T	 19.22  
 185 F	 3.30  
 186 C	 1.60  
 187 L	 5.09  
 188 R	 27.07  
 189 Y	 8.07  
 190 Q	 23.19  
 191 R	 38.26  
 192 R	 24.07  
 193 T	 41.48  
 194 E	 41.46  
 195 F	 9.14  
 196 R	 25.46  
 197 K	 59.81  
 198 L	 2.09  
 199 C	 3.77  
 200 D	 60.21  
 201 L	 2.97  
 202 L	 2.66  
 203 R	 20.12  
 204 M	 4.20  
 205 H	 18.39  
 206 L	 3.54  
 207 N	 23.41  
 208 Q	 45.94  
 209 I	 5.99  
 210 Q	 27.67  
 211 K	 34.01  
 212 H	 14.98  
 213 Q	 43.02  
 214 Y	 24.60  
 215 A	 5.21  
 216 P	 40.13  
 217 N	 37.11  
 218 V	 6.55  
 219 N	 41.91  
 220 S	 15.33  
 221 F	 9.80  
 222 R	 25.20  
 223 V	 5.85  
 224 K	 41.62  
 225 L	 5.40  
 226 T	 36.20  
 227 S	 36.79  
 228 P	 29.93  
 229 E	 59.36  
 230 S	 30.99  
 231 L	 6.10  
 232 G	 28.51  
 233 L	 3.19  
 234 M	 3.00  
 235 Q	 54.70  
 236 D	 21.59  
 237 T	 15.52  
 238 R	 37.78  
 239 L	 2.96  
 240 I	 3.26  
 241 Q	 37.57  
 242 L	 5.11  
 243 D	 20.09  
 244 T	 33.96  
 245 A	 6.95  
 246 I	 4.32  
 247 Q	 19.48  
 248 M	 3.60  
 249 E	 30.40  
 250 L	 4.86  
 251 W	 4.81  
 252 Q	 37.76  
 253 E	 42.24  
 254 A	 11.27  
 255 Y	 12.53  
 256 K	 50.68  
 257 S	 24.98  
 258 A	 16.92  
 259 E	 68.60  
 260 D	 37.11  
 261 V	 2.94  
 262 H	 30.65  
 263 G	 17.07  
 264 M	 0.65  
 265 M	 4.25  
 266 Q	 33.42  
 267 L	 3.60  
 268 S	 23.16  
 269 K	 76.90  
 270 D	 62.09  
 271 K	 69.73  
 272 D	 56.66  
 273 K	 56.56  
 274 R	 55.68  
 275 T	 38.33  
 276 V	 8.97  
 277 K	 33.96  
 278 P	 23.31  
 279 A	 14.05  
 280 S	 37.83  
 281 Y	 8.53  
 282 V	 3.26  
 283 N	 22.78  
 284 Y	 11.73  
 285 Y	 11.03  
 286 D	 29.18  
 287 K	 21.38  
 288 L	 3.99  
 289 A	 13.86  
 290 L	 4.77  
 291 V	 4.47  
 292 F	 6.03  
 293 W	 5.10  
 294 K	 34.64  
 295 A	 17.00  
 296 G	 22.11  
 297 N	 40.16  
 298 S	 31.34  
 299 L	 4.18  
 300 F	 3.55  
 301 H	 21.54  
 302 A	 6.26  
 303 A	 7.06  
 304 A	 15.02  
 305 L	 4.46  
 306 L	 4.45  
 307 Q	 39.19  
 308 K	 38.20  
 309 F	 2.37  
 310 I	 4.30  
 311 I	 3.83  
 312 Y	 8.98  
 313 K	 40.72  
 314 D	 36.84  
 315 M	 5.28  
 316 K	 56.23  
 317 K	 44.13  
 318 S	 28.18  
 319 F	 11.05  
 320 T	 42.05  
 321 Q	 44.53  
 322 D	 50.57  
 323 E	 42.29  
 324 A	 26.88  
 325 Q	 41.09  
 326 E	 49.59  
 327 Q	 35.63  
 328 A	 9.16  
 329 T	 22.47  
 330 R	 21.80  
 331 V	 4.45  
 332 L	 2.13  
 333 L	 2.90  
 334 A	 11.44  
 335 T	 22.47  
 336 L	 3.48  
 337 S	 31.57  
 338 I	 3.96  
 339 P	 36.20  
 340 E	 70.43  
 341 G	 31.25  
 342 S	 33.00  
 343 D	 75.36  
 344 S	 28.18  
 345 P	 36.53  
 346 S	 55.95  
 347 D	 52.64  
 348 L	 6.42  
 349 S	 24.90  
 350 R	 55.84  
 351 N	 38.39  
 352 L	 7.34  
 353 D	 45.86  
 354 I	 7.67  
 355 E	 51.81  
 356 D	 44.19  
 357 Q	 21.84  
 358 H	 32.74  
 359 V	 3.23  
 360 A	 11.28  
 361 N	 18.28  
 362 M	 2.00  
 363 R	 32.08  
 364 L	 4.23  
 365 L	 1.94  
 366 S	 29.98  
 367 N	 42.96  
 368 L	 2.37  
 369 L	 6.55  
 370 R	 41.40  
 371 L	 3.47  
 372 P	 17.79  
 373 I	 9.44  
 374 A	 12.08  
 375 P	 44.62  
 376 T	 28.28  
 377 K	 52.71  
 378 N	 45.26  
 379 G	 28.32  
 380 I	 7.50  
 381 L	 4.32  
 382 K	 43.30  
 383 E	 44.08  
 384 A	 10.64  
 385 A	 12.52  
 386 R	 32.99  
 387 I	 5.82  
 388 G	 24.31  
 389 V	 3.44  
 390 P	 21.94  
 391 E	 49.06  
 392 A	 15.72  
 393 A	 14.68  
 394 G	 32.21  
 395 Q	 33.29  
 396 T	 34.45  
 397 A	 8.76  
 398 K	 52.21  
 399 D	 53.41  
 400 L	 3.91  
 401 Y	 15.10  
 402 K	 54.62  
 403 L	 3.97  
 404 L	 6.24  
 405 E	 54.81  
 406 S	 43.05  
 407 N	 31.85  
 408 F	 12.70  
 409 S	 33.31  
 410 P	 31.87  
 411 L	 7.26  
 412 K	 43.46  
 413 V	 12.03  
 414 A	 10.76  
 415 K	 62.51  
 416 D	 33.67  
 417 V	 4.50  
 418 Q	 37.65  
 419 S	 25.21  
 420 V	 2.91  
 421 L	 5.75  
 422 D	 36.65  
 423 T	 21.44  
 424 V	 4.22  
 425 T	 38.28  
 426 R	 30.25  
 427 P	 24.81  
 428 D	 52.41  
 429 H	 19.95  
 430 L	 5.25  
 431 Q	 36.48  
 432 Y	 16.73  
 433 V	 2.31  
 434 E	 40.57  
 435 S	 18.75  
 436 L	 2.10  
 437 Q	 42.97  
 438 A	 9.75  
 439 V	 1.96  
 440 A	 15.00  
 441 A	 9.20  
 442 V	 2.41  
 443 K	 43.18  
 444 A	 17.25  
 445 L	 3.10  
 446 K	 54.21  
 447 Q	 33.30  
 448 V	 4.76  
 449 S	 10.58  
 450 V	 5.92  
 451 I	 1.68  
 452 Y	 9.35  
 453 E	 28.53  
 454 A	 5.55  
 455 I	 3.08  
 456 S	 29.90  
 457 W	 7.87  
 458 E	 31.29  
 459 R	 27.96  
 460 I	 3.40  
 461 R	 30.27  
 462 K	 42.49  
 463 I	 3.29  
 464 I	 1.85  
 465 P	 26.12  
 466 F	 6.85  
 467 Y	 8.91  
 468 S	 26.91  
 469 D	 25.28  
 470 L	 4.88  
 471 A	 16.62  
 472 L	 5.24  
 473 E	 38.06  
 474 R	 33.36  
 475 L	 3.55  
 476 V	 4.59  
 477 V	 6.35  
 478 E	 39.48  
 479 A	 16.57  
 480 S	 18.58  
 481 K	 43.90  
 482 H	 23.39  
 483 R	 38.85  
 484 I	 3.59  
 485 V	 4.19  
 486 K	 28.22  
 487 A	 12.32  
 488 Q	 41.53  
 489 L	 7.76  
 490 D	 19.69  
 491 H	 35.11  
 492 R	 31.61  
 493 A	 15.90  
 494 D	 31.25  
 495 C	 2.00  
 496 V	 6.14  
 497 R	 36.22  
 498 F	 5.77  
 499 G	 18.71  
 500 S	 23.49  
 501 S	 31.48  
 502 D	 45.31  
 503 A	 13.37  
 504 T	 23.33  
 505 L	 4.46  
 506 A	 14.35  
 507 G	 39.51  
 508 G	 20.35  
 509 V	 5.68  
 510 D	 54.82  
 511 E	 41.17  
 512 C	 6.17  
 513 D	 59.97  
 514 N	 61.17  
 515 N	 37.20  
 516 E	 63.04  
 517 G	 27.78  
 518 F	 5.87  
 519 T	 51.03  
 520 G	 28.65  
 521 D	 53.37  
 522 D	 37.38  
 523 T	 30.36  
 524 Q	 43.12  
 525 L	 10.09  
 526 G	 12.95  
 527 V	 8.66  
 528 E	 50.61  
 529 G	 22.68  
 530 V	 3.33  
 531 R	 35.39  
 532 N	 41.51  
 533 H	 17.93  
 534 L	 5.25  
 535 E	 24.68  
 536 A	 11.57  
 537 M	 2.28  
 538 Y	 8.85  
 539 T	 15.33  
 540 R	 12.61  
 541 L	 3.82  
 542 R	 32.86  
 543 G	 38.37  
 544 L	 2.27  
 545 V	 6.45  
 546 E	 60.11  
 547 G	 22.75  
 548 L	 3.40  
 549 D	 64.63  
 550 A	 29.29  
 551 E	 46.92  
 552 K	 60.26  
 553 R	 46.54  
 554 R	 52.61  
 555 K	 53.81  
 556 E	 52.31  
 557 I	 8.40  
 558 L	 4.92  
 559 K	 58.32  
 560 K	 42.41  
 561 I	 7.41  
 562 E	 53.07  
 563 G	 30.63  
 564 Q	 23.64  
 565 V	 5.89  
 566 T	 20.08  
 567 S	 32.22  
 568 Y	 22.89  
 569 E	 43.55  
 570 K	 50.45  
 571 N	 43.13  
 572 R	 51.05  
 573 P	 43.72  
 574 T	 46.48  
 575 E	 45.60  
 576 I	 4.79  
 577 E	 39.07  
 578 R	 35.36  
 579 I	 1.60  
 580 H	 29.70  
 581 R	 50.14  
 582 R	 28.87  
 583 K	 42.35  
 584 K	 47.08  
 585 M	 6.78  
 586 L	 5.47  
 587 E	 55.82  
 588 N	 49.57  
 589 Y	 15.42  
 590 K	 57.03  
 591 E	 58.16  
 592 N	 41.58  
 593 W	 8.89  
 594 E	 60.21  
 595 R	 27.18  
 596 V	 4.70  
 597 K	 57.98  
 598 A	 22.21  
 599 E	 45.26  
 600 K	 48.61  
 601 T	 17.03  
 602 A	 13.23  
 603 A	 11.67  
 604 A	 16.68  
 605 A	 13.62  
 606 T	 24.73  
 607 E	 43.76  
 608 Q	 48.07  
 609 A	 13.47  
 610 K	 61.10  
 611 R	 50.43  
 612 E	 51.81  
 613 E	 52.22  
 614 A	 9.48  
 615 A	 17.94  
 616 R	 49.97  
 617 A	 16.63  
 618 E	 53.74  
 619 E	 49.36  
 620 M	 2.00  
 621 K	 53.76  
 622 R	 46.17  
 623 L	 7.68  
 624 D	 60.51  
 625 E	 61.72  
 626 Q	 67.00  
 627 N	 48.27  
 628 K	 63.41  
 629 E	 66.44  
 630 S	 44.29  
 631 E	 64.41  
 632 R	 54.05  
 633 K	 60.95  
 634 R	 42.41  
 635 K	 57.82  
 636 Q	 54.91  
 637 A	 21.32  
 638 E	 56.95  
 639 Q	 57.56  
 640 D	 46.61  
 641 E	 47.19  
 642 I	 11.08  
 643 Q	 38.65  
 644 K	 63.23  
 645 K	 38.47  
 646 I	 6.62  
 647 K	 57.62  
 648 Q	 47.35  
 649 D	 35.14  
 650 Q	 44.17  
 651 L	 6.29  
 652 Y	 9.97  
 653 K	 38.53  
 654 M	 2.90  
 655 Q	 29.26  
 656 Q	 37.51  
 657 N	 16.06  
 658 A	 9.49  
 659 I	 4.84  
 660 Y	 9.55  
 661 Q	 29.33  
 662 E	 29.70  
 663 I	 3.00  
 664 I	 4.66  
 665 K	 60.06  
 666 E	 41.78  
 667 K	 64.89  
 668 G	 35.22  
 669 L	 7.47  
 670 E	 57.24  
 671 Q	 43.66  
 672 F	 5.37  
 673 R	 37.73  
 674 D	 47.31  
 675 M	 8.91  
 676 D	 48.12  
 677 P	 27.55  
 678 E	 49.40  
 679 Q	 44.95  
 680 V	 5.33  
 681 L	 5.08  
 682 R	 38.86  
 683 E	 50.24  
 684 Q	 46.21  
 685 R	 26.67  
 686 E	 58.24  
 687 R	 50.83  
 688 L	 10.65  
 689 D	 57.92  
 690 K	 54.41  
 691 E	 57.71  
 692 R	 43.39  
 693 A	 25.86  
 694 E	 52.25  
 695 T	 26.79  
 696 Q	 21.72  
 697 R	 49.01  
 698 R	 27.34  
 699 L	 6.17  
 700 Q	 40.89  
 701 Q	 58.97  
 702 Q	 51.15  
 703 E	 45.70  
 704 K	 59.59  
 705 N	 46.99  
 706 F	 16.32  
 707 D	 40.14  
 708 H	 19.73  
 709 H	 16.77  
 710 V	 3.25  
 711 R	 27.37  
 712 A	 9.76  
 713 L	 3.12  
 714 H	 30.15  
 715 L	 5.94  
 716 E	 50.09  
 717 E	 64.35  
 718 L	 6.19  
 719 N	 43.97  
 720 E	 57.05  
 721 R	 30.68  
 722 R	 25.92  
 723 A	 15.90  
 724 V	 2.43  
 725 M	 2.96  
 726 N	 13.06  
 727 M	 2.17  
 728 R	 30.02  
 729 L	 3.64  
 730 S	 22.73  
 731 E	 73.84  
 732 A	 11.80  
 733 P	 35.37  
 734 K	 66.55  
 735 L	 3.55  
 736 H	 29.20  
 737 D	 62.47  
 738 L	 3.95  
 739 Y	 20.13  
 740 E	 53.10  
 741 E	 29.68  
 742 A	 9.02  
 743 R	 32.45  
 744 I	 9.17  
 745 A	 9.62  
 746 K	 47.48  
 747 E	 28.92  
 748 I	 3.96  
 749 A	 10.39  
 750 A	 16.81  
 751 H	 28.25  
 752 D	 35.39  
 753 S	 21.95  
 754 H	 27.13  
 755 V	 6.71  
 756 K	 32.85  
 757 L	 4.68  
 758 W	 6.73  
 759 G	 20.10  
 760 M	 2.11  
 761 W	 6.74  
 762 D	 28.36  
 763 Q	 19.34  
 764 V	 5.76  
 765 R	 23.39  
 766 D	 51.62  
 767 A	 10.29  
 768 T	 26.81  
 769 F	 8.15  
 770 D	 44.12  
 771 W	 7.50  
 772 V	 4.18  
 773 E	 45.63  
 774 S	 21.06  
 775 V	 3.89  
 776 K	 54.33  
 777 I	 5.88  
 778 D	 45.07  
 779 N	 45.09  
 780 Q	 41.10  
 781 E	 62.71  
 782 T	 30.38  
 783 L	 10.00  
 784 E	 56.41  
 785 K	 63.23  
 786 K	 43.79  
 787 L	 9.22  
 788 S	 45.76  
 789 D	 52.52  
 790 W	 9.17  
 791 Q	 33.34  
 792 A	 17.72  
 793 K	 31.59  
 794 L	 5.99  
 795 E	 44.40  
 796 A	 18.92  
 797 V	 5.00  
 798 R	 41.58  
 799 N	 31.23  
 800 N	 29.76  
 801 R	 38.53  
 802 L	 6.71  
 803 A	 10.86  
 804 E	 57.95  
 805 R	 37.36  
 806 A	 17.97  
 807 E	 65.65  
 808 D	 67.71  
 809 R	 44.17  
 810 K	 74.99  
 811 K	 59.72  
 812 K	 72.27  
 813 R	 57.38  
 814 K	 69.68  
 815 E	 57.62  
 816 D	 52.59  
 817 A	 9.26  
 818 I	 6.73  
 819 Q	 38.02  
 820 A	 10.10  
 821 K	 26.52  
 822 I	 6.99  
 823 A	 16.34  
 824 E	 62.90  
 825 E	 61.86  
 826 R	 41.10  
 827 K	 60.50  
 828 K	 71.86  
 829 R	 60.64  
 830 E	 77.85  
 831 E	 70.01  
 832 E	 48.29  
 833 E	 55.72  
 834 R	 28.43  
 835 A	 21.58  
 836 R	 31.69  
 837 L	 4.68  
 838 Q	 28.70  
 839 V	 5.21  
 840 I	 2.95  
 841 E	 50.87  
 842 G	 18.38  
 843 Q	 25.29  
 844 R	 51.59  
 845 R	 33.93  
 846 Q	 41.76  
 847 H	 32.32  
 848 N	 45.13  
 849 D	 46.14  
 850 G	 38.98  
 851 R	 38.01  
 852 G	 38.23  
 853 R	 29.99  
 854 R	 50.90  
 855 E	 49.87  
 856 M	 5.84  
 857 E	 41.42  
 858 N	 40.24  
 859 S	 9.65  
 860 V	 8.51  
 861 A	 6.96  
 862 M	 4.88  
 863 Q	 36.30  
 864 D	 41.81  
 865 N	 33.58  
 866 D	 48.85  
 867 W	 13.85  
 868 R	 31.21  
 869 R	 56.61  
 870 N	 42.21  
 871 P	 27.75  
 872 P	 57.11  
 873 R	 47.60  
 874 E	 63.50  
 875 S	 47.67  
 876 L	 6.08  
 877 P	 34.87  
 878 P	 52.62  
 879 R	 56.85  
 880 E	 55.75  
 881 T	 41.16  
 882 R	 20.47  
 883 P	 29.58  
 884 M	 5.71  
 885 R	 48.71  
 886 D	 62.26  
 887 G	 18.34  
 888 P	 32.35  
 889 T	 53.87  
 890 R	 55.87  
 891 E	 51.71  
 892 P	 37.50  
 893 R	 51.43  
 894 E	 50.87  
 895 F	 12.81  
 896 R	 41.15  
 897 G	 39.36  
 898 D	 45.08  
 899 R	 47.94  
 900 D	 65.12  
 901 R	 57.63  
 902 E	 53.66  
 903 P	 46.99  
 904 R	 60.51  
 905 E	 60.55  
 906 P	 34.57  
 907 F	 9.97  
 908 R	 55.51  
 909 E	 60.19  
 910 V	 4.93  
 911 P	 28.29  
 912 S	 50.04  
 913 S	 26.28  
 914 K	 55.40  
 915 A	 27.21  
 916 D	 59.33  
 917 T	 41.77  
 918 D	 47.95  
 919 N	 45.63  
 920 S	 27.03  
 921 W	 15.49  
 922 R	 22.13  
 923 S	 24.62  
 924 S	 23.50  
 925 A	 22.18  
 926 Q	 41.67  
 927 P	 33.61  
 928 T	 38.96  
 929 R	 56.01  
 930 K	 56.10  
 931 P	 45.50  
 932 D	 66.15  
 933 D	 57.32  
 934 R	 47.59  
 935 R	 56.29  
 936 S	 42.24  
 937 D	 58.19  
 938 E	 42.15  
 939 F	 12.19  
 940 R	 34.15  
 941 R	 57.14  
 942 N	 45.65  
 943 D	 54.71  
 944 D	 39.10  
 945 V	 7.45  
 946 R	 38.38  
 947 R	 51.26  
 948 N	 38.99  
 949 D	 54.71  
 950 D	 39.10  
 951 V	 7.45  
 952 R	 38.38  
 953 R	 52.32  
 954 N	 56.42  
 955 D	 53.41  
 956 P	 30.28  
 957 P	 58.72  
 958 R	 44.82  
 959 P	 46.81  
 960 A	 25.58  
 961 S	 30.93  
 962 K	 53.00  
 963 A	 19.66  
 964 D	 55.76  
 965 T	 52.74  
 966 G	 34.74  
 967 D	 55.79  
 968 K	 52.91  
 969 W	 12.78  
 970 E	 45.35  
 971 R	 54.83  
 972 G	 21.93  
 973 V	 8.74  
 974 K	 34.61  
 975 P	 29.36  
 976 V	 5.73  
 977 V	 10.89  
 978 S	 35.40  
 979 P	 23.85  
 980 P	 44.68  
 981 K	 63.52  
 982 T	 43.07  
 983 D	 63.71  
 984 A	 11.96  
 985 P	 37.77  
 986 S	 39.74  
 987 V	 7.96  
 988 S	 53.14  
 989 E	 55.37  
 990 P	 37.66  
 991 K	 58.02  
 992 S	 59.51  
 993 E	 82.64  
 994 G	 39.87  
 995 P	 22.16  
 996 K	 70.13  
 997 R	 40.71  
 998 F	 13.94  
 999 V	 9.29  
 1000 P	 14.10  
 1001 P	 33.57  
 1002 H	 31.20  
 1003 L	 6.82  
 1004 R	 33.00  
 1005 N	 47.16  
 1006 R	 30.04  
 1007 Q	 59.43  
 1008 G	 33.21  
 1009 G	 24.03  
 1010 G	 29.60  
 1011 G	 25.07  
 1012 A	 23.58  
 1013 G	 43.35  
 1014 G	 31.20  
 1015 S	 36.72  
 1016 E	 64.43  
 1017 E	 52.08  
 1018 Q	 40.62  
 1019 S	 39.23  
 1020 A	 11.06  
 1021 P	 33.19  
 1022 A	 20.28  
 1023 R	 44.00  
 1024 S	 44.42  
 1025 G	 35.71  
 1026 N	 31.49  
 1027 S	 35.88  
 1028 N	 45.12  
 1029 V	 5.86  
 1030 T	 39.50  
 1031 S	 30.10  
 1032 P	 25.99  
 1033 P	 43.41  
 1034 D	 63.03  
 1035 R	 34.29  
 1036 A	 18.38  
 1037 Q	 52.96  
 1038 G	 19.16  
 1039 L	 3.68  
 1040 R	 63.50  
 1041 G	 44.07  
 1042 P	 25.84  
 1043 P	 41.74  
 1044 P	 51.09  
 1045 T	 55.32  
 1046 G	 32.33  
 1047 R	 31.85  
 1048 N	 49.60  
 1049 S	 38.09  
 1050 L	 4.34  
 1051 P	 29.13  
 1052 R	 55.40  
 1053 R	 51.83  
 1054 D	 75.20  
 1055 G	 34.50  
 1056 P	 39.76  
 1057 P	 42.33  
 1058 P	 56.30  
 1059 R	 58.76  
 1060 S	 39.96  
 1061 N	 51.90  
 1062 N	 51.08  
 1063 T	 35.74  
 1064 G	 31.65  
 1065 N	 42.65  
 1066 T	 32.91  
 1067 G	 31.18  
 1068 N	 38.24  
 1069 A	 17.43  
 1070 D	 58.49  
 1071 S	 32.11  
 1072 G	 31.60  
 1073 S	 27.88  
 1074 W	 18.66  
 1075 R	 36.18  
 1076 K	 59.44  
