 1 M	 9.30  
 2 S	 53.16  
 3 L	 4.49  
 4 P	 31.20  
 5 N	 52.42  
 6 S	 22.08  
 7 S	 18.54  
 8 C	 5.16  
 9 L	 6.74  
 10 L	 10.57  
 11 E	 42.51  
 12 D	 43.91  
 13 K	 35.75  
 14 M	 3.78  
 15 C	 8.14  
 16 E	 63.40  
 17 G	 35.69  
 18 N	 19.06  
 19 K	 57.12  
 20 T	 26.29  
 21 T	 16.61  
 22 M	 4.15  
 23 A	 18.90  
 24 S	 11.45  
 25 P	 23.06  
 26 Q	 48.15  
 27 L	 4.30  
 28 M	 1.71  
 29 P	 30.51  
 30 L	 2.58  
 31 V	 2.00  
 32 V	 4.77  
 33 V	 2.45  
 34 L	 2.24  
 35 S	 12.24  
 36 T	 16.14  
 37 I	 1.21  
 38 C	 2.24  
 39 L	 2.98  
 40 V	 3.36  
 41 T	 8.91  
 42 V	 6.82  
 43 G	 10.24  
 44 L	 3.38  
 45 N	 25.96  
 46 L	 4.15  
 47 L	 2.13  
 48 V	 4.29  
 49 L	 1.98  
 50 Y	 8.79  
 51 A	 6.01  
 52 V	 4.34  
 53 R	 25.32  
 54 S	 34.84  
 55 E	 43.18  
 56 R	 48.35  
 57 K	 40.34  
 58 L	 5.25  
 59 H	 22.88  
 60 T	 40.31  
 61 V	 3.13  
 62 G	 21.41  
 63 N	 25.90  
 64 L	 2.25  
 65 Y	 11.86  
 66 I	 1.59  
 67 V	 2.73  
 68 S	 12.84  
 69 L	 3.10  
 70 S	 14.04  
 71 V	 6.11  
 72 A	 11.52  
 73 D	 34.47  
 74 L	 2.17  
 75 I	 2.50  
 76 V	 5.39  
 77 G	 12.98  
 78 A	 4.65  
 79 V	 2.89  
 80 V	 3.36  
 81 M	 1.78  
 82 P	 10.89  
 83 M	 2.35  
 84 N	 18.42  
 85 I	 1.86  
 86 L	 1.78  
 87 Y	 8.26  
 88 L	 2.65  
 89 L	 1.99  
 90 M	 3.41  
 91 S	 30.83  
 92 K	 27.17  
 93 W	 7.47  
 94 S	 25.36  
 95 L	 7.01  
 96 G	 24.52  
 97 R	 26.72  
 98 P	 26.15  
 99 L	 3.69  
 100 C	 3.06  
 101 L	 4.55  
 102 F	 6.35  
 103 W	 3.74  
 104 L	 2.08  
 105 S	 10.53  
 106 M	 3.95  
 107 D	 31.23  
 108 Y	 6.83  
 109 V	 2.71  
 110 A	 8.57  
 111 S	 17.92  
 112 T	 18.06  
 113 A	 9.72  
 114 S	 25.01  
 115 I	 2.50  
 116 F	 4.76  
 117 S	 17.91  
 118 V	 2.11  
 119 F	 3.23  
 120 I	 2.62  
 121 L	 1.10  
 122 C	 2.32  
 123 I	 2.79  
 124 D	 40.33  
 125 R	 14.62  
 126 Y	 11.95  
 127 R	 31.11  
 128 S	 18.49  
 129 V	 4.54  
 130 Q	 40.18  
 131 Q	 36.52  
 132 P	 11.17  
 133 L	 4.96  
 134 R	 41.23  
 135 Y	 18.41  
 136 L	 2.96  
 137 K	 24.61  
 138 Y	 22.41  
 139 R	 28.32  
 140 T	 33.41  
 141 K	 27.32  
 142 T	 30.75  
 143 R	 28.27  
 144 A	 14.56  
 145 S	 23.74  
 146 A	 9.55  
 147 T	 17.78  
 148 I	 3.14  
 149 L	 3.13  
 150 G	 19.53  
 151 A	 7.15  
 152 W	 7.91  
 153 F	 3.98  
 154 L	 2.17  
 155 S	 14.60  
 156 F	 7.29  
 157 L	 2.99  
 158 W	 5.51  
 159 V	 3.97  
 160 I	 0.88  
 161 P	 13.21  
 162 I	 3.69  
 163 L	 5.65  
 164 G	 24.70  
 165 W	 7.53  
 166 N	 19.40  
 167 H	 17.04  
 168 F	 4.23  
 169 M	 1.93  
 170 Q	 42.32  
 171 Q	 24.77  
 172 T	 16.58  
 173 S	 14.86  
 174 V	 8.31  
 175 R	 35.72  
 176 R	 55.07  
 177 E	 51.78  
 178 D	 60.12  
 179 K	 29.26  
 180 C	 12.01  
 181 E	 58.09  
 182 T	 40.66  
 183 D	 20.15  
 184 F	 7.97  
 185 Y	 16.59  
 186 D	 31.22  
 187 V	 3.30  
 188 T	 23.45  
 189 W	 7.30  
 190 F	 2.89  
 191 K	 23.74  
 192 V	 2.76  
 193 M	 1.85  
 194 T	 20.07  
 195 A	 5.20  
 196 I	 1.62  
 197 I	 2.43  
 198 N	 17.25  
 199 F	 4.70  
 200 Y	 13.79  
 201 L	 1.98  
 202 P	 15.04  
 203 T	 29.90  
 204 L	 2.21  
 205 L	 2.66  
 206 M	 3.33  
 207 L	 2.63  
 208 W	 3.12  
 209 F	 3.61  
 210 Y	 8.73  
 211 A	 5.14  
 212 K	 34.88  
 213 I	 3.04  
 214 Y	 7.68  
 215 K	 43.83  
 216 A	 5.69  
 217 V	 5.46  
 218 R	 25.94  
 219 Q	 34.80  
 220 H	 11.57  
 221 C	 2.49  
 222 Q	 36.23  
 223 H	 30.49  
 224 R	 17.97  
 225 E	 52.45  
 226 L	 4.19  
 227 I	 3.27  
 228 N	 39.86  
 229 R	 32.35  
 230 S	 39.89  
 231 L	 3.58  
 232 P	 34.28  
 233 S	 46.85  
 234 F	 7.78  
 235 S	 42.63  
 236 E	 41.98  
 237 I	 5.02  
 238 K	 34.10  
 239 L	 15.78  
 240 R	 31.33  
 241 P	 57.03  
 242 E	 78.65  
 243 N	 46.39  
 244 P	 40.10  
 245 K	 79.56  
 246 G	 41.17  
 247 D	 62.43  
 248 A	 30.36  
 249 K	 65.33  
 250 K	 61.80  
 251 P	 59.38  
 252 G	 56.07  
 253 K	 64.64  
 254 E	 68.87  
 255 S	 38.51  
 256 P	 32.13  
 257 W	 20.01  
 258 E	 41.16  
 259 V	 7.25  
 260 L	 2.77  
 261 K	 64.65  
 262 R	 57.24  
 263 K	 55.63  
 264 P	 43.74  
 265 K	 64.34  
 266 D	 60.00  
 267 A	 25.34  
 268 G	 51.64  
 269 G	 27.24  
 270 G	 17.42  
 271 S	 27.79  
 272 V	 9.86  
 273 L	 4.94  
 274 K	 59.16  
 275 S	 26.14  
 276 P	 28.95  
 277 S	 54.50  
 278 Q	 66.27  
 279 T	 40.44  
 280 P	 23.99  
 281 K	 74.05  
 282 E	 53.71  
 283 M	 6.95  
 284 K	 53.34  
 285 S	 22.93  
 286 P	 22.29  
 287 V	 9.78  
 288 V	 4.31  
 289 F	 6.76  
 290 S	 22.50  
 291 Q	 46.83  
 292 E	 61.76  
 293 D	 53.26  
 294 D	 48.14  
 295 R	 59.15  
 296 E	 63.16  
 297 V	 9.06  
 298 D	 30.41  
 299 K	 46.67  
 300 L	 3.78  
 301 Y	 9.59  
 302 C	 4.03  
 303 F	 4.20  
 304 P	 26.09  
 305 L	 3.34  
 306 D	 40.89  
 307 I	 2.78  
 308 V	 2.84  
 309 H	 11.72  
 310 M	 1.69  
 311 Q	 16.99  
 312 A	 10.89  
 313 A	 6.80  
 314 A	 25.38  
 315 E	 55.68  
 316 G	 26.62  
 317 S	 17.44  
 318 S	 39.77  
 319 R	 40.76  
 320 D	 44.18  
 321 Y	 6.81  
 322 V	 5.85  
 323 A	 6.14  
 324 V	 4.34  
 325 N	 29.96  
 326 R	 24.35  
 327 S	 27.11  
 328 H	 25.45  
 329 G	 35.44  
 330 Q	 34.07  
 331 L	 8.36  
 332 K	 46.15  
 333 T	 54.05  
 334 D	 44.63  
 335 E	 52.35  
 336 Q	 65.56  
 337 G	 20.88  
 338 L	 7.17  
 339 N	 36.53  
 340 T	 27.08  
 341 H	 28.84  
 342 G	 28.85  
 343 A	 9.08  
 344 S	 39.80  
 345 E	 50.42  
 346 I	 5.18  
 347 S	 30.94  
 348 E	 58.90  
 349 D	 32.19  
 350 Q	 25.58  
 351 M	 7.55  
 352 L	 5.99  
 353 G	 27.47  
 354 D	 39.27  
 355 S	 26.40  
 356 Q	 53.92  
 357 S	 29.19  
 358 F	 4.43  
 359 S	 39.25  
 360 R	 40.31  
 361 T	 38.36  
 362 D	 43.32  
 363 S	 35.92  
 364 D	 51.38  
 365 T	 39.30  
 366 T	 27.85  
 367 T	 33.17  
 368 E	 40.66  
 369 T	 35.74  
 370 A	 12.48  
 371 P	 53.07  
 372 G	 49.21  
 373 K	 52.38  
 374 G	 39.90  
 375 K	 44.18  
 376 L	 7.79  
 377 R	 42.32  
 378 S	 57.94  
 379 G	 20.62  
 380 S	 32.25  
 381 N	 41.51  
 382 T	 40.60  
 383 G	 22.32  
 384 L	 4.20  
 385 D	 44.44  
 386 Y	 15.85  
 387 I	 2.71  
 388 K	 30.43  
 389 F	 7.75  
 390 T	 25.69  
 391 W	 6.21  
 392 K	 38.20  
 393 R	 27.22  
 394 L	 6.14  
 395 R	 36.03  
 396 S	 30.33  
 397 H	 22.14  
 398 S	 23.48  
 399 R	 26.82  
 400 Q	 46.09  
 401 Y	 8.75  
 402 V	 2.50  
 403 S	 30.61  
 404 G	 15.01  
 405 L	 2.42  
 406 H	 18.26  
 407 M	 6.42  
 408 N	 31.73  
 409 R	 37.21  
 410 E	 54.23  
 411 R	 30.58  
 412 K	 48.20  
 413 A	 26.55  
 414 A	 11.80  
 415 K	 51.41  
 416 Q	 41.93  
 417 L	 6.28  
 418 G	 13.93  
 419 F	 4.73  
 420 I	 1.42  
 421 M	 1.74  
 422 A	 8.39  
 423 A	 3.75  
 424 F	 2.96  
 425 I	 2.38  
 426 L	 1.27  
 427 C	 2.37  
 428 W	 7.37  
 429 I	 1.61  
 430 P	 8.09  
 431 Y	 10.52  
 432 F	 3.09  
 433 I	 1.83  
 434 F	 2.01  
 435 F	 3.06  
 436 M	 1.16  
 437 V	 2.11  
 438 I	 1.31  
 439 A	 7.74  
 440 F	 4.13  
 441 C	 1.98  
 442 K	 46.71  
 443 N	 36.43  
 444 C	 1.29  
 445 C	 10.53  
 446 N	 41.75  
 447 E	 33.63  
 448 H	 13.67  
 449 L	 2.27  
 450 H	 15.95  
 451 M	 3.89  
 452 F	 2.89  
 453 T	 12.03  
 454 I	 1.63  
 455 W	 4.81  
 456 L	 3.10  
 457 G	 13.28  
 458 Y	 8.51  
 459 I	 2.89  
 460 N	 22.06  
 461 S	 25.39  
 462 T	 26.51  
 463 L	 6.62  
 464 N	 29.44  
 465 P	 24.21  
 466 L	 5.96  
 467 I	 3.34  
 468 Y	 9.61  
 469 P	 24.36  
 470 L	 2.48  
 471 C	 5.33  
 472 N	 55.73  
 473 E	 64.15  
 474 N	 39.79  
 475 F	 7.57  
 476 K	 63.59  
 477 K	 55.87  
 478 T	 34.67  
 479 F	 7.41  
 480 K	 43.70  
 481 R	 32.29  
 482 I	 3.19  
 483 L	 2.97  
 484 H	 15.85  
 485 I	 4.08  
 486 R	 26.09  
 487 S	 43.93  
