 1 M	 8.21  
 2 N	 52.08  
 3 Q	 39.87  
 4 I	 6.15  
 5 E	 26.66  
 6 P	 50.30  
 7 G	 13.33  
 8 V	 8.81  
 9 Q	 27.03  
 10 Y	 13.17  
 11 N	 11.60  
 12 Y	 8.75  
 13 V	 4.29  
 14 Y	 11.85  
 15 D	 46.99  
 16 E	 34.75  
 17 D	 49.80  
 18 E	 34.65  
 19 Y	 16.31  
 20 M	 2.10  
 21 I	 4.57  
 22 Q	 35.20  
 23 E	 47.13  
 24 E	 48.27  
 25 E	 54.66  
 26 W	 14.82  
 27 D	 37.18  
 28 R	 37.23  
 29 D	 38.91  
 30 L	 5.50  
 31 L	 6.29  
 32 L	 10.88  
 33 D	 30.73  
 34 P	 38.96  
 35 A	 27.08  
 36 W	 20.78  
 37 E	 42.99  
 38 K	 40.82  
 39 Q	 36.47  
 40 Q	 60.96  
 41 R	 37.17  
 42 K	 43.59  
 43 T	 28.54  
 44 F	 5.00  
 45 T	 25.20  
 46 A	 12.48  
 47 W	 4.45  
 48 C	 3.29  
 49 N	 23.05  
 50 S	 22.29  
 51 H	 18.70  
 52 L	 6.36  
 53 R	 22.73  
 54 K	 58.49  
 55 A	 21.60  
 56 G	 22.61  
 57 T	 31.10  
 58 Q	 39.83  
 59 I	 4.37  
 60 E	 42.19  
 61 N	 48.91  
 62 I	 3.88  
 63 E	 64.20  
 64 E	 59.66  
 65 D	 34.71  
 66 F	 8.06  
 67 R	 48.94  
 68 N	 61.21  
 69 G	 21.67  
 70 L	 4.37  
 71 K	 33.00  
 72 L	 3.34  
 73 M	 2.07  
 74 L	 7.76  
 75 L	 2.09  
 76 L	 4.32  
 77 E	 37.46  
 78 V	 4.21  
 79 I	 2.98  
 80 S	 39.51  
 81 G	 16.96  
 82 E	 44.23  
 83 R	 60.87  
 84 L	 5.79  
 85 P	 52.97  
 86 K	 65.23  
 87 P	 34.29  
 88 D	 77.44  
 89 R	 55.98  
 90 G	 35.18  
 91 K	 28.00  
 92 M	 6.52  
 93 R	 33.72  
 94 F	 6.52  
 95 H	 15.39  
 96 K	 40.58  
 97 I	 2.24  
 98 A	 20.79  
 99 N	 41.17  
 100 V	 6.01  
 101 N	 24.56  
 102 K	 46.15  
 103 A	 10.64  
 104 L	 5.69  
 105 D	 37.34  
 106 Y	 10.15  
 107 I	 3.31  
 108 A	 10.04  
 109 S	 22.00  
 110 K	 59.71  
 111 G	 21.21  
 112 V	 5.08  
 113 K	 52.41  
 114 L	 3.20  
 115 V	 3.04  
 116 S	 26.24  
 117 I	 4.77  
 118 G	 21.30  
 119 A	 15.02  
 120 E	 42.94  
 121 E	 48.02  
 122 I	 2.29  
 123 V	 9.73  
 124 D	 48.92  
 125 G	 29.90  
 126 N	 26.27  
 127 V	 5.69  
 128 K	 30.11  
 129 M	 3.05  
 130 T	 17.91  
 131 L	 3.81  
 132 G	 9.07  
 133 M	 2.32  
 134 I	 2.52  
 135 W	 3.45  
 136 T	 6.29  
 137 I	 1.35  
 138 I	 1.44  
 139 L	 3.05  
 140 R	 14.45  
 141 F	 6.69  
 142 A	 7.66  
 143 I	 3.30  
 144 Q	 38.26  
 145 D	 29.08  
 146 I	 2.59  
 147 S	 31.59  
 148 V	 8.66  
 149 E	 49.09  
 150 E	 46.00  
 151 T	 22.07  
 152 S	 40.39  
 153 A	 22.72  
 154 K	 52.67  
 155 E	 55.58  
 156 G	 22.40  
 157 L	 3.59  
 158 L	 5.27  
 159 L	 5.31  
 160 W	 3.99  
 161 C	 2.57  
 162 Q	 38.02  
 163 R	 34.85  
 164 K	 24.14  
 165 T	 34.75  
 166 A	 11.36  
 167 P	 33.57  
 168 Y	 16.62  
 169 R	 39.29  
 170 N	 25.91  
 171 V	 5.03  
 172 N	 33.41  
 173 I	 2.85  
 174 Q	 41.13  
 175 N	 27.20  
 176 F	 3.68  
 177 H	 26.92  
 178 T	 31.95  
 179 S	 24.45  
 180 W	 12.15  
 181 K	 41.51  
 182 D	 51.82  
 183 G	 20.23  
 184 L	 7.30  
 185 G	 25.00  
 186 L	 1.53  
 187 C	 2.48  
 188 A	 18.00  
 189 L	 3.10  
 190 I	 1.11  
 191 H	 21.97  
 192 R	 22.10  
 193 H	 31.31  
 194 R	 26.78  
 195 P	 34.33  
 196 D	 57.10  
 197 L	 3.39  
 198 I	 6.44  
 199 D	 49.29  
 200 Y	 10.74  
 201 S	 27.24  
 202 K	 50.26  
 203 L	 8.72  
 204 N	 49.82  
 205 K	 74.15  
 206 D	 66.88  
 207 D	 38.02  
 208 P	 46.66  
 209 I	 9.44  
 210 G	 34.06  
 211 N	 22.24  
 212 I	 3.64  
 213 N	 26.25  
 214 L	 4.20  
 215 A	 6.78  
 216 M	 4.28  
 217 E	 33.18  
 218 I	 3.73  
 219 A	 13.38  
 220 E	 46.82  
 221 K	 40.21  
 222 H	 21.90  
 223 L	 10.66  
 224 D	 55.66  
 225 I	 4.43  
 226 P	 18.70  
 227 K	 53.05  
 228 M	 3.25  
 229 L	 7.62  
 230 D	 44.40  
 231 A	 16.64  
 232 E	 48.19  
 233 D	 52.43  
 234 I	 1.61  
 235 V	 11.46  
 236 N	 51.50  
 237 T	 23.07  
 238 P	 40.76  
 239 K	 64.16  
 240 P	 50.31  
 241 D	 65.23  
 242 E	 53.17  
 243 R	 36.47  
 244 A	 8.21  
 245 I	 2.38  
 246 M	 1.84  
 247 T	 18.04  
 248 Y	 3.50  
 249 V	 2.71  
 250 S	 6.52  
 251 C	 2.54  
 252 F	 3.79  
 253 Y	 9.14  
 254 H	 8.30  
 255 A	 5.65  
 256 F	 4.03  
 257 A	 19.64  
 258 G	 24.16  
 259 A	 11.42  
 260 E	 49.78  
 261 Q	 43.92  
 262 A	 13.96  
 263 E	 38.38  
 264 T	 33.80  
 265 A	 8.34  
 266 A	 17.16  
 267 N	 31.24  
 268 R	 30.84  
 269 I	 2.40  
 270 C	 1.94  
 271 K	 37.60  
 272 V	 3.44  
 273 L	 2.42  
 274 A	 10.95  
 275 V	 7.12  
 276 N	 37.53  
 277 Q	 48.57  
 278 E	 56.72  
 279 N	 29.89  
 280 E	 46.57  
 281 R	 51.41  
 282 L	 4.06  
 283 M	 4.63  
 284 E	 63.12  
 285 E	 38.43  
 286 Y	 7.95  
 287 E	 44.49  
 288 R	 34.35  
 289 L	 4.03  
 290 A	 13.74  
 291 S	 33.11  
 292 E	 52.33  
 293 L	 4.94  
 294 L	 4.50  
 295 E	 54.18  
 296 W	 6.86  
 297 I	 1.24  
 298 R	 30.66  
 299 R	 28.07  
 300 T	 22.88  
 301 I	 1.87  
 302 P	 29.05  
 303 W	 16.68  
 304 L	 3.33  
 305 E	 40.57  
 306 N	 51.46  
 307 R	 42.13  
 308 T	 47.59  
 309 P	 37.54  
 310 E	 61.62  
 311 K	 50.96  
 312 T	 16.92  
 313 M	 3.37  
 314 Q	 38.62  
 315 A	 7.49  
 316 M	 3.19  
 317 Q	 42.63  
 318 K	 46.36  
 319 K	 39.97  
 320 L	 11.13  
 321 E	 65.07  
 322 D	 55.08  
 323 F	 4.71  
 324 R	 52.99  
 325 D	 41.08  
 326 Y	 14.20  
 327 R	 45.52  
 328 R	 38.92  
 329 K	 47.16  
 330 H	 46.15  
 331 K	 67.08  
 332 P	 33.39  
 333 P	 55.01  
 334 K	 66.14  
 335 V	 12.55  
 336 Q	 51.03  
 337 E	 59.80  
 338 K	 15.36  
 339 C	 5.70  
 340 Q	 53.88  
 341 L	 11.34  
 342 E	 15.26  
 343 I	 10.96  
 344 N	 18.10  
 345 F	 10.18  
 346 N	 35.08  
 347 T	 18.99  
 348 L	 6.80  
 349 Q	 34.25  
 350 T	 34.85  
 351 K	 23.86  
 352 L	 7.16  
 353 R	 31.67  
 354 I	 6.57  
 355 S	 21.98  
 356 N	 52.13  
 357 R	 19.68  
 358 P	 33.81  
 359 A	 15.33  
 360 F	 9.07  
 361 M	 3.76  
 362 P	 23.83  
 363 S	 47.39  
 364 E	 57.89  
 365 G	 27.91  
 366 K	 31.88  
 367 M	 5.26  
 368 V	 5.46  
 369 S	 21.57  
 370 D	 24.28  
 371 I	 2.72  
 372 A	 13.47  
 373 G	 27.90  
 374 A	 7.10  
 375 W	 5.28  
 376 Q	 39.28  
 377 R	 29.50  
 378 L	 3.24  
 379 E	 50.35  
 380 Q	 60.45  
 381 A	 15.87  
 382 E	 46.86  
 383 K	 70.57  
 384 G	 26.96  
 385 Y	 23.03  
 386 E	 51.90  
 387 E	 34.63  
 388 W	 8.33  
 389 L	 4.10  
 390 L	 5.91  
 391 N	 40.24  
 392 E	 37.53  
 393 I	 2.78  
 394 R	 30.84  
 395 R	 46.71  
 396 L	 3.01  
 397 E	 54.10  
 398 R	 50.39  
 399 L	 3.38  
 400 E	 42.97  
 401 H	 34.63  
 402 L	 4.87  
 403 A	 21.60  
 404 E	 60.12  
 405 K	 39.99  
 406 F	 8.23  
 407 R	 48.43  
 408 Q	 49.12  
 409 K	 39.80  
 410 A	 16.01  
 411 S	 37.01  
 412 T	 28.70  
 413 H	 28.17  
 414 E	 46.24  
 415 T	 14.06  
 416 W	 5.63  
 417 A	 15.60  
 418 Y	 21.94  
 419 G	 21.19  
 420 K	 33.50  
 421 E	 38.19  
 422 Q	 34.81  
 423 I	 4.32  
 424 L	 4.07  
 425 L	 6.76  
 426 Q	 32.88  
 427 K	 63.35  
 428 D	 39.20  
 429 Y	 20.86  
 430 E	 50.38  
 431 S	 19.54  
 432 A	 9.16  
 433 S	 45.14  
 434 L	 4.78  
 435 T	 29.91  
 436 E	 34.99  
 437 V	 3.50  
 438 R	 17.18  
 439 A	 19.00  
 440 L	 3.13  
 441 L	 7.18  
 442 R	 38.85  
 443 K	 45.85  
 444 H	 25.78  
 445 E	 59.08  
 446 A	 17.15  
 447 F	 9.34  
 448 E	 50.84  
 449 S	 31.32  
 450 D	 32.88  
 451 L	 6.71  
 452 A	 14.11  
 453 A	 14.26  
 454 H	 25.19  
 455 Q	 35.16  
 456 D	 46.88  
 457 R	 27.57  
 458 V	 9.50  
 459 E	 36.84  
 460 Q	 27.97  
 461 I	 1.44  
 462 A	 7.78  
 463 A	 10.16  
 464 I	 2.76  
 465 A	 7.65  
 466 Q	 49.99  
 467 E	 44.53  
 468 L	 3.92  
 469 N	 47.21  
 470 E	 56.49  
 471 L	 8.46  
 472 D	 32.32  
 473 Y	 17.77  
 474 H	 19.07  
 475 D	 46.08  
 476 A	 4.97  
 477 V	 11.64  
 478 N	 28.70  
 479 V	 6.74  
 480 N	 26.30  
 481 D	 48.74  
 482 R	 21.40  
 483 C	 5.57  
 484 Q	 38.76  
 485 K	 49.26  
 486 I	 0.98  
 487 C	 4.02  
 488 D	 56.96  
 489 Q	 39.29  
 490 W	 4.57  
 491 D	 30.23  
 492 R	 31.87  
 493 L	 5.95  
 494 G	 21.41  
 495 T	 31.09  
 496 L	 4.54  
 497 T	 31.70  
 498 Q	 40.13  
 499 K	 48.46  
 500 R	 31.67  
 501 R	 40.34  
 502 E	 62.73  
 503 A	 16.95  
 504 L	 3.53  
 505 E	 57.96  
 506 R	 39.14  
 507 M	 3.78  
 508 E	 46.93  
 509 K	 49.37  
 510 L	 3.13  
 511 L	 8.93  
 512 E	 54.90  
 513 T	 29.80  
 514 I	 2.01  
 515 D	 53.02  
 516 Q	 27.25  
 517 L	 4.40  
 518 H	 20.06  
 519 L	 8.66  
 520 E	 32.58  
 521 F	 14.12  
 522 A	 7.34  
 523 K	 48.14  
 524 R	 32.33  
 525 A	 20.84  
 526 A	 17.16  
 527 P	 31.36  
 528 F	 10.67  
 529 N	 39.95  
 530 N	 39.59  
 531 W	 6.31  
 532 M	 3.56  
 533 E	 35.10  
 534 G	 17.70  
 535 A	 5.72  
 536 M	 6.39  
 537 E	 55.85  
 538 D	 36.22  
 539 L	 2.72  
 540 Q	 53.06  
 541 D	 41.06  
 542 M	 1.27  
 543 F	 7.69  
 544 I	 1.87  
 545 V	 1.66  
 546 H	 20.45  
 547 S	 22.32  
 548 I	 3.12  
 549 E	 52.65  
 550 E	 44.66  
 551 I	 1.87  
 552 Q	 35.15  
 553 S	 27.66  
 554 L	 2.01  
 555 I	 3.76  
 556 T	 27.53  
 557 A	 9.38  
 558 H	 22.27  
 559 E	 56.07  
 560 Q	 34.96  
 561 F	 5.46  
 562 K	 39.91  
 563 A	 18.69  
 564 T	 43.36  
 565 L	 4.27  
 566 P	 30.30  
 567 E	 63.61  
 568 A	 28.33  
 569 D	 58.80  
 570 G	 38.75  
 571 E	 48.36  
 572 R	 40.87  
 573 Q	 32.76  
 574 S	 22.13  
 575 I	 1.31  
 576 M	 3.05  
 577 A	 9.88  
 578 I	 2.21  
 579 Q	 30.41  
 580 N	 49.52  
 581 E	 35.36  
 582 V	 12.99  
 583 E	 35.11  
 584 K	 50.22  
 585 V	 2.81  
 586 I	 3.14  
 587 Q	 42.73  
 588 S	 14.71  
 589 Y	 9.76  
 590 N	 23.47  
 591 I	 2.92  
 592 R	 21.06  
 593 I	 4.08  
 594 S	 20.19  
 595 S	 31.59  
 596 S	 34.73  
 597 N	 41.29  
 598 P	 26.80  
 599 Y	 22.64  
 600 S	 20.05  
 601 T	 17.72  
 602 V	 3.25  
 603 T	 20.99  
 604 M	 3.07  
 605 D	 42.27  
 606 E	 29.36  
 607 L	 8.00  
 608 R	 32.01  
 609 T	 49.46  
 610 K	 47.14  
 611 W	 15.28  
 612 D	 47.64  
 613 K	 50.66  
 614 V	 4.41  
 615 K	 43.59  
 616 Q	 51.16  
 617 L	 4.02  
 618 V	 3.25  
 619 P	 25.21  
 620 I	 6.21  
 621 R	 29.82  
 622 D	 43.04  
 623 Q	 35.87  
 624 S	 35.99  
 625 L	 6.54  
 626 Q	 47.57  
 627 E	 61.34  
 628 E	 34.47  
 629 L	 4.72  
 630 A	 16.62  
 631 R	 41.25  
 632 Q	 34.14  
 633 H	 25.60  
 634 A	 15.96  
 635 N	 32.56  
 636 E	 54.60  
 637 R	 33.05  
 638 L	 4.28  
 639 R	 36.25  
 640 R	 40.33  
 641 Q	 26.37  
 642 F	 6.04  
 643 A	 7.13  
 644 A	 15.42  
 645 Q	 31.55  
 646 A	 11.60  
 647 N	 21.73  
 648 A	 15.90  
 649 I	 7.36  
 650 G	 14.74  
 651 P	 20.91  
 652 W	 10.29  
 653 I	 3.49  
 654 Q	 39.35  
 655 N	 36.19  
 656 K	 31.17  
 657 M	 7.98  
 658 E	 48.11  
 659 E	 38.15  
 660 I	 2.16  
 661 A	 14.48  
 662 R	 36.28  
 663 S	 23.83  
 664 S	 16.98  
 665 I	 3.46  
 666 Q	 29.19  
 667 I	 3.51  
 668 T	 10.46  
 669 G	 29.78  
 670 A	 10.10  
 671 L	 8.68  
 672 E	 45.74  
 673 D	 54.61  
 674 Q	 24.29  
 675 M	 5.51  
 676 N	 38.10  
 677 Q	 44.70  
 678 L	 2.95  
 679 K	 40.86  
 680 Q	 58.39  
 681 Y	 19.98  
 682 E	 28.15  
 683 H	 26.34  
 684 N	 25.54  
 685 I	 2.03  
 686 I	 5.83  
 687 N	 37.62  
 688 Y	 12.51  
 689 K	 38.74  
 690 N	 40.09  
 691 N	 39.42  
 692 I	 7.45  
 693 D	 52.16  
 694 K	 44.64  
 695 L	 8.68  
 696 E	 69.21  
 697 G	 48.41  
 698 D	 19.58  
 699 H	 34.89  
 700 Q	 45.03  
 701 L	 3.81  
 702 I	 2.53  
 703 Q	 38.20  
 704 E	 36.66  
 705 A	 7.83  
 706 L	 3.77  
 707 V	 7.94  
 708 F	 9.97  
 709 D	 56.65  
 710 N	 26.92  
 711 K	 54.36  
 712 H	 26.12  
 713 T	 31.37  
 714 N	 29.96  
 715 Y	 14.49  
 716 T	 20.39  
 717 M	 2.20  
 718 E	 28.50  
 719 H	 11.44  
 720 I	 2.14  
 721 R	 23.85  
 722 V	 11.76  
 723 G	 11.42  
 724 W	 7.10  
 725 E	 24.50  
 726 L	 3.71  
 727 L	 2.43  
 728 L	 6.58  
 729 T	 19.00  
 730 T	 16.77  
 731 I	 1.74  
 732 A	 10.64  
 733 R	 32.08  
 734 T	 21.09  
 735 I	 3.27  
 736 N	 46.80  
 737 E	 37.57  
 738 V	 9.25  
 739 E	 28.90  
 740 T	 26.53  
 741 Q	 18.39  
 742 I	 5.76  
 743 L	 2.00  
 744 T	 28.29  
 745 R	 38.14  
 746 D	 47.61  
 747 A	 14.53  
 748 K	 55.95  
 749 G	 29.87  
 750 I	 3.37  
 751 T	 34.42  
 752 Q	 36.68  
 753 E	 43.05  
 754 Q	 30.13  
 755 M	 5.23  
 756 N	 44.97  
 757 E	 31.03  
 758 F	 7.21  
 759 R	 24.12  
 760 A	 24.64  
 761 S	 23.48  
 762 F	 8.87  
 763 N	 32.21  
 764 H	 24.79  
 765 F	 9.07  
 766 D	 41.76  
 767 R	 50.99  
 768 R	 38.34  
 769 K	 57.15  
 770 N	 47.20  
 771 G	 25.97  
 772 L	 5.22  
 773 M	 5.39  
 774 D	 47.25  
 775 H	 23.66  
 776 E	 55.36  
 777 D	 34.61  
 778 F	 4.93  
 779 R	 36.39  
 780 A	 7.77  
 781 C	 2.78  
 782 L	 2.95  
 783 I	 2.40  
 784 S	 8.00  
 785 M	 4.58  
 786 G	 13.15  
 787 Y	 10.19  
 788 D	 42.33  
 789 L	 5.13  
 790 G	 29.21  
 791 E	 52.93  
 792 A	 18.53  
 793 E	 35.22  
 794 F	 7.74  
 795 A	 7.50  
 796 R	 25.24  
 797 I	 1.91  
 798 M	 1.65  
 799 T	 22.66  
 800 L	 1.97  
 801 V	 9.40  
 802 D	 33.78  
 803 P	 39.10  
 804 N	 51.46  
 805 G	 32.46  
 806 Q	 51.53  
 807 G	 24.45  
 808 T	 14.42  
 809 V	 6.89  
 810 T	 18.78  
 811 F	 5.07  
 812 Q	 28.24  
 813 S	 21.70  
 814 F	 4.28  
 815 I	 4.90  
 816 D	 25.84  
 817 F	 4.62  
 818 M	 2.83  
 819 T	 25.91  
 820 R	 27.72  
 821 E	 38.90  
 822 T	 26.92  
 823 A	 16.98  
 824 D	 53.16  
 825 T	 32.55  
 826 D	 44.46  
 827 T	 33.90  
 828 A	 14.18  
 829 E	 47.69  
 830 Q	 29.47  
 831 V	 2.73  
 832 I	 2.38  
 833 A	 12.08  
 834 S	 12.16  
 835 F	 4.10  
 836 R	 22.10  
 837 I	 3.38  
 838 L	 3.04  
 839 A	 17.20  
 840 S	 42.60  
 841 D	 50.79  
 842 K	 36.91  
 843 P	 26.79  
 844 Y	 17.82  
 845 I	 3.89  
 846 L	 3.96  
 847 A	 9.92  
 848 E	 54.86  
 849 E	 41.80  
 850 L	 4.75  
 851 R	 33.05  
 852 R	 63.53  
 853 E	 60.23  
 854 L	 7.66  
 855 P	 26.18  
 856 P	 59.99  
 857 D	 55.28  
 858 Q	 35.82  
 859 A	 15.08  
 860 Q	 28.18  
 861 Y	 10.12  
 862 C	 1.64  
 863 I	 2.42  
 864 K	 38.80  
 865 R	 19.19  
 866 M	 1.57  
 867 P	 31.89  
 868 A	 11.20  
 869 Y	 14.32  
 870 S	 40.39  
 871 G	 20.22  
 872 P	 26.41  
 873 G	 44.81  
 874 S	 28.42  
 875 V	 6.67  
 876 P	 24.84  
 877 G	 36.29  
 878 A	 7.38  
 879 L	 6.83  
 880 D	 30.41  
 881 Y	 10.73  
 882 A	 11.16  
 883 A	 9.91  
 884 F	 4.51  
 885 S	 15.24  
 886 S	 18.81  
 887 A	 12.01  
 888 L	 6.44  
 889 Y	 20.68  
 890 G	 28.87  
 891 E	 27.76  
 892 S	 39.59  
 893 D	 52.69  
 894 L	 12.00  
