 1 M	 8.35  
 2 Q	 53.94  
 3 R	 33.15  
 4 N	 23.86  
 5 S	 35.56  
 6 L	 3.79  
 7 V	 7.55  
 8 N	 30.85  
 9 I	 4.13  
 10 K	 30.41  
 11 L	 6.92  
 12 N	 31.88  
 13 A	 28.45  
 14 N	 54.07  
 15 S	 28.30  
 16 P	 50.39  
 17 S	 46.75  
 18 K	 58.48  
 19 K	 56.28  
 20 T	 36.82  
 21 T	 29.68  
 22 T	 49.73  
 23 R	 22.00  
 24 P	 46.49  
 25 N	 47.60  
 26 T	 23.28  
 27 S	 37.49  
 28 R	 34.17  
 29 I	 8.55  
 30 N	 43.13  
 31 K	 43.52  
 32 P	 22.53  
 33 W	 16.32  
 34 R	 29.11  
 35 I	 3.72  
 36 S	 14.89  
 37 H	 40.92  
 38 S	 20.01  
 39 P	 28.97  
 40 Q	 58.86  
 41 Q	 50.97  
 42 R	 56.15  
 43 N	 35.45  
 44 P	 48.97  
 45 N	 60.53  
 46 S	 32.97  
 47 K	 66.34  
 48 I	 4.02  
 49 P	 36.00  
 50 S	 39.23  
 51 P	 24.67  
 52 V	 16.90  
 53 R	 38.42  
 54 E	 63.23  
 55 K	 40.26  
 56 L	 3.75  
 57 N	 55.28  
 58 R	 51.29  
 59 L	 5.59  
 60 P	 24.45  
 61 V	 17.03  
 62 N	 53.30  
 63 N	 49.48  
 64 K	 39.43  
 65 K	 53.97  
 66 F	 8.15  
 67 L	 9.34  
 68 D	 41.77  
 69 M	 6.14  
 70 E	 52.07  
 71 S	 30.23  
 72 S	 22.69  
 73 K	 68.84  
 74 I	 4.39  
 75 P	 37.48  
 76 S	 36.11  
 77 P	 25.67  
 78 I	 9.17  
 79 R	 26.41  
 80 K	 57.65  
 81 A	 11.67  
 82 T	 36.25  
 83 S	 32.59  
 84 S	 23.14  
 85 K	 41.46  
 86 M	 4.01  
 87 I	 4.18  
 88 H	 29.13  
 89 E	 60.87  
 90 N	 32.38  
 91 K	 53.34  
 92 K	 79.98  
 93 L	 6.27  
 94 P	 49.25  
 95 K	 75.70  
 96 F	 6.49  
 97 K	 57.52  
 98 S	 26.73  
 99 L	 6.42  
 100 S	 36.52  
 101 L	 9.93  
 102 D	 56.00  
 103 D	 44.18  
 104 F	 9.24  
 105 E	 64.70  
 106 L	 14.22  
 107 G	 20.18  
 108 K	 58.40  
 109 K	 61.75  
 110 L	 11.04  
 111 G	 45.62  
 112 K	 70.17  
 113 G	 28.82  
 114 K	 55.20  
 115 F	 18.25  
 116 G	 23.23  
 117 K	 32.91  
 118 V	 4.60  
 119 Y	 6.68  
 120 C	 2.13  
 121 V	 2.94  
 122 R	 18.88  
 123 H	 13.98  
 124 R	 25.91  
 125 S	 21.76  
 126 T	 33.68  
 127 G	 15.85  
 128 Y	 7.91  
 129 I	 0.87  
 130 C	 2.46  
 131 A	 10.81  
 132 L	 3.58  
 133 K	 22.47  
 134 V	 6.61  
 135 M	 6.10  
 136 E	 61.37  
 137 K	 42.42  
 138 E	 40.91  
 139 E	 62.17  
 140 I	 3.27  
 141 I	 4.36  
 142 K	 33.47  
 143 Y	 15.65  
 144 N	 30.87  
 145 L	 6.46  
 146 Q	 33.59  
 147 K	 55.35  
 148 Q	 24.90  
 149 F	 11.65  
 150 R	 31.21  
 151 R	 54.31  
 152 E	 40.00  
 153 V	 8.13  
 154 E	 25.32  
 155 I	 6.99  
 156 Q	 16.13  
 157 T	 40.62  
 158 S	 15.70  
 159 L	 8.51  
 160 N	 48.62  
 161 H	 20.23  
 162 P	 36.13  
 163 N	 53.44  
 164 L	 8.21  
 165 T	 25.28  
 166 K	 44.86  
 167 S	 20.68  
 168 Y	 19.87  
 169 G	 26.22  
 170 Y	 6.90  
 171 F	 5.20  
 172 H	 33.56  
 173 D	 53.89  
 174 E	 33.90  
 175 K	 53.90  
 176 R	 21.92  
 177 V	 6.14  
 178 Y	 9.73  
 179 L	 3.16  
 180 L	 1.03  
 181 M	 2.69  
 182 E	 35.37  
 183 Y	 11.28  
 184 L	 1.21  
 185 V	 9.41  
 186 N	 37.80  
 187 G	 17.36  
 188 E	 33.85  
 189 M	 3.66  
 190 Y	 8.32  
 191 K	 39.47  
 192 L	 1.53  
 193 L	 4.85  
 194 R	 34.77  
 195 L	 5.74  
 196 H	 35.13  
 197 G	 32.84  
 198 P	 17.70  
 199 F	 17.75  
 200 N	 38.25  
 201 D	 37.34  
 202 I	 3.48  
 203 L	 4.10  
 204 A	 10.74  
 205 S	 27.74  
 206 D	 28.39  
 207 Y	 10.07  
 208 I	 2.15  
 209 Y	 6.40  
 210 Q	 20.82  
 211 I	 1.47  
 212 A	 4.63  
 213 N	 42.54  
 214 A	 7.87  
 215 L	 4.93  
 216 D	 35.98  
 217 Y	 11.28  
 218 M	 3.59  
 219 H	 31.54  
 220 K	 30.87  
 221 K	 38.41  
 222 N	 43.16  
 223 I	 3.73  
 224 I	 2.81  
 225 H	 19.98  
 226 R	 36.62  
 227 D	 38.82  
 228 I	 8.93  
 229 K	 51.04  
 230 P	 39.95  
 231 E	 52.48  
 232 N	 42.78  
 233 I	 2.57  
 234 L	 4.77  
 235 I	 5.39  
 236 G	 18.78  
 237 F	 4.82  
 238 N	 36.32  
 239 N	 34.33  
 240 V	 4.24  
 241 I	 3.08  
 242 K	 40.84  
 243 L	 3.69  
 244 T	 25.04  
 245 D	 50.96  
 246 F	 10.21  
 247 G	 21.74  
 248 W	 6.07  
 249 S	 17.61  
 250 I	 2.58  
 251 I	 5.44  
 252 N	 44.39  
 253 P	 27.46  
 254 P	 47.18  
 255 E	 65.70  
 256 N	 55.63  
 257 R	 39.55  
 258 R	 51.05  
 259 K	 41.91  
 260 T	 21.15  
 261 V	 2.96  
 262 C	 4.88  
 263 G	 22.75  
 264 T	 12.92  
 265 I	 1.67  
 266 D	 37.85  
 267 Y	 12.77  
 268 L	 6.46  
 269 S	 16.76  
 270 P	 30.98  
 271 E	 53.11  
 272 M	 4.62  
 273 V	 6.03  
 274 E	 42.65  
 275 S	 20.99  
 276 R	 32.75  
 277 E	 65.67  
 278 Y	 16.35  
 279 D	 27.92  
 280 H	 24.66  
 281 T	 20.04  
 282 I	 2.82  
 283 D	 36.89  
 284 A	 6.92  
 285 W	 6.56  
 286 A	 8.99  
 287 L	 3.21  
 288 G	 12.49  
 289 V	 3.47  
 290 L	 4.25  
 291 A	 8.08  
 292 F	 6.25  
 293 E	 36.94  
 294 L	 4.13  
 295 L	 3.06  
 296 T	 43.87  
 297 G	 35.73  
 298 A	 11.89  
 299 P	 35.14  
 300 P	 49.07  
 301 F	 21.03  
 302 E	 59.84  
 303 E	 64.86  
 304 E	 44.31  
 305 M	 5.57  
 306 K	 56.02  
 307 D	 42.86  
 308 T	 26.89  
 309 T	 36.86  
 310 Y	 10.60  
 311 K	 34.92  
 312 R	 17.23  
 313 I	 1.99  
 314 A	 13.15  
 315 A	 11.91  
 316 L	 5.31  
 317 D	 33.46  
 318 I	 4.24  
 319 K	 44.41  
 320 M	 4.49  
 321 P	 21.15  
 322 S	 43.21  
 323 N	 31.87  
 324 I	 4.61  
 325 S	 26.68  
 326 Q	 46.38  
 327 D	 39.13  
 328 A	 9.35  
 329 Q	 55.09  
 330 D	 37.08  
 331 L	 3.08  
 332 I	 4.25  
 333 L	 4.09  
 334 K	 44.79  
 335 L	 4.46  
 336 L	 4.64  
 337 K	 59.03  
 338 Y	 37.13  
 339 D	 42.03  
 340 P	 37.04  
 341 K	 55.88  
 342 D	 55.80  
 343 R	 20.46  
 344 M	 6.26  
 345 R	 36.09  
 346 L	 5.12  
 347 G	 27.57  
 348 D	 41.26  
 349 V	 5.86  
 350 K	 35.91  
 351 M	 4.63  
 352 H	 14.61  
 353 P	 19.12  
 354 W	 6.38  
 355 I	 2.82  
 356 L	 4.33  
 357 R	 39.74  
 358 N	 53.56  
 359 K	 34.85  
 360 P	 43.03  
 361 F	 15.88  
 362 W	 19.44  
 363 E	 53.93  
 364 N	 25.91  
 365 K	 43.49  
 366 R	 58.15  
 367 L	 9.82  
