 1 M	 7.25  
 2 A	 17.41  
 3 T	 18.70  
 4 T	 15.59  
 5 A	 7.33  
 6 T	 12.78  
 7 M	 3.38  
 8 A	 8.34  
 9 T	 23.85  
 10 S	 22.63  
 11 G	 22.44  
 12 S	 25.35  
 13 A	 25.25  
 14 R	 26.73  
 15 K	 47.30  
 16 R	 39.43  
 17 L	 10.07  
 18 L	 8.34  
 19 K	 64.74  
 20 E	 60.23  
 21 E	 52.04  
 22 D	 51.66  
 23 M	 4.40  
 24 T	 44.23  
 25 K	 32.88  
 26 V	 8.18  
 27 E	 39.04  
 28 F	 16.18  
 29 E	 37.61  
 30 T	 46.92  
 31 S	 25.27  
 32 E	 70.25  
 33 E	 43.73  
 34 V	 6.69  
 35 D	 41.68  
 36 V	 9.25  
 37 T	 16.49  
 38 P	 30.80  
 39 T	 25.44  
 40 F	 8.51  
 41 D	 37.96  
 42 T	 14.67  
 43 M	 5.25  
 44 G	 24.55  
 45 L	 3.63  
 46 R	 29.65  
 47 E	 59.04  
 48 D	 44.56  
 49 L	 2.77  
 50 L	 7.93  
 51 R	 36.44  
 52 G	 19.75  
 53 I	 1.12  
 54 Y	 9.15  
 55 A	 8.96  
 56 Y	 12.84  
 57 G	 18.96  
 58 F	 7.70  
 59 E	 60.74  
 60 K	 41.85  
 61 P	 23.07  
 62 S	 49.42  
 63 A	 16.49  
 64 I	 4.15  
 65 Q	 26.82  
 66 Q	 30.57  
 67 R	 23.15  
 68 A	 14.70  
 69 I	 3.53  
 70 K	 34.16  
 71 Q	 36.20  
 72 I	 2.74  
 73 I	 3.42  
 74 K	 49.90  
 75 G	 22.17  
 76 R	 29.98  
 77 D	 44.86  
 78 V	 3.63  
 79 I	 3.19  
 80 A	 11.65  
 81 Q	 30.77  
 82 S	 19.79  
 83 Q	 33.52  
 84 S	 43.50  
 85 G	 30.74  
 86 T	 40.53  
 87 G	 28.92  
 88 K	 34.52  
 89 T	 32.07  
 90 A	 15.33  
 91 T	 24.13  
 92 F	 5.91  
 93 S	 15.03  
 94 I	 2.63  
 95 S	 18.64  
 96 V	 4.00  
 97 L	 2.07  
 98 Q	 24.46  
 99 C	 3.01  
 100 L	 4.13  
 101 D	 36.58  
 102 I	 2.35  
 103 Q	 28.07  
 104 V	 6.45  
 105 R	 25.52  
 106 E	 46.55  
 107 T	 14.47  
 108 Q	 29.44  
 109 A	 12.18  
 110 L	 2.07  
 111 I	 3.27  
 112 L	 4.93  
 113 A	 9.09  
 114 P	 28.66  
 115 T	 31.04  
 116 R	 35.55  
 117 E	 43.49  
 118 L	 5.22  
 119 A	 6.09  
 120 V	 8.89  
 121 Q	 27.13  
 122 I	 3.52  
 123 Q	 19.37  
 124 K	 53.83  
 125 G	 15.00  
 126 L	 3.05  
 127 L	 5.15  
 128 A	 17.97  
 129 L	 5.60  
 130 G	 20.56  
 131 D	 40.12  
 132 Y	 6.70  
 133 M	 4.75  
 134 N	 17.93  
 135 V	 3.51  
 136 Q	 14.31  
 137 C	 1.59  
 138 H	 13.42  
 139 A	 8.34  
 140 C	 1.01  
 141 I	 6.22  
 142 G	 36.44  
 143 G	 8.33  
 144 T	 22.86  
 145 N	 42.97  
 146 V	 9.98  
 147 G	 29.00  
 148 E	 46.08  
 149 D	 39.81  
 150 I	 3.49  
 151 R	 45.89  
 152 K	 46.15  
 153 L	 4.38  
 154 D	 48.85  
 155 Y	 29.17  
 156 G	 15.70  
 157 Q	 21.70  
 158 H	 16.20  
 159 V	 2.13  
 160 V	 3.69  
 161 A	 18.30  
 162 G	 22.34  
 163 T	 16.91  
 164 P	 27.89  
 165 G	 37.92  
 166 R	 27.42  
 167 V	 6.22  
 168 F	 5.20  
 169 D	 28.83  
 170 M	 1.42  
 171 I	 3.14  
 172 R	 22.71  
 173 R	 22.93  
 174 R	 30.14  
 175 S	 22.01  
 176 L	 6.51  
 177 R	 24.34  
 178 T	 29.73  
 179 R	 28.07  
 180 A	 12.73  
 181 I	 2.13  
 182 K	 25.79  
 183 M	 2.27  
 184 L	 2.69  
 185 V	 5.91  
 186 L	 4.30  
 187 D	 41.37  
 188 E	 54.59  
 189 A	 20.10  
 190 D	 39.53  
 191 E	 53.25  
 192 M	 5.27  
 193 L	 5.88  
 194 N	 40.88  
 195 K	 62.86  
 196 G	 37.47  
 197 F	 9.33  
 198 K	 58.33  
 199 E	 39.69  
 200 Q	 39.88  
 201 I	 3.13  
 202 Y	 10.07  
 203 D	 32.38  
 204 V	 1.32  
 205 Y	 7.22  
 206 R	 26.76  
 207 Y	 13.08  
 208 L	 2.79  
 209 P	 13.93  
 210 P	 45.40  
 211 A	 14.55  
 212 T	 27.89  
 213 Q	 25.98  
 214 V	 3.08  
 215 V	 2.56  
 216 L	 2.41  
 217 I	 1.45  
 218 S	 15.84  
 219 A	 13.23  
 220 T	 33.75  
 221 L	 3.99  
 222 P	 20.79  
 223 H	 37.53  
 224 E	 47.53  
 225 I	 3.43  
 226 L	 3.16  
 227 E	 50.01  
 228 M	 4.48  
 229 T	 26.36  
 230 N	 33.97  
 231 K	 27.61  
 232 F	 7.46  
 233 M	 4.42  
 234 T	 41.58  
 235 D	 25.49  
 236 P	 14.48  
 237 I	 4.81  
 238 R	 22.90  
 239 I	 5.55  
 240 L	 2.39  
 241 V	 4.43  
 242 K	 51.16  
 243 R	 34.85  
 244 D	 49.92  
 245 E	 47.92  
 246 L	 8.52  
 247 T	 22.25  
 248 L	 9.92  
 249 E	 54.35  
 250 G	 35.19  
 251 I	 2.01  
 252 K	 52.49  
 253 Q	 34.78  
 254 F	 4.52  
 255 F	 2.98  
 256 V	 6.52  
 257 A	 7.72  
 258 V	 6.31  
 259 E	 44.64  
 260 R	 40.30  
 261 E	 55.49  
 262 E	 63.29  
 263 W	 11.23  
 264 K	 36.32  
 265 F	 10.20  
 266 D	 34.73  
 267 T	 32.21  
 268 L	 2.00  
 269 C	 3.53  
 270 D	 51.91  
 271 L	 3.98  
 272 Y	 8.14  
 273 D	 42.40  
 274 T	 16.55  
 275 L	 2.73  
 276 T	 24.87  
 277 I	 2.78  
 278 T	 12.77  
 279 Q	 29.76  
 280 A	 6.42  
 281 V	 2.18  
 282 I	 3.50  
 283 F	 1.80  
 284 C	 4.31  
 285 N	 37.57  
 286 T	 33.15  
 287 K	 35.91  
 288 R	 42.04  
 289 K	 46.21  
 290 V	 8.09  
 291 D	 37.39  
 292 W	 14.26  
 293 L	 3.71  
 294 T	 29.34  
 295 E	 42.56  
 296 K	 37.71  
 297 M	 3.68  
 298 R	 51.44  
 299 E	 44.45  
 300 A	 13.18  
 301 N	 28.50  
 302 F	 10.33  
 303 T	 21.20  
 304 V	 3.31  
 305 S	 20.91  
 306 S	 15.51  
 307 M	 2.97  
 308 H	 30.92  
 309 G	 25.03  
 310 D	 30.80  
 311 M	 4.48  
 312 P	 47.00  
 313 Q	 54.31  
 314 K	 53.52  
 315 E	 57.33  
 316 R	 50.42  
 317 E	 45.79  
 318 S	 33.92  
 319 I	 3.81  
 320 M	 4.78  
 321 K	 52.62  
 322 E	 28.98  
 323 F	 6.68  
 324 R	 34.96  
 325 S	 43.99  
 326 G	 24.26  
 327 A	 8.73  
 328 S	 26.84  
 329 R	 27.08  
 330 V	 5.29  
 331 L	 2.19  
 332 I	 3.69  
 333 S	 17.88  
 334 T	 27.81  
 335 D	 27.46  
 336 V	 4.33  
 337 W	 5.31  
 338 A	 8.77  
 339 R	 30.41  
 340 G	 20.62  
 341 L	 5.10  
 342 D	 53.53  
 343 V	 4.25  
 344 P	 28.64  
 345 Q	 36.96  
 346 V	 4.04  
 347 S	 14.49  
 348 L	 4.84  
 349 I	 1.17  
 350 I	 4.79  
 351 N	 19.78  
 352 Y	 14.40  
 353 D	 51.68  
 354 L	 3.27  
 355 P	 32.90  
 356 N	 68.44  
 357 N	 36.54  
 358 R	 41.77  
 359 E	 48.31  
 360 L	 4.37  
 361 Y	 7.02  
 362 I	 2.48  
 363 H	 11.18  
 364 R	 24.41  
 365 I	 3.13  
 366 G	 20.05  
 367 R	 33.30  
 368 S	 23.55  
 369 G	 26.01  
 370 R	 31.79  
 371 Y	 25.47  
 372 G	 24.38  
 373 R	 24.50  
 374 K	 54.06  
 375 G	 16.84  
 376 V	 5.61  
 377 A	 10.32  
 378 I	 3.70  
 379 N	 26.39  
 380 F	 7.27  
 381 V	 4.97  
 382 K	 50.99  
 383 N	 47.05  
 384 D	 47.17  
 385 D	 41.27  
 386 I	 3.09  
 387 R	 28.96  
 388 I	 3.65  
 389 L	 2.64  
 390 R	 40.25  
 391 D	 45.38  
 392 I	 2.62  
 393 E	 36.50  
 394 Q	 42.68  
 395 Y	 6.13  
 396 Y	 12.63  
 397 S	 14.65  
 398 T	 17.27  
 399 Q	 34.88  
 400 I	 4.99  
 401 D	 36.00  
 402 E	 46.98  
 403 M	 3.19  
 404 P	 14.78  
 405 M	 6.42  
 406 N	 21.69  
 407 V	 3.40  
 408 A	 10.82  
 409 D	 40.38  
 410 L	 3.45  
 411 I	 5.66  
