 1 M	 11.67  
 2 D	 56.78  
 3 G	 23.01  
 4 F	 5.46  
 5 Y	 20.55  
 6 D	 30.12  
 7 Q	 34.49  
 8 Q	 41.79  
 9 V	 3.07  
 10 P	 13.79  
 11 F	 8.95  
 12 M	 2.66  
 13 V	 6.06  
 14 P	 32.48  
 15 G	 29.21  
 16 K	 36.30  
 17 S	 47.13  
 18 R	 52.12  
 19 S	 44.85  
 20 E	 61.07  
 21 E	 30.66  
 22 C	 4.99  
 23 R	 47.65  
 24 G	 50.32  
 25 R	 11.71  
 26 P	 30.18  
 27 V	 7.38  
 28 I	 4.74  
 29 D	 50.73  
 30 R	 29.56  
 31 K	 57.08  
 32 R	 35.53  
 33 K	 54.00  
 34 F	 9.66  
 35 L	 8.54  
 36 D	 41.11  
 37 T	 34.75  
 38 D	 41.34  
 39 L	 5.04  
 40 A	 13.78  
 41 H	 46.56  
 42 D	 52.73  
 43 S	 24.09  
 44 E	 65.85  
 45 E	 59.86  
 46 L	 4.02  
 47 F	 6.33  
 48 Q	 64.46  
 49 D	 40.74  
 50 L	 2.15  
 51 S	 36.81  
 52 Q	 55.23  
 53 L	 4.46  
 54 Q	 30.63  
 55 E	 50.86  
 56 A	 8.14  
 57 W	 8.71  
 58 L	 3.88  
 59 A	 10.20  
 60 E	 37.15  
 61 A	 15.29  
 62 Q	 38.49  
 63 V	 7.86  
 64 P	 31.12  
 65 D	 73.54  
 66 D	 45.59  
 67 E	 53.98  
 68 Q	 52.19  
 69 F	 8.95  
 70 V	 4.43  
 71 P	 37.68  
 72 D	 49.25  
 73 F	 6.49  
 74 Q	 58.20  
 75 S	 28.58  
 76 D	 41.52  
 77 N	 36.98  
 78 L	 5.35  
 79 V	 4.64  
 80 L	 3.00  
 81 H	 28.80  
 82 A	 17.71  
 83 P	 25.34  
 84 P	 50.40  
 85 P	 45.31  
 86 T	 51.69  
 87 K	 52.59  
 88 I	 5.83  
 89 K	 41.18  
 90 R	 56.00  
 91 E	 45.92  
 92 L	 5.86  
 93 H	 32.67  
 94 S	 38.82  
 95 P	 31.00  
 96 S	 39.19  
 97 S	 46.04  
 98 E	 57.94  
 99 L	 5.02  
 100 S	 25.83  
 101 S	 32.06  
 102 C	 4.29  
 103 S	 31.82  
 104 H	 35.20  
 105 E	 22.66  
 106 Q	 36.14  
 107 A	 12.65  
 108 L	 7.13  
 109 G	 18.13  
 110 A	 13.61  
 111 N	 43.47  
 112 Y	 26.57  
 113 G	 27.91  
 114 E	 30.18  
 115 K	 25.77  
 116 C	 4.19  
 117 L	 4.62  
 118 Y	 17.35  
 119 N	 16.68  
 120 Y	 2.49  
 121 C	 2.23  
 122 A	 10.02  
 123 Y	 16.84  
 124 D	 33.33  
 125 R	 40.48  
 126 K	 59.38  
 127 P	 29.23  
 128 P	 50.55  
 129 S	 66.44  
 130 G	 40.13  
 131 F	 9.63  
 132 K	 42.51  
 133 P	 38.92  
 134 L	 13.31  
 135 T	 35.43  
 136 P	 31.74  
 137 P	 43.60  
 138 T	 42.10  
 139 T	 28.18  
 140 P	 33.06  
 141 L	 10.08  
 142 S	 29.02  
 143 P	 41.40  
 144 T	 32.49  
 145 H	 28.89  
 146 Q	 56.57  
 147 N	 27.86  
 148 P	 28.89  
 149 L	 15.33  
 150 F	 10.09  
 151 P	 47.55  
 152 P	 26.71  
 153 P	 36.35  
 154 Q	 53.40  
 155 A	 19.51  
 156 T	 28.20  
 157 L	 4.96  
 158 P	 21.84  
 159 T	 50.91  
 160 S	 27.00  
 161 G	 24.37  
 162 H	 28.45  
 163 A	 10.04  
 164 P	 19.57  
 165 A	 26.32  
 166 A	 23.05  
 167 G	 25.64  
 168 P	 15.55  
 169 V	 8.28  
 170 Q	 43.94  
 171 G	 26.95  
 172 V	 4.67  
 173 G	 21.34  
 174 P	 32.44  
 175 A	 13.63  
 176 P	 49.83  
 177 A	 19.28  
 178 P	 19.28  
 179 H	 44.04  
 180 S	 44.56  
 181 L	 5.18  
 182 P	 49.07  
 183 E	 69.09  
 184 P	 58.80  
 185 G	 30.87  
 186 P	 39.25  
 187 Q	 54.66  
 188 Q	 47.62  
 189 Q	 33.08  
 190 T	 14.82  
 191 F	 5.84  
 192 A	 17.50  
 193 V	 3.45  
 194 P	 39.36  
 195 R	 51.27  
 196 P	 25.34  
 197 P	 39.77  
 198 H	 44.57  
 199 Q	 46.29  
 200 P	 22.86  
 201 L	 5.69  
 202 Q	 53.46  
 203 M	 4.54  
 204 P	 14.39  
 205 K	 42.35  
 206 M	 4.46  
 207 M	 4.74  
 208 P	 33.61  
 209 E	 38.78  
 210 N	 40.59  
 211 Q	 50.26  
 212 Y	 21.95  
 213 P	 22.94  
 214 S	 41.23  
 215 E	 41.07  
 216 Q	 56.69  
 217 R	 26.13  
 218 F	 7.59  
 219 Q	 34.11  
 220 R	 36.37  
 221 Q	 38.26  
 222 L	 7.34  
 223 S	 31.02  
 224 E	 61.61  
 225 P	 20.52  
 226 C	 5.82  
 227 H	 37.44  
 228 P	 50.59  
 229 F	 6.49  
 230 P	 30.94  
 231 P	 54.07  
 232 Q	 47.84  
 233 P	 52.07  
 234 G	 32.76  
 235 V	 6.44  
 236 P	 50.78  
 237 G	 42.28  
 238 D	 41.73  
 239 N	 64.77  
 240 R	 26.70  
 241 P	 45.56  
 242 S	 30.27  
 243 Y	 12.05  
 244 H	 20.17  
 245 R	 26.18  
 246 Q	 26.83  
 247 M	 5.03  
 248 S	 31.70  
 249 E	 33.43  
 250 P	 26.10  
 251 I	 5.21  
 252 V	 3.74  
 253 P	 24.35  
 254 A	 23.00  
 255 A	 15.86  
 256 P	 44.00  
 257 P	 48.77  
 258 P	 32.55  
 259 P	 53.34  
 260 Q	 75.60  
 261 G	 37.18  
 262 F	 6.59  
 263 K	 49.39  
 264 Q	 54.97  
 265 E	 45.48  
 266 Y	 14.72  
 267 H	 29.47  
 268 D	 33.72  
 269 P	 24.43  
 270 L	 11.04  
 271 Y	 15.97  
 272 E	 41.68  
 273 H	 29.06  
 274 G	 18.51  
 275 V	 3.90  
 276 P	 37.65  
 277 G	 32.29  
 278 M	 2.58  
 279 P	 59.04  
 280 G	 31.75  
 281 P	 19.62  
 282 P	 42.69  
 283 A	 20.69  
 284 H	 43.29  
 285 G	 25.13  
 286 F	 4.70  
 287 Q	 51.74  
 288 S	 18.00  
 289 P	 17.78  
 290 M	 11.96  
 291 G	 27.59  
 292 I	 3.19  
 293 K	 42.77  
 294 Q	 65.10  
 295 E	 36.98  
 296 P	 31.76  
 297 R	 46.94  
 298 D	 52.47  
 299 Y	 8.82  
 300 C	 3.00  
 301 V	 8.05  
 302 D	 35.20  
 303 S	 21.79  
 304 E	 58.49  
 305 V	 4.83  
 306 P	 31.65  
 307 N	 41.45  
 308 C	 3.21  
 309 Q	 41.89  
 310 S	 26.15  
 311 S	 9.32  
 312 Y	 8.97  
 313 M	 3.29  
 314 R	 27.44  
 315 G	 20.72  
 316 G	 15.22  
 317 Y	 11.78  
 318 F	 6.89  
 319 S	 23.58  
 320 S	 26.30  
 321 S	 25.10  
 322 H	 40.94  
 323 E	 64.97  
 324 G	 16.04  
 325 F	 6.82  
 326 S	 43.15  
 327 Y	 25.41  
 328 E	 50.19  
 329 K	 65.87  
 330 D	 22.93  
 331 P	 38.96  
 332 R	 52.75  
 333 L	 6.42  
 334 Y	 13.26  
 335 F	 8.96  
 336 D	 36.43  
 337 D	 31.91  
 338 T	 14.72  
 339 C	 3.60  
 340 V	 9.75  
 341 V	 4.42  
 342 P	 10.69  
 343 E	 59.28  
 344 R	 31.78  
 345 L	 10.97  
 346 E	 64.29  
 347 G	 44.65  
 348 K	 36.56  
 349 V	 13.07  
 350 K	 53.05  
 351 Q	 65.96  
 352 E	 36.70  
 353 P	 21.70  
 354 T	 26.53  
 355 M	 4.31  
 356 Y	 14.16  
 357 R	 31.41  
 358 E	 59.57  
 359 G	 21.34  
 360 P	 21.48  
 361 P	 49.06  
 362 Y	 20.13  
 363 Q	 34.08  
 364 R	 38.80  
 365 R	 24.43  
 366 G	 34.59  
 367 S	 15.90  
 368 L	 5.59  
 369 Q	 42.21  
 370 L	 4.75  
 371 W	 3.64  
 372 Q	 30.32  
 373 F	 3.91  
 374 L	 1.40  
 375 V	 3.61  
 376 T	 24.61  
 377 L	 3.73  
 378 L	 5.25  
 379 D	 64.06  
 380 D	 44.15  
 381 P	 27.38  
 382 A	 32.60  
 383 N	 39.06  
 384 A	 10.90  
 385 H	 17.91  
 386 F	 3.66  
 387 I	 1.93  
 388 A	 9.24  
 389 W	 8.45  
 390 T	 14.15  
 391 G	 17.28  
 392 R	 33.63  
 393 G	 22.71  
 394 M	 5.43  
 395 E	 42.32  
 396 F	 6.07  
 397 K	 34.94  
 398 L	 6.95  
 399 I	 9.52  
 400 E	 58.03  
 401 P	 35.73  
 402 E	 52.92  
 403 E	 52.79  
 404 V	 4.84  
 405 A	 9.90  
 406 R	 39.81  
 407 R	 26.66  
 408 W	 11.59  
 409 G	 15.61  
 410 I	 4.12  
 411 Q	 32.79  
 412 K	 53.67  
 413 N	 38.50  
 414 R	 27.65  
 415 P	 45.30  
 416 A	 8.80  
 417 M	 5.45  
 418 N	 43.91  
 419 Y	 11.02  
 420 D	 40.18  
 421 K	 37.69  
 422 L	 4.74  
 423 S	 26.09  
 424 R	 50.58  
 425 S	 17.52  
 426 L	 3.87  
 427 R	 20.75  
 428 Y	 18.72  
 429 Y	 9.94  
 430 Y	 11.39  
 431 E	 28.78  
 432 K	 37.30  
 433 G	 14.52  
 434 I	 3.81  
 435 M	 4.26  
 436 Q	 34.84  
 437 K	 19.37  
 438 V	 4.69  
 439 A	 22.59  
 440 G	 23.93  
 441 E	 30.97  
 442 R	 25.87  
 443 Y	 12.11  
 444 V	 5.40  
 445 Y	 6.97  
 446 K	 22.68  
 447 F	 3.46  
 448 V	 2.94  
 449 C	 7.66  
 450 D	 38.52  
 451 P	 24.52  
 452 D	 42.52  
 453 A	 18.85  
 454 L	 4.21  
 455 F	 5.14  
 456 S	 15.28  
 457 M	 3.32  
 458 A	 16.18  
 459 F	 6.14  
 460 P	 30.06  
 461 D	 58.40  
 462 N	 39.74  
 463 Q	 62.90  
 464 R	 30.14  
 465 P	 29.20  
 466 F	 13.73  
 467 L	 5.95  
 468 K	 50.95  
 469 A	 27.91  
 470 E	 45.54  
 471 S	 50.84  
 472 E	 19.91  
 473 C	 5.64  
 474 H	 28.48  
 475 L	 11.87  
 476 S	 18.44  
 477 E	 67.27  
 478 E	 53.58  
 479 D	 49.87  
 480 T	 33.29  
 481 L	 5.17  
 482 P	 36.99  
 483 L	 6.99  
 484 T	 23.68  
 485 H	 31.61  
 486 F	 10.59  
 487 E	 50.39  
 488 D	 60.00  
 489 S	 12.30  
 490 P	 36.93  
 491 A	 16.14  
 492 Y	 15.92  
 493 L	 3.38  
 494 L	 3.14  
 495 D	 34.05  
 496 M	 3.36  
 497 D	 48.37  
 498 R	 18.64  
 499 C	 2.56  
 500 S	 35.48  
 501 S	 36.67  
 502 L	 1.85  
 503 P	 28.38  
 504 Y	 23.68  
 505 A	 14.43  
 506 E	 49.34  
 507 G	 12.33  
 508 F	 4.37  
 509 A	 21.71  
 510 Y	 19.47  
