 1 M	 18.04  
 2 D	 44.15  
 3 P	 29.42  
 4 S	 24.38  
 5 V	 6.58  
 6 T	 26.98  
 7 L	 2.95  
 8 W	 4.22  
 9 Q	 23.40  
 10 F	 5.07  
 11 L	 1.46  
 12 L	 3.39  
 13 Q	 40.37  
 14 L	 4.99  
 15 L	 3.50  
 16 R	 42.66  
 17 E	 63.91  
 18 Q	 44.19  
 19 G	 37.02  
 20 N	 38.27  
 21 G	 21.86  
 22 H	 20.43  
 23 I	 2.57  
 24 I	 2.03  
 25 S	 24.57  
 26 W	 6.49  
 27 T	 13.70  
 28 S	 23.32  
 29 R	 38.94  
 30 D	 70.03  
 31 G	 36.10  
 32 G	 41.26  
 33 E	 45.17  
 34 F	 9.31  
 35 K	 43.21  
 36 L	 5.24  
 37 V	 7.26  
 38 D	 59.71  
 39 A	 13.84  
 40 E	 48.84  
 41 E	 43.10  
 42 V	 2.57  
 43 A	 12.25  
 44 R	 35.83  
 45 L	 2.83  
 46 W	 9.75  
 47 G	 21.86  
 48 L	 4.82  
 49 R	 36.24  
 50 K	 68.77  
 51 N	 50.37  
 52 K	 44.29  
 53 T	 49.44  
 54 N	 20.50  
 55 M	 6.26  
 56 N	 43.87  
 57 Y	 12.04  
 58 D	 40.18  
 59 K	 37.69  
 60 L	 3.70  
 61 S	 22.65  
 62 R	 48.34  
 63 A	 7.94  
 64 L	 3.34  
 65 R	 19.20  
 66 Y	 13.76  
 67 Y	 9.96  
 68 Y	 16.11  
 69 D	 22.77  
 70 K	 33.65  
 71 N	 31.83  
 72 I	 3.87  
 73 I	 4.95  
 74 R	 29.53  
 75 K	 30.28  
 76 V	 5.81  
 77 S	 38.24  
 78 G	 37.37  
 79 Q	 28.62  
 80 K	 40.08  
 81 F	 5.81  
 82 V	 7.00  
 83 Y	 11.22  
 84 K	 33.71  
 85 F	 2.12  
 86 V	 4.72  
 87 S	 37.80  
 88 Y	 9.71  
 89 P	 23.29  
 90 E	 36.45  
 91 V	 4.85  
 92 A	 16.18  
 93 G	 15.87  
 94 C	 3.07  
 95 S	 33.63  
 96 T	 39.66  
 97 E	 41.12  
 98 D	 50.76  
 99 C	 4.27  
 100 P	 42.77  
 101 P	 69.55  
 102 Q	 31.74  
 103 P	 50.13  
 104 E	 42.02  
 105 V	 7.69  
 106 S	 20.30  
 107 V	 6.23  
 108 T	 12.63  
 109 S	 18.60  
 110 A	 5.56  
 111 I	 2.42  
 112 A	 6.44  
 113 M	 3.62  
 114 A	 4.99  
 115 P	 18.51  
 116 A	 16.83  
 117 T	 16.27  
 118 V	 2.94  
 119 H	 22.18  
 120 A	 22.88  
 121 G	 16.31  
 122 P	 37.97  
 123 G	 43.94  
 124 D	 35.98  
 125 T	 31.84  
 126 A	 21.06  
 127 T	 48.07  
 128 G	 31.53  
 129 K	 35.60  
 130 P	 53.92  
 131 G	 59.12  
 132 T	 30.29  
 133 P	 38.71  
 134 K	 62.32  
 135 G	 28.68  
 136 A	 15.65  
 137 G	 23.89  
 138 M	 3.64  
 139 T	 25.99  
 140 G	 18.42  
 141 Q	 33.35  
 142 G	 34.13  
 143 G	 14.31  
 144 L	 4.59  
 145 A	 16.75  
 146 R	 39.96  
 147 S	 28.21  
 148 S	 33.31  
 149 R	 41.04  
 150 N	 46.85  
 151 E	 39.33  
 152 Y	 11.02  
 153 M	 1.93  
 154 R	 27.03  
 155 S	 19.34  
 156 G	 20.47  
 157 L	 3.00  
 158 Y	 14.80  
 159 S	 23.30  
 160 T	 15.96  
 161 F	 4.69  
 162 T	 20.42  
 163 I	 1.98  
 164 Q	 34.72  
 165 S	 25.73  
 166 L	 5.02  
 167 Q	 39.57  
 168 P	 53.78  
 169 Q	 35.98  
 170 P	 56.16  
 171 Q	 51.67  
 172 P	 35.16  
 173 P	 46.61  
 174 I	 10.50  
 175 P	 25.31  
 176 P	 56.45  
 177 R	 33.78  
 178 P	 34.36  
 179 A	 17.35  
 180 S	 27.20  
 181 V	 12.84  
 182 L	 2.22  
 183 P	 33.69  
 184 N	 53.04  
 185 T	 32.01  
 186 T	 20.13  
 187 P	 25.61  
 188 A	 29.53  
 189 G	 27.43  
 190 V	 3.87  
 191 P	 31.44  
 192 A	 15.19  
 193 P	 22.38  
 194 A	 28.73  
 195 S	 35.92  
 196 G	 29.23  
 197 S	 22.14  
 198 R	 47.69  
 199 S	 34.63  
 200 T	 47.28  
 201 S	 24.75  
 202 P	 46.69  
 203 N	 54.26  
 204 P	 34.65  
 205 L	 9.18  
 206 E	 38.30  
 207 A	 15.75  
 208 C	 2.29  
 209 L	 10.09  
 210 E	 54.65  
 211 A	 13.64  
 212 E	 38.72  
 213 E	 55.90  
 214 A	 19.14  
 215 G	 30.98  
 216 L	 5.02  
 217 P	 21.59  
 218 L	 8.37  
 219 Q	 20.47  
 220 V	 5.22  
 221 I	 1.98  
 222 L	 6.55  
 223 T	 26.18  
 224 P	 22.68  
 225 P	 45.18  
 226 E	 77.34  
 227 A	 17.70  
 228 P	 41.97  
 229 N	 69.80  
 230 Q	 49.98  
 231 K	 67.48  
 232 S	 26.92  
 233 E	 70.73  
 234 E	 51.23  
 235 L	 5.60  
 236 S	 33.72  
 237 L	 20.54  
 238 D	 33.16  
 239 P	 36.53  
 240 S	 43.45  
 241 F	 14.69  
 242 G	 35.58  
 243 H	 18.80  
 244 P	 49.07  
 245 Q	 61.58  
 246 P	 32.90  
 247 P	 49.26  
 248 E	 68.74  
 249 A	 27.28  
 250 K	 38.87  
 251 V	 15.39  
 252 E	 69.90  
 253 G	 41.38  
 254 P	 27.64  
 255 K	 74.75  
 256 E	 71.58  
 257 E	 59.02  
 258 L	 5.94  
 259 E	 43.49  
 260 A	 18.18  
 261 A	 7.77  
 262 R	 40.59  
 263 A	 20.10  
 264 G	 31.93  
 265 G	 20.48  
 266 F	 7.70  
 267 S	 30.46  
 268 S	 27.58  
 269 E	 57.17  
 270 A	 15.28  
 271 V	 5.46  
 272 K	 54.82  
 273 A	 30.86  
 274 E	 35.95  
 275 P	 52.74  
 276 E	 40.38  
 277 V	 9.42  
 278 S	 25.15  
 279 A	 19.44  
 280 S	 25.37  
 281 E	 54.28  
 282 G	 24.40  
 283 L	 2.72  
 284 L	 3.71  
 285 A	 18.92  
 286 R	 40.97  
 287 L	 2.53  
 288 P	 16.23  
 289 A	 17.64  
 290 I	 4.64  
 291 L	 5.51  
 292 T	 22.52  
 293 E	 49.49  
 294 N	 35.16  
 295 T	 16.54  
 296 A	 16.05  
 297 Q	 29.06  
 298 V	 2.31  
 299 C	 2.78  
 300 G	 24.65  
 301 L	 4.22  
 302 S	 12.95  
 303 T	 34.83  
 304 S	 29.92  
 305 T	 28.65  
 306 T	 25.76  
 307 E	 44.09  
 308 I	 3.99  
 309 T	 28.15  
 310 Q	 44.05  
 311 P	 29.24  
 312 Q	 51.52  
 313 K	 68.33  
 314 G	 37.28  
 315 R	 53.49  
 316 K	 53.74  
 317 P	 33.39  
 318 R	 65.27  
 319 D	 53.69  
 320 L	 8.43  
 321 E	 53.26  
 322 L	 7.22  
 323 P	 22.78  
 324 L	 21.51  
 325 S	 15.54  
 326 P	 36.36  
 327 S	 32.61  
 328 L	 6.14  
 329 L	 9.45  
 330 G	 31.50  
 331 G	 29.28  
 332 Q	 63.57  
 333 G	 29.34  
 334 P	 21.73  
 335 E	 75.82  
 336 R	 49.72  
 337 T	 30.27  
 338 P	 40.97  
 339 G	 37.79  
 340 S	 39.85  
 341 G	 35.22  
 342 T	 22.78  
 343 S	 26.40  
 344 S	 43.28  
 345 G	 22.90  
 346 L	 4.19  
 347 Q	 49.38  
 348 A	 18.96  
 349 P	 36.02  
 350 G	 24.11  
 351 P	 24.04  
 352 A	 29.95  
 353 L	 9.00  
 354 T	 16.97  
 355 P	 24.67  
 356 S	 36.98  
 357 L	 7.56  
 358 L	 5.58  
 359 P	 27.68  
 360 T	 27.71  
 361 H	 19.55  
 362 T	 34.50  
 363 L	 3.85  
 364 T	 16.71  
 365 P	 20.19  
 366 V	 6.03  
 367 L	 4.67  
 368 L	 7.24  
 369 T	 19.57  
 370 P	 23.14  
 371 S	 38.99  
 372 S	 46.21  
 373 L	 9.43  
 374 P	 23.65  
 375 P	 51.73  
 376 S	 27.10  
 377 I	 3.71  
 378 H	 23.59  
 379 F	 5.41  
 380 W	 4.01  
 381 S	 20.66  
 382 T	 23.11  
 383 L	 4.84  
 384 S	 17.85  
 385 P	 29.85  
 386 I	 8.08  
 387 A	 9.24  
 388 P	 37.69  
 389 R	 46.37  
 390 S	 28.31  
 391 P	 34.39  
 392 A	 27.03  
 393 K	 48.31  
 394 L	 7.24  
 395 S	 19.12  
 396 F	 14.56  
 397 Q	 46.06  
 398 F	 6.29  
 399 P	 19.46  
 400 S	 48.93  
 401 S	 36.68  
 402 G	 31.19  
 403 S	 19.92  
 404 A	 20.95  
 405 Q	 29.08  
 406 V	 4.40  
 407 H	 17.73  
 408 I	 2.77  
 409 P	 15.67  
 410 S	 27.22  
 411 I	 3.79  
 412 S	 20.63  
 413 V	 6.88  
 414 D	 45.59  
 415 G	 21.26  
 416 L	 4.45  
 417 S	 35.87  
 418 T	 25.74  
 419 P	 15.73  
 420 V	 7.38  
 421 V	 4.63  
 422 L	 5.35  
 423 S	 19.05  
 424 P	 55.08  
 425 G	 33.62  
 426 P	 42.26  
 427 Q	 76.26  
 428 K	 56.69  
 429 P	 44.17  
