 1 M	 9.66  
 2 A	 17.83  
 3 L	 5.89  
 4 E	 43.22  
 5 G	 26.89  
 6 M	 2.89  
 7 S	 39.92  
 8 K	 53.71  
 9 R	 36.38  
 10 K	 67.04  
 11 R	 43.59  
 12 K	 52.65  
 13 R	 46.20  
 14 S	 31.05  
 15 V	 7.53  
 16 Q	 54.98  
 17 E	 67.34  
 18 G	 23.92  
 19 E	 65.91  
 20 N	 57.04  
 21 P	 36.45  
 22 D	 76.51  
 23 D	 59.76  
 24 G	 20.57  
 25 V	 8.90  
 26 R	 45.46  
 27 G	 41.94  
 28 S	 27.07  
 29 P	 38.84  
 30 P	 49.11  
 31 E	 71.68  
 32 D	 39.36  
 33 Y	 13.18  
 34 R	 44.67  
 35 L	 4.59  
 36 G	 15.77  
 37 Q	 31.99  
 38 V	 5.46  
 39 A	 5.87  
 40 S	 28.81  
 41 S	 23.07  
 42 L	 2.92  
 43 F	 11.58  
 44 R	 55.68  
 45 G	 31.12  
 46 E	 33.88  
 47 H	 27.35  
 48 H	 18.19  
 49 S	 34.23  
 50 R	 43.11  
 51 G	 40.82  
 52 G	 24.72  
 53 T	 23.19  
 54 G	 26.36  
 55 R	 27.24  
 56 L	 3.93  
 57 A	 11.65  
 58 S	 34.24  
 59 L	 3.92  
 60 F	 4.28  
 61 S	 39.03  
 62 S	 29.44  
 63 L	 12.33  
 64 E	 36.79  
 65 P	 41.70  
 66 Q	 37.26  
 67 I	 7.96  
 68 Q	 19.03  
 69 P	 22.49  
 70 V	 4.27  
 71 Y	 13.01  
 72 V	 3.82  
 73 P	 21.00  
 74 V	 7.07  
 75 P	 19.57  
 76 K	 61.38  
 77 Q	 42.25  
 78 T	 40.67  
 79 I	 3.90  
 80 K	 58.75  
 81 K	 56.26  
 82 T	 30.18  
 83 K	 63.20  
 84 R	 62.11  
 85 N	 63.69  
 86 E	 71.47  
 87 E	 71.29  
 88 E	 51.58  
 89 E	 63.70  
 90 S	 36.32  
 91 T	 28.12  
 92 S	 38.14  
 93 Q	 41.47  
 94 I	 4.93  
 95 E	 40.38  
 96 R	 38.80  
 97 P	 24.47  
 98 L	 11.77  
 99 S	 34.87  
 100 Q	 69.26  
 101 E	 43.80  
 102 P	 41.56  
 103 A	 24.45  
 104 K	 69.67  
 105 K	 51.58  
 106 V	 7.80  
 107 K	 64.47  
 108 A	 31.71  
 109 K	 57.55  
 110 K	 55.43  
 111 K	 55.76  
 112 H	 32.98  
 113 T	 45.03  
 114 N	 45.91  
 115 A	 31.01  
 116 E	 53.44  
 117 K	 51.15  
 118 K	 40.17  
 119 L	 9.93  
 120 A	 23.77  
 121 D	 66.37  
 122 R	 33.88  
 123 E	 40.69  
 124 S	 29.49  
 125 A	 11.46  
 126 L	 5.57  
 127 A	 11.46  
 128 S	 24.14  
 129 A	 21.57  
 130 D	 52.71  
 131 L	 9.99  
 132 E	 54.88  
 133 E	 70.33  
 134 E	 36.07  
 135 I	 4.76  
 136 H	 31.87  
 137 Q	 45.49  
 138 K	 42.08  
 139 Q	 53.64  
 140 G	 41.85  
 141 Q	 39.63  
 142 K	 72.64  
 143 R	 35.18  
 144 K	 68.90  
 145 N	 50.32  
 146 S	 40.56  
 147 Q	 48.43  
 148 P	 49.73  
 149 G	 25.00  
 150 V	 6.00  
 151 K	 37.31  
 152 V	 6.60  
 153 A	 12.74  
 154 D	 56.23  
 155 R	 20.41  
 156 K	 48.44  
 157 I	 5.48  
 158 L	 5.67  
 159 D	 65.34  
 160 D	 48.85  
 161 T	 35.11  
 162 E	 59.69  
 163 D	 47.06  
 164 T	 19.30  
 165 V	 6.36  
 166 V	 4.36  
 167 S	 21.67  
 168 Q	 49.99  
 169 R	 34.43  
 170 K	 46.74  
 171 K	 41.87  
 172 I	 5.80  
 173 Q	 37.14  
 174 I	 7.00  
 175 N	 27.17  
 176 Q	 62.19  
 177 E	 58.29  
 178 E	 38.36  
 179 E	 63.66  
 180 R	 55.00  
 181 L	 8.70  
 182 K	 64.08  
 183 N	 48.88  
 184 E	 48.41  
 185 R	 45.65  
 186 T	 16.47  
 187 V	 4.60  
 188 F	 6.02  
 189 V	 4.28  
 190 G	 20.63  
 191 N	 35.55  
 192 L	 2.72  
 193 P	 24.30  
 194 V	 12.27  
 195 T	 14.39  
 196 C	 7.76  
 197 N	 50.22  
 198 K	 54.13  
 199 K	 49.71  
 200 K	 63.86  
 201 L	 8.46  
 202 K	 54.84  
 203 S	 46.48  
 204 F	 10.96  
 205 F	 8.30  
 206 K	 48.27  
 207 E	 50.14  
 208 Y	 18.21  
 209 G	 24.07  
 210 Q	 35.06  
 211 I	 3.56  
 212 E	 34.98  
 213 S	 21.88  
 214 V	 4.32  
 215 R	 30.46  
 216 F	 6.12  
 217 R	 21.71  
 218 S	 28.12  
 219 L	 4.78  
 220 I	 2.99  
 221 P	 29.56  
 222 A	 22.36  
 223 E	 47.56  
 224 G	 33.78  
 225 T	 21.26  
 226 L	 11.83  
 227 S	 27.81  
 228 K	 55.72  
 229 K	 39.73  
 230 L	 4.47  
 231 A	 18.93  
 232 A	 20.48  
 233 I	 3.54  
 234 K	 42.80  
 235 R	 36.73  
 236 K	 40.12  
 237 I	 7.09  
 238 H	 23.95  
 239 P	 49.56  
 240 D	 58.90  
 241 Q	 45.18  
 242 K	 68.15  
 243 N	 27.41  
 244 I	 3.93  
 245 N	 34.31  
 246 A	 8.49  
 247 Y	 7.83  
 248 V	 3.66  
 249 V	 3.55  
 250 F	 6.18  
 251 K	 49.30  
 252 E	 45.80  
 253 E	 46.39  
 254 S	 25.05  
 255 A	 20.15  
 256 A	 14.99  
 257 T	 17.68  
 258 Q	 39.71  
 259 A	 15.65  
 260 L	 3.73  
 261 K	 47.00  
 262 R	 47.90  
 263 N	 48.87  
 264 G	 23.92  
 265 A	 10.93  
 266 Q	 32.57  
 267 I	 3.60  
 268 A	 9.97  
 269 D	 59.39  
 270 G	 12.52  
 271 F	 6.37  
 272 R	 22.72  
 273 I	 4.74  
 274 R	 16.19  
 275 V	 7.04  
 276 D	 27.03  
 277 L	 5.30  
 278 A	 10.80  
 279 S	 49.02  
 280 E	 47.29  
 281 T	 29.52  
 282 S	 21.23  
 283 S	 52.50  
 284 R	 53.92  
 285 D	 53.30  
 286 K	 45.52  
 287 R	 42.20  
 288 S	 26.16  
 289 V	 5.38  
 290 F	 6.50  
 291 V	 4.69  
 292 G	 20.63  
 293 N	 32.32  
 294 L	 3.95  
 295 P	 30.79  
 296 Y	 30.72  
 297 K	 41.03  
 298 V	 9.00  
 299 E	 41.92  
 300 E	 48.75  
 301 S	 22.50  
 302 A	 19.76  
 303 I	 11.45  
 304 E	 39.95  
 305 K	 33.28  
 306 H	 18.73  
 307 F	 10.23  
 308 L	 5.50  
 309 D	 33.51  
 310 C	 5.11  
 311 G	 21.63  
 312 S	 18.60  
 313 I	 0.94  
 314 M	 2.78  
 315 A	 5.93  
 316 V	 2.07  
 317 R	 16.49  
 318 I	 2.09  
 319 V	 4.54  
 320 R	 35.15  
 321 D	 33.90  
 322 K	 28.00  
 323 M	 4.93  
 324 T	 31.24  
 325 G	 24.13  
 326 I	 3.66  
 327 G	 25.94  
 328 K	 49.50  
 329 G	 18.92  
 330 F	 7.91  
 331 G	 21.95  
 332 Y	 7.54  
 333 V	 5.16  
 334 L	 3.16  
 335 F	 4.92  
 336 E	 55.87  
 337 N	 41.68  
 338 T	 23.58  
 339 D	 61.31  
 340 S	 14.92  
 341 V	 4.83  
 342 H	 14.88  
 343 L	 5.83  
 344 A	 6.43  
 345 L	 9.02  
 346 K	 43.49  
 347 L	 8.36  
 348 N	 48.68  
 349 N	 47.50  
 350 S	 30.91  
 351 E	 44.92  
 352 L	 4.41  
 353 M	 4.24  
 354 G	 35.87  
 355 R	 22.37  
 356 K	 34.61  
 357 L	 4.87  
 358 R	 24.18  
 359 V	 5.61  
 360 M	 1.82  
 361 R	 34.30  
 362 S	 16.37  
 363 V	 9.29  
 364 N	 48.27  
 365 K	 61.19  
 366 E	 59.53  
 367 K	 60.51  
 368 F	 10.15  
 369 K	 63.14  
 370 Q	 51.31  
 371 Q	 56.78  
 372 N	 41.06  
 373 S	 43.82  
 374 N	 33.01  
 375 P	 42.68  
 376 R	 63.65  
 377 L	 5.09  
 378 K	 57.49  
 379 N	 48.13  
 380 V	 8.12  
 381 S	 53.27  
 382 K	 52.53  
 383 P	 27.05  
 384 K	 61.81  
 385 Q	 70.86  
 386 G	 28.81  
 387 L	 4.39  
 388 N	 45.00  
 389 F	 11.10  
 390 T	 28.39  
 391 S	 24.70  
 392 K	 49.01  
 393 T	 29.70  
 394 A	 25.22  
 395 E	 64.37  
 396 G	 39.68  
 397 H	 20.37  
 398 P	 38.49  
 399 K	 54.86  
 400 S	 32.72  
 401 L	 4.53  
 402 F	 9.71  
 403 I	 9.39  
 404 G	 24.02  
 405 E	 32.78  
 406 K	 38.28  
 407 A	 7.90  
 408 V	 10.75  
 409 L	 4.92  
 410 L	 5.49  
 411 K	 54.88  
 412 T	 48.33  
 413 K	 51.40  
 414 K	 68.33  
 415 K	 69.04  
 416 G	 54.11  
 417 Q	 59.90  
 418 K	 58.54  
 419 K	 50.70  
 420 S	 47.25  
 421 G	 59.81  
 422 R	 47.13  
 423 P	 52.28  
 424 K	 61.24  
 425 K	 59.00  
 426 Q	 65.02  
 427 R	 52.86  
 428 K	 61.00  
 429 Q	 59.90  
 430 K	 66.40  
