 1 M	 8.89  
 2 A	 19.18  
 3 G	 32.93  
 4 R	 23.22  
 5 G	 25.14  
 6 S	 25.00  
 7 L	 3.84  
 8 V	 5.74  
 9 S	 19.01  
 10 W	 6.53  
 11 R	 21.62  
 12 A	 8.43  
 13 F	 3.70  
 14 H	 34.68  
 15 G	 15.52  
 16 C	 2.54  
 17 D	 56.31  
 18 S	 41.47  
 19 A	 10.88  
 20 E	 65.11  
 21 E	 64.88  
 22 L	 2.18  
 23 P	 37.60  
 24 R	 54.92  
 25 V	 9.73  
 26 S	 16.19  
 27 P	 28.34  
 28 R	 35.41  
 29 F	 6.51  
 30 L	 3.74  
 31 R	 32.68  
 32 A	 15.86  
 33 W	 9.70  
 34 H	 24.81  
 35 P	 24.96  
 36 P	 29.10  
 37 P	 36.83  
 38 V	 9.60  
 39 S	 18.87  
 40 A	 16.42  
 41 R	 24.90  
 42 M	 3.88  
 43 P	 19.73  
 44 T	 24.43  
 45 R	 26.69  
 46 R	 36.06  
 47 W	 11.97  
 48 A	 7.28  
 49 P	 39.13  
 50 G	 22.22  
 51 T	 21.14  
 52 Q	 23.64  
 53 C	 4.24  
 54 I	 2.72  
 55 T	 36.95  
 56 K	 20.08  
 57 C	 3.29  
 58 E	 50.26  
 59 H	 36.33  
 60 T	 26.77  
 61 R	 38.87  
 62 P	 48.63  
 63 K	 63.46  
 64 P	 44.14  
 65 G	 48.99  
 66 E	 45.51  
 67 L	 7.27  
 68 A	 9.63  
 69 F	 15.04  
 70 R	 36.12  
 71 K	 53.67  
 72 G	 28.79  
 73 D	 34.45  
 74 V	 5.80  
 75 V	 3.07  
 76 T	 21.50  
 77 I	 1.90  
 78 L	 2.20  
 79 E	 47.63  
 80 A	 11.50  
 81 C	 4.29  
 82 E	 74.80  
 83 N	 43.47  
 84 K	 21.77  
 85 S	 40.70  
 86 W	 6.12  
 87 Y	 16.78  
 88 R	 25.42  
 89 V	 3.98  
 90 K	 22.22  
 91 H	 26.97  
 92 H	 18.93  
 93 T	 33.98  
 94 S	 33.84  
 95 G	 30.62  
 96 Q	 41.15  
 97 E	 56.16  
 98 G	 20.36  
 99 L	 2.64  
 100 L	 4.52  
 101 A	 14.64  
 102 A	 12.08  
 103 G	 21.38  
 104 A	 9.94  
 105 L	 5.98  
 106 R	 40.15  
 107 E	 56.58  
 108 R	 28.23  
 109 E	 49.57  
 110 A	 17.03  
 111 L	 3.57  
 112 S	 37.36  
 113 A	 37.67  
 114 D	 37.17  
 115 P	 38.92  
 116 K	 51.78  
 117 L	 6.06  
 118 S	 28.84  
 119 L	 7.48  
 120 M	 2.19  
 121 P	 35.56  
 122 W	 5.49  
 123 F	 4.48  
 124 H	 32.54  
 125 G	 21.37  
 126 K	 25.73  
 127 I	 7.10  
 128 S	 37.60  
 129 G	 32.59  
 130 Q	 28.78  
 131 E	 55.09  
 132 A	 9.13  
 133 V	 3.52  
 134 Q	 45.36  
 135 Q	 35.15  
 136 L	 4.64  
 137 Q	 47.35  
 138 P	 42.72  
 139 P	 39.07  
 140 E	 71.97  
 141 D	 65.94  
 142 G	 19.37  
 143 L	 4.67  
 144 F	 7.88  
 145 L	 4.22  
 146 V	 5.10  
 147 R	 34.01  
 148 E	 41.07  
 149 S	 21.75  
 150 A	 14.73  
 151 R	 45.90  
 152 H	 30.34  
 153 P	 31.62  
 154 G	 32.53  
 155 D	 34.51  
 156 Y	 10.96  
 157 V	 3.88  
 158 L	 1.62  
 159 C	 1.39  
 160 V	 4.67  
 161 S	 22.46  
 162 F	 4.66  
 163 G	 19.85  
 164 R	 32.77  
 165 D	 44.07  
 166 V	 2.53  
 167 I	 2.50  
 168 H	 12.28  
 169 Y	 7.41  
 170 R	 15.45  
 171 V	 4.10  
 172 L	 1.71  
 173 H	 23.95  
 174 R	 47.66  
 175 D	 37.81  
 176 G	 20.05  
 177 H	 24.88  
 178 L	 5.70  
 179 T	 22.25  
 180 I	 5.92  
 181 D	 32.35  
 182 E	 42.77  
 183 A	 10.32  
 184 V	 3.39  
 185 F	 8.13  
 186 F	 1.86  
 187 C	 2.31  
 188 N	 32.99  
 189 L	 3.03  
 190 M	 1.62  
 191 D	 40.93  
 192 M	 2.07  
 193 V	 3.41  
 194 E	 30.39  
 195 H	 22.28  
 196 Y	 12.15  
 197 S	 35.96  
 198 K	 57.18  
 199 D	 48.99  
 200 K	 54.71  
 201 G	 30.24  
 202 A	 10.22  
 203 I	 4.12  
 204 C	 2.45  
 205 T	 22.69  
 206 K	 40.34  
 207 L	 1.81  
 208 V	 11.96  
 209 R	 41.27  
 210 P	 33.07  
 211 K	 64.61  
 212 R	 38.60  
 213 K	 53.14  
 214 H	 53.86  
 215 G	 37.56  
 216 T	 22.88  
 217 K	 52.87  
 218 S	 40.53  
 219 A	 29.76  
 220 E	 60.12  
 221 E	 59.01  
 222 E	 38.95  
 223 L	 4.41  
 224 A	 11.53  
 225 R	 46.38  
 226 A	 14.12  
 227 G	 15.26  
 228 W	 9.19  
 229 L	 1.91  
 230 L	 4.91  
 231 N	 35.17  
 232 L	 3.24  
 233 Q	 28.59  
 234 H	 24.77  
 235 L	 2.46  
 236 T	 22.48  
 237 L	 7.24  
 238 G	 15.36  
 239 A	 10.84  
 240 Q	 42.28  
 241 I	 5.56  
 242 G	 25.44  
 243 E	 58.12  
 244 G	 30.25  
 245 E	 36.28  
 246 F	 12.84  
 247 G	 15.52  
 248 A	 12.27  
 249 V	 4.14  
 250 L	 5.55  
 251 Q	 35.75  
 252 G	 22.73  
 253 E	 25.32  
 254 Y	 23.98  
 255 L	 5.22  
 256 G	 25.10  
 257 Q	 34.16  
 258 K	 30.29  
 259 V	 5.94  
 260 A	 17.38  
 261 V	 5.66  
 262 K	 43.12  
 263 N	 32.14  
 264 I	 3.78  
 265 K	 33.50  
 266 C	 4.50  
 267 D	 35.48  
 268 V	 7.19  
 269 T	 10.37  
 270 A	 9.88  
 271 Q	 24.23  
 272 A	 12.42  
 273 F	 6.17  
 274 L	 6.97  
 275 D	 44.75  
 276 E	 40.59  
 277 T	 24.99  
 278 A	 6.24  
 279 V	 6.99  
 280 M	 2.50  
 281 T	 19.43  
 282 K	 20.61  
 283 M	 3.46  
 284 Q	 42.15  
 285 H	 23.55  
 286 E	 35.05  
 287 N	 41.53  
 288 L	 1.85  
 289 V	 6.46  
 290 R	 27.62  
 291 L	 3.68  
 292 L	 3.45  
 293 G	 14.71  
 294 V	 4.20  
 295 I	 2.42  
 296 L	 1.99  
 297 H	 14.45  
 298 Q	 39.89  
 299 G	 15.08  
 300 L	 1.81  
 301 Y	 9.78  
 302 I	 2.60  
 303 V	 2.02  
 304 M	 1.82  
 305 E	 30.18  
 306 H	 15.85  
 307 V	 3.94  
 308 S	 36.43  
 309 K	 51.21  
 310 G	 25.79  
 311 N	 44.55  
 312 L	 4.55  
 313 V	 5.74  
 314 N	 33.14  
 315 F	 3.68  
 316 L	 4.63  
 317 R	 20.45  
 318 T	 39.35  
 319 R	 26.60  
 320 G	 20.71  
 321 R	 22.81  
 322 A	 20.77  
 323 L	 2.69  
 324 V	 6.12  
 325 N	 30.46  
 326 T	 14.33  
 327 A	 7.88  
 328 Q	 40.44  
 329 L	 3.63  
 330 L	 3.00  
 331 Q	 34.18  
 332 F	 9.41  
 333 S	 12.47  
 334 L	 3.88  
 335 H	 18.62  
 336 V	 6.68  
 337 A	 9.25  
 338 E	 58.97  
 339 G	 12.41  
 340 M	 2.00  
 341 E	 58.80  
 342 Y	 13.58  
 343 L	 3.69  
 344 E	 60.66  
 345 S	 32.28  
 346 K	 40.53  
 347 K	 66.09  
 348 L	 4.51  
 349 V	 4.83  
 350 H	 28.15  
 351 R	 32.91  
 352 D	 26.28  
 353 L	 3.96  
 354 A	 14.52  
 355 A	 16.61  
 356 R	 25.72  
 357 N	 27.50  
 358 I	 3.15  
 359 L	 3.86  
 360 V	 5.36  
 361 S	 23.19  
 362 E	 48.13  
 363 D	 38.65  
 364 L	 3.37  
 365 V	 8.19  
 366 A	 17.52  
 367 K	 34.49  
 368 V	 4.84  
 369 S	 26.90  
 370 D	 44.62  
 371 F	 7.23  
 372 G	 29.71  
 373 L	 4.45  
 374 A	 14.91  
 375 K	 56.68  
 376 A	 19.07  
 377 E	 54.97  
 378 R	 43.11  
 379 K	 56.16  
 380 G	 40.72  
 381 L	 6.91  
 382 D	 53.92  
 383 S	 23.54  
 384 S	 37.19  
 385 R	 47.14  
 386 L	 6.54  
 387 P	 25.24  
 388 V	 10.79  
 389 K	 36.57  
 390 W	 9.68  
 391 T	 26.98  
 392 A	 9.98  
 393 P	 21.73  
 394 E	 65.26  
 395 A	 22.35  
 396 L	 3.92  
 397 K	 58.31  
 398 H	 45.59  
 399 G	 25.78  
 400 K	 45.23  
 401 F	 12.64  
 402 T	 38.44  
 403 S	 33.04  
 404 K	 47.84  
 405 S	 36.84  
 406 D	 50.03  
 407 V	 6.27  
 408 W	 7.92  
 409 S	 16.39  
 410 F	 4.62  
 411 G	 12.03  
 412 V	 3.60  
 413 L	 4.75  
 414 L	 3.22  
 415 W	 8.78  
 416 E	 33.38  
 417 V	 2.33  
 418 F	 2.93  
 419 S	 31.67  
 420 Y	 10.12  
 421 G	 20.34  
 422 R	 24.93  
 423 A	 12.01  
 424 P	 44.60  
 425 Y	 17.94  
 426 P	 25.47  
 427 K	 34.97  
 428 M	 4.98  
 429 S	 42.27  
 430 L	 4.99  
 431 K	 49.08  
 432 E	 57.48  
 433 V	 6.31  
 434 S	 22.41  
 435 E	 63.01  
 436 A	 13.78  
 437 V	 7.39  
 438 E	 48.05  
 439 K	 55.43  
 440 G	 11.19  
 441 Y	 20.18  
 442 R	 31.49  
 443 M	 7.35  
 444 E	 49.02  
 445 P	 23.93  
 446 P	 36.99  
 447 E	 81.69  
 448 G	 28.79  
 449 C	 3.16  
 450 P	 62.06  
 451 G	 40.72  
 452 P	 9.74  
 453 V	 6.38  
 454 H	 15.32  
 455 V	 4.96  
 456 L	 1.34  
 457 M	 2.42  
 458 S	 20.41  
 459 S	 14.86  
 460 C	 2.74  
 461 W	 15.13  
 462 E	 47.70  
 463 A	 11.99  
 464 E	 28.16  
 465 P	 37.81  
 466 A	 16.18  
 467 R	 63.45  
 468 R	 45.40  
 469 P	 27.16  
 470 P	 39.60  
 471 F	 13.75  
 472 R	 38.56  
 473 K	 53.05  
 474 L	 6.93  
 475 A	 18.21  
 476 E	 60.07  
 477 K	 41.67  
 478 L	 4.01  
 479 A	 17.61  
 480 R	 54.65  
 481 E	 42.82  
 482 L	 4.34  
 483 R	 21.51  
 484 S	 43.61  
 485 A	 16.25  
 486 G	 33.08  
 487 A	 9.01  
 488 P	 24.93  
 489 A	 23.25  
 490 S	 18.76  
 491 V	 8.94  
 492 S	 28.39  
 493 G	 27.51  
 494 Q	 34.90  
 495 D	 50.59  
 496 A	 18.38  
 497 D	 60.92  
 498 G	 34.25  
 499 S	 26.68  
 500 T	 48.56  
 501 S	 21.73  
 502 P	 39.78  
 503 R	 51.22  
 504 S	 42.13  
 505 Q	 69.16  
 506 E	 54.98  
 507 P	 41.71  
