 1 M	 6.78  
 2 A	 15.82  
 3 T	 20.56  
 4 V	 4.90  
 5 G	 19.84  
 6 G	 24.41  
 7 A	 11.46  
 8 F	 11.61  
 9 K	 45.96  
 10 D	 42.29  
 11 S	 33.63  
 12 L	 6.20  
 13 T	 26.30  
 14 Q	 47.27  
 15 A	 17.10  
 16 Q	 43.87  
 17 K	 57.07  
 18 D	 52.16  
 19 E	 56.01  
 20 L	 5.30  
 21 H	 18.23  
 22 Q	 34.96  
 23 I	 3.18  
 24 A	 9.02  
 25 L	 4.09  
 26 K	 31.63  
 27 I	 3.32  
 28 V	 3.97  
 29 Q	 58.15  
 30 D	 50.29  
 31 G	 17.01  
 32 K	 51.58  
 33 G	 26.18  
 34 I	 2.42  
 35 L	 4.36  
 36 A	 15.79  
 37 A	 20.05  
 38 D	 44.78  
 39 E	 45.53  
 40 S	 32.46  
 41 T	 35.98  
 42 G	 25.31  
 43 T	 27.01  
 44 I	 6.92  
 45 G	 14.63  
 46 K	 46.03  
 47 R	 32.36  
 48 L	 6.25  
 49 D	 49.81  
 50 A	 9.36  
 51 I	 6.37  
 52 N	 42.92  
 53 L	 6.44  
 54 E	 54.22  
 55 N	 55.60  
 56 N	 48.36  
 57 E	 60.07  
 58 T	 37.51  
 59 N	 37.90  
 60 R	 41.61  
 61 Q	 49.56  
 62 K	 38.88  
 63 Y	 8.68  
 64 R	 27.92  
 65 Q	 39.15  
 66 L	 2.92  
 67 L	 2.44  
 68 F	 10.99  
 69 T	 41.11  
 70 T	 11.66  
 71 P	 40.01  
 72 N	 49.91  
 73 L	 7.41  
 74 N	 37.72  
 75 Q	 38.16  
 76 H	 18.33  
 77 I	 2.49  
 78 S	 25.53  
 79 G	 15.19  
 80 V	 1.86  
 81 I	 3.75  
 82 L	 4.01  
 83 Y	 10.70  
 84 E	 47.30  
 85 E	 43.12  
 86 T	 17.93  
 87 F	 5.81  
 88 H	 28.27  
 89 Q	 43.78  
 90 S	 29.97  
 91 T	 34.85  
 92 D	 63.31  
 93 K	 69.89  
 94 G	 46.25  
 95 E	 51.22  
 96 K	 63.33  
 97 F	 5.82  
 98 T	 36.48  
 99 D	 42.48  
 100 L	 4.91  
 101 L	 5.24  
 102 I	 3.99  
 103 K	 42.30  
 104 Q	 39.59  
 105 G	 20.19  
 106 I	 2.90  
 107 V	 4.55  
 108 P	 36.55  
 109 G	 20.83  
 110 I	 3.07  
 111 K	 41.69  
 112 L	 6.58  
 113 D	 36.05  
 114 L	 8.98  
 115 G	 20.31  
 116 V	 5.35  
 117 V	 2.82  
 118 P	 17.68  
 119 L	 4.67  
 120 A	 13.65  
 121 G	 26.08  
 122 T	 21.87  
 123 I	 4.65  
 124 G	 27.41  
 125 E	 49.90  
 126 G	 28.93  
 127 T	 16.19  
 128 T	 31.34  
 129 Q	 50.74  
 130 G	 33.48  
 131 L	 3.64  
 132 D	 51.23  
 133 K	 55.42  
 134 L	 6.29  
 135 A	 15.23  
 136 E	 53.97  
 137 R	 24.74  
 138 A	 8.47  
 139 A	 21.47  
 140 A	 18.79  
 141 F	 7.82  
 142 K	 45.87  
 143 K	 54.82  
 144 G	 36.89  
 145 G	 19.77  
 146 C	 5.74  
 147 G	 28.90  
 148 F	 8.01  
 149 A	 8.86  
 150 K	 32.67  
 151 W	 8.76  
 152 R	 10.44  
 153 C	 3.87  
 154 V	 3.26  
 155 L	 4.41  
 156 N	 15.39  
 157 I	 6.19  
 158 G	 15.46  
 159 T	 20.84  
 160 H	 30.48  
 161 T	 26.73  
 162 P	 16.49  
 163 S	 32.28  
 164 H	 27.83  
 165 L	 5.17  
 166 G	 17.13  
 167 M	 5.51  
 168 L	 4.33  
 169 E	 45.46  
 170 N	 32.62  
 171 A	 9.72  
 172 N	 40.70  
 173 V	 4.03  
 174 L	 1.94  
 175 A	 9.73  
 176 R	 24.32  
 177 Y	 10.09  
 178 A	 6.20  
 179 S	 18.24  
 180 I	 1.21  
 181 C	 2.64  
 182 Q	 35.87  
 183 A	 13.98  
 184 N	 20.60  
 185 G	 30.94  
 186 L	 4.09  
 187 V	 3.01  
 188 P	 29.92  
 189 I	 4.23  
 190 V	 9.10  
 191 E	 36.14  
 192 P	 26.54  
 193 E	 34.32  
 194 V	 10.63  
 195 L	 1.78  
 196 C	 8.36  
 197 D	 62.44  
 198 G	 32.89  
 199 E	 22.45  
 200 H	 40.70  
 201 D	 37.41  
 202 L	 3.61  
 203 A	 15.72  
 204 R	 44.86  
 205 A	 14.13  
 206 Q	 34.89  
 207 K	 50.57  
 208 V	 4.78  
 209 T	 27.95  
 210 E	 41.50  
 211 Q	 26.59  
 212 V	 3.20  
 213 L	 2.82  
 214 A	 7.94  
 215 F	 5.58  
 216 V	 3.89  
 217 Y	 5.54  
 218 K	 31.46  
 219 A	 7.12  
 220 L	 5.14  
 221 A	 20.96  
 222 D	 33.02  
 223 H	 13.50  
 224 H	 15.51  
 225 V	 5.38  
 226 Y	 8.48  
 227 L	 4.81  
 228 E	 32.23  
 229 G	 21.04  
 230 T	 21.39  
 231 L	 9.46  
 232 L	 9.71  
 233 K	 37.14  
 234 P	 33.83  
 235 N	 35.65  
 236 M	 4.88  
 237 V	 8.10  
 238 T	 15.78  
 239 P	 27.67  
 240 G	 30.54  
 241 Q	 35.10  
 242 S	 33.51  
 243 S	 28.77  
 244 A	 21.94  
 245 S	 30.60  
 246 K	 54.33  
 247 A	 17.39  
 248 S	 26.12  
 249 H	 33.11  
 250 E	 39.21  
 251 A	 8.84  
 252 I	 4.18  
 253 G	 19.12  
 254 L	 2.70  
 255 A	 8.53  
 256 T	 24.35  
 257 V	 2.16  
 258 T	 18.67  
 259 A	 8.50  
 260 L	 2.54  
 261 R	 30.73  
 262 R	 51.84  
 263 G	 24.27  
 264 V	 2.50  
 265 P	 19.82  
 266 A	 20.77  
 267 A	 11.28  
 268 V	 4.91  
 269 P	 24.60  
 270 G	 25.60  
 271 I	 1.69  
 272 T	 25.16  
 273 F	 4.89  
 274 L	 3.30  
 275 S	 36.36  
 276 G	 40.06  
 277 G	 25.19  
 278 Q	 36.94  
 279 S	 43.32  
 280 E	 42.66  
 281 L	 7.04  
 282 D	 37.51  
 283 A	 22.64  
 284 T	 18.75  
 285 A	 21.89  
 286 N	 29.49  
 287 L	 4.20  
 288 N	 38.28  
 289 A	 12.90  
 290 I	 3.72  
 291 N	 33.45  
 292 S	 12.72  
 293 V	 4.75  
 294 Q	 44.30  
 295 L	 9.99  
 296 G	 19.52  
 297 K	 57.19  
 298 P	 31.47  
 299 W	 16.27  
 300 K	 46.29  
 301 L	 5.30  
 302 T	 13.55  
 303 F	 8.41  
 304 S	 22.80  
 305 Y	 13.36  
 306 G	 13.74  
 307 R	 24.72  
 308 A	 10.32  
 309 L	 4.15  
 310 Q	 30.52  
 311 A	 11.49  
 312 S	 18.28  
 313 V	 7.72  
 314 L	 2.65  
 315 K	 39.68  
 316 A	 13.14  
 317 W	 17.93  
 318 G	 37.83  
 319 G	 24.44  
 320 K	 58.91  
 321 D	 58.40  
 322 E	 54.76  
 323 N	 39.06  
 324 I	 2.31  
 325 A	 14.34  
 326 A	 13.46  
 327 A	 11.46  
 328 Q	 34.24  
 329 K	 36.09  
 330 T	 23.59  
 331 L	 4.96  
 332 L	 3.69  
 333 H	 34.77  
 334 R	 39.56  
 335 S	 25.93  
 336 K	 45.91  
 337 A	 26.87  
 338 N	 53.25  
 339 G	 36.40  
 340 D	 32.56  
 341 A	 14.19  
 342 S	 42.25  
 343 L	 8.01  
 344 G	 20.59  
 345 K	 36.90  
 346 Y	 20.31  
 347 A	 20.55  
 348 G	 30.17  
 349 E	 35.98  
 350 D	 40.58  
 351 A	 11.95  
 352 A	 22.08  
 353 G	 19.91  
 354 A	 9.96  
 355 A	 15.73  
 356 A	 13.33  
 357 E	 43.16  
 358 S	 23.52  
 359 L	 2.77  
 360 F	 7.56  
 361 V	 9.34  
 362 A	 9.12  
 363 K	 27.99  
 364 H	 23.69  
 365 S	 31.65  
 366 Y	 23.46  
