 1 M	 13.33  
 2 G	 32.39  
 3 G	 22.68  
 4 R	 15.41  
 5 V	 5.36  
 6 F	 3.82  
 7 L	 3.06  
 8 A	 5.59  
 9 F	 3.62  
 10 C	 1.46  
 11 V	 3.66  
 12 W	 5.70  
 13 L	 1.43  
 14 T	 18.39  
 15 L	 3.27  
 16 P	 34.41  
 17 G	 38.87  
 18 A	 18.09  
 19 E	 53.57  
 20 T	 36.82  
 21 Q	 37.88  
 22 D	 47.96  
 23 S	 22.28  
 24 R	 53.12  
 25 G	 17.25  
 26 C	 1.95  
 27 A	 15.72  
 28 R	 39.34  
 29 W	 4.61  
 30 C	 1.75  
 31 P	 29.45  
 32 Q	 60.34  
 33 N	 22.49  
 34 S	 21.62  
 35 S	 29.63  
 36 C	 2.48  
 37 V	 6.20  
 38 N	 35.58  
 39 A	 3.99  
 40 T	 22.53  
 41 A	 4.02  
 42 C	 4.41  
 43 R	 22.30  
 44 C	 7.88  
 45 N	 22.00  
 46 P	 49.16  
 47 G	 22.52  
 48 F	 6.12  
 49 S	 36.07  
 50 S	 30.45  
 51 F	 8.02  
 52 S	 29.81  
 53 E	 36.08  
 54 I	 3.08  
 55 I	 2.85  
 56 T	 32.17  
 57 T	 20.15  
 58 P	 21.42  
 59 T	 41.66  
 60 E	 48.95  
 61 T	 24.58  
 62 C	 3.44  
 63 D	 68.21  
 64 D	 48.00  
 65 I	 2.74  
 66 N	 45.34  
 67 E	 26.34  
 68 C	 4.40  
 69 A	 19.16  
 70 T	 39.49  
 71 P	 17.39  
 72 S	 41.14  
 73 K	 39.09  
 74 V	 7.21  
 75 S	 22.38  
 76 C	 8.44  
 77 G	 26.91  
 78 K	 46.12  
 79 F	 4.52  
 80 S	 35.03  
 81 D	 44.58  
 82 C	 2.67  
 83 W	 21.55  
 84 N	 34.29  
 85 T	 19.75  
 86 E	 42.82  
 87 G	 29.48  
 88 S	 16.15  
 89 Y	 24.99  
 90 D	 21.77  
 91 C	 2.24  
 92 V	 3.11  
 93 C	 5.23  
 94 S	 10.85  
 95 P	 44.23  
 96 G	 24.12  
 97 Y	 22.05  
 98 E	 45.18  
 99 P	 19.65  
 100 V	 5.72  
 101 S	 43.69  
 102 G	 31.18  
 103 A	 10.54  
 104 K	 59.00  
 105 T	 39.03  
 106 F	 8.68  
 107 K	 66.10  
 108 N	 54.56  
 109 E	 61.08  
 110 S	 45.61  
 111 E	 50.83  
 112 N	 56.27  
 113 T	 13.90  
 114 C	 4.98  
 115 Q	 52.29  
 116 D	 52.56  
 117 V	 2.48  
 118 D	 60.28  
 119 E	 33.79  
 120 C	 4.34  
 121 Q	 44.00  
 122 Q	 73.82  
 123 N	 9.59  
 124 P	 26.70  
 125 R	 61.33  
 126 L	 4.56  
 127 C	 2.65  
 128 K	 51.83  
 129 S	 28.00  
 130 Y	 11.27  
 131 G	 21.52  
 132 T	 12.68  
 133 C	 1.61  
 134 V	 6.52  
 135 N	 31.56  
 136 T	 16.46  
 137 L	 3.46  
 138 G	 19.30  
 139 S	 22.00  
 140 Y	 15.10  
 141 T	 9.59  
 142 C	 1.72  
 143 Q	 24.79  
 144 C	 5.57  
 145 L	 1.59  
 146 P	 54.52  
 147 G	 25.98  
 148 F	 5.73  
 149 K	 48.58  
 150 F	 11.99  
 151 I	 3.63  
 152 P	 42.97  
 153 E	 80.34  
 154 D	 42.86  
 155 P	 29.35  
 156 K	 63.36  
 157 V	 5.31  
 158 C	 3.16  
 159 T	 46.07  
 160 D	 35.80  
 161 V	 3.33  
 162 N	 41.24  
 163 E	 38.73  
 164 C	 2.86  
 165 T	 29.70  
 166 S	 50.46  
 167 G	 17.09  
 168 Q	 50.92  
 169 N	 44.70  
 170 P	 14.87  
 171 C	 6.79  
 172 H	 26.49  
 173 S	 43.58  
 174 S	 9.86  
 175 T	 21.44  
 176 H	 18.93  
 177 C	 4.39  
 178 L	 3.97  
 179 N	 46.68  
 180 N	 26.95  
 181 V	 5.40  
 182 G	 23.82  
 183 S	 14.03  
 184 Y	 13.00  
 185 Q	 15.18  
 186 C	 3.17  
 187 R	 12.17  
 188 C	 8.94  
 189 R	 17.26  
 190 P	 52.58  
 191 G	 19.12  
 192 W	 11.94  
 193 Q	 31.77  
 194 P	 28.38  
 195 I	 3.46  
 196 P	 43.84  
 197 G	 57.35  
 198 S	 15.16  
 199 P	 56.57  
 200 N	 79.03  
 201 G	 29.69  
 202 P	 37.22  
 203 N	 59.19  
 204 N	 36.70  
 205 T	 32.92  
 206 V	 3.51  
 207 C	 3.30  
 208 E	 57.65  
 209 D	 48.30  
 210 V	 2.89  
 211 D	 64.60  
 212 E	 35.83  
 213 C	 3.20  
 214 S	 35.14  
 215 S	 54.88  
 216 G	 16.82  
 217 Q	 25.98  
 218 H	 33.49  
 219 Q	 25.48  
 220 C	 5.27  
 221 D	 38.77  
 222 S	 35.22  
 223 S	 16.17  
 224 T	 25.83  
 225 V	 3.66  
 226 C	 1.89  
 227 F	 8.15  
 228 N	 28.82  
 229 T	 13.14  
 230 V	 5.14  
 231 G	 20.87  
 232 S	 14.99  
 233 Y	 13.08  
 234 S	 9.22  
 235 C	 3.46  
 236 R	 17.34  
 237 C	 7.84  
 238 R	 17.26  
 239 P	 57.53  
 240 G	 26.20  
 241 W	 15.34  
 242 K	 37.78  
 243 P	 27.30  
 244 R	 36.62  
 245 H	 47.24  
 246 G	 38.03  
 247 I	 2.42  
 248 P	 38.01  
 249 N	 62.74  
 250 N	 44.94  
 251 Q	 52.20  
 252 K	 58.45  
 253 D	 34.31  
 254 T	 33.81  
 255 V	 4.89  
 256 C	 3.89  
 257 E	 46.62  
 258 D	 35.97  
 259 M	 1.58  
 260 T	 27.10  
 261 F	 5.00  
 262 S	 17.54  
 263 T	 29.21  
 264 W	 13.00  
 265 T	 26.46  
 266 P	 25.34  
 267 P	 30.79  
 268 P	 59.65  
 269 G	 35.23  
 270 V	 4.91  
 271 H	 21.80  
 272 S	 23.58  
 273 Q	 31.42  
 274 T	 29.71  
 275 L	 2.41  
 276 S	 30.35  
 277 R	 39.09  
 278 F	 9.26  
 279 F	 9.62  
 280 D	 47.72  
 281 K	 36.32  
 282 V	 6.03  
 283 Q	 46.05  
 284 D	 54.82  
 285 L	 3.20  
 286 G	 39.37  
 287 R	 52.94  
 288 D	 53.33  
 289 S	 36.15  
 290 K	 57.63  
 291 T	 31.69  
 292 S	 31.15  
 293 S	 33.41  
 294 A	 18.29  
 295 E	 41.99  
 296 V	 5.97  
 297 T	 14.35  
 298 I	 3.20  
 299 Q	 28.86  
 300 N	 33.36  
 301 V	 2.04  
 302 I	 3.61  
 303 K	 37.87  
 304 L	 3.95  
 305 V	 4.58  
 306 D	 54.47  
 307 E	 42.40  
 308 L	 3.04  
 309 M	 3.77  
 310 E	 65.42  
 311 A	 10.22  
 312 P	 26.64  
 313 G	 59.66  
 314 D	 33.74  
 315 V	 6.01  
 316 E	 42.58  
 317 A	 14.63  
 318 L	 4.68  
 319 A	 17.25  
 320 P	 28.86  
 321 P	 30.11  
 322 V	 6.16  
 323 R	 25.35  
 324 H	 23.09  
 325 L	 1.68  
 326 I	 2.97  
 327 A	 8.82  
 328 T	 16.86  
 329 Q	 31.24  
 330 L	 5.00  
 331 L	 1.99  
 332 S	 48.22  
 333 N	 47.63  
 334 L	 5.86  
 335 E	 50.14  
 336 D	 43.05  
 337 I	 1.14  
 338 M	 3.18  
 339 R	 22.54  
 340 I	 2.13  
 341 L	 3.28  
 342 A	 9.30  
 343 K	 49.43  
 344 S	 44.27  
 345 L	 5.11  
 346 P	 46.80  
 347 K	 81.92  
 348 G	 22.18  
 349 P	 25.24  
 350 F	 12.65  
 351 T	 24.07  
 352 Y	 10.36  
 353 I	 4.42  
 354 S	 16.32  
 355 P	 23.26  
 356 S	 49.98  
 357 N	 40.74  
 358 T	 36.39  
 359 E	 43.97  
 360 L	 4.13  
 361 T	 14.19  
 362 L	 4.44  
 363 M	 2.21  
 364 I	 4.29  
 365 Q	 21.99  
 366 E	 47.94  
 367 R	 42.08  
 368 G	 49.87  
 369 D	 45.65  
 370 K	 57.02  
 371 N	 38.95  
 372 V	 4.86  
 373 T	 25.61  
 374 M	 3.91  
 375 G	 18.17  
 376 Q	 24.32  
 377 S	 21.89  
 378 S	 16.41  
 379 A	 22.34  
 380 R	 25.39  
 381 M	 6.07  
 382 K	 32.87  
 383 L	 4.77  
 384 N	 21.10  
 385 W	 11.53  
 386 A	 4.68  
 387 V	 2.57  
 388 A	 7.76  
 389 A	 15.89  
 390 G	 21.55  
 391 A	 17.19  
 392 E	 64.91  
 393 D	 53.58  
 394 P	 42.02  
 395 G	 34.81  
 396 P	 29.02  
 397 A	 15.09  
 398 V	 5.88  
 399 A	 11.04  
 400 G	 18.12  
 401 I	 1.64  
 402 L	 3.45  
 403 S	 21.87  
 404 I	 2.84  
 405 Q	 30.21  
 406 N	 28.26  
 407 M	 1.41  
 408 T	 23.11  
 409 T	 14.70  
 410 L	 2.90  
 411 L	 3.03  
 412 A	 16.80  
 413 N	 29.99  
 414 A	 15.13  
 415 S	 20.00  
 416 L	 8.00  
 417 N	 32.96  
 418 L	 6.14  
 419 H	 36.18  
 420 S	 44.72  
 421 K	 37.85  
 422 K	 58.73  
 423 Q	 43.75  
 424 A	 32.02  
 425 E	 54.97  
 426 L	 8.85  
 427 E	 33.58  
 428 E	 64.59  
 429 I	 3.18  
 430 Y	 17.03  
 431 E	 43.61  
 432 S	 17.69  
 433 S	 12.36  
 434 I	 6.56  
 435 R	 40.97  
 436 G	 15.17  
 437 V	 3.30  
 438 Q	 31.88  
 439 L	 2.98  
 440 R	 22.02  
 441 R	 41.40  
 442 L	 2.89  
 443 S	 28.49  
 444 A	 14.76  
 445 V	 5.33  
 446 N	 29.16  
 447 S	 14.23  
 448 I	 3.21  
 449 F	 6.01  
 450 L	 4.92  
 451 S	 17.27  
 452 H	 33.43  
 453 N	 55.26  
 454 N	 47.29  
 455 T	 31.08  
 456 K	 63.43  
 457 E	 51.66  
 458 L	 9.07  
 459 N	 47.00  
 460 S	 26.41  
 461 P	 26.65  
 462 I	 5.05  
 463 L	 2.62  
 464 F	 7.17  
 465 A	 11.11  
 466 F	 3.56  
 467 S	 24.59  
 468 H	 27.45  
 469 L	 7.09  
 470 E	 42.65  
 471 S	 39.84  
 472 S	 40.01  
 473 D	 69.13  
 474 G	 28.71  
 475 E	 53.60  
 476 A	 24.69  
 477 G	 30.16  
 478 R	 61.38  
 479 D	 53.25  
 480 P	 29.41  
 481 P	 57.12  
 482 A	 26.52  
 483 K	 57.54  
 484 D	 44.01  
 485 V	 5.00  
 486 M	 4.56  
 487 P	 49.86  
 488 G	 16.36  
 489 P	 28.98  
 490 R	 48.82  
 491 Q	 49.15  
 492 E	 45.01  
 493 L	 3.44  
 494 L	 1.63  
 495 C	 4.60  
 496 A	 17.19  
 497 F	 9.12  
 498 W	 4.82  
 499 K	 37.62  
 500 S	 32.70  
 501 D	 51.32  
 502 S	 35.98  
 503 D	 59.23  
 504 R	 57.87  
 505 G	 36.99  
 506 G	 17.66  
 507 H	 17.52  
 508 W	 14.25  
 509 A	 7.07  
 510 T	 27.93  
 511 E	 50.67  
 512 G	 11.64  
 513 C	 1.74  
 514 Q	 44.31  
 515 V	 8.32  
 516 L	 2.36  
 517 G	 37.40  
 518 S	 20.84  
 519 K	 64.63  
 520 N	 51.88  
 521 G	 30.06  
 522 S	 29.91  
 523 T	 32.75  
 524 T	 11.41  
 525 C	 3.78  
 526 Q	 29.65  
 527 C	 2.77  
 528 S	 11.11  
 529 H	 37.04  
 530 L	 2.36  
 531 S	 20.27  
 532 S	 25.67  
 533 F	 4.38  
 534 A	 8.92  
 535 I	 2.26  
 536 L	 1.91  
 537 M	 1.44  
 538 A	 8.47  
 539 H	 12.83  
 540 Y	 16.49  
 541 D	 27.71  
 542 V	 5.91  
 543 E	 56.08  
 544 D	 47.89  
 545 W	 5.53  
 546 K	 43.87  
 547 L	 4.03  
 548 T	 16.64  
 549 L	 5.65  
 550 I	 1.63  
 551 T	 23.55  
 552 R	 17.32  
 553 V	 5.73  
 554 G	 11.27  
 555 L	 3.86  
 556 A	 6.81  
 557 L	 5.70  
 558 S	 17.50  
 559 L	 3.50  
 560 F	 2.18  
 561 C	 2.95  
 562 L	 2.99  
 563 L	 3.74  
 564 L	 0.80  
 565 C	 2.12  
 566 I	 4.02  
 567 L	 2.43  
 568 T	 7.73  
 569 F	 4.44  
 570 L	 3.49  
 571 L	 2.41  
 572 V	 8.12  
 573 R	 23.67  
 574 P	 18.77  
 575 I	 5.19  
 576 Q	 46.63  
 577 G	 21.58  
 578 S	 15.30  
 579 R	 42.59  
 580 T	 31.62  
 581 T	 12.80  
 582 I	 3.00  
 583 H	 12.71  
 584 L	 2.66  
 585 H	 12.42  
 586 L	 2.37  
 587 C	 1.12  
 588 I	 2.62  
 589 C	 2.05  
 590 L	 1.65  
 591 F	 5.18  
 592 V	 3.69  
 593 G	 16.25  
 594 S	 17.02  
 595 T	 15.15  
 596 I	 2.59  
 597 F	 3.76  
 598 L	 3.64  
 599 A	 13.23  
 600 G	 29.86  
 601 I	 4.23  
 602 E	 48.59  
 603 N	 51.82  
 604 E	 52.49  
 605 G	 43.33  
 606 G	 16.90  
 607 Q	 36.64  
 608 V	 9.85  
 609 G	 10.26  
 610 L	 4.99  
 611 R	 9.51  
 612 C	 4.79  
 613 R	 26.26  
 614 L	 3.38  
 615 V	 1.73  
 616 A	 13.91  
 617 G	 22.69  
 618 L	 1.60  
 619 L	 2.37  
 620 H	 23.51  
 621 Y	 5.72  
 622 C	 1.24  
 623 F	 4.02  
 624 L	 2.76  
 625 A	 4.35  
 626 A	 11.41  
 627 F	 2.52  
 628 C	 2.27  
 629 W	 3.49  
 630 M	 3.26  
 631 S	 9.96  
 632 L	 3.33  
 633 E	 55.19  
 634 G	 29.73  
 635 L	 2.75  
 636 E	 52.89  
 637 L	 4.39  
 638 Y	 5.86  
 639 F	 6.97  
 640 L	 1.89  
 641 V	 1.53  
 642 V	 4.74  
 643 R	 18.96  
 644 V	 2.58  
 645 F	 4.78  
 646 Q	 40.21  
 647 G	 16.44  
 648 Q	 38.58  
 649 G	 28.55  
 650 L	 3.48  
 651 S	 23.81  
 652 T	 30.79  
 653 R	 22.46  
 654 W	 7.48  
 655 L	 1.21  
 656 C	 1.75  
 657 L	 2.97  
 658 I	 3.79  
 659 G	 10.53  
 660 Y	 14.14  
 661 G	 14.89  
 662 V	 1.96  
 663 P	 19.65  
 664 L	 4.78  
 665 L	 2.14  
 666 I	 3.14  
 667 V	 6.63  
 668 G	 10.73  
 669 V	 2.14  
 670 S	 13.17  
 671 A	 8.75  
 672 A	 8.18  
 673 I	 3.89  
 674 Y	 10.29  
 675 S	 17.31  
 676 K	 38.90  
 677 G	 24.96  
 678 Y	 17.44  
 679 G	 41.61  
 680 R	 12.21  
 681 P	 27.51  
 682 R	 37.57  
 683 Y	 7.23  
 684 C	 2.84  
 685 W	 7.05  
 686 L	 4.89  
 687 D	 22.12  
 688 F	 7.66  
 689 E	 49.84  
 690 Q	 48.18  
 691 G	 16.65  
 692 F	 6.71  
 693 L	 4.84  
 694 W	 5.69  
 695 S	 16.85  
 696 F	 6.55  
 697 L	 6.73  
 698 G	 16.78  
 699 P	 24.91  
 700 V	 6.92  
 701 T	 16.55  
 702 F	 3.13  
 703 I	 1.39  
 704 I	 2.91  
 705 L	 1.25  
 706 C	 1.85  
 707 N	 33.52  
 708 A	 8.52  
 709 V	 1.86  
 710 I	 1.82  
 711 F	 2.99  
 712 V	 2.77  
 713 T	 12.60  
 714 T	 21.04  
 715 V	 2.87  
 716 W	 6.45  
 717 K	 37.00  
 718 L	 3.44  
 719 T	 26.45  
 720 Q	 56.06  
 721 K	 45.69  
 722 F	 5.95  
 723 S	 44.60  
 724 E	 50.33  
 725 I	 9.81  
 726 N	 23.59  
 727 P	 49.05  
 728 D	 57.98  
 729 M	 4.32  
 730 K	 63.43  
 731 K	 59.92  
 732 L	 6.00  
 733 K	 53.95  
 734 K	 54.24  
 735 A	 10.61  
 736 R	 38.72  
 737 A	 17.57  
 738 L	 2.72  
 739 T	 18.46  
 740 I	 2.26  
 741 T	 13.53  
 742 A	 7.41  
 743 I	 1.56  
 744 A	 9.50  
 745 Q	 27.00  
 746 L	 2.12  
 747 F	 3.35  
 748 L	 5.66  
 749 L	 4.08  
 750 G	 14.68  
 751 C	 2.46  
 752 T	 23.90  
 753 W	 6.37  
 754 V	 1.15  
 755 F	 5.47  
 756 G	 15.28  
 757 L	 1.70  
 758 F	 5.53  
 759 I	 4.44  
 760 F	 6.65  
 761 D	 45.67  
 762 D	 31.17  
 763 R	 33.46  
 764 S	 29.80  
 765 L	 3.69  
 766 V	 3.86  
 767 L	 3.29  
 768 T	 15.34  
 769 Y	 6.87  
 770 V	 2.62  
 771 F	 2.18  
 772 T	 17.95  
 773 I	 1.44  
 774 L	 3.17  
 775 N	 22.17  
 776 C	 2.42  
 777 L	 5.25  
 778 Q	 43.28  
 779 G	 12.83  
 780 A	 4.36  
 781 F	 6.19  
 782 L	 2.67  
 783 Y	 10.77  
 784 L	 2.61  
 785 L	 1.37  
 786 H	 9.51  
 787 C	 4.69  
 788 L	 4.04  
 789 L	 12.28  
 790 N	 29.20  
 791 K	 53.25  
 792 K	 45.51  
 793 V	 11.27  
 794 R	 39.65  
 795 E	 63.47  
 796 E	 39.82  
 797 Y	 16.85  
 798 R	 31.18  
 799 K	 37.94  
 800 W	 5.34  
 801 A	 4.64  
 802 C	 2.82  
 803 L	 1.98  
 804 V	 4.71  
 805 A	 12.04  
 806 G	 33.17  
 807 G	 15.95  
 808 S	 27.74  
 809 K	 56.95  
 810 Y	 18.35  
 811 S	 29.94  
 812 E	 50.26  
 813 F	 5.56  
 814 T	 22.55  
 815 S	 34.70  
 816 T	 23.17  
 817 T	 25.56  
 818 S	 34.15  
 819 G	 33.36  
 820 T	 34.73  
 821 G	 22.67  
 822 H	 24.06  
 823 N	 46.38  
 824 Q	 27.04  
 825 T	 24.19  
 826 R	 23.12  
 827 A	 12.56  
 828 L	 4.18  
 829 R	 34.77  
 830 A	 20.64  
 831 S	 26.34  
 832 E	 52.58  
 833 S	 39.01  
 834 G	 26.10  
 835 I	 7.70  
