 1 M	 10.30  
 2 G	 25.05  
 3 M	 2.74  
 4 S	 20.42  
 5 D	 24.96  
 6 V	 3.68  
 7 Y	 11.03  
 8 L	 3.94  
 9 R	 13.35  
 10 S	 31.24  
 11 R	 21.77  
 12 T	 31.44  
 13 A	 9.20  
 14 M	 2.81  
 15 E	 41.92  
 16 R	 23.59  
 17 L	 3.27  
 18 A	 17.14  
 19 S	 33.08  
 20 S	 34.75  
 21 D	 50.28  
 22 T	 31.61  
 23 F	 5.66  
 24 P	 20.78  
 25 V	 4.70  
 26 I	 2.41  
 27 A	 12.92  
 28 R	 21.74  
 29 S	 17.17  
 30 S	 26.32  
 31 A	 8.25  
 32 C	 3.07  
 33 R	 35.79  
 34 S	 28.12  
 35 L	 2.73  
 36 F	 12.55  
 37 G	 26.98  
 38 P	 22.49  
 39 V	 13.85  
 40 D	 46.76  
 41 H	 30.57  
 42 E	 50.91  
 43 E	 53.77  
 44 L	 7.74  
 45 G	 25.05  
 46 R	 53.02  
 47 E	 38.64  
 48 L	 5.13  
 49 R	 11.92  
 50 M	 6.87  
 51 R	 25.06  
 52 L	 2.95  
 53 A	 14.63  
 54 E	 47.34  
 55 L	 6.47  
 56 N	 32.56  
 57 A	 34.07  
 58 E	 60.08  
 59 D	 48.95  
 60 Q	 32.66  
 61 N	 60.37  
 62 R	 28.80  
 63 W	 23.30  
 64 D	 25.94  
 65 F	 8.61  
 66 N	 31.20  
 67 F	 7.53  
 68 Q	 39.40  
 69 Q	 49.91  
 70 D	 32.97  
 71 V	 4.12  
 72 P	 25.32  
 73 L	 11.26  
 74 R	 43.10  
 75 G	 36.38  
 76 P	 20.49  
 77 G	 45.84  
 78 R	 27.17  
 79 L	 6.06  
 80 Q	 35.79  
 81 W	 6.90  
 82 M	 2.01  
 83 E	 39.97  
 84 V	 5.92  
 85 D	 33.12  
 86 S	 36.63  
 87 E	 51.82  
 88 S	 37.03  
 89 V	 3.30  
 90 P	 26.40  
 91 A	 16.37  
 92 F	 4.90  
 93 Y	 15.05  
 94 R	 27.02  
 95 E	 41.78  
 96 T	 13.77  
 97 V	 3.58  
 98 Q	 39.09  
 99 V	 4.54  
 100 G	 13.09  
 101 R	 11.97  
 102 C	 4.13  
 103 R	 24.90  
 104 L	 5.89  
 105 Q	 25.64  
 106 L	 13.93  
 107 G	 11.83  
 108 P	 54.95  
 109 R	 55.34  
 110 P	 40.45  
 111 P	 36.96  
 112 P	 29.40  
 113 V	 9.14  
 114 A	 6.85  
 115 V	 4.44  
 116 A	 5.47  
 117 V	 5.07  
 118 I	 1.37  
 119 P	 20.13  
 120 R	 43.02  
 121 S	 50.74  
 122 G	 33.23  
 123 P	 19.47  
 124 P	 57.32  
 125 A	 31.43  
 126 G	 37.06  
 127 E	 60.17  
 128 A	 13.43  
 129 P	 31.72  
 130 D	 79.81  
 131 G	 33.65  
 132 L	 7.58  
 133 E	 58.61  
 134 E	 74.66  
 135 A	 11.98  
 136 P	 43.99  
 137 E	 80.78  
 138 Q	 54.89  
 139 P	 24.13  
 140 P	 42.70  
 141 S	 54.27  
 142 A	 14.95  
 143 P	 30.96  
 144 A	 15.16  
 145 S	 22.12  
 146 A	 11.25  
 147 V	 3.19  
 148 V	 3.89  
 149 A	 8.30  
 150 D	 39.09  
 151 A	 16.56  
 152 T	 30.28  
 153 P	 20.46  
 154 P	 44.40  
 155 A	 27.67  
 156 T	 26.25  
 157 P	 38.05  
 158 A	 14.13  
 159 P	 33.24  
 160 A	 20.13  
 161 S	 31.90  
 162 D	 56.95  
 163 L	 4.59  
 164 T	 35.75  
 165 S	 49.00  
 166 D	 39.65  
 167 P	 43.74  
 168 I	 5.65  
 169 P	 35.08  
 170 E	 49.18  
 171 V	 4.15  
 172 T	 17.53  
 173 L	 2.74  
 174 V	 3.89  
 175 A	 12.42  
 176 T	 26.61  
 177 S	 31.68  
 178 D	 46.89  
 179 P	 45.67  
 180 T	 45.36  
 181 P	 51.25  
 182 D	 57.13  
 183 P	 41.01  
 184 I	 6.68  
 185 P	 39.80  
 186 D	 60.75  
 187 A	 24.89  
 188 N	 40.46  
 189 P	 38.89  
 190 D	 42.35  
 191 V	 6.55  
 192 A	 12.33  
 193 T	 29.19  
 194 R	 39.95  
 195 D	 65.58  
 196 G	 36.73  
 197 E	 49.93  
 198 E	 63.51  
 199 Q	 52.33  
 200 V	 6.79  
 201 P	 26.46  
 202 E	 65.83  
 203 Q	 37.66  
 204 V	 6.92  
 205 S	 24.73  
 206 E	 64.84  
 207 Q	 58.03  
 208 G	 36.27  
 209 E	 49.00  
 210 E	 62.39  
 211 S	 38.71  
 212 G	 36.92  
 213 A	 29.14  
 214 E	 54.03  
 215 P	 55.81  
 216 G	 32.31  
 217 D	 59.67  
 218 E	 55.82  
 219 L	 14.14  
 220 G	 26.45  
 221 T	 50.14  
 222 E	 41.74  
 223 P	 34.47  
 224 V	 8.83  
 225 S	 34.61  
 226 E	 63.94  
 227 Q	 58.03  
 228 G	 36.04  
 229 E	 47.01  
 230 E	 62.23  
 231 Q	 52.69  
 232 G	 34.88  
 233 A	 20.02  
 234 E	 57.62  
 235 P	 37.98  
 236 V	 12.81  
 237 E	 70.78  
 238 E	 67.07  
 239 K	 57.86  
 240 D	 69.63  
 241 E	 83.17  
 242 E	 69.05  
 243 P	 52.86  
 244 E	 76.94  
 245 E	 67.35  
 246 E	 53.29  
 247 Q	 60.73  
 248 G	 34.88  
 249 A	 20.02  
 250 E	 57.62  
 251 P	 37.98  
 252 V	 10.73  
 253 E	 56.15  
 254 E	 55.32  
 255 Q	 42.78  
 256 G	 34.88  
 257 A	 20.02  
 258 E	 57.62  
 259 P	 37.98  
 260 V	 10.73  
 261 E	 65.66  
 262 E	 49.97  
 263 Q	 50.12  
 264 N	 61.14  
 265 G	 40.04  
 266 E	 54.44  
 267 P	 39.97  
 268 V	 12.60  
 269 E	 61.73  
 270 E	 64.66  
 271 Q	 50.22  
 272 D	 61.16  
 273 E	 61.58  
 274 N	 60.00  
 275 Q	 46.26  
 276 E	 54.55  
 277 Q	 45.07  
 278 R	 48.27  
 279 G	 25.63  
 280 Q	 55.85  
 281 E	 61.69  
 282 L	 5.95  
 283 K	 54.27  
 284 D	 68.87  
 285 Q	 38.97  
 286 P	 38.33  
 287 L	 6.43  
 288 S	 41.16  
 289 G	 37.48  
 290 I	 2.69  
 291 P	 35.94  
 292 G	 46.40  
 293 R	 20.89  
 294 P	 49.04  
 295 A	 17.50  
 296 P	 43.27  
 297 G	 30.05  
 298 T	 16.44  
 299 A	 15.53  
 300 A	 10.90  
 301 A	 17.13  
 302 N	 34.25  
 303 A	 16.55  
 304 N	 46.56  
 305 D	 37.32  
 306 F	 6.86  
 307 F	 9.75  
 308 A	 15.67  
 309 K	 53.98  
 310 R	 30.20  
 311 K	 54.09  
 312 R	 39.05  
 313 T	 35.41  
 314 A	 20.79  
 315 Q	 54.93  
 316 E	 59.23  
 317 N	 32.87  
 318 K	 53.06  
 319 A	 25.75  
 320 S	 34.86  
 321 N	 60.19  
 322 D	 52.37  
 323 V	 7.83  
 324 P	 23.56  
 325 P	 57.79  
 326 G	 29.87  
 327 C	 3.58  
 328 P	 59.75  
 329 S	 32.93  
 330 P	 25.18  
 331 N	 47.09  
 332 V	 8.47  
 333 A	 11.19  
 334 P	 33.45  
 335 G	 22.28  
 336 V	 4.30  
 337 G	 29.80  
 338 A	 10.16  
 339 V	 4.63  
 340 E	 48.48  
 341 Q	 50.64  
 342 T	 16.14  
 343 P	 39.22  
 344 R	 39.86  
 345 K	 57.92  
 346 R	 36.65  
 347 L	 9.51  
 348 R	 48.83  
