 1 M	 6.32  
 2 A	 25.76  
 3 S	 31.26  
 4 T	 30.28  
 5 E	 35.52  
 6 S	 26.78  
 7 S	 25.78  
 8 L	 6.84  
 9 L	 3.64  
 10 R	 34.82  
 11 S	 27.10  
 12 L	 6.90  
 13 G	 25.92  
 14 L	 7.28  
 15 S	 26.47  
 16 P	 59.03  
 17 G	 35.51  
 18 P	 42.76  
 19 G	 50.12  
 20 S	 26.85  
 21 S	 52.13  
 22 E	 41.53  
 23 V	 10.79  
 24 E	 34.53  
 25 L	 8.75  
 26 D	 17.69  
 27 C	 6.45  
 28 W	 11.91  
 29 F	 10.42  
 30 D	 30.01  
 31 E	 56.74  
 32 D	 54.61  
 33 F	 7.00  
 34 K	 43.76  
 35 F	 4.86  
 36 I	 3.88  
 37 L	 5.07  
 38 L	 3.17  
 39 P	 15.01  
 40 V	 7.43  
 41 S	 12.87  
 42 Y	 12.03  
 43 A	 5.40  
 44 V	 2.32  
 45 V	 1.77  
 46 F	 2.78  
 47 V	 2.54  
 48 L	 2.96  
 49 G	 16.64  
 50 L	 6.53  
 51 G	 18.32  
 52 L	 6.25  
 53 N	 41.92  
 54 A	 11.96  
 55 P	 27.27  
 56 T	 28.31  
 57 L	 3.49  
 58 W	 7.54  
 59 L	 2.37  
 60 F	 3.16  
 61 I	 1.52  
 62 F	 4.76  
 63 R	 25.60  
 64 L	 5.55  
 65 R	 26.46  
 66 P	 37.58  
 67 W	 11.05  
 68 D	 36.40  
 69 A	 8.68  
 70 T	 19.63  
 71 A	 9.84  
 72 T	 15.91  
 73 Y	 8.70  
 74 M	 1.16  
 75 F	 2.77  
 76 H	 8.15  
 77 L	 3.33  
 78 A	 9.10  
 79 L	 6.31  
 80 S	 23.96  
 81 D	 41.40  
 82 T	 19.33  
 83 L	 3.14  
 84 Y	 11.05  
 85 V	 3.09  
 86 L	 2.48  
 87 S	 23.43  
 88 L	 3.08  
 89 P	 23.06  
 90 T	 30.95  
 91 L	 1.93  
 92 I	 1.98  
 93 Y	 8.11  
 94 Y	 4.61  
 95 Y	 4.75  
 96 A	 6.02  
 97 A	 6.46  
 98 H	 20.65  
 99 N	 33.90  
 100 H	 24.58  
 101 W	 8.67  
 102 P	 15.39  
 103 F	 18.67  
 104 G	 20.54  
 105 T	 23.66  
 106 E	 46.93  
 107 I	 2.88  
 108 C	 1.97  
 109 K	 53.18  
 110 F	 4.06  
 111 V	 2.30  
 112 R	 26.19  
 113 F	 4.68  
 114 L	 1.94  
 115 F	 6.45  
 116 Y	 8.78  
 117 W	 4.88  
 118 N	 15.11  
 119 L	 2.56  
 120 Y	 4.58  
 121 C	 2.27  
 122 S	 14.32  
 123 V	 3.80  
 124 L	 1.35  
 125 F	 5.07  
 126 L	 3.14  
 127 T	 10.64  
 128 C	 2.07  
 129 I	 3.98  
 130 S	 17.64  
 131 V	 1.19  
 132 H	 13.08  
 133 R	 26.64  
 134 Y	 8.39  
 135 L	 3.62  
 136 G	 16.14  
 137 I	 1.47  
 138 C	 2.28  
 139 H	 23.62  
 140 P	 21.09  
 141 L	 1.92  
 142 R	 35.71  
 143 A	 14.79  
 144 L	 3.70  
 145 R	 32.58  
 146 W	 14.16  
 147 G	 24.23  
 148 R	 13.25  
 149 P	 31.53  
 150 R	 35.49  
 151 L	 4.99  
 152 A	 14.10  
 153 G	 24.63  
 154 L	 2.25  
 155 L	 1.89  
 156 C	 2.49  
 157 L	 4.31  
 158 A	 6.88  
 159 V	 2.34  
 160 W	 4.28  
 161 L	 1.46  
 162 V	 1.30  
 163 V	 3.38  
 164 A	 8.76  
 165 G	 8.15  
 166 C	 2.20  
 167 L	 7.59  
 168 V	 3.25  
 169 P	 20.89  
 170 N	 41.84  
 171 L	 2.63  
 172 F	 6.18  
 173 F	 5.56  
 174 V	 4.46  
 175 T	 21.25  
 176 T	 25.63  
 177 S	 27.46  
 178 N	 44.69  
 179 K	 58.35  
 180 G	 30.76  
 181 T	 18.49  
 182 T	 21.83  
 183 V	 5.57  
 184 L	 1.70  
 185 C	 2.07  
 186 H	 31.15  
 187 D	 49.10  
 188 T	 10.88  
 189 T	 50.73  
 190 R	 38.43  
 191 P	 43.29  
 192 E	 68.92  
 193 E	 60.09  
 194 F	 7.18  
 195 D	 35.17  
 196 H	 31.66  
 197 Y	 9.47  
 198 V	 3.09  
 199 H	 15.09  
 200 F	 4.38  
 201 S	 11.51  
 202 S	 24.76  
 203 A	 8.30  
 204 V	 3.18  
 205 M	 2.90  
 206 G	 16.78  
 207 L	 1.61  
 208 L	 2.66  
 209 F	 12.78  
 210 G	 23.56  
 211 V	 2.07  
 212 P	 13.20  
 213 C	 4.42  
 214 L	 2.42  
 215 V	 5.05  
 216 T	 10.67  
 217 L	 1.63  
 218 V	 1.40  
 219 C	 2.22  
 220 Y	 13.05  
 221 G	 12.12  
 222 L	 0.69  
 223 M	 2.07  
 224 A	 9.85  
 225 R	 18.38  
 226 R	 28.36  
 227 L	 3.77  
 228 Y	 13.28  
 229 Q	 37.33  
 230 P	 27.28  
 231 L	 4.41  
 232 P	 41.18  
 233 G	 43.21  
 234 S	 22.61  
 235 A	 21.13  
 236 Q	 45.61  
 237 S	 29.96  
 238 S	 13.85  
 239 S	 40.35  
 240 R	 35.75  
 241 L	 4.75  
 242 R	 32.32  
 243 S	 27.13  
 244 L	 4.53  
 245 R	 25.90  
 246 T	 20.69  
 247 I	 1.90  
 248 A	 5.69  
 249 V	 2.99  
 250 V	 2.47  
 251 L	 2.44  
 252 T	 11.28  
 253 V	 2.25  
 254 F	 3.39  
 255 A	 7.88  
 256 V	 1.44  
 257 C	 2.26  
 258 F	 6.68  
 259 V	 4.12  
 260 P	 8.54  
 261 F	 5.67  
 262 H	 17.91  
 263 I	 2.59  
 264 T	 17.12  
 265 R	 20.65  
 266 T	 12.51  
 267 I	 1.59  
 268 Y	 7.57  
 269 Y	 7.05  
 270 L	 0.94  
 271 A	 5.51  
 272 R	 36.89  
 273 L	 4.16  
 274 L	 4.20  
 275 E	 47.24  
 276 A	 22.60  
 277 D	 16.04  
 278 C	 4.12  
 279 R	 36.18  
 280 V	 6.37  
 281 L	 1.55  
 282 N	 33.05  
 283 I	 1.77  
 284 V	 4.29  
 285 N	 17.46  
 286 V	 3.27  
 287 V	 3.02  
 288 Y	 8.75  
 289 K	 26.06  
 290 V	 2.76  
 291 T	 23.55  
 292 R	 27.50  
 293 P	 23.94  
 294 L	 5.46  
 295 A	 14.85  
 296 S	 35.35  
 297 A	 13.32  
 298 N	 30.66  
 299 S	 18.77  
 300 C	 5.11  
 301 L	 9.29  
 302 D	 35.27  
 303 P	 12.69  
 304 V	 5.68  
 305 L	 2.80  
 306 Y	 10.41  
 307 L	 2.78  
 308 L	 2.96  
 309 T	 40.51  
 310 G	 29.40  
 311 D	 39.31  
 312 K	 41.84  
 313 Y	 18.77  
 314 R	 26.13  
 315 R	 36.47  
 316 Q	 31.81  
 317 L	 3.41  
 318 R	 21.06  
 319 Q	 50.09  
 320 L	 2.07  
 321 C	 3.44  
 322 G	 57.38  
 323 G	 39.70  
 324 G	 24.61  
 325 K	 43.69  
 326 P	 53.32  
 327 Q	 43.52  
 328 P	 44.08  
 329 R	 31.58  
 330 T	 33.00  
 331 A	 13.46  
 332 A	 10.07  
 333 S	 24.34  
 334 S	 16.97  
 335 L	 3.86  
 336 A	 14.10  
 337 L	 3.05  
 338 V	 4.61  
 339 S	 38.77  
 340 L	 4.14  
 341 P	 35.52  
 342 E	 75.67  
 343 D	 43.86  
 344 S	 29.67  
 345 S	 21.74  
 346 C	 4.95  
 347 R	 28.19  
 348 W	 8.45  
 349 A	 5.10  
 350 A	 16.92  
 351 T	 17.46  
 352 P	 31.12  
 353 Q	 59.88  
 354 D	 43.66  
 355 S	 28.17  
 356 S	 22.00  
 357 C	 6.42  
 358 S	 43.31  
 359 T	 22.56  
 360 P	 17.11  
 361 R	 49.57  
 362 A	 13.89  
 363 D	 54.41  
 364 R	 41.11  
 365 L	 9.42  
