 1 M	 11.42  
 2 S	 39.68  
 3 T	 45.30  
 4 N	 32.97  
 5 E	 58.78  
 6 N	 40.33  
 7 A	 18.33  
 8 N	 59.17  
 9 T	 16.34  
 10 P	 24.59  
 11 A	 11.81  
 12 A	 18.77  
 13 R	 32.88  
 14 L	 2.66  
 15 H	 27.81  
 16 R	 49.15  
 17 F	 7.72  
 18 K	 58.67  
 19 N	 56.45  
 20 K	 68.85  
 21 G	 48.69  
 22 K	 50.55  
 23 D	 70.25  
 24 S	 29.74  
 25 T	 43.89  
 26 E	 34.34  
 27 M	 4.01  
 28 R	 23.79  
 29 R	 30.80  
 30 R	 33.30  
 31 R	 27.84  
 32 I	 7.04  
 33 E	 26.65  
 34 V	 10.14  
 35 N	 14.57  
 36 V	 9.90  
 37 E	 37.34  
 38 L	 6.23  
 39 R	 24.31  
 40 K	 76.74  
 41 A	 20.07  
 42 K	 60.82  
 43 K	 71.98  
 44 D	 51.14  
 45 D	 44.67  
 46 Q	 49.60  
 47 M	 6.48  
 48 L	 3.03  
 49 K	 43.92  
 50 R	 31.29  
 51 R	 46.44  
 52 N	 41.89  
 53 V	 4.87  
 54 S	 29.79  
 55 S	 36.19  
 56 F	 6.31  
 57 P	 40.29  
 58 D	 57.05  
 59 D	 52.57  
 60 A	 19.84  
 61 T	 37.56  
 62 S	 25.90  
 63 P	 33.44  
 64 L	 11.33  
 65 Q	 49.67  
 66 E	 66.88  
 67 N	 38.73  
 68 R	 42.60  
 69 N	 57.68  
 70 N	 38.12  
 71 Q	 53.11  
 72 G	 33.48  
 73 T	 10.82  
 74 V	 9.88  
 75 N	 25.74  
 76 W	 8.73  
 77 S	 15.51  
 78 V	 6.07  
 79 D	 34.11  
 80 D	 45.48  
 81 I	 2.74  
 82 V	 6.29  
 83 K	 55.17  
 84 G	 17.26  
 85 I	 3.61  
 86 N	 48.32  
 87 S	 22.74  
 88 S	 40.17  
 89 N	 44.96  
 90 V	 8.69  
 91 E	 43.43  
 92 N	 43.51  
 93 Q	 22.80  
 94 L	 5.88  
 95 Q	 32.38  
 96 A	 15.40  
 97 T	 13.04  
 98 Q	 35.72  
 99 A	 12.60  
 100 A	 10.18  
 101 R	 32.92  
 102 K	 49.40  
 103 L	 4.35  
 104 L	 5.21  
 105 S	 49.16  
 106 R	 55.92  
 107 E	 53.30  
 108 K	 67.98  
 109 Q	 44.22  
 110 P	 38.59  
 111 P	 44.03  
 112 I	 8.90  
 113 D	 46.15  
 114 N	 32.10  
 115 I	 1.68  
 116 I	 2.87  
 117 R	 20.85  
 118 A	 13.51  
 119 G	 17.81  
 120 L	 6.22  
 121 I	 3.22  
 122 P	 29.13  
 123 K	 51.94  
 124 F	 4.70  
 125 V	 5.02  
 126 S	 20.20  
 127 F	 7.63  
 128 L	 3.36  
 129 G	 28.56  
 130 R	 29.54  
 131 T	 39.29  
 132 D	 29.54  
 133 C	 5.29  
 134 S	 28.04  
 135 P	 30.63  
 136 I	 4.15  
 137 Q	 39.16  
 138 F	 9.19  
 139 E	 24.15  
 140 S	 30.33  
 141 A	 6.59  
 142 W	 10.90  
 143 A	 12.29  
 144 L	 2.35  
 145 T	 19.48  
 146 N	 28.78  
 147 I	 2.45  
 148 A	 12.18  
 149 S	 38.51  
 150 G	 25.00  
 151 T	 26.96  
 152 S	 31.09  
 153 E	 63.21  
 154 Q	 48.33  
 155 T	 19.54  
 156 K	 38.59  
 157 A	 15.23  
 158 V	 4.26  
 159 V	 7.27  
 160 D	 43.12  
 161 G	 18.80  
 162 G	 18.83  
 163 A	 15.32  
 164 I	 2.60  
 165 P	 22.15  
 166 A	 14.32  
 167 F	 3.06  
 168 I	 2.85  
 169 S	 15.75  
 170 L	 3.86  
 171 L	 3.37  
 172 A	 26.72  
 173 S	 19.72  
 174 P	 24.07  
 175 H	 27.69  
 176 A	 12.70  
 177 H	 22.52  
 178 I	 5.14  
 179 S	 17.49  
 180 E	 41.79  
 181 Q	 34.13  
 182 A	 8.51  
 183 V	 2.84  
 184 W	 6.70  
 185 A	 10.05  
 186 L	 2.94  
 187 G	 18.76  
 188 N	 23.06  
 189 I	 4.26  
 190 A	 17.64  
 191 G	 35.69  
 192 D	 36.85  
 193 G	 25.45  
 194 S	 23.87  
 195 V	 5.80  
 196 F	 5.57  
 197 R	 33.91  
 198 D	 33.55  
 199 L	 3.60  
 200 V	 4.09  
 201 I	 3.55  
 202 K	 30.10  
 203 Y	 10.13  
 204 G	 17.70  
 205 A	 10.23  
 206 V	 7.27  
 207 D	 27.82  
 208 P	 23.75  
 209 L	 3.65  
 210 L	 3.72  
 211 A	 14.28  
 212 L	 2.96  
 213 L	 3.62  
 214 A	 16.20  
 215 V	 4.10  
 216 P	 26.44  
 217 D	 42.89  
 218 M	 2.10  
 219 S	 29.58  
 220 S	 17.22  
 221 L	 3.42  
 222 A	 6.14  
 223 C	 4.46  
 224 G	 20.92  
 225 Y	 11.45  
 226 L	 1.45  
 227 R	 27.85  
 228 N	 38.95  
 229 L	 3.23  
 230 T	 21.69  
 231 W	 9.86  
 232 T	 18.31  
 233 L	 2.11  
 234 S	 22.00  
 235 N	 46.39  
 236 L	 2.33  
 237 C	 5.43  
 238 R	 61.39  
 239 N	 47.67  
 240 K	 44.98  
 241 N	 41.33  
 242 P	 47.99  
 243 A	 31.71  
 244 P	 27.86  
 245 P	 38.92  
 246 I	 5.31  
 247 D	 50.78  
 248 A	 13.89  
 249 V	 5.02  
 250 E	 33.36  
 251 Q	 35.60  
 252 I	 2.92  
 253 L	 2.37  
 254 P	 25.89  
 255 T	 34.15  
 256 L	 1.67  
 257 V	 4.45  
 258 R	 34.34  
 259 L	 4.10  
 260 L	 2.06  
 261 H	 27.24  
 262 H	 40.93  
 263 D	 63.51  
 264 D	 36.58  
 265 P	 39.39  
 266 E	 58.10  
 267 V	 6.94  
 268 L	 3.21  
 269 A	 18.42  
 270 D	 37.93  
 271 T	 12.35  
 272 C	 2.08  
 273 W	 9.95  
 274 A	 5.29  
 275 I	 0.90  
 276 S	 13.32  
 277 Y	 13.91  
 278 L	 2.55  
 279 T	 30.58  
 280 D	 68.88  
 281 G	 23.00  
 282 P	 42.17  
 283 N	 57.62  
 284 E	 49.13  
 285 R	 37.08  
 286 I	 3.21  
 287 G	 14.73  
 288 M	 2.66  
 289 V	 3.17  
 290 V	 3.22  
 291 K	 28.31  
 292 T	 24.49  
 293 G	 16.83  
 294 V	 7.41  
 295 V	 2.37  
 296 P	 21.27  
 297 Q	 47.48  
 298 L	 2.76  
 299 V	 3.28  
 300 K	 46.73  
 301 L	 4.09  
 302 L	 4.45  
 303 G	 37.18  
 304 A	 10.37  
 305 S	 37.56  
 306 E	 59.02  
 307 L	 3.04  
 308 P	 18.23  
 309 I	 9.35  
 310 V	 5.04  
 311 T	 11.99  
 312 P	 20.57  
 313 A	 10.58  
 314 L	 3.91  
 315 R	 26.68  
 316 A	 18.19  
 317 I	 3.33  
 318 G	 19.48  
 319 N	 21.31  
 320 I	 2.18  
 321 V	 4.72  
 322 T	 30.48  
 323 G	 21.92  
 324 T	 27.31  
 325 D	 47.56  
 326 E	 56.20  
 327 Q	 39.79  
 328 T	 22.68  
 329 Q	 27.46  
 330 V	 4.65  
 331 V	 2.05  
 332 I	 2.93  
 333 D	 27.60  
 334 A	 8.27  
 335 G	 19.85  
 336 A	 8.28  
 337 L	 4.01  
 338 A	 10.60  
 339 V	 8.24  
 340 F	 2.57  
 341 P	 19.91  
 342 S	 25.25  
 343 L	 7.52  
 344 L	 5.23  
 345 T	 55.56  
 346 N	 35.72  
 347 P	 39.34  
 348 K	 57.16  
 349 T	 38.52  
 350 N	 40.60  
 351 I	 8.18  
 352 Q	 39.34  
 353 K	 45.58  
 354 E	 34.65  
 355 A	 18.57  
 356 T	 23.66  
 357 W	 9.35  
 358 T	 13.33  
 359 M	 1.86  
 360 S	 20.08  
 361 N	 25.47  
 362 I	 1.88  
 363 T	 27.58  
 364 A	 13.84  
 365 G	 21.09  
 366 R	 34.14  
 367 Q	 46.15  
 368 D	 46.30  
 369 Q	 27.35  
 370 I	 4.10  
 371 Q	 25.12  
 372 Q	 42.63  
 373 V	 2.39  
 374 V	 3.68  
 375 N	 25.34  
 376 H	 21.25  
 377 G	 24.14  
 378 L	 3.25  
 379 V	 3.59  
 380 P	 23.15  
 381 F	 9.08  
 382 L	 1.99  
 383 V	 3.68  
 384 S	 21.35  
 385 V	 5.65  
 386 L	 3.19  
 387 S	 24.52  
 388 K	 48.06  
 389 A	 24.89  
 390 D	 49.68  
 391 F	 12.62  
 392 K	 51.06  
 393 T	 44.88  
 394 Q	 42.03  
 395 K	 53.52  
 396 E	 38.34  
 397 A	 14.80  
 398 V	 3.37  
 399 W	 7.64  
 400 A	 7.52  
 401 V	 1.77  
 402 T	 18.11  
 403 N	 31.33  
 404 Y	 7.91  
 405 T	 23.98  
 406 S	 25.51  
 407 G	 28.17  
 408 G	 26.76  
 409 T	 25.13  
 410 V	 6.03  
 411 E	 34.13  
 412 Q	 26.55  
 413 I	 1.07  
 414 V	 2.78  
 415 Y	 12.49  
 416 L	 1.15  
 417 V	 1.60  
 418 H	 11.07  
 419 C	 3.06  
 420 G	 14.72  
 421 I	 3.82  
 422 I	 2.43  
 423 E	 30.38  
 424 P	 26.88  
 425 L	 2.00  
 426 M	 4.93  
 427 N	 39.31  
 428 L	 2.54  
 429 L	 3.58  
 430 T	 34.52  
 431 A	 14.01  
 432 K	 61.77  
 433 D	 51.25  
 434 T	 24.36  
 435 K	 37.57  
 436 I	 2.98  
 437 I	 2.40  
 438 L	 1.92  
 439 V	 2.62  
 440 I	 2.30  
 441 L	 2.58  
 442 D	 30.63  
 443 A	 12.03  
 444 I	 3.02  
 445 S	 26.12  
 446 N	 32.74  
 447 I	 1.85  
 448 F	 4.77  
 449 Q	 35.55  
 450 A	 13.57  
 451 A	 12.04  
 452 E	 52.40  
 453 K	 58.00  
 454 L	 5.88  
 455 G	 51.34  
 456 E	 65.32  
 457 T	 36.30  
 458 E	 47.93  
 459 K	 55.76  
 460 L	 3.23  
 461 S	 22.60  
 462 I	 4.70  
 463 M	 2.57  
 464 I	 3.72  
 465 E	 29.83  
 466 E	 27.77  
 467 C	 3.21  
 468 G	 42.87  
 469 G	 42.22  
 470 L	 3.53  
 471 D	 53.84  
 472 K	 47.70  
 473 I	 3.60  
 474 E	 49.41  
 475 A	 20.23  
 476 L	 3.21  
 477 Q	 57.17  
 478 N	 45.34  
 479 H	 26.71  
 480 E	 70.96  
 481 N	 39.01  
 482 E	 38.30  
 483 S	 42.18  
 484 V	 4.66  
 485 Y	 15.32  
 486 K	 29.37  
 487 A	 9.68  
 488 S	 17.84  
 489 L	 6.04  
 490 S	 25.46  
 491 L	 7.71  
 492 I	 3.74  
 493 E	 47.17  
 494 K	 44.60  
 495 Y	 6.57  
 496 F	 11.05  
 497 S	 26.06  
 498 V	 8.44  
 499 E	 59.50  
 500 E	 65.61  
 501 E	 54.06  
 502 E	 69.08  
 503 D	 48.94  
 504 Q	 48.15  
 505 N	 49.42  
 506 V	 6.71  
 507 V	 4.68  
 508 P	 29.00  
 509 E	 53.78  
 510 T	 29.56  
 511 T	 24.10  
 512 S	 36.12  
 513 E	 54.87  
 514 G	 26.92  
 515 Y	 10.59  
 516 T	 20.60  
 517 F	 5.15  
 518 Q	 24.94  
 519 V	 4.97  
 520 Q	 32.41  
 521 D	 57.26  
 522 G	 19.31  
 523 A	 13.98  
 524 P	 48.13  
 525 G	 42.26  
 526 T	 17.85  
 527 F	 12.48  
 528 N	 41.37  
 529 F	 10.40  
