 1 M	 6.61  
 2 K	 63.63  
 3 L	 7.79  
 4 L	 5.35  
 5 K	 51.33  
 6 P	 31.31  
 7 T	 40.22  
 8 W	 9.46  
 9 V	 6.01  
 10 N	 17.92  
 11 H	 34.50  
 12 N	 55.79  
 13 G	 29.57  
 14 K	 40.01  
 15 P	 33.97  
 16 I	 4.59  
 17 F	 8.70  
 18 S	 21.43  
 19 V	 5.81  
 20 D	 32.08  
 21 I	 4.81  
 22 H	 15.22  
 23 P	 41.90  
 24 D	 64.33  
 25 G	 34.94  
 26 T	 30.30  
 27 K	 38.23  
 28 F	 8.05  
 29 A	 13.59  
 30 T	 45.00  
 31 G	 24.01  
 32 G	 24.88  
 33 Q	 47.95  
 34 G	 36.22  
 35 Q	 33.53  
 36 D	 67.21  
 37 S	 32.40  
 38 G	 34.76  
 39 K	 36.96  
 40 V	 4.27  
 41 V	 4.83  
 42 I	 2.17  
 43 W	 5.27  
 44 N	 15.21  
 45 M	 2.62  
 46 S	 14.51  
 47 P	 21.77  
 48 V	 7.27  
 49 L	 5.39  
 50 Q	 52.92  
 51 E	 64.37  
 52 D	 57.31  
 53 D	 65.18  
 54 E	 74.79  
 55 K	 76.86  
 56 D	 52.72  
 57 E	 69.03  
 58 N	 67.03  
 59 I	 3.06  
 60 P	 27.82  
 61 K	 40.48  
 62 M	 3.67  
 63 L	 1.98  
 64 C	 2.56  
 65 Q	 38.00  
 66 M	 5.63  
 67 D	 17.33  
 68 N	 27.08  
 69 H	 15.56  
 70 L	 5.04  
 71 A	 6.40  
 72 C	 2.58  
 73 V	 5.31  
 74 N	 20.60  
 75 C	 0.80  
 76 V	 6.23  
 77 R	 33.05  
 78 W	 4.97  
 79 S	 15.56  
 80 N	 35.31  
 81 S	 21.30  
 82 G	 17.01  
 83 M	 2.19  
 84 Y	 11.57  
 85 L	 1.96  
 86 A	 6.66  
 87 S	 40.49  
 88 G	 37.63  
 89 G	 37.13  
 90 D	 54.09  
 91 D	 51.43  
 92 K	 44.65  
 93 L	 3.82  
 94 I	 2.29  
 95 M	 4.22  
 96 V	 4.29  
 97 W	 2.72  
 98 K	 22.27  
 99 R	 19.22  
 100 A	 10.88  
 101 T	 21.50  
 102 Y	 11.69  
 103 I	 5.93  
 104 G	 10.33  
 105 P	 19.78  
 106 S	 31.80  
 107 T	 24.00  
 108 V	 6.33  
 109 F	 8.77  
 110 G	 19.30  
 111 S	 25.18  
 112 S	 40.08  
 113 G	 30.60  
 114 K	 46.50  
 115 L	 4.84  
 116 A	 22.85  
 117 N	 48.58  
 118 V	 4.87  
 119 E	 44.21  
 120 Q	 28.73  
 121 W	 5.11  
 122 R	 15.62  
 123 C	 2.28  
 124 V	 2.75  
 125 S	 21.38  
 126 I	 1.77  
 127 L	 3.32  
 128 R	 36.83  
 129 N	 30.17  
 130 H	 27.07  
 131 S	 39.99  
 132 G	 24.79  
 133 D	 35.27  
 134 V	 3.94  
 135 M	 4.00  
 136 D	 27.16  
 137 V	 2.95  
 138 A	 9.21  
 139 W	 16.55  
 140 S	 11.56  
 141 P	 20.76  
 142 H	 31.72  
 143 D	 42.71  
 144 A	 10.51  
 145 W	 9.87  
 146 L	 2.42  
 147 A	 9.59  
 148 S	 12.54  
 149 C	 3.70  
 150 S	 29.97  
 151 V	 8.47  
 152 D	 28.87  
 153 N	 32.39  
 154 T	 16.22  
 155 V	 3.54  
 156 V	 3.85  
 157 I	 1.72  
 158 W	 3.82  
 159 N	 24.59  
 160 A	 7.29  
 161 V	 6.24  
 162 K	 53.44  
 163 F	 5.43  
 164 P	 23.23  
 165 E	 54.49  
 166 I	 3.02  
 167 L	 2.58  
 168 A	 15.39  
 169 T	 17.34  
 170 L	 5.26  
 171 R	 36.10  
 172 G	 23.56  
 173 H	 16.56  
 174 S	 36.32  
 175 G	 28.90  
 176 L	 3.94  
 177 V	 5.43  
 178 K	 53.93  
 179 G	 22.36  
 180 L	 3.47  
 181 T	 36.17  
 182 W	 16.98  
 183 D	 23.83  
 184 P	 28.46  
 185 V	 10.81  
 186 G	 23.57  
 187 K	 33.45  
 188 Y	 8.87  
 189 I	 3.20  
 190 A	 7.78  
 191 S	 19.15  
 192 Q	 39.53  
 193 A	 20.41  
 194 D	 44.19  
 195 D	 45.12  
 196 R	 44.42  
 197 S	 39.27  
 198 L	 5.59  
 199 K	 40.78  
 200 V	 5.19  
 201 W	 5.97  
 202 R	 28.53  
 203 T	 17.23  
 204 L	 4.77  
 205 D	 30.38  
 206 W	 14.05  
 207 Q	 29.14  
 208 L	 7.26  
 209 E	 25.96  
 210 T	 33.74  
 211 S	 20.91  
 212 I	 8.19  
 213 T	 32.22  
 214 K	 41.85  
 215 P	 33.02  
 216 F	 15.29  
 217 D	 59.82  
 218 E	 35.13  
 219 C	 7.02  
 220 G	 34.14  
 221 G	 38.81  
 222 T	 10.06  
 223 T	 17.17  
 224 H	 19.22  
 225 V	 2.90  
 226 L	 3.37  
 227 R	 26.11  
 228 L	 5.56  
 229 S	 21.05  
 230 W	 20.62  
 231 S	 15.11  
 232 P	 45.40  
 233 D	 51.49  
 234 G	 18.09  
 235 H	 21.82  
 236 Y	 17.83  
 237 L	 1.72  
 238 V	 3.61  
 239 S	 16.25  
 240 A	 6.23  
 241 H	 20.29  
 242 A	 11.34  
 243 M	 3.33  
 244 N	 40.06  
 245 N	 34.95  
 246 S	 40.94  
 247 G	 26.21  
 248 P	 25.12  
 249 T	 34.42  
 250 A	 11.16  
 251 Q	 39.40  
 252 I	 3.07  
 253 I	 2.44  
 254 E	 46.43  
 255 R	 37.00  
 256 E	 57.53  
 257 G	 37.08  
 258 W	 10.27  
 259 K	 40.66  
 260 T	 29.30  
 261 N	 25.05  
 262 M	 5.25  
 263 D	 36.83  
 264 F	 5.02  
 265 V	 5.71  
 266 G	 18.18  
 267 H	 23.83  
 268 R	 23.77  
 269 K	 41.35  
 270 A	 11.36  
 271 V	 4.72  
 272 T	 25.17  
 273 V	 3.37  
 274 V	 4.23  
 275 K	 34.78  
 276 F	 14.82  
 277 N	 31.10  
 278 P	 33.96  
 279 K	 62.98  
 280 I	 6.89  
 281 F	 13.65  
 282 K	 63.63  
 283 K	 50.08  
 284 K	 68.07  
 285 Q	 54.01  
 286 K	 72.63  
 287 N	 53.75  
 288 G	 29.97  
 289 S	 36.19  
 290 S	 41.53  
 291 A	 29.49  
 292 K	 39.14  
 293 P	 40.66  
 294 S	 27.32  
 295 C	 3.64  
 296 P	 29.54  
 297 Y	 11.49  
 298 C	 0.65  
 299 C	 1.06  
 300 C	 2.84  
 301 A	 8.52  
 302 V	 5.77  
 303 G	 15.51  
 304 S	 25.45  
 305 K	 51.75  
 306 D	 47.28  
 307 R	 43.14  
 308 S	 34.82  
 309 L	 5.08  
 310 S	 16.70  
 311 V	 6.19  
 312 W	 5.20  
 313 L	 1.96  
 314 T	 10.48  
 315 C	 3.85  
 316 L	 4.43  
 317 K	 54.86  
 318 R	 19.48  
 319 P	 28.11  
 320 L	 5.81  
 321 V	 4.16  
 322 V	 4.94  
 323 I	 1.30  
 324 H	 17.69  
 325 E	 39.75  
 326 L	 4.10  
 327 F	 11.50  
 328 D	 57.31  
 329 K	 34.25  
 330 S	 25.62  
 331 I	 3.37  
 332 M	 4.90  
 333 D	 30.05  
 334 I	 1.73  
 335 S	 15.11  
 336 W	 12.77  
 337 T	 11.98  
 338 L	 3.78  
 339 N	 35.95  
 340 G	 28.52  
 341 L	 3.62  
 342 G	 16.75  
 343 I	 2.91  
 344 L	 2.78  
 345 V	 1.83  
 346 C	 2.21  
 347 S	 16.66  
 348 M	 5.98  
 349 D	 29.89  
 350 G	 18.51  
 351 S	 13.15  
 352 V	 5.51  
 353 A	 10.86  
 354 F	 6.70  
 355 L	 4.72  
 356 D	 34.40  
 357 F	 8.43  
 358 S	 36.07  
 359 Q	 48.46  
 360 D	 52.47  
 361 E	 47.19  
 362 L	 14.69  
 363 G	 32.23  
 364 D	 54.30  
 365 P	 35.67  
 366 L	 13.81  
 367 S	 48.64  
 368 E	 77.26  
 369 E	 68.31  
 370 E	 52.89  
 371 K	 48.60  
 372 S	 39.48  
 373 R	 41.29  
 374 I	 4.47  
 375 H	 17.90  
 376 Q	 34.79  
 377 S	 14.94  
 378 T	 29.71  
 379 Y	 28.01  
 380 G	 17.11  
 381 K	 31.70  
 382 S	 20.76  
 383 L	 4.22  
 384 A	 9.15  
 385 I	 4.21  
 386 M	 2.00  
 387 T	 23.27  
 388 E	 19.62  
 389 A	 13.37  
 390 Q	 29.70  
 391 L	 6.73  
 392 S	 11.40  
 393 T	 33.27  
 394 A	 9.27  
 395 V	 5.97  
 396 I	 3.82  
 397 E	 61.20  
 398 N	 27.06  
 399 P	 18.65  
 400 E	 69.59  
 401 M	 4.05  
 402 L	 4.44  
 403 K	 37.72  
 404 Y	 11.86  
 405 Q	 32.28  
 406 R	 34.97  
 407 R	 24.12  
 408 Q	 47.85  
 409 Q	 41.04  
 410 Q	 25.34  
 411 Q	 41.27  
 412 Q	 42.54  
 413 L	 7.00  
 414 D	 49.91  
 415 Q	 50.63  
 416 K	 41.55  
 417 S	 19.94  
 418 A	 21.64  
 419 A	 17.80  
 420 T	 27.21  
 421 R	 27.46  
 422 E	 43.47  
 423 M	 4.66  
 424 G	 14.91  
 425 S	 27.36  
 426 A	 9.73  
 427 T	 25.98  
 428 S	 15.08  
 429 V	 4.70  
 430 A	 12.58  
 431 G	 23.04  
 432 V	 1.87  
 433 V	 8.13  
 434 N	 46.22  
 435 G	 17.79  
 436 E	 47.12  
 437 S	 38.16  
 438 L	 6.28  
 439 E	 61.75  
 440 D	 51.81  
 441 I	 5.02  
 442 R	 33.85  
 443 K	 52.89  
 444 N	 40.53  
 445 L	 9.23  
 446 L	 10.21  
 447 K	 44.30  
 448 K	 60.59  
 449 Q	 36.37  
 450 V	 12.77  
 451 E	 30.03  
 452 T	 34.17  
 453 R	 17.89  
 454 T	 36.20  
 455 A	 17.61  
 456 D	 50.98  
 457 G	 23.64  
 458 R	 25.83  
 459 R	 39.62  
 460 R	 35.45  
 461 I	 4.39  
 462 T	 14.38  
 463 P	 23.90  
 464 L	 2.18  
 465 C	 2.26  
 466 I	 3.45  
 467 A	 11.68  
 468 Q	 21.69  
 469 L	 4.74  
 470 D	 36.24  
 471 T	 47.44  
 472 G	 33.36  
 473 D	 36.09  
 474 F	 8.06  
 475 S	 24.46  
 476 T	 27.72  
 477 A	 13.06  
 478 F	 6.37  
 479 F	 6.94  
 480 N	 32.35  
 481 S	 22.04  
 482 I	 4.11  
 483 P	 21.94  
 484 L	 9.62  
 485 S	 22.45  
 486 G	 34.07  
 487 S	 16.21  
 488 L	 6.09  
 489 A	 17.07  
 490 G	 19.56  
 491 T	 14.88  
 492 M	 3.15  
 493 L	 4.82  
 494 S	 18.38  
 495 S	 24.35  
 496 H	 28.99  
 497 S	 45.74  
 498 S	 15.96  
 499 P	 31.67  
 500 Q	 58.54  
 501 L	 6.37  
 502 L	 3.13  
 503 P	 42.59  
 504 L	 11.42  
 505 D	 38.31  
 506 S	 43.74  
 507 S	 47.77  
 508 T	 30.37  
 509 P	 36.09  
 510 N	 50.49  
 511 S	 26.68  
 512 F	 13.90  
 513 G	 28.85  
 514 A	 16.63  
 515 S	 37.19  
 516 K	 43.51  
 517 P	 27.97  
 518 C	 8.49  
 519 T	 52.42  
 520 E	 42.70  
 521 P	 14.02  
 522 V	 3.58  
 523 V	 5.57  
 524 A	 8.91  
 525 A	 7.66  
 526 S	 18.31  
 527 A	 19.42  
 528 R	 21.07  
 529 P	 40.07  
 530 A	 28.95  
 531 G	 30.34  
 532 D	 52.06  
 533 S	 27.03  
 534 V	 14.19  
 535 N	 46.50  
 536 K	 49.37  
 537 D	 48.17  
 538 S	 18.62  
 539 M	 5.92  
 540 N	 43.98  
 541 A	 8.35  
 542 T	 28.29  
 543 S	 29.95  
 544 T	 16.76  
 545 P	 18.46  
 546 A	 22.56  
 547 A	 15.13  
 548 L	 9.33  
 549 S	 15.48  
 550 P	 29.34  
 551 S	 26.78  
 552 V	 6.63  
 553 L	 5.32  
 554 T	 34.21  
 555 T	 22.77  
 556 P	 28.52  
 557 S	 44.14  
 558 K	 52.90  
 559 I	 9.36  
 560 E	 42.98  
 561 P	 32.80  
 562 M	 2.95  
 563 K	 57.53  
 564 A	 13.76  
 565 F	 7.96  
 566 D	 43.70  
 567 S	 23.88  
 568 R	 44.33  
 569 F	 10.88  
 570 T	 29.40  
 571 E	 52.85  
 572 R	 40.16  
 573 S	 22.02  
 574 K	 63.60  
 575 A	 21.92  
 576 T	 26.45  
 577 P	 41.63  
 578 G	 39.58  
 579 A	 6.33  
 580 P	 33.45  
 581 A	 23.96  
 582 L	 3.38  
 583 T	 20.68  
 584 S	 22.85  
 585 M	 4.36  
 586 T	 19.77  
 587 P	 15.09  
 588 T	 33.88  
 589 A	 11.46  
 590 V	 4.91  
 591 E	 50.24  
 592 R	 44.45  
 593 L	 4.54  
 594 K	 64.57  
 595 E	 49.66  
 596 Q	 47.14  
 597 N	 48.14  
 598 L	 6.10  
 599 V	 6.25  
 600 K	 54.95  
 601 E	 42.40  
 602 L	 8.28  
 603 R	 25.87  
 604 P	 46.92  
 605 R	 40.55  
 606 D	 59.28  
 607 L	 6.37  
 608 L	 7.60  
 609 E	 56.74  
 610 S	 34.80  
 611 S	 28.87  
 612 S	 50.87  
 613 D	 63.15  
 614 S	 50.01  
 615 D	 65.80  
 616 E	 60.96  
 617 K	 54.89  
 618 V	 4.40  
 619 P	 37.35  
 620 L	 9.52  
 621 A	 10.17  
 622 K	 57.39  
 623 A	 9.95  
 624 S	 30.98  
 625 S	 41.33  
 626 L	 6.92  
 627 S	 32.15  
 628 K	 59.86  
 629 R	 45.47  
 630 K	 50.48  
 631 L	 12.03  
 632 E	 46.01  
 633 L	 15.02  
 634 E	 29.00  
 635 V	 13.45  
 636 E	 37.45  
 637 T	 38.86  
 638 V	 6.85  
 639 E	 67.58  
 640 K	 66.61  
 641 K	 46.33  
 642 K	 72.09  
 643 K	 69.87  
 644 G	 54.42  
 645 R	 36.41  
 646 P	 57.23  
 647 R	 54.79  
 648 K	 63.84  
 649 D	 40.02  
 650 S	 30.28  
 651 R	 45.18  
 652 L	 5.42  
 653 M	 2.75  
 654 P	 19.69  
 655 V	 5.83  
 656 S	 14.73  
 657 L	 6.22  
 658 S	 15.59  
 659 V	 8.72  
 660 Q	 40.08  
 661 S	 17.85  
 662 P	 12.40  
 663 A	 21.98  
 664 A	 14.61  
 665 L	 5.18  
 666 T	 28.22  
 667 A	 27.06  
 668 E	 46.31  
 669 K	 48.59  
 670 E	 32.89  
 671 A	 12.69  
 672 M	 2.18  
 673 C	 3.32  
 674 L	 2.92  
 675 S	 27.55  
 676 A	 4.77  
 677 P	 25.16  
 678 A	 12.75  
 679 L	 5.81  
 680 A	 12.54  
 681 L	 6.43  
 682 K	 46.76  
 683 L	 4.90  
 684 P	 34.55  
 685 I	 8.38  
 686 P	 37.71  
 687 S	 34.09  
 688 P	 23.48  
 689 Q	 54.38  
 690 R	 34.74  
 691 A	 9.13  
 692 F	 8.36  
 693 T	 18.46  
 694 L	 3.70  
 695 Q	 29.95  
 696 V	 7.13  
 697 S	 18.96  
 698 S	 55.47  
 699 D	 31.61  
 700 P	 23.97  
 701 S	 29.25  
 702 M	 4.80  
 703 Y	 9.77  
 704 I	 3.42  
 705 E	 26.70  
 706 V	 7.50  
 707 E	 34.58  
 708 N	 54.97  
 709 E	 26.51  
 710 V	 8.10  
 711 T	 11.86  
 712 V	 4.56  
 713 V	 3.95  
 714 G	 30.73  
 715 G	 11.19  
 716 V	 4.66  
 717 K	 43.98  
 718 L	 3.15  
 719 S	 29.83  
 720 R	 48.91  
 721 L	 7.15  
 722 K	 28.49  
 723 C	 7.40  
 724 N	 43.37  
 725 R	 64.61  
 726 E	 61.70  
 727 G	 29.91  
 728 K	 55.70  
 729 E	 62.49  
 730 W	 15.28  
 731 E	 30.08  
 732 T	 23.14  
 733 V	 3.58  
 734 L	 4.74  
 735 T	 16.18  
 736 S	 17.11  
 737 R	 23.77  
 738 I	 3.92  
 739 L	 2.31  
 740 T	 16.46  
 741 A	 13.33  
 742 A	 12.75  
 743 G	 26.75  
 744 S	 11.47  
 745 C	 4.50  
 746 D	 37.27  
 747 V	 4.16  
 748 V	 1.07  
 749 C	 1.29  
 750 V	 4.63  
 751 A	 7.22  
 752 C	 2.94  
 753 E	 33.68  
 754 K	 42.88  
 755 R	 14.69  
 756 M	 4.91  
 757 L	 4.60  
 758 S	 16.27  
 759 V	 3.75  
 760 F	 4.49  
 761 S	 22.19  
 762 T	 13.91  
 763 C	 3.75  
 764 G	 20.17  
 765 R	 28.37  
 766 R	 25.84  
 767 L	 5.53  
 768 L	 5.62  
 769 S	 17.93  
 770 P	 22.63  
 771 I	 5.76  
 772 L	 6.98  
 773 L	 4.01  
 774 P	 34.31  
 775 S	 34.53  
 776 P	 23.70  
 777 I	 6.03  
 778 S	 28.44  
 779 T	 22.65  
 780 L	 2.20  
 781 H	 13.74  
 782 C	 5.32  
 783 T	 20.58  
 784 G	 23.52  
 785 S	 9.08  
 786 Y	 8.79  
 787 V	 1.61  
 788 M	 1.60  
 789 A	 7.54  
 790 L	 1.48  
 791 T	 12.52  
 792 A	 8.92  
 793 A	 8.85  
 794 A	 13.45  
 795 T	 18.16  
 796 L	 3.13  
 797 S	 19.46  
 798 V	 5.94  
 799 W	 9.87  
 800 D	 24.96  
 801 V	 2.05  
 802 H	 16.39  
 803 R	 30.73  
 804 Q	 19.92  
 805 V	 3.39  
 806 V	 2.87  
 807 V	 5.52  
 808 V	 4.34  
 809 K	 44.12  
 810 E	 41.00  
 811 E	 53.54  
 812 S	 32.26  
 813 L	 4.09  
 814 H	 23.28  
 815 S	 25.29  
 816 I	 1.81  
 817 L	 5.04  
 818 A	 17.49  
 819 G	 22.27  
 820 S	 20.71  
 821 D	 35.54  
 822 M	 4.22  
 823 T	 23.23  
 824 V	 2.96  
 825 S	 11.44  
 826 Q	 26.47  
 827 I	 2.37  
 828 L	 3.08  
 829 L	 4.65  
 830 T	 18.31  
 831 Q	 32.55  
 832 H	 30.80  
 833 G	 18.97  
 834 I	 1.87  
 835 P	 24.73  
 836 V	 3.62  
 837 M	 3.33  
 838 N	 36.31  
 839 L	 2.39  
 840 S	 39.03  
 841 D	 66.82  
 842 G	 17.08  
 843 K	 40.97  
 844 A	 16.32  
 845 Y	 10.89  
 846 C	 2.95  
 847 F	 11.10  
 848 N	 22.99  
 849 P	 19.18  
 850 S	 35.74  
 851 L	 5.80  
 852 S	 35.40  
 853 T	 24.54  
 854 W	 7.87  
 855 N	 30.56  
 856 L	 2.69  
 857 V	 6.68  
 858 S	 42.11  
 859 D	 45.19  
 860 K	 48.80  
 861 Q	 50.98  
 862 D	 51.89  
 863 S	 24.10  
 864 L	 5.26  
 865 A	 13.32  
 866 Q	 28.37  
 867 C	 3.05  
 868 A	 13.59  
 869 D	 47.30  
 870 F	 4.31  
 871 R	 26.36  
 872 S	 35.90  
 873 S	 39.79  
 874 L	 5.09  
 875 P	 31.71  
 876 S	 46.08  
 877 Q	 40.31  
 878 D	 37.98  
 879 A	 5.80  
 880 M	 5.36  
 881 L	 1.94  
 882 C	 2.58  
 883 S	 39.21  
 884 G	 21.90  
 885 P	 11.43  
 886 L	 6.45  
 887 A	 10.44  
 888 I	 2.96  
 889 I	 2.71  
 890 Q	 29.24  
 891 G	 25.15  
 892 R	 20.71  
 893 T	 38.80  
 894 S	 27.86  
 895 N	 48.12  
 896 S	 34.81  
 897 G	 29.94  
 898 R	 23.84  
 899 Q	 42.79  
 900 A	 8.00  
 901 A	 10.60  
 902 R	 39.00  
 903 L	 3.00  
 904 F	 6.03  
 905 S	 39.05  
 906 V	 2.73  
 907 P	 17.23  
 908 H	 30.17  
 909 V	 3.21  
 910 V	 4.40  
 911 Q	 34.01  
 912 Q	 38.09  
 913 E	 27.03  
 914 T	 23.83  
 915 T	 14.51  
 916 L	 3.73  
 917 A	 12.55  
 918 Y	 20.05  
 919 L	 4.08  
 920 E	 32.70  
 921 N	 38.74  
 922 Q	 19.49  
 923 V	 6.20  
 924 A	 4.18  
 925 A	 12.26  
 926 A	 7.43  
 927 L	 4.16  
 928 T	 20.30  
 929 L	 4.90  
 930 Q	 37.34  
 931 S	 36.45  
 932 S	 13.84  
 933 H	 41.16  
 934 E	 46.33  
 935 Y	 11.45  
 936 R	 16.12  
 937 H	 20.73  
 938 W	 5.16  
 939 L	 1.57  
 940 L	 2.03  
 941 V	 3.09  
 942 Y	 5.82  
 943 A	 6.03  
 944 R	 13.97  
 945 Y	 13.56  
 946 L	 2.51  
 947 V	 4.55  
 948 N	 40.87  
 949 E	 58.75  
 950 G	 18.58  
 951 F	 6.42  
 952 E	 40.37  
 953 Y	 16.82  
 954 R	 21.77  
 955 L	 5.88  
 956 R	 23.41  
 957 E	 58.28  
 958 I	 2.60  
 959 C	 2.10  
 960 K	 58.01  
 961 D	 42.59  
 962 L	 3.49  
 963 L	 11.91  
 964 G	 29.49  
 965 P	 15.07  
 966 V	 6.67  
 967 H	 17.60  
 968 Y	 14.25  
 969 S	 16.06  
 970 T	 33.42  
 971 G	 16.35  
 972 S	 32.01  
 973 Q	 49.66  
 974 W	 11.82  
 975 E	 28.97  
 976 S	 24.44  
 977 T	 14.01  
 978 V	 4.47  
 979 V	 6.39  
 980 G	 18.54  
 981 L	 3.84  
 982 R	 30.01  
 983 K	 56.09  
 984 R	 33.10  
 985 E	 62.58  
 986 L	 10.85  
 987 L	 3.29  
 988 K	 59.96  
 989 E	 56.35  
 990 L	 6.65  
 991 L	 3.14  
 992 P	 28.45  
 993 V	 8.50  
 994 I	 4.42  
 995 G	 15.57  
 996 Q	 34.36  
 997 N	 28.15  
 998 L	 4.45  
 999 R	 32.95  
 1000 F	 5.81  
 1001 Q	 34.43  
 1002 R	 29.11  
 1003 L	 4.30  
 1004 F	 6.19  
 1005 T	 40.21  
 1006 E	 27.20  
 1007 C	 4.98  
 1008 Q	 34.93  
 1009 E	 65.84  
 1010 Q	 20.68  
 1011 L	 4.32  
 1012 D	 37.26  
 1013 I	 4.64  
 1014 L	 6.06  
 1015 R	 50.43  
 1016 D	 58.53  
 1017 K	 56.67  
