 1 M	 6.38  
 2 A	 19.37  
 3 S	 32.96  
 4 G	 24.70  
 5 A	 18.53  
 6 D	 55.17  
 7 S	 37.69  
 8 K	 67.89  
 9 G	 37.30  
 10 D	 58.37  
 11 D	 51.71  
 12 L	 6.12  
 13 S	 23.84  
 14 T	 25.64  
 15 A	 11.18  
 16 I	 5.10  
 17 L	 4.45  
 18 K	 53.78  
 19 Q	 44.82  
 20 K	 54.02  
 21 N	 63.25  
 22 R	 36.58  
 23 P	 39.42  
 24 N	 48.42  
 25 R	 28.60  
 26 L	 5.94  
 27 I	 3.11  
 28 V	 6.87  
 29 D	 32.39  
 30 E	 40.32  
 31 A	 12.87  
 32 I	 5.66  
 33 N	 58.58  
 34 E	 53.08  
 35 D	 48.49  
 36 N	 30.44  
 37 S	 35.90  
 38 V	 4.20  
 39 V	 4.84  
 40 S	 21.83  
 41 L	 3.59  
 42 S	 36.61  
 43 Q	 47.10  
 44 P	 30.48  
 45 K	 51.88  
 46 M	 6.52  
 47 D	 60.63  
 48 E	 34.61  
 49 L	 4.70  
 50 Q	 36.19  
 51 L	 5.03  
 52 F	 5.45  
 53 R	 51.15  
 54 G	 27.83  
 55 D	 29.41  
 56 T	 18.84  
 57 V	 7.58  
 58 L	 4.43  
 59 L	 6.29  
 60 K	 65.60  
 61 G	 40.46  
 62 K	 41.33  
 63 K	 66.41  
 64 R	 45.19  
 65 R	 45.14  
 66 E	 49.87  
 67 A	 10.32  
 68 V	 1.64  
 69 C	 1.99  
 70 I	 2.54  
 71 V	 3.37  
 72 L	 2.05  
 73 S	 23.65  
 74 D	 51.59  
 75 D	 46.35  
 76 T	 20.92  
 77 C	 6.58  
 78 S	 51.39  
 79 D	 64.45  
 80 E	 33.80  
 81 K	 40.37  
 82 I	 4.80  
 83 R	 27.65  
 84 M	 4.23  
 85 N	 24.60  
 86 R	 20.97  
 87 V	 3.94  
 88 V	 4.97  
 89 R	 24.38  
 90 N	 40.03  
 91 N	 20.75  
 92 L	 6.47  
 93 R	 17.40  
 94 V	 7.16  
 95 R	 26.90  
 96 L	 6.68  
 97 G	 19.30  
 98 D	 38.89  
 99 V	 3.34  
 100 I	 3.41  
 101 S	 18.28  
 102 I	 3.49  
 103 Q	 27.10  
 104 P	 29.91  
 105 C	 2.29  
 106 P	 56.99  
 107 D	 57.15  
 108 V	 2.88  
 109 K	 56.52  
 110 Y	 27.94  
 111 G	 13.67  
 112 K	 45.12  
 113 R	 21.63  
 114 I	 2.76  
 115 H	 21.06  
 116 V	 6.73  
 117 L	 1.58  
 118 P	 27.20  
 119 I	 7.00  
 120 D	 43.52  
 121 D	 54.06  
 122 T	 19.40  
 123 V	 9.02  
 124 E	 47.15  
 125 G	 20.58  
 126 I	 2.56  
 127 T	 30.76  
 128 G	 27.24  
 129 N	 32.67  
 130 L	 4.02  
 131 F	 7.47  
 132 E	 33.16  
 133 V	 5.48  
 134 Y	 11.21  
 135 L	 5.64  
 136 K	 21.71  
 137 P	 23.63  
 138 Y	 21.14  
 139 F	 7.25  
 140 L	 2.80  
 141 E	 33.48  
 142 A	 14.05  
 143 Y	 13.93  
 144 R	 27.50  
 145 P	 20.33  
 146 I	 5.41  
 147 R	 39.32  
 148 K	 62.75  
 149 G	 24.33  
 150 D	 31.34  
 151 I	 3.81  
 152 F	 6.50  
 153 L	 2.34  
 154 V	 3.58  
 155 R	 37.79  
 156 G	 27.11  
 157 G	 7.58  
 158 M	 2.50  
 159 R	 38.46  
 160 A	 9.04  
 161 V	 6.66  
 162 E	 38.47  
 163 F	 6.14  
 164 K	 31.68  
 165 V	 5.97  
 166 V	 7.26  
 167 E	 50.94  
 168 T	 41.42  
 169 D	 28.33  
 170 P	 44.62  
 171 S	 31.17  
 172 P	 33.14  
 173 Y	 10.11  
 174 C	 1.98  
 175 I	 2.15  
 176 V	 5.89  
 177 A	 4.02  
 178 P	 27.23  
 179 D	 43.82  
 180 T	 21.94  
 181 V	 3.52  
 182 I	 3.14  
 183 H	 10.15  
 184 C	 5.03  
 185 E	 53.05  
 186 G	 51.91  
 187 E	 22.89  
 188 P	 48.54  
 189 I	 5.97  
 190 K	 61.52  
 191 R	 58.27  
 192 E	 65.85  
 193 D	 73.05  
 194 E	 59.93  
 195 E	 66.27  
 196 E	 59.48  
 197 S	 39.51  
 198 L	 7.78  
 199 N	 51.71  
 200 E	 42.48  
 201 V	 9.30  
 202 G	 17.61  
 203 Y	 18.67  
 204 D	 34.81  
 205 D	 32.71  
 206 I	 4.70  
 207 G	 35.82  
 208 G	 14.37  
 209 C	 4.07  
 210 R	 32.79  
 211 K	 54.46  
 212 Q	 23.76  
 213 L	 4.20  
 214 A	 13.42  
 215 Q	 56.74  
 216 I	 3.20  
 217 K	 27.90  
 218 E	 50.52  
 219 M	 2.11  
 220 V	 7.78  
 221 E	 43.28  
 222 L	 3.09  
 223 P	 17.53  
 224 L	 14.19  
 225 R	 31.63  
 226 H	 21.48  
 227 P	 24.99  
 228 A	 21.36  
 229 L	 5.50  
 230 F	 5.66  
 231 K	 39.69  
 232 A	 9.09  
 233 I	 7.21  
 234 G	 26.67  
 235 V	 7.41  
 236 K	 44.05  
 237 P	 22.78  
 238 P	 41.22  
 239 R	 54.00  
 240 G	 22.22  
 241 I	 2.24  
 242 L	 3.16  
 243 L	 4.37  
 244 Y	 24.92  
 245 G	 23.15  
 246 P	 15.59  
 247 P	 48.92  
 248 G	 50.67  
 249 T	 41.08  
 250 G	 27.19  
 251 K	 39.74  
 252 T	 25.41  
 253 L	 3.08  
 254 I	 2.70  
 255 A	 9.11  
 256 R	 23.70  
 257 A	 8.85  
 258 V	 4.98  
 259 A	 13.73  
 260 N	 40.54  
 261 E	 38.59  
 262 T	 33.35  
 263 G	 17.76  
 264 A	 12.90  
 265 F	 4.75  
 266 F	 4.89  
 267 F	 5.60  
 268 L	 2.22  
 269 I	 4.78  
 270 N	 63.21  
 271 G	 17.77  
 272 P	 24.37  
 273 E	 53.36  
 274 I	 4.20  
 275 M	 2.49  
 276 S	 30.13  
 277 K	 25.61  
 278 L	 6.08  
 279 A	 24.36  
 280 G	 49.77  
 281 E	 45.80  
 282 S	 45.46  
 283 E	 39.07  
 284 S	 50.90  
 285 N	 39.55  
 286 L	 9.17  
 287 R	 32.29  
 288 K	 61.67  
 289 A	 15.62  
 290 F	 11.06  
 291 E	 62.24  
 292 E	 56.53  
 293 A	 26.35  
 294 E	 50.55  
 295 K	 66.51  
 296 N	 42.53  
 297 A	 13.13  
 298 P	 33.13  
 299 A	 12.71  
 300 I	 2.29  
 301 I	 2.41  
 302 F	 4.75  
 303 I	 2.57  
 304 D	 39.39  
 305 E	 43.67  
 306 L	 4.84  
 307 D	 33.60  
 308 A	 16.68  
 309 I	 7.23  
 310 A	 12.79  
 311 P	 30.08  
 312 K	 65.25  
 313 R	 49.97  
 314 E	 69.32  
 315 K	 50.26  
 316 T	 30.29  
 317 H	 41.29  
 318 G	 45.97  
 319 E	 33.33  
 320 V	 9.08  
 321 E	 31.75  
 322 R	 38.51  
 323 R	 21.83  
 324 I	 4.35  
 325 V	 2.57  
 326 S	 16.85  
 327 Q	 29.60  
 328 L	 2.84  
 329 L	 2.40  
 330 T	 28.73  
 331 L	 2.73  
 332 M	 3.02  
 333 D	 63.49  
 334 G	 22.32  
 335 L	 3.58  
 336 K	 43.18  
 337 Q	 53.49  
 338 R	 25.69  
 339 A	 9.98  
 340 H	 16.42  
 341 V	 3.26  
 342 I	 0.95  
 343 V	 1.76  
 344 M	 1.12  
 345 A	 10.55  
 346 A	 6.31  
 347 T	 23.40  
 348 N	 53.32  
 349 R	 27.67  
 350 P	 40.78  
 351 N	 48.65  
 352 S	 30.93  
 353 I	 10.52  
 354 D	 23.41  
 355 P	 31.37  
 356 A	 15.23  
 357 L	 4.99  
 358 R	 33.71  
 359 R	 38.94  
 360 F	 7.14  
 361 G	 27.77  
 362 R	 27.81  
 363 F	 12.12  
 364 D	 44.46  
 365 R	 43.03  
 366 E	 46.52  
 367 V	 7.28  
 368 D	 28.75  
 369 I	 6.96  
 370 G	 22.40  
 371 I	 2.59  
 372 P	 21.70  
 373 D	 55.64  
 374 A	 13.44  
 375 T	 30.16  
 376 G	 33.62  
 377 R	 25.45  
 378 L	 5.20  
 379 E	 40.05  
 380 I	 3.98  
 381 L	 2.60  
 382 Q	 30.95  
 383 I	 3.90  
 384 H	 20.16  
 385 T	 26.24  
 386 K	 40.66  
 387 N	 33.70  
 388 M	 3.92  
 389 K	 50.33  
 390 L	 4.37  
 391 A	 12.87  
 392 D	 67.89  
 393 D	 30.17  
 394 V	 10.48  
 395 D	 52.03  
 396 L	 5.08  
 397 E	 38.25  
 398 Q	 47.09  
 399 V	 4.51  
 400 A	 14.08  
 401 N	 56.71  
 402 E	 32.23  
 403 T	 32.72  
 404 H	 20.41  
 405 G	 25.29  
 406 H	 13.77  
 407 V	 8.83  
 408 G	 14.01  
 409 A	 13.93  
 410 D	 30.80  
 411 L	 2.73  
 412 A	 10.03  
 413 A	 19.19  
 414 L	 2.48  
 415 C	 2.72  
 416 S	 30.99  
 417 E	 36.64  
 418 A	 9.36  
 419 A	 8.99  
 420 L	 4.56  
 421 Q	 29.98  
 422 A	 12.38  
 423 I	 4.23  
 424 R	 35.24  
 425 K	 46.46  
 426 K	 28.00  
 427 M	 5.94  
 428 D	 49.72  
 429 L	 2.69  
 430 I	 5.04  
 431 D	 51.83  
 432 L	 7.67  
 433 E	 50.48  
 434 D	 66.68  
 435 E	 37.98  
 436 T	 36.16  
 437 I	 4.43  
 438 D	 44.06  
 439 A	 13.87  
 440 E	 38.25  
 441 V	 4.76  
 442 M	 1.81  
 443 N	 38.76  
 444 S	 10.29  
 445 L	 3.64  
 446 A	 8.44  
 447 V	 5.74  
 448 T	 14.85  
 449 M	 3.60  
 450 D	 42.40  
 451 D	 24.96  
 452 F	 6.47  
 453 R	 25.42  
 454 W	 11.10  
 455 A	 7.96  
 456 L	 3.67  
 457 S	 24.66  
 458 Q	 48.34  
 459 S	 47.54  
 460 N	 27.23  
 461 P	 26.65  
 462 S	 44.16  
 463 A	 16.34  
 464 L	 6.28  
 465 R	 36.94  
 466 E	 46.97  
 467 T	 24.34  
 468 V	 2.71  
 469 V	 8.84  
 470 E	 44.11  
 471 V	 2.44  
 472 P	 14.93  
 473 Q	 50.91  
 474 V	 5.71  
 475 T	 20.21  
 476 W	 11.47  
 477 E	 30.31  
 478 D	 36.07  
 479 I	 2.98  
 480 G	 47.13  
 481 G	 26.65  
 482 L	 4.24  
 483 E	 65.12  
 484 D	 57.17  
 485 V	 4.61  
 486 K	 53.10  
 487 R	 50.10  
 488 E	 49.43  
 489 L	 5.79  
 490 Q	 36.91  
 491 E	 64.63  
 492 L	 1.55  
 493 V	 5.15  
 494 Q	 49.81  
 495 Y	 11.19  
 496 P	 14.13  
 497 V	 10.06  
 498 E	 45.24  
 499 H	 35.77  
 500 P	 32.74  
 501 D	 57.13  
 502 K	 57.98  
 503 F	 13.46  
 504 L	 5.75  
 505 K	 42.90  
 506 F	 9.82  
 507 G	 19.91  
 508 M	 5.84  
 509 T	 25.45  
 510 P	 25.75  
 511 S	 32.64  
 512 K	 55.00  
 513 G	 26.21  
 514 V	 3.72  
 515 L	 3.59  
 516 F	 6.52  
 517 Y	 25.26  
 518 G	 18.00  
 519 P	 15.67  
 520 P	 46.47  
 521 G	 35.62  
 522 C	 6.61  
 523 G	 31.72  
 524 K	 39.82  
 525 T	 16.58  
 526 L	 5.09  
 527 L	 5.78  
 528 A	 11.44  
 529 K	 40.05  
 530 A	 10.66  
 531 I	 4.10  
 532 A	 15.61  
 533 N	 44.45  
 534 E	 20.98  
 535 C	 4.67  
 536 Q	 32.91  
 537 A	 25.26  
 538 N	 14.65  
 539 F	 5.34  
 540 I	 4.11  
 541 S	 17.70  
 542 I	 5.24  
 543 K	 62.72  
 544 G	 21.17  
 545 P	 24.86  
 546 E	 66.15  
 547 L	 5.62  
 548 L	 2.69  
 549 T	 25.61  
 550 M	 2.55  
 551 W	 7.89  
 552 F	 5.59  
 553 G	 23.23  
 554 E	 35.61  
 555 S	 42.25  
 556 E	 39.70  
 557 A	 29.15  
 558 N	 29.36  
 559 V	 8.18  
 560 R	 30.97  
 561 E	 43.66  
 562 I	 3.66  
 563 F	 7.26  
 564 D	 49.74  
 565 K	 34.42  
 566 A	 15.63  
 567 R	 32.20  
 568 Q	 46.89  
 569 A	 14.07  
 570 A	 6.95  
 571 P	 16.27  
 572 C	 3.40  
 573 V	 5.20  
 574 L	 4.51  
 575 F	 3.46  
 576 F	 6.62  
 577 D	 48.49  
 578 E	 49.69  
 579 L	 7.24  
 580 D	 35.63  
 581 S	 36.75  
 582 I	 4.56  
 583 A	 11.92  
 584 K	 36.63  
 585 A	 13.31  
 586 R	 53.50  
 587 G	 38.06  
 588 G	 19.61  
 589 N	 37.58  
 590 I	 6.35  
 591 G	 31.35  
 592 D	 49.09  
 593 G	 31.08  
 594 G	 27.57  
 595 G	 24.11  
 596 A	 14.95  
 597 A	 14.39  
 598 D	 44.86  
 599 R	 26.87  
 600 V	 5.05  
 601 I	 3.06  
 602 N	 21.71  
 603 Q	 22.42  
 604 I	 4.43  
 605 L	 2.09  
 606 T	 30.78  
 607 E	 31.65  
 608 M	 4.55  
 609 D	 43.33  
 610 G	 15.61  
 611 M	 3.91  
 612 S	 42.47  
 613 T	 36.83  
 614 K	 34.74  
 615 K	 59.43  
 616 N	 35.17  
 617 V	 5.11  
 618 F	 4.75  
 619 I	 2.18  
 620 I	 1.77  
 621 G	 22.87  
 622 A	 7.41  
 623 T	 26.92  
 624 N	 53.61  
 625 R	 26.39  
 626 P	 38.94  
 627 D	 47.43  
 628 I	 4.22  
 629 I	 7.28  
 630 D	 27.23  
 631 P	 15.70  
 632 A	 15.08  
 633 I	 4.00  
 634 L	 6.17  
 635 R	 26.05  
 636 P	 28.89  
 637 G	 36.03  
 638 R	 37.46  
 639 L	 6.45  
 640 D	 39.62  
 641 Q	 34.06  
 642 L	 2.99  
 643 I	 2.14  
 644 Y	 12.70  
 645 I	 1.93  
 646 P	 22.37  
 647 L	 6.39  
 648 P	 42.22  
 649 D	 81.36  
 650 E	 51.49  
 651 K	 51.44  
 652 S	 29.91  
 653 R	 32.71  
 654 V	 5.12  
 655 A	 10.57  
 656 I	 3.57  
 657 L	 2.86  
 658 K	 29.17  
 659 A	 19.49  
 660 N	 38.50  
 661 L	 9.72  
 662 R	 36.89  
 663 K	 63.38  
 664 S	 20.41  
 665 P	 32.87  
 666 V	 15.51  
 667 A	 13.00  
 668 K	 59.52  
 669 D	 29.44  
 670 V	 9.98  
 671 D	 51.09  
 672 L	 5.14  
 673 E	 33.86  
 674 F	 11.91  
 675 L	 3.06  
 676 A	 12.61  
 677 K	 48.69  
 678 M	 2.68  
 679 T	 31.33  
 680 N	 46.11  
 681 G	 14.66  
 682 F	 7.08  
 683 S	 34.17  
 684 G	 22.35  
 685 A	 13.87  
 686 D	 58.61  
 687 L	 4.60  
 688 T	 24.69  
 689 E	 49.41  
 690 I	 1.72  
 691 C	 1.50  
 692 Q	 41.49  
 693 R	 37.23  
 694 A	 2.95  
 695 C	 3.96  
 696 K	 39.71  
 697 L	 4.88  
 698 A	 5.58  
 699 I	 7.91  
 700 R	 26.46  
 701 E	 50.37  
 702 S	 23.08  
 703 I	 6.06  
 704 E	 52.15  
 705 S	 36.33  
 706 E	 27.94  
 707 I	 7.57  
 708 R	 30.29  
 709 R	 53.65  
 710 E	 49.39  
 711 R	 42.45  
 712 E	 44.37  
 713 R	 55.64  
 714 Q	 40.66  
 715 T	 56.15  
 716 N	 21.86  
 717 P	 27.18  
 718 S	 42.17  
 719 A	 10.22  
 720 M	 7.51  
 721 E	 46.63  
 722 V	 6.66  
 723 E	 42.26  
 724 E	 73.26  
 725 D	 52.59  
 726 D	 49.75  
 727 P	 56.75  
 728 V	 9.51  
 729 P	 36.36  
 730 E	 49.73  
 731 I	 3.42  
 732 R	 35.99  
 733 R	 47.63  
 734 D	 40.76  
 735 H	 30.15  
 736 F	 12.14  
 737 E	 41.23  
 738 E	 46.99  
 739 A	 6.30  
 740 M	 4.02  
 741 R	 29.17  
 742 F	 3.89  
 743 A	 8.80  
 744 R	 28.79  
 745 R	 37.67  
 746 S	 22.03  
 747 V	 8.70  
 748 S	 31.76  
 749 D	 55.45  
 750 N	 38.82  
 751 D	 47.24  
 752 I	 5.26  
 753 R	 38.06  
 754 K	 45.99  
 755 Y	 11.63  
 756 E	 30.75  
 757 M	 2.83  
 758 F	 2.81  
 759 A	 10.51  
 760 Q	 31.32  
 761 T	 24.09  
 762 L	 2.65  
 763 Q	 42.46  
 764 Q	 37.90  
 765 S	 22.78  
 766 R	 39.87  
 767 G	 36.19  
 768 F	 7.82  
 769 G	 28.79  
 770 S	 15.81  
 771 F	 10.77  
 772 R	 44.24  
 773 F	 5.49  
 774 P	 36.75  
 775 S	 47.89  
 776 G	 30.62  
 777 N	 41.48  
 778 Q	 56.04  
 779 G	 31.73  
 780 G	 20.00  
 781 A	 33.28  
 782 G	 26.18  
 783 P	 23.97  
 784 S	 46.38  
 785 Q	 53.88  
 786 G	 32.37  
 787 S	 26.99  
 788 G	 45.43  
 789 G	 31.99  
 790 G	 25.39  
 791 T	 41.46  
 792 G	 29.65  
 793 G	 17.49  
 794 S	 17.19  
 795 V	 8.51  
 796 Y	 13.20  
 797 T	 34.41  
 798 E	 36.81  
 799 D	 56.93  
 800 N	 48.67  
 801 D	 64.22  
 802 D	 54.81  
 803 D	 44.66  
 804 L	 7.31  
 805 Y	 27.99  
 806 G	 38.05  
