 1 M	 6.57  
 2 V	 4.97  
 3 F	 3.91  
 4 S	 11.29  
 5 M	 2.62  
 6 W	 7.58  
 7 T	 20.05  
 8 R	 19.35  
 9 K	 41.08  
 10 R	 26.02  
 11 Q	 37.56  
 12 I	 3.55  
 13 L	 1.39  
 14 I	 3.84  
 15 F	 3.46  
 16 L	 2.67  
 17 N	 14.33  
 18 M	 3.13  
 19 L	 4.09  
 20 L	 1.98  
 21 V	 2.78  
 22 S	 23.77  
 23 R	 21.95  
 24 V	 4.24  
 25 F	 8.12  
 26 G	 14.35  
 27 F	 4.19  
 28 R	 34.21  
 29 W	 16.19  
 30 F	 3.76  
 31 P	 23.05  
 32 K	 53.90  
 33 T	 35.85  
 34 L	 5.96  
 35 P	 19.90  
 36 C	 12.04  
 37 E	 43.35  
 38 V	 12.20  
 39 K	 13.79  
 40 V	 10.69  
 41 N	 38.08  
 42 I	 3.50  
 43 P	 27.76  
 44 E	 47.84  
 45 A	 9.26  
 46 H	 14.26  
 47 V	 6.18  
 48 I	 1.23  
 49 V	 4.87  
 50 D	 20.62  
 51 C	 3.52  
 52 T	 43.55  
 53 D	 42.58  
 54 K	 23.51  
 55 H	 40.57  
 56 L	 5.91  
 57 T	 31.43  
 58 E	 64.01  
 59 I	 2.95  
 60 P	 27.77  
 61 E	 75.35  
 62 G	 26.31  
 63 I	 3.47  
 64 P	 30.38  
 65 T	 43.19  
 66 N	 39.28  
 67 T	 21.38  
 68 T	 30.24  
 69 N	 29.05  
 70 L	 3.79  
 71 T	 24.75  
 72 L	 5.22  
 73 T	 17.94  
 74 I	 3.87  
 75 N	 23.07  
 76 H	 29.50  
 77 I	 2.18  
 78 P	 20.33  
 79 S	 34.79  
 80 I	 6.09  
 81 S	 27.30  
 82 P	 39.33  
 83 D	 54.33  
 84 S	 24.84  
 85 F	 7.40  
 86 R	 46.24  
 87 R	 37.52  
 88 L	 4.06  
 89 N	 35.57  
 90 H	 38.93  
 91 L	 6.51  
 92 E	 45.41  
 93 E	 48.43  
 94 I	 4.40  
 95 D	 31.19  
 96 L	 9.15  
 97 R	 13.07  
 98 C	 6.34  
 99 N	 24.32  
 100 C	 4.13  
 101 V	 1.98  
 102 P	 17.15  
 103 V	 3.25  
 104 L	 3.52  
 105 L	 8.08  
 106 G	 23.96  
 107 S	 28.67  
 108 K	 42.03  
 109 A	 18.51  
 110 N	 32.88  
 111 V	 5.39  
 112 C	 3.58  
 113 T	 18.21  
 114 K	 46.08  
 115 R	 17.42  
 116 L	 5.45  
 117 Q	 33.41  
 118 I	 7.31  
 119 R	 19.30  
 120 P	 44.39  
 121 G	 31.32  
 122 S	 20.94  
 123 F	 9.23  
 124 S	 40.29  
 125 G	 27.47  
 126 L	 3.31  
 127 S	 44.41  
 128 D	 58.17  
 129 L	 2.92  
 130 K	 41.14  
 131 A	 14.56  
 132 L	 4.11  
 133 Y	 13.96  
 134 L	 7.65  
 135 D	 40.20  
 136 G	 22.61  
 137 N	 29.06  
 138 Q	 53.61  
 139 L	 5.56  
 140 L	 3.95  
 141 E	 62.30  
 142 I	 3.61  
 143 P	 16.56  
 144 Q	 71.22  
 145 D	 56.01  
 146 L	 3.59  
 147 P	 30.11  
 148 S	 53.48  
 149 S	 20.19  
 150 L	 3.76  
 151 H	 27.03  
 152 L	 4.16  
 153 L	 3.70  
 154 S	 30.44  
 155 L	 7.90  
 156 E	 46.07  
 157 A	 21.47  
 158 N	 32.52  
 159 N	 43.67  
 160 I	 2.62  
 161 F	 4.73  
 162 S	 26.08  
 163 I	 4.43  
 164 T	 30.98  
 165 K	 42.82  
 166 E	 49.15  
 167 N	 54.54  
 168 L	 4.06  
 169 T	 38.56  
 170 E	 54.62  
 171 L	 2.77  
 172 V	 5.73  
 173 N	 38.72  
 174 I	 3.14  
 175 E	 27.79  
 176 T	 19.53  
 177 L	 1.84  
 178 Y	 19.06  
 179 L	 6.82  
 180 G	 11.78  
 181 Q	 33.94  
 182 N	 17.60  
 183 C	 2.13  
 184 Y	 17.01  
 185 Y	 13.20  
 186 R	 17.72  
 187 N	 29.38  
 188 P	 11.32  
 189 C	 10.04  
 190 N	 27.33  
 191 V	 7.87  
 192 S	 10.12  
 193 Y	 14.91  
 194 S	 19.43  
 195 I	 6.07  
 196 E	 38.65  
 197 K	 53.32  
 198 D	 29.75  
 199 A	 15.67  
 200 F	 8.29  
 201 L	 2.95  
 202 V	 2.46  
 203 M	 2.27  
 204 R	 37.54  
 205 N	 26.56  
 206 L	 2.61  
 207 K	 44.68  
 208 V	 5.03  
 209 L	 4.79  
 210 S	 36.04  
 211 L	 7.65  
 212 K	 55.84  
 213 D	 58.17  
 214 N	 43.19  
 215 N	 42.52  
 216 V	 4.57  
 217 T	 24.86  
 218 A	 10.87  
 219 V	 2.94  
 220 P	 19.73  
 221 T	 34.07  
 222 T	 31.06  
 223 L	 7.95  
 224 P	 17.40  
 225 P	 47.41  
 226 N	 56.15  
 227 L	 4.92  
 228 L	 5.61  
 229 E	 38.24  
 230 L	 3.44  
 231 Y	 9.58  
 232 L	 6.04  
 233 Y	 7.81  
 234 N	 30.54  
 235 N	 24.65  
 236 I	 4.32  
 237 I	 3.95  
 238 K	 39.77  
 239 K	 38.93  
 240 I	 5.43  
 241 Q	 52.93  
 242 E	 63.34  
 243 N	 42.68  
 244 D	 47.07  
 245 F	 11.15  
 246 N	 55.75  
 247 N	 44.21  
 248 L	 5.74  
 249 N	 50.48  
 250 E	 43.69  
 251 L	 4.09  
 252 Q	 27.78  
 253 V	 7.59  
 254 L	 3.37  
 255 D	 39.67  
 256 L	 6.54  
 257 S	 27.85  
 258 G	 47.24  
 259 N	 29.28  
 260 C	 2.28  
 261 P	 33.12  
 262 R	 37.44  
 263 C	 1.42  
 264 Y	 22.07  
 265 N	 31.73  
 266 V	 1.62  
 267 P	 24.58  
 268 Y	 13.47  
 269 P	 14.94  
 270 C	 5.67  
 271 T	 26.86  
 272 P	 30.09  
 273 C	 4.75  
 274 E	 61.73  
 275 N	 62.08  
 276 N	 23.78  
 277 S	 38.27  
 278 P	 30.33  
 279 L	 8.19  
 280 Q	 34.06  
 281 I	 6.08  
 282 H	 14.87  
 283 D	 50.19  
 284 N	 32.06  
 285 A	 15.85  
 286 F	 8.82  
 287 N	 33.43  
 288 S	 30.16  
 289 L	 4.53  
 290 T	 38.81  
 291 E	 52.46  
 292 L	 3.81  
 293 K	 32.75  
 294 V	 6.17  
 295 L	 4.63  
 296 R	 33.08  
 297 L	 4.55  
 298 H	 20.64  
 299 S	 32.48  
 300 N	 35.67  
 301 S	 32.21  
 302 L	 4.83  
 303 Q	 35.04  
 304 H	 39.07  
 305 V	 3.81  
 306 P	 20.62  
 307 P	 40.97  
 308 T	 37.15  
 309 W	 14.16  
 310 F	 4.51  
 311 K	 41.20  
 312 N	 25.77  
 313 M	 2.87  
 314 R	 50.53  
 315 N	 34.99  
 316 L	 2.71  
 317 Q	 53.40  
 318 E	 47.63  
 319 L	 5.32  
 320 D	 43.45  
 321 L	 9.92  
 322 S	 18.95  
 323 Q	 50.30  
 324 N	 30.34  
 325 Y	 8.29  
 326 L	 4.80  
 327 A	 9.19  
 328 R	 42.71  
 329 E	 49.50  
 330 I	 4.90  
 331 E	 47.34  
 332 E	 63.92  
 333 A	 8.63  
 334 K	 52.30  
 335 F	 9.15  
 336 L	 2.48  
 337 H	 25.90  
 338 F	 15.33  
 339 L	 1.59  
 340 P	 31.03  
 341 N	 59.89  
 342 L	 2.75  
 343 V	 9.73  
 344 E	 45.87  
 345 L	 6.67  
 346 D	 24.52  
 347 F	 16.36  
 348 S	 16.55  
 349 F	 13.09  
 350 N	 28.33  
 351 Y	 18.92  
 352 E	 33.55  
 353 L	 2.70  
 354 Q	 23.06  
 355 V	 6.22  
 356 Y	 4.44  
 357 H	 17.72  
 358 A	 5.73  
 359 S	 11.64  
 360 I	 4.81  
 361 T	 31.57  
 362 L	 3.24  
 363 P	 13.33  
 364 H	 44.47  
 365 S	 28.18  
 366 L	 3.52  
 367 S	 35.57  
 368 S	 45.02  
 369 L	 4.55  
 370 E	 63.57  
 371 N	 52.51  
 372 L	 2.39  
 373 K	 51.80  
 374 I	 3.15  
 375 L	 5.01  
 376 R	 31.41  
 377 V	 5.17  
 378 K	 37.78  
 379 G	 22.45  
 380 Y	 9.30  
 381 V	 8.23  
 382 F	 3.71  
 383 K	 52.68  
 384 E	 54.21  
 385 L	 7.02  
 386 K	 56.74  
 387 N	 49.83  
 388 S	 30.94  
 389 S	 33.77  
 390 L	 4.05  
 391 S	 25.28  
 392 V	 8.66  
 393 L	 2.37  
 394 H	 27.70  
 395 K	 56.90  
 396 L	 1.76  
 397 P	 43.55  
 398 R	 54.65  
 399 L	 5.15  
 400 E	 42.17  
 401 V	 6.28  
 402 L	 3.08  
 403 D	 48.50  
 404 L	 8.78  
 405 G	 20.48  
 406 T	 33.96  
 407 N	 34.54  
 408 F	 6.38  
 409 I	 3.24  
 410 K	 27.92  
 411 I	 2.85  
 412 A	 15.38  
 413 D	 43.66  
 414 L	 3.80  
 415 N	 37.89  
 416 I	 6.73  
 417 F	 4.97  
 418 K	 43.52  
 419 H	 25.22  
 420 F	 7.40  
 421 E	 62.46  
 422 N	 41.34  
 423 L	 3.62  
 424 K	 55.78  
 425 L	 4.08  
 426 I	 4.84  
 427 D	 43.24  
 428 L	 4.96  
 429 S	 21.64  
 430 V	 12.59  
 431 N	 32.35  
 432 K	 42.26  
 433 I	 6.54  
 434 S	 24.79  
 435 P	 49.59  
 436 S	 47.40  
 437 E	 64.47  
 438 E	 60.48  
 439 S	 29.68  
 440 R	 45.99  
 441 E	 57.16  
 442 V	 7.47  
 443 G	 17.43  
 444 F	 8.27  
 445 C	 1.77  
 446 P	 36.61  
 447 N	 45.95  
 448 A	 10.12  
 449 Q	 40.73  
 450 T	 28.45  
 451 S	 15.22  
 452 V	 9.47  
 453 D	 36.30  
 454 R	 34.21  
 455 H	 48.06  
 456 G	 18.41  
 457 P	 18.25  
 458 Q	 57.95  
 459 V	 6.16  
 460 L	 2.41  
 461 E	 50.78  
 462 A	 8.76  
 463 L	 2.16  
 464 H	 27.08  
 465 Y	 7.21  
 466 F	 3.98  
 467 R	 30.72  
 468 Y	 11.83  
 469 D	 37.87  
 470 E	 31.96  
 471 Y	 12.38  
 472 A	 8.55  
 473 R	 35.07  
 474 S	 11.06  
 475 C	 5.03  
 476 R	 46.98  
 477 F	 13.84  
 478 K	 48.00  
 479 N	 51.73  
 480 K	 72.66  
 481 E	 72.36  
 482 P	 31.29  
 483 P	 38.51  
 484 S	 50.56  
 485 F	 11.40  
 486 L	 5.75  
 487 P	 22.89  
 488 L	 10.05  
 489 N	 31.62  
 490 A	 28.61  
 491 D	 24.37  
 492 C	 1.63  
 493 H	 19.49  
 494 I	 5.34  
 495 Y	 4.59  
 496 G	 17.25  
 497 Q	 23.17  
 498 T	 20.20  
 499 L	 4.85  
 500 D	 46.08  
 501 L	 6.11  
 502 S	 32.40  
 503 R	 47.73  
 504 N	 42.44  
 505 N	 31.19  
 506 I	 3.22  
 507 F	 5.87  
 508 F	 6.59  
 509 I	 4.46  
 510 K	 33.06  
 511 P	 34.02  
 512 S	 46.16  
 513 D	 56.61  
 514 F	 6.06  
 515 Q	 41.42  
 516 H	 24.35  
 517 L	 2.42  
 518 S	 26.80  
 519 F	 10.73  
 520 L	 3.26  
 521 K	 34.37  
 522 C	 3.11  
 523 L	 7.45  
 524 N	 41.45  
 525 L	 4.47  
 526 S	 28.99  
 527 G	 38.17  
 528 N	 25.75  
 529 T	 29.97  
 530 I	 4.46  
 531 G	 16.63  
 532 Q	 38.68  
 533 T	 19.58  
 534 L	 5.41  
 535 N	 56.16  
 536 G	 26.13  
 537 S	 28.57  
 538 E	 57.14  
 539 L	 6.46  
 540 W	 5.94  
 541 P	 33.88  
 542 L	 4.49  
 543 R	 36.50  
 544 E	 45.33  
 545 L	 3.36  
 546 R	 25.80  
 547 Y	 24.21  
 548 L	 4.30  
 549 D	 35.67  
 550 F	 8.54  
 551 S	 32.63  
 552 N	 37.32  
 553 N	 44.70  
 554 R	 33.55  
 555 L	 6.22  
 556 D	 31.24  
 557 L	 5.99  
 558 L	 2.95  
 559 Y	 15.98  
 560 S	 17.15  
 561 T	 23.08  
 562 A	 12.15  
 563 F	 8.31  
 564 E	 56.16  
 565 E	 45.73  
 566 L	 3.10  
 567 Q	 49.61  
 568 S	 38.84  
 569 L	 3.21  
 570 E	 46.40  
 571 V	 6.46  
 572 L	 3.91  
 573 D	 50.08  
 574 L	 5.45  
 575 S	 27.43  
 576 S	 50.04  
 577 N	 29.45  
 578 S	 22.85  
 579 H	 31.51  
 580 Y	 9.37  
 581 F	 4.67  
 582 Q	 31.19  
 583 A	 13.69  
 584 E	 40.10  
 585 G	 32.86  
 586 I	 1.47  
 587 T	 16.46  
 588 H	 19.47  
 589 M	 2.15  
 590 L	 3.56  
 591 N	 34.66  
 592 F	 10.50  
 593 T	 26.62  
 594 K	 45.75  
 595 K	 35.46  
 596 L	 5.06  
 597 R	 41.92  
 598 L	 11.98  
 599 L	 4.39  
 600 D	 46.78  
 601 K	 37.95  
 602 L	 3.82  
 603 M	 2.65  
 604 M	 9.15  
 605 N	 30.85  
 606 D	 35.96  
 607 N	 43.44  
 608 D	 38.79  
 609 I	 6.41  
 610 S	 21.12  
 611 T	 28.75  
 612 S	 19.91  
 613 A	 11.79  
 614 S	 28.22  
 615 R	 37.50  
 616 T	 23.85  
 617 M	 4.51  
 618 E	 51.27  
 619 S	 22.98  
 620 D	 38.08  
 621 S	 28.91  
 622 L	 4.78  
 623 R	 35.08  
 624 I	 5.39  
 625 L	 4.04  
 626 E	 30.81  
 627 F	 12.43  
 628 R	 35.31  
 629 G	 31.09  
 630 N	 28.43  
 631 H	 26.65  
 632 L	 5.89  
 633 D	 26.39  
 634 V	 7.51  
 635 L	 2.27  
 636 W	 6.47  
 637 R	 25.24  
 638 A	 20.36  
 639 G	 24.93  
 640 D	 35.13  
 641 N	 33.31  
 642 R	 37.82  
 643 Y	 19.51  
 644 L	 4.12  
 645 D	 37.69  
 646 F	 9.67  
 647 F	 5.24  
 648 K	 53.38  
 649 N	 44.71  
 650 L	 2.87  
 651 F	 15.95  
 652 N	 38.16  
 653 L	 3.64  
 654 E	 41.98  
 655 V	 7.02  
 656 L	 3.36  
 657 D	 41.83  
 658 I	 3.49  
 659 S	 25.69  
 660 R	 36.77  
 661 N	 44.02  
 662 S	 28.02  
 663 L	 6.03  
 664 N	 41.12  
 665 S	 47.77  
 666 L	 8.80  
 667 P	 23.87  
 668 P	 56.53  
 669 E	 58.88  
 670 V	 6.98  
 671 F	 6.82  
 672 E	 60.81  
 673 G	 23.56  
 674 M	 3.82  
 675 P	 26.03  
 676 P	 50.31  
 677 N	 58.75  
 678 L	 4.86  
 679 K	 63.58  
 680 N	 37.72  
 681 L	 4.19  
 682 S	 35.36  
 683 L	 9.91  
 684 A	 10.41  
 685 K	 57.76  
 686 N	 56.26  
 687 G	 33.50  
 688 L	 6.16  
 689 K	 46.76  
 690 S	 30.62  
 691 F	 7.40  
 692 F	 9.53  
 693 W	 6.44  
 694 D	 35.93  
 695 R	 18.22  
 696 L	 3.79  
 697 Q	 45.72  
 698 L	 9.00  
 699 L	 1.80  
 700 K	 55.53  
 701 H	 28.76  
 702 L	 4.12  
 703 E	 41.02  
 704 I	 4.58  
 705 L	 3.86  
 706 D	 52.35  
 707 L	 5.14  
 708 S	 21.76  
 709 H	 33.09  
 710 N	 34.87  
 711 Q	 45.12  
 712 L	 6.42  
 713 T	 21.89  
 714 K	 65.47  
 715 V	 5.12  
 716 P	 23.65  
 717 E	 64.41  
 718 R	 32.79  
 719 L	 3.71  
 720 A	 22.62  
 721 N	 34.88  
 722 C	 4.51  
 723 S	 25.70  
 724 K	 52.24  
 725 S	 18.04  
 726 L	 4.95  
 727 T	 27.01  
 728 T	 19.66  
 729 L	 3.48  
 730 I	 4.53  
 731 L	 5.33  
 732 K	 33.25  
 733 H	 28.16  
 734 N	 37.07  
 735 Q	 31.77  
 736 I	 3.53  
 737 R	 18.72  
 738 Q	 55.93  
 739 L	 2.99  
 740 T	 18.50  
 741 K	 42.47  
 742 Y	 14.25  
 743 F	 6.84  
 744 L	 5.44  
 745 E	 31.19  
 746 D	 55.51  
 747 A	 6.45  
 748 L	 8.35  
 749 Q	 26.14  
 750 L	 3.96  
 751 R	 19.60  
 752 Y	 19.81  
 753 L	 3.68  
 754 D	 29.77  
 755 I	 4.49  
 756 S	 27.76  
 757 S	 42.34  
 758 N	 38.36  
 759 K	 36.14  
 760 I	 4.65  
 761 Q	 28.06  
 762 V	 5.96  
 763 I	 1.67  
 764 Q	 44.08  
 765 K	 34.70  
 766 T	 21.15  
 767 S	 45.93  
 768 F	 12.16  
 769 P	 31.83  
 770 E	 58.94  
 771 N	 43.76  
 772 V	 6.04  
 773 L	 5.47  
 774 N	 46.92  
 775 N	 32.96  
 776 L	 3.89  
 777 E	 32.37  
 778 M	 3.36  
 779 L	 2.43  
 780 V	 4.63  
 781 L	 2.75  
 782 H	 14.54  
 783 H	 24.01  
 784 N	 26.17  
 785 R	 22.89  
 786 F	 12.69  
 787 L	 1.53  
 788 C	 4.35  
 789 N	 28.93  
 790 C	 3.29  
 791 D	 30.11  
 792 A	 11.57  
 793 V	 2.32  
 794 W	 5.47  
 795 F	 2.37  
 796 V	 2.00  
 797 W	 5.48  
 798 W	 3.92  
 799 V	 1.89  
 800 N	 20.72  
 801 H	 17.52  
 802 T	 27.28  
 803 D	 28.19  
 804 V	 5.70  
 805 T	 21.03  
 806 I	 1.80  
 807 P	 14.55  
 808 Y	 12.72  
 809 L	 3.29  
 810 A	 8.91  
 811 T	 28.54  
 812 D	 28.28  
 813 V	 3.77  
 814 T	 12.32  
 815 C	 3.15  
 816 V	 8.28  
 817 G	 19.64  
 818 P	 19.19  
 819 G	 34.09  
 820 A	 12.35  
 821 H	 40.47  
 822 K	 59.10  
 823 G	 18.35  
 824 Q	 39.05  
 825 S	 30.04  
 826 V	 2.37  
 827 I	 4.02  
 828 S	 17.42  
 829 L	 3.46  
 830 D	 30.73  
 831 L	 4.65  
 832 Y	 14.71  
 833 T	 13.55  
 834 C	 2.86  
 835 E	 37.20  
 836 L	 7.71  
 837 D	 29.20  
 838 L	 5.52  
 839 T	 27.87  
 840 N	 32.17  
 841 L	 2.79  
 842 I	 3.86  
 843 L	 2.70  
 844 F	 5.55  
 845 S	 16.12  
 846 V	 4.64  
 847 S	 18.63  
 848 I	 3.14  
 849 S	 13.59  
 850 S	 22.59  
 851 V	 3.32  
 852 L	 2.70  
 853 F	 3.76  
 854 L	 1.92  
 855 M	 1.35  
 856 V	 2.64  
 857 V	 1.43  
 858 M	 2.00  
 859 T	 17.34  
 860 T	 8.96  
 861 S	 14.71  
 862 H	 25.27  
 863 L	 3.66  
 864 F	 4.94  
 865 F	 7.32  
 866 W	 6.29  
 867 D	 16.75  
 868 M	 1.82  
 869 W	 3.63  
 870 Y	 3.41  
 871 I	 1.01  
 872 Y	 4.12  
 873 Y	 8.07  
 874 F	 2.79  
 875 W	 5.42  
 876 K	 29.87  
 877 A	 14.92  
 878 K	 41.02  
 879 I	 5.10  
 880 K	 51.35  
 881 G	 30.70  
 882 Y	 6.43  
 883 Q	 39.21  
 884 H	 19.83  
 885 L	 2.08  
 886 Q	 38.31  
 887 S	 30.77  
 888 M	 2.57  
 889 E	 42.79  
 890 S	 14.88  
 891 C	 1.96  
 892 Y	 21.42  
 893 D	 39.05  
 894 A	 3.03  
 895 F	 3.38  
 896 I	 2.77  
 897 V	 2.60  
 898 Y	 17.06  
 899 D	 40.07  
 900 T	 17.90  
 901 K	 46.11  
 902 N	 36.98  
 903 S	 26.18  
 904 A	 22.96  
 905 V	 5.10  
 906 T	 24.68  
 907 E	 29.05  
 908 W	 6.17  
 909 V	 3.00  
 910 L	 3.25  
 911 Q	 32.15  
 912 E	 40.84  
 913 L	 2.68  
 914 V	 4.31  
 915 A	 24.28  
 916 K	 44.95  
 917 L	 6.95  
 918 E	 66.32  
 919 D	 58.98  
 920 P	 36.63  
 921 R	 77.30  
 922 E	 57.16  
 923 K	 55.57  
 924 H	 16.45  
 925 F	 12.67  
 926 N	 29.57  
 927 L	 3.26  
 928 C	 4.76  
 929 L	 9.62  
 930 E	 50.41  
 931 E	 42.88  
 932 R	 30.91  
 933 D	 55.32  
 934 W	 15.63  
 935 L	 3.91  
 936 P	 34.81  
 937 G	 42.10  
 938 Q	 24.00  
 939 P	 38.28  
 940 V	 8.88  
 941 L	 4.61  
 942 E	 57.25  
 943 N	 40.61  
 944 L	 3.44  
 945 S	 33.20  
 946 Q	 47.95  
 947 S	 14.66  
 948 I	 3.56  
 949 Q	 44.95  
 950 L	 8.48  
 951 S	 18.74  
 952 K	 62.14  
 953 K	 46.69  
 954 T	 23.94  
 955 V	 4.71  
 956 F	 3.63  
 957 V	 3.36  
 958 M	 1.92  
 959 T	 19.33  
 960 Q	 20.75  
 961 K	 37.70  
 962 Y	 11.96  
 963 A	 21.23  
 964 K	 50.14  
 965 T	 28.79  
 966 E	 54.17  
 967 S	 35.08  
 968 F	 5.23  
 969 K	 38.30  
 970 M	 2.69  
 971 A	 7.19  
 972 F	 5.88  
 973 Y	 9.58  
 974 L	 2.73  
 975 S	 13.24  
 976 H	 17.74  
 977 Q	 34.05  
 978 R	 31.62  
 979 L	 5.94  
 980 L	 9.71  
 981 D	 59.26  
 982 E	 55.75  
 983 K	 43.32  
 984 V	 7.17  
 985 D	 36.65  
 986 V	 3.08  
 987 I	 1.51  
 988 I	 2.13  
 989 L	 1.23  
 990 I	 2.33  
 991 F	 6.90  
 992 L	 7.01  
 993 E	 41.71  
 994 K	 53.85  
 995 P	 30.56  
 996 L	 17.32  
 997 Q	 57.41  
 998 K	 64.39  
 999 S	 18.71  
 1000 K	 58.07  
 1001 F	 7.30  
 1002 L	 5.57  
 1003 Q	 42.21  
 1004 L	 8.30  
 1005 R	 14.75  
 1006 K	 59.31  
 1007 R	 32.36  
 1008 L	 2.97  
 1009 C	 4.62  
 1010 R	 36.24  
 1011 S	 24.65  
 1012 S	 16.03  
 1013 V	 6.23  
 1014 L	 6.52  
 1015 E	 49.62  
 1016 W	 7.98  
 1017 P	 16.88  
 1018 A	 41.21  
 1019 N	 25.74  
 1020 P	 34.54  
 1021 Q	 52.70  
 1022 A	 13.59  
 1023 H	 16.61  
 1024 P	 29.09  
 1025 Y	 13.95  
 1026 F	 4.24  
 1027 W	 5.11  
 1028 Q	 16.86  
 1029 C	 4.21  
 1030 L	 2.61  
 1031 K	 48.04  
 1032 N	 27.51  
 1033 A	 12.51  
 1034 L	 8.08  
 1035 T	 29.68  
 1036 T	 35.34  
 1037 D	 37.69  
 1038 N	 29.46  
 1039 H	 14.37  
 1040 V	 7.20  
 1041 A	 7.24  
 1042 Y	 9.80  
 1043 S	 12.87  
 1044 Q	 28.76  
 1045 M	 4.21  
 1046 F	 5.12  
 1047 K	 47.32  
 1048 E	 43.46  
 1049 T	 31.91  
 1050 V	 8.50  
