 1 P	 69.10  
 2 R	 56.44  
 3 P	 41.29  
 4 S	 29.65  
 5 S	 20.72  
 6 M	 4.91  
 7 L	 2.79  
 8 M	 2.57  
 9 E	 29.39  
 10 A	 11.66  
 11 R	 14.80  
 12 V	 10.15  
 13 D	 32.14  
 14 L	 2.76  
 15 I	 4.23  
 16 D	 41.23  
 17 L	 4.25  
 18 D	 45.48  
 19 L	 3.76  
 20 C	 3.64  
 21 N	 56.22  
 22 S	 22.45  
 23 T	 14.77  
 24 Q	 40.24  
 25 W	 9.67  
 26 Y	 10.80  
 27 N	 29.91  
 28 E	 29.73  
 29 H	 21.63  
 30 V	 6.26  
 31 Q	 40.79  
 32 P	 25.50  
 33 T	 24.16  
 34 N	 33.29  
 35 V	 2.32  
 36 C	 2.36  
 37 A	 19.10  
 38 G	 23.34  
 39 Y	 4.00  
 40 P	 27.71  
 41 V	 10.31  
 42 G	 19.39  
 43 K	 37.33  
 44 I	 4.33  
 45 D	 44.94  
 46 T	 15.36  
 47 C	 3.64  
 48 Q	 61.90  
 49 G	 32.95  
 50 D	 20.45  
 51 S	 53.10  
 52 G	 46.61  
 53 G	 19.00  
 54 P	 22.05  
 55 L	 7.71  
 56 M	 2.76  
 57 C	 6.12  
 58 K	 51.58  
 59 D	 61.07  
 60 S	 24.66  
 61 K	 66.86  
 62 E	 47.74  
 63 S	 30.61  
 64 A	 7.39  
 65 C	 3.12  
 66 V	 3.80  
 67 V	 3.08  
 68 V	 1.98  
 69 G	 13.07  
 70 I	 1.54  
 71 T	 16.70  
 72 S	 21.66  
 73 W	 9.24  
 74 G	 13.00  
 75 V	 4.65  
 76 G	 8.74  
 77 C	 1.84  
 78 A	 14.45  
 79 R	 44.72  
 80 A	 8.16  
 81 K	 54.28  
 82 R	 33.42  
 83 P	 32.59  
 84 G	 29.57  
 85 I	 2.83  
 86 Y	 9.02  
 87 T	 18.72  
 88 A	 7.24  
 89 T	 21.12  
 90 W	 4.15  
 91 P	 21.27  
 92 Y	 12.29  
 93 L	 3.62  
 94 N	 23.43  
 95 W	 5.73  
 96 I	 2.78  
 97 A	 9.08  
 98 S	 18.70  
 99 K	 41.90  
 100 I	 7.29  
 101 G	 20.70  
 102 S	 23.54  
 103 N	 37.47  
 104 A	 9.76  
 105 L	 4.46  
 106 R	 20.11  
 107 M	 3.21  
 108 I	 2.06  
 109 Q	 20.05  
 110 S	 24.16  
 111 A	 14.03  
 112 T	 41.39  
 113 P	 38.83  
 114 P	 43.05  
 115 P	 39.82  
 116 P	 52.77  
 117 T	 41.01  
 118 T	 47.13  
 119 R	 44.18  
 120 P	 36.61  
 121 P	 33.39  
 122 P	 37.59  
 123 I	 14.76  
 124 R	 38.32  
 125 P	 34.70  
 126 P	 33.26  
 127 F	 13.36  
 128 S	 29.93  
 129 H	 27.92  
 130 P	 27.15  
 131 L	 6.22  
 132 S	 20.35  
 133 A	 18.87  
 134 H	 29.11  
 135 L	 2.97  
 136 P	 17.54  
 137 W	 16.97  
 138 Y	 7.15  
 139 F	 8.53  
 140 Q	 33.62  
 141 P	 30.85  
 142 P	 27.09  
 143 P	 58.15  
 144 R	 51.68  
 145 P	 55.80  
 146 L	 10.87  
 147 P	 26.07  
 148 P	 69.92  
 149 R	 48.14  
 150 P	 28.76  
 151 P	 41.32  
 152 A	 22.78  
 153 A	 26.19  
 154 Q	 36.32  
 155 P	 46.12  
 156 R	 44.25  
 157 P	 52.41  
 158 P	 43.19  
 159 P	 63.25  
 160 S	 56.67  
 161 P	 51.71  
 162 P	 59.37  
 163 P	 58.37  
 164 P	 60.86  
 165 P	 60.86  
 166 P	 60.86  
 167 P	 60.24  
 168 P	 48.01  
 169 P	 55.12  
 170 S	 44.86  
 171 P	 55.44  
 172 L	 13.43  
 173 P	 42.61  
 174 P	 62.81  
 175 P	 52.68  
 176 P	 60.86  
 177 P	 60.86  
 178 P	 60.86  
 179 P	 53.96  
 180 P	 51.69  
 181 P	 63.82  
 182 T	 41.39  
 183 P	 31.86  
 184 S	 42.68  
 185 S	 41.10  
 186 T	 32.08  
 187 T	 32.31  
 188 K	 59.25  
 189 L	 3.44  
 190 P	 27.96  
 191 Q	 75.73  
 192 G	 22.73  
 193 L	 2.99  
 194 S	 29.95  
 195 F	 12.81  
 196 A	 7.84  
 197 K	 52.19  
 198 R	 34.01  
 199 L	 3.61  
 200 Q	 39.81  
 201 Q	 49.34  
 202 L	 2.02  
 203 I	 2.75  
 204 E	 50.84  
 205 V	 5.47  
 206 L	 3.82  
 207 K	 64.63  
 208 G	 24.31  
 209 K	 42.58  
 210 T	 36.61  
 211 Y	 14.30  
 212 S	 45.15  
 213 D	 62.77  
 214 G	 27.07  
 215 K	 45.61  
 216 N	 44.47  
 217 H	 24.37  
 218 Y	 26.78  
 219 D	 22.38  
 220 M	 3.77  
 221 E	 50.08  
 222 T	 20.94  
 223 T	 23.40  
 224 E	 70.51  
 225 L	 3.62  
 226 P	 28.46  
 227 E	 76.84  
 228 L	 4.29  
 229 T	 28.44  
 230 S	 39.00  
 231 T	 32.97  
 232 S	 37.68  
