 1 M	 7.46  
 2 K	 47.57  
 3 W	 8.99  
 4 M	 2.61  
 5 F	 8.34  
 6 K	 46.24  
 7 E	 50.09  
 8 D	 36.95  
 9 H	 35.06  
 10 S	 48.01  
 11 L	 6.04  
 12 E	 32.09  
 13 H	 33.46  
 14 R	 19.46  
 15 C	 4.26  
 16 V	 7.03  
 17 E	 48.91  
 18 S	 17.92  
 19 A	 9.59  
 20 K	 41.84  
 21 I	 5.32  
 22 R	 25.07  
 23 A	 21.14  
 24 K	 47.68  
 25 Y	 14.91  
 26 P	 23.40  
 27 D	 62.21  
 28 R	 30.09  
 29 V	 6.06  
 30 P	 15.83  
 31 V	 7.57  
 32 I	 2.44  
 33 V	 6.24  
 34 E	 36.29  
 35 K	 30.70  
 36 V	 5.05  
 37 S	 43.74  
 38 G	 26.93  
 39 S	 14.82  
 40 Q	 43.16  
 41 I	 3.00  
 42 V	 4.01  
 43 D	 45.02  
 44 I	 4.69  
 45 D	 40.00  
 46 K	 51.64  
 47 R	 29.15  
 48 K	 48.99  
 49 Y	 19.57  
 50 L	 5.25  
 51 V	 3.75  
 52 P	 24.56  
 53 S	 33.88  
 54 D	 34.21  
 55 I	 3.81  
 56 T	 18.12  
 57 V	 3.94  
 58 A	 6.56  
 59 Q	 25.13  
 60 F	 2.94  
 61 M	 1.34  
 62 W	 5.55  
 63 I	 1.14  
 64 I	 2.22  
 65 R	 17.05  
 66 K	 43.37  
 67 R	 16.43  
 68 I	 5.75  
 69 Q	 51.89  
 70 L	 4.72  
 71 P	 24.86  
 72 S	 61.39  
 73 E	 44.56  
 74 K	 51.63  
 75 A	 8.16  
 76 I	 4.58  
 77 F	 5.31  
 78 L	 3.14  
 79 F	 4.68  
 80 V	 8.85  
 81 D	 33.31  
 82 K	 46.23  
 83 T	 32.71  
 84 V	 5.10  
 85 P	 33.30  
 86 Q	 41.12  
 87 S	 22.65  
 88 S	 23.70  
 89 L	 4.65  
 90 T	 22.62  
 91 M	 3.80  
 92 G	 14.76  
 93 Q	 30.01  
 94 L	 5.03  
 95 Y	 19.64  
 96 E	 64.43  
 97 K	 57.41  
 98 E	 54.52  
 99 K	 76.97  
 100 D	 61.38  
 101 E	 71.72  
 102 D	 64.38  
 103 G	 16.65  
 104 F	 7.42  
 105 L	 4.04  
 106 Y	 4.83  
 107 V	 4.36  
 108 A	 4.53  
 109 Y	 13.73  
 110 S	 29.87  
 111 G	 21.35  
 112 E	 47.35  
 113 N	 44.21  
 114 T	 22.34  
 115 F	 16.55  
 116 G	 25.89  
 117 F	 8.70  
