 1 M	 11.65  
 2 S	 45.16  
 3 D	 62.37  
 4 N	 41.36  
 5 D	 64.35  
 6 D	 45.24  
 7 I	 7.72  
 8 E	 47.42  
 9 V	 9.73  
 10 E	 39.42  
 11 S	 56.34  
 12 D	 50.36  
 13 E	 68.74  
 14 E	 71.52  
 15 Q	 32.21  
 16 P	 42.19  
 17 R	 41.76  
 18 F	 9.53  
 19 Q	 33.18  
 20 S	 23.78  
 21 A	 14.64  
 22 A	 28.27  
 23 D	 40.46  
 24 K	 46.92  
 25 R	 39.43  
 26 A	 17.65  
 27 H	 20.83  
 28 H	 21.92  
 29 N	 36.03  
 30 A	 13.37  
 31 L	 8.75  
 32 E	 54.46  
 33 R	 38.33  
 34 K	 42.27  
 35 R	 56.32  
 36 R	 42.78  
 37 D	 52.47  
 38 H	 27.47  
 39 I	 6.59  
 40 K	 43.85  
 41 D	 56.80  
 42 S	 21.62  
 43 F	 6.95  
 44 H	 29.85  
 45 S	 24.08  
 46 L	 5.46  
 47 R	 36.85  
 48 D	 60.32  
 49 S	 29.50  
 50 V	 4.35  
 51 P	 33.02  
 52 S	 31.04  
 53 L	 6.58  
 54 Q	 63.44  
 55 G	 43.60  
 56 E	 32.27  
 57 K	 59.49  
 58 A	 10.43  
 59 S	 38.94  
 60 R	 35.06  
 61 A	 9.77  
 62 Q	 35.35  
 63 I	 5.40  
 64 L	 3.53  
 65 D	 39.92  
 66 K	 54.48  
 67 A	 12.82  
 68 T	 34.75  
 69 E	 45.56  
 70 Y	 6.75  
 71 I	 1.60  
 72 Q	 25.68  
 73 Y	 5.30  
 74 M	 1.59  
 75 R	 41.30  
 76 R	 27.83  
 77 K	 42.59  
 78 N	 43.40  
 79 H	 27.97  
 80 T	 30.67  
 81 H	 18.76  
 82 Q	 43.74  
 83 Q	 41.86  
 84 D	 39.45  
 85 I	 3.74  
 86 D	 64.58  
 87 D	 55.19  
 88 L	 4.34  
 89 K	 59.96  
 90 R	 42.13  
 91 Q	 37.65  
 92 N	 36.27  
 93 A	 12.75  
 94 L	 7.68  
 95 L	 5.33  
 96 E	 39.56  
 97 Q	 47.22  
 98 Q	 19.79  
 99 V	 3.75  
 100 R	 29.17  
 101 A	 22.63  
 102 L	 4.93  
 103 E	 43.62  
 104 K	 50.37  
 105 A	 13.76  
 106 R	 42.06  
 107 S	 34.58  
 108 S	 17.93  
 109 A	 18.49  
 110 Q	 35.73  
 111 L	 7.29  
 112 Q	 18.67  
 113 T	 45.36  
 114 N	 33.48  
 115 Y	 14.10  
 116 P	 29.44  
 117 S	 39.71  
 118 S	 35.99  
 119 D	 53.74  
 120 N	 35.54  
 121 S	 27.95  
 122 L	 8.40  
 123 Y	 9.58  
 124 T	 33.71  
 125 N	 26.54  
 126 A	 15.13  
 127 K	 56.30  
 128 G	 27.84  
 129 S	 23.12  
 130 T	 27.85  
 131 I	 2.75  
 132 S	 23.99  
 133 A	 11.60  
 134 F	 7.77  
 135 D	 61.33  
 136 G	 30.93  
 137 G	 30.08  
 138 S	 39.59  
 139 D	 56.67  
 140 S	 37.14  
 141 S	 43.02  
 142 S	 49.44  
 143 E	 62.15  
 144 S	 61.47  
 145 E	 53.32  
 146 P	 61.60  
 147 E	 77.56  
 148 E	 60.39  
 149 P	 35.47  
 150 Q	 60.18  
 151 S	 57.70  
 152 R	 34.58  
 153 K	 62.50  
 154 K	 39.97  
 155 L	 7.66  
 156 R	 29.76  
 157 M	 7.96  
 158 E	 39.05  
 159 A	 15.93  
 160 S	 27.70  
