 1 M	 10.20  
 2 A	 16.86  
 3 P	 43.23  
 4 A	 19.36  
 5 K	 51.39  
 6 K	 74.40  
 7 G	 49.11  
 8 G	 53.05  
 9 E	 71.07  
 10 K	 64.16  
 11 K	 57.04  
 12 K	 71.30  
 13 G	 37.34  
 14 R	 31.62  
 15 S	 42.01  
 16 A	 13.78  
 17 I	 4.81  
 18 N	 35.41  
 19 E	 32.05  
 20 V	 4.63  
 21 V	 3.22  
 22 T	 23.98  
 23 R	 24.26  
 24 E	 37.35  
 25 Y	 15.05  
 26 T	 11.64  
 27 I	 4.45  
 28 N	 23.63  
 29 I	 3.42  
 30 H	 14.62  
 31 K	 49.61  
 32 R	 16.39  
 33 I	 3.85  
 34 H	 28.99  
 35 G	 20.90  
 36 V	 5.15  
 37 G	 32.99  
 38 F	 8.61  
 39 K	 35.11  
 40 K	 52.08  
 41 R	 50.87  
 42 A	 13.55  
 43 P	 26.55  
 44 R	 52.12  
 45 A	 23.17  
 46 L	 5.59  
 47 K	 50.54  
 48 E	 49.21  
 49 I	 5.77  
 50 R	 29.18  
 51 K	 43.04  
 52 F	 6.04  
 53 A	 15.92  
 54 M	 4.20  
 55 K	 40.91  
 56 E	 29.75  
 57 M	 6.38  
 58 G	 34.88  
 59 T	 18.27  
 60 P	 32.16  
 61 D	 42.01  
 62 V	 6.43  
 63 R	 28.57  
 64 I	 6.78  
 65 D	 18.40  
 66 T	 34.38  
 67 R	 32.30  
 68 L	 9.29  
 69 N	 27.27  
 70 K	 49.24  
 71 A	 10.87  
 72 V	 5.65  
 73 W	 9.34  
 74 A	 8.13  
 75 K	 38.88  
 76 G	 19.15  
 77 I	 2.60  
 78 R	 46.92  
 79 N	 36.88  
 80 V	 2.94  
 81 P	 19.08  
 82 Y	 17.87  
 83 R	 12.27  
 84 I	 3.83  
 85 R	 9.86  
 86 V	 7.21  
 87 R	 19.66  
 88 L	 5.48  
 89 S	 25.78  
 90 R	 46.69  
 91 K	 57.08  
 92 R	 51.14  
 93 N	 65.19  
 94 E	 67.80  
 95 D	 69.43  
 96 E	 54.96  
 97 D	 80.06  
 98 S	 28.46  
 99 P	 55.06  
 100 N	 51.41  
 101 K	 46.37  
 102 L	 5.12  
 103 Y	 10.31  
 104 T	 25.78  
 105 L	 1.39  
 106 V	 2.53  
 107 T	 23.16  
 108 Y	 8.69  
 109 V	 1.93  
 110 P	 13.81  
 111 V	 5.85  
 112 T	 22.05  
 113 T	 32.61  
 114 F	 3.45  
 115 K	 55.44  
 116 N	 32.94  
 117 L	 4.68  
 118 Q	 53.44  
 119 T	 19.74  
 120 V	 4.19  
 121 N	 38.62  
 122 V	 9.44  
 123 D	 44.51  
 124 E	 61.63  
 125 N	 53.37  
