 1 M	 9.59  
 2 A	 31.34  
 3 D	 31.88  
 4 P	 17.93  
 5 A	 26.12  
 6 A	 36.09  
 7 G	 37.04  
 8 P	 32.66  
 9 P	 44.10  
 10 P	 48.42  
 11 S	 65.10  
 12 E	 76.13  
 13 G	 48.59  
 14 E	 44.73  
 15 E	 63.67  
 16 S	 28.09  
 17 T	 20.98  
 18 V	 7.06  
 19 R	 21.42  
 20 F	 7.20  
 21 A	 11.17  
 22 R	 34.92  
 23 K	 45.14  
 24 G	 25.04  
 25 A	 11.56  
 26 L	 8.98  
 27 R	 44.91  
 28 Q	 42.39  
 29 K	 55.28  
 30 N	 31.85  
 31 V	 5.40  
 32 H	 43.45  
 33 E	 51.40  
 34 V	 4.55  
 35 K	 50.80  
 36 N	 49.08  
 37 H	 22.38  
 38 K	 54.53  
 39 F	 5.13  
 40 T	 23.02  
 41 A	 14.93  
 42 R	 34.18  
 43 F	 9.22  
 44 F	 6.31  
 45 K	 53.29  
 46 Q	 36.79  
 47 P	 28.21  
 48 T	 34.48  
 49 F	 5.25  
 50 C	 2.74  
 51 S	 19.87  
 52 H	 21.48  
 53 C	 1.93  
 54 T	 28.64  
 55 D	 38.13  
 56 F	 2.45  
 57 I	 3.81  
 58 W	 8.96  
 59 G	 19.33  
 60 F	 7.12  
 61 G	 19.89  
 62 K	 45.01  
 63 Q	 59.31  
 64 G	 20.34  
 65 F	 6.43  
 66 Q	 24.45  
 67 C	 2.82  
 68 Q	 22.09  
 69 V	 3.95  
 70 C	 0.39  
 71 C	 2.81  
 72 F	 5.63  
 73 V	 2.48  
 74 V	 1.90  
 75 H	 13.41  
 76 K	 45.14  
 77 R	 16.49  
 78 C	 4.26  
 79 H	 35.25  
 80 E	 45.50  
 81 F	 2.53  
 82 V	 4.87  
 83 T	 18.36  
 84 F	 6.26  
 85 S	 15.27  
 86 C	 2.92  
 87 P	 39.55  
 88 G	 51.22  
 89 A	 10.65  
 90 D	 63.46  
 91 K	 67.28  
 92 G	 24.45  
 93 P	 34.04  
 94 A	 33.97  
 95 S	 45.76  
 96 D	 72.53  
 97 D	 37.71  
 98 P	 47.65  
 99 R	 66.39  
 100 S	 44.49  
 101 K	 52.69  
 102 H	 41.87  
 103 K	 52.68  
 104 F	 10.06  
 105 K	 38.08  
 106 I	 3.10  
 107 H	 21.24  
 108 T	 28.68  
 109 Y	 7.93  
 110 S	 30.88  
 111 S	 19.97  
 112 P	 24.45  
 113 T	 38.55  
 114 F	 5.38  
 115 C	 3.72  
 116 D	 35.60  
 117 H	 21.01  
 118 C	 2.24  
 119 G	 20.22  
 120 S	 22.16  
 121 L	 2.31  
 122 L	 3.23  
 123 Y	 18.38  
 124 G	 20.37  
 125 L	 1.67  
 126 I	 1.66  
 127 H	 24.16  
 128 Q	 46.83  
 129 G	 11.89  
 130 M	 2.92  
 131 K	 35.46  
 132 C	 3.77  
 133 D	 37.11  
 134 T	 16.27  
 135 C	 1.23  
 136 M	 2.08  
 137 M	 5.29  
 138 N	 13.08  
 139 V	 2.83  
 140 H	 13.57  
 141 K	 43.12  
 142 R	 11.91  
 143 C	 3.98  
 144 V	 3.48  
 145 M	 4.85  
 146 N	 23.35  
 147 V	 1.51  
 148 P	 19.31  
 149 S	 31.82  
 150 L	 2.27  
 151 C	 6.91  
 152 G	 39.20  
 153 T	 24.50  
 154 D	 31.81  
 155 H	 29.48  
 156 T	 33.72  
 157 E	 36.64  
 158 R	 47.73  
 159 R	 32.29  
 160 G	 26.93  
 161 R	 19.41  
 162 I	 3.86  
 163 Y	 5.89  
 164 I	 2.44  
 165 Q	 15.20  
 166 A	 7.64  
 167 H	 13.20  
 168 I	 6.31  
 169 D	 30.71  
 170 R	 35.01  
 171 E	 37.62  
 172 V	 4.62  
 173 L	 1.79  
 174 I	 2.39  
 175 V	 2.59  
 176 V	 2.01  
 177 V	 2.95  
 178 R	 26.93  
 179 D	 50.73  
 180 A	 7.65  
 181 K	 55.92  
 182 N	 48.25  
 183 L	 4.51  
 184 V	 5.29  
 185 P	 25.32  
 186 M	 11.88  
 187 D	 27.69  
 188 P	 30.45  
 189 N	 60.83  
 190 G	 31.76  
 191 L	 7.15  
 192 S	 37.63  
 193 D	 43.52  
 194 P	 32.23  
 195 Y	 18.40  
 196 V	 7.72  
 197 K	 33.78  
 198 L	 3.78  
 199 K	 38.36  
 200 L	 11.29  
 201 I	 3.30  
 202 P	 63.39  
 203 D	 57.15  
 204 P	 36.40  
 205 K	 74.39  
 206 S	 53.11  
 207 E	 68.99  
 208 S	 47.69  
 209 K	 52.33  
 210 Q	 68.85  
 211 K	 56.58  
 212 T	 30.81  
 213 K	 56.12  
 214 T	 30.79  
 215 I	 4.52  
 216 K	 24.01  
 217 C	 5.03  
 218 S	 26.61  
 219 L	 20.34  
 220 N	 19.02  
 221 P	 53.96  
 222 E	 62.96  
 223 W	 14.82  
 224 N	 36.45  
 225 E	 50.85  
 226 T	 19.52  
 227 F	 6.33  
 228 R	 26.31  
 229 F	 9.72  
 230 Q	 47.58  
 231 L	 6.46  
 232 K	 44.37  
 233 E	 73.15  
 234 S	 48.66  
 235 D	 58.95  
 236 K	 63.51  
 237 D	 46.02  
 238 R	 47.37  
 239 R	 41.26  
 240 L	 7.57  
 241 S	 18.85  
 242 V	 7.97  
 243 E	 34.68  
 244 I	 3.66  
 245 W	 6.27  
 246 D	 34.37  
 247 W	 6.37  
 248 D	 37.28  
 249 L	 4.00  
 250 T	 24.14  
 251 S	 36.06  
 252 R	 41.31  
 253 N	 46.79  
 254 D	 33.52  
 255 F	 7.34  
 256 M	 3.88  
 257 G	 25.98  
 258 S	 14.73  
 259 L	 3.99  
 260 S	 24.11  
 261 F	 14.12  
 262 G	 21.09  
 263 I	 2.45  
 264 S	 32.41  
 265 E	 53.98  
 266 L	 5.16  
 267 Q	 29.51  
 268 K	 60.78  
 269 A	 15.41  
 270 G	 25.69  
 271 V	 8.01  
 272 D	 47.92  
 273 G	 29.34  
 274 W	 5.24  
 275 F	 4.96  
 276 K	 41.85  
 277 L	 3.96  
 278 L	 5.24  
 279 S	 46.08  
 280 Q	 53.37  
 281 E	 65.67  
 282 E	 50.08  
 283 G	 33.87  
 284 E	 50.67  
 285 Y	 16.00  
 286 F	 6.90  
 287 N	 35.96  
 288 V	 3.47  
 289 P	 33.72  
 290 V	 12.29  
 291 P	 18.36  
 292 P	 59.83  
 293 E	 70.09  
 294 G	 36.45  
 295 S	 40.44  
 296 E	 76.52  
 297 G	 48.85  
 298 N	 35.20  
 299 E	 70.08  
 300 E	 53.93  
 301 L	 5.99  
 302 R	 40.71  
 303 Q	 68.37  
 304 K	 42.64  
 305 F	 6.09  
 306 E	 59.78  
 307 R	 44.29  
 308 A	 10.71  
 309 K	 54.30  
 310 I	 4.93  
 311 G	 21.11  
 312 Q	 60.91  
 313 G	 24.78  
 314 T	 19.02  
 315 K	 69.62  
 316 A	 19.30  
 317 P	 52.41  
 318 E	 76.59  
 319 E	 55.43  
 320 K	 51.80  
 321 T	 28.55  
 322 A	 23.41  
 323 N	 43.08  
 324 T	 24.94  
 325 I	 4.18  
 326 S	 25.82  
 327 K	 53.54  
 328 F	 10.97  
 329 D	 51.96  
 330 N	 62.53  
 331 N	 51.46  
 332 G	 36.48  
 333 N	 44.81  
 334 R	 34.02  
 335 D	 60.05  
 336 R	 22.39  
 337 M	 4.96  
 338 K	 49.48  
 339 L	 3.98  
 340 T	 32.78  
 341 D	 47.10  
 342 F	 6.16  
 343 N	 31.77  
 344 F	 4.74  
 345 L	 2.14  
 346 M	 1.73  
 347 V	 7.48  
 348 L	 3.50  
 349 G	 22.37  
 350 K	 47.42  
 351 G	 26.80  
 352 S	 34.02  
 353 F	 17.48  
 354 G	 24.28  
 355 K	 23.59  
 356 V	 4.83  
 357 M	 3.77  
 358 L	 5.57  
 359 S	 19.77  
 360 E	 55.22  
 361 R	 39.05  
 362 K	 63.21  
 363 G	 44.62  
 364 T	 29.36  
 365 D	 53.20  
 366 E	 43.44  
 367 L	 3.56  
 368 Y	 13.80  
 369 A	 14.57  
 370 V	 2.21  
 371 K	 33.86  
 372 I	 5.68  
 373 L	 4.71  
 374 K	 50.86  
 375 K	 52.92  
 376 D	 38.03  
 377 V	 5.84  
 378 V	 4.70  
 379 I	 3.60  
 380 Q	 36.15  
 381 D	 42.84  
 382 D	 45.54  
 383 D	 46.54  
 384 V	 9.29  
 385 E	 31.12  
 386 C	 2.74  
 387 T	 15.67  
 388 M	 5.76  
 389 V	 4.17  
 390 E	 25.07  
 391 K	 36.07  
 392 R	 18.38  
 393 V	 5.63  
 394 L	 4.74  
 395 A	 14.62  
 396 L	 5.13  
 397 P	 43.06  
 398 G	 56.82  
 399 K	 47.80  
 400 P	 30.69  
 401 P	 40.12  
 402 F	 18.29  
 403 L	 3.53  
 404 T	 29.48  
 405 Q	 39.05  
 406 L	 2.43  
 407 H	 16.83  
 408 S	 25.81  
 409 C	 1.72  
 410 F	 8.31  
 411 Q	 40.00  
 412 T	 10.78  
 413 M	 1.64  
 414 D	 40.60  
 415 R	 22.06  
 416 L	 3.20  
 417 Y	 8.60  
 418 F	 5.09  
 419 V	 1.47  
 420 M	 1.89  
 421 E	 40.82  
 422 Y	 4.90  
 423 V	 3.23  
 424 N	 48.07  
 425 G	 22.43  
 426 G	 21.48  
 427 D	 29.66  
 428 L	 4.09  
 429 M	 2.45  
 430 Y	 11.76  
 431 H	 9.45  
 432 I	 1.36  
 433 Q	 20.70  
 434 Q	 38.74  
 435 V	 3.22  
 436 G	 25.60  
 437 R	 40.38  
 438 F	 9.63  
 439 K	 69.81  
 440 E	 39.34  
 441 P	 22.71  
 442 H	 35.30  
 443 A	 12.11  
 444 V	 3.24  
 445 F	 3.40  
 446 Y	 9.78  
 447 A	 6.27  
 448 A	 9.43  
 449 E	 25.45  
 450 I	 2.65  
 451 A	 4.94  
 452 I	 6.39  
 453 G	 13.86  
 454 L	 1.93  
 455 F	 4.91  
 456 F	 7.94  
 457 L	 4.38  
 458 Q	 37.63  
 459 S	 34.69  
 460 K	 40.96  
 461 G	 19.44  
 462 I	 2.62  
 463 I	 2.92  
 464 Y	 8.99  
 465 R	 32.17  
 466 D	 31.05  
 467 L	 4.37  
 468 K	 59.07  
 469 L	 8.23  
 470 D	 44.05  
 471 N	 31.38  
 472 V	 3.93  
 473 M	 4.28  
 474 L	 5.96  
 475 D	 26.92  
 476 S	 41.33  
 477 E	 55.23  
 478 G	 31.60  
 479 H	 17.70  
 480 I	 5.19  
 481 K	 26.60  
 482 I	 4.38  
 483 A	 10.90  
 484 D	 44.07  
 485 F	 5.05  
 486 G	 22.56  
 487 M	 2.73  
 488 C	 5.24  
 489 K	 44.92  
 490 E	 49.36  
 491 N	 26.58  
 492 I	 3.58  
 493 W	 14.11  
 494 D	 37.58  
 495 G	 12.04  
 496 V	 5.95  
 497 T	 28.27  
 498 T	 26.19  
 499 K	 30.18  
 500 T	 23.28  
 501 F	 3.74  
 502 C	 7.79  
 503 G	 35.77  
 504 T	 17.73  
 505 P	 20.07  
 506 D	 47.51  
 507 Y	 10.53  
 508 I	 7.22  
 509 A	 6.88  
 510 P	 24.62  
 511 E	 37.70  
 512 I	 1.81  
 513 I	 2.52  
 514 A	 11.54  
 515 Y	 10.30  
 516 Q	 18.73  
 517 P	 27.45  
 518 Y	 22.97  
 519 G	 23.57  
 520 K	 41.27  
 521 S	 22.42  
 522 V	 8.99  
 523 D	 42.14  
 524 W	 6.02  
 525 W	 4.18  
 526 A	 6.25  
 527 F	 4.34  
 528 G	 11.04  
 529 V	 2.41  
 530 L	 4.28  
 531 L	 2.94  
 532 Y	 8.64  
 533 E	 27.91  
 534 M	 1.64  
 535 L	 3.02  
 536 A	 13.52  
 537 G	 21.88  
 538 Q	 40.01  
 539 A	 15.16  
 540 P	 21.67  
 541 F	 24.58  
 542 E	 61.69  
 543 G	 48.29  
 544 E	 51.54  
 545 D	 78.49  
 546 E	 49.43  
 547 D	 70.94  
 548 E	 49.81  
 549 L	 7.97  
 550 F	 5.14  
 551 Q	 44.68  
 552 S	 19.30  
 553 I	 2.33  
 554 M	 5.33  
 555 E	 30.55  
 556 H	 19.38  
 557 N	 13.55  
 558 V	 6.11  
 559 A	 21.89  
 560 Y	 13.60  
 561 P	 16.71  
 562 K	 46.22  
 563 S	 24.63  
 564 M	 9.18  
 565 S	 34.14  
 566 K	 40.84  
 567 E	 40.86  
 568 A	 10.36  
 569 V	 3.75  
 570 A	 14.44  
 571 I	 1.68  
 572 C	 1.74  
 573 K	 49.30  
 574 G	 19.10  
 575 L	 2.11  
 576 M	 6.81  
 577 T	 31.10  
 578 K	 33.56  
 579 H	 27.46  
 580 P	 52.11  
 581 G	 27.69  
 582 K	 49.23  
 583 R	 42.08  
 584 L	 8.30  
 585 G	 20.54  
 586 C	 11.00  
 587 G	 22.84  
 588 P	 50.96  
 589 E	 59.99  
 590 G	 38.07  
 591 E	 45.58  
 592 R	 62.91  
 593 D	 52.59  
 594 I	 7.65  
 595 K	 47.97  
 596 E	 40.56  
 597 H	 23.88  
 598 A	 13.33  
 599 F	 3.75  
 600 F	 6.34  
 601 R	 22.50  
 602 Y	 9.70  
 603 I	 4.29  
 604 D	 38.25  
 605 W	 8.61  
 606 E	 43.97  
 607 K	 51.93  
 608 L	 5.36  
 609 E	 73.16  
 610 R	 52.95  
 611 K	 50.20  
 612 E	 53.75  
 613 I	 9.27  
 614 Q	 33.72  
 615 P	 39.59  
 616 P	 33.14  
 617 Y	 46.75  
 618 K	 45.90  
 619 P	 24.51  
 620 K	 52.75  
 621 A	 14.99  
 622 C	 7.03  
 623 G	 30.64  
 624 R	 38.78  
 625 N	 36.57  
 626 A	 16.26  
 627 E	 63.08  
 628 N	 41.53  
 629 F	 5.55  
 630 D	 59.04  
 631 R	 25.17  
 632 F	 8.69  
 633 F	 6.46  
 634 T	 25.92  
 635 R	 34.85  
 636 H	 28.14  
 637 P	 19.87  
 638 P	 27.85  
 639 V	 12.54  
 640 L	 7.99  
 641 T	 32.77  
 642 P	 26.72  
 643 P	 51.16  
 644 D	 59.48  
 645 Q	 53.26  
 646 E	 47.49  
 647 V	 4.07  
 648 I	 2.48  
 649 R	 38.95  
 650 N	 30.94  
 651 I	 3.51  
 652 D	 49.88  
 653 Q	 40.85  
 654 S	 40.27  
 655 E	 41.93  
 656 F	 15.67  
 657 E	 56.10  
 658 G	 28.90  
 659 F	 3.94  
 660 S	 38.86  
 661 F	 5.87  
 662 V	 8.15  
 663 N	 33.54  
 664 S	 25.15  
 665 E	 50.20  
 666 F	 12.18  
 667 L	 8.75  
 668 K	 44.44  
 669 P	 54.48  
 670 E	 62.07  
 671 V	 11.35  
 672 K	 49.11  
 673 S	 51.10  
