 1 M	 5.30  
 2 A	 16.60  
 3 A	 20.55  
 4 A	 6.28  
 5 P	 26.58  
 6 Q	 56.30  
 7 A	 13.88  
 8 P	 27.97  
 9 G	 49.99  
 10 R	 30.39  
 11 G	 36.63  
 12 S	 24.52  
 13 L	 7.88  
 14 R	 39.74  
 15 K	 54.93  
 16 T	 30.96  
 17 R	 26.12  
 18 P	 34.44  
 19 L	 6.61  
 20 V	 4.62  
 21 V	 8.04  
 22 K	 25.56  
 23 T	 27.17  
 24 S	 24.31  
 25 L	 9.69  
 26 N	 47.39  
 27 N	 35.72  
 28 P	 22.19  
 29 Y	 15.88  
 30 I	 1.49  
 31 I	 2.81  
 32 R	 16.25  
 33 W	 4.23  
 34 S	 17.09  
 35 A	 14.37  
 36 L	 6.58  
 37 E	 52.37  
 38 S	 39.48  
 39 E	 50.40  
 40 D	 45.17  
 41 M	 2.14  
 42 H	 20.93  
 43 F	 4.84  
 44 I	 1.37  
 45 L	 2.88  
 46 Q	 38.94  
 47 T	 28.77  
 48 L	 4.09  
 49 E	 44.46  
 50 D	 65.41  
 51 R	 28.81  
 52 L	 7.32  
 53 K	 38.56  
 54 A	 12.98  
 55 I	 5.60  
 56 G	 27.24  
 57 L	 3.71  
 58 Q	 39.19  
 59 K	 53.78  
 60 I	 5.51  
 61 E	 71.46  
 62 D	 72.11  
 63 K	 54.42  
 64 K	 79.77  
 65 K	 68.28  
 66 K	 72.98  
 67 N	 63.41  
 68 K	 67.46  
 69 T	 28.77  
 70 P	 33.89  
 71 F	 22.10  
 72 L	 9.02  
 73 K	 55.67  
 74 K	 64.17  
 75 E	 54.14  
 76 S	 55.40  
 77 R	 48.78  
 78 E	 68.63  
 79 K	 31.97  
 80 C	 2.81  
 81 S	 25.34  
 82 I	 6.41  
 83 A	 4.07  
 84 V	 6.82  
 85 D	 29.67  
 86 I	 4.47  
 87 S	 18.90  
 88 E	 67.90  
 89 N	 50.01  
 90 L	 7.14  
 91 K	 78.17  
 92 E	 64.05  
 93 K	 60.43  
 94 K	 53.37  
 95 T	 52.86  
 96 D	 61.72  
 97 A	 19.45  
 98 K	 44.03  
 99 Q	 51.10  
 100 Q	 30.54  
 101 V	 5.46  
 102 S	 25.03  
 103 G	 33.16  
 104 W	 7.54  
 105 T	 17.70  
 106 P	 17.54  
 107 A	 13.36  
 108 H	 22.55  
 109 V	 9.94  
 110 R	 15.90  
 111 K	 48.88  
 112 Q	 26.09  
 113 L	 4.15  
 114 A	 8.26  
 115 I	 9.58  
 116 G	 15.59  
 117 V	 4.51  
 118 N	 32.57  
 119 E	 42.74  
 120 V	 3.56  
 121 T	 12.21  
 122 R	 42.21  
 123 A	 12.38  
 124 L	 4.79  
 125 E	 49.02  
 126 R	 37.92  
 127 R	 29.55  
 128 E	 50.41  
 129 L	 4.20  
 130 L	 2.39  
 131 L	 4.35  
 132 V	 3.67  
 133 L	 3.64  
 134 V	 2.77  
 135 C	 2.08  
 136 K	 51.29  
 137 S	 30.19  
 138 V	 5.42  
 139 K	 33.86  
 140 P	 25.55  
 141 A	 9.04  
 142 M	 4.69  
 143 I	 3.77  
 144 T	 9.30  
 145 S	 12.84  
 146 H	 20.50  
 147 L	 2.40  
 148 I	 3.03  
 149 Q	 31.21  
 150 L	 4.39  
 151 S	 14.13  
 152 L	 7.20  
 153 S	 21.09  
 154 R	 47.14  
 155 S	 29.13  
 156 V	 3.19  
 157 P	 28.68  
 158 A	 8.33  
 159 C	 3.24  
 160 Q	 50.81  
 161 V	 2.75  
 162 P	 12.96  
 163 R	 52.57  
 164 L	 5.23  
 165 S	 26.55  
 166 E	 53.34  
 167 R	 27.30  
 168 I	 4.45  
 169 A	 9.87  
 170 P	 18.85  
 171 V	 3.91  
 172 I	 5.35  
 173 G	 21.22  
 174 L	 2.39  
 175 K	 19.65  
 176 C	 3.49  
 177 V	 3.15  
 178 L	 4.54  
 179 A	 4.04  
 180 L	 5.14  
 181 A	 14.49  
 182 F	 13.89  
 183 K	 39.23  
 184 K	 53.74  
 185 N	 49.12  
 186 T	 36.30  
 187 T	 36.51  
 188 D	 39.26  
 189 F	 7.58  
 190 V	 7.35  
 191 D	 48.98  
 192 E	 28.71  
 193 V	 4.30  
 194 R	 20.30  
 195 A	 14.83  
 196 I	 2.89  
 197 I	 1.41  
 198 P	 25.71  
 199 R	 42.44  
 200 V	 2.95  
 201 P	 30.72  
 202 S	 30.35  
 203 L	 4.98  
 204 S	 30.39  
 205 V	 4.84  
 206 P	 23.76  
 207 W	 12.42  
 208 L	 2.88  
 209 Q	 33.78  
 210 D	 51.89  
 211 R	 22.64  
 212 I	 10.43  
 213 E	 47.20  
 214 D	 60.62  
 215 S	 34.91  
 216 G	 39.88  
 217 E	 63.69  
 218 N	 46.86  
 219 L	 8.19  
 220 E	 63.81  
 221 T	 46.17  
 222 E	 38.21  
 223 P	 49.17  
 224 L	 8.89  
 225 E	 58.00  
 226 S	 45.09  
 227 Q	 44.39  
 228 D	 56.13  
 229 R	 28.91  
 230 E	 63.07  
 231 L	 5.66  
 232 L	 6.06  
 233 D	 53.59  
 234 T	 34.97  
 235 S	 26.72  
 236 F	 10.33  
 237 E	 58.78  
 238 D	 54.99  
 239 L	 5.81  
 240 S	 60.27  
 241 K	 62.95  
 242 P	 38.00  
 243 K	 66.94  
 244 R	 47.98  
 245 K	 54.90  
 246 L	 6.45  
 247 A	 21.90  
 248 D	 64.34  
 249 G	 20.28  
 250 R	 29.46  
 251 Q	 43.44  
 252 A	 12.47  
 253 S	 13.80  
 254 V	 7.50  
 255 T	 19.72  
 256 L	 4.65  
 257 Q	 31.73  
 258 P	 38.44  
 259 L	 6.05  
 260 K	 60.19  
 261 I	 6.66  
 262 K	 39.68  
 263 K	 55.94  
 264 L	 7.17  
 265 I	 4.21  
 266 P	 61.74  
 267 N	 45.87  
 268 P	 37.83  
 269 N	 60.05  
 270 K	 45.18  
 271 I	 9.70  
 272 R	 47.22  
 273 K	 69.97  
 274 P	 31.53  
 275 P	 57.50  
 276 K	 81.22  
 277 S	 45.20  
 278 K	 53.18  
 279 K	 65.66  
 280 A	 32.63  
 281 T	 40.25  
 282 P	 45.26  
 283 K	 69.49  
