 1 M	 10.78  
 2 R	 59.03  
 3 E	 59.79  
 4 D	 36.88  
 5 H	 34.64  
 6 S	 32.21  
 7 P	 35.51  
 8 R	 57.90  
 9 R	 44.10  
 10 N	 51.80  
 11 N	 40.39  
 12 T	 32.96  
 13 I	 4.11  
 14 E	 41.97  
 15 N	 36.22  
 16 T	 23.44  
 17 L	 5.44  
 18 T	 23.65  
 19 E	 51.96  
 20 L	 8.97  
 21 L	 2.62  
 22 P	 36.20  
 23 N	 46.70  
 24 R	 28.91  
 25 L	 5.44  
 26 Y	 8.49  
 27 F	 8.99  
 28 G	 9.90  
 29 C	 3.53  
 30 F	 7.20  
 31 P	 56.36  
 32 N	 27.17  
 33 P	 32.42  
 34 D	 63.90  
 35 A	 17.09  
 36 I	 10.00  
 37 D	 46.24  
 38 K	 55.21  
 39 S	 46.66  
 40 D	 53.65  
 41 K	 65.33  
 42 S	 44.13  
 43 V	 10.18  
 44 K	 49.83  
 45 K	 48.66  
 46 T	 13.61  
 47 C	 4.41  
 48 F	 6.08  
 49 I	 5.71  
 50 N	 15.64  
 51 I	 5.27  
 52 N	 40.94  
 53 N	 44.57  
 54 K	 29.09  
 55 F	 8.90  
 56 H	 27.88  
 57 Y	 28.56  
 58 E	 21.99  
 59 P	 29.92  
 60 F	 7.53  
 61 Y	 25.88  
 62 E	 47.44  
 63 D	 42.28  
 64 F	 9.40  
 65 G	 38.34  
 66 P	 19.44  
 67 W	 20.83  
 68 N	 26.10  
 69 L	 3.11  
 70 S	 13.58  
 71 V	 6.49  
 72 L	 1.53  
 73 Y	 10.20  
 74 R	 19.90  
 75 L	 1.80  
 76 C	 1.17  
 77 V	 6.47  
 78 Q	 36.93  
 79 V	 3.49  
 80 G	 9.59  
 81 K	 51.55  
 82 L	 3.97  
 83 L	 8.69  
 84 E	 59.32  
 85 V	 13.36  
 86 E	 48.72  
 87 E	 59.97  
 88 K	 42.01  
 89 R	 38.38  
 90 S	 35.19  
 91 R	 39.17  
 92 R	 24.92  
 93 V	 4.22  
 94 V	 3.00  
 95 L	 3.04  
 96 F	 2.07  
 97 C	 3.66  
 98 Q	 44.49  
 99 D	 58.45  
 100 D	 30.58  
 101 G	 39.78  
 102 T	 28.27  
 103 G	 29.58  
 104 Q	 42.99  
 105 Y	 22.13  
 106 D	 31.83  
 107 K	 27.72  
 108 I	 5.62  
 109 R	 22.75  
 110 V	 9.45  
 111 N	 14.78  
 112 T	 19.26  
 113 A	 6.29  
 114 Y	 8.31  
 115 V	 3.54  
 116 L	 1.80  
 117 G	 11.35  
 118 A	 7.56  
 119 Y	 9.17  
 120 L	 1.58  
 121 I	 1.47  
 122 I	 1.62  
 123 Y	 8.80  
 124 Q	 35.73  
 125 G	 11.08  
 126 F	 3.00  
 127 S	 37.30  
 128 A	 19.21  
 129 D	 39.62  
 130 D	 36.51  
 131 A	 16.47  
 132 Y	 17.66  
 133 L	 4.78  
 134 K	 27.65  
 135 V	 5.20  
 136 S	 30.91  
 137 S	 43.57  
 138 G	 27.39  
 139 E	 52.99  
 140 T	 32.30  
 141 V	 3.84  
 142 K	 41.57  
 143 F	 5.89  
 144 V	 6.16  
 145 G	 18.27  
 146 F	 5.55  
 147 R	 32.43  
 148 D	 40.51  
 149 A	 9.36  
 150 S	 28.15  
 151 M	 7.07  
 152 G	 33.41  
 153 S	 10.53  
 154 P	 22.55  
 155 Q	 43.11  
 156 Y	 18.02  
 157 L	 1.73  
 158 L	 3.26  
 159 H	 20.65  
 160 L	 3.58  
 161 H	 16.64  
 162 D	 47.72  
 163 V	 2.46  
 164 L	 5.31  
 165 R	 43.84  
 166 G	 28.39  
 167 I	 3.87  
 168 E	 34.79  
 169 K	 58.03  
 170 A	 11.82  
 171 L	 7.56  
 172 K	 46.84  
 173 F	 9.87  
 174 G	 23.58  
 175 W	 8.90  
 176 L	 4.95  
 177 D	 34.20  
 178 F	 7.66  
 179 S	 36.71  
 180 D	 40.19  
 181 F	 11.89  
 182 D	 55.73  
 183 Y	 15.62  
 184 E	 56.82  
 185 E	 44.10  
 186 Y	 10.21  
 187 E	 45.06  
 188 F	 8.21  
 189 Y	 7.29  
 190 E	 56.42  
 191 R	 29.66  
 192 V	 4.47  
 193 E	 62.81  
 194 N	 53.10  
 195 G	 27.64  
 196 D	 45.33  
 197 F	 9.64  
 198 N	 33.50  
 199 W	 7.00  
 200 I	 2.60  
 201 I	 2.51  
 202 P	 28.97  
 203 G	 21.16  
 204 K	 34.81  
 205 I	 4.89  
 206 L	 3.51  
 207 S	 23.20  
 208 F	 5.11  
 209 C	 8.13  
 210 G	 25.21  
 211 P	 28.45  
 212 H	 35.65  
 213 N	 52.66  
 214 E	 48.41  
 215 S	 50.76  
 216 R	 49.41  
 217 E	 66.16  
 218 E	 55.64  
 219 N	 51.01  
 220 G	 28.24  
 221 Y	 16.52  
 222 P	 18.81  
 223 Y	 11.35  
 224 H	 26.70  
 225 A	 8.99  
 226 P	 20.49  
 227 D	 48.83  
 228 V	 5.09  
 229 Y	 9.71  
 230 F	 6.53  
 231 D	 24.79  
 232 Y	 8.47  
 233 F	 9.45  
 234 R	 40.11  
 235 E	 52.05  
 236 N	 45.86  
 237 K	 32.58  
 238 V	 10.34  
 239 S	 17.64  
 240 T	 26.86  
 241 I	 1.01  
 242 V	 6.04  
 243 R	 20.55  
 244 L	 5.18  
 245 N	 38.00  
 246 A	 13.18  
 247 K	 55.77  
 248 N	 37.19  
 249 Y	 16.51  
 250 D	 54.48  
 251 A	 12.31  
 252 S	 25.96  
 253 K	 59.79  
 254 F	 8.63  
 255 T	 24.58  
 256 K	 50.04  
 257 A	 22.34  
 258 G	 30.03  
 259 F	 7.59  
 260 D	 39.73  
 261 H	 16.84  
 262 V	 8.02  
 263 D	 34.05  
 264 L	 3.52  
 265 F	 4.34  
 266 F	 6.91  
 267 I	 4.61  
 268 D	 39.57  
 269 G	 28.71  
 270 S	 33.14  
 271 T	 32.13  
 272 P	 41.29  
 273 S	 48.22  
 274 D	 51.12  
 275 E	 34.34  
 276 I	 4.74  
 277 M	 2.91  
 278 L	 5.14  
 279 K	 27.88  
 280 F	 6.02  
 281 I	 2.94  
 282 K	 39.06  
 283 V	 5.82  
 284 V	 3.89  
 285 D	 61.13  
 286 N	 31.89  
 287 T	 26.97  
 288 K	 60.98  
 289 G	 33.49  
 290 G	 13.03  
 291 V	 7.39  
 292 A	 6.65  
 293 V	 5.17  
 294 H	 9.53  
 295 C	 2.31  
 296 K	 30.52  
 297 A	 24.68  
 298 G	 17.73  
 299 L	 5.12  
 300 G	 24.96  
 301 R	 34.72  
 302 T	 32.49  
 303 G	 19.70  
 304 T	 17.87  
 305 L	 2.18  
 306 I	 2.74  
 307 A	 5.52  
 308 C	 1.57  
 309 W	 4.85  
 310 M	 2.50  
 311 M	 0.98  
 312 K	 31.51  
 313 E	 27.26  
 314 Y	 16.36  
 315 G	 20.04  
 316 L	 2.65  
 317 T	 28.40  
 318 A	 19.48  
 319 G	 24.33  
 320 E	 20.90  
 321 C	 2.75  
 322 M	 3.62  
 323 G	 31.74  
 324 W	 1.58  
 325 L	 2.14  
 326 R	 20.98  
 327 V	 2.80  
 328 C	 3.34  
 329 R	 35.44  
 330 P	 33.99  
 331 G	 18.39  
 332 S	 17.16  
 333 V	 7.90  
 334 I	 7.74  
 335 G	 16.29  
 336 P	 20.64  
 337 Q	 52.23  
 338 Q	 31.57  
 339 P	 22.20  
 340 Y	 18.90  
 341 L	 5.33  
 342 I	 5.25  
 343 E	 47.00  
 344 K	 52.36  
 345 Q	 31.13  
 346 K	 54.26  
 347 F	 4.84  
 348 C	 2.88  
 349 W	 12.87  
 350 S	 21.23  
 351 L	 2.03  
 352 S	 26.50  
 353 Q	 46.32  
 354 S	 31.98  
 355 N	 49.20  
 356 G	 17.30  
 357 V	 3.80  
 358 H	 25.26  
 359 L	 4.98  
 360 T	 18.41  
 361 Q	 66.41  
 362 N	 48.77  
 363 K	 58.39  
 364 E	 76.05  
 365 E	 59.95  
 366 K	 50.82  
 367 R	 50.59  
 368 N	 42.59  
 369 V	 4.35  
 370 R	 29.75  
 371 R	 38.41  
 372 L	 2.73  
 373 V	 4.46  
 374 N	 40.53  
 375 Q	 32.32  
 376 V	 6.35  
 377 D	 41.11  
 378 D	 32.59  
 379 I	 3.87  
 380 N	 49.33  
 381 L	 10.50  
 382 G	 30.17  
 383 E	 47.47  
 384 E	 54.22  
 385 R	 30.31  
 386 I	 10.53  
 387 S	 32.28  
 388 P	 35.95  
 389 K	 56.19  
 390 S	 48.49  
 391 R	 47.51  
 392 E	 70.78  
 393 N	 40.03  
 394 T	 42.63  
 395 R	 33.57  
 396 P	 30.12  
 397 N	 42.51  
 398 I	 3.33  
 399 L	 4.41  
 400 R	 22.14  
 401 R	 39.41  
 402 R	 19.45  
 403 V	 6.57  
 404 Q	 29.30  
 405 V	 4.34  
 406 Q	 29.57  
 407 N	 49.33  
 408 G	 14.07  
 409 R	 38.08  
 410 S	 30.25  
 411 T	 33.35  
 412 A	 9.60  
 413 P	 24.71  
 414 V	 5.84  
 415 T	 15.46  
 416 I	 4.38  
 417 A	 4.40  
 418 P	 27.63  
 419 A	 25.52  
 420 G	 28.81  
 421 T	 31.28  
 422 S	 32.43  
 423 E	 48.37  
 424 S	 32.53  
 425 R	 32.30  
 426 R	 58.94  
 427 S	 39.41  
 428 T	 45.20  
 429 K	 42.09  
 430 P	 27.70  
 431 S	 38.98  
 432 R	 40.79  
 433 V	 8.15  
 434 V	 5.52  
 435 D	 44.67  
 436 E	 25.11  
 437 T	 28.23  
 438 A	 13.62  
 439 L	 11.01  
 440 D	 43.66  
 441 D	 54.40  
 442 Q	 49.19  
 443 G	 37.90  
 444 R	 21.85  
 445 S	 45.39  
 446 Q	 57.34  
 447 G	 24.21  
 448 D	 30.34  
 449 R	 44.09  
 450 L	 4.20  
 451 L	 6.12  
 452 Q	 45.57  
 453 L	 6.17  
 454 K	 42.29  
 455 A	 24.13  
 456 K	 42.06  
 457 H	 38.80  
 458 Q	 41.14  
 459 H	 40.02  
 460 E	 43.64  
 461 S	 37.81  
 462 E	 53.79  
 463 T	 41.68  
 464 T	 37.83  
 465 S	 29.51  
 466 P	 42.50  
 467 N	 55.05  
 468 S	 34.67  
 469 S	 38.69  
 470 S	 27.90  
 471 S	 29.44  
 472 R	 37.70  
 473 R	 42.53  
 474 F	 8.68  
 475 V	 5.80  
 476 K	 35.66  
 477 S	 33.86  
 478 S	 38.09  
 479 T	 25.32  
 480 P	 24.72  
 481 Q	 40.02  
 482 M	 4.25  
 483 T	 24.82  
 484 V	 3.45  
 485 P	 16.14  
 486 S	 24.09  
 487 Q	 28.14  
 488 A	 18.34  
 489 Y	 9.25  
 490 L	 5.64  
 491 N	 26.89  
 492 R	 40.77  
 493 N	 52.15  
 494 R	 48.07  
 495 E	 44.38  
 496 P	 20.54  
 497 I	 3.20  
 498 I	 4.06  
 499 V	 7.15  
 500 T	 16.07  
 501 P	 32.20  
 502 S	 29.41  
 503 K	 61.68  
 504 N	 64.41  
 505 G	 30.61  
 506 T	 29.16  
 507 S	 28.33  
 508 S	 46.02  
 509 G	 29.41  
 510 T	 26.02  
 511 S	 27.35  
 512 S	 24.71  
 513 R	 45.69  
 514 Q	 49.62  
 515 L	 5.31  
 516 K	 41.85  
 517 T	 56.96  
 518 T	 17.11  
 519 P	 52.54  
 520 N	 53.21  
 521 G	 31.06  
 522 N	 23.14  
 523 V	 5.40  
 524 A	 7.65  
 525 Y	 14.29  
 526 R	 19.92  
 527 T	 22.86  
 528 R	 31.84  
 529 N	 39.66  
 530 S	 36.01  
 531 S	 39.34  
 532 G	 35.01  
 533 N	 41.97  
 534 T	 26.16  
 535 T	 24.58  
 536 S	 21.27  
 537 T	 30.01  
 538 L	 2.82  
 539 T	 32.36  
 540 R	 41.65  
 541 T	 20.26  
 542 P	 22.41  
 543 A	 14.98  
 544 S	 26.60  
 545 A	 14.74  
 546 V	 7.21  
 547 F	 3.56  
 548 P	 19.32  
 549 S	 18.60  
 550 M	 3.90  
 551 A	 12.29  
 552 S	 21.42  
 553 R	 36.28  
 554 R	 36.03  
 555 S	 37.88  
 556 E	 53.00  
 557 T	 20.16  
 558 T	 17.17  
 559 R	 37.50  
 560 Y	 14.94  
 561 L	 4.45  
 562 S	 15.97  
 563 P	 37.38  
 564 T	 41.66  
 565 T	 26.80  
 566 P	 34.77  
 567 I	 8.00  
 568 K	 35.55  
 569 P	 29.24  
 570 M	 8.59  
 571 S	 21.15  
 572 P	 25.71  
 573 S	 33.10  
 574 Y	 16.54  
 575 T	 32.08  
 576 D	 50.57  
 577 G	 21.94  
 578 T	 38.07  
 579 S	 16.95  
 580 P	 43.38  
 581 R	 45.40  
 582 Y	 16.63  
 583 K	 28.45  
 584 A	 13.55  
 585 R	 26.87  
 586 L	 9.38  
 587 R	 36.05  
 588 S	 46.44  
 589 E	 61.67  
 590 N	 34.43  
 591 P	 28.41  
 592 I	 11.67  
 593 G	 21.87  
 594 S	 29.27  
 595 T	 21.39  
 596 T	 32.09  
 597 S	 33.88  
 598 T	 26.68  
 599 P	 19.32  
 600 F	 13.26  
 601 S	 27.57  
 602 L	 9.84  
 603 Q	 28.66  
 604 P	 36.44  
 605 Q	 31.89  
 606 F	 11.84  
 607 G	 20.29  
 608 L	 2.04  
 609 V	 6.24  
 610 R	 40.02  
 611 V	 6.68  
 612 P	 19.20  
 613 P	 52.43  
 614 D	 69.59  
 615 S	 30.22  
 616 P	 32.40  
 617 H	 33.63  
 618 S	 19.90  
 619 I	 2.28  
 620 M	 2.62  
 621 A	 8.21  
 622 H	 25.96  
 623 R	 35.56  
 624 P	 29.38  
 625 P	 38.53  
 626 P	 51.49  
 627 T	 45.12  
 628 T	 30.40  
 629 S	 21.95  
 630 S	 30.30  
 631 R	 39.74  
 632 A	 16.01  
 633 P	 32.06  
 634 L	 14.02  
 635 S	 24.05  
 636 P	 27.68  
 637 H	 42.35  
 638 N	 35.52  
 639 Y	 12.36  
 640 S	 30.23  
 641 T	 16.87  
 642 T	 17.66  
 643 Q	 49.25  
 644 G	 19.10  
 645 Y	 10.04  
 646 S	 28.74  
 647 T	 23.41  
 648 S	 16.46  
 649 S	 30.38  
 650 R	 38.61  
 651 G	 25.79  
 652 L	 4.14  
 653 Y	 26.55  
 654 G	 45.35  
 655 D	 42.10  
 656 K	 52.51  
 657 K	 50.43  
 658 P	 36.67  
 659 L	 7.53  
 660 A	 23.47  
 661 R	 45.67  
 662 G	 27.13  
 663 S	 13.82  
 664 V	 8.89  
 665 S	 20.52  
 666 T	 24.47  
 667 S	 22.05  
 668 T	 42.66  
 669 L	 2.71  
 670 P	 19.69  
 671 S	 26.17  
 672 M	 2.21  
 673 Y	 10.32  
 674 M	 1.88  
 675 T	 15.06  
 676 R	 19.02  
 677 K	 37.30  
 678 M	 5.68  
 679 S	 30.83  
 680 E	 57.07  
 681 N	 36.10  
 682 G	 27.26  
 683 A	 13.09  
 684 V	 10.05  
 685 E	 33.62  
 686 V	 5.32  
 687 E	 22.55  
 688 I	 6.51  
 689 T	 9.00  
 690 T	 24.58  
 691 S	 20.66  
 692 Y	 13.03  
 693 V	 6.55  
 694 E	 43.81  
 695 D	 47.54  
 696 R	 19.60  
 697 K	 65.36  
 698 A	 19.68  
 699 A	 16.56  
 700 E	 53.59  
 701 Q	 40.43  
 702 I	 6.73  
 703 D	 36.40  
 704 P	 31.63  
 705 S	 42.99  
 706 S	 50.77  
 707 T	 47.39  
 708 P	 32.95  
 709 P	 71.28  
 710 E	 65.73  
 711 P	 41.02  
 712 K	 55.32  
 713 R	 48.24  
 714 R	 31.95  
 715 F	 6.06  
 716 V	 4.97  
 717 L	 2.38  
 718 V	 4.35  
 719 S	 24.56  
 720 R	 25.82  
 721 K	 39.70  
 722 I	 4.04  
 723 V	 8.20  
 724 S	 26.94  
 725 K	 52.41  
 726 E	 52.75  
 727 V	 5.36  
 728 P	 21.39  
 729 S	 51.54  
 730 A	 23.16  
 731 G	 23.53  
 732 P	 29.92  
 733 T	 27.87  
 734 C	 3.94  
 735 S	 46.90  
 736 N	 66.51  
 737 D	 17.25  
 738 P	 47.08  
 739 R	 38.13  
 740 L	 7.56  
 741 N	 31.44  
 742 Y	 13.40  
 743 A	 11.89  
 744 S	 20.55  
 745 T	 24.53  
 746 R	 35.70  
 747 K	 59.72  
 748 L	 4.83  
 749 P	 28.94  
 750 I	 10.04  
 751 K	 35.90  
 752 I	 4.31  
 753 S	 9.50  
 754 H	 30.15  
 755 R	 30.30  
 756 L	 1.79  
 757 C	 2.30  
 758 Q	 42.27  
 759 I	 1.35  
 760 C	 0.98  
 761 R	 40.91  
 762 T	 29.01  
 763 I	 2.30  
 764 K	 29.74  
 765 P	 24.13  
 766 I	 4.58  
 767 A	 19.33  
 768 D	 33.93  
 769 I	 1.78  
 770 S	 11.75  
 771 M	 3.24  
 772 M	 3.22  
 773 T	 31.36  
 774 D	 38.54  
 775 E	 59.11  
 776 N	 55.29  
 777 E	 49.44  
 778 K	 61.35  
 779 L	 2.35  
 780 F	 5.68  
 781 I	 4.46  
 782 L	 1.77  
 783 L	 2.30  
 784 A	 8.61  
 785 A	 11.78  
 786 I	 2.22  
 787 F	 5.01  
 788 Q	 35.17  
 789 R	 27.22  
 790 K	 35.18  
 791 L	 6.74  
 792 F	 7.93  
 793 V	 9.80  
 794 E	 39.77  
 795 E	 35.57  
 796 C	 1.64  
 797 T	 24.31  
 798 R	 41.73  
 799 I	 2.44  
 800 Y	 10.57  
 801 K	 47.65  
 802 Q	 17.76  
 803 P	 21.38  
 804 A	 12.40  
 805 V	 5.31  
 806 Y	 12.25  
 807 T	 10.18  
 808 C	 1.84  
 809 S	 16.61  
 810 S	 28.70  
 811 H	 17.53  
 812 Y	 15.34  
 813 S	 22.66  
 814 E	 39.20  
 815 A	 13.26  
 816 S	 17.83  
 817 T	 25.43  
 818 A	 11.19  
 819 I	 2.64  
 820 L	 3.35  
 821 N	 20.02  
 822 M	 2.51  
 823 F	 7.54  
 824 G	 13.34  
 825 V	 4.35  
 826 G	 18.94  
 827 G	 21.02  
 828 A	 6.42  
 829 L	 4.96  
 830 R	 26.01  
 831 I	 2.59  
 832 F	 3.95  
 833 R	 27.58  
 834 A	 18.32  
 835 R	 27.57  
 836 P	 39.19  
 837 R	 46.59  
 838 K	 49.25  
 839 V	 5.23  
 840 S	 31.38  
 841 Q	 50.83  
 842 V	 7.23  
 843 E	 34.52  
 844 K	 47.58  
 845 F	 5.51  
 846 A	 13.70  
 847 S	 21.93  
 848 H	 19.19  
 849 L	 4.48  
 850 M	 5.43  
 851 G	 27.29  
 852 K	 37.54  
 853 Q	 45.30  
 854 F	 14.65  
 855 E	 63.89  
 856 E	 62.83  
 857 D	 43.81  
 858 K	 53.25  
 859 L	 7.05  
 860 I	 2.73  
 861 H	 19.47  
 862 S	 17.69  
 863 A	 5.90  
 864 Y	 8.29  
 865 M	 1.55  
 866 F	 3.53  
 867 V	 2.74  
 868 L	 3.13  
 869 N	 43.28  
 870 H	 19.88  
 871 P	 31.87  
 872 E	 52.78  
 873 A	 18.72  
 874 G	 20.93  
 875 A	 11.62  
 876 V	 6.60  
 877 T	 36.38  
 878 G	 12.57  
 879 P	 18.76  
 880 I	 8.11  
 881 I	 5.31  
 882 K	 56.63  
 883 E	 50.96  
 884 E	 57.13  
 885 D	 55.76  
 886 I	 4.81  
 887 P	 42.81  
 888 F	 15.74  
 889 E	 47.61  
 890 E	 59.54  
 891 T	 17.88  
 892 V	 8.70  
 893 E	 35.78  
 894 C	 3.19  
 895 S	 19.74  
 896 S	 41.24  
 897 T	 11.50  
 898 T	 30.47  
 899 A	 7.89  
 900 V	 6.74  
 901 N	 29.35  
 902 G	 19.06  
 903 I	 5.12  
 904 L	 3.34  
 905 P	 29.46  
 906 K	 42.43  
 907 C	 2.99  
 908 F	 11.53  
 909 R	 55.88  
 910 Q	 23.15  
 911 P	 40.97  
 912 R	 45.78  
 913 K	 59.47  
 914 Q	 57.77  
 915 K	 61.98  
 916 L	 8.91  
 917 E	 67.79  
 918 E	 66.71  
 919 D	 45.64  
 920 S	 21.12  
 921 C	 7.66  
 922 S	 30.95  
 923 S	 26.23  
 924 S	 14.89  
 925 I	 3.03  
 926 L	 3.30  
 927 R	 27.24  
 928 I	 4.92  
 929 I	 2.79  
 930 K	 41.52  
 931 K	 47.42  
 932 T	 38.65  
 933 T	 21.54  
 934 P	 38.82  
 935 S	 55.13  
 936 L	 4.60  
 937 P	 38.23  
 938 N	 51.31  
 939 R	 29.15  
 940 S	 31.43  
 941 Y	 9.33  
 942 T	 16.90  
 943 M	 1.74  
 944 I	 3.55  
 945 N	 19.15  
 946 Q	 39.46  
 947 N	 33.06  
 948 M	 3.45  
 949 E	 50.32  
 950 H	 20.01  
 951 P	 15.72  
 952 L	 7.03  
 953 Q	 21.49  
 954 C	 2.05  
 955 C	 1.41  
 956 Y	 14.01  
 957 C	 1.30  
 958 L	 1.69  
 959 E	 39.22  
 960 V	 4.89  
 961 Y	 13.32  
 962 E	 35.91  
 963 K	 31.01  
 964 R	 17.95  
 965 Y	 18.64  
 966 M	 2.16  
 967 T	 19.92  
 968 Q	 32.74  
 969 V	 3.74  
 970 P	 28.21  
 971 K	 66.88  
 972 T	 31.14  
 973 E	 43.94  
 974 Q	 47.51  
 975 R	 20.50  
 976 I	 2.81  
 977 A	 11.06  
 978 R	 26.48  
 979 W	 3.78  
 980 V	 1.66  
 981 A	 5.59  
 982 I	 3.53  
 983 L	 4.44  
 984 G	 22.13  
 985 E	 43.00  
 986 Q	 30.99  
 987 F	 6.45  
 988 R	 16.89  
 989 I	 5.27  
 990 R	 16.40  
 991 L	 6.12  
 992 R	 22.64  
 993 M	 7.84  
 994 K	 34.25  
 995 P	 19.18  
 996 A	 17.80  
 997 N	 33.33  
 998 Y	 10.33  
 999 M	 1.46  
 1000 C	 3.55  
 1001 R	 20.96  
 1002 K	 44.67  
 1003 H	 21.92  
 1004 F	 5.56  
 1005 P	 28.33  
 1006 Q	 53.25  
 1007 A	 21.76  
 1008 D	 38.42  
 1009 F	 8.83  
 1010 S	 21.48  
 1011 S	 38.45  
 1012 R	 32.81  
 1013 G	 26.91  
 1014 R	 35.42  
 1015 L	 6.83  
 1016 L	 4.45  
 1017 K	 38.74  
 1018 T	 32.62  
 1019 A	 17.12  
 1020 V	 4.25  
 1021 P	 25.98  
 1022 N	 39.98  
 1023 V	 3.43  
 1024 V	 6.59  
 1025 S	 28.48  
 1026 Q	 42.81  
 1027 E	 37.31  
 1028 K	 34.61  
 1029 V	 4.60  
 1030 L	 7.40  
 1031 A	 11.52  
 1032 F	 8.97  
 1033 K	 39.77  
 1034 L	 9.11  
 1035 E	 51.49  
 1036 G	 49.25  
 1037 N	 22.44  
 1038 T	 39.66  
 1039 F	 5.24  
 1040 V	 8.54  
 1041 E	 43.62  
 1042 V	 7.46  
 1043 K	 45.93  
 1044 E	 62.76  
 1045 D	 62.63  
 1046 N	 35.80  
 1047 T	 51.12  
 1048 N	 37.83  
 1049 I	 4.18  
 1050 K	 42.97  
 1051 M	 5.95  
 1052 E	 43.25  
 1053 K	 64.71  
 1054 G	 22.81  
 1055 T	 47.63  
 1056 D	 53.60  
 1057 S	 35.97  
 1058 E	 47.71  
 1059 I	 8.18  
 1060 D	 37.79  
 1061 I	 7.21  
 1062 E	 53.81  
 1063 N	 58.49  
