 1 M	 7.38  
 2 S	 27.30  
 3 M	 5.00  
 4 S	 30.49  
 5 D	 53.86  
 6 D	 45.60  
 7 D	 55.96  
 8 R	 50.18  
 9 D	 50.32  
 10 I	 6.31  
 11 D	 42.78  
 12 I	 5.80  
 13 E	 48.68  
 14 S	 46.78  
 15 D	 45.26  
 16 E	 73.50  
 17 D	 71.80  
 18 G	 33.98  
 19 D	 56.51  
 20 S	 42.47  
 21 D	 49.92  
 22 T	 37.95  
 23 G	 32.79  
 24 L	 6.98  
 25 G	 25.56  
 26 S	 29.28  
 27 S	 26.70  
 28 R	 42.20  
 29 H	 25.97  
 30 T	 32.90  
 31 N	 30.94  
 32 T	 24.92  
 33 A	 15.94  
 34 N	 38.16  
 35 F	 5.06  
 36 T	 27.03  
 37 Q	 43.30  
 38 A	 22.63  
 39 E	 33.00  
 40 K	 58.88  
 41 R	 30.56  
 42 A	 21.25  
 43 H	 20.83  
 44 H	 21.92  
 45 N	 36.03  
 46 A	 13.37  
 47 L	 6.80  
 48 E	 41.55  
 49 R	 37.95  
 50 R	 28.72  
 51 R	 55.38  
 52 R	 37.74  
 53 D	 46.16  
 54 H	 31.07  
 55 I	 6.58  
 56 K	 43.84  
 57 E	 50.94  
 58 S	 32.16  
 59 F	 5.72  
 60 T	 42.49  
 61 N	 34.78  
 62 L	 4.81  
 63 R	 31.72  
 64 E	 58.13  
 65 A	 13.22  
 66 V	 2.97  
 67 P	 38.78  
 68 T	 34.21  
 69 L	 5.70  
 70 K	 68.45  
 71 G	 44.76  
 72 E	 43.81  
 73 K	 61.40  
 74 A	 10.43  
 75 S	 38.94  
 76 R	 35.06  
 77 A	 9.77  
 78 Q	 40.20  
 79 I	 6.25  
 80 L	 2.86  
 81 K	 50.10  
 82 K	 58.18  
 83 T	 26.66  
 84 T	 37.43  
 85 E	 34.55  
 86 C	 2.34  
 87 I	 2.88  
 88 Q	 40.68  
 89 T	 7.85  
 90 M	 1.93  
 91 R	 39.88  
 92 R	 29.82  
 93 K	 39.97  
 94 I	 6.23  
 95 S	 33.26  
 96 E	 68.13  
 97 N	 47.62  
 98 Q	 40.52  
 99 K	 72.72  
 100 D	 43.71  
 101 I	 7.06  
 102 E	 64.90  
 103 E	 54.89  
 104 I	 2.64  
 105 K	 51.73  
 106 R	 50.55  
 107 Q	 42.17  
 108 N	 45.78  
 109 N	 20.78  
 110 I	 4.20  
 111 I	 4.21  
 112 A	 8.23  
 113 K	 37.21  
 114 Q	 24.81  
 115 I	 2.26  
 116 Q	 37.08  
 117 A	 18.22  
 118 L	 3.62  
 119 E	 55.95  
 120 S	 29.92  
 121 S	 35.14  
 122 N	 68.30  
 123 G	 31.85  
 124 D	 51.07  
 125 Q	 45.20  
 126 F	 10.07  
 127 S	 23.08  
 128 E	 52.47  
 129 F	 8.40  
 130 L	 5.75  
 131 S	 48.58  
 132 D	 59.22  
 133 E	 51.73  
 134 E	 58.11  
 135 V	 10.86  
 136 G	 32.40  
 137 S	 37.12  
 138 E	 51.80  
 139 E	 60.13  
 140 A	 26.04  
 141 D	 64.21  
 142 D	 59.36  
 143 E	 62.11  
 144 D	 63.64  
 145 L	 6.32  
 146 D	 59.32  
 147 Q	 62.03  
 148 D	 43.06  
 149 F	 5.20  
 150 S	 38.32  
 151 R	 46.30  
 152 R	 59.11  
 153 N	 47.38  
 154 K	 53.05  
 155 K	 49.53  
 156 M	 5.44  
 157 K	 57.85  
 158 T	 19.70  
 159 F	 3.70  
 160 H	 35.44  
 161 A	 19.54  
