 1 M	 8.03  
 2 S	 50.61  
 3 E	 58.47  
 4 T	 19.33  
 5 P	 25.01  
 6 A	 29.34  
 7 Q	 38.63  
 8 S	 35.82  
 9 S	 23.02  
 10 I	 6.90  
 11 K	 48.32  
 12 Q	 43.46  
 13 E	 47.16  
 14 R	 22.21  
 15 I	 3.48  
 16 S	 29.22  
 17 Y	 22.39  
 18 T	 26.10  
 19 P	 23.56  
 20 P	 47.07  
 21 E	 69.72  
 22 S	 30.37  
 23 P	 24.83  
 24 V	 13.70  
 25 A	 11.73  
 26 S	 21.48  
 27 H	 24.73  
 28 R	 29.79  
 29 S	 32.89  
 30 S	 33.72  
 31 T	 30.99  
 32 P	 23.55  
 33 L	 7.16  
 34 H	 15.54  
 35 V	 5.51  
 36 H	 15.48  
 37 T	 30.99  
 38 V	 1.50  
 39 P	 19.58  
 40 R	 41.75  
 41 A	 8.08  
 42 L	 5.90  
 43 R	 29.49  
 44 M	 7.42  
 45 E	 52.82  
 46 E	 47.95  
 47 D	 39.32  
 48 S	 18.39  
 49 I	 6.30  
 50 H	 29.70  
 51 L	 5.09  
 52 P	 12.01  
 53 T	 39.64  
 54 H	 13.65  
 55 L	 6.86  
 56 R	 24.55  
 57 L	 10.00  
 58 Q	 18.86  
 59 P	 26.65  
 60 I	 3.38  
 61 Y	 12.19  
 62 W	 6.39  
 63 S	 14.62  
 64 R	 29.96  
 65 D	 49.58  
 66 D	 36.22  
 67 V	 5.10  
 68 A	 11.22  
 69 Q	 45.97  
 70 W	 7.09  
 71 L	 1.89  
 72 K	 41.20  
 73 W	 13.46  
 74 A	 14.24  
 75 E	 57.06  
 76 N	 48.11  
 77 E	 28.28  
 78 F	 14.55  
 79 S	 19.79  
 80 L	 10.29  
 81 R	 29.02  
 82 P	 39.74  
 83 I	 7.98  
 84 E	 51.44  
 85 S	 46.14  
 86 N	 40.00  
 87 K	 52.56  
 88 F	 14.59  
 89 E	 33.09  
 90 M	 10.10  
 91 N	 41.43  
 92 G	 18.46  
 93 K	 30.75  
 94 A	 12.58  
 95 L	 3.84  
 96 L	 4.38  
 97 L	 6.25  
 98 L	 6.93  
 99 T	 32.15  
 100 K	 56.08  
 101 E	 58.09  
 102 D	 34.57  
 103 F	 8.51  
 104 R	 37.97  
 105 Y	 18.55  
 106 R	 39.18  
 107 S	 20.31  
 108 P	 19.37  
 109 H	 45.73  
 110 S	 39.82  
 111 G	 26.47  
 112 D	 30.20  
 113 V	 7.56  
 114 L	 3.06  
 115 Y	 12.36  
 116 E	 38.55  
 117 L	 3.35  
 118 L	 2.02  
 119 Q	 33.91  
 120 H	 27.58  
 121 I	 3.11  
 122 L	 3.47  
 123 K	 47.67  
 124 Q	 55.37  
 125 R	 37.01  
 126 K	 39.66  
 127 S	 25.72  
 128 R	 28.94  
 129 M	 5.98  
 130 L	 3.60  
 131 F	 6.78  
 132 S	 19.48  
 133 P	 27.80  
 134 F	 16.20  
 135 F	 8.95  
 136 P	 32.13  
 137 P	 54.81  
 138 G	 41.35  
 139 D	 50.63  
 140 S	 23.37  
 141 I	 5.94  
 142 H	 31.61  
 143 T	 46.77  
 144 K	 25.64  
 145 P	 37.78  
 146 E	 47.56  
 147 V	 10.52  
 148 L	 3.17  
 149 L	 4.76  
 150 H	 23.41  
 151 Q	 49.26  
 152 N	 33.55  
 153 H	 33.01  
 154 D	 72.92  
 155 E	 43.50  
 156 D	 60.94  
 157 N	 26.30  
 158 C	 4.22  
 159 V	 5.60  
 160 Q	 45.81  
 161 R	 26.71  
 162 T	 10.46  
 163 P	 40.09  
 164 R	 53.37  
 165 T	 28.23  
 166 P	 35.00  
 167 A	 22.53  
 168 E	 55.27  
 169 S	 28.93  
 170 V	 3.91  
 171 H	 25.04  
 172 H	 46.46  
 173 N	 29.39  
 174 P	 24.05  
 175 P	 51.86  
 176 T	 28.48  
 177 I	 4.30  
 178 E	 47.99  
 179 L	 4.28  
 180 L	 1.77  
 181 H	 50.77  
 182 R	 28.44  
 183 P	 30.29  
 184 R	 55.83  
 185 S	 24.28  
 186 P	 29.26  
 187 I	 8.60  
 188 T	 25.57  
 189 T	 29.73  
 190 N	 22.11  
 191 H	 40.72  
 192 R	 35.15  
 193 P	 42.54  
 194 S	 41.72  
 195 P	 64.95  
 196 D	 64.80  
 197 P	 44.68  
 198 E	 67.72  
 199 Q	 50.39  
 200 Q	 58.31  
 201 R	 29.07  
 202 P	 29.60  
 203 Q	 61.75  
 204 R	 42.81  
 205 S	 25.27  
 206 P	 46.02  
 207 L	 8.61  
 208 D	 52.77  
 209 N	 37.70  
 210 M	 3.09  
 211 S	 22.09  
 212 R	 32.56  
 213 R	 32.01  
 214 L	 7.06  
 215 S	 25.70  
 216 P	 42.76  
 217 V	 12.08  
 218 E	 46.16  
 219 K	 46.36  
 220 A	 13.17  
 221 Q	 73.77  
 222 G	 17.72  
 223 P	 23.02  
 224 R	 52.53  
 225 L	 7.49  
 226 Q	 50.23  
 227 Q	 61.04  
 228 E	 47.22  
 229 N	 47.12  
 230 N	 37.15  
 231 H	 38.13  
 232 Q	 47.02  
 233 E	 42.64  
 234 T	 24.70  
 235 Y	 11.04  
 236 P	 26.11  
 237 L	 5.78  
 238 S	 18.95  
 239 V	 11.19  
 240 S	 21.61  
 241 P	 34.97  
 242 V	 10.81  
 243 E	 56.55  
 244 N	 43.72  
 245 N	 17.47  
 246 H	 26.52  
 247 C	 6.94  
 248 L	 3.42  
 249 P	 37.85  
 250 S	 35.76  
 251 S	 28.37  
 252 P	 40.90  
 253 W	 19.27  
 254 Q	 37.84  
 255 E	 50.65  
 256 S	 13.35  
 257 T	 28.36  
 258 R	 32.59  
 259 V	 3.11  
 260 I	 2.04  
 261 Q	 28.93  
 262 L	 3.61  
 263 M	 1.44  
 264 P	 45.61  
 265 S	 17.06  
 266 P	 23.27  
 267 I	 4.67  
 268 M	 2.78  
 269 H	 18.09  
 270 P	 12.06  
 271 L	 4.17  
 272 I	 4.04  
 273 L	 10.73  
 274 N	 25.27  
 275 P	 31.73  
 276 R	 42.75  
 277 H	 30.99  
 278 S	 20.80  
 279 H	 26.22  
 280 S	 26.79  
 281 V	 9.32  
 282 D	 48.30  
 283 F	 7.91  
 284 K	 42.79  
 285 Q	 45.77  
 286 S	 32.33  
 287 R	 34.55  
 288 H	 40.56  
 289 S	 35.95  
 290 E	 53.08  
 291 D	 65.73  
 292 G	 15.94  
 293 M	 7.08  
 294 N	 44.36  
 295 R	 45.19  
 296 E	 67.57  
 297 G	 37.49  
 298 K	 37.66  
 299 P	 31.40  
 300 I	 10.37  
 301 N	 43.98  
 302 L	 4.77  
 303 S	 18.93  
 304 H	 40.07  
 305 R	 35.43  
 306 E	 52.53  
 307 D	 36.23  
 308 L	 2.64  
 309 A	 21.06  
 310 Y	 18.48  
 311 L	 2.90  
 312 N	 15.23  
 313 H	 13.61  
 314 I	 2.58  
 315 M	 1.10  
 316 V	 4.26  
 317 S	 9.00  
 318 M	 4.79  
 319 S	 29.78  
 320 P	 31.51  
 321 P	 52.91  
 322 E	 66.84  
 323 E	 42.60  
 324 H	 26.18  
 325 A	 14.55  
 326 M	 2.40  
 327 P	 27.02  
 328 I	 3.58  
 329 G	 14.74  
 330 R	 22.95  
 331 I	 2.98  
 332 A	 14.43  
 333 D	 18.72  
 334 C	 2.14  
 335 R	 33.10  
 336 L	 7.73  
 337 L	 1.37  
 338 W	 10.24  
 339 D	 24.00  
 340 Y	 6.89  
 341 V	 1.97  
 342 Y	 6.29  
 343 Q	 26.36  
 344 L	 2.43  
 345 L	 2.93  
 346 S	 41.98  
 347 D	 36.78  
 348 S	 33.13  
 349 R	 48.01  
 350 Y	 21.12  
 351 E	 44.55  
 352 N	 28.80  
 353 F	 2.40  
 354 I	 8.25  
 355 R	 26.96  
 356 W	 17.21  
 357 E	 49.73  
 358 D	 53.73  
 359 K	 52.99  
 360 E	 70.37  
 361 S	 36.47  
 362 K	 47.13  
 363 I	 3.80  
 364 F	 5.11  
 365 R	 31.34  
 366 I	 2.61  
 367 V	 9.74  
 368 D	 28.68  
 369 P	 26.37  
 370 N	 54.36  
 371 G	 26.54  
 372 L	 2.97  
 373 A	 13.10  
 374 R	 35.70  
 375 L	 5.97  
 376 W	 10.45  
 377 G	 30.84  
 378 N	 31.23  
 379 H	 25.48  
 380 K	 52.72  
 381 N	 48.75  
 382 R	 32.07  
 383 T	 38.44  
 384 N	 19.98  
 385 M	 4.11  
 386 T	 30.51  
 387 Y	 11.64  
 388 E	 32.87  
 389 K	 31.59  
 390 M	 1.88  
 391 S	 26.01  
 392 R	 33.86  
 393 A	 11.14  
 394 L	 3.18  
 395 R	 18.12  
 396 H	 30.99  
 397 Y	 8.89  
 398 Y	 11.68  
 399 K	 28.08  
 400 L	 3.00  
 401 N	 24.40  
 402 I	 4.70  
 403 I	 5.11  
 404 R	 33.22  
 405 K	 58.83  
 406 E	 44.83  
 407 P	 47.45  
 408 G	 26.74  
 409 Q	 43.49  
 410 R	 38.99  
 411 L	 3.99  
 412 L	 2.93  
 413 F	 7.19  
 414 R	 30.62  
 415 F	 4.63  
 416 M	 4.04  
 417 K	 54.95  
 418 T	 24.96  
 419 P	 31.55  
 420 D	 64.38  
 421 E	 41.62  
 422 I	 3.29  
 423 M	 3.06  
 424 S	 30.68  
 425 G	 21.08  
 426 R	 26.58  
 427 T	 29.06  
 428 D	 52.38  
 429 R	 41.17  
 430 L	 5.60  
 431 E	 47.52  
 432 H	 39.22  
 433 L	 5.03  
 434 E	 40.82  
 435 S	 31.76  
 436 Q	 30.34  
 437 V	 11.50  
 438 L	 4.68  
 439 D	 47.29  
 440 E	 40.43  
 441 Q	 45.21  
 442 T	 25.73  
 443 Y	 15.03  
 444 Q	 55.86  
 445 E	 54.66  
 446 D	 52.21  
 447 E	 43.52  
 448 P	 41.23  
 449 T	 27.42  
 450 I	 5.38  
 451 A	 15.40  
 452 S	 19.10  
 453 P	 21.44  
 454 V	 13.35  
 455 G	 31.86  
 456 W	 4.61  
 457 P	 28.51  
 458 R	 39.87  
 459 G	 35.63  
 460 N	 44.09  
 461 L	 4.47  
 462 P	 32.55  
 463 T	 50.78  
 464 G	 16.19  
 465 T	 25.30  
 466 A	 17.68  
 467 G	 29.12  
 468 G	 17.09  
 469 V	 2.83  
 470 M	 3.10  
 471 E	 51.63  
 472 A	 9.92  
 473 G	 19.84  
 474 E	 49.77  
 475 L	 7.00  
 476 G	 10.88  
 477 V	 9.64  
 478 A	 12.59  
 479 V	 8.13  
 480 K	 39.84  
 481 E	 58.98  
 482 E	 47.66  
 483 T	 40.98  
 484 R	 51.40  
 485 E	 72.84  
