 1 M	 5.77  
 2 S	 36.61  
 3 A	 22.66  
 4 A	 16.64  
 5 K	 58.71  
 6 E	 62.77  
 7 N	 40.02  
 8 P	 22.00  
 9 C	 12.77  
 10 R	 44.04  
 11 K	 48.85  
 12 F	 4.24  
 13 Q	 36.21  
 14 A	 17.76  
 15 N	 28.71  
 16 I	 4.51  
 17 F	 10.65  
 18 N	 43.84  
 19 K	 40.31  
 20 S	 39.50  
 21 K	 41.26  
 22 C	 4.54  
 23 Q	 54.16  
 24 N	 42.54  
 25 C	 1.59  
 26 F	 18.73  
 27 K	 45.42  
 28 P	 25.64  
 29 R	 59.65  
 30 E	 51.54  
 31 S	 22.25  
 32 H	 29.59  
 33 L	 7.14  
 34 L	 6.76  
 35 N	 57.92  
 36 D	 51.24  
 37 E	 54.57  
 38 D	 58.86  
 39 L	 3.44  
 40 T	 38.51  
 41 Q	 55.47  
 42 A	 17.85  
 43 K	 23.33  
 44 P	 28.22  
 45 I	 5.00  
 46 Y	 20.36  
 47 G	 22.86  
 48 G	 8.55  
 49 W	 4.58  
 50 L	 2.96  
 51 L	 2.86  
 52 L	 6.44  
 53 A	 10.50  
 54 P	 40.30  
 55 D	 68.00  
 56 G	 26.56  
 57 T	 40.65  
 58 D	 55.20  
 59 F	 11.11  
 60 D	 62.42  
 61 N	 40.25  
 62 P	 25.74  
 63 V	 8.00  
 64 H	 24.21  
 65 R	 38.09  
 66 S	 24.27  
 67 R	 44.16  
 68 K	 49.26  
 69 W	 8.87  
 70 Q	 29.70  
 71 R	 35.94  
 72 R	 18.74  
 73 F	 4.94  
 74 F	 3.40  
 75 I	 3.53  
 76 L	 3.29  
 77 Y	 10.89  
 78 E	 28.21  
 79 H	 20.74  
 80 G	 17.92  
 81 L	 2.38  
 82 L	 4.69  
 83 R	 21.52  
 84 Y	 16.10  
 85 A	 11.34  
 86 L	 4.20  
 87 D	 41.81  
 88 E	 48.16  
 89 M	 3.40  
 90 P	 21.86  
 91 T	 39.39  
 92 T	 30.48  
 93 L	 3.07  
 94 P	 28.59  
 95 Q	 65.85  
 96 G	 26.99  
 97 T	 12.16  
 98 I	 6.19  
 99 N	 24.16  
 100 M	 3.03  
 101 N	 29.32  
 102 Q	 22.25  
 103 C	 2.73  
 104 T	 23.28  
 105 D	 46.17  
 106 V	 1.97  
 107 V	 9.72  
 108 D	 49.41  
 109 G	 20.89  
 110 E	 30.43  
 111 A	 21.62  
 112 R	 34.78  
 113 T	 51.52  
 114 G	 24.11  
 115 Q	 42.90  
 116 K	 37.96  
 117 F	 5.32  
 118 S	 29.39  
 119 L	 2.07  
 120 C	 2.02  
 121 I	 6.10  
 122 L	 5.77  
 123 T	 14.99  
 124 P	 47.43  
 125 D	 64.83  
 126 K	 55.05  
 127 E	 51.95  
 128 H	 29.22  
 129 F	 4.19  
 130 I	 4.38  
 131 R	 25.98  
 132 A	 24.80  
 133 E	 51.03  
 134 T	 32.75  
 135 K	 38.12  
 136 E	 53.64  
 137 I	 3.02  
 138 I	 3.06  
 139 S	 29.58  
 140 G	 23.68  
 141 W	 5.16  
 142 L	 2.94  
 143 E	 24.62  
 144 M	 2.47  
 145 L	 1.21  
 146 M	 2.34  
 147 V	 5.39  
 148 Y	 3.50  
 149 P	 25.80  
 150 R	 32.99  
 151 T	 42.11  
 152 N	 45.24  
 153 K	 50.44  
 154 Q	 60.71  
 155 N	 58.19  
 156 Q	 57.35  
 157 K	 68.74  
 158 K	 48.31  
 159 K	 65.57  
 160 R	 58.07  
 161 K	 60.88  
 162 V	 18.13  
 163 E	 48.90  
 164 P	 40.84  
 165 P	 43.11  
 166 T	 48.60  
 167 P	 42.16  
 168 Q	 72.50  
 169 E	 54.12  
 170 P	 49.14  
 171 G	 33.76  
 172 P	 39.15  
 173 A	 21.85  
 174 K	 30.44  
 175 M	 3.83  
 176 A	 10.75  
 177 V	 4.83  
 178 T	 17.22  
 179 S	 18.86  
 180 S	 24.52  
 181 S	 47.11  
 182 G	 41.78  
 183 G	 22.16  
 184 S	 34.74  
 185 S	 46.07  
 186 G	 32.99  
 187 S	 29.06  
 188 S	 31.46  
 189 S	 33.70  
 190 S	 40.23  
 191 I	 3.18  
 192 P	 29.45  
 193 S	 47.60  
 194 A	 18.44  
 195 E	 59.95  
 196 K	 53.91  
 197 V	 3.71  
 198 P	 45.47  
 199 T	 50.25  
 200 T	 19.54  
 201 K	 43.87  
 202 S	 27.00  
 203 T	 33.30  
 204 L	 6.00  
 205 W	 12.02  
 206 Q	 39.63  
 207 E	 42.02  
 208 E	 20.90  
 209 M	 5.06  
 210 R	 41.59  
 211 A	 20.61  
 212 K	 46.67  
 213 D	 65.35  
 214 Q	 36.96  
 215 P	 52.73  
 216 D	 68.33  
 217 G	 24.72  
 218 T	 33.60  
 219 S	 32.17  
 220 L	 7.74  
 221 S	 20.25  
 222 P	 39.34  
 223 A	 21.07  
 224 Q	 60.29  
 225 S	 28.73  
 226 P	 25.06  
 227 S	 47.94  
 228 Q	 49.85  
 229 S	 49.33  
 230 Q	 40.12  
 231 P	 26.24  
 232 P	 25.50  
 233 A	 23.11  
 234 A	 11.95  
 235 C	 6.13  
 236 T	 22.21  
 237 P	 38.22  
 238 R	 44.59  
 239 E	 44.94  
 240 P	 54.68  
 241 G	 37.01  
 242 L	 11.12  
 243 E	 66.72  
 244 S	 46.52  
 245 K	 60.86  
 246 E	 76.04  
 247 D	 59.90  
 248 E	 51.37  
 249 S	 43.28  
 250 T	 19.67  
 251 I	 6.36  
 252 S	 34.43  
 253 G	 23.93  
 254 D	 40.41  
 255 R	 31.77  
 256 V	 10.77  
 257 D	 55.51  
 258 G	 34.64  
 259 G	 23.05  
 260 R	 39.56  
 261 K	 37.35  
 262 V	 8.80  
 263 R	 29.53  
 264 V	 8.43  
 265 E	 28.07  
 266 S	 35.62  
 267 G	 17.63  
 268 Y	 10.16  
 269 F	 8.40  
 270 S	 27.43  
 271 L	 5.85  
 272 E	 50.17  
 273 K	 67.20  
 274 A	 12.84  
 275 K	 56.25  
 276 Q	 60.89  
 277 D	 37.10  
 278 L	 5.32  
 279 R	 48.52  
 280 A	 31.79  
 281 E	 39.58  
 282 E	 57.33  
 283 Q	 51.26  
 284 L	 5.51  
 285 P	 19.72  
 286 P	 55.30  
 287 L	 7.55  
 288 L	 9.97  
 289 S	 42.31  
 290 P	 33.10  
 291 P	 56.34  
 292 S	 34.56  
 293 P	 48.25  
 294 S	 59.93  
 295 T	 28.53  
 296 P	 28.00  
 297 H	 33.74  
 298 S	 30.50  
 299 R	 38.96  
 300 R	 34.16  
 301 S	 27.91  
 302 Q	 38.09  
 303 V	 6.86  
 304 I	 3.55  
 305 E	 53.49  
 306 K	 37.06  
 307 F	 4.27  
 308 E	 60.43  
 309 A	 17.42  
 310 L	 5.54  
 311 D	 54.79  
 312 I	 6.43  
 313 E	 45.97  
 314 K	 60.45  
 315 A	 10.11  
 316 E	 55.63  
 317 H	 25.00  
 318 M	 5.24  
 319 E	 38.65  
 320 T	 20.53  
 321 N	 15.23  
 322 M	 3.00  
 323 L	 2.92  
 324 I	 1.92  
 325 L	 3.72  
 326 T	 29.66  
 327 T	 20.09  
 328 P	 26.97  
 329 S	 38.46  
 330 S	 44.18  
 331 D	 50.69  
 332 T	 27.17  
 333 R	 41.78  
 334 Q	 54.46  
 335 G	 31.61  
 336 R	 27.32  
 337 S	 42.13  
 338 E	 44.84  
 339 R	 34.28  
 340 R	 32.58  
 341 A	 23.51  
 342 I	 3.00  
 343 P	 34.45  
 344 R	 40.29  
 345 K	 51.47  
 346 R	 45.63  
 347 D	 46.64  
 348 F	 10.53  
 349 A	 15.68  
 350 S	 33.99  
 351 E	 56.06  
 352 A	 12.30  
 353 P	 25.66  
 354 T	 48.21  
 355 A	 11.28  
 356 P	 34.57  
 357 L	 7.21  
 358 S	 23.31  
 359 D	 60.93  
 360 A	 8.08  
 361 C	 4.12  
 362 P	 37.28  
 363 L	 14.48  
 364 S	 12.10  
 365 P	 32.46  
 366 H	 28.60  
 367 R	 43.57  
 368 R	 43.25  
 369 A	 13.02  
 370 K	 50.14  
 371 S	 34.22  
 372 L	 6.14  
 373 D	 51.54  
 374 R	 39.48  
 375 R	 47.82  
 376 S	 37.10  
 377 T	 37.77  
 378 E	 41.90  
 379 S	 26.04  
 380 S	 22.05  
 381 M	 9.80  
 382 T	 18.65  
 383 P	 22.93  
 384 D	 55.40  
 385 L	 4.42  
 386 L	 10.37  
 387 N	 54.72  
 388 F	 9.74  
 389 K	 49.67  
 390 K	 51.70  
 391 G	 25.80  
 392 W	 15.11  
 393 L	 6.13  
 394 T	 15.03  
 395 K	 49.03  
 396 Q	 41.43  
 397 Y	 19.97  
 398 E	 53.85  
 399 D	 50.04  
 400 G	 24.25  
 401 Q	 62.22  
 402 W	 19.73  
 403 K	 27.20  
 404 K	 43.01  
 405 H	 21.34  
 406 W	 8.23  
 407 F	 3.01  
 408 V	 3.48  
 409 L	 2.94  
 410 A	 13.90  
 411 D	 34.15  
 412 Q	 38.46  
 413 S	 18.50  
 414 L	 3.20  
 415 R	 31.51  
 416 Y	 14.24  
 417 Y	 11.08  
 418 R	 22.31  
 419 D	 31.20  
 420 S	 17.77  
 421 V	 10.21  
 422 A	 16.92  
 423 E	 46.11  
 424 E	 39.14  
 425 A	 9.59  
 426 A	 22.60  
 427 D	 52.95  
 428 L	 8.59  
 429 D	 53.91  
 430 G	 45.01  
 431 E	 28.50  
 432 I	 8.43  
 433 N	 24.52  
 434 L	 5.72  
 435 S	 16.37  
 436 T	 20.46  
 437 C	 2.16  
 438 Y	 17.34  
 439 D	 42.90  
 440 V	 1.44  
 441 T	 27.23  
 442 E	 47.92  
 443 Y	 10.19  
 444 P	 14.99  
 445 V	 9.04  
 446 Q	 24.33  
 447 R	 38.27  
 448 N	 24.96  
 449 Y	 22.85  
 450 G	 16.13  
 451 F	 4.32  
 452 Q	 23.38  
 453 I	 4.09  
 454 H	 21.80  
 455 T	 32.21  
 456 K	 49.94  
 457 E	 66.18  
 458 G	 36.55  
 459 E	 36.23  
 460 F	 14.15  
 461 T	 18.59  
 462 L	 3.59  
 463 S	 16.97  
 464 A	 14.37  
 465 M	 2.48  
 466 T	 24.42  
 467 S	 21.09  
 468 G	 14.30  
 469 I	 3.61  
 470 R	 29.43  
 471 R	 40.70  
 472 N	 30.29  
 473 W	 5.14  
 474 I	 2.71  
 475 Q	 19.31  
 476 T	 17.57  
 477 I	 1.66  
 478 M	 2.52  
 479 K	 27.06  
 480 H	 14.68  
 481 V	 5.97  
 482 L	 2.68  
 483 P	 24.07  
 484 A	 17.73  
 485 S	 38.09  
 486 A	 13.35  
 487 P	 33.82  
 488 D	 56.92  
 489 V	 5.64  
 490 T	 21.70  
 491 S	 29.71  
 492 S	 38.28  
 493 L	 4.48  
 494 P	 50.68  
 495 E	 84.11  
 496 G	 36.58  
 497 K	 60.59  
 498 N	 55.13  
 499 K	 59.61  
 500 S	 38.38  
 501 T	 38.76  
 502 S	 28.33  
 503 F	 10.24  
 504 E	 48.98  
 505 T	 17.48  
 506 C	 2.21  
 507 S	 36.36  
 508 R	 50.15  
 509 S	 25.32  
 510 T	 46.20  
 511 E	 54.72  
 512 K	 54.23  
 513 Q	 49.23  
 514 E	 67.10  
 515 A	 26.28  
 516 E	 53.75  
 517 P	 60.54  
 518 G	 51.04  
 519 E	 58.19  
 520 P	 69.26  
 521 D	 55.88  
 522 P	 57.54  
 523 E	 80.54  
 524 Q	 64.96  
 525 K	 51.56  
 526 K	 44.89  
 527 S	 37.90  
 528 R	 46.69  
 529 A	 25.44  
 530 R	 36.52  
 531 E	 49.94  
 532 R	 37.09  
 533 R	 35.93  
 534 R	 57.87  
 535 E	 58.09  
 536 G	 37.03  
 537 R	 30.17  
 538 S	 47.07  
 539 K	 52.42  
 540 T	 28.24  
 541 F	 9.43  
 542 D	 49.24  
 543 W	 8.10  
 544 A	 14.11  
 545 E	 37.62  
 546 F	 9.70  
 547 R	 20.93  
 548 P	 33.78  
 549 I	 4.06  
 550 Q	 25.77  
 551 Q	 38.78  
 552 A	 6.62  
 553 L	 4.37  
 554 A	 16.53  
 555 Q	 41.37  
 556 E	 44.61  
 557 R	 23.05  
 558 A	 10.90  
 559 S	 29.70  
 560 A	 14.54  
 561 V	 7.66  
 562 G	 22.58  
 563 S	 25.11  
 564 S	 29.84  
 565 D	 59.33  
 566 S	 47.22  
 567 G	 50.55  
 568 D	 40.13  
 569 P	 38.63  
 570 G	 33.12  
 571 C	 3.65  
 572 L	 9.65  
 573 E	 55.87  
 574 A	 18.48  
 575 E	 44.45  
 576 P	 48.91  
 577 G	 43.56  
 578 E	 59.16  
 579 L	 10.48  
 580 E	 48.47  
 581 R	 51.86  
 582 E	 41.12  
 583 R	 39.35  
 584 A	 12.46  
 585 R	 44.39  
 586 R	 49.75  
 587 R	 44.57  
 588 E	 54.78  
 589 E	 56.85  
 590 R	 44.67  
 591 R	 37.47  
 592 K	 59.30  
 593 R	 31.38  
 594 F	 8.28  
 595 G	 21.56  
 596 M	 2.55  
 597 L	 5.56  
 598 D	 32.49  
 599 T	 19.60  
 600 I	 6.02  
 601 D	 60.36  
 602 G	 19.46  
 603 P	 34.90  
 604 G	 37.33  
 605 M	 4.79  
 606 E	 59.11  
 607 D	 28.52  
 608 T	 17.81  
 609 A	 12.90  
 610 L	 5.17  
 611 R	 20.47  
 612 M	 5.72  
 613 D	 32.95  
 614 I	 3.29  
 615 D	 40.52  
 616 R	 45.12  
 617 S	 21.41  
 618 P	 38.04  
 619 G	 34.48  
 620 L	 4.53  
 621 L	 9.95  
 622 G	 40.00  
 623 T	 17.38  
 624 P	 43.04  
 625 D	 61.71  
 626 L	 7.33  
 627 K	 56.28  
 628 T	 32.45  
 629 Q	 48.65  
 630 N	 30.97  
 631 V	 3.73  
 632 H	 21.02  
 633 V	 7.45  
 634 E	 26.40  
 635 I	 5.48  
 636 E	 22.16  
 637 Q	 60.47  
 638 R	 21.76  
 639 W	 5.98  
 640 H	 24.81  
 641 Q	 27.99  
 642 V	 4.57  
 643 E	 40.15  
 644 T	 34.55  
 645 T	 13.56  
 646 P	 36.52  
 647 L	 11.48  
 648 R	 51.75  
 649 E	 76.78  
 650 E	 42.21  
 651 K	 52.41  
 652 Q	 49.88  
 653 V	 5.69  
 654 P	 17.96  
 655 I	 6.92  
 656 A	 8.43  
 657 P	 22.49  
 658 L	 4.73  
 659 H	 16.59  
 660 L	 9.12  
 661 S	 20.97  
 662 L	 11.32  
 663 E	 48.26  
 664 D	 65.78  
 665 R	 30.92  
 666 S	 39.11  
 667 E	 59.54  
 668 R	 34.87  
 669 L	 6.42  
 670 S	 33.66  
 671 T	 24.78  
 672 H	 25.37  
 673 E	 54.56  
 674 L	 2.82  
 675 T	 17.84  
 676 S	 43.51  
 677 L	 6.37  
 678 L	 9.89  
 679 E	 50.18  
 680 K	 68.51  
 681 E	 48.43  
 682 L	 12.28  
 683 E	 49.64  
 684 Q	 64.88  
 685 S	 33.57  
 686 Q	 47.50  
 687 K	 61.57  
 688 E	 45.85  
 689 A	 18.51  
 690 S	 29.86  
 691 D	 63.42  
 692 L	 5.41  
 693 L	 8.37  
 694 E	 53.78  
 695 Q	 40.07  
 696 N	 27.48  
 697 R	 36.15  
 698 L	 7.08  
 699 L	 4.81  
 700 Q	 40.78  
 701 D	 49.83  
 702 Q	 20.43  
 703 L	 6.82  
 704 R	 13.16  
 705 V	 7.58  
 706 A	 9.62  
 707 L	 6.42  
 708 G	 22.72  
 709 R	 39.36  
 710 E	 47.27  
 711 Q	 40.82  
 712 S	 25.25  
 713 A	 17.15  
 714 R	 43.02  
 715 E	 55.37  
 716 G	 16.58  
 717 Y	 8.01  
 718 V	 4.73  
 719 L	 1.84  
 720 Q	 25.28  
 721 A	 15.28  
 722 T	 11.26  
 723 C	 3.63  
 724 E	 52.03  
 725 R	 47.91  
 726 G	 8.34  
 727 F	 4.99  
 728 A	 14.55  
 729 A	 12.03  
 730 M	 4.25  
 731 E	 55.83  
 732 E	 38.21  
 733 T	 19.12  
 734 H	 40.52  
 735 Q	 57.04  
 736 K	 48.38  
 737 K	 44.77  
 738 I	 6.84  
 739 E	 62.64  
 740 D	 52.12  
 741 L	 2.68  
 742 Q	 56.14  
 743 R	 43.15  
 744 Q	 24.89  
 745 H	 30.74  
 746 Q	 32.00  
 747 R	 48.63  
 748 E	 55.50  
 749 L	 8.40  
 750 E	 45.34  
 751 K	 66.52  
 752 L	 6.43  
 753 R	 62.18  
 754 E	 78.73  
 755 E	 54.55  
 756 K	 43.31  
 757 D	 50.14  
 758 R	 42.54  
 759 L	 8.35  
 760 L	 6.17  
 761 A	 19.71  
 762 E	 56.71  
 763 E	 37.83  
 764 T	 17.07  
 765 A	 13.09  
 766 A	 16.94  
 767 T	 17.01  
 768 I	 1.94  
 769 S	 20.88  
 770 A	 10.37  
 771 I	 2.50  
 772 E	 42.29  
 773 A	 14.24  
 774 M	 1.92  
 775 K	 59.01  
 776 N	 28.09  
 777 A	 9.52  
 778 H	 47.26  
 779 R	 38.88  
 780 E	 52.40  
 781 E	 46.42  
 782 M	 5.15  
 783 E	 46.40  
 784 R	 53.11  
 785 E	 48.23  
 786 L	 14.56  
 787 E	 46.00  
 788 K	 65.59  
 789 S	 22.81  
 790 Q	 61.18  
 791 R	 37.30  
 792 S	 24.99  
 793 Q	 41.60  
 794 I	 3.53  
 795 S	 19.96  
 796 S	 27.67  
 797 I	 4.58  
 798 N	 35.26  
 799 S	 37.99  
 800 D	 37.95  
 801 I	 3.15  
 802 E	 46.79  
 803 A	 13.50  
 804 L	 2.77  
 805 R	 30.61  
 806 R	 30.28  
 807 Q	 40.50  
 808 Y	 17.80  
 809 L	 2.89  
 810 E	 52.29  
 811 E	 49.90  
 812 L	 3.16  
 813 Q	 44.85  
 814 S	 32.61  
 815 V	 3.92  
 816 Q	 38.08  
 817 R	 48.59  
 818 E	 31.99  
 819 L	 6.33  
 820 E	 36.34  
 821 V	 12.77  
 822 L	 3.22  
 823 S	 28.03  
 824 E	 49.75  
 825 Q	 39.54  
 826 Y	 14.71  
 827 S	 23.90  
 828 Q	 35.23  
 829 K	 34.54  
 830 C	 4.46  
 831 L	 7.98  
 832 E	 62.94  
 833 N	 21.51  
 834 A	 6.95  
 835 H	 33.02  
 836 L	 3.34  
 837 A	 5.24  
 838 Q	 53.49  
 839 A	 11.19  
 840 L	 4.21  
 841 E	 52.04  
 842 A	 20.37  
 843 E	 35.63  
 844 R	 33.83  
 845 Q	 35.93  
 846 A	 15.78  
 847 L	 2.69  
 848 R	 37.94  
 849 Q	 28.66  
 850 C	 3.13  
 851 Q	 47.59  
 852 R	 53.08  
 853 E	 37.07  
 854 N	 42.70  
 855 Q	 52.37  
 856 E	 56.42  
 857 L	 5.03  
 858 N	 38.10  
 859 A	 18.68  
 860 H	 35.12  
 861 N	 34.31  
 862 Q	 46.84  
 863 E	 59.80  
 864 L	 5.05  
 865 N	 30.72  
 866 N	 53.63  
 867 R	 25.32  
 868 L	 6.02  
 869 A	 10.38  
 870 A	 17.20  
 871 E	 39.01  
 872 I	 2.02  
 873 T	 18.37  
 874 R	 28.03  
 875 L	 3.52  
 876 R	 21.75  
 877 T	 30.61  
 878 L	 3.05  
 879 L	 5.07  
 880 T	 36.02  
 881 G	 31.38  
 882 D	 47.53  
 883 G	 47.56  
 884 G	 41.24  
 885 G	 31.07  
 886 E	 48.69  
 887 S	 30.93  
 888 T	 38.13  
 889 G	 34.28  
 890 L	 2.96  
 891 P	 34.41  
 892 L	 7.21  
 893 T	 33.08  
 894 Q	 65.70  
 895 G	 25.28  
 896 K	 29.39  
 897 D	 62.30  
 898 A	 11.82  
 899 Y	 31.05  
 900 E	 39.93  
 901 L	 3.43  
 902 E	 21.12  
 903 V	 10.76  
 904 L	 1.52  
 905 L	 7.75  
 906 R	 33.04  
 907 V	 9.00  
 908 K	 49.44  
 909 E	 51.23  
 910 S	 33.99  
 911 E	 34.89  
 912 I	 4.55  
 913 Q	 33.19  
 914 Y	 22.87  
 915 L	 2.37  
 916 K	 40.74  
 917 Q	 51.14  
 918 E	 43.16  
 919 I	 2.92  
 920 S	 28.94  
 921 S	 45.13  
 922 L	 6.91  
 923 K	 51.62  
 924 D	 68.11  
 925 E	 40.99  
 926 L	 8.65  
 927 Q	 23.76  
 928 T	 40.04  
 929 A	 6.40  
 930 L	 9.15  
 931 R	 51.76  
 932 D	 53.28  
 933 K	 41.05  
 934 K	 50.79  
 935 Y	 19.65  
 936 A	 21.82  
 937 S	 31.39  
 938 D	 50.56  
 939 K	 52.27  
 940 Y	 20.91  
 941 K	 43.31  
 942 D	 35.72  
 943 I	 3.92  
 944 Y	 12.33  
 945 T	 30.68  
 946 E	 24.45  
 947 L	 3.28  
 948 S	 17.80  
 949 I	 7.72  
 950 A	 11.46  
 951 K	 49.07  
 952 A	 11.84  
 953 K	 44.01  
 954 A	 27.76  
 955 D	 29.89  
 956 C	 6.30  
 957 D	 42.31  
 958 I	 3.03  
 959 S	 20.50  
 960 R	 50.54  
 961 L	 5.97  
 962 K	 42.16  
 963 E	 66.78  
 964 Q	 46.83  
 965 L	 4.23  
 966 K	 35.35  
 967 A	 28.36  
 968 A	 12.37  
 969 T	 27.01  
 970 E	 36.85  
 971 A	 19.26  
 972 L	 8.08  
 973 G	 47.54  
 974 E	 51.73  
 975 K	 70.30  
 976 S	 24.71  
 977 P	 55.92  
 978 E	 76.02  
 979 G	 30.03  
 980 T	 23.51  
 981 T	 24.43  
 982 V	 4.14  
 983 S	 29.55  
 984 G	 21.57  
 985 Y	 8.52  
 986 D	 37.72  
 987 I	 2.56  
 988 M	 3.51  
 989 K	 55.88  
 990 S	 24.76  
 991 K	 49.05  
 992 S	 61.76  
 993 N	 43.85  
 994 P	 40.60  
 995 D	 66.80  
 996 F	 13.05  
 997 L	 9.81  
 998 K	 53.25  
 999 K	 61.59  
 1000 D	 46.25  
 1001 R	 40.61  
 1002 S	 24.07  
 1003 C	 3.64  
 1004 V	 5.36  
 1005 T	 19.61  
 1006 R	 17.09  
 1007 Q	 35.09  
 1008 L	 4.00  
 1009 R	 28.35  
 1010 N	 42.49  
 1011 I	 4.20  
 1012 R	 41.40  
 1013 S	 26.03  
 1014 K	 38.60  
 1015 S	 29.58  
 1016 V	 6.84  
 1017 I	 3.85  
 1018 E	 42.65  
 1019 Q	 24.34  
 1020 V	 3.97  
 1021 S	 28.54  
 1022 W	 15.43  
 1023 D	 43.38  
 1024 N	 47.75  
