 1 M	 7.29  
 2 T	 32.61  
 3 T	 22.35  
 4 T	 18.05  
 5 T	 28.30  
 6 T	 22.66  
 7 F	 6.44  
 8 K	 56.80  
 9 G	 25.52  
 10 V	 13.10  
 11 D	 45.38  
 12 P	 37.99  
 13 N	 49.49  
 14 S	 37.92  
 15 R	 54.40  
 16 N	 44.13  
 17 S	 20.57  
 18 S	 29.92  
 19 R	 31.17  
 20 V	 6.01  
 21 L	 7.08  
 22 R	 32.29  
 23 P	 27.94  
 24 P	 47.85  
 25 G	 56.64  
 26 G	 41.97  
 27 G	 25.90  
 28 S	 37.67  
 29 N	 33.53  
 30 F	 7.36  
 31 S	 31.65  
 32 L	 7.49  
 33 G	 27.11  
 34 F	 13.42  
 35 D	 60.20  
 36 E	 44.12  
 37 P	 42.83  
 38 A	 26.47  
 39 E	 67.16  
 40 Q	 43.84  
 41 P	 21.27  
 42 V	 15.82  
 43 R	 43.44  
 44 K	 62.24  
 45 N	 28.86  
 46 K	 38.59  
 47 M	 7.46  
 48 A	 10.88  
 49 S	 27.28  
 50 N	 24.87  
 51 I	 2.89  
 52 F	 11.88  
 53 G	 36.24  
 54 T	 19.44  
 55 P	 47.48  
 56 E	 70.96  
 57 E	 76.01  
 58 N	 52.71  
 59 P	 27.81  
 60 P	 54.83  
 61 S	 40.71  
 62 W	 17.30  
 63 A	 10.56  
 64 K	 34.28  
 65 S	 30.07  
 66 A	 26.10  
 67 G	 42.57  
 68 S	 29.13  
 69 K	 47.96  
 70 S	 35.59  
 71 S	 49.34  
 72 G	 46.39  
 73 G	 31.58  
 74 R	 48.34  
 75 E	 69.99  
 76 D	 57.24  
 77 S	 34.91  
 78 E	 73.59  
 79 S	 32.36  
 80 P	 45.88  
 81 G	 43.70  
 82 T	 24.96  
 83 Q	 53.36  
 84 R	 37.33  
 85 S	 31.11  
 86 N	 52.31  
 87 S	 30.70  
 88 S	 41.24  
 89 E	 53.01  
 90 A	 15.79  
 91 S	 30.70  
 92 S	 49.80  
 93 G	 27.48  
 94 D	 42.77  
 95 F	 6.97  
 96 L	 10.04  
 97 D	 46.45  
 98 L	 9.26  
 99 K	 55.36  
 100 G	 51.95  
 101 E	 50.89  
 102 G	 46.33  
 103 D	 30.85  
 104 M	 6.67  
 105 H	 28.37  
 106 E	 52.92  
 107 N	 23.45  
 108 V	 8.36  
 109 D	 52.74  
 110 T	 34.14  
 111 D	 29.24  
 112 F	 8.85  
 113 Q	 31.95  
 114 A	 17.01  
 115 N	 25.73  
 116 L	 3.82  
 117 A	 13.38  
 118 Q	 42.88  
 119 M	 6.29  
 120 E	 51.28  
 121 E	 58.27  
 122 K	 37.70  
 123 P	 40.37  
 124 V	 8.15  
 125 P	 31.09  
 126 A	 25.32  
 127 A	 10.27  
 128 P	 40.43  
 129 V	 6.68  
 130 P	 31.68  
 131 S	 32.04  
 132 P	 21.88  
 133 V	 13.46  
 134 A	 9.64  
 135 P	 37.01  
 136 A	 14.16  
 137 P	 37.18  
 138 V	 7.95  
 139 P	 22.51  
 140 S	 44.07  
 141 R	 36.00  
 142 R	 65.43  
 143 N	 46.11  
 144 P	 27.40  
 145 P	 68.65  
 146 G	 58.37  
 147 G	 32.23  
 148 K	 42.67  
 149 S	 31.98  
 150 S	 26.44  
 151 L	 4.81  
 152 V	 6.60  
 153 L	 9.04  
 154 G	 28.18  
