 1 M	 5.44  
 2 T	 21.62  
 3 V	 3.24  
 4 L	 1.94  
 5 L	 2.72  
 6 L	 1.88  
 7 V	 3.99  
 8 V	 2.87  
 9 L	 1.94  
 10 Q	 24.87  
 11 M	 3.29  
 12 W	 3.67  
 13 K	 30.43  
 14 A	 6.28  
 15 T	 29.46  
 16 A	 20.68  
 17 G	 15.66  
 18 H	 17.36  
 19 S	 16.01  
 20 I	 3.49  
 21 A	 9.64  
 22 V	 5.14  
 23 S	 20.90  
 24 Q	 46.33  
 25 D	 49.13  
 26 D	 46.68  
 27 G	 38.91  
 28 A	 20.70  
 29 D	 68.06  
 30 D	 44.57  
 31 W	 15.78  
 32 E	 50.78  
 33 T	 48.88  
 34 D	 29.29  
 35 P	 44.34  
 36 D	 64.04  
 37 F	 7.23  
 38 V	 8.56  
 39 N	 43.91  
 40 D	 39.76  
 41 V	 7.21  
 42 S	 45.90  
 43 E	 61.53  
 44 K	 52.20  
 45 E	 41.13  
 46 Q	 58.45  
 47 R	 34.58  
 48 W	 15.70  
 49 G	 21.27  
 50 A	 9.44  
 51 K	 50.33  
 52 T	 27.24  
 53 V	 6.96  
 54 K	 53.22  
 55 G	 34.23  
 56 S	 27.64  
 57 G	 34.86  
 58 H	 31.39  
 59 Q	 47.70  
 60 E	 40.85  
 61 H	 16.30  
 62 I	 5.22  
 63 N	 27.83  
 64 I	 1.85  
 65 H	 19.01  
 66 Q	 38.12  
 67 L	 4.60  
 68 R	 27.20  
 69 E	 67.35  
 70 N	 33.21  
 71 V	 4.49  
 72 F	 12.14  
 73 Q	 42.87  
 74 E	 26.88  
 75 H	 21.21  
 76 Q	 44.14  
 77 T	 35.60  
 78 I	 4.34  
 79 K	 67.15  
 80 E	 48.16  
 81 K	 63.70  
 82 E	 53.59  
 83 L	 12.06  
 84 E	 53.46  
 85 T	 71.99  
 86 G	 16.61  
 87 P	 36.14  
 88 K	 64.96  
 89 A	 15.19  
 90 S	 24.46  
 91 H	 38.05  
 92 G	 21.93  
 93 Y	 19.79  
 94 G	 37.09  
 95 G	 17.40  
 96 K	 34.28  
 97 F	 17.51  
 98 G	 26.07  
 99 V	 7.22  
 100 E	 47.33  
 101 Q	 41.00  
 102 D	 34.07  
 103 R	 34.59  
 104 M	 11.64  
 105 D	 42.52  
 106 K	 30.85  
 107 S	 24.75  
 108 A	 19.63  
 109 V	 11.82  
 110 G	 13.97  
 111 H	 24.80  
 112 E	 39.06  
 113 Y	 16.65  
 114 Q	 30.98  
 115 S	 34.36  
 116 K	 41.05  
 117 L	 11.32  
 118 S	 24.88  
 119 K	 60.10  
 120 H	 17.06  
 121 C	 3.32  
 122 S	 32.72  
 123 Q	 48.72  
 124 V	 3.22  
 125 D	 39.82  
 126 S	 27.20  
 127 V	 6.43  
 128 K	 53.10  
 129 G	 25.03  
 130 F	 10.91  
 131 G	 47.23  
 132 G	 21.62  
 133 K	 39.05  
 134 F	 15.22  
 135 G	 17.70  
 136 V	 6.61  
 137 Q	 37.75  
 138 T	 24.30  
 139 D	 31.36  
 140 R	 36.98  
 141 V	 9.76  
 142 D	 37.30  
 143 Q	 30.36  
 144 S	 22.06  
 145 A	 10.38  
 146 V	 12.51  
 147 G	 14.91  
 148 F	 6.76  
 149 E	 30.90  
 150 Y	 21.95  
 151 Q	 39.44  
 152 G	 37.64  
 153 K	 37.68  
 154 T	 58.03  
 155 E	 46.46  
 156 K	 50.10  
 157 H	 25.12  
 158 A	 25.40  
 159 S	 37.17  
 160 Q	 43.34  
 161 K	 57.02  
 162 D	 40.69  
 163 Y	 16.27  
 164 S	 33.83  
 165 S	 31.73  
 166 G	 21.19  
 167 F	 14.58  
 168 G	 34.90  
 169 G	 20.11  
 170 K	 38.93  
 171 Y	 26.29  
 172 G	 14.46  
 173 V	 3.73  
 174 Q	 32.93  
 175 A	 12.27  
 176 D	 33.76  
 177 R	 41.36  
 178 V	 12.83  
 179 D	 39.83  
 180 K	 37.14  
 181 S	 24.59  
 182 A	 15.93  
 183 V	 11.51  
 184 G	 14.93  
 185 F	 6.76  
 186 D	 28.99  
 187 Y	 19.53  
 188 Q	 49.07  
 189 G	 32.40  
 190 K	 37.68  
 191 T	 58.03  
 192 E	 56.77  
 193 K	 58.88  
 194 H	 33.44  
 195 E	 66.97  
 196 S	 42.10  
 197 Q	 39.39  
 198 K	 68.84  
 199 D	 45.35  
 200 Y	 21.22  
 201 S	 36.11  
 202 K	 52.62  
 203 G	 22.08  
 204 F	 15.58  
 205 G	 40.11  
 206 G	 20.11  
 207 K	 38.93  
 208 Y	 26.17  
 209 G	 25.32  
 210 V	 8.20  
 211 D	 49.42  
 212 K	 57.98  
 213 D	 52.31  
 214 K	 59.06  
 215 V	 18.80  
 216 D	 44.95  
 217 K	 43.21  
 218 S	 24.59  
 219 A	 15.93  
 220 V	 13.41  
 221 G	 14.91  
 222 F	 6.76  
 223 E	 30.90  
 224 Y	 21.95  
 225 Q	 39.44  
 226 G	 37.64  
 227 K	 37.68  
 228 T	 58.03  
 229 E	 56.77  
 230 K	 58.88  
 231 H	 33.44  
 232 E	 66.97  
 233 S	 42.10  
 234 Q	 39.39  
 235 K	 61.37  
 236 D	 45.91  
 237 Y	 15.88  
 238 V	 7.58  
 239 K	 42.15  
 240 G	 19.18  
 241 F	 10.91  
 242 G	 47.23  
 243 G	 21.62  
 244 K	 39.05  
 245 F	 15.22  
 246 G	 17.70  
 247 V	 6.61  
 248 Q	 37.75  
 249 T	 30.64  
 250 D	 29.20  
 251 R	 50.41  
 252 Q	 58.27  
 253 D	 49.23  
 254 K	 17.05  
 255 C	 5.20  
 256 A	 18.17  
 257 L	 11.33  
 258 G	 14.83  
 259 W	 10.77  
 260 D	 31.62  
 261 H	 31.06  
 262 Q	 50.13  
 263 E	 52.34  
 264 K	 28.80  
 265 V	 7.82  
 266 Q	 48.44  
 267 L	 5.61  
 268 H	 18.64  
 269 E	 64.55  
 270 S	 31.61  
 271 Q	 39.39  
 272 K	 72.76  
 273 D	 48.75  
 274 Y	 17.68  
 275 K	 54.99  
 276 S	 32.88  
 277 G	 22.52  
 278 F	 17.58  
 279 G	 41.74  
 280 G	 21.62  
 281 K	 39.05  
 282 F	 15.22  
 283 G	 17.70  
 284 V	 7.77  
 285 Q	 37.71  
 286 T	 30.63  
 287 E	 31.11  
 288 R	 49.98  
 289 Q	 61.81  
 290 D	 45.39  
 291 P	 18.82  
 292 S	 43.82  
 293 A	 15.73  
 294 V	 10.35  
 295 G	 14.93  
 296 F	 8.14  
 297 D	 47.90  
 298 Y	 20.84  
 299 K	 50.66  
 300 E	 47.26  
 301 K	 49.98  
 302 L	 8.88  
 303 A	 23.40  
 304 K	 59.34  
 305 H	 34.04  
 306 E	 49.92  
 307 S	 32.62  
 308 Q	 36.86  
 309 Q	 61.97  
 310 D	 41.87  
 311 Y	 14.14  
 312 S	 34.29  
 313 K	 52.62  
 314 G	 22.08  
 315 F	 15.58  
 316 G	 40.11  
 317 G	 20.11  
 318 K	 38.93  
 319 Y	 26.29  
 320 G	 20.90  
 321 V	 6.08  
 322 Q	 37.25  
 323 K	 44.91  
 324 D	 33.76  
 325 R	 42.08  
 326 M	 14.26  
 327 D	 41.78  
 328 K	 38.86  
 329 N	 30.46  
 330 A	 17.39  
 331 A	 23.40  
 332 T	 25.75  
 333 F	 7.33  
 334 E	 54.44  
 335 D	 50.59  
 336 I	 6.04  
 337 E	 66.36  
 338 K	 54.66  
 339 P	 20.84  
 340 T	 44.78  
 341 S	 33.38  
 342 T	 32.23  
 343 Y	 14.05  
 344 Q	 47.21  
 345 K	 48.37  
 346 T	 25.67  
 347 K	 54.85  
 348 P	 38.13  
 349 V	 8.59  
 350 E	 50.38  
 351 R	 32.84  
 352 V	 4.33  
 353 A	 20.30  
 354 N	 45.33  
 355 K	 39.79  
 356 T	 27.75  
 357 S	 25.94  
 358 S	 22.71  
 359 I	 4.90  
 360 R	 21.26  
 361 A	 24.24  
 362 N	 37.73  
 363 L	 4.51  
 364 E	 50.43  
 365 N	 48.76  
 366 L	 5.41  
 367 A	 29.55  
 368 K	 72.92  
 369 E	 57.10  
 370 K	 65.08  
 371 E	 61.36  
 372 Q	 69.80  
 373 E	 55.36  
 374 D	 56.21  
 375 R	 41.04  
 376 R	 55.66  
 377 K	 52.01  
 378 A	 21.30  
 379 E	 54.84  
 380 A	 19.21  
 381 E	 39.80  
 382 R	 42.97  
 383 A	 7.88  
 384 Q	 41.73  
 385 R	 21.53  
 386 M	 2.47  
 387 A	 20.76  
 388 R	 42.15  
 389 E	 49.94  
 390 K	 54.29  
 391 Q	 53.50  
 392 E	 71.65  
 393 Q	 51.87  
 394 E	 53.52  
 395 E	 47.36  
 396 A	 18.80  
 397 R	 39.28  
 398 R	 55.76  
 399 K	 55.48  
 400 L	 9.21  
 401 E	 51.61  
 402 E	 67.29  
 403 Q	 38.49  
 404 A	 19.63  
 405 K	 61.50  
 406 A	 27.56  
 407 K	 44.71  
 408 K	 65.35  
 409 Q	 59.54  
 410 T	 46.79  
 411 P	 35.99  
 412 P	 45.44  
 413 P	 54.89  
 414 S	 40.42  
 415 P	 45.28  
 416 T	 42.26  
 417 T	 35.62  
 418 Q	 37.37  
 419 P	 36.18  
 420 A	 35.59  
 421 E	 54.75  
 422 P	 48.18  
 423 K	 65.65  
 424 T	 38.83  
 425 P	 38.65  
 426 S	 53.13  
 427 S	 21.42  
 428 P	 32.92  
 429 V	 7.87  
 430 Y	 12.22  
 431 Q	 32.21  
 432 D	 31.11  
 433 A	 4.07  
 434 V	 7.98  
 435 S	 21.00  
 436 Y	 16.75  
 437 D	 36.03  
 438 A	 12.38  
 439 E	 32.76  
 440 S	 38.32  
 441 A	 15.72  
 442 Y	 21.71  
 443 K	 50.50  
 444 N	 28.63  
 445 S	 25.55  
 446 S	 33.88  
 447 T	 29.58  
 448 T	 19.89  
 449 Y	 13.13  
 450 S	 25.70  
 451 A	 16.26  
 452 E	 42.73  
 453 H	 56.48  
 454 E	 42.12  
 455 P	 42.85  
 456 E	 54.53  
 457 S	 59.13  
 458 G	 26.71  
 459 Y	 17.91  
 460 K	 43.04  
 461 T	 28.10  
 462 T	 30.45  
 463 G	 24.61  
 464 S	 30.93  
 465 D	 50.94  
 466 Y	 15.22  
 467 Q	 36.84  
 468 E	 44.82  
 469 A	 7.25  
 470 V	 5.01  
 471 S	 30.48  
 472 Q	 40.40  
 473 R	 37.27  
 474 E	 37.91  
 475 A	 27.19  
 476 E	 45.75  
 477 Y	 43.78  
 478 E	 28.32  
 479 P	 41.47  
 480 E	 38.68  
 481 T	 38.82  
 482 V	 3.51  
 483 Y	 16.47  
 484 E	 22.89  
 485 V	 3.05  
 486 A	 7.09  
 487 G	 34.96  
 488 A	 15.54  
 489 G	 22.70  
 490 D	 36.47  
 491 H	 18.71  
 492 Y	 17.73  
 493 Q	 38.59  
 494 A	 20.92  
 495 E	 35.93  
 496 E	 58.87  
 497 N	 35.13  
 498 T	 35.31  
 499 Y	 20.54  
 500 D	 50.38  
 501 E	 44.31  
 502 Y	 22.58  
 503 E	 42.03  
 504 N	 49.22  
 505 E	 36.11  
 506 L	 10.16  
 507 G	 14.71  
 508 I	 3.53  
 509 T	 15.37  
 510 A	 5.32  
 511 I	 1.71  
 512 A	 9.52  
 513 L	 2.46  
 514 Y	 12.00  
 515 D	 29.89  
 516 Y	 6.11  
 517 Q	 23.10  
 518 A	 13.74  
 519 A	 13.36  
 520 G	 46.01  
 521 D	 45.72  
 522 D	 54.96  
 523 E	 45.32  
 524 I	 6.82  
 525 S	 22.88  
 526 F	 22.68  
 527 D	 38.64  
 528 P	 38.88  
 529 D	 62.68  
 530 D	 39.31  
 531 I	 5.65  
 532 I	 2.87  
 533 T	 30.40  
 534 N	 20.15  
 535 I	 2.59  
 536 E	 31.96  
 537 M	 3.45  
 538 I	 2.57  
 539 D	 47.24  
 540 D	 43.62  
 541 G	 23.30  
 542 W	 6.65  
 543 W	 7.84  
 544 R	 22.58  
 545 G	 18.56  
 546 V	 1.98  
 547 C	 4.27  
 548 K	 43.97  
 549 G	 23.94  
 550 R	 14.08  
 551 Y	 27.18  
 552 G	 21.34  
 553 L	 3.26  
 554 F	 4.69  
 555 P	 25.33  
 556 A	 16.80  
 557 N	 41.44  
 558 Y	 9.45  
 559 V	 5.84  
 560 E	 28.07  
 561 L	 4.33  
 562 R	 27.02  
 563 Q	 71.00  
