 1 M	 6.79  
 2 S	 30.40  
 3 A	 11.29  
 4 R	 26.71  
 5 R	 26.03  
 6 V	 6.26  
 7 T	 16.69  
 8 L	 5.88  
 9 N	 19.24  
 10 T	 35.24  
 11 R	 24.28  
 12 V	 4.23  
 13 S	 20.88  
 14 R	 29.69  
 15 A	 15.06  
 16 S	 23.06  
 17 T	 35.32  
 18 S	 28.37  
 19 T	 23.29  
 20 P	 23.64  
 21 V	 12.83  
 22 G	 27.44  
 23 G	 19.31  
 24 A	 12.05  
 25 S	 31.90  
 26 T	 30.13  
 27 S	 17.41  
 28 S	 30.95  
 29 R	 30.56  
 30 V	 7.08  
 31 G	 23.25  
 32 A	 11.31  
 33 T	 29.34  
 34 S	 26.16  
 35 P	 32.32  
 36 T	 47.29  
 37 S	 27.88  
 38 P	 28.51  
 39 T	 46.47  
 40 R	 33.80  
 41 T	 30.64  
 42 S	 25.46  
 43 R	 41.40  
 44 Q	 56.40  
 45 Q	 63.72  
 46 E	 54.84  
 47 K	 52.75  
 48 E	 64.29  
 49 E	 65.87  
 50 L	 4.00  
 51 Q	 42.15  
 52 H	 38.94  
 53 L	 4.62  
 54 N	 30.17  
 55 D	 54.02  
 56 R	 24.10  
 57 L	 4.27  
 58 A	 5.74  
 59 C	 3.47  
 60 Y	 10.55  
 61 I	 2.45  
 62 D	 16.32  
 63 R	 19.19  
 64 M	 2.71  
 65 R	 45.54  
 66 N	 42.22  
 67 L	 5.43  
 68 E	 67.08  
 69 N	 57.84  
 70 E	 47.40  
 71 N	 43.97  
 72 S	 23.61  
 73 R	 54.02  
 74 L	 6.10  
 75 T	 20.91  
 76 Q	 58.74  
 77 E	 34.10  
 78 L	 4.59  
 79 N	 32.36  
 80 L	 7.67  
 81 A	 12.25  
 82 Q	 50.50  
 83 D	 47.19  
 84 T	 13.96  
 85 V	 9.52  
 86 N	 37.86  
 87 R	 44.21  
 88 E	 51.92  
 89 T	 21.48  
 90 S	 35.10  
 91 N	 53.64  
 92 L	 3.64  
 93 K	 39.80  
 94 A	 16.58  
 95 V	 6.40  
 96 Y	 26.58  
 97 E	 33.19  
 98 K	 40.10  
 99 E	 31.53  
 100 L	 6.10  
 101 A	 10.52  
 102 A	 22.03  
 103 A	 11.97  
 104 R	 25.98  
 105 K	 48.99  
 106 L	 6.41  
 107 L	 6.66  
 108 D	 62.73  
 109 E	 51.11  
 110 T	 42.57  
 111 A	 18.90  
 112 K	 68.14  
 113 E	 56.64  
 114 K	 50.55  
 115 A	 23.82  
 116 K	 58.69  
 117 L	 9.24  
 118 E	 37.60  
 119 I	 10.86  
 120 D	 30.86  
 121 I	 3.25  
 122 K	 37.38  
 123 R	 45.42  
 124 L	 6.00  
 125 W	 18.19  
 126 E	 52.06  
 127 E	 55.14  
 128 N	 36.26  
 129 D	 66.93  
 130 D	 69.08  
 131 L	 10.30  
 132 K	 34.78  
 133 P	 49.73  
 134 R	 54.66  
 135 L	 17.95  
 136 D	 52.24  
 137 K	 67.92  
 138 K	 65.58  
 139 T	 39.60  
 140 K	 54.99  
 141 E	 55.60  
 142 A	 14.66  
 143 T	 22.72  
 144 V	 8.96  
 145 A	 14.94  
 146 E	 46.83  
 147 N	 37.41  
 148 N	 20.24  
 149 A	 17.90  
 150 R	 39.67  
 151 L	 6.13  
 152 Y	 12.95  
 153 E	 39.56  
 154 N	 37.87  
 155 R	 24.58  
 156 Y	 27.53  
 157 N	 43.43  
 158 E	 28.55  
 159 V	 11.58  
 160 N	 34.75  
 161 G	 38.71  
 162 K	 35.51  
 163 Y	 21.60  
 164 N	 28.57  
 165 Q	 36.41  
 166 S	 23.14  
 167 L	 4.07  
 168 A	 21.58  
 169 D	 69.12  
 170 R	 38.16  
 171 K	 63.46  
 172 K	 55.68  
 173 F	 16.35  
 174 E	 59.08  
 175 D	 57.79  
 176 Q	 47.32  
 177 A	 21.44  
 178 K	 47.86  
 179 E	 42.14  
 180 L	 6.94  
 181 A	 17.58  
 182 L	 13.04  
 183 E	 51.98  
 184 N	 40.30  
 185 E	 43.66  
 186 R	 45.11  
 187 L	 4.28  
 188 R	 30.44  
 189 R	 46.11  
 190 Q	 42.69  
 191 L	 5.40  
 192 D	 44.55  
 193 D	 57.89  
 194 L	 8.01  
 195 R	 31.50  
 196 K	 67.54  
 197 Q	 37.79  
 198 L	 8.26  
 199 E	 41.80  
 200 A	 24.54  
 201 E	 34.67  
 202 T	 32.53  
 203 L	 1.84  
 204 A	 19.50  
 205 R	 26.12  
 206 V	 9.06  
 207 D	 42.59  
 208 L	 6.44  
 209 E	 52.91  
 210 N	 54.09  
 211 Q	 39.71  
 212 N	 45.02  
 213 Q	 33.79  
 214 S	 36.62  
 215 L	 6.02  
 216 R	 40.36  
 217 E	 63.76  
 218 E	 38.68  
 219 L	 6.10  
 220 A	 16.84  
 221 F	 16.32  
 222 K	 41.46  
 223 D	 49.64  
 224 Q	 29.49  
 225 V	 8.28  
 226 H	 19.05  
 227 T	 25.53  
 228 Q	 28.91  
 229 E	 59.83  
 230 L	 3.64  
 231 T	 34.26  
 232 E	 55.65  
 233 T	 28.80  
 234 R	 23.18  
 235 S	 38.95  
 236 R	 31.09  
 237 R	 42.97  
 238 Q	 36.23  
 239 I	 4.88  
 240 E	 31.93  
 241 I	 4.84  
 242 S	 18.73  
 243 E	 51.24  
 244 I	 5.63  
 245 D	 31.91  
 246 G	 37.78  
 247 R	 26.24  
 248 L	 6.39  
 249 S	 18.90  
 250 R	 47.92  
 251 Q	 36.72  
 252 Y	 19.42  
 253 E	 30.87  
 254 A	 16.96  
 255 K	 34.58  
 256 L	 7.84  
 257 Q	 30.06  
 258 Q	 57.45  
 259 S	 21.04  
 260 L	 3.89  
 261 Q	 53.58  
 262 E	 51.57  
 263 L	 4.76  
 264 R	 28.38  
 265 D	 68.95  
 266 Q	 31.57  
 267 Y	 26.73  
 268 E	 37.00  
 269 G	 22.96  
 270 Q	 13.17  
 271 M	 7.36  
 272 R	 18.36  
 273 I	 4.84  
 274 N	 34.64  
 275 R	 40.32  
 276 E	 59.86  
 277 E	 38.23  
 278 I	 3.76  
 279 E	 35.68  
 280 L	 7.06  
 281 L	 3.07  
 282 Y	 29.37  
 283 D	 46.37  
 284 N	 34.41  
 285 E	 42.95  
 286 I	 4.05  
 287 Q	 42.92  
 288 N	 49.52  
 289 L	 1.98  
 290 K	 43.45  
 291 A	 18.25  
 292 A	 12.04  
 293 A	 15.76  
 294 N	 29.42  
 295 R	 26.94  
 296 A	 12.16  
 297 A	 15.84  
 298 Q	 45.44  
 299 G	 15.34  
 300 S	 14.18  
 301 A	 14.19  
 302 L	 6.93  
 303 A	 16.81  
 304 T	 33.26  
 305 E	 49.22  
 306 E	 28.69  
 307 V	 4.66  
 308 R	 26.50  
 309 L	 3.09  
 310 M	 3.42  
 311 R	 37.14  
 312 T	 20.56  
 313 K	 28.56  
 314 I	 5.13  
 315 D	 58.02  
 316 G	 25.05  
 317 L	 5.10  
 318 N	 40.33  
 319 A	 20.98  
 320 K	 49.92  
 321 L	 3.66  
 322 Q	 52.32  
 323 N	 56.70  
 324 L	 3.98  
 325 E	 71.04  
 326 D	 48.72  
 327 T	 20.00  
 328 N	 44.31  
 329 A	 26.41  
 330 G	 22.87  
 331 L	 4.15  
 332 N	 26.67  
 333 A	 17.20  
 334 R	 27.68  
 335 I	 3.59  
 336 R	 36.57  
 337 E	 59.05  
 338 L	 3.67  
 339 E	 40.87  
 340 N	 59.53  
 341 L	 3.14  
 342 L	 13.28  
 343 D	 50.08  
 344 T	 32.79  
 345 E	 46.62  
 346 R	 40.71  
 347 Q	 44.76  
 348 R	 36.62  
 349 H	 19.87  
 350 N	 38.24  
 351 Q	 25.53  
 352 Y	 12.08  
 353 I	 1.19  
 354 A	 11.79  
 355 S	 19.72  
 356 L	 5.52  
 357 E	 37.29  
 358 A	 28.26  
 359 E	 35.74  
 360 L	 5.15  
 361 Q	 28.73  
 362 R	 34.43  
 363 M	 4.00  
 364 R	 38.64  
 365 D	 40.45  
 366 E	 28.09  
 367 M	 4.77  
 368 A	 5.80  
 369 H	 27.81  
 370 Q	 34.99  
 371 L	 2.76  
 372 Q	 40.56  
 373 E	 48.71  
 374 Y	 8.57  
 375 Q	 37.48  
 376 G	 23.28  
 377 L	 1.32  
 378 M	 6.82  
 379 D	 42.47  
 380 I	 2.71  
 381 K	 22.85  
 382 V	 7.59  
 383 S	 15.91  
 384 L	 11.03  
 385 D	 34.45  
 386 L	 6.60  
 387 E	 30.19  
 388 I	 3.27  
 389 A	 7.21  
 390 A	 20.79  
 391 Y	 12.46  
 392 D	 30.33  
 393 K	 30.59  
 394 L	 4.34  
 395 L	 4.31  
 396 C	 10.51  
 397 G	 39.51  
 398 E	 47.54  
 399 E	 28.52  
 400 R	 44.05  
 401 R	 35.05  
 402 L	 10.69  
 403 N	 33.88  
 404 I	 7.02  
 405 E	 50.21  
 406 S	 28.94  
 407 P	 29.98  
 408 G	 58.44  
 409 R	 28.86  
 410 P	 45.63  
 411 T	 41.70  
 412 T	 30.74  
 413 D	 47.55  
 414 S	 35.61  
 415 G	 26.97  
 416 I	 4.77  
 417 S	 22.67  
 418 S	 43.20  
 419 N	 49.55  
 420 G	 20.56  
 421 S	 21.41  
 422 H	 28.70  
 423 L	 4.60  
 424 T	 17.09  
 425 A	 14.95  
 426 S	 24.37  
 427 A	 14.73  
 428 S	 24.64  
 429 S	 30.13  
 430 R	 40.41  
 431 S	 32.66  
 432 G	 27.28  
 433 R	 30.31  
 434 V	 12.01  
 435 T	 15.46  
 436 P	 31.74  
 437 S	 35.25  
 438 G	 30.17  
 439 R	 33.45  
 440 R	 33.88  
 441 S	 34.82  
 442 A	 18.92  
 443 T	 24.24  
 444 P	 37.53  
 445 G	 23.49  
 446 I	 4.42  
 447 S	 38.24  
 448 G	 24.57  
 449 S	 14.34  
 450 S	 40.38  
 451 A	 16.73  
 452 V	 5.53  
 453 K	 39.65  
 454 R	 27.07  
 455 R	 32.67  
 456 R	 37.06  
 457 T	 21.72  
 458 V	 5.01  
 459 I	 4.87  
 460 D	 49.37  
 461 E	 44.92  
 462 S	 40.84  
 463 E	 49.84  
 464 D	 59.13  
 465 R	 33.25  
 466 T	 47.13  
 467 L	 3.69  
 468 S	 33.60  
 469 E	 44.96  
 470 Y	 17.97  
 471 S	 12.58  
 472 V	 5.75  
 473 N	 20.23  
 474 A	 13.47  
 475 A	 12.42  
 476 A	 17.60  
 477 K	 48.51  
 478 G	 39.75  
 479 D	 40.18  
 480 L	 7.49  
 481 E	 46.81  
 482 I	 4.48  
 483 I	 2.32  
 484 E	 44.47  
 485 A	 18.75  
 486 D	 26.64  
 487 V	 12.38  
 488 E	 45.24  
 489 G	 29.64  
 490 R	 19.33  
 491 F	 9.44  
 492 I	 4.46  
 493 K	 40.77  
 494 L	 4.62  
 495 H	 29.02  
 496 N	 55.69  
 497 K	 57.36  
 498 G	 43.61  
 499 T	 31.86  
 500 E	 66.60  
 501 E	 36.69  
 502 I	 4.10  
 503 N	 34.53  
 504 L	 6.02  
 505 T	 31.70  
 506 G	 17.19  
 507 W	 5.69  
 508 Q	 34.01  
 509 L	 2.54  
 510 T	 12.62  
 511 R	 25.92  
 512 I	 4.18  
 513 A	 18.98  
 514 G	 40.26  
 515 D	 36.86  
 516 E	 54.73  
 517 E	 50.57  
 518 L	 6.80  
 519 A	 14.63  
 520 F	 14.88  
 521 K	 36.50  
 522 F	 4.93  
 523 S	 36.00  
 524 R	 57.44  
 525 G	 30.53  
 526 S	 20.62  
 527 K	 44.28  
 528 V	 6.86  
 529 L	 6.35  
 530 G	 32.39  
 531 G	 15.54  
 532 A	 10.07  
 533 S	 24.06  
 534 V	 4.45  
 535 T	 17.77  
 536 I	 2.12  
 537 W	 5.28  
 538 S	 13.28  
 539 V	 3.34  
 540 D	 33.49  
 541 A	 18.32  
 542 G	 20.97  
 543 T	 23.65  
 544 A	 12.27  
 545 H	 48.20  
 546 D	 58.86  
 547 P	 24.53  
 548 P	 48.69  
 549 N	 60.91  
 550 N	 39.52  
 551 L	 5.17  
 552 V	 6.01  
 553 M	 6.24  
 554 K	 43.66  
 555 K	 41.81  
 556 K	 51.73  
 557 W	 11.07  
 558 P	 24.99  
 559 V	 8.39  
 560 A	 9.78  
 561 N	 36.25  
 562 S	 13.06  
 563 M	 3.57  
 564 R	 24.35  
 565 S	 16.91  
 566 V	 4.06  
 567 L	 2.99  
 568 A	 13.65  
 569 N	 44.50  
 570 A	 24.52  
 571 D	 55.47  
 572 K	 54.10  
 573 E	 59.26  
 574 D	 47.20  
 575 V	 3.90  
 576 A	 18.07  
 577 S	 27.67  
 578 Y	 9.68  
 579 D	 39.85  
 580 R	 16.16  
 581 V	 6.56  
 582 R	 22.72  
 583 A	 20.23  
 584 N	 24.52  
 585 V	 6.40  
 586 S	 19.06  
 587 S	 26.88  
 588 H	 21.98  
 589 T	 29.42  
 590 S	 22.21  
 591 R	 30.32  
 592 H	 33.47  
 593 R	 31.26  
 594 S	 27.31  
 595 S	 46.79  
 596 G	 42.78  
 597 T	 18.93  
 598 P	 33.16  
 599 S	 40.79  
 600 T	 37.20  
 601 G	 20.20  
 602 F	 5.30  
 603 T	 31.39  
 604 L	 4.86  
 605 G	 22.45  
 606 S	 28.69  
 607 G	 31.96  
 608 A	 15.51  
 609 G	 29.30  
 610 S	 22.81  
 611 T	 38.49  
 612 G	 17.97  
 613 V	 3.68  
 614 R	 29.05  
 615 S	 31.21  
 616 L	 2.07  
 617 F	 5.22  
 618 S	 29.47  
 619 L	 4.43  
 620 L	 4.66  
 621 F	 13.11  
