 1 M	 6.38  
 2 A	 19.37  
 3 S	 23.74  
 4 G	 23.65  
 5 A	 9.83  
 6 Y	 21.86  
 7 N	 23.51  
 8 P	 20.85  
 9 Y	 13.93  
 10 I	 3.02  
 11 E	 31.88  
 12 I	 2.81  
 13 I	 2.33  
 14 E	 61.26  
 15 Q	 28.24  
 16 P	 22.91  
 17 R	 38.22  
 18 Q	 53.62  
 19 R	 42.00  
 20 G	 11.86  
 21 M	 3.89  
 22 R	 18.73  
 23 F	 8.11  
 24 R	 21.45  
 25 Y	 19.78  
 26 K	 22.89  
 27 C	 5.06  
 28 E	 54.19  
 29 G	 38.01  
 30 R	 10.88  
 31 S	 48.08  
 32 A	 17.87  
 33 G	 27.62  
 34 S	 25.90  
 35 I	 5.06  
 36 P	 43.76  
 37 G	 43.51  
 38 E	 29.34  
 39 H	 41.74  
 40 S	 32.90  
 41 T	 44.66  
 42 D	 54.12  
 43 N	 39.72  
 44 N	 40.24  
 45 R	 41.72  
 46 T	 41.74  
 47 Y	 7.55  
 48 P	 25.09  
 49 S	 19.40  
 50 I	 2.51  
 51 Q	 32.96  
 52 I	 1.52  
 53 M	 1.19  
 54 N	 28.62  
 55 Y	 9.01  
 56 Y	 13.83  
 57 G	 23.14  
 58 K	 39.16  
 59 G	 29.36  
 60 K	 31.65  
 61 V	 7.94  
 62 R	 21.47  
 63 I	 3.80  
 64 T	 12.47  
 65 L	 4.24  
 66 V	 5.54  
 67 T	 27.52  
 68 K	 52.45  
 69 N	 46.23  
 70 D	 49.84  
 71 P	 48.73  
 72 Y	 39.76  
 73 K	 42.09  
 74 P	 40.16  
 75 H	 28.33  
 76 P	 31.08  
 77 H	 37.69  
 78 D	 47.72  
 79 L	 5.07  
 80 V	 12.79  
 81 G	 27.64  
 82 K	 46.29  
 83 D	 27.10  
 84 C	 4.94  
 85 R	 50.99  
 86 D	 56.64  
 87 G	 13.94  
 88 Y	 11.47  
 89 Y	 17.75  
 90 E	 32.99  
 91 A	 10.99  
 92 E	 38.07  
 93 F	 18.45  
 94 G	 21.68  
 95 Q	 46.47  
 96 E	 51.54  
 97 R	 37.31  
 98 R	 31.36  
 99 P	 39.48  
 100 L	 6.78  
 101 F	 7.02  
 102 F	 6.57  
 103 Q	 36.58  
 104 N	 34.77  
 105 L	 4.14  
 106 G	 16.91  
 107 I	 3.30  
 108 R	 19.85  
 109 C	 5.07  
 110 V	 7.96  
 111 K	 62.85  
 112 K	 33.49  
 113 K	 63.12  
 114 E	 68.64  
 115 V	 10.49  
 116 K	 42.38  
 117 E	 50.72  
 118 A	 7.86  
 119 I	 3.29  
 120 I	 2.46  
 121 T	 21.89  
 122 R	 20.29  
 123 I	 2.41  
 124 K	 36.95  
 125 A	 23.02  
 126 G	 18.40  
 127 I	 7.66  
 128 N	 33.90  
 129 P	 21.92  
 130 F	 14.40  
 131 N	 50.09  
 132 V	 7.10  
 133 P	 44.14  
 134 E	 49.50  
 135 K	 54.75  
 136 Q	 43.78  
 137 L	 10.35  
 138 N	 45.80  
 139 D	 55.00  
 140 I	 4.71  
 141 E	 56.29  
 142 D	 31.40  
 143 C	 4.09  
 144 D	 54.31  
 145 L	 7.05  
 146 N	 19.58  
 147 V	 3.26  
 148 V	 3.63  
 149 R	 22.81  
 150 L	 2.01  
 151 C	 1.25  
 152 F	 9.09  
 153 Q	 24.85  
 154 V	 2.39  
 155 F	 5.95  
 156 L	 5.70  
 157 P	 33.22  
 158 D	 63.77  
 159 E	 52.32  
 160 H	 37.51  
 161 G	 28.88  
 162 N	 35.80  
 163 L	 5.50  
 164 T	 17.64  
 165 T	 29.39  
 166 A	 16.91  
 167 L	 4.65  
 168 P	 19.71  
 169 P	 39.74  
 170 V	 7.52  
 171 V	 5.89  
 172 S	 36.80  
 173 N	 18.51  
 174 P	 21.00  
 175 I	 8.69  
 176 Y	 14.39  
 177 D	 38.57  
 178 N	 25.66  
 179 R	 48.82  
 180 A	 14.14  
 181 P	 35.15  
 182 N	 51.43  
 183 T	 22.05  
 184 A	 22.07  
 185 E	 36.22  
 186 L	 4.08  
 187 R	 19.91  
 188 I	 2.48  
 189 C	 3.00  
 190 R	 32.45  
 191 V	 11.80  
 192 N	 15.52  
 193 K	 51.24  
 194 N	 30.13  
 195 C	 4.61  
 196 G	 38.27  
 197 S	 15.73  
 198 V	 3.91  
 199 R	 45.11  
 200 G	 45.83  
 201 G	 20.86  
 202 D	 48.95  
 203 E	 38.63  
 204 I	 3.33  
 205 F	 3.92  
 206 L	 5.97  
 207 L	 2.18  
 208 C	 5.31  
 209 D	 54.88  
 210 K	 45.64  
 211 V	 5.66  
 212 Q	 49.56  
 213 K	 61.43  
 214 D	 45.06  
 215 D	 46.08  
 216 I	 8.27  
 217 E	 34.34  
 218 V	 6.18  
 219 R	 11.81  
 220 F	 9.90  
 221 V	 3.23  
 222 L	 4.41  
 223 N	 47.23  
 224 D	 40.19  
 225 W	 13.33  
 226 E	 43.28  
 227 A	 15.89  
 228 K	 40.81  
 229 G	 32.97  
 230 I	 2.71  
 231 F	 6.37  
 232 S	 23.65  
 233 Q	 30.72  
 234 A	 21.42  
 235 D	 29.17  
 236 V	 4.49  
 237 H	 18.27  
 238 R	 32.30  
 239 Q	 17.70  
 240 V	 3.86  
 241 A	 5.49  
 242 I	 3.83  
 243 V	 2.65  
 244 F	 6.28  
 245 K	 49.59  
 246 T	 20.31  
 247 P	 20.60  
 248 P	 53.00  
 249 Y	 14.05  
 250 C	 2.71  
 251 K	 36.66  
 252 A	 15.46  
 253 I	 2.47  
 254 T	 38.81  
 255 E	 31.49  
 256 P	 20.59  
 257 V	 8.60  
 258 T	 25.73  
 259 V	 5.04  
 260 K	 16.15  
 261 M	 3.84  
 262 Q	 26.54  
 263 L	 4.48  
 264 R	 31.41  
 265 R	 43.60  
 266 P	 35.50  
 267 S	 50.55  
 268 D	 51.87  
 269 Q	 58.28  
 270 E	 53.66  
 271 V	 6.81  
 272 S	 24.17  
 273 E	 56.08  
 274 S	 19.02  
 275 M	 5.05  
 276 D	 33.86  
 277 F	 4.07  
 278 R	 28.02  
 279 Y	 23.68  
 280 L	 3.62  
 281 P	 38.49  
 282 D	 73.34  
 283 E	 51.39  
 284 K	 63.85  
 285 D	 43.01  
 286 T	 44.38  
 287 Y	 28.92  
 288 G	 31.11  
 289 N	 30.60  
 290 K	 58.16  
 291 A	 28.42  
 292 K	 58.30  
 293 K	 62.98  
 294 Q	 47.85  
 295 K	 52.97  
 296 T	 21.85  
 297 T	 28.62  
 298 L	 5.66  
 299 L	 3.92  
 300 F	 7.28  
 301 Q	 37.47  
 302 K	 43.85  
 303 L	 1.89  
 304 C	 6.02  
 305 Q	 55.04  
 306 D	 46.96  
 307 H	 8.07  
 308 V	 10.68  
 309 E	 39.53  
 310 T	 40.30  
 311 G	 12.23  
 312 F	 6.79  
 313 R	 30.20  
 314 H	 25.83  
 315 V	 6.53  
 316 D	 34.43  
 317 Q	 45.65  
 318 D	 60.21  
 319 G	 18.54  
 320 L	 5.88  
 321 E	 47.46  
 322 L	 8.32  
 323 L	 2.33  
 324 T	 43.20  
 325 S	 40.96  
 326 G	 46.32  
 327 D	 45.86  
 328 P	 27.57  
 329 P	 44.79  
 330 T	 40.10  
 331 L	 5.49  
 332 A	 14.17  
 333 S	 27.99  
 334 Q	 31.52  
 335 S	 26.43  
 336 A	 13.03  
 337 G	 22.73  
 338 I	 3.77  
 339 T	 14.42  
 340 V	 7.03  
 341 N	 37.80  
 342 F	 6.05  
 343 P	 31.33  
 344 E	 71.79  
 345 R	 32.53  
 346 P	 45.19  
 347 R	 44.11  
 348 P	 40.23  
 349 G	 34.51  
 350 L	 5.62  
 351 L	 6.65  
 352 G	 23.43  
 353 S	 27.65  
 354 I	 5.74  
 355 G	 32.76  
 356 E	 38.54  
 357 G	 25.11  
 358 R	 29.43  
 359 Y	 30.52  
 360 F	 9.80  
 361 K	 47.49  
 362 K	 69.38  
 363 E	 39.76  
 364 P	 52.26  
 365 N	 55.60  
 366 L	 7.34  
 367 F	 8.50  
 368 S	 24.51  
 369 H	 21.51  
 370 D	 39.60  
 371 A	 9.04  
 372 V	 5.33  
 373 V	 4.61  
 374 R	 28.09  
 375 E	 37.59  
 376 M	 2.23  
 377 P	 22.65  
 378 T	 49.24  
 379 G	 16.07  
 380 V	 5.68  
 381 S	 20.34  
 382 S	 30.88  
 383 Q	 41.46  
 384 A	 15.06  
 385 E	 31.47  
 386 S	 32.74  
 387 Y	 15.76  
 388 Y	 13.40  
 389 P	 26.30  
 390 S	 26.77  
 391 P	 48.34  
 392 G	 36.19  
 393 P	 27.03  
 394 I	 6.75  
 395 S	 22.83  
 396 S	 44.46  
 397 G	 25.14  
 398 L	 4.81  
 399 S	 19.42  
 400 H	 26.10  
 401 H	 19.00  
 402 A	 8.79  
 403 S	 15.89  
 404 M	 4.64  
 405 A	 10.44  
 406 P	 35.84  
 407 L	 4.70  
 408 P	 30.98  
 409 S	 44.69  
 410 S	 33.61  
 411 S	 35.00  
 412 W	 9.14  
 413 S	 19.51  
 414 S	 19.64  
 415 V	 4.78  
 416 A	 12.61  
 417 H	 25.31  
 418 P	 34.07  
 419 T	 22.82  
 420 P	 32.65  
 421 R	 60.72  
 422 S	 37.28  
 423 G	 46.38  
 424 N	 37.62  
 425 T	 41.56  
 426 N	 39.24  
 427 P	 31.42  
 428 L	 7.90  
 429 S	 30.51  
 430 S	 30.79  
 431 F	 8.53  
 432 S	 20.94  
 433 T	 26.18  
 434 R	 32.82  
 435 T	 43.01  
 436 L	 3.84  
 437 P	 30.74  
 438 S	 52.83  
 439 N	 36.09  
 440 S	 33.84  
 441 Q	 59.07  
 442 G	 33.90  
 443 I	 2.80  
 444 P	 22.03  
 445 P	 38.70  
 446 F	 6.33  
 447 L	 6.30  
 448 R	 31.38  
 449 I	 3.36  
 450 P	 22.87  
 451 V	 11.85  
 452 G	 19.31  
 453 N	 51.32  
 454 D	 35.06  
 455 L	 7.18  
 456 N	 44.16  
 457 A	 16.09  
 458 S	 24.72  
 459 N	 36.10  
 460 A	 4.42  
 461 C	 3.87  
 462 I	 3.71  
 463 Y	 11.40  
 464 N	 19.80  
 465 N	 27.98  
 466 A	 16.53  
 467 D	 48.57  
 468 D	 34.75  
 469 I	 2.72  
 470 V	 8.42  
 471 G	 14.46  
 472 M	 2.42  
 473 E	 39.20  
 474 A	 9.67  
 475 S	 17.54  
 476 S	 41.58  
 477 M	 2.55  
 478 P	 28.45  
 479 S	 26.27  
 480 A	 12.64  
 481 D	 44.77  
 482 L	 4.16  
 483 Y	 16.98  
 484 G	 21.88  
 485 I	 2.39  
 486 S	 42.52  
 487 D	 36.35  
 488 P	 22.72  
 489 N	 49.36  
 490 M	 5.44  
 491 L	 4.18  
 492 S	 25.64  
 493 N	 20.37  
 494 C	 4.28  
 495 S	 22.30  
 496 V	 6.07  
 497 N	 9.75  
 498 M	 2.06  
 499 M	 2.89  
 500 T	 16.86  
 501 T	 14.34  
 502 S	 24.00  
 503 S	 31.45  
 504 D	 42.27  
 505 S	 30.54  
 506 M	 7.25  
 507 G	 38.31  
 508 E	 44.33  
 509 T	 35.03  
 510 D	 59.85  
 511 N	 30.89  
 512 P	 30.98  
 513 R	 55.29  
 514 L	 4.35  
 515 L	 4.88  
 516 S	 15.37  
 517 M	 7.19  
 518 N	 40.61  
 519 L	 5.15  
 520 E	 63.19  
 521 N	 36.63  
 522 P	 30.77  
 523 S	 37.20  
 524 C	 4.67  
 525 N	 39.22  
 526 S	 28.52  
 527 V	 4.35  
 528 L	 8.23  
 529 D	 33.75  
 530 P	 27.76  
 531 R	 56.09  
 532 D	 52.14  
 533 L	 3.87  
 534 R	 41.10  
 535 Q	 51.06  
 536 L	 2.15  
 537 H	 16.98  
 538 Q	 41.88  
 539 M	 2.67  
 540 S	 22.09  
 541 S	 22.53  
 542 S	 23.82  
 543 S	 20.78  
 544 M	 3.25  
 545 S	 26.04  
 546 A	 16.69  
 547 G	 20.27  
 548 A	 18.92  
 549 N	 34.57  
 550 S	 34.71  
 551 N	 39.31  
 552 T	 24.94  
 553 T	 19.05  
 554 V	 4.14  
 555 F	 4.04  
 556 V	 4.41  
 557 S	 16.71  
 558 Q	 39.77  
 559 S	 24.33  
 560 D	 47.87  
 561 A	 15.05  
 562 F	 15.22  
 563 E	 60.55  
 564 G	 26.51  
 565 S	 28.43  
 566 D	 50.78  
 567 F	 7.47  
 568 S	 17.24  
 569 C	 5.79  
 570 A	 20.16  
 571 D	 52.65  
 572 N	 18.23  
 573 S	 22.91  
 574 M	 4.84  
 575 I	 5.33  
 576 N	 28.83  
 577 E	 46.26  
 578 S	 52.06  
 579 G	 24.39  
 580 P	 39.35  
 581 S	 47.11  
 582 N	 56.86  
 583 S	 33.62  
 584 T	 59.97  
 585 N	 33.31  
 586 P	 43.73  
 587 N	 49.02  
 588 S	 26.67  
 589 H	 40.11  
 590 G	 25.00  
 591 F	 3.60  
 592 V	 7.96  
 593 Q	 42.23  
 594 D	 32.19  
 595 S	 17.58  
 596 Q	 44.71  
 597 Y	 16.90  
 598 S	 19.12  
 599 G	 24.28  
 600 I	 2.80  
 601 G	 22.16  
 602 S	 18.44  
 603 M	 4.12  
 604 Q	 52.59  
 605 N	 30.27  
 606 E	 35.69  
 607 Q	 54.54  
 608 L	 5.11  
 609 S	 30.79  
 610 D	 63.99  
 611 S	 25.42  
 612 F	 10.04  
 613 P	 31.53  
 614 Y	 24.29  
 615 E	 39.98  
 616 F	 4.24  
 617 F	 4.79  
 618 Q	 45.38  
 619 V	 7.76  
