 1 M	 6.61  
 2 S	 27.97  
 3 T	 23.86  
 4 L	 2.77  
 5 L	 2.75  
 6 V	 3.78  
 7 F	 3.71  
 8 I	 1.45  
 9 F	 2.44  
 10 A	 9.27  
 11 I	 1.17  
 12 I	 3.08  
 13 N	 32.25  
 14 L	 3.25  
 15 F	 5.89  
 16 N	 50.92  
 17 E	 43.80  
 18 Y	 27.22  
 19 S	 27.35  
 20 K	 65.18  
 21 K	 68.91  
 22 D	 53.85  
 23 K	 71.30  
 24 N	 54.01  
 25 T	 35.78  
 26 D	 55.85  
 27 T	 30.78  
 28 L	 8.65  
 29 S	 43.72  
 30 K	 54.07  
 31 K	 65.97  
 32 E	 69.66  
 33 L	 7.78  
 34 K	 47.62  
 35 E	 71.81  
 36 L	 7.76  
 37 L	 10.42  
 38 E	 64.26  
 39 K	 63.22  
 40 E	 36.36  
 41 F	 11.74  
 42 R	 24.58  
 43 Q	 51.16  
 44 I	 5.29  
 45 L	 3.12  
 46 K	 68.97  
 47 N	 41.61  
 48 P	 45.88  
 49 D	 84.89  
 50 D	 42.21  
 51 P	 38.69  
 52 D	 57.65  
 53 M	 3.18  
 54 V	 8.07  
 55 D	 22.69  
 56 V	 2.66  
 57 F	 4.05  
 58 M	 2.97  
 59 D	 27.94  
 60 H	 17.39  
 61 L	 5.56  
 62 D	 40.63  
 63 I	 7.95  
 64 D	 38.69  
 65 H	 48.63  
 66 N	 43.50  
 67 K	 47.92  
 68 K	 53.47  
 69 I	 5.86  
 70 D	 53.98  
 71 F	 8.86  
 72 T	 23.29  
 73 E	 34.00  
 74 F	 6.04  
 75 L	 2.16  
 76 L	 3.14  
 77 M	 3.47  
 78 V	 3.74  
 79 F	 3.15  
 80 K	 31.35  
 81 L	 2.65  
 82 A	 7.79  
 83 Q	 40.09  
 84 A	 11.85  
 85 Y	 8.83  
 86 Y	 13.35  
 87 E	 32.72  
 88 S	 19.86  
 89 T	 33.54  
 90 R	 54.28  
 91 K	 51.55  
 92 E	 61.79  
 93 N	 54.90  
 94 L	 4.12  
 95 P	 30.22  
 96 I	 9.68  
 97 S	 32.67  
 98 G	 34.28  
 99 H	 18.89  
 100 K	 48.94  
 101 H	 38.04  
 102 R	 43.09  
 103 K	 49.53  
 104 H	 32.11  
 105 S	 26.08  
 106 H	 32.65  
 107 H	 49.15  
 108 D	 48.89  
 109 K	 44.53  
 110 H	 54.42  
 111 E	 69.85  
 112 D	 68.31  
 113 N	 44.95  
 114 K	 71.99  
 115 Q	 70.28  
 116 E	 66.21  
 117 E	 71.72  
 118 N	 57.07  
 119 K	 60.69  
 120 E	 74.07  
 121 N	 57.28  
 122 R	 37.13  
 123 K	 79.02  
 124 R	 32.85  
 125 P	 31.16  
 126 S	 52.14  
 127 S	 36.61  
 128 L	 7.52  
 129 E	 52.09  
 130 R	 52.50  
 131 R	 35.09  
 132 N	 59.90  
 133 N	 45.27  
 134 R	 52.38  
 135 K	 69.80  
 136 G	 37.53  
 137 N	 46.79  
 138 K	 65.45  
 139 G	 42.99  
 140 R	 42.39  
 141 S	 46.27  
 142 K	 64.22  
 143 S	 30.36  
 144 P	 41.69  
 145 R	 62.29  
 146 E	 56.01  
 147 T	 53.14  
 148 G	 34.57  
 149 G	 31.11  
 150 K	 52.50  
 151 R	 41.92  
 152 H	 42.66  
 153 E	 57.24  
 154 S	 32.79  
 155 S	 39.26  
 156 S	 63.82  
 157 E	 70.83  
 158 K	 62.98  
 159 K	 59.71  
 160 E	 71.36  
 161 R	 46.72  
 162 K	 64.39  
 163 G	 34.08  
 164 Y	 17.95  
 165 S	 31.80  
 166 P	 24.60  
 167 T	 27.85  
 168 H	 38.24  
 169 R	 56.34  
 170 E	 47.80  
 171 E	 57.38  
 172 E	 55.63  
 173 Y	 36.36  
 174 G	 27.80  
 175 K	 52.81  
 176 N	 36.97  
 177 H	 25.62  
 178 H	 45.31  
 179 N	 40.19  
 180 S	 38.90  
 181 S	 53.73  
 182 K	 65.85  
 183 K	 75.71  
 184 E	 66.65  
 185 K	 73.04  
 186 N	 58.53  
 187 K	 69.18  
 188 T	 43.81  
 189 E	 59.21  
 190 N	 35.41  
 191 T	 22.49  
 192 R	 48.53  
 193 L	 10.72  
 194 G	 27.19  
 195 D	 57.25  
 196 N	 49.96  
 197 R	 30.16  
 198 K	 65.04  
 199 R	 39.96  
 200 L	 7.56  
 201 S	 25.38  
 202 E	 66.91  
 203 R	 43.98  
 204 L	 9.77  
 205 E	 73.56  
 206 E	 67.35  
 207 K	 62.08  
 208 E	 70.15  
 209 D	 78.05  
 210 N	 50.76  
 211 E	 69.33  
 212 E	 61.28  
 213 G	 19.67  
 214 V	 3.58  
 215 Y	 24.54  
 216 D	 41.69  
 217 Y	 8.06  
 218 E	 45.47  
 219 N	 41.42  
 220 T	 17.77  
 221 G	 29.01  
 222 R	 23.96  
 223 M	 5.01  
 224 T	 26.15  
 225 Q	 29.73  
 226 K	 36.78  
 227 W	 5.52  
 228 I	 2.77  
 229 Q	 42.09  
 230 S	 24.17  
 231 G	 10.39  
 232 H	 16.26  
 233 I	 3.32  
 234 A	 5.49  
 235 T	 19.23  
 236 Y	 6.92  
 237 Y	 7.94  
 238 T	 11.18  
 239 I	 2.55  
 240 Q	 34.39  
 241 D	 38.35  
 242 E	 32.52  
 243 A	 18.78  
 244 Y	 16.27  
 245 D	 50.61  
 246 T	 21.59  
 247 T	 22.23  
 248 D	 39.10  
 249 S	 32.53  
 250 L	 8.53  
 251 L	 10.06  
 252 E	 65.89  
 253 E	 64.89  
 254 N	 27.01  
 255 K	 50.36  
 256 I	 6.96  
 257 Y	 13.60  
 258 E	 47.88  
 259 R	 22.02  
 260 S	 25.28  
 261 R	 46.53  
 262 S	 33.74  
 263 S	 49.63  
 264 D	 70.55  
 265 G	 33.42  
 266 K	 52.75  
 267 S	 40.53  
 268 S	 28.42  
 269 S	 45.28  
 270 Q	 38.15  
 271 V	 7.50  
 272 N	 28.68  
 273 R	 35.89  
 274 S	 32.55  
 275 R	 37.59  
 276 H	 33.63  
 277 E	 62.18  
 278 N	 38.62  
 279 T	 19.97  
 280 S	 40.54  
 281 Q	 38.52  
 282 V	 5.24  
 283 P	 22.23  
 284 L	 10.42  
 285 Q	 40.32  
 286 E	 50.28  
 287 S	 26.45  
 288 R	 37.48  
 289 T	 50.23  
 290 R	 29.40  
 291 K	 45.92  
 292 R	 44.92  
 293 R	 50.93  
 294 G	 24.68  
 295 S	 27.91  
 296 R	 34.62  
 297 V	 6.89  
 298 S	 25.83  
 299 Q	 47.07  
 300 D	 49.17  
 301 R	 41.54  
 302 D	 60.37  
 303 S	 46.50  
 304 E	 66.28  
 305 G	 33.31  
 306 H	 24.78  
 307 S	 54.69  
 308 E	 60.94  
 309 D	 59.83  
 310 S	 32.26  
 311 E	 67.73  
 312 R	 32.97  
 313 H	 32.24  
 314 S	 40.44  
 315 G	 22.55  
 316 S	 26.53  
 317 A	 18.94  
 318 S	 35.00  
 319 R	 46.33  
 320 N	 29.07  
 321 H	 26.10  
 322 H	 35.14  
 323 G	 16.11  
 324 S	 26.33  
 325 A	 20.58  
 326 W	 13.08  
 327 E	 38.09  
 328 Q	 32.82  
 329 S	 22.33  
 330 R	 52.59  
 331 D	 65.74  
 332 G	 26.01  
 333 S	 31.53  
 334 R	 49.73  
 335 H	 24.67  
 336 P	 38.06  
 337 R	 40.26  
 338 S	 39.48  
 339 H	 43.70  
 340 D	 61.82  
 341 E	 43.93  
 342 D	 58.46  
 343 R	 35.62  
 344 A	 20.43  
 345 S	 30.78  
 346 H	 36.68  
 347 G	 17.60  
 348 H	 17.87  
 349 S	 38.06  
 350 A	 18.28  
 351 D	 50.60  
 352 S	 27.43  
 353 S	 34.58  
 354 R	 38.34  
 355 Q	 48.43  
 356 S	 40.81  
 357 G	 20.59  
 358 T	 25.24  
 359 R	 30.46  
 360 H	 27.96  
 361 A	 20.62  
 362 E	 43.00  
 363 T	 32.55  
 364 S	 15.00  
 365 S	 48.10  
 366 R	 40.79  
 367 G	 31.01  
 368 Q	 32.55  
 369 T	 31.19  
 370 A	 10.93  
 371 S	 35.30  
 372 S	 28.69  
 373 H	 28.79  
 374 E	 48.13  
 375 Q	 36.33  
 376 A	 15.44  
 377 R	 30.73  
 378 S	 27.79  
 379 S	 34.44  
 380 A	 25.72  
 381 G	 34.12  
 382 E	 41.02  
 383 R	 38.25  
 384 H	 37.49  
 385 G	 34.59  
 386 S	 16.21  
 387 H	 27.63  
 388 H	 29.13  
 389 Q	 33.24  
 390 Q	 35.91  
 391 S	 27.72  
 392 A	 19.16  
 393 D	 53.01  
 394 S	 29.05  
 395 S	 34.26  
 396 R	 31.76  
 397 H	 32.12  
 398 S	 30.88  
 399 G	 24.62  
 400 I	 4.06  
 401 G	 23.54  
 402 H	 24.22  
 403 G	 21.38  
 404 Q	 26.85  
 405 A	 17.28  
 406 S	 14.71  
 407 T	 33.81  
 408 A	 9.05  
 409 V	 7.09  
 410 S	 24.48  
 411 D	 52.63  
 412 S	 29.06  
 413 G	 21.36  
 414 H	 24.76  
 415 R	 47.57  
 416 G	 15.71  
 417 Y	 16.26  
 418 R	 40.90  
 419 G	 18.67  
 420 S	 17.36  
 421 Q	 47.94  
 422 A	 22.13  
 423 S	 33.07  
 424 D	 61.28  
 425 N	 55.44  
 426 E	 64.37  
 427 G	 35.56  
 428 H	 23.10  
 429 S	 54.69  
 430 E	 56.72  
 431 D	 61.84  
 432 S	 34.80  
 433 D	 64.12  
 434 S	 28.45  
 435 Q	 47.09  
 436 S	 20.20  
 437 V	 5.56  
 438 A	 17.41  
 439 G	 22.50  
 440 Q	 25.28  
 441 R	 31.07  
 442 Q	 32.99  
 443 A	 17.38  
 444 R	 26.36  
 445 S	 36.81  
 446 R	 26.72  
 447 H	 34.44  
 448 Q	 41.31  
 449 S	 22.48  
 450 H	 28.93  
 451 Q	 52.13  
 452 E	 48.96  
 453 S	 19.48  
 454 T	 36.07  
 455 R	 48.05  
 456 G	 31.81  
 457 R	 21.64  
 458 S	 37.79  
 459 R	 52.73  
 460 G	 35.55  
 461 G	 26.30  
 462 S	 33.58  
 463 G	 30.92  
 464 R	 39.27  
 465 S	 42.17  
 466 G	 22.51  
 467 S	 17.21  
 468 F	 9.33  
 469 L	 2.90  
 470 Y	 12.59  
 471 Q	 25.49  
 472 V	 4.50  
 473 S	 14.44  
 474 T	 30.49  
 475 H	 24.48  
 476 E	 56.76  
 477 Q	 44.91  
 478 S	 36.14  
 479 E	 56.82  
 480 S	 32.64  
 481 S	 23.20  
 482 H	 45.13  
 483 G	 22.99  
 484 W	 4.16  
 485 A	 14.95  
 486 R	 23.77  
 487 T	 23.93  
 488 S	 24.26  
 489 T	 33.81  
 490 G	 23.65  
 491 R	 28.04  
 492 R	 46.70  
 493 Q	 53.50  
 494 G	 25.49  
 495 S	 20.36  
 496 R	 44.20  
 497 H	 32.98  
 498 D	 44.38  
 499 Q	 34.49  
 500 A	 22.62  
 501 Q	 45.55  
 502 D	 52.15  
 503 S	 19.72  
 504 S	 42.15  
 505 R	 31.56  
 506 H	 37.06  
 507 S	 28.75  
 508 T	 25.16  
 509 S	 24.42  
 510 Q	 52.06  
 511 Q	 51.81  
 512 G	 21.50  
 513 Q	 40.09  
 514 D	 55.22  
 515 T	 13.53  
 516 I	 3.48  
 517 H	 21.78  
 518 A	 13.50  
 519 H	 17.06  
 520 P	 43.15  
 521 G	 24.74  
 522 S	 24.21  
 523 R	 47.37  
 524 R	 54.32  
 525 G	 36.05  
 526 G	 19.32  
 527 R	 23.92  
 528 H	 44.42  
 529 G	 23.31  
 530 Y	 8.22  
 531 H	 23.70  
 532 H	 26.72  
 533 E	 32.68  
 534 Q	 39.29  
 535 S	 30.93  
 536 A	 17.92  
 537 D	 52.56  
 538 S	 35.68  
 539 T	 39.19  
 540 G	 19.54  
 541 H	 29.13  
 542 S	 41.29  
 543 G	 26.17  
 544 S	 27.95  
 545 Q	 45.70  
 546 H	 24.20  
 547 S	 18.19  
 548 H	 25.71  
 549 T	 34.26  
 550 T	 16.23  
 551 T	 30.13  
 552 Q	 43.12  
 553 G	 29.03  
 554 R	 22.88  
 555 S	 44.33  
 556 D	 47.40  
 557 A	 11.45  
 558 S	 42.01  
 559 R	 51.22  
 560 G	 24.54  
 561 S	 30.34  
 562 S	 43.54  
 563 G	 28.86  
 564 S	 25.63  
 565 R	 47.69  
 566 S	 32.22  
 567 T	 30.60  
 568 S	 29.39  
 569 R	 49.77  
 570 E	 48.22  
 571 T	 38.13  
 572 R	 38.57  
 573 D	 64.88  
 574 Q	 47.54  
 575 E	 51.51  
 576 Q	 47.27  
 577 S	 37.79  
 578 G	 42.89  
 579 D	 58.08  
 580 G	 30.06  
 581 S	 31.40  
 582 R	 33.26  
 583 H	 37.90  
 584 S	 40.66  
 585 G	 25.52  
 586 S	 22.32  
 587 H	 30.12  
 588 H	 28.95  
 589 Q	 42.39  
 590 E	 39.98  
 591 A	 15.05  
 592 S	 20.06  
 593 T	 40.73  
 594 R	 33.58  
 595 A	 22.55  
 596 E	 46.05  
 597 S	 31.52  
 598 S	 26.05  
 599 R	 42.63  
 600 H	 25.24  
 601 S	 26.00  
 602 Q	 36.92  
 603 V	 7.48  
 604 G	 23.34  
 605 Q	 54.33  
 606 G	 30.72  
 607 E	 33.57  
 608 S	 46.99  
 609 S	 36.16  
 610 G	 30.35  
 611 S	 34.04  
 612 R	 40.00  
 613 T	 33.46  
 614 S	 28.29  
 615 R	 38.59  
 616 N	 50.78  
 617 Q	 52.62  
 618 G	 28.89  
 619 S	 20.60  
 620 S	 35.42  
 621 F	 9.00  
 622 S	 32.87  
 623 Q	 47.98  
 624 D	 55.97  
 625 R	 37.53  
 626 D	 54.08  
 627 S	 28.45  
 628 Q	 47.94  
 629 A	 20.86  
 630 Q	 39.45  
 631 S	 46.52  
 632 E	 54.17  
 633 D	 62.13  
 634 S	 29.02  
 635 E	 65.52  
 636 R	 41.63  
 637 R	 32.30  
 638 S	 32.76  
 639 A	 18.99  
 640 S	 38.25  
 641 G	 30.27  
 642 S	 27.67  
 643 R	 46.64  
 644 N	 30.79  
 645 H	 34.08  
 646 R	 44.29  
 647 G	 21.56  
 648 S	 27.08  
 649 A	 21.54  
 650 Q	 51.46  
 651 E	 50.68  
 652 Q	 31.52  
 653 S	 31.42  
 654 R	 52.59  
 655 D	 65.74  
 656 G	 26.01  
 657 S	 31.53  
 658 R	 45.62  
 659 H	 32.54  
 660 P	 44.89  
 661 G	 31.47  
 662 S	 26.84  
 663 H	 40.75  
 664 Q	 56.85  
 665 E	 44.00  
 666 D	 38.88  
 667 R	 41.54  
 668 A	 30.39  
 669 G	 19.87  
 670 H	 24.50  
 671 R	 31.09  
 672 Q	 41.12  
 673 S	 33.68  
 674 A	 16.61  
 675 E	 57.30  
 676 S	 34.70  
 677 S	 24.73  
 678 S	 37.33  
 679 Q	 48.07  
 680 S	 47.83  
 681 G	 22.79  
 682 T	 18.74  
 683 H	 22.99  
 684 H	 34.28  
 685 A	 15.29  
 686 E	 53.97  
 687 N	 42.11  
 688 S	 23.12  
 689 S	 59.53  
 690 G	 31.86  
 691 G	 18.85  
 692 Q	 36.96  
 693 A	 16.76  
 694 A	 11.22  
 695 S	 35.25  
 696 S	 32.77  
 697 Q	 44.30  
 698 E	 48.43  
 699 Q	 34.14  
 700 A	 16.75  
 701 R	 30.73  
 702 S	 27.79  
 703 S	 34.44  
 704 A	 25.72  
 705 G	 34.12  
 706 E	 41.02  
 707 R	 38.25  
 708 H	 30.39  
 709 G	 41.36  
 710 S	 27.29  
 711 G	 27.50  
 712 H	 24.97  
 713 Q	 42.31  
 714 Q	 34.61  
 715 S	 27.72  
 716 A	 19.16  
 717 D	 53.01  
 718 S	 29.05  
 719 S	 34.26  
 720 R	 31.76  
 721 H	 32.12  
 722 S	 30.88  
 723 G	 24.62  
 724 I	 4.06  
 725 G	 23.54  
 726 H	 24.22  
 727 G	 21.38  
 728 Q	 32.18  
 729 A	 15.28  
 730 S	 15.79  
 731 S	 33.52  
 732 A	 9.62  
 733 V	 8.25  
 734 R	 31.90  
 735 D	 52.99  
 736 S	 26.40  
 737 G	 20.85  
 738 H	 24.76  
 739 R	 49.63  
 740 G	 18.45  
 741 Y	 15.15  
 742 S	 34.49  
 743 G	 18.46  
 744 S	 19.34  
 745 Q	 48.70  
 746 A	 19.44  
 747 S	 31.99  
 748 D	 54.27  
 749 Q	 56.95  
 750 E	 64.96  
 751 G	 24.80  
 752 H	 31.05  
 753 S	 49.70  
 754 E	 55.89  
 755 N	 54.88  
 756 S	 34.29  
 757 D	 63.38  
 758 S	 24.95  
 759 Q	 53.49  
 760 S	 23.39  
 761 V	 6.05  
 762 S	 34.16  
 763 G	 25.24  
 764 Q	 27.14  
 765 R	 35.33  
 766 Q	 32.99  
 767 A	 19.68  
 768 R	 26.74  
 769 S	 28.76  
 770 H	 24.93  
 771 Q	 47.95  
 772 Q	 37.14  
 773 S	 22.14  
 774 H	 30.96  
 775 Q	 52.13  
 776 E	 48.96  
 777 S	 19.48  
 778 T	 37.76  
 779 R	 50.89  
 780 G	 29.88  
 781 Q	 27.02  
 782 S	 39.25  
 783 R	 36.33  
 784 G	 33.09  
 785 R	 34.52  
 786 S	 41.19  
 787 G	 26.81  
 788 R	 38.81  
 789 S	 42.17  
 790 G	 22.51  
 791 S	 17.21  
 792 F	 9.33  
 793 L	 2.90  
 794 Y	 12.59  
 795 Q	 25.49  
 796 V	 4.50  
 797 S	 14.44  
 798 T	 30.49  
 799 H	 24.48  
 800 E	 56.76  
 801 Q	 44.91  
 802 S	 30.45  
 803 E	 52.19  
 804 S	 30.71  
 805 A	 12.71  
 806 H	 41.29  
 807 G	 25.59  
 808 R	 21.56  
 809 S	 49.47  
 810 A	 10.74  
 811 P	 37.16  
 812 S	 33.97  
 813 T	 27.43  
 814 R	 35.80  
 815 R	 35.05  
 816 R	 41.75  
 817 Q	 56.80  
 818 G	 27.43  
 819 S	 14.87  
 820 H	 35.05  
 821 H	 30.49  
 822 D	 38.11  
 823 Q	 33.66  
 824 A	 24.25  
 825 R	 38.42  
 826 D	 54.72  
 827 S	 24.58  
 828 S	 38.00  
 829 R	 31.56  
 830 H	 29.66  
 831 S	 28.62  
 832 A	 14.76  
 833 S	 31.60  
 834 Q	 59.56  
 835 E	 57.22  
 836 G	 24.03  
 837 Q	 43.87  
 838 D	 55.76  
 839 T	 12.51  
 840 I	 7.17  
 841 R	 39.19  
 842 G	 27.73  
 843 H	 17.44  
 844 P	 47.38  
 845 G	 32.36  
 846 S	 22.70  
 847 S	 40.64  
 848 R	 53.97  
 849 G	 37.27  
 850 G	 20.02  
 851 R	 40.28  
 852 Q	 62.10  
 853 G	 18.28  
 854 S	 17.98  
 855 H	 36.65  
 856 Y	 19.84  
 857 E	 30.84  
 858 Q	 41.40  
 859 S	 17.66  
 860 V	 7.67  
 861 D	 44.25  
 862 R	 42.24  
 863 S	 36.07  
 864 G	 21.63  
 865 H	 30.17  
 866 S	 45.58  
 867 G	 25.89  
 868 S	 22.50  
 869 H	 29.96  
 870 H	 23.99  
 871 S	 19.66  
 872 H	 28.89  
 873 T	 31.02  
 874 T	 17.40  
 875 S	 31.62  
 876 Q	 49.58  
 877 G	 30.72  
 878 R	 24.59  
 879 S	 44.33  
 880 D	 51.21  
 881 A	 12.50  
 882 S	 27.69  
 883 H	 45.32  
 884 G	 21.05  
 885 T	 25.21  
 886 S	 39.09  
 887 G	 27.24  
 888 S	 23.88  
 889 R	 39.50  
 890 S	 32.09  
 891 A	 13.97  
 892 S	 26.60  
 893 R	 41.42  
 894 Q	 38.09  
 895 T	 38.69  
 896 R	 40.79  
 897 D	 68.14  
 898 E	 55.43  
 899 E	 55.10  
 900 Q	 51.14  
 901 S	 41.97  
 902 G	 36.74  
 903 D	 61.61  
 904 G	 28.33  
 905 T	 29.92  
 906 R	 27.74  
 907 H	 36.03  
 908 S	 38.41  
 909 G	 25.52  
 910 S	 22.32  
 911 H	 30.12  
 912 H	 28.95  
 913 Q	 42.39  
 914 E	 39.98  
 915 A	 16.00  
 916 S	 21.94  
 917 T	 34.52  
 918 Q	 40.45  
 919 A	 20.81  
 920 D	 37.01  
 921 S	 32.08  
 922 S	 34.26  
 923 R	 37.11  
 924 H	 25.24  
 925 S	 26.00  
 926 Q	 36.92  
 927 V	 7.48  
 928 G	 20.47  
 929 Q	 48.14  
 930 G	 19.92  
 931 Q	 23.40  
 932 S	 41.23  
 933 A	 16.46  
 934 G	 23.94  
 935 S	 31.91  
 936 R	 35.48  
 937 T	 33.46  
 938 S	 28.29  
 939 R	 38.59  
 940 N	 50.78  
 941 Q	 52.62  
 942 G	 25.99  
 943 S	 20.15  
 944 S	 32.39  
 945 V	 6.80  
 946 S	 28.45  
 947 Q	 47.83  
 948 D	 49.17  
 949 R	 41.54  
 950 D	 60.37  
 951 S	 44.51  
 952 E	 66.59  
 953 G	 40.02  
 954 Q	 39.33  
 955 S	 54.98  
 956 E	 58.63  
 957 D	 62.13  
 958 S	 32.26  
 959 E	 67.73  
 960 R	 32.97  
 961 H	 32.24  
 962 S	 40.44  
 963 G	 22.55  
 964 S	 26.53  
 965 A	 18.94  
 966 S	 35.00  
 967 R	 42.57  
 968 N	 27.06  
 969 H	 34.08  
 970 R	 44.29  
 971 G	 21.56  
 972 S	 27.08  
 973 A	 21.54  
 974 Q	 51.46  
 975 E	 50.68  
 976 Q	 31.52  
 977 S	 31.42  
 978 R	 52.59  
 979 D	 65.74  
 980 G	 26.01  
 981 S	 31.53  
 982 R	 45.62  
 983 H	 32.54  
 984 P	 44.89  
 985 G	 31.33  
 986 S	 32.01  
 987 H	 48.68  
 988 D	 62.28  
 989 E	 43.93  
 990 D	 52.35  
 991 R	 40.18  
 992 A	 30.39  
 993 G	 19.87  
 994 H	 24.50  
 995 R	 31.09  
 996 Q	 36.98  
 997 S	 33.72  
 998 A	 16.62  
 999 D	 55.06  
 1000 S	 31.44  
 1001 S	 32.70  
 1002 S	 32.11  
 1003 Q	 48.07  
 1004 S	 44.04  
 1005 G	 21.09  
 1006 T	 25.23  
 1007 R	 34.09  
 1008 H	 23.36  
 1009 T	 30.19  
 1010 Q	 33.01  
 1011 T	 29.80  
 1012 S	 16.42  
 1013 S	 34.56  
 1014 R	 34.20  
 1015 R	 32.22  
 1016 Q	 39.92  
 1017 A	 13.90  
 1018 A	 11.02  
 1019 S	 35.25  
 1020 S	 32.77  
 1021 Q	 44.30  
 1022 E	 48.43  
 1023 Q	 34.14  
 1024 A	 15.63  
 1025 R	 26.77  
 1026 S	 29.51  
 1027 R	 36.72  
 1028 A	 26.03  
 1029 G	 31.23  
 1030 D	 38.12  
 1031 R	 34.84  
 1032 H	 39.24  
 1033 G	 35.90  
 1034 S	 27.29  
 1035 G	 27.50  
 1036 H	 24.97  
 1037 Q	 42.31  
 1038 Q	 34.61  
 1039 S	 27.72  
 1040 A	 19.16  
 1041 D	 53.01  
 1042 S	 29.05  
 1043 S	 34.26  
 1044 R	 31.56  
 1045 H	 24.43  
 1046 S	 22.07  
 1047 A	 11.35  
 1048 I	 4.30  
 1049 G	 27.64  
 1050 R	 28.12  
 1051 G	 23.38  
 1052 Q	 36.39  
 1053 A	 14.31  
 1054 S	 15.79  
 1055 S	 33.52  
 1056 A	 9.62  
 1057 V	 7.65  
 1058 R	 27.85  
 1059 D	 55.07  
 1060 R	 32.05  
 1061 G	 21.09  
 1062 H	 31.64  
 1063 R	 47.83  
 1064 G	 18.93  
 1065 S	 33.16  
 1066 R	 52.16  
 1067 G	 26.30  
 1068 S	 22.82  
 1069 Q	 47.94  
 1070 A	 19.44  
 1071 S	 31.99  
 1072 D	 54.27  
 1073 Q	 56.95  
 1074 E	 64.96  
 1075 G	 24.80  
 1076 H	 27.54  
 1077 S	 54.69  
 1078 E	 56.72  
 1079 D	 61.84  
 1080 S	 34.80  
 1081 D	 64.12  
 1082 S	 28.45  
 1083 Q	 53.49  
 1084 S	 23.22  
 1085 V	 4.22  
 1086 S	 24.75  
 1087 A	 13.35  
 1088 Q	 30.43  
 1089 R	 28.21  
 1090 Q	 37.69  
 1091 A	 24.52  
 1092 G	 19.81  
 1093 S	 22.57  
 1094 H	 28.87  
 1095 Q	 48.44  
 1096 Q	 37.14  
 1097 S	 22.14  
 1098 H	 30.96  
 1099 Q	 52.13  
 1100 E	 48.96  
 1101 S	 19.48  
 1102 T	 36.07  
 1103 R	 48.05  
 1104 G	 33.41  
 1105 R	 23.63  
 1106 S	 39.55  
 1107 Q	 50.38  
 1108 G	 27.28  
 1109 R	 28.44  
 1110 S	 45.44  
 1111 G	 26.81  
 1112 R	 38.81  
 1113 S	 42.17  
 1114 G	 25.80  
 1115 S	 15.09  
 1116 F	 7.42  
 1117 I	 2.23  
 1118 Y	 10.80  
 1119 Q	 20.19  
 1120 V	 3.91  
 1121 S	 14.44  
 1122 T	 30.49  
 1123 H	 24.48  
 1124 E	 56.76  
 1125 Q	 44.91  
 1126 S	 30.45  
 1127 E	 52.19  
 1128 S	 30.71  
 1129 A	 12.71  
 1130 H	 35.23  
 1131 G	 32.16  
 1132 R	 15.92  
 1133 T	 42.78  
 1134 R	 25.89  
 1135 T	 29.99  
 1136 S	 26.10  
 1137 T	 33.81  
 1138 G	 23.65  
 1139 R	 28.04  
 1140 R	 46.70  
 1141 Q	 57.28  
 1142 G	 27.43  
 1143 S	 17.21  
 1144 H	 35.01  
 1145 H	 30.48  
 1146 E	 40.28  
 1147 Q	 37.02  
 1148 A	 17.79  
 1149 R	 44.00  
 1150 D	 54.72  
 1151 S	 24.58  
 1152 S	 38.00  
 1153 R	 31.56  
 1154 H	 29.66  
 1155 S	 28.62  
 1156 A	 14.76  
 1157 S	 31.60  
 1158 Q	 59.56  
 1159 E	 57.22  
 1160 G	 24.03  
 1161 Q	 43.87  
 1162 D	 55.76  
 1163 T	 12.41  
 1164 I	 5.01  
 1165 R	 29.00  
 1166 A	 14.91  
 1167 H	 19.87  
 1168 P	 41.28  
 1169 G	 24.74  
 1170 S	 24.21  
 1171 R	 47.37  
 1172 R	 54.32  
 1173 G	 34.23  
 1174 G	 19.54  
 1175 R	 40.28  
 1176 Q	 62.10  
 1177 G	 27.82  
 1178 S	 17.21  
 1179 H	 35.01  
 1180 H	 36.17  
 1181 E	 38.84  
 1182 Q	 44.38  
 1183 S	 24.01  
 1184 V	 7.67  
 1185 D	 44.25  
 1186 R	 42.24  
 1187 S	 36.07  
 1188 G	 21.63  
 1189 H	 30.17  
 1190 S	 45.58  
 1191 G	 25.89  
 1192 S	 22.50  
 1193 H	 29.96  
 1194 H	 23.99  
 1195 S	 19.66  
 1196 H	 28.89  
 1197 T	 31.02  
 1198 T	 17.40  
 1199 S	 31.62  
 1200 Q	 49.58  
 1201 G	 30.72  
 1202 R	 24.59  
 1203 S	 44.33  
 1204 D	 51.21  
 1205 A	 12.50  
 1206 S	 32.89  
 1207 H	 39.78  
 1208 G	 22.36  
 1209 Q	 38.91  
 1210 S	 37.31  
 1211 G	 24.65  
 1212 S	 20.08  
 1213 V	 10.98  
 1214 D	 32.83  
 1215 L	 5.11  
 1216 Q	 32.63  
 1217 V	 14.17  
 1218 D	 39.58  
