 1 M	 12.06  
 2 G	 50.55  
 3 R	 35.48  
 4 K	 48.80  
 5 K	 38.18  
 6 I	 3.93  
 7 Q	 39.62  
 8 I	 2.96  
 9 T	 9.58  
 10 R	 24.70  
 11 I	 2.82  
 12 M	 3.84  
 13 D	 49.70  
 14 E	 34.18  
 15 R	 39.09  
 16 N	 36.37  
 17 R	 38.27  
 18 Q	 42.00  
 19 V	 4.25  
 20 T	 19.76  
 21 F	 8.78  
 22 T	 22.15  
 23 K	 49.77  
 24 R	 36.16  
 25 K	 45.39  
 26 F	 12.03  
 27 G	 28.09  
 28 L	 5.24  
 29 M	 4.24  
 30 K	 39.02  
 31 K	 42.08  
 32 A	 9.49  
 33 Y	 26.70  
 34 E	 39.15  
 35 L	 2.53  
 36 S	 10.91  
 37 V	 10.89  
 38 L	 1.51  
 39 C	 5.43  
 40 D	 28.99  
 41 C	 3.88  
 42 E	 20.32  
 43 I	 4.80  
 44 A	 3.14  
 45 L	 3.66  
 46 I	 2.20  
 47 I	 2.51  
 48 F	 4.72  
 49 N	 37.20  
 50 S	 23.70  
 51 T	 37.16  
 52 N	 38.56  
 53 K	 51.25  
 54 L	 3.34  
 55 F	 5.80  
 56 Q	 43.23  
 57 Y	 8.66  
 58 A	 8.65  
 59 S	 21.72  
 60 T	 27.46  
 61 D	 40.56  
 62 M	 5.64  
 63 D	 40.50  
 64 K	 28.30  
 65 V	 7.06  
 66 L	 4.15  
 67 L	 4.45  
 68 K	 46.06  
 69 Y	 12.55  
 70 T	 30.33  
 71 E	 43.18  
 72 Y	 19.61  
 73 N	 50.52  
 74 E	 47.32  
 75 P	 32.67  
 76 H	 39.21  
 77 E	 53.26  
 78 S	 41.17  
 79 R	 34.64  
 80 T	 48.64  
 81 N	 36.25  
 82 S	 28.27  
 83 D	 51.53  
 84 I	 2.79  
 85 V	 5.73  
 86 E	 42.32  
 87 T	 22.44  
 88 L	 4.84  
 89 R	 46.16  
 90 K	 55.06  
 91 K	 63.30  
 92 G	 27.66  
 93 L	 7.36  
 94 N	 58.68  
 95 G	 22.96  
 96 C	 4.57  
 97 D	 65.68  
 98 S	 34.97  
 99 P	 43.85  
 100 D	 58.63  
 101 P	 41.91  
 102 D	 70.75  
 103 A	 28.09  
 104 D	 56.98  
 105 D	 47.12  
 106 S	 30.46  
 107 V	 11.70  
 108 G	 21.36  
 109 H	 37.72  
 110 S	 25.16  
 111 P	 43.38  
 112 E	 70.54  
 113 S	 55.25  
 114 E	 57.78  
 115 D	 63.67  
 116 K	 42.79  
 117 Y	 29.47  
 118 R	 38.83  
 119 K	 46.95  
 120 I	 5.16  
 121 N	 43.87  
 122 E	 60.87  
 123 D	 34.90  
 124 I	 3.41  
 125 D	 42.37  
 126 L	 3.16  
 127 M	 2.01  
 128 I	 3.90  
 129 S	 14.38  
 130 R	 18.08  
 131 Q	 35.59  
 132 R	 30.53  
 133 L	 1.34  
 134 C	 3.80  
 135 A	 22.80  
 136 V	 7.74  
 137 P	 21.80  
 138 P	 29.84  
 139 P	 52.66  
 140 N	 51.81  
 141 F	 11.96  
 142 E	 49.57  
 143 M	 3.30  
 144 P	 14.98  
 145 V	 8.59  
 146 S	 18.46  
 147 I	 3.88  
 148 P	 16.66  
 149 V	 9.75  
 150 S	 22.11  
 151 S	 27.24  
 152 H	 22.01  
 153 N	 38.70  
 154 S	 17.49  
 155 L	 5.21  
 156 V	 5.03  
 157 Y	 14.18  
 158 S	 27.46  
 159 N	 24.25  
 160 P	 22.79  
 161 V	 7.69  
 162 S	 22.54  
 163 S	 40.30  
 164 L	 6.31  
 165 G	 49.88  
 166 N	 27.81  
 167 P	 30.92  
 168 N	 59.20  
 169 L	 5.70  
 170 L	 4.08  
 171 P	 30.57  
 172 L	 7.44  
 173 A	 15.59  
 174 H	 21.84  
 175 P	 31.00  
 176 S	 27.54  
 177 L	 6.98  
 178 Q	 47.01  
 179 R	 42.35  
 180 N	 29.15  
 181 S	 23.87  
 182 M	 6.82  
 183 S	 20.51  
 184 P	 32.41  
 185 G	 29.64  
 186 V	 4.65  
 187 T	 20.34  
 188 H	 37.53  
 189 R	 35.14  
 190 P	 21.42  
 191 P	 36.45  
 192 S	 52.03  
 193 A	 22.49  
 194 G	 36.25  
 195 N	 34.95  
 196 T	 31.54  
 197 G	 31.10  
 198 G	 15.51  
 199 L	 2.81  
 200 M	 6.79  
 201 G	 31.35  
 202 G	 16.88  
 203 D	 40.83  
 204 L	 4.67  
 205 T	 29.83  
 206 S	 33.66  
 207 G	 23.84  
 208 A	 20.18  
 209 G	 24.59  
 210 T	 18.18  
 211 S	 33.01  
 212 A	 18.46  
 213 G	 28.06  
 214 N	 39.98  
 215 G	 30.70  
 216 Y	 20.10  
 217 G	 38.78  
 218 N	 24.71  
 219 P	 32.25  
 220 R	 61.33  
 221 N	 54.54  
 222 S	 22.94  
 223 P	 40.79  
 224 G	 31.31  
 225 L	 4.91  
 226 L	 4.43  
 227 V	 8.57  
 228 S	 27.36  
 229 P	 28.36  
 230 G	 43.69  
 231 N	 43.77  
 232 L	 13.80  
 233 N	 37.34  
 234 K	 57.89  
 235 N	 27.07  
 236 M	 4.35  
 237 Q	 55.84  
 238 A	 11.97  
 239 K	 46.75  
 240 S	 45.73  
 241 P	 35.99  
 242 P	 48.11  
 243 P	 27.90  
 244 M	 8.79  
 245 N	 38.94  
 246 L	 5.83  
 247 G	 16.27  
 248 M	 4.53  
 249 N	 43.27  
 250 N	 44.45  
 251 R	 47.05  
 252 K	 45.03  
 253 P	 42.50  
 254 D	 50.58  
 255 L	 5.75  
 256 R	 28.69  
 257 V	 8.05  
 258 L	 3.83  
 259 I	 3.37  
 260 P	 24.04  
 261 P	 53.33  
 262 G	 45.99  
 263 S	 28.62  
 264 K	 63.45  
 265 N	 43.22  
 266 T	 33.91  
 267 M	 3.05  
 268 P	 29.55  
 269 S	 27.70  
 270 V	 6.31  
 271 S	 32.20  
 272 E	 60.96  
 273 D	 31.55  
 274 V	 4.98  
 275 D	 43.87  
 276 L	 6.18  
 277 L	 3.50  
 278 L	 7.16  
 279 N	 29.11  
 280 Q	 47.83  
 281 R	 32.31  
 282 I	 4.05  
 283 N	 44.27  
 284 N	 38.77  
 285 S	 22.48  
 286 Q	 44.93  
 287 S	 28.26  
 288 A	 8.71  
 289 Q	 44.20  
 290 S	 21.49  
 291 L	 4.01  
 292 A	 18.33  
 293 T	 23.16  
 294 P	 20.93  
 295 V	 4.32  
 296 V	 3.92  
 297 S	 13.28  
 298 V	 4.67  
 299 A	 10.60  
 300 T	 18.04  
 301 P	 23.38  
 302 T	 41.03  
 303 L	 4.77  
 304 P	 35.22  
 305 G	 39.52  
 306 Q	 36.44  
 307 G	 23.71  
 308 M	 2.64  
 309 G	 39.03  
 310 G	 23.45  
 311 Y	 6.57  
 312 P	 22.13  
 313 S	 29.74  
 314 A	 8.68  
 315 I	 4.39  
 316 S	 17.89  
 317 T	 20.23  
 318 T	 17.11  
 319 Y	 23.34  
 320 G	 15.24  
 321 T	 22.72  
 322 E	 28.85  
 323 Y	 18.10  
 324 S	 18.62  
 325 L	 4.61  
 326 S	 19.96  
 327 S	 30.97  
 328 A	 20.56  
 329 D	 49.37  
 330 L	 3.61  
 331 S	 29.76  
 332 S	 33.57  
 333 L	 5.36  
 334 S	 43.20  
 335 G	 25.72  
 336 F	 7.07  
 337 N	 37.96  
 338 T	 21.52  
 339 A	 8.23  
 340 S	 29.35  
 341 A	 9.13  
 342 L	 2.95  
 343 H	 28.06  
 344 L	 5.94  
 345 G	 14.88  
 346 S	 23.90  
 347 V	 5.64  
 348 T	 34.11  
 349 G	 20.31  
 350 W	 5.39  
 351 Q	 34.11  
 352 Q	 26.59  
 353 Q	 26.47  
 354 H	 25.39  
 355 L	 2.44  
 356 H	 26.81  
 357 N	 51.52  
 358 M	 3.43  
 359 P	 25.63  
 360 P	 22.82  
 361 S	 35.65  
 362 A	 19.60  
 363 L	 3.83  
 364 S	 24.07  
 365 Q	 44.78  
 366 L	 4.17  
 367 G	 15.80  
 368 A	 11.29  
 369 C	 2.68  
 370 T	 35.81  
 371 S	 17.45  
 372 T	 14.53  
 373 H	 24.21  
 374 L	 5.16  
 375 S	 22.03  
 376 Q	 58.18  
 377 S	 20.16  
 378 S	 33.87  
 379 N	 38.61  
 380 L	 6.34  
 381 S	 42.35  
 382 L	 4.35  
 383 P	 31.77  
 384 S	 44.35  
 385 T	 21.90  
 386 Q	 50.70  
 387 S	 24.38  
 388 L	 5.74  
 389 N	 44.91  
 390 I	 6.69  
 391 K	 47.93  
 392 S	 43.25  
 393 E	 44.73  
 394 P	 38.69  
 395 V	 13.57  
 396 S	 39.64  
 397 P	 28.34  
 398 P	 43.21  
 399 R	 49.80  
 400 D	 59.04  
 401 R	 34.94  
 402 T	 39.03  
 403 T	 37.29  
 404 T	 20.75  
 405 P	 18.08  
 406 S	 42.21  
 407 R	 48.64  
 408 Y	 16.16  
 409 P	 20.54  
 410 Q	 41.47  
 411 H	 21.99  
 412 T	 28.59  
 413 R	 24.43  
 414 H	 30.34  
 415 E	 49.91  
 416 A	 16.75  
 417 G	 27.84  
 418 R	 44.85  
 419 S	 28.49  
 420 P	 32.35  
 421 V	 9.11  
 422 D	 47.44  
 423 S	 30.31  
 424 L	 3.65  
 425 S	 33.00  
 426 S	 24.26  
 427 C	 4.04  
 428 S	 25.02  
 429 S	 36.93  
 430 S	 15.79  
 431 Y	 26.69  
 432 D	 52.66  
 433 G	 24.18  
 434 S	 30.51  
 435 D	 64.61  
 436 R	 53.60  
 437 E	 64.26  
 438 D	 47.11  
 439 H	 29.70  
 440 R	 57.61  
 441 N	 53.52  
 442 E	 44.70  
 443 F	 8.69  
 444 H	 26.87  
 445 S	 24.43  
 446 P	 18.98  
 447 I	 8.72  
 448 G	 25.12  
 449 L	 3.67  
 450 T	 35.01  
 451 R	 34.44  
 452 P	 45.00  
 453 S	 41.51  
 454 P	 50.60  
 455 D	 72.43  
 456 E	 62.83  
 457 R	 58.01  
 458 E	 66.02  
 459 S	 28.79  
 460 P	 38.09  
 461 S	 49.93  
 462 V	 5.31  
 463 K	 44.83  
 464 R	 17.19  
 465 M	 4.13  
 466 R	 38.81  
 467 L	 3.90  
 468 S	 24.57  
 469 E	 64.44  
 470 G	 18.88  
 471 W	 7.83  
 472 A	 17.81  
 473 T	 32.41  
