 1 M	 9.45  
 2 G	 33.44  
 3 R	 31.91  
 4 R	 25.61  
 5 S	 37.41  
 6 R	 40.60  
 7 G	 21.95  
 8 R	 34.72  
 9 R	 39.41  
 10 L	 5.33  
 11 Q	 36.91  
 12 Q	 46.06  
 13 Q	 28.43  
 14 Q	 59.57  
 15 R	 32.03  
 16 P	 39.21  
 17 E	 72.54  
 18 D	 58.92  
 19 A	 18.34  
 20 E	 70.11  
 21 D	 64.42  
 22 G	 19.62  
 23 A	 25.28  
 24 E	 64.99  
 25 G	 50.01  
 26 G	 29.92  
 27 G	 27.61  
 28 K	 61.58  
 29 R	 52.00  
 30 G	 32.37  
 31 E	 48.30  
 32 A	 31.09  
 33 G	 20.75  
 34 W	 14.22  
 35 E	 41.65  
 36 G	 34.13  
 37 G	 24.25  
 38 Y	 14.46  
 39 P	 28.28  
 40 E	 52.51  
 41 I	 4.66  
 42 V	 6.41  
 43 K	 62.32  
 44 E	 49.02  
 45 N	 40.38  
 46 K	 56.49  
 47 L	 10.31  
 48 F	 6.08  
 49 E	 41.22  
 50 H	 21.18  
 51 Y	 10.31  
 52 Y	 9.45  
 53 Q	 42.24  
 54 E	 35.59  
 55 L	 2.43  
 56 K	 40.69  
 57 I	 11.05  
 58 V	 3.18  
 59 P	 47.55  
 60 E	 59.87  
 61 G	 29.86  
 62 E	 46.93  
 63 W	 19.42  
 64 G	 13.42  
 65 Q	 31.40  
 66 F	 4.16  
 67 M	 1.96  
 68 D	 43.68  
 69 A	 9.20  
 70 L	 5.77  
 71 R	 45.25  
 72 E	 52.63  
 73 P	 36.89  
 74 L	 3.74  
 75 P	 33.63  
 76 A	 27.27  
 77 T	 18.03  
 78 L	 3.96  
 79 R	 21.77  
 80 I	 3.84  
 81 T	 28.20  
 82 G	 26.04  
 83 Y	 10.73  
 84 K	 36.79  
 85 S	 21.86  
 86 H	 36.35  
 87 A	 20.47  
 88 K	 39.60  
 89 E	 52.12  
 90 I	 2.91  
 91 L	 2.15  
 92 H	 22.11  
 93 C	 5.33  
 94 L	 4.82  
 95 K	 57.71  
 96 N	 31.17  
 97 K	 50.94  
 98 Y	 29.31  
 99 F	 5.46  
 100 K	 59.30  
 101 E	 47.71  
 102 L	 6.82  
 103 E	 62.74  
 104 D	 61.83  
 105 L	 5.15  
 106 E	 51.38  
 107 V	 15.11  
 108 D	 44.42  
 109 G	 34.09  
 110 Q	 42.00  
 111 K	 45.98  
 112 V	 7.43  
 113 E	 56.36  
 114 V	 6.29  
 115 P	 19.30  
 116 Q	 57.66  
 117 P	 23.45  
 118 L	 4.77  
 119 S	 31.11  
 120 W	 22.00  
 121 Y	 9.44  
 122 P	 23.48  
 123 E	 50.36  
 124 E	 39.00  
 125 L	 6.28  
 126 A	 10.17  
 127 W	 16.09  
 128 H	 10.16  
 129 T	 27.44  
 130 N	 24.11  
 131 L	 5.72  
 132 S	 33.33  
 133 R	 32.95  
 134 K	 42.59  
 135 I	 4.35  
 136 L	 6.73  
 137 R	 40.66  
 138 K	 65.96  
 139 S	 15.89  
 140 P	 38.83  
 141 H	 54.43  
 142 L	 9.69  
 143 E	 51.12  
 144 K	 55.28  
 145 F	 3.90  
 146 H	 28.66  
 147 Q	 36.18  
 148 F	 5.66  
 149 L	 3.13  
 150 V	 5.26  
 151 S	 40.73  
 152 E	 49.46  
 153 T	 28.13  
 154 E	 53.23  
 155 S	 44.55  
 156 G	 29.29  
 157 N	 38.04  
 158 I	 4.02  
 159 S	 31.73  
 160 R	 34.26  
 161 Q	 35.89  
 162 E	 50.34  
 163 A	 7.14  
 164 V	 3.82  
 165 S	 20.31  
 166 M	 4.24  
 167 I	 2.18  
 168 P	 12.58  
 169 P	 25.39  
 170 L	 7.73  
 171 L	 3.94  
 172 L	 7.99  
 173 N	 27.93  
 174 V	 11.54  
 175 R	 24.62  
 176 P	 29.65  
 177 H	 25.06  
 178 H	 22.87  
 179 K	 41.76  
 180 I	 3.24  
 181 L	 4.01  
 182 D	 33.32  
 183 M	 1.18  
 184 C	 2.66  
 185 A	 15.28  
 186 A	 12.21  
 187 P	 29.12  
 188 G	 36.73  
 189 S	 26.27  
 190 K	 62.60  
 191 T	 22.82  
 192 T	 25.72  
 193 Q	 45.75  
 194 L	 3.17  
 195 I	 1.79  
 196 E	 44.26  
 197 M	 2.35  
 198 L	 1.63  
 199 H	 20.55  
 200 A	 17.49  
 201 D	 20.59  
 202 M	 5.89  
 203 N	 38.57  
 204 V	 4.08  
 205 P	 33.79  
 206 F	 8.18  
 207 P	 34.43  
 208 E	 66.69  
 209 G	 23.51  
 210 F	 3.24  
 211 V	 6.25  
 212 I	 2.50  
 213 A	 10.81  
 214 N	 38.42  
 215 D	 39.87  
 216 V	 9.79  
 217 D	 58.77  
 218 N	 33.25  
 219 K	 39.11  
 220 R	 22.14  
 221 C	 2.75  
 222 Y	 13.70  
 223 L	 4.63  
 224 L	 0.99  
 225 V	 2.65  
 226 H	 23.11  
 227 Q	 40.89  
 228 A	 5.53  
 229 K	 47.50  
 230 R	 42.70  
 231 L	 6.15  
 232 S	 35.95  
 233 S	 28.51  
 234 P	 14.31  
 235 C	 3.19  
 236 I	 2.39  
 237 M	 3.33  
 238 V	 1.66  
 239 V	 2.66  
 240 N	 18.86  
 241 H	 22.02  
 242 D	 42.83  
 243 A	 9.53  
 244 S	 34.55  
 245 S	 38.03  
 246 I	 1.82  
 247 P	 32.64  
 248 R	 37.24  
 249 L	 4.37  
 250 Q	 30.99  
 251 I	 7.07  
 252 D	 21.35  
 253 V	 10.06  
 254 D	 47.64  
 255 G	 42.27  
 256 R	 29.04  
 257 K	 55.42  
 258 E	 43.49  
 259 I	 3.46  
 260 L	 3.22  
 261 F	 7.97  
 262 Y	 10.81  
 263 D	 24.66  
 264 R	 16.64  
 265 I	 4.03  
 266 L	 1.81  
 267 C	 4.63  
 268 D	 43.90  
 269 V	 5.13  
 270 P	 8.03  
 271 C	 7.73  
 272 S	 33.57  
 273 G	 44.05  
 274 D	 32.85  
 275 G	 25.57  
 276 T	 20.67  
 277 M	 7.60  
 278 R	 28.80  
 279 K	 47.64  
 280 N	 25.90  
 281 I	 5.18  
 282 D	 50.01  
 283 V	 7.75  
 284 W	 7.86  
 285 K	 37.98  
 286 K	 33.78  
 287 W	 7.29  
 288 T	 30.22  
 289 T	 23.87  
 290 L	 2.99  
 291 N	 38.28  
 292 S	 22.17  
 293 L	 6.46  
 294 Q	 31.10  
 295 L	 4.14  
 296 H	 23.20  
 297 G	 24.58  
 298 L	 2.78  
 299 Q	 33.03  
 300 L	 5.27  
 301 R	 11.97  
 302 I	 6.62  
 303 A	 5.70  
 304 T	 27.54  
 305 R	 33.05  
 306 G	 29.16  
 307 A	 9.70  
 308 E	 49.29  
 309 Q	 45.50  
 310 L	 3.36  
 311 A	 17.06  
 312 E	 71.43  
 313 G	 24.33  
 314 G	 13.15  
 315 R	 23.42  
 316 M	 3.62  
 317 V	 3.08  
 318 Y	 6.74  
 319 S	 16.13  
 320 T	 6.60  
 321 C	 3.42  
 322 S	 31.13  
 323 L	 10.85  
 324 N	 21.14  
 325 P	 36.32  
 326 I	 11.52  
 327 E	 51.56  
 328 D	 50.29  
 329 E	 31.85  
 330 A	 15.44  
 331 V	 3.36  
 332 I	 2.51  
 333 A	 6.37  
 334 S	 23.51  
 335 L	 5.46  
 336 L	 7.84  
 337 E	 60.88  
 338 K	 54.50  
 339 S	 31.71  
 340 E	 60.60  
 341 G	 42.42  
 342 A	 8.20  
 343 L	 9.01  
 344 E	 41.18  
 345 L	 5.26  
 346 A	 13.04  
 347 D	 57.93  
 348 V	 5.72  
 349 S	 25.74  
 350 N	 55.46  
 351 E	 49.16  
 352 L	 4.82  
 353 P	 39.63  
 354 G	 53.14  
 355 L	 3.56  
 356 K	 47.57  
 357 W	 11.84  
 358 M	 1.76  
 359 P	 29.89  
 360 G	 21.33  
 361 I	 1.82  
 362 T	 34.00  
 363 Q	 35.75  
 364 W	 6.12  
 365 K	 16.59  
 366 V	 5.55  
 367 M	 3.24  
 368 T	 29.04  
 369 K	 41.59  
 370 D	 45.40  
 371 G	 28.33  
 372 Q	 42.09  
 373 W	 12.02  
 374 F	 3.23  
 375 T	 32.97  
 376 D	 31.61  
 377 W	 7.75  
 378 D	 40.26  
 379 A	 16.70  
 380 V	 3.98  
 381 P	 22.81  
 382 H	 30.76  
 383 S	 21.49  
 384 R	 33.56  
 385 H	 25.74  
 386 T	 25.28  
 387 Q	 24.46  
 388 I	 6.31  
 389 R	 15.72  
 390 P	 29.82  
 391 T	 22.92  
 392 M	 5.42  
 393 F	 11.73  
 394 P	 24.98  
 395 P	 42.28  
 396 K	 82.95  
 397 D	 63.46  
 398 P	 46.91  
 399 E	 76.24  
 400 K	 51.81  
 401 L	 3.60  
 402 Q	 47.94  
 403 A	 9.59  
 404 M	 2.09  
 405 H	 27.79  
 406 L	 2.59  
 407 E	 27.03  
 408 R	 31.00  
 409 C	 1.87  
 410 L	 4.83  
 411 R	 31.83  
 412 I	 4.53  
 413 L	 2.39  
 414 P	 22.12  
 415 H	 31.55  
 416 H	 22.20  
 417 Q	 46.26  
 418 N	 36.01  
 419 T	 31.92  
 420 G	 38.16  
 421 G	 15.69  
 422 F	 4.75  
 423 F	 3.79  
 424 V	 3.17  
 425 A	 5.46  
 426 V	 5.47  
 427 L	 3.18  
 428 V	 6.20  
 429 K	 42.66  
 430 K	 40.04  
 431 S	 26.59  
 432 S	 37.43  
 433 M	 6.02  
 434 P	 33.17  
 435 W	 17.84  
 436 N	 24.62  
 437 K	 48.84  
 438 R	 55.62  
 439 Q	 40.88  
 440 P	 43.27  
 441 K	 45.14  
 442 L	 11.75  
 443 Q	 64.49  
 444 G	 36.00  
 445 K	 33.27  
 446 S	 37.86  
 447 A	 26.18  
 448 E	 56.33  
 449 T	 39.18  
 450 R	 27.63  
 451 E	 66.61  
 452 S	 20.40  
 453 T	 28.86  
 454 Q	 49.58  
 455 L	 7.20  
 456 S	 14.28  
 457 P	 38.08  
 458 A	 22.52  
 459 D	 58.47  
 460 L	 5.22  
 461 T	 43.15  
 462 E	 72.94  
 463 G	 35.69  
 464 K	 38.21  
 465 P	 53.54  
 466 T	 65.12  
 467 D	 54.74  
 468 P	 35.52  
 469 S	 53.32  
 470 K	 62.76  
 471 L	 10.39  
 472 E	 65.42  
 473 S	 35.96  
 474 P	 24.88  
 475 S	 44.73  
 476 F	 9.19  
 477 T	 37.87  
 478 G	 26.20  
 479 T	 28.91  
 480 G	 40.98  
 481 D	 40.79  
 482 T	 30.54  
 483 E	 42.81  
 484 I	 3.55  
 485 A	 4.69  
 486 H	 38.55  
 487 A	 12.03  
 488 T	 21.84  
 489 E	 62.47  
 490 D	 55.73  
 491 L	 6.54  
 492 E	 62.06  
 493 N	 66.51  
 494 N	 46.90  
 495 G	 53.04  
 496 S	 38.36  
 497 K	 57.17  
 498 K	 62.50  
 499 D	 59.50  
 500 G	 26.04  
 501 V	 4.97  
 502 C	 9.18  
 503 G	 35.03  
 504 P	 32.28  
 505 P	 30.95  
 506 P	 63.01  
 507 S	 51.16  
 508 K	 63.76  
 509 K	 45.68  
 510 M	 5.39  
 511 K	 49.93  
 512 L	 4.55  
 513 F	 10.11  
 514 G	 43.06  
 515 F	 6.49  
 516 K	 62.68  
 517 E	 69.52  
 518 D	 42.39  
 519 P	 28.52  
 520 F	 12.40  
 521 V	 5.31  
 522 F	 8.68  
 523 I	 2.84  
 524 P	 27.74  
 525 E	 70.95  
 526 D	 58.43  
 527 D	 39.89  
 528 P	 48.50  
 529 L	 15.02  
 530 F	 9.11  
 531 P	 36.32  
 532 P	 39.78  
 533 I	 10.28  
 534 E	 42.77  
 535 K	 44.38  
 536 F	 2.53  
 537 Y	 19.81  
 538 A	 14.50  
 539 L	 7.29  
 540 D	 28.73  
 541 P	 38.43  
 542 S	 47.77  
 543 F	 5.60  
 544 P	 38.66  
 545 R	 25.31  
 546 M	 4.16  
 547 N	 32.93  
 548 L	 3.64  
 549 L	 2.30  
 550 T	 29.18  
 551 R	 39.35  
 552 T	 24.78  
 553 T	 39.18  
 554 E	 69.29  
 555 G	 38.40  
 556 K	 38.25  
 557 K	 57.12  
 558 R	 34.91  
 559 Q	 45.91  
 560 L	 3.28  
 561 Y	 6.27  
 562 M	 3.59  
 563 V	 4.70  
 564 S	 12.13  
 565 K	 49.73  
 566 E	 45.51  
 567 L	 5.77  
 568 R	 32.10  
 569 N	 41.22  
 570 V	 5.34  
 571 L	 4.90  
 572 L	 5.06  
 573 N	 45.91  
 574 N	 52.06  
 575 S	 37.20  
 576 E	 60.33  
 577 K	 43.79  
 578 M	 3.53  
 579 K	 51.54  
 580 V	 3.50  
 581 I	 2.97  
 582 N	 34.93  
 583 T	 29.20  
 584 G	 17.15  
 585 I	 2.83  
 586 K	 30.90  
 587 V	 5.72  
 588 W	 3.13  
 589 C	 3.60  
 590 R	 29.65  
 591 N	 43.83  
 592 N	 31.85  
 593 S	 51.64  
 594 G	 40.34  
 595 E	 56.14  
 596 E	 50.76  
 597 F	 8.99  
 598 D	 26.56  
 599 C	 4.72  
 600 A	 8.40  
 601 F	 9.16  
 602 R	 15.58  
 603 L	 4.69  
 604 A	 10.92  
 605 Q	 54.78  
 606 E	 41.78  
 607 G	 13.21  
 608 I	 2.03  
 609 Y	 11.10  
 610 T	 20.21  
 611 L	 2.61  
 612 Y	 6.57  
 613 P	 27.10  
 614 F	 5.36  
 615 I	 3.85  
 616 N	 26.14  
 617 S	 21.75  
 618 R	 21.60  
 619 I	 2.88  
 620 I	 2.78  
 621 T	 12.26  
 622 V	 3.46  
 623 S	 14.06  
 624 M	 4.42  
 625 E	 52.74  
 626 D	 38.07  
 627 V	 2.37  
 628 K	 39.70  
 629 I	 3.71  
 630 L	 3.33  
 631 L	 5.45  
 632 T	 30.32  
 633 Q	 48.73  
 634 E	 62.73  
 635 N	 28.94  
 636 P	 29.06  
 637 F	 16.25  
 638 F	 7.70  
 639 R	 39.11  
 640 K	 47.79  
 641 L	 6.24  
 642 S	 29.21  
 643 S	 44.38  
 644 E	 48.68  
 645 T	 30.35  
 646 Y	 8.50  
 647 S	 30.95  
 648 Q	 41.85  
 649 A	 11.03  
 650 K	 45.71  
 651 D	 55.67  
 652 L	 5.38  
 653 A	 25.05  
 654 K	 61.56  
 655 G	 19.59  
 656 S	 14.60  
 657 I	 6.00  
 658 V	 3.95  
 659 L	 4.69  
 660 K	 36.35  
 661 Y	 28.65  
 662 E	 40.83  
 663 P	 37.45  
 664 D	 48.74  
 665 S	 40.43  
 666 A	 38.67  
 667 N	 38.65  
 668 P	 28.15  
 669 D	 60.77  
 670 A	 10.78  
 671 L	 7.59  
 672 Q	 32.43  
 673 C	 2.30  
 674 P	 13.53  
 675 I	 4.93  
 676 V	 1.87  
 677 L	 2.01  
 678 C	 3.21  
 679 G	 16.98  
 680 W	 12.59  
 681 R	 23.24  
 682 G	 24.31  
 683 K	 30.32  
 684 A	 17.02  
 685 S	 18.98  
 686 I	 6.01  
 687 R	 21.44  
 688 T	 27.58  
 689 F	 6.77  
 690 V	 6.97  
 691 P	 29.57  
 692 K	 67.16  
 693 N	 33.28  
 694 E	 63.85  
 695 R	 35.84  
 696 L	 2.25  
 697 H	 26.29  
 698 Y	 10.70  
 699 L	 1.65  
 700 R	 13.08  
 701 M	 2.00  
 702 M	 4.47  
 703 G	 14.89  
 704 L	 1.93  
 705 E	 29.93  
 706 V	 11.35  
 707 L	 5.53  
 708 G	 50.26  
 709 E	 58.50  
 710 K	 68.31  
 711 K	 52.32  
 712 K	 71.42  
 713 E	 68.52  
 714 G	 22.20  
 715 V	 3.21  
 716 I	 6.04  
 717 L	 3.80  
 718 T	 26.30  
 719 N	 37.47  
 720 E	 36.20  
 721 S	 31.07  
 722 A	 10.15  
 723 A	 19.53  
 724 S	 32.55  
 725 T	 34.80  
 726 G	 34.23  
 727 Q	 42.11  
 728 P	 43.66  
 729 D	 56.95  
 730 N	 52.95  
 731 D	 56.97  
 732 V	 7.05  
 733 T	 36.94  
 734 E	 53.85  
 735 G	 16.95  
 736 Q	 26.31  
 737 R	 56.25  
 738 A	 20.86  
 739 G	 53.75  
 740 E	 40.08  
 741 P	 45.76  
 742 N	 62.97  
 743 S	 34.57  
 744 P	 52.01  
 745 D	 67.44  
 746 A	 21.66  
 747 E	 66.09  
 748 E	 55.67  
 749 A	 17.19  
 750 N	 58.31  
 751 S	 29.53  
 752 P	 39.64  
 753 D	 50.66  
 754 V	 4.48  
 755 T	 25.39  
 756 A	 19.23  
 757 G	 13.64  
 758 C	 5.41  
 759 D	 34.86  
 760 P	 34.68  
 761 A	 21.27  
 762 G	 24.53  
 763 V	 7.14  
 764 H	 26.23  
 765 P	 24.77  
 766 P	 39.47  
 767 R	 64.72  
