 1 M	 5.09  
 2 V	 5.49  
 3 L	 1.81  
 4 I	 1.23  
 5 A	 7.66  
 6 A	 3.63  
 7 C	 2.08  
 8 I	 4.11  
 9 L	 4.29  
 10 S	 14.30  
 11 K	 58.83  
 12 T	 35.85  
 13 G	 23.50  
 14 K	 43.83  
 15 L	 5.00  
 16 L	 3.01  
 17 V	 6.30  
 18 A	 10.26  
 19 R	 24.00  
 20 Q	 36.58  
 21 F	 4.64  
 22 V	 4.49  
 23 N	 32.52  
 24 D	 27.27  
 25 M	 1.71  
 26 M	 3.82  
 27 R	 16.40  
 28 S	 24.26  
 29 R	 26.79  
 30 L	 6.89  
 31 E	 49.74  
 32 G	 35.28  
 33 L	 1.99  
 34 V	 7.99  
 35 D	 47.75  
 36 A	 18.37  
 37 F	 4.79  
 38 P	 32.06  
 39 K	 46.40  
 40 L	 6.54  
 41 I	 7.51  
 42 G	 46.83  
 43 N	 50.61  
 44 E	 47.24  
 45 K	 57.56  
 46 E	 37.04  
 47 A	 25.79  
 48 A	 12.38  
 49 T	 37.60  
 50 R	 22.89  
 51 Q	 35.30  
 52 H	 20.27  
 53 T	 22.49  
 54 F	 4.36  
 55 V	 8.99  
 56 E	 42.58  
 57 T	 28.42  
 58 D	 31.46  
 59 S	 18.86  
 60 V	 5.95  
 61 R	 21.10  
 62 Y	 11.82  
 63 V	 2.19  
 64 Y	 6.70  
 65 H	 13.35  
 66 P	 24.58  
 67 L	 5.12  
 68 D	 43.88  
 69 N	 32.27  
 70 I	 2.55  
 71 Y	 9.30  
 72 L	 1.81  
 73 V	 1.96  
 74 L	 2.33  
 75 V	 5.08  
 76 T	 28.08  
 77 T	 22.28  
 78 K	 49.35  
 79 N	 37.89  
 80 S	 27.14  
 81 N	 52.86  
 82 I	 4.47  
 83 L	 4.98  
 84 E	 57.67  
 85 D	 46.49  
 86 L	 3.85  
 87 E	 59.11  
 88 T	 25.19  
 89 L	 3.06  
 90 R	 33.24  
 91 L	 5.38  
 92 F	 2.39  
 93 V	 5.90  
 94 R	 17.20  
 95 V	 7.81  
 96 I	 1.18  
 97 P	 24.52  
 98 E	 46.25  
 99 Y	 6.44  
 100 C	 3.52  
 101 R	 41.43  
 102 S	 45.06  
 103 N	 41.94  
 104 E	 72.23  
 105 E	 61.31  
 106 K	 43.82  
 107 E	 46.65  
 108 I	 6.45  
 109 L	 3.48  
 110 A	 13.08  
 111 H	 32.59  
 112 D	 32.90  
 113 F	 6.21  
 114 D	 44.93  
 115 L	 3.33  
 116 I	 2.23  
 117 F	 7.82  
 118 A	 12.18  
 119 F	 5.99  
 120 D	 44.33  
 121 E	 32.22  
 122 V	 4.25  
 123 V	 3.26  
 124 T	 21.46  
 125 L	 3.71  
 126 G	 15.30  
 127 Y	 17.83  
 128 R	 28.10  
 129 E	 51.02  
 130 S	 13.80  
 131 V	 6.11  
 132 N	 38.65  
 133 L	 3.30  
 134 A	 9.50  
 135 Q	 28.94  
 136 I	 3.59  
 137 R	 16.23  
 138 T	 36.22  
 139 F	 3.80  
 140 T	 29.77  
 141 E	 36.48  
 142 M	 6.10  
 143 D	 40.38  
 144 S	 31.33  
 145 H	 36.35  
 146 E	 51.99  
 147 E	 49.04  
 148 R	 24.80  
 149 V	 5.46  
 150 F	 3.60  
 151 M	 3.54  
 152 Q	 31.94  
 153 I	 2.67  
 154 K	 30.06  
 155 E	 58.16  
 156 A	 20.17  
 157 Q	 54.54  
 158 E	 52.27  
 159 K	 41.38  
 160 A	 21.09  
 161 A	 18.63  
 162 K	 43.37  
 163 Q	 31.48  
 164 A	 9.84  
 165 M	 4.60  
 166 A	 20.39  
 167 E	 40.22  
 168 K	 56.04  
 169 A	 11.32  
 170 K	 74.73  
 171 E	 65.47  
 172 L	 4.48  
 173 K	 46.94  
 174 R	 55.67  
 175 A	 24.18  
 176 Q	 48.43  
 177 K	 43.92  
 178 E	 42.64  
 179 A	 20.20  
 180 L	 3.63  
 181 S	 31.20  
 182 R	 56.14  
 183 G	 34.38  
 184 L	 7.77  
 185 K	 34.44  
 186 P	 43.22  
 187 S	 33.93  
 188 Y	 22.42  
 189 Q	 34.93  
 190 S	 22.95  
 191 S	 18.35  
 192 T	 43.72  
 193 G	 21.52  
 194 I	 3.51  
 195 S	 26.05  
 196 S	 26.79  
 197 S	 31.29  
 198 S	 50.24  
 199 T	 23.62  
 200 P	 30.34  
 201 N	 42.15  
 202 A	 9.67  
 203 A	 18.29  
 204 A	 11.71  
 205 V	 5.97  
 206 S	 32.89  
 207 E	 32.15  
 208 P	 26.64  
 209 A	 26.50  
 210 A	 16.02  
 211 P	 51.31  
 212 R	 32.83  
 213 P	 33.51  
 214 S	 59.49  
 215 A	 16.71  
 216 P	 46.61  
 217 K	 76.63  
 218 G	 20.28  
 219 P	 28.33  
 220 I	 12.49  
 221 G	 41.77  
 222 G	 34.84  
 223 G	 13.57  
 224 K	 54.54  
 225 A	 17.13  
 226 L	 5.54  
 227 K	 50.36  
 228 L	 13.06  
 229 G	 33.68  
 230 G	 44.01  
 231 K	 46.40  
 232 T	 46.69  
 233 N	 54.07  
 234 N	 60.34  
 235 E	 62.11  
 236 D	 54.83  
 237 D	 39.57  
 238 F	 11.70  
 239 L	 6.73  
 240 D	 43.62  
 241 T	 26.45  
 242 L	 4.67  
 243 R	 28.94  
 244 Q	 55.67  
 245 Q	 45.52  
 246 G	 18.18  
 247 Q	 27.59  
 248 S	 27.78  
 249 I	 3.74  
 250 A	 11.94  
 251 P	 27.66  
 252 V	 7.24  
 253 Q	 34.24  
 254 K	 39.93  
 255 A	 9.90  
 256 S	 30.06  
 257 L	 7.06  
 258 S	 30.88  
 259 G	 45.90  
 260 G	 16.86  
 261 V	 3.92  
 262 S	 23.94  
 263 S	 21.44  
 264 L	 3.52  
 265 A	 17.09  
 266 A	 13.78  
 267 P	 18.56  
 268 I	 4.98  
 269 S	 19.91  
 270 T	 41.21  
 271 A	 5.32  
 272 P	 41.51  
 273 R	 44.09  
 274 V	 7.16  
 275 K	 44.09  
 276 R	 38.80  
 277 E	 43.08  
 278 V	 4.13  
 279 V	 2.71  
 280 H	 14.44  
 281 V	 5.68  
 282 R	 22.88  
 283 T	 47.62  
 284 E	 46.88  
 285 E	 59.63  
 286 K	 34.72  
 287 I	 7.82  
 288 N	 32.66  
 289 T	 35.60  
 290 R	 21.67  
 291 V	 5.32  
 292 S	 22.74  
 293 R	 43.68  
 294 D	 48.26  
 295 G	 41.28  
 296 G	 30.47  
 297 L	 6.06  
 298 E	 61.03  
 299 S	 45.34  
 300 G	 29.71  
 301 E	 40.51  
 302 V	 5.53  
 303 Q	 27.32  
 304 A	 14.82  
 305 T	 9.27  
 306 V	 5.93  
 307 T	 15.50  
 308 L	 2.82  
 309 S	 18.61  
 310 I	 7.72  
 311 G	 33.50  
 312 S	 21.42  
 313 P	 34.99  
 314 E	 58.88  
 315 F	 10.26  
 316 I	 2.56  
 317 P	 21.42  
 318 I	 5.93  
 319 S	 15.71  
 320 I	 5.20  
 321 K	 28.87  
 322 M	 4.49  
 323 N	 44.71  
 324 N	 42.15  
 325 G	 17.41  
 326 S	 19.64  
 327 A	 16.00  
 328 A	 24.22  
 329 G	 17.45  
 330 T	 22.75  
 331 Q	 29.04  
 332 L	 6.04  
 333 Q	 22.96  
 334 V	 12.62  
 335 H	 7.80  
 336 P	 44.19  
 337 N	 46.09  
 338 L	 13.88  
 339 D	 67.62  
 340 K	 56.62  
 341 K	 64.94  
 342 E	 57.39  
 343 W	 16.54  
 344 Q	 34.23  
 345 S	 27.59  
 346 S	 16.55  
 347 S	 42.90  
 348 T	 33.74  
 349 L	 6.12  
 350 K	 49.09  
 351 I	 11.45  
 352 K	 30.73  
 353 P	 59.27  
 354 N	 67.14  
 355 G	 40.62  
 356 K	 48.28  
 357 P	 39.81  
 358 Y	 24.25  
 359 P	 27.60  
 360 V	 9.87  
 361 N	 28.17  
 362 S	 33.63  
 363 D	 37.14  
 364 V	 5.29  
 365 G	 25.22  
 366 I	 3.43  
 367 L	 4.44  
 368 K	 42.73  
 369 W	 7.69  
 370 K	 16.83  
 371 M	 4.39  
 372 A	 12.28  
 373 L	 6.23  
 374 S	 33.16  
 375 E	 67.42  
 376 E	 47.90  
 377 E	 54.06  
 378 Q	 56.68  
 379 L	 4.62  
 380 P	 21.63  
 381 I	 11.32  
 382 S	 14.41  
 383 F	 10.13  
 384 N	 21.83  
 385 C	 5.44  
 386 W	 9.94  
 387 P	 30.20  
 388 Q	 38.41  
 389 E	 48.40  
 390 S	 28.60  
 391 S	 37.32  
 392 D	 71.24  
 393 G	 17.44  
 394 V	 7.43  
 395 Q	 28.24  
 396 V	 7.87  
 397 N	 12.32  
 398 I	 4.50  
 399 E	 27.54  
 400 Y	 14.67  
 401 T	 12.01  
 402 L	 4.41  
 403 Q	 38.63  
 404 R	 46.82  
 405 E	 40.58  
 406 D	 41.16  
 407 I	 3.96  
 408 T	 35.44  
 409 L	 4.48  
 410 N	 35.98  
 411 N	 27.79  
 412 V	 4.53  
 413 R	 18.29  
 414 I	 3.03  
 415 I	 1.50  
 416 V	 3.56  
 417 P	 23.39  
 418 L	 4.00  
 419 P	 17.58  
 420 T	 44.30  
 421 A	 10.38  
 422 T	 41.39  
 423 A	 7.60  
 424 P	 25.78  
 425 S	 40.05  
 426 V	 7.93  
 427 G	 33.87  
 428 E	 27.55  
 429 C	 7.19  
 430 D	 48.97  
 431 G	 51.55  
 432 E	 23.18  
 433 Y	 27.58  
 434 E	 36.54  
 435 Y	 14.02  
 436 H	 21.26  
 437 K	 61.36  
 438 T	 17.97  
 439 K	 54.76  
 440 N	 33.70  
 441 V	 3.88  
 442 I	 3.52  
 443 V	 2.18  
 444 W	 4.05  
 445 S	 8.78  
 446 L	 2.30  
 447 A	 7.24  
 448 V	 6.40  
 449 I	 3.37  
 450 D	 39.14  
 451 S	 21.94  
 452 S	 36.66  
 453 N	 44.11  
 454 S	 31.90  
 455 S	 39.79  
 456 G	 33.85  
 457 T	 25.68  
 458 L	 7.74  
 459 E	 35.40  
 460 F	 11.38  
 461 S	 27.56  
 462 V	 5.32  
 463 P	 39.63  
 464 N	 51.16  
 465 G	 19.41  
 466 H	 22.07  
 467 C	 4.63  
 468 D	 35.63  
 469 H	 31.47  
 470 F	 4.77  
 471 F	 5.39  
 472 P	 19.27  
 473 V	 6.47  
 474 S	 19.43  
 475 V	 8.12  
 476 G	 16.77  
 477 F	 6.78  
 478 T	 29.24  
 479 S	 23.40  
 480 E	 55.70  
 481 N	 38.25  
 482 L	 3.93  
 483 F	 10.41  
 484 V	 3.64  
 485 P	 14.81  
 486 I	 5.04  
 487 T	 15.71  
 488 V	 5.55  
 489 Q	 24.95  
 490 K	 44.66  
 491 V	 4.07  
 492 V	 6.54  
 493 K	 52.92  
 494 N	 47.46  
 495 D	 53.91  
 496 G	 43.15  
 497 S	 21.04  
 498 P	 28.18  
 499 V	 9.33  
 500 T	 17.29  
 501 Y	 15.79  
 502 S	 12.24  
 503 V	 5.51  
 504 E	 35.87  
 505 T	 34.23  
 506 T	 13.81  
 507 F	 14.29  
 508 N	 46.45  
 509 S	 29.71  
 510 E	 68.02  
 511 N	 39.41  
 512 F	 6.26  
 513 E	 55.19  
 514 I	 3.79  
 515 V	 5.16  
