 1 M	 11.10  
 2 A	 27.13  
 3 E	 39.05  
 4 K	 34.86  
 5 I	 2.12  
 6 L	 3.85  
 7 F	 3.87  
 8 Y	 8.13  
 9 I	 1.46  
 10 Y	 9.29  
 11 R	 23.28  
 12 D	 34.15  
 13 S	 34.67  
 14 G	 33.63  
 15 T	 32.79  
 16 S	 38.90  
 17 S	 30.27  
 18 E	 55.11  
 19 N	 45.87  
 20 L	 2.12  
 21 V	 6.15  
 22 R	 23.05  
 23 A	 9.93  
 24 I	 2.55  
 25 V	 5.87  
 26 D	 49.88  
 27 E	 47.85  
 28 F	 7.30  
 29 K	 47.64  
 30 N	 43.57  
 31 F	 5.91  
 32 V	 5.56  
 33 F	 6.18  
 34 R	 27.67  
 35 D	 41.51  
 36 R	 33.87  
 37 G	 21.62  
 38 I	 2.72  
 39 A	 12.42  
 40 F	 8.18  
 41 T	 22.10  
 42 S	 20.03  
 43 K	 59.83  
 44 G	 22.93  
 45 Y	 13.88  
 46 S	 38.63  
 47 G	 19.63  
 48 I	 1.46  
 49 P	 25.67  
 50 L	 10.17  
 51 L	 4.15  
 52 G	 41.92  
 53 E	 51.87  
 54 L	 4.23  
 55 P	 24.84  
 56 I	 14.84  
 57 D	 42.11  
 58 S	 28.25  
 59 P	 35.74  
 60 L	 12.22  
 61 D	 49.05  
 62 D	 57.22  
 63 I	 3.71  
 64 W	 8.39  
 65 K	 27.45  
 66 V	 1.69  
 67 V	 2.43  
 68 A	 8.69  
 69 V	 4.33  
 70 L	 2.33  
 71 F	 5.47  
 72 K	 31.43  
 73 I	 2.81  
 74 S	 23.12  
 75 A	 26.78  
 76 R	 35.39  
 77 E	 57.01  
 78 E	 54.47  
 79 G	 21.22  
 80 L	 4.75  
 81 I	 4.64  
 82 F	 8.99  
 83 K	 26.55  
 84 V	 3.18  
 85 H	 24.52  
 86 T	 25.09  
 87 T	 23.00  
 88 D	 51.23  
 89 Y	 27.06  
 90 E	 49.52  
 91 K	 58.60  
 92 N	 24.17  
 93 P	 39.00  
 94 L	 8.78  
 95 V	 4.82  
 96 A	 20.79  
 97 E	 54.25  
 98 A	 18.16  
 99 K	 44.29  
 100 K	 59.96  
 101 S	 32.04  
 102 D	 55.65  
 103 V	 14.29  
 104 L	 3.05  
 105 P	 33.88  
 106 N	 44.39  
 107 W	 8.07  
 108 A	 7.54  
 109 H	 25.41  
 110 S	 24.10  
 111 V	 5.04  
 112 K	 50.58  
 113 D	 45.92  
 114 F	 8.33  
 115 A	 20.00  
 116 E	 54.65  
 117 N	 30.87  
 118 V	 3.10  
 119 F	 13.33  
 120 G	 12.36  
 121 M	 2.40  
 122 N	 41.79  
 123 G	 15.74  
 124 V	 1.80  
 125 I	 2.01  
 126 H	 18.07  
 127 L	 2.59  
 128 I	 2.61  
 129 S	 22.37  
 130 P	 29.80  
 131 T	 29.85  
 132 V	 8.69  
 133 S	 37.23  
 134 E	 55.14  
 135 K	 60.50  
 136 F	 8.28  
 137 P	 42.07  
 138 K	 68.74  
 139 R	 33.75  
 140 S	 37.30  
 141 Q	 41.21  
 142 I	 3.61  
 143 D	 26.66  
 144 I	 2.75  
 145 L	 2.26  
 146 R	 33.60  
 147 A	 20.06  
 148 V	 4.18  
 149 P	 31.77  
 150 N	 57.59  
 151 E	 42.97  
 152 T	 35.34  
 153 R	 23.24  
 154 N	 39.09  
 155 I	 2.70  
 156 L	 4.44  
 157 V	 5.03  
 158 T	 19.19  
 159 E	 42.05  
 160 S	 28.03  
 161 L	 6.62  
 162 S	 41.80  
 163 E	 66.00  
 164 K	 48.39  
 165 L	 4.09  
 166 H	 40.10  
 167 S	 46.36  
 168 S	 28.92  
 169 E	 57.65  
 170 S	 34.18  
 171 R	 38.14  
 172 N	 47.29  
 173 F	 9.99  
 174 G	 21.71  
 175 M	 1.60  
 176 H	 34.49  
 177 N	 25.75  
 178 T	 21.26  
 179 S	 19.60  
 180 V	 8.67  
 181 N	 31.94  
 182 V	 4.67  
 183 P	 13.78  
 184 V	 5.49  
 185 S	 7.51  
 186 M	 2.96  
 187 A	 6.53  
 188 Y	 5.99  
 189 V	 2.69  
 190 A	 8.57  
 191 R	 30.34  
 192 E	 59.85  
 193 R	 28.74  
 194 P	 28.39  
 195 D	 61.76  
 196 I	 2.89  
 197 L	 4.47  
 198 S	 18.98  
 199 L	 4.04  
 200 A	 8.74  
 201 I	 5.41  
 202 R	 26.20  
 203 E	 48.99  
 204 F	 4.98  
 205 V	 5.82  
 206 K	 56.43  
 207 T	 37.48  
 208 D	 48.24  
 209 E	 62.19  
 210 R	 49.13  
 211 K	 56.96  
 212 I	 5.40  
 213 K	 60.32  
 214 E	 66.68  
 215 L	 8.80  
 216 E	 36.90  
 217 K	 66.39  
 218 R	 29.65  
 219 L	 9.94  
 220 A	 24.33  
 221 N	 52.29  
 222 E	 41.37  
 223 H	 28.16  
 224 D	 38.40  
 225 R	 23.08  
 226 V	 5.42  
 227 M	 1.61  
 228 I	 2.07  
 229 H	 7.91  
 230 T	 16.78  
 231 I	 1.39  
 232 I	 3.92  
 233 N	 42.13  
 234 D	 35.32  
 235 T	 38.99  
 236 D	 58.26  
 237 W	 10.78  
 238 K	 45.15  
 239 E	 40.63  
 240 V	 3.55  
 241 T	 19.26  
 242 A	 10.32  
 243 V	 3.43  
 244 A	 15.03  
 245 D	 38.29  
 246 I	 3.99  
 247 E	 51.73  
 248 S	 33.17  
 249 P	 22.69  
 250 T	 47.87  
 251 D	 42.55  
 252 I	 3.63  
 253 V	 4.37  
 254 S	 13.10  
 255 H	 24.22  
 256 R	 16.53  
 257 V	 4.62  
 258 S	 14.10  
 259 L	 3.40  
 260 A	 7.94  
 261 L	 4.26  
 262 L	 3.57  
 263 A	 15.64  
 264 F	 14.56  
 265 D	 59.43  
 266 E	 46.33  
 267 K	 51.10  
 268 H	 25.40  
 269 S	 40.82  
 270 S	 41.61  
 271 I	 3.26  
 272 P	 33.21  
 273 N	 62.54  
 274 G	 16.20  
 275 V	 9.48  
 276 D	 40.16  
 277 V	 4.72  
 278 P	 15.30  
 279 V	 7.72  
 280 S	 24.57  
 281 G	 30.64  
 282 L	 2.98  
 283 F	 8.24  
 284 Q	 44.56  
 285 K	 40.63  
 286 V	 7.20  
 287 G	 27.67  
 288 D	 55.90  
 289 R	 29.42  
 290 F	 14.28  
 291 E	 59.04  
 292 R	 33.64  
 293 E	 45.70  
 294 H	 34.88  
 295 L	 3.36  
 296 E	 47.79  
 297 A	 14.54  
 298 L	 3.90  
 299 R	 36.40  
 300 A	 17.47  
 301 K	 37.60  
 302 L	 6.00  
 303 F	 10.05  
 304 G	 49.18  
 305 S	 16.66  
 306 P	 32.31  
 307 Q	 47.60  
 308 S	 38.22  
 309 A	 8.19  
 310 T	 20.05  
 311 H	 23.43  
 312 L	 2.47  
 313 Y	 8.24  
 314 Q	 27.35  
 315 C	 3.04  
 316 A	 6.74  
 317 K	 52.53  
 318 S	 15.00  
 319 L	 3.83  
 320 V	 9.22  
 321 T	 37.24  
 322 G	 18.11  
 323 N	 23.84  
 324 H	 24.79  
 325 V	 6.26  
 326 Q	 36.20  
 327 E	 34.89  
 328 C	 2.76  
 329 R	 34.06  
 330 K	 52.75  
 331 I	 1.79  
 332 F	 6.76  
 333 V	 8.14  
 334 D	 43.73  
 335 E	 50.14  
 336 G	 31.59  
 337 S	 26.98  
 338 T	 40.66  
 339 S	 35.27  
 340 N	 52.40  
 341 R	 44.56  
 342 E	 56.00  
 343 S	 40.45  
 344 D	 26.33  
 345 C	 8.59  
 346 S	 50.04  
 347 G	 48.13  
 348 N	 32.98  
 349 E	 67.72  
 350 D	 66.16  
 351 D	 48.03  
 352 S	 37.50  
 353 S	 48.04  
 354 N	 44.39  
 355 A	 14.26  
 356 K	 50.41  
 357 Y	 22.65  
 358 A	 16.32  
 359 K	 40.42  
 360 K	 43.45  
 361 Q	 45.21  
 362 V	 11.88  
 363 F	 9.95  
 364 K	 65.90  
 365 K	 52.65  
 366 K	 58.52  
 367 K	 60.82  
 368 R	 48.89  
 369 N	 48.80  
 370 A	 20.71  
 371 F	 19.70  
 372 G	 31.97  
 373 K	 42.05  
 374 K	 52.03  
 375 R	 47.88  
 376 E	 52.20  
 377 L	 4.53  
 378 A	 6.41  
 379 A	 18.59  
 380 I	 3.75  
 381 L	 3.19  
 382 D	 41.10  
 383 H	 32.14  
 384 T	 44.30  
 385 K	 43.03  
 386 P	 46.21  
 387 S	 49.88  
 388 E	 61.02  
 389 H	 41.62  
 390 S	 46.93  
 391 E	 44.06  
 392 P	 41.05  
 393 D	 46.62  
 394 Y	 14.82  
 395 V	 8.98  
 396 A	 10.25  
 397 P	 31.13  
 398 D	 52.56  
 399 N	 32.27  
 400 S	 23.46  
 401 A	 24.06  
 402 A	 21.53  
 403 L	 6.57  
 404 K	 51.17  
 405 K	 53.99  
 406 F	 8.00  
 407 E	 48.92  
 408 R	 47.14  
 409 A	 7.60  
 410 V	 11.72  
 411 N	 47.38  
 412 G	 23.67  
 413 D	 35.22  
 414 D	 50.49  
 415 Y	 16.17  
 416 Y	 13.68  
 417 K	 35.25  
 418 A	 9.72  
 419 S	 33.88  
 420 S	 39.04  
 421 D	 57.25  
 422 E	 38.68  
 423 Y	 17.74  
 424 S	 28.05  
 425 L	 11.09  
 426 G	 34.04  
 427 E	 64.60  
 428 E	 55.82  
 429 E	 64.69  
 430 D	 49.04  
 431 L	 7.53  
 432 E	 52.89  
 433 L	 4.65  
 434 F	 3.06  
 435 M	 7.97  
 436 A	 16.03  
 437 K	 33.30  
 438 P	 43.73  
 439 R	 52.79  
 440 K	 53.33  
 441 K	 54.53  
 442 I	 7.03  
 443 L	 6.65  
 444 E	 60.56  
 445 E	 52.60  
 446 M	 4.18  
 447 K	 68.96  
 448 N	 52.39  
 449 K	 55.07  
 450 N	 53.25  
 451 K	 36.17  
 452 A	 22.71  
 453 R	 34.75  
 454 L	 11.26  
 455 G	 16.47  
 456 I	 3.72  
 457 K	 41.11  
 458 V	 6.76  
 459 T	 15.47  
 460 E	 56.03  
 461 R	 36.28  
 462 L	 3.20  
 463 P	 36.65  
 464 T	 36.91  
 465 V	 5.80  
 466 S	 41.65  
 467 D	 64.10  
 468 D	 48.17  
 469 E	 62.94  
 470 E	 52.03  
 471 I	 4.93  
 472 D	 32.60  
 473 V	 6.30  
 474 A	 7.86  
 475 D	 36.18  
 476 M	 1.65  
 477 L	 3.29  
 478 R	 23.28  
 479 A	 21.99  
 480 A	 12.17  
 481 P	 21.61  
 482 P	 33.33  
 483 I	 4.49  
 484 A	 18.23  
 485 N	 44.58  
 486 A	 13.55  
 487 E	 60.37  
 488 D	 47.36  
 489 I	 4.05  
 490 E	 66.02  
 491 D	 53.24  
 492 F	 6.20  
 493 D	 66.08  
 494 D	 48.79  
 495 I	 7.00  
