 1 M	 6.09  
 2 V	 7.19  
 3 N	 35.61  
 4 S	 19.13  
 5 L	 3.17  
 6 S	 19.66  
 7 R	 34.62  
 8 I	 2.88  
 9 L	 3.26  
 10 F	 2.18  
 11 C	 2.22  
 12 S	 20.90  
 13 L	 4.47  
 14 L	 1.82  
 15 I	 2.68  
 16 F	 4.87  
 17 S	 16.14  
 18 V	 2.10  
 19 I	 2.88  
 20 S	 21.15  
 21 L	 5.70  
 22 R	 36.62  
 23 E	 53.41  
 24 E	 57.01  
 25 R	 32.83  
 26 L	 8.52  
 27 E	 49.50  
 28 T	 42.18  
 29 A	 5.54  
 30 P	 37.11  
 31 I	 6.47  
 32 T	 33.04  
 33 D	 61.77  
 34 D	 37.22  
 35 P	 29.32  
 36 W	 26.28  
 37 D	 40.03  
 38 L	 7.87  
 39 D	 57.42  
 40 G	 31.98  
 41 P	 19.62  
 42 C	 7.15  
 43 Q	 43.16  
 44 K	 58.96  
 45 Y	 6.48  
 46 V	 7.24  
 47 E	 38.98  
 48 K	 31.53  
 49 L	 2.50  
 50 A	 15.54  
 51 V	 6.12  
 52 V	 4.27  
 53 Q	 27.37  
 54 S	 18.95  
 55 E	 22.15  
 56 M	 2.54  
 57 V	 3.29  
 58 A	 3.95  
 59 C	 3.06  
 60 A	 8.33  
 61 T	 36.78  
 62 N	 16.39  
 63 W	 8.03  
 64 S	 27.56  
 65 I	 3.18  
 66 P	 15.32  
 67 P	 29.51  
 68 V	 4.66  
 69 V	 4.18  
 70 C	 2.83  
 71 T	 21.16  
 72 K	 28.11  
 73 C	 1.98  
 74 F	 5.86  
 75 Q	 51.81  
 76 N	 21.28  
 77 Y	 6.10  
 78 I	 6.83  
 79 N	 27.92  
 80 F	 4.83  
 81 K	 49.98  
 82 Q	 32.06  
 83 F	 12.76  
 84 E	 39.71  
 85 Y	 30.13  
 86 E	 46.22  
 87 T	 25.08  
 88 K	 47.71  
 89 N	 56.26  
 90 L	 5.41  
 91 N	 45.36  
 92 N	 36.95  
 93 V	 3.14  
 94 Y	 12.97  
 95 S	 25.60  
 96 L	 3.56  
 97 D	 36.30  
 98 N	 46.59  
 99 R	 36.45  
 100 T	 23.82  
 101 C	 2.12  
 102 S	 27.20  
 103 Q	 27.98  
 104 V	 2.22  
 105 I	 2.50  
 106 Y	 10.16  
 107 D	 26.61  
 108 N	 16.63  
 109 Y	 13.21  
 110 L	 3.00  
 111 L	 2.97  
 112 S	 17.91  
 113 Y	 18.63  
 114 S	 19.07  
 115 T	 29.17  
 116 D	 36.90  
 117 I	 4.63  
 118 S	 18.06  
 119 K	 47.99  
 120 A	 14.85  
 121 L	 6.60  
 122 T	 29.22  
 123 S	 28.12  
 124 E	 47.05  
 125 I	 6.04  
 126 W	 11.69  
 127 E	 46.98  
 128 K	 28.36  
 129 S	 26.99  
 130 R	 39.05  
 131 C	 6.11  
 132 D	 45.49  
 133 S	 15.85  
 134 C	 1.71  
 135 I	 5.30  
 136 T	 22.34  
 137 I	 2.17  
 138 K	 27.69  
 139 W	 14.08  
 140 N	 33.45  
 141 F	 6.82  
 142 P	 33.35  
 143 Q	 66.88  
 144 N	 50.49  
 145 K	 42.62  
 146 S	 51.27  
 147 E	 43.73  
 148 V	 10.13  
 149 S	 21.00  
 150 F	 12.12  
 151 S	 20.75  
 152 E	 50.60  
 153 R	 34.01  
 154 T	 15.98  
 155 M	 4.74  
 156 Q	 35.84  
 157 F	 4.89  
 158 Q	 21.52  
 159 N	 31.79  
 160 R	 20.48  
 161 M	 4.69  
 162 Y	 14.76  
 163 E	 30.53  
 164 W	 4.55  
 165 R	 18.09  
 166 N	 24.82  
 167 C	 2.44  
 168 V	 3.41  
 169 V	 5.03  
 170 N	 17.61  
 171 Y	 7.23  
 172 T	 18.72  
 173 S	 24.16  
 174 G	 23.56  
 175 G	 19.31  
 176 V	 6.38  
 177 L	 8.50  
 178 D	 40.10  
 179 D	 48.13  
 180 N	 48.72  
 181 L	 5.18  
 182 T	 43.73  
 183 N	 56.77  
 184 G	 25.69  
 185 S	 22.40  
 186 K	 53.31  
 187 I	 1.70  
 188 C	 3.51  
 189 N	 52.53  
 190 L	 2.48  
 191 C	 1.98  
 192 K	 54.49  
 193 T	 31.53  
 194 T	 18.00  
 195 F	 9.22  
 196 D	 49.99  
 197 E	 41.63  
 198 L	 4.31  
 199 F	 5.79  
 200 G	 27.52  
 201 Y	 9.98  
 202 Y	 10.70  
 203 W	 3.37  
 204 K	 15.09  
 205 I	 1.98  
 206 Y	 10.79  
 207 T	 35.01  
 208 T	 10.66  
 209 P	 31.65  
 210 D	 50.99  
 211 V	 6.82  
 212 D	 38.31  
 213 F	 4.37  
 214 C	 1.90  
 215 V	 10.49  
 216 D	 33.44  
 217 V	 3.34  
 218 E	 33.81  
 219 T	 31.06  
 220 T	 10.64  
 221 M	 5.80  
 222 N	 40.98  
 223 D	 35.89  
 224 T	 12.80  
 225 I	 2.54  
 226 H	 23.98  
 227 L	 4.79  
 228 W	 5.89  
 229 D	 47.12  
 230 D	 36.27  
 231 V	 4.95  
 232 W	 9.30  
 233 K	 24.34  
 234 C	 3.29  
 235 A	 24.24  
 236 E	 61.80  
 237 K	 38.69  
 238 Q	 46.53  
 239 D	 61.97  
 240 R	 37.27  
 241 N	 50.54  
 242 R	 42.79  
 243 D	 50.31  
 244 L	 3.70  
 245 F	 7.95  
 246 G	 18.82  
 247 I	 1.09  
 248 M	 2.12  
 249 I	 2.46  
 250 T	 9.91  
 251 F	 4.94  
 252 G	 13.55  
 253 T	 15.27  
 254 L	 3.03  
 255 L	 3.55  
 256 L	 4.49  
 257 L	 2.38  
 258 T	 22.68  
 259 A	 8.81  
 260 L	 2.58  
 261 F	 3.46  
 262 Y	 11.34  
 263 A	 5.21  
 264 A	 7.47  
 265 S	 18.01  
 266 Y	 7.79  
 267 I	 2.58  
 268 Q	 35.92  
 269 G	 36.19  
 270 G	 17.87  
 271 G	 39.67  
 272 E	 42.27  
 273 T	 25.10  
 274 R	 27.40  
 275 R	 43.49  
 276 L	 2.29  
 277 I	 2.53  
 278 Q	 30.35  
 279 Y	 6.16  
 280 A	 6.91  
 281 R	 29.77  
 282 L	 5.32  
 283 S	 43.47  
 284 D	 43.75  
 285 P	 30.08  
 286 H	 50.43  
 287 G	 29.95  
 288 Q	 36.82  
 289 R	 28.47  
 290 S	 21.28  
 291 R	 41.66  
 292 L	 6.00  
 293 L	 3.58  
 294 S	 29.45  
 295 S	 38.18  
 296 G	 19.08  
 297 M	 3.37  
 298 S	 32.92  
 299 D	 34.90  
 300 A	 12.53  
 301 D	 53.22  
 302 L	 3.95  
 303 V	 3.36  
 304 S	 33.97  
 305 R	 26.00  
 306 V	 6.70  
 307 S	 23.56  
 308 P	 43.77  
 309 G	 25.66  
 310 S	 22.21  
 311 S	 23.27  
 312 V	 7.62  
 313 L	 2.52  
 314 Y	 16.38  
 315 N	 29.00  
 316 V	 2.73  
 317 P	 18.08  
 318 I	 3.07  
 319 H	 19.52  
 320 Q	 39.42  
 321 T	 24.96  
 322 R	 37.66  
