 1 M	 7.44  
 2 A	 20.31  
 3 S	 32.77  
 4 R	 29.17  
 5 K	 55.09  
 6 T	 23.15  
 7 V	 6.18  
 8 N	 38.35  
 9 R	 31.60  
 10 R	 31.49  
 11 Q	 59.16  
 12 R	 27.75  
 13 P	 21.48  
 14 Q	 50.24  
 15 R	 42.38  
 16 A	 15.33  
 17 T	 24.03  
 18 S	 29.97  
 19 N	 28.68  
 20 V	 3.03  
 21 F	 4.82  
 22 A	 8.08  
 23 M	 2.30  
 24 F	 5.89  
 25 D	 29.80  
 26 Q	 24.73  
 27 A	 15.41  
 28 Q	 32.06  
 29 I	 4.80  
 30 Q	 37.68  
 31 E	 61.38  
 32 F	 5.06  
 33 K	 47.59  
 34 E	 64.91  
 35 A	 11.16  
 36 F	 7.18  
 37 N	 33.28  
 38 M	 2.63  
 39 I	 5.31  
 40 D	 29.00  
 41 Q	 35.61  
 42 N	 40.02  
 43 R	 39.53  
 44 D	 65.00  
 45 G	 20.40  
 46 F	 6.97  
 47 I	 6.99  
 48 D	 43.48  
 49 Q	 41.09  
 50 E	 62.66  
 51 D	 54.08  
 52 L	 5.08  
 53 K	 60.51  
 54 D	 44.74  
 55 M	 2.63  
 56 F	 6.31  
 57 A	 9.37  
 58 S	 26.79  
 59 L	 11.58  
 60 G	 22.91  
 61 K	 55.06  
 62 E	 53.53  
 63 V	 8.99  
 64 T	 25.76  
 65 E	 48.98  
 66 Q	 31.09  
 67 F	 5.65  
 68 I	 3.71  
 69 D	 33.18  
 70 S	 19.42  
 71 M	 3.19  
 72 I	 4.95  
 73 N	 30.64  
 74 E	 45.37  
 75 A	 11.88  
 76 P	 32.26  
 77 G	 43.84  
 78 A	 15.77  
 79 Q	 45.37  
 80 P	 23.98  
 81 I	 4.38  
 82 N	 32.78  
 83 F	 5.62  
 84 T	 11.52  
 85 M	 1.96  
 86 F	 4.24  
 87 L	 2.56  
 88 T	 14.58  
 89 L	 5.89  
 90 F	 11.35  
 91 G	 33.95  
 92 E	 37.24  
 93 K	 52.29  
 94 L	 4.67  
 95 T	 49.45  
 96 G	 38.26  
 97 T	 43.05  
 98 D	 50.38  
 99 P	 39.21  
 100 E	 68.64  
 101 E	 48.94  
 102 V	 4.80  
 103 I	 2.96  
 104 R	 33.33  
 105 N	 33.70  
 106 A	 5.99  
 107 F	 8.09  
 108 Q	 25.26  
 109 C	 3.61  
 110 F	 8.84  
 111 D	 70.71  
 112 E	 38.55  
 113 D	 57.34  
 114 N	 51.09  
 115 S	 50.02  
 116 G	 44.73  
 117 K	 48.21  
 118 L	 12.76  
 119 N	 56.97  
 120 E	 58.17  
 121 E	 47.34  
 122 H	 24.82  
 123 L	 5.28  
 124 R	 34.13  
 125 E	 55.26  
 126 L	 4.10  
 127 L	 2.99  
 128 T	 27.62  
 129 T	 24.13  
 130 M	 4.41  
 131 G	 17.71  
 132 E	 37.31  
 133 R	 34.25  
 134 Y	 19.01  
 135 S	 40.66  
 136 E	 43.44  
 137 E	 50.38  
 138 Q	 43.86  
 139 V	 7.55  
 140 D	 46.72  
 141 E	 51.45  
 142 L	 3.55  
 143 F	 6.63  
 144 R	 52.37  
 145 D	 49.73  
 146 A	 11.94  
 147 P	 32.87  
 148 I	 7.49  
 149 K	 56.80  
 150 G	 35.54  
 151 G	 21.71  
 152 Q	 36.38  
 153 F	 9.17  
 154 D	 38.39  
 155 Y	 11.81  
 156 V	 5.40  
 157 E	 34.76  
 158 F	 3.61  
 159 T	 11.15  
 160 R	 33.48  
 161 M	 5.48  
 162 L	 3.14  
 163 K	 30.55  
 164 H	 45.23  
 165 G	 32.64  
 166 T	 35.47  
 167 K	 68.33  
 168 D	 64.57  
 169 K	 60.05  
 170 D	 68.16  
 171 E	 63.12  
 172 A	 34.54  
