 1 M	 6.86  
 2 I	 5.90  
 3 F	 3.30  
 4 P	 16.99  
 5 I	 5.63  
 6 G	 20.41  
 7 I	 1.85  
 8 P	 14.61  
 9 M	 5.23  
 10 I	 4.60  
 11 S	 26.35  
 12 K	 45.75  
 13 K	 59.26  
 14 R	 41.73  
 15 K	 60.05  
 16 S	 38.94  
 17 A	 17.80  
 18 Q	 46.39  
 19 E	 51.24  
 20 A	 5.54  
 21 V	 5.65  
 22 S	 28.85  
 23 L	 4.63  
 24 R	 24.81  
 25 E	 58.48  
 26 A	 14.27  
 27 A	 13.18  
 28 E	 56.53  
 29 R	 38.53  
 30 R	 26.73  
 31 S	 35.55  
 32 Q	 33.92  
 33 F	 5.03  
 34 A	 12.15  
 35 R	 35.92  
 36 V	 3.79  
 37 P	 19.19  
 38 A	 17.33  
 39 R	 31.36  
 40 S	 23.64  
 41 V	 4.75  
 42 S	 35.98  
 43 A	 18.89  
 44 P	 23.02  
 45 P	 61.51  
 46 R	 52.72  
 47 K	 61.19  
 48 K	 53.49  
 49 W	 9.27  
 50 F	 9.68  
 51 R	 41.66  
 52 S	 25.91  
 53 K	 37.49  
 54 Q	 51.17  
 55 Q	 41.13  
 56 L	 4.77  
 57 S	 23.27  
 58 G	 33.12  
 59 A	 10.06  
 60 A	 19.88  
 61 D	 53.03  
 62 G	 16.03  
 63 M	 5.62  
 64 D	 60.39  
 65 G	 20.73  
 66 S	 16.64  
 67 S	 31.51  
 68 R	 44.67  
 69 A	 24.76  
 70 G	 28.84  
 71 S	 24.53  
 72 Q	 43.44  
 73 E	 38.80  
 74 I	 2.64  
 75 V	 3.11  
 76 C	 5.22  
 77 D	 43.05  
 78 E	 50.52  
 79 F	 8.50  
 80 T	 25.81  
 81 K	 49.81  
 82 K	 45.17  
 83 L	 3.18  
 84 V	 4.67  
 85 A	 12.00  
 86 A	 7.68  
 87 I	 2.25  
 88 T	 21.07  
 89 T	 18.06  
 90 W	 4.40  
 91 H	 23.27  
 92 D	 31.68  
 93 I	 1.88  
 94 H	 19.86  
 95 S	 24.02  
 96 S	 20.95  
 97 L	 3.86  
 98 L	 5.34  
 99 Q	 38.16  
 100 L	 5.85  
 101 S	 14.94  
 102 I	 7.48  
 103 E	 43.04  
 104 R	 43.65  
 105 S	 22.24  
 106 S	 51.37  
 107 N	 58.96  
 108 D	 55.58  
 109 S	 50.85  
 110 N	 62.63  
 111 E	 65.76  
 112 E	 61.83  
 113 H	 26.25  
 114 E	 63.71  
 115 N	 33.02  
 116 V	 5.64  
 117 S	 28.06  
 118 V	 6.76  
 119 S	 22.38  
 120 S	 39.06  
 121 E	 41.09  
 122 S	 38.77  
 123 S	 27.25  
 124 W	 12.94  
 125 S	 20.27  
 126 S	 26.07  
 127 A	 16.31  
 128 S	 43.55  
 129 D	 57.02  
 130 S	 36.18  
 131 E	 68.17  
 132 S	 50.69  
 133 D	 60.72  
 134 E	 64.24  
 135 D	 48.87  
 136 S	 26.19  
 137 A	 26.79  
 138 T	 36.38  
 139 G	 30.99  
 140 R	 30.28  
 141 D	 62.25  
 142 S	 31.51  
 143 T	 44.31  
 144 N	 37.56  
 145 N	 37.25  
 146 H	 24.19  
 147 L	 5.07  
 148 S	 16.78  
 149 A	 15.00  
 150 S	 21.05  
 151 A	 11.45  
 152 A	 15.57  
 153 R	 26.09  
 154 F	 6.97  
 155 S	 21.39  
 156 I	 4.19  
 157 S	 40.90  
 158 N	 32.22  
 159 P	 31.06  
 160 D	 71.08  
 161 L	 3.80  
 162 T	 41.13  
 163 N	 24.00  
 164 C	 3.59  
 165 Q	 48.24  
 166 I	 3.49  
 167 K	 15.16  
 168 Q	 40.14  
 169 M	 5.27  
 170 F	 4.25  
 171 P	 25.72  
 172 E	 35.42  
 173 M	 5.60  
 174 A	 12.12  
 175 D	 40.34  
 176 H	 19.39  
 177 W	 12.20  
 178 R	 15.79  
 179 K	 42.43  
 180 A	 12.27  
 181 L	 7.46  
 182 A	 18.36  
 183 K	 57.02  
 184 S	 19.81  
 185 P	 28.10  
 186 V	 7.26  
 187 V	 3.78  
 188 R	 30.39  
 189 R	 19.67  
 190 T	 18.68  
 191 A	 13.76  
 192 A	 20.57  
 193 D	 44.37  
 194 Q	 51.66  
 195 E	 55.54  
 196 T	 28.33  
 197 S	 38.08  
 198 N	 52.54  
 199 P	 30.72  
 200 V	 20.41  
 201 N	 35.36  
 202 K	 40.40  
 203 H	 29.65  
 204 R	 37.63  
 205 S	 20.91  
 206 S	 29.37  
 207 R	 31.86  
 208 Y	 16.82  
 209 W	 6.08  
 210 I	 3.38  
 211 E	 35.54  
 212 D	 56.92  
 213 E	 40.97  
 214 G	 53.77  
 215 D	 29.77  
 216 Y	 11.13  
 217 H	 21.61  
 218 I	 5.01  
 219 L	 2.13  
 220 P	 36.75  
 221 S	 36.57  
 222 E	 40.29  
 223 H	 22.01  
 224 V	 5.01  
 225 W	 12.40  
 226 L	 2.61  
 227 P	 15.55  
 228 S	 38.06  
 229 S	 34.54  
 230 T	 45.48  
 231 G	 22.88  
 232 S	 23.87  
 233 S	 27.82  
 234 A	 15.50  
 235 S	 34.26  
 236 A	 24.86  
 237 D	 42.34  
 238 S	 29.32  
 239 E	 30.34  
 240 C	 3.74  
 241 Y	 13.87  
 242 V	 13.93  
 243 G	 15.12  
 244 E	 35.36  
 245 K	 57.08  
 246 D	 27.18  
 247 C	 6.04  
 248 R	 46.03  
 249 R	 56.18  
 250 S	 31.77  
 251 G	 42.50  
 252 E	 44.64  
 253 K	 48.98  
 254 R	 34.31  
 255 R	 26.03  
 256 C	 3.06  
 257 A	 16.00  
 258 A	 6.77  
 259 C	 0.89  
 260 H	 16.90  
 261 I	 2.70  
 262 V	 1.10  
 263 A	 11.81  
 264 H	 13.50  
 265 T	 24.76  
 266 N	 18.24  
 267 C	 2.29  
 268 F	 6.64  
 269 S	 25.36  
 270 L	 2.43  
 271 L	 3.70  
 272 A	 21.41  
 273 K	 37.57  
 274 L	 7.98  
 275 N	 28.62  
 276 L	 13.27  
 277 N	 24.94  
 278 C	 4.70  
 279 K	 49.91  
 280 T	 33.11  
 281 T	 11.36  
 282 F	 7.28  
 283 R	 33.66  
 284 D	 32.97  
 285 Y	 16.35  
 286 A	 19.75  
 287 T	 27.18  
 288 K	 46.61  
 289 K	 62.40  
 290 T	 34.06  
 291 P	 52.89  
 292 S	 55.04  
 293 K	 57.81  
 294 E	 64.31  
 295 S	 35.22  
 296 T	 34.87  
 297 D	 60.42  
 298 G	 25.64  
 299 L	 4.21  
 300 T	 29.49  
 301 A	 9.51  
 302 H	 15.31  
 303 H	 26.28  
 304 W	 5.53  
 305 V	 2.64  
 306 H	 20.83  
 307 K	 35.98  
 308 W	 7.62  
 309 R	 23.84  
 310 H	 40.52  
 311 E	 39.50  
 312 G	 33.06  
 313 R	 13.92  
 314 C	 7.91  
 315 N	 36.51  
 316 T	 19.91  
 317 C	 2.53  
 318 A	 14.42  
 319 K	 54.68  
 320 S	 15.12  
 321 F	 9.82  
 322 Q	 49.42  
 323 Q	 36.85  
 324 K	 27.22  
 325 M	 3.37  
 326 F	 5.50  
 327 F	 9.29  
 328 Q	 51.27  
 329 G	 34.63  
 330 K	 56.42  
 331 E	 75.96  
 332 K	 60.44  
 333 K	 62.27  
 334 E	 57.42  
 335 T	 24.10  
 336 I	 2.81  
 337 A	 9.66  
 338 V	 4.98  
 339 T	 7.56  
 340 C	 2.09  
 341 S	 26.58  
 342 W	 10.19  
 343 C	 1.69  
 344 K	 43.36  
 345 E	 54.09  
 346 S	 11.89  
 347 Y	 16.56  
 348 H	 39.34  
 349 L	 3.03  
 350 K	 38.06  
 351 N	 32.28  
 352 C	 2.42  
 353 F	 9.74  
 354 A	 22.44  
 355 R	 22.73  
 356 D	 57.36  
 357 K	 52.85  
 358 L	 10.94  
 359 E	 49.49  
 360 E	 73.33  
 361 R	 17.40  
 362 C	 4.63  
 363 N	 52.20  
 364 R	 35.07  
 365 G	 22.67  
 366 A	 16.54  
 367 L	 5.56  
 368 K	 44.71  
 369 E	 34.68  
 370 M	 3.41  
 371 I	 4.39  
 372 V	 4.48  
 373 P	 15.07  
 374 P	 29.48  
 375 T	 21.04  
 376 W	 8.06  
 377 I	 1.44  
 378 L	 2.50  
 379 R	 23.71  
 380 L	 4.43  
 381 A	 13.83  
 382 N	 55.38  
 383 R	 30.11  
 384 K	 57.34  
 385 R	 36.31  
 386 S	 27.49  
 387 S	 44.18  
 388 R	 52.48  
 389 T	 30.96  
 390 P	 29.54  
 391 S	 45.57  
 392 H	 27.64  
 393 P	 51.89  
 394 R	 48.57  
 395 K	 65.31  
 396 H	 44.02  
 397 K	 60.03  
 398 K	 51.73  
 399 S	 28.80  
 400 H	 36.12  
 401 R	 38.43  
 402 Q	 30.02  
 403 F	 7.41  
 404 V	 4.02  
 405 V	 6.93  
 406 K	 36.58  
 407 P	 21.38  
 408 T	 37.70  
 409 D	 55.45  
 410 L	 5.41  
 411 W	 8.02  
 412 S	 32.49  
 413 S	 43.04  
 414 G	 21.99  
 415 P	 31.57  
 416 S	 48.21  
 417 Q	 35.48  
 418 P	 31.81  
 419 L	 5.03  
 420 L	 3.41  
 421 V	 7.11  
 422 F	 4.42  
 423 V	 10.52  
 424 N	 27.15  
 425 P	 27.21  
 426 K	 57.43  
 427 S	 53.87  
 428 G	 50.23  
 429 G	 39.50  
 430 N	 49.38  
 431 K	 68.76  
 432 G	 38.08  
 433 S	 19.16  
 434 K	 64.73  
 435 A	 13.28  
 436 L	 3.49  
 437 H	 22.96  
 438 T	 25.18  
 439 L	 1.06  
 440 C	 2.24  
 441 W	 13.65  
 442 L	 3.02  
 443 L	 3.43  
 444 N	 27.77  
 445 P	 28.22  
 446 R	 44.19  
 447 Q	 41.30  
 448 V	 5.00  
 449 F	 4.21  
 450 D	 44.38  
 451 I	 1.59  
 452 T	 29.83  
 453 S	 28.55  
 454 L	 5.79  
 455 K	 73.30  
 456 G	 35.60  
 457 P	 27.50  
 458 K	 61.81  
 459 F	 17.76  
 460 G	 27.18  
 461 L	 4.92  
 462 E	 36.33  
 463 M	 4.78  
 464 F	 5.09  
 465 R	 29.55  
 466 K	 29.77  
 467 V	 4.99  
 468 V	 2.95  
 469 T	 25.52  
 470 Q	 19.68  
 471 L	 2.41  
 472 R	 15.46  
 473 I	 4.61  
 474 L	 1.79  
 475 V	 2.37  
 476 C	 4.52  
 477 G	 29.73  
 478 G	 25.66  
 479 D	 34.57  
 480 G	 26.10  
 481 T	 22.15  
 482 V	 7.51  
 483 G	 14.49  
 484 W	 5.41  
 485 V	 2.20  
 486 L	 2.33  
 487 S	 19.80  
 488 T	 33.69  
 489 L	 3.55  
 490 D	 58.62  
 491 N	 38.08  
 492 L	 7.67  
 493 N	 49.27  
 494 W	 5.10  
 495 P	 22.35  
 496 A	 22.53  
 497 Y	 12.09  
 498 P	 17.81  
 499 P	 16.50  
 500 M	 3.22  
 501 A	 10.74  
 502 I	 2.07  
 503 M	 1.30  
 504 P	 22.86  
 505 L	 5.47  
 506 G	 26.21  
 507 T	 40.26  
 508 G	 24.69  
 509 N	 40.75  
 510 D	 42.95  
 511 L	 3.62  
 512 A	 12.89  
 513 R	 20.46  
 514 C	 2.17  
 515 M	 4.16  
 516 G	 24.41  
 517 W	 3.57  
 518 G	 19.36  
 519 G	 15.70  
 520 V	 3.51  
 521 F	 9.60  
 522 S	 38.36  
 523 D	 54.98  
 524 E	 43.25  
 525 P	 36.20  
 526 I	 3.74  
 527 S	 28.16  
 528 Q	 41.49  
 529 L	 1.88  
 530 M	 1.64  
 531 Q	 33.57  
 532 A	 7.73  
 533 I	 1.96  
 534 L	 3.15  
 535 H	 24.84  
 536 E	 36.46  
 537 T	 15.25  
 538 I	 2.83  
 539 V	 3.44  
 540 T	 16.93  
 541 H	 18.16  
 542 L	 3.32  
 543 D	 40.26  
 544 R	 30.82  
 545 W	 10.97  
 546 R	 19.00  
 547 I	 5.74  
 548 D	 30.10  
 549 V	 14.16  
 550 E	 29.14  
 551 P	 49.61  
 552 N	 30.99  
 553 T	 45.43  
 554 S	 13.98  
 555 C	 6.75  
 556 N	 50.70  
 557 L	 11.69  
 558 E	 45.40  
 559 E	 70.64  
 560 E	 52.61  
 561 D	 62.13  
 562 D	 58.71  
 563 G	 28.49  
 564 M	 3.51  
 565 Q	 30.96  
 566 S	 23.92  
 567 A	 9.05  
 568 L	 4.29  
 569 P	 26.21  
 570 L	 6.15  
 571 T	 13.29  
 572 V	 6.16  
 573 M	 1.37  
 574 T	 23.56  
 575 N	 20.11  
 576 Y	 6.91  
 577 F	 4.68  
 578 S	 15.11  
 579 I	 3.65  
 580 G	 19.06  
 581 A	 14.78  
 582 D	 31.80  
 583 A	 9.87  
 584 H	 13.11  
 585 V	 6.44  
 586 A	 5.93  
 587 L	 5.63  
 588 Q	 26.37  
 589 F	 6.10  
 590 H	 12.68  
 591 H	 26.62  
 592 S	 21.25  
 593 R	 35.12  
 594 S	 35.10  
 595 A	 30.52  
 596 N	 28.69  
 597 P	 22.22  
 598 Q	 49.13  
 599 M	 3.95  
 600 L	 4.42  
 601 N	 21.53  
 602 S	 34.72  
 603 R	 48.92  
 604 L	 6.06  
 605 K	 42.97  
 606 N	 45.22  
 607 R	 17.21  
 608 I	 4.91  
 609 A	 8.15  
 610 Y	 14.89  
 611 G	 18.81  
 612 G	 14.30  
 613 L	 4.80  
 614 G	 24.73  
 615 T	 19.16  
 616 I	 4.04  
 617 D	 45.98  
 618 L	 4.88  
 619 F	 5.69  
 620 K	 53.47  
 621 R	 40.18  
 622 S	 38.78  
 623 W	 11.38  
 624 K	 41.91  
 625 D	 50.74  
 626 L	 1.81  
 627 C	 5.53  
 628 E	 47.47  
 629 Y	 9.75  
 630 I	 1.33  
 631 T	 18.66  
 632 L	 4.47  
 633 E	 23.16  
 634 C	 6.58  
 635 D	 51.26  
 636 G	 29.23  
 637 V	 3.23  
 638 D	 44.07  
 639 V	 8.04  
 640 T	 11.46  
 641 P	 35.53  
 642 R	 43.15  
 643 I	 4.24  
 644 K	 59.27  
 645 E	 49.09  
 646 L	 6.42  
 647 K	 36.96  
 648 L	 6.60  
 649 H	 8.59  
 650 C	 4.13  
 651 I	 2.99  
 652 L	 4.32  
 653 F	 1.78  
 654 H	 22.72  
 655 N	 22.44  
 656 I	 1.64  
 657 T	 18.79  
 658 Y	 6.37  
 659 Y	 7.07  
 660 A	 10.26  
 661 G	 20.04  
 662 G	 16.58  
 663 T	 23.97  
 664 I	 2.82  
 665 P	 32.62  
 666 W	 21.23  
 667 G	 21.39  
 668 E	 43.11  
 669 S	 38.77  
 670 S	 40.68  
 671 D	 76.17  
 672 N	 61.15  
 673 K	 43.21  
 674 P	 38.56  
 675 S	 29.05  
 676 C	 3.13  
 677 C	 10.17  
 678 D	 65.36  
 679 G	 23.22  
 680 K	 23.21  
 681 V	 8.22  
 682 E	 35.20  
 683 V	 7.69  
 684 L	 2.71  
 685 G	 24.03  
 686 F	 4.85  
 687 T	 17.45  
 688 T	 18.51  
 689 A	 9.50  
 690 T	 18.16  
 691 L	 2.14  
 692 A	 11.19  
 693 A	 11.05  
 694 L	 2.75  
 695 Q	 24.61  
 696 M	 8.76  
 697 G	 23.00  
 698 G	 29.47  
 699 K	 52.44  
 700 G	 32.46  
 701 E	 44.38  
 702 R	 37.91  
 703 I	 2.43  
 704 A	 15.56  
 705 Q	 24.29  
 706 C	 1.75  
 707 S	 23.02  
 708 R	 28.08  
 709 V	 3.09  
 710 R	 17.01  
 711 V	 6.06  
 712 I	 2.17  
 713 T	 28.01  
 714 N	 22.19  
 715 K	 38.76  
 716 A	 17.12  
 717 I	 2.89  
 718 P	 16.41  
 719 M	 5.05  
 720 Q	 25.46  
 721 V	 9.21  
 722 D	 38.56  
 723 G	 41.72  
 724 E	 28.51  
 725 P	 21.42  
 726 C	 4.18  
 727 L	 7.18  
 728 L	 9.32  
 729 A	 5.26  
 730 P	 26.48  
 731 S	 22.48  
 732 I	 2.44  
 733 I	 2.82  
 734 T	 21.11  
 735 L	 4.93  
 736 G	 15.01  
 737 F	 7.08  
 738 H	 25.55  
 739 S	 32.84  
 740 K	 41.61  
 741 V	 3.64  
 742 P	 26.56  
 743 M	 8.47  
 744 L	 3.76  
 745 K	 52.86  
 746 R	 57.94  
 747 E	 58.27  
 748 K	 67.01  
 749 K	 53.60  
 750 T	 34.36  
 751 P	 28.94  
 752 C	 13.79  
 753 T	 19.20  
 754 P	 38.38  
 755 N	 28.46  
 756 L	 2.73  
 757 M	 3.31  
 758 R	 36.72  
 759 R	 36.55  
 760 G	 12.27  
 761 T	 20.93  
 762 R	 36.09  
 763 Y	 24.60  
 764 G	 25.44  
 765 Q	 37.13  
 766 K	 55.79  
 767 D	 36.09  
 768 S	 39.01  
 769 Q	 47.61  
 770 V	 5.86  
 771 Q	 33.10  
 772 S	 22.55  
 773 T	 15.51  
 774 S	 23.87  
 775 L	 3.97  
 776 I	 1.57  
 777 I	 4.11  
 778 Q	 32.49  
 779 L	 2.29  
 780 P	 9.45  
 781 V	 7.63  
 782 I	 1.64  
 783 V	 3.67  
 784 V	 2.70  
 785 G	 14.25  
 786 R	 16.81  
 787 A	 17.49  
 788 D	 50.38  
 789 Y	 12.71  
 790 D	 53.16  
 791 N	 39.25  
 792 Y	 12.81  
 793 K	 55.03  
 794 D	 31.79  
 795 C	 3.14  
 796 F	 9.80  
 797 E	 64.53  
 798 R	 27.13  
 799 L	 4.66  
 800 K	 60.29  
 801 D	 40.95  
 802 T	 29.56  
 803 A	 15.30  
 804 Y	 15.35  
 805 E	 32.07  
 806 I	 2.73  
 807 G	 13.07  
 808 I	 2.21  
 809 V	 5.75  
 810 N	 29.89  
 811 V	 6.24  
 812 E	 37.34  
 813 S	 37.51  
 814 E	 32.43  
 815 A	 31.75  
 816 E	 49.40  
 817 L	 8.98  
 818 D	 31.58  
 819 S	 30.51  
 820 A	 12.79  
 821 R	 27.94  
 822 V	 5.74  
 823 L	 1.99  
 824 I	 1.73  
 825 Q	 26.30  
 826 R	 24.01  
 827 L	 3.44  
 828 L	 4.65  
 829 V	 9.23  
 830 E	 37.00  
 831 H	 23.00  
 832 N	 31.56  
 833 S	 32.40  
 834 L	 6.77  
 835 P	 31.12  
 836 Y	 45.44  
 837 E	 45.12  
 838 P	 52.62  
 839 D	 45.01  
 840 K	 69.95  
 841 N	 42.40  
 842 W	 9.72  
 843 R	 31.48  
 844 F	 4.62  
 845 L	 3.31  
 846 D	 38.79  
 847 Y	 14.13  
 848 V	 3.38  
 849 S	 24.88  
 850 N	 41.13  
 851 A	 14.54  
 852 E	 62.30  
 853 E	 62.21  
 854 G	 22.97  
 855 T	 16.14  
 856 F	 12.19  
 857 R	 25.91  
 858 V	 4.90  
 859 S	 21.81  
 860 R	 39.07  
 861 Q	 45.57  
 862 Q	 41.47  
 863 E	 37.37  
 864 H	 20.69  
 865 V	 4.46  
 866 Q	 39.77  
 867 S	 23.62  
 868 V	 2.94  
 869 S	 29.58  
 870 D	 47.00  
 871 V	 1.79  
 872 C	 5.64  
 873 N	 50.87  
 874 T	 28.22  
 875 D	 30.53  
 876 E	 25.65  
 877 C	 4.11  
 878 L	 2.91  
 879 L	 5.74  
 880 I	 2.47  
 881 L	 3.89  
 882 D	 24.87  
 883 H	 26.31  
 884 A	 20.08  
 885 F	 4.35  
 886 P	 26.13  
 887 S	 31.50  
 888 I	 4.77  
 889 T	 33.08  
 890 D	 44.76  
 891 R	 25.73  
 892 E	 60.93  
 893 A	 10.86  
 894 V	 5.86  
 895 E	 51.41  
 896 L	 3.77  
 897 F	 6.70  
 898 Q	 47.74  
 899 P	 27.69  
 900 Q	 51.39  
 901 Q	 44.57  
 902 P	 34.90  
 903 I	 3.51  
 904 P	 37.93  
 905 S	 35.39  
 906 T	 30.57  
 907 S	 25.38  
 908 T	 23.60  
 909 S	 23.38  
 910 A	 22.90  
 911 A	 6.72  
 912 P	 36.76  
 913 R	 40.39  
 914 Y	 12.32  
 915 H	 27.37  
 916 N	 28.42  
 917 S	 15.04  
 918 R	 45.31  
 919 R	 36.28  
 920 I	 4.19  
 921 S	 23.79  
 922 E	 49.87  
 923 T	 17.97  
 924 L	 2.86  
 925 R	 25.12  
 926 I	 4.04  
 927 V	 3.24  
 928 L	 3.64  
 929 S	 18.44  
 930 S	 32.57  
 931 D	 49.23  
 932 A	 15.85  
 933 Q	 62.20  
 934 E	 39.66  
 935 T	 19.19  
 936 H	 28.87  
 937 L	 11.09  
