 1 M	 6.93  
 2 S	 48.04  
 3 S	 47.22  
 4 G	 21.86  
 5 K	 50.56  
 6 R	 47.32  
 7 R	 53.24  
 8 N	 39.93  
 9 P	 26.45  
 10 L	 14.23  
 11 G	 17.93  
 12 L	 6.65  
 13 S	 36.71  
 14 L	 7.67  
 15 P	 21.09  
 16 P	 55.03  
 17 T	 33.74  
 18 V	 10.27  
 19 N	 44.03  
 20 E	 51.66  
 21 Q	 47.50  
 22 S	 27.79  
 23 E	 63.56  
 24 S	 47.37  
 25 G	 25.22  
 26 E	 52.72  
 27 A	 18.68  
 28 T	 30.24  
 29 A	 21.49  
 30 E	 43.75  
 31 E	 49.18  
 32 A	 8.27  
 33 T	 26.58  
 34 A	 17.41  
 35 T	 20.50  
 36 V	 4.77  
 37 P	 29.69  
 38 L	 11.13  
 39 E	 37.31  
 40 E	 69.74  
 41 Q	 49.56  
 42 L	 6.29  
 43 K	 45.72  
 44 K	 57.27  
 45 L	 6.94  
 46 G	 39.16  
 47 L	 7.70  
 48 T	 43.77  
 49 E	 40.22  
 50 P	 36.97  
 51 Q	 43.99  
 52 T	 26.77  
 53 Q	 38.78  
 54 R	 43.50  
 55 L	 4.07  
 56 S	 28.61  
 57 E	 55.77  
 58 F	 5.34  
 59 L	 5.13  
 60 Q	 49.94  
 61 V	 7.11  
 62 K	 36.94  
 63 E	 68.26  
 64 G	 30.47  
 65 I	 3.08  
 66 K	 64.56  
 67 E	 56.46  
 68 L	 6.04  
 69 S	 32.42  
 70 E	 61.13  
 71 D	 39.45  
 72 M	 2.34  
 73 L	 9.85  
 74 Q	 30.76  
 75 T	 41.83  
 76 E	 37.40  
 77 G	 38.52  
 78 E	 45.40  
 79 L	 10.11  
 80 G	 23.50  
 81 H	 38.89  
 82 G	 32.45  
 83 N	 38.07  
 84 G	 34.56  
 85 G	 24.97  
 86 V	 4.55  
 87 V	 6.83  
 88 N	 29.60  
 89 K	 26.48  
 90 C	 2.35  
 91 V	 5.37  
 92 H	 34.68  
 93 R	 20.17  
 94 K	 34.45  
 95 T	 36.32  
 96 G	 15.25  
 97 V	 3.07  
 98 I	 1.57  
 99 M	 2.47  
 100 A	 8.37  
 101 R	 18.56  
 102 K	 45.37  
 103 L	 2.15  
 104 V	 5.63  
 105 H	 28.34  
 106 L	 5.92  
 107 E	 33.80  
 108 I	 11.35  
 109 K	 23.12  
 110 P	 43.66  
 111 S	 25.57  
 112 V	 9.69  
 113 R	 27.33  
 114 Q	 34.89  
 115 Q	 31.70  
 116 I	 3.46  
 117 V	 3.24  
 118 K	 48.95  
 119 E	 30.94  
 120 L	 3.11  
 121 A	 11.69  
 122 V	 10.07  
 123 L	 2.38  
 124 H	 26.48  
 125 K	 30.83  
 126 C	 4.19  
 127 N	 58.48  
 128 S	 30.56  
 129 P	 14.70  
 130 F	 7.68  
 131 I	 3.17  
 132 V	 4.43  
 133 G	 12.78  
 134 F	 3.35  
 135 Y	 11.13  
 136 G	 15.41  
 137 A	 7.01  
 138 F	 6.52  
 139 V	 8.36  
 140 D	 41.58  
 141 N	 42.65  
 142 N	 43.46  
 143 D	 42.12  
 144 I	 3.04  
 145 S	 16.76  
 146 I	 2.37  
 147 C	 1.04  
 148 M	 3.84  
 149 E	 33.04  
 150 Y	 3.59  
 151 M	 1.78  
 152 D	 54.72  
 153 G	 10.71  
 154 L	 3.91  
 155 S	 29.53  
 156 L	 6.65  
 157 D	 26.10  
 158 I	 4.79  
 159 V	 6.82  
 160 L	 4.55  
 161 K	 34.22  
 162 K	 45.84  
 163 V	 5.29  
 164 G	 34.00  
 165 R	 50.48  
 166 L	 5.45  
 167 P	 41.17  
 168 E	 64.81  
 169 K	 43.33  
 170 F	 7.21  
 171 V	 8.14  
 172 G	 25.08  
 173 R	 16.83  
 174 I	 2.98  
 175 S	 11.58  
 176 V	 4.33  
 177 A	 6.31  
 178 V	 2.57  
 179 V	 2.64  
 180 R	 28.01  
 181 G	 15.68  
 182 L	 1.67  
 183 T	 29.63  
 184 Y	 19.45  
 185 L	 4.80  
 186 K	 42.79  
 187 D	 61.33  
 188 E	 44.59  
 189 I	 4.89  
 190 K	 36.85  
 191 I	 4.87  
 192 L	 2.00  
 193 H	 27.63  
 194 R	 47.15  
 195 D	 41.88  
 196 V	 11.22  
 197 K	 47.20  
 198 P	 30.68  
 199 S	 29.20  
 200 N	 36.01  
 201 M	 5.33  
 202 L	 3.74  
 203 V	 5.26  
 204 N	 26.29  
 205 S	 38.44  
 206 N	 47.08  
 207 G	 37.52  
 208 E	 41.00  
 209 I	 4.35  
 210 K	 38.47  
 211 L	 4.10  
 212 C	 3.28  
 213 D	 54.49  
 214 F	 11.54  
 215 G	 10.22  
 216 V	 4.51  
 217 S	 20.90  
 218 G	 16.71  
 219 M	 2.00  
 220 L	 4.49  
 221 I	 2.46  
 222 D	 28.53  
 223 S	 16.89  
 224 M	 3.48  
 225 A	 16.68  
 226 N	 27.60  
 227 S	 16.27  
 228 F	 6.19  
 229 V	 8.42  
 230 G	 17.25  
 231 T	 15.90  
 232 R	 21.62  
 233 S	 21.06  
 234 Y	 8.26  
 235 M	 5.45  
 236 A	 8.45  
 237 P	 15.65  
 238 E	 51.27  
 239 R	 36.17  
 240 L	 6.40  
 241 T	 42.74  
 242 G	 19.60  
 243 S	 14.21  
 244 H	 25.71  
 245 Y	 13.89  
 246 T	 14.68  
 247 I	 2.67  
 248 S	 17.73  
 249 S	 29.30  
 250 D	 39.32  
 251 I	 3.42  
 252 W	 7.81  
 253 S	 15.12  
 254 F	 7.39  
 255 G	 14.61  
 256 L	 3.18  
 257 S	 30.65  
 258 L	 4.11  
 259 V	 4.35  
 260 E	 43.05  
 261 L	 3.09  
 262 L	 2.17  
 263 I	 4.63  
 264 G	 24.04  
 265 R	 26.11  
 266 Y	 11.90  
 267 P	 25.01  
 268 V	 4.71  
 269 P	 33.67  
 270 A	 19.33  
 271 P	 22.39  
 272 S	 44.09  
 273 Q	 36.83  
 274 A	 18.99  
 275 E	 28.23  
 276 Y	 15.47  
 277 A	 5.54  
 278 T	 22.76  
 279 M	 1.43  
 280 F	 6.05  
 281 N	 22.67  
 282 V	 4.90  
 283 A	 18.27  
 284 E	 51.63  
 285 N	 45.89  
 286 E	 29.37  
 287 I	 8.73  
 288 E	 31.55  
 289 L	 8.67  
 290 A	 7.49  
 291 D	 67.39  
 292 S	 31.88  
 293 L	 9.95  
 294 E	 75.30  
 295 E	 44.11  
 296 P	 36.99  
 297 N	 51.53  
 298 Y	 26.81  
 299 H	 34.14  
 300 P	 24.53  
 301 P	 33.17  
 302 S	 60.95  
 303 N	 41.76  
 304 P	 30.01  
 305 A	 19.05  
 306 S	 15.25  
 307 M	 3.44  
 308 A	 10.79  
 309 I	 1.94  
 310 F	 3.07  
 311 E	 32.49  
 312 M	 2.10  
 313 L	 3.39  
 314 D	 29.78  
 315 Y	 11.65  
 316 I	 1.61  
 317 V	 5.73  
 318 N	 47.93  
 319 G	 25.79  
 320 P	 26.88  
 321 P	 35.59  
 322 P	 50.10  
 323 T	 62.56  
 324 L	 6.08  
 325 P	 28.40  
 326 K	 66.02  
 327 R	 29.94  
 328 F	 10.90  
 329 F	 11.05  
 330 T	 28.65  
 331 D	 42.90  
 332 E	 32.74  
 333 V	 6.04  
 334 I	 3.14  
 335 G	 23.29  
 336 F	 3.73  
 337 V	 4.51  
 338 S	 18.52  
 339 K	 31.80  
 340 C	 3.28  
 341 L	 6.59  
 342 R	 48.19  
 343 K	 52.37  
 344 L	 4.57  
 345 P	 36.86  
 346 S	 50.58  
 347 E	 44.38  
 348 R	 36.89  
 349 A	 17.15  
 350 T	 40.72  
 351 L	 3.28  
 352 K	 38.78  
 353 S	 33.78  
 354 L	 4.35  
 355 T	 28.09  
 356 A	 19.10  
 357 D	 32.30  
 358 V	 3.84  
 359 F	 5.89  
 360 F	 4.12  
 361 T	 14.81  
 362 Q	 26.68  
 363 Y	 15.78  
 364 A	 9.61  
 365 D	 40.59  
 366 H	 32.16  
 367 D	 50.94  
 368 D	 55.77  
 369 Q	 60.41  
 370 G	 38.70  
 371 E	 25.46  
 372 F	 10.06  
 373 A	 6.91  
 374 V	 7.42  
 375 F	 4.16  
 376 V	 4.49  
 377 K	 38.58  
 378 G	 26.90  
 379 T	 10.85  
 380 I	 7.31  
 381 N	 50.56  
 382 L	 3.32  
 383 P	 34.30  
 384 K	 65.15  
 385 L	 12.47  
 386 N	 46.49  
 387 P	 56.90  
