 1 M	 6.60  
 2 I	 3.82  
 3 L	 3.39  
 4 Q	 18.79  
 5 A	 12.08  
 6 H	 15.89  
 7 L	 3.08  
 8 H	 14.62  
 9 S	 27.43  
 10 L	 1.34  
 11 C	 2.84  
 12 L	 3.70  
 13 L	 1.85  
 14 M	 1.17  
 15 L	 2.98  
 16 Y	 4.74  
 17 L	 2.79  
 18 A	 5.85  
 19 T	 28.48  
 20 G	 20.97  
 21 Y	 15.98  
 22 G	 22.02  
 23 Q	 48.03  
 24 E	 61.05  
 25 G	 28.55  
 26 K	 35.29  
 27 F	 17.53  
 28 S	 42.88  
 29 G	 34.39  
 30 P	 35.69  
 31 L	 12.72  
 32 K	 35.56  
 33 P	 34.43  
 34 M	 5.89  
 35 T	 23.82  
 36 F	 3.21  
 37 S	 18.33  
 38 I	 2.95  
 39 Y	 16.89  
 40 E	 53.37  
 41 G	 21.85  
 42 Q	 47.70  
 43 E	 58.75  
 44 P	 24.52  
 45 S	 33.00  
 46 Q	 43.44  
 47 I	 3.90  
 48 I	 1.40  
 49 F	 8.15  
 50 Q	 28.64  
 51 F	 5.85  
 52 K	 36.15  
 53 A	 34.74  
 54 N	 43.61  
 55 P	 24.08  
 56 P	 38.89  
 57 A	 17.78  
 58 V	 8.53  
 59 T	 17.31  
 60 F	 6.10  
 61 E	 35.74  
 62 L	 6.96  
 63 T	 26.27  
 64 G	 48.72  
 65 E	 47.99  
 66 T	 35.37  
 67 D	 41.76  
 68 N	 36.70  
 69 I	 3.04  
 70 F	 5.93  
 71 V	 3.83  
 72 I	 2.62  
 73 E	 39.10  
 74 R	 31.96  
 75 E	 41.21  
 76 G	 27.48  
 77 L	 2.08  
 78 L	 6.66  
 79 Y	 12.07  
 80 Y	 9.72  
 81 N	 14.80  
 82 R	 22.02  
 83 A	 15.35  
 84 L	 6.03  
 85 D	 45.44  
 86 R	 48.30  
 87 E	 48.52  
 88 T	 30.71  
 89 R	 34.50  
 90 S	 41.25  
 91 T	 16.11  
 92 H	 33.96  
 93 N	 32.05  
 94 L	 3.17  
 95 Q	 28.28  
 96 V	 3.66  
 97 A	 6.85  
 98 A	 13.71  
 99 L	 4.63  
 100 D	 33.01  
 101 A	 19.59  
 102 N	 41.69  
 103 G	 16.84  
 104 I	 2.98  
 105 I	 2.15  
 106 V	 7.04  
 107 E	 47.58  
 108 G	 20.01  
 109 P	 18.40  
 110 V	 8.66  
 111 P	 22.57  
 112 I	 6.73  
 113 T	 14.52  
 114 I	 5.10  
 115 K	 34.28  
 116 V	 6.27  
 117 K	 48.14  
 118 D	 48.16  
 119 I	 6.05  
 120 N	 51.11  
 121 D	 53.50  
 122 N	 47.55  
 123 R	 34.20  
 124 P	 33.48  
 125 T	 33.47  
 126 F	 6.91  
 127 L	 6.55  
 128 Q	 33.42  
 129 S	 39.08  
 130 K	 34.07  
 131 Y	 30.67  
 132 E	 49.05  
 133 G	 28.49  
 134 S	 11.37  
 135 V	 12.26  
 136 R	 31.49  
 137 Q	 50.52  
 138 N	 29.44  
 139 S	 31.36  
 140 R	 52.09  
 141 P	 55.79  
 142 G	 49.51  
 143 K	 34.97  
 144 P	 30.32  
 145 F	 9.78  
 146 L	 6.73  
 147 Y	 7.64  
 148 V	 4.23  
 149 N	 24.46  
 150 A	 7.76  
 151 T	 31.71  
 152 D	 45.77  
 153 L	 7.55  
 154 D	 63.76  
 155 D	 41.87  
 156 P	 37.39  
 157 A	 42.56  
 158 T	 23.75  
 159 P	 45.09  
 160 N	 46.63  
 161 G	 21.77  
 162 Q	 32.69  
 163 L	 4.57  
 164 Y	 5.85  
 165 Y	 10.60  
 166 Q	 15.20  
 167 I	 1.38  
 168 V	 1.03  
 169 I	 3.58  
 170 Q	 28.72  
 171 L	 1.82  
 172 P	 12.77  
 173 M	 7.52  
 174 I	 2.99  
 175 N	 28.88  
 176 N	 14.70  
 177 V	 2.58  
 178 M	 2.77  
 179 Y	 6.50  
 180 F	 2.95  
 181 Q	 21.73  
 182 I	 4.38  
 183 N	 32.91  
 184 N	 44.91  
 185 K	 43.79  
 186 T	 33.69  
 187 G	 23.63  
 188 A	 8.07  
 189 I	 3.52  
 190 S	 24.13  
 191 L	 4.23  
 192 T	 21.63  
 193 R	 52.12  
 194 E	 58.94  
 195 G	 31.19  
 196 S	 18.74  
 197 Q	 70.79  
 198 E	 52.81  
 199 L	 7.84  
 200 N	 33.46  
 201 P	 58.18  
 202 A	 24.16  
 203 K	 71.32  
 204 N	 32.62  
 205 P	 37.17  
 206 S	 35.73  
 207 Y	 17.48  
 208 N	 31.97  
 209 L	 2.48  
 210 V	 2.46  
 211 I	 4.40  
 212 S	 18.68  
 213 V	 4.13  
 214 K	 34.90  
 215 D	 38.51  
 216 M	 5.57  
 217 G	 40.91  
 218 G	 22.62  
 219 Q	 41.67  
 220 S	 41.86  
 221 E	 49.35  
 222 N	 54.31  
 223 S	 23.29  
 224 F	 13.28  
 225 S	 33.59  
 226 D	 52.58  
 227 T	 21.55  
 228 T	 31.57  
 229 S	 21.64  
 230 V	 6.02  
 231 D	 25.35  
 232 I	 2.27  
 233 I	 2.44  
 234 V	 5.85  
 235 T	 16.95  
 236 E	 35.51  
 237 N	 35.73  
 238 I	 3.04  
 239 W	 11.44  
 240 K	 51.52  
 241 A	 11.44  
 242 P	 37.44  
 243 K	 67.56  
 244 P	 26.66  
 245 V	 10.40  
 246 E	 46.14  
 247 M	 4.70  
 248 V	 3.89  
 249 E	 44.12  
 250 N	 38.51  
 251 S	 22.23  
 252 T	 66.20  
 253 D	 39.05  
 254 P	 34.93  
 255 H	 39.26  
 256 P	 34.65  
 257 I	 4.60  
 258 K	 44.12  
 259 I	 3.18  
 260 T	 18.93  
 261 Q	 26.67  
 262 V	 5.99  
 263 R	 19.36  
 264 W	 18.09  
 265 N	 34.73  
 266 D	 35.73  
 267 P	 36.48  
 268 G	 28.33  
 269 A	 15.55  
 270 Q	 33.97  
 271 Y	 11.93  
 272 S	 15.16  
 273 L	 5.00  
 274 V	 8.98  
 275 D	 59.70  
 276 K	 49.63  
 277 E	 56.19  
 278 K	 70.32  
 279 L	 3.74  
 280 P	 47.11  
 281 R	 63.41  
 282 F	 7.27  
 283 P	 24.29  
 284 F	 10.32  
 285 S	 26.03  
 286 I	 6.93  
 287 D	 39.00  
 288 Q	 55.70  
 289 E	 55.90  
 290 G	 22.45  
 291 D	 28.44  
 292 I	 4.36  
 293 Y	 11.37  
 294 V	 4.02  
 295 T	 13.90  
 296 Q	 26.89  
 297 P	 27.19  
 298 L	 7.53  
 299 D	 63.73  
 300 R	 62.75  
 301 E	 69.90  
 302 E	 58.07  
 303 K	 42.79  
 304 D	 46.54  
 305 A	 17.29  
 306 Y	 10.96  
 307 V	 2.95  
 308 F	 1.79  
 309 Y	 7.07  
 310 A	 5.37  
 311 V	 4.66  
 312 A	 12.86  
 313 K	 44.48  
 314 D	 44.61  
 315 E	 56.32  
 316 Y	 40.35  
 317 G	 24.06  
 318 K	 41.71  
 319 P	 23.36  
 320 L	 9.74  
 321 S	 32.98  
 322 Y	 21.37  
 323 P	 21.82  
 324 L	 7.98  
 325 E	 26.92  
 326 I	 6.28  
 327 H	 12.17  
 328 V	 10.54  
 329 K	 29.42  
 330 V	 7.01  
 331 K	 47.36  
 332 D	 48.16  
 333 I	 6.05  
 334 N	 53.81  
 335 D	 70.15  
 336 N	 39.71  
 337 P	 28.57  
 338 P	 53.54  
 339 T	 38.00  
 340 C	 3.76  
 341 P	 44.11  
 342 S	 33.86  
 343 P	 15.79  
 344 V	 9.28  
 345 T	 23.90  
 346 V	 3.81  
 347 F	 5.78  
 348 E	 38.67  
 349 V	 6.17  
 350 Q	 40.37  
 351 E	 67.26  
 352 N	 23.69  
 353 E	 48.83  
 354 R	 60.52  
 355 L	 6.58  
 356 G	 31.87  
 357 N	 34.74  
 358 S	 22.16  
 359 I	 5.91  
 360 G	 17.94  
 361 T	 21.18  
 362 L	 3.16  
 363 T	 23.06  
 364 A	 13.00  
 365 H	 25.96  
 366 D	 58.21  
 367 R	 43.29  
 368 D	 73.88  
 369 E	 54.78  
 370 E	 65.26  
 371 N	 42.30  
 372 T	 30.42  
 373 A	 22.66  
 374 N	 31.12  
 375 S	 28.75  
 376 F	 5.27  
 377 L	 5.74  
 378 N	 23.25  
 379 Y	 12.12  
 380 R	 25.96  
 381 I	 2.56  
 382 V	 3.10  
 383 E	 46.49  
 384 Q	 52.81  
 385 T	 14.64  
 386 P	 35.56  
 387 K	 69.48  
 388 L	 4.47  
 389 P	 25.58  
 390 M	 10.40  
 391 D	 49.02  
 392 G	 16.45  
 393 L	 2.48  
 394 F	 7.45  
 395 L	 3.22  
 396 I	 1.94  
 397 Q	 30.52  
 398 T	 14.35  
 399 Y	 5.70  
 400 A	 10.58  
 401 G	 13.61  
 402 M	 1.32  
 403 L	 3.55  
 404 Q	 30.40  
 405 L	 5.91  
 406 A	 8.55  
 407 K	 49.35  
 408 Q	 48.68  
 409 S	 41.26  
 410 L	 8.12  
 411 K	 54.35  
 412 K	 59.71  
 413 Q	 59.22  
 414 D	 70.05  
 415 T	 15.14  
 416 P	 42.84  
 417 Q	 41.67  
 418 Y	 17.22  
 419 N	 26.01  
 420 L	 4.31  
 421 T	 16.08  
 422 I	 5.76  
 423 E	 30.63  
 424 V	 8.73  
 425 S	 26.59  
 426 D	 60.77  
 427 K	 58.52  
 428 D	 56.09  
 429 F	 8.85  
 430 K	 51.20  
 431 T	 28.84  
 432 L	 1.89  
 433 C	 3.67  
 434 F	 5.22  
 435 V	 5.65  
 436 Q	 10.99  
 437 I	 3.60  
 438 N	 13.96  
 439 V	 4.43  
 440 I	 3.68  
 441 D	 29.38  
 442 I	 4.15  
 443 N	 31.24  
 444 D	 48.39  
 445 Q	 38.58  
 446 I	 2.93  
 447 P	 21.41  
 448 I	 8.12  
 449 F	 8.97  
 450 E	 52.98  
 451 K	 37.57  
 452 S	 28.94  
 453 D	 67.44  
 454 Y	 18.27  
 455 G	 27.88  
 456 N	 24.51  
 457 L	 3.45  
 458 T	 28.11  
 459 L	 5.75  
 460 A	 13.84  
 461 E	 69.36  
 462 D	 39.17  
 463 T	 21.90  
 464 N	 49.28  
 465 I	 5.11  
 466 G	 22.32  
 467 S	 14.42  
 468 T	 18.13  
 469 I	 3.23  
 470 L	 3.32  
 471 T	 13.75  
 472 I	 2.05  
 473 Q	 32.73  
 474 A	 12.00  
 475 T	 18.49  
 476 D	 55.85  
 477 A	 20.79  
 478 D	 67.90  
 479 E	 43.99  
 480 P	 32.42  
 481 F	 13.06  
 482 T	 47.04  
 483 G	 30.24  
 484 S	 25.96  
 485 S	 25.67  
 486 K	 38.13  
 487 I	 5.09  
 488 L	 2.67  
 489 Y	 8.41  
 490 H	 16.32  
 491 I	 1.89  
 492 I	 2.32  
 493 K	 56.94  
 494 G	 33.01  
 495 D	 38.21  
 496 S	 51.09  
 497 E	 53.74  
 498 G	 33.78  
 499 R	 24.98  
 500 L	 13.26  
 501 G	 17.56  
 502 V	 9.42  
 503 D	 43.52  
 504 T	 49.37  
 505 D	 28.64  
 506 P	 37.99  
 507 H	 34.26  
 508 T	 39.60  
 509 N	 28.59  
 510 T	 30.92  
 511 G	 19.44  
 512 Y	 6.09  
 513 V	 3.74  
 514 I	 2.62  
 515 I	 3.15  
 516 K	 36.90  
 517 K	 40.16  
 518 P	 31.96  
 519 L	 18.93  
 520 D	 48.11  
 521 F	 13.64  
 522 E	 36.88  
 523 T	 21.65  
 524 A	 9.92  
 525 A	 16.82  
 526 V	 4.11  
 527 S	 18.99  
 528 N	 28.04  
 529 I	 2.76  
 530 V	 4.75  
 531 F	 5.70  
 532 K	 43.85  
 533 A	 15.44  
 534 E	 74.12  
 535 N	 51.61  
 536 P	 35.77  
 537 E	 63.95  
 538 P	 34.77  
 539 L	 4.80  
 540 V	 6.01  
 541 F	 14.17  
 542 G	 13.92  
 543 V	 3.95  
 544 K	 32.92  
 545 Y	 17.35  
 546 N	 27.85  
 547 A	 11.94  
 548 S	 23.50  
 549 S	 27.15  
 550 F	 8.75  
 551 A	 14.17  
 552 K	 36.55  
 553 F	 6.36  
 554 T	 18.18  
 555 L	 3.14  
 556 I	 2.59  
 557 V	 4.15  
 558 T	 27.51  
 559 D	 30.28  
 560 V	 5.21  
 561 N	 42.39  
 562 E	 62.67  
 563 A	 9.67  
 564 P	 29.57  
 565 Q	 58.64  
 566 F	 8.05  
 567 S	 17.71  
 568 Q	 37.74  
 569 H	 22.59  
 570 V	 2.70  
 571 F	 5.69  
 572 Q	 38.90  
 573 A	 11.62  
 574 K	 35.19  
 575 V	 9.44  
 576 S	 27.63  
 577 E	 60.54  
 578 D	 27.86  
 579 V	 3.52  
 580 A	 13.55  
 581 I	 7.86  
 582 G	 15.11  
 583 T	 19.22  
 584 K	 42.82  
 585 V	 7.28  
 586 G	 25.17  
 587 N	 30.84  
 588 V	 4.53  
 589 T	 31.80  
 590 A	 15.24  
 591 K	 65.53  
 592 D	 43.98  
 593 P	 36.53  
 594 E	 80.61  
 595 G	 33.75  
 596 L	 5.15  
 597 D	 38.35  
 598 I	 5.11  
 599 S	 14.34  
 600 Y	 16.44  
 601 S	 12.56  
 602 L	 5.57  
 603 R	 34.69  
 604 G	 46.03  
 605 D	 27.14  
 606 T	 33.63  
 607 R	 38.74  
 608 G	 35.84  
 609 W	 7.38  
 610 L	 3.77  
 611 K	 39.31  
 612 I	 4.08  
 613 D	 28.72  
 614 H	 23.63  
 615 V	 6.97  
 616 T	 26.19  
 617 G	 25.55  
 618 E	 31.34  
 619 I	 3.10  
 620 F	 4.12  
 621 S	 24.03  
 622 V	 4.41  
 623 A	 9.57  
 624 P	 32.41  
 625 L	 7.55  
 626 D	 45.36  
 627 R	 43.26  
 628 E	 57.98  
 629 A	 25.34  
 630 G	 25.13  
 631 S	 26.30  
 632 P	 21.74  
 633 Y	 25.72  
 634 R	 18.77  
 635 V	 4.12  
 636 Q	 18.24  
 637 V	 2.64  
 638 V	 2.81  
 639 A	 10.13  
 640 T	 21.42  
 641 E	 29.45  
 642 V	 10.26  
 643 G	 24.84  
 644 G	 21.16  
 645 S	 23.37  
 646 S	 35.23  
 647 L	 4.78  
 648 S	 30.55  
 649 S	 34.65  
 650 V	 5.97  
 651 S	 36.17  
 652 E	 34.62  
 653 F	 4.41  
 654 H	 14.12  
 655 L	 3.79  
 656 I	 1.94  
 657 L	 2.78  
 658 M	 4.24  
 659 D	 32.40  
 660 V	 6.37  
 661 N	 38.79  
 662 D	 69.71  
 663 N	 43.18  
 664 P	 20.46  
 665 P	 50.61  
 666 R	 48.84  
 667 L	 9.54  
 668 A	 12.17  
 669 K	 56.72  
 670 D	 40.39  
 671 Y	 11.29  
 672 T	 37.23  
 673 G	 17.79  
 674 L	 1.99  
 675 F	 6.94  
 676 F	 4.50  
 677 C	 2.24  
 678 H	 22.60  
 679 P	 29.23  
 680 L	 2.80  
 681 S	 36.55  
 682 A	 21.84  
 683 P	 29.54  
 684 G	 34.50  
 685 S	 19.75  
 686 L	 6.87  
 687 I	 2.92  
 688 F	 6.74  
 689 E	 43.60  
 690 A	 12.94  
 691 T	 32.53  
 692 D	 65.62  
 693 D	 53.79  
 694 D	 40.38  
 695 Q	 42.02  
 696 H	 33.65  
 697 L	 2.32  
 698 F	 8.78  
 699 R	 65.18  
 700 G	 16.82  
 701 P	 18.37  
 702 H	 36.88  
 703 F	 9.21  
 704 T	 14.85  
 705 F	 5.77  
 706 S	 28.85  
 707 L	 5.74  
 708 G	 28.85  
 709 S	 30.42  
 710 G	 30.49  
 711 S	 28.60  
 712 L	 6.69  
 713 Q	 47.75  
 714 N	 62.75  
 715 D	 29.92  
 716 W	 18.55  
 717 E	 39.51  
 718 V	 6.52  
 719 S	 19.12  
 720 K	 45.42  
 721 I	 4.47  
 722 N	 53.71  
 723 G	 23.50  
 724 T	 14.10  
 725 H	 15.39  
 726 A	 17.59  
 727 R	 22.90  
 728 L	 6.77  
 729 S	 20.17  
 730 T	 30.94  
 731 R	 27.60  
 732 H	 29.85  
 733 T	 38.81  
 734 D	 42.72  
 735 F	 12.65  
 736 E	 59.98  
 737 E	 51.29  
 738 R	 33.09  
 739 E	 46.06  
 740 Y	 11.33  
 741 V	 2.12  
 742 V	 3.44  
 743 L	 1.23  
 744 I	 2.54  
 745 R	 19.93  
 746 I	 4.34  
 747 N	 31.84  
 748 D	 59.56  
 749 G	 29.53  
 750 G	 41.61  
 751 R	 34.88  
 752 P	 40.89  
 753 P	 41.50  
 754 L	 11.88  
 755 E	 53.28  
 756 G	 33.03  
 757 I	 1.07  
 758 V	 7.65  
 759 S	 25.65  
 760 L	 2.47  
 761 P	 18.65  
 762 V	 8.53  
 763 T	 19.58  
 764 F	 2.69  
 765 C	 1.94  
 766 S	 19.60  
 767 C	 3.21  
 768 V	 5.54  
 769 E	 50.11  
 770 G	 14.87  
 771 S	 9.14  
 772 C	 5.02  
 773 F	 12.88  
 774 R	 25.20  
 775 P	 23.49  
 776 A	 24.68  
 777 G	 19.00  
 778 H	 24.92  
 779 Q	 40.27  
 780 T	 31.25  
 781 G	 19.80  
 782 I	 2.69  
 783 P	 23.52  
 784 T	 27.98  
 785 V	 4.07  
 786 G	 10.78  
 787 M	 2.07  
 788 A	 7.17  
 789 V	 3.48  
 790 G	 8.69  
 791 I	 1.98  
 792 L	 2.60  
 793 L	 3.04  
 794 T	 16.38  
 795 T	 20.33  
 796 L	 2.79  
 797 L	 2.18  
 798 V	 4.19  
 799 I	 3.11  
 800 G	 8.07  
 801 I	 1.28  
 802 I	 1.38  
 803 L	 2.53  
 804 A	 5.75  
 805 V	 3.03  
 806 V	 2.48  
 807 F	 2.20  
 808 I	 2.77  
 809 R	 24.18  
 810 I	 5.78  
 811 K	 45.10  
 812 K	 63.40  
 813 D	 61.00  
 814 K	 76.40  
 815 G	 53.32  
 816 K	 52.44  
 817 D	 73.42  
 818 N	 42.83  
 819 V	 9.85  
 820 E	 46.76  
 821 S	 22.77  
 822 A	 8.75  
 823 Q	 55.49  
 824 A	 13.84  
 825 S	 30.73  
 826 E	 58.54  
 827 V	 7.78  
 828 K	 33.99  
 829 P	 37.88  
 830 L	 7.52  
 831 R	 49.17  
 832 S	 52.86  
