 1 M	 7.54  
 2 G	 32.74  
 3 R	 19.86  
 4 V	 5.97  
 5 G	 15.76  
 6 Y	 7.74  
 7 W	 3.75  
 8 T	 11.17  
 9 L	 1.60  
 10 L	 2.66  
 11 V	 7.28  
 12 L	 1.75  
 13 P	 17.24  
 14 A	 14.90  
 15 L	 3.61  
 16 L	 3.64  
 17 V	 3.22  
 18 W	 10.24  
 19 R	 33.47  
 20 G	 13.65  
 21 P	 32.21  
 22 A	 17.32  
 23 P	 27.86  
 24 S	 32.42  
 25 A	 15.05  
 26 A	 22.08  
 27 A	 20.81  
 28 E	 54.54  
 29 K	 72.49  
 30 G	 25.57  
 31 P	 23.27  
 32 P	 59.03  
 33 A	 19.17  
 34 L	 6.17  
 35 N	 23.45  
 36 I	 2.96  
 37 A	 4.60  
 38 V	 2.63  
 39 M	 2.47  
 40 L	 4.48  
 41 G	 11.36  
 42 H	 20.28  
 43 S	 21.42  
 44 H	 28.08  
 45 D	 52.64  
 46 V	 5.12  
 47 T	 35.07  
 48 E	 43.96  
 49 R	 38.59  
 50 E	 36.05  
 51 L	 6.76  
 52 R	 24.03  
 53 T	 39.21  
 54 L	 3.93  
 55 W	 21.49  
 56 G	 20.98  
 57 P	 20.95  
 58 E	 49.25  
 59 Q	 39.38  
 60 A	 11.22  
 61 A	 21.54  
 62 G	 30.73  
 63 L	 3.06  
 64 P	 26.12  
 65 L	 16.07  
 66 D	 28.18  
 67 V	 8.47  
 68 N	 23.39  
 69 V	 2.40  
 70 V	 2.34  
 71 A	 7.24  
 72 L	 2.93  
 73 L	 1.74  
 74 M	 3.12  
 75 N	 43.60  
 76 R	 26.92  
 77 T	 52.21  
 78 D	 45.45  
 79 P	 27.76  
 80 K	 61.78  
 81 S	 30.32  
 82 L	 6.99  
 83 I	 3.02  
 84 T	 17.35  
 85 H	 15.94  
 86 V	 1.71  
 87 C	 2.30  
 88 D	 44.30  
 89 L	 2.20  
 90 M	 1.91  
 91 S	 36.28  
 92 G	 12.62  
 93 A	 10.43  
 94 R	 25.59  
 95 I	 2.75  
 96 H	 20.27  
 97 G	 22.59  
 98 L	 1.46  
 99 V	 6.28  
 100 F	 12.19  
 101 G	 25.14  
 102 D	 44.14  
 103 D	 53.19  
 104 T	 44.30  
 105 D	 51.85  
 106 Q	 42.51  
 107 E	 48.17  
 108 A	 9.05  
 109 V	 3.60  
 110 A	 8.98  
 111 Q	 26.77  
 112 M	 2.53  
 113 L	 3.02  
 114 D	 33.23  
 115 F	 5.27  
 116 I	 4.05  
 117 S	 18.96  
 118 S	 23.02  
 119 H	 19.28  
 120 T	 28.42  
 121 F	 5.28  
 122 V	 2.79  
 123 P	 16.34  
 124 I	 4.65  
 125 L	 4.28  
 126 G	 15.57  
 127 I	 2.15  
 128 H	 27.17  
 129 G	 31.29  
 130 G	 10.58  
 131 A	 10.66  
 132 S	 16.47  
 133 M	 2.11  
 134 I	 1.58  
 135 M	 2.71  
 136 A	 15.13  
 137 D	 38.21  
 138 K	 56.95  
 139 D	 52.86  
 140 P	 33.71  
 141 T	 51.00  
 142 S	 28.71  
 143 T	 30.83  
 144 F	 4.54  
 145 F	 6.27  
 146 Q	 31.50  
 147 F	 8.14  
 148 G	 13.97  
 149 A	 12.54  
 150 S	 22.70  
 151 I	 4.20  
 152 Q	 27.17  
 153 Q	 32.95  
 154 Q	 23.71  
 155 A	 9.60  
 156 T	 11.34  
 157 V	 4.79  
 158 M	 2.47  
 159 L	 2.71  
 160 K	 20.31  
 161 I	 2.36  
 162 M	 2.07  
 163 Q	 49.97  
 164 D	 26.44  
 165 Y	 12.21  
 166 D	 36.98  
 167 W	 5.36  
 168 H	 14.09  
 169 V	 2.80  
 170 F	 2.78  
 171 S	 22.35  
 172 L	 2.42  
 173 V	 4.26  
 174 T	 21.33  
 175 T	 17.09  
 176 I	 2.61  
 177 F	 3.45  
 178 P	 34.75  
 179 G	 24.31  
 180 Y	 13.75  
 181 R	 37.96  
 182 E	 38.56  
 183 F	 4.13  
 184 I	 2.40  
 185 S	 29.34  
 186 F	 5.81  
 187 V	 4.26  
 188 K	 36.15  
 189 T	 27.10  
 190 T	 21.83  
 191 V	 8.74  
 192 D	 42.85  
 193 N	 32.77  
 194 S	 19.49  
 195 F	 8.05  
 196 V	 8.33  
 197 G	 16.80  
 198 W	 7.81  
 199 D	 23.90  
 200 M	 2.23  
 201 Q	 38.27  
 202 N	 22.11  
 203 V	 1.67  
 204 I	 4.08  
 205 T	 17.82  
 206 L	 4.67  
 207 D	 31.49  
 208 T	 38.13  
 209 S	 26.72  
 210 F	 12.21  
 211 E	 57.75  
 212 D	 51.89  
 213 A	 15.03  
 214 K	 52.38  
 215 T	 35.38  
 216 Q	 21.91  
 217 V	 9.72  
 218 Q	 37.43  
 219 L	 6.83  
 220 K	 32.37  
 221 K	 55.00  
 222 I	 3.49  
 223 H	 23.93  
 224 S	 29.76  
 225 S	 10.06  
 226 V	 3.91  
 227 I	 2.07  
 228 L	 2.33  
 229 L	 2.52  
 230 Y	 7.39  
 231 C	 4.04  
 232 S	 29.59  
 233 K	 56.90  
 234 D	 32.56  
 235 E	 44.40  
 236 A	 16.14  
 237 V	 3.00  
 238 L	 4.14  
 239 I	 2.98  
 240 L	 3.11  
 241 S	 23.40  
 242 E	 44.66  
 243 A	 11.73  
 244 R	 28.50  
 245 S	 33.56  
 246 L	 5.62  
 247 G	 23.57  
 248 L	 3.99  
 249 T	 31.71  
 250 G	 25.67  
 251 Y	 12.35  
 252 D	 33.34  
 253 F	 4.04  
 254 F	 3.88  
 255 W	 7.23  
 256 I	 2.49  
 257 V	 1.60  
 258 P	 16.89  
 259 S	 30.43  
 260 L	 2.66  
 261 V	 8.92  
 262 S	 31.45  
 263 G	 37.28  
 264 N	 23.91  
 265 T	 35.38  
 266 E	 49.02  
 267 L	 8.38  
 268 I	 3.59  
 269 P	 42.63  
 270 K	 66.06  
 271 E	 58.39  
 272 F	 7.92  
 273 P	 28.69  
 274 S	 52.10  
 275 G	 27.54  
 276 L	 2.87  
 277 I	 4.33  
 278 S	 15.28  
 279 V	 4.95  
 280 S	 18.96  
 281 Y	 18.76  
 282 D	 42.91  
 283 D	 31.73  
 284 W	 11.98  
 285 D	 30.09  
 286 Y	 15.76  
 287 S	 19.77  
 288 L	 4.93  
 289 E	 28.61  
 290 A	 22.14  
 291 R	 18.03  
 292 V	 9.37  
 293 R	 30.77  
 294 D	 50.64  
 295 G	 14.95  
 296 I	 3.48  
 297 G	 17.87  
 298 I	 2.67  
 299 L	 2.69  
 300 T	 16.68  
 301 T	 19.44  
 302 A	 10.50  
 303 A	 10.47  
 304 S	 17.51  
 305 S	 23.74  
 306 M	 5.33  
 307 L	 7.56  
 308 E	 43.33  
 309 K	 35.33  
 310 F	 4.97  
 311 S	 32.97  
 312 Y	 24.51  
 313 I	 2.11  
 314 P	 27.53  
 315 E	 53.92  
 316 A	 13.83  
 317 K	 38.89  
 318 A	 16.33  
 319 S	 13.73  
 320 C	 5.45  
 321 Y	 14.11  
 322 G	 25.37  
 323 Q	 12.23  
 324 M	 4.02  
 325 E	 58.14  
 326 R	 27.60  
 327 P	 33.36  
 328 E	 66.53  
 329 V	 5.89  
 330 P	 13.74  
 331 M	 4.56  
 332 H	 21.14  
 333 T	 22.10  
 334 L	 2.68  
 335 H	 18.08  
 336 P	 23.34  
 337 F	 6.25  
 338 M	 2.24  
 339 V	 5.50  
 340 N	 17.45  
 341 V	 3.78  
 342 T	 16.79  
 343 W	 14.21  
 344 D	 44.92  
 345 G	 19.55  
 346 K	 53.69  
 347 D	 53.74  
 348 L	 5.30  
 349 S	 40.01  
 350 F	 15.03  
 351 T	 29.74  
 352 E	 47.62  
 353 E	 61.21  
 354 G	 16.37  
 355 Y	 15.61  
 356 Q	 37.59  
 357 V	 5.16  
 358 H	 6.04  
 359 P	 32.23  
 360 R	 25.82  
 361 L	 4.20  
 362 V	 2.66  
 363 V	 2.72  
 364 I	 1.97  
 365 V	 3.05  
 366 L	 4.54  
 367 N	 33.03  
 368 K	 54.74  
 369 D	 53.29  
 370 R	 53.16  
 371 E	 70.85  
 372 W	 16.17  
 373 E	 32.86  
 374 K	 58.31  
 375 V	 6.90  
 376 G	 40.19  
 377 K	 55.08  
 378 W	 13.00  
 379 E	 42.49  
 380 N	 32.12  
 381 H	 19.37  
 382 T	 29.62  
 383 L	 3.36  
 384 S	 25.22  
 385 L	 5.38  
 386 R	 16.61  
 387 H	 29.90  
 388 A	 9.91  
 389 V	 6.21  
 390 W	 3.42  
 391 P	 24.11  
 392 R	 35.48  
 393 Y	 13.60  
 394 K	 46.43  
 395 S	 22.50  
 396 F	 6.63  
 397 S	 48.74  
 398 D	 38.50  
 399 C	 8.72  
 400 E	 57.67  
 401 P	 61.66  
 402 D	 47.23  
 403 D	 55.98  
 404 N	 45.43  
 405 H	 28.13  
 406 L	 4.72  
 407 S	 13.88  
 408 I	 3.27  
 409 V	 4.49  
 410 T	 27.12  
 411 L	 3.76  
 412 E	 42.63  
 413 E	 65.83  
 414 A	 8.08  
 415 P	 27.58  
 416 F	 8.25  
 417 V	 4.70  
 418 I	 2.62  
 419 V	 4.55  
 420 E	 37.82  
 421 D	 39.43  
 422 I	 3.58  
 423 D	 44.47  
 424 P	 41.33  
 425 L	 6.32  
 426 T	 34.34  
 427 E	 48.14  
 428 T	 15.86  
 429 C	 1.89  
 430 V	 7.44  
 431 R	 34.94  
 432 N	 25.65  
 433 T	 18.43  
 434 V	 4.87  
 435 P	 15.34  
 436 C	 6.85  
 437 R	 29.40  
 438 K	 62.31  
 439 F	 3.32  
 440 V	 7.35  
 441 K	 42.73  
 442 I	 5.05  
 443 N	 30.59  
 444 N	 54.40  
 445 S	 28.28  
 446 T	 39.14  
 447 N	 43.58  
 448 E	 60.97  
 449 G	 18.29  
 450 M	 4.20  
 451 N	 54.00  
 452 V	 4.68  
 453 K	 34.78  
 454 K	 40.35  
 455 C	 2.10  
 456 C	 7.11  
 457 K	 65.57  
 458 G	 14.56  
 459 F	 1.70  
 460 C	 3.58  
 461 I	 3.26  
 462 D	 41.15  
 463 I	 2.85  
 464 L	 3.38  
 465 K	 52.59  
 466 K	 48.53  
 467 L	 3.91  
 468 S	 34.48  
 469 R	 54.71  
 470 T	 25.36  
 471 V	 4.70  
 472 K	 31.23  
 473 F	 7.13  
 474 T	 15.48  
 475 Y	 13.69  
 476 D	 26.27  
 477 L	 2.22  
 478 Y	 9.02  
 479 L	 5.07  
 480 V	 2.17  
 481 T	 35.34  
 482 N	 50.46  
 483 G	 17.61  
 484 K	 51.78  
 485 H	 55.49  
 486 G	 34.66  
 487 K	 53.95  
 488 K	 55.58  
 489 V	 7.79  
 490 N	 46.33  
 491 N	 43.07  
 492 V	 3.37  
 493 W	 9.59  
 494 N	 26.35  
 495 G	 8.05  
 496 M	 3.00  
 497 I	 4.51  
 498 G	 16.86  
 499 E	 20.20  
 500 V	 4.02  
 501 V	 2.68  
 502 Y	 9.47  
 503 Q	 18.42  
 504 R	 16.09  
 505 A	 4.66  
 506 V	 2.49  
 507 M	 2.14  
 508 A	 8.91  
 509 V	 2.63  
 510 G	 13.85  
 511 S	 18.75  
 512 L	 4.60  
 513 T	 24.37  
 514 I	 8.08  
 515 N	 39.58  
 516 E	 51.44  
 517 E	 57.95  
 518 R	 31.75  
 519 S	 37.71  
 520 E	 53.43  
 521 V	 5.44  
 522 V	 5.59  
 523 D	 34.97  
 524 F	 5.54  
 525 S	 25.15  
 526 V	 4.27  
 527 P	 26.77  
 528 F	 7.90  
 529 V	 5.43  
 530 E	 41.52  
 531 T	 34.22  
 532 G	 9.18  
 533 I	 3.51  
 534 S	 12.90  
 535 V	 4.08  
 536 M	 1.48  
 537 V	 3.94  
 538 S	 16.34  
 539 R	 23.80  
 540 S	 31.91  
 541 N	 49.39  
 542 G	 28.83  
 543 T	 23.28  
 544 V	 9.32  
 545 S	 16.99  
 546 P	 25.91  
 547 S	 24.93  
 548 A	 19.21  
 549 F	 10.48  
 550 L	 9.04  
 551 E	 37.53  
 552 P	 30.55  
 553 F	 7.51  
 554 S	 30.28  
 555 A	 14.42  
 556 S	 18.47  
 557 V	 4.46  
 558 W	 3.06  
 559 V	 1.54  
 560 M	 0.72  
 561 M	 1.33  
 562 F	 1.25  
 563 V	 1.12  
 564 M	 1.40  
 565 L	 2.19  
 566 L	 1.64  
 567 I	 1.71  
 568 V	 2.97  
 569 S	 13.63  
 570 A	 5.27  
 571 I	 2.33  
 572 A	 6.60  
 573 V	 3.25  
 574 F	 3.73  
 575 V	 2.61  
 576 F	 4.23  
 577 E	 40.13  
 578 Y	 9.63  
 579 F	 5.39  
 580 S	 20.13  
 581 P	 17.41  
 582 V	 14.23  
 583 G	 19.85  
 584 Y	 15.93  
 585 N	 22.04  
 586 R	 30.93  
 587 N	 40.49  
 588 L	 4.74  
 589 A	 23.31  
 590 K	 65.20  
 591 G	 26.25  
 592 K	 59.02  
 593 A	 15.25  
 594 P	 36.13  
 595 H	 66.70  
 596 G	 20.63  
 597 P	 24.20  
 598 S	 39.35  
 599 F	 6.94  
 600 T	 32.91  
 601 I	 5.12  
 602 G	 15.41  
 603 K	 32.61  
 604 A	 7.93  
 605 I	 2.80  
 606 W	 7.11  
 607 L	 2.05  
 608 L	 1.73  
 609 W	 8.90  
 610 G	 16.36  
 611 L	 2.41  
 612 V	 4.20  
 613 F	 9.59  
 614 N	 32.18  
 615 N	 32.68  
 616 S	 28.98  
 617 V	 6.14  
 618 P	 23.07  
 619 V	 8.89  
 620 Q	 55.21  
 621 N	 40.25  
 622 P	 21.25  
 623 K	 76.16  
 624 G	 35.17  
 625 T	 33.74  
 626 T	 36.37  
 627 S	 21.74  
 628 K	 32.50  
 629 I	 3.10  
 630 M	 1.80  
 631 V	 4.80  
 632 S	 8.44  
 633 V	 2.66  
 634 W	 4.65  
 635 A	 6.37  
 636 F	 2.07  
 637 F	 4.02  
 638 A	 6.24  
 639 V	 2.41  
 640 I	 1.78  
 641 F	 3.61  
 642 L	 1.81  
 643 A	 6.96  
 644 S	 25.76  
 645 Y	 12.31  
 646 T	 13.43  
 647 A	 10.78  
 648 N	 23.55  
 649 L	 3.18  
 650 A	 9.84  
 651 A	 9.56  
 652 F	 3.54  
 653 M	 2.37  
 654 I	 3.63  
 655 Q	 32.17  
 656 E	 42.34  
 657 E	 34.30  
 658 F	 7.84  
 659 V	 5.94  
 660 D	 42.42  
 661 Q	 29.39  
 662 V	 3.87  
 663 T	 27.11  
 664 G	 25.07  
 665 L	 4.34  
 666 S	 49.05  
 667 D	 64.31  
 668 K	 52.70  
 669 K	 52.28  
 670 F	 10.30  
 671 Q	 67.86  
 672 R	 33.38  
 673 P	 17.58  
 674 H	 49.15  
 675 D	 48.57  
 676 Y	 21.75  
 677 S	 31.96  
 678 P	 26.31  
 679 P	 27.40  
 680 F	 13.19  
 681 R	 34.55  
 682 F	 11.14  
 683 G	 22.88  
 684 T	 30.03  
 685 V	 3.38  
 686 P	 39.02  
 687 N	 53.35  
 688 G	 29.85  
 689 S	 33.46  
 690 T	 40.12  
 691 E	 45.48  
 692 R	 43.92  
 693 N	 31.19  
 694 I	 6.63  
 695 R	 28.96  
 696 N	 48.90  
 697 N	 29.34  
 698 Y	 10.17  
 699 P	 23.30  
 700 Y	 9.25  
 701 M	 1.05  
 702 H	 15.13  
 703 Q	 17.11  
 704 Y	 7.65  
 705 M	 2.36  
 706 T	 27.79  
 707 K	 26.28  
 708 F	 9.59  
 709 N	 44.18  
 710 Q	 47.19  
 711 K	 67.06  
 712 G	 20.48  
 713 V	 8.51  
 714 E	 46.35  
 715 D	 42.68  
 716 A	 9.07  
 717 L	 4.09  
 718 V	 7.26  
 719 S	 25.62  
 720 L	 4.48  
 721 K	 47.96  
 722 T	 44.86  
 723 G	 27.26  
 724 K	 48.72  
 725 L	 6.42  
 726 D	 42.81  
 727 A	 11.81  
 728 F	 5.47  
 729 I	 3.05  
 730 Y	 7.96  
 731 D	 24.20  
 732 A	 5.19  
 733 A	 11.93  
 734 V	 3.69  
 735 L	 5.06  
 736 N	 29.66  
 737 Y	 9.69  
 738 K	 43.20  
 739 A	 14.11  
 740 G	 33.16  
 741 R	 43.60  
 742 D	 56.58  
 743 E	 66.19  
 744 G	 20.39  
 745 C	 2.64  
 746 K	 57.77  
 747 L	 4.83  
 748 V	 1.93  
 749 T	 30.01  
 750 I	 3.01  
 751 G	 12.97  
 752 S	 25.27  
 753 G	 17.84  
 754 Y	 8.44  
 755 I	 1.85  
 756 F	 3.58  
 757 A	 8.49  
 758 T	 15.25  
 759 T	 25.61  
 760 G	 17.83  
 761 Y	 11.85  
 762 G	 10.47  
 763 I	 2.32  
 764 A	 10.28  
 765 L	 5.23  
 766 Q	 38.76  
 767 K	 63.31  
 768 G	 26.44  
 769 S	 34.32  
 770 P	 49.64  
 771 W	 15.34  
 772 K	 37.50  
 773 R	 34.51  
 774 Q	 29.80  
 775 I	 5.64  
 776 D	 19.97  
 777 L	 3.75  
 778 A	 11.50  
 779 L	 5.12  
 780 L	 2.86  
 781 Q	 31.65  
 782 F	 7.18  
 783 V	 4.39  
 784 G	 38.19  
 785 D	 44.57  
 786 G	 30.16  
 787 E	 48.43  
 788 M	 6.24  
 789 E	 55.94  
 790 E	 51.07  
 791 L	 3.77  
 792 E	 45.17  
 793 T	 35.54  
 794 L	 2.29  
 795 W	 10.17  
 796 L	 3.37  
 797 T	 16.96  
 798 G	 20.53  
 799 I	 1.49  
 800 C	 2.74  
 801 H	 43.49  
 802 N	 58.49  
 803 E	 33.33  
 804 K	 64.82  
 805 N	 40.70  
 806 E	 51.14  
 807 V	 6.70  
 808 M	 2.32  
 809 S	 21.80  
 810 S	 19.37  
 811 Q	 35.53  
 812 L	 7.23  
 813 D	 38.26  
 814 I	 5.84  
 815 D	 38.22  
 816 N	 23.65  
 817 M	 2.81  
 818 A	 19.77  
 819 G	 10.17  
 820 V	 1.95  
 821 F	 2.65  
 822 Y	 6.71  
 823 M	 1.08  
 824 L	 1.68  
 825 A	 4.07  
 826 A	 8.20  
 827 A	 4.34  
 828 M	 3.10  
 829 A	 6.83  
 830 L	 2.48  
 831 S	 14.26  
 832 L	 4.44  
 833 I	 2.38  
 834 T	 17.86  
 835 F	 4.91  
 836 I	 2.94  
 837 W	 5.24  
 838 E	 26.37  
 839 H	 13.27  
 840 L	 2.09  
 841 F	 8.04  
 842 Y	 14.16  
 843 W	 5.95  
 844 K	 20.57  
 845 L	 2.92  
 846 R	 23.66  
 847 F	 6.10  
 848 C	 2.11  
 849 F	 6.48  
 850 T	 29.86  
 851 G	 9.74  
 852 V	 2.28  
 853 C	 3.56  
 854 S	 33.96  
 855 D	 56.52  
 856 R	 15.76  
 857 P	 42.65  
 858 G	 35.59  
 859 L	 4.90  
 860 L	 3.81  
 861 F	 7.98  
 862 S	 21.44  
 863 I	 2.26  
 864 S	 24.21  
 865 R	 33.58  
 866 G	 19.18  
 867 I	 1.91  
 868 Y	 10.58  
 869 S	 12.50  
 870 C	 1.17  
 871 I	 2.32  
 872 H	 36.23  
 873 G	 7.87  
 874 V	 2.25  
 875 H	 26.74  
 876 I	 7.31  
 877 E	 49.22  
 878 E	 70.36  
 879 K	 53.35  
 880 K	 62.86  
 881 K	 77.59  
 882 S	 38.28  
 883 P	 60.12  
 884 D	 52.75  
 885 F	 10.29  
 886 N	 44.03  
 887 L	 6.07  
 888 T	 35.57  
 889 G	 27.18  
 890 S	 25.79  
 891 Q	 39.92  
 892 S	 26.38  
 893 N	 31.97  
 894 M	 4.18  
 895 L	 4.07  
 896 K	 34.41  
 897 L	 4.18  
 898 L	 3.77  
 899 R	 45.03  
 900 S	 43.49  
 901 A	 11.50  
 902 K	 56.94  
 903 N	 38.81  
 904 I	 2.96  
 905 S	 29.40  
 906 S	 23.56  
 907 M	 2.40  
 908 S	 34.57  
 909 N	 25.64  
 910 M	 3.95  
 911 N	 40.87  
 912 S	 14.46  
 913 S	 26.98  
 914 R	 32.52  
 915 M	 6.90  
 916 D	 61.76  
 917 S	 23.99  
 918 P	 26.36  
 919 K	 59.63  
 920 R	 38.09  
 921 A	 19.94  
 922 A	 19.11  
 923 D	 39.95  
 924 F	 4.37  
 925 I	 2.55  
 926 Q	 43.61  
 927 R	 31.67  
 928 G	 15.49  
 929 S	 19.53  
 930 L	 4.13  
 931 I	 2.05  
 932 M	 3.09  
 933 D	 27.60  
 934 M	 1.39  
 935 V	 6.12  
 936 S	 27.28  
 937 D	 52.01  
 938 K	 42.04  
 939 G	 37.18  
 940 N	 27.63  
 941 L	 4.67  
 942 M	 3.31  
 943 Y	 18.95  
 944 S	 17.91  
 945 D	 36.75  
 946 N	 35.24  
 947 R	 43.78  
 948 S	 28.33  
 949 F	 11.37  
 950 Q	 64.39  
 951 G	 33.42  
 952 K	 37.19  
 953 E	 56.76  
 954 S	 27.06  
 955 I	 4.73  
 956 F	 16.31  
 957 G	 24.58  
 958 D	 40.22  
 959 N	 35.24  
 960 M	 4.99  
 961 N	 53.75  
 962 E	 31.33  
 963 L	 5.02  
 964 Q	 27.06  
 965 T	 32.47  
 966 F	 2.93  
 967 V	 5.39  
 968 A	 10.99  
 969 N	 41.43  
 970 R	 34.88  
 971 Q	 58.21  
 972 K	 45.40  
 973 D	 57.41  
 974 N	 52.26  
 975 L	 6.70  
 976 N	 44.00  
 977 N	 37.20  
 978 Y	 11.10  
 979 V	 2.91  
 980 F	 4.82  
 981 Q	 40.36  
 982 G	 19.12  
 983 Q	 25.00  
 984 H	 26.60  
 985 P	 21.10  
 986 L	 8.80  
 987 T	 31.80  
 988 L	 9.85  
 989 N	 45.47  
 990 E	 55.81  
 991 S	 57.42  
 992 N	 27.88  
 993 P	 47.34  
 994 N	 62.09  
 995 T	 21.21  
 996 V	 7.67  
 997 E	 23.79  
 998 V	 5.76  
 999 A	 3.97  
 1000 V	 9.82  
 1001 S	 19.40  
 1002 T	 37.37  
 1003 E	 42.61  
 1004 S	 36.84  
 1005 K	 45.41  
 1006 A	 28.63  
 1007 N	 42.14  
 1008 S	 48.82  
 1009 R	 30.17  
 1010 P	 28.34  
 1011 R	 43.01  
 1012 Q	 55.12  
 1013 L	 8.37  
 1014 W	 9.55  
 1015 K	 43.70  
 1016 K	 44.10  
 1017 S	 27.68  
 1018 V	 10.32  
 1019 D	 45.50  
 1020 S	 19.95  
 1021 I	 3.87  
 1022 R	 37.90  
 1023 Q	 42.87  
 1024 D	 41.52  
 1025 S	 22.91  
 1026 L	 9.09  
 1027 S	 31.68  
 1028 Q	 64.64  
 1029 N	 35.25  
 1030 P	 21.35  
 1031 V	 11.32  
 1032 S	 22.28  
 1033 Q	 58.01  
 1034 R	 35.91  
 1035 D	 42.09  
 1036 E	 50.54  
 1037 A	 19.19  
 1038 T	 32.24  
 1039 A	 21.08  
 1040 E	 42.78  
 1041 N	 52.25  
 1042 R	 25.89  
 1043 T	 27.65  
 1044 H	 28.09  
 1045 S	 36.56  
 1046 L	 5.03  
 1047 K	 62.52  
 1048 S	 21.65  
 1049 P	 27.61  
 1050 R	 53.35  
 1051 Y	 29.96  
 1052 L	 4.55  
 1053 P	 26.94  
 1054 E	 58.78  
 1055 E	 39.47  
 1056 M	 3.76  
 1057 A	 11.43  
 1058 H	 25.37  
 1059 S	 27.40  
 1060 D	 38.27  
 1061 I	 4.49  
 1062 S	 39.55  
 1063 E	 57.50  
 1064 T	 25.22  
 1065 S	 21.92  
 1066 N	 45.05  
 1067 R	 30.92  
 1068 A	 20.87  
 1069 T	 12.95  
 1070 C	 2.51  
 1071 H	 32.55  
 1072 R	 60.33  
 1073 E	 33.08  
 1074 P	 46.14  
 1075 D	 68.25  
 1076 N	 66.65  
 1077 S	 42.06  
 1078 K	 70.13  
 1079 N	 41.53  
 1080 H	 42.79  
 1081 K	 67.66  
 1082 T	 35.76  
 1083 K	 56.32  
 1084 D	 71.65  
 1085 N	 45.99  
 1086 F	 11.31  
 1087 K	 50.44  
 1088 R	 32.02  
 1089 S	 23.72  
 1090 V	 8.94  
 1091 A	 11.10  
 1092 S	 30.48  
 1093 K	 56.70  
 1094 Y	 17.02  
 1095 P	 29.73  
 1096 K	 69.17  
 1097 D	 36.35  
 1098 C	 4.70  
 1099 S	 55.61  
 1100 E	 55.52  
 1101 V	 3.29  
 1102 E	 34.94  
 1103 R	 33.57  
 1104 T	 21.50  
 1105 Y	 16.66  
 1106 L	 5.85  
 1107 K	 43.42  
 1108 T	 33.30  
 1109 K	 46.91  
 1110 S	 41.08  
 1111 S	 46.01  
 1112 S	 30.92  
 1113 P	 50.89  
 1114 R	 60.86  
 1115 D	 45.12  
 1116 K	 38.60  
 1117 I	 4.26  
 1118 Y	 11.90  
 1119 T	 18.96  
 1120 I	 3.44  
 1121 D	 51.93  
 1122 G	 43.98  
 1123 E	 50.96  
 1124 K	 74.80  
 1125 E	 46.48  
 1126 P	 62.91  
 1127 G	 24.57  
 1128 F	 8.28  
 1129 H	 34.93  
 1130 L	 11.18  
 1131 D	 44.24  
 1132 P	 30.84  
 1133 P	 39.65  
 1134 Q	 61.48  
 1135 F	 10.31  
 1136 V	 4.39  
 1137 E	 47.47  
 1138 N	 27.11  
 1139 V	 3.53  
 1140 T	 48.45  
 1141 L	 4.33  
 1142 P	 23.04  
 1143 E	 73.35  
 1144 N	 36.40  
 1145 V	 8.38  
 1146 D	 62.03  
 1147 F	 6.87  
 1148 P	 36.88  
 1149 D	 55.31  
 1150 P	 28.99  
 1151 Y	 32.69  
 1152 Q	 62.62  
 1153 D	 42.73  
 1154 P	 28.19  
 1155 S	 54.16  
 1156 E	 66.82  
 1157 N	 46.49  
 1158 F	 8.19  
 1159 R	 54.34  
 1160 K	 64.03  
 1161 G	 29.82  
 1162 D	 41.29  
 1163 S	 40.28  
 1164 T	 39.35  
 1165 L	 4.36  
 1166 P	 20.35  
 1167 M	 9.17  
 1168 N	 38.34  
 1169 R	 39.63  
 1170 N	 38.18  
 1171 P	 31.59  
 1172 L	 8.49  
 1173 H	 40.69  
 1174 N	 57.61  
 1175 E	 42.57  
 1176 E	 71.41  
 1177 G	 28.38  
 1178 L	 5.83  
 1179 S	 44.43  
 1180 N	 62.23  
 1181 N	 34.09  
 1182 D	 58.39  
 1183 Q	 39.11  
 1184 Y	 13.06  
 1185 K	 35.00  
 1186 L	 5.06  
 1187 Y	 16.12  
 1188 S	 30.05  
 1189 K	 29.22  
 1190 H	 18.25  
 1191 F	 11.13  
 1192 T	 32.39  
 1193 L	 7.07  
 1194 K	 55.10  
 1195 D	 64.76  
 1196 K	 60.75  
 1197 G	 57.45  
 1198 S	 25.77  
 1199 P	 43.63  
 1200 H	 39.71  
 1201 S	 46.05  
 1202 E	 54.01  
 1203 T	 38.61  
 1204 S	 18.94  
 1205 E	 62.24  
 1206 R	 31.53  
 1207 Y	 16.70  
 1208 R	 35.11  
 1209 Q	 39.01  
 1210 N	 39.62  
 1211 S	 15.93  
 1212 T	 32.32  
 1213 H	 12.57  
 1214 C	 3.29  
 1215 R	 23.85  
 1216 S	 25.46  
 1217 C	 2.20  
 1218 L	 4.34  
 1219 S	 35.10  
 1220 N	 27.75  
 1221 M	 2.05  
 1222 P	 32.22  
 1223 T	 21.39  
 1224 Y	 13.54  
 1225 S	 28.41  
 1226 G	 14.98  
 1227 H	 14.73  
 1228 F	 7.01  
 1229 T	 13.15  
 1230 M	 3.79  
 1231 R	 37.81  
 1232 S	 24.70  
 1233 P	 23.50  
 1234 F	 15.04  
 1235 K	 34.29  
 1236 C	 4.03  
 1237 D	 40.69  
 1238 A	 12.06  
 1239 C	 1.26  
 1240 L	 4.53  
 1241 R	 30.74  
 1242 M	 2.42  
 1243 G	 17.98  
 1244 N	 26.53  
 1245 L	 3.17  
 1246 Y	 18.17  
 1247 D	 45.06  
 1248 I	 3.84  
 1249 D	 50.99  
 1250 E	 50.94  
 1251 D	 35.13  
 1252 Q	 32.22  
 1253 M	 6.88  
 1254 L	 3.28  
 1255 Q	 40.64  
 1256 E	 55.51  
 1257 T	 29.33  
 1258 G	 37.05  
 1259 N	 30.38  
 1260 P	 32.32  
 1261 A	 32.03  
 1262 T	 42.37  
 1263 G	 25.99  
 1264 E	 32.30  
 1265 Q	 40.33  
 1266 V	 3.97  
 1267 Y	 10.51  
 1268 Q	 35.58  
 1269 Q	 30.44  
 1270 D	 27.44  
 1271 W	 8.73  
 1272 A	 15.54  
 1273 Q	 39.18  
 1274 N	 28.17  
 1275 N	 29.92  
 1276 A	 12.30  
 1277 L	 5.92  
 1278 Q	 39.16  
 1279 L	 9.00  
 1280 Q	 34.02  
 1281 K	 65.72  
 1282 N	 35.32  
 1283 K	 46.29  
 1284 L	 9.10  
 1285 R	 26.84  
 1286 I	 6.04  
 1287 S	 21.32  
 1288 R	 35.54  
 1289 Q	 24.08  
 1290 H	 27.50  
 1291 S	 26.33  
 1292 Y	 15.75  
 1293 D	 41.20  
 1294 N	 28.13  
 1295 I	 3.76  
 1296 V	 10.97  
 1297 D	 51.98  
 1298 K	 34.77  
 1299 P	 30.43  
 1300 R	 63.95  
 1301 E	 55.98  
 1302 L	 9.42  
 1303 D	 37.53  
 1304 L	 7.96  
 1305 S	 41.64  
 1306 R	 40.28  
 1307 P	 30.62  
 1308 S	 37.23  
 1309 R	 40.46  
 1310 S	 22.37  
 1311 I	 5.63  
 1312 S	 30.52  
 1313 L	 6.79  
 1314 K	 48.20  
 1315 D	 64.07  
 1316 R	 29.37  
 1317 E	 58.79  
 1318 R	 45.53  
 1319 L	 4.35  
 1320 L	 11.24  
 1321 E	 57.60  
 1322 G	 29.53  
 1323 N	 20.00  
 1324 F	 12.28  
 1325 Y	 15.14  
 1326 G	 17.46  
 1327 S	 18.18  
 1328 L	 3.01  
 1329 F	 8.08  
 1330 S	 38.11  
 1331 V	 4.11  
 1332 P	 31.52  
 1333 S	 37.64  
 1334 S	 31.39  
 1335 K	 51.51  
 1336 L	 9.85  
 1337 S	 52.91  
 1338 G	 52.42  
 1339 K	 46.21  
 1340 K	 49.13  
 1341 S	 35.44  
 1342 S	 42.80  
 1343 L	 10.55  
 1344 F	 4.60  
 1345 P	 32.40  
 1346 Q	 62.86  
 1347 G	 31.13  
 1348 L	 5.79  
 1349 E	 68.04  
 1350 D	 65.58  
 1351 S	 22.16  
 1352 K	 73.37  
 1353 R	 53.95  
 1354 S	 30.27  
 1355 K	 49.51  
 1356 S	 36.06  
 1357 L	 10.40  
 1358 L	 6.38  
 1359 P	 36.31  
 1360 D	 58.63  
 1361 H	 25.90  
 1362 T	 45.19  
 1363 S	 31.78  
 1364 D	 68.89  
 1365 N	 29.05  
 1366 P	 37.86  
 1367 F	 13.87  
 1368 L	 4.23  
 1369 H	 23.18  
 1370 S	 23.51  
 1371 H	 26.83  
 1372 R	 52.82  
 1373 D	 51.47  
 1374 D	 35.14  
 1375 Q	 44.92  
 1376 R	 37.61  
 1377 L	 2.46  
 1378 V	 4.80  
 1379 I	 3.22  
 1380 G	 20.05  
 1381 R	 20.32  
 1382 C	 2.97  
 1383 P	 40.17  
 1384 S	 55.64  
 1385 D	 35.37  
 1386 P	 44.39  
 1387 Y	 26.73  
 1388 K	 31.91  
 1389 H	 28.82  
 1390 S	 37.51  
 1391 L	 4.78  
 1392 P	 27.66  
 1393 S	 35.74  
 1394 Q	 47.60  
 1395 A	 13.35  
 1396 V	 6.75  
 1397 N	 35.21  
 1398 D	 31.87  
 1399 S	 22.36  
 1400 Y	 14.70  
 1401 L	 5.05  
 1402 R	 18.90  
 1403 S	 31.00  
 1404 S	 22.74  
 1405 L	 5.45  
 1406 R	 33.63  
 1407 S	 33.35  
 1408 T	 17.12  
 1409 A	 10.35  
 1410 S	 27.10  
 1411 Y	 7.62  
 1412 C	 2.20  
 1413 S	 30.78  
 1414 R	 42.22  
 1415 D	 26.79  
 1416 S	 38.77  
 1417 R	 55.46  
 1418 G	 28.09  
 1419 H	 26.63  
 1420 N	 43.18  
 1421 D	 28.99  
 1422 V	 5.77  
 1423 Y	 11.12  
 1424 I	 3.81  
 1425 S	 12.17  
 1426 E	 30.83  
 1427 H	 17.87  
 1428 V	 3.47  
 1429 M	 1.96  
 1430 P	 17.96  
 1431 Y	 10.55  
 1432 A	 9.93  
 1433 A	 22.99  
 1434 N	 39.14  
 1435 K	 45.00  
 1436 N	 38.00  
 1437 N	 32.17  
 1438 M	 3.80  
 1439 Y	 16.12  
 1440 S	 22.59  
 1441 T	 9.53  
 1442 P	 20.60  
 1443 R	 45.72  
 1444 V	 6.63  
 1445 L	 4.05  
 1446 N	 37.81  
 1447 S	 18.11  
 1448 C	 3.98  
 1449 S	 32.94  
 1450 N	 39.85  
 1451 R	 17.10  
 1452 R	 40.13  
 1453 V	 8.09  
 1454 Y	 11.77  
 1455 K	 39.47  
 1456 K	 38.05  
 1457 M	 2.48  
 1458 P	 40.82  
 1459 S	 35.17  
 1460 I	 4.91  
 1461 E	 45.27  
 1462 S	 41.84  
 1463 D	 37.04  
 1464 V	 13.55  
