 1 M	 7.50  
 2 N	 37.98  
 3 A	 11.78  
 4 A	 11.67  
 5 A	 9.15  
 6 S	 26.19  
 7 S	 28.64  
 8 Y	 8.43  
 9 P	 17.51  
 10 M	 2.76  
 11 A	 7.59  
 12 S	 17.62  
 13 L	 2.66  
 14 Y	 10.41  
 15 V	 6.12  
 16 G	 20.43  
 17 D	 31.03  
 18 L	 3.24  
 19 H	 27.05  
 20 S	 40.86  
 21 D	 40.38  
 22 V	 6.13  
 23 T	 24.02  
 24 E	 31.75  
 25 A	 5.50  
 26 M	 3.13  
 27 L	 6.87  
 28 Y	 12.18  
 29 E	 43.60  
 30 K	 37.27  
 31 F	 7.65  
 32 S	 25.55  
 33 P	 44.35  
 34 A	 33.45  
 35 G	 19.08  
 36 P	 26.44  
 37 V	 6.83  
 38 L	 3.86  
 39 S	 14.48  
 40 I	 3.15  
 41 R	 20.36  
 42 V	 2.75  
 43 C	 1.88  
 44 R	 33.40  
 45 D	 27.92  
 46 M	 1.42  
 47 I	 2.95  
 48 T	 17.25  
 49 R	 18.44  
 50 R	 27.81  
 51 S	 23.90  
 52 L	 6.04  
 53 G	 13.28  
 54 Y	 10.47  
 55 A	 10.45  
 56 Y	 6.35  
 57 V	 4.38  
 58 N	 19.14  
 59 F	 5.21  
 60 Q	 43.05  
 61 Q	 30.89  
 62 P	 22.71  
 63 A	 25.06  
 64 D	 56.50  
 65 A	 15.41  
 66 E	 38.75  
 67 R	 42.02  
 68 A	 10.99  
 69 L	 7.64  
 70 D	 42.81  
 71 T	 18.18  
 72 M	 4.73  
 73 N	 31.87  
 74 F	 5.72  
 75 D	 35.91  
 76 V	 4.22  
 77 I	 5.39  
 78 K	 61.81  
 79 G	 29.82  
 80 K	 32.06  
 81 P	 29.74  
 82 I	 5.48  
 83 R	 22.64  
 84 I	 3.25  
 85 M	 1.70  
 86 W	 6.74  
 87 S	 9.65  
 88 Q	 37.98  
 89 R	 52.90  
 90 D	 29.51  
 91 P	 37.14  
 92 S	 45.13  
 93 L	 11.00  
 94 R	 35.12  
 95 K	 57.78  
 96 S	 32.07  
 97 G	 34.09  
 98 V	 6.95  
 99 G	 28.27  
 100 N	 24.10  
 101 V	 4.28  
 102 F	 8.36  
 103 I	 2.23  
 104 K	 39.74  
 105 N	 48.97  
 106 L	 8.13  
 107 D	 52.64  
 108 K	 53.10  
 109 S	 34.54  
 110 I	 9.24  
 111 D	 58.63  
 112 N	 29.81  
 113 K	 35.70  
 114 A	 20.01  
 115 L	 4.19  
 116 Y	 20.14  
 117 D	 41.97  
 118 T	 13.11  
 119 F	 4.53  
 120 S	 25.44  
 121 A	 16.51  
 122 F	 8.14  
 123 G	 21.71  
 124 N	 26.10  
 125 I	 2.83  
 126 L	 5.96  
 127 S	 14.22  
 128 C	 3.30  
 129 K	 34.03  
 130 V	 6.42  
 131 V	 1.76  
 132 C	 6.43  
 133 D	 40.56  
 134 E	 59.36  
 135 N	 46.95  
 136 G	 28.78  
 137 S	 34.19  
 138 K	 58.29  
 139 G	 22.24  
 140 Y	 10.70  
 141 A	 14.51  
 142 F	 3.10  
 143 V	 3.73  
 144 H	 14.36  
 145 F	 10.25  
 146 E	 34.40  
 147 T	 30.66  
 148 Q	 31.00  
 149 E	 53.93  
 150 A	 15.90  
 151 A	 20.34  
 152 D	 48.22  
 153 K	 46.68  
 154 A	 18.73  
 155 I	 6.87  
 156 E	 51.63  
 157 K	 31.39  
 158 M	 3.21  
 159 N	 43.73  
 160 G	 12.48  
 161 M	 3.06  
 162 L	 4.24  
 163 L	 4.68  
 164 N	 42.98  
 165 D	 52.31  
 166 R	 35.64  
 167 K	 42.77  
 168 V	 4.97  
 169 F	 5.60  
 170 V	 6.35  
 171 G	 20.17  
 172 R	 30.44  
 173 F	 7.48  
 174 K	 48.25  
 175 S	 45.96  
 176 R	 45.50  
 177 K	 69.11  
 178 E	 55.43  
 179 R	 52.00  
 180 E	 47.81  
 181 A	 24.44  
 182 E	 42.88  
 183 L	 11.87  
 184 G	 19.28  
 185 A	 22.66  
 186 K	 59.18  
 187 A	 18.97  
 188 K	 53.29  
 189 E	 63.66  
 190 F	 6.24  
 191 T	 25.51  
 192 N	 29.89  
 193 V	 4.80  
 194 Y	 14.30  
 195 I	 2.27  
 196 K	 28.65  
 197 N	 40.37  
 198 F	 12.68  
 199 G	 39.28  
 200 E	 51.19  
 201 E	 52.18  
 202 V	 11.07  
 203 D	 58.18  
 204 D	 53.19  
 205 E	 54.21  
 206 S	 52.30  
 207 L	 4.74  
 208 K	 62.74  
 209 E	 61.41  
 210 L	 4.84  
 211 F	 5.90  
 212 S	 36.91  
 213 Q	 43.72  
 214 F	 11.97  
 215 G	 17.88  
 216 K	 47.80  
 217 T	 25.33  
 218 L	 6.71  
 219 S	 25.73  
 220 V	 6.44  
 221 K	 27.26  
 222 V	 3.40  
 223 M	 3.13  
 224 R	 60.26  
 225 D	 23.95  
 226 P	 40.90  
 227 N	 74.86  
 228 G	 40.79  
 229 K	 56.48  
 230 S	 39.13  
 231 K	 62.84  
 232 G	 34.69  
 233 F	 8.68  
 234 G	 30.62  
 235 F	 2.85  
 236 V	 6.44  
 237 S	 25.88  
 238 Y	 24.56  
 239 E	 40.19  
 240 K	 44.02  
 241 H	 26.65  
 242 E	 70.64  
 243 D	 55.98  
 244 A	 19.21  
 245 N	 45.18  
 246 K	 56.37  
 247 A	 17.48  
 248 V	 7.36  
 249 E	 57.28  
 250 E	 31.20  
 251 M	 5.19  
 252 N	 62.76  
 253 G	 27.88  
 254 K	 47.04  
 255 E	 43.73  
 256 I	 8.19  
 257 S	 34.82  
 258 G	 30.73  
 259 K	 26.32  
 260 I	 3.18  
 261 I	 2.32  
 262 F	 5.62  
 263 V	 3.41  
 264 G	 14.41  
 265 R	 28.66  
 266 A	 21.44  
 267 Q	 44.75  
 268 K	 58.77  
 269 K	 36.93  
 270 V	 10.64  
 271 E	 48.21  
 272 R	 43.95  
 273 Q	 26.19  
 274 A	 30.25  
 275 E	 46.62  
 276 L	 7.93  
 277 K	 45.08  
 278 R	 62.61  
 279 K	 52.22  
 280 F	 9.32  
 281 E	 59.02  
 282 Q	 58.03  
 283 L	 4.94  
 284 K	 50.21  
 285 Q	 54.51  
 286 E	 50.85  
 287 R	 29.68  
 288 I	 2.43  
 289 S	 31.02  
 290 R	 25.98  
 291 Y	 11.65  
 292 Q	 48.53  
 293 G	 11.01  
 294 V	 2.35  
 295 N	 33.67  
 296 L	 4.31  
 297 Y	 12.49  
 298 I	 2.41  
 299 K	 37.59  
 300 N	 38.86  
 301 L	 5.53  
 302 D	 61.47  
 303 D	 49.04  
 304 T	 26.44  
 305 I	 8.93  
 306 D	 61.17  
 307 D	 51.59  
 308 E	 50.68  
 309 K	 61.66  
 310 L	 9.95  
 311 R	 47.74  
 312 K	 73.82  
 313 E	 44.94  
 314 F	 14.60  
 315 S	 22.02  
 316 P	 42.83  
 317 F	 13.36  
 318 G	 22.86  
 319 S	 24.07  
 320 I	 3.45  
 321 T	 25.08  
 322 S	 25.15  
 323 A	 10.38  
 324 K	 28.13  
 325 V	 5.46  
 326 M	 3.14  
 327 L	 6.42  
 328 E	 40.08  
 329 D	 54.57  
 330 G	 26.79  
 331 R	 47.74  
 332 S	 42.53  
 333 K	 57.82  
 334 G	 29.20  
 335 F	 8.68  
 336 G	 23.81  
 337 F	 3.95  
 338 V	 3.09  
 339 C	 2.27  
 340 F	 7.33  
 341 S	 39.60  
 342 S	 18.97  
 343 P	 42.10  
 344 E	 63.31  
 345 E	 66.09  
 346 A	 16.85  
 347 T	 23.86  
 348 K	 48.16  
 349 A	 14.76  
 350 V	 5.06  
 351 T	 34.08  
 352 E	 24.85  
 353 M	 4.74  
 354 N	 30.29  
 355 G	 21.27  
 356 R	 18.53  
 357 I	 4.33  
 358 V	 7.35  
 359 G	 27.81  
 360 S	 21.87  
 361 K	 32.87  
 362 P	 30.53  
 363 L	 6.54  
 364 Y	 7.69  
 365 V	 4.66  
 366 A	 5.43  
 367 L	 2.73  
 368 A	 9.44  
 369 Q	 58.80  
 370 R	 42.62  
 371 K	 52.42  
 372 E	 66.28  
 373 E	 63.62  
 374 R	 42.42  
 375 K	 43.36  
 376 A	 14.78  
 377 H	 35.90  
 378 L	 6.01  
 379 T	 15.48  
 380 N	 37.03  
 381 Q	 29.82  
 382 Y	 9.40  
 383 M	 1.16  
 384 Q	 31.59  
 385 R	 12.06  
 386 V	 2.80  
 387 A	 14.30  
 388 G	 11.85  
 389 M	 1.31  
 390 R	 31.86  
 391 A	 14.70  
 392 L	 2.65  
 393 P	 23.60  
 394 A	 20.95  
 395 N	 26.10  
 396 A	 15.11  
 397 I	 3.58  
 398 L	 3.71  
 399 N	 34.21  
 400 Q	 34.60  
 401 F	 10.26  
 402 Q	 19.56  
 403 P	 25.93  
 404 A	 14.14  
 405 A	 20.73  
 406 G	 33.18  
 407 G	 14.15  
 408 Y	 10.65  
 409 F	 6.33  
 410 V	 1.93  
 411 P	 20.03  
 412 A	 21.96  
 413 V	 2.71  
 414 P	 26.37  
 415 Q	 39.45  
 416 A	 14.02  
 417 Q	 43.09  
 418 G	 47.26  
 419 R	 19.55  
 420 P	 28.24  
 421 P	 33.14  
 422 Y	 23.74  
 423 Y	 22.84  
 424 T	 15.21  
 425 P	 15.50  
 426 N	 41.52  
 427 Q	 39.10  
 428 L	 4.55  
 429 A	 7.43  
 430 Q	 36.69  
 431 M	 6.82  
 432 R	 18.76  
 433 P	 50.24  
 434 N	 28.53  
 435 P	 41.38  
 436 R	 50.94  
 437 W	 8.98  
 438 Q	 33.06  
 439 Q	 49.72  
 440 G	 20.98  
 441 G	 33.48  
 442 R	 27.48  
 443 P	 41.75  
 444 Q	 65.06  
 445 G	 21.37  
 446 F	 4.83  
 447 Q	 54.84  
 448 G	 27.92  
 449 M	 1.32  
 450 P	 27.68  
 451 S	 27.69  
 452 A	 8.63  
 453 I	 4.90  
 454 R	 25.08  
 455 Q	 46.78  
 456 S	 40.70  
 457 G	 17.56  
 458 P	 44.30  
 459 R	 40.12  
 460 P	 38.63  
 461 T	 37.39  
 462 L	 3.44  
 463 R	 25.83  
 464 H	 29.47  
 465 L	 5.02  
 466 A	 8.09  
 467 P	 43.59  
 468 T	 47.97  
 469 G	 22.01  
 470 S	 38.20  
 471 E	 51.95  
 472 C	 4.56  
 473 P	 26.21  
 474 D	 70.64  
 475 R	 14.97  
 476 L	 6.37  
 477 A	 9.08  
 478 M	 5.33  
 479 D	 33.17  
 480 F	 6.63  
 481 G	 22.30  
 482 G	 22.34  
 483 A	 12.58  
 484 G	 25.39  
 485 A	 11.10  
 486 A	 11.00  
 487 Q	 37.02  
 488 Q	 44.10  
 489 G	 20.61  
 490 L	 4.12  
 491 T	 32.46  
 492 D	 53.08  
 493 S	 14.60  
 494 C	 4.09  
 495 Q	 49.41  
 496 S	 41.67  
 497 G	 18.42  
 498 G	 27.72  
 499 V	 4.31  
 500 P	 20.22  
 501 T	 36.73  
 502 A	 8.53  
 503 V	 4.22  
 504 Q	 36.43  
 505 N	 31.41  
 506 L	 3.77  
 507 A	 10.09  
 508 P	 29.61  
 509 R	 29.57  
 510 A	 12.77  
 511 A	 7.86  
 512 V	 3.48  
 513 A	 6.15  
 514 A	 9.50  
 515 A	 14.30  
 516 A	 6.87  
 517 P	 21.75  
 518 R	 36.65  
 519 A	 10.77  
 520 V	 6.10  
 521 A	 10.75  
 522 P	 21.39  
 523 Y	 13.59  
 524 K	 33.03  
 525 Y	 13.08  
 526 A	 7.38  
 527 S	 26.69  
 528 S	 17.24  
 529 V	 6.95  
 530 R	 46.55  
 531 S	 25.96  
 532 P	 27.24  
 533 H	 26.18  
 534 P	 34.15  
 535 A	 15.26  
 536 I	 5.23  
 537 Q	 34.45  
 538 P	 21.96  
 539 L	 3.77  
 540 Q	 58.65  
 541 A	 16.63  
 542 P	 27.94  
 543 Q	 41.42  
 544 P	 34.88  
 545 A	 9.98  
 546 V	 6.06  
 547 H	 14.32  
 548 V	 5.71  
 549 Q	 32.73  
 550 G	 32.50  
 551 Q	 31.85  
 552 E	 49.45  
 553 P	 27.42  
 554 L	 6.51  
 555 T	 27.66  
 556 A	 10.71  
 557 S	 14.75  
 558 M	 2.47  
 559 L	 2.44  
 560 A	 7.92  
 561 A	 19.28  
 562 A	 15.65  
 563 P	 26.78  
 564 P	 45.68  
 565 Q	 65.77  
 566 E	 66.57  
 567 Q	 35.71  
 568 K	 36.60  
 569 Q	 31.84  
 570 M	 7.18  
 571 L	 6.29  
 572 G	 16.79  
 573 E	 42.10  
 574 R	 39.57  
 575 L	 4.51  
 576 F	 6.07  
 577 P	 32.90  
 578 L	 3.38  
 579 I	 3.05  
 580 Q	 40.22  
 581 T	 15.17  
 582 M	 1.55  
 583 H	 19.54  
 584 S	 23.79  
 585 N	 21.16  
 586 L	 8.13  
 587 A	 22.83  
 588 G	 25.68  
 589 K	 31.33  
 590 I	 3.83  
 591 T	 21.74  
 592 G	 14.28  
 593 M	 2.64  
 594 L	 4.03  
 595 L	 3.94  
 596 E	 44.31  
 597 I	 6.48  
 598 D	 43.13  
 599 N	 42.94  
 600 S	 26.35  
 601 E	 62.70  
 602 L	 3.90  
 603 L	 1.64  
 604 H	 31.26  
 605 M	 4.48  
 606 L	 4.03  
 607 E	 57.59  
 608 S	 29.97  
 609 P	 26.31  
 610 E	 72.23  
 611 S	 32.25  
 612 L	 7.36  
 613 R	 43.65  
 614 S	 42.18  
 615 K	 47.47  
 616 V	 9.42  
 617 D	 41.70  
 618 E	 48.29  
 619 A	 7.07  
 620 V	 3.40  
 621 A	 11.89  
 622 V	 3.06  
 623 L	 2.41  
 624 Q	 31.86  
 625 A	 7.71  
 626 H	 14.42  
 627 H	 42.11  
 628 A	 18.10  
 629 K	 46.95  
 630 K	 54.06  
 631 E	 48.83  
 632 A	 24.87  
 633 A	 15.72  
 634 Q	 48.27  
 635 K	 37.60  
 636 V	 3.85  
 637 G	 22.75  
 638 A	 7.26  
 639 V	 2.83  
 640 A	 7.28  
 641 A	 12.50  
 642 A	 9.91  
 643 T	 30.18  
 644 S	 33.23  
