 1 M	 6.60  
 2 A	 13.20  
 3 L	 3.98  
 4 A	 14.17  
 5 G	 25.08  
 6 C	 2.55  
 7 P	 39.09  
 8 D	 56.98  
 9 S	 18.17  
 10 F	 11.10  
 11 L	 4.14  
 12 H	 20.19  
 13 H	 17.76  
 14 P	 20.83  
 15 Y	 14.92  
 16 Y	 18.06  
 17 Q	 37.90  
 18 D	 40.63  
 19 K	 31.95  
 20 V	 9.91  
 21 E	 55.25  
 22 Q	 60.85  
 23 T	 13.73  
 24 P	 33.35  
 25 R	 50.95  
 26 S	 33.14  
 27 Q	 53.64  
 28 Q	 60.96  
 29 D	 27.64  
 30 P	 34.48  
 31 A	 45.14  
 32 G	 23.38  
 33 P	 43.16  
 34 G	 43.29  
 35 L	 3.41  
 36 P	 33.88  
 37 A	 26.93  
 38 Q	 43.88  
 39 S	 27.14  
 40 D	 37.22  
 41 R	 40.73  
 42 L	 7.21  
 43 A	 16.62  
 44 N	 41.80  
 45 H	 27.14  
 46 Q	 56.47  
 47 E	 48.94  
 48 D	 55.45  
 49 D	 34.77  
 50 V	 16.31  
 51 D	 45.87  
 52 L	 4.10  
 53 E	 35.18  
 54 A	 24.90  
 55 L	 2.43  
 56 V	 8.01  
 57 N	 43.60  
 58 D	 25.00  
 59 M	 3.68  
 60 N	 29.28  
 61 A	 14.62  
 62 S	 27.89  
 63 L	 4.88  
 64 E	 35.88  
 65 S	 37.59  
 66 L	 2.60  
 67 Y	 11.96  
 68 S	 28.26  
 69 A	 3.94  
 70 C	 2.60  
 71 S	 21.41  
 72 M	 4.44  
 73 Q	 23.12  
 74 S	 26.97  
 75 D	 34.53  
 76 T	 29.30  
 77 V	 3.64  
 78 P	 29.46  
 79 L	 7.17  
 80 L	 2.81  
 81 Q	 60.74  
 82 N	 52.65  
 83 G	 14.00  
 84 Q	 34.32  
 85 H	 25.22  
 86 A	 12.63  
 87 R	 33.43  
 88 S	 45.37  
 89 Q	 26.41  
 90 P	 34.74  
 91 R	 33.48  
 92 A	 26.06  
 93 S	 53.78  
 94 G	 34.93  
 95 P	 20.73  
 96 P	 46.29  
 97 R	 49.91  
 98 S	 31.20  
 99 I	 7.96  
 100 Q	 24.50  
 101 P	 34.57  
 102 Q	 31.76  
 103 V	 12.38  
 104 S	 14.76  
 105 P	 37.25  
 106 R	 29.45  
 107 Q	 53.96  
 108 R	 28.02  
 109 V	 4.14  
 110 Q	 41.31  
 111 R	 34.11  
 112 S	 23.03  
 113 Q	 46.34  
 114 P	 22.39  
 115 V	 3.21  
 116 H	 18.94  
 117 I	 2.41  
 118 L	 1.86  
 119 A	 7.68  
 120 V	 3.07  
 121 R	 28.16  
 122 R	 33.84  
 123 L	 5.42  
 124 Q	 50.66  
 125 E	 69.04  
 126 E	 48.43  
 127 D	 46.99  
 128 Q	 47.82  
 129 Q	 41.95  
 130 F	 8.38  
 131 R	 29.38  
 132 T	 24.77  
 133 S	 26.14  
 134 S	 37.45  
 135 L	 3.13  
 136 P	 30.05  
 137 A	 34.85  
 138 I	 2.98  
 139 P	 44.54  
 140 N	 44.74  
 141 P	 40.59  
 142 F	 10.50  
 143 P	 34.60  
 144 E	 58.01  
 145 L	 4.10  
 146 C	 6.19  
 147 G	 42.08  
 148 P	 38.81  
 149 G	 37.76  
 150 S	 29.21  
 151 P	 29.00  
 152 P	 35.13  
 153 V	 12.04  
 154 L	 6.20  
 155 T	 26.32  
 156 P	 26.64  
 157 G	 36.26  
 158 S	 38.62  
 159 L	 10.03  
 160 P	 28.35  
 161 P	 44.35  
 162 S	 30.43  
 163 Q	 40.57  
 164 A	 17.45  
 165 A	 13.93  
 166 A	 17.04  
 167 K	 42.16  
 168 Q	 56.88  
 169 D	 41.31  
 170 V	 5.44  
 171 K	 45.94  
 172 V	 6.83  
 173 F	 5.69  
 174 S	 37.45  
 175 E	 49.33  
 176 D	 65.55  
 177 G	 28.03  
 178 T	 37.38  
 179 S	 29.05  
 180 K	 50.57  
 181 V	 4.71  
 182 V	 4.32  
 183 E	 34.96  
 184 I	 2.31  
 185 L	 1.77  
 186 A	 15.36  
 187 D	 31.36  
 188 M	 2.34  
 189 T	 21.06  
 190 A	 9.06  
 191 R	 28.41  
 192 D	 49.70  
 193 L	 1.35  
 194 C	 2.91  
 195 Q	 45.16  
 196 L	 3.22  
 197 L	 1.31  
 198 V	 8.43  
 199 Y	 13.52  
 200 K	 26.67  
 201 S	 12.39  
 202 H	 16.09  
 203 C	 4.66  
 204 V	 9.67  
 205 D	 55.56  
 206 D	 30.57  
 207 N	 34.68  
 208 S	 28.56  
 209 W	 10.46  
 210 T	 22.28  
 211 L	 3.28  
 212 V	 5.28  
 213 E	 39.32  
 214 H	 32.09  
 215 H	 9.66  
 216 P	 26.72  
 217 H	 28.33  
 218 L	 11.17  
 219 G	 23.58  
 220 L	 4.76  
 221 E	 39.28  
 222 R	 35.05  
 223 C	 3.40  
 224 L	 12.41  
 225 E	 62.03  
 226 D	 27.84  
 227 H	 22.40  
 228 E	 56.43  
 229 L	 4.03  
 230 V	 2.29  
 231 V	 9.13  
 232 Q	 26.27  
 233 V	 4.19  
 234 E	 24.33  
 235 S	 25.32  
 236 T	 11.84  
 237 M	 5.56  
 238 A	 15.38  
 239 S	 31.42  
 240 E	 48.70  
 241 S	 26.64  
 242 K	 41.87  
 243 F	 12.41  
 244 L	 4.70  
 245 F	 13.55  
 246 R	 28.58  
 247 K	 47.15  
 248 N	 37.42  
 249 Y	 13.91  
 250 A	 19.83  
 251 K	 34.65  
 252 Y	 15.14  
 253 E	 43.85  
 254 F	 10.82  
 255 F	 5.09  
 256 K	 66.52  
 257 N	 35.58  
 258 P	 21.49  
 259 M	 10.77  
 260 N	 36.34  
 261 F	 9.82  
 262 F	 5.74  
 263 P	 27.11  
 264 E	 46.26  
 265 Q	 31.70  
 266 M	 2.50  
 267 V	 3.63  
 268 T	 18.38  
 269 W	 2.67  
 270 C	 1.60  
 271 Q	 41.10  
 272 Q	 35.41  
 273 S	 19.78  
 274 N	 50.20  
 275 G	 26.78  
 276 S	 34.01  
 277 Q	 34.36  
 278 T	 23.92  
 279 Q	 32.32  
 280 L	 6.36  
 281 L	 2.55  
 282 Q	 47.42  
 283 N	 43.26  
 284 F	 4.39  
 285 L	 8.78  
 286 N	 35.39  
 287 S	 26.27  
 288 S	 34.58  
 289 S	 33.25  
 290 C	 3.66  
 291 P	 43.61  
 292 E	 52.88  
 293 I	 2.68  
 294 Q	 34.62  
 295 G	 32.51  
 296 F	 2.15  
 297 L	 6.08  
 298 H	 26.75  
 299 V	 5.84  
 300 K	 36.15  
 301 E	 62.76  
 302 L	 11.46  
 303 G	 36.12  
 304 K	 57.15  
 305 K	 60.80  
 306 S	 47.84  
 307 W	 15.64  
 308 K	 39.74  
 309 K	 38.50  
 310 L	 3.26  
 311 Y	 9.67  
 312 V	 3.43  
 313 C	 1.22  
 314 L	 3.48  
 315 R	 26.12  
 316 R	 23.33  
 317 S	 27.07  
 318 G	 20.89  
 319 L	 4.03  
 320 Y	 6.46  
 321 C	 5.11  
 322 S	 21.43  
 323 T	 29.90  
 324 K	 43.85  
 325 G	 35.00  
 326 T	 37.88  
 327 S	 43.63  
 328 K	 72.13  
 329 E	 47.54  
 330 P	 32.50  
 331 R	 44.21  
 332 H	 28.74  
 333 L	 3.97  
 334 Q	 28.45  
 335 L	 5.54  
 336 L	 1.94  
 337 A	 28.12  
 338 D	 51.03  
 339 L	 7.01  
 340 E	 61.00  
 341 D	 55.04  
 342 S	 23.58  
 343 N	 52.20  
 344 I	 2.62  
 345 F	 5.94  
 346 S	 18.31  
 347 L	 1.85  
 348 I	 3.56  
 349 A	 19.61  
 350 G	 30.26  
 351 R	 17.55  
 352 K	 57.10  
 353 Q	 35.04  
 354 Y	 19.14  
 355 N	 36.63  
 356 A	 11.93  
 357 P	 34.42  
 358 T	 37.91  
 359 D	 32.57  
 360 H	 33.34  
 361 G	 25.67  
 362 L	 2.15  
 363 C	 4.44  
 364 I	 11.33  
 365 K	 41.35  
 366 P	 26.43  
 367 N	 50.91  
 368 K	 51.61  
 369 V	 11.46  
 370 R	 36.56  
 371 N	 65.36  
 372 E	 51.17  
 373 T	 33.11  
 374 K	 48.88  
 375 E	 46.68  
 376 L	 5.08  
 377 R	 27.06  
 378 L	 7.82  
 379 L	 1.79  
 380 C	 4.63  
 381 A	 27.52  
 382 E	 62.17  
 383 D	 34.48  
 384 E	 45.41  
 385 Q	 48.91  
 386 T	 26.37  
 387 R	 27.81  
 388 T	 17.57  
 389 C	 1.79  
 390 W	 6.12  
 391 M	 1.79  
 392 T	 9.72  
 393 A	 3.28  
 394 F	 4.09  
 395 R	 36.32  
 396 L	 3.80  
 397 L	 3.32  
 398 K	 44.33  
 399 Y	 14.03  
 400 G	 9.93  
 401 M	 1.80  
 402 L	 3.32  
 403 L	 2.84  
 404 Y	 7.25  
 405 Q	 40.21  
 406 N	 17.94  
 407 Y	 8.39  
 408 R	 41.48  
 409 I	 2.26  
 410 P	 18.43  
 411 Q	 54.03  
 412 Q	 43.41  
 413 R	 22.44  
 414 K	 38.76  
 415 A	 18.87  
 416 L	 5.66  
 417 L	 7.94  
 418 S	 25.42  
 419 P	 27.46  
 420 F	 13.11  
 421 S	 34.87  
 422 T	 26.61  
 423 P	 20.51  
 424 V	 7.84  
 425 R	 32.32  
 426 S	 30.17  
 427 V	 6.11  
 428 S	 32.10  
 429 E	 49.00  
 430 N	 32.89  
 431 S	 21.85  
 432 L	 4.25  
 433 V	 4.10  
 434 A	 9.34  
 435 M	 4.10  
 436 D	 25.48  
 437 F	 5.92  
 438 S	 26.23  
 439 G	 29.12  
 440 Q	 39.31  
 441 T	 30.40  
 442 G	 17.61  
 443 R	 29.63  
 444 V	 7.33  
 445 I	 4.00  
 446 E	 55.06  
 447 N	 29.92  
 448 P	 20.77  
 449 A	 36.02  
 450 E	 48.80  
 451 A	 15.67  
 452 Q	 25.71  
 453 S	 23.66  
 454 A	 12.18  
 455 A	 22.28  
 456 L	 6.52  
 457 E	 58.15  
 458 E	 58.07  
 459 G	 13.36  
 460 H	 25.95  
 461 A	 20.73  
 462 W	 10.72  
 463 R	 25.87  
 464 K	 39.74  
 465 R	 34.39  
 466 S	 24.33  
 467 T	 37.66  
 468 R	 19.87  
 469 M	 3.56  
 470 N	 24.04  
 471 I	 3.17  
 472 L	 4.60  
 473 G	 21.60  
 474 S	 24.84  
 475 Q	 47.47  
 476 S	 31.00  
 477 P	 27.35  
 478 L	 12.89  
 479 H	 20.04  
 480 P	 36.37  
 481 S	 31.09  
 482 T	 29.22  
 483 L	 4.79  
 484 S	 22.25  
 485 T	 26.96  
 486 V	 2.89  
 487 I	 1.52  
 488 H	 23.54  
 489 R	 25.59  
 490 T	 15.60  
 491 Q	 31.60  
 492 H	 28.67  
 493 W	 4.15  
 494 F	 4.03  
 495 H	 21.30  
 496 G	 21.10  
 497 R	 18.35  
 498 I	 5.57  
 499 S	 32.07  
 500 R	 49.70  
 501 E	 58.00  
 502 E	 51.22  
 503 S	 17.20  
 504 H	 28.39  
 505 R	 41.42  
 506 I	 3.74  
 507 I	 3.12  
 508 K	 33.91  
 509 Q	 31.97  
 510 Q	 42.03  
 511 G	 25.77  
 512 L	 2.49  
 513 V	 7.59  
 514 D	 53.79  
 515 G	 15.73  
 516 L	 2.06  
 517 F	 8.05  
 518 L	 4.63  
 519 L	 4.47  
 520 R	 43.62  
 521 D	 51.50  
 522 S	 29.13  
 523 Q	 52.06  
 524 S	 60.08  
 525 N	 34.16  
 526 P	 34.30  
 527 K	 59.72  
 528 A	 10.88  
 529 F	 6.05  
 530 V	 4.82  
 531 L	 2.15  
 532 T	 23.26  
 533 L	 1.98  
 534 C	 1.96  
 535 H	 29.53  
 536 H	 29.63  
 537 Q	 26.04  
 538 K	 51.82  
 539 I	 3.38  
 540 K	 59.76  
 541 N	 37.21  
 542 F	 3.98  
 543 Q	 45.78  
 544 I	 3.97  
 545 L	 2.49  
 546 P	 22.53  
 547 C	 8.86  
 548 E	 58.14  
 549 D	 72.55  
 550 D	 28.89  
 551 G	 40.52  
 552 Q	 41.97  
 553 T	 31.98  
 554 F	 2.77  
 555 F	 8.88  
 556 S	 27.05  
 557 L	 6.17  
 558 D	 61.65  
 559 D	 58.49  
 560 G	 43.29  
 561 N	 47.27  
 562 T	 38.71  
 563 K	 47.04  
 564 F	 6.90  
 565 S	 32.82  
 566 D	 51.42  
 567 L	 2.32  
 568 I	 3.41  
 569 Q	 42.61  
 570 L	 2.94  
 571 V	 2.47  
 572 D	 45.16  
 573 F	 3.06  
 574 Y	 13.97  
 575 Q	 38.25  
 576 L	 4.94  
 577 N	 24.41  
 578 K	 60.01  
 579 G	 25.72  
 580 V	 6.03  
 581 L	 5.85  
 582 P	 15.70  
 583 C	 7.63  
 584 K	 59.64  
 585 L	 8.99  
 586 K	 19.46  
 587 H	 31.33  
 588 H	 13.70  
 589 C	 1.81  
 590 I	 3.26  
 591 R	 17.04  
 592 V	 3.01  
 593 A	 9.56  
 594 L	 7.07  
