 1 M	 10.62  
 2 D	 58.68  
 3 D	 36.28  
 4 I	 3.33  
 5 F	 5.06  
 6 T	 27.39  
 7 Q	 17.33  
 8 C	 3.77  
 9 R	 45.07  
 10 E	 65.51  
 11 G	 14.19  
 12 N	 26.87  
 13 A	 11.08  
 14 V	 6.16  
 15 A	 4.36  
 16 V	 4.09  
 17 R	 15.48  
 18 L	 4.24  
 19 W	 7.36  
 20 L	 4.27  
 21 D	 48.72  
 22 N	 47.31  
 23 T	 35.51  
 24 E	 55.81  
 25 N	 57.96  
 26 D	 40.54  
 27 L	 8.54  
 28 N	 46.80  
 29 Q	 65.08  
 30 G	 41.04  
 31 D	 34.66  
 32 D	 51.11  
 33 H	 43.89  
 34 G	 31.55  
 35 F	 6.45  
 36 S	 31.01  
 37 P	 26.44  
 38 L	 5.22  
 39 H	 17.30  
 40 W	 12.53  
 41 A	 3.32  
 42 C	 3.25  
 43 R	 41.48  
 44 E	 59.86  
 45 G	 14.97  
 46 R	 19.38  
 47 S	 35.95  
 48 A	 14.17  
 49 V	 3.85  
 50 V	 3.42  
 51 E	 22.98  
 52 M	 1.76  
 53 L	 1.44  
 54 I	 1.38  
 55 M	 2.59  
 56 R	 28.73  
 57 G	 11.22  
 58 A	 9.98  
 59 R	 24.68  
 60 I	 4.52  
 61 N	 22.79  
 62 V	 3.15  
 63 M	 2.15  
 64 N	 40.27  
 65 R	 31.64  
 66 G	 31.94  
 67 D	 54.06  
 68 D	 53.71  
 69 T	 32.27  
 70 P	 25.44  
 71 L	 5.85  
 72 H	 18.02  
 73 L	 5.84  
 74 A	 9.00  
 75 A	 14.39  
 76 S	 25.13  
 77 H	 31.21  
 78 G	 18.28  
 79 H	 20.86  
 80 R	 39.69  
 81 D	 39.47  
 82 I	 3.40  
 83 V	 4.87  
 84 Q	 30.89  
 85 K	 40.03  
 86 L	 1.69  
 87 L	 7.24  
 88 Q	 48.38  
 89 Y	 14.23  
 90 K	 26.99  
 91 A	 20.27  
 92 D	 30.44  
 93 I	 4.21  
 94 N	 38.08  
 95 A	 13.07  
 96 V	 8.15  
 97 N	 32.89  
 98 E	 46.72  
 99 H	 28.11  
 100 G	 30.56  
 101 N	 33.85  
 102 V	 6.72  
 103 P	 19.88  
 104 L	 4.14  
 105 H	 11.32  
 106 Y	 16.85  
 107 A	 3.26  
 108 C	 2.02  
 109 F	 6.63  
 110 W	 11.92  
 111 G	 10.84  
 112 Q	 28.67  
 113 D	 40.77  
 114 Q	 28.56  
 115 V	 9.42  
 116 A	 10.04  
 117 E	 53.69  
 118 D	 36.38  
 119 L	 2.70  
 120 V	 6.34  
 121 A	 18.94  
 122 N	 28.88  
 123 G	 15.56  
 124 A	 12.47  
 125 L	 3.09  
 126 V	 3.43  
 127 S	 23.44  
 128 I	 2.04  
 129 C	 2.53  
 130 N	 38.62  
 131 K	 50.66  
 132 Y	 12.34  
 133 G	 26.74  
 134 E	 36.90  
 135 M	 3.21  
 136 P	 27.18  
 137 V	 13.07  
 138 D	 39.05  
 139 K	 52.61  
 140 A	 14.58  
 141 K	 57.17  
 142 A	 17.14  
 143 P	 31.10  
 144 L	 8.75  
 145 R	 31.30  
 146 E	 60.89  
 147 L	 4.40  
 148 L	 4.59  
 149 R	 43.94  
 150 E	 57.10  
 151 R	 41.43  
 152 A	 18.93  
 153 E	 50.20  
 154 K	 47.55  
 155 M	 5.13  
 156 G	 25.05  
 157 Q	 47.98  
 158 N	 33.29  
 159 L	 3.33  
 160 N	 47.59  
 161 R	 34.13  
 162 I	 4.21  
 163 P	 27.21  
 164 Y	 21.08  
 165 K	 44.96  
 166 D	 41.09  
 167 T	 27.52  
 168 F	 10.21  
 169 W	 10.56  
 170 K	 42.03  
 171 G	 23.94  
 172 T	 14.91  
 173 T	 38.42  
 174 R	 28.68  
 175 T	 42.82  
 176 R	 25.53  
 177 P	 33.21  
 178 R	 51.42  
 179 N	 50.95  
 180 G	 32.62  
 181 T	 30.61  
 182 L	 9.47  
 183 N	 39.57  
 184 K	 42.11  
 185 H	 30.13  
 186 S	 38.77  
 187 G	 24.17  
 188 I	 6.70  
 189 D	 48.49  
 190 F	 5.26  
 191 K	 50.56  
 192 Q	 41.45  
 193 L	 5.15  
 194 N	 27.64  
 195 F	 14.42  
 196 L	 3.93  
 197 T	 29.37  
 198 K	 52.00  
 199 L	 9.06  
 200 N	 49.97  
 201 E	 67.75  
 202 N	 33.29  
 203 H	 30.88  
 204 S	 45.61  
 205 G	 26.85  
 206 E	 55.24  
 207 L	 6.99  
 208 W	 9.21  
 209 K	 51.74  
 210 G	 25.20  
 211 R	 20.86  
 212 W	 21.07  
 213 Q	 39.18  
 214 G	 27.15  
 215 N	 22.27  
 216 D	 41.71  
 217 I	 4.44  
 218 V	 3.67  
 219 V	 3.47  
 220 K	 30.84  
 221 V	 4.17  
 222 L	 3.34  
 223 K	 37.91  
 224 V	 6.17  
 225 R	 37.79  
 226 D	 46.82  
 227 W	 7.34  
 228 S	 23.71  
 229 T	 37.55  
 230 R	 29.45  
 231 K	 50.35  
 232 S	 33.52  
 233 R	 56.42  
 234 D	 58.79  
 235 F	 13.90  
 236 N	 48.74  
 237 E	 62.05  
 238 E	 51.42  
 239 C	 1.62  
 240 P	 41.44  
 241 R	 48.54  
 242 L	 2.73  
 243 R	 29.23  
 244 I	 5.00  
 245 F	 4.42  
 246 S	 35.35  
 247 H	 13.75  
 248 P	 31.27  
 249 N	 42.40  
 250 V	 8.23  
 251 L	 2.85  
 252 P	 18.27  
 253 V	 7.24  
 254 L	 3.21  
 255 G	 25.25  
 256 A	 5.52  
 257 C	 3.80  
 258 Q	 59.44  
 259 S	 32.51  
 260 P	 11.82  
 261 P	 64.77  
 262 A	 20.58  
 263 P	 39.50  
 264 H	 30.04  
 265 P	 28.04  
 266 T	 27.97  
 267 L	 5.11  
 268 I	 2.68  
 269 T	 16.76  
 270 H	 16.31  
 271 W	 4.84  
 272 M	 1.10  
 273 P	 25.74  
 274 Y	 11.84  
 275 G	 12.80  
 276 S	 23.10  
 277 L	 2.91  
 278 Y	 12.62  
 279 N	 34.86  
 280 V	 3.49  
 281 L	 2.44  
 282 H	 27.45  
 283 E	 64.65  
 284 G	 18.40  
 285 T	 23.62  
 286 N	 38.27  
 287 F	 5.94  
 288 V	 5.14  
 289 V	 4.92  
 290 D	 36.79  
 291 Q	 26.32  
 292 S	 18.68  
 293 Q	 44.54  
 294 A	 16.24  
 295 V	 3.98  
 296 K	 28.12  
 297 F	 7.02  
 298 A	 9.27  
 299 L	 5.35  
 300 D	 25.84  
 301 M	 2.59  
 302 A	 12.44  
 303 R	 28.87  
 304 G	 11.39  
 305 M	 1.66  
 306 A	 13.48  
 307 F	 3.69  
 308 L	 1.88  
 309 H	 23.19  
 310 T	 34.66  
 311 L	 4.43  
 312 E	 38.94  
 313 P	 38.41  
 314 L	 6.51  
 315 I	 4.05  
 316 P	 29.68  
 317 R	 22.25  
 318 H	 29.25  
 319 A	 15.09  
 320 L	 4.96  
 321 N	 35.84  
 322 S	 27.12  
 323 R	 32.00  
 324 S	 18.83  
 325 V	 3.66  
 326 M	 3.18  
 327 I	 5.00  
 328 D	 27.96  
 329 E	 38.46  
 330 D	 35.66  
 331 M	 2.72  
 332 T	 25.71  
 333 A	 10.52  
 334 R	 16.61  
 335 I	 2.83  
 336 S	 11.45  
 337 M	 3.25  
 338 A	 16.20  
 339 D	 35.18  
 340 V	 4.97  
 341 K	 35.52  
 342 F	 9.94  
 343 S	 14.53  
 344 F	 11.03  
 345 Q	 31.15  
 346 C	 3.48  
 347 P	 23.73  
 348 G	 34.31  
 349 R	 10.48  
 350 M	 4.08  
 351 Y	 14.20  
 352 A	 4.31  
 353 P	 14.79  
 354 A	 12.76  
 355 W	 5.92  
 356 V	 7.46  
 357 A	 5.87  
 358 P	 20.13  
 359 E	 52.88  
 360 A	 17.77  
 361 L	 7.96  
 362 Q	 59.79  
 363 K	 71.76  
 364 K	 40.45  
 365 P	 52.29  
 366 E	 83.07  
 367 D	 58.78  
 368 T	 29.03  
 369 N	 50.09  
 370 R	 35.70  
 371 R	 37.96  
 372 S	 25.94  
 373 A	 14.63  
 374 D	 40.09  
 375 M	 3.02  
 376 W	 7.28  
 377 S	 9.18  
 378 F	 3.00  
 379 A	 5.87  
 380 V	 4.20  
 381 L	 4.05  
 382 L	 2.41  
 383 W	 7.85  
 384 E	 33.07  
 385 L	 3.01  
 386 V	 3.00  
 387 T	 33.46  
 388 R	 35.12  
 389 E	 45.22  
 390 V	 4.21  
 391 P	 17.60  
 392 F	 11.32  
 393 A	 15.68  
 394 D	 51.51  
 395 L	 3.41  
 396 S	 34.38  
 397 N	 39.13  
 398 M	 3.40  
 399 E	 40.41  
 400 I	 4.55  
 401 G	 9.14  
 402 M	 3.76  
 403 K	 21.10  
 404 V	 5.66  
 405 A	 8.38  
 406 L	 6.33  
 407 E	 46.58  
 408 G	 28.03  
 409 L	 4.29  
 410 R	 36.85  
 411 P	 39.46  
 412 T	 39.42  
 413 I	 4.25  
 414 P	 24.44  
 415 P	 49.23  
 416 G	 27.87  
 417 I	 7.74  
 418 S	 18.18  
 419 P	 23.24  
 420 H	 30.71  
 421 V	 3.32  
 422 C	 2.26  
 423 K	 50.99  
 424 L	 3.41  
 425 M	 1.36  
 426 K	 43.09  
 427 I	 1.35  
 428 C	 1.68  
 429 M	 7.58  
 430 N	 46.22  
 431 E	 38.19  
 432 D	 43.37  
 433 P	 33.24  
 434 A	 32.58  
 435 K	 74.70  
 436 R	 41.57  
 437 P	 40.74  
 438 K	 59.01  
 439 F	 9.50  
 440 D	 31.83  
 441 M	 3.61  
 442 I	 3.43  
 443 V	 1.61  
 444 P	 17.96  
 445 I	 5.56  
 446 L	 4.18  
 447 E	 47.40  
 448 K	 38.11  
 449 M	 4.56  
 450 Q	 67.42  
 451 D	 55.95  
 452 K	 45.40  
