 1 M	 5.87  
 2 A	 22.56  
 3 Q	 32.81  
 4 T	 21.30  
 5 Q	 38.90  
 6 G	 25.28  
 7 T	 19.92  
 8 R	 43.16  
 9 R	 35.28  
 10 K	 33.11  
 11 V	 2.11  
 12 C	 1.71  
 13 Y	 14.19  
 14 Y	 7.02  
 15 Y	 6.23  
 16 D	 30.60  
 17 G	 18.51  
 18 D	 42.10  
 19 V	 7.00  
 20 G	 22.59  
 21 N	 22.83  
 22 Y	 7.67  
 23 Y	 12.72  
 24 Y	 7.81  
 25 G	 15.75  
 26 Q	 30.79  
 27 G	 23.62  
 28 H	 16.05  
 29 P	 39.04  
 30 M	 9.77  
 31 K	 41.97  
 32 P	 18.75  
 33 H	 32.08  
 34 R	 27.08  
 35 I	 2.99  
 36 R	 24.73  
 37 M	 4.09  
 38 T	 9.58  
 39 H	 17.38  
 40 N	 24.18  
 41 L	 4.46  
 42 L	 3.37  
 43 L	 5.38  
 44 N	 28.88  
 45 Y	 14.42  
 46 G	 18.37  
 47 L	 2.36  
 48 Y	 12.11  
 49 R	 36.57  
 50 K	 27.59  
 51 M	 2.54  
 52 E	 39.65  
 53 I	 2.94  
 54 Y	 12.56  
 55 R	 32.29  
 56 P	 19.16  
 57 H	 32.63  
 58 K	 46.12  
 59 A	 19.89  
 60 N	 53.33  
 61 A	 20.98  
 62 E	 48.37  
 63 E	 50.14  
 64 M	 2.70  
 65 T	 31.56  
 66 K	 39.39  
 67 Y	 9.44  
 68 H	 26.72  
 69 S	 29.14  
 70 D	 39.15  
 71 D	 50.50  
 72 Y	 15.82  
 73 I	 3.07  
 74 K	 31.92  
 75 F	 5.07  
 76 L	 3.40  
 77 R	 32.92  
 78 S	 25.70  
 79 I	 6.31  
 80 R	 33.49  
 81 P	 35.34  
 82 D	 54.32  
 83 N	 38.26  
 84 M	 4.14  
 85 S	 39.37  
 86 E	 42.95  
 87 Y	 17.54  
 88 S	 16.62  
 89 K	 49.22  
 90 Q	 27.57  
 91 M	 3.38  
 92 Q	 44.30  
 93 R	 21.55  
 94 F	 4.97  
 95 N	 42.97  
 96 V	 9.03  
 97 G	 26.57  
 98 E	 52.75  
 99 D	 35.77  
 100 C	 2.42  
 101 P	 41.98  
 102 V	 9.56  
 103 F	 3.58  
 104 D	 53.79  
 105 G	 22.32  
 106 L	 3.91  
 107 F	 9.16  
 108 E	 51.02  
 109 F	 2.23  
 110 C	 2.91  
 111 Q	 43.71  
 112 L	 5.35  
 113 S	 10.10  
 114 T	 54.90  
 115 G	 24.01  
 116 G	 21.02  
 117 S	 18.82  
 118 V	 5.73  
 119 A	 8.09  
 120 S	 31.29  
 121 A	 7.85  
 122 V	 7.21  
 123 K	 46.16  
 124 L	 8.55  
 125 N	 34.08  
 126 K	 54.97  
 127 Q	 50.78  
 128 Q	 42.63  
 129 T	 27.21  
 130 D	 23.63  
 131 I	 5.39  
 132 A	 7.44  
 133 V	 6.67  
 134 N	 17.54  
 135 W	 6.95  
 136 A	 9.29  
 137 G	 30.70  
 138 G	 17.68  
 139 L	 2.34  
 140 H	 23.33  
 141 H	 44.26  
 142 A	 15.38  
 143 K	 53.10  
 144 K	 55.07  
 145 S	 37.37  
 146 E	 56.59  
 147 A	 23.26  
 148 S	 28.49  
 149 G	 24.56  
 150 F	 2.23  
 151 C	 4.18  
 152 Y	 10.46  
 153 V	 5.66  
 154 N	 13.55  
 155 D	 23.48  
 156 I	 2.00  
 157 V	 3.09  
 158 L	 2.21  
 159 A	 8.07  
 160 I	 2.41  
 161 L	 2.93  
 162 E	 46.04  
 163 L	 4.48  
 164 L	 3.65  
 165 K	 54.00  
 166 Y	 11.80  
 167 H	 13.84  
 168 Q	 33.80  
 169 R	 13.70  
 170 V	 3.71  
 171 L	 3.19  
 172 Y	 8.16  
 173 I	 3.07  
 174 D	 20.96  
 175 I	 3.77  
 176 D	 30.35  
 177 I	 2.36  
 178 H	 18.35  
 179 H	 36.05  
 180 G	 21.14  
 181 D	 54.32  
 182 G	 33.07  
 183 V	 7.75  
 184 E	 49.49  
 185 E	 41.49  
 186 A	 6.83  
 187 F	 6.69  
 188 Y	 18.77  
 189 T	 18.77  
 190 T	 15.49  
 191 D	 33.12  
 192 R	 20.29  
 193 V	 4.14  
 194 M	 2.97  
 195 T	 15.33  
 196 V	 2.88  
 197 S	 16.68  
 198 F	 5.11  
 199 H	 18.21  
 200 K	 53.60  
 201 Y	 13.45  
 202 G	 28.12  
 203 E	 40.69  
 204 Y	 15.65  
 205 F	 3.81  
 206 P	 38.24  
 207 G	 32.22  
 208 T	 27.97  
 209 G	 37.56  
 210 D	 38.07  
 211 L	 5.84  
 212 R	 37.94  
 213 D	 51.47  
 214 I	 3.09  
 215 G	 32.34  
 216 A	 19.50  
 217 G	 33.75  
 218 K	 52.26  
 219 G	 23.45  
 220 K	 38.28  
 221 Y	 12.82  
 222 Y	 13.94  
 223 A	 4.68  
 224 V	 4.00  
 225 N	 25.24  
 226 Y	 9.31  
 227 P	 18.73  
 228 L	 5.71  
 229 R	 35.29  
 230 D	 67.11  
 231 G	 20.84  
 232 I	 7.65  
 233 D	 60.19  
 234 D	 44.83  
 235 E	 52.01  
 236 S	 34.96  
 237 Y	 13.82  
 238 E	 44.56  
 239 A	 12.32  
 240 I	 2.81  
 241 F	 10.62  
 242 K	 30.50  
 243 P	 19.12  
 244 V	 7.53  
 245 M	 4.32  
 246 S	 23.49  
 247 K	 27.75  
 248 V	 2.85  
 249 M	 3.38  
 250 E	 39.57  
 251 M	 1.72  
 252 F	 6.52  
 253 Q	 29.72  
 254 P	 17.00  
 255 S	 23.94  
 256 A	 11.34  
 257 V	 5.32  
 258 V	 2.82  
 259 L	 2.54  
 260 Q	 20.23  
 261 C	 5.01  
 262 G	 22.87  
 263 S	 31.49  
 264 D	 38.59  
 265 S	 26.57  
 266 L	 8.78  
 267 S	 42.47  
 268 G	 29.38  
 269 D	 38.98  
 270 R	 36.18  
 271 L	 9.24  
 272 G	 18.18  
 273 C	 2.12  
 274 F	 8.78  
 275 N	 40.11  
 276 L	 2.34  
 277 T	 23.03  
 278 I	 5.92  
 279 K	 39.13  
 280 G	 23.33  
 281 H	 19.60  
 282 A	 18.66  
 283 K	 32.89  
 284 C	 3.53  
 285 V	 6.70  
 286 E	 54.94  
 287 F	 4.12  
 288 V	 3.00  
 289 K	 55.43  
 290 S	 17.67  
 291 F	 10.11  
 292 N	 50.77  
 293 L	 2.19  
 294 P	 18.24  
 295 M	 3.76  
 296 L	 2.12  
 297 M	 2.38  
 298 L	 5.19  
 299 G	 20.80  
 300 G	 23.53  
 301 G	 24.92  
 302 G	 21.49  
 303 Y	 11.41  
 304 T	 19.41  
 305 I	 1.96  
 306 R	 24.62  
 307 N	 28.13  
 308 V	 2.26  
 309 A	 12.40  
 310 R	 16.54  
 311 C	 1.99  
 312 W	 9.10  
 313 T	 18.33  
 314 Y	 6.18  
 315 E	 23.94  
 316 T	 18.93  
 317 A	 3.45  
 318 V	 7.69  
 319 A	 9.39  
 320 L	 7.23  
 321 D	 32.34  
 322 T	 36.34  
 323 E	 57.00  
 324 I	 4.88  
 325 P	 23.24  
 326 N	 69.93  
 327 E	 45.85  
 328 L	 7.48  
 329 P	 21.50  
 330 Y	 33.03  
 331 N	 35.25  
 332 D	 43.59  
 333 Y	 8.48  
 334 F	 7.37  
 335 E	 33.45  
 336 Y	 12.16  
 337 F	 10.10  
 338 G	 21.70  
 339 P	 33.69  
 340 D	 54.41  
 341 F	 11.60  
 342 K	 46.68  
 343 L	 4.35  
 344 H	 21.04  
 345 I	 10.57  
 346 S	 16.13  
 347 P	 29.17  
 348 S	 32.23  
 349 N	 44.69  
 350 M	 4.34  
 351 T	 37.59  
 352 N	 23.49  
 353 Q	 49.29  
 354 N	 47.11  
 355 T	 21.47  
 356 N	 43.39  
 357 E	 49.83  
 358 Y	 23.41  
 359 L	 4.39  
 360 E	 52.40  
 361 K	 53.24  
 362 I	 3.16  
 363 K	 40.20  
 364 Q	 51.27  
 365 R	 36.02  
 366 L	 6.14  
 367 F	 6.78  
 368 E	 61.01  
 369 N	 26.13  
 370 L	 2.40  
 371 R	 35.85  
 372 M	 8.43  
 373 L	 1.96  
 374 P	 16.55  
 375 H	 40.36  
 376 A	 10.70  
 377 P	 40.22  
 378 G	 24.07  
 379 V	 4.11  
 380 Q	 24.96  
 381 M	 2.43  
 382 Q	 21.03  
 383 A	 17.60  
 384 I	 1.85  
 385 P	 36.11  
 386 E	 54.70  
 387 D	 44.43  
 388 A	 19.99  
 389 I	 7.35  
 390 P	 40.81  
 391 E	 59.69  
 392 E	 55.45  
 393 S	 50.29  
 394 G	 45.68  
 395 D	 70.25  
 396 E	 67.82  
 397 D	 70.17  
 398 E	 63.37  
 399 D	 82.27  
 400 D	 51.77  
 401 P	 62.43  
 402 D	 60.92  
 403 K	 57.95  
 404 R	 34.95  
 405 I	 3.92  
 406 S	 22.90  
 407 I	 2.16  
 408 C	 2.25  
 409 S	 39.64  
 410 S	 42.62  
 411 D	 28.14  
 412 K	 47.88  
 413 R	 27.08  
 414 I	 6.74  
 415 A	 9.94  
 416 C	 6.68  
 417 E	 52.09  
 418 E	 65.31  
 419 E	 28.32  
 420 F	 12.75  
 421 S	 43.43  
 422 D	 66.44  
 423 S	 45.79  
 424 E	 66.12  
 425 E	 75.22  
 426 E	 59.50  
 427 G	 41.97  
 428 E	 62.85  
 429 G	 52.65  
 430 G	 32.84  
 431 R	 45.93  
 432 K	 65.54  
 433 N	 49.67  
 434 S	 29.69  
 435 S	 56.53  
 436 N	 53.21  
 437 F	 10.43  
 438 K	 56.95  
 439 K	 55.81  
 440 A	 12.89  
 441 K	 67.61  
 442 R	 39.77  
 443 V	 9.91  
 444 K	 50.67  
 445 T	 45.90  
 446 E	 59.46  
 447 D	 76.99  
 448 E	 57.81  
 449 K	 80.52  
 450 E	 61.72  
 451 K	 84.99  
 452 D	 57.86  
 453 P	 63.82  
 454 E	 86.54  
 455 E	 74.86  
 456 K	 53.20  
 457 K	 61.77  
 458 E	 66.78  
 459 V	 12.86  
 460 T	 38.48  
 461 E	 70.14  
 462 E	 56.26  
 463 E	 60.85  
 464 K	 69.08  
 465 T	 47.14  
 466 K	 74.97  
 467 E	 76.20  
 468 E	 75.39  
 469 K	 49.61  
 470 P	 50.48  
 471 E	 74.26  
 472 A	 23.56  
 473 K	 63.68  
 474 G	 42.66  
 475 V	 7.51  
 476 K	 57.75  
 477 E	 66.66  
 478 E	 38.95  
 479 V	 6.89  
 480 K	 41.81  
 481 L	 9.15  
 482 A	 16.20  
