 1 M	 10.63  
 2 A	 20.59  
 3 K	 46.98  
 4 D	 36.01  
 5 A	 17.62  
 6 G	 37.00  
 7 L	 3.24  
 8 I	 4.61  
 9 E	 40.92  
 10 A	 23.49  
 11 N	 31.51  
 12 G	 48.97  
 13 E	 45.27  
 14 L	 6.42  
 15 K	 30.69  
 16 V	 8.76  
 17 F	 4.94  
 18 I	 6.28  
 19 D	 21.61  
 20 Q	 48.20  
 21 N	 38.44  
 22 L	 5.63  
 23 S	 38.87  
 24 P	 52.24  
 25 G	 35.65  
 26 K	 52.49  
 27 G	 30.86  
 28 V	 2.77  
 29 V	 5.09  
 30 S	 18.08  
 31 L	 1.61  
 32 V	 3.99  
 33 A	 10.13  
 34 V	 5.49  
 35 H	 10.80  
 36 P	 25.70  
 37 S	 30.06  
 38 T	 28.84  
 39 V	 9.01  
 40 N	 26.60  
 41 P	 37.85  
 42 L	 12.96  
 43 G	 19.54  
 44 K	 45.51  
 45 Q	 46.57  
 46 L	 11.43  
 47 L	 3.66  
 48 P	 42.08  
 49 K	 57.36  
 50 T	 30.93  
 51 F	 11.92  
 52 G	 34.93  
 53 Q	 27.86  
 54 S	 43.03  
 55 N	 23.98  
 56 V	 7.12  
 57 N	 28.29  
 58 I	 2.97  
 59 A	 6.64  
 60 Q	 32.57  
 61 Q	 23.56  
 62 V	 1.94  
 63 V	 2.65  
 64 I	 5.52  
 65 G	 21.52  
 66 T	 12.72  
 67 P	 23.99  
 68 Q	 64.92  
 69 R	 24.83  
 70 P	 27.25  
 71 A	 26.22  
 72 A	 13.14  
 73 S	 32.24  
 74 N	 32.48  
 75 T	 20.59  
 76 L	 3.25  
 77 V	 4.27  
 78 V	 7.65  
 79 G	 28.16  
 80 S	 11.25  
 81 P	 29.46  
 82 H	 52.70  
 83 T	 23.48  
 84 P	 33.91  
 85 S	 35.35  
 86 T	 23.40  
 87 H	 22.18  
 88 F	 7.68  
 89 A	 11.55  
 90 S	 28.81  
 91 Q	 49.50  
 92 N	 53.92  
 93 Q	 31.10  
 94 P	 47.88  
 95 S	 40.12  
 96 D	 60.87  
 97 S	 42.51  
 98 S	 35.06  
 99 P	 32.75  
 100 W	 11.63  
 101 S	 30.44  
 102 A	 24.53  
 103 G	 24.76  
 104 K	 46.33  
 105 R	 47.47  
 106 N	 54.20  
 107 R	 53.00  
 108 K	 74.99  
 109 G	 48.12  
 110 E	 46.51  
 111 K	 78.61  
 112 N	 53.78  
 113 G	 36.15  
 114 K	 65.25  
 115 G	 29.37  
 116 L	 4.36  
 117 R	 37.16  
 118 H	 24.95  
 119 F	 6.53  
 120 S	 16.15  
 121 M	 3.54  
 122 K	 42.40  
 123 V	 3.69  
 124 C	 3.32  
 125 E	 60.28  
 126 K	 38.24  
 127 V	 2.88  
 128 Q	 53.05  
 129 R	 42.21  
 130 K	 43.44  
 131 G	 36.09  
 132 T	 18.66  
 133 T	 37.57  
 134 S	 26.29  
 135 Y	 17.16  
 136 N	 36.71  
 137 E	 30.74  
 138 V	 7.87  
 139 A	 9.81  
 140 D	 55.74  
 141 E	 35.09  
 142 L	 4.56  
 143 V	 4.51  
 144 A	 25.41  
 145 E	 32.43  
 146 F	 4.31  
 147 S	 17.66  
 148 A	 24.93  
 149 A	 19.55  
 150 D	 47.13  
 151 N	 21.26  
 152 H	 24.41  
 153 I	 9.55  
 154 L	 2.64  
 155 P	 41.77  
 156 N	 53.03  
 157 E	 34.50  
 158 S	 38.48  
 159 A	 13.02  
 160 Y	 28.34  
 161 D	 53.33  
 162 Q	 28.19  
 163 K	 51.98  
 164 N	 27.63  
 165 I	 4.70  
 166 R	 29.73  
 167 R	 28.72  
 168 R	 22.84  
 169 V	 4.87  
 170 Y	 8.16  
 171 D	 41.54  
 172 A	 5.37  
 173 L	 4.10  
 174 N	 26.96  
 175 V	 3.93  
 176 L	 1.44  
 177 M	 2.64  
 178 A	 5.45  
 179 M	 2.00  
 180 N	 20.92  
 181 I	 2.12  
 182 I	 4.01  
 183 S	 30.85  
 184 K	 64.24  
 185 E	 63.67  
 186 K	 60.48  
 187 K	 66.80  
 188 E	 61.95  
 189 I	 6.51  
 190 K	 33.57  
 191 W	 8.78  
 192 I	 3.27  
 193 G	 25.21  
 194 L	 3.30  
 195 P	 25.07  
 196 T	 47.01  
 197 N	 33.15  
 198 S	 33.53  
 199 A	 15.97  
 200 Q	 52.39  
 201 E	 37.47  
 202 C	 1.85  
 203 Q	 57.71  
 204 N	 50.23  
 205 L	 3.00  
 206 E	 50.29  
 207 V	 9.17  
 208 E	 33.45  
 209 R	 40.25  
 210 Q	 22.72  
 211 R	 51.91  
 212 R	 32.34  
 213 L	 5.89  
 214 E	 51.02  
 215 R	 46.10  
 216 I	 3.96  
 217 K	 58.63  
 218 Q	 46.80  
 219 K	 47.09  
 220 Q	 33.64  
 221 S	 39.63  
 222 Q	 44.67  
 223 L	 5.31  
 224 Q	 35.49  
 225 E	 46.50  
 226 L	 2.82  
 227 I	 3.00  
 228 L	 4.85  
 229 Q	 26.16  
 230 Q	 26.07  
 231 I	 2.91  
 232 A	 12.67  
 233 F	 6.03  
 234 K	 40.11  
 235 N	 38.70  
 236 L	 3.42  
 237 V	 7.60  
 238 Q	 39.85  
 239 R	 34.37  
 240 N	 24.01  
 241 R	 32.36  
 242 H	 36.85  
 243 A	 17.04  
 244 E	 36.78  
 245 Q	 44.94  
 246 Q	 32.58  
 247 A	 13.75  
 248 S	 40.77  
 249 R	 51.24  
 250 P	 43.16  
 251 P	 56.73  
 252 P	 43.30  
 253 P	 52.05  
 254 N	 55.47  
 255 S	 28.37  
 256 V	 3.98  
 257 I	 2.50  
 258 H	 25.87  
 259 L	 2.26  
 260 P	 12.29  
 261 F	 8.18  
 262 I	 3.03  
 263 I	 1.68  
 264 V	 5.67  
 265 N	 28.38  
 266 T	 30.91  
 267 S	 27.27  
 268 K	 50.88  
 269 K	 48.03  
 270 T	 26.82  
 271 V	 4.82  
 272 I	 5.53  
 273 D	 18.77  
 274 C	 2.40  
 275 S	 25.88  
 276 I	 5.84  
 277 S	 23.76  
 278 N	 55.62  
 279 D	 50.67  
 280 K	 44.33  
 281 F	 9.23  
 282 E	 47.25  
 283 Y	 21.52  
 284 L	 1.92  
 285 F	 9.30  
 286 N	 40.54  
 287 F	 6.33  
 288 D	 55.13  
 289 N	 42.40  
 290 T	 25.21  
 291 F	 11.85  
 292 E	 37.06  
 293 I	 3.64  
 294 H	 21.35  
 295 D	 65.33  
 296 D	 25.45  
 297 I	 4.99  
 298 E	 49.11  
 299 V	 8.57  
 300 L	 1.56  
 301 K	 45.58  
 302 R	 23.79  
 303 M	 4.04  
 304 G	 12.45  
 305 M	 1.72  
 306 A	 4.40  
 307 C	 4.79  
 308 G	 23.96  
 309 L	 4.81  
 310 E	 38.03  
 311 S	 40.84  
 312 G	 24.24  
 313 S	 17.74  
 314 C	 5.22  
 315 S	 36.07  
 316 A	 20.74  
 317 E	 47.81  
 318 D	 51.83  
 319 L	 2.84  
 320 K	 42.72  
 321 M	 4.94  
 322 A	 9.05  
 323 R	 27.33  
 324 S	 24.95  
 325 L	 6.78  
 326 V	 4.88  
 327 P	 22.84  
 328 K	 59.11  
 329 A	 15.87  
 330 L	 9.46  
 331 E	 39.17  
 332 P	 29.73  
 333 Y	 15.61  
 334 V	 5.52  
 335 T	 17.75  
 336 E	 23.60  
 337 M	 2.17  
 338 A	 9.83  
 339 Q	 46.94  
 340 G	 16.90  
 341 T	 12.14  
 342 V	 8.86  
 343 G	 26.78  
 344 G	 13.56  
 345 V	 2.29  
 346 F	 4.67  
 347 I	 2.88  
 348 T	 10.10  
 349 T	 24.97  
 350 A	 10.99  
 351 G	 29.39  
 352 S	 26.63  
 353 T	 25.87  
 354 S	 34.65  
 355 N	 56.81  
 356 G	 20.31  
 357 T	 32.56  
 358 R	 25.56  
 359 F	 7.80  
 360 S	 24.46  
 361 A	 12.35  
 362 S	 31.77  
 363 D	 58.17  
 364 L	 3.57  
 365 T	 36.27  
 366 N	 51.45  
 367 G	 21.58  
 368 A	 16.56  
 369 D	 44.42  
 370 G	 16.69  
 371 M	 2.07  
 372 L	 6.02  
 373 A	 9.13  
 374 T	 28.82  
 375 S	 19.05  
 376 S	 40.64  
 377 N	 54.63  
 378 G	 20.34  
 379 S	 30.14  
 380 Q	 37.50  
 381 Y	 19.39  
 382 S	 23.74  
 383 G	 17.97  
 384 S	 27.49  
 385 R	 33.54  
 386 V	 11.70  
 387 E	 46.41  
 388 T	 26.57  
 389 P	 10.27  
 390 V	 9.35  
 391 S	 18.46  
 392 Y	 16.83  
 393 V	 5.43  
 394 G	 25.12  
 395 E	 52.85  
 396 D	 63.79  
 397 D	 57.81  
 398 E	 75.53  
 399 E	 73.97  
 400 D	 59.75  
 401 D	 66.73  
 402 D	 61.67  
 403 F	 18.59  
 404 N	 54.90  
 405 E	 67.08  
 406 N	 60.10  
 407 D	 55.30  
 408 E	 75.55  
 409 D	 70.55  
 410 D	 59.37  
