 1 M	 6.20  
 2 A	 20.61  
 3 E	 50.00  
 4 L	 2.37  
 5 C	 1.63  
 6 P	 47.43  
 7 L	 10.26  
 8 A	 8.05  
 9 E	 68.13  
 10 E	 40.14  
 11 L	 4.75  
 12 S	 14.75  
 13 C	 5.06  
 14 S	 16.98  
 15 I	 3.49  
 16 C	 1.70  
 17 L	 9.99  
 18 E	 44.26  
 19 P	 32.43  
 20 F	 11.62  
 21 K	 72.35  
 22 E	 45.44  
 23 P	 29.37  
 24 V	 11.04  
 25 T	 35.42  
 26 T	 19.47  
 27 P	 16.84  
 28 C	 8.99  
 29 G	 21.70  
 30 H	 30.80  
 31 N	 21.13  
 32 F	 4.07  
 33 C	 4.81  
 34 G	 19.77  
 35 S	 19.33  
 36 C	 2.61  
 37 L	 7.50  
 38 N	 49.32  
 39 E	 32.55  
 40 T	 20.04  
 41 W	 6.56  
 42 A	 7.38  
 43 V	 5.09  
 44 Q	 38.61  
 45 G	 24.80  
 46 S	 8.03  
 47 P	 32.70  
 48 Y	 23.72  
 49 L	 3.79  
 50 C	 1.48  
 51 P	 33.44  
 52 Q	 28.47  
 53 C	 1.50  
 54 R	 23.11  
 55 A	 16.40  
 56 V	 1.56  
 57 Y	 8.75  
 58 Q	 25.05  
 59 A	 13.87  
 60 R	 12.17  
 61 P	 44.06  
 62 Q	 51.12  
 63 L	 7.42  
 64 H	 18.97  
 65 K	 64.01  
 66 N	 25.36  
 67 T	 21.47  
 68 V	 8.85  
 69 L	 1.33  
 70 C	 2.93  
 71 N	 36.39  
 72 V	 4.97  
 73 V	 2.73  
 74 E	 31.19  
 75 Q	 32.51  
 76 F	 3.27  
 77 L	 4.02  
 78 Q	 33.83  
 79 A	 18.87  
 80 D	 28.09  
 81 L	 5.62  
 82 A	 17.84  
 83 R	 65.34  
 84 E	 50.45  
 85 P	 24.67  
 86 P	 36.02  
 87 A	 34.40  
 88 D	 42.11  
 89 V	 7.14  
 90 W	 12.07  
 91 T	 21.17  
 92 P	 12.58  
 93 P	 27.31  
 94 A	 22.37  
 95 R	 34.54  
 96 A	 16.49  
 97 S	 34.85  
 98 A	 13.96  
 99 P	 48.07  
 100 S	 30.42  
 101 P	 38.83  
 102 N	 47.55  
 103 A	 14.49  
 104 Q	 29.95  
 105 V	 5.49  
 106 A	 4.87  
 107 C	 3.74  
 108 D	 26.29  
 109 H	 20.77  
 110 C	 3.56  
 111 L	 5.15  
 112 K	 51.18  
 113 E	 28.98  
 114 A	 18.90  
 115 A	 12.39  
 116 V	 7.31  
 117 K	 28.88  
 118 T	 12.41  
 119 C	 1.91  
 120 L	 3.93  
 121 V	 1.97  
 122 C	 0.91  
 123 M	 2.46  
 124 A	 8.37  
 125 S	 10.32  
 126 F	 3.46  
 127 C	 4.26  
 128 Q	 38.85  
 129 E	 47.98  
 130 H	 12.13  
 131 L	 9.25  
 132 Q	 31.18  
 133 P	 36.15  
 134 H	 26.62  
 135 F	 14.66  
 136 D	 51.15  
 137 S	 19.72  
 138 P	 38.65  
 139 A	 20.77  
 140 F	 11.29  
 141 Q	 50.65  
 142 D	 38.63  
 143 H	 17.74  
 144 P	 40.77  
 145 L	 12.23  
 146 Q	 44.71  
 147 P	 36.72  
 148 P	 22.33  
 149 V	 10.67  
 150 R	 34.33  
 151 D	 50.73  
 152 L	 2.54  
 153 L	 6.12  
 154 R	 43.22  
 155 R	 44.28  
 156 K	 31.63  
 157 C	 4.49  
 158 S	 37.19  
 159 Q	 47.55  
 160 H	 12.70  
 161 N	 36.72  
 162 R	 32.75  
 163 L	 8.15  
 164 R	 35.12  
 165 E	 47.90  
 166 F	 6.54  
 167 F	 6.10  
 168 C	 4.73  
 169 P	 36.86  
 170 E	 62.32  
 171 H	 17.65  
 172 S	 32.28  
 173 E	 29.79  
 174 C	 4.51  
 175 I	 1.36  
 176 C	 2.40  
 177 H	 8.22  
 178 I	 1.36  
 179 C	 1.23  
 180 L	 5.11  
 181 V	 6.67  
 182 E	 27.07  
 183 H	 24.20  
 184 K	 37.41  
 185 T	 21.81  
 186 C	 5.67  
 187 S	 28.82  
 188 P	 28.19  
 189 A	 13.55  
 190 S	 31.75  
 191 L	 4.83  
 192 S	 22.62  
 193 Q	 44.63  
 194 A	 11.87  
 195 S	 18.06  
 196 A	 28.55  
 197 D	 42.41  
 198 L	 4.89  
 199 E	 39.91  
 200 A	 21.16  
 201 T	 18.23  
 202 L	 7.52  
 203 R	 22.12  
 204 H	 32.37  
 205 K	 39.14  
 206 L	 3.40  
 207 T	 14.18  
 208 V	 4.99  
 209 M	 1.94  
 210 Y	 7.96  
 211 S	 13.39  
 212 Q	 18.71  
 213 I	 4.17  
 214 N	 32.13  
 215 G	 26.93  
 216 A	 7.43  
 217 S	 21.34  
 218 R	 38.34  
 219 A	 16.91  
 220 L	 5.85  
 221 D	 51.91  
 222 D	 41.97  
 223 V	 6.12  
 224 R	 39.34  
 225 N	 46.06  
 226 R	 25.60  
 227 Q	 47.58  
 228 Q	 48.18  
 229 D	 22.96  
 230 V	 3.81  
 231 R	 25.64  
 232 M	 4.11  
 233 T	 15.37  
 234 A	 12.42  
 235 N	 34.83  
 236 R	 41.77  
 237 K	 50.35  
 238 V	 5.24  
 239 E	 48.92  
 240 Q	 47.78  
 241 L	 3.43  
 242 Q	 33.48  
 243 Q	 55.01  
 244 E	 41.27  
 245 Y	 12.03  
 246 T	 28.93  
 247 E	 37.47  
 248 M	 2.07  
 249 K	 29.65  
 250 A	 16.43  
 251 L	 3.57  
 252 L	 6.54  
 253 D	 49.23  
 254 A	 14.83  
 255 S	 34.83  
 256 E	 58.80  
 257 T	 24.45  
 258 T	 24.85  
 259 S	 33.37  
 260 T	 33.61  
 261 R	 38.17  
 262 K	 59.21  
 263 I	 6.47  
 264 K	 63.21  
 265 E	 74.90  
 266 E	 64.91  
 267 E	 47.45  
 268 K	 66.00  
 269 R	 35.81  
 270 V	 16.37  
 271 N	 43.44  
 272 S	 31.66  
 273 K	 41.89  
 274 F	 11.41  
 275 D	 35.61  
 276 T	 25.39  
 277 I	 2.28  
 278 Y	 7.50  
 279 Q	 18.92  
 280 I	 2.46  
 281 L	 3.19  
 282 L	 9.03  
 283 K	 55.50  
 284 K	 62.59  
 285 K	 52.30  
 286 S	 49.14  
 287 E	 48.25  
 288 I	 4.97  
 289 Q	 36.41  
 290 T	 45.52  
 291 L	 3.63  
 292 K	 57.60  
 293 E	 68.28  
 294 E	 50.68  
 295 I	 6.48  
 296 E	 37.08  
 297 Q	 49.77  
 298 S	 25.80  
 299 L	 6.99  
 300 T	 29.31  
 301 K	 64.24  
 302 R	 43.38  
 303 D	 67.50  
 304 E	 51.62  
 305 F	 10.62  
 306 E	 47.47  
 307 F	 15.04  
 308 L	 5.34  
 309 E	 52.47  
 310 K	 61.17  
 311 A	 11.52  
 312 S	 43.20  
 313 K	 47.25  
 314 L	 5.85  
 315 R	 44.10  
 316 G	 28.74  
 317 I	 3.70  
 318 S	 32.95  
 319 T	 37.13  
 320 K	 26.20  
 321 P	 25.00  
 322 V	 7.83  
 323 Y	 21.20  
 324 I	 2.09  
 325 P	 23.15  
 326 E	 38.78  
 327 V	 9.46  
 328 E	 42.04  
 329 L	 11.12  
 330 N	 19.42  
 331 H	 38.63  
 332 K	 51.32  
 333 L	 3.68  
 334 I	 4.59  
 335 K	 63.35  
 336 G	 18.67  
 337 I	 1.96  
 338 H	 24.98  
 339 Q	 40.11  
 340 S	 17.11  
 341 T	 16.37  
 342 I	 7.66  
 343 D	 52.24  
 344 L	 5.92  
 345 K	 44.63  
 346 N	 68.10  
 347 E	 56.61  
 348 L	 6.93  
 349 K	 36.62  
 350 Q	 36.36  
 351 C	 3.22  
 352 I	 3.13  
 353 G	 31.69  
 354 R	 17.18  
 355 L	 3.80  
 356 Q	 42.14  
 357 E	 60.24  
 358 L	 5.71  
 359 T	 22.00  
 360 P	 38.84  
 361 S	 41.54  
 362 S	 48.71  
 363 G	 49.85  
 364 D	 50.40  
 365 P	 54.30  
 366 G	 50.00  
 367 E	 50.97  
 368 H	 52.87  
 369 D	 35.84  
 370 P	 29.98  
 371 A	 32.87  
 372 S	 36.11  
 373 T	 35.11  
 374 H	 21.41  
 375 K	 54.32  
 376 S	 23.26  
 377 T	 43.74  
 378 R	 40.90  
 379 P	 42.22  
 380 V	 9.38  
 381 K	 50.57  
 382 K	 52.56  
 383 V	 9.06  
 384 S	 43.14  
 385 K	 73.25  
 386 E	 68.49  
 387 E	 70.31  
 388 K	 64.54  
 389 K	 71.44  
 390 S	 57.91  
 391 K	 77.50  
 392 K	 70.60  
 393 P	 42.01  
 394 P	 51.94  
 395 P	 53.93  
 396 V	 5.52  
 397 P	 33.58  
 398 A	 32.13  
 399 L	 3.94  
 400 P	 31.37  
 401 S	 47.91  
 402 K	 57.45  
 403 L	 5.92  
 404 P	 29.44  
 405 T	 45.17  
 406 F	 8.09  
 407 G	 42.58  
 408 A	 10.56  
 409 P	 30.19  
 410 E	 56.89  
 411 Q	 45.81  
 412 L	 2.85  
 413 V	 8.94  
 414 D	 57.66  
 415 L	 3.27  
 416 K	 33.37  
 417 Q	 48.21  
 418 A	 23.97  
 419 G	 22.89  
 420 L	 4.54  
 421 E	 35.03  
 422 A	 20.12  
 423 A	 10.50  
 424 A	 14.74  
 425 K	 47.69  
 426 A	 14.16  
 427 T	 30.01  
 428 S	 31.35  
 429 S	 38.31  
 430 H	 25.90  
 431 P	 38.11  
 432 N	 53.12  
 433 S	 24.67  
 434 T	 44.72  
 435 S	 27.91  
 436 L	 6.74  
 437 K	 46.02  
 438 A	 16.69  
 439 K	 45.85  
 440 V	 7.54  
 441 L	 5.17  
 442 E	 40.27  
 443 T	 21.56  
 444 F	 4.57  
 445 L	 8.39  
 446 A	 12.00  
 447 K	 49.50  
 448 S	 47.67  
 449 R	 28.18  
 450 P	 43.61  
 451 E	 65.95  
 452 L	 4.96  
 453 L	 3.66  
 454 E	 49.25  
 455 Y	 15.51  
 456 Y	 5.72  
 457 I	 2.55  
 458 K	 13.70  
 459 V	 3.69  
 460 I	 1.74  
 461 L	 6.82  
 462 D	 24.42  
 463 Y	 15.80  
 464 N	 30.38  
 465 T	 24.06  
 466 A	 10.71  
 467 H	 32.38  
 468 N	 37.72  
 469 K	 21.01  
 470 V	 8.65  
 471 A	 13.64  
 472 L	 5.05  
 473 S	 18.84  
 474 E	 32.18  
 475 C	 2.87  
 476 Y	 10.53  
 477 T	 22.66  
 478 V	 1.19  
 479 A	 7.18  
 480 S	 19.95  
 481 V	 3.64  
 482 A	 12.60  
 483 E	 49.60  
 484 M	 2.74  
 485 P	 15.69  
 486 Q	 59.27  
 487 N	 28.98  
 488 Y	 21.92  
 489 R	 30.51  
 490 P	 32.90  
 491 H	 23.33  
 492 P	 29.71  
 493 Q	 50.51  
 494 R	 30.26  
 495 F	 4.87  
 496 T	 26.30  
 497 Y	 6.33  
 498 C	 1.77  
 499 S	 16.95  
 500 Q	 30.78  
 501 V	 2.35  
 502 L	 4.72  
 503 G	 17.96  
 504 L	 1.89  
 505 H	 15.86  
 506 C	 6.83  
 507 Y	 12.65  
 508 K	 50.33  
 509 K	 36.30  
 510 G	 14.04  
 511 I	 2.86  
 512 H	 30.26  
 513 Y	 11.01  
 514 W	 6.76  
 515 E	 20.96  
 516 V	 5.72  
 517 E	 33.69  
 518 L	 12.11  
 519 Q	 32.69  
 520 K	 67.49  
 521 N	 33.57  
 522 N	 40.39  
 523 F	 5.54  
 524 C	 4.73  
 525 G	 19.29  
 526 V	 5.00  
 527 G	 6.91  
 528 I	 1.20  
 529 C	 2.30  
 530 Y	 15.43  
 531 G	 18.92  
 532 S	 6.09  
 533 M	 4.10  
 534 N	 34.52  
 535 R	 33.90  
 536 Q	 67.78  
 537 G	 25.38  
 538 P	 28.22  
 539 E	 56.14  
 540 S	 35.62  
 541 R	 39.23  
 542 L	 12.00  
 543 G	 26.13  
 544 R	 38.22  
 545 N	 39.88  
 546 S	 23.48  
 547 A	 15.59  
 548 S	 22.34  
 549 W	 7.01  
 550 C	 1.52  
 551 V	 6.24  
 552 E	 43.12  
 553 W	 3.27  
 554 F	 5.42  
 555 N	 41.35  
 556 T	 21.93  
 557 K	 35.45  
 558 I	 2.98  
 559 S	 27.19  
 560 A	 18.28  
 561 W	 6.48  
 562 H	 18.72  
 563 N	 43.47  
 564 N	 30.36  
 565 V	 10.95  
 566 E	 42.31  
 567 K	 51.59  
 568 T	 30.32  
 569 L	 4.70  
 570 P	 45.22  
 571 S	 45.73  
 572 T	 23.82  
 573 K	 52.69  
 574 A	 10.75  
 575 T	 27.69  
 576 R	 28.22  
 577 V	 5.59  
 578 G	 10.89  
 579 V	 5.13  
 580 L	 2.04  
 581 L	 5.80  
 582 N	 25.63  
 583 C	 4.05  
 584 D	 43.82  
 585 H	 33.52  
 586 G	 12.79  
 587 F	 3.23  
 588 V	 4.40  
 589 I	 1.88  
 590 F	 2.43  
 591 F	 3.52  
 592 A	 5.71  
 593 V	 6.30  
 594 A	 13.89  
 595 D	 47.08  
 596 K	 23.09  
 597 V	 4.28  
 598 H	 15.60  
 599 L	 4.49  
 600 M	 1.74  
 601 Y	 17.21  
 602 K	 16.84  
 603 F	 5.19  
 604 R	 23.97  
 605 V	 8.81  
 606 D	 40.26  
 607 F	 6.43  
 608 T	 18.84  
 609 E	 36.35  
 610 A	 14.88  
 611 L	 4.24  
 612 Y	 10.28  
 613 P	 23.10  
 614 A	 9.44  
 615 F	 5.03  
 616 W	 7.73  
 617 V	 1.88  
 618 F	 2.78  
 619 S	 19.04  
 620 A	 10.52  
 621 G	 20.21  
 622 A	 12.70  
 623 T	 21.81  
 624 L	 3.01  
 625 S	 19.73  
 626 I	 2.79  
 627 C	 5.24  
 628 S	 33.77  
 629 P	 41.80  
 630 K	 57.59  
