 1 M	 17.88  
 2 E	 44.43  
 3 P	 32.42  
 4 Q	 27.76  
 5 V	 10.86  
 6 T	 13.84  
 7 L	 5.22  
 8 N	 22.78  
 9 V	 8.18  
 10 T	 28.02  
 11 F	 7.52  
 12 K	 44.28  
 13 N	 47.62  
 14 E	 42.89  
 15 I	 6.09  
 16 Q	 23.19  
 17 S	 26.64  
 18 F	 4.47  
 19 L	 4.34  
 20 V	 6.01  
 21 S	 49.98  
 22 D	 47.23  
 23 P	 29.27  
 24 E	 72.67  
 25 N	 48.47  
 26 T	 23.27  
 27 T	 30.18  
 28 W	 7.01  
 29 A	 13.05  
 30 D	 30.72  
 31 I	 2.55  
 32 E	 31.12  
 33 A	 14.38  
 34 M	 1.62  
 35 V	 7.74  
 36 K	 21.05  
 37 V	 4.73  
 38 S	 13.81  
 39 F	 16.15  
 40 D	 31.35  
 41 L	 6.00  
 42 N	 36.66  
 43 T	 22.89  
 44 I	 3.76  
 45 Q	 24.88  
 46 I	 2.54  
 47 K	 24.32  
 48 Y	 22.48  
 49 L	 5.92  
 50 D	 59.06  
 51 E	 61.19  
 52 E	 70.39  
 53 N	 48.99  
 54 E	 64.16  
 55 E	 53.82  
 56 V	 5.93  
 57 S	 21.23  
 58 I	 7.50  
 59 N	 22.30  
 60 S	 37.58  
 61 Q	 44.22  
 62 G	 39.00  
 63 E	 41.98  
 64 Y	 26.37  
 65 E	 32.27  
 66 E	 59.40  
 67 A	 10.67  
 68 L	 4.39  
 69 K	 31.68  
 70 M	 5.57  
 71 A	 12.08  
 72 V	 4.21  
 73 K	 42.84  
 74 Q	 49.85  
 75 G	 20.38  
 76 N	 36.57  
 77 Q	 39.64  
 78 L	 5.48  
 79 Q	 15.53  
 80 M	 6.46  
 81 Q	 22.06  
 82 V	 3.59  
 83 H	 20.59  
 84 E	 62.46  
 85 G	 11.00  
 86 H	 13.95  
 87 H	 31.95  
 88 V	 4.88  
 89 V	 4.84  
 90 D	 45.30  
 91 E	 52.01  
 92 A	 19.89  
 93 P	 31.51  
 94 P	 41.17  
 95 P	 32.16  
 96 V	 8.38  
 97 V	 8.33  
 98 G	 26.14  
 99 A	 5.12  
 100 K	 41.85  
 101 R	 29.08  
 102 L	 4.27  
 103 A	 10.03  
 104 A	 13.37  
 105 R	 37.96  
 106 A	 29.45  
 107 G	 32.73  
 108 K	 50.67  
 109 K	 44.33  
 110 P	 37.96  
 111 L	 6.69  
 112 A	 14.22  
 113 H	 30.59  
 114 Y	 8.37  
 115 S	 13.82  
 116 S	 24.58  
 117 L	 2.04  
 118 V	 4.26  
 119 R	 24.20  
 120 V	 5.75  
 121 L	 3.68  
 122 G	 20.81  
 123 S	 30.30  
 124 D	 40.58  
 125 M	 5.80  
 126 K	 66.95  
 127 T	 25.85  
 128 P	 38.17  
 129 E	 80.16  
 130 D	 37.35  
 131 P	 32.44  
 132 A	 25.05  
 133 V	 6.27  
 134 Q	 41.27  
 135 S	 23.41  
 136 F	 2.79  
 137 P	 37.38  
 138 L	 6.73  
 139 V	 4.52  
 140 P	 20.25  
 141 C	 7.39  
 142 D	 47.44  
 143 T	 43.16  
 144 D	 44.93  
 145 Q	 39.38  
 146 P	 47.34  
 147 Q	 66.77  
 148 D	 72.60  
 149 K	 53.88  
 150 P	 40.13  
 151 P	 58.15  
 152 D	 62.74  
 153 W	 12.28  
 154 F	 4.19  
 155 T	 16.53  
 156 S	 20.46  
 157 Y	 12.90  
 158 L	 5.11  
 159 E	 37.35  
 160 T	 25.95  
 161 F	 6.21  
 162 R	 40.64  
 163 E	 43.46  
 164 Q	 39.95  
 165 V	 4.23  
 166 V	 5.53  
 167 N	 40.12  
 168 E	 42.49  
 169 T	 28.85  
 170 V	 5.08  
 171 E	 60.38  
 172 K	 53.65  
 173 L	 5.51  
 174 E	 57.65  
 175 Q	 65.14  
 176 K	 42.30  
 177 L	 6.70  
 178 H	 36.86  
 179 E	 59.53  
 180 K	 32.90  
 181 L	 4.18  
 182 V	 8.39  
 183 L	 6.20  
 184 Q	 52.92  
 185 N	 24.78  
 186 P	 20.26  
 187 S	 53.57  
 188 L	 6.54  
 189 G	 31.38  
 190 S	 28.31  
 191 C	 4.00  
 192 P	 34.91  
 193 S	 55.76  
 194 E	 24.61  
 195 V	 7.53  
 196 S	 18.26  
 197 M	 5.18  
 198 P	 25.85  
 199 T	 39.88  
 200 S	 27.80  
 201 E	 58.44  
 202 E	 51.05  
 203 T	 20.82  
 204 L	 4.73  
 205 F	 16.26  
 206 L	 6.14  
 207 P	 31.03  
 208 E	 66.85  
 209 N	 46.38  
 210 Q	 31.89  
 211 F	 14.94  
 212 S	 14.16  
 213 W	 6.54  
 214 H	 9.14  
 215 I	 3.67  
 216 A	 4.15  
 217 C	 3.58  
 218 N	 43.20  
 219 N	 24.15  
 220 C	 1.75  
 221 Q	 39.55  
 222 R	 32.28  
 223 R	 11.32  
 224 I	 3.26  
 225 V	 5.71  
 226 G	 8.87  
 227 V	 3.40  
 228 R	 15.18  
 229 Y	 16.09  
 230 Q	 10.35  
 231 C	 2.19  
 232 S	 19.92  
 233 L	 7.00  
 234 C	 0.90  
 235 P	 45.18  
 236 S	 29.80  
 237 Y	 8.16  
 238 N	 36.45  
 239 I	 1.75  
 240 C	 3.00  
 241 E	 63.00  
 242 D	 31.01  
 243 C	 1.48  
 244 E	 69.82  
 245 A	 30.50  
 246 G	 8.15  
 247 P	 38.69  
 248 Y	 26.61  
 249 G	 18.48  
 250 H	 32.64  
 251 D	 44.86  
 252 T	 22.88  
 253 N	 29.36  
 254 H	 17.44  
 255 V	 7.90  
 256 L	 2.44  
 257 L	 4.83  
 258 K	 35.47  
 259 L	 5.91  
 260 R	 38.99  
 261 R	 38.51  
 262 P	 20.79  
 263 V	 7.85  
 264 V	 7.34  
 265 G	 26.20  
 266 S	 21.66  
 267 S	 43.28  
 268 E	 44.06  
 269 P	 38.83  
 270 F	 5.27  
 271 C	 5.32  
 272 H	 27.92  
 273 S	 34.17  
 274 K	 21.39  
 275 Y	 22.31  
 276 S	 35.35  
 277 T	 14.88  
 278 P	 29.85  
 279 R	 54.08  
 280 L	 3.40  
 281 P	 19.43  
 282 A	 29.30  
 283 A	 15.08  
 284 L	 5.27  
 285 E	 42.16  
 286 Q	 26.87  
 287 V	 4.88  
 288 R	 30.97  
 289 L	 8.62  
 290 Q	 24.46  
 291 K	 57.81  
 292 Q	 35.36  
 293 V	 17.01  
 294 D	 37.37  
 295 K	 51.23  
 296 N	 42.91  
 297 F	 10.23  
 298 L	 7.80  
 299 K	 50.81  
 300 A	 31.22  
 301 E	 48.40  
 302 K	 45.65  
 303 Q	 40.94  
 304 R	 36.89  
 305 L	 5.88  
 306 R	 42.78  
 307 A	 37.24  
 308 E	 55.11  
 309 K	 53.90  
 310 K	 47.01  
 311 Q	 64.27  
 312 R	 49.37  
 313 K	 46.54  
 314 A	 29.07  
 315 E	 58.10  
 316 V	 7.54  
 317 K	 49.16  
 318 E	 71.63  
 319 L	 7.52  
 320 K	 39.29  
 321 K	 73.77  
 322 Q	 42.09  
 323 L	 9.77  
 324 K	 39.49  
 325 L	 6.85  
 326 H	 27.66  
 327 R	 50.49  
 328 K	 24.59  
 329 I	 3.04  
 330 H	 28.03  
 331 L	 5.43  
 332 W	 5.16  
 333 N	 37.13  
 334 S	 12.36  
 335 I	 2.42  
 336 H	 30.63  
 337 G	 24.60  
 338 L	 2.56  
 339 Q	 63.38  
 340 S	 39.06  
 341 P	 28.34  
 342 K	 70.70  
 343 S	 28.83  
 344 P	 44.98  
 345 L	 13.51  
 346 G	 46.62  
 347 R	 39.22  
 348 P	 33.46  
 349 E	 53.29  
 350 S	 36.74  
 351 L	 4.87  
 352 L	 7.95  
 353 Q	 39.67  
 354 S	 31.58  
 355 N	 25.03  
 356 T	 20.84  
 357 L	 3.77  
 358 M	 3.22  
 359 L	 4.27  
 360 P	 18.25  
 361 L	 8.59  
 362 Q	 29.14  
 363 P	 30.91  
 364 C	 2.60  
 365 T	 30.92  
 366 S	 24.12  
 367 V	 2.41  
 368 M	 1.29  
 369 P	 20.57  
 370 M	 2.20  
 371 L	 2.31  
 372 S	 15.99  
 373 A	 10.85  
 374 A	 11.13  
 375 F	 7.71  
 376 V	 8.49  
 377 D	 32.39  
 378 E	 56.20  
 379 N	 53.03  
 380 L	 3.73  
 381 P	 49.95  
 382 D	 77.21  
 383 G	 17.07  
 384 T	 27.13  
 385 H	 28.17  
 386 L	 7.07  
 387 Q	 27.11  
 388 P	 59.80  
 389 G	 28.69  
 390 T	 29.48  
 391 K	 51.51  
 392 F	 10.12  
 393 I	 3.23  
 394 K	 40.00  
 395 H	 16.74  
 396 W	 9.32  
 397 R	 26.39  
 398 M	 3.11  
 399 K	 42.66  
 400 N	 43.82  
 401 T	 25.31  
 402 G	 46.45  
 403 N	 30.11  
 404 V	 7.71  
 405 K	 39.16  
 406 W	 8.41  
 407 S	 15.56  
 408 A	 27.64  
 409 D	 38.57  
 410 T	 37.68  
 411 K	 50.67  
 412 L	 5.85  
 413 K	 34.43  
 414 F	 7.83  
 415 M	 4.24  
 416 W	 8.82  
 417 G	 13.89  
 418 N	 17.84  
 419 L	 3.51  
 420 T	 25.03  
 421 L	 3.90  
 422 A	 14.79  
 423 S	 39.96  
 424 T	 46.33  
 425 E	 56.46  
 426 K	 55.13  
 427 K	 47.00  
 428 D	 50.48  
 429 V	 8.79  
 430 L	 5.23  
 431 V	 2.94  
 432 P	 17.35  
 433 C	 4.79  
 434 L	 3.31  
 435 K	 60.07  
 436 A	 10.61  
 437 G	 17.90  
 438 H	 20.30  
 439 V	 6.43  
 440 G	 14.40  
 441 V	 2.56  
 442 V	 4.34  
 443 S	 17.33  
 444 V	 4.74  
 445 E	 24.67  
 446 F	 5.60  
 447 I	 2.58  
 448 A	 6.66  
 449 P	 32.34  
 450 A	 14.82  
 451 L	 6.41  
 452 E	 52.15  
 453 G	 25.52  
 454 T	 17.79  
 455 Y	 19.66  
 456 T	 17.60  
 457 S	 15.61  
 458 H	 13.08  
 459 W	 11.59  
 460 R	 22.38  
 461 L	 5.47  
 462 S	 17.99  
 463 H	 42.74  
 464 K	 55.85  
 465 G	 22.54  
 466 Q	 39.99  
 467 Q	 54.66  
 468 F	 12.82  
 469 G	 12.55  
 470 P	 29.01  
 471 R	 34.64  
 472 V	 7.32  
 473 W	 3.28  
 474 C	 1.59  
 475 S	 10.31  
 476 I	 3.01  
 477 I	 1.33  
 478 V	 7.93  
 479 D	 28.81  
 480 P	 31.96  
 481 F	 10.08  
 482 P	 46.34  
 483 S	 55.14  
 484 E	 63.83  
 485 E	 72.42  
 486 S	 33.24  
 487 P	 41.78  
 488 D	 77.38  
 489 N	 47.94  
 490 I	 8.25  
 491 E	 50.22  
 492 K	 50.40  
 493 G	 13.08  
 494 M	 3.88  
 495 I	 5.01  
 496 S	 21.48  
 497 S	 25.57  
 498 S	 32.55  
 499 K	 58.90  
 500 T	 36.37  
 501 D	 53.29  
 502 D	 49.46  
 503 L	 6.01  
 504 T	 18.44  
 505 C	 5.23  
 506 Q	 48.78  
 507 Q	 53.27  
 508 E	 32.88  
 509 E	 40.29  
 510 T	 20.87  
 511 F	 6.27  
 512 L	 6.24  
 513 L	 5.82  
 514 A	 21.25  
 515 K	 61.14  
 516 E	 53.45  
 517 E	 45.05  
 518 R	 37.81  
 519 Q	 58.04  
 520 L	 8.71  
 521 G	 20.99  
 522 E	 55.66  
 523 V	 7.29  
 524 T	 20.34  
 525 E	 61.76  
 526 Q	 35.17  
 527 T	 30.10  
 528 E	 55.00  
 529 G	 24.84  
 530 T	 12.59  
 531 A	 15.93  
 532 A	 7.51  
 533 C	 4.29  
 534 I	 3.29  
 535 P	 29.51  
 536 Q	 38.13  
 537 K	 56.84  
 538 A	 11.92  
 539 K	 60.02  
 540 N	 39.17  
 541 V	 6.46  
 542 A	 18.31  
 543 S	 32.67  
 544 E	 40.20  
 545 R	 36.40  
 546 E	 41.70  
 547 L	 6.18  
 548 Y	 13.16  
 549 I	 2.99  
 550 P	 18.10  
 551 S	 20.78  
 552 V	 5.15  
 553 D	 40.05  
 554 L	 4.25  
 555 L	 3.01  
 556 T	 29.57  
 557 A	 10.81  
 558 Q	 36.33  
 559 D	 47.30  
 560 L	 2.61  
 561 L	 8.09  
 562 S	 24.79  
 563 F	 8.49  
 564 E	 45.08  
 565 L	 4.99  
 566 L	 4.97  
 567 D	 44.50  
 568 I	 3.70  
 569 N	 28.22  
 570 I	 3.28  
 571 V	 2.90  
 572 Q	 45.84  
 573 E	 41.52  
 574 L	 2.59  
 575 E	 51.37  
 576 R	 60.95  
 577 V	 4.06  
 578 P	 22.64  
 579 H	 48.19  
 580 N	 39.75  
 581 T	 22.96  
 582 P	 26.15  
 583 V	 9.70  
 584 D	 39.51  
 585 V	 7.01  
 586 T	 13.30  
 587 P	 16.21  
 588 C	 2.85  
 589 M	 4.94  
 590 S	 29.96  
 591 P	 24.03  
 592 L	 4.63  
 593 P	 32.40  
 594 H	 56.73  
 595 D	 50.43  
 596 S	 20.69  
 597 P	 43.33  
 598 L	 10.26  
 599 I	 7.89  
 600 E	 61.96  
 601 K	 37.07  
 602 P	 30.37  
 603 G	 54.21  
 604 L	 6.56  
 605 G	 32.13  
 606 Q	 44.99  
 607 I	 7.35  
 608 E	 51.90  
 609 E	 68.69  
 610 E	 48.03  
 611 N	 57.17  
 612 E	 54.42  
 613 G	 42.45  
 614 A	 17.67  
 615 G	 35.13  
 616 F	 4.08  
 617 K	 48.36  
 618 A	 23.28  
 619 L	 5.09  
 620 P	 36.17  
 621 D	 50.65  
 622 S	 21.10  
 623 M	 3.21  
 624 V	 7.43  
 625 S	 17.18  
 626 V	 4.77  
 627 K	 40.45  
 628 R	 41.06  
 629 K	 55.10  
 630 A	 21.07  
 631 E	 52.81  
 632 N	 39.73  
 633 I	 1.97  
 634 A	 21.07  
 635 S	 26.68  
 636 V	 5.95  
 637 E	 49.33  
 638 E	 60.26  
 639 A	 16.39  
 640 E	 56.15  
 641 E	 71.89  
 642 D	 37.33  
 643 L	 6.02  
 644 S	 52.71  
 645 G	 30.73  
 646 T	 18.56  
 647 Q	 32.09  
 648 F	 7.34  
 649 V	 1.75  
 650 C	 3.71  
 651 E	 40.59  
 652 T	 18.99  
 653 V	 1.27  
 654 I	 3.02  
 655 R	 22.68  
 656 S	 18.00  
 657 L	 3.86  
 658 T	 24.68  
 659 L	 5.24  
 660 D	 35.13  
 661 A	 24.81  
 662 A	 15.10  
 663 P	 45.15  
 664 D	 49.85  
 665 H	 47.87  
 666 N	 49.98  
 667 P	 26.42  
 668 P	 31.10  
 669 C	 8.31  
 670 R	 53.38  
 671 Q	 46.54  
 672 K	 33.51  
 673 S	 18.59  
 674 L	 5.34  
 675 Q	 35.64  
 676 M	 3.95  
 677 T	 7.87  
 678 F	 5.73  
 679 A	 17.03  
 680 L	 3.29  
 681 P	 40.86  
 682 E	 74.43  
 683 G	 22.31  
 684 P	 35.12  
 685 L	 19.80  
 686 G	 43.30  
 687 N	 65.92  
 688 E	 61.11  
 689 K	 65.72  
 690 E	 48.53  
 691 E	 59.31  
 692 I	 2.66  
 693 I	 1.86  
 694 H	 20.90  
 695 I	 3.48  
 696 A	 12.18  
 697 E	 56.62  
 698 E	 42.08  
 699 E	 37.76  
 700 A	 14.83  
 701 V	 5.85  
 702 M	 7.46  
 703 E	 56.51  
 704 E	 48.90  
 705 E	 58.40  
 706 E	 74.19  
 707 D	 68.79  
 708 E	 71.30  
 709 E	 80.96  
 710 D	 67.56  
 711 E	 71.26  
 712 E	 78.12  
 713 E	 69.56  
 714 E	 61.13  
 715 D	 70.57  
 716 E	 62.08  
 717 L	 15.21  
 718 K	 50.20  
 719 D	 74.13  
 720 E	 40.65  
 721 V	 10.73  
 722 Q	 33.43  
 723 S	 36.89  
 724 Q	 25.06  
 725 S	 32.87  
 726 S	 25.24  
 727 A	 23.48  
 728 S	 35.89  
 729 S	 33.92  
 730 E	 52.95  
 731 D	 41.71  
 732 Y	 7.03  
 733 I	 2.15  
 734 I	 1.84  
 735 I	 3.68  
 736 L	 1.74  
 737 P	 26.38  
 738 E	 44.35  
 739 C	 3.36  
 740 F	 12.53  
 741 D	 56.27  
 742 T	 13.34  
 743 S	 33.47  
 744 R	 32.33  
 745 P	 40.23  
 746 L	 13.31  
 747 G	 27.85  
 748 D	 37.60  
 749 S	 20.16  
 750 M	 4.47  
 751 Y	 11.92  
 752 S	 10.65  
 753 S	 18.75  
 754 A	 12.80  
 755 L	 5.44  
 756 S	 33.76  
 757 Q	 36.61  
 758 P	 46.06  
 759 G	 32.31  
 760 L	 5.30  
 761 E	 55.79  
 762 R	 55.45  
 763 G	 20.71  
 764 A	 28.70  
 765 E	 71.25  
 766 G	 40.71  
 767 K	 30.06  
 768 P	 64.02  
 769 G	 33.12  
 770 V	 6.55  
 771 E	 53.66  
 772 A	 23.67  
 773 G	 20.91  
 774 Q	 61.62  
 775 E	 45.63  
 776 P	 27.75  
 777 A	 20.65  
 778 E	 68.84  
 779 A	 27.53  
 780 G	 16.44  
 781 E	 59.08  
 782 R	 45.31  
 783 L	 3.93  
 784 P	 55.77  
 785 G	 61.72  
 786 G	 28.83  
 787 E	 59.62  
 788 N	 63.21  
 789 Q	 36.43  
 790 P	 53.78  
 791 Q	 51.80  
 792 E	 46.41  
 793 H	 25.78  
 794 S	 24.04  
 795 I	 4.65  
 796 S	 22.93  
 797 D	 37.94  
 798 I	 2.69  
 799 L	 5.26  
 800 T	 25.41  
 801 T	 18.52  
 802 S	 18.88  
 803 Q	 48.27  
 804 T	 26.74  
 805 L	 3.94  
 806 E	 51.66  
 807 T	 30.45  
 808 V	 2.37  
 809 P	 31.80  
 810 L	 9.91  
 811 I	 1.93  
 812 P	 35.69  
 813 E	 52.80  
 814 V	 3.21  
 815 V	 6.28  
 816 E	 61.81  
 817 L	 5.23  
 818 P	 11.70  
 819 P	 62.21  
 820 S	 49.41  
 821 L	 5.15  
 822 P	 38.14  
 823 R	 55.87  
 824 S	 36.37  
 825 S	 24.49  
 826 P	 25.95  
 827 C	 5.00  
 828 V	 5.67  
 829 H	 17.59  
 830 H	 13.45  
 831 H	 24.45  
 832 G	 31.04  
 833 S	 17.71  
 834 P	 51.96  
 835 G	 27.54  
 836 V	 8.52  
 837 D	 51.69  
 838 L	 3.23  
 839 P	 19.42  
 840 V	 11.15  
 841 T	 28.95  
 842 I	 2.52  
 843 P	 26.94  
 844 E	 51.70  
 845 V	 4.30  
 846 S	 24.77  
 847 S	 42.73  
 848 V	 4.76  
 849 P	 29.72  
 850 D	 55.15  
 851 Q	 22.62  
 852 I	 8.78  
 853 R	 37.48  
 854 G	 51.38  
 855 E	 23.21  
 856 P	 49.08  
 857 R	 54.01  
 858 G	 36.56  
 859 S	 23.63  
 860 S	 38.68  
 861 G	 35.03  
 862 L	 3.39  
 863 V	 7.53  
 864 N	 36.20  
 865 S	 28.71  
 866 R	 42.62  
 867 Q	 38.58  
 868 K	 50.28  
 869 S	 27.70  
 870 Y	 25.39  
 871 D	 40.14  
 872 H	 20.64  
 873 S	 30.34  
 874 R	 29.73  
 875 H	 21.95  
 876 H	 26.37  
 877 H	 31.53  
 878 G	 20.80  
 879 S	 17.76  
 880 S	 22.50  
 881 I	 4.41  
 882 A	 14.14  
 883 G	 28.44  
 884 G	 20.48  
 885 L	 3.35  
 886 V	 6.42  
 887 K	 43.43  
 888 G	 25.03  
 889 A	 7.31  
 890 L	 6.04  
 891 S	 14.80  
 892 V	 5.54  
 893 A	 7.72  
 894 A	 7.79  
 895 S	 23.53  
 896 A	 12.72  
 897 Y	 8.36  
 898 K	 38.03  
 899 A	 8.67  
 900 L	 2.36  
 901 F	 9.86  
 902 A	 30.36  
 903 G	 21.51  
 904 P	 19.43  
 905 P	 34.86  
 906 V	 8.57  
 907 T	 25.91  
 908 A	 17.24  
 909 Q	 21.99  
 910 P	 24.34  
 911 I	 3.44  
 912 I	 4.73  
 913 S	 35.52  
 914 E	 43.67  
 915 D	 44.32  
 916 Q	 29.05  
 917 T	 26.64  
 918 A	 7.93  
 919 A	 10.97  
 920 L	 2.27  
 921 M	 1.42  
 922 A	 13.08  
 923 R	 26.41  
 924 L	 2.86  
 925 F	 5.18  
 926 E	 42.88  
 927 M	 3.80  
 928 G	 16.91  
 929 F	 3.65  
 930 C	 3.32  
 931 D	 38.82  
 932 R	 44.03  
 933 Q	 22.81  
 934 L	 7.30  
 935 N	 18.12  
 936 L	 5.77  
 937 R	 36.58  
 938 L	 10.42  
 939 L	 5.85  
 940 K	 57.49  
 941 K	 36.73  
 942 H	 40.18  
 943 N	 40.19  
 944 Y	 11.87  
 945 N	 33.54  
 946 I	 1.69  
 947 L	 2.55  
 948 Q	 24.68  
 949 V	 5.29  
 950 V	 1.91  
 951 T	 23.27  
 952 E	 35.55  
 953 L	 2.42  
 954 L	 4.42  
 955 Q	 55.56  
 956 L	 8.16  
 957 N	 32.09  
 958 N	 57.33  
 959 N	 39.87  
 960 D	 48.06  
 961 W	 9.22  
 962 Y	 9.59  
 963 S	 12.15  
 964 Q	 32.75  
 965 R	 32.94  
 966 Y	 18.44  
