 1 M	 6.17  
 2 P	 37.56  
 3 L	 6.99  
 4 F	 3.61  
 5 F	 5.71  
 6 S	 15.63  
 7 A	 10.35  
 8 L	 3.09  
 9 L	 2.26  
 10 V	 3.53  
 11 L	 2.86  
 12 L	 2.56  
 13 L	 1.53  
 14 V	 5.20  
 15 A	 8.86  
 16 L	 2.10  
 17 S	 17.12  
 18 A	 11.81  
 19 L	 3.06  
 20 F	 7.31  
 21 L	 4.78  
 22 G	 16.04  
 23 R	 26.21  
 24 W	 7.54  
 25 L	 2.16  
 26 V	 1.54  
 27 V	 3.78  
 28 R	 15.89  
 29 L	 4.85  
 30 A	 9.14  
 31 T	 29.66  
 32 K	 40.12  
 33 W	 4.51  
 34 C	 2.75  
 35 Q	 44.41  
 36 R	 38.22  
 37 K	 21.05  
 38 L	 6.76  
 39 Q	 35.51  
 40 A	 34.23  
 41 E	 37.32  
 42 L	 5.70  
 43 K	 36.20  
 44 I	 9.75  
 45 G	 21.10  
 46 S	 19.40  
 47 F	 7.14  
 48 R	 27.78  
 49 F	 5.84  
 50 F	 4.97  
 51 W	 6.64  
 52 I	 1.48  
 53 Q	 34.56  
 54 N	 19.06  
 55 V	 3.98  
 56 S	 33.13  
 57 L	 5.84  
 58 K	 33.35  
 59 F	 11.66  
 60 Q	 37.95  
 61 Q	 39.22  
 62 H	 15.78  
 63 Q	 35.98  
 64 Q	 45.44  
 65 T	 17.34  
 66 V	 5.43  
 67 E	 48.27  
 68 I	 3.55  
 69 D	 30.57  
 70 N	 42.83  
 71 L	 3.69  
 72 W	 8.48  
 73 I	 3.62  
 74 S	 15.16  
 75 S	 20.42  
 76 K	 46.81  
 77 L	 6.83  
 78 L	 4.99  
 79 S	 25.95  
 80 H	 40.36  
 81 D	 59.53  
 82 L	 2.05  
 83 P	 23.87  
 84 H	 36.68  
 85 Y	 5.86  
 86 V	 2.74  
 87 A	 7.46  
 88 L	 1.45  
 89 C	 2.72  
 90 F	 10.99  
 91 G	 31.34  
 92 E	 14.36  
 93 V	 6.71  
 94 R	 14.36  
 95 I	 7.21  
 96 R	 16.18  
 97 T	 38.40  
 98 D	 36.93  
 99 L	 5.40  
 100 Q	 47.09  
 101 K	 51.51  
 102 V	 3.29  
 103 S	 39.61  
 104 D	 47.86  
 105 L	 3.51  
 106 S	 38.60  
 107 A	 19.22  
 108 P	 26.50  
 109 F	 11.82  
 110 S	 23.36  
 111 Q	 37.37  
 112 S	 26.28  
 113 A	 17.87  
 114 G	 28.87  
 115 V	 7.63  
 116 D	 53.57  
 117 Q	 38.42  
 118 K	 57.04  
 119 E	 43.97  
 120 L	 8.91  
 121 S	 25.44  
 122 F	 22.74  
 123 S	 15.37  
 124 P	 27.30  
 125 S	 45.17  
 126 L	 6.83  
 127 L	 4.73  
 128 K	 38.74  
 129 I	 4.16  
 130 F	 1.76  
 131 C	 3.80  
 132 Q	 34.49  
 133 L	 3.70  
 134 F	 2.38  
 135 S	 22.00  
 136 I	 2.62  
 137 H	 15.37  
 138 V	 5.18  
 139 D	 27.80  
 140 A	 8.81  
 141 I	 2.88  
 142 N	 20.30  
 143 I	 1.33  
 144 M	 2.20  
 145 V	 4.08  
 146 L	 2.18  
 147 K	 27.01  
 148 V	 9.44  
 149 D	 42.82  
 150 T	 37.06  
 151 S	 22.26  
 152 E	 52.52  
 153 S	 36.20  
 154 L	 3.19  
 155 W	 8.87  
 156 H	 13.84  
 157 I	 2.35  
 158 Q	 18.08  
 159 I	 3.50  
 160 S	 14.08  
 161 R	 33.22  
 162 S	 22.16  
 163 R	 25.73  
 164 F	 9.30  
 165 L	 5.16  
 166 L	 5.64  
 167 D	 46.99  
 168 S	 48.51  
 169 D	 67.32  
 170 G	 22.42  
 171 K	 49.36  
 172 R	 34.51  
 173 L	 6.30  
 174 I	 1.87  
 175 C	 5.10  
 176 E	 28.31  
 177 V	 4.61  
 178 S	 13.03  
 179 L	 4.10  
 180 C	 3.03  
 181 K	 50.65  
 182 I	 7.40  
 183 N	 22.67  
 184 S	 27.84  
 185 K	 47.28  
 186 V	 9.03  
 187 L	 4.14  
 188 K	 56.37  
 189 S	 27.84  
 190 G	 34.21  
 191 Q	 49.09  
 192 L	 7.99  
 193 E	 43.30  
 194 D	 51.84  
 195 T	 9.81  
 196 C	 6.57  
 197 L	 3.49  
 198 V	 8.28  
 199 E	 21.50  
 200 L	 3.86  
 201 S	 9.70  
 202 L	 9.55  
 203 A	 8.82  
 204 L	 6.65  
 205 D	 29.72  
 206 L	 3.71  
 207 C	 3.27  
 208 L	 7.00  
 209 K	 37.10  
 210 V	 5.48  
 211 G	 16.69  
 212 I	 3.65  
 213 S	 18.52  
 214 S	 23.07  
 215 R	 23.26  
 216 H	 29.49  
 217 L	 3.17  
 218 T	 15.19  
 219 A	 11.21  
 220 I	 3.04  
 221 T	 14.27  
 222 V	 4.58  
 223 D	 22.91  
 224 V	 3.51  
 225 W	 6.70  
 226 T	 14.44  
 227 L	 1.80  
 228 H	 15.13  
 229 A	 24.94  
 230 E	 39.65  
 231 L	 4.65  
 232 H	 20.70  
 233 E	 70.93  
 234 G	 22.50  
 235 L	 3.00  
 236 F	 10.91  
 237 Q	 35.00  
 238 S	 18.56  
 239 Q	 27.89  
 240 L	 6.64  
 241 L	 1.26  
 242 C	 6.29  
 243 Q	 67.79  
 244 G	 16.87  
 245 P	 10.57  
 246 S	 43.31  
 247 L	 7.59  
 248 A	 21.61  
 249 S	 42.67  
 250 K	 44.41  
 251 P	 32.56  
 252 V	 9.55  
 253 P	 25.17  
 254 C	 5.73  
 255 S	 29.09  
 256 E	 61.24  
 257 V	 4.71  
 258 T	 18.33  
 259 E	 54.46  
 260 N	 39.77  
 261 L	 3.62  
 262 V	 14.45  
 263 E	 35.42  
 264 P	 31.58  
 265 T	 31.89  
 266 L	 4.66  
 267 P	 39.66  
 268 G	 31.97  
 269 L	 2.30  
 270 F	 8.73  
 271 L	 5.19  
 272 L	 2.09  
 273 Q	 44.93  
 274 Q	 55.73  
 275 L	 3.05  
 276 P	 26.17  
 277 D	 74.60  
 278 Q	 34.68  
 279 V	 11.38  
 280 K	 30.42  
 281 V	 8.19  
 282 K	 34.48  
 283 M	 5.56  
 284 E	 52.19  
 285 N	 33.87  
 286 T	 15.02  
 287 S	 23.08  
 288 V	 4.77  
 289 V	 3.07  
 290 L	 3.64  
 291 S	 12.33  
 292 M	 4.97  
 293 N	 37.60  
 294 S	 28.56  
 295 Q	 41.62  
 296 K	 41.42  
 297 R	 23.55  
 298 H	 34.35  
 299 L	 5.06  
 300 T	 15.41  
 301 W	 13.19  
 302 T	 14.58  
 303 L	 2.51  
 304 K	 39.51  
 305 L	 5.23  
 306 L	 3.02  
 307 Q	 36.41  
 308 F	 8.04  
 309 L	 1.96  
 310 Y	 8.97  
 311 H	 32.63  
 312 R	 35.14  
 313 D	 50.98  
 314 E	 47.84  
 315 D	 60.65  
 316 Q	 42.82  
 317 L	 7.16  
 318 P	 21.79  
 319 L	 11.01  
 320 R	 27.99  
 321 S	 34.33  
 322 F	 6.38  
 323 T	 26.61  
 324 A	 16.12  
 325 N	 35.17  
 326 S	 26.71  
 327 D	 35.92  
 328 M	 2.54  
 329 A	 13.60  
 330 Q	 21.52  
 331 M	 3.77  
 332 S	 13.47  
 333 T	 25.88  
 334 E	 30.07  
 335 L	 7.19  
 336 L	 3.91  
 337 L	 9.85  
 338 E	 50.42  
 339 D	 53.67  
 340 G	 14.62  
 341 L	 7.23  
 342 L	 5.45  
 343 L	 5.42  
 344 S	 26.53  
 345 Q	 42.47  
 346 S	 27.31  
 347 R	 23.35  
 348 Q	 44.70  
 349 R	 23.38  
 350 I	 1.62  
 351 V	 3.11  
 352 C	 2.50  
 353 L	 3.19  
 354 N	 39.92  
 355 S	 20.49  
 356 L	 5.38  
 357 K	 38.14  
 358 A	 21.89  
 359 S	 16.11  
 360 V	 6.74  
 361 Q	 25.09  
 362 V	 4.83  
 363 T	 10.84  
 364 T	 17.40  
 365 I	 3.51  
 366 D	 32.26  
 367 L	 3.99  
 368 S	 16.44  
 369 A	 17.74  
 370 S	 18.68  
 371 L	 5.20  
 372 V	 3.43  
 373 L	 5.50  
 374 N	 25.98  
 375 T	 10.83  
 376 C	 2.40  
 377 I	 1.73  
 378 I	 2.25  
 379 H	 8.15  
 380 Y	 10.20  
 381 R	 15.73  
 382 H	 25.10  
 383 Q	 44.42  
 384 E	 42.88  
 385 F	 5.38  
 386 S	 17.01  
 387 H	 36.12  
 388 W	 5.58  
 389 L	 1.38  
 390 H	 17.38  
 391 L	 2.54  
 392 L	 3.39  
 393 A	 15.09  
 394 L	 8.05  
 395 E	 33.21  
 396 T	 38.80  
 397 Q	 40.16  
 398 G	 36.59  
 399 S	 20.16  
 400 S	 45.55  
 401 S	 22.26  
 402 P	 37.09  
 403 V	 12.93  
 404 L	 4.43  
 405 K	 48.57  
 406 Q	 59.26  
 407 R	 44.89  
 408 K	 44.08  
 409 K	 59.88  
 410 R	 44.63  
 411 T	 48.85  
 412 F	 4.94  
 413 P	 21.49  
 414 Q	 38.85  
 415 I	 3.45  
 416 L	 3.80  
 417 A	 8.55  
 418 P	 19.43  
 419 I	 4.06  
 420 I	 1.86  
 421 F	 7.25  
 422 S	 15.73  
 423 T	 21.23  
 424 S	 23.87  
 425 I	 3.35  
 426 S	 34.20  
 427 N	 29.23  
 428 V	 5.55  
 429 N	 26.92  
 430 I	 3.14  
 431 S	 10.08  
 432 I	 3.29  
 433 Q	 32.38  
 434 L	 6.81  
 435 G	 21.99  
 436 D	 65.71  
 437 T	 30.94  
 438 P	 27.10  
 439 P	 29.27  
 440 F	 10.37  
 441 A	 16.73  
 442 L	 9.12  
 443 G	 19.09  
 444 F	 7.24  
 445 N	 36.31  
 446 S	 15.99  
 447 I	 5.07  
 448 S	 18.27  
 449 L	 7.29  
 450 D	 33.97  
 451 Y	 11.79  
 452 Q	 28.89  
 453 H	 19.99  
 454 L	 5.15  
 455 R	 25.70  
 456 P	 38.33  
 457 Q	 48.89  
 458 S	 25.40  
 459 I	 2.43  
 460 H	 19.28  
 461 Q	 42.00  
 462 R	 24.03  
 463 G	 16.53  
 464 V	 4.39  
 465 L	 4.26  
 466 T	 22.83  
 467 V	 3.69  
 468 D	 24.65  
 469 H	 20.67  
 470 L	 2.31  
 471 C	 1.63  
 472 W	 12.35  
 473 R	 23.17  
 474 V	 3.58  
 475 G	 19.70  
 476 S	 32.84  
 477 D	 38.00  
 478 S	 24.96  
 479 H	 25.78  
 480 I	 3.25  
 481 Q	 30.02  
 482 R	 49.86  
 483 A	 7.15  
 484 P	 42.58  
 485 H	 49.84  
 486 P	 22.39  
 487 P	 47.98  
 488 N	 37.33  
 489 M	 3.13  
 490 H	 20.86  
 491 V	 4.96  
 492 W	 5.57  
 493 G	 14.82  
 494 E	 24.10  
 495 A	 10.07  
 496 L	 3.23  
 497 V	 7.81  
 498 L	 4.80  
 499 D	 33.94  
 500 S	 18.90  
 501 F	 8.68  
 502 T	 23.32  
 503 L	 5.24  
 504 Q	 35.41  
 505 G	 34.90  
 506 S	 14.14  
 507 Y	 25.33  
 508 N	 38.40  
 509 Q	 26.76  
 510 P	 25.43  
 511 L	 8.53  
 512 G	 30.14  
 513 L	 4.88  
 514 S	 29.55  
 515 S	 35.19  
 516 T	 28.81  
 517 Q	 41.06  
 518 S	 32.43  
 519 D	 37.30  
 520 T	 25.34  
 521 L	 4.88  
 522 F	 6.16  
 523 L	 6.26  
 524 D	 21.85  
 525 C	 3.56  
 526 T	 17.24  
 527 I	 4.06  
 528 R	 22.93  
 529 G	 19.33  
 530 L	 3.56  
 531 Q	 33.55  
 532 V	 8.79  
 533 E	 29.51  
 534 A	 17.53  
 535 S	 21.68  
 536 D	 53.50  
 537 T	 13.77  
 538 C	 2.71  
 539 A	 12.76  
 540 Q	 30.72  
 541 C	 1.66  
 542 L	 2.28  
 543 S	 25.54  
 544 R	 22.40  
 545 I	 2.48  
 546 L	 2.90  
 547 S	 17.59  
 548 L	 4.05  
 549 M	 7.08  
 550 G	 23.53  
 551 P	 15.93  
 552 Q	 60.12  
 553 S	 51.85  
 554 G	 23.77  
 555 K	 40.25  
 556 S	 37.11  
 557 A	 13.54  
 558 V	 7.16  
 559 S	 24.80  
 560 R	 27.40  
 561 H	 21.93  
 562 S	 26.67  
 563 S	 31.01  
 564 F	 16.44  
 565 G	 28.37  
 566 E	 46.05  
 567 S	 19.86  
 568 V	 3.99  
 569 S	 27.33  
 570 L	 6.57  
 571 L	 3.03  
 572 W	 12.15  
 573 K	 26.32  
 574 V	 7.63  
 575 D	 36.72  
 576 L	 8.19  
 577 K	 38.83  
 578 V	 11.09  
 579 E	 50.37  
 580 D	 33.97  
 581 M	 2.73  
 582 N	 44.30  
 583 L	 2.52  
 584 F	 5.69  
 585 T	 23.99  
 586 L	 1.90  
 587 S	 19.25  
 588 A	 14.91  
 589 L	 3.07  
 590 V	 6.35  
 591 G	 25.00  
 592 A	 8.61  
 593 S	 30.60  
 594 E	 30.99  
 595 V	 7.35  
 596 R	 23.85  
 597 L	 7.73  
 598 D	 29.16  
 599 T	 30.32  
 600 L	 2.53  
 601 T	 19.09  
 602 I	 4.63  
 603 L	 3.60  
 604 G	 22.43  
 605 S	 21.34  
 606 A	 23.45  
 607 E	 45.01  
 608 T	 29.43  
 609 S	 16.76  
 610 T	 30.12  
 611 V	 6.78  
 612 G	 13.44  
 613 I	 2.26  
 614 Q	 32.99  
 615 G	 18.81  
 616 L	 1.31  
 617 V	 3.62  
 618 L	 3.52  
 619 A	 11.66  
 620 L	 4.33  
 621 V	 3.45  
 622 K	 39.81  
 623 S	 27.13  
 624 V	 7.12  
 625 T	 36.66  
 626 E	 44.36  
 627 K	 33.21  
 628 M	 4.35  
 629 Q	 38.66  
 630 P	 23.21  
 631 C	 1.77  
 632 C	 5.54  
 633 K	 70.44  
 634 A	 7.96  
 635 P	 26.09  
 636 D	 65.44  
 637 I	 3.89  
 638 P	 37.72  
 639 T	 26.77  
 640 P	 21.50  
 641 V	 6.62  
 642 L	 4.48  
 643 S	 20.73  
 644 L	 2.81  
 645 S	 17.82  
 646 M	 4.06  
 647 L	 2.77  
 648 S	 12.30  
 649 I	 3.79  
 650 T	 16.29  
 651 Y	 9.68  
 652 H	 13.35  
 653 S	 19.62  
 654 S	 14.54  
 655 I	 3.77  
 656 R	 36.82  
 657 S	 27.49  
 658 L	 5.55  
 659 E	 31.61  
 660 V	 7.47  
 661 Q	 15.56  
 662 C	 4.95  
 663 G	 12.94  
 664 A	 19.90  
 665 G	 12.41  
 666 L	 2.78  
 667 T	 20.91  
 668 L	 5.77  
 669 L	 3.42  
 670 W	 16.35  
 671 S	 26.90  
 672 P	 27.10  
 673 P	 38.33  
 674 D	 42.44  
 675 H	 16.74  
 676 M	 3.00  
 677 Y	 9.99  
 678 L	 2.29  
 679 Y	 4.51  
 680 Q	 20.02  
 681 H	 11.73  
 682 V	 1.99  
 683 L	 2.57  
 684 A	 12.74  
 685 T	 17.13  
 686 L	 3.63  
 687 Q	 18.82  
 688 C	 4.04  
 689 R	 25.34  
 690 D	 58.65  
 691 L	 1.48  
 692 L	 4.03  
 693 R	 35.19  
 694 A	 14.21  
 695 T	 19.08  
 696 V	 8.01  
 697 F	 3.82  
 698 P	 31.82  
 699 E	 51.47  
 700 T	 37.64  
 701 V	 2.64  
 702 P	 30.92  
 703 S	 23.18  
 704 L	 5.30  
 705 A	 14.00  
 706 L	 10.02  
 707 E	 35.01  
 708 T	 33.05  
 709 S	 25.43  
 710 G	 40.19  
 711 T	 27.24  
 712 T	 24.59  
 713 S	 39.77  
 714 E	 49.07  
 715 L	 9.41  
 716 E	 42.45  
 717 G	 43.61  
 718 R	 37.28  
 719 A	 24.54  
 720 P	 42.23  
 721 E	 59.49  
 722 P	 49.46  
 723 L	 12.36  
 724 P	 42.98  
 725 P	 41.92  
 726 K	 54.46  
 727 R	 50.62  
 728 L	 4.67  
 729 L	 5.99  
 730 N	 35.26  
 731 L	 6.12  
 732 T	 21.57  
 733 L	 7.44  
 734 E	 29.23  
 735 V	 7.48  
 736 S	 17.17  
 737 T	 32.75  
 738 A	 9.43  
 739 K	 46.59  
 740 L	 3.76  
 741 T	 19.83  
 742 A	 13.83  
 743 F	 4.51  
 744 V	 5.45  
 745 A	 16.90  
 746 E	 57.33  
 747 D	 41.23  
 748 K	 30.12  
 749 F	 8.80  
 750 I	 3.67  
 751 T	 17.30  
 752 L	 3.48  
 753 A	 10.67  
 754 A	 16.83  
 755 E	 46.17  
 756 S	 16.57  
 757 V	 5.13  
 758 S	 29.88  
 759 L	 4.97  
 760 S	 18.09  
 761 R	 37.45  
 762 H	 41.40  
 763 G	 26.69  
 764 G	 21.03  
 765 S	 23.15  
 766 L	 3.70  
 767 Q	 31.79  
 768 A	 17.12  
 769 Y	 8.79  
 770 C	 2.06  
 771 P	 27.28  
 772 E	 47.70  
 773 L	 2.09  
 774 A	 12.13  
 775 A	 31.63  
 776 G	 18.64  
 777 F	 10.49  
 778 D	 55.22  
 779 G	 27.76  
 780 N	 33.50  
 781 S	 33.80  
 782 I	 3.67  
 783 F	 9.86  
 784 N	 45.47  
 785 F	 5.06  
 786 K	 63.05  
 787 E	 39.51  
 788 V	 10.08  
 789 E	 26.15  
 790 V	 6.16  
 791 Q	 24.63  
 792 L	 11.85  
 793 L	 1.41  
 794 P	 53.36  
 795 E	 69.64  
 796 L	 6.79  
 797 E	 43.80  
 798 E	 44.11  
 799 M	 2.63  
 800 I	 3.11  
 801 L	 2.75  
 802 H	 19.29  
 803 R	 49.42  
 804 N	 31.64  
 805 P	 36.23  
 806 F	 6.71  
 807 P	 33.06  
 808 A	 16.81  
 809 L	 3.99  
 810 Q	 40.36  
 811 T	 28.65  
 812 L	 2.70  
 813 R	 32.09  
 814 N	 46.07  
 815 R	 17.98  
 816 V	 4.89  
 817 W	 6.58  
 818 L	 2.35  
 819 L	 2.03  
 820 S	 25.95  
 821 F	 9.49  
 822 G	 24.62  
 823 S	 14.81  
 824 V	 8.32  
 825 S	 20.02  
 826 V	 9.12  
 827 E	 33.14  
 828 F	 6.82  
 829 P	 11.21  
 830 Y	 25.65  
 831 Q	 31.40  
 832 Y	 17.08  
 833 D	 21.37  
 834 F	 4.54  
 835 S	 22.81  
 836 R	 39.02  
 837 T	 37.05  
 838 L	 5.64  
 839 D	 40.99  
 840 E	 48.65  
 841 A	 11.75  
 842 V	 7.89  
 843 G	 24.16  
 844 V	 4.20  
 845 Q	 25.86  
 846 K	 52.68  
 847 W	 6.04  
 848 L	 3.98  
 849 K	 59.31  
 850 G	 26.65  
 851 L	 2.32  
 852 H	 32.46  
 853 Q	 61.06  
 854 G	 13.35  
 855 T	 15.62  
 856 R	 34.65  
 857 A	 13.16  
 858 W	 8.25  
 859 A	 15.58  
 860 S	 18.40  
 861 P	 34.60  
 862 S	 35.71  
 863 P	 34.82  
 864 V	 9.98  
 865 P	 42.40  
 866 L	 11.08  
 867 P	 17.81  
 868 P	 53.19  
 869 D	 48.27  
 870 L	 8.12  
 871 L	 5.92  
 872 L	 8.31  
 873 K	 45.61  
 874 V	 7.53  
 875 E	 37.31  
 876 H	 25.65  
 877 F	 3.78  
 878 S	 25.00  
 879 W	 5.50  
 880 V	 3.11  
 881 F	 5.14  
 882 L	 3.88  
 883 D	 38.26  
 884 D	 49.50  
 885 V	 4.38  
 886 F	 13.21  
 887 E	 38.29  
 888 V	 5.62  
 889 K	 32.67  
 890 L	 8.08  
 891 H	 18.62  
 892 D	 70.60  
 893 N	 22.79  
 894 Y	 19.25  
 895 E	 48.95  
 896 L	 3.50  
 897 M	 3.25  
 898 K	 71.60  
 899 D	 51.98  
 900 E	 59.18  
 901 S	 52.43  
 902 K	 54.35  
 903 E	 66.27  
 904 S	 42.71  
 905 A	 11.33  
 906 K	 64.02  
 907 R	 27.64  
 908 L	 4.08  
 909 Q	 43.97  
 910 L	 5.75  
 911 L	 3.77  
 912 D	 53.59  
 913 A	 14.27  
 914 K	 31.88  
 915 V	 3.95  
 916 A	 10.48  
 917 A	 15.75  
 918 L	 5.18  
 919 R	 31.68  
 920 K	 47.71  
 921 Q	 43.30  
 922 H	 34.43  
 923 G	 25.42  
 924 E	 45.04  
 925 L	 9.10  
 926 L	 2.44  
 927 P	 42.52  
 928 A	 25.93  
 929 R	 38.25  
 930 K	 57.48  
 931 I	 4.08  
 932 E	 45.01  
 933 E	 51.02  
 934 L	 2.54  
 935 Y	 9.45  
 936 A	 21.92  
 937 S	 19.73  
 938 L	 5.85  
 939 E	 60.14  
 940 R	 42.48  
 941 K	 53.56  
 942 N	 43.26  
 943 I	 3.70  
 944 E	 38.85  
 945 I	 3.04  
 946 Y	 4.35  
 947 I	 3.18  
 948 Q	 21.96  
 949 R	 23.67  
 950 S	 12.84  
 951 R	 34.51  
 952 R	 33.24  
 953 L	 6.62  
 954 Y	 13.40  
 955 G	 35.81  
 956 N	 27.70  
 957 T	 17.69  
 958 P	 20.48  
 959 M	 4.22  
 960 R	 23.17  
 961 R	 24.28  
 962 A	 9.14  
 963 L	 4.09  
 964 L	 4.50  
 965 T	 17.54  
 966 W	 7.42  
 967 S	 11.78  
 968 L	 3.10  
 969 A	 18.27  
 970 G	 25.61  
 971 L	 3.70  
 972 E	 40.04  
 973 L	 3.08  
 974 V	 2.75  
 975 A	 15.06  
 976 L	 3.27  
 977 A	 10.69  
 978 D	 43.53  
 979 A	 14.43  
 980 S	 20.51  
 981 F	 9.17  
 982 H	 48.69  
 983 G	 27.55  
 984 P	 21.68  
 985 E	 54.64  
 986 H	 31.86  
 987 V	 4.90  
 988 V	 4.61  
 989 E	 43.90  
 990 Q	 30.50  
 991 V	 2.78  
 992 Q	 45.27  
 993 E	 57.17  
 994 L	 5.57  
 995 D	 44.77  
 996 P	 58.76  
 997 G	 47.84  
 998 S	 28.84  
 999 P	 52.24  
 1000 F	 19.76  
 1001 P	 29.44  
 1002 P	 48.98  
 1003 E	 73.04  
 1004 G	 30.20  
 1005 L	 4.36  
 1006 D	 50.15  
 1007 L	 4.37  
 1008 V	 2.82  
 1009 I	 3.24  
 1010 Q	 26.24  
 1011 W	 2.07  
 1012 C	 0.76  
 1013 R	 30.43  
 1014 M	 3.67  
 1015 L	 2.71  
 1016 K	 17.89  
 1017 C	 6.61  
 1018 N	 42.54  
 1019 V	 8.45  
 1020 K	 22.84  
 1021 S	 21.38  
 1022 F	 6.40  
 1023 L	 3.06  
 1024 V	 4.50  
 1025 R	 22.00  
 1026 I	 2.83  
 1027 R	 27.18  
 1028 D	 56.25  
 1029 Y	 4.63  
 1030 P	 23.80  
 1031 R	 34.26  
 1032 Y	 15.96  
 1033 L	 3.07  
 1034 F	 5.63  
 1035 E	 34.22  
 1036 I	 3.67  
 1037 R	 30.18  
 1038 D	 40.27  
 1039 W	 5.85  
 1040 R	 21.05  
 1041 L	 3.58  
 1042 M	 1.89  
 1043 G	 25.10  
 1044 R	 16.54  
 1045 L	 3.27  
 1046 V	 9.57  
 1047 G	 28.29  
 1048 T	 24.30  
 1049 E	 36.50  
 1050 Q	 53.34  
 1051 S	 32.91  
 1052 G	 34.83  
 1053 Q	 40.86  
 1054 P	 22.90  
 1055 C	 3.67  
 1056 S	 35.19  
 1057 R	 44.51  
 1058 R	 20.68  
 1059 R	 27.12  
 1060 Q	 40.56  
 1061 I	 2.19  
 1062 L	 1.75  
 1063 H	 21.34  
 1064 L	 7.26  
 1065 G	 20.95  
 1066 L	 3.97  
 1067 P	 34.82  
 1068 W	 18.94  
 1069 G	 19.45  
 1070 N	 18.08  
 1071 V	 5.79  
 1072 A	 11.06  
 1073 V	 6.55  
 1074 E	 28.71  
 1075 R	 37.84  
 1076 N	 33.53  
 1077 M	 4.53  
 1078 P	 34.32  
 1079 P	 37.10  
 1080 L	 5.03  
 1081 K	 50.04  
 1082 F	 9.61  
 1083 Y	 10.01  
 1084 H	 34.10  
 1085 D	 31.41  
 1086 F	 4.32  
 1087 H	 30.49  
 1088 S	 32.17  
 1089 E	 38.97  
 1090 I	 2.67  
 1091 F	 3.89  
 1092 Q	 38.35  
 1093 Y	 7.25  
 1094 T	 9.59  
 1095 V	 2.65  
 1096 V	 3.64  
 1097 W	 10.73  
 1098 G	 8.90  
 1099 P	 10.58  
 1100 C	 5.92  
 1101 W	 20.11  
 1102 D	 29.74  
 1103 P	 12.75  
 1104 A	 14.93  
 1105 W	 9.34  
 1106 T	 15.59  
 1107 L	 2.63  
 1108 I	 2.54  
 1109 G	 20.25  
 1110 Q	 19.64  
 1111 C	 1.85  
 1112 V	 4.46  
 1113 D	 43.52  
 1114 L	 3.05  
 1115 L	 5.11  
 1116 T	 48.48  
 1117 K	 36.62  
 1118 P	 29.52  
 1119 S	 47.03  
 1120 A	 41.06  
 1121 D	 48.85  
 1122 P	 48.75  
 1123 S	 39.43  
 1124 P	 39.57  
 1125 P	 56.23  
 1126 L	 6.69  
 1127 P	 35.57  
 1128 W	 24.47  
 1129 W	 10.95  
 1130 D	 34.87  
 1131 K	 24.61  
 1132 S	 26.20  
 1133 R	 40.94  
 1134 L	 8.48  
 1135 L	 2.64  
 1136 F	 7.77  
 1137 H	 33.02  
 1138 G	 32.16  
 1139 D	 24.44  
 1140 W	 8.03  
 1141 H	 14.58  
 1142 M	 4.91  
 1143 D	 28.52  
 1144 I	 3.08  
 1145 E	 39.10  
 1146 Q	 35.57  
 1147 A	 14.04  
 1148 N	 37.44  
 1149 L	 2.82  
 1150 H	 22.03  
 1151 Q	 35.64  
 1152 L	 4.42  
 1153 A	 11.45  
 1154 T	 49.89  
 1155 E	 51.92  
 1156 D	 46.78  
 1157 P	 20.31  
 1158 Y	 37.15  
 1159 N	 46.01  
 1160 T	 29.64  
 1161 T	 23.02  
 1162 E	 50.98  
 1163 N	 26.06  
 1164 M	 2.94  
 1165 H	 30.77  
 1166 W	 9.66  
 1167 E	 25.15  
 1168 W	 5.95  
 1169 S	 11.75  
 1170 H	 26.94  
 1171 L	 4.96  
 1172 S	 15.05  
 1173 F	 11.37  
 1174 H	 28.42  
 1175 W	 13.41  
 1176 K	 30.60  
 1177 P	 36.30  
 1178 G	 29.81  
 1179 Q	 39.60  
 1180 F	 9.63  
 1181 V	 3.58  
 1182 F	 8.48  
 1183 K	 46.33  
 1184 G	 29.28  
 1185 D	 41.58  
 1186 L	 10.97  
 1187 D	 34.85  
 1188 I	 7.16  
 1189 N	 19.51  
 1190 V	 6.17  
 1191 R	 21.78  
 1192 T	 30.88  
 1193 A	 8.08  
 1194 S	 31.00  
 1195 K	 50.68  
 1196 Y	 17.96  
 1197 D	 46.32  
 1198 D	 28.17  
 1199 C	 1.29  
 1200 C	 5.38  
 1201 F	 6.39  
 1202 L	 2.24  
 1203 H	 18.31  
 1204 L	 3.72  
 1205 P	 23.06  
 1206 D	 59.88  
 1207 L	 1.71  
 1208 C	 2.26  
 1209 M	 5.61  
 1210 T	 19.00  
 1211 L	 2.17  
 1212 D	 27.87  
 1213 L	 4.41  
 1214 Q	 30.66  
 1215 W	 14.30  
 1216 L	 0.71  
 1217 C	 3.35  
 1218 H	 36.57  
 1219 G	 48.66  
 1220 N	 13.68  
 1221 P	 38.58  
 1222 H	 51.54  
 1223 D	 42.31  
 1224 H	 16.46  
 1225 H	 29.98  
 1226 S	 17.24  
 1227 V	 5.19  
 1228 T	 17.34  
 1229 L	 4.05  
 1230 R	 38.44  
 1231 A	 15.87  
 1232 P	 26.83  
 1233 E	 59.85  
 1234 F	 15.61  
 1235 L	 3.18  
 1236 P	 45.95  
 1237 E	 59.94  
 1238 V	 4.47  
 1239 P	 29.16  
 1240 L	 9.13  
 1241 G	 23.18  
 1242 Q	 43.22  
 1243 L	 4.62  
 1244 H	 17.68  
 1245 D	 56.83  
 1246 S	 13.03  
 1247 Y	 16.42  
 1248 R	 31.07  
 1249 A	 8.93  
 1250 F	 6.98  
 1251 R	 41.92  
 1252 S	 25.12  
 1253 E	 62.57  
 1254 N	 35.16  
 1255 L	 6.31  
 1256 N	 43.24  
 1257 L	 6.71  
 1258 S	 21.06  
 1259 I	 4.89  
 1260 K	 24.00  
 1261 M	 4.94  
 1262 D	 39.63  
 1263 L	 3.97  
 1264 T	 23.28  
 1265 R	 29.31  
 1266 H	 25.91  
 1267 S	 34.05  
 1268 G	 22.42  
 1269 T	 22.07  
 1270 I	 4.03  
 1271 S	 33.69  
 1272 Q	 27.69  
 1273 P	 20.63  
 1274 R	 25.26  
 1275 I	 3.85  
 1276 L	 3.76  
 1277 L	 3.47  
 1278 Y	 9.34  
 1279 S	 19.47  
 1280 S	 20.22  
 1281 T	 17.88  
 1282 L	 4.33  
 1283 R	 27.23  
 1284 W	 8.88  
 1285 M	 1.56  
 1286 Q	 34.70  
 1287 N	 20.51  
 1288 F	 2.36  
 1289 W	 10.59  
 1290 A	 6.79  
 1291 T	 21.63  
 1292 W	 4.48  
 1293 T	 14.68  
 1294 S	 17.04  
 1295 V	 4.04  
 1296 T	 30.41  
 1297 R	 19.21  
 1298 P	 22.21  
 1299 I	 1.94  
 1300 C	 5.34  
 1301 R	 46.10  
 1302 G	 26.97  
 1303 K	 30.47  
 1304 L	 6.55  
 1305 F	 6.93  
 1306 N	 64.46  
 1307 N	 41.95  
 1308 L	 10.15  
 1309 K	 49.74  
 1310 P	 55.32  
 1311 S	 56.36  
 1312 K	 63.56  
 1313 K	 58.53  
 1314 K	 62.68  
 1315 L	 12.55  
 1316 G	 22.54  
 1317 Q	 47.36  
 1318 H	 29.93  
 1319 Y	 7.79  
 1320 K	 42.51  
 1321 Q	 28.60  
 1322 L	 3.55  
 1323 S	 20.24  
 1324 Y	 12.48  
 1325 T	 17.32  
 1326 A	 10.04  
 1327 L	 5.05  
 1328 F	 3.17  
 1329 P	 34.52  
 1330 Q	 36.87  
 1331 L	 6.14  
 1332 Q	 18.07  
 1333 V	 5.20  
 1334 H	 10.23  
 1335 Y	 12.10  
 1336 W	 3.16  
 1337 A	 6.39  
 1338 S	 13.63  
 1339 F	 5.70  
 1340 A	 11.33  
 1341 Q	 31.34  
 1342 Q	 41.98  
 1343 R	 31.91  
 1344 G	 16.30  
 1345 I	 3.98  
 1346 Q	 28.40  
 1347 I	 5.64  
 1348 E	 16.25  
 1349 C	 3.83  
 1350 S	 26.80  
 1351 Q	 58.64  
 1352 G	 11.57  
 1353 H	 12.13  
 1354 V	 7.20  
 1355 F	 2.98  
 1356 T	 27.40  
 1357 R	 34.40  
 1358 G	 24.12  
 1359 T	 13.76  
 1360 Q	 40.79  
 1361 R	 34.13  
 1362 L	 4.88  
 1363 I	 2.30  
 1364 P	 23.66  
 1365 Q	 45.49  
 1366 A	 15.40  
 1367 G	 17.37  
 1368 T	 17.72  
 1369 V	 2.48  
 1370 M	 1.75  
 1371 R	 26.39  
 1372 R	 20.48  
 1373 L	 2.87  
 1374 I	 3.13  
 1375 S	 37.30  
 1376 D	 34.38  
 1377 W	 6.47  
 1378 S	 21.93  
 1379 V	 3.62  
 1380 T	 12.87  
 1381 Q	 28.29  
 1382 M	 1.97  
 1383 V	 2.64  
 1384 S	 27.73  
 1385 D	 38.64  
 1386 L	 2.76  
 1387 S	 27.82  
 1388 Q	 42.04  
 1389 V	 5.62  
 1390 T	 8.45  
 1391 V	 3.24  
 1392 H	 10.67  
 1393 L	 2.39  
 1394 M	 1.78  
 1395 A	 20.79  
 1396 S	 20.56  
 1397 P	 34.00  
 1398 T	 54.13  
 1399 E	 53.27  
 1400 E	 61.26  
 1401 N	 44.42  
 1402 A	 15.94  
 1403 D	 44.61  
 1404 H	 16.19  
 1405 C	 4.79  
 1406 L	 7.34  
 1407 D	 39.62  
 1408 P	 18.78  
 1409 L	 8.35  
 1410 V	 6.67  
 1411 T	 37.60  
 1412 K	 26.85  
 1413 T	 14.37  
 1414 H	 26.74  
 1415 L	 4.15  
 1416 L	 3.62  
 1417 S	 32.34  
 1418 L	 3.98  
 1419 S	 21.67  
 1420 S	 29.98  
 1421 L	 4.67  
 1422 T	 21.40  
 1423 Y	 14.62  
 1424 Q	 31.23  
 1425 R	 25.45  
 1426 H	 17.56  
 1427 S	 30.14  
 1428 N	 38.92  
 1429 R	 38.02  
 1430 T	 42.54  
 1431 A	 20.97  
 1432 E	 51.93  
 1433 E	 62.87  
 1434 E	 39.26  
 1435 L	 5.69  
 1436 S	 25.25  
 1437 A	 26.63  
 1438 R	 45.10  
 1439 D	 66.61  
 1440 G	 36.93  
 1441 D	 43.27  
 1442 P	 42.36  
 1443 T	 32.56  
 1444 F	 8.34  
 1445 H	 25.56  
 1446 T	 13.71  
 1447 H	 21.45  
 1448 Q	 31.56  
 1449 L	 2.34  
 1450 H	 19.76  
 1451 L	 4.33  
 1452 V	 4.54  
 1453 D	 36.27  
 1454 L	 4.00  
 1455 R	 19.21  
 1456 I	 5.39  
 1457 S	 16.37  
 1458 W	 8.73  
 1459 T	 19.56  
 1460 T	 18.80  
 1461 T	 22.38  
 1462 N	 37.22  
 1463 R	 34.32  
 1464 D	 38.34  
 1465 I	 2.86  
 1466 A	 9.20  
 1467 F	 7.67  
 1468 G	 17.82  
 1469 L	 2.59  
 1470 Y	 14.01  
 1471 D	 60.01  
 1472 G	 23.70  
 1473 Y	 13.35  
 1474 K	 41.27  
 1475 K	 32.85  
 1476 A	 9.92  
 1477 A	 18.96  
 1478 V	 8.49  
 1479 L	 3.55  
 1480 K	 32.42  
 1481 R	 45.20  
 1482 N	 36.43  
 1483 L	 8.55  
 1484 S	 27.96  
 1485 T	 28.57  
 1486 E	 48.94  
 1487 A	 18.05  
 1488 L	 3.53  
 1489 K	 70.06  
 1490 G	 32.81  
 1491 L	 4.14  
 1492 K	 54.45  
 1493 I	 12.89  
 1494 D	 26.28  
 1495 P	 35.52  
 1496 Q	 46.90  
 1497 M	 4.19  
 1498 P	 35.36  
 1499 A	 27.45  
 1500 K	 64.83  
 1501 K	 58.85  
 1502 P	 30.76  
 1503 K	 71.33  
 1504 R	 60.92  
 1505 G	 35.56  
 1506 V	 5.62  
 1507 P	 24.37  
 1508 T	 34.22  
 1509 S	 17.73  
 1510 A	 16.52  
 1511 S	 40.87  
 1512 A	 20.17  
 1513 P	 18.09  
 1514 P	 53.20  
 1515 R	 33.00  
 1516 V	 13.27  
 1517 N	 47.77  
 1518 T	 19.90  
 1519 P	 28.33  
 1520 S	 29.97  
 1521 F	 11.36  
 1522 S	 40.64  
 1523 G	 40.82  
 1524 Q	 41.65  
 1525 P	 49.13  
 1526 D	 61.12  
 1527 K	 68.33  
 1528 G	 34.13  
 1529 S	 31.39  
 1530 S	 50.33  
 1531 G	 26.84  
 1532 G	 18.58  
 1533 A	 7.06  
 1534 Y	 11.13  
 1535 M	 2.95  
 1536 L	 2.37  
 1537 Q	 23.21  
 1538 K	 47.69  
 1539 L	 3.72  
 1540 I	 6.07  
 1541 E	 66.34  
 1542 E	 49.36  
 1543 T	 21.49  
 1544 D	 45.35  
 1545 R	 33.41  
 1546 F	 6.47  
 1547 V	 3.45  
 1548 V	 4.52  
 1549 F	 6.30  
 1550 T	 30.77  
 1551 E	 48.58  
 1552 E	 55.17  
 1553 E	 46.49  
 1554 S	 42.97  
 1555 G	 23.93  
 1556 M	 5.78  
 1557 S	 26.23  
 1558 D	 36.26  
 1559 Q	 31.20  
 1560 L	 3.29  
 1561 C	 2.85  
 1562 G	 22.59  
 1563 I	 1.83  
 1564 A	 6.35  
 1565 A	 5.52  
 1566 C	 3.11  
 1567 Q	 43.15  
 1568 T	 35.21  
 1569 D	 17.90  
 1570 D	 48.97  
 1571 I	 3.50  
 1572 Y	 18.31  
 1573 N	 29.08  
 1574 R	 20.47  
 1575 N	 22.70  
 1576 C	 3.51  
 1577 L	 3.78  
 1578 I	 4.13  
 1579 E	 33.44  
 1580 L	 2.38  
 1581 V	 4.34  
 1582 N	 23.95  
 1583 C	 1.84  
 1584 Q	 21.58  
 1585 M	 3.14  
 1586 V	 1.04  
 1587 L	 3.34  
 1588 R	 30.75  
 1589 G	 24.49  
 1590 A	 17.69  
 1591 E	 50.66  
 1592 T	 36.82  
 1593 E	 41.94  
 1594 G	 20.57  
 1595 C	 1.21  
 1596 V	 7.72  
 1597 I	 2.05  
 1598 V	 1.26  
 1599 S	 16.04  
 1600 A	 11.33  
 1601 A	 10.54  
 1602 K	 36.06  
 1603 A	 10.67  
 1604 Q	 41.84  
 1605 L	 4.21  
 1606 L	 2.96  
 1607 Q	 33.16  
 1608 C	 4.13  
 1609 Q	 25.59  
 1610 H	 36.20  
 1611 H	 6.46  
 1612 P	 23.51  
 1613 A	 14.04  
 1614 W	 11.33  
 1615 Y	 13.77  
 1616 G	 15.66  
 1617 D	 32.92  
 1618 T	 31.34  
 1619 L	 7.05  
 1620 K	 52.41  
 1621 Q	 58.32  
 1622 K	 42.83  
 1623 T	 27.31  
 1624 S	 27.68  
 1625 W	 9.07  
 1626 T	 7.95  
 1627 C	 2.63  
 1628 L	 3.70  
 1629 L	 6.10  
 1630 D	 37.25  
 1631 G	 12.69  
 1632 M	 2.66  
 1633 Q	 35.40  
 1634 Y	 6.06  
 1635 F	 2.47  
 1636 A	 14.53  
 1637 T	 22.61  
 1638 T	 30.36  
 1639 E	 44.88  
 1640 S	 39.25  
 1641 S	 29.61  
 1642 P	 49.59  
 1643 T	 48.50  
 1644 E	 50.49  
 1645 Q	 62.02  
 1646 D	 48.27  
 1647 G	 20.94  
 1648 R	 36.39  
 1649 Q	 42.38  
 1650 L	 5.62  
 1651 W	 5.11  
 1652 L	 8.03  
 1653 E	 39.60  
 1654 V	 5.57  
 1655 K	 42.72  
 1656 N	 52.67  
 1657 I	 5.64  
 1658 E	 58.08  
 1659 E	 40.34  
 1660 H	 20.55  
 1661 R	 36.57  
 1662 Q	 41.02  
 1663 R	 38.86  
 1664 S	 28.34  
 1665 L	 6.57  
 1666 D	 48.27  
 1667 S	 30.87  
 1668 V	 5.24  
 1669 Q	 41.90  
 1670 E	 48.18  
 1671 L	 2.29  
 1672 M	 3.66  
 1673 E	 65.43  
 1674 S	 23.41  
 1675 G	 13.22  
 1676 Q	 42.00  
 1677 A	 12.87  
 1678 V	 5.38  
 1679 G	 22.84  
 1680 G	 10.78  
 1681 M	 1.67  
 1682 V	 4.94  
 1683 T	 14.99  
 1684 T	 19.11  
 1685 T	 17.25  
 1686 T	 36.60  
 1687 D	 39.99  
 1688 W	 11.85  
 1689 N	 40.54  
 1690 Q	 34.03  
 1691 P	 28.93  
 1692 A	 18.26  
 1693 E	 54.41  
 1694 A	 14.64  
 1695 Q	 30.55  
 1696 Q	 48.46  
 1697 A	 6.95  
 1698 Q	 39.37  
 1699 Q	 36.00  
 1700 V	 2.48  
 1701 Q	 26.90  
 1702 R	 29.38  
 1703 I	 1.55  
 1704 I	 2.01  
 1705 S	 28.54  
 1706 R	 12.78  
 1707 C	 4.50  
 1708 N	 18.47  
 1709 C	 2.79  
 1710 R	 11.35  
 1711 M	 3.04  
 1712 Y	 4.36  
 1713 Y	 3.66  
 1714 I	 1.39  
 1715 S	 12.40  
 1716 Y	 10.64  
 1717 S	 14.11  
 1718 H	 28.01  
 1719 D	 40.83  
 1720 I	 8.78  
 1721 D	 36.36  
 1722 P	 38.54  
 1723 E	 47.49  
 1724 L	 8.33  
 1725 A	 8.87  
 1726 T	 43.37  
 1727 Q	 35.78  
 1728 I	 6.67  
 1729 K	 44.71  
 1730 P	 31.73  
 1731 P	 39.05  
 1732 E	 69.16  
 1733 V	 11.37  
 1734 L	 4.95  
 1735 E	 63.14  
 1736 N	 51.67  
 1737 Q	 54.48  
 1738 E	 70.74  
 1739 K	 46.92  
 1740 E	 53.81  
 1741 D	 69.26  
 1742 L	 8.72  
 1743 L	 11.43  
 1744 K	 60.76  
 1745 K	 54.26  
 1746 Q	 53.41  
 1747 E	 58.98  
 1748 G	 28.54  
 1749 A	 8.68  
 1750 V	 11.94  
 1751 D	 35.25  
 1752 T	 16.36  
 1753 F	 4.53  
 1754 T	 27.22  
 1755 L	 2.83  
 1756 I	 2.57  
 1757 H	 16.10  
 1758 H	 34.05  
 1759 E	 33.66  
 1760 L	 6.51  
 1761 E	 31.73  
 1762 I	 10.86  
 1763 S	 16.86  
 1764 T	 51.38  
 1765 N	 24.10  
 1766 P	 22.34  
 1767 A	 19.65  
 1768 Q	 27.98  
 1769 Y	 10.55  
 1770 A	 2.66  
 1771 M	 2.38  
 1772 I	 2.08  
 1773 L	 2.06  
 1774 D	 31.68  
 1775 I	 2.99  
 1776 V	 3.76  
 1777 N	 33.49  
 1778 N	 22.60  
 1779 L	 4.55  
 1780 L	 3.19  
 1781 L	 4.85  
 1782 H	 23.12  
 1783 V	 15.81  
 1784 E	 34.06  
 1785 P	 40.43  
 1786 K	 63.70  
 1787 R	 61.38  
 1788 K	 66.94  
 1789 E	 57.59  
 1790 H	 44.27  
 1791 S	 52.80  
 1792 E	 67.20  
 1793 K	 58.16  
 1794 K	 39.01  
 1795 Q	 61.23  
 1796 R	 30.38  
 1797 V	 7.14  
 1798 R	 18.78  
 1799 F	 9.95  
 1800 Q	 27.85  
 1801 L	 6.08  
 1802 E	 30.00  
 1803 I	 8.12  
 1804 S	 18.06  
 1805 S	 63.16  
 1806 N	 41.01  
 1807 P	 48.74  
 1808 E	 71.64  
 1809 E	 53.18  
 1810 Q	 49.22  
 1811 R	 35.33  
 1812 S	 22.79  
 1813 S	 31.21  
 1814 I	 2.72  
 1815 L	 3.40  
 1816 H	 24.64  
 1817 L	 4.39  
 1818 Q	 26.34  
 1819 E	 56.33  
 1820 A	 6.71  
 1821 V	 6.27  
 1822 R	 28.12  
 1823 Q	 28.89  
 1824 H	 13.30  
 1825 V	 2.95  
 1826 A	 9.28  
 1827 Q	 30.24  
 1828 I	 1.87  
 1829 R	 23.97  
 1830 Q	 56.45  
 1831 L	 6.79  
 1832 E	 32.67  
 1833 K	 49.29  
 1834 Q	 27.03  
 1835 M	 4.14  
 1836 Y	 7.80  
 1837 S	 15.74  
 1838 I	 1.91  
 1839 M	 1.66  
 1840 K	 46.47  
 1841 S	 17.55  
 1842 L	 5.59  
 1843 Q	 60.60  
 1844 D	 68.40  
 1845 D	 48.85  
 1846 S	 45.75  
 1847 K	 75.24  
 1848 N	 47.55  
 1849 E	 53.65  
 1850 N	 56.12  
 1851 L	 2.99  
 1852 L	 12.11  
 1853 D	 46.90  
 1854 L	 8.04  
 1855 N	 36.29  
 1856 Q	 55.95  
 1857 K	 36.81  
 1858 L	 4.41  
 1859 Q	 33.91  
 1860 L	 10.16  
 1861 Q	 25.96  
 1862 L	 10.98  
 1863 N	 34.70  
 1864 Q	 63.26  
 1865 E	 53.73  
 1866 K	 32.58  
 1867 A	 22.63  
 1868 N	 39.11  
 1869 L	 8.00  
 1870 Q	 42.88  
 1871 L	 9.84  
 1872 E	 43.05  
 1873 S	 44.99  
 1874 E	 58.07  
 1875 E	 57.29  
 1876 L	 4.19  
 1877 N	 30.24  
 1878 I	 5.45  
 1879 L	 1.64  
 1880 I	 2.97  
 1881 R	 19.17  
 1882 C	 3.84  
 1883 F	 6.46  
 1884 K	 62.35  
 1885 D	 19.10  
 1886 F	 8.88  
 1887 Q	 46.98  
 1888 L	 3.62  
 1889 Q	 31.49  
 1890 R	 49.04  
 1891 A	 13.66  
 1892 N	 46.53  
 1893 K	 32.54  
 1894 M	 6.18  
 1895 E	 47.21  
 1896 L	 8.09  
 1897 R	 22.79  
 1898 K	 69.80  
 1899 Q	 45.52  
 1900 Q	 52.47  
 1901 E	 58.86  
 1902 D	 33.38  
 1903 V	 4.62  
 1904 S	 27.50  
 1905 V	 3.79  
 1906 V	 2.39  
 1907 R	 37.33  
 1908 R	 27.31  
 1909 T	 21.63  
 1910 E	 36.22  
 1911 F	 6.34  
 1912 Y	 7.56  
 1913 F	 5.02  
 1914 A	 7.25  
 1915 Q	 22.89  
 1916 A	 15.01  
 1917 R	 13.63  
 1918 W	 11.58  
 1919 R	 26.61  
 1920 L	 5.84  
 1921 T	 28.84  
 1922 E	 59.70  
 1923 E	 63.31  
 1924 D	 43.86  
 1925 G	 28.08  
 1926 Q	 49.16  
 1927 L	 7.01  
 1928 G	 14.79  
 1929 I	 3.51  
 1930 A	 17.33  
 1931 E	 40.64  
 1932 L	 6.18  
 1933 E	 34.07  
 1934 L	 7.47  
 1935 Q	 25.38  
 1936 R	 35.84  
 1937 F	 4.91  
 1938 L	 5.27  
 1939 Y	 12.06  
 1940 S	 32.07  
 1941 K	 35.95  
 1942 V	 10.04  
 1943 N	 41.68  
 1944 K	 59.24  
 1945 S	 35.20  
 1946 D	 59.91  
 1947 D	 55.71  
 1948 T	 38.65  
 1949 A	 14.81  
 1950 E	 36.84  
 1951 H	 33.00  
 1952 L	 2.75  
 1953 L	 5.72  
 1954 E	 52.15  
 1955 L	 8.09  
 1956 G	 14.21  
 1957 W	 9.73  
 1958 F	 4.39  
 1959 T	 16.69  
 1960 M	 1.97  
 1961 N	 32.70  
 1962 N	 31.94  
 1963 L	 7.75  
 1964 L	 3.14  
 1965 P	 29.87  
 1966 N	 41.84  
 1967 A	 12.22  
 1968 V	 6.37  
 1969 Y	 8.82  
 1970 K	 21.19  
 1971 V	 2.41  
 1972 V	 3.08  
 1973 L	 8.07  
 1974 R	 18.66  
 1975 P	 33.95  
 1976 Q	 41.36  
 1977 S	 35.45  
 1978 S	 15.78  
 1979 C	 4.52  
 1980 Q	 51.36  
 1981 S	 40.03  
 1982 G	 8.76  
 1983 R	 33.32  
 1984 Q	 34.31  
 1985 L	 4.70  
 1986 A	 5.14  
 1987 L	 7.13  
 1988 R	 28.25  
 1989 L	 6.21  
 1990 F	 5.55  
 1991 S	 34.53  
 1992 K	 34.62  
 1993 V	 12.30  
 1994 R	 33.28  
 1995 P	 30.80  
 1996 P	 27.16  
 1997 V	 14.03  
 1998 G	 33.23  
 1999 G	 14.83  
 2000 I	 3.35  
 2001 S	 30.34  
 2002 V	 8.78  
 2003 K	 38.39  
 2004 E	 52.21  
 2005 H	 20.60  
 2006 F	 13.54  
 2007 E	 34.78  
 2008 V	 6.87  
 2009 N	 23.13  
 2010 V	 5.91  
 2011 V	 2.44  
 2012 P	 21.36  
 2013 L	 4.44  
 2014 T	 10.70  
 2015 I	 4.10  
 2016 Q	 34.76  
 2017 L	 4.00  
 2018 T	 9.39  
 2019 H	 30.92  
 2020 Q	 37.15  
 2021 F	 4.29  
 2022 F	 2.62  
 2023 H	 20.29  
 2024 R	 16.18  
 2025 M	 2.01  
 2026 M	 4.22  
 2027 G	 13.58  
 2028 F	 2.87  
 2029 F	 6.30  
 2030 F	 6.15  
 2031 P	 31.93  
 2032 G	 29.37  
 2033 R	 37.45  
 2034 S	 35.46  
 2035 V	 10.09  
 2036 E	 62.08  
 2037 D	 56.04  
 2038 D	 38.69  
 2039 E	 61.80  
 2040 V	 17.60  
 2041 G	 34.27  
 2042 D	 62.38  
 2043 E	 63.27  
 2044 E	 75.40  
 2045 D	 59.49  
 2046 K	 53.41  
 2047 S	 43.47  
 2048 K	 53.36  
 2049 L	 5.51  
 2050 V	 5.31  
 2051 T	 29.73  
 2052 T	 26.15  
 2053 G	 16.91  
 2054 I	 1.89  
 2055 P	 26.62  
 2056 V	 9.03  
 2057 V	 6.23  
 2058 K	 34.42  
 2059 P	 20.03  
 2060 R	 37.91  
 2061 Q	 45.83  
 2062 L	 2.80  
 2063 I	 2.69  
 2064 A	 17.36  
 2065 T	 27.67  
 2066 D	 32.61  
 2067 D	 45.14  
 2068 A	 13.98  
 2069 V	 5.31  
 2070 P	 33.06  
 2071 L	 11.83  
 2072 G	 23.89  
 2073 P	 49.35  
 2074 G	 37.24  
 2075 K	 54.03  
 2076 G	 26.38  
 2077 V	 4.02  
 2078 A	 13.34  
 2079 Q	 45.05  
 2080 G	 21.19  
 2081 L	 2.09  
 2082 T	 35.02  
 2083 R	 33.59  
 2084 S	 26.63  
 2085 S	 37.71  
 2086 G	 20.42  
 2087 V	 5.06  
 2088 R	 31.86  
 2089 R	 37.43  
 2090 S	 20.88  
 2091 F	 12.37  
 2092 R	 39.53  
 2093 K	 69.24  
 2094 S	 31.12  
 2095 P	 47.12  
 2096 E	 68.84  
 2097 H	 30.94  
 2098 P	 29.57  
 2099 V	 12.77  
 2100 D	 52.15  
 2101 D	 51.74  
 2102 I	 4.79  
 2103 D	 52.57  
 2104 K	 52.81  
 2105 M	 4.90  
 2106 K	 50.19  
 2107 E	 44.01  
 2108 R	 23.33  
 2109 A	 16.50  
 2110 A	 13.88  
 2111 M	 4.81  
 2112 N	 35.95  
 2113 N	 25.80  
 2114 S	 14.17  
 2115 F	 5.52  
 2116 I	 3.31  
 2117 Y	 8.31  
 2118 I	 2.52  
 2119 K	 31.21  
 2120 I	 1.78  
 2121 P	 24.90  
 2122 Q	 53.59  
 2123 V	 3.07  
 2124 P	 18.13  
 2125 L	 4.78  
 2126 C	 1.24  
 2127 V	 10.37  
 2128 S	 21.82  
 2129 Y	 11.56  
 2130 K	 53.76  
 2131 G	 42.76  
 2132 E	 44.93  
 2133 K	 64.29  
 2134 N	 42.85  
 2135 S	 32.30  
 2136 V	 11.37  
 2137 D	 43.38  
 2138 W	 10.47  
 2139 G	 25.68  
 2140 D	 28.29  
 2141 L	 4.74  
 2142 N	 32.61  
 2143 L	 5.64  
 2144 V	 5.66  
 2145 L	 2.53  
 2146 P	 17.11  
 2147 C	 3.84  
 2148 L	 7.46  
 2149 E	 52.00  
 2150 Y	 9.26  
 2151 H	 16.22  
 2152 N	 46.88  
 2153 N	 24.55  
 2154 T	 29.59  
 2155 W	 6.41  
 2156 T	 17.70  
 2157 W	 5.86  
 2158 L	 2.80  
 2159 D	 22.33  
 2160 F	 4.73  
 2161 A	 5.67  
 2162 M	 4.44  
 2163 A	 10.55  
 2164 V	 3.16  
 2165 K	 40.73  
 2166 R	 40.30  
 2167 D	 47.26  
 2168 S	 39.45  
 2169 R	 32.33  
 2170 K	 50.45  
 2171 A	 13.22  
 2172 L	 3.53  
 2173 V	 4.12  
 2174 A	 9.97  
 2175 Q	 29.95  
 2176 V	 4.94  
 2177 I	 2.95  
 2178 K	 50.36  
 2179 E	 46.31  
 2180 K	 33.63  
 2181 L	 8.99  
 2182 R	 51.65  
 2183 L	 8.13  
 2184 K	 31.45  
 2185 S	 35.34  
 2186 A	 17.88  
 2187 T	 48.62  
 2188 G	 22.86  
 2189 S	 28.67  
 2190 E	 37.26  
 2191 V	 11.93  
 2192 R	 32.26  
 2193 G	 44.04  
 2194 K	 32.36  
 2195 L	 12.91  
 2196 E	 58.64  
 2197 T	 46.41  
 2198 K	 32.37  
 2199 S	 55.54  
 2200 D	 43.55  
 2201 L	 8.09  
 2202 N	 31.07  
 2203 M	 5.04  
 2204 Q	 40.51  
 2205 Q	 41.71  
 2206 Q	 43.08  
 2207 E	 64.14  
 2208 E	 68.09  
 2209 E	 65.13  
 2210 E	 56.12  
 2211 K	 41.93  
 2212 A	 15.61  
 2213 R	 40.89  
 2214 L	 4.96  
 2215 L	 2.13  
 2216 I	 6.54  
 2217 G	 16.33  
 2218 L	 2.73  
 2219 S	 20.88  
 2220 V	 16.09  
 2221 G	 36.48  
 2222 D	 45.46  
 2223 K	 60.14  
 2224 N	 56.12  
 2225 P	 62.82  
 2226 G	 60.46  
 2227 K	 44.60  
 2228 K	 55.49  
 2229 S	 27.00  
 2230 I	 6.11  
 2231 F	 8.87  
 2232 G	 27.15  
 2233 R	 32.25  
 2234 R	 49.79  
 2235 K	 64.43  
