 1 M	 5.79  
 2 A	 14.56  
 3 H	 32.54  
 4 T	 20.83  
 5 T	 24.11  
 6 K	 34.55  
 7 V	 10.35  
 8 N	 40.01  
 9 G	 27.81  
 10 S	 17.66  
 11 A	 24.57  
 12 S	 42.39  
 13 G	 24.45  
 14 K	 46.85  
 15 A	 25.15  
 16 G	 26.44  
 17 D	 43.44  
 18 I	 3.01  
 19 L	 5.80  
 20 S	 40.43  
 21 G	 32.90  
 22 D	 50.56  
 23 Q	 68.17  
 24 D	 62.29  
 25 K	 57.31  
 26 E	 71.76  
 27 Q	 62.28  
 28 K	 62.86  
 29 D	 42.71  
 30 P	 31.34  
 31 Y	 30.32  
 32 F	 4.94  
 33 V	 7.08  
 34 E	 33.88  
 35 T	 19.26  
 36 P	 13.67  
 37 Y	 35.57  
 38 G	 12.62  
 39 Y	 10.48  
 40 Q	 24.92  
 41 L	 5.48  
 42 D	 28.77  
 43 L	 7.34  
 44 D	 46.64  
 45 F	 9.12  
 46 L	 3.80  
 47 K	 43.13  
 48 Y	 15.97  
 49 V	 5.22  
 50 D	 44.18  
 51 D	 34.86  
 52 I	 3.84  
 53 Q	 55.38  
 54 K	 55.23  
 55 G	 21.82  
 56 N	 45.74  
 57 T	 36.22  
 58 I	 2.57  
 59 K	 49.12  
 60 R	 29.17  
 61 L	 5.86  
 62 N	 38.38  
 63 I	 6.38  
 64 Q	 31.93  
 65 K	 50.83  
 66 R	 35.16  
 67 R	 63.37  
 68 K	 45.75  
 69 P	 38.45  
 70 S	 41.55  
 71 V	 8.41  
 72 P	 32.08  
 73 C	 5.82  
 74 P	 48.86  
 75 E	 54.88  
 76 P	 24.86  
 77 R	 49.31  
 78 T	 35.71  
 79 T	 31.94  
 80 S	 33.71  
 81 G	 23.03  
 82 Q	 37.79  
 83 Q	 49.19  
 84 G	 14.98  
 85 I	 2.93  
 86 W	 7.36  
 87 T	 24.69  
 88 S	 18.38  
 89 T	 23.40  
 90 E	 49.83  
 91 S	 33.37  
 92 L	 4.72  
 93 S	 40.79  
 94 S	 38.54  
 95 S	 36.66  
 96 N	 51.94  
 97 S	 48.57  
 98 D	 68.69  
 99 D	 65.14  
 100 N	 41.09  
 101 K	 61.34  
 102 Q	 54.90  
 103 C	 2.96  
 104 P	 31.92  
 105 N	 52.57  
 106 F	 2.93  
 107 L	 3.68  
 108 I	 2.34  
 109 A	 13.76  
 110 R	 22.19  
 111 S	 21.71  
 112 Q	 36.63  
 113 V	 4.87  
 114 T	 21.17  
 115 S	 33.07  
 116 T	 18.44  
 117 P	 28.73  
 118 I	 9.29  
 119 S	 40.07  
 120 K	 63.36  
 121 P	 39.58  
 122 P	 47.05  
 123 P	 55.42  
 124 P	 48.91  
 125 L	 16.10  
 126 E	 41.97  
 127 T	 43.15  
 128 S	 25.35  
 129 L	 4.55  
 130 P	 23.20  
 131 F	 13.10  
 132 L	 3.91  
 133 T	 34.56  
 134 I	 4.36  
 135 P	 27.81  
 136 E	 62.28  
 137 N	 31.48  
 138 R	 37.44  
 139 Q	 70.65  
 140 L	 6.58  
 141 P	 30.34  
 142 P	 51.06  
 143 P	 57.62  
 144 S	 30.93  
 145 P	 45.56  
 146 Q	 74.80  
 147 L	 7.48  
 148 P	 30.52  
 149 K	 54.43  
 150 H	 39.89  
 151 N	 37.66  
 152 L	 3.25  
 153 H	 30.44  
 154 V	 7.09  
 155 T	 13.94  
 156 K	 38.27  
 157 T	 23.21  
 158 L	 2.88  
 159 M	 6.30  
 160 E	 42.13  
 161 T	 18.60  
 162 R	 14.39  
 163 R	 55.76  
 164 R	 39.01  
 165 L	 8.27  
 166 E	 48.89  
 167 Q	 50.49  
 168 E	 34.60  
 169 R	 34.74  
 170 A	 13.48  
 171 T	 17.73  
 172 M	 2.21  
 173 Q	 28.39  
 174 M	 3.20  
 175 T	 15.96  
 176 P	 34.67  
 177 G	 37.19  
 178 E	 36.86  
 179 F	 11.28  
 180 R	 43.31  
 181 R	 26.47  
 182 P	 31.23  
 183 R	 40.86  
 184 L	 5.33  
 185 A	 12.23  
 186 S	 29.08  
 187 F	 9.02  
 188 G	 23.76  
 189 G	 14.88  
 190 M	 4.39  
 191 G	 29.17  
 192 T	 18.02  
 193 T	 15.58  
 194 S	 29.70  
 195 S	 42.05  
 196 L	 4.05  
 197 P	 27.89  
 198 S	 37.55  
 199 F	 7.33  
 200 V	 7.57  
 201 G	 28.02  
 202 S	 30.99  
 203 G	 33.22  
 204 N	 33.20  
 205 H	 45.21  
 206 N	 42.07  
 207 P	 34.82  
 208 A	 27.55  
 209 K	 32.89  
 210 H	 35.37  
 211 Q	 44.00  
 212 L	 4.23  
 213 Q	 34.43  
 214 N	 60.78  
 215 G	 11.81  
 216 Y	 22.31  
 217 Q	 40.03  
 218 G	 31.44  
 219 N	 25.33  
 220 G	 36.02  
 221 D	 48.93  
 222 Y	 14.90  
 223 G	 20.94  
 224 S	 16.34  
 225 Y	 16.55  
 226 A	 6.75  
 227 P	 22.26  
 228 A	 20.22  
 229 A	 10.83  
 230 P	 38.01  
 231 T	 34.28  
 232 T	 20.11  
 233 S	 22.32  
 234 S	 25.68  
 235 M	 6.38  
 236 G	 21.86  
 237 S	 17.60  
 238 S	 20.22  
 239 I	 5.00  
 240 R	 26.61  
 241 H	 31.90  
 242 S	 20.07  
 243 P	 30.09  
 244 L	 7.73  
 245 S	 29.87  
 246 S	 48.07  
 247 G	 17.94  
 248 I	 4.47  
 249 S	 30.13  
 250 T	 21.62  
 251 P	 24.93  
 252 V	 6.52  
 253 T	 30.98  
 254 N	 32.29  
 255 V	 5.05  
 256 S	 20.69  
 257 P	 15.21  
 258 M	 3.72  
 259 H	 26.23  
 260 L	 3.01  
 261 Q	 18.45  
 262 H	 27.68  
 263 I	 3.15  
 264 R	 26.43  
 265 E	 44.07  
 266 Q	 19.43  
 267 M	 2.20  
 268 A	 5.43  
 269 I	 3.76  
 270 A	 9.48  
 271 L	 2.44  
 272 K	 46.81  
 273 R	 52.41  
 274 L	 4.90  
 275 K	 65.37  
 276 E	 67.04  
 277 L	 9.31  
 278 E	 47.69  
 279 E	 67.98  
 280 Q	 22.18  
 281 V	 7.06  
 282 R	 26.99  
 283 T	 30.67  
 284 I	 1.23  
 285 P	 21.83  
 286 V	 5.29  
 287 L	 3.98  
 288 Q	 34.39  
 289 V	 5.34  
 290 K	 19.12  
 291 I	 3.46  
 292 S	 15.85  
 293 V	 7.92  
 294 L	 4.18  
 295 Q	 55.43  
 296 E	 62.41  
 297 E	 40.35  
 298 K	 44.70  
 299 R	 38.04  
 300 Q	 58.23  
 301 L	 4.67  
 302 V	 2.31  
 303 S	 38.09  
 304 Q	 49.31  
 305 L	 4.36  
 306 K	 43.32  
 307 N	 45.20  
 308 Q	 34.50  
 309 R	 41.33  
 310 A	 11.16  
 311 A	 12.26  
 312 S	 30.52  
 313 Q	 26.92  
 314 I	 3.75  
 315 N	 18.52  
 316 V	 3.00  
 317 C	 3.45  
 318 G	 20.27  
 319 V	 5.73  
 320 R	 17.60  
 321 K	 43.20  
 322 R	 30.20  
 323 S	 26.86  
 324 Y	 13.43  
 325 S	 30.83  
 326 A	 13.66  
 327 G	 25.05  
 328 N	 35.81  
 329 A	 9.57  
 330 S	 39.02  
 331 Q	 46.76  
 332 L	 4.14  
 333 E	 41.67  
 334 Q	 54.02  
 335 L	 2.46  
 336 S	 24.48  
 337 R	 40.48  
 338 A	 14.09  
 339 R	 31.99  
 340 R	 38.37  
 341 S	 45.67  
 342 G	 31.61  
 343 G	 24.00  
 344 E	 41.76  
 345 L	 5.27  
 346 Y	 6.35  
 347 I	 7.70  
 348 D	 31.10  
 349 Y	 18.71  
 350 E	 56.00  
 351 E	 53.69  
 352 E	 51.18  
 353 E	 45.67  
 354 M	 6.22  
 355 E	 53.64  
 356 T	 28.21  
 357 V	 3.92  
 358 E	 46.35  
 359 Q	 47.66  
 360 S	 17.01  
 361 T	 22.89  
 362 Q	 50.80  
 363 R	 41.87  
 364 I	 3.45  
 365 K	 53.65  
 366 E	 43.63  
 367 F	 5.25  
 368 R	 31.52  
 369 Q	 48.78  
 370 L	 3.57  
 371 T	 16.57  
 372 A	 20.90  
 373 D	 25.21  
 374 M	 2.02  
 375 Q	 43.26  
 376 A	 13.36  
 377 L	 3.94  
 378 E	 53.49  
 379 Q	 49.34  
 380 K	 32.72  
 381 I	 5.71  
 382 Q	 52.12  
 383 D	 46.09  
 384 S	 22.10  
 385 S	 25.02  
 386 C	 6.16  
 387 E	 54.24  
 388 A	 23.76  
 389 S	 11.31  
 390 S	 47.93  
 391 E	 49.72  
 392 L	 10.07  
 393 R	 31.14  
 394 E	 80.40  
 395 N	 45.16  
 396 G	 30.54  
 397 E	 38.04  
 398 C	 4.10  
 399 R	 29.84  
 400 S	 26.53  
 401 V	 2.30  
 402 A	 8.69  
 403 V	 7.56  
 404 G	 19.96  
 405 A	 17.84  
 406 E	 43.93  
 407 E	 62.33  
 408 N	 26.51  
 409 M	 5.58  
 410 N	 47.65  
 411 D	 25.04  
 412 I	 1.59  
 413 V	 3.79  
 414 V	 3.21  
 415 Y	 3.79  
 416 H	 18.93  
 417 R	 27.39  
 418 G	 17.69  
 419 S	 22.45  
 420 R	 49.23  
 421 S	 27.50  
 422 C	 4.49  
 423 K	 52.20  
 424 D	 44.05  
 425 A	 6.91  
 426 A	 15.48  
 427 V	 6.88  
 428 G	 14.49  
 429 T	 22.49  
 430 L	 2.24  
 431 V	 5.65  
 432 E	 35.22  
 433 M	 2.66  
 434 R	 23.06  
 435 N	 26.11  
 436 C	 3.93  
 437 G	 20.48  
 438 V	 4.54  
 439 S	 14.49  
 440 V	 5.36  
 441 T	 15.55  
 442 E	 29.90  
 443 A	 6.80  
 444 M	 2.45  
 445 L	 6.36  
 446 G	 8.28  
 447 V	 3.65  
 448 M	 2.38  
 449 T	 26.14  
 450 E	 36.45  
 451 A	 24.82  
 452 D	 42.77  
 453 K	 68.58  
 454 E	 42.09  
 455 I	 8.68  
 456 E	 41.43  
 457 L	 7.37  
 458 Q	 22.12  
 459 Q	 55.82  
 460 Q	 31.33  
 461 T	 23.52  
 462 I	 2.69  
 463 E	 54.10  
 464 S	 40.67  
 465 L	 5.57  
 466 K	 67.26  
 467 E	 50.40  
 468 K	 43.37  
 469 I	 2.25  
 470 Y	 21.88  
 471 R	 28.04  
 472 L	 4.19  
 473 E	 21.15  
 474 V	 8.43  
 475 Q	 25.98  
 476 L	 6.89  
 477 R	 23.32  
 478 E	 67.65  
 479 T	 24.01  
 480 T	 19.61  
 481 H	 39.28  
 482 D	 46.25  
 483 R	 28.16  
 484 E	 58.21  
 485 M	 4.11  
 486 T	 28.59  
 487 K	 52.99  
 488 L	 5.21  
 489 K	 43.19  
 490 Q	 68.05  
 491 E	 41.06  
 492 L	 3.78  
 493 Q	 28.54  
 494 A	 26.81  
 495 A	 11.97  
 496 G	 30.88  
 497 S	 35.88  
 498 R	 41.73  
 499 K	 59.87  
 500 K	 55.33  
 501 V	 11.64  
 502 D	 43.69  
 503 K	 49.06  
 504 A	 9.72  
 505 T	 20.84  
 506 M	 3.78  
 507 A	 11.95  
 508 Q	 22.49  
 509 P	 22.43  
 510 L	 3.95  
 511 V	 6.92  
 512 F	 8.45  
 513 S	 19.63  
 514 K	 38.54  
 515 V	 4.57  
 516 V	 4.49  
 517 E	 38.44  
 518 A	 8.65  
 519 V	 1.76  
 520 V	 6.57  
 521 Q	 24.99  
 522 T	 25.30  
 523 R	 18.31  
 524 D	 44.29  
 525 Q	 25.77  
 526 M	 4.28  
 527 V	 6.22  
 528 G	 13.39  
 529 S	 12.29  
 530 H	 14.09  
 531 M	 4.58  
 532 D	 37.81  
 533 L	 2.67  
 534 V	 5.09  
 535 D	 41.51  
 536 T	 11.12  
 537 C	 1.99  
 538 V	 11.56  
 539 G	 17.89  
 540 T	 14.81  
 541 S	 16.42  
 542 V	 12.05  
 543 E	 41.88  
 544 T	 30.55  
 545 N	 22.61  
 546 S	 29.19  
 547 V	 9.53  
 548 G	 13.10  
 549 I	 3.31  
 550 S	 10.77  
 551 C	 8.06  
 552 Q	 30.00  
 553 P	 53.96  
 554 E	 32.04  
 555 C	 8.18  
 556 K	 59.13  
 557 N	 54.75  
 558 K	 24.64  
 559 V	 9.34  
 560 V	 12.98  
 561 G	 16.98  
 562 P	 28.48  
 563 E	 60.62  
 564 L	 5.70  
 565 P	 16.64  
 566 M	 11.65  
 567 N	 29.05  
 568 W	 4.66  
 569 W	 4.78  
 570 I	 2.10  
 571 V	 3.11  
 572 K	 30.57  
 573 E	 51.57  
 574 R	 24.79  
 575 V	 8.86  
 576 E	 36.70  
 577 M	 3.49  
 578 H	 13.07  
 579 D	 46.15  
 580 R	 9.48  
 581 C	 6.16  
 582 A	 19.82  
 583 G	 26.48  
 584 R	 21.00  
 585 S	 22.85  
 586 V	 5.38  
 587 E	 35.03  
 588 M	 3.16  
 589 C	 3.64  
 590 D	 44.98  
 591 K	 48.07  
 592 S	 13.33  
 593 V	 10.28  
 594 S	 21.46  
 595 V	 8.69  
 596 E	 22.90  
 597 V	 4.94  
 598 S	 13.93  
 599 V	 4.06  
 600 C	 2.78  
 601 E	 54.79  
 602 T	 40.56  
 603 G	 9.15  
 604 S	 48.26  
 605 N	 53.51  
 606 T	 42.71  
 607 E	 53.15  
 608 E	 58.93  
 609 S	 21.71  
 610 V	 7.95  
 611 N	 48.10  
 612 D	 38.58  
 613 L	 2.83  
 614 T	 32.67  
 615 L	 6.33  
 616 L	 5.61  
 617 K	 38.18  
 618 T	 44.93  
 619 N	 25.91  
 620 L	 10.85  
 621 N	 51.65  
 622 L	 5.88  
 623 K	 53.76  
 624 E	 46.45  
 625 V	 5.78  
 626 R	 24.53  
 627 S	 28.63  
 628 I	 3.57  
 629 G	 15.59  
 630 C	 3.86  
 631 G	 33.47  
 632 D	 26.12  
 633 C	 2.31  
 634 S	 26.54  
 635 V	 9.61  
 636 D	 17.68  
 637 V	 3.97  
 638 T	 16.01  
 639 V	 2.82  
 640 C	 4.15  
 641 S	 34.37  
 642 P	 31.19  
 643 K	 49.48  
 644 E	 38.41  
 645 C	 5.34  
 646 A	 11.89  
 647 S	 41.02  
 648 R	 34.26  
 649 G	 17.96  
 650 V	 8.55  
 651 N	 34.72  
 652 T	 23.94  
 653 E	 41.70  
 654 A	 12.29  
 655 V	 3.15  
 656 S	 35.24  
 657 Q	 30.39  
 658 V	 4.15  
 659 E	 24.23  
 660 A	 13.39  
 661 A	 4.33  
 662 V	 3.05  
 663 M	 2.39  
 664 A	 11.10  
 665 V	 1.45  
 666 P	 20.54  
 667 R	 35.63  
 668 T	 28.63  
 669 A	 17.47  
 670 D	 46.40  
 671 Q	 54.11  
 672 D	 43.08  
 673 T	 28.08  
 674 S	 28.37  
 675 T	 46.85  
 676 D	 48.23  
 677 L	 5.13  
 678 E	 54.06  
 679 Q	 45.34  
 680 V	 2.53  
 681 H	 19.41  
 682 Q	 48.26  
 683 F	 3.25  
 684 T	 34.36  
 685 N	 36.89  
 686 T	 31.49  
 687 E	 38.22  
 688 T	 23.93  
 689 A	 8.32  
 690 T	 35.37  
 691 L	 3.66  
 692 I	 2.96  
 693 E	 42.76  
 694 S	 21.17  
 695 C	 1.89  
 696 T	 42.73  
 697 N	 32.87  
 698 T	 9.18  
 699 C	 2.83  
 700 L	 4.05  
 701 S	 29.13  
 702 T	 26.48  
 703 L	 7.52  
 704 D	 40.90  
 705 K	 59.60  
 706 Q	 40.11  
 707 T	 39.21  
 708 S	 18.94  
 709 T	 31.48  
 710 Q	 43.23  
 711 T	 22.01  
 712 V	 5.20  
 713 E	 35.64  
 714 T	 27.57  
 715 R	 17.44  
 716 T	 21.90  
 717 V	 3.51  
 718 A	 11.72  
 719 V	 6.61  
 720 G	 23.15  
 721 E	 36.91  
 722 G	 33.48  
 723 R	 28.19  
 724 V	 10.84  
 725 K	 52.08  
 726 D	 42.31  
 727 I	 4.45  
 728 N	 39.79  
 729 S	 39.45  
 730 S	 29.45  
 731 T	 35.93  
 732 K	 43.84  
 733 T	 29.72  
 734 R	 28.03  
 735 S	 29.00  
 736 I	 4.70  
 737 G	 17.04  
 738 V	 5.16  
 739 G	 12.87  
 740 T	 23.32  
 741 L	 2.70  
 742 L	 6.06  
 743 S	 37.26  
 744 G	 20.96  
 745 H	 22.75  
 746 S	 44.68  
 747 G	 23.85  
 748 F	 8.91  
 749 D	 66.17  
 750 R	 25.47  
 751 P	 28.60  
 752 S	 46.73  
 753 A	 14.98  
 754 V	 10.70  
 755 K	 54.30  
 756 T	 33.18  
 757 K	 44.13  
 758 E	 58.94  
 759 S	 40.09  
 760 G	 28.77  
 761 V	 7.69  
 762 G	 26.61  
 763 Q	 24.13  
 764 I	 4.61  
 765 N	 21.08  
 766 I	 7.97  
 767 N	 27.30  
 768 D	 41.16  
 769 N	 27.79  
 770 Y	 12.96  
 771 L	 2.86  
 772 V	 6.27  
 773 G	 19.58  
 774 L	 2.84  
 775 K	 22.02  
 776 M	 5.70  
 777 R	 22.76  
 778 T	 14.93  
 779 I	 1.79  
 780 A	 7.50  
 781 C	 8.11  
 782 G	 28.09  
 783 P	 17.22  
 784 P	 27.39  
 785 Q	 53.55  
 786 L	 5.30  
 787 T	 13.79  
 788 V	 8.87  
 789 G	 16.45  
 790 L	 2.92  
 791 T	 19.36  
 792 A	 13.19  
 793 S	 24.00  
 794 R	 32.22  
 795 R	 32.95  
 796 S	 23.32  
 797 V	 7.36  
 798 G	 20.95  
 799 V	 7.72  
 800 G	 27.89  
 801 D	 55.42  
 802 D	 33.58  
 803 P	 40.53  
 804 V	 20.01  
 805 G	 24.94  
 806 E	 53.00  
 807 S	 34.75  
 808 L	 6.84  
 809 E	 75.93  
 810 N	 45.88  
 811 P	 37.54  
 812 Q	 55.08  
 813 P	 33.29  
 814 Q	 50.82  
 815 A	 14.15  
 816 P	 24.97  
 817 L	 8.44  
 818 G	 11.62  
 819 M	 2.60  
 820 M	 2.26  
 821 T	 26.21  
 822 G	 15.94  
 823 L	 2.42  
 824 D	 33.61  
 825 H	 30.43  
 826 Y	 12.25  
 827 I	 2.29  
 828 E	 36.24  
 829 R	 27.38  
 830 I	 2.48  
 831 Q	 36.24  
 832 K	 43.00  
 833 L	 2.91  
 834 L	 6.76  
 835 A	 24.00  
 836 E	 43.10  
 837 Q	 35.63  
 838 Q	 26.14  
 839 T	 24.35  
 840 L	 3.57  
 841 L	 6.79  
 842 A	 13.20  
 843 E	 57.58  
 844 N	 39.77  
 845 Y	 8.60  
 846 S	 37.40  
 847 E	 41.46  
 848 L	 4.25  
 849 A	 11.30  
 850 E	 58.10  
 851 A	 16.49  
 852 F	 9.54  
 853 G	 55.35  
 854 E	 33.13  
 855 P	 32.58  
 856 H	 26.76  
 857 S	 32.36  
 858 Q	 36.90  
 859 M	 4.39  
 860 G	 22.73  
 861 S	 21.02  
 862 L	 6.23  
 863 N	 29.43  
 864 S	 31.49  
 865 Q	 41.56  
 866 L	 3.16  
 867 I	 1.99  
 868 S	 31.71  
 869 T	 24.54  
 870 L	 2.78  
 871 S	 29.30  
 872 S	 28.97  
 873 I	 3.91  
 874 N	 30.42  
 875 S	 23.17  
 876 V	 4.91  
 877 M	 2.59  
 878 K	 40.49  
 879 S	 14.89  
 880 A	 18.23  
 881 S	 43.36  
 882 T	 32.94  
 883 E	 53.17  
 884 E	 53.79  
 885 L	 5.37  
 886 R	 56.78  
 887 N	 53.79  
 888 P	 37.04  
 889 D	 63.26  
 890 F	 9.41  
 891 Q	 56.34  
 892 K	 39.82  
 893 T	 20.57  
 894 S	 42.00  
 895 L	 11.09  
 896 G	 21.06  
 897 K	 42.25  
 898 I	 5.90  
 899 T	 23.90  
 900 G	 25.02  
 901 N	 21.87  
 902 Y	 11.66  
 903 L	 4.98  
 904 G	 12.82  
 905 Y	 13.33  
 906 T	 12.04  
 907 C	 2.30  
 908 K	 28.28  
 909 C	 5.94  
 910 G	 25.91  
 911 G	 29.98  
 912 L	 1.91  
 913 Q	 49.36  
 914 S	 46.40  
 915 G	 21.96  
 916 S	 28.10  
 917 P	 39.52  
 918 L	 9.12  
 919 S	 24.63  
 920 S	 45.20  
 921 Q	 41.62  
 922 T	 31.14  
 923 S	 35.78  
 924 Q	 49.27  
 925 P	 45.03  
 926 E	 52.30  
 927 Q	 58.31  
 928 E	 41.05  
 929 V	 11.50  
 930 G	 23.83  
 931 T	 28.87  
 932 S	 38.12  
 933 E	 71.69  
 934 G	 40.58  
 935 K	 34.82  
 936 P	 42.42  
 937 I	 5.07  
 938 S	 33.12  
 939 S	 30.87  
 940 L	 4.38  
 941 D	 48.38  
 942 A	 20.01  
 943 F	 7.21  
 944 P	 34.59  
 945 T	 32.57  
 946 Q	 47.57  
 947 E	 57.53  
 948 G	 23.34  
 949 T	 24.26  
 950 L	 8.83  
 951 S	 27.00  
 952 P	 23.33  
 953 V	 9.12  
 954 N	 40.38  
 955 L	 5.90  
 956 T	 32.12  
 957 D	 49.32  
 958 D	 36.23  
 959 Q	 29.99  
 960 I	 3.50  
 961 A	 6.99  
 962 A	 15.34  
 963 G	 15.36  
 964 L	 1.78  
 965 Y	 9.94  
 966 A	 9.94  
 967 C	 2.36  
 968 T	 32.67  
 969 N	 50.59  
 970 N	 26.83  
 971 E	 47.36  
 972 S	 40.96  
 973 T	 31.84  
 974 L	 5.96  
 975 K	 37.72  
 976 S	 30.90  
 977 I	 4.48  
 978 M	 7.22  
 979 K	 55.81  
 980 K	 38.42  
 981 K	 66.41  
 982 D	 74.83  
 983 G	 52.55  
 984 N	 55.91  
 985 K	 68.97  
 986 D	 51.87  
 987 S	 38.48  
 988 N	 65.65  
 989 G	 42.60  
 990 A	 24.73  
 991 K	 43.52  
 992 K	 63.46  
 993 N	 38.07  
 994 L	 6.00  
 995 Q	 40.13  
 996 F	 6.48  
 997 V	 4.92  
 998 G	 14.66  
 999 I	 3.49  
 1000 N	 31.72  
 1001 G	 37.83  
 1002 G	 16.77  
 1003 Y	 16.11  
 1004 E	 49.21  
 1005 T	 24.40  
 1006 T	 17.81  
 1007 S	 38.91  
 1008 S	 43.26  
 1009 D	 60.63  
 1010 D	 52.98  
 1011 S	 36.41  
 1012 S	 49.13  
 1013 S	 49.72  
 1014 D	 62.84  
 1015 E	 55.24  
 1016 S	 40.28  
 1017 S	 35.52  
 1018 S	 47.61  
 1019 S	 42.96  
 1020 E	 61.20  
 1021 S	 52.92  
 1022 D	 52.23  
 1023 D	 68.64  
 1024 E	 37.29  
 1025 C	 6.96  
 1026 D	 42.24  
 1027 V	 5.61  
 1028 I	 2.40  
 1029 E	 40.73  
 1030 Y	 11.29  
 1031 P	 22.09  
 1032 L	 14.67  
 1033 E	 59.88  
 1034 E	 77.66  
 1035 E	 62.42  
 1036 E	 74.18  
 1037 E	 70.71  
 1038 E	 74.22  
 1039 E	 70.72  
 1040 D	 63.45  
 1041 E	 65.64  
 1042 D	 54.76  
 1043 T	 27.37  
 1044 R	 45.25  
 1045 G	 23.03  
 1046 M	 2.50  
 1047 A	 23.57  
 1048 E	 50.60  
 1049 G	 14.35  
 1050 H	 9.38  
 1051 H	 42.08  
 1052 A	 7.15  
 1053 V	 6.87  
 1054 N	 27.64  
 1055 I	 3.41  
 1056 E	 53.95  
 1057 G	 34.31  
 1058 L	 2.28  
 1059 K	 53.58  
 1060 S	 26.75  
 1061 A	 20.25  
 1062 R	 39.18  
 1063 V	 12.44  
 1064 E	 42.58  
 1065 D	 54.53  
 1066 E	 20.29  
 1067 M	 7.96  
 1068 Q	 31.52  
 1069 V	 5.09  
 1070 Q	 32.50  
 1071 E	 41.83  
 1072 C	 6.21  
 1073 E	 56.60  
 1074 P	 59.37  
 1075 E	 47.65  
 1076 K	 56.75  
 1077 V	 7.63  
 1078 E	 47.61  
 1079 I	 6.58  
 1080 R	 14.61  
 1081 E	 66.34  
 1082 R	 22.00  
 1083 Y	 19.23  
 1084 E	 52.63  
 1085 L	 6.25  
 1086 S	 24.19  
 1087 E	 55.92  
 1088 K	 41.59  
 1089 M	 2.91  
 1090 L	 4.32  
 1091 S	 27.55  
 1092 A	 5.14  
 1093 C	 3.11  
 1094 N	 48.39  
 1095 L	 7.88  
 1096 L	 2.21  
 1097 K	 56.03  
 1098 N	 46.27  
 1099 T	 21.41  
 1100 I	 8.44  
 1101 N	 58.45  
 1102 D	 42.07  
 1103 P	 21.23  
 1104 K	 59.91  
 1105 A	 22.81  
 1106 L	 7.49  
 1107 T	 38.29  
 1108 S	 27.75  
 1109 K	 50.76  
 1110 D	 33.00  
 1111 M	 3.98  
 1112 R	 29.29  
 1113 F	 4.45  
 1114 C	 1.70  
 1115 L	 5.15  
 1116 N	 39.67  
 1117 T	 18.17  
 1118 L	 4.81  
 1119 Q	 30.34  
 1120 H	 37.05  
 1121 E	 35.04  
 1122 W	 5.57  
 1123 F	 5.14  
 1124 R	 28.60  
 1125 V	 4.74  
 1126 S	 23.85  
 1127 S	 38.48  
 1128 Q	 35.90  
 1129 K	 43.75  
 1130 S	 24.64  
 1131 A	 20.86  
 1132 I	 2.63  
 1133 P	 17.64  
 1134 A	 10.12  
 1135 M	 2.65  
 1136 V	 5.99  
 1137 G	 14.66  
 1138 D	 21.91  
 1139 Y	 6.12  
 1140 I	 2.37  
 1141 A	 10.40  
 1142 A	 8.02  
 1143 F	 4.88  
 1144 E	 40.13  
 1145 A	 10.91  
 1146 I	 4.90  
 1147 S	 23.30  
 1148 P	 29.62  
 1149 D	 45.34  
 1150 V	 3.58  
 1151 L	 4.22  
 1152 R	 24.42  
 1153 Y	 11.08  
 1154 V	 1.57  
 1155 I	 2.31  
 1156 N	 21.09  
 1157 L	 2.94  
 1158 A	 20.41  
 1159 D	 55.01  
 1160 G	 38.03  
 1161 N	 40.88  
 1162 G	 38.09  
 1163 N	 26.61  
 1164 T	 31.81  
 1165 A	 9.06  
 1166 L	 3.52  
 1167 H	 15.45  
 1168 Y	 16.18  
 1169 S	 13.34  
 1170 V	 4.74  
 1171 S	 18.43  
 1172 H	 25.30  
 1173 S	 35.39  
 1174 N	 32.90  
 1175 F	 8.32  
 1176 E	 51.64  
 1177 I	 2.64  
 1178 V	 2.55  
 1179 K	 38.79  
 1180 L	 3.88  
 1181 L	 3.18  
 1182 L	 8.06  
 1183 D	 40.46  
 1184 A	 15.88  
 1185 D	 45.21  
 1186 V	 2.47  
 1187 C	 4.17  
 1188 N	 41.94  
 1189 V	 6.17  
 1190 D	 24.54  
 1191 H	 28.91  
 1192 Q	 48.97  
 1193 N	 32.50  
 1194 K	 36.30  
 1195 A	 24.63  
 1196 G	 28.58  
 1197 Y	 17.75  
 1198 T	 12.86  
 1199 P	 11.08  
 1200 I	 2.45  
 1201 M	 1.88  
 1202 L	 2.33  
 1203 A	 5.31  
 1204 A	 8.18  
 1205 L	 2.33  
 1206 A	 12.53  
 1207 A	 10.67  
 1208 V	 6.27  
 1209 E	 46.51  
 1210 A	 23.65  
 1211 E	 35.76  
 1212 K	 64.96  
 1213 D	 24.09  
 1214 M	 4.70  
 1215 R	 39.68  
 1216 I	 3.52  
 1217 V	 3.10  
 1218 E	 46.76  
 1219 E	 38.21  
 1220 L	 2.57  
 1221 F	 9.59  
 1222 G	 27.42  
 1223 C	 3.09  
 1224 G	 42.13  
 1225 D	 34.28  
 1226 V	 4.56  
 1227 N	 40.23  
 1228 A	 14.51  
 1229 K	 43.28  
 1230 A	 12.40  
 1231 S	 21.61  
 1232 Q	 55.14  
 1233 A	 15.01  
 1234 G	 20.10  
 1235 Q	 26.98  
 1236 T	 22.35  
 1237 A	 5.31  
 1238 L	 3.08  
 1239 M	 1.78  
 1240 L	 4.41  
 1241 A	 6.18  
 1242 V	 3.70  
 1243 S	 18.02  
 1244 H	 23.97  
 1245 G	 22.26  
 1246 R	 19.13  
 1247 I	 4.79  
 1248 D	 34.17  
 1249 M	 2.89  
 1250 V	 3.84  
 1251 K	 36.88  
 1252 G	 17.95  
 1253 L	 1.96  
 1254 L	 5.16  
 1255 A	 8.50  
 1256 C	 4.69  
 1257 G	 21.14  
 1258 A	 19.91  
 1259 D	 21.19  
 1260 V	 7.24  
 1261 N	 27.10  
 1262 I	 4.83  
 1263 Q	 47.07  
 1264 D	 52.73  
 1265 D	 45.86  
 1266 E	 64.43  
 1267 G	 36.97  
 1268 S	 14.41  
 1269 T	 34.37  
 1270 A	 8.59  
 1271 L	 2.68  
 1272 M	 1.34  
 1273 C	 3.81  
 1274 A	 12.18  
 1275 S	 25.79  
 1276 E	 35.05  
 1277 H	 29.21  
 1278 G	 23.60  
 1279 H	 18.88  
 1280 V	 6.77  
 1281 E	 36.07  
 1282 I	 3.01  
 1283 V	 1.95  
 1284 K	 38.79  
 1285 L	 3.08  
 1286 L	 2.85  
 1287 L	 6.36  
 1288 A	 17.31  
 1289 Q	 34.58  
 1290 P	 43.63  
 1291 G	 12.87  
 1292 C	 7.59  
 1293 N	 47.00  
 1294 G	 30.73  
 1295 H	 16.44  
 1296 L	 10.55  
 1297 E	 49.44  
 1298 D	 65.95  
 1299 N	 46.28  
 1300 D	 65.82  
 1301 G	 32.90  
 1302 S	 17.23  
 1303 T	 36.83  
 1304 A	 10.87  
 1305 L	 3.74  
 1306 S	 11.89  
 1307 I	 5.43  
 1308 A	 8.93  
 1309 L	 4.40  
 1310 E	 43.51  
 1311 A	 26.66  
 1312 G	 20.99  
 1313 H	 31.50  
 1314 K	 50.33  
 1315 D	 28.53  
 1316 I	 3.22  
 1317 A	 8.95  
 1318 V	 3.75  
 1319 L	 1.93  
 1320 L	 2.59  
 1321 Y	 7.18  
 1322 A	 10.50  
 1323 H	 11.07  
 1324 V	 4.85  
 1325 N	 22.69  
 1326 F	 7.79  
 1327 A	 10.89  
 1328 K	 42.70  
 1329 A	 16.20  
 1330 Q	 49.83  
 1331 S	 30.11  
 1332 P	 38.30  
 1333 G	 54.31  
 1334 T	 14.50  
 1335 P	 35.10  
 1336 R	 50.00  
 1337 L	 9.06  
 1338 G	 30.25  
 1339 R	 43.61  
 1340 K	 52.10  
 1341 T	 38.50  
 1342 S	 30.78  
 1343 P	 59.00  
 1344 G	 39.23  
 1345 P	 28.54  
 1346 T	 30.07  
 1347 H	 34.93  
 1348 R	 44.95  
 1349 G	 25.67  
 1350 S	 26.63  
 1351 F	 16.78  
 1352 D	 60.35  
