 1 M	 5.51  
 2 P	 28.45  
 3 S	 34.32  
 4 A	 8.64  
 5 L	 4.39  
 6 A	 8.45  
 7 I	 2.82  
 8 F	 4.36  
 9 T	 11.07  
 10 C	 4.79  
 11 R	 30.31  
 12 P	 49.15  
 13 N	 33.33  
 14 S	 34.91  
 15 H	 33.56  
 16 P	 32.22  
 17 F	 11.17  
 18 Q	 51.79  
 19 E	 45.17  
 20 R	 17.49  
 21 H	 16.30  
 22 V	 6.77  
 23 Y	 11.43  
 24 L	 6.14  
 25 D	 41.77  
 26 E	 46.46  
 27 P	 32.60  
 28 I	 4.83  
 29 K	 50.23  
 30 I	 6.00  
 31 G	 15.71  
 32 R	 31.28  
 33 S	 18.21  
 34 V	 3.62  
 35 A	 13.20  
 36 R	 18.15  
 37 C	 4.39  
 38 R	 24.84  
 39 P	 41.65  
 40 A	 12.84  
 41 Q	 46.52  
 42 N	 42.06  
 43 N	 28.42  
 44 A	 19.73  
 45 T	 23.33  
 46 F	 10.89  
 47 D	 27.29  
 48 C	 2.61  
 49 K	 48.32  
 50 V	 8.04  
 51 L	 2.14  
 52 S	 33.74  
 53 R	 34.49  
 54 N	 22.77  
 55 H	 21.23  
 56 A	 13.83  
 57 L	 2.45  
 58 V	 5.06  
 59 W	 8.19  
 60 F	 5.71  
 61 D	 27.02  
 62 H	 21.80  
 63 K	 61.90  
 64 T	 42.03  
 65 G	 23.91  
 66 K	 35.75  
 67 F	 8.55  
 68 Y	 13.62  
 69 L	 4.12  
 70 Q	 44.97  
 71 D	 54.21  
 72 T	 21.62  
 73 K	 61.24  
 74 S	 31.00  
 75 S	 40.61  
 76 N	 61.69  
 77 G	 24.77  
 78 T	 26.12  
 79 F	 5.43  
 80 I	 4.94  
 81 N	 28.09  
 82 S	 16.32  
 83 Q	 45.93  
 84 R	 34.16  
 85 L	 2.95  
 86 S	 36.46  
 87 R	 58.19  
 88 G	 35.71  
 89 S	 36.76  
 90 E	 66.38  
 91 E	 70.96  
 92 S	 30.05  
 93 P	 40.62  
 94 P	 37.34  
 95 C	 6.04  
 96 E	 53.38  
 97 I	 4.77  
 98 L	 1.87  
 99 S	 39.83  
 100 G	 27.05  
 101 D	 31.29  
 102 I	 2.80  
 103 I	 3.10  
 104 Q	 29.40  
 105 F	 7.89  
 106 G	 9.80  
 107 V	 5.89  
 108 D	 41.84  
 109 V	 7.22  
 110 T	 21.03  
 111 E	 57.35  
 112 N	 35.50  
 113 T	 26.15  
 114 R	 42.92  
 115 K	 49.82  
 116 V	 4.27  
 117 T	 18.65  
 118 H	 31.92  
 119 G	 8.09  
 120 C	 1.84  
 121 I	 3.04  
 122 V	 4.86  
 123 S	 12.42  
 124 T	 15.96  
 125 I	 2.58  
 126 K	 33.02  
 127 L	 4.75  
 128 F	 8.70  
 129 L	 5.68  
 130 P	 28.86  
 131 D	 71.82  
 132 G	 17.56  
 133 M	 4.79  
 134 E	 35.85  
 135 A	 13.60  
 136 R	 19.82  
 137 L	 8.72  
 138 R	 25.84  
 139 S	 40.60  
 140 D	 36.64  
 141 V	 3.49  
 142 I	 2.48  
 143 H	 22.57  
 144 A	 9.01  
 145 P	 30.55  
 146 L	 7.32  
 147 P	 35.21  
 148 S	 45.28  
 149 P	 36.06  
 150 V	 15.15  
 151 D	 42.99  
 152 K	 33.73  
 153 V	 5.42  
 154 A	 10.75  
 155 A	 24.34  
 156 N	 42.67  
 157 T	 16.41  
 158 P	 19.53  
 159 S	 28.45  
 160 M	 3.82  
 161 Y	 16.13  
 162 S	 14.45  
 163 Q	 33.64  
 164 E	 45.68  
 165 L	 2.28  
 166 F	 7.26  
 167 Q	 53.48  
 168 L	 2.43  
 169 S	 13.14  
 170 Q	 52.10  
 171 Y	 13.64  
 172 L	 2.62  
 173 Q	 29.05  
 174 E	 51.07  
 175 A	 8.84  
 176 L	 3.73  
 177 H	 37.98  
 178 R	 36.37  
 179 E	 29.60  
 180 Q	 41.54  
 181 M	 3.68  
 182 L	 6.70  
 183 E	 40.08  
 184 Q	 41.94  
 185 K	 30.62  
 186 L	 4.38  
 187 A	 17.19  
 188 T	 33.58  
 189 L	 2.01  
 190 Q	 29.62  
 191 R	 34.48  
 192 L	 2.15  
 193 L	 3.36  
 194 A	 13.84  
 195 I	 4.05  
 196 T	 18.10  
 197 Q	 37.84  
 198 E	 41.30  
 199 A	 11.68  
 200 S	 40.44  
 201 D	 52.38  
 202 T	 29.39  
 203 S	 23.37  
 204 W	 6.91  
 205 Q	 26.51  
 206 A	 10.54  
 207 L	 2.80  
 208 I	 6.46  
 209 D	 53.22  
 210 E	 37.73  
 211 D	 42.66  
 212 R	 35.17  
 213 L	 8.67  
 214 L	 2.66  
 215 S	 39.14  
 216 R	 34.53  
 217 L	 5.38  
 218 E	 29.37  
 219 V	 7.62  
 220 M	 2.81  
 221 G	 24.73  
 222 N	 22.69  
 223 Q	 29.26  
 224 L	 3.96  
 225 Q	 30.47  
 226 A	 14.24  
 227 C	 3.72  
 228 S	 37.34  
 229 K	 53.62  
 230 N	 37.40  
 231 Q	 50.43  
 232 T	 51.67  
 233 E	 35.52  
 234 D	 57.25  
 235 S	 24.68  
 236 L	 16.34  
 237 R	 34.06  
 238 K	 63.26  
 239 E	 38.69  
 240 L	 2.89  
 241 I	 3.64  
 242 A	 18.80  
 243 L	 4.55  
 244 Q	 48.06  
 245 E	 70.63  
 246 D	 44.55  
 247 K	 32.75  
 248 H	 55.19  
 249 N	 41.92  
 250 Y	 17.86  
 251 E	 45.03  
 252 T	 22.99  
 253 T	 24.64  
 254 A	 22.49  
 255 K	 45.82  
 256 E	 53.17  
 257 S	 26.86  
 258 L	 4.20  
 259 R	 35.62  
 260 R	 38.50  
 261 V	 5.38  
 262 L	 5.30  
 263 Q	 47.26  
 264 E	 52.41  
 265 K	 31.07  
 266 I	 4.83  
 267 E	 46.13  
 268 V	 6.01  
 269 V	 2.64  
 270 R	 39.10  
 271 K	 44.76  
 272 L	 3.55  
 273 S	 42.50  
 274 E	 59.85  
 275 V	 7.14  
 276 E	 32.28  
 277 R	 48.34  
 278 S	 23.73  
 279 L	 5.99  
 280 S	 42.84  
 281 N	 53.43  
 282 T	 41.24  
 283 E	 56.94  
 284 D	 54.99  
 285 E	 34.77  
 286 C	 4.49  
 287 T	 28.35  
 288 H	 46.71  
 289 L	 2.43  
 290 K	 47.52  
 291 E	 54.31  
 292 M	 6.37  
 293 N	 36.37  
 294 E	 56.65  
 295 R	 36.38  
 296 T	 33.87  
 297 Q	 48.68  
 298 E	 59.39  
 299 E	 43.22  
 300 L	 5.19  
 301 R	 39.91  
 302 E	 65.93  
 303 L	 5.28  
 304 A	 13.01  
 305 N	 61.03  
 306 K	 34.19  
 307 Y	 20.73  
 308 N	 33.29  
 309 G	 28.01  
 310 A	 9.42  
 311 V	 7.57  
 312 N	 44.75  
 313 E	 44.83  
 314 I	 3.38  
 315 K	 46.57  
 316 D	 58.00  
 317 L	 6.40  
 318 S	 42.72  
 319 D	 68.55  
 320 K	 47.00  
 321 L	 6.91  
 322 K	 45.18  
 323 V	 9.45  
 324 A	 20.45  
 325 E	 70.66  
 326 G	 27.49  
 327 K	 46.14  
 328 Q	 65.49  
 329 E	 61.63  
 330 E	 43.53  
 331 I	 5.31  
 332 Q	 42.06  
 333 Q	 58.47  
 334 K	 36.29  
 335 G	 27.82  
 336 Q	 54.07  
 337 A	 38.96  
 338 E	 57.69  
 339 K	 55.34  
 340 K	 55.98  
 341 E	 65.81  
 342 L	 9.92  
 343 Q	 36.60  
 344 H	 41.48  
 345 K	 38.60  
 346 I	 5.21  
 347 D	 54.73  
 348 E	 52.55  
 349 M	 7.76  
 350 E	 64.96  
 351 E	 61.66  
 352 K	 51.93  
 353 E	 53.20  
 354 Q	 68.70  
 355 E	 43.89  
 356 L	 6.32  
 357 Q	 39.60  
 358 A	 27.67  
 359 K	 28.28  
 360 I	 4.14  
 361 E	 42.49  
 362 A	 14.40  
 363 L	 2.53  
 364 Q	 54.43  
 365 A	 20.58  
 366 D	 42.12  
 367 N	 49.68  
 368 D	 52.90  
 369 F	 11.23  
 370 T	 38.75  
 371 N	 32.17  
 372 E	 46.11  
 373 R	 39.13  
 374 L	 2.40  
 375 T	 31.38  
 376 A	 10.69  
 377 L	 3.99  
 378 Q	 18.80  
 379 V	 8.63  
 380 R	 22.77  
 381 L	 5.23  
 382 E	 31.80  
 383 H	 37.09  
 384 L	 5.26  
 385 Q	 52.64  
 386 E	 55.13  
 387 K	 46.31  
 388 T	 42.16  
 389 L	 6.96  
 390 K	 63.00  
 391 E	 42.62  
 392 C	 2.98  
 393 S	 38.76  
 394 S	 49.81  
 395 L	 2.49  
 396 E	 34.14  
 397 H	 37.05  
 398 L	 4.16  
 399 L	 6.99  
 400 S	 31.00  
 401 K	 53.76  
 402 S	 44.63  
 403 G	 39.43  
 404 G	 33.63  
 405 D	 31.63  
 406 C	 3.66  
 407 T	 30.29  
 408 F	 6.20  
 409 I	 1.03  
 410 H	 16.59  
 411 Q	 35.88  
 412 F	 2.92  
 413 I	 4.10  
 414 E	 31.98  
 415 C	 6.50  
 416 Q	 32.88  
 417 K	 62.29  
 418 K	 19.98  
 419 L	 7.36  
 420 I	 3.49  
 421 V	 11.90  
 422 E	 33.62  
 423 G	 15.37  
 424 H	 19.47  
 425 L	 8.48  
 426 T	 15.98  
 427 K	 57.71  
 428 A	 14.55  
 429 V	 7.92  
 430 E	 65.88  
 431 E	 44.64  
 432 T	 24.63  
 433 K	 54.78  
 434 L	 13.28  
 435 S	 39.21  
 436 K	 71.73  
 437 E	 51.71  
 438 N	 52.86  
 439 Q	 33.19  
 440 T	 44.14  
 441 R	 33.62  
 442 A	 24.29  
 443 K	 55.23  
 444 E	 55.33  
 445 S	 43.16  
 446 D	 48.43  
 447 F	 11.23  
 448 S	 34.38  
 449 D	 52.22  
 450 T	 28.12  
 451 L	 9.46  
 452 S	 29.26  
 453 P	 53.16  
 454 S	 50.50  
 455 K	 72.97  
 456 E	 63.61  
 457 K	 60.02  
 458 S	 39.84  
 459 S	 51.04  
 460 D	 65.45  
 461 D	 54.15  
 462 T	 31.40  
 463 T	 36.01  
 464 D	 36.57  
 465 A	 12.42  
 466 Q	 42.54  
 467 M	 7.02  
 468 D	 38.02  
 469 E	 40.42  
 470 Q	 57.11  
 471 D	 49.79  
 472 L	 8.59  
 473 N	 58.07  
 474 E	 49.33  
 475 P	 36.22  
 476 L	 6.17  
 477 A	 22.40  
 478 K	 39.79  
 479 V	 3.97  
 480 S	 27.55  
 481 L	 8.47  
 482 L	 4.44  
 483 K	 55.26  
 484 D	 62.92  
 485 D	 39.03  
 486 L	 7.89  
 487 Q	 52.77  
 488 G	 32.64  
 489 A	 9.21  
 490 Q	 48.71  
 491 S	 39.75  
 492 E	 32.54  
 493 I	 8.26  
 494 E	 45.84  
 495 A	 25.21  
 496 K	 35.36  
 497 Q	 61.14  
 498 E	 43.86  
 499 I	 2.64  
 500 Q	 28.89  
 501 H	 33.01  
 502 L	 4.85  
 503 R	 28.42  
 504 K	 64.33  
 505 E	 48.85  
 506 L	 4.87  
 507 I	 4.29  
 508 E	 57.85  
 509 A	 10.93  
 510 Q	 33.18  
 511 E	 51.98  
 512 L	 2.31  
 513 A	 16.38  
 514 R	 52.75  
 515 T	 34.37  
 516 S	 27.77  
 517 K	 53.84  
 518 Q	 47.74  
 519 K	 44.63  
 520 C	 2.72  
 521 F	 15.73  
 522 E	 49.82  
 523 L	 1.48  
 524 Q	 23.83  
 525 A	 27.09  
 526 L	 3.89  
 527 L	 9.74  
 528 E	 59.67  
 529 E	 64.17  
 530 E	 50.54  
 531 R	 31.98  
 532 K	 53.72  
 533 A	 18.10  
 534 Y	 17.09  
 535 R	 31.78  
 536 N	 37.26  
 537 Q	 34.69  
 538 V	 11.42  
 539 E	 36.14  
 540 E	 65.92  
 541 S	 27.65  
 542 T	 30.19  
 543 K	 55.47  
 544 Q	 31.28  
 545 I	 3.05  
 546 Q	 27.63  
 547 V	 4.58  
 548 L	 1.68  
 549 Q	 28.36  
 550 A	 14.11  
 551 Q	 25.76  
 552 L	 3.42  
 553 Q	 33.53  
 554 R	 36.50  
 555 L	 2.40  
 556 H	 20.33  
 557 I	 9.20  
 558 D	 36.90  
 559 T	 26.60  
 560 E	 50.98  
 561 N	 46.63  
 562 L	 6.24  
 563 R	 62.70  
 564 E	 72.98  
 565 E	 56.58  
 566 K	 62.90  
 567 D	 55.57  
 568 S	 41.80  
 569 E	 61.49  
 570 I	 4.22  
 571 T	 21.72  
 572 S	 27.40  
 573 T	 33.23  
 574 R	 34.86  
 575 D	 51.49  
 576 E	 48.60  
 577 L	 5.54  
 578 L	 3.37  
 579 S	 33.60  
 580 A	 23.94  
 581 R	 38.42  
 582 D	 47.18  
 583 E	 29.95  
 584 I	 3.73  
 585 L	 3.81  
 586 L	 5.01  
 587 L	 2.23  
 588 H	 18.40  
 589 Q	 32.44  
 590 A	 9.91  
 591 A	 10.97  
 592 A	 15.18  
 593 K	 33.34  
 594 V	 6.42  
 595 A	 12.64  
 596 S	 35.83  
 597 E	 44.85  
 598 R	 50.03  
 599 D	 44.68  
 600 T	 35.21  
 601 D	 38.45  
 602 I	 2.81  
 603 A	 13.65  
 604 S	 30.80  
 605 L	 5.70  
 606 Q	 39.35  
 607 E	 71.27  
 608 E	 53.59  
 609 L	 6.82  
 610 K	 53.13  
 611 K	 49.96  
 612 V	 7.20  
 613 R	 31.09  
 614 A	 28.81  
 615 E	 40.37  
 616 L	 5.44  
 617 E	 41.52  
 618 R	 51.64  
 619 W	 9.21  
 620 R	 25.59  
 621 K	 41.15  
 622 A	 13.98  
 623 A	 13.11  
 624 S	 45.64  
 625 E	 53.65  
 626 Y	 29.79  
 627 E	 39.91  
 628 K	 54.22  
 629 E	 39.29  
 630 I	 4.73  
 631 T	 25.20  
 632 S	 33.35  
 633 L	 4.12  
 634 Q	 43.20  
 635 N	 50.51  
 636 S	 11.04  
 637 F	 11.84  
 638 Q	 28.02  
 639 L	 5.80  
 640 R	 12.86  
 641 C	 4.44  
 642 Q	 44.52  
 643 Q	 35.87  
 644 C	 2.28  
 645 E	 55.29  
 646 D	 58.50  
 647 Q	 23.18  
 648 Q	 68.05  
 649 R	 37.78  
 650 E	 47.87  
 651 E	 58.49  
 652 A	 8.02  
 653 T	 34.88  
 654 R	 31.87  
 655 L	 7.15  
 656 Q	 39.77  
 657 G	 46.15  
 658 E	 40.57  
 659 L	 10.08  
 660 E	 45.82  
 661 K	 67.24  
 662 L	 7.45  
 663 R	 46.01  
 664 K	 77.00  
 665 E	 39.26  
 666 W	 9.83  
 667 N	 35.42  
 668 A	 14.09  
 669 L	 8.27  
 670 E	 39.90  
 671 T	 44.77  
 672 E	 22.36  
 673 C	 3.27  
 674 H	 29.90  
 675 S	 47.44  
 676 L	 2.42  
 677 K	 61.76  
 678 R	 46.12  
 679 E	 50.53  
 680 N	 33.50  
 681 V	 4.95  
 682 L	 6.06  
 683 L	 4.63  
 684 S	 20.01  
 685 S	 42.15  
 686 E	 45.61  
 687 L	 5.70  
 688 Q	 40.74  
 689 R	 60.29  
 690 Q	 53.83  
 691 E	 51.16  
 692 K	 58.18  
 693 E	 55.28  
 694 L	 7.40  
 695 H	 32.74  
 696 N	 59.78  
 697 S	 28.18  
 698 Q	 53.80  
 699 K	 41.49  
 700 Q	 45.68  
 701 S	 30.74  
 702 L	 6.07  
 703 E	 56.07  
 704 L	 7.24  
 705 T	 15.72  
 706 S	 49.53  
 707 D	 38.92  
 708 L	 3.25  
 709 S	 26.66  
 710 I	 3.94  
 711 L	 2.92  
 712 Q	 26.57  
 713 M	 3.62  
 714 S	 27.52  
 715 R	 31.00  
 716 K	 60.38  
 717 E	 61.27  
 718 L	 9.33  
 719 E	 46.86  
 720 N	 55.23  
 721 Q	 31.41  
 722 V	 9.42  
 723 G	 19.93  
 724 S	 37.09  
 725 L	 6.10  
 726 K	 57.96  
 727 E	 48.83  
 728 Q	 39.05  
 729 H	 24.75  
 730 L	 6.95  
 731 R	 33.44  
 732 D	 55.31  
 733 S	 19.76  
 734 A	 30.37  
 735 D	 53.29  
 736 L	 4.58  
 737 K	 37.36  
 738 T	 39.98  
 739 L	 4.93  
 740 L	 6.29  
 741 S	 32.69  
 742 K	 60.74  
 743 A	 20.00  
 744 E	 54.32  
 745 N	 52.55  
 746 Q	 41.09  
 747 A	 22.92  
 748 K	 48.98  
 749 D	 51.61  
 750 V	 9.62  
 751 Q	 42.89  
 752 K	 63.21  
 753 E	 41.66  
 754 Y	 29.75  
 755 E	 51.20  
 756 K	 45.06  
 757 T	 19.96  
 758 Q	 40.45  
 759 T	 28.75  
 760 V	 3.88  
 761 L	 3.60  
 762 S	 36.22  
 763 E	 45.84  
 764 L	 7.66  
 765 K	 45.65  
 766 L	 13.85  
 767 K	 37.38  
 768 F	 12.90  
 769 E	 43.54  
 770 M	 5.86  
 771 T	 27.58  
 772 E	 56.27  
 773 Q	 54.76  
 774 E	 46.99  
 775 K	 49.38  
 776 Q	 39.04  
 777 S	 38.22  
 778 I	 5.36  
 779 T	 28.77  
 780 D	 58.52  
 781 E	 49.57  
 782 L	 5.30  
 783 K	 52.15  
 784 Q	 56.92  
 785 C	 4.94  
 786 K	 46.51  
 787 N	 67.69  
 788 N	 24.85  
 789 L	 6.05  
 790 K	 47.82  
 791 L	 6.50  
 792 L	 6.76  
 793 R	 54.76  
 794 E	 66.34  
 795 K	 61.58  
 796 G	 37.88  
 797 N	 65.50  
 798 N	 61.51  
 799 K	 53.08  
 800 P	 44.48  
 801 W	 10.78  
 802 P	 26.47  
 803 W	 10.31  
 804 M	 0.92  
 805 P	 15.69  
 806 M	 1.99  
 807 L	 1.76  
 808 A	 7.78  
 809 A	 9.90  
 810 L	 1.80  
 811 V	 3.27  
 812 A	 8.19  
 813 V	 2.64  
 814 T	 10.83  
 815 A	 5.36  
 816 I	 1.28  
 817 V	 2.68  
 818 L	 2.66  
 819 Y	 8.16  
 820 V	 2.37  
 821 P	 20.65  
 822 G	 23.17  
 823 L	 2.09  
 824 A	 15.77  
 825 R	 40.41  
 826 A	 22.13  
 827 S	 26.11  
 828 P	 47.44  
