 1 M	 6.38  
 2 K	 43.19  
 3 M	 4.22  
 4 T	 16.05  
 5 V	 7.69  
 6 D	 35.75  
 7 F	 8.07  
 8 E	 43.25  
 9 E	 45.18  
 10 C	 4.50  
 11 L	 8.59  
 12 K	 68.75  
 13 D	 51.42  
 14 S	 19.18  
 15 P	 49.95  
 16 R	 37.32  
 17 F	 7.66  
 18 R	 21.89  
 19 A	 17.43  
 20 A	 15.96  
 21 L	 5.87  
 22 E	 56.10  
 23 E	 46.87  
 24 V	 7.91  
 25 E	 53.61  
 26 G	 39.61  
 27 D	 23.97  
 28 V	 7.01  
 29 A	 22.01  
 30 E	 42.50  
 31 L	 7.24  
 32 E	 35.05  
 33 L	 11.89  
 34 K	 45.31  
 35 L	 12.57  
 36 D	 40.43  
 37 K	 66.66  
 38 L	 4.02  
 39 V	 5.69  
 40 K	 48.34  
 41 L	 1.67  
 42 C	 1.22  
 43 I	 4.17  
 44 A	 6.46  
 45 M	 1.12  
 46 I	 2.95  
 47 D	 36.00  
 48 T	 29.65  
 49 G	 18.62  
 50 K	 40.14  
 51 A	 12.38  
 52 F	 3.82  
 53 C	 3.18  
 54 V	 5.48  
 55 A	 20.77  
 56 N	 20.47  
 57 K	 34.86  
 58 Q	 42.50  
 59 F	 4.36  
 60 M	 4.09  
 61 N	 43.99  
 62 G	 12.43  
 63 I	 2.35  
 64 R	 34.00  
 65 D	 44.42  
 66 L	 1.99  
 67 A	 15.56  
 68 Q	 46.03  
 69 Y	 14.41  
 70 S	 15.58  
 71 S	 33.52  
 72 N	 35.01  
 73 D	 42.56  
 74 A	 16.11  
 75 V	 4.45  
 76 V	 7.72  
 77 E	 26.53  
 78 T	 19.89  
 79 S	 22.12  
 80 L	 8.67  
 81 T	 29.79  
 82 K	 48.43  
 83 F	 9.16  
 84 S	 28.04  
 85 D	 57.40  
 86 S	 30.65  
 87 L	 6.32  
 88 Q	 42.01  
 89 E	 47.53  
 90 M	 1.64  
 91 I	 4.98  
 92 N	 22.72  
 93 F	 3.58  
 94 H	 13.91  
 95 T	 18.42  
 96 I	 2.44  
 97 L	 3.99  
 98 F	 6.06  
 99 D	 47.36  
 100 Q	 32.00  
 101 T	 28.00  
 102 Q	 31.33  
 103 R	 43.68  
 104 S	 20.72  
 105 I	 4.70  
 106 K	 31.18  
 107 A	 17.41  
 108 Q	 38.28  
 109 L	 5.55  
 110 Q	 29.27  
 111 N	 52.88  
 112 F	 5.53  
 113 V	 9.71  
 114 K	 41.18  
 115 E	 57.91  
 116 D	 46.16  
 117 L	 7.23  
 118 R	 55.47  
 119 K	 65.15  
 120 F	 7.56  
 121 K	 60.87  
 122 D	 67.75  
 123 A	 22.87  
 124 K	 58.19  
 125 K	 63.04  
 126 Q	 51.53  
 127 F	 15.66  
 128 E	 50.48  
 129 K	 52.96  
 130 V	 7.39  
 131 S	 51.62  
 132 E	 75.88  
 133 E	 59.15  
 134 K	 52.82  
 135 E	 51.52  
 136 N	 50.03  
 137 A	 18.15  
 138 L	 9.45  
 139 V	 4.11  
 140 K	 47.63  
 141 N	 28.29  
 142 A	 12.76  
 143 Q	 41.07  
 144 V	 5.54  
 145 Q	 31.02  
 146 R	 54.15  
 147 N	 31.11  
 148 K	 56.04  
 149 Q	 41.33  
 150 H	 42.55  
 151 E	 49.48  
 152 V	 8.27  
 153 E	 38.64  
 154 E	 67.00  
 155 A	 7.76  
 156 T	 26.52  
 157 N	 34.03  
 158 I	 2.92  
 159 L	 2.64  
 160 T	 23.37  
 161 A	 11.27  
 162 T	 25.98  
 163 R	 31.14  
 164 K	 33.11  
 165 C	 3.06  
 166 F	 7.75  
 167 R	 29.76  
 168 H	 6.88  
 169 I	 3.38  
 170 A	 6.56  
 171 L	 4.89  
 172 D	 23.60  
 173 Y	 12.15  
 174 V	 2.94  
 175 L	 3.26  
 176 Q	 18.37  
 177 I	 3.17  
 178 N	 18.58  
 179 V	 5.71  
 180 L	 4.04  
 181 Q	 42.49  
 182 S	 24.78  
 183 K	 38.58  
 184 R	 53.24  
 185 R	 42.23  
 186 S	 32.78  
 187 E	 50.99  
 188 I	 6.56  
 189 L	 2.70  
 190 K	 39.21  
 191 S	 22.85  
 192 M	 3.29  
 193 L	 4.63  
 194 S	 10.18  
 195 F	 3.70  
 196 M	 2.31  
 197 Y	 6.72  
 198 A	 4.57  
 199 H	 10.53  
 200 L	 3.19  
 201 A	 8.66  
 202 F	 7.65  
 203 F	 3.32  
 204 H	 17.44  
 205 Q	 47.16  
 206 G	 14.89  
 207 Y	 11.69  
 208 D	 48.32  
 209 L	 3.71  
 210 F	 4.94  
 211 S	 38.93  
 212 E	 50.87  
 213 L	 8.96  
 214 G	 13.77  
 215 P	 38.37  
 216 Y	 18.26  
 217 M	 2.83  
 218 K	 43.91  
 219 D	 33.53  
 220 L	 5.23  
 221 G	 22.78  
 222 A	 17.66  
 223 Q	 41.94  
 224 L	 4.03  
 225 D	 29.77  
 226 R	 37.66  
 227 L	 4.37  
 228 V	 3.69  
 229 V	 4.99  
 230 D	 33.07  
 231 A	 14.60  
 232 A	 18.97  
 233 K	 66.54  
 234 E	 53.25  
 235 K	 53.61  
 236 R	 49.97  
 237 E	 59.13  
 238 M	 8.42  
 239 E	 52.29  
 240 Q	 47.66  
 241 K	 26.64  
 242 H	 29.84  
 243 S	 33.95  
 244 T	 23.64  
 245 I	 4.59  
 246 Q	 44.34  
 247 Q	 43.36  
 248 K	 44.35  
 249 D	 44.30  
 250 F	 10.97  
 251 S	 42.88  
 252 S	 45.49  
 253 D	 64.10  
 254 D	 50.01  
 255 S	 44.10  
 256 K	 52.94  
 257 L	 11.06  
 258 E	 38.51  
 259 Y	 30.81  
 260 N	 18.80  
 261 V	 5.33  
 262 D	 36.00  
 263 A	 9.88  
 264 A	 15.43  
 265 N	 42.31  
 266 G	 14.78  
 267 I	 2.40  
 268 V	 2.79  
 269 M	 2.90  
 270 E	 33.52  
 271 G	 13.32  
 272 Y	 8.82  
 273 L	 6.32  
 274 F	 3.66  
 275 K	 44.45  
 276 R	 35.59  
 277 A	 14.02  
 278 S	 32.49  
 279 N	 48.70  
 280 A	 12.57  
 281 F	 9.42  
 282 K	 50.66  
 283 T	 22.86  
 284 W	 9.27  
 285 N	 28.95  
 286 R	 28.86  
 287 R	 35.26  
 288 W	 6.52  
 289 F	 4.35  
 290 S	 19.12  
 291 I	 3.55  
 292 Q	 41.44  
 293 N	 36.22  
 294 N	 21.86  
 295 Q	 39.59  
 296 L	 4.15  
 297 V	 3.24  
 298 Y	 24.17  
 299 Q	 34.68  
 300 K	 42.35  
 301 K	 41.96  
 302 F	 18.10  
 303 K	 66.53  
 304 D	 70.27  
 305 N	 34.43  
 306 P	 36.38  
 307 T	 31.99  
 308 V	 4.84  
 309 V	 4.25  
 310 V	 4.04  
 311 E	 39.45  
 312 D	 26.02  
 313 L	 2.59  
 314 R	 39.79  
 315 L	 3.59  
 316 C	 3.12  
 317 T	 36.86  
 318 V	 3.78  
 319 K	 25.12  
 320 H	 18.83  
 321 C	 4.10  
 322 E	 62.84  
 323 D	 54.14  
 324 I	 1.75  
 325 E	 50.56  
 326 R	 36.99  
 327 R	 21.64  
 328 F	 7.58  
 329 C	 2.42  
 330 F	 7.99  
 331 E	 43.10  
 332 V	 2.30  
 333 V	 4.46  
 334 S	 31.84  
 335 P	 32.03  
 336 T	 28.25  
 337 K	 45.07  
 338 S	 13.77  
 339 C	 3.17  
 340 M	 3.92  
 341 L	 4.44  
 342 Q	 19.08  
 343 A	 20.52  
 344 D	 44.35  
 345 S	 39.38  
 346 E	 57.57  
 347 K	 53.58  
 348 L	 4.27  
 349 R	 34.93  
 350 Q	 52.03  
 351 A	 11.97  
 352 W	 5.58  
 353 I	 1.99  
 354 K	 31.63  
 355 A	 6.90  
 356 V	 5.61  
 357 Q	 34.10  
 358 T	 18.59  
 359 S	 7.98  
 360 I	 4.48  
 361 A	 5.97  
 362 T	 23.66  
 363 A	 7.74  
 364 Y	 18.23  
 365 R	 36.36  
 366 E	 49.03  
 367 K	 63.76  
 368 G	 38.88  
 369 D	 68.28  
 370 E	 70.26  
 371 S	 44.78  
 372 E	 56.44  
 373 K	 71.86  
 374 L	 11.65  
 375 D	 68.36  
 376 K	 66.06  
 377 K	 56.69  
 378 S	 53.90  
 379 S	 31.58  
 380 P	 42.89  
 381 S	 47.55  
 382 T	 33.89  
 383 G	 30.46  
 384 S	 29.14  
 385 L	 6.85  
 386 D	 57.08  
 387 S	 49.14  
 388 G	 41.41  
 389 N	 55.08  
 390 E	 67.71  
 391 S	 50.55  
 392 K	 53.33  
 393 E	 59.21  
 394 K	 63.96  
 395 L	 6.65  
 396 L	 11.24  
 397 K	 71.69  
 398 G	 33.78  
 399 E	 31.11  
 400 S	 42.84  
 401 A	 11.92  
 402 L	 4.68  
 403 Q	 43.12  
 404 R	 22.71  
 405 V	 3.34  
 406 Q	 22.93  
 407 C	 3.57  
 408 I	 2.46  
 409 P	 37.30  
 410 G	 23.56  
 411 N	 24.27  
 412 A	 15.17  
 413 S	 21.19  
 414 C	 1.79  
 415 C	 4.49  
 416 D	 33.57  
 417 C	 2.76  
 418 G	 15.62  
 419 L	 6.50  
 420 A	 15.28  
 421 D	 38.04  
 422 P	 28.27  
 423 R	 41.98  
 424 W	 10.35  
 425 A	 11.21  
 426 S	 12.68  
 427 I	 3.68  
 428 N	 29.71  
 429 L	 5.10  
 430 G	 13.32  
 431 I	 2.75  
 432 T	 17.49  
 433 L	 2.33  
 434 C	 1.52  
 435 I	 7.23  
 436 E	 22.95  
 437 C	 1.98  
 438 S	 28.17  
 439 G	 31.23  
 440 I	 1.08  
 441 H	 19.46  
 442 R	 31.49  
 443 S	 18.47  
 444 L	 9.29  
 445 G	 16.46  
 446 V	 5.10  
 447 H	 21.33  
 448 F	 7.60  
 449 S	 18.50  
 450 K	 40.50  
 451 V	 4.94  
 452 R	 29.68  
 453 S	 28.79  
 454 L	 3.75  
 455 T	 24.67  
 456 L	 7.19  
 457 D	 44.53  
 458 T	 34.54  
 459 W	 20.86  
 460 E	 30.87  
 461 P	 29.15  
 462 E	 56.04  
 463 L	 8.17  
 464 L	 3.69  
 465 K	 46.96  
 466 L	 4.84  
 467 M	 1.27  
 468 C	 5.90  
 469 E	 45.83  
 470 L	 7.09  
 471 G	 13.14  
 472 N	 53.66  
 473 D	 40.66  
 474 V	 4.91  
 475 I	 2.80  
 476 N	 27.49  
 477 R	 22.67  
 478 V	 4.35  
 479 Y	 13.19  
 480 E	 30.80  
 481 A	 14.00  
 482 N	 30.46  
 483 V	 10.89  
 484 E	 36.81  
 485 K	 37.84  
 486 M	 4.20  
 487 G	 39.36  
 488 I	 4.66  
 489 K	 53.31  
 490 K	 47.14  
 491 P	 40.37  
 492 Q	 64.73  
 493 P	 49.78  
 494 G	 30.01  
 495 Q	 51.04  
 496 R	 53.17  
 497 Q	 59.22  
 498 E	 55.86  
 499 K	 39.03  
 500 E	 46.05  
 501 A	 19.00  
 502 Y	 7.64  
 503 I	 4.44  
 504 R	 16.61  
 505 A	 9.66  
 506 K	 39.72  
 507 Y	 13.42  
 508 V	 5.90  
 509 E	 47.25  
 510 R	 27.89  
 511 K	 35.91  
 512 F	 12.30  
 513 V	 7.52  
 514 D	 47.51  
 515 K	 35.28  
 516 Y	 13.53  
 517 S	 16.08  
 518 I	 4.33  
 519 S	 19.49  
 520 L	 9.44  
 521 S	 31.45  
 522 P	 41.56  
 523 P	 48.96  
 524 E	 69.86  
 525 Q	 67.19  
 526 Q	 49.60  
 527 K	 48.12  
 528 K	 46.81  
 529 F	 10.92  
 530 V	 10.93  
 531 S	 29.92  
 532 K	 53.34  
 533 S	 35.16  
 534 S	 54.21  
 535 E	 74.71  
 536 E	 45.48  
 537 K	 55.37  
 538 R	 36.63  
 539 L	 8.69  
 540 S	 28.93  
 541 I	 6.50  
 542 S	 20.68  
 543 K	 53.31  
 544 F	 13.09  
 545 G	 29.08  
 546 P	 46.44  
 547 G	 38.06  
 548 D	 47.11  
 549 Q	 32.29  
 550 V	 7.03  
 551 R	 19.72  
 552 A	 15.46  
 553 S	 19.10  
 554 A	 16.58  
 555 Q	 33.47  
 556 S	 30.43  
 557 S	 14.96  
 558 V	 10.61  
 559 R	 31.52  
 560 S	 42.72  
 561 N	 36.58  
 562 D	 49.87  
 563 S	 41.88  
 564 G	 25.29  
 565 I	 3.79  
 566 Q	 40.40  
 567 Q	 42.87  
 568 S	 21.25  
 569 S	 35.07  
 570 D	 68.57  
 571 D	 61.06  
 572 G	 40.00  
 573 R	 37.01  
 574 E	 63.26  
 575 S	 44.19  
 576 L	 3.13  
 577 P	 36.91  
 578 S	 46.89  
 579 T	 19.28  
 580 V	 6.29  
 581 S	 23.09  
 582 A	 12.80  
 583 N	 25.66  
 584 S	 31.85  
 585 L	 5.87  
 586 Y	 29.29  
 587 E	 42.01  
 588 P	 41.14  
 589 E	 62.84  
 590 G	 46.21  
 591 E	 45.57  
 592 R	 57.36  
 593 Q	 51.11  
 594 D	 49.23  
 595 S	 18.50  
 596 S	 23.11  
 597 M	 4.47  
 598 F	 8.08  
 599 L	 5.64  
 600 D	 44.36  
 601 S	 24.91  
 602 K	 52.34  
 603 H	 34.49  
 604 L	 10.72  
 605 N	 28.45  
 606 P	 51.75  
 607 G	 25.61  
 608 L	 3.15  
 609 Q	 42.22  
 610 L	 3.62  
 611 Y	 7.38  
 612 R	 26.16  
 613 A	 11.69  
 614 S	 25.48  
 615 Y	 29.91  
 616 E	 32.73  
 617 K	 56.40  
 618 N	 50.03  
 619 L	 6.81  
 620 P	 33.50  
 621 K	 54.64  
 622 M	 3.73  
 623 A	 12.68  
 624 E	 40.49  
 625 A	 10.66  
 626 L	 2.45  
 627 A	 13.20  
 628 H	 32.59  
 629 G	 20.19  
 630 A	 14.01  
 631 D	 38.58  
 632 V	 6.80  
 633 N	 32.46  
 634 W	 9.18  
 635 A	 12.41  
 636 N	 41.38  
 637 S	 38.24  
 638 E	 66.45  
 639 E	 64.94  
 640 N	 34.90  
 641 K	 57.84  
 642 A	 26.49  
 643 T	 21.90  
 644 P	 32.12  
 645 L	 3.83  
 646 I	 2.32  
 647 Q	 32.85  
 648 A	 7.48  
 649 V	 2.67  
 650 L	 7.83  
 651 G	 19.62  
 652 G	 17.41  
 653 S	 20.19  
 654 L	 4.12  
 655 V	 6.52  
 656 T	 16.18  
 657 C	 2.44  
 658 E	 29.93  
 659 F	 10.05  
 660 L	 1.94  
 661 L	 4.51  
 662 Q	 48.75  
 663 N	 52.06  
 664 G	 12.93  
 665 A	 25.09  
 666 N	 34.37  
 667 V	 6.82  
 668 N	 30.86  
 669 Q	 38.37  
 670 R	 40.64  
 671 D	 27.59  
 672 V	 7.67  
 673 Q	 39.91  
 674 G	 36.04  
 675 R	 26.85  
 676 G	 35.63  
 677 P	 27.45  
 678 L	 5.28  
 679 H	 16.21  
 680 H	 30.67  
 681 A	 6.67  
 682 T	 16.35  
 683 V	 6.64  
 684 L	 3.46  
 685 G	 16.39  
 686 H	 23.75  
 687 T	 27.75  
 688 G	 16.55  
 689 Q	 24.73  
 690 V	 3.03  
 691 C	 1.38  
 692 L	 6.22  
 693 F	 6.81  
 694 L	 2.08  
 695 K	 41.26  
 696 R	 52.16  
 697 G	 27.56  
 698 A	 19.28  
 699 N	 36.67  
 700 Q	 27.36  
 701 H	 30.33  
 702 A	 13.64  
 703 T	 41.65  
 704 D	 53.38  
 705 E	 65.38  
 706 E	 74.48  
 707 G	 37.30  
 708 K	 60.49  
 709 D	 61.30  
 710 P	 31.34  
 711 L	 9.19  
 712 S	 17.56  
 713 I	 7.02  
 714 A	 6.96  
 715 V	 4.98  
 716 E	 32.80  
 717 A	 10.22  
 718 A	 9.76  
 719 N	 45.23  
 720 A	 11.81  
 721 D	 35.38  
 722 I	 2.07  
 723 V	 2.96  
 724 T	 22.02  
 725 L	 1.49  
 726 L	 2.85  
 727 R	 29.43  
 728 L	 3.41  
 729 A	 11.40  
 730 R	 32.81  
 731 M	 6.52  
 732 N	 36.20  
 733 E	 43.77  
 734 E	 38.24  
 735 M	 4.74  
 736 R	 47.79  
 737 E	 52.40  
 738 S	 26.97  
 739 E	 48.76  
 740 G	 33.22  
 741 L	 3.69  
 742 Y	 25.27  
 743 G	 32.05  
 744 Q	 25.83  
 745 P	 48.08  
 746 G	 37.18  
 747 D	 52.31  
 748 E	 56.16  
 749 T	 31.09  
 750 Y	 11.35  
 751 Q	 44.75  
 752 D	 31.42  
 753 I	 1.47  
 754 F	 9.14  
 755 R	 44.38  
 756 D	 36.48  
 757 F	 4.81  
 758 S	 24.28  
 759 Q	 31.30  
 760 M	 4.23  
 761 A	 11.06  
 762 S	 31.62  
 763 N	 59.54  
 764 N	 43.54  
 765 P	 44.33  
 766 E	 72.76  
 767 K	 52.93  
 768 L	 5.47  
 769 N	 54.51  
 770 R	 40.98  
 771 F	 8.12  
 772 Q	 42.82  
 773 Q	 50.00  
 774 D	 42.10  
 775 S	 30.82  
 776 Q	 60.51  
 777 K	 57.92  
 778 F	 10.57  
