 1 M	 12.04  
 2 D	 49.93  
 3 L	 4.66  
 4 S	 36.96  
 5 G	 42.43  
 6 V	 8.05  
 7 K	 58.99  
 8 K	 45.23  
 9 K	 40.39  
 10 S	 37.39  
 11 L	 7.10  
 12 L	 10.79  
 13 G	 33.47  
 14 V	 7.68  
 15 K	 53.58  
 16 E	 64.73  
 17 N	 60.96  
 18 N	 54.98  
 19 K	 66.66  
 20 K	 52.33  
 21 S	 38.25  
 22 S	 30.69  
 23 T	 37.63  
 24 R	 46.58  
 25 A	 14.71  
 26 P	 37.23  
 27 S	 44.19  
 28 P	 40.66  
 29 T	 48.06  
 30 K	 61.92  
 31 R	 48.89  
 32 K	 60.08  
 33 D	 60.39  
 34 R	 49.39  
 35 S	 61.32  
 36 D	 69.14  
 37 E	 61.55  
 38 K	 68.73  
 39 S	 37.43  
 40 K	 69.13  
 41 D	 68.15  
 42 R	 49.71  
 43 S	 56.17  
 44 K	 65.44  
 45 D	 56.73  
 46 K	 54.93  
 47 G	 48.92  
 48 A	 22.65  
 49 T	 43.97  
 50 K	 55.88  
 51 E	 55.96  
 52 S	 45.40  
 53 S	 50.16  
 54 E	 69.15  
 55 K	 55.46  
 56 D	 54.97  
 57 R	 53.79  
 58 G	 52.88  
 59 R	 43.05  
 60 D	 60.55  
 61 K	 49.20  
 62 T	 45.79  
 63 R	 35.90  
 64 K	 58.35  
 65 R	 34.20  
 66 R	 39.34  
 67 S	 36.21  
 68 A	 13.10  
 69 S	 36.16  
 70 S	 42.27  
 71 G	 29.11  
 72 S	 24.06  
 73 S	 38.97  
 74 S	 29.54  
 75 T	 34.31  
 76 R	 31.83  
 77 S	 36.28  
 78 R	 36.95  
 79 S	 29.86  
 80 S	 36.20  
 81 S	 33.29  
 82 T	 34.28  
 83 S	 25.18  
 84 S	 38.51  
 85 S	 42.32  
 86 G	 27.80  
 87 S	 32.18  
 88 S	 29.87  
 89 T	 31.82  
 90 S	 32.49  
 91 T	 40.97  
 92 G	 25.87  
 93 S	 22.78  
 94 S	 39.81  
 95 S	 44.37  
 96 G	 33.23  
 97 S	 29.06  
 98 S	 37.45  
 99 S	 29.97  
 100 S	 31.69  
 101 S	 33.83  
 102 A	 17.30  
 103 S	 28.38  
 104 S	 30.13  
 105 R	 42.41  
 106 S	 45.00  
 107 G	 30.36  
 108 S	 23.51  
 109 S	 40.95  
 110 S	 31.90  
 111 T	 30.06  
 112 S	 31.92  
 113 R	 40.42  
 114 S	 34.05  
 115 S	 32.88  
 116 S	 35.17  
 117 S	 35.87  
 118 S	 35.87  
 119 S	 30.39  
 120 S	 40.44  
 121 S	 45.28  
 122 G	 45.59  
 123 S	 24.93  
 124 P	 54.51  
 125 S	 36.89  
 126 P	 34.93  
 127 S	 42.64  
 128 R	 42.93  
 129 R	 44.62  
 130 R	 40.16  
 131 H	 34.58  
 132 D	 48.82  
 133 N	 32.98  
 134 R	 41.25  
 135 R	 47.37  
 136 R	 32.93  
 137 S	 38.81  
 138 R	 46.41  
 139 S	 42.39  
 140 K	 62.48  
 141 S	 52.20  
 142 K	 69.91  
 143 P	 46.89  
 144 P	 48.31  
 145 K	 79.57  
 146 R	 64.19  
 147 D	 76.94  
 148 E	 61.93  
 149 K	 68.08  
 150 E	 62.48  
 151 R	 49.18  
 152 K	 53.94  
 153 R	 51.00  
 154 R	 56.82  
 155 S	 33.49  
 156 P	 53.49  
 157 S	 46.96  
 158 P	 50.45  
 159 K	 70.43  
 160 P	 40.61  
 161 T	 52.40  
 162 K	 40.10  
 163 V	 4.35  
 164 H	 20.52  
 165 I	 3.73  
 166 G	 12.03  
 167 R	 32.08  
 168 L	 4.44  
 169 T	 20.88  
 170 R	 39.97  
 171 N	 40.34  
 172 V	 6.75  
 173 T	 34.01  
 174 K	 42.92  
 175 D	 27.46  
 176 H	 23.89  
 177 I	 3.67  
 178 M	 2.65  
 179 E	 40.03  
 180 I	 1.50  
 181 F	 2.58  
 182 S	 26.78  
 183 T	 26.08  
 184 Y	 18.41  
 185 G	 25.87  
 186 K	 28.83  
 187 I	 2.96  
 188 K	 33.03  
 189 M	 3.41  
 190 I	 3.31  
 191 D	 31.66  
 192 M	 2.50  
 193 P	 22.52  
 194 V	 6.14  
 195 E	 38.11  
 196 R	 29.01  
 197 M	 3.50  
 198 H	 16.92  
 199 P	 22.29  
 200 H	 28.23  
 201 L	 7.15  
 202 S	 22.47  
 203 K	 63.40  
 204 G	 14.66  
 205 Y	 9.86  
 206 A	 15.57  
 207 Y	 7.63  
 208 V	 5.31  
 209 E	 34.27  
 210 F	 8.62  
 211 E	 55.11  
 212 N	 55.43  
 213 P	 33.35  
 214 D	 78.35  
 215 E	 61.04  
 216 A	 30.85  
 217 E	 36.49  
 218 K	 67.10  
 219 A	 17.22  
 220 L	 6.07  
 221 K	 41.57  
 222 H	 22.03  
 223 M	 4.97  
 224 D	 58.76  
 225 G	 23.48  
 226 G	 19.60  
 227 Q	 35.81  
 228 I	 7.90  
 229 D	 44.85  
 230 G	 28.75  
 231 Q	 34.86  
 232 E	 48.08  
 233 I	 2.14  
 234 T	 19.73  
 235 A	 10.14  
 236 T	 14.51  
 237 A	 7.58  
 238 V	 3.99  
 239 L	 4.37  
 240 A	 9.49  
 241 P	 37.13  
 242 W	 8.91  
 243 P	 37.53  
 244 R	 53.11  
 245 P	 38.89  
 246 P	 35.99  
 247 P	 42.64  
 248 R	 59.03  
 249 R	 42.01  
 250 F	 15.79  
 251 S	 31.98  
 252 P	 24.57  
 253 P	 35.00  
 254 R	 39.77  
 255 R	 36.44  
 256 M	 7.51  
 257 L	 5.66  
 258 P	 29.97  
 259 P	 41.48  
 260 P	 29.45  
 261 P	 40.52  
 262 M	 5.54  
 263 W	 9.79  
 264 R	 23.97  
 265 R	 37.69  
 266 S	 30.59  
 267 P	 20.78  
 268 P	 43.90  
 269 R	 34.32  
 270 M	 4.88  
 271 R	 31.94  
 272 R	 31.42  
 273 R	 26.51  
 274 S	 34.99  
 275 R	 49.20  
 276 S	 24.81  
 277 P	 32.46  
 278 R	 48.14  
 279 R	 46.98  
 280 R	 46.74  
 281 S	 26.40  
 282 P	 23.09  
 283 V	 8.62  
 284 R	 31.51  
 285 R	 40.95  
 286 R	 26.34  
 287 S	 34.99  
 288 R	 45.09  
 289 S	 32.71  
 290 P	 38.92  
 291 G	 36.65  
 292 R	 35.52  
 293 R	 44.67  
 294 R	 28.36  
 295 H	 30.20  
 296 R	 31.77  
 297 S	 30.32  
 298 R	 40.28  
 299 S	 39.09  
 300 S	 32.21  
 301 S	 41.81  
 302 N	 46.05  
 303 S	 29.45  
 304 S	 46.38  
 305 R	 50.83  
