 1 M	 12.04  
 2 D	 47.66  
 3 L	 5.35  
 4 S	 25.04  
 5 M	 7.71  
 6 K	 41.17  
 7 K	 29.88  
 8 F	 6.74  
 9 A	 11.64  
 10 V	 5.20  
 11 R	 26.68  
 12 R	 30.29  
 13 F	 3.61  
 14 F	 4.59  
 15 S	 13.72  
 16 V	 4.39  
 17 Y	 8.03  
 18 L	 3.91  
 19 R	 26.71  
 20 R	 38.41  
 21 K	 43.73  
 22 S	 39.72  
 23 R	 51.65  
 24 S	 43.94  
 25 K	 53.93  
 26 S	 26.80  
 27 S	 38.75  
 28 S	 37.14  
 29 L	 3.59  
 30 S	 36.45  
 31 R	 51.95  
 32 L	 9.74  
 33 E	 53.55  
 34 E	 65.72  
 35 E	 48.16  
 36 G	 32.56  
 37 V	 6.68  
 38 V	 7.28  
 39 K	 46.69  
 40 E	 33.99  
 41 I	 4.77  
 42 D	 37.11  
 43 I	 5.33  
 44 S	 12.09  
 45 H	 30.05  
 46 H	 26.08  
 47 V	 5.17  
 48 K	 48.00  
 49 E	 68.94  
 50 G	 30.23  
 51 F	 10.24  
 52 E	 59.18  
 53 K	 56.69  
 54 A	 27.09  
 55 D	 55.22  
 56 P	 34.58  
 57 S	 48.31  
 58 Q	 41.02  
 59 F	 9.30  
 60 E	 45.62  
 61 L	 6.23  
 62 L	 2.58  
 63 K	 48.30  
 64 V	 7.97  
 65 L	 3.97  
 66 G	 32.56  
 67 Q	 33.23  
 68 G	 22.49  
 69 S	 23.87  
 70 Y	 27.99  
 71 G	 22.73  
 72 K	 22.91  
 73 V	 3.78  
 74 F	 6.26  
 75 L	 4.00  
 76 V	 3.65  
 77 R	 39.95  
 78 K	 40.60  
 79 V	 6.26  
 80 K	 56.59  
 81 G	 33.47  
 82 S	 20.69  
 83 D	 64.48  
 84 A	 14.88  
 85 G	 24.02  
 86 Q	 32.78  
 87 L	 2.62  
 88 Y	 9.21  
 89 A	 10.42  
 90 M	 1.63  
 91 K	 35.92  
 92 V	 6.43  
 93 L	 3.82  
 94 K	 43.26  
 95 K	 42.30  
 96 A	 19.31  
 97 T	 35.67  
 98 L	 6.04  
 99 K	 30.76  
 100 V	 9.65  
 101 R	 25.16  
 102 D	 57.31  
 103 R	 18.38  
 104 V	 10.70  
 105 R	 31.30  
 106 S	 33.23  
 107 K	 33.93  
 108 M	 5.57  
 109 E	 51.44  
 110 R	 32.54  
 111 D	 27.26  
 112 I	 5.00  
 113 L	 3.78  
 114 A	 21.01  
 115 E	 40.17  
 116 V	 7.11  
 117 N	 28.72  
 118 H	 24.67  
 119 P	 18.56  
 120 F	 8.57  
 121 I	 2.92  
 122 V	 5.74  
 123 K	 25.40  
 124 L	 2.30  
 125 H	 13.22  
 126 Y	 21.39  
 127 A	 4.55  
 128 F	 7.92  
 129 Q	 30.39  
 130 T	 40.01  
 131 E	 43.48  
 132 G	 28.76  
 133 K	 27.94  
 134 L	 6.55  
 135 Y	 8.65  
 136 L	 4.55  
 137 I	 1.88  
 138 L	 3.34  
 139 D	 33.27  
 140 F	 4.49  
 141 L	 5.06  
 142 R	 47.22  
 143 G	 35.79  
 144 G	 23.24  
 145 D	 41.24  
 146 L	 5.51  
 147 F	 4.43  
 148 T	 37.69  
 149 R	 29.63  
 150 L	 8.56  
 151 S	 24.39  
 152 K	 59.94  
 153 E	 35.52  
 154 V	 4.37  
 155 M	 3.45  
 156 F	 10.58  
 157 T	 21.99  
 158 E	 40.72  
 159 E	 66.11  
 160 D	 42.55  
 161 V	 5.37  
 162 K	 40.38  
 163 F	 6.41  
 164 Y	 10.17  
 165 L	 3.17  
 166 A	 9.81  
 167 E	 31.79  
 168 L	 3.83  
 169 A	 5.14  
 170 L	 8.32  
 171 A	 12.82  
 172 L	 4.42  
 173 D	 36.37  
 174 H	 26.71  
 175 L	 2.68  
 176 H	 19.98  
 177 S	 34.35  
 178 L	 3.88  
 179 G	 13.78  
 180 I	 2.80  
 181 I	 1.88  
 182 Y	 8.99  
 183 R	 32.17  
 184 D	 41.91  
 185 L	 8.04  
 186 K	 55.35  
 187 P	 47.35  
 188 E	 56.14  
 189 N	 38.44  
 190 I	 3.73  
 191 L	 8.11  
 192 L	 7.44  
 193 D	 48.75  
 194 E	 66.89  
 195 E	 56.59  
 196 G	 26.27  
 197 H	 22.81  
 198 I	 5.19  
 199 K	 33.60  
 200 I	 4.40  
 201 T	 21.92  
 202 D	 38.80  
 203 F	 8.75  
 204 G	 31.67  
 205 L	 7.16  
 206 S	 28.91  
 207 K	 57.09  
 208 E	 47.70  
 209 A	 19.08  
 210 I	 5.18  
 211 D	 51.48  
 212 H	 36.06  
 213 D	 38.09  
 214 K	 35.19  
 215 R	 44.83  
 216 A	 15.29  
 217 Y	 13.30  
 218 S	 17.05  
 219 F	 2.65  
 220 C	 3.75  
 221 G	 27.93  
 222 T	 16.30  
 223 I	 1.85  
 224 E	 29.15  
 225 Y	 8.50  
 226 M	 3.04  
 227 A	 9.01  
 228 P	 20.56  
 229 E	 49.95  
 230 V	 4.50  
 231 V	 4.38  
 232 N	 32.86  
 233 R	 34.06  
 234 R	 35.72  
 235 G	 25.59  
 236 H	 20.94  
 237 T	 27.35  
 238 Q	 30.83  
 239 S	 29.38  
 240 A	 13.46  
 241 D	 53.26  
 242 W	 7.73  
 243 W	 5.59  
 244 S	 14.10  
 245 F	 5.01  
 246 G	 13.21  
 247 V	 3.09  
 248 L	 3.13  
 249 M	 2.19  
 250 F	 4.34  
 251 E	 21.22  
 252 M	 2.51  
 253 L	 3.74  
 254 T	 24.34  
 255 G	 24.19  
 256 S	 27.86  
 257 L	 5.36  
 258 P	 22.63  
 259 F	 21.23  
 260 Q	 56.96  
 261 G	 33.92  
 262 K	 43.51  
 263 D	 73.95  
 264 R	 42.04  
 265 K	 68.61  
 266 E	 44.71  
 267 T	 15.69  
 268 M	 2.75  
 269 A	 10.00  
 270 L	 3.06  
 271 I	 2.42  
 272 L	 4.61  
 273 K	 36.16  
 274 A	 14.62  
 275 K	 43.94  
 276 L	 9.44  
 277 G	 25.64  
 278 M	 3.23  
 279 P	 21.70  
 280 Q	 42.91  
 281 F	 4.90  
 282 L	 5.60  
 283 S	 35.56  
 284 G	 36.08  
 285 E	 39.91  
 286 A	 14.05  
 287 Q	 30.25  
 288 S	 36.10  
 289 L	 2.20  
 290 L	 3.49  
 291 R	 34.24  
 292 A	 19.81  
 293 L	 4.15  
 294 F	 7.34  
 295 K	 52.71  
 296 R	 45.01  
 297 N	 46.17  
 298 P	 22.31  
 299 C	 5.45  
 300 N	 43.39  
 301 R	 41.01  
 302 L	 3.25  
 303 G	 20.65  
 304 A	 19.16  
 305 G	 19.40  
 306 I	 4.06  
 307 D	 54.92  
 308 G	 27.15  
 309 V	 5.45  
 310 E	 60.58  
 311 E	 51.94  
 312 I	 2.77  
 313 K	 48.19  
 314 R	 48.66  
 315 H	 20.65  
 316 P	 28.53  
 317 F	 6.68  
 318 F	 5.81  
 319 V	 4.73  
 320 T	 14.20  
 321 I	 4.92  
 322 D	 24.17  
 323 W	 8.89  
 324 N	 19.23  
 325 T	 22.40  
 326 L	 3.35  
 327 Y	 20.01  
 328 R	 32.99  
 329 K	 50.68  
 330 E	 47.44  
 331 I	 10.21  
 332 K	 47.97  
 333 P	 45.26  
 334 P	 44.91  
 335 F	 23.43  
 336 K	 37.53  
 337 P	 32.34  
 338 A	 19.58  
 339 V	 10.16  
 340 G	 41.34  
 341 R	 25.49  
 342 P	 37.58  
 343 E	 69.21  
 344 D	 58.31  
 345 T	 19.83  
 346 F	 9.28  
 347 H	 28.43  
 348 F	 17.09  
 349 D	 33.00  
 350 P	 37.34  
 351 E	 58.43  
 352 F	 8.67  
 353 T	 17.36  
 354 A	 20.76  
 355 R	 37.87  
 356 T	 28.24  
 357 P	 28.76  
 358 T	 48.79  
 359 D	 54.78  
 360 S	 26.49  
 361 P	 51.08  
 362 G	 48.82  
 363 V	 7.76  
 364 P	 24.04  
 365 P	 43.60  
 366 S	 28.25  
 367 A	 24.01  
 368 N	 44.11  
 369 A	 7.38  
 370 H	 20.28  
 371 H	 25.01  
 372 L	 1.94  
 373 F	 6.62  
 374 R	 52.16  
 375 G	 18.40  
 376 F	 4.46  
 377 S	 22.95  
 378 F	 5.06  
 379 V	 4.97  
 380 A	 7.44  
 381 S	 22.00  
 382 S	 21.54  
 383 L	 4.31  
 384 I	 4.75  
 385 Q	 62.94  
 386 E	 39.67  
 387 P	 22.51  
 388 S	 39.46  
 389 Q	 52.07  
 390 Q	 60.62  
 391 D	 43.00  
 392 L	 3.51  
 393 H	 37.04  
 394 K	 56.37  
 395 V	 4.10  
 396 P	 24.41  
 397 V	 10.57  
 398 H	 10.57  
 399 P	 28.78  
 400 I	 2.36  
 401 V	 3.32  
 402 Q	 40.62  
 403 Q	 25.24  
 404 L	 2.89  
 405 H	 32.37  
 406 G	 37.16  
 407 N	 33.27  
 408 N	 33.43  
 409 I	 3.07  
 410 H	 22.98  
 411 F	 6.20  
 412 T	 17.85  
 413 D	 57.65  
 414 G	 20.93  
 415 Y	 19.79  
 416 E	 53.79  
 417 I	 4.45  
 418 K	 37.08  
 419 E	 61.60  
 420 D	 37.63  
 421 I	 5.16  
 422 G	 30.01  
 423 V	 4.74  
 424 G	 18.69  
 425 S	 16.30  
 426 Y	 10.13  
 427 S	 23.80  
 428 V	 3.20  
 429 C	 1.57  
 430 K	 46.83  
 431 R	 23.67  
 432 C	 1.99  
 433 V	 6.35  
 434 H	 20.05  
 435 K	 32.36  
 436 A	 8.88  
 437 T	 48.54  
 438 D	 42.26  
 439 T	 26.92  
 440 E	 34.01  
 441 Y	 20.84  
 442 A	 7.01  
 443 V	 4.47  
 444 K	 26.27  
 445 I	 3.86  
 446 I	 4.52  
 447 D	 53.28  
 448 K	 47.68  
 449 S	 29.22  
 450 K	 67.57  
 451 R	 69.07  
 452 D	 55.61  
 453 P	 47.90  
 454 S	 52.75  
 455 E	 69.27  
 456 E	 50.70  
 457 I	 3.33  
 458 E	 30.75  
 459 I	 5.58  
 460 L	 1.12  
 461 L	 4.94  
 462 R	 30.05  
 463 Y	 22.55  
 464 G	 16.94  
 465 Q	 39.67  
 466 H	 17.01  
 467 P	 26.31  
 468 N	 35.85  
 469 I	 2.76  
 470 I	 4.73  
 471 T	 24.77  
 472 L	 2.92  
 473 K	 36.18  
 474 D	 47.52  
 475 V	 5.58  
 476 Y	 20.60  
 477 D	 59.02  
 478 D	 44.49  
 479 G	 23.54  
 480 K	 38.36  
 481 F	 5.51  
 482 V	 4.04  
 483 Y	 9.19  
 484 L	 2.19  
 485 V	 1.21  
 486 M	 2.78  
 487 E	 31.75  
 488 L	 1.21  
 489 M	 2.08  
 490 R	 63.69  
 491 G	 21.69  
 492 G	 16.41  
 493 E	 49.32  
 494 L	 7.34  
 495 L	 3.46  
 496 D	 48.47  
 497 R	 29.79  
 498 I	 3.57  
 499 L	 3.88  
 500 R	 19.29  
 501 Q	 40.77  
 502 R	 28.20  
 503 Y	 11.78  
 504 F	 7.15  
 505 S	 27.15  
 506 E	 44.64  
 507 R	 43.51  
 508 E	 48.77  
 509 A	 19.77  
 510 S	 24.41  
 511 D	 44.44  
 512 V	 4.36  
 513 L	 2.27  
 514 C	 2.31  
 515 T	 27.76  
 516 I	 3.47  
 517 T	 11.43  
 518 K	 37.69  
 519 T	 13.46  
 520 M	 3.21  
 521 D	 48.34  
 522 Y	 8.76  
 523 L	 2.46  
 524 H	 16.31  
 525 S	 26.49  
 526 Q	 37.64  
 527 G	 26.82  
 528 V	 2.25  
 529 V	 3.81  
 530 H	 18.35  
 531 R	 39.07  
 532 D	 44.13  
 533 L	 9.91  
 534 K	 51.17  
 535 P	 39.65  
 536 S	 34.61  
 537 N	 36.49  
 538 I	 4.14  
 539 L	 3.16  
 540 Y	 16.54  
 541 R	 37.46  
 542 D	 40.64  
 543 E	 48.26  
 544 S	 49.19  
 545 G	 45.21  
 546 S	 34.47  
 547 P	 42.77  
 548 E	 61.57  
 549 S	 21.05  
 550 I	 3.50  
 551 R	 32.08  
 552 V	 3.33  
 553 C	 2.29  
 554 D	 43.79  
 555 F	 7.98  
 556 G	 14.35  
 557 F	 8.51  
 558 A	 10.08  
 559 K	 47.83  
 560 Q	 32.52  
 561 L	 3.90  
 562 R	 37.64  
 563 A	 25.13  
 564 G	 23.46  
 565 N	 36.63  
 566 G	 21.19  
 567 L	 3.24  
 568 L	 3.68  
 569 M	 4.77  
 570 T	 15.35  
 571 P	 8.64  
 572 C	 3.29  
 573 Y	 15.30  
 574 T	 23.11  
 575 A	 4.87  
 576 N	 24.91  
 577 F	 4.61  
 578 V	 9.72  
 579 A	 7.15  
 580 P	 27.25  
 581 E	 51.23  
 582 V	 8.11  
 583 L	 3.45  
 584 K	 48.10  
 585 R	 30.88  
 586 Q	 53.89  
 587 G	 26.73  
 588 Y	 8.28  
 589 D	 34.22  
 590 A	 11.08  
 591 A	 6.66  
 592 C	 4.12  
 593 D	 40.44  
 594 I	 2.43  
 595 W	 3.69  
 596 S	 19.63  
 597 L	 2.73  
 598 G	 11.72  
 599 I	 2.65  
 600 L	 2.58  
 601 L	 2.94  
 602 Y	 6.15  
 603 T	 12.99  
 604 M	 1.20  
 605 L	 3.04  
 606 A	 10.55  
 607 G	 24.01  
 608 F	 6.97  
 609 T	 19.31  
 610 P	 24.88  
 611 F	 8.18  
 612 A	 22.67  
 613 N	 64.01  
 614 G	 24.47  
 615 P	 35.79  
 616 D	 74.04  
 617 D	 68.26  
 618 T	 39.72  
 619 P	 44.19  
 620 E	 60.81  
 621 E	 44.50  
 622 I	 3.30  
 623 L	 2.72  
 624 A	 13.50  
 625 R	 30.29  
 626 I	 4.24  
 627 G	 25.45  
 628 S	 29.73  
 629 G	 23.06  
 630 K	 29.10  
 631 Y	 19.12  
 632 A	 9.95  
 633 L	 4.42  
 634 S	 36.16  
 635 G	 34.01  
 636 G	 28.78  
 637 N	 42.79  
 638 W	 12.19  
 639 D	 39.84  
 640 S	 18.66  
 641 I	 3.91  
 642 S	 25.75  
 643 D	 49.20  
 644 A	 15.04  
 645 A	 17.36  
 646 K	 53.42  
 647 D	 41.13  
 648 V	 5.29  
 649 V	 6.98  
 650 S	 16.52  
 651 K	 33.59  
 652 M	 2.14  
 653 L	 4.01  
 654 H	 20.59  
 655 V	 12.32  
 656 D	 24.98  
 657 P	 25.15  
 658 H	 22.41  
 659 Q	 47.68  
 660 R	 30.85  
 661 L	 2.62  
 662 T	 23.44  
 663 A	 7.33  
 664 M	 2.08  
 665 Q	 34.62  
 666 V	 5.02  
 667 L	 2.07  
 668 K	 49.08  
 669 H	 19.79  
 670 P	 24.78  
 671 W	 13.35  
 672 V	 3.01  
 673 V	 5.02  
 674 N	 22.80  
 675 R	 23.48  
 676 E	 45.69  
 677 Y	 14.83  
 678 L	 6.18  
 679 S	 22.39  
 680 P	 29.95  
 681 N	 52.64  
 682 Q	 44.17  
 683 L	 6.07  
 684 S	 20.38  
 685 R	 45.36  
 686 Q	 54.42  
 687 D	 28.79  
 688 V	 2.59  
 689 H	 32.94  
 690 L	 4.23  
 691 V	 3.03  
 692 K	 47.51  
 693 G	 17.07  
 694 A	 4.44  
 695 M	 3.39  
 696 A	 8.98  
 697 A	 6.97  
 698 T	 15.05  
 699 Y	 5.11  
 700 F	 5.61  
 701 A	 8.10  
 702 L	 2.98  
 703 N	 42.21  
 704 R	 48.94  
 705 T	 20.76  
 706 P	 25.71  
 707 Q	 64.48  
 708 A	 7.74  
 709 P	 35.82  
 710 R	 55.49  
 711 L	 9.44  
 712 E	 34.34  
 713 P	 36.62  
 714 V	 6.21  
 715 L	 7.32  
 716 S	 19.88  
 717 S	 31.53  
 718 N	 35.70  
 719 L	 4.67  
 720 A	 12.70  
 721 Q	 38.48  
 722 R	 31.36  
 723 R	 37.16  
 724 G	 28.31  
 725 M	 1.85  
 726 K	 47.26  
 727 R	 34.01  
 728 L	 3.56  
 729 T	 31.89  
 730 S	 19.00  
 731 T	 30.65  
 732 R	 37.86  
 733 L	 9.25  
