 1 M	 6.71  
 2 A	 15.42  
 3 I	 6.83  
 4 R	 30.71  
 5 K	 44.99  
 6 K	 54.21  
 7 S	 44.07  
 8 T	 44.41  
 9 K	 68.97  
 10 S	 34.23  
 11 P	 25.28  
 12 P	 46.93  
 13 V	 10.99  
 14 L	 5.51  
 15 S	 22.62  
 16 H	 28.49  
 17 E	 33.79  
 18 F	 5.79  
 19 V	 4.97  
 20 L	 5.25  
 21 Q	 34.07  
 22 N	 28.31  
 23 H	 16.30  
 24 A	 18.77  
 25 D	 33.98  
 26 I	 2.26  
 27 V	 3.60  
 28 S	 11.83  
 29 C	 1.24  
 30 V	 2.76  
 31 A	 7.86  
 32 M	 0.79  
 33 V	 1.89  
 34 F	 2.75  
 35 L	 2.23  
 36 L	 3.17  
 37 G	 19.76  
 38 L	 3.42  
 39 M	 2.41  
 40 F	 8.05  
 41 E	 26.01  
 42 I	 2.87  
 43 T	 18.21  
 44 A	 15.87  
 45 K	 33.73  
 46 A	 11.96  
 47 S	 18.60  
 48 I	 3.19  
 49 I	 1.79  
 50 F	 3.07  
 51 V	 3.53  
 52 T	 9.44  
 53 L	 4.23  
 54 Q	 20.56  
 55 Y	 18.08  
 56 N	 13.82  
 57 V	 5.04  
 58 T	 24.32  
 59 L	 2.06  
 60 P	 27.98  
 61 A	 30.65  
 62 T	 37.81  
 63 E	 50.66  
 64 E	 40.95  
 65 Q	 47.56  
 66 A	 19.33  
 67 T	 28.61  
 68 E	 52.76  
 69 S	 16.80  
 70 V	 3.58  
 71 S	 21.67  
 72 L	 2.74  
 73 Y	 6.27  
 74 Y	 10.66  
 75 Y	 9.98  
 76 G	 12.35  
 77 I	 1.49  
 78 K	 42.18  
 79 D	 39.35  
 80 L	 3.51  
 81 A	 16.32  
 82 T	 25.74  
 83 V	 2.31  
 84 F	 2.93  
 85 F	 2.81  
 86 Y	 4.32  
 87 M	 1.73  
 88 L	 1.28  
 89 V	 1.73  
 90 A	 5.36  
 91 I	 2.07  
 92 I	 1.04  
 93 I	 1.08  
 94 H	 11.97  
 95 A	 6.95  
 96 V	 2.61  
 97 I	 2.40  
 98 Q	 29.21  
 99 E	 23.06  
 100 Y	 6.13  
 101 M	 3.72  
 102 L	 6.25  
 103 D	 33.00  
 104 K	 37.61  
 105 I	 4.91  
 106 N	 31.11  
 107 R	 40.55  
 108 R	 20.59  
 109 M	 3.19  
 110 H	 23.24  
 111 F	 6.15  
 112 S	 25.41  
 113 K	 61.73  
 114 T	 32.56  
 115 K	 50.01  
 116 H	 41.26  
 117 S	 40.26  
 118 K	 52.51  
 119 F	 16.00  
 120 N	 46.38  
 121 E	 60.42  
 122 S	 32.70  
 123 G	 26.69  
 124 Q	 41.33  
 125 L	 4.56  
 126 S	 14.40  
 127 A	 13.00  
 128 F	 4.97  
 129 Y	 10.71  
 130 L	 1.45  
 131 F	 3.18  
 132 A	 5.60  
 133 C	 1.75  
 134 V	 4.78  
 135 W	 10.45  
 136 G	 7.14  
 137 T	 7.56  
 138 F	 3.64  
 139 I	 3.16  
 140 L	 2.85  
 141 I	 4.08  
 142 S	 19.15  
 143 E	 47.24  
 144 N	 32.42  
 145 Y	 9.57  
 146 I	 5.93  
 147 S	 27.46  
 148 D	 34.50  
 149 P	 17.97  
 150 T	 33.42  
 151 I	 4.17  
 152 L	 2.52  
 153 W	 4.49  
 154 R	 22.31  
 155 A	 15.61  
 156 Y	 9.10  
 157 P	 14.65  
 158 H	 27.64  
 159 N	 27.31  
 160 L	 2.88  
 161 M	 4.24  
 162 T	 17.55  
 163 F	 4.10  
 164 Q	 25.62  
 165 M	 3.41  
 166 K	 22.87  
 167 F	 4.76  
 168 F	 4.40  
 169 Y	 11.64  
 170 I	 1.46  
 171 S	 14.04  
 172 Q	 22.13  
 173 L	 2.93  
 174 A	 5.94  
 175 Y	 19.66  
 176 W	 3.98  
 177 L	 1.04  
 178 H	 15.92  
 179 A	 21.37  
 180 F	 3.17  
 181 P	 31.31  
 182 E	 50.04  
 183 L	 5.45  
 184 Y	 11.42  
 185 F	 10.57  
 186 Q	 38.66  
 187 K	 53.03  
 188 T	 36.24  
 189 K	 62.29  
 190 K	 66.89  
 191 E	 63.83  
 192 D	 66.14  
 193 I	 2.96  
 194 P	 30.22  
 195 R	 42.68  
 196 Q	 29.90  
 197 L	 3.13  
 198 V	 2.18  
 199 Y	 9.62  
 200 I	 2.09  
 201 G	 7.20  
 202 L	 2.14  
 203 Y	 11.34  
 204 L	 2.79  
 205 F	 2.18  
 206 H	 13.34  
 207 I	 2.72  
 208 A	 6.49  
 209 G	 17.72  
 210 A	 5.25  
 211 Y	 15.71  
 212 L	 2.24  
 213 L	 4.45  
 214 N	 35.88  
 215 L	 4.27  
 216 N	 27.54  
 217 H	 25.17  
 218 L	 5.73  
 219 G	 13.24  
 220 L	 2.86  
 221 V	 3.54  
 222 L	 3.09  
 223 L	 2.76  
 224 V	 2.43  
 225 L	 2.46  
 226 H	 13.40  
 227 Y	 12.73  
 228 F	 2.71  
 229 V	 3.91  
 230 E	 27.08  
 231 F	 8.10  
 232 L	 1.61  
 233 F	 6.12  
 234 H	 21.18  
 235 I	 1.69  
 236 S	 17.86  
 237 R	 28.36  
 238 L	 3.05  
 239 F	 5.86  
 240 Y	 15.64  
 241 F	 5.04  
 242 S	 32.47  
 243 N	 39.62  
 244 E	 52.52  
 245 K	 58.18  
 246 Y	 14.85  
 247 Q	 50.92  
 248 K	 59.85  
 249 G	 11.23  
 250 F	 7.55  
 251 S	 31.50  
 252 L	 2.96  
 253 W	 5.32  
 254 A	 8.07  
 255 V	 2.63  
 256 L	 1.57  
 257 F	 3.24  
 258 V	 4.91  
 259 L	 2.30  
 260 G	 16.94  
 261 R	 23.51  
 262 L	 3.98  
 263 L	 3.36  
 264 T	 19.15  
 265 L	 3.60  
 266 I	 1.96  
 267 L	 3.05  
 268 S	 14.21  
 269 V	 4.69  
 270 L	 2.63  
 271 T	 19.21  
 272 V	 5.38  
 273 G	 12.98  
 274 F	 6.70  
 275 G	 16.70  
 276 L	 2.45  
 277 A	 14.71  
 278 R	 47.69  
 279 A	 17.93  
 280 E	 55.42  
 281 N	 43.21  
 282 Q	 38.91  
 283 K	 62.70  
 284 L	 6.07  
 285 D	 42.35  
 286 F	 11.60  
 287 S	 34.76  
 288 T	 35.82  
 289 G	 35.22  
 290 N	 25.96  
 291 F	 7.66  
 292 N	 31.71  
 293 V	 2.96  
 294 L	 3.70  
 295 A	 5.58  
 296 V	 3.88  
 297 R	 12.92  
 298 I	 2.21  
 299 A	 4.62  
 300 V	 4.22  
 301 L	 1.98  
 302 A	 7.11  
 303 S	 16.62  
 304 I	 1.50  
 305 C	 2.22  
 306 V	 4.19  
 307 T	 15.12  
 308 Q	 16.53  
 309 A	 5.73  
 310 F	 2.19  
 311 M	 3.34  
 312 M	 2.58  
 313 W	 4.80  
 314 K	 20.62  
 315 F	 3.05  
 316 I	 4.48  
 317 N	 23.03  
 318 F	 6.56  
 319 Q	 29.58  
 320 L	 3.34  
 321 R	 25.90  
 322 R	 45.45  
 323 W	 11.99  
 324 R	 29.91  
 325 E	 34.92  
 326 H	 18.82  
 327 S	 26.48  
 328 A	 11.50  
 329 F	 7.73  
 330 Q	 46.26  
 331 A	 6.38  
 332 P	 27.14  
 333 A	 28.86  
 334 V	 10.20  
 335 K	 58.13  
 336 K	 58.34  
 337 K	 39.96  
 338 P	 40.77  
 339 T	 50.08  
 340 V	 7.65  
 341 T	 30.20  
 342 K	 48.25  
 343 G	 25.90  
 344 R	 39.03  
 345 S	 56.00  
 346 S	 36.71  
 347 K	 57.37  
 348 K	 73.37  
 349 G	 41.83  
 350 T	 34.85  
 351 E	 61.73  
 352 N	 60.60  
 353 G	 14.18  
 354 V	 10.09  
 355 N	 38.85  
 356 G	 21.50  
 357 T	 22.97  
 358 L	 5.39  
 359 T	 20.35  
 360 S	 32.21  
 361 N	 27.97  
 362 V	 6.66  
 363 A	 18.80  
 364 D	 55.69  
 365 S	 18.93  
 366 P	 44.40  
 367 R	 72.11  
 368 N	 64.23  
 369 K	 64.68  
 370 K	 74.13  
 371 E	 60.83  
 372 K	 65.95  
 373 S	 42.23  
 374 S	 56.14  
