 1 M	 8.77  
 2 E	 51.77  
 3 V	 5.97  
 4 V	 5.91  
 5 D	 40.23  
 6 P	 16.53  
 7 Q	 46.82  
 8 Q	 45.42  
 9 L	 4.52  
 10 G	 12.57  
 11 M	 5.23  
 12 F	 5.51  
 13 T	 33.90  
 14 E	 39.13  
 15 G	 30.22  
 16 E	 34.76  
 17 L	 4.57  
 18 M	 2.38  
 19 S	 28.30  
 20 V	 4.60  
 21 G	 10.84  
 22 M	 4.04  
 23 D	 32.32  
 24 T	 18.65  
 25 F	 3.74  
 26 I	 2.01  
 27 H	 19.22  
 28 R	 29.59  
 29 I	 2.80  
 30 D	 49.84  
 31 S	 24.89  
 32 T	 30.44  
 33 E	 30.76  
 34 V	 5.10  
 35 I	 1.84  
 36 Y	 20.03  
 37 Q	 17.56  
 38 P	 22.52  
 39 R	 41.02  
 40 R	 39.22  
 41 K	 58.97  
 42 R	 34.83  
 43 A	 17.65  
 44 K	 44.67  
 45 L	 6.44  
 46 I	 4.39  
 47 G	 24.00  
 48 K	 28.37  
 49 Y	 9.19  
 50 L	 3.35  
 51 M	 3.40  
 52 G	 21.59  
 53 D	 25.42  
 54 L	 5.69  
 55 L	 7.55  
 56 G	 44.51  
 57 E	 44.96  
 58 G	 25.11  
 59 S	 26.81  
 60 Y	 31.64  
 61 G	 29.94  
 62 K	 41.73  
 63 V	 5.77  
 64 K	 45.66  
 65 E	 51.83  
 66 V	 6.28  
 67 L	 6.68  
 68 D	 49.99  
 69 S	 28.46  
 70 E	 45.53  
 71 T	 34.80  
 72 L	 1.55  
 73 C	 3.46  
 74 R	 32.48  
 75 R	 42.61  
 76 A	 6.39  
 77 V	 3.62  
 78 K	 41.14  
 79 I	 5.68  
 80 L	 5.72  
 81 K	 67.05  
 82 K	 52.25  
 83 K	 56.29  
 84 K	 56.98  
 85 L	 6.46  
 86 R	 43.28  
 87 R	 60.18  
 88 I	 2.22  
 89 P	 40.75  
 90 N	 59.57  
 91 G	 30.00  
 92 E	 43.65  
 93 A	 27.75  
 94 N	 41.67  
 95 V	 13.94  
 96 K	 44.49  
 97 K	 56.62  
 98 E	 30.19  
 99 I	 4.86  
 100 Q	 35.22  
 101 L	 5.02  
 102 L	 1.39  
 103 R	 44.15  
 104 R	 35.72  
 105 L	 5.63  
 106 R	 36.60  
 107 H	 30.54  
 108 K	 46.61  
 109 N	 29.96  
 110 V	 3.35  
 111 I	 3.51  
 112 Q	 31.02  
 113 L	 2.14  
 114 V	 2.47  
 115 D	 33.04  
 116 V	 4.82  
 117 L	 3.08  
 118 Y	 22.00  
 119 N	 46.95  
 120 E	 53.68  
 121 E	 58.09  
 122 K	 49.38  
 123 Q	 38.74  
 124 K	 42.96  
 125 M	 2.12  
 126 Y	 8.13  
 127 M	 1.75  
 128 V	 1.13  
 129 M	 1.41  
 130 E	 25.11  
 131 Y	 3.37  
 132 C	 0.99  
 133 V	 2.86  
 134 C	 3.16  
 135 G	 10.62  
 136 M	 2.29  
 137 Q	 20.45  
 138 E	 32.59  
 139 M	 2.58  
 140 L	 4.34  
 141 D	 46.40  
 142 S	 35.29  
 143 V	 7.67  
 144 P	 45.39  
 145 E	 55.50  
 146 K	 53.95  
 147 R	 39.17  
 148 F	 8.67  
 149 P	 29.97  
 150 V	 3.30  
 151 C	 2.77  
 152 Q	 36.31  
 153 A	 7.92  
 154 H	 12.95  
 155 G	 21.89  
 156 Y	 7.42  
 157 F	 2.24  
 158 C	 2.12  
 159 Q	 31.39  
 160 L	 3.97  
 161 I	 1.30  
 162 D	 65.30  
 163 G	 17.26  
 164 L	 3.29  
 165 E	 52.13  
 166 Y	 18.11  
 167 L	 1.98  
 168 H	 19.71  
 169 S	 27.75  
 170 Q	 34.58  
 171 G	 27.22  
 172 I	 1.97  
 173 V	 6.16  
 174 H	 21.83  
 175 K	 50.70  
 176 D	 38.99  
 177 I	 7.46  
 178 K	 57.94  
 179 P	 36.92  
 180 G	 32.20  
 181 N	 35.72  
 182 L	 5.27  
 183 L	 4.66  
 184 L	 4.55  
 185 T	 24.30  
 186 T	 33.32  
 187 G	 23.12  
 188 G	 26.28  
 189 T	 26.65  
 190 L	 5.40  
 191 K	 39.75  
 192 I	 4.33  
 193 S	 25.79  
 194 D	 51.41  
 195 L	 4.79  
 196 G	 22.91  
 197 V	 5.90  
 198 A	 8.44  
 199 E	 49.73  
 200 A	 11.05  
 201 L	 3.87  
 202 H	 23.60  
 203 P	 22.79  
 204 F	 6.44  
 205 A	 17.90  
 206 A	 18.65  
 207 D	 48.61  
 208 D	 42.87  
 209 T	 12.39  
 210 C	 6.01  
 211 R	 39.23  
 212 T	 27.78  
 213 S	 17.13  
 214 Q	 56.63  
 215 G	 35.05  
 216 S	 12.86  
 217 P	 43.87  
 218 A	 19.87  
 219 F	 14.74  
 220 Q	 55.53  
 221 P	 23.26  
 222 P	 34.54  
 223 E	 62.51  
 224 I	 4.44  
 225 A	 11.45  
 226 N	 58.16  
 227 G	 18.86  
 228 L	 5.86  
 229 D	 47.29  
 230 T	 25.41  
 231 F	 7.21  
 232 S	 45.47  
 233 G	 23.39  
 234 F	 7.26  
 235 K	 42.39  
 236 V	 6.36  
 237 D	 36.91  
 238 I	 3.33  
 239 W	 4.25  
 240 S	 18.58  
 241 A	 11.07  
 242 G	 13.87  
 243 V	 3.13  
 244 T	 23.70  
 245 L	 2.61  
 246 Y	 8.64  
 247 N	 28.39  
 248 I	 2.00  
 249 T	 15.92  
 250 T	 22.76  
 251 G	 17.98  
 252 L	 4.63  
 253 Y	 13.76  
 254 P	 26.34  
 255 F	 11.79  
 256 E	 62.22  
 257 G	 33.37  
 258 D	 31.02  
 259 N	 50.80  
 260 I	 3.69  
 261 Y	 14.11  
 262 K	 42.79  
 263 L	 3.50  
 264 F	 6.21  
 265 E	 59.37  
 266 N	 40.76  
 267 I	 4.80  
 268 G	 39.59  
 269 K	 40.67  
 270 G	 22.22  
 271 S	 18.19  
 272 Y	 19.74  
 273 A	 11.82  
 274 I	 2.73  
 275 P	 25.13  
 276 G	 36.41  
 277 D	 28.92  
 278 C	 12.50  
 279 G	 31.44  
 280 P	 32.75  
 281 P	 29.76  
 282 L	 7.57  
 283 S	 31.80  
 284 D	 64.80  
 285 L	 4.84  
 286 L	 5.60  
 287 K	 49.96  
 288 G	 26.36  
 289 M	 2.16  
 290 L	 9.63  
 291 E	 38.67  
 292 Y	 24.21  
 293 E	 29.43  
 294 P	 42.03  
 295 A	 12.06  
 296 K	 65.77  
 297 R	 32.43  
 298 F	 7.59  
 299 S	 22.39  
 300 I	 3.27  
 301 R	 25.36  
 302 Q	 33.28  
 303 I	 3.08  
 304 R	 21.59  
 305 Q	 36.27  
 306 H	 19.69  
 307 S	 21.41  
 308 W	 8.57  
 309 F	 10.33  
 310 R	 40.63  
 311 K	 46.06  
 312 K	 58.02  
 313 H	 36.29  
 314 P	 38.38  
 315 P	 42.31  
 316 A	 29.99  
 317 E	 60.32  
 318 A	 16.70  
 319 P	 24.75  
 320 V	 9.64  
 321 P	 32.10  
 322 I	 8.79  
 323 P	 19.76  
 324 P	 60.25  
 325 S	 30.01  
 326 P	 60.09  
 327 D	 71.39  
 328 T	 37.92  
 329 K	 53.31  
 330 D	 58.42  
 331 R	 32.06  
 332 W	 13.56  
 333 R	 19.90  
 334 S	 16.31  
 335 M	 2.18  
 336 T	 21.43  
 337 V	 2.82  
 338 V	 1.57  
 339 P	 24.53  
 340 Y	 15.89  
 341 L	 3.19  
 342 E	 53.32  
 343 D	 41.17  
 344 L	 2.68  
 345 H	 41.54  
 346 G	 41.86  
 347 A	 13.28  
 348 D	 69.35  
 349 E	 63.87  
 350 D	 56.08  
 351 E	 55.34  
 352 D	 66.03  
 353 L	 3.80  
 354 F	 16.01  
 355 D	 51.14  
 356 I	 4.98  
 357 E	 52.02  
 358 D	 53.39  
 359 D	 19.18  
 360 I	 3.92  
 361 I	 3.81  
 362 Y	 9.93  
 363 T	 15.97  
 364 Q	 27.18  
 365 D	 33.12  
 366 F	 5.51  
 367 T	 33.80  
 368 V	 5.18  
 369 P	 25.17  
 370 G	 36.46  
 371 Q	 41.33  
 372 V	 8.80  
 373 P	 35.08  
 374 E	 70.39  
 375 E	 53.44  
 376 E	 54.53  
 377 A	 21.26  
 378 S	 22.29  
 379 H	 49.87  
 380 N	 45.88  
 381 G	 19.56  
 382 Q	 36.90  
 383 R	 35.71  
 384 R	 43.01  
 385 G	 48.82  
 386 L	 3.59  
 387 P	 25.94  
 388 K	 59.50  
 389 A	 9.59  
 390 V	 3.87  
 391 C	 1.78  
 392 M	 4.10  
 393 N	 49.46  
 394 G	 9.69  
 395 T	 19.90  
 396 E	 43.32  
 397 A	 10.59  
 398 A	 12.48  
 399 Q	 42.89  
 400 L	 6.35  
 401 S	 23.00  
 402 T	 41.45  
 403 K	 34.27  
 404 S	 36.49  
 405 R	 37.91  
 406 A	 30.59  
 407 E	 48.37  
 408 G	 30.02  
 409 R	 38.07  
 410 A	 21.05  
 411 P	 46.07  
 412 N	 41.71  
 413 P	 32.17  
 414 A	 32.04  
 415 R	 28.50  
 416 K	 56.71  
 417 A	 6.22  
 418 C	 3.81  
 419 S	 35.72  
 420 A	 20.08  
 421 S	 18.83  
 422 S	 31.64  
 423 K	 37.42  
 424 I	 3.15  
 425 R	 36.90  
 426 R	 36.15  
 427 L	 2.46  
 428 S	 29.79  
 429 A	 14.76  
 430 C	 3.53  
 431 K	 51.99  
 432 Q	 54.84  
 433 Q	 40.55  
