 1 M	 3.58  
 2 M	 3.07  
 3 A	 7.87  
 4 A	 3.12  
 5 M	 2.18  
 6 A	 8.06  
 7 T	 11.25  
 8 A	 9.83  
 9 R	 16.54  
 10 V	 4.60  
 11 R	 20.84  
 12 M	 8.73  
 13 G	 8.92  
 14 P	 20.87  
 15 R	 23.75  
 16 C	 3.56  
 17 A	 10.04  
 18 Q	 40.38  
 19 A	 7.20  
 20 L	 1.66  
 21 W	 9.50  
 22 R	 23.33  
 23 M	 1.57  
 24 P	 22.37  
 25 W	 12.17  
 26 L	 1.82  
 27 P	 15.79  
 28 V	 7.65  
 29 F	 3.47  
 30 L	 4.11  
 31 S	 12.42  
 32 L	 4.01  
 33 A	 7.53  
 34 A	 11.70  
 35 A	 7.63  
 36 A	 7.91  
 37 A	 7.91  
 38 A	 7.91  
 39 A	 11.50  
 40 A	 13.55  
 41 A	 15.48  
 42 E	 36.50  
 43 Q	 44.86  
 44 Q	 30.24  
 45 V	 3.85  
 46 P	 16.65  
 47 L	 5.34  
 48 V	 4.16  
 49 L	 4.90  
 50 W	 6.57  
 51 S	 20.42  
 52 S	 25.69  
 53 D	 42.47  
 54 R	 42.75  
 55 D	 52.10  
 56 L	 4.35  
 57 W	 12.42  
 58 A	 7.37  
 59 P	 19.19  
 60 A	 15.38  
 61 A	 22.60  
 62 D	 51.18  
 63 T	 19.66  
 64 H	 39.32  
 65 E	 55.34  
 66 G	 15.19  
 67 H	 19.71  
 68 I	 6.08  
 69 T	 15.54  
 70 S	 35.40  
 71 D	 29.77  
 72 L	 5.74  
 73 Q	 38.06  
 74 L	 5.55  
 75 S	 11.31  
 76 T	 36.37  
 77 Y	 13.01  
 78 L	 6.87  
 79 D	 18.93  
 80 P	 35.83  
 81 A	 17.21  
 82 L	 7.31  
 83 E	 54.51  
 84 L	 13.72  
 85 G	 15.11  
 86 P	 36.98  
 87 R	 44.05  
 88 N	 31.74  
 89 V	 5.33  
 90 L	 2.98  
 91 L	 3.33  
 92 F	 5.14  
 93 L	 6.94  
 94 Q	 38.16  
 95 D	 56.88  
 96 K	 31.04  
 97 L	 9.31  
 98 S	 29.67  
 99 I	 9.49  
 100 E	 43.63  
 101 D	 44.52  
 102 F	 2.46  
 103 T	 31.15  
 104 A	 10.85  
 105 Y	 16.03  
 106 G	 24.27  
 107 G	 10.02  
 108 V	 4.88  
 109 F	 11.46  
 110 G	 37.71  
 111 N	 27.61  
 112 K	 56.73  
 113 Q	 54.62  
 114 D	 43.47  
 115 S	 28.81  
 116 A	 21.85  
 117 F	 6.03  
 118 S	 39.98  
 119 N	 44.94  
 120 L	 5.35  
 121 E	 44.71  
 122 N	 49.31  
 123 A	 7.96  
 124 L	 9.28  
 125 D	 38.07  
 126 L	 8.64  
 127 A	 11.12  
 128 P	 31.57  
 129 S	 30.60  
 130 S	 22.80  
 131 L	 5.56  
 132 V	 6.94  
 133 L	 2.46  
 134 P	 23.82  
 135 A	 14.03  
 136 V	 5.11  
 137 D	 34.47  
 138 W	 4.03  
 139 Y	 7.83  
 140 A	 5.64  
 141 V	 2.35  
 142 S	 14.99  
 143 T	 22.86  
 144 L	 2.34  
 145 T	 17.30  
 146 T	 25.91  
 147 Y	 10.93  
 148 L	 5.08  
 149 Q	 35.05  
 150 E	 47.88  
 151 K	 38.98  
 152 L	 7.34  
 153 G	 34.77  
 154 A	 20.57  
 155 S	 26.62  
 156 P	 26.42  
 157 L	 5.95  
 158 H	 17.90  
 159 V	 9.45  
 160 D	 21.60  
 161 L	 3.69  
 162 A	 10.50  
 163 T	 33.38  
 164 L	 3.13  
 165 R	 42.73  
 166 E	 54.06  
 167 L	 6.55  
 168 K	 34.64  
 169 L	 11.49  
 170 N	 26.37  
 171 A	 23.92  
 172 S	 33.54  
 173 L	 2.40  
 174 P	 20.54  
 175 A	 19.01  
 176 L	 3.64  
 177 L	 3.98  
 178 L	 1.92  
 179 I	 4.25  
 180 R	 29.58  
 181 L	 2.77  
 182 P	 17.99  
 183 Y	 21.38  
 184 T	 20.37  
 185 A	 8.89  
 186 S	 19.69  
 187 S	 33.22  
 188 G	 19.58  
 189 L	 2.60  
 190 M	 5.72  
 191 A	 12.68  
 192 P	 20.99  
 193 R	 36.80  
 194 E	 40.60  
 195 V	 6.47  
 196 L	 4.32  
 197 T	 38.83  
 198 G	 35.12  
 199 N	 36.71  
 200 D	 53.54  
 201 E	 39.78  
 202 V	 7.12  
 203 I	 2.76  
 204 G	 19.40  
 205 Q	 23.12  
 206 V	 3.72  
 207 L	 2.20  
 208 S	 32.60  
 209 T	 33.76  
 210 L	 5.30  
 211 K	 52.46  
 212 S	 41.99  
 213 E	 62.53  
 214 D	 54.50  
 215 V	 3.24  
 216 P	 32.83  
 217 Y	 14.62  
 218 T	 10.21  
 219 A	 8.47  
 220 A	 9.54  
 221 L	 2.68  
 222 T	 20.55  
 223 A	 9.00  
 224 V	 8.56  
 225 R	 22.47  
 226 P	 21.64  
 227 S	 28.90  
 228 R	 28.88  
 229 V	 6.34  
 230 A	 10.80  
 231 R	 35.76  
 232 D	 24.00  
 233 V	 3.47  
 234 A	 8.38  
 235 V	 2.81  
 236 V	 2.71  
 237 A	 10.35  
 238 G	 21.90  
 239 G	 18.41  
 240 L	 5.10  
 241 G	 20.68  
 242 R	 29.08  
 243 Q	 44.73  
 244 L	 5.43  
 245 L	 4.53  
 246 Q	 51.43  
 247 K	 57.44  
 248 Q	 30.57  
 249 P	 35.27  
 250 V	 10.53  
 251 S	 21.82  
 252 P	 29.34  
 253 V	 4.97  
 254 I	 4.60  
 255 H	 22.35  
 256 P	 21.62  
 257 P	 17.33  
 258 V	 12.81  
 259 S	 24.80  
 260 Y	 19.79  
 261 N	 32.42  
 262 D	 35.69  
 263 T	 34.62  
 264 A	 8.34  
 265 P	 26.41  
 266 R	 35.46  
 267 I	 3.47  
 268 L	 2.86  
 269 F	 4.77  
 270 W	 8.09  
 271 A	 6.26  
 272 Q	 41.94  
 273 N	 24.34  
 274 F	 4.06  
 275 S	 17.25  
 276 V	 6.21  
 277 A	 12.40  
 278 Y	 16.97  
 279 K	 33.43  
 280 D	 46.26  
 281 Q	 41.11  
 282 W	 15.94  
 283 E	 37.19  
 284 D	 53.54  
 285 L	 3.44  
 286 T	 28.68  
 287 P	 36.38  
 288 L	 5.37  
 289 T	 21.39  
 290 F	 13.71  
 291 G	 18.24  
 292 V	 3.32  
 293 Q	 50.25  
 294 E	 36.90  
 295 L	 3.39  
 296 N	 34.50  
 297 L	 10.04  
 298 T	 29.70  
 299 G	 24.82  
 300 S	 23.12  
 301 F	 8.16  
 302 W	 14.93  
 303 N	 32.79  
 304 D	 35.41  
 305 S	 20.00  
 306 F	 5.24  
 307 A	 18.56  
 308 R	 23.85  
 309 L	 4.39  
 310 S	 17.08  
 311 L	 7.57  
 312 T	 21.69  
 313 Y	 12.35  
 314 E	 37.36  
 315 R	 25.55  
 316 L	 2.87  
 317 F	 11.63  
 318 G	 25.68  
 319 T	 15.68  
 320 T	 20.23  
 321 V	 6.26  
 322 T	 21.00  
 323 F	 5.45  
 324 K	 23.33  
 325 F	 4.90  
 326 I	 3.51  
 327 L	 3.78  
 328 A	 8.35  
 329 N	 30.92  
 330 R	 29.96  
 331 L	 5.94  
 332 Y	 9.80  
 333 P	 20.41  
 334 V	 4.40  
 335 S	 18.32  
 336 A	 13.95  
 337 R	 21.77  
 338 H	 24.58  
 339 W	 5.71  
 340 F	 3.68  
 341 T	 16.97  
 342 M	 1.73  
 343 E	 51.56  
 344 R	 25.90  
 345 L	 5.27  
 346 E	 44.39  
 347 V	 7.69  
 348 H	 13.23  
 349 S	 48.32  
 350 N	 31.70  
 351 G	 26.89  
 352 S	 14.07  
 353 V	 5.47  
 354 A	 12.61  
 355 Y	 8.66  
 356 F	 4.43  
 357 N	 26.46  
 358 A	 7.46  
 359 S	 26.70  
 360 Q	 34.09  
 361 V	 6.56  
 362 T	 35.42  
 363 G	 18.33  
 364 P	 14.26  
 365 S	 35.19  
 366 I	 3.62  
 367 Y	 15.04  
 368 S	 13.57  
 369 F	 4.25  
 370 H	 9.50  
 371 C	 3.67  
 372 E	 40.16  
 373 Y	 15.83  
 374 V	 1.14  
 375 S	 25.35  
 376 S	 26.98  
 377 L	 7.29  
 378 S	 33.98  
 379 K	 67.46  
 380 K	 50.81  
 381 G	 27.54  
 382 S	 27.66  
 383 L	 6.42  
 384 L	 2.79  
 385 V	 4.03  
 386 A	 14.58  
 387 R	 26.81  
 388 T	 34.78  
 389 Q	 30.81  
 390 P	 41.57  
 391 S	 29.02  
 392 P	 31.81  
 393 W	 11.75  
 394 Q	 15.70  
 395 M	 2.27  
 396 M	 1.50  
 397 L	 3.57  
 398 Q	 31.41  
 399 D	 33.19  
 400 F	 4.43  
 401 Q	 34.86  
 402 I	 3.01  
 403 Q	 29.17  
 404 A	 10.30  
 405 F	 3.97  
 406 N	 26.36  
 407 V	 4.16  
 408 M	 5.26  
 409 G	 22.67  
 410 E	 30.29  
 411 Q	 27.19  
 412 F	 5.40  
 413 S	 21.34  
 414 Y	 16.06  
 415 A	 9.55  
 416 S	 25.62  
 417 D	 24.67  
 418 C	 2.94  
 419 A	 17.86  
 420 S	 32.91  
 421 F	 3.60  
 422 F	 8.80  
 423 S	 21.87  
 424 P	 32.88  
 425 G	 25.62  
 426 I	 2.32  
 427 W	 4.82  
 428 M	 2.27  
 429 G	 11.53  
 430 L	 2.46  
 431 L	 2.24  
 432 T	 28.55  
 433 S	 21.41  
 434 L	 2.17  
 435 F	 3.91  
 436 M	 3.47  
 437 L	 2.03  
 438 F	 2.65  
 439 I	 1.91  
 440 F	 3.18  
 441 T	 16.32  
 442 Y	 13.62  
 443 G	 13.17  
 444 L	 1.42  
 445 H	 9.25  
 446 M	 3.86  
 447 I	 1.32  
 448 L	 3.69  
 449 S	 19.52  
 450 L	 4.86  
 451 K	 38.13  
 452 T	 29.60  
 453 M	 3.13  
 454 D	 54.01  
 455 R	 26.52  
 456 F	 12.94  
 457 D	 58.98  
 458 D	 42.56  
 459 H	 38.52  
 460 K	 73.84  
 461 G	 22.59  
 462 P	 31.21  
 463 T	 31.69  
 464 I	 3.41  
 465 S	 28.04  
 466 L	 3.45  
 467 T	 14.95  
 468 Q	 39.48  
 469 I	 3.15  
 470 V	 4.64  
