 1 M	 11.79  
 2 D	 38.42  
 3 V	 4.55  
 4 S	 21.71  
 5 L	 3.99  
 6 C	 2.10  
 7 P	 39.79  
 8 A	 25.21  
 9 K	 18.63  
 10 C	 4.39  
 11 S	 27.43  
 12 F	 7.72  
 13 W	 3.99  
 14 R	 14.05  
 15 I	 1.76  
 16 F	 3.28  
 17 L	 5.01  
 18 L	 3.15  
 19 G	 23.46  
 20 S	 15.30  
 21 V	 5.81  
 22 W	 5.80  
 23 L	 2.97  
 24 D	 21.99  
 25 Y	 12.44  
 26 V	 4.62  
 27 G	 13.05  
 28 S	 12.15  
 29 V	 3.02  
 30 L	 4.32  
 31 A	 8.62  
 32 C	 2.60  
 33 P	 22.39  
 34 A	 23.18  
 35 N	 12.14  
 36 C	 3.38  
 37 V	 4.07  
 38 C	 3.63  
 39 S	 23.40  
 40 K	 45.08  
 41 T	 26.29  
 42 E	 35.62  
 43 I	 7.74  
 44 N	 13.65  
 45 C	 4.85  
 46 R	 48.99  
 47 R	 41.00  
 48 P	 25.37  
 49 D	 74.72  
 50 D	 51.03  
 51 G	 39.87  
 52 N	 45.57  
 53 L	 5.98  
 54 F	 4.67  
 55 P	 38.92  
 56 L	 5.50  
 57 L	 7.66  
 58 E	 63.59  
 59 G	 36.24  
 60 Q	 32.11  
 61 D	 70.17  
 62 S	 31.80  
 63 G	 50.29  
 64 N	 35.93  
 65 S	 50.03  
 66 N	 52.30  
 67 G	 30.79  
 68 N	 34.46  
 69 A	 17.12  
 70 S	 21.84  
 71 I	 3.92  
 72 N	 28.72  
 73 I	 3.31  
 74 T	 23.85  
 75 D	 32.82  
 76 I	 2.89  
 77 S	 23.29  
 78 R	 38.61  
 79 N	 34.79  
 80 I	 2.88  
 81 T	 25.77  
 82 S	 14.36  
 83 I	 2.58  
 84 H	 22.52  
 85 I	 4.11  
 86 E	 36.26  
 87 N	 38.57  
 88 W	 4.39  
 89 R	 40.71  
 90 S	 19.00  
 91 L	 2.41  
 92 H	 29.56  
 93 T	 27.31  
 94 L	 2.42  
 95 N	 38.79  
 96 A	 11.20  
 97 V	 7.57  
 98 D	 23.56  
 99 M	 2.84  
 100 E	 33.87  
 101 L	 3.58  
 102 Y	 5.85  
 103 T	 44.00  
 104 G	 16.74  
 105 L	 2.90  
 106 Q	 39.80  
 107 K	 53.27  
 108 L	 3.74  
 109 T	 36.62  
 110 I	 6.03  
 111 K	 39.56  
 112 N	 37.14  
 113 S	 33.91  
 114 G	 34.21  
 115 L	 3.78  
 116 R	 34.93  
 117 S	 30.53  
 118 I	 5.44  
 119 Q	 23.75  
 120 P	 28.09  
 121 R	 26.43  
 122 A	 18.55  
 123 F	 11.97  
 124 A	 15.10  
 125 K	 65.64  
 126 N	 26.29  
 127 P	 27.47  
 128 H	 32.12  
 129 L	 4.73  
 130 R	 27.53  
 131 Y	 10.67  
 132 I	 3.19  
 133 N	 25.57  
 134 L	 4.27  
 135 S	 22.53  
 136 S	 29.18  
 137 N	 39.34  
 138 R	 35.05  
 139 L	 5.12  
 140 T	 23.58  
 141 T	 24.32  
 142 L	 4.06  
 143 S	 15.64  
 144 W	 11.29  
 145 Q	 29.08  
 146 L	 2.53  
 147 F	 2.90  
 148 Q	 50.56  
 149 T	 15.81  
 150 L	 2.93  
 151 S	 28.86  
 152 L	 5.77  
 153 R	 38.92  
 154 E	 46.27  
 155 L	 5.94  
 156 Q	 37.89  
 157 L	 13.13  
 158 E	 30.44  
 159 Q	 61.70  
 160 N	 33.82  
 161 F	 4.68  
 162 F	 13.62  
 163 N	 16.80  
 164 C	 3.46  
 165 S	 18.87  
 166 C	 5.70  
 167 D	 19.73  
 168 I	 4.32  
 169 R	 15.01  
 170 W	 4.53  
 171 M	 1.36  
 172 Q	 32.37  
 173 L	 2.70  
 174 W	 5.25  
 175 Q	 41.55  
 176 E	 49.31  
 177 Q	 39.67  
 178 G	 35.76  
 179 E	 42.18  
 180 A	 28.58  
 181 K	 43.85  
 182 L	 10.85  
 183 N	 40.62  
 184 S	 30.77  
 185 Q	 42.76  
 186 N	 32.57  
 187 L	 2.60  
 188 Y	 9.99  
 189 C	 1.87  
 190 I	 2.77  
 191 N	 28.55  
 192 A	 11.57  
 193 D	 53.43  
 194 G	 18.19  
 195 S	 29.14  
 196 Q	 53.26  
 197 L	 4.21  
 198 P	 23.09  
 199 L	 6.05  
 200 F	 7.04  
 201 R	 25.56  
 202 M	 4.01  
 203 N	 26.89  
 204 I	 1.89  
 205 S	 21.54  
 206 Q	 22.43  
 207 C	 4.66  
 208 D	 58.59  
 209 L	 5.58  
 210 P	 24.51  
 211 E	 56.01  
 212 I	 4.68  
 213 S	 18.86  
 214 V	 5.87  
 215 S	 18.22  
 216 H	 15.44  
 217 V	 4.97  
 218 N	 25.27  
 219 L	 4.56  
 220 T	 16.59  
 221 V	 6.21  
 222 R	 36.62  
 223 E	 67.57  
 224 G	 23.94  
 225 D	 34.85  
 226 N	 47.14  
 227 A	 9.99  
 228 V	 4.70  
 229 I	 3.18  
 230 T	 8.04  
 231 C	 3.59  
 232 N	 38.73  
 233 G	 35.21  
 234 S	 23.31  
 235 G	 34.38  
 236 S	 25.59  
 237 P	 51.98  
 238 L	 6.40  
 239 P	 42.85  
 240 D	 59.70  
 241 V	 6.58  
 242 D	 36.44  
 243 W	 6.18  
 244 I	 1.39  
 245 V	 2.79  
 246 T	 24.04  
 247 G	 15.72  
 248 L	 2.36  
 249 Q	 43.54  
 250 S	 23.89  
 251 I	 4.43  
 252 N	 36.43  
 253 T	 17.43  
 254 H	 28.16  
 255 Q	 30.00  
 256 T	 33.78  
 257 N	 25.47  
 258 L	 6.85  
 259 N	 45.67  
 260 W	 7.78  
 261 T	 26.70  
 262 N	 18.39  
 263 V	 2.23  
 264 H	 23.98  
 265 A	 6.51  
 266 I	 2.34  
 267 N	 27.96  
 268 L	 2.99  
 269 T	 24.95  
 270 L	 2.73  
 271 V	 4.57  
 272 N	 34.17  
 273 V	 4.93  
 274 T	 22.61  
 275 S	 38.37  
 276 E	 46.24  
 277 D	 61.39  
 278 N	 43.35  
 279 G	 29.27  
 280 F	 6.75  
 281 T	 23.66  
 282 L	 3.25  
 283 T	 9.98  
 284 C	 2.89  
 285 I	 4.55  
 286 A	 12.40  
 287 E	 30.55  
 288 N	 25.42  
 289 V	 2.72  
 290 V	 8.86  
 291 G	 14.98  
 292 M	 1.56  
 293 S	 24.26  
 294 N	 27.61  
 295 A	 9.70  
 296 S	 16.51  
 297 V	 4.74  
 298 A	 8.60  
 299 L	 2.89  
 300 T	 9.20  
 301 V	 4.48  
 302 Y	 12.67  
 303 Y	 11.48  
 304 P	 7.79  
 305 P	 26.10  
 306 R	 36.64  
 307 V	 4.18  
 308 V	 5.96  
 309 S	 27.49  
 310 L	 6.13  
 311 E	 65.09  
 312 E	 49.74  
 313 P	 36.22  
 314 E	 50.21  
 315 L	 12.70  
 316 R	 36.05  
 317 L	 9.12  
 318 E	 30.22  
 319 H	 23.58  
 320 C	 2.02  
 321 I	 5.06  
 322 E	 37.47  
 323 F	 2.89  
 324 V	 1.54  
 325 V	 8.66  
 326 R	 33.59  
 327 G	 39.11  
 328 N	 35.03  
 329 P	 38.79  
 330 P	 38.21  
 331 P	 49.18  
 332 T	 36.71  
 333 L	 3.17  
 334 H	 27.77  
 335 W	 11.48  
 336 L	 1.24  
 337 H	 31.05  
 338 N	 48.93  
 339 G	 21.53  
 340 Q	 38.89  
 341 P	 34.48  
 342 L	 7.93  
 343 R	 53.47  
 344 E	 65.16  
 345 S	 23.79  
 346 K	 40.71  
 347 I	 3.52  
 348 I	 3.24  
 349 H	 15.16  
 350 V	 3.40  
 351 E	 25.10  
 352 Y	 14.90  
 353 Y	 6.13  
 354 Q	 51.85  
 355 E	 42.55  
 356 G	 23.24  
 357 E	 42.46  
 358 I	 7.17  
 359 S	 24.51  
 360 E	 60.63  
 361 G	 10.69  
 362 C	 2.34  
 363 L	 10.07  
 364 L	 5.31  
 365 F	 7.73  
 366 N	 49.74  
 367 K	 43.91  
 368 P	 26.05  
 369 T	 38.30  
 370 H	 31.67  
 371 Y	 16.89  
 372 N	 42.18  
 373 N	 32.68  
 374 G	 25.53  
 375 N	 28.83  
 376 Y	 12.34  
 377 T	 18.71  
 378 L	 2.24  
 379 I	 3.85  
 380 A	 14.53  
 381 K	 52.70  
 382 N	 28.18  
 383 P	 31.31  
 384 L	 15.46  
 385 G	 24.84  
 386 T	 30.07  
 387 A	 12.34  
 388 N	 39.09  
 389 Q	 41.09  
 390 T	 19.06  
 391 I	 4.13  
 392 N	 41.07  
 393 G	 14.74  
 394 H	 22.00  
 395 F	 12.66  
 396 L	 5.22  
 397 K	 63.50  
 398 E	 55.08  
 399 P	 48.80  
 400 F	 12.59  
 401 P	 45.39  
 402 E	 67.65  
 403 S	 41.10  
 404 T	 33.04  
 405 D	 58.27  
 406 N	 26.41  
 407 F	 5.97  
 408 I	 4.74  
 409 L	 3.76  
 410 F	 6.86  
 411 D	 52.52  
 412 E	 37.25  
 413 V	 10.01  
 414 S	 22.47  
 415 P	 54.84  
 416 T	 33.90  
 417 P	 22.98  
 418 P	 37.04  
 419 I	 5.21  
 420 T	 25.73  
 421 V	 5.66  
 422 T	 18.61  
 423 H	 39.06  
 424 K	 44.77  
 425 P	 42.47  
 426 E	 73.61  
 427 E	 71.52  
 428 D	 45.75  
 429 T	 26.10  
 430 F	 16.40  
 431 G	 17.85  
 432 V	 3.06  
 433 S	 12.76  
 434 I	 3.15  
 435 A	 5.04  
 436 V	 6.51  
 437 G	 10.69  
 438 L	 2.21  
 439 A	 8.46  
 440 A	 9.52  
 441 F	 4.50  
 442 A	 4.27  
 443 C	 1.46  
 444 V	 4.09  
 445 L	 2.78  
 446 L	 0.94  
 447 V	 2.84  
 448 V	 3.28  
 449 L	 1.77  
 450 F	 2.07  
 451 V	 3.09  
 452 M	 1.88  
 453 I	 3.19  
 454 N	 17.25  
 455 K	 37.85  
 456 Y	 16.04  
 457 G	 21.82  
 458 R	 36.29  
 459 R	 39.57  
 460 S	 30.86  
 461 K	 44.09  
 462 F	 14.08  
 463 G	 22.19  
 464 M	 5.23  
 465 K	 61.51  
 466 G	 17.02  
 467 P	 12.84  
 468 V	 10.15  
 469 A	 8.96  
 470 V	 3.49  
 471 I	 2.93  
 472 S	 33.29  
 473 G	 31.05  
 474 E	 52.41  
 475 E	 61.87  
 476 D	 45.24  
 477 S	 33.65  
 478 A	 27.73  
 479 S	 31.76  
 480 P	 35.12  
 481 L	 4.20  
 482 H	 24.14  
 483 H	 30.17  
 484 I	 2.57  
 485 N	 23.99  
 486 H	 28.56  
 487 G	 17.91  
 488 I	 2.77  
 489 T	 36.93  
 490 T	 21.18  
 491 P	 17.17  
 492 S	 41.25  
 493 S	 31.32  
 494 L	 6.50  
 495 D	 51.97  
 496 A	 36.39  
 497 G	 21.93  
 498 P	 35.50  
 499 D	 51.74  
 500 T	 21.58  
 501 V	 3.73  
 502 V	 3.21  
 503 I	 2.44  
 504 G	 10.37  
 505 M	 1.24  
 506 T	 21.89  
 507 R	 23.48  
 508 I	 2.05  
 509 P	 20.10  
 510 V	 8.79  
 511 I	 3.39  
 512 E	 64.19  
 513 N	 20.18  
 514 P	 19.91  
 515 Q	 62.67  
 516 Y	 11.28  
 517 F	 3.86  
 518 R	 36.32  
 519 Q	 47.82  
 520 G	 15.09  
 521 H	 25.96  
 522 N	 36.09  
 523 C	 3.47  
 524 H	 50.42  
 525 K	 46.95  
 526 P	 18.60  
 527 D	 56.31  
 528 T	 33.83  
 529 Y	 12.90  
 530 V	 3.47  
 531 Q	 23.36  
 532 H	 19.93  
 533 I	 1.76  
 534 K	 38.98  
 535 R	 40.68  
 536 R	 32.76  
 537 D	 39.11  
 538 I	 3.57  
 539 V	 6.37  
 540 L	 4.40  
 541 K	 32.69  
 542 R	 39.96  
 543 E	 60.58  
 544 L	 9.81  
 545 G	 26.92  
 546 E	 61.03  
 547 G	 25.14  
 548 A	 13.01  
 549 F	 16.69  
 550 G	 25.36  
 551 K	 24.30  
 552 V	 4.94  
 553 F	 6.44  
 554 L	 4.37  
 555 A	 8.05  
 556 E	 39.42  
 557 C	 1.96  
 558 Y	 15.62  
 559 N	 45.78  
 560 L	 2.34  
 561 S	 27.21  
 562 P	 46.78  
 563 T	 48.80  
 564 K	 59.75  
 565 D	 44.04  
 566 K	 35.37  
 567 M	 5.37  
 568 L	 2.49  
 569 V	 5.28  
 570 A	 7.98  
 571 V	 2.65  
 572 K	 37.96  
 573 A	 17.16  
 574 L	 5.53  
 575 K	 67.53  
 576 D	 42.12  
 577 P	 27.94  
 578 T	 38.88  
 579 L	 4.22  
 580 A	 14.01  
 581 A	 23.36  
 582 R	 33.21  
 583 K	 59.16  
 584 D	 39.08  
 585 F	 9.17  
 586 Q	 53.06  
 587 R	 45.12  
 588 E	 35.39  
 589 A	 18.22  
 590 E	 39.29  
 591 L	 10.35  
 592 L	 1.94  
 593 T	 46.65  
 594 N	 37.36  
 595 L	 4.66  
 596 Q	 41.83  
 597 H	 31.59  
 598 E	 23.50  
 599 H	 28.19  
 600 I	 3.08  
 601 V	 3.65  
 602 K	 32.06  
 603 F	 4.43  
 604 Y	 11.70  
 605 G	 16.04  
 606 V	 1.94  
 607 C	 3.41  
 608 G	 39.26  
 609 D	 53.87  
 610 G	 24.58  
 611 D	 39.30  
 612 P	 29.34  
 613 L	 4.73  
 614 I	 2.42  
 615 M	 3.58  
 616 V	 2.33  
 617 F	 2.85  
 618 E	 33.05  
 619 Y	 10.45  
 620 M	 1.71  
 621 K	 43.46  
 622 H	 20.61  
 623 G	 35.27  
 624 D	 46.95  
 625 L	 9.94  
 626 N	 37.46  
 627 K	 53.74  
 628 F	 5.63  
 629 L	 5.16  
 630 R	 27.89  
 631 A	 17.71  
 632 H	 41.71  
 633 G	 22.31  
 634 P	 19.13  
 635 D	 54.05  
 636 A	 7.05  
 637 M	 2.95  
 638 I	 3.48  
 639 L	 1.52  
 640 V	 5.56  
 641 D	 46.71  
 642 G	 31.73  
 643 Q	 26.07  
 644 P	 35.56  
 645 R	 41.00  
 646 Q	 54.85  
 647 A	 24.09  
 648 K	 44.58  
 649 G	 38.08  
 650 E	 38.67  
 651 L	 13.10  
 652 G	 20.98  
 653 L	 5.13  
 654 S	 16.25  
 655 Q	 43.42  
 656 M	 2.36  
 657 L	 1.73  
 658 H	 14.29  
 659 I	 3.30  
 660 A	 5.66  
 661 S	 22.86  
 662 Q	 26.67  
 663 I	 2.82  
 664 A	 7.75  
 665 S	 29.11  
 666 G	 10.68  
 667 M	 1.33  
 668 V	 3.95  
 669 Y	 6.40  
 670 L	 2.22  
 671 A	 6.89  
 672 S	 22.92  
 673 Q	 28.56  
 674 H	 24.97  
 675 F	 3.72  
 676 V	 3.21  
 677 H	 19.32  
 678 R	 35.02  
 679 D	 26.27  
 680 L	 5.45  
 681 A	 14.59  
 682 T	 29.70  
 683 R	 26.68  
 684 N	 21.08  
 685 C	 2.69  
 686 L	 4.55  
 687 V	 8.09  
 688 G	 8.87  
 689 A	 8.94  
 690 N	 28.16  
 691 L	 6.04  
 692 L	 3.55  
 693 V	 4.84  
 694 K	 40.72  
 695 I	 5.09  
 696 G	 20.62  
 697 D	 40.16  
 698 F	 8.14  
 699 G	 20.21  
 700 M	 2.76  
 701 S	 26.21  
 702 R	 28.64  
 703 D	 36.08  
 704 V	 3.85  
 705 Y	 15.33  
 706 S	 18.04  
 707 T	 15.44  
 708 D	 32.31  
 709 Y	 7.20  
 710 Y	 12.03  
 711 R	 26.95  
 712 L	 2.55  
 713 F	 10.52  
 714 N	 34.13  
 715 P	 35.96  
 716 S	 51.86  
 717 G	 38.70  
 718 N	 43.45  
 719 D	 43.23  
 720 F	 3.64  
 721 C	 2.36  
 722 I	 4.81  
 723 W	 3.56  
 724 C	 1.22  
 725 E	 29.24  
 726 V	 11.45  
 727 G	 10.40  
 728 G	 20.47  
 729 H	 11.37  
 730 T	 24.55  
 731 M	 3.30  
 732 L	 3.16  
 733 P	 11.86  
 734 I	 4.78  
 735 R	 23.00  
 736 W	 12.35  
 737 M	 2.59  
 738 P	 23.65  
 739 P	 31.68  
 740 E	 47.21  
 741 S	 20.59  
 742 I	 2.41  
 743 M	 3.54  
 744 Y	 14.69  
 745 R	 15.38  
 746 K	 29.58  
 747 F	 8.27  
 748 T	 32.46  
 749 T	 36.30  
 750 E	 41.71  
 751 S	 35.06  
 752 D	 39.41  
 753 V	 6.85  
 754 W	 7.92  
 755 S	 16.39  
 756 F	 5.48  
 757 G	 10.47  
 758 V	 2.83  
 759 I	 3.66  
 760 L	 2.89  
 761 W	 5.87  
 762 E	 25.44  
 763 I	 1.80  
 764 F	 2.67  
 765 T	 36.71  
 766 Y	 16.15  
 767 G	 21.04  
 768 K	 42.65  
 769 Q	 35.77  
 770 P	 37.02  
 771 W	 7.36  
 772 F	 7.15  
 773 Q	 39.86  
 774 L	 2.87  
 775 S	 30.81  
 776 N	 49.18  
 777 T	 28.40  
 778 E	 45.83  
 779 V	 4.14  
 780 I	 2.66  
 781 E	 25.66  
 782 C	 2.54  
 783 I	 1.77  
 784 T	 36.31  
 785 Q	 20.13  
 786 G	 17.02  
 787 R	 21.74  
 788 V	 9.23  
 789 L	 4.44  
 790 E	 58.75  
 791 R	 21.84  
 792 P	 24.55  
 793 R	 49.22  
 794 V	 7.90  
 795 C	 4.15  
 796 P	 32.74  
 797 K	 55.47  
 798 E	 31.30  
 799 V	 6.54  
 800 Y	 12.15  
 801 D	 25.24  
 802 V	 1.54  
 803 M	 2.13  
 804 L	 5.26  
 805 G	 7.79  
 806 C	 2.17  
 807 W	 9.85  
 808 Q	 43.89  
 809 R	 32.82  
 810 E	 32.15  
 811 P	 37.48  
 812 Q	 35.95  
 813 Q	 63.64  
 814 R	 25.18  
 815 L	 7.26  
 816 N	 45.54  
 817 I	 5.12  
 818 K	 36.67  
 819 E	 47.99  
 820 I	 3.45  
 821 Y	 7.96  
 822 K	 44.44  
 823 I	 1.59  
 824 L	 1.37  
 825 H	 23.52  
 826 A	 17.98  
 827 L	 5.14  
 828 G	 20.52  
 829 K	 50.35  
 830 A	 19.46  
 831 T	 17.44  
 832 P	 20.34  
 833 I	 4.66  
 834 Y	 10.26  
 835 L	 3.23  
 836 D	 19.66  
 837 I	 4.36  
 838 L	 7.13  
 839 G	 35.50  
