 1 M	 12.74  
 2 E	 56.56  
 3 G	 33.49  
 4 R	 10.33  
 5 V	 8.24  
 6 Q	 34.18  
 7 L	 3.30  
 8 M	 1.02  
 9 K	 44.46  
 10 A	 8.21  
 11 L	 2.99  
 12 L	 4.55  
 13 A	 16.34  
 14 R	 30.65  
 15 P	 27.41  
 16 L	 9.50  
 17 R	 22.84  
 18 P	 37.64  
 19 A	 13.73  
 20 A	 12.31  
 21 R	 40.58  
 22 R	 31.79  
 23 W	 9.99  
 24 R	 36.92  
 25 N	 31.71  
 26 P	 27.36  
 27 I	 6.66  
 28 P	 39.74  
 29 F	 9.88  
 30 P	 34.07  
 31 E	 63.59  
 32 T	 27.54  
 33 F	 10.62  
 34 D	 62.57  
 35 G	 35.21  
 36 D	 47.48  
 37 T	 28.66  
 38 D	 55.66  
 39 R	 54.99  
 40 L	 5.47  
 41 P	 35.03  
 42 E	 53.23  
 43 F	 6.65  
 44 I	 1.82  
 45 V	 6.53  
 46 Q	 30.74  
 47 T	 14.56  
 48 S	 11.46  
 49 S	 24.81  
 50 Y	 8.37  
 51 M	 2.59  
 52 F	 4.81  
 53 V	 5.27  
 54 D	 31.96  
 55 E	 53.52  
 56 N	 41.79  
 57 T	 26.79  
 58 F	 10.94  
 59 S	 31.59  
 60 N	 34.09  
 61 D	 52.67  
 62 A	 17.34  
 63 L	 5.24  
 64 K	 40.73  
 65 V	 4.81  
 66 T	 15.90  
 67 F	 5.34  
 68 L	 2.60  
 69 I	 1.52  
 70 T	 23.05  
 71 R	 24.21  
 72 L	 4.93  
 73 T	 37.52  
 74 G	 15.29  
 75 P	 25.27  
 76 A	 17.46  
 77 L	 4.66  
 78 Q	 34.20  
 79 W	 7.28  
 80 V	 1.72  
 81 I	 1.63  
 82 P	 18.38  
 83 Y	 17.78  
 84 I	 4.27  
 85 K	 44.65  
 86 K	 54.59  
 87 E	 53.22  
 88 S	 29.72  
 89 P	 38.11  
 90 L	 11.28  
 91 L	 4.09  
 92 S	 40.03  
 93 D	 36.80  
 94 Y	 14.84  
 95 R	 34.08  
 96 G	 18.72  
 97 F	 4.29  
 98 L	 4.37  
 99 A	 16.75  
 100 E	 47.59  
 101 M	 2.53  
 102 K	 36.59  
 103 R	 27.90  
 104 V	 4.31  
 105 F	 12.51  
 106 G	 28.20  
 107 W	 8.37  
 108 E	 56.82  
 109 E	 61.26  
 110 D	 49.61  
 111 E	 65.68  
 112 D	 67.87  
 113 F	 11.53  
