 1 M	 6.01  
 2 S	 31.70  
 3 L	 5.75  
 4 L	 4.03  
 5 I	 3.85  
 6 K	 49.66  
 7 N	 45.93  
 8 G	 16.30  
 9 T	 31.01  
 10 I	 2.63  
 11 V	 6.89  
 12 N	 37.28  
 13 D	 35.51  
 14 D	 36.04  
 15 A	 16.39  
 16 I	 6.01  
 17 F	 7.12  
 18 K	 39.37  
 19 S	 23.39  
 20 D	 38.06  
 21 V	 5.27  
 22 L	 3.67  
 23 V	 4.62  
 24 L	 5.16  
 25 D	 36.52  
 26 G	 19.63  
 27 R	 29.46  
 28 I	 3.89  
 29 V	 4.13  
 30 E	 30.94  
 31 I	 4.78  
 32 A	 4.36  
 33 P	 37.31  
 34 S	 25.49  
 35 I	 5.75  
 36 Q	 39.90  
 37 P	 38.60  
 38 T	 17.39  
 39 P	 52.64  
 40 G	 36.63  
 41 L	 4.80  
 42 E	 46.54  
 43 V	 5.93  
 44 V	 2.79  
 45 D	 49.26  
 46 A	 10.37  
 47 T	 19.72  
 48 D	 43.57  
 49 R	 26.88  
 50 L	 4.57  
 51 V	 5.31  
 52 I	 2.88  
 53 P	 27.72  
 54 G	 34.27  
 55 G	 18.77  
 56 I	 10.37  
 57 D	 32.00  
 58 P	 32.15  
 59 H	 25.34  
 60 T	 25.16  
 61 H	 10.04  
 62 M	 4.62  
 63 Q	 38.08  
 64 L	 2.47  
 65 P	 10.57  
 66 F	 15.52  
 67 M	 4.43  
 68 G	 24.44  
 69 E	 28.17  
 70 I	 4.84  
 71 A	 12.62  
 72 K	 64.59  
 73 D	 55.58  
 74 D	 40.31  
 75 F	 6.41  
 76 H	 33.97  
 77 R	 54.44  
 78 G	 21.24  
 79 T	 23.54  
 80 E	 37.14  
 81 A	 13.69  
 82 A	 5.86  
 83 V	 7.01  
 84 A	 13.13  
 85 G	 27.64  
 86 G	 14.31  
 87 T	 16.57  
 88 T	 15.06  
 89 M	 2.25  
 90 I	 2.28  
 91 I	 2.03  
 92 D	 22.34  
 93 F	 3.65  
 94 V	 4.55  
 95 I	 3.46  
 96 P	 23.82  
 97 T	 40.32  
 98 K	 56.16  
 99 G	 32.00  
 100 E	 39.51  
 101 S	 35.35  
 102 L	 3.77  
 103 L	 2.63  
 104 V	 5.86  
 105 A	 10.65  
 106 Y	 9.88  
 107 D	 33.65  
 108 R	 16.59  
 109 W	 10.55  
 110 R	 31.50  
 111 G	 19.57  
 112 W	 6.74  
 113 A	 26.50  
 114 D	 36.72  
 115 P	 24.48  
 116 K	 48.09  
 117 V	 6.70  
 118 V	 2.28  
 119 C	 3.60  
 120 D	 29.00  
 121 Y	 18.16  
 122 G	 9.68  
 123 L	 2.29  
 124 S	 11.21  
 125 M	 3.63  
 126 A	 9.87  
 127 I	 2.04  
 128 T	 14.64  
 129 S	 24.75  
 130 W	 20.08  
 131 G	 15.10  
 132 P	 24.46  
 133 E	 52.20  
 134 I	 8.16  
 135 A	 10.49  
 136 K	 64.35  
 137 E	 32.78  
 138 M	 4.14  
 139 E	 35.08  
 140 I	 3.03  
 141 V	 2.29  
 142 T	 36.01  
 143 G	 12.91  
 144 A	 9.47  
 145 E	 45.71  
 146 Y	 23.83  
 147 G	 12.24  
 148 I	 3.70  
 149 N	 36.71  
 150 S	 28.08  
 151 F	 7.46  
 152 K	 34.72  
 153 F	 5.97  
 154 F	 3.83  
 155 L	 3.92  
 156 A	 6.23  
 157 Y	 13.16  
 158 A	 11.32  
 159 G	 10.66  
 160 V	 1.81  
 161 F	 3.52  
 162 M	 1.94  
 163 V	 4.78  
 164 R	 33.56  
 165 D	 48.65  
 166 E	 39.17  
 167 E	 54.68  
 168 F	 5.33  
 169 Y	 13.87  
 170 Q	 40.06  
 171 G	 12.09  
 172 M	 0.83  
 173 I	 3.78  
 174 Q	 16.54  
 175 C	 2.20  
 176 A	 9.50  
 177 K	 46.24  
 178 L	 1.74  
 179 R	 27.18  
 180 A	 18.93  
 181 L	 2.24  
 182 A	 15.51  
 183 R	 22.92  
 184 V	 4.11  
 185 H	 23.05  
 186 A	 14.75  
 187 E	 47.44  
 188 N	 49.15  
 189 G	 18.13  
 190 S	 23.18  
 191 V	 5.22  
 192 I	 3.36  
 193 A	 8.95  
 194 E	 46.90  
 195 R	 23.31  
 196 C	 2.66  
 197 E	 43.73  
 198 H	 35.38  
 199 L	 2.01  
 200 L	 4.06  
 201 S	 32.64  
 202 S	 33.90  
 203 G	 20.36  
 204 I	 4.32  
 205 T	 50.65  
 206 G	 19.15  
 207 P	 35.43  
 208 E	 66.02  
 209 G	 32.07  
 210 H	 21.04  
 211 T	 38.81  
 212 Q	 31.59  
 213 S	 51.46  
 214 R	 32.60  
 215 P	 44.66  
 216 E	 74.28  
 217 E	 55.37  
 218 L	 7.83  
 219 E	 47.98  
 220 A	 25.09  
 221 E	 38.58  
 222 A	 21.06  
 223 T	 12.74  
 224 F	 6.33  
 225 R	 25.13  
 226 A	 6.74  
 227 C	 2.02  
 228 T	 18.13  
 229 M	 3.21  
 230 A	 4.75  
 231 S	 21.00  
 232 Q	 27.36  
 233 A	 19.66  
 234 N	 21.94  
 235 C	 2.48  
 236 P	 26.91  
 237 L	 5.74  
 238 Y	 5.88  
 239 V	 2.94  
 240 V	 1.45  
 241 H	 10.26  
 242 V	 2.90  
 243 M	 1.75  
 244 S	 27.18  
 245 K	 34.18  
 246 G	 17.09  
 247 A	 9.54  
 248 A	 13.19  
 249 A	 10.00  
 250 A	 8.52  
 251 I	 3.00  
 252 A	 6.42  
 253 H	 18.38  
 254 H	 33.94  
 255 R	 32.30  
 256 K	 51.72  
 257 K	 52.65  
 258 G	 27.00  
 259 A	 11.81  
 260 V	 5.10  
 261 V	 5.17  
 262 F	 8.03  
 263 G	 28.32  
 264 E	 23.28  
 265 P	 23.15  
 266 I	 3.41  
 267 A	 13.24  
 268 A	 17.79  
 269 G	 13.56  
 270 L	 3.88  
 271 A	 11.61  
 272 T	 46.03  
 273 D	 51.49  
 274 G	 16.39  
 275 S	 15.89  
 276 H	 34.33  
 277 Y	 15.08  
 278 Y	 13.47  
 279 N	 33.32  
 280 E	 34.15  
 281 D	 49.99  
 282 W	 5.49  
 283 L	 2.81  
 284 H	 17.06  
 285 A	 7.46  
 286 A	 7.81  
 287 R	 25.92  
 288 Y	 8.86  
 289 V	 2.26  
 290 M	 3.54  
 291 S	 17.20  
 292 P	 18.76  
 293 P	 35.34  
 294 L	 8.13  
 295 S	 40.17  
 296 R	 68.49  
 297 D	 37.82  
 298 P	 38.71  
 299 S	 58.18  
 300 T	 27.01  
 301 P	 23.18  
 302 S	 33.84  
 303 A	 16.93  
 304 L	 3.50  
 305 M	 2.62  
 306 K	 40.99  
 307 L	 2.15  
 308 L	 2.27  
 309 A	 24.69  
 310 A	 16.38  
 311 G	 32.18  
 312 E	 28.43  
 313 L	 3.82  
 314 H	 19.48  
 315 L	 5.64  
 316 T	 19.43  
 317 A	 21.22  
 318 T	 23.62  
 319 D	 45.82  
 320 N	 23.52  
 321 C	 4.46  
 322 T	 28.85  
 323 F	 10.89  
 324 D	 15.91  
 325 C	 3.94  
 326 Q	 56.43  
 327 Q	 43.57  
 328 K	 23.05  
 329 S	 37.71  
 330 L	 14.75  
 331 G	 38.14  
 332 K	 60.46  
 333 D	 55.23  
 334 D	 57.51  
 335 F	 12.28  
 336 T	 34.75  
 337 K	 57.04  
 338 I	 2.66  
 339 P	 32.83  
 340 N	 71.20  
 341 G	 14.65  
 342 V	 7.77  
 343 N	 50.63  
 344 G	 23.06  
 345 V	 6.12  
 346 E	 41.10  
 347 D	 49.53  
 348 R	 13.03  
 349 M	 5.73  
 350 S	 17.89  
 351 V	 3.54  
 352 V	 4.25  
 353 W	 10.23  
 354 D	 26.65  
 355 K	 47.31  
 356 G	 17.61  
 357 V	 3.26  
 358 H	 27.23  
 359 A	 14.42  
 360 G	 11.51  
 361 I	 3.15  
 362 I	 4.81  
 363 D	 29.08  
 364 P	 12.87  
 365 M	 4.63  
 366 R	 28.42  
 367 F	 3.17  
 368 V	 2.71  
 369 A	 8.99  
 370 V	 3.50  
 371 T	 14.56  
 372 S	 15.02  
 373 T	 11.06  
 374 M	 3.23  
 375 A	 12.99  
 376 A	 8.48  
 377 K	 37.99  
 378 I	 2.29  
 379 F	 5.21  
 380 N	 28.08  
 381 C	 3.50  
 382 Y	 15.14  
 383 P	 31.44  
 384 Q	 34.07  
 385 K	 45.73  
 386 G	 22.45  
 387 R	 22.26  
 388 I	 5.06  
 389 A	 9.77  
 390 V	 7.59  
 391 G	 15.70  
 392 S	 24.03  
 393 D	 42.19  
 394 A	 15.32  
 395 D	 40.45  
 396 I	 2.31  
 397 V	 4.22  
 398 I	 2.10  
 399 W	 6.23  
 400 N	 16.52  
 401 A	 7.64  
 402 N	 38.34  
 403 A	 8.96  
 404 T	 28.31  
 405 R	 27.87  
 406 T	 25.83  
 407 I	 4.31  
 408 S	 24.70  
 409 K	 63.90  
 410 D	 44.47  
 411 T	 27.18  
 412 H	 22.37  
 413 H	 17.73  
 414 H	 19.44  
 415 A	 9.93  
 416 I	 5.58  
 417 D	 31.18  
 418 F	 6.54  
 419 N	 34.00  
 420 I	 3.16  
 421 F	 7.52  
 422 E	 50.38  
 423 G	 10.90  
 424 M	 2.71  
 425 Q	 34.61  
 426 V	 2.93  
 427 H	 18.03  
 428 G	 37.51  
 429 V	 2.01  
 430 P	 31.68  
 431 E	 50.81  
 432 I	 3.20  
 433 T	 15.96  
 434 I	 3.04  
 435 S	 21.74  
 436 R	 34.46  
 437 G	 23.87  
 438 R	 25.62  
 439 T	 24.19  
 440 V	 4.35  
 441 W	 5.38  
 442 A	 13.11  
 443 N	 24.03  
 444 G	 26.84  
 445 Q	 39.32  
 446 L	 5.49  
 447 K	 38.47  
 448 T	 27.01  
 449 V	 6.08  
 450 Q	 45.63  
 451 G	 29.43  
 452 S	 16.60  
 453 G	 32.99  
 454 Q	 34.49  
 455 F	 7.68  
 456 I	 1.78  
 457 P	 24.61  
 458 L	 10.38  
 459 A	 10.66  
 460 P	 49.85  
 461 D	 47.79  
 462 S	 22.28  
 463 Q	 43.15  
 464 I	 3.80  
 465 V	 2.10  
 466 F	 4.08  
 467 S	 19.25  
 468 A	 10.96  
 469 V	 6.94  
 470 D	 49.27  
 471 N	 51.58  
 472 R	 37.07  
 473 K	 51.65  
 474 K	 50.13  
 475 A	 15.59  
 476 M	 9.09  
 477 E	 52.37  
 478 P	 21.44  
 479 V	 5.60  
 480 K	 49.99  
 481 I	 4.36  
 482 D	 36.42  
 483 R	 34.94  
 484 I	 3.65  
 485 P	 28.47  
 486 Y	 37.79  
 487 E	 27.68  
 488 P	 21.04  
 489 S	 29.67  
 490 A	 17.88  
 491 L	 7.36  
 492 Q	 51.18  
 493 T	 24.80  
 494 P	 26.25  
 495 D	 56.70  
 496 A	 20.45  
 497 N	 40.68  
 498 A	 14.62  
 499 N	 27.65  
 500 I	 3.33  
 501 V	 3.47  
 502 V	 3.76  
 503 K	 35.76  
 504 A	 9.01  
 505 P	 15.48  
 506 V	 8.53  
 507 R	 19.76  
 508 A	 15.24  
 509 A	 12.31  
 510 I	 4.06  
 511 P	 19.43  
 512 P	 47.97  
 513 G	 38.66  
 514 G	 28.23  
 515 A	 13.16  
 516 S	 31.11  
 517 S	 21.63  
 518 I	 4.49  
 519 Q	 39.69  
 520 F	 11.72  
