 1 M	 7.86  
 2 V	 8.85  
 3 K	 33.98  
 4 R	 42.16  
 5 N	 40.15  
 6 L	 7.85  
 7 K	 50.54  
 8 G	 41.80  
 9 R	 48.85  
 10 G	 45.10  
 11 D	 47.57  
 12 K	 47.36  
 13 L	 7.51  
 14 S	 25.80  
 15 A	 27.00  
 16 N	 38.42  
 17 A	 13.02  
 18 P	 39.80  
 19 L	 10.05  
 20 D	 39.51  
 21 N	 56.89  
 22 Q	 40.10  
 23 L	 6.46  
 24 E	 45.68  
 25 A	 31.53  
 26 G	 18.65  
 27 K	 46.17  
 28 V	 8.66  
 29 A	 13.02  
 30 K	 49.18  
 31 Q	 48.60  
 32 R	 38.37  
 33 D	 57.71  
 34 E	 52.49  
 35 L	 11.39  
 36 R	 47.20  
 37 E	 72.90  
 38 K	 55.47  
 39 Q	 46.14  
 40 K	 71.59  
 41 R	 40.55  
 42 K	 68.15  
 43 R	 57.92  
 44 E	 66.12  
 45 D	 50.51  
 46 S	 30.17  
 47 Q	 66.35  
 48 T	 41.26  
 49 D	 39.43  
 50 E	 52.51  
 51 F	 12.29  
 52 V	 4.91  
 53 P	 30.69  
 54 D	 57.83  
 55 S	 24.87  
 56 L	 9.75  
 57 S	 33.27  
 58 S	 29.07  
 59 K	 48.08  
 60 I	 5.58  
 61 L	 5.64  
 62 N	 44.34  
 63 E	 46.54  
 64 A	 23.93  
 65 R	 22.52  
 66 K	 52.96  
 67 Q	 45.81  
 68 L	 7.93  
 69 L	 5.32  
 70 E	 50.22  
 71 E	 59.53  
 72 A	 12.83  
 73 L	 6.70  
 74 E	 60.41  
 75 R	 40.25  
 76 Q	 53.22  
 77 E	 61.84  
 78 T	 27.23  
 79 E	 37.31  
 80 S	 44.24  
 81 A	 12.79  
 82 T	 30.71  
 83 S	 29.11  
 84 S	 37.78  
 85 V	 6.93  
 86 P	 28.23  
 87 K	 60.03  
 88 R	 25.92  
 89 Q	 55.04  
 90 R	 40.61  
 91 G	 16.86  
 92 A	 10.66  
 93 W	 9.73  
 94 L	 3.93  
 95 G	 15.65  
 96 A	 13.66  
 97 D	 39.20  
 98 A	 18.19  
 99 S	 48.34  
 100 G	 48.35  
 101 D	 44.80  
 102 K	 60.35  
 103 S	 51.52  
 104 D	 69.93  
 105 D	 69.22  
 106 D	 67.25  
 107 D	 72.64  
 108 D	 68.57  
 109 D	 72.01  
 110 N	 66.62  
 111 E	 70.52  
 112 E	 73.34  
 113 E	 65.57  
 114 D	 58.94  
 115 D	 61.50  
 116 N	 70.18  
 117 G	 34.02  
 118 F	 13.51  
 119 E	 49.27  
 120 D	 44.29  
 121 Q	 33.68  
 122 V	 5.82  
 123 V	 5.13  
 124 E	 48.91  
 125 L	 8.10  
 126 D	 23.76  
 127 P	 59.24  
 128 R	 54.81  
 129 D	 61.90  
 130 E	 45.41  
 131 A	 22.77  
 132 D	 38.52  
 133 L	 4.80  
 134 A	 10.75  
 135 R	 44.73  
 136 F	 11.03  
 137 L	 5.85  
 138 K	 45.99  
 139 K	 55.31  
 140 D	 47.52  
 141 A	 11.64  
 142 I	 5.18  
 143 Q	 22.84  
 144 M	 2.43  
 145 S	 10.01  
 146 T	 24.80  
 147 L	 2.58  
 148 Y	 12.75  
 149 D	 34.33  
 150 I	 1.26  
 151 I	 2.73  
 152 Q	 36.62  
 153 A	 12.37  
 154 K	 25.38  
 155 I	 7.54  
 156 E	 49.46  
 157 A	 23.39  
 158 K	 36.52  
 159 Q	 61.15  
 160 N	 50.15  
 161 D	 38.64  
 162 A	 22.66  
 163 E	 37.12  
 164 L	 6.61  
 165 A	 9.18  
 166 L	 6.02  
 167 S	 23.66  
 168 Q	 44.47  
 169 V	 13.69  
 170 D	 32.44  
 171 P	 43.31  
 172 N	 63.13  
 173 E	 43.73  
 174 F	 12.67  
 175 N	 20.57  
 176 M	 4.70  
 177 R	 36.89  
 178 D	 34.76  
 179 M	 6.99  
 180 D	 40.26  
 181 P	 29.64  
 182 E	 55.73  
 183 V	 5.56  
 184 V	 3.14  
 185 E	 41.02  
 186 M	 2.78  
 187 Y	 7.38  
 188 E	 34.12  
 189 Q	 27.85  
 190 I	 2.19  
 191 G	 16.56  
 192 Q	 32.17  
 193 Y	 9.72  
 194 M	 1.83  
 195 S	 22.92  
 196 K	 28.31  
 197 Y	 11.60  
 198 R	 42.54  
 199 S	 39.62  
 200 G	 26.44  
 201 K	 57.52  
 202 V	 7.20  
 203 P	 26.24  
 204 K	 70.24  
 205 A	 12.61  
 206 F	 7.93  
 207 K	 44.58  
 208 I	 5.42  
 209 I	 2.50  
 210 P	 24.52  
 211 K	 41.84  
 212 M	 2.10  
 213 I	 7.28  
 214 N	 32.50  
 215 W	 6.48  
 216 E	 24.21  
 217 Q	 29.33  
 218 I	 1.67  
 219 L	 2.62  
 220 F	 9.70  
 221 L	 5.58  
 222 T	 36.90  
 223 K	 42.90  
 224 P	 38.73  
 225 E	 59.54  
 226 T	 36.32  
 227 W	 5.16  
 228 T	 17.53  
 229 A	 5.70  
 230 A	 5.84  
 231 A	 8.51  
 232 M	 1.87  
 233 Y	 7.11  
 234 Q	 24.15  
 235 A	 4.17  
 236 T	 16.63  
 237 R	 30.72  
 238 L	 3.50  
 239 F	 6.71  
 240 A	 12.46  
 241 S	 29.31  
 242 N	 30.71  
 243 M	 9.34  
 244 N	 36.97  
 245 P	 18.26  
 246 K	 47.51  
 247 M	 2.19  
 248 C	 3.07  
 249 Q	 34.71  
 250 R	 22.93  
 251 F	 1.94  
 252 Y	 11.01  
 253 T	 14.00  
 254 L	 1.41  
 255 V	 3.88  
 256 L	 6.48  
 257 L	 1.48  
 258 P	 29.15  
 259 R	 42.18  
 260 L	 7.13  
 261 R	 40.61  
 262 D	 62.91  
 263 D	 43.75  
 264 I	 6.82  
 265 D	 63.37  
 266 E	 60.75  
 267 F	 8.20  
 268 K	 55.06  
 269 K	 47.49  
 270 L	 8.73  
 271 N	 30.93  
 272 Y	 12.02  
 273 H	 19.58  
 274 L	 2.09  
 275 Y	 4.39  
 276 Q	 33.93  
 277 A	 11.02  
 278 L	 1.49  
 279 C	 2.91  
 280 K	 38.37  
 281 A	 14.89  
 282 I	 2.51  
 283 Y	 18.77  
 284 K	 23.28  
 285 P	 16.32  
 286 A	 16.85  
 287 A	 20.95  
 288 F	 7.64  
 289 F	 5.42  
 290 K	 46.48  
 291 G	 16.88  
 292 L	 3.61  
 293 I	 5.19  
 294 L	 2.69  
 295 P	 28.10  
 296 L	 8.10  
 297 L	 4.68  
 298 E	 55.60  
 299 S	 39.10  
 300 G	 18.55  
 301 T	 16.17  
 302 C	 3.73  
 303 T	 28.78  
 304 L	 5.18  
 305 R	 16.21  
 306 E	 50.86  
 307 A	 8.02  
 308 V	 3.78  
 309 I	 3.41  
 310 F	 3.42  
 311 S	 14.38  
 312 S	 15.48  
 313 V	 8.35  
 314 L	 4.08  
 315 T	 28.04  
 316 K	 41.68  
 317 V	 4.35  
 318 P	 28.35  
 319 I	 4.59  
 320 P	 19.68  
 321 I	 5.13  
 322 F	 2.90  
 323 H	 19.76  
 324 S	 14.62  
 325 A	 7.23  
 326 A	 9.09  
 327 A	 9.39  
 328 M	 1.90  
 329 L	 2.84  
 330 R	 17.00  
 331 I	 3.16  
 332 A	 12.03  
 333 E	 30.12  
 334 M	 3.36  
 335 E	 31.30  
 336 Y	 14.79  
 337 T	 19.26  
 338 G	 23.12  
 339 A	 9.42  
 340 N	 39.80  
 341 S	 17.45  
 342 V	 5.41  
 343 F	 3.71  
 344 L	 2.69  
 345 R	 18.84  
 346 A	 15.83  
 347 L	 4.15  
 348 I	 7.72  
 349 D	 42.09  
 350 K	 40.46  
 351 K	 31.82  
 352 Y	 21.07  
 353 A	 15.79  
 354 L	 3.30  
 355 P	 14.37  
 356 Y	 16.44  
 357 R	 26.62  
 358 A	 9.63  
 359 V	 4.94  
 360 D	 43.09  
 361 G	 20.76  
 362 V	 3.18  
 363 V	 5.87  
 364 N	 23.19  
 365 H	 14.11  
 366 F	 2.68  
 367 I	 3.81  
 368 R	 29.23  
 369 L	 6.31  
 370 K	 44.04  
 371 T	 47.92  
 372 D	 47.55  
 373 E	 56.67  
 374 R	 48.62  
 375 D	 43.63  
 376 M	 2.87  
 377 P	 23.49  
 378 V	 7.90  
 379 L	 2.52  
 380 W	 4.63  
 381 H	 12.33  
 382 Q	 14.15  
 383 C	 1.86  
 384 L	 2.23  
 385 L	 4.50  
 386 A	 8.05  
 387 L	 2.29  
 388 C	 1.47  
 389 Q	 53.22  
 390 R	 43.31  
 391 Y	 6.56  
 392 K	 46.29  
 393 N	 50.49  
 394 D	 36.83  
 395 L	 10.27  
 396 N	 44.27  
 397 A	 28.09  
 398 E	 52.09  
 399 Q	 37.97  
 400 K	 31.15  
 401 A	 9.97  
 402 A	 16.36  
 403 I	 3.07  
 404 Y	 10.43  
 405 E	 31.44  
 406 L	 1.59  
 407 I	 2.71  
 408 R	 30.08  
 409 F	 6.84  
 410 H	 16.57  
 411 G	 14.39  
 412 H	 12.98  
 413 Y	 15.43  
 414 L	 2.31  
 415 I	 5.21  
 416 S	 17.56  
 417 P	 33.76  
 418 E	 42.19  
 419 I	 5.97  
 420 R	 25.10  
 421 R	 59.52  
 422 E	 47.22  
 423 L	 9.50  
 424 E	 55.82  
 425 S	 48.71  
 426 K	 60.32  
 427 E	 67.71  
 428 T	 43.01  
 429 E	 64.19  
 430 D	 60.98  
 431 G	 15.66  
 432 H	 21.81  
 433 V	 6.63  
 434 I	 1.65  
 435 T	 17.87  
 436 S	 11.20  
 437 V	 4.12  
 438 V	 3.04  
 439 V	 6.39  
 440 E	 41.49  
 441 G	 25.44  
 442 R	 25.79  
 443 K	 68.49  
 444 T	 31.76  
 445 D	 49.36  
 446 S	 25.99  
 447 M	 7.31  
 448 E	 52.75  
 449 F	 10.19  
