 1 M	 15.80  
 2 G	 37.94  
 3 K	 43.28  
 4 D	 46.51  
 5 F	 8.35  
 6 Y	 13.78  
 7 K	 31.29  
 8 I	 2.22  
 9 L	 5.84  
 10 G	 29.03  
 11 L	 5.29  
 12 E	 50.79  
 13 R	 44.90  
 14 K	 42.75  
 15 A	 25.14  
 16 S	 48.94  
 17 D	 63.52  
 18 D	 57.96  
 19 E	 62.79  
 20 I	 7.74  
 21 K	 29.33  
 22 K	 57.20  
 23 A	 12.36  
 24 Y	 19.70  
 25 R	 32.16  
 26 K	 25.99  
 27 L	 5.09  
 28 A	 12.68  
 29 L	 9.08  
 30 K	 35.59  
 31 Y	 21.31  
 32 H	 23.61  
 33 P	 51.70  
 34 D	 54.57  
 35 K	 71.39  
 36 N	 58.37  
 37 K	 70.07  
 38 S	 31.47  
 39 P	 38.72  
 40 Q	 69.38  
 41 A	 24.81  
 42 E	 44.45  
 43 E	 67.44  
 44 R	 39.17  
 45 F	 10.61  
 46 K	 55.20  
 47 E	 44.73  
 48 I	 4.29  
 49 A	 9.10  
 50 E	 58.40  
 51 A	 9.21  
 52 Y	 9.70  
 53 E	 43.99  
 54 V	 3.95  
 55 L	 3.51  
 56 S	 53.19  
 57 D	 63.73  
 58 K	 57.74  
 59 K	 59.02  
 60 K	 62.13  
 61 R	 51.65  
 62 D	 55.58  
 63 I	 5.62  
 64 F	 6.12  
 65 D	 48.01  
 66 N	 35.64  
 67 Y	 24.60  
 68 G	 32.54  
 69 E	 38.25  
 70 D	 64.46  
 71 G	 25.61  
 72 L	 7.83  
 73 K	 67.53  
 74 G	 45.04  
 75 G	 28.99  
 76 Q	 48.74  
 77 P	 60.61  
 78 G	 25.66  
 79 P	 43.70  
 80 D	 74.43  
 81 G	 45.31  
 82 G	 38.65  
 83 G	 35.72  
 84 Q	 36.21  
 85 P	 32.43  
 86 G	 24.27  
 87 A	 10.52  
 88 Y	 16.34  
 89 T	 15.43  
 90 Y	 9.12  
 91 Q	 18.96  
 92 F	 4.98  
 93 H	 24.99  
 94 G	 48.16  
 95 D	 22.42  
 96 P	 32.19  
 97 R	 51.50  
 98 A	 16.68  
 99 T	 22.30  
 100 F	 4.99  
 101 A	 10.83  
 102 Q	 29.97  
 103 F	 7.21  
 104 F	 6.53  
 105 G	 27.77  
 106 S	 26.81  
 107 S	 50.08  
 108 D	 44.22  
 109 P	 31.36  
 110 F	 15.37  
 111 G	 27.19  
 112 A	 9.21  
 113 F	 6.03  
 114 F	 6.51  
 115 T	 33.53  
 116 G	 35.98  
 117 G	 21.77  
 118 D	 44.78  
 119 N	 36.35  
 120 M	 3.17  
 121 F	 8.44  
 122 S	 31.11  
 123 G	 22.60  
 124 G	 23.05  
 125 Q	 61.21  
 126 G	 34.29  
 127 G	 29.87  
 128 N	 46.70  
 129 T	 37.19  
 130 N	 44.35  
 131 E	 37.21  
 132 I	 5.41  
 133 F	 3.13  
 134 W	 10.95  
 135 N	 16.57  
 136 I	 4.81  
 137 G	 30.20  
 138 G	 24.77  
 139 D	 38.70  
 140 D	 37.06  
 141 M	 2.88  
 142 F	 10.12  
 143 A	 7.08  
 144 F	 5.49  
 145 N	 27.93  
 146 A	 10.64  
 147 Q	 55.71  
 148 A	 11.13  
 149 P	 23.68  
 150 S	 54.15  
 151 R	 36.80  
 152 K	 59.92  
 153 R	 37.98  
 154 Q	 55.88  
 155 Q	 70.03  
 156 D	 42.47  
 157 P	 27.68  
 158 P	 53.54  
 159 I	 10.00  
 160 E	 36.80  
 161 H	 37.48  
 162 D	 29.07  
 163 L	 5.01  
 164 F	 4.34  
 165 V	 9.20  
 166 S	 23.80  
 167 L	 5.67  
 168 E	 48.76  
 169 E	 62.40  
 170 V	 7.23  
 171 D	 44.93  
 172 K	 61.94  
 173 G	 17.58  
 174 C	 5.19  
 175 I	 7.01  
 176 K	 51.39  
 177 K	 26.05  
 178 M	 3.86  
 179 K	 46.54  
 180 I	 2.56  
 181 S	 15.53  
 182 R	 23.41  
 183 M	 2.90  
 184 A	 14.01  
 185 T	 31.62  
 186 G	 15.02  
 187 S	 33.97  
 188 N	 57.72  
 189 G	 28.72  
 190 P	 41.07  
 191 Y	 32.22  
 192 K	 63.63  
 193 E	 58.15  
 194 E	 44.29  
 195 K	 47.89  
 196 V	 4.99  
 197 L	 4.92  
 198 R	 26.06  
 199 I	 4.55  
 200 T	 18.95  
 201 V	 7.01  
 202 K	 29.21  
 203 P	 49.92  
 204 G	 32.57  
 205 W	 8.89  
 206 K	 42.74  
 207 A	 25.12  
 208 G	 24.66  
 209 T	 24.92  
 210 K	 38.54  
 211 I	 4.88  
 212 T	 30.71  
 213 F	 7.19  
 214 P	 23.74  
 215 Q	 64.21  
 216 E	 66.27  
 217 G	 29.00  
 218 D	 40.65  
 219 S	 57.38  
 220 A	 19.20  
 221 P	 46.96  
 222 N	 61.62  
 223 K	 55.62  
 224 T	 30.28  
 225 P	 29.55  
 226 A	 25.13  
 227 D	 38.50  
 228 I	 2.71  
 229 V	 2.65  
 230 F	 3.82  
 231 I	 1.42  
 232 I	 2.94  
 233 R	 40.87  
 234 D	 59.43  
 235 K	 34.48  
 236 P	 26.96  
 237 H	 42.76  
 238 S	 43.99  
 239 L	 5.51  
 240 F	 8.64  
 241 K	 55.63  
 242 R	 39.79  
 243 E	 62.18  
 244 G	 23.81  
 245 I	 4.86  
 246 D	 48.22  
 247 L	 4.28  
 248 K	 36.49  
 249 Y	 18.01  
 250 T	 15.53  
 251 A	 11.13  
 252 Q	 20.29  
 253 I	 4.89  
 254 S	 19.89  
 255 L	 5.21  
 256 K	 27.08  
 257 Q	 44.88  
 258 A	 11.84  
 259 L	 2.28  
 260 C	 3.16  
 261 G	 23.85  
 262 A	 12.09  
 263 L	 1.47  
 264 V	 5.56  
 265 S	 24.19  
 266 V	 3.07  
 267 P	 21.64  
 268 T	 29.56  
 269 L	 4.43  
 270 Q	 50.74  
 271 G	 23.23  
 272 S	 17.16  
 273 R	 30.13  
 274 I	 6.01  
 275 Q	 28.02  
 276 V	 13.80  
 277 N	 18.45  
 278 P	 44.70  
 279 N	 39.97  
 280 H	 28.96  
 281 E	 53.72  
 282 I	 3.69  
 283 I	 3.89  
 284 K	 41.81  
 285 P	 25.27  
 286 T	 35.48  
 287 T	 27.17  
 288 T	 22.04  
 289 R	 35.08  
 290 R	 25.32  
 291 I	 4.29  
 292 N	 37.51  
 293 G	 20.81  
 294 L	 5.72  
 295 G	 29.36  
 296 L	 4.67  
 297 P	 38.27  
 298 V	 14.73  
 299 P	 33.09  
 300 K	 80.59  
 301 E	 42.30  
 302 P	 38.98  
 303 S	 35.38  
 304 R	 58.26  
 305 R	 47.52  
 306 G	 32.73  
 307 D	 31.26  
 308 L	 4.66  
 309 I	 2.65  
 310 V	 6.40  
 311 S	 15.37  
 312 F	 8.57  
 313 D	 35.34  
 314 I	 4.70  
 315 K	 53.33  
 316 F	 7.27  
 317 P	 28.77  
 318 D	 58.44  
 319 T	 25.67  
 320 L	 9.58  
 321 A	 8.17  
 322 P	 38.39  
 323 S	 36.66  
 324 L	 5.58  
 325 Q	 39.70  
 326 N	 50.48  
 327 Q	 33.14  
 328 L	 5.87  
 329 S	 19.21  
 330 E	 64.02  
 331 L	 9.65  
 332 L	 3.16  
 333 P	 58.05  
 334 N	 65.58  
