 1 M	 6.36  
 2 K	 62.32  
 3 R	 50.52  
 4 G	 22.67  
 5 F	 6.45  
 6 S	 35.91  
 7 S	 33.78  
 8 G	 38.38  
 9 D	 45.37  
 10 L	 7.47  
 11 S	 29.23  
 12 S	 49.27  
 13 E	 46.74  
 14 V	 9.11  
 15 D	 46.28  
 16 D	 52.47  
 17 V	 13.11  
 18 D	 43.59  
 19 P	 31.96  
 20 N	 52.28  
 21 S	 47.87  
 22 L	 8.18  
 23 P	 19.12  
 24 P	 43.79  
 25 A	 17.73  
 26 A	 24.45  
 27 R	 30.84  
 28 P	 24.70  
 29 I	 6.17  
 30 Q	 46.07  
 31 D	 58.09  
 32 Q	 31.05  
 33 P	 51.16  
 34 T	 51.02  
 35 K	 54.74  
 36 P	 30.95  
 37 P	 30.10  
 38 V	 11.95  
 39 A	 24.01  
 40 G	 49.74  
 41 G	 25.42  
 42 P	 19.04  
 43 P	 53.69  
 44 N	 59.74  
 45 M	 6.94  
 46 P	 44.90  
 47 P	 36.42  
 48 P	 31.64  
 49 P	 57.78  
 50 A	 26.99  
 51 P	 47.96  
 52 G	 48.48  
 53 Q	 24.50  
 54 P	 38.28  
 55 A	 16.63  
 56 G	 29.02  
 57 A	 23.19  
 58 A	 9.36  
 59 P	 42.39  
 60 E	 46.38  
 61 L	 6.42  
 62 S	 21.95  
 63 L	 8.43  
 64 S	 20.47  
 65 F	 10.62  
 66 G	 30.00  
 67 A	 17.82  
 68 G	 34.45  
 69 K	 51.29  
 70 T	 19.76  
 71 P	 30.97  
 72 A	 18.33  
 73 T	 25.26  
 74 A	 17.35  
 75 A	 9.09  
 76 P	 42.72  
 77 A	 23.23  
 78 P	 20.33  
 79 P	 48.00  
 80 R	 58.02  
 81 G	 24.41  
 82 V	 4.68  
 83 S	 31.21  
 84 A	 14.69  
 85 P	 26.38  
 86 T	 47.24  
 87 S	 23.08  
 88 P	 46.30  
 89 A	 23.40  
 90 K	 54.12  
 91 S	 43.30  
 92 R	 36.50  
 93 E	 53.48  
 94 S	 33.01  
 95 L	 3.96  
 96 L	 4.21  
 97 Q	 49.11  
 98 R	 28.54  
 99 V	 2.67  
 100 Q	 34.61  
 101 S	 25.66  
 102 L	 2.61  
 103 T	 29.98  
 104 G	 23.64  
 105 A	 8.29  
 106 A	 19.54  
 107 R	 35.93  
 108 D	 46.68  
 109 Q	 43.74  
 110 G	 26.11  
 111 A	 6.43  
 112 S	 25.77  
 113 I	 4.00  
 114 L	 3.37  
 115 G	 15.15  
 116 A	 10.87  
 117 A	 9.70  
 118 V	 4.59  
 119 Q	 23.71  
 120 S	 27.04  
 121 A	 7.23  
 122 T	 24.68  
 123 Q	 38.98  
 124 R	 37.88  
 125 A	 7.02  
 126 P	 35.71  
 127 A	 21.99  
 128 F	 10.18  
 129 S	 41.89  
 130 K	 52.35  
 131 D	 50.09  
 132 K	 46.10  
 133 Y	 16.36  
 134 F	 4.83  
 135 T	 18.98  
 136 L	 1.92  
 137 L	 3.06  
 138 V	 6.57  
 139 L	 6.40  
 140 D	 48.23  
 141 D	 39.20  
 142 Q	 55.15  
 143 N	 47.18  
 144 T	 32.96  
 145 D	 56.02  
 146 W	 8.49  
 147 S	 21.93  
 148 K	 44.12  
 149 Y	 7.93  
 150 F	 8.41  
 151 R	 34.32  
 152 G	 14.79  
 153 R	 33.46  
 154 R	 33.58  
 155 L	 5.22  
 156 H	 31.78  
 157 G	 41.70  
 158 D	 27.57  
 159 F	 11.29  
 160 D	 32.31  
 161 I	 5.55  
 162 R	 27.97  
 163 V	 6.98  
 164 E	 33.94  
 165 Q	 43.25  
 166 A	 12.37  
 167 E	 40.69  
 168 F	 10.75  
 169 R	 26.40  
 170 D	 46.35  
 171 I	 2.47  
 172 T	 21.10  
 173 V	 3.92  
 174 V	 2.54  
 175 S	 18.57  
 176 S	 20.67  
 177 A	 15.75  
 178 D	 54.89  
 179 T	 43.00  
 180 G	 17.35  
 181 P	 21.35  
 182 V	 6.23  
 183 V	 3.22  
 184 T	 11.00  
 185 M	 1.04  
 186 A	 7.62  
 187 A	 6.88  
 188 Y	 8.86  
 189 R	 24.71  
 190 S	 31.66  
 191 G	 14.45  
 192 T	 24.18  
 193 R	 24.51  
 194 V	 5.36  
 195 A	 9.71  
 196 R	 33.21  
 197 S	 18.83  
 198 F	 12.54  
 199 R	 30.99  
 200 P	 37.06  
 201 D	 41.87  
 202 F	 5.51  
 203 V	 5.91  
 204 L	 2.42  
 205 I	 3.02  
 206 R	 38.50  
 207 Q	 45.41  
 208 P	 18.95  
 209 P	 38.36  
 210 R	 68.55  
 211 D	 68.08  
 212 G	 30.26  
 213 S	 25.07  
 214 S	 44.16  
 215 D	 44.56  
 216 Y	 14.38  
 217 R	 32.11  
 218 S	 17.36  
 219 T	 15.95  
 220 I	 2.79  
 221 L	 7.14  
 222 G	 19.10  
 223 L	 3.28  
 224 K	 39.80  
 225 Y	 24.93  
 226 G	 29.09  
 227 G	 25.68  
 228 V	 2.67  
 229 P	 32.54  
 230 S	 31.81  
 231 I	 3.12  
 232 N	 42.74  
 233 S	 26.28  
 234 L	 2.96  
 235 H	 16.39  
 236 S	 28.43  
 237 I	 1.87  
 238 Y	 13.29  
 239 Q	 28.05  
 240 F	 5.95  
 241 Q	 42.14  
 242 D	 61.34  
 243 K	 29.96  
 244 P	 40.53  
 245 W	 14.99  
 246 V	 4.84  
 247 F	 3.17  
 248 S	 12.01  
 249 H	 21.06  
 250 L	 2.94  
 251 L	 3.90  
 252 Q	 41.74  
 253 L	 4.28  
 254 Q	 18.58  
 255 R	 44.37  
 256 R	 28.65  
 257 L	 7.80  
 258 G	 24.66  
 259 R	 45.53  
 260 D	 62.38  
 261 G	 25.39  
 262 F	 5.36  
 263 P	 37.65  
 264 L	 6.68  
 265 I	 3.62  
 266 E	 51.78  
 267 Q	 36.29  
 268 T	 17.91  
 269 F	 10.81  
 270 F	 6.93  
 271 P	 45.80  
 272 N	 38.80  
 273 P	 31.25  
 274 R	 60.96  
 275 D	 53.76  
 276 L	 3.71  
 277 F	 7.04  
 278 Q	 53.01  
 279 F	 6.68  
 280 T	 22.46  
 281 K	 57.47  
 282 F	 5.04  
 283 P	 25.69  
 284 S	 43.12  
 285 V	 6.91  
 286 L	 3.55  
 287 K	 50.60  
 288 A	 14.59  
 289 G	 23.51  
 290 H	 12.78  
 291 C	 2.89  
 292 H	 30.30  
 293 G	 37.35  
 294 G	 5.13  
 295 V	 5.18  
 296 A	 9.98  
 297 T	 15.20  
 298 A	 12.34  
 299 R	 37.87  
 300 L	 7.22  
 301 E	 47.90  
 302 N	 45.78  
 303 Q	 22.24  
 304 S	 42.39  
 305 A	 10.24  
 306 L	 6.00  
 307 Q	 37.70  
 308 D	 38.96  
 309 A	 7.17  
 310 A	 21.83  
 311 G	 28.47  
 312 L	 2.07  
 313 V	 4.92  
 314 S	 28.15  
 315 G	 29.98  
 316 A	 13.20  
 317 G	 41.84  
 318 N	 47.26  
 319 D	 38.55  
 320 S	 21.32  
 321 H	 14.93  
 322 C	 3.27  
 323 Y	 6.29  
 324 C	 3.63  
 325 T	 11.25  
 326 I	 4.48  
 327 E	 17.56  
 328 P	 27.77  
 329 Y	 9.91  
 330 I	 6.42  
 331 D	 37.55  
 332 A	 12.77  
 333 K	 34.13  
 334 F	 11.20  
 335 S	 16.45  
 336 V	 5.33  
 337 H	 18.63  
 338 I	 4.12  
 339 Q	 19.21  
 340 K	 52.56  
 341 I	 4.01  
 342 G	 24.30  
 343 N	 52.73  
 344 N	 34.17  
 345 Y	 14.00  
 346 K	 36.95  
 347 A	 7.97  
 348 F	 4.21  
 349 M	 6.70  
 350 R	 24.10  
 351 K	 34.13  
 352 S	 18.28  
 353 I	 6.84  
 354 T	 31.39  
 355 G	 36.01  
 356 N	 28.55  
 357 W	 15.36  
 358 K	 41.41  
 359 T	 25.12  
 360 N	 40.25  
 361 Q	 53.07  
 362 G	 21.31  
 363 S	 10.76  
 364 A	 17.26  
 365 M	 4.54  
 366 L	 4.36  
 367 E	 27.18  
 368 Q	 29.97  
 369 I	 2.20  
 370 T	 27.59  
 371 L	 6.60  
 372 T	 23.06  
 373 E	 58.46  
 374 K	 53.39  
 375 Y	 12.20  
 376 K	 49.24  
 377 S	 29.28  
 378 W	 9.46  
 379 V	 6.46  
 380 D	 41.05  
 381 E	 38.50  
 382 I	 3.16  
 383 S	 26.63  
 384 E	 54.50  
 385 L	 3.74  
 386 F	 7.54  
 387 G	 47.35  
 388 G	 11.18  
 389 M	 3.41  
 390 E	 37.62  
 391 V	 2.02  
 392 C	 2.64  
 393 G	 26.60  
 394 L	 2.72  
 395 S	 9.73  
 396 V	 4.89  
 397 V	 2.89  
 398 V	 5.26  
 399 A	 7.81  
 400 K	 49.45  
 401 D	 52.20  
 402 G	 24.50  
 403 R	 43.61  
 404 E	 46.76  
 405 Y	 11.38  
 406 I	 1.39  
 407 I	 1.77  
 408 S	 17.18  
 409 A	 7.25  
 410 C	 3.20  
 411 D	 50.89  
 412 S	 25.88  
 413 T	 10.32  
 414 F	 6.36  
 415 A	 9.81  
 416 L	 3.82  
 417 I	 4.15  
 418 G	 32.53  
 419 D	 37.92  
 420 T	 32.44  
 421 Q	 57.74  
 422 E	 65.05  
 423 E	 47.18  
 424 D	 50.76  
 425 R	 35.37  
 426 R	 44.58  
 427 Q	 35.79  
 428 I	 2.82  
 429 A	 8.85  
 430 D	 49.59  
 431 L	 2.14  
 432 V	 6.16  
 433 S	 28.16  
 434 G	 22.92  
 435 R	 18.92  
 436 M	 3.76  
 437 Q	 37.53  
 438 N	 26.05  
 439 V	 1.32  
 440 C	 7.50  
 441 R	 23.26  
 442 P	 24.27  
 443 S	 13.85  
 444 M	 3.38  
 445 A	 14.23  
 446 Q	 38.05  
 447 T	 35.49  
 448 G	 19.51  
 449 P	 39.88  
 450 G	 45.54  
 451 K	 61.43  
 452 L	 6.04  
 453 P	 31.05  
 454 S	 56.05  
 455 R	 30.89  
 456 S	 39.15  
 457 S	 25.55  
 458 V	 6.76  
 459 S	 18.96  
 460 S	 33.10  
 461 R	 34.56  
 462 A	 24.46  
 463 E	 57.02  
 464 S	 31.92  
 465 P	 35.06  
 466 T	 56.83  
 467 D	 54.78  
 468 E	 59.03  
 469 G	 24.56  
 470 V	 5.62  
 471 A	 17.07  
 472 P	 42.93  
 473 T	 28.00  
 474 P	 27.63  
 475 P	 54.15  
 476 L	 4.83  
 477 P	 40.73  
 478 A	 48.59  
 479 G	 19.46  
 480 P	 40.98  
 481 R	 38.81  
 482 P	 43.80  
 483 A	 14.16  
 484 P	 25.32  
 485 M	 12.00  
 486 G	 44.38  
 487 G	 25.86  
 488 P	 26.26  
 489 P	 42.60  
 490 P	 58.88  
 491 I	 7.35  
 492 P	 30.69  
 493 E	 70.12  
 494 R	 34.84  
 495 T	 37.08  
 496 S	 19.65  
 497 P	 30.28  
 498 A	 20.33  
 499 V	 7.59  
 500 G	 18.69  
 501 S	 18.44  
 502 I	 2.83  
 503 G	 26.61  
 504 R	 29.72  
 505 L	 4.61  
 506 S	 23.50  
 507 S	 40.55  
 508 R	 30.92  
 509 S	 33.69  
 510 S	 29.08  
 511 I	 4.25  
 512 S	 34.19  
 513 E	 61.49  
 514 V	 6.04  
 515 P	 35.86  
 516 E	 83.89  
 517 E	 44.40  
 518 P	 37.54  
 519 S	 40.18  
 520 S	 50.45  
 521 S	 60.09  
 522 G	 23.33  
 523 P	 28.86  
 524 S	 38.97  
 525 T	 26.72  
 526 V	 8.03  
 527 G	 29.03  
 528 G	 12.86  
 529 V	 3.59  
 530 R	 39.71  
 531 R	 45.59  
 532 D	 34.24  
 533 S	 33.28  
 534 Q	 49.84  
 535 T	 32.46  
 536 S	 22.04  
 537 Q	 44.80  
 538 S	 29.26  
 539 S	 23.32  
 540 T	 30.08  
 541 I	 3.98  
 542 S	 19.35  
 543 S	 30.79  
 544 S	 19.81  
 545 V	 4.92  
 546 S	 20.54  
 547 R	 40.35  
 548 A	 15.80  
 549 G	 23.95  
 550 Q	 54.44  
 551 R	 43.90  
 552 P	 19.91  
 553 P	 52.63  
 554 Q	 59.40  
 555 T	 35.18  
 556 Q	 34.65  
 557 N	 39.91  
 558 S	 20.09  
 559 V	 7.78  
 560 V	 5.75  
 561 E	 49.72  
 562 D	 43.58  
 563 A	 11.76  
 564 E	 67.35  
 565 D	 54.55  
 566 T	 22.88  
 567 M	 4.13  
 568 K	 55.72  
 569 N	 33.97  
 570 L	 5.05  
 571 R	 45.41  
 572 K	 51.68  
 573 T	 16.57  
 574 F	 7.04  
 575 A	 18.53  
 576 G	 16.15  
 577 I	 2.90  
 578 F	 7.12  
 579 G	 28.31  
 580 D	 31.95  
 581 M	 4.59  
 582 X	 21.70  
 583 E	 43.55  
 584 I	 4.36  
 585 A	 25.69  
 586 N	 56.92  
 587 K	 34.52  
 588 K	 60.95  
 589 R	 41.24  
 590 G	 39.92  
 591 R	 31.02  
 592 T	 37.04  
 593 A	 12.19  
 594 S	 40.57  
 595 E	 50.69  
 596 T	 26.20  
 597 S	 28.75  
 598 S	 44.38  
 599 G	 36.07  
 600 S	 43.70  
 601 G	 33.83  
 602 P	 33.32  
 603 G	 44.81  
 604 S	 33.71  
 605 V	 7.08  
 606 P	 25.02  
 607 S	 30.57  
 608 S	 31.04  
 609 A	 32.32  
 610 G	 29.11  
 611 P	 33.23  
 612 G	 39.21  
 613 S	 39.54  
 614 G	 32.16  
 615 F	 7.39  
 616 S	 28.70  
 617 S	 23.89  
 618 S	 24.24  
 619 F	 12.93  
 620 L	 10.14  
 621 G	 21.51  
 622 K	 50.76  
 623 Q	 37.10  
 624 F	 8.06  
 625 S	 16.22  
 626 F	 12.56  
 627 A	 20.00  
 628 G	 36.17  
 629 K	 50.81  
 630 G	 35.65  
 631 E	 54.49  
 632 G	 30.63  
 633 V	 2.45  
 634 I	 5.62  
 635 S	 20.70  
 636 T	 27.69  
 637 Q	 32.05  
 638 P	 30.50  
 639 T	 27.65  
 640 Q	 63.07  
 641 R	 38.91  
 642 P	 35.95  
 643 S	 57.70  
 644 E	 76.76  
 645 E	 62.00  
 646 P	 21.41  
 647 P	 46.21  
 648 A	 30.98  
 649 I	 3.72  
 650 P	 26.29  
 651 T	 28.96  
 652 T	 21.13  
 653 A	 12.17  
 654 S	 19.41  
 655 S	 28.46  
 656 A	 9.99  
 657 V	 13.01  
 658 R	 29.05  
 659 P	 38.94  
 660 E	 45.11  
 661 S	 38.43  
 662 S	 19.42  
 663 V	 10.23  
 664 S	 20.18  
 665 V	 7.45  
 666 S	 23.51  
 667 D	 49.84  
 668 S	 21.66  
 669 R	 55.87  
 670 N	 46.38  
 671 T	 29.29  
 672 D	 43.18  
 673 T	 33.28  
 674 L	 5.36  
 675 T	 26.05  
 676 E	 43.58  
 677 R	 32.84  
 678 A	 13.12  
 679 G	 26.25  
 680 A	 16.73  
 681 G	 22.23  
 682 Y	 14.76  
 683 Q	 25.68  
 684 P	 26.81  
 685 V	 2.98  
 686 T	 38.47  
 687 N	 38.28  
 688 Y	 13.02  
 689 E	 48.10  
 690 Q	 39.82  
 691 Q	 28.64  
 692 E	 59.29  
 693 R	 29.22  
 694 V	 11.97  
 695 N	 37.43  
 696 P	 35.64  
 697 F	 20.69  
 698 D	 56.52  
 699 K	 72.42  
 700 E	 57.56  
 701 P	 53.44  
 702 S	 40.31  
 703 K	 70.34  
 704 S	 42.17  
 705 G	 25.66  
 706 S	 27.96  
 707 A	 14.57  
 708 A	 15.66  
 709 S	 18.02  
 710 I	 3.35  
 711 H	 19.73  
 712 T	 28.74  
 713 S	 17.67  
 714 S	 35.08  
 715 S	 28.07  
 716 S	 33.37  
 717 S	 28.56  
 718 I	 5.10  
 719 S	 26.56  
 720 S	 26.83  
 721 S	 25.54  
 722 S	 28.56  
 723 I	 4.72  
 724 S	 18.60  
 725 S	 35.19  
 726 R	 24.34  
 727 I	 6.49  
 728 N	 30.19  
 729 R	 50.49  
 730 N	 43.51  
 731 G	 23.00  
 732 N	 37.10  
 733 A	 11.55  
 734 I	 4.90  
 735 Q	 47.69  
 736 S	 33.01  
 737 P	 29.10  
 738 P	 53.40  
 739 P	 34.45  
 740 P	 56.47  
 741 A	 49.23  
 742 G	 40.81  
 743 P	 40.09  
 744 P	 53.78  
 745 P	 58.10  
 746 P	 53.96  
 747 P	 54.87  
 748 P	 42.24  
 749 T	 48.36  
 750 N	 34.61  
 751 V	 3.91  
 752 T	 20.07  
 753 A	 10.21  
 754 V	 6.71  
 755 G	 16.84  
 756 S	 26.60  
 757 N	 36.89  
 758 A	 20.98  
 759 N	 46.83  
 760 S	 24.38  
 761 S	 27.82  
 762 S	 39.40  
 763 G	 27.63  
 764 Y	 14.47  
 765 R	 35.52  
 766 N	 38.63  
 767 S	 19.94  
 768 F	 10.56  
 769 S	 20.88  
 770 S	 33.03  
 771 S	 35.15  
 772 L	 8.78  
 773 S	 40.53  
 774 K	 69.41  
 775 D	 56.97  
 776 K	 43.01  
 777 T	 37.00  
 778 S	 36.46  
 779 Y	 18.02  
 780 G	 22.20  
 781 N	 29.74  
 782 Y	 14.21  
 783 G	 23.63  
 784 S	 20.39  
 785 T	 20.80  
 786 T	 32.26  
 787 S	 20.32  
 788 V	 7.65  
 789 E	 33.97  
 790 T	 26.03  
 791 I	 1.13  
 792 T	 27.62  
 793 R	 19.68  
 794 M	 5.81  
 795 D	 33.25  
 796 T	 25.73  
 797 N	 40.41  
 798 T	 24.26  
 799 T	 27.23  
 800 N	 28.76  
 801 I	 3.59  
 802 G	 20.95  
 803 A	 7.11  
 804 T	 28.97  
 805 A	 11.69  
 806 T	 23.24  
 807 E	 52.81  
 808 A	 19.44  
 809 G	 25.44  
 810 E	 46.86  
 811 A	 15.63  
 812 S	 29.51  
 813 G	 28.04  
 814 V	 2.79  
 815 T	 18.83  
 816 A	 12.28  
 817 I	 1.90  
 818 T	 24.84  
 819 N	 29.58  
 820 I	 2.86  
 821 S	 32.14  
 822 N	 40.08  
 823 S	 30.35  
 824 D	 55.90  
 825 G	 18.98  
 826 I	 2.61  
 827 V	 6.80  
 828 A	 8.19  
 829 P	 21.43  
 830 T	 28.28  
 831 T	 31.13  
 832 G	 20.00  
 833 T	 17.04  
 834 I	 4.12  
 835 T	 16.92  
 836 T	 19.83  
 837 S	 14.60  
 838 V	 7.80  
 839 T	 21.46  
 840 T	 29.08  
 841 N	 37.17  
 842 D	 39.82  
 843 W	 9.74  
 844 R	 21.05  
 845 S	 21.71  
 846 A	 8.19  
 847 I	 4.73  
 848 G	 12.74  
 849 M	 2.21  
 850 R	 24.69  
 851 S	 18.92  
 852 A	 7.83  
 853 S	 23.88  
 854 V	 4.35  
 855 Y	 9.16  
 856 S	 26.14  
 857 A	 4.69  
 858 P	 18.14  
 859 A	 17.80  
 860 A	 9.72  
 861 V	 5.11  
 862 T	 13.37  
 863 T	 17.28  
 864 V	 4.42  
 865 L	 3.54  
 866 P	 33.99  
 867 G	 46.82  
 868 D	 35.44  
 869 T	 29.93  
 870 S	 39.84  
 871 G	 32.15  
 872 Y	 18.90  
 873 D	 44.88  
 874 S	 24.80  
 875 N	 34.24  
 876 S	 24.39  
 877 I	 5.10  
 878 A	 8.81  
 879 S	 36.73  
 880 Q	 44.96  
 881 G	 28.57  
 882 E	 53.52  
 883 G	 40.30  
 884 L	 4.94  
 885 N	 70.04  
 886 N	 42.36  
 887 P	 28.31  
 888 S	 54.63  
 889 D	 64.95  
 890 L	 3.40  
 891 P	 30.22  
 892 S	 46.57  
 893 Y	 12.58  
 894 T	 40.20  
 895 R	 15.21  
 896 P	 29.80  
 897 S	 32.23  
 898 Y	 15.70  
 899 S	 33.40  
 900 R	 35.89  
 901 S	 39.16  
 902 E	 47.07  
 903 S	 38.65  
 904 N	 44.15  
 905 A	 29.27  
 906 S	 34.84  
 907 K	 44.72  
 908 H	 24.85  
 909 S	 43.54  
 910 D	 46.75  
 911 L	 6.76  
 912 D	 36.13  
 913 V	 5.19  
 914 I	 2.97  
 915 F	 10.00  
 916 G	 27.45  
 917 D	 35.89  
 918 S	 32.08  
 919 K	 62.25  
 920 T	 41.80  
 921 T	 22.16  
 922 P	 25.17  
 923 A	 17.19  
 924 S	 34.47  
 925 Y	 19.40  
 926 G	 33.64  
 927 N	 35.23  
 928 G	 21.71  
 929 K	 47.66  
 930 Y	 11.67  
 931 T	 19.81  
 932 R	 21.25  
 933 A	 14.36  
 934 A	 14.69  
 935 G	 25.24  
 936 S	 17.75  
 937 I	 4.17  
 938 S	 28.57  
 939 D	 44.94  
 940 A	 11.07  
 941 D	 35.38  
 942 M	 2.68  
 943 I	 2.74  
 944 F	 8.10  
 945 G	 36.45  
 946 G	 21.87  
 947 P	 29.53  
 948 P	 38.18  
 949 S	 56.79  
 950 N	 48.36  
 951 Y	 21.43  
 952 K	 48.47  
 953 T	 23.26  
 954 D	 39.50  
 955 R	 36.81  
 956 F	 12.18  
 957 G	 29.81  
 958 A	 15.86  
 959 S	 26.16  
 960 K	 50.04  
 961 S	 17.37  
 962 M	 3.50  
 963 S	 26.46  
 964 M	 2.30  
 965 T	 19.53  
 966 S	 25.55  
 967 G	 26.16  
 968 G	 22.00  
 969 V	 6.69  
 970 G	 32.86  
 971 S	 27.03  
 972 G	 36.27  
 973 N	 43.06  
 974 G	 36.59  
 975 S	 33.51  
 976 G	 27.42  
 977 S	 32.32  
 978 G	 31.69  
 979 L	 5.28  
 980 G	 40.69  
 981 G	 26.13  
 982 Y	 7.75  
 983 K	 37.76  
 984 I	 3.30  
 985 Y	 10.25  
 986 D	 42.61  
 987 S	 14.76  
 988 I	 3.15  
 989 Q	 37.14  
 990 N	 31.40  
 991 A	 8.10  
 992 A	 16.42  
 993 F	 7.18  
 994 S	 32.78  
 995 D	 40.38  
 996 F	 9.41  
 997 S	 35.54  
 998 D	 57.94  
 999 S	 31.41  
 1000 G	 32.15  
 1001 S	 21.31  
 1002 M	 4.09  
 1003 S	 22.09  
 1004 S	 23.48  
 1005 I	 5.28  
 1006 G	 18.47  
 1007 S	 26.72  
 1008 H	 30.14  
 1009 T	 24.81  
 1010 K	 46.58  
 1011 R	 33.46  
 1012 W	 10.37  
 1013 S	 27.05  
 1014 A	 20.05  
 1015 S	 34.78  
 1016 K	 65.91  
 1017 E	 65.25  
 1018 E	 74.60  
 1019 D	 56.63  
 1020 D	 62.73  
 1021 E	 57.41  
 1022 L	 13.87  
 1023 D	 50.82  
 1024 L	 12.70  
 1025 K	 58.94  
