 1 M	 9.92  
 2 S	 37.86  
 3 K	 41.33  
 4 F	 6.92  
 5 F	 4.49  
 6 V	 6.74  
 7 N	 21.05  
 8 V	 5.87  
 9 A	 8.28  
 10 P	 26.09  
 11 I	 5.70  
 12 N	 44.83  
 13 N	 43.20  
 14 S	 33.33  
 15 N	 48.29  
 16 S	 31.27  
 17 S	 39.86  
 18 S	 26.42  
 19 S	 27.14  
 20 H	 29.22  
 21 T	 33.44  
 22 T	 21.18  
 23 T	 31.17  
 24 S	 21.35  
 25 S	 41.63  
 26 N	 39.74  
 27 T	 29.00  
 28 Q	 45.14  
 29 R	 27.78  
 30 H	 23.10  
 31 Q	 44.64  
 32 Q	 30.17  
 33 H	 23.77  
 34 Q	 27.66  
 35 Q	 29.64  
 36 H	 19.35  
 37 Y	 20.88  
 38 G	 22.97  
 39 G	 18.75  
 40 S	 28.71  
 41 G	 30.48  
 42 T	 31.16  
 43 T	 30.41  
 44 G	 17.69  
 45 H	 14.54  
 46 T	 18.06  
 47 M	 1.52  
 48 V	 3.83  
 49 A	 4.69  
 50 R	 32.01  
 51 R	 19.97  
 52 L	 6.08  
 53 N	 26.85  
 54 Y	 25.19  
 55 D	 30.99  
 56 L	 2.59  
 57 H	 29.73  
 58 G	 42.30  
 59 G	 18.31  
 60 T	 23.20  
 61 T	 30.77  
 62 S	 24.13  
 63 I	 6.33  
 64 N	 44.97  
 65 N	 51.43  
 66 N	 38.14  
 67 N	 41.55  
 68 N	 31.84  
 69 I	 3.54  
 70 V	 5.76  
 71 I	 3.34  
 72 K	 43.71  
 73 N	 35.33  
 74 E	 47.33  
 75 S	 30.26  
 76 V	 7.45  
 77 D	 43.00  
 78 L	 6.52  
 79 D	 42.21  
 80 Y	 18.42  
 81 D	 25.70  
 82 H	 19.05  
 83 V	 5.18  
 84 L	 3.54  
 85 S	 27.06  
 86 S	 33.72  
 87 S	 41.50  
 88 D	 54.51  
 89 S	 44.07  
 90 N	 44.47  
 91 S	 40.58  
 92 N	 56.33  
 93 G	 31.60  
 94 G	 15.33  
 95 V	 4.51  
 96 A	 7.76  
 97 A	 10.39  
 98 H	 16.20  
 99 L	 6.20  
 100 R	 23.32  
 101 D	 41.80  
 102 H	 14.08  
 103 V	 5.49  
 104 Y	 4.95  
 105 I	 2.99  
 106 S	 16.90  
 107 L	 5.98  
 108 D	 48.37  
 109 K	 68.32  
 110 G	 20.95  
 111 H	 34.12  
 112 N	 49.21  
 113 T	 22.35  
 114 G	 24.30  
 115 A	 5.92  
 116 V	 5.28  
 117 A	 7.32  
 118 T	 15.38  
 119 A	 5.83  
 120 A	 8.02  
 121 A	 8.65  
 122 A	 10.71  
 123 A	 8.02  
 124 T	 28.57  
 125 A	 11.75  
 126 G	 21.74  
 127 H	 20.31  
 128 T	 27.44  
 129 Q	 24.29  
 130 Q	 47.29  
 131 Q	 31.27  
 132 L	 4.28  
 133 Q	 36.23  
 134 Q	 53.84  
 135 Q	 25.56  
 136 H	 18.96  
 137 H	 21.64  
 138 H	 26.60  
 139 Q	 45.10  
 140 N	 36.95  
 141 Q	 33.92  
 142 Q	 53.23  
 143 Q	 38.79  
 144 R	 26.66  
 145 K	 46.06  
 146 A	 24.63  
 147 T	 48.45  
 148 G	 35.93  
 149 K	 41.55  
 150 S	 40.87  
 151 N	 48.46  
 152 D	 57.06  
 153 I	 2.92  
 154 T	 21.74  
 155 N	 38.17  
 156 Y	 8.94  
 157 Y	 16.04  
 158 K	 30.81  
 159 V	 3.18  
 160 K	 38.24  
 161 R	 61.42  
 162 R	 22.95  
 163 P	 24.67  
 164 H	 36.63  
 165 A	 12.75  
 166 V	 7.24  
 167 S	 30.24  
 168 D	 52.88  
 169 E	 35.37  
 170 I	 8.94  
 171 H	 26.53  
 172 P	 51.72  
 173 K	 43.27  
 174 K	 61.00  
 175 Q	 60.98  
 176 A	 22.27  
 177 K	 42.14  
 178 Q	 49.19  
 179 S	 28.94  
 180 A	 11.16  
 181 H	 20.88  
 182 H	 25.40  
 183 Q	 23.85  
 184 T	 19.47  
 185 V	 3.71  
 186 Y	 18.41  
 187 Q	 27.07  
 188 K	 25.82  
 189 H	 15.90  
 190 T	 34.96  
 191 A	 10.95  
 192 S	 28.34  
 193 S	 41.31  
 194 A	 11.92  
 195 P	 25.13  
 196 Q	 55.44  
 197 Q	 39.13  
 198 L	 4.48  
 199 R	 25.56  
 200 H	 39.82  
 201 S	 19.07  
 202 H	 13.44  
 203 H	 31.24  
 204 Q	 34.47  
 205 L	 4.57  
 206 R	 21.04  
 207 H	 43.11  
 208 D	 39.44  
 209 A	 16.28  
 210 D	 46.78  
 211 A	 22.44  
 212 E	 58.25  
 213 L	 10.54  
 214 D	 41.37  
 215 E	 66.39  
 216 D	 49.80  
 217 V	 4.54  
 218 V	 6.34  
 219 E	 41.09  
 220 R	 23.29  
 221 V	 5.20  
 222 A	 20.52  
 223 K	 37.96  
 224 P	 29.29  
 225 A	 22.31  
 226 S	 30.75  
 227 H	 34.44  
 228 H	 23.70  
 229 P	 18.33  
 230 F	 11.30  
 231 S	 26.34  
 232 L	 7.27  
 233 S	 36.52  
 234 T	 30.34  
 235 P	 26.97  
 236 Q	 43.68  
 237 Q	 41.27  
 238 Q	 28.02  
 239 L	 3.60  
 240 A	 8.05  
 241 A	 17.09  
 242 S	 16.77  
 243 V	 5.26  
 244 A	 10.95  
 245 S	 28.70  
 246 S	 25.22  
 247 S	 26.48  
 248 S	 40.04  
 249 S	 46.81  
 250 G	 39.58  
 251 D	 46.78  
 252 R	 37.75  
 253 N	 48.51  
 254 R	 34.43  
 255 A	 28.16  
 256 D	 33.32  
 257 T	 25.51  
 258 S	 25.75  
 259 L	 5.55  
 260 G	 16.78  
 261 I	 5.53  
 262 L	 5.65  
 263 T	 30.21  
 264 K	 40.54  
 265 K	 45.44  
 266 F	 5.72  
 267 V	 7.52  
 268 D	 44.81  
 269 L	 4.46  
 270 L	 4.61  
 271 Q	 57.32  
 272 E	 65.30  
 273 S	 18.48  
 274 P	 41.44  
 275 D	 72.33  
 276 G	 25.40  
 277 V	 3.84  
 278 V	 9.42  
 279 D	 41.17  
 280 L	 4.16  
 281 N	 38.02  
 282 E	 61.85  
 283 A	 15.84  
 284 S	 19.12  
 285 N	 58.54  
 286 R	 24.55  
 287 L	 5.62  
 288 H	 19.41  
 289 V	 9.45  
 290 Q	 23.84  
 291 K	 42.42  
 292 R	 17.09  
 293 R	 38.56  
 294 I	 4.15  
 295 Y	 10.24  
 296 D	 38.57  
 297 I	 1.37  
 298 T	 19.17  
 299 N	 36.39  
 300 V	 3.74  
 301 L	 5.60  
 302 E	 54.46  
 303 G	 17.68  
 304 I	 1.80  
 305 N	 43.58  
 306 I	 5.06  
 307 L	 7.35  
 308 E	 55.42  
 309 K	 59.92  
 310 K	 58.23  
 311 S	 52.24  
 312 K	 63.99  
 313 N	 58.91  
 314 N	 31.40  
 315 I	 6.09  
 316 Q	 24.55  
 317 W	 8.17  
 318 R	 9.79  
 319 C	 5.47  
 320 G	 17.64  
 321 Q	 31.79  
 322 S	 13.36  
 323 M	 2.30  
 324 V	 6.91  
 325 S	 20.06  
 326 Q	 38.42  
 327 E	 45.15  
 328 R	 31.21  
 329 S	 27.71  
 330 R	 40.81  
 331 H	 24.40  
 332 I	 4.54  
 333 E	 40.06  
 334 A	 15.87  
 335 D	 35.10  
 336 S	 23.57  
 337 L	 8.14  
 338 R	 39.88  
 339 L	 9.39  
 340 E	 43.73  
 341 Q	 61.55  
 342 Q	 46.22  
 343 E	 52.98  
 344 N	 55.51  
 345 E	 53.63  
 346 L	 13.86  
 347 N	 26.07  
 348 K	 60.38  
 349 A	 10.23  
 350 I	 4.45  
 351 D	 38.99  
 352 L	 2.59  
 353 M	 4.47  
 354 R	 36.63  
 355 E	 42.50  
 356 N	 33.90  
 357 L	 3.76  
 358 A	 24.53  
 359 E	 46.47  
 360 I	 4.24  
 361 S	 16.28  
 362 Q	 65.50  
 363 E	 45.04  
 364 V	 7.00  
 365 E	 44.95  
 366 N	 51.64  
 367 S	 24.18  
 368 G	 41.29  
 369 G	 9.43  
 370 M	 2.51  
 371 A	 10.02  
 372 Y	 8.64  
 373 V	 3.01  
 374 T	 14.69  
 375 Q	 31.25  
 376 N	 32.31  
 377 D	 42.59  
 378 L	 5.00  
 379 L	 7.00  
 380 N	 32.33  
 381 V	 7.35  
 382 D	 45.36  
 383 L	 5.11  
 384 F	 7.68  
 385 K	 56.89  
 386 D	 35.78  
 387 Q	 32.22  
 388 I	 3.07  
 389 V	 2.07  
 390 I	 2.57  
 391 V	 2.26  
 392 I	 1.85  
 393 K	 43.90  
 394 A	 17.47  
 395 P	 23.43  
 396 P	 60.06  
 397 E	 58.33  
 398 A	 19.09  
 399 K	 37.15  
 400 L	 6.53  
 401 V	 9.11  
 402 L	 3.82  
 403 P	 38.68  
 404 N	 45.76  
 405 T	 31.83  
 406 K	 64.23  
 407 L	 4.56  
 408 P	 33.15  
 409 R	 54.07  
 410 E	 36.41  
 411 I	 5.17  
 412 Y	 7.37  
 413 V	 6.10  
 414 K	 32.77  
 415 A	 15.91  
 416 E	 46.33  
 417 N	 61.24  
 418 S	 29.34  
 419 G	 51.92  
 420 E	 31.07  
 421 I	 6.42  
 422 N	 17.74  
 423 V	 4.81  
 424 F	 5.35  
 425 L	 1.90  
 426 C	 1.53  
 427 H	 43.46  
 428 D	 48.13  
 429 T	 23.63  
 430 S	 35.95  
 431 P	 47.05  
 432 E	 70.84  
 433 N	 57.37  
 434 S	 18.93  
 435 P	 38.04  
 436 I	 7.88  
 437 A	 10.39  
 438 P	 33.61  
 439 G	 23.70  
 440 A	 12.70  
 441 G	 24.47  
 442 Y	 8.65  
 443 V	 5.29  
 444 G	 19.98  
 445 A	 6.84  
 446 P	 27.52  
 447 G	 33.78  
 448 A	 13.73  
 449 G	 19.17  
 450 C	 1.53  
 451 V	 6.28  
 452 R	 23.79  
 453 T	 17.56  
 454 A	 6.76  
 455 T	 29.98  
 456 S	 14.74  
 457 T	 32.66  
 458 R	 30.66  
 459 L	 5.03  
 460 H	 16.42  
 461 P	 45.53  
 462 L	 4.97  
 463 T	 33.48  
 464 N	 32.43  
 465 Q	 46.10  
 466 R	 37.21  
 467 L	 6.50  
 468 N	 51.55  
 469 D	 45.96  
 470 P	 37.47  
 471 L	 8.82  
 472 F	 8.83  
 473 N	 52.83  
 474 N	 26.61  
 475 I	 3.61  
 476 D	 38.04  
 477 A	 7.05  
 478 M	 4.66  
 479 S	 28.78  
 480 T	 18.95  
 481 K	 46.43  
 482 G	 31.63  
 483 L	 2.83  
 484 F	 11.80  
 485 Q	 46.76  
 486 T	 18.23  
 487 P	 16.26  
 488 Y	 22.16  
 489 R	 25.66  
 490 S	 26.24  
 491 A	 8.72  
 492 R	 45.96  
 493 N	 48.67  
 494 L	 5.93  
 495 S	 28.10  
 496 K	 59.63  
 497 S	 31.68  
 498 I	 6.79  
 499 E	 48.99  
 500 E	 52.86  
 501 A	 13.73  
 502 A	 17.44  
 503 K	 58.49  
 504 Q	 42.44  
 505 S	 47.17  
 506 Q	 32.14  
 507 P	 51.81  
 508 E	 53.94  
 509 Y	 21.86  
 510 N	 29.72  
 511 N	 35.05  
 512 I	 1.67  
 513 C	 3.17  
 514 D	 28.08  
 515 I	 2.17  
 516 A	 5.25  
 517 M	 5.62  
 518 G	 18.04  
 519 Q	 22.91  
 520 H	 13.18  
 521 H	 32.36  
 522 N	 38.26  
 523 L	 5.48  
 524 N	 42.82  
 525 Q	 45.70  
 526 Q	 41.81  
 527 Q	 33.03  
 528 Q	 38.42  
 529 Q	 38.42  
 530 Q	 38.42  
 531 Q	 28.75  
 532 Q	 31.39  
 533 Q	 39.54  
 534 L	 3.97  
 535 L	 3.75  
 536 Q	 66.43  
 537 Q	 47.55  
 538 P	 33.70  
 539 E	 70.49  
 540 E	 67.22  
 541 D	 60.62  
 542 D	 41.62  
 543 V	 15.99  
 544 D	 34.86  
 545 V	 10.15  
 546 E	 37.22  
 547 L	 5.07  
 548 N	 21.45  
 549 Q	 57.36  
 550 L	 4.92  
 551 V	 2.16  
 552 P	 30.22  
 553 T	 38.44  
 554 L	 3.40  
 555 T	 39.70  
 556 N	 30.40  
 557 P	 22.27  
 558 V	 5.02  
 559 V	 6.53  
 560 R	 27.07  
 561 T	 14.39  
 562 H	 18.85  
 563 Q	 36.91  
 564 F	 6.15  
 565 Q	 33.02  
 566 Q	 37.33  
 567 H	 19.91  
 568 Q	 53.17  
 569 Q	 31.42  
 570 P	 27.16  
 571 S	 32.34  
 572 I	 4.73  
 573 Q	 45.75  
 574 E	 50.54  
 575 L	 2.64  
 576 F	 4.60  
 577 S	 36.74  
 578 S	 31.79  
 579 L	 6.28  
 580 T	 35.45  
 581 E	 55.29  
 582 S	 42.80  
 583 S	 28.77  
 584 P	 46.17  
 585 P	 53.62  
 586 T	 47.15  
 587 P	 41.52  
 588 T	 39.39  
 589 K	 45.15  
 590 R	 45.42  
 591 R	 42.20  
 592 R	 41.77  
 593 E	 40.63  
 594 A	 10.69  
 595 A	 7.90  
 596 A	 12.41  
 597 A	 8.48  
 598 A	 6.29  
 599 I	 2.01  
 600 A	 10.88  
 601 A	 16.58  
 602 G	 17.07  
 603 S	 21.56  
 604 S	 28.94  
 605 T	 23.34  
 606 T	 24.77  
 607 A	 11.75  
 608 T	 20.44  
 609 T	 27.16  
 610 T	 21.42  
 611 L	 6.09  
 612 N	 38.85  
 613 S	 30.61  
 614 H	 34.21  
 615 N	 49.31  
 616 N	 40.48  
 617 R	 47.78  
 618 N	 45.09  
 619 H	 27.09  
 620 S	 39.52  
 621 N	 34.75  
 622 H	 32.75  
 623 S	 40.25  
 624 N	 34.75  
 625 H	 32.75  
 626 S	 40.25  
 627 N	 31.35  
 628 H	 31.88  
 629 S	 39.45  
 630 S	 29.54  
 631 S	 42.94  
 632 N	 59.76  
 633 N	 53.41  
 634 S	 37.62  
 635 K	 56.06  
 636 S	 47.98  
 637 Q	 52.29  
 638 P	 34.78  
 639 P	 29.07  
 640 T	 33.45  
 641 I	 5.02  
 642 G	 24.19  
 643 Y	 15.24  
 644 G	 18.66  
 645 S	 18.14  
 646 S	 24.28  
 647 Q	 46.64  
 648 R	 41.86  
 649 R	 29.58  
 650 S	 45.19  
 651 D	 46.88  
 652 V	 2.86  
 653 P	 25.24  
 654 M	 3.64  
 655 Y	 10.87  
 656 N	 10.79  
 657 C	 1.79  
 658 A	 8.74  
 659 M	 5.49  
 660 E	 27.44  
 661 G	 18.35  
 662 A	 6.62  
 663 T	 41.27  
 664 T	 20.44  
 665 T	 16.41  
 666 S	 22.87  
 667 A	 12.52  
 668 T	 25.49  
 669 A	 16.33  
 670 D	 39.99  
 671 T	 18.83  
 672 T	 18.16  
 673 A	 15.72  
 674 A	 12.20  
 675 T	 23.39  
 676 S	 21.36  
 677 R	 26.43  
 678 S	 23.25  
 679 A	 13.11  
 680 A	 14.77  
 681 A	 10.20  
 682 S	 27.19  
 683 S	 20.21  
 684 L	 4.56  
 685 Q	 26.11  
 686 M	 4.25  
 687 Q	 16.33  
 688 F	 3.85  
 689 A	 5.55  
 690 A	 11.44  
 691 V	 5.64  
 692 A	 15.13  
 693 E	 47.61  
 694 S	 26.34  
 695 N	 48.68  
 696 N	 62.09  
 697 G	 32.91  
 698 S	 24.37  
 699 S	 34.11  
 700 S	 43.06  
 701 G	 40.49  
 702 G	 33.26  
 703 G	 34.79  
 704 G	 34.54  
 705 G	 34.54  
 706 G	 29.63  
 707 G	 29.44  
 708 G	 27.23  
 709 Y	 15.80  
 710 G	 18.82  
 711 S	 10.77  
 712 I	 3.39  
 713 A	 11.95  
 714 G	 23.91  
 715 A	 12.61  
 716 G	 20.60  
 717 A	 13.91  
 718 N	 43.91  
 719 A	 31.04  
 720 D	 40.81  
 721 P	 26.13  
 722 H	 41.62  
 723 Q	 43.97  
 724 P	 29.56  
 725 Y	 16.44  
 726 S	 26.12  
 727 H	 32.00  
 728 D	 45.58  
 729 R	 29.25  
 730 N	 54.69  
 731 S	 43.05  
 732 L	 7.29  
 733 P	 24.34  
 734 P	 56.00  
 735 G	 25.88  
 736 V	 5.11  
 737 A	 20.03  
 738 D	 28.55  
 739 C	 3.72  
 740 D	 49.70  
 741 A	 27.90  
 742 N	 28.59  
 743 S	 39.55  
 744 N	 45.80  
 745 S	 24.66  
 746 S	 32.83  
 747 S	 20.95  
 748 V	 7.18  
 749 T	 18.47  
 750 L	 3.40  
 751 Q	 40.83  
 752 G	 28.74  
 753 L	 1.94  
 754 D	 48.31  
 755 A	 21.06  
 756 L	 4.04  
 757 F	 9.17  
 758 N	 40.62  
 759 D	 39.01  
 760 I	 6.29  
 761 G	 19.82  
 762 S	 29.48  
 763 D	 43.19  
 764 Y	 15.59  
 765 F	 7.07  
 766 S	 27.62  
 767 N	 34.51  
 768 D	 32.18  
 769 I	 3.61  
 770 A	 11.14  
 771 F	 4.53  
 772 V	 4.08  
 773 S	 15.36  
 774 I	 8.25  
 775 N	 34.25  
 776 P	 31.84  
 777 P	 58.04  
 778 D	 69.47  
 779 D	 56.53  
 780 N	 59.08  
 781 D	 53.42  
 782 Y	 12.37  
 783 P	 15.70  
 784 Y	 19.93  
 785 A	 6.99  
 786 L	 5.26  
 787 N	 32.33  
 788 A	 19.12  
 789 N	 47.13  
 790 E	 55.93  
 791 G	 27.23  
 792 I	 1.96  
 793 D	 52.68  
 794 R	 35.02  
 795 L	 4.24  
 796 F	 8.34  
 797 D	 52.14  
 798 F	 8.70  
 799 G	 26.85  
 800 S	 21.04  
 801 D	 44.16  
 802 A	 16.93  
 803 Y	 34.61  
 804 G	 24.14  
 805 P	 28.50  
