 1 M	 7.31  
 2 A	 22.22  
 3 T	 30.30  
 4 G	 16.08  
 5 S	 20.84  
 6 A	 18.02  
 7 Q	 41.11  
 8 S	 33.39  
 9 S	 29.15  
 10 F	 9.72  
 11 P	 23.84  
 12 S	 39.17  
 13 H	 41.74  
 14 L	 7.74  
 15 K	 52.72  
 16 K	 54.29  
 17 T	 43.13  
 18 N	 59.87  
 19 G	 26.67  
 20 S	 22.33  
 21 H	 48.79  
 22 G	 23.67  
 23 T	 25.67  
 24 N	 38.03  
 25 G	 21.81  
 26 A	 13.46  
 27 L	 3.69  
 28 V	 5.40  
 29 Q	 50.94  
 30 S	 23.86  
 31 P	 21.87  
 32 S	 53.39  
 33 N	 43.12  
 34 Q	 34.12  
 35 S	 29.70  
 36 A	 10.55  
 37 L	 6.14  
 38 G	 23.15  
 39 A	 17.69  
 40 G	 41.48  
 41 G	 18.57  
 42 T	 38.75  
 43 N	 45.25  
 44 G	 33.72  
 45 N	 46.22  
 46 G	 33.09  
 47 G	 17.57  
 48 V	 3.05  
 49 A	 12.00  
 50 R	 23.47  
 51 V	 3.63  
 52 W	 7.03  
 53 G	 9.05  
 54 V	 2.85  
 55 A	 9.60  
 56 T	 27.08  
 57 S	 20.63  
 58 S	 24.94  
 59 S	 28.35  
 60 S	 39.51  
 61 G	 28.91  
 62 L	 2.96  
 63 A	 12.74  
 64 H	 14.93  
 65 C	 2.68  
 66 S	 17.58  
 67 V	 11.41  
 68 G	 20.33  
 69 G	 28.94  
 70 G	 34.27  
 71 D	 57.74  
 72 G	 30.38  
 73 K	 48.06  
 74 M	 5.71  
 75 D	 45.06  
 76 N	 22.07  
 77 M	 2.93  
 78 I	 5.96  
 79 G	 22.13  
 80 D	 38.11  
 81 G	 26.40  
 82 R	 39.55  
 83 S	 31.13  
 84 Q	 47.98  
 85 N	 25.42  
 86 C	 2.48  
 87 W	 16.97  
 88 G	 22.71  
 89 A	 4.89  
 90 S	 36.53  
 91 N	 38.46  
 92 S	 26.09  
 93 N	 46.57  
 94 A	 21.77  
 95 G	 17.36  
 96 I	 5.01  
 97 N	 23.20  
 98 L	 7.93  
 99 N	 33.03  
 100 L	 14.72  
 101 N	 27.06  
 102 P	 44.47  
 103 N	 51.80  
 104 A	 25.33  
 105 N	 33.12  
 106 P	 22.42  
 107 A	 23.20  
 108 A	 16.62  
 109 W	 5.90  
 110 P	 13.51  
 111 V	 7.53  
 112 L	 5.20  
 113 G	 19.62  
 114 H	 26.59  
 115 E	 55.55  
 116 G	 21.58  
 117 T	 12.18  
 118 V	 7.07  
 119 A	 15.04  
 120 T	 32.91  
 121 G	 34.02  
 122 N	 29.00  
 123 P	 30.69  
 124 S	 36.01  
 125 S	 28.95  
 126 I	 2.94  
 127 C	 3.98  
 128 S	 27.02  
 129 P	 21.48  
 130 V	 3.29  
 131 S	 19.97  
 132 A	 15.34  
 133 I	 4.55  
 134 G	 16.72  
 135 Q	 30.53  
 136 N	 31.41  
 137 M	 4.14  
 138 G	 33.36  
 139 S	 15.09  
 140 Q	 57.00  
 141 N	 54.64  
 142 G	 31.98  
 143 N	 35.32  
 144 P	 27.58  
 145 V	 8.98  
 146 G	 19.15  
 147 A	 11.76  
 148 L	 3.85  
 149 G	 20.81  
 150 A	 16.32  
 151 W	 8.39  
 152 G	 17.86  
 153 N	 27.92  
 154 L	 6.95  
 155 L	 4.82  
 156 P	 38.77  
 157 Q	 58.19  
 158 E	 50.40  
 159 S	 32.46  
 160 A	 31.56  
 161 E	 47.42  
 162 P	 42.33  
 163 Q	 39.32  
 164 T	 44.69  
 165 S	 22.33  
 166 T	 37.41  
 167 S	 21.37  
 168 Q	 55.20  
 169 N	 31.03  
 170 V	 4.79  
 171 S	 21.25  
 172 F	 7.85  
 173 S	 16.61  
 174 V	 10.17  
 175 Q	 32.44  
 176 P	 23.91  
 177 Q	 50.37  
 178 N	 41.77  
 179 L	 6.51  
 180 N	 43.61  
 181 T	 45.56  
 182 D	 70.27  
 183 G	 25.46  
 184 P	 33.44  
 185 N	 73.76  
 186 N	 44.35  
 187 T	 47.54  
 188 N	 35.63  
 189 P	 22.69  
 190 M	 9.13  
 191 N	 40.36  
 192 S	 40.70  
 193 S	 24.56  
 194 P	 50.89  
 195 N	 52.62  
 196 P	 25.29  
 197 I	 6.97  
 198 N	 30.53  
 199 A	 7.68  
 200 M	 4.34  
 201 Q	 29.42  
 202 T	 20.40  
 203 N	 32.86  
 204 G	 45.99  
 205 L	 3.00  
 206 P	 35.61  
 207 N	 53.64  
 208 W	 8.94  
 209 G	 10.79  
 210 M	 1.74  
 211 A	 7.26  
 212 V	 3.94  
 213 G	 10.16  
 214 M	 2.35  
 215 G	 14.01  
 216 A	 6.40  
 217 I	 3.93  
 218 I	 4.27  
 219 P	 12.25  
 220 P	 30.34  
 221 H	 25.98  
 222 L	 5.50  
 223 Q	 48.63  
 224 G	 39.95  
 225 L	 1.97  
 226 P	 46.83  
 227 G	 36.39  
 228 A	 18.44  
 229 N	 57.71  
 230 G	 22.29  
 231 S	 27.63  
 232 S	 27.47  
 233 V	 5.47  
 234 S	 30.67  
 235 Q	 48.17  
 236 G	 26.86  
 237 S	 23.34  
 238 G	 36.81  
 239 S	 45.37  
 240 G	 41.52  
 241 G	 29.95  
 242 E	 49.92  
 243 G	 29.09  
 244 M	 4.02  
 245 G	 27.85  
 246 S	 16.90  
 247 S	 19.03  
 248 V	 5.14  
 249 W	 12.17  
 250 G	 17.70  
 251 L	 3.07  
 252 S	 27.16  
 253 P	 52.18  
 254 G	 49.75  
 255 N	 26.81  
 256 P	 36.79  
 257 A	 28.70  
 258 T	 32.68  
 259 G	 34.28  
 260 S	 16.46  
 261 T	 35.55  
 262 N	 26.13  
 263 C	 6.20  
 264 G	 27.58  
 265 F	 5.55  
 266 S	 23.59  
 267 Q	 47.30  
 268 G	 38.60  
 269 N	 37.21  
 270 G	 38.50  
 271 D	 52.02  
 272 T	 24.00  
 273 V	 6.74  
 274 N	 24.53  
 275 S	 26.67  
 276 A	 10.59  
 277 L	 5.26  
 278 S	 32.89  
 279 A	 20.50  
 280 K	 40.70  
 281 Q	 60.27  
 282 N	 52.16  
 283 G	 26.81  
 284 S	 28.77  
 285 S	 24.58  
 286 S	 33.87  
 287 A	 15.09  
 288 V	 10.11  
 289 Q	 37.49  
 290 K	 62.07  
 291 E	 40.58  
 292 G	 45.15  
 293 N	 57.18  
 294 G	 41.40  
 295 G	 25.36  
 296 N	 38.98  
 297 A	 18.09  
 298 W	 12.33  
 299 D	 41.11  
 300 S	 42.36  
 301 G	 29.72  
 302 P	 21.37  
 303 P	 54.06  
 304 A	 39.69  
 305 G	 27.09  
 306 P	 28.85  
 307 G	 26.99  
 308 I	 2.39  
 309 L	 3.98  
 310 A	 12.54  
 311 W	 8.12  
 312 G	 20.61  
 313 R	 25.96  
 314 G	 26.87  
 315 S	 40.87  
 316 G	 26.48  
 317 T	 31.78  
 318 N	 43.54  
 319 G	 29.08  
 320 I	 4.07  
 321 G	 28.56  
 322 N	 27.21  
 323 I	 2.00  
 324 H	 24.95  
 325 S	 26.81  
 326 G	 15.93  
 327 A	 16.46  
 328 W	 14.78  
 329 G	 23.46  
 330 H	 13.37  
 331 P	 27.74  
 332 S	 38.84  
 333 R	 45.04  
 334 S	 42.32  
 335 S	 27.06  
 336 S	 38.56  
 337 N	 61.45  
 338 G	 19.06  
 339 V	 11.00  
 340 N	 44.03  
 341 G	 29.63  
 342 E	 48.10  
 343 W	 22.85  
 344 G	 28.43  
 345 K	 59.37  
 346 P	 29.18  
 347 P	 57.51  
 348 N	 61.80  
 349 Q	 43.54  
 350 H	 35.97  
 351 S	 23.05  
 352 S	 29.88  
 353 S	 41.81  
 354 D	 40.81  
 355 I	 6.72  
 356 S	 39.17  
 357 G	 38.38  
 358 K	 42.78  
 359 G	 33.68  
 360 S	 27.51  
 361 T	 51.46  
 362 G	 28.08  
 363 W	 9.11  
 364 D	 35.35  
 365 S	 20.02  
 366 A	 10.75  
 367 S	 28.46  
 368 A	 15.73  
 369 A	 10.32  
 370 S	 34.01  
 371 Q	 46.94  
 372 T	 14.18  
 373 P	 24.28  
 374 A	 23.40  
 375 L	 7.13  
 376 Q	 42.27  
 377 P	 49.48  
 378 G	 32.48  
 379 S	 30.89  
 380 E	 53.74  
 381 H	 23.56  
 382 M	 3.59  
 383 N	 35.99  
 384 S	 22.34  
 385 W	 9.22  
 386 A	 7.45  
 387 K	 46.03  
 388 A	 12.64  
 389 T	 23.79  
 390 S	 31.46  
 391 S	 35.49  
 392 G	 27.18  
 393 T	 22.57  
 394 T	 31.54  
 395 A	 12.86  
 396 S	 40.16  
 397 E	 61.71  
 398 G	 29.92  
 399 S	 22.62  
 400 S	 57.77  
 401 D	 57.90  
 402 G	 39.13  
 403 S	 41.22  
 404 G	 44.97  
 405 N	 36.19  
 406 H	 36.92  
 407 N	 60.36  
 408 E	 47.15  
 409 G	 35.51  
 410 S	 22.85  
 411 T	 51.63  
 412 G	 27.60  
 413 R	 38.98  
 414 E	 63.55  
 415 G	 37.34  
 416 T	 27.57  
 417 G	 46.33  
 418 E	 49.73  
 419 G	 29.73  
 420 R	 26.59  
 421 R	 63.10  
 422 R	 48.94  
 423 D	 50.69  
 424 K	 49.46  
 425 G	 29.52  
 426 V	 7.02  
 427 L	 5.77  
 428 D	 50.43  
 429 Q	 41.00  
 430 G	 21.38  
 431 H	 10.05  
 432 I	 6.02  
 433 Q	 39.48  
 434 L	 4.21  
 435 P	 19.36  
 436 R	 58.86  
 437 N	 52.86  
 438 D	 54.45  
 439 L	 12.79  
 440 D	 31.64  
 441 P	 35.26  
 442 R	 41.49  
 443 V	 9.28  
 444 L	 4.18  
 445 S	 26.54  
 446 N	 40.14  
 447 S	 32.33  
 448 G	 36.46  
 449 W	 8.78  
 450 G	 25.63  
 451 Q	 35.80  
 452 T	 26.55  
 453 P	 24.34  
 454 V	 12.99  
 455 K	 38.75  
 456 Q	 53.38  
 457 N	 26.50  
 458 T	 30.56  
 459 A	 16.02  
 460 W	 14.58  
 461 E	 40.49  
 462 F	 9.83  
 463 E	 46.15  
 464 E	 71.95  
 465 S	 20.58  
 466 P	 47.28  
 467 R	 61.50  
 468 S	 45.17  
 469 E	 69.79  
 470 R	 44.30  
 471 K	 65.68  
 472 N	 54.95  
 473 D	 58.95  
 474 N	 69.54  
 475 G	 28.00  
 476 T	 28.87  
 477 E	 43.77  
 478 A	 18.77  
 479 W	 8.54  
 480 G	 19.07  
 481 S	 9.80  
 482 I	 4.19  
 483 A	 11.24  
 484 T	 39.07  
 485 Q	 30.33  
 486 P	 30.99  
 487 S	 33.53  
 488 N	 51.89  
 489 S	 53.94  
 490 G	 45.96  
 491 G	 29.52  
 492 K	 47.14  
 493 T	 49.20  
 494 D	 52.94  
 495 G	 25.05  
 496 S	 22.83  
 497 I	 3.56  
 498 M	 3.29  
 499 N	 43.97  
 500 S	 12.98  
 501 T	 37.20  
 502 N	 37.47  
 503 T	 23.59  
 504 S	 30.71  
 505 S	 20.47  
 506 V	 6.51  
 507 S	 28.96  
 508 G	 27.01  
 509 W	 4.55  
 510 V	 4.66  
 511 S	 30.53  
 512 S	 25.86  
 513 P	 18.29  
 514 P	 34.50  
 515 A	 25.19  
 516 A	 17.38  
 517 V	 5.10  
 518 P	 18.31  
 519 A	 25.90  
 520 N	 28.68  
 521 T	 28.15  
 522 S	 28.95  
 523 W	 16.75  
 524 G	 28.39  
 525 D	 41.77  
 526 S	 38.06  
 527 N	 59.78  
 528 N	 45.90  
 529 K	 66.96  
 530 A	 12.96  
 531 P	 41.23  
 532 S	 63.58  
 533 G	 23.17  
 534 P	 38.20  
 535 G	 31.19  
 536 V	 6.09  
 537 W	 15.70  
 538 G	 19.17  
 539 D	 27.38  
 540 S	 22.04  
 541 I	 4.48  
 542 S	 26.11  
 543 S	 20.79  
 544 T	 28.03  
 545 A	 12.18  
 546 V	 6.02  
 547 N	 29.93  
 548 N	 25.10  
 549 A	 8.02  
 550 A	 20.14  
 551 A	 17.10  
 552 T	 22.48  
 553 K	 50.11  
 554 S	 31.30  
 555 G	 18.98  
 556 H	 30.99  
 557 A	 12.98  
 558 W	 7.51  
 559 S	 25.93  
 560 G	 23.99  
 561 T	 15.69  
 562 V	 8.75  
 563 N	 39.09  
 564 Q	 56.80  
 565 E	 63.30  
 566 D	 47.14  
 567 K	 58.54  
 568 S	 39.62  
 569 P	 37.60  
 570 T	 53.87  
 571 W	 16.73  
 572 G	 38.90  
 573 E	 35.80  
 574 P	 43.48  
 575 Q	 71.08  
 576 K	 66.19  
 577 P	 35.96  
 578 K	 72.25  
 579 S	 36.95  
 580 Q	 56.68  
 581 N	 52.36  
 582 W	 9.90  
 583 G	 36.40  
 584 D	 41.49  
 585 G	 18.22  
 586 Q	 46.16  
 587 R	 41.69  
 588 A	 20.62  
 589 N	 29.07  
 590 P	 33.84  
 591 A	 16.80  
 592 W	 9.55  
 593 S	 21.04  
 594 T	 21.98  
 595 G	 23.26  
 596 A	 16.92  
 597 G	 32.13  
 598 D	 36.53  
 599 W	 10.89  
 600 A	 16.14  
 601 D	 44.81  
 602 S	 19.43  
 603 S	 25.64  
 604 S	 25.88  
 605 V	 8.85  
 606 L	 3.75  
 607 G	 16.30  
 608 H	 23.60  
 609 L	 6.75  
 610 G	 35.63  
 611 D	 72.58  
 612 G	 40.83  
 613 K	 48.05  
 614 K	 72.56  
 615 N	 54.04  
 616 G	 36.09  
 617 S	 46.21  
 618 G	 27.90  
 619 W	 10.18  
 620 D	 38.00  
 621 A	 21.80  
 622 D	 53.05  
 623 G	 32.92  
 624 N	 35.18  
 625 R	 48.18  
 626 S	 41.11  
 627 G	 27.26  
 628 S	 41.71  
 629 G	 30.63  
 630 W	 10.96  
 631 N	 32.34  
 632 D	 42.69  
 633 A	 8.17  
 634 T	 29.38  
 635 R	 20.70  
 636 C	 6.39  
 637 G	 21.45  
 638 T	 27.91  
 639 S	 20.17  
 640 G	 32.38  
 641 W	 9.50  
 642 G	 21.52  
 643 S	 35.62  
 644 G	 21.03  
 645 T	 33.43  
 646 N	 41.09  
 647 A	 19.60  
 648 K	 44.61  
 649 V	 10.97  
 650 N	 28.69  
 651 P	 54.71  
 652 G	 26.86  
 653 T	 29.11  
 654 N	 51.15  
 655 W	 16.27  
 656 G	 19.38  
 657 E	 44.50  
 658 S	 37.44  
 659 L	 7.26  
 660 K	 58.15  
 661 P	 66.06  
 662 G	 30.94  
 663 P	 40.90  
 664 Q	 55.97  
 665 Q	 51.03  
 666 N	 32.43  
 667 W	 8.73  
 668 A	 14.36  
 669 H	 33.66  
 670 K	 36.31  
 671 P	 36.57  
 672 Q	 71.51  
 673 D	 58.14  
 674 N	 45.62  
 675 N	 47.05  
 676 V	 6.16  
 677 S	 29.05  
 678 N	 36.81  
 679 W	 10.09  
 680 G	 21.80  
 681 G	 15.02  
 682 A	 7.82  
 683 A	 20.38  
 684 S	 29.34  
 685 V	 4.58  
 686 K	 39.38  
 687 Q	 42.90  
 688 T	 30.87  
 689 G	 21.53  
 690 T	 32.50  
 691 G	 18.49  
 692 W	 5.96  
 693 I	 4.90  
 694 G	 25.75  
 695 G	 16.07  
 696 P	 28.42  
 697 L	 9.59  
 698 P	 34.10  
 699 V	 15.71  
 700 K	 50.09  
 701 Q	 55.83  
 702 K	 54.59  
 703 D	 55.70  
 704 S	 36.79  
 705 S	 41.19  
 706 E	 54.95  
 707 A	 17.23  
 708 T	 38.48  
 709 G	 36.52  
 710 W	 11.48  
 711 E	 62.47  
 712 E	 44.57  
 713 P	 40.39  
 714 S	 53.36  
 715 P	 37.06  
 716 P	 46.88  
 717 S	 31.92  
 718 I	 6.44  
 719 R	 36.18  
 720 R	 40.79  
 721 K	 30.91  
 722 M	 5.31  
 723 E	 46.42  
 724 I	 5.39  
 725 D	 34.67  
 726 D	 68.85  
 727 G	 20.16  
 728 T	 23.43  
 729 S	 27.79  
 730 A	 17.70  
 731 W	 16.10  
 732 G	 36.35  
 733 D	 24.23  
 734 P	 25.32  
 735 S	 48.54  
 736 T	 35.34  
 737 Y	 22.52  
 738 N	 43.54  
 739 N	 30.84  
 740 K	 50.65  
 741 T	 21.16  
 742 V	 5.02  
 743 N	 30.93  
 744 M	 3.24  
 745 W	 9.01  
 746 D	 32.43  
 747 R	 29.34  
 748 N	 55.47  
 749 N	 32.86  
 750 P	 28.30  
 751 V	 7.27  
 752 I	 3.29  
 753 Q	 31.40  
 754 S	 20.66  
 755 S	 17.25  
 756 T	 32.02  
 757 T	 32.37  
 758 A	 7.57  
 759 P	 34.28  
 760 A	 24.61  
 761 T	 21.80  
 762 P	 36.06  
 763 T	 40.84  
 764 T	 26.27  
 765 P	 32.53  
 766 T	 38.87  
 767 S	 24.40  
 768 S	 33.89  
 769 S	 36.77  
 770 T	 28.68  
 771 T	 16.00  
 772 H	 27.35  
 773 R	 31.84  
 774 A	 19.87  
 775 E	 62.90  
 776 T	 39.24  
 777 P	 21.65  
 778 P	 52.44  
 779 S	 29.45  
 780 H	 27.55  
 781 Q	 45.91  
 782 A	 19.99  
 783 G	 13.87  
 784 T	 32.66  
 785 Q	 35.50  
 786 L	 6.05  
 787 N	 32.35  
 788 R	 48.52  
 789 S	 20.87  
 790 P	 28.50  
 791 L	 10.21  
 792 L	 9.17  
 793 G	 28.39  
 794 P	 23.84  
 795 V	 7.25  
 796 S	 26.68  
 797 S	 38.51  
 798 G	 28.97  
 799 W	 11.08  
 800 G	 25.50  
 801 E	 41.22  
 802 M	 2.36  
 803 P	 28.97  
 804 S	 31.02  
 805 V	 4.94  
 806 H	 28.11  
 807 S	 31.26  
 808 K	 44.86  
 809 A	 24.98  
 810 E	 56.38  
 811 N	 48.17  
 812 S	 28.15  
 813 W	 27.10  
 814 G	 36.44  
 815 E	 35.43  
 816 P	 35.85  
 817 S	 42.48  
 818 S	 34.41  
 819 P	 21.32  
 820 C	 5.06  
 821 T	 32.95  
 822 L	 6.08  
 823 V	 2.64  
 824 D	 51.45  
 825 N	 42.08  
 826 G	 16.56  
 827 T	 21.32  
 828 A	 11.56  
 829 A	 18.52  
 830 W	 16.93  
 831 G	 28.06  
 832 K	 42.95  
 833 P	 30.02  
 834 P	 44.61  
 835 S	 56.72  
 836 S	 42.63  
 837 G	 34.22  
 838 S	 38.36  
 839 G	 37.04  
 840 W	 11.48  
 841 D	 41.22  
 842 H	 19.57  
 843 P	 35.53  
 844 A	 30.24  
 845 E	 42.98  
 846 P	 34.22  
 847 V	 6.85  
 848 V	 4.81  
 849 P	 26.63  
 850 F	 7.55  
 851 G	 20.41  
 852 R	 26.25  
 853 A	 15.49  
 854 S	 33.16  
 855 A	 9.21  
 856 P	 21.67  
 857 A	 18.90  
 858 A	 16.96  
 859 A	 7.63  
 860 P	 22.49  
 861 A	 22.36  
 862 L	 3.62  
 863 C	 5.57  
 864 K	 44.46  
 865 P	 40.55  
 866 A	 18.32  
 867 S	 33.52  
 868 K	 52.64  
 869 S	 24.17  
 870 M	 4.90  
 871 Q	 53.82  
 872 E	 48.55  
 873 G	 19.70  
 874 W	 9.31  
 875 G	 27.36  
 876 S	 25.05  
 877 G	 32.86  
 878 A	 15.99  
 879 D	 60.24  
 880 E	 29.45  
 881 M	 5.30  
 882 N	 33.02  
 883 L	 8.37  
 884 G	 20.51  
 885 T	 22.40  
 886 S	 31.34  
 887 Q	 47.63  
 888 W	 18.12  
 889 E	 43.83  
 890 D	 57.22  
 891 E	 52.99  
 892 D	 71.38  
 893 G	 25.32  
 894 D	 51.77  
 895 M	 5.15  
 896 W	 10.32  
 897 N	 22.94  
 898 N	 22.75  
 899 A	 12.79  
 900 A	 17.55  
 901 S	 31.88  
 902 Q	 50.27  
 903 E	 50.52  
 904 S	 28.08  
 905 S	 26.05  
 906 S	 44.64  
 907 S	 21.70  
 908 C	 3.95  
 909 S	 30.95  
 910 S	 43.24  
 911 W	 6.43  
 912 G	 29.50  
 913 N	 34.62  
 914 T	 37.68  
 915 S	 36.05  
 916 K	 49.15  
 917 K	 65.70  
 918 G	 36.76  
 919 L	 6.98  
 920 Q	 49.26  
 921 K	 67.05  
 922 G	 15.17  
 923 M	 5.87  
 924 K	 61.30  
 925 T	 28.51  
 926 P	 42.33  
 927 G	 45.55  
 928 K	 56.64  
 929 Q	 60.74  
 930 D	 51.58  
 931 E	 43.33  
 932 A	 14.91  
 933 W	 5.69  
 934 I	 2.01  
 935 M	 1.01  
 936 S	 18.14  
 937 R	 24.05  
 938 L	 4.50  
 939 I	 2.31  
 940 K	 43.79  
 941 Q	 42.47  
 942 L	 3.58  
 943 T	 22.80  
 944 D	 43.74  
 945 M	 5.13  
 946 G	 32.01  
 947 F	 4.07  
 948 P	 33.71  
 949 R	 61.34  
 950 E	 49.45  
 951 P	 46.37  
 952 A	 23.62  
 953 E	 55.29  
 954 E	 62.50  
 955 A	 16.28  
 956 L	 7.66  
 957 K	 55.42  
 958 S	 34.68  
 959 N	 43.63  
 960 S	 19.01  
 961 M	 7.26  
 962 N	 40.04  
 963 L	 3.75  
 964 D	 29.23  
 965 Q	 41.97  
 966 A	 8.12  
 967 M	 1.68  
 968 S	 20.84  
 969 A	 11.77  
 970 L	 5.07  
 971 L	 10.17  
 972 E	 52.24  
 973 K	 59.05  
 974 K	 33.81  
 975 V	 12.49  
 976 D	 48.74  
 977 M	 7.98  
 978 D	 32.79  
 979 K	 41.55  
 980 R	 41.11  
 981 G	 32.12  
 982 L	 5.00  
 983 G	 21.55  
 984 M	 2.87  
 985 T	 33.27  
 986 D	 26.47  
 987 Y	 12.40  
 988 N	 34.59  
 989 G	 13.00  
 990 M	 2.85  
 991 V	 7.06  
 992 T	 20.32  
 993 K	 27.17  
 994 P	 25.31  
 995 L	 12.32  
 996 G	 17.57  
 997 C	 8.54  
 998 R	 37.93  
 999 P	 34.35  
 1000 P	 24.92  
 1001 I	 11.57  
 1002 S	 35.82  
 1003 K	 63.44  
 1004 E	 41.05  
 1005 S	 34.40  
 1006 S	 26.29  
 1007 M	 7.64  
 1008 D	 56.19  
 1009 R	 24.42  
 1010 P	 24.20  
 1011 T	 37.41  
 1012 F	 10.34  
 1013 L	 6.63  
 1014 D	 39.46  
 1015 K	 45.58  
 1016 L	 6.10  
 1017 T	 26.54  
 1018 L	 7.63  
 1019 S	 22.76  
 1020 F	 10.01  
 1021 S	 30.15  
 1022 N	 41.79  
 1023 Q	 49.91  
 1024 D	 58.33  
 1025 G	 22.90  
 1026 G	 34.53  
 1027 L	 5.54  
 1028 V	 9.90  
 1029 E	 64.40  
 1030 E	 40.23  
 1031 P	 27.72  
 1032 T	 43.09  
 1033 T	 45.15  
 1034 S	 19.01  
 1035 P	 32.47  
 1036 F	 18.36  
 1037 L	 4.69  
 1038 P	 44.57  
 1039 S	 29.30  
 1040 P	 41.56  
 1041 S	 42.34  
 1042 L	 8.19  
 1043 K	 53.01  
 1044 L	 6.64  
 1045 P	 31.96  
 1046 L	 12.56  
 1047 S	 27.14  
 1048 N	 38.70  
 1049 S	 28.01  
 1050 A	 27.95  
 1051 L	 4.15  
 1052 P	 24.90  
 1053 S	 29.00  
 1054 Q	 38.37  
 1055 A	 16.71  
 1056 L	 4.81  
 1057 G	 31.38  
 1058 G	 16.81  
 1059 V	 3.48  
 1060 A	 10.93  
 1061 S	 31.95  
 1062 G	 19.26  
 1063 L	 4.84  
 1064 G	 21.10  
 1065 M	 2.61  
 1066 Q	 49.84  
 1067 N	 32.09  
 1068 L	 3.56  
 1069 N	 45.55  
 1070 S	 30.02  
 1071 S	 27.42  
 1072 R	 37.96  
 1073 Q	 54.62  
 1074 I	 2.59  
 1075 P	 28.04  
 1076 S	 41.78  
 1077 G	 28.20  
 1078 N	 37.65  
 1079 L	 7.64  
 1080 G	 19.39  
 1081 V	 6.64  
 1082 F	 7.91  
 1083 G	 25.61  
 1084 N	 26.30  
 1085 S	 30.13  
 1086 G	 29.00  
 1087 A	 9.02  
 1088 A	 13.69  
 1089 Q	 30.73  
 1090 A	 12.27  
 1091 R	 20.74  
 1092 T	 23.50  
 1093 M	 2.65  
 1094 Q	 52.60  
 1095 Q	 33.18  
 1096 P	 17.71  
 1097 P	 32.79  
 1098 V	 13.41  
 1099 Q	 42.40  
 1100 P	 33.47  
 1101 L	 5.62  
 1102 N	 46.42  
 1103 S	 37.72  
 1104 S	 45.07  
 1105 Q	 31.27  
 1106 P	 36.96  
 1107 S	 23.89  
 1108 L	 7.19  
 1109 R	 27.58  
 1110 A	 21.73  
 1111 Q	 40.78  
 1112 V	 3.82  
 1113 P	 13.71  
 1114 Q	 53.72  
 1115 F	 6.29  
 1116 L	 6.51  
 1117 S	 17.99  
 1118 P	 40.27  
 1119 Q	 36.26  
 1120 V	 6.05  
 1121 Q	 20.38  
 1122 A	 11.79  
 1123 Q	 26.14  
 1124 L	 4.56  
 1125 L	 2.33  
 1126 Q	 34.23  
 1127 F	 7.82  
 1128 A	 12.45  
 1129 A	 13.50  
 1130 K	 45.74  
 1131 N	 28.91  
 1132 I	 6.06  
 1133 G	 29.51  
 1134 L	 4.99  
 1135 S	 11.69  
 1136 P	 31.78  
 1137 A	 16.30  
 1138 L	 6.43  
 1139 L	 4.91  
 1140 T	 33.05  
 1141 S	 24.61  
 1142 P	 25.74  
 1143 I	 13.56  
 1144 N	 33.30  
 1145 P	 26.61  
 1146 Q	 34.20  
 1147 H	 18.22  
 1148 M	 1.66  
 1149 T	 19.17  
 1150 M	 2.28  
 1151 L	 2.44  
 1152 N	 20.99  
 1153 Q	 37.27  
 1154 L	 2.61  
 1155 Y	 9.45  
 1156 Q	 31.18  
 1157 L	 2.59  
 1158 Q	 14.44  
 1159 L	 6.96  
 1160 A	 5.85  
 1161 Y	 11.62  
 1162 Q	 33.72  
 1163 R	 18.84  
 1164 L	 2.87  
 1165 Q	 33.36  
 1166 I	 4.77  
 1167 Q	 17.94  
 1168 Q	 32.07  
 1169 Q	 20.41  
 1170 M	 2.32  
 1171 L	 3.12  
 1172 Q	 30.06  
 1173 A	 13.31  
 1174 Q	 25.23  
 1175 R	 48.83  
 1176 N	 21.89  
 1177 V	 8.35  
 1178 S	 40.50  
 1179 G	 18.75  
 1180 P	 13.79  
 1181 M	 7.43  
 1182 R	 37.86  
 1183 Q	 44.93  
 1184 Q	 39.85  
 1185 E	 34.34  
 1186 Q	 38.42  
 1187 Q	 30.04  
 1188 V	 3.78  
 1189 A	 9.88  
 1190 R	 28.01  
 1191 T	 23.55  
 1192 I	 1.68  
 1193 T	 29.30  
 1194 N	 31.81  
 1195 L	 3.49  
 1196 Q	 34.89  
 1197 Q	 45.57  
 1198 Q	 23.61  
 1199 I	 3.56  
 1200 Q	 30.30  
 1201 Q	 35.99  
 1202 H	 14.39  
 1203 Q	 30.40  
 1204 R	 31.21  
 1205 Q	 34.28  
 1206 L	 4.09  
 1207 A	 5.58  
 1208 Q	 40.93  
 1209 A	 9.39  
 1210 L	 3.62  
 1211 L	 5.18  
 1212 V	 5.87  
 1213 K	 57.99  
 1214 Q	 48.53  
 1215 P	 37.33  
 1216 P	 52.08  
 1217 P	 61.79  
 1218 P	 60.86  
 1219 P	 60.86  
 1220 P	 61.91  
 1221 P	 34.41  
 1222 P	 46.99  
 1223 H	 33.55  
 1224 L	 7.80  
 1225 S	 22.92  
 1226 L	 9.66  
 1227 H	 15.76  
 1228 P	 31.03  
 1229 S	 38.62  
 1230 A	 33.61  
 1231 G	 29.06  
 1232 K	 43.48  
 1233 S	 42.32  
 1234 G	 27.62  
 1235 M	 5.14  
 1236 E	 53.40  
 1237 S	 33.87  
 1238 F	 7.21  
 1239 P	 50.17  
 1240 P	 51.71  
 1241 P	 33.60  
 1242 P	 49.06  
 1243 Q	 67.00  
 1244 A	 13.10  
 1245 P	 39.34  
 1246 G	 53.51  
 1247 L	 2.65  
 1248 P	 46.29  
 1249 D	 57.35  
 1250 L	 7.04  
 1251 Q	 58.88  
 1252 T	 43.79  
 1253 K	 40.33  
 1254 E	 58.18  
 1255 Q	 50.43  
 1256 Q	 47.14  
 1257 S	 47.67  
 1258 S	 20.17  
 1259 P	 49.48  
 1260 N	 50.18  
 1261 T	 25.26  
 1262 F	 9.06  
 1263 A	 10.73  
 1264 P	 27.38  
 1265 Y	 13.88  
 1266 P	 18.06  
 1267 L	 4.94  
 1268 A	 18.87  
 1269 G	 33.40  
 1270 L	 8.84  
 1271 N	 25.61  
 1272 P	 46.63  
 1273 N	 33.32  
 1274 M	 6.63  
 1275 N	 36.14  
 1276 V	 4.07  
 1277 N	 28.39  
 1278 S	 18.71  
 1279 I	 4.32  
 1280 D	 30.63  
 1281 M	 3.07  
 1282 S	 19.94  
 1283 S	 36.80  
 1284 G	 18.05  
 1285 L	 6.01  
 1286 S	 30.55  
 1287 V	 11.09  
 1288 K	 61.62  
 1289 D	 46.02  
 1290 P	 28.66  
 1291 S	 53.23  
 1292 Q	 51.37  
 1293 S	 34.17  
 1294 Q	 25.57  
 1295 S	 40.82  
 1296 R	 42.63  
 1297 L	 4.47  
 1298 P	 26.93  
 1299 Q	 63.39  
 1300 W	 8.50  
 1301 T	 23.39  
 1302 H	 19.31  
 1303 P	 27.50  
 1304 N	 36.70  
 1305 S	 32.30  
 1306 M	 5.39  
 1307 G	 31.57  
 1308 N	 28.27  
 1309 L	 3.38  
 1310 S	 23.18  
 1311 S	 30.90  
 1312 A	 14.48  
 1313 A	 17.40  
 1314 S	 26.22  
 1315 P	 34.92  
 1316 L	 11.09  
 1317 D	 49.98  
 1318 Q	 71.99  
 1319 N	 42.34  
 1320 P	 38.84  
 1321 S	 44.85  
 1322 K	 47.52  
 1323 H	 34.94  
 1324 G	 29.01  
 1325 A	 12.43  
 1326 I	 3.74  
 1327 P	 30.20  
 1328 G	 43.49  
 1329 G	 15.76  
 1330 L	 4.12  
 1331 S	 28.86  
 1332 I	 13.28  
 1333 G	 20.97  
 1334 P	 32.57  
 1335 P	 58.60  
 1336 G	 45.68  
 1337 K	 46.97  
 1338 S	 38.14  
 1339 S	 33.26  
 1340 I	 9.84  
 1341 D	 40.53  
 1342 D	 41.93  
 1343 S	 26.24  
 1344 Y	 16.77  
 1345 G	 26.14  
 1346 R	 17.35  
 1347 Y	 15.67  
 1348 D	 35.61  
 1349 L	 3.00  
 1350 I	 3.13  
 1351 Q	 55.48  
 1352 N	 40.53  
 1353 S	 24.07  
 1354 E	 69.19  
 1355 S	 26.11  
 1356 P	 32.48  
 1357 A	 43.90  
 1358 S	 32.87  
 1359 P	 29.50  
 1360 P	 24.97  
 1361 V	 10.74  
 1362 A	 18.20  
 1363 V	 4.45  
 1364 P	 13.17  
 1365 H	 34.99  
 1366 S	 22.22  
 1367 W	 6.71  
 1368 S	 25.94  
 1369 R	 39.51  
 1370 A	 15.36  
 1371 K	 54.40  
 1372 S	 41.17  
 1373 D	 61.21  
 1374 S	 48.14  
 1375 D	 58.25  
 1376 K	 52.57  
 1377 I	 4.67  
 1378 S	 40.66  
 1379 N	 58.81  
 1380 G	 18.91  
 1381 S	 28.84  
 1382 S	 23.26  
 1383 I	 5.52  
 1384 S	 35.16  
 1385 W	 15.70  
 1386 P	 16.26  
 1387 P	 51.10  
 1388 E	 53.13  
 1389 F	 11.83  
 1390 H	 19.28  
 1391 P	 51.28  
 1392 G	 29.56  
 1393 V	 6.35  
 1394 P	 32.73  
 1395 W	 12.63  
 1396 K	 43.61  
 1397 G	 28.73  
 1398 L	 2.90  
 1399 Q	 54.20  
 1400 N	 45.75  
 1401 I	 6.36  
 1402 D	 52.60  
 1403 P	 38.19  
 1404 E	 71.20  
 1405 N	 72.07  
 1406 D	 38.83  
 1407 P	 49.94  
 1408 D	 60.84  
 1409 V	 9.41  
 1410 T	 29.34  
 1411 P	 32.67  
 1412 G	 31.73  
 1413 S	 26.57  
 1414 V	 6.44  
 1415 P	 33.08  
 1416 T	 54.35  
 1417 G	 15.98  
 1418 P	 32.36  
 1419 T	 28.36  
 1420 I	 4.92  
 1421 N	 33.38  
 1422 T	 22.79  
 1423 T	 16.50  
 1424 I	 2.87  
 1425 Q	 46.65  
 1426 D	 35.49  
 1427 V	 2.23  
 1428 N	 34.86  
 1429 R	 24.27  
 1430 Y	 15.93  
 1431 L	 4.36  
 1432 L	 2.84  
 1433 K	 44.45  
 1434 S	 53.39  
 1435 G	 35.35  
 1436 G	 34.52  
 1437 K	 48.63  
 1438 L	 6.68  
 1439 S	 40.55  
 1440 D	 63.87  
 1441 I	 3.22  
 1442 K	 46.99  
 1443 S	 35.13  
 1444 T	 25.10  
 1445 W	 9.52  
 1446 S	 26.04  
 1447 S	 40.12  
 1448 G	 19.10  
 1449 P	 32.32  
 1450 A	 19.92  
 1451 S	 30.15  
 1452 H	 24.89  
 1453 T	 24.28  
 1454 Q	 24.43  
 1455 A	 17.37  
 1456 S	 22.16  
 1457 L	 7.31  
 1458 S	 16.66  
 1459 H	 39.19  
 1460 E	 53.61  
 1461 L	 4.49  
 1462 W	 9.16  
 1463 K	 55.79  
 1464 V	 3.49  
 1465 P	 21.78  
 1466 R	 56.99  
 1467 N	 35.39  
 1468 T	 26.14  
 1469 T	 33.90  
 1470 A	 11.05  
 1471 P	 27.18  
 1472 T	 54.03  
 1473 R	 40.44  
 1474 P	 41.75  
 1475 P	 32.09  
 1476 P	 53.78  
 1477 G	 43.10  
 1478 L	 5.26  
 1479 A	 35.87  
 1480 N	 50.61  
 1481 P	 44.31  
 1482 K	 58.29  
 1483 P	 34.47  
 1484 S	 46.67  
 1485 S	 36.38  
 1486 T	 32.05  
 1487 W	 15.26  
 1488 G	 19.19  
 1489 T	 20.80  
 1490 S	 17.75  
 1491 P	 34.43  
 1492 L	 10.03  
 1493 G	 29.06  
 1494 W	 10.78  
 1495 T	 13.14  
 1496 S	 22.29  
 1497 S	 22.97  
 1498 Y	 13.46  
 1499 S	 30.12  
 1500 S	 28.65  
 1501 G	 18.55  
 1502 S	 28.63  
 1503 A	 14.04  
 1504 W	 11.94  
 1505 S	 19.00  
 1506 T	 32.37  
 1507 D	 33.10  
 1508 T	 32.92  
 1509 S	 29.14  
 1510 G	 38.69  
 1511 R	 31.07  
 1512 T	 30.55  
 1513 S	 20.39  
 1514 S	 24.66  
 1515 W	 7.11  
 1516 L	 2.55  
 1517 V	 3.72  
 1518 L	 2.55  
 1519 R	 28.74  
 1520 N	 44.07  
 1521 L	 6.29  
 1522 T	 19.39  
 1523 P	 32.09  
 1524 Q	 40.96  
 1525 I	 7.34  
 1526 D	 39.48  
 1527 G	 24.94  
 1528 S	 22.11  
 1529 T	 26.28  
 1530 L	 4.16  
 1531 R	 26.24  
 1532 T	 25.57  
 1533 L	 1.91  
 1534 C	 3.21  
 1535 L	 4.78  
 1536 Q	 38.20  
 1537 H	 27.22  
 1538 G	 13.02  
 1539 P	 20.61  
 1540 L	 7.34  
 1541 I	 4.32  
 1542 T	 16.82  
 1543 F	 4.97  
 1544 H	 12.73  
 1545 L	 4.99  
 1546 N	 32.26  
 1547 L	 4.81  
 1548 T	 33.10  
 1549 Q	 46.43  
 1550 G	 20.87  
 1551 N	 21.53  
 1552 A	 14.17  
 1553 V	 2.67  
 1554 V	 4.40  
 1555 R	 21.01  
 1556 Y	 12.99  
 1557 S	 25.11  
 1558 S	 34.84  
 1559 K	 54.34  
 1560 E	 55.61  
 1561 E	 58.63  
 1562 A	 18.49  
 1563 A	 15.82  
 1564 K	 59.40  
 1565 A	 19.80  
 1566 Q	 34.85  
 1567 K	 60.90  
 1568 S	 16.07  
 1569 L	 3.72  
 1570 H	 18.06  
 1571 M	 1.73  
 1572 C	 1.27  
 1573 V	 6.27  
 1574 L	 3.59  
 1575 G	 14.72  
 1576 N	 29.86  
 1577 T	 17.26  
 1578 T	 20.28  
 1579 I	 3.02  
 1580 L	 3.34  
 1581 A	 13.15  
 1582 E	 32.36  
 1583 F	 9.83  
 1584 A	 18.92  
 1585 G	 48.44  
 1586 E	 47.78  
 1587 E	 67.34  
 1588 E	 40.57  
 1589 V	 7.63  
 1590 N	 32.06  
 1591 R	 32.88  
 1592 F	 5.82  
 1593 L	 2.92  
 1594 A	 14.56  
 1595 Q	 46.83  
 1596 G	 14.77  
 1597 Q	 27.87  
 1598 A	 28.94  
 1599 L	 3.92  
 1600 P	 32.89  
 1601 P	 45.84  
 1602 T	 33.19  
 1603 S	 35.04  
 1604 S	 31.45  
 1605 W	 11.22  
 1606 Q	 35.07  
 1607 S	 21.88  
 1608 S	 20.22  
 1609 S	 53.04  
 1610 G	 41.54  
 1611 G	 25.67  
 1612 S	 40.30  
 1613 Q	 30.33  
 1614 P	 34.85  
 1615 R	 37.81  
 1616 L	 12.81  
 1617 G	 21.08  
 1618 T	 34.21  
 1619 S	 29.02  
 1620 G	 36.08  
 1621 S	 19.59  
 1622 T	 24.40  
 1623 H	 29.32  
 1624 G	 26.42  
 1625 L	 1.94  
 1626 V	 6.97  
 1627 R	 33.58  
 1628 S	 31.65  
 1629 D	 37.03  
 1630 T	 22.97  
 1631 A	 15.64  
 1632 H	 22.02  
 1633 W	 14.13  
 1634 N	 25.03  
 1635 T	 15.36  
 1636 P	 17.53  
 1637 C	 4.43  
 1638 L	 8.77  
 1639 S	 45.21  
 1640 G	 25.95  
 1641 K	 52.85  
 1642 G	 39.67  
 1643 S	 24.91  
 1644 S	 40.72  
 1645 E	 49.97  
 1646 L	 5.42  
 1647 L	 3.33  
 1648 W	 17.70  
 1649 G	 27.47  
 1650 G	 19.15  
 1651 V	 2.05  
 1652 P	 30.57  
 1653 Q	 48.62  
 1654 Y	 12.40  
 1655 S	 14.27  
 1656 S	 25.23  
 1657 S	 23.38  
 1658 L	 7.09  
 1659 W	 21.13  
 1660 G	 29.54  
 1661 P	 14.21  
 1662 P	 42.08  
 1663 S	 47.63  
 1664 A	 25.18  
 1665 E	 57.45  
 1666 D	 39.12  
 1667 A	 10.11  
 1668 R	 32.67  
 1669 V	 6.61  
 1670 I	 3.63  
 1671 G	 25.39  
 1672 S	 17.93  
 1673 P	 32.59  
 1674 T	 41.95  
 1675 P	 27.31  
 1676 L	 9.34  
 1677 N	 29.86  
 1678 T	 37.04  
 1679 L	 5.45  
 1680 L	 4.13  
 1681 P	 37.05  
 1682 G	 37.86  
 1683 D	 42.36  
 1684 L	 5.20  
 1685 L	 8.01  
 1686 S	 48.05  
 1687 G	 32.42  
 1688 E	 41.71  
 1689 S	 36.80  
 1690 I	 5.95  
