 1 M	 5.30  
 2 A	 12.25  
 3 A	 11.03  
 4 A	 8.51  
 5 V	 5.76  
 6 G	 19.61  
 7 R	 27.43  
 8 D	 46.82  
 9 T	 42.74  
 10 L	 5.70  
 11 P	 33.23  
 12 E	 62.19  
 13 H	 19.49  
 14 W	 7.50  
 15 S	 17.57  
 16 Y	 14.37  
 17 G	 13.41  
 18 V	 1.51  
 19 C	 2.59  
 20 R	 47.19  
 21 D	 44.09  
 22 G	 14.32  
 23 R	 26.76  
 24 V	 5.85  
 25 F	 4.98  
 26 F	 4.70  
 27 I	 3.64  
 28 N	 26.31  
 29 D	 44.04  
 30 Q	 26.73  
 31 L	 5.60  
 32 R	 15.31  
 33 C	 5.59  
 34 T	 17.99  
 35 T	 29.65  
 36 W	 3.73  
 37 L	 3.61  
 38 H	 11.01  
 39 P	 33.10  
 40 R	 44.61  
 41 T	 50.80  
 42 G	 38.19  
 43 E	 45.52  
 44 P	 31.75  
 45 V	 8.50  
 46 N	 53.65  
 47 S	 30.24  
 48 G	 14.80  
 49 H	 14.33  
 50 M	 2.88  
 51 I	 2.94  
 52 R	 19.28  
 53 S	 32.35  
 54 D	 51.33  
 55 L	 3.08  
 56 P	 37.42  
 57 R	 70.88  
 58 G	 33.92  
 59 W	 11.18  
 60 E	 51.58  
 61 E	 53.77  
 62 G	 24.22  
 63 F	 9.82  
 64 T	 43.94  
 65 E	 52.77  
 66 E	 57.93  
 67 G	 21.93  
 68 A	 13.37  
 69 S	 31.39  
 70 F	 6.53  
 71 F	 6.25  
 72 I	 5.05  
 73 D	 29.54  
 74 H	 29.23  
 75 N	 31.72  
 76 Q	 38.28  
 77 Q	 46.24  
 78 T	 20.31  
 79 T	 21.43  
 80 T	 23.27  
 81 F	 6.75  
 82 R	 30.98  
 83 H	 19.59  
 84 P	 22.55  
 85 V	 8.41  
 86 T	 29.71  
 87 G	 27.11  
 88 Q	 26.19  
 89 F	 10.31  
 90 S	 28.93  
 91 S	 41.93  
 92 E	 64.67  
 93 N	 41.93  
 94 S	 26.67  
 95 E	 51.77  
 96 Y	 12.47  
 97 V	 3.40  
 98 L	 5.81  
 99 R	 35.87  
 100 E	 72.26  
 101 E	 42.34  
 102 P	 41.37  
 103 H	 28.33  
 104 P	 35.28  
 105 H	 30.07  
 106 M	 6.93  
 107 S	 41.86  
 108 K	 43.24  
 109 P	 38.17  
 110 E	 68.92  
 111 R	 53.78  
 112 N	 40.32  
 113 Q	 65.95  
 114 R	 36.30  
 115 P	 22.46  
 116 S	 33.00  
 117 S	 26.36  
 118 M	 4.51  
 119 V	 5.16  
 120 S	 26.90  
 121 E	 35.05  
 122 T	 24.70  
 123 S	 16.53  
 124 T	 36.20  
 125 A	 17.07  
 126 G	 29.61  
 127 T	 18.34  
 128 T	 20.85  
 129 S	 30.72  
 130 T	 26.90  
 131 L	 6.37  
 132 E	 55.52  
 133 A	 26.84  
 134 K	 40.92  
 135 P	 71.95  
 136 G	 35.11  
 137 P	 31.56  
 138 K	 67.08  
 139 I	 5.48  
 140 V	 6.50  
 141 K	 48.36  
 142 S	 29.02  
 143 S	 28.58  
 144 S	 45.87  
 145 K	 46.01  
 146 V	 5.03  
 147 H	 22.58  
 148 S	 38.39  
 149 F	 8.91  
 150 G	 27.40  
 151 K	 51.28  
 152 R	 41.47  
 153 D	 45.83  
 154 Q	 42.60  
 155 A	 11.09  
 156 I	 3.36  
 157 R	 25.17  
 158 R	 45.96  
 159 N	 26.56  
 160 L	 6.92  
 161 N	 39.33  
 162 V	 4.25  
 163 P	 16.47  
 164 V	 5.60  
 165 V	 1.67  
 166 V	 4.82  
 167 R	 20.96  
 168 G	 21.49  
 169 W	 5.68  
 170 L	 3.94  
 171 H	 21.15  
 172 K	 54.34  
 173 Q	 45.10  
 174 D	 49.96  
 175 S	 26.71  
 176 S	 44.92  
 177 G	 14.80  
 178 M	 3.25  
 179 R	 40.70  
 180 L	 4.73  
 181 W	 5.03  
 182 K	 36.36  
 183 R	 29.49  
 184 R	 27.70  
 185 W	 7.54  
 186 F	 2.83  
 187 V	 3.23  
 188 L	 1.87  
 189 A	 10.63  
 190 D	 30.43  
 191 Y	 5.85  
 192 C	 1.87  
 193 L	 2.23  
 194 F	 5.82  
 195 Y	 9.17  
 196 Y	 10.86  
 197 K	 37.54  
 198 D	 36.48  
 199 S	 37.12  
 200 R	 56.77  
 201 E	 55.02  
 202 E	 42.86  
 203 A	 9.33  
 204 V	 7.61  
 205 L	 6.00  
 206 G	 19.55  
 207 S	 19.51  
 208 I	 3.74  
 209 P	 39.66  
 210 L	 4.14  
 211 P	 20.47  
 212 S	 39.45  
 213 Y	 10.40  
 214 V	 4.02  
 215 I	 2.68  
 216 S	 11.86  
 217 P	 18.37  
 218 V	 12.70  
 219 A	 12.73  
 220 P	 44.23  
 221 E	 50.62  
 222 D	 52.75  
 223 R	 27.41  
 224 I	 7.85  
 225 S	 24.50  
 226 R	 39.29  
 227 K	 38.16  
 228 Y	 20.45  
 229 S	 24.25  
 230 F	 5.52  
 231 K	 43.49  
 232 A	 9.05  
 233 V	 4.24  
 234 H	 22.89  
 235 T	 26.52  
 236 G	 6.68  
 237 M	 2.08  
 238 R	 27.82  
 239 A	 6.87  
 240 L	 2.39  
 241 I	 2.20  
 242 Y	 10.79  
 243 S	 16.57  
 244 T	 15.93  
 245 T	 14.54  
 246 T	 29.16  
 247 A	 17.34  
 248 G	 19.13  
 249 S	 24.72  
 250 Q	 40.12  
 251 M	 5.54  
 252 E	 27.54  
 253 H	 25.06  
 254 S	 22.45  
 255 G	 16.11  
 256 M	 3.03  
 257 R	 24.09  
 258 T	 17.43  
 259 Y	 7.67  
 260 Y	 7.16  
 261 F	 3.23  
 262 S	 14.76  
 263 A	 12.15  
 264 D	 51.10  
 265 T	 31.59  
 266 L	 5.60  
 267 E	 58.25  
 268 D	 38.45  
 269 M	 2.42  
 270 N	 42.86  
 271 A	 10.25  
 272 W	 3.82  
 273 V	 2.31  
 274 R	 19.88  
 275 A	 7.52  
 276 M	 2.40  
 277 N	 27.62  
 278 Q	 25.62  
 279 A	 8.54  
 280 A	 7.11  
 281 Q	 39.43  
 282 V	 4.49  
 283 L	 2.04  
 284 S	 31.12  
 285 R	 26.55  
 286 S	 30.28  
 287 S	 25.45  
 288 L	 5.70  
 289 R	 34.40  
 290 R	 54.31  
 291 D	 46.67  
 292 V	 7.92  
 293 D	 54.28  
 294 K	 45.93  
 295 V	 6.75  
 296 E	 44.83  
 297 R	 32.33  
 298 Q	 28.62  
 299 A	 20.18  
 300 M	 1.59  
 301 P	 32.90  
 302 Q	 41.53  
 303 A	 12.14  
 304 N	 33.09  
 305 H	 28.30  
 306 T	 25.71  
 307 D	 37.48  
 308 A	 9.69  
 309 C	 3.78  
 310 Q	 51.22  
 311 E	 42.21  
 312 C	 1.56  
 313 G	 20.12  
 314 H	 32.78  
 315 V	 6.33  
 316 G	 19.46  
 317 P	 35.91  
 318 G	 26.02  
 319 H	 23.85  
 320 S	 35.41  
 321 R	 43.82  
 322 D	 50.19  
 323 C	 2.47  
 324 P	 33.04  
 325 R	 51.49  
 326 R	 36.87  
 327 G	 31.31  
 328 Y	 18.10  
 329 E	 43.22  
 330 D	 38.38  
 331 S	 18.40  
 332 Y	 37.75  
 333 G	 19.80  
 334 F	 4.96  
 335 N	 37.42  
 336 R	 41.05  
 337 R	 51.56  
 338 E	 60.14  
 339 Q	 62.68  
 340 E	 58.01  
 341 E	 54.92  
 342 E	 57.26  
 343 R	 29.63  
 344 F	 9.56  
 345 R	 35.71  
 346 A	 13.17  
 347 Q	 46.16  
 348 R	 46.67  
 349 D	 39.80  
 350 P	 34.20  
 351 L	 14.80  
 352 E	 56.92  
 353 G	 37.29  
 354 R	 28.13  
 355 R	 55.33  
 356 D	 58.82  
 357 R	 37.94  
 358 S	 34.65  
 359 K	 49.03  
 360 A	 20.59  
 361 R	 41.73  
 362 S	 23.82  
 363 P	 29.18  
 364 Y	 26.94  
 365 L	 3.53  
 366 P	 31.61  
 367 A	 30.16  
 368 E	 55.24  
 369 E	 51.17  
 370 D	 39.82  
 371 A	 13.23  
 372 L	 7.13  
 373 F	 4.27  
 374 V	 8.43  
 375 D	 39.55  
 376 L	 3.40  
 377 P	 41.03  
 378 G	 67.06  
 379 G	 13.54  
 380 P	 43.05  
 381 R	 59.85  
 382 G	 27.38  
 383 Q	 36.39  
 384 Q	 44.80  
 385 A	 18.35  
 386 Q	 30.26  
 387 P	 28.74  
 388 Q	 45.17  
 389 R	 51.93  
 390 A	 27.20  
 391 E	 49.60  
 392 K	 59.00  
 393 N	 48.47  
 394 G	 44.36  
 395 V	 6.36  
 396 P	 20.14  
 397 P	 33.16  
 398 Y	 20.93  
 399 G	 32.74  
 400 L	 5.87  
 401 G	 30.04  
 402 E	 46.01  
 403 Q	 52.43  
 404 N	 55.76  
 405 G	 21.91  
 406 T	 32.78  
 407 N	 48.88  
 408 G	 21.56  
 409 Y	 9.26  
 410 Q	 37.33  
 411 R	 25.11  
 412 T	 28.17  
 413 A	 17.81  
 414 P	 20.49  
 415 P	 45.62  
 416 R	 46.03  
 417 A	 41.52  
 418 N	 46.68  
 419 P	 51.53  
 420 E	 64.31  
 421 K	 50.22  
 422 H	 27.74  
 423 S	 42.63  
 424 Q	 51.08  
 425 R	 41.33  
 426 K	 39.03  
 427 T	 39.35  
 428 G	 23.27  
 429 L	 3.75  
 430 A	 14.10  
 431 Q	 52.94  
 432 A	 12.67  
 433 E	 28.07  
 434 H	 40.29  
 435 W	 7.36  
 436 T	 20.57  
 437 K	 43.56  
 438 A	 14.67  
 439 Q	 52.39  
 440 K	 64.92  
 441 G	 30.44  
 442 D	 57.26  
 443 G	 29.73  
 444 R	 39.50  
 445 S	 39.61  
 446 L	 4.74  
 447 P	 34.83  
 448 L	 10.39  
 449 D	 37.16  
 450 Q	 53.25  
 451 T	 38.09  
 452 L	 2.46  
 453 P	 29.90  
 454 R	 58.14  
 455 Q	 67.23  
 456 G	 25.71  
 457 P	 22.81  
 458 S	 51.78  
 459 Q	 46.19  
 460 P	 34.02  
 461 L	 6.81  
 462 S	 45.50  
 463 F	 13.33  
 464 P	 26.08  
 465 E	 67.56  
 466 N	 40.14  
 467 Y	 9.60  
 468 Q	 50.50  
 469 S	 35.96  
 470 L	 3.50  
 471 P	 33.52  
 472 K	 70.52  
 473 S	 28.83  
 474 T	 28.38  
 475 R	 35.52  
 476 H	 25.16  
 477 L	 5.82  
 478 S	 30.42  
 479 G	 37.60  
 480 S	 25.02  
 481 S	 50.84  
 482 S	 43.02  
 483 P	 44.88  
 484 P	 42.29  
 485 P	 40.97  
 486 R	 64.19  
 487 N	 63.18  
 488 L	 4.54  
 489 P	 28.80  
 490 S	 57.65  
 491 D	 41.84  
 492 Y	 15.38  
 493 K	 38.82  
 494 Y	 11.85  
 495 A	 10.72  
 496 Q	 37.32  
 497 D	 39.68  
 498 R	 26.38  
 499 A	 15.02  
 500 S	 30.19  
 501 H	 28.60  
 502 L	 4.63  
 503 K	 31.17  
 504 M	 7.20  
 505 S	 32.77  
 506 S	 39.72  
 507 E	 48.49  
 508 E	 49.79  
 509 R	 36.71  
 510 R	 37.72  
 511 A	 14.32  
 512 H	 26.93  
 513 R	 42.97  
 514 D	 47.45  
 515 G	 23.33  
 516 T	 23.90  
 517 V	 3.61  
 518 W	 5.14  
 519 Q	 29.81  
 520 L	 2.16  
 521 Y	 10.46  
 522 E	 47.61  
 523 W	 6.00  
 524 Q	 19.35  
 525 Q	 46.34  
 526 R	 19.71  
 527 Q	 42.29  
 528 Q	 39.26  
 529 F	 4.75  
 530 R	 28.99  
 531 H	 42.23  
 532 G	 30.94  
 533 S	 16.98  
 534 P	 36.85  
 535 T	 46.92  
 536 A	 9.33  
 537 P	 28.20  
 538 I	 5.68  
 539 G	 23.87  
 540 A	 18.93  
 541 G	 38.22  
 542 S	 22.26  
 543 P	 39.54  
 544 E	 67.89  
 545 F	 11.77  
 546 T	 26.24  
 547 E	 57.25  
 548 Q	 49.93  
 549 G	 24.25  
 550 R	 28.70  
 551 S	 32.80  
 552 R	 29.93  
 553 S	 38.25  
 554 L	 4.61  
 555 L	 7.04  
 556 E	 56.63  
 557 V	 4.88  
 558 P	 18.22  
 559 R	 52.37  
 560 S	 17.10  
 561 I	 5.20  
 562 S	 29.80  
 563 V	 8.45  
 564 P	 19.50  
 565 P	 57.63  
 566 S	 30.85  
 567 P	 41.62  
 568 S	 53.13  
 569 D	 61.88  
 570 I	 6.91  
 571 P	 33.74  
 572 P	 46.98  
 573 P	 63.67  
 574 G	 51.09  
 575 P	 27.74  
 576 P	 63.59  
 577 R	 48.93  
 578 P	 52.44  
 579 F	 15.98  
 580 P	 24.95  
 581 P	 45.34  
 582 R	 66.07  
 583 R	 32.88  
 584 P	 36.66  
 585 H	 42.55  
 586 T	 27.20  
 587 P	 29.14  
 588 A	 20.55  
 589 E	 49.22  
 590 R	 31.36  
 591 V	 5.62  
 592 T	 29.09  
 593 V	 8.84  
 594 K	 45.55  
 595 P	 33.07  
 596 P	 44.64  
 597 E	 66.31  
 598 Q	 52.43  
 599 R	 31.05  
 600 R	 40.50  
 601 S	 26.74  
 602 V	 7.80  
 603 D	 26.46  
 604 I	 3.25  
 605 S	 19.25  
 606 L	 10.33  
 607 G	 27.95  
 608 G	 39.51  
 609 S	 21.52  
 610 P	 45.10  
 611 R	 47.14  
 612 K	 45.91  
 613 A	 24.78  
 614 R	 40.23  
 615 G	 21.46  
 616 H	 19.57  
 617 A	 23.97  
 618 A	 13.09  
 619 K	 59.14  
 620 N	 43.98  
 621 S	 22.55  
 622 S	 36.60  
 623 H	 25.89  
 624 V	 7.09  
 625 D	 34.55  
 626 R	 31.33  
 627 R	 32.61  
 628 S	 35.62  
 629 M	 2.43  
 630 P	 23.55  
 631 S	 19.05  
 632 M	 3.53  
 633 G	 17.25  
 634 Y	 7.09  
 635 M	 1.51  
 636 T	 13.10  
 637 H	 14.03  
 638 T	 13.64  
 639 V	 3.40  
 640 S	 35.30  
 641 A	 8.05  
 642 P	 29.89  
 643 S	 32.49  
 644 L	 6.34  
 645 H	 46.07  
 646 G	 30.79  
 647 K	 31.55  
 648 S	 41.33  
 649 A	 23.37  
 650 D	 56.74  
 651 D	 36.65  
 652 T	 27.03  
 653 Y	 10.23  
 654 L	 5.37  
 655 Q	 40.60  
 656 L	 7.41  
 657 K	 31.14  
 658 K	 75.92  
 659 D	 43.05  
 660 L	 6.82  
 661 E	 54.93  
 662 Y	 16.89  
 663 L	 4.55  
 664 D	 43.26  
 665 L	 3.64  
 666 K	 33.80  
 667 M	 6.63  
 668 T	 27.72  
 669 G	 20.01  
 670 R	 23.41  
 671 D	 58.67  
 672 L	 6.53  
 673 L	 6.76  
 674 K	 59.39  
 675 D	 45.42  
 676 R	 42.15  
 677 S	 51.37  
 678 L	 8.22  
 679 K	 44.29  
 680 P	 34.29  
 681 M	 4.72  
 682 K	 47.49  
 683 I	 4.12  
 684 A	 12.53  
 685 E	 53.03  
 686 S	 30.74  
 687 D	 32.39  
 688 I	 10.25  
 689 D	 36.17  
 690 V	 7.40  
 691 K	 32.54  
 692 L	 4.82  
 693 S	 14.11  
 694 I	 7.11  
 695 F	 3.18  
 696 C	 4.35  
 697 E	 44.78  
 698 Q	 46.60  
 699 D	 19.79  
 700 R	 31.07  
 701 I	 5.65  
 702 L	 3.18  
 703 Q	 51.36  
 704 D	 48.88  
 705 L	 6.22  
 706 E	 66.60  
 707 D	 60.00  
 708 K	 25.39  
 709 I	 4.88  
 710 R	 39.34  
 711 A	 26.85  
 712 L	 5.26  
 713 K	 59.25  
 714 E	 71.06  
 715 N	 52.17  
 716 K	 48.20  
 717 D	 70.63  
 718 Q	 49.06  
 719 L	 8.32  
 720 E	 32.92  
 721 S	 40.36  
 722 V	 3.74  
 723 L	 5.40  
 724 E	 40.66  
 725 V	 4.82  
 726 L	 1.69  
 727 H	 25.61  
 728 R	 40.74  
 729 Q	 38.35  
 730 T	 25.64  
 731 E	 36.96  
 732 Q	 41.78  
 733 Y	 15.21  
 734 R	 35.46  
 735 D	 60.62  
 736 Q	 30.47  
 737 P	 28.04  
 738 Q	 48.44  
 739 H	 42.51  
 740 L	 6.37  
 741 E	 40.04  
 742 K	 50.07  
 743 I	 3.21  
 744 T	 18.48  
 745 C	 3.55  
 746 Q	 23.84  
 747 Q	 39.89  
 748 R	 16.10  
 749 L	 5.14  
 750 L	 5.96  
 751 Q	 46.91  
 752 E	 53.97  
 753 D	 40.82  
 754 L	 2.73  
 755 V	 5.65  
 756 H	 15.89  
 757 I	 3.30  
 758 R	 13.71  
 759 A	 17.32  
 760 E	 38.26  
 761 L	 3.05  
 762 C	 3.23  
 763 R	 54.23  
 764 E	 62.10  
 765 S	 15.43  
 766 T	 34.30  
 767 E	 54.50  
 768 M	 4.95  
 769 E	 37.25  
 770 N	 49.28  
 771 A	 9.36  
 772 W	 15.12  
 773 N	 26.14  
 774 E	 41.35  
 775 Y	 13.11  
 776 L	 4.10  
 777 K	 54.41  
 778 L	 10.25  
 779 E	 45.69  
 780 K	 76.99  
 781 D	 39.55  
 782 V	 8.17  
 783 E	 61.40  
 784 Q	 54.53  
 785 L	 2.55  
 786 K	 40.71  
 787 Q	 56.91  
 788 T	 28.90  
 789 L	 4.96  
 790 Q	 52.25  
 791 E	 52.01  
 792 Q	 23.56  
 793 H	 22.05  
 794 R	 31.17  
 795 R	 33.35  
 796 A	 12.93  
 797 F	 6.30  
 798 F	 6.36  
 799 F	 8.08  
 800 Q	 52.64  
 801 E	 49.90  
 802 K	 36.56  
 803 S	 31.59  
 804 Q	 53.88  
 805 I	 7.69  
 806 Q	 26.10  
 807 K	 57.32  
 808 D	 34.78  
 809 L	 4.22  
 810 W	 14.89  
 811 R	 29.71  
 812 I	 3.42  
 813 E	 35.66  
 814 D	 32.87  
 815 V	 1.51  
 816 M	 3.66  
 817 A	 18.67  
 818 G	 11.32  
 819 L	 2.95  
 820 S	 28.95  
 821 A	 35.84  
 822 N	 49.12  
 823 K	 47.23  
 824 E	 60.34  
 825 N	 31.36  
 826 Y	 11.82  
 827 R	 27.20  
 828 V	 3.42  
 829 L	 2.39  
 830 V	 5.00  
 831 G	 23.66  
 832 S	 23.57  
 833 V	 5.97  
 834 K	 69.36  
 835 N	 41.32  
 836 P	 36.73  
 837 E	 75.98  
 838 R	 41.00  
 839 K	 52.81  
 840 T	 33.31  
 841 V	 4.32  
 842 P	 33.25  
 843 L	 10.16  
 844 F	 4.23  
 845 P	 46.27  
 846 H	 21.67  
 847 P	 36.94  
 848 S	 43.56  
 849 V	 4.38  
 850 P	 33.61  
 851 S	 39.05  
 852 L	 6.10  
 853 S	 33.83  
 854 P	 45.54  
 855 T	 49.90  
 856 E	 61.21  
 857 S	 46.55  
 858 K	 28.25  
 859 P	 47.70  
 860 A	 23.67  
 861 L	 11.89  
 862 Q	 38.23  
 863 P	 50.05  
 864 S	 30.47  
 865 P	 42.76  
 866 P	 50.25  
 867 T	 49.39  
 868 S	 27.46  
 869 P	 23.30  
 870 V	 12.17  
 871 R	 33.73  
 872 T	 32.24  
 873 P	 18.89  
 874 L	 10.58  
 875 E	 27.13  
 876 V	 9.44  
 877 R	 22.64  
 878 L	 9.92  
 879 F	 2.25  
 880 P	 38.27  
 881 Q	 38.58  
 882 L	 4.12  
 883 Q	 26.07  
 884 T	 34.77  
 885 Y	 6.10  
 886 V	 3.69  
 887 P	 14.70  
 888 Y	 27.08  
 889 R	 19.58  
 890 P	 38.19  
 891 H	 37.36  
 892 P	 22.48  
 893 P	 42.69  
 894 Q	 59.35  
 895 L	 7.64  
 896 R	 25.03  
 897 K	 51.38  
 898 V	 3.57  
 899 M	 3.71  
 900 S	 25.99  
 901 P	 19.14  
 902 L	 6.54  
 903 Q	 51.23  
 904 S	 42.07  
 905 P	 25.59  
 906 T	 49.21  
 907 K	 58.77  
 908 A	 31.10  
 909 K	 38.94  
 910 P	 43.40  
 911 Q	 57.59  
 912 A	 34.43  
 913 E	 51.65  
 914 D	 61.44  
 915 E	 55.36  
 916 A	 31.55  
 917 P	 24.32  
 918 P	 69.34  
 919 R	 44.39  
 920 P	 40.32  
 921 P	 62.92  
 922 L	 5.96  
 923 P	 35.01  
 924 E	 68.94  
 925 L	 4.91  
 926 Y	 22.10  
 927 S	 34.14  
 928 P	 35.31  
 929 E	 64.44  
 930 D	 70.44  
 931 Q	 44.19  
 932 P	 31.01  
 933 P	 40.01  
 934 A	 32.88  
 935 V	 6.56  
 936 P	 27.15  
 937 P	 48.69  
 938 L	 5.23  
 939 P	 37.53  
 940 R	 54.59  
 941 E	 48.50  
 942 A	 12.84  
 943 T	 16.51  
 944 I	 3.16  
 945 I	 1.99  
 946 R	 24.15  
 947 H	 16.46  
 948 T	 21.04  
 949 S	 12.05  
 950 V	 6.22  
 951 R	 44.48  
 952 G	 33.13  
 953 L	 2.64  
 954 K	 51.74  
 955 R	 46.40  
 956 Q	 54.36  
 957 S	 45.53  
 958 D	 51.92  
 959 E	 66.41  
 960 R	 44.28  
 961 K	 57.51  
 962 R	 55.21  
 963 D	 62.60  
 964 R	 42.02  
 965 E	 64.45  
 966 Q	 48.42  
 967 G	 20.36  
 968 Q	 27.90  
 969 C	 3.08  
 970 V	 7.44  
 971 N	 45.98  
 972 G	 22.64  
 973 D	 37.81  
 974 L	 7.69  
 975 K	 38.10  
 976 V	 12.46  
 977 E	 36.56  
 978 L	 5.02  
 979 R	 16.67  
 980 S	 42.38  
 981 Y	 11.10  
 982 V	 5.72  
 983 S	 38.92  
 984 E	 32.52  
 985 P	 34.10  
 986 E	 53.57  
 987 L	 6.00  
 988 A	 13.53  
 989 S	 35.37  
 990 L	 5.73  
 991 S	 30.38  
 992 G	 45.27  
 993 D	 45.61  
 994 V	 5.60  
 995 P	 45.14  
 996 Q	 39.81  
 997 P	 31.03  
 998 S	 25.91  
 999 L	 6.13  
 1000 S	 25.91  
 1001 L	 6.49  
 1002 V	 7.72  
 1003 G	 30.87  
 1004 S	 25.56  
 1005 E	 33.05  
 1006 S	 37.68  
 1007 R	 24.43  
 1008 Y	 18.35  
 1009 Q	 35.14  
 1010 T	 26.45  
 1011 L	 2.21  
 1012 P	 33.55  
 1013 G	 39.13  
 1014 R	 40.72  
 1015 G	 30.06  
 1016 L	 5.16  
 1017 S	 33.26  
 1018 G	 39.73  
 1019 S	 21.60  
 1020 T	 22.76  
 1021 S	 32.46  
 1022 R	 36.28  
 1023 L	 5.64  
 1024 Q	 39.74  
 1025 Q	 43.89  
 1026 S	 19.25  
 1027 S	 21.35  
 1028 T	 26.80  
 1029 I	 3.82  
 1030 A	 6.89  
 1031 P	 21.92  
 1032 Y	 9.31  
 1033 V	 3.86  
 1034 T	 14.54  
 1035 L	 2.22  
 1036 R	 22.66  
 1037 R	 58.00  
 1038 G	 19.49  
 1039 L	 5.35  
 1040 N	 48.29  
 1041 A	 23.53  
 1042 E	 57.48  
 1043 N	 38.56  
 1044 S	 16.92  
 1045 S	 42.80  
 1046 A	 16.69  
 1047 T	 24.88  
 1048 F	 6.12  
 1049 S	 43.23  
 1050 R	 38.17  
 1051 P	 33.48  
 1052 K	 47.45  
 1053 S	 40.54  
 1054 A	 21.40  
 1055 L	 5.20  
 1056 E	 40.12  
 1057 R	 39.51  
 1058 L	 2.66  
 1059 Y	 19.48  
 1060 S	 42.19  
 1061 G	 23.90  
 1062 D	 28.89  
 1063 H	 23.82  
 1064 Q	 61.64  
 1065 R	 43.19  
 1066 G	 24.37  
 1067 K	 31.69  
 1068 M	 5.23  
 1069 S	 35.69  
 1070 A	 22.35  
 1071 E	 38.68  
 1072 E	 61.25  
 1073 Q	 39.88  
 1074 L	 5.22  
 1075 E	 50.88  
 1076 R	 44.51  
 1077 M	 3.06  
 1078 K	 53.61  
 1079 R	 28.29  
 1080 H	 28.16  
 1081 Q	 36.43  
 1082 K	 37.25  
 1083 A	 12.52  
 1084 L	 4.87  
 1085 V	 7.74  
 1086 R	 38.56  
 1087 E	 55.89  
 1088 R	 24.16  
 1089 K	 45.01  
 1090 R	 47.31  
 1091 T	 33.52  
 1092 L	 4.12  
 1093 S	 35.21  
 1094 Q	 68.15  
 1095 G	 34.68  
 1096 E	 39.55  
 1097 K	 55.51  
 1098 T	 28.85  
 1099 G	 35.37  
 1100 L	 4.06  
 1101 L	 3.88  
 1102 S	 18.75  
 1103 A	 12.24  
 1104 R	 29.55  
 1105 Y	 15.49  
 1106 L	 2.98  
 1107 S	 22.33  
 1108 Q	 40.74  
 1109 P	 36.83  
 1110 L	 6.00  
 1111 P	 40.72  
 1112 G	 50.92  
 1113 D	 46.01  
 1114 L	 7.35  
 1115 G	 23.83  
 1116 S	 27.84  
 1117 V	 4.21  
 1118 C	 5.03  
