 1 M	 11.67  
 2 D	 62.00  
 3 G	 17.01  
 4 F	 6.40  
 5 A	 16.52  
 6 G	 26.87  
 7 S	 25.79  
 8 L	 9.20  
 9 D	 49.67  
 10 D	 53.84  
 11 S	 20.36  
 12 I	 4.12  
 13 S	 23.02  
 14 A	 12.08  
 15 A	 13.42  
 16 S	 28.32  
 17 T	 24.99  
 18 S	 33.03  
 19 D	 42.03  
 20 V	 6.80  
 21 Q	 34.79  
 22 D	 54.02  
 23 R	 17.28  
 24 L	 4.77  
 25 S	 31.53  
 26 A	 21.68  
 27 L	 5.73  
 28 E	 35.89  
 29 S	 38.30  
 30 R	 22.38  
 31 V	 9.31  
 32 Q	 37.82  
 33 Q	 45.86  
 34 Q	 42.91  
 35 E	 53.96  
 36 D	 48.54  
 37 E	 39.55  
 38 I	 5.09  
 39 T	 20.10  
 40 V	 6.75  
 41 L	 2.03  
 42 K	 27.55  
 43 A	 11.98  
 44 A	 11.16  
 45 L	 5.10  
 46 A	 10.51  
 47 D	 40.61  
 48 V	 3.59  
 49 L	 2.44  
 50 R	 31.26  
 51 R	 25.06  
 52 L	 3.92  
 53 A	 11.05  
 54 I	 5.69  
 55 S	 31.22  
 56 E	 46.12  
 57 D	 34.47  
 58 H	 17.00  
 59 V	 7.03  
 60 A	 12.75  
 61 S	 33.12  
 62 V	 6.98  
 63 K	 36.31  
 64 K	 50.24  
 65 S	 30.15  
 66 M	 6.28  
 67 P	 39.72  
 68 S	 40.55  
 69 K	 56.55  
 70 G	 49.31  
 71 Q	 28.31  
 72 P	 43.96  
 73 S	 31.97  
 74 L	 7.94  
 75 R	 35.32  
 76 E	 56.50  
 77 A	 7.85  
 78 I	 2.81  
 79 S	 16.22  
 80 M	 2.87  
 81 S	 8.79  
 82 C	 3.13  
 83 I	 2.35  
 84 T	 37.54  
 85 N	 23.79  
 86 G	 20.71  
 87 S	 34.72  
 88 G	 24.24  
 89 I	 3.74  
 90 S	 36.63  
 91 R	 42.53  
 92 K	 48.97  
 93 Q	 45.91  
 94 N	 43.36  
 95 H	 25.32  
 96 T	 30.19  
 97 S	 22.61  
 98 S	 22.50  
 99 V	 4.87  
 100 S	 16.69  
 101 I	 3.94  
 102 A	 14.69  
 103 R	 35.36  
 104 K	 46.13  
 105 E	 49.80  
 106 T	 34.67  
 107 L	 3.90  
 108 S	 25.92  
 109 S	 35.04  
 110 A	 18.61  
 111 A	 14.43  
 112 K	 49.49  
 113 S	 46.34  
 114 G	 36.87  
 115 T	 52.28  
 116 E	 67.42  
 117 K	 69.82  
 118 K	 60.99  
 119 K	 80.28  
 120 E	 78.00  
 121 K	 52.07  
 122 P	 44.63  
 123 Q	 72.26  
 124 G	 36.72  
 125 Q	 45.15  
 126 R	 65.61  
 127 E	 61.67  
 128 K	 64.75  
 129 K	 63.10  
 130 E	 75.67  
 131 D	 61.60  
 132 S	 29.88  
 133 H	 42.83  
 134 S	 46.16  
 135 N	 46.01  
 136 D	 54.04  
 137 Q	 62.35  
 138 S	 22.95  
 139 P	 28.16  
 140 Q	 42.94  
 141 I	 4.51  
 142 R	 24.62  
 143 A	 27.67  
 144 S	 18.96  
 145 P	 49.39  
 146 S	 33.40  
 147 P	 54.18  
 148 Q	 55.64  
 149 P	 39.05  
 150 S	 36.04  
 151 S	 42.36  
 152 Q	 47.24  
 153 P	 28.34  
 154 L	 6.56  
 155 Q	 37.28  
 156 I	 6.38  
 157 N	 19.62  
 158 R	 43.30  
 159 Q	 57.85  
 160 T	 26.28  
 161 P	 35.21  
 162 E	 74.35  
 163 S	 38.76  
 164 K	 46.93  
 165 S	 40.80  
 166 S	 41.63  
 167 A	 19.54  
 168 P	 36.17  
 169 I	 5.67  
 170 K	 45.10  
 171 S	 33.78  
 172 I	 3.59  
 173 K	 66.98  
 174 R	 40.54  
 175 P	 26.12  
 176 P	 48.55  
 177 T	 50.56  
 178 A	 28.17  
 179 E	 58.53  
 180 K	 55.33  
 181 S	 21.29  
 182 H	 43.33  
 183 N	 56.78  
 184 S	 30.28  
 185 W	 17.69  
 186 E	 46.83  
 187 N	 44.47  
 188 S	 31.14  
 189 D	 70.28  
 190 D	 49.68  
 191 S	 42.62  
 192 R	 51.82  
 193 N	 45.85  
 194 K	 49.17  
 195 L	 4.93  
 196 M	 3.50  
 197 K	 57.10  
 198 T	 13.01  
 199 V	 4.98  
 200 S	 31.99  
 201 T	 26.08  
 202 S	 20.26  
 203 K	 50.34  
 204 L	 5.53  
 205 I	 4.27  
 206 S	 31.16  
 207 K	 40.77  
 208 V	 6.34  
 209 I	 3.07  
 210 K	 49.42  
 211 N	 42.10  
 212 A	 23.40  
 213 D	 64.09  
 214 K	 50.58  
 215 H	 31.90  
 216 K	 60.47  
 217 D	 34.79  
 218 V	 6.67  
 219 I	 3.27  
 220 V	 4.34  
 221 N	 25.60  
 222 Q	 31.31  
 223 A	 12.33  
 224 K	 24.50  
 225 M	 5.76  
 226 S	 24.49  
 227 T	 39.07  
 228 R	 45.65  
 229 E	 57.59  
 230 K	 59.62  
 231 N	 44.14  
 232 S	 40.45  
 233 Q	 72.59  
 234 E	 54.54  
 235 G	 25.93  
 236 E	 43.25  
 237 Y	 19.39  
 238 I	 1.96  
 239 K	 25.78  
 240 M	 2.01  
 241 F	 2.28  
 242 M	 3.87  
 243 R	 27.06  
 244 G	 28.12  
 245 R	 14.75  
 246 P	 29.26  
 247 I	 4.14  
 248 T	 14.54  
 249 M	 2.72  
 250 F	 5.78  
 251 I	 1.91  
 252 P	 17.14  
 253 S	 45.51  
 254 D	 46.57  
 255 V	 6.36  
 256 D	 53.62  
 257 N	 41.82  
 258 Y	 15.55  
 259 D	 51.63  
 260 D	 23.16  
 261 I	 5.54  
 262 R	 29.19  
 263 T	 42.06  
 264 E	 49.81  
 265 L	 9.42  
 266 P	 28.86  
 267 P	 65.07  
 268 E	 69.91  
 269 K	 57.61  
 270 L	 7.94  
 271 K	 56.26  
 272 L	 10.18  
 273 E	 33.05  
 274 W	 10.08  
 275 V	 1.62  
 276 Y	 14.98  
 277 G	 8.95  
 278 Y	 9.86  
 279 R	 41.12  
 280 G	 22.97  
 281 K	 44.66  
 282 D	 29.93  
 283 C	 5.15  
 284 R	 39.05  
 285 A	 19.03  
 286 N	 12.01  
 287 V	 3.30  
 288 Y	 11.43  
 289 L	 3.93  
 290 L	 1.63  
 291 P	 35.44  
 292 T	 47.63  
 293 G	 22.24  
 294 E	 31.59  
 295 I	 3.01  
 296 V	 2.51  
 297 Y	 8.57  
 298 F	 2.32  
 299 I	 1.21  
 300 A	 6.08  
 301 S	 15.61  
 302 V	 2.26  
 303 V	 2.61  
 304 V	 4.78  
 305 L	 1.23  
 306 F	 6.55  
 307 N	 38.86  
 308 Y	 16.31  
 309 E	 41.95  
 310 E	 51.14  
 311 R	 24.99  
 312 T	 32.98  
 313 Q	 36.05  
 314 R	 21.58  
 315 H	 16.61  
 316 Y	 19.30  
 317 L	 3.11  
 318 G	 17.93  
 319 H	 18.88  
 320 T	 29.33  
 321 D	 24.20  
 322 C	 1.87  
 323 V	 5.57  
 324 R	 18.96  
 325 C	 1.11  
 326 L	 3.80  
 327 A	 10.95  
 328 V	 4.31  
 329 H	 21.16  
 330 P	 37.68  
 331 D	 44.10  
 332 K	 38.03  
 333 I	 5.13  
 334 R	 20.45  
 335 I	 4.60  
 336 A	 8.88  
 337 T	 27.52  
 338 G	 14.10  
 339 Q	 20.29  
 340 I	 3.69  
 341 A	 12.22  
 342 G	 29.77  
 343 V	 6.46  
 344 D	 42.27  
 345 K	 60.73  
 346 D	 54.60  
 347 G	 38.55  
 348 R	 38.60  
 349 P	 40.66  
 350 L	 13.74  
 351 Q	 28.83  
 352 P	 35.31  
 353 H	 13.68  
 354 V	 7.22  
 355 R	 22.30  
 356 V	 6.91  
 357 W	 5.00  
 358 D	 35.98  
 359 S	 9.63  
 360 V	 5.15  
 361 S	 24.77  
 362 L	 3.88  
 363 T	 21.58  
 364 T	 21.84  
 365 L	 2.27  
 366 H	 13.68  
 367 V	 4.11  
 368 I	 2.34  
 369 G	 19.57  
 370 L	 3.92  
 371 G	 24.12  
 372 T	 27.63  
 373 F	 5.98  
 374 E	 48.65  
 375 R	 40.69  
 376 G	 16.99  
 377 V	 6.48  
 378 G	 14.75  
 379 C	 2.83  
 380 L	 6.48  
 381 D	 50.26  
 382 F	 5.35  
 383 S	 26.97  
 384 K	 57.09  
 385 A	 18.27  
 386 D	 50.05  
 387 S	 47.80  
 388 G	 16.06  
 389 V	 3.45  
 390 H	 19.62  
 391 L	 2.01  
 392 C	 1.20  
 393 V	 7.28  
 394 I	 4.80  
 395 D	 32.65  
 396 D	 42.09  
 397 S	 40.13  
 398 N	 50.62  
 399 E	 34.33  
 400 H	 22.32  
 401 M	 2.47  
 402 L	 3.64  
 403 T	 16.39  
 404 V	 3.72  
 405 W	 8.90  
 406 D	 33.32  
 407 W	 9.00  
 408 Q	 40.60  
 409 K	 55.55  
 410 K	 41.71  
 411 S	 36.01  
 412 K	 55.61  
 413 I	 5.55  
 414 A	 19.05  
 415 E	 48.79  
 416 I	 3.38  
 417 K	 40.58  
 418 T	 40.28  
 419 T	 25.12  
 420 N	 45.34  
 421 E	 31.73  
 422 V	 4.66  
 423 V	 2.01  
 424 L	 5.51  
 425 A	 6.28  
 426 V	 7.64  
 427 E	 32.41  
 428 F	 7.22  
 429 H	 15.73  
 430 P	 36.98  
 431 T	 38.89  
 432 D	 42.12  
 433 A	 19.97  
 434 N	 34.32  
 435 T	 18.57  
 436 I	 2.17  
 437 I	 2.16  
 438 T	 16.03  
 439 C	 4.56  
 440 G	 26.33  
 441 K	 40.79  
 442 S	 13.70  
 443 H	 25.10  
 444 I	 3.83  
 445 F	 3.32  
 446 F	 5.85  
 447 W	 6.04  
 448 T	 12.47  
 449 W	 8.54  
 450 S	 22.26  
 451 G	 21.21  
 452 N	 28.47  
 453 S	 34.34  
 454 L	 6.61  
 455 T	 35.32  
 456 R	 34.29  
 457 K	 47.87  
 458 Q	 47.10  
 459 G	 21.89  
 460 I	 3.69  
 461 F	 9.87  
 462 G	 29.70  
 463 K	 39.21  
 464 Y	 29.57  
 465 E	 67.38  
 466 K	 50.87  
 467 P	 24.31  
 468 K	 70.05  
 469 F	 6.60  
 470 V	 4.98  
 471 Q	 21.46  
 472 C	 2.20  
 473 L	 1.79  
 474 A	 12.78  
 475 F	 6.07  
 476 L	 4.30  
 477 G	 29.62  
 478 N	 45.71  
 479 G	 25.30  
 480 D	 35.93  
 481 V	 5.66  
 482 L	 5.43  
 483 T	 38.50  
 484 G	 23.95  
 485 D	 38.58  
 486 S	 38.50  
 487 G	 37.14  
 488 G	 12.96  
 489 V	 3.00  
 490 M	 2.25  
 491 L	 3.18  
 492 I	 1.79  
 493 W	 6.98  
 494 S	 15.97  
 495 K	 26.16  
 496 T	 22.42  
 497 M	 3.55  
 498 V	 13.96  
 499 E	 41.07  
 500 P	 29.04  
 501 P	 36.45  
 502 P	 68.77  
 503 G	 54.01  
 504 K	 77.23  
 505 G	 34.76  
 506 P	 33.44  
 507 K	 70.45  
 508 G	 26.88  
 509 V	 3.87  
 510 Y	 16.61  
 511 Q	 24.87  
 512 I	 2.22  
 513 N	 17.80  
 514 R	 41.03  
 515 Q	 36.73  
 516 I	 3.72  
 517 K	 31.19  
 518 A	 13.97  
 519 H	 34.66  
 520 D	 56.79  
 521 G	 18.82  
 522 S	 21.81  
 523 V	 5.34  
 524 F	 4.65  
 525 T	 25.19  
 526 L	 0.98  
 527 C	 2.44  
 528 Q	 36.66  
 529 M	 3.33  
 530 R	 15.63  
 531 N	 34.58  
 532 G	 9.57  
 533 M	 2.94  
 534 L	 4.03  
 535 L	 2.88  
 536 T	 29.80  
 537 G	 42.71  
 538 G	 34.44  
 539 G	 30.00  
 540 K	 58.60  
 541 D	 61.45  
 542 R	 35.24  
 543 K	 44.20  
 544 I	 3.05  
 545 I	 3.41  
 546 L	 5.11  
 547 W	 7.18  
 548 D	 23.21  
 549 H	 29.85  
 550 D	 34.48  
 551 L	 7.66  
 552 N	 46.01  
 553 L	 9.49  
 554 E	 47.39  
 555 R	 54.05  
 556 E	 33.84  
 557 I	 8.95  
 558 E	 43.15  
 559 V	 8.54  
 560 P	 15.36  
 561 D	 60.55  
 562 Q	 32.27  
 563 Y	 24.50  
 564 G	 14.72  
 565 T	 11.45  
 566 I	 2.01  
 567 R	 23.89  
 568 A	 10.87  
 569 V	 3.42  
 570 A	 16.73  
 571 E	 42.48  
 572 G	 25.10  
 573 R	 26.85  
 574 A	 26.29  
 575 E	 40.27  
 576 Q	 35.67  
 577 F	 4.49  
 578 L	 3.29  
 579 V	 9.20  
 580 G	 21.81  
 581 T	 19.62  
 582 S	 21.21  
 583 R	 41.75  
 584 N	 28.25  
 585 F	 5.60  
 586 I	 2.68  
 587 L	 3.46  
 588 R	 36.97  
 589 G	 31.08  
 590 T	 16.90  
 591 F	 9.75  
 592 N	 48.62  
 593 D	 55.91  
 594 G	 19.91  
 595 F	 8.04  
 596 Q	 36.14  
 597 I	 5.38  
 598 E	 20.29  
 599 V	 9.86  
 600 Q	 29.23  
 601 G	 23.99  
 602 H	 19.54  
 603 R	 46.02  
 604 D	 50.06  
 605 E	 46.51  
 606 L	 5.28  
 607 W	 9.56  
 608 G	 20.33  
 609 L	 3.17  
 610 A	 10.42  
 611 T	 34.81  
 612 H	 21.86  
 613 P	 33.36  
 614 F	 8.15  
 615 K	 52.50  
 616 D	 42.82  
 617 L	 4.32  
 618 L	 5.51  
 619 L	 4.87  
 620 T	 13.03  
 621 C	 3.02  
 622 A	 14.74  
 623 Q	 48.87  
 624 D	 25.18  
 625 R	 20.82  
 626 Q	 40.84  
 627 V	 2.23  
 628 C	 1.66  
 629 M	 3.89  
 630 W	 6.71  
 631 N	 14.86  
 632 S	 17.23  
 633 V	 6.93  
 634 E	 24.10  
 635 H	 37.15  
 636 R	 22.31  
 637 L	 7.50  
 638 E	 46.92  
 639 W	 7.45  
 640 T	 12.54  
 641 R	 33.51  
 642 L	 4.44  
 643 V	 7.64  
 644 D	 62.05  
 645 E	 45.78  
 646 P	 33.11  
 647 G	 26.85  
 648 H	 17.82  
 649 C	 4.88  
 650 A	 19.48  
 651 D	 48.02  
 652 F	 4.93  
 653 H	 19.03  
 654 P	 34.15  
 655 S	 38.23  
 656 G	 27.29  
 657 T	 19.02  
 658 V	 2.90  
 659 V	 3.01  
 660 A	 7.08  
 661 I	 4.40  
 662 G	 13.98  
 663 T	 13.52  
 664 H	 24.04  
 665 S	 29.86  
 666 G	 24.20  
 667 R	 27.03  
 668 W	 7.39  
 669 F	 3.63  
 670 V	 3.62  
 671 L	 3.62  
 672 D	 36.74  
 673 A	 18.85  
 674 E	 44.00  
 675 T	 31.07  
 676 R	 27.11  
 677 D	 59.86  
 678 L	 2.68  
 679 V	 6.22  
 680 S	 18.89  
 681 I	 2.94  
 682 H	 15.48  
 683 T	 43.88  
 684 D	 43.70  
 685 G	 40.50  
 686 N	 36.33  
 687 E	 59.43  
 688 Q	 42.93  
 689 L	 3.21  
 690 S	 17.35  
 691 V	 3.26  
 692 M	 2.75  
 693 R	 20.58  
 694 Y	 8.58  
 695 S	 11.90  
 696 V	 6.12  
 697 D	 38.12  
 698 G	 18.99  
 699 T	 17.71  
 700 L	 3.36  
 701 L	 3.49  
 702 A	 13.51  
 703 V	 9.01  
 704 G	 17.41  
 705 S	 22.52  
 706 H	 28.27  
 707 D	 54.13  
 708 N	 21.57  
 709 F	 4.90  
 710 I	 2.65  
 711 Y	 6.90  
 712 L	 2.18  
 713 Y	 4.28  
 714 T	 18.93  
 715 V	 3.89  
 716 L	 3.05  
 717 E	 53.99  
 718 N	 51.95  
 719 G	 20.34  
 720 R	 46.45  
 721 K	 49.31  
 722 Y	 9.30  
 723 S	 23.28  
 724 R	 40.93  
 725 Y	 18.26  
 726 G	 19.90  
 727 K	 21.49  
 728 C	 4.84  
 729 T	 41.22  
 730 G	 28.31  
 731 H	 8.74  
 732 S	 26.61  
 733 S	 18.19  
 734 Y	 16.92  
 735 I	 1.80  
 736 T	 14.25  
 737 H	 16.54  
 738 L	 5.59  
 739 D	 35.88  
 740 W	 20.37  
 741 S	 23.26  
 742 P	 44.96  
 743 D	 71.89  
 744 N	 40.98  
 745 K	 41.72  
 746 H	 27.52  
 747 I	 3.28  
 748 M	 2.87  
 749 S	 27.52  
 750 N	 32.41  
 751 S	 26.24  
 752 G	 45.85  
 753 D	 37.40  
 754 Y	 14.37  
 755 E	 31.12  
 756 I	 2.66  
 757 L	 2.06  
 758 Y	 13.49  
 759 W	 9.17  
 760 D	 25.43  
 761 I	 2.47  
 762 E	 45.13  
 763 N	 62.59  
 764 G	 9.35  
 765 C	 4.96  
 766 K	 48.63  
 767 L	 5.31  
 768 I	 1.93  
 769 R	 42.84  
 770 N	 40.59  
 771 R	 24.83  
 772 S	 51.41  
 773 D	 40.00  
 774 C	 4.50  
 775 K	 63.81  
 776 D	 50.87  
 777 I	 2.66  
 778 D	 46.96  
 779 W	 7.32  
 780 T	 13.23  
 781 T	 16.75  
 782 Y	 7.26  
 783 T	 8.27  
 784 C	 1.35  
 785 V	 4.52  
 786 L	 6.55  
 787 G	 7.19  
 788 F	 4.97  
 789 Q	 28.03  
 790 V	 4.15  
 791 F	 4.55  
 792 G	 23.02  
 793 V	 5.38  
 794 W	 5.89  
 795 P	 33.39  
 796 E	 56.47  
 797 G	 27.27  
 798 S	 31.07  
 799 D	 74.91  
 800 G	 27.30  
 801 T	 38.40  
 802 D	 37.36  
 803 I	 3.05  
 804 N	 29.99  
 805 A	 14.04  
 806 L	 2.58  
 807 V	 5.69  
 808 R	 32.80  
 809 S	 20.03  
 810 H	 22.66  
 811 N	 34.40  
 812 R	 28.90  
 813 R	 29.52  
 814 V	 2.73  
 815 I	 2.12  
 816 A	 6.38  
 817 V	 4.05  
 818 A	 11.13  
 819 D	 42.81  
 820 D	 40.90  
 821 F	 4.46  
 822 C	 6.06  
 823 K	 32.46  
 824 V	 5.09  
 825 H	 13.35  
 826 L	 2.99  
 827 F	 3.84  
 828 Q	 47.85  
 829 Y	 10.00  
 830 P	 12.72  
 831 C	 5.77  
 832 S	 31.01  
 833 K	 61.70  
 834 A	 9.28  
 835 K	 65.65  
 836 A	 18.71  
 837 P	 35.94  
 838 S	 37.15  
 839 H	 31.82  
 840 K	 45.28  
 841 Y	 12.98  
 842 S	 25.06  
 843 A	 11.95  
 844 H	 24.72  
 845 S	 23.12  
 846 S	 16.47  
 847 H	 33.17  
 848 V	 4.50  
 849 T	 25.20  
 850 N	 26.75  
 851 V	 3.48  
 852 S	 26.88  
 853 F	 7.59  
 854 T	 16.56  
 855 H	 33.80  
 856 N	 49.80  
 857 D	 29.81  
 858 S	 26.05  
 859 H	 30.00  
 860 L	 3.71  
 861 I	 2.65  
 862 S	 27.62  
 863 T	 42.85  
 864 G	 34.07  
 865 G	 23.91  
 866 K	 52.15  
 867 D	 39.06  
 868 M	 3.36  
 869 S	 27.03  
 870 I	 1.86  
 871 I	 2.91  
 872 Q	 29.58  
 873 W	 5.87  
 874 K	 26.69  
 875 L	 5.69  
 876 V	 5.60  
 877 E	 60.35  
 878 K	 51.08  
 879 L	 3.06  
 880 P	 46.97  
 881 V	 12.64  
 882 P	 29.37  
 883 Q	 59.97  
 884 N	 39.16  
 885 E	 30.01  
 886 V	 8.18  
 887 I	 2.05  
 888 T	 30.59  
 889 D	 26.23  
 890 A	 9.39  
 891 S	 32.88  
 892 V	 7.34  
 893 T	 27.06  
 894 K	 50.81  
 895 T	 18.09  
 896 P	 31.53  
 897 A	 27.55  
 898 S	 35.28  
 899 S	 34.01  
 900 S	 36.15  
 901 E	 48.73  
 902 T	 29.89  
 903 A	 19.82  
 904 R	 42.47  
 905 P	 35.08  
 906 S	 44.37  
 907 N	 62.31  
 908 S	 32.03  
 909 P	 38.40  
 910 P	 58.27  
 911 L	 12.67  
 912 P	 23.39  
 913 P	 57.06  
 914 S	 40.45  
 915 L	 5.06  
 916 P	 32.01  
 917 L	 9.28  
 918 T	 30.46  
 919 G	 30.52  
 920 T	 26.17  
 921 A	 24.45  
 922 E	 63.23  
 923 E	 59.83  
 924 E	 34.84  
 925 S	 30.74  
 926 R	 36.44  
 927 M	 9.45  
 928 G	 24.70  
 929 S	 24.65  
 930 S	 19.04  
 931 P	 31.30  
 932 T	 45.44  
 933 L	 5.30  
 934 V	 7.82  
 935 E	 44.19  
 936 N	 44.40  
 937 S	 21.56  
 938 L	 9.41  
 939 E	 39.50  
 940 Q	 45.55  
 941 I	 3.24  
 942 A	 23.49  
 943 E	 51.49  
 944 P	 37.71  
 945 S	 45.32  
 946 E	 71.43  
 947 E	 64.84  
 948 Q	 42.47  
 949 S	 38.30  
 950 E	 56.40  
 951 W	 22.36  
 952 G	 19.67  
 953 S	 29.07  
 954 E	 54.00  
 955 D	 50.88  
 956 L	 5.01  
 957 G	 24.78  
 958 V	 4.42  
 959 V	 4.30  
 960 I	 5.25  
 961 D	 42.47  
 962 E	 55.55  
 963 E	 42.28  
 964 P	 38.75  
 965 A	 20.93  
 966 S	 50.19  
 967 E	 59.42  
 968 L	 5.33  
 969 S	 34.25  
 970 E	 58.75  
 971 T	 29.00  
 972 Q	 35.16  
 973 G	 41.72  
 974 A	 6.51  
 975 T	 44.90  
 976 E	 62.89  
 977 L	 5.85  
 978 P	 40.49  
 979 E	 82.31  
 980 E	 51.56  
 981 E	 55.32  
 982 R	 45.13  
 983 G	 31.25  
 984 I	 4.49  
 985 T	 17.03  
 986 P	 29.79  
 987 L	 3.97  
 988 C	 5.73  
