 1 M	 7.23  
 2 A	 17.76  
 3 N	 38.57  
 4 R	 31.21  
 5 T	 31.54  
 6 V	 4.82  
 7 K	 48.89  
 8 D	 45.22  
 9 A	 7.81  
 10 H	 37.10  
 11 S	 20.28  
 12 I	 2.20  
 13 H	 39.79  
 14 G	 26.05  
 15 T	 29.57  
 16 N	 26.69  
 17 P	 24.83  
 18 Q	 46.38  
 19 Y	 17.61  
 20 L	 3.19  
 21 V	 6.32  
 22 E	 35.62  
 23 K	 35.63  
 24 I	 1.31  
 25 I	 5.65  
 26 R	 22.79  
 27 T	 15.83  
 28 R	 21.46  
 29 I	 4.41  
 30 Y	 15.74  
 31 E	 38.08  
 32 S	 17.67  
 33 K	 43.10  
 34 Y	 30.87  
 35 W	 12.81  
 36 K	 40.31  
 37 E	 45.94  
 38 E	 31.27  
 39 C	 3.25  
 40 F	 11.55  
 41 G	 33.50  
 42 L	 1.74  
 43 T	 20.61  
 44 A	 17.11  
 45 E	 36.54  
 46 L	 4.16  
 47 V	 3.83  
 48 V	 11.05  
 49 D	 26.05  
 50 K	 37.71  
 51 A	 7.69  
 52 M	 8.36  
 53 E	 54.38  
 54 L	 3.15  
 55 K	 25.38  
 56 F	 10.90  
 57 V	 6.62  
 58 G	 24.00  
 59 G	 12.27  
 60 V	 3.10  
 61 Y	 23.69  
 62 G	 21.92  
 63 G	 18.27  
 64 N	 34.45  
 65 I	 6.81  
 66 K	 47.00  
 67 P	 41.32  
 68 T	 22.98  
 69 P	 28.83  
 70 F	 9.17  
 71 L	 2.17  
 72 C	 2.53  
 73 L	 7.36  
 74 T	 24.28  
 75 L	 1.66  
 76 K	 32.12  
 77 M	 3.61  
 78 L	 3.76  
 79 Q	 28.86  
 80 I	 6.94  
 81 Q	 27.43  
 82 P	 52.84  
 83 E	 47.16  
 84 K	 61.99  
 85 D	 33.90  
 86 I	 5.87  
 87 I	 3.31  
 88 V	 5.12  
 89 E	 31.11  
 90 F	 7.16  
 91 I	 2.72  
 92 K	 60.65  
 93 N	 49.61  
 94 E	 60.88  
 95 D	 55.52  
 96 F	 5.12  
 97 K	 55.98  
 98 Y	 8.03  
 99 V	 2.75  
 100 R	 16.12  
 101 M	 2.63  
 102 L	 2.25  
 103 G	 12.28  
 104 A	 7.49  
 105 L	 3.07  
 106 Y	 4.61  
 107 M	 2.70  
 108 R	 18.62  
 109 L	 2.70  
 110 T	 23.32  
 111 G	 20.10  
 112 T	 18.40  
 113 A	 9.29  
 114 I	 3.64  
 115 D	 27.51  
 116 C	 2.29  
 117 Y	 10.02  
 118 K	 50.09  
 119 Y	 6.99  
 120 L	 4.83  
 121 E	 30.12  
 122 P	 37.23  
 123 L	 4.56  
 124 Y	 19.39  
 125 N	 47.74  
 126 D	 30.93  
 127 Y	 15.35  
 128 R	 36.77  
 129 K	 48.54  
 130 I	 3.72  
 131 K	 49.37  
 132 S	 35.84  
 133 Q	 48.15  
 134 N	 46.61  
 135 R	 44.91  
 136 N	 62.99  
 137 G	 26.87  
 138 E	 35.81  
 139 F	 5.61  
 140 V	 3.95  
 141 L	 2.08  
 142 M	 2.14  
 143 H	 21.51  
 144 V	 4.74  
 145 D	 30.34  
 146 E	 32.62  
 147 F	 6.62  
 148 I	 2.16  
 149 Y	 13.07  
 150 E	 39.79  
 151 L	 2.68  
 152 L	 2.52  
 153 H	 39.99  
 154 S	 27.37  
 155 E	 38.08  
 156 R	 37.06  
 157 V	 2.78  
 158 C	 3.78  
 159 D	 28.27  
 160 I	 2.70  
 161 I	 2.50  
 162 L	 1.74  
 163 P	 25.24  
 164 R	 46.43  
 165 L	 7.13  
 166 Q	 29.47  
 167 K	 50.73  
 168 R	 17.52  
 169 Y	 19.20  
 170 V	 6.69  
 171 L	 3.50  
 172 E	 45.15  
 173 E	 54.03  
 174 A	 10.64  
 175 E	 60.00  
 176 Q	 59.16  
 177 L	 8.02  
 178 E	 30.65  
 179 P	 51.03  
 180 R	 26.16  
 181 V	 6.01  
 182 S	 28.54  
 183 A	 19.01  
 184 L	 6.04  
 185 E	 52.23  
 186 E	 60.53  
 187 D	 36.11  
 188 M	 5.54  
 189 D	 69.95  
 190 D	 39.17  
 191 V	 7.19  
 192 E	 56.38  
 193 S	 42.79  
 194 S	 35.21  
 195 E	 77.90  
 196 E	 73.06  
 197 E	 67.66  
 198 E	 70.71  
 199 E	 74.22  
 200 E	 74.81  
 201 D	 62.70  
 202 E	 63.92  
 203 K	 68.89  
 204 L	 4.84  
 205 E	 63.80  
 206 R	 56.96  
 207 V	 3.93  
 208 P	 46.49  
 209 S	 39.85  
 210 P	 35.04  
 211 D	 52.87  
 212 H	 28.65  
 213 R	 42.99  
 214 R	 28.60  
 215 R	 37.69  
 216 S	 23.78  
 217 Y	 13.31  
 218 R	 38.98  
 219 D	 51.49  
 220 L	 7.25  
 221 D	 64.30  
 222 K	 47.96  
 223 P	 36.26  
 224 R	 58.40  
 225 R	 56.36  
 226 S	 18.79  
 227 P	 33.24  
 228 A	 13.10  
 229 L	 5.85  
 230 R	 25.64  
 231 Y	 15.95  
 232 R	 24.54  
 233 R	 27.73  
 234 S	 26.13  
 235 R	 33.99  
 236 S	 38.05  
 237 R	 49.96  
 238 S	 24.81  
 239 P	 32.46  
 240 R	 48.14  
 241 R	 44.29  
 242 R	 37.39  
 243 S	 34.99  
 244 R	 55.99  
 245 S	 35.70  
 246 P	 32.82  
 247 K	 62.78  
 248 R	 47.93  
 249 R	 60.07  
 250 S	 33.49  
 251 P	 46.68  
 252 S	 32.08  
 253 P	 42.61  
 254 R	 58.38  
 255 R	 49.00  
 256 E	 54.86  
 257 R	 28.80  
 258 H	 33.34  
 259 R	 52.59  
 260 S	 31.21  
 261 K	 65.52  
 262 S	 25.53  
 263 P	 40.85  
 264 R	 54.87  
 265 R	 32.71  
 266 H	 33.09  
 267 R	 31.77  
 268 S	 28.60  
 269 R	 35.35  
 270 S	 39.52  
 271 R	 40.10  
 272 D	 53.89  
 273 R	 34.88  
 274 R	 33.58  
 275 H	 32.72  
 276 R	 31.77  
 277 S	 34.48  
 278 R	 48.32  
 279 S	 38.44  
 280 K	 60.61  
 281 S	 37.04  
 282 P	 50.28  
 283 G	 36.00  
 284 H	 19.30  
 285 H	 38.56  
 286 R	 28.60  
 287 S	 22.10  
 288 H	 29.53  
 289 R	 28.32  
 290 H	 30.12  
 291 R	 35.70  
 292 S	 26.45  
 293 H	 38.92  
 294 S	 35.75  
 295 K	 65.68  
 296 S	 34.70  
 297 P	 44.77  
 298 E	 76.35  
 299 R	 58.10  
 300 S	 42.65  
 301 K	 65.60  
 302 K	 60.07  
 303 S	 44.25  
 304 H	 50.90  
 305 K	 60.58  
 306 K	 43.71  
 307 S	 31.82  
 308 R	 60.45  
 309 R	 60.42  
 310 G	 41.32  
 311 N	 50.41  
 312 E	 65.90  
