 1 M	 7.09  
 2 P	 27.25  
 3 V	 7.97  
 4 Q	 41.26  
 5 A	 9.85  
 6 P	 17.10  
 7 Q	 59.73  
 8 W	 9.25  
 9 T	 16.18  
 10 D	 39.26  
 11 F	 4.18  
 12 L	 6.00  
 13 S	 20.17  
 14 C	 2.61  
 15 P	 22.70  
 16 I	 4.69  
 17 C	 1.07  
 18 T	 31.22  
 19 Q	 35.44  
 20 T	 18.20  
 21 F	 6.01  
 22 D	 56.36  
 23 E	 41.78  
 24 T	 28.11  
 25 I	 5.12  
 26 R	 46.23  
 27 K	 42.74  
 28 P	 16.14  
 29 I	 6.27  
 30 S	 27.51  
 31 L	 7.33  
 32 G	 14.47  
 33 C	 4.35  
 34 G	 20.08  
 35 H	 21.14  
 36 T	 16.94  
 37 V	 2.15  
 38 C	 2.15  
 39 K	 28.45  
 40 M	 2.38  
 41 C	 2.01  
 42 L	 5.91  
 43 N	 39.66  
 44 K	 32.49  
 45 L	 4.61  
 46 H	 30.70  
 47 R	 38.41  
 48 K	 43.52  
 49 A	 13.23  
 50 C	 3.75  
 51 P	 40.48  
 52 F	 12.52  
 53 D	 30.02  
 54 Q	 40.71  
 55 T	 31.33  
 56 T	 13.44  
 57 I	 6.24  
 58 N	 29.61  
 59 T	 34.21  
 60 D	 28.07  
 61 I	 3.65  
 62 E	 47.25  
 63 L	 7.18  
 64 L	 2.63  
 65 P	 35.55  
 66 V	 9.98  
 67 N	 21.45  
 68 S	 22.11  
 69 A	 13.69  
 70 L	 2.92  
 71 L	 3.56  
 72 Q	 34.65  
 73 L	 3.75  
 74 V	 3.73  
 75 G	 21.98  
 76 A	 9.17  
 77 Q	 45.93  
 78 I	 3.93  
 79 P	 22.66  
 80 E	 64.57  
 81 Q	 49.33  
 82 Q	 29.69  
 83 P	 22.64  
 84 I	 3.90  
 85 T	 28.53  
 86 L	 1.96  
 87 C	 2.20  
 88 S	 49.32  
 89 G	 26.32  
 90 V	 3.28  
 91 E	 64.59  
 92 D	 59.66  
 93 T	 13.25  
 94 K	 57.41  
 95 H	 37.01  
 96 Y	 19.61  
 97 E	 51.72  
 98 E	 59.63  
 99 A	 12.50  
 100 K	 50.41  
 101 K	 51.03  
 102 C	 4.61  
 103 V	 9.82  
 104 E	 57.68  
 105 E	 20.95  
 106 L	 2.23  
 107 A	 9.46  
 108 L	 8.88  
 109 Y	 13.68  
 110 L	 4.85  
 111 K	 30.29  
 112 P	 34.57  
 113 L	 6.37  
 114 S	 30.40  
 115 S	 29.66  
 116 A	 14.63  
 117 R	 42.13  
 118 G	 19.98  
 119 V	 7.03  
 120 G	 23.20  
 121 L	 4.20  
 122 N	 31.23  
 123 S	 37.56  
 124 T	 27.99  
 125 T	 20.76  
 126 Q	 31.47  
 127 S	 23.96  
 128 V	 3.96  
 129 L	 4.32  
 130 S	 31.98  
 131 R	 26.92  
 132 P	 21.63  
 133 M	 6.14  
 134 Q	 41.88  
 135 R	 28.20  
 136 K	 30.34  
 137 L	 3.76  
 138 V	 4.33  
 139 T	 33.24  
 140 L	 1.61  
 141 V	 2.87  
 142 H	 9.20  
 143 C	 2.33  
 144 Q	 33.39  
 145 L	 6.78  
 146 V	 3.43  
 147 E	 59.95  
 148 E	 59.27  
 149 E	 40.02  
 150 G	 33.33  
 151 R	 20.64  
 152 I	 4.91  
 153 R	 22.44  
 154 A	 6.88  
 155 M	 1.84  
 156 R	 24.90  
 157 A	 8.31  
 158 A	 7.39  
 159 R	 31.28  
 160 S	 35.68  
 161 L	 7.42  
 162 G	 24.48  
 163 E	 50.93  
 164 R	 32.47  
 165 T	 27.72  
 166 V	 4.98  
 167 T	 25.18  
 168 E	 29.49  
 169 L	 3.28  
 170 I	 2.57  
 171 L	 6.09  
 172 Q	 29.18  
 173 H	 26.41  
 174 Q	 50.79  
 175 N	 33.93  
 176 P	 19.41  
 177 Q	 65.48  
 178 Q	 44.56  
 179 L	 5.23  
 180 S	 16.91  
 181 S	 44.53  
 182 N	 35.90  
 183 L	 3.39  
 184 W	 6.09  
 185 A	 10.15  
 186 A	 4.63  
 187 V	 3.67  
 188 R	 17.53  
 189 A	 12.96  
 190 R	 35.54  
 191 G	 14.48  
 192 C	 1.84  
 193 Q	 39.15  
 194 F	 11.22  
 195 L	 3.11  
 196 G	 14.81  
 197 P	 27.06  
 198 A	 15.53  
 199 M	 6.08  
 200 Q	 47.70  
 201 E	 31.95  
 202 E	 42.27  
 203 A	 14.83  
 204 L	 5.08  
 205 K	 43.53  
 206 L	 3.23  
 207 V	 3.83  
 208 L	 3.16  
 209 L	 3.89  
 210 A	 12.54  
 211 L	 6.60  
 212 E	 55.51  
 213 D	 58.14  
 214 G	 12.87  
 215 S	 38.06  
 216 A	 18.32  
 217 L	 5.65  
 218 S	 29.76  
 219 R	 33.67  
 220 K	 36.22  
 221 V	 4.31  
 222 L	 2.88  
 223 V	 4.34  
 224 L	 2.06  
 225 F	 3.84  
 226 V	 2.91  
 227 V	 1.83  
 228 Q	 38.65  
 229 R	 29.43  
 230 L	 6.25  
 231 E	 36.30  
 232 P	 48.05  
 233 R	 46.64  
 234 F	 8.44  
 235 P	 30.06  
 236 Q	 56.40  
 237 A	 17.15  
 238 S	 31.08  
 239 K	 49.67  
 240 T	 24.07  
 241 S	 30.24  
 242 I	 5.53  
 243 G	 13.80  
 244 H	 18.20  
 245 V	 2.18  
 246 V	 2.48  
 247 Q	 25.35  
 248 L	 2.83  
 249 L	 1.20  
 250 Y	 16.84  
 251 R	 21.72  
 252 A	 9.33  
 253 S	 15.87  
 254 C	 3.60  
 255 F	 7.07  
 256 K	 54.01  
 257 V	 3.70  
 258 T	 22.43  
 259 K	 61.92  
 260 R	 43.09  
 261 D	 66.66  
 262 E	 64.92  
 263 D	 48.06  
 264 S	 24.27  
 265 S	 39.93  
 266 L	 2.69  
 267 M	 4.78  
 268 Q	 55.46  
 269 L	 4.73  
 270 K	 38.00  
 271 E	 71.59  
 272 E	 38.55  
 273 F	 8.09  
 274 R	 39.41  
 275 T	 30.91  
 276 Y	 8.57  
 277 E	 40.38  
 278 A	 8.92  
 279 L	 3.37  
 280 R	 49.33  
 281 R	 46.59  
 282 E	 45.68  
 283 H	 37.91  
 284 D	 37.17  
 285 S	 24.58  
 286 Q	 46.02  
 287 I	 2.59  
 288 V	 2.33  
 289 Q	 21.25  
 290 I	 2.46  
 291 A	 3.45  
 292 M	 3.76  
 293 E	 30.48  
 294 A	 14.83  
 295 G	 11.37  
 296 L	 4.63  
 297 R	 23.31  
 298 I	 8.63  
 299 A	 8.65  
 300 P	 31.77  
 301 D	 54.26  
 302 Q	 40.67  
 303 W	 9.40  
 304 S	 12.89  
 305 S	 21.31  
 306 L	 3.40  
 307 L	 4.92  
 308 Y	 24.77  
 309 G	 26.84  
 310 D	 33.00  
 311 Q	 42.97  
 312 S	 37.31  
 313 H	 29.97  
 314 K	 47.51  
 315 S	 20.83  
 316 H	 24.09  
 317 M	 4.28  
 318 Q	 26.50  
 319 S	 17.59  
 320 I	 2.38  
 321 I	 4.65  
 322 D	 43.90  
 323 K	 31.89  
 324 L	 6.42  
 325 Q	 51.70  
 326 T	 31.12  
 327 P	 16.97  
 328 A	 22.22  
 329 S	 23.48  
 330 F	 8.56  
 331 A	 9.76  
 332 Q	 41.97  
 333 S	 23.49  
 334 V	 3.22  
 335 Q	 45.27  
 336 E	 45.80  
 337 L	 2.04  
 338 T	 11.94  
 339 I	 5.87  
 340 A	 7.75  
 341 L	 2.90  
 342 Q	 31.69  
 343 R	 41.34  
 344 T	 32.73  
 345 G	 40.88  
 346 D	 38.23  
 347 P	 25.13  
 348 A	 37.57  
 349 N	 43.14  
 350 L	 4.24  
 351 N	 40.52  
 352 R	 34.93  
 353 L	 10.99  
 354 R	 17.23  
 355 P	 40.79  
 356 H	 26.04  
 357 L	 5.71  
 358 E	 38.41  
 359 L	 7.43  
 360 L	 2.21  
 361 A	 24.45  
 362 N	 38.88  
 363 I	 7.39  
 364 D	 37.11  
 365 P	 43.92  
 366 S	 31.50  
 367 P	 47.36  
 368 D	 75.85  
 369 A	 23.14  
 370 P	 42.66  
 371 P	 40.45  
 372 P	 49.43  
 373 T	 47.62  
 374 W	 9.34  
 375 E	 48.00  
 376 Q	 45.71  
 377 L	 3.61  
 378 E	 49.28  
 379 N	 58.66  
 380 G	 16.50  
 381 L	 3.18  
 382 V	 4.99  
 383 A	 7.07  
 384 V	 4.04  
 385 R	 16.44  
 386 T	 21.93  
 387 V	 1.78  
 388 V	 2.68  
 389 H	 21.38  
 390 G	 18.78  
 391 L	 1.27  
 392 V	 6.59  
 393 D	 39.60  
 394 Y	 9.27  
 395 I	 2.60  
 396 Q	 35.04  
 397 N	 31.66  
 398 H	 25.31  
 399 S	 43.54  
 400 K	 47.91  
 401 K	 63.45  
 402 G	 37.81  
 403 A	 21.96  
 404 D	 56.33  
 405 Q	 43.18  
 406 Q	 59.29  
 407 Q	 46.11  
 408 P	 26.61  
 409 P	 39.93  
 410 Q	 61.23  
 411 H	 31.84  
 412 S	 32.22  
 413 K	 48.95  
 414 Y	 16.16  
 415 K	 36.59  
 416 T	 17.25  
 417 Y	 7.06  
 418 M	 1.50  
 419 C	 2.05  
 420 R	 30.44  
 421 D	 43.64  
 422 M	 1.74  
 423 K	 40.92  
 424 Q	 42.48  
 425 R	 37.64  
 426 G	 39.29  
 427 G	 22.05  
 428 C	 2.01  
 429 P	 40.80  
 430 R	 58.34  
 431 G	 13.64  
 432 A	 11.60  
 433 S	 19.26  
 434 C	 3.44  
 435 T	 22.74  
 436 F	 7.26  
 437 A	 5.35  
 438 H	 26.31  
 439 S	 35.54  
 440 Q	 38.01  
 441 E	 68.51  
 442 E	 55.37  
 443 L	 9.49  
 444 E	 54.12  
 445 K	 64.19  
 446 F	 7.10  
 447 R	 48.67  
 448 K	 50.38  
 449 M	 6.61  
 450 N	 29.36  
 451 K	 43.54  
 452 R	 35.59  
 453 L	 7.12  
 454 V	 3.93  
 455 P	 31.02  
 456 R	 45.42  
 457 R	 30.37  
 458 P	 31.76  
 459 L	 6.74  
 460 S	 20.63  
 461 A	 19.23  
 462 S	 29.65  
 463 L	 5.18  
 464 G	 27.68  
 465 Q	 46.54  
 466 L	 5.83  
 467 N	 33.74  
 468 E	 46.70  
 469 V	 10.44  
 470 G	 26.20  
 471 L	 3.51  
 472 P	 23.63  
 473 S	 52.28  
 474 A	 8.00  
 475 P	 32.18  
 476 I	 6.02  
 477 L	 5.27  
 478 S	 39.80  
 479 D	 50.88  
 480 E	 36.90  
 481 S	 38.29  
 482 A	 9.22  
 483 V	 12.09  
 484 D	 44.06  
 485 L	 3.82  
 486 S	 30.08  
 487 N	 64.39  
 488 R	 49.86  
 489 K	 60.65  
 490 P	 19.03  
 491 P	 49.84  
 492 A	 44.15  
 493 L	 4.11  
 494 P	 38.82  
 495 N	 56.18  
 496 G	 18.20  
 497 I	 4.23  
 498 A	 10.07  
 499 S	 33.05  
 500 S	 27.95  
 501 G	 25.49  
 502 S	 22.96  
 503 T	 30.97  
 504 V	 3.25  
 505 T	 20.11  
 506 Q	 32.81  
 507 L	 4.20  
 508 I	 1.25  
 509 P	 36.92  
 510 R	 54.36  
 511 G	 29.17  
 512 T	 46.12  
 513 D	 39.40  
 514 P	 36.41  
 515 S	 44.49  
 516 F	 14.90  
 517 D	 41.47  
 518 S	 35.24  
 519 S	 42.11  
 520 L	 9.35  
 521 K	 50.11  
 522 P	 33.49  
 523 V	 10.32  
 524 K	 57.64  
 525 L	 5.23  
 526 D	 34.66  
 527 H	 37.74  
 528 L	 5.47  
 529 S	 20.87  
 530 S	 36.56  
 531 S	 34.80  
 532 A	 17.89  
 533 P	 45.82  
 534 G	 53.12  
 535 S	 32.00  
 536 P	 32.13  
 537 P	 46.72  
 538 D	 68.23  
 539 L	 7.63  
 540 L	 6.78  
 541 E	 52.75  
 542 S	 50.25  
 543 A	 13.23  
 544 P	 39.96  
 545 K	 61.20  
 546 S	 22.25  
 547 I	 3.31  
 548 S	 30.74  
 549 A	 17.76  
 550 L	 3.77  
 551 P	 24.45  
 552 V	 21.18  
 553 N	 27.50  
 554 P	 33.13  
 555 H	 30.68  
 556 P	 41.38  
 557 V	 10.42  
 558 P	 19.81  
 559 P	 54.84  
 560 R	 58.62  
 561 G	 34.92  
 562 P	 24.82  
 563 T	 53.65  
 564 D	 61.38  
 565 L	 5.88  
 566 P	 26.42  
 567 P	 47.18  
 568 M	 3.83  
 569 P	 36.08  
 570 V	 9.76  
 571 T	 25.82  
 572 K	 40.12  
 573 P	 16.81  
 574 I	 4.38  
 575 Q	 35.03  
 576 M	 4.67  
 577 V	 1.35  
 578 P	 29.58  
 579 R	 46.08  
 580 G	 17.42  
 581 S	 20.49  
 582 Q	 48.08  
 583 L	 6.23  
 584 Y	 6.73  
 585 P	 31.98  
 586 A	 10.68  
 587 Q	 34.19  
 588 Q	 41.45  
 589 A	 8.99  
 590 D	 25.31  
 591 V	 5.56  
 592 Y	 8.92  
 593 Y	 13.29  
 594 Q	 36.22  
 595 D	 20.81  
 596 P	 27.32  
 597 R	 61.05  
 598 G	 33.28  
 599 S	 32.15  
 600 A	 11.41  
 601 P	 38.90  
 602 A	 18.02  
 603 F	 9.26  
 604 E	 46.28  
 605 T	 26.86  
 606 A	 8.13  
 607 P	 34.58  
 608 Y	 15.82  
 609 Q	 32.09  
 610 Q	 32.55  
 611 G	 7.19  
 612 M	 1.69  
 613 Y	 15.83  
 614 Y	 12.13  
 615 T	 16.30  
 616 P	 18.08  
 617 P	 27.42  
 618 P	 32.14  
 619 C	 5.53  
 620 V	 5.92  
 621 S	 27.07  
 622 R	 17.43  
 623 F	 4.21  
 624 V	 9.74  
 625 R	 34.98  
 626 P	 39.59  
 627 P	 25.55  
 628 P	 45.89  
 629 S	 63.33  
 630 A	 20.46  
 631 P	 53.29  
 632 E	 63.71  
 633 P	 60.58  
 634 G	 33.87  
 635 P	 25.69  
 636 P	 48.51  
 637 Y	 28.09  
 638 L	 3.95  
 639 D	 32.60  
 640 H	 23.52  
 641 Y	 15.82  
 642 S	 12.03  
 643 P	 27.04  
 644 Y	 15.85  
 645 L	 4.92  
 646 Q	 30.53  
 647 D	 44.19  
 648 R	 20.46  
 649 V	 6.99  
 650 I	 4.23  
 651 N	 21.87  
 652 S	 17.41  
 653 Q	 35.87  
 654 Y	 23.20  
 655 G	 15.38  
 656 T	 31.94  
 657 Q	 29.46  
 658 P	 24.07  
 659 Q	 45.69  
 660 Q	 60.42  
 661 Y	 12.21  
 662 P	 11.66  
 663 P	 29.97  
 664 M	 5.60  
 665 Y	 11.75  
 666 P	 13.30  
 667 A	 9.07  
 668 H	 19.40  
 669 Y	 23.38  
 670 D	 33.97  
 671 G	 16.48  
 672 R	 23.22  
 673 R	 37.54  
 674 V	 6.90  
 675 Y	 7.34  
 676 P	 22.44  
 677 A	 8.02  
 678 Q	 32.25  
 679 S	 30.49  
 680 Y	 9.57  
 681 T	 36.53  
 682 R	 29.64  
 683 E	 46.11  
 684 E	 40.09  
 685 M	 3.08  
 686 F	 9.91  
 687 R	 42.02  
 688 E	 49.99  
 689 S	 24.71  
 690 P	 31.46  
 691 I	 6.95  
 692 P	 22.91  
 693 I	 8.53  
 694 D	 41.20  
 695 I	 2.76  
 696 P	 17.73  
 697 S	 29.24  
 698 A	 13.71  
 699 A	 20.35  
 700 V	 3.02  
 701 P	 18.40  
 702 S	 31.96  
 703 Y	 17.60  
 704 V	 5.07  
 705 P	 26.13  
 706 E	 53.00  
 707 S	 33.11  
 708 R	 30.65  
 709 E	 66.09  
 710 R	 33.19  
 711 Y	 9.88  
 712 Q	 47.25  
 713 Q	 26.71  
 714 V	 3.48  
 715 E	 36.82  
 716 G	 28.55  
 717 Y	 7.35  
 718 Y	 11.33  
 719 P	 13.81  
 720 V	 8.17  
 721 A	 7.68  
 722 P	 33.94  
 723 H	 22.16  
 724 P	 25.46  
 725 A	 17.88  
 726 Q	 36.35  
 727 I	 8.32  
 728 R	 11.30  
 729 P	 39.58  
 730 S	 37.61  
 731 Y	 12.64  
 732 P	 38.24  
 733 R	 61.92  
 734 D	 43.98  
 735 P	 30.89  
 736 P	 43.98  
 737 Y	 16.29  
 738 S	 32.87  
 739 R	 45.42  
 740 L	 6.50  
 741 P	 37.10  
 742 P	 44.76  
 743 P	 59.40  
 744 Q	 55.50  
 745 P	 47.32  
 746 H	 21.23  
 747 P	 43.18  
 748 S	 45.47  
 749 L	 7.55  
 750 D	 61.83  
 751 E	 52.33  
 752 L	 3.67  
 753 H	 21.10  
 754 R	 53.36  
 755 R	 43.19  
 756 R	 40.70  
 757 K	 50.18  
 758 E	 35.86  
 759 I	 2.88  
 760 M	 1.72  
 761 A	 19.23  
 762 Q	 31.84  
 763 L	 5.54  
 764 E	 43.61  
 765 E	 67.41  
 766 R	 29.21  
 767 K	 47.39  
 768 V	 7.02  
 769 I	 6.00  
 770 S	 34.05  
 771 P	 29.47  
 772 P	 29.83  
 773 P	 41.22  
 774 F	 22.50  
 775 A	 14.94  
 776 P	 41.02  
 777 S	 27.38  
 778 P	 36.57  
 779 T	 57.12  
 780 L	 5.62  
 781 P	 22.20  
 782 P	 51.15  
 783 A	 17.28  
 784 F	 14.07  
 785 H	 30.85  
 786 P	 36.04  
 787 E	 53.46  
 788 E	 56.83  
 789 F	 11.26  
 790 L	 8.79  
 791 D	 53.32  
 792 E	 68.35  
 793 D	 52.00  
 794 L	 4.53  
 795 K	 42.22  
 796 V	 12.64  
 797 A	 13.74  
 798 G	 36.49  
 799 K	 33.56  
 800 Y	 17.89  
 801 K	 44.17  
 802 A	 15.84  
 803 N	 44.60  
 804 D	 49.69  
 805 Y	 9.47  
 806 S	 26.04  
 807 Q	 36.17  
 808 Y	 15.68  
 809 S	 16.56  
 810 P	 23.28  
 811 W	 12.97  
 812 S	 12.90  
 813 C	 4.77  
 814 D	 35.52  
 815 T	 31.40  
 816 I	 1.89  
 817 G	 19.25  
 818 S	 15.10  
 819 Y	 9.73  
 820 I	 6.39  
 821 G	 20.62  
 822 T	 19.05  
 823 K	 50.94  
 824 D	 60.71  
 825 A	 31.44  
 826 K	 63.83  
 827 P	 39.54  
 828 K	 63.55  
 829 D	 48.96  
 830 V	 3.84  
 831 V	 4.30  
 832 A	 13.12  
 833 A	 10.13  
 834 G	 23.61  
 835 S	 15.35  
 836 V	 5.52  
 837 E	 34.12  
 838 M	 1.91  
 839 M	 3.00  
 840 N	 32.85  
 841 V	 4.83  
 842 E	 41.55  
 843 S	 31.91  
 844 K	 51.28  
 845 G	 39.00  
 846 T	 34.47  
 847 R	 46.87  
 848 E	 39.63  
 849 Q	 48.20  
 850 R	 25.97  
 851 L	 8.45  
 852 D	 42.83  
 853 L	 5.16  
 854 Q	 32.26  
 855 R	 35.50  
 856 R	 29.98  
 857 A	 12.99  
 858 V	 8.60  
 859 E	 41.42  
 860 T	 30.75  
 861 S	 26.07  
 862 D	 61.94  
 863 D	 53.00  
 864 D	 52.03  
 865 L	 7.43  
 866 I	 3.23  
 867 P	 34.17  
 868 F	 14.59  
 869 G	 25.35  
 870 D	 54.49  
 871 R	 29.21  
 872 P	 41.72  
 873 T	 31.82  
 874 V	 4.24  
 875 S	 25.11  
 876 R	 29.67  
 877 F	 6.37  
 878 G	 22.38  
 879 A	 8.22  
 880 I	 2.68  
 881 S	 29.04  
 882 R	 36.58  
 883 T	 27.99  
 884 S	 23.64  
 885 K	 41.77  
 886 T	 30.39  
 887 L	 3.27  
 888 Y	 15.33  
 889 Q	 38.07  
 890 G	 20.95  
 891 A	 10.82  
 892 G	 30.21  
 893 P	 22.29  
 894 L	 5.41  
 895 Q	 33.58  
 896 A	 13.95  
 897 I	 3.56  
 898 A	 8.06  
 899 P	 27.33  
 900 Q	 52.22  
 901 G	 32.25  
 902 A	 11.89  
 903 P	 47.38  
 904 T	 36.57  
 905 K	 48.56  
 906 S	 24.28  
 907 I	 5.90  
 908 N	 34.50  
 909 I	 2.94  
 910 S	 26.47  
 911 D	 37.29  
 912 Y	 6.60  
 913 S	 21.72  
 914 A	 10.68  
 915 Y	 14.65  
 916 G	 15.71  
 917 A	 5.86  
 918 H	 30.82  
 919 G	 32.77  
 920 G	 18.48  
 921 W	 16.41  
 922 G	 28.88  
 923 D	 39.67  
 924 S	 23.07  
 925 P	 38.06  
 926 Y	 38.49  
 927 S	 17.37  
 928 P	 25.43  
 929 H	 26.01  
 930 A	 21.02  
 931 N	 44.24  
 932 I	 5.66  
 933 P	 18.24  
 934 P	 49.33  
 935 Q	 53.27  
 936 G	 24.36  
 937 H	 18.44  
 938 F	 8.74  
 939 I	 3.96  
 940 E	 54.57  
 941 R	 43.98  
 942 E	 40.08  
 943 K	 42.36  
 944 M	 2.58  
 945 S	 26.38  
 946 M	 3.09  
 947 A	 10.78  
 948 E	 29.94  
 949 V	 4.87  
 950 A	 6.31  
 951 S	 37.64  
 952 H	 38.26  
 953 G	 30.68  
 954 K	 27.37  
 955 P	 43.03  
 956 L	 7.22  
 957 L	 6.55  
 958 S	 35.45  
 959 A	 21.60  
 960 E	 54.07  
 961 R	 36.36  
 962 E	 45.53  
 963 Q	 37.80  
 964 L	 6.05  
 965 R	 26.30  
 966 L	 11.94  
 967 E	 37.79  
 968 L	 4.68  
 969 Q	 36.02  
 970 Q	 57.78  
 971 L	 3.89  
 972 N	 22.22  
 973 H	 34.64  
 974 Q	 35.64  
 975 I	 2.89  
 976 S	 15.07  
 977 Q	 52.55  
 978 Q	 25.15  
 979 T	 23.18  
 980 Q	 25.48  
 981 L	 5.49  
 982 R	 37.52  
 983 G	 36.14  
 984 L	 2.86  
 985 E	 50.26  
 986 A	 18.32  
 987 V	 3.68  
 988 S	 24.23  
 989 N	 34.41  
 990 R	 20.76  
 991 L	 5.43  
 992 V	 3.75  
 993 L	 4.74  
 994 Q	 31.82  
 995 R	 45.74  
 996 E	 27.45  
 997 V	 7.85  
 998 N	 25.31  
 999 T	 28.95  
 1000 L	 3.49  
 1001 A	 12.23  
 1002 S	 45.57  
 1003 Q	 34.73  
 1004 P	 46.26  
 1005 Q	 55.45  
 1006 P	 25.86  
 1007 P	 42.99  
 1008 Q	 73.59  
 1009 L	 10.93  
 1010 P	 24.15  
 1011 P	 60.99  
 1012 K	 65.17  
 1013 W	 10.64  
 1014 P	 28.71  
 1015 G	 25.58  
 1016 M	 2.05  
 1017 I	 5.20  
 1018 S	 20.94  
 1019 S	 20.59  
 1020 E	 49.07  
 1021 Q	 38.00  
 1022 L	 5.76  
 1023 S	 21.35  
 1024 L	 12.65  
 1025 E	 40.61  
 1026 L	 4.08  
 1027 H	 21.92  
 1028 Q	 51.93  
 1029 V	 5.36  
 1030 E	 37.72  
 1031 R	 41.81  
 1032 E	 42.46  
 1033 I	 11.18  
 1034 G	 14.51  
 1035 K	 57.15  
 1036 R	 33.53  
 1037 T	 31.79  
 1038 R	 47.06  
 1039 E	 44.58  
 1040 L	 5.49  
 1041 S	 21.21  
 1042 M	 9.78  
 1043 E	 40.55  
 1044 N	 39.25  
 1045 Q	 13.93  
 1046 C	 6.89  
 1047 S	 16.04  
 1048 V	 12.55  
 1049 D	 23.62  
 1050 M	 5.04  
 1051 K	 39.72  
 1052 S	 26.86  
 1053 K	 45.47  
 1054 L	 13.44  
 1055 G	 31.51  
 1056 T	 43.09  
 1057 S	 22.44  
 1058 K	 54.06  
 1059 Q	 54.39  
 1060 A	 18.89  
 1061 E	 60.44  
 1062 N	 58.37  
 1063 G	 35.61  
 1064 Q	 51.25  
 1065 P	 57.54  
 1066 E	 52.19  
 1067 P	 50.13  
 1068 Q	 63.29  
 1069 N	 53.06  
 1070 K	 28.46  
 1071 I	 9.63  
 1072 R	 33.40  
 1073 T	 37.01  
 1074 E	 40.97  
 1075 D	 44.32  
 1076 L	 3.26  
 1077 T	 35.75  
 1078 L	 6.22  
 1079 T	 18.83  
 1080 F	 7.07  
 1081 S	 32.25  
 1082 D	 56.56  
 1083 V	 3.72  
 1084 P	 44.44  
 1085 N	 57.83  
 1086 G	 14.28  
 1087 S	 27.09  
 1088 A	 18.94  
 1089 L	 5.64  
 1090 T	 33.29  
 1091 Q	 38.13  
 1092 E	 55.70  
 1093 N	 25.72  
 1094 L	 3.62  
 1095 S	 38.55  
 1096 L	 7.38  
 1097 L	 4.82  
 1098 S	 41.39  
 1099 N	 52.15  
 1100 K	 46.54  
 1101 T	 28.00  
 1102 S	 34.14  
 1103 S	 26.89  
 1104 L	 8.18  
 1105 N	 43.39  
 1106 L	 7.81  
 1107 S	 37.98  
 1108 E	 69.58  
 1109 D	 48.92  
 1110 S	 33.80  
 1111 E	 74.34  
 1112 G	 49.70  
 1113 G	 35.91  
 1114 G	 45.38  
 1115 D	 54.77  
 1116 N	 58.44  
 1117 N	 55.86  
 1118 D	 53.02  
 1119 S	 29.62  
 1120 Q	 46.55  
 1121 R	 39.05  
 1122 S	 28.44  
 1123 G	 26.49  
 1124 V	 4.50  
 1125 V	 5.24  
 1126 S	 23.74  
 1127 N	 30.49  
 1128 S	 34.12  
 1129 A	 20.33  
 1130 P	 44.56  
