 1 M	 4.43  
 2 A	 15.92  
 3 A	 15.63  
 4 L	 5.00  
 5 T	 19.13  
 6 P	 40.42  
 7 R	 46.29  
 8 K	 66.21  
 9 R	 43.05  
 10 K	 62.58  
 11 Q	 49.94  
 12 D	 60.00  
 13 S	 27.51  
 14 L	 9.59  
 15 K	 39.69  
 16 C	 5.36  
 17 D	 40.51  
 18 S	 42.15  
 19 L	 2.48  
 20 L	 3.46  
 21 H	 32.64  
 22 F	 10.39  
 23 T	 17.14  
 24 E	 51.50  
 25 N	 43.88  
 26 L	 5.63  
 27 F	 9.44  
 28 P	 52.63  
 29 S	 33.50  
 30 P	 57.82  
 31 N	 71.05  
 32 K	 47.48  
 33 K	 52.85  
 34 H	 14.45  
 35 C	 4.70  
 36 F	 7.61  
 37 Y	 16.51  
 38 Q	 23.77  
 39 N	 40.57  
 40 S	 34.14  
 41 D	 66.41  
 42 K	 67.11  
 43 N	 67.80  
 44 E	 54.74  
 45 E	 74.59  
 46 N	 28.98  
 47 L	 4.95  
 48 H	 22.29  
 49 C	 4.41  
 50 S	 24.93  
 51 Q	 59.06  
 52 Q	 29.82  
 53 E	 31.49  
 54 H	 17.49  
 55 F	 6.10  
 56 V	 4.44  
 57 L	 2.12  
 58 S	 26.67  
 59 A	 14.66  
 60 L	 4.56  
 61 K	 53.79  
 62 T	 30.43  
 63 T	 33.03  
 64 E	 43.42  
 65 I	 3.23  
 66 N	 32.95  
 67 R	 54.35  
 68 L	 3.21  
 69 P	 28.32  
 70 S	 44.43  
 71 A	 15.49  
 72 N	 51.59  
 73 Q	 54.15  
 74 G	 36.77  
 75 S	 19.87  
 76 P	 47.73  
 77 F	 11.91  
 78 K	 37.90  
 79 S	 34.52  
 80 A	 13.21  
 81 L	 5.95  
 82 S	 26.86  
 83 T	 22.48  
 84 V	 3.15  
 85 S	 23.31  
 86 F	 6.04  
 87 Y	 14.34  
 88 N	 36.62  
 89 Q	 41.31  
 90 N	 32.94  
 91 K	 27.70  
 92 W	 15.47  
 93 Y	 9.75  
 94 L	 5.31  
 95 N	 24.34  
 96 P	 32.76  
 97 L	 10.93  
 98 E	 49.37  
 99 R	 46.92  
 100 K	 45.23  
 101 L	 9.41  
 102 I	 5.37  
 103 K	 61.14  
 104 E	 44.37  
 105 S	 26.91  
 106 R	 36.76  
 107 S	 32.52  
 108 T	 22.28  
 109 C	 3.75  
 110 L	 8.53  
 111 K	 47.64  
 112 T	 34.65  
 113 N	 49.43  
 114 D	 71.37  
 115 E	 70.21  
 116 D	 55.55  
 117 K	 52.53  
 118 S	 48.88  
 119 F	 6.20  
 120 P	 27.51  
 121 I	 5.88  
 122 V	 6.03  
 123 T	 30.52  
 124 E	 35.32  
 125 K	 27.45  
 126 M	 5.31  
 127 Q	 68.75  
 128 G	 32.51  
 129 K	 19.86  
 130 P	 38.89  
 131 V	 7.02  
 132 C	 7.19  
 133 S	 47.07  
 134 K	 55.16  
 135 K	 49.84  
 136 N	 70.10  
 137 N	 63.71  
 138 K	 75.19  
 139 K	 55.60  
 140 P	 48.73  
 141 Q	 57.77  
 142 K	 56.83  
 143 S	 26.21  
 144 L	 7.51  
 145 T	 28.35  
 146 A	 17.53  
 147 K	 38.90  
 148 Y	 27.81  
 149 Q	 27.57  
 150 P	 32.34  
 151 K	 39.12  
 152 Y	 17.69  
 153 R	 31.05  
 154 H	 29.36  
 155 I	 3.89  
 156 K	 32.99  
 157 P	 28.81  
 158 V	 7.73  
 159 S	 33.98  
 160 R	 45.43  
 161 N	 37.50  
 162 S	 31.56  
 163 R	 55.80  
 164 N	 54.07  
 165 S	 34.21  
 166 K	 55.96  
 167 Q	 42.66  
 168 N	 43.87  
 169 R	 17.45  
 170 V	 8.01  
 171 I	 3.10  
 172 Y	 14.09  
 173 K	 19.69  
 174 P	 20.91  
 175 I	 5.67  
 176 V	 13.42  
 177 E	 56.20  
 178 K	 55.64  
 179 E	 39.92  
 180 N	 68.45  
 181 N	 26.43  
 182 C	 3.96  
 183 H	 31.97  
 184 S	 39.21  
 185 A	 10.40  
 186 E	 61.02  
 187 N	 57.87  
 188 N	 28.31  
 189 S	 46.05  
 190 N	 56.97  
 191 A	 7.97  
 192 P	 31.03  
 193 R	 39.33  
 194 V	 6.17  
 195 L	 4.78  
 196 S	 26.94  
 197 Q	 47.54  
 198 K	 49.69  
 199 I	 6.45  
 200 K	 36.11  
 201 P	 37.03  
 202 Q	 35.51  
 203 V	 8.60  
 204 T	 14.23  
 205 L	 4.71  
 206 Q	 38.62  
 207 G	 30.71  
 208 G	 10.77  
 209 A	 14.12  
 210 A	 11.15  
 211 F	 6.04  
 212 F	 4.44  
 213 V	 7.67  
 214 R	 35.21  
 215 K	 52.27  
 216 K	 34.41  
 217 S	 37.33  
 218 S	 40.86  
 219 L	 11.74  
 220 R	 38.46  
 221 K	 50.09  
 222 S	 33.45  
 223 S	 42.62  
 224 L	 12.06  
 225 E	 62.59  
 226 N	 72.30  
 227 E	 27.22  
 228 P	 46.57  
 229 S	 36.96  
 230 L	 8.66  
 231 G	 34.62  
 232 R	 39.00  
 233 T	 38.25  
 234 Q	 46.82  
 235 K	 60.27  
 236 S	 31.43  
 237 K	 58.64  
 238 S	 44.16  
 239 E	 51.78  
 240 V	 8.19  
 241 I	 4.23  
 242 E	 57.55  
 243 D	 38.73  
 244 S	 30.66  
 245 D	 55.37  
 246 V	 8.44  
 247 E	 48.78  
 248 T	 29.22  
 249 V	 4.38  
 250 S	 51.63  
 251 E	 54.99  
 252 K	 50.00  
 253 K	 44.84  
 254 T	 29.57  
 255 F	 10.05  
 256 A	 13.70  
 257 T	 19.90  
 258 R	 31.88  
 259 Q	 52.05  
 260 V	 4.39  
 261 P	 17.19  
 262 K	 41.15  
 263 C	 2.32  
 264 L	 6.51  
 265 V	 9.91  
 266 L	 4.55  
 267 E	 45.68  
 268 E	 60.57  
 269 K	 45.78  
 270 L	 5.74  
 271 K	 45.88  
 272 I	 7.33  
 273 G	 20.98  
 274 L	 3.78  
 275 L	 3.20  
 276 S	 31.02  
 277 A	 20.14  
 278 S	 38.17  
 279 S	 39.71  
 280 K	 70.33  
 281 N	 60.72  
 282 K	 61.02  
 283 E	 63.59  
 284 K	 58.06  
 285 L	 6.53  
 286 I	 7.44  
 287 K	 63.09  
 288 D	 46.51  
 289 S	 30.57  
 290 S	 54.38  
 291 D	 52.25  
 292 D	 55.62  
 293 R	 34.90  
 294 V	 11.02  
 295 S	 36.26  
 296 S	 38.92  
 297 K	 57.22  
 298 E	 51.38  
 299 H	 38.89  
 300 K	 53.90  
 301 V	 15.90  
 302 D	 53.52  
 303 K	 60.72  
 304 N	 41.17  
 305 E	 57.75  
 306 A	 21.00  
 307 F	 7.23  
 308 S	 39.61  
 309 S	 38.68  
 310 E	 50.88  
 311 D	 51.62  
 312 S	 33.93  
 313 L	 18.04  
 314 G	 40.14  
 315 E	 61.93  
 316 N	 45.00  
 317 K	 42.82  
 318 T	 37.96  
 319 I	 7.68  
 320 S	 31.35  
 321 P	 30.66  
 322 K	 52.55  
 323 S	 26.87  
 324 T	 30.13  
 325 V	 7.45  
 326 Y	 7.24  
 327 P	 19.47  
 328 I	 2.03  
 329 F	 4.28  
 330 S	 28.14  
 331 A	 8.62  
 332 S	 33.35  
 333 S	 25.65  
 334 V	 9.69  
 335 N	 43.70  
 336 S	 27.56  
 337 K	 40.58  
 338 R	 36.61  
 339 S	 44.45  
 340 L	 13.37  
 341 G	 37.33  
 342 E	 54.65  
 343 E	 55.94  
 344 Q	 31.45  
 345 F	 7.85  
 346 S	 25.84  
 347 V	 7.56  
 348 G	 25.36  
 349 S	 16.25  
 350 V	 5.42  
 351 N	 32.75  
 352 F	 6.40  
 353 M	 2.37  
 354 K	 50.24  
 355 Q	 28.17  
 356 T	 28.86  
 357 N	 32.00  
 358 I	 7.57  
 359 Q	 34.71  
 360 K	 63.04  
 361 N	 23.37  
 362 T	 45.03  
 363 N	 42.37  
 364 T	 28.08  
 365 R	 47.48  
 366 D	 53.98  
 367 T	 38.87  
 368 S	 36.12  
 369 K	 67.56  
 370 K	 61.65  
 371 T	 43.52  
 372 K	 52.97  
 373 D	 54.47  
 374 Q	 35.80  
 375 L	 5.48  
 376 I	 1.91  
 377 I	 3.95  
 378 D	 37.34  
 379 A	 16.35  
 380 G	 33.06  
 381 Q	 37.46  
 382 K	 39.73  
 383 H	 20.63  
 384 F	 10.30  
 385 G	 21.76  
 386 A	 8.91  
 387 T	 27.15  
 388 V	 3.71  
 389 C	 2.03  
 390 K	 44.43  
 391 S	 15.69  
 392 C	 2.34  
 393 G	 16.77  
 394 M	 2.19  
 395 I	 1.35  
 396 Y	 6.33  
 397 T	 16.82  
 398 A	 7.13  
 399 S	 45.15  
 400 N	 41.33  
 401 P	 48.17  
 402 E	 71.50  
 403 D	 58.90  
 404 E	 38.80  
 405 M	 5.30  
 406 Q	 31.39  
 407 H	 21.64  
 408 V	 3.05  
 409 Q	 28.24  
 410 H	 20.03  
 411 H	 9.20  
 412 H	 21.77  
 413 R	 33.22  
 414 F	 6.73  
 415 L	 6.25  
 416 E	 57.04  
 417 G	 24.68  
 418 I	 1.81  
 419 K	 44.75  
 420 Y	 11.41  
 421 V	 6.65  
 422 G	 27.65  
 423 W	 9.86  
 424 K	 38.54  
 425 K	 44.22  
 426 E	 47.16  
 427 R	 36.77  
 428 V	 5.12  
 429 V	 5.45  
 430 A	 11.92  
 431 E	 35.34  
 432 F	 5.34  
 433 W	 12.64  
 434 D	 54.55  
 435 G	 16.52  
 436 K	 27.45  
 437 I	 3.37  
 438 V	 3.26  
 439 L	 3.59  
 440 V	 5.60  
 441 L	 2.45  
 442 P	 23.50  
 443 H	 56.29  
 444 D	 38.30  
 445 P	 28.45  
 446 S	 33.11  
 447 F	 11.23  
 448 A	 19.61  
 449 I	 4.12  
 450 K	 47.54  
 451 K	 44.75  
 452 V	 6.88  
 453 E	 62.43  
 454 D	 50.84  
 455 V	 2.77  
 456 Q	 51.10  
 457 E	 51.08  
 458 L	 3.07  
 459 V	 7.95  
 460 D	 56.35  
 461 N	 38.62  
 462 E	 45.89  
 463 L	 11.90  
 464 G	 16.49  
 465 F	 7.79  
 466 Q	 33.10  
 467 Q	 35.59  
 468 V	 5.75  
 469 V	 3.05  
 470 P	 33.40  
 471 K	 51.19  
 472 C	 3.53  
 473 P	 51.80  
 474 N	 69.06  
 475 K	 30.62  
 476 I	 6.89  
 477 K	 34.53  
 478 T	 29.10  
 479 F	 4.44  
 480 L	 4.51  
 481 F	 4.37  
 482 I	 5.73  
 483 S	 32.17  
 484 D	 61.70  
 485 E	 35.65  
 486 K	 56.32  
 487 R	 26.72  
 488 V	 6.85  
 489 V	 5.35  
 490 G	 9.54  
 491 C	 1.35  
 492 L	 3.23  
 493 I	 4.79  
 494 A	 11.99  
 495 E	 40.33  
 496 P	 30.01  
 497 I	 3.77  
 498 K	 46.41  
 499 Q	 46.59  
 500 A	 6.82  
 501 F	 5.27  
 502 R	 31.33  
 503 V	 5.80  
 504 L	 4.12  
 505 S	 38.17  
 506 E	 36.45  
 507 P	 33.20  
 508 I	 14.61  
 509 G	 30.55  
 510 P	 39.34  
 511 E	 70.80  
 512 S	 32.96  
 513 P	 30.54  
 514 S	 60.20  
 515 S	 31.45  
 516 T	 46.04  
 517 E	 44.46  
 518 C	 2.54  
 519 P	 23.85  
 520 R	 61.18  
 521 A	 5.95  
 522 W	 10.86  
 523 Q	 18.82  
 524 C	 2.33  
 525 S	 26.92  
 526 D	 68.56  
 527 V	 3.12  
 528 P	 47.01  
 529 E	 45.82  
 530 P	 24.75  
 531 A	 13.94  
 532 V	 4.49  
 533 C	 4.32  
 534 G	 17.82  
 535 I	 1.80  
 536 S	 11.73  
 537 R	 25.52  
 538 I	 2.69  
 539 W	 5.10  
 540 V	 1.54  
 541 F	 4.56  
 542 R	 29.67  
 543 L	 3.25  
 544 K	 45.99  
 545 R	 54.68  
 546 R	 30.90  
 547 K	 52.79  
 548 R	 26.45  
 549 I	 3.82  
 550 A	 8.45  
 551 R	 30.05  
 552 R	 30.00  
 553 L	 3.22  
 554 V	 5.11  
 555 D	 44.61  
 556 T	 21.82  
 557 L	 2.99  
 558 R	 39.71  
 559 N	 26.87  
 560 C	 1.80  
 561 F	 5.33  
 562 M	 2.84  
 563 F	 3.74  
 564 G	 6.89  
 565 C	 1.80  
 566 F	 6.54  
 567 L	 6.65  
 568 S	 17.35  
 569 T	 39.54  
 570 D	 41.76  
 571 E	 35.98  
 572 I	 5.37  
 573 A	 8.88  
 574 F	 11.91  
 575 S	 33.39  
 576 D	 44.64  
 577 P	 44.63  
 578 T	 38.72  
 579 P	 54.46  
 580 D	 70.14  
 581 G	 29.75  
 582 K	 48.05  
 583 L	 4.28  
 584 F	 10.39  
 585 A	 17.39  
 586 T	 18.40  
 587 K	 44.36  
 588 Y	 6.13  
 589 C	 4.95  
 590 N	 56.32  
 591 T	 18.95  
 592 P	 18.65  
 593 N	 40.62  
 594 F	 5.27  
 595 L	 5.19  
 596 V	 3.00  
 597 Y	 19.04  
 598 N	 23.34  
 599 F	 5.34  
 600 N	 43.08  
 601 S	 37.14  
