 1 M	 5.30  
 2 A	 16.60  
 3 A	 16.94  
 4 A	 6.80  
 5 P	 29.28  
 6 G	 27.24  
 7 L	 3.20  
 8 L	 3.00  
 9 V	 3.99  
 10 W	 5.50  
 11 L	 1.52  
 12 L	 1.68  
 13 V	 2.47  
 14 L	 4.73  
 15 R	 31.09  
 16 L	 4.11  
 17 P	 15.47  
 18 W	 20.63  
 19 R	 23.86  
 20 V	 5.73  
 21 P	 19.08  
 22 G	 37.51  
 23 Q	 36.30  
 24 L	 15.03  
 25 D	 27.50  
 26 P	 42.24  
 27 S	 43.06  
 28 T	 39.84  
 29 G	 24.09  
 30 R	 36.24  
 31 R	 40.56  
 32 F	 10.94  
 33 S	 36.66  
 34 E	 42.18  
 35 H	 27.47  
 36 K	 41.01  
 37 L	 2.92  
 38 C	 4.68  
 39 A	 37.41  
 40 D	 51.77  
 41 D	 40.03  
 42 E	 29.10  
 43 C	 3.59  
 44 S	 16.95  
 45 M	 3.64  
 46 L	 1.24  
 47 M	 1.28  
 48 Y	 16.11  
 49 R	 23.62  
 50 G	 13.67  
 51 E	 40.87  
 52 A	 21.05  
 53 L	 5.89  
 54 E	 59.12  
 55 D	 47.46  
 56 F	 6.59  
 57 T	 61.19  
 58 G	 18.95  
 59 P	 34.18  
 60 D	 37.25  
 61 C	 4.02  
 62 R	 46.02  
 63 F	 7.10  
 64 V	 4.21  
 65 N	 40.06  
 66 F	 7.91  
 67 K	 51.12  
 68 K	 65.49  
 69 G	 45.07  
 70 D	 38.07  
 71 P	 28.18  
 72 V	 6.33  
 73 Y	 6.52  
 74 V	 4.24  
 75 Y	 4.17  
 76 Y	 6.89  
 77 K	 20.27  
 78 L	 1.96  
 79 A	 12.09  
 80 R	 59.13  
 81 G	 38.39  
 82 W	 4.74  
 83 P	 29.14  
 84 E	 44.15  
 85 V	 3.58  
 86 W	 8.01  
 87 A	 12.93  
 88 G	 13.73  
 89 S	 17.41  
 90 V	 6.18  
 91 G	 25.30  
 92 R	 25.40  
 93 T	 18.58  
 94 F	 7.81  
 95 G	 23.66  
 96 Y	 16.71  
 97 F	 6.58  
 98 P	 22.29  
 99 K	 56.09  
 100 D	 49.60  
 101 L	 3.54  
 102 I	 4.13  
 103 Q	 38.18  
 104 V	 3.63  
 105 V	 1.30  
 106 H	 24.40  
 107 E	 43.20  
 108 Y	 14.29  
 109 T	 29.06  
 110 K	 48.57  
 111 E	 57.02  
 112 E	 46.16  
 113 L	 6.97  
 114 Q	 42.28  
 115 V	 9.60  
 116 P	 22.59  
 117 T	 47.84  
 118 D	 51.21  
 119 E	 53.40  
 120 T	 37.23  
 121 D	 31.75  
 122 F	 7.23  
 123 V	 3.37  
 124 C	 2.31  
 125 F	 9.10  
 126 D	 54.21  
 127 G	 16.88  
 128 G	 31.52  
 129 R	 45.94  
 130 D	 67.22  
 131 D	 45.39  
 132 F	 4.76  
 133 H	 42.74  
 134 N	 30.02  
 135 Y	 16.41  
 136 N	 39.79  
 137 V	 4.22  
 138 E	 39.01  
 139 E	 45.04  
 140 L	 3.43  
 141 L	 5.29  
 142 G	 37.40  
 143 F	 4.90  
 144 L	 4.15  
 145 E	 47.12  
 146 L	 5.51  
 147 Y	 9.55  
 148 N	 37.48  
 149 S	 13.01  
 150 A	 15.67  
 151 A	 16.26  
 152 T	 39.51  
 153 D	 50.50  
 154 S	 36.32  
 155 E	 48.09  
 156 K	 62.78  
 157 A	 15.62  
 158 V	 13.20  
 159 E	 45.22  
 160 K	 48.19  
 161 T	 19.02  
 162 L	 6.35  
 163 Q	 53.92  
 164 D	 50.77  
 165 M	 5.21  
 166 E	 58.95  
 167 K	 71.77  
 168 N	 23.21  
 169 P	 55.78  
 170 E	 75.07  
 171 L	 10.52  
 172 S	 30.70  
 173 K	 73.70  
 174 E	 59.92  
 175 R	 69.38  
 176 E	 55.92  
 177 P	 69.53  
 178 E	 58.50  
 179 P	 63.00  
 180 E	 61.39  
 181 P	 39.71  
 182 V	 11.77  
 183 E	 53.50  
 184 A	 25.69  
 185 N	 36.13  
 186 S	 50.19  
 187 E	 62.42  
 188 E	 60.72  
 189 S	 31.00  
 190 D	 52.69  
 191 S	 34.05  
 192 V	 8.00  
 193 F	 9.80  
 194 S	 27.99  
 195 E	 57.62  
 196 N	 47.79  
 197 T	 27.16  
 198 E	 69.20  
 199 D	 52.17  
 200 L	 5.00  
 201 Q	 55.56  
 202 E	 55.76  
 203 Q	 28.20  
 204 F	 8.64  
 205 T	 28.19  
 206 T	 36.59  
 207 Q	 39.77  
 208 K	 40.99  
 209 H	 20.19  
 210 H	 28.45  
 211 S	 24.82  
 212 H	 25.27  
 213 A	 22.00  
 214 N	 29.27  
 215 S	 31.30  
 216 Q	 46.09  
 217 A	 15.03  
 218 N	 24.32  
 219 H	 23.57  
 220 A	 20.91  
 221 Q	 48.70  
 222 G	 29.75  
 223 E	 30.78  
 224 Q	 49.48  
 225 A	 16.34  
 226 S	 29.28  
 227 F	 11.62  
 228 E	 52.61  
 229 S	 35.63  
 230 F	 7.89  
 231 E	 52.34  
 232 E	 43.09  
 233 M	 2.99  
 234 L	 7.24  
 235 Q	 44.47  
 236 D	 55.05  
 237 K	 36.93  
 238 L	 10.20  
 239 K	 62.58  
 240 V	 10.35  
 241 P	 37.50  
 242 E	 73.92  
 243 S	 39.28  
 244 E	 64.26  
 245 N	 65.66  
 246 N	 44.95  
 247 K	 65.98  
 248 T	 34.95  
 249 S	 36.00  
 250 N	 51.41  
 251 S	 23.16  
 252 S	 38.56  
 253 Q	 42.34  
 254 V	 7.78  
 255 S	 27.32  
 256 N	 52.68  
 257 E	 53.29  
 258 Q	 62.64  
 259 D	 43.64  
 260 K	 42.03  
 261 I	 5.01  
 262 D	 49.97  
 263 A	 13.56  
 264 Y	 9.83  
 265 K	 49.41  
 266 L	 5.73  
 267 L	 6.96  
 268 K	 58.06  
 269 K	 53.33  
 270 E	 35.49  
 271 M	 6.56  
 272 T	 20.43  
 273 L	 7.58  
 274 D	 36.63  
 275 L	 9.50  
 276 K	 49.70  
 277 T	 38.61  
 278 K	 46.25  
 279 F	 12.98  
 280 G	 26.16  
 281 S	 24.45  
 282 T	 29.01  
 283 A	 11.19  
 284 D	 40.29  
 285 A	 13.85  
 286 L	 3.79  
 287 V	 6.72  
 288 S	 39.95  
 289 D	 50.73  
 290 D	 47.86  
 291 E	 58.00  
 292 T	 24.98  
 293 T	 21.69  
 294 R	 34.28  
 295 L	 4.65  
 296 V	 2.85  
 297 T	 31.99  
 298 S	 23.45  
 299 L	 6.46  
 300 E	 56.13  
 301 D	 68.14  
 302 D	 43.45  
 303 F	 23.00  
 304 D	 56.29  
 305 E	 61.53  
 306 E	 54.51  
 307 L	 10.45  
 308 D	 40.55  
 309 T	 38.21  
 310 E	 35.89  
 311 Y	 9.98  
 312 Y	 6.65  
 313 A	 11.59  
 314 V	 6.95  
 315 G	 21.33  
 316 K	 56.23  
 317 E	 65.80  
 318 D	 72.50  
 319 E	 61.00  
 320 E	 76.24  
 321 N	 48.79  
 322 Q	 55.72  
 323 E	 72.70  
 324 D	 46.67  
 325 F	 8.49  
 326 D	 69.69  
 327 E	 52.89  
 328 L	 3.79  
 329 P	 24.23  
 330 L	 12.60  
 331 L	 3.32  
 332 T	 31.97  
 333 F	 6.22  
 334 T	 37.55  
 335 D	 55.05  
 336 G	 29.73  
 337 E	 58.71  
 338 D	 49.78  
 339 M	 4.54  
 340 K	 64.77  
 341 T	 23.11  
 342 P	 31.97  
 343 A	 24.71  
 344 K	 49.28  
 345 S	 50.61  
 346 G	 30.78  
 347 V	 8.07  
 348 E	 50.85  
 349 K	 54.87  
 350 Y	 9.62  
 351 P	 45.23  
 352 T	 57.52  
 353 D	 48.25  
 354 K	 64.77  
 355 E	 58.78  
 356 Q	 65.48  
 357 N	 48.14  
 358 S	 45.36  
 359 N	 65.31  
 360 E	 68.35  
 361 E	 68.34  
 362 D	 50.69  
 363 K	 34.85  
 364 V	 9.73  
 365 Q	 36.84  
 366 L	 6.12  
 367 T	 17.55  
 368 V	 7.97  
 369 P	 19.03  
 370 P	 53.45  
 371 G	 37.12  
 372 I	 4.67  
 373 K	 61.31  
 374 N	 61.87  
 375 D	 64.36  
 376 D	 56.12  
 377 K	 49.07  
 378 N	 41.31  
 379 I	 4.44  
 380 L	 4.95  
 381 T	 19.39  
 382 T	 24.81  
 383 W	 9.46  
 384 G	 21.79  
 385 D	 28.34  
 386 T	 21.71  
 387 I	 2.80  
 388 F	 4.41  
 389 S	 16.58  
 390 I	 1.93  
 391 V	 3.84  
 392 T	 37.49  
 393 G	 30.53  
 394 G	 21.87  
 395 E	 58.50  
 396 E	 53.03  
 397 T	 29.55  
 398 R	 40.45  
 399 D	 54.53  
 400 T	 14.86  
 401 M	 6.93  
 402 D	 49.75  
 403 L	 4.83  
 404 E	 44.29  
 405 S	 42.70  
 406 S	 28.62  
 407 S	 51.56  
 408 S	 51.48  
 409 E	 72.61  
 410 E	 76.07  
 411 E	 58.66  
 412 K	 70.49  
 413 E	 70.70  
 414 D	 75.58  
 415 D	 57.70  
 416 D	 56.24  
 417 D	 49.12  
 418 A	 19.90  
 419 L	 8.06  
 420 V	 5.47  
 421 P	 40.79  
 422 D	 62.07  
 423 S	 22.32  
 424 K	 71.14  
 425 Q	 69.92  
 426 G	 47.55  
 427 K	 37.07  
 428 P	 39.93  
 429 Q	 49.54  
 430 S	 41.48  
 431 A	 10.15  
 432 T	 40.49  
 433 D	 40.43  
 434 Y	 15.60  
 435 S	 45.54  
 436 D	 48.63  
 437 P	 29.18  
 438 D	 73.16  
 439 N	 44.50  
 440 V	 10.40  
 441 D	 50.98  
 442 D	 51.95  
 443 G	 20.30  
 444 L	 3.22  
 445 F	 6.64  
 446 I	 3.06  
 447 V	 4.23  
 448 D	 46.81  
 449 I	 2.33  
 450 P	 32.71  
 451 K	 65.31  
 452 T	 33.62  
 453 N	 61.91  
 454 N	 67.95  
 455 D	 51.03  
 456 K	 66.73  
 457 E	 43.82  
 458 V	 11.51  
 459 N	 40.48  
 460 A	 23.75  
 461 E	 30.69  
 462 H	 26.09  
 463 H	 18.24  
 464 I	 7.30  
 465 K	 50.65  
 466 G	 36.73  
 467 K	 40.19  
 468 G	 40.00  
 469 R	 45.66  
 470 G	 33.84  
 471 V	 5.71  
 472 Q	 52.66  
 473 E	 56.68  
 474 S	 15.57  
 475 K	 50.13  
 476 R	 53.62  
 477 G	 33.66  
 478 L	 3.48  
 479 V	 8.45  
 480 Q	 52.07  
 481 D	 52.98  
 482 K	 27.14  
 483 T	 54.84  
 484 E	 56.77  
 485 L	 14.05  
 486 E	 57.98  
 487 D	 73.16  
 488 E	 51.98  
 489 N	 58.48  
 490 Q	 46.72  
 491 E	 63.61  
 492 G	 13.80  
 493 M	 3.30  
 494 T	 26.39  
 495 V	 2.83  
 496 H	 12.75  
 497 S	 29.71  
 498 S	 14.68  
 499 V	 6.86  
 500 H	 27.10  
 501 S	 25.84  
 502 N	 41.97  
 503 N	 43.55  
 504 L	 6.17  
 505 N	 38.08  
 506 S	 29.34  
 507 M	 2.26  
 508 P	 28.30  
 509 A	 21.44  
 510 A	 17.11  
 511 E	 65.53  
 512 K	 67.54  
 513 G	 25.28  
 514 K	 59.62  
 515 D	 66.97  
 516 T	 39.30  
 517 L	 6.22  
 518 K	 34.82  
 519 S	 34.86  
 520 A	 15.36  
 521 Y	 22.80  
 522 D	 56.95  
 523 D	 43.15  
 524 T	 33.52  
 525 E	 56.60  
 526 N	 63.11  
 527 D	 43.45  
 528 L	 9.21  
 529 K	 49.74  
 530 G	 27.77  
 531 A	 11.14  
 532 A	 11.54  
 533 I	 2.69  
 534 H	 17.34  
 535 I	 3.58  
 536 S	 14.70  
 537 K	 47.97  
 538 G	 19.66  
 539 M	 3.87  
 540 L	 6.66  
 541 H	 32.07  
 542 E	 64.85  
 543 E	 54.53  
 544 K	 56.17  
 545 P	 55.63  
 546 G	 50.97  
 547 E	 42.87  
 548 Q	 52.02  
 549 I	 3.09  
 550 L	 5.10  
 551 E	 64.24  
 552 G	 41.29  
 553 G	 20.90  
 554 S	 49.13  
 555 E	 62.90  
 556 S	 38.25  
 557 E	 46.14  
 558 S	 45.33  
 559 A	 15.73  
 560 Q	 45.24  
 561 K	 39.66  
 562 A	 14.44  
 563 A	 25.22  
 564 G	 29.75  
 565 N	 32.95  
 566 Q	 31.01  
 567 M	 6.98  
 568 N	 35.85  
 569 D	 48.16  
 570 R	 32.73  
 571 K	 47.97  
 572 I	 5.49  
 573 Q	 43.98  
 574 Q	 45.80  
 575 E	 31.39  
 576 S	 33.42  
 577 L	 6.55  
 578 G	 30.92  
 579 S	 31.82  
 580 A	 10.23  
 581 P	 25.28  
 582 L	 6.31  
 583 M	 5.57  
 584 G	 44.89  
 585 D	 36.76  
 586 D	 54.11  
 587 H	 23.43  
 588 P	 45.11  
 589 N	 47.32  
 590 A	 15.47  
 591 S	 43.17  
 592 R	 37.50  
 593 D	 55.32  
 594 S	 22.43  
 595 V	 12.80  
 596 E	 56.14  
 597 G	 24.28  
 598 D	 24.19  
 599 A	 25.02  
 600 L	 3.51  
 601 V	 7.14  
 602 N	 45.62  
 603 G	 19.33  
 604 A	 13.16  
 605 K	 42.05  
 606 L	 3.55  
 607 H	 24.85  
 608 T	 31.03  
 609 L	 3.62  
 610 S	 26.98  
 611 V	 9.53  
 612 E	 30.81  
 613 H	 29.82  
 614 Q	 40.76  
 615 R	 41.06  
 616 E	 62.20  
 617 E	 68.29  
 618 L	 7.88  
 619 K	 53.04  
 620 E	 70.01  
 621 E	 42.46  
 622 L	 6.00  
 623 V	 6.11  
 624 L	 8.53  
 625 K	 40.35  
 626 T	 28.70  
 627 Q	 45.00  
 628 N	 60.08  
 629 Q	 22.26  
 630 P	 47.00  
 631 R	 34.02  
 632 F	 12.34  
 633 S	 42.09  
 634 S	 33.39  
 635 P	 41.89  
 636 D	 68.39  
 637 E	 41.61  
 638 I	 9.57  
 639 D	 48.88  
 640 L	 5.45  
 641 P	 24.77  
 642 R	 69.31  
 643 E	 55.35  
 644 L	 12.11  
 645 E	 47.58  
 646 D	 74.86  
 647 E	 40.60  
 648 V	 5.74  
 649 P	 17.65  
 650 I	 8.44  
 651 L	 4.28  
 652 G	 19.70  
 653 R	 37.76  
 654 N	 48.97  
 655 L	 4.37  
 656 P	 30.31  
 657 W	 18.69  
 658 Q	 33.06  
 659 Q	 43.77  
 660 E	 35.43  
 661 R	 39.09  
 662 D	 33.38  
 663 V	 4.97  
 664 A	 11.90  
 665 A	 11.98  
 666 T	 23.02  
 667 A	 15.25  
 668 S	 21.04  
 669 K	 47.78  
 670 Q	 37.83  
 671 M	 6.85  
 672 S	 32.99  
 673 E	 47.35  
 674 K	 26.31  
 675 I	 4.74  
 676 R	 43.14  
 677 L	 6.60  
 678 S	 33.43  
 679 E	 66.69  
 680 G	 36.46  
 681 E	 53.14  
 682 A	 31.25  
 683 K	 58.72  
 684 E	 60.94  
 685 D	 54.52  
 686 S	 38.52  
 687 L	 17.36  
 688 D	 58.28  
 689 E	 63.10  
 690 E	 53.96  
 691 F	 7.12  
 692 F	 7.16  
 693 H	 27.19  
 694 H	 17.89  
 695 K	 36.66  
 696 A	 7.38  
 697 M	 4.50  
 698 Q	 61.59  
 699 G	 15.68  
 700 T	 15.59  
 701 E	 52.02  
 702 V	 7.46  
 703 G	 20.59  
 704 Q	 47.26  
 705 T	 24.93  
 706 D	 41.30  
 707 Q	 51.07  
 708 T	 34.43  
 709 D	 38.27  
 710 S	 32.13  
 711 T	 49.30  
 712 G	 44.00  
 713 G	 15.51  
 714 P	 22.60  
 715 A	 22.68  
 716 F	 9.97  
 717 L	 5.42  
 718 S	 28.35  
 719 K	 56.67  
 720 V	 9.77  
 721 E	 60.49  
 722 E	 60.20  
 723 D	 47.43  
 724 D	 61.60  
 725 Y	 22.45  
 726 P	 42.11  
 727 S	 37.16  
 728 E	 48.43  
 729 E	 64.09  
 730 L	 5.80  
 731 L	 9.85  
 732 E	 75.74  
 733 D	 55.19  
 734 E	 38.90  
 735 N	 59.44  
 736 A	 8.38  
 737 I	 8.53  
 738 N	 36.68  
 739 A	 11.52  
 740 K	 53.36  
 741 R	 51.02  
 742 S	 44.45  
 743 K	 76.40  
 744 E	 60.35  
 745 K	 72.65  
 746 N	 51.29  
 747 P	 54.93  
 748 G	 48.78  
 749 N	 42.25  
 750 Q	 55.12  
 751 G	 29.38  
 752 R	 24.99  
 753 Q	 45.79  
 754 F	 12.48  
 755 D	 21.76  
 756 V	 8.99  
 757 N	 26.97  
 758 L	 5.65  
 759 Q	 39.22  
 760 V	 6.32  
 761 P	 16.65  
 762 D	 52.92  
 763 R	 22.11  
 764 A	 14.31  
 765 V	 5.44  
 766 L	 4.97  
 767 G	 18.94  
 768 T	 16.38  
 769 I	 4.16  
 770 H	 22.13  
 771 P	 55.81  
 772 D	 39.02  
 773 P	 49.25  
 774 E	 71.11  
 775 I	 9.65  
 776 E	 55.33  
 777 E	 69.74  
 778 S	 27.18  
 779 K	 56.27  
 780 Q	 69.36  
 781 E	 46.73  
 782 T	 22.54  
 783 S	 11.76  
 784 M	 4.62  
 785 I	 3.76  
 786 L	 4.43  
 787 D	 43.77  
 788 S	 37.23  
 789 E	 61.08  
 790 K	 62.39  
 791 T	 27.95  
 792 S	 43.98  
 793 E	 47.93  
 794 T	 31.51  
 795 A	 11.79  
 796 A	 19.29  
 797 K	 62.01  
 798 G	 17.12  
 799 V	 5.97  
 800 N	 41.49  
 801 T	 38.31  
 802 G	 28.14  
 803 G	 28.83  
 804 R	 58.50  
 805 E	 46.29  
 806 P	 39.98  
 807 N	 35.73  
 808 T	 33.05  
 809 M	 4.69  
 810 V	 10.01  
 811 E	 38.08  
 812 K	 47.84  
 813 E	 46.13  
 814 R	 42.47  
 815 P	 32.75  
 816 L	 13.92  
 817 A	 29.29  
 818 D	 61.75  
 819 K	 44.39  
 820 K	 50.75  
 821 A	 19.16  
 822 Q	 63.56  
 823 R	 42.61  
 824 P	 24.30  
 825 F	 15.42  
 826 E	 54.69  
 827 R	 41.74  
 828 S	 35.49  
 829 D	 53.97  
 830 F	 10.35  
 831 S	 35.12  
 832 D	 55.14  
 833 S	 25.28  
 834 I	 5.67  
 835 K	 32.48  
 836 I	 5.41  
 837 Q	 46.10  
 838 T	 23.39  
 839 P	 20.59  
 840 E	 73.18  
 841 L	 8.15  
 842 G	 27.62  
 843 E	 53.43  
 844 V	 5.92  
 845 F	 6.03  
 846 Q	 62.33  
 847 N	 38.34  
 848 K	 48.07  
 849 D	 55.05  
 850 S	 29.75  
 851 D	 64.02  
 852 Y	 24.43  
 853 L	 5.12  
 854 K	 56.90  
 855 N	 52.26  
 856 D	 71.16  
 857 N	 56.10  
 858 P	 51.74  
 859 E	 65.39  
 860 E	 56.64  
 861 H	 30.85  
 862 L	 7.97  
 863 K	 42.42  
 864 T	 34.09  
 865 S	 30.17  
 866 G	 25.44  
 867 L	 5.76  
 868 A	 24.67  
 869 G	 56.91  
 870 E	 34.27  
 871 P	 54.71  
 872 E	 62.08  
 873 G	 52.43  
 874 E	 48.48  
 875 L	 15.12  
 876 S	 29.69  
 877 K	 78.69  
 878 E	 62.31  
 879 D	 59.13  
 880 H	 31.16  
 881 E	 77.50  
 882 N	 50.55  
 883 T	 30.76  
 884 E	 54.49  
 885 K	 38.20  
 886 Y	 8.44  
 887 M	 8.74  
 888 G	 24.20  
 889 T	 18.88  
 890 E	 35.02  
 891 S	 39.41  
 892 Q	 43.56  
 893 G	 28.65  
 894 S	 13.70  
 895 A	 19.95  
 896 A	 17.66  
 897 A	 32.37  
 898 E	 44.49  
 899 P	 45.66  
 900 E	 66.99  
 901 D	 68.52  
 902 D	 52.09  
 903 S	 31.19  
 904 F	 7.78  
 905 H	 31.30  
 906 W	 15.04  
 907 T	 9.16  
 908 P	 24.46  
 909 H	 24.33  
 910 T	 35.35  
 911 S	 22.81  
 912 V	 12.37  
 913 E	 45.38  
 914 P	 43.57  
 915 G	 21.30  
 916 H	 43.47  
 917 S	 51.22  
 918 D	 48.64  
 919 K	 61.78  
 920 R	 47.88  
 921 E	 59.77  
 922 D	 51.30  
 923 L	 2.95  
 924 L	 5.17  
 925 I	 3.59  
 926 I	 2.59  
 927 S	 17.69  
 928 S	 25.05  
 929 F	 8.94  
 930 F	 10.33  
 931 K	 53.23  
 932 E	 49.01  
 933 Q	 38.46  
 934 Q	 47.39  
 935 S	 26.60  
 936 L	 3.53  
 937 Q	 49.76  
 938 R	 41.05  
 939 F	 4.78  
 940 Q	 41.55  
 941 K	 49.44  
 942 Y	 6.93  
 943 F	 11.24  
 944 N	 31.01  
 945 V	 2.38  
 946 H	 34.72  
 947 E	 43.98  
 948 L	 2.55  
 949 E	 34.00  
 950 A	 26.63  
 951 L	 3.56  
 952 L	 5.37  
 953 Q	 45.24  
 954 E	 40.79  
 955 M	 3.37  
 956 S	 24.46  
 957 S	 40.47  
 958 K	 53.26  
 959 L	 5.98  
 960 K	 47.70  
 961 S	 41.57  
 962 A	 17.31  
 963 Q	 55.45  
 964 Q	 41.80  
 965 E	 42.01  
 966 S	 30.24  
 967 L	 5.26  
 968 P	 27.94  
 969 Y	 32.22  
 970 N	 30.14  
 971 M	 4.32  
 972 E	 36.05  
 973 K	 37.01  
 974 V	 5.50  
 975 L	 8.59  
 976 D	 48.32  
 977 K	 38.83  
 978 V	 3.81  
 979 F	 7.13  
 980 R	 39.94  
 981 A	 13.24  
 982 S	 33.26  
 983 E	 45.75  
 984 S	 21.74  
 985 Q	 36.27  
 986 I	 4.54  
 987 L	 2.05  
 988 S	 22.75  
 989 I	 5.28  
 990 A	 13.64  
 991 E	 37.01  
 992 K	 35.42  
 993 M	 2.85  
 994 L	 10.09  
 995 D	 29.03  
 996 T	 24.07  
 997 R	 25.89  
 998 V	 9.46  
 999 A	 12.69  
 1000 E	 50.36  
 1001 N	 32.78  
 1002 R	 31.84  
 1003 D	 60.19  
 1004 L	 6.73  
 1005 G	 22.59  
 1006 M	 8.06  
 1007 N	 47.23  
 1008 E	 42.64  
 1009 N	 41.72  
 1010 N	 33.86  
 1011 I	 7.48  
 1012 F	 8.25  
 1013 E	 42.82  
 1014 E	 31.05  
 1015 A	 8.82  
 1016 A	 12.99  
 1017 V	 8.52  
 1018 L	 4.14  
 1019 D	 44.35  
 1020 D	 35.97  
 1021 I	 3.24  
 1022 Q	 46.59  
 1023 D	 35.05  
 1024 L	 1.64  
 1025 I	 3.18  
 1026 Y	 11.88  
 1027 F	 1.68  
 1028 V	 3.52  
 1029 R	 25.53  
 1030 Y	 14.04  
 1031 K	 22.10  
 1032 H	 22.80  
 1033 S	 25.76  
 1034 T	 37.50  
 1035 A	 18.68  
 1036 E	 56.84  
 1037 E	 41.08  
 1038 T	 19.22  
 1039 A	 11.38  
 1040 T	 27.57  
 1041 L	 1.99  
 1042 V	 2.39  
 1043 M	 5.36  
 1044 A	 8.62  
 1045 P	 18.86  
 1046 P	 42.75  
 1047 L	 10.22  
 1048 E	 56.65  
 1049 E	 68.36  
 1050 G	 21.90  
 1051 L	 6.91  
 1052 G	 32.44  
 1053 G	 27.13  
 1054 A	 10.62  
 1055 M	 5.18  
 1056 E	 50.19  
 1057 E	 29.99  
 1058 M	 2.95  
 1059 Q	 40.46  
 1060 P	 34.08  
 1061 L	 3.78  
 1062 H	 47.23  
 1063 E	 63.43  
 1064 D	 51.21  
 1065 N	 33.53  
 1066 F	 12.93  
 1067 S	 45.87  
 1068 R	 45.34  
 1069 E	 54.27  
 1070 K	 52.50  
 1071 T	 22.17  
 1072 A	 30.28  
 1073 E	 46.22  
 1074 L	 7.64  
 1075 N	 17.43  
 1076 V	 10.70  
 1077 Q	 43.93  
 1078 V	 5.84  
 1079 P	 24.12  
 1080 E	 77.18  
 1081 E	 49.80  
 1082 P	 24.37  
 1083 T	 38.05  
 1084 H	 37.82  
 1085 L	 7.07  
 1086 D	 27.00  
 1087 Q	 48.15  
 1088 R	 22.99  
 1089 V	 4.82  
 1090 I	 4.50  
 1091 G	 30.79  
 1092 D	 24.97  
 1093 T	 17.71  
 1094 H	 31.81  
 1095 A	 14.96  
 1096 S	 30.81  
 1097 E	 47.15  
 1098 V	 7.32  
 1099 S	 28.56  
 1100 Q	 71.10  
 1101 K	 32.50  
 1102 P	 45.39  
 1103 N	 68.83  
 1104 T	 53.60  
 1105 E	 51.73  
 1106 K	 62.65  
 1107 D	 50.50  
 1108 L	 14.69  
 1109 D	 57.13  
 1110 P	 57.17  
 1111 G	 29.04  
 1112 P	 26.18  
 1113 V	 14.86  
 1114 T	 27.83  
 1115 T	 31.90  
 1116 E	 50.99  
 1117 D	 54.76  
 1118 T	 17.80  
 1119 P	 30.86  
 1120 M	 6.20  
 1121 D	 41.39  
 1122 A	 8.70  
 1123 I	 4.47  
 1124 D	 45.89  
 1125 A	 21.00  
 1126 N	 39.48  
 1127 K	 69.79  
 1128 Q	 40.65  
 1129 P	 42.38  
 1130 E	 48.89  
 1131 T	 37.54  
 1132 A	 15.94  
 1133 A	 29.16  
 1134 E	 63.15  
 1135 E	 41.25  
 1136 P	 22.72  
 1137 A	 21.66  
 1138 S	 36.92  
 1139 V	 7.49  
 1140 T	 21.47  
 1141 P	 35.21  
 1142 L	 6.06  
 1143 E	 45.91  
 1144 N	 39.71  
 1145 A	 5.61  
 1146 I	 4.92  
 1147 L	 1.90  
 1148 L	 2.56  
 1149 I	 2.13  
 1150 Y	 8.88  
 1151 S	 11.84  
 1152 F	 1.89  
 1153 M	 1.45  
 1154 F	 4.21  
 1155 Y	 11.15  
 1156 L	 3.12  
 1157 T	 13.75  
 1158 K	 38.92  
 1159 S	 23.88  
 1160 L	 3.03  
 1161 V	 5.02  
 1162 A	 14.54  
 1163 T	 31.20  
 1164 L	 2.93  
 1165 P	 31.25  
 1166 D	 72.35  
 1167 D	 38.72  
 1168 V	 10.89  
 1169 Q	 44.20  
 1170 P	 57.01  
 1171 G	 19.81  
 1172 P	 34.91  
 1173 D	 56.14  
 1174 F	 6.16  
 1175 Y	 25.73  
 1176 G	 25.84  
 1177 L	 2.89  
 1178 P	 32.45  
 1179 W	 23.72  
 1180 K	 29.39  
 1181 P	 23.53  
 1182 V	 4.87  
 1183 F	 5.80  
 1184 I	 2.50  
 1185 T	 10.41  
 1186 A	 7.89  
 1187 F	 4.87  
 1188 L	 4.50  
 1189 G	 13.63  
 1190 I	 2.93  
 1191 A	 9.22  
 1192 S	 17.19  
 1193 F	 4.46  
 1194 A	 6.79  
 1195 I	 2.48  
 1196 F	 4.86  
 1197 L	 2.18  
 1198 W	 5.33  
 1199 R	 19.66  
 1200 T	 13.45  
 1201 V	 2.61  
 1202 L	 3.47  
 1203 V	 4.34  
 1204 V	 4.70  
 1205 K	 32.13  
 1206 D	 33.40  
 1207 R	 24.27  
 1208 V	 5.86  
 1209 Y	 9.73  
 1210 Q	 32.57  
 1211 V	 3.31  
 1212 T	 16.73  
 1213 E	 41.45  
 1214 Q	 36.22  
 1215 Q	 34.64  
 1216 I	 6.00  
 1217 S	 25.08  
 1218 E	 65.13  
 1219 K	 48.79  
 1220 L	 5.33  
 1221 K	 47.26  
 1222 T	 36.42  
 1223 I	 3.38  
 1224 M	 5.58  
 1225 K	 43.92  
 1226 E	 52.59  
 1227 N	 33.08  
 1228 T	 31.61  
 1229 E	 59.53  
 1230 L	 4.68  
 1231 V	 3.72  
 1232 Q	 54.30  
 1233 K	 46.53  
 1234 L	 1.93  
 1235 S	 44.39  
 1236 N	 55.59  
 1237 Y	 19.16  
 1238 E	 50.04  
 1239 Q	 42.27  
 1240 K	 43.75  
 1241 I	 6.30  
 1242 K	 64.07  
 1243 E	 71.86  
 1244 S	 41.84  
 1245 K	 48.25  
 1246 K	 59.28  
 1247 H	 30.17  
 1248 V	 8.26  
 1249 Q	 46.17  
 1250 E	 49.87  
 1251 T	 26.52  
 1252 R	 37.50  
 1253 K	 54.14  
 1254 Q	 41.24  
 1255 N	 23.61  
 1256 M	 2.78  
 1257 I	 4.34  
 1258 L	 3.52  
 1259 S	 23.60  
 1260 D	 45.99  
 1261 E	 49.25  
 1262 A	 14.47  
 1263 I	 4.75  
 1264 K	 53.98  
 1265 Y	 20.50  
 1266 K	 47.76  
 1267 D	 55.62  
 1268 K	 41.78  
 1269 I	 6.21  
 1270 K	 53.44  
 1271 T	 43.55  
 1272 L	 8.18  
 1273 E	 56.01  
 1274 K	 68.02  
 1275 N	 35.03  
 1276 Q	 50.61  
 1277 E	 55.71  
 1278 I	 3.54  
 1279 L	 4.85  
 1280 D	 57.80  
 1281 D	 45.15  
 1282 T	 38.92  
 1283 A	 13.01  
 1284 K	 59.62  
 1285 N	 30.53  
 1286 L	 4.26  
 1287 R	 22.61  
 1288 V	 6.06  
 1289 M	 2.51  
 1290 L	 6.31  
 1291 E	 32.24  
 1292 S	 37.68  
 1293 E	 51.35  
 1294 R	 61.14  
 1295 E	 42.32  
 1296 Q	 67.26  
 1297 N	 41.81  
 1298 V	 6.52  
 1299 K	 57.34  
 1300 N	 35.99  
 1301 Q	 40.96  
 1302 D	 56.19  
 1303 L	 3.15  
 1304 I	 6.98  
 1305 S	 42.27  
 1306 E	 67.10  
 1307 N	 50.71  
 1308 K	 43.79  
 1309 K	 69.15  
 1310 S	 37.27  
 1311 I	 8.11  
 1312 E	 60.47  
 1313 K	 60.20  
 1314 L	 3.57  
 1315 K	 62.10  
 1316 D	 54.11  
 1317 V	 3.14  
 1318 I	 4.66  
 1319 S	 13.06  
 1320 M	 3.14  
 1321 N	 33.26  
 1322 A	 11.20  
 1323 S	 33.88  
 1324 E	 51.27  
 1325 F	 7.56  
 1326 S	 32.57  
 1327 E	 43.70  
 1328 V	 4.90  
 1329 Q	 15.93  
 1330 I	 5.94  
 1331 A	 6.30  
 1332 L	 6.77  
 1333 N	 37.85  
 1334 E	 48.29  
 1335 A	 19.60  
 1336 K	 46.50  
 1337 L	 11.39  
 1338 S	 42.90  
 1339 E	 72.74  
 1340 E	 60.83  
 1341 K	 51.41  
 1342 V	 10.50  
 1343 K	 52.16  
 1344 S	 48.74  
 1345 E	 28.73  
 1346 C	 2.99  
 1347 H	 28.97  
 1348 R	 43.40  
 1349 V	 3.60  
 1350 Q	 52.85  
 1351 E	 50.81  
 1352 E	 38.81  
 1353 N	 29.61  
 1354 A	 22.82  
 1355 R	 59.63  
 1356 L	 9.91  
 1357 K	 57.92  
 1358 K	 73.92  
 1359 K	 61.01  
 1360 K	 60.62  
 1361 E	 66.46  
 1362 Q	 54.15  
 1363 L	 6.27  
 1364 Q	 38.26  
 1365 Q	 63.33  
 1366 E	 35.07  
 1367 I	 5.17  
 1368 E	 53.31  
 1369 D	 61.69  
 1370 W	 5.65  
 1371 S	 37.35  
 1372 K	 39.78  
 1373 L	 3.74  
 1374 H	 22.39  
 1375 A	 29.84  
 1376 E	 41.92  
 1377 L	 7.67  
 1378 S	 20.96  
 1379 E	 69.79  
 1380 Q	 45.06  
 1381 I	 3.37  
 1382 K	 49.11  
 1383 S	 40.02  
 1384 F	 13.40  
 1385 E	 59.91  
 1386 K	 57.06  
 1387 S	 34.95  
 1388 Q	 55.11  
 1389 K	 71.95  
 1390 D	 40.19  
 1391 L	 8.00  
 1392 E	 35.56  
 1393 V	 7.41  
 1394 A	 9.43  
 1395 L	 6.60  
 1396 T	 19.69  
 1397 H	 32.19  
 1398 K	 62.63  
 1399 D	 46.73  
 1400 D	 63.81  
 1401 N	 39.28  
 1402 I	 4.03  
 1403 N	 34.84  
 1404 A	 16.38  
 1405 L	 2.82  
 1406 T	 26.15  
 1407 N	 18.95  
 1408 C	 2.76  
 1409 I	 2.74  
 1410 T	 29.24  
 1411 Q	 14.40  
 1412 L	 3.50  
 1413 N	 32.53  
 1414 L	 6.07  
 1415 L	 7.42  
 1416 E	 39.13  
 1417 C	 7.61  
 1418 E	 48.44  
 1419 S	 59.07  
 1420 E	 30.43  
 1421 S	 57.20  
 1422 E	 61.83  
 1423 G	 45.71  
 1424 Q	 44.39  
 1425 N	 56.66  
 1426 K	 61.38  
 1427 G	 47.92  
 1428 G	 36.06  
 1429 N	 55.04  
 1430 D	 61.82  
 1431 S	 36.66  
 1432 D	 58.76  
 1433 E	 54.45  
 1434 L	 5.57  
 1435 A	 21.67  
 1436 N	 60.84  
 1437 G	 25.92  
 1438 E	 37.48  
 1439 V	 12.61  
 1440 G	 28.16  
 1441 G	 35.56  
 1442 D	 44.28  
 1443 R	 57.38  
 1444 N	 58.96  
 1445 E	 56.26  
 1446 K	 59.74  
 1447 M	 3.93  
 1448 K	 57.69  
 1449 N	 45.36  
 1450 Q	 38.44  
 1451 I	 4.71  
 1452 K	 23.52  
 1453 Q	 33.78  
 1454 M	 1.79  
 1455 M	 4.22  
 1456 D	 29.87  
 1457 V	 1.96  
 1458 S	 25.91  
 1459 R	 30.60  
 1460 T	 23.82  
 1461 Q	 28.02  
 1462 T	 25.91  
 1463 A	 5.13  
 1464 I	 3.49  
 1465 S	 20.04  
 1466 V	 5.26  
 1467 V	 5.49  
 1468 E	 43.57  
 1469 E	 57.97  
 1470 D	 35.28  
 1471 L	 4.81  
 1472 K	 60.52  
 1473 L	 4.85  
 1474 L	 5.53  
 1475 Q	 47.16  
 1476 L	 5.94  
 1477 K	 23.98  
 1478 L	 8.22  
 1479 R	 24.19  
 1480 A	 25.40  
 1481 S	 15.35  
 1482 V	 9.10  
 1483 S	 21.47  
 1484 T	 37.14  
 1485 K	 17.39  
 1486 C	 7.71  
 1487 N	 48.28  
 1488 L	 12.29  
 1489 E	 32.19  
 1490 D	 62.83  
 1491 Q	 39.28  
 1492 V	 10.25  
 1493 K	 46.11  
 1494 K	 59.25  
 1495 L	 7.86  
 1496 E	 67.74  
 1497 D	 71.28  
 1498 D	 42.14  
 1499 R	 47.13  
 1500 N	 54.81  
 1501 S	 23.81  
 1502 L	 4.60  
 1503 Q	 38.81  
 1504 A	 19.07  
 1505 A	 6.83  
 1506 K	 46.10  
 1507 A	 24.07  
 1508 G	 28.97  
 1509 L	 10.03  
 1510 E	 51.34  
 1511 D	 72.18  
 1512 E	 28.65  
 1513 C	 6.71  
 1514 K	 48.85  
 1515 T	 38.54  
 1516 L	 3.14  
 1517 R	 39.23  
 1518 Q	 58.20  
 1519 K	 35.09  
 1520 V	 4.12  
 1521 E	 49.12  
 1522 I	 5.84  
 1523 L	 2.29  
 1524 N	 42.77  
 1525 E	 45.46  
 1526 L	 4.56  
 1527 Y	 11.61  
 1528 Q	 61.57  
 1529 Q	 30.07  
 1530 K	 33.65  
 1531 E	 25.92  
 1532 M	 6.09  
 1533 A	 14.13  
 1534 L	 8.07  
 1535 Q	 31.16  
 1536 K	 57.44  
 1537 K	 40.17  
 1538 L	 9.11  
 1539 S	 44.41  
 1540 Q	 58.96  
 1541 E	 60.20  
 1542 E	 45.09  
 1543 Y	 18.69  
 1544 E	 51.69  
 1545 R	 42.64  
 1546 Q	 42.00  
 1547 E	 67.28  
 1548 R	 36.36  
 1549 E	 32.38  
 1550 H	 42.05  
 1551 R	 26.11  
 1552 L	 4.39  
 1553 S	 22.74  
 1554 A	 24.43  
 1555 A	 23.32  
 1556 D	 58.61  
 1557 E	 37.88  
 1558 K	 55.42  
 1559 A	 9.84  
 1560 V	 6.23  
 1561 S	 26.99  
 1562 A	 16.58  
 1563 A	 13.13  
 1564 E	 64.14  
 1565 E	 44.58  
 1566 V	 4.17  
 1567 K	 49.79  
 1568 T	 39.18  
 1569 Y	 9.22  
 1570 K	 40.19  
 1571 R	 34.10  
 1572 R	 36.20  
 1573 I	 6.45  
 1574 E	 49.86  
 1575 E	 45.56  
 1576 M	 5.22  
 1577 E	 52.17  
 1578 D	 61.67  
 1579 E	 39.53  
 1580 L	 11.08  
 1581 Q	 48.88  
 1582 K	 66.05  
 1583 T	 24.54  
 1584 E	 54.05  
 1585 R	 53.26  
 1586 S	 34.05  
 1587 F	 12.33  
 1588 K	 49.54  
 1589 N	 36.16  
 1590 Q	 27.55  
 1591 I	 7.16  
 1592 A	 7.98  
 1593 T	 32.00  
 1594 H	 35.54  
 1595 E	 52.47  
 1596 K	 47.89  
 1597 K	 52.57  
 1598 A	 26.71  
 1599 H	 37.49  
 1600 E	 55.77  
 1601 N	 39.24  
 1602 W	 9.03  
 1603 L	 4.72  
 1604 K	 27.69  
 1605 A	 12.27  
 1606 R	 32.51  
 1607 A	 20.66  
 1608 A	 10.97  
 1609 E	 41.48  
 1610 R	 26.94  
 1611 A	 9.24  
 1612 I	 6.58  
 1613 A	 20.22  
 1614 E	 58.92  
 1615 E	 48.68  
 1616 K	 47.22  
 1617 R	 41.91  
 1618 E	 64.30  
 1619 A	 12.99  
 1620 A	 15.73  
 1621 N	 44.66  
 1622 L	 5.35  
 1623 R	 25.38  
 1624 H	 28.43  
 1625 K	 48.62  
 1626 L	 3.52  
 1627 L	 6.38  
 1628 E	 61.27  
 1629 L	 6.57  
 1630 T	 19.44  
 1631 Q	 46.26  
 1632 K	 24.32  
 1633 M	 1.58  
 1634 A	 11.54  
 1635 M	 3.38  
 1636 L	 4.15  
 1637 Q	 39.66  
 1638 E	 61.38  
 1639 E	 31.72  
 1640 P	 22.00  
 1641 V	 9.94  
 1642 I	 4.89  
 1643 V	 6.07  
 1644 K	 25.19  
 1645 P	 24.25  
 1646 M	 5.91  
 1647 P	 57.07  
 1648 G	 52.37  
 1649 K	 29.26  
 1650 P	 55.82  
 1651 N	 58.75  
 1652 T	 37.95  
 1653 Q	 68.05  
 1654 N	 46.64  
 1655 P	 17.60  
 1656 P	 46.26  
 1657 R	 58.40  
 1658 R	 57.78  
 1659 G	 28.87  
 1660 P	 27.33  
 1661 L	 10.28  
 1662 S	 25.41  
 1663 Q	 67.02  
 1664 N	 44.71  
 1665 G	 19.40  
 1666 S	 34.28  
 1667 F	 20.70  
 1668 G	 24.39  
 1669 P	 33.19  
 1670 S	 38.01  
 1671 P	 27.68  
 1672 V	 11.02  
 1673 S	 44.45  
 1674 G	 35.83  
 1675 G	 25.82  
 1676 E	 35.03  
 1677 C	 9.29  
 1678 S	 25.83  
 1679 P	 39.31  
 1680 P	 25.11  
 1681 L	 10.73  
 1682 T	 28.70  
 1683 V	 15.94  
 1684 E	 38.36  
 1685 P	 28.49  
 1686 P	 22.65  
 1687 V	 16.80  
 1688 R	 32.01  
 1689 P	 30.79  
 1690 L	 3.69  
 1691 S	 23.14  
 1692 A	 24.64  
 1693 T	 22.61  
 1694 L	 4.73  
 1695 N	 32.36  
 1696 R	 38.80  
 1697 R	 43.43  
 1698 D	 48.47  
 1699 M	 2.56  
 1700 P	 40.72  
 1701 R	 42.03  
 1702 S	 31.26  
 1703 E	 56.13  
 1704 F	 10.48  
 1705 G	 23.78  
 1706 S	 23.50  
 1707 V	 11.46  
 1708 D	 55.48  
 1709 G	 24.40  
 1710 P	 37.95  
 1711 L	 8.12  
 1712 P	 38.27  
 1713 H	 32.04  
 1714 P	 37.18  
 1715 R	 36.63  
 1716 W	 13.32  
 1717 S	 19.94  
 1718 A	 14.93  
 1719 E	 37.54  
 1720 A	 24.25  
 1721 S	 38.56  
 1722 G	 53.60  
 1723 K	 39.57  
 1724 P	 55.81  
 1725 S	 40.29  
 1726 P	 51.80  
 1727 S	 61.85  
 1728 D	 55.77  
 1729 P	 43.09  
 1730 G	 43.64  
 1731 S	 38.06  
 1732 G	 25.86  
 1733 T	 22.20  
 1734 A	 9.31  
 1735 T	 19.45  
 1736 M	 1.91  
 1737 M	 3.70  
 1738 N	 28.11  
 1739 S	 16.28  
 1740 S	 21.03  
 1741 S	 40.25  
 1742 R	 51.46  
 1743 G	 34.13  
 1744 S	 31.84  
 1745 S	 32.87  
 1746 P	 26.39  
 1747 T	 35.04  
 1748 R	 30.31  
 1749 V	 9.69  
 1750 L	 4.46  
 1751 D	 60.80  
 1752 E	 57.67  
 1753 G	 38.59  
 1754 K	 28.52  
 1755 V	 9.71  
 1756 N	 25.12  
 1757 M	 8.27  
 1758 A	 9.46  
 1759 P	 31.22  
 1760 K	 74.61  
 1761 G	 38.60  
 1762 P	 39.25  
 1763 P	 52.40  
 1764 P	 51.72  
 1765 F	 11.52  
 1766 P	 48.96  
 1767 G	 33.77  
 1768 V	 3.15  
 1769 P	 28.41  
 1770 L	 3.83  
 1771 M	 3.25  
 1772 S	 36.72  
 1773 T	 11.88  
 1774 P	 16.47  
 1775 M	 11.11  
 1776 G	 38.16  
 1777 G	 17.49  
 1778 P	 29.70  
 1779 V	 14.55  
 1780 P	 31.89  
 1781 P	 36.86  
 1782 P	 20.02  
 1783 I	 6.99  
 1784 R	 35.81  
 1785 Y	 34.40  
 1786 G	 20.56  
 1787 P	 28.59  
 1788 P	 25.55  
 1789 P	 42.80  
 1790 Q	 55.98  
 1791 L	 4.49  
 1792 C	 5.68  
 1793 G	 29.21  
 1794 P	 29.99  
 1795 F	 14.80  
 1796 G	 22.05  
 1797 P	 34.79  
 1798 R	 45.85  
 1799 P	 52.96  
 1800 L	 11.97  
 1801 P	 36.88  
 1802 P	 44.53  
 1803 P	 44.90  
 1804 F	 26.34  
 1805 G	 24.51  
 1806 P	 33.51  
 1807 G	 25.72  
 1808 M	 7.00  
 1809 R	 35.28  
 1810 P	 21.41  
 1811 P	 28.79  
 1812 L	 12.82  
 1813 G	 28.58  
 1814 L	 6.63  
 1815 R	 34.88  
 1816 E	 51.72  
 1817 F	 8.87  
 1818 A	 8.66  
 1819 P	 50.03  
 1820 G	 40.93  
 1821 V	 5.14  
 1822 P	 31.38  
 1823 P	 46.66  
 1824 G	 31.05  
 1825 R	 34.41  
 1826 R	 56.59  
 1827 D	 51.80  
 1828 L	 4.63  
 1829 P	 32.67  
 1830 L	 12.96  
 1831 H	 14.20  
 1832 P	 45.86  
 1833 R	 37.43  
 1834 G	 32.66  
 1835 F	 8.64  
 1836 L	 5.75  
 1837 P	 30.20  
 1838 G	 31.56  
 1839 H	 28.43  
 1840 A	 15.73  
 1841 P	 21.80  
 1842 F	 15.13  
 1843 R	 25.19  
 1844 P	 41.26  
 1845 L	 6.75  
 1846 G	 24.41  
 1847 S	 37.52  
 1848 L	 11.83  
 1849 G	 22.40  
 1850 P	 31.09  
 1851 R	 49.83  
 1852 E	 48.18  
 1853 Y	 14.21  
 1854 F	 4.68  
 1855 I	 2.77  
 1856 P	 28.36  
 1857 G	 20.74  
 1858 T	 24.55  
 1859 R	 51.63  
 1860 L	 8.19  
 1861 P	 29.54  
 1862 P	 51.52  
 1863 P	 34.78  
 1864 T	 45.28  
 1865 H	 52.27  
 1866 G	 28.23  
 1867 P	 19.07  
 1868 Q	 68.40  
 1869 E	 64.24  
 1870 Y	 18.78  
 1871 P	 33.88  
 1872 P	 46.75  
 1873 P	 25.61  
 1874 P	 49.51  
 1875 A	 18.10  
 1876 V	 6.37  
 1877 R	 30.85  
 1878 D	 46.06  
 1879 L	 5.48  
 1880 L	 3.57  
 1881 P	 43.89  
 1882 S	 49.74  
 1883 G	 25.43  
 1884 S	 40.68  
 1885 R	 56.70  
 1886 D	 74.56  
 1887 E	 59.61  
 1888 P	 44.45  
 1889 P	 34.73  
 1890 P	 56.08  
 1891 A	 26.44  
 1892 S	 30.36  
 1893 Q	 53.48  
 1894 S	 27.77  
 1895 T	 23.83  
 1896 S	 29.30  
 1897 Q	 56.68  
 1898 D	 33.53  
 1899 C	 2.23  
 1900 S	 27.12  
 1901 Q	 57.98  
 1902 A	 10.63  
 1903 L	 3.93  
 1904 K	 52.31  
 1905 Q	 62.88  
 1906 S	 30.87  
 1907 P	 45.82  
