 1 M	 7.43  
 2 R	 34.70  
 3 S	 31.14  
 4 A	 14.78  
 5 A	 21.49  
 6 K	 46.89  
 7 P	 31.86  
 8 W	 17.98  
 9 S	 20.30  
 10 P	 26.64  
 11 V	 7.72  
 12 A	 10.20  
 13 K	 54.22  
 14 A	 18.25  
 15 G	 21.33  
 16 S	 30.08  
 17 H	 51.38  
 18 G	 27.74  
 19 P	 23.61  
 20 D	 70.00  
 21 R	 35.45  
 22 T	 43.98  
 23 R	 31.48  
 24 P	 42.15  
 25 L	 5.72  
 26 P	 47.50  
 27 G	 58.92  
 28 T	 16.61  
 29 P	 34.50  
 30 S	 51.89  
 31 G	 28.83  
 32 M	 4.46  
 33 K	 55.92  
 34 S	 33.82  
 35 S	 30.91  
 36 K	 56.36  
 37 S	 40.57  
 38 S	 26.25  
 39 T	 34.55  
 40 S	 21.46  
 41 L	 6.83  
 42 A	 13.11  
 43 F	 12.12  
 44 E	 29.37  
 45 S	 31.87  
 46 R	 35.46  
 47 L	 8.03  
 48 S	 34.53  
 49 K	 63.72  
 50 L	 4.00  
 51 K	 50.05  
 52 R	 50.57  
 53 A	 18.80  
 54 S	 37.99  
 55 S	 38.21  
 56 E	 53.14  
 57 D	 59.44  
 58 T	 28.33  
 59 L	 13.84  
 60 N	 51.04  
 61 K	 54.60  
 62 P	 40.68  
 63 G	 37.14  
 64 S	 33.24  
 65 A	 17.40  
 66 S	 29.35  
 67 S	 36.68  
 68 G	 18.01  
 69 V	 2.79  
 70 A	 18.02  
 71 R	 44.63  
 72 L	 4.87  
 73 K	 48.75  
 74 K	 52.91  
 75 T	 35.33  
 76 S	 29.47  
 77 T	 36.09  
 78 S	 26.45  
 79 G	 27.33  
 80 A	 11.25  
 81 I	 3.62  
 82 S	 26.48  
 83 E	 54.31  
 84 L	 5.27  
 85 T	 28.06  
 86 E	 46.62  
 87 S	 31.23  
 88 R	 28.08  
 89 L	 11.09  
 90 R	 27.10  
 91 S	 43.25  
 92 N	 35.77  
 93 T	 36.63  
 94 G	 26.37  
 95 T	 23.03  
 96 I	 2.78  
 97 P	 33.58  
 98 T	 40.89  
 99 T	 17.11  
 100 K	 50.90  
 101 R	 35.77  
 102 T	 40.81  
 103 G	 28.10  
 104 I	 2.32  
 105 P	 37.24  
 106 A	 17.54  
 107 P	 25.56  
 108 R	 60.64  
 109 E	 44.32  
 110 L	 5.42  
 111 S	 16.68  
 112 V	 9.59  
 113 T	 15.17  
 114 I	 3.24  
 115 S	 20.80  
 116 R	 39.22  
 117 E	 42.38  
 118 R	 41.67  
 119 S	 31.55  
 120 V	 4.73  
 121 P	 36.44  
 122 R	 68.45  
 123 G	 22.00  
 124 P	 32.11  
 125 S	 50.49  
 126 S	 49.68  
 127 S	 37.84  
 128 K	 54.70  
 129 K	 61.09  
 130 L	 10.39  
 131 G	 34.65  
 132 S	 43.51  
 133 S	 30.33  
 134 P	 37.69  
 135 T	 34.91  
 136 S	 35.96  
 137 S	 22.01  
 138 C	 7.67  
 139 N	 45.49  
 140 P	 44.04  
 141 T	 29.60  
 142 P	 40.48  
 143 T	 33.31  
 144 K	 41.67  
 145 H	 24.03  
 146 L	 5.77  
 147 R	 35.95  
 148 T	 43.42  
 149 T	 18.15  
 150 P	 37.36  
 151 A	 38.40  
 152 K	 54.68  
 153 P	 45.74  
 154 K	 68.55  
 155 Q	 66.85  
 156 E	 50.46  
 157 H	 35.98  
 158 E	 60.39  
 159 G	 40.73  
 160 A	 16.48  
 161 E	 53.02  
 162 K	 43.17  
 163 A	 11.57  
 164 V	 10.11  
 165 L	 6.65  
 166 E	 32.31  
 167 S	 29.79  
 168 Q	 28.98  
 169 V	 7.75  
 170 R	 22.62  
 171 E	 49.64  
 172 L	 3.73  
 173 L	 3.29  
 174 A	 27.59  
 175 E	 51.14  
 176 A	 21.14  
 177 K	 47.84  
 178 T	 47.32  
 179 K	 59.56  
 180 D	 57.65  
 181 S	 41.76  
 182 E	 55.18  
 183 I	 4.15  
 184 N	 32.65  
 185 R	 36.82  
 186 L	 6.46  
 187 R	 25.50  
 188 S	 52.45  
 189 E	 59.17  
 190 L	 7.29  
 191 K	 52.66  
 192 K	 64.26  
 193 C	 5.45  
 194 K	 60.23  
 195 E	 64.03  
 196 R	 14.95  
 197 W	 11.57  
 198 A	 9.61  
 199 L	 5.30  
 200 S	 23.23  
 201 T	 38.44  
 202 E	 52.31  
 203 D	 45.25  
 204 A	 13.78  
 205 N	 52.91  
 206 A	 19.61  
 207 S	 50.27  
 208 D	 38.47  
 209 P	 32.70  
 210 S	 43.90  
 211 A	 25.32  
 212 E	 62.51  
 213 G	 26.71  
 214 T	 18.57  
 215 A	 33.67  
 216 S	 29.10  
 217 P	 42.52  
 218 E	 59.77  
 219 S	 41.45  
 220 D	 47.78  
 221 A	 23.36  
 222 Q	 38.02  
 223 P	 31.32  
 224 L	 2.48  
 225 I	 3.93  
 226 R	 40.72  
 227 T	 31.37  
 228 L	 6.01  
 229 E	 67.33  
 230 E	 66.11  
 231 K	 55.13  
 232 N	 52.45  
 233 K	 62.88  
 234 T	 40.46  
 235 F	 11.88  
 236 Q	 43.47  
 237 K	 50.97  
 238 E	 38.11  
 239 L	 6.06  
 240 A	 22.04  
 241 D	 68.20  
 242 L	 8.10  
 243 E	 64.91  
 244 E	 68.79  
 245 E	 42.51  
 246 N	 37.49  
 247 R	 44.57  
 248 A	 34.27  
 249 L	 7.13  
 250 K	 52.39  
 251 E	 54.90  
 252 K	 44.54  
 253 L	 3.90  
 254 T	 36.81  
 255 Y	 20.76  
 256 L	 3.99  
 257 E	 38.30  
 258 Q	 62.69  
 259 S	 19.37  
 260 P	 48.32  
 261 N	 58.92  
 262 S	 40.57  
 263 E	 60.54  
 264 G	 26.68  
 265 A	 11.18  
 266 A	 16.83  
 267 S	 22.50  
 268 H	 29.19  
 269 T	 39.94  
 270 G	 27.64  
 271 D	 38.23  
 272 S	 34.87  
 273 S	 28.93  
 274 C	 5.02  
 275 P	 31.00  
 276 T	 36.77  
 277 S	 15.61  
 278 I	 5.12  
 279 T	 21.25  
 280 H	 31.13  
 281 E	 39.15  
 282 S	 24.30  
 283 S	 30.55  
 284 F	 18.29  
 285 G	 32.75  
 286 S	 17.88  
 287 P	 38.11  
 288 V	 16.03  
 289 G	 25.86  
 290 N	 47.47  
 291 E	 44.06  
 292 L	 8.72  
 293 S	 21.68  
 294 S	 58.08  
 295 E	 57.83  
 296 T	 35.76  
 297 D	 47.05  
 298 E	 48.65  
 299 Y	 14.27  
 300 R	 27.67  
 301 R	 42.97  
 302 T	 17.72  
 303 T	 23.56  
 304 H	 27.83  
 305 G	 16.72  
 306 S	 19.27  
 307 A	 12.98  
 308 L	 7.03  
 309 R	 26.94  
 310 T	 37.99  
 311 S	 30.18  
 312 G	 30.82  
 313 S	 27.15  
 314 S	 37.07  
 315 S	 32.05  
 316 S	 37.74  
 317 D	 54.79  
 318 V	 6.81  
 319 T	 26.36  
 320 K	 35.51  
 321 A	 13.31  
 322 S	 30.82  
 323 L	 11.71  
 324 S	 20.45  
 325 P	 46.62  
 326 D	 56.16  
 327 A	 17.87  
 328 S	 50.65  
 329 D	 55.46  
 330 F	 7.34  
 331 E	 39.09  
 332 H	 23.77  
 333 I	 2.40  
 334 T	 22.01  
 335 A	 20.34  
 336 D	 50.96  
 337 T	 22.24  
 338 P	 28.96  
 339 S	 48.93  
 340 R	 37.06  
 341 P	 34.70  
 342 L	 5.45  
 343 S	 31.98  
 344 A	 23.80  
 345 T	 26.17  
 346 S	 42.07  
 347 N	 41.49  
 348 P	 37.50  
 349 F	 16.34  
 350 K	 55.89  
 351 S	 37.35  
 352 S	 41.44  
 353 K	 71.19  
 354 G	 40.58  
 355 S	 24.03  
 356 P	 49.82  
 357 T	 51.93  
 358 G	 29.52  
 359 S	 45.13  
 360 S	 32.75  
 361 P	 39.53  
 362 N	 59.66  
 363 N	 48.50  
 364 A	 15.83  
 365 S	 40.99  
 366 E	 39.71  
 367 L	 4.75  
 368 S	 20.17  
 369 L	 6.16  
 370 A	 10.10  
 371 S	 40.91  
 372 L	 6.28  
 373 T	 32.51  
 374 E	 54.15  
 375 K	 45.24  
 376 I	 3.76  
 377 Q	 50.54  
 378 K	 52.32  
 379 M	 4.47  
 380 E	 61.91  
 381 E	 59.71  
 382 N	 31.40  
 383 Q	 34.88  
 384 H	 38.40  
 385 S	 21.39  
 386 T	 35.64  
 387 A	 15.98  
 388 E	 60.37  
 389 E	 43.66  
 390 L	 2.94  
 391 Q	 35.26  
 392 A	 23.93  
 393 T	 18.93  
 394 L	 4.11  
 395 Q	 45.27  
 396 E	 54.04  
 397 L	 4.39  
 398 S	 32.40  
 399 D	 64.03  
 400 Q	 31.84  
 401 Q	 38.02  
 402 Q	 28.51  
 403 M	 2.67  
 404 V	 3.30  
 405 Q	 34.34  
 406 E	 36.36  
 407 L	 2.84  
 408 T	 31.04  
 409 A	 30.18  
 410 E	 61.76  
 411 N	 49.60  
 412 E	 38.99  
 413 K	 66.45  
 414 L	 4.84  
 415 V	 15.37  
 416 D	 63.21  
 417 E	 44.62  
 418 K	 36.08  
 419 T	 28.84  
 420 I	 4.91  
 421 L	 7.70  
 422 E	 38.26  
 423 T	 32.99  
 424 S	 16.03  
 425 F	 9.32  
 426 H	 23.46  
 427 Q	 35.01  
 428 H	 25.62  
 429 R	 28.64  
 430 E	 54.86  
 431 R	 43.30  
 432 A	 12.25  
 433 E	 59.27  
 434 Q	 45.49  
 435 L	 4.25  
 436 S	 34.83  
 437 Q	 67.15  
 438 E	 65.07  
 439 N	 44.03  
 440 E	 48.78  
 441 K	 67.27  
 442 L	 2.27  
 443 I	 5.17  
 444 N	 45.17  
 445 L	 4.07  
 446 L	 4.26  
 447 Q	 39.35  
 448 E	 60.45  
 449 R	 31.58  
 450 V	 8.42  
 451 K	 65.93  
 452 N	 56.88  
 453 E	 66.62  
 454 E	 54.68  
 455 P	 28.87  
 456 S	 36.18  
 457 A	 23.81  
 458 Q	 66.56  
 459 G	 37.29  
 460 G	 12.57  
 461 K	 50.93  
 462 V	 5.93  
 463 L	 7.67  
 464 E	 53.93  
 465 L	 8.05  
 466 E	 38.32  
 467 Q	 59.76  
 468 K	 29.71  
 469 C	 4.06  
 470 T	 32.86  
 471 D	 53.60  
 472 I	 2.63  
 473 L	 8.25  
 474 E	 49.69  
 475 K	 43.41  
 476 S	 32.59  
 477 R	 48.81  
 478 F	 15.57  
 479 E	 59.84  
 480 R	 43.57  
 481 E	 40.64  
 482 K	 65.58  
 483 L	 3.66  
 484 L	 8.65  
 485 N	 40.22  
 486 I	 3.84  
 487 Q	 24.72  
 488 Q	 36.13  
 489 Q	 23.51  
 490 L	 4.54  
 491 T	 8.84  
 492 C	 4.98  
 493 S	 26.44  
 494 L	 7.17  
 495 R	 25.36  
 496 K	 60.33  
 497 V	 10.14  
 498 E	 63.73  
 499 E	 66.30  
 500 E	 41.15  
 501 N	 49.19  
 502 Q	 46.07  
 503 G	 35.76  
 504 A	 5.71  
 505 I	 4.77  
 506 D	 32.02  
 507 M	 3.43  
 508 I	 1.95  
 509 K	 35.93  
 510 H	 31.07  
 511 L	 6.75  
 512 K	 63.80  
 513 E	 72.86  
 514 E	 69.93  
 515 N	 53.44  
 516 E	 63.30  
 517 K	 59.85  
 518 L	 6.55  
 519 N	 50.68  
 520 G	 38.66  
 521 F	 7.62  
 522 L	 7.52  
 523 E	 41.25  
 524 H	 29.92  
 525 E	 49.94  
 526 R	 30.30  
 527 C	 5.28  
 528 N	 50.46  
 529 N	 39.34  
 530 S	 10.16  
 531 V	 4.74  
 532 M	 2.96  
 533 A	 10.26  
 534 K	 35.23  
 535 T	 29.84  
 536 L	 5.27  
 537 E	 61.35  
 538 E	 30.64  
 539 C	 2.87  
 540 R	 27.95  
 541 V	 12.38  
 542 T	 10.35  
 543 L	 4.49  
 544 E	 53.79  
 545 G	 33.44  
 546 L	 3.31  
 547 K	 55.83  
 548 M	 6.10  
 549 E	 57.78  
 550 N	 41.68  
 551 G	 22.50  
 552 S	 37.97  
 553 L	 3.89  
 554 K	 38.39  
 555 A	 23.75  
 556 L	 4.20  
 557 L	 6.44  
 558 E	 56.52  
 559 A	 29.30  
 560 D	 44.54  
 561 K	 61.83  
 562 Q	 40.74  
 563 K	 58.01  
 564 A	 11.45  
 565 I	 6.14  
 566 E	 47.56  
 567 A	 11.58  
 568 S	 17.47  
 569 S	 33.87  
 570 T	 26.59  
 571 V	 6.05  
 572 G	 21.14  
 573 Q	 32.95  
 574 T	 29.97  
 575 A	 11.22  
 576 E	 66.88  
 577 N	 35.59  
 578 F	 7.97  
 579 E	 55.67  
 580 V	 5.23  
 581 Q	 24.16  
 582 E	 52.22  
 583 M	 2.16  
 584 L	 3.87  
 585 K	 32.32  
 586 V	 3.72  
 587 A	 11.90  
 588 R	 46.39  
 589 A	 20.60  
 590 E	 52.17  
 591 K	 50.19  
 592 D	 46.02  
 593 Q	 42.02  
 594 L	 8.74  
 595 Q	 26.20  
 596 L	 6.54  
 597 S	 13.16  
 598 C	 4.69  
 599 T	 34.38  
 600 E	 46.40  
 601 L	 3.55  
 602 R	 22.99  
 603 Q	 59.31  
 604 E	 50.03  
 605 L	 4.50  
 606 L	 4.91  
 607 K	 53.05  
 608 A	 29.27  
 609 N	 47.22  
 610 G	 42.75  
 611 E	 48.98  
 612 I	 3.86  
 613 K	 33.38  
 614 H	 30.28  
 615 V	 3.36  
 616 S	 18.26  
 617 S	 26.72  
 618 L	 4.14  
 619 L	 4.68  
 620 A	 17.91  
 621 K	 47.78  
 622 M	 6.87  
 623 E	 41.91  
 624 K	 59.47  
 625 D	 25.06  
 626 Y	 15.41  
 627 S	 33.84  
 628 Y	 18.63  
 629 L	 2.91  
 630 K	 39.61  
 631 E	 45.87  
 632 V	 4.43  
 633 C	 3.97  
 634 D	 41.95  
 635 H	 24.51  
 636 Q	 33.09  
 637 A	 11.77  
 638 E	 45.55  
 639 Q	 47.99  
 640 L	 2.55  
 641 S	 32.95  
 642 R	 36.61  
 643 T	 34.73  
 644 S	 23.54  
 645 L	 6.75  
 646 K	 48.14  
 647 L	 10.89  
 648 Q	 48.86  
 649 E	 62.11  
 650 K	 44.23  
 651 A	 20.13  
 652 S	 49.02  
 653 E	 58.46  
 654 S	 39.36  
 655 D	 44.14  
 656 A	 29.68  
 657 E	 56.41  
 658 I	 5.00  
 659 K	 43.19  
 660 D	 60.07  
 661 M	 3.43  
 662 K	 62.94  
 663 E	 40.26  
 664 T	 26.00  
 665 I	 2.37  
 666 F	 13.15  
 667 E	 47.61  
 668 L	 6.47  
 669 E	 38.92  
 670 D	 71.14  
 671 Q	 31.13  
 672 V	 13.63  
 673 E	 34.73  
 674 Q	 32.29  
 675 H	 13.23  
 676 R	 40.55  
 677 A	 10.73  
 678 V	 7.36  
 679 K	 42.94  
 680 L	 4.14  
 681 H	 26.02  
 682 N	 48.67  
 683 N	 27.56  
 684 Q	 45.55  
 685 L	 5.17  
 686 I	 1.85  
 687 S	 44.73  
 688 E	 43.79  
 689 L	 7.83  
 690 E	 45.42  
 691 G	 39.58  
 692 S	 15.99  
 693 V	 7.04  
 694 I	 4.51  
 695 K	 47.92  
 696 L	 6.35  
 697 E	 54.07  
 698 E	 73.98  
 699 Q	 40.97  
 700 K	 49.57  
 701 S	 47.31  
 702 D	 60.63  
 703 L	 8.25  
 704 E	 43.29  
 705 R	 55.20  
 706 Q	 37.63  
 707 L	 5.99  
 708 K	 32.90  
 709 T	 48.53  
 710 L	 5.57  
 711 T	 26.57  
 712 K	 53.81  
 713 Q	 46.91  
 714 I	 6.90  
 715 K	 47.18  
 716 E	 72.31  
 717 E	 57.42  
 718 T	 40.05  
 719 E	 59.86  
 720 E	 54.42  
 721 W	 7.19  
 722 R	 32.58  
 723 R	 29.15  
 724 F	 5.43  
 725 Q	 31.96  
 726 A	 19.44  
 727 D	 28.64  
 728 L	 5.66  
 729 Q	 28.14  
 730 T	 28.81  
 731 A	 4.52  
 732 V	 3.95  
 733 V	 2.89  
 734 V	 3.11  
 735 A	 9.07  
 736 N	 39.67  
 737 D	 31.80  
 738 I	 5.73  
 739 K	 28.96  
 740 C	 5.53  
 741 E	 44.50  
 742 A	 26.31  
 743 Q	 18.26  
 744 Q	 59.75  
 745 E	 28.30  
 746 L	 4.90  
 747 R	 36.40  
 748 T	 42.90  
 749 V	 3.52  
 750 K	 31.05  
 751 R	 30.09  
 752 R	 37.60  
 753 L	 9.07  
 754 L	 8.05  
 755 E	 68.87  
 756 E	 72.00  
 757 E	 65.97  
 758 E	 55.69  
 759 K	 60.22  
 760 N	 33.31  
 761 A	 25.32  
 762 R	 47.23  
 763 L	 8.73  
 764 Q	 31.46  
 765 K	 60.54  
 766 E	 45.05  
 767 L	 10.87  
 768 G	 30.94  
 769 D	 42.54  
 770 I	 5.12  
 771 Q	 48.57  
 772 G	 22.52  
 773 H	 9.60  
 774 S	 34.36  
 775 R	 26.64  
 776 W	 8.61  
 777 V	 3.85  
 778 T	 17.62  
 779 G	 13.96  
 780 R	 18.29  
 781 A	 12.16  
 782 T	 27.71  
 783 L	 5.06  
 784 L	 3.75  
 785 P	 29.96  
 786 V	 16.56  
 787 N	 46.07  
 788 E	 75.14  
 789 E	 50.16  
 790 P	 53.25  
 791 E	 65.81  
 792 P	 48.46  
 793 S	 43.70  
 794 E	 62.37  
 795 A	 18.97  
 796 D	 32.66  
 797 A	 20.90  
 798 A	 14.50  
 799 G	 31.25  
 800 R	 18.39  
 801 W	 10.64  
 802 R	 24.28  
 803 G	 14.24  
 804 V	 3.46  
 805 Y	 8.54  
 806 V	 3.48  
 807 N	 24.67  
 808 R	 26.91  
 809 T	 33.58  
 810 S	 18.81  
 811 P	 47.80  
 812 A	 18.92  
 813 P	 41.89  
 814 S	 46.43  
 815 D	 41.03  
 816 S	 31.67  
 817 A	 16.57  
 818 T	 35.75  
 819 T	 26.17  
 820 V	 3.26  
 821 K	 37.14  
 822 S	 30.87  
 823 L	 4.78  
 824 I	 4.54  
 825 K	 50.81  
 826 S	 19.59  
 827 F	 8.36  
 828 D	 59.85  
 829 L	 6.65  
 830 G	 18.11  
 831 H	 30.48  
 832 S	 36.80  
 833 G	 31.82  
 834 G	 29.68  
 835 T	 35.26  
 836 G	 23.63  
 837 Q	 37.11  
 838 S	 20.41  
 839 I	 3.71  
 840 S	 24.34  
 841 V	 5.24  
 842 H	 22.83  
 843 K	 59.05  
 844 T	 14.73  
 845 P	 39.28  
 846 R	 57.02  
 847 S	 31.25  
 848 P	 31.65  
 849 L	 8.47  
 850 S	 37.75  
 851 G	 35.58  
 852 I	 2.27  
 853 P	 17.05  
 854 V	 8.85  
 855 R	 21.59  
 856 T	 36.91  
 857 A	 4.91  
 858 P	 23.09  
 859 A	 12.94  
 860 A	 13.82  
 861 A	 12.39  
 862 V	 5.90  
 863 S	 15.21  
 864 P	 19.14  
 865 M	 4.21  
 866 Q	 43.23  
 867 R	 21.33  
 868 H	 13.96  
 869 S	 31.09  
 870 T	 22.69  
 871 Y	 11.19  
 872 S	 24.84  
 873 S	 22.03  
 874 M	 5.05  
 875 K	 39.10  
 876 P	 32.88  
 877 A	 20.53  
 878 S	 39.90  
 879 K	 69.21  
 880 G	 28.27  
 881 T	 25.98  
 882 S	 23.21  
 883 Q	 50.20  
 884 R	 29.91  
 885 L	 6.51  
 886 D	 59.34  
 887 L	 4.15  
 888 P	 40.53  
 889 D	 69.12  
 890 L	 4.31  
 891 P	 36.88  
 892 L	 8.93  
 893 S	 25.03  
 894 D	 64.80  
 895 L	 4.84  
 896 L	 7.11  
 897 K	 54.36  
 898 G	 33.72  
 899 R	 32.96  
 900 A	 31.54  
 901 E	 57.92  
 902 D	 63.42  
 903 R	 31.70  
 904 K	 72.09  
 905 S	 44.72  
 906 D	 38.61  
 907 P	 36.83  
 908 Y	 24.91  
 909 L	 7.27  
 910 R	 31.40  
 911 K	 65.21  
 912 S	 17.18  
 913 P	 46.07  
 914 S	 52.43  
 915 L	 6.18  
 916 E	 54.71  
 917 S	 36.62  
 918 L	 3.53  
 919 S	 52.61  
 920 R	 53.06  
 921 P	 21.32  
 922 P	 40.87  
 923 S	 43.75  
 924 L	 8.98  
 925 G	 32.52  
 926 F	 9.16  
 927 G	 32.57  
 928 N	 21.55  
 929 T	 24.07  
 930 R	 37.32  
 931 L	 4.11  
 932 L	 3.47  
 933 S	 25.43  
 934 A	 15.87  
 935 S	 24.98  
 936 T	 34.68  
 937 G	 36.62  
 938 G	 30.53  
 939 L	 8.57  
 940 K	 50.98  
 941 P	 41.56  
 942 S	 44.64  
 943 K	 53.99  
 944 L	 8.99  
 945 S	 26.18  
 946 V	 10.85  
 947 E	 38.33  
 948 R	 46.26  
 949 R	 36.07  
 950 D	 49.11  
 951 P	 23.30  
 952 L	 5.22  
 953 A	 13.06  
 954 A	 14.94  
 955 L	 3.72  
 956 A	 9.49  
 957 R	 38.22  
 958 E	 42.81  
 959 Y	 22.64  
 960 G	 29.19  
 961 G	 29.14  
 962 S	 24.87  
 963 K	 53.60  
 964 R	 35.04  
 965 N	 38.38  
 966 A	 20.50  
 967 L	 6.04  
 968 L	 3.63  
 969 K	 46.93  
 970 W	 6.97  
 971 C	 3.98  
 972 Q	 49.52  
 973 K	 59.53  
 974 K	 26.40  
 975 T	 41.50  
 976 E	 60.12  
 977 G	 31.89  
 978 Y	 7.11  
 979 A	 19.84  
 980 N	 24.79  
 981 I	 2.85  
 982 D	 41.28  
 983 I	 2.76  
 984 T	 26.85  
 985 N	 34.83  
 986 F	 5.84  
 987 S	 26.07  
 988 S	 31.52  
 989 S	 29.42  
 990 W	 11.46  
 991 S	 24.61  
 992 D	 50.28  
 993 G	 13.82  
 994 L	 3.85  
 995 A	 13.21  
 996 L	 1.79  
 997 C	 1.77  
 998 A	 17.63  
 999 L	 3.34  
 1000 L	 1.19  
 1001 H	 17.20  
 1002 T	 27.07  
 1003 Y	 10.43  
 1004 L	 2.96  
 1005 P	 16.04  
 1006 A	 15.62  
 1007 H	 21.44  
 1008 I	 3.55  
 1009 P	 18.19  
 1010 Y	 17.64  
 1011 Q	 43.26  
 1012 E	 44.04  
 1013 L	 4.39  
 1014 N	 40.68  
 1015 S	 52.95  
 1016 Q	 66.51  
 1017 E	 61.44  
 1018 K	 49.77  
 1019 K	 45.85  
 1020 R	 50.53  
 1021 N	 43.87  
 1022 L	 4.88  
 1023 L	 3.56  
 1024 L	 6.05  
 1025 A	 10.53  
 1026 F	 7.10  
 1027 E	 37.17  
 1028 A	 12.35  
 1029 A	 8.59  
 1030 Q	 45.77  
 1031 S	 19.99  
 1032 V	 6.24  
 1033 G	 21.14  
 1034 I	 6.85  
 1035 N	 17.74  
 1036 P	 38.07  
 1037 S	 29.95  
 1038 L	 8.94  
 1039 E	 55.37  
 1040 L	 6.79  
 1041 S	 16.16  
 1042 E	 45.92  
 1043 M	 2.89  
 1044 L	 3.50  
 1045 Y	 12.80  
 1046 T	 22.90  
 1047 D	 46.70  
 1048 R	 24.23  
 1049 P	 50.42  
 1050 D	 57.87  
 1051 W	 8.60  
 1052 Q	 33.26  
 1053 S	 18.46  
 1054 V	 1.33  
 1055 M	 2.63  
 1056 Q	 27.65  
 1057 Y	 4.61  
 1058 V	 1.45  
 1059 A	 5.77  
 1060 Q	 29.51  
 1061 I	 2.00  
 1062 Y	 6.38  
 1063 K	 45.13  
 1064 Y	 6.95  
 1065 F	 7.96  
 1066 E	 50.98  
 1067 T	 33.73  
