 1 M	 8.68  
 2 S	 48.46  
 3 R	 33.53  
 4 K	 36.66  
 5 Q	 45.50  
 6 A	 21.64  
 7 A	 14.09  
 8 K	 50.44  
 9 S	 38.69  
 10 R	 38.60  
 11 P	 48.68  
 12 G	 43.45  
 13 S	 35.96  
 14 G	 37.07  
 15 S	 32.10  
 16 R	 45.81  
 17 K	 52.88  
 18 A	 21.81  
 19 E	 54.84  
 20 A	 27.10  
 21 E	 50.68  
 22 R	 46.48  
 23 K	 56.56  
 24 R	 58.19  
 25 D	 53.41  
 26 E	 48.53  
 27 R	 37.52  
 28 A	 11.85  
 29 A	 14.02  
 30 R	 24.34  
 31 R	 29.26  
 32 A	 13.30  
 33 L	 7.11  
 34 A	 15.64  
 35 K	 53.24  
 36 E	 51.79  
 37 R	 40.23  
 38 R	 44.60  
 39 N	 70.81  
 40 R	 34.25  
 41 P	 43.59  
 42 E	 59.80  
 43 S	 45.48  
 44 G	 36.78  
 45 G	 40.63  
 46 G	 32.61  
 47 G	 40.63  
 48 G	 20.95  
 49 C	 7.23  
 50 E	 64.93  
 51 E	 61.89  
 52 E	 29.11  
 53 F	 6.71  
 54 V	 5.35  
 55 S	 24.78  
 56 F	 6.60  
 57 A	 8.71  
 58 N	 40.87  
 59 Q	 31.36  
 60 L	 3.01  
 61 Q	 25.44  
 62 A	 16.52  
 63 L	 5.49  
 64 G	 24.63  
 65 L	 4.99  
 66 K	 43.64  
 67 L	 7.30  
 68 R	 41.08  
 69 E	 64.60  
 70 V	 5.33  
 71 P	 30.33  
 72 G	 61.71  
 73 D	 38.78  
 74 G	 32.44  
 75 N	 24.86  
 76 C	 4.67  
 77 L	 3.64  
 78 F	 4.71  
 79 R	 18.89  
 80 A	 14.46  
 81 L	 7.28  
 82 G	 21.45  
 83 D	 51.22  
 84 Q	 39.35  
 85 L	 11.50  
 86 E	 49.59  
 87 G	 32.44  
 88 H	 17.76  
 89 S	 45.71  
 90 R	 28.98  
 91 N	 48.10  
 92 H	 34.83  
 93 L	 5.96  
 94 K	 29.23  
 95 H	 42.91  
 96 R	 34.15  
 97 Q	 50.89  
 98 E	 51.24  
 99 T	 15.44  
 100 V	 4.96  
 101 D	 34.40  
 102 Y	 9.08  
 103 M	 2.39  
 104 I	 2.53  
 105 K	 27.11  
 106 Q	 42.97  
 107 R	 40.21  
 108 E	 65.64  
 109 D	 56.23  
 110 F	 12.60  
 111 E	 50.58  
 112 P	 38.28  
 113 F	 8.07  
 114 V	 13.27  
 115 E	 50.80  
 116 D	 54.56  
 117 D	 36.63  
 118 I	 6.96  
 119 P	 38.04  
 120 F	 23.29  
 121 E	 36.58  
 122 K	 43.70  
 123 H	 17.12  
 124 V	 5.99  
 125 A	 9.88  
 126 S	 27.98  
 127 L	 5.25  
 128 A	 17.32  
 129 K	 49.64  
 130 P	 41.26  
 131 G	 32.53  
 132 T	 20.88  
 133 F	 11.54  
 134 A	 18.73  
 135 G	 28.49  
 136 N	 31.92  
 137 D	 36.43  
 138 A	 11.36  
 139 I	 2.27  
 140 V	 3.72  
 141 A	 6.05  
 142 F	 4.55  
 143 A	 11.13  
 144 R	 34.41  
 145 N	 24.67  
 146 H	 28.14  
 147 Q	 37.98  
 148 L	 4.01  
 149 N	 21.31  
 150 V	 6.10  
 151 V	 2.92  
 152 I	 1.17  
 153 H	 17.92  
 154 Q	 25.86  
 155 L	 3.50  
 156 N	 32.70  
 157 A	 14.78  
 158 P	 32.81  
 159 L	 4.96  
 160 W	 7.18  
 161 Q	 24.16  
 162 I	 2.72  
 163 R	 30.77  
 164 G	 39.59  
 165 T	 30.32  
 166 E	 54.48  
 167 K	 48.12  
 168 S	 28.03  
 169 S	 35.94  
 170 V	 7.71  
 171 R	 42.58  
 172 E	 42.41  
 173 L	 2.19  
 174 H	 9.62  
 175 I	 5.87  
 176 A	 3.36  
 177 Y	 12.08  
 178 R	 24.77  
 179 Y	 17.75  
 180 G	 13.25  
 181 E	 30.27  
 182 H	 27.60  
 183 Y	 12.95  
 184 D	 42.43  
 185 S	 15.45  
 186 V	 4.33  
 187 R	 37.40  
 188 R	 29.88  
 189 I	 5.49  
 190 N	 40.37  
 191 D	 58.63  
 192 N	 36.94  
 193 S	 37.69  
 194 E	 66.00  
 195 A	 13.34  
 196 P	 19.03  
 197 A	 24.07  
 198 H	 19.88  
 199 L	 6.78  
 200 Q	 29.20  
 201 T	 45.18  
 202 D	 20.86  
 203 F	 5.37  
 204 Q	 36.02  
 205 M	 3.49  
 206 L	 1.97  
 207 H	 27.92  
 208 Q	 52.81  
 209 D	 51.01  
 210 E	 50.03  
 211 S	 56.81  
 212 N	 45.41  
 213 K	 71.82  
 214 R	 55.48  
 215 E	 61.82  
 216 K	 54.24  
 217 I	 6.16  
 218 K	 56.08  
 219 T	 35.98  
 220 K	 47.43  
 221 G	 30.29  
 222 M	 5.66  
 223 D	 58.50  
 224 S	 33.75  
 225 E	 51.81  
 226 D	 65.28  
 227 D	 39.28  
 228 L	 13.22  
 229 R	 45.07  
 230 D	 72.15  
 231 E	 41.18  
 232 V	 10.65  
 233 E	 37.90  
 234 D	 58.16  
 235 A	 7.67  
 236 V	 9.77  
 237 Q	 33.90  
 238 K	 42.00  
 239 V	 1.38  
 240 C	 3.55  
 241 N	 43.45  
 242 A	 10.55  
 243 T	 25.40  
 244 G	 13.40  
 245 C	 2.83  
 246 S	 46.73  
 247 D	 40.30  
 248 F	 4.62  
 249 N	 33.57  
 250 L	 4.02  
 251 I	 2.92  
 252 V	 3.30  
 253 Q	 41.62  
 254 N	 29.02  
 255 L	 3.54  
 256 E	 62.58  
 257 A	 17.32  
 258 E	 51.37  
 259 N	 42.05  
 260 Y	 14.71  
 261 N	 43.03  
 262 I	 2.90  
 263 E	 30.40  
 264 S	 22.44  
 265 A	 5.61  
 266 I	 2.64  
 267 I	 1.86  
 268 A	 6.54  
 269 V	 2.16  
 270 L	 2.96  
 271 R	 18.53  
 272 M	 3.72  
 273 N	 40.81  
 274 Q	 49.82  
 275 G	 26.36  
 276 K	 42.03  
 277 R	 48.75  
 278 N	 56.39  
 279 N	 53.41  
 280 A	 29.09  
 281 E	 49.93  
 282 E	 65.78  
 283 N	 41.01  
 284 L	 13.33  
 285 E	 49.34  
 286 P	 45.29  
 287 S	 29.83  
 288 G	 34.14  
 289 R	 34.63  
 290 V	 10.00  
 291 L	 2.82  
 292 K	 40.46  
 293 Q	 32.99  
 294 C	 6.07  
 295 G	 20.17  
 296 P	 41.76  
 297 L	 5.65  
 298 W	 12.53  
 299 E	 55.22  
 300 E	 58.22  
 301 G	 24.85  
 302 G	 26.62  
 303 S	 39.89  
 304 G	 23.34  
 305 A	 11.77  
 306 R	 28.44  
 307 I	 5.27  
 308 F	 6.65  
 309 G	 24.15  
 310 N	 23.23  
 311 Q	 59.12  
 312 G	 34.17  
 313 L	 3.67  
 314 N	 57.40  
 315 E	 55.91  
 316 G	 40.51  
 317 R	 32.46  
 318 T	 54.65  
 319 E	 58.40  
 320 N	 55.48  
 321 N	 34.50  
 322 K	 54.15  
 323 A	 16.58  
 324 Q	 43.94  
 325 A	 28.41  
 326 S	 19.51  
 327 P	 49.10  
 328 S	 55.86  
 329 E	 69.81  
 330 E	 69.26  
 331 N	 44.69  
 332 K	 57.53  
 333 A	 43.76  
 334 N	 45.48  
 335 K	 51.43  
 336 N	 41.74  
 337 Q	 44.39  
 338 L	 7.52  
 339 A	 8.43  
 340 K	 59.18  
 341 V	 6.24  
 342 T	 35.67  
 343 N	 41.26  
 344 K	 35.50  
 345 Q	 52.30  
 346 R	 45.79  
 347 R	 43.51  
 348 E	 49.68  
 349 Q	 40.19  
 350 Q	 36.41  
 351 W	 9.15  
 352 M	 4.74  
 353 E	 59.78  
 354 K	 47.71  
 355 K	 39.62  
 356 K	 71.08  
 357 R	 59.01  
 358 Q	 66.82  
 359 E	 62.12  
 360 E	 45.51  
 361 R	 31.24  
 362 H	 39.20  
 363 R	 38.94  
 364 H	 17.39  
 365 K	 55.40  
 366 A	 15.50  
 367 L	 7.97  
 368 E	 43.16  
 369 S	 42.67  
 370 R	 41.06  
 371 G	 36.76  
 372 S	 17.78  
 373 H	 43.89  
 374 R	 50.48  
 375 D	 51.86  
 376 N	 45.85  
 377 N	 53.82  
 378 R	 41.97  
 379 S	 43.19  
 380 E	 47.49  
 381 A	 23.58  
 382 E	 38.10  
 383 A	 31.27  
 384 N	 23.66  
 385 T	 31.31  
 386 Q	 26.46  
 387 V	 4.15  
 388 T	 18.93  
 389 L	 3.80  
 390 V	 3.92  
 391 K	 40.83  
 392 T	 15.84  
 393 F	 2.87  
 394 A	 19.10  
 395 A	 9.28  
 396 L	 5.48  
 397 N	 32.95  
 398 I	 6.59  
