 1 M	 3.75  
 2 C	 2.43  
 3 I	 3.17  
 4 R	 11.48  
 5 C	 1.27  
 6 L	 1.59  
 7 C	 2.73  
 8 L	 1.93  
 9 I	 5.16  
 10 G	 9.97  
 11 L	 2.82  
 12 Q	 34.34  
 13 T	 22.98  
 14 V	 3.21  
 15 S	 33.02  
 16 G	 24.23  
 17 F	 2.95  
 18 F	 9.01  
 19 S	 11.67  
 20 C	 2.61  
 21 Q	 40.57  
 22 I	 5.11  
 23 T	 5.57  
 24 S	 17.48  
 25 H	 23.34  
 26 L	 3.30  
 27 L	 3.93  
 28 S	 24.10  
 29 L	 6.12  
 30 Q	 23.32  
 31 V	 10.81  
 32 Q	 26.49  
 33 G	 41.15  
 34 E	 25.40  
 35 Y	 20.57  
 36 K	 19.95  
 37 C	 4.55  
 38 G	 19.96  
 39 L	 7.48  
 40 L	 1.77  
 41 C	 4.57  
 42 E	 64.61  
 43 N	 33.69  
 44 T	 9.84  
 45 S	 32.53  
 46 L	 3.64  
 47 L	 3.30  
 48 I	 2.96  
 49 A	 14.40  
 50 N	 22.34  
 51 V	 4.65  
 52 R	 32.29  
 53 R	 39.17  
 54 K	 30.13  
 55 V	 6.44  
 56 S	 40.24  
 57 G	 36.74  
 58 G	 13.45  
 59 S	 31.72  
 60 A	 20.58  
 61 T	 34.05  
 62 S	 40.52  
 63 E	 60.06  
 64 D	 46.51  
 65 H	 33.30  
 66 E	 65.16  
 67 F	 17.54  
 68 D	 33.01  
 69 P	 36.42  
 70 S	 38.45  
 71 A	 16.18  
 72 D	 34.97  
 73 M	 4.15  
 74 L	 2.97  
 75 V	 3.06  
 76 H	 26.51  
 77 D	 40.99  
 78 F	 8.44  
 79 D	 64.02  
 80 D	 47.47  
 81 E	 49.78  
 82 R	 52.16  
 83 T	 36.15  
 84 L	 11.05  
 85 E	 63.85  
 86 E	 63.47  
 87 E	 41.64  
 88 E	 47.30  
 89 M	 3.16  
 90 M	 7.28  
 91 E	 53.20  
 92 G	 29.18  
 93 E	 27.54  
 94 T	 53.04  
 95 N	 30.42  
 96 F	 12.72  
 97 S	 29.18  
 98 S	 38.16  
 99 E	 49.56  
 100 I	 5.58  
 101 E	 42.81  
 102 D	 51.82  
 103 L	 2.91  
 104 A	 21.57  
 105 R	 56.58  
 106 E	 54.67  
 107 G	 30.85  
 108 D	 34.63  
 109 M	 5.02  
 110 P	 29.53  
 111 I	 2.94  
 112 H	 17.49  
 113 E	 52.72  
 114 L	 2.14  
 115 L	 2.78  
 116 S	 31.97  
 117 L	 3.76  
 118 Y	 15.40  
 119 G	 25.68  
 120 Y	 7.99  
 121 D	 33.21  
 122 S	 21.96  
 123 T	 13.52  
 124 V	 7.38  
 125 R	 44.61  
 126 L	 5.64  
 127 P	 36.07  
 128 E	 80.69  
 129 E	 69.62  
 130 E	 69.88  
 131 E	 74.18  
 132 E	 74.18  
 133 E	 74.18  
 134 E	 74.18  
 135 E	 74.18  
 136 E	 65.71  
 137 E	 74.67  
 138 E	 71.77  
 139 G	 47.08  
 140 E	 66.62  
 141 D	 75.38  
 142 D	 51.91  
 143 E	 68.38  
 144 D	 67.24  
 145 A	 18.56  
 146 D	 71.99  
 147 N	 61.32  
 148 D	 57.95  
 149 D	 58.40  
 150 N	 43.07  
 151 S	 48.44  
 152 G	 18.83  
 153 C	 4.79  
 154 S	 53.30  
 155 G	 46.72  
 156 E	 49.16  
 157 N	 61.64  
 158 K	 63.20  
 159 E	 68.78  
 160 E	 66.90  
 161 N	 47.93  
 162 I	 6.24  
 163 K	 64.24  
 164 D	 44.21  
 165 S	 31.22  
 166 S	 55.41  
 167 G	 38.56  
 168 Q	 57.84  
 169 E	 62.43  
 170 D	 57.25  
 171 E	 48.25  
 172 T	 46.18  
 173 Q	 42.70  
 174 S	 38.23  
 175 S	 34.17  
 176 N	 64.05  
 177 D	 71.76  
 178 D	 49.34  
 179 P	 36.81  
 180 S	 41.92  
 181 Q	 47.51  
 182 S	 31.53  
 183 V	 4.65  
 184 T	 26.39  
 185 S	 24.73  
 186 Q	 40.47  
 187 D	 50.41  
 188 A	 10.98  
 189 Q	 51.19  
 190 E	 41.95  
 191 I	 1.84  
 192 I	 4.96  
 193 R	 25.08  
 194 P	 20.05  
 195 R	 46.94  
 196 R	 24.78  
 197 C	 4.41  
 198 K	 47.33  
 199 Y	 15.43  
 200 F	 5.97  
 201 D	 41.72  
 202 T	 30.64  
 203 N	 39.22  
 204 S	 41.88  
 205 E	 57.39  
 206 I	 8.95  
 207 E	 52.22  
 208 E	 72.92  
 209 E	 51.14  
 210 S	 49.95  
 211 E	 73.14  
 212 E	 75.80  
 213 D	 50.44  
 214 E	 56.87  
 215 D	 60.01  
 216 Y	 16.81  
 217 I	 4.72  
 218 P	 25.99  
 219 S	 38.33  
 220 E	 63.64  
 221 D	 67.82  
 222 W	 15.01  
 223 K	 53.50  
 224 K	 48.49  
 225 E	 32.37  
 226 I	 3.58  
 227 M	 2.68  
 228 V	 6.70  
 229 G	 8.94  
 230 S	 12.66  
 231 M	 2.07  
 232 F	 7.15  
 233 Q	 29.46  
 234 A	 12.86  
 235 E	 36.72  
 236 I	 3.62  
 237 P	 14.33  
 238 V	 12.63  
 239 G	 13.88  
 240 V	 1.38  
 241 C	 3.02  
 242 R	 43.05  
 243 Y	 19.96  
 244 K	 34.41  
 245 E	 62.78  
 246 N	 50.68  
 247 E	 45.02  
 248 K	 62.79  
 249 V	 6.21  
 250 Y	 21.78  
 251 E	 58.11  
 252 N	 40.24  
 253 D	 32.85  
 254 D	 53.24  
 255 Q	 41.12  
 256 L	 7.22  
 257 L	 3.97  
 258 W	 27.92  
 259 D	 29.14  
 260 P	 23.71  
 261 E	 46.33  
 262 C	 10.52  
 263 L	 5.96  
 264 P	 60.40  
 265 E	 58.46  
 266 E	 49.57  
 267 K	 38.37  
 268 V	 5.13  
 269 V	 3.59  
 270 V	 5.35  
 271 F	 4.79  
 272 L	 3.11  
 273 K	 39.52  
 274 D	 52.50  
 275 A	 11.89  
 276 S	 32.21  
 277 R	 41.73  
 278 R	 40.33  
 279 T	 48.12  
 280 G	 38.99  
 281 D	 54.55  
 282 E	 53.72  
 283 K	 73.35  
 284 G	 22.05  
 285 V	 7.13  
 286 E	 49.93  
 287 A	 21.89  
 288 I	 1.70  
 289 P	 47.12  
 290 E	 68.18  
 291 G	 21.12  
 292 S	 22.00  
 293 H	 41.81  
 294 I	 6.85  
 295 K	 49.42  
 296 D	 64.39  
 297 N	 37.97  
 298 E	 47.57  
 299 Q	 42.81  
 300 A	 13.11  
 301 L	 3.22  
 302 Y	 15.38  
 303 E	 48.19  
 304 L	 2.56  
 305 V	 3.82  
 306 K	 36.46  
 307 C	 3.70  
 308 S	 22.05  
 309 F	 22.08  
 310 D	 36.59  
 311 T	 33.44  
 312 E	 43.02  
 313 E	 55.91  
 314 A	 10.51  
 315 L	 3.56  
 316 R	 42.51  
 317 R	 30.94  
 318 L	 6.23  
 319 R	 21.20  
 320 F	 17.03  
 321 N	 28.13  
 322 V	 4.03  
 323 K	 37.12  
 324 A	 13.89  
 325 A	 17.44  
 326 R	 42.66  
 327 E	 59.57  
 328 E	 40.57  
 329 L	 4.24  
 330 S	 20.91  
 331 V	 13.17  
 332 W	 8.50  
 333 T	 31.22  
 334 E	 35.77  
 335 E	 55.83  
 336 E	 32.32  
 337 C	 4.95  
 338 R	 54.90  
 339 N	 57.37  
 340 F	 3.71  
 341 E	 47.49  
 342 Q	 59.38  
 343 G	 23.19  
 344 L	 2.61  
 345 K	 46.52  
 346 A	 24.29  
 347 Y	 24.11  
 348 G	 28.10  
 349 K	 44.54  
 350 D	 31.66  
 351 F	 6.02  
 352 H	 31.96  
 353 L	 2.91  
 354 I	 2.46  
 355 Q	 45.29  
 356 A	 15.71  
 357 N	 27.29  
 358 K	 35.79  
 359 V	 8.29  
 360 R	 26.48  
 361 T	 30.22  
 362 R	 20.84  
 363 S	 33.58  
 364 V	 7.25  
 365 G	 24.67  
 366 E	 24.54  
 367 C	 1.89  
 368 V	 3.43  
 369 A	 9.81  
 370 F	 1.93  
 371 Y	 5.22  
 372 Y	 7.05  
 373 M	 2.63  
 374 W	 6.71  
 375 K	 29.86  
 376 K	 41.87  
 377 S	 24.47  
 378 E	 65.23  
 379 R	 43.33  
 380 Y	 17.04  
 381 D	 38.11  
 382 F	 3.97  
 383 F	 5.68  
 384 A	 10.68  
 385 Q	 39.77  
 386 Q	 31.08  
 387 T	 18.84  
 388 R	 33.70  
 389 F	 22.33  
 390 G	 37.27  
 391 K	 43.30  
 392 K	 61.95  
 393 K	 42.74  
 394 Y	 31.66  
 395 N	 40.53  
 396 L	 4.71  
 397 H	 17.27  
 398 P	 41.96  
 399 G	 24.98  
 400 V	 4.30  
 401 T	 27.59  
 402 D	 34.06  
 403 Y	 7.49  
 404 M	 2.42  
 405 D	 31.67  
 406 R	 22.18  
 407 L	 6.52  
 408 L	 7.76  
 409 D	 63.07  
 410 E	 57.27  
 411 S	 36.20  
 412 E	 42.20  
 413 S	 38.11  
 414 A	 13.81  
 415 A	 19.81  
 416 S	 21.77  
 417 S	 27.95  
 418 R	 48.28  
 419 A	 15.74  
 420 P	 46.38  
 421 S	 49.40  
 422 P	 37.52  
 423 P	 43.12  
 424 P	 43.94  
 425 T	 48.79  
 426 A	 16.70  
 427 S	 39.46  
 428 N	 47.17  
 429 S	 28.53  
 430 S	 44.76  
 431 N	 43.84  
 432 S	 36.71  
 433 Q	 60.92  
 434 S	 50.92  
 435 E	 53.48  
 436 K	 67.37  
 437 E	 58.59  
 438 D	 62.51  
 439 G	 29.03  
 440 A	 15.44  
 441 V	 6.98  
 442 S	 24.05  
 443 S	 28.75  
 444 R	 41.05  
 445 N	 41.43  
 446 Q	 47.12  
 447 N	 57.28  
 448 G	 15.77  
 449 V	 8.11  
 450 S	 21.34  
 451 S	 43.32  
 452 N	 53.85  
 453 G	 33.27  
 454 P	 41.30  
 455 G	 35.66  
 456 E	 47.65  
 457 I	 6.78  
 458 L	 6.97  
 459 N	 56.19  
 460 K	 52.38  
 461 E	 67.93  
 462 E	 49.61  
 463 V	 9.86  
 464 K	 37.54  
 465 V	 9.48  
 466 E	 50.77  
 467 G	 24.87  
 468 L	 2.29  
 469 H	 23.12  
 470 V	 12.16  
 471 N	 39.72  
 472 G	 21.76  
 473 P	 23.75  
 474 T	 60.15  
 475 G	 40.59  
 476 G	 45.31  
 477 N	 50.99  
 478 K	 60.07  
 479 K	 44.92  
 480 P	 33.92  
 481 L	 12.65  
 482 L	 5.31  
 483 T	 36.64  
 484 D	 32.69  
 485 M	 6.04  
 486 D	 39.57  
 487 T	 24.73  
 488 N	 46.95  
 489 G	 24.61  
 490 Y	 17.59  
 491 E	 46.44  
 492 A	 11.17  
 493 N	 31.91  
 494 N	 45.90  
 495 L	 5.67  
 496 T	 31.14  
 497 T	 54.17  
 498 D	 32.85  
 499 P	 31.31  
 500 K	 62.20  
 501 L	 4.88  
 502 A	 9.13  
 503 H	 25.27  
 504 M	 2.32  
 505 T	 16.76  
 506 A	 12.53  
 507 R	 41.66  
 508 N	 50.38  
 509 E	 53.26  
 510 N	 59.82  
 511 D	 46.31  
 512 F	 23.01  
 513 D	 69.68  
 514 E	 58.75  
 515 K	 66.99  
 516 N	 48.76  
 517 E	 71.72  
 518 R	 45.96  
 519 P	 35.63  
 520 A	 24.98  
 521 K	 49.47  
 522 R	 34.90  
 523 R	 43.02  
 524 R	 36.15  
 525 I	 5.78  
 526 N	 28.45  
 527 S	 37.79  
 528 S	 49.77  
 529 G	 37.26  
 530 K	 57.90  
 531 E	 66.74  
 532 S	 37.74  
 533 P	 48.02  
 534 G	 53.75  
 535 S	 30.03  
 536 S	 44.32  
 537 E	 52.78  
 538 F	 9.17  
 539 F	 5.87  
 540 Q	 42.96  
 541 E	 45.97  
 542 A	 9.42  
 543 V	 4.23  
 544 S	 33.30  
 545 H	 36.54  
 546 G	 28.92  
 547 K	 44.15  
 548 F	 18.44  
 549 E	 63.03  
 550 E	 60.68  
 551 H	 26.80  
 552 E	 69.86  
 553 N	 46.20  
 554 T	 37.47  
 555 N	 65.66  
 556 D	 58.84  
