 1 M	 8.98  
 2 A	 24.74  
 3 N	 48.49  
 4 N	 39.57  
 5 S	 16.03  
 6 P	 33.15  
 7 A	 19.99  
 8 L	 7.76  
 9 T	 36.10  
 10 G	 32.42  
 11 N	 32.03  
 12 S	 44.58  
 13 Q	 45.75  
 14 P	 33.18  
 15 Q	 33.42  
 16 H	 26.40  
 17 Q	 27.70  
 18 A	 9.28  
 19 A	 7.34  
 20 A	 10.72  
 21 A	 9.90  
 22 A	 10.90  
 23 A	 11.73  
 24 Q	 36.57  
 25 Q	 38.02  
 26 Q	 24.19  
 27 Q	 35.87  
 28 Q	 24.39  
 29 C	 4.80  
 30 G	 33.18  
 31 G	 38.70  
 32 G	 14.08  
 33 G	 33.09  
 34 A	 18.74  
 35 T	 40.61  
 36 K	 30.37  
 37 P	 33.27  
 38 A	 15.06  
 39 V	 11.99  
 40 S	 42.24  
 41 G	 21.51  
 42 K	 47.75  
 43 Q	 52.82  
 44 G	 29.69  
 45 N	 29.65  
 46 V	 8.13  
 47 L	 3.15  
 48 P	 23.06  
 49 L	 8.82  
 50 W	 12.96  
 51 G	 39.85  
 52 N	 35.69  
 53 E	 46.06  
 54 K	 58.01  
 55 T	 12.71  
 56 M	 8.76  
 57 N	 41.73  
 58 L	 5.45  
 59 N	 21.06  
 60 P	 17.85  
 61 M	 3.69  
 62 I	 4.53  
 63 L	 2.14  
 64 T	 14.86  
 65 N	 29.74  
 66 I	 3.13  
 67 L	 4.50  
 68 S	 26.01  
 69 S	 21.85  
 70 P	 34.89  
 71 Y	 20.27  
 72 F	 7.69  
 73 K	 24.19  
 74 V	 3.21  
 75 Q	 38.63  
 76 L	 3.93  
 77 Y	 11.34  
 78 E	 53.00  
 79 L	 2.95  
 80 K	 34.79  
 81 T	 42.61  
 82 Y	 8.39  
 83 H	 26.97  
 84 E	 33.55  
 85 V	 4.13  
 86 V	 5.07  
 87 D	 41.57  
 88 E	 28.16  
 89 I	 4.19  
 90 Y	 8.69  
 91 F	 6.70  
 92 K	 29.29  
 93 V	 2.99  
 94 T	 22.31  
 95 H	 25.57  
 96 V	 7.45  
 97 E	 36.77  
 98 P	 43.36  
 99 W	 13.36  
 100 E	 59.25  
 101 K	 59.31  
 102 G	 22.59  
 103 S	 41.49  
 104 R	 49.35  
 105 K	 44.41  
 106 T	 34.60  
 107 A	 15.90  
 108 G	 30.71  
 109 Q	 32.20  
 110 T	 26.43  
 111 G	 11.07  
 112 M	 1.87  
 113 C	 4.55  
 114 G	 28.83  
 115 G	 10.87  
 116 V	 2.67  
 117 R	 37.04  
 118 G	 21.57  
 119 V	 4.31  
 120 G	 22.82  
 121 T	 29.81  
 122 G	 20.22  
 123 G	 19.57  
 124 I	 2.04  
 125 V	 4.74  
 126 S	 16.46  
 127 T	 16.92  
 128 A	 5.90  
 129 F	 2.82  
 130 C	 2.07  
 131 L	 4.77  
 132 L	 3.59  
 133 Y	 7.84  
 134 K	 36.77  
 135 L	 2.21  
 136 F	 7.04  
 137 T	 33.16  
 138 L	 3.16  
 139 K	 44.76  
 140 L	 6.69  
 141 T	 33.94  
 142 R	 37.53  
 143 K	 41.85  
 144 Q	 27.43  
 145 V	 3.54  
 146 M	 3.15  
 147 G	 18.31  
 148 L	 1.89  
 149 I	 1.88  
 150 T	 24.62  
 151 H	 22.23  
 152 T	 29.53  
 153 D	 39.76  
 154 S	 22.28  
 155 P	 31.23  
 156 Y	 13.64  
 157 I	 2.06  
 158 R	 20.23  
 159 A	 11.50  
 160 L	 3.79  
 161 G	 12.32  
 162 F	 3.32  
 163 M	 2.29  
 164 Y	 4.68  
 165 I	 1.50  
 166 R	 15.80  
 167 Y	 10.52  
 168 T	 25.42  
 169 Q	 32.80  
 170 P	 26.42  
 171 P	 28.82  
 172 T	 50.86  
 173 D	 52.08  
 174 L	 5.00  
 175 W	 12.00  
 176 D	 47.70  
 177 W	 6.32  
 178 F	 5.37  
 179 E	 36.01  
 180 S	 22.95  
 181 F	 7.35  
 182 L	 12.96  
 183 D	 60.30  
 184 D	 64.43  
 185 E	 53.75  
 186 E	 71.51  
 187 D	 46.23  
 188 L	 10.37  
 189 D	 52.79  
 190 V	 6.26  
 191 K	 40.77  
 192 A	 23.01  
 193 G	 27.58  
 194 G	 31.05  
 195 G	 10.42  
 196 C	 1.82  
 197 V	 4.25  
 198 M	 2.35  
 199 T	 12.87  
 200 I	 2.07  
 201 G	 12.70  
 202 E	 31.06  
 203 M	 2.96  
 204 L	 3.45  
 205 R	 24.85  
 206 S	 22.20  
 207 F	 8.97  
 208 L	 4.32  
 209 T	 31.41  
 210 K	 46.70  
 211 L	 6.24  
 212 E	 48.29  
 213 W	 11.70  
 214 F	 2.67  
 215 S	 25.85  
 216 T	 23.97  
 217 L	 5.57  
 218 F	 3.75  
 219 P	 36.08  
 220 R	 38.21  
 221 I	 4.03  
 222 P	 26.16  
 223 V	 7.25  
 224 P	 19.91  
 225 V	 14.94  
 226 Q	 27.32  
 227 K	 56.98  
 228 N	 26.44  
 229 I	 6.96  
 230 D	 43.66  
 231 Q	 43.00  
 232 Q	 35.08  
 233 I	 4.01  
 234 K	 33.86  
 235 T	 47.75  
 236 R	 24.83  
 237 P	 47.34  
 238 R	 50.47  
 239 K	 62.65  
 240 I	 7.66  
 241 K	 48.09  
 242 K	 75.16  
 243 D	 69.28  
 244 G	 38.50  
 245 K	 64.21  
 246 E	 69.99  
 247 G	 41.60  
 248 A	 16.61  
 249 E	 67.36  
 250 E	 50.05  
 251 I	 4.20  
 252 D	 37.60  
 253 R	 41.22  
 254 H	 23.26  
 255 V	 6.79  
 256 E	 34.05  
 257 R	 37.92  
 258 R	 27.67  
 259 R	 42.51  
 260 S	 34.99  
 261 R	 49.20  
 262 S	 24.81  
 263 P	 34.30  
 264 R	 41.91  
 265 R	 45.38  
 266 S	 34.18  
 267 L	 8.51  
 268 S	 20.01  
 269 P	 40.78  
 270 R	 48.62  
 271 R	 55.16  
 272 S	 24.84  
 273 P	 33.61  
 274 R	 50.91  
 275 R	 39.54  
 276 S	 35.57  
 277 R	 33.99  
 278 S	 39.11  
 279 R	 38.61  
 280 S	 25.54  
 281 H	 23.94  
 282 H	 30.63  
 283 R	 46.28  
 284 E	 51.70  
 285 G	 30.34  
 286 H	 28.36  
 287 G	 39.83  
 288 S	 19.68  
 289 S	 39.35  
 290 S	 32.63  
 291 F	 12.71  
 292 D	 45.13  
 293 R	 48.68  
 294 E	 57.75  
 295 L	 8.61  
 296 E	 54.78  
 297 R	 73.28  
 298 E	 50.31  
 299 K	 65.50  
 300 E	 49.66  
 301 R	 37.68  
 302 Q	 56.24  
 303 R	 44.74  
 304 L	 5.72  
 305 E	 51.14  
 306 R	 54.48  
 307 E	 55.51  
 308 A	 25.82  
 309 K	 53.18  
 310 E	 73.46  
 311 R	 60.63  
 312 E	 61.43  
 313 K	 63.84  
 314 E	 46.82  
 315 R	 50.83  
 316 R	 41.85  
 317 R	 42.51  
 318 S	 28.68  
 319 R	 35.50  
 320 S	 30.04  
 321 I	 3.99  
 322 D	 39.58  
 323 R	 50.34  
 324 G	 28.30  
 325 L	 4.88  
 326 E	 47.14  
 327 R	 44.34  
 328 R	 31.39  
 329 R	 42.51  
 330 S	 32.56  
 331 R	 37.61  
 332 S	 39.48  
 333 R	 43.81  
 334 E	 54.83  
 335 R	 29.43  
 336 H	 27.58  
 337 R	 39.73  
 338 S	 28.60  
 339 R	 35.73  
 340 S	 35.54  
 341 R	 34.30  
 342 S	 39.52  
 343 R	 46.79  
 344 D	 58.87  
 345 R	 43.69  
 346 K	 70.25  
 347 G	 34.25  
 348 D	 45.54  
 349 R	 51.58  
 350 R	 48.32  
 351 D	 58.70  
 352 R	 42.97  
 353 D	 62.17  
 354 R	 45.85  
 355 E	 70.27  
 356 R	 62.27  
 357 E	 61.03  
 358 K	 72.55  
 359 E	 60.62  
 360 N	 56.16  
 361 E	 58.57  
 362 R	 56.34  
 363 G	 22.67  
 364 R	 36.36  
 365 R	 47.91  
 366 R	 41.79  
 367 D	 46.09  
 368 R	 42.45  
 369 D	 61.34  
 370 Y	 29.79  
 371 D	 51.10  
 372 K	 42.98  
 373 E	 64.02  
 374 R	 60.00  
 375 G	 41.25  
 376 N	 51.91  
 377 E	 66.11  
 378 R	 65.37  
 379 E	 53.76  
 380 K	 69.19  
 381 E	 55.83  
 382 R	 56.55  
 383 E	 56.98  
 384 R	 47.43  
 385 S	 33.47  
 386 R	 49.95  
 387 E	 63.65  
 388 R	 52.50  
 389 S	 35.47  
 390 K	 65.18  
 391 E	 53.09  
 392 Q	 53.00  
 393 R	 29.43  
 394 S	 44.31  
 395 R	 47.70  
 396 G	 44.54  
 397 E	 45.72  
 398 V	 14.86  
 399 E	 60.85  
 400 E	 73.00  
 401 K	 46.82  
 402 K	 64.29  
 403 H	 50.21  
 404 K	 76.20  
 405 E	 70.75  
 406 D	 65.57  
 407 K	 63.72  
 408 D	 67.95  
 409 D	 56.08  
 410 R	 46.57  
 411 R	 35.87  
 412 H	 38.11  
 413 R	 52.60  
 414 D	 60.71  
 415 D	 48.09  
 416 K	 63.49  
 417 R	 61.50  
 418 D	 71.23  
 419 S	 50.05  
 420 K	 70.06  
 421 K	 77.91  
 422 E	 71.69  
 423 K	 65.74  
 424 K	 48.15  
 425 H	 39.24  
 426 S	 40.61  
 427 R	 35.49  
 428 S	 37.31  
 429 R	 38.33  
 430 S	 39.48  
 431 R	 46.78  
 432 E	 68.29  
 433 R	 38.68  
 434 K	 38.32  
 435 H	 38.89  
 436 R	 36.48  
 437 S	 34.04  
 438 R	 35.73  
 439 S	 35.54  
 440 R	 38.23  
 441 S	 31.00  
 442 R	 35.59  
 443 N	 55.05  
 444 A	 24.63  
 445 G	 29.47  
 446 K	 44.80  
 447 R	 36.06  
 448 S	 37.79  
 449 R	 39.87  
 450 S	 42.00  
 451 R	 51.11  
 452 S	 46.54  
 453 K	 68.96  
 454 E	 60.46  
 455 K	 64.86  
 456 S	 45.79  
 457 S	 50.26  
 458 K	 66.73  
 459 H	 39.87  
 460 K	 67.17  
 461 N	 59.50  
 462 E	 68.91  
 463 S	 56.35  
 464 K	 64.08  
 465 E	 71.62  
 466 K	 64.17  
 467 S	 48.99  
 468 N	 55.62  
 469 K	 59.86  
 470 R	 41.37  
 471 S	 32.19  
 472 R	 49.41  
 473 S	 44.00  
 474 G	 23.91  
 475 S	 30.61  
 476 Q	 49.24  
 477 G	 35.83  
 478 R	 27.94  
 479 T	 39.18  
 480 D	 49.69  
 481 S	 31.40  
 482 V	 13.79  
 483 E	 56.41  
 484 K	 66.47  
 485 S	 29.88  
 486 K	 67.90  
 487 K	 70.84  
 488 R	 51.07  
 489 E	 58.56  
 490 H	 49.38  
 491 S	 26.56  
 492 P	 51.86  
 493 S	 57.36  
 494 K	 72.97  
 495 E	 61.68  
 496 K	 60.33  
 497 S	 44.09  
 498 R	 49.85  
 499 K	 62.91  
 500 R	 35.87  
 501 S	 43.89  
 502 R	 56.64  
 503 S	 39.86  
 504 K	 56.91  
 505 E	 61.74  
 506 R	 48.04  
 507 S	 34.16  
 508 H	 35.08  
 509 K	 61.85  
 510 R	 41.26  
 511 D	 50.90  
 512 H	 37.22  
 513 S	 48.12  
 514 D	 57.18  
 515 S	 40.94  
 516 K	 65.85  
 517 D	 58.11  
 518 Q	 58.21  
 519 S	 59.78  
 520 D	 46.83  
 521 K	 53.29  
 522 H	 38.51  
 523 D	 52.07  
 524 R	 35.31  
 525 R	 48.97  
 526 R	 39.68  
 527 S	 26.86  
 528 Q	 46.76  
 529 S	 29.37  
 530 I	 4.99  
 531 E	 54.25  
 532 Q	 54.71  
 533 E	 41.41  
 534 S	 43.25  
 535 Q	 62.24  
 536 E	 65.05  
 537 K	 50.49  
 538 Q	 52.62  
 539 H	 46.88  
 540 K	 64.30  
 541 N	 55.69  
 542 K	 62.84  
 543 D	 67.22  
 544 E	 53.75  
 545 T	 41.47  
 546 V	 7.50  
