 1 M	 11.20  
 2 G	 40.76  
 3 D	 42.04  
 4 T	 30.74  
 5 A	 18.63  
 6 K	 42.20  
 7 P	 25.90  
 8 Y	 21.94  
 9 F	 7.67  
 10 V	 3.19  
 11 K	 44.44  
 12 R	 41.53  
 13 T	 31.42  
 14 K	 49.84  
 15 D	 54.34  
 16 R	 44.00  
 17 G	 35.21  
 18 T	 20.51  
 19 M	 6.23  
 20 D	 56.90  
 21 D	 46.70  
 22 D	 53.32  
 23 D	 46.04  
 24 F	 8.04  
 25 R	 51.14  
 26 R	 48.00  
 27 G	 32.35  
 28 H	 18.38  
 29 P	 36.03  
 30 Q	 43.00  
 31 Q	 45.85  
 32 D	 34.65  
 33 Y	 8.75  
 34 L	 3.58  
 35 I	 2.36  
 36 I	 4.74  
 37 D	 34.35  
 38 D	 32.98  
 39 H	 26.12  
 40 A	 26.90  
 41 K	 48.28  
 42 G	 31.04  
 43 H	 36.33  
 44 G	 37.32  
 45 S	 24.13  
 46 K	 56.52  
 47 M	 7.43  
 48 E	 47.94  
 49 K	 62.51  
 50 G	 21.75  
 51 L	 11.33  
 52 Q	 65.28  
 53 K	 62.16  
 54 K	 36.13  
 55 K	 59.87  
 56 I	 8.47  
 57 T	 33.74  
 58 P	 32.29  
 59 G	 31.20  
 60 N	 42.62  
 61 Y	 20.05  
 62 G	 35.22  
 63 N	 36.23  
 64 T	 21.80  
 65 P	 39.73  
 66 R	 55.30  
 67 K	 69.29  
 68 G	 24.65  
 69 P	 13.11  
 70 C	 8.77  
 71 A	 13.83  
 72 V	 9.09  
 73 S	 13.08  
 74 S	 34.91  
 75 N	 26.54  
 76 P	 24.63  
 77 Y	 28.99  
 78 A	 15.36  
 79 F	 6.92  
 80 K	 54.35  
 81 N	 23.03  
 82 P	 27.73  
 83 I	 7.85  
 84 Y	 11.51  
 85 S	 30.33  
 86 Q	 18.11  
 87 P	 23.19  
 88 A	 15.54  
 89 W	 7.87  
 90 M	 4.30  
 91 N	 36.61  
 92 D	 35.69  
 93 S	 27.68  
 94 H	 40.34  
 95 K	 62.51  
 96 D	 53.19  
 97 Q	 56.51  
 98 S	 34.03  
 99 K	 41.79  
 100 R	 44.83  
 101 W	 12.17  
 102 L	 5.55  
 103 S	 33.71  
 104 D	 49.91  
 105 E	 39.72  
 106 H	 44.03  
 107 T	 35.69  
 108 G	 33.29  
 109 N	 47.55  
 110 S	 33.40  
 111 D	 63.81  
 112 N	 39.25  
 113 W	 13.23  
 114 R	 45.81  
 115 E	 50.03  
 116 F	 9.68  
 117 K	 44.29  
 118 P	 64.44  
 119 G	 25.39  
 120 P	 39.28  
 121 R	 52.32  
 122 I	 3.44  
 123 P	 23.40  
 124 V	 5.87  
 125 I	 2.70  
 126 N	 33.98  
 127 R	 26.93  
 128 Q	 52.89  
 129 R	 41.32  
 130 K	 49.76  
 131 D	 57.80  
 132 S	 31.68  
 133 F	 17.70  
 134 Q	 57.46  
 135 E	 61.65  
 136 N	 41.71  
 137 E	 52.65  
 138 D	 71.63  
 139 G	 14.02  
 140 Y	 22.47  
 141 R	 30.06  
 142 W	 7.60  
 143 Q	 32.95  
 144 D	 31.26  
 145 T	 17.54  
 146 R	 50.97  
 147 G	 13.83  
 148 C	 2.73  
 149 R	 38.79  
 150 T	 23.57  
 151 V	 1.41  
 152 R	 29.04  
 153 R	 37.05  
 154 L	 3.55  
 155 F	 6.80  
 156 H	 27.58  
 157 K	 47.28  
 158 D	 46.76  
 159 L	 4.12  
 160 T	 41.20  
 161 S	 31.35  
 162 L	 5.97  
 163 E	 50.21  
 164 T	 40.70  
 165 T	 17.20  
 166 S	 42.22  
 167 E	 38.66  
 168 M	 4.24  
 169 E	 45.91  
 170 A	 23.58  
 171 G	 30.35  
 172 S	 35.77  
 173 P	 48.54  
 174 E	 81.18  
 175 N	 61.27  
 176 K	 48.93  
 177 K	 63.63  
 178 Q	 50.63  
 179 R	 43.44  
 180 S	 44.11  
 181 R	 36.91  
 182 P	 50.31  
 183 R	 61.57  
 184 K	 52.43  
 185 P	 44.26  
 186 R	 56.89  
 187 K	 61.43  
 188 T	 39.75  
 189 R	 52.15  
 190 N	 67.19  
 191 E	 59.93  
 192 E	 70.40  
 193 N	 46.15  
 194 E	 54.02  
 195 Q	 72.13  
 196 D	 46.53  
 197 G	 40.89  
 198 D	 50.24  
 199 L	 11.37  
 200 E	 67.21  
 201 G	 29.13  
 202 P	 15.54  
 203 V	 14.67  
 204 I	 5.68  
 205 D	 42.21  
 206 E	 31.46  
 207 S	 25.30  
 208 V	 4.62  
 209 L	 8.18  
 210 S	 34.97  
 211 T	 25.11  
 212 K	 42.88  
 213 E	 49.68  
 214 L	 4.98  
 215 L	 7.25  
 216 G	 33.78  
 217 L	 3.26  
 218 Q	 38.34  
 219 Q	 56.64  
 220 A	 13.99  
 221 E	 39.03  
 222 E	 67.35  
 223 R	 36.69  
 224 L	 6.37  
 225 K	 53.03  
 226 R	 48.93  
 227 D	 31.94  
 228 C	 3.96  
 229 I	 3.96  
 230 D	 57.08  
 231 R	 23.38  
 232 L	 4.48  
 233 K	 47.45  
 234 R	 59.43  
 235 R	 32.70  
 236 P	 32.66  
 237 R	 54.20  
 238 N	 50.23  
 239 Y	 11.84  
 240 P	 29.45  
 241 T	 25.97  
 242 A	 9.80  
 243 K	 43.50  
 244 Y	 14.49  
 245 T	 7.16  
 246 C	 2.58  
 247 R	 30.47  
 248 L	 2.96  
 249 C	 1.43  
 250 D	 42.73  
 251 V	 5.90  
 252 L	 1.99  
 253 I	 3.81  
 254 E	 31.75  
 255 S	 16.54  
 256 I	 2.07  
 257 A	 12.59  
 258 F	 7.54  
 259 A	 11.20  
 260 H	 18.77  
 261 K	 43.53  
 262 H	 26.87  
 263 I	 8.01  
 264 K	 57.83  
 265 E	 55.51  
 266 K	 55.59  
 267 R	 48.20  
 268 H	 57.41  
 269 K	 52.10  
 270 K	 58.75  
 271 N	 56.20  
 272 I	 9.29  
 273 K	 69.15  
 274 E	 57.06  
 275 K	 58.99  
 276 Q	 65.51  
 277 E	 65.59  
 278 E	 51.99  
 279 E	 48.61  
 280 L	 6.11  
 281 L	 3.78  
 282 T	 38.62  
 283 T	 36.92  
 284 L	 5.16  
 285 P	 30.63  
 286 P	 48.81  
 287 P	 55.81  
 288 T	 41.15  
 289 P	 29.97  
 290 S	 46.28  
 291 Q	 33.87  
 292 I	 4.13  
 293 N	 22.42  
 294 A	 11.53  
 295 V	 5.01  
 296 G	 10.95  
 297 I	 2.14  
 298 A	 9.67  
 299 I	 5.07  
 300 D	 28.77  
 301 K	 37.89  
 302 V	 4.82  
 303 V	 5.78  
 304 Q	 43.20  
 305 E	 30.03  
 306 F	 7.63  
 307 G	 25.85  
 308 L	 4.81  
 309 H	 39.68  
 310 N	 44.91  
 311 E	 53.06  
 312 N	 54.95  
 313 L	 4.90  
 314 E	 45.28  
 315 Q	 59.43  
 316 R	 25.55  
 317 L	 8.79  
 318 E	 48.96  
 319 I	 4.26  
 320 K	 26.88  
 321 R	 38.86  
 322 I	 3.27  
 323 M	 3.39  
 324 E	 48.12  
 325 N	 23.64  
 326 V	 2.88  
 327 F	 10.70  
 328 Q	 28.64  
 329 H	 23.35  
 330 K	 51.43  
 331 L	 3.97  
 332 P	 45.42  
 333 D	 45.10  
 334 C	 3.79  
 335 S	 24.73  
 336 L	 5.71  
 337 R	 15.01  
 338 L	 7.43  
 339 Y	 14.45  
 340 G	 20.06  
 341 S	 18.02  
 342 S	 16.26  
 343 C	 2.69  
 344 S	 32.27  
 345 R	 43.06  
 346 L	 5.63  
 347 G	 30.30  
 348 F	 8.84  
 349 K	 54.46  
 350 N	 40.98  
 351 S	 43.45  
 352 D	 47.04  
 353 V	 7.30  
 354 N	 31.07  
 355 I	 5.05  
 356 D	 24.35  
 357 I	 3.94  
 358 Q	 34.23  
 359 F	 4.51  
 360 P	 12.42  
 361 A	 16.05  
 362 I	 2.51  
 363 M	 3.10  
 364 S	 32.23  
 365 Q	 22.34  
 366 P	 26.77  
 367 D	 35.74  
 368 V	 5.30  
 369 L	 3.89  
 370 L	 4.41  
 371 L	 3.06  
 372 V	 4.55  
 373 Q	 35.34  
 374 E	 34.05  
 375 C	 3.52  
 376 L	 6.06  
 377 K	 67.09  
 378 N	 37.79  
 379 S	 32.80  
 380 D	 57.89  
 381 S	 24.75  
 382 F	 7.11  
 383 I	 6.13  
 384 D	 30.18  
 385 V	 5.82  
 386 D	 36.35  
 387 A	 22.63  
 388 D	 31.25  
 389 F	 5.35  
 390 H	 17.11  
 391 A	 17.73  
 392 R	 25.38  
 393 V	 4.35  
 394 P	 13.97  
 395 V	 4.63  
 396 V	 2.48  
 397 V	 2.31  
 398 C	 2.92  
 399 R	 42.40  
 400 E	 50.77  
 401 K	 30.34  
 402 Q	 37.67  
 403 S	 42.34  
 404 G	 21.85  
 405 L	 6.50  
 406 L	 2.79  
 407 C	 5.00  
 408 K	 38.91  
 409 V	 4.65  
 410 S	 18.89  
 411 A	 28.02  
 412 G	 34.18  
 413 N	 38.78  
 414 E	 45.33  
 415 N	 39.70  
 416 A	 5.41  
 417 C	 5.38  
 418 L	 6.73  
 419 T	 33.41  
 420 T	 11.97  
 421 K	 31.23  
 422 H	 26.73  
 423 L	 2.98  
 424 T	 21.40  
 425 A	 22.22  
 426 L	 5.39  
 427 G	 30.00  
 428 K	 50.99  
 429 L	 14.99  
 430 E	 43.82  
 431 P	 45.80  
 432 K	 53.38  
 433 L	 7.59  
 434 V	 4.26  
 435 P	 31.20  
 436 L	 3.20  
 437 V	 2.13  
 438 I	 3.85  
 439 A	 3.87  
 440 F	 4.18  
 441 R	 19.64  
 442 Y	 11.85  
 443 W	 5.22  
 444 A	 5.99  
 445 K	 35.56  
 446 L	 1.82  
 447 C	 3.10  
 448 S	 37.65  
 449 I	 5.20  
 450 D	 43.73  
 451 R	 38.57  
 452 P	 40.00  
 453 E	 70.89  
 454 E	 62.33  
 455 G	 41.07  
 456 G	 37.99  
 457 L	 5.93  
 458 P	 22.81  
 459 P	 42.85  
 460 Y	 13.27  
 461 V	 2.53  
 462 F	 3.40  
 463 A	 6.08  
 464 L	 1.29  
 465 M	 2.11  
 466 A	 9.04  
 467 I	 1.24  
 468 F	 3.47  
 469 F	 5.00  
 470 L	 2.70  
 471 Q	 35.56  
 472 Q	 61.64  
 473 R	 32.14  
 474 K	 60.38  
 475 E	 43.29  
 476 P	 42.08  
 477 L	 9.90  
 478 L	 3.84  
 479 P	 22.01  
 480 V	 6.59  
 481 Y	 11.91  
 482 L	 4.45  
 483 G	 11.84  
 484 S	 23.45  
 485 W	 7.28  
 486 I	 3.88  
 487 E	 48.18  
 488 G	 14.33  
 489 F	 4.27  
 490 S	 42.46  
 491 L	 4.96  
 492 S	 25.33  
 493 K	 66.75  
 494 L	 6.44  
 495 G	 40.18  
 496 N	 32.82  
 497 F	 10.28  
 498 N	 40.57  
 499 L	 4.18  
 500 Q	 51.22  
 501 D	 54.93  
 502 I	 4.58  
 503 E	 52.04  
 504 K	 57.04  
 505 D	 27.42  
 506 V	 5.08  
 507 V	 6.37  
 508 I	 3.43  
 509 W	 4.62  
 510 E	 26.28  
 511 H	 21.70  
 512 T	 21.82  
 513 D	 37.88  
 514 S	 22.60  
 515 A	 20.48  
 516 A	 21.98  
 517 G	 32.50  
 518 D	 36.71  
 519 T	 29.57  
 520 G	 30.24  
 521 I	 5.59  
 522 T	 33.47  
 523 K	 52.19  
 524 E	 51.22  
 525 E	 66.58  
 526 A	 15.00  
 527 P	 37.61  
 528 R	 68.42  
 529 E	 58.85  
 530 T	 31.43  
 531 P	 25.92  
 532 I	 6.57  
 533 K	 52.24  
 534 R	 41.31  
 535 G	 27.52  
 536 Q	 26.17  
 537 V	 5.83  
 538 S	 11.21  
 539 L	 4.78  
 540 I	 2.10  
 541 L	 8.21  
 542 D	 40.19  
 543 V	 5.52  
 544 K	 35.87  
 545 H	 44.63  
 546 Q	 26.67  
 547 P	 36.69  
 548 S	 32.27  
 549 V	 5.91  
 550 P	 28.94  
 551 V	 7.76  
 552 G	 15.70  
 553 Q	 32.17  
 554 L	 4.56  
 555 W	 3.60  
 556 V	 5.16  
 557 E	 30.42  
 558 L	 2.77  
 559 L	 1.94  
 560 R	 34.84  
 561 F	 4.17  
 562 Y	 12.11  
 563 A	 9.63  
 564 L	 5.41  
 565 E	 25.07  
 566 F	 10.64  
 567 N	 25.58  
 568 L	 4.81  
 569 A	 14.81  
 570 D	 44.63  
 571 L	 2.83  
 572 V	 3.12  
 573 I	 3.54  
 574 S	 9.25  
 575 I	 3.95  
 576 R	 27.02  
 577 V	 5.57  
 578 K	 35.17  
 579 E	 52.09  
 580 L	 3.34  
 581 V	 5.48  
 582 S	 32.44  
 583 R	 45.87  
 584 E	 53.30  
 585 L	 6.24  
 586 K	 53.66  
 587 D	 78.51  
 588 W	 12.67  
 589 P	 42.28  
 590 K	 50.89  
 591 K	 44.98  
 592 R	 29.69  
 593 I	 6.59  
 594 A	 11.80  
 595 I	 6.00  
 596 E	 43.86  
 597 D	 41.13  
 598 P	 15.54  
 599 Y	 38.12  
 600 S	 26.93  
 601 V	 5.80  
 602 K	 32.11  
 603 R	 40.47  
 604 N	 26.53  
 605 V	 4.41  
 606 A	 11.42  
 607 R	 35.15  
 608 T	 22.13  
 609 L	 4.90  
 610 N	 37.68  
 611 S	 38.69  
 612 Q	 36.78  
 613 P	 32.36  
 614 V	 4.40  
 615 F	 8.20  
 616 E	 31.72  
 617 Y	 9.41  
 618 I	 1.34  
 619 L	 1.98  
 620 H	 10.06  
 621 C	 2.17  
 622 L	 3.67  
 623 R	 30.34  
 624 T	 22.87  
 625 T	 16.16  
 626 Y	 11.77  
 627 K	 31.62  
 628 Y	 5.44  
 629 F	 5.01  
 630 A	 19.66  
 631 L	 3.07  
 632 P	 24.24  
 633 H	 34.69  
 634 K	 50.56  
 635 I	 5.50  
 636 T	 29.67  
 637 K	 41.33  
 638 S	 19.98  
 639 S	 39.00  
 640 L	 10.33  
 641 L	 6.08  
 642 K	 53.40  
 643 P	 30.71  
 644 L	 6.90  
 645 N	 37.51  
 646 A	 13.22  
 647 I	 2.92  
 648 T	 11.02  
 649 C	 2.35  
 650 I	 3.97  
 651 S	 31.25  
 652 E	 32.06  
 653 H	 37.06  
 654 S	 26.85  
 655 K	 58.89  
 656 E	 52.20  
 657 V	 6.45  
 658 I	 4.21  
 659 N	 32.37  
 660 H	 23.80  
 661 H	 18.77  
 662 P	 35.60  
 663 D	 40.58  
 664 V	 10.30  
 665 Q	 50.65  
 666 T	 35.97  
 667 K	 47.00  
 668 D	 62.76  
 669 D	 60.80  
 670 K	 72.06  
 671 L	 9.03  
 672 K	 53.57  
 673 N	 48.03  
 674 S	 19.54  
 675 V	 7.79  
 676 L	 2.71  
 677 A	 15.32  
 678 Q	 55.22  
 679 G	 19.59  
 680 P	 19.71  
 681 G	 48.59  
 682 A	 13.87  
 683 T	 29.18  
 684 S	 19.90  
 685 S	 27.35  
 686 A	 12.42  
 687 A	 17.51  
 688 N	 45.81  
 689 T	 14.69  
 690 C	 4.00  
 691 K	 41.70  
 692 V	 8.46  
 693 Q	 16.87  
 694 P	 30.24  
 695 L	 4.98  
 696 T	 42.33  
 697 L	 6.59  
 698 K	 48.02  
 699 E	 57.26  
 700 T	 33.85  
 701 A	 16.13  
 702 E	 54.76  
 703 S	 32.23  
 704 F	 9.39  
 705 G	 48.82  
 706 S	 35.70  
 707 P	 44.34  
 708 P	 59.39  
 709 K	 70.46  
 710 E	 60.02  
 711 E	 59.52  
 712 M	 7.98  
 713 G	 39.39  
 714 N	 36.04  
 715 E	 36.55  
 716 H	 22.94  
 717 I	 3.62  
 718 S	 19.11  
 719 V	 9.62  
 720 H	 19.71  
 721 P	 40.07  
 722 E	 55.26  
 723 N	 47.82  
 724 S	 32.00  
 725 D	 45.16  
 726 C	 2.20  
 727 I	 4.55  
 728 Q	 37.53  
 729 A	 11.65  
 730 D	 24.61  
 731 V	 9.18  
 732 N	 40.02  
 733 S	 31.54  
 734 D	 59.04  
 735 D	 47.03  
 736 Y	 23.12  
 737 K	 68.57  
 738 G	 33.47  
 739 D	 32.85  
 740 K	 54.05  
 741 V	 6.71  
 742 Y	 19.87  
 743 H	 19.39  
 744 P	 24.13  
 745 E	 51.05  
 746 T	 46.89  
 747 G	 36.58  
 748 R	 46.15  
 749 K	 71.45  
 750 N	 65.30  
 751 E	 66.67  
 752 K	 72.70  
 753 E	 46.96  
 754 K	 62.14  
 755 V	 10.59  
 756 G	 36.33  
 757 R	 47.76  
 758 K	 67.40  
 759 G	 22.66  
 760 K	 33.83  
 761 H	 34.44  
 762 L	 4.96  
 763 L	 4.36  
 764 T	 28.53  
 765 V	 8.07  
 766 D	 42.94  
 767 Q	 32.77  
 768 K	 58.88  
 769 R	 50.53  
 770 G	 36.08  
 771 E	 37.23  
 772 H	 21.82  
 773 V	 3.11  
 774 V	 3.10  
 775 C	 3.29  
 776 G	 22.05  
 777 S	 21.04  
 778 T	 23.77  
 779 R	 45.75  
 780 N	 57.62  
 781 N	 51.37  
 782 E	 60.47  
 783 S	 38.68  
 784 E	 41.38  
 785 S	 43.48  
 786 T	 21.90  
 787 L	 11.15  
 788 D	 42.64  
 789 L	 8.57  
 790 E	 58.59  
 791 G	 36.42  
 792 F	 4.66  
 793 Q	 66.89  
 794 N	 33.36  
 795 P	 23.97  
 796 T	 58.89  
 797 A	 13.60  
 798 K	 66.43  
 799 E	 35.02  
 800 C	 5.04  
 801 E	 59.33  
 802 G	 32.07  
 803 L	 1.21  
 804 A	 19.57  
 805 T	 39.42  
 806 L	 5.93  
 807 D	 50.67  
 808 N	 44.52  
 809 K	 42.83  
 810 A	 28.93  
 811 D	 47.07  
 812 L	 12.46  
 813 D	 60.40  
 814 G	 37.74  
 815 E	 54.90  
 816 S	 36.97  
 817 T	 33.85  
 818 E	 73.69  
 819 G	 38.22  
 820 T	 21.76  
 821 E	 72.02  
 822 E	 58.24  
 823 L	 7.83  
 824 E	 49.16  
 825 D	 71.67  
 826 S	 22.99  
 827 L	 9.99  
 828 N	 31.98  
 829 H	 33.99  
 830 F	 6.82  
 831 T	 12.99  
 832 H	 25.65  
 833 S	 17.05  
 834 V	 6.02  
 835 Q	 41.09  
 836 G	 30.49  
 837 Q	 25.43  
 838 T	 33.22  
 839 S	 19.78  
 840 E	 44.51  
 841 M	 5.67  
 842 I	 2.31  
 843 P	 34.12  
 844 S	 46.89  
 845 D	 63.07  
 846 E	 72.19  
 847 E	 72.22  
 848 E	 65.76  
 849 E	 74.23  
 850 D	 72.41  
 851 D	 69.37  
 852 E	 78.58  
 853 E	 77.14  
 854 E	 69.53  
 855 E	 74.18  
 856 E	 74.18  
 857 E	 71.58  
 858 E	 76.27  
 859 E	 38.71  
 860 P	 39.60  
 861 R	 47.98  
 862 L	 9.14  
 863 T	 21.11  
 864 I	 4.97  
 865 N	 29.62  
 866 Q	 46.41  
 867 R	 49.17  
 868 E	 56.86  
 869 D	 62.57  
 870 E	 52.27  
 871 D	 65.57  
 872 G	 18.30  
 873 M	 5.83  
 874 A	 23.07  
 875 N	 48.65  
 876 E	 43.24  
 877 D	 62.66  
 878 E	 52.42  
 879 L	 10.73  
 880 D	 43.29  
 881 N	 47.84  
 882 T	 23.33  
 883 Y	 18.50  
 884 T	 23.88  
 885 G	 21.15  
 886 S	 34.96  
 887 G	 43.61  
 888 D	 52.91  
 889 E	 49.02  
 890 D	 58.51  
 891 A	 15.79  
 892 L	 11.65  
 893 S	 40.43  
 894 E	 67.31  
 895 E	 68.34  
 896 D	 51.11  
 897 D	 57.19  
 898 E	 71.62  
 899 L	 10.92  
 900 G	 22.05  
 901 E	 59.06  
 902 A	 13.88  
 903 A	 15.63  
 904 K	 57.11  
 905 Y	 16.79  
 906 E	 56.47  
 907 D	 54.41  
 908 V	 3.62  
 909 K	 60.66  
 910 E	 48.64  
 911 C	 7.93  
 912 G	 24.97  
 913 K	 57.02  
 914 H	 16.38  
 915 V	 6.41  
 916 E	 31.77  
 917 R	 29.46  
 918 A	 7.55  
 919 L	 7.44  
 920 L	 2.48  
 921 V	 9.05  
 922 E	 46.74  
 923 L	 6.53  
 924 N	 26.55  
 925 K	 46.42  
 926 I	 5.92  
 927 S	 34.69  
 928 L	 10.36  
 929 K	 57.08  
 930 E	 61.16  
 931 E	 54.07  
 932 N	 44.84  
 933 V	 5.00  
 934 C	 9.36  
 935 E	 68.66  
 936 E	 53.03  
 937 K	 40.19  
 938 N	 55.62  
 939 S	 37.05  
 940 P	 43.00  
 941 V	 11.97  
 942 D	 45.72  
 943 Q	 45.17  
 944 S	 31.74  
 945 D	 31.85  
 946 F	 9.46  
 947 F	 7.39  
 948 Y	 18.96  
 949 E	 37.98  
 950 F	 5.48  
 951 S	 18.02  
 952 K	 51.42  
 953 L	 3.64  
 954 I	 4.78  
 955 F	 9.29  
 956 T	 31.71  
 957 K	 54.30  
 958 G	 32.39  
 959 K	 55.61  
 960 S	 34.18  
 961 P	 32.47  
 962 T	 32.44  
 963 V	 4.67  
 964 V	 1.70  
 965 C	 1.92  
 966 S	 25.78  
 967 L	 3.18  
 968 C	 1.93  
 969 K	 59.79  
 970 R	 54.88  
 971 E	 36.14  
 972 G	 35.15  
 973 H	 29.71  
 974 L	 12.40  
 975 K	 40.67  
 976 K	 71.56  
 977 D	 52.17  
 978 C	 5.66  
 979 P	 55.09  
 980 E	 80.54  
 981 D	 39.24  
 982 F	 5.66  
 983 K	 62.00  
 984 R	 23.14  
 985 I	 5.89  
 986 Q	 43.75  
 987 L	 7.33  
 988 E	 28.54  
 989 P	 59.78  
 990 L	 5.08  
 991 P	 32.35  
 992 P	 57.45  
 993 L	 13.96  
 994 T	 30.15  
 995 P	 32.84  
 996 K	 58.19  
 997 F	 7.13  
 998 L	 4.94  
 999 N	 35.59  
 1000 I	 4.95  
 1001 L	 3.52  
 1002 D	 34.76  
 1003 Q	 28.65  
 1004 V	 2.87  
 1005 C	 1.16  
 1006 I	 3.13  
 1007 Q	 21.25  
 1008 C	 2.01  
 1009 Y	 9.38  
 1010 K	 60.98  
 1011 D	 23.84  
 1012 F	 9.13  
 1013 S	 31.13  
 1014 P	 27.84  
 1015 T	 33.13  
 1016 I	 3.54  
 1017 I	 5.41  
 1018 E	 39.97  
 1019 D	 36.71  
 1020 Q	 29.54  
 1021 A	 31.02  
 1022 R	 30.32  
 1023 E	 46.83  
 1024 H	 18.25  
 1025 I	 4.09  
 1026 R	 22.65  
 1027 Q	 59.25  
 1028 N	 35.61  
 1029 L	 4.40  
 1030 E	 51.67  
 1031 S	 29.19  
 1032 F	 3.78  
 1033 I	 5.57  
 1034 R	 28.18  
 1035 Q	 52.46  
 1036 D	 41.69  
 1037 F	 4.56  
 1038 P	 58.81  
 1039 G	 35.16  
 1040 T	 29.11  
 1041 K	 41.83  
 1042 L	 5.59  
 1043 S	 24.17  
 1044 L	 9.03  
 1045 F	 8.84  
 1046 G	 35.98  
 1047 S	 30.70  
 1048 S	 30.44  
 1049 K	 63.89  
 1050 N	 53.63  
 1051 G	 27.99  
 1052 F	 16.96  
 1053 G	 30.18  
 1054 F	 6.42  
 1055 K	 49.63  
 1056 Q	 39.66  
 1057 S	 40.51  
 1058 D	 44.38  
 1059 L	 6.87  
 1060 D	 36.24  
 1061 V	 2.90  
 1062 C	 1.67  
 1063 M	 4.18  
 1064 T	 13.23  
 1065 I	 1.21  
 1066 N	 39.57  
 1067 G	 22.50  
 1068 L	 4.58  
 1069 E	 47.58  
 1070 T	 34.74  
 1071 A	 10.25  
 1072 E	 68.65  
 1073 G	 25.09  
 1074 L	 3.29  
 1075 D	 39.46  
 1076 C	 2.41  
 1077 V	 6.37  
 1078 R	 36.00  
 1079 T	 16.61  
 1080 I	 2.44  
 1081 E	 46.47  
 1082 E	 43.83  
 1083 L	 2.09  
 1084 A	 11.65  
 1085 R	 40.40  
 1086 V	 5.15  
 1087 L	 5.14  
 1088 R	 31.61  
 1089 K	 37.65  
 1090 H	 22.21  
 1091 S	 42.42  
 1092 G	 28.51  
 1093 L	 4.20  
 1094 R	 31.50  
 1095 N	 45.23  
 1096 I	 3.80  
 1097 L	 2.61  
 1098 P	 20.34  
 1099 I	 4.85  
 1100 T	 20.82  
 1101 T	 25.79  
 1102 A	 11.38  
 1103 K	 46.59  
 1104 V	 3.47  
 1105 P	 25.58  
 1106 I	 6.19  
 1107 V	 3.46  
 1108 K	 42.93  
 1109 F	 3.02  
 1110 F	 4.37  
 1111 H	 24.38  
 1112 L	 3.83  
 1113 R	 21.80  
 1114 S	 54.83  
 1115 G	 21.30  
 1116 L	 6.46  
 1117 E	 41.49  
 1118 V	 10.74  
 1119 D	 18.51  
 1120 I	 3.55  
 1121 S	 21.97  
 1122 L	 3.79  
 1123 Y	 10.18  
 1124 N	 33.63  
 1125 T	 10.39  
 1126 L	 4.20  
 1127 A	 12.53  
 1128 L	 3.44  
 1129 H	 28.18  
 1130 N	 27.95  
 1131 T	 16.37  
 1132 R	 38.66  
 1133 L	 4.11  
 1134 L	 2.19  
 1135 S	 29.74  
 1136 A	 11.41  
 1137 Y	 8.68  
 1138 S	 20.61  
 1139 A	 9.49  
 1140 I	 6.52  
 1141 D	 25.35  
 1142 P	 36.53  
 1143 R	 33.54  
 1144 V	 6.10  
 1145 K	 33.51  
 1146 Y	 10.11  
 1147 L	 1.17  
 1148 C	 2.11  
 1149 Y	 13.79  
 1150 T	 14.98  
 1151 M	 1.09  
 1152 K	 26.79  
 1153 V	 5.24  
 1154 F	 4.54  
 1155 T	 22.36  
 1156 K	 26.51  
 1157 M	 1.95  
 1158 C	 3.53  
 1159 D	 44.39  
 1160 I	 4.59  
 1161 G	 15.92  
 1162 D	 41.52  
 1163 A	 8.91  
 1164 S	 41.75  
 1165 R	 40.20  
 1166 G	 30.37  
 1167 S	 24.78  
 1168 L	 4.37  
 1169 S	 24.01  
 1170 S	 21.05  
 1171 Y	 10.55  
 1172 A	 7.87  
 1173 Y	 7.68  
 1174 T	 10.54  
 1175 L	 1.13  
 1176 M	 1.18  
 1177 V	 4.39  
 1178 L	 1.23  
 1179 Y	 7.28  
 1180 F	 4.31  
 1181 L	 2.40  
 1182 Q	 30.23  
 1183 Q	 49.63  
 1184 R	 44.66  
 1185 N	 40.67  
 1186 P	 27.07  
 1187 P	 39.97  
 1188 V	 9.01  
 1189 I	 2.11  
 1190 P	 22.47  
 1191 V	 6.23  
 1192 L	 2.95  
 1193 Q	 34.96  
 1194 E	 44.09  
 1195 I	 2.51  
 1196 Y	 16.52  
 1197 K	 67.28  
 1198 G	 34.68  
 1199 E	 54.47  
 1200 K	 80.46  
 1201 K	 43.51  
 1202 P	 51.49  
 1203 E	 58.92  
 1204 I	 5.75  
 1205 F	 3.80  
 1206 V	 9.04  
 1207 D	 45.71  
 1208 G	 17.65  
 1209 W	 5.42  
 1210 N	 25.31  
 1211 I	 2.27  
 1212 Y	 8.59  
 1213 F	 4.88  
 1214 F	 3.66  
 1215 D	 34.33  
 1216 Q	 39.62  
 1217 I	 4.84  
 1218 D	 45.83  
 1219 E	 59.27  
 1220 L	 3.22  
 1221 P	 22.76  
 1222 T	 50.69  
 1223 Y	 12.66  
 1224 W	 7.07  
 1225 S	 16.76  
 1226 E	 32.89  
 1227 C	 8.63  
 1228 G	 23.38  
 1229 K	 72.81  
 1230 N	 34.07  
 1231 T	 32.87  
 1232 E	 53.47  
 1233 S	 29.52  
 1234 V	 4.63  
 1235 G	 26.58  
 1236 Q	 27.58  
 1237 L	 3.16  
 1238 W	 4.78  
 1239 L	 4.75  
 1240 G	 15.87  
 1241 L	 2.65  
 1242 L	 3.18  
 1243 R	 27.80  
 1244 F	 9.99  
 1245 Y	 13.55  
 1246 T	 26.73  
 1247 E	 45.33  
 1248 E	 42.59  
 1249 F	 12.46  
 1250 D	 57.92  
 1251 F	 14.02  
 1252 K	 49.07  
 1253 E	 43.30  
 1254 H	 23.85  
 1255 V	 3.73  
 1256 I	 2.82  
 1257 S	 14.68  
 1258 I	 3.20  
 1259 R	 32.93  
 1260 R	 31.11  
 1261 K	 35.29  
 1262 S	 27.14  
 1263 L	 5.74  
 1264 L	 5.68  
 1265 T	 35.16  
 1266 T	 33.17  
 1267 F	 8.62  
 1268 K	 41.80  
 1269 K	 47.04  
 1270 Q	 49.63  
 1271 W	 16.12  
 1272 T	 16.91  
 1273 S	 22.09  
 1274 K	 31.46  
 1275 Y	 10.53  
 1276 I	 2.64  
 1277 V	 3.39  
 1278 I	 3.45  
 1279 E	 49.05  
 1280 D	 37.73  
 1281 P	 16.32  
 1282 F	 29.53  
 1283 D	 52.53  
 1284 L	 7.80  
 1285 N	 24.68  
 1286 H	 37.88  
 1287 N	 38.81  
 1288 L	 3.75  
 1289 G	 23.94  
 1290 A	 20.94  
 1291 G	 23.53  
 1292 L	 4.42  
 1293 S	 29.01  
 1294 R	 37.50  
 1295 K	 46.85  
 1296 M	 3.44  
 1297 T	 29.97  
 1298 N	 22.43  
 1299 F	 4.20  
 1300 I	 2.76  
 1301 M	 1.93  
 1302 K	 35.02  
 1303 A	 7.99  
 1304 F	 3.58  
 1305 I	 6.80  
 1306 N	 31.31  
 1307 G	 17.60  
 1308 R	 27.40  
 1309 R	 29.52  
 1310 V	 5.06  
 1311 F	 7.52  
 1312 G	 22.04  
 1313 I	 2.11  
 1314 P	 23.34  
 1315 V	 10.02  
 1316 K	 49.86  
 1317 G	 44.30  
 1318 F	 5.87  
 1319 P	 36.96  
 1320 K	 68.57  
 1321 D	 61.89  
 1322 Y	 18.61  
 1323 P	 37.29  
 1324 S	 38.10  
 1325 K	 31.11  
 1326 M	 6.23  
 1327 E	 42.81  
 1328 Y	 13.17  
 1329 F	 3.40  
 1330 F	 15.14  
 1331 D	 28.70  
 1332 P	 28.58  
 1333 D	 50.32  
 1334 V	 9.67  
 1335 L	 4.74  
 1336 T	 41.62  
 1337 E	 46.65  
 1338 G	 29.95  
 1339 E	 35.21  
 1340 L	 16.46  
 1341 A	 9.13  
 1342 P	 56.74  
 1343 N	 43.69  
 1344 D	 43.89  
 1345 R	 28.24  
 1346 C	 1.72  
 1347 C	 3.24  
 1348 R	 30.75  
 1349 I	 1.96  
 1350 C	 2.04  
 1351 G	 23.42  
 1352 K	 40.89  
 1353 I	 2.92  
 1354 G	 16.09  
 1355 H	 24.09  
 1356 F	 5.69  
 1357 M	 2.72  
 1358 K	 56.06  
 1359 D	 29.93  
 1360 C	 2.08  
 1361 P	 29.46  
 1362 M	 9.00  
 1363 R	 22.02  
 1364 R	 35.25  
 1365 K	 29.72  
 1366 V	 5.66  
 1367 R	 29.44  
 1368 R	 40.76  
 1369 R	 35.64  
 1370 R	 48.42  
 1371 D	 55.18  
 1372 Q	 48.97  
 1373 E	 49.92  
 1374 D	 51.20  
 1375 A	 13.99  
 1376 L	 9.68  
 1377 N	 26.46  
 1378 Q	 47.32  
 1379 R	 48.15  
 1380 Y	 12.72  
 1381 P	 40.65  
 1382 E	 72.50  
 1383 N	 53.97  
 1384 K	 64.05  
 1385 E	 66.34  
 1386 K	 64.68  
 1387 R	 54.79  
 1388 S	 52.01  
 1389 K	 74.16  
 1390 E	 75.47  
 1391 D	 58.59  
 1392 K	 60.71  
 1393 E	 62.90  
 1394 I	 5.52  
 1395 H	 26.31  
 1396 N	 44.69  
 1397 K	 39.11  
 1398 Y	 21.10  
 1399 T	 30.12  
 1400 E	 43.69  
 1401 R	 41.64  
 1402 E	 34.29  
 1403 V	 12.63  
 1404 S	 29.07  
 1405 T	 43.56  
 1406 K	 57.31  
 1407 E	 71.94  
 1408 D	 64.68  
 1409 K	 45.15  
 1410 P	 33.92  
 1411 I	 6.91  
 1412 Q	 33.29  
 1413 C	 6.58  
 1414 T	 16.63  
 1415 P	 41.10  
 1416 Q	 39.94  
 1417 K	 60.63  
 1418 A	 18.88  
 1419 K	 46.51  
 1420 P	 23.50  
 1421 M	 4.48  
 1422 R	 29.60  
 1423 A	 10.76  
 1424 A	 7.37  
 1425 A	 16.15  
 1426 D	 44.95  
 1427 L	 6.29  
 1428 G	 35.93  
 1429 R	 49.70  
 1430 E	 42.52  
 1431 K	 45.76  
 1432 I	 3.19  
 1433 L	 11.29  
 1434 R	 36.63  
 1435 P	 33.57  
 1436 P	 40.23  
 1437 V	 15.20  
 1438 E	 60.00  
 1439 K	 59.24  
 1440 W	 6.38  
 1441 K	 51.77  
 1442 R	 44.01  
 1443 Q	 60.57  
 1444 D	 69.80  
 1445 D	 37.72  
 1446 K	 67.94  
 1447 D	 58.93  
 1448 L	 10.57  
 1449 R	 58.48  
 1450 E	 52.75  
 1451 K	 48.29  
 1452 R	 18.80  
 1453 C	 3.90  
 1454 F	 6.34  
 1455 I	 2.52  
 1456 C	 1.79  
 1457 G	 26.34  
 1458 R	 42.17  
 1459 E	 40.17  
 1460 G	 26.85  
 1461 H	 24.76  
 1462 I	 11.37  
 1463 K	 36.52  
 1464 K	 65.04  
 1465 E	 46.56  
 1466 C	 4.39  
 1467 P	 43.67  
 1468 Q	 65.43  
 1469 F	 6.13  
 1470 K	 53.27  
 1471 G	 28.47  
 1472 S	 31.92  
 1473 S	 40.86  
 1474 G	 34.01  
 1475 S	 27.33  
 1476 L	 8.38  
 1477 S	 26.87  
 1478 S	 32.85  
 1479 K	 35.35  
 1480 Y	 13.82  
 1481 M	 2.31  
 1482 T	 30.95  
 1483 Q	 34.55  
 1484 G	 20.52  
 1485 K	 29.38  
 1486 A	 22.88  
 1487 S	 37.50  
 1488 A	 15.37  
 1489 K	 54.18  
 1490 R	 37.17  
 1491 T	 33.62  
 1492 Q	 49.42  
 1493 Q	 52.89  
 1494 E	 48.90  
 1495 S	 40.98  
