 1 M	 8.60  
 2 A	 14.07  
 3 P	 22.80  
 4 L	 5.08  
 5 A	 15.50  
 6 G	 31.59  
 7 A	 9.00  
 8 S	 29.85  
 9 R	 28.13  
 10 S	 28.79  
 11 R	 32.58  
 12 V	 4.75  
 13 W	 6.03  
 14 S	 11.94  
 15 V	 3.52  
 16 G	 17.30  
 17 L	 2.05  
 18 L	 2.74  
 19 R	 28.47  
 20 L	 3.89  
 21 L	 3.50  
 22 L	 3.81  
 23 L	 4.17  
 24 S	 13.73  
 25 C	 2.81  
 26 F	 7.40  
 27 T	 32.38  
 28 L	 2.17  
 29 Q	 30.41  
 30 K	 52.70  
 31 A	 20.47  
 32 G	 41.10  
 33 G	 28.18  
 34 E	 27.19  
 35 I	 5.28  
 36 A	 4.96  
 37 V	 5.06  
 38 Q	 22.78  
 39 V	 5.21  
 40 L	 1.93  
 41 S	 29.85  
 42 N	 39.16  
 43 S	 26.91  
 44 T	 35.88  
 45 G	 18.66  
 46 F	 6.08  
 47 L	 8.87  
 48 G	 26.24  
 49 G	 23.45  
 50 S	 17.34  
 51 T	 30.29  
 52 V	 3.53  
 53 L	 3.23  
 54 H	 8.52  
 55 C	 2.89  
 56 S	 19.07  
 57 L	 8.31  
 58 A	 9.76  
 59 S	 45.92  
 60 K	 47.95  
 61 D	 52.95  
 62 N	 36.25  
 63 V	 6.17  
 64 T	 25.26  
 65 I	 1.69  
 66 T	 14.25  
 67 Q	 32.80  
 68 L	 2.79  
 69 T	 17.44  
 70 W	 10.01  
 71 M	 1.83  
 72 K	 45.25  
 73 R	 44.59  
 74 D	 39.87  
 75 P	 52.47  
 76 D	 75.43  
 77 G	 32.99  
 78 S	 39.34  
 79 H	 24.96  
 80 P	 32.00  
 81 S	 19.79  
 82 V	 6.58  
 83 A	 11.55  
 84 V	 4.19  
 85 F	 6.18  
 86 H	 27.03  
 87 P	 28.70  
 88 K	 62.89  
 89 K	 79.21  
 90 G	 27.58  
 91 P	 37.05  
 92 S	 43.31  
 93 I	 6.44  
 94 S	 51.99  
 95 D	 47.62  
 96 P	 25.22  
 97 E	 75.09  
 98 R	 42.17  
 99 V	 4.98  
 100 K	 38.92  
 101 F	 6.41  
 102 L	 2.80  
 103 V	 5.65  
 104 A	 9.57  
 105 K	 37.56  
 106 V	 4.57  
 107 Y	 11.74  
 108 E	 54.26  
 109 D	 32.99  
 110 L	 2.80  
 111 R	 49.33  
 112 N	 40.97  
 113 A	 10.25  
 114 S	 23.14  
 115 L	 4.57  
 116 A	 10.73  
 117 I	 3.21  
 118 S	 24.97  
 119 N	 26.25  
 120 L	 5.32  
 121 R	 33.75  
 122 V	 14.16  
 123 E	 43.86  
 124 D	 57.47  
 125 E	 33.70  
 126 G	 39.85  
 127 I	 2.17  
 128 Y	 22.85  
 129 E	 20.30  
 130 C	 1.67  
 131 Q	 19.19  
 132 I	 6.19  
 133 A	 4.19  
 134 T	 31.60  
 135 F	 4.54  
 136 P	 30.82  
 137 T	 49.03  
 138 D	 55.07  
 139 S	 30.87  
 140 K	 57.29  
 141 S	 29.09  
 142 A	 20.52  
 143 N	 32.37  
 144 V	 6.74  
 145 W	 7.12  
 146 L	 2.70  
 147 K	 21.42  
 148 V	 4.20  
 149 F	 4.57  
 150 A	 29.83  
 151 R	 31.12  
 152 P	 30.71  
 153 K	 62.47  
 154 N	 47.40  
 155 T	 31.81  
 156 A	 14.95  
 157 E	 52.31  
 158 A	 18.11  
 159 L	 8.18  
 160 E	 51.27  
 161 P	 46.59  
 162 S	 22.57  
 163 P	 41.77  
 164 T	 30.67  
 165 L	 4.11  
 166 I	 3.41  
 167 L	 3.91  
 168 Q	 35.82  
 169 D	 38.61  
 170 V	 3.37  
 171 A	 14.86  
 172 K	 31.76  
 173 C	 1.83  
 174 I	 4.25  
 175 S	 25.75  
 176 A	 13.20  
 177 N	 42.38  
 178 G	 34.10  
 179 H	 25.78  
 180 P	 34.14  
 181 P	 38.73  
 182 G	 43.96  
 183 R	 26.07  
 184 I	 6.65  
 185 S	 31.41  
 186 W	 9.66  
 187 P	 14.83  
 188 S	 47.34  
 189 N	 27.48  
 190 V	 11.43  
 191 N	 50.96  
 192 G	 22.13  
 193 S	 17.73  
 194 H	 30.99  
 195 R	 47.61  
 196 E	 49.54  
 197 M	 6.33  
 198 K	 56.88  
 199 E	 54.29  
 200 P	 42.07  
 201 G	 39.75  
 202 S	 43.87  
 203 Q	 46.48  
 204 P	 43.74  
 205 G	 28.23  
 206 T	 26.44  
 207 T	 25.78  
 208 T	 22.94  
 209 V	 2.92  
 210 T	 15.01  
 211 S	 21.53  
 212 Y	 8.07  
 213 L	 2.39  
 214 S	 14.97  
 215 M	 4.79  
 216 V	 3.85  
 217 P	 19.90  
 218 S	 19.47  
 219 H	 22.30  
 220 Q	 45.55  
 221 A	 23.31  
 222 D	 63.13  
 223 G	 28.11  
 224 K	 45.80  
 225 N	 40.09  
 226 I	 3.69  
 227 T	 16.12  
 228 C	 3.39  
 229 T	 21.93  
 230 V	 8.43  
 231 E	 24.63  
 232 H	 26.13  
 233 E	 39.37  
 234 S	 36.94  
 235 L	 4.12  
 236 Q	 59.49  
 237 E	 60.65  
 238 L	 3.07  
 239 D	 36.01  
 240 Q	 49.69  
 241 L	 4.08  
 242 L	 1.99  
 243 V	 7.42  
 244 T	 22.21  
 245 L	 3.31  
 246 S	 21.53  
 247 Q	 44.66  
 248 P	 39.98  
 249 Y	 24.63  
 250 P	 36.09  
 251 P	 39.69  
 252 E	 66.80  
 253 N	 38.31  
 254 V	 5.25  
 255 S	 23.71  
 256 I	 3.01  
 257 S	 24.64  
 258 G	 23.92  
 259 Y	 17.56  
 260 D	 47.69  
 261 G	 20.34  
 262 N	 24.81  
 263 W	 8.50  
 264 Y	 6.66  
 265 V	 3.70  
 266 G	 15.87  
 267 L	 1.73  
 268 T	 23.42  
 269 N	 35.75  
 270 L	 3.32  
 271 T	 23.30  
 272 L	 6.09  
 273 T	 11.76  
 274 C	 4.97  
 275 E	 44.15  
 276 A	 17.88  
 277 H	 17.67  
 278 S	 47.59  
 279 K	 35.02  
 280 P	 52.63  
 281 A	 19.23  
 282 P	 40.20  
 283 D	 41.49  
 284 M	 2.80  
 285 A	 25.38  
 286 G	 15.07  
 287 Y	 12.15  
 288 N	 25.88  
 289 W	 9.69  
 290 S	 14.24  
 291 T	 28.54  
 292 N	 36.23  
 293 T	 37.91  
 294 G	 36.31  
 295 D	 54.51  
 296 F	 6.98  
 297 P	 36.61  
 298 N	 60.47  
 299 S	 29.29  
 300 V	 8.23  
 301 K	 38.53  
 302 R	 47.70  
 303 Q	 41.73  
 304 G	 26.08  
 305 N	 15.02  
 306 M	 4.05  
 307 L	 4.45  
 308 L	 1.70  
 309 I	 2.60  
 310 S	 26.77  
 311 T	 22.41  
 312 V	 5.15  
 313 E	 46.58  
 314 D	 63.64  
 315 G	 19.46  
 316 L	 7.45  
 317 N	 47.89  
 318 N	 40.54  
 319 T	 15.55  
 320 V	 3.16  
 321 I	 2.49  
 322 V	 1.66  
 323 C	 2.09  
 324 E	 41.29  
 325 V	 4.18  
 326 T	 7.77  
 327 N	 38.04  
 328 A	 12.16  
 329 L	 6.43  
 330 G	 27.59  
 331 S	 28.88  
 332 G	 33.56  
 333 Q	 40.62  
 334 G	 34.70  
 335 Q	 18.74  
 336 V	 4.47  
 337 H	 9.00  
 338 I	 3.99  
 339 I	 1.87  
 340 V	 6.92  
 341 K	 50.00  
 342 E	 64.05  
 343 K	 52.49  
 344 P	 39.01  
 345 E	 76.13  
 346 N	 41.93  
 347 M	 4.06  
 348 Q	 44.98  
 349 Q	 42.36  
 350 N	 15.41  
 351 T	 30.21  
 352 R	 27.88  
 353 L	 3.53  
 354 H	 17.58  
 355 L	 7.06  
 356 G	 11.62  
 357 Y	 8.54  
 358 I	 1.83  
 359 F	 2.61  
 360 L	 2.07  
 361 I	 1.25  
 362 V	 2.71  
 363 F	 2.71  
 364 V	 2.02  
 365 L	 1.71  
 366 A	 6.55  
 367 V	 2.51  
 368 V	 1.85  
 369 I	 1.19  
 370 I	 0.88  
 371 I	 0.95  
 372 A	 4.88  
 373 A	 7.24  
 374 L	 2.61  
 375 Y	 8.73  
 376 T	 14.62  
 377 I	 1.33  
 378 R	 24.68  
 379 R	 20.26  
 380 C	 2.43  
 381 R	 33.22  
 382 H	 33.44  
 383 G	 9.37  
 384 R	 26.46  
 385 A	 17.97  
 386 L	 5.74  
 387 Q	 39.93  
 388 S	 52.11  
 389 N	 31.02  
 390 P	 42.70  
 391 S	 54.24  
 392 E	 66.33  
 393 R	 45.16  
 394 E	 58.67  
 395 N	 32.20  
 396 V	 4.91  
 397 Q	 43.93  
 398 Y	 9.91  
 399 S	 15.66  
 400 S	 18.05  
 401 V	 8.36  
 402 N	 42.40  
 403 G	 32.99  
 404 D	 14.79  
 405 C	 5.89  
 406 R	 33.56  
 407 L	 10.08  
 408 N	 17.27  
 409 M	 12.25  
 410 E	 40.01  
 411 P	 29.33  
 412 N	 42.58  
 413 S	 35.95  
 414 T	 47.22  
 415 R	 44.35  
