 1 M	 4.94  
 2 L	 6.35  
 3 R	 18.15  
 4 V	 5.17  
 5 I	 1.99  
 6 V	 4.32  
 7 E	 24.43  
 8 S	 29.51  
 9 A	 7.37  
 10 T	 42.85  
 11 N	 48.56  
 12 I	 3.00  
 13 P	 40.09  
 14 K	 61.62  
 15 T	 26.67  
 16 K	 59.24  
 17 F	 21.53  
 18 G	 41.99  
 19 K	 49.75  
 20 P	 53.65  
 21 D	 49.39  
 22 P	 37.09  
 23 I	 4.74  
 24 V	 4.56  
 25 S	 15.37  
 26 V	 4.06  
 27 I	 2.50  
 28 F	 8.38  
 29 K	 54.58  
 30 D	 63.30  
 31 E	 68.32  
 32 K	 70.47  
 33 K	 64.72  
 34 K	 76.32  
 35 T	 45.00  
 36 K	 60.73  
 37 K	 61.11  
 38 V	 11.57  
 39 D	 52.33  
 40 N	 59.65  
 41 E	 45.52  
 42 L	 12.61  
 43 N	 23.93  
 44 P	 45.16  
 45 V	 9.25  
 46 W	 9.67  
 47 N	 27.02  
 48 E	 32.99  
 49 I	 3.95  
 50 L	 4.35  
 51 E	 42.66  
 52 F	 10.85  
 53 D	 26.53  
 54 L	 7.02  
 55 R	 42.72  
 56 G	 32.91  
 57 I	 2.18  
 58 P	 32.70  
 59 L	 10.62  
 60 D	 40.91  
 61 S	 39.54  
 62 S	 24.50  
 63 S	 31.48  
 64 S	 28.71  
 65 L	 3.09  
 66 V	 3.18  
 67 I	 3.41  
 68 V	 3.23  
 69 V	 3.19  
 70 K	 45.89  
 71 D	 34.70  
 72 F	 8.06  
 73 E	 50.04  
 74 T	 30.33  
 75 I	 4.15  
 76 G	 32.21  
 77 Q	 39.78  
 78 N	 35.57  
 79 K	 33.33  
 80 L	 5.99  
 81 I	 5.00  
 82 G	 21.52  
 83 T	 16.50  
 84 A	 10.78  
 85 T	 15.51  
 86 V	 6.14  
 87 S	 25.91  
 88 L	 4.32  
 89 K	 42.87  
 90 D	 49.14  
 91 L	 4.51  
 92 I	 9.07  
 93 G	 37.44  
 94 D	 35.27  
 95 Q	 41.86  
 96 N	 40.00  
 97 R	 33.66  
 98 S	 41.04  
 99 L	 4.92  
 100 P	 35.21  
 101 Y	 22.48  
 102 K	 45.20  
 103 Q	 30.40  
 104 T	 19.72  
 105 S	 28.50  
 106 L	 7.27  
 107 L	 8.56  
 108 N	 54.98  
 109 E	 59.54  
 110 K	 61.88  
 111 G	 25.15  
 112 Q	 57.04  
 113 D	 56.63  
 114 T	 22.34  
 115 G	 29.07  
 116 A	 11.95  
 117 T	 19.17  
 118 I	 3.70  
 119 D	 30.45  
 120 L	 2.40  
 121 V	 2.57  
 122 I	 4.54  
 123 G	 16.87  
 124 Y	 12.63  
 125 T	 24.42  
 126 P	 16.62  
 127 P	 35.01  
 128 S	 56.49  
 129 A	 16.52  
 130 P	 48.05  
 131 H	 33.25  
 132 P	 45.95  
 133 N	 71.44  
 134 D	 43.10  
 135 P	 41.10  
 136 S	 58.53  
 137 G	 27.65  
 138 T	 30.78  
 139 S	 29.82  
 140 V	 4.82  
 141 P	 27.16  
 142 G	 34.27  
 143 M	 5.10  
 144 G	 45.11  
 145 E	 54.03  
 146 E	 66.05  
 147 E	 63.48  
 148 E	 70.88  
 149 E	 59.94  
 150 D	 62.13  
 151 Q	 65.60  
 152 G	 53.23  
 153 D	 49.33  
 154 E	 55.32  
 155 D	 61.72  
 156 R	 26.78  
 157 V	 14.13  
 158 D	 41.83  
 159 G	 19.89  
 160 I	 1.33  
 161 V	 7.67  
 162 R	 43.60  
 163 G	 22.18  
 164 P	 45.40  
 165 G	 39.10  
 166 P	 41.38  
 167 K	 84.83  
 168 G	 25.41  
 169 P	 35.39  
 170 S	 56.62  
 171 G	 33.01  
 172 T	 25.79  
 173 V	 5.78  
 174 S	 27.35  
 175 E	 35.78  
 176 A	 11.37  
 177 Q	 31.44  
 178 L	 5.29  
 179 A	 6.14  
 180 R	 38.84  
 181 R	 35.01  
 182 I	 3.78  
 183 T	 31.75  
 184 K	 63.07  
 185 G	 26.82  
 186 K	 46.98  
 187 S	 37.43  
 188 S	 27.65  
 189 R	 34.81  
 190 R	 32.13  
 191 M	 4.71  
 192 L	 4.91  
 193 S	 33.20  
 194 N	 56.94  
 195 K	 40.45  
 196 P	 43.13  
 197 Q	 66.80  
 198 D	 46.04  
 199 F	 5.68  
 200 Q	 30.76  
 201 I	 4.43  
 202 R	 10.21  
 203 V	 6.48  
 204 R	 17.53  
 205 V	 4.23  
 206 I	 3.04  
 207 E	 45.53  
 208 G	 16.12  
 209 R	 17.32  
 210 Q	 52.54  
 211 L	 3.78  
 212 C	 4.08  
 213 G	 38.52  
 214 N	 39.50  
 215 N	 19.55  
 216 I	 6.46  
 217 R	 21.78  
 218 P	 31.30  
 219 V	 4.71  
 220 V	 6.25  
 221 K	 28.47  
 222 V	 2.19  
 223 H	 12.14  
 224 I	 2.94  
 225 C	 1.67  
 226 G	 34.51  
 227 Q	 29.71  
 228 T	 9.90  
 229 H	 22.64  
 230 R	 29.14  
 231 T	 29.19  
 232 R	 32.18  
 233 I	 3.36  
 234 K	 51.46  
 235 R	 51.18  
 236 G	 33.01  
 237 N	 57.97  
 238 N	 37.26  
 239 P	 34.97  
 240 F	 15.21  
 241 F	 8.22  
 242 D	 52.66  
 243 E	 42.17  
 244 L	 3.76  
 245 F	 6.01  
 246 F	 7.29  
 247 Y	 14.67  
 248 N	 17.46  
 249 V	 2.05  
 250 H	 17.99  
 251 I	 5.44  
 252 T	 13.09  
 253 P	 25.79  
 254 S	 34.41  
 255 E	 49.68  
 256 L	 6.51  
 257 M	 3.69  
 258 D	 57.47  
 259 E	 28.40  
 260 I	 2.33  
 261 I	 2.35  
 262 S	 15.25  
 263 I	 2.14  
 264 R	 20.34  
 265 V	 5.17  
 266 Y	 10.91  
 267 N	 30.32  
 268 S	 9.21  
 269 H	 27.49  
 270 S	 21.26  
 271 L	 4.36  
 272 R	 31.25  
 273 A	 19.70  
 274 D	 21.46  
 275 C	 2.48  
 276 L	 5.20  
 277 M	 6.42  
 278 G	 25.00  
 279 E	 29.78  
 280 F	 7.52  
 281 K	 33.42  
 282 I	 6.69  
 283 D	 34.77  
 284 V	 7.94  
 285 G	 11.53  
 286 F	 4.65  
 287 V	 4.91  
 288 Y	 16.60  
 289 D	 50.76  
 290 E	 35.18  
 291 P	 36.65  
 292 G	 21.24  
 293 H	 26.35  
 294 A	 11.61  
 295 V	 2.94  
 296 M	 3.65  
 297 R	 22.02  
 298 K	 24.89  
 299 W	 5.06  
 300 L	 4.35  
 301 L	 4.00  
 302 L	 6.82  
 303 N	 63.86  
 304 D	 48.19  
 305 P	 40.05  
 306 E	 76.43  
 307 D	 58.22  
 308 T	 24.11  
 309 S	 38.81  
 310 S	 44.88  
 311 G	 30.95  
 312 A	 12.21  
 313 K	 54.84  
 314 G	 27.51  
 315 Y	 7.95  
 316 M	 4.75  
 317 K	 23.75  
 318 V	 2.60  
 319 S	 10.86  
 320 M	 2.78  
 321 F	 2.98  
 322 V	 3.45  
 323 L	 3.30  
 324 G	 23.50  
 325 T	 36.98  
 326 G	 35.17  
 327 D	 66.13  
 328 E	 62.14  
 329 P	 55.26  
 330 P	 47.86  
 331 P	 71.15  
 332 E	 67.51  
 333 K	 66.43  
 334 R	 42.40  
 335 D	 73.65  
 336 R	 48.98  
 337 D	 68.52  
 338 N	 52.13  
 339 D	 58.70  
 340 S	 41.80  
 341 D	 67.83  
 342 D	 50.46  
 343 V	 11.88  
 344 E	 40.69  
 345 S	 32.40  
 346 N	 22.62  
 347 L	 7.86  
 348 L	 6.69  
 349 L	 2.85  
 350 P	 28.54  
 351 A	 23.22  
 352 G	 12.08  
 353 I	 3.38  
 354 A	 7.08  
 355 L	 4.13  
 356 R	 19.45  
 357 W	 8.37  
 358 V	 2.09  
 359 T	 9.07  
 360 F	 3.80  
 361 M	 2.45  
 362 L	 2.39  
 363 K	 26.38  
 364 I	 2.18  
 365 Y	 11.37  
 366 R	 34.67  
 367 A	 11.22  
 368 E	 47.69  
 369 D	 57.81  
 370 I	 1.60  
 371 P	 35.45  
 372 Q	 48.55  
 373 M	 4.17  
 374 D	 38.55  
 375 D	 44.14  
 376 A	 11.17  
 377 F	 7.76  
 378 S	 27.02  
 379 Q	 43.81  
 380 T	 32.14  
 381 V	 3.98  
 382 K	 48.78  
 383 E	 38.93  
 384 I	 3.01  
 385 F	 12.28  
 386 G	 33.82  
 387 G	 18.53  
 388 N	 45.40  
 389 A	 33.02  
 390 D	 67.47  
 391 K	 40.94  
 392 K	 56.94  
 393 N	 51.54  
 394 L	 6.75  
 395 V	 14.19  
 396 D	 33.80  
 397 P	 27.92  
 398 F	 6.74  
 399 V	 9.63  
 400 E	 32.59  
 401 V	 4.85  
 402 S	 8.89  
 403 F	 14.53  
 404 A	 22.76  
 405 G	 28.45  
 406 K	 38.31  
 407 K	 41.44  
 408 V	 5.76  
 409 C	 3.11  
 410 T	 32.23  
 411 N	 28.28  
 412 I	 1.54  
 413 I	 4.40  
 414 E	 35.76  
 415 R	 36.83  
 416 N	 31.14  
 417 A	 38.89  
 418 N	 38.27  
 419 P	 45.64  
 420 E	 59.89  
 421 W	 11.21  
 422 N	 24.09  
 423 Q	 41.42  
 424 V	 2.52  
 425 V	 4.22  
 426 N	 27.63  
 427 L	 3.63  
 428 Q	 31.46  
 429 I	 5.83  
 430 K	 37.96  
 431 F	 6.06  
 432 P	 19.02  
 433 S	 38.92  
 434 M	 3.31  
 435 C	 5.90  
 436 E	 49.53  
 437 K	 39.97  
 438 I	 1.75  
 439 K	 49.53  
 440 L	 4.45  
 441 T	 16.42  
 442 V	 6.22  
 443 Y	 13.19  
 444 D	 36.14  
 445 W	 3.79  
 446 D	 32.58  
 447 R	 39.75  
 448 L	 8.08  
 449 T	 28.79  
 450 K	 56.60  
 451 N	 41.91  
 452 D	 37.73  
 453 V	 6.30  
 454 V	 6.68  
 455 G	 16.52  
 456 T	 10.72  
 457 T	 12.95  
 458 Y	 8.00  
 459 L	 3.05  
 460 Y	 9.87  
 461 L	 3.77  
 462 S	 14.41  
 463 K	 33.50  
 464 I	 3.30  
 465 A	 10.18  
 466 A	 16.51  
 467 S	 38.01  
 468 G	 31.39  
 469 G	 33.03  
 470 E	 40.48  
 471 V	 7.39  
 472 E	 35.68  
 473 A	 18.68  
 474 T	 23.10  
 475 T	 39.82  
 476 G	 35.16  
 477 E	 39.44  
 478 T	 37.00  
 479 E	 36.02  
 480 V	 10.60  
 481 G	 16.17  
 482 F	 7.80  
 483 V	 3.43  
 484 P	 21.54  
 485 T	 35.60  
 486 F	 9.35  
 487 G	 17.53  
 488 P	 10.21  
 489 C	 6.54  
 490 Y	 11.19  
 491 L	 4.54  
 492 N	 12.54  
 493 L	 4.77  
 494 Y	 17.93  
 495 G	 34.05  
 496 S	 13.76  
 497 P	 28.85  
 498 R	 51.77  
 499 E	 51.32  
 500 Y	 17.28  
 501 T	 27.82  
 502 G	 31.05  
 503 F	 4.84  
 504 P	 42.91  
 505 D	 52.72  
 506 P	 38.42  
 507 Y	 29.45  
 508 D	 60.33  
 509 E	 43.96  
 510 L	 5.89  
 511 N	 46.82  
 512 S	 55.28  
 513 G	 40.70  
 514 K	 54.32  
 515 G	 40.18  
 516 E	 54.72  
 517 G	 20.30  
 518 V	 3.53  
 519 A	 10.12  
 520 Y	 15.93  
 521 R	 20.41  
 522 G	 17.85  
 523 R	 15.35  
 524 I	 5.16  
 525 F	 3.17  
 526 V	 8.33  
 527 E	 26.08  
 528 L	 6.51  
 529 N	 18.45  
 530 T	 42.07  
 531 F	 8.91  
 532 L	 9.93  
 533 E	 55.64  
 534 K	 73.12  
 535 K	 57.33  
 536 P	 54.04  
 537 P	 74.95  
 538 E	 71.94  
 539 K	 69.32  
 540 K	 57.32  
 541 L	 16.33  
 542 E	 49.85  
 543 P	 42.04  
 544 I	 4.49  
 545 S	 38.13  
 546 S	 35.54  
 547 D	 43.73  
 548 D	 43.80  
 549 L	 4.73  
 550 L	 5.36  
 551 V	 7.31  
 552 V	 5.46  
 553 E	 38.27  
 554 K	 34.76  
 555 Y	 8.18  
 556 Q	 43.39  
 557 R	 36.96  
 558 R	 24.74  
 559 R	 44.44  
 560 K	 37.06  
 561 Y	 17.03  
 562 S	 20.91  
 563 L	 3.28  
 564 S	 19.22  
 565 A	 17.18  
 566 V	 3.89  
 567 F	 3.63  
 568 H	 15.21  
 569 S	 17.61  
 570 A	 6.61  
 571 T	 22.79  
 572 M	 2.94  
 573 L	 3.23  
 574 Q	 32.30  
 575 D	 46.56  
 576 V	 4.87  
 577 G	 27.23  
 578 E	 42.31  
 579 A	 8.58  
 580 I	 4.14  
 581 Q	 35.18  
 582 F	 9.05  
 583 E	 20.98  
 584 V	 5.51  
 585 S	 19.99  
 586 I	 5.11  
 587 G	 17.50  
 588 N	 39.61  
 589 Y	 19.50  
 590 G	 34.55  
 591 N	 31.31  
 592 K	 40.01  
 593 F	 10.03  
 594 D	 42.45  
 595 A	 20.31  
 596 T	 23.94  
 597 C	 4.59  
 598 K	 38.42  
 599 P	 34.99  
 600 L	 3.43  
 601 A	 17.23  
 602 S	 39.40  
 603 T	 16.59  
 604 T	 24.02  
 605 Q	 34.00  
 606 Y	 9.68  
 607 S	 12.16  
 608 R	 29.81  
 609 A	 10.61  
 610 V	 4.34  
 611 F	 10.98  
 612 D	 37.52  
 613 G	 16.75  
 614 N	 24.39  
 615 Y	 9.81  
 616 Y	 6.93  
 617 Y	 6.54  
 618 Y	 7.08  
 619 L	 1.32  
 620 P	 15.30  
 621 W	 9.70  
 622 A	 9.87  
 623 H	 30.47  
 624 T	 29.33  
 625 K	 26.42  
 626 P	 27.28  
 627 V	 5.68  
 628 V	 5.01  
 629 T	 25.26  
 630 L	 1.70  
 631 T	 15.48  
 632 S	 31.21  
 633 Y	 13.95  
 634 W	 9.14  
 635 E	 36.91  
 636 D	 33.28  
 637 I	 2.24  
 638 S	 18.18  
 639 H	 34.36  
 640 R	 27.72  
 641 L	 4.08  
 642 D	 48.72  
 643 A	 10.89  
 644 V	 5.85  
 645 N	 27.08  
 646 T	 18.18  
 647 L	 2.60  
 648 L	 2.02  
 649 V	 3.72  
 650 M	 3.02  
 651 A	 7.41  
 652 E	 35.51  
 653 R	 28.61  
 654 L	 5.01  
 655 Q	 40.42  
 656 S	 44.35  
 657 N	 24.14  
 658 I	 4.32  
 659 E	 52.22  
 660 A	 15.39  
 661 V	 3.08  
 662 K	 50.44  
 663 S	 34.23  
 664 G	 15.55  
 665 I	 6.69  
 666 Q	 51.13  
 667 G	 28.12  
 668 K	 29.19  
 669 I	 5.08  
 670 P	 28.75  
 671 A	 21.63  
 672 N	 31.85  
 673 Q	 44.12  
 674 L	 4.38  
 675 A	 10.26  
 676 E	 42.70  
 677 V	 6.37  
 678 W	 4.54  
 679 L	 3.80  
 680 K	 27.90  
 681 L	 5.82  
 682 I	 3.97  
 683 D	 55.32  
 684 E	 38.10  
 685 V	 5.28  
 686 I	 3.59  
 687 E	 59.51  
 688 D	 25.92  
 689 T	 16.88  
 690 R	 34.46  
 691 Y	 18.08  
 692 T	 22.69  
 693 L	 2.08  
 694 P	 24.16  
 695 V	 9.53  
 696 T	 36.76  
 697 E	 59.95  
 698 G	 25.63  
 699 K	 30.47  
 700 A	 26.95  
 701 N	 33.22  
 702 V	 4.71  
 703 T	 18.37  
 704 V	 3.86  
 705 L	 4.27  
 706 D	 32.03  
 707 T	 23.02  
 708 Q	 32.91  
 709 I	 4.56  
 710 R	 23.34  
 711 K	 50.29  
 712 L	 4.28  
 713 R	 28.90  
 714 S	 37.51  
 715 R	 30.05  
 716 F	 8.97  
 717 L	 3.42  
 718 S	 25.11  
 719 Q	 43.11  
 720 I	 2.59  
 721 H	 15.82  
 722 E	 36.95  
 723 A	 9.53  
 724 A	 7.85  
 725 L	 5.95  
 726 R	 17.47  
 727 M	 6.02  
 728 R	 25.55  
 729 S	 23.41  
 730 E	 45.27  
 731 A	 15.45  
 732 T	 36.96  
 733 D	 53.55  
 734 V	 4.60  
 735 K	 40.30  
 736 S	 24.92  
 737 T	 29.64  
 738 L	 5.36  
 739 L	 6.71  
 740 E	 52.01  
 741 I	 6.16  
 742 E	 33.47  
 743 E	 60.03  
 744 W	 9.32  
 745 L	 4.75  
 746 D	 43.02  
 747 K	 43.62  
 748 L	 2.36  
 749 M	 3.65  
 750 Q	 56.52  
 751 L	 3.97  
 752 T	 22.78  
 753 E	 76.03  
 754 E	 47.12  
 755 P	 32.21  
 756 Q	 58.89  
 757 N	 51.49  
 758 S	 26.84  
 759 M	 4.54  
 760 P	 29.48  
 761 D	 35.76  
 762 I	 1.71  
 763 I	 2.35  
 764 I	 1.77  
 765 W	 2.58  
 766 M	 0.76  
 767 I	 2.84  
 768 R	 30.98  
 769 G	 33.58  
 770 E	 25.75  
 771 K	 56.38  
 772 R	 21.90  
 773 L	 6.73  
 774 A	 10.44  
 775 Y	 10.87  
 776 A	 9.41  
 777 R	 23.81  
 778 I	 2.42  
 779 P	 20.38  
 780 A	 11.90  
 781 H	 16.96  
 782 Q	 29.08  
 783 V	 3.78  
 784 L	 1.94  
 785 Y	 15.85  
 786 S	 16.37  
 787 T	 20.17  
 788 S	 38.47  
 789 G	 33.20  
 790 G	 26.71  
 791 N	 34.16  
 792 A	 23.96  
 793 S	 39.56  
 794 G	 23.65  
 795 K	 34.57  
 796 Y	 15.23  
 797 C	 5.26  
 798 G	 32.72  
 799 K	 33.62  
 800 T	 19.07  
 801 Q	 29.99  
 802 T	 20.87  
 803 I	 2.81  
 804 L	 3.71  
 805 L	 4.40  
 806 K	 51.98  
 807 Y	 15.32  
 808 P	 33.98  
 809 Q	 62.82  
 810 E	 58.29  
 811 K	 41.88  
 812 T	 44.66  
 813 N	 75.69  
 814 G	 28.74  
 815 P	 36.22  
 816 K	 61.64  
 817 V	 7.85  
 818 P	 21.71  
 819 V	 13.99  
 820 E	 25.45  
 821 L	 8.25  
 822 R	 13.11  
 823 V	 10.74  
 824 N	 17.18  
 825 I	 2.69  
 826 W	 4.52  
 827 L	 4.36  
 828 G	 11.55  
 829 L	 2.52  
 830 S	 28.59  
 831 A	 20.66  
 832 V	 11.29  
 833 E	 50.69  
 834 K	 56.94  
 835 K	 35.95  
 836 F	 15.96  
 837 N	 45.13  
 838 S	 29.03  
 839 F	 8.23  
 840 A	 17.71  
 841 E	 57.67  
 842 G	 23.77  
 843 T	 13.98  
 844 F	 8.90  
 845 T	 17.98  
 846 V	 3.60  
 847 F	 4.29  
 848 A	 9.05  
 849 E	 30.73  
 850 M	 4.57  
 851 Y	 11.84  
 852 E	 41.37  
 853 N	 18.22  
 854 Q	 24.92  
 855 A	 19.78  
 856 L	 2.06  
 857 V	 7.15  
 858 F	 9.66  
 859 G	 19.82  
 860 K	 30.87  
 861 W	 18.71  
 862 G	 17.31  
 863 T	 20.64  
 864 S	 26.62  
 865 G	 24.99  
 866 L	 3.55  
 867 V	 7.85  
 868 G	 30.90  
 869 R	 23.49  
 870 H	 29.59  
 871 K	 45.24  
 872 F	 6.52  
 873 S	 35.65  
 874 D	 45.17  
 875 V	 8.02  
 876 T	 37.43  
 877 G	 29.55  
 878 K	 27.57  
 879 I	 7.17  
 880 K	 51.98  
 881 L	 7.82  
 882 K	 44.90  
 883 R	 57.29  
 884 E	 38.88  
 885 F	 9.89  
 886 F	 9.55  
 887 L	 9.60  
 888 P	 24.33  
 889 P	 50.36  
 890 K	 74.78  
 891 G	 33.05  
 892 W	 17.41  
 893 E	 44.30  
 894 W	 14.36  
 895 E	 35.44  
 896 G	 34.84  
 897 D	 24.39  
 898 W	 11.68  
 899 V	 4.10  
 900 V	 9.90  
 901 D	 29.71  
 902 P	 27.56  
 903 E	 50.90  
 904 R	 37.68  
 905 S	 26.52  
 906 L	 9.57  
 907 L	 4.25  
 908 T	 34.13  
 909 E	 44.51  
 910 A	 13.50  
 911 D	 47.02  
 912 A	 20.79  
 913 G	 28.88  
 914 H	 24.76  
 915 T	 31.69  
 916 E	 40.66  
 917 F	 12.55  
 918 T	 25.64  
 919 D	 49.00  
 920 E	 39.81  
 921 V	 7.11  
 922 Y	 11.99  
 923 Q	 56.80  
 924 N	 30.72  
 925 E	 27.79  
 926 N	 57.23  
 927 R	 32.61  
 928 Y	 20.15  
 929 P	 40.87  
 930 G	 37.40  
 931 G	 32.84  
 932 E	 58.37  
 933 W	 11.01  
 934 K	 35.02  
 935 Q	 51.57  
 936 A	 16.95  
 937 E	 48.68  
 938 D	 48.29  
 939 T	 21.59  
 940 Y	 18.23  
 941 T	 30.63  
 942 D	 27.85  
 943 A	 17.69  
 944 N	 63.10  
 945 G	 39.24  
 946 D	 36.91  
 947 K	 47.45  
 948 A	 20.22  
 949 A	 27.93  
 950 S	 33.54  
 951 P	 29.58  
 952 S	 37.19  
 953 E	 41.73  
 954 M	 5.69  
 955 T	 20.15  
 956 C	 3.55  
 957 P	 22.67  
 958 P	 63.78  
 959 G	 21.78  
 960 W	 17.19  
 961 E	 47.07  
 962 W	 14.07  
 963 E	 34.20  
 964 D	 52.59  
 965 D	 32.08  
 966 A	 13.59  
 967 W	 9.18  
 968 I	 2.07  
 969 Y	 10.48  
 970 D	 23.66  
 971 I	 1.79  
 972 N	 23.98  
 973 R	 36.00  
 974 A	 14.50  
 975 V	 9.85  
 976 D	 51.40  
 977 E	 47.04  
 978 K	 65.93  
 979 G	 22.02  
 980 W	 13.50  
 981 E	 42.42  
 982 Y	 13.81  
 983 G	 10.07  
 984 I	 2.86  
 985 T	 24.06  
 986 I	 4.39  
 987 P	 22.88  
 988 P	 54.69  
 989 D	 71.12  
 990 N	 69.20  
 991 K	 62.29  
 992 P	 42.01  
 993 K	 59.57  
 994 S	 35.00  
 995 W	 7.01  
 996 V	 4.70  
 997 A	 12.02  
 998 A	 13.81  
 999 E	 28.72  
 1000 K	 39.78  
 1001 M	 1.92  
 1002 Y	 18.03  
 1003 H	 16.23  
 1004 T	 10.29  
 1005 H	 14.13  
 1006 R	 34.65  
 1007 R	 22.07  
 1008 R	 35.92  
 1009 R	 35.41  
 1010 L	 4.08  
 1011 V	 6.86  
 1012 R	 37.34  
 1013 K	 62.18  
 1014 R	 40.46  
 1015 K	 54.39  
 1016 K	 63.10  
 1017 D	 58.97  
 1018 L	 5.40  
 1019 T	 33.73  
 1020 Q	 42.22  
 1021 T	 24.22  
 1022 A	 7.52  
 1023 S	 31.44  
 1024 S	 24.50  
 1025 T	 20.05  
 1026 A	 10.13  
 1027 R	 34.26  
 1028 A	 13.79  
 1029 M	 3.24  
 1030 E	 59.45  
 1031 E	 44.36  
 1032 L	 5.45  
 1033 E	 59.30  
 1034 D	 67.56  
 1035 R	 34.65  
 1036 E	 79.55  
 1037 G	 24.33  
 1038 W	 7.23  
 1039 E	 41.92  
 1040 Y	 8.59  
 1041 A	 6.07  
 1042 S	 21.44  
 1043 L	 2.98  
 1044 I	 5.99  
 1045 G	 27.15  
 1046 W	 7.98  
 1047 K	 23.34  
 1048 F	 7.19  
 1049 H	 27.39  
 1050 W	 11.12  
 1051 K	 27.54  
 1052 Q	 45.34  
 1053 R	 34.11  
 1054 S	 30.03  
 1055 S	 42.74  
 1056 D	 51.62  
 1057 T	 22.46  
 1058 F	 7.40  
 1059 R	 33.03  
 1060 R	 28.46  
 1061 R	 37.95  
 1062 R	 29.46  
 1063 W	 11.56  
 1064 R	 26.91  
 1065 R	 26.58  
 1066 K	 30.73  
 1067 M	 6.68  
 1068 A	 13.91  
 1069 P	 29.24  
 1070 S	 45.66  
 1071 E	 43.71  
 1072 T	 29.91  
 1073 H	 21.61  
 1074 G	 25.08  
 1075 A	 6.01  
 1076 A	 12.99  
 1077 A	 13.76  
 1078 I	 2.41  
 1079 F	 6.74  
 1080 K	 39.24  
 1081 L	 5.23  
 1082 E	 42.90  
 1083 G	 36.22  
 1084 A	 8.08  
 1085 L	 9.51  
 1086 G	 22.37  
 1087 A	 16.30  
 1088 D	 52.98  
 1089 T	 31.39  
 1090 T	 32.40  
 1091 E	 67.14  
 1092 D	 68.65  
 1093 G	 38.44  
 1094 E	 69.71  
 1095 E	 69.69  
 1096 K	 75.39  
 1097 G	 38.59  
 1098 P	 57.59  
 1099 E	 76.44  
 1100 K	 68.71  
 1101 Q	 47.21  
 1102 K	 51.07  
 1103 H	 21.85  
 1104 S	 34.05  
 1105 A	 13.65  
 1106 T	 26.89  
 1107 T	 17.35  
 1108 V	 3.46  
 1109 F	 7.80  
 1110 G	 17.37  
 1111 A	 12.78  
 1112 N	 46.93  
 1113 T	 17.54  
 1114 P	 25.45  
 1115 I	 3.16  
 1116 V	 5.85  
 1117 S	 12.22  
 1118 C	 3.99  
 1119 N	 34.05  
 1120 F	 8.12  
 1121 D	 25.74  
 1122 R	 20.99  
 1123 V	 3.52  
 1124 Y	 9.17  
 1125 I	 1.27  
 1126 Y	 4.15  
 1127 H	 9.39  
 1128 L	 1.96  
 1129 R	 9.62  
 1130 C	 2.81  
 1131 Y	 9.02  
 1132 I	 2.05  
 1133 Y	 3.04  
 1134 Q	 25.04  
 1135 A	 5.83  
 1136 R	 22.68  
 1137 N	 36.86  
 1138 L	 1.44  
 1139 M	 3.88  
 1140 A	 18.77  
 1141 L	 5.39  
 1142 D	 43.08  
 1143 K	 57.00  
 1144 D	 55.36  
 1145 S	 32.18  
 1146 F	 16.03  
 1147 S	 41.44  
 1148 D	 37.91  
 1149 P	 27.32  
 1150 Y	 17.84  
 1151 A	 11.29  
 1152 H	 15.20  
 1153 V	 3.09  
 1154 S	 16.54  
 1155 F	 6.92  
 1156 L	 2.27  
 1157 H	 29.92  
 1158 R	 41.83  
 1159 S	 24.49  
 1160 K	 60.46  
 1161 T	 30.79  
 1162 T	 28.99  
 1163 E	 45.22  
 1164 I	 3.01  
 1165 I	 1.38  
 1166 H	 22.01  
 1167 S	 24.96  
 1168 T	 19.18  
 1169 L	 8.95  
 1170 N	 31.85  
 1171 P	 37.67  
 1172 T	 40.37  
 1173 W	 9.29  
 1174 D	 37.92  
 1175 Q	 26.59  
 1176 T	 17.36  
 1177 I	 2.16  
 1178 I	 3.96  
 1179 F	 6.07  
 1180 D	 48.93  
 1181 E	 31.16  
 1182 V	 8.02  
 1183 E	 30.47  
 1184 I	 6.94  
 1185 F	 6.00  
 1186 G	 51.87  
 1187 E	 24.40  
 1188 P	 35.21  
 1189 Q	 39.68  
 1190 T	 33.62  
 1191 V	 4.33  
 1192 L	 4.65  
 1193 Q	 56.92  
 1194 N	 50.24  
 1195 P	 14.64  
 1196 P	 56.31  
 1197 N	 44.83  
 1198 V	 7.61  
 1199 T	 18.51  
 1200 I	 3.64  
 1201 E	 33.74  
 1202 L	 6.05  
 1203 F	 5.53  
 1204 D	 71.12  
 1205 N	 33.99  
 1206 D	 46.52  
 1207 Q	 52.71  
 1208 V	 13.19  
 1209 G	 26.51  
 1210 K	 56.05  
 1211 D	 46.05  
 1212 E	 46.38  
 1213 F	 14.55  
 1214 L	 5.39  
 1215 G	 26.98  
 1216 R	 25.62  
 1217 S	 26.58  
 1218 I	 2.31  
 1219 C	 3.46  
 1220 S	 21.43  
 1221 P	 36.44  
 1222 L	 2.81  
 1223 V	 8.22  
 1224 K	 50.03  
 1225 L	 7.13  
 1226 N	 31.89  
 1227 S	 52.92  
 1228 E	 49.80  
 1229 T	 32.30  
 1230 D	 38.42  
 1231 I	 10.43  
 1232 T	 19.72  
 1233 P	 26.15  
 1234 K	 47.78  
 1235 L	 7.07  
 1236 L	 5.01  
 1237 W	 12.27  
 1238 H	 12.68  
 1239 P	 18.57  
 1240 V	 2.77  
 1241 M	 5.67  
 1242 N	 56.60  
 1243 G	 21.50  
 1244 D	 30.30  
 1245 K	 47.15  
 1246 A	 13.78  
 1247 C	 6.19  
 1248 G	 32.68  
 1249 D	 30.38  
 1250 V	 2.55  
 1251 L	 3.18  
 1252 V	 4.84  
 1253 T	 15.39  
 1254 A	 11.34  
 1255 E	 27.29  
 1256 L	 4.08  
 1257 I	 2.27  
 1258 L	 8.47  
 1259 R	 40.95  
 1260 N	 43.24  
 1261 K	 57.97  
 1262 D	 70.11  
 1263 G	 21.75  
 1264 S	 45.38  
 1265 N	 56.20  
 1266 L	 2.75  
 1267 P	 30.26  
 1268 I	 11.29  
 1269 L	 2.93  
 1270 P	 29.18  
 1271 S	 28.93  
 1272 Q	 43.55  
 1273 R	 57.24  
 1274 A	 6.95  
 1275 P	 33.28  
 1276 N	 42.70  
 1277 L	 2.58  
 1278 Y	 11.60  
 1279 M	 3.90  
 1280 V	 1.70  
 1281 P	 15.34  
 1282 Q	 48.84  
 1283 G	 16.29  
 1284 I	 3.66  
 1285 R	 25.45  
 1286 P	 28.80  
 1287 V	 2.85  
 1288 V	 4.23  
 1289 Q	 33.07  
 1290 L	 2.06  
 1291 T	 14.43  
 1292 A	 13.15  
 1293 I	 2.59  
 1294 E	 29.50  
 1295 I	 2.32  
 1296 L	 1.81  
 1297 A	 12.17  
 1298 W	 11.69  
 1299 G	 14.78  
 1300 L	 2.20  
 1301 R	 36.94  
 1302 N	 51.31  
 1303 M	 2.11  
 1304 K	 56.93  
 1305 N	 22.85  
 1306 Y	 8.31  
 1307 Q	 30.29  
 1308 M	 1.80  
 1309 A	 5.82  
 1310 S	 22.15  
 1311 V	 4.45  
 1312 T	 32.21  
 1313 S	 15.44  
 1314 P	 23.47  
 1315 S	 33.30  
 1316 L	 5.93  
 1317 V	 3.90  
 1318 V	 6.46  
 1319 E	 21.69  
 1320 C	 6.00  
 1321 G	 27.73  
 1322 G	 31.06  
 1323 E	 38.55  
 1324 R	 40.55  
 1325 V	 5.83  
 1326 E	 44.00  
 1327 S	 20.87  
 1328 V	 3.06  
 1329 V	 6.76  
 1330 I	 2.05  
 1331 K	 37.82  
 1332 S	 34.01  
 1333 L	 5.83  
 1334 K	 62.79  
 1335 K	 74.61  
 1336 T	 23.13  
 1337 P	 49.71  
 1338 N	 67.69  
 1339 F	 6.99  
 1340 P	 32.13  
 1341 S	 29.01  
 1342 S	 24.07  
 1343 V	 5.84  
 1344 L	 3.61  
 1345 F	 4.11  
 1346 M	 2.94  
 1347 K	 23.62  
 1348 V	 3.91  
 1349 F	 8.90  
 1350 L	 7.11  
 1351 P	 30.46  
 1352 K	 67.00  
 1353 E	 51.82  
 1354 E	 51.86  
 1355 L	 4.68  
 1356 Y	 15.74  
 1357 M	 4.27  
 1358 P	 12.91  
 1359 P	 23.80  
 1360 L	 5.25  
 1361 V	 4.99  
 1362 I	 3.77  
 1363 K	 26.17  
 1364 V	 4.23  
 1365 I	 2.91  
 1366 D	 33.63  
 1367 H	 17.83  
 1368 R	 29.76  
 1369 Q	 41.55  
 1370 F	 11.73  
 1371 G	 28.50  
 1372 R	 41.20  
 1373 K	 42.41  
 1374 P	 25.35  
 1375 V	 9.42  
 1376 V	 6.26  
 1377 G	 19.65  
 1378 Q	 15.01  
 1379 C	 2.72  
 1380 T	 22.88  
 1381 I	 4.06  
 1382 D	 20.38  
 1383 H	 26.27  
 1384 L	 4.48  
 1385 D	 44.23  
 1386 R	 27.54  
 1387 F	 10.21  
 1388 R	 25.48  
 1389 C	 5.93  
 1390 D	 34.68  
 1391 P	 25.21  
 1392 Y	 18.09  
 1393 A	 28.15  
 1394 G	 28.21  
 1395 K	 44.00  
 1396 E	 52.64  
 1397 D	 51.15  
 1398 I	 5.23  
 1399 V	 3.70  
 1400 P	 33.83  
 1401 Q	 44.71  
 1402 L	 4.02  
 1403 K	 30.59  
 1404 A	 19.25  
 1405 S	 24.02  
 1406 L	 3.62  
 1407 M	 2.73  
 1408 S	 42.81  
 1409 A	 9.70  
 1410 P	 22.63  
 1411 P	 29.52  
 1412 C	 5.88  
 1413 R	 45.58  
 1414 E	 48.10  
 1415 V	 2.44  
 1416 V	 2.52  
 1417 I	 5.50  
 1418 E	 28.81  
 1419 I	 3.89  
 1420 E	 47.00  
 1421 D	 66.74  
 1422 T	 23.05  
 1423 K	 46.09  
 1424 P	 34.40  
 1425 L	 7.13  
 1426 L	 7.39  
 1427 A	 16.59  
 1428 S	 33.81  
 1429 K	 50.88  
 1430 L	 8.08  
 1431 S	 50.81  
 1432 E	 74.95  
 1433 K	 68.03  
 1434 E	 57.73  
 1435 E	 65.18  
 1436 E	 49.78  
 1437 I	 3.74  
 1438 V	 5.95  
 1439 D	 46.95  
 1440 W	 7.14  
 1441 W	 6.28  
 1442 S	 14.50  
 1443 K	 28.77  
 1444 F	 5.27  
 1445 Y	 14.87  
 1446 A	 10.60  
 1447 S	 27.74  
 1448 S	 39.77  
 1449 G	 37.47  
 1450 E	 51.31  
 1451 H	 43.26  
 1452 E	 45.82  
 1453 K	 45.64  
 1454 C	 3.60  
 1455 G	 34.10  
 1456 Q	 41.44  
 1457 Y	 7.21  
 1458 I	 2.34  
 1459 Q	 28.34  
 1460 K	 50.70  
 1461 G	 18.64  
 1462 Y	 15.07  
 1463 S	 39.93  
 1464 K	 45.36  
 1465 L	 3.16  
 1466 K	 42.85  
 1467 I	 5.20  
 1468 Y	 16.98  
 1469 D	 23.92  
 1470 C	 3.45  
 1471 E	 52.90  
 1472 L	 9.53  
 1473 E	 28.31  
 1474 D	 54.23  
 1475 V	 3.93  
 1476 A	 28.26  
 1477 D	 41.81  
 1478 F	 6.06  
 1479 E	 54.57  
 1480 G	 33.59  
 1481 L	 3.06  
 1482 T	 45.94  
 1483 D	 46.20  
 1484 F	 6.32  
 1485 S	 38.25  
 1486 D	 57.04  
 1487 T	 22.82  
 1488 F	 6.52  
 1489 K	 46.86  
 1490 L	 2.85  
 1491 Y	 20.22  
 1492 R	 57.40  
 1493 G	 21.91  
 1494 K	 45.82  
 1495 S	 53.64  
 1496 D	 67.25  
 1497 E	 70.39  
 1498 N	 65.05  
 1499 E	 70.06  
 1500 D	 52.97  
 1501 P	 23.89  
 1502 S	 41.58  
 1503 V	 8.57  
 1504 V	 7.74  
 1505 G	 32.25  
 1506 E	 32.35  
 1507 F	 10.00  
 1508 K	 49.71  
 1509 G	 37.02  
 1510 S	 16.37  
 1511 F	 8.20  
 1512 R	 29.27  
 1513 I	 3.80  
 1514 Y	 8.41  
 1515 P	 34.74  
 1516 L	 4.00  
 1517 P	 39.18  
 1518 D	 84.13  
 1519 D	 35.12  
 1520 P	 44.60  
 1521 S	 47.96  
 1522 V	 5.96  
 1523 P	 43.30  
 1524 A	 25.27  
 1525 P	 20.66  
 1526 P	 44.82  
 1527 R	 47.40  
 1528 Q	 47.74  
 1529 F	 7.46  
 1530 R	 35.88  
 1531 E	 66.98  
 1532 L	 5.07  
 1533 P	 27.38  
 1534 D	 74.92  
 1535 S	 33.48  
 1536 V	 8.06  
 1537 P	 28.36  
 1538 Q	 57.13  
 1539 E	 26.53  
 1540 C	 3.43  
 1541 T	 16.44  
 1542 V	 5.46  
 1543 R	 9.61  
 1544 I	 2.09  
 1545 Y	 5.62  
 1546 I	 1.41  
 1547 V	 1.75  
 1548 Q	 37.00  
 1549 G	 12.42  
 1550 L	 2.28  
 1551 Q	 44.89  
 1552 L	 10.89  
 1553 Q	 22.20  
 1554 P	 52.68  
 1555 Q	 53.77  
 1556 D	 58.19  
 1557 N	 38.94  
 1558 N	 53.77  
 1559 G	 33.66  
 1560 L	 3.04  
 1561 C	 5.40  
 1562 D	 44.04  
 1563 P	 31.58  
 1564 Y	 11.12  
 1565 I	 2.94  
 1566 K	 24.64  
 1567 I	 2.52  
 1568 T	 25.18  
 1569 L	 12.32  
 1570 G	 21.06  
 1571 K	 47.16  
 1572 K	 46.80  
 1573 V	 7.07  
 1574 I	 6.64  
 1575 E	 50.40  
 1576 D	 50.62  
 1577 R	 21.58  
 1578 D	 51.79  
 1579 H	 24.26  
 1580 Y	 23.51  
 1581 I	 1.58  
 1582 P	 22.16  
 1583 N	 47.87  
 1584 T	 23.66  
 1585 L	 9.66  
 1586 N	 28.75  
 1587 P	 26.40  
 1588 V	 8.48  
 1589 F	 5.61  
 1590 G	 17.43  
 1591 R	 17.03  
 1592 M	 2.89  
 1593 Y	 16.62  
 1594 E	 25.51  
 1595 L	 2.06  
 1596 S	 6.70  
 1597 C	 6.72  
 1598 Y	 20.31  
 1599 L	 4.07  
 1600 P	 17.51  
 1601 Q	 68.71  
 1602 E	 46.74  
 1603 K	 64.21  
 1604 D	 53.06  
 1605 L	 8.65  
 1606 K	 42.97  
 1607 I	 4.35  
 1608 S	 17.03  
 1609 V	 4.86  
 1610 Y	 11.29  
 1611 D	 32.45  
 1612 Y	 10.13  
 1613 D	 32.23  
 1614 T	 22.22  
 1615 F	 4.88  
 1616 T	 39.02  
 1617 R	 45.99  
 1618 D	 57.94  
 1619 E	 46.48  
 1620 K	 60.88  
 1621 V	 8.67  
 1622 G	 37.29  
 1623 E	 45.85  
 1624 T	 24.11  
 1625 T	 14.27  
 1626 I	 8.10  
 1627 D	 45.93  
 1628 L	 5.78  
 1629 E	 42.48  
 1630 N	 47.50  
 1631 R	 25.22  
 1632 F	 12.54  
 1633 L	 3.03  
 1634 S	 23.89  
 1635 R	 41.93  
 1636 F	 12.07  
 1637 G	 18.51  
 1638 S	 16.94  
 1639 H	 17.75  
 1640 C	 5.91  
 1641 G	 32.82  
 1642 I	 4.06  
 1643 P	 14.12  
 1644 E	 52.87  
 1645 Q	 31.41  
 1646 Y	 7.99  
 1647 C	 1.64  
 1648 V	 4.80  
 1649 S	 33.20  
 1650 G	 9.04  
 1651 V	 4.49  
 1652 N	 37.13  
 1653 T	 21.33  
 1654 W	 9.17  
 1655 R	 21.54  
 1656 D	 43.35  
 1657 Q	 30.69  
 1658 L	 9.20  
 1659 R	 26.96  
 1660 P	 32.84  
 1661 T	 25.97  
 1662 Q	 42.74  
 1663 L	 6.13  
 1664 L	 2.21  
 1665 Q	 51.44  
 1666 N	 29.41  
 1667 V	 2.32  
 1668 A	 20.81  
 1669 R	 29.53  
 1670 F	 7.00  
 1671 K	 54.83  
 1672 G	 37.27  
 1673 F	 9.40  
 1674 P	 40.74  
 1675 P	 29.39  
 1676 P	 39.66  
 1677 V	 13.01  
 1678 L	 5.98  
 1679 S	 33.60  
 1680 E	 63.33  
 1681 D	 57.92  
 1682 G	 18.12  
 1683 S	 36.53  
 1684 R	 23.96  
 1685 I	 4.21  
 1686 R	 23.96  
 1687 Y	 22.89  
 1688 G	 18.14  
 1689 G	 15.45  
 1690 R	 36.63  
 1691 D	 38.18  
 1692 Y	 11.70  
 1693 H	 30.97  
 1694 L	 5.70  
 1695 D	 45.27  
 1696 E	 52.31  
 1697 F	 12.25  
 1698 E	 49.65  
 1699 A	 28.12  
 1700 N	 25.38  
 1701 K	 54.41  
 1702 I	 4.10  
 1703 L	 3.21  
 1704 H	 19.25  
 1705 Q	 30.01  
 1706 H	 18.58  
 1707 L	 5.14  
 1708 G	 36.64  
 1709 A	 18.07  
 1710 P	 42.03  
 1711 E	 56.04  
 1712 E	 52.51  
 1713 R	 24.49  
 1714 L	 7.23  
 1715 A	 11.87  
 1716 L	 2.82  
 1717 H	 16.07  
 1718 I	 2.64  
 1719 L	 3.18  
 1720 R	 25.13  
 1721 T	 24.44  
 1722 Q	 36.47  
 1723 G	 28.20  
 1724 L	 4.11  
 1725 V	 7.18  
 1726 P	 30.90  
 1727 E	 53.75  
 1728 H	 19.35  
 1729 V	 8.40  
 1730 E	 34.18  
 1731 T	 28.06  
 1732 R	 23.06  
 1733 T	 35.92  
 1734 L	 2.43  
 1735 H	 24.95  
 1736 S	 33.75  
 1737 T	 18.62  
 1738 F	 14.77  
 1739 Q	 30.16  
 1740 P	 35.61  
 1741 N	 35.44  
 1742 I	 4.07  
 1743 S	 39.25  
 1744 Q	 49.60  
 1745 G	 26.33  
 1746 K	 28.10  
 1747 L	 5.58  
 1748 Q	 27.46  
 1749 M	 5.66  
 1750 W	 3.11  
 1751 V	 3.64  
 1752 D	 22.34  
 1753 V	 6.83  
 1754 F	 5.66  
 1755 P	 25.77  
 1756 K	 47.01  
 1757 S	 38.50  
 1758 L	 17.41  
 1759 G	 33.19  
 1760 P	 35.65  
 1761 P	 67.15  
 1762 G	 45.72  
 1763 P	 35.76  
 1764 P	 40.61  
 1765 F	 13.38  
 1766 N	 42.89  
 1767 I	 6.00  
 1768 T	 20.39  
 1769 P	 31.79  
 1770 R	 42.80  
 1771 K	 66.80  
 1772 A	 18.17  
 1773 K	 44.32  
 1774 K	 43.94  
 1775 Y	 13.66  
 1776 Y	 9.27  
 1777 L	 2.98  
 1778 R	 11.06  
 1779 V	 3.25  
 1780 I	 2.14  
 1781 I	 1.81  
 1782 W	 8.70  
 1783 N	 27.17  
 1784 T	 17.39  
 1785 K	 46.95  
 1786 D	 30.56  
 1787 V	 5.09  
 1788 I	 6.02  
 1789 L	 7.55  
 1790 D	 50.59  
 1791 E	 45.30  
 1792 K	 46.99  
 1793 S	 24.28  
 1794 I	 9.45  
 1795 T	 41.43  
 1796 G	 27.51  
 1797 E	 41.72  
 1798 D	 43.14  
 1799 M	 3.18  
 1800 S	 32.93  
 1801 D	 29.60  
 1802 I	 3.14  
 1803 Y	 10.91  
 1804 V	 4.77  
 1805 K	 31.40  
 1806 G	 19.53  
 1807 W	 3.94  
 1808 I	 4.57  
 1809 S	 29.74  
 1810 G	 29.91  
 1811 S	 34.64  
 1812 E	 69.94  
 1813 E	 72.00  
 1814 N	 48.26  
 1815 K	 57.35  
 1816 Q	 66.52  
 1817 K	 48.58  
 1818 T	 40.54  
 1819 D	 32.03  
 1820 V	 5.31  
 1821 H	 18.33  
 1822 Y	 11.18  
 1823 R	 18.83  
 1824 S	 24.52  
 1825 L	 7.89  
 1826 D	 55.11  
 1827 G	 50.43  
 1828 E	 51.10  
 1829 G	 49.94  
 1830 N	 23.83  
 1831 F	 15.87  
 1832 N	 32.77  
 1833 W	 7.31  
 1834 R	 20.96  
 1835 F	 5.12  
 1836 V	 4.46  
 1837 F	 4.60  
 1838 P	 18.85  
 1839 F	 7.01  
 1840 D	 44.27  
 1841 Y	 18.24  
 1842 L	 3.31  
 1843 P	 27.76  
 1844 A	 17.99  
 1845 E	 41.99  
 1846 Q	 43.68  
 1847 L	 1.29  
 1848 C	 2.05  
 1849 I	 4.61  
 1850 V	 6.61  
 1851 A	 9.40  
 1852 K	 48.04  
 1853 K	 46.84  
 1854 E	 43.54  
 1855 H	 38.05  
 1856 F	 6.00  
 1857 W	 9.04  
 1858 S	 18.49  
 1859 I	 3.12  
 1860 D	 43.78  
 1861 Q	 41.06  
 1862 T	 33.09  
 1863 E	 26.31  
 1864 F	 12.39  
 1865 R	 33.53  
 1866 V	 10.45  
 1867 P	 12.20  
 1868 P	 40.63  
 1869 R	 32.23  
 1870 L	 5.09  
 1871 I	 1.99  
 1872 I	 2.62  
 1873 Q	 24.59  
 1874 I	 3.34  
 1875 W	 5.08  
 1876 D	 55.89  
 1877 N	 39.10  
 1878 D	 51.40  
 1879 K	 43.01  
 1880 F	 11.06  
 1881 S	 36.31  
 1882 L	 6.99  
 1883 D	 41.11  
 1884 D	 45.94  
 1885 Y	 14.37  
 1886 L	 5.14  
 1887 G	 20.90  
 1888 F	 4.41  
 1889 L	 6.40  
 1890 E	 37.67  
 1891 L	 10.38  
 1892 D	 30.93  
 1893 L	 4.62  
 1894 H	 25.22  
 1895 R	 34.61  
 1896 T	 16.71  
 1897 I	 3.42  
 1898 I	 2.41  
 1899 P	 24.69  
 1900 A	 19.83  
 1901 K	 47.42  
 1902 T	 44.20  
 1903 S	 34.06  
 1904 E	 64.41  
 1905 K	 28.96  
 1906 C	 4.24  
 1907 S	 38.17  
 1908 L	 7.90  
 1909 D	 19.37  
 1910 M	 6.09  
 1911 I	 2.10  
 1912 P	 33.95  
 1913 D	 50.29  
 1914 L	 2.98  
 1915 K	 49.39  
 1916 A	 18.21  
 1917 M	 5.36  
 1918 D	 50.68  
 1919 P	 23.75  
 1920 L	 7.99  
 1921 K	 53.90  
 1922 A	 23.32  
 1923 K	 42.93  
 1924 T	 26.74  
 1925 A	 11.97  
 1926 S	 38.53  
 1927 L	 5.20  
 1928 F	 7.52  
 1929 E	 50.83  
 1930 Q	 35.10  
 1931 R	 31.36  
 1932 S	 25.25  
 1933 M	 5.19  
 1934 K	 53.26  
 1935 G	 24.04  
 1936 W	 7.13  
 1937 W	 5.03  
 1938 P	 8.50  
 1939 C	 2.48  
 1940 Y	 17.47  
 1941 A	 24.88  
 1942 D	 24.09  
 1943 K	 50.30  
 1944 D	 65.33  
 1945 G	 22.59  
 1946 T	 30.17  
 1947 R	 23.03  
 1948 V	 2.87  
 1949 M	 3.52  
 1950 A	 16.29  
 1951 G	 19.22  
 1952 K	 26.03  
 1953 V	 6.26  
 1954 E	 29.90  
 1955 M	 6.08  
 1956 T	 13.27  
 1957 L	 4.07  
 1958 E	 35.47  
 1959 V	 8.60  
 1960 L	 3.93  
 1961 N	 52.00  
 1962 E	 47.97  
 1963 R	 43.24  
 1964 E	 55.05  
 1965 A	 30.13  
 1966 D	 47.92  
 1967 E	 68.56  
 1968 R	 27.24  
 1969 P	 43.23  
 1970 A	 38.25  
 1971 G	 35.32  
 1972 K	 53.94  
 1973 G	 37.11  
 1974 R	 41.13  
 1975 S	 67.10  
 1976 E	 39.06  
 1977 P	 46.76  
 1978 N	 38.52  
 1979 M	 15.44  
 1980 N	 36.88  
 1981 P	 28.02  
 1982 K	 61.59  
 1983 L	 14.60  
 1984 D	 63.84  
 1985 P	 38.20  
 1986 P	 49.48  
 1987 N	 77.01  
 1988 R	 35.88  
 1989 P	 56.72  
 1990 E	 54.57  
 1991 T	 27.71  
 1992 S	 19.38  
 1993 F	 10.25  
 1994 L	 3.54  
 1995 W	 8.94  
 1996 F	 5.28  
 1997 T	 27.03  
 1998 N	 30.42  
 1999 P	 20.23  
 2000 C	 6.59  
 2001 K	 46.76  
 2002 T	 21.94  
 2003 M	 1.69  
 2004 R	 24.30  
 2005 F	 3.52  
 2006 I	 1.73  
 2007 V	 2.75  
 2008 W	 4.86  
 2009 R	 24.22  
 2010 R	 23.06  
 2011 F	 5.69  
 2012 K	 38.45  
 2013 W	 5.48  
 2014 V	 2.05  
 2015 I	 1.69  
 2016 I	 2.00  
 2017 G	 10.11  
 2018 L	 1.83  
 2019 L	 2.39  
 2020 L	 4.38  
 2021 L	 2.56  
 2022 L	 2.33  
 2023 I	 2.28  
 2024 L	 3.24  
 2025 L	 2.50  
 2026 L	 2.66  
 2027 F	 3.15  
 2028 V	 3.48  
 2029 A	 4.47  
 2030 V	 2.96  
 2031 L	 2.40  
 2032 L	 1.88  
 2033 Y	 12.19  
 2034 S	 37.00  
 2035 L	 1.69  
 2036 P	 22.83  
 2037 N	 56.52  
 2038 Y	 9.75  
 2039 L	 5.25  
 2040 S	 13.99  
 2041 M	 2.95  
 2042 K	 34.37  
 2043 I	 2.08  
 2044 V	 7.50  
 2045 R	 23.41  
 2046 P	 30.15  
 2047 N	 47.95  
 2048 A	 24.39  
