 1 M	 5.31  
 2 S	 41.34  
 3 A	 6.84  
 4 C	 3.75  
 5 N	 37.63  
 6 T	 31.64  
 7 F	 4.73  
 8 T	 24.12  
 9 E	 32.05  
 10 H	 27.90  
 11 V	 5.98  
 12 W	 11.75  
 13 K	 41.90  
 14 P	 28.27  
 15 G	 49.56  
 16 E	 51.34  
 17 C	 4.81  
 18 K	 53.07  
 19 N	 48.38  
 20 C	 2.58  
 21 F	 24.69  
 22 K	 54.45  
 23 P	 15.94  
 24 K	 67.26  
 25 S	 39.34  
 26 L	 3.59  
 27 H	 33.93  
 28 Q	 62.04  
 29 L	 4.65  
 30 P	 24.87  
 31 P	 67.37  
 32 D	 68.44  
 33 S	 46.93  
 34 E	 69.22  
 35 K	 64.65  
 36 T	 18.83  
 37 P	 40.32  
 38 I	 5.56  
 39 T	 22.76  
 40 H	 29.19  
 41 G	 29.46  
 42 S	 29.52  
 43 G	 45.45  
 44 K	 40.06  
 45 T	 42.99  
 46 N	 42.08  
 47 A	 21.97  
 48 N	 40.98  
 49 H	 29.50  
 50 S	 38.85  
 51 N	 40.55  
 52 N	 27.62  
 53 H	 33.59  
 54 R	 27.89  
 55 V	 4.39  
 56 R	 28.58  
 57 S	 37.50  
 58 T	 26.11  
 59 G	 32.31  
 60 N	 29.82  
 61 F	 15.24  
 62 R	 38.32  
 63 P	 24.47  
 64 P	 34.15  
 65 V	 15.72  
 66 A	 21.67  
 67 K	 60.56  
 68 K	 37.34  
 69 P	 28.47  
 70 T	 30.37  
 71 I	 5.87  
 72 A	 13.03  
 73 V	 7.25  
 74 K	 26.25  
 75 P	 20.94  
 76 T	 16.51  
 77 M	 2.49  
 78 M	 2.18  
 79 V	 2.81  
 80 A	 9.41  
 81 D	 44.23  
 82 G	 16.36  
 83 Q	 32.99  
 84 S	 25.55  
 85 V	 3.60  
 86 C	 4.19  
 87 G	 36.40  
 88 E	 33.93  
 89 L	 3.12  
 90 S	 20.23  
 91 I	 9.72  
 92 Q	 30.88  
 93 E	 49.16  
 94 H	 14.07  
 95 C	 6.40  
 96 E	 70.92  
 97 N	 60.36  
 98 K	 20.54  
 99 P	 29.93  
 100 V	 6.35  
 101 I	 3.90  
 102 L	 7.09  
 103 G	 15.34  
 104 W	 10.37  
 105 N	 33.48  
 106 Q	 46.41  
 107 N	 46.49  
 108 K	 29.72  
 109 T	 42.31  
 110 S	 27.86  
 111 L	 8.33  
 112 S	 35.61  
 113 Q	 57.59  
 114 K	 48.36  
 115 P	 32.46  
 116 L	 16.07  
 117 N	 54.91  
 118 N	 62.17  
 119 N	 40.12  
 120 S	 45.11  
 121 E	 64.32  
 122 G	 38.97  
 123 D	 37.08  
 124 A	 29.66  
 125 E	 60.85  
 126 G	 33.66  
 127 F	 6.79  
 128 G	 41.83  
 129 S	 43.80  
 130 D	 45.46  
 131 P	 28.04  
 132 Q	 56.85  
 133 Q	 33.41  
 134 C	 3.54  
 135 A	 17.33  
 136 N	 61.54  
 137 N	 26.53  
 138 D	 45.19  
 139 S	 34.42  
 140 A	 19.97  
 141 Q	 47.79  
 142 K	 48.06  
 143 I	 3.37  
 144 S	 40.31  
 145 N	 59.74  
 146 N	 36.23  
 147 N	 48.47  
 148 N	 49.31  
 149 G	 35.78  
 150 L	 3.92  
 151 T	 25.99  
 152 E	 51.39  
 153 V	 8.57  
 154 L	 3.16  
 155 K	 52.85  
 156 E	 33.63  
 157 I	 3.35  
 158 A	 20.01  
 159 G	 29.70  
 160 L	 2.75  
 161 E	 49.97  
 162 A	 30.37  
 163 T	 20.81  
 164 P	 32.22  
 165 P	 24.88  
 166 V	 14.94  
 167 R	 48.25  
 168 G	 36.24  
 169 N	 42.21  
 170 E	 46.38  
 171 T	 37.87  
 172 N	 30.71  
 173 A	 20.36  
 174 R	 45.62  
 175 E	 41.31  
 176 T	 20.71  
 177 F	 6.12  
 178 L	 6.18  
 179 G	 25.00  
 180 R	 27.04  
 181 I	 4.90  
 182 N	 31.75  
 183 D	 34.45  
 184 C	 3.59  
 185 Y	 16.58  
 186 K	 41.67  
 187 R	 21.72  
 188 S	 30.36  
 189 L	 9.54  
 190 E	 53.85  
 191 R	 47.71  
 192 K	 50.63  
 193 I	 8.32  
 194 P	 20.14  
 195 P	 43.57  
 196 S	 15.92  
 197 C	 3.31  
 198 M	 5.81  
 199 T	 30.36  
 200 G	 10.00  
 201 S	 17.31  
 202 M	 6.22  
 203 K	 56.79  
 204 D	 37.24  
 205 S	 35.00  
 206 Q	 75.08  
 207 G	 26.45  
 208 K	 27.36  
 209 H	 20.76  
 210 V	 5.54  
 211 I	 2.24  
 212 L	 4.63  
 213 S	 21.41  
 214 G	 27.68  
 215 S	 20.20  
 216 A	 20.71  
 217 E	 41.92  
 218 V	 6.10  
 219 I	 2.49  
 220 S	 33.72  
 221 N	 40.59  
 222 E	 57.12  
 223 G	 36.51  
 224 G	 17.20  
 225 R	 29.35  
 226 F	 5.46  
 227 C	 5.51  
 228 Y	 11.77  
 229 P	 37.02  
 230 E	 31.52  
 231 F	 6.43  
 232 S	 35.45  
 233 S	 56.39  
 234 G	 41.30  
 235 E	 61.37  
 236 E	 67.96  
 237 S	 41.82  
 238 E	 62.59  
 239 E	 63.80  
 240 D	 38.07  
 241 V	 7.04  
 242 L	 6.36  
 243 F	 5.08  
 244 S	 30.98  
 245 N	 34.25  
 246 M	 7.12  
 247 E	 65.56  
 248 E	 54.61  
 249 E	 39.38  
 250 H	 37.36  
 251 E	 57.72  
 252 S	 41.56  
 253 W	 15.48  
 254 D	 55.59  
 255 E	 54.56  
 256 S	 48.09  
 257 D	 51.87  
 258 E	 60.88  
 259 E	 54.82  
 260 L	 3.30  
 261 L	 4.89  
 262 A	 13.24  
 263 M	 4.42  
 264 E	 23.10  
 265 I	 2.42  
 266 R	 8.74  
 267 M	 7.49  
 268 R	 30.65  
 269 G	 32.28  
 270 Q	 18.68  
 271 P	 35.86  
 272 R	 35.11  
 273 F	 9.19  
 274 A	 18.61  
 275 N	 24.99  
 276 F	 7.57  
 277 R	 27.08  
 278 A	 14.82  
 279 N	 36.98  
 280 T	 27.85  
 281 L	 5.67  
 282 S	 21.22  
 283 P	 25.15  
 284 V	 8.18  
 285 R	 23.75  
 286 F	 7.84  
 287 F	 4.20  
 288 V	 8.24  
 289 S	 24.30  
 290 K	 57.41  
 291 K	 37.86  
 292 W	 15.78  
 293 N	 36.69  
 294 T	 23.90  
 295 I	 2.46  
 296 P	 24.19  
 297 L	 9.24  
 298 R	 43.08  
 299 N	 46.05  
 300 K	 46.22  
 301 S	 33.03  
 302 L	 4.18  
 303 Q	 39.52  
 304 R	 31.11  
 305 I	 0.84  
 306 C	 3.08  
 307 A	 8.54  
 308 V	 6.42  
 309 D	 23.71  
 310 Y	 18.30  
 311 D	 33.64  
 312 D	 42.75  
 313 S	 31.42  
 314 Y	 25.29  
 315 D	 40.17  
 316 E	 40.94  
 317 I	 3.11  
 318 L	 3.70  
 319 N	 57.57  
 320 G	 27.99  
 321 Y	 20.99  
 322 E	 52.69  
 323 E	 48.49  
 324 N	 31.93  
 325 S	 43.80  
 326 G	 24.79  
 327 V	 3.90  
 328 S	 27.37  
 329 Y	 15.86  
 330 G	 20.19  
 331 Q	 32.52  
 332 G	 25.97  
 333 S	 14.75  
 334 V	 7.15  
 335 Q	 36.23  
 336 S	 26.08  
 337 T	 14.05  
 338 I	 4.49  
 339 S	 21.88  
 340 S	 32.62  
 341 D	 32.68  
 342 C	 4.36  
 343 T	 42.84  
 344 S	 33.33  
 345 P	 28.65  
 346 G	 35.37  
 347 S	 26.18  
 348 S	 41.94  
 349 F	 12.19  
 350 T	 40.57  
 351 E	 52.55  
 352 E	 48.68  
 353 S	 34.57  
 354 R	 41.62  
 355 S	 48.88  
 356 E	 47.48  
 357 T	 32.84  
 358 A	 7.96  
 359 S	 38.95  
 360 S	 29.58  
 361 L	 6.11  
 362 S	 29.87  
 363 Q	 47.71  
 364 K	 45.43  
 365 V	 2.08  
 366 C	 5.16  
 367 N	 55.50  
 368 G	 29.68  
 369 G	 11.83  
 370 I	 4.81  
 371 S	 29.99  
 372 P	 44.66  
 373 G	 46.29  
 374 N	 44.69  
 375 P	 49.62  
 376 G	 55.85  
 377 N	 47.33  
 378 S	 37.31  
 379 K	 58.09  
 380 D	 45.19  
 381 I	 4.25  
 382 A	 28.00  
 383 E	 54.14  
 384 T	 35.37  
 385 E	 34.88  
 386 S	 54.99  
 387 N	 38.17  
 388 F	 15.93  
 389 E	 67.59  
 390 S	 32.05  
 391 P	 33.35  
 392 P	 68.38  
 393 G	 53.64  
 394 N	 59.52  
 395 N	 65.79  
 396 E	 71.12  
 397 E	 68.85  
 398 K	 61.69  
 399 D	 54.73  
 400 E	 59.73  
 401 S	 47.26  
 402 L	 6.20  
 403 T	 43.30  
 404 S	 35.51  
 405 K	 41.33  
 406 S	 39.88  
 407 S	 29.69  
 408 V	 10.53  
 409 K	 54.76  
 410 V	 4.92  
 411 P	 34.74  
 412 E	 67.54  
 413 T	 23.70  
 414 H	 17.89  
 415 K	 47.84  
 416 A	 8.24  
 417 V	 3.71  
 418 L	 4.43  
 419 A	 5.52  
 420 L	 4.99  
 421 R	 28.81  
 422 L	 8.85  
 423 Q	 49.62  
 424 E	 58.67  
 425 K	 59.84  
 426 D	 63.97  
 427 G	 34.05  
 428 K	 37.31  
 429 I	 6.22  
 430 A	 7.19  
 431 V	 6.99  
 432 H	 21.20  
 433 T	 38.82  
 434 E	 52.30  
 435 K	 56.06  
 436 P	 44.88  
 437 E	 75.77  
 438 S	 41.89  
 439 K	 44.70  
 440 A	 27.26  
 441 S	 30.28  
 442 T	 35.96  
 443 D	 26.67  
 444 I	 4.74  
 445 A	 13.57  
 446 G	 19.13  
 447 Q	 24.52  
 448 A	 10.25  
 449 V	 3.62  
 450 T	 14.09  
 451 I	 2.11  
 452 S	 17.59  
 453 L	 4.45  
 454 V	 3.89  
 455 P	 32.85  
 456 V	 11.16  
 457 E	 38.01  
 458 E	 64.88  
 459 Q	 41.12  
 460 T	 36.95  
 461 K	 39.48  
 462 P	 26.08  
 463 Y	 20.00  
 464 R	 34.14  
 465 V	 2.49  
 466 V	 5.11  
 467 N	 34.70  
 468 L	 4.34  
 469 E	 44.97  
 470 Q	 39.16  
 471 P	 30.28  
 472 L	 6.15  
 473 C	 5.48  
 474 K	 49.06  
 475 P	 29.09  
 476 Y	 9.54  
 477 T	 23.68  
 478 V	 2.60  
 479 V	 4.66  
 480 D	 25.07  
 481 V	 2.57  
 482 S	 13.07  
 483 A	 10.91  
 484 A	 6.13  
 485 M	 4.16  
 486 A	 13.67  
 487 S	 16.68  
 488 E	 33.33  
 489 H	 30.96  
 490 L	 5.66  
 491 G	 45.83  
 492 R	 35.38  
 493 P	 40.71  
 494 K	 56.54  
 495 I	 7.28  
 496 K	 59.89  
 497 G	 35.91  
 498 S	 19.00  
 499 S	 47.07  
 500 S	 49.97  
 501 T	 28.56  
 502 P	 41.05  
 503 N	 60.06  
 504 S	 23.19  
 505 P	 39.79  
 506 V	 9.21  
 507 T	 32.17  
 508 S	 14.38  
 509 P	 23.17  
 510 A	 24.68  
 511 L	 7.24  
 512 T	 27.72  
 513 P	 33.28  
 514 G	 35.45  
 515 Q	 27.28  
 516 I	 6.44  
 517 N	 17.27  
 518 A	 15.83  
 519 H	 33.42  
 520 L	 7.50  
 521 K	 40.52  
 522 K	 56.88  
 523 S	 24.34  
 524 S	 36.27  
 525 A	 9.43  
 526 I	 4.56  
 527 R	 27.14  
 528 Y	 11.69  
 529 Q	 28.99  
 530 E	 30.96  
 531 V	 3.89  
 532 W	 6.98  
 533 T	 20.27  
 534 S	 18.86  
 535 S	 26.06  
 536 T	 42.38  
 537 S	 21.74  
 538 P	 42.69  
 539 R	 50.63  
 540 Q	 51.95  
 541 K	 63.36  
 542 I	 2.96  
 543 P	 38.31  
 544 K	 52.89  
 545 I	 5.59  
 546 E	 42.67  
 547 L	 6.73  
 548 S	 16.53  
 549 T	 59.80  
 550 G	 36.60  
 551 G	 24.87  
 552 P	 57.31  
 553 G	 29.68  
 554 P	 41.60  
 555 N	 65.91  
 556 V	 8.54  
 557 P	 24.26  
 558 P	 43.51  
 559 R	 36.05  
 560 R	 56.77  
 561 N	 33.26  
 562 C	 3.97  
 563 H	 30.56  
 564 K	 50.98  
 565 S	 18.80  
 566 A	 19.05  
 567 P	 40.26  
 568 T	 47.24  
 569 S	 21.13  
 570 P	 28.64  
 571 T	 45.97  
 572 A	 11.31  
 573 T	 35.25  
 574 N	 29.67  
 575 I	 4.23  
 576 S	 28.05  
 577 S	 29.98  
 578 K	 43.62  
 579 T	 32.25  
 580 I	 4.19  
 581 P	 32.49  
 582 V	 9.42  
 583 K	 55.64  
 584 S	 21.18  
 585 P	 39.81  
 586 N	 64.39  
 587 L	 5.73  
 588 S	 43.87  
 589 E	 54.05  
 590 I	 5.77  
 591 K	 34.15  
 592 F	 10.11  
 593 N	 38.28  
 594 S	 32.16  
 595 Y	 17.34  
 596 N	 31.53  
 597 N	 29.64  
 598 A	 16.42  
 599 G	 31.11  
 600 M	 3.37  
 601 P	 26.85  
 602 P	 38.46  
 603 F	 5.82  
 604 P	 23.73  
 605 I	 4.77  
 606 I	 2.03  
 607 I	 3.29  
 608 H	 23.99  
 609 D	 60.12  
 610 E	 23.22  
 611 P	 38.40  
 612 S	 29.40  
 613 Y	 19.42  
 614 A	 14.82  
 615 R	 32.98  
 616 S	 37.18  
 617 S	 25.11  
 618 K	 52.20  
 619 N	 49.17  
 620 A	 13.50  
 621 I	 6.89  
 622 K	 39.28  
 623 V	 2.98  
 624 P	 15.32  
 625 I	 5.64  
 626 V	 2.57  
 627 I	 8.00  
 628 N	 16.93  
 629 P	 18.72  
 630 N	 46.79  
 631 A	 17.82  
 632 Y	 16.41  
 633 D	 41.05  
 634 N	 20.78  
 635 L	 2.54  
 636 A	 14.87  
 637 I	 5.12  
 638 Y	 8.58  
 639 K	 28.72  
 640 S	 14.56  
 641 F	 6.80  
 642 L	 10.64  
 643 G	 18.80  
 644 T	 35.39  
 645 S	 28.59  
 646 G	 39.44  
 647 E	 37.32  
 648 L	 8.99  
 649 S	 27.17  
 650 V	 16.93  
 651 K	 50.55  
 652 E	 54.18  
 653 K	 51.92  
 654 T	 25.95  
 655 T	 31.87  
 656 S	 23.76  
 657 V	 4.97  
 658 I	 2.21  
 659 S	 13.97  
 660 H	 22.73  
 661 T	 26.32  
 662 Y	 13.21  
 663 E	 54.37  
 664 E	 35.39  
 665 I	 5.47  
 666 E	 50.21  
 667 T	 51.74  
 668 E	 35.45  
 669 S	 45.86  
 670 K	 39.25  
 671 V	 12.22  
 672 S	 29.58  
 673 D	 60.56  
 674 S	 34.41  
 675 T	 36.25  
 676 P	 33.16  
 677 S	 40.15  
 678 K	 57.52  
 679 L	 5.99  
 680 T	 39.01  
 681 D	 53.16  
 682 C	 1.96  
 683 P	 39.72  
 684 Q	 63.14  
 685 A	 10.09  
 686 K	 56.06  
 687 G	 33.94  
 688 F	 6.52  
 689 S	 38.24  
 690 N	 51.17  
 691 S	 30.37  
 692 T	 44.02  
 693 E	 56.90  
 694 R	 33.78  
 695 K	 55.68  
 696 R	 49.17  
 697 G	 29.52  
 698 S	 20.50  
 699 V	 7.92  
 700 A	 12.74  
 701 Q	 44.27  
 702 K	 35.83  
 703 V	 4.36  
 704 Q	 57.51  
 705 E	 54.02  
 706 F	 4.44  
 707 N	 37.24  
 708 N	 36.65  
 709 C	 3.60  
 710 L	 5.49  
 711 N	 48.51  
 712 R	 31.42  
 713 G	 30.56  
 714 Q	 37.18  
 715 S	 46.97  
 716 S	 19.71  
 717 P	 38.56  
 718 Q	 49.23  
 719 R	 40.73  
 720 S	 24.91  
 721 Y	 14.61  
 722 S	 29.97  
 723 S	 23.16  
 724 T	 21.60  
 725 H	 28.38  
 726 S	 37.80  
 727 S	 22.67  
 728 P	 40.36  
 729 A	 24.43  
 730 K	 42.63  
 731 I	 4.57  
 732 Q	 44.59  
 733 R	 39.44  
 734 P	 23.27  
 735 T	 47.99  
 736 Q	 58.31  
 737 E	 39.33  
 738 P	 36.17  
 739 A	 31.21  
 740 G	 48.40  
 741 K	 45.57  
 742 T	 38.44  
 743 E	 56.89  
 744 G	 28.56  
 745 A	 12.34  
 746 Q	 64.03  
 747 G	 21.36  
 748 S	 18.87  
 749 Q	 52.85  
 750 V	 6.58  
 751 P	 29.34  
 752 G	 41.10  
 753 S	 25.23  
 754 S	 39.18  
 755 S	 36.18  
 756 N	 49.72  
 757 S	 30.68  
 758 T	 47.28  
 759 R	 43.15  
 760 E	 53.73  
 761 K	 44.33  
 762 A	 9.66  
 763 S	 29.94  
 764 A	 11.80  
 765 V	 5.21  
 766 L	 1.45  
 767 C	 1.77  
 768 Q	 29.09  
 769 I	 2.45  
 770 V	 1.09  
 771 A	 11.53  
 772 S	 15.74  
 773 I	 5.27  
 774 Q	 40.92  
 775 P	 22.69  
 776 P	 34.01  
 777 Q	 73.63  
 778 T	 46.73  
 779 P	 21.34  
 780 P	 54.49  
 781 E	 74.35  
 782 A	 17.13  
 783 P	 32.69  
 784 Q	 64.69  
 785 S	 47.77  
 786 S	 25.77  
 787 P	 33.25  
 788 K	 65.06  
 789 A	 8.32  
 790 C	 6.13  
 791 S	 37.11  
 792 V	 7.15  
 793 E	 26.45  
 794 E	 44.95  
 795 L	 1.79  
 796 Y	 14.61  
 797 A	 21.69  
 798 V	 4.46  
 799 P	 16.94  
 800 P	 42.71  
 801 D	 51.51  
 802 A	 23.09  
 803 D	 63.39  
 804 T	 37.53  
 805 T	 24.28  
 806 K	 48.78  
 807 S	 41.87  
 808 I	 6.33  
 809 P	 37.15  
 810 K	 79.15  
 811 N	 40.53  
 812 P	 34.58  
 813 P	 44.11  
 814 V	 20.21  
 815 R	 38.41  
 816 P	 30.71  
 817 K	 49.58  
 818 S	 31.25  
 819 L	 7.29  
 820 F	 8.79  
 821 T	 31.02  
 822 S	 22.26  
 823 Q	 38.26  
 824 S	 39.83  
 825 S	 32.97  
 826 G	 52.77  
 827 E	 56.67  
 828 G	 40.70  
 829 E	 38.38  
 830 A	 15.79  
 831 H	 22.63  
 832 Q	 58.11  
 833 T	 23.75  
 834 T	 28.09  
 835 E	 59.10  
 836 S	 26.01  
 837 P	 30.09  
 838 T	 50.27  
 839 A	 15.44  
 840 K	 48.42  
 841 I	 5.96  
 842 Q	 43.31  
 843 K	 75.08  
 844 D	 26.46  
 845 P	 51.43  
 846 S	 60.23  
 847 T	 44.76  
 848 K	 41.66  
 849 P	 34.41  
 850 V	 9.86  
 851 T	 44.00  
 852 S	 34.74  
 853 P	 28.02  
 854 P	 43.81  
 855 S	 41.84  
 856 K	 53.39  
 857 L	 6.28  
 858 V	 4.58  
 859 T	 28.87  
 860 S	 19.48  
 861 A	 13.93  
 862 Q	 48.36  
 863 S	 52.35  
 864 E	 50.15  
 865 P	 52.52  
 866 P	 45.18  
 867 P	 54.61  
 868 P	 61.21  
 869 F	 20.48  
 870 P	 43.70  
 871 P	 37.00  
 872 P	 42.99  
 873 R	 59.34  
 874 S	 38.11  
 875 T	 34.21  
 876 S	 30.48  
 877 S	 29.57  
 878 P	 25.37  
 879 Y	 16.38  
 880 H	 26.51  
 881 A	 8.35  
 882 S	 18.07  
 883 N	 45.62  
 884 L	 3.90  
 885 L	 5.00  
 886 Q	 39.71  
 887 R	 27.19  
 888 H	 22.41  
 889 F	 6.52  
 890 T	 24.58  
 891 N	 43.40  
 892 W	 11.62  
 893 T	 29.26  
 894 K	 37.60  
 895 P	 30.63  
 896 T	 49.22  
 897 S	 32.57  
 898 P	 34.02  
 899 T	 36.70  
 900 R	 44.99  
 901 S	 32.83  
 902 T	 35.60  
 903 E	 52.25  
 904 A	 18.87  
 905 E	 31.89  
 906 S	 37.18  
 907 I	 2.78  
 908 L	 5.18  
 909 H	 23.33  
 910 S	 39.96  
 911 E	 50.90  
 912 G	 29.48  
 913 S	 17.97  
 914 R	 43.01  
 915 R	 35.51  
 916 A	 14.48  
 917 A	 18.58  
 918 D	 54.89  
 919 A	 25.89  
 920 K	 52.17  
 921 P	 32.91  
 922 K	 60.71  
 923 R	 44.48  
 924 W	 9.19  
 925 I	 3.94  
 926 S	 21.47  
 927 F	 5.90  
 928 K	 39.29  
 929 S	 27.83  
 930 F	 5.94  
 931 F	 8.40  
 932 R	 35.17  
 933 R	 39.01  
 934 R	 41.80  
 935 K	 59.52  
 936 T	 47.00  
 937 D	 65.43  
 938 E	 72.96  
 939 E	 74.41  
 940 E	 72.78  
 941 E	 70.56  
 942 K	 76.88  
 943 E	 64.53  
 944 K	 73.47  
 945 E	 68.14  
 946 R	 63.09  
 947 E	 68.22  
 948 K	 68.51  
 949 G	 24.63  
 950 K	 51.58  
 951 L	 5.14  
 952 V	 9.01  
 953 G	 28.61  
 954 L	 4.24  
 955 D	 44.80  
 956 G	 27.24  
 957 T	 18.89  
 958 V	 3.28  
 959 I	 1.26  
 960 H	 13.85  
 961 M	 4.06  
 962 L	 3.40  
 963 P	 31.60  
 964 P	 41.69  
 965 P	 39.49  
 966 P	 40.42  
 967 V	 10.88  
 968 Q	 44.77  
 969 R	 24.71  
 970 H	 12.87  
 971 H	 24.43  
 972 W	 8.84  
 973 F	 3.72  
 974 T	 29.82  
 975 E	 38.62  
 976 A	 23.30  
 977 K	 51.56  
 978 G	 42.63  
 979 E	 48.60  
 980 A	 31.49  
 981 S	 41.68  
 982 E	 70.84  
 983 K	 36.94  
 984 P	 24.14  
 985 A	 22.96  
 986 I	 3.13  
 987 V	 2.15  
 988 F	 2.66  
 989 M	 1.11  
 990 Y	 9.16  
 991 R	 13.43  
 992 C	 4.99  
 993 D	 40.59  
 994 P	 39.18  
 995 D	 54.57  
 996 Q	 46.74  
 997 G	 30.96  
 998 H	 14.86  
 999 L	 7.35  
 1000 S	 20.27  
 1001 V	 11.05  
 1002 D	 43.59  
 1003 Q	 44.68  
 1004 S	 21.73  
 1005 K	 45.25  
 1006 A	 27.89  
 1007 G	 37.70  
 1008 A	 21.86  
 1009 E	 55.94  
 1010 K	 53.84  
 1011 G	 26.07  
 1012 R	 50.31  
 1013 A	 26.43  
 1014 E	 47.48  
 1015 E	 37.16  
 1016 V	 4.61  
 1017 L	 4.15  
 1018 L	 6.18  
 1019 R	 40.23  
 1020 N	 54.46  
 1021 S	 40.47  
 1022 E	 76.90  
 1023 E	 66.65  
 1024 K	 54.63  
 1025 K	 48.16  
 1026 S	 34.97  
 1027 S	 39.30  
 1028 Y	 29.71  
 1029 L	 3.39  
 1030 P	 18.89  
 1031 S	 37.84  
 1032 Q	 49.66  
 1033 I	 5.82  
 1034 P	 29.43  
 1035 D	 53.46  
 1036 K	 46.03  
 1037 A	 12.14  
 1038 C	 3.08  
 1039 S	 34.35  
 1040 R	 36.92  
 1041 V	 3.53  
 1042 T	 15.94  
 1043 H	 25.36  
 1044 E	 25.38  
 1045 V	 6.87  
 1046 A	 11.62  
 1047 G	 41.37  
 1048 E	 36.02  
 1049 L	 9.27  
 1050 S	 17.37  
 1051 P	 58.27  
 1052 R	 64.29  
 1053 D	 40.18  
 1054 P	 43.24  
 1055 R	 58.60  
 1056 T	 23.91  
 1057 P	 40.05  
 1058 A	 36.88  
 1059 G	 29.39  
 1060 K	 47.53  
 1061 Q	 54.14  
 1062 D	 66.86  
 1063 G	 19.86  
 1064 T	 28.45  
 1065 S	 29.53  
 1066 V	 8.15  
 1067 T	 15.43  
 1068 P	 29.77  
 1069 T	 42.40  
 1070 L	 6.71  
 1071 P	 40.64  
 1072 P	 37.84  
 1073 P	 57.80  
 1074 D	 67.92  
 1075 L	 9.13  
 1076 E	 66.48  
 1077 R	 65.02  
 1078 E	 62.22  
 1079 E	 76.26  
 1080 E	 57.97  
 1081 K	 65.27  
 1082 D	 58.36  
 1083 D	 61.30  
 1084 T	 43.10  
 1085 L	 10.78  
 1086 D	 46.26  
 1087 P	 33.34  
 1088 T	 49.01  
 1089 D	 44.26  
 1090 V	 8.28  
 1091 S	 24.01  
 1092 P	 18.87  
 1093 C	 3.17  
 1094 S	 27.34  
 1095 A	 19.78  
 1096 T	 15.93  
 1097 Y	 8.69  
 1098 S	 22.63  
 1099 N	 37.46  
 1100 L	 5.62  
 1101 G	 27.89  
 1102 Q	 32.67  
 1103 S	 23.30  
 1104 R	 20.62  
 1105 A	 13.46  
 1106 A	 8.70  
 1107 M	 4.63  
 1108 I	 4.53  
 1109 P	 20.85  
 1110 P	 36.34  
 1111 K	 61.97  
 1112 H	 30.33  
 1113 P	 42.26  
 1114 R	 59.46  
 1115 H	 32.64  
 1116 P	 37.75  
 1117 K	 54.07  
 1118 G	 34.97  
 1119 A	 14.00  
 1120 V	 10.50  
 1121 D	 38.81  
 1122 D	 33.02  
 1123 A	 7.19  
 1124 I	 4.14  
 1125 A	 14.22  
 1126 F	 12.11  
 1127 G	 26.86  
 1128 E	 46.45  
 1129 K	 58.75  
 1130 T	 38.32  
 1131 D	 56.45  
 1132 Q	 52.46  
 1133 E	 69.34  
 1134 G	 20.71  
 1135 L	 4.81  
 1136 N	 48.69  
 1137 A	 18.00  
 1138 S	 35.30  
 1139 Q	 43.40  
 1140 P	 44.36  
 1141 T	 40.57  
 1142 P	 34.88  
 1143 P	 45.60  
 1144 P	 63.60  
 1145 L	 13.82  
 1146 P	 39.74  
 1147 K	 63.76  
 1148 K	 37.31  
 1149 M	 2.90  
 1150 I	 5.30  
 1151 R	 20.49  
 1152 A	 19.17  
 1153 N	 34.82  
 1154 T	 42.00  
 1155 E	 40.21  
 1156 P	 33.83  
 1157 I	 6.95  
 1158 S	 30.72  
 1159 K	 64.28  
 1160 D	 47.76  
 1161 L	 6.90  
 1162 Q	 41.41  
 1163 K	 57.93  
 1164 A	 8.26  
 1165 M	 7.08  
 1166 E	 41.87  
 1167 S	 18.61  
 1168 S	 16.69  
 1169 L	 3.39  
 1170 C	 1.81  
 1171 V	 5.01  
 1172 M	 2.66  
 1173 A	 9.84  
 1174 N	 16.02  
 1175 P	 23.85  
 1176 T	 33.36  
 1177 Y	 16.50  
 1178 D	 41.09  
 1179 I	 7.17  
 1180 D	 27.81  
 1181 P	 44.11  
 1182 N	 45.58  
 1183 W	 14.13  
 1184 D	 43.12  
 1185 A	 9.30  
 1186 S	 20.46  
 1187 S	 38.07  
 1188 A	 21.28  
 1189 G	 24.71  
 1190 S	 24.98  
 1191 S	 18.03  
 1192 I	 5.64  
 1193 S	 17.95  
 1194 Y	 24.50  
 1195 E	 36.90  
 1196 L	 3.96  
 1197 K	 45.55  
 1198 G	 39.47  
 1199 L	 6.79  
 1200 D	 51.29  
 1201 V	 6.73  
 1202 E	 47.47  
 1203 S	 33.77  
 1204 Y	 8.95  
 1205 E	 59.11  
 1206 S	 27.57  
 1207 L	 4.29  
 1208 E	 62.62  
 1209 R	 44.36  
 1210 P	 29.46  
 1211 L	 12.96  
 1212 H	 32.39  
 1213 K	 64.20  
 1214 E	 52.01  
 1215 R	 42.17  
 1216 P	 43.38  
 1217 V	 7.98  
 1218 P	 22.42  
 1219 S	 40.00  
 1220 A	 12.46  
 1221 A	 18.03  
 1222 N	 39.32  
 1223 S	 21.08  
 1224 I	 3.04  
 1225 S	 21.08  
 1226 S	 21.98  
 1227 L	 3.18  
 1228 A	 14.40  
 1229 T	 25.51  
 1230 L	 4.63  
 1231 S	 23.83  
 1232 V	 9.34  
 1233 K	 39.55  
 1234 D	 55.49  
 1235 R	 31.04  
 1236 F	 13.38  
 1237 S	 28.96  
 1238 N	 42.54  
 1239 S	 23.80  
 1240 M	 4.79  
 1241 E	 48.63  
 1242 S	 25.55  
 1243 L	 3.25  
 1244 S	 30.95  
 1245 S	 31.15  
 1246 R	 33.05  
 1247 R	 52.96  
 1248 G	 20.19  
 1249 L	 3.74  
 1250 S	 22.54  
 1251 Y	 16.28  
 1252 R	 28.19  
 1253 Q	 32.79  
 1254 T	 19.86  
 1255 R	 24.35  
 1256 S	 32.53  
 1257 I	 5.71  
 1258 Q	 53.26  
 1259 K	 41.26  
 1260 P	 20.43  
 1261 Q	 58.09  
 1262 R	 32.06  
 1263 Q	 30.39  
 1264 A	 14.57  
 1265 L	 1.96  
 1266 Y	 12.97  
 1267 R	 39.80  
 1268 G	 24.67  
 1269 L	 3.79  
 1270 D	 55.77  
 1271 N	 59.30  
 1272 R	 40.91  
 1273 E	 62.49  
 1274 E	 38.99  
 1275 V	 6.19  
 1276 V	 6.73  
 1277 G	 28.58  
 1278 K	 29.17  
 1279 L	 3.55  
 1280 R	 40.43  
 1281 S	 34.63  
 1282 L	 3.99  
 1283 H	 23.97  
 1284 T	 28.41  
 1285 D	 38.87  
 1286 A	 19.01  
 1287 L	 3.55  
 1288 K	 47.27  
 1289 R	 28.82  
 1290 L	 6.50  
 1291 A	 11.62  
 1292 V	 9.61  
 1293 K	 26.71  
 1294 C	 3.85  
 1295 E	 52.62  
 1296 D	 55.46  
 1297 L	 1.15  
 1298 F	 4.95  
 1299 M	 5.49  
 1300 A	 15.21  
 1301 G	 24.23  
 1302 Q	 36.29  
 1303 K	 46.66  
 1304 D	 44.87  
 1305 Q	 41.39  
 1306 L	 7.60  
 1307 R	 22.20  
 1308 F	 17.77  
 1309 G	 18.85  
 1310 V	 4.91  
 1311 D	 44.78  
 1312 S	 26.52  
 1313 W	 9.47  
 1314 S	 30.72  
 1315 D	 26.82  
 1316 F	 6.02  
 1317 R	 41.89  
 1318 L	 5.62  
 1319 T	 30.53  
 1320 S	 48.50  
 1321 D	 54.39  
 1322 K	 39.46  
 1323 P	 32.74  
 1324 C	 3.95  
 1325 C	 5.64  
 1326 E	 63.50  
 1327 A	 13.78  
 1328 G	 10.91  
 1329 D	 39.65  
 1330 A	 7.12  
 1331 V	 4.46  
 1332 Y	 9.23  
 1333 Y	 6.82  
 1334 T	 7.46  
 1335 A	 5.61  
 1336 S	 20.16  
 1337 Y	 18.40  
 1338 A	 13.79  
 1339 K	 52.20  
 1340 D	 41.00  
 1341 P	 36.66  
 1342 L	 8.11  
 1343 S	 32.93  
 1344 N	 36.14  
 1345 Y	 14.92  
 1346 A	 10.61  
 1347 V	 2.79  
 1348 K	 33.93  
 1349 I	 2.62  
 1350 C	 3.18  
 1351 K	 59.47  
 1352 S	 33.17  
 1353 K	 49.31  
 1354 A	 28.12  
 1355 K	 62.73  
 1356 E	 59.65  
 1357 S	 23.13  
 1358 Q	 36.06  
 1359 Q	 50.46  
 1360 Y	 8.77  
 1361 Y	 4.80  
 1362 H	 16.05  
 1363 S	 11.25  
 1364 L	 3.04  
 1365 A	 9.47  
 1366 V	 7.49  
 1367 R	 18.11  
 1368 Q	 42.60  
 1369 S	 24.87  
 1370 L	 3.77  
 1371 P	 23.84  
 1372 V	 11.04  
 1373 H	 14.22  
 1374 F	 9.79  
 1375 N	 19.11  
 1376 I	 3.68  
 1377 Q	 33.88  
 1378 Q	 44.13  
 1379 D	 24.80  
 1380 C	 3.87  
 1381 G	 23.91  
 1382 H	 22.37  
 1383 F	 4.14  
 1384 L	 3.09  
 1385 A	 18.13  
 1386 E	 58.05  
 1387 V	 4.31  
 1388 P	 12.77  
 1389 S	 40.51  
 1390 R	 33.89  
 1391 L	 8.70  
 1392 L	 4.50  
 1393 P	 36.68  
 1394 W	 23.69  
 1395 E	 58.70  
 1396 D	 42.38  
 1397 P	 28.31  
 1398 D	 83.51  
 1399 A	 21.38  
 1400 P	 51.50  
 1401 E	 67.62  
 1402 K	 56.89  
 1403 A	 20.60  
 1404 E	 68.95  
 1405 D	 74.34  
 1406 G	 23.62  
 1407 T	 49.28  
 1408 E	 66.13  
 1409 D	 62.27  
 1410 S	 40.45  
 1411 E	 72.83  
 1412 E	 75.82  
 1413 E	 63.04  
 1414 G	 37.44  
 1415 K	 46.45  
 1416 A	 26.34  
 1417 E	 48.31  
 1418 T	 35.25  
 1419 L	 6.60  
 1420 G	 41.05  
 1421 G	 50.02  
 1422 N	 35.64  
 1423 P	 50.62  
 1424 E	 64.04  
 1425 P	 28.35  
 1426 C	 5.68  
 1427 S	 59.26  
 1428 E	 65.00  
 1429 T	 36.58  
 1430 E	 38.61  
 1431 P	 49.86  
 1432 S	 47.88  
 1433 Q	 68.73  
 1434 K	 64.07  
 1435 E	 51.46  
 1436 N	 41.83  
 1437 Q	 42.17  
 1438 R	 49.13  
 1439 V	 3.91  
 1440 T	 31.34  
 1441 N	 46.42  
 1442 R	 27.41  
 1443 K	 52.73  
 1444 Q	 49.20  
 1445 R	 31.59  
 1446 S	 20.38  
 1447 H	 20.69  
 1448 V	 3.76  
 1449 V	 1.84  
 1450 V	 3.44  
 1451 I	 1.71  
 1452 T	 14.79  
 1453 R	 31.62  
 1454 E	 52.32  
 1455 V	 3.05  
 1456 P	 16.42  
 1457 H	 39.03  
 1458 L	 3.18  
 1459 T	 15.60  
 1460 V	 6.39  
 1461 A	 10.17  
 1462 D	 37.93  
 1463 F	 3.33  
 1464 V	 7.37  
 1465 R	 28.00  
 1466 D	 42.58  
 1467 S	 19.52  
 1468 L	 6.52  
 1469 A	 9.15  
 1470 H	 34.38  
 1471 H	 31.36  
 1472 G	 26.83  
 1473 N	 46.11  
 1474 S	 25.12  
 1475 P	 39.36  
 1476 D	 62.80  
 1477 L	 5.63  
 1478 Y	 19.22  
 1479 E	 43.89  
 1480 R	 22.22  
 1481 Q	 20.52  
 1482 V	 2.88  
 1483 C	 1.35  
 1484 L	 3.87  
 1485 L	 3.67  
 1486 L	 1.52  
 1487 L	 3.54  
 1488 Q	 40.15  
 1489 L	 2.24  
 1490 C	 1.63  
 1491 S	 55.81  
 1492 G	 33.80  
 1493 L	 1.84  
 1494 E	 51.18  
 1495 H	 44.17  
 1496 L	 4.34  
 1497 K	 45.50  
 1498 P	 30.72  
 1499 Y	 13.82  
 1500 H	 26.91  
 1501 V	 3.01  
 1502 T	 11.95  
 1503 H	 11.29  
 1504 C	 3.73  
 1505 D	 27.50  
 1506 L	 9.07  
 1507 R	 27.06  
 1508 L	 7.13  
 1509 E	 39.12  
 1510 N	 40.35  
 1511 L	 2.60  
 1512 L	 7.12  
 1513 L	 3.82  
 1514 V	 4.88  
 1515 Q	 29.48  
 1516 H	 28.46  
 1517 Q	 22.65  
 1518 P	 40.85  
 1519 G	 31.62  
 1520 G	 25.15  
 1521 A	 11.52  
 1522 A	 20.38  
 1523 Q	 64.89  
 1524 G	 21.67  
 1525 P	 25.67  
 1526 S	 39.27  
 1527 P	 43.76  
 1528 A	 37.40  
 1529 D	 49.03  
 1530 P	 28.26  
 1531 C	 4.07  
 1532 P	 35.52  
 1533 T	 33.43  
 1534 L	 2.52  
 1535 A	 10.34  
 1536 C	 3.88  
 1537 P	 18.23  
 1538 T	 37.68  
 1539 R	 13.94  
 1540 L	 5.09  
 1541 I	 2.62  
 1542 V	 4.53  
 1543 S	 25.76  
 1544 N	 29.69  
 1545 F	 4.45  
 1546 S	 33.22  
 1547 Q	 48.73  
 1548 A	 18.30  
 1549 K	 51.09  
 1550 Q	 56.34  
 1551 K	 38.85  
 1552 S	 21.40  
 1553 H	 36.59  
 1554 L	 6.36  
 1555 V	 9.38  
 1556 D	 35.43  
 1557 P	 18.68  
 1558 Q	 42.77  
 1559 I	 4.08  
 1560 L	 4.09  
 1561 R	 41.36  
 1562 D	 47.57  
 1563 Q	 24.82  
 1564 S	 33.28  
 1565 R	 29.27  
 1566 L	 12.96  
 1567 A	 9.89  
 1568 P	 37.60  
 1569 E	 41.22  
 1570 I	 3.10  
 1571 I	 1.72  
 1572 T	 29.34  
 1573 A	 5.14  
 1574 T	 24.63  
 1575 Q	 45.65  
 1576 Y	 14.20  
 1577 K	 36.79  
 1578 K	 41.82  
 1579 C	 5.47  
 1580 D	 69.49  
 1581 E	 49.47  
 1582 F	 5.14  
 1583 Q	 36.45  
 1584 T	 31.35  
 1585 G	 11.26  
 1586 I	 2.10  
 1587 L	 3.45  
 1588 I	 2.30  
 1589 Y	 7.58  
 1590 E	 28.42  
 1591 M	 1.28  
 1592 L	 2.22  
 1593 H	 37.62  
 1594 L	 3.74  
 1595 P	 35.38  
 1596 N	 57.12  
 1597 P	 35.81  
 1598 F	 27.02  
 1599 D	 56.89  
 1600 E	 75.06  
 1601 N	 36.87  
 1602 P	 46.37  
 1603 E	 81.63  
 1604 L	 10.28  
 1605 K	 66.14  
 1606 E	 64.84  
 1607 K	 55.20  
 1608 E	 53.91  
 1609 Y	 16.76  
 1610 T	 28.34  
 1611 R	 25.91  
 1612 T	 33.80  
 1613 D	 51.92  
 1614 L	 2.80  
 1615 P	 34.66  
 1616 R	 50.91  
 1617 I	 3.39  
 1618 P	 24.01  
 1619 L	 8.67  
 1620 R	 30.17  
 1621 S	 35.55  
 1622 P	 22.27  
 1623 Y	 20.50  
 1624 S	 20.32  
 1625 W	 12.98  
 1626 G	 13.99  
 1627 L	 2.08  
 1628 Q	 32.10  
 1629 Q	 44.00  
 1630 L	 2.15  
 1631 A	 8.21  
 1632 S	 17.56  
 1633 C	 4.10  
 1634 L	 4.85  
 1635 L	 13.53  
 1636 N	 22.73  
 1637 P	 54.82  
 1638 N	 52.21  
 1639 P	 38.53  
 1640 S	 46.26  
 1641 E	 45.02  
 1642 R	 33.09  
 1643 I	 3.34  
 1644 L	 3.72  
 1645 I	 3.05  
 1646 S	 28.24  
 1647 D	 45.35  
 1648 A	 12.75  
 1649 K	 52.02  
 1650 G	 27.79  
 1651 I	 2.06  
 1652 L	 3.92  
 1653 Q	 17.56  
 1654 C	 2.78  
 1655 L	 2.65  
 1656 L	 6.99  
 1657 W	 11.20  
 1658 G	 16.03  
 1659 P	 25.55  
 1660 R	 46.23  
 1661 E	 63.30  
 1662 D	 54.80  
 1663 L	 2.66  
 1664 F	 8.94  
 1665 Q	 36.86  
 1666 I	 2.31  
 1667 F	 4.19  
 1668 T	 22.82  
 1669 T	 12.96  
 1670 S	 19.05  
 1671 A	 12.44  
 1672 T	 23.53  
 1673 L	 4.80  
 1674 A	 17.59  
 1675 Q	 42.52  
 1676 K	 38.28  
 1677 N	 24.60  
 1678 A	 19.38  
 1679 L	 7.65  
 1680 L	 3.25  
 1681 Q	 39.64  
 1682 N	 41.05  
 1683 W	 5.18  
 1684 L	 6.82  
 1685 D	 35.66  
 1686 I	 2.81  
 1687 K	 38.71  
 1688 R	 30.82  
 1689 T	 21.17  
 1690 L	 3.38  
 1691 L	 3.09  
 1692 M	 3.35  
 1693 I	 3.15  
 1694 K	 25.26  
 1695 F	 8.00  
 1696 A	 20.50  
 1697 E	 46.43  
 1698 K	 53.54  
 1699 S	 27.32  
 1700 L	 12.17  
 1701 D	 54.39  
 1702 R	 50.15  
 1703 E	 62.53  
 1704 G	 39.36  
 1705 G	 11.10  
 1706 I	 6.63  
 1707 S	 29.05  
 1708 L	 7.00  
 1709 E	 40.11  
 1710 D	 49.28  
 1711 W	 5.51  
 1712 L	 2.41  
 1713 C	 1.61  
 1714 A	 10.01  
 1715 Q	 32.54  
 1716 Y	 4.97  
 1717 L	 1.78  
 1718 A	 6.26  
 1719 F	 5.99  
 1720 A	 12.18  
 1721 T	 25.36  
 1722 T	 21.84  
 1723 D	 43.13  
 1724 S	 19.68  
 1725 L	 5.12  
 1726 S	 19.43  
 1727 Y	 18.28  
 1728 I	 1.98  
 1729 V	 2.10  
 1730 K	 28.30  
 1731 I	 1.69  
 1732 L	 2.80  
 1733 Q	 35.11  
 1734 Y	 18.16  
 1735 R	 27.40  
