 1 M	 8.30  
 2 H	 38.33  
 3 K	 55.28  
 4 R	 34.19  
 5 K	 79.26  
 6 G	 37.35  
 7 P	 33.44  
 8 P	 76.28  
 9 G	 44.14  
 10 P	 33.67  
 11 P	 51.53  
 12 G	 43.73  
 13 R	 37.03  
 14 G	 26.03  
 15 A	 7.80  
 16 A	 12.41  
 17 A	 11.57  
 18 A	 8.60  
 19 R	 27.77  
 20 Q	 34.85  
 21 L	 4.32  
 22 G	 14.50  
 23 L	 5.99  
 24 L	 2.40  
 25 V	 9.28  
 26 D	 41.20  
 27 L	 6.62  
 28 S	 19.24  
 29 P	 47.16  
 30 D	 60.53  
 31 G	 22.11  
 32 L	 3.52  
 33 M	 6.17  
 34 I	 3.98  
 35 P	 21.47  
 36 E	 59.14  
 37 D	 57.03  
 38 G	 25.31  
 39 A	 32.40  
 40 N	 63.86  
 41 D	 50.65  
 42 E	 65.37  
 43 E	 55.57  
 44 L	 7.71  
 45 E	 49.81  
 46 A	 26.01  
 47 E	 31.64  
 48 F	 6.61  
 49 L	 2.44  
 50 A	 12.91  
 51 L	 3.91  
 52 V	 7.23  
 53 G	 29.84  
 54 G	 29.37  
 55 Q	 34.57  
 56 P	 21.29  
 57 P	 41.40  
 58 A	 34.73  
 59 L	 8.01  
 60 E	 59.45  
 61 K	 57.24  
 62 L	 6.89  
 63 K	 70.42  
 64 G	 51.06  
 65 K	 56.63  
 66 G	 37.33  
 67 P	 36.46  
 68 L	 9.57  
 69 P	 23.00  
 70 M	 7.77  
 71 E	 44.55  
 72 A	 14.69  
 73 I	 3.13  
 74 E	 43.77  
 75 K	 33.38  
 76 M	 1.67  
 77 A	 15.49  
 78 S	 20.71  
 79 L	 1.61  
 80 C	 1.62  
 81 M	 7.07  
 82 R	 51.84  
 83 D	 28.28  
 84 P	 36.20  
 85 D	 79.04  
 86 E	 73.11  
 87 D	 75.81  
 88 E	 56.77  
 89 E	 74.23  
 90 E	 66.40  
 91 G	 41.57  
 92 T	 39.22  
 93 D	 69.09  
 94 E	 53.94  
 95 D	 69.47  
 96 D	 44.34  
 97 L	 10.14  
 98 E	 57.98  
 99 A	 32.60  
 100 D	 40.35  
 101 D	 56.35  
 102 D	 44.09  
 103 L	 6.67  
 104 L	 4.47  
 105 A	 26.91  
 106 E	 52.69  
 107 L	 5.72  
 108 N	 28.92  
 109 E	 52.31  
 110 V	 8.94  
 111 L	 6.11  
 112 G	 41.38  
 113 E	 53.76  
 114 E	 56.43  
 115 Q	 42.17  
 116 K	 58.10  
 117 A	 16.58  
 118 S	 49.38  
 119 E	 70.91  
 120 T	 38.30  
 121 P	 27.44  
 122 P	 43.34  
 123 P	 34.97  
 124 V	 10.75  
 125 A	 26.23  
 126 Q	 46.94  
 127 P	 44.42  
 128 K	 43.33  
 129 P	 50.06  
 130 E	 79.53  
 131 A	 19.07  
 132 P	 32.32  
 133 H	 35.79  
 134 P	 48.26  
 135 G	 32.86  
 136 L	 6.60  
 137 E	 45.74  
 138 T	 37.54  
 139 T	 19.64  
 140 L	 6.94  
 141 Q	 31.50  
 142 E	 53.42  
 143 R	 16.58  
 144 L	 3.66  
 145 A	 15.50  
 146 L	 3.74  
 147 Y	 9.75  
 148 Q	 25.88  
 149 T	 18.95  
 150 A	 6.50  
 151 I	 4.95  
 152 E	 35.56  
 153 S	 23.73  
 154 A	 8.53  
 155 R	 35.84  
 156 Q	 49.79  
 157 A	 20.43  
 158 G	 22.52  
 159 D	 48.73  
 160 S	 28.95  
 161 A	 17.88  
 162 K	 36.57  
 163 M	 2.70  
 164 R	 33.04  
 165 R	 33.92  
 166 Y	 10.30  
 167 D	 36.04  
 168 R	 43.33  
 169 G	 28.73  
 170 L	 3.89  
 171 K	 54.62  
 172 T	 44.33  
 173 L	 3.82  
 174 E	 51.57  
 175 N	 43.39  
 176 L	 2.85  
 177 L	 5.46  
 178 A	 13.18  
 179 S	 23.93  
 180 I	 4.37  
 181 R	 38.03  
 182 K	 55.64  
 183 G	 20.96  
 184 N	 36.44  
 185 A	 21.19  
 186 I	 5.96  
 187 D	 42.49  
 188 E	 41.97  
 189 A	 19.11  
 190 D	 52.45  
 191 I	 7.71  
 192 P	 27.91  
 193 P	 36.01  
 194 P	 23.87  
 195 V	 8.16  
 196 A	 15.58  
 197 I	 6.28  
 198 G	 21.09  
 199 K	 56.46  
 200 G	 20.14  
 201 P	 26.90  
 202 A	 34.40  
 203 S	 37.74  
 204 T	 23.04  
 205 P	 27.18  
 206 T	 36.40  
 207 Y	 17.54  
 208 S	 19.64  
 209 P	 31.67  
 210 A	 17.52  
 211 P	 34.64  
 212 T	 49.65  
 213 Q	 30.97  
 214 P	 46.86  
 215 A	 9.00  
 216 P	 34.59  
 217 R	 38.93  
 218 I	 3.28  
 219 A	 10.83  
 220 S	 41.82  
 221 A	 11.94  
 222 P	 50.02  
 223 E	 45.51  
 224 P	 34.68  
 225 R	 32.18  
 226 V	 11.95  
 227 T	 22.00  
 228 L	 7.01  
 229 E	 60.74  
 230 G	 25.28  
 231 P	 16.06  
 232 S	 49.46  
 233 A	 15.77  
 234 T	 37.20  
 235 A	 9.44  
 236 P	 28.46  
 237 A	 21.85  
 238 S	 35.69  
 239 S	 25.70  
 240 P	 39.04  
 241 G	 39.97  
 242 L	 6.68  
 243 A	 27.65  
 244 K	 40.60  
 245 P	 30.05  
 246 Q	 57.20  
 247 M	 6.16  
 248 P	 26.00  
 249 P	 54.75  
 250 G	 29.94  
 251 P	 22.61  
 252 C	 10.71  
 253 S	 35.70  
 254 P	 55.95  
 255 G	 17.35  
 256 P	 28.10  
 257 L	 6.17  
 258 A	 15.92  
 259 Q	 47.95  
 260 L	 4.09  
 261 Q	 25.20  
 262 S	 38.69  
 263 R	 23.69  
 264 Q	 48.09  
 265 R	 48.38  
 266 D	 36.26  
 267 Y	 15.30  
 268 K	 35.62  
 269 L	 2.47  
 270 A	 12.11  
 271 A	 15.43  
 272 L	 3.16  
 273 H	 26.59  
 274 A	 16.53  
 275 K	 32.19  
 276 Q	 53.96  
 277 Q	 51.53  
 278 G	 31.57  
 279 D	 36.22  
 280 T	 25.76  
 281 T	 21.02  
 282 A	 10.96  
 283 A	 11.70  
 284 A	 11.74  
 285 R	 25.42  
 286 H	 15.33  
 287 F	 5.83  
 288 R	 22.74  
 289 V	 8.43  
 290 A	 9.49  
 291 K	 49.12  
 292 S	 20.72  
 293 F	 7.43  
 294 D	 42.74  
 295 A	 13.04  
 296 V	 5.52  
 297 L	 3.23  
 298 E	 40.75  
 299 A	 13.48  
 300 L	 2.34  
 301 S	 45.33  
 302 R	 55.11  
 303 G	 39.94  
 304 E	 40.83  
 305 P	 27.96  
 306 V	 11.42  
 307 D	 43.51  
 308 L	 3.87  
 309 S	 14.78  
 310 C	 9.57  
 311 L	 6.83  
 312 P	 43.61  
 313 P	 39.86  
 314 P	 43.06  
 315 P	 47.99  
 316 D	 69.31  
 317 Q	 62.74  
 318 L	 9.66  
 319 P	 26.14  
 320 P	 75.28  
 321 D	 66.84  
 322 P	 36.72  
 323 P	 67.84  
 324 S	 55.63  
 325 P	 38.03  
 326 P	 50.35  
 327 S	 59.72  
 328 Q	 54.49  
 329 P	 38.78  
 330 P	 43.29  
 331 T	 32.04  
 332 P	 33.13  
 333 A	 20.90  
 334 T	 40.06  
 335 A	 9.73  
 336 P	 28.05  
 337 S	 45.56  
 338 T	 26.39  
 339 T	 39.05  
 340 E	 53.79  
 341 V	 8.95  
 342 P	 29.46  
 343 P	 57.62  
 344 P	 25.57  
 345 P	 47.89  
 346 R	 43.72  
 347 T	 41.28  
 348 L	 4.25  
 349 L	 3.41  
 350 E	 55.08  
 351 A	 19.17  
 352 L	 4.15  
 353 E	 43.09  
 354 Q	 51.36  
 355 R	 21.39  
 356 M	 3.25  
 357 E	 50.88  
 358 R	 20.17  
 359 Y	 8.27  
 360 Q	 25.29  
 361 V	 2.65  
 362 A	 4.99  
 363 A	 10.97  
 364 A	 10.50  
 365 Q	 44.59  
 366 A	 17.23  
 367 K	 40.39  
 368 S	 44.90  
 369 K	 66.84  
 370 G	 43.29  
 371 D	 49.17  
 372 Q	 58.40  
 373 R	 39.06  
 374 K	 34.41  
 375 A	 19.07  
 376 R	 29.99  
 377 M	 4.62  
 378 H	 18.68  
 379 E	 34.46  
 380 R	 25.07  
 381 I	 4.06  
 382 V	 3.86  
 383 K	 40.70  
 384 Q	 30.17  
 385 Y	 11.57  
 386 Q	 31.03  
 387 D	 38.74  
 388 A	 4.25  
 389 I	 5.56  
 390 R	 32.15  
 391 A	 11.47  
 392 H	 15.62  
 393 K	 52.10  
 394 A	 11.66  
 395 G	 23.92  
 396 R	 35.98  
 397 A	 10.84  
 398 V	 6.15  
 399 D	 32.69  
 400 V	 3.42  
 401 A	 14.24  
 402 E	 54.15  
 403 L	 3.60  
 404 P	 28.24  
 405 V	 16.27  
 406 P	 22.74  
 407 P	 58.24  
 408 G	 41.44  
 409 F	 8.85  
 410 P	 30.88  
 411 P	 29.31  
 412 I	 5.30  
 413 Q	 57.08  
 414 G	 26.63  
 415 L	 2.01  
 416 E	 62.20  
 417 A	 26.43  
 418 T	 28.34  
 419 K	 53.79  
 420 P	 30.96  
 421 T	 40.57  
 422 Q	 39.12  
 423 Q	 41.01  
 424 S	 18.40  
 425 L	 3.19  
 426 V	 6.37  
 427 G	 24.48  
 428 V	 3.21  
 429 L	 3.88  
 430 E	 31.92  
 431 T	 28.08  
 432 A	 5.46  
 433 M	 4.82  
 434 K	 41.82  
 435 L	 3.30  
 436 A	 13.20  
 437 N	 61.34  
 438 Q	 44.52  
 439 D	 63.73  
 440 E	 67.87  
 441 G	 38.90  
 442 P	 43.76  
 443 E	 84.57  
 444 D	 68.65  
 445 E	 66.73  
 446 E	 72.32  
 447 D	 61.21  
 448 E	 65.09  
 449 V	 15.12  
 450 P	 35.76  
 451 K	 72.64  
 452 K	 48.95  
 453 Q	 62.86  
 454 N	 58.10  
 455 S	 20.46  
 456 P	 33.56  
 457 V	 11.34  
 458 A	 10.10  
 459 P	 28.62  
 460 T	 28.34  
 461 A	 23.71  
 462 Q	 42.37  
 463 P	 32.10  
 464 K	 62.54  
 465 A	 28.11  
 466 P	 33.26  
 467 P	 41.10  
 468 S	 47.96  
 469 R	 57.08  
 470 T	 29.98  
 471 P	 25.82  
 472 Q	 60.87  
 473 S	 35.60  
 474 G	 23.68  
 475 S	 36.00  
 476 A	 14.69  
 477 P	 34.29  
 478 T	 40.27  
 479 A	 12.64  
 480 K	 65.00  
 481 A	 24.14  
 482 P	 30.16  
 483 P	 43.72  
 484 K	 64.34  
 485 A	 16.74  
 486 T	 36.44  
 487 S	 22.28  
 488 T	 26.18  
 489 R	 30.11  
 490 A	 16.18  
 491 Q	 28.41  
 492 Q	 38.99  
 493 Q	 23.76  
 494 L	 2.94  
 495 A	 11.57  
 496 F	 9.67  
 497 L	 5.92  
 498 E	 50.96  
 499 G	 49.18  
 500 R	 33.35  
 501 K	 56.58  
 502 K	 44.83  
 503 Q	 50.90  
 504 L	 5.41  
 505 L	 2.78  
 506 Q	 32.93  
 507 A	 14.40  
 508 A	 5.66  
 509 L	 6.49  
 510 R	 34.70  
 511 A	 21.34  
 512 K	 56.20  
 513 Q	 49.12  
 514 K	 55.17  
 515 N	 56.94  
 516 D	 47.05  
 517 V	 11.62  
 518 E	 57.19  
 519 G	 30.28  
 520 A	 7.78  
 521 K	 37.40  
 522 M	 3.40  
 523 H	 19.70  
 524 L	 3.77  
 525 R	 21.52  
 526 Q	 54.51  
 527 A	 11.05  
 528 K	 56.54  
 529 G	 37.98  
 530 L	 7.04  
 531 E	 37.01  
 532 P	 37.39  
 533 M	 3.74  
 534 L	 7.91  
 535 E	 38.04  
 536 A	 15.16  
 537 S	 19.53  
 538 R	 48.56  
 539 N	 54.58  
 540 G	 30.19  
 541 L	 4.22  
 542 P	 24.12  
 543 V	 11.34  
 544 D	 40.68  
 545 I	 4.01  
 546 T	 22.86  
 547 K	 53.75  
 548 V	 5.27  
 549 P	 22.38  
 550 P	 52.78  
 551 A	 18.01  
 552 P	 35.67  
 553 V	 17.65  
 554 N	 40.77  
 555 K	 59.93  
 556 D	 51.56  
 557 D	 32.12  
 558 F	 8.97  
 559 A	 17.51  
 560 L	 3.22  
 561 V	 3.99  
 562 Q	 46.85  
 563 R	 30.57  
 564 P	 35.92  
 565 G	 30.97  
 566 P	 43.14  
 567 G	 43.82  
 568 L	 5.56  
 569 S	 31.71  
 570 Q	 49.76  
 571 E	 40.70  
 572 A	 9.91  
 573 A	 8.84  
 574 R	 39.13  
 575 R	 38.80  
 576 Y	 14.92  
 577 G	 22.94  
 578 E	 44.31  
 579 L	 4.43  
 580 T	 21.36  
 581 K	 55.32  
 582 L	 3.08  
 583 I	 3.89  
 584 R	 40.31  
 585 Q	 41.82  
 586 Q	 25.34  
 587 H	 19.20  
 588 E	 27.53  
 589 M	 2.71  
 590 C	 2.91  
 591 L	 6.62  
 592 N	 31.45  
 593 H	 18.38  
 594 S	 31.11  
 595 N	 33.17  
 596 Q	 45.86  
 597 F	 5.71  
 598 T	 17.08  
 599 Q	 48.97  
 600 L	 5.28  
 601 G	 17.42  
 602 N	 46.75  
 603 I	 3.32  
 604 T	 31.14  
 605 E	 51.16  
 606 T	 27.00  
 607 T	 27.75  
 608 K	 59.97  
 609 F	 10.59  
 610 E	 49.03  
 611 K	 57.01  
 612 L	 5.06  
 613 A	 22.96  
 614 E	 74.50  
 615 D	 37.32  
 616 C	 2.72  
 617 K	 60.88  
 618 R	 43.47  
 619 S	 13.29  
 620 M	 4.28  
 621 D	 44.29  
 622 I	 3.76  
 623 L	 2.68  
 624 K	 39.66  
 625 Q	 36.27  
 626 A	 11.87  
 627 F	 3.40  
 628 V	 5.49  
 629 R	 34.18  
 630 G	 30.61  
 631 L	 2.75  
 632 P	 38.87  
 633 T	 38.01  
 634 P	 23.32  
 635 T	 32.70  
 636 A	 18.50  
 637 R	 37.81  
 638 F	 9.70  
 639 E	 33.33  
 640 Q	 47.18  
 641 R	 30.46  
 642 T	 21.69  
 643 F	 6.30  
 644 S	 23.48  
 645 V	 4.51  
 646 I	 2.47  
 647 K	 35.82  
 648 I	 4.10  
 649 F	 3.06  
 650 P	 45.14  
 651 D	 48.73  
 652 L	 6.52  
 653 S	 34.18  
 654 S	 44.11  
 655 N	 35.02  
 656 D	 30.93  
 657 M	 4.02  
 658 L	 3.83  
 659 L	 1.90  
 660 F	 5.48  
 661 I	 2.93  
 662 V	 3.49  
 663 K	 49.62  
 664 G	 11.79  
 665 I	 3.87  
 666 N	 48.95  
 667 L	 4.76  
 668 P	 38.07  
 669 T	 45.33  
 670 P	 21.01  
 671 P	 59.85  
 672 G	 39.74  
 673 L	 7.43  
 674 S	 32.52  
 675 P	 45.41  
 676 G	 44.74  
 677 D	 42.98  
 678 L	 8.19  
 679 D	 36.23  
 680 V	 6.59  
 681 F	 3.05  
 682 V	 6.31  
 683 R	 17.60  
 684 F	 10.77  
 685 D	 32.80  
 686 F	 6.01  
 687 P	 45.58  
 688 Y	 13.87  
 689 P	 38.33  
 690 N	 48.25  
 691 V	 6.42  
 692 E	 55.01  
 693 E	 52.71  
 694 A	 14.28  
 695 Q	 58.73  
 696 K	 69.14  
 697 D	 47.59  
 698 K	 50.13  
 699 T	 38.06  
 700 S	 27.82  
 701 V	 9.76  
 702 I	 2.59  
 703 K	 52.19  
 704 N	 37.68  
 705 T	 32.62  
 706 D	 72.14  
 707 S	 25.04  
 708 P	 54.58  
 709 E	 73.61  
 710 F	 13.82  
 711 K	 49.28  
 712 E	 67.58  
 713 Q	 41.17  
 714 F	 7.37  
 715 K	 41.99  
 716 L	 3.61  
 717 C	 2.39  
 718 I	 7.51  
 719 N	 38.10  
 720 R	 17.58  
 721 S	 17.04  
 722 H	 30.55  
 723 R	 47.38  
 724 G	 18.26  
 725 F	 4.88  
 726 R	 29.91  
 727 R	 33.51  
 728 A	 8.25  
 729 I	 5.18  
 730 Q	 35.85  
 731 T	 25.73  
 732 K	 42.11  
 733 G	 31.54  
 734 I	 5.01  
 735 K	 44.11  
 736 F	 9.00  
 737 E	 38.33  
 738 V	 6.51  
 739 V	 2.80  
 740 H	 28.37  
 741 K	 42.96  
 742 G	 24.14  
 743 G	 32.51  
 744 L	 5.62  
 745 F	 10.15  
 746 K	 55.34  
 747 T	 23.00  
 748 D	 39.00  
 749 R	 30.69  
 750 V	 6.86  
 751 L	 5.41  
 752 G	 19.02  
 753 T	 13.68  
 754 A	 15.77  
 755 Q	 38.68  
 756 L	 5.73  
 757 K	 32.04  
 758 L	 6.74  
 759 D	 47.74  
 760 A	 19.96  
 761 L	 4.96  
 762 E	 30.20  
 763 I	 5.74  
 764 A	 3.65  
 765 C	 6.45  
 766 E	 35.27  
 767 V	 7.18  
 768 R	 11.71  
 769 E	 58.04  
 770 I	 2.52  
 771 L	 2.97  
 772 E	 46.85  
 773 V	 5.46  
 774 L	 4.16  
 775 D	 54.45  
 776 G	 24.28  
 777 R	 40.86  
 778 R	 38.37  
 779 P	 33.75  
 780 T	 50.92  
 781 G	 23.16  
 782 G	 33.21  
 783 R	 29.08  
 784 L	 7.04  
 785 E	 27.49  
 786 V	 5.21  
 787 M	 0.92  
 788 V	 5.78  
 789 R	 12.26  
 790 I	 3.88  
 791 R	 28.99  
 792 E	 42.14  
 793 P	 25.76  
 794 L	 5.48  
 795 T	 32.89  
 796 A	 11.64  
 797 Q	 43.06  
 798 Q	 38.51  
 799 L	 4.14  
 800 E	 39.51  
 801 T	 47.84  
 802 T	 19.79  
 803 T	 30.85  
 804 E	 39.50  
 805 R	 29.91  
 806 W	 6.69  
 807 L	 2.79  
 808 V	 3.56  
 809 I	 4.67  
 810 D	 30.57  
 811 P	 23.91  
 812 V	 4.46  
 813 P	 21.64  
 814 A	 22.71  
 815 A	 11.18  
 816 V	 5.99  
 817 P	 16.64  
 818 T	 29.13  
 819 Q	 19.59  
 820 V	 7.96  
 821 A	 20.82  
 822 G	 26.12  
 823 P	 32.27  
 824 K	 72.61  
 825 G	 34.20  
 826 K	 64.94  
 827 A	 23.46  
 828 P	 33.63  
 829 P	 49.97  
 830 V	 6.51  
 831 P	 38.00  
 832 A	 15.60  
 833 P	 26.27  
 834 A	 29.94  
 835 R	 37.24  
 836 E	 66.17  
 837 S	 35.50  
 838 G	 28.90  
 839 N	 43.97  
 840 R	 34.91  
 841 S	 32.41  
 842 A	 17.55  
 843 R	 35.24  
 844 P	 33.86  
 845 L	 3.41  
 846 H	 29.40  
 847 S	 29.98  
 848 L	 2.60  
 849 S	 20.35  
 850 V	 5.61  
 851 L	 3.36  
 852 A	 12.10  
 853 F	 9.72  
 854 D	 43.77  
 855 Q	 31.12  
 856 E	 62.16  
 857 R	 35.89  
 858 L	 8.00  
 859 E	 59.14  
 860 R	 35.59  
 861 K	 32.47  
 862 I	 3.22  
 863 L	 4.05  
 864 A	 12.27  
 865 L	 3.60  
 866 R	 23.62  
 867 Q	 39.82  
 868 A	 11.74  
 869 R	 34.79  
 870 R	 39.31  
 871 P	 37.10  
 872 V	 13.49  
 873 P	 23.24  
 874 P	 49.26  
 875 E	 44.40  
 876 V	 7.80  
 877 A	 6.79  
 878 Q	 47.92  
 879 Q	 28.28  
 880 Y	 8.96  
 881 Q	 29.43  
 882 D	 33.13  
 883 I	 1.17  
 884 M	 3.49  
 885 Q	 42.05  
 886 R	 17.27  
 887 S	 20.91  
 888 Q	 42.37  
 889 W	 7.29  
 890 Q	 24.16  
 891 R	 22.72  
 892 A	 11.83  
 893 Q	 47.96  
 894 L	 5.32  
 895 E	 34.79  
 896 Q	 63.63  
 897 G	 24.31  
 898 G	 17.74  
 899 V	 8.03  
 900 G	 15.80  
 901 I	 3.31  
 902 R	 21.32  
 903 R	 39.08  
 904 E	 29.67  
 905 Y	 12.86  
 906 A	 5.51  
 907 A	 17.37  
 908 Q	 35.37  
 909 L	 5.13  
 910 E	 26.71  
 911 R	 51.61  
 912 Q	 30.18  
 913 L	 4.81  
 914 Q	 22.44  
 915 F	 12.70  
 916 Y	 7.24  
 917 T	 22.04  
 918 E	 29.02  
 919 A	 9.85  
 920 A	 7.29  
 921 R	 41.21  
 922 R	 42.07  
 923 L	 6.65  
 924 G	 28.50  
 925 N	 55.87  
 926 D	 55.43  
 927 G	 28.69  
 928 S	 29.83  
 929 R	 43.02  
 930 D	 53.20  
 931 A	 21.23  
 932 A	 17.95  
 933 K	 45.28  
 934 E	 38.90  
 935 A	 14.80  
 936 L	 3.42  
 937 Y	 17.99  
 938 R	 23.12  
 939 R	 27.55  
 940 N	 39.17  
 941 L	 4.25  
 942 V	 9.68  
 943 E	 41.48  
 944 S	 35.81  
 945 E	 35.10  
 946 L	 5.10  
 947 Q	 38.01  
 948 R	 42.67  
 949 L	 3.31  
 950 R	 44.44  
 951 R	 56.32  
