 1 M	 6.92  
 2 A	 18.67  
 3 D	 40.36  
 4 V	 2.89  
 5 L	 2.78  
 6 S	 20.96  
 7 V	 4.46  
 8 L	 2.25  
 9 R	 34.48  
 10 Q	 31.31  
 11 Y	 14.06  
 12 N	 23.13  
 13 I	 5.60  
 14 Q	 47.32  
 15 K	 48.88  
 16 K	 35.98  
 17 E	 48.31  
 18 I	 6.23  
 19 V	 3.69  
 20 V	 7.63  
 21 K	 50.15  
 22 G	 25.38  
 23 D	 41.07  
 24 E	 46.30  
 25 V	 5.38  
 26 I	 3.27  
 27 F	 10.42  
 28 G	 24.74  
 29 E	 26.26  
 30 F	 10.68  
 31 S	 37.86  
 32 W	 17.13  
 33 P	 19.69  
 34 K	 69.02  
 35 N	 36.12  
 36 V	 11.47  
 37 K	 40.21  
 38 T	 27.74  
 39 N	 23.14  
 40 Y	 11.12  
 41 V	 2.94  
 42 V	 2.48  
 43 W	 6.65  
 44 G	 17.00  
 45 T	 29.39  
 46 G	 23.29  
 47 K	 59.51  
 48 E	 65.49  
 49 G	 46.40  
 50 Q	 34.66  
 51 P	 41.76  
 52 R	 36.34  
 53 E	 49.96  
 54 Y	 11.75  
 55 Y	 8.96  
 56 T	 24.16  
 57 L	 2.55  
 58 D	 26.32  
 59 S	 25.05  
 60 I	 2.92  
 61 L	 2.61  
 62 F	 7.51  
 63 L	 4.48  
 64 L	 3.25  
 65 N	 51.10  
 66 N	 23.66  
 67 V	 4.71  
 68 H	 24.60  
 69 L	 4.36  
 70 S	 15.74  
 71 H	 23.39  
 72 P	 18.76  
 73 V	 6.05  
 74 Y	 7.84  
 75 V	 3.21  
 76 R	 12.58  
 77 R	 20.66  
 78 A	 14.26  
 79 A	 17.40  
 80 T	 28.69  
 81 E	 48.73  
 82 N	 39.24  
 83 I	 1.92  
 84 P	 30.08  
 85 V	 4.66  
 86 V	 3.45  
 87 R	 44.65  
 88 R	 26.34  
 89 P	 34.88  
 90 D	 69.33  
 91 R	 36.75  
 92 K	 61.17  
 93 D	 48.28  
 94 L	 4.48  
 95 L	 6.42  
 96 G	 31.98  
 97 Y	 9.28  
 98 L	 6.69  
 99 N	 37.46  
 100 G	 29.29  
 101 E	 38.07  
 102 A	 21.36  
 103 S	 20.70  
 104 T	 35.05  
 105 S	 19.95  
 106 A	 15.59  
 107 S	 25.45  
 108 I	 5.22  
 109 D	 35.67  
 110 R	 32.80  
 111 S	 30.41  
 112 A	 17.37  
 113 P	 31.60  
 114 L	 8.18  
 115 E	 33.67  
 116 I	 9.82  
 117 G	 13.34  
 118 L	 4.74  
 119 Q	 31.87  
 120 R	 46.87  
 121 S	 15.38  
 122 T	 39.30  
 123 Q	 39.73  
 124 V	 4.61  
 125 K	 26.88  
 126 R	 35.83  
 127 A	 17.34  
 128 A	 19.96  
 129 D	 45.62  
 130 E	 34.40  
 131 V	 6.72  
 132 L	 3.16  
 133 A	 21.63  
 134 E	 57.78  
 135 A	 21.40  
 136 K	 55.61  
 137 K	 46.72  
 138 P	 41.60  
 139 R	 54.53  
 140 I	 12.11  
 141 E	 61.73  
 142 D	 55.40  
 143 E	 40.27  
 144 E	 51.11  
 145 C	 1.71  
 146 V	 8.45  
 147 R	 49.15  
 148 L	 5.71  
 149 D	 39.96  
 150 K	 49.69  
 151 E	 53.22  
 152 R	 35.05  
 153 L	 4.60  
 154 A	 9.21  
 155 A	 22.60  
 156 R	 27.89  
 157 L	 8.73  
 158 E	 54.41  
 159 G	 41.58  
 160 H	 18.67  
 161 K	 69.37  
 162 E	 48.77  
 163 G	 30.12  
 164 I	 1.86  
 165 V	 9.42  
 166 Q	 37.08  
 167 T	 20.97  
 168 E	 27.24  
 169 Q	 39.52  
 170 I	 2.35  
 171 R	 31.10  
 172 S	 37.57  
 173 L	 3.73  
 174 S	 25.26  
 175 E	 54.40  
 176 A	 7.68  
 177 M	 3.96  
 178 S	 33.89  
 179 V	 5.80  
 180 E	 31.29  
 181 K	 35.17  
 182 I	 1.66  
 183 A	 17.75  
 184 A	 13.79  
 185 I	 3.09  
 186 K	 38.61  
 187 A	 10.65  
 188 K	 28.19  
 189 I	 3.76  
 190 M	 4.39  
 191 A	 20.07  
 192 K	 31.19  
 193 K	 41.88  
 194 R	 38.02  
 195 S	 43.28  
 196 T	 30.44  
 197 I	 4.82  
 198 K	 35.75  
 199 T	 37.63  
 200 D	 43.00  
 201 L	 10.60  
 202 D	 55.11  
 203 D	 57.41  
 204 D	 39.54  
 205 I	 2.90  
 206 T	 32.69  
 207 A	 17.07  
 208 L	 3.48  
 209 K	 41.00  
 210 Q	 47.29  
 211 R	 30.40  
 212 S	 27.42  
 213 F	 6.67  
 214 V	 7.80  
 215 D	 34.69  
 216 A	 17.26  
 217 E	 34.48  
 218 V	 8.43  
 219 D	 27.81  
 220 V	 5.97  
 221 T	 20.40  
 222 R	 31.35  
 223 D	 35.95  
 224 I	 2.46  
 225 V	 5.31  
 226 S	 28.85  
 227 R	 25.50  
 228 E	 44.04  
 229 R	 31.99  
 230 V	 3.30  
 231 W	 11.36  
 232 R	 16.09  
 233 T	 19.36  
 234 R	 22.69  
 235 T	 19.99  
 236 T	 19.19  
 237 I	 3.05  
 238 L	 2.86  
 239 Q	 34.79  
 240 S	 35.36  
 241 T	 38.93  
 242 G	 28.32  
 243 K	 55.71  
 244 N	 48.01  
 245 F	 14.51  
 246 S	 33.90  
 247 K	 50.34  
 248 N	 33.15  
 249 I	 2.58  
 250 F	 4.90  
 251 A	 9.59  
 252 I	 2.21  
 253 L	 2.52  
 254 Q	 39.81  
 255 S	 23.34  
 256 V	 3.47  
 257 K	 47.15  
 258 A	 23.20  
 259 R	 36.46  
 260 E	 70.44  
 261 E	 48.72  
 262 G	 26.71  
 263 R	 50.69  
 264 A	 23.88  
 265 P	 36.57  
 266 E	 59.23  
 267 Q	 56.45  
 268 R	 27.90  
 269 P	 52.33  
 270 A	 16.50  
 271 P	 33.40  
 272 N	 51.33  
 273 A	 16.45  
 274 A	 15.99  
 275 P	 28.74  
 276 V	 13.60  
 277 D	 29.43  
 278 P	 33.30  
 279 T	 25.14  
 280 L	 8.78  
 281 R	 42.21  
 282 T	 36.82  
 283 K	 47.87  
 284 Q	 40.31  
 285 P	 35.77  
 286 I	 3.16  
 287 P	 19.95  
 288 A	 24.25  
 289 A	 9.22  
 290 Y	 11.41  
 291 N	 31.17  
 292 R	 24.59  
 293 Y	 20.52  
 294 D	 40.40  
 295 Q	 34.53  
 296 E	 58.13  
 297 R	 32.70  
 298 F	 13.89  
 299 K	 75.25  
 300 G	 39.64  
 301 K	 53.63  
 302 E	 77.98  
 303 E	 56.50  
 304 T	 42.36  
 305 E	 66.95  
 306 G	 36.25  
 307 F	 5.22  
 308 K	 50.99  
 309 I	 5.07  
 310 D	 31.09  
 311 T	 22.45  
 312 M	 3.15  
 313 G	 25.80  
 314 T	 11.09  
 315 Y	 7.22  
 316 H	 21.27  
 317 G	 10.60  
 318 M	 2.24  
 319 T	 35.31  
 320 L	 2.64  
 321 K	 33.44  
 322 S	 37.07  
 323 V	 5.59  
 324 T	 35.47  
 325 E	 51.08  
 326 G	 18.57  
 327 A	 8.19  
 328 S	 39.19  
 329 A	 19.22  
 330 R	 39.81  
 331 K	 44.71  
 332 T	 31.93  
 333 Q	 48.82  
 334 T	 21.81  
 335 P	 18.77  
 336 A	 23.32  
 337 A	 18.53  
 338 Q	 41.45  
 339 P	 33.10  
 340 V	 4.11  
 341 P	 41.35  
 342 R	 44.48  
 343 P	 24.84  
 344 V	 7.56  
 345 S	 22.32  
 346 Q	 41.44  
 347 A	 20.59  
 348 R	 36.30  
 349 P	 52.28  
 350 P	 34.61  
 351 P	 59.57  
 352 N	 72.57  
 353 Q	 55.39  
 354 K	 66.78  
 355 K	 52.97  
 356 G	 29.42  
 357 S	 41.69  
 358 R	 53.87  
 359 T	 22.12  
 360 P	 18.05  
 361 I	 3.32  
 362 I	 2.16  
 363 I	 2.98  
 364 I	 1.02  
 365 P	 12.87  
 366 A	 13.66  
 367 A	 13.17  
 368 T	 21.01  
 369 T	 19.46  
 370 S	 17.27  
 371 L	 3.38  
 372 I	 1.82  
 373 T	 22.39  
 374 M	 1.84  
 375 L	 4.17  
 376 N	 33.84  
 377 A	 11.63  
 378 K	 48.08  
 379 D	 50.64  
 380 L	 4.57  
 381 L	 5.51  
 382 Q	 62.38  
 383 D	 52.36  
 384 L	 2.75  
 385 K	 53.24  
 386 F	 14.71  
 387 V	 4.19  
 388 P	 38.91  
 389 S	 53.77  
 390 D	 66.71  
 391 E	 71.73  
 392 K	 70.97  
 393 K	 48.56  
 394 K	 64.09  
 395 Q	 67.77  
 396 G	 20.57  
 397 C	 2.97  
 398 Q	 63.65  
 399 R	 53.43  
 400 E	 33.27  
 401 N	 50.14  
 402 E	 39.99  
 403 T	 40.52  
 404 L	 2.27  
 405 I	 3.80  
 406 Q	 42.09  
 407 R	 40.39  
 408 R	 30.44  
 409 K	 55.27  
 410 D	 47.58  
 411 Q	 35.13  
 412 M	 8.12  
 413 Q	 28.05  
 414 P	 37.53  
 415 G	 29.23  
 416 G	 20.75  
 417 T	 27.08  
 418 A	 8.71  
 419 I	 3.23  
 420 S	 14.85  
 421 V	 5.24  
 422 T	 14.69  
 423 V	 3.53  
 424 P	 11.22  
 425 Y	 16.23  
 426 R	 18.86  
 427 V	 4.61  
 428 V	 4.12  
 429 D	 41.33  
 430 Q	 33.35  
 431 P	 27.31  
 432 L	 5.74  
 433 K	 49.80  
 434 L	 8.79  
 435 M	 2.40  
 436 P	 39.14  
 437 Q	 50.92  
 438 D	 43.29  
 439 W	 7.06  
 440 D	 41.61  
 441 R	 22.13  
 442 V	 2.76  
 443 V	 3.81  
 444 A	 6.03  
 445 V	 3.05  
 446 F	 2.15  
 447 V	 5.30  
 448 Q	 40.46  
 449 G	 14.48  
 450 P	 17.15  
 451 A	 21.37  
 452 W	 13.79  
 453 Q	 32.07  
 454 F	 5.72  
 455 K	 44.99  
 456 G	 36.65  
 457 W	 4.98  
 458 P	 22.09  
 459 W	 12.20  
 460 L	 4.33  
 461 L	 2.99  
 462 P	 41.57  
 463 D	 70.89  
 464 G	 31.73  
 465 S	 29.18  
 466 P	 33.07  
 467 V	 10.64  
 468 D	 33.40  
 469 I	 3.54  
 470 F	 4.98  
 471 A	 17.01  
 472 K	 33.71  
 473 I	 3.31  
 474 K	 44.27  
 475 A	 10.68  
 476 F	 6.19  
 477 H	 26.69  
 478 L	 4.43  
 479 K	 41.93  
 480 Y	 24.56  
 481 D	 46.45  
 482 E	 26.84  
 483 V	 7.23  
 484 R	 31.18  
 485 L	 18.13  
 486 D	 23.36  
 487 P	 47.70  
 488 N	 48.82  
 489 V	 8.24  
 490 Q	 48.00  
 491 K	 40.87  
 492 W	 6.55  
 493 D	 32.99  
 494 V	 3.76  
 495 T	 19.53  
 496 V	 3.82  
 497 L	 3.91  
 498 E	 31.19  
 499 L	 5.57  
 500 S	 18.80  
 501 Y	 24.80  
 502 H	 19.80  
 503 K	 33.02  
 504 R	 23.45  
 505 H	 36.56  
 506 L	 7.49  
 507 D	 46.87  
 508 R	 35.32  
 509 P	 22.37  
 510 V	 8.01  
 511 F	 4.49  
 512 L	 4.49  
 513 R	 24.14  
 514 F	 8.22  
 515 W	 7.39  
 516 E	 36.46  
 517 T	 25.26  
 518 L	 2.09  
 519 D	 47.27  
 520 R	 25.26  
 521 Y	 13.11  
 522 M	 3.18  
 523 V	 4.32  
 524 K	 28.87  
 525 H	 25.99  
 526 K	 33.58  
 527 S	 27.72  
 528 H	 26.31  
 529 L	 8.48  
 530 R	 29.79  
 531 F	 17.25  
