 1 M	 6.87  
 2 F	 8.58  
 3 L	 5.04  
 4 R	 19.50  
 5 S	 38.84  
 6 D	 32.01  
 7 L	 4.32  
 8 A	 14.78  
 9 V	 5.41  
 10 T	 12.38  
 11 H	 19.15  
 12 W	 4.76  
 13 V	 2.37  
 14 S	 17.28  
 15 R	 25.50  
 16 S	 18.55  
 17 M	 4.21  
 18 R	 33.50  
 19 K	 34.64  
 20 L	 2.57  
 21 F	 5.07  
 22 L	 5.70  
 23 V	 2.40  
 24 L	 3.04  
 25 S	 14.97  
 26 L	 4.95  
 27 L	 3.77  
 28 L	 4.29  
 29 S	 20.10  
 30 Q	 42.40  
 31 A	 8.09  
 32 A	 10.52  
 33 H	 27.68  
 34 L	 6.82  
 35 E	 47.27  
 36 G	 48.58  
 37 R	 33.50  
 38 K	 72.40  
 39 D	 53.45  
 40 N	 37.22  
 41 Q	 44.97  
 42 F	 12.62  
 43 L	 3.10  
 44 W	 9.46  
 45 K	 45.83  
 46 T	 36.57  
 47 G	 16.55  
 48 P	 35.26  
 49 W	 14.28  
 50 G	 20.23  
 51 R	 11.84  
 52 C	 4.35  
 53 A	 18.59  
 54 G	 34.07  
 55 D	 18.70  
 56 C	 7.48  
 57 G	 28.73  
 58 P	 44.36  
 59 G	 29.38  
 60 G	 24.47  
 61 A	 15.30  
 62 Q	 36.40  
 63 S	 22.98  
 64 R	 22.53  
 65 A	 12.38  
 66 V	 4.43  
 67 W	 4.32  
 68 C	 1.11  
 69 F	 3.69  
 70 H	 17.66  
 71 I	 2.34  
 72 E	 39.86  
 73 G	 32.15  
 74 W	 4.86  
 75 T	 33.53  
 76 S	 16.46  
 77 P	 23.89  
 78 M	 4.50  
 79 S	 37.38  
 80 N	 30.89  
 81 C	 4.88  
 82 D	 64.16  
 83 E	 55.26  
 84 S	 22.48  
 85 S	 44.66  
 86 Q	 68.54  
 87 P	 43.83  
 88 P	 43.43  
 89 K	 72.88  
 90 E	 56.45  
 91 R	 44.87  
 92 S	 20.78  
 93 C	 2.94  
 94 F	 7.46  
 95 R	 32.26  
 96 V	 1.41  
 97 C	 4.01  
 98 D	 43.18  
 99 W	 6.43  
 100 H	 9.74  
 101 S	 31.58  
 102 D	 38.32  
 103 L	 3.73  
 104 F	 10.74  
 105 Q	 42.59  
 106 W	 10.71  
 107 E	 22.74  
 108 V	 6.00  
 109 S	 24.38  
 110 D	 50.83  
 111 W	 3.55  
 112 H	 18.63  
 113 R	 14.44  
 114 C	 1.92  
 115 L	 5.64  
 116 L	 5.10  
 117 V	 2.37  
 118 P	 32.16  
 119 G	 24.05  
 120 A	 14.24  
 121 Q	 63.80  
 122 G	 46.47  
 123 E	 26.51  
 124 P	 59.40  
 125 R	 29.09  
 126 P	 39.02  
 127 R	 53.17  
 128 A	 12.25  
 129 V	 6.55  
 130 E	 23.45  
 131 C	 2.37  
 132 V	 2.92  
 133 T	 32.05  
 134 A	 4.49  
 135 Q	 23.09  
 136 H	 36.15  
 137 G	 18.23  
 138 L	 3.48  
 139 Q	 28.71  
 140 H	 32.21  
 141 R	 23.19  
 142 T	 15.35  
 143 V	 4.03  
 144 R	 18.15  
 145 C	 4.03  
 146 L	 3.35  
 147 Q	 52.39  
 148 K	 34.48  
 149 L	 3.19  
 150 N	 44.40  
 151 R	 34.34  
 152 T	 22.35  
 153 M	 2.55  
 154 V	 5.70  
 155 S	 20.23  
 156 N	 31.10  
 157 E	 41.32  
 158 I	 3.80  
 159 C	 2.44  
 160 E	 47.93  
 161 H	 21.54  
 162 F	 5.04  
 163 A	 12.06  
 164 P	 46.39  
 165 Q	 53.85  
 166 P	 36.40  
 167 P	 43.23  
 168 T	 47.62  
 169 E	 41.79  
 170 Q	 39.59  
 171 A	 5.48  
 172 C	 3.37  
 173 L	 5.70  
 174 I	 3.12  
 175 P	 14.76  
 176 C	 3.24  
 177 P	 29.77  
 178 R	 57.59  
 179 D	 18.07  
 180 C	 3.25  
 181 V	 6.59  
 182 V	 5.96  
 183 S	 16.72  
 184 E	 38.24  
 185 F	 9.17  
 186 S	 22.77  
 187 P	 34.07  
 188 W	 12.69  
 189 S	 24.42  
 190 T	 28.36  
 191 C	 2.11  
 192 P	 40.89  
 193 E	 70.07  
 194 G	 15.60  
 195 C	 7.42  
 196 G	 40.78  
 197 K	 55.15  
 198 K	 38.37  
 199 L	 6.21  
 200 Q	 32.66  
 201 H	 43.44  
 202 R	 15.97  
 203 T	 27.63  
 204 R	 18.81  
 205 V	 4.46  
 206 A	 6.74  
 207 I	 5.60  
 208 A	 7.01  
 209 P	 17.20  
 210 P	 29.23  
 211 L	 6.38  
 212 Y	 18.21  
 213 G	 37.71  
 214 G	 10.06  
 215 L	 4.04  
 216 Q	 43.85  
 217 C	 2.65  
 218 P	 26.38  
 219 N	 68.19  
 220 L	 3.20  
 221 T	 38.26  
 222 E	 41.20  
 223 S	 21.68  
 224 R	 36.70  
 225 A	 12.55  
 226 C	 4.44  
 227 E	 55.83  
 228 A	 15.07  
 229 P	 9.03  
 230 V	 13.67  
 231 S	 14.68  
 232 C	 3.08  
 233 P	 36.32  
 234 L	 21.01  
 235 G	 22.07  
 236 K	 55.87  
 237 E	 61.44  
 238 E	 50.38  
 239 Y	 18.99  
 240 S	 16.19  
 241 F	 10.97  
 242 S	 22.72  
 243 L	 4.99  
 244 K	 43.90  
 245 V	 15.70  
 246 G	 19.17  
 247 P	 34.84  
 248 W	 12.42  
 249 S	 25.63  
 250 K	 21.36  
 251 C	 4.51  
 252 R	 55.80  
 253 L	 4.37  
 254 P	 16.06  
 255 H	 54.87  
 256 L	 4.83  
 257 K	 53.29  
 258 E	 47.85  
 259 V	 9.55  
 260 D	 35.89  
 261 L	 7.65  
 262 S	 31.10  
 263 G	 33.67  
 264 R	 33.43  
 265 N	 39.54  
 266 I	 3.91  
 267 Q	 49.60  
 268 D	 41.41  
 269 F	 4.28  
 270 S	 41.34  
 271 S	 45.08  
 272 D	 55.04  
 273 S	 44.19  
 274 N	 49.03  
 275 E	 50.83  
 276 Q	 37.43  
 277 V	 3.74  
 278 T	 26.15  
 279 L	 4.17  
 280 T	 14.43  
 281 H	 20.08  
 282 Q	 43.13  
 283 S	 22.46  
 284 Y	 12.96  
 285 K	 46.63  
 286 A	 10.06  
 287 H	 18.29  
 288 H	 27.44  
 289 H	 20.47  
 290 S	 33.44  
 291 Q	 41.46  
 292 P	 43.92  
 293 G	 32.48  
 294 D	 37.89  
 295 V	 4.13  
 296 V	 4.16  
 297 I	 4.61  
 298 G	 9.30  
 299 F	 4.63  
 300 Q	 30.47  
 301 T	 22.32  
 302 R	 20.48  
 303 Q	 36.13  
 304 V	 4.01  
 305 W	 3.01  
 306 C	 2.08  
 307 T	 19.93  
 308 R	 29.61  
 309 S	 26.68  
 310 D	 57.70  
 311 G	 26.45  
 312 R	 30.18  
 313 N	 40.23  
 314 A	 14.44  
 315 L	 3.69  
 316 L	 3.23  
 317 S	 22.14  
 318 L	 2.93  
 319 C	 1.80  
 320 V	 10.38  
 321 R	 32.62  
 322 D	 33.94  
 323 S	 20.42  
 324 F	 7.23  
 325 P	 30.95  
 326 L	 7.45  
 327 T	 19.82  
 328 V	 8.67  
 329 Q	 22.05  
 330 P	 14.34  
 331 C	 1.98  
 332 V	 10.54  
 333 M	 4.32  
 334 P	 14.67  
 335 K	 57.84  
 336 D	 29.61  
 337 C	 8.41  
 338 E	 66.55  
 339 T	 37.97  
 340 S	 18.12  
 341 E	 60.43  
 342 W	 14.95  
 343 S	 16.67  
 344 P	 36.32  
 345 W	 14.91  
 346 S	 21.29  
 347 P	 23.64  
 348 C	 5.63  
 349 S	 34.09  
 350 K	 59.36  
 351 T	 9.25  
 352 C	 3.61  
 353 R	 43.27  
 354 S	 37.97  
 355 G	 16.01  
 356 T	 25.88  
 357 L	 7.11  
 358 S	 21.32  
 359 P	 48.70  
 360 G	 24.88  
 361 V	 5.96  
 362 R	 32.06  
 363 S	 32.00  
 364 R	 29.13  
 365 S	 29.47  
 366 R	 51.34  
 367 N	 48.73  
 368 V	 4.66  
 369 K	 32.61  
 370 H	 15.49  
 371 I	 2.18  
 372 A	 8.29  
 373 I	 5.36  
 374 G	 25.75  
 375 G	 28.62  
 376 G	 18.20  
 377 Q	 53.01  
 378 E	 56.14  
 379 C	 2.14  
 380 P	 34.22  
 381 E	 77.10  
 382 L	 4.52  
 383 L	 9.36  
 384 E	 62.56  
 385 K	 59.29  
 386 E	 39.27  
 387 T	 21.93  
 388 C	 2.66  
 389 I	 5.23  
 390 A	 22.38  
 391 E	 39.07  
 392 G	 23.18  
 393 E	 34.39  
 394 F	 12.96  
 395 L	 4.90  
 396 Q	 42.76  
 397 P	 32.02  
 398 C	 1.61  
 399 P	 44.95  
 400 R	 44.85  
 401 Y	 9.57  
 402 S	 16.03  
 403 W	 9.91  
 404 R	 23.57  
 405 T	 25.41  
 406 S	 32.65  
 407 E	 63.05  
 408 W	 11.08  
 409 K	 44.56  
 410 E	 31.12  
 411 C	 4.26  
 412 Q	 29.00  
 413 V	 7.05  
 414 S	 6.34  
 415 L	 7.13  
 416 L	 3.73  
 417 L	 7.84  
 418 E	 45.93  
 419 Q	 46.37  
 420 H	 29.31  
 421 D	 39.42  
 422 P	 34.91  
 423 L	 10.18  
 424 W	 7.83  
 425 H	 30.35  
 426 E	 43.83  
 427 T	 35.06  
 428 G	 13.44  
 429 P	 26.56  
 430 I	 3.45  
 431 C	 4.69  
 432 G	 37.77  
 433 G	 26.14  
 434 G	 8.30  
 435 I	 4.23  
 436 Q	 37.47  
 437 T	 27.20  
 438 R	 18.27  
 439 E	 41.02  
 440 V	 4.24  
 441 Y	 4.19  
 442 C	 3.16  
 443 A	 5.59  
 444 Q	 41.77  
 445 S	 20.14  
 446 L	 1.91  
 447 P	 32.38  
 448 A	 19.55  
 449 T	 18.35  
 450 I	 3.39  
 451 A	 6.65  
 452 S	 36.31  
 453 R	 40.57  
 454 T	 29.12  
 455 K	 55.82  
 456 E	 45.15  
 457 V	 6.66  
 458 S	 31.77  
 459 R	 44.45  
 460 P	 25.47  
 461 V	 8.26  
 462 E	 42.50  
 463 R	 32.98  
 464 T	 14.33  
 465 L	 2.58  
 466 C	 4.00  
 467 L	 11.79  
 468 G	 18.48  
 469 P	 28.22  
 470 A	 14.64  
 471 P	 33.30  
 472 S	 42.53  
 473 A	 10.55  
 474 S	 28.20  
 475 Q	 50.15  
 476 L	 1.81  
 477 C	 3.60  
 478 N	 49.73  
 479 V	 5.02  
 480 P	 7.17  
 481 C	 4.60  
 482 S	 16.16  
 483 M	 6.58  
 484 D	 11.60  
 485 C	 2.18  
 486 I	 2.68  
 487 V	 4.69  
 488 S	 13.23  
 489 S	 17.72  
 490 W	 7.71  
 491 S	 19.07  
 492 T	 28.34  
 493 W	 11.83  
 494 G	 13.06  
 495 P	 11.58  
 496 C	 4.89  
 497 V	 8.31  
 498 F	 7.71  
 499 E	 38.25  
 500 N	 19.56  
 501 C	 2.79  
 502 H	 62.46  
 503 D	 39.14  
 504 P	 22.59  
 505 Q	 80.53  
 506 G	 38.74  
 507 K	 44.47  
 508 K	 70.84  
 509 G	 20.91  
 510 F	 8.34  
 511 R	 28.22  
 512 M	 3.90  
 513 R	 26.56  
 514 Q	 30.41  
 515 R	 16.12  
 516 H	 14.55  
 517 V	 6.24  
 518 L	 2.29  
 519 M	 3.58  
 520 E	 40.77  
 521 S	 25.38  
 522 T	 31.81  
 523 G	 21.34  
 524 P	 23.34  
 525 M	 5.82  
 526 G	 31.04  
 527 R	 25.25  
 528 C	 1.74  
 529 P	 24.94  
 530 H	 41.10  
 531 L	 3.23  
 532 A	 12.18  
 533 E	 59.64  
 534 S	 26.25  
 535 V	 4.78  
 536 P	 25.67  
 537 C	 9.68  
 538 E	 60.11  
 539 D	 42.84  
 540 P	 12.66  
 541 M	 4.68  
 542 C	 2.10  
 543 H	 20.07  
 544 R	 25.77  
 545 W	 3.44  
 546 L	 3.66  
 547 A	 9.89  
 548 S	 33.90  
 549 E	 47.15  
 550 G	 19.99  
 551 I	 1.03  
 552 C	 2.85  
 553 I	 4.82  
 554 A	 9.80  
 555 D	 31.03  
 556 H	 28.70  
 557 G	 27.74  
 558 K	 23.01  
 559 C	 6.87  
 560 G	 37.87  
 561 L	 7.97  
 562 G	 8.04  
 563 H	 20.74  
 564 R	 33.85  
 565 I	 3.72  
 566 L	 2.69  
 567 K	 36.08  
 568 A	 12.13  
 569 V	 3.09  
 570 C	 4.26  
 571 Q	 48.50  
 572 N	 35.49  
 573 E	 35.86  
 574 R	 66.43  
 575 G	 29.28  
 576 E	 62.54  
 577 E	 44.82  
 578 V	 5.84  
 579 S	 30.35  
 580 G	 37.96  
 581 G	 19.32  
 582 L	 3.22  
 583 C	 3.45  
 584 P	 46.85  
 585 V	 12.40  
 586 P	 22.33  
 587 P	 58.26  
 588 P	 37.00  
 589 P	 47.82  
 590 E	 61.94  
 591 R	 24.63  
 592 M	 4.82  
 593 A	 8.26  
 594 C	 3.39  
 595 E	 40.19  
 596 I	 3.82  
 597 P	 4.20  
 598 C	 7.46  
 599 R	 20.72  
 600 M	 6.28  
 601 D	 11.60  
 602 C	 2.08  
 603 V	 4.65  
 604 V	 5.58  
 605 S	 13.66  
 606 E	 35.24  
 607 W	 6.69  
 608 T	 14.19  
 609 V	 4.97  
 610 W	 4.16  
 611 S	 19.68  
 612 S	 11.32  
 613 C	 3.42  
 614 S	 27.38  
 615 Q	 53.43  
 616 S	 11.83  
 617 C	 3.94  
 618 S	 56.96  
 619 N	 52.43  
 620 K	 41.35  
 621 N	 49.97  
 622 S	 49.72  
 623 D	 77.14  
 624 G	 24.64  
 625 K	 54.19  
 626 Q	 47.91  
 627 T	 33.81  
 628 R	 27.81  
 629 S	 33.49  
 630 R	 25.15  
 631 S	 24.17  
 632 I	 2.25  
 633 L	 3.18  
 634 A	 8.16  
 635 L	 5.88  
 636 A	 14.37  
 637 G	 34.63  
 638 E	 60.20  
 639 G	 41.81  
 640 G	 20.14  
 641 K	 58.78  
 642 T	 32.68  
 643 C	 3.33  
 644 P	 42.10  
 645 S	 46.96  
 646 S	 16.90  
 647 Q	 60.81  
 648 E	 55.13  
 649 L	 3.48  
 650 Q	 44.94  
 651 E	 45.29  
 652 Y	 8.91  
 653 R	 31.82  
 654 L	 2.91  
 655 C	 4.09  
 656 N	 55.40  
 657 D	 33.80  
 658 H	 15.69  
 659 S	 23.02  
 660 C	 2.23  
 661 T	 25.32  
 662 Q	 36.56  
 663 L	 2.64  
 664 Y	 7.44  
 665 W	 15.81  
 666 E	 21.23  
 667 T	 15.03  
 668 S	 15.54  
 669 A	 23.28  
 670 W	 10.05  
 671 G	 20.63  
 672 S	 12.08  
 673 C	 5.36  
 674 S	 35.26  
 675 E	 59.57  
 676 N	 23.55  
 677 T	 20.67  
 678 L	 4.93  
 679 V	 2.50  
 680 T	 28.65  
 681 A	 6.94  
 682 L	 3.75  
 683 N	 26.82  
 684 V	 4.25  
 685 T	 16.82  
 686 I	 5.39  
 687 G	 11.48  
 688 W	 13.05  
 689 N	 32.96  
 690 G	 21.29  
 691 E	 37.28  
 692 A	 15.02  
 693 T	 12.90  
 694 C	 5.54  
 695 G	 19.14  
 696 V	 7.12  
 697 G	 7.50  
 698 I	 3.34  
 699 Q	 29.35  
 700 T	 30.45  
 701 R	 19.43  
 702 K	 42.95  
 703 V	 4.22  
 704 F	 3.90  
 705 C	 4.25  
 706 I	 3.31  
 707 K	 35.37  
 708 S	 11.95  
 709 H	 23.79  
 710 V	 8.07  
 711 G	 14.67  
 712 Q	 22.25  
 713 V	 4.29  
 714 M	 2.55  
 715 T	 19.24  
 716 K	 33.63  
 717 R	 31.86  
 718 C	 4.71  
 719 P	 42.48  
 720 E	 69.26  
 721 S	 18.17  
 722 T	 48.89  
 723 R	 36.01  
 724 P	 41.52  
 725 E	 57.56  
 726 T	 25.21  
 727 V	 6.49  
 728 R	 29.68  
 729 P	 14.63  
 730 C	 3.71  
 731 F	 10.65  
 732 L	 6.57  
 733 P	 13.97  
 734 C	 10.47  
 735 K	 50.10  
 736 K	 61.46  
 737 D	 19.24  
 738 C	 4.52  
 739 L	 5.71  
 740 V	 4.57  
 741 T	 14.72  
 742 A	 9.86  
 743 F	 5.06  
 744 S	 29.75  
 745 E	 49.25  
 746 W	 12.39  
 747 T	 15.80  
 748 P	 27.47  
 749 C	 3.32  
 750 P	 44.44  
 751 R	 51.87  
 752 P	 13.26  
 753 C	 8.88  
 754 Q	 52.17  
 755 P	 44.72  
 756 G	 20.45  
 757 N	 40.51  
 758 T	 35.49  
 759 T	 30.12  
 760 I	 3.44  
 761 K	 39.88  
 762 Q	 29.32  
 763 S	 26.69  
 764 R	 23.43  
 765 Y	 16.06  
 766 R	 16.72  
 767 I	 2.11  
 768 I	 1.65  
 769 I	 2.55  
 770 Q	 24.70  
 771 E	 39.06  
 772 A	 7.00  
 773 A	 17.91  
 774 N	 63.28  
 775 G	 34.14  
 776 G	 21.66  
 777 Q	 50.98  
 778 E	 51.82  
 779 C	 2.58  
 780 P	 36.55  
 781 D	 68.64  
 782 T	 20.63  
 783 L	 7.11  
 784 F	 11.28  
 785 E	 60.29  
 786 E	 46.58  
 787 R	 46.82  
 788 E	 45.60  
 789 C	 7.73  
 790 E	 54.34  
 791 D	 47.65  
 792 I	 1.26  
 793 S	 35.92  
 794 L	 5.21  
 795 C	 1.35  
 796 P	 39.42  
 797 S	 26.74  
 798 Y	 12.97  
 799 R	 39.00  
 800 W	 14.40  
 801 K	 28.68  
 802 P	 33.74  
 803 Q	 57.00  
 804 K	 58.53  
 805 W	 7.10  
 806 S	 23.51  
 807 S	 12.22  
 808 C	 2.02  
 809 I	 4.73  
 810 L	 6.53  
 811 V	 2.21  
 812 P	 26.60  
 813 E	 51.85  
 814 S	 19.59  
 815 I	 3.48  
 816 R	 42.03  
 817 Q	 44.01  
 818 G	 21.19  
 819 R	 22.95  
 820 T	 52.19  
 821 G	 26.36  
 822 T	 23.84  
 823 S	 25.25  
 824 E	 48.06  
 825 A	 13.71  
 826 C	 5.20  
 827 G	 33.83  
 828 K	 57.22  
 829 G	 14.32  
 830 L	 5.53  
 831 Q	 37.29  
 832 T	 26.16  
 833 R	 21.74  
 834 A	 10.85  
 835 V	 4.29  
 836 S	 12.54  
 837 C	 2.51  
 838 I	 3.84  
 839 S	 43.15  
 840 D	 38.68  
 841 D	 48.56  
 842 N	 42.57  
 843 Q	 51.52  
 844 S	 32.24  
 845 A	 10.79  
 846 E	 52.46  
 847 M	 3.70  
 848 T	 18.30  
 849 E	 36.22  
 850 C	 4.18  
 851 L	 3.34  
 852 K	 60.19  
 853 Q	 20.02  
 854 M	 4.47  
 855 N	 40.91  
 856 G	 25.32  
 857 M	 2.34  
 858 P	 22.07  
 859 P	 35.95  
 860 L	 5.24  
 861 V	 5.78  
 862 Q	 47.97  
 863 E	 26.58  
 864 C	 2.03  
 865 T	 27.48  
 866 I	 4.60  
 867 P	 6.74  
 868 C	 7.05  
 869 R	 37.13  
 870 D	 63.15  
 871 D	 17.63  
 872 C	 3.85  
 873 T	 37.22  
 874 F	 10.98  
 875 T	 12.99  
 876 P	 29.20  
 877 W	 15.87  
 878 S	 21.06  
 879 K	 49.76  
 880 F	 8.43  
 881 T	 27.41  
 882 P	 24.42  
 883 C	 9.10  
 884 S	 28.27  
 885 K	 72.79  
 886 N	 16.74  
 887 C	 4.29  
 888 E	 65.23  
 889 A	 13.65  
 890 T	 11.39  
 891 Q	 33.95  
 892 I	 3.00  
 893 R	 20.22  
 894 R	 32.12  
 895 R	 26.47  
 896 Q	 41.38  
 897 L	 6.90  
 898 T	 33.94  
 899 G	 34.24  
 900 K	 41.68  
 901 S	 51.15  
 902 R	 58.51  
 903 K	 72.82  
 904 K	 62.39  
 905 E	 63.20  
 906 K	 46.18  
 907 C	 4.67  
 908 Q	 61.44  
 909 D	 47.82  
 910 A	 3.89  
 911 S	 36.40  
 912 L	 5.67  
 913 Y	 7.63  
 914 P	 34.91  
 915 L	 3.00  
 916 V	 5.94  
 917 E	 45.57  
 918 M	 5.62  
 919 E	 30.19  
 920 P	 26.49  
 921 C	 3.14  
 922 P	 29.72  
 923 C	 11.10  
 924 D	 28.28  
 925 T	 28.14  
 926 F	 2.78  
 927 M	 3.79  
 928 S	 19.67  
 929 H	 14.07  
 930 P	 31.27  
 931 Y	 20.05  
 932 G	 33.31  
 933 N	 24.56  
 934 W	 5.28  
 935 S	 19.77  
 936 A	 3.96  
 937 C	 2.47  
 938 I	 7.81  
 939 L	 2.96  
 940 P	 28.51  
 941 E	 74.11  
 942 G	 28.49  
 943 K	 45.50  
 944 R	 56.18  
 945 D	 52.82  
 946 A	 13.97  
 947 Q	 46.90  
 948 Q	 50.03  
 949 G	 22.53  
 950 G	 16.42  
 951 L	 5.32  
 952 W	 5.44  
 953 V	 5.69  
 954 Q	 37.71  
 955 G	 35.15  
 956 D	 46.87  
 957 D	 56.32  
 958 K	 60.69  
 959 E	 55.54  
 960 C	 8.08  
 961 G	 35.47  
 962 E	 67.20  
 963 G	 10.94  
 964 V	 4.56  
 965 R	 26.62  
 966 F	 6.02  
 967 R	 17.96  
 968 A	 7.33  
 969 I	 3.28  
 970 A	 6.95  
 971 C	 2.33  
 972 S	 31.55  
 973 N	 31.46  
 974 I	 3.12  
 975 N	 44.67  
 976 G	 31.32  
 977 R	 24.47  
 978 P	 35.94  
 979 V	 19.06  
 980 D	 35.49  
 981 P	 29.55  
 982 S	 37.66  
 983 F	 5.79  
 984 C	 5.91  
 985 N	 36.88  
 986 S	 26.73  
 987 S	 22.94  
 988 G	 24.31  
 989 Y	 11.02  
 990 I	 3.22  
 991 Q	 24.61  
 992 E	 34.18  
 993 A	 4.05  
 994 C	 2.54  
 995 V	 7.63  
 996 I	 2.67  
 997 P	 10.18  
 998 C	 3.45  
 999 P	 23.82  
 1000 F	 25.48  
 1001 D	 17.49  
 1002 C	 4.96  
 1003 K	 53.52  
 1004 L	 7.64  
 1005 S	 23.64  
 1006 D	 60.76  
 1007 W	 7.29  
 1008 S	 22.62  
 1009 S	 31.07  
 1010 W	 9.37  
 1011 G	 22.26  
 1012 S	 12.45  
 1013 C	 3.94  
 1014 S	 27.30  
 1015 S	 33.69  
 1016 S	 10.48  
 1017 C	 5.07  
 1018 G	 22.95  
 1019 I	 5.60  
 1020 G	 6.47  
 1021 V	 4.31  
 1022 R	 17.25  
 1023 I	 5.61  
 1024 R	 22.94  
 1025 S	 26.30  
 1026 K	 46.85  
 1027 W	 17.57  
 1028 L	 6.20  
 1029 K	 63.68  
 1030 E	 58.03  
 1031 K	 47.90  
 1032 P	 29.61  
 1033 Y	 30.89  
 1034 S	 43.21  
 1035 G	 30.22  
 1036 G	 25.15  
 1037 R	 32.92  
 1038 P	 41.88  
 1039 C	 4.47  
 1040 P	 42.82  
 1041 K	 62.44  
 1042 L	 5.87  
 1043 D	 62.82  
 1044 L	 8.99  
 1045 K	 45.03  
 1046 N	 57.30  
 1047 Q	 36.04  
 1048 V	 6.52  
 1049 H	 13.92  
 1050 E	 53.13  
 1051 A	 8.82  
 1052 V	 2.83  
 1053 P	 20.55  
 1054 C	 4.73  
 1055 Y	 11.05  
 1056 S	 38.17  
 1057 E	 18.68  
 1058 C	 3.04  
 1059 D	 46.53  
 1060 Q	 45.90  
 1061 Y	 7.40  
 1062 S	 14.04  
 1063 W	 8.01  
 1064 V	 2.73  
 1065 V	 3.48  
 1066 E	 29.98  
 1067 H	 20.78  
 1068 W	 7.17  
 1069 S	 23.48  
 1070 P	 20.45  
 1071 C	 6.04  
 1072 K	 52.43  
 1073 I	 9.49  
 1074 N	 22.78  
 1075 N	 53.83  
 1076 E	 40.86  
 1077 L	 7.74  
 1078 R	 38.14  
 1079 S	 29.35  
 1080 P	 29.19  
 1081 R	 36.45  
 1082 C	 5.04  
 1083 G	 32.12  
 1084 R	 48.92  
 1085 G	 17.25  
 1086 T	 23.24  
 1087 Q	 37.45  
 1088 S	 24.30  
 1089 R	 28.38  
 1090 R	 26.42  
 1091 I	 3.78  
 1092 R	 16.99  
 1093 C	 2.36  
 1094 V	 4.01  
 1095 S	 22.85  
 1096 T	 16.51  
 1097 A	 13.32  
 1098 D	 49.61  
 1099 R	 41.83  
 1100 E	 63.63  
 1101 G	 30.19  
 1102 G	 22.92  
 1103 A	 13.28  
 1104 V	 7.46  
 1105 N	 27.56  
 1106 R	 25.14  
 1107 S	 31.88  
 1108 L	 2.61  
 1109 C	 4.54  
 1110 N	 54.32  
 1111 Q	 49.30  
 1112 D	 39.79  
 1113 D	 50.84  
 1114 A	 18.90  
 1115 P	 39.26  
 1116 Q	 69.00  
 1117 E	 41.66  
 1118 T	 19.07  
 1119 Q	 39.35  
 1120 A	 7.71  
 1121 C	 1.80  
 1122 S	 27.65  
 1123 L	 6.00  
 1124 L	 2.01  
 1125 C	 4.17  
 1126 P	 32.88  
 1127 S	 42.50  
 1128 E	 19.10  
 1129 C	 3.50  
 1130 V	 4.08  
 1131 M	 4.55  
 1132 S	 15.14  
 1133 E	 31.65  
 1134 W	 11.38  
 1135 G	 17.16  
 1136 T	 22.72  
 1137 W	 4.65  
 1138 S	 24.68  
 1139 R	 27.91  
 1140 C	 2.76  
 1141 P	 28.19  
 1142 Q	 61.39  
 1143 S	 12.96  
 1144 C	 8.75  
 1145 D	 43.18  
 1146 P	 22.82  
 1147 H	 22.15  
 1148 A	 10.94  
 1149 M	 2.64  
 1150 Q	 32.27  
 1151 R	 28.93  
 1152 R	 21.15  
 1153 T	 25.32  
 1154 R	 19.35  
 1155 H	 28.71  
 1156 L	 3.80  
 1157 L	 6.55  
 1158 R	 25.73  
 1159 P	 43.04  
 1160 S	 33.48  
 1161 L	 8.16  
 1162 N	 33.51  
 1163 S	 33.97  
 1164 R	 32.72  
 1165 T	 25.36  
 1166 C	 5.66  
 1167 G	 40.93  
 1168 E	 57.55  
 1169 D	 29.65  
 1170 S	 26.69  
 1171 Q	 47.78  
 1172 V	 9.50  
 1173 R	 14.47  
 1174 P	 17.79  
 1175 C	 4.77  
 1176 L	 6.79  
 1177 L	 10.87  
 1178 N	 26.03  
 1179 E	 56.18  
 1180 N	 30.72  
 1181 C	 2.01  
 1182 F	 14.21  
 1183 Q	 27.08  
 1184 F	 4.11  
 1185 Q	 18.54  
 1186 Y	 17.27  
 1187 N	 29.69  
 1188 L	 3.80  
 1189 T	 31.60  
 1190 E	 42.47  
 1191 W	 8.16  
 1192 S	 17.05  
 1193 T	 12.82  
 1194 C	 2.98  
 1195 Q	 48.38  
 1196 L	 8.25  
 1197 S	 10.97  
 1198 E	 70.96  
 1199 N	 27.85  
 1200 V	 4.38  
 1201 S	 24.90  
 1202 C	 4.03  
 1203 G	 21.55  
 1204 Q	 52.08  
 1205 G	 8.99  
 1206 V	 4.31  
 1207 R	 22.43  
 1208 T	 24.22  
 1209 R	 24.06  
 1210 L	 4.00  
 1211 L	 3.17  
 1212 S	 18.37  
 1213 C	 2.73  
 1214 V	 6.20  
 1215 R	 33.10  
 1216 S	 30.25  
 1217 D	 58.96  
 1218 G	 25.94  
 1219 K	 53.31  
 1220 S	 25.59  
 1221 V	 6.65  
 1222 S	 26.11  
 1223 M	 3.70  
 1224 D	 35.46  
 1225 H	 14.36  
 1226 C	 4.09  
 1227 E	 49.51  
 1228 Q	 44.98  
 1229 R	 27.66  
 1230 N	 52.85  
 1231 L	 11.03  
 1232 E	 67.26  
 1233 K	 50.01  
 1234 P	 20.03  
 1235 Q	 65.85  
 1236 R	 29.37  
 1237 M	 3.42  
 1238 S	 26.10  
 1239 I	 1.72  
 1240 P	 9.70  
 1241 C	 6.74  
 1242 L	 2.81  
 1243 V	 7.35  
 1244 E	 14.51  
 1245 C	 3.01  
 1246 V	 1.88  
 1247 V	 10.04  
 1248 N	 6.34  
 1249 C	 2.66  
 1250 Q	 33.20  
 1251 L	 5.80  
 1252 S	 13.35  
 1253 G	 34.05  
 1254 W	 6.31  
 1255 T	 18.91  
 1256 T	 24.71  
 1257 W	 5.26  
 1258 T	 25.64  
 1259 E	 24.59  
 1260 C	 2.60  
 1261 S	 23.46  
 1262 Q	 53.09  
 1263 T	 11.43  
 1264 C	 2.72  
 1265 G	 32.33  
 1266 Q	 54.00  
 1267 G	 15.80  
 1268 G	 17.77  
 1269 R	 27.08  
 1270 M	 3.44  
 1271 S	 29.19  
 1272 R	 22.15  
 1273 T	 23.71  
 1274 R	 21.47  
 1275 F	 4.37  
 1276 I	 2.08  
 1277 I	 2.19  
 1278 M	 2.22  
 1279 P	 15.91  
 1280 T	 31.65  
 1281 Q	 41.91  
 1282 G	 41.63  
 1283 E	 41.19  
 1284 G	 31.61  
 1285 R	 30.53  
 1286 Q	 48.69  
 1287 C	 4.31  
 1288 P	 22.14  
 1289 T	 51.78  
 1290 E	 34.66  
 1291 L	 6.03  
 1292 T	 23.79  
 1293 Q	 63.02  
 1294 Q	 46.56  
 1295 K	 38.48  
 1296 P	 24.25  
 1297 C	 5.65  
 1298 P	 41.36  
 1299 V	 13.71  
 1300 T	 7.87  
 1301 P	 18.45  
 1302 C	 2.84  
 1303 Y	 13.53  
 1304 S	 19.88  
 1305 W	 2.29  
 1306 V	 3.94  
 1307 L	 3.41  
 1308 G	 24.76  
 1309 N	 25.93  
 1310 W	 5.87  
 1311 S	 27.99  
 1312 A	 6.00  
 1313 C	 4.28  
 1314 K	 49.65  
 1315 L	 8.12  
 1316 E	 46.77  
 1317 G	 47.91  
 1318 G	 20.05  
 1319 D	 48.37  
 1320 C	 6.38  
 1321 G	 39.16  
 1322 E	 63.62  
 1323 G	 10.63  
 1324 V	 4.07  
 1325 Q	 35.44  
 1326 V	 5.27  
 1327 R	 18.20  
 1328 S	 23.74  
 1329 F	 4.61  
 1330 S	 13.77  
 1331 C	 3.31  
 1332 V	 4.80  
 1333 V	 3.22  
 1334 H	 16.73  
 1335 N	 34.01  
 1336 G	 16.10  
 1337 S	 26.66  
 1338 I	 3.57  
 1339 S	 19.24  
 1340 H	 19.04  
 1341 T	 23.66  
 1342 A	 9.74  
 1343 V	 6.00  
 1344 P	 25.91  
 1345 V	 9.26  
 1346 E	 31.33  
 1347 E	 47.37  
 1348 A	 8.47  
 1349 L	 4.33  
 1350 C	 5.87  
 1351 G	 39.52  
 1352 E	 46.12  
 1353 V	 3.32  
 1354 P	 22.39  
 1355 F	 14.43  
 1356 Q	 41.77  
 1357 E	 48.89  
 1358 G	 21.53  
 1359 I	 4.23  
 1360 L	 4.20  
 1361 K	 39.03  
 1362 Q	 44.23  
 1363 L	 1.94  
 1364 C	 3.41  
 1365 S	 37.37  
 1366 V	 5.73  
 1367 P	 11.42  
 1368 C	 5.73  
 1369 P	 35.27  
 1370 G	 57.82  
 1371 D	 13.13  
 1372 C	 2.87  
 1373 H	 31.53  
 1374 I	 6.60  
 1375 T	 8.61  
 1376 P	 31.80  
 1377 W	 10.55  
 1378 S	 30.32  
 1379 E	 52.48  
 1380 W	 9.51  
 1381 S	 24.31  
 1382 K	 32.57  
 1383 C	 4.29  
 1384 E	 51.34  
 1385 L	 7.11  
 1386 T	 5.78  
 1387 C	 4.11  
 1388 I	 5.47  
 1389 D	 48.91  
 1390 G	 13.76  
 1391 R	 34.13  
 1392 S	 32.72  
 1393 F	 10.48  
 1394 E	 46.86  
 1395 T	 32.32  
 1396 T	 24.14  
 1397 G	 32.81  
 1398 R	 29.25  
 1399 Q	 44.53  
 1400 S	 30.75  
 1401 R	 23.09  
 1402 S	 40.70  
 1403 R	 32.33  
 1404 T	 22.04  
 1405 F	 4.50  
 1406 I	 2.50  
 1407 I	 2.16  
 1408 Q	 36.93  
 1409 S	 24.91  
 1410 F	 6.15  
 1411 E	 60.26  
 1412 N	 49.28  
 1413 Q	 36.47  
 1414 D	 64.88  
 1415 S	 20.24  
 1416 C	 4.79  
 1417 P	 31.43  
 1418 Q	 50.79  
 1419 Q	 27.23  
 1420 V	 4.37  
 1421 L	 4.90  
 1422 E	 43.87  
 1423 T	 35.43  
 1424 R	 18.21  
 1425 P	 27.69  
 1426 C	 5.07  
 1427 T	 52.21  
 1428 G	 40.04  
 1429 G	 9.94  
 1430 K	 32.72  
 1431 C	 2.61  
 1432 Y	 10.92  
 1433 H	 19.64  
 1434 Y	 5.08  
 1435 I	 1.62  
 1436 W	 5.29  
 1437 K	 20.66  
 1438 A	 8.54  
 1439 S	 30.14  
 1440 L	 7.29  
 1441 W	 11.74  
 1442 N	 46.90  
 1443 N	 39.91  
 1444 N	 36.59  
 1445 E	 52.42  
 1446 R	 36.38  
 1447 T	 16.51  
 1448 V	 6.36  
 1449 W	 3.34  
 1450 C	 1.78  
 1451 Q	 32.00  
 1452 R	 33.31  
 1453 S	 15.34  
 1454 D	 68.72  
 1455 G	 22.01  
 1456 L	 5.82  
 1457 N	 34.53  
 1458 V	 6.73  
 1459 T	 27.12  
 1460 G	 30.72  
 1461 G	 10.20  
 1462 C	 5.92  
 1463 S	 24.26  
 1464 P	 35.61  
 1465 Q	 33.44  
 1466 A	 23.86  
 1467 R	 19.01  
 1468 P	 29.11  
 1469 A	 15.23  
 1470 A	 10.53  
 1471 I	 3.20  
 1472 R	 22.16  
 1473 Q	 24.31  
 1474 C	 2.64  
 1475 I	 1.51  
 1476 P	 38.95  
 1477 A	 9.61  
 1478 C	 4.96  
 1479 K	 66.64  
 1480 K	 51.70  
 1481 P	 14.65  
 1482 F	 12.80  
 1483 S	 28.02  
 1484 Y	 10.41  
 1485 C	 1.91  
 1486 T	 23.24  
 1487 Q	 42.98  
 1488 G	 16.61  
 1489 G	 11.17  
 1490 V	 3.03  
 1491 C	 6.12  
 1492 G	 21.88  
 1493 C	 4.06  
 1494 E	 34.50  
 1495 K	 62.38  
 1496 G	 16.58  
 1497 Y	 16.56  
 1498 T	 27.92  
 1499 E	 26.72  
 1500 I	 1.83  
 1501 M	 2.50  
 1502 R	 33.07  
 1503 S	 19.89  
 1504 S	 24.17  
 1505 G	 28.51  
 1506 F	 5.18  
 1507 L	 5.38  
 1508 D	 32.12  
 1509 Y	 9.15  
 1510 C	 1.81  
 1511 M	 3.90  
 1512 K	 41.54  
 1513 V	 2.30  
 1514 P	 34.77  
 1515 G	 46.81  
 1516 S	 36.23  
 1517 E	 78.68  
 1518 D	 60.50  
 1519 K	 45.89  
 1520 K	 63.24  
 1521 A	 32.35  
 1522 D	 61.88  
 1523 V	 5.45  
 1524 K	 53.36  
 1525 N	 39.01  
 1526 L	 6.22  
 1527 S	 58.05  
 1528 G	 34.13  
 1529 K	 46.54  
 1530 N	 57.95  
 1531 R	 39.78  
 1532 P	 38.75  
 1533 V	 13.10  
 1534 N	 40.02  
 1535 S	 32.97  
 1536 K	 38.57  
 1537 I	 3.37  
 1538 H	 26.33  
 1539 D	 52.04  
 1540 I	 2.08  
 1541 F	 8.14  
 1542 K	 60.86  
 1543 G	 14.41  
 1544 W	 9.10  
 1545 S	 26.29  
 1546 L	 4.98  
 1547 Q	 30.87  
 1548 P	 43.98  
 1549 L	 10.87  
 1550 D	 46.02  
 1551 P	 54.35  
 1552 D	 58.14  
 1553 G	 41.49  
 1554 R	 32.06  
 1555 V	 6.44  
 1556 K	 26.19  
 1557 M	 2.40  
 1558 W	 3.72  
 1559 V	 2.39  
 1560 Y	 9.04  
 1561 G	 9.48  
 1562 V	 2.35  
 1563 S	 32.83  
 1564 G	 33.10  
 1565 G	 14.02  
 1566 S	 22.02  
 1567 F	 6.40  
 1568 L	 2.52  
 1569 I	 1.55  
 1570 M	 1.61  
 1571 I	 1.59  
 1572 F	 2.35  
 1573 L	 1.83  
 1574 V	 3.24  
 1575 F	 4.01  
 1576 T	 14.69  
 1577 S	 12.66  
 1578 Y	 10.49  
 1579 L	 3.50  
 1580 V	 3.23  
 1581 C	 4.29  
 1582 K	 65.71  
 1583 K	 53.82  
 1584 P	 40.69  
 1585 K	 65.10  
 1586 P	 39.00  
 1587 H	 40.11  
 1588 Q	 58.49  
 1589 S	 37.03  
 1590 T	 20.12  
 1591 P	 36.68  
 1592 R	 44.98  
 1593 H	 41.02  
 1594 Q	 50.79  
 1595 K	 35.55  
 1596 P	 24.81  
 1597 L	 8.69  
 1598 T	 20.19  
 1599 L	 5.68  
 1600 A	 8.64  
 1601 Y	 24.46  
 1602 D	 38.22  
 1603 G	 25.38  
 1604 D	 36.28  
 1605 L	 8.03  
 1606 D	 45.55  
 1607 M	 8.43  
