 1 M	 10.50  
 2 G	 48.71  
 3 D	 47.20  
 4 V	 6.49  
 5 K	 62.09  
 6 E	 56.28  
 7 S	 27.92  
 8 K	 35.60  
 9 M	 4.92  
 10 Q	 39.89  
 11 I	 6.58  
 12 T	 9.74  
 13 P	 45.13  
 14 E	 60.01  
 15 T	 32.04  
 16 P	 28.53  
 17 G	 47.79  
 18 R	 31.10  
 19 I	 3.24  
 20 P	 24.15  
 21 V	 8.20  
 22 L	 5.90  
 23 N	 39.17  
 24 P	 30.16  
 25 F	 16.46  
 26 E	 64.10  
 27 S	 30.04  
 28 P	 24.83  
 29 S	 59.46  
 30 D	 55.02  
 31 Y	 12.09  
 32 S	 37.60  
 33 N	 38.91  
 34 L	 3.75  
 35 H	 29.39  
 36 E	 48.72  
 37 Q	 30.94  
 38 T	 22.70  
 39 L	 4.43  
 40 A	 23.84  
 41 S	 22.33  
 42 P	 28.98  
 43 S	 37.38  
 44 V	 8.76  
 45 F	 6.41  
 46 K	 55.87  
 47 S	 21.22  
 48 T	 36.87  
 49 K	 60.61  
 50 L	 6.06  
 51 P	 37.80  
 52 T	 55.92  
 53 P	 41.88  
 54 G	 44.18  
 55 K	 32.72  
 56 F	 13.83  
 57 R	 29.71  
 58 W	 11.63  
 59 S	 16.42  
 60 I	 2.88  
 61 D	 31.74  
 62 Q	 29.65  
 63 L	 3.49  
 64 A	 8.43  
 65 V	 6.21  
 66 I	 3.92  
 67 N	 28.15  
 68 P	 17.62  
 69 V	 9.71  
 70 E	 42.82  
 71 I	 12.47  
 72 D	 27.34  
 73 P	 46.98  
 74 E	 66.89  
 75 D	 47.59  
 76 I	 2.48  
 77 H	 28.28  
 78 R	 24.65  
 79 Q	 22.89  
 80 A	 9.72  
 81 L	 3.15  
 82 Y	 14.80  
 83 L	 3.75  
 84 S	 13.08  
 85 H	 20.64  
 86 S	 27.79  
 87 R	 35.38  
 88 I	 9.65  
 89 D	 39.74  
 90 K	 62.39  
 91 D	 45.34  
 92 V	 14.62  
 93 E	 68.87  
 94 D	 51.81  
 95 K	 43.13  
 96 R	 56.40  
 97 Q	 45.32  
 98 K	 56.20  
 99 A	 13.19  
 100 I	 7.21  
 101 E	 54.32  
 102 E	 39.69  
 103 F	 6.46  
 104 F	 10.57  
 105 T	 31.49  
 106 K	 44.86  
 107 D	 32.11  
 108 V	 5.18  
 109 I	 5.60  
 110 V	 3.74  
 111 P	 24.45  
 112 S	 23.36  
 113 P	 31.73  
 114 W	 20.85  
 115 T	 30.75  
 116 D	 33.69  
 117 H	 38.03  
 118 E	 71.54  
 119 G	 21.42  
 120 K	 45.11  
 121 Q	 58.15  
 122 L	 4.32  
 123 S	 28.41  
 124 Q	 37.22  
 125 C	 2.78  
 126 H	 27.72  
 127 S	 38.84  
 128 S	 14.21  
 129 K	 48.36  
 130 C	 3.68  
 131 T	 42.76  
 132 N	 40.70  
 133 I	 2.55  
 134 N	 41.66  
 135 S	 35.35  
 136 D	 53.09  
 137 S	 22.70  
 138 P	 43.82  
 139 V	 23.71  
 140 G	 25.43  
 141 K	 44.86  
 142 K	 44.96  
 143 L	 6.57  
 144 T	 26.06  
 145 I	 4.95  
 146 H	 25.35  
 147 S	 42.75  
 148 E	 42.28  
 149 K	 57.56  
 150 S	 28.56  
 151 D	 49.61  
 152 A	 19.75  
 153 A	 7.31  
 154 C	 3.21  
 155 Q	 30.38  
 156 T	 29.56  
 157 L	 0.95  
 158 L	 5.85  
 159 S	 33.47  
 160 L	 4.90  
 161 P	 21.91  
 162 V	 18.62  
 163 D	 25.44  
 164 F	 13.15  
 165 N	 41.82  
 166 L	 5.57  
 167 E	 43.24  
 168 N	 37.64  
 169 I	 3.12  
 170 L	 6.87  
 171 G	 24.63  
 172 D	 35.63  
 173 Y	 7.99  
 174 F	 6.54  
 175 R	 34.59  
 176 A	 15.70  
 177 D	 47.49  
 178 E	 41.57  
 179 F	 10.52  
 180 A	 16.34  
 181 D	 55.61  
 182 Q	 48.36  
 183 S	 35.01  
 184 P	 30.02  
 185 G	 53.62  
 186 N	 39.88  
 187 L	 6.96  
 188 S	 31.97  
 189 S	 27.41  
 190 S	 29.98  
 191 S	 28.04  
 192 L	 7.11  
 193 R	 35.32  
 194 R	 45.37  
 195 K	 36.84  
 196 L	 4.96  
 197 F	 7.01  
 198 L	 13.77  
 199 D	 40.97  
 200 G	 42.41  
 201 N	 40.48  
 202 G	 31.70  
 203 S	 23.95  
 204 I	 5.86  
 205 S	 23.89  
 206 D	 53.15  
 207 S	 35.08  
 208 L	 4.69  
 209 P	 31.62  
 210 S	 46.82  
 211 A	 20.15  
 212 S	 33.85  
 213 P	 47.17  
 214 G	 51.84  
 215 S	 23.87  
 216 P	 31.42  
 217 H	 38.59  
 218 S	 44.00  
 219 G	 16.71  
 220 V	 6.68  
 221 Q	 28.97  
 222 T	 32.64  
 223 S	 12.77  
 224 L	 6.67  
 225 E	 27.32  
 226 M	 4.66  
 227 F	 2.94  
 228 Y	 11.92  
 229 S	 9.81  
 230 I	 4.15  
 231 D	 34.84  
 232 L	 6.25  
 233 S	 24.73  
 234 P	 36.56  
 235 V	 9.09  
 236 K	 27.58  
 237 C	 5.47  
 238 R	 35.27  
 239 S	 39.16  
 240 P	 14.77  
 241 L	 10.51  
 242 Q	 55.54  
 243 T	 32.59  
 244 P	 17.34  
 245 S	 50.95  
 246 S	 37.51  
 247 G	 36.57  
 248 Q	 36.68  
 249 F	 9.74  
 250 S	 23.24  
 251 S	 41.23  
 252 S	 25.48  
 253 P	 25.34  
 254 I	 6.04  
 255 Q	 32.42  
 256 A	 16.51  
 257 S	 25.01  
 258 A	 18.51  
 259 K	 50.15  
 260 K	 39.53  
 261 Y	 14.39  
 262 S	 34.82  
 263 L	 5.91  
 264 G	 15.86  
 265 S	 28.17  
 266 I	 4.14  
 267 T	 35.96  
 268 S	 23.01  
 269 P	 35.16  
 270 S	 34.33  
 271 P	 33.59  
 272 I	 8.16  
 273 S	 33.38  
 274 S	 28.78  
 275 P	 30.58  
 276 T	 38.40  
 277 F	 10.44  
 278 S	 27.69  
 279 P	 26.41  
 280 I	 8.85  
 281 E	 34.58  
 282 F	 7.12  
 283 Q	 29.95  
 284 I	 6.99  
 285 G	 23.18  
 286 E	 49.21  
 287 T	 25.07  
 288 P	 29.59  
 289 L	 13.21  
 290 S	 32.65  
 291 E	 63.19  
 292 Q	 50.95  
 293 R	 31.81  
 294 K	 45.11  
 295 F	 10.58  
 296 T	 21.97  
 297 V	 4.78  
 298 H	 30.47  
 299 S	 21.82  
 300 P	 26.72  
 301 D	 63.20  
 302 A	 14.69  
 303 S	 36.36  
 304 S	 51.89  
 305 G	 26.81  
 306 T	 37.10  
 307 N	 36.68  
 308 S	 35.95  
 309 N	 48.21  
 310 G	 28.11  
 311 I	 3.83  
 312 T	 34.21  
 313 N	 27.76  
 314 P	 13.28  
 315 C	 4.36  
 316 I	 5.29  
 317 R	 37.99  
 318 S	 11.35  
 319 P	 21.90  
 320 Y	 16.94  
 321 I	 4.10  
 322 D	 46.32  
 323 G	 12.30  
 324 C	 3.76  
 325 S	 34.88  
 326 P	 45.72  
 327 I	 2.87  
 328 K	 56.60  
 329 N	 45.22  
 330 W	 9.98  
 331 S	 20.43  
 332 P	 11.97  
 333 M	 5.80  
 334 R	 25.75  
 335 L	 2.53  
 336 Q	 20.57  
 337 M	 3.21  
 338 Y	 7.39  
 339 S	 25.96  
 340 G	 26.19  
 341 G	 12.05  
 342 T	 26.42  
 343 Q	 29.05  
 344 Y	 18.72  
 345 R	 15.65  
 346 T	 23.55  
 347 S	 14.28  
 348 V	 3.55  
 349 I	 2.85  
 350 Q	 34.84  
 351 I	 1.76  
 352 P	 10.37  
 353 F	 15.09  
 354 T	 20.52  
 355 L	 7.39  
 356 E	 35.71  
 357 T	 45.01  
 358 Q	 43.85  
 359 G	 52.31  
 360 E	 53.05  
 361 D	 71.99  
 362 E	 64.89  
 363 E	 83.29  
 364 D	 62.61  
 365 K	 56.81  
 366 E	 73.11  
 367 N	 58.15  
 368 I	 2.75  
 369 P	 42.64  
 370 S	 33.18  
 371 T	 34.76  
 372 D	 42.51  
 373 V	 6.55  
 374 S	 33.15  
 375 S	 19.27  
 376 P	 24.89  
 377 A	 15.50  
 378 M	 4.01  
 379 D	 35.06  
 380 A	 8.42  
 381 A	 17.14  
 382 G	 15.01  
 383 I	 2.07  
 384 H	 17.65  
 385 L	 4.32  
 386 R	 22.72  
 387 Q	 53.10  
 388 F	 7.37  
 389 S	 25.97  
 390 N	 50.58  
 391 E	 42.68  
 392 A	 24.79  
 393 S	 18.11  
 394 T	 31.22  
 395 H	 36.34  
 396 G	 18.21  
 397 T	 12.39  
 398 H	 22.63  
 399 L	 3.13  
 400 V	 2.53  
 401 V	 3.39  
 402 T	 14.79  
 403 A	 4.07  
 404 M	 2.12  
 405 S	 21.39  
 406 V	 4.02  
 407 T	 17.94  
 408 Q	 43.75  
 409 N	 34.04  
 410 Q	 29.01  
 411 S	 35.11  
 412 S	 26.50  
 413 A	 27.27  
 414 S	 51.66  
 415 E	 50.71  
 416 K	 56.38  
 417 E	 34.91  
 418 L	 6.36  
 419 A	 13.81  
 420 L	 7.44  
 421 L	 3.21  
 422 Q	 54.26  
 423 D	 44.19  
 424 V	 4.88  
 425 E	 64.51  
 426 R	 56.99  
 427 E	 51.78  
 428 K	 72.48  
 429 D	 49.19  
 430 N	 58.08  
 431 N	 52.17  
 432 T	 24.92  
 433 V	 4.93  
 434 D	 29.37  
 435 M	 2.98  
 436 V	 7.38  
 437 D	 31.64  
 438 P	 18.07  
 439 I	 5.31  
 440 E	 37.20  
 441 I	 6.40  
 442 A	 8.87  
 443 D	 60.48  
 444 E	 38.83  
 445 T	 28.16  
 446 T	 24.12  
 447 W	 13.69  
 448 I	 3.21  
 449 K	 47.75  
 450 E	 41.23  
 451 P	 33.49  
 452 V	 10.54  
 453 D	 65.57  
 454 N	 42.03  
 455 G	 26.54  
 456 S	 35.24  
 457 L	 3.40  
 458 P	 25.89  
 459 M	 7.33  
 460 T	 25.09  
 461 D	 35.38  
 462 F	 3.28  
 463 V	 5.96  
 464 S	 25.19  
 465 G	 15.22  
 466 I	 2.45  
 467 A	 8.82  
 468 F	 7.75  
 469 S	 21.70  
 470 I	 4.73  
 471 E	 52.02  
 472 N	 35.23  
 473 S	 10.37  
 474 H	 25.66  
 475 M	 1.74  
 476 C	 1.72  
 477 M	 3.43  
 478 S	 16.31  
 479 P	 14.54  
 480 L	 6.91  
 481 A	 20.29  
 482 E	 51.75  
 483 S	 25.05  
 484 S	 18.64  
 485 V	 8.68  
 486 I	 3.31  
 487 P	 17.42  
 488 C	 5.64  
 489 E	 52.42  
 490 S	 35.09  
 491 S	 18.69  
 492 N	 37.48  
 493 I	 3.76  
 494 Q	 33.60  
 495 M	 3.81  
 496 D	 23.64  
 497 S	 37.52  
 498 G	 18.55  
 499 Y	 20.98  
 500 N	 38.42  
 501 T	 16.81  
 502 Q	 39.31  
 503 N	 30.03  
 504 C	 4.55  
 505 G	 31.14  
 506 S	 25.94  
 507 N	 20.91  
 508 I	 2.57  
 509 M	 4.06  
 510 D	 34.15  
 511 T	 11.94  
 512 V	 6.27  
 513 G	 26.22  
 514 A	 9.75  
 515 E	 35.99  
 516 S	 34.98  
 517 Y	 10.07  
 518 C	 5.70  
 519 K	 52.61  
 520 E	 50.74  
 521 S	 24.60  
 522 D	 43.73  
 523 A	 18.83  
 524 Q	 52.23  
 525 T	 16.62  
 526 C	 3.52  
 527 E	 53.35  
 528 V	 12.53  
 529 E	 30.10  
 530 S	 42.66  
 531 K	 32.84  
 532 S	 35.70  
 533 Q	 54.43  
 534 A	 12.60  
 535 F	 7.71  
 536 N	 39.49  
 537 M	 3.13  
 538 K	 54.39  
 539 Q	 36.63  
 540 D	 35.27  
 541 H	 28.46  
 542 T	 32.68  
 543 T	 15.59  
 544 Q	 39.42  
 545 R	 17.61  
 546 C	 2.75  
 547 W	 8.09  
 548 M	 2.94  
 549 K	 19.21  
 550 T	 19.09  
 551 A	 15.08  
 552 S	 31.32  
 553 P	 22.36  
 554 F	 12.09  
 555 Q	 29.57  
 556 C	 4.44  
 557 S	 34.56  
 558 S	 42.11  
 559 P	 31.75  
