 1 M	 6.17  
 2 P	 37.56  
 3 L	 6.47  
 4 F	 4.60  
 5 F	 13.67  
 6 R	 30.45  
 7 K	 60.67  
 8 R	 52.43  
 9 K	 56.80  
 10 P	 51.51  
 11 S	 51.62  
 12 E	 65.29  
 13 E	 59.10  
 14 A	 20.45  
 15 R	 28.10  
 16 K	 69.27  
 17 R	 27.48  
 18 L	 8.90  
 19 E	 37.44  
 20 Y	 13.21  
 21 Q	 13.51  
 22 M	 1.66  
 23 C	 1.65  
 24 L	 6.82  
 25 A	 11.60  
 26 K	 34.84  
 27 E	 46.88  
 28 A	 20.12  
 29 G	 30.54  
 30 A	 20.53  
 31 D	 42.43  
 32 D	 42.70  
 33 I	 3.71  
 34 L	 6.51  
 35 D	 43.37  
 36 I	 3.67  
 37 S	 30.81  
 38 K	 31.87  
 39 C	 5.19  
 40 E	 60.10  
 41 L	 8.57  
 42 S	 15.93  
 43 E	 68.27  
 44 I	 2.85  
 45 P	 19.98  
 46 F	 15.75  
 47 G	 17.90  
 48 A	 7.41  
 49 F	 6.22  
 50 A	 16.14  
 51 T	 13.35  
 52 C	 2.29  
 53 K	 41.44  
 54 V	 8.13  
 55 L	 3.65  
 56 Q	 46.65  
 57 K	 40.46  
 58 K	 29.34  
 59 V	 5.93  
 60 L	 4.68  
 61 I	 2.09  
 62 V	 3.89  
 63 H	 17.60  
 64 T	 17.28  
 65 N	 17.19  
 66 H	 31.47  
 67 L	 3.64  
 68 T	 15.13  
 69 S	 33.98  
 70 L	 8.82  
 71 L	 5.13  
 72 P	 31.63  
 73 K	 65.15  
 74 S	 13.65  
 75 C	 4.08  
 76 S	 39.16  
 77 L	 4.40  
 78 L	 1.96  
 79 S	 22.66  
 80 L	 5.00  
 81 A	 12.14  
 82 T	 26.99  
 83 I	 2.12  
 84 K	 32.18  
 85 V	 4.43  
 86 L	 5.01  
 87 D	 44.97  
 88 L	 4.83  
 89 H	 31.48  
 90 D	 52.44  
 91 N	 28.19  
 92 Q	 46.37  
 93 L	 3.66  
 94 T	 19.18  
 95 A	 26.20  
 96 L	 3.94  
 97 P	 30.52  
 98 D	 65.69  
 99 D	 51.24  
 100 L	 6.50  
 101 G	 27.70  
 102 Q	 42.83  
 103 L	 2.61  
 104 T	 19.89  
 105 A	 12.46  
 106 L	 2.81  
 107 Q	 34.88  
 108 V	 4.34  
 109 L	 3.71  
 110 N	 34.44  
 111 V	 6.81  
 112 E	 44.86  
 113 R	 31.73  
 114 N	 26.32  
 115 Q	 44.53  
 116 L	 2.42  
 117 M	 2.50  
 118 Q	 57.83  
 119 L	 2.07  
 120 P	 15.87  
 121 R	 49.88  
 122 S	 32.67  
 123 I	 4.47  
 124 G	 25.09  
 125 N	 37.94  
 126 L	 2.45  
 127 T	 31.10  
 128 Q	 34.44  
 129 L	 3.37  
 130 Q	 33.84  
 131 T	 28.97  
 132 L	 4.47  
 133 N	 42.03  
 134 V	 10.42  
 135 K	 55.28  
 136 D	 53.89  
 137 N	 45.93  
 138 K	 71.69  
 139 L	 6.99  
 140 K	 59.83  
 141 E	 75.79  
 142 L	 4.43  
 143 P	 36.00  
 144 D	 67.65  
 145 T	 28.59  
 146 V	 7.96  
 147 G	 30.25  
 148 E	 36.35  
 149 L	 3.56  
 150 R	 29.37  
 151 S	 34.52  
 152 L	 3.81  
 153 R	 38.11  
 154 T	 29.47  
 155 L	 4.30  
 156 N	 26.26  
 157 I	 6.66  
 158 S	 34.20  
 159 G	 31.80  
 160 N	 36.09  
 161 E	 43.98  
 162 I	 3.15  
 163 Q	 34.38  
 164 R	 54.73  
 165 L	 1.66  
 166 P	 21.52  
 167 Q	 44.08  
 168 M	 3.18  
 169 L	 2.22  
 170 A	 8.19  
 171 H	 12.96  
 172 V	 4.09  
 173 R	 24.59  
 174 T	 26.44  
 175 L	 2.26  
 176 E	 37.15  
 177 M	 3.28  
 178 L	 3.16  
 179 S	 23.93  
 180 L	 5.85  
 181 D	 34.79  
 182 A	 12.41  
 183 S	 19.30  
 184 A	 7.99  
 185 M	 2.48  
 186 V	 6.93  
 187 Y	 8.40  
 188 P	 15.29  
 189 P	 27.64  
 190 R	 44.46  
 191 E	 48.19  
 192 V	 3.73  
 193 C	 2.37  
 194 G	 32.01  
 195 A	 13.67  
 196 G	 10.94  
 197 T	 16.63  
 198 A	 7.50  
 199 A	 11.67  
 200 I	 2.62  
 201 L	 2.24  
 202 Q	 24.13  
 203 F	 8.51  
 204 L	 2.35  
 205 C	 4.92  
 206 K	 58.00  
 207 E	 49.39  
 208 S	 33.89  
 209 G	 24.50  
 210 L	 5.50  
 211 E	 46.69  
 212 Y	 26.72  
 213 Y	 10.17  
 214 P	 22.59  
 215 P	 20.24  
 216 S	 27.27  
 217 Q	 38.37  
 218 Y	 17.97  
 219 L	 3.39  
 220 L	 1.79  
 221 P	 26.90  
 222 I	 7.16  
 223 L	 4.58  
 224 E	 47.55  
 225 Q	 51.27  
 226 D	 51.14  
 227 G	 28.89  
 228 I	 6.44  
 229 E	 55.47  
 230 N	 40.19  
 231 S	 25.36  
 232 R	 61.07  
 233 D	 65.43  
 234 S	 24.63  
 235 P	 55.67  
 236 D	 78.60  
 237 G	 30.32  
 238 P	 38.21  
 239 T	 45.39  
 240 D	 53.40  
 241 R	 33.64  
 242 F	 10.06  
 243 S	 39.41  
 244 R	 38.40  
 245 E	 66.78  
 246 E	 51.37  
 247 L	 7.50  
 248 E	 50.74  
 249 W	 17.24  
 250 Q	 23.11  
 251 N	 48.30  
 252 R	 19.83  
 253 F	 9.51  
 254 S	 35.73  
 255 D	 53.55  
 256 Y	 23.35  
 257 E	 51.91  
 258 K	 63.64  
 259 R	 35.48  
 260 K	 75.47  
 261 E	 60.51  
 262 Q	 39.22  
 263 K	 46.69  
 264 M	 6.13  
 265 L	 7.27  
 266 E	 52.69  
 267 K	 49.72  
 268 L	 7.14  
 269 E	 57.43  
 270 F	 14.87  
 271 E	 27.76  
 272 R	 54.53  
 273 R	 25.89  
 274 L	 8.80  
 275 E	 49.39  
 276 L	 9.30  
 277 G	 18.34  
 278 Q	 61.28  
 279 R	 35.55  
 280 E	 43.32  
 281 H	 22.54  
 282 T	 19.03  
 283 Q	 41.92  
 284 L	 4.98  
 285 L	 2.90  
 286 Q	 50.10  
 287 Q	 45.29  
 288 S	 20.99  
 289 S	 32.24  
 290 S	 46.63  
 291 Q	 60.20  
 292 K	 60.31  
 293 D	 40.30  
 294 E	 53.27  
 295 I	 5.04  
 296 L	 3.08  
 297 Q	 50.32  
 298 T	 30.05  
 299 V	 4.78  
 300 K	 59.94  
 301 E	 57.86  
 302 E	 48.41  
 303 Q	 34.64  
 304 S	 41.95  
 305 R	 41.77  
 306 L	 7.54  
 307 E	 41.30  
 308 Q	 63.82  
 309 G	 23.07  
 310 L	 5.62  
 311 S	 39.60  
 312 E	 49.43  
 313 H	 26.97  
 314 Q	 30.36  
 315 R	 37.86  
 316 H	 19.50  
 317 L	 7.66  
 318 N	 33.36  
 319 A	 21.51  
 320 E	 48.55  
 321 R	 25.22  
 322 Q	 41.77  
 323 R	 44.55  
 324 L	 5.07  
 325 Q	 38.28  
 326 E	 63.57  
 327 Q	 40.79  
 328 L	 4.34  
 329 K	 55.67  
 330 Q	 59.88  
 331 T	 37.64  
 332 E	 38.85  
 333 Q	 56.81  
 334 N	 29.85  
 335 I	 3.85  
 336 S	 22.55  
 337 S	 29.61  
 338 R	 28.68  
 339 I	 4.59  
 340 Q	 29.27  
 341 K	 49.12  
 342 L	 2.73  
 343 L	 8.50  
 344 Q	 59.03  
 345 D	 53.88  
 346 N	 26.44  
 347 Q	 58.43  
 348 R	 57.45  
 349 Q	 48.00  
 350 K	 57.73  
 351 K	 51.37  
 352 S	 39.99  
 353 S	 37.22  
 354 E	 60.47  
 355 I	 6.75  
 356 L	 2.43  
 357 K	 59.67  
 358 S	 37.15  
 359 L	 8.61  
 360 E	 65.22  
 361 N	 49.49  
 362 E	 39.86  
 363 R	 33.13  
 364 I	 3.92  
 365 R	 28.89  
 366 M	 3.42  
 367 E	 30.62  
 368 Q	 32.87  
 369 L	 1.53  
 370 M	 2.45  
 371 S	 30.95  
 372 I	 2.61  
 373 T	 23.71  
 374 Q	 44.87  
 375 E	 59.23  
 376 E	 48.32  
 377 T	 30.07  
 378 E	 51.56  
 379 S	 34.30  
 380 L	 3.93  
 381 R	 40.65  
 382 R	 44.43  
 383 R	 36.00  
 384 D	 38.22  
 385 V	 4.26  
 386 A	 8.89  
 387 S	 24.91  
 388 A	 7.06  
 389 M	 2.35  
 390 Q	 25.83  
 391 Q	 18.77  
 392 M	 2.55  
 393 L	 4.11  
 394 T	 22.10  
 395 E	 50.61  
 396 S	 25.75  
 397 C	 3.54  
 398 K	 55.15  
 399 N	 48.60  
 400 R	 20.75  
 401 L	 4.45  
 402 I	 2.07  
 403 Q	 18.29  
 404 M	 3.21  
 405 A	 6.64  
 406 Y	 15.69  
 407 E	 30.75  
 408 S	 20.27  
 409 Q	 38.75  
 410 R	 36.31  
 411 Q	 39.72  
 412 N	 44.35  
 413 L	 2.52  
 414 V	 5.34  
 415 Q	 28.46  
 416 Q	 36.54  
 417 A	 4.32  
 418 C	 2.41  
 419 S	 26.60  
 420 S	 23.15  
 421 M	 1.79  
 422 A	 15.77  
 423 E	 38.23  
 424 M	 4.75  
 425 D	 35.11  
 426 E	 54.83  
 427 R	 30.34  
 428 F	 6.20  
 429 Q	 35.31  
 430 Q	 35.56  
 431 I	 1.98  
 432 L	 3.56  
 433 S	 25.19  
 434 W	 6.75  
 435 Q	 25.91  
 436 Q	 31.03  
 437 M	 3.24  
 438 D	 44.56  
 439 Q	 48.24  
 440 N	 31.31  
 441 K	 41.27  
 442 A	 17.76  
 443 I	 3.12  
 444 S	 18.94  
 445 Q	 34.01  
 446 I	 3.24  
 447 L	 3.42  
 448 Q	 44.20  
 449 E	 36.70  
 450 S	 18.97  
 451 A	 12.04  
 452 M	 6.13  
 453 Q	 31.77  
 454 K	 28.70  
 455 A	 10.65  
 456 A	 15.17  
 457 F	 7.25  
 458 E	 43.68  
 459 A	 9.24  
 460 L	 4.78  
 461 Q	 52.62  
 462 V	 9.65  
 463 K	 27.84  
 464 K	 58.18  
 465 D	 43.43  
 466 L	 4.23  
 467 M	 3.34  
 468 H	 26.28  
 469 R	 21.47  
 470 Q	 22.29  
 471 I	 4.64  
 472 R	 17.73  
 473 S	 37.58  
 474 Q	 27.30  
 475 I	 4.06  
 476 K	 35.46  
 477 L	 4.58  
 478 I	 5.38  
 479 E	 46.82  
 480 T	 25.57  
 481 E	 34.39  
 482 L	 4.88  
 483 L	 2.97  
 484 Q	 55.90  
 485 L	 3.12  
 486 T	 20.39  
 487 Q	 41.34  
 488 L	 7.58  
 489 E	 42.29  
 490 L	 9.88  
 491 K	 48.70  
 492 R	 46.55  
 493 K	 54.50  
 494 S	 35.19  
 495 L	 12.09  
 496 D	 56.36  
 497 T	 32.54  
 498 E	 49.47  
 499 S	 37.13  
 500 L	 3.99  
 501 Q	 47.71  
 502 E	 43.72  
 503 M	 2.35  
 504 I	 3.95  
 505 S	 26.77  
 506 E	 32.99  
 507 Q	 39.15  
 508 R	 19.31  
 509 W	 10.97  
 510 A	 10.35  
 511 L	 2.58  
 512 S	 15.93  
 513 S	 33.67  
 514 L	 4.50  
 515 L	 3.09  
 516 Q	 36.85  
 517 Q	 49.05  
 518 L	 4.81  
 519 L	 6.14  
 520 K	 72.03  
 521 E	 56.94  
 522 K	 50.58  
 523 Q	 48.97  
 524 Q	 66.86  
 525 R	 51.29  
 526 E	 52.03  
 527 E	 65.60  
 528 E	 48.66  
 529 L	 7.24  
 530 R	 31.99  
 531 E	 55.78  
 532 I	 4.69  
 533 L	 2.33  
 534 T	 44.15  
 535 E	 40.96  
 536 L	 6.99  
 537 E	 48.06  
 538 A	 33.04  
 539 K	 39.18  
 540 S	 51.77  
 541 E	 47.50  
 542 T	 44.75  
 543 R	 37.45  
 544 Q	 51.19  
 545 E	 49.34  
 546 N	 25.58  
 547 Y	 10.80  
 548 W	 9.89  
 549 L	 0.92  
 550 I	 1.91  
 551 Q	 26.57  
 552 Y	 6.65  
 553 Q	 17.11  
 554 R	 35.89  
 555 L	 2.88  
 556 L	 7.51  
 557 N	 53.04  
 558 Q	 49.03  
 559 K	 47.02  
 560 P	 19.88  
 561 L	 13.93  
 562 S	 31.80  
 563 L	 9.40  
 564 K	 44.76  
 565 L	 10.58  
 566 Q	 45.14  
 567 E	 67.94  
 568 E	 51.37  
 569 G	 23.62  
 570 M	 4.31  
 571 E	 48.40  
 572 R	 26.66  
 573 Q	 27.29  
 574 L	 2.81  
 575 V	 2.39  
 576 A	 18.28  
 577 L	 4.88  
 578 L	 3.29  
 579 E	 58.71  
 580 E	 48.25  
 581 L	 4.25  
 582 S	 34.59  
 583 A	 21.88  
 584 E	 29.68  
 585 H	 29.19  
 586 Y	 12.99  
 587 L	 2.57  
 588 P	 16.69  
 589 I	 4.38  
 590 F	 5.10  
 591 A	 9.78  
 592 H	 8.89  
 593 H	 29.02  
 594 R	 18.99  
 595 L	 5.32  
 596 S	 21.57  
 597 L	 6.78  
 598 D	 42.03  
 599 L	 6.34  
 600 L	 3.14  
 601 S	 31.00  
 602 Q	 36.02  
 603 M	 4.73  
 604 S	 20.35  
 605 P	 34.67  
 606 G	 34.95  
 607 D	 47.00  
 608 L	 6.52  
 609 A	 14.82  
 610 K	 46.98  
 611 V	 8.34  
 612 G	 19.27  
 613 V	 5.38  
 614 S	 18.79  
 615 E	 44.33  
 616 A	 19.25  
 617 G	 23.09  
 618 L	 6.39  
 619 Q	 31.11  
 620 H	 29.16  
 621 E	 30.66  
 622 I	 3.21  
 623 L	 2.32  
 624 R	 42.24  
 625 R	 30.90  
 626 V	 4.13  
 627 Q	 33.53  
 628 E	 48.74  
 629 L	 2.68  
 630 L	 4.07  
 631 D	 51.29  
 632 A	 9.90  
 633 A	 14.58  
 634 R	 29.78  
 635 I	 7.41  
 636 Q	 21.62  
 637 P	 46.66  
 638 E	 53.72  
 639 L	 14.89  
 640 K	 45.47  
 641 P	 36.41  
 642 P	 41.65  
 643 M	 10.96  
 644 G	 30.26  
 645 E	 27.80  
 646 V	 4.87  
 647 V	 4.64  
 648 T	 21.79  
 649 P	 18.23  
 650 T	 41.42  
 651 A	 12.65  
 652 P	 41.36  
 653 Q	 73.66  
 654 E	 62.86  
 655 P	 32.48  
 656 P	 45.82  
 657 E	 73.00  
 658 S	 29.24  
 659 V	 11.28  
 660 R	 28.83  
 661 P	 32.46  
 662 S	 42.73  
 663 A	 19.44  
 664 P	 32.73  
 665 P	 37.78  
 666 A	 32.71  
 667 E	 51.76  
 668 L	 9.44  
 669 E	 24.88  
 670 V	 10.09  
 671 Q	 29.78  
 672 A	 16.69  
 673 S	 17.90  
 674 E	 34.05  
 675 C	 2.29  
 676 V	 2.75  
 677 V	 4.69  
 678 C	 1.30  
 679 L	 4.73  
 680 E	 43.26  
 681 R	 31.44  
 682 E	 33.60  
 683 A	 15.51  
 684 Q	 22.28  
 685 M	 2.77  
 686 I	 2.06  
 687 F	 3.17  
 688 L	 3.43  
 689 N	 20.98  
 690 C	 4.30  
 691 G	 18.39  
 692 H	 16.19  
 693 V	 1.30  
 694 C	 1.27  
 695 C	 1.97  
 696 C	 2.37  
 697 Q	 25.98  
 698 Q	 18.95  
 699 C	 0.68  
 700 C	 3.97  
 701 Q	 47.92  
 702 P	 15.19  
 703 L	 2.67  
 704 R	 40.75  
 705 T	 26.59  
 706 C	 1.64  
 707 P	 33.60  
 708 L	 4.01  
 709 C	 1.91  
 710 R	 44.91  
 711 Q	 45.53  
 712 D	 20.88  
 713 I	 2.38  
 714 A	 9.20  
 715 Q	 45.32  
 716 R	 19.53  
 717 L	 2.31  
 718 R	 29.61  
 719 I	 4.26  
 720 Y	 6.82  
 721 H	 21.13  
 722 S	 22.29  
 723 S	 30.81  
