 1 M	 8.68  
 2 A	 18.39  
 3 E	 51.03  
 4 R	 39.03  
 5 G	 23.08  
 6 G	 27.54  
 7 A	 19.11  
 8 G	 44.88  
 9 G	 38.29  
 10 G	 19.43  
 11 P	 41.12  
 12 G	 41.69  
 13 G	 24.96  
 14 A	 21.26  
 15 G	 44.24  
 16 G	 26.93  
 17 G	 27.90  
 18 S	 34.72  
 19 G	 25.20  
 20 Q	 48.54  
 21 R	 44.78  
 22 G	 22.36  
 23 S	 32.08  
 24 G	 22.92  
 25 V	 4.73  
 26 A	 13.99  
 27 Q	 53.92  
 28 S	 18.22  
 29 P	 25.42  
 30 Q	 73.91  
 31 Q	 56.71  
 32 P	 36.97  
 33 P	 34.69  
 34 P	 51.82  
 35 Q	 60.53  
 36 Q	 49.15  
 37 Q	 37.49  
 38 Q	 39.27  
 39 Q	 54.10  
 40 Q	 47.50  
 41 P	 25.08  
 42 P	 40.89  
 43 Q	 69.44  
 44 Q	 50.00  
 45 P	 41.44  
 46 T	 48.13  
 47 P	 30.61  
 48 P	 46.93  
 49 K	 58.62  
 50 L	 5.42  
 51 A	 11.77  
 52 Q	 56.46  
 53 A	 12.11  
 54 T	 19.63  
 55 S	 31.10  
 56 S	 29.86  
 57 S	 28.24  
 58 S	 39.31  
 59 S	 28.47  
 60 T	 25.08  
 61 S	 20.19  
 62 A	 10.95  
 63 A	 11.88  
 64 A	 13.95  
 65 A	 12.76  
 66 S	 26.48  
 67 S	 29.52  
 68 S	 31.57  
 69 S	 30.20  
 70 S	 39.31  
 71 S	 28.46  
 72 T	 37.66  
 73 S	 22.04  
 74 T	 23.70  
 75 S	 12.43  
 76 M	 3.35  
 77 A	 5.96  
 78 V	 3.09  
 79 A	 5.00  
 80 V	 3.33  
 81 A	 9.84  
 82 S	 27.04  
 83 G	 20.35  
 84 S	 34.80  
 85 A	 20.17  
 86 P	 29.75  
 87 P	 61.15  
 88 G	 54.60  
 89 G	 29.75  
 90 P	 52.28  
 91 G	 40.34  
 92 P	 32.02  
 93 G	 52.59  
 94 R	 40.44  
 95 T	 29.71  
 96 P	 32.95  
 97 A	 19.11  
 98 P	 20.34  
 99 V	 10.28  
 100 Q	 17.62  
 101 M	 3.67  
 102 N	 16.89  
 103 L	 2.30  
 104 Y	 9.29  
 105 A	 14.92  
 106 T	 14.49  
 107 W	 8.74  
 108 E	 30.13  
 109 V	 5.82  
 110 D	 32.98  
 111 R	 43.55  
 112 S	 30.06  
 113 S	 27.45  
 114 S	 29.07  
 115 S	 22.53  
 116 C	 5.44  
 117 V	 3.14  
 118 P	 31.42  
 119 R	 28.15  
 120 L	 2.53  
 121 F	 6.25  
 122 S	 25.65  
 123 L	 5.21  
 124 T	 35.02  
 125 L	 5.81  
 126 K	 38.53  
 127 K	 49.80  
 128 L	 2.33  
 129 V	 6.07  
 130 M	 6.83  
 131 L	 3.11  
 132 K	 32.66  
 133 E	 48.96  
 134 M	 8.09  
 135 D	 42.27  
 136 K	 63.91  
 137 D	 46.98  
 138 L	 6.75  
 139 N	 42.78  
 140 S	 25.67  
 141 V	 3.34  
 142 V	 2.03  
 143 I	 3.23  
 144 A	 4.83  
 145 V	 4.34  
 146 K	 26.52  
 147 L	 5.84  
 148 Q	 48.69  
 149 G	 45.64  
 150 S	 13.05  
 151 K	 50.73  
 152 R	 34.57  
 153 I	 4.27  
 154 L	 5.96  
 155 R	 34.76  
 156 S	 35.06  
 157 N	 36.26  
 158 E	 35.40  
 159 I	 4.51  
 160 V	 4.23  
 161 L	 3.44  
 162 P	 17.31  
 163 A	 16.45  
 164 S	 30.62  
 165 G	 35.53  
 166 L	 2.66  
 167 V	 11.04  
 168 E	 41.42  
 169 T	 34.22  
 170 E	 22.48  
 171 L	 7.07  
 172 Q	 32.02  
 173 L	 9.03  
 174 T	 9.75  
 175 F	 10.50  
 176 S	 14.88  
 177 L	 5.03  
 178 Q	 48.81  
 179 Y	 12.17  
 180 P	 9.97  
 181 H	 35.42  
 182 F	 8.11  
 183 L	 3.96  
 184 K	 47.49  
 185 R	 50.88  
 186 D	 53.56  
 187 A	 21.06  
 188 N	 50.27  
 189 K	 43.41  
 190 L	 4.12  
 191 Q	 22.21  
 192 I	 4.27  
 193 M	 1.36  
 194 L	 3.70  
 195 Q	 26.25  
 196 R	 41.97  
 197 R	 18.16  
 198 K	 63.37  
 199 R	 45.93  
 200 Y	 18.69  
 201 K	 43.94  
 202 N	 37.08  
 203 R	 20.99  
 204 T	 29.92  
 205 I	 2.25  
 206 L	 6.40  
 207 G	 20.31  
 208 Y	 9.43  
 209 K	 34.95  
 210 T	 16.09  
 211 L	 2.96  
 212 A	 9.88  
 213 V	 7.83  
 214 G	 18.42  
 215 L	 1.74  
 216 I	 2.45  
 217 N	 28.75  
 218 M	 2.39  
 219 A	 11.18  
 220 E	 27.96  
 221 V	 3.04  
 222 M	 1.97  
 223 Q	 54.80  
 224 H	 14.73  
 225 P	 24.55  
 226 N	 59.20  
 227 E	 50.74  
 228 G	 30.74  
 229 A	 6.58  
 230 L	 4.86  
 231 V	 3.85  
 232 L	 6.68  
 233 G	 17.54  
 234 L	 3.33  
 235 H	 18.61  
 236 S	 48.65  
 237 N	 33.82  
 238 V	 6.67  
 239 K	 57.57  
 240 D	 33.37  
 241 V	 5.28  
 242 S	 30.73  
 243 V	 4.43  
 244 P	 16.46  
 245 V	 7.56  
 246 A	 13.51  
 247 E	 45.08  
 248 I	 2.07  
 249 K	 27.39  
 250 I	 3.29  
 251 Y	 9.88  
 252 S	 25.83  
 253 L	 2.99  
 254 S	 22.46  
 255 S	 45.31  
 256 Q	 35.28  
 257 P	 35.60  
 258 I	 7.00  
 259 D	 40.23  
 260 H	 35.58  
 261 E	 59.89  
 262 G	 29.24  
 263 I	 4.08  
 264 K	 53.01  
 265 S	 36.59  
 266 K	 47.19  
 267 L	 9.21  
 268 S	 34.41  
 269 D	 66.56  
 270 R	 46.87  
 271 S	 31.73  
 272 P	 43.39  
 273 D	 63.22  
 274 I	 4.14  
 275 D	 56.23  
 276 N	 42.43  
 277 Y	 17.45  
 278 S	 44.80  
 279 E	 60.10  
 280 E	 65.84  
 281 E	 64.11  
 282 E	 63.32  
 283 E	 61.43  
 284 S	 33.44  
 285 F	 12.02  
 286 S	 42.09  
 287 S	 41.09  
 288 E	 51.99  
 289 Q	 63.40  
 290 E	 57.52  
 291 G	 35.75  
 292 S	 37.78  
 293 D	 72.85  
 294 D	 49.73  
 295 P	 31.11  
 296 L	 10.23  
 297 H	 36.94  
 298 G	 30.31  
 299 Q	 33.22  
 300 D	 43.25  
 301 L	 3.65  
 302 F	 9.38  
 303 Y	 29.75  
 304 E	 47.81  
 305 D	 43.24  
 306 E	 47.18  
 307 D	 65.18  
 308 L	 5.55  
 309 R	 54.78  
 310 K	 66.75  
 311 V	 6.59  
 312 K	 52.00  
 313 K	 50.69  
 314 T	 29.95  
 315 R	 42.49  
 316 R	 43.50  
 317 K	 53.47  
 318 L	 4.31  
 319 T	 32.75  
 320 S	 30.70  
 321 T	 19.55  
 322 S	 19.90  
 323 A	 13.78  
 324 I	 3.06  
 325 T	 23.98  
 326 R	 43.79  
 327 Q	 27.09  
 328 P	 41.02  
 329 N	 45.83  
 330 I	 6.77  
 331 K	 54.82  
 332 Q	 40.39  
 333 K	 36.48  
 334 F	 3.44  
 335 V	 4.77  
 336 A	 15.43  
 337 L	 4.94  
 338 L	 2.42  
 339 K	 57.55  
 340 R	 36.27  
 341 F	 9.78  
 342 K	 44.88  
 343 V	 8.84  
 344 S	 28.75  
 345 D	 58.55  
 346 E	 36.71  
 347 V	 10.38  
 348 G	 14.62  
 349 F	 14.08  
 350 G	 24.99  
 351 L	 3.72  
 352 E	 42.49  
 353 H	 28.09  
 354 V	 4.16  
 355 S	 31.82  
 356 R	 38.46  
 357 E	 42.74  
 358 Q	 38.64  
 359 I	 3.30  
 360 R	 41.42  
 361 E	 56.78  
 362 V	 7.58  
 363 E	 40.83  
 364 E	 69.88  
 365 D	 46.01  
 366 L	 6.62  
 367 D	 57.06  
 368 E	 57.43  
 369 L	 6.01  
 370 Y	 11.05  
 371 D	 60.41  
 372 S	 16.81  
 373 L	 3.91  
 374 E	 43.50  
 375 M	 4.80  
 376 Y	 17.97  
 377 N	 28.43  
 378 P	 23.25  
 379 S	 40.55  
 380 D	 59.89  
 381 S	 61.66  
 382 G	 27.46  
 383 P	 41.53  
 384 E	 63.85  
 385 M	 6.75  
 386 E	 61.17  
 387 E	 57.47  
 388 T	 23.02  
 389 E	 38.78  
 390 S	 35.93  
 391 I	 2.61  
 392 L	 6.94  
 393 S	 40.78  
 394 T	 31.70  
 395 P	 47.80  
 396 K	 55.67  
 397 P	 48.71  
 398 K	 75.23  
 399 L	 13.29  
 400 K	 46.00  
 401 P	 49.98  
 402 F	 9.23  
 403 F	 12.30  
 404 E	 55.13  
 405 G	 18.84  
 406 M	 2.31  
 407 S	 37.45  
 408 Q	 38.14  
 409 S	 25.34  
 410 S	 20.87  
 411 S	 46.50  
 412 Q	 45.13  
 413 T	 31.36  
 414 E	 37.40  
 415 I	 5.29  
 416 G	 21.61  
 417 S	 30.00  
 418 L	 7.66  
 419 N	 43.29  
 420 S	 43.62  
 421 K	 51.99  
 422 G	 28.11  
 423 S	 37.37  
 424 L	 15.67  
 425 G	 27.73  
 426 K	 58.14  
 427 D	 54.11  
 428 T	 32.43  
 429 T	 40.75  
 430 S	 25.09  
 431 P	 20.41  
 432 M	 7.07  
 433 E	 38.34  
 434 L	 2.48  
 435 A	 9.19  
 436 A	 28.95  
 437 L	 5.99  
 438 E	 48.27  
 439 K	 57.17  
 440 I	 2.88  
 441 K	 53.56  
 442 S	 32.23  
 443 T	 26.63  
 444 W	 13.47  
 445 I	 2.81  
 446 K	 39.87  
 447 N	 41.18  
 448 Q	 51.38  
 449 D	 57.78  
 450 D	 35.46  
 451 S	 45.54  
 452 L	 6.89  
 453 T	 40.57  
 454 E	 50.40  
 455 T	 29.11  
 456 D	 42.96  
 457 T	 33.44  
 458 L	 5.08  
 459 E	 46.03  
 460 I	 6.06  
 461 T	 20.45  
 462 D	 48.41  
 463 Q	 35.10  
 464 D	 36.87  
 465 M	 3.17  
 466 F	 12.32  
 467 G	 23.96  
 468 D	 26.53  
 469 A	 18.32  
 470 S	 24.22  
 471 T	 28.00  
 472 S	 19.37  
 473 L	 4.57  
 474 V	 7.27  
 475 V	 6.51  
 476 P	 28.36  
 477 E	 59.89  
 478 K	 42.85  
 479 V	 8.77  
 480 K	 58.96  
 481 T	 31.44  
 482 P	 23.61  
 483 M	 8.77  
 484 K	 53.43  
 485 S	 30.71  
 486 S	 33.77  
 487 K	 53.82  
 488 T	 43.84  
 489 D	 40.51  
 490 L	 8.22  
 491 Q	 46.75  
 492 G	 32.26  
 493 S	 16.77  
 494 A	 32.08  
 495 S	 31.25  
 496 P	 37.57  
 497 S	 47.00  
 498 K	 47.92  
 499 V	 10.19  
 500 E	 60.27  
 501 G	 21.35  
 502 V	 2.62  
 503 H	 40.80  
 504 T	 20.12  
 505 P	 23.10  
 506 R	 56.67  
 507 Q	 46.87  
 508 K	 49.98  
 509 R	 37.11  
 510 S	 41.22  
 511 T	 36.35  
 512 P	 42.56  
 513 L	 10.23  
 514 K	 52.64  
 515 E	 54.03  
 516 R	 40.95  
 517 Q	 51.70  
 518 L	 9.96  
 519 S	 24.72  
 520 K	 59.58  
 521 P	 37.43  
 522 L	 10.77  
 523 S	 33.29  
 524 E	 71.81  
 525 R	 35.51  
 526 T	 35.09  
 527 N	 45.82  
 528 S	 34.60  
 529 S	 47.42  
 530 D	 55.10  
 531 S	 36.54  
 532 E	 63.27  
 533 R	 58.40  
 534 S	 20.79  
 535 P	 47.25  
 536 D	 67.54  
 537 L	 8.26  
 538 G	 21.78  
 539 H	 34.66  
 540 S	 21.87  
 541 T	 25.50  
 542 Q	 46.86  
 543 I	 3.45  
 544 P	 21.88  
 545 R	 46.13  
 546 K	 30.60  
 547 V	 5.21  
 548 V	 4.97  
 549 Y	 10.85  
 550 D	 34.58  
 551 Q	 25.32  
 552 L	 4.68  
 553 N	 22.63  
 554 Q	 38.70  
 555 I	 3.90  
 556 L	 1.86  
 557 V	 5.34  
 558 S	 20.34  
 559 D	 28.51  
 560 A	 11.91  
 561 A	 28.74  
 562 L	 6.15  
 563 P	 26.79  
 564 E	 66.05  
 565 N	 24.96  
 566 V	 3.23  
 567 I	 5.54  
 568 L	 1.80  
 569 V	 4.04  
 570 N	 33.54  
 571 T	 20.74  
 572 T	 30.00  
 573 D	 33.39  
 574 W	 11.34  
 575 Q	 31.74  
 576 G	 19.28  
 577 Q	 17.90  
 578 Y	 14.41  
 579 V	 2.28  
 580 A	 9.22  
 581 E	 39.71  
 582 L	 3.62  
 583 L	 3.87  
 584 Q	 58.37  
 585 D	 50.66  
 586 Q	 42.19  
 587 R	 54.24  
 588 K	 36.21  
 589 P	 26.43  
 590 V	 6.56  
 591 V	 2.80  
 592 C	 3.02  
 593 T	 9.62  
 594 C	 2.44  
 595 S	 19.82  
 596 T	 23.88  
 597 V	 3.79  
 598 E	 29.06  
 599 V	 3.73  
 600 Q	 16.55  
 601 A	 14.92  
 602 V	 2.13  
 603 L	 2.51  
 604 S	 15.40  
 605 A	 11.48  
 606 L	 4.51  
 607 L	 2.79  
 608 T	 26.95  
 609 R	 24.02  
 610 I	 2.00  
 611 Q	 27.31  
 612 R	 35.28  
 613 Y	 3.31  
 614 C	 5.22  
 615 N	 21.04  
 616 C	 4.70  
 617 N	 24.11  
 618 S	 30.16  
 619 S	 20.86  
 620 M	 3.07  
 621 P	 39.10  
 622 R	 39.75  
 623 P	 25.14  
 624 V	 9.10  
 625 K	 28.92  
 626 V	 4.15  
 627 A	 7.24  
 628 A	 11.95  
 629 V	 6.80  
 630 G	 24.56  
 631 G	 13.48  
 632 Q	 23.99  
 633 S	 31.17  
 634 Y	 11.60  
 635 L	 3.81  
 636 S	 13.70  
 637 S	 24.05  
 638 I	 2.62  
 639 L	 4.17  
 640 R	 22.68  
 641 F	 8.07  
 642 F	 5.67  
 643 V	 3.65  
 644 K	 34.30  
 645 S	 27.67  
 646 L	 5.15  
 647 A	 23.67  
 648 N	 54.13  
 649 K	 43.74  
 650 T	 31.55  
 651 S	 28.53  
 652 D	 50.26  
 653 W	 7.46  
 654 L	 4.17  
 655 G	 15.22  
 656 Y	 5.28  
 657 M	 2.01  
 658 R	 18.09  
 659 F	 3.07  
 660 L	 2.15  
 661 I	 2.54  
 662 I	 2.21  
 663 P	 24.55  
 664 L	 8.50  
 665 G	 20.67  
 666 S	 32.09  
 667 H	 21.03  
 668 P	 29.47  
 669 V	 6.33  
 670 A	 10.14  
 671 K	 41.04  
 672 Y	 13.42  
 673 L	 3.98  
 674 G	 23.64  
 675 S	 21.84  
 676 V	 10.26  
 677 D	 40.90  
 678 S	 31.19  
 679 K	 44.69  
 680 Y	 20.10  
 681 S	 24.20  
 682 S	 23.24  
 683 S	 24.72  
 684 F	 10.70  
 685 L	 5.75  
 686 D	 42.99  
 687 S	 42.26  
 688 G	 24.09  
 689 W	 8.45  
 690 R	 33.99  
 691 D	 45.62  
 692 L	 2.93  
 693 F	 7.17  
 694 S	 42.04  
 695 R	 37.39  
 696 S	 53.94  
 697 E	 53.14  
 698 P	 35.52  
 699 P	 37.91  
 700 V	 16.79  
 701 S	 25.96  
 702 E	 56.23  
 703 Q	 35.14  
 704 L	 5.12  
 705 D	 28.10  
 706 V	 9.16  
 707 A	 10.35  
 708 G	 23.67  
 709 R	 15.82  
 710 V	 2.47  
 711 M	 1.99  
 712 Q	 35.84  
 713 Y	 4.27  
 714 V	 2.76  
 715 N	 29.47  
 716 G	 13.42  
 717 A	 9.09  
 718 A	 17.90  
 719 T	 25.03  
 720 T	 11.69  
 721 H	 23.87  
 722 Q	 45.42  
 723 L	 2.60  
 724 P	 19.39  
 725 V	 11.62  
 726 A	 9.26  
 727 E	 34.54  
 728 A	 6.64  
 729 M	 2.10  
 730 L	 5.43  
 731 T	 8.39  
 732 C	 3.65  
 733 R	 30.69  
 734 H	 37.95  
 735 K	 38.96  
 736 F	 8.23  
 737 P	 49.21  
 738 D	 75.39  
 739 E	 49.44  
 740 D	 61.09  
 741 S	 27.67  
 742 Y	 28.22  
 743 Q	 37.83  
 744 K	 36.71  
 745 F	 5.17  
 746 I	 3.33  
 747 P	 20.24  
 748 F	 6.93  
 749 I	 3.25  
 750 G	 20.67  
 751 V	 3.01  
 752 V	 3.33  
 753 K	 28.33  
 754 V	 4.91  
 755 G	 20.49  
 756 L	 4.22  
 757 V	 6.72  
 758 E	 58.79  
 759 D	 59.37  
 760 S	 13.77  
 761 P	 48.28  
 762 S	 34.54  
 763 T	 37.74  
 764 A	 20.58  
 765 G	 39.25  
 766 D	 55.68  
 767 G	 39.44  
 768 D	 58.93  
 769 D	 61.44  
 770 S	 25.08  
 771 P	 37.21  
 772 V	 5.45  
 773 V	 4.39  
 774 S	 20.68  
 775 L	 3.65  
 776 T	 23.90  
 777 V	 4.23  
 778 P	 27.01  
 779 S	 36.86  
 780 T	 38.90  
 781 S	 38.87  
 782 P	 32.64  
 783 P	 46.76  
 784 S	 40.29  
 785 S	 33.91  
 786 S	 48.36  
 787 G	 29.62  
 788 L	 4.02  
 789 S	 31.47  
 790 R	 42.50  
 791 D	 44.91  
 792 A	 9.68  
 793 T	 35.04  
 794 A	 21.60  
 795 T	 31.23  
 796 P	 25.06  
 797 P	 42.98  
 798 S	 56.96  
 799 S	 27.11  
 800 P	 38.09  
 801 S	 32.99  
 802 M	 4.10  
 803 S	 19.45  
 804 S	 20.75  
 805 A	 8.16  
 806 L	 3.45  
 807 A	 8.30  
 808 I	 3.61  
 809 V	 5.30  
 810 G	 31.13  
 811 S	 15.26  
 812 P	 39.11  
 813 N	 58.26  
 814 S	 23.92  
 815 P	 43.71  
 816 Y	 26.27  
 817 G	 26.54  
 818 D	 24.02  
 819 V	 3.04  
 820 I	 5.62  
 821 G	 15.20  
 822 L	 2.85  
 823 Q	 22.33  
 824 V	 7.98  
 825 D	 18.87  
 826 Y	 12.04  
 827 W	 7.45  
 828 L	 3.53  
 829 G	 15.70  
 830 H	 25.64  
 831 P	 44.54  
 832 G	 35.05  
 833 E	 47.68  
 834 R	 49.20  
 835 R	 36.38  
 836 R	 59.47  
 837 E	 70.68  
 838 G	 43.88  
 839 D	 37.76  
 840 K	 64.13  
 841 R	 49.85  
 842 D	 57.45  
 843 A	 21.53  
 844 S	 46.24  
 845 S	 31.48  
 846 K	 52.00  
 847 N	 53.22  
 848 T	 39.02  
 849 L	 5.64  
 850 K	 42.40  
 851 S	 29.60  
 852 V	 4.40  
 853 F	 6.60  
 854 R	 33.49  
 855 S	 12.87  
 856 V	 5.93  
 857 Q	 28.81  
 858 V	 3.18  
 859 S	 15.82  
 860 R	 54.07  
 861 L	 3.31  
 862 P	 20.63  
 863 H	 53.69  
 864 S	 36.07  
 865 G	 31.09  
 866 E	 35.94  
 867 A	 21.09  
 868 Q	 31.68  
 869 L	 7.03  
 870 S	 21.82  
 871 G	 28.27  
 872 T	 9.81  
 873 M	 2.47  
 874 A	 7.13  
 875 M	 1.71  
 876 T	 11.42  
 877 V	 3.10  
 878 V	 4.68  
 879 T	 29.20  
 880 K	 55.89  
 881 E	 53.12  
 882 K	 75.51  
 883 N	 50.93  
 884 K	 67.24  
 885 K	 63.94  
 886 V	 5.58  
 887 P	 28.76  
 888 T	 27.61  
 889 I	 2.40  
 890 F	 7.48  
 891 L	 6.92  
 892 S	 28.08  
 893 K	 69.78  
 894 K	 46.03  
 895 P	 54.09  
 896 R	 76.21  
 897 E	 63.19  
 898 K	 65.40  
 899 E	 46.97  
 900 V	 17.42  
 901 D	 51.98  
 902 S	 39.11  
 903 K	 40.21  
 904 S	 33.36  
 905 Q	 43.90  
 906 V	 5.77  
 907 I	 2.88  
 908 E	 52.17  
 909 G	 16.43  
 910 I	 1.09  
 911 S	 31.71  
 912 R	 26.59  
 913 L	 3.55  
 914 I	 1.37  
 915 C	 3.71  
 916 S	 31.35  
 917 A	 14.84  
 918 K	 32.14  
 919 Q	 40.09  
 920 Q	 39.75  
 921 Q	 26.78  
 922 T	 17.52  
 923 M	 1.63  
 924 L	 5.77  
 925 R	 14.87  
 926 V	 5.32  
 927 S	 14.45  
 928 I	 4.97  
 929 D	 47.80  
 930 G	 19.99  
 931 V	 6.38  
 932 E	 46.95  
 933 W	 10.01  
 934 S	 18.89  
 935 D	 49.52  
 936 I	 3.32  
 937 K	 45.15  
 938 F	 4.88  
 939 F	 5.03  
 940 Q	 33.07  
 941 L	 3.44  
 942 A	 6.19  
 943 A	 22.14  
 944 Q	 40.86  
 945 W	 8.60  
 946 P	 10.68  
 947 T	 36.02  
 948 H	 23.66  
 949 V	 5.92  
 950 K	 31.74  
 951 H	 31.02  
 952 F	 4.31  
 953 P	 20.98  
 954 V	 11.55  
 955 G	 22.65  
 956 L	 2.92  
 957 F	 6.81  
 958 S	 47.39  
 959 G	 26.32  
 960 S	 20.23  
 961 K	 60.62  
 962 A	 21.90  
 963 T	 42.77  
