 1 M	 6.40  
 2 L	 10.45  
 3 S	 47.47  
 4 G	 31.36  
 5 K	 35.54  
 6 K	 46.94  
 7 A	 13.06  
 8 A	 13.40  
 9 A	 11.51  
 10 A	 7.91  
 11 A	 7.91  
 12 A	 7.91  
 13 A	 7.91  
 14 A	 7.91  
 15 A	 7.91  
 16 A	 7.91  
 17 A	 7.91  
 18 A	 7.97  
 19 A	 11.16  
 20 A	 22.25  
 21 G	 21.25  
 22 T	 20.24  
 23 E	 50.55  
 24 A	 19.79  
 25 G	 22.00  
 26 S	 32.10  
 27 G	 20.66  
 28 A	 12.48  
 29 A	 22.07  
 30 G	 35.00  
 31 G	 25.62  
 32 A	 13.23  
 33 E	 66.45  
 34 N	 59.77  
 35 G	 19.38  
 36 S	 40.24  
 37 E	 37.26  
 38 V	 6.19  
 39 A	 15.36  
 40 A	 18.78  
 41 P	 14.99  
 42 P	 33.94  
 43 A	 25.27  
 44 G	 29.55  
 45 L	 5.63  
 46 T	 39.95  
 47 G	 28.31  
 48 P	 21.71  
 49 T	 39.49  
 50 D	 28.05  
 51 M	 3.86  
 52 A	 12.99  
 53 T	 22.25  
 54 G	 12.14  
 55 A	 14.13  
 56 A	 23.02  
 57 G	 25.12  
 58 E	 48.97  
 59 R	 49.46  
 60 T	 24.12  
 61 P	 52.92  
 62 R	 63.16  
 63 K	 63.79  
 64 K	 76.39  
 65 E	 64.67  
 66 P	 32.34  
 67 P	 45.63  
 68 R	 59.41  
 69 A	 31.96  
 70 S	 32.67  
 71 P	 30.48  
 72 P	 47.17  
 73 G	 47.32  
 74 G	 27.73  
 75 L	 6.38  
 76 A	 30.44  
 77 E	 58.01  
 78 P	 32.70  
 79 P	 40.66  
 80 G	 40.62  
 81 S	 35.51  
 82 A	 39.33  
 83 G	 19.29  
 84 P	 22.14  
 85 Q	 59.02  
 86 A	 29.12  
 87 G	 18.16  
 88 P	 23.30  
 89 T	 43.24  
 90 A	 25.89  
 91 G	 29.58  
 92 P	 30.97  
 93 G	 29.06  
 94 S	 31.91  
 95 A	 22.95  
 96 T	 25.51  
 97 P	 20.52  
 98 M	 6.64  
 99 E	 45.12  
 100 T	 27.86  
 101 G	 12.10  
 102 I	 4.01  
 103 A	 18.89  
 104 E	 64.08  
 105 T	 20.02  
 106 P	 33.28  
 107 E	 73.14  
 108 G	 26.10  
 109 R	 36.72  
 110 R	 48.16  
 111 T	 25.81  
 112 S	 28.42  
 113 R	 47.75  
 114 R	 32.36  
 115 K	 56.44  
 116 R	 37.52  
 117 A	 24.23  
 118 K	 39.36  
 119 V	 8.35  
 120 E	 37.86  
 121 Y	 18.17  
 122 R	 21.18  
 123 E	 50.51  
 124 M	 5.25  
 125 D	 37.26  
 126 E	 46.47  
 127 S	 28.63  
 128 L	 3.26  
 129 A	 24.97  
 130 N	 49.76  
 131 L	 5.02  
 132 S	 42.69  
 133 E	 59.01  
 134 D	 45.91  
 135 E	 42.17  
 136 Y	 25.31  
 137 Y	 13.93  
 138 S	 37.32  
 139 E	 47.99  
 140 E	 57.21  
 141 E	 47.38  
 142 R	 52.24  
 143 N	 49.42  
 144 A	 20.75  
 145 K	 61.70  
 146 A	 30.59  
 147 E	 62.13  
 148 K	 78.63  
 149 E	 47.10  
 150 K	 71.34  
 151 K	 68.28  
 152 L	 13.10  
 153 P	 48.51  
 154 P	 65.55  
 155 P	 51.79  
 156 P	 39.13  
 157 P	 49.06  
 158 Q	 72.74  
 159 A	 27.65  
 160 P	 31.43  
 161 P	 65.72  
 162 E	 76.51  
 163 E	 72.41  
 164 E	 65.71  
 165 N	 62.46  
 166 E	 60.81  
 167 S	 70.77  
 168 E	 51.02  
 169 P	 61.60  
 170 E	 77.74  
 171 E	 56.32  
 172 P	 34.42  
 173 S	 59.77  
 174 G	 32.01  
 175 V	 7.81  
 176 E	 46.79  
 177 G	 21.57  
 178 A	 7.50  
 179 A	 17.54  
 180 F	 7.22  
 181 Q	 23.94  
 182 S	 29.36  
 183 R	 41.26  
 184 L	 5.52  
 185 P	 26.65  
 186 H	 39.64  
 187 D	 39.86  
 188 R	 27.52  
 189 M	 5.42  
 190 T	 28.31  
 191 S	 19.38  
 192 Q	 34.87  
 193 E	 37.69  
 194 A	 11.24  
 195 A	 8.50  
 196 C	 7.01  
 197 F	 5.37  
 198 P	 31.60  
 199 D	 30.51  
 200 I	 2.48  
 201 I	 5.19  
 202 S	 44.76  
 203 G	 17.39  
 204 P	 19.13  
 205 Q	 63.58  
 206 Q	 49.37  
 207 T	 25.72  
 208 Q	 35.26  
 209 K	 38.04  
 210 V	 3.47  
 211 F	 6.25  
 212 L	 3.80  
 213 F	 3.15  
 214 I	 4.08  
 215 R	 21.17  
 216 N	 36.15  
 217 R	 27.28  
 218 T	 23.54  
 219 L	 3.39  
 220 Q	 29.94  
 221 L	 5.73  
 222 W	 6.68  
 223 L	 6.57  
 224 D	 58.78  
 225 N	 37.28  
 226 P	 34.49  
 227 K	 49.71  
 228 I	 4.24  
 229 Q	 40.34  
 230 L	 7.25  
 231 T	 11.76  
 232 F	 9.04  
 233 E	 35.19  
 234 A	 14.93  
 235 T	 20.22  
 236 L	 3.83  
 237 Q	 41.27  
 238 Q	 44.37  
 239 L	 3.80  
 240 E	 43.17  
 241 A	 22.07  
 242 P	 21.33  
 243 Y	 34.05  
 244 N	 32.14  
 245 S	 28.90  
 246 D	 36.88  
 247 T	 18.63  
 248 V	 6.71  
 249 L	 2.66  
 250 V	 2.05  
 251 H	 23.14  
 252 R	 21.99  
 253 V	 1.81  
 254 H	 15.64  
 255 S	 28.67  
 256 Y	 9.56  
 257 L	 5.38  
 258 E	 34.10  
 259 R	 26.95  
 260 H	 26.49  
 261 G	 34.18  
 262 L	 2.06  
 263 I	 4.80  
 264 N	 33.85  
 265 F	 5.09  
 266 G	 20.16  
 267 I	 2.99  
 268 Y	 8.46  
 269 K	 45.81  
 270 R	 25.78  
 271 I	 4.75  
 272 K	 44.53  
 273 P	 40.78  
 274 L	 6.10  
 275 P	 44.90  
 276 I	 10.61  
 277 K	 42.20  
 278 K	 64.33  
 279 T	 36.91  
 280 G	 30.98  
 281 K	 35.18  
 282 V	 3.93  
 283 I	 1.85  
 284 I	 3.06  
 285 I	 2.17  
 286 G	 14.13  
 287 S	 26.13  
 288 G	 16.64  
 289 V	 4.37  
 290 S	 31.45  
 291 G	 19.54  
 292 L	 1.98  
 293 A	 11.55  
 294 A	 14.28  
 295 A	 8.31  
 296 R	 32.77  
 297 Q	 38.84  
 298 L	 3.72  
 299 Q	 28.51  
 300 S	 32.15  
 301 F	 6.40  
 302 G	 19.34  
 303 M	 3.36  
 304 D	 30.54  
 305 V	 2.78  
 306 T	 22.74  
 307 L	 4.01  
 308 L	 3.36  
 309 E	 44.78  
 310 A	 20.74  
 311 R	 23.93  
 312 D	 57.58  
 313 R	 24.35  
 314 V	 12.81  
 315 G	 21.05  
 316 G	 20.31  
 317 R	 14.68  
 318 V	 7.14  
 319 A	 10.32  
 320 T	 22.55  
 321 F	 5.68  
 322 R	 41.43  
 323 K	 47.52  
 324 G	 26.84  
 325 N	 31.01  
 326 Y	 12.99  
 327 V	 3.76  
 328 A	 8.92  
 329 D	 35.27  
 330 L	 3.21  
 331 G	 16.51  
 332 A	 8.56  
 333 M	 2.06  
 334 V	 3.27  
 335 V	 1.95  
 336 T	 18.45  
 337 G	 15.66  
 338 L	 6.07  
 339 G	 34.87  
 340 G	 39.86  
 341 N	 22.75  
 342 P	 18.51  
 343 M	 5.25  
 344 A	 10.38  
 345 V	 3.98  
 346 V	 4.25  
 347 S	 15.69  
 348 K	 46.81  
 349 Q	 25.06  
 350 V	 9.41  
 351 N	 18.73  
 352 M	 4.73  
 353 E	 40.13  
 354 L	 4.01  
 355 A	 9.75  
 356 K	 64.16  
 357 I	 4.80  
 358 K	 42.89  
 359 Q	 56.93  
 360 K	 32.58  
 361 C	 2.32  
 362 P	 45.04  
 363 L	 9.40  
 364 Y	 9.72  
 365 E	 43.26  
 366 A	 16.34  
 367 N	 31.04  
 368 G	 24.71  
 369 Q	 38.71  
 370 A	 22.45  
 371 V	 5.52  
 372 P	 41.95  
 373 K	 71.45  
 374 E	 60.72  
 375 K	 66.18  
 376 D	 50.76  
 377 E	 57.08  
 378 M	 6.03  
 379 V	 6.90  
 380 E	 42.98  
 381 Q	 49.52  
 382 E	 31.23  
 383 F	 6.87  
 384 N	 32.70  
 385 R	 46.07  
 386 L	 5.49  
 387 L	 3.67  
 388 E	 55.27  
 389 A	 11.21  
 390 T	 14.45  
 391 S	 30.99  
 392 Y	 14.10  
 393 L	 3.55  
 394 S	 10.85  
 395 H	 29.63  
 396 Q	 39.07  
 397 L	 7.31  
 398 D	 26.89  
 399 F	 10.41  
 400 N	 36.71  
 401 V	 6.46  
 402 L	 6.49  
 403 N	 50.63  
 404 N	 45.94  
 405 K	 45.80  
 406 P	 24.05  
 407 V	 8.67  
 408 S	 35.00  
 409 L	 6.33  
 410 G	 11.83  
 411 Q	 48.33  
 412 A	 12.14  
 413 L	 3.84  
 414 E	 37.44  
 415 V	 4.83  
 416 V	 1.36  
 417 I	 4.01  
 418 Q	 26.03  
 419 L	 4.95  
 420 Q	 41.12  
 421 E	 54.44  
 422 K	 40.51  
 423 H	 30.98  
 424 V	 14.32  
 425 K	 56.09  
 426 D	 52.52  
 427 E	 47.98  
 428 Q	 57.41  
 429 I	 3.85  
 430 E	 43.31  
 431 H	 43.20  
 432 W	 7.28  
 433 K	 34.23  
 434 K	 47.76  
 435 I	 3.22  
 436 V	 8.24  
 437 K	 48.22  
 438 T	 30.25  
 439 Q	 36.13  
 440 E	 71.21  
 441 E	 56.15  
 442 L	 5.27  
 443 K	 49.98  
 444 E	 71.73  
 445 L	 6.45  
 446 L	 6.41  
 447 N	 42.89  
 448 K	 44.16  
 449 M	 2.05  
 450 V	 8.95  
 451 N	 41.73  
 452 L	 5.29  
 453 K	 52.32  
 454 E	 64.28  
 455 K	 58.45  
 456 I	 4.37  
 457 K	 66.35  
 458 E	 55.76  
 459 L	 3.62  
 460 H	 17.50  
 461 Q	 62.01  
 462 Q	 40.28  
 463 Y	 12.29  
 464 K	 42.33  
 465 E	 53.12  
 466 A	 13.57  
 467 S	 43.97  
 468 E	 62.70  
 469 V	 11.90  
 470 K	 45.30  
 471 P	 34.04  
 472 P	 40.64  
 473 R	 57.39  
 474 D	 48.65  
 475 I	 4.08  
 476 T	 25.15  
 477 A	 13.08  
 478 E	 30.75  
 479 F	 9.85  
 480 L	 3.40  
 481 V	 8.81  
 482 K	 56.80  
 483 S	 26.64  
 484 K	 36.62  
 485 H	 35.26  
 486 R	 44.35  
 487 D	 48.36  
 488 L	 2.81  
 489 T	 23.13  
 490 A	 20.47  
 491 L	 3.45  
 492 C	 2.67  
 493 K	 61.22  
 494 E	 58.16  
 495 Y	 10.54  
 496 D	 45.59  
 497 E	 49.32  
 498 L	 4.82  
 499 A	 18.75  
 500 E	 55.05  
 501 T	 36.69  
 502 Q	 38.23  
 503 G	 43.89  
 504 K	 42.80  
 505 L	 15.26  
 506 E	 57.48  
 507 E	 70.29  
 508 K	 46.20  
 509 L	 5.60  
 510 Q	 65.38  
 511 E	 60.04  
 512 L	 4.93  
 513 E	 45.72  
 514 A	 46.59  
 515 N	 39.37  
 516 P	 36.50  
 517 P	 42.86  
 518 S	 40.75  
 519 D	 38.56  
 520 V	 6.42  
 521 Y	 13.07  
 522 L	 3.63  
 523 S	 12.97  
 524 S	 35.29  
 525 R	 39.49  
 526 D	 49.11  
 527 R	 25.08  
 528 Q	 44.90  
 529 I	 3.82  
 530 L	 4.40  
 531 D	 38.13  
 532 W	 5.76  
 533 H	 16.17  
 534 F	 4.14  
 535 A	 13.55  
 536 N	 38.88  
 537 L	 5.27  
 538 E	 42.39  
 539 F	 7.77  
 540 A	 8.72  
 541 N	 50.06  
 542 A	 13.73  
 543 T	 25.27  
 544 P	 23.15  
 545 L	 5.47  
 546 S	 28.62  
 547 T	 28.22  
 548 L	 5.19  
 549 S	 35.15  
 550 L	 5.48  
 551 K	 38.99  
 552 H	 38.34  
 553 W	 11.90  
 554 D	 41.57  
 555 Q	 51.33  
 556 D	 55.78  
 557 D	 57.79  
 558 D	 53.95  
 559 F	 12.22  
 560 E	 49.66  
 561 F	 10.67  
 562 T	 30.49  
 563 G	 20.56  
 564 S	 16.56  
 565 H	 27.19  
 566 L	 5.19  
 567 T	 16.40  
 568 V	 5.87  
 569 R	 26.14  
 570 N	 49.79  
 571 G	 12.74  
 572 Y	 11.49  
 573 S	 15.27  
 574 C	 2.78  
 575 V	 3.34  
 576 P	 15.25  
 577 V	 3.21  
 578 A	 8.59  
 579 L	 4.54  
 580 A	 10.08  
 581 E	 62.23  
 582 G	 24.04  
 583 L	 4.66  
 584 D	 47.00  
 585 I	 7.04  
 586 K	 35.04  
 587 L	 7.61  
 588 N	 22.46  
 589 T	 36.65  
 590 A	 8.07  
 591 V	 4.07  
 592 R	 27.15  
 593 Q	 19.90  
 594 V	 3.37  
 595 R	 18.10  
 596 Y	 14.06  
 597 T	 12.09  
 598 A	 8.59  
 599 S	 35.86  
 600 G	 14.78  
 601 C	 3.32  
 602 E	 40.25  
 603 V	 3.86  
 604 I	 1.33  
 605 A	 8.15  
 606 V	 5.30  
 607 N	 22.28  
 608 T	 21.28  
 609 R	 32.50  
 610 S	 30.30  
 611 T	 22.89  
 612 S	 28.59  
 613 Q	 40.28  
 614 T	 16.27  
 615 F	 4.44  
 616 I	 3.50  
 617 Y	 11.02  
 618 K	 22.33  
 619 C	 1.97  
 620 D	 35.24  
 621 A	 12.97  
 622 V	 2.62  
 623 L	 1.66  
 624 C	 2.70  
 625 T	 27.52  
 626 L	 3.00  
 627 P	 14.65  
 628 L	 9.24  
 629 G	 22.29  
 630 V	 8.76  
 631 L	 3.83  
 632 K	 44.47  
 633 Q	 57.77  
 634 Q	 44.34  
 635 P	 19.14  
 636 P	 40.50  
 637 A	 17.90  
 638 V	 5.83  
 639 Q	 35.41  
 640 F	 7.77  
 641 V	 2.39  
 642 P	 26.46  
 643 P	 56.07  
 644 L	 5.00  
 645 P	 51.69  
 646 E	 70.10  
 647 W	 13.79  
 648 K	 30.82  
 649 T	 24.00  
 650 S	 23.79  
 651 A	 13.49  
 652 V	 3.57  
 653 Q	 29.38  
 654 R	 22.16  
 655 M	 2.66  
 656 G	 29.51  
 657 F	 4.24  
 658 G	 31.80  
 659 N	 37.87  
 660 L	 7.21  
 661 N	 38.79  
 662 K	 36.57  
 663 V	 3.75  
 664 V	 4.04  
 665 L	 2.42  
 666 C	 1.94  
 667 F	 6.17  
 668 D	 44.85  
 669 R	 12.79  
 670 V	 6.48  
 671 F	 6.79  
 672 W	 17.47  
 673 D	 17.71  
 674 P	 30.67  
 675 S	 22.59  
 676 V	 9.80  
 677 N	 33.71  
 678 L	 5.22  
 679 F	 5.54  
 680 G	 20.10  
 681 H	 17.27  
 682 V	 7.10  
 683 G	 17.38  
 684 S	 22.84  
 685 T	 22.06  
 686 T	 25.08  
 687 A	 9.41  
 688 S	 38.43  
 689 R	 39.89  
 690 G	 33.20  
 691 E	 34.93  
 692 L	 5.14  
 693 F	 4.62  
 694 L	 8.32  
 695 F	 2.97  
 696 W	 8.96  
 697 N	 26.59  
 698 L	 3.19  
 699 Y	 11.24  
 700 K	 51.34  
 701 A	 5.25  
 702 P	 17.38  
 703 I	 6.18  
 704 L	 1.92  
 705 L	 3.42  
 706 A	 9.13  
 707 L	 2.47  
 708 V	 5.52  
 709 A	 15.80  
 710 G	 20.00  
 711 E	 26.13  
 712 A	 15.29  
 713 A	 12.07  
 714 G	 27.16  
 715 I	 2.41  
 716 M	 2.93  
 717 E	 49.87  
 718 N	 22.99  
 719 I	 2.81  
 720 S	 39.06  
 721 D	 50.85  
 722 D	 25.83  
 723 V	 4.60  
 724 I	 3.32  
 725 V	 3.88  
 726 G	 11.94  
 727 R	 11.03  
 728 C	 2.18  
 729 L	 2.98  
 730 A	 14.53  
 731 I	 2.35  
 732 L	 3.28  
 733 K	 43.79  
 734 G	 19.60  
 735 I	 3.19  
 736 F	 12.08  
 737 G	 20.83  
 738 S	 12.36  
 739 S	 33.39  
 740 A	 20.78  
 741 V	 4.96  
 742 P	 44.46  
 743 Q	 55.91  
 744 P	 30.31  
 745 K	 61.85  
 746 E	 54.22  
 747 T	 32.13  
 748 V	 3.74  
 749 V	 4.14  
 750 S	 23.07  
 751 R	 18.45  
 752 W	 7.72  
 753 R	 28.18  
 754 A	 21.91  
 755 D	 30.60  
 756 P	 26.16  
 757 W	 10.11  
 758 A	 16.02  
 759 R	 30.62  
 760 G	 24.16  
 761 S	 12.83  
 762 Y	 13.57  
 763 S	 18.15  
 764 Y	 5.96  
 765 V	 2.12  
 766 A	 9.62  
 767 A	 14.35  
 768 G	 16.77  
 769 S	 30.28  
 770 S	 40.47  
 771 G	 32.50  
 772 N	 46.76  
 773 D	 41.68  
 774 Y	 18.25  
 775 D	 32.60  
 776 L	 2.20  
 777 M	 2.73  
 778 A	 21.21  
 779 Q	 18.90  
 780 P	 23.92  
 781 I	 4.89  
 782 T	 28.95  
 783 P	 54.11  
 784 G	 21.67  
 785 P	 30.23  
 786 S	 47.53  
 787 I	 4.03  
 788 P	 36.91  
 789 G	 48.49  
 790 A	 8.32  
 791 P	 46.53  
 792 Q	 48.28  
 793 P	 37.18  
 794 I	 2.33  
 795 P	 33.34  
 796 R	 44.86  
 797 L	 3.30  
 798 F	 4.10  
 799 F	 11.47  
 800 A	 18.35  
 801 G	 23.28  
 802 E	 34.13  
 803 H	 26.19  
 804 T	 19.82  
 805 I	 2.65  
 806 R	 37.47  
 807 N	 43.20  
 808 Y	 5.61  
 809 P	 25.63  
 810 A	 16.34  
 811 T	 14.45  
 812 V	 4.21  
 813 H	 16.08  
 814 G	 17.37  
 815 A	 7.17  
 816 L	 4.65  
 817 L	 3.65  
 818 S	 36.31  
 819 G	 28.82  
 820 L	 3.93  
 821 R	 34.93  
 822 E	 61.59  
 823 A	 13.21  
 824 G	 19.44  
 825 R	 28.15  
 826 I	 4.92  
 827 A	 11.82  
 828 D	 37.08  
 829 Q	 26.83  
 830 F	 7.56  
 831 L	 3.39  
 832 G	 15.02  
 833 A	 7.02  
 834 M	 2.20  
 835 Y	 12.46  
 836 T	 19.73  
 837 L	 1.49  
 838 P	 20.66  
 839 R	 41.71  
 840 Q	 47.88  
 841 A	 19.62  
 842 T	 16.55  
 843 P	 44.81  
 844 G	 33.41  
 845 V	 3.60  
 846 P	 30.21  
 847 A	 20.03  
 848 Q	 37.91  
 849 Q	 60.46  
 850 S	 13.58  
 851 P	 30.03  
 852 S	 42.23  
 853 M	 7.85  
