 1 M	 7.39  
 2 A	 18.85  
 3 Q	 32.51  
 4 Q	 26.02  
 5 Q	 25.66  
 6 M	 3.22  
 7 T	 22.38  
 8 S	 25.98  
 9 S	 26.91  
 10 Q	 34.50  
 11 K	 45.49  
 12 A	 7.20  
 13 L	 5.32  
 14 M	 3.06  
 15 L	 7.88  
 16 E	 39.94  
 17 L	 3.93  
 18 K	 39.48  
 19 S	 48.16  
 20 L	 7.69  
 21 Q	 61.16  
 22 E	 70.35  
 23 E	 41.50  
 24 P	 28.80  
 25 V	 14.73  
 26 E	 64.43  
 27 G	 19.84  
 28 F	 3.02  
 29 R	 31.66  
 30 I	 3.05  
 31 T	 19.24  
 32 L	 4.20  
 33 V	 6.01  
 34 D	 53.44  
 35 E	 38.38  
 36 S	 28.58  
 37 D	 51.64  
 38 L	 5.05  
 39 Y	 24.18  
 40 N	 35.41  
 41 W	 6.46  
 42 E	 20.59  
 43 V	 3.60  
 44 A	 4.66  
 45 I	 5.04  
 46 F	 9.66  
 47 G	 30.55  
 48 P	 14.28  
 49 P	 46.98  
 50 N	 45.94  
 51 T	 36.17  
 52 L	 4.69  
 53 Y	 15.53  
 54 E	 49.62  
 55 G	 23.65  
 56 G	 16.86  
 57 Y	 16.86  
 58 F	 6.79  
 59 K	 30.48  
 60 A	 10.35  
 61 H	 25.10  
 62 I	 6.17  
 63 K	 34.91  
 64 F	 6.75  
 65 P	 17.34  
 66 I	 9.98  
 67 D	 38.30  
 68 Y	 12.56  
 69 P	 21.27  
 70 Y	 27.81  
 71 S	 21.65  
 72 P	 26.55  
 73 P	 37.92  
 74 T	 30.72  
 75 F	 6.83  
 76 R	 28.30  
 77 F	 9.92  
 78 L	 3.81  
 79 T	 19.01  
 80 K	 41.98  
 81 M	 3.15  
 82 W	 12.82  
 83 H	 11.30  
 84 P	 17.25  
 85 N	 36.27  
 86 I	 5.56  
 87 Y	 15.24  
 88 E	 51.44  
 89 N	 34.69  
 90 G	 19.45  
 91 D	 43.63  
 92 V	 3.11  
 93 C	 2.10  
 94 I	 2.63  
 95 S	 17.61  
 96 I	 1.76  
 97 L	 3.86  
 98 H	 23.97  
 99 P	 27.45  
 100 P	 31.27  
 101 V	 17.95  
 102 D	 68.59  
 103 D	 43.29  
 104 P	 26.27  
 105 Q	 71.68  
 106 S	 39.35  
 107 G	 34.90  
 108 E	 63.86  
 109 L	 6.88  
 110 P	 29.82  
 111 S	 53.04  
 112 E	 60.83  
 113 R	 42.69  
 114 W	 15.88  
 115 N	 35.64  
 116 P	 28.53  
 117 T	 29.57  
 118 Q	 47.91  
 119 N	 27.93  
 120 V	 4.03  
 121 R	 24.49  
 122 T	 16.22  
 123 I	 2.26  
 124 L	 2.63  
 125 L	 3.21  
 126 S	 17.60  
 127 V	 3.30  
 128 I	 1.84  
 129 S	 25.34  
 130 L	 4.01  
 131 L	 5.64  
 132 N	 68.89  
 133 E	 39.64  
 134 P	 44.05  
 135 N	 47.80  
 136 T	 35.88  
 137 F	 11.93  
 138 S	 22.51  
 139 P	 24.54  
 140 A	 27.72  
 141 N	 35.27  
 142 V	 7.65  
 143 D	 32.69  
 144 A	 10.35  
 145 S	 15.06  
 146 V	 4.51  
 147 M	 2.20  
 148 F	 7.33  
 149 R	 21.38  
 150 K	 35.00  
 151 W	 12.69  
 152 R	 41.16  
 153 D	 54.29  
 154 S	 34.43  
 155 K	 74.41  
 156 G	 47.55  
 157 K	 70.17  
 158 D	 58.65  
 159 K	 56.99  
 160 E	 61.17  
 161 Y	 18.44  
 162 A	 11.56  
 163 E	 37.74  
 164 I	 2.55  
 165 I	 3.20  
 166 R	 29.08  
 167 K	 44.64  
 168 Q	 25.25  
 169 V	 4.76  
 170 S	 27.94  
 171 A	 17.79  
 172 T	 24.23  
 173 K	 43.90  
 174 A	 19.51  
 175 E	 59.94  
 176 A	 33.72  
 177 E	 43.09  
 178 K	 67.82  
 179 D	 59.63  
 180 G	 32.01  
 181 V	 8.95  
 182 K	 48.29  
 183 V	 4.78  
 184 P	 17.59  
 185 T	 37.11  
 186 T	 20.21  
 187 L	 3.62  
 188 A	 12.01  
 189 E	 44.01  
 190 Y	 8.22  
 191 C	 1.61  
 192 I	 6.59  
 193 K	 38.44  
 194 T	 19.84  
 195 K	 47.34  
 196 V	 8.33  
 197 P	 29.04  
 198 S	 60.86  
 199 N	 46.54  
 200 D	 61.80  
 201 N	 47.89  
 202 S	 28.26  
 203 S	 38.23  
 204 D	 40.28  
 205 L	 5.29  
 206 L	 5.45  
 207 Y	 18.08  
 208 D	 39.13  
 209 D	 33.30  
 210 L	 4.64  
 211 Y	 25.07  
 212 D	 55.17  
 213 D	 41.00  
 214 D	 43.23  
 215 I	 10.40  
 216 D	 61.31  
 217 D	 66.63  
 218 E	 64.67  
 219 D	 75.50  
 220 E	 66.32  
 221 E	 78.12  
 222 E	 60.16  
 223 E	 62.87  
 224 D	 51.49  
 225 A	 16.44  
 226 D	 43.78  
 227 C	 4.26  
 228 Y	 23.97  
 229 D	 60.23  
 230 D	 34.83  
 231 D	 49.42  
 232 D	 66.49  
 233 S	 50.98  
 234 G	 53.19  
 235 N	 54.54  
 236 E	 64.24  
 237 E	 66.79  
 238 S	 39.07  
