 1 M	 8.62  
 2 L	 5.22  
 3 Q	 40.84  
 4 N	 35.35  
 5 V	 5.93  
 6 T	 27.50  
 7 P	 20.52  
 8 H	 34.61  
 9 K	 58.54  
 10 L	 6.31  
 11 P	 43.52  
 12 G	 66.92  
 13 E	 47.54  
 14 G	 34.89  
 15 N	 26.91  
 16 A	 22.37  
 17 G	 25.99  
 18 L	 2.97  
 19 L	 5.35  
 20 G	 33.36  
 21 L	 11.89  
 22 G	 19.06  
 23 P	 32.85  
 24 E	 49.49  
 25 A	 16.44  
 26 A	 16.72  
 27 A	 22.04  
 28 P	 44.08  
 29 G	 27.44  
 30 K	 43.52  
 31 R	 39.60  
 32 I	 8.28  
 33 R	 49.19  
 34 K	 36.27  
 35 P	 21.99  
 36 S	 33.76  
 37 L	 8.83  
 38 L	 4.25  
 39 Y	 21.21  
 40 E	 58.33  
 41 G	 20.33  
 42 F	 5.85  
 43 E	 67.66  
 44 S	 24.33  
 45 P	 20.99  
 46 T	 34.35  
 47 M	 2.73  
 48 A	 15.17  
 49 S	 20.15  
 50 V	 2.03  
 51 P	 25.43  
 52 A	 13.04  
 53 L	 3.34  
 54 Q	 37.37  
 55 L	 6.83  
 56 A	 6.54  
 57 P	 40.96  
 58 A	 35.24  
 59 N	 48.85  
 60 P	 44.90  
 61 P	 57.81  
 62 P	 38.65  
 63 P	 61.47  
 64 E	 65.44  
 65 V	 9.15  
 66 S	 45.83  
 67 N	 58.55  
 68 P	 38.24  
 69 K	 75.70  
 70 K	 54.70  
 71 P	 41.78  
 72 G	 45.64  
 73 R	 40.38  
 74 V	 7.95  
 75 T	 18.84  
 76 N	 37.39  
 77 Q	 22.15  
 78 L	 3.81  
 79 Q	 29.04  
 80 Y	 21.26  
 81 L	 1.71  
 82 H	 18.87  
 83 K	 33.65  
 84 V	 3.37  
 85 V	 3.77  
 86 M	 2.05  
 87 K	 28.81  
 88 A	 10.68  
 89 L	 5.37  
 90 W	 10.84  
 91 K	 28.51  
 92 H	 19.19  
 93 Q	 26.48  
 94 F	 8.42  
 95 A	 13.38  
 96 W	 8.21  
 97 P	 15.88  
 98 F	 8.70  
 99 R	 35.49  
 100 Q	 42.63  
 101 P	 23.00  
 102 V	 5.81  
 103 D	 52.94  
 104 A	 10.69  
 105 V	 4.56  
 106 K	 38.26  
 107 L	 7.37  
 108 G	 29.46  
 109 L	 4.17  
 110 P	 38.01  
 111 D	 64.31  
 112 Y	 11.76  
 113 H	 23.40  
 114 K	 39.64  
 115 I	 2.79  
 116 I	 3.96  
 117 K	 52.39  
 118 Q	 28.30  
 119 P	 18.75  
 120 M	 5.26  
 121 D	 38.76  
 122 M	 4.08  
 123 G	 21.74  
 124 T	 19.38  
 125 I	 2.43  
 126 K	 31.16  
 127 R	 44.56  
 128 R	 41.15  
 129 L	 10.83  
 130 E	 41.43  
 131 N	 46.53  
 132 N	 23.15  
 133 Y	 16.38  
 134 Y	 7.24  
 135 W	 3.80  
 136 A	 5.74  
 137 A	 7.54  
 138 S	 24.47  
 139 E	 29.31  
 140 C	 2.48  
 141 M	 3.63  
 142 Q	 64.90  
 143 D	 16.33  
 144 F	 4.64  
 145 N	 38.63  
 146 T	 17.41  
 147 M	 4.01  
 148 F	 4.12  
 149 T	 17.35  
 150 N	 12.82  
 151 C	 1.66  
 152 Y	 14.44  
 153 I	 3.13  
 154 Y	 7.23  
 155 N	 33.98  
 156 K	 32.11  
 157 P	 37.10  
 158 T	 48.16  
 159 D	 52.76  
 160 D	 35.06  
 161 I	 2.59  
 162 V	 3.73  
 163 L	 2.11  
 164 M	 1.47  
 165 A	 8.61  
 166 Q	 32.43  
 167 T	 27.61  
 168 L	 4.14  
 169 E	 47.71  
 170 K	 41.70  
 171 I	 2.80  
 172 F	 9.78  
 173 L	 5.69  
 174 Q	 27.68  
 175 K	 41.75  
 176 V	 2.84  
 177 A	 13.72  
 178 S	 33.70  
 179 M	 2.61  
 180 P	 35.62  
 181 Q	 59.21  
 182 E	 56.64  
 183 E	 44.07  
 184 Q	 48.88  
 185 E	 46.97  
 186 L	 3.62  
 187 V	 3.34  
 188 V	 6.67  
 189 T	 24.88  
 190 I	 2.86  
 191 P	 22.02  
 192 K	 68.20  
 193 N	 43.95  
 194 S	 42.69  
 195 H	 45.28  
 196 K	 53.36  
 197 K	 59.69  
 198 G	 32.52  
 199 A	 16.75  
 200 K	 47.53  
 201 L	 3.14  
 202 A	 12.86  
 203 A	 15.74  
 204 L	 5.01  
 205 Q	 38.57  
 206 G	 23.13  
 207 S	 15.10  
 208 I	 4.51  
 209 T	 22.89  
 210 S	 23.29  
 211 A	 6.62  
 212 H	 29.01  
 213 Q	 42.48  
 214 V	 2.06  
 215 P	 22.00  
 216 A	 18.24  
 217 V	 3.43  
 218 S	 27.42  
 219 S	 22.50  
 220 V	 3.66  
 221 S	 19.64  
 222 H	 17.01  
 223 T	 15.73  
 224 A	 7.98  
 225 L	 5.27  
 226 Y	 18.09  
 227 T	 30.12  
 228 P	 28.97  
 229 P	 31.21  
 230 P	 54.04  
 231 E	 68.33  
 232 I	 4.53  
 233 P	 21.98  
 234 T	 34.89  
 235 T	 20.03  
 236 V	 4.19  
 237 L	 4.52  
 238 N	 41.21  
 239 I	 2.65  
 240 P	 32.06  
 241 H	 24.38  
 242 P	 25.57  
 243 S	 29.11  
 244 V	 6.07  
 245 I	 3.86  
 246 S	 24.61  
 247 S	 14.40  
 248 P	 34.62  
 249 L	 11.54  
 250 L	 3.93  
 251 K	 59.67  
 252 S	 31.14  
 253 L	 3.37  
 254 H	 23.77  
 255 S	 39.97  
 256 A	 24.62  
 257 G	 27.63  
 258 P	 18.97  
 259 P	 38.80  
 260 L	 5.58  
 261 L	 5.65  
 262 A	 10.82  
 263 V	 3.95  
 264 S	 17.07  
 265 A	 19.86  
 266 A	 11.78  
 267 P	 25.19  
 268 P	 38.51  
 269 A	 23.67  
 270 Q	 39.04  
 271 P	 36.07  
 272 L	 7.89  
 273 A	 28.45  
 274 K	 63.80  
 275 K	 49.50  
 276 K	 69.13  
 277 G	 38.77  
 278 V	 8.12  
 279 K	 57.77  
 280 R	 36.67  
 281 K	 44.92  
 282 A	 24.34  
 283 D	 47.85  
 284 T	 37.11  
 285 T	 31.18  
 286 T	 27.53  
 287 P	 34.00  
 288 T	 31.05  
 289 P	 22.49  
 290 T	 28.89  
 291 A	 8.94  
 292 I	 3.57  
 293 L	 4.34  
 294 A	 10.57  
 295 P	 40.11  
 296 G	 40.43  
 297 S	 19.08  
 298 P	 42.55  
 299 A	 36.05  
 300 S	 34.70  
 301 P	 39.10  
 302 P	 42.37  
 303 G	 48.52  
 304 S	 35.02  
 305 L	 18.94  
 306 E	 46.59  
 307 P	 36.56  
 308 K	 45.35  
 309 A	 14.45  
 310 A	 21.48  
 311 R	 53.22  
 312 L	 4.84  
 313 P	 18.32  
 314 P	 33.24  
 315 M	 6.27  
 316 R	 45.01  
 317 R	 35.86  
 318 E	 47.37  
 319 S	 37.99  
 320 G	 34.33  
 321 R	 38.76  
 322 P	 42.34  
 323 I	 11.44  
 324 K	 52.21  
 325 P	 34.35  
 326 P	 51.45  
 327 R	 54.36  
 328 K	 70.19  
 329 D	 65.79  
 330 L	 5.95  
 331 P	 49.71  
 332 D	 67.39  
 333 S	 28.13  
 334 Q	 55.09  
 335 Q	 46.83  
 336 Q	 29.02  
 337 H	 25.75  
 338 Q	 45.09  
 339 S	 41.84  
 340 S	 31.64  
 341 K	 71.44  
 342 K	 64.32  
 343 G	 39.61  
 344 K	 58.69  
 345 L	 10.44  
 346 S	 27.12  
 347 E	 71.07  
 348 Q	 53.05  
 349 L	 3.43  
 350 K	 45.89  
 351 H	 20.90  
 352 C	 4.82  
 353 N	 40.01  
 354 G	 31.81  
 355 I	 2.86  
 356 L	 3.60  
 357 K	 44.38  
 358 E	 52.04  
 359 L	 6.64  
 360 L	 8.07  
 361 S	 52.89  
 362 K	 48.85  
 363 K	 34.79  
 364 H	 21.23  
 365 A	 15.85  
 366 A	 8.36  
 367 Y	 15.24  
 368 A	 11.62  
 369 W	 3.20  
 370 P	 17.95  
 371 F	 9.50  
 372 Y	 15.42  
 373 K	 38.66  
 374 P	 20.17  
 375 V	 9.32  
 376 D	 43.25  
 377 A	 9.27  
 378 S	 21.40  
 379 A	 13.84  
 380 L	 7.50  
 381 G	 22.23  
 382 L	 2.63  
 383 H	 31.61  
 384 D	 47.72  
 385 Y	 7.22  
 386 H	 26.33  
 387 D	 37.77  
 388 I	 2.62  
 389 I	 4.11  
 390 K	 41.83  
 391 H	 16.71  
 392 P	 17.00  
 393 M	 8.94  
 394 D	 41.75  
 395 L	 3.63  
 396 S	 27.22  
 397 T	 37.03  
 398 V	 5.19  
 399 K	 46.52  
 400 R	 38.94  
 401 K	 44.86  
 402 M	 6.83  
 403 E	 52.74  
 404 N	 38.33  
 405 R	 29.09  
 406 D	 55.17  
 407 Y	 13.73  
 408 R	 36.76  
 409 D	 46.50  
 410 A	 11.21  
 411 Q	 51.10  
 412 E	 38.69  
 413 F	 4.52  
 414 A	 11.29  
 415 A	 22.58  
 416 D	 23.73  
 417 V	 4.31  
 418 R	 22.45  
 419 L	 4.00  
 420 M	 2.13  
 421 F	 5.85  
 422 S	 16.42  
 423 N	 23.13  
 424 C	 2.76  
 425 Y	 22.28  
 426 K	 40.53  
 427 Y	 13.36  
 428 N	 37.16  
 429 P	 32.38  
 430 P	 48.18  
 431 D	 52.45  
 432 H	 35.22  
 433 D	 43.92  
 434 V	 2.37  
 435 V	 3.62  
 436 A	 5.93  
 437 M	 2.21  
 438 A	 8.84  
 439 R	 27.42  
 440 K	 40.75  
 441 L	 4.36  
 442 Q	 48.10  
 443 D	 58.47  
 444 V	 2.98  
 445 F	 11.19  
 446 E	 29.12  
 447 F	 5.00  
 448 R	 24.25  
 449 Y	 18.85  
 450 A	 9.45  
 451 K	 41.87  
 452 M	 3.73  
 453 P	 41.95  
 454 D	 67.65  
 455 E	 46.01  
 456 P	 49.78  
 457 L	 13.43  
 458 E	 59.95  
 459 P	 58.34  
 460 G	 27.31  
 461 P	 44.18  
 462 L	 8.96  
 463 P	 22.58  
 464 V	 11.92  
 465 S	 13.16  
 466 T	 32.23  
 467 A	 15.57  
 468 L	 5.50  
 469 P	 20.60  
 470 P	 51.80  
 471 G	 44.00  
 472 L	 7.22  
 473 T	 34.49  
 474 K	 54.07  
 475 S	 33.58  
 476 S	 39.41  
 477 S	 48.89  
 478 E	 57.50  
 479 S	 40.90  
 480 S	 37.40  
 481 S	 55.45  
 482 E	 64.94  
 483 E	 58.84  
 484 S	 34.80  
 485 S	 41.21  
 486 S	 51.26  
 487 E	 57.50  
 488 S	 40.90  
 489 S	 37.40  
 490 S	 59.30  
 491 E	 71.96  
 492 E	 73.06  
 493 E	 67.66  
 494 E	 74.18  
 495 E	 74.18  
 496 E	 70.71  
 497 E	 74.22  
 498 E	 70.72  
 499 D	 72.44  
 500 E	 71.28  
 501 D	 79.51  
 502 E	 62.71  
 503 E	 78.22  
 504 E	 58.73  
 505 S	 46.16  
 506 E	 58.50  
 507 S	 49.04  
 508 S	 40.90  
 509 D	 70.15  
 510 S	 49.18  
 511 E	 69.72  
 512 E	 57.65  
 513 E	 51.63  
 514 R	 38.69  
 515 A	 8.74  
 516 H	 31.35  
 517 R	 34.31  
 518 L	 2.89  
 519 A	 18.53  
 520 E	 56.42  
 521 L	 5.89  
 522 Q	 28.09  
 523 E	 65.29  
 524 Q	 24.24  
 525 L	 3.60  
 526 R	 33.97  
 527 A	 18.66  
 528 V	 4.06  
 529 H	 18.99  
 530 E	 40.46  
 531 Q	 22.86  
 532 L	 2.47  
 533 A	 13.17  
 534 A	 19.15  
 535 L	 3.06  
 536 S	 28.50  
 537 Q	 63.63  
 538 G	 20.38  
 539 P	 21.75  
 540 I	 12.06  
 541 S	 46.14  
 542 K	 56.10  
 543 P	 34.59  
 544 K	 74.43  
 545 R	 52.36  
 546 K	 71.66  
 547 R	 66.07  
 548 E	 72.08  
 549 K	 70.98  
 550 K	 70.75  
 551 E	 79.68  
 552 K	 77.95  
 553 K	 65.70  
 554 K	 69.72  
 555 K	 68.93  
 556 R	 52.90  
 557 K	 70.54  
 558 A	 34.79  
 559 E	 53.05  
 560 K	 43.38  
 561 H	 29.00  
 562 R	 47.34  
 563 G	 25.85  
 564 R	 24.74  
 565 I	 6.71  
 566 G	 21.67  
 567 I	 4.95  
 568 D	 48.32  
 569 E	 67.21  
 570 D	 60.21  
 571 D	 56.62  
 572 K	 81.02  
 573 G	 24.74  
 574 P	 34.69  
 575 R	 66.93  
 576 A	 13.95  
 577 P	 51.06  
 578 R	 55.32  
 579 P	 30.71  
 580 P	 65.47  
 581 Q	 66.19  
 582 P	 52.39  
 583 K	 65.51  
 584 K	 74.35  
 585 S	 45.58  
 586 K	 56.36  
 587 K	 60.39  
 588 A	 26.12  
 589 G	 44.13  
 590 G	 41.99  
 591 G	 35.12  
 592 G	 22.47  
 593 S	 26.94  
 594 N	 44.58  
 595 A	 12.03  
 596 T	 32.30  
 597 T	 24.69  
 598 L	 3.72  
 599 S	 26.08  
 600 H	 29.61  
 601 P	 36.11  
 602 G	 28.35  
 603 F	 13.05  
 604 G	 25.53  
 605 T	 23.18  
 606 S	 41.35  
 607 G	 39.58  
 608 G	 27.89  
 609 S	 33.97  
 610 S	 41.06  
 611 N	 52.13  
 612 K	 69.02  
 613 L	 9.82  
 614 P	 43.57  
 615 K	 75.41  
 616 K	 57.06  
 617 S	 42.93  
 618 Q	 56.87  
 619 K	 54.46  
 620 T	 36.44  
 621 A	 17.27  
 622 P	 25.43  
 623 P	 37.50  
 624 V	 11.01  
 625 L	 3.76  
 626 P	 24.82  
 627 T	 44.18  
 628 G	 23.47  
 629 Y	 20.83  
 630 D	 51.41  
 631 S	 38.12  
 632 E	 67.54  
 633 E	 74.74  
 634 E	 64.11  
 635 E	 65.63  
 636 E	 56.16  
 637 S	 44.99  
 638 R	 33.93  
 639 P	 25.92  
 640 M	 5.87  
 641 S	 31.92  
 642 Y	 23.13  
 643 D	 47.86  
 644 E	 41.74  
 645 K	 42.41  
 646 R	 40.39  
 647 Q	 46.61  
 648 L	 6.79  
 649 S	 18.69  
 650 L	 11.87  
 651 D	 38.75  
 652 I	 6.25  
 653 N	 39.21  
 654 K	 57.29  
 655 L	 5.95  
 656 P	 50.97  
 657 G	 55.92  
 658 E	 43.07  
 659 K	 63.26  
 660 L	 4.63  
 661 G	 31.25  
 662 R	 37.41  
 663 V	 3.31  
 664 V	 2.30  
 665 H	 14.47  
 666 I	 1.36  
 667 I	 1.26  
 668 Q	 33.49  
 669 A	 13.85  
 670 R	 39.73  
 671 E	 42.11  
 672 P	 32.86  
 673 S	 31.14  
 674 L	 11.74  
 675 R	 50.04  
 676 D	 59.04  
 677 S	 48.10  
 678 N	 52.90  
 679 P	 44.54  
 680 E	 75.70  
 681 E	 47.37  
 682 I	 5.54  
 683 E	 39.52  
 684 I	 10.12  
 685 D	 23.65  
 686 F	 10.70  
 687 E	 49.86  
 688 T	 39.82  
 689 L	 6.38  
 690 K	 44.32  
 691 P	 35.34  
 692 S	 38.19  
 693 T	 38.06  
 694 L	 4.74  
 695 R	 46.68  
 696 E	 59.08  
 697 L	 3.52  
 698 E	 36.89  
 699 R	 39.21  
 700 Y	 9.07  
 701 V	 3.87  
 702 L	 1.91  
 703 S	 10.89  
 704 C	 3.59  
 705 L	 8.92  
 706 R	 49.64  
 707 K	 54.93  
 708 K	 43.55  
 709 P	 53.19  
 710 R	 62.55  
 711 K	 51.40  
 712 P	 32.55  
 713 Y	 20.17  
 714 T	 23.88  
 715 I	 4.38  
 716 R	 29.44  
 717 K	 39.96  
 718 P	 30.19  
 719 V	 16.04  
 720 G	 40.20  
 721 K	 57.57  
 722 T	 37.45  
 723 K	 53.31  
 724 E	 64.57  
 725 E	 40.68  
 726 L	 7.46  
 727 A	 19.56  
 728 L	 18.12  
 729 E	 51.42  
 730 K	 58.96  
 731 K	 41.55  
 732 R	 65.87  
 733 E	 70.88  
 734 L	 12.49  
 735 E	 31.23  
 736 K	 71.66  
 737 R	 28.36  
 738 L	 8.26  
 739 Q	 53.76  
 740 D	 40.93  
 741 V	 4.46  
 742 S	 29.16  
 743 G	 35.52  
 744 Q	 29.93  
 745 L	 6.62  
 746 N	 39.48  
 747 S	 50.63  
 748 T	 41.85  
 749 K	 64.20  
 750 K	 67.64  
 751 P	 47.72  
 752 P	 60.71  
 753 K	 70.29  
 754 K	 64.02  
 755 A	 29.11  
 756 S	 48.80  
 757 E	 69.71  
 758 K	 55.91  
 759 T	 36.73  
 760 E	 54.48  
 761 S	 35.88  
 762 S	 24.70  
 763 A	 17.07  
 764 Q	 39.98  
 765 Q	 25.50  
 766 V	 3.64  
 767 A	 6.82  
 768 V	 3.43  
 769 S	 20.12  
 770 R	 26.51  
 771 L	 3.80  
 772 S	 25.62  
 773 A	 20.30  
 774 S	 27.64  
 775 S	 33.68  
 776 S	 31.22  
 777 S	 39.86  
 778 S	 43.38  
 779 D	 55.26  
 780 S	 33.78  
 781 S	 38.95  
 782 S	 37.89  
 783 S	 35.87  
 784 S	 35.87  
 785 S	 35.87  
 786 S	 35.87  
 787 S	 35.87  
 788 S	 35.49  
 789 S	 33.89  
 790 S	 47.02  
 791 D	 52.78  
 792 T	 36.06  
 793 S	 39.86  
 794 D	 59.56  
 795 S	 33.18  
 796 D	 63.47  
 797 S	 50.80  
 798 G	 46.68  
