 1 M	 9.05  
 2 Q	 36.07  
 3 C	 6.52  
 4 S	 18.55  
 5 P	 69.66  
 6 D	 42.82  
 7 P	 40.15  
 8 E	 69.54  
 9 D	 52.76  
 10 L	 3.16  
 11 L	 6.00  
 12 I	 4.54  
 13 V	 4.52  
 14 P	 19.61  
 15 T	 22.68  
 16 H	 25.57  
 17 D	 57.90  
 18 I	 1.57  
 19 P	 32.66  
 20 S	 45.62  
 21 Y	 20.55  
 22 D	 43.26  
 23 E	 44.99  
 24 S	 34.86  
 25 L	 10.23  
 26 D	 45.84  
 27 P	 41.19  
 28 F	 29.16  
 29 G	 25.41  
 30 P	 44.79  
 31 E	 60.67  
 32 G	 30.12  
 33 H	 15.58  
 34 L	 8.82  
 35 S	 20.51  
 36 L	 9.35  
 37 D	 31.16  
 38 I	 6.36  
 39 D	 27.37  
 40 C	 4.19  
 41 F	 8.69  
 42 S	 31.17  
 43 K	 25.49  
 44 F	 5.35  
 45 M	 3.60  
 46 S	 31.59  
 47 R	 35.92  
 48 S	 31.75  
 49 D	 47.52  
 50 N	 36.30  
 51 R	 30.86  
 52 I	 4.60  
 53 M	 3.68  
 54 S	 32.67  
 55 K	 23.90  
 56 P	 17.77  
 57 I	 5.37  
 58 I	 2.04  
 59 V	 4.80  
 60 R	 27.24  
 61 G	 21.29  
 62 I	 1.75  
 63 P	 19.67  
 64 W	 9.68  
 65 R	 14.53  
 66 I	 2.42  
 67 L	 1.65  
 68 A	 9.10  
 69 I	 1.71  
 70 C	 2.51  
 71 R	 37.57  
 72 N	 33.83  
 73 Q	 29.65  
 74 Q	 56.21  
 75 G	 19.51  
 76 S	 23.60  
 77 R	 32.49  
 78 H	 32.85  
 79 S	 20.67  
 80 M	 4.28  
 81 N	 29.67  
 82 S	 29.03  
 83 R	 25.40  
 84 V	 7.57  
 85 N	 40.32  
 86 R	 30.07  
 87 S	 40.34  
 88 N	 32.42  
 89 F	 9.39  
 90 N	 40.14  
 91 F	 8.70  
 92 G	 17.32  
 93 F	 4.90  
 94 F	 4.75  
 95 L	 5.46  
 96 Q	 23.80  
 97 C	 5.82  
 98 N	 46.13  
 99 N	 52.32  
 100 D	 33.65  
 101 E	 54.20  
 102 L	 7.37  
 103 L	 5.47  
 104 Q	 46.13  
 105 K	 51.38  
 106 R	 27.51  
 107 G	 27.34  
 108 M	 2.07  
 109 W	 7.04  
 110 R	 8.55  
 111 C	 1.86  
 112 Y	 14.67  
 113 G	 15.72  
 114 T	 6.26  
 115 A	 10.27  
 116 V	 4.74  
 117 L	 3.32  
 118 E	 38.06  
 119 V	 4.34  
 120 L	 2.98  
 121 N	 40.95  
 122 A	 20.98  
 123 D	 69.34  
 124 G	 18.55  
 125 P	 28.89  
 126 S	 43.09  
 127 I	 8.61  
 128 Q	 45.38  
 129 K	 52.61  
 130 K	 30.78  
 131 I	 4.56  
 132 H	 21.30  
 133 H	 35.32  
 134 S	 17.65  
 135 F	 4.47  
 136 H	 43.23  
 137 N	 35.60  
 138 T	 28.90  
 139 E	 43.74  
 140 V	 7.64  
 141 D	 33.28  
 142 W	 18.20  
 143 G	 16.19  
 144 F	 3.59  
 145 S	 30.46  
 146 N	 41.98  
 147 Y	 11.83  
 148 D	 44.83  
 149 Q	 27.86  
 150 Y	 14.16  
 151 D	 27.80  
 152 T	 28.42  
 153 L	 2.13  
 154 C	 9.95  
 155 N	 50.17  
 156 P	 34.81  
 157 K	 50.20  
 158 D	 55.71  
 159 G	 24.22  
 160 Y	 16.03  
 161 V	 3.87  
 162 V	 3.95  
 163 N	 30.57  
 164 D	 37.89  
 165 T	 18.14  
 166 I	 4.39  
 167 K	 31.78  
 168 L	 5.74  
 169 R	 12.45  
 170 C	 6.42  
 171 R	 26.05  
 172 F	 8.27  
 173 T	 11.55  
 174 A	 17.06  
 175 D	 43.82  
 176 V	 4.19  
 177 P	 26.18  
 178 T	 49.10  
 179 G	 13.02  
 180 A	 13.37  
 181 N	 28.65  
 182 Y	 10.07  
 183 M	 3.00  
 184 W	 9.07  
 185 D	 27.96  
 186 S	 18.97  
 187 K	 45.81  
 188 R	 36.23  
 189 H	 30.28  
 190 T	 37.47  
 191 G	 8.57  
 192 C	 2.04  
 193 I	 6.52  
 194 G	 23.74  
 195 L	 2.05  
 196 R	 28.36  
 197 N	 50.08  
 198 Q	 36.14  
 199 G	 26.80  
 200 A	 5.68  
 201 T	 15.82  
 202 C	 2.77  
 203 Y	 8.58  
 204 M	 3.27  
 205 N	 10.22  
 206 S	 14.24  
 207 I	 3.26  
 208 L	 3.33  
 209 Q	 29.80  
 210 S	 20.61  
 211 F	 3.61  
 212 Y	 12.78  
 213 F	 4.67  
 214 T	 18.03  
 215 T	 25.15  
 216 G	 15.82  
 217 F	 4.48  
 218 R	 27.30  
 219 R	 26.58  
 220 A	 12.14  
 221 V	 3.17  
 222 Y	 12.09  
 223 N	 17.36  
 224 M	 2.12  
 225 D	 31.86  
 226 V	 7.71  
 227 G	 21.79  
 228 T	 48.38  
 229 E	 39.95  
 230 P	 50.13  
 231 N	 60.13  
 232 E	 56.74  
 233 S	 38.20  
 234 N	 23.39  
 235 I	 3.60  
 236 V	 3.05  
 237 L	 2.66  
 238 A	 4.91  
 239 M	 1.98  
 240 Q	 32.55  
 241 R	 13.87  
 242 V	 3.18  
 243 F	 4.23  
 244 Y	 16.93  
 245 E	 22.51  
 246 L	 2.62  
 247 Q	 17.29  
 248 M	 7.47  
 249 A	 7.40  
 250 S	 22.27  
 251 E	 47.39  
 252 A	 11.27  
 253 V	 9.05  
 254 E	 49.69  
 255 T	 24.41  
 256 N	 22.86  
 257 S	 38.24  
 258 L	 4.00  
 259 T	 21.55  
 260 R	 32.96  
 261 A	 11.32  
 262 F	 10.29  
 263 G	 30.59  
 264 W	 7.97  
 265 D	 41.86  
 266 K	 41.58  
 267 L	 5.49  
 268 D	 55.65  
 269 A	 18.74  
 270 F	 10.11  
 271 N	 39.74  
 272 Q	 27.92  
 273 H	 38.01  
 274 D	 33.75  
 275 V	 5.72  
 276 Q	 44.07  
 277 E	 46.71  
 278 F	 1.48  
 279 C	 2.64  
 280 R	 27.69  
 281 V	 7.00  
 282 L	 2.28  
 283 L	 3.62  
 284 D	 54.21  
 285 N	 39.48  
 286 L	 9.86  
 287 E	 53.27  
 288 T	 39.34  
 289 K	 29.28  
 290 M	 6.72  
 291 K	 61.67  
 292 G	 30.86  
 293 T	 27.70  
 294 S	 53.04  
 295 E	 70.09  
 296 E	 52.44  
 297 K	 50.03  
 298 S	 46.70  
 299 I	 3.77  
 300 P	 38.26  
 301 N	 50.57  
 302 L	 2.31  
 303 F	 13.77  
 304 R	 38.45  
 305 G	 31.11  
 306 N	 30.38  
 307 M	 3.21  
 308 K	 44.07  
 309 S	 22.71  
 310 Y	 10.01  
 311 I	 3.07  
 312 K	 22.10  
 313 C	 2.59  
 314 L	 6.46  
 315 D	 40.49  
 316 V	 5.64  
 317 D	 40.94  
 318 Y	 19.98  
 319 E	 37.46  
 320 S	 20.92  
 321 S	 31.14  
 322 R	 52.36  
 323 T	 37.62  
 324 E	 37.43  
 325 S	 28.61  
 326 F	 5.00  
 327 Y	 25.20  
 328 D	 21.48  
 329 V	 4.80  
 330 Q	 25.15  
 331 L	 4.87  
 332 N	 15.18  
 333 V	 7.13  
 334 L	 4.59  
 335 G	 17.36  
 336 M	 2.50  
 337 D	 48.55  
 338 S	 24.20  
 339 L	 4.50  
 340 E	 46.01  
 341 R	 50.28  
 342 A	 9.39  
 343 F	 7.46  
 344 E	 39.52  
 345 A	 10.66  
 346 Y	 11.89  
 347 T	 30.78  
 348 T	 16.22  
 349 S	 18.16  
 350 E	 45.54  
 351 I	 5.25  
 352 L	 6.27  
 353 D	 67.83  
 354 D	 58.90  
 355 E	 56.12  
 356 N	 56.00  
 357 K	 42.32  
 358 Y	 23.70  
 359 D	 45.76  
 360 A	 23.40  
 361 G	 25.26  
 362 D	 34.11  
 363 H	 37.64  
 364 G	 28.39  
 365 L	 2.53  
 366 Q	 47.32  
 367 R	 50.16  
 368 A	 15.19  
 369 E	 53.16  
 370 K	 68.93  
 371 G	 21.25  
 372 V	 6.87  
 373 K	 52.97  
 374 F	 4.85  
 375 V	 6.47  
 376 E	 59.70  
 377 L	 5.27  
 378 P	 10.61  
 379 P	 55.16  
 380 I	 3.82  
 381 L	 3.90  
 382 H	 13.14  
 383 V	 4.13  
 384 Q	 20.85  
 385 L	 2.30  
 386 M	 1.95  
 387 R	 24.90  
 388 F	 3.65  
 389 Q	 23.42  
 390 Y	 6.61  
 391 C	 3.24  
 392 G	 22.51  
 393 V	 6.68  
 394 E	 31.29  
 395 Q	 49.90  
 396 K	 33.71  
 397 I	 6.90  
 398 N	 41.23  
 399 E	 59.58  
 400 R	 28.20  
 401 F	 7.82  
 402 S	 46.22  
 403 F	 9.24  
 404 P	 38.82  
 405 E	 64.03  
 406 K	 33.07  
 407 M	 4.78  
 408 N	 43.45  
 409 L	 3.12  
 410 A	 8.77  
 411 S	 23.59  
 412 C	 1.41  
 413 C	 4.48  
 414 E	 62.17  
 415 L	 6.10  
 416 G	 5.36  
 417 P	 27.51  
 418 M	 7.40  
 419 L	 6.49  
 420 T	 30.95  
 421 E	 48.12  
 422 E	 52.02  
 423 D	 22.43  
 424 C	 3.33  
 425 V	 5.86  
 426 Y	 16.31  
 427 S	 8.03  
 428 L	 1.32  
 429 H	 14.09  
 430 A	 11.13  
 431 V	 3.90  
 432 L	 2.73  
 433 V	 2.44  
 434 H	 26.40  
 435 S	 32.32  
 436 G	 27.06  
 437 E	 37.17  
 438 F	 8.07  
 439 H	 36.70  
 440 G	 29.87  
 441 G	 10.61  
 442 H	 20.62  
 443 Y	 9.58  
 444 V	 2.45  
 445 T	 16.12  
 446 Y	 4.77  
 447 I	 3.20  
 448 N	 13.25  
 449 V	 6.14  
 450 N	 31.06  
 451 L	 4.06  
 452 H	 23.05  
 453 E	 43.49  
 454 S	 23.89  
 455 A	 13.52  
 456 V	 14.60  
 457 D	 40.24  
 458 P	 27.81  
 459 T	 30.74  
 460 S	 33.42  
 461 S	 36.02  
 462 A	 14.77  
 463 K	 55.88  
 464 W	 7.11  
 465 C	 2.87  
 466 K	 51.19  
 467 F	 12.95  
 468 D	 36.37  
 469 D	 54.45  
 470 D	 44.56  
 471 V	 5.61  
 472 V	 4.05  
 473 S	 24.61  
 474 R	 25.20  
 475 T	 26.92  
 476 T	 27.41  
 477 T	 31.13  
 478 D	 41.05  
 479 D	 35.78  
 480 A	 13.59  
 481 I	 4.49  
 482 V	 4.03  
 483 S	 21.96  
 484 N	 28.78  
 485 F	 11.79  
 486 G	 47.83  
 487 G	 29.14  
 488 E	 45.81  
 489 K	 57.24  
 490 T	 19.79  
 491 M	 7.30  
 492 N	 37.74  
 493 S	 12.91  
 494 S	 20.58  
 495 A	 8.12  
 496 Y	 7.91  
 497 M	 1.72  
 498 L	 1.31  
 499 V	 2.06  
 500 Y	 5.94  
 501 V	 4.90  
 502 R	 17.49  
 503 D	 38.58  
 504 N	 28.38  
 505 A	 15.83  
 506 I	 5.54  
 507 D	 30.67  
 508 Q	 29.19  
 509 F	 5.80  
 510 L	 4.62  
 511 A	 10.98  
 512 P	 40.57  
 513 I	 5.01  
 514 P	 33.86  
 515 D	 54.62  
 516 S	 25.34  
 517 Q	 59.78  
 518 I	 3.77  
 519 P	 16.86  
 520 Q	 59.08  
 521 S	 19.39  
 522 V	 3.65  
 523 S	 30.74  
 524 R	 41.08  
 525 T	 19.21  
 526 F	 9.05  
 527 E	 39.25  
 528 M	 2.95  
 529 E	 44.91  
 530 R	 34.19  
 531 L	 2.57  
 532 H	 31.06  
 533 R	 48.79  
 534 N	 45.79  
 535 R	 58.00  
 536 E	 73.17  
 537 K	 52.55  
 538 K	 58.81  
 539 K	 72.67  
 540 L	 16.01  
 541 E	 69.26  
 542 E	 62.57  
 543 E	 39.20  
 544 Q	 43.15  
 545 L	 2.16  
 546 C	 2.04  
 547 M	 5.81  
 548 G	 13.07  
 549 I	 0.59  
 550 V	 2.66  
 551 L	 3.16  
 552 V	 5.17  
 553 T	 15.87  
 554 P	 23.11  
 555 D	 38.33  
 556 I	 2.69  
 557 V	 6.61  
 558 A	 12.63  
 559 S	 24.96  
 560 N	 25.69  
 561 H	 27.61  
 562 S	 25.38  
 563 F	 7.00  
 564 D	 49.12  
 565 L	 4.27  
 566 V	 7.29  
 567 D	 43.75  
 568 Q	 27.81  
 569 S	 23.32  
 570 I	 2.37  
 571 V	 5.06  
 572 H	 22.79  
 573 D	 37.05  
 574 S	 24.12  
 575 I	 5.13  
 576 P	 24.18  
 577 H	 41.51  
 578 E	 39.44  
 579 T	 28.74  
 580 V	 6.12  
 581 W	 7.70  
 582 K	 22.36  
 583 H	 10.81  
 584 M	 2.57  
 585 F	 6.15  
 586 T	 16.20  
 587 A	 8.11  
 588 E	 44.97  
 589 L	 3.64  
 590 Y	 7.45  
 591 Q	 46.65  
 592 F	 3.13  
 593 V	 2.43  
 594 H	 18.76  
 595 D	 43.61  
 596 R	 26.80  
 597 L	 8.94  
 598 F	 13.31  
 599 E	 51.17  
 600 K	 35.86  
 601 S	 23.06  
 602 A	 18.59  
 603 M	 5.56  
 604 Q	 38.99  
 605 K	 27.82  
 606 I	 2.33  
 607 D	 38.44  
 608 M	 4.59  
 609 F	 7.84  
 610 D	 44.51  
 611 S	 35.38  
 612 D	 60.66  
 613 D	 56.24  
 614 E	 51.22  
 615 A	 18.84  
 616 R	 28.75  
 617 Q	 46.39  
 618 A	 11.70  
 619 R	 37.84  
 620 R	 39.94  
 621 D	 53.62  
 622 N	 33.37  
 623 L	 4.57  
 624 R	 44.53  
 625 R	 43.80  
 626 I	 4.83  
 627 K	 55.18  
 628 S	 38.41  
 629 K	 57.28  
 630 K	 53.26  
 631 F	 13.85  
 632 N	 29.97  
 633 F	 8.37  
 634 R	 34.15  
 635 L	 2.73  
 636 W	 5.46  
 637 R	 23.79  
 638 M	 3.10  
 639 T	 17.14  
 640 D	 35.91  
 641 S	 13.88  
 642 Y	 21.78  
 643 S	 27.92  
 644 L	 3.81  
 645 E	 41.88  
 646 R	 48.65  
 647 T	 24.97  
 648 T	 29.90  
 649 Q	 37.84  
 650 K	 52.20  
 651 L	 3.65  
 652 T	 20.88  
 653 S	 39.49  
 654 R	 29.49  
 655 L	 10.66  
 656 R	 31.43  
 657 P	 42.68  
 658 S	 38.41  
 659 E	 49.67  
 660 F	 7.19  
 661 I	 5.51  
 662 D	 32.93  
 663 C	 4.34  
 664 K	 45.76  
 665 T	 49.27  
 666 D	 18.48  
 667 T	 38.06  
 668 R	 33.12  
 669 L	 6.83  
 670 D	 31.83  
 671 T	 33.90  
 672 L	 4.29  
 673 L	 4.73  
 674 S	 30.71  
 675 Q	 60.42  
 676 D	 39.72  
 677 F	 7.46  
 678 E	 42.45  
 679 T	 20.01  
 680 I	 2.60  
 681 Y	 11.01  
 682 V	 5.46  
 683 E	 26.79  
 684 F	 7.26  
 685 S	 18.56  
 686 N	 59.84  
 687 N	 35.98  
 688 I	 5.78  
 689 E	 50.82  
 690 R	 26.20  
 691 P	 28.68  
 692 L	 4.31  
 693 C	 5.16  
 694 E	 54.87  
 695 Y	 20.00  
 696 D	 16.17  
 697 T	 23.77  
 698 A	 10.49  
 699 R	 36.88  
 700 D	 45.30  
 701 L	 3.61  
 702 L	 3.52  
 703 F	 9.58  
 704 F	 4.71  
 705 V	 2.82  
 706 K	 32.70  
 707 Y	 10.98  
 708 Y	 10.14  
 709 D	 27.23  
 710 T	 13.07  
 711 M	 4.10  
 712 T	 37.82  
 713 D	 33.00  
 714 K	 34.93  
 715 F	 7.07  
 716 T	 19.88  
 717 I	 3.90  
 718 I	 2.76  
 719 G	 13.33  
 720 H	 12.07  
 721 T	 17.83  
 722 M	 1.90  
 723 F	 10.74  
 724 D	 23.84  
 725 C	 2.52  
 726 H	 26.60  
 727 K	 66.08  
 728 R	 11.30  
 729 F	 9.84  
 730 N	 39.95  
 731 L	 3.27  
 732 Y	 11.18  
 733 R	 20.82  
 734 S	 11.53  
 735 M	 3.52  
 736 L	 2.06  
 737 C	 2.21  
 738 E	 29.85  
 739 M	 2.62  
 740 I	 2.09  
 741 G	 25.05  
 742 L	 1.87  
 743 P	 23.91  
 744 A	 41.21  
 745 D	 38.48  
 746 T	 45.37  
 747 E	 43.76  
 748 L	 4.73  
 749 K	 28.27  
 750 Y	 22.22  
 751 Y	 8.40  
 752 M	 2.49  
 753 E	 17.79  
 754 H	 15.29  
 755 A	 5.70  
 756 A	 10.70  
 757 S	 30.91  
 758 Y	 10.24  
 759 L	 3.67  
 760 E	 38.22  
 761 L	 3.16  
 762 V	 4.07  
 763 D	 57.53  
 764 L	 4.07  
 765 T	 15.42  
 766 Q	 54.91  
 767 N	 27.55  
 768 Y	 7.58  
 769 S	 26.56  
 770 I	 2.35  
 771 G	 15.78  
 772 R	 33.61  
 773 L	 4.85  
 774 V	 7.98  
 775 E	 55.31  
 776 E	 46.63  
 777 Q	 40.94  
 778 D	 61.64  
 779 G	 25.41  
 780 G	 20.53  
 781 I	 3.01  
 782 L	 3.90  
 783 V	 5.03  
 784 V	 5.44  
 785 E	 43.86  
 786 K	 33.49  
 787 V	 6.50  
 788 E	 48.38  
 789 T	 40.05  
 790 S	 13.57  
 791 T	 43.12  
 792 S	 27.97  
 793 T	 26.40  
 794 Q	 47.88  
 795 N	 49.55  
 796 A	 13.07  
 797 K	 58.98  
 798 Q	 48.06  
 799 K	 42.88  
 800 M	 4.34  
 801 N	 50.26  
 802 E	 37.08  
 803 L	 4.36  
 804 F	 4.46  
 805 L	 12.94  
 806 D	 27.48  
 807 V	 10.91  
 808 E	 35.68  
 809 V	 7.50  
 810 E	 26.96  
 811 F	 7.97  
 812 V	 2.70  
 813 Q	 32.89  
 814 S	 25.13  
 815 F	 4.33  
 816 Y	 31.17  
 817 N	 43.81  
 818 K	 59.32  
 819 K	 54.76  
 820 P	 56.70  
 821 E	 81.51  
 822 E	 78.48  
 823 E	 54.34  
 824 P	 41.16  
 825 F	 15.13  
 826 E	 54.55  
 827 Q	 49.14  
 828 F	 5.72  
 829 V	 3.99  
 830 K	 37.02  
 831 R	 21.39  
 832 I	 1.96  
 833 C	 3.86  
 834 L	 9.93  
 835 D	 46.73  
 836 D	 36.29  
 837 K	 45.21  
 838 L	 5.83  
 839 F	 6.77  
 840 T	 29.28  
 841 V	 5.03  
 842 A	 12.97  
 843 E	 45.90  
 844 E	 36.66  
 845 I	 3.83  
 846 G	 14.13  
 847 A	 20.60  
 848 R	 22.91  
 849 L	 7.90  
 850 N	 30.50  
 851 V	 18.46  
 852 D	 48.50  
 853 P	 33.80  
 854 K	 51.56  
 855 K	 47.89  
 856 V	 6.14  
 857 L	 3.57  
 858 I	 3.85  
 859 W	 3.65  
 860 T	 17.75  
 861 R	 12.95  
 862 V	 6.26  
 863 S	 27.97  
 864 G	 21.71  
 865 S	 26.70  
 866 R	 43.40  
 867 F	 17.49  
 868 E	 39.84  
 869 P	 32.28  
 870 F	 9.14  
 871 F	 11.62  
 872 D	 46.65  
 873 D	 26.11  
 874 Y	 12.83  
 875 M	 2.75  
 876 L	 3.80  
 877 N	 27.22  
 878 T	 16.19  
 879 C	 2.99  
 880 K	 53.71  
 881 G	 23.87  
 882 L	 1.61  
 883 M	 3.99  
 884 T	 36.54  
 885 R	 19.78  
 886 P	 20.73  
 887 V	 7.83  
 888 H	 41.88  
 889 D	 34.32  
 890 P	 14.13  
 891 R	 57.52  
 892 A	 21.42  
 893 Y	 9.40  
 894 K	 41.80  
 895 R	 16.29  
 896 Y	 15.81  
 897 R	 17.07  
 898 V	 3.65  
 899 Q	 16.97  
 900 Y	 8.67  
 901 A	 3.73  
 902 I	 2.83  
 903 M	 1.74  
 904 P	 20.04  
 905 F	 7.71  
 906 D	 41.37  
 907 I	 5.39  
 908 D	 49.36  
 909 E	 49.88  
 910 I	 6.20  
 911 S	 21.99  
 912 K	 42.43  
 913 H	 25.86  
 914 R	 26.84  
 915 I	 6.45  
 916 Q	 32.32  
 917 T	 27.61  
 918 K	 25.88  
 919 L	 6.31  
 920 F	 4.10  
 921 W	 14.83  
 922 Q	 39.44  
 923 L	 2.31  
 924 P	 29.65  
 925 N	 62.89  
 926 G	 25.03  
 927 H	 30.38  
 928 V	 6.92  
 929 E	 41.43  
 930 E	 46.06  
 931 L	 2.97  
 932 T	 29.63  
 933 L	 6.95  
 934 F	 5.84  
 935 P	 45.71  
 936 L	 6.55  
 937 K	 55.10  
 938 E	 68.71  
 939 G	 24.56  
 940 T	 18.51  
 941 V	 5.64  
 942 I	 2.94  
 943 D	 31.23  
 944 I	 2.21  
 945 I	 3.19  
 946 N	 43.43  
 947 E	 45.20  
 948 A	 9.35  
 949 K	 34.45  
 950 R	 43.17  
 951 Y	 18.13  
 952 Y	 8.33  
 953 P	 20.20  
 954 F	 4.52  
 955 V	 6.05  
 956 E	 59.21  
 957 G	 30.20  
 958 G	 21.51  
 959 S	 50.06  
 960 G	 36.07  
 961 K	 29.07  
 962 F	 8.31  
 963 R	 37.66  
 964 L	 4.67  
 965 L	 2.80  
 966 Q	 36.34  
 967 I	 5.25  
 968 G	 21.04  
 969 A	 12.26  
 970 P	 25.75  
 971 P	 48.14  
 972 L	 7.96  
 973 S	 36.37  
 974 N	 41.16  
 975 Q	 32.61  
 976 R	 33.10  
 977 V	 2.73  
 978 Y	 7.44  
 979 Q	 21.41  
 980 I	 2.33  
 981 Y	 11.67  
 982 G	 24.25  
 983 E	 30.03  
 984 N	 35.50  
 985 T	 22.59  
 986 L	 5.49  
 987 I	 2.57  
 988 S	 34.92  
 989 D	 47.47  
 990 L	 4.89  
 991 D	 40.69  
 992 Q	 50.47  
 993 R	 22.56  
 994 T	 21.15  
 995 M	 2.79  
 996 Y	 10.68  
 997 K	 31.43  
 998 L	 2.20  
 999 V	 4.53  
 1000 S	 27.46  
 1001 S	 16.40  
 1002 Q	 40.20  
 1003 A	 10.96  
 1004 L	 2.80  
 1005 H	 9.54  
 1006 C	 5.74  
 1007 R	 34.09  
 1008 L	 8.84  
 1009 E	 37.28  
 1010 E	 59.18  
 1011 V	 3.53  
 1012 P	 31.43  
 1013 I	 8.53  
 1014 D	 44.32  
 1015 E	 47.60  
 1016 L	 6.25  
 1017 D	 33.20  
 1018 M	 9.00  
 1019 S	 29.44  
 1020 P	 39.43  
 1021 G	 30.86  
 1022 E	 38.54  
 1023 F	 12.03  
 1024 L	 2.54  
 1025 C	 2.67  
 1026 P	 33.06  
 1027 V	 5.22  
 1028 V	 1.94  
 1029 H	 21.08  
 1030 F	 6.82  
 1031 D	 38.87  
 1032 R	 51.34  
 1033 E	 60.20  
 1034 P	 35.41  
 1035 T	 35.31  
 1036 K	 53.16  
 1037 L	 4.53  
 1038 F	 11.17  
 1039 G	 30.74  
 1040 L	 2.55  
 1041 S	 20.18  
 1042 F	 8.72  
 1043 V	 3.81  
 1044 I	 2.64  
 1045 K	 30.25  
 1046 I	 3.81  
 1047 R	 34.61  
 1048 N	 50.21  
 1049 N	 33.65  
 1050 E	 43.39  
 1051 L	 5.82  
 1052 M	 2.15  
 1053 T	 43.91  
 1054 E	 22.91  
 1055 V	 5.92  
 1056 R	 19.66  
 1057 D	 60.17  
 1058 R	 21.38  
 1059 L	 7.91  
 1060 R	 34.28  
 1061 R	 53.02  
 1062 K	 45.25  
 1063 L	 6.67  
 1064 N	 51.15  
 1065 D	 52.30  
 1066 V	 5.62  
 1067 S	 29.91  
 1068 D	 50.43  
 1069 A	 13.30  
 1070 D	 49.37  
 1071 F	 7.28  
 1072 A	 18.15  
 1073 K	 49.30  
 1074 Y	 14.12  
 1075 K	 24.37  
 1076 F	 5.41  
 1077 A	 11.93  
 1078 L	 5.13  
 1079 L	 3.37  
 1080 S	 39.00  
 1081 R	 45.08  
 1082 D	 53.28  
 1083 K	 36.70  
 1084 L	 5.72  
 1085 Q	 44.23  
 1086 L	 2.86  
 1087 C	 2.02  
 1088 R	 47.53  
 1089 T	 24.70  
 1090 I	 2.69  
 1091 E	 41.53  
 1092 F	 8.33  
 1093 N	 42.69  
 1094 N	 66.38  
 1095 G	 36.89  
 1096 E	 56.82  
 1097 K	 37.51  
 1098 V	 6.54  
 1099 N	 40.35  
 1100 L	 4.84  
 1101 A	 10.18  
 1102 D	 39.63  
 1103 M	 2.91  
 1104 A	 12.91  
 1105 N	 32.85  
 1106 Q	 30.79  
 1107 T	 25.89  
 1108 T	 26.81  
 1109 G	 32.28  
 1110 V	 2.55  
 1111 P	 21.18  
 1112 Q	 37.93  
 1113 V	 2.85  
 1114 Y	 5.52  
 1115 I	 4.67  
 1116 G	 13.83  
 1117 L	 4.53  
 1118 D	 41.79  
 1119 H	 37.22  
 1120 K	 58.56  
 1121 S	 24.66  
 1122 P	 34.75  
 1123 I	 8.10  
 1124 Q	 33.52  
 1125 H	 33.73  
 1126 S	 17.31  
 1127 S	 29.18  
 1128 E	 45.17  
 1129 A	 15.33  
 1130 A	 6.37  
 1131 I	 3.47  
 1132 R	 23.71  
 1133 I	 3.36  
 1134 L	 4.46  
 1135 N	 47.69  
