 1 M	 11.53  
 2 L	 6.24  
 3 K	 35.06  
 4 H	 20.03  
 5 F	 4.76  
 6 A	 15.17  
 7 R	 20.36  
 8 W	 9.09  
 9 R	 24.50  
 10 L	 6.50  
 11 G	 12.55  
 12 S	 23.42  
 13 Q	 49.36  
 14 L	 5.97  
 15 L	 3.30  
 16 K	 61.61  
 17 G	 13.28  
 18 C	 2.52  
 19 A	 24.38  
 20 A	 13.75  
 21 P	 11.87  
 22 V	 6.42  
 23 R	 25.86  
 24 Q	 50.66  
 25 A	 11.48  
 26 S	 28.29  
 27 K	 56.28  
 28 T	 25.97  
 29 S	 31.15  
 30 S	 44.85  
 31 A	 14.95  
 32 E	 55.29  
 33 N	 36.14  
 34 L	 1.82  
 35 I	 5.11  
 36 A	 23.25  
 37 G	 27.02  
 38 T	 28.31  
 39 E	 67.76  
 40 E	 53.52  
 41 P	 45.09  
 42 Q	 65.92  
 43 K	 59.92  
 44 K	 49.66  
 45 F	 9.16  
 46 V	 14.11  
 47 N	 34.72  
 48 P	 25.60  
 49 F	 10.00  
 50 S	 36.19  
 51 Q	 38.26  
 52 P	 38.73  
 53 A	 8.38  
 54 P	 40.18  
 55 A	 26.23  
 56 L	 4.84  
 57 S	 34.46  
 58 N	 51.82  
 59 D	 41.88  
 60 T	 30.56  
 61 I	 5.61  
 62 S	 36.89  
 63 E	 69.35  
 64 N	 50.69  
 65 K	 57.83  
 66 E	 70.60  
 67 E	 68.72  
 68 R	 56.70  
 69 D	 43.64  
 70 K	 66.89  
 71 R	 43.99  
 72 L	 5.76  
 73 K	 44.95  
 74 V	 4.95  
 75 L	 4.62  
 76 Q	 40.00  
 77 L	 5.25  
 78 E	 31.19  
 79 A	 23.31  
 80 D	 29.27  
 81 I	 4.80  
 82 A	 10.00  
 83 H	 26.93  
 84 Q	 45.90  
 85 E	 44.81  
 86 G	 19.00  
 87 R	 35.35  
 88 R	 56.40  
 89 V	 3.48  
 90 P	 31.24  
 91 S	 37.36  
 92 L	 5.64  
 93 E	 54.07  
 94 F	 12.83  
 95 F	 7.11  
 96 K	 62.57  
 97 D	 33.45  
 98 H	 28.66  
 99 H	 41.58  
 100 W	 8.25  
 101 E	 21.55  
 102 H	 18.07  
 103 V	 2.71  
 104 L	 4.37  
 105 T	 29.60  
 106 L	 4.42  
 107 P	 32.32  
 108 T	 40.52  
 109 K	 39.93  
 110 S	 25.84  
 111 A	 20.83  
 112 R	 32.78  
 113 I	 4.19  
 114 K	 29.04  
 115 Y	 10.40  
 116 F	 4.39  
 117 G	 17.34  
 118 Y	 8.55  
 119 L	 2.51  
 120 W	 6.66  
 121 Q	 21.11  
 122 I	 3.65  
 123 E	 29.83  
 124 M	 8.86  
 125 K	 34.37  
 126 K	 57.75  
 127 E	 52.54  
 128 A	 27.41  
 129 D	 50.32  
 130 Q	 67.17  
 131 R	 42.88  
 132 K	 51.18  
 133 K	 58.64  
 134 A	 17.97  
 135 E	 63.15  
 136 R	 56.68  
 137 A	 12.92  
 138 K	 64.77  
 139 E	 55.57  
 140 A	 18.19  
 141 E	 41.95  
 142 R	 45.48  
 143 R	 24.41  
 144 V	 7.10  
 145 A	 11.76  
 146 E	 36.34  
 147 M	 5.52  
 148 R	 29.23  
 149 K	 60.87  
 150 E	 55.76  
 151 R	 60.61  
 152 E	 57.60  
 153 E	 73.90  
 154 N	 32.00  
 155 T	 20.10  
 156 H	 18.94  
 157 I	 2.15  
 158 I	 1.41  
 159 Y	 12.99  
 160 G	 18.12  
 161 L	 2.26  
 162 G	 20.05  
 163 H	 19.82  
 164 T	 25.90  
 165 S	 16.08  
 166 L	 5.01  
 167 F	 4.28  
 168 L	 3.85  
 169 R	 20.34  
 170 I	 3.87  
 171 Y	 10.78  
 172 D	 34.69  
 173 T	 16.77  
 174 T	 19.51  
 175 I	 3.76  
 176 N	 28.40  
 177 H	 24.53  
 178 W	 9.71  
 179 Q	 29.75  
 180 N	 30.33  
 181 N	 25.82  
 182 R	 45.01  
 183 L	 4.06  
 184 T	 17.10  
 185 R	 32.43  
 186 A	 7.29  
 187 M	 2.80  
 188 Q	 30.30  
 189 F	 8.91  
 190 A	 5.96  
 191 P	 26.94  
 192 K	 37.91  
 193 M	 3.35  
 194 V	 5.21  
 195 L	 5.00  
 196 D	 14.12  
 197 C	 3.38  
 198 S	 34.97  
 199 Y	 31.51  
 200 D	 24.03  
 201 E	 36.48  
 202 H	 22.75  
 203 M	 4.47  
 204 N	 46.44  
 205 N	 35.28  
 206 R	 29.89  
 207 E	 47.70  
 208 A	 11.59  
 209 T	 14.67  
 210 Y	 16.17  
 211 A	 12.11  
 212 A	 6.96  
 213 K	 35.47  
 214 Q	 29.84  
 215 L	 2.02  
 216 M	 1.72  
 217 M	 2.01  
 218 C	 1.50  
 219 F	 5.34  
 220 A	 14.29  
 221 E	 25.72  
 222 N	 45.10  
 223 R	 19.45  
 224 M	 12.82  
 225 N	 47.45  
 226 D	 56.45  
 227 E	 42.75  
 228 P	 30.80  
 229 F	 17.14  
 230 D	 43.16  
 231 L	 2.95  
 232 H	 27.26  
 233 Y	 8.49  
 234 C	 2.86  
 235 N	 26.61  
 236 T	 23.01  
 237 Q	 21.50  
 238 M	 4.80  
 239 D	 24.10  
 240 S	 23.26  
 241 R	 18.70  
 242 C	 3.18  
 243 M	 2.70  
 244 Q	 44.61  
 245 S	 10.29  
 246 L	 1.57  
 247 Q	 41.18  
 248 R	 36.32  
 249 Y	 9.78  
 250 I	 2.20  
 251 P	 18.09  
 252 T	 22.85  
 253 M	 2.11  
 254 H	 49.52  
 255 N	 27.29  
 256 P	 29.90  
 257 E	 70.17  
 258 F	 8.53  
 259 P	 16.94  
 260 I	 11.85  
 261 N	 31.75  
 262 L	 5.09  
 263 H	 22.26  
 264 S	 33.99  
 265 K	 23.71  
 266 C	 5.98  
 267 F	 7.36  
 268 T	 41.05  
 269 E	 28.32  
 270 L	 8.94  
 271 F	 6.06  
 272 P	 50.36  
 273 K	 44.47  
 274 Q	 49.04  
 275 N	 37.29  
 276 L	 2.19  
 277 V	 4.89  
 278 Y	 14.18  
 279 L	 4.72  
 280 T	 8.03  
 281 P	 23.22  
 282 H	 20.31  
 283 C	 5.54  
 284 R	 37.11  
 285 E	 62.18  
 286 D	 27.38  
 287 L	 2.38  
 288 V	 9.15  
 289 T	 25.52  
 290 Y	 19.74  
 291 N	 24.94  
 292 P	 30.18  
 293 D	 51.83  
 294 D	 36.53  
 295 I	 3.09  
 296 Y	 9.13  
 297 I	 2.05  
 298 V	 1.93  
 299 G	 9.82  
 300 A	 5.50  
 301 M	 2.00  
 302 V	 5.70  
 303 D	 27.44  
 304 T	 15.47  
 305 M	 4.36  
 306 N	 52.37  
 307 N	 41.25  
 308 E	 42.48  
 309 P	 29.40  
 310 L	 5.52  
 311 S	 36.68  
 312 L	 8.15  
 313 A	 13.34  
 314 K	 60.79  
 315 A	 9.15  
 316 K	 47.66  
 317 R	 38.56  
 318 L	 8.15  
 319 G	 18.44  
 320 L	 3.91  
 321 R	 18.21  
 322 M	 2.83  
 323 A	 11.92  
 324 R	 27.74  
 325 L	 3.42  
 326 P	 27.02  
 327 L	 7.48  
 328 D	 34.93  
 329 R	 41.57  
 330 Y	 11.69  
 331 L	 3.43  
 332 Q	 33.28  
 333 W	 10.58  
 334 G	 14.79  
 335 S	 27.16  
 336 G	 36.16  
 337 S	 44.75  
 338 G	 27.39  
 339 K	 43.95  
 340 S	 30.06  
 341 L	 7.81  
 342 T	 30.65  
 343 L	 5.20  
 344 N	 24.92  
 345 Q	 36.93  
 346 M	 2.17  
 347 I	 1.97  
 348 N	 14.31  
 349 I	 1.69  
 350 M	 1.74  
 351 L	 6.54  
 352 D	 38.78  
 353 L	 5.58  
 354 K	 48.21  
 355 K	 66.10  
 356 T	 38.49  
 357 G	 42.78  
 358 D	 45.36  
 359 W	 13.24  
 360 D	 27.17  
 361 T	 29.63  
 362 A	 16.49  
 363 L	 4.24  
 364 K	 39.84  
 365 H	 35.35  
 366 V	 3.64  
 367 P	 30.03  
 368 R	 50.38  
 369 R	 30.01  
 370 K	 48.30  
 371 V	 5.20  
 372 V	 5.92  
 373 Q	 46.88  
 374 N	 40.20  
 375 E	 28.68  
 376 F	 18.59  
 377 Q	 25.14  
 378 P	 42.49  
 379 R	 48.91  
 380 R	 63.10  
 381 E	 65.20  
 382 K	 53.75  
 383 D	 43.67  
 384 H	 31.30  
 385 W	 14.02  
 386 S	 17.34  
 387 T	 37.06  
 388 G	 14.00  
 389 T	 22.65  
 390 R	 33.47  
 391 A	 16.88  
 392 R	 40.48  
 393 K	 43.14  
 394 L	 5.19  
 395 N	 22.26  
 396 M	 6.03  
 397 R	 30.06  
 398 I	 2.45  
 399 D	 23.28  
 400 H	 26.48  
 401 L	 3.80  
 402 F	 8.69  
 403 D	 57.35  
 404 F	 11.27  
 405 D	 54.85  
 406 E	 53.26  
 407 N	 46.40  
 408 R	 30.00  
 409 R	 41.91  
 410 Q	 45.84  
 411 A	 9.19  
 412 T	 17.58  
 413 S	 18.78  
 414 Y	 15.33  
 415 A	 16.75  
 416 T	 19.71  
 417 P	 18.64  
 418 Q	 57.61  
 419 N	 31.94  
 420 V	 4.67  
 421 R	 31.66  
 422 Q	 44.49  
 423 R	 28.22  
 424 R	 33.71  
 425 E	 71.03  
 426 G	 28.79  
 427 L	 5.23  
 428 E	 42.05  
 429 F	 11.98  
 430 Q	 29.11  
 431 L	 8.43  
 432 D	 29.44  
 433 T	 26.12  
 434 W	 7.47  
 435 A	 14.47  
 436 T	 36.15  
 437 G	 23.73  
 438 K	 55.37  
 439 Q	 65.23  
 440 K	 66.48  
 441 K	 52.20  
 442 K	 58.72  
 443 Q	 62.16  
 444 R	 47.06  
 445 Q	 58.45  
 446 N	 56.93  
