 1 M	 10.48  
 2 E	 42.67  
 3 T	 26.18  
 4 A	 7.47  
 5 L	 5.65  
 6 A	 16.67  
 7 E	 31.48  
 8 V	 6.04  
 9 Q	 21.11  
 10 L	 4.76  
 11 S	 5.90  
 12 C	 4.59  
 13 L	 5.72  
 14 L	 3.38  
 15 C	 2.05  
 16 E	 53.26  
 17 Q	 46.61  
 18 T	 10.94  
 19 F	 6.34  
 20 D	 56.84  
 21 A	 17.29  
 22 T	 35.18  
 23 E	 54.03  
 24 K	 57.81  
 25 L	 8.32  
 26 D	 52.95  
 27 E	 58.73  
 28 H	 36.45  
 29 L	 5.01  
 30 P	 26.24  
 31 T	 42.37  
 32 H	 30.37  
 33 F	 7.09  
 34 P	 29.93  
 35 Q	 50.51  
 36 P	 23.43  
 37 V	 7.24  
 38 S	 33.24  
 39 T	 33.28  
 40 G	 17.19  
 41 Q	 38.76  
 42 T	 17.31  
 43 C	 2.26  
 44 D	 42.47  
 45 I	 2.67  
 46 C	 1.60  
 47 G	 28.55  
 48 R	 22.42  
 49 T	 11.39  
 50 M	 3.64  
 51 R	 23.60  
 52 S	 28.58  
 53 S	 18.59  
 54 L	 9.53  
 55 E	 46.27  
 56 L	 5.97  
 57 H	 11.73  
 58 Q	 54.98  
 59 H	 21.23  
 60 Y	 7.21  
 61 K	 44.34  
 62 R	 30.76  
 63 Y	 10.40  
 64 H	 29.78  
 65 E	 31.38  
 66 A	 8.82  
 67 H	 32.36  
 68 V	 5.15  
 69 P	 31.96  
 70 N	 50.07  
 71 T	 36.96  
 72 E	 58.26  
 73 G	 25.52  
 74 H	 11.90  
 75 F	 13.13  
 76 Q	 14.36  
 77 C	 3.05  
 78 Q	 34.05  
 79 L	 5.54  
 80 C	 1.64  
 81 D	 59.76  
 82 K	 33.61  
 83 V	 2.33  
 84 F	 7.49  
 85 L	 4.74  
 86 L	 3.69  
 87 Q	 37.92  
 88 D	 49.40  
 89 H	 18.00  
 90 L	 9.25  
 91 K	 27.20  
 92 V	 8.69  
 93 H	 17.36  
 94 V	 8.17  
 95 K	 27.74  
 96 I	 4.57  
 97 E	 23.04  
 98 H	 37.08  
 99 A	 8.46  
 100 T	 31.68  
 101 D	 55.36  
 102 G	 20.72  
 103 Y	 21.49  
 104 Q	 44.49  
 105 P	 43.15  
 106 D	 61.50  
 107 E	 51.75  
 108 K	 64.79  
 109 S	 29.52  
 110 L	 13.21  
 111 D	 50.51  
 112 W	 7.67  
 113 Q	 25.88  
 114 H	 22.30  
 115 Y	 12.79  
 116 S	 16.23  
 117 P	 23.78  
 118 R	 43.86  
 119 S	 33.70  
 120 L	 7.77  
 121 D	 53.37  
 122 T	 32.56  
 123 T	 26.26  
 124 N	 53.35  
 125 D	 39.59  
 126 Y	 18.60  
 127 K	 49.64  
 128 L	 8.45  
 129 D	 24.84  
 130 P	 31.71  
 131 I	 6.54  
 132 L	 4.34  
 133 C	 5.01  
 134 P	 44.79  
 135 P	 46.15  
 136 P	 33.94  
 137 K	 68.26  
 138 R	 49.90  
 139 K	 69.13  
 140 Y	 23.62  
 141 P	 22.36  
 142 P	 46.41  
 143 R	 53.08  
 144 S	 31.65  
 145 P	 38.84  
 146 F	 11.02  
 147 F	 19.75  
 148 N	 25.57  
 149 P	 31.94  
 150 N	 44.98  
 151 L	 4.16  
 152 W	 10.21  
 153 L	 4.58  
 154 G	 21.21  
 155 A	 11.59  
 156 D	 51.11  
 157 N	 22.01  
 158 C	 2.93  
 159 F	 9.03  
 160 M	 6.14  
