 1 M	 8.00  
 2 A	 18.15  
 3 K	 38.51  
 4 V	 3.55  
 5 I	 2.78  
 6 S	 25.62  
 7 Q	 42.51  
 8 D	 42.42  
 9 T	 22.71  
 10 F	 11.54  
 11 D	 50.30  
 12 D	 42.81  
 13 V	 7.73  
 14 V	 9.17  
 15 K	 43.34  
 16 E	 43.58  
 17 N	 37.10  
 18 V	 4.59  
 19 V	 10.42  
 20 E	 27.93  
 21 F	 4.01  
 22 S	 14.29  
 23 M	 8.52  
 24 T	 23.59  
 25 P	 22.87  
 26 S	 40.81  
 27 E	 66.03  
 28 A	 28.97  
 29 K	 52.62  
 30 E	 68.38  
 31 E	 55.94  
 32 T	 34.27  
 33 I	 3.60  
 34 K	 57.25  
 35 Q	 37.25  
 36 F	 7.74  
 37 E	 37.27  
 38 A	 17.75  
 39 Q	 46.21  
 40 G	 20.14  
 41 I	 2.25  
 42 N	 39.67  
 43 L	 3.50  
 44 A	 10.73  
 45 N	 39.42  
 46 I	 3.26  
 47 I	 2.59  
 48 K	 49.14  
 49 D	 33.49  
 50 L	 5.38  
 51 S	 29.95  
 52 V	 18.42  
 53 N	 21.42  
 54 P	 30.84  
 55 Q	 53.73  
 56 T	 38.76  
 57 G	 25.25  
 58 Q	 32.26  
 59 P	 30.24  
 60 V	 5.88  
 61 I	 4.99  
 62 N	 38.84  
 63 E	 38.80  
 64 T	 29.53  
 65 V	 6.02  
 66 D	 55.15  
 67 K	 51.87  
 68 I	 5.68  
 69 K	 49.32  
 70 E	 44.18  
 71 H	 25.20  
 72 I	 7.02  
 73 G	 22.07  
 74 Q	 46.70  
 75 K	 53.29  
 76 L	 5.74  
 77 E	 61.40  
 78 E	 72.04  
 79 T	 19.05  
 80 T	 28.10  
 81 E	 59.79  
 82 L	 6.31  
 83 L	 2.99  
 84 E	 57.06  
 85 Q	 36.05  
 86 L	 2.61  
 87 A	 13.05  
 88 T	 33.49  
 89 L	 4.96  
 90 D	 35.65  
 91 A	 27.48  
 92 E	 46.68  
 93 C	 7.83  
 94 K	 36.58  
 95 K	 63.46  
 96 S	 19.11  
 97 L	 6.81  
 98 A	 8.77  
 99 H	 26.19  
 100 R	 21.38  
 101 V	 2.85  
 102 L	 5.40  
 103 A	 24.85  
 104 G	 21.57  
 105 K	 46.75  
 106 N	 52.55  
 107 G	 27.98  
 108 A	 13.54  
 109 H	 23.44  
 110 D	 42.40  
 111 A	 7.33  
 112 L	 3.70  
 113 I	 2.46  
 114 T	 26.58  
 115 L	 4.49  
 116 L	 4.12  
 117 E	 52.64  
 118 E	 55.83  
 119 T	 19.35  
 120 L	 5.30  
 121 S	 37.09  
 122 A	 25.13  
 123 E	 64.45  
 124 S	 32.51  
 125 P	 39.86  
 126 N	 64.55  
 127 E	 45.68  
 128 S	 39.11  
 129 V	 8.08  
 130 L	 8.88  
 131 K	 37.85  
 132 K	 56.99  
 133 S	 29.83  
 134 L	 7.66  
 135 E	 55.37  
 136 A	 16.14  
 137 I	 2.35  
 138 N	 37.71  
 139 S	 28.65  
 140 L	 5.13  
 141 T	 27.18  
 142 H	 31.85  
 143 K	 59.29  
 144 Q	 29.18  
 145 P	 45.11  
 146 D	 58.43  
 147 L	 5.50  
 148 F	 12.48  
 149 D	 51.28  
 150 A	 10.10  
 151 E	 40.60  
 152 A	 7.92  
 153 M	 1.88  
 154 A	 8.70  
 155 V	 3.13  
 156 V	 2.57  
 157 L	 2.32  
 158 K	 29.82  
 159 L	 2.71  
 160 L	 5.12  
 161 A	 18.77  
 162 L	 6.87  
 163 K	 38.05  
 164 V	 11.56  
 165 E	 51.34  
 166 S	 41.88  
 167 E	 42.87  
 168 E	 50.51  
 169 V	 3.92  
 170 T	 21.23  
 171 L	 4.09  
 172 L	 3.07  
 173 T	 21.73  
 174 L	 3.29  
 175 Q	 33.33  
 176 W	 12.13  
 177 L	 2.12  
 178 Q	 28.48  
 179 K	 42.95  
 180 A	 3.82  
 181 C	 3.50  
 182 I	 3.64  
 183 M	 1.89  
 184 H	 15.96  
 185 E	 22.29  
 186 M	 2.81  
 187 N	 39.13  
 188 R	 29.61  
 189 Q	 38.50  
 190 N	 32.04  
 191 I	 1.38  
 192 M	 6.16  
 193 N	 27.38  
 194 T	 9.67  
 195 S	 26.97  
 196 A	 13.48  
 197 L	 4.36  
 198 K	 46.37  
 199 L	 5.77  
 200 M	 3.93  
 201 K	 42.84  
 202 P	 20.89  
 203 L	 9.09  
 204 L	 10.13  
 205 G	 44.33  
 206 K	 63.86  
 207 G	 34.99  
 208 K	 43.06  
 209 D	 58.79  
 210 R	 38.27  
 211 L	 6.46  
 212 V	 4.68  
 213 R	 37.49  
 214 E	 42.89  
 215 L	 2.33  
 216 T	 18.93  
 217 A	 15.86  
 218 V	 2.74  
 219 F	 4.19  
 220 R	 19.86  
 221 F	 3.62  
 222 L	 3.05  
 223 V	 5.18  
 224 L	 6.94  
 225 D	 44.02  
 226 D	 49.42  
 227 D	 30.20  
 228 I	 7.36  
 229 R	 28.98  
 230 V	 7.94  
 231 E	 26.86  
 232 F	 9.97  
 233 G	 8.32  
 234 C	 4.19  
 235 A	 16.10  
 236 H	 31.30  
 237 E	 22.25  
 238 H	 19.15  
 239 A	 11.33  
 240 R	 30.28  
 241 Q	 30.57  
 242 I	 4.42  
 243 A	 10.35  
 244 G	 27.46  
 245 E	 25.73  
 246 V	 4.60  
 247 L	 1.84  
 248 I	 3.19  
 249 T	 22.16  
 250 L	 1.92  
 251 V	 3.49  
 252 E	 47.94  
 253 L	 5.60  
 254 L	 1.12  
 255 P	 41.36  
 256 A	 18.00  
 257 Y	 16.12  
 258 Q	 62.89  
 259 D	 24.86  
 260 P	 19.80  
 261 N	 50.12  
 262 V	 5.92  
 263 L	 3.79  
 264 A	 10.92  
 265 D	 33.42  
 266 L	 3.34  
 267 L	 4.00  
 268 L	 4.22  
 269 T	 19.82  
 270 I	 3.91  
 271 G	 14.94  
 272 T	 14.00  
 273 L	 3.32  
 274 A	 8.35  
 275 V	 7.94  
 276 R	 20.74  
 277 Q	 41.22  
 278 E	 34.94  
 279 L	 2.08  
 280 C	 2.08  
 281 T	 38.99  
 282 A	 13.26  
 283 I	 2.37  
 284 D	 36.91  
 285 E	 43.00  
 286 A	 17.38  
 287 G	 39.66  
 288 G	 36.66  
 289 L	 3.51  
 290 K	 48.09  
 291 S	 36.76  
 292 V	 4.82  
 293 F	 7.31  
 294 E	 35.31  
 295 I	 1.89  
 296 M	 2.57  
 297 S	 23.03  
 298 S	 24.83  
 299 N	 44.18  
 300 L	 6.84  
 301 D	 57.50  
 302 E	 32.48  
 303 V	 9.35  
 304 R	 24.97  
 305 L	 9.52  
 306 N	 29.22  
 307 R	 34.85  
 308 E	 58.23  
 309 A	 13.53  
 310 L	 3.26  
 311 K	 53.15  
 312 L	 3.99  
 313 L	 2.62  
 314 R	 37.68  
 315 A	 11.18  
 316 L	 4.44  
 317 A	 16.77  
 318 G	 32.45  
 319 Q	 33.91  
 320 D	 55.25  
 321 S	 24.45  
 322 V	 11.24  
 323 K	 40.02  
 324 S	 19.11  
 325 H	 20.65  
 326 I	 3.74  
 327 V	 2.66  
 328 Q	 33.44  
 329 Q	 37.12  
 330 G	 10.64  
 331 V	 5.07  
 332 A	 9.08  
 333 P	 26.82  
 334 I	 4.42  
 335 I	 1.96  
 336 K	 35.30  
 337 Q	 40.65  
 338 L	 3.86  
 339 L	 7.08  
 340 E	 53.49  
 341 T	 25.78  
 342 H	 21.50  
 343 Q	 56.20  
 344 S	 38.21  
 345 N	 39.50  
 346 E	 54.29  
 347 N	 37.98  
 348 I	 1.49  
 349 V	 4.46  
 350 A	 5.34  
 351 A	 7.66  
 352 A	 5.97  
 353 L	 3.04  
 354 A	 4.88  
 355 C	 2.65  
 356 V	 3.68  
 357 T	 18.90  
 358 T	 9.43  
 359 L	 2.87  
 360 T	 15.49  
 361 L	 5.93  
 362 R	 23.88  
 363 V	 9.84  
 364 Q	 35.93  
 365 E	 36.63  
 366 H	 12.97  
 367 S	 22.12  
 368 A	 15.36  
 369 A	 14.51  
 370 F	 5.95  
 371 F	 7.63  
 372 D	 37.25  
 373 T	 25.90  
 374 G	 20.96  
 375 I	 2.99  
 376 A	 13.32  
 377 E	 30.75  
 378 V	 4.37  
 379 I	 1.42  
 380 V	 4.20  
 381 E	 30.75  
 382 A	 7.46  
 383 L	 2.92  
 384 R	 37.59  
 385 A	 24.96  
 386 H	 26.05  
 387 P	 39.19  
 388 K	 47.89  
 389 H	 29.53  
 390 K	 51.18  
 391 I	 2.97  
 392 V	 5.36  
 393 Q	 36.27  
 394 R	 32.43  
 395 N	 27.69  
 396 G	 25.37  
 397 A	 8.97  
 398 W	 8.13  
 399 A	 7.13  
 400 I	 1.97  
 401 R	 19.90  
 402 N	 29.15  
 403 M	 1.76  
 404 V	 4.99  
 405 S	 17.48  
 406 R	 28.38  
 407 S	 28.25  
 408 R	 35.81  
 409 N	 52.69  
 410 Q	 25.88  
 411 C	 6.01  
 412 E	 37.10  
 413 T	 35.41  
 414 W	 2.20  
 415 I	 2.97  
 416 S	 13.91  
 417 F	 10.53  
 418 G	 18.34  
 419 V	 4.95  
 420 E	 43.23  
 421 D	 54.79  
 422 L	 2.05  
 423 L	 6.78  
 424 N	 24.38  
 425 M	 3.78  
 426 A	 12.57  
 427 M	 3.49  
 428 K	 43.25  
 429 E	 48.20  
 430 H	 17.89  
 431 P	 40.96  
 432 S	 39.95  
 433 V	 10.11  
 434 E	 47.04  
 435 Q	 56.42  
 436 D	 30.74  
 437 I	 3.06  
 438 K	 35.58  
 439 A	 16.44  
 440 A	 9.72  
 441 L	 5.38  
 442 R	 32.17  
 443 D	 48.54  
 444 L	 6.35  
 445 G	 13.12  
 446 C	 5.09  
 447 S	 15.69  
 448 V	 5.99  
 449 H	 11.68  
 450 L	 7.45  
 451 R	 25.55  
 452 E	 65.33  
 453 E	 43.85  
 454 W	 8.72  
 455 T	 28.12  
 456 G	 24.81  
 457 T	 25.03  
 458 A	 28.14  
 459 E	 55.51  
 460 K	 47.19  
 461 K	 29.14  
 462 I	 6.09  
 463 A	 18.92  
 464 A	 24.34  
