 1 M	 5.51  
 2 P	 50.27  
 3 S	 36.70  
 4 T	 23.89  
 5 N	 35.82  
 6 R	 40.17  
 7 A	 17.62  
 8 G	 30.21  
 9 S	 31.12  
 10 L	 7.74  
 11 K	 73.30  
 12 D	 51.89  
 13 P	 33.05  
 14 E	 66.03  
 15 I	 4.37  
 16 A	 13.04  
 17 E	 52.34  
 18 L	 4.52  
 19 F	 6.56  
 20 F	 15.38  
 21 K	 54.60  
 22 E	 73.89  
 23 D	 58.19  
 24 P	 41.53  
 25 E	 74.78  
 26 K	 55.05  
 27 L	 5.50  
 28 F	 8.07  
 29 T	 44.56  
 30 D	 36.07  
 31 L	 4.87  
 32 R	 35.97  
 33 E	 61.70  
 34 I	 3.89  
 35 G	 17.85  
 36 H	 34.09  
 37 G	 21.32  
 38 S	 18.16  
 39 F	 9.60  
 40 G	 18.81  
 41 A	 7.28  
 42 V	 4.06  
 43 Y	 7.32  
 44 F	 3.45  
 45 A	 6.78  
 46 R	 32.81  
 47 D	 30.71  
 48 V	 7.29  
 49 R	 35.80  
 50 T	 35.26  
 51 N	 29.51  
 52 E	 37.44  
 53 V	 3.70  
 54 V	 3.58  
 55 A	 17.04  
 56 I	 2.73  
 57 K	 32.46  
 58 K	 27.28  
 59 M	 3.74  
 60 S	 25.65  
 61 Y	 20.24  
 62 S	 32.01  
 63 G	 24.64  
 64 K	 34.82  
 65 Q	 60.14  
 66 S	 41.86  
 67 T	 38.81  
 68 E	 58.50  
 69 K	 50.69  
 70 W	 8.54  
 71 Q	 42.99  
 72 D	 43.39  
 73 I	 2.65  
 74 I	 4.13  
 75 K	 57.71  
 76 E	 40.30  
 77 V	 4.51  
 78 K	 41.26  
 79 F	 9.44  
 80 L	 2.50  
 81 Q	 48.46  
 82 R	 41.91  
 83 I	 2.87  
 84 K	 56.02  
 85 H	 25.14  
 86 P	 31.12  
 87 N	 56.17  
 88 S	 22.65  
 89 I	 9.48  
 90 E	 40.80  
 91 Y	 15.83  
 92 K	 29.70  
 93 G	 12.37  
 94 C	 2.24  
 95 Y	 19.91  
 96 L	 6.35  
 97 R	 13.74  
 98 E	 42.89  
 99 H	 17.91  
 100 T	 18.12  
 101 A	 10.26  
 102 W	 7.22  
 103 L	 2.14  
 104 V	 1.59  
 105 M	 2.59  
 106 E	 26.14  
 107 Y	 3.78  
 108 C	 1.90  
 109 L	 6.25  
 110 G	 20.01  
 111 S	 16.20  
 112 A	 12.79  
 113 S	 30.41  
 114 D	 55.80  
 115 L	 3.99  
 116 L	 8.51  
 117 E	 50.28  
 118 V	 8.94  
 119 H	 24.05  
 120 K	 62.35  
 121 K	 35.76  
 122 P	 44.04  
 123 L	 10.47  
 124 Q	 62.30  
 125 E	 50.21  
 126 V	 4.09  
 127 E	 26.59  
 128 I	 3.66  
 129 A	 4.55  
 130 A	 16.93  
 131 I	 1.85  
 132 T	 14.99  
 133 H	 17.26  
 134 G	 21.23  
 135 A	 6.79  
 136 L	 4.99  
 137 Q	 44.30  
 138 G	 17.08  
 139 L	 1.50  
 140 A	 16.21  
 141 Y	 15.25  
 142 L	 2.51  
 143 H	 12.59  
 144 S	 20.32  
 145 H	 14.54  
 146 T	 22.34  
 147 M	 1.71  
 148 I	 2.24  
 149 H	 15.56  
 150 R	 36.10  
 151 D	 32.36  
 152 I	 3.12  
 153 K	 55.31  
 154 A	 19.32  
 155 G	 19.40  
 156 N	 26.96  
 157 I	 3.05  
 158 L	 5.85  
 159 L	 4.51  
 160 T	 36.37  
 161 E	 47.61  
 162 P	 33.03  
 163 G	 38.39  
 164 Q	 39.63  
 165 V	 7.32  
 166 K	 30.03  
 167 L	 6.09  
 168 A	 12.36  
 169 D	 59.90  
 170 F	 7.48  
 171 G	 23.89  
 172 S	 19.71  
 173 A	 12.05  
 174 S	 19.31  
 175 M	 4.24  
 176 A	 15.18  
 177 S	 18.86  
 178 P	 26.39  
 179 A	 23.08  
 180 N	 39.09  
 181 S	 24.34  
 182 F	 6.19  
 183 V	 9.30  
 184 G	 20.97  
 185 T	 14.11  
 186 P	 18.17  
 187 Y	 13.98  
 188 W	 4.25  
 189 M	 3.53  
 190 A	 5.29  
 191 P	 21.93  
 192 E	 32.43  
 193 V	 4.18  
 194 I	 1.61  
 195 L	 3.79  
 196 A	 7.70  
 197 M	 4.28  
 198 D	 51.79  
 199 E	 34.80  
 200 G	 27.38  
 201 Q	 30.97  
 202 Y	 37.20  
 203 D	 42.42  
 204 G	 27.27  
 205 K	 32.15  
 206 V	 9.80  
 207 D	 39.39  
 208 V	 4.13  
 209 W	 5.38  
 210 S	 19.30  
 211 L	 3.18  
 212 G	 13.98  
 213 I	 3.26  
 214 T	 12.96  
 215 C	 1.84  
 216 I	 3.49  
 217 E	 44.04  
 218 L	 2.80  
 219 A	 11.19  
 220 E	 74.08  
 221 R	 51.69  
 222 K	 42.36  
 223 P	 36.73  
 224 P	 53.25  
 225 L	 7.03  
 226 F	 11.41  
 227 N	 30.40  
 228 M	 2.37  
 229 N	 33.33  
 230 A	 5.20  
 231 M	 1.73  
 232 S	 16.83  
 233 A	 10.08  
 234 L	 2.22  
 235 Y	 7.30  
 236 H	 15.12  
 237 I	 2.39  
 238 A	 7.88  
 239 Q	 54.33  
 240 N	 42.57  
 241 E	 46.12  
 242 S	 30.63  
 243 P	 30.83  
 244 T	 46.86  
 245 L	 6.28  
 246 Q	 46.84  
 247 S	 39.57  
 248 N	 41.62  
 249 E	 54.31  
 250 W	 10.76  
 251 S	 19.09  
 252 D	 47.89  
 253 Y	 10.02  
 254 F	 6.55  
 255 R	 29.46  
 256 N	 31.25  
 257 F	 5.87  
 258 V	 6.38  
 259 D	 29.51  
 260 S	 16.07  
 261 C	 3.95  
 262 L	 7.23  
 263 Q	 46.06  
 264 K	 43.32  
 265 I	 2.09  
 266 P	 36.73  
 267 Q	 63.92  
 268 D	 53.85  
 269 R	 31.02  
 270 P	 48.87  
 271 T	 50.06  
 272 S	 31.58  
 273 E	 55.96  
 274 E	 60.20  
 275 L	 7.29  
 276 L	 4.25  
 277 K	 47.48  
 278 H	 20.77  
 279 I	 2.14  
 280 F	 4.18  
 281 V	 4.94  
 282 L	 3.07  
 283 R	 32.35  
 284 E	 69.31  
 285 R	 28.11  
 286 P	 36.54  
 287 E	 58.74  
 288 T	 24.24  
 289 V	 4.15  
 290 L	 3.09  
 291 I	 3.35  
 292 D	 33.29  
 293 L	 2.59  
 294 I	 2.00  
 295 Q	 55.05  
 296 R	 36.43  
 297 T	 19.53  
 298 K	 45.97  
 299 D	 50.08  
 300 A	 12.11  
 301 V	 7.58  
 302 R	 40.24  
 303 E	 54.60  
 304 L	 3.56  
 305 D	 49.38  
 306 N	 41.49  
 307 L	 4.77  
 308 Q	 42.09  
 309 Y	 18.50  
 310 R	 21.45  
 311 K	 50.57  
 312 M	 3.24  
 313 K	 43.22  
 314 K	 47.10  
 315 L	 4.90  
 316 L	 5.98  
 317 F	 10.01  
 318 Q	 47.11  
 319 E	 44.56  
 320 A	 7.23  
 321 H	 38.74  
 322 N	 66.25  
 323 G	 11.15  
 324 P	 38.15  
 325 A	 17.12  
 326 V	 7.63  
 327 E	 46.90  
 328 A	 18.58  
 329 Q	 45.16  
 330 E	 74.54  
 331 E	 59.64  
 332 E	 67.11  
 333 E	 65.32  
 334 E	 65.67  
 335 Q	 51.81  
 336 D	 43.73  
 337 H	 32.31  
 338 G	 31.68  
 339 V	 4.15  
 340 G	 26.48  
 341 R	 27.81  
 342 T	 31.13  
 343 G	 26.72  
 344 T	 18.85  
 345 V	 5.49  
 346 N	 30.71  
 347 S	 24.42  
 348 V	 9.10  
 349 G	 22.24  
 350 S	 29.55  
 351 N	 33.42  
 352 Q	 44.42  
 353 S	 40.49  
 354 I	 1.79  
 355 P	 29.26  
 356 S	 24.40  
 357 M	 3.28  
 358 S	 20.10  
 359 I	 2.74  
 360 S	 18.13  
 361 A	 16.13  
 362 S	 23.32  
 363 S	 33.52  
 364 Q	 44.85  
 365 S	 26.91  
 366 S	 30.57  
 367 S	 30.48  
 368 V	 6.44  
 369 N	 39.51  
 370 S	 38.84  
 371 L	 3.37  
 372 P	 39.52  
 373 D	 58.82  
 374 V	 6.80  
 375 S	 47.69  
 376 D	 68.17  
 377 D	 49.20  
 378 K	 51.31  
 379 S	 50.84  
 380 E	 55.30  
 381 L	 7.07  
 382 D	 30.26  
 383 M	 4.04  
 384 M	 5.34  
 385 E	 55.63  
 386 G	 17.69  
 387 D	 22.45  
 388 H	 31.08  
 389 T	 23.73  
 390 V	 3.39  
 391 M	 3.10  
 392 S	 29.26  
 393 N	 21.87  
 394 S	 20.76  
 395 S	 29.37  
 396 V	 2.99  
 397 I	 3.21  
 398 H	 26.16  
 399 L	 7.32  
 400 K	 35.90  
 401 P	 61.67  
 402 E	 76.10  
 403 E	 61.13  
 404 E	 58.88  
 405 N	 44.43  
 406 Y	 23.76  
 407 R	 47.26  
 408 E	 56.84  
 409 E	 60.95  
 410 G	 45.53  
 411 D	 32.56  
 412 P	 50.85  
 413 R	 41.40  
 414 T	 35.66  
 415 R	 33.11  
 416 A	 20.06  
 417 S	 46.67  
 418 D	 44.25  
 419 P	 33.77  
 420 Q	 73.83  
 421 S	 43.89  
 422 P	 20.35  
 423 P	 53.07  
 424 Q	 49.56  
 425 V	 7.19  
 426 S	 24.34  
 427 R	 42.25  
 428 H	 28.59  
 429 K	 37.51  
 430 S	 21.45  
 431 H	 30.30  
 432 Y	 19.37  
 433 R	 30.24  
 434 N	 46.67  
 435 R	 29.75  
 436 E	 47.08  
 437 H	 17.88  
 438 F	 5.70  
 439 A	 12.20  
 440 T	 15.28  
 441 I	 3.10  
 442 R	 21.64  
 443 T	 19.42  
 444 A	 7.33  
 445 S	 23.82  
 446 L	 4.18  
 447 V	 3.72  
 448 T	 22.07  
 449 R	 23.61  
 450 Q	 28.66  
 451 M	 4.56  
 452 Q	 40.32  
 453 E	 44.01  
 454 H	 22.56  
 455 E	 56.16  
 456 Q	 62.53  
 457 D	 40.89  
 458 S	 37.92  
 459 E	 61.20  
 460 L	 9.40  
 461 R	 28.22  
 462 E	 64.36  
 463 Q	 25.55  
 464 M	 2.62  
 465 S	 38.37  
 466 G	 27.00  
 467 Y	 6.52  
 468 K	 43.15  
 469 R	 18.50  
 470 M	 3.47  
 471 R	 38.86  
 472 R	 29.05  
 473 Q	 32.76  
 474 H	 34.69  
 475 Q	 27.18  
 476 K	 43.18  
 477 Q	 29.87  
 478 L	 3.50  
 479 M	 3.58  
 480 T	 39.24  
 481 L	 4.20  
 482 E	 43.06  
 483 N	 59.06  
 484 K	 41.82  
 485 L	 10.81  
 486 K	 43.86  
 487 A	 27.99  
 488 E	 45.65  
 489 M	 9.77  
 490 D	 39.80  
 491 E	 29.60  
 492 H	 29.79  
 493 R	 21.32  
 494 L	 7.42  
 495 R	 40.57  
 496 L	 13.05  
 497 D	 35.67  
 498 K	 69.66  
 499 D	 49.78  
 500 L	 10.65  
 501 E	 53.69  
 502 T	 39.88  
 503 Q	 36.41  
 504 R	 47.69  
 505 N	 37.85  
 506 N	 30.07  
 507 F	 8.55  
 508 A	 12.49  
 509 A	 16.72  
 510 E	 44.43  
 511 M	 4.76  
 512 E	 35.89  
 513 K	 54.95  
 514 L	 4.41  
 515 I	 9.17  
 516 K	 55.42  
 517 K	 33.68  
 518 H	 19.94  
 519 Q	 39.43  
 520 A	 14.43  
 521 A	 10.49  
 522 M	 9.42  
 523 E	 42.91  
 524 K	 50.30  
 525 E	 40.18  
 526 A	 22.32  
 527 K	 39.29  
 528 V	 7.01  
 529 M	 3.34  
 530 S	 44.04  
 531 N	 43.27  
 532 E	 64.98  
 533 E	 66.84  
 534 K	 53.35  
 535 K	 52.24  
 536 F	 14.49  
 537 Q	 42.70  
 538 Q	 38.49  
 539 H	 11.89  
 540 I	 2.93  
 541 Q	 30.87  
 542 A	 17.11  
 543 Q	 38.97  
 544 Q	 62.90  
 545 K	 35.81  
 546 K	 64.20  
 547 E	 61.29  
 548 L	 10.00  
 549 N	 31.63  
 550 S	 43.78  
 551 F	 9.50  
 552 L	 6.59  
 553 E	 49.46  
 554 S	 43.05  
 555 Q	 39.18  
 556 K	 57.38  
 557 R	 44.85  
 558 E	 54.80  
 559 Y	 21.25  
 560 K	 36.74  
 561 L	 10.41  
 562 R	 35.99  
 563 K	 61.32  
 564 E	 55.50  
 565 Q	 61.95  
 566 L	 8.70  
 567 K	 49.16  
 568 E	 76.06  
 569 E	 56.14  
 570 L	 11.61  
 571 N	 49.83  
 572 E	 70.08  
 573 N	 39.78  
 574 Q	 42.37  
 575 S	 59.25  
 576 T	 29.39  
 577 P	 51.47  
 578 K	 73.90  
 579 K	 71.93  
 580 E	 67.13  
 581 K	 63.50  
 582 Q	 48.46  
 583 E	 62.54  
 584 W	 11.93  
 585 L	 4.51  
 586 S	 33.83  
 587 K	 64.32  
 588 Q	 55.72  
 589 K	 57.37  
 590 E	 58.01  
 591 N	 46.38  
 592 I	 3.36  
 593 Q	 42.81  
 594 H	 17.00  
 595 F	 4.16  
 596 Q	 45.82  
 597 A	 25.81  
 598 E	 45.66  
 599 E	 66.48  
 600 E	 34.07  
 601 A	 18.43  
 602 N	 42.77  
 603 L	 5.19  
 604 L	 4.21  
 605 R	 35.53  
 606 R	 35.68  
 607 Q	 30.32  
 608 R	 25.87  
 609 Q	 38.53  
 610 Y	 12.34  
 611 L	 4.60  
 612 E	 37.27  
 613 L	 7.51  
 614 E	 19.32  
 615 C	 6.22  
 616 R	 37.38  
 617 R	 53.77  
 618 F	 3.59  
 619 K	 36.96  
 620 R	 26.91  
 621 R	 22.23  
 622 M	 4.15  
 623 L	 4.32  
 624 L	 4.07  
 625 G	 25.49  
 626 R	 18.58  
 627 H	 41.24  
 628 N	 43.86  
 629 L	 5.23  
 630 E	 47.57  
 631 Q	 53.13  
 632 D	 37.44  
 633 L	 3.80  
 634 V	 11.01  
 635 R	 38.68  
 636 E	 60.40  
 637 E	 47.26  
 638 L	 8.63  
 639 N	 40.52  
 640 K	 59.51  
 641 R	 43.64  
 642 Q	 50.31  
 643 T	 41.44  
 644 Q	 29.00  
 645 K	 68.61  
 646 D	 47.69  
 647 L	 7.19  
 648 E	 39.47  
 649 H	 24.60  
 650 A	 4.87  
 651 M	 3.80  
 652 L	 3.56  
 653 L	 2.96  
 654 R	 31.67  
 655 Q	 44.67  
 656 H	 23.75  
 657 E	 39.30  
 658 S	 24.52  
 659 M	 3.06  
 660 Q	 62.49  
 661 E	 41.44  
 662 L	 4.19  
 663 E	 39.62  
 664 F	 10.49  
 665 R	 24.82  
 666 H	 28.84  
 667 L	 5.43  
 668 N	 29.07  
 669 T	 31.01  
 670 I	 3.45  
 671 Q	 31.30  
 672 K	 25.18  
 673 M	 3.21  
 674 R	 20.14  
 675 C	 4.46  
 676 E	 36.55  
 677 L	 2.94  
 678 I	 1.61  
 679 R	 40.70  
 680 L	 4.17  
 681 Q	 19.45  
 682 H	 40.91  
 683 Q	 24.57  
 684 T	 30.73  
 685 E	 47.21  
 686 L	 6.56  
 687 T	 18.06  
 688 N	 58.00  
 689 Q	 30.36  
 690 L	 9.05  
 691 E	 36.98  
 692 Y	 34.28  
 693 N	 23.22  
 694 K	 52.51  
 695 R	 41.89  
 696 R	 49.27  
 697 E	 55.32  
 698 R	 46.57  
 699 E	 41.70  
 700 L	 8.87  
 701 R	 40.63  
 702 R	 46.16  
 703 K	 33.83  
 704 H	 23.50  
 705 V	 3.82  
 706 M	 3.84  
 707 E	 33.20  
 708 V	 3.46  
 709 R	 18.99  
 710 Q	 69.93  
 711 Q	 36.50  
 712 P	 21.62  
 713 K	 65.17  
 714 S	 47.95  
 715 L	 10.16  
 716 K	 67.58  
 717 S	 36.33  
 718 K	 61.94  
 719 E	 53.66  
 720 L	 7.98  
 721 Q	 46.69  
 722 I	 10.60  
 723 K	 27.80  
 724 K	 58.96  
 725 Q	 35.91  
 726 F	 11.02  
 727 Q	 42.48  
 728 D	 56.19  
 729 T	 12.62  
 730 C	 5.00  
 731 K	 39.68  
 732 I	 5.71  
 733 Q	 19.00  
 734 T	 24.18  
 735 R	 22.81  
 736 Q	 47.68  
 737 Y	 8.57  
 738 K	 32.38  
 739 A	 13.56  
 740 L	 5.01  
 741 R	 33.12  
 742 N	 30.89  
 743 H	 25.92  
 744 L	 5.44  
 745 L	 4.23  
 746 E	 57.93  
 747 T	 48.66  
 748 T	 21.24  
 749 P	 45.66  
 750 K	 67.40  
 751 S	 46.25  
 752 E	 56.38  
 753 H	 30.39  
 754 K	 35.82  
 755 A	 17.49  
 756 V	 8.47  
 757 L	 2.97  
 758 K	 49.43  
 759 R	 47.00  
 760 L	 8.60  
 761 K	 64.34  
 762 E	 60.99  
 763 E	 56.52  
 764 Q	 47.93  
 765 T	 32.81  
 766 R	 31.52  
 767 K	 45.73  
 768 L	 3.02  
 769 A	 9.59  
 770 I	 5.62  
 771 L	 3.41  
 772 A	 8.85  
 773 E	 46.35  
 774 Q	 43.26  
 775 Y	 13.71  
 776 D	 28.84  
 777 H	 26.16  
 778 S	 24.98  
 779 I	 4.55  
 780 N	 31.47  
 781 E	 39.57  
 782 M	 2.87  
 783 L	 4.01  
 784 S	 19.70  
 785 T	 17.56  
 786 Q	 34.72  
 787 A	 8.50  
 788 L	 3.93  
 789 R	 43.01  
 790 L	 7.89  
 791 D	 42.63  
 792 E	 57.77  
 793 A	 16.51  
 794 Q	 48.67  
 795 E	 54.18  
 796 A	 15.70  
 797 E	 25.40  
 798 C	 4.34  
 799 Q	 34.77  
 800 V	 9.31  
 801 L	 1.25  
 802 K	 26.24  
 803 M	 4.15  
 804 Q	 34.24  
 805 L	 5.19  
 806 Q	 20.15  
 807 Q	 66.87  
 808 E	 31.11  
 809 L	 4.96  
 810 E	 50.92  
 811 L	 7.55  
 812 L	 2.23  
 813 N	 49.58  
 814 A	 12.05  
 815 Y	 16.55  
 816 Q	 35.52  
 817 S	 24.54  
 818 K	 30.71  
 819 I	 5.63  
 820 K	 28.79  
 821 M	 5.34  
 822 Q	 30.92  
 823 A	 15.59  
 824 E	 31.78  
 825 A	 18.28  
 826 Q	 30.44  
 827 H	 43.05  
 828 D	 33.40  
 829 R	 42.60  
 830 E	 59.23  
 831 L	 5.55  
 832 R	 41.52  
 833 E	 70.09  
 834 L	 5.70  
 835 E	 31.43  
 836 Q	 64.79  
 837 R	 15.60  
 838 V	 6.71  
 839 S	 20.53  
 840 L	 3.82  
 841 R	 17.83  
 842 R	 34.58  
 843 A	 15.29  
 844 L	 5.26  
 845 L	 6.81  
 846 E	 51.16  
 847 Q	 52.58  
 848 K	 42.59  
 849 I	 8.88  
 850 E	 55.74  
 851 E	 52.78  
 852 E	 27.06  
 853 M	 2.76  
 854 L	 4.94  
 855 A	 13.04  
 856 L	 5.04  
 857 Q	 44.10  
 858 N	 41.38  
 859 E	 48.28  
 860 R	 49.81  
 861 T	 24.36  
 862 E	 52.94  
 863 R	 29.07  
 864 I	 2.60  
 865 R	 27.72  
 866 S	 34.63  
 867 L	 4.07  
 868 L	 5.56  
 869 E	 48.30  
 870 R	 35.11  
 871 Q	 35.08  
 872 A	 19.79  
 873 R	 36.77  
 874 E	 48.47  
 875 I	 3.74  
 876 E	 38.23  
 877 A	 21.14  
 878 F	 7.43  
 879 D	 59.55  
 880 S	 25.72  
 881 E	 50.85  
 882 S	 17.10  
 883 M	 3.44  
 884 R	 40.72  
 885 L	 6.43  
 886 G	 17.36  
 887 F	 5.89  
 888 S	 23.40  
 889 N	 23.48  
 890 M	 2.88  
 891 V	 6.57  
 892 L	 1.63  
 893 S	 25.06  
 894 N	 40.14  
 895 L	 8.97  
 896 S	 25.58  
 897 P	 39.85  
 898 E	 60.00  
 899 A	 18.02  
 900 F	 6.87  
 901 S	 20.69  
 902 H	 25.54  
 903 S	 31.65  
 904 Y	 10.56  
 905 P	 34.58  
 906 G	 24.92  
 907 A	 10.60  
 908 S	 46.86  
 909 G	 29.40  
 910 W	 8.23  
 911 S	 19.53  
 912 H	 37.47  
 913 N	 30.25  
 914 P	 27.31  
 915 T	 61.15  
 916 G	 41.37  
 917 G	 26.86  
 918 P	 55.26  
 919 G	 29.94  
 920 P	 24.16  
 921 H	 49.41  
 922 W	 15.21  
 923 G	 16.40  
 924 H	 12.18  
 925 P	 21.12  
 926 M	 8.88  
 927 G	 50.32  
 928 G	 25.18  
 929 P	 16.46  
 930 P	 39.53  
 931 Q	 53.53  
 932 A	 21.71  
 933 W	 10.61  
 934 G	 20.31  
 935 H	 12.17  
 936 P	 16.92  
 937 M	 4.86  
 938 Q	 59.13  
 939 G	 43.42  
 940 G	 10.77  
 941 P	 43.83  
 942 Q	 50.05  
 943 P	 41.99  
 944 W	 16.69  
 945 G	 29.52  
 946 H	 14.97  
 947 P	 36.72  
 948 S	 50.26  
 949 G	 26.59  
 950 P	 19.09  
 951 M	 6.55  
 952 Q	 53.52  
 953 G	 25.74  
 954 V	 1.32  
 955 P	 41.56  
 956 R	 56.04  
 957 G	 20.29  
 958 S	 20.59  
 959 S	 23.52  
 960 M	 6.52  
 961 G	 19.72  
 962 V	 3.81  
 963 R	 31.98  
 964 N	 56.48  
 965 S	 14.07  
 966 P	 27.32  
 967 Q	 53.50  
 968 A	 13.35  
 969 L	 2.99  
 970 R	 36.60  
 971 R	 35.18  
 972 T	 20.81  
 973 A	 12.36  
 974 S	 40.96  
 975 G	 27.43  
 976 G	 30.73  
 977 R	 38.32  
 978 T	 35.62  
 979 E	 43.72  
 980 Q	 52.88  
 981 G	 15.14  
 982 M	 2.77  
 983 S	 29.88  
 984 R	 34.75  
 985 S	 20.09  
 986 T	 26.55  
 987 S	 25.33  
 988 V	 6.38  
 989 T	 18.06  
 990 S	 24.30  
 991 Q	 33.49  
 992 I	 3.28  
 993 S	 27.74  
 994 N	 58.58  
 995 G	 16.49  
 996 S	 21.92  
 997 H	 15.59  
 998 M	 3.34  
 999 S	 21.87  
 1000 Y	 14.64  
 1001 T	 25.48  
