 1 M	 4.95  
 2 A	 15.74  
 3 A	 12.90  
 4 V	 9.56  
 5 G	 24.36  
 6 P	 19.54  
 7 P	 38.39  
 8 Q	 49.85  
 9 Q	 49.89  
 10 Q	 21.38  
 11 V	 3.82  
 12 R	 15.47  
 13 M	 4.08  
 14 A	 8.08  
 15 Q	 25.54  
 16 Q	 30.20  
 17 Q	 22.19  
 18 V	 3.06  
 19 W	 3.28  
 20 A	 11.87  
 21 A	 6.64  
 22 L	 4.14  
 23 E	 22.48  
 24 V	 6.72  
 25 A	 4.73  
 26 L	 7.38  
 27 R	 22.16  
 28 V	 4.00  
 29 P	 8.93  
 30 C	 4.05  
 31 L	 2.55  
 32 Y	 11.53  
 33 I	 1.16  
 34 I	 1.52  
 35 D	 24.85  
 36 A	 9.62  
 37 I	 2.73  
 38 F	 5.50  
 39 N	 24.00  
 40 S	 17.83  
 41 Y	 16.64  
 42 Y	 14.79  
 43 D	 33.31  
 44 S	 17.73  
 45 S	 29.31  
 46 Q	 42.45  
 47 S	 29.31  
 48 R	 23.87  
 49 F	 4.27  
 50 C	 2.04  
 51 I	 5.92  
 52 G	 16.83  
 53 L	 1.46  
 54 Q	 21.12  
 55 I	 4.17  
 56 F	 1.78  
 57 L	 3.94  
 58 R	 19.67  
 59 L	 5.82  
 60 L	 3.39  
 61 G	 18.42  
 62 I	 2.52  
 63 V	 3.03  
 64 V	 3.34  
 65 S	 11.94  
 66 S	 12.71  
 67 I	 1.97  
 68 V	 2.69  
 69 L	 2.88  
 70 I	 2.11  
 71 L	 2.89  
 72 S	 19.29  
 73 Q	 35.22  
 74 R	 31.77  
 75 S	 30.44  
 76 L	 6.20  
 77 F	 5.61  
 78 K	 40.66  
 79 F	 3.12  
 80 Y	 8.85  
 81 M	 2.70  
 82 Y	 6.52  
 83 S	 9.92  
 84 S	 12.93  
 85 A	 7.99  
 86 F	 6.58  
 87 L	 2.96  
 88 L	 2.17  
 89 A	 15.73  
 90 A	 10.61  
 91 T	 17.48  
 92 S	 14.55  
 93 V	 6.34  
 94 L	 1.75  
 95 V	 3.97  
 96 N	 21.67  
 97 Y	 6.23  
 98 Y	 4.72  
 99 A	 8.00  
 100 A	 5.42  
 101 L	 2.50  
 102 H	 16.91  
 103 I	 3.99  
 104 D	 21.70  
 105 F	 6.32  
 106 Y	 9.33  
 107 G	 22.90  
 108 A	 5.30  
 109 Y	 18.01  
 110 N	 27.33  
 111 T	 14.57  
 112 S	 20.26  
 113 A	 12.49  
 114 F	 11.53  
 115 G	 16.51  
 116 I	 2.45  
 117 E	 44.63  
 118 L	 8.24  
 119 L	 2.21  
 120 P	 48.87  
 121 R	 57.44  
 122 K	 73.55  
 123 G	 20.50  
 124 P	 29.32  
 125 S	 43.25  
 126 L	 4.00  
 127 W	 3.70  
 128 M	 2.36  
 129 A	 5.20  
 130 L	 1.28  
 131 I	 1.79  
 132 V	 2.64  
 133 L	 2.47  
 134 Q	 27.80  
 135 L	 3.61  
 136 T	 13.57  
 137 F	 10.24  
 138 G	 13.74  
 139 I	 2.92  
 140 G	 15.96  
 141 Y	 6.58  
 142 V	 2.28  
 143 T	 17.17  
 144 L	 2.06  
 145 L	 2.85  
 146 Q	 34.48  
 147 I	 3.32  
 148 Q	 15.71  
 149 S	 25.73  
 150 I	 1.89  
 151 Y	 8.80  
 152 S	 18.37  
 153 Q	 20.34  
 154 L	 1.57  
 155 M	 2.25  
 156 I	 3.47  
 157 L	 1.71  
 158 N	 18.02  
 159 I	 3.53  
 160 L	 3.49  
 161 V	 2.57  
 162 P	 14.72  
 163 I	 2.80  
 164 I	 2.77  
 165 G	 16.25  
 166 L	 2.85  
 167 I	 2.07  
 168 T	 36.19  
 169 E	 41.20  
 170 L	 4.02  
 171 P	 18.70  
 172 L	 9.07  
 173 H	 18.34  
 174 I	 5.84  
 175 R	 23.84  
 176 E	 45.40  
 177 T	 13.18  
 178 V	 2.39  
 179 V	 4.92  
 180 L	 2.09  
 181 M	 1.40  
 182 S	 20.17  
 183 S	 12.88  
 184 L	 2.64  
 185 I	 2.75  
 186 L	 4.42  
 187 I	 1.66  
 188 F	 5.86  
 189 N	 23.45  
 190 T	 12.41  
 191 V	 3.50  
 192 L	 2.16  
 193 V	 2.54  
 194 L	 3.87  
 195 A	 6.74  
 196 V	 6.97  
 197 K	 38.45  
 198 L	 4.82  
 199 K	 29.55  
 200 W	 9.26  
 201 F	 3.82  
 202 Y	 8.73  
 203 Y	 8.29  
 204 S	 8.60  
 205 T	 15.19  
 206 R	 16.99  
 207 Y	 8.11  
 208 V	 2.15  
 209 Y	 5.84  
 210 L	 2.25  
 211 L	 1.42  
 212 V	 3.49  
 213 R	 14.61  
 214 H	 15.33  
 215 M	 1.36  
 216 Y	 6.42  
 217 R	 14.21  
 218 I	 1.44  
 219 Y	 11.64  
 220 G	 12.46  
 221 L	 1.50  
 222 Q	 28.34  
 223 L	 6.22  
 224 L	 1.97  
 225 M	 6.27  
 226 E	 52.86  
 227 D	 43.85  
 228 T	 21.41  
 229 W	 10.55  
 230 K	 39.79  
 231 R	 19.51  
 232 I	 4.77  
 233 R	 40.87  
 234 F	 6.24  
 235 P	 20.20  
 236 D	 50.25  
 237 I	 2.42  
 238 L	 5.08  
 239 R	 23.17  
 240 V	 3.46  
 241 F	 3.41  
 242 W	 8.25  
 243 L	 1.24  
 244 T	 15.60  
 245 R	 23.30  
 246 I	 4.05  
 247 T	 15.01  
 248 T	 17.52  
 249 Q	 26.78  
 250 A	 9.51  
 251 T	 12.35  
 252 V	 3.03  
 253 L	 1.55  
 254 M	 1.37  
 255 Y	 7.82  
 256 I	 0.92  
 257 L	 1.36  
 258 R	 16.77  
 259 M	 4.15  
 260 A	 12.31  
 261 N	 47.59  
 262 E	 44.40  
 263 T	 36.42  
 264 E	 39.09  
 265 S	 32.64  
 266 F	 5.26  
 267 F	 6.35  
 268 I	 3.71  
 269 S	 21.21  
 270 W	 12.36  
 271 D	 34.14  
 272 D	 40.03  
 273 F	 5.79  
 274 W	 13.12  
 275 D	 21.64  
 276 V	 3.81  
 277 I	 0.89  
 278 C	 3.22  
 279 N	 24.13  
 280 L	 2.97  
 281 I	 1.14  
 282 I	 3.05  
 283 S	 26.78  
 284 G	 14.62  
 285 C	 2.74  
 286 D	 48.45  
 287 S	 29.41  
 288 T	 17.13  
 289 L	 3.45  
 290 T	 17.48  
 291 V	 4.97  
 292 L	 3.92  
 293 G	 12.03  
 294 M	 1.71  
 295 S	 20.00  
 296 A	 8.18  
 297 V	 3.23  
 298 I	 2.40  
 299 S	 14.75  
 300 S	 16.81  
 301 I	 1.87  
 302 A	 6.29  
 303 H	 19.38  
 304 Y	 8.08  
 305 L	 3.07  
 306 G	 18.07  
 307 L	 3.39  
 308 G	 15.86  
 309 I	 2.78  
 310 L	 2.78  
 311 A	 7.65  
 312 F	 6.11  
 313 I	 3.38  
 314 G	 23.28  
 315 S	 28.03  
 316 T	 37.87  
 317 E	 62.21  
 318 E	 66.36  
 319 D	 48.78  
 320 D	 40.66  
 321 R	 48.31  
 322 R	 46.27  
 323 L	 6.95  
 324 G	 17.11  
 325 F	 5.12  
 326 V	 5.81  
 327 A	 6.04  
 328 P	 20.31  
 329 V	 5.40  
 330 L	 2.56  
 331 F	 3.49  
 332 F	 3.80  
 333 I	 1.40  
 334 L	 3.08  
 335 A	 7.88  
 336 L	 4.14  
 337 Q	 28.10  
 338 T	 40.72  
 339 G	 12.60  
 340 L	 4.10  
 341 S	 36.81  
 342 G	 30.65  
 343 L	 8.09  
 344 R	 39.86  
 345 P	 53.49  
 346 E	 49.68  
 347 E	 56.31  
 348 R	 33.48  
 349 L	 2.78  
 350 I	 5.36  
 351 R	 31.07  
 352 L	 4.46  
 353 S	 16.26  
 354 R	 39.22  
 355 N	 23.34  
 356 M	 1.33  
 357 C	 2.50  
 358 L	 2.82  
 359 L	 3.21  
 360 L	 1.54  
 361 T	 18.06  
 362 A	 11.22  
 363 V	 3.44  
 364 L	 2.24  
 365 H	 17.02  
 366 F	 3.74  
 367 I	 1.59  
 368 H	 21.01  
 369 G	 18.83  
 370 M	 2.07  
 371 T	 41.57  
 372 D	 23.55  
 373 P	 16.39  
 374 V	 8.57  
 375 L	 2.04  
 376 M	 3.74  
 377 S	 18.27  
 378 L	 2.86  
 379 S	 22.03  
 380 A	 14.67  
 381 S	 22.50  
 382 H	 24.16  
 383 V	 4.80  
 384 S	 23.12  
 385 S	 24.80  
 386 F	 4.58  
 387 H	 25.01  
 388 R	 31.00  
 389 H	 23.85  
 390 F	 4.51  
 391 P	 18.77  
 392 V	 6.74  
 393 L	 3.41  
 394 F	 4.09  
 395 V	 2.87  
 396 S	 13.11  
 397 A	 6.69  
 398 C	 2.19  
 399 L	 2.75  
 400 F	 5.61  
 401 I	 2.47  
 402 L	 1.56  
 403 P	 15.19  
 404 V	 8.23  
 405 L	 2.19  
 406 L	 3.36  
 407 S	 14.72  
 408 Y	 10.26  
 409 V	 4.14  
 410 L	 2.46  
 411 W	 2.63  
 412 H	 10.42  
 413 H	 9.66  
 414 Y	 10.41  
 415 A	 7.03  
 416 L	 4.65  
 417 N	 22.49  
 418 T	 25.13  
 419 W	 6.60  
 420 L	 1.53  
 421 F	 3.76  
 422 A	 8.79  
 423 V	 2.88  
 424 T	 15.58  
 425 A	 6.83  
 426 F	 3.33  
 427 C	 1.84  
 428 V	 5.20  
 429 E	 34.64  
 430 L	 1.75  
 431 C	 1.87  
 432 L	 8.52  
 433 K	 28.99  
 434 V	 3.18  
 435 I	 1.34  
 436 V	 4.26  
 437 S	 13.75  
 438 L	 2.32  
 439 T	 12.17  
 440 V	 4.10  
 441 Y	 7.78  
 442 T	 14.80  
 443 L	 1.18  
 444 F	 2.88  
 445 M	 2.84  
 446 I	 2.66  
 447 D	 27.53  
 448 G	 18.85  
 449 Y	 6.52  
 450 Y	 12.34  
 451 N	 17.58  
 452 V	 3.67  
 453 L	 4.32  
 454 W	 9.08  
 455 E	 39.31  
 456 K	 45.71  
 457 L	 4.03  
 458 D	 57.15  
 459 D	 45.28  
 460 Y	 9.19  
 461 V	 3.73  
 462 Y	 7.07  
 463 F	 2.34  
 464 V	 2.30  
 465 R	 20.71  
 466 S	 35.05  
 467 T	 24.55  
 468 G	 25.28  
 469 N	 31.95  
 470 I	 3.18  
 471 I	 4.03  
 472 E	 28.97  
 473 F	 3.85  
 474 I	 1.58  
 475 F	 8.04  
 476 G	 13.29  
 477 V	 1.64  
 478 V	 2.42  
 479 M	 3.10  
 480 F	 4.67  
 481 G	 17.36  
 482 N	 22.21  
 483 G	 21.97  
 484 A	 10.71  
 485 Y	 9.14  
 486 T	 11.13  
 487 M	 1.56  
 488 M	 2.32  
 489 F	 4.73  
 490 E	 35.97  
 491 S	 36.78  
 492 G	 26.26  
 493 S	 33.90  
 494 K	 39.47  
 495 I	 3.46  
 496 R	 26.02  
 497 A	 6.77  
 498 C	 0.97  
 499 M	 1.76  
 500 M	 1.90  
 501 C	 0.72  
 502 L	 1.09  
 503 H	 17.29  
 504 A	 9.54  
 505 Y	 6.09  
 506 F	 4.68  
 507 N	 14.87  
 508 I	 2.32  
 509 Y	 7.68  
 510 L	 4.12  
 511 Q	 27.45  
 512 V	 4.86  
 513 K	 36.46  
 514 N	 63.80  
 515 G	 22.88  
 516 W	 13.10  
 517 K	 33.03  
 518 T	 22.93  
 519 F	 3.47  
 520 M	 4.64  
 521 N	 26.54  
 522 R	 26.07  
 523 R	 23.25  
 524 T	 32.34  
 525 A	 14.88  
 526 V	 6.84  
 527 K	 45.53  
 528 K	 40.29  
 529 I	 3.33  
 530 N	 46.50  
 531 S	 49.10  
 532 L	 3.69  
 533 P	 40.88  
 534 E	 63.73  
 535 I	 6.06  
 536 K	 53.34  
 537 G	 26.42  
 538 S	 18.93  
 539 H	 39.95  
 540 L	 5.38  
 541 Q	 39.93  
 542 E	 55.54  
 543 I	 3.36  
 544 D	 41.35  
 545 D	 42.95  
 546 V	 1.79  
 547 C	 2.44  
 548 A	 8.50  
 549 I	 1.71  
 550 C	 1.19  
 551 Y	 9.77  
 552 H	 21.20  
 553 E	 20.43  
 554 F	 6.02  
 555 T	 19.50  
 556 T	 26.22  
 557 S	 16.70  
 558 A	 12.56  
 559 R	 32.83  
 560 I	 5.15  
 561 T	 19.08  
 562 P	 17.97  
 563 C	 3.52  
 564 N	 33.81  
 565 H	 33.09  
 566 Y	 5.31  
 567 F	 1.80  
 568 H	 15.60  
 569 A	 7.06  
 570 L	 1.81  
 571 C	 3.42  
 572 L	 7.02  
 573 R	 27.40  
 574 K	 28.71  
 575 W	 6.48  
 576 L	 2.79  
 577 Y	 8.74  
 578 I	 2.53  
 579 Q	 26.80  
 580 D	 40.49  
 581 T	 11.35  
 582 C	 2.45  
 583 P	 30.44  
 584 M	 3.29  
 585 C	 1.53  
 586 H	 25.01  
 587 Q	 31.79  
 588 K	 17.22  
 589 V	 4.72  
 590 Y	 12.96  
 591 I	 6.35  
 592 E	 31.72  
 593 D	 54.05  
 594 E	 38.87  
 595 I	 11.98  
 596 K	 49.13  
 597 D	 70.25  
 598 N	 31.96  
 599 S	 43.86  
 600 N	 54.35  
 601 A	 17.29  
 602 S	 44.32  
 603 N	 43.50  
 604 N	 47.72  
 605 N	 51.51  
 606 G	 19.91  
 607 F	 4.71  
 608 I	 7.07  
 609 A	 9.90  
 610 P	 43.80  
 611 N	 53.29  
 612 E	 73.36  
 613 N	 48.57  
 614 P	 52.12  
 615 N	 69.10  
 616 P	 41.90  
 617 E	 63.64  
 618 E	 55.02  
 619 A	 15.40  
 620 L	 7.53  
 621 R	 46.96  
 622 E	 53.50  
 623 D	 34.97  
 624 A	 14.68  
 625 A	 30.28  
 626 G	 31.62  
 627 S	 28.86  
 628 D	 47.35  
 629 R	 52.58  
 630 E	 62.02  
 631 L	 9.90  
 632 N	 45.99  
 633 E	 75.67  
 634 D	 54.83  
 635 D	 47.46  
 636 S	 38.17  
 637 T	 47.87  
 638 D	 37.49  
 639 C	 6.65  
 640 D	 60.68  
 641 D	 60.52  
 642 D	 31.20  
 643 A	 19.82  
 644 Q	 55.55  
 645 R	 46.71  
 646 E	 38.12  
 647 R	 49.64  
 648 N	 48.57  
 649 G	 40.58  
 650 G	 21.67  
 651 I	 2.62  
 652 Q	 31.22  
 653 H	 25.09  
 654 T	 16.49  
 655 G	 15.87  
 656 A	 8.62  
 657 A	 10.05  
 658 A	 9.33  
 659 A	 11.50  
 660 A	 11.64  
 661 A	 19.72  
 662 E	 40.01  
 663 F	 11.87  
 664 N	 37.44  
 665 D	 66.56  
 666 D	 54.61  
 667 T	 46.61  
 668 D	 64.62  
