 1 M	 7.80  
 2 E	 60.89  
 3 A	 16.09  
 4 G	 17.73  
 5 R	 26.93  
 6 T	 21.87  
 7 A	 9.29  
 8 V	 3.29  
 9 L	 4.90  
 10 R	 25.88  
 11 V	 6.51  
 12 K	 45.85  
 13 R	 40.07  
 14 K	 44.26  
 15 R	 52.18  
 16 N	 52.25  
 17 A	 28.34  
 18 E	 48.90  
 19 P	 32.75  
 20 A	 13.24  
 21 E	 53.93  
 22 A	 12.70  
 23 L	 2.14  
 24 V	 4.03  
 25 L	 4.88  
 26 A	 6.84  
 27 C	 3.16  
 28 K	 60.88  
 29 R	 31.57  
 30 P	 26.46  
 31 R	 57.77  
 32 S	 33.27  
 33 S	 47.11  
 34 E	 52.10  
 35 V	 8.33  
 36 E	 30.52  
 37 S	 32.19  
 38 A	 9.31  
 39 A	 21.08  
 40 R	 48.30  
 41 E	 65.08  
 42 T	 22.53  
 43 P	 38.68  
 44 E	 79.51  
 45 G	 31.65  
 46 Q	 35.18  
 47 E	 51.65  
 48 A	 8.43  
 49 A	 13.37  
 50 A	 19.53  
 51 A	 16.14  
 52 E	 39.81  
 53 R	 39.63  
 54 N	 30.38  
 55 V	 3.97  
 56 F	 5.47  
 57 Q	 30.64  
 58 L	 1.60  
 59 V	 2.67  
 60 A	 14.68  
 61 T	 14.69  
 62 V	 3.90  
 63 R	 28.41  
 64 S	 37.29  
 65 Q	 48.81  
 66 E	 67.97  
 67 E	 39.81  
 68 P	 29.00  
 69 I	 4.63  
 70 Q	 41.07  
 71 Q	 42.52  
 72 L	 1.29  
 73 V	 3.21  
 74 R	 23.80  
 75 A	 11.90  
 76 A	 8.11  
 77 L	 8.92  
 78 R	 23.56  
 79 P	 34.64  
 80 S	 38.06  
 81 R	 42.90  
 82 S	 27.12  
 83 S	 31.93  
 84 Q	 35.69  
 85 L	 5.48  
 86 R	 16.84  
 87 I	 6.03  
 88 R	 21.45  
 89 R	 44.97  
 90 D	 30.56  
 91 L	 4.71  
 92 R	 29.16  
 93 A	 21.48  
 94 S	 18.44  
 95 V	 6.21  
 96 R	 33.91  
 97 E	 44.51  
 98 V	 8.10  
 99 R	 26.93  
 100 K	 70.47  
 101 E	 38.04  
 102 G	 34.65  
 103 R	 19.71  
 104 Y	 20.72  
 105 R	 22.47  
 106 V	 3.47  
 107 V	 3.43  
 108 S	 19.98  
 109 S	 16.00  
 110 H	 26.57  
 111 R	 34.17  
 112 S	 27.91  
 113 S	 46.15  
 114 G	 34.12  
 115 T	 27.04  
 116 S	 28.13  
 117 N	 50.91  
 118 S	 33.60  
 119 L	 15.11  
 120 E	 32.90  
 121 P	 39.80  
 122 Q	 34.52  
 123 C	 10.68  
 124 G	 24.23  
 125 S	 29.97  
 126 E	 32.43  
 127 A	 16.58  
 128 V	 6.64  
 129 G	 26.54  
 130 D	 36.60  
 131 A	 18.12  
 132 G	 18.64  
 133 F	 5.05  
 134 Q	 39.95  
 135 L	 3.62  
 136 L	 3.13  
 137 D	 56.06  
 138 L	 4.23  
 139 V	 5.50  
 140 H	 44.01  
 141 E	 60.57  
 142 E	 48.47  
 143 E	 75.09  
 144 N	 42.88  
 145 P	 35.56  
 146 E	 63.62  
 147 A	 12.03  
 148 A	 14.83  
 149 A	 15.83  
 150 T	 30.79  
 151 D	 26.04  
 152 C	 4.11  
 153 R	 48.36  
 154 K	 59.73  
 155 T	 21.00  
 156 S	 50.62  
 157 D	 48.96  
 158 P	 37.22  
 159 D	 45.11  
 160 V	 4.36  
 161 I	 4.78  
 162 L	 1.96  
 163 C	 2.16  
 164 N	 45.72  
 165 S	 18.90  
 166 V	 4.28  
 167 E	 38.00  
 168 L	 4.13  
 169 I	 2.45  
 170 R	 35.29  
 171 E	 45.08  
 172 R	 26.30  
 173 L	 4.80  
 174 T	 28.36  
 175 V	 7.55  
 176 S	 25.41  
 177 E	 63.15  
 178 D	 55.31  
 179 G	 18.87  
 180 S	 43.19  
 181 Q	 45.63  
 182 V	 8.06  
 183 N	 24.40  
 184 H	 33.28  
 185 Q	 52.14  
 186 E	 69.59  
 187 D	 51.48  
 188 P	 38.77  
 189 K	 68.32  
 190 H	 48.62  
 191 N	 50.39  
 192 D	 48.62  
 193 D	 39.86  
 194 Y	 12.08  
 195 V	 4.44  
 196 Y	 7.15  
 197 D	 16.63  
 198 I	 1.13  
 199 Y	 8.21  
 200 Y	 6.22  
 201 M	 1.27  
 202 E	 18.97  
 203 M	 3.75  
 204 A	 8.20  
 205 P	 26.99  
 206 P	 41.01  
 207 G	 36.61  
 208 W	 10.65  
 209 I	 3.44  
 210 E	 33.91  
 211 N	 26.57  
 212 I	 1.09  
 213 M	 4.91  
 214 S	 17.50  
 215 V	 3.53  
 216 Q	 24.73  
 217 P	 28.70  
 218 Y	 13.09  
 219 S	 28.45  
 220 Q	 54.71  
 221 E	 36.66  
 222 W	 9.15  
 223 E	 41.93  
 224 L	 4.58  
 225 V	 5.11  
 226 N	 64.74  
 227 D	 54.03  
 228 D	 51.10  
 229 E	 59.89  
 230 Q	 60.15  
 231 S	 34.88  
 232 E	 48.39  
 233 D	 54.76  
 234 I	 3.40  
 235 Y	 29.65  
 236 E	 56.08  
 237 D	 47.88  
 238 E	 56.26  
 239 D	 79.45  
 240 D	 55.73  
 241 E	 74.99  
 242 N	 62.71  
 243 S	 39.39  
 244 E	 67.19  
 245 N	 53.86  
 246 N	 34.72  
 247 W	 18.96  
 248 R	 28.38  
 249 N	 44.78  
 250 E	 50.28  
 251 Y	 21.38  
 252 P	 36.04  
 253 D	 71.97  
 254 E	 56.10  
 255 E	 64.02  
 256 S	 35.18  
 257 S	 39.69  
 258 D	 71.92  
 259 R	 51.68  
 260 D	 69.88  
 261 E	 59.80  
 262 D	 48.18  
 263 S	 36.17  
 264 R	 62.04  
 265 G	 43.32  
 266 S	 26.59  
 267 D	 66.28  
 268 E	 48.59  
 269 Y	 18.29  
 270 N	 34.13  
 271 S	 32.16  
 272 L	 7.13  
 273 S	 42.66  
 274 E	 69.99  
 275 E	 56.16  
 276 E	 45.93  
 277 R	 50.30  
 278 S	 24.49  
 279 C	 4.40  
 280 E	 50.53  
 281 R	 33.88  
 282 L	 1.60  
 283 M	 4.81  
 284 W	 9.03  
 285 S	 14.35  
 286 K	 35.06  
 287 Y	 11.96  
 288 P	 26.31  
 289 L	 10.26  
 290 D	 35.98  
 291 V	 13.27  
 292 Q	 38.95  
 293 K	 61.26  
 294 E	 27.02  
 295 F	 15.80  
 296 D	 47.63  
 297 Y	 24.52  
 298 D	 58.50  
 299 S	 16.74  
 300 P	 23.75  
 301 H	 54.09  
 302 G	 34.27  
 303 L	 5.32  
 304 D	 56.18  
 305 S	 50.71  
 306 D	 63.31  
