 1 M	 4.31  
 2 A	 12.57  
 3 A	 14.19  
 4 Y	 8.58  
 5 L	 2.76  
 6 N	 26.77  
 7 R	 30.73  
 8 T	 19.14  
 9 I	 1.95  
 10 S	 13.44  
 11 M	 2.50  
 12 V	 4.31  
 13 T	 18.22  
 14 G	 16.19  
 15 Q	 33.64  
 16 T	 46.61  
 17 G	 13.91  
 18 P	 35.58  
 19 A	 33.92  
 20 D	 62.57  
 21 D	 57.88  
 22 D	 44.82  
 23 R	 33.98  
 24 H	 36.64  
 25 A	 13.18  
 26 S	 27.87  
 27 S	 30.96  
 28 T	 32.94  
 29 D	 46.83  
 30 T	 30.60  
 31 V	 10.98  
 32 D	 41.31  
 33 K	 53.64  
 34 S	 45.84  
 35 G	 36.01  
 36 P	 47.37  
 37 G	 45.48  
 38 S	 26.29  
 39 P	 40.03  
 40 L	 6.50  
 41 S	 37.90  
 42 R	 42.31  
 43 F	 10.51  
 44 N	 29.58  
 45 S	 29.70  
 46 S	 31.16  
 47 L	 5.58  
 48 Q	 37.02  
 49 Q	 55.86  
 50 S	 23.04  
 51 G	 23.85  
 52 S	 21.91  
 53 T	 17.85  
 54 M	 3.38  
 55 A	 8.03  
 56 A	 9.07  
 57 N	 32.35  
 58 L	 7.87  
 59 L	 4.42  
 60 P	 40.46  
 61 E	 48.76  
 62 S	 26.16  
 63 R	 35.43  
 64 L	 6.76  
 65 Y	 14.58  
 66 Q	 40.11  
 67 S	 33.18  
 68 N	 45.24  
 69 D	 59.04  
 70 K	 59.22  
 71 S	 33.43  
 72 P	 33.74  
 73 L	 8.66  
 74 Q	 30.38  
 75 I	 4.55  
 76 F	 1.64  
 77 V	 6.59  
 78 R	 29.91  
 79 A	 23.79  
 80 K	 43.99  
 81 K	 58.88  
 82 K	 46.14  
 83 I	 8.43  
 84 N	 38.21  
 85 D	 38.67  
 86 I	 4.04  
 87 Y	 16.15  
 88 G	 29.73  
 89 E	 30.20  
 90 I	 4.18  
 91 E	 38.69  
 92 E	 59.52  
 93 Y	 8.36  
 94 V	 3.58  
 95 H	 26.28  
 96 E	 37.49  
 97 T	 19.09  
 98 T	 19.41  
 99 T	 29.91  
 100 F	 3.68  
 101 I	 2.50  
 102 N	 32.05  
 103 A	 8.91  
 104 L	 3.21  
 105 H	 21.07  
 106 A	 20.67  
 107 E	 35.77  
 108 A	 16.76  
 109 E	 34.74  
 110 I	 6.64  
 111 V	 4.68  
 112 D	 50.54  
 113 K	 41.05  
 114 A	 19.33  
 115 E	 53.05  
 116 R	 51.26  
 117 E	 49.68  
 118 L	 7.85  
 119 F	 5.13  
 120 E	 54.51  
 121 S	 16.74  
 122 Y	 10.70  
 123 V	 5.33  
 124 Y	 7.48  
 125 K	 18.49  
 126 V	 2.08  
 127 A	 7.94  
 128 A	 12.35  
 129 I	 2.52  
 130 R	 24.20  
 131 E	 41.28  
 132 V	 3.86  
 133 L	 2.71  
 134 Q	 54.66  
 135 R	 31.47  
 136 D	 33.02  
 137 H	 21.83  
 138 M	 4.35  
 139 K	 27.30  
 140 V	 4.34  
 141 A	 6.63  
 142 F	 8.16  
 143 F	 4.70  
 144 G	 26.04  
 145 R	 29.80  
 146 T	 27.24  
 147 S	 42.07  
 148 N	 62.39  
 149 G	 30.87  
 150 K	 43.75  
 151 S	 31.10  
 152 S	 30.42  
 153 V	 5.16  
 154 I	 2.69  
 155 N	 19.69  
 156 A	 6.30  
 157 M	 2.91  
 158 L	 6.25  
 159 R	 30.03  
 160 E	 40.25  
 161 K	 43.01  
 162 I	 6.15  
 163 L	 4.01  
 164 P	 33.70  
 165 S	 39.33  
 166 G	 28.14  
 167 I	 4.25  
 168 G	 18.67  
 169 H	 27.83  
 170 T	 17.94  
 171 T	 25.06  
 172 N	 20.30  
 173 C	 3.20  
 174 F	 3.37  
 175 C	 4.89  
 176 Q	 18.95  
 177 V	 10.67  
 178 E	 30.90  
 179 G	 27.79  
 180 S	 20.85  
 181 N	 73.65  
 182 G	 36.69  
 183 G	 22.17  
 184 E	 35.22  
 185 A	 13.16  
 186 Y	 7.84  
 187 L	 4.39  
 188 M	 1.77  
 189 T	 34.30  
 190 E	 46.92  
 191 G	 31.06  
 192 S	 36.03  
 193 E	 70.75  
 194 E	 65.62  
 195 K	 41.11  
 196 L	 7.13  
 197 N	 46.92  
 198 V	 5.16  
 199 V	 6.28  
 200 N	 31.30  
 201 I	 1.71  
 202 K	 33.77  
 203 Q	 41.85  
 204 L	 3.18  
 205 A	 9.21  
 206 N	 41.88  
 207 A	 12.24  
 208 L	 2.88  
 209 C	 4.57  
 210 Q	 52.27  
 211 E	 47.18  
 212 K	 32.34  
 213 L	 3.74  
 214 C	 7.64  
 215 E	 54.52  
 216 S	 28.16  
 217 S	 14.48  
 218 L	 4.12  
 219 V	 4.82  
 220 R	 24.55  
 221 I	 3.10  
 222 F	 5.28  
 223 W	 6.67  
 224 P	 19.94  
 225 R	 34.29  
 226 E	 54.69  
 227 R	 19.32  
 228 C	 2.62  
 229 S	 36.34  
 230 L	 5.35  
 231 L	 3.03  
 232 R	 43.29  
 233 D	 53.69  
 234 D	 31.85  
 235 V	 4.16  
 236 V	 5.07  
 237 F	 5.19  
 238 V	 4.87  
 239 D	 37.34  
 240 S	 20.46  
 241 P	 42.22  
 242 G	 32.01  
 243 V	 8.14  
 244 D	 34.27  
 245 V	 5.60  
 246 S	 13.64  
 247 A	 22.06  
 248 N	 36.17  
 249 L	 6.72  
 250 D	 49.35  
 251 D	 47.61  
 252 W	 10.25  
 253 I	 4.97  
 254 D	 34.27  
 255 N	 20.73  
 256 H	 17.44  
 257 C	 3.82  
 258 L	 4.62  
 259 N	 39.22  
 260 A	 11.03  
 261 D	 33.06  
 262 V	 3.12  
 263 F	 3.46  
 264 V	 3.47  
 265 L	 2.17  
 266 V	 3.05  
 267 L	 4.37  
 268 N	 33.89  
 269 A	 14.14  
 270 E	 45.74  
 271 S	 22.52  
 272 T	 17.67  
 273 M	 3.12  
 274 T	 27.15  
 275 R	 29.90  
 276 A	 21.12  
 277 E	 44.06  
 278 K	 51.96  
 279 Q	 37.43  
 280 F	 7.79  
 281 F	 4.35  
 282 H	 27.01  
 283 T	 19.39  
 284 V	 4.24  
 285 S	 23.82  
 286 Q	 46.50  
 287 K	 47.42  
 288 L	 6.53  
 289 S	 53.77  
 290 K	 53.15  
 291 P	 35.45  
 292 N	 45.60  
 293 I	 2.85  
 294 F	 7.07  
 295 I	 3.40  
 296 L	 3.02  
 297 N	 31.07  
 298 N	 42.87  
 299 R	 31.42  
 300 W	 13.98  
 301 D	 27.66  
 302 A	 12.00  
 303 S	 29.20  
 304 A	 26.56  
 305 N	 63.96  
 306 E	 42.04  
 307 P	 47.69  
 308 E	 42.53  
 309 C	 8.77  
 310 Q	 44.32  
 311 E	 69.98  
 312 S	 14.68  
 313 V	 7.32  
 314 K	 54.39  
 315 S	 25.66  
 316 Q	 41.63  
 317 H	 36.47  
 318 T	 19.93  
 319 E	 43.35  
 320 R	 24.68  
 321 C	 2.59  
 322 I	 5.41  
 323 D	 35.81  
 324 F	 4.78  
 325 L	 6.24  
 326 T	 23.59  
 327 K	 64.30  
 328 E	 48.89  
 329 L	 7.66  
 330 K	 44.71  
 331 V	 13.36  
 332 S	 37.37  
 333 N	 68.31  
 334 E	 44.78  
 335 K	 57.83  
 336 E	 47.11  
 337 A	 26.20  
 338 A	 13.25  
 339 E	 57.32  
 340 R	 26.30  
 341 V	 3.08  
 342 F	 6.66  
 343 F	 3.77  
 344 V	 2.73  
 345 S	 19.22  
 346 A	 14.18  
 347 R	 29.90  
 348 E	 54.29  
 349 T	 20.72  
 350 L	 3.00  
 351 Q	 35.69  
 352 A	 19.96  
 353 R	 24.72  
 354 I	 6.68  
 355 E	 46.48  
 356 E	 54.00  
 357 A	 16.56  
 358 K	 63.60  
 359 G	 59.95  
 360 N	 46.34  
 361 P	 28.92  
 362 P	 33.81  
 363 H	 28.68  
 364 M	 4.84  
 365 G	 15.70  
 366 A	 7.11  
 367 I	 2.72  
 368 A	 15.43  
 369 E	 55.20  
 370 G	 15.67  
 371 F	 4.03  
 372 Q	 30.06  
 373 I	 3.44  
 374 R	 21.21  
 375 Y	 14.75  
 376 F	 5.64  
 377 E	 33.20  
 378 F	 6.39  
 379 Q	 47.49  
 380 D	 53.33  
 381 F	 7.32  
 382 E	 64.35  
 383 R	 49.29  
 384 K	 50.35  
 385 F	 13.81  
 386 E	 55.80  
 387 E	 40.04  
 388 C	 2.60  
 389 I	 4.80  
 390 S	 29.73  
 391 Q	 18.59  
 392 S	 28.39  
 393 A	 10.13  
 394 V	 11.08  
 395 K	 45.79  
 396 T	 30.41  
 397 K	 35.14  
 398 F	 11.63  
 399 Q	 41.45  
 400 Q	 41.38  
 401 H	 19.56  
 402 S	 19.86  
 403 S	 42.82  
 404 R	 60.62  
 405 G	 28.65  
 406 K	 46.72  
 407 S	 25.08  
 408 V	 9.39  
 409 S	 35.85  
 410 G	 36.56  
 411 D	 33.55  
 412 M	 3.85  
 413 K	 37.14  
 414 S	 20.24  
 415 M	 4.55  
 416 L	 6.18  
 417 D	 30.73  
 418 N	 34.48  
 419 I	 3.64  
 420 Y	 12.86  
 421 E	 33.53  
 422 R	 17.87  
 423 I	 2.01  
 424 T	 21.93  
 425 I	 2.58  
 426 F	 2.95  
 427 R	 43.66  
 428 N	 40.62  
 429 L	 4.61  
 430 K	 56.21  
 431 Q	 62.63  
 432 D	 60.89  
 433 Q	 33.76  
 434 K	 58.83  
 435 N	 34.35  
 436 L	 8.91  
 437 L	 6.99  
 438 T	 26.78  
 439 E	 47.99  
 440 R	 22.69  
 441 I	 3.45  
 442 Q	 60.00  
 443 G	 24.13  
 444 T	 21.34  
 445 E	 43.81  
 446 T	 22.92  
 447 Q	 21.08  
 448 M	 2.37  
 449 M	 1.77  
 450 Q	 28.25  
 451 V	 2.72  
 452 T	 12.20  
 453 R	 43.06  
 454 E	 33.51  
 455 M	 4.66  
 456 K	 32.08  
 457 M	 4.81  
 458 K	 34.98  
 459 I	 2.25  
 460 H	 15.71  
 461 N	 39.40  
 462 M	 2.19  
 463 V	 7.43  
 464 E	 45.62  
 465 E	 43.76  
 466 V	 7.93  
 467 E	 56.21  
 468 E	 65.03  
 469 K	 38.00  
 470 V	 8.86  
 471 S	 24.23  
 472 K	 60.94  
 473 A	 14.23  
 474 L	 10.74  
 475 N	 50.11  
 476 E	 52.27  
 477 E	 46.94  
 478 I	 1.80  
 479 W	 7.85  
 480 R	 27.50  
 481 L	 3.15  
 482 G	 12.01  
 483 V	 5.12  
 484 L	 3.76  
 485 I	 4.42  
 486 D	 50.72  
 487 E	 31.74  
 488 F	 9.35  
 489 N	 34.86  
 490 M	 4.56  
 491 P	 26.04  
 492 F	 11.90  
 493 H	 19.90  
 494 P	 28.87  
 495 E	 50.51  
 496 R	 34.25  
 497 L	 4.98  
 498 V	 4.88  
 499 L	 3.70  
 500 N	 28.23  
 501 I	 4.70  
 502 Y	 18.22  
 503 K	 35.65  
 504 K	 50.92  
 505 E	 43.00  
 506 L	 10.61  
 507 N	 29.14  
 508 A	 22.26  
 509 H	 23.86  
 510 V	 6.10  
 511 E	 29.26  
 512 S	 37.92  
 513 G	 22.13  
 514 L	 10.67  
 515 G	 20.29  
 516 S	 37.42  
 517 N	 31.57  
 518 L	 4.92  
 519 R	 23.16  
 520 A	 21.67  
 521 R	 22.36  
 522 L	 3.91  
 523 S	 9.10  
 524 M	 4.13  
 525 A	 6.70  
 526 L	 3.30  
 527 A	 4.30  
 528 M	 6.33  
 529 N	 28.88  
 530 V	 3.85  
 531 E	 35.04  
 532 S	 22.76  
 533 A	 13.55  
 534 Q	 47.47  
 535 T	 27.69  
 536 E	 28.18  
 537 M	 5.54  
 538 T	 17.77  
 539 D	 44.59  
 540 R	 15.04  
 541 M	 2.11  
 542 H	 19.46  
 543 A	 10.83  
 544 L	 3.90  
 545 V	 5.06  
 546 P	 39.22  
 547 N	 42.01  
 548 E	 36.21  
 549 Q	 48.71  
 550 L	 2.61  
 551 L	 4.96  
 552 A	 14.22  
 553 T	 36.58  
 554 S	 22.03  
 555 T	 20.85  
 556 K	 29.48  
 557 M	 3.22  
 558 V	 2.55  
 559 V	 4.98  
 560 R	 19.08  
 561 T	 29.05  
 562 Q	 30.07  
 563 P	 26.93  
 564 F	 6.57  
 565 E	 34.65  
 566 M	 4.33  
 567 L	 1.75  
 568 Y	 15.14  
 569 S	 14.78  
 570 L	 4.73  
 571 N	 21.27  
 572 C	 3.26  
 573 Q	 44.87  
 574 N	 39.01  
 575 L	 0.76  
 576 C	 4.47  
 577 A	 24.66  
 578 D	 44.77  
 579 F	 4.57  
 580 Q	 43.79  
 581 E	 65.64  
 582 D	 40.49  
 583 L	 9.07  
 584 E	 60.14  
 585 F	 14.57  
 586 K	 29.16  
 587 F	 10.10  
 588 S	 25.61  
 589 W	 12.82  
 590 G	 9.84  
 591 I	 1.47  
 592 A	 6.24  
 593 A	 8.16  
 594 M	 1.66  
 595 I	 1.97  
 596 Q	 22.73  
 597 R	 21.85  
 598 F	 6.39  
 599 T	 37.98  
 600 G	 24.61  
 601 K	 34.75  
 602 V	 8.99  
 603 R	 36.78  
 604 E	 65.38  
 605 R	 43.12  
 606 S	 33.69  
 607 K	 68.12  
 608 K	 65.11  
 609 G	 42.30  
 610 Q	 29.04  
 611 P	 35.91  
 612 A	 19.09  
 613 L	 4.46  
 614 V	 6.36  
 615 N	 36.80  
 616 R	 30.22  
 617 Q	 36.01  
 618 S	 22.23  
 619 S	 25.01  
 620 I	 7.53  
 621 G	 14.68  
 622 H	 24.29  
 623 S	 16.73  
 624 V	 6.48  
 625 S	 31.51  
 626 T	 23.62  
 627 P	 21.90  
 628 T	 43.31  
 629 T	 30.24  
 630 T	 28.02  
 631 P	 21.62  
 632 V	 8.00  
 633 E	 48.29  
 634 A	 19.89  
 635 T	 11.62  
 636 P	 23.13  
 637 V	 2.89  
 638 C	 3.21  
 639 L	 6.99  
 640 L	 2.62  
 641 P	 22.90  
 642 A	 14.97  
 643 P	 21.12  
 644 V	 5.11  
 645 V	 3.83  
 646 A	 12.14  
 647 G	 16.82  
 648 I	 4.13  
 649 T	 21.61  
 650 P	 25.97  
 651 E	 56.34  
 652 Q	 37.24  
 653 L	 4.25  
 654 S	 24.29  
 655 L	 5.84  
 656 I	 2.20  
 657 S	 27.00  
 658 R	 19.29  
 659 F	 6.68  
 660 A	 10.12  
 661 V	 4.19  
 662 S	 16.89  
 663 S	 25.11  
 664 I	 4.85  
 665 G	 18.83  
 666 S	 24.62  
 667 Q	 46.49  
 668 G	 24.86  
 669 T	 14.35  
 670 V	 7.97  
 671 G	 24.45  
 672 G	 15.80  
 673 L	 2.00  
 674 V	 2.91  
 675 V	 4.63  
 676 A	 9.44  
 677 G	 8.18  
 678 V	 2.68  
 679 M	 2.88  
 680 L	 4.04  
 681 K	 21.72  
 682 T	 22.29  
 683 I	 4.81  
 684 G	 16.03  
 685 W	 5.37  
 686 R	 13.48  
 687 V	 4.02  
 688 L	 1.77  
 689 V	 5.51  
 690 G	 14.16  
 691 V	 2.94  
 692 G	 12.16  
 693 A	 8.66  
 694 L	 2.88  
 695 Y	 14.93  
 696 G	 7.69  
 697 C	 0.86  
 698 I	 2.00  
 699 Y	 13.81  
 700 L	 1.49  
 701 Y	 5.09  
 702 E	 44.54  
 703 R	 22.06  
 704 L	 3.15  
 705 S	 37.77  
 706 W	 12.28  
 707 T	 18.87  
 708 N	 33.44  
 709 S	 33.09  
 710 A	 21.57  
 711 K	 47.77  
 712 E	 57.58  
 713 R	 44.76  
 714 T	 36.18  
 715 F	 10.05  
 716 K	 35.72  
 717 S	 23.66  
 718 Q	 41.13  
 719 Y	 13.42  
 720 V	 2.54  
 721 R	 14.59  
 722 H	 27.92  
 723 A	 15.56  
 724 T	 23.68  
 725 K	 57.82  
 726 K	 49.32  
 727 L	 4.92  
 728 K	 35.15  
 729 M	 5.38  
 730 I	 1.77  
 731 V	 4.40  
 732 D	 33.05  
 733 L	 2.56  
 734 T	 22.72  
 735 S	 25.45  
 736 A	 18.80  
 737 N	 27.82  
 738 C	 3.72  
 739 S	 19.43  
 740 H	 33.75  
 741 Q	 20.58  
 742 V	 5.48  
 743 Q	 25.18  
 744 Q	 55.53  
 745 E	 33.26  
 746 L	 4.21  
 747 S	 26.95  
 748 S	 39.92  
 749 T	 20.24  
 750 F	 3.93  
 751 A	 12.01  
 752 R	 30.08  
 753 L	 1.76  
 754 C	 2.60  
 755 R	 42.23  
 756 T	 23.03  
 757 V	 2.96  
 758 D	 29.97  
 759 T	 22.90  
 760 A	 12.21  
 761 T	 25.97  
 762 T	 30.68  
 763 D	 29.54  
 764 M	 6.81  
 765 N	 42.27  
 766 D	 56.84  
 767 E	 47.35  
 768 L	 5.99  
 769 K	 45.02  
 770 T	 48.71  
 771 L	 5.96  
 772 D	 39.30  
 773 S	 39.41  
 774 Q	 37.89  
 775 L	 5.08  
 776 N	 29.21  
 777 I	 5.10  
 778 L	 5.04  
 779 E	 41.60  
 780 A	 21.95  
 781 N	 39.96  
 782 Q	 41.75  
 783 K	 58.36  
 784 Q	 33.78  
 785 L	 5.63  
 786 K	 42.87  
 787 L	 8.05  
 788 L	 5.61  
 789 R	 53.70  
 790 N	 48.00  
 791 K	 31.41  
 792 A	 20.01  
 793 N	 35.73  
 794 Y	 14.56  
 795 I	 3.39  
 796 Q	 27.30  
 797 N	 42.09  
 798 E	 31.29  
 799 L	 8.85  
 800 D	 37.03  
 801 I	 7.35  
 802 F	 8.57  
 803 E	 31.40  
 804 H	 22.96  
 805 N	 28.74  
 806 Y	 12.51  
 807 I	 6.18  
 808 S	 13.59  
 809 P	 34.05  
 810 Q	 60.19  
