 1 M	 15.35  
 2 E	 74.30  
 3 D	 56.93  
 4 E	 40.85  
 5 E	 60.39  
 6 V	 7.24  
 7 A	 14.37  
 8 E	 62.65  
 9 S	 30.01  
 10 W	 10.04  
 11 E	 47.22  
 12 E	 42.79  
 13 A	 12.68  
 14 A	 18.12  
 15 D	 65.31  
 16 S	 33.33  
 17 G	 36.10  
 18 E	 45.74  
 19 I	 5.95  
 20 D	 25.91  
 21 R	 51.23  
 22 R	 43.37  
 23 L	 13.58  
 24 E	 46.46  
 25 K	 68.91  
 26 K	 45.71  
 27 L	 7.80  
 28 K	 53.22  
 29 I	 7.75  
 30 T	 31.81  
 31 Q	 51.50  
 32 K	 49.35  
 33 E	 46.05  
 34 S	 52.63  
 35 R	 48.65  
 36 K	 72.08  
 37 S	 36.94  
 38 K	 70.76  
 39 S	 54.23  
 40 P	 36.15  
 41 P	 58.32  
 42 K	 65.12  
 43 V	 4.89  
 44 P	 22.66  
 45 I	 4.83  
 46 V	 2.35  
 47 I	 3.73  
 48 Q	 37.25  
 49 D	 36.02  
 50 D	 35.38  
 51 S	 44.54  
 52 L	 4.30  
 53 P	 38.84  
 54 A	 48.71  
 55 G	 33.05  
 56 P	 39.23  
 57 P	 32.29  
 58 P	 45.42  
 59 Q	 43.28  
 60 I	 3.50  
 61 R	 23.96  
 62 I	 5.93  
 63 L	 2.50  
 64 K	 54.69  
 65 R	 35.96  
 66 P	 38.29  
 67 T	 38.57  
 68 S	 33.98  
 69 N	 50.16  
 70 G	 22.44  
 71 V	 4.40  
 72 V	 5.06  
 73 S	 37.36  
 74 S	 19.25  
 75 P	 31.14  
 76 N	 60.92  
 77 S	 31.01  
 78 T	 35.08  
 79 S	 35.76  
 80 R	 28.45  
 81 P	 37.75  
 82 T	 42.45  
 83 L	 5.20  
 84 P	 33.69  
 85 V	 8.07  
 86 K	 37.50  
 87 S	 29.22  
 88 L	 3.79  
 89 A	 17.30  
 90 Q	 49.38  
 91 R	 39.21  
 92 E	 33.50  
 93 A	 19.79  
 94 E	 40.29  
 95 Y	 19.45  
 96 A	 8.76  
 97 E	 48.37  
 98 A	 17.70  
 99 R	 21.94  
 100 K	 51.33  
 101 R	 24.66  
 102 I	 5.99  
 103 L	 5.28  
 104 G	 20.85  
 105 S	 23.33  
 106 A	 27.57  
 107 S	 34.24  
 108 P	 53.38  
 109 E	 72.21  
 110 E	 69.25  
 111 E	 63.48  
 112 Q	 68.26  
 113 E	 65.17  
 114 K	 36.73  
 115 P	 31.46  
 116 I	 10.40  
 117 L	 6.57  
 118 D	 56.06  
 119 R	 30.92  
 120 P	 26.20  
 121 T	 41.34  
 122 R	 29.28  
 123 I	 5.02  
 124 S	 36.07  
 125 Q	 42.93  
 126 P	 40.34  
 127 E	 62.07  
 128 D	 56.66  
 129 S	 31.02  
 130 R	 69.19  
 131 Q	 49.37  
 132 P	 33.00  
 133 N	 47.24  
 134 N	 36.96  
 135 V	 4.92  
 136 I	 3.53  
 137 R	 27.99  
 138 Q	 26.84  
 139 P	 29.45  
 140 L	 13.56  
 141 G	 25.57  
 142 P	 50.93  
 143 D	 68.52  
 144 G	 25.63  
 145 S	 34.21  
 146 Q	 67.86  
 147 G	 33.16  
 148 F	 4.77  
 149 K	 50.12  
 150 Q	 44.08  
 151 R	 47.03  
 152 R	 48.69  
