 1 M	 10.19  
 2 S	 49.37  
 3 T	 24.80  
 4 P	 19.05  
 5 S	 50.90  
 6 R	 48.91  
 7 F	 15.74  
 8 K	 59.98  
 9 K	 71.91  
 10 D	 55.18  
 11 K	 60.74  
 12 E	 50.16  
 13 I	 4.44  
 14 I	 2.21  
 15 A	 20.98  
 16 E	 39.15  
 17 Y	 16.32  
 18 E	 26.63  
 19 S	 39.10  
 20 Q	 38.06  
 21 V	 9.28  
 22 K	 39.52  
 23 E	 38.56  
 24 I	 3.52  
 25 R	 19.85  
 26 A	 16.84  
 27 Q	 35.87  
 28 L	 4.46  
 29 V	 4.08  
 30 E	 56.75  
 31 Q	 40.32  
 32 Q	 25.56  
 33 K	 40.25  
 34 C	 4.37  
 35 L	 9.55  
 36 E	 50.54  
 37 Q	 42.41  
 38 Q	 30.01  
 39 T	 31.29  
 40 E	 22.21  
 41 M	 6.05  
 42 R	 13.54  
 43 V	 4.54  
 44 Q	 26.54  
 45 L	 4.19  
 46 L	 1.76  
 47 Q	 58.94  
 48 D	 46.39  
 49 L	 3.20  
 50 Q	 54.47  
 51 D	 52.53  
 52 F	 4.04  
 53 F	 17.59  
 54 R	 39.29  
 55 K	 51.70  
 56 K	 47.17  
 57 A	 26.49  
 58 E	 50.68  
 59 I	 10.69  
 60 E	 27.39  
 61 T	 45.98  
 62 E	 28.81  
 63 Y	 21.98  
 64 S	 14.41  
 65 R	 51.34  
 66 N	 46.76  
 67 L	 6.28  
 68 E	 49.96  
 69 K	 57.05  
 70 L	 4.34  
 71 A	 19.58  
 72 E	 57.81  
 73 R	 22.49  
 74 F	 4.14  
 75 M	 4.72  
 76 A	 13.83  
 77 K	 32.46  
 78 T	 21.95  
 79 R	 41.44  
 80 S	 45.07  
 81 T	 36.88  
 82 K	 55.23  
 83 D	 44.94  
 84 H	 20.42  
 85 Q	 59.43  
 86 Q	 48.90  
 87 Y	 17.27  
 88 K	 45.60  
 89 K	 60.66  
 90 D	 38.15  
 91 Q	 51.88  
 92 N	 53.75  
 93 L	 4.10  
 94 L	 7.73  
 95 S	 29.93  
 96 P	 22.70  
 97 V	 9.17  
 98 N	 17.62  
 99 C	 2.29  
 100 W	 5.00  
 101 Y	 6.95  
 102 L	 1.57  
 103 L	 2.18  
 104 L	 3.78  
 105 N	 37.97  
 106 Q	 30.02  
 107 V	 6.40  
 108 R	 27.21  
 109 R	 54.40  
 110 E	 52.13  
 111 S	 41.39  
 112 K	 49.10  
 113 D	 46.03  
 114 H	 25.09  
 115 A	 21.99  
 116 T	 24.31  
 117 L	 4.49  
 118 S	 20.01  
 119 D	 36.34  
 120 I	 3.66  
 121 Y	 14.36  
 122 L	 3.72  
 123 N	 24.61  
 124 N	 23.30  
 125 V	 3.37  
 126 I	 1.46  
 127 M	 2.05  
 128 R	 16.86  
 129 F	 2.03  
 130 M	 2.14  
 131 Q	 33.09  
 132 I	 3.06  
 133 S	 20.61  
 134 E	 58.57  
 135 D	 48.82  
 136 S	 17.54  
 137 T	 38.18  
 138 R	 32.27  
 139 M	 6.14  
 140 F	 8.98  
 141 K	 46.96  
 142 K	 56.34  
 143 S	 35.79  
 144 K	 63.12  
 145 E	 46.79  
 146 I	 5.52  
 147 A	 6.29  
 148 F	 11.03  
 149 Q	 32.65  
 150 L	 3.74  
 151 H	 18.75  
 152 E	 62.52  
 153 D	 41.12  
 154 L	 3.05  
 155 M	 4.34  
 156 K	 51.36  
 157 V	 4.29  
 158 L	 3.26  
 159 N	 39.97  
 160 E	 38.71  
 161 L	 4.17  
 162 Y	 7.36  
 163 T	 27.09  
 164 V	 2.04  
 165 M	 1.75  
 166 K	 41.41  
 167 T	 10.68  
 168 Y	 4.50  
 169 H	 18.63  
 170 M	 1.52  
 171 Y	 5.65  
 172 H	 18.55  
 173 A	 8.51  
 174 E	 34.98  
 175 S	 23.72  
 176 I	 3.22  
 177 S	 34.95  
 178 A	 24.34  
 179 E	 41.43  
 180 S	 42.90  
 181 K	 55.90  
 182 L	 9.37  
 183 K	 59.62  
 184 E	 72.93  
 185 A	 27.92  
 186 E	 57.26  
 187 K	 70.79  
 188 Q	 56.43  
 189 E	 77.54  
 190 E	 48.01  
 191 K	 46.60  
 192 Q	 46.80  
 193 I	 7.98  
 194 G	 18.40  
 195 R	 38.81  
 196 S	 42.19  
 197 G	 41.71  
 198 D	 37.12  
 199 P	 33.91  
 200 V	 6.93  
 201 F	 4.89  
 202 H	 12.42  
 203 I	 3.50  
 204 R	 27.72  
 205 L	 8.73  
 206 E	 43.04  
 207 E	 61.12  
 208 R	 23.12  
 209 H	 28.87  
 210 Q	 49.02  
 211 R	 34.03  
 212 R	 27.06  
 213 S	 41.49  
 214 S	 35.82  
 215 V	 8.47  
 216 K	 50.40  
 217 K	 54.67  
 218 I	 5.22  
 219 E	 56.85  
 220 K	 59.76  
 221 M	 4.38  
 222 K	 71.76  
 223 E	 50.39  
 224 K	 44.27  
 225 R	 42.66  
 226 Q	 53.96  
 227 A	 19.45  
 228 K	 40.76  
 229 Y	 25.00  
 230 S	 33.71  
 231 E	 56.12  
 232 N	 49.36  
 233 K	 53.92  
 234 L	 8.74  
 235 K	 52.31  
 236 S	 39.49  
 237 I	 3.75  
 238 K	 48.67  
 239 A	 20.19  
 240 R	 31.35  
 241 N	 47.31  
 242 E	 31.82  
 243 Y	 15.57  
 244 L	 2.10  
 245 L	 5.13  
 246 T	 21.69  
 247 L	 4.20  
 248 E	 48.49  
 249 A	 14.85  
 250 T	 23.18  
 251 N	 36.95  
 252 A	 11.61  
 253 S	 30.11  
 254 V	 4.45  
 255 F	 3.79  
 256 K	 34.68  
 257 Y	 9.00  
 258 Y	 7.74  
 259 I	 1.52  
 260 H	 17.53  
 261 D	 38.01  
 262 L	 2.38  
 263 S	 36.11  
 264 D	 55.74  
 265 L	 2.98  
 266 I	 4.59  
 267 D	 34.00  
 268 C	 1.22  
 269 C	 4.25  
 270 D	 49.84  
 271 L	 4.59  
 272 G	 10.03  
 273 Y	 11.08  
 274 H	 13.67  
 275 A	 13.77  
 276 S	 16.92  
 277 L	 5.36  
 278 N	 25.36  
 279 R	 40.05  
 280 A	 10.58  
 281 L	 3.67  
 282 R	 21.97  
 283 T	 29.66  
 284 Y	 7.69  
 285 L	 3.75  
 286 S	 14.51  
 287 A	 22.24  
 288 E	 31.42  
 289 Y	 25.43  
 290 N	 23.94  
 291 L	 8.11  
 292 E	 40.89  
 293 T	 33.94  
 294 S	 23.43  
 295 R	 39.02  
 296 H	 32.99  
 297 E	 61.41  
 298 G	 23.64  
 299 L	 3.78  
 300 D	 51.15  
 301 I	 5.24  
 302 I	 3.14  
 303 E	 39.20  
 304 N	 34.55  
 305 A	 9.39  
 306 V	 8.27  
 307 D	 52.14  
 308 N	 39.44  
 309 L	 9.19  
 310 E	 44.94  
 311 P	 44.21  
 312 R	 48.38  
 313 S	 60.93  
 314 D	 53.00  
 315 K	 44.62  
 316 Q	 49.16  
 317 R	 38.32  
 318 F	 4.50  
 319 M	 2.93  
 320 E	 32.62  
 321 M	 3.05  
 322 Y	 4.03  
 323 P	 18.79  
 324 A	 8.83  
 325 A	 11.32  
 326 F	 7.54  
 327 C	 2.95  
 328 P	 26.10  
 329 P	 39.51  
 330 M	 4.73  
 331 K	 47.73  
 332 F	 10.39  
 333 E	 36.94  
 334 F	 11.55  
 335 Q	 25.81  
 336 S	 22.29  
 337 H	 17.29  
 338 M	 9.78  
 339 G	 23.62  
 340 D	 37.27  
 341 E	 39.19  
 342 V	 3.09  
 343 C	 2.88  
 344 Q	 37.06  
 345 V	 4.30  
 346 S	 8.42  
 347 A	 17.11  
 348 Q	 40.37  
 349 Q	 39.59  
 350 P	 14.22  
 351 V	 7.97  
 352 Q	 35.48  
 353 A	 16.48  
 354 E	 20.02  
 355 L	 4.37  
 356 M	 1.18  
 357 L	 7.83  
 358 R	 17.16  
 359 Y	 9.17  
 360 Q	 30.95  
 361 Q	 32.32  
 362 L	 2.70  
 363 Q	 23.36  
 364 S	 37.54  
 365 R	 18.51  
 366 L	 5.31  
 367 A	 15.13  
 368 T	 32.93  
 369 L	 4.35  
 370 K	 43.55  
 371 I	 8.48  
 372 E	 57.93  
 373 N	 54.95  
 374 E	 51.91  
 375 E	 71.82  
 376 V	 6.68  
 377 K	 47.91  
 378 K	 66.89  
 379 T	 24.93  
 380 T	 32.28  
 381 E	 44.91  
 382 A	 16.12  
 383 T	 17.11  
 384 L	 5.65  
 385 Q	 32.00  
 386 T	 24.58  
 387 I	 1.79  
 388 Q	 35.81  
 389 D	 29.66  
 390 M	 1.32  
 391 V	 7.02  
 392 T	 16.41  
 393 I	 2.29  
 394 E	 40.95  
 395 D	 40.87  
 396 Y	 12.88  
 397 D	 50.19  
 398 V	 4.17  
 399 S	 26.25  
 400 E	 38.92  
 401 C	 2.87  
 402 F	 6.85  
 403 Q	 45.35  
 404 H	 12.62  
 405 S	 19.69  
 406 R	 45.53  
 407 S	 39.27  
 408 T	 31.04  
 409 E	 55.57  
 410 S	 34.63  
 411 V	 4.64  
 412 K	 50.08  
 413 S	 31.70  
 414 T	 23.49  
 415 V	 6.67  
 416 S	 25.06  
 417 E	 36.82  
 418 T	 23.43  
 419 Y	 12.62  
 420 L	 7.48  
 421 S	 31.91  
 422 K	 39.94  
 423 P	 27.82  
 424 S	 38.63  
 425 I	 7.70  
 426 A	 12.02  
 427 K	 40.52  
 428 R	 33.64  
 429 R	 36.86  
 430 A	 23.40  
 431 N	 42.11  
 432 Q	 41.31  
 433 Q	 60.43  
 434 E	 44.54  
 435 T	 30.65  
 436 E	 37.63  
 437 Q	 45.84  
 438 F	 4.06  
 439 Y	 11.49  
 440 F	 3.53  
 441 M	 2.45  
 442 K	 34.20  
 443 L	 3.19  
 444 R	 25.62  
 445 E	 65.98  
 446 Y	 12.01  
 447 L	 5.28  
 448 E	 60.72  
 449 G	 21.17  
 450 S	 21.06  
 451 N	 46.44  
 452 L	 5.87  
 453 I	 3.60  
 454 T	 28.94  
 455 K	 31.44  
 456 L	 4.48  
 457 Q	 50.34  
 458 A	 22.91  
 459 K	 25.37  
 460 H	 33.69  
 461 D	 48.66  
 462 L	 4.37  
 463 L	 3.94  
 464 Q	 43.54  
 465 R	 31.71  
 466 T	 26.59  
 467 L	 6.82  
 468 G	 37.92  
 469 E	 55.74  
 470 G	 17.49  
 471 H	 22.83  
 472 R	 39.71  
 473 A	 13.44  
 474 E	 35.48  
 475 Y	 9.97  
 476 M	 2.02  
 477 T	 20.82  
 478 T	 25.34  
 479 R	 35.20  
 480 P	 23.79  
 481 P	 51.68  
 482 N	 62.70  
 483 V	 12.08  
 484 P	 37.53  
 485 P	 57.59  
 486 K	 54.75  
 487 P	 54.98  
 488 Q	 61.38  
 489 K	 54.63  
 490 H	 36.83  
 491 R	 45.76  
 492 K	 51.00  
 493 S	 47.69  
 494 R	 33.42  
 495 P	 47.57  
 496 R	 34.97  
 497 S	 39.43  
 498 Q	 36.45  
 499 Y	 26.50  
 500 N	 24.09  
 501 T	 24.96  
 502 K	 47.66  
 503 L	 3.66  
 504 F	 11.64  
 505 N	 54.21  
 506 G	 33.28  
 507 D	 42.30  
 508 L	 7.67  
 509 E	 44.96  
 510 T	 40.81  
 511 F	 4.73  
 512 V	 9.82  
 513 K	 41.82  
 514 D	 53.34  
 515 S	 25.96  
 516 G	 35.59  
 517 Q	 33.64  
 518 V	 5.77  
 519 I	 1.44  
 520 P	 19.71  
 521 L	 4.75  
 522 I	 2.44  
 523 V	 6.12  
 524 E	 32.66  
 525 S	 12.16  
 526 C	 1.31  
 527 I	 5.84  
 528 R	 30.62  
 529 F	 1.89  
 530 I	 2.20  
 531 N	 25.21  
 532 L	 2.83  
 533 Y	 15.99  
 534 G	 23.25  
 535 L	 2.31  
 536 Q	 23.61  
 537 H	 32.64  
 538 Q	 33.44  
 539 G	 20.91  
 540 I	 1.28  
 541 F	 8.91  
 542 R	 21.55  
 543 V	 5.45  
 544 S	 28.59  
 545 G	 21.17  
 546 S	 24.44  
 547 Q	 38.63  
 548 V	 10.71  
 549 E	 28.15  
 550 V	 9.07  
 551 N	 31.61  
 552 D	 59.42  
 553 I	 3.72  
 554 K	 49.77  
 555 N	 52.87  
 556 S	 24.39  
 557 F	 11.81  
 558 E	 60.64  
 559 R	 56.57  
 560 G	 31.66  
 561 E	 62.99  
 562 N	 39.44  
 563 P	 25.32  
 564 L	 14.23  
 565 A	 21.42  
 566 D	 63.26  
 567 D	 48.47  
 568 Q	 46.83  
 569 S	 43.03  
 570 N	 31.08  
 571 H	 42.44  
 572 D	 46.12  
 573 I	 3.00  
 574 N	 36.17  
 575 S	 17.43  
 576 V	 4.67  
 577 A	 11.38  
 578 G	 24.12  
 579 V	 2.84  
 580 L	 2.86  
 581 K	 38.44  
 582 L	 4.23  
 583 Y	 6.94  
 584 F	 7.86  
 585 R	 34.92  
 586 G	 27.69  
 587 L	 5.11  
 588 E	 60.67  
 589 N	 43.55  
 590 P	 26.46  
 591 L	 20.26  
 592 F	 9.54  
 593 P	 45.33  
 594 K	 54.94  
 595 E	 63.84  
 596 R	 41.62  
 597 F	 9.76  
 598 N	 49.77  
 599 D	 42.54  
 600 L	 3.05  
 601 I	 3.35  
 602 S	 15.70  
 603 C	 1.60  
 604 I	 3.27  
 605 R	 34.24  
 606 I	 1.77  
 607 D	 29.27  
 608 N	 42.00  
 609 L	 4.10  
 610 Y	 15.04  
 611 E	 34.34  
 612 R	 28.97  
 613 A	 7.49  
 614 L	 4.29  
 615 H	 19.47  
 616 I	 4.29  
 617 R	 16.90  
 618 K	 42.77  
 619 L	 3.21  
 620 L	 3.73  
 621 L	 7.19  
 622 T	 34.38  
 623 L	 3.15  
 624 P	 22.67  
 625 R	 42.37  
 626 S	 21.24  
 627 V	 4.46  
 628 L	 2.29  
 629 I	 1.83  
 630 V	 1.24  
 631 M	 1.52  
 632 R	 17.70  
 633 Y	 6.51  
 634 L	 1.44  
 635 F	 3.15  
 636 A	 12.86  
 637 F	 5.71  
 638 L	 3.37  
 639 N	 27.83  
 640 H	 29.07  
 641 L	 3.12  
 642 S	 21.37  
 643 Q	 48.38  
 644 Y	 18.08  
 645 S	 30.71  
 646 D	 46.48  
 647 E	 40.88  
 648 N	 35.75  
 649 M	 2.79  
 650 M	 7.67  
 651 D	 31.59  
 652 P	 11.30  
 653 Y	 20.67  
 654 N	 28.52  
 655 L	 2.54  
 656 A	 7.89  
 657 I	 1.94  
 658 C	 2.41  
 659 F	 12.26  
 660 G	 15.18  
 661 P	 11.34  
 662 T	 35.75  
 663 L	 4.04  
 664 M	 3.28  
 665 P	 41.44  
 666 V	 4.07  
 667 P	 27.40  
 668 E	 54.22  
 669 I	 4.47  
 670 Q	 33.16  
 671 D	 57.41  
 672 Q	 16.79  
 673 V	 9.22  
 674 S	 8.55  
 675 C	 4.32  
 676 Q	 27.31  
 677 A	 16.96  
 678 H	 9.32  
 679 V	 8.45  
 680 N	 25.53  
 681 E	 45.03  
 682 I	 3.10  
 683 I	 2.34  
 684 K	 39.06  
 685 T	 13.65  
 686 I	 2.06  
 687 I	 2.72  
 688 I	 2.10  
 689 H	 11.43  
 690 H	 24.40  
 691 E	 29.45  
 692 T	 24.46  
 693 I	 4.26  
 694 F	 6.14  
 695 P	 36.48  
 696 D	 60.57  
 697 A	 13.88  
 698 K	 67.21  
 699 E	 54.54  
 700 L	 10.20  
 701 D	 61.51  
 702 G	 26.63  
 703 P	 25.78  
 704 V	 13.58  
 705 Y	 16.89  
 706 E	 39.76  
 707 K	 16.18  
 708 C	 1.19  
 709 M	 7.46  
 710 A	 27.94  
 711 G	 11.05  
 712 D	 33.88  
 713 D	 45.07  
 714 Y	 11.69  
 715 C	 5.55  
 716 D	 46.55  
 717 S	 23.37  
 718 P	 24.34  
 719 Y	 30.55  
 720 S	 26.88  
 721 E	 40.26  
 722 H	 28.70  
 723 G	 28.13  
 724 T	 32.67  
 725 L	 6.64  
 726 E	 56.67  
 727 E	 55.28  
 728 V	 6.14  
 729 D	 43.87  
 730 Q	 47.86  
 731 D	 42.37  
 732 A	 22.60  
 733 G	 38.61  
 734 T	 48.33  
 735 E	 33.88  
 736 P	 35.57  
 737 H	 35.47  
 738 T	 44.52  
 739 S	 39.76  
 740 E	 60.01  
 741 D	 66.66  
 742 E	 36.41  
 743 C	 13.42  
 744 E	 47.46  
 745 P	 41.18  
 746 I	 2.32  
 747 E	 44.75  
 748 A	 14.04  
 749 I	 2.51  
 750 A	 17.32  
 751 K	 32.43  
 752 F	 6.39  
 753 D	 36.18  
 754 Y	 14.13  
 755 V	 5.74  
 756 G	 16.17  
 757 R	 19.66  
 758 S	 26.25  
 759 A	 13.96  
 760 R	 46.78  
 761 E	 48.78  
 762 L	 6.42  
 763 S	 30.21  
 764 F	 17.30  
 765 K	 47.09  
 766 K	 58.67  
 767 G	 22.46  
 768 A	 13.09  
 769 S	 28.37  
 770 L	 3.66  
 771 L	 4.06  
 772 L	 4.03  
 773 Y	 6.82  
 774 H	 20.85  
 775 R	 26.67  
 776 A	 12.17  
 777 S	 35.72  
 778 E	 57.58  
 779 D	 53.98  
 780 W	 7.32  
 781 W	 15.53  
 782 E	 41.94  
 783 G	 23.56  
 784 R	 14.48  
 785 H	 47.96  
 786 N	 47.99  
 787 G	 17.15  
 788 I	 4.63  
 789 D	 45.85  
 790 G	 27.01  
 791 L	 4.86  
 792 V	 4.93  
 793 P	 17.57  
 794 H	 26.12  
 795 Q	 24.47  
 796 Y	 7.83  
 797 I	 1.65  
 798 V	 2.42  
 799 V	 2.64  
 800 Q	 29.44  
 801 D	 30.76  
 802 M	 2.54  
 803 D	 61.15  
 804 D	 42.91  
 805 T	 22.30  
 806 F	 8.83  
 807 S	 31.60  
 808 D	 47.69  
 809 T	 27.41  
 810 L	 6.48  
 811 S	 31.56  
 812 Q	 48.33  
 813 K	 51.27  
 814 A	 20.23  
 815 D	 54.79  
 816 S	 39.66  
 817 E	 53.79  
 818 A	 16.98  
 819 S	 31.60  
 820 S	 54.91  
 821 G	 20.43  
 822 P	 31.63  
 823 V	 11.90  
 824 T	 41.42  
 825 E	 64.77  
 826 D	 46.93  
 827 K	 46.11  
 828 S	 52.76  
 829 S	 47.34  
 830 S	 39.50  
 831 K	 64.05  
 832 D	 43.36  
 833 M	 6.51  
 834 N	 55.78  
 835 S	 23.65  
 836 P	 33.06  
 837 T	 45.55  
 838 D	 50.72  
 839 R	 45.79  
 840 H	 27.84  
 841 P	 37.30  
 842 D	 52.85  
 843 G	 24.65  
 844 Y	 12.45  
 845 L	 3.76  
 846 A	 9.33  
 847 R	 33.95  
 848 Q	 50.03  
 849 R	 25.70  
 850 K	 57.31  
 851 R	 57.82  
 852 G	 55.59  
 853 E	 59.68  
 854 P	 49.90  
 855 P	 41.34  
 856 P	 51.22  
 857 P	 37.71  
 858 V	 11.34  
 859 R	 44.87  
 860 R	 37.95  
 861 P	 26.50  
 862 G	 43.62  
 863 R	 33.47  
 864 T	 36.76  
 865 S	 39.99  
 866 D	 50.68  
 867 G	 24.86  
 868 H	 18.27  
 869 C	 4.73  
 870 P	 28.20  
 871 L	 13.26  
 872 H	 20.98  
 873 P	 30.01  
 874 P	 18.03  
 875 H	 43.69  
 876 A	 20.61  
 877 L	 4.53  
 878 S	 35.13  
 879 N	 38.87  
 880 S	 28.50  
 881 S	 24.73  
 882 V	 7.65  
 883 D	 47.46  
 884 L	 7.39  
 885 G	 32.80  
 886 S	 20.72  
 887 P	 31.40  
 888 S	 37.96  
 889 L	 6.86  
 890 A	 15.33  
 891 S	 39.04  
 892 H	 15.52  
 893 P	 29.55  
 894 R	 42.86  
 895 G	 34.88  
 896 L	 4.73  
 897 L	 4.76  
 898 Q	 42.49  
 899 N	 39.70  
 900 R	 37.71  
 901 G	 40.06  
 902 L	 4.96  
 903 N	 53.76  
 904 N	 57.06  
 905 D	 65.58  
 906 S	 30.68  
 907 P	 41.81  
 908 E	 63.87  
 909 R	 40.57  
 910 R	 36.98  
 911 R	 56.20  
 912 R	 39.48  
 913 P	 37.00  
 914 G	 35.66  
 915 H	 25.92  
 916 G	 30.20  
 917 S	 26.75  
 918 L	 5.14  
 919 T	 32.00  
 920 N	 35.22  
 921 I	 3.01  
 922 S	 26.15  
 923 R	 33.56  
 924 H	 23.40  
 925 D	 55.33  
 926 S	 35.64  
 927 L	 9.02  
 928 K	 52.19  
 929 K	 57.97  
 930 I	 6.40  
 931 D	 65.06  
 932 S	 35.73  
 933 P	 25.29  
 934 P	 36.35  
 935 I	 6.93  
 936 R	 32.07  
 937 R	 45.03  
 938 S	 23.85  
 939 T	 25.71  
 940 S	 33.45  
 941 S	 29.97  
 942 G	 25.04  
 943 Q	 34.26  
 944 Y	 16.62  
 945 T	 27.66  
 946 G	 17.90  
 947 F	 8.18  
 948 N	 52.39  
 949 D	 49.26  
 950 H	 34.44  
 951 K	 50.57  
 952 P	 38.28  
 953 L	 23.85  
 954 D	 47.74  
 955 P	 48.60  
 956 E	 53.14  
 957 T	 27.31  
 958 I	 2.86  
 959 A	 14.38  
 960 Q	 48.65  
 961 D	 41.04  
 962 I	 3.24  
 963 E	 56.56  
 964 E	 54.41  
 965 T	 11.70  
 966 M	 4.79  
 967 N	 29.62  
 968 T	 23.00  
 969 A	 11.91  
 970 L	 4.88  
 971 N	 43.74  
 972 E	 50.48  
 973 L	 5.12  
 974 R	 40.03  
 975 E	 68.55  
 976 L	 5.48  
 977 E	 43.87  
 978 R	 48.66  
 979 Q	 35.44  
 980 S	 36.23  
 981 T	 31.24  
 982 A	 13.59  
 983 K	 40.15  
 984 H	 39.78  
 985 A	 10.98  
 986 P	 34.35  
 987 D	 43.89  
 988 V	 4.48  
 989 V	 5.37  
 990 L	 4.12  
 991 D	 37.32  
 992 T	 28.21  
 993 L	 4.29  
 994 E	 56.26  
 995 Q	 55.38  
 996 V	 4.65  
 997 K	 51.94  
 998 N	 55.13  
 999 S	 25.16  
 1000 P	 52.36  
 1001 T	 25.94  
 1002 P	 36.60  
 1003 A	 19.36  
 1004 T	 37.07  
 1005 S	 32.08  
 1006 T	 25.82  
 1007 E	 49.83  
 1008 S	 33.95  
 1009 L	 5.07  
 1010 S	 34.39  
 1011 P	 42.82  
 1012 L	 4.05  
 1013 H	 30.06  
 1014 N	 28.56  
 1015 V	 3.55  
 1016 A	 11.54  
 1017 L	 4.80  
 1018 R	 28.53  
 1019 S	 39.64  
 1020 S	 47.03  
 1021 E	 42.33  
 1022 P	 36.53  
 1023 Q	 37.46  
 1024 I	 6.06  
 1025 R	 22.65  
 1026 R	 46.01  
 1027 S	 23.85  
 1028 T	 30.71  
 1029 S	 29.48  
 1030 S	 33.67  
 1031 S	 31.81  
 1032 S	 38.76  
 1033 D	 48.66  
 1034 T	 18.24  
 1035 M	 4.22  
 1036 S	 32.55  
 1037 T	 25.51  
 1038 F	 7.02  
 1039 K	 32.09  
 1040 P	 20.49  
 1041 M	 4.07  
 1042 V	 10.08  
 1043 A	 4.63  
 1044 P	 18.51  
 1045 R	 25.42  
 1046 M	 6.33  
 1047 G	 12.80  
 1048 V	 4.38  
 1049 Q	 37.73  
 1050 L	 9.27  
 1051 K	 31.68  
 1052 P	 28.17  
 1053 P	 42.19  
 1054 A	 25.40  
 1055 L	 13.69  
 1056 R	 39.02  
 1057 P	 48.08  
 1058 K	 38.89  
 1059 P	 30.22  
 1060 A	 22.93  
 1061 V	 14.78  
 1062 L	 3.80  
 1063 P	 34.52  
 1064 K	 57.69  
 1065 T	 44.48  
 1066 N	 37.53  
 1067 P	 30.53  
 1068 T	 40.41  
 1069 I	 7.02  
 1070 G	 18.13  
 1071 P	 37.43  
 1072 A	 24.82  
 1073 P	 44.21  
 1074 P	 35.63  
 1075 P	 51.18  
 1076 Q	 76.03  
 1077 G	 32.61  
 1078 P	 31.98  
 1079 T	 63.98  
 1080 D	 43.96  
 1081 K	 50.32  
 1082 S	 20.03  
 1083 C	 4.64  
 1084 T	 32.76  
 1085 M	 6.40  
