 1 M	 7.88  
 2 R	 45.33  
 3 R	 34.81  
 4 S	 26.58  
 5 R	 32.59  
 6 S	 26.10  
 7 S	 22.33  
 8 A	 16.82  
 9 A	 13.69  
 10 A	 15.90  
 11 K	 33.71  
 12 L	 6.79  
 13 R	 44.80  
 14 G	 48.04  
 15 Q	 31.39  
 16 K	 51.89  
 17 R	 32.22  
 18 S	 45.83  
 19 G	 28.00  
 20 A	 13.16  
 21 S	 38.12  
 22 G	 24.02  
 23 A	 8.10  
 24 S	 28.61  
 25 A	 19.55  
 26 A	 7.56  
 27 P	 28.24  
 28 A	 14.88  
 29 A	 9.92  
 30 S	 22.13  
 31 A	 9.08  
 32 A	 7.26  
 33 A	 11.61  
 34 A	 10.26  
 35 L	 6.54  
 36 A	 7.41  
 37 P	 25.91  
 38 S	 36.34  
 39 A	 10.47  
 40 T	 36.59  
 41 R	 26.42  
 42 T	 26.53  
 43 R	 27.54  
 44 R	 35.64  
 45 S	 29.05  
 46 A	 12.12  
 47 S	 23.08  
 48 Q	 49.84  
 49 A	 23.02  
 50 G	 28.15  
 51 S	 31.95  
 52 K	 45.74  
 53 S	 25.68  
 54 Q	 53.84  
 55 A	 20.66  
 56 V	 8.24  
 57 E	 63.96  
 58 K	 56.48  
 59 P	 24.92  
 60 P	 67.21  
 61 S	 67.77  
 62 E	 73.23  
 63 K	 39.51  
 64 P	 36.16  
 65 R	 52.47  
 66 L	 7.87  
 67 R	 37.40  
 68 R	 46.18  
 69 S	 37.96  
 70 S	 19.32  
 71 P	 36.55  
 72 R	 51.34  
 73 A	 25.23  
 74 Q	 51.02  
 75 E	 65.03  
 76 E	 59.62  
 77 G	 34.46  
 78 P	 47.45  
 79 G	 71.54  
 80 E	 58.74  
 81 P	 53.25  
 82 P	 53.42  
 83 P	 45.79  
 84 P	 55.82  
 85 E	 53.07  
 86 L	 5.12  
 87 A	 12.85  
 88 L	 13.26  
 89 L	 5.07  
 90 P	 39.95  
 91 P	 54.74  
 92 P	 52.68  
 93 P	 60.86  
 94 P	 60.86  
 95 P	 53.96  
 96 P	 51.69  
 97 P	 57.71  
 98 T	 31.18  
 99 P	 39.65  
 100 A	 28.79  
 101 T	 28.44  
 102 P	 32.18  
 103 T	 30.84  
 104 S	 25.72  
 105 S	 37.89  
 106 A	 11.38  
 107 S	 39.61  
 108 N	 36.97  
 109 L	 5.50  
 110 D	 57.80  
 111 L	 10.29  
 112 G	 28.76  
 113 E	 54.48  
 114 Q	 51.22  
 115 R	 31.01  
 116 E	 62.94  
 117 R	 38.43  
 118 W	 12.29  
 119 E	 46.06  
 120 T	 25.14  
 121 F	 5.67  
 122 Q	 47.65  
 123 K	 53.24  
 124 R	 28.25  
 125 Q	 52.74  
 126 K	 58.74  
 127 L	 4.88  
 128 T	 31.59  
 129 S	 44.46  
 130 E	 47.84  
 131 G	 30.51  
 132 A	 9.43  
 133 A	 17.56  
 134 K	 38.85  
 135 L	 5.01  
 136 L	 3.92  
 137 L	 9.39  
 138 D	 49.68  
 139 T	 20.52  
 140 F	 9.09  
 141 E	 38.75  
 142 Y	 12.04  
 143 Q	 31.39  
 144 G	 31.38  
 145 L	 2.47  
 146 V	 5.66  
 147 K	 40.26  
 148 H	 23.43  
 149 T	 29.56  
 150 G	 36.13  
 151 G	 10.11  
 152 C	 2.25  
 153 H	 19.13  
 154 C	 4.32  
 155 G	 11.93  
 156 A	 8.49  
 157 V	 4.34  
 158 R	 22.83  
 159 F	 7.74  
 160 E	 26.96  
 161 V	 4.81  
 162 W	 4.19  
 163 A	 10.46  
 164 S	 13.45  
 165 A	 18.68  
 166 D	 35.96  
 167 L	 3.14  
 168 H	 21.15  
 169 I	 3.96  
 170 F	 6.45  
 171 D	 23.32  
 172 C	 3.73  
 173 N	 25.15  
 174 C	 3.49  
 175 S	 19.61  
 176 I	 4.32  
 177 C	 2.80  
 178 K	 62.43  
 179 K	 56.00  
 180 K	 38.00  
 181 Q	 62.15  
 182 N	 48.55  
 183 R	 24.49  
 184 H	 25.08  
 185 F	 5.63  
 186 I	 2.72  
 187 V	 2.95  
 188 P	 21.50  
 189 A	 11.48  
 190 S	 31.98  
 191 R	 34.52  
 192 F	 6.39  
 193 K	 52.37  
 194 L	 5.70  
 195 L	 5.05  
 196 K	 67.52  
 197 G	 35.85  
 198 A	 12.01  
 199 E	 44.48  
 200 H	 23.35  
 201 I	 2.01  
 202 T	 18.69  
 203 T	 21.69  
 204 Y	 10.73  
 205 T	 14.33  
 206 F	 7.56  
 207 N	 33.21  
 208 T	 22.14  
 209 H	 25.26  
 210 K	 47.94  
 211 A	 9.97  
 212 Q	 40.74  
 213 H	 26.27  
 214 T	 20.74  
 215 F	 4.31  
 216 C	 2.60  
 217 K	 46.67  
 218 R	 24.49  
 219 C	 3.70  
 220 G	 25.24  
 221 V	 5.02  
 222 Q	 17.07  
 223 S	 20.15  
 224 F	 4.38  
 225 Y	 22.53  
 226 T	 15.37  
 227 P	 26.73  
 228 R	 41.06  
 229 S	 48.88  
 230 N	 40.28  
 231 P	 45.60  
 232 G	 48.60  
 233 G	 20.90  
 234 F	 8.73  
 235 G	 20.58  
 236 I	 5.14  
 237 A	 6.53  
 238 P	 19.46  
 239 H	 18.75  
 240 C	 5.08  
 241 L	 6.46  
 242 D	 58.64  
 243 E	 43.76  
 244 G	 29.22  
 245 T	 15.65  
 246 V	 6.66  
 247 R	 20.90  
 248 S	 17.17  
 249 M	 2.79  
 250 V	 6.85  
 251 T	 22.58  
 252 E	 49.53  
 253 E	 34.74  
 254 F	 11.61  
 255 N	 52.95  
 256 G	 32.10  
 257 S	 40.43  
 258 D	 59.98  
 259 W	 15.64  
 260 E	 35.61  
 261 K	 49.91  
 262 A	 11.63  
 263 M	 8.51  
 264 K	 62.62  
 265 E	 37.22  
 266 H	 27.34  
 267 K	 53.70  
 268 T	 38.81  
 269 I	 3.46  
 270 K	 52.40  
 271 N	 35.79  
 272 M	 5.27  
 273 S	 42.92  
 274 K	 57.59  
 275 E	 59.55  
