 1 M	 9.23  
 2 A	 32.72  
 3 D	 59.69  
 4 D	 41.90  
 5 E	 54.82  
 6 Q	 39.98  
 7 F	 5.91  
 8 S	 23.47  
 9 L	 4.07  
 10 C	 3.37  
 11 W	 14.22  
 12 N	 42.07  
 13 N	 13.67  
 14 F	 12.32  
 15 N	 30.13  
 16 T	 33.14  
 17 N	 32.86  
 18 L	 3.32  
 19 S	 28.54  
 20 A	 28.04  
 21 G	 22.52  
 22 F	 6.05  
 23 H	 23.87  
 24 E	 43.05  
 25 S	 24.97  
 26 L	 1.79  
 27 C	 6.77  
 28 R	 47.13  
 29 G	 31.44  
 30 D	 24.94  
 31 L	 3.84  
 32 V	 8.98  
 33 D	 31.42  
 34 V	 3.83  
 35 S	 14.07  
 36 L	 5.42  
 37 A	 8.92  
 38 A	 27.09  
 39 E	 46.13  
 40 G	 20.14  
 41 Q	 28.89  
 42 I	 5.16  
 43 V	 3.26  
 44 K	 39.85  
 45 A	 5.11  
 46 H	 20.21  
 47 R	 31.20  
 48 L	 3.05  
 49 V	 3.64  
 50 L	 3.63  
 51 S	 17.38  
 52 V	 3.07  
 53 C	 3.72  
 54 S	 23.68  
 55 P	 27.54  
 56 F	 5.48  
 57 F	 9.24  
 58 R	 29.88  
 59 K	 32.96  
 60 M	 3.71  
 61 F	 4.87  
 62 T	 22.06  
 63 Q	 30.44  
 64 M	 3.41  
 65 P	 18.01  
 66 S	 49.36  
 67 N	 29.97  
 68 T	 19.61  
 69 H	 20.08  
 70 A	 9.52  
 71 I	 1.42  
 72 V	 4.66  
 73 F	 5.03  
 74 L	 2.93  
 75 N	 35.08  
 76 N	 38.52  
 77 V	 5.46  
 78 S	 17.53  
 79 H	 16.89  
 80 S	 27.99  
 81 A	 17.13  
 82 L	 5.07  
 83 K	 50.64  
 84 D	 50.26  
 85 L	 2.95  
 86 I	 4.21  
 87 Q	 25.09  
 88 F	 2.74  
 89 M	 1.23  
 90 Y	 9.89  
 91 C	 2.23  
 92 G	 25.13  
 93 E	 27.62  
 94 V	 6.39  
 95 N	 30.85  
 96 V	 7.71  
 97 K	 36.94  
 98 Q	 36.61  
 99 D	 44.34  
 100 A	 16.98  
 101 L	 4.18  
 102 P	 27.18  
 103 A	 18.43  
 104 F	 4.24  
 105 I	 3.77  
 106 S	 18.34  
 107 T	 29.63  
 108 A	 9.52  
 109 E	 52.66  
 110 S	 24.10  
 111 L	 4.61  
 112 Q	 44.63  
 113 I	 4.66  
 114 K	 34.60  
 115 G	 35.12  
 116 L	 4.64  
 117 T	 41.23  
 118 D	 63.68  
 119 N	 52.51  
 120 D	 43.48  
 121 P	 52.69  
 122 A	 20.44  
 123 P	 53.23  
 124 Q	 65.49  
 125 P	 31.33  
 126 P	 45.37  
 127 Q	 70.64  
 128 E	 59.98  
 129 S	 42.78  
 130 S	 40.45  
 131 P	 48.44  
 132 P	 32.86  
 133 P	 44.42  
 134 A	 39.12  
 135 A	 10.66  
 136 P	 30.23  
 137 H	 25.87  
 138 V	 5.53  
 139 Q	 32.12  
 140 Q	 35.74  
 141 Q	 26.53  
 142 Q	 39.02  
 143 I	 2.37  
 144 P	 20.29  
 145 A	 16.08  
 146 Q	 40.50  
 147 R	 28.74  
 148 V	 3.51  
 149 Q	 39.39  
 150 R	 33.96  
 151 Q	 40.30  
 152 Q	 31.47  
 153 P	 26.01  
 154 R	 36.52  
 155 A	 17.77  
 156 S	 17.98  
 157 A	 20.17  
 158 R	 30.68  
 159 Y	 18.94  
 160 K	 28.63  
 161 I	 3.88  
 162 E	 38.33  
 163 T	 32.48  
 164 V	 4.02  
 165 D	 52.24  
 166 D	 50.29  
 167 G	 27.39  
 168 L	 11.41  
 169 G	 46.70  
 170 D	 66.03  
 171 E	 51.72  
 172 K	 55.05  
 173 Q	 43.92  
 174 S	 44.48  
 175 T	 21.89  
 176 T	 22.88  
 177 Q	 28.21  
 178 I	 2.50  
 179 V	 1.58  
 180 I	 3.00  
 181 Q	 23.16  
 182 T	 13.79  
 183 T	 12.40  
 184 A	 22.11  
 185 A	 8.47  
 186 P	 23.13  
 187 Q	 46.54  
 188 A	 9.76  
 189 T	 19.21  
 190 I	 2.70  
 191 V	 3.50  
 192 Q	 31.36  
 193 Q	 32.74  
 194 Q	 39.57  
 195 Q	 33.17  
 196 P	 24.74  
 197 Q	 41.00  
 198 Q	 45.40  
 199 A	 11.29  
 200 A	 9.47  
 201 Q	 43.88  
 202 Q	 30.84  
 203 I	 2.57  
 204 Q	 30.74  
 205 S	 22.86  
 206 Q	 31.46  
 207 Q	 40.56  
 208 L	 3.69  
 209 Q	 33.28  
 210 T	 45.12  
 211 G	 14.22  
 212 T	 25.10  
 213 T	 24.40  
 214 T	 17.80  
 215 T	 18.62  
 216 A	 9.24  
 217 T	 26.12  
 218 L	 2.38  
 219 V	 6.03  
 220 S	 29.40  
 221 T	 36.96  
 222 N	 30.18  
 223 K	 48.06  
 224 R	 39.02  
 225 S	 30.29  
 226 A	 16.91  
 227 Q	 47.22  
 228 R	 28.12  
 229 S	 20.02  
 230 S	 38.15  
 231 L	 7.58  
 232 T	 20.82  
 233 P	 35.12  
 234 A	 19.46  
 235 S	 26.48  
 236 S	 26.72  
 237 S	 26.92  
 238 A	 28.84  
 239 G	 27.68  
 240 V	 4.69  
 241 K	 50.46  
 242 R	 40.76  
 243 S	 34.27  
 244 K	 50.99  
 245 T	 38.18  
 246 S	 24.89  
 247 T	 36.77  
 248 S	 20.01  
 249 A	 16.84  
 250 N	 29.43  
 251 V	 4.62  
 252 M	 4.39  
 253 D	 36.01  
 254 P	 21.70  
 255 L	 7.67  
 256 D	 49.69  
 257 S	 44.93  
 258 T	 28.46  
 259 T	 35.19  
 260 E	 45.38  
 261 T	 29.98  
 262 G	 18.07  
 263 A	 14.81  
 264 T	 26.48  
 265 T	 21.43  
 266 T	 14.19  
 267 A	 9.91  
 268 Q	 40.68  
 269 L	 5.87  
 270 V	 2.40  
 271 P	 29.02  
 272 Q	 39.57  
 273 Q	 27.53  
 274 I	 3.25  
 275 T	 11.39  
 276 V	 6.63  
 277 Q	 21.29  
 278 T	 21.10  
 279 S	 11.93  
 280 V	 4.47  
 281 V	 3.01  
 282 S	 21.43  
 283 A	 9.56  
 284 A	 15.13  
 285 E	 46.16  
 286 A	 18.25  
 287 K	 37.70  
 288 L	 5.93  
 289 H	 23.95  
 290 Q	 56.75  
 291 Q	 46.46  
 292 S	 20.36  
 293 P	 25.04  
 294 Q	 60.70  
 295 Q	 35.43  
 296 V	 6.01  
 297 R	 33.58  
 298 Q	 54.76  
 299 E	 48.92  
 300 E	 38.16  
 301 A	 17.72  
 302 E	 46.42  
 303 Y	 13.54  
 304 I	 3.10  
 305 D	 43.76  
 306 L	 2.93  
 307 P	 15.51  
 308 M	 12.27  
 309 E	 50.05  
 310 L	 5.48  
 311 P	 25.19  
 312 T	 60.88  
 313 K	 51.38  
 314 S	 57.76  
 315 E	 43.69  
 316 P	 53.59  
 317 D	 56.38  
 318 Y	 25.36  
 319 S	 43.88  
 320 E	 48.04  
 321 D	 45.16  
 322 H	 31.79  
 323 G	 38.28  
 324 D	 29.80  
 325 A	 20.24  
 326 A	 22.57  
 327 G	 36.06  
 328 D	 36.40  
 329 A	 19.05  
 330 E	 57.73  
 331 G	 24.86  
 332 T	 18.85  
 333 Y	 16.82  
 334 V	 6.98  
 335 E	 39.49  
 336 D	 43.43  
 337 D	 28.46  
 338 T	 41.55  
 339 Y	 20.37  
 340 G	 25.08  
 341 D	 14.15  
 342 M	 3.57  
 343 R	 36.15  
 344 Y	 19.91  
 345 D	 28.19  
 346 D	 35.98  
 347 S	 21.17  
 348 Y	 22.86  
 349 F	 8.82  
 350 T	 29.66  
 351 E	 49.04  
 352 N	 49.76  
 353 E	 42.90  
 354 D	 71.94  
 355 A	 16.80  
 356 G	 38.82  
 357 N	 37.44  
 358 Q	 31.44  
 359 T	 31.56  
 360 A	 6.75  
 361 A	 24.18  
 362 N	 32.11  
 363 T	 24.83  
 364 S	 34.94  
 365 G	 34.53  
 366 G	 27.45  
 367 G	 19.68  
 368 V	 3.58  
 369 T	 22.89  
 370 A	 13.38  
 371 T	 23.41  
 372 T	 26.26  
 373 S	 17.79  
 374 K	 43.01  
 375 A	 15.88  
 376 V	 6.76  
 377 V	 5.75  
 378 K	 35.70  
 379 Q	 36.23  
 380 Q	 41.07  
 381 S	 20.21  
 382 Q	 48.84  
 383 N	 47.77  
 384 Y	 13.23  
 385 S	 38.25  
 386 E	 39.79  
 387 S	 24.12  
 388 S	 25.82  
 389 F	 8.85  
 390 V	 9.42  
 391 D	 32.90  
 392 T	 29.34  
 393 S	 35.59  
 394 G	 33.10  
 395 D	 53.64  
 396 Q	 51.03  
 397 G	 48.01  
 398 N	 29.16  
 399 T	 39.25  
 400 E	 42.66  
 401 A	 11.41  
 402 Q	 25.87  
 403 A	 21.54  
 404 A	 7.04  
 405 T	 28.04  
 406 S	 18.59  
 407 A	 9.99  
 408 S	 35.92  
 409 A	 16.78  
 410 T	 27.32  
 411 K	 53.59  
 412 I	 5.02  
 413 P	 24.97  
 414 P	 58.88  
 415 R	 35.63  
 416 K	 66.05  
 417 R	 47.86  
 418 G	 53.96  
 419 R	 33.31  
 420 P	 52.04  
 421 K	 60.67  
 422 T	 42.90  
 423 K	 50.15  
 424 V	 13.67  
 425 E	 46.05  
 426 D	 61.72  
 427 Q	 46.31  
 428 T	 45.67  
 429 P	 45.37  
 430 K	 59.16  
 431 P	 33.46  
 432 K	 72.35  
 433 L	 11.50  
 434 L	 7.33  
 435 E	 63.26  
 436 K	 45.96  
 437 L	 2.82  
 438 Q	 39.76  
 439 A	 16.92  
 440 A	 10.31  
 441 T	 32.88  
 442 L	 6.96  
 443 N	 40.48  
 444 E	 59.04  
 445 E	 57.32  
 446 A	 17.02  
 447 S	 47.60  
 448 E	 44.31  
 449 P	 25.24  
 450 A	 11.69  
 451 V	 6.33  
 452 Y	 9.28  
 453 A	 8.19  
 454 S	 20.94  
 455 T	 25.10  
 456 T	 25.79  
 457 K	 54.48  
 458 G	 43.99  
 459 G	 18.23  
 460 V	 6.59  
 461 K	 38.86  
 462 L	 5.13  
 463 I	 1.77  
 464 F	 15.06  
 465 N	 29.95  
 466 G	 14.23  
 467 H	 29.24  
 468 L	 5.46  
 469 F	 6.61  
 470 K	 46.59  
 471 F	 6.99  
 472 S	 25.40  
 473 F	 11.91  
 474 R	 31.86  
 475 K	 43.53  
 476 A	 19.40  
 477 D	 39.00  
 478 Y	 16.17  
 479 S	 19.59  
 480 V	 2.90  
 481 F	 3.65  
 482 Q	 17.76  
 483 C	 1.17  
 484 C	 2.20  
 485 Y	 27.02  
 486 R	 18.60  
 487 E	 29.75  
 488 H	 39.71  
 489 G	 27.87  
 490 E	 63.23  
 491 E	 44.20  
 492 C	 4.26  
 493 K	 36.03  
 494 V	 9.44  
 495 R	 10.72  
 496 V	 5.86  
 497 V	 1.77  
 498 C	 4.14  
 499 D	 45.48  
 500 Q	 30.26  
 501 K	 36.96  
 502 R	 29.67  
 503 V	 7.94  
 504 F	 6.56  
 505 P	 24.33  
 506 Y	 25.71  
 507 E	 59.34  
 508 G	 25.19  
 509 E	 30.69  
 510 H	 29.25  
 511 V	 3.03  
 512 H	 17.86  
 513 F	 3.64  
 514 M	 1.64  
 515 Q	 36.45  
 516 A	 14.12  
 517 S	 28.78  
 518 D	 50.32  
 519 K	 40.34  
 520 S	 26.36  
 521 C	 8.80  
 522 L	 6.20  
 523 P	 30.34  
 524 S	 24.09  
 525 Q	 36.40  
 526 F	 8.18  
 527 M	 3.02  
 528 P	 44.69  
 529 G	 29.89  
 530 E	 38.15  
 531 S	 44.25  
 532 G	 19.24  
 533 V	 5.51  
 534 I	 2.36  
 535 S	 23.87  
 536 S	 23.03  
 537 L	 7.53  
 538 S	 29.13  
 539 P	 55.50  
 540 S	 35.07  
 541 K	 56.62  
 542 E	 52.02  
 543 L	 6.95  
 544 L	 4.88  
 545 M	 5.00  
 546 K	 51.62  
 547 N	 38.73  
 548 T	 21.57  
 549 T	 42.92  
 550 K	 52.44  
 551 L	 7.26  
 552 E	 53.33  
 553 E	 68.76  
 554 A	 22.41  
 555 D	 71.45  
 556 D	 64.39  
 557 K	 68.56  
 558 E	 73.88  
 559 D	 67.51  
 560 E	 66.74  
 561 D	 69.45  
 562 F	 10.23  
 563 E	 74.27  
 564 E	 48.88  
 565 F	 8.68  
 566 E	 47.22  
 567 I	 5.59  
 568 Q	 34.10  
 569 E	 59.05  
 570 I	 3.10  
 571 D	 50.50  
 572 E	 43.98  
 573 I	 5.89  
 574 E	 48.39  
 575 L	 12.72  
 576 D	 57.52  
 577 E	 68.90  
 578 P	 48.31  
 579 E	 68.46  
 580 K	 71.21  
 581 T	 27.15  
 582 P	 53.02  
 583 A	 36.80  
 584 K	 67.85  
 585 E	 62.59  
 586 E	 63.71  
 587 E	 54.00  
 588 V	 19.64  
 589 D	 39.29  
 590 P	 47.68  
 591 N	 57.50  
 592 D	 49.74  
 593 F	 16.08  
 594 R	 47.35  
 595 E	 60.16  
 596 K	 49.63  
 597 I	 3.43  
 598 K	 42.40  
 599 R	 48.27  
 600 R	 36.15  
 601 L	 7.71  
 602 Q	 27.45  
 603 K	 56.51  
 604 A	 11.04  
 605 L	 8.10  
 606 Q	 65.64  
 607 N	 59.99  
 608 K	 49.32  
 609 K	 71.86  
 610 K	 68.15  
