 1 P	 46.34  
 2 A	 24.54  
 3 S	 27.56  
 4 A	 11.90  
 5 A	 7.39  
 6 M	 3.29  
 7 A	 14.24  
 8 D	 38.08  
 9 A	 25.38  
 10 E	 44.19  
 11 P	 38.16  
 12 E	 51.99  
 13 A	 32.42  
 14 G	 39.06  
 15 G	 43.43  
 16 G	 27.26  
 17 S	 35.47  
 18 E	 65.04  
 19 D	 63.84  
 20 G	 32.37  
 21 G	 43.84  
 22 G	 36.78  
 23 G	 40.95  
 24 G	 42.03  
 25 G	 20.62  
 26 P	 44.88  
 27 A	 26.62  
 28 P	 36.37  
 29 P	 56.41  
 30 G	 32.97  
 31 Q	 50.85  
 32 S	 38.66  
 33 G	 20.46  
 34 S	 20.18  
 35 V	 4.50  
 36 A	 11.26  
 37 R	 23.99  
 38 V	 4.66  
 39 A	 6.50  
 40 P	 34.69  
 41 L	 14.94  
 42 G	 23.73  
 43 P	 33.57  
 44 E	 61.52  
 45 Q	 45.11  
 46 L	 3.84  
 47 R	 25.02  
 48 Q	 53.38  
 49 V	 5.26  
 50 L	 2.63  
 51 E	 44.12  
 52 Q	 43.98  
 53 V	 4.29  
 54 T	 21.98  
 55 K	 46.28  
 56 A	 20.11  
 57 Q	 53.22  
 58 P	 48.50  
 59 P	 41.78  
 60 P	 61.79  
 61 P	 60.86  
 62 P	 55.78  
 63 P	 40.51  
 64 P	 37.44  
 65 F	 11.30  
 66 V	 5.45  
 67 L	 4.14  
 68 R	 26.64  
 69 D	 40.18  
 70 A	 9.09  
 71 A	 11.04  
 72 R	 39.63  
 73 R	 29.37  
 74 L	 4.91  
 75 R	 29.70  
 76 D	 51.34  
 77 A	 10.75  
 78 A	 13.30  
 79 Q	 34.86  
 80 Q	 24.71  
 81 A	 9.69  
 82 A	 10.41  
 83 L	 3.90  
 84 Q	 40.84  
 85 R	 37.31  
 86 G	 21.29  
 87 R	 51.56  
 88 G	 36.94  
 89 T	 43.91  
 90 E	 57.01  
 91 P	 21.10  
 92 P	 44.18  
 93 R	 68.95  
 94 L	 3.41  
 95 P	 26.59  
 96 R	 54.14  
 97 L	 8.76  
 98 L	 6.50  
 99 P	 29.28  
 100 P	 34.22  
 101 Q	 59.56  
 102 Q	 47.22  
 103 L	 3.96  
 104 E	 31.48  
 105 A	 14.74  
 106 I	 1.71  
 107 C	 2.90  
 108 V	 4.58  
 109 K	 35.07  
 110 V	 2.28  
 111 T	 25.87  
 112 S	 37.30  
 113 G	 36.91  
 114 E	 47.30  
 115 T	 43.96  
 116 K	 55.05  
 117 G	 41.84  
 118 Q	 45.11  
 119 E	 68.38  
 120 R	 17.65  
 121 P	 19.61  
 122 M	 8.22  
 123 L	 6.01  
 124 L	 2.62  
 125 P	 24.43  
 126 T	 36.18  
 127 T	 18.71  
 128 I	 6.56  
 129 Q	 23.20  
 130 P	 29.64  
 131 Q	 31.27  
 132 T	 34.80  
 133 A	 16.20  
 134 R	 42.41  
 135 K	 39.84  
 136 S	 31.25  
 137 Q	 59.53  
 138 L	 3.94  
 139 P	 34.20  
 140 R	 66.57  
 141 G	 28.59  
 142 N	 30.72  
 143 S	 16.20  
 144 C	 4.07  
 145 L	 3.25  
 146 V	 10.07  
 147 G	 9.89  
 148 L	 1.74  
 149 H	 13.98  
 150 I	 4.96  
 151 A	 12.38  
 152 S	 16.75  
 153 P	 21.59  
 154 Q	 51.11  
 155 L	 3.61  
 156 L	 4.20  
 157 R	 33.35  
 158 V	 7.49  
 159 Q	 21.12  
 160 P	 29.93  
 161 L	 1.97  
 162 V	 10.15  
 163 R	 40.84  
 164 T	 44.53  
 165 E	 30.67  
 166 P	 30.67  
 167 Q	 46.75  
 168 S	 19.97  
 169 C	 3.15  
 170 F	 9.91  
 171 L	 4.58  
 172 S	 14.32  
 173 D	 54.32  
 174 L	 2.34  
 175 C	 7.38  
 176 Q	 55.07  
 177 P	 25.79  
 178 P	 16.01  
 179 A	 28.89  
 180 Q	 52.19  
 181 G	 27.14  
 182 F	 2.55  
 183 V	 6.37  
 184 Q	 38.73  
 185 R	 29.44  
 186 P	 26.13  
 187 L	 4.17  
 188 P	 33.34  
 189 A	 20.50  
 190 L	 3.61  
 191 Q	 35.95  
 192 V	 6.07  
 193 V	 2.17  
 194 P	 32.96  
 195 A	 10.73  
 196 K	 48.10  
 197 R	 41.58  
 198 V	 4.70  
 199 P	 47.05  
 200 A	 18.50  
 201 P	 27.54  
 202 K	 74.73  
 203 A	 18.73  
 204 P	 52.37  
 205 D	 66.75  
 206 E	 56.64  
 207 Q	 57.55  
 208 G	 16.99  
 209 S	 15.43  
 210 M	 6.54  
 211 L	 4.83  
 212 T	 17.34  
 213 P	 21.98  
 214 L	 5.87  
 215 S	 27.25  
 216 A	 26.15  
 217 S	 36.06  
 218 D	 41.78  
 219 P	 21.52  
 220 L	 7.80  
 221 A	 14.13  
 222 V	 5.00  
 223 T	 20.53  
 224 S	 21.47  
 225 L	 4.15  
 226 S	 28.13  
 227 S	 33.34  
 228 S	 28.33  
 229 S	 32.32  
 230 A	 19.13  
 231 H	 21.54  
 232 P	 28.16  
 233 F	 7.40  
 234 I	 2.92  
 235 S	 33.45  
 236 N	 30.90  
 237 L	 3.31  
 238 H	 25.71  
 239 T	 27.58  
 240 R	 24.79  
 241 H	 39.26  
 242 T	 31.37  
 243 E	 50.71  
 244 K	 67.76  
 245 L	 7.41  
 246 K	 51.92  
 247 K	 72.03  
 248 S	 31.66  
 249 L	 11.53  
 250 K	 49.10  
 251 V	 10.44  
 252 K	 36.31  
 253 T	 32.81  
 254 R	 31.25  
 255 S	 35.86  
 256 G	 30.62  
 257 R	 25.20  
 258 V	 6.94  
 259 S	 37.40  
 260 R	 49.00  
 261 P	 23.41  
 262 P	 52.04  
 263 K	 63.16  
 264 Y	 23.19  
 265 K	 55.90  
 266 A	 13.58  
 267 K	 58.39  
 268 D	 57.63  
 269 Y	 13.69  
 270 K	 51.23  
 271 F	 5.88  
 272 I	 4.76  
 273 K	 49.33  
 274 T	 29.89  
 275 E	 46.13  
 276 D	 53.00  
 277 L	 3.68  
 278 A	 32.82  
 279 D	 52.95  
 280 G	 20.30  
 281 H	 23.78  
 282 L	 8.12  
 283 S	 29.42  
 284 D	 63.55  
 285 S	 29.07  
 286 D	 64.95  
 287 D	 53.46  
 288 Y	 14.72  
 289 S	 30.96  
 290 E	 39.70  
 291 L	 3.05  
 292 C	 2.96  
 293 V	 16.44  
 294 E	 59.75  
 295 E	 46.43  
 296 D	 51.79  
 297 E	 60.36  
 298 D	 66.22  
 299 Q	 47.27  
 300 R	 56.06  
 301 E	 43.09  
 302 R	 23.67  
 303 H	 23.25  
 304 A	 19.02  
 305 L	 2.54  
 306 F	 10.35  
 307 D	 46.63  
 308 L	 2.96  
 309 S	 31.01  
 310 S	 18.28  
 311 C	 3.90  
 312 S	 29.39  
 313 L	 14.77  
 314 R	 21.95  
 315 P	 41.77  
 316 K	 63.19  
 317 S	 32.40  
 318 F	 13.17  
 319 K	 32.31  
 320 C	 3.69  
 321 Q	 50.18  
 322 T	 31.91  
 323 C	 2.27  
 324 E	 48.72  
 325 K	 51.19  
 326 S	 10.33  
 327 Y	 25.43  
 328 I	 6.24  
 329 G	 17.83  
 330 K	 40.00  
 331 G	 31.00  
 332 G	 21.46  
 333 L	 5.29  
 334 A	 13.23  
 335 R	 40.60  
 336 H	 20.70  
 337 F	 8.85  
 338 K	 41.03  
 339 L	 10.26  
 340 N	 40.89  
 341 P	 46.74  
 342 G	 36.16  
 343 H	 23.29  
 344 G	 35.34  
 345 Q	 36.70  
 346 L	 16.36  
 347 D	 29.26  
 348 P	 39.93  
 349 E	 41.40  
 350 M	 4.46  
 351 V	 5.19  
 352 L	 5.44  
 353 S	 26.16  
 354 E	 48.78  
 355 K	 44.47  
 356 A	 18.31  
 357 S	 44.32  
 358 G	 29.52  
 359 S	 23.05  
 360 T	 24.81  
 361 L	 4.79  
 362 R	 37.92  
 363 G	 26.30  
 364 C	 3.32  
 365 T	 43.64  
 366 E	 49.94  
 367 E	 32.58  
 368 R	 34.43  
 369 T	 24.79  
 370 L	 5.03  
 371 S	 29.05  
 372 L	 4.19  
 373 T	 20.66  
 374 S	 26.23  
 375 L	 7.24  
 376 G	 18.57  
 377 L	 4.87  
 378 S	 22.41  
 379 M	 3.69  
 380 P	 30.09  
 381 A	 25.41  
 382 D	 42.38  
 383 P	 21.84  
 384 C	 8.58  
 385 E	 67.08  
 386 G	 41.60  
 387 G	 8.77  
 388 A	 15.86  
 389 R	 31.04  
 390 S	 15.98  
 391 C	 2.70  
 392 L	 5.87  
 393 V	 7.00  
 394 T	 15.98  
 395 E	 34.62  
 396 S	 17.56  
 397 A	 14.12  
 398 R	 49.33  
 399 G	 40.66  
 400 G	 20.66  
 401 L	 3.88  
 402 Q	 56.11  
 403 N	 56.36  
 404 G	 14.26  
 405 Q	 48.08  
 406 S	 22.98  
 407 V	 8.00  
 408 D	 47.56  
 409 V	 7.21  
 410 E	 40.58  
 411 E	 56.33  
 412 T	 30.39  
 413 L	 5.06  
 414 P	 44.03  
 415 S	 69.74  
 416 E	 55.48  
 417 P	 44.69  
 418 E	 65.33  
 419 N	 52.32  
 420 G	 18.88  
 421 A	 18.27  
 422 L	 4.29  
 423 L	 5.85  
 424 R	 37.00  
 425 S	 26.79  
 426 E	 49.31  
 427 R	 30.26  
 428 Y	 17.48  
 429 Q	 62.73  
 430 G	 14.56  
 431 P	 15.87  
 432 R	 47.76  
 433 R	 33.41  
 434 R	 41.02  
 435 A	 10.20  
 436 C	 3.42  
 437 S	 32.41  
 438 E	 47.96  
 439 T	 18.25  
 440 L	 4.34  
 441 A	 21.82  
 442 E	 43.81  
 443 S	 29.35  
 444 R	 20.43  
 445 T	 30.32  
 446 A	 10.02  
 447 V	 4.98  
 448 L	 3.13  
 449 Q	 28.30  
 450 Q	 32.44  
 451 R	 19.76  
 452 R	 29.91  
 453 A	 11.18  
 454 A	 15.05  
 455 Q	 47.40  
 456 L	 3.50  
 457 P	 33.35  
 458 G	 64.41  
 459 G	 17.02  
 460 P	 40.48  
 461 A	 35.01  
