 1 M	 14.29  
 2 E	 61.90  
 3 K	 54.99  
 4 R	 34.58  
 5 E	 58.63  
 6 T	 32.89  
 7 F	 3.08  
 8 V	 4.69  
 9 Q	 31.68  
 10 A	 11.40  
 11 V	 4.73  
 12 S	 24.35  
 13 K	 48.76  
 14 E	 40.98  
 15 L	 7.43  
 16 V	 7.87  
 17 G	 32.34  
 18 E	 35.39  
 19 F	 5.52  
 20 L	 3.17  
 21 Q	 41.61  
 22 F	 4.04  
 23 V	 3.40  
 24 Q	 45.28  
 25 L	 9.50  
 26 D	 29.65  
 27 K	 64.87  
 28 E	 53.74  
 29 A	 25.60  
 30 S	 47.08  
 31 D	 56.14  
 32 P	 20.45  
 33 F	 18.21  
 34 S	 35.36  
 35 L	 6.21  
 36 N	 36.35  
 37 E	 56.88  
 38 L	 7.70  
 39 L	 3.81  
 40 D	 68.37  
 41 E	 48.92  
 42 L	 6.31  
 43 S	 35.07  
 44 R	 59.03  
 45 K	 63.45  
 46 Q	 58.23  
 47 K	 57.08  
 48 E	 56.69  
 49 E	 63.44  
 50 L	 5.04  
 51 W	 5.64  
 52 Q	 54.15  
 53 R	 35.73  
 54 L	 2.30  
 55 K	 47.97  
 56 N	 44.89  
 57 L	 5.35  
 58 L	 5.55  
 59 T	 27.51  
 60 D	 29.09  
 61 V	 5.75  
 62 L	 4.96  
 63 L	 6.51  
 64 E	 49.16  
 65 S	 30.14  
 66 P	 20.88  
 67 V	 17.28  
 68 D	 56.87  
 69 G	 19.56  
 70 W	 5.37  
 71 Q	 34.60  
 72 V	 3.20  
 73 V	 2.78  
 74 E	 36.10  
 75 A	 15.86  
 76 Q	 42.16  
 77 G	 51.80  
 78 E	 33.85  
 79 D	 67.60  
 80 N	 26.36  
 81 M	 11.88  
 82 E	 58.25  
 83 T	 23.63  
 84 E	 32.70  
 85 H	 53.93  
 86 G	 23.80  
 87 S	 25.78  
 88 K	 47.52  
 89 M	 7.55  
 90 R	 33.05  
 91 K	 52.89  
 92 S	 18.32  
 93 I	 5.03  
 94 E	 30.35  
 95 I	 2.52  
 96 I	 0.92  
 97 Y	 9.52  
 98 A	 6.54  
 99 I	 1.33  
 100 T	 14.58  
 101 S	 10.88  
 102 V	 2.88  
 103 I	 2.39  
 104 L	 2.45  
 105 A	 9.21  
 106 S	 16.10  
 107 V	 4.39  
 108 S	 18.13  
 109 V	 5.23  
 110 I	 3.54  
 111 N	 44.58  
 112 E	 48.59  
 113 S	 27.01  
 114 E	 58.62  
 115 N	 49.58  
 116 Y	 9.87  
 117 E	 44.41  
 118 A	 13.69  
 119 L	 2.50  
 120 L	 6.54  
 121 E	 27.82  
 122 C	 2.41  
 123 V	 1.92  
 124 I	 4.48  
 125 I	 0.91  
 126 L	 3.10  
 127 N	 25.67  
 128 G	 14.08  
 129 I	 2.30  
 130 L	 1.86  
 131 Y	 12.27  
 132 A	 17.13  
 133 L	 2.82  
 134 P	 34.59  
 135 E	 67.11  
 136 S	 40.54  
 137 E	 52.77  
 138 R	 55.02  
 139 K	 46.99  
 140 L	 8.17  
 141 Q	 37.86  
 142 S	 39.58  
 143 S	 16.00  
 144 I	 4.47  
 145 Q	 39.30  
 146 D	 40.12  
 147 L	 1.13  
 148 C	 3.27  
 149 V	 6.97  
 150 T	 24.70  
 151 W	 4.84  
 152 W	 6.51  
 153 E	 28.89  
 154 K	 52.61  
 155 G	 25.94  
 156 L	 5.74  
 157 P	 50.37  
 158 A	 32.67  
 159 K	 54.93  
 160 E	 64.01  
 161 D	 61.11  
 162 T	 41.49  
 163 G	 37.32  
 164 K	 38.48  
 165 T	 27.03  
 166 A	 9.87  
 167 F	 3.93  
 168 V	 2.15  
 169 M	 2.05  
 170 L	 2.57  
 171 L	 2.00  
 172 R	 23.37  
 173 R	 45.63  
 174 S	 24.91  
 175 L	 10.32  
 176 E	 49.89  
 177 T	 38.92  
 178 K	 35.27  
 179 T	 45.05  
 180 G	 22.72  
 181 A	 15.99  
 182 D	 41.20  
 183 V	 1.71  
 184 C	 2.81  
 185 R	 36.81  
 186 L	 2.81  
 187 W	 4.28  
 188 R	 22.54  
 189 I	 1.59  
 190 H	 9.78  
 191 Q	 30.59  
 192 A	 6.07  
 193 L	 2.85  
 194 Y	 8.29  
 195 C	 1.86  
 196 F	 6.52  
 197 D	 32.26  
 198 Y	 11.37  
 199 D	 49.82  
 200 L	 6.82  
 201 E	 47.41  
 202 E	 71.93  
 203 S	 32.14  
 204 G	 43.88  
 205 E	 57.03  
 206 I	 5.38  
 207 K	 32.55  
 208 D	 38.33  
 209 M	 3.80  
 210 L	 5.37  
 211 L	 4.29  
 212 E	 24.34  
 213 C	 4.13  
 214 F	 3.32  
 215 I	 8.38  
 216 N	 9.01  
 217 I	 3.37  
 218 N	 28.17  
 219 Y	 15.43  
 220 I	 4.43  
 221 K	 43.71  
 222 K	 51.98  
 223 E	 61.76  
 224 E	 67.87  
 225 G	 27.44  
 226 R	 29.47  
 227 R	 47.95  
 228 F	 5.92  
 229 L	 3.16  
 230 S	 13.18  
 231 C	 5.67  
 232 L	 3.14  
 233 F	 13.44  
 234 N	 20.24  
 235 W	 10.35  
 236 N	 22.04  
 237 I	 3.17  
 238 N	 29.40  
 239 F	 5.14  
 240 I	 2.27  
 241 K	 27.88  
 242 M	 2.03  
 243 I	 2.00  
 244 H	 24.68  
 245 G	 20.43  
 246 T	 18.02  
 247 I	 4.70  
 248 K	 38.18  
 249 N	 43.90  
 250 Q	 30.11  
 251 L	 6.44  
 252 Q	 40.56  
 253 G	 38.37  
 254 L	 3.60  
 255 Q	 39.87  
 256 K	 51.07  
 257 S	 14.56  
 258 L	 3.29  
 259 M	 2.51  
 260 V	 3.66  
 261 Y	 4.77  
 262 I	 1.56  
 263 A	 4.57  
 264 E	 28.76  
 265 I	 2.66  
 266 Y	 4.40  
 267 F	 5.44  
 268 R	 23.67  
 269 A	 16.73  
 270 W	 9.83  
 271 K	 37.16  
 272 K	 36.76  
 273 A	 21.57  
 274 S	 49.88  
 275 G	 26.36  
 276 K	 41.44  
 277 I	 4.85  
 278 L	 4.08  
 279 E	 51.58  
 280 A	 15.79  
 281 I	 3.57  
 282 E	 54.81  
 283 N	 43.25  
 284 D	 20.36  
 285 C	 4.54  
 286 I	 4.99  
 287 Q	 44.19  
 288 D	 19.64  
 289 F	 3.01  
 290 M	 3.05  
 291 F	 4.88  
 292 H	 23.62  
 293 G	 9.57  
 294 I	 1.96  
 295 H	 34.08  
 296 L	 3.14  
 297 P	 18.57  
 298 R	 59.05  
 299 R	 43.29  
 300 S	 32.33  
 301 P	 26.48  
 302 V	 9.32  
 303 H	 25.86  
 304 S	 32.83  
 305 K	 30.36  
 306 V	 7.66  
 307 R	 31.85  
 308 E	 51.29  
 309 V	 2.77  
 310 L	 2.69  
 311 S	 30.81  
 312 Y	 11.63  
 313 F	 3.59  
 314 H	 17.78  
 315 H	 31.12  
 316 Q	 38.40  
 317 K	 49.21  
 318 K	 35.76  
 319 V	 7.71  
 320 R	 36.09  
 321 Q	 64.37  
 322 G	 20.45  
 323 V	 4.21  
 324 E	 44.51  
 325 E	 31.89  
 326 M	 2.23  
 327 L	 2.26  
 328 Y	 9.39  
 329 R	 27.81  
 330 L	 3.99  
 331 Y	 13.01  
 332 K	 30.12  
 333 P	 17.22  
 334 I	 5.15  
 335 L	 3.28  
 336 W	 7.94  
 337 R	 36.80  
 338 G	 21.68  
 339 L	 2.69  
 340 K	 48.39  
 341 A	 22.41  
 342 R	 45.69  
 343 N	 47.59  
 344 S	 31.73  
 345 E	 45.56  
 346 V	 9.03  
 347 R	 21.82  
 348 S	 35.68  
 349 N	 20.76  
 350 A	 10.75  
 351 A	 14.73  
 352 L	 3.37  
 353 L	 3.76  
 354 F	 4.92  
 355 V	 5.38  
 356 E	 36.94  
 357 A	 15.37  
 358 F	 3.06  
 359 P	 27.96  
 360 I	 6.70  
 361 R	 54.28  
 362 D	 36.84  
 363 P	 35.12  
 364 N	 49.07  
 365 L	 3.34  
 366 H	 31.16  
 367 A	 11.55  
 368 I	 2.91  
 369 E	 37.41  
 370 M	 5.85  
 371 D	 30.26  
 372 S	 34.98  
 373 E	 45.21  
 374 I	 7.79  
 375 Q	 29.46  
 376 K	 63.72  
 377 Q	 34.31  
 378 F	 11.53  
 379 E	 44.60  
 380 E	 55.05  
 381 L	 2.50  
 382 Y	 10.68  
 383 S	 38.82  
 384 L	 3.71  
 385 L	 6.04  
 386 E	 63.33  
 387 D	 48.26  
 388 P	 26.25  
 389 Y	 19.11  
 390 P	 21.85  
 391 M	 3.01  
 392 V	 3.65  
 393 R	 23.42  
 394 S	 21.41  
 395 T	 20.06  
 396 G	 17.86  
 397 I	 2.83  
 398 L	 4.44  
 399 G	 22.36  
 400 V	 2.42  
 401 C	 2.21  
 402 K	 46.76  
 403 I	 4.43  
 404 T	 12.50  
 405 S	 27.50  
 406 K	 45.81  
 407 Y	 13.33  
 408 W	 7.25  
 409 E	 23.63  
 410 M	 2.79  
 411 M	 2.14  
 412 P	 22.90  
 413 P	 17.74  
 414 T	 23.65  
 415 I	 3.81  
 416 L	 2.47  
 417 I	 2.87  
 418 D	 42.37  
 419 L	 6.31  
 420 L	 4.47  
 421 K	 53.12  
 422 K	 45.02  
 423 V	 8.75  
 424 T	 33.54  
 425 G	 30.79  
 426 E	 27.79  
 427 L	 6.43  
 428 A	 8.93  
 429 F	 19.26  
 430 D	 39.82  
 431 T	 20.37  
 432 S	 25.93  
 433 S	 30.49  
 434 A	 21.05  
 435 D	 30.27  
 436 V	 7.13  
 437 R	 13.93  
 438 C	 4.01  
 439 S	 21.74  
 440 V	 6.43  
 441 F	 2.38  
 442 K	 32.48  
 443 C	 3.33  
 444 L	 3.12  
 445 P	 19.76  
 446 M	 2.83  
 447 I	 4.06  
 448 L	 4.89  
 449 D	 39.01  
 450 N	 43.66  
 451 K	 51.54  
 452 L	 7.73  
 453 S	 25.35  
 454 H	 27.71  
 455 P	 34.95  
 456 L	 7.42  
 457 L	 4.67  
 458 E	 47.03  
 459 Q	 48.55  
 460 L	 4.52  
 461 L	 2.03  
 462 P	 37.53  
 463 A	 12.49  
 464 L	 5.08  
 465 R	 22.54  
 466 Y	 19.21  
 467 S	 16.88  
 468 L	 4.33  
 469 H	 26.68  
 470 D	 66.69  
 471 N	 41.12  
 472 S	 44.87  
 473 E	 62.92  
 474 K	 34.85  
 475 V	 5.37  
 476 R	 25.72  
 477 V	 5.62  
 478 A	 6.54  
 479 F	 4.36  
 480 V	 2.81  
 481 D	 18.63  
 482 M	 3.87  
 483 L	 3.69  
 484 L	 4.29  
 485 K	 37.89  
 486 I	 3.32  
 487 K	 38.96  
 488 A	 10.25  
 489 V	 3.48  
 490 R	 33.42  
 491 A	 14.38  
 492 A	 9.30  
 493 K	 51.26  
 494 F	 7.43  
 495 W	 6.60  
 496 K	 37.25  
 497 I	 2.02  
 498 C	 2.03  
 499 P	 34.37  
 500 M	 5.19  
 501 E	 16.96  
 502 H	 16.66  
 503 I	 2.13  
 504 L	 1.66  
 505 V	 6.93  
 506 R	 24.30  
 507 L	 6.92  
 508 E	 39.75  
 509 T	 43.81  
 510 D	 33.02  
 511 S	 46.00  
 512 R	 38.15  
 513 P	 32.18  
 514 V	 7.26  
 515 S	 17.86  
 516 R	 35.87  
 517 R	 31.75  
 518 L	 2.74  
 519 V	 4.08  
 520 S	 21.97  
 521 L	 3.95  
 522 I	 2.09  
 523 F	 8.32  
 524 N	 25.51  
 525 S	 19.88  
 526 F	 10.56  
 527 L	 4.67  
 528 P	 22.47  
 529 V	 12.98  
 530 N	 50.15  
 531 Q	 47.19  
 532 P	 34.22  
 533 E	 56.25  
 534 E	 48.26  
 535 V	 7.26  
 536 W	 4.99  
 537 C	 2.60  
 538 E	 33.14  
 539 R	 19.64  
 540 C	 0.97  
 541 V	 6.09  
 542 T	 25.49  
 543 L	 0.94  
 544 V	 3.56  
 545 Q	 30.03  
 546 M	 2.86  
 547 N	 12.45  
 548 H	 16.05  
 549 A	 9.60  
 550 A	 8.24  
 551 A	 12.17  
 552 R	 25.23  
 553 R	 29.87  
 554 F	 3.57  
 555 Y	 9.98  
 556 Q	 26.65  
 557 Y	 9.88  
 558 A	 6.00  
 559 H	 23.57  
 560 E	 34.46  
 561 H	 14.64  
 562 T	 22.05  
 563 A	 10.47  
 564 C	 2.92  
 565 T	 27.48  
 566 N	 31.91  
 567 I	 1.60  
 568 A	 11.59  
 569 K	 44.15  
 570 L	 2.12  
 571 I	 2.10  
 572 H	 21.27  
 573 V	 3.05  
 574 I	 1.22  
 575 R	 17.24  
 576 H	 14.86  
 577 C	 1.94  
 578 L	 3.58  
 579 N	 37.85  
 580 A	 4.46  
 581 C	 2.37  
 582 I	 2.63  
 583 Q	 27.45  
 584 R	 18.35  
 585 A	 6.58  
 586 V	 8.52  
 587 R	 50.12  
 588 E	 59.62  
 589 P	 27.32  
 590 P	 57.84  
 591 E	 84.49  
 592 D	 74.51  
 593 E	 66.69  
 594 E	 78.12  
 595 E	 60.38  
 596 E	 69.88  
 597 D	 65.80  
 598 G	 42.82  
 599 R	 65.22  
 600 E	 70.96  
 601 K	 53.91  
 602 E	 52.78  
 603 N	 45.91  
 604 V	 4.03  
 605 T	 27.25  
 606 V	 5.91  
 607 L	 4.00  
 608 D	 37.24  
 609 K	 47.40  
 610 T	 24.75  
 611 L	 7.10  
 612 S	 24.89  
 613 V	 8.79  
 614 N	 34.36  
 615 D	 27.51  
 616 V	 3.59  
 617 A	 4.73  
 618 C	 1.61  
 619 M	 2.09  
 620 A	 12.83  
 621 G	 12.15  
 622 L	 2.55  
 623 L	 4.31  
 624 E	 35.39  
 625 I	 2.84  
 626 I	 0.85  
 627 V	 3.46  
 628 I	 2.40  
 629 L	 3.06  
 630 W	 4.92  
 631 K	 33.80  
 632 S	 20.38  
 633 I	 4.53  
 634 D	 43.63  
 635 R	 35.91  
 636 S	 27.05  
 637 M	 7.14  
 638 E	 59.92  
 639 N	 57.12  
 640 N	 30.18  
 641 K	 71.30  
 642 E	 53.83  
 643 A	 14.57  
 644 K	 43.02  
 645 L	 6.17  
 646 Y	 12.60  
 647 T	 28.63  
 648 I	 3.14  
 649 N	 26.12  
 650 K	 38.16  
 651 F	 5.46  
 652 A	 10.59  
 653 S	 27.59  
 654 V	 10.42  
 655 L	 2.18  
 656 P	 26.48  
 657 E	 60.38  
 658 Y	 15.19  
 659 L	 3.48  
 660 K	 44.73  
 661 V	 7.14  
 662 F	 7.40  
 663 K	 62.80  
 664 D	 36.80  
 665 D	 59.47  
 666 R	 33.49  
 667 C	 6.36  
 668 K	 48.53  
 669 I	 4.03  
 670 P	 12.68  
 671 L	 4.48  
 672 F	 2.72  
 673 M	 3.96  
 674 L	 1.72  
 675 M	 1.63  
 676 S	 17.90  
 677 F	 4.18  
 678 M	 1.81  
 679 P	 22.51  
 680 A	 9.80  
 681 S	 24.75  
 682 A	 21.68  
 683 V	 5.99  
 684 P	 24.76  
 685 P	 27.47  
 686 F	 8.48  
 687 S	 18.74  
 688 C	 5.30  
 689 G	 20.70  
 690 V	 3.52  
 691 I	 1.26  
 692 S	 20.98  
 693 T	 18.31  
 694 L	 3.60  
 695 R	 33.48  
 696 S	 47.35  
 697 R	 39.28  
 698 E	 63.13  
 699 E	 51.87  
 700 G	 26.58  
 701 A	 15.04  
 702 V	 16.31  
 703 D	 33.38  
 704 K	 36.40  
 705 S	 22.45  
 706 Y	 8.66  
 707 C	 2.52  
 708 T	 23.32  
 709 L	 3.20  
 710 L	 2.05  
 711 D	 26.84  
 712 C	 4.10  
 713 L	 2.30  
 714 C	 3.95  
 715 S	 22.69  
 716 W	 10.55  
 717 G	 8.94  
 718 Q	 31.59  
 719 V	 5.48  
 720 G	 8.33  
 721 H	 23.70  
 722 I	 2.35  
 723 L	 3.27  
 724 E	 46.26  
 725 L	 5.41  
 726 V	 3.79  
 727 D	 53.89  
 728 N	 34.40  
 729 W	 10.15  
 730 L	 4.76  
 731 P	 27.62  
 732 T	 37.93  
 733 E	 34.97  
 734 H	 26.14  
 735 A	 12.56  
 736 Q	 51.75  
 737 A	 20.30  
 738 K	 31.96  
 739 S	 42.29  
 740 N	 38.67  
 741 T	 39.12  
 742 A	 17.31  
 743 S	 33.34  
 744 K	 48.55  
 745 G	 32.28  
 746 R	 22.39  
 747 V	 9.51  
 748 Q	 26.41  
 749 I	 2.65  
 750 H	 17.19  
 751 D	 46.14  
 752 T	 23.78  
 753 R	 39.82  
 754 P	 40.34  
 755 V	 16.99  
 756 K	 35.14  
 757 P	 41.91  
 758 E	 40.74  
 759 L	 6.40  
 760 A	 8.04  
 761 L	 4.73  
 762 V	 3.63  
 763 Y	 6.73  
 764 I	 1.87  
 765 E	 16.67  
 766 Y	 9.46  
 767 L	 2.63  
 768 L	 3.96  
 769 T	 33.27  
 770 H	 31.16  
 771 P	 30.31  
 772 K	 62.12  
 773 N	 49.81  
 774 R	 41.97  
 775 E	 38.62  
 776 C	 4.12  
 777 L	 3.47  
 778 L	 6.57  
 779 S	 24.23  
 780 A	 14.11  
 781 P	 45.29  
 782 R	 48.75  
 783 K	 61.63  
 784 K	 56.66  
 785 L	 5.68  
 786 N	 32.42  
 787 H	 42.87  
 788 L	 5.23  
 789 L	 2.07  
 790 K	 58.23  
 791 A	 15.59  
 792 L	 7.63  
 793 E	 56.76  
 794 T	 36.06  
 795 S	 19.23  
 796 K	 54.03  
 797 A	 26.79  
 798 D	 55.49  
 799 L	 6.02  
 800 E	 39.63  
 801 S	 41.50  
 802 L	 2.76  
 803 L	 8.09  
 804 Q	 51.44  
 805 T	 24.70  
 806 P	 36.26  
 807 G	 61.21  
 808 G	 37.69  
 809 K	 37.14  
 810 P	 44.92  
 811 R	 63.37  
 812 G	 38.67  
 813 F	 6.69  
 814 S	 29.20  
 815 E	 39.81  
 816 A	 14.02  
 817 A	 17.59  
 818 A	 10.93  
 819 P	 24.33  
 820 R	 37.51  
 821 A	 11.20  
 822 F	 12.96  
 823 G	 17.33  
 824 L	 2.52  
 825 H	 8.60  
 826 C	 5.87  
 827 R	 22.26  
 828 L	 7.40  
 829 S	 6.65  
 830 I	 4.44  
 831 H	 18.96  
 832 L	 5.63  
 833 Q	 24.46  
 834 H	 31.36  
 835 K	 34.80  
 836 F	 5.34  
 837 C	 4.28  
 838 S	 53.14  
 839 E	 65.30  
 840 G	 14.40  
 841 K	 24.53  
 842 V	 9.51  
 843 Y	 9.13  
 844 L	 2.44  
 845 S	 12.02  
 846 M	 4.36  
 847 L	 4.91  
 848 E	 44.90  
 849 D	 48.44  
 850 T	 25.54  
 851 G	 24.85  
 852 F	 7.95  
 853 W	 10.68  
 854 L	 5.07  
 855 E	 40.35  
 856 S	 23.87  
 857 K	 37.99  
 858 I	 5.62  
 859 L	 3.83  
 860 S	 24.63  
 861 F	 5.36  
 862 I	 3.86  
 863 Q	 44.30  
 864 D	 53.71  
 865 Q	 39.33  
 866 E	 62.21  
 867 E	 46.45  
 868 D	 54.00  
 869 Y	 14.71  
 870 L	 8.02  
 871 K	 35.70  
 872 L	 2.62  
 873 H	 22.00  
 874 R	 27.28  
 875 V	 3.13  
 876 I	 2.31  
 877 Y	 7.48  
 878 Q	 19.51  
 879 Q	 20.13  
 880 I	 1.17  
 881 I	 1.86  
 882 Q	 26.23  
 883 T	 15.30  
 884 Y	 5.52  
 885 L	 3.08  
 886 T	 17.28  
 887 V	 3.35  
 888 C	 2.34  
 889 K	 49.58  
 890 D	 32.87  
 891 V	 1.50  
 892 V	 3.54  
 893 M	 1.67  
 894 V	 3.75  
 895 G	 13.07  
 896 L	 5.05  
 897 G	 25.15  
 898 D	 37.14  
 899 H	 28.67  
 900 Q	 34.70  
 901 F	 6.15  
 902 Q	 16.49  
 903 M	 2.98  
 904 Q	 28.39  
 905 L	 3.55  
 906 L	 1.93  
 907 Q	 41.32  
 908 R	 33.54  
 909 S	 20.27  
 910 L	 6.17  
 911 G	 17.99  
 912 I	 1.93  
 913 M	 2.31  
 914 Q	 41.02  
 915 T	 13.55  
 916 V	 3.00  
 917 K	 54.08  
 918 G	 17.35  
 919 F	 3.11  
 920 F	 8.85  
 921 Y	 6.20  
 922 V	 2.48  
 923 S	 11.26  
 924 L	 3.82  
 925 L	 2.92  
 926 L	 4.70  
 927 D	 44.11  
 928 I	 6.29  
 929 L	 3.98  
 930 K	 47.61  
 931 E	 42.19  
 932 I	 5.16  
 933 T	 31.91  
 934 G	 22.39  
 935 S	 17.20  
 936 S	 30.73  
 937 L	 5.28  
 938 I	 4.22  
 939 Q	 48.14  
 940 K	 47.51  
 941 T	 25.10  
 942 D	 62.21  
 943 S	 52.75  
 944 D	 59.91  
 945 E	 59.32  
 946 E	 40.33  
 947 V	 3.41  
 948 A	 6.03  
 949 M	 4.63  
 950 L	 2.56  
 951 L	 3.13  
 952 D	 40.65  
 953 T	 25.47  
 954 V	 5.31  
 955 Q	 37.98  
 956 K	 40.45  
 957 V	 3.25  
 958 F	 8.12  
 959 Q	 32.98  
 960 K	 33.71  
 961 M	 2.37  
 962 L	 6.64  
 963 E	 22.00  
 964 C	 2.31  
 965 I	 2.32  
 966 A	 16.84  
 967 R	 19.20  
 968 S	 22.00  
 969 F	 10.62  
 970 R	 37.64  
 971 K	 69.10  
 972 Q	 46.51  
 973 P	 44.64  
 974 E	 63.30  
 975 E	 70.93  
 976 G	 17.90  
 977 L	 3.84  
 978 R	 33.24  
 979 L	 6.73  
 980 L	 2.12  
 981 Y	 16.04  
 982 S	 16.25  
 983 V	 3.37  
 984 Q	 35.02  
 985 R	 33.32  
 986 P	 22.45  
 987 L	 7.05  
 988 H	 30.51  
 989 E	 46.56  
 990 F	 4.13  
 991 I	 1.89  
 992 T	 26.54  
 993 A	 7.79  
 994 V	 3.88  
 995 Q	 32.08  
 996 S	 21.30  
 997 R	 21.45  
 998 H	 33.08  
 999 T	 40.22  
 1000 D	 42.77  
 1001 T	 28.50  
 1002 P	 23.79  
 1003 V	 5.37  
 1004 H	 23.21  
 1005 R	 36.83  
 1006 G	 15.16  
 1007 V	 3.73  
 1008 L	 3.45  
 1009 S	 20.82  
 1010 T	 20.30  
 1011 L	 1.96  
 1012 I	 4.16  
 1013 A	 21.25  
 1014 G	 14.45  
 1015 P	 20.26  
 1016 V	 6.20  
 1017 V	 6.43  
 1018 E	 38.72  
 1019 I	 2.77  
 1020 S	 7.53  
 1021 H	 36.03  
 1022 Q	 35.85  
 1023 L	 4.85  
 1024 R	 30.66  
 1025 K	 55.47  
 1026 V	 4.83  
 1027 S	 38.69  
 1028 D	 55.63  
 1029 V	 4.85  
 1030 E	 52.89  
 1031 E	 58.76  
 1032 L	 5.73  
 1033 T	 39.83  
 1034 P	 44.93  
 1035 P	 36.08  
 1036 E	 59.68  
 1037 H	 36.09  
 1038 L	 3.98  
 1039 S	 38.72  
 1040 D	 70.34  
 1041 L	 5.36  
 1042 P	 32.64  
 1043 P	 47.33  
 1044 F	 7.31  
 1045 S	 28.05  
 1046 R	 21.46  
 1047 C	 2.92  
 1048 L	 3.79  
 1049 I	 4.22  
 1050 G	 7.65  
 1051 I	 2.03  
 1052 I	 2.46  
 1053 I	 3.15  
 1054 K	 37.11  
 1055 S	 19.41  
 1056 S	 28.74  
 1057 N	 43.31  
 1058 V	 4.01  
 1059 V	 5.06  
 1060 R	 19.87  
 1061 S	 20.67  
 1062 F	 7.55  
 1063 L	 5.43  
 1064 D	 58.11  
 1065 E	 55.08  
 1066 L	 4.21  
 1067 K	 37.38  
 1068 A	 12.97  
 1069 C	 2.22  
 1070 V	 8.60  
 1071 A	 11.51  
 1072 S	 18.03  
 1073 N	 44.54  
 1074 D	 37.51  
 1075 I	 6.46  
 1076 E	 45.81  
 1077 G	 20.26  
 1078 I	 0.97  
 1079 V	 3.00  
 1080 C	 2.36  
 1081 L	 2.24  
 1082 T	 13.88  
 1083 A	 8.44  
 1084 A	 6.54  
 1085 V	 2.86  
 1086 H	 9.17  
 1087 I	 1.78  
 1088 I	 1.19  
 1089 L	 2.90  
 1090 V	 1.92  
 1091 I	 2.34  
 1092 N	 34.85  
 1093 A	 19.79  
 1094 G	 28.28  
 1095 K	 45.51  
 1096 H	 34.02  
 1097 K	 60.97  
 1098 S	 34.80  
 1099 S	 39.72  
 1100 K	 53.02  
 1101 V	 7.34  
 1102 R	 36.09  
 1103 E	 39.22  
 1104 V	 2.84  
 1105 A	 7.83  
 1106 A	 18.48  
 1107 T	 13.70  
 1108 V	 3.35  
 1109 H	 19.46  
 1110 R	 41.48  
 1111 K	 39.18  
 1112 L	 6.78  
 1113 K	 42.63  
 1114 T	 38.35  
 1115 F	 3.85  
 1116 M	 4.39  
 1117 E	 28.73  
 1118 I	 3.41  
 1119 T	 18.14  
 1120 L	 9.24  
 1121 E	 51.62  
 1122 E	 61.24  
 1123 D	 45.61  
 1124 S	 29.63  
 1125 I	 7.33  
 1126 E	 41.13  
 1127 R	 25.79  
 1128 F	 5.74  
 1129 L	 6.09  
 1130 Y	 15.85  
 1131 E	 46.41  
 1132 S	 21.76  
 1133 S	 16.35  
 1134 S	 38.27  
 1135 R	 35.60  
 1136 T	 40.85  
 1137 L	 4.95  
 1138 G	 23.93  
 1139 E	 53.87  
 1140 L	 5.35  
 1141 L	 5.28  
 1142 N	 59.29  
 1143 S	 41.38  
