 1 M	 6.34  
 2 Q	 49.69  
 3 Q	 41.01  
 4 T	 19.30  
 5 T	 25.39  
 6 F	 12.76  
 7 E	 53.63  
 8 E	 36.00  
 9 S	 30.83  
 10 R	 30.52  
 11 Y	 19.38  
 12 H	 18.01  
 13 W	 8.50  
 14 Q	 19.66  
 15 D	 50.42  
 16 S	 23.60  
 17 L	 8.15  
 18 E	 54.32  
 19 N	 32.13  
 20 V	 2.85  
 21 A	 9.63  
 22 V	 2.76  
 23 C	 2.62  
 24 L	 3.45  
 25 P	 14.98  
 26 F	 8.95  
 27 R	 27.82  
 28 C	 2.26  
 29 P	 30.27  
 30 R	 40.45  
 31 C	 4.54  
 32 G	 30.89  
 33 D	 43.54  
 34 H	 12.29  
 35 T	 35.92  
 36 R	 22.89  
 37 F	 6.99  
 38 R	 33.14  
 39 S	 29.86  
 40 L	 3.34  
 41 S	 28.68  
 42 S	 27.45  
 43 L	 5.15  
 44 R	 23.16  
 45 A	 19.53  
 46 H	 21.32  
 47 L	 7.49  
 48 E	 34.92  
 49 F	 11.37  
 50 S	 11.36  
 51 H	 39.46  
 52 S	 32.80  
 53 Y	 19.18  
 54 E	 43.98  
 55 E	 42.61  
 56 R	 20.80  
 57 T	 29.42  
 58 L	 7.77  
 59 L	 4.20  
 60 T	 32.87  
 61 K	 23.07  
 62 C	 2.67  
 63 S	 34.20  
 64 L	 13.13  
 65 L	 1.23  
 66 P	 42.80  
 67 S	 48.28  
 68 L	 5.70  
 69 K	 67.93  
 70 D	 51.19  
 71 T	 27.26  
 72 E	 56.81  
 73 L	 5.38  
 74 L	 3.98  
 75 R	 51.25  
 76 S	 28.30  
 77 S	 36.40  
 78 E	 71.04  
 79 L	 7.49  
 80 P	 23.91  
 81 K	 81.79  
 82 Q	 55.81  
 83 G	 28.32  
 84 K	 35.29  
 85 V	 5.87  
 86 L	 6.55  
 87 R	 37.53  
 88 G	 22.42  
 89 H	 18.88  
 90 A	 15.73  
 91 K	 44.77  
 92 V	 9.31  
 93 T	 27.35  
 94 K	 59.73  
 95 Q	 41.31  
 96 K	 42.81  
 97 S	 25.14  
 98 S	 39.89  
 99 Y	 10.64  
 100 V	 4.26  
 101 N	 25.65  
 102 L	 2.24  
 103 Y	 9.96  
 104 S	 22.30  
 105 I	 1.92  
 106 S	 19.92  
 107 H	 35.99  
 108 G	 21.70  
 109 H	 26.67  
 110 S	 36.50  
 111 K	 64.84  
 112 D	 64.08  
 113 T	 44.33  
 114 K	 58.82  
 115 P	 32.30  
 116 F	 11.44  
 117 E	 41.07  
 118 M	 3.37  
 119 V	 3.84  
 120 A	 13.03  
 121 E	 46.22  
 122 R	 27.47  
 123 P	 15.77  
 124 V	 8.92  
 125 S	 23.44  
 126 Y	 9.23  
 127 V	 2.39  
 128 Q	 22.13  
 129 T	 16.88  
 130 Y	 3.90  
 131 T	 24.48  
 132 A	 6.13  
 133 V	 4.91  
 134 D	 23.38  
 135 I	 2.92  
 136 R	 28.07  
 137 A	 15.86  
 138 D	 39.63  
 139 S	 27.45  
 140 L	 7.19  
 141 D	 53.03  
 142 A	 13.33  
 143 P	 17.55  
 144 C	 6.67  
 145 A	 20.08  
 146 S	 26.64  
 147 P	 29.80  
 148 G	 41.62  
 149 L	 4.75  
 150 P	 33.65  
 151 T	 44.08  
 152 Q	 55.20  
 153 D	 53.29  
 154 T	 16.86  
 155 K	 46.11  
 156 A	 21.34  
 157 A	 12.36  
 158 F	 11.57  
 159 E	 32.89  
 160 A	 10.46  
 161 H	 16.39  
 162 V	 12.47  
 163 R	 31.36  
 164 E	 61.99  
 165 K	 37.06  
 166 F	 6.33  
 167 N	 42.05  
 168 R	 33.39  
 169 M	 3.16  
 170 V	 3.74  
 171 E	 33.36  
 172 A	 9.33  
 173 V	 3.03  
 174 D	 49.40  
 175 R	 30.88  
 176 T	 29.08  
 177 I	 6.47  
 178 E	 35.35  
 179 K	 51.29  
 180 R	 29.55  
 181 I	 8.96  
 182 D	 43.90  
 183 K	 56.54  
 184 L	 7.99  
 185 T	 28.36  
 186 K	 62.25  
 187 E	 44.07  
 188 L	 6.97  
 189 A	 15.20  
 190 Q	 57.15  
 191 K	 44.06  
 192 T	 17.18  
 193 A	 16.69  
 194 E	 60.15  
 195 L	 4.60  
 196 L	 4.26  
 197 E	 42.45  
 198 V	 5.21  
 199 R	 15.72  
 200 A	 16.47  
 201 A	 6.97  
 202 F	 4.31  
 203 A	 9.95  
 204 Q	 38.29  
 205 L	 4.99  
 206 T	 26.68  
 207 Q	 60.59  
 208 K	 51.71  
 209 K	 41.70  
 210 Q	 64.23  
 211 E	 49.88  
 212 V	 5.06  
 213 Q	 37.65  
 214 R	 47.83  
 215 R	 22.21  
 216 E	 44.49  
 217 R	 42.43  
 218 A	 15.67  
 219 L	 11.72  
 220 N	 31.56  
 221 K	 53.18  
 222 Q	 35.25  
 223 V	 7.35  
 224 D	 21.84  
 225 V	 7.26  
 226 A	 6.26  
 227 V	 5.29  
 228 E	 18.35  
 229 M	 1.59  
 230 I	 1.19  
 231 A	 10.16  
 232 V	 4.80  
 233 L	 2.64  
 234 K	 27.12  
 235 Q	 41.26  
 236 R	 41.83  
 237 L	 6.04  
 238 T	 39.39  
 239 E	 61.82  
 240 S	 45.10  
 241 E	 49.62  
 242 E	 64.32  
 243 E	 49.40  
 244 L	 6.75  
 245 L	 9.22  
 246 R	 57.89  
 247 K	 70.24  
 248 E	 53.61  
 249 E	 60.16  
 250 E	 43.30  
 251 V	 5.78  
 252 V	 5.98  
 253 T	 24.72  
 254 F	 4.52  
 255 N	 18.68  
 256 H	 25.20  
 257 F	 7.47  
 258 L	 3.22  
 259 E	 35.01  
 260 A	 17.70  
 261 A	 13.53  
 262 A	 35.13  
 263 E	 45.05  
 264 K	 59.46  
 265 E	 31.42  
 266 V	 15.66  
 267 Q	 49.08  
 268 G	 30.66  
 269 K	 17.16  
 270 A	 25.00  
 271 R	 36.05  
 272 L	 7.37  
 273 Q	 37.71  
 274 D	 51.59  
 275 F	 4.94  
 276 I	 4.64  
 277 E	 41.65  
 278 N	 41.03  
 279 L	 2.53  
 280 L	 4.63  
 281 Q	 51.01  
 282 R	 24.69  
 283 V	 4.57  
 284 E	 44.44  
 285 L	 7.35  
 286 A	 14.40  
 287 E	 54.69  
 288 K	 55.35  
 289 Q	 30.91  
 290 L	 7.28  
 291 E	 39.44  
 292 Y	 18.52  
 293 Y	 7.72  
 294 Q	 33.58  
 295 S	 14.24  
 296 Q	 27.60  
 297 Q	 42.62  
 298 A	 12.18  
 299 S	 35.71  
 300 G	 22.85  
 301 F	 6.43  
 302 S	 18.01  
 303 C	 6.54  
 304 D	 52.66  
 305 T	 40.10  
 306 S	 16.56  
 307 E	 35.09  
 308 H	 19.13  
 309 M	 3.65  
 310 L	 4.14  
 311 T	 25.06  
 312 D	 47.00  
 313 I	 3.21  
 314 P	 28.50  
 315 S	 49.99  
 316 N	 51.11  
 317 R	 55.48  
 318 K	 40.85  
 319 P	 29.04  
 320 R	 36.72  
 321 C	 5.69  
 322 L	 4.06  
 323 S	 39.58  
 324 R	 33.39  
 325 G	 22.79  
 326 H	 22.52  
 327 Q	 33.12  
 328 H	 19.27  
 329 S	 23.07  
 330 V	 3.39  
 331 C	 4.31  
 332 N	 52.14  
 333 H	 17.99  
 334 P	 24.08  
 335 E	 33.48  
 336 M	 5.59  
 337 R	 24.21  
 338 A	 14.37  
 339 H	 10.57  
 340 F	 7.62  
 341 H	 19.43  
 342 L	 6.51  
 343 K	 43.65  
 344 G	 30.08  
 345 R	 22.12  
 346 S	 43.41  
 347 Y	 22.60  
 348 L	 4.90  
 349 K	 42.31  
 350 K	 59.06  
 351 A	 23.97  
 352 K	 69.84  
 353 D	 56.31  
 354 E	 43.66  
 355 R	 46.72  
 356 A	 18.76  
 357 G	 22.83  
 358 M	 4.15  
 359 Q	 33.60  
 360 P	 27.17  
 361 A	 9.30  
 362 K	 55.33  
 363 A	 15.52  
 364 I	 3.59  
 365 H	 39.59  
 366 E	 39.84  
 367 P	 27.45  
 368 A	 27.24  
 369 E	 72.49  
 370 S	 31.22  
 371 P	 31.18  
 372 R	 63.73  
 373 E	 53.15  
 374 F	 7.12  
 375 F	 8.62  
 376 R	 35.27  
 377 P	 43.18  
 378 A	 23.18  
 379 K	 65.08  
 380 K	 72.19  
 381 G	 27.18  
 382 E	 44.83  
 383 H	 33.59  
 384 L	 6.85  
 385 G	 24.42  
 386 L	 5.87  
 387 S	 30.10  
 388 R	 56.81  
 389 K	 55.63  
 390 G	 37.08  
 391 N	 32.56  
 392 F	 22.54  
 393 R	 33.65  
 394 P	 27.00  
 395 K	 47.43  
 396 M	 7.97  
 397 A	 27.00  
 398 K	 58.81  
 399 K	 55.22  
 400 K	 47.06  
 401 P	 35.62  
 402 T	 37.58  
 403 A	 16.56  
 404 I	 2.41  
 405 V	 3.79  
 406 N	 21.81  
 407 I	 2.47  
 408 I	 3.78  
