 1 M	 9.73  
 2 D	 54.15  
 3 R	 37.06  
 4 S	 33.92  
 5 G	 26.55  
 6 F	 8.90  
 7 G	 34.13  
 8 G	 15.56  
 9 M	 3.52  
 10 S	 34.46  
 11 S	 17.81  
 12 P	 20.46  
 13 V	 6.39  
 14 I	 3.61  
 15 R	 37.00  
 16 D	 35.64  
 17 A	 11.87  
 18 E	 49.03  
 19 V	 4.74  
 20 T	 17.51  
 21 R	 31.40  
 22 T	 22.81  
 23 A	 18.42  
 24 R	 36.29  
 25 K	 39.17  
 26 H	 25.35  
 27 S	 34.79  
 28 A	 16.37  
 29 H	 22.82  
 30 K	 43.87  
 31 R	 20.71  
 32 V	 7.05  
 33 L	 2.52  
 34 I	 3.13  
 35 Q	 30.05  
 36 A	 16.81  
 37 N	 29.42  
 38 Q	 63.54  
 39 E	 55.52  
 40 D	 46.09  
 41 N	 36.17  
 42 F	 16.59  
 43 G	 22.24  
 44 T	 24.18  
 45 A	 18.91  
 46 T	 21.05  
 47 P	 31.31  
 48 R	 36.52  
 49 S	 27.25  
 50 Q	 38.62  
 51 I	 5.02  
 52 I	 1.14  
 53 P	 35.40  
 54 R	 49.19  
 55 T	 23.36  
 56 P	 29.29  
 57 S	 41.31  
 58 S	 26.17  
 59 F	 11.18  
 60 R	 45.25  
 61 Q	 33.50  
 62 P	 22.78  
 63 F	 7.86  
 64 V	 11.08  
 65 T	 20.17  
 66 P	 25.63  
 67 S	 29.08  
 68 S	 27.39  
 69 R	 35.34  
 70 S	 33.43  
 71 L	 4.78  
 72 L	 5.08  
 73 R	 44.58  
 74 H	 25.10  
 75 P	 33.91  
 76 D	 36.02  
 77 I	 3.87  
 78 S	 17.32  
 79 Y	 10.66  
 80 I	 1.98  
 81 L	 5.43  
 82 G	 16.50  
 83 T	 31.64  
 84 E	 51.30  
 85 G	 34.89  
 86 R	 36.94  
 87 S	 36.82  
 88 P	 30.61  
 89 R	 46.89  
 90 H	 31.48  
 91 T	 31.27  
 92 Q	 29.49  
 93 S	 27.21  
 94 S	 22.95  
 95 G	 27.25  
 96 Y	 17.24  
 97 L	 4.12  
 98 G	 25.25  
 99 N	 26.75  
 100 L	 3.11  
 101 S	 18.40  
 102 M	 4.93  
 103 V	 2.63  
 104 T	 22.79  
 105 N	 30.02  
 106 L	 5.90  
 107 D	 60.40  
 108 D	 47.22  
 109 S	 33.66  
 110 N	 39.12  
 111 W	 7.39  
 112 A	 7.99  
 113 A	 10.72  
 114 A	 9.34  
 115 F	 6.56  
 116 S	 22.34  
 117 S	 16.93  
 118 Q	 43.34  
 119 R	 32.44  
 120 L	 4.26  
 121 G	 20.87  
 122 L	 5.88  
 123 Y	 8.99  
 124 T	 40.48  
 125 N	 29.88  
 126 T	 28.97  
 127 E	 41.49  
 128 H	 19.11  
 129 H	 17.03  
 130 S	 29.34  
 131 M	 4.06  
 132 T	 31.86  
 133 E	 51.85  
 134 D	 25.99  
 135 V	 6.72  
 136 N	 40.36  
 137 L	 4.57  
 138 S	 17.47  
 139 T	 17.07  
 140 V	 2.82  
 141 M	 2.71  
 142 L	 4.75  
 143 R	 27.48  
 144 E	 63.91  
 145 D	 62.05  
 146 D	 48.64  
 147 P	 55.64  
 148 G	 44.14  
 149 E	 46.58  
 150 A	 15.68  
 151 A	 11.06  
 152 S	 20.59  
 153 M	 2.63  
 154 S	 17.74  
 155 M	 2.53  
 156 F	 5.06  
 157 S	 20.86  
 158 D	 38.57  
 159 F	 6.83  
 160 L	 3.87  
 161 H	 19.25  
 162 S	 34.13  
 163 F	 7.99  
 164 L	 5.67  
 165 K	 39.16  
 166 H	 29.18  
 167 S	 28.00  
 168 S	 28.02  
 169 T	 29.96  
 170 T	 22.56  
 171 V	 3.39  
 172 F	 5.89  
 173 D	 45.53  
 174 L	 3.38  
 175 V	 5.90  
 176 E	 63.26  
 177 E	 51.14  
 178 Y	 10.77  
 179 E	 43.32  
 180 N	 33.67  
 181 I	 1.56  
 182 C	 6.91  
 183 G	 19.81  
 184 S	 26.92  
 185 Q	 19.98  
 186 V	 5.28  
 187 N	 23.11  
 188 I	 4.89  
 189 L	 3.44  
 190 S	 19.28  
 191 K	 43.62  
 192 I	 2.82  
 193 V	 3.49  
 194 S	 21.48  
 195 R	 31.42  
 196 A	 15.61  
 197 T	 19.44  
 198 P	 40.28  
 199 G	 36.06  
 200 L	 5.43  
 201 Q	 51.14  
 202 K	 57.56  
 203 F	 6.13  
 204 S	 35.81  
 205 K	 51.77  
 206 T	 23.83  
 207 A	 9.18  
 208 S	 21.46  
 209 M	 2.63  
 210 L	 2.43  
 211 W	 6.08  
 212 L	 2.45  
 213 L	 3.14  
 214 Q	 34.71  
 215 Q	 40.50  
 216 E	 23.74  
 217 M	 2.57  
 218 V	 4.58  
 219 T	 11.98  
 220 W	 4.22  
 221 R	 15.51  
 222 L	 3.36  
 223 L	 1.98  
 224 A	 11.33  
 225 S	 26.38  
 226 L	 3.19  
 227 Y	 14.15  
 228 R	 31.83  
 229 D	 38.18  
 230 R	 21.61  
 231 I	 5.66  
 232 Q	 28.06  
 233 S	 34.22  
 234 S	 24.35  
 235 L	 13.38  
 236 E	 66.27  
 237 E	 61.02  
 238 E	 44.62  
 239 N	 33.86  
 240 M	 2.44  
 241 F	 7.20  
 242 A	 4.67  
 243 I	 2.17  
 244 A	 14.91  
 245 G	 13.94  
 246 I	 2.62  
 247 N	 36.17  
 248 A	 19.69  
 249 S	 33.01  
 250 E	 42.64  
 251 K	 34.20  
 252 M	 3.42  
 253 V	 5.36  
 254 V	 4.10  
 255 E	 28.51  
 256 T	 22.66  
 257 L	 1.87  
 258 F	 7.95  
 259 Q	 51.92  
 260 R	 28.31  
 261 D	 35.22  
 262 S	 30.84  
 263 L	 4.27  
 264 V	 6.40  
 265 R	 35.41  
 266 Q	 28.22  
 267 S	 18.21  
 268 Q	 29.91  
 269 L	 4.99  
 270 V	 2.59  
 271 V	 6.25  
 272 D	 36.44  
 273 W	 7.16  
 274 L	 2.98  
 275 E	 35.53  
 276 S	 26.19  
 277 I	 3.94  
 278 A	 23.64  
 279 K	 54.98  
 280 D	 43.66  
 281 E	 52.79  
 282 I	 10.32  
 283 G	 28.05  
 284 E	 47.87  
 285 F	 10.55  
 286 S	 25.99  
 287 D	 66.50  
 288 N	 34.19  
 289 I	 4.68  
 290 E	 38.57  
 291 F	 6.78  
 292 Y	 10.59  
 293 A	 11.72  
 294 K	 29.13  
 295 S	 16.56  
 296 V	 6.75  
 297 Y	 17.69  
 298 W	 7.10  
 299 E	 23.73  
 300 N	 33.52  
 301 T	 17.84  
 302 L	 3.78  
 303 H	 29.10  
 304 S	 40.13  
 305 L	 3.69  
 306 K	 46.58  
 307 Q	 43.58  
 308 R	 27.77  
 309 Q	 44.24  
 310 L	 6.04  
 311 L	 2.21  
 312 S	 21.74  
 313 H	 25.29  
 314 M	 3.99  
 315 G	 22.05  
 316 S	 17.42  
 317 T	 30.49  
 318 R	 25.01  
 319 P	 31.13  
 320 L	 7.20  
 321 V	 4.30  
 322 T	 38.21  
 323 E	 43.63  
 324 L	 9.40  
 325 D	 32.57  
 326 P	 52.89  
 327 D	 65.72  
 328 A	 13.55  
 329 P	 29.67  
 330 I	 8.58  
 331 R	 26.90  
 332 Q	 52.97  
 333 K	 42.07  
 334 L	 3.73  
 335 P	 40.56  
 336 L	 13.34  
 337 D	 53.11  
 338 D	 59.14  
 339 L	 7.16  
 340 D	 59.94  
 341 R	 61.64  
 342 E	 59.18  
 343 D	 61.66  
 344 E	 25.45  
 345 V	 8.93  
 346 R	 32.05  
 347 L	 6.13  
 348 L	 2.10  
 349 K	 44.49  
 350 Y	 13.66  
 351 L	 2.24  
 352 F	 4.79  
 353 T	 20.76  
 354 L	 1.63  
 355 I	 2.29  
 356 R	 28.35  
 357 A	 12.71  
 358 G	 17.44  
 359 M	 4.10  
 360 T	 29.74  
 361 E	 42.30  
 362 E	 40.72  
 363 A	 8.12  
 364 Q	 42.00  
 365 R	 49.45  
 366 L	 2.41  
 367 C	 2.59  
 368 K	 56.14  
 369 R	 28.89  
 370 C	 2.64  
 371 G	 25.03  
 372 Q	 41.18  
 373 A	 5.30  
 374 W	 5.20  
 375 R	 19.84  
 376 A	 8.29  
 377 A	 12.25  
 378 T	 25.10  
 379 L	 5.00  
 380 E	 59.67  
 381 G	 29.90  
 382 W	 4.33  
 383 K	 50.45  
 384 L	 3.56  
 385 Y	 10.64  
 386 H	 55.26  
 387 D	 23.94  
 388 P	 33.10  
 389 N	 46.04  
 390 V	 9.54  
 391 N	 50.22  
 392 G	 39.87  
 393 G	 15.71  
 394 T	 38.50  
 395 E	 55.18  
 396 L	 10.15  
 397 E	 40.86  
 398 P	 41.92  
 399 V	 12.27  
 400 E	 65.06  
 401 G	 40.42  
 402 N	 19.54  
 403 P	 34.56  
 404 Y	 19.27  
 405 R	 25.51  
 406 R	 33.02  
 407 I	 3.04  
 408 W	 7.07  
 409 K	 23.52  
 410 I	 2.17  
 411 S	 12.14  
 412 C	 2.81  
 413 W	 6.06  
 414 R	 20.82  
 415 M	 1.75  
 416 A	 16.71  
 417 E	 42.55  
 418 D	 48.65  
 419 E	 46.93  
 420 L	 9.91  
 421 F	 7.53  
 422 N	 59.63  
 423 K	 40.95  
 424 Y	 16.26  
 425 E	 36.93  
 426 R	 24.16  
 427 A	 6.29  
 428 I	 2.77  
 429 Y	 5.71  
 430 A	 8.87  
 431 A	 5.81  
 432 L	 5.25  
 433 S	 22.40  
 434 G	 44.32  
 435 N	 40.46  
 436 L	 4.22  
 437 K	 42.79  
 438 Q	 51.93  
 439 L	 5.81  
 440 L	 2.50  
 441 P	 33.03  
 442 V	 4.68  
 443 C	 3.49  
 444 D	 55.90  
 445 T	 26.15  
 446 W	 6.55  
 447 E	 45.99  
 448 D	 37.81  
 449 T	 13.36  
 450 V	 4.21  
 451 W	 6.32  
 452 A	 6.83  
 453 Y	 4.00  
 454 F	 3.52  
 455 R	 11.71  
 456 V	 2.92  
 457 M	 2.12  
 458 V	 4.07  
 459 D	 20.40  
 460 S	 23.93  
 461 L	 4.20  
 462 V	 9.15  
 463 E	 48.03  
 464 Q	 43.89  
 465 E	 22.41  
 466 I	 6.10  
 467 R	 21.86  
 468 T	 31.19  
 469 S	 10.47  
 470 V	 4.81  
 471 M	 2.53  
 472 T	 27.04  
 473 Q	 34.12  
 474 D	 52.84  
 475 D	 48.40  
 476 S	 41.06  
 477 E	 71.23  
 478 E	 68.94  
 479 L	 4.20  
 480 P	 30.27  
 481 R	 61.37  
 482 E	 47.49  
 483 Y	 11.09  
 484 M	 3.16  
 485 E	 37.64  
 486 A	 10.59  
 487 N	 20.96  
 488 W	 14.92  
 489 T	 25.50  
 490 L	 4.53  
 491 E	 39.54  
 492 K	 56.17  
 493 V	 5.50  
 494 F	 10.01  
 495 E	 61.87  
 496 E	 34.42  
 497 L	 3.10  
 498 Q	 45.56  
 499 A	 30.32  
 500 T	 35.08  
 501 D	 58.45  
 502 K	 37.82  
 503 K	 51.02  
 504 R	 43.95  
 505 V	 12.39  
 506 L	 8.74  
 507 E	 52.63  
 508 E	 61.11  
 509 N	 43.07  
 510 Q	 41.97  
 511 E	 58.98  
 512 H	 15.09  
 513 Y	 7.78  
 514 H	 18.69  
 515 I	 2.50  
 516 V	 3.01  
 517 Q	 30.13  
 518 K	 31.10  
 519 F	 2.61  
 520 L	 3.99  
 521 I	 4.56  
 522 L	 5.36  
 523 G	 26.38  
 524 D	 31.71  
 525 V	 6.28  
 526 D	 49.61  
 527 G	 23.81  
 528 L	 3.19  
 529 M	 5.92  
 530 D	 59.85  
 531 E	 37.54  
 532 F	 8.74  
 533 S	 22.37  
 534 K	 58.43  
 535 W	 12.50  
 536 L	 5.48  
 537 S	 24.54  
 538 K	 57.58  
 539 S	 40.30  
 540 G	 25.62  
 541 S	 35.47  
 542 S	 41.95  
 543 L	 6.71  
 544 P	 30.06  
 545 G	 29.39  
 546 H	 21.54  
 547 L	 4.56  
 548 L	 3.09  
 549 R	 26.17  
 550 F	 7.17  
 551 M	 1.54  
 552 T	 15.72  
 553 H	 10.09  
 554 L	 2.40  
 555 I	 1.66  
 556 L	 4.10  
 557 F	 3.26  
 558 L	 3.52  
 559 R	 22.14  
 560 T	 27.59  
 561 L	 5.35  
 562 G	 18.35  
 563 L	 7.04  
 564 Q	 49.04  
 565 T	 45.53  
 566 K	 38.63  
 567 E	 68.00  
 568 E	 43.02  
 569 V	 7.98  
 570 S	 19.13  
 571 I	 5.25  
 572 E	 34.00  
 573 V	 6.74  
 574 L	 1.91  
 575 K	 44.45  
 576 T	 22.99  
 577 Y	 5.77  
 578 I	 2.55  
 579 Q	 21.58  
 580 L	 3.13  
 581 L	 2.01  
 582 I	 7.31  
 583 S	 40.33  
 584 E	 41.69  
 585 K	 45.45  
 586 H	 19.35  
 587 T	 35.97  
 588 S	 19.93  
 589 L	 3.26  
 590 I	 2.20  
 591 A	 9.18  
 592 F	 4.04  
 593 Y	 10.23  
 594 T	 6.23  
 595 C	 1.80  
 596 H	 32.51  
 597 L	 4.42  
 598 P	 11.28  
 599 Q	 65.79  
 600 D	 34.36  
 601 L	 3.30  
 602 A	 11.68  
 603 V	 4.42  
 604 A	 7.34  
 605 Q	 19.89  
 606 Y	 8.78  
 607 A	 4.63  
 608 L	 4.24  
 609 F	 4.43  
 610 L	 6.11  
 611 E	 44.26  
 612 G	 33.52  
 613 V	 3.19  
 614 T	 45.90  
 615 E	 44.79  
 616 F	 7.67  
 617 E	 40.24  
 618 Q	 54.18  
 619 R	 18.04  
 620 H	 23.54  
 621 Q	 35.36  
 622 C	 2.32  
 623 L	 4.93  
 624 E	 55.07  
 625 L	 5.49  
 626 A	 9.77  
 627 K	 67.09  
 628 E	 41.63  
 629 A	 23.20  
 630 D	 44.48  
 631 L	 8.01  
 632 D	 28.66  
 633 V	 7.04  
 634 A	 7.92  
 635 T	 29.09  
 636 I	 2.41  
 637 T	 19.13  
 638 K	 35.16  
 639 T	 22.57  
 640 V	 5.61  
 641 V	 5.88  
 642 E	 36.22  
 643 N	 33.09  
 644 I	 2.00  
 645 C	 7.26  
 646 K	 60.40  
 647 K	 52.60  
 648 D	 54.59  
 649 N	 61.85  
 650 G	 47.67  
 651 E	 50.67  
 652 F	 9.99  
 653 S	 18.66  
 654 H	 24.65  
 655 H	 30.49  
 656 D	 38.82  
 657 L	 7.02  
 658 A	 9.55  
 659 P	 42.60  
 660 S	 33.02  
 661 L	 7.13  
 662 D	 47.64  
 663 T	 41.54  
 664 G	 30.24  
 665 T	 32.88  
 666 T	 38.43  
 667 E	 58.71  
 668 E	 46.46  
 669 D	 55.79  
 670 R	 40.95  
 671 L	 9.85  
 672 K	 37.44  
 673 I	 6.39  
 674 D	 29.72  
 675 V	 4.95  
 676 I	 2.52  
 677 D	 32.29  
 678 W	 5.36  
 679 L	 2.14  
 680 V	 4.45  
 681 F	 9.73  
 682 D	 30.10  
 683 P	 20.87  
 684 A	 17.21  
 685 Q	 50.97  
 686 R	 36.18  
 687 A	 8.37  
 688 E	 50.88  
 689 A	 13.68  
 690 L	 2.94  
 691 R	 49.78  
 692 Q	 50.79  
 693 G	 21.07  
 694 N	 20.25  
 695 A	 12.09  
 696 I	 2.96  
 697 M	 3.37  
 698 R	 22.06  
 699 K	 27.61  
 700 F	 3.22  
 701 L	 6.47  
 702 A	 22.07  
 703 L	 9.15  
 704 K	 46.61  
 705 K	 47.75  
 706 H	 28.48  
 707 E	 60.24  
 708 A	 24.45  
 709 A	 12.93  
 710 K	 62.55  
 711 E	 36.14  
 712 V	 7.05  
 713 F	 4.93  
 714 V	 7.11  
 715 K	 36.89  
 716 I	 2.89  
 717 P	 26.63  
 718 Q	 61.63  
 719 D	 36.34  
 720 S	 20.60  
 721 I	 5.54  
 722 A	 10.90  
 723 E	 44.32  
 724 I	 2.64  
 725 Y	 7.88  
 726 N	 46.26  
 727 Q	 31.80  
 728 W	 13.88  
 729 E	 30.58  
 730 E	 49.85  
 731 Q	 45.05  
 732 G	 25.71  
 733 M	 4.62  
 734 E	 56.90  
 735 S	 23.89  
 736 P	 29.11  
 737 L	 9.75  
 738 P	 36.67  
 739 A	 40.30  
 740 E	 65.05  
 741 D	 57.48  
 742 D	 37.66  
 743 N	 49.98  
 744 A	 14.81  
 745 I	 7.14  
 746 R	 23.91  
 747 E	 34.79  
 748 H	 19.02  
 749 L	 1.91  
 750 C	 1.82  
 751 I	 3.39  
 752 R	 19.04  
 753 A	 8.05  
 754 Y	 8.67  
 755 L	 4.59  
 756 E	 34.99  
 757 A	 11.83  
 758 H	 25.84  
 759 E	 63.24  
 760 T	 23.15  
 761 F	 7.70  
 762 N	 53.67  
 763 E	 50.53  
 764 W	 14.53  
 765 F	 2.96  
 766 K	 42.91  
 767 H	 15.93  
 768 M	 4.34  
 769 N	 34.44  
 770 S	 33.48  
 771 A	 12.92  
 772 P	 42.42  
 773 Q	 65.17  
 774 K	 38.62  
 775 P	 24.03  
 776 T	 47.57  
 777 L	 6.17  
 778 L	 3.82  
 779 S	 22.38  
 780 Q	 44.37  
 781 A	 10.99  
 782 T	 24.37  
 783 F	 10.47  
 784 T	 30.46  
 785 E	 41.14  
 786 K	 29.16  
 787 V	 5.81  
 788 A	 18.31  
 789 Y	 18.43  
 790 E	 27.08  
 791 H	 30.44  
 792 R	 45.55  
 793 E	 56.67  
 794 K	 61.69  
 795 K	 41.51  
 796 Y	 27.79  
 797 E	 47.19  
 798 M	 6.03  
 799 D	 21.53  
 800 H	 26.77  
 801 N	 37.24  
 802 I	 3.45  
 803 W	 13.09  
 804 K	 32.43  
 805 G	 16.16  
 806 H	 19.46  
 807 L	 5.85  
 808 D	 33.58  
 809 A	 17.11  
 810 L	 3.96  
 811 T	 23.64  
 812 A	 22.05  
 813 D	 46.95  
 814 V	 8.82  
 815 K	 52.76  
 816 E	 42.79  
 817 K	 40.75  
 818 M	 2.85  
 819 Y	 17.12  
 820 N	 17.92  
 821 V	 2.44  
 822 L	 2.46  
 823 L	 3.24  
 824 F	 4.04  
 825 V	 7.25  
 826 D	 42.42  
 827 G	 26.76  
 828 G	 12.58  
 829 W	 6.80  
 830 M	 1.77  
 831 V	 5.05  
 832 D	 20.04  
 833 V	 4.99  
 834 R	 31.45  
 835 E	 62.51  
 836 D	 44.70  
 837 A	 19.84  
 838 E	 75.23  
 839 D	 77.73  
 840 D	 38.16  
 841 P	 45.34  
 842 E	 76.76  
 843 R	 42.78  
 844 T	 18.13  
 845 H	 21.69  
 846 Q	 24.06  
 847 M	 1.45  
 848 V	 3.51  
 849 L	 3.00  
 850 L	 2.86  
 851 R	 26.24  
 852 K	 43.45  
 853 L	 2.68  
 854 C	 4.49  
 855 L	 3.96  
 856 P	 16.83  
 857 M	 3.08  
 858 L	 1.44  
 859 C	 1.51  
 860 F	 7.77  
 861 L	 3.14  
 862 L	 1.35  
 863 H	 17.01  
 864 T	 25.79  
 865 I	 1.96  
 866 L	 2.47  
 867 H	 21.33  
 868 S	 30.68  
 869 T	 19.98  
 870 G	 27.49  
 871 Q	 36.50  
 872 Y	 13.97  
 873 Q	 27.34  
 874 E	 32.06  
 875 C	 1.41  
 876 L	 4.62  
 877 Q	 46.38  
 878 L	 2.55  
 879 A	 7.01  
 880 D	 46.76  
 881 M	 2.34  
 882 V	 6.15  
 883 S	 21.61  
 884 S	 27.52  
 885 E	 51.83  
 886 R	 33.90  
 887 H	 22.03  
 888 K	 45.08  
 889 L	 3.06  
 890 Y	 12.96  
 891 L	 4.55  
 892 V	 3.00  
 893 F	 8.79  
 894 S	 31.51  
 895 K	 43.68  
 896 E	 62.15  
 897 E	 58.57  
 898 L	 6.49  
 899 R	 30.75  
 900 K	 67.20  
 901 L	 5.04  
 902 L	 4.78  
 903 Q	 53.85  
 904 K	 49.86  
 905 L	 4.78  
 906 R	 49.11  
 907 E	 55.93  
 908 S	 23.49  
 909 S	 17.03  
 910 L	 3.79  
 911 M	 3.64  
 912 L	 6.06  
 913 L	 2.62  
 914 D	 36.22  
 915 Q	 55.08  
 916 G	 31.54  
 917 L	 5.21  
 918 D	 43.11  
 919 P	 32.50  
 920 L	 13.08  
 921 G	 24.34  
 922 Y	 19.97  
 923 E	 32.52  
 924 I	 3.52  
 925 Q	 31.02  
 926 S	 48.10  
