 1 M	 5.77  
 2 S	 26.98  
 3 A	 9.72  
 4 A	 10.74  
 5 A	 13.13  
 6 V	 7.98  
 7 D	 32.91  
 8 P	 18.50  
 9 V	 5.42  
 10 S	 31.64  
 11 A	 18.89  
 12 T	 13.19  
 13 P	 20.32  
 14 M	 6.02  
 15 T	 39.23  
 16 G	 30.39  
 17 S	 19.10  
 18 K	 59.80  
 19 E	 35.38  
 20 M	 6.78  
 21 S	 33.45  
 22 L	 9.25  
 23 E	 66.02  
 24 E	 68.65  
 25 P	 31.99  
 26 K	 59.46  
 27 K	 57.11  
 28 M	 5.50  
 29 T	 39.52  
 30 R	 36.06  
 31 E	 53.40  
 32 D	 47.38  
 33 W	 14.83  
 34 R	 53.92  
 35 K	 65.03  
 36 K	 42.79  
 37 K	 71.25  
 38 E	 71.00  
 39 L	 13.91  
 40 E	 53.85  
 41 E	 69.20  
 42 Q	 38.13  
 43 R	 39.17  
 44 K	 61.51  
 45 L	 7.53  
 46 G	 31.15  
 47 N	 53.86  
 48 A	 11.68  
 49 P	 32.71  
 50 A	 27.34  
 51 E	 49.82  
 52 V	 14.08  
 53 D	 39.47  
 54 E	 74.05  
 55 E	 68.06  
 56 G	 30.78  
 57 K	 59.73  
 58 D	 57.67  
 59 I	 11.14  
 60 N	 32.03  
 61 P	 27.41  
 62 H	 39.61  
 63 I	 2.10  
 64 P	 20.21  
 65 Q	 47.81  
 66 Y	 9.45  
 67 I	 1.77  
 68 S	 21.98  
 69 S	 23.73  
 70 V	 2.85  
 71 P	 21.79  
 72 W	 10.68  
 73 Y	 6.86  
 74 I	 5.77  
 75 D	 26.23  
 76 P	 31.99  
 77 S	 37.23  
 78 K	 68.72  
 79 R	 33.50  
 80 P	 45.91  
 81 T	 53.09  
 82 L	 5.30  
 83 K	 39.92  
 84 H	 31.81  
 85 Q	 58.10  
 86 R	 31.38  
 87 P	 47.73  
 88 Q	 62.06  
 89 P	 54.13  
 90 E	 63.97  
 91 K	 70.27  
 92 Q	 43.02  
 93 K	 65.46  
 94 Q	 40.74  
 95 F	 11.16  
 96 S	 22.54  
 97 S	 43.58  
 98 S	 39.26  
 99 G	 31.25  
 100 E	 49.97  
 101 W	 13.89  
 102 Y	 6.11  
 103 K	 43.69  
 104 R	 39.17  
 105 G	 30.60  
 106 V	 9.03  
 107 K	 54.74  
 108 E	 54.53  
 109 N	 32.75  
 110 S	 23.54  
 111 I	 9.51  
 112 T	 19.63  
 113 T	 25.14  
 114 K	 34.11  
 115 Y	 18.57  
 116 R	 32.27  
 117 K	 48.01  
 118 G	 26.85  
 119 A	 10.65  
 120 C	 5.42  
 121 E	 55.83  
 122 N	 29.43  
 123 C	 1.39  
 124 G	 29.93  
 125 A	 11.25  
 126 M	 2.15  
 127 T	 24.58  
 128 H	 18.16  
 129 K	 52.56  
 130 R	 32.23  
 131 K	 64.75  
 132 D	 46.50  
 133 C	 4.24  
 134 F	 14.83  
 135 E	 69.02  
 136 R	 15.13  
 137 P	 22.64  
 138 R	 52.73  
 139 R	 33.63  
 140 V	 10.37  
 141 G	 22.65  
 142 A	 10.84  
 143 K	 37.21  
 144 F	 8.26  
 145 T	 42.25  
 146 G	 21.64  
 147 T	 22.01  
 148 N	 29.75  
 149 I	 6.22  
 150 A	 13.94  
 151 P	 43.66  
 152 D	 50.00  
 153 E	 44.92  
 154 H	 30.78  
 155 V	 9.27  
 156 Q	 23.17  
 157 P	 28.34  
 158 Q	 28.59  
 159 L	 4.74  
 160 M	 1.70  
 161 F	 12.22  
 162 D	 27.01  
 163 Y	 18.48  
 164 D	 58.96  
 165 G	 22.22  
 166 K	 48.50  
 167 R	 44.23  
 168 D	 64.53  
 169 R	 32.56  
 170 W	 13.59  
 171 N	 43.92  
 172 G	 19.35  
 173 Y	 25.08  
 174 N	 38.62  
 175 P	 39.61  
 176 E	 57.82  
 177 E	 51.00  
 178 H	 22.60  
 179 M	 3.42  
 180 K	 45.57  
 181 I	 3.51  
 182 V	 3.69  
 183 E	 49.08  
 184 E	 39.64  
 185 Y	 9.75  
 186 A	 14.53  
 187 K	 35.07  
 188 V	 5.77  
 189 D	 39.95  
 190 L	 7.29  
 191 A	 8.53  
 192 K	 53.89  
 193 R	 39.42  
 194 T	 31.72  
 195 L	 5.13  
 196 K	 48.43  
 197 A	 18.17  
 198 Q	 45.46  
 199 K	 57.93  
 200 L	 5.28  
 201 Q	 49.51  
 202 E	 66.47  
 203 E	 36.35  
 204 L	 4.53  
 205 A	 21.37  
 206 S	 49.43  
 207 G	 23.01  
 208 K	 47.03  
 209 L	 6.14  
 210 V	 6.12  
 211 E	 55.18  
 212 Q	 38.06  
 213 A	 12.64  
 214 N	 59.55  
 215 S	 38.04  
 216 P	 37.65  
 217 K	 48.53  
 218 H	 31.82  
 219 Q	 56.87  
 220 W	 18.84  
 221 G	 26.35  
 222 E	 57.11  
 223 E	 74.86  
 224 E	 45.54  
 225 P	 49.40  
 226 N	 48.42  
 227 S	 41.44  
 228 Q	 51.17  
 229 M	 7.49  
 230 E	 47.93  
 231 K	 59.97  
 232 D	 32.66  
 233 H	 51.27  
 234 N	 58.17  
 235 S	 42.90  
 236 E	 71.40  
 237 D	 69.35  
 238 E	 60.28  
 239 D	 80.06  
 240 E	 55.12  
 241 D	 62.68  
 242 K	 40.05  
 243 Y	 27.82  
 244 A	 17.46  
 245 D	 50.76  
 246 D	 30.53  
 247 I	 5.14  
 248 D	 44.19  
 249 M	 4.03  
 250 P	 37.15  
 251 G	 28.55  
 252 Q	 41.36  
 253 N	 48.91  
 254 F	 9.61  
 255 D	 61.88  
 256 S	 24.75  
 257 K	 47.76  
 258 R	 38.90  
 259 R	 32.44  
 260 I	 4.92  
 261 T	 16.17  
 262 V	 3.39  
 263 R	 28.02  
 264 N	 29.36  
 265 L	 3.18  
 266 R	 29.48  
 267 I	 6.79  
 268 R	 29.15  
 269 E	 51.93  
 270 D	 35.98  
 271 I	 2.82  
 272 A	 13.53  
 273 K	 45.19  
 274 Y	 11.24  
 275 L	 2.63  
 276 R	 38.28  
 277 N	 46.32  
 278 L	 10.54  
 279 D	 43.83  
 280 P	 39.58  
 281 N	 38.65  
 282 S	 24.04  
 283 A	 17.34  
 284 Y	 14.28  
 285 Y	 26.03  
 286 D	 26.08  
 287 P	 24.64  
 288 K	 47.98  
 289 T	 29.11  
 290 R	 32.29  
 291 A	 13.45  
 292 M	 5.07  
 293 R	 39.29  
 294 E	 49.85  
 295 N	 25.23  
 296 P	 25.51  
 297 Y	 24.86  
 298 A	 10.72  
 299 N	 43.30  
 300 A	 23.36  
 301 G	 30.04  
 302 K	 64.00  
 303 N	 48.62  
 304 P	 42.50  
 305 D	 77.61  
 306 E	 34.32  
 307 V	 7.46  
 308 S	 13.76  
 309 Y	 21.56  
 310 A	 16.03  
 311 G	 23.35  
 312 D	 36.90  
 313 N	 36.07  
 314 F	 3.83  
 315 V	 6.00  
 316 R	 21.11  
 317 Y	 15.12  
 318 T	 20.30  
 319 G	 22.56  
 320 D	 32.82  
 321 T	 19.12  
 322 I	 2.93  
 323 S	 15.34  
 324 M	 2.57  
 325 A	 11.50  
 326 Q	 22.57  
 327 T	 20.08  
 328 Q	 23.62  
 329 L	 3.43  
 330 F	 5.51  
 331 A	 16.28  
 332 W	 5.39  
 333 E	 33.64  
 334 A	 13.71  
 335 Y	 13.48  
 336 D	 56.75  
 337 K	 52.22  
 338 G	 26.58  
 339 S	 42.03  
 340 E	 42.50  
 341 V	 6.14  
 342 H	 14.26  
 343 L	 5.62  
 344 Q	 28.92  
 345 A	 30.98  
 346 D	 38.14  
 347 P	 34.15  
 348 T	 49.13  
 349 K	 45.40  
 350 L	 6.53  
 351 E	 37.98  
 352 L	 10.31  
 353 L	 3.55  
 354 Y	 19.74  
 355 K	 49.76  
 356 S	 19.42  
 357 F	 10.36  
 358 K	 61.30  
 359 V	 11.45  
 360 K	 51.54  
 361 K	 66.55  
 362 E	 64.06  
 363 D	 69.65  
 364 F	 11.14  
 365 K	 67.92  
 366 E	 59.23  
 367 Q	 61.30  
 368 Q	 53.20  
 369 K	 53.80  
 370 E	 38.38  
 371 S	 39.24  
 372 I	 6.37  
 373 L	 6.90  
 374 E	 42.43  
 375 K	 45.83  
 376 Y	 19.67  
 377 G	 42.23  
 378 G	 26.98  
 379 Q	 30.49  
 380 E	 50.09  
 381 H	 22.56  
 382 L	 6.21  
 383 D	 59.96  
 384 A	 20.52  
 385 P	 28.44  
 386 P	 39.84  
 387 A	 21.00  
 388 E	 45.80  
 389 L	 5.29  
 390 L	 2.54  
 391 L	 5.33  
 392 A	 17.76  
 393 Q	 45.45  
 394 T	 25.80  
 395 E	 34.95  
 396 D	 57.05  
 397 Y	 6.75  
 398 V	 9.59  
 399 E	 31.40  
 400 Y	 10.85  
 401 S	 12.33  
 402 R	 31.21  
 403 H	 30.27  
 404 G	 22.14  
 405 T	 16.97  
 406 V	 5.15  
 407 I	 4.10  
 408 K	 50.64  
 409 G	 24.37  
 410 Q	 31.81  
 411 E	 51.80  
 412 R	 26.86  
 413 A	 7.78  
 414 V	 7.46  
 415 A	 7.29  
 416 C	 2.64  
 417 S	 28.65  
 418 K	 57.47  
 419 Y	 14.30  
 420 E	 52.00  
 421 E	 66.08  
 422 D	 34.76  
 423 V	 8.30  
 424 K	 52.63  
 425 I	 6.66  
 426 N	 28.63  
 427 N	 44.93  
 428 H	 17.84  
 429 T	 19.72  
 430 H	 13.27  
 431 I	 4.72  
 432 W	 5.10  
 433 G	 15.39  
 434 S	 16.90  
 435 Y	 19.30  
 436 W	 8.23  
 437 K	 41.90  
 438 E	 39.58  
 439 G	 27.24  
 440 R	 25.41  
 441 W	 25.89  
 442 G	 15.63  
 443 Y	 8.22  
 444 K	 26.84  
 445 C	 1.58  
 446 C	 2.35  
 447 H	 36.79  
 448 S	 20.61  
 449 F	 2.45  
 450 F	 9.00  
 451 K	 31.14  
 452 Y	 10.34  
 453 S	 17.83  
 454 Y	 7.31  
 455 C	 3.03  
 456 T	 29.80  
 457 G	 21.13  
 458 E	 35.77  
 459 A	 35.38  
 460 G	 29.93  
 461 K	 54.59  
 462 E	 60.03  
 463 S	 30.04  
 464 V	 10.82  
 465 N	 53.64  
 466 S	 32.39  
 467 E	 52.24  
 468 E	 30.73  
 469 C	 2.09  
 470 I	 3.41  
 471 I	 4.37  
 472 T	 10.80  
 473 G	 15.55  
 474 A	 8.59  
 475 T	 35.63  
 476 A	 20.30  
 477 E	 46.58  
 478 E	 59.37  
 479 S	 30.64  
 480 V	 11.91  
 481 K	 68.93  
 482 K	 39.96  
 483 P	 20.96  
 484 Q	 54.22  
 485 A	 23.73  
 486 L	 3.00  
 487 L	 8.04  
 488 E	 45.09  
 489 L	 5.22  
 490 H	 25.12  
 491 Q	 63.24  
 492 E	 50.00  
 493 K	 59.28  
 494 L	 9.21  
 495 K	 74.93  
 496 E	 82.54  
 497 E	 69.46  
 498 K	 71.61  
 499 K	 73.44  
 500 K	 79.49  
 501 K	 77.90  
 502 K	 77.90  
 503 K	 77.90  
 504 K	 75.76  
 505 K	 63.79  
 506 K	 58.48  
 507 H	 51.81  
 508 R	 49.81  
 509 K	 55.18  
 510 S	 34.72  
 511 S	 41.00  
 512 S	 48.50  
 513 D	 59.02  
 514 S	 49.24  
 515 D	 72.78  
 516 D	 64.70  
 517 E	 65.77  
 518 E	 72.65  
 519 R	 43.86  
 520 K	 67.12  
 521 Q	 60.31  
 522 E	 64.49  
 523 K	 64.21  
 524 L	 7.28  
 525 K	 47.25  
 526 K	 69.42  
 527 A	 12.40  
 528 L	 9.54  
 529 N	 50.60  
 530 A	 19.50  
 531 E	 51.63  
 532 E	 36.36  
 533 A	 10.02  
 534 R	 40.85  
 535 L	 5.10  
 536 L	 3.48  
 537 H	 32.94  
 538 V	 6.33  
 539 K	 30.67  
 540 E	 42.47  
 541 I	 1.72  
 542 M	 2.75  
 543 Q	 45.72  
 544 I	 3.08  
 545 D	 32.53  
 546 E	 62.83  
 547 R	 36.21  
 548 K	 56.53  
 549 R	 45.19  
 550 P	 35.37  
 551 Y	 26.10  
 552 N	 25.31  
 553 S	 22.24  
 554 I	 2.99  
 555 Y	 15.86  
 556 E	 39.45  
 557 T	 24.30  
 558 R	 35.64  
 559 E	 65.08  
 560 P	 41.65  
 561 T	 51.80  
 562 E	 63.78  
 563 E	 66.19  
 564 E	 35.77  
 565 M	 3.95  
 566 E	 45.92  
 567 A	 8.91  
 568 Y	 9.64  
 569 R	 31.06  
 570 M	 2.46  
 571 K	 36.06  
 572 R	 28.53  
 573 Q	 56.60  
 574 R	 40.42  
 575 P	 41.86  
 576 D	 74.88  
 577 D	 37.24  
 578 P	 27.85  
 579 M	 6.67  
 580 A	 11.52  
 581 S	 18.10  
 582 F	 6.88  
 583 L	 5.98  
 584 G	 29.19  
 585 Q	 52.90  
