 1 M	 9.40  
 2 R	 39.04  
 3 S	 27.35  
 4 S	 16.18  
 5 A	 21.13  
 6 R	 43.53  
 7 G	 34.96  
 8 R	 24.17  
 9 P	 31.48  
 10 L	 5.36  
 11 Q	 31.47  
 12 A	 17.92  
 13 A	 6.11  
 14 T	 27.32  
 15 A	 6.62  
 16 F	 5.71  
 17 F	 4.14  
 18 L	 3.34  
 19 S	 20.27  
 20 L	 4.76  
 21 F	 3.51  
 22 F	 7.36  
 23 F	 3.98  
 24 L	 3.03  
 25 R	 35.76  
 26 R	 39.67  
 27 F	 6.41  
 28 E	 50.51  
 29 R	 42.78  
 30 G	 15.75  
 31 F	 6.41  
 32 W	 8.27  
 33 L	 2.58  
 34 W	 10.18  
 35 G	 28.06  
 36 G	 24.56  
 37 D	 39.09  
 38 S	 50.90  
 39 E	 58.34  
 40 T	 29.75  
 41 K	 27.76  
 42 V	 6.46  
 43 Y	 12.28  
 44 V	 4.61  
 45 G	 13.12  
 46 N	 25.83  
 47 L	 5.52  
 48 G	 26.55  
 49 T	 27.33  
 50 G	 30.45  
 51 A	 19.16  
 52 G	 39.59  
 53 K	 48.99  
 54 G	 43.75  
 55 E	 51.44  
 56 L	 8.02  
 57 E	 37.35  
 58 R	 54.26  
 59 A	 6.59  
 60 F	 6.38  
 61 S	 19.23  
 62 Y	 13.14  
 63 Y	 15.86  
 64 G	 13.41  
 65 P	 11.53  
 66 L	 6.60  
 67 R	 30.30  
 68 T	 28.07  
 69 V	 2.55  
 70 W	 4.29  
 71 I	 1.93  
 72 A	 6.89  
 73 R	 47.24  
 74 N	 37.79  
 75 P	 25.49  
 76 P	 54.83  
 77 G	 27.98  
 78 F	 6.18  
 79 A	 17.31  
 80 F	 5.16  
 81 V	 8.05  
 82 E	 36.54  
 83 F	 12.40  
 84 E	 54.31  
 85 D	 49.18  
 86 P	 28.93  
 87 R	 69.00  
 88 D	 60.75  
 89 A	 20.18  
 90 E	 51.28  
 91 D	 52.67  
 92 A	 5.61  
 93 V	 8.46  
 94 R	 41.50  
 95 G	 22.86  
 96 L	 5.71  
 97 D	 58.66  
 98 G	 31.04  
 99 K	 28.26  
 100 V	 5.53  
 101 I	 2.22  
 102 C	 4.54  
 103 G	 13.83  
 104 S	 24.16  
 105 R	 12.92  
 106 V	 9.59  
 107 R	 18.32  
 108 V	 8.75  
 109 E	 26.83  
 110 L	 5.20  
 111 S	 14.92  
 112 T	 50.56  
 113 G	 22.26  
 114 M	 2.06  
 115 P	 29.85  
 116 R	 40.07  
 117 R	 26.72  
 118 S	 38.28  
 119 R	 35.36  
 120 F	 11.15  
 121 D	 62.15  
 122 R	 36.07  
 123 P	 28.84  
 124 P	 39.01  
 125 A	 23.85  
 126 R	 53.21  
 127 R	 38.04  
 128 P	 32.22  
 129 F	 26.76  
 130 D	 43.72  
 131 P	 45.03  
 132 N	 51.72  
 133 D	 47.63  
 134 R	 31.40  
 135 C	 3.60  
 136 Y	 18.36  
 137 E	 39.41  
 138 C	 3.26  
 139 G	 27.93  
 140 E	 68.47  
 141 K	 35.95  
 142 G	 18.09  
 143 H	 18.34  
 144 Y	 18.61  
 145 A	 6.50  
 146 Y	 16.37  
 147 D	 17.36  
 148 C	 0.97  
 149 H	 28.90  
 150 R	 37.14  
 151 Y	 5.27  
 152 S	 21.19  
 153 R	 27.47  
 154 R	 32.21  
 155 R	 39.55  
 156 R	 34.31  
 157 S	 32.56  
 158 R	 33.99  
 159 S	 35.54  
 160 R	 34.67  
 161 S	 39.11  
 162 R	 36.96  
 163 S	 27.36  
 164 H	 26.56  
 165 S	 32.95  
 166 R	 25.58  
 167 S	 41.94  
 168 R	 41.34  
 169 G	 21.47  
 170 R	 33.00  
 171 R	 36.28  
 172 Y	 13.69  
 173 S	 23.20  
 174 R	 27.44  
 175 S	 28.77  
 176 R	 34.67  
 177 S	 35.54  
 178 R	 29.30  
 179 S	 40.09  
 180 R	 41.34  
 181 G	 30.51  
 182 R	 32.08  
 183 R	 38.97  
 184 S	 29.26  
 185 R	 34.14  
 186 S	 34.05  
 187 A	 23.57  
 188 S	 21.86  
 189 P	 35.11  
 190 R	 46.87  
 191 R	 39.54  
 192 S	 30.13  
 193 R	 38.99  
 194 S	 19.80  
 195 V	 6.41  
 196 S	 19.87  
 197 L	 5.03  
 198 R	 27.33  
 199 R	 41.54  
 200 S	 24.93  
 201 R	 34.14  
 202 S	 24.37  
 203 A	 16.10  
 204 S	 24.53  
 205 L	 5.43  
 206 R	 31.84  
 207 R	 41.54  
 208 S	 25.10  
 209 R	 43.13  
 210 S	 37.83  
 211 G	 23.04  
 212 S	 16.57  
 213 I	 4.76  
 214 I	 4.37  
 215 G	 12.37  
 216 S	 17.25  
 217 R	 30.95  
 218 Y	 13.99  
 219 F	 5.30  
 220 Q	 29.06  
 221 S	 23.48  
 222 R	 25.88  
 223 S	 39.59  
 224 R	 34.67  
 225 S	 35.54  
 226 R	 34.67  
 227 S	 35.54  
 228 R	 34.67  
 229 S	 31.46  
 230 R	 36.58  
 231 S	 26.60  
 232 I	 3.83  
 233 S	 37.16  
 234 R	 29.05  
 235 P	 33.44  
 236 R	 46.27  
 237 S	 32.55  
 238 S	 41.68  
 239 R	 49.72  
 240 S	 36.61  
 241 K	 49.10  
 242 S	 38.96  
 243 R	 57.22  
 244 S	 36.50  
 245 P	 54.24  
 246 S	 44.28  
 247 P	 39.19  
 248 K	 68.30  
 249 R	 40.46  
 250 S	 43.14  
 251 R	 57.53  
 252 S	 25.35  
 253 P	 41.41  
 254 S	 53.82  
 255 G	 48.89  
 256 S	 23.13  
 257 P	 30.36  
 258 H	 37.72  
 259 R	 36.98  
 260 S	 30.02  
 261 A	 29.12  
 262 S	 28.65  
 263 P	 32.69  
 264 E	 59.13  
 265 R	 37.64  
 266 M	 7.36  
 267 D	 62.68  
