 1 M	 5.72  
 2 T	 39.36  
 3 N	 22.61  
 4 M	 2.98  
 5 S	 22.95  
 6 W	 5.15  
 7 S	 11.76  
 8 F	 7.03  
 9 L	 1.96  
 10 T	 19.77  
 11 R	 39.15  
 12 L	 6.26  
 13 L	 5.10  
 14 E	 60.54  
 15 E	 49.90  
 16 I	 2.62  
 17 H	 29.27  
 18 N	 36.14  
 19 H	 17.66  
 20 S	 28.94  
 21 T	 18.13  
 22 F	 8.37  
 23 V	 8.00  
 24 G	 18.01  
 25 K	 25.57  
 26 V	 4.10  
 27 W	 6.98  
 28 L	 2.38  
 29 T	 8.97  
 30 V	 3.41  
 31 L	 1.98  
 32 V	 3.12  
 33 V	 2.03  
 34 F	 3.26  
 35 R	 13.39  
 36 I	 1.70  
 37 V	 3.20  
 38 L	 2.07  
 39 T	 14.38  
 40 A	 8.19  
 41 V	 9.49  
 42 G	 31.52  
 43 G	 20.91  
 44 E	 28.21  
 45 S	 30.05  
 46 I	 3.12  
 47 Y	 21.24  
 48 S	 32.76  
 49 D	 40.77  
 50 E	 51.30  
 51 Q	 57.84  
 52 S	 27.91  
 53 K	 44.37  
 54 F	 13.10  
 55 T	 14.48  
 56 C	 5.72  
 57 N	 34.93  
 58 T	 32.59  
 59 R	 27.06  
 60 Q	 36.38  
 61 P	 41.93  
 62 G	 24.07  
 63 C	 4.35  
 64 D	 57.42  
 65 N	 29.81  
 66 V	 1.72  
 67 C	 2.97  
 68 Y	 13.16  
 69 D	 30.04  
 70 A	 3.97  
 71 F	 7.03  
 72 A	 13.07  
 73 P	 28.13  
 74 L	 5.05  
 75 S	 20.91  
 76 H	 23.58  
 77 V	 4.92  
 78 R	 17.81  
 79 F	 6.75  
 80 W	 4.58  
 81 V	 2.02  
 82 F	 2.75  
 83 Q	 20.25  
 84 I	 1.49  
 85 V	 1.86  
 86 V	 2.82  
 87 I	 2.35  
 88 S	 23.74  
 89 T	 14.41  
 90 P	 20.38  
 91 S	 21.43  
 92 V	 2.85  
 93 M	 2.41  
 94 Y	 8.53  
 95 L	 1.98  
 96 G	 7.29  
 97 Y	 11.67  
 98 A	 6.72  
 99 V	 1.71  
 100 H	 15.74  
 101 R	 24.36  
 102 L	 1.98  
 103 A	 12.63  
 104 R	 43.15  
 105 A	 16.29  
 106 S	 33.97  
 107 E	 56.32  
 108 Q	 47.18  
 109 E	 44.07  
 110 R	 32.83  
 111 R	 27.72  
 112 R	 44.16  
 113 A	 12.01  
 114 L	 4.08  
 115 R	 31.42  
 116 R	 50.42  
 117 R	 27.80  
 118 P	 46.85  
 119 G	 30.00  
 120 T	 18.46  
 121 R	 44.01  
 122 R	 49.21  
 123 L	 2.80  
 124 P	 27.96  
 125 R	 39.29  
 126 A	 17.20  
 127 Q	 56.64  
 128 L	 7.21  
 129 P	 27.54  
 130 P	 63.72  
 131 P	 45.86  
 132 P	 45.90  
 133 P	 64.35  
 134 G	 55.08  
 135 W	 8.05  
 136 P	 34.68  
 137 D	 56.59  
 138 T	 20.38  
 139 T	 36.29  
 140 D	 55.56  
 141 L	 6.66  
 142 G	 34.57  
 143 E	 58.10  
 144 A	 26.52  
 145 E	 28.68  
 146 P	 33.66  
 147 I	 2.37  
 148 L	 6.96  
 149 A	 17.41  
 150 L	 7.12  
 151 E	 58.77  
 152 E	 68.50  
 153 D	 60.31  
 154 E	 71.28  
 155 D	 77.28  
 156 E	 65.13  
 157 E	 62.45  
 158 P	 42.05  
 159 G	 57.98  
 160 A	 15.08  
 161 P	 53.65  
 162 E	 76.98  
 163 G	 34.16  
 164 P	 41.14  
 165 G	 57.16  
 166 E	 65.96  
 167 D	 66.39  
 168 T	 40.78  
 169 E	 70.90  
 170 E	 55.67  
 171 E	 51.46  
 172 R	 46.70  
 173 A	 22.18  
 174 E	 60.27  
 175 D	 34.08  
 176 V	 4.14  
 177 A	 18.77  
 178 A	 15.75  
 179 K	 48.64  
 180 G	 34.94  
 181 G	 35.88  
 182 G	 39.42  
 183 G	 43.71  
 184 D	 59.70  
 185 G	 30.70  
 186 K	 42.77  
 187 T	 26.24  
 188 V	 5.27  
 189 V	 6.91  
 190 T	 20.42  
 191 P	 34.85  
 192 G	 18.48  
 193 P	 34.13  
 194 A	 35.87  
 195 G	 28.61  
 196 Q	 33.34  
 197 H	 38.28  
 198 D	 44.39  
 199 G	 23.91  
 200 R	 30.66  
 201 R	 45.65  
 202 R	 28.20  
 203 I	 4.25  
 204 Q	 35.24  
 205 R	 37.26  
 206 E	 40.06  
 207 G	 27.28  
 208 L	 1.37  
 209 M	 3.91  
 210 R	 22.97  
 211 V	 2.54  
 212 Y	 4.62  
 213 V	 2.21  
 214 A	 4.55  
 215 Q	 25.42  
 216 L	 2.51  
 217 V	 1.50  
 218 V	 4.72  
 219 R	 16.84  
 220 A	 12.61  
 221 A	 7.20  
 222 F	 8.29  
 223 E	 28.36  
 224 V	 3.54  
 225 A	 5.71  
 226 F	 7.39  
 227 L	 2.81  
 228 V	 3.47  
 229 G	 16.74  
 230 Q	 20.44  
 231 Y	 7.86  
 232 L	 1.98  
 233 L	 3.15  
 234 Y	 19.71  
 235 G	 16.53  
 236 F	 5.59  
 237 E	 50.15  
 238 V	 7.33  
 239 P	 16.88  
 240 P	 42.01  
 241 F	 5.06  
 242 F	 9.15  
 243 A	 7.25  
 244 C	 2.66  
 245 S	 30.44  
 246 R	 44.32  
 247 Q	 27.88  
 248 P	 32.28  
 249 C	 2.49  
 250 P	 29.95  
 251 H	 38.66  
 252 V	 2.04  
 253 V	 4.89  
 254 D	 21.03  
 255 C	 2.16  
 256 F	 4.90  
 257 V	 6.28  
 258 S	 16.58  
 259 R	 36.54  
 260 P	 37.09  
 261 T	 49.34  
 262 E	 49.79  
 263 K	 53.09  
 264 T	 15.40  
 265 V	 4.75  
 266 F	 5.45  
 267 L	 2.83  
 268 L	 1.09  
 269 V	 2.57  
 270 M	 1.80  
 271 Y	 7.10  
 272 V	 1.06  
 273 V	 1.52  
 274 S	 7.42  
 275 C	 1.79  
 276 L	 1.47  
 277 C	 2.70  
 278 L	 3.83  
 279 L	 2.65  
 280 L	 2.72  
 281 N	 42.49  
 282 L	 2.36  
 283 C	 3.06  
 284 E	 42.44  
 285 M	 2.51  
 286 A	 3.42  
 287 H	 21.08  
 288 L	 4.38  
 289 G	 20.37  
 290 L	 6.53  
 291 G	 21.09  
 292 S	 28.00  
 293 A	 14.96  
 294 Q	 40.67  
 295 D	 46.90  
 296 A	 4.84  
 297 V	 10.04  
 298 R	 34.32  
 299 G	 19.62  
 300 R	 24.24  
 301 R	 48.10  
 302 G	 23.63  
 303 A	 8.32  
 304 S	 22.83  
 305 A	 18.86  
 306 A	 23.40  
 307 G	 27.67  
 308 P	 40.64  
 309 G	 37.48  
 310 P	 42.22  
 311 T	 37.53  
 312 P	 50.33  
 313 R	 59.85  
 314 P	 38.09  
 315 P	 37.57  
 316 P	 25.42  
 317 C	 8.22  
 318 A	 21.16  
 319 F	 5.57  
 320 P	 11.49  
 321 A	 11.86  
 322 A	 9.70  
 323 A	 12.27  
 324 A	 14.60  
 325 G	 14.74  
 326 L	 3.67  
 327 A	 11.67  
 328 C	 6.38  
 329 P	 21.13  
 330 P	 53.72  
 331 D	 30.69  
 332 Y	 15.07  
 333 S	 23.28  
 334 L	 3.17  
 335 V	 1.94  
 336 V	 4.12  
 337 R	 22.17  
 338 A	 11.32  
 339 A	 9.02  
 340 E	 45.98  
 341 R	 25.33  
 342 A	 12.43  
 343 R	 38.38  
 344 A	 15.04  
 345 H	 31.47  
 346 D	 37.77  
 347 Q	 36.65  
 348 N	 47.37  
 349 L	 2.51  
 350 A	 19.28  
 351 N	 29.07  
 352 L	 4.13  
 353 A	 9.46  
 354 L	 3.27  
 355 Q	 32.51  
 356 A	 12.86  
 357 L	 3.11  
 358 R	 43.25  
 359 D	 52.51  
 360 G	 14.70  
 361 A	 11.76  
 362 A	 9.30  
 363 V	 3.31  
 364 A	 9.45  
 365 A	 6.81  
 366 V	 3.32  
 367 S	 21.52  
 368 A	 14.84  
 369 D	 47.62  
 370 R	 46.12  
 371 D	 67.07  
 372 S	 31.47  
 373 P	 32.07  
 374 P	 25.25  
 375 C	 5.50  
 376 A	 31.14  
 377 G	 26.61  
 378 L	 1.78  
 379 N	 40.01  
 380 A	 16.40  
 381 T	 20.20  
 382 S	 26.72  
 383 R	 40.72  
 384 G	 39.43  
 385 A	 6.39  
 386 P	 34.02  
 387 R	 38.90  
 388 V	 7.50  
 389 G	 27.03  
 390 G	 18.40  
 391 L	 2.56  
 392 A	 14.80  
 393 S	 41.76  
 394 G	 28.61  
 395 T	 26.01  
 396 G	 20.86  
 397 S	 28.36  
 398 A	 13.71  
 399 T	 29.60  
 400 S	 34.64  
 401 G	 31.28  
 402 G	 19.59  
 403 T	 28.94  
 404 V	 10.06  
 405 G	 27.36  
 406 E	 40.84  
 407 Q	 38.52  
 408 S	 35.82  
 409 R	 33.11  
 410 P	 47.95  
 411 G	 38.49  
 412 A	 16.66  
 413 Q	 44.90  
 414 E	 47.21  
 415 Q	 25.07  
 416 L	 6.86  
 417 A	 17.17  
 418 T	 50.61  
 419 K	 27.22  
 420 P	 27.31  
 421 R	 53.81  
 422 A	 34.10  
 423 G	 37.30  
 424 S	 34.84  
 425 E	 61.59  
 426 K	 60.91  
 427 G	 26.79  
 428 S	 40.43  
 429 T	 48.09  
 430 G	 23.52  
 431 S	 27.56  
 432 R	 59.03  
 433 D	 65.72  
 434 G	 22.01  
 435 K	 45.21  
 436 A	 16.96  
 437 T	 21.62  
 438 V	 5.31  
 439 W	 6.04  
 440 I	 3.34  
