 1 M	 8.10  
 2 S	 42.95  
 3 E	 63.04  
 4 G	 15.78  
 5 V	 4.80  
 6 D	 49.08  
 7 L	 3.35  
 8 I	 2.34  
 9 D	 34.83  
 10 I	 2.12  
 11 Y	 12.30  
 12 A	 20.34  
 13 D	 38.70  
 14 E	 57.21  
 15 E	 50.90  
 16 F	 10.54  
 17 N	 48.29  
 18 Q	 62.01  
 19 D	 51.76  
 20 S	 34.03  
 21 E	 61.76  
 22 F	 11.20  
 23 N	 46.57  
 24 N	 50.80  
 25 T	 30.31  
 26 D	 45.63  
 27 Q	 29.11  
 28 I	 4.36  
 29 D	 33.28  
 30 L	 5.58  
 31 Y	 13.32  
 32 D	 47.00  
 33 D	 24.62  
 34 V	 4.71  
 35 L	 3.29  
 36 T	 21.74  
 37 A	 10.85  
 38 A	 11.94  
 39 S	 39.91  
 40 Q	 36.47  
 41 P	 36.91  
 42 S	 44.50  
 43 D	 63.12  
 44 D	 57.61  
 45 R	 43.35  
 46 S	 35.32  
 47 S	 42.02  
 48 S	 37.73  
 49 T	 55.23  
 50 E	 58.73  
 51 P	 46.95  
 52 P	 39.33  
 53 P	 51.22  
 54 P	 39.43  
 55 V	 14.05  
 56 R	 40.70  
 57 Q	 62.35  
 58 E	 32.63  
 59 P	 45.59  
 60 A	 24.81  
 61 P	 64.45  
 62 K	 63.58  
 63 P	 48.87  
 64 N	 69.61  
 65 N	 59.09  
 66 K	 63.63  
 67 T	 21.78  
 68 P	 20.93  
 69 A	 15.06  
 70 I	 2.96  
 71 L	 2.58  
 72 Y	 9.49  
 73 T	 14.04  
 74 Y	 6.28  
 75 S	 24.45  
 76 G	 18.07  
 77 L	 3.55  
 78 R	 31.48  
 79 S	 31.03  
 80 R	 26.31  
 81 R	 28.30  
 82 A	 10.52  
 83 A	 7.43  
 84 V	 3.77  
 85 Y	 8.38  
 86 V	 4.10  
 87 G	 12.80  
 88 S	 13.18  
 89 F	 6.11  
 90 S	 24.33  
 91 W	 8.40  
 92 W	 6.55  
 93 T	 17.78  
 94 T	 20.35  
 95 D	 27.18  
 96 Q	 37.58  
 97 Q	 43.26  
 98 L	 2.16  
 99 I	 2.39  
 100 Q	 32.93  
 101 V	 2.88  
 102 I	 1.31  
 103 R	 24.30  
 104 S	 16.75  
 105 I	 2.88  
 106 G	 17.12  
 107 V	 3.34  
 108 Y	 9.60  
 109 D	 35.26  
 110 V	 1.65  
 111 V	 6.96  
 112 E	 46.20  
 113 L	 3.60  
 114 K	 29.08  
 115 F	 18.86  
 116 A	 16.15  
 117 E	 50.83  
 118 N	 44.96  
 119 R	 22.42  
 120 A	 35.77  
 121 N	 45.88  
 122 G	 31.96  
 123 Q	 41.60  
 124 S	 29.46  
 125 K	 48.31  
 126 G	 31.93  
 127 Y	 11.88  
 128 A	 16.27  
 129 E	 27.62  
 130 V	 2.98  
 131 V	 1.93  
 132 V	 6.15  
 133 A	 10.26  
 134 S	 26.21  
 135 E	 43.73  
 136 N	 47.00  
 137 S	 22.88  
 138 V	 7.52  
 139 H	 18.18  
 140 K	 53.24  
 141 L	 2.44  
 142 L	 5.34  
 143 E	 59.71  
 144 L	 7.64  
 145 L	 3.71  
 146 P	 53.86  
 147 G	 32.45  
 148 K	 41.43  
 149 V	 6.60  
 150 L	 8.53  
 151 N	 60.61  
 152 G	 31.76  
 153 E	 49.16  
 154 K	 45.17  
 155 V	 7.76  
 156 D	 41.60  
 157 V	 9.89  
 158 R	 15.63  
 159 P	 37.52  
 160 A	 12.59  
 161 T	 35.16  
 162 R	 26.04  
 163 Q	 51.35  
 164 N	 38.07  
 165 L	 3.01  
 166 S	 40.13  
 167 Q	 43.28  
 168 F	 8.25  
 169 E	 32.03  
 170 A	 15.04  
 171 Q	 34.21  
 172 A	 26.47  
 173 R	 26.87  
 174 K	 56.41  
 175 R	 36.67  
 176 E	 40.16  
 177 C	 2.48  
 178 V	 6.23  
 179 R	 44.36  
 180 V	 1.57  
 181 P	 20.73  
 182 R	 53.78  
 183 G	 32.10  
 184 G	 30.43  
 185 I	 4.77  
 186 P	 18.66  
 187 P	 44.14  
 188 R	 39.31  
 189 A	 15.69  
 190 H	 25.33  
 191 S	 36.48  
 192 R	 37.65  
 193 D	 56.35  
 194 S	 34.63  
 195 S	 39.61  
 196 D	 52.36  
 197 S	 30.15  
 198 A	 28.41  
 199 D	 51.57  
 200 G	 22.34  
 201 R	 35.52  
 202 A	 29.41  
 203 T	 26.45  
 204 P	 38.37  
 205 S	 34.46  
 206 E	 56.65  
 207 N	 51.15  
 208 L	 5.42  
 209 V	 6.96  
 210 P	 26.23  
 211 S	 29.20  
 212 S	 17.64  
 213 A	 21.61  
 214 R	 38.83  
 215 V	 12.72  
 216 D	 52.79  
 217 K	 56.84  
 218 P	 23.18  
 219 P	 42.69  
 220 S	 44.83  
 221 V	 8.44  
 222 L	 3.14  
 223 P	 29.52  
 224 Y	 14.88  
 225 F	 6.21  
 226 N	 50.10  
 227 R	 34.31  
 228 P	 28.44  
 229 P	 29.06  
 230 S	 45.16  
 231 A	 20.97  
 232 L	 3.82  
 233 P	 21.73  
 234 L	 4.41  
 235 M	 4.97  
 236 G	 42.59  
 237 L	 3.42  
 238 P	 33.35  
 239 P	 52.95  
 240 P	 37.20  
 241 P	 58.45  
 242 I	 11.17  
 243 P	 40.91  
 244 P	 55.54  
 245 P	 37.47  
 246 P	 48.51  
 247 P	 51.12  
 248 L	 10.79  
 249 S	 29.70  
 250 S	 37.05  
 251 S	 23.73  
 252 F	 14.28  
 253 G	 32.73  
 254 V	 6.40  
 255 P	 35.74  
 256 P	 52.18  
 257 P	 41.47  
 258 P	 45.59  
 259 P	 61.21  
 260 G	 25.69  
 261 I	 3.18  
 262 H	 23.32  
 263 Y	 8.84  
 264 Q	 14.74  
 265 H	 19.54  
 266 L	 3.04  
 267 M	 4.37  
 268 P	 44.60  
 269 P	 37.25  
 270 P	 22.29  
 271 P	 57.10  
 272 R	 66.65  
 273 L	 10.76  
 274 P	 18.62  
 275 P	 39.45  
 276 H	 25.20  
 277 L	 6.74  
 278 A	 14.56  
 279 V	 10.34  
 280 P	 24.62  
 281 P	 33.10  
 282 P	 38.48  
 283 G	 41.74  
 284 A	 19.52  
 285 I	 5.35  
 286 P	 13.94  
 287 P	 41.14  
 288 A	 11.40  
 289 L	 6.10  
 290 H	 26.18  
 291 L	 9.50  
 292 N	 18.33  
 293 P	 36.48  
 294 A	 20.03  
 295 F	 11.29  
 296 F	 10.89  
 297 P	 36.66  
 298 P	 29.62  
 299 P	 43.24  
 300 N	 54.76  
 301 A	 14.94  
 302 T	 32.41  
 303 V	 11.43  
 304 G	 25.33  
 305 P	 32.68  
 306 P	 33.21  
 307 P	 50.11  
 308 D	 57.13  
 309 T	 31.15  
 310 Y	 12.19  
 311 M	 2.95  
 312 K	 28.86  
 313 A	 11.34  
 314 S	 25.13  
 315 T	 34.35  
 316 P	 25.98  
 317 Y	 27.50  
 318 N	 23.14  
 319 H	 22.35  
 320 H	 32.08  
 321 G	 19.47  
 322 S	 28.67  
 323 R	 46.86  
 324 D	 60.69  
 325 S	 52.68  
 326 G	 42.92  
 327 P	 41.39  
 328 P	 38.71  
 329 P	 45.85  
 330 S	 47.41  
 331 T	 33.55  
 332 V	 5.97  
 333 S	 31.04  
 334 E	 48.13  
 335 A	 21.19  
 336 E	 49.92  
 337 F	 15.28  
 338 E	 37.81  
 339 E	 54.42  
 340 I	 2.88  
 341 M	 3.64  
 342 K	 52.78  
 343 R	 22.08  
 344 N	 32.02  
 345 R	 37.01  
 346 A	 15.01  
 347 I	 3.56  
 348 S	 19.77  
 349 S	 20.06  
 350 S	 23.88  
 351 A	 16.42  
 352 I	 4.72  
 353 S	 17.80  
 354 K	 46.85  
 355 A	 8.23  
 356 V	 6.61  
 357 S	 33.24  
 358 G	 19.56  
 359 A	 6.68  
 360 S	 35.99  
 361 A	 17.84  
 362 G	 31.71  
 363 D	 39.21  
 364 Y	 13.92  
 365 S	 25.88  
 366 D	 45.39  
 367 A	 8.79  
 368 I	 5.09  
 369 E	 34.81  
 370 T	 22.43  
 371 L	 2.31  
 372 L	 3.87  
 373 T	 21.09  
 374 A	 6.42  
 375 I	 2.37  
 376 A	 8.43  
 377 V	 4.61  
 378 I	 2.19  
 379 K	 35.31  
 380 Q	 25.91  
 381 S	 24.58  
 382 R	 29.13  
 383 V	 7.65  
 384 A	 19.35  
 385 N	 49.14  
 386 D	 34.67  
 387 E	 54.19  
 388 R	 19.19  
 389 C	 3.12  
 390 R	 32.28  
 391 V	 6.79  
 392 L	 1.30  
 393 I	 2.11  
 394 S	 26.00  
 395 S	 32.23  
 396 L	 4.30  
 397 K	 48.63  
 398 D	 45.57  
 399 C	 2.63  
 400 L	 6.26  
 401 H	 41.33  
 402 G	 13.39  
 403 I	 3.03  
 404 E	 55.42  
 405 A	 12.27  
 406 K	 36.82  
 407 S	 29.68  
 408 Y	 13.48  
 409 S	 22.59  
 410 V	 5.88  
 411 G	 14.21  
 412 A	 14.46  
 413 S	 33.02  
 414 G	 30.89  
 415 S	 23.73  
 416 S	 37.37  
 417 S	 43.44  
 418 R	 41.81  
 419 K	 55.28  
 420 R	 29.37  
 421 H	 34.79  
 422 R	 41.25  
 423 S	 32.16  
 424 R	 43.22  
 425 E	 59.77  
 426 R	 53.40  
 427 S	 23.60  
 428 P	 39.73  
 429 S	 44.10  
 430 R	 43.02  
 431 S	 44.74  
 432 R	 46.86  
 433 E	 55.07  
 434 S	 28.21  
 435 S	 28.69  
 436 R	 47.94  
 437 R	 31.01  
 438 H	 26.88  
 439 R	 34.17  
 440 D	 47.67  
 441 L	 5.45  
 442 L	 4.83  
 443 H	 42.82  
 444 N	 53.48  
 445 E	 45.75  
 446 D	 59.54  
 447 R	 29.02  
 448 H	 44.61  
 449 D	 53.88  
 450 D	 39.77  
 451 Y	 17.14  
 452 F	 8.60  
 453 Q	 42.38  
 454 E	 41.86  
 455 R	 36.40  
 456 N	 53.60  
 457 R	 53.52  
 458 E	 54.36  
 459 H	 33.87  
 460 E	 45.49  
 461 R	 31.86  
 462 H	 32.77  
 463 R	 51.40  
 464 D	 51.14  
 465 R	 40.58  
 466 E	 64.32  
 467 R	 47.35  
 468 D	 49.89  
 469 R	 35.68  
 470 H	 34.99  
 471 H	 40.03  
