 1 M	 7.29  
 2 S	 41.27  
 3 R	 51.41  
 4 S	 21.59  
 5 P	 44.46  
 6 D	 72.08  
 7 A	 22.11  
 8 K	 70.77  
 9 E	 70.08  
 10 D	 52.41  
 11 P	 25.54  
 12 V	 21.40  
 13 E	 35.49  
 14 C	 2.95  
 15 P	 18.32  
 16 L	 7.03  
 17 C	 1.43  
 18 M	 8.61  
 19 E	 45.82  
 20 P	 14.38  
 21 L	 6.00  
 22 E	 55.90  
 23 I	 8.32  
 24 D	 41.17  
 25 D	 43.31  
 26 I	 4.26  
 27 N	 39.23  
 28 F	 8.05  
 29 F	 4.14  
 30 P	 14.36  
 31 C	 4.09  
 32 T	 14.81  
 33 C	 6.43  
 34 G	 10.14  
 35 Y	 9.24  
 36 Q	 17.37  
 37 I	 1.05  
 38 C	 1.28  
 39 R	 31.24  
 40 F	 4.61  
 41 C	 1.22  
 42 W	 4.89  
 43 H	 19.23  
 44 R	 8.79  
 45 I	 3.43  
 46 R	 35.76  
 47 T	 45.34  
 48 D	 37.20  
 49 E	 53.22  
 50 N	 52.09  
 51 G	 26.97  
 52 L	 4.82  
 53 C	 1.81  
 54 P	 39.16  
 55 A	 12.54  
 56 C	 3.29  
 57 R	 45.12  
 58 K	 49.11  
 59 P	 30.47  
 60 Y	 23.45  
 61 P	 48.30  
 62 E	 71.44  
 63 D	 31.77  
 64 P	 23.20  
 65 A	 29.59  
 66 V	 8.42  
 67 Y	 14.70  
 68 K	 32.65  
 69 P	 21.40  
 70 L	 7.84  
 71 S	 44.03  
 72 Q	 56.73  
 73 E	 58.25  
 74 E	 42.43  
 75 L	 4.00  
 76 Q	 48.62  
 77 R	 55.24  
 78 I	 3.47  
 79 K	 62.33  
 80 N	 65.04  
 81 E	 57.54  
 82 K	 70.65  
 83 K	 57.45  
 84 Q	 64.73  
 85 K	 65.06  
 86 Q	 55.30  
 87 N	 59.06  
 88 E	 59.78  
 89 R	 55.01  
 90 K	 50.17  
 91 Q	 55.31  
 92 K	 51.76  
 93 I	 6.06  
 94 S	 35.54  
 95 E	 65.61  
 96 N	 52.05  
 97 R	 24.58  
 98 K	 55.33  
 99 H	 24.32  
 100 L	 4.22  
 101 A	 13.00  
 102 S	 19.47  
 103 V	 4.47  
 104 R	 22.01  
 105 V	 5.12  
 106 V	 4.74  
 107 Q	 26.51  
 108 K	 40.41  
 109 N	 25.09  
 110 L	 3.99  
 111 V	 4.84  
 112 F	 4.09  
 113 V	 2.32  
 114 V	 4.30  
 115 G	 17.82  
 116 L	 2.39  
 117 S	 13.81  
 118 Q	 49.83  
 119 R	 28.59  
 120 L	 5.00  
 121 A	 32.28  
 122 D	 44.47  
 123 P	 28.17  
 124 E	 62.11  
 125 V	 10.45  
 126 L	 3.57  
 127 K	 71.70  
 128 R	 25.73  
 129 P	 38.77  
 130 E	 58.49  
 131 Y	 21.95  
 132 F	 9.05  
 133 G	 24.39  
 134 K	 40.83  
 135 F	 14.25  
 136 G	 31.34  
 137 K	 44.78  
 138 I	 3.78  
 139 H	 21.97  
 140 K	 41.49  
 141 V	 3.02  
 142 V	 4.65  
 143 I	 4.53  
 144 N	 25.45  
 145 N	 35.22  
 146 S	 17.78  
 147 T	 28.07  
 148 S	 16.89  
 149 Y	 18.31  
 150 A	 15.78  
 151 G	 16.57  
 152 S	 24.64  
 153 Q	 67.89  
 154 G	 21.59  
 155 P	 21.05  
 156 S	 41.50  
 157 A	 11.00  
 158 S	 25.19  
 159 A	 11.52  
 160 Y	 7.28  
 161 V	 3.07  
 162 T	 10.68  
 163 Y	 5.58  
 164 I	 2.59  
 165 R	 24.47  
 166 S	 30.21  
 167 E	 37.14  
 168 D	 52.75  
 169 A	 8.56  
 170 L	 6.18  
 171 R	 31.22  
 172 A	 9.32  
 173 I	 2.36  
 174 Q	 24.91  
 175 C	 2.64  
 176 V	 3.15  
 177 N	 43.11  
 178 N	 13.94  
 179 V	 3.61  
 180 V	 3.36  
 181 V	 5.86  
 182 D	 29.28  
 183 G	 16.92  
 184 R	 32.21  
 185 T	 37.83  
 186 L	 4.14  
 187 K	 35.00  
 188 A	 17.07  
 189 S	 26.24  
 190 L	 9.38  
 191 G	 28.92  
 192 T	 25.96  
 193 T	 20.44  
 194 K	 44.06  
 195 Y	 5.64  
 196 C	 2.57  
 197 S	 18.81  
 198 Y	 14.90  
 199 F	 4.50  
 200 L	 2.73  
 201 K	 40.24  
 202 N	 28.09  
 203 M	 4.08  
 204 Q	 50.16  
 205 C	 3.04  
 206 P	 34.03  
 207 K	 62.20  
 208 P	 25.77  
 209 D	 35.62  
 210 C	 2.34  
 211 M	 5.34  
 212 Y	 15.96  
 213 L	 0.72  
 214 H	 15.67  
 215 E	 52.43  
 216 L	 7.94  
 217 G	 27.94  
 218 D	 55.79  
 219 E	 44.32  
 220 A	 17.10  
 221 A	 11.79  
 222 S	 40.26  
 223 F	 10.96  
 224 T	 34.74  
 225 K	 50.06  
 226 E	 56.49  
 227 E	 37.84  
 228 M	 3.29  
 229 Q	 50.68  
 230 A	 27.91  
 231 G	 15.87  
 232 K	 45.17  
 233 H	 25.45  
 234 Q	 59.46  
 235 E	 51.24  
 236 Y	 19.65  
 237 E	 40.25  
 238 Q	 40.57  
 239 K	 38.94  
 240 L	 6.28  
 241 L	 4.85  
 242 Q	 49.43  
 243 E	 54.78  
 244 L	 2.70  
 245 Y	 16.81  
 246 K	 55.18  
 247 L	 9.00  
 248 N	 25.89  
 249 P	 43.30  
 250 N	 49.54  
 251 F	 4.92  
 252 L	 6.77  
 253 Q	 29.27  
 254 L	 5.57  
 255 S	 20.12  
 256 T	 41.91  
 257 G	 23.46  
 258 S	 27.51  
 259 V	 14.90  
 260 D	 50.97  
 261 K	 68.61  
 262 N	 48.98  
 263 K	 64.98  
 264 N	 54.12  
 265 K	 49.44  
 266 V	 10.48  
 267 T	 21.64  
 268 P	 29.50  
 269 L	 3.10  
 270 Q	 42.99  
 271 R	 38.69  
 272 Y	 15.94  
 273 D	 48.47  
 274 T	 17.14  
 275 P	 29.86  
 276 I	 13.28  
 277 D	 59.00  
 278 K	 47.33  
 279 P	 39.35  
 280 S	 45.64  
 281 D	 63.22  
 282 S	 28.49  
 283 L	 5.33  
 284 S	 32.19  
 285 I	 6.36  
 286 G	 28.79  
 287 N	 53.64  
 288 G	 30.20  
 289 D	 56.45  
 290 N	 43.02  
 291 S	 28.35  
 292 Q	 51.37  
 293 Q	 40.68  
 294 I	 3.06  
 295 S	 26.41  
 296 N	 45.60  
 297 S	 35.75  
 298 D	 67.87  
 299 T	 26.03  
 300 P	 50.24  
 301 S	 52.73  
 302 P	 40.07  
 303 P	 39.67  
 304 P	 60.79  
 305 G	 48.64  
 306 L	 7.80  
 307 S	 39.70  
 308 K	 60.33  
 309 S	 42.88  
 310 N	 38.30  
 311 P	 32.29  
 312 V	 10.72  
 313 I	 2.37  
 314 P	 22.20  
 315 I	 4.24  
 316 S	 23.51  
 317 S	 35.56  
 318 S	 31.60  
 319 N	 34.77  
 320 H	 25.45  
 321 S	 29.63  
 322 A	 14.39  
 323 R	 48.12  
 324 S	 33.39  
 325 P	 26.25  
 326 F	 16.63  
 327 E	 50.02  
 328 G	 26.23  
 329 A	 9.62  
 330 V	 10.05  
 331 T	 29.41  
 332 E	 39.93  
 333 S	 18.72  
 334 Q	 37.61  
 335 S	 40.43  
 336 L	 3.55  
 337 F	 11.89  
 338 S	 36.62  
 339 D	 51.45  
 340 N	 34.35  
 341 F	 10.22  
 342 R	 51.08  
 343 H	 23.50  
 344 P	 44.00  
 345 N	 40.79  
 346 P	 44.30  
 347 I	 5.57  
 348 P	 24.49  
 349 S	 54.40  
 350 G	 36.53  
 351 L	 5.97  
 352 P	 31.82  
 353 P	 59.84  
 354 F	 9.65  
 355 P	 39.40  
 356 S	 55.84  
 357 S	 22.67  
 358 P	 46.53  
 359 Q	 68.91  
 360 T	 28.30  
 361 P	 25.66  
 362 S	 56.55  
 363 D	 57.48  
 364 W	 9.11  
 365 P	 24.55  
 366 T	 51.06  
 367 A	 11.46  
 368 P	 57.17  
 369 E	 54.21  
 370 P	 28.18  
 371 Q	 51.62  
 372 S	 35.84  
 373 L	 4.58  
 374 F	 9.52  
 375 T	 30.83  
 376 S	 25.96  
 377 E	 47.93  
 378 T	 30.28  
 379 I	 2.52  
 380 P	 27.62  
 381 V	 8.40  
 382 S	 17.14  
 383 S	 37.17  
 384 S	 23.91  
 385 T	 43.11  
 386 D	 37.12  
 387 W	 6.98  
 388 Q	 26.14  
 389 A	 10.66  
 390 A	 7.04  
 391 F	 10.51  
 392 G	 22.68  
 393 F	 7.48  
 394 G	 31.24  
 395 S	 31.91  
 396 S	 35.37  
 397 K	 72.13  
 398 Q	 48.87  
 399 P	 51.20  
 400 E	 62.76  
 401 D	 64.22  
 402 D	 47.21  
 403 L	 13.09  
 404 G	 31.72  
 405 F	 16.33  
 406 D	 40.95  
 407 P	 25.69  
 408 F	 14.71  
 409 D	 46.39  
 410 V	 5.96  
 411 T	 28.44  
 412 R	 23.30  
 413 K	 38.08  
 414 A	 12.51  
 415 L	 4.23  
 416 A	 17.89  
 417 D	 49.37  
 418 L	 4.54  
 419 I	 7.96  
 420 E	 48.01  
 421 K	 57.89  
 422 E	 33.22  
 423 L	 10.08  
 424 S	 20.87  
 425 V	 13.05  
 426 Q	 40.00  
 427 D	 61.27  
 428 Q	 16.64  
 429 P	 45.59  
 430 S	 35.53  
 431 L	 10.14  
 432 S	 30.39  
 433 P	 31.16  
 434 T	 38.40  
 435 S	 31.20  
 436 L	 5.11  
 437 Q	 43.12  
 438 N	 47.27  
 439 A	 10.23  
 440 S	 30.15  
 441 S	 23.57  
 442 H	 25.41  
 443 T	 27.99  
 444 T	 21.23  
 445 T	 27.77  
 446 A	 16.83  
 447 K	 64.64  
 448 G	 29.36  
 449 P	 32.82  
 450 G	 49.41  
 451 S	 29.52  
 452 G	 34.74  
 453 F	 6.25  
 454 L	 3.39  
 455 H	 17.09  
 456 S	 28.42  
 457 A	 13.50  
 458 A	 17.92  
 459 P	 26.38  
 460 T	 42.09  
 461 N	 35.74  
 462 A	 14.96  
 463 N	 49.45  
 464 S	 26.90  
 465 L	 6.19  
 466 N	 38.53  
 467 S	 35.80  
 468 T	 20.89  
 469 F	 4.82  
 470 S	 23.88  
 471 V	 8.69  
 472 L	 2.64  
 473 P	 22.58  
 474 Q	 56.33  
 475 R	 43.18  
 476 F	 4.73  
 477 P	 35.94  
 478 Q	 46.17  
 479 F	 8.43  
 480 Q	 32.68  
 481 Q	 29.35  
 482 H	 14.64  
 483 R	 22.78  
 484 A	 13.16  
 485 V	 4.72  
 486 Y	 12.24  
 487 N	 25.02  
 488 S	 14.73  
 489 F	 11.86  
 490 G	 27.88  
 491 F	 6.06  
 492 P	 34.07  
 493 G	 27.74  
 494 Q	 31.89  
 495 A	 10.38  
 496 A	 12.03  
 497 R	 40.85  
 498 Y	 9.12  
 499 P	 14.60  
 500 W	 5.04  
 501 M	 2.08  
 502 A	 13.86  
 503 F	 3.19  
 504 P	 25.63  
 505 R	 42.97  
 506 N	 35.80  
 507 S	 23.67  
 508 I	 2.00  
 509 M	 2.70  
 510 H	 23.08  
 511 L	 2.51  
 512 N	 18.78  
 513 H	 32.49  
 514 T	 27.36  
 515 A	 16.68  
 516 N	 41.35  
 517 P	 34.44  
 518 T	 40.11  
 519 S	 39.25  
 520 N	 43.37  
 521 S	 28.82  
 522 N	 45.83  
 523 F	 5.88  
 524 L	 9.53  
 525 D	 29.40  
 526 L	 8.46  
 527 N	 50.60  
 528 L	 9.47  
 529 P	 25.98  
 530 P	 51.75  
 531 Q	 40.29  
 532 H	 39.32  
 533 N	 30.51  
 534 T	 31.49  
 535 G	 27.87  
 536 L	 5.52  
 537 G	 33.07  
 538 G	 27.78  
 539 I	 1.80  
 540 P	 17.41  
 541 I	 7.90  
 542 A	 17.62  
 543 G	 43.50  
 544 E	 41.80  
 545 E	 68.14  
 546 E	 43.25  
 547 V	 9.32  
 548 K	 33.47  
 549 V	 7.51  
 550 S	 17.17  
 551 T	 26.29  
 552 M	 2.15  
 553 P	 24.21  
 554 L	 4.66  
 555 S	 21.89  
 556 A	 23.80  
 557 S	 25.80  
 558 S	 19.47  
 559 H	 29.99  
 560 S	 29.80  
 561 L	 3.54  
 562 Q	 48.66  
 563 Q	 57.88  
 564 G	 18.35  
 565 Q	 41.56  
 566 Q	 50.49  
 567 P	 18.96  
 568 T	 39.31  
 569 S	 25.49  
 570 L	 4.59  
 571 H	 21.18  
 572 T	 28.41  
 573 T	 12.04  
 574 V	 6.64  
 575 A	 16.17  
