 1 M	 8.51  
 2 A	 13.15  
 3 T	 35.57  
 4 R	 24.55  
 5 G	 22.44  
 6 H	 15.69  
 7 V	 8.43  
 8 Q	 55.56  
 9 D	 42.77  
 10 P	 27.77  
 11 N	 64.81  
 12 D	 42.33  
 13 R	 46.29  
 14 R	 37.60  
 15 L	 8.77  
 16 R	 17.48  
 17 P	 33.80  
 18 I	 3.10  
 19 Y	 10.96  
 20 D	 37.93  
 21 Y	 10.05  
 22 L	 3.63  
 23 D	 55.55  
 24 N	 53.12  
 25 G	 38.46  
 26 N	 51.72  
 27 N	 36.56  
 28 K	 33.44  
 29 M	 4.28  
 30 A	 9.69  
 31 I	 2.53  
 32 Q	 23.91  
 33 Q	 45.47  
 34 A	 10.26  
 35 D	 37.49  
 36 K	 59.75  
 37 L	 9.73  
 38 L	 9.52  
 39 K	 64.37  
 40 K	 56.72  
 41 H	 27.55  
 42 K	 71.51  
 43 D	 41.17  
 44 L	 4.22  
 45 H	 21.44  
 46 C	 5.22  
 47 A	 8.34  
 48 K	 54.19  
 49 V	 3.36  
 50 L	 2.82  
 51 K	 40.73  
 52 A	 9.27  
 53 I	 5.60  
 54 G	 22.18  
 55 L	 2.26  
 56 Q	 35.36  
 57 R	 50.95  
 58 T	 35.45  
 59 G	 31.66  
 60 K	 54.65  
 61 Q	 55.92  
 62 E	 55.57  
 63 E	 46.73  
 64 A	 11.28  
 65 F	 6.95  
 66 T	 28.38  
 67 L	 3.60  
 68 A	 10.63  
 69 Q	 49.13  
 70 E	 28.63  
 71 V	 2.22  
 72 A	 12.94  
 73 A	 20.03  
 74 L	 6.13  
 75 E	 41.23  
 76 P	 41.81  
 77 T	 46.76  
 78 D	 64.90  
 79 D	 49.44  
 80 N	 47.64  
 81 S	 28.93  
 82 L	 4.30  
 83 Q	 33.86  
 84 A	 16.38  
 85 L	 1.65  
 86 T	 16.38  
 87 I	 3.11  
 88 L	 2.51  
 89 Y	 10.73  
 90 R	 31.17  
 91 E	 26.28  
 92 M	 2.10  
 93 H	 37.07  
 94 R	 25.69  
 95 P	 25.29  
 96 E	 56.69  
 97 L	 7.03  
 98 V	 4.18  
 99 T	 28.14  
 100 K	 41.41  
 101 L	 3.22  
 102 Y	 12.70  
 103 E	 40.36  
 104 A	 12.19  
 105 A	 11.17  
 106 V	 8.75  
 107 K	 43.24  
 108 K	 57.22  
 109 V	 4.49  
 110 P	 47.73  
 111 N	 66.11  
 112 S	 26.24  
 113 E	 70.03  
 114 E	 48.65  
 115 Y	 12.45  
 116 H	 16.42  
 117 S	 22.45  
 118 H	 15.13  
 119 L	 3.35  
 120 F	 1.89  
 121 M	 3.33  
 122 A	 6.36  
 123 Y	 5.33  
 124 A	 7.08  
 125 R	 25.05  
 126 V	 5.34  
 127 G	 27.28  
 128 E	 51.85  
 129 Y	 15.24  
 130 K	 37.15  
 131 K	 40.83  
 132 M	 2.90  
 133 Q	 38.56  
 134 Q	 36.06  
 135 A	 7.88  
 136 G	 9.50  
 137 M	 2.32  
 138 A	 13.56  
 139 L	 3.12  
 140 Y	 6.80  
 141 K	 37.77  
 142 I	 3.97  
 143 V	 4.89  
 144 P	 33.89  
 145 K	 60.71  
 146 N	 24.60  
 147 P	 31.18  
 148 Y	 22.23  
 149 Y	 10.38  
 150 F	 3.02  
 151 W	 3.63  
 152 S	 9.69  
 153 V	 1.89  
 154 M	 1.94  
 155 S	 16.76  
 156 L	 1.72  
 157 I	 1.53  
 158 M	 2.87  
 159 Q	 30.53  
 160 S	 10.92  
 161 I	 1.78  
 162 S	 23.62  
 163 A	 22.67  
 164 R	 45.01  
 165 D	 49.18  
 166 E	 55.29  
 167 N	 54.63  
 168 L	 5.37  
 169 S	 37.35  
 170 K	 47.37  
 171 T	 15.13  
 172 M	 3.59  
 173 F	 8.43  
 174 L	 2.06  
 175 P	 20.47  
 176 L	 9.34  
 177 A	 10.62  
 178 E	 49.33  
 179 R	 28.92  
 180 M	 3.25  
 181 V	 8.83  
 182 E	 26.54  
 183 K	 37.27  
 184 M	 3.09  
 185 V	 10.20  
 186 K	 57.61  
 187 E	 53.80  
 188 D	 52.06  
 189 K	 43.46  
 190 I	 10.56  
 191 E	 46.31  
 192 A	 25.44  
 193 E	 32.35  
 194 A	 32.93  
 195 E	 28.20  
 196 V	 8.72  
 197 E	 23.66  
 198 L	 4.48  
 199 Y	 4.22  
 200 Y	 7.12  
 201 M	 1.46  
 202 I	 1.77  
 203 L	 1.46  
 204 E	 34.63  
 205 R	 45.34  
 206 L	 5.18  
 207 G	 32.61  
 208 K	 48.64  
 209 Y	 15.13  
 210 Q	 32.73  
 211 E	 48.38  
 212 A	 8.11  
 213 L	 5.48  
 214 D	 40.62  
 215 V	 3.15  
 216 I	 4.86  
 217 R	 35.72  
 218 G	 20.58  
 219 K	 43.39  
 220 L	 13.76  
 221 G	 33.22  
 222 E	 56.16  
 223 K	 56.09  
 224 L	 5.76  
 225 T	 35.07  
 226 S	 43.04  
 227 E	 39.55  
 228 I	 4.52  
 229 Q	 32.17  
 230 S	 47.42  
 231 R	 34.82  
 232 E	 67.31  
 233 N	 41.54  
 234 K	 22.19  
 235 C	 2.95  
 236 M	 2.28  
 237 A	 13.97  
 238 M	 1.69  
 239 Y	 8.74  
 240 K	 33.87  
 241 K	 40.27  
 242 L	 5.79  
 243 S	 41.37  
 244 K	 76.76  
 245 W	 7.19  
 246 P	 39.74  
 247 E	 39.01  
 248 C	 2.94  
 249 N	 42.10  
 250 A	 20.69  
 251 L	 2.26  
 252 S	 16.97  
 253 R	 33.83  
 254 R	 26.72  
 255 L	 6.80  
 256 L	 6.41  
 257 L	 6.13  
 258 K	 55.14  
 259 N	 51.11  
 260 S	 35.05  
 261 D	 71.24  
 262 D	 40.68  
 263 W	 8.65  
 264 Q	 24.89  
 265 F	 4.74  
 266 Y	 5.30  
 267 L	 3.10  
 268 T	 15.68  
 269 Y	 11.64  
 270 F	 4.81  
 271 D	 33.21  
 272 S	 17.16  
 273 V	 3.31  
 274 F	 6.44  
 275 R	 32.38  
 276 L	 3.82  
 277 I	 3.81  
 278 E	 46.37  
 279 E	 42.38  
 280 A	 11.58  
 281 W	 16.84  
 282 T	 26.83  
 283 P	 18.53  
 284 P	 35.25  
 285 A	 38.33  
 286 E	 71.53  
 287 G	 39.77  
 288 E	 23.08  
 289 H	 48.84  
 290 S	 24.66  
 291 L	 12.06  
 292 E	 57.21  
 293 G	 47.74  
 294 E	 21.51  
 295 V	 8.96  
 296 H	 8.77  
 297 C	 5.08  
 298 S	 21.58  
 299 A	 24.88  
 300 E	 30.15  
 301 D	 57.27  
 302 A	 9.63  
 303 V	 8.88  
 304 K	 42.20  
 305 F	 6.25  
 306 I	 4.45  
 307 E	 44.35  
 308 D	 42.33  
 309 R	 25.57  
 310 I	 6.71  
 311 T	 26.79  
 312 E	 43.91  
 313 A	 12.29  
 314 S	 25.10  
 315 Q	 53.10  
 316 S	 27.18  
 317 S	 20.83  
 318 R	 37.25  
 319 H	 18.64  
 320 V	 8.01  
 321 R	 46.96  
 322 G	 16.94  
 323 P	 14.57  
 324 H	 41.04  
 325 L	 5.17  
 326 A	 16.02  
 327 K	 49.18  
 328 L	 5.57  
 329 E	 41.25  
 330 L	 5.52  
 331 I	 1.43  
 332 R	 44.18  
 333 R	 27.71  
 334 L	 4.42  
 335 R	 25.73  
 336 S	 35.20  
 337 Q	 54.76  
 338 G	 17.28  
 339 C	 4.50  
 340 N	 52.56  
 341 D	 65.76  
 342 E	 30.49  
 343 Y	 17.87  
 344 K	 43.90  
 345 L	 10.34  
 346 G	 44.25  
 347 D	 58.85  
 348 P	 34.85  
 349 E	 69.38  
 350 E	 51.42  
 351 L	 3.87  
 352 M	 1.91  
 353 F	 9.23  
 354 Q	 28.87  
 355 Y	 13.19  
 356 F	 4.89  
 357 K	 42.11  
 358 K	 44.68  
 359 F	 18.45  
 360 G	 51.41  
 361 D	 55.65  
 362 K	 40.09  
 363 P	 25.50  
 364 C	 3.52  
 365 C	 5.81  
 366 F	 8.30  
 367 T	 26.89  
 368 D	 25.00  
 369 L	 4.65  
 370 K	 36.12  
 371 V	 8.00  
 372 F	 3.19  
 373 V	 5.93  
 374 D	 30.90  
 375 L	 5.33  
 376 L	 2.04  
 377 P	 32.61  
 378 A	 15.33  
 379 A	 11.75  
 380 Q	 32.66  
 381 C	 2.50  
 382 T	 17.90  
 383 Q	 44.86  
 384 F	 2.82  
 385 I	 2.00  
 386 N	 27.95  
 387 Q	 32.99  
 388 L	 3.77  
 389 L	 3.35  
 390 G	 27.28  
 391 V	 3.96  
 392 V	 3.61  
 393 P	 20.42  
 394 L	 6.35  
 395 S	 26.69  
 396 T	 41.74  
 397 P	 30.34  
 398 T	 57.83  
 399 E	 55.11  
 400 D	 54.47  
 401 K	 29.45  
 402 L	 10.28  
 403 A	 19.76  
 404 L	 5.35  
 405 P	 23.44  
 406 A	 26.22  
 407 D	 29.22  
 408 I	 4.01  
 409 R	 40.07  
 410 G	 28.33  
 411 L	 2.96  
 412 Q	 31.32  
 413 Q	 36.24  
 414 H	 14.29  
 415 L	 1.74  
 416 C	 2.36  
 417 V	 3.75  
 418 V	 3.63  
 419 Q	 19.40  
 420 L	 1.71  
 421 T	 11.37  
 422 R	 36.19  
 423 L	 3.61  
 424 L	 3.91  
 425 G	 28.87  
 426 L	 3.33  
 427 Y	 7.05  
 428 H	 22.99  
 429 S	 18.34  
 430 M	 4.85  
 431 D	 50.93  
 432 K	 46.26  
 433 S	 28.43  
 434 Q	 56.95  
 435 K	 54.46  
 436 L	 4.72  
 437 D	 50.64  
 438 V	 10.84  
 439 V	 3.88  
 440 K	 45.00  
 441 E	 28.00  
 442 L	 3.03  
 443 M	 1.78  
 444 L	 7.83  
 445 R	 18.33  
 446 Y	 10.82  
 447 Q	 20.10  
 448 H	 33.59  
 449 G	 16.04  
 450 L	 4.65  
 451 E	 51.12  
 452 F	 13.65  
 453 G	 15.94  
 454 R	 29.53  
 455 S	 24.95  
 456 C	 4.32  
 457 L	 8.96  
 458 K	 44.26  
 459 T	 29.04  
 460 E	 38.70  
 461 L	 8.24  
 462 Q	 29.57  
 463 F	 10.56  
 464 S	 16.25  
 465 D	 39.44  
 466 Y	 8.55  
 467 Y	 5.00  
 468 C	 1.72  
 469 L	 1.67  
 470 L	 4.11  
 471 A	 4.04  
 472 V	 3.02  
 473 H	 11.76  
 474 V	 3.94  
 475 L	 1.34  
 476 I	 3.79  
 477 D	 29.75  
 478 V	 4.04  
 479 W	 6.66  
 480 R	 24.60  
 481 E	 45.36  
 482 A	 23.32  
 483 G	 28.64  
 484 E	 60.26  
 485 E	 40.94  
 486 T	 23.39  
 487 A	 12.11  
 488 V	 5.20  
 489 W	 3.85  
 490 Q	 21.64  
 491 A	 6.18  
 492 L	 1.76  
 493 T	 32.11  
 494 L	 6.19  
 495 L	 4.79  
 496 E	 53.80  
 497 E	 60.52  
 498 G	 26.88  
 499 L	 4.39  
 500 T	 31.03  
 501 H	 42.63  
 502 S	 25.45  
 503 P	 24.81  
 504 S	 48.05  
 505 N	 40.94  
 506 A	 22.11  
 507 Q	 40.01  
 508 F	 5.82  
 509 K	 26.58  
 510 L	 4.76  
 511 L	 4.24  
 512 L	 3.35  
 513 V	 3.36  
 514 R	 17.71  
 515 I	 2.14  
 516 Y	 2.60  
 517 C	 1.57  
 518 V	 2.87  
 519 L	 3.51  
 520 G	 14.07  
 521 A	 11.06  
 522 F	 11.78  
 523 E	 36.33  
 524 P	 25.61  
 525 V	 4.05  
 526 V	 6.50  
 527 D	 39.87  
 528 L	 2.78  
 529 Y	 7.55  
 530 S	 31.55  
 531 S	 19.40  
 532 L	 6.45  
 533 D	 56.36  
 534 A	 15.60  
 535 K	 40.69  
 536 H	 27.02  
 537 I	 3.71  
 538 Q	 28.29  
 539 H	 33.31  
 540 D	 24.52  
 541 T	 17.74  
 542 I	 4.20  
 543 G	 14.77  
 544 Y	 8.49  
 545 L	 3.12  
 546 L	 1.61  
 547 T	 21.02  
 548 R	 21.04  
 549 Y	 10.98  
 550 A	 6.31  
 551 A	 9.06  
 552 S	 25.51  
 553 L	 4.20  
 554 G	 18.89  
 555 Q	 29.95  
 556 Y	 9.08  
 557 A	 6.67  
 558 A	 11.60  
 559 A	 10.42  
 560 S	 20.21  
 561 Q	 47.48  
 562 S	 14.45  
 563 C	 3.63  
 564 N	 30.39  
 565 F	 8.75  
 566 A	 5.48  
 567 L	 4.25  
 568 R	 28.84  
 569 F	 7.22  
 570 F	 5.09  
 571 H	 24.11  
 572 S	 35.48  
 573 N	 44.33  
 574 Q	 48.28  
 575 K	 68.19  
 576 D	 45.78  
 577 T	 30.41  
 578 S	 38.24  
 579 E	 42.73  
 580 Y	 11.77  
 581 I	 1.33  
 582 I	 1.55  
 583 Q	 29.13  
 584 A	 7.74  
 585 Y	 6.59  
 586 K	 39.98  
 587 Y	 10.87  
 588 G	 21.45  
 589 A	 13.31  
 590 F	 9.49  
 591 E	 49.93  
 592 K	 58.04  
 593 I	 2.88  
 594 P	 41.32  
 595 E	 53.83  
 596 F	 4.02  
 597 I	 3.18  
 598 A	 11.58  
 599 F	 6.42  
 600 R	 20.52  
 601 N	 46.46  
 602 R	 34.24  
 603 L	 8.98  
 604 N	 32.57  
 605 N	 51.01  
 606 S	 23.34  
 607 L	 4.13  
 608 H	 18.80  
 609 F	 6.53  
 610 A	 9.01  
 611 Q	 25.04  
 612 V	 7.99  
 613 R	 20.84  
 614 T	 29.14  
 615 E	 26.06  
 616 R	 22.04  
 617 M	 3.38  
 618 L	 4.16  
 619 L	 2.97  
 620 D	 31.17  
 621 L	 6.24  
 622 L	 3.97  
 623 L	 8.31  
 624 E	 39.37  
 625 A	 20.73  
 626 N	 21.11  
 627 I	 5.08  
 628 S	 13.11  
 629 I	 3.28  
 630 S	 18.09  
 631 L	 6.13  
 632 A	 11.16  
 633 E	 59.29  
 634 S	 29.70  
 635 I	 2.63  
 636 K	 53.59  
 637 S	 15.95  
 638 M	 4.68  
 639 N	 39.73  
 640 L	 7.86  
 641 R	 31.42  
 642 P	 53.12  
 643 E	 68.57  
 644 E	 63.29  
 645 D	 61.62  
 646 D	 52.22  
 647 V	 10.31  
 648 P	 35.42  
 649 W	 16.16  
 650 E	 40.89  
 651 D	 43.04  
 652 L	 5.13  
 653 R	 52.02  
 654 D	 62.91  
 655 N	 32.69  
 656 R	 50.59  
 657 D	 54.17  
 658 L	 5.66  
 659 D	 39.19  
 660 V	 7.30  
 661 F	 3.92  
 662 F	 7.88  
 663 S	 21.07  
 664 W	 22.29  
 665 D	 38.89  
 666 P	 33.90  
 667 K	 67.84  
 668 D	 53.42  
 669 R	 52.13  
 670 N	 52.37  
 671 V	 8.74  
 672 S	 40.59  
 673 E	 60.89  
 674 E	 54.20  
 675 H	 28.62  
 676 K	 59.70  
 677 K	 45.26  
 678 L	 9.36  
 679 S	 42.48  
 680 L	 16.21  
 681 E	 50.87  
 682 E	 65.15  
 683 E	 34.29  
 684 T	 19.54  
 685 M	 3.43  
 686 W	 7.01  
 687 L	 1.96  
 688 R	 13.53  
 689 I	 3.08  
 690 R	 21.12  
 691 S	 24.28  
 692 L	 3.62  
 693 T	 15.87  
 694 L	 5.21  
 695 R	 25.41  
 696 L	 4.04  
 697 I	 2.19  
 698 S	 38.58  
 699 G	 34.31  
 700 L	 1.76  
 701 P	 30.71  
 702 S	 51.44  
 703 L	 4.88  
 704 T	 28.59  
 705 H	 29.69  
 706 P	 27.25  
 707 V	 17.84  
 708 E	 55.82  
 709 P	 41.17  
 710 K	 60.65  
 711 N	 67.14  
 712 S	 44.73  
 713 E	 63.27  
 714 K	 47.77  
 715 M	 5.50  
 716 S	 38.69  
 717 E	 55.28  
 718 N	 49.19  
 719 G	 19.34  
 720 V	 7.67  
 721 S	 18.46  
 722 S	 30.74  
 723 R	 24.08  
 724 I	 4.11  
 725 D	 32.53  
 726 I	 1.93  
 727 L	 2.54  
 728 R	 24.51  
 729 L	 5.12  
 730 L	 3.07  
 731 L	 3.45  
 732 Q	 45.87  
 733 Q	 39.29  
 734 L	 3.54  
 735 E	 24.88  
 736 V	 11.13  
 737 A	 5.53  
 738 V	 9.04  
 739 E	 41.95  
 740 T	 41.21  
 741 G	 12.97  
 742 K	 52.10  
 743 R	 38.84  
 744 F	 10.89  
 745 I	 9.56  
 746 E	 41.76  
 747 K	 56.13  
 748 E	 23.64  
 749 I	 7.62  
 750 Q	 40.72  
 751 Y	 11.12  
 752 P	 11.12  
 753 F	 11.95  
 754 L	 7.01  
 755 G	 22.87  
 756 P	 30.94  
 757 V	 7.79  
 758 P	 19.88  
 759 T	 33.26  
 760 R	 21.35  
 761 M	 5.06  
 762 G	 21.69  
 763 R	 21.79  
 764 F	 6.04  
 765 F	 5.68  
 766 S	 24.10  
 767 S	 30.60  
 768 G	 18.28  
 769 C	 1.24  
 770 C	 5.31  
 771 Q	 25.42  
 772 C	 2.39  
 773 Q	 15.48  
 774 V	 7.28  
 775 Q	 17.94  
 776 S	 18.77  
 777 F	 2.63  
 778 H	 30.48  
 779 L	 3.57  
 780 V	 3.24  
 781 S	 24.03  
 782 D	 35.88  
 783 M	 1.87  
 784 Y	 20.52  
 785 E	 33.27  
 786 L	 4.86  
 787 D	 27.21  
 788 T	 37.00  
 789 S	 40.84  
 790 G	 29.82  
 791 L	 5.70  
 792 E	 57.24  
 793 G	 35.76  
 794 T	 12.96  
 795 V	 10.05  
 796 D	 36.37  
 797 I	 3.89  
 798 Q	 29.47  
 799 E	 56.83  
 800 R	 25.75  
 801 I	 6.06  
 802 E	 47.16  
 803 N	 39.70  
 804 S	 16.72  
 805 L	 5.90  
 806 A	 9.65  
 807 S	 38.49  
 808 L	 3.42  
 809 L	 3.95  
 810 E	 58.30  
 811 L	 6.38  
 812 L	 3.11  
 813 K	 66.70  
 814 G	 26.18  
 815 V	 3.07  
 816 F	 7.34  
 817 S	 30.41  
 818 T	 13.53  
 819 C	 4.49  
 820 K	 56.39  
 821 G	 32.71  
 822 D	 33.31  
 823 L	 6.31  
 824 L	 6.22  
 825 E	 51.15  
 826 V	 6.28  
 827 T	 28.90  
 828 D	 52.42  
 829 G	 31.31  
 830 N	 34.62  
 831 V	 9.68  
 832 K	 45.50  
 833 T	 35.19  
 834 Q	 20.45  
 835 P	 29.57  
 836 A	 14.54  
 837 V	 9.79  
 838 L	 3.82  
 839 E	 41.75  
 840 N	 37.03  
 841 L	 2.31  
 842 V	 5.43  
 843 F	 6.82  
 844 F	 3.65  
 845 V	 4.27  
 846 E	 34.96  
 847 T	 17.16  
 848 I	 1.64  
 849 S	 15.55  
 850 V	 3.54  
 851 I	 1.68  
 852 L	 3.28  
 853 W	 4.10  
 854 V	 2.15  
 855 S	 12.19  
 856 S	 24.96  
 857 Y	 7.85  
 858 C	 3.20  
 859 E	 35.33  
 860 S	 23.92  
 861 V	 2.16  
 862 L	 6.76  
 863 R	 30.28  
 864 P	 26.84  
 865 Y	 22.98  
 866 K	 37.43  
 867 L	 5.87  
 868 N	 30.41  
 869 I	 10.34  
 870 Q	 50.90  
 871 K	 63.86  
 872 K	 54.15  
 873 K	 76.49  
 874 K	 77.90  
 875 K	 77.33  
 876 K	 65.80  
 877 K	 75.10  
 878 E	 57.58  
 879 T	 33.82  
 880 S	 15.94  
 881 I	 4.00  
 882 I	 3.21  
 883 M	 2.85  
 884 P	 14.39  
 885 P	 19.56  
 886 I	 4.92  
 887 F	 6.04  
 888 T	 29.38  
 889 S	 15.34  
 890 F	 6.10  
 891 Q	 40.67  
 892 D	 37.55  
 893 Y	 6.79  
 894 V	 4.62  
 895 T	 26.41  
 896 G	 13.02  
 897 L	 2.56  
 898 Q	 34.76  
 899 T	 25.50  
 900 V	 2.66  
 901 I	 2.74  
 902 S	 17.88  
 903 N	 32.62  
 904 A	 11.00  
 905 V	 6.87  
 906 D	 35.07  
 907 H	 19.63  
 908 I	 3.07  
 909 K	 54.76  
 910 G	 28.31  
 911 L	 4.46  
 912 E	 42.59  
 913 A	 14.08  
 914 H	 14.37  
 915 L	 2.94  
 916 I	 2.14  
 917 A	 7.93  
 918 L	 5.21  
 919 R	 30.91  
 920 L	 6.62  
 921 E	 44.52  
 922 E	 52.20  
 923 L	 4.90  
 924 T	 35.09  
 925 L	 9.77  
 926 E	 54.73  
 927 E	 51.47  
 928 T	 23.22  
 929 S	 20.16  
 930 I	 8.46  
 931 S	 29.54  
 932 T	 39.95  
 933 E	 49.35  
 934 E	 62.35  
 935 R	 38.80  
 936 K	 58.21  
 937 F	 13.02  
 938 S	 30.38  
 939 K	 56.71  
 940 T	 19.50  
 941 V	 8.97  
 942 Q	 51.74  
 943 G	 27.97  
 944 K	 21.73  
 945 V	 9.49  
 946 Q	 30.10  
 947 S	 24.76  
 948 S	 18.02  
 949 Y	 17.43  
 950 L	 2.09  
 951 H	 14.25  
 952 S	 31.86  
 953 L	 3.31  
 954 L	 6.58  
 955 E	 61.12  
 956 T	 35.61  
 957 G	 17.74  
 958 E	 52.64  
 959 L	 6.24  
 960 L	 5.44  
 961 R	 34.37  
 962 K	 62.39  
 963 R	 31.18  
 964 L	 8.43  
 965 E	 59.47  
 966 T	 48.81  
 967 T	 19.46  
 968 K	 64.63  
 969 K	 53.58  
 970 L	 6.85  
 971 K	 56.07  
 972 I	 11.20  
