 1 M	 13.28  
 2 D	 50.61  
 3 S	 26.63  
 4 E	 44.20  
 5 Y	 13.59  
 6 Y	 11.35  
 7 S	 34.68  
 8 G	 22.36  
 9 D	 38.58  
 10 Q	 52.89  
 11 S	 42.27  
 12 D	 53.60  
 13 D	 63.77  
 14 G	 32.40  
 15 G	 33.02  
 16 A	 17.79  
 17 T	 27.54  
 18 P	 22.65  
 19 V	 11.00  
 20 Q	 48.31  
 21 D	 53.80  
 22 E	 41.10  
 23 R	 52.24  
 24 D	 56.13  
 25 S	 46.55  
 26 G	 33.76  
 27 S	 46.52  
 28 D	 68.94  
 29 G	 36.27  
 30 E	 57.49  
 31 D	 63.49  
 32 G	 24.76  
 33 V	 9.12  
 34 T	 35.14  
 35 E	 43.84  
 36 Q	 27.04  
 37 H	 28.09  
 38 S	 39.42  
 39 G	 27.67  
 40 S	 34.71  
 41 D	 59.62  
 42 T	 32.81  
 43 G	 30.57  
 44 S	 26.85  
 45 V	 9.57  
 46 D	 35.16  
 47 H	 24.98  
 48 H	 32.13  
 49 S	 38.40  
 50 E	 55.52  
 51 N	 61.94  
 52 E	 45.71  
 53 T	 47.73  
 54 S	 28.61  
 55 D	 66.46  
 56 R	 43.61  
 57 E	 62.51  
 58 D	 59.30  
 59 G	 23.84  
 60 L	 7.30  
 61 A	 17.81  
 62 K	 49.92  
 63 I	 2.25  
 64 H	 26.43  
 65 N	 59.54  
 66 G	 19.41  
 67 T	 41.49  
 68 D	 56.18  
 69 S	 37.83  
 70 E	 72.08  
 71 N	 64.00  
 72 D	 66.20  
 73 E	 63.31  
 74 P	 35.43  
 75 S	 46.67  
 76 N	 48.18  
 77 A	 19.80  
 78 N	 44.20  
 79 A	 16.59  
 80 S	 41.29  
 81 D	 54.75  
 82 S	 40.29  
 83 E	 68.13  
 84 S	 40.08  
 85 E	 61.60  
 86 E	 60.19  
 87 L	 3.49  
 88 H	 47.48  
 89 R	 53.22  
 90 P	 33.77  
 91 K	 70.58  
 92 D	 61.43  
 93 S	 45.18  
 94 D	 67.60  
 95 S	 47.16  
 96 D	 66.12  
 97 S	 49.16  
 98 E	 59.81  
 99 E	 52.96  
 100 H	 30.64  
 101 A	 23.42  
 102 E	 60.19  
 103 S	 26.92  
 104 P	 27.56  
 105 A	 34.94  
 106 S	 45.08  
 107 D	 63.18  
 108 S	 39.56  
 109 E	 71.28  
 110 N	 63.92  
 111 E	 46.72  
 112 P	 41.77  
 113 V	 9.81  
 114 N	 38.56  
 115 Q	 42.42  
 116 H	 32.30  
 117 G	 24.31  
 118 S	 35.52  
 119 D	 65.64  
 120 S	 43.98  
 121 E	 73.90  
 122 N	 52.58  
 123 E	 46.07  
 124 E	 70.86  
 125 L	 3.52  
 126 L	 9.03  
 127 N	 53.48  
 128 G	 20.08  
 129 H	 22.46  
 130 A	 19.21  
 131 S	 35.67  
 132 D	 62.69  
 133 S	 48.34  
 134 E	 70.27  
 135 K	 64.23  
 136 E	 60.63  
 137 E	 64.26  
 138 V	 10.95  
 139 S	 23.23  
 140 K	 42.30  
 141 H	 21.01  
 142 A	 16.64  
 143 A	 17.37  
 144 S	 42.31  
 145 D	 45.85  
 146 S	 35.89  
 147 E	 62.15  
 148 A	 24.74  
 149 E	 47.69  
 150 D	 60.82  
 151 T	 20.85  
 152 L	 12.37  
 153 Q	 28.59  
 154 P	 39.39  
 155 Q	 38.11  
 156 V	 9.73  
 157 S	 26.57  
 158 E	 60.76  
 159 S	 38.64  
 160 D	 52.58  
 161 S	 53.85  
 162 E	 78.50  
 163 D	 63.56  
 164 P	 23.81  
 165 P	 73.27  
 166 R	 41.15  
 167 P	 39.60  
 168 Q	 55.57  
 169 A	 20.28  
 170 S	 36.10  
 171 D	 64.09  
 172 S	 39.56  
 173 E	 73.90  
 174 N	 63.98  
 175 E	 68.76  
 176 E	 77.73  
 177 P	 35.72  
 178 P	 63.66  
 179 K	 58.61  
 180 P	 44.61  
 181 R	 47.36  
 182 I	 7.92  
 183 S	 36.04  
 184 D	 54.79  
 185 S	 35.91  
 186 E	 68.13  
 187 S	 40.08  
 188 E	 60.55  
 189 E	 78.59  
 190 L	 6.08  
 191 P	 48.13  
 192 K	 59.07  
 193 P	 39.71  
 194 R	 46.85  
 195 V	 11.48  
 196 S	 36.38  
 197 D	 54.27  
 198 S	 35.20  
 199 E	 64.24  
 200 S	 51.78  
 201 E	 71.17  
 202 D	 68.71  
 203 P	 23.81  
 204 P	 73.27  
 205 R	 41.15  
 206 P	 39.60  
 207 Q	 55.57  
 208 A	 20.28  
 209 S	 36.10  
 210 D	 60.48  
 211 S	 40.29  
 212 E	 68.13  
 213 S	 40.08  
 214 E	 60.55  
 215 E	 78.59  
 216 L	 6.08  
 217 P	 48.13  
 218 K	 59.07  
 219 P	 39.71  
 220 R	 46.85  
 221 V	 11.48  
 222 S	 36.38  
 223 D	 54.27  
 224 S	 35.20  
 225 E	 64.24  
 226 S	 51.78  
 227 E	 71.17  
 228 D	 68.71  
 229 P	 23.81  
 230 P	 73.27  
 231 R	 41.15  
 232 P	 39.60  
 233 Q	 55.57  
 234 A	 20.28  
 235 S	 36.10  
 236 D	 60.48  
 237 S	 40.29  
 238 E	 68.13  
 239 S	 40.08  
 240 E	 60.55  
 241 E	 78.59  
 242 L	 6.08  
 243 P	 48.13  
 244 K	 59.07  
 245 P	 39.71  
 246 R	 46.85  
 247 V	 11.48  
 248 S	 36.38  
 249 D	 54.27  
 250 S	 35.20  
 251 E	 64.24  
 252 S	 51.78  
 253 E	 70.43  
 254 D	 61.28  
 255 P	 33.46  
 256 Q	 75.54  
 257 K	 72.72  
 258 G	 20.12  
 259 P	 35.31  
 260 A	 34.34  
 261 S	 44.81  
 262 D	 53.23  
 263 S	 35.89  
 264 E	 62.15  
 265 A	 24.74  
 266 E	 50.48  
 267 D	 57.82  
 268 A	 10.44  
 269 S	 47.44  
 270 R	 46.76  
 271 H	 39.88  
 272 K	 67.34  
 273 E	 64.79  
 274 K	 59.95  
 275 P	 47.64  
 276 D	 75.63  
 277 S	 52.42  
 278 D	 67.80  
 279 D	 53.21  
 280 S	 53.13  
 281 D	 75.35  
 282 G	 44.31  
 283 E	 65.65  
 284 N	 54.97  
 285 K	 53.51  
 286 R	 65.62  
 287 E	 68.45  
 288 D	 54.88  
 289 S	 34.61  
 290 E	 61.52  
 291 V	 9.55  
 292 Q	 43.87  
 293 N	 56.78  
 294 E	 32.87  
 295 S	 57.34  
 296 D	 46.87  
 297 G	 34.57  
 298 H	 29.59  
 299 T	 42.92  
 300 D	 44.62  
 301 R	 35.78  
 302 K	 69.50  
 303 G	 29.53  
 304 L	 3.87  
 305 H	 33.65  
 306 S	 40.66  
 307 S	 34.11  
 308 D	 64.18  
 309 S	 49.18  
 310 E	 74.54  
 311 E	 72.16  
 312 E	 75.45  
 313 E	 60.44  
 314 P	 40.17  
 315 K	 71.40  
 316 R	 54.46  
 317 Q	 53.86  
 318 K	 53.14  
 319 I	 4.66  
 320 D	 53.72  
 321 S	 46.54  
 322 D	 64.73  
 323 D	 69.99  
 324 D	 71.58  
 325 E	 77.34  
 326 E	 64.50  
 327 K	 66.02  
 328 E	 75.14  
 329 G	 59.71  
 330 D	 63.07  
 331 E	 71.25  
 332 E	 58.53  
 333 K	 45.50  
 334 V	 9.56  
 335 A	 19.60  
 336 K	 58.37  
 337 R	 24.90  
 338 K	 39.74  
 339 A	 13.56  
 340 A	 13.06  
 341 V	 6.67  
 342 L	 3.95  
 343 S	 32.27  
 344 D	 52.46  
 345 S	 39.28  
 346 E	 65.97  
 347 D	 55.82  
 348 D	 52.93  
 349 A	 26.01  
 350 G	 36.91  
 351 N	 32.23  
 352 A	 15.22  
 353 S	 44.62  
 354 A	 22.38  
 355 K	 49.11  
 356 K	 43.12  
 357 S	 29.60  
 358 R	 33.49  
 359 V	 6.93  
 360 V	 2.07  
 361 C	 3.06  
 362 D	 41.23  
 363 A	 19.86  
 364 D	 42.57  
 365 D	 56.94  
 366 S	 39.29  
 367 D	 56.71  
 368 S	 35.94  
 369 D	 50.24  
 370 V	 5.27  
 371 V	 8.01  
 372 S	 38.89  
 373 D	 37.21  
 374 K	 54.31  
 375 S	 55.31  
 376 G	 38.49  
 377 K	 54.90  
 378 R	 50.44  
 379 E	 52.93  
 380 T	 30.51  
 381 T	 14.88  
 382 V	 6.65  
 383 A	 12.91  
 384 S	 37.02  
 385 D	 50.78  
 386 S	 44.40  
 387 E	 65.92  
 388 E	 58.04  
 389 E	 59.68  
 390 A	 37.32  
 391 G	 40.98  
 392 K	 66.41  
 393 E	 63.29  
 394 E	 52.37  
 395 S	 41.33  
 396 S	 41.03  
 397 V	 17.12  
 398 K	 61.14  
 399 K	 60.27  
 400 K	 66.48  
 401 E	 78.24  
 402 D	 59.66  
 403 K	 58.38  
 404 D	 60.60  
 405 L	 6.88  
 406 F	 14.62  
 407 G	 37.53  
 408 S	 30.54  
 409 D	 57.72  
 410 S	 35.05  
 411 E	 68.60  
 412 S	 51.36  
 413 G	 41.33  
 414 N	 63.89  
 415 E	 70.93  
 416 E	 57.07  
 417 E	 51.67  
 418 N	 39.77  
 419 L	 3.75  
 420 I	 4.96  
 421 A	 13.65  
 422 D	 29.74  
 423 I	 3.36  
 424 F	 10.26  
 425 G	 28.61  
 426 E	 40.58  
 427 S	 52.50  
 428 G	 41.89  
 429 D	 70.21  
 430 E	 71.48  
 431 E	 75.37  
 432 E	 61.86  
 433 E	 62.79  
 434 E	 52.36  
 435 F	 10.28  
 436 T	 44.11  
 437 G	 25.48  
 438 F	 8.51  
 439 N	 45.75  
 440 Q	 43.23  
 441 E	 66.71  
 442 D	 50.01  
 443 L	 9.80  
 444 E	 76.16  
 445 E	 79.96  
 446 E	 52.37  
 447 K	 64.46  
 448 N	 61.91  
 449 E	 49.34  
 450 T	 48.90  
 451 Q	 44.34  
 452 L	 7.65  
 453 K	 45.09  
 454 E	 66.92  
 455 A	 25.06  
 456 E	 60.17  
 457 D	 65.87  
 458 S	 30.44  
 459 D	 69.29  
 460 S	 51.30  
 461 D	 58.95  
 462 D	 63.81  
 463 N	 46.82  
 464 I	 4.07  
 465 K	 62.44  
 466 R	 56.44  
 467 G	 21.15  
 468 K	 39.53  
 469 H	 24.70  
 470 M	 4.43  
 471 D	 40.84  
 472 F	 5.67  
 473 L	 4.12  
 474 S	 40.00  
 475 D	 45.75  
 476 F	 6.10  
 477 E	 28.77  
 478 M	 3.07  
 479 M	 1.96  
 480 L	 4.26  
 481 Q	 36.93  
 482 R	 44.39  
 483 K	 35.92  
 484 K	 45.68  
 485 S	 23.49  
 486 M	 4.85  
 487 C	 8.20  
 488 G	 20.19  
 489 K	 37.49  
 490 R	 28.24  
 491 R	 43.65  
 492 R	 46.71  
 493 N	 44.58  
 494 R	 41.98  
 495 D	 64.52  
 496 G	 33.53  
 497 G	 23.03  
 498 T	 24.27  
 499 F	 5.95  
 500 I	 3.51  
 501 S	 23.66  
 502 D	 49.56  
 503 A	 14.22  
 504 D	 54.98  
 505 D	 44.42  
 506 V	 3.64  
 507 V	 3.77  
 508 S	 16.39  
 509 A	 4.70  
 510 M	 2.56  
 511 I	 2.42  
 512 V	 2.86  
 513 K	 25.69  
 514 M	 3.67  
 515 N	 30.00  
 516 E	 45.84  
 517 A	 18.37  
 518 A	 17.96  
 519 E	 68.43  
 520 E	 54.49  
 521 D	 34.82  
 522 R	 46.28  
 523 Q	 61.95  
 524 L	 7.28  
 525 N	 40.31  
 526 N	 64.74  
 527 Q	 54.82  
 528 K	 63.95  
 529 K	 26.26  
 530 P	 50.27  
 531 A	 40.67  
 532 L	 7.34  
 533 K	 48.09  
 534 K	 47.78  
 535 L	 3.79  
 536 T	 34.82  
 537 L	 8.59  
 538 L	 2.55  
 539 P	 26.68  
 540 T	 26.21  
 541 V	 3.21  
 542 V	 1.89  
 543 M	 2.38  
 544 H	 23.92  
 545 L	 3.91  
 546 K	 33.44  
 547 K	 56.24  
 548 Q	 60.73  
 549 D	 69.46  
 550 L	 5.10  
 551 K	 64.10  
 552 E	 57.14  
 553 T	 25.05  
 554 F	 6.48  
 555 I	 5.56  
 556 D	 34.84  
 557 S	 28.59  
 558 G	 18.52  
 559 V	 2.95  
 560 M	 2.27  
 561 S	 25.16  
 562 A	 9.97  
 563 I	 3.05  
 564 K	 42.42  
 565 E	 47.76  
 566 W	 9.35  
 567 L	 3.86  
 568 S	 26.01  
 569 P	 45.82  
 570 L	 6.56  
 571 P	 38.05  
 572 D	 61.56  
 573 R	 37.85  
 574 S	 46.19  
 575 L	 2.75  
 576 P	 36.47  
 577 A	 27.12  
 578 L	 4.47  
 579 K	 41.65  
 580 I	 7.53  
 581 R	 29.74  
 582 E	 57.37  
 583 E	 49.94  
 584 L	 5.17  
 585 L	 3.52  
 586 K	 54.73  
 587 I	 4.91  
 588 L	 2.86  
 589 Q	 54.37  
 590 E	 60.24  
 591 L	 2.18  
 592 P	 31.75  
 593 S	 47.20  
 594 V	 6.90  
 595 S	 27.00  
 596 Q	 45.60  
 597 E	 48.91  
 598 T	 33.21  
 599 L	 4.65  
 600 K	 43.05  
 601 H	 34.08  
 602 S	 30.44  
 603 G	 26.53  
 604 I	 3.65  
 605 G	 18.28  
 606 R	 23.30  
 607 A	 5.80  
 608 V	 2.20  
 609 M	 1.54  
 610 Y	 10.57  
 611 L	 2.19  
 612 Y	 6.97  
 613 K	 51.33  
 614 H	 25.71  
 615 P	 37.65  
 616 K	 68.95  
 617 E	 56.70  
 618 S	 47.32  
 619 R	 45.39  
 620 S	 58.47  
 621 N	 43.14  
 622 K	 50.56  
 623 D	 36.09  
 624 M	 5.90  
 625 A	 23.31  
 626 G	 20.75  
 627 K	 36.33  
 628 L	 5.07  
 629 I	 5.10  
 630 N	 55.94  
 631 E	 39.57  
 632 W	 8.64  
 633 S	 23.23  
 634 R	 29.43  
 635 P	 22.27  
 636 I	 4.09  
 637 F	 7.90  
 638 G	 28.85  
 639 L	 3.10  
 640 T	 18.46  
 641 S	 43.11  
 642 N	 36.98  
 643 Y	 14.53  
 644 K	 46.59  
 645 G	 16.60  
 646 M	 2.53  
 647 T	 43.53  
 648 R	 34.58  
 649 E	 52.84  
 650 E	 59.22  
 651 R	 40.36  
 652 E	 53.93  
 653 Q	 50.86  
 654 R	 45.81  
 655 D	 55.01  
 656 L	 5.54  
 657 E	 49.47  
 658 Q	 57.04  
 659 M	 1.92  
 660 P	 24.99  
 661 Q	 46.28  
 662 R	 21.59  
 663 R	 38.35  
 664 R	 40.90  
 665 L	 4.50  
 666 S	 24.84  
 667 S	 35.35  
 668 T	 41.79  
 669 G	 28.32  
 670 G	 28.42  
 671 Q	 50.07  
 672 T	 23.26  
 673 P	 22.79  
 674 R	 48.40  
 675 R	 54.81  
 676 D	 61.53  
 677 L	 6.96  
 678 E	 45.46  
 679 K	 50.25  
 680 V	 4.17  
 681 L	 8.25  
 682 T	 45.60  
 683 G	 36.58  
 684 E	 51.60  
 685 E	 45.00  
 686 K	 48.71  
 687 A	 16.45  
 688 L	 11.41  
 689 R	 37.71  
 690 P	 53.00  
 691 G	 47.51  
 692 D	 42.71  
 693 P	 43.61  
 694 G	 34.70  
 695 F	 3.42  
 696 C	 2.88  
 697 A	 13.10  
 698 R	 24.90  
 699 A	 9.78  
 700 R	 27.76  
 701 V	 4.68  
 702 P	 24.34  
 703 M	 5.34  
 704 P	 28.78  
 705 S	 50.70  
 706 N	 35.03  
 707 K	 55.57  
 708 D	 45.79  
 709 Y	 11.49  
 710 V	 4.17  
 711 V	 7.64  
 712 R	 19.62  
 713 P	 34.11  
 714 K	 40.61  
 715 W	 19.45  
 716 N	 26.46  
 717 V	 7.82  
 718 E	 33.74  
 719 M	 5.43  
 720 E	 31.86  
 721 S	 26.04  
 722 S	 24.65  
 723 R	 36.65  
 724 F	 8.43  
 725 Q	 38.94  
 726 A	 17.04  
 727 S	 31.72  
 728 S	 41.21  
 729 K	 53.15  
 730 K	 64.52  
 731 G	 27.17  
 732 I	 2.73  
 733 S	 35.14  
 734 R	 45.01  
 735 L	 8.45  
 736 D	 37.72  
 737 K	 51.06  
 738 Q	 36.26  
 739 M	 6.57  
 740 R	 28.57  
 741 K	 47.47  
 742 F	 5.39  
 743 T	 33.29  
 744 D	 41.65  
 745 I	 6.72  
 746 R	 43.06  
 747 K	 56.27  
 748 K	 41.05  
 749 S	 34.21  
 750 R	 46.90  
 751 S	 31.34  
 752 A	 8.11  
 753 H	 32.09  
 754 A	 12.19  
 755 V	 3.98  
 756 K	 31.36  
 757 I	 3.94  
 758 S	 14.63  
 759 I	 10.02  
 760 E	 50.34  
 761 G	 37.07  
 762 N	 25.35  
 763 K	 53.39  
 764 M	 4.79  
 765 P	 36.21  
 766 L	 11.10  
