 1 M	 7.69  
 2 E	 51.76  
 3 R	 43.47  
 4 A	 25.21  
 5 G	 28.30  
 6 P	 29.01  
 7 N	 52.82  
 8 S	 23.26  
 9 V	 9.67  
 10 R	 28.68  
 11 S	 30.13  
 12 Q	 32.63  
 13 Q	 41.33  
 14 Q	 44.07  
 15 R	 53.76  
 16 D	 40.97  
 17 P	 39.28  
 18 D	 67.36  
 19 W	 8.67  
 20 V	 4.73  
 21 E	 29.85  
 22 A	 11.52  
 23 W	 6.19  
 24 L	 7.75  
 25 D	 38.68  
 26 D	 36.23  
 27 H	 30.76  
 28 R	 47.97  
 29 D	 43.44  
 30 F	 8.18  
 31 T	 18.89  
 32 F	 5.86  
 33 S	 18.97  
 34 Y	 9.99  
 35 F	 4.17  
 36 I	 3.16  
 37 R	 16.80  
 38 K	 49.66  
 39 A	 9.68  
 40 T	 30.18  
 41 R	 34.58  
 42 D	 40.81  
 43 M	 1.95  
 44 V	 5.32  
 45 N	 25.47  
 46 A	 9.40  
 47 W	 7.65  
 48 F	 5.16  
 49 S	 17.50  
 50 E	 49.61  
 51 R	 33.52  
 52 V	 3.39  
 53 H	 32.49  
 54 N	 37.08  
 55 I	 1.31  
 56 P	 30.67  
 57 V	 6.88  
 58 C	 2.52  
 59 K	 60.24  
 60 E	 55.51  
 61 G	 10.52  
 62 I	 3.54  
 63 R	 31.04  
 64 A	 16.42  
 65 H	 21.96  
 66 T	 28.71  
 67 E	 39.62  
 68 S	 16.70  
 69 C	 3.75  
 70 S	 18.93  
 71 C	 5.73  
 72 S	 16.96  
 73 L	 6.70  
 74 Q	 25.97  
 75 Q	 65.31  
 76 S	 12.99  
 77 P	 23.50  
 78 H	 51.46  
 79 A	 18.35  
 80 D	 50.39  
 81 N	 46.78  
 82 T	 34.61  
 83 T	 26.44  
 84 P	 34.60  
 85 G	 41.94  
 86 A	 8.86  
 87 P	 38.21  
 88 A	 25.51  
 89 R	 35.46  
 90 K	 43.02  
 91 I	 3.29  
 92 S	 28.86  
 93 A	 19.29  
 94 S	 31.82  
 95 E	 51.81  
 96 F	 10.01  
 97 D	 47.43  
 98 R	 37.16  
 99 P	 34.27  
 100 L	 12.09  
 101 R	 22.91  
 102 P	 31.26  
 103 I	 4.49  
 104 V	 4.92  
 105 V	 6.20  
 106 K	 44.64  
 107 D	 40.07  
 108 S	 32.01  
 109 E	 69.85  
 110 G	 35.05  
 111 T	 14.66  
 112 V	 5.83  
 113 S	 21.95  
 114 F	 7.04  
 115 L	 4.30  
 116 S	 27.93  
 117 D	 64.65  
 118 S	 49.49  
 119 G	 50.47  
 120 K	 58.02  
 121 K	 57.62  
 122 E	 56.44  
 123 Q	 47.90  
 124 M	 2.85  
 125 P	 32.54  
 126 L	 10.62  
 127 T	 25.94  
 128 P	 26.25  
 129 P	 44.31  
 130 R	 49.56  
 131 F	 15.09  
 132 D	 57.36  
 133 S	 34.55  
 134 D	 66.78  
 135 E	 69.49  
 136 G	 34.97  
 137 D	 44.24  
 138 Q	 37.63  
 139 C	 2.80  
 140 S	 21.96  
 141 R	 51.42  
 142 L	 2.21  
 143 L	 4.68  
 144 E	 56.99  
 145 L	 6.14  
 146 V	 3.70  
 147 K	 63.07  
 148 D	 38.22  
 149 I	 3.64  
 150 S	 23.10  
 151 S	 28.53  
 152 H	 21.18  
 153 L	 6.47  
 154 D	 30.23  
 155 V	 4.20  
 156 T	 17.36  
 157 A	 14.19  
 158 L	 1.99  
 159 C	 2.59  
 160 H	 27.39  
 161 K	 33.87  
 162 I	 1.66  
 163 F	 4.91  
 164 L	 4.17  
 165 H	 10.15  
 166 I	 2.76  
 167 H	 17.79  
 168 G	 24.89  
 169 L	 1.40  
 170 I	 3.65  
 171 S	 29.20  
 172 A	 9.79  
 173 D	 37.01  
 174 R	 26.50  
 175 Y	 14.35  
 176 T	 16.36  
 177 L	 2.01  
 178 F	 3.56  
 179 L	 4.91  
 180 V	 2.35  
 181 C	 5.38  
 182 E	 54.14  
 183 D	 53.75  
 184 S	 19.59  
 185 S	 58.14  
 186 K	 69.74  
 187 D	 49.22  
 188 K	 45.89  
 189 F	 11.97  
 190 L	 4.24  
 191 I	 2.25  
 192 S	 25.69  
 193 R	 32.17  
 194 L	 3.25  
 195 F	 7.44  
 196 D	 43.22  
 197 V	 4.02  
 198 A	 19.78  
 199 E	 54.23  
 200 G	 19.05  
 201 S	 22.71  
 202 T	 49.39  
 203 L	 6.32  
 204 E	 52.16  
 205 E	 61.58  
 206 A	 14.26  
 207 S	 31.67  
 208 N	 55.21  
 209 N	 21.79  
 210 C	 1.93  
 211 I	 6.47  
 212 R	 28.84  
 213 L	 4.54  
 214 E	 38.87  
 215 W	 19.20  
 216 N	 24.25  
 217 K	 51.60  
 218 G	 19.32  
 219 I	 3.42  
 220 V	 6.22  
 221 G	 13.97  
 222 H	 8.64  
 223 V	 3.19  
 224 A	 7.44  
 225 A	 16.34  
 226 F	 9.09  
 227 G	 30.77  
 228 E	 39.91  
 229 P	 30.96  
 230 L	 10.09  
 231 N	 50.40  
 232 I	 5.87  
 233 K	 34.92  
 234 D	 51.06  
 235 A	 12.47  
 236 Y	 30.88  
 237 E	 64.36  
 238 D	 27.31  
 239 P	 30.72  
 240 R	 50.18  
 241 F	 14.30  
 242 N	 36.15  
 243 A	 18.58  
 244 E	 47.97  
 245 V	 6.44  
 246 D	 26.18  
 247 Q	 40.08  
 248 I	 2.53  
 249 T	 28.91  
 250 G	 24.46  
 251 Y	 11.38  
 252 K	 41.24  
 253 T	 21.04  
 254 Q	 25.07  
 255 S	 23.82  
 256 I	 2.17  
 257 L	 2.19  
 258 C	 2.65  
 259 M	 3.26  
 260 P	 33.15  
 261 I	 2.51  
 262 K	 40.61  
 263 N	 39.92  
 264 H	 33.26  
 265 R	 51.68  
 266 E	 47.82  
 267 E	 42.32  
 268 V	 3.78  
 269 V	 6.05  
 270 G	 17.77  
 271 V	 2.11  
 272 A	 6.27  
 273 Q	 40.13  
 274 A	 9.51  
 275 I	 5.30  
 276 N	 49.03  
 277 K	 42.05  
 278 K	 60.14  
 279 S	 38.82  
 280 G	 45.76  
 281 N	 53.46  
 282 G	 39.79  
 283 G	 22.96  
 284 T	 28.87  
 285 F	 10.58  
 286 T	 41.80  
 287 E	 55.08  
 288 K	 69.04  
 289 D	 63.04  
 290 E	 66.64  
 291 K	 69.18  
 292 D	 36.05  
 293 F	 6.58  
 294 A	 12.82  
 295 A	 10.40  
 296 Y	 8.64  
 297 L	 2.23  
 298 A	 5.75  
 299 F	 3.46  
 300 C	 2.79  
 301 G	 13.44  
 302 I	 2.91  
 303 V	 2.43  
 304 L	 2.14  
 305 H	 19.38  
 306 N	 25.81  
 307 A	 7.04  
 308 Q	 50.31  
 309 L	 3.76  
 310 Y	 12.70  
 311 E	 40.28  
 312 T	 15.89  
 313 S	 21.01  
 314 L	 10.18  
 315 L	 7.35  
 316 E	 67.03  
 317 N	 48.86  
 318 K	 43.27  
 319 R	 50.85  
 320 N	 37.61  
 321 Q	 31.13  
 322 V	 7.00  
 323 L	 1.91  
 324 L	 5.50  
 325 D	 35.71  
 326 L	 3.35  
 327 A	 11.27  
 328 S	 29.33  
 329 L	 4.29  
 330 I	 3.65  
 331 F	 11.66  
 332 E	 48.15  
 333 E	 43.07  
 334 Q	 30.85  
 335 Q	 53.95  
 336 S	 26.62  
 337 L	 5.46  
 338 E	 32.53  
 339 V	 8.24  
 340 I	 3.22  
 341 L	 5.81  
 342 K	 30.89  
 343 K	 33.85  
 344 I	 2.77  
 345 A	 13.87  
 346 A	 11.64  
 347 T	 15.15  
 348 I	 1.81  
 349 I	 1.95  
 350 S	 15.71  
 351 F	 2.53  
 352 M	 2.81  
 353 Q	 32.26  
 354 V	 3.84  
 355 Q	 20.43  
 356 K	 34.19  
 357 C	 1.65  
 358 T	 26.42  
 359 I	 2.88  
 360 F	 2.10  
 361 I	 3.18  
 362 V	 4.61  
 363 D	 41.00  
 364 E	 51.09  
 365 D	 44.80  
 366 C	 3.67  
 367 P	 53.23  
 368 D	 69.51  
 369 S	 15.40  
 370 F	 7.63  
 371 S	 31.33  
 372 R	 32.86  
 373 V	 3.61  
 374 F	 4.39  
 375 H	 14.31  
 376 M	 4.24  
 377 E	 30.15  
 378 C	 4.14  
 379 E	 42.27  
 380 E	 69.13  
 381 V	 5.80  
 382 G	 39.16  
 383 K	 46.66  
 384 P	 37.73  
 385 S	 56.18  
 386 D	 51.24  
 387 P	 39.71  
 388 L	 9.40  
 389 T	 37.23  
 390 R	 47.46  
 391 E	 47.80  
 392 Q	 52.40  
 393 D	 47.56  
 394 A	 20.93  
 395 N	 54.77  
 396 K	 33.77  
 397 I	 4.47  
 398 N	 19.68  
 399 Y	 8.58  
 400 M	 1.61  
 401 Y	 4.72  
 402 A	 4.26  
 403 Q	 26.51  
 404 Y	 12.76  
 405 V	 2.28  
 406 K	 41.59  
 407 N	 34.31  
 408 T	 19.73  
 409 M	 7.54  
 410 E	 44.60  
 411 P	 21.64  
 412 L	 6.06  
 413 N	 55.23  
 414 I	 3.98  
 415 P	 29.01  
 416 D	 57.85  
 417 V	 6.34  
 418 T	 40.69  
 419 K	 62.19  
 420 D	 37.69  
 421 K	 58.45  
 422 R	 53.66  
 423 F	 7.93  
 424 P	 40.80  
 425 W	 14.78  
 426 T	 32.66  
 427 N	 34.47  
 428 E	 41.02  
 429 N	 43.75  
 430 M	 2.99  
 431 G	 32.92  
 432 H	 10.01  
 433 V	 7.65  
 434 N	 32.40  
 435 T	 20.60  
 436 P	 11.52  
 437 C	 5.32  
 438 I	 4.40  
 439 G	 20.96  
 440 S	 9.77  
 441 L	 3.72  
 442 L	 3.07  
 443 C	 5.29  
 444 T	 28.19  
 445 P	 34.26  
 446 I	 2.66  
 447 K	 61.93  
 448 N	 69.13  
 449 G	 36.99  
 450 K	 63.67  
 451 K	 64.50  
 452 N	 47.51  
 453 K	 44.07  
 454 V	 6.87  
 455 I	 3.50  
 456 G	 19.69  
 457 V	 0.98  
 458 C	 1.87  
 459 Q	 46.14  
 460 L	 3.76  
 461 V	 2.39  
 462 N	 46.69  
 463 K	 39.96  
 464 M	 7.05  
 465 E	 50.10  
 466 E	 57.50  
 467 N	 40.60  
 468 T	 43.03  
 469 G	 41.07  
 470 K	 38.71  
 471 I	 4.04  
 472 K	 50.87  
 473 A	 16.46  
 474 F	 9.08  
 475 N	 44.60  
 476 Q	 52.91  
 477 N	 56.76  
 478 D	 41.11  
 479 E	 51.27  
 480 Q	 51.60  
 481 F	 6.65  
 482 L	 4.66  
 483 E	 41.15  
 484 A	 13.22  
 485 F	 2.94  
 486 V	 4.17  
 487 I	 1.59  
 488 F	 1.96  
 489 C	 2.78  
 490 G	 19.05  
 491 L	 6.01  
 492 G	 12.53  
 493 I	 3.25  
 494 Q	 45.15  
 495 N	 30.29  
 496 T	 9.80  
 497 Q	 39.76  
 498 M	 2.84  
 499 Y	 7.30  
 500 E	 40.68  
 501 A	 7.32  
 502 V	 3.23  
 503 E	 41.59  
 504 R	 24.06  
 505 A	 6.70  
 506 M	 6.32  
 507 A	 9.65  
 508 K	 26.33  
 509 Q	 23.26  
 510 M	 2.15  
 511 V	 5.24  
 512 T	 16.32  
 513 L	 2.66  
 514 E	 31.86  
 515 V	 4.91  
 516 L	 2.84  
 517 S	 21.76  
 518 Y	 9.39  
 519 H	 15.16  
 520 A	 7.82  
 521 S	 18.07  
 522 A	 21.48  
 523 A	 23.41  
 524 E	 56.96  
 525 E	 61.00  
 526 E	 44.67  
 527 T	 32.49  
 528 R	 46.00  
 529 E	 53.29  
 530 L	 3.04  
 531 Q	 35.19  
 532 A	 18.99  
 533 L	 2.00  
 534 S	 19.73  
 535 A	 12.72  
 536 A	 10.24  
 537 V	 6.95  
 538 V	 2.38  
 539 P	 19.83  
 540 S	 22.77  
 541 A	 10.58  
 542 Q	 52.26  
 543 T	 29.72  
 544 L	 2.22  
 545 K	 47.12  
 546 I	 5.13  
 547 T	 29.42  
 548 D	 40.44  
 549 F	 6.26  
 550 S	 27.01  
 551 F	 9.08  
 552 S	 39.94  
 553 D	 38.74  
 554 F	 11.16  
 555 E	 52.97  
 556 L	 4.95  
 557 S	 32.71  
 558 D	 62.24  
 559 L	 5.91  
 560 E	 36.70  
 561 T	 32.02  
 562 A	 7.40  
 563 L	 3.27  
 564 C	 2.49  
 565 T	 16.68  
 566 I	 2.68  
 567 R	 8.94  
 568 M	 3.61  
 569 F	 3.27  
 570 T	 30.18  
 571 D	 23.46  
 572 L	 4.92  
 573 N	 40.76  
 574 L	 5.65  
 575 V	 4.21  
 576 Q	 48.46  
 577 N	 22.95  
 578 F	 4.14  
 579 Q	 47.79  
 580 M	 4.13  
 581 K	 26.32  
 582 H	 25.67  
 583 E	 31.50  
 584 V	 6.47  
 585 L	 1.17  
 586 C	 4.02  
 587 R	 21.22  
 588 W	 8.55  
 589 I	 0.77  
 590 L	 3.70  
 591 S	 23.82  
 592 V	 10.30  
 593 K	 31.74  
 594 K	 57.99  
 595 N	 35.80  
 596 Y	 31.66  
 597 R	 33.20  
 598 K	 45.47  
 599 N	 18.04  
 600 V	 6.67  
 601 A	 14.84  
 602 Y	 7.45  
 603 H	 20.03  
 604 N	 25.46  
 605 W	 4.70  
 606 R	 19.30  
 607 H	 26.70  
 608 A	 7.27  
 609 F	 7.34  
 610 N	 34.98  
 611 T	 16.20  
 612 A	 11.15  
 613 Q	 19.71  
 614 C	 1.94  
 615 M	 1.38  
 616 F	 4.77  
 617 A	 5.75  
 618 A	 9.79  
 619 L	 3.33  
 620 K	 50.82  
 621 A	 25.92  
 622 G	 26.47  
 623 K	 46.08  
 624 I	 5.51  
 625 Q	 44.48  
 626 N	 44.79  
 627 K	 36.07  
 628 L	 6.21  
 629 T	 39.90  
 630 D	 53.60  
 631 L	 4.57  
 632 E	 44.58  
 633 T	 25.32  
 634 L	 2.00  
 635 A	 14.03  
 636 L	 3.90  
 637 L	 1.76  
 638 I	 1.88  
 639 A	 11.43  
 640 A	 11.56  
 641 L	 3.27  
 642 S	 15.38  
 643 H	 40.27  
 644 D	 50.87  
 645 L	 5.10  
 646 D	 35.18  
 647 H	 35.37  
 648 R	 50.88  
 649 G	 24.08  
 650 V	 6.55  
 651 N	 34.26  
 652 N	 33.51  
 653 S	 20.57  
 654 Y	 11.82  
 655 I	 2.48  
 656 Q	 34.31  
 657 R	 34.16  
 658 S	 24.71  
 659 E	 52.27  
 660 H	 24.74  
 661 P	 25.91  
 662 L	 5.24  
 663 A	 11.20  
 664 Q	 40.42  
 665 L	 4.02  
 666 Y	 3.97  
 667 C	 2.49  
 668 H	 13.55  
 669 S	 21.77  
 670 I	 1.35  
 671 M	 4.49  
 672 E	 38.10  
 673 H	 11.44  
 674 H	 15.25  
 675 H	 29.86  
 676 F	 6.36  
 677 D	 33.65  
 678 Q	 22.69  
 679 C	 2.76  
 680 L	 1.67  
 681 M	 4.27  
 682 I	 1.81  
 683 L	 3.02  
 684 N	 34.92  
 685 S	 30.64  
 686 P	 44.68  
 687 G	 38.20  
 688 N	 29.15  
 689 Q	 43.87  
 690 I	 3.71  
 691 L	 2.09  
 692 S	 39.04  
 693 G	 21.72  
 694 L	 3.49  
 695 S	 31.36  
 696 I	 5.84  
 697 D	 50.20  
 698 E	 47.46  
 699 Y	 15.19  
 700 K	 32.74  
 701 T	 36.14  
 702 T	 23.15  
 703 L	 4.55  
 704 K	 40.05  
 705 I	 5.53  
 706 I	 2.30  
 707 K	 36.83  
 708 Q	 24.19  
 709 A	 8.18  
 710 I	 2.20  
 711 L	 4.75  
 712 A	 7.92  
 713 T	 28.27  
 714 D	 25.08  
 715 L	 2.84  
 716 A	 10.92  
 717 L	 6.21  
 718 Y	 9.97  
 719 I	 2.66  
 720 K	 23.61  
 721 R	 42.13  
 722 R	 43.95  
 723 G	 39.84  
 724 E	 45.40  
 725 F	 6.84  
 726 F	 6.94  
 727 E	 48.92  
 728 L	 3.76  
 729 I	 4.66  
 730 R	 44.49  
 731 K	 48.37  
 732 N	 37.98  
 733 Q	 38.09  
 734 F	 14.62  
 735 S	 20.26  
 736 F	 15.12  
 737 E	 58.48  
 738 D	 47.39  
 739 P	 29.50  
 740 L	 20.57  
 741 Q	 42.43  
 742 K	 65.16  
 743 E	 31.62  
 744 L	 5.70  
 745 F	 4.24  
 746 L	 4.24  
 747 A	 5.03  
 748 M	 2.60  
 749 L	 1.99  
 750 M	 1.11  
 751 T	 21.85  
 752 A	 3.20  
 753 C	 3.88  
 754 D	 40.99  
 755 L	 3.61  
 756 S	 12.36  
 757 A	 22.29  
 758 I	 4.58  
 759 T	 30.67  
 760 K	 38.68  
 761 P	 33.16  
 762 W	 12.27  
 763 P	 24.04  
 764 I	 4.87  
 765 Q	 23.55  
 766 Q	 39.19  
 767 R	 17.44  
 768 I	 2.80  
 769 A	 13.27  
 770 E	 41.21  
 771 L	 2.04  
 772 V	 3.41  
 773 A	 17.56  
 774 A	 13.47  
 775 E	 36.79  
 776 F	 7.58  
 777 F	 5.29  
 778 D	 57.80  
 779 Q	 51.00  
 780 G	 37.47  
 781 D	 43.57  
 782 R	 53.06  
 783 E	 73.22  
 784 R	 38.35  
 785 K	 62.90  
 786 E	 52.15  
 787 L	 9.19  
 788 N	 33.59  
 789 M	 11.60  
 790 E	 35.94  
 791 P	 21.95  
 792 A	 14.84  
 793 D	 58.11  
 794 L	 3.39  
 795 M	 4.58  
 796 N	 57.14  
 797 R	 43.05  
 798 E	 64.48  
 799 K	 59.41  
 800 K	 59.73  
 801 N	 59.56  
 802 K	 65.94  
 803 I	 4.22  
 804 P	 25.92  
 805 S	 25.89  
 806 M	 2.92  
 807 Q	 36.20  
 808 V	 5.18  
 809 G	 9.26  
 810 F	 4.86  
 811 I	 2.62  
 812 D	 27.85  
 813 A	 6.92  
 814 I	 1.82  
 815 C	 1.81  
 816 L	 3.00  
 817 Q	 37.27  
 818 L	 2.42  
 819 Y	 6.03  
 820 E	 45.88  
 821 A	 12.28  
 822 L	 1.97  
 823 T	 27.55  
 824 H	 23.19  
 825 V	 5.89  
 826 S	 21.80  
 827 E	 52.21  
 828 D	 31.57  
 829 C	 3.56  
 830 L	 5.32  
 831 P	 36.89  
 832 L	 4.37  
 833 L	 5.13  
 834 D	 62.93  
 835 G	 17.07  
 836 C	 5.82  
 837 R	 44.83  
 838 K	 61.63  
 839 N	 32.06  
 840 R	 42.35  
 841 Q	 61.81  
 842 K	 37.73  
 843 W	 4.75  
 844 Q	 33.27  
 845 A	 13.97  
 846 L	 3.01  
 847 A	 18.63  
 848 E	 54.36  
 849 Q	 51.64  
 850 Q	 43.73  
 851 E	 39.88  
 852 K	 30.43  
 853 M	 5.18  
 854 L	 5.07  
 855 L	 7.47  
 856 N	 48.50  
 857 G	 35.81  
 858 E	 46.25  
 859 S	 29.38  
 860 S	 38.35  
 861 Q	 71.37  
 862 G	 28.99  
 863 K	 45.84  
 864 R	 62.79  
 865 D	 67.37  
