 1 M	 10.78  
 2 S	 36.38  
 3 L	 5.27  
 4 K	 36.58  
 5 M	 7.19  
 6 D	 45.48  
 7 N	 38.26  
 8 R	 35.20  
 9 D	 40.65  
 10 V	 7.36  
 11 A	 20.32  
 12 G	 29.47  
 13 K	 32.52  
 14 A	 15.20  
 15 N	 45.24  
 16 R	 34.65  
 17 W	 8.24  
 18 F	 4.29  
 19 G	 11.98  
 20 M	 1.97  
 21 A	 23.93  
 22 Q	 36.74  
 23 P	 24.20  
 24 K	 60.81  
 25 S	 50.78  
 26 G	 39.08  
 27 K	 33.90  
 28 M	 7.02  
 29 N	 24.68  
 30 M	 2.70  
 31 N	 28.76  
 32 I	 2.24  
 33 L	 2.64  
 34 H	 29.25  
 35 Q	 42.27  
 36 E	 43.98  
 37 E	 38.62  
 38 L	 3.75  
 39 I	 4.28  
 40 A	 27.97  
 41 Q	 44.82  
 42 K	 44.79  
 43 K	 43.09  
 44 R	 58.10  
 45 E	 54.80  
 46 I	 6.11  
 47 E	 26.01  
 48 A	 23.06  
 49 R	 19.17  
 50 M	 9.13  
 51 E	 43.29  
 52 Q	 35.05  
 53 K	 32.03  
 54 A	 17.90  
 55 R	 45.64  
 56 Q	 42.63  
 57 S	 22.39  
 58 H	 27.46  
 59 V	 6.42  
 60 P	 34.56  
 61 S	 34.77  
 62 P	 44.63  
 63 Q	 69.37  
 64 P	 32.33  
 65 P	 40.85  
 66 H	 50.08  
 67 P	 48.13  
 68 G	 35.59  
 69 E	 39.18  
 70 I	 5.35  
 71 A	 12.02  
 72 D	 54.76  
 73 A	 8.50  
 74 H	 27.55  
 75 N	 40.05  
 76 S	 11.71  
 77 C	 4.86  
 78 I	 5.23  
 79 S	 37.99  
 80 N	 24.45  
 81 K	 38.78  
 82 F	 10.06  
 83 A	 18.14  
 84 N	 58.26  
 85 D	 51.16  
 86 G	 21.80  
 87 S	 26.16  
 88 F	 9.74  
 89 L	 4.13  
 90 Q	 29.93  
 91 Q	 48.03  
 92 F	 4.13  
 93 L	 4.74  
 94 K	 50.60  
 95 L	 7.40  
 96 Q	 37.13  
 97 K	 53.55  
 98 A	 12.62  
 99 Q	 42.91  
 100 T	 38.15  
 101 S	 20.38  
 102 T	 37.04  
 103 D	 42.44  
 104 S	 40.02  
 105 A	 10.62  
 106 P	 36.60  
 107 R	 60.48  
 108 A	 21.21  
 109 P	 23.83  
 110 P	 42.13  
 111 S	 36.01  
 112 M	 5.44  
 113 P	 45.56  
 114 T	 27.45  
 115 P	 18.95  
 116 S	 51.27  
 117 S	 45.47  
 118 L	 10.96  
 119 K	 55.05  
 120 K	 49.21  
 121 P	 26.55  
 122 L	 9.21  
 123 V	 8.44  
 124 L	 7.05  
 125 S	 16.77  
 126 K	 50.22  
 127 R	 30.56  
 128 T	 40.26  
 129 G	 23.06  
 130 L	 6.53  
 131 G	 25.51  
 132 L	 5.72  
 133 S	 32.26  
 134 S	 31.37  
 135 P	 37.69  
 136 T	 56.94  
 137 G	 28.52  
 138 P	 36.07  
 139 V	 7.12  
 140 K	 53.99  
 141 N	 43.72  
 142 Y	 8.98  
 143 S	 26.77  
 144 H	 26.95  
 145 A	 8.71  
 146 K	 47.12  
 147 Q	 52.35  
 148 L	 3.48  
 149 P	 20.82  
 150 V	 10.75  
 151 A	 7.34  
 152 H	 42.28  
 153 R	 18.56  
 154 P	 25.61  
 155 S	 35.20  
 156 V	 5.84  
 157 F	 7.55  
 158 Q	 52.47  
 159 S	 20.87  
 160 P	 37.96  
 161 D	 79.73  
 162 D	 69.47  
 163 D	 73.00  
 164 E	 70.99  
 165 E	 64.26  
 166 E	 64.94  
 167 D	 56.39  
 168 Y	 17.19  
 169 E	 47.83  
 170 Q	 43.77  
 171 W	 5.52  
 172 L	 4.95  
 173 E	 37.49  
 174 I	 5.10  
 175 K	 27.56  
 176 V	 14.78  
 177 S	 29.72  
 178 P	 33.67  
 179 P	 45.18  
 180 E	 74.54  
 181 G	 34.19  
 182 A	 17.21  
 183 E	 54.42  
 184 T	 24.20  
 185 R	 23.52  
 186 R	 40.98  
 187 V	 6.29  
 188 I	 3.52  
 189 E	 38.88  
 190 K	 36.00  
 191 L	 2.41  
 192 A	 17.59  
 193 R	 36.69  
 194 F	 5.20  
 195 V	 3.85  
 196 A	 13.65  
 197 E	 60.42  
 198 G	 47.41  
 199 G	 12.19  
 200 P	 54.58  
 201 E	 73.22  
 202 L	 9.69  
 203 E	 43.77  
 204 K	 48.17  
 205 V	 4.47  
 206 A	 13.50  
 207 M	 4.51  
 208 E	 48.75  
 209 D	 42.57  
 210 Y	 13.61  
 211 K	 64.45  
 212 D	 61.18  
 213 N	 26.16  
 214 P	 38.59  
 215 A	 23.51  
 216 F	 5.39  
 217 T	 27.65  
 218 F	 4.63  
 219 L	 4.66  
 220 H	 39.55  
 221 D	 54.71  
 222 K	 46.18  
 223 N	 52.97  
 224 S	 38.64  
 225 R	 48.34  
 226 E	 39.56  
 227 F	 5.30  
 228 L	 2.92  
 229 Y	 10.55  
 230 Y	 13.19  
 231 R	 20.56  
 232 R	 22.98  
 233 K	 36.48  
 234 V	 5.69  
 235 A	 14.99  
 236 E	 46.44  
 237 I	 5.71  
 238 R	 23.44  
 239 K	 64.16  
 240 E	 46.62  
 241 A	 26.23  
 242 Q	 60.08  
 243 K	 46.26  
 244 P	 19.57  
 245 Q	 51.14  
 246 A	 22.47  
 247 A	 12.81  
 248 T	 31.75  
 249 Q	 39.15  
 250 K	 40.08  
 251 V	 8.15  
 252 S	 41.60  
 253 P	 39.01  
 254 P	 54.91  
 255 E	 79.87  
 256 D	 65.88  
 257 E	 59.18  
 258 E	 76.81  
 259 A	 12.18  
 260 K	 56.63  
 261 N	 52.08  
 262 L	 6.84  
 263 A	 22.67  
 264 E	 52.33  
 265 K	 41.67  
 266 L	 2.88  
 267 A	 18.53  
 268 R	 33.66  
 269 F	 4.49  
 270 I	 2.59  
 271 A	 13.49  
 272 D	 58.74  
 273 G	 44.53  
 274 G	 18.75  
 275 P	 48.25  
 276 E	 57.15  
 277 V	 9.89  
 278 E	 32.60  
 279 T	 19.41  
 280 I	 1.97  
 281 A	 15.54  
 282 L	 5.04  
 283 Q	 35.81  
 284 N	 50.83  
 285 N	 39.42  
 286 R	 52.36  
 287 E	 56.68  
 288 N	 34.93  
 289 Q	 38.74  
 290 A	 17.40  
 291 F	 3.70  
 292 S	 19.84  
 293 F	 6.22  
 294 L	 4.61  
 295 Y	 27.61  
 296 D	 37.74  
 297 P	 28.90  
 298 N	 44.03  
 299 S	 30.30  
 300 Q	 60.62  
 301 G	 14.54  
 302 Y	 6.44  
 303 R	 28.91  
 304 Y	 8.43  
 305 Y	 9.51  
 306 R	 20.44  
 307 Q	 34.24  
 308 K	 49.24  
 309 L	 6.04  
 310 D	 61.08  
 311 E	 58.76  
 312 F	 10.95  
 313 R	 35.65  
 314 K	 60.61  
 315 A	 11.59  
 316 K	 57.21  
 317 A	 23.25  
 318 G	 25.65  
 319 S	 34.16  
 320 T	 35.61  
 321 G	 29.05  
 322 S	 28.31  
 323 F	 6.73  
 324 P	 38.74  
 325 A	 15.75  
 326 P	 48.79  
 327 A	 20.71  
 328 P	 52.81  
 329 N	 40.68  
 330 P	 33.41  
 331 S	 40.94  
 332 L	 6.91  
 333 R	 48.60  
 334 R	 42.44  
 335 K	 44.53  
 336 S	 47.44  
 337 A	 14.69  
 338 P	 34.19  
 339 E	 63.06  
 340 A	 13.13  
 341 L	 4.65  
 342 S	 31.58  
 343 G	 31.29  
 344 A	 13.78  
 345 V	 7.08  
 346 P	 17.65  
 347 P	 29.93  
 348 I	 2.89  
 349 T	 28.16  
 350 A	 9.67  
 351 C	 2.63  
 352 P	 36.95  
 353 T	 30.22  
 354 P	 12.86  
 355 V	 12.55  
 356 A	 8.85  
 357 P	 38.72  
 358 A	 8.57  
 359 P	 35.36  
 360 A	 18.80  
 361 V	 9.56  
 362 N	 36.51  
 363 P	 38.80  
 364 T	 25.19  
 365 P	 31.36  
 366 S	 43.84  
 367 I	 5.70  
 368 P	 49.44  
 369 G	 47.07  
 370 K	 33.56  
 371 P	 32.93  
 372 T	 39.88  
 373 A	 12.08  
 374 T	 20.02  
 375 A	 14.06  
 376 A	 11.74  
 377 V	 5.97  
 378 K	 47.69  
 379 R	 37.10  
 380 K	 59.46  
 381 R	 46.33  
 382 K	 47.62  
 383 S	 36.98  
 384 R	 45.46  
 385 W	 33.51  
 386 G	 20.73  
 387 P	 34.54  
 388 E	 74.92  
 389 E	 67.29  
 390 D	 59.65  
 391 K	 40.67  
 392 V	 16.47  
 393 E	 62.39  
 394 L	 7.44  
 395 P	 16.73  
 396 P	 51.49  
 397 A	 23.61  
 398 E	 50.87  
 399 L	 5.52  
 400 A	 8.21  
 401 Q	 57.09  
 402 R	 36.93  
 403 D	 30.92  
 404 I	 5.33  
 405 D	 45.33  
 406 A	 24.55  
 407 S	 23.35  
 408 P	 41.51  
 409 S	 35.66  
 410 P	 31.85  
 411 L	 10.32  
 412 S	 22.55  
 413 V	 7.27  
 414 Q	 47.12  
 415 D	 48.47  
 416 L	 2.37  
 417 K	 61.45  
 418 G	 31.47  
 419 L	 6.71  
 420 G	 36.90  
 421 Y	 21.36  
 422 E	 54.24  
 423 K	 64.84  
 424 G	 27.79  
 425 K	 47.82  
 426 P	 33.79  
 427 V	 12.03  
 428 G	 24.15  
 429 L	 2.85  
 430 V	 4.82  
 431 G	 26.18  
 432 V	 2.68  
 433 T	 25.86  
 434 E	 43.82  
 435 L	 4.02  
 436 S	 25.35  
 437 D	 66.69  
 438 A	 21.51  
 439 Q	 59.47  
 440 K	 44.18  
 441 K	 49.10  
 442 Q	 65.88  
 443 L	 10.15  
 444 K	 51.49  
 445 E	 67.12  
 446 Q	 42.84  
 447 Q	 49.58  
 448 E	 38.36  
 449 M	 2.66  
 450 Q	 24.92  
 451 Q	 30.96  
 452 M	 1.40  
 453 Y	 9.68  
 454 D	 18.13  
 455 M	 1.19  
 456 I	 1.88  
 457 M	 2.47  
 458 Q	 28.20  
 459 H	 12.28  
 460 K	 25.59  
 461 R	 32.92  
 462 A	 12.56  
 463 M	 3.94  
 464 Q	 41.88  
 465 D	 17.45  
 466 M	 1.38  
 467 Q	 41.51  
 468 L	 4.88  
 469 L	 2.90  
 470 W	 17.40  
 471 E	 28.55  
 472 K	 42.70  
 473 A	 10.09  
 474 L	 8.14  
 475 Q	 43.50  
 476 Q	 38.77  
 477 H	 14.51  
 478 Q	 27.62  
 479 H	 34.36  
 480 G	 22.75  
 481 Y	 15.34  
 482 D	 54.96  
 483 S	 38.14  
 484 D	 53.85  
 485 E	 64.96  
 486 E	 57.52  
 487 V	 10.37  
 488 D	 39.41  
 489 S	 39.64  
 490 E	 46.91  
 491 L	 9.55  
 492 G	 25.40  
 493 T	 40.06  
 494 W	 10.16  
 495 E	 22.92  
 496 H	 24.44  
 497 Q	 25.75  
 498 L	 3.96  
 499 R	 29.36  
 500 R	 33.72  
 501 M	 3.96  
 502 E	 42.28  
 503 M	 4.71  
 504 D	 35.55  
 505 K	 48.44  
 506 T	 29.56  
 507 R	 43.11  
 508 E	 57.16  
 509 W	 11.21  
 510 A	 7.01  
 511 E	 47.39  
 512 Q	 41.90  
 513 L	 2.43  
 514 T	 19.06  
 515 Q	 40.71  
 516 M	 3.13  
 517 G	 25.93  
 518 R	 45.72  
 519 G	 23.28  
 520 K	 33.70  
 521 H	 23.52  
 522 F	 8.33  
 523 I	 5.31  
 524 G	 20.76  
 525 D	 36.77  
 526 F	 10.46  
 527 L	 7.77  
 528 P	 34.00  
 529 P	 50.26  
 530 D	 71.78  
 531 E	 65.68  
 532 L	 12.98  
 533 E	 42.05  
 534 K	 63.74  
 535 F	 3.79  
 536 M	 7.60  
 537 E	 54.98  
 538 T	 20.74  
 539 F	 2.51  
 540 K	 61.30  
 541 A	 21.48  
 542 L	 5.52  
 543 K	 64.08  
 544 E	 65.42  
 545 G	 37.35  
 546 R	 54.06  
 547 E	 54.07  
 548 P	 44.47  
 549 D	 55.63  
 550 Y	 17.70  
 551 S	 41.66  
 552 E	 55.16  
 553 Y	 15.18  
 554 K	 53.26  
 555 E	 47.30  
 556 F	 7.41  
 557 K	 44.32  
 558 L	 8.66  
 559 T	 26.77  
 560 V	 8.42  
 561 E	 37.58  
 562 N	 28.75  
 563 I	 3.26  
 564 G	 20.43  
 565 Y	 6.22  
 566 Q	 17.20  
 567 M	 2.73  
 568 L	 1.44  
 569 M	 2.06  
 570 K	 30.24  
 571 M	 4.88  
 572 G	 27.13  
 573 W	 7.63  
 574 K	 50.54  
 575 E	 56.84  
 576 G	 30.46  
 577 E	 52.95  
 578 G	 40.02  
 579 L	 7.16  
 580 G	 32.36  
 581 T	 41.82  
 582 E	 47.96  
 583 G	 30.74  
 584 Q	 44.18  
 585 G	 43.63  
 586 I	 2.75  
 587 K	 63.12  
 588 N	 43.78  
 589 P	 26.51  
 590 V	 18.91  
 591 N	 38.00  
 592 K	 50.59  
 593 G	 23.97  
 594 A	 11.81  
 595 T	 32.71  
 596 T	 19.28  
 597 I	 3.90  
 598 D	 38.51  
 599 G	 24.61  
 600 A	 13.34  
 601 G	 27.17  
 602 F	 8.43  
 603 G	 21.70  
 604 I	 3.66  
 605 D	 51.38  
 606 R	 30.33  
 607 P	 26.74  
 608 A	 31.12  
 609 E	 57.15  
 610 L	 10.87  
 611 S	 26.04  
 612 K	 77.21  
 613 E	 68.28  
 614 D	 58.75  
 615 D	 62.56  
 616 E	 58.56  
 617 Y	 21.39  
 618 E	 39.01  
 619 A	 14.51  
 620 F	 6.72  
 621 R	 32.49  
 622 K	 37.89  
 623 R	 16.10  
 624 M	 2.64  
 625 M	 1.94  
 626 L	 2.50  
 627 A	 3.89  
 628 Y	 13.31  
 629 R	 18.58  
 630 F	 11.24  
 631 R	 22.53  
 632 P	 44.04  
 633 N	 49.81  
 634 P	 38.86  
 635 L	 14.21  
 636 N	 58.69  
 637 N	 38.85  
 638 P	 32.36  
 639 R	 55.09  
 640 R	 25.48  
 641 P	 33.77  
 642 Y	 21.72  
 643 Y	 18.11  
