 1 M	 10.41  
 2 N	 60.31  
 3 I	 3.18  
 4 P	 21.76  
 5 K	 48.71  
 6 V	 6.23  
 7 T	 19.45  
 8 T	 25.58  
 9 S	 18.55  
 10 L	 5.20  
 11 G	 23.62  
 12 A	 20.10  
 13 A	 19.61  
 14 E	 53.68  
 15 K	 57.91  
 16 A	 24.92  
 17 K	 59.48  
 18 P	 39.21  
 19 E	 60.11  
 20 R	 37.52  
 21 V	 4.43  
 22 A	 12.43  
 23 S	 14.94  
 24 V	 2.79  
 25 A	 6.73  
 26 A	 9.36  
 27 A	 11.66  
 28 A	 8.10  
 29 F	 5.31  
 30 N	 34.40  
 31 A	 5.94  
 32 V	 6.52  
 33 S	 23.75  
 34 L	 5.82  
 35 Q	 31.45  
 36 K	 54.55  
 37 R	 32.67  
 38 S	 54.32  
 39 G	 40.63  
 40 D	 51.86  
 41 D	 41.59  
 42 T	 36.85  
 43 A	 20.69  
 44 T	 25.73  
 45 P	 31.05  
 46 A	 29.48  
 47 E	 66.77  
 48 D	 52.56  
 49 P	 26.13  
 50 T	 68.40  
 51 R	 43.81  
 52 K	 60.61  
 53 K	 52.39  
 54 A	 27.34  
 55 K	 51.95  
 56 T	 36.40  
 57 E	 36.39  
 58 L	 6.07  
 59 L	 3.18  
 60 L	 10.11  
 61 G	 23.28  
 62 T	 31.18  
 63 G	 16.14  
 64 T	 21.34  
 65 A	 20.79  
 66 A	 8.28  
 67 P	 33.65  
 68 S	 42.11  
 69 L	 4.68  
 70 P	 35.73  
 71 A	 25.91  
 72 K	 47.03  
 73 A	 15.72  
 74 S	 27.75  
 75 S	 33.19  
 76 T	 39.60  
 77 A	 11.23  
 78 P	 23.65  
 79 Q	 44.05  
 80 Q	 32.17  
 81 L	 3.97  
 82 L	 2.73  
 83 Y	 15.52  
 84 Q	 32.79  
 85 R	 29.24  
 86 S	 25.98  
 87 G	 26.30  
 88 Q	 41.11  
 89 Q	 48.64  
 90 A	 10.98  
 91 K	 34.71  
 92 A	 23.55  
 93 Q	 36.22  
 94 V	 5.64  
 95 K	 26.59  
 96 A	 19.84  
 97 A	 14.54  
 98 S	 55.45  
 99 E	 42.10  
 100 P	 32.93  
 101 Q	 64.43  
 102 D	 51.43  
 103 V	 6.24  
 104 E	 46.71  
 105 T	 29.87  
 106 A	 9.69  
 107 D	 60.65  
 108 G	 21.68  
 109 V	 4.26  
 110 W	 10.08  
 111 D	 29.35  
 112 A	 10.96  
 113 R	 39.54  
 114 D	 46.59  
 115 Q	 30.71  
 116 Q	 31.50  
 117 I	 1.80  
 118 I	 2.22  
 119 V	 2.03  
 120 C	 2.16  
 121 N	 33.16  
 122 F	 7.53  
 123 G	 15.92  
 124 S	 38.10  
 125 G	 26.52  
 126 T	 25.21  
 127 E	 38.86  
 128 M	 4.39  
 129 G	 20.23  
 130 A	 9.98  
 131 I	 3.44  
 132 K	 45.23  
 133 A	 17.49  
 134 E	 49.05  
 135 D	 66.00  
 136 A	 19.87  
 137 D	 62.95  
 138 K	 58.40  
 139 Q	 41.88  
 140 S	 42.19  
 141 E	 36.02  
 142 Y	 20.63  
 143 R	 16.60  
 144 I	 5.42  
 145 S	 24.30  
 146 T	 24.72  
 147 P	 27.02  
 148 R	 56.36  
 149 N	 45.67  
 150 S	 35.94  
 151 Q	 51.26  
 152 S	 39.99  
 153 N	 24.49  
 154 P	 41.36  
 155 L	 8.02  
 156 L	 3.63  
 157 H	 28.73  
 158 R	 42.01  
 159 N	 25.63  
 160 T	 24.09  
 161 A	 14.85  
 162 F	 5.75  
 163 T	 22.07  
 164 S	 25.19  
 165 F	 12.03  
 166 T	 40.76  
 167 K	 46.98  
 168 K	 59.32  
 169 E	 62.64  
 170 G	 39.37  
 171 A	 13.82  
 172 S	 35.36  
 173 S	 29.41  
 174 S	 29.67  
 175 A	 18.51  
 176 S	 32.47  
 177 S	 33.68  
 178 S	 26.30  
 179 S	 33.39  
 180 S	 29.91  
 181 T	 25.54  
 182 A	 12.07  
 183 S	 21.77  
 184 V	 3.54  
 185 I	 2.96  
 186 S	 20.81  
 187 I	 6.57  
 188 E	 26.99  
 189 P	 42.17  
 190 S	 32.57  
 191 G	 46.65  
 192 S	 37.30  
 193 G	 40.22  
 194 Q	 40.80  
 195 D	 46.63  
 196 H	 27.36  
 197 A	 26.42  
 198 E	 48.81  
 199 N	 57.77  
 200 S	 38.82  
 201 G	 49.44  
 202 K	 50.95  
 203 S	 39.61  
 204 E	 67.11  
 205 D	 52.51  
 206 L	 4.49  
 207 D	 43.76  
 208 Y	 11.63  
 209 V	 3.54  
 210 L	 2.50  
 211 M	 1.53  
 212 P	 21.07  
 213 A	 13.46  
 214 S	 28.74  
 215 G	 35.19  
 216 A	 15.83  
 217 D	 46.80  
 218 S	 34.67  
 219 S	 25.83  
 220 T	 31.23  
 221 S	 29.94  
 222 V	 9.48  
 223 G	 23.34  
 224 N	 33.95  
 225 S	 23.45  
 226 T	 42.64  
 227 G	 23.20  
 228 T	 37.66  
 229 G	 30.92  
 230 T	 15.14  
 231 P	 30.00  
 232 A	 34.04  
 233 G	 32.97  
 234 T	 17.53  
 235 P	 23.30  
 236 I	 6.19  
 237 G	 20.34  
 238 A	 14.39  
 239 T	 18.96  
 240 T	 24.28  
 241 S	 17.16  
 242 T	 15.22  
 243 I	 3.19  
 244 I	 2.16  
 245 L	 4.35  
 246 N	 30.16  
 247 A	 13.86  
 248 N	 46.52  
 249 N	 46.94  
 250 G	 19.42  
 251 T	 23.51  
 252 A	 20.14  
 253 G	 17.60  
 254 V	 4.41  
 255 S	 23.23  
 256 G	 26.14  
 257 A	 12.49  
 258 G	 27.41  
 259 T	 21.89  
 260 T	 15.77  
 261 T	 17.52  
 262 I	 3.53  
 263 L	 3.79  
 264 T	 30.05  
 265 Q	 34.18  
 266 K	 53.84  
 267 S	 26.45  
 268 G	 38.38  
 269 H	 20.31  
 270 T	 42.81  
 271 N	 23.37  
 272 Y	 15.70  
 273 N	 34.15  
 274 I	 1.67  
 275 F	 6.22  
 276 N	 32.49  
 277 T	 13.68  
 278 T	 24.27  
 279 A	 14.13  
 280 T	 34.96  
 281 G	 18.45  
 282 S	 26.90  
 283 Q	 53.49  
 284 T	 25.05  
 285 P	 21.80  
 286 T	 35.48  
 287 T	 19.36  
 288 T	 31.55  
 289 L	 3.61  
 290 L	 3.46  
 291 N	 49.30  
 292 R	 20.76  
 293 V	 9.70  
 294 N	 29.42  
 295 L	 7.18  
 296 H	 18.09  
 297 P	 41.42  
 298 K	 42.13  
 299 M	 7.18  
 300 K	 38.97  
 301 T	 24.36  
 302 Q	 23.26  
 303 L	 5.11  
 304 M	 1.25  
 305 V	 9.54  
 306 N	 31.88  
 307 A	 10.03  
 308 K	 49.39  
 309 K	 55.63  
 310 L	 5.34  
 311 S	 38.61  
 312 E	 61.08  
 313 V	 4.28  
 314 T	 19.02  
 315 Q	 41.87  
 316 T	 21.25  
 317 T	 18.05  
 318 A	 17.40  
 319 K	 34.13  
 320 V	 4.71  
 321 S	 24.87  
 322 I	 8.69  
 323 G	 23.29  
 324 N	 36.31  
 325 K	 41.86  
 326 T	 23.60  
 327 I	 4.11  
 328 S	 23.94  
 329 V	 3.24  
 330 P	 25.78  
 331 L	 10.08  
 332 L	 4.37  
 333 K	 43.73  
 334 P	 33.01  
 335 L	 3.96  
 336 M	 4.22  
 337 S	 27.28  
 338 A	 9.68  
 339 S	 22.97  
 340 G	 20.96  
 341 A	 10.11  
 342 A	 11.08  
 343 T	 25.87  
 344 A	 15.08  
 345 G	 23.16  
 346 G	 19.65  
 347 A	 8.01  
 348 T	 28.91  
 349 I	 2.99  
 350 V	 6.20  
 351 E	 48.66  
 352 S	 18.14  
 353 K	 31.31  
 354 Q	 57.60  
 355 L	 5.73  
 356 L	 5.52  
 357 Q	 43.09  
 358 P	 49.18  
 359 G	 26.63  
 360 G	 26.01  
 361 Q	 34.99  
 362 V	 5.68  
 363 T	 13.04  
 364 T	 18.50  
 365 V	 1.77  
 366 M	 1.80  
 367 S	 19.00  
 368 A	 7.38  
 369 A	 10.71  
 370 Q	 37.37  
 371 Q	 39.04  
 372 S	 32.58  
 373 G	 33.32  
 374 G	 21.72  
 375 Q	 45.72  
 376 Q	 38.47  
 377 V	 6.11  
 378 H	 11.47  
 379 P	 32.13  
 380 H	 18.29  
 381 V	 6.12  
 382 H	 15.72  
 383 S	 22.68  
 384 H	 17.76  
 385 A	 14.51  
 386 H	 15.82  
 387 H	 31.70  
 388 N	 36.09  
 389 F	 5.75  
 390 T	 30.20  
 391 K	 44.04  
 392 L	 5.18  
 393 I	 2.81  
 394 K	 62.83  
 395 R	 60.70  
 396 G	 32.31  
 397 P	 36.37  
 398 K	 67.57  
 399 N	 49.13  
 400 S	 43.36  
 401 G	 28.93  
 402 T	 20.30  
 403 I	 2.52  
 404 V	 4.79  
 405 S	 15.16  
 406 F	 4.68  
 407 S	 30.96  
 408 G	 21.42  
 409 L	 4.63  
 410 Q	 45.22  
 411 I	 7.49  
 412 K	 25.72  
 413 P	 32.16  
 414 A	 31.18  
 415 N	 50.89  
 416 T	 25.01  
 417 K	 34.68  
 418 I	 2.10  
 419 V	 6.20  
 420 A	 12.74  
 421 T	 17.30  
 422 K	 30.79  
 423 V	 5.23  
 424 V	 8.07  
 425 S	 29.55  
 426 K	 30.50  
 427 K	 37.02  
 428 M	 3.11  
 429 L	 6.71  
 430 Q	 33.45  
 431 L	 4.69  
 432 Q	 26.25  
 433 Q	 44.97  
 434 H	 17.92  
 435 Q	 32.32  
 436 Q	 39.97  
 437 Q	 28.96  
 438 I	 3.29  
 439 Q	 30.60  
 440 Q	 44.68  
 441 Q	 19.33  
 442 Q	 41.43  
 443 Q	 36.58  
 444 L	 2.81  
 445 Q	 37.28  
 446 Q	 42.32  
 447 L	 2.59  
 448 Q	 31.91  
 449 V	 6.64  
 450 T	 14.53  
 451 S	 36.26  
 452 G	 25.48  
 453 G	 27.92  
 454 G	 23.38  
 455 L	 7.96  
 456 A	 15.99  
 457 P	 31.84  
 458 P	 43.73  
 459 T	 42.37  
 460 G	 22.58  
 461 S	 19.16  
 462 I	 3.16  
 463 V	 3.20  
 464 T	 15.78  
 465 I	 1.92  
 466 T	 20.43  
 467 T	 22.26  
 468 T	 36.16  
 469 N	 31.94  
 470 P	 26.23  
 471 S	 36.91  
 472 Q	 39.52  
 473 T	 20.00  
 474 Y	 5.76  
 475 A	 8.61  
 476 M	 1.64  
 477 V	 4.32  
 478 Q	 26.34  
 479 D	 28.91  
 480 S	 14.56  
 481 A	 18.00  
 482 T	 29.92  
 483 V	 9.64  
 484 G	 11.19  
 485 P	 23.18  
 486 A	 16.33  
 487 A	 15.18  
 488 H	 33.55  
 489 S	 37.68  
 490 E	 50.47  
 491 D	 61.46  
 492 D	 50.85  
 493 A	 17.93  
 494 P	 50.20  
 495 A	 20.46  
 496 P	 36.72  
 497 R	 45.15  
 498 K	 43.26  
 499 I	 2.55  
 500 T	 23.68  
 501 A	 14.88  
 502 Y	 14.10  
 503 S	 19.97  
 504 E	 49.65  
 505 N	 41.66  
 506 L	 4.88  
 507 Q	 42.18  
 508 K	 52.94  
 509 I	 3.10  
 510 L	 9.46  
 511 N	 50.45  
 512 K	 56.68  
 513 S	 36.14  
 514 K	 58.74  
 515 S	 46.39  
 516 Q	 53.01  
 517 E	 58.31  
 518 S	 25.39  
 519 T	 45.46  
 520 G	 59.96  
 521 G	 26.91  
 522 P	 39.01  
 523 E	 69.85  
 524 E	 61.99  
 525 F	 6.38  
 526 T	 38.17  
 527 N	 36.44  
 528 I	 3.55  
 529 N	 30.71  
 530 S	 17.60  
 531 V	 4.45  
 532 V	 4.71  
 533 I	 3.40  
 534 K	 28.11  
 535 P	 34.37  
 536 L	 14.39  
 537 D	 51.16  
 538 K	 60.56  
 539 N	 49.84  
 540 T	 25.70  
 541 L	 9.68  
 542 N	 33.92  
 543 C	 6.20  
 544 P	 26.88  
 545 P	 54.47  
 546 S	 18.96  
 547 F	 11.37  
 548 N	 43.03  
 549 I	 4.26  
 550 F	 6.49  
 551 K	 43.32  
 552 Q	 37.10  
 553 Q	 43.47  
 554 Q	 35.39  
 555 H	 19.96  
 556 S	 19.71  
 557 Q	 38.29  
 558 A	 15.52  
 559 A	 11.26  
 560 Q	 45.05  
 561 S	 22.59  
 562 Q	 32.48  
 563 S	 24.61  
 564 I	 2.07  
 565 S	 23.34  
 566 A	 14.18  
 567 V	 5.11  
 568 G	 21.78  
 569 S	 20.90  
 570 G	 23.30  
 571 A	 22.00  
 572 G	 33.79  
 573 T	 17.66  
 574 P	 23.41  
 575 V	 7.45  
 576 T	 18.00  
 577 F	 4.47  
 578 T	 11.49  
 579 M	 2.14  
 580 A	 15.95  
 581 S	 23.04  
 582 G	 24.96  
 583 N	 33.50  
 584 A	 14.14  
 585 S	 36.84  
 586 D	 37.60  
 587 L	 4.17  
 588 A	 17.52  
 589 T	 28.69  
 590 T	 19.45  
 591 S	 23.58  
 592 T	 18.08  
 593 V	 5.50  
 594 S	 15.50  
 595 V	 3.85  
 596 S	 17.30  
 597 A	 19.59  
 598 G	 14.22  
 599 T	 16.64  
 600 I	 1.86  
 601 C	 2.12  
 602 I	 5.17  
 603 N	 35.33  
 604 S	 8.34  
 605 P	 16.58  
 606 M	 3.77  
 607 M	 5.87  
 608 G	 16.60  
 609 T	 18.51  
 610 R	 18.07  
 611 P	 28.27  
 612 I	 3.30  
 613 I	 3.08  
 614 S	 20.88  
 615 I	 3.54  
 616 Q	 48.32  
 617 N	 37.36  
 618 K	 39.00  
 619 N	 36.31  
 620 I	 3.44  
 621 S	 23.09  
 622 L	 3.88  
 623 V	 4.53  
 624 L	 5.43  
 625 S	 22.07  
 626 K	 43.80  
 627 T	 20.59  
 628 T	 17.78  
 629 M	 3.71  
 630 A	 13.42  
 631 Q	 40.79  
 632 Q	 55.25  
 633 K	 34.23  
 634 P	 27.40  
 635 K	 50.39  
 636 M	 4.46  
 637 I	 3.75  
 638 T	 18.00  
 639 T	 13.58  
 640 T	 19.65  
 641 T	 23.66  
 642 L	 4.33  
 643 S	 20.50  
 644 S	 27.27  
 645 Q	 27.55  
 646 A	 16.46  
 647 A	 7.24  
 648 L	 5.35  
 649 Q	 25.16  
 650 M	 2.32  
 651 H	 7.07  
 652 H	 19.52  
 653 A	 7.53  
 654 L	 2.91  
 655 I	 4.42  
 656 Q	 45.44  
 657 D	 37.25  
 658 S	 15.85  
 659 S	 49.10  
 660 A	 26.69  
 661 D	 43.20  
 662 K	 55.13  
 663 A	 24.52  
 664 G	 28.07  
 665 S	 31.01  
 666 S	 30.47  
 667 A	 18.86  
 668 N	 49.18  
 669 S	 33.56  
 670 G	 22.55  
 671 S	 28.35  
 672 A	 14.87  
 673 T	 29.41  
 674 S	 31.88  
 675 G	 19.81  
 676 A	 11.12  
 677 S	 15.58  
 678 M	 5.54  
 679 Q	 32.71  
 680 L	 3.53  
 681 K	 27.22  
 682 L	 7.56  
 683 T	 23.44  
 684 T	 28.48  
 685 A	 16.80  
 686 N	 44.49  
 687 T	 29.85  
 688 P	 27.61  
 689 T	 42.45  
 690 K	 39.71  
 691 L	 7.22  
 692 S	 15.94  
 693 V	 8.67  
 694 S	 18.55  
 695 L	 8.21  
 696 A	 7.25  
 697 P	 39.98  
 698 D	 52.84  
 699 V	 3.89  
 700 V	 8.36  
 701 K	 50.45  
 702 L	 4.60  
 703 E	 44.94  
 704 E	 63.72  
 705 V	 8.15  
 706 G	 29.04  
 707 S	 43.82  
 708 E	 50.78  
 709 S	 39.34  
 710 K	 45.55  
 711 A	 19.60  
 712 K	 46.20  
 713 L	 8.75  
 714 L	 4.45  
 715 V	 9.72  
 716 K	 42.25  
 717 Q	 36.08  
 718 E	 37.40  
 719 A	 14.65  
 720 V	 5.60  
 721 V	 8.00  
 722 K	 39.09  
 723 D	 39.56  
 724 S	 24.02  
 725 T	 56.03  
 726 G	 33.38  
 727 T	 24.39  
 728 P	 34.96  
 729 T	 48.92  
 730 S	 38.37  
 731 E	 54.72  
 732 E	 57.89  
 733 R	 43.16  
 734 A	 23.27  
 735 E	 57.26  
 736 E	 45.81  
 737 I	 5.84  
 738 G	 38.20  
 739 T	 33.66  
 740 P	 39.64  
 741 E	 51.12  
 742 K	 64.49  
 743 R	 31.35  
 744 L	 11.99  
 745 N	 34.87  
 746 A	 16.18  
 747 N	 34.57  
 748 A	 9.06  
 749 T	 18.18  
 750 M	 1.90  
 751 T	 21.74  
 752 A	 6.47  
 753 I	 2.45  
 754 N	 33.24  
 755 Q	 31.87  
 756 V	 5.09  
 757 Q	 32.26  
 758 N	 38.63  
 759 Q	 27.16  
 760 S	 36.41  
 761 A	 11.37  
 762 N	 44.74  
 763 Q	 27.32  
 764 I	 2.79  
 765 Q	 12.99  
 766 M	 4.73  
 767 A	 5.09  
 768 T	 27.48  
 769 S	 15.72  
 770 T	 26.24  
 771 S	 23.03  
 772 T	 33.91  
 773 A	 13.69  
 774 S	 49.73  
 775 N	 31.88  
 776 P	 36.76  
 777 S	 61.83  
 778 T	 28.48  
 779 P	 49.49  
 780 N	 44.99  
 781 P	 38.64  
 782 T	 32.79  
 783 V	 4.91  
 784 N	 40.34  
 785 A	 14.56  
 786 T	 20.19  
 787 P	 22.54  
 788 M	 6.81  
 789 N	 42.56  
 790 N	 32.18  
 791 Q	 35.38  
 792 R	 30.32  
 793 S	 23.28  
 794 A	 19.63  
 795 A	 26.39  
 796 E	 52.06  
 797 D	 40.76  
 798 N	 24.80  
 799 A	 26.96  
 800 L	 8.44  
 801 L	 2.86  
 802 K	 39.49  
 803 Q	 47.58  
 804 L	 5.20  
 805 L	 4.79  
 806 Q	 56.50  
 807 N	 50.77  
 808 N	 30.24  
 809 S	 40.54  
 810 S	 33.91  
 811 S	 19.54  
 812 H	 37.95  
 813 S	 30.85  
 814 L	 4.59  
 815 N	 39.91  
 816 Q	 35.78  
 817 I	 2.90  
 818 S	 15.28  
 819 I	 3.64  
 820 T	 17.05  
 821 S	 18.08  
 822 A	 7.85  
 823 H	 25.00  
 824 V	 6.92  
 825 G	 13.97  
 826 S	 20.26  
 827 A	 11.82  
 828 S	 25.18  
 829 A	 14.93  
 830 S	 28.11  
 831 A	 14.58  
 832 P	 25.09  
 833 L	 6.64  
 834 S	 25.60  
 835 A	 24.01  
 836 R	 30.33  
 837 K	 47.38  
 838 V	 2.99  
 839 I	 4.41  
 840 N	 21.88  
 841 V	 3.67  
 842 R	 35.97  
 843 A	 9.02  
 844 P	 17.81  
 845 S	 38.90  
 846 M	 6.16  
 847 G	 29.64  
 848 K	 26.32  
 849 V	 4.10  
 850 R	 38.72  
 851 S	 38.81  
 852 L	 6.19  
 853 E	 44.98  
 854 D	 54.83  
 855 Q	 27.87  
 856 L	 7.26  
 857 A	 14.22  
 858 R	 34.31  
 859 P	 23.84  
 860 V	 9.52  
 861 I	 3.37  
 862 P	 24.87  
 863 P	 33.33  
 864 V	 5.73  
 865 P	 23.30  
 866 T	 42.44  
 867 A	 7.52  
 868 T	 22.63  
 869 Q	 27.10  
 870 A	 14.94  
 871 A	 14.48  
 872 G	 30.95  
 873 S	 23.48  
 874 S	 33.06  
 875 S	 30.16  
 876 S	 40.44  
 877 S	 36.71  
 878 G	 28.25  
 879 S	 15.55  
 880 V	 8.43  
 881 A	 9.49  
 882 T	 25.17  
 883 S	 17.64  
 884 T	 24.65  
 885 T	 23.16  
 886 T	 22.13  
 887 T	 19.72  
 888 T	 16.39  
 889 V	 3.61  
 890 A	 10.60  
 891 S	 39.07  
 892 G	 30.20  
 893 G	 22.94  
 894 S	 28.62  
 895 S	 28.10  
 896 Q	 43.39  
 897 Q	 28.85  
 898 V	 3.86  
 899 A	 7.97  
 900 T	 23.45  
 901 A	 6.34  
 902 S	 23.07  
 903 A	 8.40  
 904 T	 26.65  
 905 A	 15.02  
 906 L	 3.60  
 907 P	 18.62  
 908 V	 6.28  
 909 S	 18.32  
 910 A	 8.59  
 911 V	 2.85  
 912 A	 7.98  
 913 I	 3.37  
 914 T	 19.73  
 915 T	 16.36  
 916 P	 27.16  
 917 G	 28.72  
 918 V	 10.55  
 919 G	 33.85  
 920 G	 29.31  
 921 E	 36.38  
 922 A	 25.63  
 923 K	 48.53  
 924 L	 12.43  
 925 E	 56.08  
 926 Q	 62.07  
 927 K	 46.77  
 928 S	 40.97  
 929 D	 66.57  
 930 Q	 36.30  
 931 P	 28.75  
 932 A	 12.18  
 933 A	 12.41  
 934 I	 2.95  
 935 M	 2.34  
 936 Q	 38.40  
 937 N	 26.54  
 938 Q	 29.51  
 939 S	 38.35  
 940 Q	 35.97  
 941 N	 45.27  
 942 Q	 47.83  
 943 A	 26.56  
 944 P	 31.97  
 945 P	 57.98  
 946 P	 53.63  
 947 P	 60.86  
 948 P	 60.00  
 949 P	 45.14  
 950 P	 50.84  
 951 Q	 60.53  
 952 Q	 49.15  
 953 Q	 37.49  
 954 Q	 38.42  
 955 Q	 28.75  
 956 Q	 43.39  
 957 Q	 36.25  
 958 L	 3.35  
 959 H	 32.70  
 960 Q	 46.20  
 961 P	 17.09  
 962 Q	 50.47  
 963 Q	 49.07  
 964 L	 7.33  
 965 Q	 31.89  
 966 P	 59.42  
 967 S	 23.27  
 968 P	 28.72  
 969 H	 49.78  
 970 Q	 47.70  
 971 V	 4.51  
 972 K	 33.41  
 973 Q	 48.31  
 974 T	 14.52  
 975 V	 3.20  
 976 Q	 33.48  
 977 I	 3.08  
 978 V	 3.60  
 979 S	 26.80  
 980 K	 54.86  
 981 E	 42.02  
 982 T	 32.45  
 983 S	 22.98  
 984 F	 7.23  
 985 I	 4.69  
 986 S	 34.73  
 987 G	 18.84  
 988 P	 13.04  
 989 V	 10.37  
 990 A	 13.33  
 991 A	 12.95  
 992 K	 32.43  
 993 T	 23.02  
 994 L	 4.41  
 995 V	 5.71  
 996 T	 24.02  
 997 E	 42.33  
 998 A	 14.06  
 999 T	 30.93  
 1000 S	 43.63  
 1001 K	 43.84  
 1002 P	 30.63  
 1003 A	 24.65  
 1004 E	 60.41  
 1005 L	 10.65  
 1006 L	 4.50  
 1007 P	 52.56  
 1008 P	 42.33  
 1009 P	 42.01  
 1010 P	 43.41  
 1011 Y	 24.90  
 1012 E	 28.28  
 1013 M	 3.11  
 1014 A	 6.67  
 1015 T	 31.49  
 1016 A	 7.01  
 1017 P	 26.62  
 1018 I	 4.31  
 1019 S	 24.96  
 1020 N	 35.35  
 1021 V	 3.92  
 1022 T	 17.17  
 1023 I	 2.76  
 1024 S	 10.92  
 1025 I	 5.54  
 1026 S	 23.82  
 1027 T	 26.04  
 1028 K	 31.02  
 1029 Q	 42.73  
 1030 A	 27.56  
 1031 A	 17.13  
 1032 P	 33.40  
 1033 K	 67.35  
 1034 E	 43.08  
 1035 L	 8.23  
 1036 Q	 38.66  
 1037 M	 14.52  
 1038 K	 30.33  
 1039 P	 25.21  
 1040 K	 50.39  
 1041 A	 11.66  
 1042 V	 6.00  
 1043 A	 6.16  
 1044 M	 3.21  
 1045 S	 21.42  
 1046 L	 2.76  
 1047 P	 19.56  
 1048 M	 7.92  
 1049 E	 49.85  
 1050 Q	 59.39  
 1051 G	 27.61  
 1052 D	 41.84  
 1053 E	 62.08  
 1054 S	 54.70  
 1055 L	 5.21  
 1056 P	 40.72  
 1057 E	 68.65  
 1058 Q	 49.43  
 1059 A	 29.60  
 1060 E	 47.33  
 1061 P	 39.51  
 1062 P	 33.92  
 1063 L	 11.54  
 1064 H	 34.75  
 1065 S	 39.02  
 1066 E	 42.14  
 1067 Q	 50.24  
 1068 G	 22.35  
 1069 A	 8.18  
 1070 T	 24.70  
 1071 A	 11.15  
 1072 A	 14.51  
 1073 G	 17.41  
 1074 V	 6.85  
 1075 A	 8.65  
 1076 P	 21.55  
 1077 H	 29.36  
 1078 S	 44.37  
 1079 G	 38.41  
 1080 G	 18.51  
 1081 P	 32.87  
 1082 L	 5.56  
 1083 V	 5.12  
 1084 S	 23.56  
 1085 A	 11.05  
 1086 Q	 39.77  
 1087 W	 10.79  
 1088 T	 17.67  
 1089 N	 30.85  
 1090 N	 33.47  
 1091 H	 27.59  
 1092 L	 7.71  
 1093 E	 46.48  
 1094 G	 42.08  
 1095 G	 9.12  
 1096 V	 6.68  
 1097 A	 16.90  
 1098 T	 26.64  
 1099 T	 19.76  
 1100 K	 43.99  
 1101 I	 4.56  
 1102 P	 32.53  
 1103 F	 19.88  
 1104 K	 46.92  
 1105 P	 53.40  
 1106 G	 60.86  
 1107 E	 53.75  
 1108 P	 51.40  
 1109 Q	 54.61  
 1110 K	 63.32  
 1111 R	 40.26  
 1112 K	 65.07  
 1113 L	 5.45  
 1114 P	 23.28  
 1115 M	 11.89  
 1116 H	 12.67  
 1117 P	 30.12  
 1118 Q	 47.03  
 1119 L	 12.37  
 1120 D	 56.66  
 1121 E	 56.29  
 1122 K	 52.98  
 1123 Q	 36.35  
 1124 I	 6.22  
 1125 Q	 27.17  
 1126 Q	 46.19  
 1127 Q	 25.29  
 1128 A	 16.61  
 1129 E	 44.98  
 1130 I	 4.04  
 1131 P	 13.14  
 1132 I	 9.60  
 1133 S	 13.44  
 1134 T	 34.69  
 1135 S	 26.09  
 1136 L	 4.41  
 1137 P	 33.71  
 1138 T	 51.18  
 1139 T	 19.53  
 1140 P	 36.69  
 1141 T	 39.79  
 1142 G	 25.73  
 1143 Q	 55.88  
 1144 G	 40.33  
 1145 T	 22.04  
 1146 P	 46.37  
 1147 D	 64.69  
 1148 K	 32.84  
 1149 V	 7.94  
 1150 Q	 38.53  
 1151 L	 3.60  
 1152 I	 1.14  
 1153 S	 23.40  
 1154 A	 6.61  
 1155 I	 2.05  
 1156 A	 7.81  
 1157 T	 23.80  
 1158 Y	 10.97  
 1159 V	 5.67  
 1160 K	 30.70  
 1161 K	 42.26  
 1162 S	 39.03  
 1163 G	 48.02  
 1164 V	 6.25  
 1165 P	 36.15  
 1166 N	 55.63  
 1167 E	 42.48  
 1168 A	 27.39  
 1169 Q	 29.47  
 1170 P	 36.86  
 1171 I	 3.90  
 1172 Q	 48.90  
 1173 N	 44.16  
 1174 Q	 22.28  
 1175 S	 43.77  
 1176 Q	 36.25  
 1177 G	 34.57  
 1178 Q	 18.03  
 1179 V	 7.00  
 1180 Q	 15.47  
 1181 M	 3.61  
 1182 Q	 16.02  
 1183 A	 11.06  
 1184 Q	 13.97  
 1185 M	 3.07  
 1186 Q	 22.92  
 1187 A	 10.33  
 1188 T	 7.98  
 1189 M	 5.14  
 1190 Q	 31.62  
 1191 G	 16.93  
 1192 H	 10.42  
 1193 L	 8.66  
 1194 S	 22.70  
 1195 G	 33.30  
 1196 Q	 21.35  
 1197 M	 5.76  
 1198 S	 21.47  
 1199 G	 24.41  
 1200 Q	 21.26  
 1201 I	 6.42  
 1202 S	 19.35  
 1203 G	 18.97  
 1204 H	 12.96  
 1205 A	 19.47  
 1206 A	 12.54  
 1207 G	 27.08  
 1208 Q	 33.49  
 1209 I	 2.74  
 1210 P	 14.46  
 1211 A	 22.43  
 1212 Q	 17.93  
 1213 M	 3.56  
 1214 H	 10.88  
 1215 L	 4.47  
 1216 Q	 20.39  
 1217 V	 7.45  
 1218 Q	 12.97  
 1219 H	 33.06  
 1220 Q	 18.90  
 1221 L	 2.53  
 1222 H	 8.79  
 1223 M	 5.91  
 1224 A	 5.92  
 1225 V	 5.41  
 1226 H	 12.62  
 1227 P	 27.38  
 1228 Q	 38.55  
 1229 Q	 47.72  
 1230 Q	 37.49  
 1231 Q	 28.75  
 1232 Q	 43.39  
 1233 Q	 36.25  
 1234 L	 3.79  
 1235 H	 21.87  
 1236 Q	 59.87  
 1237 N	 44.76  
 1238 Q	 34.09  
 1239 P	 36.62  
 1240 Q	 42.29  
 1241 N	 45.81  
 1242 A	 11.14  
 1243 T	 30.58  
 1244 I	 2.83  
 1245 P	 26.68  
 1246 L	 4.75  
 1247 P	 19.10  
 1248 V	 14.31  
 1249 T	 23.11  
 1250 G	 24.94  
 1251 Q	 27.57  
 1252 G	 29.86  
 1253 A	 8.95  
 1254 V	 5.89  
 1255 P	 25.32  
 1256 I	 4.28  
 1257 P	 21.69  
 1258 V	 6.80  
 1259 P	 22.22  
 1260 T	 33.53  
 1261 M	 4.48  
 1262 E	 52.12  
 1263 S	 19.58  
 1264 K	 42.98  
 1265 A	 35.75  
 1266 G	 35.01  
 1267 D	 50.39  
 1268 Q	 52.45  
 1269 R	 38.91  
 1270 K	 51.42  
 1271 R	 52.09  
 1272 R	 45.47  
 1273 K	 57.87  
 1274 R	 47.72  
 1275 E	 52.95  
 1276 V	 11.71  
 1277 Q	 45.33  
 1278 K	 45.74  
 1279 P	 17.56  
 1280 R	 66.16  
 1281 R	 36.17  
 1282 T	 45.39  
 1283 N	 29.50  
 1284 L	 4.61  
 1285 N	 44.06  
 1286 A	 18.03  
 1287 G	 19.46  
 1288 Q	 34.13  
 1289 A	 19.92  
 1290 G	 17.64  
 1291 G	 30.65  
 1292 A	 15.55  
 1293 L	 5.12  
 1294 K	 50.59  
 1295 D	 50.76  
 1296 L	 5.96  
 1297 T	 47.06  
 1298 G	 29.10  
 1299 P	 29.90  
 1300 L	 4.86  
 1301 P	 31.61  
 1302 A	 26.51  
 1303 G	 16.56  
 1304 A	 9.33  
 1305 M	 1.61  
 1306 V	 4.12  
 1307 Q	 16.71  
 1308 L	 2.79  
 1309 A	 8.64  
 1310 G	 37.41  
 1311 M	 2.77  
 1312 P	 24.21  
 1313 P	 49.96  
 1314 G	 21.41  
 1315 T	 24.79  
 1316 Q	 38.97  
 1317 Y	 8.61  
 1318 I	 1.88  
 1319 Q	 30.45  
 1320 G	 17.35  
 1321 A	 5.10  
 1322 A	 18.47  
 1323 S	 36.03  
 1324 G	 30.87  
 1325 T	 22.94  
 1326 G	 19.31  
 1327 H	 13.98  
 1328 V	 5.59  
 1329 I	 1.77  
 1330 T	 21.10  
 1331 S	 21.29  
 1332 T	 25.52  
 1333 G	 23.24  
 1334 Q	 43.18  
 1335 G	 18.74  
 1336 V	 2.84  
 1337 T	 26.89  
 1338 L	 5.37  
 1339 G	 21.26  
 1340 G	 20.14  
 1341 V	 5.70  
 1342 G	 19.65  
 1343 A	 11.08  
 1344 S	 22.80  
 1345 T	 35.91  
 1346 G	 22.44  
 1347 A	 13.31  
 1348 S	 32.47  
 1349 S	 37.62  
 1350 S	 16.31  
 1351 P	 33.79  
 1352 M	 10.40  
 1353 L	 7.21  
 1354 K	 32.08  
 1355 K	 52.76  
 1356 R	 31.70  
 1357 V	 12.24  
 1358 R	 38.03  
 1359 K	 51.65  
 1360 F	 6.31  
 1361 S	 38.54  
 1362 K	 57.72  
 1363 V	 10.63  
 1364 E	 62.54  
 1365 E	 64.73  
 1366 D	 31.31  
 1367 H	 31.42  
 1368 D	 56.55  
 1369 A	 15.16  
 1370 F	 12.96  
 1371 T	 33.65  
 1372 E	 34.94  
 1373 K	 45.82  
 1374 L	 5.62  
 1375 L	 4.92  
 1376 T	 26.20  
 1377 H	 17.13  
 1378 I	 2.49  
 1379 R	 20.50  
 1380 Q	 33.97  
 1381 M	 2.96  
 1382 Q	 27.49  
 1383 P	 21.29  
 1384 L	 2.87  
 1385 Q	 44.42  
 1386 V	 9.59  
 1387 L	 5.67  
 1388 E	 31.64  
 1389 P	 32.86  
 1390 H	 26.76  
 1391 L	 10.62  
 1392 N	 33.54  
 1393 R	 54.26  
 1394 N	 33.40  
 1395 F	 3.78  
 1396 H	 21.83  
 1397 F	 4.68  
 1398 L	 3.04  
 1399 I	 5.78  
 1400 G	 26.94  
 1401 S	 25.21  
 1402 N	 51.88  
 1403 E	 46.15  
 1404 T	 36.60  
 1405 S	 29.30  
 1406 G	 52.48  
 1407 G	 32.92  
 1408 G	 33.70  
 1409 S	 22.14  
 1410 P	 31.46  
 1411 A	 21.40  
 1412 S	 23.68  
 1413 M	 3.89  
 1414 S	 17.84  
 1415 S	 21.15  
 1416 A	 9.72  
 1417 A	 11.23  
 1418 S	 32.64  
 1419 A	 19.70  
 1420 G	 26.09  
 1421 S	 22.34  
 1422 S	 24.24  
 1423 S	 32.41  
 1424 A	 23.69  
 1425 G	 47.54  
 1426 G	 29.76  
 1427 G	 31.07  
 1428 K	 50.75  
 1429 L	 7.63  
 1430 K	 65.79  
 1431 G	 50.15  
 1432 G	 16.75  
 1433 S	 35.97  
 1434 R	 55.24  
 1435 G	 31.86  
 1436 W	 6.91  
 1437 P	 24.23  
 1438 L	 5.91  
 1439 S	 17.36  
 1440 R	 46.20  
 1441 H	 25.51  
 1442 L	 5.62  
 1443 E	 56.45  
 1444 G	 40.50  
 1445 L	 3.51  
 1446 E	 68.40  
 1447 D	 40.63  
 1448 C	 3.67  
 1449 D	 69.03  
 1450 G	 24.85  
 1451 T	 10.17  
 1452 V	 6.97  
 1453 L	 3.03  
 1454 G	 19.21  
 1455 R	 26.94  
 1456 Y	 13.90  
 1457 G	 26.21  
 1458 R	 12.76  
 1459 V	 8.18  
 1460 N	 38.87  
 1461 L	 3.63  
 1462 P	 33.20  
 1463 G	 47.83  
 1464 I	 1.66  
 1465 P	 24.97  
 1466 S	 37.33  
 1467 L	 4.64  
 1468 Y	 23.04  
 1469 D	 49.68  
 1470 S	 19.67  
 1471 E	 49.48  
 1472 R	 39.19  
 1473 F	 13.11  
 1474 G	 39.11  
 1475 G	 16.09  
 1476 S	 24.45  
 1477 R	 45.82  
 1478 G	 26.81  
 1479 L	 2.92  
 1480 V	 10.19  
 1481 G	 29.40  
 1482 G	 15.62  
 1483 S	 14.51  
 1484 A	 21.82  
 1485 R	 32.16  
 1486 T	 34.90  
 1487 R	 40.80  
 1488 S	 29.17  
 1489 P	 40.83  
 1490 S	 37.68  
 1491 P	 43.35  
 1492 A	 33.95  
 1493 E	 61.93  
 1494 S	 30.64  
 1495 P	 37.20  
 1496 G	 56.50  
 1497 A	 19.34  
 1498 E	 44.93  
 1499 K	 45.24  
 1500 M	 3.70  
 1501 L	 4.82  
 1502 P	 19.67  
 1503 M	 4.29  
 1504 S	 23.50  
 1505 S	 23.18  
 1506 I	 3.30  
 1507 Q	 45.44  
 1508 N	 39.42  
 1509 D	 27.40  
 1510 F	 10.71  
 1511 Y	 21.41  
 1512 D	 41.34  
 1513 Q	 42.11  
 1514 E	 38.37  
 1515 F	 9.43  
 1516 S	 19.36  
 1517 T	 30.48  
 1518 H	 18.21  
 1519 M	 5.39  
 1520 E	 41.52  
 1521 R	 51.37  
 1522 N	 27.03  
 1523 P	 45.81  
 1524 R	 45.26  
 1525 E	 52.18  
 1526 R	 39.50  
 1527 L	 3.21  
 1528 V	 5.39  
 1529 R	 21.94  
 1530 H	 18.50  
 1531 I	 2.38  
 1532 G	 20.42  
 1533 A	 12.46  
 1534 V	 4.53  
 1535 K	 56.90  
 1536 D	 21.67  
 1537 C	 5.33  
 1538 N	 51.55  
 1539 L	 7.99  
 1540 E	 32.56  
 1541 T	 23.61  
 1542 V	 3.80  
 1543 D	 53.03  
 1544 L	 3.91  
 1545 V	 7.05  
 1546 E	 50.82  
 1547 S	 31.97  
 1548 E	 44.15  
 1549 G	 24.52  
 1550 V	 2.63  
 1551 A	 14.24  
 1552 A	 8.27  
 1553 W	 4.69  
 1554 A	 8.43  
 1555 T	 26.96  
 1556 L	 1.47  
 1557 P	 25.53  
 1558 R	 52.37  
 1559 L	 2.78  
 1560 T	 29.45  
 1561 R	 39.99  
 1562 Y	 9.09  
 1563 P	 28.02  
 1564 G	 19.20  
 1565 L	 1.84  
 1566 I	 5.22  
 1567 L	 3.50  
 1568 L	 6.47  
 1569 N	 44.12  
 1570 G	 33.20  
 1571 N	 25.80  
 1572 S	 37.37  
 1573 R	 22.05  
 1574 C	 3.91  
 1575 H	 26.28  
 1576 G	 30.52  
 1577 R	 9.95  
 1578 M	 6.68  
 1579 S	 18.18  
 1580 P	 13.17  
 1581 V	 7.19  
 1582 A	 22.30  
 1583 L	 4.93  
 1584 P	 33.92  
 1585 E	 73.45  
 1586 D	 41.38  
 1587 P	 28.24  
 1588 L	 10.20  
 1589 T	 16.22  
 1590 M	 5.68  
 1591 R	 27.73  
 1592 F	 4.94  
 1593 P	 18.47  
 1594 V	 9.40  
 1595 S	 15.29  
 1596 P	 35.33  
 1597 L	 4.90  
 1598 L	 4.26  
 1599 R	 37.27  
 1600 S	 26.83  
 1601 C	 6.85  
 1602 G	 32.43  
 1603 E	 59.18  
 1604 E	 38.88  
 1605 L	 6.23  
 1606 R	 43.16  
 1607 K	 64.41  
 1608 T	 20.01  
 1609 Q	 43.59  
 1610 Q	 32.33  
 1611 M	 3.10  
 1612 E	 37.52  
 1613 L	 4.86  
 1614 G	 12.99  
 1615 M	 8.58  
 1616 G	 16.69  
 1617 P	 28.36  
 1618 L	 10.71  
 1619 G	 37.64  
 1620 N	 56.59  
 1621 N	 51.30  
 1622 N	 57.51  
 1623 N	 40.00  
 1624 N	 51.19  
 1625 N	 37.81  
 1626 Y	 17.91  
 1627 Q	 50.31  
 1628 Q	 35.99  
 1629 K	 45.00  
 1630 N	 34.03  
 1631 Q	 53.23  
 1632 N	 31.99  
 1633 V	 2.46  
 1634 I	 2.15  
 1635 L	 3.31  
 1636 A	 10.61  
 1637 L	 3.05  
 1638 P	 20.68  
 1639 A	 20.69  
 1640 S	 30.32  
 1641 A	 23.99  
 1642 S	 28.78  
 1643 E	 52.99  
 1644 N	 27.24  
 1645 I	 2.87  
 1646 A	 17.39  
 1647 G	 18.39  
 1648 V	 2.68  
 1649 L	 3.27  
 1650 R	 34.19  
 1651 D	 46.07  
 1652 L	 2.48  
 1653 A	 14.65  
 1654 N	 50.89  
 1655 L	 2.37  
 1656 L	 2.89  
 1657 H	 24.10  
 1658 L	 6.52  
 1659 A	 4.06  
 1660 P	 33.88  
 1661 A	 15.19  
 1662 L	 5.86  
 1663 T	 17.54  
 1664 C	 2.87  
 1665 K	 41.29  
 1666 I	 4.54  
 1667 I	 3.24  
 1668 E	 57.64  
 1669 D	 37.15  
 1670 K	 39.46  
 1671 I	 13.06  
 1672 G	 30.84  
 1673 N	 49.57  
 1674 K	 48.30  
 1675 L	 11.56  
 1676 E	 51.91  
 1677 D	 58.41  
 1678 Q	 30.07  
 1679 F	 8.42  
 1680 M	 3.51  
 1681 N	 43.34  
 1682 Q	 47.98  
 1683 D	 62.12  
 1684 D	 58.02  
 1685 E	 54.04  
 1686 K	 56.79  
 1687 H	 23.49  
 1688 V	 15.95  
 1689 D	 42.97  
 1690 F	 7.61  
 1691 K	 48.95  
 1692 R	 37.07  
 1693 P	 36.63  
 1694 L	 6.94  
 1695 S	 31.08  
 1696 Q	 48.71  
 1697 V	 4.02  
 1698 S	 19.00  
 1699 H	 28.92  
 1700 G	 17.64  
 1701 H	 19.62  
 1702 L	 7.64  
 1703 R	 20.49  
 1704 K	 58.88  
 1705 I	 2.67  
 1706 L	 6.62  
 1707 N	 45.45  
 1708 G	 27.59  
 1709 R	 31.33  
 1710 R	 37.38  
 1711 K	 51.05  
 1712 L	 2.52  
 1713 C	 3.18  
 1714 R	 45.47  
 1715 S	 25.94  
 1716 C	 2.07  
 1717 G	 31.08  
 1718 N	 36.64  
 1719 V	 1.71  
 1720 V	 2.70  
 1721 H	 17.19  
 1722 A	 7.55  
 1723 T	 23.13  
 1724 G	 16.57  
 1725 L	 4.30  
 1726 R	 37.43  
 1727 V	 6.17  
 1728 P	 23.10  
 1729 R	 31.68  
 1730 H	 27.38  
 1731 S	 30.95  
 1732 V	 2.35  
 1733 P	 33.86  
 1734 A	 26.00  
 1735 L	 6.44  
 1736 E	 45.89  
 1737 E	 59.26  
 1738 Q	 47.60  
 1739 L	 2.77  
 1740 P	 29.00  
 1741 R	 51.77  
 1742 L	 3.17  
 1743 A	 11.18  
 1744 Q	 41.74  
 1745 L	 2.33  
 1746 M	 1.57  
 1747 D	 44.02  
 1748 M	 3.28  
 1749 L	 3.02  
 1750 P	 34.71  
 1751 R	 39.66  
 1752 K	 54.59  
 1753 S	 40.93  
 1754 V	 10.40  
 1755 P	 37.63  
 1756 P	 32.57  
 1757 P	 25.84  
 1758 F	 9.55  
 1759 V	 4.40  
 1760 Y	 10.00  
 1761 F	 2.69  
 1762 C	 1.57  
 1763 D	 31.17  
 1764 R	 34.14  
 1765 A	 4.59  
 1766 C	 2.60  
 1767 F	 5.51  
 1768 A	 18.84  
 1769 R	 17.27  
 1770 F	 10.89  
 1771 K	 33.91  
 1772 W	 18.98  
 1773 N	 48.50  
 1774 G	 28.46  
 1775 K	 56.31  
 1776 D	 56.70  
 1777 G	 31.89  
 1778 Q	 46.28  
 1779 A	 17.58  
 1780 E	 36.56  
 1781 A	 12.83  
 1782 A	 7.69  
 1783 S	 26.97  
 1784 L	 4.79  
 1785 L	 3.75  
 1786 L	 7.51  
 1787 Q	 26.26  
 1788 P	 32.61  
 1789 A	 23.24  
 1790 G	 36.95  
 1791 G	 17.97  
 1792 S	 29.04  
 1793 A	 18.94  
 1794 V	 7.09  
 1795 K	 48.13  
 1796 S	 23.57  
 1797 S	 38.83  
 1798 N	 66.44  
 1799 G	 38.43  
 1800 D	 56.78  
 1801 S	 32.34  
 1802 P	 47.38  
 1803 G	 36.99  
 1804 S	 22.12  
 1805 F	 5.10  
 1806 C	 3.72  
 1807 A	 12.42  
 1808 S	 29.42  
 1809 S	 15.29  
 1810 T	 33.88  
 1811 A	 11.85  
 1812 P	 28.92  
 1813 A	 18.30  
 1814 E	 31.30  
 1815 M	 4.57  
 1816 V	 3.51  
 1817 V	 5.24  
 1818 K	 37.22  
 1819 Q	 60.92  
 1820 E	 44.96  
 1821 P	 52.42  
 1822 E	 73.59  
 1823 D	 78.38  
 1824 E	 67.42  
 1825 D	 75.02  
 1826 E	 57.70  
 1827 K	 77.41  
 1828 T	 20.81  
 1829 P	 44.38  
 1830 S	 46.29  
 1831 V	 8.08  
 1832 P	 40.98  
 1833 G	 51.06  
 1834 N	 33.87  
 1835 P	 32.51  
 1836 T	 50.18  
 1837 N	 39.23  
 1838 I	 3.09  
 1839 P	 25.14  
 1840 A	 20.29  
 1841 Q	 39.76  
 1842 R	 37.61  
 1843 K	 19.08  
 1844 C	 4.75  
 1845 I	 3.58  
 1846 V	 6.56  
 1847 K	 15.06  
 1848 C	 1.95  
 1849 F	 5.82  
 1850 S	 32.44  
 1851 A	 9.42  
 1852 D	 27.19  
 1853 C	 3.06  
 1854 F	 9.43  
 1855 T	 35.70  
 1856 T	 14.01  
 1857 D	 39.48  
 1858 S	 39.73  
 1859 A	 12.70  
 1860 P	 32.64  
 1861 S	 56.58  
 1862 G	 23.32  
 1863 L	 7.48  
 1864 E	 48.63  
 1865 L	 9.89  
 1866 D	 42.92  
 1867 G	 30.04  
 1868 T	 22.91  
 1869 A	 16.03  
 1870 G	 25.11  
 1871 A	 15.20  
 1872 G	 24.62  
 1873 T	 24.27  
 1874 G	 27.84  
 1875 A	 20.96  
 1876 G	 28.21  
 1877 P	 25.73  
 1878 V	 9.37  
 1879 N	 41.40  
 1880 N	 35.92  
 1881 T	 23.07  
 1882 V	 4.77  
 1883 W	 12.54  
 1884 E	 32.22  
 1885 T	 28.93  
 1886 E	 29.48  
 1887 T	 35.20  
 1888 S	 31.13  
 1889 G	 25.51  
 1890 L	 5.42  
 1891 Q	 46.46  
 1892 L	 8.49  
 1893 E	 44.36  
 1894 D	 56.64  
 1895 T	 17.17  
 1896 R	 39.98  
 1897 Q	 29.80  
 1898 C	 1.97  
 1899 V	 4.66  
 1900 F	 4.21  
 1901 C	 1.80  
 1902 N	 24.10  
 1903 Q	 52.49  
 1904 R	 31.04  
 1905 G	 33.37  
 1906 D	 48.50  
 1907 G	 27.65  
 1908 Q	 40.81  
 1909 A	 29.29  
 1910 D	 62.74  
 1911 G	 25.71  
 1912 P	 19.47  
 1913 S	 40.88  
 1914 R	 46.45  
 1915 L	 5.56  
 1916 L	 6.12  
 1917 N	 35.35  
 1918 F	 11.05  
 1919 D	 46.78  
 1920 V	 7.74  
 1921 D	 40.73  
 1922 K	 51.46  
 1923 W	 4.36  
 1924 V	 4.54  
 1925 H	 15.37  
 1926 L	 4.00  
 1927 N	 8.30  
 1928 C	 4.07  
 1929 A	 15.82  
 1930 L	 5.85  
 1931 W	 3.25  
 1932 S	 25.26  
 1933 N	 32.16  
 1934 G	 20.19  
 1935 V	 4.58  
 1936 Y	 13.79  
 1937 E	 40.08  
 1938 T	 11.41  
 1939 V	 3.12  
 1940 S	 26.26  
 1941 G	 20.56  
 1942 A	 8.99  
 1943 L	 3.08  
 1944 M	 4.71  
 1945 N	 27.07  
 1946 F	 4.20  
 1947 Q	 22.36  
 1948 T	 25.79  
 1949 A	 6.21  
 1950 L	 3.99  
 1951 Q	 30.81  
 1952 A	 23.03  
 1953 G	 16.95  
 1954 L	 3.72  
 1955 S	 18.14  
 1956 Q	 51.97  
 1957 A	 5.95  
 1958 C	 1.74  
 1959 S	 36.63  
 1960 A	 8.49  
 1961 C	 1.43  
 1962 H	 36.26  
 1963 Q	 37.70  
 1964 P	 15.66  
 1965 G	 28.87  
 1966 A	 16.91  
 1967 T	 27.21  
 1968 I	 3.47  
 1969 K	 29.30  
 1970 C	 4.61  
 1971 F	 7.36  
 1972 K	 46.60  
 1973 S	 23.08  
 1974 R	 24.99  
 1975 C	 5.39  
 1976 N	 33.66  
 1977 S	 33.65  
 1978 L	 1.62  
 1979 Y	 10.92  
 1980 H	 28.70  
 1981 L	 2.05  
 1982 P	 7.68  
 1983 C	 6.56  
 1984 A	 11.26  
 1985 I	 7.89  
 1986 R	 18.35  
 1987 E	 50.03  
 1988 E	 26.57  
 1989 C	 1.88  
 1990 V	 7.12  
 1991 F	 12.43  
 1992 Y	 8.02  
 1993 K	 46.57  
 1994 N	 30.38  
 1995 K	 50.10  
 1996 S	 26.87  
 1997 V	 5.87  
 1998 H	 12.77  
 1999 C	 4.21  
 2000 S	 11.41  
 2001 V	 8.36  
 2002 H	 13.16  
 2003 G	 19.95  
 2004 H	 10.24  
 2005 A	 9.98  
 2006 H	 20.86  
 2007 A	 16.33  
 2008 G	 13.16  
 2009 I	 2.19  
 2010 T	 14.50  
 2011 M	 3.07  
 2012 G	 16.53  
 2013 A	 8.21  
 2014 G	 20.86  
 2015 A	 12.15  
 2016 G	 23.65  
 2017 A	 11.06  
 2018 T	 25.50  
 2019 T	 25.21  
 2020 G	 17.19  
 2021 A	 14.14  
 2022 G	 26.63  
 2023 L	 7.52  
 2024 G	 25.97  
 2025 G	 24.80  
 2026 S	 16.60  
 2027 V	 9.80  
 2028 A	 18.66  
 2029 D	 47.16  
 2030 N	 42.23  
 2031 E	 51.05  
 2032 L	 5.45  
 2033 S	 18.56  
 2034 S	 37.50  
 2035 L	 4.13  
 2036 V	 3.53  
 2037 V	 3.35  
 2038 H	 12.35  
 2039 R	 25.50  
 2040 R	 16.02  
 2041 V	 5.75  
 2042 F	 4.48  
 2043 V	 5.58  
 2044 D	 40.63  
 2045 R	 48.09  
 2046 D	 53.73  
 2047 E	 56.03  
 2048 N	 43.93  
 2049 R	 30.24  
 2050 Q	 40.56  
 2051 V	 4.32  
 2052 A	 6.02  
 2053 T	 21.36  
 2054 V	 1.28  
 2055 M	 1.82  
 2056 H	 20.73  
 2057 Y	 5.92  
 2058 S	 19.86  
 2059 E	 49.39  
 2060 L	 3.19  
 2061 S	 22.75  
 2062 N	 56.57  
 2063 L	 2.65  
 2064 L	 4.95  
 2065 R	 37.15  
 2066 V	 7.01  
 2067 G	 16.26  
 2068 N	 24.38  
 2069 M	 2.00  
 2070 T	 29.04  
 2071 F	 3.04  
 2072 L	 3.59  
 2073 N	 31.51  
 2074 V	 5.86  
 2075 G	 16.02  
 2076 Q	 35.23  
 2077 L	 7.08  
 2078 L	 2.46  
 2079 P	 23.05  
 2080 H	 44.84  
 2081 Q	 38.77  
 2082 L	 4.69  
 2083 E	 42.60  
 2084 A	 15.31  
 2085 F	 4.87  
 2086 H	 45.60  
 2087 T	 12.81  
 2088 P	 15.09  
 2089 H	 23.83  
 2090 Y	 11.89  
 2091 I	 2.76  
 2092 Y	 5.01  
 2093 P	 12.17  
 2094 I	 5.45  
 2095 G	 16.23  
 2096 Y	 14.67  
 2097 K	 28.64  
 2098 V	 2.72  
 2099 S	 15.48  
 2100 R	 31.39  
 2101 Y	 8.20  
 2102 Y	 7.39  
 2103 W	 2.52  
 2104 C	 0.70  
 2105 V	 3.44  
 2106 R	 45.24  
 2107 R	 16.67  
 2108 P	 28.28  
 2109 N	 42.06  
 2110 R	 41.58  
 2111 R	 18.86  
 2112 C	 3.32  
 2113 R	 23.26  
 2114 Y	 15.20  
 2115 I	 0.51  
 2116 C	 1.46  
 2117 S	 18.44  
 2118 I	 3.30  
 2119 A	 5.58  
 2120 E	 43.88  
 2121 A	 21.47  
 2122 G	 16.10  
 2123 C	 9.53  
 2124 K	 46.82  
 2125 P	 50.46  
 2126 E	 32.81  
 2127 F	 12.99  
 2128 R	 19.44  
 2129 I	 5.97  
 2130 Q	 23.67  
 2131 V	 5.31  
 2132 Q	 20.61  
 2133 D	 54.37  
 2134 A	 15.82  
 2135 G	 55.61  
 2136 D	 54.59  
 2137 K	 74.40  
 2138 E	 58.07  
 2139 P	 52.24  
 2140 E	 66.97  
 2141 R	 60.10  
 2142 E	 37.73  
 2143 F	 15.61  
 2144 R	 39.05  
 2145 G	 37.48  
 2146 S	 34.52  
 2147 S	 26.21  
 2148 P	 28.18  
 2149 S	 37.09  
 2150 A	 15.22  
 2151 V	 5.79  
 2152 W	 5.53  
 2153 Q	 17.53  
 2154 Q	 23.73  
 2155 I	 2.00  
 2156 L	 4.27  
 2157 Q	 29.04  
 2158 P	 26.86  
 2159 I	 1.95  
 2160 T	 30.27  
 2161 R	 32.96  
 2162 L	 4.68  
 2163 R	 35.34  
 2164 K	 53.97  
 2165 V	 4.54  
 2166 H	 20.71  
 2167 K	 53.22  
 2168 W	 3.72  
 2169 L	 3.65  
 2170 Q	 39.69  
 2171 L	 6.74  
 2172 F	 3.36  
 2173 P	 33.17  
 2174 Q	 38.93  
 2175 H	 19.20  
 2176 I	 4.82  
 2177 S	 33.72  
 2178 G	 31.66  
 2179 E	 44.76  
 2180 D	 51.31  
 2181 L	 2.97  
 2182 F	 13.42  
 2183 G	 38.70  
 2184 L	 3.72  
 2185 T	 40.06  
 2186 E	 37.46  
 2187 P	 23.27  
 2188 A	 13.48  
 2189 I	 2.90  
 2190 V	 3.19  
 2191 R	 22.97  
 2192 I	 3.29  
 2193 L	 2.28  
 2194 E	 48.10  
 2195 S	 36.10  
 2196 L	 3.08  
 2197 P	 51.50  
 2198 G	 35.34  
 2199 I	 3.27  
 2200 E	 43.62  
 2201 T	 32.79  
 2202 L	 1.91  
 2203 T	 38.10  
 2204 D	 35.40  
 2205 Y	 16.83  
 2206 R	 25.13  
 2207 F	 6.10  
 2208 K	 37.48  
 2209 Y	 20.71  
 2210 G	 24.39  
 2211 R	 38.20  
 2212 N	 27.49  
 2213 P	 36.64  
 2214 L	 9.04  
 2215 L	 7.22  
 2216 E	 53.56  
 2217 F	 6.40  
 2218 P	 16.11  
 2219 L	 10.17  
 2220 A	 10.35  
 2221 I	 11.67  
 2222 N	 21.05  
 2223 P	 28.20  
 2224 S	 36.25  
 2225 G	 25.22  
 2226 A	 9.71  
 2227 A	 23.58  
 2228 R	 38.80  
 2229 T	 52.49  
 2230 E	 44.97  
 2231 P	 37.15  
 2232 K	 52.46  
 2233 Q	 49.41  
 2234 R	 34.93  
 2235 Q	 36.33  
 2236 L	 4.54  
 2237 L	 2.35  
 2238 V	 6.72  
 2239 W	 11.53  
 2240 R	 34.84  
 2241 K	 25.99  
 2242 P	 27.47  
 2243 H	 37.35  
 2244 T	 28.42  
 2245 Q	 37.38  
 2246 R	 27.91  
 2247 T	 26.08  
 2248 A	 15.30  
 2249 G	 28.68  
 2250 S	 11.48  
 2251 C	 5.09  
 2252 S	 29.31  
 2253 T	 25.23  
 2254 Q	 19.50  
 2255 R	 26.69  
 2256 M	 2.73  
 2257 A	 14.71  
 2258 N	 23.88  
 2259 S	 15.00  
 2260 A	 11.60  
 2261 A	 7.62  
 2262 I	 5.17  
 2263 A	 11.90  
 2264 G	 24.65  
 2265 E	 20.23  
 2266 V	 6.94  
 2267 A	 5.58  
 2268 C	 3.82  
 2269 P	 27.05  
 2270 Y	 28.52  
 2271 S	 12.72  
 2272 K	 41.74  
 2273 Q	 39.39  
 2274 F	 6.49  
 2275 V	 4.64  
 2276 H	 30.69  
 2277 S	 29.00  
 2278 K	 38.97  
 2279 S	 26.20  
 2280 S	 41.06  
 2281 Q	 62.24  
 2282 Y	 17.96  
 2283 K	 38.46  
 2284 K	 46.53  
 2285 M	 4.78  
 2286 K	 54.68  
 2287 Q	 52.57  
 2288 E	 42.77  
 2289 W	 13.05  
 2290 R	 24.88  
 2291 N	 43.31  
 2292 N	 18.42  
 2293 V	 4.78  
 2294 Y	 9.21  
 2295 L	 2.51  
 2296 A	 8.94  
 2297 R	 35.57  
 2298 S	 28.62  
 2299 K	 33.23  
 2300 I	 4.07  
 2301 Q	 44.81  
 2302 G	 25.78  
 2303 L	 2.15  
 2304 G	 24.38  
 2305 L	 2.94  
 2306 Y	 9.09  
 2307 A	 10.89  
 2308 A	 8.98  
 2309 R	 36.95  
 2310 D	 48.98  
 2311 I	 6.73  
 2312 E	 42.97  
 2313 K	 44.71  
 2314 H	 14.10  
 2315 T	 22.57  
 2316 M	 2.65  
 2317 I	 1.97  
 2318 I	 1.98  
 2319 E	 21.85  
 2320 Y	 12.10  
 2321 I	 2.17  
 2322 G	 23.40  
 2323 E	 25.80  
 2324 V	 2.79  
 2325 I	 3.82  
 2326 R	 29.97  
 2327 T	 29.61  
 2328 E	 33.91  
 2329 V	 6.51  
 2330 S	 22.52  
 2331 E	 51.76  
 2332 I	 5.55  
 2333 R	 40.79  
 2334 E	 50.61  
 2335 K	 48.62  
 2336 Q	 42.34  
 2337 Y	 32.98  
 2338 E	 53.39  
 2339 S	 30.23  
 2340 K	 38.43  
 2341 N	 57.60  
 2342 R	 36.30  
 2343 G	 25.44  
 2344 I	 1.71  
 2345 Y	 7.94  
 2346 M	 1.17  
 2347 F	 3.83  
 2348 R	 25.38  
 2349 L	 6.06  
 2350 D	 52.04  
 2351 E	 52.92  
 2352 D	 48.63  
 2353 R	 28.45  
 2354 V	 7.65  
 2355 V	 4.28  
 2356 D	 30.86  
 2357 A	 9.99  
 2358 T	 19.59  
 2359 L	 4.86  
 2360 S	 26.85  
 2361 G	 37.94  
 2362 G	 16.88  
 2363 L	 2.53  
 2364 A	 12.90  
 2365 R	 37.60  
 2366 Y	 10.64  
 2367 I	 2.89  
 2368 N	 16.46  
 2369 H	 24.95  
 2370 S	 15.88  
 2371 C	 8.36  
 2372 N	 33.56  
 2373 P	 39.67  
 2374 N	 20.92  
 2375 C	 4.17  
 2376 V	 7.36  
 2377 T	 23.38  
 2378 E	 25.33  
 2379 I	 2.03  
 2380 V	 4.83  
 2381 E	 44.34  
 2382 V	 5.18  
 2383 D	 27.79  
 2384 R	 49.88  
 2385 D	 29.59  
 2386 V	 5.02  
 2387 R	 20.76  
 2388 I	 2.59  
 2389 I	 1.16  
 2390 I	 2.27  
 2391 F	 4.64  
 2392 A	 10.59  
 2393 K	 43.40  
 2394 R	 27.46  
 2395 K	 43.30  
 2396 I	 3.09  
 2397 Y	 18.66  
 2398 R	 49.90  
 2399 G	 18.76  
 2400 E	 46.93  
 2401 E	 45.93  
 2402 L	 5.10  
 2403 S	 21.16  
 2404 Y	 35.60  
 2405 D	 36.45  
 2406 Y	 12.81  
 2407 K	 33.39  
 2408 F	 10.48  
 2409 D	 38.93  
 2410 I	 8.93  
 2411 E	 58.53  
 2412 D	 64.13  
 2413 E	 41.79  
 2414 S	 42.26  
 2415 H	 29.98  
 2416 K	 58.59  
 2417 I	 2.58  
 2418 P	 12.40  
 2419 C	 5.80  
 2420 A	 6.88  
 2421 C	 6.43  
 2422 G	 26.08  
 2423 A	 7.63  
 2424 P	 26.24  
 2425 N	 37.38  
 2426 C	 4.63  
 2427 R	 42.16  
 2428 K	 53.66  
 2429 W	 3.38  
 2430 M	 4.84  
 2431 N	 47.85  
