 1 M	 6.03  
 2 A	 12.32  
 3 V	 3.38  
 4 V	 1.21  
 5 I	 1.75  
 6 R	 16.55  
 7 L	 2.82  
 8 L	 4.80  
 9 G	 35.58  
 10 L	 2.94  
 11 P	 19.46  
 12 F	 7.80  
 13 I	 4.01  
 14 A	 19.33  
 15 G	 20.25  
 16 P	 16.16  
 17 V	 10.52  
 18 D	 35.02  
 19 I	 3.62  
 20 R	 18.98  
 21 H	 23.62  
 22 F	 4.15  
 23 F	 4.29  
 24 T	 30.27  
 25 G	 18.70  
 26 L	 3.40  
 27 T	 31.63  
 28 I	 3.35  
 29 P	 29.03  
 30 D	 63.73  
 31 G	 34.37  
 32 G	 18.40  
 33 V	 3.42  
 34 H	 14.82  
 35 I	 2.66  
 36 I	 3.32  
 37 G	 27.38  
 38 G	 16.97  
 39 E	 42.48  
 40 I	 7.36  
 41 G	 18.84  
 42 E	 46.17  
 43 A	 8.84  
 44 F	 3.71  
 45 I	 3.05  
 46 I	 1.23  
 47 F	 5.24  
 48 A	 12.06  
 49 T	 29.22  
 50 D	 48.63  
 51 E	 49.57  
 52 D	 48.46  
 53 A	 10.79  
 54 R	 40.67  
 55 R	 37.68  
 56 A	 9.88  
 57 I	 3.14  
 58 S	 21.29  
 59 R	 32.96  
 60 S	 36.16  
 61 G	 33.64  
 62 G	 23.50  
 63 F	 7.77  
 64 I	 5.69  
 65 K	 49.66  
 66 D	 41.13  
 67 S	 31.14  
 68 S	 29.73  
 69 V	 9.55  
 70 E	 35.43  
 71 L	 4.99  
 72 F	 3.83  
 73 L	 9.87  
 74 S	 23.58  
 75 S	 37.72  
 76 K	 45.02  
 77 A	 21.31  
 78 E	 45.97  
 79 M	 6.22  
 80 Q	 31.11  
 81 K	 50.59  
 82 T	 12.79  
 83 I	 6.66  
 84 E	 43.83  
 85 M	 2.92  
 86 K	 39.08  
 87 R	 40.32  
 88 T	 23.73  
 89 D	 47.50  
 90 R	 31.98  
 91 V	 7.35  
 92 G	 27.50  
 93 R	 34.78  
 94 G	 33.92  
 95 R	 30.92  
 96 P	 44.09  
 97 G	 37.03  
 98 S	 41.39  
 99 G	 29.80  
 100 T	 24.81  
 101 S	 40.10  
 102 G	 27.39  
 103 V	 4.53  
 104 D	 47.59  
 105 S	 31.15  
 106 L	 4.14  
 107 S	 33.38  
 108 N	 47.40  
 109 F	 6.19  
 110 I	 4.51  
 111 E	 45.39  
 112 S	 33.40  
 113 V	 6.16  
 114 K	 60.15  
 115 E	 57.55  
 116 E	 52.24  
 117 A	 18.33  
 118 S	 34.50  
 119 N	 46.64  
 120 S	 30.78  
 121 G	 34.76  
 122 Y	 17.41  
 123 G	 20.60  
 124 S	 21.40  
 125 S	 22.61  
 126 I	 6.01  
 127 N	 35.31  
 128 Q	 40.02  
 129 D	 44.14  
 130 A	 16.88  
 131 G	 24.13  
 132 F	 7.42  
 133 H	 19.94  
 134 T	 32.84  
 135 N	 37.14  
 136 G	 33.94  
 137 T	 28.24  
 138 G	 28.27  
 139 H	 23.08  
 140 G	 35.89  
 141 N	 27.48  
 142 L	 10.64  
 143 R	 32.74  
 144 P	 45.33  
 145 R	 46.69  
 146 K	 52.12  
 147 T	 38.51  
 148 R	 37.27  
 149 P	 43.37  
 150 L	 8.07  
 151 K	 57.23  
 152 A	 29.49  
 153 E	 58.09  
 154 N	 35.06  
 155 P	 20.79  
 156 Y	 22.97  
 157 L	 3.25  
 158 F	 3.45  
 159 L	 3.81  
 160 R	 36.95  
 161 G	 32.90  
 162 L	 1.72  
 163 P	 24.20  
 164 Y	 28.46  
 165 L	 2.93  
 166 V	 6.43  
 167 N	 44.37  
 168 E	 48.38  
 169 D	 55.27  
 170 D	 24.76  
 171 V	 9.70  
 172 R	 26.90  
 173 V	 5.96  
 174 F	 2.56  
 175 F	 5.32  
 176 S	 21.28  
 177 G	 20.24  
 178 L	 2.20  
 179 C	 2.75  
 180 V	 9.62  
 181 D	 44.65  
 182 G	 8.27  
 183 V	 2.12  
 184 I	 4.02  
 185 F	 7.45  
 186 L	 3.38  
 187 K	 28.30  
 188 H	 26.81  
 189 H	 37.32  
 190 D	 58.42  
 191 G	 29.83  
 192 R	 39.23  
 193 N	 63.47  
 194 N	 48.65  
 195 G	 29.31  
 196 D	 34.93  
 197 A	 15.18  
 198 I	 4.05  
 199 V	 4.46  
 200 K	 29.15  
 201 F	 4.13  
 202 A	 9.05  
 203 S	 20.15  
 204 C	 2.62  
 205 V	 6.80  
 206 D	 39.07  
 207 A	 6.95  
 208 S	 29.00  
 209 G	 47.36  
 210 G	 21.33  
 211 L	 6.45  
 212 K	 31.13  
 213 C	 3.76  
 214 H	 27.17  
 215 R	 40.85  
 216 S	 8.91  
 217 F	 6.92  
 218 M	 5.13  
 219 G	 17.41  
 220 S	 16.54  
 221 R	 30.72  
 222 F	 6.30  
 223 I	 3.66  
 224 E	 29.26  
 225 V	 2.72  
 226 M	 2.12  
 227 Q	 58.39  
 228 G	 18.30  
 229 S	 18.49  
 230 E	 54.32  
 231 Q	 45.68  
 232 Q	 38.78  
 233 W	 7.56  
 234 I	 2.46  
 235 E	 34.97  
 236 F	 12.82  
 237 G	 18.69  
 238 G	 25.01  
 239 N	 41.77  
 240 A	 19.62  
 241 V	 7.23  
 242 K	 54.27  
 243 E	 54.77  
 244 G	 25.30  
 245 D	 37.05  
 246 V	 7.05  
 247 L	 3.75  
 248 R	 40.88  
 249 R	 38.89  
 250 F	 11.90  
 251 E	 53.65  
 252 E	 47.13  
 253 H	 38.11  
 254 S	 39.62  
 255 P	 25.23  
 256 P	 50.58  
 257 R	 63.11  
 258 G	 28.91  
 259 I	 5.24  
 260 N	 42.99  
 261 D	 43.44  
 262 R	 26.76  
 263 H	 29.72  
 264 F	 11.67  
 265 R	 27.61  
 266 K	 58.26  
 267 R	 35.03  
 268 S	 34.84  
 269 H	 43.19  
 270 S	 35.75  
 271 K	 60.08  
 272 S	 27.01  
 273 P	 33.24  
 274 R	 60.74  
 275 R	 37.56  
 276 T	 33.99  
 277 R	 28.41  
 278 S	 36.18  
 279 R	 38.72  
 280 S	 26.23  
 281 P	 35.08  
 282 L	 8.59  
 283 G	 18.41  
 284 F	 8.30  
 285 Y	 5.78  
 286 V	 3.88  
 287 H	 21.51  
 288 L	 2.54  
 289 K	 40.75  
 290 N	 41.02  
 291 L	 5.35  
 292 S	 29.48  
 293 L	 6.15  
 294 S	 25.31  
 295 I	 8.49  
 296 D	 41.31  
 297 E	 46.56  
 298 R	 44.51  
 299 D	 48.18  
 300 L	 6.37  
 301 R	 42.05  
 302 N	 47.94  
 303 F	 3.41  
 304 F	 8.87  
 305 R	 42.86  
 306 G	 20.58  
 307 T	 24.47  
 308 D	 50.85  
 309 L	 6.98  
 310 T	 40.06  
 311 D	 53.77  
 312 E	 42.55  
 313 Q	 34.66  
 314 I	 2.94  
 315 R	 18.40  
 316 F	 10.51  
 317 L	 3.59  
 318 Y	 17.43  
 319 K	 61.79  
 320 D	 44.86  
 321 E	 44.45  
 322 N	 61.84  
 323 R	 20.66  
 324 T	 39.34  
 325 R	 19.97  
 326 Y	 12.09  
 327 A	 6.30  
 328 F	 2.80  
 329 V	 3.16  
 330 M	 2.00  
 331 F	 4.61  
 332 K	 34.55  
 333 T	 27.98  
 334 L	 4.02  
 335 K	 64.50  
 336 D	 45.06  
 337 Y	 16.90  
 338 N	 29.07  
 339 T	 23.81  
 340 A	 7.48  
 341 L	 5.43  
 342 S	 26.43  
 343 L	 5.09  
 344 H	 21.99  
 345 K	 45.69  
 346 T	 18.72  
 347 V	 3.60  
 348 L	 4.48  
 349 Q	 28.05  
 350 Y	 16.84  
 351 R	 17.50  
 352 P	 19.66  
 353 V	 4.58  
 354 H	 22.78  
 355 I	 7.39  
 356 D	 21.43  
 357 P	 26.33  
 358 I	 5.73  
 359 S	 38.52  
 360 R	 33.67  
 361 K	 33.01  
 362 Q	 41.13  
 363 M	 5.01  
 364 L	 3.67  
 365 K	 29.40  
 366 F	 4.68  
 367 I	 1.72  
 368 A	 15.90  
 369 R	 35.01  
 370 Y	 24.07  
 371 E	 46.69  
 372 K	 44.55  
 373 K	 39.60  
 374 R	 58.27  
 375 S	 41.43  
 376 G	 40.04  
 377 S	 28.44  
 378 L	 7.74  
 379 E	 54.99  
 380 R	 51.00  
 381 D	 52.32  
 382 R	 45.37  
 383 P	 41.34  
 384 G	 34.42  
 385 H	 20.81  
 386 V	 8.87  
 387 S	 18.45  
 388 Q	 47.84  
 389 K	 39.09  
 390 Y	 14.14  
 391 S	 28.88  
 392 Q	 60.57  
 393 E	 55.17  
 394 G	 26.43  
 395 N	 42.06  
 396 S	 54.15  
 397 G	 32.42  
 398 Q	 35.06  
 399 K	 49.18  
 400 L	 1.33  
 401 C	 2.60  
 402 I	 4.67  
 403 Y	 7.88  
 404 I	 1.15  
 405 R	 23.05  
 406 N	 39.11  
 407 F	 4.60  
 408 P	 28.25  
 409 F	 11.75  
 410 D	 47.62  
 411 V	 5.97  
 412 T	 31.08  
 413 K	 35.93  
 414 V	 6.77  
 415 E	 40.56  
 416 V	 9.32  
 417 Q	 24.27  
 418 K	 47.85  
 419 F	 3.22  
 420 F	 9.09  
 421 A	 15.13  
 422 D	 29.57  
 423 F	 5.59  
 424 L	 4.57  
 425 L	 5.04  
 426 A	 21.96  
 427 E	 57.07  
 428 D	 41.84  
 429 D	 23.96  
 430 I	 3.95  
 431 Y	 9.54  
 432 L	 3.50  
 433 L	 2.18  
 434 Y	 21.36  
 435 D	 51.63  
 436 D	 35.73  
 437 K	 53.23  
 438 G	 26.22  
 439 V	 7.63  
 440 G	 36.31  
 441 L	 5.35  
 442 G	 16.53  
 443 E	 43.82  
 444 A	 18.83  
 445 L	 3.61  
 446 V	 9.86  
 447 K	 48.18  
 448 F	 9.08  
 449 K	 51.76  
 450 S	 49.88  
 451 E	 55.51  
 452 E	 51.21  
 453 Q	 42.58  
 454 A	 12.53  
 455 M	 4.17  
 456 K	 50.54  
 457 A	 8.28  
 458 E	 52.78  
 459 R	 41.97  
 460 L	 4.38  
 461 N	 41.45  
 462 R	 35.43  
 463 R	 32.40  
 464 R	 28.09  
 465 F	 7.57  
 466 L	 8.66  
 467 G	 19.67  
 468 T	 25.68  
 469 E	 29.39  
 470 V	 6.48  
 471 L	 1.55  
 472 L	 5.17  
 473 R	 26.30  
 474 L	 5.22  
 475 I	 2.57  
 476 S	 31.32  
 477 E	 37.28  
 478 A	 12.65  
 479 Q	 33.57  
 480 I	 5.66  
 481 Q	 28.08  
 482 E	 46.10  
 483 F	 8.30  
 484 G	 16.83  
 485 V	 8.74  
 486 N	 24.69  
 487 F	 5.60  
 488 S	 16.23  
 489 V	 3.64  
 490 M	 3.36  
 491 S	 32.94  
 492 S	 24.12  
 493 E	 45.28  
 494 K	 37.96  
 495 M	 3.10  
 496 Q	 44.70  
 497 A	 15.03  
 498 R	 20.52  
 499 S	 35.21  
 500 Q	 40.74  
 501 S	 37.04  
 502 R	 29.96  
 503 E	 67.28  
 504 R	 55.52  
 505 G	 32.03  
 506 D	 46.46  
 507 H	 21.68  
 508 S	 26.99  
 509 H	 27.39  
 510 L	 5.98  
 511 F	 9.25  
 512 D	 62.22  
 513 S	 31.46  
 514 K	 75.89  
 515 D	 59.15  
 516 P	 22.41  
 517 P	 48.56  
 518 I	 4.95  
 519 Y	 11.77  
 520 S	 18.13  
 521 V	 3.44  
 522 G	 20.71  
 523 A	 13.36  
 524 F	 6.93  
 525 E	 55.73  
 526 N	 32.57  
 527 F	 6.09  
 528 R	 28.37  
 529 H	 32.23  
 530 Q	 42.14  
 531 L	 4.52  
 532 E	 48.72  
 533 D	 56.60  
 534 L	 2.47  
 535 R	 47.54  
 536 Q	 61.54  
 537 L	 4.74  
 538 D	 50.62  
 539 N	 57.36  
 540 F	 8.42  
 541 K	 61.71  
 542 H	 21.42  
 543 P	 31.34  
 544 Q	 58.24  
 545 R	 49.87  
 546 D	 37.52  
 547 F	 9.47  
 548 R	 51.95  
 549 Q	 44.21  
 550 P	 36.03  
 551 D	 53.86  
 552 R	 51.39  
 553 H	 50.04  
 554 P	 34.56  
 555 P	 47.89  
 556 E	 74.38  
 557 D	 52.21  
 558 F	 7.84  
 559 R	 40.89  
 560 H	 35.35  
 561 S	 31.03  
 562 S	 34.75  
 563 E	 65.27  
 564 D	 41.80  
 565 F	 8.34  
 566 R	 56.32  
 567 F	 13.78  
 568 P	 27.41  
 569 P	 51.59  
 570 E	 70.76  
 571 D	 52.21  
 572 F	 7.84  
 573 R	 41.52  
 574 H	 47.93  
 575 S	 26.23  
 576 P	 38.77  
 577 E	 73.18  
 578 D	 45.82  
 579 F	 7.32  
 580 R	 61.08  
 581 R	 34.32  
 582 P	 43.72  
 583 R	 59.11  
 584 E	 65.68  
 585 E	 64.82  
 586 D	 37.28  
 587 F	 8.92  
 588 R	 63.02  
 589 R	 38.81  
 590 P	 41.66  
 591 S	 52.38  
 592 E	 65.35  
 593 E	 67.78  
 594 D	 38.00  
 595 F	 8.92  
 596 R	 56.95  
 597 R	 40.45  
 598 P	 38.28  
 599 W	 21.57  
 600 E	 50.82  
 601 E	 59.59  
 602 D	 25.44  
 603 F	 11.09  
 604 R	 44.34  
 605 C	 7.14  
 606 P	 30.93  
 607 P	 62.36  
 608 E	 56.19  
 609 D	 67.15  
 610 D	 40.60  
 611 F	 13.79  
 612 R	 45.99  
 613 H	 26.26  
 614 P	 40.91  
 615 R	 54.53  
 616 E	 65.83  
 617 E	 65.24  
 618 D	 39.15  
 619 W	 11.06  
 620 R	 54.25  
 621 R	 43.77  
 622 P	 39.98  
 623 P	 45.13  
 624 P	 50.83  
 625 E	 58.59  
 626 H	 32.21  
 627 F	 8.72  
 628 G	 38.34  
 629 G	 32.99  
 630 L	 3.41  
 631 P	 29.38  
 632 Q	 65.47  
 633 S	 23.70  
 634 T	 26.58  
 635 S	 48.28  
 636 G	 38.22  
 637 G	 29.12  
 638 H	 22.28  
 639 P	 32.85  
 640 Q	 54.38  
 641 S	 29.05  
 642 T	 26.58  
 643 S	 48.28  
 644 G	 38.22  
 645 G	 29.12  
 646 H	 22.28  
 647 P	 32.65  
 648 Q	 47.96  
 649 S	 24.15  
 650 I	 3.57  
 651 S	 31.48  
 652 G	 24.76  
 653 A	 16.12  
 654 R	 30.59  
 655 P	 33.76  
 656 R	 47.19  
 657 S	 29.61  
 658 T	 37.70  
 659 S	 39.69  
 660 G	 34.73  
 661 D	 58.12  
 662 R	 31.86  
 663 P	 38.83  
 664 R	 47.73  
 665 S	 24.64  
 666 I	 4.72  
 667 S	 39.71  
 668 G	 26.35  
 669 G	 15.18  
 670 H	 22.92  
 671 L	 5.34  
 672 R	 26.69  
 673 S	 27.71  
 674 I	 3.39  
 675 S	 30.10  
 676 G	 43.40  
 677 A	 8.93  
 678 P	 45.51  
 679 E	 67.10  
 680 R	 40.32  
 681 K	 39.29  
 682 I	 6.02  
 683 S	 40.45  
 684 G	 30.59  
 685 T	 11.35  
 686 H	 29.30  
 687 Q	 34.60  
 688 M	 3.87  
 689 K	 32.73  
 690 T	 27.35  
 691 S	 19.29  
 692 G	 26.02  
 693 A	 9.40  
 694 L	 5.68  
 695 L	 3.07  
 696 M	 3.03  
 697 K	 40.33  
 698 T	 19.22  
 699 L	 4.04  
 700 G	 21.39  
 701 T	 21.60  
 702 L	 3.16  
 703 L	 1.88  
 704 M	 5.03  
 705 R	 26.21  
 706 T	 19.97  
 707 S	 23.69  
 708 G	 38.70  
 709 A	 8.32  
 710 P	 39.88  
 711 R	 52.57  
 712 R	 29.34  
 713 K	 49.23  
 714 I	 3.90  
 715 L	 3.37  
 716 D	 38.35  
 717 A	 10.11  
 718 L	 3.74  
 719 L	 2.04  
 720 M	 4.58  
 721 R	 26.21  
 722 T	 24.39  
 723 S	 26.72  
 724 G	 30.61  
 725 S	 24.06  
 726 S	 37.21  
 727 Q	 53.22  
 728 R	 35.55  
 729 K	 40.23  
 730 T	 42.82  
 731 L	 6.81  
 732 G	 31.98  
 733 K	 41.77  
 734 L	 4.96  
 735 R	 29.53  
 736 R	 46.50  
 737 R	 32.95  
 738 T	 28.94  
 739 L	 4.09  
 740 D	 35.58  
 741 F	 7.93  
 742 L	 2.65  
 743 T	 21.35  
 744 I	 2.83  
 745 L	 2.98  
 746 D	 33.82  
 747 L	 4.22  
 748 L	 2.13  
 749 V	 4.68  
 750 R	 20.55  
 751 I	 3.03  
 752 L	 2.84  
 753 G	 13.28  
 754 A	 9.66  
 755 R	 24.00  
 756 L	 2.19  
 757 M	 2.47  
 758 I	 3.34  
 759 L	 2.42  
 760 E	 27.22  
 761 V	 3.21  
 762 T	 11.38  
 763 A	 16.43  
 764 L	 4.21  
 765 L	 6.47  
