 1 M	 6.65  
 2 A	 16.63  
 3 A	 19.21  
 4 D	 24.56  
 5 V	 4.20  
 6 S	 23.11  
 7 V	 5.40  
 8 T	 12.50  
 9 H	 37.79  
 10 R	 25.76  
 11 P	 26.95  
 12 P	 45.48  
 13 L	 17.73  
 14 S	 35.74  
 15 P	 42.38  
 16 K	 59.14  
 17 S	 46.77  
 18 G	 31.70  
 19 A	 25.42  
 20 E	 44.40  
 21 V	 6.39  
 22 E	 38.14  
 23 A	 26.75  
 24 G	 16.16  
 25 D	 50.05  
 26 A	 15.42  
 27 A	 18.64  
 28 E	 44.41  
 29 R	 35.02  
 30 R	 46.10  
 31 A	 23.29  
 32 P	 47.96  
 33 E	 64.22  
 34 E	 64.87  
 35 E	 65.98  
 36 L	 6.31  
 37 P	 30.59  
 38 P	 63.12  
 39 L	 18.96  
 40 D	 55.10  
 41 P	 49.13  
 42 E	 66.77  
 43 E	 54.18  
 44 I	 6.32  
 45 R	 22.71  
 46 K	 67.98  
 47 R	 35.14  
 48 L	 6.75  
 49 E	 53.44  
 50 H	 37.31  
 51 T	 24.40  
 52 E	 46.52  
 53 R	 41.93  
 54 Q	 35.10  
 55 F	 10.54  
 56 R	 27.66  
 57 N	 49.77  
 58 R	 36.69  
 59 R	 33.64  
 60 K	 38.33  
 61 I	 3.52  
 62 L	 2.15  
 63 I	 3.60  
 64 R	 36.83  
 65 G	 29.27  
 66 L	 2.85  
 67 P	 39.50  
 68 G	 47.25  
 69 D	 41.97  
 70 V	 7.21  
 71 T	 35.60  
 72 N	 35.54  
 73 Q	 44.73  
 74 E	 43.84  
 75 V	 2.83  
 76 H	 21.17  
 77 D	 55.25  
 78 L	 2.73  
 79 L	 4.57  
 80 S	 45.50  
 81 D	 40.68  
 82 Y	 21.56  
 83 E	 43.72  
 84 L	 3.79  
 85 K	 28.21  
 86 Y	 12.07  
 87 C	 2.27  
 88 F	 7.85  
 89 V	 5.76  
 90 D	 28.45  
 91 K	 43.49  
 92 Y	 15.36  
 93 K	 56.37  
 94 G	 21.13  
 95 T	 16.87  
 96 A	 12.94  
 97 F	 4.30  
 98 V	 3.23  
 99 T	 21.05  
 100 L	 2.69  
 101 L	 5.89  
 102 N	 55.88  
 103 G	 28.50  
 104 E	 45.61  
 105 Q	 45.99  
 106 A	 12.23  
 107 E	 38.02  
 108 A	 19.36  
 109 A	 6.25  
 110 I	 5.01  
 111 N	 31.65  
 112 A	 9.37  
 113 F	 4.69  
 114 H	 23.46  
 115 Q	 24.64  
 116 S	 25.39  
 117 R	 31.06  
 118 L	 8.92  
 119 R	 39.55  
 120 E	 55.91  
 121 R	 43.66  
 122 E	 40.41  
 123 L	 8.33  
 124 S	 11.76  
 125 V	 11.71  
 126 Q	 30.88  
 127 L	 6.54  
 128 Q	 23.04  
 129 P	 40.62  
 130 T	 22.42  
 131 D	 41.73  
 132 A	 12.62  
 133 L	 4.19  
 134 L	 2.06  
 135 C	 2.56  
 136 V	 3.90  
 137 A	 15.73  
 138 N	 32.46  
 139 L	 4.81  
 140 P	 19.08  
 141 P	 45.17  
 142 S	 41.95  
 143 L	 6.55  
 144 T	 28.77  
 145 Q	 40.13  
 146 Q	 44.70  
 147 Q	 37.59  
 148 F	 7.38  
 149 E	 46.19  
 150 E	 54.58  
 151 L	 2.89  
 152 V	 9.15  
 153 R	 33.19  
 154 P	 30.39  
 155 F	 7.91  
 156 G	 33.72  
 157 S	 27.69  
 158 L	 5.01  
 159 E	 49.45  
 160 R	 23.06  
 161 C	 1.95  
 162 F	 6.91  
 163 L	 3.96  
 164 V	 2.18  
 165 Y	 13.63  
 166 S	 17.08  
 167 E	 36.25  
 168 R	 37.91  
 169 T	 35.21  
 170 G	 35.67  
 171 Q	 41.16  
 172 S	 29.41  
 173 K	 48.54  
 174 G	 32.80  
 175 Y	 16.89  
 176 G	 24.77  
 177 F	 3.34  
 178 A	 11.57  
 179 E	 43.85  
 180 Y	 15.71  
 181 M	 3.07  
 182 K	 53.15  
 183 K	 40.15  
 184 D	 37.68  
 185 S	 32.48  
 186 A	 15.88  
 187 A	 18.86  
 188 R	 42.12  
 189 A	 15.81  
 190 K	 38.66  
 191 S	 32.29  
 192 D	 45.25  
 193 L	 9.79  
 194 L	 11.27  
 195 G	 36.51  
 196 K	 36.72  
 197 P	 40.53  
 198 L	 19.67  
 199 G	 20.40  
 200 P	 33.49  
 201 R	 35.25  
 202 T	 26.10  
 203 L	 4.42  
 204 Y	 6.94  
 205 V	 3.23  
 206 H	 14.25  
 207 W	 5.97  
 208 T	 10.90  
 209 D	 43.43  
 210 A	 10.56  
 211 G	 26.32  
 212 Q	 43.83  
 213 L	 6.40  
 214 T	 9.91  
 215 P	 29.51  
 216 A	 19.95  
 217 L	 4.68  
 218 L	 3.61  
 219 H	 17.66  
 220 S	 25.34  
 221 R	 13.48  
 222 C	 3.76  
 223 L	 2.87  
 224 C	 3.24  
 225 V	 2.87  
 226 D	 45.46  
 227 R	 28.79  
 228 L	 5.34  
 229 P	 28.06  
 230 P	 65.68  
 231 G	 31.86  
 232 F	 9.71  
 233 N	 55.07  
 234 D	 37.10  
 235 V	 4.94  
 236 D	 36.36  
 237 A	 14.38  
 238 L	 1.43  
 239 C	 2.28  
 240 R	 39.14  
 241 A	 12.60  
 242 L	 1.42  
 243 S	 27.53  
 244 A	 12.14  
 245 V	 4.06  
 246 H	 27.98  
 247 S	 21.02  
 248 P	 18.02  
 249 T	 39.80  
 250 F	 2.58  
 251 C	 3.40  
 252 Q	 28.09  
 253 L	 4.47  
 254 A	 3.02  
 255 C	 7.37  
 256 G	 24.02  
 257 Q	 52.09  
 258 D	 31.90  
 259 G	 27.17  
 260 Q	 48.57  
 261 L	 7.77  
 262 K	 44.06  
 263 G	 25.08  
 264 F	 3.98  
 265 A	 17.41  
 266 V	 3.79  
 267 L	 5.35  
 268 E	 34.42  
 269 Y	 17.89  
 270 E	 31.97  
 271 T	 27.32  
 272 A	 7.82  
 273 E	 46.47  
 274 M	 5.43  
 275 A	 11.72  
 276 E	 53.18  
 277 E	 42.09  
 278 A	 12.18  
 279 Q	 38.92  
 280 Q	 47.69  
 281 Q	 29.37  
 282 A	 14.43  
 283 D	 54.98  
 284 G	 21.85  
 285 L	 3.83  
 286 S	 30.42  
 287 L	 12.38  
 288 G	 31.98  
 289 G	 19.72  
 290 S	 19.97  
 291 H	 22.41  
 292 L	 6.56  
 293 R	 19.33  
 294 V	 6.91  
 295 S	 14.26  
 296 F	 3.63  
 297 C	 3.30  
 298 A	 15.29  
 299 P	 57.94  
 300 G	 23.62  
 301 P	 27.41  
 302 P	 57.66  
 303 G	 37.11  
 304 R	 25.35  
 305 S	 24.86  
 306 M	 2.58  
 307 L	 2.38  
 308 A	 7.50  
 309 A	 8.78  
 310 L	 1.97  
 311 I	 2.27  
 312 A	 8.38  
 313 A	 7.79  
 314 Q	 30.17  
 315 A	 7.07  
 316 T	 21.43  
 317 A	 13.07  
 318 L	 3.79  
 319 N	 48.47  
 320 R	 49.39  
 321 G	 27.58  
 322 K	 43.05  
 323 G	 34.96  
 324 L	 9.09  
 325 L	 6.51  
 326 P	 61.10  
 327 E	 51.45  
 328 P	 31.08  
 329 N	 46.04  
 330 I	 3.67  
 331 L	 3.59  
 332 Q	 39.86  
 333 L	 5.04  
 334 L	 2.29  
 335 N	 50.72  
 336 N	 46.47  
 337 L	 11.83  
 338 G	 19.08  
 339 P	 29.86  
 340 S	 28.79  
 341 A	 19.86  
 342 S	 22.45  
 343 L	 4.09  
 344 Q	 27.80  
 345 L	 7.72  
 346 L	 2.54  
 347 L	 9.37  
 348 N	 25.74  
 349 P	 35.95  
 350 L	 5.54  
 351 L	 4.54  
 352 H	 35.53  
 353 G	 21.11  
 354 S	 17.00  
 355 A	 35.04  
 356 G	 45.59  
 357 G	 20.87  
 358 K	 40.03  
 359 Q	 51.55  
 360 G	 26.76  
 361 L	 3.55  
 362 L	 7.61  
 363 G	 40.87  
 364 A	 13.58  
 365 P	 18.51  
 366 P	 40.43  
 367 A	 15.92  
 368 M	 2.72  
 369 P	 35.48  
 370 L	 3.59  
 371 L	 6.00  
 372 N	 63.18  
 373 G	 14.61  
 374 P	 29.02  
 375 A	 18.62  
 376 L	 5.42  
 377 S	 17.46  
 378 T	 23.36  
 379 A	 11.69  
 380 L	 2.95  
 381 L	 3.48  
 382 Q	 26.07  
 383 L	 5.32  
 384 A	 5.67  
 385 L	 8.44  
 386 Q	 26.60  
 387 T	 35.20  
 388 Q	 39.08  
 389 G	 44.66  
 390 Q	 40.56  
 391 K	 68.69  
 392 K	 40.36  
 393 P	 41.93  
 394 G	 36.31  
 395 I	 5.43  
 396 L	 8.48  
 397 G	 31.28  
 398 D	 43.57  
 399 S	 21.89  
 400 P	 39.28  
 401 L	 7.89  
 402 G	 27.85  
 403 A	 15.65  
 404 L	 6.31  
 405 Q	 33.57  
 406 P	 40.72  
 407 G	 24.71  
 408 A	 20.90  
 409 Q	 43.48  
 410 P	 33.21  
 411 A	 20.42  
 412 N	 34.14  
 413 P	 30.94  
 414 L	 10.87  
 415 L	 5.44  
 416 G	 41.92  
 417 E	 52.10  
 418 L	 3.15  
 419 P	 25.26  
 420 A	 41.72  
 421 G	 28.85  
 422 G	 36.25  
 423 G	 33.81  
 424 L	 7.86  
 425 P	 24.48  
 426 P	 61.88  
 427 E	 72.47  
 428 L	 9.74  
 429 P	 20.77  
 430 P	 51.75  
 431 R	 59.03  
 432 R	 64.36  
 433 G	 48.37  
 434 K	 53.17  
 435 P	 38.27  
 436 P	 35.34  
 437 P	 55.87  
 438 L	 15.76  
 439 L	 3.51  
 440 P	 30.03  
 441 S	 29.91  
 442 V	 7.27  
 443 L	 8.80  
 444 G	 14.09  
 445 P	 24.46  
 446 A	 32.57  
 447 G	 41.49  
 448 G	 32.67  
 449 D	 44.31  
 450 R	 34.07  
 451 E	 53.65  
 452 A	 14.07  
 453 L	 5.08  
 454 G	 35.32  
 455 L	 10.94  
 456 G	 25.09  
 457 P	 22.02  
 458 P	 38.13  
 459 A	 15.80  
 460 A	 15.64  
 461 Q	 48.23  
 462 L	 7.14  
 463 T	 22.97  
 464 P	 41.28  
 465 P	 32.23  
 466 P	 50.85  
 467 A	 19.72  
 468 P	 26.87  
 469 V	 14.16  
 470 G	 14.48  
 471 L	 5.96  
 472 R	 31.16  
 473 G	 30.98  
 474 S	 28.37  
 475 G	 23.40  
 476 L	 4.15  
 477 R	 47.50  
 478 G	 37.19  
 479 L	 4.65  
 480 Q	 50.78  
 481 K	 59.93  
 482 D	 45.96  
 483 S	 49.71  
 484 G	 37.59  
 485 P	 38.83  
 486 L	 9.35  
 487 P	 46.09  
 488 T	 50.20  
 489 P	 23.00  
 490 P	 59.29  
 491 G	 23.89  
 492 V	 4.49  
 493 S	 24.64  
 494 L	 7.09  
 495 L	 5.94  
 496 G	 51.13  
 497 E	 59.40  
 498 P	 39.17  
 499 P	 37.54  
 500 K	 77.45  
 501 D	 43.66  
 502 Y	 19.30  
 503 R	 33.89  
 504 I	 3.56  
 505 P	 19.65  
 506 L	 10.56  
 507 N	 20.16  
 508 P	 42.54  
 509 Y	 13.72  
 510 L	 6.08  
 511 N	 29.84  
 512 L	 2.40  
 513 H	 18.48  
 514 S	 34.46  
 515 L	 4.65  
 516 L	 3.59  
 517 P	 38.65  
 518 A	 15.83  
 519 S	 30.36  
 520 N	 35.70  
 521 L	 6.52  
 522 A	 31.12  
 523 G	 31.35  
 524 K	 42.46  
 525 E	 42.56  
 526 A	 20.83  
 527 R	 42.35  
 528 G	 34.13  
 529 W	 9.11  
 530 G	 20.92  
 531 G	 20.53  
 532 A	 13.29  
 533 G	 31.22  
 534 R	 26.84  
 535 S	 31.55  
 536 R	 47.44  
 537 R	 35.71  
 538 P	 33.29  
 539 A	 32.35  
 540 E	 65.12  
 541 G	 25.32  
 542 P	 27.76  
 543 L	 12.13  
 544 T	 49.14  
 545 N	 48.52  
 546 P	 22.61  
 547 P	 53.83  
 548 A	 19.34  
 549 P	 47.97  
 550 G	 56.02  
 551 G	 31.58  
 552 G	 30.21  
 553 S	 30.26  
 554 S	 41.74  
 555 S	 37.24  
 556 S	 29.92  
 557 K	 55.99  
 558 A	 10.20  
 559 F	 11.40  
 560 Q	 53.49  
 561 L	 4.37  
 562 K	 23.81  
 563 S	 36.43  
 564 R	 37.75  
 565 L	 7.78  
 566 L	 4.88  
 567 S	 28.52  
 568 P	 35.91  
 569 L	 5.93  
 570 S	 25.90  
 571 S	 25.70  
 572 A	 17.41  
 573 R	 50.07  
 574 L	 9.20  
 575 P	 26.17  
 576 P	 66.07  
 577 E	 50.49  
 578 P	 55.59  
 579 G	 35.83  
 580 L	 8.22  
 581 S	 30.35  
 582 D	 57.55  
 583 S	 21.21  
 584 Y	 20.53  
 585 S	 18.65  
 586 F	 8.73  
 587 D	 48.79  
 588 Y	 11.56  
 589 P	 26.20  
 590 S	 33.72  
 591 D	 41.37  
 592 M	 10.51  
 593 G	 19.97  
 594 P	 16.16  
 595 R	 42.05  
 596 R	 43.12  
 597 L	 5.65  
 598 F	 6.30  
 599 S	 36.85  
 600 H	 20.36  
 601 P	 40.92  
 602 R	 58.04  
 603 E	 39.10  
 604 P	 33.78  
 605 A	 22.01  
 606 L	 18.77  
 607 G	 17.79  
 608 P	 30.06  
 609 H	 60.02  
 610 G	 25.63  
 611 P	 25.75  
 612 S	 52.16  
 613 R	 36.26  
 614 H	 34.21  
 615 K	 39.71  
 616 M	 6.25  
 617 S	 38.77  
 618 P	 41.12  
 619 P	 28.51  
 620 P	 50.93  
 621 S	 53.15  
 622 G	 40.11  
 623 F	 12.32  
 624 G	 32.69  
 625 E	 47.32  
 626 R	 36.18  
 627 S	 29.09  
 628 S	 54.09  
 629 G	 35.22  
 630 G	 25.68  
 631 S	 37.48  
 632 G	 48.64  
 633 G	 35.92  
 634 G	 24.41  
 635 P	 33.68  
 636 L	 7.60  
 637 S	 18.06  
 638 H	 33.09  
 639 F	 4.70  
 640 Y	 13.49  
 641 S	 31.67  
 642 G	 26.68  
 643 S	 21.04  
 644 P	 28.96  
 645 T	 37.44  
 646 S	 22.95  
 647 Y	 17.22  
 648 F	 4.37  
 649 T	 17.41  
 650 S	 27.83  
 651 G	 20.81  
 652 L	 2.94  
 653 Q	 36.59  
 654 A	 30.26  
 655 G	 22.05  
 656 L	 5.24  
 657 K	 49.16  
 658 Q	 40.92  
 659 S	 25.47  
 660 H	 31.46  
 661 L	 7.32  
 662 S	 18.02  
 663 K	 50.84  
 664 A	 14.16  
 665 I	 6.72  
 666 G	 27.25  
 667 S	 23.75  
 668 S	 20.94  
 669 P	 42.30  
 670 L	 10.35  
 671 G	 36.67  
 672 S	 41.16  
 673 G	 31.06  
 674 E	 48.65  
 675 G	 29.72  
 676 L	 2.74  
 677 L	 10.76  
 678 G	 29.20  
 679 L	 5.87  
 680 S	 26.47  
 681 P	 68.27  
 682 G	 25.57  
 683 P	 47.19  
 684 N	 67.72  
 685 G	 27.15  
 686 H	 20.77  
 687 S	 19.75  
 688 H	 29.52  
 689 L	 6.18  
 690 L	 4.93  
 691 K	 55.23  
 692 T	 24.58  
 693 P	 27.67  
 694 L	 17.00  
 695 G	 37.38  
 696 G	 37.20  
 697 Q	 35.87  
 698 K	 53.97  
 699 R	 29.17  
 700 S	 33.54  
 701 F	 6.04  
 702 A	 8.15  
 703 H	 26.37  
 704 L	 7.25  
 705 L	 2.57  
 706 P	 54.95  
 707 S	 41.69  
 708 P	 56.42  
 709 E	 63.85  
 710 P	 59.58  
 711 S	 33.64  
 712 P	 61.76  
 713 E	 66.17  
 714 G	 27.88  
 715 S	 18.25  
 716 Y	 21.32  
 717 V	 6.78  
 718 G	 15.96  
 719 Q	 24.02  
 720 H	 19.03  
 721 S	 20.32  
 722 Q	 49.35  
 723 G	 29.33  
 724 L	 6.03  
 725 G	 27.88  
 726 G	 18.70  
 727 H	 16.89  
 728 Y	 18.51  
 729 A	 8.13  
 730 D	 30.56  
 731 S	 24.96  
 732 Y	 19.45  
 733 L	 5.11  
 734 K	 47.87  
 735 R	 30.78  
 736 K	 48.54  
 737 R	 39.31  
 738 I	 5.57  
 739 F	 10.73  
