 1 M	 7.93  
 2 R	 32.65  
 3 A	 11.84  
 4 S	 14.80  
 5 L	 5.64  
 6 L	 2.87  
 7 L	 3.95  
 8 S	 21.05  
 9 V	 5.47  
 10 L	 4.95  
 11 R	 19.50  
 12 P	 37.09  
 13 A	 28.61  
 14 G	 21.65  
 15 P	 17.01  
 16 V	 7.06  
 17 A	 9.28  
 18 V	 7.72  
 19 G	 8.27  
 20 I	 2.17  
 21 S	 19.26  
 22 L	 6.55  
 23 G	 13.50  
 24 F	 8.24  
 25 T	 17.40  
 26 L	 2.95  
 27 S	 24.98  
 28 L	 4.68  
 29 L	 3.30  
 30 S	 23.85  
 31 V	 5.01  
 32 T	 22.03  
 33 W	 8.05  
 34 V	 4.33  
 35 E	 48.02  
 36 E	 35.95  
 37 P	 18.17  
 38 C	 13.37  
 39 G	 40.70  
 40 P	 59.85  
 41 G	 31.63  
 42 P	 27.73  
 43 P	 59.94  
 44 Q	 58.71  
 45 P	 55.09  
 46 G	 45.92  
 47 D	 45.69  
 48 S	 47.12  
 49 E	 70.77  
 50 L	 9.07  
 51 P	 16.70  
 52 P	 70.23  
 53 R	 49.40  
 54 G	 51.60  
 55 N	 31.29  
 56 T	 29.11  
 57 N	 35.29  
 58 A	 10.58  
 59 A	 15.30  
 60 R	 52.78  
 61 R	 29.99  
 62 P	 31.71  
 63 N	 53.66  
 64 S	 25.47  
 65 V	 11.49  
 66 Q	 30.45  
 67 P	 41.63  
 68 G	 23.99  
 69 A	 21.25  
 70 E	 68.25  
 71 R	 57.62  
 72 E	 55.92  
 73 K	 55.78  
 74 P	 32.87  
 75 G	 58.23  
 76 A	 22.76  
 77 G	 39.52  
 78 E	 45.39  
 79 G	 37.65  
 80 A	 20.16  
 81 G	 39.36  
 82 E	 59.65  
 83 N	 47.71  
 84 W	 16.81  
 85 E	 34.51  
 86 P	 24.24  
 87 R	 30.96  
 88 V	 10.38  
 89 L	 3.53  
 90 P	 23.64  
 91 Y	 19.10  
 92 H	 14.85  
 93 P	 27.09  
 94 A	 18.19  
 95 Q	 47.29  
 96 P	 38.68  
 97 G	 20.06  
 98 Q	 44.84  
 99 A	 27.45  
 100 A	 13.14  
 101 K	 44.26  
 102 K	 47.60  
 103 A	 8.70  
 104 V	 9.85  
 105 R	 20.53  
 106 T	 22.64  
 107 R	 19.07  
 108 Y	 9.90  
 109 I	 3.56  
 110 S	 13.59  
 111 T	 26.18  
 112 E	 37.90  
 113 L	 7.57  
 114 G	 13.55  
 115 I	 5.47  
 116 R	 17.48  
 117 Q	 38.15  
 118 R	 21.82  
 119 L	 3.23  
 120 L	 2.24  
 121 V	 4.02  
 122 A	 7.20  
 123 V	 4.70  
 124 L	 2.48  
 125 T	 16.52  
 126 S	 22.74  
 127 Q	 33.01  
 128 T	 30.02  
 129 T	 24.09  
 130 L	 3.28  
 131 P	 24.39  
 132 T	 38.98  
 133 L	 4.99  
 134 G	 14.07  
 135 V	 6.38  
 136 A	 7.35  
 137 V	 4.65  
 138 N	 22.83  
 139 R	 25.40  
 140 T	 31.71  
 141 L	 4.99  
 142 G	 11.85  
 143 H	 33.97  
 144 R	 36.12  
 145 L	 4.01  
 146 E	 43.30  
 147 R	 34.20  
 148 V	 2.32  
 149 V	 3.99  
 150 F	 4.65  
 151 L	 2.67  
 152 T	 19.82  
 153 G	 18.54  
 154 A	 12.91  
 155 R	 40.26  
 156 G	 23.92  
 157 R	 26.49  
 158 R	 55.03  
 159 A	 17.18  
 160 P	 24.94  
 161 P	 44.18  
 162 G	 18.67  
 163 M	 2.93  
 164 A	 9.88  
 165 V	 2.22  
 166 V	 2.38  
 167 T	 23.58  
 168 L	 5.70  
 169 G	 25.92  
 170 E	 54.68  
 171 E	 63.06  
 172 R	 24.67  
 173 P	 39.95  
 174 I	 7.32  
 175 G	 21.71  
 176 H	 15.70  
 177 L	 2.74  
 178 H	 11.90  
 179 L	 6.38  
 180 A	 7.57  
 181 L	 4.45  
 182 R	 16.89  
 183 H	 35.30  
 184 L	 4.56  
 185 L	 4.94  
 186 E	 47.06  
 187 Q	 45.92  
 188 H	 32.07  
 189 G	 35.56  
 190 D	 51.81  
 191 D	 48.25  
 192 F	 12.16  
 193 D	 48.55  
 194 W	 5.96  
 195 F	 3.50  
 196 F	 6.15  
 197 L	 3.88  
 198 V	 3.22  
 199 P	 35.06  
 200 D	 44.17  
 201 T	 18.68  
 202 T	 35.51  
 203 Y	 12.50  
 204 T	 25.30  
 205 E	 28.40  
 206 A	 8.34  
 207 H	 26.10  
 208 G	 28.25  
 209 L	 1.47  
 210 A	 14.72  
 211 R	 37.51  
 212 L	 5.83  
 213 T	 19.59  
 214 G	 25.08  
 215 H	 13.65  
 216 L	 4.80  
 217 S	 19.06  
 218 L	 5.70  
 219 A	 8.18  
 220 S	 31.14  
 221 A	 8.03  
 222 A	 7.24  
 223 H	 18.09  
 224 L	 3.03  
 225 Y	 9.39  
 226 L	 6.21  
 227 G	 26.18  
 228 R	 24.10  
 229 P	 35.97  
 230 Q	 57.81  
 231 D	 39.55  
 232 F	 4.75  
 233 I	 10.49  
 234 G	 34.11  
 235 G	 32.66  
 236 E	 40.56  
 237 P	 47.36  
 238 T	 33.79  
 239 P	 35.66  
 240 G	 35.35  
 241 R	 31.91  
 242 Y	 8.50  
 243 C	 2.01  
 244 H	 30.40  
 245 G	 29.57  
 246 G	 7.77  
 247 F	 7.87  
 248 G	 16.67  
 249 V	 4.55  
 250 L	 3.53  
 251 L	 2.57  
 252 S	 16.10  
 253 R	 21.53  
 254 M	 3.83  
 255 L	 3.67  
 256 L	 1.92  
 257 Q	 35.98  
 258 Q	 39.13  
 259 L	 6.24  
 260 R	 16.56  
 261 P	 45.03  
 262 H	 30.03  
 263 L	 7.20  
 264 E	 53.89  
 265 G	 23.26  
 266 C	 2.41  
 267 R	 55.50  
 268 N	 47.65  
 269 D	 24.26  
 270 I	 2.77  
 271 V	 4.00  
 272 S	 20.92  
 273 A	 19.01  
 274 R	 31.53  
 275 P	 43.52  
 276 D	 54.90  
 277 E	 47.48  
 278 W	 16.11  
 279 L	 2.67  
 280 G	 24.40  
 281 R	 11.35  
 282 C	 3.25  
 283 I	 3.62  
 284 L	 4.14  
 285 D	 23.36  
 286 A	 11.65  
 287 T	 31.87  
 288 G	 18.62  
 289 V	 5.03  
 290 G	 12.47  
 291 C	 3.41  
 292 T	 39.45  
 293 G	 38.05  
 294 D	 20.64  
 295 H	 34.75  
 296 E	 68.59  
 297 G	 14.21  
 298 V	 3.31  
 299 H	 29.27  
 300 Y	 8.72  
 301 S	 13.50  
 302 H	 19.02  
 303 L	 6.11  
 304 E	 41.60  
 305 L	 10.61  
 306 S	 22.83  
 307 P	 64.88  
 308 G	 48.76  
 309 E	 45.76  
 310 P	 38.72  
 311 V	 7.62  
 312 Q	 60.72  
 313 E	 66.84  
 314 G	 36.34  
 315 D	 32.52  
 316 P	 39.10  
 317 H	 35.18  
 318 F	 8.86  
 319 R	 20.27  
 320 S	 27.04  
 321 A	 12.50  
 322 L	 4.60  
 323 T	 23.72  
 324 A	 13.06  
 325 H	 19.02  
 326 P	 22.00  
 327 V	 8.55  
 328 R	 47.14  
 329 D	 50.21  
 330 P	 13.83  
 331 V	 4.80  
 332 H	 18.02  
 333 M	 2.02  
 334 Y	 7.95  
 335 Q	 29.52  
 336 L	 2.17  
 337 H	 12.13  
 338 K	 54.51  
 339 A	 7.81  
 340 F	 5.88  
 341 A	 18.03  
 342 R	 23.34  
 343 A	 23.46  
 344 E	 45.68  
 345 L	 5.43  
 346 E	 34.19  
 347 R	 51.89  
 348 T	 21.85  
 349 Y	 15.46  
 350 Q	 40.48  
 351 E	 35.90  
 352 I	 1.97  
 353 Q	 44.59  
 354 E	 48.90  
 355 L	 4.04  
 356 Q	 34.70  
 357 W	 19.79  
 358 E	 23.03  
 359 I	 3.31  
 360 Q	 35.32  
 361 N	 49.57  
 362 T	 10.93  
 363 S	 24.85  
 364 H	 18.77  
 365 L	 5.07  
 366 A	 7.60  
 367 V	 12.14  
 368 D	 47.90  
 369 G	 21.50  
 370 D	 32.36  
 371 R	 31.49  
 372 A	 13.28  
 373 A	 15.79  
 374 A	 15.32  
 375 W	 5.38  
 376 P	 15.10  
 377 V	 8.28  
 378 G	 18.98  
 379 I	 2.40  
 380 P	 31.99  
 381 A	 16.87  
 382 P	 26.05  
 383 S	 53.66  
 384 R	 29.73  
 385 P	 38.64  
 386 A	 16.54  
 387 S	 39.94  
 388 R	 33.57  
 389 F	 7.63  
 390 E	 39.26  
 391 V	 3.96  
 392 L	 3.45  
 393 R	 29.42  
 394 W	 10.65  
 395 D	 23.41  
 396 Y	 12.87  
 397 F	 5.86  
 398 T	 28.62  
 399 E	 30.39  
 400 Q	 30.10  
 401 H	 23.62  
 402 A	 9.57  
 403 F	 6.06  
 404 S	 14.80  
 405 C	 3.02  
 406 A	 24.01  
 407 D	 63.53  
 408 G	 22.48  
 409 S	 15.09  
 410 P	 47.63  
 411 R	 36.06  
 412 C	 4.17  
 413 P	 26.77  
 414 L	 10.12  
 415 R	 24.32  
 416 G	 39.24  
 417 A	 9.18  
 418 D	 49.47  
 419 R	 31.95  
 420 A	 19.04  
 421 D	 36.71  
 422 V	 4.84  
 423 A	 11.18  
 424 D	 35.70  
 425 V	 3.71  
 426 L	 5.33  
 427 G	 14.59  
 428 T	 24.73  
 429 A	 15.92  
 430 L	 5.44  
 431 E	 58.96  
 432 E	 52.79  
 433 L	 4.39  
 434 N	 29.66  
 435 R	 53.83  
 436 R	 32.79  
 437 Y	 14.66  
 438 H	 10.19  
 439 P	 24.85  
 440 A	 7.63  
 441 L	 7.09  
 442 R	 36.86  
 443 L	 8.52  
 444 Q	 34.77  
 445 K	 44.60  
 446 Q	 28.95  
 447 Q	 55.18  
 448 L	 2.75  
 449 V	 4.54  
 450 N	 50.82  
 451 G	 15.16  
 452 Y	 8.07  
 453 R	 33.90  
 454 R	 31.66  
 455 F	 11.04  
 456 D	 33.85  
 457 P	 22.57  
 458 A	 23.62  
 459 R	 50.83  
 460 G	 18.51  
 461 M	 2.72  
 462 E	 37.88  
 463 Y	 12.05  
 464 T	 10.65  
 465 L	 6.39  
 466 D	 25.27  
 467 L	 7.62  
 468 Q	 36.60  
 469 L	 5.59  
 470 E	 28.77  
 471 A	 25.90  
 472 L	 5.39  
 473 T	 22.18  
 474 P	 31.50  
 475 Q	 62.83  
 476 G	 32.55  
 477 G	 19.71  
 478 R	 43.82  
 479 R	 33.58  
 480 P	 36.40  
 481 L	 5.73  
 482 T	 21.07  
 483 R	 44.44  
 484 R	 18.46  
 485 V	 4.19  
 486 Q	 32.73  
 487 L	 3.91  
 488 L	 2.72  
 489 R	 38.41  
 490 P	 34.36  
 491 L	 4.06  
 492 S	 36.64  
 493 R	 37.46  
 494 V	 4.88  
 495 E	 37.38  
 496 I	 4.88  
 497 L	 1.90  
 498 P	 30.60  
 499 V	 4.84  
 500 P	 18.88  
 501 Y	 21.90  
 502 V	 2.97  
 503 T	 21.71  
 504 E	 34.30  
 505 A	 7.21  
 506 S	 22.91  
 507 R	 41.23  
 508 L	 3.44  
 509 T	 14.16  
 510 V	 6.47  
 511 L	 3.25  
 512 L	 2.58  
 513 P	 18.78  
 514 L	 5.23  
 515 A	 11.59  
 516 A	 19.96  
 517 A	 13.52  
 518 E	 41.84  
 519 R	 39.24  
 520 D	 38.39  
 521 L	 8.52  
 522 A	 13.37  
 523 P	 41.17  
 524 G	 33.88  
 525 F	 5.62  
 526 L	 6.02  
 527 E	 39.21  
 528 A	 11.08  
 529 F	 4.54  
 530 A	 11.90  
 531 T	 13.15  
 532 A	 13.45  
 533 A	 14.22  
 534 L	 8.28  
 535 E	 42.38  
 536 P	 46.98  
 537 G	 28.02  
 538 D	 43.69  
 539 A	 12.62  
 540 A	 9.67  
 541 A	 12.53  
 542 A	 9.06  
 543 L	 2.73  
 544 T	 15.61  
 545 L	 3.10  
 546 L	 2.33  
 547 L	 5.57  
 548 L	 4.61  
 549 Y	 24.69  
 550 E	 33.70  
 551 P	 21.81  
 552 R	 32.31  
 553 Q	 53.19  
 554 A	 10.63  
 555 Q	 31.85  
 556 R	 30.52  
 557 V	 2.81  
 558 A	 8.37  
 559 H	 21.43  
 560 A	 12.62  
 561 D	 26.63  
 562 V	 4.59  
 563 F	 7.00  
 564 A	 14.07  
 565 P	 19.37  
 566 V	 8.41  
 567 K	 31.54  
 568 A	 11.56  
 569 H	 17.38  
 570 V	 5.45  
 571 A	 13.04  
 572 E	 50.50  
 573 L	 4.47  
 574 E	 33.06  
 575 R	 59.15  
 576 R	 32.51  
 577 F	 9.07  
 578 P	 33.45  
 579 G	 24.25  
 580 A	 14.99  
 581 R	 40.73  
 582 V	 3.85  
 583 P	 22.27  
 584 W	 9.83  
 585 L	 2.69  
 586 S	 14.33  
 587 V	 5.70  
 588 Q	 23.26  
 589 T	 23.72  
 590 A	 10.57  
 591 A	 14.43  
 592 P	 33.73  
 593 S	 31.66  
 594 P	 22.05  
 595 L	 8.45  
 596 R	 31.20  
 597 L	 4.05  
 598 M	 2.49  
 599 D	 49.39  
 600 L	 3.47  
 601 L	 6.50  
 602 S	 47.13  
 603 K	 55.88  
 604 K	 47.26  
 605 H	 31.71  
 606 P	 40.59  
 607 L	 8.64  
 608 D	 45.90  
 609 T	 27.39  
 610 L	 2.58  
 611 F	 5.96  
 612 L	 3.44  
 613 L	 3.97  
 614 A	 29.62  
 615 G	 22.15  
 616 P	 28.61  
 617 D	 48.83  
 618 T	 22.13  
 619 V	 7.95  
 620 L	 6.63  
 621 T	 19.24  
 622 P	 26.62  
 623 D	 56.27  
 624 F	 7.39  
 625 L	 5.28  
 626 N	 40.79  
 627 R	 16.15  
 628 C	 4.39  
 629 R	 19.38  
 630 M	 2.61  
 631 H	 10.68  
 632 A	 6.57  
 633 I	 2.08  
 634 S	 34.46  
 635 G	 17.88  
 636 W	 4.59  
 637 Q	 31.64  
 638 A	 11.09  
 639 F	 4.18  
 640 F	 6.18  
 641 P	 14.64  
 642 M	 4.11  
 643 H	 16.35  
 644 F	 4.57  
 645 Q	 28.56  
 646 A	 12.08  
 647 F	 5.02  
 648 H	 16.66  
 649 P	 23.21  
 650 A	 11.09  
 651 V	 10.94  
 652 A	 16.50  
 653 P	 18.36  
 654 P	 41.86  
 655 Q	 70.43  
 656 G	 34.60  
 657 P	 47.04  
 658 G	 58.16  
 659 P	 23.48  
 660 P	 56.19  
 661 E	 67.97  
 662 L	 9.34  
 663 G	 24.61  
 664 R	 51.44  
 665 D	 52.28  
 666 T	 28.97  
 667 G	 32.33  
 668 R	 32.17  
 669 F	 10.85  
 670 D	 40.18  
 671 R	 25.89  
 672 Q	 43.03  
 673 A	 17.53  
 674 A	 10.28  
 675 S	 28.83  
 676 E	 44.74  
 677 A	 6.04  
 678 C	 3.06  
 679 F	 9.25  
 680 Y	 17.40  
 681 N	 14.25  
 682 S	 20.95  
 683 D	 37.98  
 684 Y	 7.57  
 685 V	 3.94  
 686 A	 5.80  
 687 A	 12.38  
 688 R	 22.49  
 689 G	 24.99  
 690 R	 18.66  
 691 L	 4.18  
 692 A	 10.30  
 693 A	 18.99  
 694 A	 14.16  
 695 S	 34.78  
 696 E	 58.23  
 697 Q	 61.99  
 698 E	 49.76  
 699 E	 54.35  
 700 E	 58.88  
 701 L	 7.91  
 702 L	 4.80  
 703 E	 62.98  
 704 S	 29.82  
 705 L	 3.64  
 706 D	 50.67  
 707 V	 4.92  
 708 Y	 13.44  
 709 E	 32.66  
 710 L	 2.79  
 711 F	 3.13  
 712 L	 6.61  
 713 H	 17.13  
 714 F	 6.04  
 715 S	 22.65  
 716 S	 22.88  
 717 L	 2.91  
 718 H	 20.65  
 719 V	 4.73  
 720 L	 1.71  
 721 R	 35.18  
 722 A	 13.08  
 723 V	 7.97  
 724 E	 24.70  
 725 P	 22.93  
 726 A	 13.85  
 727 L	 6.48  
 728 L	 2.71  
 729 Q	 41.01  
 730 R	 23.91  
 731 Y	 9.42  
 732 R	 23.55  
 733 A	 10.49  
 734 Q	 33.76  
 735 T	 13.88  
 736 C	 1.67  
 737 S	 21.58  
 738 A	 20.69  
 739 R	 23.58  
 740 L	 7.04  
 741 S	 24.42  
 742 E	 57.54  
 743 D	 49.50  
 744 L	 3.22  
 745 Y	 10.27  
 746 H	 22.67  
 747 R	 14.86  
 748 C	 2.30  
 749 L	 4.25  
 750 Q	 34.81  
 751 S	 18.74  
 752 V	 3.48  
 753 L	 5.38  
 754 E	 50.66  
 755 G	 31.04  
 756 L	 4.04  
 757 G	 26.41  
 758 S	 36.88  
 759 R	 25.37  
 760 T	 29.63  
 761 Q	 26.55  
 762 L	 2.75  
 763 A	 4.09  
 764 M	 4.55  
 765 L	 4.05  
 766 L	 2.59  
 767 F	 8.85  
 768 E	 53.85  
 769 Q	 40.76  
 770 E	 53.94  
 771 Q	 56.94  
 772 G	 29.33  
 773 N	 42.02  
 774 S	 42.17  
 775 T	 46.78  
