 1 M	 6.95  
 2 P	 34.36  
 3 Q	 35.36  
 4 H	 16.29  
 5 A	 9.82  
 6 M	 4.72  
 7 G	 37.13  
 8 D	 24.75  
 9 T	 14.59  
 10 H	 26.79  
 11 F	 5.56  
 12 L	 3.89  
 13 S	 41.50  
 14 L	 7.72  
 15 P	 20.74  
 16 K	 59.23  
 17 H	 25.00  
 18 L	 6.64  
 19 F	 5.19  
 20 T	 37.14  
 21 S	 20.96  
 22 T	 24.52  
 23 S	 20.10  
 24 S	 34.96  
 25 A	 18.39  
 26 T	 32.42  
 27 D	 42.63  
 28 S	 36.65  
 29 G	 19.01  
 30 C	 6.44  
 31 D	 66.81  
 32 T	 40.97  
 33 P	 17.33  
 34 P	 47.21  
 35 S	 33.39  
 36 S	 37.33  
 37 R	 43.34  
 38 A	 23.09  
 39 S	 21.64  
 40 P	 25.53  
 41 A	 20.78  
 42 S	 27.92  
 43 L	 5.64  
 44 R	 29.33  
 45 S	 29.88  
 46 A	 9.93  
 47 H	 30.90  
 48 G	 23.50  
 49 T	 20.34  
 50 L	 8.09  
 51 G	 25.89  
 52 S	 29.90  
 53 S	 31.06  
 54 S	 37.20  
 55 Q	 40.43  
 56 P	 40.75  
 57 L	 6.19  
 58 F	 19.17  
 59 E	 44.16  
 60 P	 31.20  
 61 Q	 55.76  
 62 A	 34.69  
 63 E	 43.70  
 64 K	 61.67  
 65 R	 32.80  
 66 S	 37.55  
 67 S	 35.27  
 68 Q	 40.19  
 69 T	 29.63  
 70 A	 9.67  
 71 R	 48.26  
 72 E	 31.35  
 73 V	 4.08  
 74 Q	 28.32  
 75 Y	 13.89  
 76 V	 1.73  
 77 S	 25.33  
 78 S	 44.44  
 79 G	 21.95  
 80 P	 31.93  
 81 Q	 56.52  
 82 N	 39.83  
 83 S	 21.57  
 84 L	 4.03  
 85 C	 5.37  
 86 G	 25.48  
 87 W	 5.82  
 88 Q	 16.33  
 89 A	 12.08  
 90 F	 7.81  
 91 T	 25.50  
 92 P	 20.93  
 93 K	 44.51  
 94 C	 3.19  
 95 L	 6.42  
 96 Q	 47.42  
 97 V	 2.29  
 98 F	 5.63  
 99 N	 57.52  
 100 T	 18.21  
 101 P	 35.56  
 102 K	 61.32  
 103 G	 26.20  
 104 F	 7.21  
 105 L	 3.96  
 106 F	 4.03  
 107 F	 6.27  
 108 L	 1.20  
 109 C	 2.22  
 110 A	 14.32  
 111 A	 10.38  
 112 S	 14.15  
 113 F	 5.18  
 114 L	 3.89  
 115 Q	 37.29  
 116 G	 18.84  
 117 M	 2.14  
 118 T	 20.04  
 119 V	 4.97  
 120 N	 30.41  
 121 G	 22.07  
 122 F	 3.08  
 123 I	 4.47  
 124 N	 26.49  
 125 T	 14.41  
 126 V	 3.77  
 127 I	 2.05  
 128 T	 21.22  
 129 S	 16.01  
 130 I	 3.41  
 131 E	 37.26  
 132 R	 42.78  
 133 R	 19.35  
 134 F	 17.14  
 135 D	 41.48  
 136 L	 2.38  
 137 H	 26.72  
 138 S	 31.97  
 139 Y	 8.92  
 140 Q	 33.75  
 141 S	 27.60  
 142 G	 12.94  
 143 L	 3.42  
 144 I	 3.89  
 145 A	 9.47  
 146 S	 23.57  
 147 S	 20.15  
 148 Y	 14.63  
 149 D	 26.46  
 150 I	 1.67  
 151 A	 6.82  
 152 A	 6.27  
 153 C	 1.72  
 154 L	 1.99  
 155 C	 3.19  
 156 L	 2.41  
 157 T	 22.46  
 158 F	 1.91  
 159 V	 3.70  
 160 S	 15.56  
 161 Y	 10.84  
 162 F	 8.65  
 163 G	 22.03  
 164 G	 27.35  
 165 N	 50.18  
 166 G	 33.21  
 167 H	 40.73  
 168 K	 37.36  
 169 P	 27.31  
 170 R	 46.16  
 171 W	 14.04  
 172 L	 4.34  
 173 G	 16.48  
 174 W	 7.49  
 175 G	 10.90  
 176 V	 2.42  
 177 L	 2.01  
 178 V	 4.23  
 179 L	 3.46  
 180 G	 18.09  
 181 I	 2.72  
 182 G	 17.09  
 183 S	 21.31  
 184 L	 2.87  
 185 V	 2.56  
 186 F	 7.58  
 187 A	 16.83  
 188 L	 1.99  
 189 P	 19.67  
 190 H	 33.27  
 191 F	 4.77  
 192 T	 25.76  
 193 A	 10.26  
 194 G	 29.64  
 195 R	 23.21  
 196 Y	 24.33  
 197 E	 30.55  
 198 V	 5.68  
 199 E	 29.04  
 200 M	 7.40  
 201 D	 33.05  
 202 E	 55.82  
 203 G	 25.74  
 204 L	 5.37  
 205 G	 32.71  
 206 T	 34.07  
 207 G	 16.78  
 208 T	 12.27  
 209 C	 4.70  
 210 L	 5.17  
 211 T	 33.10  
 212 N	 28.54  
 213 Q	 29.67  
 214 S	 31.41  
 215 H	 15.05  
 216 V	 12.83  
 217 E	 30.35  
 218 C	 6.04  
 219 K	 41.01  
 220 D	 62.18  
 221 S	 15.16  
 222 A	 20.11  
 223 S	 44.19  
 224 G	 32.61  
 225 L	 2.51  
 226 S	 35.03  
 227 N	 30.87  
 228 Y	 11.92  
 229 R	 26.09  
 230 L	 2.20  
 231 I	 1.09  
 232 F	 3.81  
 233 M	 3.05  
 234 L	 2.48  
 235 G	 12.33  
 236 Q	 36.57  
 237 L	 3.46  
 238 L	 2.25  
 239 H	 37.17  
 240 G	 21.37  
 241 V	 3.08  
 242 G	 28.46  
 243 A	 12.02  
 244 T	 14.11  
 245 P	 23.88  
 246 L	 4.42  
 247 Y	 10.92  
 248 T	 25.39  
 249 L	 3.07  
 250 G	 11.26  
 251 V	 3.41  
 252 T	 19.30  
 253 Y	 15.11  
 254 L	 4.93  
 255 D	 34.70  
 256 E	 62.42  
 257 N	 46.30  
 258 V	 6.31  
 259 K	 45.31  
 260 S	 30.17  
 261 S	 24.74  
 262 Y	 26.09  
 263 S	 13.53  
 264 P	 18.37  
 265 I	 2.98  
 266 Y	 6.41  
 267 I	 2.16  
 268 A	 2.94  
 269 I	 1.65  
 270 F	 3.07  
 271 Y	 6.86  
 272 T	 10.00  
 273 A	 4.90  
 274 A	 6.96  
 275 I	 4.19  
 276 L	 6.03  
 277 G	 12.04  
 278 P	 18.58  
 279 A	 16.24  
 280 A	 15.42  
 281 G	 21.64  
 282 Y	 7.16  
 283 L	 2.61  
 284 I	 3.44  
 285 G	 18.40  
 286 G	 10.79  
 287 A	 8.28  
 288 M	 2.94  
 289 L	 3.77  
 290 N	 16.21  
 291 V	 5.72  
 292 Y	 8.98  
 293 T	 21.66  
 294 E	 27.28  
 295 V	 6.45  
 296 G	 12.67  
 297 Q	 55.06  
 298 R	 25.00  
 299 T	 27.71  
 300 E	 46.43  
 301 L	 6.54  
 302 T	 23.48  
 303 T	 47.29  
 304 D	 42.92  
 305 S	 21.57  
 306 P	 32.81  
 307 L	 7.19  
 308 W	 7.00  
 309 V	 5.03  
 310 G	 12.14  
 311 A	 6.71  
 312 W	 4.94  
 313 W	 4.74  
 314 I	 1.63  
 315 G	 9.67  
 316 F	 4.13  
 317 L	 5.17  
 318 G	 21.45  
 319 T	 27.80  
 320 G	 13.02  
 321 I	 2.22  
 322 A	 8.10  
 323 A	 9.62  
 324 F	 3.61  
 325 L	 1.91  
 326 I	 2.36  
 327 A	 12.03  
 328 I	 1.40  
 329 P	 13.51  
 330 I	 3.68  
 331 L	 4.51  
 332 G	 30.99  
 333 Y	 7.56  
 334 P	 18.75  
 335 R	 42.03  
 336 Q	 47.72  
 337 L	 5.68  
 338 P	 31.86  
 339 G	 45.03  
 340 S	 15.00  
 341 Q	 46.79  
 342 R	 28.10  
 343 Y	 6.97  
 344 V	 2.73  
 345 V	 1.27  
 346 M	 1.40  
 347 R	 21.02  
 348 A	 7.49  
 349 A	 15.25  
 350 E	 46.28  
 351 T	 19.52  
 352 Q	 37.81  
 353 Q	 58.88  
 354 L	 5.17  
 355 K	 49.40  
 356 D	 54.29  
 357 H	 20.15  
 358 S	 42.41  
 359 R	 33.40  
 360 G	 33.09  
 361 A	 10.64  
 362 V	 6.73  
 363 S	 36.24  
 364 N	 25.89  
 365 P	 22.81  
 366 A	 30.03  
 367 F	 12.44  
 368 G	 27.16  
 369 K	 37.08  
 370 T	 22.58  
 371 V	 5.23  
 372 R	 45.00  
 373 D	 48.58  
 374 L	 3.01  
 375 P	 28.49  
 376 L	 8.24  
 377 S	 15.13  
 378 I	 3.86  
 379 W	 4.23  
 380 L	 2.84  
 381 L	 2.25  
 382 L	 4.69  
 383 R	 47.23  
 384 N	 39.68  
 385 P	 23.42  
 386 T	 27.19  
 387 F	 3.80  
 388 I	 2.94  
 389 L	 2.11  
 390 L	 1.60  
 391 C	 1.88  
 392 L	 5.06  
 393 A	 12.46  
 394 G	 21.78  
 395 A	 9.17  
 396 T	 25.82  
 397 E	 38.84  
 398 A	 11.89  
 399 T	 16.68  
 400 L	 3.05  
 401 I	 2.43  
 402 A	 15.68  
 403 G	 11.99  
 404 M	 2.23  
 405 S	 21.48  
 406 T	 24.58  
 407 F	 14.30  
 408 G	 25.28  
 409 P	 26.53  
 410 K	 64.16  
 411 F	 8.23  
 412 F	 10.70  
 413 E	 44.70  
 414 A	 15.57  
 415 Q	 22.67  
 416 F	 11.62  
 417 S	 14.88  
 418 L	 5.39  
 419 S	 28.66  
 420 A	 19.38  
 421 S	 25.13  
 422 E	 41.88  
 423 A	 11.84  
 424 A	 10.77  
 425 T	 29.66  
 426 L	 2.41  
 427 F	 5.41  
 428 G	 20.27  
 429 Y	 6.76  
 430 L	 2.99  
 431 V	 3.50  
 432 V	 2.19  
 433 P	 20.08  
 434 A	 20.04  
 435 G	 29.25  
 436 G	 33.20  
 437 G	 25.62  
 438 G	 19.23  
 439 T	 23.29  
 440 L	 4.78  
 441 L	 6.73  
 442 G	 28.11  
 443 G	 16.82  
 444 F	 6.98  
 445 L	 4.73  
 446 V	 7.36  
 447 N	 46.31  
 448 K	 36.07  
 449 F	 8.32  
 450 K	 38.59  
 451 L	 9.37  
 452 R	 37.51  
 453 G	 40.43  
 454 S	 22.01  
 455 G	 23.36  
 456 I	 1.87  
 457 I	 2.93  
 458 R	 17.82  
 459 F	 2.75  
 460 C	 1.73  
 461 L	 3.48  
 462 F	 2.92  
 463 C	 1.64  
 464 T	 26.24  
 465 L	 3.01  
 466 T	 10.12  
 467 S	 25.21  
 468 L	 3.18  
 469 L	 3.80  
 470 A	 10.92  
 471 F	 5.60  
 472 F	 2.94  
 473 V	 2.66  
 474 F	 4.18  
 475 L	 1.60  
 476 M	 1.76  
 477 H	 26.48  
 478 C	 1.31  
 479 P	 31.06  
 480 N	 41.54  
 481 V	 1.65  
 482 H	 13.66  
 483 M	 2.78  
 484 A	 8.40  
 485 G	 15.10  
 486 V	 2.92  
 487 T	 17.37  
 488 T	 24.90  
 489 G	 13.03  
 490 Y	 10.27  
 491 V	 4.43  
 492 G	 12.23  
 493 S	 19.38  
 494 L	 8.58  
 495 L	 4.39  
 496 P	 43.98  
 497 K	 60.29  
 498 G	 31.20  
 499 Q	 37.62  
 500 L	 13.04  
 501 D	 37.93  
 502 L	 5.74  
 503 K	 33.34  
 504 A	 25.25  
 505 A	 5.87  
 506 C	 4.17  
 507 N	 25.33  
 508 A	 8.26  
 509 I	 1.36  
 510 Y	 5.69  
 511 C	 1.10  
 512 C	 4.33  
 513 Q	 46.65  
 514 P	 16.10  
 515 K	 29.33  
 516 H	 34.68  
 517 Y	 20.36  
 518 S	 15.89  
 519 P	 25.22  
 520 L	 4.20  
 521 C	 5.79  
 522 G	 36.13  
 523 S	 31.69  
 524 D	 41.69  
 525 G	 17.68  
 526 T	 13.64  
 527 M	 3.46  
 528 Y	 10.71  
 529 Y	 8.70  
 530 S	 7.33  
 531 P	 10.06  
 532 C	 2.75  
 533 Y	 14.93  
 534 A	 21.59  
 535 G	 7.46  
 536 C	 1.59  
 537 P	 32.05  
 538 A	 32.49  
 539 D	 30.04  
 540 A	 24.56  
 541 E	 43.32  
 542 T	 37.94  
 543 D	 34.52  
 544 L	 12.40  
 545 G	 39.02  
 546 G	 31.28  
 547 Q	 30.18  
 548 K	 44.50  
 549 V	 2.79  
 550 Y	 14.34  
 551 R	 42.50  
 552 G	 7.04  
 553 C	 1.91  
 554 S	 13.66  
 555 C	 4.84  
 556 I	 2.98  
 557 L	 6.92  
 558 E	 27.02  
 559 K	 50.56  
 560 A	 10.27  
 561 S	 40.21  
 562 S	 43.34  
 563 G	 33.54  
 564 W	 9.98  
 565 G	 19.88  
 566 N	 27.84  
 567 A	 8.55  
 568 T	 39.69  
 569 A	 17.03  
 570 G	 22.63  
 571 K	 24.94  
 572 C	 3.37  
 573 A	 16.03  
 574 S	 38.90  
 575 T	 8.95  
 576 C	 3.89  
 577 Q	 55.36  
 578 S	 44.43  
 579 K	 17.57  
 580 P	 30.30  
 581 F	 10.67  
 582 L	 4.36  
 583 L	 2.61  
 584 V	 4.69  
 585 L	 2.20  
 586 V	 2.39  
 587 F	 2.96  
 588 V	 2.05  
 589 V	 1.56  
 590 I	 1.48  
 591 I	 1.47  
 592 F	 2.44  
 593 T	 17.17  
 594 F	 4.30  
 595 L	 3.40  
 596 S	 23.25  
 597 S	 34.44  
 598 I	 1.76  
 599 P	 24.14  
 600 A	 18.84  
 601 L	 2.55  
 602 T	 21.50  
 603 A	 12.89  
 604 T	 14.97  
 605 L	 3.56  
 606 R	 17.90  
 607 C	 3.75  
 608 V	 5.57  
 609 S	 30.60  
 610 D	 30.27  
 611 R	 26.72  
 612 Q	 50.81  
 613 R	 34.34  
 614 S	 13.41  
 615 F	 7.68  
 616 A	 13.21  
 617 L	 6.14  
 618 G	 13.45  
 619 I	 2.97  
 620 Q	 23.26  
 621 W	 5.39  
 622 I	 0.87  
 623 V	 1.86  
 624 V	 2.59  
 625 R	 17.22  
 626 T	 24.70  
 627 L	 3.38  
 628 G	 23.94  
 629 S	 28.82  
 630 I	 4.31  
 631 P	 44.18  
 632 G	 25.28  
 633 P	 14.91  
 634 I	 6.51  
 635 A	 10.47  
 636 F	 9.07  
 637 G	 14.55  
 638 W	 4.21  
 639 V	 4.08  
 640 I	 3.47  
 641 D	 23.92  
 642 K	 29.85  
 643 A	 5.85  
 644 C	 3.85  
 645 L	 6.95  
 646 L	 3.77  
 647 W	 6.17  
 648 Q	 30.76  
 649 D	 33.87  
 650 Q	 21.71  
 651 C	 7.65  
 652 G	 15.54  
 653 H	 36.13  
 654 Q	 30.67  
 655 G	 22.25  
 656 S	 9.60  
 657 C	 3.23  
 658 F	 7.59  
 659 V	 7.41  
 660 Y	 7.87  
 661 E	 43.20  
 662 N	 25.33  
 663 E	 33.53  
 664 A	 16.91  
 665 M	 1.59  
 666 S	 27.57  
 667 R	 14.06  
 668 Y	 6.75  
 669 M	 1.80  
 670 L	 1.47  
 671 I	 1.30  
 672 A	 11.72  
 673 G	 20.46  
 674 L	 3.63  
 675 T	 22.08  
 676 F	 6.56  
 677 K	 31.17  
 678 V	 5.73  
 679 L	 4.07  
 680 G	 21.87  
 681 F	 4.74  
 682 L	 2.86  
 683 F	 4.29  
 684 F	 3.88  
 685 V	 2.03  
 686 A	 7.41  
 687 A	 7.13  
 688 Y	 5.60  
 689 F	 5.29  
 690 L	 3.24  
 691 Y	 10.26  
 692 K	 59.02  
 693 S	 14.62  
 694 P	 34.30  
 695 S	 41.54  
 696 V	 7.83  
 697 S	 27.35  
 698 S	 33.28  
 699 D	 59.18  
 700 G	 27.62  
 701 L	 6.28  
 702 E	 41.56  
 703 A	 22.78  
 704 S	 31.29  
 705 L	 6.44  
 706 P	 28.03  
 707 S	 48.24  
 708 Q	 39.19  
 709 S	 32.01  
 710 S	 24.93  
 711 A	 23.70  
 712 S	 40.34  
 713 D	 59.35  
 714 S	 31.09  
 715 P	 44.97  
 716 T	 40.07  
 717 E	 53.32  
 718 Q	 47.48  
 719 L	 4.99  
 720 Q	 32.43  
 721 S	 48.42  
 722 N	 30.47  
 723 V	 11.40  
