 1 M	 9.54  
 2 G	 31.60  
 3 S	 13.96  
 4 I	 4.28  
 5 R	 18.58  
 6 T	 24.81  
 7 R	 20.24  
 8 L	 3.88  
 9 L	 2.71  
 10 W	 6.93  
 11 L	 1.17  
 12 C	 1.53  
 13 L	 2.70  
 14 L	 1.91  
 15 M	 1.54  
 16 L	 2.27  
 17 L	 1.64  
 18 A	 12.24  
 19 L	 5.33  
 20 L	 3.88  
 21 H	 24.08  
 22 K	 57.38  
 23 S	 32.69  
 24 G	 33.84  
 25 S	 27.84  
 26 Q	 53.94  
 27 D	 45.72  
 28 L	 2.85  
 29 T	 13.57  
 30 C	 3.31  
 31 M	 2.33  
 32 V	 6.98  
 33 H	 6.42  
 34 P	 16.66  
 35 S	 30.02  
 36 R	 34.56  
 37 V	 9.39  
 38 D	 41.41  
 39 W	 6.37  
 40 T	 17.17  
 41 Q	 39.58  
 42 T	 16.22  
 43 F	 5.96  
 44 N	 48.53  
 45 G	 17.39  
 46 T	 18.22  
 47 C	 2.87  
 48 L	 7.92  
 49 N	 31.05  
 50 F	 3.85  
 51 S	 31.84  
 52 G	 21.45  
 53 L	 6.38  
 54 G	 19.42  
 55 L	 5.97  
 56 S	 34.23  
 57 L	 4.99  
 58 P	 31.18  
 59 R	 57.08  
 60 S	 28.20  
 61 P	 29.76  
 62 L	 7.57  
 63 Q	 44.17  
 64 A	 15.80  
 65 S	 13.34  
 66 H	 24.17  
 67 A	 9.93  
 68 Q	 30.77  
 69 V	 4.69  
 70 L	 3.49  
 71 D	 50.46  
 72 L	 7.40  
 73 S	 24.60  
 74 K	 63.43  
 75 N	 53.70  
 76 G	 22.63  
 77 L	 4.44  
 78 Q	 35.78  
 79 V	 9.29  
 80 L	 1.77  
 81 P	 32.96  
 82 G	 30.75  
 83 A	 10.45  
 84 F	 11.45  
 85 F	 8.86  
 86 D	 48.45  
 87 K	 54.08  
 88 L	 8.26  
 89 E	 58.42  
 90 K	 57.22  
 91 L	 3.25  
 92 Q	 45.38  
 93 T	 28.96  
 94 L	 1.59  
 95 I	 3.69  
 96 V	 5.11  
 97 T	 14.23  
 98 H	 14.78  
 99 N	 34.44  
 100 Q	 38.76  
 101 L	 6.86  
 102 D	 36.53  
 103 S	 34.21  
 104 V	 7.66  
 105 D	 38.10  
 106 R	 31.26  
 107 S	 17.33  
 108 L	 5.61  
 109 A	 8.33  
 110 L	 7.31  
 111 R	 13.29  
 112 C	 7.92  
 113 D	 36.42  
 114 L	 10.72  
 115 E	 34.67  
 116 L	 7.82  
 117 K	 32.57  
 118 A	 35.35  
 119 D	 24.23  
 120 C	 4.30  
 121 S	 16.27  
 122 C	 6.96  
 123 G	 14.16  
 124 L	 3.91  
 125 A	 5.36  
 126 S	 26.18  
 127 W	 4.10  
 128 Y	 8.02  
 129 A	 7.04  
 130 L	 3.21  
 131 R	 19.93  
 132 Q	 57.01  
 133 N	 18.58  
 134 C	 3.51  
 135 S	 47.38  
 136 G	 31.36  
 137 Q	 16.14  
 138 Q	 39.14  
 139 Q	 28.63  
 140 L	 2.95  
 141 L	 2.25  
 142 C	 4.45  
 143 L	 5.67  
 144 H	 14.67  
 145 P	 28.12  
 146 A	 13.81  
 147 T	 36.81  
 148 E	 59.80  
 149 A	 12.19  
 150 P	 21.33  
 151 R	 64.86  
 152 N	 36.97  
 153 L	 5.57  
 154 S	 22.21  
 155 T	 31.37  
 156 F	 3.95  
 157 L	 5.07  
 158 Q	 22.38  
 159 V	 7.47  
 160 S	 14.14  
 161 C	 6.37  
 162 P	 20.60  
 163 P	 47.22  
 164 S	 29.79  
 165 W	 23.83  
 166 G	 18.33  
 167 P	 30.42  
 168 G	 26.48  
 169 T	 21.26  
 170 I	 3.63  
 171 G	 16.82  
 172 A	 8.60  
 173 L	 1.98  
 174 V	 4.59  
 175 A	 15.40  
 176 G	 18.99  
 177 T	 9.54  
 178 I	 2.88  
 179 S	 15.32  
 180 L	 3.82  
 181 A	 4.76  
 182 V	 7.01  
 183 A	 5.55  
 184 V	 5.53  
 185 S	 18.66  
 186 G	 18.38  
 187 S	 13.37  
 188 V	 4.89  
 189 L	 3.97  
 190 A	 6.28  
 191 W	 6.31  
 192 R	 20.45  
 193 L	 2.81  
 194 L	 2.76  
 195 R	 34.35  
 196 R	 36.11  
 197 R	 26.46  
 198 R	 36.38  
 199 R	 40.42  
 200 A	 19.91  
 201 S	 33.75  
 202 E	 36.19  
 203 H	 31.38  
 204 S	 30.22  
 205 L	 7.03  
 206 S	 29.03  
 207 K	 48.18  
 208 A	 13.61  
 209 Q	 36.30  
 210 M	 8.87  
 211 S	 13.65  
 212 P	 24.67  
 213 H	 38.02  
 214 D	 63.37  
 215 I	 4.26  
 216 P	 40.74  
 217 K	 53.07  
 218 P	 28.96  
 219 V	 11.36  
 220 T	 29.57  
 221 D	 43.23  
 222 F	 8.06  
 223 L	 2.34  
 224 P	 32.91  
 225 R	 46.22  
 226 Y	 14.73  
 227 S	 20.74  
 228 S	 24.31  
 229 R	 42.76  
 230 R	 42.34  
 231 P	 63.43  
 232 G	 34.23  
 233 P	 32.11  
 234 K	 77.72  
 235 A	 19.10  
 236 P	 49.06  
 237 D	 77.85  
 238 S	 37.34  
 239 P	 37.96  
 240 P	 41.93  
 241 S	 43.33  
 242 R	 36.51  
 243 F	 8.55  
 244 T	 14.18  
 245 M	 4.80  
 246 D	 44.53  
 247 Y	 9.89  
 248 E	 42.53  
 249 N	 27.98  
 250 V	 2.18  
 251 F	 8.61  
 252 I	 4.33  
 253 G	 18.89  
 254 Q	 29.25  
 255 P	 32.19  
 256 A	 19.85  
 257 E	 67.25  
 258 D	 33.58  
 259 C	 3.19  
 260 S	 36.07  
 261 W	 9.79  
 262 S	 8.85  
 263 A	 12.27  
 264 A	 12.98  
 265 R	 43.82  
 266 N	 54.25  
 267 S	 18.19  
 268 P	 45.97  
 269 S	 55.86  
 270 G	 41.65  
 271 D	 45.71  
 272 S	 32.86  
 273 D	 32.10  
 274 C	 3.93  
 275 Y	 8.06  
 276 M	 4.46  
 277 N	 11.55  
 278 Y	 6.42  
 279 R	 25.79  
 280 S	 21.49  
 281 V	 5.91  
 282 D	 48.06  
 283 Q	 50.53  
 284 D	 44.79  
 285 S	 30.65  
 286 Q	 39.50  
 287 P	 24.01  
 288 V	 7.07  
 289 Y	 5.15  
 290 C	 4.82  
 291 N	 29.20  
 292 L	 4.17  
 293 E	 29.90  
 294 S	 39.01  
 295 L	 4.96  
 296 G	 42.40  
 297 R	 48.97  
