 1 M	 8.89  
 2 A	 17.71  
 3 G	 24.90  
 4 R	 13.22  
 5 C	 4.97  
 6 G	 19.56  
 7 A	 15.45  
 8 R	 19.05  
 9 G	 30.27  
 10 A	 10.18  
 11 L	 9.51  
 12 S	 15.29  
 13 P	 29.68  
 14 Q	 41.17  
 15 L	 5.21  
 16 L	 3.64  
 17 L	 4.22  
 18 F	 10.27  
 19 D	 59.23  
 20 L	 4.25  
 21 P	 17.60  
 22 P	 42.72  
 23 A	 17.30  
 24 L	 8.55  
 25 L	 5.64  
 26 G	 27.04  
 27 E	 40.64  
 28 L	 2.84  
 29 C	 2.50  
 30 G	 35.80  
 31 I	 3.64  
 32 L	 2.11  
 33 D	 45.35  
 34 S	 15.63  
 35 C	 7.57  
 36 D	 66.74  
 37 G	 24.53  
 38 P	 17.91  
 39 L	 14.55  
 40 G	 18.37  
 41 W	 10.00  
 42 R	 28.57  
 43 G	 23.80  
 44 L	 3.16  
 45 A	 11.59  
 46 E	 60.23  
 47 R	 37.50  
 48 L	 4.23  
 49 S	 34.73  
 50 N	 41.62  
 51 S	 26.16  
 52 W	 10.79  
 53 L	 4.35  
 54 D	 29.19  
 55 V	 4.49  
 56 R	 25.40  
 57 H	 32.20  
 58 I	 3.24  
 59 E	 32.01  
 60 K	 54.62  
 61 Y	 7.58  
 62 V	 6.80  
 63 N	 41.62  
 64 Q	 51.12  
 65 G	 22.38  
 66 K	 35.63  
 67 S	 52.82  
 68 G	 32.07  
 69 T	 28.23  
 70 R	 35.77  
 71 E	 48.31  
 72 L	 5.53  
 73 L	 2.67  
 74 W	 12.40  
 75 S	 16.71  
 76 W	 7.36  
 77 A	 12.64  
 78 Q	 43.53  
 79 K	 53.30  
 80 N	 34.32  
 81 K	 48.86  
 82 T	 39.32  
 83 I	 4.28  
 84 G	 25.42  
 85 D	 44.20  
 86 L	 3.56  
 87 L	 5.21  
 88 E	 48.78  
 89 V	 6.16  
 90 L	 2.33  
 91 Q	 43.77  
 92 D	 40.65  
 93 M	 3.13  
 94 G	 23.28  
 95 H	 13.81  
 96 Q	 30.67  
 97 R	 29.81  
 98 A	 6.23  
 99 I	 2.71  
 100 H	 15.25  
 101 L	 3.25  
 102 I	 0.88  
 103 I	 4.01  
 104 N	 22.10  
 105 Y	 14.43  
 106 G	 11.51  
 107 V	 2.81  
 108 S	 22.37  
 109 W	 15.21  
 110 T	 9.74  
 111 P	 26.67  
 112 S	 21.34  
 113 V	 8.84  
 114 Q	 39.18  
 115 T	 24.04  
 116 H	 8.71  
 117 H	 41.50  
 118 E	 51.00  
 119 L	 4.62  
 120 P	 35.80  
 121 F	 14.31  
 122 P	 32.87  
 123 S	 51.25  
 124 F	 13.74  
 125 P	 28.60  
 126 P	 57.93  
 127 E	 65.52  
 128 V	 7.31  
 129 K	 24.67  
 130 H	 34.93  
 131 A	 6.58  
 132 C	 5.84  
 133 R	 46.68  
 134 E	 66.91  
 135 N	 41.23  
 136 D	 44.79  
 137 P	 58.86  
 138 G	 42.14  
 139 P	 38.65  
 140 L	 17.84  
 141 E	 45.56  
 142 P	 36.50  
 143 A	 17.47  
 144 N	 40.48  
 145 V	 6.32  
 146 T	 23.19  
 147 V	 4.37  
 148 D	 30.10  
 149 N	 25.37  
 150 V	 5.02  
 151 L	 7.15  
 152 V	 4.56  
 153 P	 32.73  
 154 E	 52.44  
 155 H	 41.50  
 156 N	 51.52  
 157 E	 55.56  
 158 K	 63.61  
 159 G	 26.02  
 160 T	 36.76  
 161 L	 7.19  
 162 Q	 47.62  
 163 K	 60.42  
 164 T	 16.94  
 165 P	 27.54  
 166 I	 8.57  
 167 S	 20.59  
 168 F	 7.37  
 169 Q	 23.83  
 170 S	 27.42  
 171 I	 2.56  
 172 L	 6.34  
 173 E	 64.25  
 174 G	 36.30  
 175 T	 16.39  
 176 K	 55.95  
 177 H	 29.85  
 178 F	 9.03  
 179 H	 28.61  
 180 K	 49.59  
 181 D	 34.71  
 182 F	 6.80  
 183 L	 7.63  
 184 I	 4.82  
 185 G	 38.72  
 186 E	 46.81  
 187 G	 28.25  
 188 E	 39.96  
 189 I	 5.40  
 190 F	 4.52  
 191 E	 44.28  
 192 V	 2.29  
 193 Y	 9.56  
 194 R	 25.47  
 195 V	 3.82  
 196 D	 25.73  
 197 I	 4.00  
 198 R	 25.41  
 199 N	 31.03  
 200 Q	 26.38  
 201 A	 9.59  
 202 Y	 11.36  
 203 A	 8.59  
 204 V	 3.45  
 205 K	 39.78  
 206 L	 5.36  
 207 F	 6.77  
 208 K	 68.90  
 209 Q	 61.48  
 210 E	 56.06  
 211 K	 51.56  
 212 K	 31.00  
 213 M	 9.27  
 214 Q	 60.04  
 215 L	 7.74  
 216 K	 26.21  
 217 K	 64.39  
 218 H	 33.43  
 219 W	 11.46  
 220 K	 32.75  
 221 R	 32.33  
 222 F	 8.59  
 223 L	 4.52  
 224 S	 37.11  
 225 E	 51.61  
 226 L	 5.05  
 227 E	 27.37  
 228 V	 7.74  
 229 L	 2.22  
 230 L	 5.26  
 231 L	 2.87  
 232 F	 7.32  
 233 R	 42.25  
 234 H	 15.79  
 235 P	 16.38  
 236 H	 31.01  
 237 I	 3.63  
 238 L	 3.92  
 239 E	 35.44  
 240 L	 2.72  
 241 A	 7.25  
 242 A	 16.76  
 243 Y	 12.86  
 244 F	 4.22  
 245 T	 29.35  
 246 E	 45.10  
 247 T	 35.05  
 248 E	 37.49  
 249 K	 52.50  
 250 L	 1.91  
 251 C	 3.41  
 252 L	 6.32  
 253 V	 4.40  
 254 Y	 3.92  
 255 P	 15.75  
 256 Y	 8.76  
 257 M	 1.85  
 258 S	 26.68  
 259 N	 30.82  
 260 G	 19.25  
 261 T	 28.62  
 262 L	 4.44  
 263 F	 5.29  
 264 D	 54.19  
 265 R	 21.23  
 266 L	 5.44  
 267 Q	 32.65  
 268 C	 3.65  
 269 T	 24.58  
 270 N	 54.14  
 271 G	 16.89  
 272 T	 27.58  
 273 T	 24.51  
 274 P	 25.00  
 275 L	 9.00  
 276 S	 19.15  
 277 W	 11.15  
 278 H	 8.80  
 279 V	 4.77  
 280 R	 11.54  
 281 I	 3.04  
 282 S	 10.58  
 283 V	 4.14  
 284 L	 2.07  
 285 I	 3.34  
 286 G	 15.05  
 287 I	 2.56  
 288 A	 7.04  
 289 K	 44.07  
 290 A	 5.77  
 291 I	 2.45  
 292 Q	 39.33  
 293 Y	 12.10  
 294 L	 1.12  
 295 H	 30.29  
 296 N	 37.50  
 297 T	 24.12  
 298 Q	 36.07  
 299 P	 13.14  
 300 C	 3.21  
 301 A	 10.61  
 302 V	 4.79  
 303 I	 1.01  
 304 C	 2.32  
 305 G	 26.84  
 306 N	 26.53  
 307 V	 2.65  
 308 S	 27.94  
 309 S	 22.50  
 310 A	 10.28  
 311 N	 27.65  
 312 I	 3.95  
 313 L	 4.27  
 314 L	 6.37  
 315 D	 37.86  
 316 D	 51.57  
 317 Q	 41.48  
 318 L	 13.98  
 319 Q	 27.70  
 320 P	 42.06  
 321 K	 51.57  
 322 L	 7.65  
 323 T	 34.89  
 324 D	 41.44  
 325 F	 4.14  
 326 A	 13.42  
 327 A	 11.06  
 328 A	 10.02  
 329 H	 17.96  
 330 F	 13.74  
 331 R	 14.88  
 332 P	 49.14  
 333 N	 52.53  
 334 L	 7.52  
 335 E	 53.89  
 336 Q	 52.18  
 337 Q	 29.94  
 338 S	 29.19  
 339 S	 29.03  
 340 T	 22.93  
 341 I	 3.42  
 342 N	 23.27  
 343 M	 3.05  
 344 T	 28.34  
 345 G	 26.28  
 346 G	 24.46  
 347 G	 36.49  
 348 R	 26.88  
 349 K	 46.45  
 350 H	 21.89  
 351 L	 3.83  
 352 W	 6.26  
 353 Y	 14.78  
 354 M	 1.97  
 355 P	 18.64  
 356 E	 47.07  
 357 E	 40.15  
 358 Y	 10.35  
 359 I	 2.76  
 360 R	 31.81  
 361 Q	 31.62  
 362 G	 23.73  
 363 R	 18.56  
 364 L	 9.86  
 365 S	 21.87  
 366 V	 10.28  
 367 K	 35.31  
 368 T	 28.65  
 369 D	 31.47  
 370 V	 5.37  
 371 Y	 10.90  
 372 S	 19.49  
 373 F	 4.19  
 374 G	 13.81  
 375 I	 1.46  
 376 V	 3.31  
 377 I	 1.52  
 378 M	 1.70  
 379 E	 24.21  
 380 V	 2.99  
 381 L	 1.86  
 382 T	 45.79  
 383 G	 12.70  
 384 C	 2.26  
 385 K	 36.40  
 386 V	 6.34  
 387 V	 2.72  
 388 L	 7.47  
 389 D	 59.56  
 390 D	 50.41  
 391 P	 28.46  
 392 K	 64.50  
 393 H	 20.24  
 394 V	 7.76  
 395 Q	 30.42  
 396 L	 4.47  
 397 R	 18.55  
 398 D	 53.39  
 399 L	 3.87  
 400 L	 2.69  
 401 M	 4.90  
 402 E	 44.96  
 403 L	 3.15  
 404 M	 3.48  
 405 E	 52.83  
 406 K	 37.49  
 407 R	 37.29  
 408 G	 44.92  
 409 L	 5.21  
 410 D	 39.88  
 411 S	 23.23  
 412 C	 3.54  
 413 L	 4.73  
 414 S	 28.26  
 415 F	 5.47  
 416 L	 5.82  
 417 D	 48.06  
 418 R	 40.73  
 419 K	 60.27  
 420 I	 4.85  
 421 P	 27.72  
 422 P	 44.19  
 423 C	 4.08  
 424 P	 39.77  
 425 R	 64.64  
 426 N	 21.99  
 427 F	 8.74  
 428 S	 28.22  
 429 A	 14.40  
 430 K	 49.19  
 431 L	 3.35  
 432 F	 5.76  
 433 S	 27.96  
 434 L	 4.61  
 435 A	 11.37  
 436 G	 28.90  
 437 R	 13.21  
 438 C	 2.09  
 439 V	 7.95  
 440 A	 13.65  
 441 T	 15.90  
 442 K	 33.51  
 443 A	 16.26  
 444 K	 46.73  
 445 L	 10.68  
 446 R	 24.76  
 447 P	 42.38  
 448 T	 30.71  
 449 M	 4.60  
 450 D	 45.38  
 451 E	 34.24  
 452 V	 5.68  
 453 L	 2.43  
 454 S	 37.74  
 455 S	 31.81  
 456 L	 5.61  
 457 E	 54.40  
 458 S	 37.32  
 459 T	 34.81  
 460 Q	 34.56  
 461 P	 26.79  
 462 S	 26.36  
 463 L	 5.33  
 464 Y	 12.70  
 465 F	 7.92  
 466 A	 13.51  
 467 E	 62.24  
 468 D	 51.56  
 469 P	 26.10  
 470 P	 47.11  
 471 T	 52.67  
 472 S	 39.30  
 473 L	 6.23  
 474 K	 47.52  
 475 S	 24.18  
 476 F	 9.97  
 477 R	 38.23  
 478 C	 3.54  
 479 P	 34.42  
 480 S	 37.55  
 481 P	 16.57  
 482 L	 8.59  
 483 F	 10.26  
 484 L	 6.53  
 485 D	 46.90  
 486 N	 50.15  
 487 V	 3.82  
 488 P	 32.56  
 489 S	 34.93  
 490 I	 3.47  
 491 P	 27.99  
 492 V	 13.85  
 493 E	 55.16  
 494 D	 69.61  
 495 D	 43.15  
 496 E	 73.39  
 497 N	 57.80  
 498 Q	 50.48  
 499 N	 60.82  
 500 N	 21.03  
 501 H	 37.41  
 502 S	 38.14  
 503 V	 7.96  
 504 P	 36.94  
 505 P	 43.19  
 506 K	 55.15  
 507 E	 49.07  
 508 V	 8.14  
 509 L	 6.83  
 510 G	 30.64  
 511 T	 19.23  
 512 D	 41.05  
 513 R	 32.97  
 514 V	 8.07  
 515 T	 25.83  
 516 Q	 44.78  
 517 K	 49.12  
 518 T	 24.32  
 519 P	 30.03  
 520 F	 20.94  
 521 E	 34.17  
 522 C	 4.61  
 523 S	 29.55  
 524 Q	 56.10  
 525 S	 20.10  
 526 E	 37.63  
 527 V	 5.78  
 528 T	 14.75  
 529 F	 6.51  
 530 L	 4.93  
 531 G	 22.72  
 532 L	 6.43  
 533 D	 43.97  
 534 R	 39.53  
 535 N	 56.74  
 536 R	 44.66  
 537 G	 31.56  
 538 N	 41.73  
 539 R	 53.49  
 540 G	 33.56  
 541 S	 26.78  
 542 E	 51.88  
 543 A	 28.49  
 544 D	 22.07  
 545 C	 7.73  
 546 N	 49.64  
 547 V	 6.47  
 548 P	 17.95  
 549 S	 39.94  
 550 S	 29.64  
 551 S	 38.98  
 552 H	 36.50  
 553 E	 57.72  
 554 E	 35.54  
 555 C	 3.87  
 556 W	 21.87  
 557 S	 21.83  
 558 P	 17.91  
 559 E	 50.81  
 560 L	 4.52  
 561 V	 7.59  
 562 A	 15.62  
 563 P	 25.66  
 564 S	 26.96  
 565 Q	 55.39  
 566 D	 54.15  
 567 L	 5.25  
 568 S	 27.15  
 569 P	 37.67  
 570 T	 27.39  
 571 V	 2.96  
 572 I	 2.87  
 573 S	 23.49  
 574 L	 5.47  
 575 G	 16.91  
 576 S	 37.26  
 577 S	 26.00  
 578 W	 16.59  
 579 E	 40.56  
 580 V	 5.83  
 581 P	 24.22  
 582 G	 27.78  
 583 H	 16.27  
 584 S	 36.78  
 585 Y	 21.53  
 586 G	 32.01  
 587 S	 25.92  
 588 K	 43.98  
 589 P	 37.55  
 590 M	 12.47  
 591 E	 45.97  
 592 K	 53.07  
 593 R	 16.55  
 594 C	 5.86  
 595 S	 31.32  
 596 S	 43.04  
 597 G	 13.38  
 598 L	 4.17  
 599 F	 5.00  
 600 C	 5.84  
 601 S	 34.35  
 602 E	 53.26  
 603 H	 23.31  
 604 E	 53.12  
 605 Q	 63.56  
 606 S	 38.54  
 607 K	 55.69  
 608 K	 67.50  
 609 Q	 63.38  
