 1 M	 8.37  
 2 A	 13.08  
 3 L	 6.07  
 4 S	 24.97  
 5 L	 8.32  
 6 E	 46.11  
 7 E	 59.26  
 8 F	 4.35  
 9 V	 3.20  
 10 H	 28.15  
 11 S	 20.48  
 12 L	 4.31  
 13 D	 36.80  
 14 L	 5.67  
 15 R	 33.61  
 16 T	 48.70  
 17 L	 1.74  
 18 P	 24.58  
 19 R	 49.09  
 20 V	 5.48  
 21 L	 5.18  
 22 E	 30.14  
 23 I	 2.73  
 24 Q	 24.94  
 25 A	 16.41  
 26 G	 7.84  
 27 I	 3.88  
 28 Y	 9.59  
 29 L	 5.93  
 30 E	 33.64  
 31 G	 19.42  
 32 S	 16.78  
 33 I	 5.06  
 34 Y	 11.75  
 35 E	 26.77  
 36 M	 2.67  
 37 F	 6.76  
 38 G	 27.93  
 39 N	 28.06  
 40 E	 32.80  
 41 C	 3.09  
 42 C	 2.17  
 43 F	 12.69  
 44 S	 22.91  
 45 T	 19.67  
 46 G	 26.44  
 47 E	 40.95  
 48 V	 5.97  
 49 I	 2.02  
 50 K	 39.12  
 51 I	 2.25  
 52 T	 31.31  
 53 G	 27.29  
 54 L	 4.28  
 55 K	 54.04  
 56 V	 10.31  
 57 K	 36.35  
 58 K	 42.19  
 59 I	 2.75  
 60 I	 3.75  
 61 A	 11.99  
 62 E	 37.45  
 63 I	 2.01  
 64 C	 2.07  
 65 E	 61.32  
 66 Q	 34.32  
 67 I	 1.99  
 68 E	 58.44  
 69 G	 23.32  
 70 C	 1.76  
 71 E	 66.40  
 72 S	 36.06  
 73 L	 3.33  
 74 Q	 50.33  
 75 P	 29.94  
 76 F	 10.98  
 77 E	 59.66  
 78 L	 5.09  
 79 P	 14.42  
 80 M	 14.61  
 81 N	 37.71  
 82 F	 4.06  
 83 P	 33.31  
 84 G	 39.34  
 85 L	 3.93  
 86 F	 6.68  
 87 K	 41.11  
 88 I	 2.12  
 89 V	 6.09  
 90 A	 18.96  
 91 D	 44.46  
 92 K	 41.48  
 93 T	 20.08  
 94 P	 28.07  
 95 Y	 21.75  
 96 L	 3.75  
 97 T	 19.38  
 98 M	 3.92  
 99 E	 40.80  
 100 E	 38.55  
 101 I	 1.69  
 102 T	 25.66  
 103 R	 37.03  
 104 T	 14.30  
 105 I	 1.69  
 106 H	 20.52  
 107 I	 8.41  
 108 G	 10.44  
 109 P	 18.70  
 110 S	 34.62  
 111 R	 48.07  
 112 L	 9.67  
 113 G	 22.91  
 114 H	 22.13  
 115 P	 14.23  
 116 C	 4.37  
 117 F	 7.80  
 118 Y	 15.28  
 119 H	 14.15  
 120 Q	 33.46  
 121 K	 48.38  
 122 D	 36.36  
 123 I	 7.65  
 124 K	 60.94  
 125 L	 5.57  
 126 E	 45.01  
 127 N	 47.15  
 128 L	 2.90  
 129 I	 5.80  
 130 I	 2.84  
 131 K	 45.30  
 132 Q	 50.69  
 133 G	 24.63  
 134 E	 34.15  
 135 Q	 32.96  
 136 I	 2.70  
 137 M	 2.64  
 138 L	 4.64  
 139 N	 26.99  
 140 S	 27.26  
 141 V	 8.13  
 142 E	 49.40  
 143 E	 44.20  
 144 I	 5.36  
 145 D	 52.53  
 146 G	 31.80  
 147 E	 24.94  
 148 I	 3.95  
 149 M	 1.26  
 150 V	 5.37  
 151 S	 4.49  
 152 C	 2.10  
 153 A	 7.18  
 154 V	 6.36  
 155 A	 6.50  
 156 R	 34.27  
 157 N	 23.14  
 158 H	 28.50  
 159 Q	 44.45  
 160 T	 16.37  
 161 H	 24.67  
 162 S	 21.15  
 163 F	 9.39  
 164 N	 43.70  
 165 L	 4.20  
 166 P	 30.94  
 167 L	 10.46  
 168 S	 25.01  
 169 Q	 71.09  
 170 E	 58.26  
 171 G	 23.76  
 172 E	 44.28  
 173 F	 10.27  
 174 Y	 18.50  
 175 E	 36.43  
 176 C	 5.64  
 177 E	 51.47  
 178 D	 63.23  
 179 E	 20.77  
 180 R	 39.26  
 181 I	 2.64  
 182 Y	 16.55  
 183 T	 29.05  
 184 L	 2.35  
 185 K	 37.28  
 186 E	 56.21  
 187 I	 3.04  
 188 V	 8.23  
 189 E	 49.03  
 190 W	 7.93  
 191 K	 35.31  
 192 I	 6.52  
 193 P	 24.92  
 194 K	 63.64  
 195 N	 45.24  
 196 R	 31.54  
 197 T	 39.83  
 198 R	 33.18  
 199 T	 17.09  
 200 V	 5.08  
 201 N	 36.29  
 202 L	 4.17  
 203 T	 29.78  
 204 D	 48.41  
 205 F	 7.95  
 206 S	 40.07  
 207 N	 49.81  
 208 K	 51.70  
 209 W	 14.72  
 210 D	 47.39  
 211 S	 29.03  
 212 T	 44.42  
 213 N	 39.92  
 214 P	 47.18  
 215 F	 14.76  
 216 P	 36.24  
 217 K	 61.93  
 218 D	 42.09  
 219 F	 8.28  
 220 Y	 21.23  
 221 G	 17.65  
 222 T	 10.15  
 223 L	 3.61  
 224 I	 4.70  
 225 L	 6.04  
 226 K	 25.99  
 227 P	 30.40  
 228 V	 6.82  
 229 Y	 18.82  
 230 E	 29.12  
 231 I	 2.06  
 232 Q	 26.87  
 233 G	 27.44  
 234 V	 1.85  
 235 M	 4.31  
 236 K	 39.34  
 237 F	 6.74  
 238 R	 30.16  
 239 K	 57.31  
 240 D	 36.97  
 241 I	 2.27  
 242 I	 3.00  
 243 R	 25.40  
 244 I	 4.71  
 245 L	 1.37  
 246 P	 30.40  
 247 S	 33.48  
 248 L	 8.92  
 249 D	 38.58  
 250 V	 12.66  
 251 E	 43.44  
 252 V	 7.29  
 253 K	 29.88  
 254 D	 54.95  
 255 I	 3.70  
 256 T	 29.09  
 257 D	 45.60  
 258 S	 19.09  
 259 Y	 23.14  
 260 D	 37.06  
 261 A	 13.61  
 262 N	 27.43  
 263 W	 9.31  
 264 F	 2.90  
 265 L	 2.37  
 266 Q	 30.77  
 267 L	 4.42  
 268 L	 3.72  
 269 S	 38.04  
 270 T	 33.22  
 271 E	 49.71  
 272 D	 57.66  
 273 L	 2.97  
 274 F	 10.50  
 275 E	 49.18  
 276 M	 3.93  
 277 T	 29.46  
 278 S	 28.95  
 279 K	 54.96  
 280 E	 57.32  
 281 F	 6.02  
 282 P	 22.64  
 283 I	 7.91  
 284 V	 3.67  
 285 T	 25.84  
 286 E	 30.51  
 287 V	 3.33  
 288 I	 2.80  
 289 E	 64.45  
 290 A	 9.05  
 291 P	 36.92  
 292 E	 78.61  
 293 G	 26.29  
 294 N	 31.68  
 295 H	 50.14  
 296 L	 4.84  
 297 P	 20.51  
 298 Q	 49.84  
 299 S	 24.27  
 300 I	 3.31  
 301 L	 6.43  
 302 Q	 42.92  
 303 P	 42.68  
 304 G	 27.12  
 305 K	 41.58  
 306 T	 26.79  
 307 I	 2.89  
 308 V	 4.54  
 309 I	 3.31  
 310 H	 15.06  
 311 K	 41.89  
 312 K	 28.56  
 313 Y	 17.70  
 314 Q	 41.56  
 315 A	 9.55  
 316 S	 12.34  
 317 R	 30.84  
 318 I	 3.31  
 319 L	 4.11  
 320 A	 11.62  
 321 S	 30.06  
 322 E	 36.49  
 323 I	 5.61  
 324 R	 22.84  
 325 S	 48.78  
 326 N	 47.60  
 327 F	 8.77  
 328 P	 36.70  
 329 K	 55.13  
 330 R	 26.48  
 331 H	 28.17  
 332 F	 8.42  
 333 L	 3.61  
 334 I	 3.23  
 335 P	 19.89  
 336 T	 37.38  
 337 S	 21.35  
 338 Y	 26.66  
 339 K	 56.23  
 340 G	 32.19  
 341 K	 43.49  
 342 F	 11.52  
 343 K	 51.49  
 344 R	 57.90  
 345 R	 34.91  
 346 P	 44.16  
 347 R	 57.27  
 348 E	 59.67  
 349 F	 7.41  
 350 P	 16.03  
 351 T	 43.07  
 352 A	 8.97  
 353 Y	 24.44  
 354 D	 35.05  
 355 L	 3.14  
 356 E	 37.69  
 357 I	 8.33  
 358 A	 10.43  
 359 K	 65.88  
 360 S	 44.90  
 361 E	 61.81  
 362 K	 72.26  
 363 E	 49.39  
 364 P	 38.54  
 365 L	 5.13  
 366 H	 23.79  
 367 V	 4.06  
 368 V	 3.79  
 369 A	 11.42  
 370 T	 15.99  
 371 K	 39.04  
 372 A	 11.75  
 373 F	 6.63  
 374 H	 45.33  
 375 S	 19.92  
 376 P	 31.00  
 377 H	 48.10  
 378 D	 57.90  
 379 K	 47.43  
 380 L	 6.01  
 381 S	 34.14  
 382 S	 28.93  
 383 V	 4.89  
 384 S	 23.48  
 385 V	 10.31  
 386 G	 18.59  
 387 D	 33.62  
 388 Q	 27.87  
 389 F	 10.28  
 390 L	 2.53  
 391 V	 4.00  
 392 H	 27.83  
 393 Q	 35.17  
 394 S	 23.25  
 395 E	 53.85  
 396 T	 33.24  
 397 T	 21.75  
 398 E	 40.69  
 399 V	 7.52  
 400 L	 1.47  
 401 C	 5.63  
 402 E	 60.85  
 403 G	 35.70  
 404 I	 1.50  
 405 K	 50.82  
 406 K	 49.87  
 407 V	 3.00  
 408 V	 5.87  
 409 N	 26.52  
 410 V	 2.12  
 411 L	 3.68  
 412 A	 8.64  
 413 C	 4.84  
 414 E	 37.21  
 415 K	 53.90  
 416 I	 2.96  
 417 L	 9.41  
 418 K	 43.05  
 419 K	 55.62  
 420 S	 26.98  
 421 Y	 20.61  
 422 E	 34.26  
 423 A	 8.65  
 424 A	 9.55  
 425 L	 6.97  
 426 L	 2.05  
 427 P	 23.46  
 428 L	 6.84  
 429 Y	 7.38  
 430 M	 5.20  
 431 E	 42.48  
 432 G	 20.50  
 433 G	 15.32  
 434 F	 6.60  
 435 V	 6.94  
 436 E	 33.23  
 437 V	 3.86  
 438 I	 1.89  
 439 H	 46.11  
 440 D	 49.04  
 441 K	 27.84  
 442 K	 62.21  
 443 Q	 55.78  
 444 Y	 16.06  
 445 P	 22.57  
 446 I	 4.21  
 447 S	 21.73  
 448 E	 59.93  
 449 L	 3.36  
 450 C	 2.60  
 451 K	 66.16  
 452 Q	 27.91  
 453 F	 5.46  
 454 R	 38.67  
 455 L	 6.32  
 456 P	 17.95  
 457 F	 22.70  
 458 N	 30.66  
 459 V	 7.10  
 460 K	 29.87  
 461 V	 5.79  
 462 S	 13.01  
 463 V	 6.55  
 464 R	 31.48  
 465 D	 42.48  
 466 L	 3.78  
 467 S	 32.04  
 468 I	 9.75  
 469 E	 44.78  
 470 E	 52.31  
 471 D	 28.13  
 472 V	 4.42  
 473 L	 4.08  
 474 A	 14.78  
 475 A	 15.35  
 476 T	 16.57  
 477 P	 36.45  
 478 G	 23.00  
 479 L	 5.75  
 480 Q	 53.39  
 481 L	 10.53  
 482 E	 40.43  
 483 E	 64.40  
 484 D	 39.45  
 485 I	 5.36  
 486 T	 31.08  
 487 D	 35.30  
 488 S	 14.72  
 489 Y	 14.34  
 490 L	 3.86  
 491 L	 2.40  
 492 I	 3.24  
 493 S	 27.01  
 494 D	 39.42  
 495 F	 5.89  
 496 A	 26.53  
 497 N	 43.98  
 498 P	 26.58  
 499 T	 43.51  
 500 E	 38.60  
 501 C	 4.32  
 502 W	 10.58  
 503 E	 49.42  
 504 I	 1.13  
 505 P	 15.82  
 506 V	 9.53  
 507 G	 24.01  
 508 R	 24.11  
 509 L	 4.17  
 510 N	 23.79  
 511 M	 4.62  
 512 T	 12.20  
 513 V	 2.63  
 514 Q	 27.29  
 515 L	 3.86  
 516 V	 2.16  
 517 S	 40.52  
 518 N	 31.28  
 519 F	 5.02  
 520 S	 33.24  
 521 R	 42.92  
 522 D	 54.83  
 523 A	 25.83  
 524 E	 40.65  
 525 P	 29.59  
 526 F	 8.09  
 527 L	 3.59  
 528 V	 4.49  
 529 R	 25.21  
 530 T	 27.89  
 531 L	 2.98  
 532 V	 6.49  
 533 E	 46.96  
 534 E	 47.97  
 535 I	 3.58  
 536 T	 36.43  
 537 E	 49.08  
 538 E	 34.92  
 539 Q	 28.55  
 540 Y	 9.16  
 541 Y	 5.55  
 542 M	 1.11  
 543 M	 0.96  
 544 R	 22.84  
 545 R	 22.98  
 546 Y	 15.14  
 547 E	 36.08  
 548 S	 23.44  
 549 S	 23.11  
 550 A	 22.57  
 551 S	 38.17  
 552 H	 38.31  
 553 P	 37.79  
 554 P	 31.91  
 555 P	 66.90  
 556 R	 66.96  
 557 P	 48.33  
 558 P	 49.20  
 559 K	 71.48  
 560 H	 26.16  
 561 P	 46.31  
 562 S	 41.71  
 563 V	 10.18  
 564 E	 65.37  
 565 E	 49.43  
 566 T	 20.18  
 567 K	 42.63  
 568 L	 5.50  
 569 T	 22.68  
 570 L	 5.08  
 571 L	 2.88  
 572 T	 27.34  
 573 L	 5.95  
 574 A	 16.03  
 575 E	 51.64  
 576 E	 48.31  
 577 R	 31.39  
 578 T	 22.96  
 579 V	 9.97  
 580 D	 57.55  
 581 L	 5.10  
 582 P	 30.52  
 583 K	 83.28  
 584 S	 33.44  
 585 P	 43.77  
 586 K	 72.03  
 587 R	 28.64  
 588 H	 31.30  
 589 H	 23.99  
 590 V	 4.68  
 591 D	 38.18  
 592 I	 6.22  
 593 T	 20.05  
 594 K	 54.38  
 595 K	 43.29  
 596 L	 9.64  
 597 H	 28.30  
 598 P	 45.10  
 599 N	 33.32  
 600 Q	 41.06  
 601 A	 27.44  
 602 G	 21.91  
 603 L	 8.23  
 604 D	 45.56  
 605 S	 29.70  
 606 K	 40.50  
 607 V	 5.65  
 608 L	 4.16  
 609 I	 5.82  
 610 G	 21.01  
 611 S	 20.86  
 612 Q	 42.09  
 613 N	 46.40  
 614 D	 40.19  
 615 L	 7.39  
 616 V	 10.97  
 617 D	 66.68  
 618 E	 64.59  
 619 E	 56.61  
 620 K	 57.28  
 621 E	 65.70  
 622 R	 50.75  
 623 S	 31.78  
 624 N	 53.26  
 625 R	 37.05  
 626 G	 31.37  
 627 A	 7.22  
 628 T	 22.78  
 629 A	 9.84  
 630 I	 2.86  
 631 A	 13.81  
 632 E	 48.98  
 633 T	 30.78  
 634 F	 6.35  
 635 K	 72.17  
 636 N	 60.40  
 637 E	 53.13  
 638 K	 61.81  
 639 H	 34.19  
 640 Q	 65.31  
 641 K	 63.12  
