 1 M	 12.54  
 2 E	 43.13  
 3 V	 7.52  
 4 H	 25.83  
 5 G	 48.81  
 6 K	 21.05  
 7 P	 39.29  
 8 Q	 58.94  
 9 A	 31.75  
 10 S	 16.46  
 11 P	 42.23  
 12 S	 24.92  
 13 C	 5.47  
 14 S	 43.63  
 15 S	 34.32  
 16 P	 18.37  
 17 T	 49.40  
 18 R	 45.24  
 19 D	 50.02  
 20 S	 26.21  
 21 S	 48.36  
 22 G	 31.53  
 23 V	 4.58  
 24 P	 28.34  
 25 V	 13.67  
 26 S	 17.84  
 27 K	 53.25  
 28 E	 41.32  
 29 L	 6.22  
 30 L	 3.02  
 31 T	 41.41  
 32 A	 18.57  
 33 G	 22.49  
 34 S	 34.13  
 35 D	 50.30  
 36 G	 31.65  
 37 R	 45.19  
 38 G	 37.15  
 39 G	 19.22  
 40 I	 3.73  
 41 W	 6.48  
 42 D	 29.45  
 43 R	 19.19  
 44 L	 5.37  
 45 L	 3.47  
 46 I	 5.73  
 47 N	 34.26  
 48 S	 40.65  
 49 Q	 44.97  
 50 P	 36.09  
 51 K	 56.08  
 52 S	 45.77  
 53 R	 53.01  
 54 K	 54.65  
 55 T	 26.32  
 56 S	 30.10  
 57 T	 28.28  
 58 L	 3.94  
 59 Q	 37.73  
 60 T	 18.18  
 61 V	 3.61  
 62 R	 28.56  
 63 I	 4.48  
 64 E	 36.22  
 65 R	 41.00  
 66 S	 13.70  
 67 P	 43.07  
 68 L	 9.68  
 69 L	 5.00  
 70 D	 55.05  
 71 Q	 29.23  
 72 V	 6.05  
 73 Q	 22.39  
 74 T	 28.43  
 75 F	 5.39  
 76 L	 3.06  
 77 P	 20.08  
 78 Q	 40.07  
 79 M	 2.29  
 80 A	 11.37  
 81 R	 32.38  
 82 A	 20.99  
 83 N	 41.19  
 84 E	 53.11  
 85 K	 54.09  
 86 L	 8.46  
 87 R	 43.91  
 88 K	 63.38  
 89 E	 27.85  
 90 M	 3.27  
 91 A	 11.10  
 92 A	 21.13  
 93 A	 10.98  
 94 P	 27.44  
 95 P	 41.69  
 96 G	 45.83  
 97 R	 27.49  
 98 F	 15.56  
 99 N	 39.03  
 100 I	 3.84  
 101 E	 49.60  
 102 N	 33.58  
 103 I	 4.14  
 104 D	 75.94  
 105 G	 20.30  
 106 P	 25.49  
 107 H	 45.86  
 108 S	 31.58  
 109 K	 40.08  
 110 V	 4.05  
 111 I	 3.01  
 112 Q	 25.63  
 113 M	 2.84  
 114 D	 13.23  
 115 V	 4.12  
 116 A	 11.41  
 117 L	 3.62  
 118 F	 6.37  
 119 E	 37.77  
 120 M	 4.30  
 121 N	 30.89  
 122 Q	 47.51  
 123 S	 38.56  
 124 D	 54.70  
 125 S	 35.64  
 126 K	 67.74  
 127 E	 56.35  
 128 V	 11.27  
 129 D	 47.76  
 130 S	 44.84  
 131 S	 40.70  
 132 E	 66.89  
 133 E	 58.60  
 134 S	 29.28  
 135 S	 41.09  
 136 Q	 64.98  
 137 D	 56.96  
 138 S	 31.73  
 139 S	 49.43  
 140 E	 66.15  
 141 N	 53.43  
 142 S	 31.28  
 143 S	 57.64  
 144 E	 58.95  
 145 S	 52.90  
 146 E	 62.46  
 147 D	 74.11  
 148 E	 60.72  
 149 D	 68.24  
 150 D	 46.55  
 151 S	 49.04  
 152 I	 5.83  
 153 P	 28.52  
 154 S	 42.92  
 155 E	 38.02  
 156 V	 7.16  
 157 T	 20.68  
 158 I	 4.63  
 159 D	 41.24  
 160 N	 29.46  
 161 I	 4.26  
 162 K	 65.23  
 163 L	 4.26  
 164 P	 36.98  
 165 N	 64.23  
 166 S	 35.36  
 167 E	 77.82  
 168 G	 42.82  
 169 G	 31.33  
 170 K	 68.81  
 171 G	 39.17  
 172 K	 38.90  
 173 I	 6.37  
 174 E	 40.28  
 175 V	 9.07  
 176 L	 3.33  
 177 D	 58.72  
 178 S	 20.43  
 179 P	 39.97  
 180 A	 37.62  
 181 S	 48.68  
 182 K	 70.71  
 183 K	 53.82  
 184 K	 57.31  
 185 E	 62.99  
 186 I	 7.04  
 187 V	 6.71  
 188 K	 61.35  
