 1 M	 7.41  
 2 K	 61.13  
 3 R	 35.47  
 4 R	 36.85  
 5 N	 44.13  
 6 A	 19.85  
 7 D	 40.55  
 8 C	 3.43  
 9 S	 34.96  
 10 K	 52.96  
 11 L	 3.01  
 12 R	 41.74  
 13 R	 51.87  
 14 P	 35.48  
 15 L	 8.47  
 16 K	 50.76  
 17 R	 45.39  
 18 N	 37.81  
 19 R	 41.04  
 20 I	 4.73  
 21 T	 25.56  
 22 E	 41.02  
 23 G	 15.12  
 24 I	 2.61  
 25 Y	 18.84  
 26 G	 20.49  
 27 S	 10.06  
 28 T	 17.19  
 29 F	 4.52  
 30 L	 5.05  
 31 Y	 12.03  
 32 L	 3.26  
 33 K	 24.09  
 34 F	 6.05  
 35 L	 2.65  
 36 V	 3.67  
 37 V	 2.42  
 38 W	 4.03  
 39 A	 4.00  
 40 L	 1.31  
 41 V	 2.96  
 42 L	 3.20  
 43 L	 3.15  
 44 A	 12.20  
 45 D	 33.87  
 46 F	 5.86  
 47 V	 5.28  
 48 L	 5.34  
 49 E	 29.49  
 50 F	 10.69  
 51 R	 17.70  
 52 F	 9.81  
 53 E	 35.15  
 54 Y	 16.03  
 55 L	 3.54  
 56 W	 5.78  
 57 P	 14.13  
 58 F	 6.31  
 59 W	 6.05  
 60 L	 2.33  
 61 F	 2.96  
 62 I	 2.77  
 63 R	 16.85  
 64 S	 21.88  
 65 V	 4.40  
 66 Y	 13.71  
 67 D	 38.86  
 68 S	 8.24  
 69 F	 8.45  
 70 R	 27.15  
 71 Y	 12.62  
 72 Q	 35.85  
 73 G	 15.27  
 74 L	 2.28  
 75 A	 11.07  
 76 F	 8.44  
 77 S	 16.65  
 78 V	 3.31  
 79 F	 3.53  
 80 F	 3.79  
 81 V	 1.42  
 82 C	 1.22  
 83 V	 4.05  
 84 A	 9.25  
 85 F	 3.72  
 86 T	 15.89  
 87 S	 21.41  
 88 N	 25.29  
 89 I	 2.05  
 90 I	 1.26  
 91 C	 2.09  
 92 L	 2.85  
 93 L	 2.95  
 94 F	 3.94  
 95 I	 2.72  
 96 P	 12.84  
 97 I	 3.82  
 98 Q	 26.01  
 99 W	 8.89  
 100 L	 1.13  
 101 F	 3.40  
 102 F	 5.34  
 103 A	 7.99  
 104 A	 9.39  
 105 S	 19.49  
 106 T	 19.85  
 107 Y	 6.99  
 108 V	 4.01  
 109 W	 2.12  
 110 V	 1.78  
 111 Q	 16.02  
 112 Y	 8.90  
 113 V	 1.36  
 114 W	 6.43  
 115 H	 14.06  
 116 T	 16.21  
 117 E	 34.25  
 118 R	 43.96  
 119 G	 14.30  
 120 V	 3.67  
 121 C	 4.14  
 122 L	 3.56  
 123 P	 26.15  
 124 T	 15.13  
 125 V	 4.12  
 126 S	 22.06  
 127 L	 2.61  
 128 W	 4.26  
 129 I	 2.31  
 130 L	 1.28  
 131 F	 2.63  
 132 V	 4.16  
 133 Y	 5.92  
 134 I	 2.14  
 135 E	 17.86  
 136 A	 9.91  
 137 A	 4.82  
 138 I	 7.39  
 139 R	 28.03  
 140 F	 6.20  
 141 K	 52.91  
 142 D	 61.23  
 143 L	 5.14  
 144 K	 68.64  
 145 N	 39.28  
 146 F	 5.93  
 147 H	 22.90  
 148 V	 5.42  
 149 D	 31.33  
 150 L	 2.31  
 151 C	 4.49  
 152 R	 36.35  
 153 P	 23.41  
 154 F	 4.92  
 155 A	 10.05  
 156 A	 9.85  
 157 H	 10.57  
 158 C	 1.90  
 159 I	 4.20  
 160 G	 26.53  
 161 Y	 3.49  
 162 P	 14.64  
 163 V	 3.75  
 164 V	 2.94  
 165 T	 22.77  
 166 L	 3.46  
 167 G	 15.97  
 168 F	 13.46  
 169 G	 27.55  
 170 F	 4.42  
 171 K	 41.05  
 172 S	 28.62  
 173 Y	 8.26  
 174 V	 6.95  
 175 S	 15.71  
 176 Y	 9.96  
 177 K	 15.27  
 178 M	 3.56  
 179 R	 27.47  
 180 L	 7.79  
 181 R	 29.06  
 182 K	 71.02  
 183 Q	 40.48  
 184 K	 63.99  
 185 E	 47.92  
 186 V	 14.70  
 187 Q	 48.73  
 188 K	 68.62  
 189 E	 44.92  
 190 N	 52.27  
 191 E	 38.97  
 192 F	 10.43  
 193 Y	 4.27  
 194 M	 2.48  
 195 Q	 27.87  
 196 L	 2.38  
 197 L	 1.68  
 198 Q	 34.78  
 199 Q	 44.85  
 200 A	 14.74  
 201 L	 6.72  
 202 P	 33.14  
 203 P	 53.53  
 204 E	 52.05  
 205 Q	 39.49  
 206 Q	 32.65  
 207 M	 4.23  
 208 L	 5.10  
 209 Q	 39.79  
 210 K	 57.36  
 211 Q	 54.77  
 212 E	 60.96  
 213 K	 60.78  
 214 E	 61.64  
 215 A	 30.88  
 216 E	 49.62  
 217 E	 62.06  
 218 A	 13.13  
 219 A	 15.10  
 220 K	 68.94  
 221 G	 37.40  
 222 L	 2.99  
 223 P	 43.48  
 224 D	 59.57  
 225 M	 5.20  
 226 D	 46.76  
 227 S	 16.79  
 228 S	 19.70  
 229 I	 4.92  
 230 L	 3.09  
 231 I	 2.71  
 232 H	 12.62  
 233 H	 27.86  
 234 N	 35.90  
 235 G	 30.93  
 236 G	 28.20  
 237 I	 2.86  
 238 P	 32.81  
 239 A	 38.26  
 240 N	 36.32  
 241 K	 58.14  
 242 K	 47.69  
 243 L	 6.17  
 244 S	 28.38  
 245 T	 42.67  
 246 T	 36.62  
 247 L	 3.47  
 248 P	 38.13  
 249 E	 52.11  
 250 I	 5.49  
 251 E	 36.55  
 252 Y	 29.72  
 253 R	 26.76  
 254 E	 66.32  
 255 K	 67.30  
 256 G	 38.30  
 257 K	 73.06  
 258 E	 75.14  
 259 K	 73.83  
 260 D	 55.98  
 261 K	 71.32  
 262 D	 73.99  
 263 A	 28.65  
 264 K	 65.77  
 265 K	 39.17  
 266 H	 33.76  
 267 N	 49.17  
 268 L	 7.93  
 269 G	 26.37  
 270 I	 5.86  
 271 N	 43.29  
 272 N	 40.79  
 273 N	 32.22  
 274 N	 38.17  
 275 I	 4.03  
 276 L	 5.24  
 277 Q	 31.97  
 278 P	 28.56  
 279 V	 9.29  
 280 D	 51.39  
 281 S	 31.71  
 282 K	 43.90  
 283 I	 5.27  
 284 Q	 49.72  
 285 E	 41.06  
 286 I	 2.35  
 287 E	 37.77  
 288 Y	 18.52  
 289 M	 2.42  
 290 E	 44.76  
 291 N	 25.47  
 292 H	 13.80  
 293 I	 10.57  
 294 N	 33.65  
 295 S	 20.67  
 296 K	 57.31  
 297 R	 42.33  
 298 L	 8.91  
 299 N	 43.96  
 300 N	 48.89  
 301 D	 41.48  
 302 L	 5.23  
 303 V	 6.75  
 304 G	 35.83  
 305 S	 25.68  
 306 T	 23.98  
 307 E	 47.80  
 308 N	 51.25  
 309 L	 6.18  
 310 L	 9.59  
 311 K	 63.74  
 312 E	 55.94  
 313 D	 47.64  
 314 S	 17.92  
 315 C	 5.95  
 316 T	 33.26  
 317 A	 19.01  
 318 S	 24.56  
 319 S	 23.58  
 320 K	 62.90  
 321 N	 55.76  
 322 Y	 14.89  
 323 K	 56.27  
 324 N	 29.04  
 325 A	 11.96  
 326 S	 41.32  
 327 G	 25.61  
 328 V	 3.22  
 329 V	 7.02  
 330 N	 34.07  
 331 S	 30.06  
 332 S	 21.09  
 333 P	 41.43  
 334 R	 49.28  
 335 S	 25.77  
 336 H	 23.80  
 337 S	 37.73  
 338 A	 10.32  
 339 T	 43.03  
 340 N	 41.76  
 341 G	 23.69  
 342 S	 33.14  
 343 I	 3.98  
 344 P	 29.83  
 345 S	 40.98  
 346 S	 33.02  
 347 S	 50.06  
 348 S	 41.26  
 349 K	 71.69  
 350 N	 69.16  
 351 E	 66.42  
 352 K	 70.65  
 353 K	 49.13  
 354 Q	 58.06  
 355 K	 48.65  
 356 C	 4.87  
 357 T	 46.34  
 358 S	 40.38  
 359 K	 48.51  
 360 S	 24.69  
 361 P	 47.16  
 362 S	 50.68  
 363 T	 36.01  
 364 H	 26.43  
 365 K	 53.28  
 366 D	 43.58  
 367 L	 5.75  
 368 M	 5.08  
 369 E	 57.14  
 370 N	 18.30  
 371 C	 3.31  
 372 I	 6.53  
 373 P	 35.60  
 374 N	 29.03  
 375 N	 38.52  
 376 Q	 54.47  
 377 L	 8.48  
 378 S	 32.17  
 379 K	 56.35  
 380 P	 28.82  
 381 D	 57.16  
 382 A	 19.24  
 383 L	 2.76  
 384 V	 7.61  
 385 R	 33.10  
 386 L	 5.59  
 387 E	 35.33  
 388 Q	 63.42  
 389 D	 45.35  
 390 I	 4.18  
 391 K	 61.41  
 392 K	 56.40  
 393 L	 4.73  
 394 K	 49.05  
 395 A	 32.93  
 396 D	 37.41  
 397 L	 5.68  
 398 Q	 37.53  
 399 A	 17.61  
 400 S	 15.41  
 401 R	 47.80  
 402 Q	 40.37  
 403 V	 8.78  
 404 E	 29.96  
 405 Q	 57.05  
 406 E	 32.42  
 407 L	 6.79  
 408 R	 26.26  
 409 S	 44.48  
 410 Q	 32.90  
 411 I	 2.97  
 412 S	 20.00  
 413 S	 33.62  
 414 L	 3.61  
 415 S	 36.84  
 416 S	 39.31  
 417 T	 26.73  
 418 E	 51.35  
 419 R	 46.02  
 420 G	 17.27  
 421 I	 5.69  
 422 R	 29.41  
 423 S	 29.98  
 424 E	 37.17  
 425 M	 4.34  
 426 G	 21.22  
 427 Q	 31.96  
 428 L	 5.17  
 429 R	 33.60  
 430 Q	 67.47  
 431 E	 46.36  
 432 N	 36.56  
 433 E	 50.53  
 434 L	 10.07  
 435 L	 4.26  
 436 Q	 58.60  
 437 N	 49.15  
 438 K	 37.86  
 439 L	 5.02  
 440 H	 23.08  
 441 N	 52.85  
 442 A	 5.12  
 443 V	 7.49  
 444 Q	 30.83  
 445 M	 3.89  
 446 K	 36.79  
 447 Q	 54.56  
 448 K	 62.47  
 449 D	 56.11  
 450 K	 52.89  
 451 Q	 63.72  
 452 N	 41.44  
 453 I	 2.29  
 454 S	 35.94  
 455 Q	 50.25  
 456 L	 9.22  
 457 E	 40.27  
 458 K	 72.50  
 459 K	 45.93  
 460 L	 10.60  
 461 K	 59.77  
 462 A	 33.85  
 463 E	 47.57  
 464 Q	 55.28  
 465 E	 37.24  
 466 A	 16.47  
 467 R	 29.85  
 468 S	 40.46  
 469 F	 7.39  
 470 V	 10.68  
 471 E	 32.83  
 472 K	 43.35  
 473 Q	 32.32  
 474 L	 7.45  
 475 M	 6.07  
 476 E	 75.22  
 477 E	 50.33  
 478 K	 44.57  
 479 K	 73.13  
 480 R	 53.03  
 481 K	 71.27  
 482 K	 66.23  
 483 L	 8.91  
 484 E	 55.24  
 485 E	 62.85  
 486 A	 7.99  
 487 T	 24.91  
 488 A	 11.29  
 489 A	 8.80  
 490 R	 27.42  
 491 A	 7.71  
 492 V	 3.62  
 493 A	 6.33  
 494 F	 3.70  
 495 A	 7.74  
 496 A	 10.26  
 497 A	 9.06  
 498 S	 35.77  
 499 R	 39.96  
 500 G	 31.66  
 501 E	 36.84  
 502 C	 4.67  
 503 T	 27.92  
 504 E	 58.46  
 505 T	 16.92  
 506 L	 3.58  
 507 R	 37.49  
 508 N	 47.01  
 509 R	 23.94  
 510 I	 4.60  
 511 R	 38.93  
 512 E	 48.90  
 513 L	 5.62  
 514 E	 39.66  
 515 A	 43.39  
 516 E	 63.27  
 517 G	 39.17  
 518 K	 35.79  
 519 K	 61.11  
 520 L	 5.67  
 521 T	 21.72  
 522 M	 7.40  
 523 D	 28.63  
 524 M	 3.59  
 525 K	 45.98  
 526 V	 7.05  
 527 K	 50.48  
 528 E	 59.12  
 529 D	 43.41  
 530 Q	 37.42  
 531 I	 5.97  
 532 R	 36.49  
 533 E	 48.50  
 534 L	 7.20  
 535 E	 41.62  
 536 L	 11.71  
 537 K	 32.28  
 538 V	 9.27  
 539 Q	 42.28  
 540 E	 54.23  
 541 L	 2.98  
 542 R	 39.23  
 543 K	 73.61  
 544 Y	 19.66  
 545 K	 58.03  
 546 E	 68.48  
 547 N	 58.42  
 548 E	 54.09  
 549 K	 79.93  
 550 D	 41.75  
 551 T	 38.78  
 552 E	 43.73  
 553 V	 6.20  
 554 L	 1.50  
 555 M	 2.38  
 556 S	 23.15  
 557 A	 7.50  
 558 L	 2.35  
 559 S	 22.78  
 560 A	 10.66  
 561 M	 4.81  
 562 Q	 49.09  
 563 D	 42.77  
 564 K	 32.94  
 565 T	 29.52  
 566 Q	 44.93  
 567 H	 40.10  
 568 L	 4.85  
 569 E	 42.52  
 570 N	 55.39  
 571 S	 17.83  
 572 L	 9.43  
 573 S	 24.71  
 574 A	 27.72  
 575 E	 34.93  
 576 T	 37.09  
 577 R	 18.62  
 578 I	 7.30  
 579 K	 32.43  
 580 L	 6.86  
 581 D	 40.44  
 582 L	 5.46  
 583 F	 3.92  
 584 S	 29.86  
 585 A	 14.29  
 586 L	 6.55  
 587 G	 32.33  
 588 D	 50.17  
 589 A	 13.71  
 590 K	 45.47  
 591 R	 48.30  
 592 Q	 42.62  
 593 L	 6.29  
 594 E	 28.13  
 595 I	 4.76  
 596 A	 9.70  
 597 Q	 50.41  
 598 G	 13.89  
 599 Q	 22.57  
 600 I	 5.87  
 601 L	 3.88  
 602 Q	 49.24  
 603 K	 58.91  
 604 D	 38.08  
 605 Q	 62.44  
 606 E	 63.24  
 607 I	 3.32  
 608 K	 57.14  
 609 D	 65.83  
 610 L	 5.56  
 611 K	 60.73  
 612 Q	 50.08  
 613 K	 42.15  
 614 I	 3.51  
 615 A	 15.46  
 616 E	 35.98  
 617 V	 1.89  
 618 M	 1.43  
 619 A	 10.30  
 620 V	 2.90  
 621 M	 1.24  
 622 P	 18.91  
 623 S	 14.96  
 624 I	 3.27  
 625 T	 18.76  
 626 Y	 8.47  
 627 S	 11.63  
 628 A	 12.35  
 629 A	 11.58  
 630 T	 30.51  
 631 S	 21.08  
 632 P	 32.28  
 633 L	 10.15  
 634 S	 27.00  
 635 P	 37.98  
 636 V	 14.45  
 637 S	 14.89  
 638 P	 30.57  
 639 H	 27.83  
 640 Y	 20.30  
 641 S	 24.82  
 642 S	 23.97  
 643 K	 47.70  
 644 F	 6.92  
 645 V	 10.10  
 646 E	 46.85  
 647 T	 40.41  
 648 S	 11.99  
 649 P	 39.58  
 650 S	 52.32  
 651 G	 37.17  
 652 L	 13.36  
 653 D	 37.62  
 654 P	 43.24  
 655 N	 44.51  
 656 A	 13.03  
 657 S	 28.18  
 658 V	 4.84  
 659 Y	 11.26  
 660 Q	 34.39  
 661 P	 28.58  
 662 L	 6.97  
 663 K	 64.22  
 664 K	 73.57  
