 1 M	 8.94  
 2 P	 38.62  
 3 G	 32.60  
 4 H	 20.61  
 5 L	 6.50  
 6 Q	 42.99  
 7 E	 63.95  
 8 G	 15.99  
 9 F	 7.25  
 10 G	 17.73  
 11 C	 1.76  
 12 V	 6.43  
 13 V	 4.58  
 14 T	 10.57  
 15 N	 30.89  
 16 R	 27.44  
 17 F	 8.34  
 18 D	 40.82  
 19 Q	 41.12  
 20 L	 5.67  
 21 F	 10.39  
 22 D	 68.32  
 23 D	 50.38  
 24 E	 59.91  
 25 S	 58.54  
 26 D	 50.27  
 27 P	 36.26  
 28 F	 14.06  
 29 E	 52.94  
 30 V	 7.32  
 31 L	 2.16  
 32 K	 51.21  
 33 A	 18.82  
 34 A	 21.22  
 35 E	 74.56  
 36 N	 57.64  
 37 K	 57.64  
 38 K	 68.38  
 39 K	 55.17  
 40 E	 62.52  
 41 A	 30.70  
 42 G	 36.05  
 43 G	 36.41  
 44 G	 27.05  
 45 G	 20.40  
 46 V	 10.16  
 47 G	 39.59  
 48 G	 18.30  
 49 P	 33.37  
 50 G	 49.24  
 51 A	 13.03  
 52 K	 46.68  
 53 S	 28.44  
 54 A	 11.68  
 55 A	 13.46  
 56 Q	 31.11  
 57 A	 10.47  
 58 A	 6.50  
 59 A	 21.53  
 60 Q	 36.17  
 61 T	 35.57  
 62 N	 22.61  
 63 S	 31.10  
 64 N	 35.56  
 65 A	 19.88  
 66 A	 29.93  
 67 G	 18.81  
 68 K	 41.24  
 69 Q	 45.65  
 70 L	 10.87  
 71 R	 37.90  
 72 K	 71.02  
 73 E	 52.55  
 74 S	 45.63  
 75 Q	 53.40  
 76 K	 69.63  
 77 D	 60.18  
 78 R	 47.92  
 79 K	 73.40  
 80 N	 44.21  
 81 P	 49.64  
 82 L	 15.84  
 83 P	 22.00  
 84 P	 49.70  
 85 S	 29.57  
 86 V	 9.22  
 87 G	 20.33  
 88 V	 4.76  
 89 V	 8.00  
 90 D	 54.63  
 91 K	 50.94  
 92 K	 57.21  
 93 E	 72.51  
 94 E	 62.72  
 95 T	 47.68  
 96 Q	 43.51  
 97 P	 32.52  
 98 P	 17.75  
 99 V	 14.34  
 100 A	 21.31  
 101 L	 9.19  
 102 K	 38.76  
 103 K	 63.12  
 104 E	 59.26  
 105 G	 27.81  
 106 I	 2.39  
 107 R	 37.78  
 108 R	 33.06  
 109 V	 5.13  
 110 G	 20.33  
 111 R	 44.07  
 112 R	 32.97  
 113 P	 42.26  
 114 D	 47.23  
 115 Q	 48.87  
 116 Q	 43.03  
 117 L	 6.16  
 118 Q	 43.48  
 119 G	 54.97  
 120 E	 44.33  
 121 G	 33.03  
 122 K	 31.99  
 123 I	 6.11  
 124 I	 3.72  
 125 D	 43.97  
 126 R	 45.72  
 127 R	 33.41  
 128 P	 40.10  
 129 E	 60.55  
 130 R	 60.12  
 131 R	 43.86  
 132 P	 38.22  
 133 P	 49.29  
 134 R	 53.38  
 135 E	 54.72  
 136 R	 50.28  
 137 R	 39.05  
 138 F	 20.75  
 139 E	 52.53  
 140 K	 52.79  
 141 P	 37.49  
 142 L	 22.97  
 143 E	 67.21  
 144 E	 74.23  
 145 K	 53.54  
 146 G	 41.90  
 147 E	 75.09  
 148 G	 49.99  
 149 G	 28.59  
 150 E	 45.68  
 151 F	 11.03  
 152 S	 20.85  
 153 V	 9.81  
 154 D	 49.82  
 155 R	 23.35  
 156 P	 24.35  
 157 I	 5.50  
 158 I	 3.99  
 159 D	 51.53  
 160 R	 20.38  
 161 P	 19.51  
 162 I	 8.31  
 163 R	 31.29  
 164 G	 33.05  
 165 R	 26.59  
 166 G	 38.20  
 167 G	 24.48  
 168 L	 4.75  
 169 G	 33.02  
 170 R	 36.36  
 171 G	 30.68  
 172 R	 42.93  
 173 G	 32.73  
 174 G	 27.75  
 175 R	 34.16  
 176 G	 33.49  
 177 R	 30.48  
 178 G	 26.22  
 179 M	 2.97  
 180 G	 32.99  
 181 R	 31.01  
 182 G	 33.39  
 183 D	 53.90  
 184 G	 30.96  
 185 F	 10.30  
 186 D	 42.84  
 187 S	 40.44  
 188 R	 57.40  
 189 G	 37.01  
 190 K	 47.87  
 191 R	 53.27  
 192 E	 56.22  
 193 F	 13.37  
 194 D	 42.50  
 195 R	 31.06  
 196 H	 38.05  
 197 S	 40.67  
 198 G	 27.69  
 199 S	 32.63  
 200 D	 58.99  
 201 R	 35.58  
 202 S	 40.50  
 203 S	 31.49  
 204 F	 5.71  
 205 S	 24.38  
 206 H	 20.83  
 207 Y	 11.84  
 208 S	 32.02  
 209 G	 31.42  
 210 L	 4.15  
 211 K	 48.77  
 212 H	 54.23  
 213 E	 64.74  
 214 D	 45.75  
 215 K	 50.38  
 216 R	 68.01  
 217 G	 40.12  
 218 G	 32.63  
 219 S	 39.69  
 220 G	 35.88  
 221 S	 18.49  
 222 H	 37.27  
 223 N	 40.34  
 224 W	 9.83  
 225 G	 26.41  
 226 T	 18.92  
 227 V	 6.92  
 228 K	 45.37  
 229 D	 52.37  
 230 E	 48.10  
 231 L	 6.91  
 232 T	 32.25  
 233 D	 61.95  
 234 L	 5.63  
 235 D	 53.31  
 236 Q	 44.17  
 237 S	 32.69  
 238 N	 38.81  
 239 V	 9.62  
 240 T	 32.14  
 241 E	 56.44  
 242 E	 61.37  
 243 T	 22.02  
 244 P	 51.37  
 245 E	 83.26  
 246 G	 46.96  
 247 E	 53.12  
 248 E	 59.35  
 249 H	 26.67  
 250 H	 23.08  
 251 P	 25.54  
 252 V	 6.99  
 253 A	 23.58  
 254 D	 55.58  
 255 T	 31.55  
 256 E	 67.84  
 257 N	 60.06  
 258 K	 56.54  
 259 E	 70.92  
 260 N	 61.29  
 261 E	 53.01  
 262 V	 13.17  
 263 E	 51.39  
 264 E	 65.15  
 265 V	 6.30  
 266 K	 54.02  
 267 E	 73.66  
 268 E	 75.08  
 269 G	 39.40  
 270 P	 32.48  
 271 K	 71.61  
 272 E	 40.30  
 273 M	 5.87  
 274 T	 31.95  
 275 L	 5.61  
 276 D	 51.01  
 277 E	 54.73  
 278 W	 8.61  
 279 K	 33.30  
 280 A	 15.07  
 281 I	 4.04  
 282 Q	 56.64  
 283 N	 41.92  
 284 K	 32.01  
 285 D	 64.42  
 286 R	 37.61  
 287 A	 30.31  
 288 K	 43.10  
 289 V	 11.23  
 290 E	 32.06  
 291 F	 11.74  
 292 N	 21.46  
 293 I	 7.91  
 294 R	 49.86  
 295 K	 48.69  
 296 P	 33.97  
 297 N	 64.47  
 298 E	 65.37  
 299 G	 35.29  
 300 A	 16.16  
 301 D	 61.75  
 302 G	 34.41  
 303 Q	 49.73  
 304 W	 15.17  
 305 K	 34.82  
 306 K	 55.40  
 307 G	 17.73  
 308 F	 7.89  
 309 V	 8.14  
 310 L	 3.83  
 311 H	 27.35  
 312 K	 56.25  
 313 S	 30.57  
 314 K	 67.69  
 315 S	 48.00  
 316 E	 64.04  
 317 E	 53.50  
 318 A	 11.79  
 319 H	 32.69  
 320 A	 29.37  
 321 E	 40.74  
 322 D	 47.52  
 323 S	 15.73  
 324 V	 8.93  
 325 M	 4.74  
 326 D	 29.92  
 327 H	 12.14  
 328 H	 21.68  
 329 F	 10.88  
 330 R	 39.43  
 331 K	 47.76  
 332 P	 31.85  
 333 A	 29.39  
 334 N	 50.15  
 335 D	 47.88  
 336 I	 3.91  
 337 T	 17.18  
 338 S	 32.85  
 339 Q	 34.17  
 340 L	 7.75  
 341 E	 28.40  
 342 I	 7.61  
 343 N	 26.02  
 344 F	 11.21  
 345 G	 25.42  
 346 D	 41.64  
 347 L	 6.84  
 348 G	 38.18  
 349 R	 37.48  
 350 P	 34.73  
 351 G	 39.23  
 352 R	 47.26  
 353 G	 35.74  
 354 G	 24.57  
 355 R	 47.41  
 356 G	 33.16  
 357 G	 24.57  
 358 R	 47.41  
 359 G	 33.16  
 360 G	 27.75  
 361 R	 34.16  
 362 G	 35.54  
 363 R	 42.93  
 364 G	 39.01  
 365 G	 40.28  
 366 R	 28.30  
 367 P	 37.84  
 368 N	 60.63  
 369 R	 47.34  
 370 G	 28.28  
 371 S	 28.86  
 372 R	 50.17  
 373 T	 49.85  
 374 D	 47.97  
 375 K	 45.77  
 376 S	 33.67  
 377 S	 31.80  
 378 A	 19.46  
 379 S	 42.13  
 380 A	 12.20  
 381 P	 39.40  
 382 D	 57.08  
 383 V	 9.77  
 384 D	 73.46  
 385 D	 42.67  
 386 P	 30.28  
 387 E	 70.68  
 388 A	 22.55  
 389 F	 3.29  
 390 P	 33.15  
 391 A	 15.07  
 392 L	 6.22  
 393 A	 21.34  
