 1 M	 11.56  
 2 Q	 48.57  
 3 E	 57.86  
 4 N	 21.45  
 5 L	 4.72  
 6 R	 36.35  
 7 F	 9.72  
 8 A	 9.06  
 9 S	 31.94  
 10 S	 42.69  
 11 G	 33.83  
 12 D	 57.31  
 13 D	 47.83  
 14 I	 4.08  
 15 K	 44.75  
 16 I	 4.04  
 17 W	 7.07  
 18 D	 39.79  
 19 A	 6.63  
 20 S	 20.40  
 21 S	 19.94  
 22 M	 2.88  
 23 T	 26.10  
 24 L	 3.34  
 25 V	 5.75  
 26 D	 53.60  
 27 K	 39.29  
 28 F	 17.37  
 29 N	 32.93  
 30 P	 34.95  
 31 H	 39.83  
 32 T	 45.25  
 33 S	 16.32  
 34 P	 30.77  
 35 H	 46.09  
 36 G	 25.51  
 37 I	 2.38  
 38 S	 20.45  
 39 S	 21.61  
 40 I	 1.92  
 41 C	 2.89  
 42 W	 11.79  
 43 S	 20.83  
 44 S	 21.05  
 45 N	 41.78  
 46 N	 42.45  
 47 N	 35.56  
 48 F	 6.71  
 49 L	 3.48  
 50 V	 3.53  
 51 T	 23.99  
 52 A	 10.43  
 53 S	 18.70  
 54 S	 35.56  
 55 S	 48.82  
 56 G	 42.02  
 57 D	 39.18  
 58 K	 40.71  
 59 I	 4.38  
 60 V	 4.15  
 61 V	 3.87  
 62 S	 21.08  
 63 S	 13.14  
 64 C	 4.70  
 65 K	 47.44  
 66 C	 7.65  
 67 K	 34.25  
 68 P	 42.29  
 69 V	 2.97  
 70 P	 39.49  
 71 L	 6.21  
 72 L	 4.08  
 73 E	 54.33  
 74 L	 5.47  
 75 A	 14.97  
 76 E	 74.84  
 77 G	 34.09  
 78 Q	 26.62  
 79 K	 59.43  
 80 Q	 32.04  
 81 T	 26.00  
 82 C	 1.44  
 83 V	 11.80  
 84 N	 35.33  
 85 L	 2.39  
 86 N	 37.73  
 87 S	 25.65  
 88 T	 19.21  
 89 S	 12.78  
 90 M	 2.80  
 91 Y	 12.06  
 92 L	 1.53  
 93 V	 2.49  
 94 S	 25.25  
 95 G	 36.81  
 96 G	 20.09  
 97 L	 5.22  
 98 N	 45.46  
 99 N	 50.90  
 100 T	 17.54  
 101 V	 5.48  
 102 N	 27.82  
 103 I	 2.35  
 104 W	 10.32  
 105 D	 40.18  
 106 L	 3.97  
 107 K	 52.00  
 108 S	 32.75  
 109 K	 57.78  
 110 R	 36.24  
 111 V	 5.17  
 112 H	 20.04  
 113 R	 40.61  
 114 S	 25.54  
 115 L	 8.34  
 116 K	 60.06  
 117 D	 60.40  
 118 H	 33.72  
 119 K	 61.05  
 120 D	 44.77  
 121 Q	 36.90  
 122 V	 6.85  
 123 T	 8.81  
 124 C	 1.95  
 125 V	 4.68  
 126 T	 17.18  
 127 Y	 9.59  
 128 N	 23.00  
 129 W	 7.51  
 130 N	 26.32  
 131 D	 20.43  
 132 C	 2.09  
 133 Y	 11.46  
 134 I	 2.86  
 135 A	 4.95  
 136 S	 21.25  
 137 G	 24.47  
 138 S	 19.50  
 139 L	 9.70  
 140 S	 35.76  
 141 G	 35.10  
 142 E	 24.39  
 143 I	 4.66  
 144 I	 2.17  
 145 L	 2.79  
 146 H	 15.15  
 147 S	 20.08  
 148 V	 5.50  
 149 T	 17.00  
 150 T	 31.82  
 151 N	 28.67  
 152 L	 3.93  
 153 S	 33.95  
 154 S	 43.18  
 155 T	 21.18  
 156 P	 34.86  
 157 F	 13.13  
 158 G	 26.00  
 159 H	 36.57  
 160 G	 28.77  
 161 S	 26.48  
 162 N	 42.62  
 163 Q	 45.03  
 164 S	 25.93  
 165 V	 3.01  
 166 R	 34.37  
 167 H	 25.23  
 168 L	 3.79  
 169 K	 27.03  
 170 Y	 19.57  
 171 S	 26.24  
 172 L	 7.09  
 173 F	 8.44  
 174 K	 46.90  
 175 K	 38.71  
 176 S	 29.44  
 177 L	 9.61  
 178 L	 6.57  
 179 G	 31.15  
 180 S	 20.58  
 181 V	 8.70  
 182 S	 27.36  
 183 D	 56.04  
 184 N	 34.29  
 185 G	 22.27  
 186 I	 2.41  
 187 V	 3.69  
 188 T	 21.88  
 189 L	 2.26  
 190 W	 9.72  
 191 D	 32.60  
 192 V	 5.13  
 193 N	 31.68  
 194 S	 31.70  
 195 Q	 43.13  
 196 S	 27.52  
 197 P	 27.11  
 198 Y	 18.03  
 199 H	 31.68  
 200 N	 36.26  
 201 F	 4.76  
 202 D	 55.88  
 203 S	 23.22  
 204 V	 6.05  
 205 H	 25.22  
 206 K	 54.64  
 207 A	 7.04  
 208 P	 31.59  
 209 A	 25.83  
 210 S	 27.86  
 211 G	 23.84  
 212 I	 1.66  
 213 C	 2.93  
 214 F	 9.75  
 215 S	 24.43  
 216 P	 16.83  
 217 V	 9.35  
 218 N	 37.27  
 219 E	 47.27  
 220 L	 3.66  
 221 L	 2.37  
 222 F	 7.72  
 223 V	 3.73  
 224 T	 11.29  
 225 I	 4.30  
 226 G	 20.61  
 227 L	 6.57  
 228 D	 32.73  
 229 K	 51.01  
 230 R	 22.35  
 231 I	 2.91  
 232 I	 3.19  
 233 L	 2.70  
 234 Y	 13.53  
 235 D	 36.35  
 236 T	 22.73  
 237 S	 36.94  
 238 S	 35.58  
 239 K	 50.31  
 240 K	 61.53  
 241 L	 5.70  
 242 V	 6.46  
 243 K	 46.72  
 244 T	 20.98  
 245 L	 2.18  
 246 V	 5.69  
 247 A	 20.33  
 248 D	 41.18  
 249 T	 15.51  
 250 P	 28.41  
 251 L	 5.36  
 252 T	 26.32  
 253 A	 13.43  
 254 V	 4.99  
 255 D	 31.50  
 256 F	 6.51  
 257 M	 2.27  
 258 P	 36.56  
 259 D	 47.79  
 260 G	 18.00  
 261 A	 13.56  
 262 T	 23.42  
 263 L	 3.03  
 264 A	 10.35  
 265 I	 6.55  
 266 G	 17.60  
 267 S	 15.68  
 268 S	 39.58  
 269 R	 52.72  
 270 G	 23.74  
 271 K	 36.81  
 272 I	 2.63  
 273 Y	 12.42  
 274 Q	 28.83  
 275 Y	 10.44  
 276 D	 16.57  
 277 L	 2.70  
 278 R	 26.03  
 279 M	 7.80  
 280 L	 3.92  
 281 K	 43.29  
 282 S	 30.85  
 283 P	 30.00  
 284 V	 12.63  
 285 K	 43.45  
 286 T	 22.02  
 287 I	 2.58  
 288 S	 29.56  
 289 A	 12.35  
 290 H	 27.43  
 291 K	 42.06  
 292 T	 25.02  
 293 S	 18.26  
 294 V	 6.96  
 295 Q	 16.80  
 296 C	 1.96  
 297 I	 2.11  
 298 A	 7.97  
 299 F	 3.38  
 300 Q	 23.42  
 301 Y	 10.39  
 302 S	 10.97  
 303 T	 18.01  
 304 V	 5.41  
 305 L	 5.17  
 306 T	 25.25  
 307 K	 33.61  
 308 S	 34.52  
 309 S	 37.20  
 310 L	 11.23  
 311 N	 40.39  
 312 K	 67.59  
 313 G	 21.00  
 314 C	 4.29  
 315 S	 57.46  
 316 N	 59.40  
 317 K	 27.70  
 318 P	 37.24  
 319 T	 45.01  
 320 T	 30.52  
 321 V	 9.76  
 322 N	 31.75  
 323 K	 41.53  
 324 R	 40.40  
 325 S	 21.47  
 326 V	 12.30  
 327 N	 23.67  
 328 V	 4.90  
 329 N	 25.28  
 330 A	 9.95  
 331 A	 11.96  
 332 S	 33.40  
 333 G	 35.25  
 334 G	 18.49  
 335 V	 5.78  
 336 Q	 41.46  
 337 N	 39.53  
 338 S	 16.89  
 339 G	 29.93  
 340 I	 2.37  
 341 V	 5.30  
 342 R	 32.22  
 343 E	 48.38  
 344 A	 6.61  
 345 P	 31.17  
 346 A	 22.49  
 347 T	 21.43  
 348 S	 16.60  
 349 I	 3.02  
 350 A	 7.45  
 351 T	 22.39  
 352 V	 5.62  
 353 L	 2.57  
 354 P	 31.71  
 355 Q	 35.91  
 356 P	 26.53  
 357 M	 3.78  
 358 T	 21.73  
 359 S	 15.26  
 360 A	 11.11  
 361 M	 5.97  
 362 G	 25.59  
 363 K	 38.02  
 364 G	 21.49  
 365 T	 14.58  
 366 V	 7.19  
 367 A	 9.34  
 368 V	 7.02  
 369 Q	 36.41  
 370 E	 37.97  
 371 K	 30.57  
 372 A	 24.81  
 373 G	 47.48  
 374 L	 3.68  
 375 P	 27.36  
 376 R	 56.03  
 377 S	 20.46  
 378 I	 7.31  
 379 N	 32.90  
 380 T	 28.79  
 381 D	 40.96  
 382 T	 30.78  
 383 L	 8.40  
 384 S	 30.45  
 385 K	 68.68  
 386 E	 55.24  
 387 T	 38.92  
 388 D	 57.39  
 389 S	 60.12  
 390 G	 35.43  
 391 K	 56.22  
 392 N	 50.62  
 393 Q	 57.52  
 394 D	 55.58  
 395 F	 4.79  
 396 S	 38.08  
 397 S	 32.46  
 398 F	 10.77  
 399 D	 55.28  
 400 D	 56.18  
 401 T	 48.64  
 402 G	 34.54  
 403 K	 38.68  
 404 S	 31.94  
 405 S	 39.60  
 406 L	 9.71  
 407 G	 26.70  
 408 D	 40.00  
 409 M	 3.21  
 410 F	 10.52  
 411 S	 16.87  
 412 P	 17.86  
 413 I	 7.95  
 414 R	 38.86  
 415 D	 49.27  
 416 D	 31.26  
 417 A	 16.08  
 418 V	 6.66  
 419 V	 7.03  
 420 N	 36.05  
 421 K	 48.45  
 422 G	 34.82  
 423 S	 39.55  
 424 D	 63.43  
 425 E	 46.05  
 426 S	 41.45  
 427 I	 6.59  
 428 G	 36.85  
 429 K	 52.76  
 430 G	 34.75  
 431 D	 59.06  
 432 G	 32.46  
 433 F	 7.75  
 434 D	 50.10  
 435 F	 11.36  
 436 L	 2.58  
 437 P	 36.28  
 438 Q	 56.26  
 439 L	 4.94  
 440 N	 30.77  
 441 S	 33.45  
 442 V	 8.98  
 443 F	 7.47  
 444 P	 26.15  
 445 P	 48.70  
 446 R	 52.18  
 447 K	 71.96  
 448 N	 37.24  
 449 P	 33.52  
 450 V	 13.01  
 451 T	 20.44  
 452 S	 31.67  
 453 S	 18.48  
 454 T	 23.71  
 455 S	 25.32  
 456 V	 5.89  
 457 L	 3.04  
 458 H	 24.87  
 459 S	 29.50  
 460 S	 23.74  
 461 P	 30.85  
 462 L	 10.36  
 463 N	 28.50  
 464 V	 4.62  
 465 F	 4.46  
 466 M	 4.53  
 467 G	 21.15  
 468 S	 20.77  
 469 P	 52.74  
 470 G	 52.26  
 471 K	 66.30  
 472 E	 72.47  
 473 E	 73.63  
 474 N	 53.59  
 475 E	 57.85  
 476 N	 55.11  
 477 R	 33.85  
 478 D	 61.01  
 479 L	 4.40  
 480 T	 32.44  
 481 A	 26.77  
 482 E	 58.83  
 483 S	 36.46  
 484 K	 34.39  
 485 K	 48.63  
 486 I	 3.09  
 487 Y	 14.54  
 488 M	 6.52  
 489 G	 16.12  
 490 K	 34.07  
 491 Q	 55.24  
 492 E	 64.34  
 493 S	 38.99  
 494 K	 57.55  
 495 D	 69.46  
 496 S	 37.77  
 497 F	 9.30  
 498 K	 48.64  
 499 Q	 44.64  
 500 L	 4.71  
 501 A	 10.72  
 502 K	 52.67  
 503 L	 4.17  
 504 V	 3.84  
 505 T	 31.70  
 506 S	 28.64  
 507 G	 24.81  
 508 A	 13.93  
 509 E	 63.81  
 510 S	 32.23  
 511 G	 33.86  
 512 N	 39.12  
 513 L	 9.38  
 514 N	 42.37  
 515 T	 45.22  
 516 S	 23.01  
 517 P	 39.47  
 518 S	 41.51  
 519 S	 36.02  
 520 N	 52.13  
 521 Q	 43.73  
 522 T	 35.75  
 523 R	 34.61  
 524 N	 58.89  
 525 S	 38.58  
 526 E	 66.37  
 527 K	 59.66  
 528 F	 14.85  
 529 E	 77.95  
 530 K	 61.84  
 531 P	 42.31  
 532 E	 77.79  
 533 N	 65.16  
 534 E	 40.31  
 535 I	 8.84  
 536 E	 24.96  
 537 A	 18.36  
 538 Q	 20.69  
 539 L	 6.61  
 540 I	 1.34  
 541 C	 9.74  
 542 E	 47.30  
 543 P	 30.57  
 544 P	 15.47  
 545 I	 15.50  
 546 N	 50.50  
 547 G	 24.56  
 548 S	 26.93  
 549 S	 49.64  
 550 T	 28.87  
 551 P	 58.01  
 552 N	 51.06  
 553 P	 30.54  
 554 K	 58.50  
 555 I	 4.79  
 556 A	 11.24  
 557 S	 28.90  
 558 S	 17.92  
 559 V	 3.84  
 560 T	 21.46  
 561 A	 14.33  
 562 G	 13.22  
 563 V	 4.30  
 564 A	 7.77  
 565 S	 29.43  
 566 S	 26.61  
 567 L	 7.69  
 568 S	 38.50  
 569 E	 54.50  
 570 K	 39.56  
 571 I	 4.52  
 572 A	 18.63  
 573 D	 44.24  
 574 S	 24.31  
 575 I	 7.62  
 576 G	 29.34  
 577 N	 38.55  
 578 N	 41.52  
 579 R	 34.82  
 580 Q	 53.19  
 581 N	 40.04  
 582 A	 7.67  
 583 P	 43.66  
 584 L	 5.65  
 585 T	 23.79  
 586 S	 21.85  
 587 I	 3.13  
 588 Q	 22.14  
 589 I	 3.56  
 590 R	 13.26  
 591 F	 7.82  
 592 I	 1.76  
 593 Q	 30.63  
 594 N	 25.39  
 595 M	 1.59  
 596 I	 4.37  
 597 Q	 27.18  
 598 E	 40.17  
 599 T	 21.07  
 600 L	 6.14  
 601 D	 61.49  
 602 D	 47.84  
 603 F	 8.31  
 604 R	 37.28  
 605 E	 56.49  
 606 A	 7.08  
 607 C	 2.01  
 608 H	 37.18  
 609 R	 34.92  
 610 D	 26.06  
 611 I	 1.92  
 612 V	 7.38  
 613 N	 25.70  
 614 L	 4.12  
 615 Q	 24.74  
 616 V	 6.42  
 617 E	 23.41  
 618 M	 4.95  
 619 I	 1.69  
 620 K	 45.67  
 621 Q	 23.66  
 622 F	 4.38  
 623 H	 10.69  
 624 M	 5.24  
 625 Q	 32.35  
 626 L	 4.56  
 627 N	 27.88  
 628 E	 47.03  
 629 M	 2.24  
 630 H	 14.76  
 631 S	 33.08  
 632 L	 3.32  
 633 L	 3.84  
 634 E	 55.66  
 635 R	 29.06  
 636 Y	 13.95  
 637 S	 25.37  
 638 V	 5.84  
 639 N	 31.51  
 640 E	 52.31  
 641 G	 21.90  
 642 L	 2.42  
 643 V	 7.07  
 644 A	 19.66  
 645 E	 37.59  
 646 I	 2.42  
 647 E	 36.85  
 648 R	 44.71  
 649 L	 5.39  
 650 R	 56.24  
 651 E	 71.20  
 652 E	 62.71  
 653 N	 29.96  
 654 K	 56.97  
 655 R	 40.77  
 656 L	 6.40  
 657 R	 30.01  
 658 A	 17.03  
 659 H	 23.63  
 660 F	 11.91  
