 1 M	 5.32  
 2 T	 33.85  
 3 S	 24.98  
 4 L	 2.59  
 5 F	 6.46  
 6 R	 42.75  
 7 R	 33.29  
 8 S	 25.30  
 9 S	 36.59  
 10 S	 37.92  
 11 G	 32.05  
 12 S	 35.89  
 13 G	 42.14  
 14 G	 32.81  
 15 G	 26.53  
 16 G	 24.20  
 17 A	 13.21  
 18 T	 34.35  
 19 G	 16.85  
 20 A	 11.46  
 21 R	 36.52  
 22 G	 28.02  
 23 A	 13.56  
 24 G	 27.75  
 25 T	 24.27  
 26 G	 27.01  
 27 A	 16.85  
 28 G	 40.95  
 29 D	 47.54  
 30 G	 26.44  
 31 S	 26.57  
 32 T	 48.13  
 33 A	 12.89  
 34 P	 28.41  
 35 Q	 66.40  
 36 E	 53.02  
 37 L	 6.56  
 38 N	 43.61  
 39 N	 52.61  
 40 S	 38.27  
 41 R	 30.90  
 42 P	 31.45  
 43 A	 17.27  
 44 R	 37.90  
 45 Q	 34.86  
 46 V	 2.99  
 47 R	 29.18  
 48 R	 39.45  
 49 L	 6.54  
 50 E	 40.51  
 51 F	 10.99  
 52 N	 21.23  
 53 Q	 43.30  
 54 A	 12.41  
 55 M	 3.51  
 56 D	 62.30  
 57 D	 33.58  
 58 F	 6.55  
 59 K	 46.18  
 60 T	 24.84  
 61 M	 5.61  
 62 F	 4.84  
 63 P	 25.14  
 64 N	 25.37  
 65 M	 5.27  
 66 D	 44.59  
 67 Y	 9.77  
 68 D	 30.99  
 69 I	 2.02  
 70 I	 2.83  
 71 E	 20.93  
 72 C	 2.17  
 73 V	 2.35  
 74 L	 6.91  
 75 R	 16.01  
 76 A	 15.47  
 77 N	 34.24  
 78 S	 27.43  
 79 G	 29.44  
 80 A	 8.88  
 81 V	 6.16  
 82 D	 37.14  
 83 A	 10.39  
 84 T	 22.18  
 85 I	 3.22  
 86 D	 28.81  
 87 Q	 39.98  
 88 L	 2.96  
 89 L	 3.64  
 90 Q	 27.58  
 91 M	 6.62  
 92 N	 23.05  
 93 L	 3.91  
 94 E	 40.02  
 95 A	 25.71  
 96 G	 31.45  
 97 G	 33.65  
 98 G	 14.26  
 99 S	 30.84  
 100 A	 18.27  
 101 Y	 23.20  
 102 E	 51.65  
 103 D	 40.54  
 104 S	 24.89  
 105 S	 58.43  
 106 D	 61.06  
 107 S	 45.30  
 108 E	 61.85  
 109 D	 56.68  
 110 S	 32.70  
 111 I	 11.60  
 112 P	 25.15  
 113 P	 39.32  
 114 E	 55.65  
 115 I	 6.29  
 116 L	 3.30  
 117 E	 49.64  
 118 R	 40.96  
 119 T	 26.54  
 120 L	 12.93  
 121 E	 46.58  
 122 P	 50.31  
 123 D	 56.26  
 124 S	 50.82  
 125 S	 57.30  
 126 E	 71.04  
 127 E	 77.18  
 128 E	 60.08  
 129 P	 41.60  
 130 P	 33.98  
 131 P	 48.68  
 132 V	 10.22  
 133 Y	 22.64  
 134 S	 25.33  
 135 P	 10.39  
 136 P	 39.24  
 137 A	 15.39  
 138 Y	 12.88  
 139 H	 11.28  
 140 M	 1.55  
 141 H	 12.09  
 142 V	 4.08  
 143 F	 3.91  
 144 D	 49.94  
 145 R	 15.42  
 146 P	 28.58  
 147 Y	 15.25  
 148 L	 2.33  
 149 M	 4.31  
 150 A	 12.34  
 151 P	 21.23  
 152 P	 48.26  
 153 T	 47.57  
 154 P	 42.55  
 155 P	 33.02  
 156 P	 47.24  
 157 R	 43.44  
 158 I	 8.47  
 159 D	 41.67  
 160 V	 5.56  
 161 P	 27.73  
 162 G	 44.23  
 163 S	 28.34  
 164 G	 43.32  
 165 Q	 31.89  
 166 P	 37.09  
 167 A	 15.48  
 168 S	 30.79  
 169 Q	 35.66  
 170 R	 34.79  
 171 R	 27.42  
 172 Y	 15.53  
 173 R	 39.62  
 174 N	 33.66  
 175 W	 15.09  
 176 N	 31.68  
 177 P	 16.72  
 178 P	 36.68  
 179 L	 9.98  
 180 L	 5.59  
 181 G	 34.52  
 182 S	 36.38  
 183 L	 5.24  
 184 P	 40.60  
 185 D	 65.67  
 186 D	 42.41  
 187 F	 6.87  
 188 L	 4.24  
 189 R	 28.52  
 190 I	 7.77  
 191 L	 2.24  
 192 P	 21.71  
 193 Q	 48.03  
 194 Q	 35.39  
 195 M	 3.53  
 196 D	 37.95  
 197 S	 16.09  
 198 I	 5.05  
 199 Q	 48.36  
 200 G	 27.56  
 201 H	 11.06  
 202 P	 56.52  
 203 G	 47.54  
 204 G	 36.63  
 205 S	 39.23  
 206 K	 48.27  
 207 P	 24.70  
 208 M	 10.38  
 209 S	 42.07  
 210 G	 31.17  
 211 E	 54.38  
 212 G	 58.39  
 213 G	 27.52  
 214 P	 42.43  
 215 P	 40.74  
 216 P	 54.97  
 217 A	 27.70  
 218 P	 53.87  
 219 G	 27.07  
 220 P	 13.21  
 221 M	 7.80  
 222 A	 9.25  
 223 C	 3.82  
 224 D	 45.87  
 225 Q	 50.92  
 226 D	 27.24  
 227 S	 34.11  
 228 R	 53.56  
 229 W	 8.96  
 230 K	 28.14  
 231 Q	 40.87  
 232 Y	 14.34  
 233 L	 6.57  
 234 E	 53.55  
 235 D	 48.13  
 236 E	 36.29  
 237 R	 31.63  
 238 I	 3.53  
 239 A	 9.85  
 240 L	 4.02  
 241 F	 4.95  
 242 L	 5.78  
 243 Q	 48.21  
 244 N	 53.57  
 245 E	 39.38  
 246 E	 59.60  
 247 F	 7.46  
 248 M	 3.59  
 249 K	 61.67  
 250 E	 38.04  
 251 L	 4.90  
 252 Q	 41.51  
 253 R	 53.42  
 254 N	 34.61  
 255 R	 37.94  
 256 D	 41.94  
 257 F	 5.63  
 258 L	 2.99  
 259 L	 5.30  
 260 A	 14.99  
 261 L	 5.83  
 262 E	 47.10  
 263 R	 34.89  
 264 D	 51.38  
 265 R	 39.02  
 266 L	 8.97  
 267 K	 48.11  
 268 Y	 25.96  
 269 E	 45.14  
 270 S	 39.56  
 271 Q	 41.94  
 272 K	 69.95  
 273 S	 33.41  
 274 K	 50.16  
 275 S	 42.01  
 276 N	 33.91  
 277 Y	 11.74  
 278 A	 10.42  
 279 A	 10.21  
 280 V	 5.83  
 281 G	 23.06  
 282 N	 37.85  
 283 D	 53.30  
 284 G	 43.57  
 285 G	 33.87  
 286 F	 6.93  
 287 P	 29.03  
 288 S	 41.53  
 289 S	 32.35  
 290 V	 6.26  
 291 P	 42.14  
 292 G	 39.45  
 293 T	 19.81  
 294 S	 48.62  
 295 E	 53.06  
 296 T	 46.39  
 297 N	 26.62  
 298 P	 41.41  
 299 T	 38.44  
 300 V	 6.60  
 301 S	 32.03  
 302 E	 42.86  
 303 D	 40.85  
 304 A	 12.44  
 305 L	 5.83  
 306 F	 11.56  
 307 R	 40.79  
 308 D	 53.99  
 309 K	 56.00  
 310 L	 5.58  
 311 K	 36.97  
 312 H	 40.44  
 313 M	 7.46  
 314 G	 22.08  
 315 K	 40.87  
 316 S	 22.78  
 317 T	 37.67  
 318 R	 40.61  
 319 R	 39.87  
 320 K	 54.99  
 321 L	 3.70  
 322 F	 8.96  
 323 E	 52.54  
 324 L	 2.83  
 325 A	 8.11  
 326 R	 49.11  
 327 A	 13.50  
 328 F	 8.92  
 329 S	 36.88  
 330 E	 59.29  
 331 K	 52.85  
 332 T	 26.48  
 333 K	 48.01  
 334 M	 8.69  
 335 R	 41.47  
 336 K	 64.23  
 337 S	 39.07  
 338 K	 69.72  
 339 K	 53.14  
 340 K	 54.86  
 341 H	 57.13  
 342 L	 5.70  
 343 P	 34.72  
 344 K	 66.57  
 345 L	 3.85  
 346 Q	 42.61  
 347 S	 38.93  
 348 L	 3.31  
 349 G	 20.58  
 350 A	 12.73  
 351 A	 10.51  
 352 A	 13.59  
 353 S	 24.27  
 354 T	 18.16  
 355 A	 11.37  
 356 N	 41.02  
 357 L	 5.28  
 358 L	 5.47  
 359 D	 62.16  
 360 D	 40.09  
 361 V	 10.68  
 362 E	 52.86  
 363 G	 15.58  
 364 H	 16.19  
 365 A	 25.04  
 366 Y	 17.74  
 367 E	 52.45  
 368 E	 50.18  
 369 D	 26.97  
 370 F	 11.46  
 371 R	 50.45  
 372 G	 29.17  
 373 R	 32.62  
 374 R	 39.57  
 375 Q	 55.46  
 376 E	 60.00  
 377 V	 4.15  
 378 P	 33.93  
 379 K	 68.41  
 380 V	 7.04  
 381 E	 43.61  
 382 E	 56.86  
 383 A	 9.83  
 384 L	 6.07  
 385 R	 53.71  
 386 E	 63.90  
 387 G	 31.87  
 388 Q	 45.44  
