 1 M	 4.28  
 2 F	 11.53  
 3 R	 19.72  
 4 C	 2.23  
 5 R	 29.98  
 6 N	 36.61  
 7 M	 1.04  
 8 V	 8.75  
 9 R	 26.99  
 10 D	 46.15  
 11 N	 32.10  
 12 S	 30.87  
 13 R	 42.67  
 14 N	 34.89  
 15 I	 1.68  
 16 C	 4.14  
 17 F	 9.53  
 18 G	 21.47  
 19 K	 25.03  
 20 L	 5.50  
 21 A	 18.64  
 22 E	 58.06  
 23 T	 24.68  
 24 T	 21.25  
 25 T	 29.99  
 26 T	 23.45  
 27 Q	 36.67  
 28 Q	 40.74  
 29 Q	 32.98  
 30 Q	 38.42  
 31 Q	 38.42  
 32 Q	 34.40  
 33 Q	 34.05  
 34 Q	 28.85  
 35 F	 5.13  
 36 V	 3.98  
 37 V	 6.62  
 38 D	 31.41  
 39 S	 20.12  
 40 S	 21.11  
 41 T	 29.81  
 42 I	 3.24  
 43 I	 4.59  
 44 N	 41.13  
 45 N	 42.04  
 46 N	 48.39  
 47 N	 55.52  
 48 N	 55.52  
 49 N	 55.52  
 50 N	 55.52  
 51 N	 55.52  
 52 N	 55.52  
 53 N	 51.45  
 54 N	 55.20  
 55 N	 42.35  
 56 Q	 55.36  
 57 K	 59.09  
 58 L	 3.92  
 59 K	 51.87  
 60 R	 60.28  
 61 S	 38.29  
 62 T	 48.69  
 63 E	 70.52  
 64 E	 57.58  
 65 P	 34.48  
 66 P	 47.71  
 67 T	 54.96  
 68 N	 50.94  
 69 S	 30.84  
 70 F	 12.71  
 71 E	 39.58  
 72 R	 34.15  
 73 N	 32.30  
 74 Y	 16.99  
 75 Y	 11.51  
 76 D	 30.96  
 77 R	 24.63  
 78 T	 26.65  
 79 T	 16.85  
 80 S	 24.01  
 81 R	 30.96  
 82 L	 4.98  
 83 V	 2.81  
 84 T	 26.59  
 85 Q	 22.36  
 86 Y	 10.54  
 87 Q	 28.00  
 88 A	 16.55  
 89 N	 27.71  
 90 N	 50.08  
 91 S	 21.12  
 92 T	 29.86  
 93 S	 25.88  
 94 L	 5.46  
 95 A	 19.71  
 96 N	 47.20  
 97 S	 32.26  
 98 N	 46.44  
 99 S	 43.37  
 100 S	 32.81  
 101 P	 30.37  
 102 S	 45.37  
 103 S	 24.39  
 104 V	 6.95  
 105 S	 20.60  
 106 A	 13.63  
 107 S	 17.36  
 108 A	 14.94  
 109 S	 18.44  
 110 V	 3.65  
 111 F	 4.66  
 112 A	 8.32  
 113 T	 12.94  
 114 A	 10.73  
 115 A	 20.65  
 116 G	 33.77  
 117 G	 24.23  
 118 S	 28.27  
 119 S	 40.06  
 120 E	 57.27  
 121 R	 42.75  
 122 S	 29.83  
 123 R	 48.72  
 124 N	 51.99  
 125 R	 39.96  
 126 D	 60.50  
 127 R	 27.23  
 128 P	 36.40  
 129 Y	 20.01  
 130 R	 43.65  
 131 N	 42.82  
 132 G	 18.65  
 133 S	 22.41  
 134 A	 18.34  
 135 S	 19.37  
 136 V	 6.49  
 137 Q	 42.17  
 138 G	 33.85  
 139 G	 19.40  
 140 G	 23.80  
 141 I	 5.24  
 142 N	 42.53  
 143 S	 24.04  
 144 S	 33.44  
 145 N	 41.06  
 146 T	 27.71  
 147 T	 26.79  
 148 T	 21.80  
 149 T	 16.61  
 150 T	 15.34  
 151 A	 9.84  
 152 A	 6.79  
 153 C	 2.19  
 154 T	 24.50  
 155 A	 21.89  
 156 G	 16.79  
 157 G	 26.77  
 158 S	 28.94  
 159 G	 33.11  
 160 S	 27.09  
 161 G	 25.41  
 162 A	 9.95  
 163 I	 6.06  
 164 G	 19.98  
 165 T	 26.00  
 166 G	 19.70  
 167 T	 28.10  
 168 G	 28.87  
 169 G	 19.61  
 170 L	 4.11  
 171 V	 6.93  
 172 G	 31.74  
 173 S	 34.04  
 174 G	 20.95  
 175 P	 37.75  
 176 G	 53.94  
 177 G	 30.94  
 178 V	 3.83  
 179 P	 19.59  
 180 Q	 46.98  
 181 A	 13.87  
 182 L	 6.54  
 183 G	 31.16  
 184 D	 48.41  
 185 R	 30.61  
 186 S	 42.34  
 187 S	 34.60  
 188 T	 27.21  
 189 Q	 49.15  
 190 N	 33.52  
 191 I	 2.25  
 192 H	 29.91  
 193 Q	 45.35  
 194 N	 22.47  
 195 H	 19.19  
 196 Q	 46.46  
 197 S	 15.53  
 198 A	 11.91  
 199 R	 30.31  
 200 V	 10.56  
 201 A	 12.42  
 202 P	 25.30  
 203 P	 30.97  
 204 Q	 45.60  
 205 S	 37.08  
 206 W	 6.96  
 207 Y	 10.84  
 208 E	 26.10  
 209 A	 8.40  
 210 A	 5.94  
 211 T	 24.71  
 212 A	 9.70  
 213 A	 10.92  
 214 T	 21.87  
 215 T	 14.00  
 216 A	 14.35  
 217 Q	 47.53  
 218 L	 5.57  
 219 K	 30.41  
 220 S	 42.69  
 221 S	 45.65  
 222 G	 41.18  
 223 G	 34.04  
 224 S	 32.19  
 225 G	 31.14  
 226 N	 36.58  
 227 A	 20.60  
 228 G	 24.86  
 229 A	 8.12  
 230 S	 18.82  
 231 A	 12.96  
 232 A	 10.24  
 233 V	 6.92  
 234 G	 13.95  
 235 F	 4.10  
 236 T	 15.37  
 237 M	 3.23  
 238 S	 25.30  
 239 S	 29.34  
 240 S	 23.61  
 241 P	 33.09  
 242 I	 9.17  
 243 N	 30.69  
 244 H	 36.25  
 245 H	 19.63  
 246 P	 22.68  
 247 H	 33.94  
 248 Q	 57.15  
 249 H	 14.55  
 250 P	 24.26  
 251 H	 37.61  
 252 L	 6.57  
 253 Q	 57.43  
 254 N	 44.55  
 255 P	 22.39  
 256 Q	 71.00  
 257 H	 16.62  
 258 P	 19.55  
 259 H	 36.06  
 260 Y	 16.87  
 261 T	 21.50  
 262 S	 26.02  
 263 S	 17.57  
 264 P	 25.28  
 265 V	 7.19  
 266 V	 5.03  
 267 G	 25.18  
 268 A	 8.63  
 269 G	 24.69  
 270 S	 23.48  
 271 C	 2.78  
 272 P	 28.80  
 273 S	 40.33  
 274 A	 6.74  
 275 A	 20.55  
 276 Q	 51.26  
 277 G	 36.09  
 278 Q	 18.04  
 279 P	 39.81  
 280 Q	 38.17  
 281 I	 5.61  
 282 Q	 30.12  
 283 S	 33.17  
 284 Q	 24.15  
 285 S	 34.44  
 286 Q	 34.92  
 287 T	 23.21  
 288 T	 21.03  
 289 A	 9.86  
 290 V	 3.46  
 291 H	 17.52  
 292 R	 26.65  
 293 S	 9.02  
 294 V	 4.81  
 295 A	 6.95  
 296 Y	 14.89  
 297 A	 8.84  
 298 G	 12.73  
 299 S	 16.47  
 300 A	 17.62  
 301 A	 16.73  
 302 D	 46.97  
 303 D	 48.61  
 304 L	 4.01  
 305 L	 7.42  
 306 N	 34.66  
 307 T	 31.14  
 308 A	 11.51  
 309 T	 26.61  
 310 S	 21.13  
 311 R	 28.37  
 312 N	 25.81  
 313 M	 4.02  
 314 L	 4.43  
 315 L	 2.27  
 316 H	 26.51  
 317 S	 29.19  
 318 S	 30.34  
 319 K	 60.12  
 320 L	 8.05  
 321 N	 36.34  
 322 K	 66.68  
 323 L	 6.09  
 324 L	 5.26  
 325 K	 58.09  
 326 G	 29.25  
 327 A	 11.67  
 328 G	 32.13  
 329 A	 14.30  
 330 T	 30.84  
 331 G	 24.61  
 332 S	 38.99  
 333 G	 43.24  
 334 G	 28.92  
 335 E	 47.39  
 336 R	 49.98  
 337 S	 42.22  
 338 G	 41.47  
 339 S	 35.83  
 340 E	 65.56  
 341 S	 34.06  
 342 P	 32.03  
 343 G	 41.15  
 344 R	 33.18  
 345 A	 27.04  
 346 G	 25.55  
 347 G	 25.87  
 348 A	 12.72  
 349 T	 23.31  
 350 P	 27.46  
 351 L	 6.04  
 352 T	 29.27  
 353 T	 26.82  
 354 T	 20.73  
 355 S	 18.73  
 356 T	 29.72  
 357 I	 3.77  
 358 T	 28.56  
 359 N	 37.99  
 360 N	 35.46  
 361 S	 28.68  
 362 F	 11.45  
 363 S	 28.56  
 364 S	 28.55  
 365 N	 49.68  
 366 S	 34.13  
 367 L	 7.20  
 368 N	 43.34  
 369 N	 37.84  
 370 T	 20.73  
 371 I	 3.33  
 372 T	 14.35  
 373 T	 25.36  
 374 A	 11.70  
 375 T	 19.73  
 376 P	 25.00  
 377 T	 31.28  
 378 M	 2.65  
 379 P	 24.11  
 380 T	 20.53  
 381 I	 2.06  
 382 A	 12.37  
 383 S	 25.72  
 384 G	 15.49  
 385 A	 13.22  
 386 A	 17.83  
 387 G	 23.48  
 388 S	 14.32  
 389 V	 7.79  
 390 G	 26.47  
 391 L	 4.65  
 392 G	 20.36  
 393 S	 39.61  
 394 G	 26.15  
 395 A	 12.74  
 396 E	 49.86  
 397 A	 18.38  
 398 G	 16.69  
 399 V	 4.11  
 400 C	 2.89  
 401 S	 31.46  
 402 N	 39.05  
 403 S	 22.64  
 404 G	 29.56  
 405 T	 19.92  
 406 A	 18.29  
 407 S	 36.51  
 408 G	 24.42  
 409 D	 39.44  
 410 I	 3.26  
 411 L	 5.12  
 412 N	 23.01  
 413 V	 3.03  
 414 A	 7.26  
 415 A	 7.80  
 416 V	 2.42  
 417 L	 2.00  
 418 A	 6.18  
 419 A	 12.12  
 420 A	 12.00  
 421 V	 5.14  
 422 D	 41.25  
 423 N	 46.92  
 424 G	 23.47  
 425 V	 6.57  
 426 P	 26.79  
 427 T	 37.57  
 428 H	 15.10  
 429 P	 21.89  
 430 I	 5.65  
 431 R	 30.11  
 432 T	 36.68  
 433 R	 13.57  
 434 H	 40.36  
 435 N	 30.37  
 436 L	 3.56  
 437 H	 34.63  
 438 G	 28.53  
 439 R	 21.78  
 440 S	 40.40  
 441 T	 29.36  
 442 T	 28.05  
 443 S	 26.80  
 444 S	 27.90  
 445 S	 37.25  
 446 R	 40.09  
 447 S	 27.97  
 448 H	 26.56  
 449 S	 35.38  
 450 R	 47.35  
 451 S	 31.95  
 452 P	 26.61  
 453 S	 43.06  
 454 S	 32.20  
 455 Y	 19.53  
 456 S	 27.58  
 457 S	 24.68  
 458 S	 22.81  
 459 H	 33.38  
 460 S	 33.59  
 461 S	 28.90  
 462 S	 36.94  
 463 S	 37.50  
 464 S	 33.74  
 465 S	 29.36  
 466 H	 33.38  
 467 S	 35.17  
 468 S	 27.01  
 469 S	 31.83  
 470 H	 26.08  
 471 S	 23.77  
 472 H	 24.98  
 473 A	 18.08  
 474 S	 29.74  
 475 S	 29.85  
 476 P	 26.18  
 477 V	 10.48  
 478 Q	 34.95  
 479 S	 40.21  
 480 S	 19.55  
 481 G	 38.18  
 482 N	 16.60  
 483 C	 2.90  
 484 A	 12.29  
 485 M	 3.67  
 486 A	 9.51  
 487 E	 41.89  
 488 G	 25.82  
 489 R	 23.98  
 490 S	 34.72  
 491 S	 30.52  
 492 R	 43.89  
 493 T	 26.45  
 494 V	 4.96  
 495 N	 30.10  
 496 S	 18.15  
 497 V	 4.15  
 498 T	 20.21  
 499 V	 5.32  
 500 T	 16.90  
 501 S	 30.31  
 502 N	 39.84  
 503 S	 31.12  
 504 S	 57.94  
 505 N	 34.28  
 506 P	 35.76  
 507 S	 53.69  
 508 G	 20.96  
 509 T	 23.45  
 510 A	 9.86  
 511 V	 5.65  
 512 T	 16.53  
 513 V	 3.23  
 514 S	 12.71  
 515 S	 25.38  
 516 A	 14.80  
 517 G	 22.13  
 518 V	 6.87  
 519 G	 26.34  
 520 G	 26.30  
 521 G	 13.49  
 522 C	 5.59  
 523 G	 33.56  
 524 S	 30.99  
 525 S	 21.37  
 526 S	 35.62  
 527 S	 35.87  
 528 S	 35.87  
 529 S	 35.87  
 530 S	 35.87  
 531 S	 35.87  
 532 S	 35.87  
 533 S	 30.39  
 534 S	 40.44  
 535 S	 44.64  
 536 G	 26.06  
 537 S	 21.59  
 538 S	 19.37  
 539 C	 4.13  
 540 L	 5.68  
 541 T	 28.81  
 542 A	 12.84  
 543 N	 25.35  
 544 P	 27.35  
 545 V	 6.41  
 546 V	 4.30  
 547 H	 26.21  
 548 S	 34.73  
 549 E	 44.41  
 550 D	 60.50  
 551 N	 43.34  
 552 R	 39.67  
 553 P	 32.19  
 554 L	 5.82  
 555 A	 7.10  
 556 I	 5.72  
 557 R	 18.74  
 558 V	 3.78  
 559 R	 29.17  
 560 N	 47.74  
 561 L	 2.16  
 562 P	 29.22  
 563 A	 27.44  
 564 R	 34.45  
 565 S	 34.37  
 566 S	 39.08  
 567 D	 41.37  
 568 T	 37.60  
 569 S	 38.11  
 570 L	 6.78  
 571 K	 49.90  
 572 D	 65.41  
 573 G	 28.76  
 574 L	 5.93  
 575 F	 5.14  
 576 H	 42.38  
 577 E	 52.28  
 578 Y	 19.43  
 579 K	 35.00  
 580 K	 57.60  
 581 H	 36.84  
 582 G	 34.70  
 583 K	 35.89  
 584 V	 6.36  
 585 T	 28.20  
 586 W	 7.30  
 587 V	 2.17  
 588 K	 23.82  
 589 V	 4.18  
 590 V	 5.60  
 591 G	 24.76  
 592 Q	 38.37  
 593 N	 39.65  
 594 S	 18.63  
 595 E	 58.21  
 596 R	 23.11  
 597 Y	 10.55  
 598 A	 10.35  
 599 L	 2.27  
 600 V	 2.47  
 601 C	 4.26  
 602 F	 9.94  
 603 K	 59.26  
 604 K	 33.17  
 605 P	 43.56  
 606 D	 79.89  
 607 D	 60.03  
 608 V	 12.09  
 609 E	 39.34  
 610 K	 59.11  
 611 A	 8.75  
 612 L	 11.20  
 613 E	 47.00  
 614 V	 6.83  
 615 S	 19.32  
 616 H	 54.00  
 617 D	 38.32  
 618 K	 36.57  
 619 H	 29.35  
 620 F	 7.49  
 621 F	 12.88  
 622 G	 15.74  
 623 C	 3.20  
 624 K	 42.13  
 625 I	 9.25  
 626 E	 26.73  
 627 V	 11.62  
 628 E	 26.04  
 629 P	 31.74  
 630 Y	 10.89  
 631 Q	 55.47  
 632 G	 18.11  
 633 Y	 10.99  
 634 D	 44.12  
 635 V	 8.19  
 636 E	 52.82  
 637 D	 60.86  
 638 N	 36.48  
 639 E	 56.19  
 640 F	 13.79  
 641 R	 27.06  
 642 P	 36.32  
 643 Y	 24.42  
 644 E	 38.05  
 645 A	 19.46  
 646 E	 44.83  
 647 L	 8.59  
 648 D	 46.01  
 649 E	 59.37  
 650 Y	 24.08  
 651 H	 22.67  
 652 P	 31.24  
 653 K	 51.66  
 654 S	 27.80  
 655 T	 33.52  
 656 R	 36.20  
 657 T	 26.55  
 658 L	 2.37  
 659 F	 7.12  
 660 I	 3.93  
 661 G	 25.90  
 662 N	 39.96  
 663 L	 7.94  
 664 E	 53.32  
 665 K	 58.56  
 666 D	 33.81  
 667 I	 4.16  
 668 T	 38.45  
 669 A	 15.14  
 670 G	 26.31  
 671 E	 38.25  
 672 L	 7.14  
 673 R	 24.63  
 674 S	 45.19  
 675 H	 20.38  
 676 F	 8.37  
 677 E	 37.35  
 678 A	 19.46  
 679 F	 7.69  
 680 G	 32.04  
 681 E	 34.05  
 682 I	 3.33  
 683 I	 3.10  
 684 E	 40.03  
 685 I	 4.71  
 686 D	 33.59  
 687 I	 8.04  
 688 K	 34.98  
 689 K	 50.35  
 690 Q	 57.51  
 691 G	 29.76  
 692 L	 2.84  
 693 N	 37.42  
 694 A	 11.32  
 695 Y	 10.11  
 696 A	 9.05  
 697 F	 1.41  
 698 C	 2.56  
 699 Q	 34.02  
 700 Y	 14.97  
 701 S	 8.59  
 702 D	 40.13  
 703 I	 1.73  
 704 V	 4.22  
 705 S	 22.87  
 706 V	 3.38  
 707 V	 2.26  
 708 K	 34.02  
 709 A	 7.45  
 710 M	 3.33  
 711 R	 35.69  
 712 K	 28.40  
 713 M	 5.89  
 714 D	 63.46  
 715 G	 22.26  
 716 E	 31.51  
 717 H	 40.81  
 718 L	 7.57  
 719 G	 25.45  
 720 S	 29.33  
 721 N	 48.15  
 722 R	 29.17  
 723 I	 5.16  
 724 K	 39.04  
 725 L	 6.81  
 726 G	 25.02  
 727 F	 18.89  
 728 G	 21.23  
 729 K	 41.12  
 730 S	 30.30  
 731 M	 5.59  
 732 P	 27.79  
 733 T	 32.39  
 734 N	 16.69  
 735 C	 2.70  
 736 V	 5.64  
 737 W	 5.78  
 738 I	 1.32  
 739 D	 35.04  
 740 G	 21.46  
 741 V	 8.35  
 742 D	 56.37  
 743 E	 53.61  
 744 K	 46.74  
 745 V	 7.84  
 746 S	 38.29  
 747 E	 48.80  
 748 S	 24.61  
 749 F	 6.72  
 750 L	 7.15  
 751 Q	 32.93  
 752 S	 29.43  
 753 Q	 30.67  
 754 F	 6.83  
 755 T	 19.90  
 756 R	 29.32  
 757 F	 7.18  
 758 G	 18.82  
 759 A	 11.77  
 760 V	 5.64  
 761 T	 25.79  
 762 K	 27.64  
 763 V	 4.41  
 764 S	 21.96  
 765 I	 6.89  
 766 D	 34.00  
 767 R	 38.26  
 768 N	 32.10  
 769 R	 33.51  
 770 Q	 34.34  
 771 L	 3.43  
 772 A	 6.31  
 773 L	 3.57  
 774 V	 3.76  
 775 L	 3.97  
 776 Y	 9.24  
 777 D	 37.70  
 778 Q	 25.74  
 779 V	 4.29  
 780 Q	 33.63  
 781 N	 34.85  
 782 A	 5.36  
 783 Q	 37.09  
 784 A	 16.29  
 785 A	 9.23  
 786 V	 6.39  
 787 K	 40.87  
 788 D	 25.97  
 789 M	 3.36  
 790 R	 49.60  
 791 G	 15.52  
 792 T	 13.38  
 793 I	 2.91  
 794 L	 4.32  
 795 R	 44.51  
 796 R	 36.70  
 797 K	 51.94  
 798 K	 42.19  
 799 L	 7.23  
 800 Q	 41.43  
 801 V	 10.68  
 802 D	 22.04  
 803 F	 7.55  
 804 A	 11.83  
 805 S	 28.71  
 806 R	 45.33  
 807 E	 33.75  
 808 C	 4.27  
 809 Q	 40.07  
 810 D	 50.75  
 811 A	 4.49  
 812 F	 12.48  
 813 Y	 24.77  
 814 D	 39.44  
 815 K	 49.31  
 816 Q	 61.29  
 817 E	 59.58  
 818 K	 51.41  
 819 Q	 45.63  
 820 Q	 55.11  
 821 Q	 42.50  
 822 Q	 34.92  
 823 S	 32.12  
 824 S	 41.73  
 825 G	 36.37  
 826 S	 45.68  
 827 N	 34.98  
 828 P	 40.15  
 829 R	 46.56  
 830 F	 5.27  
 831 S	 34.92  
 832 R	 36.20  
 833 Y	 20.97  
 834 E	 36.79  
 835 S	 23.44  
 836 S	 21.89  
 837 A	 16.65  
 838 S	 33.26  
 839 S	 30.09  
 840 L	 5.06  
 841 Q	 38.45  
 842 S	 37.20  
 843 R	 19.73  
 844 S	 37.13  
 845 R	 37.06  
 846 A	 15.69  
 847 S	 30.70  
 848 S	 26.68  
 849 F	 7.43  
 850 S	 30.70  
 851 R	 33.14  
 852 H	 33.26  
 853 Q	 50.09  
 854 N	 48.01  
 855 N	 35.30  
 856 S	 49.54  
 857 N	 51.79  
 858 D	 59.10  
 859 D	 38.76  
 860 C	 6.09  
 861 S	 35.49  
 862 P	 30.13  
 863 I	 5.28  
 864 N	 43.54  
 865 T	 24.83  
 866 P	 34.43  
 867 G	 42.11  
 868 G	 24.40  
 869 A	 13.36  
 870 S	 32.16  
 871 S	 39.34  
 872 G	 22.69  
 873 I	 2.96  
 874 S	 24.31  
 875 S	 33.52  
 876 A	 8.82  
 877 S	 33.83  
 878 N	 44.66  
 879 L	 3.44  
 880 I	 5.29  
 881 N	 32.68  
 882 Q	 40.88  
 883 S	 21.45  
 884 T	 24.70  
 885 S	 20.91  
 886 I	 5.56  
 887 N	 31.25  
 888 I	 2.96  
 889 S	 20.22  
 890 N	 32.67  
 891 I	 6.01  
 892 G	 19.71  
 893 T	 18.82  
 894 N	 33.46  
 895 A	 6.62  
 896 C	 2.64  
 897 S	 25.78  
 898 A	 14.09  
 899 M	 1.35  
 900 P	 40.51  
 901 A	 8.01  
 902 P	 24.81  
 903 S	 38.38  
 904 L	 4.20  
 905 A	 10.36  
 906 S	 27.21  
 907 A	 10.50  
 908 V	 2.78  
 909 V	 5.59  
 910 S	 8.06  
 911 C	 4.44  
 912 N	 23.67  
 913 V	 8.10  
 914 N	 17.88  
 915 A	 12.68  
 916 S	 29.78  
 917 G	 28.46  
 918 T	 22.33  
 919 V	 4.20  
 920 P	 21.96  
 921 A	 22.54  
 922 S	 18.23  
 923 T	 31.02  
 924 S	 26.63  
 925 M	 2.87  
 926 P	 27.91  
 927 S	 43.09  
 928 G	 19.91  
 929 V	 6.18  
 930 S	 28.20  
 931 S	 31.65  
 932 S	 27.08  
 933 S	 26.37  
 934 S	 37.53  
 935 S	 38.14  
 936 L	 4.45  
 937 P	 24.13  
 938 M	 10.20  
 939 S	 14.94  
 940 P	 18.46  
 941 A	 14.06  
 942 A	 13.55  
 943 L	 4.54  
 944 A	 10.30  
 945 Q	 42.43  
 946 R	 17.48  
 947 H	 15.31  
 948 R	 27.72  
 949 M	 2.44  
 950 V	 4.27  
 951 R	 23.03  
 952 N	 28.23  
 953 A	 8.39  
 954 R	 35.93  
 955 Q	 43.39  
 956 T	 16.86  
 957 V	 5.36  
 958 D	 29.65  
 959 C	 5.82  
 960 D	 44.96  
 961 F	 12.04  
 962 N	 29.77  
 963 E	 46.47  
 964 V	 5.92  
 965 G	 19.41  
 966 R	 28.06  
 967 L	 5.09  
 968 R	 24.46  
 969 F	 11.99  
 970 R	 32.60  
 971 S	 39.11  
 972 S	 33.26  
 973 E	 64.76  
 974 E	 43.88  
 975 V	 5.90  
 976 S	 34.49  
 977 G	 34.84  
 978 G	 23.86  
 979 A	 19.95  
 980 G	 31.71  
 981 N	 41.15  
 982 S	 23.75  
 983 T	 41.08  
 984 Q	 39.28  
 985 F	 9.79  
 986 E	 45.86  
 987 D	 34.15  
 988 V	 5.30  
 989 R	 30.74  
 990 C	 6.45  
 991 D	 45.47  
 992 S	 25.54  
 993 P	 17.77  
 994 V	 8.28  
 995 T	 21.36  
 996 A	 11.31  
 997 R	 31.84  
 998 Q	 47.96  
 999 G	 16.42  
 1000 S	 22.24  
 1001 A	 11.90  
 1002 V	 7.40  
 1003 N	 18.20  
 1004 C	 2.31  
 1005 F	 8.15  
 1006 T	 44.44  
 1007 G	 9.41  
 1008 P	 18.79  
 1009 T	 28.70  
 1010 A	 11.86  
 1011 A	 16.60  
 1012 V	 8.95  
 1013 G	 20.43  
 1014 E	 37.61  
 1015 S	 21.76  
 1016 I	 5.01  
 1017 D	 53.99  
 1018 G	 30.36  
 1019 T	 23.67  
 1020 L	 8.69  
 1021 N	 45.29  
 1022 N	 44.91  
 1023 N	 33.29  
 1024 Q	 36.42  
 1025 I	 4.14  
 1026 T	 21.57  
 1027 G	 34.64  
 1028 G	 16.29  
 1029 A	 18.32  
 1030 E	 59.10  
 1031 G	 25.53  
 1032 F	 5.42  
 1033 T	 41.09  
 1034 G	 23.25  
 1035 S	 36.60  
 1036 G	 34.90  
 1037 G	 17.14  
 1038 S	 24.71  
 1039 I	 4.59  
 1040 L	 3.31  
 1041 S	 23.28  
 1042 R	 26.98  
 1043 R	 34.56  
 1044 R	 32.22  
 1045 C	 6.59  
 1046 G	 34.75  
 1047 K	 66.34  
 1048 T	 22.36  
 1049 P	 31.48  
 1050 K	 77.48  
 1051 D	 51.95  
 1052 L	 6.50  
 1053 H	 32.25  
 1054 P	 36.04  
 1055 V	 4.63  
 1056 H	 29.20  
 1057 N	 32.81  
 1058 Q	 29.04  
 1059 R	 24.76  
 1060 I	 2.57  
 1061 Q	 36.49  
 1062 L	 5.43  
 1063 A	 6.71  
 1064 E	 64.85  
 1065 Q	 42.17  
 1066 V	 5.14  
 1067 E	 54.28  
 1068 E	 53.52  
 1069 C	 2.21  
 1070 P	 34.51  
 1071 S	 59.62  
 1072 S	 35.09  
 1073 G	 41.13  
 1074 D	 51.96  
 1075 E	 58.37  
 1076 G	 29.84  
 1077 V	 3.47  
 1078 V	 10.82  
 1079 S	 19.31  
 1080 P	 33.91  
 1081 R	 33.12  
 1082 K	 62.96  
 1083 R	 34.73  
 1084 I	 4.93  
 1085 K	 29.74  
 1086 M	 6.02  
 1087 D	 34.31  
 1088 Y	 10.27  
 1089 H	 15.00  
 1090 H	 18.75  
 1091 H	 14.52  
 1092 H	 18.92  
 1093 H	 23.01  
 1094 H	 20.56  
 1095 S	 29.72  
 1096 N	 33.49  
 1097 A	 15.63  
 1098 S	 47.85  
 1099 G	 25.46  
 1100 V	 4.94  
 1101 E	 46.22  
 1102 S	 39.03  
 1103 T	 32.84  
 1104 G	 39.64  
 1105 E	 40.46  
 1106 H	 28.34  
 1107 S	 28.72  
 1108 S	 31.89  
 1109 I	 9.59  
 1110 N	 52.73  
 1111 K	 45.24  
 1112 P	 36.37  
 1113 S	 29.77  
 1114 P	 35.24  
 1115 L	 9.85  
 1116 L	 5.83  
 1117 L	 4.56  
 1118 S	 35.07  
 1119 N	 26.44  
 1120 C	 3.87  
 1121 D	 46.81  
 1122 V	 4.57  
 1123 I	 1.62  
 1124 H	 30.40  
 1125 D	 37.95  
 1126 P	 19.85  
 1127 L	 13.92  
 1128 N	 55.51  
 1129 R	 52.11  
 1130 K	 51.90  
 1131 S	 34.71  
 1132 E	 43.48  
 1133 I	 4.38  
 1134 R	 28.97  
 1135 R	 41.81  
 1136 V	 4.33  
 1137 S	 33.66  
 1138 E	 62.98  
 1139 T	 18.43  
 1140 P	 32.42  
 1141 S	 60.36  
 1142 G	 44.79  
 1143 S	 21.58  
 1144 P	 43.53  
 1145 S	 39.86  
 1146 I	 6.39  
 1147 K	 50.25  
 1148 F	 9.26  
 1149 P	 25.05  
 1150 G	 37.79  
 1151 H	 34.50  
 1152 L	 4.43  
 1153 P	 23.83  
 1154 S	 59.96  
 1155 A	 12.29  
 1156 P	 28.73  
 1157 Q	 49.25  
 1158 S	 18.06  
 1159 L	 3.18  
 1160 M	 2.91  
 1161 L	 5.47  
 1162 S	 7.51  
 1163 C	 3.63  
 1164 R	 50.60  
 1165 R	 33.38  
 1166 P	 19.11  
 1167 S	 29.61  
 1168 I	 5.72  
 1169 D	 36.82  
 1170 V	 4.62  
 1171 G	 19.63  
 1172 A	 9.74  
 1173 L	 2.24  
 1174 S	 26.99  
 1175 A	 16.59  
 1176 L	 4.60  
 1177 S	 28.08  
 1178 S	 29.21  
 1179 S	 23.47  
 1180 S	 33.12  
 1181 A	 13.87  
 1182 F	 6.82  
 1183 R	 27.17  
 1184 H	 24.71  
 1185 G	 16.42  
 1186 I	 1.79  
 1187 V	 6.57  
 1188 G	 20.16  
 1189 A	 6.37  
 1190 S	 21.92  
 1191 S	 26.33  
 1192 M	 5.09  
 1193 D	 47.11  
 1194 Q	 26.83  
 1195 Q	 23.37  
 1196 H	 16.30  
 1197 M	 1.60  
 1198 M	 3.39  
 1199 N	 24.14  
 1200 A	 5.22  
 1201 S	 17.28  
 1202 A	 14.72  
 1203 A	 15.83  
 1204 A	 12.95  
 1205 K	 41.53  
 1206 R	 27.23  
 1207 R	 36.39  
 1208 R	 33.88  
 1209 V	 5.45  
 1210 T	 18.10  
 1211 T	 19.88  
 1212 T	 12.01  
 1213 M	 3.07  
 1214 Q	 50.36  
 1215 Q	 29.08  
 1216 P	 21.20  
 1217 S	 38.22  
 1218 S	 34.68  
 1219 S	 35.72  
 1220 S	 40.99  
 1221 T	 31.76  
 1222 T	 34.74  
 1223 N	 39.73  
 1224 S	 24.64  
 1225 S	 40.57  
 1226 S	 36.48  
 1227 G	 27.90  
 1228 S	 32.56  
 1229 G	 31.69  
 1230 L	 6.43  
 1231 G	 34.61  
 1232 G	 22.96  
 1233 I	 2.10  
 1234 S	 23.67  
 1235 S	 34.05  
 1236 L	 5.48  
 1237 T	 20.55  
 1238 P	 42.90  
 1239 A	 19.61  
 1240 D	 59.18  
 1241 E	 49.20  
 1242 Y	 13.65  
 1243 H	 11.52  
 1244 H	 23.34  
 1245 H	 13.11  
 1246 V	 3.47  
 1247 S	 25.35  
 1248 R	 37.43  
 1249 G	 32.20  
 1250 R	 38.01  
 1251 G	 18.73  
 1252 H	 26.18  
 1253 Q	 43.63  
 1254 L	 3.57  
 1255 H	 20.65  
 1256 S	 31.33  
 1257 H	 18.74  
 1258 H	 33.59  
 1259 S	 20.00  
 1260 H	 30.22  
 1261 E	 47.77  
 1262 A	 14.19  
 1263 S	 44.33  
 1264 G	 51.43  
 1265 G	 24.16  
 1266 E	 46.40  
 1267 S	 34.63  
 1268 A	 22.38  
 1269 D	 65.95  
 1270 G	 25.85  
 1271 S	 35.53  
 1272 R	 38.92  
 1273 P	 53.35  
 1274 G	 38.56  
 1275 T	 18.77  
 1276 P	 36.59  
 1277 L	 6.04  
 1278 C	 5.56  
 1279 D	 63.72  
 1280 E	 69.96  
 1281 R	 21.30  
 1282 P	 33.72  
 1283 E	 64.01  
 1284 V	 9.57  
 1285 L	 4.07  
 1286 P	 39.63  
 1287 T	 55.23  
 1288 E	 34.57  
 1289 P	 29.21  
 1290 R	 46.68  
 1291 R	 63.36  
 1292 L	 8.67  
 1293 P	 34.73  
 1294 P	 45.21  
 1295 P	 49.15  
 1296 R	 50.56  
 1297 E	 62.39  
 1298 R	 33.79  
 1299 V	 6.80  
 1300 R	 33.62  
 1301 E	 56.39  
 1302 R	 25.21  
 1303 T	 26.86  
 1304 R	 40.52  
 1305 D	 33.73  
 1306 V	 2.40  
 1307 M	 3.40  
 1308 W	 8.48  
 1309 L	 1.36  
 1310 P	 30.98  
 1311 L	 7.25  
 1312 P	 28.17  
 1313 K	 63.53  
 1314 F	 8.48  
 1315 G	 22.73  
 1316 V	 4.79  
 1317 L	 3.49  
 1318 F	 4.89  
 1319 F	 5.84  
 1320 Q	 32.60  
 1321 Q	 37.82  
 1322 Q	 32.22  
 1323 Q	 36.15  
 1324 S	 29.77  
 1325 R	 30.42  
 1326 S	 38.28  
 1327 S	 40.11  
 1328 G	 39.76  
 1329 G	 33.05  
 1330 G	 26.71  
 1331 G	 33.32  
 1332 A	 19.78  
 1333 G	 27.22  
 1334 N	 27.26  
 1335 S	 26.71  
 1336 Y	 16.72  
 1337 L	 3.58  
 1338 Q	 22.27  
 1339 Q	 37.56  
 1340 Q	 29.16  
 1341 L	 6.30  
 1342 G	 33.79  
 1343 G	 35.16  
 1344 G	 21.89  
 1345 S	 27.44  
 1346 T	 38.25  
 1347 G	 30.90  
 1348 G	 20.98  
 1349 L	 5.52  
 1350 G	 12.31  
 1351 C	 2.89  
 1352 I	 3.90  
 1353 G	 21.11  
 1354 A	 5.57  
 1355 A	 12.53  
 1356 S	 25.04  
 1357 S	 19.75  
 1358 S	 30.69  
 1359 A	 6.72  
 1360 C	 5.26  
 1361 S	 33.57  
 1362 L	 7.66  
 1363 N	 30.00  
 1364 N	 37.96  
 1365 S	 34.82  
 1366 S	 27.97  
 1367 L	 6.61  
 1368 N	 39.22  
 1369 A	 14.44  
 1370 S	 26.62  
 1371 Q	 43.40  
 1372 G	 21.66  
 1373 M	 2.50  
 1374 G	 32.12  
 1375 S	 9.02  
 1376 C	 4.41  
 1377 S	 37.16  
 1378 G	 34.72  
 1379 S	 10.33  
 1380 T	 32.49  
 1381 F	 11.49  
 1382 L	 4.09  
 1383 P	 39.75  
 1384 S	 39.29  
 1385 P	 34.09  
 1386 S	 31.61  
 1387 S	 32.54  
 1388 R	 39.09  
 1389 Y	 13.71  
 1390 W	 7.80  
 1391 R	 20.09  
 1392 S	 23.26  
 1393 S	 25.72  
 1394 S	 26.66  
 1395 H	 28.62  
 1396 H	 30.18  
 1397 Q	 43.96  
 1398 N	 40.84  
 1399 Q	 40.59  
 1400 Q	 61.31  
 1401 N	 37.88  
 1402 N	 29.97  
 1403 H	 34.08  
 1404 Q	 45.17  
 1405 Q	 37.02  
 1406 Q	 36.32  
 1407 S	 18.63  
 1408 Q	 45.58  
 1409 Q	 40.45  
 1410 L	 3.71  
 1411 H	 29.74  
 1412 G	 37.50  
 1413 S	 19.12  
 1414 S	 42.23  
 1415 S	 29.33  
 1416 S	 37.80  
 1417 N	 36.44  
 1418 T	 14.68  
 1419 C	 2.60  
 1420 L	 2.78  
 1421 M	 3.64  
 1422 A	 10.22  
 1423 S	 12.72  
 1424 P	 23.81  
 1425 A	 31.45  
 1426 R	 30.46  
 1427 P	 32.11  
 1428 R	 44.68  
 1429 S	 34.97  
 1430 L	 7.41  
 1431 S	 28.81  
 1432 S	 46.13  
 1433 N	 42.00  
 1434 S	 37.15  
 1435 S	 45.44  
 1436 D	 48.99  
 1437 S	 42.32  
 1438 D	 56.47  
 1439 V	 7.12  
 1440 P	 43.58  
 1441 G	 32.97  
 1442 Q	 30.45  
 1443 N	 46.60  
 1444 A	 18.81  
 1445 G	 44.66  
 1446 G	 33.69  
 1447 S	 15.48  
 1448 P	 42.03  
 1449 S	 50.58  
 1450 L	 10.08  
 1451 D	 43.22  
 1452 E	 59.93  
 1453 R	 38.32  
 1454 L	 5.03  
 1455 R	 52.60  
 1456 N	 53.96  
 1457 F	 11.43  
 1458 E	 49.21  
 1459 E	 62.06  
 1460 N	 36.45  
 1461 Y	 15.34  
 1462 E	 60.29  
 1463 R	 23.62  
 1464 W	 6.87  
 1465 S	 39.23  
 1466 G	 32.80  
 1467 G	 19.55  
 1468 S	 29.73  
 1469 S	 44.99  
 1470 R	 41.01  
 1471 E	 47.74  
 1472 H	 20.57  
 1473 I	 4.52  
 1474 S	 26.82  
 1475 G	 28.25  
 1476 H	 28.02  
 1477 T	 28.52  
 1478 P	 22.17  
 1479 S	 33.49  
 1480 S	 37.05  
 1481 A	 28.06  
 1482 T	 21.58  
 1483 P	 33.03  
 1484 S	 24.09  
 1485 W	 12.34  
 1486 Q	 28.18  
 1487 L	 3.90  
 1488 S	 7.49  
 1489 M	 4.77  
 1490 H	 9.90  
 1491 M	 3.96  
 1492 N	 19.03  
 1493 L	 3.63  
 1494 S	 18.54  
 1495 T	 49.18  
 1496 G	 21.34  
 1497 L	 6.35  
 1498 N	 38.50  
 1499 S	 23.24  
 1500 H	 33.59  
 1501 Q	 42.79  
 1502 T	 21.16  
 1503 S	 19.82  
 1504 S	 29.82  
 1505 A	 22.64  
 1506 S	 40.22  
 1507 G	 41.10  
 1508 N	 35.21  
 1509 S	 41.43  
 1510 N	 50.33  
 1511 S	 26.21  
 1512 S	 36.72  
 1513 S	 38.00  
 1514 G	 31.89  
 1515 T	 21.11  
 1516 V	 6.28  
 1517 S	 20.57  
 1518 S	 26.11  
 1519 S	 28.36  
 1520 A	 18.06  
 1521 S	 36.97  
 1522 N	 42.66  
 1523 S	 33.01  
 1524 R	 41.06  
 1525 H	 25.66  
 1526 K	 46.65  
 1527 F	 6.39  
 1528 L	 7.23  
 1529 D	 49.80  
 1530 I	 4.89  
 1531 D	 50.66  
 1532 E	 50.03  
 1533 L	 8.88  
 1534 Q	 33.14  
 1535 P	 46.74  
 1536 S	 27.32  
 1537 D	 57.28  
 1538 I	 5.02  
 1539 V	 4.54  
 1540 K	 34.87  
 1541 S	 16.09  
 1542 V	 5.09  
 1543 L	 8.15  
 1544 A	 18.31  
 1545 K	 41.23  
 1546 K	 46.36  
 1547 S	 27.58  
 1548 V	 9.29  
 1549 F	 12.60  
 1550 D	 53.03  
 1551 D	 47.35  
 1552 D	 43.34  
 1553 F	 6.15  
 1554 Q	 56.81  
 1555 R	 39.98  
 1556 L	 8.12  
 1557 N	 43.34  
 1558 K	 55.92  
 1559 N	 36.22  
 1560 Q	 41.54  
 1561 W	 14.64  
 1562 Y	 14.28  
 1563 D	 33.38  
 1564 P	 22.03  
 1565 S	 39.31  
 1566 S	 39.04  
 1567 S	 40.88  
 1568 D	 34.48  
 1569 F	 6.98  
 1570 A	 18.92  
 1571 L	 7.45  
 1572 G	 23.27  
 1573 S	 31.29  
 1574 S	 26.13  
 1575 S	 32.07  
 1576 N	 34.40  
 1577 I	 2.95  
 1578 V	 6.08  
 1579 T	 27.78  
 1580 G	 12.35  
 1581 S	 15.90  
 1582 S	 28.36  
 1583 L	 4.52  
 1584 V	 3.83  
 1585 A	 18.92  
 1586 N	 25.47  
 1587 V	 3.71  
 1588 S	 25.36  
 1589 R	 35.42  
 1590 H	 20.18  
 1591 P	 48.61  
 1592 G	 46.69  
 1593 G	 25.21  
 1594 P	 18.27  
 1595 C	 10.33  
 1596 S	 37.91  
 1597 G	 48.42  
 1598 N	 22.53  
 1599 T	 39.34  
 1600 S	 16.51  
 1601 P	 35.46  
 1602 A	 35.10  
 1603 L	 3.07  
 1604 P	 35.58  
 1605 N	 43.07  
 1606 L	 3.03  
 1607 A	 21.52  
 1608 A	 16.89  
 1609 T	 18.66  
 1610 K	 45.60  
 1611 A	 17.79  
 1612 T	 19.31  
 1613 P	 22.51  
 1614 I	 5.67  
 1615 I	 3.23  
 1616 G	 29.79  
 1617 N	 13.33  
 1618 C	 3.18  
 1619 S	 39.64  
 1620 G	 37.23  
 1621 G	 17.70  
 1622 L	 7.19  
 1623 G	 29.35  
 1624 N	 41.25  
 1625 S	 32.14  
 1626 T	 49.85  
 1627 G	 32.66  
 1628 S	 24.43  
 1629 K	 45.74  
 1630 S	 29.30  
 1631 A	 19.18  
 1632 G	 33.73  
 1633 L	 3.54  
 1634 L	 2.45  
 1635 Q	 49.68  
 1636 R	 36.18  
 1637 L	 2.35  
 1638 S	 31.27  
 1639 S	 37.14  
 1640 L	 6.31  
 1641 S	 24.85  
 1642 P	 31.13  
 1643 M	 7.53  
 1644 N	 54.65  
 1645 S	 16.49  
 1646 P	 28.84  
 1647 Q	 45.98  
 1648 A	 15.58  
 1649 S	 17.97  
 1650 M	 5.40  
 1651 S	 23.03  
 1652 P	 24.55  
 1653 Y	 22.44  
 1654 N	 51.32  
 1655 S	 22.40  
 1656 P	 46.77  
 1657 S	 37.52  
 1658 P	 54.35  
 1659 S	 33.86  
 1660 P	 36.10  
 1661 S	 37.42  
 1662 V	 9.81  
 1663 G	 29.23  
 1664 G	 16.08  
 1665 V	 2.23  
 1666 T	 18.22  
 1667 A	 5.55  
 1668 C	 2.99  
 1669 L	 4.55  
 1670 G	 21.97  
 1671 Q	 32.77  
 1672 L	 6.71  
 1673 T	 27.39  
 1674 K	 41.05  
 1675 P	 28.55  
 1676 A	 28.04  
 1677 A	 16.16  
 1678 P	 42.65  
 1679 G	 29.23  
 1680 T	 19.17  
 1681 A	 11.87  
 1682 S	 23.78  
 1683 A	 22.08  
 1684 G	 20.20  
 1685 L	 4.26  
 1686 S	 33.97  
 1687 G	 42.38  
 1688 G	 14.59  
 1689 T	 23.68  
 1690 A	 14.50  
 1691 A	 15.13  
 1692 S	 28.43  
 1693 S	 30.06  
 1694 S	 37.53  
 1695 S	 22.10  
 1696 P	 37.02  
 1697 A	 22.63  
 1698 A	 17.69  
 1699 N	 49.99  
 1700 S	 41.23  
 1701 G	 33.43  
 1702 P	 30.66  
 1703 T	 41.07  
 1704 K	 61.84  
 1705 G	 22.08  
 1706 L	 4.74  
 1707 Q	 53.15  
 1708 Y	 16.34  
 1709 P	 23.01  
 1710 F	 9.14  
 1711 P	 27.50  
 1712 S	 49.34  
 1713 H	 28.38  
 1714 P	 36.14  
 1715 P	 55.84  
 1716 L	 6.34  
 1717 P	 41.73  
 1718 N	 50.46  
 1719 T	 23.43  
 1720 A	 25.31  
 1721 A	 18.33  
 1722 P	 32.70  
 1723 P	 25.42  
 1724 P	 43.96  
 1725 A	 20.53  
 1726 V	 9.63  
 1727 Q	 30.46  
 1728 P	 39.89  
 1729 A	 16.49  
 1730 P	 37.41  
 1731 P	 45.20  
 1732 P	 60.53  
 1733 L	 7.46  
 1734 P	 34.99  
 1735 E	 69.15  
 1736 M	 8.41  
 1737 G	 24.16  
 1738 K	 43.73  
 1739 Q	 28.23  
 1740 S	 32.51  
 1741 R	 33.50  
 1742 L	 8.37  
 1743 T	 31.87  
 1744 G	 29.93  
 1745 Q	 29.23  
 1746 S	 41.37  
 1747 S	 37.34  
 1748 G	 32.09  
 1749 N	 42.14  
 1750 N	 53.25  
 1751 L	 8.07  
 1752 T	 22.25  
 1753 K	 53.19  
 1754 S	 22.20  
 1755 L	 6.79  
 1756 S	 38.40  
 1757 V	 6.42  
 1758 P	 37.15  
 1759 D	 78.30  
 1760 G	 18.97  
 1761 P	 37.96  
 1762 Q	 63.17  
 1763 S	 41.23  
 1764 S	 19.82  
 1765 P	 29.36  
 1766 A	 26.65  
 1767 R	 21.79  
 1768 V	 7.86  
 1769 Q	 32.40  
 1770 L	 6.74  
 1771 Q	 22.14  
 1772 K	 57.49  
 1773 S	 16.89  
 1774 A	 22.91  
 1775 S	 35.62  
 1776 V	 6.60  
 1777 P	 28.64  
 1778 G	 44.97  
 1779 S	 15.67  
 1780 T	 39.58  
 1781 N	 31.74  
 1782 V	 7.58  
 1783 G	 33.56  
 1784 A	 9.12  
 1785 P	 20.65  
 1786 S	 43.29  
 1787 S	 22.40  
 1788 L	 7.46  
 1789 S	 31.88  
 1790 L	 7.96  
 1791 D	 40.33  
 1792 S	 32.71  
 1793 T	 26.50  
 1794 T	 22.38  
 1795 A	 16.21  
 1796 S	 20.56  
 1797 V	 9.61  
 1798 E	 34.25  
 1799 T	 27.69  
 1800 S	 13.40  
 1801 A	 20.50  
 1802 S	 23.83  
 1803 I	 4.65  
 1804 S	 18.75  
 1805 S	 35.65  
 1806 S	 29.12  
 1807 T	 28.32  
 1808 S	 44.69  
 1809 N	 54.47  
 1810 G	 34.85  
 1811 N	 32.45  
 1812 S	 28.29  
 1813 S	 39.40  
 1814 L	 4.38  
 1815 T	 20.47  
 1816 S	 22.46  
 1817 A	 12.75  
 1818 A	 7.68  
 1819 I	 3.06  
 1820 H	 15.95  
 1821 V	 6.81  
 1822 Q	 37.23  
 1823 K	 43.64  
 1824 P	 21.98  
 1825 Q	 57.82  
 1826 Q	 53.63  
 1827 S	 20.68  
 1828 T	 27.62  
 1829 F	 8.68  
 1830 V	 10.29  
 1831 E	 54.17  
 1832 E	 50.18  
 1833 E	 43.27  
 1834 H	 46.39  
 1835 T	 43.37  
 1836 K	 47.01  
 1837 K	 56.10  
 1838 S	 49.19  
 1839 G	 32.34  
 1840 T	 35.60  
 1841 S	 29.59  
 1842 T	 30.53  
 1843 S	 28.03  
 1844 Q	 47.63  
 1845 S	 31.77  
 1846 S	 26.97  
 1847 S	 39.21  
 1848 S	 40.35  
 1849 S	 48.39  
 1850 S	 39.66  
 1851 K	 56.95  
 1852 K	 50.17  
 1853 I	 4.52  
 1854 S	 37.76  
 1855 S	 32.98  
 1856 T	 27.57  
 1857 H	 31.96  
 1858 D	 56.13  
 1859 K	 40.26  
 1860 L	 7.40  
 1861 H	 40.31  
 1862 S	 46.15  
 1863 K	 39.34  
 1864 H	 39.55  
 1865 N	 49.71  
 1866 N	 48.88  
 1867 R	 47.31  
 1868 S	 43.50  
 1869 E	 60.77  
 1870 S	 56.85  
 1871 D	 52.82  
 1872 K	 66.72  
 1873 K	 65.82  
 1874 I	 9.29  
 1875 K	 55.92  
 1876 K	 68.32  
 1877 S	 49.14  
 1878 D	 58.04  
 1879 K	 62.60  
 1880 N	 50.47  
 1881 A	 19.27  
 1882 S	 39.51  
 1883 S	 39.90  
 1884 S	 44.66  
 1885 D	 57.64  
 1886 K	 68.19  
 1887 R	 48.67  
 1888 K	 67.91  
 1889 N	 45.27  
 1890 S	 37.72  
 1891 S	 41.28  
 1892 T	 30.52  
 1893 S	 29.97  
 1894 Q	 52.38  
 1895 S	 39.23  
 1896 S	 24.00  
 1897 K	 49.73  
 1898 S	 39.04  
 1899 A	 25.92  
 1900 T	 21.86  
 1901 P	 34.66  
 1902 R	 40.34  
 1903 I	 7.78  
 1904 E	 57.98  
 1905 D	 59.74  
 1906 D	 41.07  
 1907 S	 42.26  
 1908 S	 43.74  
 1909 E	 61.13  
 1910 A	 23.17  
 1911 D	 50.14  
 1912 D	 51.33  
 1913 T	 36.98  
 1914 A	 24.25  
 1915 D	 53.44  
 1916 K	 56.85  
 1917 A	 33.28  
 1918 E	 59.28  
 1919 K	 64.34  
 1920 N	 35.31  
 1921 Q	 60.21  
 1922 R	 49.69  
 1923 H	 40.49  
 1924 E	 66.16  
 1925 K	 69.57  
 1926 E	 67.39  
 1927 K	 71.63  
 1928 K	 60.25  
 1929 E	 71.33  
 1930 R	 59.86  
 1931 Q	 62.75  
 1932 E	 61.37  
 1933 K	 58.48  
 1934 R	 56.28  
 1935 E	 63.09  
 1936 K	 67.12  
 1937 D	 47.13  
 1938 L	 12.49  
 1939 R	 37.18  
 1940 K	 67.02  
 1941 Q	 35.55  
 1942 V	 9.32  
 1943 E	 52.46  
 1944 R	 59.52  
 1945 E	 56.76  
 1946 E	 67.49  
 1947 K	 59.07  
 1948 D	 61.67  
 1949 R	 47.48  
 1950 K	 61.76  
 1951 A	 19.72  
 1952 Q	 55.01  
 1953 Q	 60.42  
 1954 E	 47.11  
 1955 E	 62.90  
 1956 R	 60.58  
 1957 E	 65.17  
 1958 K	 71.75  
 1959 E	 59.29  
 1960 D	 69.33  
 1961 R	 41.75  
 1962 K	 75.92  
 1963 A	 25.94  
 1964 K	 69.56  
 1965 E	 76.01  
 1966 E	 73.91  
 1967 E	 62.40  
 1968 K	 66.41  
 1969 E	 64.15  
 1970 R	 60.38  
 1971 E	 67.30  
 1972 R	 68.22  
 1973 E	 54.90  
 1974 K	 60.68  
 1975 K	 51.02  
 1976 A	 29.12  
 1977 Q	 63.10  
 1978 E	 64.99  
 1979 D	 52.54  
 1980 R	 57.81  
 1981 E	 79.42  
 1982 K	 61.91  
 1983 K	 58.20  
 1984 E	 76.13  
 1985 R	 61.01  
 1986 E	 63.60  
 1987 E	 58.64  
 1988 R	 43.42  
 1989 E	 56.30  
 1990 L	 12.26  
 1991 R	 48.46  
 1992 E	 73.83  
 1993 K	 53.35  
 1994 E	 46.20  
 1995 Q	 70.69  
 1996 R	 59.05  
 1997 D	 59.54  
 1998 K	 65.32  
 1999 E	 71.78  
 2000 Q	 66.02  
 2001 K	 72.37  
 2002 E	 56.46  
 2003 K	 66.53  
 2004 E	 48.66  
 2005 I	 11.61  
 2006 R	 46.10  
 2007 E	 57.49  
 2008 K	 52.82  
 2009 D	 46.32  
 2010 L	 12.95  
 2011 R	 64.17  
 2012 E	 69.14  
 2013 K	 53.35  
 2014 E	 50.55  
 2015 Q	 64.70  
 2016 R	 41.85  
 2017 E	 65.17  
 2018 R	 49.01  
 2019 D	 54.51  
 2020 N	 61.30  
 2021 R	 61.73  
 2022 E	 58.08  
 2023 K	 59.83  
 2024 E	 44.26  
 2025 L	 14.73  
 2026 R	 50.45  
 2027 D	 62.54  
 2028 K	 52.83  
 2029 D	 56.07  
 2030 L	 10.57  
 2031 R	 64.17  
 2032 E	 61.74  
 2033 K	 50.83  
 2034 E	 38.43  
 2035 M	 11.26  
 2036 R	 53.58  
 2037 E	 60.68  
 2038 K	 49.10  
 2039 E	 50.55  
 2040 Q	 70.65  
 2041 R	 59.03  
 2042 E	 51.05  
 2043 K	 68.70  
 2044 E	 45.09  
 2045 L	 7.36  
 2046 H	 36.62  
 2047 R	 66.34  
 2048 E	 50.68  
 2049 K	 60.15  
 2050 D	 48.28  
 2051 Q	 61.27  
 2052 R	 55.89  
 2053 E	 57.71  
 2054 R	 47.40  
 2055 E	 42.41  
 2056 H	 49.79  
 2057 R	 52.51  
 2058 E	 63.95  
 2059 K	 62.09  
 2060 E	 49.38  
 2061 Q	 53.99  
 2062 S	 25.48  
 2063 R	 30.03  
 2064 R	 39.24  
 2065 A	 9.45  
 2066 M	 5.86  
 2067 D	 39.56  
 2068 V	 5.41  
 2069 E	 38.35  
 2070 Q	 59.29  
 2071 E	 37.03  
 2072 G	 32.97  
 2073 R	 43.57  
 2074 G	 38.63  
 2075 G	 20.89  
 2076 R	 24.65  
 2077 M	 4.40  
 2078 R	 40.10  
 2079 E	 43.60  
 2080 L	 2.65  
 2081 S	 23.42  
 2082 S	 44.18  
 2083 Y	 19.31  
 2084 Q	 45.56  
 2085 K	 43.76  
 2086 S	 20.07  
 2087 K	 47.85  
 2088 M	 6.10  
 2089 D	 31.18  
 2090 I	 4.79  
 2091 A	 12.90  
 2092 G	 31.19  
 2093 E	 36.03  
 2094 A	 11.96  
 2095 S	 22.90  
 2096 S	 36.47  
 2097 L	 3.30  
 2098 T	 24.42  
 2099 A	 10.83  
 2100 I	 4.60  
 2101 D	 24.45  
 2102 C	 3.47  
 2103 Q	 39.17  
 2104 H	 54.37  
 2105 N	 27.71  
 2106 K	 50.66  
 2107 E	 56.38  
 2108 N	 42.02  
 2109 A	 9.79  
 2110 M	 7.62  
 2111 D	 32.33  
 2112 T	 12.72  
 2113 I	 2.04  
 2114 A	 12.11  
 2115 Q	 53.06  
 2116 G	 25.51  
 2117 T	 13.38  
 2118 P	 43.08  
 2119 G	 38.23  
 2120 A	 21.33  
 2121 S	 25.87  
 2122 P	 41.51  
 2123 S	 50.91  
 2124 T	 30.14  
 2125 P	 43.98  
 2126 S	 43.51  
 2127 D	 65.31  
 2128 N	 63.72  
 2129 T	 40.50  
 2130 P	 42.64  
 2131 K	 64.82  
 2132 E	 58.03  
 2133 R	 48.14  
 2134 S	 34.55  
 2135 R	 50.59  
 2136 K	 52.65  
 2137 L	 5.89  
 2138 S	 32.24  
 2139 R	 59.07  
 2140 N	 47.49  
 2141 S	 24.54  
 2142 P	 20.85  
 2143 V	 11.60  
 2144 R	 34.16  
 2145 L	 5.94  
 2146 H	 15.83  
 2147 K	 43.75  
 2148 R	 33.74  
 2149 R	 43.66  
 2150 L	 7.20  
 2151 S	 28.32  
 2152 S	 42.43  
 2153 Q	 55.55  
 2154 E	 56.29  
 2155 S	 32.00  
 2156 N	 32.17  
 2157 H	 28.45  
 2158 S	 32.62  
 2159 A	 17.07  
 2160 G	 37.99  
 2161 G	 36.68  
 2162 G	 24.75  
 2163 G	 24.04  
 2164 S	 16.92  
 2165 C	 8.94  
 2166 G	 40.49  
 2167 G	 30.24  
 2168 S	 15.21  
 2169 S	 23.76  
 2170 H	 32.10  
 2171 Q	 38.36  
 2172 I	 2.75  
 2173 H	 16.24  
 2174 H	 31.11  
 2175 E	 36.55  
 2176 D	 49.52  
 2177 Y	 12.60  
 2178 V	 5.34  
 2179 K	 35.56  
 2180 R	 16.23  
 2181 I	 3.99  
 2182 R	 30.32  
 2183 M	 5.49  
 2184 E	 43.83  
 2185 N	 39.28  
 2186 S	 15.99  
 2187 Q	 63.96  
 2188 N	 28.46  
 2189 I	 3.36  
 2190 S	 22.71  
 2191 V	 4.49  
 2192 H	 20.79  
 2193 S	 28.91  
 2194 S	 23.31  
 2195 N	 33.72  
 2196 Q	 53.86  
 2197 R	 39.44  
 2198 L	 5.87  
 2199 N	 42.82  
 2200 D	 52.13  
 2201 R	 43.14  
 2202 R	 56.25  
 2203 D	 66.02  
 2204 S	 37.82  
 2205 K	 69.03  
 2206 E	 61.57  
 2207 H	 38.75  
 2208 K	 53.80  
 2209 S	 32.87  
 2210 S	 44.59  
 2211 S	 47.64  
 2212 F	 12.41  
 2213 K	 67.94  
 2214 E	 72.68  
 2215 D	 56.90  
 2216 K	 60.88  
 2217 N	 60.49  
 2218 S	 38.67  
 2219 S	 35.02  
 2220 S	 25.35  
 2221 H	 24.80  
 2222 I	 3.95  
 2223 S	 34.04  
 2224 R	 26.99  
 2225 P	 22.79  
 2226 H	 42.96  
 2227 G	 17.91  
 2228 C	 5.19  
 2229 G	 43.54  
 2230 G	 23.62  
 2231 S	 14.17  
 2232 S	 35.13  
 2233 A	 18.35  
 2234 S	 36.77  
 2235 S	 43.02  
 2236 S	 33.25  
 2237 K	 49.24  
 2238 H	 24.76  
 2239 H	 21.64  
 2240 H	 26.62  
 2241 R	 44.10  
 2242 R	 53.63  
 2243 D	 55.38  
 2244 K	 40.97  
 2245 H	 32.66  
 2246 H	 36.47  
 2247 Q	 52.07  
 2248 K	 50.94  
 2249 G	 23.13  
 2250 S	 31.82  
 2251 A	 18.90  
 2252 S	 33.28  
 2253 S	 24.94  
 2254 I	 7.58  
 2255 E	 43.83  
 2256 T	 38.44  
 2257 N	 22.44  
 2258 S	 39.86  
 2259 S	 25.49  
 2260 I	 4.71  
 2261 E	 31.07  
 2262 V	 4.91  
 2263 V	 2.34  
 2264 V	 9.77  
 2265 D	 24.17  
 2266 P	 19.27  
 2267 I	 4.05  
 2268 S	 36.87  
 2269 Q	 56.11  
 2270 T	 27.72  
 2271 K	 23.90  
 2272 H	 47.61  
 2273 N	 36.22  
 2274 L	 8.07  
 2275 N	 47.04  
 2276 T	 40.45  
 2277 S	 41.77  
 2278 E	 54.15  
 2279 E	 64.87  
 2280 E	 48.32  
 2281 L	 7.77  
 2282 Q	 41.99  
 2283 S	 36.39  
 2284 H	 34.69  
 2285 Q	 50.92  
 2286 P	 32.04  
 2287 K	 67.62  
 2288 R	 67.89  
 2289 E	 66.45  
 2290 K	 67.13  
 2291 E	 59.56  
 2292 R	 54.48  
 2293 E	 50.83  
 2294 H	 33.82  
 2295 F	 7.40  
 2296 S	 24.11  
 2297 S	 26.19  
 2298 H	 27.94  
 2299 A	 21.39  
 2300 N	 36.68  
 2301 S	 32.17  
 2302 S	 31.94  
 2303 S	 31.08  
 2304 S	 40.11  
 2305 R	 43.11  
 2306 H	 40.46  
 2307 K	 57.47  
 2308 S	 27.14  
 2309 K	 67.65  
 2310 R	 56.43  
 2311 D	 49.56  
 2312 H	 26.64  
 2313 H	 23.80  
 2314 H	 20.48  
 2315 H	 34.93  
 2316 R	 53.74  
 2317 E	 59.58  
 2318 K	 55.88  
 2319 K	 51.06  
 2320 R	 38.08  
 2321 H	 35.19  
 2322 S	 27.36  
 2323 V	 5.83  
 2324 A	 14.19  
 2325 E	 56.81  
 2326 S	 19.74  
 2327 T	 33.37  
 2328 N	 55.61  
 2329 T	 44.89  
 2330 D	 62.45  
 2331 E	 50.03  
 2332 E	 56.74  
 2333 H	 40.58  
 2334 T	 26.52  
 2335 P	 33.47  
 2336 Q	 59.32  
 2337 Q	 39.26  
 2338 H	 44.54  
 2339 N	 29.72  
 2340 P	 21.90  
 2341 H	 36.65  
 2342 R	 38.59  
 2343 R	 24.95  
 2344 I	 3.11  
 2345 S	 15.39  
 2346 A	 17.30  
 2347 A	 13.09  
 2348 G	 32.05  
 2349 S	 25.50  
 2350 G	 22.16  
 2351 S	 34.49  
 2352 A	 21.00  
 2353 G	 37.77  
 2354 E	 45.24  
 2355 L	 4.85  
 2356 S	 17.39  
 2357 S	 34.25  
 2358 A	 18.22  
 2359 A	 11.88  
 2360 T	 38.45  
 2361 N	 32.98  
 2362 T	 21.66  
 2363 S	 38.88  
 2364 S	 37.60  
 2365 G	 35.99  
 2366 K	 46.74  
 2367 L	 5.07  
 2368 H	 23.27  
 2369 H	 38.82  
 2370 Q	 24.27  
 2371 H	 16.44  
 2372 H	 21.93  
 2373 R	 30.37  
 2374 R	 40.47  
 2375 S	 28.43  
 2376 V	 8.60  
 2377 E	 56.49  
 2378 R	 41.84  
 2379 K	 39.00  
 2380 S	 31.33  
 2381 S	 43.63  
 2382 R	 56.58  
 2383 G	 41.20  
 2384 S	 31.23  
 2385 D	 69.58  
 2386 E	 63.22  
 2387 G	 28.88  
 2388 H	 18.66  
 2389 H	 39.99  
 2390 S	 30.54  
 2391 S	 37.11  
 2392 S	 29.31  
 2393 K	 56.30  
 2394 S	 25.65  
 2395 L	 7.69  
 2396 R	 36.45  
 2397 A	 18.02  
 2398 K	 30.40  
 2399 L	 2.08  
 2400 M	 2.21  
 2401 M	 4.81  
 2402 L	 1.97  
 2403 S	 12.94  
 2404 S	 31.94  
 2405 A	 19.56  
 2406 D	 55.32  
 2407 S	 36.78  
 2408 D	 64.47  
 2409 D	 56.86  
 2410 T	 40.55  
 2411 D	 57.37  
 2412 D	 55.63  
 2413 A	 26.51  
 2414 S	 49.59  
 2415 K	 57.11  
 2416 K	 39.84  
 2417 H	 29.84  
 2418 S	 33.55  
 2419 I	 3.44  
 2420 F	 8.58  
 2421 D	 50.25  
 2422 I	 2.54  
 2423 P	 32.98  
 2424 D	 71.17  
 2425 D	 44.40  
 2426 C	 3.26  
 2427 P	 51.78  
 2428 N	 44.84  
 2429 V	 1.78  
 2430 S	 20.47  
 2431 M	 4.34  
 2432 Y	 12.71  
 2433 D	 40.40  
 2434 K	 28.31  
 2435 V	 5.53  
 2436 K	 43.77  
 2437 A	 16.17  
 2438 R	 36.55  
 2439 S	 34.01  
 2440 C	 2.84  
 2441 K	 57.62  
 2442 N	 35.83  
 2443 M	 1.81  
 2444 Q	 43.67  
 2445 R	 27.23  
 2446 Q	 35.91  
 2447 A	 29.16  
 2448 E	 63.11  
 2449 E	 63.77  
 2450 K	 51.83  
 2451 K	 53.36  
 2452 I	 8.53  
 2453 K	 55.17  
 2454 A	 22.92  
 2455 K	 40.31  
 2456 F	 7.22  
 2457 S	 33.62  
 2458 Q	 56.67  
 2459 L	 5.44  
 2460 K	 38.29  
 2461 Q	 46.90  
 2462 S	 32.39  
 2463 R	 48.18  
 2464 A	 33.01  
 2465 K	 58.69  
 2466 K	 53.05  
 2467 K	 51.37  
 2468 R	 54.79  
 2469 S	 30.50  
 2470 T	 35.03  
 2471 S	 23.60  
 2472 Y	 24.84  
 2473 D	 54.94  
 2474 G	 28.26  
 2475 D	 40.20  
 2476 S	 52.54  
 2477 D	 55.80  
 2478 T	 46.67  
 2479 E	 52.62  
 2480 F	 14.89  
 2481 E	 46.16  
 2482 D	 61.94  
 2483 R	 27.32  
 2484 Q	 52.81  
 2485 H	 31.61  
 2486 R	 30.58  
 2487 N	 48.90  
 2488 S	 39.75  
 2489 G	 34.79  
 2490 S	 23.72  
 2491 S	 40.32  
 2492 S	 23.98  
 2493 F	 8.38  
 2494 H	 23.05  
 2495 G	 28.89  
 2496 R	 26.38  
 2497 Y	 13.27  
 2498 P	 35.57  
 2499 G	 29.29  
 2500 L	 3.76  
 2501 S	 33.44  
 2502 S	 42.71  
 2503 S	 41.50  
 2504 D	 66.36  
 2505 D	 64.29  
 2506 D	 70.96  
 2507 D	 72.69  
 2508 D	 63.73  
 2509 E	 72.32  
 2510 E	 59.59  
 2511 T	 22.66  
 2512 H	 23.56  
 2513 Q	 43.71  
 2514 R	 30.23  
 2515 R	 26.94  
 2516 I	 5.14  
 2517 S	 26.70  
 2518 S	 38.47  
 2519 D	 43.69  
 2520 S	 40.44  
 2521 D	 62.05  
 2522 A	 18.03  
 2523 E	 48.32  
 2524 H	 47.61  
 2525 G	 27.28  
 2526 G	 33.31  
 2527 Q	 51.58  
 2528 D	 53.33  
 2529 N	 34.01  
 2530 Q	 58.06  
 2531 G	 27.96  
 2532 A	 6.92  
 2533 S	 30.67  
 2534 T	 25.98  
 2535 L	 3.63  
 2536 A	 17.60  
 2537 D	 47.70  
 2538 A	 10.50  
 2539 N	 43.45  
 2540 R	 27.07  
 2541 V	 5.10  
 2542 R	 24.02  
 2543 Q	 31.05  
 2544 M	 2.87  
 2545 Q	 22.22  
 2546 Q	 45.65  
 2547 N	 20.72  
 2548 L	 2.68  
 2549 R	 36.75  
 2550 R	 42.72  
 2551 L	 2.23  
 2552 C	 5.36  
 2553 D	 69.05  
 2554 G	 39.36  
 2555 D	 39.09  
 2556 D	 60.64  
 2557 S	 40.13  
 2558 S	 56.94  
 2559 E	 64.71  
 2560 D	 59.58  
 2561 E	 34.05  
 2562 I	 8.52  
 2563 R	 23.29  
 2564 R	 45.84  
 2565 N	 28.52  
 2566 V	 5.25  
 2567 M	 3.55  
 2568 K	 37.36  
 2569 H	 14.38  
 2570 S	 18.26  
 2571 H	 34.89  
 2572 F	 16.10  
 2573 G	 23.69  
 2574 K	 47.68  
 2575 R	 52.79  
 2576 N	 49.37  
 2577 S	 35.87  
 2578 N	 51.45  
 2579 S	 20.91  
 2580 T	 30.28  
 2581 R	 23.46  
 2582 I	 4.33  
 2583 A	 12.19  
 2584 S	 39.02  
 2585 D	 47.61  
 2586 S	 36.33  
 2587 E	 58.76  
 2588 S	 38.80  
 2589 Q	 41.87  
 2590 S	 47.62  
 2591 Q	 30.45  
 2592 P	 51.51  
 2593 A	 11.55  
 2594 P	 43.77  
 2595 D	 59.56  
 2596 L	 5.33  
 2597 T	 33.24  
 2598 I	 5.88  
 2599 K	 44.38  
 2600 Q	 50.83  
 2601 E	 46.78  
 2602 H	 19.30  
 2603 P	 24.55  
 2604 I	 8.49  
 2605 A	 9.60  
 2606 P	 34.88  
 2607 A	 15.60  
 2608 Q	 52.46  
 2609 E	 53.21  
 2610 I	 3.20  
 2611 K	 49.48  
 2612 R	 42.42  
 2613 E	 51.36  
 2614 Q	 50.75  
 2615 L	 6.29  
 2616 S	 42.54  
 2617 D	 72.54  
 2618 E	 59.98  
 2619 E	 65.15  
 2620 Q	 55.21  
 2621 K	 59.02  
 2622 F	 9.68  
 2623 K	 54.32  
 2624 S	 37.67  
 2625 R	 37.92  
 2626 H	 50.36  
 2627 D	 48.69  
 2628 S	 32.27  
 2629 N	 45.92  
 2630 S	 36.32  
 2631 S	 37.97  
 2632 I	 6.82  
 2633 E	 54.41  
 2634 E	 54.14  
 2635 R	 36.50  
 2636 K	 58.58  
 2637 L	 11.84  
 2638 K	 51.91  
 2639 T	 51.19  
 2640 E	 46.89  
 2641 R	 57.05  
 2642 E	 42.47  
 2643 I	 9.30  
 2644 K	 31.06  
 2645 T	 41.95  
 2646 E	 45.83  
 2647 L	 10.90  
 2648 G	 19.42  
 2649 D	 56.32  
 2650 F	 6.20  
 2651 Y	 20.90  
 2652 N	 38.77  
 2653 S	 17.11  
 2654 S	 30.86  
 2655 E	 41.54  
 2656 Y	 13.64  
 2657 T	 15.57  
 2658 Y	 16.76  
 2659 T	 21.75  
 2660 G	 23.92  
 2661 K	 48.89  
 2662 L	 5.58  
 2663 K	 59.08  
 2664 E	 62.77  
 2665 Y	 28.12  
 2666 S	 19.83  
 2667 P	 46.18  
 2668 E	 56.13  
 2669 T	 51.69  
 2670 R	 44.34  
 2671 K	 67.65  
 2672 K	 58.32  
 2673 H	 45.90  
 2674 K	 68.56  
 2675 K	 62.01  
 2676 S	 35.88  
 2677 K	 50.87  
 2678 R	 57.14  
 2679 R	 50.64  
 2680 L	 7.98  
 2681 K	 46.62  
 2682 S	 33.83  
 2683 S	 30.07  
 2684 S	 34.40  
 2685 T	 30.42  
 2686 A	 21.74  
 2687 D	 41.08  
 2688 T	 20.15  
 2689 S	 23.35  
 2690 A	 12.99  
 2691 A	 17.34  
 2692 Q	 43.28  
 2693 T	 17.54  
 2694 P	 15.75  
 2695 L	 4.70  
 2696 V	 4.17  
 2697 M	 4.15  
 2698 T	 13.99  
 2699 P	 19.01  
 2700 L	 8.93  
 2701 T	 19.05  
 2702 P	 32.86  
 2703 S	 30.56  
 2704 I	 3.44  
 2705 F	 10.61  
 2706 D	 35.23  
 2707 V	 3.08  
 2708 H	 24.65  
 2709 S	 35.09  
 2710 S	 18.45  
 2711 S	 50.45  
 2712 E	 41.82  
 2713 C	 7.98  
 2714 K	 51.18  
 2715 T	 48.91  
 2716 K	 35.89  
 2717 F	 12.89  
 2718 D	 57.34  
 2719 N	 45.43  
 2720 F	 9.23  
 2721 D	 67.59  
 2722 D	 46.02  
 2723 L	 8.77  
 2724 K	 49.63  
 2725 T	 49.90  
 2726 E	 30.71  
 2727 C	 4.71  
 2728 S	 25.68  
 2729 S	 39.62  
 2730 I	 2.31  
 2731 P	 26.37  
 2732 L	 9.70  
 2733 E	 29.55  
 2734 I	 4.51  
 2735 S	 22.35  
 2736 A	 29.54  
 2737 G	 23.35  
 2738 E	 49.37  
 2739 R	 52.62  
 2740 R	 40.92  
 2741 K	 66.31  
 2742 H	 35.08  
 2743 K	 63.35  
 2744 E	 69.57  
 2745 R	 58.18  
 2746 K	 74.99  
 2747 E	 70.77  
 2748 K	 61.23  
 2749 K	 67.87  
 2750 R	 58.30  
 2751 E	 66.38  
 2752 K	 57.70  
 2753 L	 4.02  
 2754 R	 41.77  
 2755 N	 52.76  
 2756 M	 2.64  
 2757 T	 26.47  
 2758 E	 31.41  
 2759 A	 12.53  
 2760 T	 30.20  
 2761 V	 5.64  
 2762 P	 31.09  
 2763 N	 57.17  
 2764 S	 19.97  
 2765 P	 50.29  
 2766 T	 37.74  
 2767 T	 34.19  
 2768 N	 53.71  
 2769 D	 45.96  
 2770 T	 35.90  
 2771 S	 39.09  
 2772 S	 40.62  
 2773 E	 58.76  
 2774 K	 61.07  
 2775 L	 8.52  
 2776 S	 49.44  
 2777 K	 74.22  
 2778 E	 57.81  
 2779 E	 58.48  
 2780 R	 22.71  
 2781 H	 42.58  
 2782 R	 55.19  
 2783 L	 7.18  
 2784 K	 55.76  
 2785 K	 72.59  
 2786 S	 43.67  
 2787 K	 70.69  
 2788 K	 70.93  
 2789 S	 33.43  
 2790 K	 59.69  
 2791 S	 38.16  
 2792 M	 6.94  
 2793 D	 51.48  
 2794 N	 39.56  
 2795 S	 12.41  
 2796 C	 10.59  
 2797 N	 44.20  
 2798 T	 24.13  
 2799 K	 29.24  
 2800 I	 3.56  
 2801 Y	 15.56  
 2802 N	 32.92  
 2803 S	 17.12  
 2804 S	 36.04  
 2805 G	 27.94  
 2806 A	 17.23  
 2807 H	 21.99  
 2808 P	 38.48  
 2809 S	 31.48  
 2810 T	 49.46  
 2811 S	 19.48  
 2812 P	 39.72  
 2813 S	 46.91  
 2814 L	 3.67  
 2815 P	 38.12  
 2816 A	 31.35  
 2817 T	 25.76  
 2818 P	 26.85  
 2819 T	 32.92  
 2820 S	 39.11  
 2821 A	 12.44  
 2822 P	 31.79  
 2823 S	 35.77  
 2824 T	 23.02  
 2825 A	 18.26  
 2826 Q	 46.53  
 2827 T	 33.48  
 2828 S	 14.31  
 2829 K	 68.74  
 2830 R	 54.20  
 2831 G	 51.71  
 2832 E	 59.50  
 2833 D	 59.43  
 2834 K	 35.71  
 2835 M	 8.65  
 2836 E	 41.13  
 2837 F	 5.12  
 2838 I	 1.65  
 2839 F	 7.54  
 2840 G	 16.11  
 2841 I	 1.57  
 2842 I	 4.31  
 2843 S	 36.73  
 2844 D	 57.84  
 2845 E	 57.80  
 2846 E	 68.86  
 2847 E	 48.03  
 2848 S	 40.16  
 2849 Q	 62.28  
 2850 F	 11.36  
 2851 P	 25.75  
 2852 E	 64.81  
 2853 Q	 44.74  
 2854 A	 24.74  
 2855 E	 53.24  
 2856 T	 51.05  
 2857 N	 31.35  
 2858 K	 58.69  
 2859 D	 46.23  
 2860 I	 5.50  
 2861 I	 3.77  
 2862 P	 22.38  
 2863 S	 32.72  
 2864 S	 18.09  
 2865 V	 7.46  
 2866 S	 23.38  
 2867 T	 33.35  
 2868 T	 33.19  
 2869 G	 15.27  
 2870 P	 23.01  
 2871 I	 3.96  
 2872 V	 3.42  
 2873 S	 14.45  
 2874 A	 10.99  
 2875 A	 7.84  
 2876 L	 3.80  
 2877 Q	 37.75  
 2878 T	 33.27  
 2879 Y	 9.56  
 2880 K	 52.12  
 2881 Q	 58.37  
 2882 E	 36.75  
 2883 P	 40.80  
 2884 S	 56.60  
 2885 T	 36.89  
 2886 P	 47.65  
 2887 N	 66.75  
 2888 S	 37.75  
 2889 K	 75.03  
 2890 N	 52.76  
 2891 E	 61.37  
 2892 E	 55.74  
 2893 A	 10.02  
 2894 H	 16.17  
 2895 I	 4.65  
 2896 Q	 22.63  
 2897 L	 5.52  
 2898 T	 11.93  
 2899 V	 7.00  
 2900 H	 39.39  
 2901 E	 46.31  
 2902 P	 29.80  
 2903 E	 59.02  
 2904 Q	 58.03  
 2905 Q	 31.18  
 2906 Q	 49.90  
 2907 Q	 40.74  
 2908 L	 5.26  
 2909 E	 44.25  
 2910 R	 35.35  
 2911 S	 28.35  
 2912 R	 38.81  
 2913 L	 6.18  
 2914 S	 39.74  
 2915 G	 44.59  
 2916 G	 22.45  
 2917 S	 30.49  
 2918 S	 37.20  
 2919 S	 37.24  
 2920 S	 28.26  
 2921 S	 25.33  
 2922 H	 33.33  
 2923 A	 21.36  
 2924 D	 47.77  
 2925 R	 43.56  
 2926 E	 54.08  
 2927 R	 29.52  
 2928 H	 28.53  
 2929 R	 55.46  
 2930 R	 47.89  
 2931 E	 57.32  
 2932 K	 65.14  
 2933 R	 57.10  
 2934 E	 74.19  
 2935 K	 56.46  
 2936 K	 52.51  
 2937 R	 64.16  
 2938 R	 65.65  
 2939 E	 62.18  
 2940 K	 50.51  
 2941 S	 29.71  
 2942 Q	 65.09  
 2943 R	 51.27  
 2944 E	 49.21  
 2945 Q	 50.11  
 2946 Q	 38.76  
 2947 N	 42.33  
 2948 Q	 30.15  
 2949 I	 4.95  
 2950 H	 21.17  
 2951 Q	 49.29  
 2952 K	 42.40  
 2953 S	 28.90  
 2954 S	 47.99  
 2955 K	 51.70  
 2956 V	 14.09  
 2957 E	 46.80  
 2958 T	 39.08  
 2959 K	 30.11  
 2960 V	 14.76  
 2961 D	 60.13  
 2962 D	 61.04  
 2963 D	 44.85  
 2964 N	 51.43  
 2965 S	 26.87  
 2966 V	 9.91  
 2967 D	 38.34  
 2968 M	 4.74  
 2969 D	 37.82  
 2970 E	 46.52  
 2971 A	 14.44  
 2972 G	 17.22  
 2973 R	 42.94  
 2974 A	 14.61  
 2975 L	 5.59  
 2976 E	 33.13  
 2977 A	 14.52  
 2978 Q	 28.46  
 2979 L	 4.59  
 2980 M	 2.10  
 2981 S	 43.66  
 2982 D	 31.32  
 2983 F	 11.44  
 2984 D	 59.83  
 2985 T	 38.42  
 2986 K	 42.05  
 2987 P	 37.11  
 2988 I	 9.61  
 2989 S	 37.60  
 2990 E	 52.98  
 2991 E	 51.56  
 2992 A	 22.28  
 2993 T	 22.50  
 2994 P	 36.41  
 2995 S	 26.73  
 2996 T	 22.86  
 2997 A	 11.35  
 2998 A	 12.78  
 2999 T	 19.60  
 3000 Y	 11.91  
 3001 R	 23.09  
 3002 S	 22.71  
 3003 D	 34.69  
 3004 M	 3.48  
 3005 T	 33.72  
 3006 D	 30.81  
 3007 V	 2.46  
 3008 F	 7.90  
 3009 R	 29.97  
 3010 F	 7.95  
 3011 S	 34.96  
 3012 D	 60.88  
 3013 N	 58.27  
 3014 E	 68.08  
 3015 D	 66.90  
 3016 N	 36.18  
 3017 N	 56.59  
 3018 S	 26.25  
 3019 V	 6.74  
 3020 D	 38.56  
 3021 M	 4.77  
 3022 T	 18.76  
 3023 K	 38.12  
 3024 Q	 53.39  
 3025 G	 30.31  
 3026 V	 5.97  
 3027 K	 55.91  
 3028 S	 37.93  
 3029 E	 51.03  
 3030 Q	 60.23  
 3031 Q	 48.54  
 3032 E	 55.11  
 3033 Q	 44.99  
 3034 H	 35.29  
 3035 K	 59.92  
 3036 S	 43.92  
 3037 K	 77.65  
 3038 D	 75.09  
 3039 K	 70.94  
 3040 K	 78.82  
 3041 K	 75.47  
 3042 K	 72.85  
 3043 K	 63.40  
 3044 K	 71.44  
 3045 R	 62.94  
 3046 S	 53.98  
 3047 K	 74.13  
 3048 E	 72.22  
 3049 E	 64.87  
 3050 K	 65.92  
 3051 Q	 57.23  
 3052 E	 57.66  
 3053 K	 52.59  
 3054 L	 5.26  
 3055 L	 6.82  
 3056 Q	 48.04  
 3057 Q	 38.42  
 3058 Q	 33.18  
 3059 R	 39.74  
 3060 R	 33.25  
 3061 E	 59.83  
 3062 S	 47.52  
 3063 L	 2.83  
 3064 P	 42.39  
 3065 N	 47.48  
 3066 V	 4.15  
 3067 A	 17.46  
 3068 S	 25.25  
 3069 T	 19.57  
 3070 S	 23.23  
 3071 S	 44.90  
 3072 A	 17.54  
 3073 P	 34.93  
 3074 P	 51.44  
 3075 T	 43.55  
 3076 P	 43.63  
 3077 G	 39.83  
 3078 K	 42.03  
 3079 L	 8.84  
 3080 T	 17.33  
 3081 V	 10.80  
 3082 N	 18.23  
 3083 V	 3.40  
 3084 Q	 26.46  
 3085 A	 14.93  
 3086 A	 11.30  
 3087 S	 28.17  
 3088 K	 37.78  
 3089 H	 23.21  
 3090 A	 23.97  
 3091 D	 34.37  
 3092 L	 5.90  
 3093 Q	 37.53  
 3094 L	 10.07  
 3095 D	 40.38  
 3096 A	 17.58  
 3097 K	 40.93  
 3098 H	 27.21  
 3099 I	 4.26  
 3100 S	 36.19  
 3101 S	 32.40  
 3102 P	 20.67  
 3103 P	 46.19  
 3104 V	 8.12  
 3105 C	 7.09  
 3106 K	 49.08  
 3107 P	 46.47  
 3108 S	 16.77  
 3109 P	 48.70  
 3110 S	 49.64  
 3111 L	 3.84  
 3112 P	 18.40  
 3113 C	 5.40  
 3114 L	 4.65  
 3115 I	 7.87  
 3116 G	 21.24  
 3117 D	 49.53  
 3118 D	 56.90  
 3119 D	 61.50  
 3120 D	 50.50  
 3121 D	 59.01  
 3122 A	 14.29  
 3123 L	 6.26  
 3124 H	 41.67  
 3125 T	 27.60  
 3126 P	 24.70  
 3127 K	 70.92  
 3128 A	 25.02  
 3129 K	 49.36  
 3130 P	 46.49  
 3131 T	 51.11  
 3132 T	 29.69  
 3133 P	 32.55  
 3134 S	 30.49  
 3135 S	 45.47  
 3136 R	 52.88  
 3137 G	 38.23  
 3138 N	 38.78  
 3139 D	 57.19  
 3140 G	 35.14  
 3141 L	 7.69  
 3142 T	 25.42  
 3143 P	 36.11  
 3144 S	 48.08  
 3145 R	 58.10  
 3146 E	 72.28  
 3147 K	 34.04  
 3148 P	 31.40  
 3149 R	 56.58  
 3150 L	 6.53  
 3151 I	 4.93  
 3152 S	 22.74  
 3153 P	 39.65  
 3154 I	 4.34  
 3155 P	 37.54  
 3156 K	 68.78  
 3157 T	 21.95  
 3158 P	 28.12  
 3159 T	 37.64  
 3160 I	 3.44  
 3161 A	 16.60  
 3162 N	 32.42  
 3163 S	 18.71  
 3164 S	 32.92  
 3165 T	 25.25  
 3166 L	 5.87  
 3167 S	 25.21  
 3168 T	 29.65  
 3169 Q	 36.95  
 3170 S	 28.32  
 3171 A	 18.18  
 3172 E	 59.91  
 3173 T	 28.80  
 3174 P	 18.59  
 3175 V	 10.44  
 3176 S	 25.01  
 3177 S	 38.42  
 3178 G	 19.25  
 3179 T	 19.33  
 3180 V	 4.57  
 3181 I	 3.12  
 3182 S	 17.57  
 3183 S	 14.43  
 3184 S	 22.10  
 3185 A	 11.81  
 3186 L	 4.74  
 3187 A	 14.78  
 3188 T	 33.87  
 3189 T	 20.97  
 3190 P	 26.40  
 3191 T	 32.97  
 3192 S	 27.22  
 3193 S	 25.25  
 3194 T	 21.94  
 3195 A	 12.26  
 3196 A	 21.00  
 3197 G	 16.08  
 3198 V	 2.78  
 3199 S	 20.14  
 3200 A	 18.44  
 3201 A	 7.38  
 3202 P	 43.53  
 3203 G	 40.72  
 3204 L	 5.69  
 3205 D	 60.52  
 3206 N	 55.73  
 3207 S	 29.26  
 3208 P	 36.30  
 3209 T	 36.42  
 3210 S	 24.50  
 3211 A	 16.03  
 3212 S	 20.74  
 3213 A	 20.64  
 3214 Q	 36.75  
 3215 C	 7.54  
 3216 K	 55.59  
 3217 K	 70.20  
 3218 K	 44.05  
 3219 E	 60.81  
 3220 S	 37.04  
 3221 F	 9.07  
 3222 I	 4.55  
 3223 P	 35.07  
 3224 G	 28.58  
 3225 F	 8.83  
 3226 D	 50.25  
 3227 G	 27.91  
 3228 Q	 43.49  
 3229 L	 10.14  
 3230 D	 34.94  
 3231 D	 59.41  
 3232 R	 33.72  
 3233 I	 7.43  
 3234 S	 26.79  
 3235 E	 40.10  
 3236 S	 27.27  
 3237 A	 10.18  
 3238 V	 6.80  
 3239 Q	 34.46  
 3240 S	 16.35  
 3241 I	 2.24  
 3242 S	 27.30  
 3243 A	 24.59  
 3244 E	 38.27  
 3245 F	 9.77  
 3246 N	 35.56  
 3247 S	 25.37  
 3248 T	 25.21  
 3249 S	 27.10  
 3250 L	 7.64  
 3251 L	 4.79  
 3252 D	 50.19  
 3253 N	 31.17  
 3254 I	 5.22  
 3255 A	 22.74  
 3256 D	 69.78  
 3257 E	 39.20  
 3258 P	 40.18  
 3259 K	 58.56  
 3260 I	 4.92  
 3261 P	 23.03  
 3262 V	 10.56  
 3263 A	 15.80  
 3264 S	 35.35  
 3265 P	 16.80  
 3266 P	 35.72  
 3267 R	 59.27  
 3268 A	 26.25  
 3269 T	 34.18  
 3270 K	 42.47  
 3271 P	 41.24  
 3272 L	 10.92  
 3273 D	 63.12  
 3274 K	 66.53  
 3275 L	 9.85  
 3276 E	 67.00  
 3277 E	 74.11  
 3278 S	 26.93  
 3279 K	 45.63  
 3280 S	 41.06  
 3281 R	 33.08  
 3282 V	 7.81  
 3283 T	 17.50  
 3284 I	 3.51  
 3285 S	 23.36  
 3286 Q	 49.01  
 3287 E	 61.16  
 3288 E	 50.68  
 3289 T	 34.19  
 3290 E	 39.72  
 3291 S	 41.20  
 3292 A	 7.95  
 3293 V	 4.84  
 3294 S	 16.96  
 3295 A	 10.54  
 3296 L	 5.00  
 3297 L	 7.76  
 3298 G	 29.38  
 3299 E	 42.75  
 3300 S	 27.46  
 3301 F	 12.31  
 3302 G	 33.69  
 3303 T	 19.93  
 3304 S	 26.51  
 3305 S	 34.85  
 3306 T	 24.37  
 3307 T	 34.58  
 3308 D	 30.98  
 3309 Y	 14.72  
 3310 S	 23.85  
 3311 L	 5.55  
 3312 D	 44.42  
 3313 G	 30.63  
 3314 M	 3.83  
 3315 D	 54.71  
 3316 E	 31.88  
 3317 M	 2.93  
 3318 S	 29.14  
 3319 S	 27.87  
 3320 V	 5.17  
 3321 N	 50.51  
 3322 E	 45.91  
 3323 L	 8.18  
 3324 E	 46.71  
 3325 T	 33.91  
 3326 P	 17.85  
 3327 T	 40.87  
 3328 L	 2.49  
 3329 V	 4.25  
 3330 I	 3.96  
 3331 A	 18.13  
 3332 E	 42.00  
 3333 P	 45.34  
 3334 D	 58.85  
 3335 E	 61.32  
 3336 E	 46.77  
 3337 A	 13.01  
 3338 A	 10.87  
 3339 L	 6.49  
 3340 A	 11.37  
 3341 A	 11.58  
 3342 K	 44.27  
 3343 A	 10.50  
 3344 I	 4.81  
 3345 E	 37.15  
 3346 T	 33.57  
 3347 A	 13.94  
 3348 G	 49.17  
 3349 E	 34.92  
 3350 P	 30.32  
 3351 A	 12.61  
 3352 S	 38.12  
 3353 I	 6.44  
 3354 L	 5.89  
 3355 E	 70.59  
 3356 E	 43.02  
 3357 P	 36.54  
 3358 E	 60.50  
 3359 M	 17.80  
 3360 E	 42.20  
 3361 P	 44.63  
 3362 E	 50.26  
 3363 R	 60.17  
 3364 E	 56.58  
 3365 A	 39.58  
 3366 E	 45.54  
 3367 P	 66.53  
 3368 D	 52.30  
 3369 P	 70.54  
 3370 D	 62.14  
 3371 P	 48.35  
 3372 E	 67.33  
 3373 A	 28.58  
 3374 E	 45.70  
 3375 I	 10.20  
 3376 E	 40.32  
 3377 S	 53.51  
 3378 E	 29.35  
 3379 P	 44.74  
 3380 V	 5.14  
 3381 V	 6.52  
 3382 E	 37.28  
 3383 V	 5.06  
 3384 L	 6.02  
 3385 D	 54.46  
 3386 P	 32.57  
 3387 E	 74.84  
 3388 E	 64.13  
 3389 L	 8.31  
 3390 N	 33.26  
 3391 K	 63.66  
 3392 A	 11.96  
 3393 V	 4.19  
 3394 Q	 48.16  
 3395 S	 32.55  
 3396 L	 3.52  
 3397 K	 50.63  
 3398 H	 41.40  
 3399 E	 46.12  
 3400 D	 37.11  
 3401 M	 2.07  
 3402 M	 8.13  
 3403 D	 32.38  
 3404 I	 1.84  
 3405 K	 35.63  
 3406 A	 26.66  
 3407 D	 54.65  
 3408 T	 28.25  
 3409 P	 35.93  
 3410 Q	 61.08  
 3411 S	 35.48  
 3412 E	 44.99  
 3413 R	 56.01  
 3414 D	 38.58  
 3415 L	 6.35  
 3416 Q	 35.48  
 3417 I	 8.83  
 3418 D	 26.10  
 3419 T	 46.58  
 3420 D	 48.66  
 3421 T	 47.49  
 3422 E	 59.60  
 3423 E	 75.94  
 3424 N	 42.99  
 3425 P	 44.06  
 3426 D	 75.25  
 3427 E	 56.48  
 3428 A	 29.39  
 3429 D	 41.09  
 3430 S	 44.22  
 3431 S	 56.10  
 3432 G	 21.55  
 3433 P	 38.14  
 3434 S	 45.91  
 3435 L	 6.75  
 3436 K	 53.07  
 3437 I	 7.59  
 3438 D	 43.88  
 3439 E	 55.11  
 3440 T	 21.79  
 3441 V	 4.96  
 3442 Q	 45.04  
 3443 S	 28.05  
 3444 S	 20.11  
 3445 S	 55.98  
 3446 S	 38.74  
 3447 P	 55.79  
 3448 E	 62.47  
 3449 K	 57.37  
 3450 S	 29.59  
 3451 I	 8.28  
 3452 S	 36.73  
 3453 N	 51.86  
 3454 N	 42.44  
 3455 S	 34.11  
 3456 P	 48.85  
 3457 T	 34.50  
 3458 P	 35.18  
 3459 R	 57.27  
 3460 E	 54.17  
 3461 T	 26.70  
 3462 A	 13.26  
 3463 N	 39.63  
 3464 I	 4.75  
 3465 D	 50.53  
 3466 I	 2.07  
 3467 P	 34.76  
 3468 N	 50.99  
 3469 V	 6.67  
 3470 E	 50.74  
 3471 S	 47.72  
 3472 Q	 26.16  
 3473 P	 49.16  
 3474 K	 57.84  
 3475 L	 9.40  
 3476 S	 44.68  
 3477 N	 58.64  
 3478 E	 53.25  
 3479 S	 50.03  
 3480 T	 21.55  
 3481 P	 54.05  
 3482 Q	 42.88  
 3483 P	 31.59  
 3484 S	 22.39  
 3485 V	 9.07  
 3486 I	 3.10  
 3487 T	 25.11  
 3488 K	 42.93  
 3489 L	 2.44  
 3490 P	 29.34  
 3491 F	 16.27  
 3492 L	 7.28  
 3493 D	 62.43  
 3494 T	 28.91  
 3495 P	 29.95  
 3496 K	 65.33  
 3497 T	 32.69  
 3498 V	 3.69  
 3499 P	 26.33  
 3500 A	 28.02  
 3501 G	 32.42  
 3502 L	 6.48  
 3503 P	 26.80  
 3504 P	 57.20  
 3505 S	 40.15  
 3506 P	 36.88  
 3507 V	 13.15  
 3508 K	 44.74  
 3509 I	 11.07  
 3510 E	 39.24  
 3511 P	 34.50  
 3512 P	 29.58  
 3513 T	 48.90  
 3514 I	 4.16  
 3515 S	 29.77  
 3516 K	 46.60  
 3517 L	 4.58  
 3518 Q	 46.73  
 3519 Q	 43.67  
 3520 P	 22.87  
 3521 L	 4.93  
 3522 V	 8.44  
 3523 Q	 39.88  
 3524 P	 16.83  
 3525 V	 4.10  
 3526 Q	 32.35  
 3527 T	 25.01  
 3528 V	 3.18  
 3529 L	 3.21  
 3530 P	 39.13  
 3531 A	 15.41  
 3532 P	 21.74  
 3533 H	 39.85  
 3534 S	 33.14  
 3535 T	 32.12  
 3536 G	 27.22  
 3537 S	 32.80  
 3538 G	 21.15  
 3539 I	 3.63  
 3540 S	 25.56  
 3541 A	 15.47  
 3542 N	 29.98  
 3543 S	 24.88  
 3544 V	 3.18  
 3545 I	 4.20  
 3546 N	 25.91  
 3547 L	 4.88  
 3548 D	 43.49  
 3549 L	 4.52  
 3550 S	 28.81  
 3551 N	 42.30  
 3552 V	 3.95  
 3553 I	 2.69  
 3554 S	 22.47  
 3555 S	 15.50  
 3556 C	 2.65  
 3557 S	 45.12  
 3558 N	 42.24  
 3559 T	 11.93  
 3560 S	 26.53  
 3561 A	 11.91  
 3562 A	 10.24  
 3563 S	 26.35  
 3564 A	 11.49  
 3565 T	 20.74  
 3566 A	 11.65  
 3567 S	 20.57  
 3568 A	 13.47  
 3569 S	 21.76  
 3570 A	 15.59  
 3571 S	 19.10  
 3572 I	 3.85  
 3573 S	 22.51  
 3574 F	 12.23  
 3575 G	 26.40  
 3576 S	 19.64  
 3577 P	 32.15  
 3578 T	 40.41  
 3579 A	 16.71  
 3580 S	 26.84  
 3581 Q	 38.96  
 3582 N	 35.39  
 3583 A	 11.91  
 3584 M	 3.11  
 3585 P	 24.95  
 3586 Q	 34.56  
 3587 A	 14.97  
 3588 S	 39.74  
 3589 T	 37.20  
 3590 P	 25.20  
 3591 K	 68.89  
 3592 Q	 65.19  
 3593 G	 23.00  
 3594 P	 25.45  
 3595 I	 12.88  
 3596 T	 20.41  
 3597 P	 25.63  
 3598 Q	 36.37  
 3599 Q	 39.70  
 3600 A	 6.49  
 3601 I	 4.21  
 3602 R	 29.72  
 3603 T	 19.18  
 3604 Q	 26.79  
 3605 S	 21.17  
 3606 L	 2.44  
 3607 I	 2.67  
 3608 M	 6.24  
 3609 Q	 33.55  
 3610 P	 15.60  
 3611 P	 26.02  
 3612 T	 33.76  
 3613 I	 4.30  
 3614 S	 34.27  
 3615 I	 3.73  
 3616 P	 22.35  
 3617 E	 66.47  
 3618 Q	 55.78  
 3619 T	 19.64  
 3620 P	 21.94  
 3621 H	 27.04  
 3622 F	 8.47  
 3623 A	 14.73  
 3624 V	 3.10  
 3625 P	 17.08  
 3626 Q	 28.19  
 3627 M	 2.40  
 3628 V	 3.94  
 3629 L	 5.33  
 3630 S	 14.96  
 3631 P	 35.22  
 3632 Q	 52.61  
 3633 S	 27.44  
 3634 H	 31.25  
 3635 H	 27.41  
 3636 P	 29.13  
 3637 Q	 58.71  
 3638 Q	 42.72  
 3639 P	 31.67  
 3640 G	 25.74  
 3641 T	 18.35  
 3642 Y	 8.84  
 3643 M	 1.92  
 3644 V	 3.98  
 3645 G	 6.27  
 3646 I	 2.00  
 3647 R	 34.22  
 3648 A	 13.65  
 3649 P	 38.25  
 3650 S	 33.97  
 3651 P	 30.80  
 3652 H	 46.51  
 3653 S	 32.32  
 3654 P	 30.93  
 3655 L	 7.57  
 3656 H	 35.02  
 3657 S	 36.41  
 3658 P	 26.25  
 3659 G	 41.82  
 3660 R	 39.53  
 3661 G	 25.65  
 3662 V	 4.17  
 3663 A	 12.40  
 3664 Q	 27.03  
 3665 S	 20.18  
 3666 R	 22.70  
 3667 L	 6.50  
 3668 V	 4.45  
 3669 G	 27.57  
 3670 Q	 31.15  
 3671 L	 5.27  
 3672 S	 15.06  
 3673 P	 40.97  
 3674 V	 10.24  
 3675 G	 31.21  
 3676 R	 19.17  
 3677 P	 22.92  
 3678 M	 4.34  
 3679 V	 5.50  
 3680 S	 30.07  
 3681 Q	 30.95  
 3682 P	 40.23  
 3683 S	 27.92  
 3684 P	 42.56  
 3685 Q	 51.15  
 3686 Q	 49.12  
 3687 Q	 29.73  
 3688 V	 3.86  
 3689 Q	 35.94  
 3690 Q	 42.28  
 3691 T	 15.97  
 3692 Q	 36.28  
 3693 Q	 40.18  
 3694 Q	 17.63  
 3695 H	 20.40  
 3696 A	 9.05  
 3697 L	 4.04  
 3698 I	 3.58  
 3699 T	 34.89  
 3700 S	 17.59  
 3701 P	 29.44  
 3702 Q	 60.29  
 3703 S	 28.83  
 3704 S	 32.70  
 3705 N	 43.96  
 3706 I	 4.92  
 3707 S	 20.36  
 3708 P	 28.31  
 3709 L	 6.18  
 3710 A	 19.49  
 3711 S	 30.38  
 3712 P	 31.98  
 3713 T	 25.41  
 3714 T	 23.36  
 3715 R	 29.83  
 3716 V	 5.97  
 3717 L	 3.56  
 3718 S	 28.94  
 3719 S	 29.40  
 3720 S	 37.64  
 3721 N	 54.69  
 3722 S	 26.10  
 3723 P	 43.90  
 3724 T	 43.45  
 3725 T	 29.90  
 3726 S	 36.76  
 3727 K	 43.26  
 3728 V	 6.03  
 3729 N	 38.44  
 3730 S	 28.29  
 3731 Y	 19.82  
 3732 Q	 30.23  
 3733 P	 29.02  
 3734 R	 37.76  
 3735 N	 43.23  
 3736 Q	 47.10  
 3737 Q	 53.02  
 3738 V	 3.13  
 3739 P	 23.81  
 3740 Q	 69.80  
 3741 Q	 34.08  
 3742 P	 47.56  
 3743 S	 40.39  
 3744 P	 39.36  
 3745 K	 63.00  
 3746 S	 29.91  
 3747 V	 7.03  
 3748 A	 20.52  
 3749 E	 32.76  
 3750 V	 4.40  
 3751 Q	 31.03  
 3752 T	 45.69  
 3753 T	 7.61  
 3754 P	 28.79  
 3755 Q	 41.60  
 3756 L	 3.26  
 3757 M	 2.41  
 3758 T	 28.21  
 3759 I	 1.68  
 3760 P	 21.41  
 3761 L	 7.26  
 3762 Q	 28.28  
 3763 K	 53.04  
 3764 M	 3.30  
 3765 T	 25.03  
 3766 P	 16.12  
 3767 I	 4.79  
 3768 Q	 43.84  
 3769 V	 5.15  
 3770 P	 12.05  
 3771 H	 40.48  
 3772 H	 18.35  
 3773 P	 23.43  
 3774 T	 26.96  
 3775 I	 3.84  
 3776 I	 3.43  
 3777 S	 18.62  
 3778 K	 30.25  
 3779 V	 3.31  
 3780 V	 5.08  
 3781 T	 19.19  
 3782 V	 5.44  
 3783 Q	 22.25  
 3784 P	 24.74  
 3785 Q	 28.57  
 3786 Q	 53.73  
 3787 A	 11.45  
 3788 T	 25.15  
 3789 Q	 34.58  
 3790 S	 23.44  
 3791 Q	 25.61  
 3792 V	 7.26  
 3793 A	 9.17  
 3794 S	 44.51  
 3795 S	 22.31  
 3796 P	 26.16  
 3797 P	 51.83  
 3798 L	 9.15  
 3799 G	 32.67  
 3800 S	 45.44  
 3801 L	 7.89  
 3802 P	 30.55  
 3803 P	 57.27  
 3804 H	 32.17  
 3805 K	 67.45  
 3806 N	 24.33  
 3807 V	 6.92  
 3808 H	 23.82  
 3809 L	 5.43  
 3810 N	 22.09  
 3811 A	 16.41  
 3812 H	 26.50  
 3813 Q	 47.20  
 3814 N	 31.59  
 3815 Q	 36.39  
 3816 Q	 65.55  
 3817 Q	 22.19  
 3818 P	 26.52  
 3819 Q	 34.61  
 3820 V	 6.14  
 3821 I	 2.28  
 3822 A	 9.19  
 3823 K	 26.17  
 3824 M	 2.71  
 3825 T	 21.93  
 3826 A	 9.24  
 3827 H	 19.25  
 3828 Q	 33.35  
 3829 H	 21.28  
 3830 Q	 28.45  
 3831 Q	 31.71  
 3832 H	 14.95  
 3833 M	 2.66  
 3834 Q	 31.10  
 3835 Q	 30.01  
 3836 F	 2.38  
 3837 M	 2.13  
 3838 H	 18.93  
 3839 Q	 23.81  
 3840 Q	 19.10  
 3841 M	 1.96  
 3842 I	 2.38  
 3843 Q	 31.61  
 3844 R	 27.48  
 3845 Q	 22.58  
 3846 Q	 35.89  
 3847 H	 14.00  
 3848 M	 3.15  
 3849 Q	 35.49  
 3850 Q	 25.97  
 3851 Q	 30.80  
 3852 Q	 30.96  
 3853 L	 4.21  
 3854 H	 28.10  
 3855 G	 37.11  
 3856 Q	 27.59  
 3857 S	 28.75  
 3858 Q	 30.70  
 3859 Q	 46.29  
 3860 I	 2.26  
 3861 T	 17.94  
 3862 S	 39.31  
 3863 A	 10.10  
 3864 P	 31.77  
 3865 Q	 38.88  
 3866 H	 26.35  
 3867 Q	 26.30  
 3868 M	 2.64  
 3869 H	 19.99  
 3870 Q	 36.79  
 3871 Q	 18.91  
 3872 H	 20.55  
 3873 Q	 36.21  
 3874 A	 13.66  
 3875 Q	 34.74  
 3876 Q	 46.17  
 3877 Q	 32.59  
 3878 Q	 39.99  
 3879 Q	 35.15  
 3880 H	 19.96  
 3881 H	 29.47  
 3882 N	 40.87  
 3883 Q	 27.93  
 3884 Q	 48.64  
 3885 H	 19.58  
 3886 L	 5.56  
 3887 N	 25.98  
 3888 Q	 54.28  
 3889 Q	 33.86  
 3890 L	 2.32  
 3891 H	 19.70  
 3892 A	 21.22  
 3893 Q	 31.22  
 3894 Q	 45.36  
 3895 H	 18.46  
 3896 P	 31.99  
 3897 T	 46.39  
 3898 Q	 48.11  
 3899 K	 52.83  
 3900 Q	 24.90  
 3901 H	 31.79  
 3902 Q	 38.07  
 3903 A	 13.66  
 3904 Q	 30.91  
 3905 Q	 53.50  
 3906 Q	 27.46  
 3907 F	 8.50  
 3908 N	 28.63  
 3909 Q	 42.94  
 3910 Q	 36.24  
 3911 I	 2.83  
 3912 Q	 30.30  
 3913 Q	 37.91  
 3914 H	 16.94  
 3915 Q	 38.30  
 3916 S	 28.03  
 3917 Q	 40.14  
 3918 Q	 48.23  
 3919 Q	 22.73  
 3920 H	 25.99  
 3921 Q	 30.31  
 3922 V	 5.35  
 3923 Q	 32.35  
 3924 Q	 45.39  
 3925 Q	 27.23  
 3926 N	 34.51  
 3927 Q	 35.89  
 3928 A	 19.39  
 3929 Q	 33.43  
 3930 Q	 35.36  
 3931 Q	 27.66  
 3932 H	 24.10  
 3933 L	 4.26  
 3934 S	 24.66  
 3935 Q	 54.00  
 3936 Q	 39.07  
 3937 Q	 29.02  
 3938 H	 25.56  
 3939 Q	 38.30  
 3940 S	 28.03  
 3941 Q	 28.59  
 3942 Q	 55.78  
 3943 Q	 34.44  
 3944 L	 5.62  
 3945 N	 34.82  
 3946 Q	 51.21  
 3947 Q	 29.59  
 3948 H	 18.38  
 3949 Q	 36.21  
 3950 A	 13.66  
 3951 Q	 34.74  
 3952 Q	 35.68  
 3953 Q	 33.59  
 3954 Q	 36.58  
 3955 L	 3.34  
 3956 Q	 33.71  
 3957 Q	 48.98  
 3958 I	 2.22  
 3959 Q	 35.75  
 3960 K	 50.31  
 3961 L	 2.15  
 3962 Q	 45.66  
 3963 Q	 35.95  
 3964 M	 2.26  
 3965 H	 40.21  
 3966 G	 19.17  
 3967 P	 17.71  
 3968 Q	 59.30  
 3969 Q	 51.29  
 3970 Q	 47.63  
 3971 Q	 43.80  
 3972 K	 60.82  
 3973 S	 20.37  
 3974 P	 41.82  
 3975 Q	 67.31  
 3976 G	 30.66  
 3977 V	 3.53  
 3978 G	 19.68  
 3979 H	 20.92  
 3980 L	 7.36  
 3981 G	 23.49  
 3982 G	 33.83  
 3983 S	 19.72  
 3984 T	 29.17  
 3985 S	 19.87  
 3986 I	 3.20  
 3987 F	 5.54  
 3988 A	 12.54  
 3989 S	 21.44  
 3990 Q	 45.16  
 3991 Q	 34.92  
 3992 H	 28.42  
 3993 N	 27.41  
 3994 S	 30.85  
 3995 Q	 57.70  
 3996 L	 3.43  
 3997 P	 16.57  
 3998 A	 29.47  
 3999 R	 44.71  
 4000 G	 37.25  
 4001 V	 3.01  
 4002 P	 29.14  
 4003 Q	 53.83  
 4004 Q	 37.16  
 4005 Q	 45.01  
 4006 H	 20.14  
 4007 P	 21.19  
 4008 Q	 55.51  
 4009 Q	 49.75  
 4010 L	 4.13  
 4011 S	 19.58  
 4012 H	 40.67  
 4013 S	 32.38  
 4014 S	 28.97  
 4015 P	 32.92  
 4016 C	 14.30  
 4017 K	 44.69  
 4018 P	 45.84  
 4019 N	 31.38  
 4020 T	 36.74  
 4021 L	 3.25  
 4022 V	 5.89  
 4023 S	 20.61  
 4024 V	 4.90  
 4025 N	 25.94  
 4026 Q	 51.80  
 4027 G	 18.15  
 4028 V	 5.79  
 4029 Q	 45.12  
 4030 P	 20.20  
 4031 P	 18.16  
 4032 A	 18.99  
 4033 I	 5.07  
 4034 L	 2.45  
 4035 T	 19.73  
 4036 R	 27.62  
 4037 V	 8.53  
 4038 G	 19.15  
 4039 S	 19.67  
 4040 H	 25.23  
 4041 S	 49.37  
 4042 Q	 35.22  
 4043 P	 43.54  
 4044 N	 44.66  
 4045 Q	 49.49  
 4046 Q	 39.36  
 4047 Q	 36.69  
 4048 Q	 53.26  
 4049 L	 3.39  
 4050 P	 20.92  
 4051 H	 47.07  
 4052 Q	 42.80  
 4053 Q	 42.10  
 4054 S	 21.65  
 4055 S	 35.68  
 4056 S	 46.50  
 4057 G	 40.05  
 4058 H	 20.72  
 4059 P	 34.82  
 4060 H	 41.62  
 4061 Q	 39.37  
 4062 K	 50.61  
 4063 Q	 39.75  
 4064 L	 7.63  
 4065 S	 31.80  
 4066 S	 35.63  
 4067 P	 42.41  
 4068 G	 29.10  
 4069 A	 20.12  
 4070 N	 48.37  
 4071 L	 4.43  
 4072 P	 23.41  
 4073 L	 11.31  
 4074 Q	 38.85  
 4075 T	 37.11  
 4076 P	 14.69  
 4077 L	 10.18  
 4078 N	 30.01  
 4079 V	 6.66  
 4080 I	 2.25  
 4081 Q	 43.38  
 4082 N	 47.42  
 4083 T	 15.02  
 4084 P	 33.14  
 4085 K	 42.92  
 4086 I	 3.82  
 4087 I	 2.60  
 4088 V	 5.23  
 4089 Q	 20.80  
 4090 Q	 19.85  
 4091 H	 10.21  
 4092 I	 2.09  
 4093 V	 4.15  
 4094 A	 11.29  
 4095 Q	 29.96  
 4096 N	 34.77  
 4097 Q	 36.69  
 4098 V	 11.44  
 4099 P	 25.70  
 4100 P	 34.47  
 4101 P	 43.72  
 4102 Q	 52.83  
 4103 T	 44.19  
 4104 Q	 37.58  
 4105 G	 28.99  
 4106 N	 26.38  
 4107 A	 9.21  
 4108 I	 3.57  
 4109 H	 26.30  
 4110 Y	 10.62  
 4111 P	 16.69  
 4112 Q	 47.95  
 4113 N	 48.33  
 4114 Q	 55.88  
 4115 G	 43.20  
 4116 K	 38.45  
 4117 D	 65.65  
 4118 S	 46.42  
 4119 T	 43.57  
 4120 P	 36.51  
 4121 P	 45.68  
 4122 G	 38.38  
 4123 H	 26.92  
 4124 V	 13.45  
 4125 E	 37.47  
 4126 P	 42.46  
 4127 T	 15.35  
 4128 P	 36.36  
 4129 A	 13.67  
 4130 M	 3.43  
 4131 S	 29.65  
 4132 A	 11.21  
 4133 Q	 42.10  
 4134 K	 54.45  
 4135 T	 26.16  
 4136 S	 34.60  
 4137 E	 61.46  
 4138 S	 21.33  
 4139 V	 4.68  
 4140 S	 22.55  
 4141 V	 3.00  
 4142 I	 2.94  
 4143 R	 32.28  
 4144 T	 22.01  
 4145 P	 26.91  
 4146 T	 32.43  
 4147 P	 29.21  
 4148 T	 35.65  
 4149 T	 31.25  
 4150 G	 17.70  
 4151 L	 3.02  
 4152 A	 9.65  
 4153 V	 4.23  
 4154 I	 2.40  
 4155 S	 14.63  
 4156 A	 12.46  
 4157 N	 28.62  
 4158 T	 26.43  
 4159 V	 5.00  
 4160 G	 15.55  
 4161 S	 18.83  
 4162 L	 5.88  
 4163 L	 6.41  
 4164 T	 46.69  
 4165 E	 44.87  
 4166 E	 52.69  
 4167 N	 40.61  
 4168 L	 4.83  
 4169 I	 5.85  
 4170 K	 39.20  
 4171 I	 3.52  
 4172 S	 35.11  
 4173 Q	 53.32  
 4174 P	 29.50  
 4175 K	 63.85  
 4176 Q	 56.97  
 4177 D	 59.81  
 4178 E	 49.51  
 4179 L	 7.60  
 4180 I	 4.15  
 4181 E	 62.04  
 4182 Q	 53.97  
 4183 D	 49.22  
 4184 S	 30.34  
 4185 K	 70.78  
 4186 E	 56.35  
 4187 V	 11.10  
 4188 D	 36.56  
 4189 S	 37.46  
 4190 D	 44.44  
 4191 Y	 12.76  
 4192 W	 9.23  
 4193 S	 24.19  
 4194 A	 9.62  
 4195 K	 57.59  
 4196 E	 40.28  
 4197 V	 8.19  
 4198 N	 33.18  
 4199 I	 5.16  
 4200 D	 31.48  
 4201 S	 23.19  
 4202 V	 7.06  
 4203 I	 3.64  
 4204 K	 45.16  
 4205 K	 40.23  
 4206 L	 8.23  
 4207 D	 55.98  
 4208 T	 30.55  
 4209 P	 26.12  
 4210 L	 10.24  
 4211 A	 18.75  
 4212 S	 38.46  
 4213 K	 56.98  
 4214 D	 55.62  
 4215 A	 13.63  
 4216 K	 51.53  
 4217 R	 45.65  
 4218 A	 10.83  
 4219 V	 7.95  
 4220 E	 25.29  
 4221 M	 2.34  
 4222 Q	 18.99  
 4223 A	 9.90  
 4224 I	 2.38  
 4225 A	 9.38  
 4226 P	 32.24  
 4227 A	 12.96  
 4228 P	 41.32  
 4229 I	 5.82  
 4230 P	 45.44  
 4231 N	 48.86  
 4232 P	 36.07  
 4233 Q	 66.24  
 4234 P	 44.98  
 4235 G	 39.29  
 4236 N	 37.12  
 4237 Q	 40.26  
 4238 S	 21.78  
 4239 M	 3.00  
 4240 A	 14.87  
 4241 Q	 39.67  
 4242 E	 26.89  
 4243 T	 22.78  
 4244 A	 15.70  
 4245 L	 5.17  
 4246 P	 31.03  
 4247 T	 32.14  
 4248 T	 22.09  
 4249 S	 16.13  
 4250 M	 4.94  
 4251 S	 22.81  
 4252 V	 6.18  
 4253 N	 38.62  
 4254 N	 39.78  
 4255 S	 38.13  
 4256 N	 53.40  
 4257 D	 40.64  
 4258 H	 48.41  
 4259 D	 55.44  
 4260 T	 41.75  
 4261 E	 60.96  
 4262 D	 70.93  
 4263 E	 42.16  
 4264 T	 55.78  
 4265 E	 39.69  
 4266 T	 31.00  
 4267 R	 29.79  
 4268 Q	 66.78  
 4269 L	 5.03  
 4270 P	 20.61  
 4271 P	 62.60  
 4272 A	 34.74  
 4273 K	 58.04  
 4274 P	 33.87  
 4275 P	 44.47  
 4276 I	 6.40  
 4277 P	 27.14  
 4278 T	 35.99  
 4279 V	 5.27  
 4280 G	 38.56  
 4281 R	 29.88  
 4282 P	 29.75  
 4283 P	 43.69  
 4284 G	 43.48  
 4285 R	 52.66  
 4286 G	 40.08  
 4287 G	 24.06  
 4288 S	 33.18  
 4289 A	 14.61  
 4290 K	 58.02  
 4291 R	 45.29  
 4292 G	 31.69  
 4293 R	 47.57  
 4294 Q	 34.56  
 4295 P	 35.00  
 4296 R	 49.73  
 4297 G	 48.72  
 4298 A	 15.13  
 4299 K	 51.30  
 4300 K	 45.65  
 4301 V	 10.00  
 4302 G	 40.69  
 4303 G	 24.80  
 4304 F	 5.24  
 4305 P	 33.63  
 4306 L	 7.53  
 4307 N	 34.37  
 4308 S	 28.64  
 4309 V	 4.03  
 4310 T	 19.54  
 4311 A	 18.80  
 4312 A	 11.06  
 4313 P	 24.58  
 4314 P	 51.19  
 4315 G	 34.50  
 4316 V	 5.80  
 4317 D	 42.01  
 4318 S	 22.21  
 4319 L	 3.66  
 4320 V	 4.32  
 4321 V	 7.43  
 4322 Q	 28.87  
 4323 P	 40.26  
 4324 G	 24.75  
 4325 D	 56.23  
 4326 N	 59.45  
 4327 G	 20.04  
 4328 V	 7.05  
 4329 Q	 23.46  
 4330 T	 29.30  
 4331 R	 18.53  
 4332 L	 10.55  
 4333 R	 37.63  
 4334 K	 48.72  
 4335 P	 23.43  
 4336 V	 8.82  
 4337 T	 33.50  
 4338 A	 9.22  
 4339 P	 20.74  
 4340 V	 5.45  
 4341 T	 26.75  
 4342 R	 43.06  
 4343 G	 26.70  
 4344 R	 34.66  
 4345 K	 63.19  
 4346 G	 46.06  
 4347 R	 40.87  
 4348 P	 40.65  
 4349 P	 36.11  
 4350 R	 49.46  
 4351 N	 40.59  
 4352 L	 5.50  
 4353 L	 4.66  
 4354 L	 4.94  
 4355 Q	 38.72  
 4356 Q	 32.72  
 4357 Q	 32.75  
 4358 Q	 36.58  
 4359 L	 4.28  
 4360 Q	 34.40  
 4361 Q	 41.39  
 4362 Q	 32.61  
 4363 Q	 36.44  
 4364 L	 5.64  
 4365 D	 30.54  
 4366 I	 6.08  
 4367 Q	 40.47  
 4368 R	 37.52  
 4369 K	 46.35  
 4370 G	 21.33  
 4371 M	 3.17  
 4372 E	 38.89  
 4373 M	 2.71  
 4374 V	 2.14  
 4375 T	 16.01  
 4376 S	 20.38  
 4377 A	 11.35  
 4378 T	 23.99  
 4379 S	 31.75  
 4380 S	 29.68  
 4381 T	 28.72  
 4382 P	 37.99  
 4383 L	 8.16  
 4384 P	 37.01  
 4385 T	 41.34  
 4386 P	 28.73  
 4387 I	 6.81  
 4388 P	 27.68  
 4389 T	 34.06  
 4390 S	 17.07  
 4391 S	 24.51  
 4392 V	 5.73  
 4393 L	 2.66  
 4394 T	 22.97  
 4395 A	 14.95  
 4396 A	 24.73  
 4397 E	 53.26  
 4398 K	 47.18  
 4399 K	 44.05  
 4400 A	 27.07  
 4401 R	 44.68  
 4402 N	 36.01  
 4403 Q	 31.99  
 4404 A	 19.00  
 4405 L	 2.35  
 4406 T	 25.52  
 4407 Q	 41.73  
 4408 A	 15.05  
 4409 Q	 42.88  
 4410 E	 55.29  
 4411 Q	 33.31  
 4412 N	 37.23  
 4413 Q	 31.67  
 4414 V	 7.89  
 4415 A	 5.63  
 4416 S	 26.92  
 4417 Q	 28.11  
 4418 V	 7.40  
 4419 G	 19.25  
 4420 T	 32.58  
 4421 G	 19.75  
 4422 Q	 33.49  
 4423 D	 46.94  
 4424 I	 2.46  
 4425 Y	 22.34  
 4426 E	 40.64  
 4427 F	 4.25  
 4428 H	 21.94  
 4429 E	 64.77  
 4430 D	 62.92  
 4431 G	 42.29  
 4432 G	 48.71  
 4433 E	 76.33  
 4434 E	 63.00  
 4435 P	 54.68  
 4436 K	 63.53  
 4437 P	 50.14  
 4438 K	 65.69  
 4439 T	 34.32  
 4440 I	 3.45  
 4441 S	 24.80  
 4442 S	 20.60  
 4443 V	 7.88  
 4444 A	 8.35  
 4445 P	 31.73  
 4446 S	 34.26  
 4447 A	 24.27  
 4448 E	 60.04  
 4449 D	 49.89  
 4450 Q	 49.10  
 4451 R	 30.54  
 4452 P	 29.78  
 4453 R	 36.23  
 4454 L	 4.11  
 4455 I	 3.17  
 4456 L	 4.69  
 4457 T	 18.60  
 4458 I	 4.45  
 4459 N	 35.77  
 4460 K	 44.69  
 4461 T	 41.02  
 4462 Q	 31.21  
 4463 P	 43.16  
 4464 S	 36.06  
 4465 I	 5.15  
 4466 K	 53.19  
 4467 N	 41.15  
 4468 I	 2.91  
 4469 S	 40.04  
 4470 E	 42.83  
 4471 M	 3.55  
 4472 E	 40.29  
 4473 Q	 42.46  
 4474 T	 13.88  
 4475 I	 3.30  
 4476 Q	 38.12  
 4477 Q	 38.92  
 4478 Q	 27.03  
 4479 Q	 38.42  
 4480 Q	 38.65  
 4481 Q	 44.42  
 4482 Q	 36.90  
 4483 S	 29.50  
 4484 E	 39.26  
 4485 V	 7.62  
 4486 I	 2.00  
 4487 S	 38.56  
 4488 N	 37.06  
 4489 T	 36.04  
 4490 D	 36.75  
 4491 P	 25.70  
 4492 I	 12.25  
 4493 G	 42.67  
 4494 G	 31.48  
 4495 D	 50.71  
 4496 N	 51.45  
 4497 S	 35.31  
 4498 E	 66.61  
 4499 S	 16.70  
 4500 C	 5.45  
 4501 N	 52.80  
 4502 T	 43.74  
 4503 R	 22.44  
 4504 K	 46.40  
 4505 S	 21.24  
 4506 R	 46.49  
 4507 R	 48.06  
 4508 L	 8.19  
 4509 Q	 58.88  
 4510 E	 64.11  
 4511 K	 52.53  
 4512 E	 58.88  
 4513 D	 61.98  
 4514 R	 35.01  
 4515 S	 45.14  
 4516 T	 28.93  
 4517 V	 7.02  
 4518 D	 41.29  
 4519 D	 39.15  
 4520 I	 3.00  
 4521 I	 4.81  
 4522 E	 45.12  
 4523 D	 33.53  
 4524 V	 2.56  
 4525 V	 6.37  
 4526 R	 44.07  
 4527 N	 26.52  
 4528 T	 29.88  
 4529 N	 47.84  
 4530 T	 21.86  
 4531 P	 30.79  
 4532 T	 45.39  
 4533 G	 29.85  
 4534 T	 50.44  
 4535 G	 14.69  
 4536 P	 26.19  
 4537 H	 56.99  
 4538 L	 5.44  
 4539 P	 29.96  
 4540 K	 73.56  
 4541 G	 22.45  
 4542 A	 19.05  
 4543 Q	 64.31  
 4544 T	 34.42  
 4545 P	 14.34  
 4546 P	 47.94  
 4547 R	 46.75  
 4548 R	 49.60  
 4549 S	 43.30  
 4550 G	 25.67  
 4551 R	 36.24  
 4552 N	 39.67  
 4553 A	 14.89  
 4554 Q	 58.21  
 4555 A	 16.95  
 4556 K	 44.09  
 4557 K	 55.44  
 4558 T	 28.60  
 4559 D	 54.33  
 4560 A	 10.59  
 4561 V	 4.71  
 4562 Q	 32.34  
 4563 I	 1.79  
 4564 I	 1.19  
 4565 N	 30.15  
 4566 A	 8.50  
 4567 V	 6.05  
 4568 G	 31.31  
 4569 R	 18.23  
 4570 P	 30.06  
 4571 R	 54.89  
 4572 R	 51.22  
 4573 S	 39.94  
 4574 K	 60.79  
 4575 D	 59.56  
 4576 R	 41.58  
 4577 K	 55.41  
 4578 T	 34.80  
 4579 I	 6.84  
 4580 G	 26.62  
 4581 E	 40.69  
 4582 Q	 40.47  
 4583 T	 17.14  
 4584 A	 14.44  
 4585 N	 44.96  
 4586 L	 4.90  
 4587 I	 4.21  
 4588 E	 49.97  
 4589 E	 37.87  
 4590 V	 3.34  
 4591 T	 27.87  
 4592 A	 13.13  
 4593 S	 20.03  
 4594 N	 36.85  
 4595 A	 10.85  
 4596 T	 18.22  
 4597 V	 3.78  
 4598 A	 10.01  
 4599 A	 7.98  
 4600 S	 14.86  
 4601 H	 22.68  
 4602 L	 7.68  
 4603 A	 16.51  
 4604 P	 33.56  
 4605 P	 47.23  
 4606 E	 61.69  
 4607 G	 33.14  
 4608 A	 19.73  
 4609 G	 34.28  
 4610 V	 7.27  
 4611 E	 33.92  
 4612 S	 27.64  
 4613 H	 23.05  
 4614 V	 4.50  
 4615 P	 24.48  
 4616 Q	 51.38  
 4617 L	 5.90  
 4618 D	 50.80  
 4619 A	 20.64  
 4620 K	 63.06  
 4621 E	 54.56  
 4622 V	 11.25  
 4623 E	 40.87  
 4624 P	 28.94  
 4625 V	 4.25  
 4626 S	 22.91  
 4627 V	 5.90  
 4628 V	 4.03  
 4629 T	 16.85  
 4630 P	 13.61  
 4631 I	 5.38  
 4632 S	 29.55  
 4633 T	 24.96  
 4634 P	 27.98  
 4635 A	 19.74  
 4636 P	 21.81  
 4637 V	 8.58  
 4638 S	 12.65  
 4639 V	 5.54  
 4640 A	 9.88  
 4641 A	 9.28  
 4642 P	 16.75  
 4643 V	 7.85  
 4644 T	 20.31  
 4645 V	 4.59  
 4646 P	 19.60  
 4647 V	 4.03  
 4648 P	 14.47  
 4649 A	 16.31  
 4650 M	 2.61  
 4651 V	 5.53  
 4652 P	 18.48  
 4653 V	 8.69  
 4654 K	 28.80  
 4655 P	 33.88  
 4656 T	 35.45  
 4657 M	 4.00  
 4658 P	 31.63  
 4659 Q	 55.48  
 4660 H	 30.21  
 4661 P	 44.93  
 4662 K	 65.86  
 4663 K	 52.46  
 4664 K	 51.67  
 4665 A	 12.92  
 4666 I	 3.53  
 4667 A	 12.89  
 4668 A	 10.26  
 4669 A	 14.85  
 4670 E	 42.43  
 4671 I	 3.50  
 4672 E	 34.59  
 4673 S	 28.36  
 4674 Y	 6.81  
 4675 Q	 45.07  
 4676 A	 8.49  
 4677 I	 2.79  
 4678 N	 32.49  
 4679 S	 24.43  
 4680 S	 33.75  
 4681 I	 2.94  
 4682 P	 28.95  
 4683 S	 43.77  
 4684 G	 35.98  
 4685 G	 30.83  
 4686 L	 3.77  
 4687 P	 22.83  
 4688 M	 4.38  
 4689 H	 21.65  
 4690 Q	 26.95  
 4691 T	 15.31  
 4692 A	 12.60  
 4693 A	 9.54  
 4694 P	 33.12  
 4695 A	 20.24  
 4696 T	 29.36  
 4697 Q	 36.94  
 4698 K	 37.57  
 4699 I	 2.88  
 4700 T	 34.61  
 4701 G	 31.86  
 4702 G	 11.64  
 4703 V	 4.63  
 4704 A	 11.43  
 4705 D	 45.13  
 4706 A	 9.57  
 4707 V	 6.58  
 4708 S	 17.58  
 4709 K	 38.86  
 4710 A	 12.81  
 4711 L	 5.29  
 4712 V	 10.51  
 4713 D	 32.57  
 4714 P	 20.35  
 4715 V	 6.69  
 4716 T	 30.99  
 4717 G	 14.74  
 4718 V	 2.28  
 4719 I	 2.01  
 4720 T	 18.11  
 4721 A	 10.93  
 4722 G	 21.47  
 4723 M	 1.76  
 4724 P	 38.56  
 4725 Q	 67.70  
 4726 G	 24.90  
 4727 K	 58.14  
 4728 E	 61.20  
 4729 G	 44.45  
 4730 N	 43.90  
 4731 L	 4.49  
 4732 P	 24.69  
 4733 A	 22.17  
 4734 A	 8.88  
 4735 T	 20.95  
 4736 A	 9.26  
 4737 A	 15.04  
 4738 A	 10.98  
 4739 P	 27.52  
 4740 A	 24.66  
 4741 N	 44.93  
 4742 S	 36.32  
 4743 S	 44.01  
 4744 N	 51.72  
 4745 E	 66.52  
 4746 D	 59.77  
 4747 G	 16.91  
 4748 Q	 46.82  
 4749 A	 27.71  
 4750 A	 14.83  
 4751 P	 44.08  
 4752 P	 25.25  
 4753 P	 46.59  
 4754 Q	 60.57  
 4755 L	 6.39  
 4756 Q	 27.39  
 4757 H	 35.69  
 4758 Q	 29.80  
 4759 Q	 40.71  
 4760 Q	 38.03  
 4761 Q	 38.93  
 4762 Q	 45.98  
 4763 H	 20.14  
 4764 P	 30.11  
 4765 Q	 67.31  
 4766 Q	 56.97  
 4767 P	 24.34  
 4768 P	 40.03  
 4769 Q	 55.49  
 4770 Q	 50.56  
 4771 Q	 27.28  
 4772 A	 17.86  
 4773 N	 28.30  
 4774 L	 6.40  
 4775 Q	 27.05  
 4776 I	 5.80  
 4777 N	 17.66  
 4778 T	 25.30  
 4779 T	 20.43  
 4780 L	 5.22  
 4781 I	 2.10  
 4782 P	 26.00  
 4783 S	 46.07  
 4784 G	 39.54  
 4785 L	 4.32  
 4786 P	 48.34  
 4787 N	 45.72  
 4788 P	 24.30  
 4789 I	 4.47  
 4790 T	 19.65  
 4791 A	 18.29  
 4792 L	 7.12  
 4793 G	 20.09  
 4794 K	 48.59  
 4795 S	 17.19  
 4796 V	 9.55  
 4797 Q	 40.44  
 4798 L	 7.90  
 4799 E	 24.51  
 4800 T	 32.05  
 4801 S	 13.41  
 4802 A	 12.27  
 4803 A	 9.82  
 4804 A	 16.58  
 4805 L	 4.67  
 4806 L	 7.12  
 4807 N	 47.65  
 4808 K	 46.92  
 4809 P	 23.65  
 4810 V	 7.07  
 4811 S	 20.47  
 4812 V	 7.88  
 4813 L	 2.28  
 4814 V	 7.56  
 4815 K	 42.14  
 4816 G	 27.70  
 4817 N	 30.60  
 4818 A	 15.26  
 4819 S	 29.04  
 4820 Q	 33.64  
 4821 V	 3.85  
 4822 I	 2.07  
 4823 Q	 35.85  
 4824 Q	 32.52  
 4825 Q	 40.31  
 4826 Q	 27.77  
 4827 P	 22.87  
 4828 Q	 38.15  
 4829 I	 3.48  
 4830 V	 4.37  
 4831 A	 10.44  
 4832 P	 29.15  
 4833 A	 17.24  
 4834 K	 56.39  
 4835 Q	 36.21  
 4836 P	 18.19  
 4837 I	 4.56  
 4838 I	 3.46  
 4839 L	 4.42  
 4840 Q	 30.51  
 4841 Q	 50.49  
 4842 N	 27.41  
 4843 P	 35.07  
 4844 L	 7.92  
 4845 P	 23.01  
 4846 T	 43.30  
 4847 V	 4.52  
 4848 L	 2.42  
 4849 H	 15.20  
 4850 H	 23.95  
 4851 A	 7.66  
 4852 Q	 30.06  
 4853 H	 25.04  
 4854 T	 18.20  
 4855 T	 16.64  
 4856 V	 10.20  
 4857 R	 34.78  
 4858 P	 27.78  
 4859 P	 37.55  
 4860 Q	 59.65  
 4861 P	 41.42  
 4862 L	 6.88  
 4863 K	 43.03  
 4864 A	 13.00  
 4865 H	 24.02  
 4866 V	 6.39  
 4867 L	 3.43  
 4868 N	 49.31  
 4869 R	 52.70  
 4870 E	 49.75  
 4871 K	 56.99  
 4872 N	 32.33  
 4873 I	 6.07  
 4874 Q	 34.07  
 4875 Q	 36.13  
 4876 Q	 30.81  
 4877 L	 5.57  
 4878 T	 25.28  
 4879 P	 46.31  
 4880 T	 30.47  
 4881 K	 37.15  
 4882 Q	 43.47  
 4883 A	 10.52  
 4884 V	 4.75  
 4885 A	 21.12  
 4886 Q	 43.54  
 4887 P	 22.30  
 4888 P	 26.89  
 4889 Q	 52.65  
 4890 H	 47.18  
 4891 A	 9.77  
 4892 P	 21.76  
 4893 H	 47.39  
 4894 S	 29.36  
 4895 G	 13.74  
 4896 H	 13.51  
 4897 M	 3.61  
 4898 L	 3.75  
 4899 L	 2.94  
 4900 T	 27.61  
 4901 D	 34.23  
 4902 T	 31.09  
 4903 A	 20.11  
 4904 G	 34.27  
 4905 N	 24.78  
 4906 Q	 36.75  
 4907 Q	 47.83  
 4908 L	 2.52  
 4909 V	 7.29  
 4910 Q	 32.54  
 4911 P	 21.62  
 4912 Q	 23.72  
 4913 I	 3.19  
 4914 I	 2.02  
 4915 A	 8.41  
 4916 R	 22.20  
 4917 H	 20.97  
 4918 L	 4.02  
 4919 Q	 32.67  
 4920 Q	 51.79  
 4921 Q	 21.50  
 4922 Q	 34.61  
 4923 H	 17.56  
 4924 L	 5.45  
 4925 Q	 23.71  
 4926 V	 11.11  
 4927 N	 27.84  
 4928 V	 8.71  
 4929 P	 24.77  
 4930 P	 34.29  
 4931 P	 35.83  
 4932 T	 42.66  
 4933 A	 13.61  
 4934 H	 44.32  
 4935 S	 23.11  
 4936 P	 23.31  
 4937 H	 54.15  
 4938 S	 21.18  
 4939 P	 34.88  
 4940 R	 57.37  
 4941 I	 4.34  
 4942 P	 27.62  
 4943 S	 37.95  
 4944 Q	 39.48  
 4945 Q	 37.01  
 4946 Q	 32.59  
 4947 Q	 44.01  
 4948 L	 8.53  
 4949 G	 17.79  
 4950 P	 43.71  
 4951 G	 30.11  
 4952 A	 13.56  
 4953 S	 29.52  
 4954 I	 7.45  
 4955 S	 17.73  
 4956 P	 34.04  
 4957 Q	 47.10  
 4958 Q	 47.46  
 4959 Q	 52.23  
 4960 Q	 27.94  
 4961 P	 27.72  
 4962 Q	 42.46  
 4963 T	 24.35  
 4964 V	 3.36  
 4965 V	 5.27  
 4966 I	 2.08  
 4967 K	 23.44  
 4968 Q	 30.91  
 4969 A	 9.81  
 4970 A	 9.37  
 4971 S	 27.44  
 4972 A	 12.85  
 4973 A	 21.06  
 4974 Q	 30.10  
 4975 P	 20.60  
 4976 Q	 38.50  
 4977 I	 3.50  
 4978 L	 1.80  
 4979 H	 21.40  
 4980 V	 3.91  
 4981 V	 3.58  
 4982 S	 25.65  
 4983 S	 22.19  
 4984 K	 36.86  
 4985 A	 14.98  
 4986 S	 27.64  
 4987 V	 9.70  
 4988 V	 3.18  
 4989 P	 37.67  
 4990 Q	 36.50  
 4991 P	 28.07  
 4992 Q	 48.76  
 4993 Q	 39.40  
 4994 Q	 41.34  
 4995 Q	 52.15  
 4996 L	 4.82  
 4997 P	 26.28  
 4998 P	 54.21  
 4999 T	 33.11  
 5000 S	 31.51  
 5001 S	 39.60  
 5002 T	 55.27  
 5003 G	 15.02  
 5004 P	 25.71  
 5005 H	 27.79  
 5006 L	 5.13  
 5007 Q	 36.02  
 5008 L	 9.23  
 5009 A	 16.58  
 5010 K	 42.25  
 5011 P	 39.11  
 5012 N	 37.36  
 5013 Y	 16.16  
 5014 S	 22.81  
 5015 Y	 13.26  
 5016 A	 6.32  
 5017 P	 18.14  
 5018 T	 21.70  
 5019 V	 5.65  
 5020 L	 5.37  
 5021 T	 15.19  
 5022 P	 27.98  
 5023 T	 39.89  
 5024 L	 2.42  
 5025 P	 32.63  
 5026 A	 18.18  
 5027 V	 5.08  
 5028 Q	 37.15  
 5029 Q	 36.13  
 5030 Q	 26.42  
 5031 Q	 40.33  
 5032 Q	 28.46  
 5033 Q	 24.98  
 5034 H	 27.13  
 5035 L	 5.06  
 5036 Y	 14.38  
 5037 K	 53.57  
 5038 Q	 40.32  
 5039 N	 44.09  
 5040 N	 43.07  
 5041 Q	 54.64  
 5042 Q	 48.55  
 5043 K	 46.58  
 5044 G	 20.55  
 5045 A	 15.44  
 5046 Q	 34.81  
 5047 I	 3.62  
 5048 Q	 26.67  
 5049 M	 6.27  
 5050 P	 11.02  
 5051 P	 32.75  
 5052 H	 33.93  
 5053 G	 19.52  
 5054 I	 1.91  
 5055 I	 2.99  
 5056 M	 2.71  
 5057 P	 19.69  
 5058 T	 24.27  
 5059 H	 15.85  
 5060 P	 32.16  
 5061 G	 16.27  
 5062 M	 3.88  
 5063 L	 4.91  
 5064 L	 3.63  
 5065 Q	 34.11  
 5066 Q	 49.58  
 5067 K	 43.40  
 5068 L	 3.83  
 5069 P	 25.35  
 5070 A	 26.85  
 5071 H	 24.06  
 5072 L	 9.62  
 5073 Q	 24.72  
 5074 P	 42.00  
 5075 Q	 40.19  
 5076 Q	 32.74  
 5077 H	 28.93  
 5078 Q	 38.30  
 5079 L	 10.77  
 5080 N	 28.56  
 5081 P	 57.73  
 5082 S	 49.30  
 5083 P	 40.12  
 5084 P	 55.39  
 5085 P	 67.82  
 5086 G	 64.92  
 5087 K	 47.60  
 5088 P	 57.16  
 5089 N	 42.68  
 5090 P	 38.28  
 5091 V	 8.61  
 5092 L	 2.53  
 5093 H	 34.84  
 5094 G	 22.66  
 5095 L	 2.26  
 5096 Q	 50.54  
 5097 S	 37.39  
 5098 G	 14.20  
 5099 Q	 33.77  
 5100 I	 4.03  
 5101 M	 2.06  
 5102 P	 33.27  
 5103 G	 19.99  
 5104 S	 19.89  
 5105 V	 12.48  
 5106 G	 35.81  
 5107 S	 31.88  
 5108 P	 31.14  
 5109 P	 43.55  
 5110 P	 35.76  
 5111 V	 8.19  
 5112 S	 19.11  
 5113 A	 11.21  
 5114 A	 10.32  
 5115 V	 5.87  
 5116 L	 3.32  
 5117 K	 34.90  
 5118 T	 26.07  
 5119 A	 12.00  
 5120 Q	 39.20  
 5121 Q	 46.88  
 5122 Q	 25.03  
 5123 V	 5.11  
 5124 N	 25.42  
 5125 S	 26.15  
 5126 V	 4.81  
 5127 V	 2.95  
 5128 P	 14.21  
 5129 V	 5.28  
 5130 A	 11.13  
 5131 G	 15.33  
 5132 I	 2.26  
 5133 R	 19.72  
 5134 T	 27.33  
 5135 A	 12.85  
 5136 I	 2.37  
 5137 P	 29.63  
 5138 N	 41.06  
 5139 I	 5.51  
 5140 S	 24.43  
 5141 P	 33.76  
 5142 Q	 48.16  
 5143 S	 45.60  
 5144 Q	 25.27  
 5145 P	 43.84  
 5146 R	 33.63  
 5147 V	 9.82  
 5148 S	 17.50  
 5149 P	 24.51  
 5150 L	 4.87  
 5151 V	 9.53  
 5152 L	 5.81  
 5153 P	 20.00  
 5154 P	 48.89  
 5155 G	 25.42  
 5156 I	 3.90  
 5157 S	 39.39  
 5158 G	 33.75  
 5159 V	 4.31  
 5160 P	 27.63  
 5161 P	 37.03  
 5162 F	 11.38  
 5163 D	 40.81  
 5164 A	 17.86  
 5165 S	 28.25  
 5166 L	 3.79  
 5167 H	 26.25  
 5168 D	 52.68  
 5169 L	 2.70  
 5170 G	 22.40  
 5171 A	 14.62  
 5172 Y	 8.05  
 5173 V	 4.92  
 5174 S	 17.57  
 5175 G	 17.03  
 5176 R	 30.85  
 5177 R	 40.41  
 5178 T	 31.85  
 5179 Q	 52.72  
 5180 S	 38.47  
 5181 P	 29.13  
 5182 P	 43.91  
 5183 P	 45.84  
 5184 A	 20.92  
 5185 H	 26.51  
 5186 Q	 42.51  
 5187 Q	 33.66  
 5188 A	 15.65  
 5189 S	 16.70  
 5190 P	 37.17  
 5191 I	 10.42  
 5192 T	 21.30  
 5193 P	 43.27  
 5194 N	 47.41  
 5195 D	 43.49  
 5196 S	 33.70  
 5197 T	 21.80  
 5198 Y	 14.88  
 5199 R	 32.94  
 5200 G	 15.66  
 5201 V	 2.75  
 5202 T	 23.03  
 5203 A	 10.52  
 5204 S	 24.02  
 5205 R	 38.43  
 5206 D	 30.71  
 5207 F	 3.36  
 5208 M	 3.90  
 5209 L	 3.62  
 5210 Y	 8.26  
 5211 Q	 17.35  
 5212 H	 11.51  
 5213 H	 13.04  
 5214 L	 2.05  
 5215 M	 3.04  
 5216 R	 52.91  
 5217 G	 21.25  
 5218 G	 21.68  
 5219 D	 46.65  
 5220 Y	 29.35  
 5221 D	 54.52  
 5222 D	 36.29  
 5223 K	 42.11  
 5224 M	 8.94  
 5225 G	 30.61  
 5226 S	 35.85  
 5227 S	 25.47  
 5228 P	 38.91  
 5229 P	 40.18  
 5230 L	 12.59  
 5231 E	 46.10  
 5232 L	 8.09  
 5233 R	 33.11  
 5234 R	 53.18  
 5235 P	 34.56  
 5236 G	 43.34  
 5237 S	 51.30  
 5238 G	 41.99  
 5239 P	 19.52  
 5240 P	 49.96  
 5241 R	 41.73  
 5242 T	 21.04  
 5243 I	 3.72  
 5244 A	 14.26  
 5245 V	 3.76  
 5246 P	 11.43  
 5247 H	 34.24  
 5248 S	 23.25  
 5249 L	 5.48  
 5250 Q	 56.96  
 5251 S	 29.80  
 5252 P	 27.42  
 5253 Q	 59.05  
 5254 D	 53.97  
 5255 R	 22.48  
 5256 T	 34.19  
 5257 A	 15.34  
 5258 A	 19.73  
 5259 D	 59.39  
 5260 S	 16.59  
 5261 P	 28.63  
 5262 Q	 43.74  
 5263 M	 2.98  
 5264 A	 7.16  
 5265 Q	 23.02  
 5266 V	 3.80  
 5267 Y	 5.50  
 5268 V	 2.70  
 5269 H	 16.56  
 5270 N	 22.47  
 5271 T	 18.33  
 5272 R	 44.74  
 5273 I	 4.51  
 5274 P	 19.41  
 5275 P	 35.68  
 5276 A	 15.82  
 5277 H	 32.32  
 5278 F	 8.34  
 5279 S	 20.44  
 5280 E	 41.45  
 5281 I	 4.01  
 5282 A	 6.79  
 5283 S	 32.32  
 5284 R	 30.07  
 5285 G	 26.54  
 5286 L	 4.11  
 5287 Y	 15.75  
 5288 D	 45.71  
 5289 S	 16.65  
 5290 G	 27.66  
 5291 A	 8.97  
 5292 L	 7.33  
 5293 Q	 43.15  
 5294 L	 12.72  
 5295 E	 42.68  
 5296 P	 49.09  
 5297 P	 29.36  
 5298 P	 51.95  
 5299 A	 19.66  
 5300 H	 41.86  
 5301 R	 32.16  
 5302 P	 19.27  
 5303 T	 36.07  
 5304 A	 12.96  
 5305 T	 19.10  
 5306 I	 2.46  
 5307 S	 12.42  
 5308 V	 4.44  
 5309 V	 4.08  
 5310 V	 3.12  
 5311 P	 13.69  
 5312 Q	 40.36  
 5313 Q	 33.48  
 5314 M	 1.61  
 5315 P	 25.77  
 5316 A	 14.42  
 5317 V	 3.74  
 5318 S	 30.96  
 5319 S	 36.37  
 5320 G	 31.65  
 5321 S	 20.70  
 5322 P	 28.53  
 5323 F	 11.22  
 5324 I	 5.13  
 5325 G	 23.23  
 5326 R	 40.06  
 5327 D	 48.80  
 5328 G	 28.49  
 5329 S	 23.13  
 5330 V	 11.01  
 5331 Q	 38.03  
 5332 P	 44.06  
 5333 G	 23.63  
 5334 S	 26.74  
 5335 H	 29.23  
 5336 H	 30.45  
 5337 H	 27.64  
 5338 P	 41.44  
 5339 G	 26.46  
 5340 K	 45.01  
 5341 A	 12.72  
 5342 M	 5.13  
 5343 D	 26.91  
 5344 M	 2.47  
 5345 Q	 41.31  
 5346 L	 4.90  
 5347 D	 32.08  
 5348 E	 52.13  
 5349 M	 3.85  
 5350 D	 40.87  
 5351 R	 20.12  
 5352 M	 2.51  
 5353 S	 14.13  
 5354 M	 1.44  
 5355 I	 1.42  
 5356 A	 5.88  
 5357 A	 7.35  
 5358 V	 2.70  
 5359 V	 3.49  
 5360 Q	 28.85  
 5361 Q	 35.00  
 5362 Q	 33.27  
 5363 Q	 35.42  
 5364 E	 42.95  
 5365 H	 39.02  
 5366 L	 5.52  
 5367 P	 17.64  
 5368 P	 53.43  
 5369 A	 25.00  
 5370 L	 3.54  
 5371 P	 28.95  
 5372 A	 30.71  
 5373 G	 14.25  
 5374 M	 4.08  
 5375 E	 40.02  
 5376 L	 4.05  
 5377 A	 7.62  
 5378 S	 35.13  
 5379 Q	 37.54  
 5380 Q	 54.03  
 5381 A	 12.38  
 5382 P	 16.91  
 5383 P	 37.37  
 5384 A	 13.00  
 5385 M	 7.69  
 5386 A	 18.63  
 5387 P	 23.64  
 5388 P	 35.65  
 5389 P	 59.15  
 5390 G	 42.80  
 5391 D	 44.57  
 5392 S	 30.56  
 5393 L	 3.98  
 5394 V	 4.03  
 5395 T	 27.35  
 5396 L	 2.75  
 5397 L	 1.67  
 5398 Q	 46.07  
 5399 R	 37.38  
 5400 Y	 6.29  
 5401 P	 16.21  
 5402 V	 4.52  
 5403 M	 1.59  
 5404 W	 6.85  
 5405 Q	 17.98  
 5406 G	 13.72  
 5407 L	 1.19  
 5408 L	 7.20  
 5409 A	 16.44  
 5410 L	 6.56  
 5411 K	 44.44  
 5412 T	 33.91  
 5413 D	 34.24  
 5414 Q	 36.13  
 5415 A	 16.65  
 5416 A	 6.09  
 5417 V	 6.10  
 5418 Q	 18.20  
 5419 M	 1.81  
 5420 H	 12.41  
 5421 F	 3.49  
 5422 V	 3.25  
 5423 H	 29.39  
 5424 G	 46.09  
 5425 N	 15.30  
 5426 P	 41.06  
 5427 N	 44.04  
 5428 V	 3.93  
 5429 A	 14.15  
 5430 R	 22.04  
 5431 A	 12.99  
 5432 S	 34.95  
 5433 L	 3.05  
 5434 P	 24.11  
 5435 S	 50.79  
 5436 L	 3.68  
 5437 V	 11.35  
 5438 E	 41.45  
 5439 T	 36.59  
 5440 N	 26.62  
 5441 T	 23.80  
 5442 P	 31.31  
 5443 L	 4.77  
 5444 L	 3.81  
 5445 R	 29.85  
 5446 I	 3.75  
 5447 A	 5.63  
 5448 Q	 37.01  
 5449 R	 11.81  
 5450 M	 3.69  
 5451 R	 36.94  
 5452 L	 4.12  
 5453 E	 41.01  
 5454 Q	 38.86  
 5455 T	 26.25  
 5456 Q	 36.89  
 5457 L	 7.60  
 5458 E	 41.63  
 5459 G	 33.02  
 5460 V	 5.29  
 5461 A	 19.33  
 5462 K	 46.50  
 5463 K	 25.48  
 5464 M	 4.65  
 5465 Q	 49.49  
 5466 V	 11.54  
 5467 D	 33.46  
 5468 K	 50.96  
 5469 E	 37.54  
 5470 H	 14.18  
 5471 C	 1.84  
 5472 M	 3.56  
 5473 L	 2.85  
 5474 L	 1.51  
 5475 A	 12.90  
 5476 L	 3.48  
 5477 P	 16.95  
 5478 C	 7.89  
 5479 G	 35.79  
 5480 R	 38.98  
 5481 D	 26.98  
 5482 H	 23.59  
 5483 A	 16.94  
 5484 D	 37.93  
 5485 V	 6.02  
 5486 L	 3.79  
 5487 Q	 32.15  
 5488 H	 25.27  
 5489 S	 15.20  
 5490 R	 45.83  
 5491 N	 39.24  
 5492 L	 4.72  
 5493 Q	 43.03  
 5494 T	 36.91  
 5495 G	 10.05  
 5496 F	 4.24  
 5497 I	 2.34  
 5498 T	 18.87  
 5499 Y	 9.56  
 5500 L	 3.05  
 5501 Q	 30.36  
 5502 Q	 34.59  
 5503 K	 19.97  
 5504 M	 2.41  
 5505 A	 15.01  
 5506 A	 12.54  
 5507 G	 18.16  
 5508 I	 1.51  
 5509 V	 5.34  
 5510 N	 32.19  
 5511 I	 1.96  
 5512 P	 22.86  
 5513 I	 5.52  
 5514 P	 34.60  
 5515 G	 44.53  
 5516 S	 22.60  
 5517 E	 50.59  
 5518 Q	 32.75  
 5519 A	 9.19  
 5520 A	 9.42  
 5521 Y	 13.16  
 5522 V	 1.85  
 5523 V	 1.54  
 5524 H	 13.11  
 5525 I	 3.52  
 5526 F	 1.89  
 5527 P	 33.18  
 5528 S	 18.64  
 5529 C	 5.20  
 5530 D	 50.45  
 5531 F	 10.37  
 5532 A	 14.80  
 5533 N	 38.39  
 5534 E	 60.82  
 5535 N	 47.19  
 5536 L	 3.72  
 5537 E	 52.43  
 5538 R	 38.93  
 5539 A	 17.61  
 5540 A	 12.36  
 5541 P	 46.62  
 5542 D	 66.60  
 5543 L	 5.29  
 5544 K	 50.52  
 5545 N	 51.46  
 5546 R	 27.69  
 5547 V	 7.30  
 5548 A	 11.66  
 5549 E	 43.57  
 5550 L	 2.34  
 5551 A	 5.25  
 5552 H	 33.52  
 5553 L	 2.65  
 5554 L	 1.79  
 5555 I	 2.37  
 5556 V	 2.16  
 5557 I	 1.79  
 5558 A	 7.45  
 5559 T	 18.67  
 5560 V	 5.66  
