 1 M	 8.86  
 2 D	 54.27  
 3 N	 25.07  
 4 I	 2.37  
 5 V	 4.74  
 6 Y	 11.10  
 7 D	 26.57  
 8 F	 4.01  
 9 A	 10.23  
 10 K	 42.12  
 11 I	 4.12  
 12 T	 14.69  
 13 F	 8.28  
 14 Q	 38.56  
 15 A	 19.58  
 16 K	 44.76  
 17 D	 59.81  
 18 N	 45.69  
 19 R	 54.89  
 20 S	 32.62  
 21 P	 39.75  
 22 T	 39.60  
 23 T	 39.78  
 24 N	 31.23  
 25 S	 36.74  
 26 N	 39.92  
 27 L	 5.74  
 28 S	 19.61  
 29 W	 15.17  
 30 Q	 27.45  
 31 L	 3.80  
 32 N	 17.93  
 33 Q	 27.41  
 34 M	 3.84  
 35 A	 8.31  
 36 L	 3.61  
 37 S	 25.93  
 38 D	 49.73  
 39 M	 4.17  
 40 E	 56.14  
 41 E	 35.19  
 42 M	 2.52  
 43 Q	 54.85  
 44 D	 51.38  
 45 T	 20.35  
 46 S	 50.06  
 47 E	 42.70  
 48 P	 28.01  
 49 I	 8.68  
 50 A	 25.06  
 51 P	 33.63  
 52 P	 44.71  
 53 E	 66.78  
 54 S	 56.91  
 55 D	 50.25  
 56 D	 67.71  
 57 N	 40.33  
 58 V	 9.54  
 59 S	 34.34  
 60 S	 38.54  
 61 E	 44.58  
 62 S	 34.24  
 63 H	 34.24  
 64 D	 64.14  
 65 S	 30.22  
 66 D	 67.04  
 67 D	 50.50  
 68 V	 10.28  
 69 D	 37.35  
 70 S	 32.63  
 71 Q	 38.71  
 72 L	 3.95  
 73 S	 27.52  
 74 R	 36.11  
 75 C	 7.47  
 76 E	 59.75  
 77 D	 68.44  
 78 N	 32.11  
 79 D	 73.71  
 80 D	 64.66  
 81 D	 49.60  
 82 S	 41.18  
 83 D	 40.54  
 84 C	 2.86  
 85 I	 6.66  
 86 S	 38.67  
 87 G	 15.10  
 88 S	 17.55  
 89 S	 34.93  
 90 R	 44.17  
 91 R	 36.59  
 92 S	 32.40  
 93 S	 26.41  
 94 T	 27.60  
 95 F	 8.55  
 96 G	 17.78  
 97 A	 8.24  
 98 R	 32.05  
 99 A	 19.11  
 100 G	 14.20  
 101 V	 3.50  
 102 A	 9.80  
 103 R	 25.08  
 104 R	 29.52  
 105 R	 29.86  
 106 M	 2.63  
 107 P	 18.33  
 108 A	 18.37  
 109 R	 27.63  
 110 V	 10.16  
 111 S	 28.83  
 112 K	 54.56  
 113 D	 58.40  
 114 N	 39.57  
 115 F	 10.49  
 116 N	 38.37  
 117 R	 27.44  
 118 I	 1.98  
 119 C	 1.71  
 120 S	 20.61  
 121 A	 11.07  
 122 I	 1.78  
 123 M	 4.17  
 124 K	 37.16  
 125 P	 26.67  
 126 I	 9.48  
 127 K	 63.55  
 128 K	 55.66  
 129 K	 50.78  
 130 Q	 71.24  
 131 R	 43.21  
 132 K	 65.15  
 133 E	 49.82  
 134 L	 12.28  
 135 N	 32.17  
 136 T	 44.55  
 137 N	 29.04  
 138 A	 11.16  
 139 Q	 49.81  
 140 T	 33.47  
 141 L	 2.45  
 142 K	 53.42  
 143 S	 38.81  
 144 I	 6.29  
 145 E	 40.26  
 146 K	 39.07  
 147 I	 2.69  
 148 Y	 15.10  
 149 T	 21.16  
 150 S	 10.83  
 151 R	 34.61  
 152 R	 40.83  
 153 M	 5.56  
 154 K	 42.81  
 155 K	 45.16  
 156 F	 9.14  
 157 T	 37.78  
 158 P	 23.56  
 159 T	 49.75  
 160 N	 36.76  
 161 L	 7.27  
 162 E	 41.76  
 163 T	 33.85  
 164 I	 2.74  
 165 F	 13.04  
 166 E	 66.21  
 167 E	 39.08  
 168 P	 39.62  
 169 S	 61.92  
 170 D	 64.98  
 171 E	 53.78  
 172 N	 45.48  
 173 A	 12.50  
 174 A	 28.29  
 175 D	 48.34  
 176 A	 19.86  
 177 E	 64.00  
 178 D	 67.47  
 179 D	 49.83  
 180 S	 47.84  
 181 E	 70.76  
 182 E	 37.20  
 183 C	 3.72  
 184 S	 28.87  
 185 I	 7.50  
 186 S	 9.83  
 187 S	 37.00  
 188 Q	 32.06  
 189 V	 5.70  
 190 K	 33.40  
 191 V	 5.46  
 192 V	 3.24  
 193 K	 34.95  
 194 V	 4.41  
 195 W	 8.65  
 196 G	 21.60  
 197 R	 21.08  
 198 K	 42.27  
 199 L	 4.28  
 200 R	 29.08  
 201 R	 46.86  
 202 A	 8.71  
 203 I	 3.97  
 204 S	 20.08  
 205 F	 6.71  
 206 S	 24.79  
 207 D	 64.68  
 208 G	 29.92  
 209 L	 11.21  
 210 N	 51.92  
 211 K	 65.74  
 212 N	 35.21  
 213 K	 46.78  
 214 I	 7.99  
 215 L	 5.43  
 216 S	 27.82  
 217 K	 46.62  
 218 R	 35.32  
 219 R	 49.47  
 220 R	 44.71  
 221 Q	 53.75  
 222 K	 54.96  
 223 V	 6.10  
 224 K	 53.80  
 225 K	 52.66  
 226 T	 31.72  
 227 F	 17.42  
 228 G	 26.01  
 229 K	 39.90  
 230 R	 23.58  
 231 F	 12.14  
 232 A	 23.62  
 233 L	 5.51  
 234 K	 44.63  
 235 K	 40.64  
 236 I	 3.04  
 237 S	 28.65  
 238 M	 4.79  
 239 T	 28.80  
 240 E	 32.13  
 241 F	 5.51  
 242 H	 17.04  
 243 D	 63.18  
 244 R	 31.43  
 245 L	 13.58  
 246 N	 38.53  
 247 K	 58.03  
 248 S	 32.96  
 249 F	 10.31  
 250 D	 42.45  
 251 S	 17.36  
 252 A	 14.39  
 253 M	 3.97  
 254 L	 7.14  
 255 E	 47.71  
 256 G	 33.85  
 257 D	 42.44  
 258 D	 58.10  
 259 A	 17.18  
 260 E	 55.64  
 261 A	 29.39  
 262 G	 23.30  
 263 G	 30.63  
 264 S	 23.24  
 265 A	 16.43  
 266 E	 55.64  
 267 A	 10.20  
 268 V	 5.13  
 269 N	 52.47  
 270 I	 2.73  
 271 P	 28.77  
 272 K	 49.81  
 273 T	 20.55  
 274 S	 20.55  
 275 M	 5.11  
 276 T	 19.71  
 277 M	 3.05  
 278 E	 42.68  
 279 D	 24.10  
 280 I	 2.63  
 281 Q	 54.43  
 282 L	 3.78  
 283 P	 15.07  
 284 T	 37.97  
 285 M	 3.24  
 286 S	 29.35  
 287 S	 22.36  
 288 Q	 27.39  
 289 H	 23.47  
 290 Q	 26.07  
 291 F	 6.02  
 292 L	 2.22  
 293 M	 4.78  
 294 Q	 27.17  
 295 P	 22.01  
 296 A	 20.58  
 297 G	 33.62  
 298 F	 12.52  
 299 E	 59.81  
