 1 M	 6.71  
 2 A	 16.68  
 3 R	 34.09  
 4 S	 12.53  
 5 V	 4.01  
 6 R	 19.80  
 7 V	 5.99  
 8 L	 1.57  
 9 V	 5.39  
 10 D	 25.87  
 11 M	 3.63  
 12 D	 39.32  
 13 G	 15.08  
 14 V	 3.29  
 15 L	 4.65  
 16 A	 19.62  
 17 D	 37.44  
 18 F	 6.04  
 19 E	 42.23  
 20 A	 17.58  
 21 G	 20.32  
 22 L	 3.67  
 23 L	 5.01  
 24 R	 47.44  
 25 G	 22.00  
 26 F	 4.43  
 27 R	 31.52  
 28 R	 42.18  
 29 R	 47.41  
 30 F	 9.41  
 31 P	 43.14  
 32 E	 79.87  
 33 E	 40.73  
 34 P	 31.92  
 35 H	 36.79  
 36 V	 9.41  
 37 P	 27.44  
 38 L	 9.47  
 39 E	 35.65  
 40 Q	 48.32  
 41 R	 31.17  
 42 R	 39.65  
 43 G	 24.90  
 44 F	 4.59  
 45 L	 4.97  
 46 A	 15.65  
 47 R	 33.43  
 48 E	 46.48  
 49 Q	 27.71  
 50 Y	 7.97  
 51 R	 27.17  
 52 A	 11.73  
 53 L	 6.37  
 54 R	 23.00  
 55 P	 41.64  
 56 D	 48.32  
 57 L	 8.02  
 58 A	 23.20  
 59 D	 53.94  
 60 K	 33.81  
 61 V	 5.03  
 62 A	 10.06  
 63 S	 28.37  
 64 V	 3.45  
 65 Y	 12.13  
 66 E	 46.35  
 67 A	 7.57  
 68 P	 28.34  
 69 G	 32.74  
 70 F	 5.53  
 71 F	 6.86  
 72 L	 7.39  
 73 D	 43.77  
 74 L	 10.30  
 75 E	 40.63  
 76 P	 45.42  
 77 I	 3.43  
 78 P	 32.49  
 79 G	 39.22  
 80 A	 9.27  
 81 L	 5.57  
 82 D	 42.35  
 83 A	 11.78  
 84 V	 5.48  
 85 R	 38.88  
 86 E	 35.42  
 87 M	 3.11  
 88 N	 42.80  
 89 D	 59.26  
 90 L	 3.34  
 91 P	 45.53  
 92 D	 58.00  
 93 T	 25.37  
 94 Q	 35.19  
 95 V	 3.66  
 96 F	 2.46  
 97 I	 2.35  
 98 C	 1.78  
 99 T	 28.67  
 100 S	 14.78  
 101 P	 24.45  
 102 L	 6.89  
 103 L	 6.17  
 104 K	 50.66  
 105 Y	 9.21  
 106 H	 13.29  
 107 H	 12.60  
 108 C	 2.40  
 109 V	 10.88  
 110 G	 30.95  
 111 E	 26.90  
 112 K	 33.90  
 113 Y	 12.85  
 114 R	 41.87  
 115 W	 8.56  
 116 V	 3.62  
 117 E	 25.89  
 118 Q	 27.73  
 119 H	 21.17  
 120 L	 12.22  
 121 G	 16.31  
 122 P	 30.69  
 123 Q	 53.90  
 124 F	 7.49  
 125 V	 3.99  
 126 E	 39.18  
 127 R	 18.88  
 128 I	 1.59  
 129 I	 3.94  
 130 L	 2.75  
 131 T	 26.81  
 132 R	 39.73  
 133 D	 45.82  
 134 K	 39.67  
 135 T	 21.82  
 136 V	 4.05  
 137 V	 6.31  
 138 L	 3.72  
 139 G	 16.35  
 140 D	 33.85  
 141 L	 4.24  
 142 L	 4.86  
 143 I	 9.29  
 144 D	 57.80  
 145 D	 43.68  
 146 K	 52.10  
 147 D	 58.38  
 148 T	 20.17  
 149 V	 10.44  
 150 R	 43.07  
 151 G	 34.61  
 152 Q	 34.49  
 153 E	 67.66  
 154 E	 59.12  
 155 T	 23.13  
 156 P	 40.50  
 157 S	 53.14  
 158 W	 11.46  
 159 E	 25.95  
 160 H	 18.78  
 161 I	 1.99  
 162 L	 2.91  
 163 F	 4.93  
 164 T	 15.69  
 165 C	 1.42  
 166 C	 2.64  
 167 H	 36.18  
 168 N	 21.10  
 169 R	 10.80  
 170 H	 26.13  
 171 L	 3.70  
 172 V	 6.52  
 173 L	 5.45  
 174 P	 22.27  
 175 P	 34.08  
 176 T	 34.56  
 177 R	 27.74  
 178 R	 35.76  
 179 R	 36.37  
 180 L	 4.16  
 181 L	 4.71  
 182 S	 29.17  
 183 W	 15.07  
 184 S	 20.07  
 185 D	 53.07  
 186 N	 33.90  
 187 W	 12.32  
 188 R	 27.60  
 189 E	 39.25  
 190 I	 3.77  
 191 L	 5.36  
 192 D	 58.75  
 193 S	 22.32  
 194 K	 55.29  
 195 R	 43.89  
 196 G	 29.06  
 197 A	 12.40  
 198 A	 16.28  
 199 Q	 49.88  
 200 R	 47.03  
 201 E	 53.55  
