 1 M	 7.38  
 2 H	 31.83  
 3 L	 2.67  
 4 H	 10.87  
 5 Q	 37.97  
 6 V	 3.44  
 7 L	 2.69  
 8 T	 25.00  
 9 G	 24.30  
 10 A	 7.84  
 11 V	 10.58  
 12 N	 34.01  
 13 P	 44.94  
 14 G	 33.29  
 15 D	 43.19  
 16 N	 32.32  
 17 C	 2.97  
 18 Y	 16.79  
 19 S	 23.39  
 20 V	 2.40  
 21 G	 15.63  
 22 S	 22.29  
 23 V	 6.62  
 24 G	 31.71  
 25 D	 42.64  
 26 V	 3.27  
 27 P	 26.13  
 28 F	 6.49  
 29 T	 16.95  
 30 A	 13.68  
 31 Y	 14.57  
 32 G	 18.33  
 33 S	 24.46  
 34 G	 14.57  
 35 C	 3.27  
 36 D	 41.54  
 37 I	 2.12  
 38 V	 1.55  
 39 I	 2.84  
 40 L	 2.23  
 41 A	 11.47  
 42 N	 51.57  
 43 D	 34.80  
 44 F	 8.65  
 45 E	 36.32  
 46 C	 2.49  
 47 V	 3.45  
 48 Q	 39.28  
 49 I	 1.73  
 50 I	 1.12  
 51 P	 38.01  
 52 G	 36.53  
 53 A	 8.70  
 54 K	 58.94  
 55 H	 33.72  
 56 G	 32.03  
 57 N	 22.65  
 58 I	 5.18  
 59 Q	 25.68  
 60 V	 4.19  
 61 S	 8.96  
 62 C	 2.91  
 63 V	 6.91  
 64 E	 36.23  
 65 C	 2.00  
 66 S	 24.94  
 67 N	 50.26  
 68 Q	 30.71  
 69 Q	 47.59  
 70 G	 17.13  
 71 R	 15.84  
 72 I	 4.86  
 73 A	 6.76  
 74 A	 10.83  
 75 S	 25.26  
 76 Y	 15.07  
 77 G	 17.08  
 78 N	 22.44  
 79 A	 8.00  
 80 V	 2.74  
 81 C	 2.47  
 82 I	 3.35  
 83 F	 7.18  
 84 E	 21.50  
 85 P	 25.74  
 86 L	 9.41  
 87 G	 27.96  
 88 I	 6.69  
 89 N	 35.94  
 90 S	 28.59  
 91 H	 28.71  
 92 K	 45.16  
 93 R	 43.67  
 94 N	 23.77  
 95 C	 6.10  
 96 Q	 47.72  
 97 L	 6.98  
 98 K	 9.86  
 99 C	 4.82  
 100 Q	 47.12  
 101 W	 14.86  
 102 L	 1.15  
 103 K	 47.88  
 104 T	 33.76  
 105 G	 22.25  
 106 Q	 31.02  
 107 F	 7.61  
 108 F	 5.07  
 109 L	 3.83  
 110 S	 20.01  
 111 S	 22.18  
 112 V	 6.22  
 113 T	 14.51  
 114 Y	 13.16  
 115 N	 17.58  
 116 L	 3.43  
 117 A	 12.65  
 118 W	 22.45  
 119 D	 25.94  
 120 P	 32.49  
 121 Q	 59.13  
 122 D	 47.83  
 123 N	 31.11  
 124 R	 39.09  
 125 L	 6.63  
 126 L	 3.45  
 127 T	 32.04  
 128 T	 28.68  
 129 T	 23.63  
 130 D	 41.47  
 131 S	 15.33  
 132 I	 4.31  
 133 Q	 34.60  
 134 L	 3.92  
 135 W	 7.14  
 136 A	 14.70  
 137 P	 23.09  
 138 P	 51.61  
 139 G	 44.13  
 140 D	 45.62  
 141 D	 53.97  
 142 I	 6.58  
 143 L	 9.73  
 144 E	 64.79  
 145 E	 68.23  
 146 E	 52.10  
 147 E	 64.63  
 148 E	 59.94  
 149 I	 5.83  
 150 D	 48.29  
 151 N	 48.95  
 152 T	 30.55  
 153 V	 6.73  
 154 P	 15.96  
 155 P	 38.60  
 156 V	 6.80  
 157 L	 6.25  
 158 N	 54.02  
 159 D	 41.89  
 160 W	 8.55  
 161 K	 23.05  
 162 C	 3.07  
 163 V	 3.34  
 164 W	 13.81  
 165 Q	 9.83  
 166 C	 2.81  
 167 K	 28.83  
 168 T	 41.82  
 169 S	 9.63  
 170 V	 9.31  
 171 S	 12.00  
 172 V	 3.63  
 173 H	 16.38  
 174 L	 2.89  
 175 M	 2.75  
 176 E	 51.68  
 177 W	 10.95  
 178 S	 10.37  
 179 P	 55.49  
 180 D	 57.97  
 181 G	 34.58  
 182 E	 44.87  
 183 Y	 12.21  
 184 F	 4.19  
 185 A	 8.81  
 186 T	 26.50  
 187 A	 21.43  
 188 G	 29.57  
 189 K	 48.18  
 190 D	 51.44  
 191 D	 28.57  
 192 C	 7.41  
 193 L	 7.16  
 194 L	 5.45  
 195 K	 20.13  
 196 V	 6.29  
 197 W	 7.02  
 198 Y	 6.01  
 199 P	 9.72  
 200 M	 2.96  
 201 T	 35.07  
 202 G	 24.46  
 203 W	 6.54  
 204 K	 35.35  
 205 S	 21.91  
 206 S	 22.32  
 207 I	 7.41  
 208 I	 2.43  
 209 P	 31.70  
 210 Q	 52.87  
 211 D	 39.49  
 212 H	 17.48  
 213 H	 50.24  
 214 E	 46.44  
 215 V	 5.19  
 216 K	 38.59  
 217 R	 47.23  
 218 R	 34.71  
 219 Q	 45.85  
 220 S	 33.28  
 221 S	 20.21  
 222 T	 38.59  
 223 Q	 33.65  
 224 F	 6.57  
 225 S	 12.18  
 226 F	 4.41  
 227 V	 3.57  
 228 Y	 9.00  
 229 L	 2.72  
 230 A	 7.92  
 231 H	 15.13  
 232 P	 21.96  
 233 R	 31.64  
 234 A	 14.00  
 235 V	 5.93  
 236 T	 31.37  
 237 G	 14.16  
 238 F	 4.65  
 239 S	 27.58  
 240 W	 11.97  
 241 R	 31.04  
 242 K	 51.39  
 243 T	 23.13  
 244 S	 25.48  
 245 K	 51.29  
 246 Y	 16.48  
 247 M	 1.78  
 248 P	 34.10  
 249 R	 33.23  
 250 G	 20.68  
 251 S	 25.44  
 252 V	 2.83  
 253 C	 2.89  
 254 N	 25.89  
 255 V	 3.81  
 256 L	 2.41  
 257 L	 2.63  
 258 T	 25.75  
 259 S	 14.93  
 260 C	 2.60  
 261 H	 34.33  
 262 D	 56.39  
 263 G	 9.21  
 264 V	 1.82  
 265 C	 3.46  
 266 R	 30.75  
 267 L	 4.26  
 268 W	 3.46  
 269 A	 12.42  
 270 E	 28.54  
 271 T	 26.33  
 272 L	 5.90  
 273 L	 5.95  
 274 P	 38.19  
 275 E	 62.42  
 276 D	 26.82  
 277 C	 3.01  
 278 L	 12.16  
 279 L	 9.98  
 280 G	 16.29  
 281 E	 36.42  
 282 Q	 43.78  
 283 I	 1.67  
 284 C	 3.67  
 285 E	 51.31  
 286 T	 30.84  
 287 T	 11.46  
 288 T	 28.09  
 289 S	 20.04  
 290 S	 21.78  
 291 I	 4.28  
 292 A	 8.60  
 293 S	 30.09  
 294 S	 25.52  
 295 L	 3.94  
 296 S	 17.15  
 297 H	 37.18  
 298 A	 17.22  
 299 G	 27.14  
 300 R	 34.17  
 301 H	 35.14  
 302 K	 47.55  
 303 D	 46.95  
 304 R	 34.96  
 305 I	 5.16  
 306 Q	 19.39  
 307 H	 29.88  
 308 A	 7.24  
 309 L	 5.83  
 310 E	 46.64  
 311 T	 26.85  
 312 I	 1.09  
 313 H	 27.87  
 314 H	 34.35  
 315 L	 2.14  
 316 K	 49.97  
 317 N	 51.98  
 318 L	 5.98  
 319 R	 50.91  
 320 K	 63.66  
 321 G	 21.57  
 322 Q	 40.42  
 323 R	 49.47  
 324 R	 25.95  
 325 S	 27.30  
 326 S	 20.05  
 327 V	 5.41  
 328 L	 3.88  
 329 V	 3.27  
 330 T	 15.94  
 331 H	 15.10  
 332 A	 11.40  
 333 E	 37.69  
 334 L	 6.65  
 335 M	 2.30  
 336 P	 43.09  
 337 D	 44.49  
 338 Q	 25.86  
 339 T	 33.07  
 340 A	 7.54  
 341 M	 2.92  
 342 H	 29.61  
 343 E	 27.53  
 344 V	 3.54  
 345 Q	 28.40  
 346 R	 33.99  
 347 H	 14.60  
 348 I	 4.58  
 349 S	 11.77  
 350 H	 24.39  
 351 H	 17.56  
 352 A	 9.51  
 353 N	 29.14  
 354 A	 16.61  
 355 L	 2.04  
 356 C	 2.75  
 357 H	 20.40  
 358 F	 4.32  
 359 H	 5.77  
 360 I	 3.15  
 361 A	 6.13  
 362 A	 15.44  
 363 S	 17.55  
 364 I	 6.50  
 365 N	 20.05  
 366 P	 34.56  
 367 A	 17.26  
 368 T	 35.40  
 369 D	 57.35  
 370 I	 2.02  
 371 P	 27.90  
 372 N	 39.84  
 373 V	 3.72  
 374 L	 3.60  
 375 V	 5.80  
 376 G	 13.73  
 377 T	 22.16  
 378 A	 6.51  
 379 F	 10.33  
 380 N	 33.57  
 381 V	 6.00  
 382 D	 60.24  
 383 D	 48.45  
 384 G	 30.16  
 385 N	 55.18  
 386 G	 36.12  
 387 G	 19.04  
 388 F	 5.71  
 389 V	 3.32  
 390 V	 2.21  
 391 H	 20.29  
 392 W	 6.81  
 393 L	 2.82  
 394 N	 52.95  
 395 N	 42.96  
 396 K	 61.76  
 397 E	 46.61  
 398 F	 6.49  
 399 H	 26.60  
 400 F	 9.58  
 401 T	 17.13  
 402 S	 34.03  
 403 S	 26.06  
 404 T	 35.62  
 405 E	 35.39  
 406 V	 5.38  
 407 F	 2.70  
 408 M	 2.08  
 409 H	 16.44  
 410 Q	 31.04  
 411 L	 2.95  
 412 R	 31.16  
 413 K	 62.02  
 414 L	 6.91  
 415 S	 45.88  
 416 D	 56.71  
 417 K	 49.17  
 418 Q	 51.35  
 419 V	 11.33  
 420 D	 40.67  
 421 H	 36.58  
 422 E	 58.87  
 423 N	 49.39  
 424 D	 49.87  
 425 D	 63.05  
 426 A	 22.18  
 427 D	 62.59  
 428 R	 55.79  
 429 E	 71.03  
 430 D	 68.43  
 431 E	 53.51  
 432 E	 62.25  
 433 H	 32.50  
 434 S	 38.25  
 435 Q	 59.52  
 436 E	 63.15  
 437 D	 50.53  
 438 R	 34.46  
 439 E	 64.52  
 440 R	 54.59  
 441 G	 18.38  
 442 L	 4.46  
 443 H	 17.72  
 444 M	 5.76  
 445 K	 39.76  
 446 L	 5.70  
 447 D	 27.95  
 448 H	 48.63  
 449 D	 37.30  
 450 L	 5.00  
 451 S	 33.99  
 452 L	 10.53  
 453 D	 49.26  
 454 R	 55.42  
 455 E	 53.23  
 456 S	 33.37  
 457 E	 46.49  
 458 A	 30.08  
 459 G	 26.93  
 460 T	 40.72  
 461 G	 28.40  
 462 S	 32.18  
 463 S	 44.30  
 464 E	 53.66  
 465 H	 40.16  
 466 E	 64.75  
 467 D	 67.19  
 468 G	 32.64  
 469 E	 60.94  
 470 R	 60.14  
 471 E	 60.77  
 472 G	 49.52  
 473 S	 13.37  
 474 P	 43.41  
 475 R	 48.25  
 476 T	 29.27  
 477 Y	 7.96  
 478 S	 26.57  
 479 R	 22.14  
 480 L	 5.07  
 481 S	 24.06  
 482 V	 5.80  
 483 P	 18.46  
 484 M	 5.09  
 485 P	 29.17  
 486 L	 4.52  
 487 P	 18.00  
 488 T	 31.31  
 489 V	 4.76  
 490 L	 4.53  
 491 L	 5.35  
 492 D	 45.74  
 493 R	 41.65  
 494 K	 44.56  
 495 I	 5.21  
 496 E	 36.12  
 497 T	 30.46  
 498 L	 3.46  
 499 L	 5.49  
 500 T	 41.91  
 501 E	 49.36  
 502 W	 18.83  
 503 N	 28.17  
 504 K	 71.57  
 505 N	 34.29  
 506 P	 29.96  
 507 D	 56.67  
 508 M	 3.32  
 509 L	 4.46  
 510 F	 4.91  
 511 T	 17.89  
 512 I	 2.43  
 513 H	 17.17  
 514 P	 23.26  
 515 V	 7.02  
 516 D	 55.66  
 517 G	 20.71  
 518 T	 14.88  
 519 F	 6.74  
 520 L	 4.02  
 521 V	 2.65  
 522 W	 7.84  
 523 H	 9.94  
 524 V	 2.27  
 525 K	 27.49  
 526 Y	 20.49  
 527 L	 3.15  
 528 D	 53.93  
 529 E	 44.61  
 530 Y	 26.73  
 531 N	 26.69  
 532 P	 36.03  
 533 G	 28.20  
 534 I	 2.44  
 535 F	 5.76  
 536 R	 33.56  
 537 Q	 21.17  
 538 V	 5.45  
 539 Q	 19.46  
 540 V	 7.01  
 541 S	 11.43  
 542 F	 8.92  
 543 S	 15.94  
 544 S	 32.02  
 545 R	 35.71  
 546 I	 3.30  
 547 P	 15.41  
 548 V	 8.79  
 549 A	 12.79  
 550 F	 5.14  
 551 P	 27.89  
 552 S	 42.74  
 553 G	 34.44  
 554 D	 47.84  
 555 A	 12.44  
 556 S	 36.23  
 557 S	 38.08  
 558 L	 8.61  
 559 S	 26.13  
 560 K	 56.65  
 561 N	 24.82  
 562 I	 1.61  
 563 M	 2.05  
 564 M	 1.37  
 565 Y	 4.87  
 566 A	 3.06  
 567 C	 1.04  
 568 I	 2.75  
 569 N	 41.25  
 570 A	 8.98  
 571 T	 30.78  
 572 K	 55.62  
 573 D	 49.18  
 574 S	 20.80  
 575 H	 28.25  
 576 H	 23.35  
 577 T	 26.12  
 578 L	 3.31  
 579 L	 4.05  
 580 H	 27.10  
 581 Q	 49.24  
 582 E	 46.22  
 583 G	 13.70  
 584 M	 2.63  
 585 S	 33.90  
 586 V	 6.99  
 587 G	 28.31  
 588 S	 16.15  
 589 P	 29.90  
 590 H	 50.67  
 591 G	 31.21  
 592 S	 37.19  
 593 Q	 44.30  
 594 P	 29.17  
 595 H	 28.36  
 596 S	 42.01  
 597 R	 35.04  
 598 S	 25.46  
 599 H	 35.29  
 600 S	 22.66  
 601 T	 21.52  
 602 H	 15.42  
 603 M	 3.19  
 604 N	 20.65  
 605 I	 2.42  
 606 L	 3.87  
 607 A	 8.23  
 608 P	 23.29  
 609 T	 18.54  
 610 V	 2.09  
 611 M	 1.86  
 612 M	 2.45  
 613 I	 2.40  
 614 S	 10.57  
 615 K	 33.38  
 616 H	 19.31  
 617 I	 8.04  
 618 D	 40.11  
 619 G	 33.17  
 620 S	 22.02  
 621 L	 7.26  
 622 N	 36.72  
 623 Q	 34.50  
 624 W	 7.51  
 625 A	 4.82  
 626 V	 4.05  
 627 T	 12.83  
 628 F	 7.13  
 629 A	 17.60  
 630 D	 41.05  
 631 K	 40.01  
 632 S	 29.21  
 633 A	 16.14  
 634 F	 8.31  
 635 T	 18.73  
 636 T	 13.68  
 637 V	 3.71  
 638 L	 3.53  
 639 T	 18.67  
 640 V	 5.02  
 641 S	 18.74  
 642 H	 29.01  
 643 K	 24.83  
 644 F	 5.87  
 645 R	 30.54  
 646 Y	 13.10  
 647 C	 3.01  
 648 G	 13.18  
 649 H	 26.18  
 650 R	 13.13  
 651 F	 6.79  
 652 H	 24.55  
 653 L	 4.98  
 654 N	 33.41  
 655 D	 41.84  
 656 L	 5.50  
 657 A	 7.58  
 658 C	 2.98  
 659 H	 18.48  
 660 S	 25.82  
 661 V	 2.58  
 662 L	 2.51  
 663 P	 20.85  
 664 L	 5.53  
 665 L	 4.65  
 666 L	 6.02  
 667 T	 28.31  
 668 S	 27.87  
 669 S	 24.43  
 670 H	 20.28  
 671 H	 24.17  
 672 N	 27.19  
 673 A	 10.29  
 674 L	 7.12  
 675 L	 7.54  
 676 T	 18.63  
 677 P	 39.87  
 678 E	 52.59  
 679 L	 9.33  
 680 D	 22.39  
 681 C	 7.43  
 682 Q	 46.83  
 683 W	 17.26  
 684 D	 21.89  
 685 S	 39.87  
 686 D	 54.53  
 687 N	 51.63  
 688 K	 53.48  
 689 L	 4.52  
 690 S	 25.61  
 691 R	 44.46  
 692 L	 4.03  
 693 M	 5.49  
 694 D	 49.81  
 695 P	 24.08  
 696 V	 6.50  
 697 K	 45.03  
 698 H	 27.51  
 699 I	 4.47  
 700 K	 53.08  
 701 G	 36.23  
 702 S	 29.38  
 703 S	 43.93  
 704 K	 58.60  
 705 Q	 44.18  
 706 P	 36.70  
 707 L	 6.46  
 708 R	 37.11  
 709 N	 41.43  
 710 A	 12.08  
 711 A	 10.93  
 712 T	 28.03  
 713 R	 30.57  
 714 T	 22.44  
 715 F	 5.76  
 716 H	 49.35  
 717 D	 33.68  
 718 P	 24.47  
 719 N	 45.06  
 720 A	 13.90  
 721 I	 5.03  
 722 Y	 8.15  
 723 S	 21.58  
 724 E	 23.90  
 725 L	 2.99  
 726 I	 2.81  
 727 L	 3.60  
 728 W	 7.40  
 729 R	 21.37  
 730 V	 7.50  
 731 D	 22.11  
 732 P	 30.49  
 733 I	 8.42  
 734 G	 23.60  
 735 P	 20.89  
 736 L	 5.29  
 737 S	 24.63  
 738 Y	 19.65  
 739 T	 24.88  
 740 G	 26.69  
 741 G	 16.39  
 742 V	 4.20  
 743 S	 30.12  
 744 E	 44.00  
 745 L	 2.78  
 746 A	 13.27  
 747 R	 41.04  
 748 I	 3.23  
 749 N	 32.72  
 750 S	 21.11  
 751 L	 4.40  
 752 H	 20.00  
 753 T	 27.35  
 754 S	 19.30  
 755 A	 17.03  
 756 F	 5.67  
 757 S	 30.06  
 758 N	 22.52  
 759 V	 3.81  
 760 A	 13.31  
 761 W	 9.90  
 762 L	 1.35  
 763 P	 17.92  
 764 T	 34.84  
 765 L	 5.24  
 766 I	 2.04  
 767 P	 23.51  
 768 S	 22.83  
 769 Y	 6.07  
 770 C	 3.11  
 771 L	 4.33  
 772 G	 15.86  
 773 T	 16.38  
 774 Y	 6.45  
 775 C	 3.05  
 776 N	 30.14  
 777 S	 21.75  
 778 A	 6.27  
 779 S	 25.95  
 780 A	 7.18  
 781 C	 2.33  
 782 F	 5.27  
 783 V	 5.12  
 784 A	 5.01  
 785 S	 41.41  
 786 D	 63.45  
 787 G	 20.46  
 788 K	 58.77  
 789 N	 35.60  
 790 L	 4.56  
 791 R	 40.52  
 792 L	 4.13  
 793 Y	 6.49  
 794 Q	 32.07  
 795 A	 6.97  
 796 V	 2.06  
 797 V	 5.51  
 798 D	 33.77  
 799 A	 10.01  
 800 R	 26.20  
 801 K	 55.94  
 802 L	 6.41  
 803 L	 5.58  
 804 D	 66.29  
 805 E	 50.58  
 806 L	 7.60  
 807 S	 49.42  
 808 D	 64.71  
 809 P	 39.74  
 810 E	 73.04  
 811 S	 37.85  
 812 S	 29.80  
 813 K	 54.10  
 814 L	 7.03  
 815 I	 5.20  
 816 G	 35.14  
 817 E	 36.62  
 818 V	 3.62  
 819 F	 4.49  
 820 N	 38.64  
 821 I	 1.83  
 822 V	 4.42  
 823 S	 20.78  
 824 Q	 30.28  
 825 Q	 34.93  
 826 S	 19.19  
 827 T	 23.50  
 828 A	 22.40  
 829 R	 28.38  
 830 P	 39.27  
 831 G	 15.09  
 832 C	 2.91  
 833 I	 3.21  
 834 I	 5.10  
 835 E	 22.23  
 836 L	 3.67  
 837 D	 24.12  
 838 A	 24.11  
 839 I	 3.57  
 840 T	 22.43  
 841 N	 29.09  
 842 Q	 25.05  
 843 C	 7.57  
 844 G	 17.73  
 845 S	 44.31  
 846 N	 19.68  
 847 T	 23.45  
 848 Q	 46.40  
 849 L	 3.17  
 850 L	 2.02  
 851 H	 27.26  
 852 V	 5.52  
 853 F	 4.60  
 854 Q	 48.54  
 855 E	 43.34  
 856 D	 29.30  
 857 F	 4.28  
 858 I	 3.55  
 859 I	 5.08  
 860 G	 21.42  
 861 Y	 15.78  
 862 K	 35.12  
 863 P	 34.99  
 864 H	 41.82  
 865 K	 65.03  
 866 E	 60.60  
 867 D	 56.17  
 868 M	 9.49  
 869 E	 73.61  
 870 K	 49.63  
 871 K	 57.47  
 872 E	 63.84  
 873 T	 43.17  
 874 E	 38.60  
 875 I	 5.67  
 876 F	 3.66  
 877 F	 14.87  
 878 Q	 26.45  
 879 P	 24.38  
 880 S	 26.00  
 881 Q	 60.67  
 882 G	 25.42  
 883 Y	 16.59  
 884 R	 44.04  
 885 P	 32.22  
 886 P	 33.30  
 887 P	 48.34  
 888 F	 21.26  
 889 S	 45.72  
 890 E	 55.02  
 891 K	 39.97  
 892 F	 5.13  
 893 F	 8.19  
 894 L	 3.19  
 895 V	 3.26  
 896 V	 5.21  
 897 I	 4.20  
 898 E	 38.92  
 899 K	 56.16  
 900 D	 43.75  
 901 S	 53.15  
 902 N	 62.93  
 903 N	 47.80  
 904 N	 34.38  
 905 S	 28.75  
 906 I	 3.13  
 907 L	 1.97  
 908 H	 18.67  
 909 M	 1.85  
 910 W	 4.71  
 911 H	 8.87  
 912 L	 2.74  
 913 H	 20.51  
 914 L	 5.79  
 915 K	 37.52  
 916 S	 26.31  
 917 V	 3.90  
 918 Q	 33.19  
 919 A	 6.53  
 920 C	 1.81  
 921 L	 6.50  
 922 A	 12.78  
 923 K	 39.22  
 924 A	 13.75  
 925 S	 35.54  
 926 E	 64.73  
 927 G	 28.41  
 928 A	 13.06  
 929 S	 45.56  
 930 S	 30.58  
 931 E	 42.80  
 932 S	 36.24  
 933 L	 3.47  
 934 L	 7.26  
 935 S	 31.40  
 936 V	 6.61  
 937 P	 35.80  
 938 G	 49.27  
 939 Q	 28.25  
 940 K	 65.93  
 941 N	 34.63  
 942 V	 11.00  
 943 D	 53.44  
 944 S	 43.43  
 945 S	 23.45  
 946 P	 53.49  
 947 E	 64.96  
 948 T	 49.69  
 949 S	 17.32  
 950 P	 46.28  
 951 S	 34.69  
 952 V	 9.39  
 953 S	 21.59  
 954 P	 37.86  
 955 M	 3.48  
 956 P	 27.82  
 957 H	 33.78  
 958 S	 21.65  
 959 S	 23.80  
 960 S	 28.83  
 961 I	 2.96  
 962 A	 16.78  
 963 N	 30.89  
 964 L	 3.37  
 965 Q	 34.52  
 966 T	 35.74  
 967 A	 7.54  
 968 S	 31.23  
 969 K	 36.76  
 970 L	 4.39  
 971 I	 3.30  
 972 L	 6.00  
 973 S	 11.00  
 974 F	 6.67  
 975 R	 21.62  
 976 L	 3.90  
 977 V	 3.63  
 978 Y	 13.23  
 979 S	 20.17  
 980 Q	 25.53  
 981 P	 23.15  
 982 L	 9.06  
 983 D	 67.85  
 984 L	 7.17  
 985 P	 31.33  
 986 E	 74.78  
 987 S	 22.95  
 988 V	 6.94  
 989 E	 41.32  
 990 V	 3.17  
 991 I	 1.25  
 992 R	 37.27  
 993 A	 16.85  
 994 T	 14.13  
 995 P	 22.61  
 996 S	 42.39  
 997 A	 15.61  
 998 G	 26.97  
 999 H	 23.43  
 1000 L	 5.34  
 1001 S	 23.62  
 1002 S	 34.17  
 1003 S	 19.85  
 1004 S	 28.26  
 1005 I	 4.94  
 1006 Y	 7.49  
 1007 P	 14.52  
 1008 V	 2.04  
 1009 C	 2.01  
 1010 L	 5.68  
 1011 A	 5.88  
 1012 P	 15.28  
 1013 Y	 13.41  
 1014 L	 2.13  
 1015 V	 2.72  
 1016 V	 3.19  
 1017 T	 18.01  
 1018 T	 9.82  
 1019 C	 3.34  
 1020 S	 41.97  
 1021 D	 62.20  
 1022 N	 28.55  
 1023 K	 39.51  
 1024 V	 8.38  
 1025 R	 33.06  
 1026 F	 9.06  
 1027 W	 5.13  
 1028 K	 18.16  
 1029 C	 1.63  
 1030 C	 2.16  
 1031 M	 8.37  
 1032 E	 31.23  
 1033 A	 15.25  
 1034 N	 21.43  
 1035 P	 55.34  
 1036 E	 51.00  
 1037 C	 9.07  
 1038 N	 45.24  
 1039 K	 71.58  
 1040 S	 36.69  
 1041 D	 73.01  
 1042 E	 60.73  
 1043 K	 55.17  
 1044 E	 46.89  
 1045 I	 4.54  
 1046 Y	 11.61  
 1047 H	 29.28  
 1048 W	 3.79  
 1049 K	 31.13  
 1050 R	 34.74  
 1051 W	 6.15  
 1052 P	 26.26  
 1053 L	 3.88  
 1054 M	 5.35  
 1055 N	 52.44  
 1056 D	 51.84  
 1057 E	 60.52  
 1058 G	 50.88  
 1059 E	 52.55  
 1060 D	 71.78  
 1061 N	 33.29  
 1062 S	 39.44  
 1063 S	 38.80  
 1064 T	 20.35  
 1065 V	 3.87  
 1066 S	 16.20  
 1067 I	 3.11  
 1068 V	 4.08  
 1069 G	 26.89  
 1070 R	 16.18  
 1071 P	 16.70  
 1072 V	 8.71  
 1073 A	 7.09  
 1074 V	 6.37  
 1075 S	 6.39  
 1076 C	 2.64  
 1077 S	 20.44  
 1078 Y	 19.96  
 1079 T	 10.26  
 1080 G	 17.86  
 1081 R	 16.21  
 1082 L	 4.81  
 1083 A	 5.19  
 1084 V	 7.67  
 1085 A	 10.53  
 1086 Y	 11.98  
 1087 K	 39.60  
 1088 Q	 29.51  
 1089 P	 24.59  
 1090 I	 4.84  
 1091 H	 18.29  
 1092 H	 36.51  
 1093 N	 31.28  
 1094 G	 21.70  
 1095 F	 7.33  
 1096 V	 9.41  
 1097 S	 24.98  
 1098 K	 58.43  
 1099 E	 35.13  
 1100 F	 10.12  
 1101 S	 14.74  
 1102 M	 3.14  
 1103 H	 15.31  
 1104 V	 1.68  
 1105 C	 1.47  
 1106 I	 2.95  
 1107 F	 8.11  
 1108 E	 19.91  
 1109 C	 3.31  
 1110 E	 44.10  
 1111 S	 43.97  
 1112 T	 24.22  
 1113 G	 47.08  
 1114 G	 23.60  
 1115 S	 29.63  
 1116 E	 44.90  
 1117 W	 11.16  
 1118 V	 3.56  
 1119 L	 4.18  
 1120 E	 35.74  
 1121 Q	 41.41  
 1122 T	 10.86  
 1123 I	 2.80  
 1124 H	 26.96  
 1125 L	 4.91  
 1126 D	 32.79  
 1127 D	 60.77  
 1128 L	 3.92  
 1129 V	 6.41  
 1130 K	 48.45  
 1131 V	 5.57  
 1132 G	 13.30  
 1133 S	 23.61  
 1134 V	 5.91  
 1135 L	 5.46  
 1136 D	 32.04  
 1137 S	 30.35  
 1138 R	 25.13  
 1139 V	 8.29  
 1140 S	 21.06  
 1141 V	 9.53  
 1142 D	 25.05  
 1143 S	 33.02  
 1144 N	 32.79  
 1145 L	 3.39  
 1146 F	 5.92  
 1147 V	 6.25  
 1148 Y	 11.75  
 1149 S	 22.00  
 1150 K	 34.37  
 1151 S	 23.36  
 1152 D	 45.00  
 1153 A	 19.93  
 1154 L	 7.14  
 1155 L	 6.83  
 1156 S	 33.10  
 1157 K	 46.31  
 1158 D	 40.87  
 1159 R	 31.71  
 1160 Y	 21.08  
 1161 L	 5.67  
 1162 I	 1.49  
 1163 P	 33.62  
 1164 N	 49.28  
 1165 I	 2.20  
 1166 K	 37.21  
 1167 H	 29.32  
 1168 L	 1.89  
 1169 V	 4.16  
 1170 H	 25.16  
 1171 L	 4.29  
 1172 D	 28.93  
 1173 W	 11.57  
 1174 V	 6.14  
 1175 S	 26.52  
 1176 K	 50.64  
 1177 E	 61.16  
 1178 D	 68.57  
 1179 G	 23.40  
 1180 S	 21.48  
 1181 H	 25.30  
 1182 I	 3.55  
 1183 L	 2.38  
 1184 T	 18.01  
 1185 V	 5.39  
 1186 G	 13.60  
 1187 V	 5.94  
 1188 G	 13.64  
 1189 A	 11.98  
 1190 N	 23.31  
 1191 I	 1.76  
 1192 F	 2.86  
 1193 M	 2.84  
 1194 Y	 6.58  
 1195 G	 16.56  
 1196 R	 14.27  
 1197 L	 4.83  
 1198 S	 25.72  
 1199 G	 23.99  
 1200 I	 2.89  
 1201 V	 5.71  
 1202 T	 22.06  
 1203 E	 44.51  
 1204 Q	 36.29  
 1205 T	 34.92  
 1206 N	 46.91  
 1207 S	 35.20  
 1208 K	 61.65  
 1209 D	 57.53  
 1210 G	 17.02  
 1211 V	 5.73  
 1212 A	 7.79  
 1213 V	 2.97  
 1214 I	 2.06  
 1215 T	 18.74  
 1216 L	 1.96  
 1217 P	 21.95  
 1218 L	 15.88  
 1219 G	 26.34  
 1220 G	 33.60  
 1221 S	 25.47  
 1222 I	 4.34  
 1223 K	 42.57  
 1224 Q	 61.31  
 1225 G	 24.66  
 1226 V	 4.75  
 1227 K	 40.92  
 1228 S	 29.03  
 1229 R	 23.08  
 1230 W	 7.69  
 1231 V	 3.33  
 1232 L	 2.33  
 1233 L	 2.67  
 1234 R	 27.66  
 1235 S	 22.03  
 1236 I	 3.72  
 1237 D	 42.11  
 1238 L	 3.71  
 1239 V	 3.39  
 1240 S	 31.76  
 1241 S	 19.42  
 1242 V	 6.48  
 1243 D	 58.14  
 1244 G	 37.05  
 1245 T	 12.77  
 1246 P	 39.12  
 1247 S	 45.18  
 1248 L	 5.24  
 1249 P	 20.28  
 1250 V	 12.48  
 1251 S	 18.10  
 1252 L	 4.81  
 1253 S	 18.93  
 1254 W	 8.41  
 1255 V	 3.43  
 1256 R	 30.13  
 1257 D	 38.57  
 1258 G	 12.45  
 1259 I	 2.86  
 1260 L	 2.90  
 1261 V	 3.10  
 1262 V	 4.75  
 1263 G	 9.95  
 1264 M	 3.44  
 1265 D	 21.21  
 1266 C	 3.57  
 1267 E	 28.23  
 1268 M	 3.05  
 1269 H	 6.27  
 1270 V	 4.01  
 1271 Y	 4.38  
 1272 A	 13.99  
 1273 Q	 31.87  
 1274 W	 6.04  
 1275 K	 15.03  
 1276 H	 32.56  
 1277 A	 11.50  
 1278 V	 5.44  
 1279 K	 44.40  
 1280 F	 9.58  
 1281 G	 34.90  
 1282 D	 44.50  
 1283 T	 33.19  
 1284 E	 56.04  
 1285 A	 24.87  
 1286 D	 46.49  
 1287 S	 32.32  
 1288 S	 40.38  
 1289 N	 56.15  
 1290 A	 20.25  
 1291 E	 53.04  
 1292 E	 39.04  
 1293 A	 10.35  
 1294 A	 10.23  
 1295 M	 6.57  
 1296 Q	 40.30  
 1297 D	 25.31  
 1298 H	 16.31  
 1299 S	 43.77  
 1300 T	 31.49  
 1301 F	 10.28  
 1302 K	 40.80  
 1303 S	 24.23  
 1304 N	 30.03  
 1305 M	 3.90  
 1306 L	 4.95  
 1307 A	 13.19  
 1308 R	 28.02  
 1309 K	 41.83  
 1310 S	 26.33  
 1311 V	 5.22  
 1312 V	 7.88  
 1313 E	 48.98  
 1314 G	 14.61  
 1315 T	 13.81  
 1316 A	 15.33  
 1317 I	 4.69  
 1318 S	 25.87  
 1319 D	 50.40  
 1320 D	 28.71  
 1321 V	 6.64  
 1322 F	 4.37  
 1323 C	 4.84  
 1324 S	 16.49  
 1325 P	 31.68  
 1326 T	 17.59  
 1327 V	 4.14  
 1328 I	 3.21  
 1329 Q	 38.67  
 1330 D	 41.84  
 1331 G	 20.51  
 1332 G	 35.17  
 1333 L	 4.25  
 1334 F	 7.31  
 1335 E	 50.41  
 1336 A	 8.78  
 1337 A	 6.02  
 1338 H	 28.26  
 1339 V	 4.92  
 1340 L	 3.49  
 1341 S	 18.10  
 1342 P	 33.52  
 1343 T	 47.93  
 1344 L	 2.56  
 1345 P	 34.85  
 1346 Q	 52.89  
 1347 Y	 14.07  
 1348 H	 17.43  
 1349 P	 19.53  
 1350 T	 20.66  
 1351 Q	 48.80  
 1352 L	 4.40  
 1353 L	 3.23  
 1354 E	 51.11  
 1355 L	 3.06  
 1356 M	 2.67  
 1357 D	 65.96  
 1358 L	 4.44  
 1359 G	 23.34  
 1360 K	 39.61  
 1361 V	 4.80  
 1362 R	 36.00  
 1363 R	 43.35  
 1364 A	 8.62  
 1365 K	 33.86  
 1366 A	 13.63  
 1367 I	 3.90  
 1368 L	 2.93  
 1369 S	 14.52  
 1370 H	 31.06  
 1371 L	 3.37  
 1372 V	 3.88  
 1373 K	 26.70  
 1374 C	 1.69  
 1375 I	 4.58  
 1376 A	 19.98  
 1377 G	 15.25  
 1378 E	 21.54  
 1379 V	 4.27  
 1380 A	 7.11  
 1381 I	 2.93  
 1382 V	 4.02  
 1383 R	 43.56  
 1384 D	 34.24  
 1385 P	 23.84  
 1386 D	 72.06  
 1387 A	 24.27  
 1388 G	 41.04  
 1389 E	 66.46  
 1390 G	 35.30  
 1391 T	 22.17  
 1392 K	 48.99  
 1393 R	 35.50  
 1394 H	 29.70  
 1395 L	 4.26  
 1396 S	 22.66  
 1397 R	 42.30  
 1398 T	 17.77  
 1399 I	 3.58  
 1400 S	 15.04  
 1401 V	 7.12  
 1402 S	 21.89  
 1403 G	 27.19  
 1404 S	 20.06  
 1405 T	 45.32  
 1406 A	 14.91  
 1407 K	 54.74  
 1408 E	 46.15  
 1409 T	 22.29  
 1410 V	 4.24  
 1411 T	 30.84  
 1412 V	 8.57  
 1413 G	 16.99  
 1414 K	 48.96  
 1415 D	 58.74  
 1416 G	 26.57  
 1417 T	 30.42  
 1418 R	 40.23  
 1419 D	 55.32  
 1420 Y	 11.72  
 1421 T	 30.65  
 1422 E	 38.27  
 1423 I	 3.77  
 1424 D	 33.99  
 1425 S	 42.53  
 1426 I	 3.46  
 1427 P	 28.47  
 1428 P	 44.96  
 1429 L	 3.71  
 1430 P	 29.15  
 1431 L	 5.28  
 1432 Y	 8.02  
 1433 A	 12.09  
 1434 L	 1.80  
 1435 L	 2.55  
 1436 A	 15.16  
 1437 A	 18.24  
 1438 D	 41.08  
 1439 Q	 51.67  
 1440 D	 37.86  
 1441 T	 23.25  
 1442 S	 22.24  
 1443 Y	 17.66  
 1444 R	 26.23  
 1445 I	 4.64  
 1446 S	 26.72  
 1447 E	 54.30  
 1448 E	 57.84  
 1449 S	 30.83  
 1450 T	 35.95  
 1451 K	 62.76  
 1452 I	 3.67  
 1453 P	 20.72  
 1454 Q	 63.22  
 1455 S	 25.74  
 1456 Y	 20.48  
 1457 E	 49.22  
 1458 D	 41.01  
 1459 Q	 31.68  
 1460 T	 34.15  
 1461 V	 4.09  
 1462 S	 43.32  
 1463 Q	 40.85  
 1464 P	 39.36  
 1465 E	 50.54  
 1466 D	 60.44  
 1467 Q	 41.83  
 1468 Y	 19.21  
 1469 S	 23.38  
 1470 E	 48.98  
 1471 L	 2.92  
 1472 F	 5.44  
 1473 Q	 45.09  
 1474 I	 2.89  
 1475 Q	 31.62  
 1476 D	 50.92  
 1477 I	 1.96  
 1478 P	 37.76  
 1479 T	 46.79  
 1480 D	 45.58  
 1481 D	 38.49  
 1482 I	 7.88  
 1483 D	 52.56  
 1484 L	 13.95  
 1485 E	 47.90  
 1486 P	 60.76  
 1487 E	 56.20  
 1488 K	 75.60  
 1489 R	 51.57  
 1490 E	 78.90  
 1491 N	 58.91  
 1492 K	 47.07  
 1493 S	 43.68  
 1494 K	 49.06  
 1495 V	 4.53  
 1496 I	 5.02  
 1497 N	 36.31  
 1498 L	 2.01  
 1499 S	 19.50  
 1500 Q	 50.82  
 1501 Y	 23.00  
 1502 G	 7.85  
 1503 P	 20.89  
 1504 A	 14.13  
 1505 Y	 16.04  
 1506 F	 9.89  
 1507 G	 21.20  
 1508 Q	 29.42  
 1509 E	 39.64  
 1510 H	 15.79  
 1511 A	 11.52  
 1512 R	 31.64  
 1513 V	 6.71  
 1514 L	 3.47  
 1515 S	 16.92  
 1516 S	 19.24  
 1517 H	 24.64  
 1518 L	 3.40  
 1519 M	 2.11  
 1520 H	 22.16  
 1521 S	 21.43  
 1522 S	 24.73  
 1523 L	 4.35  
 1524 P	 37.38  
 1525 G	 45.00  
 1526 L	 2.08  
 1527 T	 38.84  
 1528 R	 41.07  
 1529 L	 4.52  
 1530 E	 36.39  
 1531 Q	 32.30  
 1532 M	 1.73  
 1533 F	 5.05  
 1534 L	 1.52  
 1535 V	 2.54  
 1536 A	 10.12  
 1537 L	 3.27  
 1538 A	 10.74  
 1539 D	 42.43  
 1540 T	 13.36  
 1541 V	 4.60  
 1542 A	 13.78  
 1543 T	 19.55  
 1544 T	 24.74  
 1545 S	 18.61  
 1546 T	 38.18  
 1547 E	 54.73  
 1548 L	 10.04  
 1549 D	 45.66  
 1550 E	 61.37  
 1551 S	 45.50  
 1552 R	 54.02  
 1553 D	 57.40  
 1554 K	 52.86  
 1555 S	 20.15  
 1556 C	 6.52  
 1557 S	 43.91  
 1558 G	 35.49  
 1559 R	 19.90  
 1560 D	 55.96  
 1561 T	 34.45  
 1562 L	 6.47  
 1563 D	 51.76  
 1564 E	 33.33  
 1565 C	 6.58  
 1566 G	 15.90  
 1567 L	 5.00  
 1568 R	 12.82  
 1569 Y	 15.88  
 1570 L	 1.67  
 1571 L	 2.33  
 1572 A	 4.39  
 1573 M	 4.77  
 1574 R	 20.08  
 1575 L	 2.23  
 1576 H	 12.27  
 1577 T	 14.94  
 1578 C	 1.72  
 1579 L	 6.50  
 1580 L	 3.13  
 1581 T	 18.44  
 1582 S	 38.56  
 1583 L	 4.22  
 1584 P	 19.33  
 1585 P	 47.52  
 1586 L	 3.94  
 1587 Y	 17.95  
 1588 R	 19.86  
 1589 V	 2.73  
 1590 Q	 29.34  
 1591 L	 4.16  
 1592 L	 1.26  
 1593 H	 30.82  
 1594 Q	 54.69  
 1595 G	 12.47  
 1596 V	 3.26  
 1597 S	 31.94  
 1598 T	 13.95  
 1599 C	 1.61  
 1600 H	 18.62  
 1601 F	 7.07  
 1602 A	 3.50  
 1603 W	 9.87  
 1604 A	 6.72  
 1605 F	 4.55  
 1606 H	 19.58  
 1607 S	 31.86  
 1608 E	 52.08  
 1609 A	 32.30  
 1610 E	 48.21  
 1611 E	 66.21  
 1612 E	 46.59  
 1613 L	 3.76  
 1614 I	 3.58  
 1615 N	 34.65  
 1616 M	 2.85  
 1617 I	 1.48  
 1618 P	 16.73  
 1619 A	 10.30  
 1620 I	 2.11  
 1621 Q	 45.47  
 1622 R	 45.42  
 1623 G	 34.28  
 1624 D	 34.11  
 1625 P	 40.12  
 1626 Q	 62.15  
 1627 W	 10.12  
 1628 S	 22.85  
 1629 E	 39.04  
 1630 L	 3.36  
 1631 R	 20.62  
 1632 A	 17.12  
 1633 M	 3.04  
 1634 G	 17.80  
 1635 I	 2.40  
 1636 G	 13.38  
 1637 W	 6.62  
 1638 W	 3.65  
 1639 V	 2.43  
 1640 R	 25.29  
 1641 N	 23.42  
 1642 I	 2.67  
 1643 N	 36.29  
 1644 T	 20.18  
 1645 L	 2.55  
 1646 R	 29.41  
 1647 R	 28.95  
 1648 C	 3.68  
 1649 I	 5.64  
 1650 E	 45.14  
 1651 K	 27.81  
 1652 V	 4.24  
 1653 A	 16.86  
 1654 K	 47.77  
 1655 A	 13.07  
 1656 S	 22.62  
 1657 F	 10.65  
 1658 Q	 44.70  
 1659 R	 41.74  
 1660 N	 39.69  
 1661 N	 37.81  
 1662 D	 52.65  
 1663 A	 14.95  
 1664 L	 5.26  
 1665 D	 31.36  
 1666 A	 13.60  
 1667 A	 9.62  
 1668 L	 2.88  
 1669 F	 5.03  
 1670 Y	 9.94  
 1671 L	 2.94  
 1672 S	 19.71  
 1673 M	 7.33  
 1674 K	 47.98  
 1675 K	 37.01  
 1676 K	 40.68  
 1677 A	 15.24  
 1678 V	 5.23  
 1679 V	 3.92  
 1680 W	 7.38  
 1681 G	 11.88  
 1682 L	 1.57  
 1683 F	 6.60  
 1684 R	 40.21  
 1685 S	 25.24  
 1686 Q	 43.74  
 1687 H	 46.58  
 1688 D	 49.96  
 1689 E	 42.47  
 1690 K	 47.83  
 1691 M	 3.92  
 1692 T	 31.36  
 1693 T	 21.13  
 1694 F	 4.32  
 1695 F	 7.34  
 1696 S	 17.21  
 1697 H	 37.43  
 1698 N	 39.99  
 1699 F	 9.91  
 1700 N	 56.42  
 1701 E	 44.83  
 1702 D	 57.45  
 1703 R	 28.99  
 1704 W	 20.60  
 1705 R	 21.45  
 1706 K	 30.93  
 1707 A	 14.95  
 1708 A	 23.31  
 1709 L	 5.41  
 1710 K	 41.31  
 1711 N	 47.25  
 1712 A	 8.20  
 1713 F	 8.06  
 1714 S	 21.92  
 1715 L	 6.21  
 1716 L	 8.57  
 1717 G	 29.37  
 1718 K	 37.97  
 1719 Q	 54.20  
 1720 R	 40.32  
 1721 F	 10.44  
 1722 E	 45.90  
 1723 Q	 35.34  
 1724 S	 17.86  
 1725 A	 14.16  
 1726 A	 10.85  
 1727 F	 4.42  
 1728 F	 4.72  
 1729 L	 2.30  
 1730 L	 4.24  
 1731 A	 14.00  
 1732 G	 33.22  
 1733 S	 27.00  
 1734 L	 5.95  
 1735 K	 46.97  
 1736 D	 59.06  
 1737 A	 9.77  
 1738 I	 6.13  
 1739 E	 28.97  
 1740 V	 3.54  
 1741 C	 2.35  
 1742 L	 9.53  
 1743 E	 45.27  
 1744 K	 34.34  
 1745 M	 4.01  
 1746 E	 64.13  
 1747 D	 30.36  
 1748 I	 2.00  
 1749 Q	 35.18  
 1750 L	 3.20  
 1751 A	 3.62  
 1752 M	 2.81  
 1753 V	 2.29  
 1754 I	 0.88  
 1755 A	 5.52  
 1756 R	 27.03  
 1757 L	 4.04  
 1758 Y	 16.32  
 1759 E	 48.67  
 1760 S	 33.75  
 1761 E	 35.25  
 1762 F	 20.23  
 1763 E	 43.67  
 1764 T	 33.04  
 1765 S	 17.31  
 1766 S	 32.42  
 1767 T	 25.33  
 1768 Y	 8.46  
 1769 I	 1.77  
 1770 S	 15.60  
 1771 I	 2.80  
 1772 L	 4.42  
 1773 N	 39.15  
 1774 Q	 30.62  
 1775 K	 38.53  
 1776 I	 2.62  
 1777 L	 7.86  
 1778 G	 18.45  
 1779 C	 3.99  
 1780 Q	 45.11  
 1781 K	 69.04  
 1782 D	 30.52  
 1783 G	 36.38  
 1784 S	 46.96  
 1785 G	 24.82  
 1786 F	 9.20  
 1787 S	 23.43  
 1788 C	 2.51  
 1789 K	 57.72  
 1790 R	 42.42  
 1791 L	 4.15  
 1792 H	 28.84  
 1793 P	 56.41  
 1794 D	 35.52  
 1795 P	 34.32  
 1796 F	 13.27  
 1797 L	 4.41  
 1798 R	 29.97  
 1799 S	 21.35  
 1800 L	 3.24  
 1801 A	 9.44  
 1802 Y	 12.11  
 1803 W	 4.33  
 1804 V	 1.91  
 1805 M	 1.37  
 1806 K	 37.65  
 1807 D	 31.75  
 1808 Y	 7.81  
 1809 T	 21.43  
 1810 R	 27.24  
 1811 A	 11.29  
 1812 L	 4.69  
 1813 D	 34.03  
 1814 T	 33.81  
 1815 L	 5.04  
 1816 L	 5.07  
 1817 E	 56.36  
 1818 Q	 64.17  
 1819 T	 27.27  
 1820 P	 37.42  
 1821 K	 76.73  
 1822 E	 72.41  
 1823 D	 73.12  
 1824 D	 57.26  
 1825 E	 48.84  
 1826 H	 33.91  
 1827 Q	 26.51  
 1828 V	 5.43  
 1829 I	 2.36  
 1830 I	 2.56  
 1831 K	 37.52  
 1832 S	 14.55  
 1833 C	 5.91  
 1834 N	 40.97  
 1835 P	 24.12  
 1836 V	 5.38  
 1837 A	 8.81  
 1838 F	 5.44  
 1839 S	 19.65  
 1840 F	 3.56  
 1841 Y	 11.16  
 1842 N	 27.61  
 1843 Y	 6.03  
 1844 L	 4.54  
 1845 R	 22.19  
 1846 T	 25.83  
 1847 H	 12.46  
 1848 P	 28.40  
 1849 L	 4.88  
 1850 L	 3.18  
 1851 I	 5.25  
 1852 R	 22.77  
 1853 R	 35.20  
 1854 N	 30.06  
 1855 L	 4.78  
 1856 A	 26.96  
 1857 S	 27.01  
 1858 P	 38.13  
 1859 E	 63.42  
 1860 G	 29.43  
 1861 T	 16.14  
 1862 L	 5.15  
 1863 A	 10.70  
 1864 T	 25.19  
 1865 L	 6.68  
 1866 G	 22.29  
 1867 L	 7.54  
 1868 K	 53.49  
 1869 T	 58.18  
 1870 E	 44.40  
 1871 K	 62.00  
 1872 N	 35.62  
 1873 F	 12.77  
 1874 V	 11.64  
 1875 D	 41.81  
 1876 K	 28.35  
 1877 I	 4.37  
 1878 N	 40.48  
 1879 L	 4.98  
 1880 I	 4.10  
 1881 E	 47.10  
 1882 R	 33.70  
 1883 K	 36.53  
 1884 L	 5.52  
 1885 F	 6.00  
 1886 F	 9.57  
 1887 T	 20.05  
 1888 T	 16.86  
 1889 A	 14.25  
 1890 N	 31.68  
 1891 A	 13.66  
 1892 H	 23.91  
 1893 F	 6.78  
 1894 K	 28.05  
 1895 V	 10.49  
 1896 G	 15.59  
 1897 C	 2.06  
 1898 P	 20.44  
 1899 V	 5.93  
 1900 L	 2.45  
 1901 A	 11.25  
 1902 L	 4.01  
 1903 E	 35.49  
 1904 V	 8.33  
 1905 L	 2.93  
 1906 S	 33.44  
 1907 K	 59.89  
 1908 I	 3.43  
 1909 P	 28.88  
 1910 K	 67.04  
 1911 V	 5.79  
 1912 T	 34.43  
 1913 K	 43.39  
 1914 T	 15.18  
 1915 S	 28.86  
 1916 A	 15.69  
 1917 L	 5.25  
 1918 S	 37.45  
 1919 A	 24.62  
 1920 K	 54.21  
 1921 K	 62.40  
 1922 D	 65.62  
 1923 Q	 48.63  
 1924 P	 48.92  
 1925 D	 48.13  
 1926 F	 8.64  
 1927 I	 4.40  
 1928 S	 12.67  
 1929 H	 25.03  
 1930 R	 24.35  
 1931 M	 4.28  
 1932 D	 54.43  
 1933 D	 44.90  
 1934 V	 4.58  
 1935 P	 33.06  
 1936 S	 40.00  
 1937 H	 27.52  
 1938 S	 24.78  
 1939 K	 48.17  
 1940 A	 18.47  
 1941 L	 5.72  
 1942 S	 48.62  
 1943 D	 56.26  
 1944 G	 36.70  
 1945 N	 52.76  
 1946 G	 28.81  
 1947 S	 29.41  
 1948 S	 45.23  
 1949 G	 24.43  
 1950 I	 5.46  
 1951 E	 48.67  
 1952 W	 8.03  
 1953 S	 14.50  
 1954 N	 42.00  
 1955 V	 4.60  
 1956 T	 27.23  
 1957 S	 15.91  
 1958 S	 24.32  
 1959 Q	 39.72  
 1960 Y	 22.71  
 1961 D	 30.80  
 1962 W	 8.24  
 1963 S	 24.15  
 1964 Q	 27.73  
 1965 P	 28.02  
 1966 I	 3.48  
 1967 V	 6.69  
 1968 K	 44.69  
 1969 V	 8.52  
 1970 D	 49.15  
 1971 E	 65.58  
 1972 E	 51.10  
 1973 P	 25.22  
 1974 L	 12.90  
 1975 N	 46.82  
 1976 L	 8.47  
 1977 D	 50.70  
 1978 W	 18.42  
 1979 G	 30.07  
 1980 E	 48.17  
 1981 D	 47.13  
 1982 H	 26.99  
 1983 D	 48.18  
 1984 S	 27.58  
 1985 A	 25.70  
 1986 L	 11.17  
 1987 D	 62.06  
 1988 E	 65.22  
 1989 E	 67.41  
 1990 E	 60.17  
 1991 D	 53.07  
 1992 D	 46.57  
 1993 A	 15.03  
 1994 V	 8.62  
 1995 G	 17.80  
 1996 L	 2.46  
 1997 V	 3.60  
 1998 M	 3.22  
 1999 K	 42.60  
 2000 S	 17.27  
 2001 T	 28.32  
 2002 D	 51.20  
 2003 A	 22.94  
 2004 R	 55.07  
 2005 E	 68.29  
 2006 K	 65.75  
 2007 D	 49.85  
 2008 K	 63.87  
 2009 Q	 63.47  
 2010 S	 47.99  
 2011 D	 52.05  
 2012 Q	 48.76  
 2013 K	 55.65  
 2014 A	 17.34  
 2015 S	 61.71  
 2016 D	 43.37  
 2017 P	 26.15  
 2018 N	 38.43  
 2019 M	 3.84  
 2020 L	 6.47  
 2021 L	 4.58  
 2022 T	 20.97  
 2023 P	 39.28  
 2024 Q	 62.57  
 2025 E	 65.68  
 2026 E	 63.57  
 2027 D	 75.83  
 2028 D	 46.56  
 2029 P	 60.85  
 2030 E	 76.36  
 2031 G	 53.15  
 2032 D	 37.72  
 2033 T	 49.08  
 2034 E	 41.27  
 2035 V	 8.49  
 2036 D	 21.63  
 2037 V	 5.58  
 2038 I	 2.78  
 2039 A	 9.79  
 2040 E	 45.37  
 2041 Q	 40.71  
 2042 L	 4.21  
 2043 K	 32.28  
 2044 F	 9.00  
 2045 R	 23.86  
 2046 A	 13.21  
 2047 C	 3.29  
 2048 L	 3.64  
 2049 K	 33.41  
 2050 I	 1.73  
 2051 L	 3.12  
 2052 M	 2.89  
 2053 T	 28.55  
 2054 E	 23.45  
 2055 L	 3.59  
 2056 R	 22.82  
 2057 T	 33.11  
 2058 L	 3.04  
 2059 A	 9.81  
 2060 T	 43.33  
 2061 G	 15.82  
 2062 Y	 14.39  
 2063 E	 35.16  
 2064 V	 6.62  
 2065 D	 48.46  
 2066 G	 40.07  
 2067 G	 22.74  
 2068 K	 41.86  
 2069 L	 8.19  
 2070 R	 22.28  
 2071 F	 9.46  
 2072 Q	 36.28  
 2073 L	 3.08  
 2074 Y	 8.10  
 2075 N	 45.51  
 2076 W	 7.73  
 2077 L	 6.32  
 2078 E	 40.01  
 2079 K	 52.85  
 2080 E	 28.60  
 2081 I	 3.94  
 2082 A	 12.69  
 2083 A	 18.34  
 2084 L	 2.48  
 2085 H	 20.04  
 2086 E	 50.52  
 2087 I	 1.66  
 2088 C	 3.76  
 2089 N	 47.85  
 2090 H	 25.05  
 2091 E	 32.48  
 2092 S	 22.91  
 2093 V	 7.07  
 2094 I	 3.80  
 2095 K	 48.74  
 2096 E	 39.25  
 2097 Y	 17.16  
 2098 S	 26.84  
 2099 S	 28.28  
 2100 K	 45.61  
 2101 T	 34.67  
 2102 Y	 15.38  
 2103 S	 35.14  
 2104 K	 39.34  
 2105 V	 7.57  
 2106 E	 42.12  
 2107 S	 36.22  
 2108 D	 37.43  
 2109 L	 8.70  
 2110 L	 8.40  
 2111 D	 62.23  
 2112 Q	 48.82  
 2113 E	 47.96  
 2114 E	 38.58  
 2115 M	 4.68  
 2116 V	 10.94  
 2117 D	 56.30  
 2118 K	 32.93  
 2119 P	 33.71  
 2120 D	 64.72  
 2121 I	 5.53  
 2122 G	 31.39  
 2123 S	 24.93  
 2124 Y	 16.27  
 2125 E	 45.44  
 2126 R	 20.83  
 2127 H	 22.49  
 2128 Q	 45.52  
 2129 I	 3.48  
 2130 E	 33.30  
 2131 R	 30.56  
 2132 R	 30.76  
 2133 R	 37.06  
 2134 L	 5.72  
 2135 Q	 42.92  
 2136 A	 19.91  
 2137 K	 45.41  
 2138 R	 43.90  
 2139 E	 46.90  
 2140 H	 36.60  
 2141 A	 13.77  
 2142 E	 55.73  
 2143 R	 52.70  
 2144 R	 28.94  
 2145 K	 52.81  
 2146 S	 31.07  
 2147 W	 13.07  
 2148 L	 7.20  
 2149 Q	 36.07  
 2150 K	 55.17  
 2151 N	 27.86  
 2152 Q	 50.17  
 2153 D	 58.00  
 2154 L	 2.07  
 2155 L	 6.21  
 2156 R	 25.16  
 2157 V	 5.97  
 2158 F	 2.79  
 2159 L	 3.05  
 2160 S	 16.78  
 2161 Y	 6.55  
 2162 C	 2.91  
 2163 S	 18.37  
 2164 L	 3.74  
 2165 H	 17.16  
 2166 G	 25.53  
 2167 A	 8.29  
 2168 Q	 56.51  
 2169 G	 31.44  
 2170 G	 18.83  
 2171 G	 25.54  
 2172 L	 3.48  
 2173 A	 14.84  
 2174 S	 18.46  
 2175 V	 5.85  
 2176 R	 15.46  
 2177 M	 7.11  
 2178 E	 37.94  
 2179 L	 3.30  
 2180 K	 22.21  
 2181 F	 14.92  
 2182 L	 4.63  
 2183 L	 6.29  
 2184 Q	 50.90  
 2185 E	 50.95  
 2186 S	 24.97  
 2187 Q	 44.36  
 2188 Q	 60.32  
 2189 E	 38.52  
 2190 T	 32.33  
 2191 T	 25.59  
 2192 V	 4.93  
 2193 K	 43.10  
 2194 Q	 40.16  
 2195 L	 4.51  
 2196 Q	 40.27  
 2197 S	 36.68  
 2198 P	 25.66  
 2199 L	 9.12  
 2200 P	 39.41  
 2201 L	 8.51  
 2202 P	 22.77  
 2203 T	 48.96  
 2204 T	 25.16  
 2205 L	 2.87  
 2206 P	 29.21  
 2207 L	 7.11  
 2208 L	 3.67  
 2209 S	 27.87  
 2210 A	 12.62  
 2211 S	 18.47  
 2212 I	 3.34  
 2213 A	 14.51  
 2214 S	 28.85  
 2215 T	 23.01  
 2216 K	 38.00  
 2217 T	 19.75  
 2218 V	 4.08  
 2219 I	 3.57  
 2220 A	 15.22  
 2221 N	 18.98  
 2222 P	 14.41  
 2223 V	 5.72  
 2224 L	 4.20  
 2225 Y	 13.97  
 2226 L	 4.53  
 2227 N	 25.20  
 2228 N	 32.66  
 2229 H	 20.07  
 2230 I	 3.20  
 2231 H	 14.44  
 2232 D	 31.80  
 2233 I	 1.64  
 2234 L	 3.72  
 2235 Y	 8.51  
 2236 T	 15.95  
 2237 I	 0.97  
 2238 V	 3.33  
 2239 Q	 24.65  
 2240 M	 3.46  
 2241 K	 40.57  
 2242 T	 36.39  
 2243 P	 21.49  
 2244 P	 58.20  
 2245 H	 29.91  
 2246 P	 42.66  
 2247 S	 35.26  
 2248 I	 6.54  
 2249 E	 62.18  
 2250 D	 43.82  
 2251 V	 4.53  
 2252 K	 40.39  
 2253 V	 4.13  
 2254 H	 19.59  
 2255 T	 29.20  
 2256 L	 1.23  
 2257 H	 23.17  
 2258 S	 23.86  
 2259 L	 3.00  
 2260 A	 9.68  
 2261 A	 19.12  
 2262 S	 19.76  
 2263 L	 4.20  
 2264 S	 19.92  
 2265 A	 12.77  
 2266 S	 20.60  
 2267 I	 2.71  
 2268 Y	 5.80  
 2269 Q	 26.62  
 2270 A	 8.00  
 2271 L	 1.65  
 2272 C	 5.90  
 2273 D	 50.68  
 2274 S	 17.21  
 2275 H	 19.94  
 2276 S	 30.36  
 2277 Y	 10.20  
 2278 S	 33.37  
 2279 Q	 35.02  
 2280 T	 39.66  
 2281 E	 48.81  
 2282 G	 36.30  
 2283 N	 27.79  
 2284 Q	 48.40  
 2285 F	 8.06  
 2286 T	 19.11  
 2287 G	 10.46  
 2288 M	 2.59  
 2289 A	 8.54  
 2290 Y	 8.33  
 2291 Q	 26.90  
 2292 G	 12.96  
 2293 L	 2.28  
 2294 L	 5.71  
 2295 L	 6.35  
 2296 S	 29.10  
 2297 D	 48.34  
 2298 R	 23.42  
 2299 R	 47.15  
 2300 R	 29.43  
 2301 L	 8.24  
 2302 R	 34.34  
 2303 T	 38.38  
 2304 E	 43.20  
 2305 S	 34.39  
 2306 I	 6.15  
 2307 E	 53.67  
 2308 E	 36.83  
 2309 H	 23.32  
 2310 A	 28.21  
 2311 T	 25.55  
 2312 P	 39.22  
 2313 N	 51.25  
 2314 S	 38.61  
 2315 S	 30.78  
 2316 P	 28.43  
 2317 A	 26.47  
 2318 Q	 50.73  
 2319 W	 8.17  
 2320 P	 22.64  
 2321 G	 29.04  
 2322 V	 2.85  
 2323 S	 25.91  
 2324 S	 30.75  
 2325 L	 2.04  
 2326 I	 3.54  
 2327 N	 39.98  
 2328 L	 3.78  
 2329 L	 3.08  
 2330 S	 27.13  
 2331 S	 29.89  
 2332 A	 19.91  
 2333 Q	 57.48  
 2334 D	 62.24  
 2335 E	 46.60  
 2336 D	 77.65  
 2337 Q	 34.67  
 2338 P	 56.26  
 2339 K	 48.83  
 2340 L	 6.49  
 2341 N	 29.05  
 2342 I	 4.50  
 2343 L	 4.33  
 2344 L	 1.88  
 2345 C	 2.57  
 2346 E	 44.46  
 2347 A	 10.49  
 2348 V	 1.01  
 2349 V	 3.72  
 2350 A	 4.24  
 2351 V	 3.14  
 2352 Y	 4.84  
 2353 L	 2.03  
 2354 S	 11.93  
 2355 L	 4.87  
 2356 L	 2.13  
 2357 I	 1.85  
 2358 H	 18.05  
 2359 A	 7.59  
 2360 L	 3.60  
 2361 A	 12.91  
 2362 T	 36.16  
 2363 N	 34.00  
 2364 S	 30.77  
 2365 S	 29.87  
 2366 S	 37.83  
 2367 E	 54.60  
 2368 L	 3.06  
 2369 F	 5.44  
 2370 R	 35.72  
 2371 L	 3.75  
 2372 A	 10.24  
 2373 A	 14.93  
 2374 H	 23.05  
 2375 P	 31.86  
 2376 L	 6.78  
 2377 N	 38.21  
 2378 N	 42.75  
 2379 R	 22.43  
 2380 M	 2.87  
 2381 W	 4.28  
 2382 A	 5.61  
 2383 A	 5.01  
 2384 V	 3.37  
 2385 F	 6.89  
 2386 G	 25.91  
 2387 G	 26.68  
 2388 G	 17.48  
 2389 V	 4.98  
 2390 K	 38.55  
 2391 L	 5.07  
 2392 V	 4.27  
 2393 V	 11.64  
 2394 K	 25.90  
 2395 P	 25.69  
 2396 R	 43.48  
 2397 R	 53.56  
 2398 Q	 57.27  
 2399 S	 30.69  
 2400 E	 50.69  
 2401 N	 38.47  
 2402 I	 3.05  
 2403 S	 46.43  
 2404 A	 14.49  
 2405 P	 16.85  
 2406 P	 39.12  
 2407 V	 10.01  
 2408 L	 5.98  
 2409 S	 33.19  
 2410 E	 55.62  
 2411 D	 51.52  
 2412 I	 7.16  
 2413 D	 53.70  
 2414 K	 39.07  
 2415 H	 25.40  
 2416 R	 36.89  
 2417 R	 47.46  
 2418 R	 27.52  
 2419 F	 8.81  
 2420 N	 18.48  
 2421 M	 2.15  
 2422 R	 19.18  
 2423 M	 2.85  
 2424 L	 2.72  
 2425 V	 3.27  
 2426 P	 29.16  
 2427 G	 38.76  
 2428 R	 27.11  
 2429 P	 43.34  
 2430 V	 9.38  
 2431 K	 44.31  
 2432 D	 56.77  
 2433 A	 19.11  
 2434 T	 46.60  
 2435 P	 32.68  
 2436 P	 37.86  
 2437 P	 46.02  
 2438 V	 9.64  
 2439 P	 33.89  
 2440 A	 26.18  
 2441 E	 60.08  
 2442 R	 27.80  
 2443 P	 33.25  
 2444 S	 55.87  
 2445 Y	 26.33  
 2446 K	 59.78  
 2447 E	 44.99  
 2448 K	 44.43  
 2449 F	 12.13  
 2450 I	 9.12  
 2451 P	 21.31  
 2452 P	 50.79  
 2453 E	 48.39  
 2454 L	 5.40  
 2455 S	 19.03  
 2456 M	 5.02  
 2457 W	 8.19  
 2458 D	 20.53  
 2459 Y	 5.62  
 2460 F	 3.90  
 2461 V	 5.65  
 2462 A	 12.14  
 2463 K	 30.88  
 2464 P	 26.69  
 2465 F	 12.36  
 2466 L	 5.90  
 2467 P	 30.14  
 2468 L	 10.92  
 2469 S	 27.99  
 2470 D	 58.03  
 2471 S	 31.42  
 2472 G	 18.16  
 2473 V	 4.19  
 2474 I	 3.45  
 2475 Y	 13.64  
 2476 D	 38.19  
 2477 S	 26.72  
 2478 D	 51.25  
 2479 E	 56.39  
 2480 S	 30.50  
 2481 I	 3.20  
 2482 H	 38.18  
 2483 S	 45.08  
 2484 D	 49.49  
 2485 E	 67.36  
 2486 E	 67.21  
 2487 D	 50.95  
 2488 D	 48.86  
 2489 A	 21.50  
 2490 F	 8.51  
 2491 F	 7.47  
 2492 S	 33.04  
 2493 D	 37.16  
 2494 T	 26.77  
 2495 Q	 40.12  
 2496 I	 5.87  
 2497 Q	 32.10  
 2498 E	 45.18  
 2499 H	 22.44  
 2500 Q	 68.08  
 2501 D	 46.38  
 2502 P	 25.70  
 2503 N	 62.97  
 2504 S	 26.40  
 2505 Y	 18.18  
 2506 S	 12.99  
 2507 W	 5.23  
 2508 A	 8.36  
 2509 L	 2.23  
 2510 L	 2.10  
 2511 H	 21.80  
 2512 L	 3.13  
 2513 T	 14.79  
 2514 M	 2.93  
 2515 V	 3.76  
 2516 K	 19.74  
 2517 L	 4.11  
 2518 A	 10.89  
 2519 L	 4.35  
 2520 H	 31.28  
 2521 N	 47.51  
 2522 V	 3.59  
 2523 K	 54.04  
 2524 N	 39.24  
 2525 F	 6.80  
 2526 F	 6.30  
 2527 P	 16.04  
 2528 I	 3.92  
 2529 A	 19.43  
 2530 G	 26.85  
 2531 L	 4.43  
 2532 E	 46.33  
 2533 F	 9.16  
 2534 S	 28.93  
 2535 E	 63.51  
 2536 L	 3.91  
 2537 P	 24.24  
 2538 V	 15.01  
 2539 T	 23.76  
 2540 S	 20.54  
 2541 P	 25.82  
 2542 L	 8.52  
 2543 G	 14.81  
 2544 I	 3.49  
 2545 A	 8.66  
 2546 V	 6.39  
 2547 I	 1.48  
 2548 K	 49.21  
 2549 N	 41.27  
 2550 L	 4.59  
 2551 E	 70.46  
 2552 N	 51.23  
 2553 W	 6.90  
 2554 E	 39.05  
 2555 Q	 33.05  
 2556 I	 2.65  
 2557 L	 5.56  
 2558 Q	 50.31  
 2559 E	 47.07  
 2560 K	 34.51  
 2561 M	 4.88  
 2562 D	 62.17  
 2563 Q	 34.49  
 2564 F	 11.61  
 2565 E	 66.22  
 2566 G	 41.10  
 2567 P	 33.70  
 2568 P	 40.40  
 2569 P	 49.76  
 2570 N	 56.97  
 2571 Y	 11.00  
 2572 I	 3.84  
 2573 N	 24.17  
 2574 T	 22.71  
 2575 Y	 10.31  
 2576 P	 19.87  
 2577 T	 38.88  
 2578 D	 32.23  
 2579 L	 5.00  
 2580 S	 22.70  
 2581 V	 8.72  
 2582 G	 22.80  
 2583 A	 20.74  
 2584 G	 13.27  
 2585 P	 18.65  
 2586 A	 16.72  
 2587 I	 4.12  
 2588 L	 5.54  
 2589 R	 36.17  
 2590 N	 32.75  
 2591 K	 28.83  
 2592 A	 16.02  
 2593 M	 4.68  
 2594 L	 13.68  
 2595 E	 37.17  
 2596 P	 35.86  
 2597 E	 65.44  
 2598 N	 64.86  
 2599 T	 28.57  
 2600 P	 46.37  
 2601 F	 12.04  
 2602 K	 45.87  
 2603 S	 41.52  
 2604 R	 48.71  
 2605 D	 54.77  
 2606 S	 23.58  
 2607 S	 37.91  
 2608 A	 19.40  
 2609 F	 8.47  
 2610 P	 30.36  
 2611 V	 4.56  
 2612 K	 41.85  
 2613 R	 43.15  
 2614 L	 3.27  
 2615 W	 5.57  
 2616 H	 15.68  
 2617 F	 5.92  
 2618 L	 2.80  
 2619 V	 6.17  
 2620 K	 42.77  
 2621 Q	 38.25  
 2622 E	 39.20  
 2623 V	 6.56  
 2624 L	 3.61  
 2625 Q	 53.51  
 2626 E	 41.34  
 2627 T	 16.05  
 2628 F	 2.70  
 2629 I	 4.22  
 2630 R	 17.82  
 2631 Y	 8.79  
 2632 I	 2.25  
 2633 F	 6.41  
 2634 T	 26.54  
 2635 K	 39.57  
 2636 K	 62.87  
 2637 R	 43.75  
 2638 K	 68.03  
 2639 Q	 49.18  
 2640 S	 46.79  
 2641 E	 41.71  
 2642 V	 9.96  
 2643 E	 32.20  
 2644 A	 23.62  
 2645 D	 27.41  
 2646 L	 10.24  
 2647 G	 27.43  
 2648 Y	 13.15  
 2649 P	 43.17  
 2650 G	 41.57  
 2651 G	 23.42  
 2652 K	 51.45  
 2653 A	 18.02  
 2654 K	 45.25  
 2655 V	 7.09  
 2656 I	 3.66  
 2657 H	 30.71  
 2658 K	 48.03  
 2659 E	 37.50  
 2660 S	 36.96  
 2661 D	 31.55  
 2662 M	 2.92  
 2663 I	 1.85  
 2664 M	 2.18  
 2665 A	 5.22  
 2666 F	 4.66  
 2667 S	 18.42  
 2668 V	 7.42  
 2669 N	 36.20  
 2670 K	 38.53  
 2671 A	 22.17  
 2672 N	 30.65  
 2673 C	 6.05  
 2674 N	 41.66  
 2675 E	 36.35  
 2676 I	 1.59  
 2677 V	 2.73  
 2678 L	 3.70  
 2679 A	 11.07  
 2680 S	 23.32  
 2681 T	 19.25  
 2682 H	 30.65  
 2683 D	 43.83  
 2684 V	 3.55  
 2685 Q	 52.14  
 2686 E	 46.95  
 2687 L	 3.43  
 2688 D	 40.68  
 2689 V	 6.47  
 2690 T	 17.21  
 2691 S	 22.64  
 2692 L	 2.28  
 2693 L	 4.48  
 2694 A	 8.46  
 2695 C	 2.52  
 2696 Q	 33.39  
 2697 S	 20.62  
 2698 Y	 3.71  
 2699 I	 2.33  
 2700 W	 5.58  
 2701 I	 3.45  
 2702 G	 13.49  
 2703 E	 44.22  
 2704 E	 47.74  
 2705 Y	 18.92  
 2706 D	 51.67  
 2707 R	 49.54  
 2708 E	 60.67  
 2709 S	 38.44  
 2710 K	 49.58  
 2711 S	 48.56  
 2712 S	 41.38  
 2713 D	 68.02  
 2714 D	 36.82  
 2715 V	 9.28  
 2716 D	 34.11  
 2717 Y	 19.40  
 2718 R	 28.29  
 2719 G	 24.10  
 2720 S	 17.37  
 2721 T	 26.99  
 2722 T	 19.25  
 2723 T	 24.45  
 2724 L	 3.34  
 2725 Y	 19.11  
 2726 Q	 28.69  
 2727 P	 16.63  
 2728 S	 28.75  
 2729 A	 13.77  
 2730 T	 32.32  
 2731 S	 19.46  
 2732 Y	 12.14  
 2733 S	 22.63  
 2734 A	 8.85  
 2735 S	 27.13  
 2736 Q	 36.94  
 2737 V	 7.29  
 2738 H	 22.40  
 2739 P	 31.45  
 2740 P	 22.98  
 2741 S	 49.29  
 2742 S	 44.20  
 2743 L	 4.07  
 2744 P	 26.62  
 2745 W	 16.84  
 2746 L	 4.09  
 2747 G	 24.75  
 2748 T	 24.77  
 2749 G	 27.28  
 2750 Q	 31.92  
 2751 T	 29.60  
 2752 S	 19.56  
 2753 T	 39.91  
 2754 G	 18.67  
 2755 A	 9.14  
 2756 S	 19.68  
 2757 V	 6.33  
 2758 L	 2.87  
 2759 M	 3.43  
 2760 K	 33.69  
 2761 R	 36.66  
 2762 N	 39.88  
 2763 L	 3.45  
 2764 H	 40.35  
 2765 N	 44.14  
 2766 V	 2.64  
 2767 K	 41.59  
 2768 R	 29.36  
 2769 M	 3.60  
 2770 T	 28.10  
 2771 S	 19.22  
 2772 H	 21.16  
 2773 P	 25.67  
 2774 V	 3.53  
 2775 H	 17.86  
 2776 Q	 28.88  
 2777 Y	 5.88  
 2778 Y	 7.39  
 2779 L	 2.79  
 2780 T	 17.85  
 2781 G	 20.74  
 2782 A	 10.08  
 2783 Q	 57.87  
 2784 D	 51.29  
 2785 G	 18.89  
 2786 S	 18.16  
 2787 V	 6.68  
 2788 R	 26.27  
 2789 M	 3.15  
 2790 F	 5.06  
 2791 E	 38.30  
 2792 W	 6.09  
 2793 T	 25.85  
 2794 R	 28.27  
 2795 P	 20.92  
 2796 Q	 46.04  
 2797 Q	 38.25  
 2798 L	 2.81  
 2799 V	 2.23  
 2800 C	 2.94  
 2801 F	 5.17  
 2802 R	 21.95  
 2803 Q	 33.11  
 2804 A	 14.67  
 2805 G	 21.71  
 2806 N	 27.82  
 2807 A	 13.35  
 2808 R	 34.05  
 2809 V	 3.20  
 2810 T	 14.92  
 2811 R	 25.24  
 2812 L	 4.12  
 2813 Y	 9.45  
 2814 F	 9.32  
 2815 N	 21.62  
 2816 S	 29.57  
 2817 Q	 61.66  
 2818 G	 35.07  
 2819 N	 28.89  
 2820 K	 38.91  
 2821 C	 6.51  
 2822 G	 21.18  
 2823 V	 6.51  
 2824 A	 12.36  
 2825 D	 53.95  
 2826 G	 27.47  
 2827 E	 47.52  
 2828 G	 34.03  
 2829 F	 4.15  
 2830 L	 5.51  
 2831 S	 21.37  
 2832 I	 3.03  
 2833 W	 7.84  
 2834 Q	 23.71  
 2835 V	 3.26  
 2836 N	 20.55  
 2837 Q	 39.32  
 2838 T	 27.18  
 2839 A	 9.50  
 2840 S	 57.99  
 2841 N	 46.26  
 2842 P	 36.18  
 2843 K	 53.70  
 2844 P	 31.17  
 2845 Y	 15.20  
 2846 M	 4.44  
 2847 S	 14.25  
 2848 W	 6.57  
 2849 Q	 14.03  
 2850 C	 2.96  
 2851 H	 19.75  
 2852 S	 31.45  
 2853 K	 31.83  
 2854 A	 18.49  
 2855 T	 32.34  
 2856 S	 35.27  
 2857 D	 34.24  
 2858 F	 6.31  
 2859 A	 10.42  
 2860 F	 6.72  
 2861 I	 3.07  
 2862 T	 18.99  
 2863 S	 17.08  
 2864 S	 21.02  
 2865 S	 26.99  
 2866 L	 3.08  
 2867 V	 6.20  
 2868 A	 11.01  
 2869 T	 27.97  
 2870 S	 25.44  
 2871 G	 24.72  
 2872 H	 24.16  
 2873 S	 49.78  
 2874 N	 44.92  
 2875 D	 59.48  
 2876 N	 41.50  
 2877 R	 39.56  
 2878 N	 34.80  
 2879 V	 2.28  
 2880 C	 3.48  
 2881 L	 3.95  
 2882 W	 7.45  
 2883 D	 20.77  
 2884 T	 17.89  
 2885 L	 3.19  
 2886 I	 5.19  
 2887 S	 29.84  
 2888 P	 38.70  
 2889 G	 29.57  
 2890 N	 36.71  
 2891 S	 34.32  
 2892 L	 3.77  
 2893 I	 2.75  
 2894 H	 30.52  
 2895 G	 16.74  
 2896 F	 3.99  
 2897 T	 17.33  
 2898 C	 3.11  
 2899 H	 27.35  
 2900 D	 44.02  
 2901 H	 12.24  
 2902 G	 29.06  
 2903 A	 7.36  
 2904 T	 26.75  
 2905 V	 2.88  
 2906 L	 2.53  
 2907 Q	 28.18  
 2908 Y	 22.25  
 2909 A	 7.58  
 2910 P	 30.01  
 2911 K	 42.37  
 2912 Q	 37.79  
 2913 Q	 44.34  
 2914 L	 4.20  
 2915 L	 2.26  
 2916 I	 4.97  
 2917 S	 34.85  
 2918 G	 32.69  
 2919 G	 22.72  
 2920 R	 45.36  
 2921 K	 57.55  
 2922 G	 19.66  
 2923 H	 17.82  
 2924 V	 3.50  
 2925 C	 1.81  
 2926 I	 3.19  
 2927 F	 5.59  
 2928 D	 18.43  
 2929 I	 2.55  
 2930 R	 27.72  
 2931 Q	 37.49  
 2932 R	 24.35  
 2933 Q	 36.11  
 2934 L	 3.18  
 2935 I	 1.86  
 2936 H	 29.26  
 2937 T	 15.50  
 2938 F	 3.60  
 2939 Q	 38.65  
 2940 A	 12.31  
 2941 H	 20.83  
 2942 D	 42.66  
 2943 S	 23.25  
 2944 A	 17.23  
 2945 I	 2.88  
 2946 K	 36.74  
 2947 A	 7.61  
 2948 L	 4.06  
 2949 A	 18.12  
 2950 L	 7.68  
 2951 D	 37.82  
 2952 P	 39.01  
 2953 Y	 22.51  
 2954 E	 52.16  
 2955 E	 39.85  
 2956 Y	 8.35  
 2957 F	 5.80  
 2958 T	 29.37  
 2959 T	 21.17  
 2960 G	 23.08  
 2961 S	 22.51  
 2962 A	 30.02  
 2963 E	 55.24  
 2964 G	 40.66  
 2965 N	 23.55  
 2966 I	 5.83  
 2967 K	 39.48  
 2968 V	 2.97  
 2969 W	 5.64  
 2970 R	 25.92  
 2971 L	 3.84  
 2972 T	 20.68  
 2973 G	 19.91  
 2974 H	 23.74  
 2975 G	 27.89  
 2976 L	 2.36  
 2977 I	 2.79  
 2978 H	 32.02  
 2979 S	 27.63  
 2980 F	 6.63  
 2981 K	 45.45  
 2982 S	 33.55  
 2983 E	 50.53  
 2984 Y	 26.62  
 2985 A	 10.20  
 2986 K	 43.61  
 2987 Q	 33.32  
 2988 S	 24.00  
 2989 I	 3.31  
 2990 F	 6.23  
 2991 R	 31.99  
 2992 N	 26.71  
 2993 I	 3.31  
 2994 G	 21.59  
 2995 A	 12.01  
 2996 G	 15.37  
 2997 V	 2.24  
 2998 M	 2.57  
 2999 Q	 28.00  
 3000 I	 1.91  
 3001 D	 18.29  
 3002 I	 2.43  
 3003 I	 3.68  
 3004 Q	 43.36  
 3005 G	 15.71  
 3006 N	 22.55  
 3007 R	 43.89  
 3008 L	 4.26  
 3009 F	 5.25  
 3010 S	 19.08  
 3011 C	 4.00  
 3012 G	 26.04  
 3013 A	 19.18  
 3014 D	 35.57  
 3015 G	 32.20  
 3016 T	 26.15  
 3017 L	 6.97  
 3018 K	 33.84  
 3019 T	 29.17  
 3020 R	 26.79  
 3021 V	 14.61  
 3022 L	 2.14  
 3023 P	 27.52  
 3024 N	 53.67  
 3025 A	 9.27  
 3026 F	 12.37  
 3027 N	 46.53  
 3028 I	 2.30  
 3029 P	 25.75  
 3030 N	 39.57  
 3031 R	 26.03  
 3032 I	 5.28  
 3033 L	 2.79  
 3034 D	 37.46  
 3035 I	 4.39  
 3036 L	 5.99  
