 1 M	 7.50  
 2 N	 36.28  
 3 A	 10.59  
 4 A	 8.71  
 5 V	 2.98  
 6 V	 2.69  
 7 R	 29.36  
 8 R	 29.20  
 9 T	 21.87  
 10 Q	 31.96  
 11 E	 45.29  
 12 A	 16.28  
 13 L	 7.21  
 14 G	 29.27  
 15 K	 35.03  
 16 V	 3.80  
 17 I	 3.35  
 18 R	 48.30  
 19 R	 26.51  
 20 P	 20.57  
 21 P	 50.53  
 22 L	 12.23  
 23 T	 36.53  
 24 E	 49.76  
 25 K	 49.87  
 26 L	 5.48  
 27 L	 10.29  
 28 S	 54.26  
 29 K	 57.59  
 30 P	 29.86  
 31 P	 30.04  
 32 F	 12.44  
 33 R	 38.59  
 34 Y	 14.57  
 35 L	 2.26  
 36 H	 18.45  
 37 D	 31.24  
 38 I	 2.67  
 39 I	 3.15  
 40 T	 25.24  
 41 E	 26.07  
 42 V	 2.23  
 43 I	 1.71  
 44 R	 23.06  
 45 M	 2.71  
 46 T	 19.88  
 47 G	 16.00  
 48 F	 3.17  
 49 M	 3.39  
 50 K	 43.43  
 51 G	 16.48  
 52 L	 3.29  
 53 Y	 15.96  
 54 T	 33.50  
 55 D	 27.29  
 56 A	 15.81  
 57 E	 50.37  
 58 M	 5.58  
 59 K	 46.28  
 60 S	 32.86  
 61 D	 59.43  
 62 N	 50.24  
 63 V	 11.57  
 64 K	 66.37  
 65 D	 50.19  
 66 K	 54.60  
 67 D	 64.33  
 68 A	 19.47  
 69 K	 49.36  
 70 I	 3.64  
 71 S	 21.14  
 72 F	 10.76  
 73 L	 4.00  
 74 Q	 30.99  
 75 K	 49.83  
 76 A	 7.11  
 77 I	 5.49  
 78 D	 31.83  
 79 V	 2.60  
 80 V	 1.72  
 81 V	 2.93  
 82 M	 1.03  
 83 V	 4.49  
 84 S	 21.24  
 85 G	 29.18  
 86 E	 25.85  
 87 P	 35.88  
 88 L	 6.72  
 89 L	 9.36  
 90 A	 24.38  
 91 K	 38.90  
 92 P	 22.59  
 93 A	 17.08  
 94 R	 32.23  
 95 I	 2.43  
 96 V	 4.32  
 97 A	 15.97  
 98 G	 18.13  
 99 H	 37.39  
 100 E	 48.19  
 101 P	 30.60  
 102 E	 69.98  
 103 R	 54.27  
 104 T	 31.23  
 105 N	 44.11  
 106 E	 50.69  
 107 L	 4.65  
 108 L	 2.54  
 109 Q	 37.57  
 110 I	 4.53  
 111 I	 2.52  
 112 G	 20.69  
 113 K	 16.03  
 114 C	 2.42  
 115 C	 5.52  
 116 L	 9.93  
 117 N	 29.34  
 118 K	 36.48  
 119 L	 6.04  
 120 S	 33.07  
 121 S	 50.36  
 122 D	 44.50  
 123 D	 49.24  
 124 A	 11.16  
 125 V	 5.30  
 126 R	 25.39  
 127 R	 22.62  
 128 V	 2.77  
 129 L	 4.87  
 130 A	 22.65  
 131 G	 32.75  
 132 E	 52.89  
 133 K	 60.50  
 134 G	 40.40  
 135 E	 52.72  
 136 V	 12.42  
 137 K	 38.07  
 138 G	 35.25  
 139 R	 18.45  
 140 A	 19.98  
 141 S	 30.71  
 142 L	 5.00  
 143 T	 21.43  
 144 S	 34.92  
 145 R	 36.80  
 146 S	 27.98  
 147 Q	 54.91  
 148 E	 60.38  
 149 L	 7.34  
 150 D	 64.40  
 151 N	 50.88  
 152 K	 57.39  
 153 N	 44.31  
 154 V	 9.70  
 155 R	 55.81  
 156 E	 62.93  
 157 E	 51.19  
 158 E	 38.81  
 159 S	 42.77  
 160 R	 37.53  
 161 V	 11.96  
 162 H	 19.28  
 163 K	 63.81  
 164 N	 33.55  
 165 T	 44.03  
 166 E	 55.92  
 167 D	 58.80  
 168 R	 38.36  
 169 G	 51.29  
 170 D	 41.75  
 171 A	 24.20  
 172 E	 60.37  
 173 I	 6.35  
 174 K	 38.28  
 175 E	 58.48  
 176 R	 39.99  
 177 S	 31.65  
 178 T	 33.72  
 179 S	 33.17  
 180 R	 48.09  
 181 D	 62.99  
 182 R	 42.04  
 183 K	 70.75  
 184 Q	 60.32  
 185 K	 57.08  
 186 E	 67.10  
 187 E	 72.65  
 188 L	 8.47  
 189 K	 61.93  
 190 E	 75.55  
 191 D	 63.42  
 192 R	 52.55  
 193 K	 61.83  
 194 P	 51.02  
 195 R	 67.63  
 196 E	 74.30  
 197 K	 71.94  
 198 D	 60.68  
 199 K	 80.10  
 200 D	 74.59  
 201 K	 67.84  
 202 E	 69.27  
 203 K	 71.19  
 204 A	 26.03  
 205 K	 63.88  
 206 E	 67.00  
 207 N	 64.07  
 208 G	 35.53  
 209 G	 39.31  
 210 N	 37.67  
 211 R	 33.25  
 212 H	 35.82  
 213 R	 50.83  
 214 E	 60.32  
 215 G	 38.94  
 216 E	 46.76  
 217 R	 49.94  
 218 E	 53.33  
 219 R	 47.84  
 220 A	 12.71  
 221 K	 44.63  
 222 A	 14.91  
 223 R	 30.35  
 224 A	 32.02  
 225 R	 33.29  
 226 P	 48.03  
 227 D	 65.16  
 228 N	 49.38  
 229 E	 64.96  
 230 R	 55.92  
 231 Q	 45.91  
 232 K	 56.46  
 233 D	 56.21  
 234 R	 51.85  
 235 G	 47.91  
 236 N	 43.46  
 237 R	 43.05  
 238 E	 64.03  
 239 R	 40.81  
 240 D	 54.72  
 241 R	 56.42  
 242 D	 60.17  
 243 S	 39.95  
 244 E	 73.19  
 245 R	 60.33  
 246 K	 51.41  
 247 K	 75.89  
 248 E	 59.96  
 249 T	 50.39  
 250 E	 60.24  
 251 R	 56.04  
 252 K	 46.77  
 253 S	 47.93  
 254 E	 75.01  
 255 G	 60.61  
 256 G	 30.78  
 257 K	 76.19  
 258 E	 64.52  
 259 K	 52.17  
 260 E	 59.02  
 261 R	 46.20  
 262 L	 7.57  
 263 R	 43.04  
 264 D	 62.52  
 265 R	 38.15  
 266 D	 62.17  
 267 R	 41.57  
 268 E	 64.32  
 269 R	 45.20  
 270 D	 59.38  
 271 R	 54.48  
 272 D	 69.24  
 273 K	 69.61  
 274 G	 41.19  
 275 K	 56.16  
 276 D	 67.40  
 277 R	 42.70  
 278 D	 59.58  
 279 R	 29.24  
 280 R	 52.62  
 281 R	 44.66  
 282 V	 5.53  
 283 K	 58.38  
 284 N	 59.22  
 285 G	 28.42  
 286 E	 44.11  
 287 H	 35.27  
 288 S	 20.27  
 289 W	 16.46  
 290 D	 41.53  
 291 L	 5.63  
 292 D	 54.97  
 293 R	 65.18  
 294 E	 55.11  
 295 K	 63.30  
 296 N	 50.23  
 297 R	 54.41  
 298 E	 66.87  
 299 H	 45.19  
 300 D	 64.55  
 301 K	 57.91  
 302 P	 65.77  
 303 E	 78.01  
 304 K	 61.63  
 305 K	 49.98  
 306 S	 44.44  
 307 A	 19.32  
 308 S	 46.06  
 309 S	 38.19  
 310 G	 31.93  
 311 E	 42.08  
 312 M	 8.97  
 313 S	 23.49  
 314 K	 57.32  
 315 K	 46.01  
 316 L	 6.93  
 317 S	 42.76  
 318 D	 71.26  
 319 G	 29.67  
 320 T	 32.28  
 321 F	 11.49  
 322 K	 62.01  
 323 D	 51.70  
 324 S	 34.06  
 325 K	 61.45  
 326 A	 32.66  
 327 E	 51.41  
 328 T	 53.73  
 329 E	 35.63  
 330 T	 46.14  
 331 E	 28.80  
 332 I	 7.13  
 333 S	 12.95  
 334 T	 35.60  
 335 R	 30.03  
 336 A	 22.77  
 337 S	 21.34  
 338 K	 48.80  
 339 S	 28.58  
 340 L	 8.95  
 341 T	 33.08  
 342 T	 37.30  
 343 K	 45.63  
 344 T	 37.07  
 345 S	 26.22  
 346 K	 58.00  
 347 R	 48.12  
 348 R	 56.57  
 349 S	 39.98  
 350 K	 51.97  
 351 N	 53.16  
 352 S	 25.86  
 353 V	 14.64  
 354 E	 53.77  
 355 G	 43.75  
 356 R	 26.19  
 357 K	 79.05  
 358 E	 55.73  
 359 D	 61.88  
 360 N	 31.07  
 361 I	 7.01  
 362 S	 35.58  
 363 A	 11.14  
 364 K	 44.77  
 365 S	 36.81  
 366 L	 6.20  
 367 D	 43.33  
 368 S	 30.13  
 369 I	 2.59  
 370 V	 5.06  
 371 S	 32.08  
 372 G	 18.75  
 373 I	 3.79  
 374 N	 50.79  
 375 N	 65.27  
 376 E	 40.93  
 377 P	 50.34  
 378 N	 46.25  
 379 Q	 61.19  
 380 E	 55.55  
 381 T	 26.13  
 382 T	 27.80  
 383 T	 31.61  
 384 S	 25.73  
 385 E	 43.26  
 386 I	 9.46  
 387 G	 27.04  
 388 T	 31.22  
 389 K	 50.01  
 390 E	 46.95  
 391 A	 24.61  
 392 N	 34.76  
 393 I	 5.77  
 394 N	 38.76  
 395 S	 21.53  
 396 T	 26.12  
 397 S	 21.66  
 398 I	 5.47  
 399 S	 38.38  
 400 D	 58.40  
 401 D	 44.16  
 402 N	 44.45  
 403 S	 26.65  
 404 A	 20.88  
 405 S	 19.03  
 406 L	 7.89  
 407 R	 24.17  
 408 C	 5.95  
 409 E	 51.43  
 410 N	 41.65  
 411 I	 3.17  
 412 Q	 43.21  
 413 P	 44.99  
 414 N	 39.49  
 415 P	 48.93  
 416 T	 63.56  
 417 E	 55.54  
 418 K	 60.84  
 419 Q	 49.05  
 420 K	 75.62  
 421 G	 31.44  
 422 D	 56.64  
 423 S	 38.18  
 424 T	 35.05  
 425 S	 38.48  
 426 D	 49.04  
 427 A	 23.57  
 428 E	 63.70  
 429 G	 31.61  
 430 D	 39.60  
 431 A	 36.40  
 432 G	 19.82  
 433 P	 34.63  
 434 A	 27.62  
 435 G	 39.08  
 436 Q	 58.00  
 437 D	 56.37  
 438 K	 40.40  
 439 S	 52.71  
 440 E	 68.76  
 441 V	 7.19  
 442 P	 35.37  
 443 E	 80.37  
 444 T	 21.83  
 445 P	 35.54  
 446 E	 77.74  
 447 I	 4.71  
 448 P	 26.95  
 449 N	 69.38  
 450 E	 44.68  
 451 L	 9.63  
 452 S	 18.37  
 453 S	 49.23  
 454 N	 28.54  
 455 I	 3.19  
 456 R	 34.42  
 457 R	 39.19  
 458 I	 2.14  
 459 P	 34.30  
 460 R	 45.93  
 461 P	 35.42  
 462 G	 34.91  
 463 S	 24.64  
 464 A	 27.65  
 465 R	 29.61  
 466 P	 49.16  
 467 A	 22.60  
 468 P	 21.66  
 469 P	 56.66  
 470 R	 45.59  
 471 V	 8.06  
 472 K	 45.69  
 473 R	 42.56  
 474 Q	 41.22  
 475 D	 54.72  
 476 S	 15.35  
 477 M	 4.74  
 478 E	 50.62  
 479 A	 8.41  
 480 L	 2.49  
 481 Q	 38.49  
 482 M	 4.87  
 483 D	 28.74  
 484 R	 37.26  
 485 S	 32.80  
 486 G	 41.11  
 487 S	 38.06  
 488 G	 32.93  
 489 K	 47.66  
 490 T	 32.46  
 491 V	 4.46  
 492 S	 30.52  
 493 N	 25.52  
 494 V	 4.45  
 495 I	 4.07  
 496 T	 27.44  
 497 E	 38.59  
 498 S	 21.22  
 499 H	 31.42  
 500 N	 61.41  
 501 S	 36.07  
 502 D	 72.39  
 503 N	 55.14  
 504 E	 68.72  
 505 E	 73.47  
 506 D	 49.16  
 507 D	 47.28  
 508 Q	 45.41  
 509 F	 9.52  
 510 V	 2.94  
 511 V	 4.35  
 512 E	 33.54  
 513 A	 16.90  
 514 A	 4.47  
 515 P	 42.57  
 516 Q	 53.55  
 517 L	 4.57  
 518 S	 26.46  
 519 E	 56.15  
 520 M	 3.81  
 521 S	 31.22  
 522 E	 41.48  
 523 I	 3.03  
 524 E	 24.45  
 525 M	 3.89  
 526 V	 1.70  
 527 T	 24.55  
 528 A	 4.95  
 529 V	 6.70  
 530 E	 48.26  
 531 L	 8.91  
 532 E	 50.27  
 533 E	 81.64  
 534 E	 64.07  
 535 E	 54.34  
 536 K	 51.32  
 537 H	 38.54  
 538 G	 42.04  
 539 G	 27.32  
 540 L	 6.38  
 541 V	 7.21  
 542 K	 38.86  
 543 K	 45.07  
 544 I	 3.30  
 545 L	 10.57  
 546 E	 63.15  
 547 T	 39.69  
 548 K	 33.98  
 549 K	 73.32  
 550 D	 59.38  
 551 Y	 24.68  
 552 E	 58.38  
 553 K	 45.42  
 554 L	 3.61  
 555 Q	 53.42  
 556 Q	 72.62  
 557 S	 23.17  
 558 P	 42.39  
 559 K	 71.54  
 560 P	 60.61  
 561 G	 65.81  
 562 E	 61.34  
 563 K	 65.43  
 564 E	 43.11  
 565 R	 50.13  
 566 S	 38.20  
 567 L	 7.46  
 568 F	 8.01  
 569 E	 44.85  
 570 S	 31.90  
 571 A	 18.21  
 572 W	 22.87  
 573 K	 51.26  
 574 K	 60.33  
 575 E	 52.84  
 576 K	 62.73  
 577 D	 47.84  
 578 I	 5.81  
 579 V	 10.83  
 580 S	 25.55  
 581 K	 52.39  
 582 E	 49.20  
 583 I	 6.95  
 584 E	 47.32  
 585 K	 49.26  
 586 L	 4.72  
 587 R	 37.18  
 588 T	 40.39  
 589 S	 13.28  
 590 I	 3.42  
 591 Q	 28.34  
 592 T	 32.24  
 593 L	 1.66  
 594 C	 3.57  
 595 K	 41.71  
 596 S	 33.76  
 597 A	 9.93  
 598 L	 4.67  
 599 P	 38.49  
 600 L	 13.03  
 601 G	 18.59  
 602 K	 42.41  
 603 I	 2.11  
 604 M	 3.49  
 605 D	 40.64  
 606 Y	 6.27  
 607 I	 2.93  
 608 Q	 34.31  
 609 E	 50.90  
 610 D	 27.50  
 611 V	 5.07  
 612 D	 48.95  
 613 A	 10.99  
 614 M	 3.68  
 615 Q	 41.80  
 616 N	 38.57  
 617 E	 24.40  
 618 L	 5.77  
 619 Q	 27.09  
 620 M	 5.63  
 621 W	 4.47  
 622 H	 21.64  
 623 S	 22.51  
 624 E	 43.47  
 625 N	 52.51  
 626 R	 26.13  
 627 Q	 52.29  
 628 H	 23.46  
 629 A	 8.74  
 630 E	 48.03  
 631 A	 16.08  
 632 L	 3.98  
 633 Q	 52.38  
 634 Q	 50.03  
 635 E	 28.94  
 636 Q	 37.42  
 637 R	 32.78  
 638 I	 3.68  
 639 T	 27.49  
 640 D	 18.92  
 641 C	 3.23  
 642 A	 16.12  
 643 V	 11.07  
 644 E	 26.79  
 645 P	 32.34  
 646 L	 5.34  
 647 K	 51.00  
 648 A	 25.39  
 649 E	 47.10  
 650 L	 5.54  
 651 A	 15.72  
 652 E	 66.52  
 653 L	 4.17  
 654 E	 34.54  
 655 Q	 62.20  
 656 L	 3.71  
 657 I	 4.64  
 658 K	 59.06  
 659 D	 44.36  
 660 Q	 48.66  
 661 Q	 65.19  
 662 D	 36.33  
 663 K	 35.03  
 664 I	 2.16  
 665 C	 4.36  
 666 A	 14.87  
 667 V	 5.36  
 668 K	 19.72  
 669 A	 11.16  
 670 N	 34.11  
 671 I	 7.47  
 672 L	 4.97  
 673 K	 59.52  
 674 N	 60.25  
 675 E	 60.11  
 676 E	 65.92  
 677 K	 44.23  
 678 I	 5.57  
 679 Q	 38.57  
 680 K	 33.53  
 681 M	 1.64  
 682 V	 4.34  
 683 Y	 10.59  
 684 S	 8.12  
 685 I	 2.41  
 686 N	 31.18  
 687 L	 4.36  
 688 T	 18.72  
 689 S	 29.26  
 690 R	 42.99  
 691 R	 51.14  
