 1 M	 12.03  
 2 S	 54.06  
 3 D	 59.06  
 4 K	 65.90  
 5 D	 69.82  
 6 P	 40.06  
 7 P	 65.90  
 8 E	 73.41  
 9 S	 28.86  
 10 P	 23.96  
 11 V	 9.30  
 12 V	 4.35  
 13 T	 26.60  
 14 G	 11.03  
 15 V	 2.51  
 16 A	 9.72  
 17 S	 31.69  
 18 T	 28.26  
 19 L	 6.44  
 20 K	 64.18  
 21 D	 56.29  
 22 E	 63.29  
 23 N	 45.65  
 24 C	 6.18  
 25 E	 65.05  
 26 P	 41.59  
 27 V	 7.44  
 28 E	 73.87  
 29 K	 54.67  
 30 P	 41.32  
 31 E	 84.70  
 32 D	 65.52  
 33 K	 49.69  
 34 S	 52.63  
 35 Q	 40.31  
 36 P	 35.25  
 37 V	 4.05  
 38 V	 6.52  
 39 S	 23.80  
 40 T	 28.71  
 41 R	 26.02  
 42 K	 72.84  
 43 R	 30.88  
 44 P	 57.55  
 45 E	 73.77  
 46 T	 51.44  
 47 K	 41.04  
 48 P	 46.62  
 49 S	 37.73  
 50 S	 55.53  
 51 D	 53.52  
 52 L	 6.82  
 53 E	 45.64  
 54 A	 13.85  
 55 S	 22.44  
 56 A	 25.31  
 57 L	 3.15  
 58 P	 21.99  
 59 A	 24.21  
 60 Q	 24.32  
 61 V	 5.71  
 62 S	 9.87  
 63 L	 4.70  
 64 A	 7.54  
 65 V	 10.69  
 66 A	 9.81  
 67 K	 49.34  
 68 E	 39.61  
 69 T	 35.21  
 70 A	 18.70  
 71 S	 36.49  
 72 K	 61.35  
 73 D	 55.63  
 74 V	 4.32  
 75 P	 35.83  
 76 Q	 53.12  
 77 T	 28.91  
 78 G	 15.57  
 79 W	 10.49  
 80 G	 15.06  
 81 Y	 10.49  
 82 W	 7.15  
 83 G	 12.68  
 84 S	 20.64  
 85 W	 17.81  
 86 G	 16.04  
 87 K	 31.50  
 88 S	 30.52  
 89 L	 6.48  
 90 L	 4.99  
 91 S	 29.20  
 92 S	 26.64  
 93 A	 10.37  
 94 S	 26.81  
 95 A	 13.05  
 96 T	 14.26  
 97 V	 4.15  
 98 A	 7.69  
 99 T	 22.34  
 100 V	 3.77  
 101 G	 18.68  
 102 Q	 41.53  
 103 G	 21.26  
 104 I	 1.76  
 105 S	 31.69  
 106 N	 36.54  
 107 V	 4.83  
 108 I	 5.41  
 109 E	 41.76  
 110 K	 40.16  
 111 A	 16.71  
 112 E	 50.42  
 113 T	 33.83  
 114 S	 18.99  
 115 L	 10.60  
 116 G	 29.54  
 117 I	 3.56  
 118 P	 32.24  
 119 S	 42.40  
 120 P	 28.79  
 121 T	 50.73  
 122 E	 38.03  
 123 I	 5.35  
 124 S	 16.49  
 125 A	 31.12  
 126 E	 43.38  
 127 V	 5.79  
 128 K	 26.23  
 129 Q	 41.44  
 130 A	 16.24  
 131 A	 24.96  
 132 G	 49.80  
 133 E	 38.11  
 134 K	 51.70  
 135 N	 49.20  
 136 A	 37.43  
 137 G	 37.99  
 138 E	 56.88  
 139 N	 44.42  
 140 G	 18.50  
 141 S	 30.06  
 142 L	 4.77  
 143 L	 2.36  
 144 V	 5.32  
 145 A	 14.91  
 146 A	 7.77  
 147 P	 19.31  
 148 F	 8.45  
 149 G	 18.31  
 150 M	 2.46  
 151 L	 4.12  
 152 S	 18.14  
 153 T	 18.26  
 154 I	 2.86  
 155 S	 15.48  
 156 T	 27.31  
 157 A	 7.20  
 158 V	 4.71  
 159 Q	 32.58  
 160 S	 32.31  
 161 T	 31.38  
 162 G	 26.03  
 163 K	 41.46  
 164 S	 26.48  
 165 V	 4.62  
 166 I	 4.01  
 167 S	 25.34  
 168 G	 29.56  
 169 G	 17.37  
 170 L	 3.87  
 171 D	 53.00  
 172 A	 17.65  
 173 L	 5.72  
 174 E	 36.62  
 175 F	 10.43  
 176 I	 6.04  
 177 G	 30.63  
 178 K	 40.01  
 179 K	 43.82  
 180 T	 23.30  
 181 M	 5.49  
 182 D	 33.62  
 183 V	 2.87  
 184 I	 2.23  
 185 A	 17.99  
 186 E	 53.67  
 187 G	 37.07  
 188 D	 31.49  
 189 P	 62.06  
 190 G	 45.51  
 191 F	 6.19  
 192 K	 66.14  
 193 R	 39.13  
 194 T	 30.01  
 195 K	 54.82  
 196 G	 29.55  
 197 L	 2.68  
 198 M	 4.32  
 199 N	 49.47  
 200 R	 18.98  
 201 T	 22.51  
 202 S	 24.90  
 203 T	 29.80  
 204 L	 3.18  
 205 S	 20.52  
 206 Q	 41.18  
 207 V	 4.97  
 208 L	 2.96  
 209 R	 42.86  
 210 E	 56.78  
 211 A	 20.93  
 212 K	 65.66  
 213 D	 71.32  
 214 K	 63.54  
 215 E	 70.29  
 216 E	 58.59  
 217 Q	 64.77  
 218 R	 39.64  
 219 P	 41.00  
 220 S	 48.05  
 221 N	 50.90  
 222 E	 43.64  
 223 V	 7.85  
 224 T	 11.78  
 225 M	 6.70  
 226 E	 44.48  
 227 T	 42.15  
 228 D	 36.83  
 229 K	 67.97  
 230 K	 43.26  
 231 T	 26.52  
 232 H	 24.44  
 233 Y	 18.07  
 234 G	 14.32  
 235 L	 3.20  
 236 L	 4.40  
 237 F	 11.55  
 238 D	 56.63  
 239 E	 32.32  
 240 F	 8.21  
 241 Q	 50.28  
 242 G	 34.17  
 243 L	 1.71  
 244 S	 32.62  
 245 H	 32.50  
 246 L	 3.56  
 247 E	 45.87  
 248 A	 18.38  
 249 L	 2.65  
 250 E	 45.16  
 251 M	 4.24  
 252 L	 2.97  
 253 S	 32.46  
 254 R	 47.72  
 255 E	 49.72  
 256 S	 43.44  
 257 E	 41.92  
 258 I	 9.65  
 259 K	 39.29  
 260 V	 7.85  
 261 K	 27.12  
 262 S	 31.58  
 263 I	 3.42  
 264 L	 3.52  
 265 S	 27.80  
 266 S	 24.10  
 267 L	 7.38  
 268 S	 46.21  
 269 G	 37.38  
 270 E	 52.75  
 271 E	 50.10  
 272 L	 4.82  
 273 Q	 44.07  
 274 T	 26.89  
 275 T	 21.94  
 276 R	 29.56  
 277 L	 9.17  
 278 E	 47.14  
 279 L	 6.35  
 280 E	 44.48  
 281 Q	 71.15  
 282 L	 3.59  
 283 K	 52.07  
 284 E	 58.34  
 285 V	 3.64  
 286 F	 5.34  
 287 S	 31.67  
 288 L	 3.43  
 289 A	 13.46  
 290 E	 57.00  
 291 F	 5.45  
 292 C	 4.91  
 293 E	 74.00  
 294 E	 72.40  
 295 E	 48.71  
 296 E	 69.32  
 297 E	 62.86  
 298 E	 54.29  
 299 R	 49.41  
 300 Q	 64.05  
 301 G	 50.92  
 302 D	 39.06  
 303 D	 59.99  
 304 N	 51.75  
 305 F	 15.43  
 306 T	 33.74  
 307 K	 42.87  
 308 E	 48.33  
 309 I	 3.75  
 310 T	 27.95  
 311 D	 45.51  
 312 L	 2.61  
 313 F	 4.54  
 314 A	 20.51  
 315 Q	 25.43  
 316 L	 3.75  
 317 H	 12.82  
 318 V	 8.26  
 319 S	 15.19  
 320 S	 51.25  
 321 R	 35.57  
 322 P	 45.05  
 323 E	 60.64  
 324 K	 50.56  
 325 L	 3.58  
 326 A	 17.72  
 327 R	 44.51  
 328 A	 11.94  
 329 R	 35.16  
 330 N	 28.24  
 331 T	 26.30  
 332 A	 13.88  
 333 Y	 12.57  
 334 K	 33.41  
 335 W	 3.44  
 336 I	 2.77  
 337 R	 19.69  
 338 T	 20.96  
 339 S	 15.35  
 340 L	 4.66  
 341 A	 17.31  
 342 R	 31.36  
 343 P	 24.86  
 344 V	 10.02  
 345 A	 25.48  
 346 E	 62.32  
 347 K	 51.86  
 348 E	 63.84  
 349 E	 81.41  
 350 G	 52.98  
 351 E	 57.86  
 352 K	 76.91  
 353 E	 49.89  
 354 S	 43.76  
 355 E	 62.78  
 356 A	 26.30  
 357 G	 37.22  
 358 N	 51.90  
 359 T	 33.99  
 360 E	 56.16  
 361 E	 55.12  
 362 A	 19.93  
 363 Q	 47.47  
 364 K	 46.50  
 365 H	 23.17  
 366 S	 34.41  
 367 I	 5.73  
 368 E	 54.66  
 369 D	 35.98  
 370 I	 1.31  
 371 H	 27.41  
 372 A	 8.90  
 373 F	 3.43  
 374 A	 9.32  
 375 I	 2.19  
 376 R	 23.37  
 377 S	 26.31  
 378 L	 2.85  
 379 A	 15.82  
 380 E	 52.53  
 381 L	 2.83  
 382 T	 19.68  
 383 A	 9.55  
 384 C	 3.38  
 385 S	 19.34  
 386 I	 5.54  
 387 E	 29.14  
 388 L	 5.33  
 389 F	 3.44  
 390 H	 38.90  
 391 K	 32.31  
 392 T	 14.48  
 393 A	 12.00  
 394 A	 11.93  
 395 L	 3.80  
 396 V	 2.96  
 397 L	 3.80  
 398 H	 29.20  
 399 G	 32.02  
 400 Q	 33.25  
 401 K	 53.68  
 402 Q	 42.37  
 403 E	 49.20  
 404 V	 3.34  
 405 T	 25.44  
 406 A	 16.77  
 407 L	 4.03  
 408 E	 48.07  
 409 R	 34.61  
 410 S	 20.38  
 411 Q	 53.32  
 412 T	 29.62  
 413 L	 2.31  
 414 S	 22.69  
 415 Q	 34.38  
 416 M	 2.47  
 417 T	 8.64  
 418 V	 2.01  
 419 M	 2.40  
 420 L	 2.60  
 421 C	 1.41  
 422 K	 52.38  
 423 D	 46.61  
 424 L	 1.82  
 425 A	 20.68  
 426 S	 40.24  
 427 L	 7.63  
 428 S	 27.87  
 429 K	 63.24  
 430 E	 44.87  
 431 F	 8.67  
 432 T	 20.07  
 433 T	 15.73  
 434 C	 2.63  
 435 L	 4.47  
 436 T	 19.42  
 437 T	 14.41  
 438 A	 14.84  
 439 G	 19.54  
 440 V	 7.10  
 441 R	 38.49  
 442 E	 50.63  
 443 K	 39.04  
 444 A	 13.85  
 445 D	 57.41  
 446 V	 7.13  
 447 L	 6.54  
 448 N	 28.74  
 449 P	 18.09  
 450 V	 6.21  
 451 I	 1.84  
 452 T	 19.59  
 453 A	 4.48  
 454 V	 4.16  
 455 F	 4.78  
 456 L	 4.28  
 457 E	 38.29  
 458 A	 19.03  
 459 S	 23.18  
 460 N	 48.95  
 461 S	 18.98  
 462 A	 15.59  
 463 S	 23.69  
 464 Y	 11.43  
 465 I	 2.50  
 466 Q	 27.96  
 467 D	 39.53  
 468 A	 4.26  
 469 F	 7.66  
 470 Q	 32.68  
 471 L	 4.24  
 472 L	 3.36  
 473 L	 3.61  
 474 P	 25.41  
 475 V	 6.57  
 476 L	 3.36  
 477 Q	 24.37  
 478 I	 2.94  
 479 S	 15.44  
 480 L	 5.56  
 481 I	 4.48  
 482 E	 52.02  
 483 S	 37.57  
 484 K	 43.45  
 485 T	 50.83  
 486 E	 46.56  
 487 S	 35.86  
 488 S	 30.74  
 489 T	 30.12  
 490 C	 8.52  
 491 E	 46.60  
 492 P	 39.32  
 493 Q	 28.89  
 494 S	 38.18  
 495 R	 43.96  
 496 D	 63.08  
 497 L	 8.00  
