 1 M	 11.69  
 2 S	 50.10  
 3 D	 57.40  
 4 E	 48.03  
 5 D	 65.39  
 6 A	 14.97  
 7 D	 68.27  
 8 E	 53.21  
 9 Y	 25.93  
 10 D	 45.48  
 11 D	 49.73  
 12 Q	 35.86  
 13 S	 36.31  
 14 S	 22.36  
 15 I	 4.27  
 16 S	 27.00  
 17 S	 24.78  
 18 V	 6.09  
 19 S	 36.95  
 20 D	 62.29  
 21 D	 50.28  
 22 D	 64.94  
 23 D	 46.75  
 24 F	 13.17  
 25 S	 48.69  
 26 G	 35.11  
 27 S	 36.43  
 28 E	 63.15  
 29 S	 33.27  
 30 E	 49.79  
 31 S	 37.06  
 32 Y	 13.32  
 33 Q	 51.35  
 34 D	 47.57  
 35 T	 19.55  
 36 T	 35.91  
 37 E	 48.69  
 38 S	 36.25  
 39 T	 47.05  
 40 G	 32.77  
 41 P	 29.14  
 42 S	 41.00  
 43 E	 53.84  
 44 A	 21.82  
 45 T	 30.63  
 46 T	 36.69  
 47 D	 34.65  
 48 E	 33.80  
 49 M	 4.19  
 50 L	 4.05  
 51 W	 9.27  
 52 G	 14.84  
 53 R	 17.21  
 54 R	 34.86  
 55 R	 41.71  
 56 A	 10.08  
 57 P	 21.81  
 58 V	 4.57  
 59 C	 2.96  
 60 G	 16.89  
 61 I	 2.13  
 62 A	 4.45  
 63 A	 8.92  
 64 Q	 31.22  
 65 A	 7.64  
 66 V	 3.26  
 67 R	 28.00  
 68 R	 22.69  
 69 Q	 23.70  
 70 I	 3.60  
 71 L	 1.67  
 72 M	 4.55  
 73 N	 34.61  
 74 Q	 31.85  
 75 Q	 37.60  
 76 H	 42.59  
 77 E	 33.94  
 78 P	 33.82  
 79 N	 38.37  
 80 V	 12.09  
 81 L	 8.47  
 82 G	 31.23  
 83 N	 53.65  
 84 N	 43.67  
 85 K	 47.84  
 86 K	 48.58  
 87 V	 4.58  
 88 Y	 15.66  
 89 Q	 33.08  
 90 T	 16.57  
 91 F	 4.25  
 92 G	 33.72  
 93 S	 32.49  
 94 T	 18.55  
 95 P	 28.96  
 96 Q	 53.98  
 97 L	 6.10  
 98 A	 15.58  
 99 N	 56.26  
 100 E	 51.02  
 101 R	 46.08  
 102 H	 25.01  
 103 K	 50.85  
 104 E	 36.91  
 105 M	 4.68  
 106 Y	 9.87  
 107 S	 20.16  
 108 Q	 18.73  
 109 I	 2.39  
 110 R	 28.97  
 111 R	 55.30  
 112 G	 32.98  
 113 D	 51.30  
 114 D	 49.34  
 115 S	 35.80  
 116 S	 31.51  
 117 F	 10.74  
 118 R	 32.50  
 119 S	 36.20  
 120 R	 34.56  
 121 D	 50.01  
 122 R	 33.09  
 123 F	 13.01  
 124 V	 7.12  
 125 P	 17.61  
 126 P	 39.34  
 127 R	 55.98  
 128 R	 29.02  
 129 P	 31.71  
 130 R	 29.37  
 131 M	 5.55  
 132 G	 25.57  
 133 Y	 12.42  
 134 G	 18.23  
 135 S	 16.52  
 136 S	 37.90  
 137 D	 46.47  
 138 L	 3.94  
 139 S	 31.99  
 140 A	 22.10  
 141 I	 4.07  
 142 E	 47.57  
 143 E	 38.56  
 144 M	 3.61  
 145 S	 22.06  
 146 P	 25.38  
 147 I	 5.38  
 148 R	 28.12  
 149 S	 27.96  
 150 S	 22.86  
 151 T	 28.77  
 152 Y	 14.43  
 153 S	 24.67  
 154 S	 27.72  
 155 S	 26.68  
 156 S	 40.53  
 157 E	 50.90  
 158 A	 8.61  
 159 H	 27.45  
 160 R	 43.23  
 161 L	 2.68  
 162 S	 27.55  
 163 S	 26.85  
 164 L	 4.77  
 165 R	 26.96  
 166 A	 26.41  
 167 Q	 33.25  
 168 T	 42.71  
 169 E	 41.23  
 170 W	 22.48  
 171 K	 19.36  
 172 P	 35.17  
 173 Q	 54.36  
 174 L	 5.76  
 175 T	 20.84  
 176 S	 32.14  
 177 T	 28.94  
 178 T	 21.88  
 179 T	 27.86  
 180 S	 21.57  
 181 F	 9.01  
 182 Q	 37.48  
 183 P	 32.56  
 184 L	 6.62  
 185 S	 28.87  
 186 P	 34.97  
 187 M	 7.19  
 188 N	 32.50  
 189 H	 25.03  
 190 H	 42.72  
 191 D	 53.03  
 192 K	 49.04  
 193 E	 73.76  
 194 N	 70.00  
 195 G	 30.07  
 196 P	 38.86  
 197 F	 12.81  
 198 K	 55.50  
 199 A	 12.85  
 200 P	 25.11  
 201 M	 9.39  
 202 S	 17.08  
 203 P	 25.53  
 204 V	 3.76  
 205 C	 2.78  
 206 S	 37.16  
 207 S	 36.99  
 208 T	 13.36  
 209 P	 35.55  
 210 R	 45.57  
 211 S	 24.28  
 212 Q	 35.12  
 213 R	 25.91  
 214 M	 2.69  
 215 Y	 22.18  
 216 R	 23.96  
 217 K	 61.18  
 218 N	 29.33  
 219 P	 37.78  
 220 K	 61.86  
 221 Y	 16.57  
 222 R	 31.86  
 223 R	 32.84  
 224 Q	 37.75  
 225 F	 10.99  
 226 G	 14.16  
 227 S	 29.21  
 228 S	 22.10  
 229 L	 6.77  
 230 Q	 44.91  
 231 L	 8.12  
 232 S	 22.14  
 233 E	 48.77  
 234 S	 38.50  
 235 R	 41.91  
 236 L	 13.75  
 237 E	 49.11  
 238 E	 65.00  
 239 S	 24.80  
 240 T	 37.40  
 241 S	 41.03  
 242 Q	 59.32  
 243 E	 55.10  
 244 S	 25.42  
 245 E	 43.86  
 246 R	 43.57  
 247 A	 12.89  
 248 V	 13.21  
 249 T	 21.98  
 250 P	 27.33  
 251 E	 47.90  
 252 S	 32.69  
 253 W	 8.43  
 254 M	 5.38  
 255 E	 36.89  
 256 H	 26.72  
 257 N	 44.17  
 258 N	 56.21  
 259 E	 70.12  
 260 N	 55.81  
 261 E	 51.09  
 262 H	 42.70  
 263 P	 27.61  
 264 D	 51.41  
 265 Q	 29.68  
 266 M	 2.88  
 267 M	 2.16  
 268 F	 7.11  
 269 A	 14.89  
 270 K	 41.29  
 271 P	 30.67  
 272 K	 67.59  
 273 Q	 62.38  
 274 G	 37.06  
 275 S	 29.59  
 276 F	 8.33  
 277 P	 53.25  
 278 R	 39.41  
 279 P	 37.19  
 280 E	 58.89  
 281 A	 13.39  
 282 F	 10.74  
 283 G	 38.89  
 284 L	 3.56  
 285 D	 37.79  
 286 N	 39.63  
 287 A	 12.82  
 288 Y	 23.57  
 289 A	 12.69  
 290 K	 38.21  
 291 H	 25.50  
 292 K	 54.89  
 293 D	 35.22  
 294 I	 5.32  
 295 R	 40.15  
 296 G	 20.06  
 297 I	 1.12  
 298 I	 2.94  
 299 F	 3.79  
 300 L	 2.71  
 301 S	 8.79  
 302 M	 3.74  
 303 S	 19.68  
 304 L	 2.41  
 305 C	 2.90  
 306 G	 24.04  
 307 R	 29.46  
 308 R	 19.80  
 309 L	 6.51  
 310 T	 17.93  
 311 L	 7.56  
 312 N	 28.26  
 313 V	 5.37  
 314 Q	 32.54  
 315 N	 23.43  
 316 A	 6.10  
 317 A	 12.89  
 318 Y	 11.60  
 319 F	 1.97  
 320 C	 1.44  
 321 S	 18.31  
 322 A	 14.52  
 323 A	 11.16  
 324 R	 34.44  
 325 P	 25.05  
 326 T	 28.39  
 327 S	 24.65  
 328 V	 2.50  
 329 C	 2.14  
 330 S	 26.81  
 331 Y	 8.03  
 332 V	 1.38  
 333 S	 12.39  
 334 A	 6.56  
 335 V	 4.57  
 336 L	 1.72  
 337 C	 1.74  
 338 H	 40.29  
 339 R	 31.62  
 340 P	 18.05  
 341 S	 40.75  
 342 S	 36.44  
 343 Q	 52.23  
 344 S	 33.85  
 345 S	 26.97  
 346 S	 37.26  
 347 S	 31.33  
 348 S	 25.92  
 349 R	 39.23  
 350 Q	 39.44  
 351 Y	 13.96  
 352 R	 20.07  
 353 Q	 57.22  
 354 R	 31.47  
 355 P	 33.15  
 356 D	 61.87  
 357 E	 35.81  
 358 C	 3.48  
 359 Y	 16.99  
 360 R	 25.65  
 361 T	 11.24  
 362 R	 20.40  
 363 L	 5.72  
 364 V	 3.05  
 365 T	 38.35  
 366 N	 18.59  
 367 C	 3.78  
 368 N	 60.05  
 369 S	 24.91  
 370 P	 25.64  
 371 S	 45.19  
 372 F	 15.96  
 373 D	 55.77  
 374 E	 40.51  
 375 S	 27.39  
 376 F	 5.67  
 377 Y	 15.81  
 378 F	 5.39  
 379 T	 18.18  
 380 F	 6.55  
 381 S	 25.49  
 382 E	 50.92  
 383 N	 28.52  
 384 C	 2.03  
 385 V	 8.88  
 386 R	 30.93  
 387 D	 25.98  
 388 L	 2.17  
 389 L	 3.29  
 390 I	 2.95  
 391 V	 2.74  
 392 T	 15.46  
 393 V	 2.36  
 394 Y	 9.00  
 395 E	 31.98  
 396 M	 3.61  
 397 D	 35.95  
 398 S	 30.58  
 399 N	 47.68  
 400 N	 54.12  
 401 A	 33.95  
 402 E	 62.32  
 403 K	 44.96  
 404 K	 35.86  
 405 R	 40.19  
 406 I	 5.49  
 407 L	 5.12  
 408 G	 9.22  
 409 C	 1.76  
 410 M	 4.03  
 411 T	 28.94  
 412 F	 1.93  
 413 P	 17.63  
 414 V	 5.40  
 415 S	 17.53  
 416 R	 38.19  
 417 I	 5.28  
 418 L	 4.53  
 419 K	 43.87  
 420 K	 50.23  
 421 A	 12.01  
 422 S	 32.18  
 423 Q	 38.48  
 424 V	 4.87  
 425 V	 5.81  
 426 G	 37.71  
 427 D	 30.01  
 428 P	 38.45  
 429 F	 7.48  
 430 P	 29.05  
 431 H	 29.16  
 432 Y	 14.02  
 433 R	 27.10  
 434 R	 37.78  
 435 Q	 50.60  
 436 D	 42.58  
 437 P	 21.52  
 438 M	 10.38  
 439 E	 65.38  
 440 D	 36.78  
 441 V	 5.18  
 442 E	 52.93  
 443 I	 7.24  
 444 N	 27.31  
 445 N	 57.33  
 446 E	 53.54  
 447 G	 22.26  
 448 F	 2.96  
 449 F	 12.79  
 450 L	 4.87  
 451 L	 6.73  
 452 N	 48.26  
 453 K	 51.93  
 454 D	 55.91  
 455 Q	 56.02  
 456 G	 49.22  
 457 R	 31.58  
 458 K	 57.32  
 459 Q	 56.27  
 460 N	 54.31  
 461 F	 5.16  
 462 P	 40.39  
 463 Q	 54.40  
 464 R	 39.41  
 465 K	 34.54  
 466 V	 7.12  
 467 R	 28.20  
 468 R	 42.76  
 469 Q	 25.95  
 470 T	 26.77  
 471 F	 4.81  
 472 Y	 23.86  
 473 E	 54.01  
 474 D	 28.57  
 475 P	 19.82  
 476 A	 27.27  
 477 F	 8.11  
 478 T	 38.49  
 479 G	 15.74  
 480 V	 3.57  
 481 S	 18.80  
 482 S	 33.95  
 483 A	 17.87  
 484 G	 23.54  
 485 S	 22.58  
 486 S	 23.66  
 487 V	 6.27  
 488 I	 3.84  
 489 S	 23.13  
 490 N	 38.67  
 491 N	 33.05  
 492 T	 47.11  
 493 G	 26.85  
 494 G	 16.43  
 495 Q	 26.05  
 496 M	 2.90  
 497 T	 11.16  
 498 M	 2.67  
 499 A	 13.76  
 500 S	 10.34  
 501 P	 31.52  
 502 R	 36.78  
 503 L	 7.41  
 504 S	 36.49  
 505 V	 7.55  
 506 P	 25.79  
 507 N	 55.54  
 508 E	 39.28  
 509 L	 5.20  
 510 T	 16.96  
 511 M	 6.34  
 512 G	 17.96  
 513 D	 26.86  
 514 Y	 8.61  
 515 Y	 11.65  
 516 R	 22.85  
 517 S	 22.46  
 518 T	 31.89  
 519 G	 26.80  
 520 S	 24.21  
 521 S	 36.45  
 522 D	 32.28  
 523 M	 5.45  
 524 R	 42.22  
 525 G	 22.66  
 526 R	 29.91  
 527 S	 38.01  
 528 T	 27.11  
 529 N	 38.10  
 530 N	 41.91  
 531 L	 4.11  
 532 L	 5.27  
 533 D	 48.07  
 534 Y	 11.54  
 535 T	 19.92  
 536 S	 21.66  
 537 A	 12.96  
 538 S	 25.29  
 539 S	 40.68  
 540 S	 24.32  
 541 T	 45.61  
 542 N	 44.35  
 543 G	 20.97  
 544 S	 26.30  
 545 A	 28.49  
 546 G	 54.61  
 547 G	 27.23  
 548 P	 34.33  
 549 E	 74.44  
 550 K	 54.80  
 551 L	 7.32  
 552 K	 54.00  
 553 L	 4.85  
 554 H	 18.75  
 555 R	 39.44  
 556 A	 11.62  
 557 T	 38.88  
 558 L	 2.82  
 559 P	 21.23  
 560 S	 35.36  
 561 I	 3.61  
 562 T	 23.56  
 563 T	 26.80  
 564 T	 21.48  
 565 T	 31.77  
 566 S	 35.91  
 567 E	 59.34  
 568 N	 53.74  
 569 N	 42.64  
 570 S	 48.74  
 571 D	 63.11  
 572 D	 56.57  
 573 A	 14.34  
 574 K	 59.95  
 575 S	 35.48  
 576 L	 11.04  
 577 S	 33.22  
 578 P	 49.27  
 579 E	 61.38  
 580 Q	 59.08  
 581 S	 28.27  
 582 P	 41.35  
 583 T	 53.89  
 584 D	 36.33  
 585 H	 18.97  
 586 H	 21.86  
 587 F	 7.24  
 588 L	 3.44  
 589 C	 3.20  
 590 P	 54.88  
 591 D	 62.10  
 592 D	 40.59  
 593 N	 57.40  
 594 G	 33.66  
 595 G	 18.74  
 596 V	 4.17  
 597 Y	 12.44  
 598 G	 22.96  
 599 A	 11.78  
 600 G	 18.63  
 601 P	 26.68  
 602 A	 14.35  
 603 H	 22.39  
 604 S	 33.52  
 605 A	 14.04  
 606 I	 6.91  
 607 K	 46.44  
 608 K	 41.68  
 609 S	 29.12  
 610 S	 28.64  
 611 V	 6.57  
 612 R	 25.19  
 613 R	 32.14  
 614 A	 9.26  
 615 A	 11.90  
 616 S	 24.68  
 617 F	 7.39  
 618 T	 22.25  
 619 F	 12.71  
 620 S	 29.95  
 621 P	 33.90  
 622 K	 55.72  
 623 H	 35.98  
 624 S	 42.29  
 625 S	 35.26  
 626 S	 46.65  
 627 K	 43.30  
 628 T	 41.24  
 629 N	 36.64  
 630 L	 4.46  
 631 R	 40.80  
 632 Q	 42.31  
 633 L	 6.24  
 634 N	 38.85  
 635 G	 47.14  
 636 R	 42.95  
 637 E	 72.45  
 638 E	 73.37  
 639 D	 60.71  
 640 K	 74.78  
 641 E	 75.92  
 642 K	 55.80  
 643 K	 49.85  
 644 R	 42.99  
 645 F	 14.71  
 646 L	 10.41  
 647 G	 18.13  
 648 P	 24.43  
 649 I	 4.06  
 650 S	 23.50  
 651 R	 40.17  
 652 T	 17.17  
 653 L	 2.85  
 654 S	 22.85  
 655 Y	 14.83  
 656 L	 4.47  
 657 R	 26.46  
 658 S	 29.72  
 659 K	 29.96  
 660 M	 5.57  
 661 D	 32.31  
 662 L	 4.64  
 663 A	 8.66  
 664 L	 8.14  
 665 S	 22.19  
 666 T	 24.16  
 667 S	 18.25  
 668 S	 31.82  
 669 L	 7.95  
 670 Y	 10.91  
 671 P	 28.34  
 672 S	 34.48  
 673 R	 39.38  
 674 D	 64.19  
 675 D	 36.07  
 676 V	 6.00  
 677 R	 42.78  
 678 Q	 41.84  
 679 W	 8.37  
 680 E	 22.03  
 681 I	 5.36  
 682 S	 16.08  
 683 F	 10.18  
 684 E	 33.42  
 685 S	 35.83  
 686 L	 4.70  
 687 L	 10.39  
 688 N	 55.74  
 689 N	 40.79  
 690 K	 41.90  
 691 F	 12.05  
 692 G	 9.44  
 693 C	 3.15  
 694 A	 15.32  
 695 L	 4.18  
 696 F	 2.83  
 697 R	 27.47  
 698 Q	 40.46  
 699 F	 10.60  
 700 L	 6.15  
 701 K	 52.09  
 702 K	 67.16  
 703 E	 49.12  
 704 F	 17.90  
 705 S	 45.14  
 706 D	 57.52  
 707 E	 53.94  
 708 N	 40.07  
 709 M	 4.18  
 710 D	 43.05  
 711 F	 5.81  
 712 W	 6.23  
 713 L	 5.65  
 714 E	 30.40  
 715 C	 5.94  
 716 E	 58.03  
 717 E	 74.54  
 718 F	 4.26  
 719 K	 56.06  
 720 K	 57.41  
 721 M	 5.02  
 722 K	 72.68  
 723 D	 71.32  
 724 G	 33.50  
 725 K	 54.40  
 726 K	 59.57  
 727 S	 39.92  
 728 T	 41.97  
 729 T	 34.85  
 730 Q	 33.02  
 731 K	 49.60  
 732 A	 8.53  
 733 I	 4.22  
 734 E	 40.51  
 735 I	 3.61  
 736 Y	 6.86  
 737 S	 30.16  
 738 E	 27.46  
 739 F	 5.33  
 740 V	 5.54  
 741 A	 17.69  
 742 E	 39.33  
 743 H	 39.40  
 744 S	 29.22  
 745 P	 38.44  
 746 K	 76.84  
 747 E	 39.77  
 748 V	 12.30  
 749 N	 38.94  
 750 L	 8.89  
 751 D	 38.98  
 752 S	 44.01  
 753 D	 39.62  
 754 T	 26.59  
 755 R	 27.50  
 756 A	 22.90  
 757 A	 13.32  
 758 T	 21.89  
 759 K	 29.62  
 760 A	 16.63  
 761 A	 10.96  
 762 V	 6.56  
 763 E	 34.32  
 764 A	 23.29  
 765 G	 13.38  
 766 C	 8.13  
 767 K	 45.04  
 768 P	 50.37  
 769 D	 39.69  
 770 T	 21.23  
 771 F	 7.36  
 772 A	 12.22  
 773 L	 3.78  
 774 A	 11.24  
 775 Q	 32.40  
 776 S	 32.46  
 777 R	 24.74  
 778 V	 7.14  
 779 E	 36.57  
 780 Q	 39.34  
 781 L	 2.37  
 782 M	 4.71  
 783 S	 41.73  
 784 K	 36.41  
 785 D	 43.52  
 786 S	 25.03  
 787 Y	 18.88  
 788 R	 27.16  
 789 R	 27.07  
 790 F	 4.92  
 791 L	 5.44  
 792 R	 25.04  
 793 D	 54.50  
 794 R	 22.39  
 795 L	 6.15  
 796 F	 5.34  
 797 L	 5.55  
 798 D	 41.70  
 799 L	 6.59  
 800 L	 4.03  
 801 E	 59.58  
 802 S	 28.21  
 803 Y	 11.28  
 804 E	 49.01  
 805 I	 4.60  
 806 T	 29.13  
 807 D	 58.99  
 808 K	 60.19  
 809 E	 74.26  
 810 D	 74.11  
 811 K	 48.14  
 812 P	 52.33  
 813 S	 53.65  
 814 S	 50.35  
 815 S	 49.57  
 816 K	 74.74  
 817 D	 58.64  
 818 K	 69.19  
 819 N	 68.23  
