 1 M	 8.71  
 2 S	 38.64  
 3 S	 32.70  
 4 S	 27.25  
 5 S	 36.46  
 6 S	 46.43  
 7 S	 29.89  
 8 P	 39.82  
 9 R	 51.33  
 10 E	 60.16  
 11 T	 37.20  
 12 Y	 16.74  
 13 E	 61.92  
 14 E	 52.54  
 15 D	 36.45  
 16 R	 52.23  
 17 E	 67.01  
 18 Y	 23.05  
 19 E	 31.46  
 20 S	 34.24  
 21 Q	 38.67  
 22 A	 14.28  
 23 K	 51.10  
 24 R	 44.42  
 25 L	 8.74  
 26 K	 58.90  
 27 T	 43.81  
 28 E	 63.52  
 29 E	 68.32  
 30 G	 30.81  
 31 E	 35.65  
 32 I	 9.90  
 33 D	 27.34  
 34 Y	 18.55  
 35 S	 26.00  
 36 A	 16.78  
 37 E	 61.67  
 38 E	 72.09  
 39 G	 29.05  
 40 E	 51.33  
 41 N	 60.20  
 42 R	 33.25  
 43 R	 49.86  
 44 E	 54.37  
 45 A	 22.54  
 46 T	 14.57  
 47 P	 39.71  
 48 R	 52.62  
 49 G	 45.71  
 50 G	 32.09  
 51 G	 32.96  
 52 D	 56.70  
 53 G	 39.66  
 54 G	 35.99  
 55 G	 40.69  
 56 G	 31.45  
 57 G	 25.90  
 58 R	 37.49  
 59 S	 32.31  
 60 F	 8.29  
 61 S	 46.18  
 62 Q	 37.53  
 63 P	 32.01  
 64 E	 52.92  
 65 A	 34.04  
 66 G	 36.15  
 67 G	 30.74  
 68 S	 22.85  
 69 H	 28.23  
 70 H	 33.63  
 71 K	 30.68  
 72 V	 6.24  
 73 S	 22.98  
 74 V	 9.32  
 75 S	 12.41  
 76 P	 29.96  
 77 V	 3.47  
 78 V	 3.81  
 79 H	 12.09  
 80 V	 3.34  
 81 R	 19.93  
 82 G	 33.32  
 83 L	 1.73  
 84 C	 4.00  
 85 E	 52.16  
 86 S	 30.39  
 87 V	 1.79  
 88 V	 7.55  
 89 E	 34.02  
 90 A	 12.11  
 91 D	 37.43  
 92 L	 4.90  
 93 V	 4.10  
 94 E	 55.63  
 95 A	 17.34  
 96 L	 4.68  
 97 E	 54.08  
 98 K	 50.36  
 99 F	 8.34  
 100 G	 25.82  
 101 T	 15.82  
 102 I	 1.31  
 103 C	 1.79  
 104 Y	 6.37  
 105 V	 1.39  
 106 M	 0.51  
 107 M	 1.89  
 108 M	 1.58  
 109 P	 17.45  
 110 F	 5.76  
 111 K	 37.42  
 112 R	 27.64  
 113 Q	 39.37  
 114 A	 20.01  
 115 L	 2.61  
 116 V	 9.93  
 117 E	 48.36  
 118 F	 7.31  
 119 E	 39.51  
 120 N	 49.00  
 121 I	 3.31  
 122 D	 54.87  
 123 S	 37.13  
 124 A	 14.12  
 125 K	 56.45  
 126 E	 33.66  
 127 C	 3.26  
 128 V	 5.31  
 129 T	 21.15  
 130 F	 2.35  
 131 A	 12.49  
 132 A	 19.94  
 133 D	 58.25  
 134 E	 31.75  
 135 P	 25.43  
 136 V	 5.20  
 137 Y	 8.86  
 138 I	 3.37  
 139 A	 7.64  
 140 G	 15.58  
 141 Q	 23.54  
 142 Q	 38.94  
 143 A	 11.78  
 144 F	 3.38  
 145 F	 10.59  
 146 N	 24.32  
 147 Y	 14.25  
 148 S	 27.58  
 149 T	 28.10  
 150 S	 17.62  
 151 K	 48.16  
 152 R	 34.97  
 153 I	 4.38  
 154 T	 34.54  
 155 R	 34.45  
 156 P	 31.56  
 157 G	 46.51  
 158 N	 42.91  
 159 T	 47.93  
 160 D	 70.58  
 161 D	 36.91  
 162 P	 37.37  
 163 S	 67.34  
 164 G	 49.43  
 165 G	 34.81  
 166 N	 34.48  
 167 K	 37.22  
 168 V	 5.44  
 169 L	 4.20  
 170 L	 3.85  
 171 L	 3.56  
 172 S	 23.30  
 173 I	 4.65  
 174 Q	 41.95  
 175 N	 27.20  
 176 P	 19.52  
 177 L	 11.86  
 178 Y	 8.21  
 179 P	 24.37  
 180 I	 3.56  
 181 T	 13.22  
 182 V	 5.05  
 183 D	 18.96  
 184 V	 3.70  
 185 L	 2.28  
 186 Y	 9.29  
 187 T	 17.89  
 188 V	 1.55  
 189 C	 3.52  
 190 N	 29.92  
 191 P	 30.98  
 192 V	 7.83  
 193 G	 26.19  
 194 K	 35.11  
 195 V	 3.68  
 196 Q	 32.63  
 197 R	 28.29  
 198 I	 1.23  
 199 V	 4.60  
 200 I	 2.91  
 201 F	 4.16  
 202 K	 33.55  
 203 R	 35.54  
 204 N	 53.13  
 205 G	 19.88  
 206 I	 2.42  
 207 Q	 25.46  
 208 A	 11.32  
 209 M	 1.37  
 210 V	 9.51  
 211 E	 30.52  
 212 F	 6.04  
 213 E	 26.82  
 214 S	 26.22  
 215 V	 3.91  
 216 L	 2.52  
 217 C	 3.36  
 218 A	 15.11  
 219 Q	 45.29  
 220 K	 33.07  
 221 A	 8.47  
 222 K	 41.02  
 223 A	 23.26  
 224 A	 10.80  
 225 L	 7.89  
 226 N	 38.59  
 227 G	 26.02  
 228 A	 10.04  
 229 D	 35.51  
 230 I	 2.23  
 231 Y	 9.48  
 232 A	 12.60  
 233 G	 7.05  
 234 C	 0.91  
 235 C	 4.96  
 236 T	 34.85  
 237 L	 3.08  
 238 K	 18.48  
 239 I	 5.71  
 240 E	 31.39  
 241 Y	 16.04  
 242 A	 9.74  
 243 R	 32.02  
 244 P	 17.44  
 245 T	 42.08  
 246 R	 27.26  
 247 L	 7.07  
 248 N	 24.71  
 249 V	 5.28  
 250 I	 3.11  
 251 R	 39.92  
 252 N	 41.11  
 253 D	 50.92  
 254 N	 49.08  
 255 D	 54.70  
 256 S	 28.27  
 257 W	 12.90  
 258 D	 45.21  
 259 Y	 15.48  
 260 T	 24.07  
 261 K	 25.99  
 262 P	 23.06  
 263 Y	 24.28  
 264 L	 6.12  
 265 G	 19.41  
 266 R	 34.43  
 267 R	 35.86  
 268 D	 63.42  
 269 R	 47.08  
 270 G	 40.85  
 271 K	 52.38  
 272 G	 33.50  
 273 R	 31.81  
 274 Q	 50.97  
 275 R	 26.91  
 276 Q	 25.15  
 277 A	 10.93  
 278 I	 3.72  
 279 L	 8.05  
 280 G	 25.67  
 281 E	 49.53  
 282 H	 26.24  
 283 P	 27.63  
 284 S	 43.97  
 285 S	 30.65  
 286 F	 10.63  
 287 R	 29.00  
 288 H	 30.73  
 289 D	 47.99  
 290 G	 23.68  
 291 Y	 22.85  
 292 G	 20.78  
 293 S	 19.45  
 294 H	 37.21  
 295 G	 19.09  
 296 P	 25.87  
 297 L	 10.22  
 298 L	 4.63  
 299 P	 50.32  
 300 L	 6.41  
 301 P	 18.15  
 302 S	 50.02  
 303 R	 22.57  
 304 Y	 14.86  
 305 R	 23.13  
 306 M	 4.19  
 307 G	 15.55  
 308 S	 20.03  
 309 R	 46.20  
 310 D	 69.20  
 311 T	 19.97  
 312 P	 36.89  
 313 E	 58.95  
 314 L	 2.55  
 315 V	 4.59  
 316 A	 16.92  
 317 Y	 9.60  
 318 P	 28.03  
 319 L	 2.98  
 320 P	 24.16  
 321 Q	 62.65  
 322 A	 14.94  
 323 S	 17.99  
 324 S	 28.62  
 325 S	 24.79  
 326 Y	 8.62  
 327 M	 2.27  
 328 H	 32.54  
 329 G	 22.50  
 330 G	 28.35  
 331 N	 31.96  
 332 P	 43.26  
 333 S	 47.93  
 334 G	 26.22  
 335 S	 18.84  
 336 V	 3.52  
 337 V	 3.16  
 338 M	 1.54  
 339 V	 2.51  
 340 S	 19.96  
 341 G	 18.77  
 342 L	 1.49  
 343 H	 34.16  
 344 Q	 48.06  
 345 L	 3.86  
 346 K	 22.84  
 347 M	 9.22  
 348 N	 21.01  
 349 C	 2.16  
 350 S	 26.86  
 351 R	 38.97  
 352 V	 1.83  
 353 F	 6.81  
 354 N	 29.38  
 355 L	 1.86  
 356 F	 2.57  
 357 C	 3.01  
 358 L	 4.87  
 359 Y	 14.87  
 360 G	 18.72  
 361 N	 26.20  
 362 I	 4.75  
 363 E	 56.66  
 364 K	 47.10  
 365 V	 3.61  
 366 K	 51.30  
 367 F	 7.32  
 368 M	 2.87  
 369 K	 46.57  
 370 T	 22.18  
 371 I	 2.18  
 372 P	 39.04  
 373 G	 21.55  
 374 T	 16.09  
 375 A	 18.61  
 376 L	 3.17  
 377 V	 4.40  
 378 E	 37.99  
 379 M	 6.81  
 380 G	 15.87  
 381 D	 44.41  
 382 E	 29.66  
 383 Y	 22.23  
 384 A	 8.47  
 385 V	 5.11  
 386 E	 27.10  
 387 R	 27.97  
 388 A	 9.32  
 389 V	 4.31  
 390 T	 21.47  
 391 H	 21.69  
 392 L	 3.49  
 393 N	 43.58  
 394 N	 38.36  
 395 V	 5.76  
 396 K	 39.98  
 397 L	 6.27  
 398 F	 10.06  
 399 G	 25.30  
 400 K	 46.51  
 401 R	 31.69  
 402 L	 6.84  
 403 N	 29.22  
 404 V	 3.95  
 405 C	 2.52  
 406 V	 7.54  
 407 S	 22.82  
 408 K	 31.47  
 409 Q	 26.95  
 410 H	 26.71  
 411 S	 23.47  
 412 V	 7.43  
 413 V	 4.18  
 414 P	 20.54  
 415 S	 25.05  
 416 Q	 38.02  
 417 I	 3.21  
 418 F	 7.31  
 419 E	 53.53  
 420 L	 5.17  
 421 E	 47.39  
 422 D	 77.59  
 423 G	 20.37  
 424 T	 27.16  
 425 S	 36.88  
 426 S	 35.72  
 427 Y	 17.84  
 428 K	 48.60  
 429 D	 28.44  
 430 F	 5.56  
 431 A	 16.09  
 432 M	 6.22  
 433 S	 28.89  
 434 K	 45.19  
 435 N	 37.29  
 436 N	 44.15  
 437 R	 45.68  
 438 F	 7.42  
 439 T	 17.90  
 440 S	 27.91  
 441 A	 15.85  
 442 G	 24.29  
 443 Q	 42.02  
 444 A	 22.89  
 445 S	 20.53  
 446 K	 56.00  
 447 N	 33.82  
 448 I	 3.39  
 449 I	 7.61  
 450 Q	 39.80  
 451 P	 16.62  
 452 P	 24.80  
 453 S	 24.44  
 454 C	 4.69  
 455 V	 4.30  
 456 L	 2.23  
 457 H	 11.57  
 458 Y	 7.80  
 459 Y	 10.03  
 460 N	 23.05  
 461 V	 1.90  
 462 P	 19.19  
 463 L	 2.98  
 464 C	 2.66  
 465 V	 11.27  
 466 T	 27.40  
 467 E	 34.34  
 468 E	 39.60  
 469 T	 30.30  
 470 F	 6.84  
 471 T	 30.44  
 472 K	 47.02  
 473 L	 2.75  
 474 C	 6.32  
 475 N	 65.20  
 476 D	 38.02  
 477 H	 17.05  
 478 E	 41.93  
 479 V	 5.68  
 480 L	 2.70  
 481 T	 28.61  
 482 F	 3.87  
 483 I	 3.92  
 484 K	 34.52  
 485 Y	 13.94  
 486 K	 31.27  
 487 V	 4.81  
 488 F	 7.08  
 489 D	 57.58  
 490 A	 17.75  
 491 K	 41.15  
 492 P	 41.04  
 493 S	 41.51  
 494 A	 19.85  
 495 K	 55.10  
 496 T	 26.35  
 497 L	 3.63  
 498 S	 32.40  
 499 G	 37.08  
 500 L	 3.35  
 501 L	 9.08  
 502 E	 46.39  
 503 W	 19.09  
 504 E	 19.43  
 505 C	 6.36  
 506 K	 37.61  
 507 T	 40.63  
 508 D	 33.83  
 509 A	 13.28  
 510 V	 5.00  
 511 E	 39.42  
 512 A	 12.01  
 513 L	 1.50  
 514 T	 35.83  
 515 A	 13.76  
 516 L	 3.23  
 517 N	 29.38  
 518 H	 19.41  
 519 Y	 12.45  
 520 Q	 14.95  
 521 I	 3.65  
 522 R	 23.47  
 523 V	 4.63  
 524 P	 29.61  
 525 N	 64.76  
 526 G	 23.80  
 527 S	 41.07  
 528 N	 34.69  
 529 P	 25.78  
 530 Y	 29.02  
 531 T	 20.76  
 532 L	 3.08  
 533 K	 35.10  
 534 L	 3.92  
 535 C	 2.12  
 536 F	 15.00  
 537 S	 26.78  
 538 T	 17.62  
 539 S	 17.98  
 540 S	 28.97  
 541 H	 35.01  
 542 L	 8.96  
