 1 M	 9.02  
 2 L	 6.14  
 3 N	 39.92  
 4 N	 40.11  
 5 L	 4.09  
 6 T	 40.50  
 7 D	 36.65  
 8 C	 4.29  
 9 E	 68.77  
 10 D	 67.81  
 11 G	 17.11  
 12 D	 65.75  
 13 G	 42.51  
 14 G	 27.24  
 15 A	 25.27  
 16 N	 44.34  
 17 P	 41.54  
 18 G	 56.09  
 19 D	 55.76  
 20 G	 59.25  
 21 N	 49.57  
 22 P	 47.52  
 23 K	 74.38  
 24 E	 58.67  
 25 S	 49.81  
 26 S	 25.56  
 27 P	 43.33  
 28 F	 9.98  
 29 I	 4.52  
 30 N	 38.96  
 31 S	 23.89  
 32 T	 42.31  
 33 D	 53.33  
 34 T	 39.42  
 35 E	 57.22  
 36 K	 66.42  
 37 G	 22.78  
 38 R	 50.82  
 39 E	 57.56  
 40 Y	 23.49  
 41 D	 44.84  
 42 G	 23.20  
 43 R	 27.18  
 44 N	 26.13  
 45 M	 3.10  
 46 A	 16.79  
 47 L	 3.74  
 48 F	 8.90  
 49 E	 54.63  
 50 E	 51.81  
 51 E	 34.85  
 52 M	 8.45  
 53 D	 47.51  
 54 T	 33.16  
 55 S	 13.51  
 56 P	 29.32  
 57 M	 4.59  
 58 V	 3.90  
 59 S	 14.71  
 60 S	 23.17  
 61 L	 3.25  
 62 L	 4.05  
 63 S	 36.73  
 64 G	 28.86  
 65 L	 2.22  
 66 A	 15.54  
 67 N	 49.56  
 68 Y	 7.44  
 69 T	 30.04  
 70 N	 39.09  
 71 L	 2.30  
 72 P	 38.26  
 73 Q	 66.71  
 74 G	 27.08  
 75 S	 29.28  
 76 R	 57.00  
 77 E	 58.30  
 78 H	 36.77  
 79 E	 54.90  
 80 E	 64.29  
 81 A	 23.10  
 82 E	 64.96  
 83 N	 59.92  
 84 N	 40.57  
 85 E	 79.49  
 86 G	 56.17  
 87 G	 32.22  
 88 K	 69.36  
 89 K	 66.63  
 90 K	 54.64  
 91 P	 32.12  
 92 V	 11.85  
 93 Q	 54.93  
 94 A	 8.23  
 95 P	 15.08  
 96 R	 38.90  
 97 M	 6.04  
 98 G	 19.65  
 99 T	 10.91  
 100 F	 3.12  
 101 M	 3.40  
 102 G	 10.75  
 103 V	 2.73  
 104 Y	 10.13  
 105 L	 1.93  
 106 P	 10.09  
 107 C	 5.88  
 108 L	 4.05  
 109 Q	 47.92  
 110 N	 20.71  
 111 I	 1.73  
 112 F	 9.31  
 113 G	 11.19  
 114 V	 2.09  
 115 I	 2.00  
 116 L	 2.84  
 117 F	 2.28  
 118 L	 3.83  
 119 R	 23.80  
 120 L	 4.87  
 121 T	 15.13  
 122 W	 6.33  
 123 V	 2.08  
 124 V	 3.28  
 125 G	 8.39  
 126 I	 1.83  
 127 A	 8.77  
 128 G	 20.18  
 129 I	 1.73  
 130 M	 3.27  
 131 E	 38.45  
 132 S	 13.33  
 133 F	 1.66  
 134 C	 2.94  
 135 M	 2.31  
 136 V	 2.84  
 137 F	 1.09  
 138 I	 1.25  
 139 C	 0.67  
 140 C	 2.98  
 141 S	 14.28  
 142 C	 1.29  
 143 T	 10.02  
 144 M	 3.52  
 145 L	 1.25  
 146 T	 15.89  
 147 A	 6.46  
 148 I	 2.75  
 149 S	 12.29  
 150 M	 2.28  
 151 S	 15.10  
 152 A	 6.18  
 153 I	 3.68  
 154 A	 8.50  
 155 T	 26.79  
 156 N	 32.04  
 157 G	 19.90  
 158 V	 5.17  
 159 V	 2.59  
 160 P	 23.84  
 161 A	 24.30  
 162 G	 21.36  
 163 G	 18.00  
 164 S	 16.51  
 165 Y	 10.59  
 166 Y	 6.94  
 167 M	 1.38  
 168 I	 1.46  
 169 S	 10.17  
 170 R	 25.61  
 171 S	 30.78  
 172 L	 14.95  
 173 G	 22.42  
 174 P	 38.75  
 175 E	 55.94  
 176 F	 14.23  
 177 G	 22.84  
 178 G	 23.55  
 179 A	 7.81  
 180 V	 7.32  
 181 G	 19.05  
 182 L	 1.15  
 183 C	 1.41  
 184 F	 7.30  
 185 Y	 11.83  
 186 L	 2.17  
 187 G	 16.01  
 188 T	 19.02  
 189 T	 15.08  
 190 F	 6.24  
 191 A	 11.62  
 192 G	 13.49  
 193 A	 5.56  
 194 M	 1.77  
 195 Y	 7.77  
 196 I	 1.51  
 197 L	 2.46  
 198 G	 18.32  
 199 T	 16.40  
 200 I	 2.69  
 201 E	 27.67  
 202 I	 3.18  
 203 L	 1.13  
 204 L	 3.46  
 205 A	 8.78  
 206 Y	 14.62  
 207 L	 3.27  
 208 F	 2.06  
 209 P	 20.66  
 210 A	 7.84  
 211 M	 2.75  
 212 A	 13.23  
 213 I	 2.03  
 214 F	 4.44  
 215 K	 44.76  
 216 A	 14.78  
 217 E	 55.49  
 218 D	 51.39  
 219 A	 15.79  
 220 S	 49.87  
 221 G	 30.22  
 222 E	 32.41  
 223 A	 12.21  
 224 A	 6.79  
 225 A	 15.28  
 226 M	 3.36  
 227 L	 3.43  
 228 N	 27.45  
 229 N	 18.71  
 230 M	 2.74  
 231 R	 22.19  
 232 V	 3.44  
 233 Y	 9.06  
 234 G	 15.13  
 235 T	 5.03  
 236 C	 1.73  
 237 V	 5.08  
 238 L	 3.12  
 239 T	 4.65  
 240 C	 1.20  
 241 M	 2.70  
 242 A	 10.21  
 243 T	 7.13  
 244 V	 1.98  
 245 V	 2.53  
 246 F	 3.26  
 247 V	 6.10  
 248 G	 9.95  
 249 V	 3.21  
 250 K	 37.24  
 251 Y	 13.57  
 252 V	 5.35  
 253 N	 30.55  
 254 K	 23.21  
 255 F	 5.54  
 256 A	 12.39  
 257 L	 2.93  
 258 V	 3.14  
 259 F	 5.16  
 260 L	 3.97  
 261 G	 7.68  
 262 C	 1.55  
 263 V	 4.72  
 264 I	 2.65  
 265 L	 0.99  
 266 S	 12.39  
 267 I	 2.43  
 268 L	 1.82  
 269 A	 7.35  
 270 I	 1.86  
 271 Y	 7.53  
 272 A	 10.32  
 273 G	 12.52  
 274 V	 3.66  
 275 I	 2.60  
 276 K	 33.07  
 277 S	 24.04  
 278 A	 14.09  
 279 F	 21.87  
 280 D	 58.42  
 281 P	 21.20  
 282 P	 57.87  
 283 N	 61.79  
 284 F	 5.49  
 285 P	 24.03  
 286 I	 1.95  
 287 C	 2.33  
 288 L	 7.70  
 289 L	 5.04  
 290 G	 14.50  
 291 N	 33.46  
 292 R	 34.93  
 293 T	 32.84  
 294 L	 3.70  
 295 S	 22.94  
 296 R	 36.74  
 297 H	 37.59  
 298 G	 21.24  
 299 F	 5.34  
 300 D	 38.90  
 301 V	 2.98  
 302 C	 2.73  
 303 A	 15.11  
 304 K	 33.34  
 305 L	 3.40  
 306 A	 11.10  
 307 W	 25.19  
 308 E	 46.67  
 309 G	 26.94  
 310 N	 30.19  
 311 E	 56.35  
 312 T	 27.44  
 313 V	 4.14  
 314 T	 17.39  
 315 T	 21.30  
 316 R	 21.05  
 317 L	 3.90  
 318 W	 9.73  
 319 G	 17.29  
 320 L	 2.37  
 321 F	 3.15  
 322 C	 4.31  
 323 S	 15.91  
 324 S	 28.29  
 325 R	 27.22  
 326 L	 4.70  
 327 L	 3.89  
 328 N	 37.48  
 329 A	 15.02  
 330 T	 21.29  
 331 C	 3.30  
 332 D	 49.64  
 333 E	 44.70  
 334 Y	 9.30  
 335 F	 4.94  
 336 T	 31.42  
 337 R	 23.87  
 338 N	 44.24  
 339 N	 38.50  
 340 V	 6.08  
 341 T	 29.51  
 342 E	 29.09  
 343 I	 3.12  
 344 Q	 37.22  
 345 G	 33.45  
 346 I	 1.30  
 347 P	 32.94  
 348 G	 31.67  
 349 A	 7.97  
 350 A	 15.28  
 351 S	 33.33  
 352 G	 27.05  
 353 L	 4.72  
 354 I	 6.33  
 355 K	 45.66  
 356 E	 51.03  
 357 N	 41.63  
 358 L	 5.00  
 359 W	 9.23  
 360 S	 16.57  
 361 S	 16.75  
 362 Y	 16.93  
 363 L	 4.27  
 364 T	 19.95  
 365 K	 48.89  
 366 G	 14.78  
 367 V	 4.76  
 368 I	 3.48  
 369 V	 4.32  
 370 E	 26.07  
 371 R	 29.56  
 372 R	 32.05  
 373 G	 38.28  
 374 M	 1.80  
 375 P	 28.78  
 376 S	 21.67  
 377 V	 6.33  
 378 G	 21.34  
 379 L	 3.53  
 380 A	 13.78  
 381 D	 67.55  
 382 G	 26.72  
 383 T	 22.23  
 384 P	 26.16  
 385 V	 10.79  
 386 D	 37.69  
 387 M	 5.33  
 388 D	 34.84  
 389 H	 14.67  
 390 P	 23.79  
 391 Y	 15.65  
 392 V	 4.33  
 393 F	 4.18  
 394 S	 19.21  
 395 D	 32.68  
 396 M	 2.31  
 397 T	 25.84  
 398 S	 16.18  
 399 Y	 7.45  
 400 F	 3.77  
 401 T	 15.79  
 402 L	 2.33  
 403 L	 2.77  
 404 V	 5.01  
 405 G	 14.62  
 406 I	 2.21  
 407 Y	 11.96  
 408 F	 3.25  
 409 P	 15.77  
 410 S	 23.55  
 411 V	 6.06  
 412 T	 25.90  
 413 G	 12.91  
 414 I	 0.94  
 415 M	 3.50  
 416 A	 19.15  
 417 G	 14.20  
 418 S	 21.38  
 419 N	 41.02  
 420 R	 43.65  
 421 S	 40.69  
 422 G	 34.43  
 423 D	 39.51  
 424 L	 6.44  
 425 R	 41.79  
 426 D	 61.73  
 427 A	 16.56  
 428 Q	 44.30  
 429 K	 52.66  
 430 S	 23.01  
 431 I	 4.57  
 432 P	 31.69  
 433 T	 45.33  
 434 G	 12.85  
 435 T	 18.46  
 436 I	 2.30  
 437 L	 2.57  
 438 A	 5.87  
 439 I	 2.91  
 440 A	 10.14  
 441 T	 18.38  
 442 T	 12.98  
 443 S	 16.04  
 444 A	 8.95  
 445 V	 4.34  
 446 Y	 8.53  
 447 I	 1.67  
 448 S	 10.21  
 449 S	 13.49  
 450 V	 3.28  
 451 V	 3.86  
 452 L	 2.84  
 453 F	 3.84  
 454 G	 18.51  
 455 A	 5.47  
 456 C	 2.73  
 457 I	 5.24  
 458 E	 45.91  
 459 G	 8.57  
 460 V	 2.08  
 461 V	 5.51  
 462 L	 5.64  
 463 R	 33.20  
 464 D	 46.61  
 465 K	 49.16  
 466 F	 14.50  
 467 G	 27.91  
 468 E	 53.21  
 469 A	 10.64  
 470 V	 9.07  
 471 N	 40.46  
 472 G	 23.42  
 473 N	 25.18  
 474 L	 3.33  
 475 V	 4.29  
 476 V	 5.66  
 477 G	 13.92  
 478 T	 11.16  
 479 L	 3.74  
 480 A	 18.90  
 481 W	 9.30  
 482 P	 25.55  
 483 S	 22.23  
 484 P	 25.85  
 485 W	 9.23  
 486 V	 2.58  
 487 I	 1.33  
 488 V	 2.69  
 489 I	 2.35  
 490 G	 13.91  
 491 S	 16.40  
 492 F	 4.77  
 493 F	 6.73  
 494 S	 22.30  
 495 T	 15.14  
 496 C	 3.22  
 497 G	 23.83  
 498 A	 20.05  
 499 G	 14.99  
 500 L	 2.87  
 501 Q	 35.16  
 502 S	 32.70  
 503 L	 3.10  
 504 T	 36.22  
 505 G	 38.59  
 506 A	 4.84  
 507 P	 28.88  
 508 R	 47.71  
 509 L	 3.96  
 510 L	 3.22  
 511 Q	 41.04  
 512 A	 11.16  
 513 I	 1.93  
 514 S	 27.60  
 515 R	 39.81  
 516 D	 44.36  
 517 G	 22.98  
 518 I	 4.10  
 519 V	 3.16  
 520 P	 23.47  
 521 F	 5.30  
 522 L	 3.30  
 523 Q	 28.95  
 524 V	 7.26  
 525 F	 3.74  
 526 G	 29.76  
 527 H	 24.10  
 528 G	 31.02  
 529 K	 32.76  
 530 A	 33.58  
 531 N	 59.87  
 532 G	 47.31  
 533 E	 39.09  
 534 P	 34.34  
 535 T	 21.04  
 536 W	 8.81  
 537 A	 7.27  
 538 L	 2.80  
 539 L	 2.85  
 540 L	 2.72  
 541 T	 21.32  
 542 A	 4.81  
 543 C	 2.85  
 544 I	 1.88  
 545 C	 2.91  
 546 E	 25.08  
 547 I	 3.45  
 548 G	 6.07  
 549 I	 2.86  
 550 L	 1.95  
 551 I	 2.01  
 552 A	 10.70  
 553 S	 29.38  
 554 L	 4.87  
 555 D	 45.92  
 556 E	 45.96  
 557 V	 8.40  
 558 A	 5.38  
 559 P	 32.98  
 560 I	 2.99  
 561 L	 2.71  
 562 S	 17.79  
 563 M	 2.17  
 564 F	 3.70  
 565 F	 2.96  
 566 L	 1.26  
 567 M	 0.99  
 568 C	 2.12  
 569 Y	 4.61  
 570 M	 2.29  
 571 F	 1.02  
 572 V	 3.06  
 573 N	 15.62  
 574 L	 3.30  
 575 A	 3.65  
 576 C	 4.25  
 577 A	 7.28  
 578 V	 4.49  
 579 Q	 14.12  
 580 T	 22.59  
 581 L	 1.38  
 582 L	 6.95  
 583 R	 51.77  
 584 T	 22.42  
 585 P	 31.77  
 586 N	 46.94  
 587 W	 16.92  
 588 R	 21.11  
 589 P	 31.23  
 590 R	 21.79  
 591 F	 6.98  
 592 R	 32.17  
 593 Y	 9.29  
 594 Y	 6.14  
 595 H	 11.34  
 596 W	 5.28  
 597 T	 10.14  
 598 L	 2.62  
 599 S	 15.85  
 600 F	 8.43  
 601 L	 5.17  
 602 G	 11.13  
 603 M	 2.77  
 604 S	 17.71  
 605 L	 1.74  
 606 C	 1.31  
 607 L	 5.07  
 608 A	 8.93  
 609 L	 1.53  
 610 M	 1.44  
 611 F	 5.46  
 612 I	 0.83  
 613 C	 1.27  
 614 S	 17.19  
 615 W	 5.92  
 616 Y	 2.26  
 617 Y	 6.28  
 618 A	 4.65  
 619 L	 1.14  
 620 V	 1.93  
 621 A	 6.47  
 622 M	 1.85  
 623 L	 1.42  
 624 I	 1.51  
 625 A	 11.63  
 626 G	 12.96  
 627 L	 2.60  
 628 I	 2.46  
 629 Y	 11.63  
 630 K	 32.53  
 631 Y	 5.08  
 632 I	 3.07  
 633 E	 26.53  
 634 Y	 12.56  
 635 R	 25.67  
 636 G	 36.87  
 637 A	 18.71  
 638 E	 55.09  
 639 K	 59.23  
 640 E	 48.47  
 641 W	 22.65  
 642 G	 25.10  
 643 D	 50.88  
 644 G	 13.93  
 645 I	 3.62  
 646 R	 45.59  
 647 G	 20.07  
 648 L	 3.15  
 649 S	 24.09  
 650 L	 4.93  
 651 S	 19.26  
 652 A	 10.97  
 653 A	 11.14  
 654 R	 19.58  
 655 Y	 9.25  
 656 A	 8.45  
 657 L	 1.80  
 658 L	 4.46  
 659 R	 40.69  
 660 L	 7.68  
 661 E	 55.24  
 662 E	 79.97  
 663 G	 31.50  
 664 P	 22.30  
 665 P	 59.65  
 666 H	 53.24  
 667 T	 31.67  
 668 K	 52.02  
 669 N	 40.94  
 670 W	 18.19  
 671 R	 20.62  
 672 P	 22.30  
 673 Q	 38.56  
 674 L	 3.86  
 675 L	 2.05  
 676 V	 6.71  
 677 L	 1.73  
 678 V	 4.34  
 679 R	 23.33  
 680 V	 6.38  
 681 D	 35.46  
 682 Q	 51.86  
 683 D	 37.24  
 684 Q	 38.70  
 685 N	 46.17  
 686 V	 3.30  
 687 V	 7.75  
 688 H	 10.50  
 689 P	 18.20  
 690 Q	 39.91  
 691 L	 4.06  
 692 L	 3.12  
 693 S	 37.89  
 694 L	 5.57  
 695 T	 15.85  
 696 S	 38.52  
 697 Q	 41.57  
 698 L	 4.04  
 699 K	 47.67  
 700 A	 33.26  
 701 G	 23.99  
 702 K	 56.45  
 703 G	 27.43  
 704 L	 3.17  
 705 T	 23.45  
 706 I	 3.87  
 707 V	 3.84  
 708 G	 14.26  
 709 S	 16.79  
 710 V	 4.67  
 711 L	 5.56  
 712 E	 54.77  
 713 G	 20.01  
 714 T	 16.20  
 715 F	 13.67  
 716 L	 6.91  
 717 D	 47.39  
 718 N	 51.38  
 719 H	 18.60  
 720 P	 37.14  
 721 Q	 42.44  
 722 A	 12.79  
 723 Q	 39.61  
 724 R	 47.16  
 725 A	 16.90  
 726 E	 55.24  
 727 E	 50.94  
 728 S	 16.95  
 729 I	 3.17  
 730 R	 34.65  
 731 R	 36.39  
 732 L	 2.33  
 733 M	 4.32  
 734 E	 59.26  
 735 A	 14.14  
 736 E	 45.11  
 737 K	 57.18  
 738 V	 5.73  
 739 K	 58.29  
 740 G	 31.39  
 741 F	 1.87  
 742 C	 4.01  
 743 Q	 30.19  
 744 V	 4.31  
 745 V	 1.13  
 746 I	 3.82  
 747 S	 11.10  
 748 S	 28.85  
 749 N	 32.10  
 750 L	 5.96  
 751 R	 42.77  
 752 D	 66.08  
 753 G	 19.18  
 754 V	 3.69  
 755 S	 20.36  
 756 H	 25.25  
 757 L	 2.72  
 758 I	 2.28  
 759 Q	 42.24  
 760 S	 28.03  
 761 G	 20.97  
 762 G	 26.79  
 763 L	 5.84  
 764 G	 37.73  
 765 G	 27.49  
 766 L	 4.43  
 767 Q	 30.93  
 768 H	 36.65  
 769 N	 20.94  
 770 T	 17.06  
 771 V	 5.04  
 772 L	 2.51  
 773 V	 7.01  
 774 G	 25.22  
 775 W	 4.92  
 776 P	 17.50  
 777 R	 49.16  
 778 N	 33.91  
 779 W	 12.83  
 780 R	 41.04  
 781 Q	 45.14  
 782 K	 57.44  
 783 E	 53.00  
 784 D	 46.35  
 785 H	 28.23  
 786 Q	 55.89  
 787 T	 23.99  
 788 W	 6.15  
 789 R	 31.41  
 790 N	 33.53  
 791 F	 3.26  
 792 I	 4.58  
 793 E	 36.75  
 794 L	 3.63  
 795 V	 3.18  
 796 R	 48.44  
 797 E	 42.93  
 798 T	 16.04  
 799 T	 26.37  
 800 A	 15.72  
 801 G	 17.78  
 802 H	 12.88  
 803 L	 3.34  
 804 A	 7.99  
 805 L	 5.07  
 806 L	 3.70  
 807 V	 8.13  
 808 T	 19.50  
 809 K	 48.12  
 810 N	 23.02  
 811 V	 4.71  
 812 S	 24.89  
 813 M	 4.01  
 814 F	 5.66  
 815 P	 32.77  
 816 G	 51.57  
 817 N	 35.18  
 818 P	 39.80  
 819 E	 71.06  
 820 R	 41.47  
 821 F	 8.11  
 822 S	 47.47  
 823 E	 55.00  
 824 G	 28.80  
 825 S	 16.15  
 826 I	 7.92  
 827 D	 31.51  
 828 V	 4.32  
 829 W	 3.86  
 830 W	 5.20  
 831 I	 0.85  
 832 V	 1.80  
 833 H	 20.90  
 834 D	 44.43  
 835 G	 14.45  
 836 G	 16.47  
 837 M	 2.13  
 838 L	 2.18  
 839 M	 2.41  
 840 L	 4.90  
 841 L	 1.43  
 842 P	 17.55  
 843 F	 11.50  
 844 L	 3.77  
 845 L	 5.11  
 846 R	 31.82  
 847 H	 25.70  
 848 H	 21.67  
 849 K	 37.05  
 850 V	 5.33  
 851 W	 9.98  
 852 R	 37.17  
 853 K	 23.61  
 854 C	 2.92  
 855 K	 33.96  
 856 M	 5.79  
 857 R	 13.33  
 858 I	 2.80  
 859 F	 2.95  
 860 T	 16.74  
 861 V	 2.13  
 862 A	 8.91  
 863 Q	 31.34  
 864 M	 5.15  
 865 D	 39.60  
 866 D	 45.49  
 867 N	 36.43  
 868 S	 22.61  
 869 I	 6.10  
 870 Q	 37.15  
 871 M	 5.77  
 872 K	 27.10  
 873 K	 53.26  
 874 D	 43.67  
 875 L	 7.16  
 876 T	 26.15  
 877 T	 20.95  
 878 F	 5.55  
 879 L	 2.18  
 880 Y	 8.46  
 881 H	 15.69  
 882 L	 2.40  
 883 R	 15.76  
 884 I	 5.57  
 885 T	 15.44  
 886 A	 19.23  
 887 E	 30.47  
 888 V	 6.66  
 889 E	 32.14  
 890 V	 5.51  
 891 V	 3.23  
 892 E	 39.74  
 893 M	 2.61  
 894 H	 20.22  
 895 E	 49.12  
 896 S	 26.09  
 897 D	 35.56  
 898 I	 3.36  
 899 S	 21.88  
 900 A	 10.87  
 901 Y	 11.76  
 902 T	 25.56  
 903 Y	 11.62  
 904 E	 31.59  
 905 K	 36.42  
 906 T	 16.79  
 907 L	 5.24  
 908 V	 4.86  
 909 M	 4.00  
 910 E	 35.05  
 911 Q	 32.03  
 912 R	 19.75  
 913 S	 22.67  
 914 Q	 47.42  
 915 I	 5.67  
 916 L	 2.15  
 917 K	 47.40  
 918 Q	 22.53  
 919 M	 2.40  
 920 H	 28.05  
 921 L	 6.47  
 922 T	 19.69  
 923 K	 64.27  
 924 N	 48.61  
 925 E	 58.43  
 926 R	 58.63  
 927 E	 48.78  
 928 R	 53.17  
 929 E	 40.40  
 930 I	 4.95  
 931 Q	 24.83  
 932 S	 32.87  
 933 I	 3.01  
 934 T	 38.67  
 935 D	 50.64  
 936 E	 33.41  
 937 S	 44.76  
 938 R	 40.61  
 939 G	 36.38  
 940 S	 16.29  
 941 I	 5.71  
 942 R	 45.26  
 943 R	 41.24  
 944 K	 58.39  
 945 N	 38.82  
 946 P	 36.13  
 947 A	 48.31  
 948 N	 24.39  
 949 P	 38.50  
 950 R	 32.04  
 951 L	 8.45  
 952 R	 26.04  
 953 L	 10.04  
 954 N	 40.64  
 955 V	 8.16  
 956 P	 32.41  
 957 E	 64.79  
 958 E	 35.32  
 959 T	 30.81  
 960 A	 11.27  
 961 C	 8.24  
 962 D	 64.21  
 963 N	 60.24  
 964 E	 54.89  
 965 E	 78.97  
 966 K	 52.10  
 967 P	 58.47  
 968 E	 77.26  
 969 E	 72.50  
 970 E	 33.62  
 971 V	 6.75  
 972 Q	 37.67  
 973 L	 4.54  
 974 I	 1.56  
 975 H	 35.33  
 976 D	 36.82  
 977 Q	 27.59  
 978 S	 48.48  
 979 A	 8.39  
 980 P	 41.53  
 981 S	 38.07  
 982 C	 3.54  
 983 P	 41.40  
 984 S	 48.01  
 985 S	 31.26  
 986 S	 33.46  
 987 P	 46.63  
 988 S	 47.70  
 989 P	 58.56  
 990 G	 57.12  
 991 E	 74.00  
 992 E	 55.34  
 993 P	 51.06  
 994 E	 76.57  
 995 G	 50.40  
 996 E	 45.76  
 997 R	 64.07  
 998 E	 53.94  
 999 T	 64.18  
 1000 D	 32.39  
 1001 P	 53.59  
 1002 E	 45.43  
 1003 V	 5.65  
 1004 H	 18.84  
 1005 L	 5.30  
 1006 T	 19.06  
 1007 W	 14.07  
 1008 T	 24.91  
 1009 K	 55.51  
 1010 D	 40.88  
 1011 K	 48.67  
 1012 S	 36.37  
 1013 V	 11.12  
 1014 A	 29.18  
 1015 E	 55.81  
 1016 K	 54.97  
 1017 N	 46.12  
 1018 K	 81.11  
 1019 G	 36.99  
 1020 P	 36.75  
 1021 S	 46.75  
 1022 P	 32.89  
 1023 V	 13.27  
 1024 S	 26.51  
 1025 S	 39.82  
 1026 E	 58.39  
 1027 G	 33.91  
 1028 I	 3.21  
 1029 K	 60.38  
 1030 D	 48.15  
 1031 F	 4.08  
 1032 F	 11.34  
 1033 S	 26.37  
 1034 M	 7.68  
 1035 K	 38.29  
 1036 P	 43.20  
 1037 E	 63.00  
 1038 W	 14.33  
 1039 E	 50.61  
 1040 N	 45.42  
 1041 L	 4.12  
 1042 N	 55.61  
 1043 Q	 39.28  
 1044 S	 35.90  
 1045 N	 22.88  
 1046 V	 5.07  
 1047 R	 34.16  
 1048 R	 19.56  
 1049 M	 2.00  
 1050 H	 14.63  
 1051 T	 19.94  
 1052 A	 3.05  
 1053 V	 8.22  
 1054 R	 29.36  
 1055 L	 5.28  
 1056 N	 30.81  
 1057 E	 37.91  
 1058 V	 6.03  
 1059 I	 2.00  
 1060 V	 9.97  
 1061 N	 26.01  
 1062 K	 35.65  
 1063 S	 30.13  
 1064 R	 49.90  
 1065 D	 55.96  
 1066 A	 13.13  
 1067 K	 43.34  
 1068 L	 3.34  
 1069 V	 5.87  
 1070 L	 4.08  
 1071 L	 3.93  
 1072 N	 30.37  
 1073 M	 4.02  
 1074 P	 51.57  
 1075 G	 33.79  
 1076 P	 20.85  
 1077 P	 52.69  
 1078 R	 58.85  
 1079 N	 47.76  
 1080 R	 50.19  
 1081 N	 66.86  
 1082 G	 40.13  
 1083 D	 44.51  
 1084 E	 52.22  
 1085 N	 46.31  
 1086 Y	 8.93  
 1087 M	 4.41  
 1088 E	 36.40  
 1089 F	 3.93  
 1090 L	 2.57  
 1091 E	 40.58  
 1092 V	 9.73  
 1093 L	 2.97  
 1094 T	 27.19  
 1095 E	 45.01  
 1096 Q	 43.35  
 1097 L	 3.55  
 1098 D	 40.60  
 1099 R	 25.08  
 1100 V	 3.29  
 1101 M	 2.74  
 1102 L	 1.86  
 1103 V	 2.63  
 1104 R	 33.79  
 1105 G	 35.11  
 1106 G	 22.78  
 1107 G	 25.96  
 1108 R	 37.98  
 1109 E	 41.36  
 1110 V	 4.51  
 1111 I	 1.34  
 1112 T	 21.02  
 1113 I	 1.87  
 1114 Y	 10.32  
 1115 S	 29.87  
