 1 M	 6.87  
 2 S	 27.31  
 3 S	 34.73  
 4 A	 11.46  
 5 V	 14.17  
 6 E	 52.37  
 7 P	 39.85  
 8 P	 40.29  
 9 P	 65.82  
 10 P	 60.86  
 11 P	 63.95  
 12 P	 51.57  
 13 P	 54.68  
 14 E	 66.36  
 15 S	 51.78  
 16 A	 15.66  
 17 P	 52.76  
 18 S	 57.84  
 19 K	 41.77  
 20 P	 33.27  
 21 S	 34.19  
 22 A	 20.60  
 23 A	 16.83  
 24 G	 25.19  
 25 A	 17.91  
 26 G	 35.28  
 27 G	 24.66  
 28 S	 22.03  
 29 S	 45.60  
 30 S	 48.35  
 31 G	 41.64  
 32 N	 41.57  
 33 K	 69.63  
 34 G	 61.97  
 35 G	 20.78  
 36 P	 45.81  
 37 E	 73.80  
 38 G	 33.89  
 39 G	 19.53  
 40 A	 22.56  
 41 A	 9.50  
 42 P	 28.55  
 43 A	 21.22  
 44 A	 9.92  
 45 P	 15.47  
 46 C	 3.30  
 47 A	 17.50  
 48 A	 21.28  
 49 G	 18.01  
 50 S	 36.56  
 51 G	 22.09  
 52 P	 28.76  
 53 A	 39.62  
 54 D	 46.46  
 55 T	 39.06  
 56 E	 45.18  
 57 M	 6.05  
 58 E	 44.79  
 59 E	 47.37  
 60 V	 4.32  
 61 F	 6.93  
 62 D	 50.87  
 63 H	 27.45  
 64 G	 37.06  
 65 S	 27.36  
 66 P	 59.60  
 67 G	 46.88  
 68 K	 62.67  
 69 Q	 55.30  
 70 K	 61.34  
 71 E	 47.62  
 72 I	 7.87  
 73 Q	 58.21  
 74 E	 58.28  
 75 P	 36.18  
 76 D	 47.63  
 77 P	 47.82  
 78 T	 51.44  
 79 Y	 27.72  
 80 E	 54.33  
 81 E	 43.33  
 82 K	 25.11  
 83 M	 6.16  
 84 Q	 51.85  
 85 T	 24.77  
 86 D	 30.70  
 87 R	 36.83  
 88 A	 17.85  
 89 N	 50.49  
 90 R	 25.45  
 91 F	 7.89  
 92 E	 31.84  
 93 Y	 18.02  
 94 L	 3.66  
 95 L	 3.65  
 96 K	 53.21  
 97 Q	 39.93  
 98 T	 32.82  
 99 E	 39.12  
 100 L	 5.37  
 101 F	 3.95  
 102 A	 14.87  
 103 H	 17.01  
 104 F	 5.07  
 105 I	 3.26  
 106 Q	 22.19  
 107 P	 25.42  
 108 A	 13.22  
 109 A	 20.34  
 110 Q	 52.87  
 111 K	 52.31  
 112 T	 21.51  
 113 P	 37.60  
 114 T	 48.48  
 115 S	 29.46  
 116 P	 38.18  
 117 L	 9.43  
 118 K	 48.54  
 119 M	 9.25  
 120 K	 42.61  
 121 P	 40.29  
 122 G	 46.86  
 123 R	 25.12  
 124 P	 51.86  
 125 R	 52.07  
 126 V	 11.36  
 127 K	 56.65  
 128 K	 69.16  
 129 D	 63.71  
 130 E	 66.48  
 131 K	 55.40  
 132 Q	 43.70  
 133 N	 54.76  
 134 L	 3.32  
 135 L	 5.24  
 136 S	 27.50  
 137 V	 7.35  
 138 G	 23.90  
 139 D	 34.83  
 140 Y	 11.46  
 141 R	 22.90  
 142 H	 19.83  
 143 R	 37.91  
 144 R	 36.17  
 145 T	 41.81  
 146 E	 54.93  
 147 Q	 59.78  
 148 E	 62.27  
 149 E	 71.11  
 150 D	 54.65  
 151 E	 54.55  
 152 E	 62.49  
 153 L	 7.25  
 154 L	 5.89  
 155 T	 46.58  
 156 E	 53.65  
 157 S	 31.72  
 158 S	 21.78  
 159 K	 69.39  
 160 A	 13.32  
 161 T	 31.74  
 162 N	 31.55  
 163 V	 2.83  
 164 C	 2.16  
 165 T	 33.82  
 166 R	 28.03  
 167 F	 7.06  
 168 E	 55.05  
 169 D	 64.24  
 170 S	 14.46  
 171 P	 41.84  
 172 S	 46.65  
 173 Y	 14.94  
 174 V	 5.02  
 175 K	 41.83  
 176 W	 10.10  
 177 G	 17.25  
 178 K	 38.95  
 179 L	 4.43  
 180 R	 44.04  
 181 D	 48.96  
 182 Y	 11.50  
 183 Q	 23.79  
 184 V	 4.22  
 185 R	 28.49  
 186 G	 25.22  
 187 L	 2.66  
 188 N	 34.04  
 189 W	 10.50  
 190 L	 1.53  
 191 I	 1.69  
 192 S	 23.80  
 193 L	 5.01  
 194 Y	 10.68  
 195 E	 55.03  
 196 N	 42.99  
 197 G	 11.64  
 198 I	 6.86  
 199 N	 32.62  
 200 G	 17.86  
 201 I	 2.18  
 202 L	 5.35  
 203 A	 14.59  
 204 D	 42.86  
 205 E	 29.55  
 206 M	 5.74  
 207 G	 29.27  
 208 L	 6.49  
 209 G	 18.38  
 210 K	 51.62  
 211 T	 23.46  
 212 L	 4.88  
 213 Q	 41.86  
 214 T	 18.69  
 215 I	 1.44  
 216 S	 22.41  
 217 L	 3.67  
 218 L	 3.54  
 219 G	 26.28  
 220 Y	 11.71  
 221 M	 1.73  
 222 K	 29.06  
 223 H	 15.39  
 224 Y	 10.39  
 225 R	 34.03  
 226 N	 37.33  
 227 I	 2.85  
 228 P	 54.54  
 229 G	 22.43  
 230 P	 13.67  
 231 H	 25.54  
 232 M	 2.54  
 233 V	 4.42  
 234 L	 4.19  
 235 V	 3.69  
 236 P	 22.25  
 237 K	 48.90  
 238 S	 30.08  
 239 T	 37.86  
 240 L	 3.67  
 241 H	 26.45  
 242 N	 38.98  
 243 W	 4.86  
 244 M	 3.14  
 245 S	 31.34  
 246 E	 45.43  
 247 F	 8.49  
 248 K	 41.49  
 249 K	 59.76  
 250 W	 11.25  
 251 V	 3.40  
 252 P	 25.30  
 253 T	 25.78  
 254 L	 2.92  
 255 R	 29.53  
 256 S	 21.94  
 257 V	 2.20  
 258 C	 2.12  
 259 L	 4.61  
 260 I	 5.92  
 261 G	 27.30  
 262 D	 44.30  
 263 K	 51.00  
 264 E	 50.46  
 265 Q	 46.16  
 266 R	 29.04  
 267 A	 12.63  
 268 A	 12.98  
 269 F	 4.52  
 270 V	 4.36  
 271 R	 23.13  
 272 D	 30.07  
 273 V	 4.08  
 274 L	 5.83  
 275 L	 5.28  
 276 P	 34.20  
 277 G	 48.90  
 278 E	 38.27  
 279 W	 14.84  
 280 D	 21.45  
 281 V	 2.72  
 282 C	 2.27  
 283 V	 3.91  
 284 T	 22.06  
 285 S	 9.94  
 286 Y	 8.94  
 287 E	 27.55  
 288 M	 3.39  
 289 L	 3.19  
 290 I	 5.38  
 291 K	 55.94  
 292 E	 43.50  
 293 K	 47.09  
 294 S	 33.60  
 295 V	 13.94  
 296 F	 10.33  
 297 K	 55.06  
 298 K	 32.25  
 299 F	 12.51  
 300 N	 31.06  
 301 W	 8.07  
 302 R	 18.93  
 303 Y	 9.27  
 304 L	 1.72  
 305 V	 3.72  
 306 I	 3.51  
 307 D	 39.28  
 308 E	 34.94  
 309 A	 8.10  
 310 H	 29.92  
 311 R	 48.93  
 312 I	 3.95  
 313 K	 60.04  
 314 N	 60.60  
 315 E	 54.42  
 316 K	 63.38  
 317 S	 32.42  
 318 K	 68.08  
 319 L	 7.78  
 320 S	 29.07  
 321 E	 56.81  
 322 I	 2.96  
 323 V	 4.15  
 324 R	 49.66  
 325 E	 40.37  
 326 F	 6.29  
 327 K	 50.08  
 328 T	 34.32  
 329 T	 20.94  
 330 N	 37.52  
 331 R	 25.31  
 332 L	 5.08  
 333 L	 3.48  
 334 L	 5.00  
 335 T	 38.69  
 336 G	 25.88  
 337 T	 18.65  
 338 P	 33.04  
 339 L	 9.51  
 340 Q	 37.66  
 341 N	 61.79  
 342 N	 29.79  
 343 L	 4.32  
 344 H	 30.17  
 345 E	 55.91  
 346 L	 2.34  
 347 W	 5.50  
 348 S	 35.29  
 349 L	 2.83  
 350 L	 3.39  
 351 N	 30.71  
 352 F	 8.17  
 353 L	 7.07  
 354 L	 2.73  
 355 P	 37.56  
 356 D	 58.57  
 357 V	 4.64  
 358 F	 8.56  
 359 N	 35.82  
 360 S	 22.93  
 361 A	 22.84  
 362 D	 57.86  
 363 D	 49.31  
 364 F	 9.14  
 365 D	 52.53  
 366 S	 29.63  
 367 W	 9.29  
 368 F	 10.85  
 369 D	 42.12  
 370 T	 20.89  
 371 N	 38.78  
 372 N	 25.20  
 373 C	 4.95  
 374 L	 10.34  
 375 G	 37.19  
 376 D	 29.50  
 377 Q	 38.90  
 378 K	 60.27  
 379 L	 3.93  
 380 V	 5.32  
 381 E	 61.02  
 382 R	 23.55  
 383 L	 1.61  
 384 H	 15.55  
 385 M	 3.43  
 386 V	 2.60  
 387 L	 4.47  
 388 R	 14.44  
 389 P	 21.78  
 390 F	 8.96  
 391 L	 3.94  
 392 L	 3.37  
 393 R	 40.19  
 394 R	 34.43  
 395 I	 3.31  
 396 K	 36.40  
 397 A	 24.58  
 398 D	 44.07  
 399 V	 13.75  
 400 E	 37.16  
 401 K	 58.08  
 402 S	 32.38  
 403 L	 14.43  
 404 P	 45.84  
 405 P	 66.69  
 406 K	 60.67  
 407 K	 73.79  
 408 E	 55.99  
 409 V	 6.66  
 410 K	 29.43  
 411 I	 3.99  
 412 Y	 5.24  
 413 V	 7.67  
 414 G	 13.78  
 415 L	 2.95  
 416 S	 21.83  
 417 K	 44.06  
 418 M	 4.00  
 419 Q	 43.83  
 420 R	 32.68  
 421 E	 28.13  
 422 W	 11.28  
 423 Y	 4.96  
 424 T	 16.59  
 425 R	 12.35  
 426 I	 3.21  
 427 L	 2.92  
 428 M	 3.22  
 429 K	 48.35  
 430 D	 29.81  
 431 I	 2.71  
 432 D	 49.83  
 433 I	 3.92  
 434 L	 3.53  
 435 N	 30.10  
 436 S	 34.65  
 437 A	 22.13  
 438 G	 26.16  
 439 K	 43.58  
 440 M	 6.15  
 441 D	 45.12  
 442 K	 23.56  
 443 M	 2.96  
 444 R	 41.59  
 445 L	 3.72  
 446 L	 2.36  
 447 N	 29.91  
 448 I	 3.23  
 449 L	 1.42  
 450 M	 2.90  
 451 Q	 34.37  
 452 L	 3.35  
 453 R	 17.05  
 454 K	 52.29  
 455 C	 1.96  
 456 C	 6.17  
 457 N	 48.95  
 458 H	 9.85  
 459 P	 17.33  
 460 Y	 16.67  
 461 L	 3.58  
 462 F	 7.22  
 463 D	 53.44  
 464 G	 25.22  
 465 A	 22.96  
 466 E	 57.21  
 467 P	 61.12  
 468 G	 27.59  
 469 P	 29.46  
 470 P	 45.04  
 471 Y	 25.96  
 472 T	 23.30  
 473 T	 26.02  
 474 D	 18.07  
 475 M	 2.18  
 476 H	 21.69  
 477 L	 4.00  
 478 V	 2.64  
 479 T	 29.99  
 480 N	 41.09  
 481 S	 30.35  
 482 G	 24.93  
 483 K	 28.48  
 484 M	 2.62  
 485 V	 4.39  
 486 V	 5.24  
 487 L	 3.06  
 488 D	 28.13  
 489 K	 48.00  
 490 L	 11.19  
 491 L	 4.30  
 492 P	 50.82  
 493 K	 72.64  
 494 L	 7.53  
 495 K	 54.86  
 496 E	 71.28  
 497 Q	 54.28  
 498 G	 20.64  
 499 S	 20.93  
 500 R	 33.80  
 501 V	 5.28  
 502 L	 2.96  
 503 I	 2.60  
 504 F	 3.47  
 505 S	 16.43  
 506 Q	 26.90  
 507 M	 2.21  
 508 T	 15.25  
 509 R	 22.97  
 510 V	 4.07  
 511 L	 2.82  
 512 D	 40.34  
 513 I	 3.87  
 514 L	 4.01  
 515 E	 47.47  
 516 D	 38.19  
 517 Y	 3.78  
 518 C	 3.05  
 519 M	 2.83  
 520 W	 5.04  
 521 R	 14.68  
 522 N	 20.62  
 523 Y	 10.33  
 524 E	 41.53  
 525 Y	 3.43  
 526 C	 2.02  
 527 R	 34.61  
 528 L	 8.50  
 529 D	 28.01  
 530 G	 37.54  
 531 Q	 52.07  
 532 T	 28.28  
 533 P	 25.66  
 534 H	 53.61  
 535 D	 54.71  
 536 E	 49.56  
 537 R	 52.22  
 538 Q	 46.91  
 539 D	 58.67  
 540 S	 14.92  
 541 I	 4.62  
 542 N	 40.08  
 543 A	 13.58  
 544 Y	 18.64  
 545 N	 56.70  
 546 E	 32.93  
 547 P	 36.11  
 548 N	 57.01  
 549 S	 43.63  
 550 T	 34.83  
 551 K	 39.07  
 552 F	 5.33  
 553 V	 2.69  
 554 F	 4.60  
 555 M	 2.13  
 556 L	 3.00  
 557 S	 12.22  
 558 T	 22.15  
 559 R	 28.05  
 560 A	 19.25  
 561 G	 28.68  
 562 G	 21.53  
 563 L	 6.44  
 564 G	 15.26  
 565 I	 4.61  
 566 N	 23.09  
 567 L	 4.18  
 568 A	 9.03  
 569 T	 26.93  
 570 A	 11.29  
 571 D	 30.75  
 572 V	 2.40  
 573 V	 2.28  
 574 I	 2.72  
 575 L	 2.34  
 576 Y	 11.41  
 577 D	 36.35  
 578 S	 30.85  
 579 D	 46.39  
 580 W	 23.50  
 581 N	 23.32  
 582 P	 31.17  
 583 Q	 37.84  
 584 V	 9.28  
 585 D	 28.02  
 586 L	 3.53  
 587 Q	 30.12  
 588 A	 14.78  
 589 M	 2.01  
 590 D	 47.86  
 591 R	 21.14  
 592 A	 7.64  
 593 H	 23.84  
 594 R	 33.47  
 595 I	 3.26  
 596 G	 29.12  
 597 Q	 37.14  
 598 T	 24.38  
 599 K	 36.82  
 600 T	 19.55  
 601 V	 5.39  
 602 R	 27.39  
 603 V	 3.34  
 604 F	 3.55  
 605 R	 21.14  
 606 F	 4.85  
 607 I	 4.05  
 608 T	 22.08  
 609 D	 43.94  
 610 N	 37.06  
 611 T	 31.91  
 612 V	 10.11  
 613 E	 39.25  
 614 E	 43.29  
 615 R	 25.42  
 616 I	 4.22  
 617 V	 5.22  
 618 E	 43.75  
 619 R	 25.59  
 620 A	 14.02  
 621 E	 42.97  
 622 M	 4.90  
 623 K	 23.20  
 624 L	 6.75  
 625 R	 30.82  
 626 L	 9.80  
 627 D	 29.86  
 628 S	 24.28  
 629 I	 2.94  
 630 V	 3.61  
 631 I	 2.11  
 632 Q	 28.87  
 633 Q	 28.05  
 634 G	 14.44  
 635 R	 27.48  
 636 L	 6.78  
 637 V	 7.39  
 638 D	 35.92  
 639 Q	 49.16  
 640 N	 40.91  
 641 L	 6.00  
 642 N	 41.26  
 643 K	 56.87  
 644 I	 8.91  
 645 G	 32.73  
 646 K	 54.72  
 647 D	 41.13  
 648 E	 45.32  
 649 M	 4.52  
 650 L	 2.69  
 651 Q	 24.77  
 652 M	 2.27  
 653 I	 1.57  
 654 R	 19.49  
 655 H	 21.22  
 656 G	 23.48  
 657 A	 6.60  
 658 T	 24.14  
 659 H	 16.50  
 660 V	 3.58  
 661 F	 5.02  
 662 A	 20.71  
 663 S	 26.03  
 664 K	 62.93  
 665 E	 51.62  
 666 S	 37.73  
 667 E	 51.50  
 668 I	 9.06  
 669 T	 29.32  
 670 D	 58.18  
 671 E	 48.49  
 672 D	 47.27  
 673 I	 5.00  
 674 D	 50.86  
 675 G	 27.07  
 676 I	 2.99  
 677 L	 4.49  
 678 E	 47.34  
 679 R	 47.10  
 680 G	 32.16  
 681 A	 19.18  
 682 K	 54.18  
 683 K	 53.05  
 684 T	 27.43  
 685 A	 23.95  
 686 E	 48.01  
 687 M	 7.92  
 688 N	 34.45  
 689 E	 54.81  
 690 K	 53.72  
 691 L	 4.92  
 692 S	 31.50  
 693 K	 62.45  
 694 M	 6.91  
 695 G	 35.06  
 696 E	 33.39  
 697 S	 29.01  
 698 S	 27.35  
 699 L	 7.85  
 700 R	 37.86  
 701 N	 41.87  
 702 F	 4.91  
 703 T	 20.07  
 704 M	 5.41  
 705 D	 44.24  
 706 T	 27.26  
 707 E	 36.43  
 708 S	 27.48  
 709 S	 23.53  
 710 V	 6.70  
 711 Y	 18.97  
 712 N	 26.74  
 713 F	 7.55  
 714 E	 59.02  
 715 G	 29.01  
 716 E	 44.67  
 717 D	 59.66  
 718 Y	 19.17  
 719 R	 57.89  
 720 E	 54.32  
 721 K	 48.14  
 722 Q	 37.32  
 723 K	 47.25  
 724 I	 3.36  
 725 A	 16.61  
 726 F	 7.87  
 727 T	 22.76  
 728 E	 39.75  
 729 W	 9.37  
 730 I	 4.66  
 731 E	 57.53  
 732 P	 30.49  
 733 P	 35.23  
 734 K	 77.07  
 735 R	 55.51  
 736 E	 65.74  
 737 R	 47.63  
 738 K	 35.91  
 739 A	 22.08  
 740 N	 28.47  
 741 Y	 16.92  
 742 A	 7.79  
 743 V	 2.82  
 744 D	 27.64  
 745 A	 9.96  
 746 Y	 9.94  
 747 F	 6.45  
 748 R	 18.66  
 749 E	 42.00  
 750 A	 9.08  
 751 L	 4.81  
 752 R	 36.64  
 753 V	 8.70  
 754 S	 41.57  
 755 E	 48.22  
 756 P	 30.51  
 757 K	 73.58  
 758 A	 22.88  
 759 P	 39.19  
 760 K	 75.72  
 761 A	 12.32  
 762 P	 56.27  
 763 R	 66.08  
 764 P	 39.11  
 765 P	 49.55  
 766 K	 79.61  
 767 Q	 40.34  
 768 P	 49.43  
 769 N	 41.40  
 770 V	 8.01  
 771 Q	 53.06  
 772 D	 34.72  
 773 F	 3.69  
 774 Q	 47.57  
 775 F	 11.37  
 776 F	 5.91  
 777 P	 17.87  
 778 P	 40.21  
 779 R	 52.85  
 780 L	 4.89  
 781 F	 7.02  
 782 E	 57.97  
 783 L	 6.16  
 784 L	 7.51  
 785 E	 62.36  
 786 K	 50.45  
 787 E	 28.93  
 788 I	 4.43  
 789 L	 3.01  
 790 Y	 13.59  
 791 Y	 11.37  
 792 R	 18.98  
 793 K	 28.51  
 794 T	 15.61  
 795 I	 6.78  
 796 G	 22.80  
 797 Y	 12.64  
 798 K	 40.32  
 799 V	 3.42  
 800 P	 27.21  
 801 R	 64.90  
 802 S	 19.39  
 803 P	 48.73  
 804 D	 75.82  
 805 L	 3.91  
 806 P	 35.48  
 807 N	 56.03  
 808 A	 10.06  
 809 A	 16.33  
 810 Q	 41.75  
 811 A	 20.07  
 812 Q	 41.43  
 813 K	 67.26  
 814 E	 38.61  
 815 E	 69.15  
 816 Q	 49.50  
 817 L	 6.25  
 818 K	 48.05  
 819 I	 8.66  
 820 D	 47.68  
 821 E	 59.41  
 822 A	 21.69  
 823 E	 48.55  
 824 P	 43.44  
 825 L	 10.71  
 826 N	 66.42  
 827 D	 59.43  
 828 E	 64.51  
 829 E	 65.43  
 830 L	 10.95  
 831 E	 71.01  
 832 E	 78.22  
 833 K	 51.26  
 834 E	 52.82  
 835 K	 60.92  
 836 L	 7.02  
 837 L	 5.07  
 838 T	 36.76  
 839 Q	 45.00  
 840 G	 26.55  
 841 F	 3.25  
 842 T	 46.26  
 843 N	 37.75  
 844 W	 14.52  
 845 N	 31.39  
 846 K	 44.98  
 847 R	 51.01  
 848 D	 48.75  
 849 F	 10.07  
 850 N	 39.89  
 851 Q	 41.24  
 852 F	 6.93  
 853 I	 2.72  
 854 K	 46.58  
 855 A	 25.29  
 856 N	 46.51  
 857 E	 55.86  
 858 K	 55.55  
 859 W	 10.81  
 860 G	 33.92  
 861 R	 37.00  
 862 D	 58.25  
 863 D	 49.06  
 864 I	 5.24  
 865 E	 49.97  
 866 N	 33.29  
 867 I	 2.19  
 868 A	 17.11  
 869 R	 44.70  
 870 E	 35.58  
 871 V	 11.08  
 872 E	 50.66  
 873 G	 44.29  
 874 K	 47.61  
 875 T	 46.95  
 876 P	 38.96  
 877 E	 70.85  
 878 E	 50.42  
 879 V	 3.72  
 880 I	 4.68  
 881 E	 38.31  
 882 Y	 7.27  
 883 S	 12.74  
 884 A	 10.30  
 885 V	 4.75  
 886 F	 5.84  
 887 W	 5.87  
 888 E	 35.57  
 889 R	 21.11  
 890 C	 2.92  
 891 N	 60.27  
 892 E	 51.97  
 893 L	 3.27  
 894 Q	 43.38  
 895 D	 64.73  
 896 I	 3.61  
 897 E	 44.83  
 898 K	 37.81  
 899 I	 1.47  
 900 M	 3.13  
 901 A	 15.63  
 902 Q	 22.24  
 903 I	 2.57  
 904 E	 42.42  
 905 R	 50.29  
 906 G	 21.81  
 907 E	 40.78  
 908 A	 19.39  
 909 R	 22.67  
 910 I	 4.88  
 911 Q	 24.05  
 912 R	 35.21  
 913 R	 15.61  
 914 I	 5.63  
 915 S	 26.92  
 916 I	 5.02  
 917 K	 25.79  
 918 K	 53.14  
 919 A	 12.98  
 920 L	 13.59  
 921 D	 51.30  
 922 T	 25.97  
 923 K	 42.71  
 924 I	 4.05  
 925 G	 28.55  
 926 R	 33.00  
 927 Y	 13.29  
 928 K	 48.50  
 929 A	 11.76  
 930 P	 24.09  
 931 F	 7.38  
 932 H	 25.38  
 933 Q	 32.58  
 934 L	 3.84  
 935 R	 14.83  
 936 I	 5.17  
 937 S	 15.86  
 938 Y	 26.12  
 939 G	 18.93  
 940 T	 26.06  
 941 N	 46.87  
 942 K	 71.72  
 943 G	 26.05  
 944 K	 48.68  
 945 N	 58.59  
 946 Y	 21.00  
 947 T	 46.44  
 948 E	 49.37  
 949 E	 58.35  
 950 E	 48.53  
 951 D	 50.33  
 952 R	 31.39  
 953 F	 9.25  
 954 L	 2.83  
 955 I	 0.89  
 956 C	 2.30  
 957 M	 3.30  
 958 L	 2.53  
 959 H	 9.08  
 960 K	 46.47  
 961 L	 6.02  
 962 G	 33.25  
 963 F	 20.57  
 964 D	 56.41  
 965 K	 49.26  
 966 E	 54.49  
 967 N	 43.31  
 968 V	 7.17  
 969 Y	 18.45  
 970 D	 44.14  
 971 E	 28.32  
 972 L	 4.13  
 973 R	 27.55  
 974 Q	 39.35  
 975 C	 2.26  
 976 I	 3.37  
 977 R	 45.24  
 978 N	 37.82  
 979 S	 15.38  
 980 P	 40.66  
 981 Q	 41.80  
 982 F	 10.77  
 983 R	 24.30  
 984 F	 11.71  
 985 D	 30.84  
 986 W	 9.58  
 987 F	 7.10  
 988 L	 4.25  
 989 K	 28.55  
 990 S	 36.69  
 991 R	 25.56  
 992 T	 37.13  
 993 A	 6.58  
 994 M	 5.37  
 995 E	 39.01  
 996 L	 2.85  
 997 Q	 19.91  
 998 R	 58.71  
 999 R	 12.70  
 1000 C	 5.06  
 1001 N	 35.79  
 1002 T	 24.14  
 1003 L	 1.43  
 1004 I	 2.50  
 1005 T	 25.46  
 1006 L	 2.80  
 1007 I	 3.34  
 1008 E	 57.99  
 1009 R	 33.33  
 1010 E	 48.41  
 1011 N	 35.13  
 1012 M	 5.50  
 1013 E	 65.69  
 1014 L	 7.78  
 1015 E	 54.43  
 1016 E	 78.22  
 1017 K	 55.96  
 1018 E	 61.86  
 1019 K	 73.28  
 1020 A	 34.63  
 1021 E	 76.19  
 1022 K	 69.34  
 1023 K	 38.93  
 1024 K	 73.91  
 1025 R	 75.44  
 1026 G	 43.38  
 1027 P	 49.79  
 1028 K	 55.19  
 1029 P	 45.82  
 1030 S	 49.98  
 1031 T	 46.79  
 1032 Q	 48.14  
 1033 K	 54.82  
 1034 R	 29.70  
 1035 K	 48.67  
 1036 M	 7.16  
 1037 D	 53.81  
 1038 G	 35.19  
 1039 A	 8.51  
 1040 P	 50.55  
 1041 D	 59.91  
 1042 G	 32.65  
 1043 R	 49.47  
 1044 G	 51.82  
 1045 R	 46.38  
 1046 K	 58.02  
 1047 K	 63.08  
 1048 K	 54.62  
 1049 L	 10.56  
 1050 K	 62.12  
 1051 L	 14.21  
