 1 M	 8.43  
 2 S	 36.63  
 3 R	 41.95  
 4 E	 33.61  
 5 M	 3.91  
 6 Q	 42.71  
 7 D	 34.29  
 8 V	 3.51  
 9 D	 48.75  
 10 L	 4.38  
 11 A	 18.31  
 12 E	 59.37  
 13 V	 6.86  
 14 K	 24.92  
 15 P	 46.98  
 16 L	 6.87  
 17 V	 10.95  
 18 E	 64.13  
 19 K	 55.35  
 20 G	 24.63  
 21 E	 48.37  
 22 T	 32.29  
 23 I	 2.21  
 24 T	 29.24  
 25 G	 22.12  
 26 L	 3.14  
 27 L	 4.92  
 28 Q	 55.12  
 29 E	 43.73  
 30 F	 7.81  
 31 D	 40.20  
 32 V	 9.06  
 33 Q	 44.47  
 34 E	 50.50  
 35 Q	 39.63  
 36 D	 39.68  
 37 I	 4.32  
 38 E	 54.31  
 39 T	 25.12  
 40 L	 2.53  
 41 H	 33.62  
 42 G	 34.18  
 43 S	 9.78  
 44 V	 5.08  
 45 H	 14.45  
 46 V	 4.02  
 47 T	 11.06  
 48 L	 2.17  
 49 C	 4.10  
 50 G	 48.44  
 51 T	 22.34  
 52 P	 28.04  
 53 K	 69.52  
 54 G	 36.26  
 55 N	 51.73  
 56 R	 35.22  
 57 P	 22.85  
 58 V	 5.17  
 59 I	 2.36  
 60 L	 3.86  
 61 T	 14.00  
 62 Y	 8.27  
 63 H	 18.25  
 64 D	 28.82  
 65 I	 3.43  
 66 G	 19.52  
 67 M	 4.92  
 68 N	 28.43  
 69 H	 20.22  
 70 K	 34.97  
 71 T	 16.81  
 72 C	 3.54  
 73 Y	 25.66  
 74 N	 29.01  
 75 P	 16.32  
 76 L	 3.75  
 77 F	 10.90  
 78 N	 47.14  
 79 Y	 13.13  
 80 E	 48.38  
 81 D	 33.43  
 82 M	 2.29  
 83 Q	 51.79  
 84 E	 41.17  
 85 I	 2.24  
 86 T	 18.42  
 87 Q	 35.05  
 88 H	 12.18  
 89 F	 3.81  
 90 A	 10.82  
 91 V	 1.96  
 92 C	 2.02  
 93 H	 17.56  
 94 V	 5.93  
 95 D	 24.31  
 96 A	 14.72  
 97 P	 36.34  
 98 G	 39.23  
 99 Q	 36.81  
 100 Q	 57.95  
 101 D	 40.59  
 102 G	 20.78  
 103 A	 14.28  
 104 A	 19.75  
 105 S	 31.09  
 106 F	 4.05  
 107 P	 23.45  
 108 A	 21.53  
 109 G	 14.15  
 110 Y	 8.79  
 111 M	 3.77  
 112 Y	 5.44  
 113 P	 13.47  
 114 S	 19.94  
 115 M	 3.08  
 116 D	 44.68  
 117 Q	 33.65  
 118 L	 3.67  
 119 A	 8.43  
 120 E	 50.25  
 121 M	 4.56  
 122 L	 2.22  
 123 P	 29.54  
 124 G	 28.89  
 125 V	 4.05  
 126 L	 4.03  
 127 Q	 33.86  
 128 Q	 30.16  
 129 F	 8.80  
 130 G	 28.05  
 131 L	 4.09  
 132 K	 39.73  
 133 S	 25.20  
 134 I	 2.78  
 135 I	 3.92  
 136 G	 13.54  
 137 M	 2.82  
 138 G	 18.78  
 139 T	 18.24  
 140 G	 19.11  
 141 A	 10.16  
 142 G	 21.91  
 143 A	 6.40  
 144 Y	 8.78  
 145 I	 2.91  
 146 L	 1.51  
 147 T	 17.74  
 148 R	 16.05  
 149 F	 8.37  
 150 A	 13.19  
 151 L	 6.14  
 152 N	 59.59  
 153 N	 34.46  
 154 P	 29.95  
 155 E	 58.97  
 156 M	 3.33  
 157 V	 5.14  
 158 E	 45.56  
 159 G	 15.07  
 160 L	 1.47  
 161 V	 8.09  
 162 L	 2.57  
 163 I	 4.16  
 164 N	 24.29  
 165 V	 7.20  
 166 N	 22.80  
 167 P	 17.89  
 168 C	 4.55  
 169 A	 21.42  
 170 E	 61.17  
 171 G	 13.39  
 172 W	 3.51  
 173 M	 4.54  
 174 D	 25.92  
 175 W	 4.24  
 176 A	 9.52  
 177 A	 13.70  
 178 S	 23.83  
 179 K	 35.84  
 180 I	 4.22  
 181 S	 31.82  
 182 G	 34.62  
 183 W	 4.41  
 184 T	 13.90  
 185 Q	 34.10  
 186 A	 17.43  
 187 L	 2.38  
 188 P	 30.57  
 189 D	 43.27  
 190 M	 2.79  
 191 V	 5.35  
 192 V	 2.10  
 193 S	 11.76  
 194 H	 17.36  
 195 L	 4.76  
 196 F	 12.59  
 197 G	 42.71  
 198 K	 43.07  
 199 E	 60.11  
 200 E	 46.11  
 201 M	 5.77  
 202 Q	 34.82  
 203 S	 41.34  
 204 N	 19.65  
 205 V	 7.76  
 206 E	 42.97  
 207 V	 3.13  
 208 V	 1.44  
 209 H	 23.51  
 210 T	 14.59  
 211 Y	 8.06  
 212 R	 23.82  
 213 Q	 21.90  
 214 H	 19.57  
 215 I	 2.04  
 216 V	 4.69  
 217 N	 42.06  
 218 D	 27.60  
 219 M	 5.71  
 220 N	 44.16  
 221 P	 26.81  
 222 G	 44.31  
 223 N	 26.08  
 224 L	 4.62  
 225 H	 23.77  
 226 L	 5.34  
 227 F	 2.56  
 228 I	 3.47  
 229 N	 29.10  
 230 A	 10.48  
 231 Y	 14.80  
 232 N	 26.99  
 233 S	 18.93  
 234 R	 32.28  
 235 R	 53.32  
 236 D	 47.76  
 237 L	 7.29  
 238 E	 47.28  
 239 I	 7.66  
 240 E	 41.16  
 241 R	 38.18  
 242 P	 22.11  
 243 M	 6.31  
 244 P	 47.41  
 245 G	 24.71  
 246 T	 14.43  
 247 H	 25.02  
 248 T	 18.28  
 249 V	 3.79  
 250 T	 16.56  
 251 L	 4.25  
 252 Q	 23.06  
 253 C	 2.09  
 254 P	 17.00  
 255 A	 22.58  
 256 L	 1.94  
 257 L	 2.97  
 258 V	 4.74  
 259 V	 7.71  
 260 G	 22.92  
 261 D	 34.04  
 262 S	 32.09  
 263 S	 22.94  
 264 P	 40.01  
 265 A	 17.48  
 266 V	 5.72  
 267 D	 35.43  
 268 A	 10.72  
 269 V	 3.01  
 270 V	 8.12  
 271 E	 22.76  
 272 C	 4.75  
 273 N	 28.77  
 274 S	 46.37  
 275 K	 42.81  
 276 L	 10.80  
 277 D	 53.19  
 278 P	 46.35  
 279 T	 40.46  
 280 K	 44.92  
 281 T	 25.75  
 282 T	 31.48  
 283 L	 5.39  
 284 L	 3.15  
 285 K	 34.84  
 286 M	 3.71  
 287 A	 13.83  
 288 D	 28.26  
 289 C	 3.19  
 290 G	 41.02  
 291 G	 40.28  
 292 L	 1.39  
 293 P	 32.50  
 294 Q	 53.67  
 295 I	 3.79  
 296 S	 25.51  
 297 Q	 43.53  
 298 P	 25.27  
 299 A	 16.32  
 300 K	 55.71  
 301 L	 5.90  
 302 A	 12.83  
 303 E	 66.14  
 304 A	 10.71  
 305 F	 5.05  
 306 K	 44.84  
 307 Y	 11.52  
 308 F	 3.22  
 309 V	 4.34  
 310 Q	 26.68  
 311 G	 13.23  
 312 M	 1.62  
 313 G	 23.55  
 314 Y	 9.28  
 315 M	 1.43  
 316 P	 20.47  
 317 S	 19.22  
 318 A	 9.46  
 319 S	 25.64  
 320 M	 2.24  
 321 T	 20.39  
 322 R	 20.18  
 323 L	 2.16  
 324 M	 3.09  
 325 R	 27.81  
 326 S	 21.73  
 327 R	 24.77  
 328 T	 26.82  
 329 A	 15.70  
 330 S	 38.30  
 331 G	 22.83  
 332 S	 21.09  
 333 S	 32.70  
 334 V	 4.51  
 335 T	 26.06  
 336 S	 23.47  
 337 L	 5.27  
 338 D	 57.07  
 339 G	 28.46  
 340 T	 25.74  
 341 R	 35.29  
 342 S	 37.66  
 343 R	 29.21  
 344 S	 32.15  
 345 H	 32.10  
 346 T	 29.71  
 347 S	 28.71  
 348 E	 66.78  
 349 G	 26.62  
 350 T	 22.78  
 351 R	 40.71  
 352 S	 37.66  
 353 R	 29.21  
 354 S	 32.15  
 355 H	 32.10  
 356 T	 29.71  
 357 S	 28.71  
 358 E	 66.78  
 359 G	 26.62  
 360 T	 22.78  
 361 R	 40.71  
 362 S	 37.66  
 363 R	 29.21  
 364 S	 32.15  
 365 H	 32.10  
 366 T	 29.71  
 367 S	 28.71  
 368 E	 62.65  
 369 G	 20.33  
 370 A	 8.94  
 371 H	 34.59  
 372 L	 5.16  
 373 D	 32.61  
 374 I	 9.68  
 375 T	 18.98  
 376 P	 33.07  
 377 N	 44.41  
 378 S	 30.89  
 379 G	 26.53  
 380 A	 16.41  
 381 A	 22.64  
 382 G	 28.26  
 383 N	 24.78  
 384 S	 33.41  
 385 A	 42.16  
 386 G	 29.95  
 387 P	 25.84  
 388 K	 62.61  
 389 S	 24.25  
 390 M	 8.02  
 391 E	 38.07  
 392 V	 5.47  
 393 S	 10.78  
 394 C	 8.58  
