 1 M	 11.42  
 2 E	 62.93  
 3 D	 41.00  
 4 F	 2.96  
 5 A	 22.71  
 6 R	 34.96  
 7 G	 23.28  
 8 A	 10.14  
 9 A	 21.05  
 10 S	 29.83  
 11 P	 54.72  
 12 G	 30.25  
 13 P	 30.46  
 14 S	 57.95  
 15 R	 32.22  
 16 P	 44.82  
 17 G	 37.89  
 18 L	 4.33  
 19 V	 5.65  
 20 P	 21.12  
 21 V	 5.10  
 22 S	 11.47  
 23 I	 3.24  
 24 I	 3.13  
 25 G	 22.65  
 26 A	 15.62  
 27 E	 57.64  
 28 D	 61.30  
 29 E	 56.98  
 30 D	 69.36  
 31 F	 11.62  
 32 E	 63.22  
 33 N	 60.18  
 34 E	 40.56  
 35 L	 17.32  
 36 E	 39.50  
 37 T	 57.58  
 38 N	 37.74  
 39 S	 50.35  
 40 E	 66.72  
 41 E	 55.68  
 42 Q	 51.31  
 43 N	 40.85  
 44 S	 31.87  
 45 Q	 48.20  
 46 F	 5.52  
 47 Q	 39.20  
 48 S	 34.85  
 49 L	 3.57  
 50 E	 59.58  
 51 Q	 51.86  
 52 V	 3.67  
 53 K	 42.24  
 54 R	 51.46  
 55 R	 27.34  
 56 P	 28.23  
 57 A	 13.46  
 58 H	 20.86  
 59 L	 2.03  
 60 M	 1.45  
 61 A	 16.10  
 62 L	 2.70  
 63 L	 2.10  
 64 Q	 29.83  
 65 H	 13.54  
 66 V	 3.52  
 67 A	 8.10  
 68 L	 6.11  
 69 Q	 30.80  
 70 F	 14.74  
 71 E	 36.07  
 72 P	 51.49  
 73 G	 20.49  
 74 P	 32.64  
 75 L	 7.67  
 76 L	 1.87  
 77 C	 2.82  
 78 C	 2.92  
 79 L	 3.49  
 80 H	 13.03  
 81 A	 7.31  
 82 D	 23.30  
 83 M	 4.78  
 84 L	 4.30  
 85 G	 17.75  
 86 S	 26.62  
 87 L	 14.98  
 88 G	 32.69  
 89 P	 36.29  
 90 K	 69.38  
 91 E	 69.70  
 92 A	 25.44  
 93 K	 45.81  
 94 K	 51.96  
 95 A	 14.99  
 96 F	 10.38  
 97 L	 5.49  
 98 D	 35.29  
 99 F	 6.86  
 100 Y	 9.02  
 101 H	 16.44  
 102 S	 21.83  
 103 F	 6.95  
 104 L	 8.06  
 105 E	 46.48  
 106 K	 43.88  
 107 T	 16.78  
 108 A	 14.93  
 109 V	 4.20  
 110 L	 4.19  
 111 R	 24.89  
 112 V	 4.98  
 113 P	 26.85  
 114 V	 12.92  
 115 P	 14.53  
 116 P	 48.43  
 117 N	 31.51  
 118 V	 8.77  
 119 A	 9.99  
 120 F	 9.25  
 121 E	 39.77  
 122 L	 4.33  
 123 D	 42.58  
 124 R	 38.44  
 125 T	 29.85  
 126 R	 27.31  
 127 A	 18.49  
 128 D	 41.04  
 129 L	 4.53  
 130 I	 4.33  
 131 S	 34.73  
 132 E	 56.03  
 133 D	 34.75  
 134 V	 4.13  
 135 Q	 43.06  
 136 R	 33.58  
 137 R	 20.99  
 138 F	 7.88  
 139 V	 4.50  
 140 Q	 34.75  
 141 E	 39.08  
 142 V	 2.38  
 143 V	 4.45  
 144 Q	 40.47  
 145 S	 15.80  
 146 Q	 25.36  
 147 Q	 30.31  
 148 V	 3.46  
 149 A	 8.16  
 150 V	 7.35  
 151 G	 11.24  
 152 R	 31.17  
 153 Q	 43.19  
 154 L	 7.03  
 155 E	 46.92  
 156 D	 53.50  
 157 F	 7.49  
 158 R	 54.30  
 159 S	 23.32  
 160 K	 45.34  
 161 R	 31.02  
 162 L	 3.90  
 163 M	 3.91  
 164 G	 22.77  
 165 M	 2.24  
 166 T	 21.37  
 167 P	 24.58  
 168 W	 15.67  
 169 E	 35.07  
 170 Q	 47.32  
 171 E	 34.26  
 172 L	 3.53  
 173 A	 15.91  
 174 Q	 53.08  
 175 L	 3.95  
 176 E	 28.53  
 177 A	 18.17  
 178 W	 5.45  
 179 V	 6.09  
 180 G	 18.31  
 181 R	 22.18  
 182 D	 44.56  
 183 R	 24.87  
 184 A	 22.28  
 185 S	 25.13  
 186 Y	 16.78  
 187 E	 38.46  
 188 A	 15.48  
 189 R	 29.55  
 190 E	 54.94  
 191 R	 24.83  
 192 H	 20.56  
 193 V	 8.08  
 194 A	 7.06  
 195 E	 42.65  
 196 R	 24.31  
 197 L	 3.61  
 198 L	 2.26  
 199 M	 3.92  
 200 H	 30.02  
 201 L	 3.57  
 202 E	 36.42  
 203 E	 50.97  
 204 M	 2.30  
 205 Q	 33.57  
 206 H	 24.69  
 207 T	 10.34  
 208 I	 3.81  
 209 S	 30.84  
 210 T	 43.51  
 211 D	 56.09  
 212 E	 68.37  
 213 E	 55.94  
 214 K	 43.26  
 215 S	 25.41  
 216 A	 18.49  
 217 A	 16.94  
 218 V	 3.22  
 219 V	 3.25  
 220 N	 21.17  
 221 A	 5.89  
 222 I	 3.09  
 223 G	 14.35  
 224 L	 2.19  
 225 Y	 6.21  
 226 M	 2.34  
 227 R	 14.34  
 228 H	 15.48  
 229 L	 4.84  
 230 G	 10.75  
 231 V	 9.88  
 232 R	 34.34  
 233 T	 27.44  
 234 K	 41.71  
 235 S	 52.16  
 236 G	 52.92  
 237 D	 63.40  
 238 K	 52.98  
 239 K	 63.98  
 240 S	 49.04  
 241 G	 37.11  
 242 R	 43.82  
 243 N	 43.89  
 244 F	 6.37  
 245 F	 14.81  
 246 R	 33.47  
 247 K	 44.56  
 248 K	 32.95  
 249 V	 7.14  
 250 M	 5.59  
 251 G	 27.72  
 252 N	 20.35  
 253 R	 33.48  
 254 R	 53.08  
 255 S	 42.99  
 256 D	 65.18  
 257 E	 48.69  
 258 P	 44.01  
 259 A	 30.06  
 260 K	 72.15  
 261 T	 39.84  
 262 K	 44.10  
 263 K	 71.02  
 264 G	 32.14  
 265 L	 5.08  
 266 S	 24.81  
 267 S	 32.01  
 268 I	 3.47  
 269 L	 3.86  
 270 D	 36.19  
 271 A	 8.76  
 272 A	 19.38  
 273 R	 32.68  
 274 W	 8.31  
 275 N	 36.20  
 276 R	 43.84  
 277 G	 47.96  
 278 E	 29.35  
 279 P	 43.20  
 280 Q	 55.89  
 281 V	 7.80  
 282 P	 29.76  
 283 D	 55.12  
 284 F	 4.31  
 285 R	 41.42  
 286 H	 31.51  
 287 L	 4.98  
 288 K	 36.05  
 289 A	 28.53  
 290 E	 39.07  
 291 V	 11.46  
 292 D	 40.28  
 293 A	 31.71  
 294 E	 56.15  
 295 K	 50.93  
 296 P	 29.20  
 297 G	 52.77  
 298 A	 18.17  
 299 T	 42.10  
 300 D	 50.16  
 301 R	 34.85  
 302 K	 63.93  
 303 G	 36.59  
 304 G	 18.81  
 305 V	 8.94  
 306 G	 26.09  
 307 M	 2.24  
 308 P	 21.93  
 309 S	 37.61  
 310 R	 40.83  
 311 D	 52.93  
 312 R	 35.24  
 313 N	 41.14  
 314 I	 5.32  
 315 G	 29.30  
 316 A	 10.97  
 317 P	 35.45  
 318 G	 37.15  
 319 Q	 50.80  
 320 D	 61.86  
 321 T	 17.66  
 322 P	 49.86  
 323 G	 24.60  
 324 V	 6.07  
 325 S	 27.20  
 326 L	 4.48  
 327 H	 17.47  
 328 P	 29.01  
 329 L	 5.74  
 330 S	 34.28  
 331 L	 11.29  
 332 D	 55.54  
 333 S	 33.71  
 334 P	 44.33  
 335 D	 72.09  
 336 R	 56.23  
 337 E	 56.30  
 338 P	 44.13  
 339 G	 31.19  
 340 A	 22.10  
 341 D	 55.42  
 342 A	 15.28  
 343 P	 27.24  
 344 L	 10.20  
 345 E	 50.04  
 346 L	 14.05  
 347 G	 24.31  
 348 D	 59.57  
 349 S	 41.96  
 350 S	 26.44  
 351 P	 47.28  
 352 Q	 71.25  
 353 G	 24.22  
 354 P	 12.16  
 355 M	 10.25  
 356 S	 31.92  
 357 L	 4.16  
 358 E	 36.08  
 359 S	 34.81  
 360 L	 6.39  
 361 A	 27.21  
 362 P	 38.18  
 363 P	 42.43  
 364 E	 66.27  
 365 S	 47.10  
 366 T	 36.09  
 367 D	 62.71  
 368 E	 61.46  
 369 G	 31.36  
 370 A	 20.63  
 371 E	 65.06  
 372 T	 41.03  
 373 E	 56.66  
 374 S	 41.82  
 375 P	 45.64  
 376 E	 71.80  
 377 P	 59.94  
 378 G	 43.89  
 379 D	 72.02  
 380 E	 71.95  
 381 G	 51.65  
 382 E	 42.40  
 383 P	 55.12  
 384 G	 31.89  
 385 R	 37.96  
 386 S	 54.36  
 387 G	 23.08  
 388 L	 7.77  
 389 E	 55.39  
 390 L	 18.72  
 391 E	 41.09  
 392 P	 64.97  
 393 E	 73.99  
 394 E	 68.46  
 395 P	 30.92  
 396 P	 59.25  
 397 G	 46.95  
 398 W	 9.06  
 399 R	 33.03  
 400 E	 47.84  
 401 L	 5.42  
 402 V	 5.76  
 403 P	 33.40  
 404 P	 39.47  
 405 D	 56.69  
 406 T	 31.95  
 407 L	 3.17  
 408 H	 29.40  
 409 S	 49.86  
 410 L	 4.27  
 411 P	 36.95  
 412 K	 59.83  
 413 S	 37.96  
 414 Q	 51.37  
 415 V	 7.72  
 416 K	 40.50  
 417 R	 38.75  
 418 Q	 43.52  
 419 E	 45.94  
 420 V	 4.40  
 421 I	 2.32  
 422 S	 27.63  
 423 E	 34.69  
 424 L	 3.58  
 425 L	 3.83  
 426 V	 7.70  
 427 T	 21.63  
 428 E	 36.06  
 429 A	 8.10  
 430 A	 8.76  
 431 H	 18.11  
 432 V	 3.10  
 433 R	 14.46  
 434 M	 2.45  
 435 L	 2.10  
 436 R	 21.43  
 437 V	 4.98  
 438 L	 1.79  
 439 H	 27.20  
 440 D	 40.80  
 441 L	 3.01  
 442 F	 7.14  
 443 F	 11.79  
 444 Q	 21.37  
 445 P	 20.85  
 446 M	 3.22  
 447 A	 15.84  
 448 E	 26.04  
 449 C	 2.66  
 450 L	 3.59  
 451 F	 10.03  
 452 F	 4.33  
 453 P	 31.37  
 454 L	 7.25  
 455 E	 57.82  
 456 E	 64.44  
 457 L	 3.27  
 458 Q	 44.23  
 459 N	 50.96  
 460 I	 3.28  
 461 F	 4.39  
 462 P	 30.13  
 463 S	 37.39  
 464 L	 6.37  
 465 D	 53.66  
 466 E	 57.87  
 467 L	 3.95  
 468 I	 4.97  
 469 E	 46.96  
 470 V	 2.70  
 471 H	 13.14  
 472 S	 26.45  
 473 L	 2.74  
 474 F	 8.16  
 475 L	 4.55  
 476 D	 34.04  
 477 R	 38.54  
 478 L	 4.78  
 479 M	 3.10  
 480 K	 49.36  
 481 R	 31.39  
 482 R	 38.82  
 483 Q	 53.92  
 484 E	 44.30  
 485 S	 25.13  
 486 G	 22.10  
 487 Y	 17.49  
 488 L	 4.54  
 489 I	 3.17  
 490 E	 40.75  
 491 E	 45.32  
 492 I	 3.56  
 493 G	 23.43  
 494 D	 33.29  
 495 V	 3.88  
 496 L	 3.54  
 497 L	 3.02  
 498 A	 13.11  
 499 R	 30.11  
 500 F	 9.39  
 501 D	 50.25  
 502 G	 23.86  
 503 A	 21.59  
 504 E	 60.33  
 505 G	 29.64  
 506 S	 19.07  
 507 W	 15.56  
 508 F	 5.93  
 509 Q	 35.60  
 510 K	 34.77  
 511 I	 2.92  
 512 S	 23.61  
 513 S	 32.61  
 514 R	 29.78  
 515 F	 4.85  
 516 C	 2.97  
 517 S	 30.55  
 518 R	 37.03  
 519 Q	 26.97  
 520 S	 16.04  
 521 F	 7.33  
 522 A	 18.55  
 523 L	 3.98  
 524 E	 50.90  
 525 Q	 49.46  
 526 L	 4.20  
 527 K	 53.91  
 528 A	 23.08  
 529 K	 49.39  
 530 Q	 63.62  
 531 R	 44.64  
 532 K	 70.37  
 533 D	 41.62  
 534 P	 33.99  
 535 R	 49.78  
 536 F	 4.25  
 537 C	 2.79  
 538 A	 12.63  
 539 F	 6.49  
 540 V	 2.40  
 541 Q	 37.42  
 542 E	 49.45  
 543 A	 11.72  
 544 E	 46.67  
 545 S	 55.41  
 546 R	 17.75  
 547 P	 49.34  
 548 R	 26.01  
 549 C	 3.08  
 550 R	 43.56  
 551 R	 30.34  
 552 L	 3.46  
 553 Q	 44.66  
 554 L	 6.34  
 555 K	 32.08  
 556 D	 49.16  
 557 M	 3.65  
 558 I	 5.68  
 559 P	 18.70  
 560 T	 32.91  
 561 E	 28.15  
 562 M	 2.86  
 563 Q	 30.88  
 564 R	 42.91  
 565 L	 2.45  
 566 T	 30.62  
 567 K	 49.84  
 568 Y	 8.22  
 569 P	 20.35  
 570 L	 7.27  
 571 L	 3.36  
 572 L	 5.03  
 573 Q	 32.73  
 574 S	 28.76  
 575 I	 4.19  
 576 G	 21.67  
 577 Q	 52.59  
 578 N	 44.22  
 579 T	 33.56  
 580 E	 70.32  
 581 E	 56.32  
 582 P	 33.07  
 583 T	 51.45  
 584 E	 70.34  
 585 R	 52.06  
 586 E	 56.04  
 587 K	 47.43  
 588 V	 6.63  
 589 E	 43.70  
 590 L	 6.48  
 591 A	 6.42  
 592 A	 24.00  
 593 E	 28.66  
 594 C	 1.96  
 595 C	 3.09  
 596 R	 45.72  
 597 E	 35.67  
 598 I	 1.99  
 599 L	 1.64  
 600 H	 28.63  
 601 H	 19.44  
 602 V	 3.85  
 603 N	 21.53  
 604 Q	 39.90  
 605 A	 7.97  
 606 V	 3.72  
 607 R	 40.34  
 608 D	 37.92  
 609 M	 2.79  
 610 E	 50.20  
 611 D	 44.35  
 612 L	 1.59  
 613 L	 10.49  
 614 R	 47.17  
 615 L	 5.09  
 616 K	 48.21  
 617 D	 49.76  
 618 Y	 11.44  
 619 Q	 33.86  
 620 R	 34.59  
 621 R	 19.61  
 622 L	 9.41  
 623 D	 44.29  
 624 L	 4.04  
 625 S	 21.83  
 626 H	 32.12  
 627 L	 4.85  
 628 R	 28.98  
 629 Q	 54.36  
 630 S	 30.21  
 631 S	 37.08  
 632 D	 37.56  
 633 P	 27.80  
 634 M	 8.47  
 635 L	 5.59  
 636 S	 34.43  
 637 E	 57.59  
 638 F	 5.97  
 639 K	 53.18  
 640 N	 48.55  
 641 L	 5.33  
 642 D	 56.77  
 643 I	 7.39  
 644 T	 36.16  
 645 K	 48.52  
 646 K	 42.56  
 647 K	 58.24  
 648 L	 6.98  
 649 V	 5.47  
 650 H	 44.74  
 651 E	 55.84  
 652 G	 13.98  
 653 P	 24.51  
 654 L	 12.03  
 655 T	 17.85  
 656 W	 10.63  
 657 R	 22.46  
 658 V	 6.18  
 659 T	 25.59  
 660 K	 55.14  
 661 D	 34.48  
 662 K	 56.75  
 663 A	 16.91  
 664 V	 10.99  
 665 E	 31.59  
 666 V	 2.80  
 667 H	 7.33  
 668 V	 4.94  
 669 L	 2.07  
 670 L	 4.85  
 671 L	 4.15  
 672 D	 44.47  
 673 D	 38.90  
 674 L	 3.47  
 675 L	 3.99  
 676 L	 6.12  
 677 L	 3.75  
 678 L	 3.88  
 679 Q	 40.74  
 680 R	 45.98  
 681 Q	 43.91  
 682 D	 45.21  
 683 E	 36.57  
 684 R	 38.64  
 685 L	 6.55  
 686 L	 7.68  
 687 L	 6.73  
 688 K	 46.20  
 689 S	 27.02  
 690 H	 21.51  
 691 S	 33.77  
 692 R	 28.47  
 693 T	 37.69  
 694 L	 5.40  
 695 T	 25.22  
 696 P	 45.08  
 697 T	 28.86  
 698 P	 49.95  
 699 D	 73.94  
 700 G	 28.65  
 701 K	 37.83  
 702 T	 27.28  
 703 M	 3.22  
 704 L	 7.29  
 705 R	 14.41  
 706 P	 26.07  
 707 V	 3.82  
 708 L	 4.04  
 709 R	 35.83  
 710 L	 3.77  
 711 T	 14.17  
 712 S	 22.19  
 713 A	 9.72  
 714 M	 3.48  
 715 T	 24.32  
 716 R	 24.25  
 717 E	 27.60  
 718 V	 6.65  
 719 A	 11.53  
 720 T	 43.76  
 721 D	 31.39  
 722 H	 20.99  
 723 K	 42.89  
 724 A	 9.51  
 725 F	 5.30  
 726 Y	 10.91  
 727 V	 2.60  
 728 L	 1.84  
 729 F	 4.66  
 730 T	 24.78  
 731 W	 9.65  
 732 D	 33.13  
 733 Q	 39.21  
 734 E	 39.82  
 735 A	 8.74  
 736 Q	 37.74  
 737 I	 3.58  
 738 Y	 7.36  
 739 E	 38.10  
 740 L	 1.86  
 741 V	 2.18  
 742 A	 16.38  
 743 Q	 34.65  
 744 T	 19.09  
 745 V	 3.58  
 746 S	 34.76  
 747 E	 64.44  
 748 R	 30.05  
 749 K	 51.23  
 750 N	 45.33  
 751 W	 3.33  
 752 C	 2.85  
 753 A	 8.13  
 754 L	 4.51  
 755 I	 1.41  
 756 T	 28.29  
 757 E	 29.66  
 758 T	 27.89  
 759 A	 10.19  
 760 G	 40.71  
 761 S	 23.66  
 762 L	 6.75  
 763 K	 48.12  
 764 V	 6.23  
 765 P	 30.82  
 766 A	 18.45  
 767 P	 25.38  
 768 A	 21.93  
 769 S	 48.32  
 770 R	 45.42  
 771 P	 48.81  
 772 K	 53.18  
 773 P	 56.98  
 774 R	 50.91  
 775 P	 60.15  
 776 S	 38.40  
 777 P	 34.67  
 778 S	 48.99  
 779 S	 34.56  
 780 T	 43.31  
 781 R	 45.54  
 782 E	 40.15  
 783 P	 35.00  
 784 L	 6.58  
 785 L	 7.35  
 786 S	 39.23  
 787 S	 41.46  
 788 S	 31.53  
 789 E	 71.72  
 790 N	 51.70  
 791 G	 30.06  
 792 N	 62.42  
 793 G	 37.62  
 794 G	 28.40  
 795 R	 45.47  
 796 E	 57.84  
 797 T	 38.35  
 798 S	 17.21  
 799 P	 41.39  
 800 A	 23.90  
 801 D	 39.71  
 802 A	 23.54  
 803 R	 37.35  
 804 T	 31.19  
 805 E	 31.97  
 806 R	 34.24  
 807 I	 3.34  
 808 L	 4.00  
 809 S	 24.68  
 810 D	 49.10  
 811 L	 6.18  
 812 L	 3.52  
 813 P	 33.32  
 814 F	 5.79  
 815 C	 4.91  
 816 R	 39.32  
 817 P	 64.96  
 818 G	 17.34  
 819 P	 45.27  
 820 E	 66.54  
 821 G	 30.82  
 822 Q	 26.68  
 823 L	 5.28  
 824 A	 8.55  
 825 A	 11.29  
 826 T	 22.18  
 827 A	 10.72  
 828 L	 4.77  
 829 R	 25.27  
 830 K	 48.67  
 831 V	 3.38  
 832 L	 5.79  
 833 S	 36.19  
 834 L	 3.42  
 835 K	 35.21  
 836 Q	 49.01  
 837 L	 5.21  
 838 L	 4.47  
 839 F	 7.97  
 840 P	 38.44  
 841 A	 26.02  
 842 E	 67.15  
 843 E	 59.90  
 844 D	 50.82  
 845 N	 45.56  
 846 G	 44.20  
 847 A	 33.31  
 848 G	 33.86  
 849 P	 21.88  
 850 P	 46.18  
 851 R	 64.77  
 852 D	 66.37  
 853 G	 34.55  
 854 D	 60.24  
 855 G	 32.80  
 856 V	 4.78  
 857 P	 41.04  
 858 G	 51.81  
 859 G	 28.60  
 860 G	 26.37  
 861 P	 32.70  
 862 L	 12.39  
 863 S	 21.46  
 864 P	 33.18  
 865 A	 24.63  
 866 R	 40.08  
 867 T	 32.43  
 868 Q	 40.00  
 869 E	 46.13  
 870 I	 4.47  
 871 Q	 32.54  
 872 E	 56.35  
 873 N	 29.88  
 874 L	 3.19  
 875 L	 9.17  
 876 S	 36.58  
 877 L	 7.51  
 878 E	 48.31  
 879 E	 60.54  
 880 T	 21.94  
 881 M	 2.70  
 882 K	 60.18  
 883 Q	 43.19  
 884 L	 4.63  
 885 E	 59.03  
 886 E	 70.81  
 887 L	 7.98  
 888 E	 59.78  
 889 E	 69.83  
 890 E	 40.44  
 891 F	 3.12  
 892 C	 4.54  
 893 R	 38.77  
 894 L	 7.51  
 895 R	 10.64  
 896 P	 42.09  
 897 L	 6.09  
 898 L	 3.21  
 899 S	 30.92  
 900 Q	 44.06  
 901 L	 9.48  
 902 G	 26.12  
 903 G	 31.65  
 904 N	 37.73  
 905 S	 38.15  
 906 V	 6.23  
 907 P	 34.17  
 908 Q	 44.88  
 909 P	 33.48  
 910 G	 23.58  
 911 C	 5.33  
 912 T	 47.78  
