 1 M	 8.77  
 2 D	 49.50  
 3 V	 5.20  
 4 V	 8.45  
 5 D	 34.70  
 6 P	 25.61  
 7 D	 54.36  
 8 I	 3.92  
 9 F	 8.82  
 10 N	 48.02  
 11 R	 44.56  
 12 D	 43.63  
 13 P	 40.12  
 14 R	 47.85  
 15 D	 50.52  
 16 H	 21.20  
 17 Y	 16.75  
 18 D	 37.17  
 19 L	 3.28  
 20 L	 2.26  
 21 Q	 45.94  
 22 R	 34.96  
 23 L	 4.88  
 24 G	 34.37  
 25 G	 29.84  
 26 G	 17.61  
 27 T	 31.46  
 28 Y	 17.98  
 29 G	 25.16  
 30 E	 34.07  
 31 V	 5.32  
 32 F	 4.45  
 33 K	 47.92  
 34 A	 17.28  
 35 R	 44.89  
 36 D	 61.64  
 37 K	 32.52  
 38 V	 10.16  
 39 S	 32.12  
 40 G	 34.95  
 41 D	 30.39  
 42 L	 2.50  
 43 V	 7.54  
 44 A	 14.57  
 45 L	 2.61  
 46 K	 31.73  
 47 M	 3.49  
 48 V	 5.23  
 49 K	 33.76  
 50 M	 6.51  
 51 E	 39.60  
 52 P	 47.00  
 53 D	 51.97  
 54 D	 69.77  
 55 D	 43.58  
 56 V	 6.40  
 57 S	 30.32  
 58 T	 32.81  
 59 L	 5.51  
 60 Q	 41.23  
 61 K	 50.24  
 62 E	 30.02  
 63 I	 3.60  
 64 L	 3.83  
 65 I	 4.56  
 66 L	 3.17  
 67 K	 38.29  
 68 T	 16.01  
 69 C	 2.61  
 70 R	 36.87  
 71 H	 25.85  
 72 A	 6.52  
 73 N	 24.12  
 74 I	 1.62  
 75 V	 4.31  
 76 A	 6.19  
 77 Y	 8.88  
 78 H	 14.69  
 79 G	 12.81  
 80 S	 12.07  
 81 Y	 13.39  
 82 L	 3.84  
 83 W	 6.63  
 84 L	 2.73  
 85 Q	 27.49  
 86 K	 43.55  
 87 L	 2.10  
 88 W	 6.70  
 89 I	 2.02  
 90 C	 1.13  
 91 M	 3.05  
 92 E	 33.12  
 93 F	 1.53  
 94 C	 2.02  
 95 G	 37.99  
 96 A	 12.94  
 97 G	 17.74  
 98 S	 23.48  
 99 L	 5.33  
 100 Q	 36.43  
 101 D	 47.02  
 102 I	 1.35  
 103 Y	 12.76  
 104 Q	 26.99  
 105 V	 3.53  
 106 T	 12.91  
 107 G	 27.94  
 108 S	 21.25  
 109 L	 4.95  
 110 S	 37.65  
 111 E	 50.41  
 112 L	 5.01  
 113 Q	 20.66  
 114 I	 5.12  
 115 S	 9.88  
 116 Y	 12.75  
 117 V	 1.66  
 118 C	 2.03  
 119 R	 27.32  
 120 E	 42.31  
 121 V	 2.21  
 122 L	 2.61  
 123 Q	 50.45  
 124 G	 14.23  
 125 L	 1.50  
 126 A	 16.21  
 127 Y	 15.25  
 128 L	 2.32  
 129 H	 18.59  
 130 S	 40.89  
 131 Q	 40.07  
 132 K	 57.62  
 133 K	 35.79  
 134 I	 4.08  
 135 H	 30.18  
 136 R	 51.31  
 137 D	 32.56  
 138 I	 4.46  
 139 K	 57.15  
 140 G	 24.96  
 141 A	 8.55  
 142 N	 37.96  
 143 I	 3.97  
 144 L	 2.76  
 145 I	 3.77  
 146 N	 29.63  
 147 D	 49.29  
 148 A	 16.14  
 149 G	 36.47  
 150 E	 26.62  
 151 V	 6.26  
 152 R	 21.61  
 153 L	 6.92  
 154 A	 10.26  
 155 D	 47.07  
 156 F	 8.55  
 157 G	 17.31  
 158 I	 2.89  
 159 S	 17.94  
 160 A	 11.77  
 161 Q	 28.05  
 162 I	 3.97  
 163 G	 10.63  
 164 A	 10.89  
 165 T	 18.75  
 166 L	 3.28  
 167 A	 7.09  
 168 R	 43.09  
 169 R	 29.13  
 170 L	 4.01  
 171 S	 17.01  
 172 F	 7.65  
 173 I	 5.58  
 174 G	 20.73  
 175 T	 14.37  
 176 P	 18.64  
 177 Y	 13.98  
 178 W	 4.25  
 179 M	 3.53  
 180 A	 5.29  
 181 P	 22.08  
 182 E	 34.94  
 183 V	 3.95  
 184 A	 8.44  
 185 A	 7.71  
 186 V	 4.64  
 187 A	 9.99  
 188 L	 4.21  
 189 K	 40.32  
 190 G	 44.67  
 191 G	 22.09  
 192 Y	 17.71  
 193 N	 38.75  
 194 E	 42.14  
 195 L	 2.57  
 196 C	 2.66  
 197 D	 59.00  
 198 I	 2.34  
 199 W	 3.69  
 200 S	 19.63  
 201 L	 3.28  
 202 G	 15.08  
 203 I	 2.59  
 204 T	 21.56  
 205 A	 7.43  
 206 I	 3.14  
 207 E	 39.19  
 208 L	 3.52  
 209 A	 11.58  
 210 E	 61.64  
 211 L	 8.45  
 212 Q	 29.12  
 213 P	 39.94  
 214 P	 32.47  
 215 L	 7.92  
 216 F	 13.06  
 217 D	 45.56  
 218 V	 3.82  
 219 H	 19.95  
 220 P	 23.01  
 221 L	 3.40  
 222 R	 27.78  
 223 V	 6.13  
 224 L	 1.89  
 225 F	 3.92  
 226 L	 3.59  
 227 M	 3.30  
 228 T	 24.97  
 229 K	 28.11  
 230 S	 33.30  
 231 G	 27.01  
 232 Y	 25.57  
 233 Q	 45.08  
 234 P	 13.90  
 235 P	 38.42  
 236 R	 66.14  
 237 L	 11.80  
 238 K	 59.67  
 239 E	 72.18  
 240 K	 65.29  
 241 G	 37.44  
 242 K	 49.39  
 243 W	 11.23  
 244 S	 17.13  
 245 A	 17.03  
 246 A	 10.75  
 247 F	 4.91  
 248 H	 24.46  
 249 N	 33.61  
 250 F	 4.25  
 251 I	 4.21  
 252 K	 25.65  
 253 V	 4.54  
 254 T	 24.57  
 255 L	 6.77  
 256 T	 21.80  
 257 K	 68.80  
 258 S	 36.39  
 259 P	 47.98  
 260 K	 69.38  
 261 K	 73.29  
 262 R	 36.21  
 263 P	 36.88  
 264 S	 53.24  
 265 A	 17.58  
 266 T	 22.71  
 267 K	 37.24  
 268 M	 3.94  
 269 L	 4.39  
 270 S	 12.99  
 271 H	 22.49  
 272 Q	 39.94  
 273 L	 3.15  
 274 V	 3.93  
 275 S	 38.97  
 276 Q	 28.71  
 277 P	 41.55  
 278 G	 28.13  
 279 L	 5.13  
 280 N	 41.72  
 281 R	 46.46  
 282 G	 18.92  
 283 L	 2.95  
 284 I	 2.91  
 285 L	 4.58  
 286 D	 37.89  
 287 L	 6.29  
 288 L	 5.65  
 289 D	 62.63  
 290 K	 62.42  
 291 L	 6.91  
 292 K	 67.83  
 293 N	 62.08  
 294 P	 44.26  
 295 G	 57.87  
 296 K	 69.75  
 297 G	 27.40  
 298 P	 26.68  
 299 S	 48.12  
 300 I	 6.91  
 301 G	 33.89  
 302 D	 39.16  
 303 I	 6.40  
 304 E	 65.20  
 305 D	 66.93  
 306 E	 63.76  
 307 E	 57.29  
 308 P	 46.51  
 309 E	 76.75  
 310 L	 10.09  
 311 P	 18.02  
 312 P	 56.28  
 313 A	 23.60  
 314 I	 3.17  
 315 P	 22.92  
 316 R	 40.31  
 317 R	 24.26  
 318 I	 4.27  
 319 R	 33.42  
 320 S	 26.62  
 321 T	 16.09  
 322 H	 28.95  
 323 R	 38.02  
 324 S	 19.37  
 325 S	 29.55  
 326 S	 31.68  
 327 L	 8.56  
 328 G	 31.19  
 329 I	 3.19  
 330 P	 29.01  
 331 D	 53.79  
 332 A	 13.34  
 333 D	 39.15  
 334 C	 1.77  
 335 C	 4.39  
 336 R	 37.56  
 337 R	 21.42  
 338 H	 10.77  
 339 M	 5.03  
 340 E	 35.85  
 341 F	 6.93  
 342 R	 24.64  
 343 K	 48.10  
 344 L	 5.08  
 345 R	 45.51  
 346 G	 28.81  
 347 M	 3.72  
 348 E	 44.48  
 349 T	 39.31  
 350 R	 23.15  
 351 P	 39.51  
 352 P	 34.55  
 353 A	 28.78  
 354 N	 39.79  
 355 T	 18.43  
 356 A	 15.25  
 357 R	 31.64  
 358 L	 9.22  
 359 Q	 40.16  
 360 P	 30.41  
 361 P	 29.47  
 362 R	 63.38  
 363 D	 52.81  
 364 L	 6.37  
 365 R	 38.49  
 366 S	 42.33  
 367 S	 37.62  
 368 S	 29.94  
 369 P	 49.81  
 370 R	 41.10  
 371 K	 60.00  
 372 Q	 52.04  
 373 L	 7.42  
 374 S	 32.70  
 375 E	 63.95  
 376 S	 35.37  
 377 S	 40.79  
 378 D	 63.18  
 379 D	 59.31  
 380 D	 54.47  
 381 Y	 22.49  
 382 D	 57.35  
 383 D	 33.49  
 384 V	 7.03  
 385 D	 48.41  
 386 I	 4.04  
 387 P	 28.06  
 388 T	 35.15  
 389 P	 28.44  
 390 A	 29.76  
 391 E	 64.72  
 392 D	 67.62  
 393 T	 29.24  
 394 P	 40.61  
 395 P	 45.19  
 396 P	 59.72  
 397 L	 16.29  
 398 P	 40.41  
 399 P	 73.58  
 400 K	 59.92  
 401 P	 46.95  
 402 K	 60.58  
 403 F	 14.69  
 404 R	 54.51  
 405 S	 31.71  
 406 P	 41.36  
 407 S	 49.92  
 408 D	 69.15  
 409 E	 72.18  
 410 G	 36.54  
 411 P	 29.63  
 412 G	 40.91  
 413 S	 23.79  
 414 M	 9.40  
 415 G	 31.39  
 416 D	 48.50  
 417 D	 40.80  
 418 G	 34.76  
 419 Q	 45.84  
 420 L	 9.02  
 421 S	 16.24  
 422 P	 45.57  
 423 G	 23.24  
 424 V	 5.19  
 425 L	 2.20  
 426 V	 4.37  
 427 R	 13.21  
 428 C	 2.49  
 429 A	 13.63  
 430 S	 56.30  
 431 G	 21.87  
 432 P	 38.38  
 433 P	 44.20  
 434 P	 58.00  
 435 N	 71.12  
 436 S	 28.23  
 437 P	 53.80  
 438 R	 48.94  
 439 P	 64.13  
 440 G	 48.93  
 441 P	 40.07  
 442 P	 41.19  
 443 P	 54.06  
 444 S	 46.85  
 445 T	 38.71  
 446 S	 46.33  
 447 S	 19.21  
 448 P	 26.69  
 449 H	 37.45  
 450 L	 5.27  
 451 T	 21.20  
 452 A	 15.57  
 453 H	 27.71  
 454 S	 49.06  
 455 E	 29.10  
 456 P	 37.42  
 457 S	 41.80  
 458 L	 8.19  
 459 W	 21.44  
 460 N	 43.85  
 461 P	 19.36  
 462 P	 42.69  
 463 S	 39.38  
 464 R	 55.03  
 465 E	 66.70  
 466 L	 11.30  
 467 D	 57.57  
 468 K	 62.25  
 469 P	 25.16  
 470 P	 52.88  
 471 L	 17.78  
 472 L	 9.35  
 473 P	 46.47  
 474 P	 61.39  
 475 K	 72.17  
 476 K	 69.23  
 477 E	 65.59  
 478 K	 59.61  
 479 M	 5.49  
 480 K	 63.12  
 481 R	 36.78  
 482 K	 53.47  
 483 G	 13.13  
 484 C	 2.43  
 485 A	 16.76  
 486 L	 7.03  
 487 L	 1.37  
 488 V	 5.42  
 489 K	 47.53  
 490 L	 2.92  
 491 F	 6.47  
 492 N	 62.69  
 493 G	 13.69  
 494 C	 2.77  
 495 P	 26.52  
 496 L	 10.51  
 497 R	 15.09  
 498 I	 3.86  
 499 H	 16.80  
 500 S	 19.85  
 501 T	 13.26  
 502 A	 12.20  
 503 A	 16.28  
 504 W	 7.87  
 505 T	 21.12  
 506 H	 12.01  
 507 P	 36.00  
 508 S	 40.25  
 509 T	 42.99  
 510 K	 60.78  
 511 D	 41.02  
 512 Q	 30.59  
 513 H	 28.69  
 514 L	 3.34  
 515 L	 3.78  
 516 L	 8.43  
 517 G	 30.80  
 518 A	 16.19  
 519 E	 55.76  
 520 E	 57.99  
 521 G	 16.18  
 522 I	 1.88  
 523 F	 8.37  
 524 I	 2.93  
 525 L	 3.24  
 526 N	 35.57  
 527 R	 44.66  
 528 N	 55.00  
 529 D	 44.45  
 530 Q	 45.86  
 531 E	 46.62  
 532 A	 16.32  
 533 T	 23.62  
 534 L	 4.73  
 535 E	 29.50  
 536 M	 5.41  
 537 L	 4.10  
 538 F	 5.08  
 539 P	 20.95  
 540 S	 34.62  
 541 R	 36.09  
 542 T	 29.37  
 543 T	 16.30  
 544 W	 6.09  
 545 V	 2.23  
 546 Y	 8.73  
 547 S	 14.82  
 548 I	 2.08  
 549 N	 26.98  
 550 N	 26.99  
 551 V	 4.03  
 552 L	 1.78  
 553 M	 3.09  
 554 S	 18.41  
 555 L	 4.95  
 556 S	 30.82  
 557 G	 43.05  
 558 K	 56.35  
 559 T	 21.33  
 560 P	 20.97  
 561 H	 42.50  
 562 L	 5.03  
 563 Y	 10.99  
 564 S	 19.67  
 565 H	 12.80  
 566 S	 17.36  
 567 I	 2.71  
 568 L	 4.42  
 569 G	 26.92  
 570 L	 3.93  
 571 L	 5.93  
 572 E	 67.74  
 573 R	 41.92  
 574 K	 54.80  
 575 E	 50.15  
 576 T	 28.93  
 577 R	 41.40  
 578 A	 29.54  
 579 G	 36.84  
 580 N	 24.66  
 581 P	 24.99  
 582 I	 5.16  
 583 A	 8.67  
 584 H	 23.06  
 585 I	 5.18  
 586 S	 12.56  
 587 P	 18.93  
 588 H	 26.65  
 589 R	 34.48  
 590 L	 3.89  
 591 L	 4.34  
 592 A	 25.62  
 593 R	 30.74  
 594 K	 43.73  
 595 N	 30.45  
 596 M	 2.56  
 597 V	 10.32  
 598 S	 17.14  
 599 T	 22.28  
 600 K	 30.75  
 601 I	 4.54  
 602 Q	 54.60  
 603 D	 54.59  
 604 T	 16.98  
 605 K	 65.39  
 606 G	 14.29  
 607 C	 2.38  
 608 R	 39.05  
 609 A	 8.64  
 610 C	 0.70  
 611 C	 2.95  
 612 V	 5.67  
 613 A	 8.80  
 614 E	 34.59  
 615 G	 22.48  
 616 A	 7.63  
 617 S	 40.13  
 618 S	 47.43  
 619 G	 45.35  
 620 G	 16.25  
 621 P	 23.67  
 622 F	 11.30  
 623 L	 2.72  
 624 C	 2.83  
 625 G	 35.03  
 626 A	 10.96  
 627 L	 4.47  
 628 E	 38.20  
 629 T	 27.89  
 630 S	 10.80  
 631 V	 4.61  
 632 V	 4.41  
 633 L	 2.49  
 634 L	 1.96  
 635 Q	 32.44  
 636 W	 8.16  
 637 Y	 6.97  
 638 Q	 28.01  
 639 P	 16.77  
 640 M	 5.13  
 641 N	 38.31  
 642 K	 31.01  
 643 F	 5.61  
 644 L	 4.64  
 645 L	 3.16  
 646 V	 4.35  
 647 R	 22.36  
 648 Q	 28.87  
 649 V	 4.10  
 650 L	 2.50  
 651 F	 6.49  
 652 P	 33.01  
 653 L	 6.05  
 654 P	 32.01  
 655 T	 44.54  
 656 P	 22.24  
 657 L	 8.20  
 658 S	 19.18  
 659 V	 4.24  
 660 F	 3.40  
 661 A	 10.25  
 662 L	 2.74  
 663 L	 4.70  
 664 T	 42.03  
 665 G	 25.25  
 666 P	 37.59  
 667 G	 34.79  
 668 S	 38.81  
 669 E	 65.76  
 670 L	 3.36  
 671 P	 20.70  
 672 A	 22.80  
 673 V	 2.00  
 674 C	 2.14  
 675 I	 4.99  
 676 G	 14.55  
 677 V	 2.94  
 678 S	 19.20  
 679 P	 40.17  
 680 G	 40.69  
 681 R	 39.93  
 682 P	 61.55  
 683 G	 33.25  
 684 K	 39.82  
 685 S	 29.93  
 686 V	 8.24  
 687 L	 3.17  
 688 F	 4.21  
 689 H	 21.20  
 690 T	 13.17  
 691 V	 3.42  
 692 R	 25.99  
 693 F	 6.12  
 694 G	 18.29  
 695 A	 8.12  
 696 L	 4.42  
 697 S	 11.60  
 698 C	 3.46  
 699 W	 12.20  
 700 L	 4.96  
 701 G	 12.22  
 702 E	 27.99  
 703 M	 5.96  
 704 S	 26.75  
 705 T	 34.20  
 706 E	 25.04  
 707 H	 39.83  
 708 R	 44.90  
 709 G	 28.74  
 710 P	 17.21  
 711 V	 8.77  
 712 Q	 35.36  
 713 V	 4.04  
 714 T	 15.14  
 715 Q	 41.59  
 716 V	 6.76  
 717 E	 38.16  
 718 E	 53.18  
 719 D	 22.82  
 720 M	 2.07  
 721 V	 3.57  
 722 M	 1.21  
 723 V	 2.45  
 724 L	 1.08  
 725 M	 3.59  
 726 D	 41.89  
 727 G	 22.00  
 728 S	 16.29  
 729 V	 7.31  
 730 K	 38.65  
 731 L	 4.93  
 732 V	 7.51  
 733 T	 26.51  
 734 P	 36.15  
 735 E	 64.04  
 736 G	 38.15  
 737 S	 20.68  
 738 P	 30.59  
 739 V	 8.97  
 740 R	 41.64  
 741 G	 21.53  
 742 L	 3.74  
 743 R	 51.57  
 744 T	 30.25  
 745 P	 30.96  
 746 E	 60.14  
 747 I	 2.73  
 748 P	 23.21  
 749 M	 6.94  
 750 T	 18.55  
 751 E	 44.45  
 752 A	 8.69  
 753 V	 3.85  
 754 E	 44.46  
 755 A	 6.43  
 756 V	 1.92  
 757 A	 8.26  
 758 M	 2.01  
 759 V	 5.85  
 760 G	 12.68  
 761 G	 17.39  
 762 Q	 25.19  
 763 L	 4.48  
 764 Q	 26.99  
 765 A	 22.36  
 766 F	 6.03  
 767 W	 8.51  
 768 K	 24.83  
 769 H	 32.05  
 770 G	 14.07  
 771 V	 4.08  
 772 Q	 29.63  
 773 V	 2.76  
 774 W	 2.92  
 775 A	 11.82  
 776 L	 3.85  
 777 G	 22.79  
 778 S	 24.04  
 779 D	 41.15  
 780 Q	 45.85  
 781 L	 6.82  
 782 L	 2.86  
 783 Q	 57.16  
 784 E	 45.82  
 785 L	 4.92  
 786 R	 47.30  
 787 D	 53.84  
 788 P	 23.91  
 789 T	 42.60  
 790 L	 5.33  
 791 T	 14.80  
 792 F	 6.11  
 793 R	 24.62  
 794 L	 5.77  
 795 L	 5.79  
 796 G	 39.95  
 797 S	 13.55  
 798 P	 42.98  
 799 R	 44.83  
 800 L	 9.88  
 801 E	 28.10  
 802 C	 5.56  
 803 S	 29.60  
 804 G	 38.43  
 805 T	 11.29  
 806 I	 7.42  
 807 S	 14.39  
 808 P	 32.00  
 809 H	 13.30  
 810 C	 4.33  
 811 N	 30.59  
 812 L	 6.73  
 813 L	 3.18  
 814 L	 5.21  
 815 P	 40.36  
 816 G	 43.61  
 817 S	 25.14  
 818 S	 47.44  
 819 N	 54.43  
 820 S	 24.64  
 821 P	 34.19  
 822 A	 19.97  
 823 S	 30.11  
 824 A	 11.94  
 825 S	 25.45  
 826 R	 23.25  
 827 V	 5.46  
 828 A	 11.54  
 829 G	 18.35  
 830 I	 1.67  
 831 T	 31.36  
 832 G	 27.71  
 833 L	 4.80  
