 1 M	 6.71  
 2 Q	 43.72  
 3 R	 37.39  
 4 R	 20.18  
 5 G	 28.90  
 6 A	 9.63  
 7 L	 4.20  
 8 F	 8.58  
 9 G	 23.40  
 10 M	 1.87  
 11 P	 44.35  
 12 G	 33.72  
 13 G	 19.76  
 14 S	 43.95  
 15 G	 43.11  
 16 G	 27.94  
 17 R	 29.15  
 18 K	 35.84  
 19 M	 2.73  
 20 A	 16.01  
 21 A	 16.82  
 22 G	 19.96  
 23 D	 40.78  
 24 I	 4.52  
 25 G	 25.00  
 26 E	 38.98  
 27 L	 5.01  
 28 L	 4.98  
 29 V	 4.84  
 30 P	 20.30  
 31 H	 27.63  
 32 M	 2.28  
 33 P	 22.95  
 34 T	 17.53  
 35 I	 3.26  
 36 R	 34.56  
 37 V	 4.00  
 38 P	 18.18  
 39 R	 50.87  
 40 S	 38.69  
 41 G	 28.20  
 42 D	 37.81  
 43 R	 36.87  
 44 V	 10.70  
 45 Y	 14.69  
 46 K	 43.33  
 47 N	 31.71  
 48 E	 24.07  
 49 C	 6.91  
 50 A	 7.11  
 51 F	 11.98  
 52 S	 14.98  
 53 Y	 17.62  
 54 D	 57.32  
 55 S	 20.11  
 56 P	 45.53  
 57 N	 57.56  
 58 S	 40.79  
 59 E	 65.01  
 60 G	 31.09  
 61 G	 15.13  
 62 L	 4.21  
 63 Y	 8.55  
 64 V	 2.76  
 65 C	 0.80  
 66 M	 3.64  
 67 N	 23.66  
 68 T	 7.98  
 69 F	 3.83  
 70 L	 3.48  
 71 A	 10.72  
 72 F	 11.73  
 73 G	 28.58  
 74 R	 25.13  
 75 E	 53.30  
 76 H	 25.94  
 77 V	 6.23  
 78 E	 42.20  
 79 R	 32.91  
 80 H	 17.23  
 81 F	 12.26  
 82 R	 29.51  
 83 K	 56.94  
 84 T	 35.88  
 85 G	 22.32  
 86 Q	 34.65  
 87 S	 19.29  
 88 V	 3.65  
 89 Y	 5.53  
 90 M	 2.53  
 91 H	 15.54  
 92 L	 2.73  
 93 K	 27.71  
 94 R	 34.75  
 95 H	 27.79  
 96 A	 25.92  
 97 R	 37.84  
 98 E	 57.60  
 99 K	 31.51  
 100 V	 6.14  
 101 R	 46.13  
 102 G	 27.38  
 103 A	 8.40  
 104 S	 40.35  
 105 G	 25.51  
 106 G	 22.80  
 107 A	 24.98  
 108 L	 6.09  
 109 P	 27.81  
 110 K	 65.91  
 111 R	 40.86  
 112 R	 58.88  
 113 N	 52.25  
 114 S	 25.89  
 115 K	 40.81  
 116 I	 4.09  
 117 F	 5.09  
 118 L	 7.92  
 119 D	 31.58  
 120 L	 9.21  
 121 D	 47.99  
 122 T	 48.93  
 123 D	 47.28  
 124 D	 65.47  
 125 D	 51.03  
 126 L	 9.46  
 127 N	 50.84  
 128 S	 38.87  
 129 D	 62.53  
 130 D	 37.67  
 131 Y	 25.96  
 132 E	 49.82  
 133 Y	 23.58  
 134 E	 37.12  
 135 D	 61.32  
 136 E	 35.45  
 137 A	 23.86  
 138 K	 41.04  
 139 L	 4.62  
 140 V	 4.12  
 141 I	 6.34  
 142 F	 4.54  
 143 P	 19.15  
 144 D	 46.37  
 145 H	 23.51  
 146 Y	 19.19  
 147 E	 20.54  
 148 I	 3.63  
 149 A	 12.67  
 150 L	 4.02  
 151 P	 30.63  
 152 N	 55.97  
 153 I	 4.03  
 154 E	 61.18  
 155 E	 57.14  
 156 L	 1.63  
 157 P	 27.16  
 158 A	 27.56  
 159 L	 3.09  
 160 V	 3.85  
 161 T	 12.05  
 162 I	 2.54  
 163 A	 3.93  
 164 C	 2.81  
 165 D	 30.59  
 166 A	 12.20  
 167 V	 3.21  
 168 L	 5.26  
 169 S	 29.17  
 170 S	 32.75  
 171 K	 52.66  
 172 S	 29.16  
 173 P	 36.36  
 174 Y	 37.22  
 175 R	 33.28  
 176 K	 53.89  
 177 Q	 59.47  
 178 D	 46.18  
 179 P	 38.14  
 180 D	 73.14  
 181 T	 39.81  
 182 W	 17.50  
 183 E	 42.81  
 184 N	 47.90  
 185 E	 42.82  
 186 L	 8.39  
 187 P	 23.35  
 188 V	 13.91  
 189 S	 20.29  
 190 K	 48.92  
 191 Y	 13.68  
 192 A	 11.37  
 193 N	 40.74  
 194 N	 35.97  
 195 L	 3.03  
 196 T	 29.25  
 197 Q	 50.41  
 198 L	 4.68  
 199 D	 39.77  
 200 N	 60.49  
 201 G	 15.11  
 202 V	 6.68  
 203 R	 36.77  
 204 I	 5.67  
 205 P	 13.36  
 206 P	 43.00  
 207 S	 52.51  
 208 G	 33.37  
 209 W	 9.26  
 210 K	 22.88  
 211 C	 2.02  
 212 A	 16.06  
 213 R	 24.77  
 214 C	 2.84  
 215 D	 43.11  
 216 L	 9.42  
 217 R	 19.94  
 218 E	 65.06  
 219 N	 30.04  
 220 L	 4.76  
 221 W	 8.52  
 222 L	 4.19  
 223 N	 29.34  
 224 L	 4.29  
 225 T	 36.92  
 226 D	 51.00  
 227 G	 17.89  
 228 S	 18.09  
 229 V	 6.66  
 230 L	 3.23  
 231 C	 5.03  
 232 G	 26.52  
 233 K	 39.57  
 234 W	 5.61  
 235 F	 5.78  
 236 F	 9.64  
 237 D	 32.21  
 238 S	 26.23  
 239 S	 53.19  
 240 G	 37.22  
 241 G	 38.60  
 242 N	 42.47  
 243 G	 15.66  
 244 H	 31.01  
 245 A	 18.95  
 246 L	 3.28  
 247 E	 39.39  
 248 H	 24.63  
 249 Y	 10.03  
 250 R	 29.37  
 251 D	 27.91  
 252 M	 4.02  
 253 G	 25.79  
 254 Y	 6.61  
 255 P	 14.23  
 256 L	 6.87  
 257 A	 7.59  
 258 V	 7.48  
 259 K	 35.28  
 260 L	 6.18  
 261 G	 14.89  
 262 T	 31.92  
 263 I	 5.09  
 264 T	 18.37  
 265 P	 33.90  
 266 D	 57.15  
 267 G	 25.53  
 268 A	 15.52  
 269 D	 45.47  
 270 V	 4.23  
 271 Y	 12.33  
 272 S	 21.94  
 273 F	 6.08  
 274 Q	 51.78  
 275 E	 63.42  
 276 E	 57.74  
 277 E	 39.70  
 278 P	 34.94  
 279 V	 12.23  
 280 L	 14.35  
 281 D	 28.89  
 282 P	 21.89  
 283 H	 37.78  
 284 L	 9.15  
 285 A	 8.32  
 286 K	 45.57  
 287 H	 23.73  
 288 L	 3.79  
 289 A	 8.83  
 290 H	 28.03  
 291 F	 8.36  
 292 G	 12.72  
 293 I	 2.48  
 294 D	 33.69  
 295 M	 2.33  
 296 L	 2.62  
 297 H	 10.27  
 298 M	 2.48  
 299 H	 29.31  
 300 G	 27.44  
 301 T	 16.17  
 302 E	 54.62  
 303 N	 57.20  
 304 G	 20.62  
 305 L	 9.72  
 306 Q	 49.19  
 307 D	 60.87  
 308 N	 39.69  
 309 D	 47.92  
 310 I	 5.93  
 311 K	 32.86  
 312 L	 7.17  
 313 R	 25.55  
 314 V	 9.85  
 315 S	 30.47  
 316 E	 44.81  
 317 W	 9.54  
 318 E	 26.20  
 319 V	 6.00  
 320 I	 2.26  
 321 Q	 43.93  
 322 E	 39.76  
 323 S	 35.07  
 324 G	 26.56  
 325 T	 42.35  
 326 K	 59.02  
 327 L	 8.27  
 328 K	 29.33  
 329 P	 31.50  
 330 M	 6.05  
 331 Y	 28.79  
 332 G	 11.69  
 333 P	 18.35  
 334 G	 28.42  
 335 Y	 10.77  
 336 T	 41.79  
 337 G	 26.60  
 338 L	 2.28  
 339 K	 52.01  
 340 N	 59.22  
 341 L	 7.03  
 342 G	 33.14  
 343 N	 31.88  
 344 S	 11.44  
 345 C	 4.61  
 346 Y	 14.94  
 347 L	 3.45  
 348 S	 8.39  
 349 S	 21.00  
 350 V	 2.72  
 351 M	 2.11  
 352 Q	 29.20  
 353 A	 6.16  
 354 I	 1.24  
 355 F	 6.41  
 356 S	 30.99  
 357 I	 2.36  
 358 P	 34.84  
 359 E	 53.38  
 360 F	 5.10  
 361 Q	 27.68  
 362 R	 32.95  
 363 A	 7.80  
 364 Y	 15.87  
 365 V	 3.91  
 366 G	 19.79  
 367 N	 36.51  
 368 L	 2.19  
 369 P	 31.18  
 370 R	 45.43  
 371 I	 2.66  
 372 F	 8.34  
 373 D	 40.40  
 374 Y	 11.05  
 375 S	 22.34  
 376 P	 34.26  
 377 L	 11.50  
 378 D	 47.81  
 379 P	 39.37  
 380 T	 40.20  
 381 Q	 59.70  
 382 D	 41.04  
 383 F	 8.40  
 384 N	 37.38  
 385 T	 21.51  
 386 Q	 38.36  
 387 M	 3.16  
 388 T	 17.19  
 389 K	 47.32  
 390 L	 4.50  
 391 G	 17.86  
 392 H	 33.88  
 393 G	 26.89  
 394 L	 2.60  
 395 L	 6.82  
 396 S	 28.97  
 397 G	 30.34  
 398 Q	 35.63  
 399 Y	 23.37  
 400 S	 30.69  
 401 K	 48.70  
 402 P	 32.73  
 403 P	 50.32  
 404 V	 16.86  
 405 K	 43.94  
 406 S	 37.56  
 407 E	 48.31  
 408 L	 7.24  
 409 I	 2.82  
 410 E	 50.15  
 411 Q	 33.34  
 412 V	 3.72  
 413 M	 4.52  
 414 K	 62.18  
 415 E	 47.43  
 416 E	 52.25  
 417 H	 48.46  
 418 K	 48.04  
 419 P	 42.78  
 420 Q	 54.92  
 421 Q	 59.66  
 422 N	 44.51  
 423 G	 19.88  
 424 I	 7.22  
 425 S	 14.09  
 426 P	 29.81  
 427 R	 36.06  
 428 M	 4.60  
 429 F	 5.65  
 430 K	 31.41  
 431 A	 9.98  
 432 F	 7.03  
 433 V	 9.35  
 434 S	 23.22  
 435 K	 47.70  
 436 S	 36.45  
 437 H	 29.64  
 438 P	 51.96  
 439 E	 53.38  
 440 F	 13.14  
 441 S	 25.66  
 442 S	 41.16  
 443 N	 44.58  
 444 R	 37.17  
 445 Q	 50.16  
 446 Q	 44.78  
 447 D	 41.71  
 448 A	 13.38  
 449 Q	 57.21  
 450 E	 39.84  
 451 F	 5.40  
 452 F	 4.06  
 453 L	 3.56  
 454 H	 23.68  
 455 L	 2.73  
 456 V	 3.47  
 457 N	 44.74  
 458 L	 3.10  
 459 V	 5.68  
 460 E	 47.61  
 461 R	 30.19  
 462 N	 26.81  
 463 R	 40.65  
 464 I	 8.98  
 465 G	 26.18  
 466 S	 31.65  
 467 E	 68.87  
 468 N	 42.97  
 469 P	 28.05  
 470 S	 58.97  
 471 D	 44.85  
 472 V	 4.32  
 473 F	 5.69  
 474 R	 24.68  
 475 F	 6.43  
 476 L	 4.06  
 477 V	 7.07  
 478 E	 43.64  
 479 E	 47.83  
 480 R	 15.69  
 481 I	 4.09  
 482 Q	 28.31  
 483 C	 1.40  
 484 C	 2.37  
 485 Q	 52.55  
 486 T	 20.67  
 487 R	 15.03  
 488 K	 34.16  
 489 V	 5.22  
 490 R	 35.37  
 491 Y	 18.88  
 492 T	 13.52  
 493 E	 41.60  
 494 R	 20.86  
 495 V	 4.64  
 496 D	 36.75  
 497 Y	 10.96  
 498 L	 1.20  
 499 M	 2.90  
 500 Q	 39.77  
 501 L	 1.99  
 502 P	 8.57  
 503 V	 12.31  
 504 A	 6.53  
 505 M	 3.52  
 506 E	 25.97  
 507 A	 13.39  
 508 A	 9.82  
 509 T	 50.26  
 510 N	 45.08  
 511 K	 48.50  
 512 D	 58.99  
 513 E	 43.62  
 514 L	 3.78  
 515 I	 3.45  
 516 A	 12.36  
 517 Y	 12.41  
 518 E	 34.34  
 519 L	 2.69  
 520 T	 18.75  
 521 R	 47.25  
 522 R	 42.09  
 523 E	 47.79  
 524 A	 21.27  
 525 E	 41.55  
 526 A	 23.13  
 527 N	 31.81  
 528 R	 48.95  
 529 R	 36.59  
 530 P	 49.37  
 531 L	 4.96  
 532 P	 35.24  
 533 E	 68.53  
 534 L	 2.74  
 535 V	 5.50  
 536 R	 42.67  
 537 A	 13.47  
 538 K	 40.11  
 539 I	 3.98  
 540 P	 19.21  
 541 F	 9.12  
 542 S	 16.84  
 543 A	 9.83  
 544 C	 2.54  
 545 L	 4.04  
 546 Q	 40.00  
 547 A	 9.29  
 548 F	 5.69  
 549 S	 56.08  
 550 E	 50.62  
 551 P	 36.95  
 552 E	 66.87  
 553 N	 53.91  
 554 V	 7.72  
 555 D	 57.90  
 556 D	 42.50  
 557 F	 6.20  
 558 W	 9.81  
 559 S	 13.01  
 560 S	 24.48  
 561 A	 9.74  
 562 L	 5.70  
 563 Q	 46.60  
 564 A	 14.50  
 565 K	 28.07  
 566 S	 33.02  
 567 A	 26.54  
 568 G	 28.66  
 569 V	 6.46  
 570 K	 39.61  
 571 T	 23.80  
 572 S	 21.49  
 573 R	 36.06  
 574 F	 7.18  
 575 A	 14.78  
 576 S	 38.33  
 577 F	 4.83  
 578 P	 27.16  
 579 E	 49.87  
 580 Y	 12.68  
 581 L	 2.65  
 582 V	 2.66  
 583 V	 4.49  
 584 Q	 34.01  
 585 I	 3.37  
 586 K	 25.41  
 587 K	 51.79  
 588 F	 6.09  
 589 T	 26.18  
 590 F	 11.71  
 591 G	 21.48  
 592 L	 4.02  
 593 D	 44.71  
 594 W	 17.23  
 595 V	 5.07  
 596 P	 29.84  
 597 K	 57.35  
 598 K	 40.50  
 599 F	 16.31  
 600 D	 41.98  
 601 V	 6.42  
 602 S	 18.08  
 603 I	 5.45  
 604 D	 34.75  
 605 M	 2.37  
 606 P	 25.91  
 607 D	 53.91  
 608 L	 3.69  
 609 L	 8.95  
 610 D	 47.11  
 611 I	 3.36  
 612 N	 28.01  
 613 H	 19.61  
 614 L	 3.86  
 615 R	 18.06  
 616 A	 19.09  
 617 R	 39.66  
 618 G	 27.90  
 619 L	 4.65  
 620 Q	 46.94  
 621 P	 58.15  
 622 G	 41.82  
 623 E	 55.79  
 624 E	 71.41  
 625 E	 62.39  
 626 L	 5.37  
 627 P	 39.92  
 628 D	 67.62  
 629 I	 6.68  
 630 S	 31.81  
 631 P	 23.99  
 632 P	 27.04  
 633 I	 5.08  
 634 V	 6.83  
 635 I	 2.99  
 636 P	 28.58  
 637 D	 62.79  
 638 D	 52.83  
 639 S	 43.78  
 640 K	 54.59  
 641 D	 53.55  
 642 R	 39.30  
 643 L	 5.61  
 644 M	 2.90  
 645 N	 37.79  
 646 Q	 26.32  
 647 L	 3.99  
 648 I	 5.43  
 649 D	 45.29  
 650 P	 27.23  
 651 S	 43.37  
 652 D	 58.72  
 653 I	 8.10  
 654 D	 55.50  
 655 E	 45.29  
 656 S	 25.20  
 657 S	 21.40  
 658 V	 3.84  
 659 M	 2.67  
 660 Q	 35.05  
 661 L	 2.05  
 662 A	 6.45  
 663 E	 48.72  
 664 M	 5.80  
 665 G	 16.72  
 666 F	 6.35  
 667 P	 24.46  
 668 L	 6.43  
 669 E	 46.06  
 670 A	 13.19  
 671 C	 3.15  
 672 R	 36.70  
 673 K	 41.93  
 674 A	 5.06  
 675 V	 4.53  
 676 Y	 10.57  
 677 F	 5.91  
 678 T	 15.23  
 679 G	 16.54  
 680 N	 23.74  
 681 M	 5.95  
 682 G	 23.68  
 683 A	 9.42  
 684 E	 28.75  
 685 V	 7.95  
 686 A	 5.42  
 687 F	 10.59  
 688 N	 21.21  
 689 W	 3.84  
 690 I	 2.18  
 691 I	 1.00  
 692 V	 2.30  
 693 H	 13.92  
 694 M	 4.29  
 695 E	 52.04  
 696 E	 42.46  
 697 P	 28.81  
 698 D	 59.68  
 699 F	 14.02  
 700 A	 25.52  
 701 E	 40.62  
 702 P	 29.69  
 703 L	 4.89  
 704 T	 31.84  
 705 M	 2.97  
 706 P	 27.84  
 707 G	 23.93  
 708 Y	 13.40  
 709 G	 25.77  
 710 G	 14.97  
 711 A	 8.22  
 712 A	 11.82  
 713 S	 27.05  
 714 A	 16.91  
 715 G	 18.85  
 716 A	 11.39  
 717 S	 19.63  
 718 V	 5.20  
 719 F	 6.65  
 720 G	 19.37  
 721 A	 6.75  
 722 S	 40.02  
 723 G	 36.19  
 724 L	 5.32  
 725 D	 56.07  
 726 N	 62.39  
 727 Q	 55.37  
 728 P	 44.52  
 729 P	 41.93  
 730 E	 68.02  
 731 E	 48.84  
 732 I	 2.12  
 733 V	 3.37  
 734 A	 7.98  
 735 I	 2.15  
 736 I	 1.36  
 737 T	 13.42  
 738 S	 13.39  
 739 M	 4.70  
 740 G	 18.46  
 741 F	 4.64  
 742 Q	 37.37  
 743 R	 34.66  
 744 N	 25.50  
 745 Q	 41.87  
 746 A	 10.22  
 747 I	 1.45  
 748 Q	 37.04  
 749 A	 7.91  
 750 L	 1.88  
 751 R	 42.24  
 752 A	 18.61  
 753 T	 31.85  
 754 N	 34.11  
 755 N	 50.54  
 756 N	 45.40  
 757 L	 5.25  
 758 E	 37.72  
 759 R	 43.55  
 760 A	 10.66  
 761 L	 7.60  
 762 D	 35.13  
 763 W	 8.38  
 764 I	 2.24  
 765 F	 4.84  
 766 S	 29.06  
 767 H	 18.37  
 768 P	 46.93  
 769 E	 61.33  
 770 F	 17.13  
 771 E	 60.27  
 772 E	 69.04  
 773 D	 46.43  
 774 S	 35.91  
 775 D	 54.90  
 776 F	 7.45  
 777 V	 4.32  
 778 I	 4.16  
 779 E	 34.83  
 780 M	 4.61  
 781 E	 34.25  
 782 N	 52.16  
 783 N	 22.67  
 784 A	 28.26  
 785 N	 35.33  
 786 A	 13.24  
 787 N	 31.75  
 788 I	 3.22  
 789 I	 2.82  
 790 S	 27.92  
 791 E	 50.75  
 792 A	 26.39  
 793 K	 39.28  
 794 P	 59.84  
 795 E	 79.65  
 796 G	 24.68  
 797 P	 35.91  
 798 R	 60.00  
 799 V	 8.14  
 800 K	 58.62  
 801 D	 54.34  
 802 G	 23.43  
 803 S	 37.79  
 804 G	 37.53  
 805 T	 18.60  
 806 Y	 17.73  
 807 E	 36.93  
 808 L	 2.36  
 809 F	 3.31  
 810 A	 17.31  
 811 F	 4.63  
 812 I	 2.19  
 813 S	 10.85  
 814 H	 17.55  
 815 M	 5.10  
 816 G	 15.87  
 817 T	 17.28  
 818 S	 19.18  
 819 T	 18.39  
 820 M	 4.53  
 821 S	 23.62  
 822 G	 13.54  
 823 H	 11.07  
 824 Y	 14.58  
 825 I	 0.84  
 826 C	 1.82  
 827 H	 25.91  
 828 I	 6.21  
 829 K	 22.55  
 830 K	 65.87  
 831 E	 49.33  
 832 G	 37.32  
 833 R	 26.11  
 834 W	 7.54  
 835 V	 2.99  
 836 I	 1.79  
 837 Y	 12.62  
 838 N	 33.51  
 839 D	 26.47  
 840 H	 22.32  
 841 K	 41.70  
 842 V	 2.71  
 843 C	 4.04  
 844 A	 19.88  
 845 S	 29.07  
 846 E	 51.16  
 847 R	 50.77  
 848 P	 35.92  
 849 P	 49.35  
 850 K	 69.16  
 851 D	 51.61  
 852 L	 7.08  
 853 G	 18.46  
 854 Y	 8.92  
 855 M	 1.44  
 856 Y	 6.75  
 857 F	 1.87  
 858 Y	 4.98  
 859 R	 21.83  
 860 R	 33.52  
 861 I	 2.65  
 862 P	 31.98  
 863 S	 50.94  
