 1 M	 8.22  
 2 S	 46.87  
 3 G	 31.66  
 4 A	 12.24  
 5 E	 53.07  
 6 Q	 39.69  
 7 Q	 26.86  
 8 Q	 38.04  
 9 I	 3.31  
 10 V	 2.96  
 11 P	 30.79  
 12 A	 15.95  
 13 N	 47.12  
 14 N	 62.49  
 15 G	 43.34  
 16 D	 48.45  
 17 E	 67.40  
 18 N	 50.73  
 19 W	 6.99  
 20 K	 44.13  
 21 A	 21.22  
 22 G	 16.03  
 23 L	 7.70  
 24 N	 42.96  
 25 L	 5.40  
 26 P	 35.87  
 27 A	 29.55  
 28 K	 50.24  
 29 D	 49.44  
 30 R	 45.27  
 31 R	 47.77  
 32 F	 9.56  
 33 K	 40.78  
 34 T	 25.94  
 35 A	 15.18  
 36 D	 49.43  
 37 V	 4.90  
 38 T	 38.20  
 39 D	 46.39  
 40 T	 21.97  
 41 K	 64.86  
 42 G	 26.69  
 43 V	 8.97  
 44 E	 52.57  
 45 F	 11.52  
 46 E	 36.35  
 47 D	 44.90  
 48 F	 2.66  
 49 C	 6.44  
 50 L	 6.78  
 51 G	 23.41  
 52 R	 20.60  
 53 D	 42.21  
 54 L	 3.23  
 55 L	 3.28  
 56 M	 5.14  
 57 G	 22.77  
 58 I	 2.22  
 59 F	 7.04  
 60 E	 49.06  
 61 K	 59.58  
 62 G	 30.49  
 63 W	 22.85  
 64 E	 64.85  
 65 K	 44.26  
 66 P	 33.55  
 67 S	 45.78  
 68 P	 40.59  
 69 I	 7.30  
 70 Q	 43.52  
 71 E	 45.14  
 72 A	 7.06  
 73 S	 21.08  
 74 I	 7.11  
 75 G	 8.99  
 76 V	 3.63  
 77 A	 8.32  
 78 L	 5.27  
 79 T	 24.06  
 80 G	 24.82  
 81 Q	 29.36  
 82 D	 38.93  
 83 I	 2.20  
 84 L	 3.38  
 85 A	 15.09  
 86 R	 42.52  
 87 A	 12.21  
 88 K	 50.81  
 89 N	 52.88  
 90 G	 34.83  
 91 T	 44.92  
 92 G	 27.25  
 93 K	 43.56  
 94 T	 28.52  
 95 G	 20.31  
 96 A	 10.97  
 97 Y	 7.70  
 98 C	 2.55  
 99 I	 1.67  
 100 P	 19.92  
 101 V	 4.47  
 102 I	 3.61  
 103 E	 44.32  
 104 K	 35.20  
 105 I	 3.73  
 106 Q	 28.43  
 107 P	 42.93  
 108 A	 12.81  
 109 L	 4.98  
 110 K	 45.62  
 111 A	 10.44  
 112 I	 2.28  
 113 Q	 28.41  
 114 A	 6.52  
 115 M	 0.90  
 116 V	 4.47  
 117 I	 1.65  
 118 V	 2.42  
 119 P	 18.02  
 120 T	 26.36  
 121 R	 30.75  
 122 E	 40.65  
 123 L	 5.34  
 124 A	 7.90  
 125 L	 9.98  
 126 Q	 33.23  
 127 T	 24.37  
 128 S	 12.46  
 129 Q	 36.17  
 130 I	 2.59  
 131 C	 1.19  
 132 V	 9.90  
 133 E	 42.80  
 134 L	 4.05  
 135 S	 14.53  
 136 K	 58.30  
 137 H	 15.06  
 138 I	 6.20  
 139 Q	 34.64  
 140 L	 4.46  
 141 K	 16.35  
 142 V	 5.19  
 143 M	 1.80  
 144 V	 4.92  
 145 T	 11.13  
 146 T	 23.39  
 147 G	 27.86  
 148 G	 17.60  
 149 T	 32.95  
 150 D	 42.87  
 151 L	 6.94  
 152 R	 42.22  
 153 D	 58.02  
 154 D	 30.10  
 155 I	 1.71  
 156 M	 5.26  
 157 R	 25.90  
 158 L	 3.72  
 159 N	 33.45  
 160 G	 33.43  
 161 T	 12.04  
 162 V	 3.31  
 163 H	 17.76  
 164 L	 2.31  
 165 V	 1.36  
 166 I	 4.43  
 167 A	 10.56  
 168 T	 18.36  
 169 P	 22.50  
 170 G	 25.55  
 171 R	 27.74  
 172 I	 4.32  
 173 L	 3.89  
 174 D	 41.41  
 175 L	 4.24  
 176 M	 5.09  
 177 E	 54.69  
 178 K	 44.73  
 179 G	 16.00  
 180 V	 7.39  
 181 A	 17.72  
 182 K	 42.27  
 183 M	 2.83  
 184 E	 45.48  
 185 H	 18.18  
 186 C	 1.99  
 187 K	 46.96  
 188 T	 27.74  
 189 L	 1.89  
 190 V	 8.40  
 191 L	 5.76  
 192 D	 41.37  
 193 E	 55.39  
 194 A	 20.92  
 195 D	 39.84  
 196 K	 59.38  
 197 L	 5.99  
 198 L	 5.49  
 199 S	 37.83  
 200 Q	 56.35  
 201 D	 34.17  
 202 F	 5.78  
 203 Q	 46.43  
 204 G	 23.55  
 205 I	 2.22  
 206 L	 3.92  
 207 D	 41.23  
 208 R	 33.74  
 209 L	 3.61  
 210 I	 3.40  
 211 N	 36.67  
 212 F	 11.08  
 213 L	 5.25  
 214 P	 32.12  
 215 K	 68.61  
 216 E	 46.54  
 217 R	 40.28  
 218 Q	 26.51  
 219 V	 3.41  
 220 M	 1.89  
 221 L	 2.99  
 222 Y	 4.34  
 223 S	 19.51  
 224 A	 10.33  
 225 T	 33.41  
 226 F	 4.37  
 227 P	 31.09  
 228 N	 42.88  
 229 T	 25.96  
 230 V	 5.54  
 231 T	 17.76  
 232 S	 17.87  
 233 F	 4.37  
 234 M	 5.34  
 235 Q	 30.41  
 236 K	 30.98  
 237 H	 13.49  
 238 M	 5.83  
 239 H	 27.88  
 240 K	 41.54  
 241 P	 19.81  
 242 Y	 33.96  
 243 E	 33.65  
 244 I	 3.86  
 245 N	 22.76  
 246 L	 5.85  
 247 M	 3.04  
 248 E	 53.68  
 249 E	 32.84  
 250 L	 2.32  
 251 T	 24.18  
 252 L	 6.48  
 253 L	 4.34  
 254 G	 24.44  
 255 V	 2.80  
 256 T	 14.73  
 257 Q	 27.17  
 258 Y	 6.33  
 259 Y	 5.46  
 260 A	 8.00  
 261 F	 3.18  
 262 V	 5.67  
 263 Q	 45.79  
 264 E	 52.75  
 265 K	 38.02  
 266 Q	 52.86  
 267 K	 45.04  
 268 V	 3.41  
 269 H	 19.86  
 270 C	 3.34  
 271 L	 3.11  
 272 N	 39.88  
 273 T	 17.83  
 274 L	 3.68  
 275 F	 6.44  
 276 R	 41.72  
 277 K	 37.09  
 278 L	 5.57  
 279 Q	 35.30  
 280 I	 7.99  
 281 N	 19.31  
 282 Q	 37.32  
 283 S	 17.11  
 284 I	 1.69  
 285 I	 3.79  
 286 F	 2.84  
 287 C	 2.50  
 288 N	 37.02  
 289 S	 27.39  
 290 T	 13.35  
 291 Q	 47.44  
 292 R	 24.78  
 293 V	 4.34  
 294 E	 40.01  
 295 L	 5.29  
 296 L	 4.09  
 297 A	 24.58  
 298 K	 44.68  
 299 K	 49.61  
 300 I	 4.04  
 301 T	 30.35  
 302 E	 37.58  
 303 I	 4.74  
 304 G	 11.32  
 305 Y	 10.96  
 306 S	 7.16  
 307 C	 1.94  
 308 Y	 10.26  
 309 Y	 9.11  
 310 I	 0.89  
 311 H	 12.78  
 312 S	 17.99  
 313 K	 24.88  
 314 M	 5.34  
 315 A	 15.68  
 316 Q	 42.64  
 317 N	 26.92  
 318 H	 19.13  
 319 R	 39.95  
 320 N	 36.60  
 321 R	 32.22  
 322 V	 5.96  
 323 F	 4.06  
 324 H	 30.37  
 325 D	 29.03  
 326 F	 4.76  
 327 R	 49.94  
 328 Q	 47.66  
 329 G	 30.83  
 330 N	 17.15  
 331 C	 3.79  
 332 R	 43.44  
 333 N	 38.74  
 334 L	 1.81  
 335 V	 3.16  
 336 C	 2.70  
 337 S	 24.66  
 338 D	 40.34  
 339 L	 2.78  
 340 L	 3.54  
 341 T	 33.86  
 342 R	 39.79  
 343 G	 19.38  
 344 I	 3.67  
 345 D	 29.76  
 346 I	 2.40  
 347 Q	 35.19  
 348 A	 8.66  
 349 V	 2.98  
 350 N	 25.92  
 351 V	 3.53  
 352 V	 2.21  
 353 I	 3.56  
 354 N	 20.87  
 355 F	 7.62  
 356 D	 48.42  
 357 F	 5.54  
 358 P	 30.38  
 359 R	 55.79  
 360 N	 42.22  
 361 A	 16.28  
 362 E	 41.35  
 363 T	 29.04  
 364 Y	 7.63  
 365 L	 2.60  
 366 H	 14.65  
 367 R	 30.38  
 368 I	 3.61  
 369 G	 20.05  
 370 R	 33.30  
 371 S	 29.16  
 372 G	 27.81  
 373 R	 35.30  
 374 F	 9.14  
 375 G	 17.47  
 376 H	 19.39  
 377 L	 6.37  
 378 G	 10.92  
 379 V	 6.43  
 380 A	 5.33  
 381 I	 3.91  
 382 N	 18.69  
 383 L	 2.24  
 384 I	 3.13  
 385 T	 24.83  
 386 Y	 14.61  
 387 E	 39.66  
 388 D	 36.93  
 389 R	 16.86  
 390 H	 41.39  
 391 T	 23.89  
 392 L	 2.57  
 393 R	 38.39  
 394 R	 39.65  
 395 I	 5.32  
 396 E	 35.87  
 397 Q	 53.29  
 398 E	 27.68  
 399 L	 7.28  
 400 R	 22.62  
 401 T	 48.93  
 402 R	 25.49  
 403 I	 7.94  
 404 E	 33.61  
 405 P	 45.90  
 406 I	 3.38  
 407 P	 36.66  
 408 K	 63.00  
 409 T	 25.45  
 410 V	 17.29  
 411 D	 39.59  
 412 P	 24.98  
 413 K	 48.24  
 414 L	 5.17  
 415 Y	 10.34  
 416 V	 7.39  
 417 A	 8.71  
 418 D	 27.07  
 419 Q	 28.86  
 420 Q	 43.96  
 421 L	 2.90  
 422 V	 4.01  
 423 D	 44.63  
 424 A	 14.88  
 425 A	 15.65  
 426 D	 56.34  
 427 E	 43.25  
 428 T	 28.68  
 429 T	 28.46  
 430 A	 25.49  
