 1 M	 7.20  
 2 A	 12.00  
 3 A	 8.68  
 4 H	 22.93  
 5 L	 4.10  
 6 V	 2.36  
 7 K	 48.38  
 8 R	 17.31  
 9 C	 2.33  
 10 T	 15.38  
 11 C	 3.74  
 12 L	 2.45  
 13 L	 5.17  
 14 R	 20.68  
 15 E	 46.80  
 16 A	 11.08  
 17 A	 10.20  
 18 R	 40.00  
 19 Q	 47.15  
 20 A	 6.56  
 21 P	 17.77  
 22 A	 15.13  
 23 M	 4.16  
 24 A	 9.57  
 25 P	 18.93  
 26 V	 5.17  
 27 G	 23.11  
 28 R	 19.50  
 29 L	 4.29  
 30 R	 22.46  
 31 L	 5.36  
 32 A	 7.71  
 33 W	 7.76  
 34 V	 3.13  
 35 A	 6.43  
 36 H	 17.64  
 37 K	 35.18  
 38 T	 25.96  
 39 L	 5.36  
 40 T	 26.35  
 41 S	 22.53  
 42 S	 30.26  
 43 A	 16.32  
 44 T	 36.66  
 45 S	 21.69  
 46 P	 27.96  
 47 I	 3.98  
 48 S	 23.50  
 49 H	 36.44  
 50 L	 4.03  
 51 P	 25.55  
 52 G	 39.51  
 53 S	 23.70  
 54 L	 5.81  
 55 M	 6.15  
 56 E	 52.03  
 57 P	 26.12  
 58 V	 11.92  
 59 E	 60.97  
 60 K	 53.38  
 61 E	 39.72  
 62 R	 44.93  
 63 A	 20.88  
 64 S	 35.82  
 65 T	 21.08  
 66 P	 26.13  
 67 Y	 23.08  
 68 I	 5.85  
 69 E	 31.43  
 70 K	 46.17  
 71 Q	 32.83  
 72 V	 8.09  
 73 D	 28.51  
 74 H	 30.51  
 75 L	 5.48  
 76 I	 3.74  
 77 K	 42.59  
 78 K	 48.25  
 79 A	 12.11  
 80 T	 56.49  
 81 R	 41.30  
 82 P	 34.75  
 83 E	 58.97  
 84 E	 62.43  
 85 L	 4.25  
 86 L	 5.02  
 87 E	 55.35  
 88 L	 5.63  
 89 L	 5.50  
 90 G	 48.45  
 91 G	 23.06  
 92 S	 16.42  
 93 H	 42.82  
 94 D	 54.60  
 95 L	 6.96  
 96 D	 52.15  
 97 S	 37.83  
 98 N	 34.87  
 99 Q	 34.15  
 100 A	 11.19  
 101 A	 4.46  
 102 M	 2.56  
 103 V	 3.26  
 104 L	 0.90  
 105 I	 2.57  
 106 R	 26.44  
 107 L	 2.76  
 108 S	 11.40  
 109 H	 35.07  
 110 L	 5.17  
 111 L	 5.34  
 112 S	 50.35  
 113 E	 73.01  
 114 K	 50.78  
 115 P	 51.47  
 116 E	 81.21  
 117 D	 59.87  
 118 K	 50.20  
 119 G	 37.73  
 120 L	 4.73  
 121 L	 4.50  
 122 I	 4.13  
 123 Q	 41.63  
 124 D	 34.71  
 125 A	 7.29  
 126 H	 29.07  
 127 F	 4.15  
 128 H	 13.91  
 129 Q	 34.88  
 130 L	 2.47  
 131 L	 1.23  
 132 C	 5.74  
 133 L	 5.24  
 134 L	 5.90  
 135 N	 20.94  
 136 S	 23.96  
 137 Q	 33.91  
 138 I	 2.87  
 139 A	 7.15  
 140 S	 27.63  
 141 V	 3.02  
 142 W	 5.02  
 143 H	 19.73  
 144 G	 16.79  
 145 T	 18.25  
 146 L	 5.14  
 147 S	 22.54  
 148 K	 51.33  
 149 L	 6.18  
 150 L	 5.14  
 151 G	 26.49  
 152 S	 20.41  
 153 L	 2.48  
 154 Y	 11.07  
 155 A	 12.47  
 156 L	 3.95  
 157 G	 26.44  
 158 I	 3.08  
 159 P	 25.10  
 160 K	 64.47  
 161 A	 22.08  
 162 S	 32.56  
 163 K	 68.27  
 164 E	 49.93  
 165 L	 5.45  
 166 Q	 46.66  
 167 S	 40.00  
 168 V	 5.93  
 169 E	 46.39  
 170 Q	 52.94  
 171 E	 22.12  
 172 V	 7.70  
 173 R	 17.96  
 174 W	 12.00  
 175 R	 12.40  
 176 M	 3.34  
 177 R	 32.36  
 178 K	 39.73  
 179 L	 5.31  
 180 K	 56.11  
 181 Y	 17.68  
 182 K	 30.47  
 183 H	 21.21  
 184 L	 2.93  
 185 A	 9.34  
 186 F	 9.27  
 187 L	 4.26  
 188 A	 10.53  
 189 E	 48.80  
 190 S	 11.93  
 191 C	 2.23  
 192 A	 22.36  
 193 T	 31.13  
 194 L	 2.37  
 195 S	 27.58  
 196 Q	 58.44  
 197 E	 47.05  
 198 Q	 33.62  
 199 H	 30.60  
 200 S	 25.66  
 201 Q	 43.14  
 202 E	 49.09  
 203 L	 4.21  
 204 L	 3.24  
 205 A	 20.30  
 206 E	 44.26  
 207 L	 5.78  
 208 L	 1.82  
 209 T	 36.72  
 210 H	 26.18  
 211 L	 4.63  
 212 E	 32.37  
 213 R	 45.88  
 214 R	 34.98  
 215 W	 12.47  
 216 T	 25.85  
 217 E	 37.10  
 218 I	 5.80  
 219 E	 47.42  
 220 D	 51.91  
 221 S	 12.94  
 222 H	 35.23  
 223 T	 27.20  
 224 L	 2.26  
 225 V	 3.89  
 226 T	 13.04  
 227 V	 2.48  
 228 M	 1.25  
 229 M	 2.50  
 230 K	 27.28  
 231 V	 2.95  
 232 G	 15.53  
 233 H	 29.21  
 234 L	 5.22  
 235 S	 31.34  
 236 E	 49.14  
 237 P	 33.27  
 238 L	 4.11  
 239 M	 3.92  
 240 N	 53.74  
 241 R	 26.03  
 242 L	 9.42  
 243 E	 52.79  
 244 D	 52.11  
 245 K	 31.20  
 246 C	 5.74  
 247 L	 7.60  
 248 E	 61.31  
 249 L	 3.36  
 250 V	 3.81  
 251 E	 46.23  
 252 H	 26.03  
 253 F	 12.61  
 254 G	 26.48  
 255 P	 30.13  
 256 N	 62.40  
 257 E	 53.75  
 258 L	 9.02  
 259 R	 22.36  
 260 K	 53.17  
 261 V	 3.83  
 262 L	 1.79  
 263 V	 3.11  
 264 M	 1.52  
 265 L	 2.52  
 266 A	 5.83  
 267 A	 12.15  
 268 Q	 31.68  
 269 S	 25.57  
 270 R	 23.86  
 271 R	 47.45  
 272 S	 27.29  
 273 V	 3.52  
 274 P	 27.24  
 275 L	 4.78  
 276 L	 2.59  
 277 R	 37.24  
 278 A	 8.61  
 279 I	 3.21  
 280 S	 12.91  
 281 Y	 7.96  
 282 H	 16.85  
 283 L	 3.11  
 284 V	 4.36  
 285 Q	 54.81  
 286 K	 40.32  
 287 P	 13.63  
 288 F	 13.89  
 289 S	 43.59  
 290 L	 7.64  
 291 T	 24.81  
 292 K	 51.65  
 293 D	 30.94  
 294 V	 6.44  
 295 L	 4.91  
 296 L	 5.10  
 297 D	 20.88  
 298 V	 4.41  
 299 A	 5.27  
 300 Y	 10.54  
 301 A	 9.25  
 302 Y	 11.34  
 303 G	 19.09  
 304 K	 28.43  
 305 L	 6.00  
 306 S	 24.94  
 307 F	 7.78  
 308 H	 26.80  
 309 Q	 31.45  
 310 T	 23.51  
 311 Q	 26.71  
 312 V	 6.30  
 313 S	 10.36  
 314 Q	 45.62  
 315 R	 20.84  
 316 L	 4.70  
 317 A	 10.97  
 318 T	 31.60  
 319 D	 39.75  
 320 L	 2.80  
 321 L	 4.04  
 322 S	 29.89  
 323 L	 6.20  
 324 M	 1.58  
 325 P	 31.32  
 326 S	 30.25  
 327 L	 3.49  
 328 T	 38.74  
 329 S	 37.94  
 330 G	 28.32  
 331 E	 35.98  
 332 V	 5.14  
 333 A	 6.42  
 334 H	 19.76  
 335 C	 3.53  
 336 A	 10.72  
 337 K	 52.04  
 338 S	 9.38  
 339 F	 5.68  
 340 A	 21.05  
 341 L	 4.81  
 342 L	 3.16  
 343 K	 47.11  
 344 W	 7.37  
 345 L	 3.44  
 346 S	 27.16  
 347 L	 3.91  
 348 P	 31.46  
 349 L	 8.00  
 350 F	 6.34  
 351 E	 51.03  
 352 A	 9.57  
 353 F	 5.46  
 354 A	 12.96  
 355 Q	 22.29  
 356 H	 23.70  
 357 V	 3.17  
 358 L	 3.17  
 359 N	 35.83  
 360 R	 29.48  
 361 A	 15.43  
 362 Q	 39.13  
 363 D	 34.55  
 364 I	 2.57  
 365 T	 42.39  
 366 L	 2.28  
 367 P	 15.11  
 368 H	 42.45  
 369 L	 1.89  
 370 C	 2.10  
 371 S	 23.35  
 372 V	 5.04  
 373 L	 1.32  
 374 L	 3.27  
 375 A	 7.59  
 376 F	 4.02  
 377 A	 14.94  
 378 R	 24.58  
 379 L	 7.82  
 380 N	 27.85  
 381 F	 11.94  
 382 H	 24.77  
 383 P	 40.62  
 384 D	 56.80  
 385 Q	 61.69  
 386 E	 62.25  
 387 D	 44.98  
 388 Q	 40.30  
 389 F	 7.50  
 390 F	 4.60  
 391 S	 30.67  
 392 L	 3.73  
 393 V	 5.48  
 394 H	 31.59  
 395 E	 42.36  
 396 K	 43.18  
 397 L	 9.21  
 398 G	 30.09  
 399 S	 46.53  
 400 E	 58.13  
 401 L	 4.34  
 402 P	 41.07  
 403 G	 56.12  
 404 L	 7.23  
 405 E	 34.15  
 406 P	 43.23  
 407 A	 10.97  
 408 L	 8.15  
 409 Q	 28.87  
 410 V	 6.81  
 411 D	 23.65  
 412 L	 3.49  
 413 V	 2.13  
 414 W	 7.27  
 415 A	 5.43  
 416 L	 0.91  
 417 C	 1.91  
 418 V	 5.86  
 419 L	 2.81  
 420 Q	 17.94  
 421 Q	 37.92  
 422 A	 9.79  
 423 R	 39.04  
 424 E	 49.89  
 425 A	 19.76  
 426 E	 36.34  
 427 L	 5.23  
 428 Q	 22.41  
 429 A	 20.61  
 430 V	 3.04  
 431 L	 6.64  
 432 H	 17.16  
 433 P	 41.61  
 434 E	 38.83  
 435 F	 7.88  
 436 H	 15.98  
 437 I	 3.63  
 438 Q	 20.95  
 439 F	 7.28  
 440 L	 5.18  
 441 G	 42.65  
 442 G	 28.70  
 443 K	 48.17  
 444 S	 45.82  
 445 Q	 57.75  
 446 K	 69.26  
 447 D	 39.05  
 448 Q	 58.88  
 449 N	 53.66  
 450 T	 23.08  
 451 F	 8.71  
 452 Q	 33.19  
 453 K	 49.15  
 454 L	 2.67  
 455 L	 4.99  
 456 H	 22.99  
 457 I	 3.65  
 458 N	 22.08  
 459 A	 8.14  
 460 T	 17.22  
 461 A	 14.03  
 462 L	 3.03  
 463 L	 5.70  
 464 E	 60.95  
 465 Y	 11.01  
 466 P	 25.36  
 467 E	 51.97  
 468 Y	 17.89  
 469 S	 32.07  
 470 G	 18.90  
 471 P	 25.45  
 472 L	 11.60  
 473 L	 3.61  
 474 P	 31.67  
 475 A	 15.30  
 476 S	 22.72  
 477 A	 12.00  
 478 V	 6.47  
 479 A	 11.75  
 480 P	 48.94  
 481 G	 21.03  
 482 P	 18.50  
 483 S	 47.59  
 484 A	 19.33  
 485 L	 8.42  
 486 D	 48.33  
 487 R	 35.87  
 488 K	 50.56  
 489 V	 7.49  
 490 T	 22.71  
 491 P	 35.46  
 492 L	 9.20  
 493 Q	 38.08  
 494 K	 68.99  
 495 E	 42.60  
 496 L	 7.80  
 497 Q	 42.60  
 498 E	 69.59  
 499 T	 22.32  
 500 L	 3.99  
 501 K	 55.74  
 502 G	 29.28  
 503 L	 4.71  
 504 L	 7.50  
 505 G	 26.32  
 506 S	 33.01  
 507 A	 22.27  
 508 D	 58.51  
 509 K	 50.55  
 510 G	 37.70  
 511 S	 27.39  
 512 L	 9.28  
 513 E	 31.63  
 514 V	 9.42  
 515 A	 4.61  
 516 T	 27.74  
 517 Q	 25.63  
 518 Y	 14.48  
 519 G	 9.74  
 520 W	 5.20  
 521 V	 2.77  
 522 L	 4.10  
 523 D	 30.94  
 524 A	 12.49  
 525 E	 33.11  
 526 V	 7.44  
 527 L	 3.11  
 528 L	 7.76  
 529 D	 40.29  
 530 S	 47.70  
 531 D	 61.38  
 532 G	 31.35  
 533 E	 49.34  
 534 F	 13.13  
 535 L	 3.14  
 536 P	 25.15  
 537 V	 11.31  
 538 R	 29.70  
 539 D	 42.48  
 540 F	 3.37  
 541 V	 10.70  
 542 A	 5.93  
 543 P	 20.09  
 544 H	 24.86  
 545 L	 4.63  
 546 A	 15.40  
 547 Q	 42.31  
 548 P	 32.87  
 549 T	 37.07  
 550 G	 30.30  
 551 S	 29.93  
 552 Q	 62.39  
 553 S	 40.86  
 554 P	 31.31  
 555 P	 51.65  
 556 P	 64.17  
 557 G	 52.12  
 558 S	 22.00  
 559 K	 58.30  
 560 R	 32.71  
 561 L	 4.55  
 562 A	 12.88  
 563 F	 5.87  
 564 L	 5.31  
 565 R	 25.15  
 566 W	 17.46  
 567 E	 44.80  
 568 F	 4.81  
 569 P	 32.75  
 570 N	 54.79  
 571 F	 10.01  
 572 N	 43.06  
 573 S	 33.52  
 574 R	 49.16  
 575 S	 30.27  
 576 K	 51.81  
 577 D	 48.66  
 578 L	 6.67  
 579 L	 7.11  
 580 G	 28.42  
 581 R	 20.61  
 582 F	 5.11  
 583 V	 3.83  
 584 L	 2.56  
 585 A	 10.93  
 586 R	 26.92  
 587 R	 20.48  
 588 H	 17.20  
 589 I	 1.82  
 590 V	 2.14  
 591 A	 10.98  
 592 A	 9.81  
 593 G	 14.25  
 594 F	 3.45  
 595 L	 3.50  
 596 I	 2.02  
 597 V	 7.07  
 598 D	 35.06  
 599 V	 2.15  
 600 P	 22.95  
 601 F	 9.67  
 602 Y	 10.50  
 603 E	 46.06  
 604 W	 5.46  
 605 L	 3.55  
 606 E	 56.05  
 607 L	 7.48  
 608 K	 36.63  
 609 S	 57.61  
 610 E	 52.95  
 611 W	 16.57  
 612 Q	 30.19  
 613 K	 46.73  
 614 G	 12.35  
 615 A	 17.33  
 616 Y	 23.97  
 617 L	 6.00  
 618 K	 42.50  
 619 D	 47.60  
 620 K	 38.73  
 621 M	 8.34  
 622 R	 29.53  
 623 K	 43.65  
 624 A	 8.73  
 625 V	 8.48  
 626 A	 14.92  
 627 E	 47.12  
 628 E	 44.27  
 629 L	 5.76  
 630 A	 20.84  
 631 K	 73.77  
