 1 M	 8.91  
 2 N	 40.11  
 3 S	 20.42  
 4 A	 13.44  
 5 A	 21.27  
 6 G	 25.06  
 7 F	 3.40  
 8 S	 23.40  
 9 H	 29.50  
 10 L	 5.47  
 11 D	 42.01  
 12 R	 49.04  
 13 R	 35.42  
 14 E	 48.30  
 15 R	 36.94  
 16 V	 4.78  
 17 L	 4.79  
 18 K	 52.14  
 19 L	 8.88  
 20 G	 27.24  
 21 E	 63.79  
 22 S	 36.59  
 23 F	 13.64  
 24 E	 61.12  
 25 K	 64.69  
 26 Q	 24.38  
 27 P	 44.37  
 28 R	 23.15  
 29 C	 6.37  
 30 A	 10.67  
 31 F	 5.93  
 32 H	 12.62  
 33 T	 10.54  
 34 V	 3.91  
 35 R	 26.85  
 36 Y	 22.77  
 37 D	 34.23  
 38 F	 8.28  
 39 K	 36.45  
 40 P	 31.10  
 41 A	 21.51  
 42 S	 29.53  
 43 I	 7.91  
 44 D	 37.73  
 45 T	 32.27  
 46 S	 23.73  
 47 S	 36.81  
 48 E	 52.18  
 49 G	 33.98  
 50 Y	 8.81  
 51 L	 6.72  
 52 E	 39.74  
 53 V	 8.58  
 54 G	 28.02  
 55 E	 65.81  
 56 G	 25.38  
 57 E	 37.26  
 58 Q	 48.81  
 59 V	 3.48  
 60 T	 14.13  
 61 I	 3.80  
 62 T	 27.14  
 63 L	 2.43  
 64 P	 30.97  
 65 N	 48.32  
 66 I	 6.31  
 67 E	 54.45  
 68 G	 32.78  
 69 S	 25.58  
 70 T	 42.33  
 71 P	 24.06  
 72 P	 34.20  
 73 V	 8.20  
 74 T	 26.46  
 75 V	 4.80  
 76 F	 5.61  
 77 K	 58.92  
 78 G	 32.98  
 79 S	 37.79  
 80 K	 67.45  
 81 K	 40.36  
 82 P	 43.34  
 83 Y	 39.01  
 84 L	 5.23  
 85 K	 44.70  
 86 E	 24.97  
 87 C	 2.68  
 88 I	 3.04  
 89 L	 4.93  
 90 I	 1.18  
 91 I	 3.16  
 92 N	 21.71  
 93 H	 24.49  
 94 D	 52.50  
 95 T	 27.59  
 96 G	 37.76  
 97 E	 20.68  
 98 C	 6.78  
 99 R	 41.39  
 100 L	 11.71  
 101 E	 32.38  
 102 K	 59.26  
 103 L	 5.05  
 104 S	 32.19  
 105 S	 42.56  
 106 N	 30.49  
 107 I	 5.17  
 108 T	 30.44  
 109 V	 5.47  
 110 K	 39.51  
 111 K	 36.91  
 112 T	 33.94  
 113 R	 33.11  
 114 V	 13.63  
 115 E	 50.49  
 116 G	 34.07  
 117 S	 18.23  
 118 S	 44.63  
 119 K	 35.21  
 120 I	 4.74  
 121 Q	 35.40  
 122 Y	 27.42  
 123 R	 21.47  
 124 K	 55.74  
 125 E	 44.62  
 126 Q	 49.79  
 127 Q	 44.11  
 128 Q	 34.86  
 129 Q	 30.66  
 130 Q	 34.22  
 131 M	 2.96  
 132 W	 7.41  
 133 N	 22.05  
 134 S	 12.01  
 135 A	 19.02  
 136 R	 51.00  
 137 T	 19.08  
 138 P	 26.97  
 139 N	 57.78  
 140 L	 5.97  
 141 V	 7.15  
 142 K	 41.34  
 143 H	 37.15  
 144 S	 25.14  
 145 P	 41.27  
 146 S	 62.53  
 147 E	 66.10  
 148 D	 57.19  
 149 K	 36.91  
 150 M	 10.05  
 151 S	 24.05  
 152 P	 33.00  
 153 A	 22.19  
 154 S	 26.27  
 155 P	 35.81  
 156 I	 7.42  
 157 D	 54.97  
 158 D	 45.42  
 159 I	 4.82  
 160 E	 47.28  
 161 R	 55.68  
 162 E	 41.66  
 163 L	 8.79  
 164 K	 39.15  
 165 A	 30.16  
 166 E	 36.88  
 167 A	 16.90  
 168 S	 18.74  
 169 L	 5.90  
 170 M	 2.89  
 171 D	 46.45  
 172 Q	 21.49  
 173 M	 2.51  
 174 S	 23.37  
 175 S	 19.32  
 176 C	 4.63  
 177 D	 54.20  
 178 S	 35.75  
 179 S	 25.55  
 180 S	 50.26  
 181 D	 63.13  
 182 S	 36.06  
 183 K	 60.39  
 184 S	 39.13  
 185 S	 37.67  
 186 S	 41.13  
 187 S	 35.87  
 188 S	 39.57  
 189 S	 39.43  
 190 S	 47.58  
 191 E	 64.95  
 192 D	 56.63  
 193 S	 27.91  
 194 S	 50.95  
 195 S	 49.46  
 196 D	 58.98  
 197 S	 49.23  
 198 E	 71.11  
 199 D	 62.07  
 200 E	 62.35  
 201 D	 58.42  
 202 C	 4.30  
 203 K	 60.82  
 204 S	 45.22  
 205 S	 19.88  
 206 T	 37.40  
 207 S	 34.81  
 208 D	 59.74  
 209 T	 30.02  
 210 G	 30.45  
 211 N	 25.72  
 212 C	 2.45  
 213 V	 9.96  
 214 S	 33.32  
 215 G	 15.47  
 216 H	 13.72  
 217 P	 27.65  
 218 T	 27.46  
 219 M	 2.31  
 220 T	 25.56  
 221 Q	 18.06  
 222 Y	 11.01  
 223 R	 24.93  
 224 I	 2.83  
 225 P	 24.41  
 226 D	 49.37  
 227 I	 3.91  
 228 D	 49.77  
 229 A	 17.02  
 230 S	 19.97  
 231 H	 31.07  
 232 N	 42.14  
 233 R	 23.66  
 234 F	 16.27  
 235 R	 38.68  
 236 D	 51.43  
 237 N	 33.45  
 238 S	 34.80  
 239 G	 29.14  
 240 L	 4.04  
 241 L	 2.58  
 242 M	 4.30  
 243 N	 35.61  
 244 T	 17.09  
 245 L	 4.01  
 246 R	 32.36  
 247 N	 58.41  
 248 D	 29.38  
 249 L	 6.70  
 250 Q	 45.89  
 251 L	 8.79  
 252 S	 19.43  
 253 E	 68.65  
 254 S	 39.97  
 255 G	 31.27  
 256 S	 43.13  
 257 D	 60.66  
 258 S	 45.43  
 259 D	 71.30  
 260 D	 65.46  
