 1 M	 7.81  
 2 A	 24.47  
 3 A	 22.01  
 4 E	 61.75  
 5 E	 43.62  
 6 P	 28.87  
 7 Q	 62.71  
 8 Q	 64.25  
 9 Q	 44.12  
 10 K	 52.90  
 11 Q	 53.88  
 12 E	 49.91  
 13 P	 39.26  
 14 L	 11.46  
 15 G	 39.87  
 16 S	 45.72  
 17 D	 49.24  
 18 S	 37.64  
 19 E	 72.63  
 20 G	 21.64  
 21 V	 3.92  
 22 N	 26.41  
 23 C	 1.82  
 24 L	 4.11  
 25 A	 16.36  
 26 Y	 11.02  
 27 D	 32.99  
 28 E	 27.67  
 29 A	 8.24  
 30 I	 1.90  
 31 M	 3.38  
 32 A	 9.58  
 33 Q	 28.47  
 34 Q	 32.20  
 35 D	 37.25  
 36 R	 25.03  
 37 I	 7.16  
 38 Q	 35.43  
 39 Q	 41.51  
 40 E	 19.28  
 41 I	 3.85  
 42 A	 8.97  
 43 V	 7.49  
 44 Q	 36.48  
 45 N	 25.85  
 46 P	 19.63  
 47 L	 9.68  
 48 V	 6.19  
 49 S	 25.36  
 50 E	 54.53  
 51 R	 26.42  
 52 L	 7.34  
 53 E	 45.26  
 54 L	 5.20  
 55 S	 10.74  
 56 V	 12.08  
 57 L	 4.55  
 58 Y	 10.30  
 59 K	 39.84  
 60 E	 36.10  
 61 Y	 15.90  
 62 A	 18.16  
 63 E	 66.06  
 64 D	 46.19  
 65 D	 34.63  
 66 N	 47.38  
 67 I	 4.17  
 68 Y	 15.90  
 69 Q	 34.00  
 70 Q	 32.25  
 71 K	 35.88  
 72 I	 3.50  
 73 K	 62.36  
 74 D	 58.44  
 75 L	 5.61  
 76 H	 34.39  
 77 K	 61.78  
 78 K	 28.78  
 79 Y	 16.12  
 80 S	 23.98  
 81 Y	 11.14  
 82 I	 2.75  
 83 R	 26.51  
 84 K	 39.05  
 85 T	 37.27  
 86 R	 30.28  
 87 P	 60.12  
 88 D	 58.61  
 89 G	 35.17  
 90 N	 21.80  
 91 C	 3.76  
 92 F	 5.54  
 93 Y	 11.84  
 94 R	 11.82  
 95 A	 9.49  
 96 F	 8.21  
 97 G	 23.35  
 98 F	 3.16  
 99 S	 27.78  
 100 H	 25.98  
 101 L	 3.89  
 102 E	 31.67  
 103 A	 21.56  
 104 L	 3.83  
 105 L	 9.91  
 106 D	 60.01  
 107 D	 62.67  
 108 S	 27.91  
 109 K	 70.23  
 110 E	 54.83  
 111 L	 5.21  
 112 Q	 50.27  
 113 R	 47.89  
 114 F	 3.72  
 115 K	 50.49  
 116 A	 9.59  
 117 V	 6.19  
 118 S	 34.53  
 119 A	 17.34  
 120 K	 55.33  
 121 S	 40.78  
 122 K	 55.32  
 123 E	 64.76  
 124 D	 56.99  
 125 L	 4.13  
 126 V	 6.59  
 127 S	 31.70  
 128 Q	 43.47  
 129 G	 24.76  
 130 F	 4.60  
 131 T	 36.69  
 132 E	 38.23  
 133 F	 8.29  
 134 T	 19.75  
 135 I	 6.08  
 136 E	 52.12  
 137 D	 46.37  
 138 F	 2.87  
 139 H	 44.75  
 140 N	 34.70  
 141 T	 16.27  
 142 F	 4.32  
 143 M	 3.74  
 144 D	 40.06  
 145 L	 2.89  
 146 I	 2.79  
 147 E	 56.74  
 148 Q	 41.49  
 149 V	 6.87  
 150 E	 38.86  
 151 K	 61.08  
 152 Q	 26.04  
 153 T	 35.92  
 154 S	 16.89  
 155 V	 5.65  
 156 A	 11.08  
 157 D	 39.81  
 158 L	 2.87  
 159 L	 3.74  
 160 A	 21.26  
 161 S	 25.26  
 162 F	 10.98  
 163 N	 43.87  
 164 D	 41.62  
 165 Q	 50.11  
 166 S	 32.51  
 167 T	 21.71  
 168 S	 29.52  
 169 D	 40.65  
 170 Y	 10.93  
 171 L	 2.23  
 172 V	 1.85  
 173 V	 3.26  
 174 Y	 4.42  
 175 L	 1.78  
 176 R	 15.23  
 177 L	 5.89  
 178 L	 2.64  
 179 T	 25.38  
 180 S	 25.96  
 181 G	 23.18  
 182 Y	 10.22  
 183 L	 4.40  
 184 Q	 38.31  
 185 R	 47.78  
 186 E	 45.37  
 187 S	 36.63  
 188 K	 49.69  
 189 F	 13.96  
 190 F	 9.07  
 191 E	 40.81  
 192 H	 24.67  
 193 F	 4.24  
 194 I	 5.33  
 195 E	 55.44  
 196 G	 26.51  
 197 G	 14.86  
 198 R	 47.40  
 199 T	 38.92  
 200 V	 5.57  
 201 K	 44.45  
 202 E	 47.52  
 203 F	 3.64  
 204 C	 4.24  
 205 Q	 48.03  
 206 Q	 58.86  
 207 E	 23.99  
 208 V	 9.70  
 209 E	 26.94  
 210 P	 38.35  
 211 M	 3.01  
 212 C	 6.91  
 213 K	 54.74  
 214 E	 57.37  
 215 S	 21.71  
 216 D	 45.94  
 217 H	 23.86  
 218 I	 2.75  
 219 H	 11.28  
 220 I	 1.63  
 221 I	 1.27  
 222 A	 9.02  
 223 L	 2.27  
 224 A	 5.42  
 225 Q	 43.62  
 226 A	 9.01  
 227 L	 3.27  
 228 S	 19.48  
 229 V	 6.42  
 230 S	 12.15  
 231 I	 5.08  
 232 Q	 17.93  
 233 V	 5.62  
 234 E	 20.82  
 235 Y	 12.88  
 236 M	 1.47  
 237 D	 55.31  
 238 R	 28.65  
 239 G	 33.37  
 240 E	 56.17  
 241 G	 41.39  
 242 G	 25.68  
 243 T	 33.97  
 244 T	 50.45  
 245 N	 26.45  
 246 P	 21.62  
 247 H	 36.07  
 248 I	 6.94  
 249 F	 4.02  
 250 P	 44.42  
 251 E	 65.68  
 252 G	 37.23  
 253 S	 49.41  
 254 E	 61.06  
 255 P	 32.86  
 256 K	 39.19  
 257 V	 6.27  
 258 Y	 9.34  
 259 L	 3.67  
 260 L	 1.54  
 261 Y	 16.50  
 262 R	 30.60  
 263 P	 21.98  
 264 G	 24.00  
 265 H	 21.56  
 266 Y	 15.59  
 267 D	 20.81  
 268 I	 3.40  
 269 L	 3.99  
 270 Y	 18.26  
 271 K	 50.87  
