 1 M	 14.55  
 2 D	 49.62  
 3 P	 23.89  
 4 T	 39.11  
 5 A	 26.17  
 6 G	 42.34  
 7 S	 37.78  
 8 K	 61.30  
 9 K	 71.49  
 10 E	 53.57  
 11 P	 56.46  
 12 G	 48.54  
 13 G	 33.03  
 14 G	 20.25  
 15 A	 17.93  
 16 A	 20.86  
 17 T	 33.75  
 18 E	 48.29  
 19 E	 65.18  
 20 G	 18.77  
 21 V	 5.01  
 22 N	 40.26  
 23 R	 18.81  
 24 I	 3.70  
 25 A	 14.34  
 26 V	 6.11  
 27 P	 34.12  
 28 K	 64.06  
 29 P	 23.08  
 30 P	 54.81  
 31 S	 51.68  
 32 I	 7.88  
 33 E	 58.28  
 34 E	 42.92  
 35 F	 3.81  
 36 S	 29.74  
 37 I	 5.84  
 38 V	 6.13  
 39 K	 34.66  
 40 P	 20.92  
 41 I	 3.48  
 42 S	 32.94  
 43 R	 40.97  
 44 G	 20.61  
 45 A	 14.65  
 46 F	 12.39  
 47 G	 20.27  
 48 K	 22.66  
 49 V	 4.96  
 50 Y	 14.48  
 51 L	 7.02  
 52 G	 14.96  
 53 Q	 38.33  
 54 K	 68.76  
 55 G	 30.49  
 56 G	 24.67  
 57 K	 47.17  
 58 L	 3.62  
 59 Y	 16.91  
 60 A	 12.70  
 61 V	 2.82  
 62 K	 32.89  
 63 V	 6.49  
 64 V	 4.33  
 65 K	 45.27  
 66 K	 37.70  
 67 A	 13.09  
 68 D	 47.58  
 69 M	 4.31  
 70 I	 7.36  
 71 N	 24.02  
 72 K	 36.85  
 73 N	 35.78  
 74 M	 3.65  
 75 T	 20.67  
 76 H	 18.29  
 77 Q	 21.61  
 78 V	 4.52  
 79 Q	 30.82  
 80 A	 18.22  
 81 E	 33.72  
 82 R	 37.20  
 83 D	 37.12  
 84 A	 10.85  
 85 L	 6.04  
 86 A	 16.12  
 87 L	 7.43  
 88 S	 26.02  
 89 K	 64.10  
 90 S	 22.97  
 91 P	 27.07  
 92 F	 13.55  
 93 I	 1.85  
 94 V	 2.32  
 95 H	 11.87  
 96 L	 2.73  
 97 Y	 3.99  
 98 Y	 14.84  
 99 S	 13.33  
 100 L	 2.42  
 101 Q	 34.26  
 102 S	 37.95  
 103 A	 9.92  
 104 N	 43.69  
 105 N	 24.43  
 106 V	 3.81  
 107 Y	 8.83  
 108 L	 2.29  
 109 V	 1.18  
 110 M	 2.30  
 111 E	 29.70  
 112 Y	 5.87  
 113 L	 1.54  
 114 I	 5.92  
 115 G	 24.53  
 116 G	 29.55  
 117 D	 39.18  
 118 V	 5.26  
 119 K	 39.88  
 120 S	 35.69  
 121 L	 3.15  
 122 L	 2.74  
 123 H	 19.27  
 124 I	 2.62  
 125 Y	 8.60  
 126 G	 18.94  
 127 Y	 7.29  
 128 F	 9.17  
 129 D	 42.32  
 130 E	 39.51  
 131 E	 34.00  
 132 M	 4.96  
 133 A	 9.64  
 134 V	 4.70  
 135 K	 27.59  
 136 Y	 11.77  
 137 I	 2.04  
 138 S	 23.95  
 139 E	 23.42  
 140 V	 4.17  
 141 A	 5.31  
 142 L	 6.17  
 143 A	 6.66  
 144 L	 4.65  
 145 D	 38.04  
 146 Y	 12.78  
 147 L	 2.60  
 148 H	 17.29  
 149 R	 27.42  
 150 H	 22.51  
 151 G	 22.09  
 152 I	 1.64  
 153 I	 2.30  
 154 H	 18.45  
 155 R	 40.31  
 156 D	 44.90  
 157 L	 9.76  
 158 K	 55.40  
 159 P	 45.57  
 160 D	 52.13  
 161 N	 35.37  
 162 M	 4.60  
 163 L	 4.94  
 164 I	 2.64  
 165 S	 25.52  
 166 N	 52.88  
 167 E	 45.41  
 168 G	 31.88  
 169 H	 14.08  
 170 I	 6.02  
 171 K	 39.39  
 172 L	 5.70  
 173 T	 25.04  
 174 D	 46.16  
 175 F	 10.00  
 176 G	 31.67  
 177 L	 4.52  
 178 S	 26.01  
 179 K	 44.26  
 180 V	 7.09  
 181 T	 23.27  
 182 L	 5.76  
 183 N	 30.16  
 184 R	 49.66  
 185 D	 35.22  
 186 I	 3.00  
 187 N	 24.82  
 188 M	 2.33  
 189 M	 2.21  
 190 D	 23.21  
 191 I	 1.68  
 192 L	 3.67  
 193 T	 36.67  
 194 T	 15.21  
 195 P	 19.51  
 196 S	 29.31  
 197 M	 6.14  
 198 A	 24.04  
 199 K	 31.90  
 200 P	 29.62  
 201 R	 41.10  
 202 Q	 63.62  
 203 D	 44.66  
 204 Y	 7.54  
 205 S	 37.66  
 206 R	 38.42  
 207 T	 26.32  
 208 P	 30.06  
 209 G	 29.61  
 210 Q	 33.89  
 211 V	 4.93  
 212 L	 2.37  
 213 S	 25.46  
 214 L	 3.73  
 215 I	 2.06  
 216 S	 25.46  
 217 S	 26.05  
 218 L	 7.88  
 219 G	 18.73  
 220 F	 12.80  
 221 N	 43.05  
 222 T	 17.51  
 223 P	 25.54  
 224 I	 7.91  
 225 A	 23.94  
 226 E	 53.94  
 227 K	 51.38  
 228 N	 42.89  
 229 Q	 69.96  
 230 D	 54.39  
 231 P	 19.90  
 232 A	 24.80  
 233 N	 40.91  
 234 I	 3.32  
 235 L	 2.39  
 236 S	 17.09  
 237 A	 8.53  
 238 C	 3.74  
 239 L	 5.32  
 240 S	 38.42  
 241 E	 39.26  
 242 T	 20.56  
 243 S	 25.68  
 244 Q	 53.18  
 245 L	 4.07  
 246 S	 17.99  
 247 Q	 58.81  
 248 G	 19.39  
 249 L	 2.51  
 250 V	 4.38  
 251 C	 2.55  
 252 P	 15.59  
 253 M	 5.29  
 254 S	 14.00  
 255 V	 8.01  
 256 D	 42.37  
 257 Q	 43.28  
 258 K	 53.21  
 259 D	 50.62  
 260 T	 36.38  
 261 T	 30.29  
 262 P	 29.15  
 263 Y	 24.39  
 264 S	 23.38  
 265 S	 22.83  
 266 K	 52.47  
 267 L	 8.65  
 268 L	 4.39  
 269 K	 49.94  
 270 S	 24.73  
 271 C	 3.68  
 272 L	 8.80  
 273 E	 45.63  
 274 T	 14.39  
 275 V	 3.92  
 276 A	 15.83  
 277 S	 38.94  
 278 N	 27.66  
 279 P	 37.65  
 280 G	 36.96  
 281 M	 3.48  
 282 P	 28.47  
 283 V	 5.19  
 284 K	 20.04  
 285 C	 5.22  
 286 L	 4.95  
 287 T	 25.66  
 288 S	 16.72  
 289 N	 39.26  
 290 L	 4.63  
 291 L	 5.20  
 292 Q	 44.34  
 293 S	 39.47  
 294 R	 18.36  
 295 K	 57.94  
 296 R	 28.57  
 297 L	 7.37  
 298 A	 14.96  
 299 T	 28.01  
 300 S	 20.49  
 301 S	 28.02  
 302 A	 16.99  
 303 S	 30.75  
 304 S	 35.10  
 305 Q	 36.42  
 306 S	 26.83  
 307 H	 19.70  
 308 T	 28.10  
 309 F	 4.22  
 310 I	 2.93  
 311 S	 24.92  
 312 S	 25.70  
 313 V	 8.18  
 314 E	 42.65  
 315 S	 43.28  
 316 E	 23.81  
 317 C	 5.41  
 318 H	 27.53  
 319 S	 61.05  
 320 S	 13.56  
 321 P	 49.12  
 322 K	 70.68  
 323 W	 22.66  
 324 E	 45.18  
 325 K	 63.79  
 326 D	 28.02  
 327 C	 7.77  
 328 Q	 64.46  
 329 E	 67.50  
 330 S	 18.18  
 331 D	 44.42  
 332 E	 55.89  
 333 A	 23.86  
 334 L	 8.75  
 335 G	 23.76  
 336 P	 20.26  
 337 T	 24.57  
 338 M	 1.95  
 339 M	 4.64  
 340 S	 13.32  
 341 W	 4.47  
 342 N	 27.14  
 343 A	 12.46  
 344 V	 6.35  
 345 E	 37.59  
 346 K	 42.12  
 347 L	 1.86  
 348 C	 7.12  
 349 A	 21.19  
 350 K	 49.45  
 351 S	 14.29  
 352 A	 14.57  
 353 N	 48.84  
 354 A	 10.74  
 355 I	 7.48  
 356 E	 41.90  
 357 T	 30.29  
 358 K	 49.03  
 359 G	 38.49  
 360 F	 14.97  
 361 N	 60.17  
 362 K	 45.46  
 363 K	 69.52  
 364 D	 47.16  
 365 L	 8.80  
 366 E	 41.97  
 367 L	 8.26  
 368 A	 9.16  
 369 L	 11.06  
 370 S	 19.05  
 371 P	 32.48  
 372 I	 4.28  
 373 H	 31.35  
 374 N	 38.08  
 375 S	 11.65  
 376 S	 38.86  
 377 A	 19.85  
 378 L	 4.12  
 379 P	 27.86  
 380 T	 42.61  
 381 T	 28.76  
 382 G	 23.22  
 383 R	 25.45  
 384 S	 24.62  
 385 C	 1.96  
 386 V	 7.49  
 387 N	 38.31  
 388 L	 3.54  
 389 A	 12.21  
 390 K	 53.92  
 391 K	 34.60  
 392 C	 3.02  
 393 F	 16.84  
 394 S	 43.44  
 395 G	 21.05  
 396 E	 31.98  
 397 V	 10.33  
 398 S	 18.20  
 399 W	 11.62  
 400 E	 35.02  
 401 A	 8.20  
 402 V	 5.21  
 403 E	 46.42  
 404 L	 7.77  
 405 D	 27.82  
 406 V	 10.38  
 407 N	 43.24  
 408 N	 27.19  
 409 I	 3.68  
 410 N	 25.13  
 411 M	 5.34  
 412 D	 36.62  
 413 T	 30.33  
 414 D	 39.85  
 415 T	 22.06  
 416 S	 26.64  
 417 Q	 47.93  
 418 L	 8.73  
 419 G	 15.45  
 420 F	 6.87  
 421 H	 28.50  
 422 Q	 41.64  
 423 S	 23.55  
 424 N	 34.54  
 425 Q	 34.45  
 426 W	 11.51  
 427 A	 5.86  
 428 V	 5.69  
 429 D	 33.54  
 430 S	 32.11  
 431 G	 32.75  
 432 G	 24.97  
 433 I	 5.52  
 434 S	 39.96  
 435 E	 47.73  
 436 E	 37.31  
 437 H	 35.51  
 438 L	 11.07  
 439 G	 25.82  
 440 K	 45.21  
 441 R	 45.48  
 442 S	 41.55  
 443 L	 7.59  
 444 K	 46.68  
 445 R	 59.36  
 446 N	 32.91  
 447 F	 9.98  
 448 E	 51.97  
 449 L	 4.54  
 450 V	 5.44  
 451 D	 56.90  
 452 S	 28.80  
 453 S	 29.83  
 454 P	 37.59  
 455 C	 8.29  
 456 K	 50.84  
 457 K	 52.32  
 458 I	 2.09  
 459 I	 5.19  
 460 Q	 60.20  
 461 N	 37.07  
 462 K	 32.84  
 463 K	 55.49  
 464 T	 24.32  
 465 C	 2.77  
 466 V	 12.47  
 467 E	 51.52  
 468 Y	 9.35  
 469 K	 26.84  
 470 H	 34.28  
 471 N	 36.26  
 472 E	 47.29  
 473 M	 3.86  
 474 T	 18.89  
 475 N	 18.58  
 476 C	 3.05  
 477 Y	 15.70  
 478 T	 32.31  
 479 N	 13.46  
 480 Q	 40.85  
 481 N	 37.88  
 482 T	 24.65  
 483 G	 27.22  
 484 L	 4.57  
 485 T	 18.90  
 486 V	 9.02  
 487 E	 29.26  
 488 V	 4.69  
 489 Q	 36.49  
 490 D	 51.45  
 491 L	 3.17  
 492 K	 47.18  
 493 L	 9.33  
 494 S	 22.16  
 495 V	 10.78  
 496 H	 22.22  
 497 K	 48.05  
 498 S	 23.32  
 499 Q	 51.39  
 500 Q	 55.62  
 501 N	 38.40  
 502 D	 28.68  
 503 C	 6.19  
 504 A	 32.75  
 505 N	 59.51  
 506 K	 33.34  
 507 E	 52.58  
 508 N	 45.15  
 509 I	 3.04  
 510 V	 8.07  
 511 N	 27.84  
 512 S	 20.73  
 513 F	 9.63  
 514 T	 41.95  
 515 D	 44.76  
 516 K	 41.05  
 517 Q	 56.01  
 518 Q	 65.84  
 519 T	 30.81  
 520 P	 32.18  
 521 E	 71.29  
 522 K	 61.85  
 523 L	 4.42  
 524 P	 39.44  
 525 I	 5.39  
 526 P	 13.24  
 527 M	 4.88  
 528 I	 4.07  
 529 A	 6.61  
 530 K	 39.42  
 531 N	 24.80  
 532 L	 4.02  
 533 M	 2.03  
 534 C	 5.46  
 535 E	 45.34  
 536 L	 8.12  
 537 D	 27.65  
 538 E	 76.74  
 539 D	 45.61  
 540 C	 8.25  
 541 E	 68.54  
 542 K	 73.23  
 543 N	 30.39  
 544 S	 39.89  
 545 K	 59.70  
 546 R	 37.31  
 547 D	 53.08  
 548 Y	 16.71  
 549 L	 4.73  
 550 S	 20.08  
 551 S	 23.63  
 552 S	 20.89  
 553 F	 9.60  
 554 L	 2.70  
 555 C	 3.85  
 556 S	 46.34  
 557 D	 61.91  
 558 D	 30.88  
 559 D	 53.70  
 560 R	 47.99  
 561 A	 31.67  
 562 S	 27.42  
 563 K	 58.26  
 564 N	 29.13  
 565 I	 4.80  
 566 S	 22.70  
 567 M	 5.01  
 568 N	 35.56  
 569 S	 30.17  
 570 D	 43.21  
 571 S	 33.43  
 572 S	 40.21  
 573 F	 8.12  
 574 P	 40.95  
 575 G	 25.02  
 576 I	 2.28  
 577 S	 23.07  
 578 I	 3.16  
 579 M	 3.13  
 580 E	 47.75  
 581 S	 19.87  
 582 P	 27.17  
 583 L	 16.03  
 584 E	 51.19  
 585 S	 44.79  
 586 Q	 32.95  
 587 P	 47.62  
 588 L	 8.36  
 589 D	 55.99  
 590 S	 42.48  
 591 D	 48.27  
 592 R	 44.21  
 593 S	 42.90  
 594 I	 6.30  
 595 K	 53.44  
 596 E	 50.36  
 597 S	 35.01  
 598 S	 37.46  
 599 F	 19.68  
 600 E	 63.56  
 601 E	 47.26  
 602 S	 35.59  
 603 N	 44.97  
 604 I	 9.88  
 605 E	 58.80  
 606 D	 39.24  
 607 P	 15.93  
 608 L	 8.33  
 609 I	 3.84  
 610 V	 9.29  
 611 T	 13.35  
 612 P	 29.50  
 613 D	 37.05  
 614 C	 6.23  
 615 Q	 63.70  
 616 E	 65.71  
 617 K	 28.55  
 618 T	 49.89  
 619 S	 35.36  
 620 P	 42.52  
 621 K	 75.30  
 622 G	 35.04  
 623 V	 8.85  
 624 E	 67.19  
 625 N	 27.68  
 626 P	 21.94  
 627 A	 27.49  
 628 V	 7.37  
 629 Q	 50.97  
 630 E	 45.09  
 631 S	 27.72  
 632 N	 44.75  
 633 Q	 41.64  
 634 K	 40.10  
 635 M	 3.63  
 636 L	 13.85  
 637 G	 20.48  
 638 P	 26.75  
 639 P	 39.08  
 640 L	 8.82  
 641 E	 52.13  
 642 V	 9.77  
 643 L	 2.27  
 644 K	 46.82  
 645 T	 24.32  
 646 L	 4.91  
 647 A	 20.45  
 648 S	 34.95  
 649 K	 44.03  
 650 R	 33.57  
 651 N	 42.37  
 652 A	 9.69  
 653 V	 6.21  
 654 A	 7.54  
 655 F	 5.59  
 656 R	 30.51  
 657 S	 23.48  
 658 F	 10.68  
 659 N	 33.65  
 660 S	 24.59  
 661 H	 20.58  
 662 I	 4.65  
 663 N	 31.71  
 664 A	 17.03  
 665 S	 31.86  
 666 N	 54.35  
 667 N	 45.30  
 668 S	 55.95  
 669 E	 49.79  
 670 P	 27.36  
 671 S	 39.86  
 672 R	 31.07  
 673 M	 4.76  
 674 N	 29.48  
 675 M	 1.65  
 676 T	 22.57  
 677 S	 17.30  
 678 L	 3.42  
 679 D	 39.35  
 680 A	 11.66  
 681 M	 4.73  
 682 D	 31.22  
 683 I	 2.04  
 684 S	 6.61  
 685 C	 4.15  
 686 A	 8.50  
 687 Y	 20.21  
 688 S	 11.61  
 689 G	 20.65  
 690 S	 21.81  
 691 Y	 10.68  
 692 P	 13.87  
 693 M	 2.98  
 694 A	 9.67  
 695 I	 3.74  
 696 T	 15.67  
 697 P	 27.07  
 698 T	 37.76  
 699 Q	 38.16  
 700 K	 52.86  
 701 R	 26.40  
 702 R	 41.04  
 703 S	 20.85  
 704 C	 4.69  
 705 M	 3.32  
 706 P	 26.85  
 707 H	 12.90  
 708 Q	 42.86  
 709 Q	 56.76  
 710 T	 20.03  
 711 P	 26.79  
 712 N	 60.64  
 713 Q	 45.77  
 714 I	 4.95  
 715 K	 32.82  
 716 S	 49.91  
 717 G	 26.21  
 718 T	 25.00  
 719 P	 21.82  
 720 Y	 27.27  
 721 R	 45.84  
 722 T	 29.26  
 723 P	 20.23  
 724 K	 62.05  
 725 S	 23.27  
 726 V	 6.37  
 727 R	 36.40  
 728 R	 41.61  
 729 G	 14.90  
 730 V	 5.30  
 731 A	 10.96  
 732 P	 27.88  
 733 V	 8.26  
 734 D	 52.14  
 735 D	 48.80  
 736 G	 17.67  
 737 R	 28.14  
 738 I	 5.21  
 739 L	 6.35  
 740 G	 32.60  
 741 T	 15.00  
 742 P	 26.84  
 743 D	 51.41  
 744 Y	 13.13  
 745 L	 9.27  
 746 A	 6.84  
 747 P	 30.12  
 748 E	 46.58  
 749 L	 4.69  
 750 L	 4.55  
 751 L	 7.34  
 752 G	 25.38  
 753 R	 24.31  
 754 A	 15.36  
 755 H	 41.21  
 756 G	 15.75  
 757 P	 21.17  
 758 A	 19.25  
 759 V	 7.72  
 760 D	 36.99  
 761 W	 3.91  
 762 W	 4.16  
 763 A	 7.09  
 764 L	 3.12  
 765 G	 10.59  
 766 V	 2.39  
 767 C	 3.23  
 768 L	 4.24  
 769 F	 5.44  
 770 E	 27.14  
 771 F	 6.07  
 772 L	 3.18  
 773 T	 38.08  
 774 G	 32.33  
 775 I	 3.10  
 776 P	 28.86  
 777 P	 38.46  
 778 F	 17.64  
 779 N	 52.57  
 780 D	 62.62  
 781 E	 64.59  
 782 T	 29.30  
 783 P	 22.13  
 784 Q	 60.53  
 785 Q	 38.91  
 786 V	 4.48  
 787 F	 3.91  
 788 Q	 36.88  
 789 N	 30.05  
 790 I	 3.14  
 791 L	 4.96  
 792 K	 44.20  
 793 R	 43.58  
 794 D	 50.11  
 795 I	 4.46  
 796 P	 44.87  
 797 W	 12.15  
 798 P	 34.07  
 799 E	 75.31  
 800 G	 44.26  
 801 E	 50.74  
 802 E	 70.88  
 803 K	 49.33  
 804 L	 9.82  
 805 S	 39.63  
 806 D	 65.99  
 807 N	 36.18  
 808 A	 15.08  
 809 Q	 37.87  
 810 S	 31.69  
 811 A	 7.29  
 812 V	 5.94  
 813 E	 27.86  
 814 I	 2.84  
 815 L	 1.87  
 816 L	 4.91  
 817 T	 20.93  
 818 I	 4.56  
 819 D	 52.90  
 820 D	 50.72  
 821 T	 20.77  
 822 K	 47.44  
 823 R	 38.17  
 824 A	 24.80  
 825 G	 31.56  
 826 M	 2.73  
 827 K	 60.00  
 828 E	 51.10  
 829 L	 5.01  
 830 K	 50.15  
 831 R	 49.64  
 832 H	 23.10  
 833 P	 38.85  
 834 L	 5.40  
 835 F	 7.45  
 836 S	 44.39  
 837 D	 34.75  
 838 V	 9.99  
 839 D	 52.54  
 840 W	 9.02  
 841 E	 43.53  
 842 N	 40.52  
 843 L	 3.05  
 844 Q	 37.92  
 845 H	 28.39  
 846 Q	 26.91  
 847 T	 25.37  
 848 M	 1.73  
 849 P	 27.66  
 850 F	 9.88  
 851 I	 2.27  
 852 P	 39.78  
 853 Q	 49.60  
 854 P	 45.74  
 855 D	 62.22  
 856 D	 68.34  
 857 E	 56.83  
 858 T	 52.12  
 859 D	 31.44  
 860 T	 32.52  
 861 S	 30.54  
 862 Y	 13.92  
 863 F	 6.24  
 864 E	 38.19  
 865 A	 10.50  
 866 R	 33.56  
 867 N	 46.98  
 868 T	 23.34  
 869 A	 9.80  
 870 Q	 30.04  
 871 H	 22.47  
 872 L	 3.17  
 873 T	 15.53  
 874 V	 7.11  
 875 S	 28.96  
 876 G	 16.30  
 877 F	 5.39  
 878 S	 36.37  
 879 L	 8.32  
