 1 M	 9.64  
 2 T	 52.99  
 3 D	 32.74  
 4 P	 18.51  
 5 F	 6.16  
 6 C	 3.19  
 7 V	 10.48  
 8 G	 25.68  
 9 G	 7.37  
 10 R	 30.91  
 11 R	 48.81  
 12 L	 5.62  
 13 P	 38.52  
 14 G	 49.49  
 15 S	 32.43  
 16 S	 36.43  
 17 K	 62.22  
 18 S	 52.77  
 19 G	 38.42  
 20 P	 54.47  
 21 G	 44.18  
 22 K	 63.15  
 23 D	 67.24  
 24 G	 32.60  
 25 S	 50.76  
 26 R	 44.69  
 27 K	 63.36  
 28 E	 31.59  
 29 V	 9.51  
 30 R	 33.88  
 31 L	 3.36  
 32 P	 16.84  
 33 M	 6.50  
 34 L	 3.80  
 35 H	 39.00  
 36 D	 58.18  
 37 P	 21.47  
 38 P	 45.37  
 39 K	 54.17  
 40 M	 7.39  
 41 G	 24.30  
 42 M	 1.72  
 43 P	 18.74  
 44 V	 3.21  
 45 V	 3.76  
 46 R	 43.70  
 47 G	 22.43  
 48 G	 14.93  
 49 Q	 41.99  
 50 T	 31.76  
 51 V	 3.73  
 52 P	 32.35  
 53 G	 31.76  
 54 Q	 33.46  
 55 A	 12.63  
 56 P	 23.05  
 57 L	 5.22  
 58 C	 3.37  
 59 F	 19.59  
 60 D	 45.73  
 61 P	 25.55  
 62 G	 48.37  
 63 S	 23.76  
 64 P	 41.52  
 65 A	 31.87  
 66 S	 42.92  
 67 D	 65.09  
 68 K	 46.08  
 69 T	 55.77  
 70 E	 74.81  
 71 G	 52.92  
 72 K	 45.11  
 73 K	 71.91  
 74 K	 64.73  
 75 G	 61.06  
 76 R	 38.12  
 77 P	 49.21  
 78 K	 67.95  
 79 A	 24.53  
 80 E	 56.87  
 81 N	 36.97  
 82 Q	 33.02  
 83 A	 19.02  
 84 L	 3.49  
 85 R	 42.71  
 86 D	 47.94  
 87 I	 2.75  
 88 P	 21.86  
 89 L	 6.66  
 90 S	 21.88  
 91 L	 4.98  
 92 M	 3.72  
 93 N	 58.23  
 94 D	 39.58  
 95 W	 12.66  
 96 K	 50.69  
 97 D	 63.41  
 98 E	 45.37  
 99 F	 14.03  
 100 K	 43.04  
 101 A	 15.94  
 102 H	 19.41  
 103 S	 43.56  
 104 R	 23.27  
 105 V	 9.31  
 106 K	 42.75  
 107 C	 3.36  
 108 P	 32.10  
 109 N	 61.58  
 110 S	 22.07  
 111 G	 17.17  
 112 C	 3.63  
 113 W	 11.49  
 114 L	 5.90  
 115 E	 30.89  
 116 F	 5.57  
 117 P	 15.50  
 118 S	 33.49  
 119 I	 3.01  
 120 Y	 22.27  
 121 G	 17.64  
 122 L	 2.53  
 123 K	 26.14  
 124 Y	 15.71  
 125 H	 15.63  
 126 Y	 8.44  
 127 Q	 26.76  
 128 R	 13.94  
 129 C	 2.32  
 130 Q	 56.39  
 131 G	 31.00  
 132 G	 8.21  
 133 A	 12.63  
 134 I	 5.07  
 135 S	 19.02  
 136 D	 43.42  
 137 R	 22.56  
 138 L	 7.46  
 139 A	 13.76  
 140 F	 8.29  
 141 P	 21.18  
 142 C	 3.05  
 143 P	 36.84  
 144 F	 8.18  
 145 C	 1.78  
 146 E	 43.33  
 147 A	 14.73  
 148 A	 5.97  
 149 F	 11.61  
 150 T	 25.29  
 151 S	 27.53  
 152 K	 36.91  
 153 T	 37.85  
 154 Q	 51.89  
 155 L	 13.17  
 156 E	 36.68  
 157 K	 46.94  
 158 H	 19.65  
 159 R	 46.84  
 160 I	 4.28  
 161 W	 6.66  
 162 N	 20.45  
 163 H	 12.43  
 164 M	 4.17  
 165 D	 41.30  
 166 R	 27.38  
 167 P	 38.13  
 168 L	 6.03  
 169 P	 36.85  
 170 A	 37.56  
 171 S	 37.13  
 172 K	 56.98  
 173 P	 51.83  
 174 G	 35.59  
 175 P	 29.88  
 176 I	 7.27  
 177 S	 33.39  
 178 R	 30.35  
 179 P	 22.32  
 180 V	 7.84  
 181 T	 18.87  
 182 I	 3.15  
 183 S	 22.59  
 184 R	 26.52  
 185 P	 22.03  
 186 V	 13.21  
 187 G	 22.21  
 188 V	 7.28  
 189 S	 27.13  
 190 K	 37.94  
 191 P	 22.51  
 192 I	 11.06  
 193 G	 26.60  
 194 V	 7.42  
 195 S	 26.48  
 196 K	 40.89  
 197 P	 22.45  
 198 V	 7.57  
 199 T	 32.32  
 200 I	 7.32  
 201 G	 20.89  
 202 K	 32.45  
 203 P	 23.92  
 204 V	 15.66  
 205 G	 26.89  
 206 V	 7.28  
 207 S	 27.13  
 208 K	 37.94  
 209 P	 23.64  
 210 I	 9.82  
 211 G	 27.01  
 212 I	 5.04  
 213 S	 26.20  
 214 K	 47.74  
 215 P	 19.47  
 216 V	 9.23  
 217 S	 27.64  
 218 V	 8.41  
 219 G	 22.07  
 220 R	 23.37  
 221 P	 26.04  
 222 M	 3.93  
 223 P	 33.05  
 224 V	 7.54  
 225 T	 14.64  
 226 K	 44.55  
 227 A	 11.27  
 228 I	 2.76  
 229 P	 26.70  
 230 V	 6.07  
 231 T	 24.73  
 232 R	 30.38  
 233 P	 25.96  
 234 V	 5.55  
 235 P	 30.64  
 236 V	 12.52  
 237 T	 24.46  
 238 K	 37.41  
 239 P	 20.04  
 240 V	 9.83  
 241 T	 22.69  
 242 V	 4.68  
 243 S	 22.69  
 244 R	 27.48  
 245 P	 24.75  
 246 M	 3.97  
 247 P	 33.05  
 248 V	 7.54  
 249 T	 13.76  
 250 K	 42.81  
 251 A	 9.72  
 252 M	 2.67  
 253 P	 35.17  
 254 V	 7.44  
 255 T	 25.82  
 256 K	 34.36  
 257 P	 20.37  
 258 I	 5.29  
 259 T	 30.56  
 260 V	 7.03  
 261 T	 14.67  
 262 K	 45.15  
 263 S	 23.45  
 264 V	 4.75  
 265 P	 34.84  
 266 V	 11.43  
 267 T	 24.46  
 268 K	 44.23  
 269 P	 26.69  
 270 V	 6.75  
 271 P	 36.27  
 272 V	 12.52  
 273 T	 25.65  
 274 K	 34.36  
 275 P	 20.37  
 276 I	 5.29  
 277 T	 30.56  
 278 V	 4.62  
 279 T	 15.26  
 280 K	 36.30  
 281 L	 2.59  
 282 V	 4.27  
 283 T	 32.66  
 284 V	 5.16  
 285 T	 21.92  
 286 K	 39.42  
 287 P	 26.69  
 288 V	 6.75  
 289 P	 36.27  
 290 V	 12.52  
 291 T	 24.46  
 292 K	 37.41  
 293 P	 20.04  
 294 V	 9.83  
 295 T	 22.69  
 296 V	 4.68  
 297 S	 23.99  
 298 R	 22.19  
 299 P	 19.07  
 300 I	 4.67  
 301 V	 4.39  
 302 V	 6.70  
 303 S	 21.98  
 304 K	 31.71  
 305 P	 21.36  
 306 V	 10.70  
 307 T	 22.69  
 308 V	 4.68  
 309 S	 23.99  
 310 R	 23.47  
 311 P	 16.92  
 312 I	 5.30  
 313 A	 9.08  
 314 I	 3.73  
 315 S	 14.69  
 316 R	 31.42  
 317 H	 35.62  
 318 T	 28.02  
 319 P	 26.60  
 320 P	 31.36  
 321 C	 4.71  
 322 K	 37.51  
 323 M	 3.06  
 324 V	 2.12  
 325 L	 3.46  
 326 L	 2.26  
 327 T	 28.17  
 328 R	 41.78  
 329 S	 40.04  
 330 E	 60.50  
 331 N	 47.22  
 332 K	 56.57  
 333 A	 15.47  
 334 P	 28.22  
 335 R	 50.03  
 336 A	 17.22  
 337 T	 37.64  
 338 G	 26.28  
 339 R	 29.77  
 340 N	 57.36  
 341 S	 51.10  
 342 G	 42.95  
 343 K	 38.62  
 344 K	 51.28  
 345 R	 38.19  
 346 A	 25.21  
 347 A	 15.80  
 348 D	 49.07  
 349 S	 24.34  
 350 L	 6.95  
 351 D	 50.65  
 352 T	 26.02  
 353 C	 2.61  
 354 P	 44.18  
 355 I	 11.24  
 356 P	 18.38  
 357 P	 41.95  
 358 K	 51.76  
 359 Q	 48.67  
 360 A	 34.81  
 361 R	 36.25  
 362 P	 42.28  
 363 E	 72.77  
 364 N	 51.81  
 365 G	 28.04  
 366 E	 59.92  
 367 Y	 35.42  
 368 G	 16.00  
 369 P	 23.48  
 370 S	 28.70  
 371 S	 30.02  
 372 M	 7.12  
 373 G	 26.60  
 374 Q	 26.10  
 375 S	 20.22  
 376 S	 25.80  
 377 A	 11.06  
 378 F	 8.96  
 379 Q	 33.94  
 380 L	 3.53  
 381 S	 17.20  
 382 A	 32.47  
 383 D	 43.69  
 384 T	 25.22  
 385 S	 33.00  
 386 S	 34.20  
 387 G	 32.16  
 388 S	 27.85  
 389 L	 9.04  
 390 S	 28.98  
 391 P	 50.50  
 392 G	 32.67  
 393 S	 44.39  
 394 R	 35.01  
 395 P	 38.74  
 396 S	 47.04  
 397 G	 41.99  
 398 G	 18.33  
 399 M	 2.88  
 400 E	 54.87  
 401 A	 12.89  
 402 L	 2.18  
 403 K	 43.15  
 404 A	 20.64  
 405 A	 23.94  
 406 G	 24.14  
 407 P	 25.49  
 408 A	 33.48  
 409 S	 44.09  
 410 P	 42.29  
 411 P	 55.93  
 412 E	 77.68  
 413 E	 82.00  
 414 D	 49.01  
 415 P	 35.93  
 416 E	 82.43  
 417 R	 55.23  
 418 T	 29.55  
 419 K	 41.14  
 420 H	 33.88  
 421 R	 49.39  
 422 R	 45.54  
 423 K	 56.98  
 424 Q	 53.71  
 425 K	 70.59  
 426 T	 37.53  
 427 P	 44.89  
 428 K	 66.79  
 429 K	 49.73  
 430 F	 15.38  
 431 T	 49.00  
 432 G	 34.37  
 433 E	 57.15  
 434 Q	 38.08  
 435 P	 29.36  
 436 S	 29.13  
 437 I	 5.84  
 438 S	 35.80  
 439 G	 24.32  
 440 T	 14.03  
 441 F	 14.23  
 442 G	 26.73  
 443 L	 3.29  
 444 K	 51.05  
 445 G	 40.52  
 446 L	 3.23  
 447 V	 8.23  
 448 K	 51.61  
 449 A	 23.81  
 450 E	 55.09  
 451 D	 55.57  
 452 K	 29.60  
 453 A	 30.93  
 454 R	 30.43  
 455 V	 5.41  
 456 H	 23.81  
 457 R	 47.52  
 458 S	 29.35  
 459 K	 59.43  
 460 K	 55.62  
 461 Q	 65.69  
 462 E	 76.00  
 463 G	 29.94  
 464 P	 55.18  
 465 G	 49.43  
 466 P	 39.15  
 467 E	 70.94  
 468 D	 55.60  
 469 A	 24.43  
 470 R	 52.21  
 471 K	 60.90  
 472 K	 48.15  
 473 V	 4.35  
 474 P	 31.42  
 475 A	 28.94  
 476 A	 7.03  
 477 P	 25.53  
 478 I	 5.21  
 479 T	 20.05  
 480 V	 8.78  
 481 S	 19.01  
 482 K	 54.26  
 483 E	 52.99  
 484 A	 14.86  
 485 P	 37.88  
 486 A	 20.46  
 487 P	 23.83  
 488 V	 9.20  
 489 A	 11.24  
 490 H	 21.20  
 491 P	 30.34  
 492 A	 12.90  
 493 P	 53.37  
 494 G	 67.41  
 495 G	 25.95  
 496 P	 48.11  
 497 E	 67.12  
 498 E	 61.32  
 499 Q	 39.68  
 500 W	 7.91  
 501 Q	 25.31  
 502 R	 32.33  
 503 A	 7.75  
 504 I	 3.65  
 505 H	 20.09  
 506 E	 57.16  
 507 R	 33.80  
 508 G	 25.00  
 509 E	 44.12  
 510 A	 15.84  
 511 V	 3.32  
 512 C	 2.73  
 513 P	 33.13  
 514 T	 16.16  
 515 C	 1.88  
 516 N	 33.50  
 517 V	 5.17  
 518 V	 2.39  
 519 T	 23.36  
 520 R	 20.53  
 521 K	 36.52  
 522 T	 24.32  
 523 L	 3.01  
 524 V	 11.61  
 525 G	 34.59  
 526 L	 5.35  
 527 K	 34.40  
 528 K	 53.91  
 529 H	 18.95  
 530 M	 5.92  
 531 E	 39.60  
 532 V	 3.05  
 533 C	 1.56  
 534 Q	 55.45  
 535 K	 42.88  
 536 L	 1.99  
 537 Q	 40.75  
 538 D	 65.39  
 539 A	 8.92  
 540 L	 8.41  
 541 K	 33.30  
 542 C	 3.30  
 543 Q	 36.81  
 544 H	 23.87  
 545 C	 2.10  
 546 R	 33.41  
 547 K	 66.53  
 548 Q	 31.48  
 549 F	 12.37  
 550 K	 48.86  
 551 S	 29.09  
 552 K	 47.25  
 553 A	 34.49  
 554 G	 20.42  
 555 L	 7.41  
 556 N	 26.14  
 557 Y	 12.05  
 558 H	 14.21  
 559 T	 14.02  
 560 M	 2.34  
 561 A	 16.71  
 562 E	 27.79  
 563 H	 24.42  
 564 S	 29.50  
 565 A	 29.68  
 566 K	 48.33  
 567 P	 36.84  
 568 S	 49.06  
 569 D	 57.88  
 570 A	 20.70  
 571 E	 58.69  
 572 A	 18.01  
 573 S	 28.42  
 574 E	 77.57  
 575 G	 42.30  
 576 G	 29.39  
 577 E	 66.72  
 578 Q	 62.21  
 579 E	 55.51  
 580 E	 60.58  
 581 R	 33.32  
 582 E	 60.39  
 583 R	 46.11  
 584 L	 5.49  
 585 R	 33.00  
 586 K	 57.41  
 587 V	 6.98  
 588 L	 3.41  
 589 K	 41.02  
 590 Q	 35.09  
 591 M	 3.01  
 592 G	 23.99  
 593 R	 17.39  
 594 L	 5.68  
 595 R	 28.80  
 596 C	 4.89  
 597 P	 28.91  
 598 Q	 64.44  
 599 E	 41.41  
 600 G	 15.20  
 601 C	 3.09  
 602 G	 30.69  
 603 A	 14.92  
 604 A	 7.08  
 605 F	 5.16  
 606 S	 20.17  
 607 S	 18.87  
 608 L	 2.75  
 609 M	 5.19  
 610 G	 16.22  
 611 Y	 7.61  
 612 Q	 24.41  
 613 Y	 7.46  
 614 H	 10.11  
 615 Q	 29.58  
 616 R	 23.65  
 617 R	 27.28  
 618 C	 10.02  
 619 G	 43.63  
 620 K	 49.79  
 621 P	 24.86  
 622 P	 30.32  
 623 C	 12.34  
 624 E	 55.95  
 625 V	 12.91  
 626 D	 32.32  
 627 S	 27.85  
 628 P	 35.21  
 629 S	 45.86  
 630 F	 6.99  
 631 P	 26.83  
 632 C	 3.70  
 633 T	 22.05  
 634 H	 25.67  
 635 C	 3.01  
 636 G	 20.10  
 637 K	 48.02  
 638 T	 14.95  
 639 Y	 19.17  
 640 R	 36.59  
 641 S	 19.22  
 642 K	 49.76  
 643 A	 23.07  
 644 G	 20.24  
 645 H	 37.00  
 646 D	 34.02  
 647 Y	 9.13  
 648 H	 17.99  
 649 V	 6.16  
 650 R	 24.02  
 651 S	 32.42  
 652 E	 34.39  
 653 H	 28.69  
 654 T	 36.49  
 655 A	 19.26  
 656 P	 46.24  
 657 P	 46.61  
 658 P	 58.48  
 659 E	 80.52  
 660 E	 60.31  
 661 P	 44.21  
 662 T	 60.38  
 663 D	 61.22  
 664 K	 71.09  
 665 S	 30.68  
 666 P	 51.02  
 667 E	 72.31  
 668 A	 29.85  
 669 E	 59.50  
 670 D	 51.26  
 671 P	 23.63  
 672 L	 21.72  
 673 G	 25.32  
 674 V	 6.23  
 675 E	 49.38  
 676 R	 49.91  
 677 T	 14.32  
 678 P	 40.79  
 679 S	 38.32  
 680 G	 33.05  
 681 R	 24.09  
 682 V	 5.76  
 683 R	 34.50  
 684 R	 30.12  
 685 T	 20.18  
 686 S	 18.20  
 687 A	 13.78  
 688 Q	 24.38  
 689 V	 4.99  
 690 A	 6.03  
 691 V	 3.06  
 692 F	 3.25  
 693 H	 21.72  
 694 L	 3.12  
 695 Q	 31.32  
 696 E	 50.99  
 697 I	 3.07  
 698 A	 19.89  
 699 E	 58.65  
 700 D	 47.38  
 701 E	 35.52  
 702 L	 7.98  
 703 A	 12.82  
 704 R	 53.26  
 705 D	 52.36  
 706 W	 9.77  
 707 T	 20.97  
 708 K	 33.48  
 709 R	 36.23  
 710 R	 37.75  
 711 M	 6.92  
 712 K	 46.40  
 713 D	 45.17  
 714 D	 44.01  
 715 L	 11.25  
 716 V	 5.32  
 717 P	 40.28  
 718 E	 47.85  
 719 T	 15.82  
 720 A	 16.58  
 721 R	 30.77  
 722 L	 5.50  
 723 N	 30.49  
 724 Y	 14.55  
 725 T	 29.34  
 726 R	 16.96  
 727 P	 40.65  
 728 G	 40.78  
 729 L	 3.03  
 730 P	 40.53  
 731 T	 44.18  
 732 L	 9.22  
 733 N	 25.42  
 734 P	 29.34  
 735 Q	 58.57  
 736 L	 5.01  
 737 L	 3.39  
 738 E	 62.16  
 739 A	 23.63  
 740 W	 8.47  
 741 K	 50.72  
 742 N	 48.90  
 743 E	 51.76  
 744 V	 15.78  
 745 K	 47.75  
 746 E	 70.24  
 747 K	 48.91  
 748 G	 30.94  
 749 H	 20.77  
 750 V	 12.29  
 751 N	 29.83  
 752 C	 3.03  
 753 P	 34.19  
 754 N	 58.09  
 755 D	 24.48  
 756 C	 2.61  
 757 C	 4.40  
 758 E	 44.42  
 759 A	 7.66  
 760 I	 1.28  
 761 Y	 11.27  
 762 S	 20.39  
 763 S	 11.88  
 764 V	 4.29  
 765 S	 40.11  
 766 G	 29.10  
 767 L	 3.27  
 768 K	 36.97  
 769 A	 14.15  
 770 H	 21.97  
 771 L	 4.48  
 772 A	 9.91  
 773 S	 25.86  
 774 C	 3.97  
 775 S	 31.46  
 776 K	 65.53  
 777 G	 11.26  
 778 A	 9.77  
 779 H	 25.53  
 780 L	 7.15  
 781 A	 11.54  
 782 G	 33.61  
 783 K	 24.74  
 784 Y	 12.97  
 785 R	 14.21  
 786 C	 2.86  
 787 L	 4.00  
 788 L	 5.56  
 789 C	 2.67  
 790 P	 38.90  
 791 K	 71.09  
 792 E	 35.58  
 793 F	 14.04  
 794 S	 34.00  
 795 S	 40.89  
 796 E	 50.76  
 797 S	 51.32  
 798 G	 18.84  
 799 V	 8.50  
 800 K	 34.34  
 801 Y	 7.53  
 802 H	 17.12  
 803 I	 3.71  
 804 L	 3.14  
 805 K	 37.35  
 806 T	 23.91  
 807 H	 29.47  
 808 A	 19.63  
 809 E	 47.60  
 810 N	 43.92  
 811 W	 3.90  
 812 F	 10.34  
 813 R	 21.27  
 814 T	 20.84  
 815 S	 26.81  
 816 A	 32.49  
 817 D	 56.88  
 818 P	 46.97  
 819 P	 51.63  
 820 P	 50.93  
 821 K	 58.38  
 822 H	 40.16  
 823 R	 41.98  
 824 S	 37.75  
 825 Q	 44.24  
 826 D	 45.22  
 827 S	 24.51  
 828 L	 11.70  
 829 V	 8.27  
 830 P	 47.50  
 831 K	 67.11  
 832 K	 69.56  
 833 E	 76.00  
 834 K	 77.31  
 835 K	 48.24  
 836 K	 69.16  
 837 N	 43.96  
 838 L	 6.86  
 839 A	 33.80  
 840 G	 52.17  
 841 G	 27.06  
 842 K	 38.08  
 843 K	 64.46  
 844 R	 54.34  
 845 G	 51.33  
 846 R	 57.02  
 847 K	 64.36  
 848 P	 42.24  
 849 K	 63.96  
 850 E	 71.02  
 851 R	 62.80  
 852 T	 35.82  
 853 P	 50.61  
 854 E	 74.46  
 855 E	 46.40  
 856 P	 29.69  
 857 V	 9.20  
 858 A	 20.55  
 859 K	 62.86  
 860 L	 5.21  
 861 P	 21.46  
 862 P	 55.14  
 863 R	 53.36  
 864 R	 52.60  
 865 D	 64.70  
 866 D	 58.95  
 867 W	 12.79  
 868 P	 23.54  
 869 P	 50.71  
 870 G	 18.27  
 871 C	 6.66  
 872 R	 55.37  
 873 D	 58.79  
 874 K	 34.81  
 875 G	 25.46  
 876 A	 20.57  
 877 R	 48.54  
 878 G	 29.08  
 879 S	 23.33  
 880 T	 43.78  
 881 G	 29.16  
 882 R	 30.49  
 883 K	 44.69  
 884 V	 9.85  
 885 G	 22.48  
 886 V	 6.25  
 887 S	 19.71  
 888 K	 66.60  
 889 A	 15.24  
 890 P	 54.36  
 891 E	 76.02  
 892 K	 65.66  
