 1 M	 6.28  
 2 T	 34.13  
 3 A	 17.36  
 4 R	 32.75  
 5 E	 46.37  
 6 H	 37.23  
 7 S	 20.90  
 8 P	 33.91  
 9 R	 43.84  
 10 H	 37.33  
 11 G	 20.31  
 12 A	 8.88  
 13 R	 29.24  
 14 A	 11.75  
 15 R	 25.66  
 16 A	 9.47  
 17 M	 2.00  
 18 Q	 36.48  
 19 R	 19.88  
 20 A	 8.30  
 21 S	 28.25  
 22 T	 21.88  
 23 I	 3.57  
 24 D	 24.88  
 25 V	 4.12  
 26 A	 8.26  
 27 A	 11.55  
 28 D	 24.09  
 29 M	 2.47  
 30 L	 6.85  
 31 G	 13.44  
 32 L	 3.14  
 33 S	 17.86  
 34 L	 9.46  
 35 A	 12.95  
 36 G	 36.75  
 37 N	 24.12  
 38 I	 4.87  
 39 Q	 61.25  
 40 D	 49.15  
 41 P	 31.33  
 42 D	 80.66  
 43 E	 39.36  
 44 P	 43.79  
 45 I	 5.61  
 46 L	 8.77  
 47 E	 33.63  
 48 F	 6.95  
 49 S	 12.99  
 50 L	 7.27  
 51 A	 8.13  
 52 C	 3.83  
 53 S	 37.27  
 54 E	 44.44  
 55 L	 2.91  
 56 H	 31.51  
 57 T	 27.48  
 58 P	 23.34  
 59 S	 44.02  
 60 L	 8.54  
 61 D	 61.98  
 62 R	 62.72  
 63 K	 48.49  
 64 P	 42.46  
 65 N	 51.63  
 66 S	 29.62  
 67 F	 5.34  
 68 V	 5.29  
 69 A	 5.95  
 70 V	 3.88  
 71 S	 12.19  
 72 V	 5.77  
 73 T	 26.53  
 74 T	 30.71  
 75 P	 15.05  
 76 P	 35.72  
 77 Q	 50.85  
 78 A	 14.02  
 79 F	 7.78  
 80 W	 13.93  
 81 T	 13.39  
 82 K	 27.78  
 83 H	 18.72  
 84 A	 21.39  
 85 Q	 39.11  
 86 T	 29.90  
 87 E	 29.86  
 88 I	 3.84  
 89 I	 3.04  
 90 E	 66.67  
 91 G	 24.27  
 92 T	 21.02  
 93 N	 64.24  
 94 N	 30.77  
 95 P	 22.30  
 96 I	 6.20  
 97 F	 5.97  
 98 L	 3.98  
 99 S	 14.67  
 100 S	 21.78  
 101 I	 3.30  
 102 A	 10.93  
 103 F	 5.57  
 104 F	 6.11  
 105 Q	 32.69  
 106 D	 40.01  
 107 S	 21.99  
 108 L	 6.00  
 109 I	 3.78  
 110 N	 30.75  
 111 Q	 29.34  
 112 M	 2.15  
 113 T	 22.05  
 114 Q	 25.63  
 115 V	 5.04  
 116 K	 25.81  
 117 L	 4.38  
 118 S	 16.95  
 119 V	 7.39  
 120 Y	 16.19  
 121 D	 38.54  
 122 V	 3.68  
 123 K	 44.52  
 124 D	 56.14  
 125 R	 25.76  
 126 S	 42.99  
 127 Q	 52.88  
 128 G	 17.44  
 129 T	 8.59  
 130 M	 2.58  
 131 Y	 9.90  
 132 L	 2.79  
 133 L	 2.57  
 134 G	 22.79  
 135 S	 34.33  
 136 G	 23.89  
 137 T	 16.34  
 138 F	 7.44  
 139 I	 3.65  
 140 V	 3.26  
 141 K	 37.53  
 142 D	 41.54  
 143 L	 3.71  
 144 L	 7.74  
 145 Q	 53.65  
 146 D	 52.42  
 147 R	 17.98  
 148 H	 20.78  
 149 H	 34.59  
 150 R	 20.06  
 151 L	 3.18  
 152 H	 19.41  
 153 L	 5.97  
 154 T	 14.91  
 155 L	 5.25  
 156 R	 28.69  
 157 S	 39.23  
 158 A	 17.55  
 159 E	 55.19  
 160 S	 30.36  
 161 D	 40.57  
 162 R	 47.74  
 163 V	 9.15  
 164 G	 22.25  
 165 N	 24.73  
 166 I	 2.40  
 167 T	 15.29  
 168 V	 3.18  
 169 I	 3.30  
 170 G	 12.29  
 171 W	 5.34  
 172 Q	 24.97  
 173 M	 6.07  
 174 E	 47.36  
 175 E	 53.14  
 176 K	 46.13  
 177 S	 42.11  
 178 D	 60.62  
 179 Q	 67.86  
 180 R	 42.34  
 181 P	 23.29  
 182 P	 42.15  
 183 V	 8.44  
 184 T	 24.01  
 185 R	 34.61  
 186 S	 18.25  
 187 V	 6.88  
 188 D	 46.30  
 189 T	 17.45  
 190 V	 6.55  
 191 N	 34.15  
 192 G	 18.09  
 193 R	 13.56  
 194 M	 3.73  
 195 V	 5.42  
 196 L	 2.21  
 197 P	 21.80  
 198 V	 12.79  
 199 D	 37.52  
 200 E	 48.13  
 201 S	 35.81  
 202 L	 4.76  
 203 T	 28.61  
 204 E	 47.38  
 205 A	 13.07  
 206 L	 4.82  
 207 G	 21.95  
 208 I	 4.71  
 209 R	 25.87  
 210 S	 28.26  
 211 K	 34.68  
 212 Y	 11.58  
 213 A	 13.06  
 214 S	 26.14  
 215 L	 6.33  
 216 R	 32.10  
 217 K	 61.43  
 218 D	 35.83  
 219 T	 36.70  
 220 L	 8.99  
 221 L	 4.16  
 222 K	 47.92  
 223 S	 23.73  
 224 V	 5.03  
 225 F	 10.89  
 226 G	 23.59  
 227 G	 10.58  
 228 A	 9.70  
 229 I	 1.41  
 230 C	 1.71  
 231 R	 21.03  
 232 M	 2.14  
 233 Y	 6.97  
 234 R	 23.02  
 235 F	 3.30  
 236 P	 25.95  
 237 T	 34.50  
 238 T	 41.99  
 239 D	 59.37  
 240 G	 22.74  
 241 N	 33.55  
 242 H	 23.24  
 243 L	 4.17  
 244 R	 24.72  
 245 I	 6.63  
 246 L	 2.78  
 247 E	 35.62  
 248 Q	 32.70  
 249 M	 3.05  
 250 A	 12.95  
 251 E	 35.72  
 252 S	 20.86  
 253 V	 2.95  
 254 L	 6.67  
 255 S	 17.80  
 256 L	 4.06  
 257 H	 24.94  
 258 V	 5.18  
 259 P	 17.38  
 260 R	 41.29  
 261 Q	 41.22  
 262 F	 5.74  
 263 V	 3.02  
 264 K	 34.40  
 265 L	 5.77  
 266 L	 4.72  
 267 L	 11.11  
 268 E	 54.52  
 269 E	 53.58  
 270 D	 35.83  
 271 A	 10.63  
 272 A	 19.43  
 273 R	 35.03  
 274 V	 2.26  
 275 C	 4.04  
 276 E	 57.25  
 277 L	 5.39  
 278 E	 28.96  
 279 E	 74.77  
 280 L	 4.76  
 281 G	 36.76  
 282 E	 59.71  
 283 L	 7.03  
 284 S	 17.45  
 285 P	 39.61  
 286 C	 5.90  
 287 W	 11.12  
 288 E	 46.76  
 289 S	 11.59  
 290 L	 3.38  
 291 R	 37.42  
 292 R	 35.55  
 293 Q	 28.24  
 294 I	 3.25  
 295 V	 1.75  
 296 T	 24.16  
 297 Q	 19.90  
 298 Y	 9.77  
 299 Q	 19.19  
 300 T	 12.68  
 301 I	 1.11  
 302 I	 2.39  
 303 L	 3.01  
 304 T	 16.86  
 305 Y	 15.47  
 306 Q	 28.06  
 307 E	 43.74  
 308 N	 32.49  
 309 L	 3.76  
 310 T	 48.36  
 311 D	 45.37  
 312 L	 1.98  
 313 H	 25.99  
 314 Q	 36.59  
 315 Y	 13.54  
 316 R	 43.93  
 317 G	 19.78  
 318 P	 27.82  
 319 S	 42.05  
 320 F	 9.61  
 321 K	 52.26  
 322 A	 11.44  
 323 S	 36.47  
 324 S	 38.46  
 325 L	 4.99  
 326 K	 57.39  
 327 A	 38.87  
 328 D	 47.22  
 329 K	 65.21  
 330 K	 54.52  
 331 L	 8.33  
 332 E	 54.18  
 333 F	 13.29  
 334 V	 4.11  
 335 P	 22.38  
 336 T	 45.14  
 337 N	 24.45  
 338 L	 4.07  
 339 H	 19.06  
 340 I	 2.90  
 341 Q	 23.52  
 342 R	 17.80  
 343 M	 2.56  
 344 R	 25.74  
 345 V	 5.52  
 346 Q	 32.48  
 347 D	 54.38  
 348 D	 46.38  
 349 G	 45.88  
 350 G	 34.74  
 351 S	 41.37  
 352 D	 43.98  
 353 Q	 52.67  
 354 N	 41.24  
 355 Y	 11.04  
 356 D	 36.11  
 357 I	 1.76  
 358 V	 2.66  
 359 T	 17.64  
 360 I	 2.83  
 361 G	 19.01  
 362 A	 6.16  
 363 P	 25.43  
 364 A	 14.87  
 365 A	 11.70  
 366 H	 13.41  
 367 C	 3.47  
 368 Q	 50.95  
 369 G	 37.03  
 370 F	 2.04  
 371 K	 55.82  
 372 S	 35.51  
 373 G	 39.48  
 374 G	 29.42  
 375 L	 9.17  
 376 R	 37.02  
 377 K	 65.80  
 378 K	 49.76  
 379 L	 6.27  
 380 H	 41.46  
 381 K	 65.98  
 382 F	 7.74  
 383 E	 70.34  
 384 E	 69.89  
 385 T	 37.89  
 386 K	 47.75  
 387 K	 62.03  
 388 H	 36.59  
 389 F	 13.36  
 390 E	 50.25  
 391 E	 33.67  
 392 C	 2.12  
 393 C	 4.71  
 394 T	 37.27  
 395 S	 15.72  
 396 S	 25.99  
 397 G	 17.16  
 398 C	 2.87  
 399 Q	 40.99  
 400 S	 18.28  
 401 I	 0.84  
 402 I	 2.86  
 403 Y	 12.60  
 404 I	 1.41  
 405 P	 13.83  
 406 Q	 46.72  
 407 D	 35.21  
 408 V	 2.36  
 409 V	 7.10  
 410 R	 39.53  
 411 A	 11.39  
 412 K	 38.59  
 413 E	 38.35  
 414 I	 2.89  
 415 I	 2.12  
 416 A	 15.17  
 417 Q	 21.03  
 418 I	 2.92  
 419 N	 27.55  
 420 T	 31.12  
 421 L	 4.96  
 422 K	 34.57  
 423 T	 37.00  
 424 Q	 22.14  
 425 V	 4.87  
 426 S	 11.56  
 427 Y	 14.08  
 428 Y	 8.42  
 429 A	 6.28  
 430 E	 37.72  
 431 R	 29.77  
 432 L	 2.82  
 433 S	 26.54  
 434 R	 43.06  
 435 A	 18.58  
 436 A	 17.11  
 437 K	 53.33  
 438 D	 45.07  
 439 R	 27.73  
 440 S	 40.07  
 441 A	 13.43  
 442 T	 43.47  
 443 G	 25.84  
 444 L	 3.32  
 445 E	 44.99  
 446 R	 39.83  
 447 T	 15.92  
 448 L	 3.32  
 449 A	 8.30  
 450 I	 3.52  
 451 L	 4.14  
 452 A	 15.33  
 453 D	 49.79  
 454 K	 39.74  
 455 T	 24.97  
 456 R	 33.31  
 457 Q	 45.58  
 458 L	 2.92  
 459 V	 2.59  
 460 T	 24.82  
 461 V	 1.70  
 462 C	 3.57  
 463 D	 28.40  
 464 C	 2.57  
 465 K	 33.03  
 466 L	 7.40  
 467 L	 2.31  
 468 A	 20.40  
 469 N	 41.27  
 470 S	 15.45  
 471 I	 2.75  
 472 H	 34.21  
 473 G	 20.96  
 474 L	 2.14  
 475 N	 35.83  
 476 A	 15.19  
 477 A	 23.59  
 478 R	 23.39  
 479 P	 33.75  
 480 D	 41.75  
 481 Y	 10.89  
 482 I	 4.56  
 483 A	 9.96  
 484 S	 21.13  
 485 K	 43.81  
 486 A	 20.46  
 487 S	 32.23  
 488 P	 34.92  
 489 T	 45.87  
 490 S	 36.89  
 491 T	 50.31  
 492 E	 60.34  
 493 E	 54.54  
 494 E	 42.09  
 495 Q	 29.24  
 496 V	 4.40  
 497 M	 2.65  
 498 L	 4.93  
 499 R	 26.95  
 500 N	 47.54  
 501 D	 41.10  
 502 Q	 49.49  
 503 D	 44.67  
 504 T	 16.89  
 505 L	 3.21  
 506 M	 2.30  
 507 A	 13.63  
 508 R	 19.95  
 509 W	 8.15  
 510 T	 22.25  
 511 G	 21.58  
 512 R	 30.49  
 513 N	 43.02  
 514 S	 31.98  
 515 R	 33.54  
 516 S	 34.91  
 517 S	 23.01  
 518 L	 6.41  
 519 Q	 32.83  
 520 V	 11.90  
 521 D	 28.23  
 522 W	 11.26  
 523 H	 28.29  
 524 E	 54.05  
 525 E	 56.36  
 526 E	 58.93  
 527 W	 17.62  
 528 E	 40.80  
 529 K	 39.52  
 530 V	 4.82  
 531 W	 8.03  
 532 L	 5.12  
 533 N	 24.99  
 534 V	 10.32  
 535 D	 33.48  
 536 K	 53.29  
 537 S	 25.57  
 538 L	 8.40  
 539 E	 30.66  
 540 C	 3.94  
 541 I	 1.88  
 542 I	 3.02  
 543 Q	 21.31  
 544 R	 28.35  
 545 V	 4.33  
 546 D	 37.77  
 547 K	 48.52  
 548 L	 5.46  
 549 L	 9.35  
 550 Q	 56.87  
 551 K	 44.78  
 552 E	 47.73  
 553 R	 38.73  
 554 L	 6.80  
 555 H	 38.18  
 556 G	 37.27  
 557 E	 50.34  
 558 G	 25.38  
 559 C	 3.34  
 560 E	 68.98  
 561 D	 51.97  
 562 V	 2.42  
 563 F	 6.77  
 564 P	 13.59  
 565 C	 4.56  
 566 A	 17.11  
 567 G	 29.94  
 568 S	 8.83  
 569 C	 4.95  
 570 T	 45.32  
 571 S	 36.38  
 572 K	 46.69  
 573 K	 64.78  
 574 G	 55.42  
 575 N	 46.19  
 576 P	 53.82  
 577 D	 57.99  
 578 S	 15.98  
 579 H	 30.16  
 580 A	 12.81  
 581 Y	 8.92  
 582 W	 4.86  
 583 I	 3.24  
 584 R	 17.89  
 585 P	 41.01  
 586 E	 69.35  
 587 D	 44.23  
 588 P	 30.06  
 589 F	 9.57  
 590 C	 6.66  
 591 D	 56.60  
 592 V	 5.36  
 593 P	 18.81  
 594 S	 46.92  
 595 S	 25.17  
 596 P	 38.07  
 597 C	 4.49  
 598 P	 35.90  
 599 S	 44.02  
 600 T	 20.46  
 601 M	 2.64  
 602 P	 28.72  
 603 S	 20.15  
 604 T	 27.68  
 605 A	 8.24  
 606 C	 5.34  
 607 H	 15.45  
 608 P	 24.86  
 609 H	 16.49  
 610 L	 7.52  
 611 T	 16.09  
 612 T	 27.52  
 613 H	 12.57  
 614 C	 6.49  
 615 S	 32.60  
 616 P	 54.59  
 617 P	 32.42  
 618 P	 62.46  
 619 E	 76.04  
 620 E	 63.39  
 621 S	 39.92  
 622 S	 39.96  
 623 P	 54.74  
 624 G	 51.45  
 625 E	 51.73  
 626 W	 13.85  
 627 S	 14.53  
 628 E	 43.71  
 629 A	 13.59  
 630 L	 3.87  
 631 Y	 10.01  
 632 P	 23.03  
 633 L	 4.13  
 634 L	 2.73  
 635 T	 27.69  
 636 T	 27.85  
 637 L	 2.99  
 638 T	 25.84  
 639 D	 28.18  
 640 C	 1.45  
 641 V	 4.21  
 642 A	 8.35  
 643 M	 1.00  
 644 M	 3.19  
 645 S	 23.91  
 646 D	 36.72  
 647 K	 55.59  
 648 A	 24.46  
 649 K	 46.97  
 650 K	 46.72  
 651 A	 9.92  
 652 M	 2.77  
 653 V	 3.50  
 654 F	 2.52  
 655 L	 2.37  
 656 L	 1.65  
 657 M	 4.53  
 658 Q	 41.29  
 659 D	 32.57  
 660 S	 21.18  
 661 A	 17.34  
 662 P	 28.43  
 663 T	 23.98  
 664 I	 2.34  
 665 A	 7.83  
 666 T	 22.57  
 667 Y	 5.81  
 668 L	 3.42  
 669 S	 11.74  
 670 L	 4.84  
 671 Q	 26.72  
 672 Y	 16.95  
 673 R	 18.50  
 674 R	 35.82  
 675 D	 31.75  
 676 V	 3.18  
 677 V	 4.68  
 678 F	 2.28  
 679 C	 1.72  
 680 Q	 28.25  
 681 T	 27.53  
 682 L	 0.79  
 683 T	 23.86  
 684 A	 9.68  
 685 L	 2.54  
 686 I	 1.68  
 687 C	 3.66  
 688 G	 15.14  
 689 F	 4.53  
 690 I	 1.32  
 691 I	 3.00  
 692 K	 36.26  
 693 L	 3.15  
 694 R	 27.15  
 695 N	 43.04  
 696 C	 2.63  
 697 L	 5.91  
 698 H	 33.06  
 699 D	 44.79  
 700 D	 38.71  
 701 G	 29.55  
 702 F	 6.99  
 703 L	 4.11  
 704 R	 23.38  
 705 Q	 40.75  
 706 L	 3.09  
 707 Y	 6.48  
 708 T	 19.70  
 709 I	 2.01  
 710 G	 13.57  
 711 L	 2.94  
 712 L	 2.72  
 713 A	 19.63  
 714 Q	 42.48  
 715 F	 5.99  
 716 E	 28.53  
 717 S	 35.58  
 718 L	 3.27  
 719 L	 5.11  
 720 S	 25.52  
 721 T	 35.20  
 722 Y	 21.11  
 723 G	 23.22  
 724 E	 39.15  
 725 E	 37.15  
 726 L	 2.71  
 727 A	 12.09  
 728 M	 7.05  
 729 L	 4.14  
 730 E	 38.29  
 731 D	 28.19  
 732 M	 2.32  
 733 S	 35.45  
 734 L	 4.29  
 735 G	 13.08  
 736 I	 2.05  
 737 M	 3.63  
 738 D	 40.32  
 739 L	 2.07  
 740 R	 31.17  
 741 N	 44.47  
 742 V	 5.56  
 743 T	 22.68  
 744 F	 5.36  
 745 K	 34.70  
 746 V	 4.13  
 747 T	 17.05  
 748 Q	 45.70  
 749 A	 10.49  
 750 T	 17.25  
 751 S	 27.24  
 752 S	 23.14  
 753 A	 14.43  
 754 S	 27.09  
 755 A	 13.12  
 756 D	 36.33  
 757 M	 4.57  
 758 L	 2.93  
 759 P	 14.61  
 760 V	 5.57  
 761 I	 3.74  
 762 T	 28.74  
 763 G	 18.95  
 764 N	 30.16  
 765 R	 46.93  
 766 D	 70.77  
 767 G	 16.88  
 768 F	 10.02  
 769 N	 26.64  
 770 V	 6.44  
 771 R	 25.99  
 772 V	 5.07  
 773 P	 23.44  
 774 L	 7.58  
 775 P	 35.96  
 776 G	 38.95  
 777 P	 28.10  
 778 L	 8.22  
 779 F	 6.09  
 780 D	 55.68  
 781 A	 16.48  
 782 L	 4.41  
 783 P	 33.31  
 784 R	 55.27  
 785 E	 43.36  
 786 I	 4.11  
 787 Q	 29.22  
 788 S	 31.65  
 789 G	 8.38  
 790 M	 3.74  
 791 L	 2.93  
 792 L	 3.61  
 793 R	 22.51  
 794 V	 8.33  
 795 Q	 18.89  
 796 P	 23.17  
 797 V	 5.50  
 798 L	 3.08  
 799 F	 7.68  
 800 N	 27.26  
 801 V	 6.80  
 802 G	 20.36  
 803 I	 4.46  
 804 N	 34.79  
 805 E	 41.99  
 806 Q	 36.75  
 807 Q	 32.10  
 808 T	 27.85  
 809 L	 3.96  
 810 A	 14.87  
 811 E	 52.21  
 812 R	 34.93  
 813 F	 8.59  
 814 G	 43.43  
 815 D	 30.34  
 816 T	 31.54  
 817 S	 32.56  
 818 L	 5.67  
 819 Q	 42.55  
 820 E	 51.13  
 821 V	 2.20  
 822 I	 4.74  
 823 N	 36.36  
 824 V	 3.48  
 825 E	 33.59  
 826 S	 28.07  
 827 L	 1.32  
 828 V	 10.22  
 829 R	 33.18  
 830 L	 3.78  
 831 N	 24.89  
 832 S	 35.47  
 833 Y	 15.29  
 834 F	 6.29  
 835 E	 47.04  
 836 Q	 44.83  
 837 F	 6.00  
 838 K	 46.75  
 839 E	 51.04  
 840 V	 12.77  
 841 L	 3.94  
 842 P	 40.32  
 843 E	 58.14  
 844 D	 37.00  
 845 C	 5.55  
 846 L	 6.46  
 847 P	 38.23  
 848 R	 31.58  
 849 S	 34.05  
 850 R	 33.78  
 851 S	 30.96  
 852 Q	 34.81  
 853 T	 19.77  
 854 C	 4.65  
 855 L	 4.13  
 856 P	 32.13  
 857 E	 47.70  
 858 L	 3.82  
 859 L	 3.29  
 860 R	 37.05  
 861 F	 10.17  
 862 L	 5.80  
 863 G	 17.82  
 864 Q	 51.42  
 865 N	 26.24  
 866 V	 2.61  
 867 H	 27.63  
 868 A	 21.62  
 869 R	 28.36  
 870 K	 73.40  
 871 N	 35.26  
 872 K	 62.47  
 873 N	 46.19  
 874 V	 5.31  
 875 D	 39.39  
 876 I	 3.52  
 877 L	 2.10  
 878 W	 6.01  
 879 Q	 27.52  
 880 A	 8.76  
 881 A	 7.50  
 882 E	 45.71  
 883 I	 1.58  
 884 C	 1.23  
 885 R	 52.35  
 886 R	 28.26  
 887 L	 3.19  
 888 N	 45.14  
 889 G	 19.30  
 890 V	 4.41  
 891 R	 30.44  
 892 F	 5.68  
 893 T	 23.73  
 894 S	 19.48  
 895 C	 3.52  
 896 K	 53.89  
 897 S	 44.90  
 898 A	 11.85  
 899 K	 55.63  
 900 D	 53.53  
 901 R	 24.55  
 902 T	 36.52  
 903 A	 6.80  
 904 M	 3.07  
 905 S	 14.97  
 906 V	 4.55  
 907 T	 19.78  
 908 L	 3.92  
 909 E	 29.86  
 910 Q	 30.35  
 911 C	 1.54  
 912 L	 4.35  
 913 I	 4.59  
 914 L	 2.47  
 915 Q	 32.69  
 916 H	 26.10  
 917 E	 29.22  
 918 H	 29.24  
 919 G	 15.80  
 920 M	 5.47  
 921 A	 8.93  
 922 P	 23.21  
 923 Q	 33.16  
 924 V	 5.66  
 925 F	 3.36  
 926 T	 17.67  
 927 Q	 32.27  
 928 A	 11.41  
 929 L	 3.61  
 930 E	 29.32  
 931 C	 2.60  
 932 M	 3.74  
 933 R	 43.12  
 934 S	 16.09  
 935 E	 52.53  
 936 G	 16.10  
 937 C	 3.04  
 938 R	 60.86  
 939 R	 45.66  
 940 E	 37.39  
 941 N	 43.60  
 942 T	 25.44  
 943 M	 4.48  
 944 K	 46.58  
 945 N	 32.34  
 946 V	 6.50  
 947 G	 31.00  
 948 S	 22.71  
 949 R	 30.03  
 950 K	 42.50  
 951 Y	 18.47  
 952 A	 10.53  
 953 F	 6.07  
 954 N	 33.37  
 955 S	 15.84  
 956 L	 7.89  
 957 Q	 40.51  
 958 L	 5.39  
 959 K	 34.71  
 960 A	 34.27  
 961 F	 8.72  
 962 P	 27.63  
 963 K	 46.98  
 964 H	 24.87  
 965 Y	 30.82  
 966 R	 39.76  
 967 P	 24.91  
 968 P	 43.58  
 969 E	 67.84  
 970 G	 29.97  
 971 T	 27.69  
 972 Y	 26.30  
 973 G	 27.63  
 974 K	 26.87  
 975 V	 9.49  
 976 E	 52.89  
 977 T	 47.07  
