 1 M	 7.98  
 2 N	 48.24  
 3 R	 30.03  
 4 F	 11.28  
 5 G	 13.49  
 6 T	 20.37  
 7 R	 27.96  
 8 L	 4.12  
 9 V	 4.40  
 10 G	 23.08  
 11 A	 6.13  
 12 T	 25.25  
 13 A	 12.63  
 14 T	 25.94  
 15 S	 38.08  
 16 S	 36.75  
 17 P	 49.32  
 18 P	 45.00  
 19 P	 46.45  
 20 K	 63.31  
 21 A	 26.38  
 22 R	 46.25  
 23 S	 54.04  
 24 N	 36.30  
 25 E	 61.49  
 26 N	 58.76  
 27 L	 6.06  
 28 D	 58.40  
 29 K	 43.71  
 30 I	 5.54  
 31 D	 26.76  
 32 M	 4.96  
 33 S	 25.54  
 34 L	 5.72  
 35 D	 37.44  
 36 D	 50.21  
 37 I	 2.74  
 38 I	 5.52  
 39 K	 39.79  
 40 L	 5.44  
 41 N	 48.23  
 42 R	 49.16  
 43 K	 70.51  
 44 E	 73.36  
 45 G	 45.56  
 46 K	 52.88  
 47 K	 62.42  
 48 Q	 61.35  
 49 N	 58.74  
 50 F	 3.27  
 51 P	 47.61  
 52 R	 40.22  
 53 L	 6.27  
 54 N	 28.45  
 55 R	 34.90  
 56 R	 38.38  
 57 L	 4.58  
 58 L	 4.06  
 59 Q	 39.73  
 60 Q	 43.75  
 61 S	 24.12  
 62 G	 24.06  
 63 A	 12.78  
 64 Q	 46.61  
 65 Q	 27.64  
 66 F	 4.39  
 67 R	 13.99  
 68 M	 4.98  
 69 R	 15.59  
 70 V	 4.39  
 71 R	 18.62  
 72 W	 12.84  
 73 G	 9.39  
 74 I	 2.78  
 75 Q	 32.25  
 76 Q	 44.10  
 77 N	 27.94  
 78 S	 31.03  
 79 G	 42.76  
 80 F	 10.21  
 81 G	 35.54  
 82 K	 32.45  
 83 T	 38.53  
 84 S	 30.57  
 85 L	 8.29  
 86 N	 23.68  
 87 H	 38.57  
 88 R	 33.27  
 89 G	 20.98  
 90 R	 22.86  
 91 V	 6.38  
 92 M	 3.31  
 93 P	 42.15  
 94 G	 20.29  
 95 K	 39.09  
 96 R	 66.27  
 97 R	 32.30  
 98 P	 46.06  
 99 N	 56.40  
 100 G	 18.19  
 101 V	 4.50  
 102 I	 2.40  
 103 T	 24.60  
 104 G	 11.38  
 105 L	 2.23  
 106 A	 13.43  
 107 A	 20.67  
 108 R	 31.11  
 109 K	 45.79  
 110 T	 25.38  
 111 T	 33.38  
 112 G	 23.96  
 113 I	 3.75  
 114 R	 32.28  
 115 K	 59.69  
 116 G	 18.76  
 117 I	 4.72  
 118 S	 27.11  
 119 P	 23.34  
 120 M	 5.47  
 121 N	 57.60  
 122 R	 28.14  
 123 P	 29.22  
 124 P	 41.06  
 125 L	 13.17  
 126 S	 52.92  
 127 D	 56.56  
 128 K	 57.35  
 129 N	 48.28  
 130 I	 4.26  
 131 E	 48.93  
 132 Q	 41.17  
 133 Y	 9.32  
 134 F	 3.18  
 135 P	 26.12  
 136 V	 7.64  
 137 L	 4.52  
 138 K	 52.68  
 139 R	 38.88  
 140 K	 39.79  
 141 A	 18.88  
 142 N	 42.52  
 143 L	 5.08  
 144 L	 5.48  
 145 R	 40.21  
 146 Q	 52.90  
 147 N	 49.27  
 148 E	 48.65  
 149 G	 39.89  
 150 Q	 44.01  
 151 R	 56.98  
 152 K	 35.64  
 153 P	 22.84  
 154 V	 6.89  
 155 A	 14.95  
 156 V	 7.06  
 157 L	 2.54  
 158 K	 56.52  
 159 R	 31.76  
 160 P	 25.49  
 161 S	 48.03  
 162 Q	 46.25  
 163 L	 6.66  
 164 S	 33.30  
 165 R	 55.07  
 166 K	 51.47  
 167 N	 51.02  
 168 N	 44.66  
 169 I	 4.82  
 170 P	 24.23  
 171 A	 21.70  
 172 N	 33.21  
 173 F	 6.97  
 174 T	 24.59  
 175 R	 38.13  
 176 S	 43.59  
 177 G	 31.81  
 178 N	 47.06  
 179 K	 54.94  
 180 L	 8.85  
 181 N	 36.83  
 182 H	 46.64  
 183 Q	 44.22  
 184 K	 54.22  
 185 D	 40.32  
 186 T	 31.55  
 187 R	 33.98  
 188 Q	 47.01  
 189 A	 9.31  
 190 T	 16.72  
 191 F	 7.32  
 192 L	 2.57  
 193 F	 4.35  
 194 R	 33.63  
 195 R	 47.68  
 196 G	 26.12  
 197 L	 4.69  
 198 K	 34.82  
 199 V	 7.39  
 200 Q	 23.08  
 201 A	 20.86  
 202 Q	 20.39  
 203 L	 10.84  
 204 N	 29.50  
 205 T	 33.43  
 206 E	 37.85  
 207 Q	 45.33  
 208 L	 4.63  
 209 L	 5.44  
 210 D	 56.08  
 211 D	 36.44  
 212 V	 4.50  
 213 V	 7.18  
 214 A	 8.75  
 215 K	 42.57  
 216 R	 25.96  
 217 T	 26.89  
 218 R	 37.79  
 219 Q	 33.13  
 220 W	 11.39  
 221 R	 15.51  
 222 T	 27.71  
 223 S	 25.35  
 224 T	 24.54  
 225 T	 31.47  
 226 N	 46.94  
 227 G	 23.56  
 228 G	 17.50  
 229 I	 2.86  
 230 L	 4.35  
 231 T	 15.41  
 232 V	 4.18  
 233 S	 20.99  
 234 I	 5.29  
 235 D	 48.00  
 236 N	 34.92  
 237 P	 28.51  
 238 G	 44.63  
 239 A	 6.89  
 240 V	 8.14  
 241 Q	 25.84  
 242 C	 2.05  
 243 P	 18.33  
 244 V	 13.40  
 245 T	 18.93  
 246 Q	 54.73  
 247 K	 23.80  
 248 P	 27.05  
 249 R	 56.58  
 250 L	 5.29  
 251 T	 27.53  
 252 R	 25.86  
 253 T	 27.11  
 254 A	 14.13  
 255 V	 3.95  
 256 P	 19.52  
 257 S	 26.70  
 258 F	 9.10  
 259 L	 6.91  
 260 T	 26.50  
 261 K	 56.96  
 262 R	 41.78  
 263 E	 56.86  
 264 Q	 49.30  
 265 S	 39.35  
 266 D	 56.82  
 267 V	 8.61  
 268 K	 53.71  
 269 K	 64.71  
 270 V	 4.99  
 271 P	 36.24  
 272 K	 75.44  
 273 G	 21.87  
 274 V	 5.51  
 275 P	 29.16  
 276 L	 8.02  
 277 Q	 28.09  
 278 F	 15.59  
 279 D	 26.63  
 280 I	 4.35  
 281 N	 32.27  
 282 S	 32.36  
 283 V	 10.84  
 284 G	 19.04  
 285 K	 42.40  
 286 Q	 37.04  
 287 T	 32.19  
 288 G	 12.46  
 289 M	 4.35  
 290 T	 27.98  
 291 L	 4.68  
 292 N	 29.27  
 293 E	 53.12  
 294 R	 33.74  
 295 F	 6.10  
 296 G	 30.46  
 297 I	 4.58  
 298 L	 5.23  
 299 K	 50.29  
 300 E	 41.68  
 301 Q	 38.43  
 302 R	 30.54  
 303 A	 13.47  
 304 T	 23.09  
 305 L	 4.70  
 306 T	 22.24  
 307 Y	 20.28  
 308 N	 31.12  
 309 K	 54.99  
 310 G	 35.35  
 311 G	 19.77  
 312 S	 31.08  
 313 R	 33.07  
 314 F	 6.06  
 315 V	 4.05  
 316 T	 19.46  
 317 V	 7.82  
 318 G	 23.58  
