 1 M	 8.05  
 2 S	 35.64  
 3 D	 48.80  
 4 A	 14.96  
 5 A	 26.33  
 6 E	 59.91  
 7 E	 56.08  
 8 Q	 33.86  
 9 P	 26.34  
 10 M	 7.74  
 11 E	 50.31  
 12 T	 25.03  
 13 T	 16.12  
 14 G	 37.61  
 15 A	 15.06  
 16 T	 31.18  
 17 E	 61.76  
 18 N	 53.41  
 19 G	 17.49  
 20 H	 32.86  
 21 E	 48.18  
 22 A	 23.73  
 23 A	 10.33  
 24 P	 58.11  
 25 E	 66.01  
 26 G	 34.99  
 27 E	 48.41  
 28 A	 25.05  
 29 P	 27.05  
 30 V	 25.30  
 31 E	 32.26  
 32 P	 29.51  
 33 S	 19.62  
 34 A	 16.31  
 35 A	 11.28  
 36 A	 12.13  
 37 A	 14.84  
 38 A	 6.91  
 39 P	 24.51  
 40 A	 14.88  
 41 A	 10.00  
 42 S	 34.96  
 43 A	 16.08  
 44 G	 25.07  
 45 S	 33.70  
 46 G	 37.32  
 47 G	 31.78  
 48 G	 24.34  
 49 T	 25.01  
 50 T	 25.00  
 51 T	 36.09  
 52 A	 8.31  
 53 P	 40.45  
 54 S	 48.16  
 55 G	 38.39  
 56 N	 36.16  
 57 Q	 53.94  
 58 N	 56.49  
 59 G	 18.42  
 60 A	 25.75  
 61 E	 65.78  
 62 G	 31.43  
 63 D	 37.38  
 64 Q	 41.51  
 65 I	 5.75  
 66 N	 32.31  
 67 A	 24.42  
 68 S	 31.37  
 69 K	 67.00  
 70 N	 56.23  
 71 E	 62.07  
 72 E	 63.66  
 73 D	 55.21  
 74 A	 23.84  
 75 G	 33.99  
 76 K	 30.77  
 77 M	 3.00  
 78 F	 5.42  
 79 V	 5.49  
 80 G	 21.76  
 81 G	 15.96  
 82 L	 3.73  
 83 S	 26.61  
 84 W	 20.24  
 85 D	 37.41  
 86 T	 35.87  
 87 S	 34.92  
 88 K	 53.01  
 89 K	 68.97  
 90 D	 63.79  
 91 L	 6.63  
 92 K	 61.59  
 93 D	 51.59  
 94 Y	 16.15  
 95 F	 9.56  
 96 T	 21.16  
 97 K	 41.28  
 98 F	 10.29  
 99 G	 28.48  
 100 E	 42.36  
 101 V	 4.50  
 102 V	 4.32  
 103 D	 29.08  
 104 C	 2.61  
 105 T	 21.11  
 106 I	 4.35  
 107 K	 21.06  
 108 M	 10.28  
 109 D	 28.44  
 110 P	 36.46  
 111 N	 51.40  
 112 T	 39.08  
 113 G	 32.01  
 114 R	 22.57  
 115 S	 37.79  
 116 R	 43.00  
 117 G	 28.42  
 118 F	 7.59  
 119 G	 16.12  
 120 F	 4.02  
 121 I	 4.53  
 122 L	 4.00  
 123 F	 7.65  
 124 K	 53.94  
 125 D	 46.55  
 126 S	 25.71  
 127 S	 48.84  
 128 S	 37.94  
 129 V	 9.98  
 130 E	 39.12  
 131 K	 46.04  
 132 V	 4.51  
 133 L	 9.52  
 134 D	 61.57  
 135 Q	 49.20  
 136 K	 55.97  
 137 E	 28.71  
 138 H	 42.51  
 139 R	 35.25  
 140 L	 9.87  
 141 D	 42.69  
 142 G	 30.28  
 143 R	 23.14  
 144 V	 7.71  
 145 I	 7.86  
 146 D	 46.22  
 147 P	 28.99  
 148 K	 49.79  
 149 K	 49.10  
 150 A	 9.33  
 151 M	 5.27  
 152 A	 16.11  
 153 M	 3.39  
 154 K	 44.48  
 155 K	 54.93  
 156 D	 47.94  
 157 P	 49.02  
 158 V	 16.48  
 159 K	 45.61  
 160 K	 41.43  
 161 I	 2.54  
 162 F	 6.00  
 163 V	 7.28  
 164 G	 24.91  
 165 G	 19.58  
 166 L	 8.76  
 167 N	 35.32  
 168 P	 37.33  
 169 E	 68.12  
 170 A	 22.90  
 171 T	 42.91  
 172 E	 65.43  
 173 E	 49.80  
 174 K	 40.61  
 175 I	 4.59  
 176 R	 43.56  
 177 E	 49.00  
 178 Y	 11.80  
 179 F	 5.48  
 180 G	 22.47  
 181 Q	 33.02  
 182 F	 10.96  
 183 G	 27.38  
 184 E	 38.66  
 185 I	 4.42  
 186 E	 39.01  
 187 A	 13.25  
 188 I	 3.47  
 189 E	 56.38  
 190 L	 3.54  
 191 P	 19.02  
 192 I	 25.69  
 193 D	 32.13  
 194 P	 43.69  
 195 K	 62.03  
 196 L	 12.74  
 197 N	 41.75  
 198 K	 54.64  
 199 R	 42.77  
 200 R	 44.50  
 201 G	 27.40  
 202 F	 3.73  
 203 V	 3.65  
 204 F	 3.98  
 205 I	 3.58  
 206 T	 19.72  
 207 F	 8.84  
 208 K	 52.09  
 209 E	 64.54  
 210 E	 69.11  
 211 D	 55.15  
 212 P	 43.01  
 213 V	 16.91  
 214 K	 42.42  
 215 K	 52.89  
 216 V	 7.46  
 217 L	 12.55  
 218 E	 58.13  
 219 K	 57.49  
 220 K	 32.76  
 221 F	 9.64  
 222 H	 33.95  
 223 T	 21.35  
 224 V	 4.59  
 225 S	 38.21  
 226 G	 27.13  
 227 S	 26.99  
 228 K	 39.14  
 229 C	 7.57  
 230 E	 49.97  
 231 I	 6.44  
 232 K	 14.82  
 233 V	 8.00  
 234 A	 18.24  
 235 Q	 53.22  
 236 P	 25.66  
 237 K	 47.97  
 238 E	 53.81  
 239 V	 6.98  
 240 Y	 11.16  
 241 Q	 39.52  
 242 Q	 18.04  
 243 Q	 23.96  
 244 Q	 39.97  
 245 Y	 14.66  
 246 G	 18.57  
 247 S	 32.89  
 248 G	 26.00  
 249 G	 35.70  
 250 R	 42.62  
 251 G	 40.50  
 252 N	 36.37  
 253 R	 36.73  
 254 N	 61.28  
 255 R	 40.29  
 256 G	 31.56  
 257 N	 41.73  
 258 R	 43.40  
 259 G	 34.34  
 260 S	 30.90  
 261 G	 47.26  
 262 G	 27.27  
 263 G	 32.00  
 264 Q	 46.03  
 265 G	 39.45  
 266 S	 12.94  
 267 T	 39.01  
 268 N	 45.30  
 269 Y	 26.47  
 270 G	 25.80  
 271 K	 32.81  
 272 S	 25.26  
 273 Q	 42.44  
 274 R	 46.43  
 275 R	 48.05  
 276 G	 39.87  
 277 G	 19.86  
 278 H	 29.98  
 279 Q	 43.04  
 280 N	 48.39  
 281 N	 39.37  
 282 Y	 22.38  
 283 K	 39.71  
 284 P	 29.70  
 285 Y	 27.34  
