 1 M	 6.68  
 2 S	 45.56  
 3 N	 54.45  
 4 A	 14.05  
 5 K	 63.40  
 6 E	 65.63  
 7 R	 35.04  
 8 K	 49.35  
 9 H	 49.34  
 10 A	 19.05  
 11 K	 46.99  
 12 K	 43.82  
 13 M	 4.85  
 14 R	 47.73  
 15 N	 49.00  
 16 Q	 35.51  
 17 P	 29.50  
 18 T	 32.34  
 19 N	 31.31  
 20 V	 6.66  
 21 T	 24.00  
 22 L	 3.14  
 23 S	 21.03  
 24 S	 39.09  
 25 G	 20.06  
 26 F	 4.41  
 27 V	 6.54  
 28 A	 9.87  
 29 D	 42.43  
 30 R	 41.91  
 31 G	 33.11  
 32 V	 5.78  
 33 K	 38.12  
 34 H	 20.24  
 35 H	 23.56  
 36 S	 48.49  
 37 G	 43.87  
 38 G	 42.65  
 39 E	 62.17  
 40 K	 55.17  
 41 P	 23.45  
 42 F	 16.22  
 43 Q	 51.95  
 44 A	 20.93  
 45 Q	 36.86  
 46 K	 60.69  
 47 Q	 58.32  
 48 E	 53.24  
 49 P	 36.16  
 50 H	 32.44  
 51 P	 59.48  
 52 G	 33.03  
 53 T	 25.78  
 54 S	 32.12  
 55 R	 35.22  
 56 Q	 41.42  
 57 R	 38.43  
 58 Q	 25.89  
 59 T	 38.48  
 60 R	 20.20  
 61 V	 17.33  
 62 N	 25.85  
 63 P	 18.65  
 64 H	 36.44  
 65 S	 42.74  
 66 L	 5.19  
 67 P	 59.11  
 68 D	 58.23  
 69 P	 45.56  
 70 E	 66.41  
 71 V	 13.38  
 72 N	 39.67  
 73 E	 57.95  
 74 Q	 43.33  
 75 S	 30.33  
 76 S	 35.45  
 77 S	 38.18  
 78 K	 57.24  
 79 G	 23.55  
 80 M	 3.18  
 81 F	 16.45  
 82 R	 30.77  
 83 K	 44.50  
 84 K	 59.40  
 85 G	 50.67  
 86 G	 31.43  
 87 W	 8.94  
 88 K	 46.90  
 89 A	 32.06  
 90 G	 19.64  
 91 P	 41.52  
 92 E	 74.35  
 93 G	 33.52  
 94 T	 26.10  
 95 S	 36.35  
 96 Q	 53.10  
 97 E	 62.11  
 98 I	 2.50  
 99 P	 23.73  
 100 K	 55.75  
 101 Y	 9.73  
 102 I	 3.03  
 103 T	 16.09  
 104 A	 9.30  
 105 S	 18.53  
 106 T	 22.11  
 107 F	 4.37  
 108 A	 11.38  
 109 Q	 27.47  
 110 A	 10.31  
 111 R	 23.42  
 112 A	 16.68  
 113 A	 14.76  
 114 E	 36.17  
 115 I	 2.46  
 116 S	 10.11  
 117 A	 17.00  
 118 M	 2.93  
 119 L	 3.01  
 120 K	 27.94  
 121 A	 12.96  
 122 V	 5.79  
 123 T	 34.83  
 124 Q	 36.71  
 125 K	 46.62  
 126 S	 25.57  
 127 S	 37.16  
 128 N	 46.59  
 129 S	 28.05  
 130 L	 5.38  
 131 V	 3.16  
 132 F	 5.79  
 133 Q	 34.35  
 134 T	 27.54  
 135 L	 2.14  
 136 P	 27.76  
 137 R	 39.07  
 138 H	 16.50  
 139 M	 3.63  
 140 R	 20.86  
 141 R	 24.12  
 142 R	 25.03  
 143 A	 11.30  
 144 M	 3.87  
 145 S	 15.78  
 146 H	 29.98  
 147 N	 33.43  
 148 V	 2.98  
 149 K	 54.24  
 150 R	 45.71  
 151 L	 2.99  
 152 P	 24.31  
 153 R	 57.44  
 154 R	 38.49  
 155 L	 5.90  
 156 Q	 37.93  
 157 E	 44.90  
 158 I	 2.95  
 159 A	 17.40  
 160 Q	 50.19  
 161 K	 50.28  
 162 E	 50.40  
 163 A	 30.53  
 164 E	 42.51  
 165 K	 63.86  
 166 A	 8.77  
 167 V	 7.92  
 168 H	 38.30  
 169 Q	 52.49  
 170 K	 45.30  
 171 K	 54.83  
 172 E	 61.50  
 173 H	 53.61  
 174 S	 38.73  
 175 K	 63.43  
 176 N	 56.02  
 177 K	 41.26  
 178 C	 5.79  
 179 H	 28.55  
 180 K	 53.73  
 181 A	 4.77  
 182 R	 46.71  
 183 R	 21.39  
 184 C	 2.73  
 185 H	 18.10  
 186 M	 4.09  
 187 N	 15.32  
 188 R	 32.87  
 189 T	 26.15  
 190 L	 6.80  
 191 E	 40.02  
 192 F	 10.95  
 193 N	 28.93  
 194 R	 47.96  
 195 R	 54.50  
 196 Q	 58.81  
 197 K	 46.07  
 198 K	 45.38  
 199 N	 37.39  
 200 I	 6.45  
 201 W	 9.50  
 202 L	 4.88  
 203 E	 24.28  
 204 T	 19.25  
 205 H	 16.27  
 206 I	 3.63  
 207 W	 4.27  
 208 H	 22.29  
 209 A	 6.96  
 210 K	 42.59  
 211 R	 27.73  
 212 F	 4.25  
 213 H	 24.94  
 214 M	 4.31  
 215 V	 4.30  
 216 K	 34.92  
 217 K	 34.15  
 218 W	 9.40  
 219 G	 16.50  
 220 Y	 5.38  
 221 C	 3.29  
 222 L	 6.34  
 223 G	 25.88  
 224 E	 42.40  
 225 R	 30.32  
 226 P	 36.92  
 227 T	 46.95  
 228 V	 7.11  
 229 K	 42.92  
 230 S	 17.55  
 231 H	 18.68  
 232 R	 33.18  
 233 A	 6.83  
 234 C	 2.08  
 235 Y	 10.62  
 236 R	 20.12  
 237 A	 5.23  
 238 M	 2.23  
 239 T	 20.66  
 240 N	 21.42  
 241 R	 11.86  
 242 C	 4.89  
 243 L	 4.31  
 244 L	 4.22  
 245 Q	 36.33  
 246 D	 37.24  
 247 L	 1.98  
 248 S	 23.50  
 249 Y	 14.07  
 250 Y	 3.55  
 251 C	 1.30  
 252 C	 1.59  
 253 L	 8.46  
 254 E	 34.22  
 255 L	 5.98  
 256 K	 59.57  
 257 G	 56.05  
 258 K	 61.44  
 259 E	 70.32  
 260 E	 54.55  
 261 E	 55.50  
 262 I	 5.60  
 263 L	 2.76  
 264 K	 53.60  
 265 A	 11.96  
 266 L	 4.32  
 267 S	 29.37  
 268 G	 26.05  
 269 M	 1.10  
 270 C	 4.63  
 271 N	 26.69  
 272 I	 4.23  
 273 D	 22.26  
 274 T	 30.23  
 275 G	 20.97  
 276 L	 3.75  
 277 T	 16.75  
 278 F	 5.03  
 279 A	 11.88  
 280 A	 6.33  
 281 V	 2.69  
 282 H	 11.32  
 283 C	 2.32  
 284 L	 4.57  
 285 S	 47.89  
 286 G	 19.06  
 287 K	 37.87  
 288 R	 50.01  
 289 Q	 49.68  
 290 G	 27.29  
 291 S	 13.63  
 292 L	 3.83  
 293 V	 4.77  
 294 L	 2.47  
 295 Y	 12.68  
 296 R	 22.75  
 297 V	 4.59  
 298 N	 29.19  
 299 K	 54.50  
 300 Y	 11.43  
 301 P	 27.62  
 302 R	 38.58  
 303 E	 33.97  
 304 M	 5.75  
 305 L	 6.33  
 306 G	 17.20  
 307 P	 20.29  
 308 V	 6.92  
 309 T	 16.73  
 310 F	 6.80  
 311 I	 3.10  
 312 W	 7.05  
 313 K	 31.71  
 314 S	 15.19  
 315 Q	 49.92  
 316 R	 50.40  
 317 T	 24.80  
 318 P	 47.59  
 319 G	 59.87  
 320 D	 44.76  
 321 P	 46.00  
 322 S	 53.60  
 323 E	 56.16  
 324 S	 29.66  
 325 R	 31.40  
 326 Q	 50.88  
 327 L	 3.30  
 328 W	 3.27  
 329 I	 3.69  
 330 W	 4.14  
 331 L	 2.26  
 332 H	 9.78  
 333 P	 36.94  
 334 T	 35.52  
 335 L	 5.74  
 336 K	 48.69  
 337 Q	 46.20  
 338 D	 45.94  
 339 I	 4.90  
 340 L	 6.94  
 341 E	 58.99  
 342 E	 46.47  
 343 I	 2.41  
 344 K	 32.96  
 345 A	 21.09  
 346 A	 4.47  
 347 C	 3.73  
 348 Q	 29.57  
 349 C	 3.63  
 350 V	 3.96  
 351 E	 49.27  
 352 P	 20.93  
 353 I	 3.31  
 354 K	 42.98  
 355 S	 27.01  
 356 A	 8.66  
 357 V	 2.91  
 358 C	 1.81  
 359 I	 3.81  
 360 A	 13.77  
 361 D	 25.92  
 362 P	 31.08  
 363 L	 8.31  
 364 P	 47.88  
 365 T	 43.16  
 366 P	 31.88  
 367 S	 54.15  
 368 Q	 64.44  
 369 E	 60.04  
 370 K	 39.98  
 371 S	 41.40  
 372 Q	 50.49  
 373 T	 46.72  
 374 E	 51.14  
 375 L	 8.01  
 376 P	 41.29  
 377 D	 80.56  
 378 E	 44.63  
 379 K	 65.23  
 380 I	 10.33  
 381 G	 40.26  
 382 K	 53.53  
 383 K	 58.92  
 384 R	 47.71  
 385 K	 73.08  
 386 R	 52.23  
 387 K	 64.31  
 388 D	 73.51  
 389 D	 70.15  
 390 G	 39.94  
 391 E	 62.09  
 392 N	 59.81  
 393 A	 18.07  
 394 K	 59.88  
 395 P	 41.02  
 396 I	 7.56  
 397 K	 46.58  
 398 K	 40.03  
 399 I	 3.46  
 400 I	 5.89  
 401 G	 30.67  
 402 D	 44.90  
 403 G	 19.89  
 404 T	 36.32  
 405 R	 51.94  
 406 D	 37.79  
 407 P	 20.46  
 408 C	 7.57  
 409 L	 5.62  
 410 P	 28.03  
 411 Y	 12.04  
 412 S	 18.92  
 413 W	 6.82  
 414 I	 2.65  
 415 S	 15.22  
 416 P	 25.50  
 417 T	 30.75  
 418 T	 29.75  
 419 G	 16.15  
 420 I	 2.07  
 421 I	 2.33  
 422 I	 2.18  
 423 S	 19.03  
 424 D	 35.43  
 425 L	 3.81  
 426 T	 18.97  
 427 M	 6.30  
 428 E	 28.24  
 429 M	 2.79  
 430 N	 27.00  
 431 R	 19.42  
 432 F	 6.73  
 433 R	 23.35  
 434 L	 4.96  
 435 I	 4.68  
 436 G	 22.99  
 437 P	 24.56  
 438 L	 6.41  
 439 S	 20.51  
 440 H	 26.92  
 441 S	 18.87  
 442 I	 4.64  
 443 L	 3.87  
 444 T	 23.00  
 445 E	 44.97  
 446 A	 11.89  
 447 I	 2.25  
 448 K	 44.97  
 449 A	 10.00  
 450 A	 13.69  
 451 S	 21.20  
 452 V	 3.63  
 453 H	 16.61  
 454 T	 28.22  
 455 V	 4.82  
 456 G	 28.37  
 457 E	 58.38  
 458 D	 54.19  
 459 T	 31.27  
 460 E	 72.67  
 461 E	 70.50  
 462 T	 20.40  
 463 P	 20.51  
 464 H	 45.47  
 465 R	 31.46  
 466 W	 9.43  
 467 W	 4.40  
 468 I	 2.20  
 469 E	 34.14  
 470 T	 22.08  
 471 C	 3.28  
 472 K	 74.82  
 473 K	 57.09  
 474 P	 25.30  
 475 D	 71.23  
 476 S	 23.33  
 477 V	 10.34  
 478 S	 19.15  
 479 L	 4.07  
 480 H	 9.37  
 481 C	 6.11  
 482 R	 26.99  
 483 Q	 50.28  
 484 E	 25.12  
 485 A	 11.93  
 486 I	 2.44  
 487 F	 7.54  
 488 E	 36.65  
 489 L	 3.61  
 490 L	 4.68  
 491 G	 37.77  
 492 G	 21.70  
 493 I	 3.06  
 494 T	 31.75  
 495 S	 21.86  
 496 P	 25.84  
 497 A	 27.41  
 498 E	 53.54  
 499 I	 2.85  
 500 P	 19.01  
 501 A	 33.16  
 502 G	 14.13  
 503 T	 18.35  
 504 I	 2.55  
 505 L	 4.64  
 506 G	 18.56  
 507 L	 2.92  
 508 T	 22.20  
 509 V	 11.14  
 510 G	 33.69  
 511 D	 25.60  
 512 P	 32.87  
 513 R	 34.86  
 514 I	 8.26  
 515 N	 47.12  
 516 L	 4.41  
 517 P	 39.18  
 518 Q	 69.81  
 519 K	 58.01  
 520 K	 52.52  
 521 S	 30.14  
 522 K	 63.92  
 523 A	 35.03  
 524 L	 4.91  
 525 P	 60.22  
 526 N	 59.21  
 527 P	 40.25  
 528 E	 73.44  
 529 K	 38.15  
 530 C	 6.15  
 531 Q	 68.57  
 532 D	 74.79  
 533 N	 25.72  
 534 E	 62.31  
 535 K	 49.31  
 536 V	 3.72  
 537 R	 32.28  
 538 Q	 39.18  
 539 L	 4.06  
 540 L	 2.87  
 541 L	 7.97  
 542 E	 59.10  
 543 G	 29.06  
 544 V	 3.33  
 545 P	 27.35  
 546 V	 9.79  
 547 E	 27.85  
 548 C	 4.17  
 549 T	 13.67  
 550 H	 32.16  
 551 S	 10.56  
 552 F	 6.10  
 553 I	 3.65  
 554 W	 8.40  
 555 N	 25.49  
 556 Q	 26.84  
 557 D	 45.07  
 558 I	 1.99  
 559 C	 3.46  
 560 K	 48.58  
 561 S	 29.84  
 562 V	 4.81  
 563 T	 40.71  
 564 E	 55.13  
 565 N	 37.28  
 566 K	 37.04  
 567 I	 9.17  
 568 S	 30.72  
 569 D	 49.87  
 570 Q	 50.75  
 571 D	 51.40  
 572 L	 3.49  
 573 N	 43.95  
 574 R	 29.23  
 575 M	 5.56  
 576 R	 24.60  
 577 S	 24.21  
 578 E	 35.44  
 579 L	 6.52  
 580 L	 3.71  
 581 V	 8.68  
 582 P	 36.37  
 583 G	 22.12  
 584 S	 18.75  
 585 Q	 38.14  
 586 L	 3.60  
 587 I	 3.03  
 588 L	 13.68  
 589 G	 17.96  
 590 P	 25.32  
 591 H	 50.60  
 592 E	 57.78  
 593 S	 32.62  
 594 K	 49.90  
 595 I	 3.41  
 596 P	 18.21  
 597 I	 5.79  
 598 L	 2.64  
 599 L	 3.26  
 600 I	 2.99  
 601 Q	 43.30  
 602 Q	 41.54  
 603 P	 28.35  
 604 G	 32.50  
 605 K	 43.22  
 606 V	 11.72  
 607 T	 38.04  
 608 G	 37.48  
 609 E	 30.50  
 610 D	 53.07  
 611 R	 30.69  
 612 L	 11.92  
 613 G	 27.82  
 614 W	 11.45  
 615 G	 17.93  
 616 S	 30.15  
 617 G	 22.21  
 618 W	 8.34  
 619 D	 25.39  
 620 V	 4.82  
 621 L	 6.67  
 622 L	 4.07  
 623 P	 29.02  
 624 K	 68.23  
 625 G	 25.00  
 626 W	 10.26  
 627 G	 13.25  
 628 M	 1.93  
 629 A	 7.84  
 630 F	 4.51  
 631 W	 6.44  
 632 I	 1.29  
 633 P	 10.52  
 634 F	 5.88  
 635 I	 1.60  
 636 Y	 11.16  
 637 R	 32.11  
 638 G	 8.46  
 639 V	 3.11  
 640 R	 24.96  
 641 V	 7.10  
 642 G	 25.75  
 643 G	 30.62  
 644 L	 4.59  
 645 K	 53.55  
 646 E	 49.31  
 647 S	 33.72  
 648 A	 12.25  
 649 V	 6.59  
 650 H	 14.65  
 651 S	 28.71  
 652 Q	 32.65  
 653 Y	 16.04  
 654 K	 38.47  
 655 R	 53.03  
 656 S	 19.37  
 657 P	 50.28  
 658 N	 54.59  
 659 V	 6.78  
 660 P	 43.19  
 661 G	 44.93  
 662 D	 45.92  
 663 F	 7.33  
 664 P	 47.21  
 665 D	 51.53  
 666 C	 2.24  
 667 P	 38.95  
 668 A	 23.51  
 669 G	 9.85  
 670 M	 2.78  
 671 L	 3.44  
 672 F	 6.29  
 673 A	 18.56  
 674 E	 43.22  
 675 E	 53.03  
 676 Q	 49.49  
 677 A	 13.14  
 678 K	 48.07  
 679 N	 53.53  
 680 L	 6.87  
 681 L	 8.14  
 682 E	 58.46  
 683 K	 56.92  
 684 Y	 10.60  
 685 K	 53.66  
 686 R	 53.93  
 687 R	 37.08  
 688 P	 36.91  
 689 P	 48.91  
 690 A	 24.15  
 691 K	 74.33  
 692 R	 27.14  
 693 P	 35.48  
 694 N	 59.26  
 695 Y	 11.14  
 696 V	 5.40  
 697 K	 30.73  
 698 L	 4.52  
 699 G	 16.99  
 700 T	 30.13  
 701 L	 5.60  
 702 A	 8.58  
 703 P	 26.39  
 704 F	 5.80  
 705 C	 2.37  
 706 C	 4.49  
 707 P	 38.53  
 708 W	 7.64  
 709 E	 22.36  
 710 Q	 46.04  
 711 L	 2.93  
 712 T	 24.95  
 713 Q	 63.51  
 714 D	 45.97  
 715 W	 8.81  
 716 E	 36.64  
 717 S	 33.23  
 718 R	 17.04  
 719 V	 5.48  
 720 Q	 36.80  
 721 A	 15.73  
 722 Y	 12.06  
 723 E	 67.46  
 724 E	 30.14  
 725 P	 23.36  
 726 S	 33.33  
 727 V	 9.78  
 728 A	 14.50  
 729 S	 44.14  
 730 S	 16.79  
 731 P	 51.61  
 732 N	 75.91  
 733 G	 38.19  
 734 K	 61.76  
 735 E	 51.38  
 736 S	 45.49  
 737 D	 45.33  
 738 L	 7.35  
 739 R	 45.10  
 740 R	 44.45  
 741 S	 36.19  
 742 E	 48.98  
 743 V	 5.07  
 744 P	 12.42  
 745 C	 8.85  
 746 A	 9.43  
 747 P	 46.45  
 748 M	 3.96  
 749 P	 33.65  
 750 K	 65.14  
 751 K	 45.42  
 752 T	 31.69  
 753 H	 46.57  
 754 Q	 44.41  
 755 P	 35.82  
 756 S	 39.57  
 757 D	 62.37  
 758 E	 47.38  
 759 V	 14.05  
 760 G	 16.23  
 761 T	 31.54  
 762 S	 21.76  
 763 I	 5.91  
 764 E	 47.83  
 765 H	 25.66  
 766 P	 24.02  
 767 R	 58.63  
 768 E	 65.95  
 769 A	 21.38  
 770 E	 46.50  
 771 E	 50.63  
 772 V	 2.94  
 773 M	 3.10  
 774 D	 45.01  
 775 A	 11.54  
 776 G	 14.91  
 777 C	 4.32  
 778 Q	 46.92  
 779 E	 46.78  
 780 S	 16.79  
 781 A	 36.49  
 782 G	 33.60  
 783 P	 27.66  
 784 E	 56.66  
 785 R	 39.99  
 786 I	 4.79  
 787 T	 37.54  
 788 D	 41.78  
 789 Q	 39.23  
 790 E	 57.90  
 791 A	 19.26  
 792 S	 37.87  
 793 E	 59.40  
 794 N	 32.22  
 795 H	 13.42  
 796 V	 6.13  
 797 A	 7.55  
 798 A	 16.05  
 799 T	 29.49  
 800 G	 14.35  
 801 S	 14.66  
 802 H	 25.29  
 803 L	 2.01  
 804 C	 1.96  
 805 V	 6.65  
 806 L	 3.92  
 807 R	 17.64  
 808 S	 29.61  
 809 R	 27.49  
 810 K	 60.46  
 811 L	 7.59  
 812 L	 3.59  
 813 K	 60.68  
 814 Q	 40.39  
 815 L	 3.45  
 816 S	 19.75  
 817 A	 17.73  
 818 W	 5.57  
 819 C	 6.01  
 820 G	 17.89  
 821 P	 31.39  
 822 S	 31.48  
 823 S	 48.86  
 824 E	 65.43  
 825 D	 45.65  
 826 S	 28.86  
 827 R	 65.00  
 828 G	 37.60  
 829 G	 18.13  
 830 R	 34.12  
 831 R	 48.70  
 832 A	 14.99  
 833 P	 31.07  
 834 G	 45.42  
 835 R	 38.39  
 836 G	 30.03  
 837 Q	 32.57  
 838 Q	 52.25  
 839 G	 22.56  
 840 L	 3.38  
 841 T	 33.03  
 842 R	 34.26  
 843 E	 38.20  
 844 A	 9.03  
 845 C	 2.34  
 846 L	 4.62  
 847 S	 18.69  
 848 I	 3.26  
 849 L	 3.81  
 850 G	 20.79  
 851 H	 26.54  
 852 F	 4.09  
 853 P	 18.24  
 854 R	 39.34  
 855 A	 13.50  
 856 L	 3.09  
 857 V	 4.65  
 858 W	 3.78  
 859 V	 3.00  
 860 S	 9.13  
 861 L	 2.79  
 862 S	 21.54  
 863 L	 8.31  
 864 L	 4.46  
 865 S	 40.02  
 866 K	 64.48  
 867 G	 45.09  
 868 S	 29.81  
 869 P	 68.74  
 870 E	 51.95  
 871 P	 31.47  
 872 H	 26.80  
 873 T	 20.95  
 874 M	 1.71  
 875 I	 1.94  
 876 C	 1.76  
 877 V	 3.41  
 878 P	 32.95  
 879 A	 13.89  
 880 K	 52.31  
 881 E	 56.98  
 882 D	 49.18  
 883 F	 4.99  
 884 L	 9.06  
 885 Q	 40.54  
 886 L	 5.34  
 887 H	 20.29  
 888 E	 71.97  
 889 D	 27.06  
 890 W	 4.95  
 891 H	 21.96  
 892 Y	 8.54  
 893 C	 4.08  
 894 G	 21.54  
 895 P	 31.07  
 896 Q	 53.53  
 897 E	 65.96  
 898 S	 30.35  
 899 K	 46.50  
 900 H	 46.87  
 901 S	 51.20  
 902 D	 46.18  
 903 P	 29.57  
 904 F	 19.35  
 905 R	 42.29  
 906 S	 25.16  
 907 K	 48.04  
 908 I	 6.48  
 909 L	 5.74  
 910 K	 63.90  
 911 Q	 56.55  
 912 K	 70.66  
 913 E	 68.56  
 914 K	 71.30  
 915 K	 59.14  
 916 K	 76.49  
 917 R	 64.64  
 918 E	 62.56  
 919 K	 65.25  
 920 R	 45.03  
 921 Q	 68.32  
 922 K	 54.17  
 923 P	 29.21  
 924 G	 44.84  
 925 R	 39.56  
 926 A	 21.21  
 927 S	 27.83  
 928 S	 45.67  
 929 D	 65.68  
 930 G	 18.86  
 931 P	 41.92  
 932 A	 43.49  
 933 G	 42.82  
 934 E	 62.32  
 935 E	 44.12  
 936 P	 19.56  
 937 V	 12.06  
 938 A	 25.35  
 939 G	 26.54  
 940 Q	 24.05  
 941 E	 44.74  
 942 A	 9.65  
 943 L	 3.90  
 944 T	 26.31  
 945 L	 5.73  
 946 G	 21.62  
 947 L	 3.56  
 948 W	 10.23  
 949 S	 35.26  
 950 G	 19.04  
 951 P	 33.41  
 952 L	 4.89  
 953 P	 31.65  
 954 R	 41.56  
 955 V	 6.70  
 956 T	 16.44  
 957 L	 3.33  
 958 H	 9.72  
 959 C	 3.11  
 960 S	 19.97  
 961 R	 34.48  
 962 T	 15.27  
 963 L	 4.24  
 964 L	 5.04  
 965 G	 20.35  
 966 F	 5.61  
 967 V	 3.56  
 968 T	 25.27  
 969 Q	 44.12  
 970 G	 28.68  
 971 D	 23.72  
 972 F	 7.42  
 973 S	 15.57  
 974 M	 3.37  
 975 A	 8.05  
 976 V	 4.96  
 977 G	 12.27  
 978 C	 3.41  
 979 G	 19.79  
 980 E	 44.81  
 981 A	 9.77  
 982 L	 4.81  
 983 G	 28.14  
 984 F	 3.33  
 985 V	 4.32  
 986 S	 20.25  
 987 L	 3.56  
 988 T	 20.48  
 989 G	 29.54  
 990 L	 2.86  
 991 L	 3.73  
 992 D	 40.81  
 993 M	 3.84  
 994 L	 4.44  
 995 S	 21.93  
 996 S	 35.90  
 997 Q	 28.42  
 998 P	 31.35  
 999 A	 14.48  
 1000 A	 13.29  
 1001 Q	 41.92  
 1002 R	 35.37  
 1003 G	 14.20  
 1004 L	 2.40  
 1005 V	 5.43  
 1006 L	 3.95  
 1007 L	 6.35  
 1008 R	 30.87  
 1009 P	 28.86  
 1010 P	 28.22  
 1011 A	 26.09  
 1012 S	 23.06  
 1013 L	 5.87  
 1014 Q	 25.51  
 1015 Y	 17.00  
 1016 R	 13.04  
 1017 F	 4.57  
 1018 A	 7.93  
 1019 R	 19.03  
 1020 I	 3.98  
 1021 A	 6.07  
 1022 I	 5.17  
 1023 E	 32.90  
 1024 V	 8.53  
