 1 M	 7.08  
 2 A	 23.90  
 3 G	 21.94  
 4 V	 2.95  
 5 F	 4.27  
 6 P	 18.59  
 7 Y	 19.41  
 8 R	 45.10  
 9 G	 28.73  
 10 P	 30.32  
 11 G	 54.63  
 12 N	 37.21  
 13 P	 39.33  
 14 V	 11.25  
 15 P	 39.68  
 16 G	 30.04  
 17 P	 21.19  
 18 L	 10.71  
 19 A	 13.50  
 20 P	 52.70  
 21 L	 4.13  
 22 P	 29.63  
 23 D	 60.49  
 24 Y	 10.70  
 25 M	 5.46  
 26 S	 36.05  
 27 E	 42.49  
 28 E	 52.32  
 29 K	 51.96  
 30 L	 10.07  
 31 Q	 62.30  
 32 E	 60.15  
 33 K	 40.30  
 34 A	 19.96  
 35 R	 52.38  
 36 K	 54.97  
 37 W	 5.89  
 38 Q	 36.82  
 39 Q	 34.13  
 40 L	 2.99  
 41 Q	 40.26  
 42 A	 13.59  
 43 K	 32.74  
 44 R	 38.62  
 45 Y	 20.57  
 46 A	 21.62  
 47 E	 44.45  
 48 K	 53.36  
 49 R	 30.92  
 50 K	 61.99  
 51 F	 12.17  
 52 G	 25.38  
 53 F	 5.17  
 54 V	 6.45  
 55 D	 40.81  
 56 A	 19.62  
 57 Q	 45.25  
 58 K	 58.35  
 59 E	 47.68  
 60 D	 63.02  
 61 M	 6.64  
 62 P	 43.37  
 63 P	 37.37  
 64 E	 49.50  
 65 H	 30.38  
 66 V	 6.77  
 67 R	 26.77  
 68 K	 41.20  
 69 I	 1.87  
 70 I	 4.80  
 71 R	 33.09  
 72 D	 39.45  
 73 H	 25.05  
 74 G	 30.58  
 75 D	 36.99  
 76 M	 4.18  
 77 T	 36.29  
 78 N	 38.21  
 79 R	 30.26  
 80 K	 49.14  
 81 F	 8.28  
 82 R	 39.88  
 83 H	 48.34  
 84 D	 35.88  
 85 K	 37.32  
 86 R	 28.50  
 87 V	 5.95  
 88 Y	 11.94  
 89 L	 2.71  
 90 G	 15.92  
 91 A	 9.78  
 92 L	 3.76  
 93 K	 38.68  
 94 Y	 19.41  
 95 M	 1.55  
 96 P	 14.81  
 97 H	 16.37  
 98 A	 11.49  
 99 V	 4.38  
 100 L	 3.16  
 101 K	 44.41  
 102 L	 6.75  
 103 L	 4.23  
 104 E	 63.02  
 105 N	 39.57  
 106 M	 1.88  
 107 P	 36.95  
 108 M	 4.13  
 109 P	 26.11  
 110 W	 12.13  
 111 E	 30.20  
 112 Q	 31.95  
 113 I	 2.48  
 114 R	 38.27  
 115 D	 51.18  
 116 V	 2.25  
 117 P	 18.06  
 118 V	 9.23  
 119 L	 1.79  
 120 Y	 7.45  
 121 H	 13.63  
 122 I	 2.10  
 123 T	 13.77  
 124 G	 21.95  
 125 A	 5.89  
 126 I	 3.30  
 127 S	 23.70  
 128 F	 5.82  
 129 V	 5.12  
 130 N	 39.20  
 131 E	 45.16  
 132 I	 2.48  
 133 P	 17.07  
 134 W	 14.91  
 135 V	 2.74  
 136 I	 4.35  
 137 E	 21.06  
 138 P	 17.06  
 139 V	 4.26  
 140 Y	 12.93  
 141 I	 2.22  
 142 S	 11.37  
 143 Q	 38.70  
 144 W	 8.27  
 145 G	 10.45  
 146 S	 14.16  
 147 M	 2.18  
 148 W	 4.14  
 149 I	 0.86  
 150 M	 0.72  
 151 M	 2.41  
 152 R	 26.65  
 153 R	 35.57  
 154 E	 41.92  
 155 K	 58.76  
 156 R	 37.60  
 157 D	 64.13  
 158 R	 37.70  
 159 R	 43.83  
 160 H	 33.21  
 161 F	 5.21  
 162 K	 38.88  
 163 R	 22.14  
 164 M	 5.51  
 165 R	 44.98  
 166 F	 7.05  
 167 P	 20.48  
 168 P	 42.46  
 169 F	 22.01  
 170 D	 69.09  
 171 D	 63.64  
 172 E	 74.40  
 173 E	 60.25  
 174 P	 32.48  
 175 P	 40.94  
 176 L	 13.23  
 177 D	 42.20  
 178 Y	 24.44  
 179 A	 11.75  
 180 D	 36.15  
 181 N	 28.66  
 182 I	 3.41  
 183 L	 8.28  
 184 D	 38.65  
 185 V	 7.96  
 186 E	 43.78  
 187 P	 35.04  
 188 L	 4.37  
 189 E	 55.21  
 190 A	 11.51  
 191 I	 3.33  
 192 Q	 35.61  
 193 L	 6.04  
 194 E	 34.45  
 195 L	 21.18  
 196 D	 38.91  
 197 P	 60.55  
 198 E	 69.08  
 199 E	 65.93  
 200 D	 55.28  
 201 A	 10.20  
 202 P	 39.25  
 203 V	 8.97  
 204 L	 4.73  
 205 D	 33.40  
 206 W	 6.91  
 207 F	 5.25  
 208 Y	 14.30  
 209 D	 25.19  
 210 H	 21.56  
 211 Q	 35.51  
 212 P	 26.41  
 213 L	 8.37  
 214 R	 46.68  
 215 D	 61.55  
 216 S	 25.00  
 217 R	 38.32  
 218 K	 58.46  
 219 Y	 9.68  
 220 V	 7.99  
 221 N	 35.29  
 222 G	 16.01  
 223 S	 20.81  
 224 T	 25.68  
 225 Y	 9.59  
 226 Q	 39.98  
 227 R	 20.81  
 228 W	 5.11  
 229 Q	 24.52  
 230 F	 6.34  
 231 T	 18.17  
 232 L	 2.43  
 233 P	 17.24  
 234 M	 3.59  
 235 M	 2.33  
 236 S	 14.70  
 237 T	 15.20  
 238 L	 1.51  
 239 Y	 12.04  
 240 R	 30.36  
 241 L	 3.11  
 242 A	 7.85  
 243 N	 37.31  
 244 Q	 32.04  
 245 L	 5.80  
 246 L	 2.23  
 247 T	 35.56  
 248 D	 44.67  
 249 L	 3.71  
 250 V	 10.92  
 251 D	 45.82  
 252 D	 44.22  
 253 N	 25.09  
 254 Y	 10.70  
 255 F	 5.53  
 256 Y	 8.97  
 257 L	 1.61  
 258 F	 7.62  
 259 D	 44.67  
 260 L	 3.19  
 261 K	 45.02  
 262 A	 16.45  
 263 F	 7.02  
 264 F	 10.09  
 265 T	 23.90  
 266 S	 15.69  
 267 K	 54.56  
 268 A	 12.16  
 269 L	 5.31  
 270 N	 23.77  
 271 M	 3.58  
 272 A	 12.07  
 273 I	 1.96  
 274 P	 31.95  
 275 G	 59.94  
 276 G	 19.50  
 277 P	 44.04  
 278 K	 66.68  
 279 F	 15.28  
 280 E	 43.80  
 281 P	 39.01  
 282 L	 3.77  
 283 V	 8.27  
 284 R	 46.93  
 285 D	 27.01  
 286 I	 3.77  
 287 N	 35.62  
 288 L	 7.49  
 289 Q	 47.78  
 290 D	 60.01  
 291 E	 52.55  
 292 D	 62.89  
 293 W	 12.28  
 294 N	 57.19  
 295 E	 41.39  
 296 F	 10.08  
 297 N	 42.97  
 298 D	 51.68  
 299 I	 6.24  
 300 N	 32.13  
 301 K	 35.30  
 302 I	 2.47  
 303 I	 1.96  
 304 I	 3.69  
 305 R	 26.30  
 306 Q	 27.62  
 307 P	 14.26  
 308 I	 6.87  
 309 R	 28.34  
 310 T	 44.37  
 311 E	 34.67  
 312 Y	 13.69  
 313 K	 22.71  
 314 I	 4.71  
 315 A	 8.66  
 316 F	 4.68  
 317 P	 14.81  
 318 Y	 18.50  
 319 L	 3.62  
 320 Y	 9.00  
 321 N	 40.75  
 322 N	 41.20  
 323 L	 3.68  
 324 P	 20.05  
 325 H	 38.47  
 326 H	 13.52  
 327 V	 3.44  
 328 H	 17.12  
 329 L	 3.32  
 330 T	 14.75  
 331 W	 6.83  
 332 Y	 7.20  
 333 H	 26.81  
 334 T	 10.81  
 335 P	 20.50  
 336 N	 43.68  
 337 V	 3.81  
 338 V	 5.36  
 339 F	 4.06  
 340 I	 3.49  
 341 K	 34.10  
 342 T	 40.58  
 343 E	 63.65  
 344 D	 47.44  
 345 P	 38.51  
 346 D	 77.07  
 347 L	 3.92  
 348 P	 27.92  
 349 A	 21.04  
 350 F	 6.20  
 351 Y	 14.80  
 352 F	 6.70  
 353 D	 26.22  
 354 P	 25.82  
 355 L	 6.77  
 356 I	 7.58  
 357 N	 35.22  
 358 P	 23.59  
 359 I	 4.72  
 360 S	 18.74  
 361 H	 31.99  
 362 R	 19.58  
 363 H	 31.36  
 364 S	 31.06  
 365 V	 5.89  
 366 K	 49.81  
 367 S	 37.31  
 368 Q	 51.08  
 369 E	 56.76  
 370 P	 41.37  
 371 L	 7.75  
 372 P	 54.42  
 373 D	 81.38  
 374 D	 64.38  
 375 D	 65.78  
 376 E	 72.14  
 377 E	 51.95  
 378 F	 12.59  
 379 E	 67.69  
 380 L	 6.30  
 381 P	 26.28  
 382 E	 74.97  
 383 F	 7.72  
 384 V	 9.71  
 385 E	 35.34  
 386 P	 34.27  
 387 F	 9.30  
 388 L	 7.79  
 389 K	 60.99  
 390 D	 56.56  
 391 T	 17.38  
 392 P	 33.24  
 393 L	 8.58  
 394 Y	 17.16  
 395 T	 30.38  
 396 D	 36.60  
 397 N	 33.04  
 398 T	 25.06  
 399 A	 20.64  
 400 N	 40.12  
 401 G	 12.23  
 402 I	 2.15  
 403 A	 9.67  
 404 L	 3.76  
 405 L	 2.44  
 406 W	 12.69  
 407 A	 7.09  
 408 P	 32.66  
 409 R	 40.47  
 410 P	 22.78  
 411 F	 16.55  
 412 N	 36.91  
 413 L	 4.76  
 414 R	 37.86  
 415 S	 35.47  
 416 G	 28.66  
 417 R	 26.72  
 418 T	 28.21  
 419 R	 22.10  
 420 R	 38.60  
 421 A	 13.29  
 422 L	 6.10  
 423 D	 39.20  
 424 I	 2.71  
 425 P	 30.67  
 426 L	 9.77  
 427 V	 3.65  
 428 K	 49.82  
 429 N	 33.27  
 430 W	 6.45  
 431 Y	 18.60  
 432 R	 20.85  
 433 E	 33.86  
 434 H	 17.54  
 435 C	 1.80  
 436 P	 41.13  
 437 A	 34.35  
 438 G	 19.91  
 439 Q	 41.54  
 440 P	 27.29  
 441 V	 7.42  
 442 K	 30.89  
 443 V	 8.12  
 444 R	 13.12  
 445 V	 7.57  
 446 S	 15.98  
 447 Y	 13.55  
 448 Q	 23.55  
 449 K	 47.78  
 450 L	 2.69  
 451 L	 4.28  
 452 K	 45.00  
 453 Y	 9.97  
 454 Y	 9.25  
 455 V	 2.78  
 456 L	 1.47  
 457 N	 32.93  
 458 A	 17.52  
 459 L	 4.70  
 460 K	 34.85  
 461 H	 48.61  
 462 R	 47.86  
 463 P	 34.17  
 464 P	 44.57  
 465 K	 67.16  
 466 A	 32.00  
 467 Q	 58.91  
 468 K	 44.04  
 469 K	 33.91  
 470 R	 40.18  
 471 Y	 21.04  
 472 L	 3.14  
 473 F	 4.57  
 474 R	 38.29  
 475 S	 24.62  
 476 F	 5.63  
 477 K	 57.29  
 478 A	 17.63  
 479 T	 29.04  
 480 K	 49.38  
 481 F	 6.14  
 482 F	 6.30  
 483 Q	 54.01  
 484 S	 23.50  
 485 T	 25.50  
 486 K	 50.09  
 487 L	 6.76  
 488 D	 49.26  
 489 W	 9.90  
 490 V	 4.22  
 491 E	 26.98  
 492 V	 7.21  
 493 G	 9.26  
 494 L	 4.10  
 495 Q	 26.74  
 496 V	 3.32  
 497 C	 1.41  
 498 R	 33.82  
 499 Q	 54.30  
 500 G	 9.09  
 501 Y	 6.78  
 502 N	 34.98  
 503 M	 1.65  
 504 L	 3.48  
 505 N	 23.25  
 506 L	 4.12  
 507 L	 2.78  
 508 I	 3.13  
 509 H	 34.33  
 510 R	 23.67  
 511 K	 52.18  
 512 N	 33.21  
 513 L	 5.10  
 514 N	 46.87  
 515 Y	 9.92  
 516 L	 2.92  
 517 H	 13.29  
 518 L	 7.44  
 519 D	 26.11  
 520 Y	 28.19  
 521 N	 20.99  
 522 F	 10.36  
 523 N	 43.44  
 524 L	 6.08  
 525 K	 49.20  
 526 P	 35.68  
 527 V	 7.66  
 528 K	 46.47  
 529 T	 29.57  
 530 L	 4.79  
 531 T	 40.84  
 532 T	 33.74  
 533 K	 50.73  
 534 E	 68.58  
 535 R	 53.94  
 536 K	 57.08  
 537 K	 53.75  
 538 S	 35.56  
 539 R	 52.98  
 540 F	 13.12  
 541 G	 24.36  
 542 N	 36.40  
 543 A	 8.13  
 544 F	 5.40  
 545 H	 22.93  
 546 L	 2.08  
 547 C	 2.34  
 548 R	 43.34  
 549 E	 44.93  
 550 V	 1.63  
 551 L	 2.96  
 552 R	 45.55  
 553 L	 4.30  
 554 T	 18.85  
 555 K	 43.82  
 556 L	 3.70  
 557 V	 4.85  
 558 V	 10.15  
 559 D	 26.08  
 560 S	 17.59  
 561 H	 13.26  
 562 V	 6.56  
 563 Q	 16.53  
 564 Y	 13.50  
 565 R	 21.01  
 566 L	 5.08  
 567 G	 24.10  
 568 N	 32.84  
 569 V	 5.50  
 570 D	 45.74  
 571 A	 6.98  
 572 F	 5.46  
 573 Q	 37.14  
 574 L	 3.66  
 575 A	 9.68  
 576 D	 67.91  
 577 G	 14.74  
 578 L	 3.44  
 579 Q	 34.50  
 580 Y	 11.75  
 581 I	 1.26  
 582 F	 3.07  
 583 A	 6.21  
 584 H	 17.31  
 585 V	 4.72  
 586 G	 13.60  
 587 Q	 34.46  
 588 L	 3.53  
 589 T	 16.41  
 590 G	 21.51  
 591 M	 1.13  
 592 Y	 16.49  
 593 R	 16.75  
 594 Y	 10.94  
 595 K	 27.23  
 596 Y	 10.62  
 597 K	 31.49  
 598 L	 2.87  
 599 M	 2.31  
 600 R	 38.93  
 601 Q	 17.42  
 602 I	 1.82  
 603 R	 18.99  
 604 M	 3.39  
 605 C	 1.92  
 606 K	 57.67  
 607 D	 56.90  
 608 L	 2.00  
 609 K	 46.64  
 610 H	 25.42  
 611 L	 2.29  
 612 I	 2.58  
 613 Y	 8.57  
 614 Y	 11.18  
 615 R	 11.02  
 616 F	 5.77  
 617 N	 34.82  
 618 T	 39.90  
 619 G	 18.92  
 620 P	 29.64  
 621 V	 15.19  
 622 G	 32.13  
 623 K	 63.27  
 624 G	 20.22  
 625 P	 38.09  
 626 G	 32.61  
 627 C	 4.59  
 628 G	 27.35  
 629 F	 4.70  
 630 W	 3.15  
 631 A	 8.20  
 632 A	 14.53  
 633 G	 12.65  
 634 W	 6.22  
 635 R	 14.60  
 636 V	 4.14  
 637 W	 4.47  
 638 L	 1.86  
 639 F	 2.37  
 640 F	 2.82  
 641 M	 2.76  
 642 R	 28.36  
 643 G	 19.14  
 644 I	 2.24  
 645 T	 15.65  
 646 P	 32.78  
 647 L	 6.09  
 648 L	 4.40  
 649 E	 49.87  
 650 R	 33.61  
 651 W	 10.15  
 652 L	 4.00  
 653 G	 18.77  
 654 N	 29.70  
 655 L	 3.62  
 656 L	 4.24  
 657 A	 13.34  
 658 R	 41.51  
 659 Q	 34.83  
 660 F	 10.03  
 661 E	 47.16  
 662 G	 33.61  
 663 R	 24.57  
 664 H	 44.72  
 665 S	 29.73  
 666 K	 51.81  
 667 G	 27.85  
 668 V	 5.92  
 669 A	 15.52  
 670 K	 40.91  
 671 T	 24.54  
 672 V	 6.58  
 673 T	 27.05  
 674 K	 31.60  
 675 Q	 45.33  
 676 R	 35.41  
 677 V	 9.07  
 678 E	 40.46  
 679 S	 26.96  
 680 H	 13.51  
 681 F	 18.68  
 682 D	 33.53  
 683 L	 6.98  
 684 E	 37.75  
 685 L	 6.16  
 686 R	 15.89  
 687 A	 19.62  
 688 A	 7.85  
 689 V	 3.23  
 690 M	 1.69  
 691 H	 16.62  
 692 D	 25.67  
 693 I	 1.82  
 694 L	 4.26  
 695 D	 31.50  
 696 M	 4.29  
 697 M	 2.46  
 698 P	 29.99  
 699 E	 56.51  
 700 G	 26.90  
 701 I	 3.85  
 702 K	 59.69  
 703 Q	 55.52  
 704 N	 34.65  
 705 K	 36.43  
 706 A	 22.77  
 707 R	 24.73  
 708 T	 30.79  
 709 I	 2.65  
 710 L	 2.31  
 711 Q	 31.46  
 712 H	 28.07  
 713 L	 2.97  
 714 S	 24.12  
 715 E	 59.62  
 716 A	 8.81  
 717 W	 7.60  
 718 R	 24.38  
 719 C	 2.81  
 720 W	 8.33  
 721 K	 34.87  
 722 A	 8.49  
 723 N	 36.81  
 724 I	 5.27  
 725 P	 25.33  
 726 W	 15.52  
 727 K	 32.95  
 728 V	 3.92  
 729 P	 34.57  
 730 G	 47.48  
 731 L	 3.32  
 732 P	 41.88  
 733 T	 41.77  
 734 P	 29.92  
 735 I	 7.03  
 736 E	 41.78  
 737 N	 24.42  
 738 M	 1.66  
 739 I	 2.74  
 740 L	 1.94  
 741 R	 24.23  
 742 Y	 11.67  
 743 V	 3.82  
 744 K	 34.92  
 745 A	 11.39  
 746 K	 40.95  
 747 A	 23.63  
 748 D	 40.51  
 749 W	 14.51  
 750 W	 4.74  
 751 T	 20.59  
 752 N	 22.88  
 753 T	 13.87  
 754 A	 12.77  
 755 H	 20.54  
 756 Y	 17.28  
 757 N	 29.48  
 758 R	 27.66  
 759 E	 49.15  
 760 R	 25.20  
 761 I	 2.78  
 762 R	 36.88  
 763 R	 36.41  
 764 G	 18.75  
 765 A	 11.57  
 766 T	 31.87  
 767 V	 7.62  
 768 D	 36.23  
 769 K	 38.22  
 770 T	 27.03  
 771 V	 5.77  
 772 C	 6.68  
 773 K	 40.12  
 774 K	 52.88  
 775 N	 32.97  
 776 L	 6.08  
 777 G	 31.76  
 778 R	 35.73  
 779 L	 2.87  
 780 T	 19.78  
 781 R	 26.40  
 782 L	 5.04  
 783 Y	 11.67  
 784 L	 5.12  
 785 K	 36.00  
 786 A	 22.55  
 787 E	 51.92  
 788 Q	 56.91  
 789 E	 45.90  
 790 R	 42.63  
 791 Q	 28.55  
 792 H	 30.99  
 793 N	 35.18  
 794 Y	 13.03  
 795 L	 4.38  
 796 K	 34.48  
 797 V	 9.60  
 798 G	 14.01  
 799 P	 21.97  
 800 Y	 12.65  
 801 I	 3.11  
 802 T	 23.36  
 803 A	 11.76  
 804 E	 37.53  
 805 E	 46.08  
 806 A	 6.00  
 807 V	 4.13  
 808 A	 8.81  
 809 V	 3.33  
 810 Y	 6.66  
 811 T	 14.91  
 812 T	 14.77  
 813 T	 11.54  
 814 V	 2.61  
 815 H	 22.70  
 816 W	 9.48  
 817 L	 2.30  
 818 E	 36.69  
 819 S	 26.96  
 820 R	 34.00  
 821 R	 45.75  
 822 F	 11.21  
 823 S	 21.80  
 824 P	 35.24  
 825 I	 5.49  
 826 P	 38.79  
 827 F	 11.44  
 828 P	 24.46  
 829 P	 34.03  
 830 L	 9.95  
 831 S	 37.60  
 832 Y	 21.74  
 833 K	 31.46  
 834 H	 39.48  
 835 D	 41.19  
 836 T	 24.26  
 837 K	 47.56  
 838 L	 3.79  
 839 L	 3.00  
 840 I	 2.83  
 841 L	 4.49  
 842 A	 10.61  
 843 L	 3.36  
 844 E	 50.81  
 845 R	 52.49  
 846 L	 4.25  
 847 K	 46.66  
 848 E	 58.39  
 849 A	 10.58  
 850 Y	 18.32  
 851 S	 30.07  
 852 V	 4.20  
 853 K	 24.74  
 854 S	 39.58  
 855 R	 31.75  
 856 L	 9.87  
 857 N	 38.04  
 858 Q	 45.60  
 859 S	 30.08  
 860 Q	 47.22  
 861 R	 44.60  
 862 E	 50.35  
 863 E	 50.78  
 864 L	 6.07  
 865 G	 28.08  
 866 L	 6.43  
 867 I	 3.32  
 868 E	 33.91  
 869 Q	 37.92  
 870 A	 10.80  
 871 Y	 18.89  
 872 D	 66.26  
 873 N	 27.44  
 874 P	 24.65  
 875 H	 38.94  
 876 E	 53.19  
 877 A	 14.06  
 878 L	 3.01  
 879 S	 38.72  
 880 R	 39.02  
 881 I	 4.06  
 882 K	 32.43  
 883 R	 24.26  
 884 H	 21.86  
 885 L	 6.85  
 886 L	 2.91  
 887 T	 23.51  
 888 Q	 34.37  
 889 R	 36.43  
 890 A	 15.28  
 891 F	 8.26  
 892 K	 50.97  
 893 E	 39.25  
 894 V	 10.90  
 895 G	 18.14  
 896 I	 4.44  
 897 E	 29.05  
 898 F	 4.33  
 899 M	 1.94  
 900 D	 48.02  
 901 L	 2.95  
 902 Y	 6.98  
 903 S	 20.03  
 904 H	 19.79  
 905 L	 3.71  
 906 V	 2.23  
 907 P	 25.88  
 908 V	 5.06  
 909 Y	 14.27  
 910 D	 38.24  
 911 V	 4.46  
 912 E	 41.07  
 913 P	 45.74  
 914 L	 7.10  
 915 E	 53.80  
 916 K	 59.60  
 917 I	 2.84  
 918 T	 26.16  
 919 D	 36.37  
 920 A	 9.72  
 921 Y	 17.39  
 922 L	 3.38  
 923 D	 23.54  
 924 Q	 32.40  
 925 Y	 10.00  
 926 L	 3.05  
 927 W	 5.51  
 928 Y	 9.92  
 929 E	 38.52  
 930 A	 16.36  
 931 D	 32.81  
 932 K	 46.60  
 933 R	 40.87  
 934 R	 46.55  
 935 L	 9.80  
 936 F	 6.92  
 937 P	 28.10  
 938 P	 37.78  
 939 W	 16.10  
 940 I	 4.77  
 941 K	 30.22  
 942 P	 26.66  
 943 A	 31.21  
 944 D	 61.19  
 945 T	 53.12  
 946 E	 57.25  
 947 P	 37.59  
 948 P	 26.41  
 949 P	 49.38  
 950 L	 6.61  
 951 L	 4.95  
 952 V	 6.43  
 953 Y	 9.95  
 954 K	 33.73  
 955 W	 2.20  
 956 C	 2.02  
 957 Q	 55.47  
 958 G	 22.81  
 959 I	 0.96  
 960 N	 50.40  
 961 N	 36.84  
 962 L	 3.88  
 963 Q	 45.39  
 964 D	 51.14  
 965 V	 2.99  
 966 W	 16.07  
 967 E	 42.16  
 968 T	 19.16  
 969 S	 31.89  
 970 E	 67.44  
 971 G	 44.52  
 972 E	 20.90  
 973 C	 7.37  
 974 N	 20.24  
 975 V	 7.57  
 976 M	 1.82  
 977 L	 4.75  
 978 E	 23.05  
 979 S	 38.00  
 980 R	 34.08  
 981 F	 17.20  
 982 E	 35.48  
 983 K	 44.03  
 984 M	 4.04  
 985 Y	 25.74  
 986 E	 39.78  
 987 K	 24.83  
 988 I	 3.33  
 989 D	 44.67  
 990 L	 4.07  
 991 T	 26.00  
 992 L	 5.33  
 993 L	 2.71  
 994 N	 35.35  
 995 R	 34.76  
 996 L	 2.96  
 997 L	 3.65  
 998 R	 27.28  
 999 L	 4.52  
 1000 I	 2.50  
 1001 V	 7.88  
 1002 D	 23.32  
 1003 H	 19.39  
 1004 N	 27.04  
 1005 I	 2.50  
 1006 A	 13.75  
 1007 D	 29.91  
 1008 Y	 6.32  
 1009 M	 2.78  
 1010 T	 28.40  
 1011 A	 8.96  
 1012 K	 39.63  
 1013 N	 44.03  
 1014 N	 28.82  
 1015 V	 6.81  
 1016 V	 2.26  
 1017 I	 3.98  
 1018 N	 26.62  
 1019 Y	 9.39  
 1020 K	 46.11  
 1021 D	 32.53  
 1022 M	 3.28  
 1023 N	 49.30  
 1024 H	 21.56  
 1025 T	 22.36  
 1026 N	 26.19  
 1027 S	 26.37  
 1028 Y	 17.89  
 1029 G	 14.52  
 1030 I	 1.15  
 1031 I	 2.19  
 1032 R	 37.54  
 1033 G	 17.27  
 1034 L	 2.45  
 1035 Q	 34.38  
 1036 F	 8.06  
 1037 A	 7.20  
 1038 S	 19.45  
 1039 F	 5.94  
 1040 I	 1.42  
 1041 V	 2.56  
 1042 Q	 22.40  
 1043 Y	 6.65  
 1044 Y	 6.21  
 1045 G	 13.58  
 1046 L	 1.34  
 1047 V	 2.14  
 1048 M	 3.46  
 1049 D	 29.39  
 1050 L	 1.60  
 1051 L	 2.32  
 1052 V	 5.32  
 1053 L	 6.44  
 1054 G	 16.38  
 1055 L	 1.85  
 1056 H	 22.82  
 1057 R	 44.87  
 1058 A	 10.09  
 1059 S	 28.06  
 1060 E	 31.87  
 1061 M	 4.91  
 1062 A	 24.24  
 1063 G	 32.86  
 1064 P	 13.35  
 1065 P	 42.03  
 1066 Q	 64.20  
 1067 M	 4.06  
 1068 P	 31.80  
 1069 N	 47.53  
 1070 D	 39.74  
 1071 F	 8.60  
 1072 L	 5.82  
 1073 S	 22.36  
 1074 F	 9.11  
 1075 Q	 37.51  
 1076 D	 30.40  
 1077 I	 3.39  
 1078 A	 14.00  
 1079 T	 26.87  
 1080 E	 34.53  
 1081 A	 13.50  
 1082 A	 11.62  
 1083 H	 25.93  
 1084 P	 14.52  
 1085 I	 4.25  
 1086 R	 26.60  
 1087 L	 5.00  
 1088 F	 1.28  
 1089 C	 3.70  
 1090 R	 24.90  
 1091 Y	 14.35  
 1092 I	 1.16  
 1093 D	 34.25  
 1094 R	 16.90  
 1095 I	 2.31  
 1096 H	 16.23  
 1097 I	 3.04  
 1098 F	 1.91  
 1099 F	 6.58  
 1100 R	 19.77  
 1101 F	 5.81  
 1102 T	 29.01  
 1103 A	 15.21  
 1104 D	 47.21  
 1105 E	 43.04  
 1106 A	 15.72  
 1107 R	 36.90  
 1108 D	 55.99  
 1109 L	 2.75  
 1110 I	 2.28  
 1111 Q	 34.95  
 1112 R	 22.80  
 1113 Y	 11.12  
 1114 L	 5.02  
 1115 T	 24.26  
 1116 E	 51.32  
 1117 H	 27.16  
 1118 P	 53.15  
 1119 D	 61.54  
 1120 P	 50.42  
 1121 N	 75.68  
 1122 N	 49.43  
 1123 E	 55.78  
 1124 N	 36.05  
 1125 I	 1.76  
 1126 V	 11.39  
 1127 G	 18.69  
 1128 Y	 12.50  
 1129 N	 48.17  
 1130 N	 36.36  
 1131 K	 45.75  
 1132 K	 43.59  
 1133 C	 6.89  
 1134 W	 10.39  
 1135 P	 33.47  
 1136 R	 26.22  
 1137 D	 34.15  
 1138 A	 14.40  
 1139 R	 18.29  
 1140 M	 4.07  
 1141 R	 26.52  
 1142 L	 3.81  
 1143 M	 2.27  
 1144 K	 41.04  
 1145 H	 30.22  
 1146 D	 26.02  
 1147 V	 6.78  
 1148 N	 42.72  
 1149 L	 5.02  
 1150 G	 15.42  
 1151 R	 30.64  
 1152 A	 10.08  
 1153 V	 4.86  
 1154 F	 4.78  
 1155 W	 10.38  
 1156 D	 30.44  
 1157 I	 2.88  
 1158 K	 33.28  
 1159 N	 51.56  
 1160 R	 40.86  
 1161 L	 6.05  
 1162 P	 24.22  
 1163 R	 48.64  
 1164 S	 23.13  
 1165 V	 5.70  
 1166 T	 23.61  
 1167 T	 14.45  
 1168 V	 4.56  
 1169 Q	 39.41  
 1170 W	 11.47  
 1171 E	 26.38  
 1172 N	 37.48  
 1173 S	 18.60  
 1174 F	 7.77  
 1175 V	 3.67  
 1176 S	 17.21  
 1177 V	 5.41  
 1178 Y	 11.51  
 1179 S	 31.23  
 1180 K	 43.78  
 1181 D	 70.63  
 1182 N	 30.97  
 1183 P	 42.87  
 1184 N	 56.48  
 1185 L	 6.44  
 1186 L	 3.56  
 1187 F	 6.53  
 1188 N	 25.46  
 1189 M	 1.53  
 1190 C	 6.23  
 1191 G	 15.60  
 1192 F	 7.34  
 1193 E	 14.26  
 1194 C	 2.83  
 1195 R	 26.70  
 1196 I	 13.44  
 1197 L	 1.39  
 1198 P	 31.18  
 1199 K	 32.67  
 1200 C	 5.61  
 1201 R	 32.60  
 1202 T	 45.17  
 1203 S	 15.93  
 1204 Y	 20.90  
 1205 E	 46.53  
 1206 E	 47.84  
 1207 F	 6.07  
 1208 T	 31.15  
 1209 H	 31.37  
 1210 K	 53.79  
 1211 D	 49.64  
 1212 G	 31.01  
 1213 V	 4.37  
 1214 W	 12.82  
 1215 N	 29.37  
 1216 L	 3.20  
 1217 Q	 40.60  
 1218 N	 49.20  
 1219 E	 38.31  
 1220 V	 14.03  
 1221 T	 22.47  
 1222 K	 50.83  
 1223 E	 45.99  
 1224 R	 36.60  
 1225 T	 23.36  
 1226 A	 15.46  
 1227 Q	 20.20  
 1228 C	 3.00  
 1229 F	 3.03  
 1230 L	 7.39  
 1231 R	 15.01  
 1232 V	 13.64  
 1233 D	 47.75  
 1234 D	 47.19  
 1235 E	 43.58  
 1236 S	 27.49  
 1237 M	 2.89  
 1238 Q	 54.92  
 1239 R	 26.59  
 1240 F	 3.18  
 1241 H	 24.31  
 1242 N	 41.24  
 1243 R	 19.20  
 1244 V	 6.83  
 1245 R	 18.00  
 1246 Q	 30.25  
 1247 I	 1.67  
 1248 L	 1.45  
 1249 M	 2.74  
 1250 A	 13.80  
 1251 S	 21.22  
 1252 G	 21.34  
 1253 S	 23.06  
 1254 T	 29.47  
 1255 T	 30.88  
 1256 F	 7.11  
 1257 T	 20.12  
 1258 K	 40.23  
 1259 I	 3.61  
 1260 V	 6.85  
 1261 N	 47.28  
 1262 K	 30.81  
 1263 W	 11.38  
 1264 N	 19.65  
 1265 T	 23.02  
 1266 A	 8.25  
 1267 L	 2.76  
 1268 I	 3.55  
 1269 G	 15.39  
 1270 L	 1.51  
 1271 M	 2.11  
 1272 T	 25.26  
 1273 Y	 6.15  
 1274 F	 4.12  
 1275 R	 22.13  
 1276 E	 35.60  
 1277 A	 13.29  
 1278 V	 2.67  
 1279 V	 9.16  
 1280 N	 29.46  
 1281 T	 16.29  
 1282 Q	 33.85  
 1283 E	 49.62  
 1284 L	 3.03  
 1285 L	 4.25  
 1286 D	 51.05  
 1287 L	 6.29  
 1288 L	 3.27  
 1289 V	 9.66  
 1290 K	 35.48  
 1291 C	 5.63  
 1292 E	 56.70  
 1293 N	 57.09  
 1294 K	 17.56  
 1295 I	 8.35  
 1296 Q	 26.74  
 1297 T	 37.52  
 1298 R	 16.30  
 1299 I	 4.29  
 1300 K	 27.68  
 1301 I	 7.64  
 1302 G	 17.50  
 1303 L	 8.13  
 1304 N	 34.08  
 1305 S	 35.06  
 1306 K	 54.48  
 1307 M	 3.51  
 1308 P	 26.53  
 1309 S	 42.95  
 1310 R	 42.07  
 1311 F	 10.60  
 1312 P	 21.48  
 1313 P	 31.99  
 1314 V	 4.78  
 1315 V	 3.61  
 1316 F	 5.98  
 1317 Y	 15.55  
 1318 T	 19.20  
 1319 P	 19.42  
 1320 K	 58.74  
 1321 E	 54.58  
 1322 L	 9.11  
 1323 G	 30.30  
 1324 G	 31.51  
 1325 L	 3.28  
 1326 G	 20.47  
 1327 M	 2.77  
 1328 L	 2.79  
 1329 S	 17.52  
 1330 M	 3.66  
 1331 G	 12.36  
 1332 H	 11.54  
 1333 V	 4.25  
 1334 L	 3.82  
 1335 I	 2.58  
 1336 P	 24.38  
 1337 Q	 42.45  
 1338 S	 33.00  
 1339 D	 34.70  
 1340 L	 7.97  
 1341 R	 40.38  
 1342 W	 19.71  
 1343 S	 14.41  
 1344 K	 50.70  
 1345 Q	 37.10  
 1346 T	 36.07  
 1347 D	 33.87  
 1348 V	 7.30  
 1349 G	 23.14  
 1350 I	 2.44  
 1351 T	 14.72  
 1352 H	 17.75  
 1353 F	 5.07  
 1354 R	 25.38  
 1355 S	 37.59  
 1356 G	 19.84  
 1357 M	 3.79  
 1358 S	 31.13  
 1359 H	 33.31  
 1360 E	 56.83  
 1361 E	 45.71  
 1362 D	 45.67  
 1363 Q	 44.57  
 1364 L	 12.44  
 1365 I	 1.44  
 1366 P	 33.11  
 1367 N	 42.59  
 1368 L	 1.85  
 1369 Y	 14.17  
 1370 R	 25.83  
 1371 Y	 7.14  
 1372 I	 2.68  
 1373 Q	 28.28  
 1374 P	 27.52  
 1375 W	 12.84  
 1376 E	 47.26  
 1377 S	 33.66  
 1378 E	 34.80  
 1379 F	 11.93  
 1380 I	 4.35  
 1381 D	 44.00  
 1382 S	 18.31  
 1383 Q	 39.95  
 1384 R	 29.87  
 1385 V	 4.38  
 1386 W	 5.88  
 1387 A	 9.32  
 1388 E	 18.67  
 1389 Y	 14.97  
 1390 A	 9.71  
 1391 L	 4.62  
 1392 K	 43.81  
 1393 R	 40.18  
 1394 Q	 42.77  
 1395 E	 46.18  
 1396 A	 8.28  
 1397 I	 3.89  
 1398 A	 13.98  
 1399 Q	 37.54  
 1400 N	 23.24  
 1401 R	 23.94  
 1402 R	 39.30  
 1403 L	 6.06  
 1404 T	 26.70  
 1405 L	 5.96  
 1406 E	 56.14  
 1407 D	 59.47  
 1408 L	 6.02  
 1409 E	 63.42  
 1410 D	 63.43  
 1411 S	 22.85  
 1412 W	 16.19  
 1413 D	 42.77  
 1414 R	 38.39  
 1415 G	 31.60  
 1416 I	 1.84  
 1417 P	 33.64  
 1418 R	 32.63  
 1419 I	 3.76  
 1420 N	 31.82  
 1421 T	 26.95  
 1422 L	 3.56  
 1423 F	 8.80  
 1424 Q	 50.26  
 1425 K	 49.77  
 1426 D	 36.49  
 1427 R	 31.55  
 1428 H	 35.05  
 1429 T	 17.61  
 1430 L	 3.21  
 1431 A	 16.19  
 1432 Y	 22.69  
 1433 D	 37.07  
 1434 K	 47.93  
 1435 G	 17.96  
 1436 W	 11.01  
 1437 R	 19.39  
 1438 V	 6.61  
 1439 R	 21.72  
 1440 T	 42.82  
 1441 D	 37.88  
 1442 F	 5.41  
 1443 K	 51.40  
 1444 Q	 33.61  
 1445 Y	 10.94  
 1446 Q	 31.41  
 1447 V	 6.50  
 1448 L	 2.52  
 1449 K	 49.53  
 1450 Q	 59.68  
 1451 N	 31.95  
 1452 P	 24.60  
 1453 F	 12.78  
 1454 W	 10.58  
 1455 W	 5.60  
 1456 T	 9.95  
 1457 H	 14.68  
 1458 Q	 36.71  
 1459 R	 23.43  
 1460 H	 41.42  
 1461 D	 59.10  
 1462 G	 22.34  
 1463 K	 57.28  
 1464 L	 4.48  
 1465 W	 15.68  
 1466 N	 43.24  
 1467 L	 2.73  
 1468 N	 40.03  
 1469 N	 30.72  
 1470 Y	 17.51  
 1471 R	 26.77  
 1472 T	 21.40  
 1473 D	 24.16  
 1474 M	 2.12  
 1475 I	 2.11  
 1476 Q	 24.73  
 1477 A	 9.39  
 1478 L	 3.34  
 1479 G	 40.91  
 1480 G	 18.36  
 1481 V	 6.05  
 1482 E	 43.73  
 1483 G	 27.63  
 1484 I	 2.30  
 1485 L	 6.08  
 1486 E	 32.67  
 1487 H	 25.15  
 1488 T	 25.23  
 1489 L	 4.50  
 1490 F	 7.83  
 1491 K	 54.15  
 1492 G	 20.50  
 1493 T	 23.68  
 1494 Y	 19.07  
 1495 F	 4.34  
 1496 P	 26.62  
 1497 T	 26.67  
 1498 W	 9.63  
 1499 E	 48.79  
 1500 G	 20.10  
 1501 L	 2.82  
 1502 F	 13.40  
 1503 W	 15.95  
 1504 E	 31.26  
 1505 K	 38.15  
 1506 A	 11.90  
 1507 S	 55.90  
 1508 G	 38.55  
 1509 F	 9.73  
 1510 E	 53.33  
 1511 E	 54.60  
 1512 S	 20.61  
 1513 M	 7.31  
 1514 K	 66.20  
 1515 W	 8.38  
 1516 K	 32.18  
 1517 K	 60.47  
 1518 L	 3.86  
 1519 T	 37.07  
 1520 N	 44.50  
 1521 A	 10.83  
 1522 Q	 41.99  
 1523 R	 30.22  
 1524 S	 35.24  
 1525 G	 30.73  
 1526 L	 4.49  
 1527 N	 41.06  
 1528 Q	 58.52  
 1529 I	 2.96  
 1530 P	 20.64  
 1531 N	 49.76  
 1532 R	 29.72  
 1533 R	 35.23  
 1534 F	 6.25  
 1535 T	 21.47  
 1536 L	 3.97  
 1537 W	 7.16  
 1538 W	 9.50  
 1539 S	 10.69  
 1540 P	 24.47  
 1541 T	 25.93  
 1542 I	 3.59  
 1543 N	 39.22  
 1544 R	 24.56  
 1545 A	 12.83  
 1546 N	 23.55  
 1547 V	 3.90  
 1548 Y	 8.48  
 1549 V	 5.58  
 1550 G	 6.92  
 1551 F	 4.60  
 1552 Q	 19.00  
 1553 V	 5.95  
 1554 Q	 20.62  
 1555 L	 6.47  
 1556 D	 25.70  
 1557 L	 6.85  
 1558 T	 28.09  
 1559 G	 20.59  
 1560 I	 2.03  
 1561 F	 2.90  
 1562 M	 3.73  
 1563 H	 24.52  
 1564 G	 20.14  
 1565 K	 30.73  
 1566 I	 3.59  
 1567 P	 34.85  
 1568 T	 44.12  
 1569 L	 3.78  
 1570 K	 32.50  
 1571 I	 4.57  
 1572 S	 20.17  
 1573 L	 3.68  
 1574 I	 2.05  
 1575 Q	 33.78  
 1576 I	 1.68  
 1577 F	 3.02  
 1578 R	 23.79  
 1579 A	 7.44  
 1580 H	 24.28  
 1581 L	 5.17  
 1582 W	 6.38  
 1583 Q	 40.98  
 1584 K	 34.15  
 1585 I	 2.33  
 1586 H	 29.77  
 1587 E	 45.71  
 1588 S	 13.30  
 1589 I	 2.44  
 1590 V	 3.21  
 1591 M	 2.87  
 1592 D	 33.14  
 1593 L	 0.88  
 1594 C	 2.56  
 1595 Q	 46.33  
 1596 V	 5.80  
 1597 F	 3.11  
 1598 D	 42.03  
 1599 Q	 41.51  
 1600 E	 50.92  
 1601 L	 3.76  
 1602 D	 48.64  
 1603 A	 21.51  
 1604 L	 7.32  
 1605 E	 40.26  
 1606 I	 5.82  
 1607 E	 33.28  
 1608 T	 33.62  
 1609 V	 5.06  
 1610 Q	 45.33  
 1611 K	 53.11  
 1612 E	 35.58  
 1613 T	 31.46  
 1614 I	 4.40  
 1615 H	 24.43  
 1616 P	 41.36  
 1617 R	 26.79  
 1618 K	 63.69  
 1619 S	 31.12  
 1620 Y	 19.79  
 1621 K	 38.40  
 1622 M	 4.46  
 1623 N	 26.98  
 1624 S	 24.24  
 1625 S	 14.33  
 1626 C	 3.86  
 1627 A	 14.61  
 1628 D	 36.07  
 1629 I	 1.59  
 1630 L	 3.11  
 1631 L	 3.26  
 1632 F	 3.68  
 1633 A	 16.36  
 1634 S	 21.66  
 1635 Y	 19.32  
 1636 K	 29.78  
 1637 W	 11.39  
 1638 N	 20.10  
 1639 V	 5.09  
 1640 S	 34.95  
 1641 R	 22.12  
 1642 P	 23.09  
 1643 S	 34.60  
 1644 L	 5.18  
 1645 L	 6.13  
 1646 A	 25.07  
 1647 D	 57.07  
 1648 S	 25.75  
 1649 K	 55.69  
 1650 D	 44.95  
 1651 V	 5.44  
 1652 M	 4.90  
 1653 D	 42.55  
 1654 S	 15.01  
 1655 T	 29.60  
 1656 T	 31.05  
 1657 T	 24.13  
 1658 Q	 34.45  
 1659 K	 40.22  
 1660 Y	 9.59  
 1661 W	 6.71  
 1662 I	 2.80  
 1663 D	 14.40  
 1664 I	 2.82  
 1665 Q	 22.64  
 1666 L	 5.20  
 1667 R	 20.96  
 1668 W	 16.77  
 1669 G	 19.71  
 1670 D	 36.79  
 1671 Y	 18.53  
 1672 D	 44.21  
 1673 S	 19.48  
 1674 H	 36.85  
 1675 D	 48.69  
 1676 I	 2.44  
 1677 E	 45.77  
 1678 R	 30.64  
 1679 Y	 6.40  
 1680 A	 15.92  
 1681 R	 29.40  
 1682 A	 9.97  
 1683 K	 40.69  
 1684 F	 6.48  
 1685 L	 4.92  
 1686 D	 41.69  
 1687 Y	 17.43  
 1688 T	 27.60  
 1689 T	 21.10  
 1690 D	 40.82  
 1691 N	 24.82  
 1692 M	 2.61  
 1693 S	 25.81  
 1694 I	 4.00  
 1695 Y	 7.14  
 1696 P	 31.96  
 1697 S	 20.37  
 1698 P	 28.77  
 1699 T	 44.23  
 1700 G	 18.67  
 1701 V	 3.72  
 1702 L	 2.01  
 1703 I	 2.68  
 1704 A	 5.77  
 1705 I	 3.37  
 1706 D	 19.07  
 1707 L	 4.44  
 1708 A	 6.34  
 1709 Y	 26.08  
 1710 N	 26.18  
 1711 L	 1.89  
 1712 H	 13.52  
 1713 S	 26.76  
 1714 A	 12.90  
 1715 Y	 17.63  
 1716 G	 25.30  
 1717 N	 25.25  
 1718 W	 9.10  
 1719 F	 5.95  
 1720 P	 37.45  
 1721 G	 38.54  
 1722 S	 31.19  
 1723 K	 50.16  
 1724 P	 36.07  
 1725 L	 6.75  
 1726 I	 3.75  
 1727 Q	 32.44  
 1728 Q	 26.55  
 1729 A	 5.41  
 1730 M	 3.20  
 1731 A	 10.96  
 1732 K	 30.19  
 1733 I	 2.19  
 1734 M	 3.10  
 1735 K	 48.78  
 1736 A	 15.17  
 1737 N	 19.50  
 1738 P	 28.62  
 1739 A	 16.01  
 1740 L	 2.99  
 1741 Y	 10.27  
 1742 V	 4.17  
 1743 L	 2.73  
 1744 R	 22.54  
 1745 E	 48.58  
 1746 R	 27.81  
 1747 I	 4.58  
 1748 R	 32.96  
 1749 K	 62.70  
 1750 G	 14.60  
 1751 L	 3.39  
 1752 Q	 47.20  
 1753 L	 5.57  
 1754 Y	 9.37  
 1755 S	 36.50  
 1756 S	 33.76  
 1757 E	 50.75  
 1758 P	 43.97  
 1759 T	 45.61  
 1760 E	 42.54  
 1761 P	 37.53  
 1762 Y	 17.00  
 1763 L	 6.09  
 1764 S	 24.84  
 1765 S	 21.61  
 1766 Q	 43.73  
 1767 N	 49.04  
 1768 Y	 12.35  
 1769 G	 32.45  
 1770 E	 35.96  
 1771 L	 5.04  
 1772 F	 5.84  
 1773 S	 40.21  
 1774 N	 29.72  
 1775 Q	 27.61  
 1776 I	 3.35  
 1777 I	 1.36  
 1778 W	 6.72  
 1779 F	 2.80  
 1780 V	 3.80  
 1781 D	 47.76  
 1782 D	 34.57  
 1783 T	 23.32  
 1784 N	 35.50  
 1785 V	 3.33  
 1786 Y	 11.05  
 1787 R	 18.15  
 1788 V	 3.01  
 1789 T	 14.36  
 1790 I	 2.61  
 1791 H	 17.46  
 1792 K	 51.57  
 1793 T	 16.86  
 1794 F	 15.69  
 1795 E	 53.02  
 1796 G	 30.20  
 1797 N	 27.32  
 1798 L	 10.66  
 1799 T	 36.45  
 1800 T	 37.68  
 1801 K	 38.37  
 1802 P	 24.16  
 1803 I	 8.72  
 1804 N	 42.23  
 1805 G	 22.29  
 1806 A	 6.77  
 1807 I	 2.63  
 1808 F	 5.31  
 1809 I	 2.39  
 1810 F	 7.78  
 1811 N	 21.96  
 1812 P	 25.18  
 1813 R	 53.22  
 1814 T	 30.45  
 1815 G	 24.39  
 1816 Q	 28.55  
 1817 L	 6.01  
 1818 F	 5.12  
 1819 L	 5.46  
 1820 K	 32.07  
 1821 I	 2.80  
 1822 I	 2.50  
 1823 H	 18.63  
 1824 T	 17.99  
 1825 S	 11.08  
 1826 V	 4.22  
 1827 W	 8.40  
 1828 A	 14.37  
 1829 G	 20.17  
 1830 Q	 21.68  
 1831 K	 48.99  
 1832 R	 35.84  
 1833 L	 7.07  
 1834 G	 25.21  
 1835 Q	 42.72  
 1836 L	 5.13  
 1837 A	 14.05  
 1838 K	 58.79  
 1839 W	 9.53  
 1840 K	 36.83  
 1841 T	 37.88  
 1842 A	 13.76  
 1843 E	 59.23  
 1844 E	 34.69  
 1845 V	 2.58  
 1846 A	 10.38  
 1847 A	 14.54  
 1848 L	 2.11  
 1849 I	 2.11  
 1850 R	 32.75  
 1851 S	 29.99  
 1852 L	 3.85  
 1853 P	 32.49  
 1854 V	 17.93  
 1855 E	 49.31  
 1856 E	 72.86  
 1857 Q	 36.66  
 1858 P	 33.52  
 1859 K	 54.55  
 1860 Q	 37.01  
 1861 I	 3.23  
 1862 I	 2.10  
 1863 V	 4.53  
 1864 T	 19.09  
 1865 R	 23.72  
 1866 K	 39.03  
 1867 G	 20.70  
 1868 M	 4.26  
 1869 L	 9.28  
 1870 D	 36.52  
 1871 P	 26.85  
 1872 L	 12.24  
 1873 E	 33.02  
 1874 V	 5.19  
 1875 H	 15.99  
 1876 L	 6.24  
 1877 L	 3.73  
 1878 D	 64.42  
 1879 F	 5.14  
 1880 P	 29.33  
 1881 N	 40.95  
 1882 I	 3.27  
 1883 V	 4.74  
 1884 I	 3.56  
 1885 K	 45.55  
 1886 G	 18.41  
 1887 S	 30.08  
 1888 E	 49.56  
 1889 L	 7.30  
 1890 Q	 42.93  
 1891 L	 7.78  
 1892 P	 13.32  
 1893 F	 11.06  
 1894 Q	 29.26  
 1895 A	 10.86  
 1896 C	 2.35  
 1897 L	 8.58  
 1898 K	 48.51  
 1899 V	 6.62  
 1900 E	 40.87  
 1901 K	 58.60  
 1902 F	 6.11  
 1903 G	 39.62  
 1904 D	 33.40  
 1905 L	 5.17  
 1906 I	 4.39  
 1907 L	 3.92  
 1908 K	 46.39  
 1909 A	 17.47  
 1910 T	 46.76  
 1911 E	 38.09  
 1912 P	 24.18  
 1913 Q	 28.52  
 1914 M	 4.07  
 1915 V	 4.68  
 1916 L	 1.66  
 1917 F	 3.94  
 1918 N	 33.27  
 1919 L	 3.77  
 1920 Y	 16.98  
 1921 D	 43.72  
 1922 D	 38.76  
 1923 W	 9.25  
 1924 L	 4.51  
 1925 K	 39.29  
 1926 T	 24.75  
 1927 I	 2.17  
 1928 S	 23.64  
 1929 S	 23.74  
 1930 Y	 8.69  
 1931 T	 24.15  
 1932 A	 7.68  
 1933 F	 3.17  
 1934 S	 24.58  
 1935 R	 21.21  
 1936 L	 3.46  
 1937 I	 1.87  
 1938 L	 3.41  
 1939 I	 1.62  
 1940 L	 2.05  
 1941 R	 28.27  
 1942 A	 9.89  
 1943 L	 3.61  
 1944 H	 21.19  
 1945 V	 8.13  
 1946 N	 33.66  
 1947 N	 38.77  
 1948 D	 46.87  
 1949 R	 38.13  
 1950 A	 17.21  
 1951 K	 30.60  
 1952 V	 6.38  
 1953 I	 3.95  
 1954 L	 8.04  
 1955 K	 39.79  
 1956 P	 44.90  
 1957 D	 60.38  
 1958 K	 55.40  
 1959 T	 33.60  
 1960 T	 31.04  
 1961 V	 7.45  
 1962 T	 41.53  
 1963 E	 38.00  
 1964 P	 18.26  
 1965 H	 20.87  
 1966 H	 34.23  
 1967 I	 4.24  
 1968 W	 3.88  
 1969 P	 19.54  
 1970 T	 27.56  
 1971 L	 5.08  
 1972 T	 43.79  
 1973 D	 55.73  
 1974 E	 50.42  
 1975 E	 58.26  
 1976 W	 8.15  
 1977 I	 3.97  
 1978 K	 33.16  
 1979 V	 6.84  
 1980 E	 21.39  
 1981 V	 10.14  
 1982 Q	 29.32  
 1983 L	 5.87  
 1984 K	 33.14  
 1985 D	 47.75  
 1986 L	 3.10  
 1987 I	 4.23  
 1988 L	 3.74  
 1989 A	 10.86  
 1990 D	 49.63  
 1991 Y	 25.82  
 1992 G	 34.70  
 1993 K	 46.21  
 1994 K	 49.76  
 1995 N	 62.26  
 1996 N	 35.30  
 1997 V	 9.48  
 1998 N	 26.26  
 1999 V	 3.13  
 2000 A	 8.13  
 2001 S	 27.89  
 2002 L	 3.49  
 2003 T	 27.79  
 2004 Q	 44.34  
 2005 S	 29.74  
 2006 E	 32.02  
 2007 I	 6.09  
 2008 R	 25.64  
 2009 D	 37.63  
 2010 I	 1.69  
 2011 I	 2.97  
 2012 L	 5.66  
 2013 G	 10.98  
 2014 M	 3.56  
 2015 E	 31.80  
 2016 I	 2.94  
 2017 S	 22.33  
 2018 A	 17.27  
 2019 P	 26.36  
 2020 S	 38.37  
 2021 Q	 41.22  
 2022 Q	 49.87  
 2023 R	 23.80  
 2024 Q	 34.39  
 2025 Q	 38.76  
 2026 I	 2.55  
 2027 A	 13.84  
 2028 E	 54.00  
 2029 I	 6.23  
 2030 E	 30.53  
 2031 K	 69.77  
 2032 Q	 45.04  
 2033 T	 47.84  
 2034 K	 51.79  
 2035 E	 59.87  
 2036 Q	 37.72  
 2037 S	 28.40  
 2038 Q	 42.39  
 2039 L	 4.21  
 2040 T	 21.74  
 2041 A	 13.30  
 2042 T	 25.82  
 2043 Q	 26.90  
 2044 T	 24.77  
 2045 R	 27.19  
 2046 T	 31.64  
 2047 V	 8.94  
 2048 N	 29.96  
 2049 K	 44.63  
 2050 H	 43.67  
 2051 G	 35.54  
 2052 D	 43.57  
 2053 E	 40.66  
 2054 I	 5.04  
 2055 I	 2.04  
 2056 T	 26.19  
 2057 S	 21.19  
 2058 T	 26.12  
 2059 T	 18.10  
 2060 S	 37.19  
 2061 N	 36.25  
 2062 Y	 21.81  
 2063 E	 38.39  
 2064 T	 23.66  
 2065 Q	 28.71  
 2066 T	 32.67  
 2067 F	 5.81  
 2068 S	 34.02  
 2069 S	 39.13  
 2070 K	 49.63  
 2071 T	 42.60  
 2072 E	 36.70  
 2073 W	 14.86  
 2074 R	 11.21  
 2075 V	 5.20  
 2076 R	 20.03  
 2077 A	 9.38  
 2078 I	 1.70  
 2079 S	 21.97  
 2080 A	 8.34  
 2081 A	 16.60  
 2082 N	 27.92  
 2083 L	 3.27  
 2084 H	 17.05  
 2085 L	 9.00  
 2086 R	 23.80  
 2087 T	 37.19  
 2088 N	 17.08  
 2089 H	 16.49  
 2090 I	 3.84  
 2091 Y	 6.17  
 2092 V	 4.34  
 2093 S	 15.86  
 2094 S	 29.29  
 2095 D	 54.90  
 2096 D	 56.67  
 2097 I	 5.36  
 2098 K	 57.10  
 2099 E	 48.04  
 2100 T	 30.41  
 2101 G	 17.55  
 2102 Y	 12.09  
 2103 T	 12.87  
 2104 Y	 7.62  
 2105 I	 4.02  
 2106 L	 3.30  
 2107 P	 19.33  
 2108 K	 57.13  
 2109 N	 42.27  
 2110 V	 11.78  
 2111 L	 7.54  
 2112 K	 41.16  
 2113 K	 35.48  
 2114 F	 5.42  
 2115 I	 2.54  
 2116 C	 2.47  
 2117 I	 2.84  
 2118 S	 26.61  
 2119 D	 21.91  
 2120 L	 3.79  
 2121 R	 29.45  
 2122 A	 16.66  
 2123 Q	 21.45  
 2124 I	 2.91  
 2125 A	 6.62  
 2126 G	 18.01  
 2127 Y	 6.42  
 2128 L	 2.69  
 2129 Y	 13.65  
 2130 G	 15.72  
 2131 V	 4.98  
 2132 S	 26.76  
 2133 P	 37.55  
 2134 P	 46.64  
 2135 D	 80.82  
 2136 N	 34.38  
 2137 P	 47.96  
 2138 Q	 66.23  
 2139 V	 6.74  
 2140 K	 42.02  
 2141 E	 36.49  
 2142 I	 3.45  
 2143 R	 12.76  
 2144 C	 3.18  
 2145 I	 1.28  
 2146 V	 3.47  
 2147 M	 1.52  
 2148 V	 1.90  
 2149 P	 13.20  
 2150 Q	 39.56  
 2151 W	 13.95  
 2152 G	 14.20  
 2153 T	 14.09  
 2154 H	 19.85  
 2155 Q	 45.09  
 2156 T	 11.42  
 2157 V	 3.34  
 2158 H	 35.10  
 2159 L	 3.67  
 2160 P	 12.73  
 2161 S	 51.19  
 2162 Q	 56.04  
 2163 L	 5.31  
 2164 P	 26.33  
 2165 Q	 51.11  
 2166 H	 24.59  
 2167 E	 47.52  
 2168 Y	 22.43  
 2169 L	 3.27  
 2170 K	 54.86  
 2171 E	 46.30  
 2172 M	 6.50  
 2173 E	 38.16  
 2174 P	 34.56  
 2175 L	 5.90  
 2176 G	 31.82  
 2177 W	 6.20  
 2178 I	 2.09  
 2179 H	 16.37  
 2180 T	 36.27  
 2181 Q	 25.34  
 2182 P	 47.95  
 2183 N	 53.19  
 2184 E	 71.17  
 2185 S	 25.29  
 2186 P	 32.71  
 2187 Q	 64.94  
 2188 L	 10.28  
 2189 S	 18.44  
 2190 P	 42.88  
 2191 Q	 55.20  
 2192 D	 43.01  
 2193 V	 5.83  
 2194 T	 22.58  
 2195 T	 21.49  
 2196 H	 18.69  
 2197 A	 10.86  
 2198 K	 25.96  
 2199 I	 2.60  
 2200 M	 3.65  
 2201 A	 19.53  
 2202 D	 50.63  
 2203 N	 23.98  
 2204 P	 37.03  
 2205 S	 44.01  
 2206 W	 20.91  
 2207 D	 60.76  
 2208 G	 31.85  
 2209 E	 44.55  
 2210 K	 51.02  
 2211 T	 17.07  
 2212 I	 2.96  
 2213 I	 2.30  
 2214 I	 2.55  
 2215 T	 7.53  
 2216 C	 1.91  
 2217 S	 24.41  
 2218 F	 11.84  
 2219 T	 15.50  
 2220 P	 30.59  
 2221 G	 32.09  
 2222 S	 12.72  
 2223 C	 4.47  
 2224 T	 28.92  
 2225 L	 2.79  
 2226 T	 15.13  
 2227 A	 11.54  
 2228 Y	 10.99  
 2229 K	 43.34  
 2230 L	 5.76  
 2231 T	 15.97  
 2232 P	 35.87  
 2233 S	 49.09  
 2234 G	 26.11  
 2235 Y	 16.91  
 2236 E	 47.16  
 2237 W	 9.97  
 2238 G	 14.89  
 2239 R	 27.87  
 2240 Q	 53.92  
 2241 N	 49.21  
 2242 T	 30.65  
 2243 D	 65.50  
 2244 K	 62.59  
 2245 G	 41.79  
 2246 N	 68.33  
 2247 N	 48.61  
 2248 P	 35.13  
 2249 K	 63.41  
 2250 G	 30.39  
 2251 Y	 22.90  
 2252 L	 4.84  
 2253 P	 15.58  
 2254 S	 35.79  
 2255 H	 26.91  
 2256 Y	 15.12  
 2257 E	 40.74  
 2258 R	 19.46  
 2259 V	 2.34  
 2260 Q	 24.03  
 2261 M	 3.58  
 2262 L	 2.01  
 2263 L	 4.14  
 2264 S	 23.84  
 2265 D	 45.37  
 2266 R	 25.88  
 2267 F	 10.57  
 2268 L	 6.44  
 2269 G	 15.84  
 2270 F	 3.77  
 2271 F	 4.59  
 2272 M	 3.09  
 2273 V	 2.76  
 2274 P	 16.88  
 2275 A	 15.52  
 2276 Q	 31.74  
 2277 S	 39.15  
 2278 S	 13.78  
 2279 W	 19.30  
 2280 N	 24.66  
 2281 Y	 11.97  
 2282 N	 19.74  
 2283 F	 2.96  
 2284 M	 4.28  
 2285 G	 14.79  
 2286 V	 3.10  
 2287 R	 23.82  
 2288 H	 53.10  
 2289 D	 26.21  
 2290 P	 36.37  
 2291 N	 45.71  
 2292 M	 6.26  
 2293 K	 42.06  
 2294 Y	 15.88  
 2295 E	 25.23  
 2296 L	 4.60  
 2297 Q	 26.96  
 2298 L	 8.54  
 2299 A	 19.81  
 2300 N	 57.69  
 2301 P	 31.76  
 2302 K	 61.33  
 2303 E	 53.33  
 2304 F	 10.61  
 2305 Y	 9.73  
 2306 H	 35.60  
 2307 E	 28.74  
 2308 V	 2.71  
 2309 H	 32.71  
 2310 R	 39.32  
 2311 P	 19.78  
 2312 S	 27.16  
 2313 H	 33.62  
 2314 F	 7.57  
 2315 L	 4.28  
 2316 N	 21.14  
 2317 F	 5.72  
 2318 A	 13.29  
 2319 L	 4.43  
 2320 L	 3.80  
 2321 Q	 58.46  
 2322 E	 58.24  
 2323 G	 19.40  
 2324 E	 37.21  
 2325 V	 7.23  
 2326 Y	 8.21  
 2327 S	 28.95  
 2328 A	 11.37  
 2329 D	 48.86  
 2330 R	 38.76  
 2331 E	 53.57  
 2332 D	 45.96  
 2333 L	 3.14  
 2334 Y	 23.68  
 2335 A	 21.89  
