 1 M	 9.44  
 2 G	 45.19  
 3 E	 52.55  
 4 L	 2.77  
 5 P	 24.67  
 6 F	 19.30  
 7 L	 8.68  
 8 S	 22.68  
 9 P	 46.30  
 10 E	 63.21  
 11 G	 24.77  
 12 A	 16.17  
 13 R	 70.77  
 14 G	 20.01  
 15 P	 21.45  
 16 H	 32.55  
 17 I	 4.18  
 18 N	 38.95  
 19 R	 35.16  
 20 G	 28.57  
 21 S	 23.11  
 22 L	 4.49  
 23 S	 34.28  
 24 S	 41.02  
 25 L	 5.24  
 26 E	 55.64  
 27 Q	 55.55  
 28 G	 18.08  
 29 S	 19.05  
 30 V	 7.97  
 31 T	 39.83  
 32 G	 21.28  
 33 T	 19.67  
 34 E	 45.08  
 35 A	 17.83  
 36 R	 17.44  
 37 H	 34.13  
 38 S	 22.67  
 39 L	 4.49  
 40 G	 23.97  
 41 V	 3.97  
 42 L	 2.91  
 43 H	 12.22  
 44 V	 5.13  
 45 S	 10.84  
 46 Y	 16.41  
 47 S	 16.15  
 48 V	 4.46  
 49 S	 16.99  
 50 N	 40.27  
 51 R	 27.54  
 52 V	 14.63  
 53 G	 14.63  
 54 P	 30.01  
 55 W	 8.53  
 56 W	 10.37  
 57 N	 28.13  
 58 I	 1.87  
 59 K	 41.80  
 60 S	 17.23  
 61 C	 4.17  
 62 Q	 55.79  
 63 Q	 53.81  
 64 K	 25.78  
 65 W	 11.15  
 66 D	 39.37  
 67 R	 25.07  
 68 Q	 42.78  
 69 I	 5.56  
 70 L	 2.68  
 71 K	 58.68  
 72 D	 31.62  
 73 V	 3.98  
 74 S	 26.11  
 75 L	 5.12  
 76 Y	 8.64  
 77 I	 4.05  
 78 E	 34.95  
 79 S	 26.83  
 80 G	 14.29  
 81 Q	 29.53  
 82 I	 2.51  
 83 M	 0.62  
 84 C	 2.19  
 85 I	 2.43  
 86 L	 4.66  
 87 G	 10.39  
 88 S	 28.25  
 89 S	 34.87  
 90 G	 41.96  
 91 S	 38.78  
 92 G	 34.55  
 93 K	 39.78  
 94 T	 26.63  
 95 T	 28.89  
 96 L	 5.02  
 97 L	 3.82  
 98 D	 44.99  
 99 A	 9.60  
 100 I	 4.47  
 101 S	 21.41  
 102 G	 26.91  
 103 R	 20.45  
 104 L	 5.05  
 105 R	 32.52  
 106 R	 41.94  
 107 T	 28.25  
 108 G	 26.87  
 109 T	 22.48  
 110 L	 9.35  
 111 E	 53.82  
 112 G	 39.21  
 113 E	 24.33  
 114 V	 10.77  
 115 F	 2.84  
 116 V	 7.91  
 117 N	 37.62  
 118 G	 10.85  
 119 C	 3.62  
 120 E	 46.86  
 121 L	 6.73  
 122 R	 20.17  
 123 R	 55.49  
 124 D	 47.41  
 125 Q	 35.77  
 126 F	 8.50  
 127 Q	 40.71  
 128 D	 36.40  
 129 C	 1.37  
 130 F	 8.75  
 131 S	 22.21  
 132 Y	 5.73  
 133 V	 3.67  
 134 L	 2.83  
 135 Q	 27.78  
 136 S	 31.42  
 137 D	 23.40  
 138 V	 6.69  
 139 F	 7.03  
 140 L	 3.23  
 141 S	 16.31  
 142 S	 30.15  
 143 L	 4.63  
 144 T	 21.33  
 145 V	 6.71  
 146 R	 26.41  
 147 E	 48.10  
 148 T	 13.13  
 149 L	 3.18  
 150 R	 33.89  
 151 Y	 11.27  
 152 T	 10.12  
 153 A	 5.09  
 154 M	 1.41  
 155 L	 2.82  
 156 A	 7.48  
 157 L	 1.88  
 158 C	 3.09  
 159 R	 34.20  
 160 S	 28.96  
 161 S	 16.71  
 162 A	 16.51  
 163 D	 48.81  
 164 F	 7.87  
 165 Y	 26.98  
 166 N	 37.35  
 167 K	 46.98  
 168 K	 41.49  
 169 V	 6.44  
 170 E	 44.41  
 171 A	 10.20  
 172 V	 2.86  
 173 M	 2.88  
 174 T	 27.46  
 175 E	 20.47  
 176 L	 4.61  
 177 S	 22.92  
 178 L	 6.84  
 179 S	 16.73  
 180 H	 24.87  
 181 V	 5.88  
 182 A	 8.90  
 183 D	 37.18  
 184 Q	 18.69  
 185 M	 3.74  
 186 I	 2.49  
 187 G	 20.80  
 188 S	 13.13  
 189 Y	 14.86  
 190 N	 30.68  
 191 F	 7.82  
 192 G	 28.96  
 193 G	 16.68  
 194 I	 2.79  
 195 S	 35.25  
 196 S	 42.63  
 197 G	 26.16  
 198 E	 44.99  
 199 R	 34.92  
 200 R	 38.76  
 201 R	 32.53  
 202 V	 4.62  
 203 S	 12.51  
 204 I	 3.18  
 205 A	 5.01  
 206 A	 10.01  
 207 Q	 33.41  
 208 L	 3.88  
 209 L	 3.45  
 210 Q	 73.82  
 211 D	 44.98  
 212 P	 20.41  
 213 K	 51.56  
 214 V	 3.12  
 215 M	 2.49  
 216 M	 4.83  
 217 L	 3.49  
 218 D	 41.77  
 219 E	 40.35  
 220 P	 34.62  
 221 T	 31.30  
 222 T	 46.60  
 223 G	 23.23  
 224 L	 4.26  
 225 D	 22.83  
 226 C	 2.91  
 227 M	 3.86  
 228 T	 28.87  
 229 A	 4.50  
 230 N	 23.97  
 231 Q	 25.38  
 232 I	 2.06  
 233 V	 1.91  
 234 L	 3.29  
 235 L	 2.70  
 236 L	 2.81  
 237 A	 15.10  
 238 E	 42.82  
 239 L	 3.60  
 240 A	 8.93  
 241 R	 54.37  
 242 R	 31.77  
 243 D	 38.82  
 244 R	 24.22  
 245 I	 2.65  
 246 V	 2.76  
 247 I	 1.79  
 248 V	 2.59  
 249 T	 11.13  
 250 I	 1.65  
 251 H	 23.40  
 252 Q	 31.11  
 253 P	 27.83  
 254 R	 35.87  
 255 S	 45.38  
 256 E	 55.68  
 257 L	 5.44  
 258 F	 4.68  
 259 Q	 49.30  
 260 H	 26.07  
 261 F	 7.71  
 262 D	 39.05  
 263 K	 32.85  
 264 I	 2.87  
 265 A	 9.11  
 266 I	 3.17  
 267 L	 1.92  
 268 T	 24.30  
 269 Y	 12.73  
 270 G	 19.27  
 271 E	 31.20  
 272 L	 2.88  
 273 V	 3.04  
 274 F	 5.07  
 275 C	 4.65  
 276 G	 32.60  
 277 T	 28.80  
 278 P	 22.34  
 279 E	 56.74  
 280 E	 40.69  
 281 M	 4.18  
 282 L	 6.47  
 283 G	 24.64  
 284 F	 5.36  
 285 F	 6.44  
 286 N	 40.39  
 287 N	 18.55  
 288 C	 6.07  
 289 G	 31.38  
 290 Y	 12.12  
 291 P	 16.69  
 292 C	 4.68  
 293 P	 37.52  
 294 E	 67.66  
 295 H	 20.30  
 296 S	 44.53  
 297 N	 43.07  
 298 P	 32.95  
 299 F	 13.68  
 300 D	 34.72  
 301 F	 5.79  
 302 Y	 7.49  
 303 M	 3.25  
 304 D	 35.10  
 305 L	 1.88  
 306 T	 23.57  
 307 S	 25.87  
 308 V	 8.54  
 309 D	 38.50  
 310 T	 26.70  
 311 Q	 35.71  
 312 S	 37.90  
 313 R	 36.85  
 314 E	 60.97  
 315 R	 49.43  
 316 E	 40.19  
 317 I	 6.33  
 318 E	 41.13  
 319 T	 39.75  
 320 Y	 5.52  
 321 K	 54.21  
 322 R	 17.31  
 323 V	 3.25  
 324 Q	 34.47  
 325 M	 2.88  
 326 L	 2.46  
 327 E	 20.61  
 328 C	 4.80  
 329 A	 14.79  
 330 F	 15.87  
 331 K	 37.47  
 332 E	 47.38  
 333 S	 29.87  
 334 D	 46.70  
 335 I	 5.59  
 336 Y	 11.31  
 337 H	 15.83  
 338 K	 31.82  
 339 I	 3.58  
 340 L	 5.00  
 341 E	 60.68  
 342 N	 37.67  
 343 I	 2.50  
 344 E	 52.44  
 345 R	 22.14  
 346 A	 7.53  
 347 R	 43.46  
 348 Y	 16.15  
 349 L	 2.59  
 350 K	 38.80  
 351 T	 35.06  
 352 L	 2.98  
 353 P	 36.26  
 354 T	 43.88  
 355 V	 5.04  
 356 P	 27.74  
 357 F	 15.87  
 358 K	 48.90  
 359 T	 40.85  
 360 K	 69.68  
 361 D	 60.91  
 362 P	 28.97  
 363 P	 57.95  
 364 G	 29.46  
 365 M	 5.02  
 366 F	 10.93  
 367 G	 18.52  
 368 K	 30.70  
 369 L	 6.16  
 370 G	 16.12  
 371 V	 7.06  
 372 L	 2.67  
 373 L	 2.82  
 374 R	 27.19  
 375 R	 33.84  
 376 V	 4.82  
 377 T	 16.42  
 378 R	 31.28  
 379 N	 28.90  
 380 L	 2.84  
 381 M	 5.18  
 382 R	 50.81  
 383 N	 27.16  
 384 K	 29.30  
 385 Q	 44.40  
 386 A	 8.39  
 387 V	 3.07  
 388 I	 1.17  
 389 M	 1.86  
 390 R	 22.15  
 391 L	 2.29  
 392 V	 2.21  
 393 Q	 43.53  
 394 N	 24.85  
 395 L	 1.27  
 396 I	 2.42  
 397 M	 4.26  
 398 G	 13.29  
 399 L	 1.42  
 400 F	 3.99  
 401 L	 2.96  
 402 I	 1.35  
 403 F	 3.70  
 404 Y	 9.61  
 405 L	 1.39  
 406 L	 3.25  
 407 R	 25.94  
 408 V	 7.82  
 409 Q	 30.90  
 410 N	 40.37  
 411 N	 29.69  
 412 T	 37.08  
 413 L	 5.39  
 414 K	 42.67  
 415 G	 33.81  
 416 A	 8.33  
 417 V	 9.19  
 418 Q	 32.05  
 419 D	 40.40  
 420 R	 13.81  
 421 V	 9.48  
 422 G	 15.74  
 423 L	 3.54  
 424 L	 1.79  
 425 Y	 12.58  
 426 Q	 29.64  
 427 L	 2.13  
 428 V	 2.64  
 429 G	 32.12  
 430 A	 9.64  
 431 T	 15.76  
 432 P	 24.93  
 433 Y	 16.15  
 434 T	 19.81  
 435 G	 16.85  
 436 M	 1.69  
 437 L	 3.83  
 438 N	 32.71  
 439 A	 6.39  
 440 V	 6.60  
 441 N	 33.29  
 442 L	 4.02  
 443 F	 2.56  
 444 P	 24.86  
 445 M	 2.87  
 446 L	 3.03  
 447 R	 27.05  
 448 A	 10.95  
 449 V	 5.39  
 450 S	 32.37  
 451 D	 50.06  
 452 Q	 44.74  
 453 E	 56.19  
 454 S	 28.12  
 455 Q	 48.30  
 456 D	 59.34  
 457 G	 22.09  
 458 L	 5.64  
 459 Y	 13.59  
 460 H	 29.89  
 461 K	 26.09  
 462 W	 3.88  
 463 Q	 19.90  
 464 M	 3.00  
 465 L	 1.16  
 466 L	 2.44  
 467 A	 6.60  
 468 Y	 11.96  
 469 V	 2.18  
 470 L	 1.18  
 471 H	 14.71  
 472 V	 6.76  
 473 L	 2.17  
 474 P	 20.55  
 475 F	 8.78  
 476 S	 15.63  
 477 V	 3.36  
 478 I	 2.29  
 479 A	 8.15  
 480 T	 11.74  
 481 V	 2.84  
 482 I	 2.11  
 483 F	 3.75  
 484 S	 15.67  
 485 S	 12.88  
 486 V	 2.55  
 487 C	 2.25  
 488 Y	 10.16  
 489 W	 4.68  
 490 T	 5.62  
 491 L	 2.49  
 492 G	 18.78  
 493 L	 7.88  
 494 Y	 8.78  
 495 P	 34.33  
 496 E	 34.94  
 497 V	 3.91  
 498 A	 10.22  
 499 R	 30.60  
 500 F	 7.20  
 501 G	 19.61  
 502 Y	 7.52  
 503 F	 4.02  
 504 S	 12.26  
 505 A	 7.70  
 506 A	 11.25  
 507 L	 4.13  
 508 L	 6.29  
 509 A	 7.13  
 510 P	 23.84  
 511 H	 25.19  
 512 L	 5.39  
 513 I	 4.52  
 514 G	 26.43  
 515 E	 30.41  
 516 F	 5.50  
 517 L	 2.93  
 518 T	 21.82  
 519 L	 2.51  
 520 V	 3.32  
 521 L	 4.00  
 522 L	 3.24  
 523 G	 17.54  
 524 I	 2.65  
 525 V	 4.22  
 526 Q	 58.71  
 527 N	 22.23  
 528 P	 18.16  
 529 N	 59.39  
 530 I	 3.07  
 531 V	 6.13  
 532 N	 23.40  
 533 S	 13.93  
 534 I	 1.45  
 535 V	 2.85  
 536 A	 10.91  
 537 L	 2.39  
 538 L	 2.85  
 539 S	 18.63  
 540 I	 3.70  
 541 S	 21.73  
 542 G	 23.88  
 543 L	 2.22  
 544 L	 4.80  
 545 I	 5.05  
 546 G	 22.99  
 547 S	 24.44  
 548 G	 19.45  
 549 F	 5.20  
 550 I	 3.63  
 551 R	 31.75  
 552 N	 35.16  
 553 I	 2.35  
 554 Q	 44.47  
 555 E	 43.03  
 556 M	 1.77  
 557 P	 25.05  
 558 I	 6.35  
 559 P	 23.02  
 560 L	 5.81  
 561 K	 30.45  
 562 I	 4.80  
 563 L	 4.32  
 564 G	 20.98  
 565 Y	 8.94  
 566 F	 5.39  
 567 T	 19.37  
 568 F	 4.18  
 569 Q	 32.52  
 570 K	 35.74  
 571 Y	 7.49  
 572 C	 1.85  
 573 C	 3.10  
 574 E	 35.48  
 575 I	 1.90  
 576 L	 1.32  
 577 V	 5.51  
 578 V	 5.21  
 579 N	 26.61  
 580 E	 28.74  
 581 F	 5.03  
 582 Y	 17.96  
 583 G	 21.33  
 584 L	 3.03  
 585 N	 26.31  
 586 F	 7.81  
 587 T	 14.79  
 588 C	 5.20  
 589 G	 39.23  
 590 G	 21.62  
 591 S	 23.40  
 592 N	 39.17  
 593 T	 19.74  
 594 S	 26.06  
 595 M	 4.01  
 596 L	 5.51  
 597 N	 28.68  
 598 H	 13.91  
 599 P	 20.62  
 600 M	 1.55  
 601 C	 2.67  
 602 A	 11.12  
 603 I	 2.23  
 604 T	 10.76  
 605 Q	 43.90  
 606 G	 13.42  
 607 V	 2.78  
 608 Q	 40.19  
 609 F	 7.87  
 610 I	 2.72  
 611 E	 43.53  
 612 K	 51.08  
 613 T	 15.90  
 614 C	 4.30  
 615 P	 40.46  
 616 G	 43.57  
 617 A	 6.37  
 618 T	 26.75  
 619 S	 25.51  
 620 R	 28.69  
 621 F	 8.29  
 622 T	 21.41  
 623 A	 11.32  
 624 N	 29.24  
 625 F	 4.10  
 626 L	 2.37  
 627 I	 2.14  
 628 L	 3.58  
 629 Y	 11.73  
 630 G	 15.57  
 631 F	 3.70  
 632 I	 1.37  
 633 P	 19.78  
 634 A	 15.05  
 635 L	 1.75  
 636 V	 3.54  
 637 I	 2.79  
 638 L	 2.74  
 639 G	 10.86  
 640 I	 1.60  
 641 V	 3.90  
 642 I	 2.33  
 643 F	 4.08  
 644 K	 25.82  
 645 V	 3.81  
 646 R	 27.70  
 647 D	 45.65  
 648 Y	 8.72  
 649 L	 3.16  
 650 I	 2.37  
 651 S	 29.37  
 652 R	 43.49  
