 1 M	 7.81  
 2 L	 6.59  
 3 A	 13.46  
 4 N	 33.86  
 5 S	 19.13  
 6 A	 16.32  
 7 S	 16.26  
 8 V	 4.39  
 9 R	 18.59  
 10 I	 4.34  
 11 L	 2.01  
 12 I	 3.47  
 13 K	 59.16  
 14 G	 33.87  
 15 G	 18.00  
 16 K	 52.24  
 17 V	 5.71  
 18 V	 8.08  
 19 N	 42.25  
 20 D	 40.53  
 21 D	 33.73  
 22 C	 4.70  
 23 T	 29.73  
 24 H	 34.28  
 25 E	 28.54  
 26 A	 12.17  
 27 D	 30.67  
 28 V	 7.17  
 29 Y	 11.76  
 30 I	 3.13  
 31 E	 31.55  
 32 N	 37.09  
 33 G	 12.94  
 34 I	 3.76  
 35 I	 2.19  
 36 Q	 29.95  
 37 Q	 29.26  
 38 V	 4.46  
 39 G	 17.01  
 40 R	 34.71  
 41 E	 36.44  
 42 L	 3.48  
 43 M	 2.73  
 44 I	 4.48  
 45 P	 22.62  
 46 G	 37.45  
 47 G	 19.50  
 48 A	 14.62  
 49 K	 42.89  
 50 V	 4.79  
 51 I	 2.69  
 52 D	 40.85  
 53 A	 13.71  
 54 T	 30.97  
 55 G	 24.03  
 56 K	 34.91  
 57 L	 4.46  
 58 V	 5.90  
 59 I	 3.68  
 60 P	 27.72  
 61 G	 34.27  
 62 G	 14.83  
 63 I	 6.91  
 64 D	 37.57  
 65 T	 33.34  
 66 S	 19.01  
 67 T	 30.56  
 68 H	 20.26  
 69 F	 4.65  
 70 H	 20.40  
 71 Q	 35.17  
 72 T	 19.11  
 73 F	 2.60  
 74 M	 3.66  
 75 N	 28.10  
 76 A	 7.21  
 77 T	 14.20  
 78 C	 2.69  
 79 V	 7.41  
 80 D	 42.31  
 81 D	 26.13  
 82 F	 4.14  
 83 Y	 13.31  
 84 H	 37.12  
 85 G	 19.96  
 86 T	 12.28  
 87 K	 35.93  
 88 A	 13.08  
 89 A	 12.34  
 90 L	 4.37  
 91 V	 5.95  
 92 G	 28.69  
 93 G	 15.55  
 94 T	 13.78  
 95 T	 15.06  
 96 M	 1.79  
 97 I	 2.99  
 98 I	 1.85  
 99 G	 8.23  
 100 H	 13.92  
 101 V	 7.56  
 102 L	 3.63  
 103 P	 49.92  
 104 D	 58.21  
 105 K	 62.04  
 106 E	 51.51  
 107 T	 32.85  
 108 S	 27.73  
 109 L	 5.44  
 110 V	 3.86  
 111 D	 49.04  
 112 A	 13.60  
 113 Y	 16.09  
 114 E	 47.61  
 115 K	 19.29  
 116 C	 2.52  
 117 R	 54.98  
 118 G	 34.39  
 119 L	 2.24  
 120 A	 33.61  
 121 D	 48.90  
 122 P	 25.93  
 123 K	 48.75  
 124 V	 4.83  
 125 C	 1.50  
 126 C	 5.12  
 127 D	 26.98  
 128 Y	 9.35  
 129 A	 4.30  
 130 L	 2.47  
 131 H	 13.95  
 132 V	 6.53  
 133 G	 10.81  
 134 I	 2.57  
 135 T	 14.71  
 136 W	 6.31  
 137 W	 8.27  
 138 A	 5.89  
 139 P	 28.40  
 140 K	 48.93  
 141 V	 7.46  
 142 K	 44.76  
 143 A	 25.10  
 144 E	 31.66  
 145 M	 5.95  
 146 E	 30.41  
 147 T	 29.28  
 148 L	 1.86  
 149 V	 10.96  
 150 R	 42.92  
 151 E	 46.84  
 152 K	 58.56  
 153 G	 21.05  
 154 V	 8.86  
 155 N	 45.86  
 156 S	 17.91  
 157 F	 5.28  
 158 Q	 24.83  
 159 M	 2.03  
 160 F	 1.99  
 161 M	 3.16  
 162 T	 19.02  
 163 Y	 7.24  
 164 K	 31.90  
 165 D	 32.39  
 166 L	 2.07  
 167 Y	 12.30  
 168 M	 3.00  
 169 L	 3.30  
 170 R	 28.95  
 171 D	 42.37  
 172 S	 24.06  
 173 E	 56.64  
 174 L	 4.14  
 175 Y	 7.79  
 176 Q	 43.87  
 177 V	 2.40  
 178 L	 0.94  
 179 H	 30.17  
 180 A	 9.63  
 181 C	 2.57  
 182 K	 53.84  
 183 D	 44.42  
 184 I	 2.16  
 185 G	 22.51  
 186 A	 7.81  
 187 I	 1.80  
 188 A	 13.60  
 189 R	 18.03  
 190 V	 3.56  
 191 H	 23.05  
 192 A	 14.75  
 193 E	 51.38  
 194 N	 50.45  
 195 G	 22.56  
 196 E	 52.21  
 197 L	 4.72  
 198 V	 3.87  
 199 A	 23.33  
 200 E	 52.81  
 201 G	 32.01  
 202 A	 9.68  
 203 K	 55.14  
 204 E	 54.66  
 205 A	 12.98  
 206 L	 6.15  
 207 D	 50.31  
 208 L	 5.78  
 209 G	 18.32  
 210 I	 5.38  
 211 T	 44.90  
 212 G	 19.15  
 213 P	 28.17  
 214 E	 74.31  
 215 G	 26.43  
 216 I	 3.97  
 217 E	 45.85  
 218 I	 3.91  
 219 S	 29.06  
 220 R	 48.59  
 221 P	 32.40  
 222 E	 74.28  
 223 E	 55.37  
 224 L	 7.83  
 225 E	 47.98  
 226 A	 25.09  
 227 E	 44.73  
 228 A	 18.76  
 229 T	 11.17  
 230 H	 29.11  
 231 R	 19.72  
 232 V	 3.34  
 233 I	 2.02  
 234 T	 15.92  
 235 I	 1.89  
 236 A	 7.27  
 237 N	 45.60  
 238 R	 19.47  
 239 T	 27.86  
 240 H	 16.48  
 241 C	 1.85  
 242 P	 15.62  
 243 I	 5.17  
 244 Y	 6.96  
 245 L	 2.04  
 246 V	 3.59  
 247 N	 25.92  
 248 V	 3.56  
 249 S	 19.42  
 250 S	 19.11  
 251 I	 2.26  
 252 S	 28.31  
 253 A	 19.28  
 254 G	 23.95  
 255 D	 28.50  
 256 V	 2.91  
 257 I	 2.28  
 258 A	 10.95  
 259 A	 9.11  
 260 A	 9.99  
 261 K	 27.34  
 262 M	 5.64  
 263 Q	 48.09  
 264 G	 22.64  
 265 K	 16.57  
 266 V	 5.65  
 267 V	 4.83  
 268 L	 3.90  
 269 A	 10.65  
 270 E	 42.39  
 271 T	 24.68  
 272 T	 17.31  
 273 T	 24.70  
 274 A	 6.55  
 275 H	 19.70  
 276 A	 11.22  
 277 T	 18.26  
 278 L	 3.57  
 279 T	 33.08  
 280 G	 17.36  
 281 L	 1.66  
 282 H	 23.58  
 283 Y	 14.00  
 284 Y	 5.14  
 285 H	 16.38  
 286 Q	 37.43  
 287 D	 35.22  
 288 W	 5.85  
 289 S	 16.13  
 290 H	 18.35  
 291 A	 6.56  
 292 A	 8.23  
 293 A	 10.50  
 294 Y	 7.60  
 295 V	 3.59  
 296 T	 18.02  
 297 V	 3.07  
 298 P	 16.91  
 299 P	 26.27  
 300 L	 7.51  
 301 R	 35.97  
 302 L	 14.52  
 303 D	 31.32  
 304 T	 45.01  
 305 N	 31.53  
 306 T	 25.25  
 307 S	 19.68  
 308 T	 20.73  
 309 Y	 10.52  
 310 L	 1.58  
 311 M	 1.54  
 312 S	 20.03  
 313 L	 3.05  
 314 L	 3.08  
 315 A	 19.69  
 316 N	 42.65  
 317 D	 47.14  
 318 T	 22.85  
 319 L	 4.61  
 320 N	 28.87  
 321 I	 2.85  
 322 V	 3.98  
 323 A	 12.87  
 324 S	 24.05  
 325 D	 31.88  
 326 H	 36.50  
 327 R	 32.77  
 328 P	 27.76  
 329 F	 15.90  
 330 T	 35.45  
 331 T	 31.68  
 332 K	 46.90  
 333 Q	 36.33  
 334 K	 41.73  
 335 A	 14.96  
 336 M	 11.53  
 337 G	 34.75  
 338 K	 40.81  
 339 E	 53.26  
 340 D	 61.06  
 341 F	 8.65  
 342 T	 40.15  
 343 K	 54.99  
 344 I	 2.50  
 345 P	 21.53  
 346 H	 53.40  
 347 G	 15.21  
 348 V	 4.02  
 349 S	 37.53  
 350 G	 20.78  
 351 V	 4.10  
 352 Q	 35.80  
 353 D	 45.93  
 354 R	 11.37  
 355 M	 5.16  
 356 S	 16.02  
 357 V	 4.27  
 358 I	 2.19  
 359 W	 6.25  
 360 E	 28.56  
 361 R	 28.36  
 362 G	 13.62  
 363 V	 4.53  
 364 V	 10.48  
 365 G	 27.83  
 366 G	 15.54  
 367 K	 36.93  
 368 M	 9.88  
 369 D	 54.21  
 370 E	 46.97  
 371 N	 38.12  
 372 R	 25.93  
 373 F	 6.62  
 374 V	 3.65  
 375 A	 8.99  
 376 V	 4.48  
 377 T	 19.39  
 378 S	 18.26  
 379 S	 22.56  
 380 N	 43.62  
 381 A	 14.12  
 382 A	 13.79  
 383 K	 51.61  
 384 L	 3.08  
 385 L	 4.01  
 386 N	 48.22  
 387 L	 6.67  
 388 Y	 10.42  
 389 P	 34.37  
 390 R	 40.27  
 391 K	 48.30  
 392 G	 27.57  
 393 R	 27.05  
 394 I	 6.42  
 395 I	 2.19  
 396 P	 29.55  
 397 G	 26.19  
 398 A	 11.94  
 399 D	 49.57  
 400 A	 15.80  
 401 D	 34.00  
 402 V	 3.92  
 403 V	 3.57  
 404 V	 4.88  
 405 W	 12.11  
 406 D	 21.39  
 407 P	 19.87  
 408 E	 67.51  
 409 A	 21.56  
 410 T	 27.36  
 411 K	 51.41  
 412 T	 18.79  
 413 I	 3.27  
 414 S	 22.77  
 415 A	 16.85  
 416 S	 16.75  
 417 T	 32.26  
 418 Q	 24.04  
 419 V	 6.06  
 420 Q	 40.09  
 421 G	 38.49  
 422 G	 21.17  
 423 D	 35.76  
 424 F	 8.42  
 425 N	 46.59  
 426 L	 5.99  
 427 Y	 13.32  
 428 E	 47.95  
 429 N	 15.05  
 430 M	 3.02  
 431 R	 22.36  
 432 C	 1.97  
 433 H	 29.89  
 434 G	 26.77  
 435 V	 1.15  
 436 P	 26.21  
 437 L	 5.02  
 438 V	 3.51  
 439 T	 22.40  
 440 I	 1.74  
 441 S	 21.22  
 442 R	 32.84  
 443 G	 21.68  
 444 R	 17.39  
 445 V	 6.31  
 446 V	 4.83  
 447 Y	 10.79  
 448 E	 35.58  
 449 N	 33.95  
 450 G	 11.33  
 451 V	 4.10  
 452 F	 3.36  
 453 M	 1.64  
 454 C	 1.80  
 455 A	 13.38  
 456 E	 52.97  
 457 G	 22.65  
 458 T	 28.80  
 459 G	 31.72  
 460 K	 43.56  
 461 F	 5.69  
 462 C	 3.37  
 463 P	 33.66  
 464 L	 8.24  
 465 R	 22.76  
 466 S	 49.14  
 467 F	 5.26  
 468 P	 37.29  
 469 D	 46.96  
 470 T	 26.44  
 471 V	 9.58  
 472 Y	 12.42  
 473 K	 34.98  
 474 K	 35.88  
 475 L	 3.29  
 476 V	 7.47  
 477 Q	 59.25  
 478 R	 39.64  
 479 E	 33.05  
 480 K	 62.44  
 481 T	 27.36  
 482 L	 7.76  
 483 K	 34.81  
 484 V	 7.87  
 485 R	 37.52  
 486 G	 28.76  
 487 V	 2.93  
 488 D	 52.11  
 489 R	 34.88  
 490 T	 16.30  
 491 P	 24.20  
 492 Y	 23.78  
 493 L	 5.07  
 494 G	 22.85  
 495 D	 23.70  
 496 V	 4.06  
 497 A	 7.98  
 498 V	 4.67  
 499 V	 2.06  
 500 V	 3.47  
 501 H	 17.49  
 502 P	 44.69  
 503 G	 38.50  
 504 K	 50.43  
 505 K	 59.87  
 506 E	 46.46  
 507 M	 11.27  
 508 G	 25.85  
 509 T	 17.51  
 510 P	 21.59  
 511 L	 7.27  
 512 A	 21.60  
 513 D	 61.98  
 514 T	 22.43  
 515 P	 27.27  
 516 T	 50.09  
 517 R	 25.54  
 518 P	 34.02  
 519 V	 7.09  
 520 T	 21.45  
 521 R	 27.04  
 522 H	 28.00  
 523 G	 28.44  
 524 G	 11.22  
 525 M	 3.40  
 526 R	 46.76  
 527 D	 43.41  
 528 L	 3.22  
 529 H	 36.86  
 530 E	 56.21  
 531 S	 26.40  
 532 S	 18.83  
 533 F	 13.67  
 534 S	 24.47  
 535 L	 6.73  
 536 S	 34.89  
 537 G	 28.94  
 538 S	 22.16  
 539 Q	 46.81  
 540 I	 7.81  
 541 D	 32.12  
 542 D	 46.44  
 543 H	 33.75  
 544 V	 8.43  
 545 P	 19.59  
 546 K	 60.55  
 547 R	 27.92  
 548 A	 17.42  
 549 S	 23.32  
 550 A	 11.10  
 551 R	 23.20  
 552 I	 3.73  
 553 L	 4.95  
 554 A	 13.08  
 555 P	 25.32  
 556 P	 52.87  
 557 G	 42.99  
 558 G	 31.88  
 559 R	 33.30  
 560 S	 35.87  
 561 S	 32.70  
 562 G	 27.30  
 563 I	 4.22  
 564 W	 12.99  
