 1 M	 10.36  
 2 D	 45.72  
 3 Y	 9.06  
 4 R	 20.64  
 5 R	 26.41  
 6 L	 3.30  
 7 L	 2.51  
 8 M	 2.59  
 9 S	 23.15  
 10 R	 21.35  
 11 V	 4.83  
 12 V	 4.24  
 13 P	 28.19  
 14 G	 29.22  
 15 Q	 32.31  
 16 F	 13.07  
 17 D	 42.15  
 18 D	 54.27  
 19 A	 22.04  
 20 D	 56.52  
 21 S	 37.45  
 22 S	 45.78  
 23 D	 65.01  
 24 S	 38.42  
 25 E	 62.36  
 26 N	 46.87  
 27 R	 46.73  
 28 D	 65.19  
 29 L	 4.53  
 30 K	 56.41  
 31 T	 44.07  
 32 V	 7.83  
 33 K	 65.36  
 34 E	 58.33  
 35 K	 55.79  
 36 D	 49.64  
 37 D	 51.03  
 38 I	 7.33  
 39 L	 5.04  
 40 F	 7.58  
 41 E	 55.13  
 42 D	 42.15  
 43 L	 5.62  
 44 Q	 53.18  
 45 D	 69.23  
 46 N	 26.08  
 47 V	 14.82  
 48 N	 43.18  
 49 E	 63.43  
 50 N	 48.92  
 51 G	 37.80  
 52 E	 66.30  
 53 G	 42.45  
 54 E	 38.61  
 55 I	 13.71  
 56 E	 55.88  
 57 D	 74.41  
 58 E	 55.29  
 59 E	 73.92  
 60 E	 55.46  
 61 E	 67.35  
 62 G	 34.15  
 63 Y	 21.34  
 64 D	 64.81  
 65 D	 53.40  
 66 D	 59.34  
 67 D	 63.86  
 68 D	 66.93  
 69 D	 52.83  
 70 W	 18.65  
 71 D	 50.36  
 72 W	 10.99  
 73 D	 40.06  
 74 E	 52.07  
 75 G	 30.88  
 76 V	 6.02  
 77 G	 30.07  
 78 K	 42.75  
 79 L	 4.98  
 80 A	 13.50  
 81 K	 62.30  
 82 G	 19.33  
 83 Y	 11.11  
 84 V	 4.34  
 85 W	 6.83  
 86 N	 34.60  
 87 G	 25.79  
 88 G	 22.49  
 89 S	 46.89  
 90 N	 35.66  
 91 P	 36.04  
 92 Q	 56.36  
 93 A	 17.90  
 94 N	 31.20  
 95 R	 44.14  
 96 Q	 45.20  
 97 T	 31.12  
 98 S	 27.44  
 99 D	 56.79  
 100 S	 26.42  
 101 S	 39.03  
 102 S	 35.54  
 103 A	 17.33  
 104 K	 35.02  
 105 M	 5.58  
 106 S	 30.45  
 107 T	 20.99  
 108 P	 31.02  
 109 A	 29.37  
 110 D	 42.68  
 111 K	 45.32  
 112 V	 6.86  
 113 L	 6.41  
 114 R	 44.60  
 115 K	 53.52  
 116 F	 11.48  
 117 E	 61.73  
 118 N	 54.35  
 119 K	 26.27  
 120 I	 10.50  
 121 N	 43.74  
 122 L	 7.56  
 123 D	 49.24  
 124 K	 45.16  
 125 L	 6.60  
 126 N	 40.14  
 127 V	 10.23  
 128 T	 22.83  
 129 D	 36.30  
 130 S	 18.61  
 131 V	 6.60  
 132 I	 4.84  
 133 N	 30.50  
 134 K	 39.13  
 135 V	 7.85  
 136 T	 39.03  
 137 E	 52.61  
 138 K	 41.39  
 139 S	 33.44  
 140 R	 63.76  
 141 Q	 55.84  
 142 K	 54.48  
 143 E	 41.38  
 144 A	 17.57  
 145 D	 35.42  
 146 M	 2.89  
 147 Y	 15.10  
 148 R	 23.89  
 149 I	 3.59  
 150 K	 44.15  
 151 D	 49.34  
 152 K	 47.38  
 153 A	 22.96  
 154 D	 46.63  
 155 R	 36.70  
 156 A	 19.28  
 157 T	 26.01  
 158 V	 4.77  
 159 E	 30.53  
 160 Q	 36.42  
 161 V	 4.07  
 162 L	 8.19  
 163 D	 31.60  
 164 P	 35.07  
 165 R	 34.33  
 166 T	 29.94  
 167 R	 16.07  
 168 M	 2.85  
 169 I	 3.54  
 170 L	 2.17  
 171 F	 2.79  
 172 K	 29.56  
 173 M	 3.46  
 174 L	 2.81  
 175 T	 24.29  
 176 R	 30.28  
 177 G	 15.49  
 178 I	 2.95  
 179 I	 2.92  
 180 T	 28.97  
 181 E	 24.85  
 182 I	 3.93  
 183 N	 32.81  
 184 G	 18.79  
 185 C	 1.60  
 186 I	 4.35  
 187 S	 34.87  
 188 T	 32.15  
 189 G	 21.00  
 190 K	 54.46  
 191 E	 46.98  
 192 A	 17.80  
 193 N	 35.65  
 194 V	 4.83  
 195 Y	 7.47  
 196 H	 14.66  
 197 A	 7.29  
 198 S	 18.10  
 199 T	 25.56  
 200 A	 21.38  
 201 N	 55.65  
 202 G	 31.62  
 203 E	 36.54  
 204 S	 28.54  
 205 R	 35.71  
 206 A	 19.39  
 207 I	 2.44  
 208 K	 38.71  
 209 I	 3.31  
 210 Y	 11.83  
 211 K	 38.99  
 212 T	 12.20  
 213 S	 15.13  
 214 I	 4.62  
 215 L	 3.57  
 216 V	 5.52  
 217 F	 6.45  
 218 K	 44.36  
 219 D	 53.17  
 220 R	 42.80  
 221 D	 57.69  
 222 K	 48.74  
 223 Y	 12.25  
 224 V	 7.94  
 225 S	 29.52  
 226 G	 28.19  
 227 E	 26.58  
 228 F	 11.60  
 229 R	 24.32  
 230 F	 9.09  
 231 R	 20.33  
 232 H	 28.94  
 233 G	 25.85  
 234 Y	 5.71  
 235 C	 5.57  
 236 K	 53.92  
 237 G	 45.90  
 238 N	 20.78  
 239 P	 46.03  
 240 R	 43.64  
 241 K	 49.67  
 242 M	 3.84  
 243 V	 5.84  
 244 K	 34.55  
 245 T	 20.63  
 246 W	 9.19  
 247 A	 24.18  
 248 E	 40.90  
 249 K	 49.41  
 250 E	 34.58  
 251 M	 5.22  
 252 R	 35.58  
 253 N	 38.21  
 254 L	 1.38  
 255 I	 5.56  
 256 R	 25.67  
 257 L	 5.46  
 258 N	 27.65  
 259 T	 30.20  
 260 A	 16.20  
 261 E	 45.48  
 262 I	 3.84  
 263 P	 21.08  
 264 C	 7.97  
 265 P	 45.07  
 266 E	 54.93  
 267 P	 11.48  
 268 I	 3.76  
 269 M	 3.58  
 270 L	 5.42  
 271 R	 13.82  
 272 S	 17.62  
 273 H	 15.53  
 274 V	 4.55  
 275 L	 1.93  
 276 V	 2.69  
 277 M	 2.07  
 278 S	 13.26  
 279 F	 4.63  
 280 I	 5.41  
 281 G	 25.90  
 282 K	 45.82  
 283 D	 52.83  
 284 D	 48.75  
 285 M	 4.35  
 286 P	 37.41  
 287 A	 10.75  
 288 P	 32.15  
 289 L	 13.29  
 290 L	 3.55  
 291 K	 63.86  
 292 N	 27.08  
 293 V	 6.07  
 294 Q	 48.98  
 295 L	 5.51  
 296 S	 23.80  
 297 E	 65.92  
 298 S	 28.39  
 299 K	 47.62  
 300 A	 21.32  
 301 R	 37.88  
 302 E	 46.77  
 303 L	 4.27  
 304 Y	 7.13  
 305 L	 5.25  
 306 Q	 19.40  
 307 V	 2.45  
 308 I	 1.24  
 309 Q	 27.41  
 310 Y	 4.97  
 311 M	 0.94  
 312 R	 18.45  
 313 R	 16.19  
 314 M	 2.19  
 315 Y	 11.05  
 316 Q	 28.66  
 317 D	 19.03  
 318 A	 7.38  
 319 R	 45.60  
 320 L	 3.38  
 321 V	 2.66  
 322 H	 20.37  
 323 A	 16.38  
 324 D	 35.53  
 325 L	 5.69  
 326 S	 40.46  
 327 E	 48.62  
 328 F	 6.14  
 329 N	 18.59  
 330 M	 4.83  
 331 L	 2.75  
 332 Y	 6.40  
 333 H	 25.18  
 334 G	 22.46  
 335 G	 14.74  
 336 G	 17.41  
 337 V	 3.33  
 338 Y	 8.74  
 339 I	 1.69  
 340 I	 2.04  
 341 D	 25.18  
 342 V	 3.85  
 343 S	 17.00  
 344 Q	 51.88  
 345 S	 23.20  
 346 V	 6.17  
 347 E	 49.17  
 348 H	 36.20  
 349 D	 43.43  
 350 H	 20.25  
 351 P	 22.09  
 352 H	 39.25  
 353 A	 17.15  
 354 L	 4.32  
 355 E	 43.34  
 356 F	 9.22  
 357 L	 4.93  
 358 R	 37.78  
 359 K	 60.34  
 360 D	 30.26  
 361 C	 3.13  
 362 A	 32.89  
 363 N	 39.18  
 364 V	 3.75  
 365 N	 39.93  
 366 D	 33.60  
 367 F	 4.35  
 368 F	 4.73  
 369 M	 3.68  
 370 R	 17.48  
 371 H	 18.16  
 372 S	 11.04  
 373 V	 3.68  
 374 A	 6.59  
 375 V	 2.87  
 376 M	 1.75  
 377 T	 15.15  
 378 V	 2.12  
 379 R	 26.24  
 380 E	 54.17  
 381 L	 3.32  
 382 F	 6.16  
 383 E	 52.40  
 384 F	 5.85  
 385 V	 4.70  
 386 T	 47.73  
 387 D	 29.64  
 388 P	 20.47  
 389 S	 42.82  
 390 I	 5.77  
 391 T	 27.72  
 392 H	 23.82  
 393 E	 45.67  
 394 N	 26.48  
 395 M	 2.58  
 396 D	 43.58  
 397 A	 9.08  
 398 Y	 13.77  
 399 L	 4.54  
 400 S	 12.99  
 401 K	 49.51  
 402 A	 9.47  
 403 M	 4.38  
 404 E	 40.02  
 405 I	 2.61  
 406 A	 6.06  
 407 S	 26.34  
 408 Q	 48.30  
 409 R	 45.32  
 410 T	 34.86  
 411 K	 60.82  
 412 E	 59.01  
 413 E	 60.46  
 414 R	 42.57  
 415 S	 35.31  
 416 S	 45.94  
 417 Q	 46.18  
 418 D	 45.80  
 419 H	 22.69  
 420 V	 15.49  
 421 D	 42.81  
 422 E	 55.78  
 423 E	 49.11  
 424 V	 6.88  
 425 F	 5.12  
 426 K	 41.09  
 427 R	 22.59  
 428 A	 13.75  
 429 Y	 18.58  
 430 I	 1.49  
 431 P	 15.55  
 432 R	 42.14  
 433 T	 28.69  
 434 L	 5.62  
 435 N	 51.94  
 436 E	 58.96  
 437 V	 4.79  
 438 K	 47.86  
 439 N	 49.42  
 440 Y	 13.46  
 441 E	 52.15  
 442 R	 33.91  
 443 D	 27.45  
 444 M	 5.09  
 445 D	 31.39  
 446 I	 2.38  
 447 I	 1.41  
 448 M	 4.20  
 449 K	 46.10  
 450 L	 4.70  
 451 K	 54.24  
 452 E	 70.44  
 453 E	 52.04  
 454 D	 31.09  
 455 M	 4.28  
 456 A	 10.62  
 457 M	 3.24  
 458 N	 25.67  
 459 A	 8.70  
 460 Q	 46.27  
 461 Q	 43.22  
 462 D	 31.86  
 463 N	 23.10  
 464 I	 5.22  
 465 L	 3.04  
 466 Y	 9.80  
 467 Q	 26.50  
 468 T	 13.38  
 469 V	 2.06  
 470 T	 39.94  
 471 G	 31.03  
 472 L	 4.56  
 473 K	 45.65  
 474 K	 69.79  
 475 D	 44.47  
 476 L	 7.06  
 477 S	 47.23  
 478 G	 32.92  
 479 V	 4.47  
 480 Q	 44.55  
 481 K	 48.02  
 482 V	 1.55  
 483 P	 24.99  
 484 A	 27.97  
 485 L	 5.16  
 486 L	 6.71  
 487 E	 46.60  
 488 N	 51.68  
 489 Q	 34.32  
 490 V	 14.39  
 491 E	 31.81  
 492 E	 55.20  
 493 R	 27.76  
 494 T	 21.46  
 495 C	 5.50  
 496 S	 43.49  
 497 D	 59.18  
 498 S	 22.37  
 499 E	 59.65  
 500 D	 55.27  
 501 I	 5.17  
 502 G	 37.12  
 503 S	 24.25  
 504 S	 37.09  
 505 E	 39.47  
 506 C	 4.88  
 507 S	 39.22  
 508 D	 67.21  
 509 T	 25.73  
 510 D	 60.07  
 511 S	 45.16  
 512 E	 58.09  
 513 E	 64.91  
 514 Q	 59.57  
 515 G	 31.76  
 516 D	 31.78  
 517 H	 30.38  
 518 A	 33.92  
 519 R	 39.90  
 520 P	 51.32  
 521 K	 52.19  
 522 K	 49.19  
 523 H	 39.88  
 524 T	 41.60  
 525 T	 45.30  
 526 D	 39.78  
 527 P	 38.06  
 528 D	 65.61  
 529 I	 11.57  
 530 D	 64.45  
 531 K	 57.79  
 532 K	 60.03  
 533 E	 75.39  
 534 R	 53.42  
 535 K	 46.44  
 536 K	 55.96  
 537 M	 6.13  
 538 V	 7.52  
 539 K	 43.78  
 540 E	 38.33  
 541 A	 14.17  
 542 Q	 55.98  
 543 R	 59.45  
 544 E	 45.17  
 545 K	 71.51  
 546 R	 42.92  
 547 K	 73.91  
 548 N	 52.07  
 549 K	 64.52  
 550 I	 8.42  
 551 P	 23.47  
 552 K	 65.58  
 553 H	 31.13  
 554 V	 11.04  
 555 K	 46.72  
 556 K	 68.56  
 557 R	 46.80  
 558 K	 72.88  
 559 E	 60.72  
 560 K	 57.74  
 561 T	 34.18  
 562 A	 28.70  
 563 K	 67.14  
 564 T	 35.21  
 565 K	 59.84  
 566 K	 76.73  
 567 G	 42.32  
 568 K	 67.08  
