 1 M	 7.64  
 2 A	 24.36  
 3 G	 33.55  
 4 G	 11.61  
 5 V	 5.80  
 6 R	 28.01  
 7 P	 24.81  
 8 L	 4.80  
 9 R	 44.79  
 10 G	 27.48  
 11 L	 2.04  
 12 R	 28.47  
 13 A	 18.96  
 14 L	 1.23  
 15 C	 2.49  
 16 R	 23.98  
 17 V	 5.48  
 18 L	 1.13  
 19 L	 3.57  
 20 F	 5.58  
 21 L	 3.87  
 22 S	 17.55  
 23 Q	 39.10  
 24 F	 2.22  
 25 C	 2.07  
 26 I	 3.47  
 27 L	 4.02  
 28 S	 25.49  
 29 G	 39.96  
 30 G	 26.79  
 31 E	 51.05  
 32 Q	 44.08  
 33 S	 17.08  
 34 Q	 39.84  
 35 A	 15.31  
 36 L	 3.27  
 37 A	 12.23  
 38 Q	 46.68  
 39 S	 26.46  
 40 I	 3.79  
 41 K	 64.22  
 42 D	 52.28  
 43 P	 45.74  
 44 G	 46.47  
 45 P	 24.89  
 46 T	 48.53  
 47 R	 30.86  
 48 T	 26.57  
 49 F	 4.38  
 50 T	 21.71  
 51 V	 4.95  
 52 V	 2.11  
 53 P	 18.82  
 54 R	 34.52  
 55 A	 14.98  
 56 A	 16.74  
 57 E	 58.15  
 58 S	 26.98  
 59 T	 29.46  
 60 E	 63.88  
 61 I	 4.16  
 62 P	 14.13  
 63 P	 39.76  
 64 Y	 14.07  
 65 V	 3.49  
 66 M	 2.81  
 67 K	 32.71  
 68 C	 2.11  
 69 P	 25.88  
 70 S	 53.66  
 71 N	 32.38  
 72 G	 32.19  
 73 L	 2.54  
 74 C	 2.06  
 75 S	 41.72  
 76 R	 43.63  
 77 L	 2.05  
 78 P	 25.58  
 79 A	 28.97  
 80 D	 28.15  
 81 C	 2.84  
 82 I	 5.12  
 83 D	 30.00  
 84 C	 2.28  
 85 T	 22.49  
 86 T	 40.37  
 87 N	 14.53  
 88 F	 6.28  
 89 S	 13.97  
 90 C	 2.73  
 91 T	 33.83  
 92 Y	 27.72  
 93 G	 15.05  
 94 K	 26.38  
 95 P	 26.47  
 96 V	 10.70  
 97 T	 23.45  
 98 F	 8.06  
 99 D	 15.31  
 100 C	 4.02  
 101 A	 17.76  
 102 V	 13.57  
 103 K	 17.04  
 104 P	 27.68  
 105 S	 25.08  
 106 V	 6.97  
 107 T	 15.91  
 108 C	 2.73  
 109 V	 5.60  
 110 D	 44.47  
 111 Q	 37.33  
 112 D	 48.77  
 113 F	 7.34  
 114 K	 61.33  
 115 S	 46.51  
 116 Q	 45.35  
 117 K	 62.00  
 118 N	 26.22  
 119 F	 8.37  
 120 I	 2.88  
 121 I	 2.23  
 122 N	 18.20  
 123 M	 2.36  
 124 T	 8.95  
 125 C	 1.87  
 126 R	 22.16  
 127 F	 5.59  
 128 C	 0.87  
 129 W	 10.47  
 130 Q	 48.60  
 131 L	 1.46  
 132 P	 27.60  
 133 E	 64.00  
 134 T	 41.77  
 135 D	 35.26  
 136 Y	 21.96  
 137 E	 37.36  
 138 C	 3.39  
 139 T	 21.92  
 140 N	 55.75  
 141 S	 11.98  
 142 T	 28.19  
 143 S	 11.17  
 144 C	 2.41  
 145 M	 4.09  
 146 T	 17.37  
 147 V	 1.90  
 148 S	 14.83  
 149 C	 2.53  
 150 P	 28.12  
 151 R	 37.63  
 152 Q	 34.11  
 153 R	 40.45  
 154 Y	 9.81  
 155 P	 21.13  
 156 A	 18.13  
 157 N	 19.93  
 158 C	 3.96  
 159 T	 20.55  
 160 V	 8.04  
 161 R	 15.34  
 162 D	 43.77  
 163 H	 10.72  
 164 V	 3.90  
 165 H	 9.54  
 166 C	 5.17  
 167 L	 4.04  
 168 G	 27.28  
 169 N	 27.20  
 170 R	 35.63  
 171 T	 48.57  
 172 F	 5.03  
 173 P	 22.12  
 174 K	 37.03  
 175 M	 3.08  
 176 L	 5.71  
 177 Y	 4.73  
 178 C	 2.78  
 179 N	 26.28  
 180 W	 7.89  
 181 T	 13.51  
 182 G	 29.10  
 183 G	 17.30  
 184 Y	 15.61  
 185 K	 37.63  
 186 W	 7.76  
 187 S	 10.31  
 188 T	 25.28  
 189 A	 5.82  
 190 L	 5.09  
 191 A	 9.22  
 192 L	 3.86  
 193 S	 14.12  
 194 I	 3.71  
 195 T	 18.90  
 196 L	 6.35  
 197 G	 22.27  
 198 G	 22.41  
 199 F	 7.47  
 200 G	 29.82  
 201 A	 11.53  
 202 D	 41.42  
 203 R	 22.90  
 204 F	 6.42  
 205 Y	 15.71  
 206 L	 3.65  
 207 G	 17.39  
 208 Q	 33.20  
 209 W	 9.86  
 210 R	 21.88  
 211 E	 56.67  
 212 G	 31.02  
 213 L	 4.72  
 214 G	 35.16  
 215 K	 51.94  
 216 L	 4.05  
 217 F	 6.92  
 218 S	 33.16  
 219 F	 7.63  
 220 G	 29.26  
 221 G	 20.79  
 222 L	 4.62  
 223 G	 19.36  
 224 I	 2.82  
 225 W	 5.37  
 226 T	 16.35  
 227 L	 1.57  
 228 I	 2.42  
 229 D	 28.29  
 230 V	 3.57  
 231 L	 2.27  
 232 L	 3.00  
 233 I	 3.53  
 234 G	 13.53  
 235 V	 3.86  
 236 G	 13.24  
 237 Y	 10.38  
 238 V	 6.44  
 239 G	 11.82  
 240 P	 19.68  
 241 A	 28.06  
 242 D	 50.80  
 243 G	 22.96  
 244 S	 20.67  
 245 L	 5.65  
 246 Y	 13.29  
 247 I	 5.73  
