 1 M	 8.59  
 2 S	 45.50  
 3 E	 37.33  
 4 F	 7.53  
 5 R	 24.23  
 6 I	 4.03  
 7 H	 13.57  
 8 H	 38.04  
 9 D	 30.67  
 10 V	 5.35  
 11 N	 40.01  
 12 E	 51.43  
 13 L	 3.12  
 14 L	 2.50  
 15 S	 37.67  
 16 L	 3.41  
 17 L	 4.89  
 18 R	 24.55  
 19 V	 5.05  
 20 H	 28.25  
 21 G	 32.79  
 22 G	 18.46  
 23 D	 58.69  
 24 G	 27.23  
 25 A	 14.07  
 26 E	 41.19  
 27 V	 5.14  
 28 Y	 4.72  
 29 I	 3.48  
 30 D	 24.52  
 31 L	 3.86  
 32 L	 6.38  
 33 Q	 48.55  
 34 K	 48.65  
 35 N	 39.85  
 36 R	 44.08  
 37 T	 28.50  
 38 P	 20.54  
 39 Y	 15.15  
 40 V	 3.95  
 41 T	 15.77  
 42 T	 18.37  
 43 T	 11.78  
 44 V	 4.46  
 45 S	 20.40  
 46 A	 9.05  
 47 H	 22.30  
 48 S	 29.51  
 49 A	 15.70  
 50 K	 47.26  
 51 V	 5.61  
 52 K	 35.18  
 53 I	 5.07  
 54 A	 13.18  
 55 E	 47.86  
 56 F	 4.41  
 57 S	 27.10  
 58 R	 60.67  
 59 T	 29.81  
 60 P	 37.74  
 61 E	 61.86  
 62 D	 56.21  
 63 F	 11.68  
 64 L	 7.86  
 65 K	 49.64  
 66 K	 61.14  
 67 Y	 17.05  
 68 D	 64.73  
 69 E	 55.82  
 70 L	 7.48  
 71 K	 58.29  
 72 S	 43.70  
 73 K	 61.83  
 74 N	 51.89  
 75 T	 25.35  
 76 R	 51.62  
 77 N	 46.92  
 78 L	 6.90  
 79 D	 37.73  
 80 P	 27.22  
 81 L	 3.85  
 82 V	 3.73  
 83 Y	 15.03  
 84 L	 3.20  
 85 L	 2.02  
 86 S	 24.03  
 87 K	 60.44  
 88 L	 5.95  
 89 T	 45.96  
 90 E	 77.00  
 91 D	 49.18  
 92 K	 46.49  
 93 E	 68.05  
 94 T	 25.54  
 95 L	 3.10  
 96 Q	 44.29  
 97 Y	 15.02  
 98 L	 2.45  
 99 Q	 29.55  
 100 Q	 49.61  
 101 N	 39.76  
 102 A	 15.68  
 103 K	 56.11  
 104 E	 55.50  
 105 R	 32.43  
 106 A	 19.76  
 107 E	 45.20  
 108 L	 3.71  
 109 A	 6.12  
 110 A	 14.47  
 111 A	 9.32  
 112 A	 11.07  
 113 V	 7.01  
 114 G	 15.91  
 115 S	 20.22  
 116 S	 29.76  
 117 T	 26.68  
 118 T	 29.56  
 119 S	 16.56  
 120 I	 5.90  
 121 N	 33.22  
 122 V	 3.04  
 123 P	 16.22  
 124 A	 16.04  
 125 A	 13.24  
 126 A	 17.29  
 127 S	 26.29  
 128 K	 33.79  
 129 I	 3.72  
 130 S	 20.39  
 131 M	 4.01  
 132 Q	 45.38  
 133 E	 49.89  
 134 L	 3.31  
 135 E	 54.99  
 136 E	 67.51  
 137 L	 6.39  
 138 R	 28.14  
 139 K	 63.60  
 140 Q	 44.62  
 141 L	 6.56  
 142 G	 19.99  
 143 S	 19.71  
 144 V	 5.40  
 145 A	 14.13  
 146 T	 29.52  
 147 G	 14.64  
 148 S	 22.91  
 149 T	 29.90  
 150 L	 4.70  
 151 Q	 30.79  
 152 Q	 53.77  
 153 S	 15.73  
 154 L	 8.53  
 155 E	 58.45  
 156 L	 8.68  
 157 K	 40.37  
 158 R	 42.09  
 159 K	 40.47  
 160 M	 4.27  
 161 L	 7.80  
 162 R	 45.65  
 163 D	 53.59  
 164 K	 49.70  
 165 Q	 71.86  
 166 N	 64.11  
 167 K	 51.33  
 168 K	 64.99  
 169 N	 53.64  
 170 S	 49.03  
 171 G	 28.46  
 172 Q	 34.46  
 173 H	 36.78  
 174 L	 2.40  
 175 P	 24.85  
 176 I	 8.99  
 177 F	 2.97  
 178 P	 26.40  
 179 A	 9.53  
 180 W	 8.08  
 181 V	 3.75  
 182 Y	 8.77  
 183 E	 42.44  
 184 R	 12.24  
 185 P	 21.34  
 186 A	 20.31  
 187 L	 5.08  
 188 I	 5.59  
 189 G	 22.07  
 190 D	 28.34  
 191 F	 4.52  
 192 L	 4.14  
 193 I	 3.43  
 194 G	 21.64  
 195 A	 12.73  
 196 G	 14.79  
 197 I	 3.87  
 198 S	 21.22  
 199 T	 35.13  
 200 D	 24.16  
 201 T	 30.13  
 202 A	 17.72  
 203 L	 3.27  
 204 P	 22.09  
 205 I	 7.38  
 206 G	 21.18  
 207 T	 26.39  
 208 L	 2.49  
 209 P	 26.22  
 210 L	 8.89  
 211 A	 13.76  
 212 S	 42.01  
 213 Q	 42.95  
 214 E	 37.86  
 215 S	 20.80  
 216 A	 14.50  
 217 V	 7.25  
 218 V	 4.78  
 219 E	 36.02  
 220 D	 30.29  
 221 L	 2.05  
 222 L	 4.26  
 223 Y	 10.07  
 224 V	 3.35  
 225 L	 1.43  
 226 V	 5.11  
 227 G	 13.98  
 228 V	 5.71  
 229 D	 29.89  
 230 G	 22.03  
 231 R	 24.98  
 232 Y	 12.32  
 233 V	 3.54  
 234 S	 16.56  
 235 A	 12.64  
 236 Q	 26.49  
 237 P	 24.72  
 238 L	 5.40  
 239 A	 20.15  
 240 G	 35.52  
 241 R	 26.20  
 242 Q	 36.03  
 243 S	 31.74  
 244 R	 22.59  
 245 T	 26.94  
 246 F	 6.43  
 247 L	 4.17  
 248 V	 11.40  
 249 D	 28.63  
 250 P	 35.49  
 251 N	 41.54  
 252 L	 9.49  
 253 D	 45.04  
 254 L	 5.30  
 255 S	 21.19  
 256 I	 5.29  
 257 R	 28.02  
 258 E	 54.17  
 259 L	 2.56  
 260 V	 2.15  
 261 H	 24.56  
 262 R	 25.35  
 263 I	 2.84  
 264 L	 2.55  
 265 P	 16.01  
 266 V	 6.61  
 267 A	 6.69  
 268 A	 14.83  
 269 S	 15.19  
 270 Y	 8.91  
 271 S	 17.48  
 272 A	 9.85  
 273 V	 3.03  
 274 T	 21.41  
 275 R	 24.77  
 276 F	 6.35  
 277 I	 6.35  
 278 E	 57.57  
 279 E	 54.12  
 280 K	 38.31  
 281 S	 43.47  
 282 S	 32.92  
 283 F	 12.37  
 284 E	 51.18  
 285 Y	 15.73  
 286 G	 20.12  
 287 Q	 31.75  
 288 V	 5.01  
 289 N	 13.56  
 290 H	 24.22  
 291 A	 8.16  
 292 L	 2.31  
 293 A	 8.24  
 294 A	 11.57  
 295 A	 5.16  
 296 M	 2.63  
 297 R	 21.85  
 298 T	 23.87  
 299 L	 3.50  
 300 V	 7.27  
 301 K	 42.39  
 302 E	 36.13  
 303 H	 16.68  
 304 L	 3.21  
 305 I	 3.73  
 306 L	 3.69  
 307 V	 2.44  
 308 S	 26.13  
 309 Q	 41.35  
 310 L	 3.36  
 311 E	 43.38  
 312 Q	 51.68  
 313 L	 2.34  
 314 H	 21.51  
 315 R	 40.63  
 316 Q	 35.82  
 317 G	 28.66  
 318 L	 1.91  
 319 L	 6.50  
 320 S	 33.52  
 321 L	 5.41  
 322 Q	 35.11  
 323 K	 53.64  
 324 L	 2.17  
 325 W	 7.34  
 326 F	 5.81  
 327 Y	 6.25  
 328 I	 2.62  
 329 Q	 14.34  
 330 P	 20.61  
 331 A	 5.45  
 332 M	 4.70  
 333 R	 29.07  
 334 T	 13.20  
 335 M	 1.81  
 336 D	 31.94  
 337 I	 2.10  
 338 L	 2.00  
 339 A	 11.66  
 340 S	 18.32  
 341 L	 5.12  
 342 A	 8.71  
 343 T	 34.28  
 344 S	 23.78  
 345 V	 8.39  
 346 D	 53.67  
 347 K	 55.22  
 348 G	 26.79  
 349 E	 32.10  
 350 C	 6.12  
 351 L	 8.29  
 352 G	 39.40  
 353 G	 12.43  
 354 S	 25.11  
 355 T	 24.52  
 356 L	 3.48  
 357 S	 29.04  
 358 L	 5.76  
 359 L	 3.38  
 360 H	 33.46  
 361 D	 48.14  
 362 R	 28.93  
 363 S	 25.30  
 364 F	 7.25  
 365 S	 24.03  
 366 Y	 16.84  
 367 T	 33.06  
 368 G	 25.08  
 369 D	 29.76  
 370 S	 28.85  
 371 Q	 52.37  
 372 A	 14.57  
 373 Q	 36.24  
 374 E	 44.45  
 375 L	 1.30  
 376 C	 2.00  
 377 L	 6.49  
 378 Y	 16.01  
 379 L	 2.27  
 380 T	 12.70  
 381 K	 39.08  
 382 A	 11.04  
 383 A	 14.05  
 384 S	 34.34  
 385 A	 9.70  
 386 P	 31.67  
 387 Y	 16.46  
 388 F	 5.22  
 389 E	 40.11  
 390 V	 6.32  
 391 L	 4.39  
 392 E	 52.07  
 393 K	 34.43  
 394 W	 5.40  
 395 I	 2.20  
 396 Y	 11.15  
 397 R	 22.24  
 398 G	 13.26  
 399 I	 1.55  
 400 I	 3.16  
 401 H	 28.24  
 402 D	 33.16  
 403 P	 22.01  
 404 Y	 27.22  
 405 S	 29.73  
 406 E	 31.73  
 407 F	 5.67  
 408 M	 3.05  
 409 V	 10.69  
 410 E	 41.68  
 411 E	 31.11  
 412 H	 26.36  
 413 E	 54.25  
 414 L	 11.63  
 415 R	 35.49  
 416 K	 65.06  
 417 E	 48.89  
 418 R	 38.64  
 419 I	 5.73  
 420 Q	 43.67  
 421 E	 61.15  
 422 D	 31.03  
 423 Y	 25.22  
 424 N	 52.17  
 425 D	 38.91  
 426 K	 44.60  
 427 Y	 19.65  
 428 W	 10.86  
 429 D	 21.71  
 430 Q	 26.57  
 431 R	 28.26  
 432 Y	 8.66  
 433 T	 19.50  
 434 I	 1.63  
 435 V	 3.03  
 436 Q	 26.13  
 437 Q	 32.07  
 438 Q	 32.25  
 439 I	 2.41  
 440 P	 18.07  
 441 S	 39.97  
 442 F	 7.60  
 443 L	 5.85  
 444 Q	 31.31  
 445 K	 37.90  
 446 M	 3.63  
 447 A	 23.21  
 448 D	 34.72  
 449 K	 35.69  
 450 I	 3.65  
 451 L	 4.64  
 452 S	 38.29  
 453 T	 33.96  
 454 G	 17.15  
 455 K	 46.80  
 456 Y	 12.59  
 457 L	 4.46  
 458 N	 27.44  
 459 V	 3.86  
 460 V	 4.08  
 461 R	 29.25  
 462 E	 32.99  
 463 C	 4.04  
 464 G	 18.44  
 465 H	 37.72  
 466 D	 23.78  
 467 V	 5.01  
 468 T	 19.70  
 469 C	 2.28  
 470 P	 21.53  
 471 V	 14.99  
 472 A	 6.73  
 473 K	 50.08  
 474 E	 25.53  
 475 I	 2.62  
 476 I	 1.95  
 477 Y	 16.22  
 478 T	 22.42  
 479 L	 2.81  
 480 K	 37.04  
 481 E	 45.73  
 482 R	 29.63  
 483 A	 17.51  
 484 Y	 15.67  
 485 V	 4.21  
 486 E	 32.91  
 487 Q	 38.81  
 488 I	 3.57  
 489 E	 37.72  
 490 K	 60.96  
 491 A	 5.78  
 492 F	 12.14  
 493 N	 36.00  
 494 Y	 13.05  
 495 A	 12.18  
 496 S	 16.97  
 497 K	 28.82  
 498 V	 6.26  
 499 L	 4.34  
 500 L	 4.98  
 501 D	 30.39  
 502 F	 7.64  
 503 L	 4.16  
 504 M	 6.71  
 505 E	 68.98  
 506 E	 37.55  
 507 K	 42.94  
 508 E	 52.32  
 509 L	 6.46  
 510 V	 3.11  
 511 A	 14.50  
 512 H	 17.81  
 513 L	 3.11  
 514 R	 26.86  
 515 S	 38.53  
 516 I	 2.08  
 517 K	 42.14  
 518 R	 26.26  
 519 Y	 8.96  
 520 F	 5.45  
 521 L	 2.47  
 522 M	 2.31  
 523 D	 52.00  
 524 Q	 39.11  
 525 G	 29.45  
 526 D	 28.33  
 527 F	 9.84  
 528 F	 5.06  
 529 V	 3.25  
 530 H	 13.73  
 531 F	 3.24  
 532 M	 2.20  
 533 D	 41.61  
 534 L	 4.31  
 535 A	 20.21  
 536 E	 60.34  
 537 E	 57.64  
 538 E	 45.43  
 539 L	 10.90  
 540 R	 44.50  
 541 K	 67.07  
 542 P	 28.44  
 543 V	 13.32  
 544 E	 52.82  
 545 D	 50.74  
 546 I	 3.84  
 547 T	 39.29  
 548 P	 16.61  
 549 P	 44.85  
 550 R	 46.49  
 551 L	 5.79  
 552 E	 38.25  
 553 A	 23.26  
 554 L	 2.52  
 555 L	 6.99  
 556 E	 32.61  
 557 L	 5.69  
 558 A	 5.46  
 559 L	 8.05  
 560 R	 16.05  
 561 M	 4.31  
 562 S	 20.24  
 563 T	 18.00  
 564 A	 15.04  
 565 N	 45.14  
 566 T	 42.45  
 567 D	 46.58  
 568 P	 35.83  
 569 F	 17.62  
 570 K	 56.58  
 571 D	 67.84  
 572 D	 50.91  
 573 L	 8.21  
 574 K	 40.96  
 575 I	 6.81  
 576 D	 35.01  
 577 L	 7.01  
 578 M	 2.16  
 579 P	 25.74  
 580 H	 28.66  
 581 D	 33.62  
 582 L	 4.08  
 583 I	 2.62  
 584 T	 22.06  
 585 Q	 31.35  
 586 L	 2.17  
 587 L	 2.27  
 588 R	 29.96  
 589 V	 4.23  
 590 L	 3.00  
 591 A	 8.50  
 592 I	 6.37  
 593 E	 44.33  
 594 T	 31.73  
 595 K	 43.60  
 596 Q	 65.91  
 597 E	 44.32  
 598 K	 40.75  
 599 A	 10.31  
 600 M	 4.09  
 601 A	 10.28  
 602 H	 19.99  
 603 A	 18.23  
 604 D	 40.56  
 605 P	 28.67  
 606 T	 44.15  
 607 E	 37.12  
 608 L	 6.81  
 609 A	 8.08  
 610 L	 6.97  
 611 S	 35.41  
 612 G	 28.52  
 613 L	 3.74  
 614 E	 51.71  
 615 A	 15.49  
 616 F	 5.66  
 617 S	 25.02  
 618 F	 7.16  
 619 D	 30.93  
 620 Y	 12.95  
 621 I	 2.50  
 622 V	 4.28  
 623 K	 33.27  
 624 W	 6.54  
 625 P	 13.32  
 626 L	 6.72  
 627 S	 17.28  
 628 L	 6.33  
 629 I	 2.05  
 630 I	 5.04  
 631 N	 32.19  
 632 R	 18.40  
 633 K	 43.17  
 634 A	 15.78  
 635 L	 2.92  
 636 T	 31.99  
 637 R	 22.12  
 638 Y	 7.95  
 639 Q	 20.86  
 640 M	 2.57  
 641 L	 1.69  
 642 F	 4.18  
 643 R	 19.19  
 644 H	 11.90  
 645 M	 1.92  
 646 F	 5.45  
 647 Y	 7.94  
 648 C	 1.35  
 649 K	 39.03  
 650 H	 24.10  
 651 V	 3.87  
 652 E	 34.13  
 653 R	 33.41  
 654 Q	 33.06  
 655 L	 2.70  
 656 C	 2.03  
 657 S	 29.13  
 658 V	 5.26  
 659 W	 3.36  
 660 I	 2.81  
 661 S	 19.30  
 662 N	 36.24  
 663 K	 42.97  
 664 T	 43.25  
 665 A	 15.89  
 666 K	 54.50  
 667 Q	 29.01  
 668 H	 31.46  
 669 S	 25.86  
 670 L	 3.29  
 671 H	 24.89  
 672 S	 27.70  
 673 A	 10.40  
 674 Q	 38.54  
 675 W	 5.69  
 676 F	 2.74  
 677 A	 12.87  
 678 G	 16.26  
 679 A	 7.27  
 680 F	 6.90  
 681 T	 22.09  
 682 L	 3.38  
 683 R	 20.99  
 684 Q	 37.94  
 685 R	 25.73  
 686 M	 2.44  
 687 L	 4.98  
 688 N	 26.21  
 689 F	 5.42  
 690 V	 4.08  
 691 Q	 36.85  
 692 N	 20.30  
 693 I	 1.23  
 694 Q	 30.74  
 695 Y	 6.91  
 696 Y	 2.58  
 697 M	 1.79  
 698 M	 1.18  
 699 F	 3.50  
 700 E	 24.06  
 701 V	 3.44  
 702 M	 3.93  
 703 E	 44.76  
 704 P	 23.77  
 705 T	 19.17  
 706 W	 6.29  
 707 H	 19.75  
 708 I	 3.92  
 709 L	 5.05  
 710 E	 39.02  
 711 K	 65.22  
 712 N	 43.24  
 713 L	 7.40  
 714 K	 54.06  
 715 S	 39.84  
 716 A	 12.66  
 717 S	 41.21  
 718 N	 41.23  
 719 I	 4.42  
 720 D	 44.19  
 721 D	 33.47  
 722 V	 6.47  
 723 L	 7.51  
 724 G	 15.46  
 725 H	 15.92  
 726 H	 26.36  
 727 T	 24.77  
 728 G	 19.43  
 729 F	 6.16  
 730 L	 5.88  
 731 D	 32.86  
 732 T	 23.14  
 733 C	 4.43  
 734 L	 5.94  
 735 K	 51.53  
 736 D	 15.31  
 737 C	 1.99  
 738 M	 8.09  
 739 L	 5.42  
 740 T	 23.11  
 741 N	 24.88  
 742 P	 28.51  
 743 E	 69.66  
 744 L	 6.22  
 745 L	 4.19  
 746 K	 54.59  
 747 V	 7.08  
 748 F	 5.22  
 749 S	 28.06  
 750 K	 36.42  
 751 L	 2.75  
 752 M	 3.03  
 753 S	 23.85  
 754 V	 1.45  
 755 C	 1.12  
 756 V	 3.11  
 757 M	 2.65  
 758 F	 1.90  
 759 T	 14.93  
 760 N	 14.16  
 761 C	 2.51  
 762 M	 5.42  
 763 Q	 39.65  
 764 K	 24.40  
 765 F	 4.18  
 766 T	 27.11  
 767 Q	 44.66  
 768 S	 18.15  
 769 M	 3.43  
 770 K	 48.99  
 771 L	 8.39  
 772 D	 42.90  
 773 G	 42.33  
 774 E	 43.86  
 775 L	 13.12  
 776 G	 23.12  
 777 G	 29.89  
 778 Q	 40.91  
 779 T	 37.07  
 780 L	 4.24  
 781 E	 38.90  
 782 H	 31.70  
 783 S	 15.73  
 784 T	 22.97  
 785 V	 4.47  
 786 L	 6.21  
 787 G	 25.86  
 788 L	 1.99  
 789 P	 27.18  
 790 A	 34.57  
 791 G	 31.42  
 792 A	 19.99  
 793 E	 47.28  
 794 E	 51.62  
 795 R	 31.06  
 796 A	 30.12  
 797 R	 38.92  
 798 K	 56.97  
 799 E	 41.95  
 800 L	 6.65  
 801 A	 21.40  
 802 R	 39.28  
 803 K	 37.05  
 804 H	 25.39  
 805 L	 7.21  
 806 A	 13.27  
 807 E	 46.07  
 808 H	 24.25  
 809 A	 12.99  
 810 D	 49.68  
 811 T	 15.78  
 812 V	 4.22  
 813 Q	 37.93  
 814 L	 2.62  
 815 V	 2.69  
 816 S	 46.48  
 817 G	 19.55  
 818 F	 4.49  
 819 E	 48.72  
 820 A	 16.12  
 821 T	 20.20  
 822 I	 7.32  
 823 N	 34.29  
 824 K	 51.60  
 825 F	 16.28  
 826 D	 46.74  
 827 K	 64.13  
 828 N	 37.64  
 829 F	 9.34  
 830 S	 24.95  
 831 A	 8.00  
 832 H	 26.23  
 833 L	 3.88  
 834 L	 2.90  
 835 D	 46.10  
 836 L	 3.98  
 837 L	 2.32  
 838 A	 20.05  
 839 R	 29.01  
 840 L	 2.80  
 841 S	 17.58  
 842 I	 3.59  
 843 Y	 11.52  
 844 S	 21.55  
 845 T	 16.18  
 846 S	 34.03  
 847 D	 41.74  
 848 C	 4.10  
 849 E	 48.76  
 850 H	 37.35  
 851 G	 7.34  
 852 M	 2.44  
 853 A	 12.77  
 854 S	 15.87  
 855 V	 3.15  
 856 I	 1.51  
 857 S	 25.32  
 858 R	 27.44  
 859 L	 7.61  
 860 D	 33.58  
 861 F	 13.10  
 862 N	 39.05  
 863 G	 19.55  
 864 F	 7.76  
 865 Y	 14.75  
 866 T	 16.62  
 867 E	 43.84  
 868 R	 33.77  
 869 L	 3.50  
 870 E	 58.77  
 871 R	 38.24  
 872 L	 4.09  
 873 S	 34.01  
 874 A	 22.33  
 875 E	 49.87  
 876 R	 44.07  
 877 S	 27.77  
 878 Q	 45.70  
 879 K	 56.31  
 880 A	 19.51  
 881 T	 22.68  
 882 P	 37.72  
 883 Q	 48.03  
 884 V	 3.59  
 885 P	 17.74  
 886 V	 6.30  
 887 L	 4.25  
 888 R	 56.67  
 889 G	 28.51  
 890 P	 18.55  
 891 P	 54.41  
 892 A	 18.93  
 893 P	 48.87  
 894 A	 13.46  
 895 P	 30.16  
 896 R	 31.00  
 897 V	 4.97  
 898 A	 8.33  
 899 V	 4.11  
 900 T	 15.03  
 901 A	 13.39  
 902 Q	 44.47  
