 1 M	 7.45  
 2 T	 41.90  
 3 D	 42.49  
 4 T	 19.75  
 5 A	 12.93  
 6 E	 52.90  
 7 A	 22.05  
 8 V	 3.89  
 9 P	 42.54  
 10 K	 59.83  
 11 F	 8.66  
 12 E	 55.46  
 13 E	 42.61  
 14 M	 2.40  
 15 F	 6.72  
 16 A	 9.85  
 17 S	 19.36  
 18 R	 38.79  
 19 F	 10.47  
 20 T	 32.54  
 21 E	 61.80  
 22 N	 63.70  
 23 D	 38.64  
 24 K	 70.65  
 25 E	 56.14  
 26 Y	 16.63  
 27 Q	 33.67  
 28 E	 52.51  
 29 Y	 11.29  
 30 L	 3.59  
 31 K	 63.05  
 32 R	 49.78  
 33 P	 35.11  
 34 P	 59.75  
 35 E	 77.79  
 36 S	 41.57  
 37 P	 22.45  
 38 P	 53.16  
 39 I	 7.46  
 40 V	 7.22  
 41 E	 59.00  
 42 E	 40.85  
 43 W	 8.45  
 44 N	 25.54  
 45 S	 25.28  
 46 R	 33.76  
 47 A	 30.02  
 48 G	 34.18  
 49 G	 26.55  
 50 N	 36.40  
 51 Q	 47.50  
 52 R	 38.52  
 53 N	 46.58  
 54 R	 46.05  
 55 G	 27.45  
 56 N	 37.95  
 57 R	 36.23  
 58 L	 9.70  
 59 Q	 42.57  
 60 D	 57.80  
 61 N	 27.05  
 62 R	 45.35  
 63 Q	 38.35  
 64 F	 8.91  
 65 R	 30.79  
 66 G	 42.45  
 67 R	 33.50  
 68 D	 52.44  
 69 N	 40.00  
 70 R	 37.26  
 71 W	 21.32  
 72 G	 24.15  
 73 W	 5.14  
 74 P	 28.06  
 75 S	 40.80  
 76 D	 50.94  
 77 N	 54.33  
 78 R	 41.81  
 79 S	 39.36  
 80 N	 45.80  
 81 Q	 34.49  
 82 W	 10.51  
 83 H	 16.42  
 84 G	 23.51  
 85 R	 19.15  
 86 S	 43.88  
 87 W	 16.51  
 88 G	 17.47  
 89 N	 38.31  
 90 N	 46.02  
 91 Y	 14.31  
 92 P	 26.14  
 93 Q	 33.75  
 94 H	 28.96  
 95 R	 36.99  
 96 Q	 54.62  
 97 E	 34.92  
 98 P	 26.14  
 99 Y	 27.33  
 100 Y	 12.79  
 101 P	 14.68  
 102 Q	 32.76  
 103 Q	 41.49  
 104 Y	 10.71  
 105 G	 11.82  
 106 H	 14.12  
 107 Y	 19.55  
 108 G	 14.83  
 109 Y	 10.85  
 110 N	 27.33  
 111 Q	 51.26  
 112 R	 30.44  
 113 P	 19.39  
 114 P	 37.05  
 115 Y	 22.05  
 116 G	 22.49  
 117 Y	 10.52  
 118 Y	 14.02  
