 1 M	 7.82  
 2 T	 32.41  
 3 A	 9.61  
 4 N	 30.27  
 5 R	 32.58  
 6 L	 6.60  
 7 A	 10.90  
 8 E	 46.65  
 9 S	 24.07  
 10 L	 2.14  
 11 L	 6.66  
 12 A	 15.51  
 13 L	 4.85  
 14 S	 24.98  
 15 Q	 56.40  
 16 Q	 42.63  
 17 E	 47.55  
 18 E	 44.94  
 19 L	 4.40  
 20 A	 21.41  
 21 D	 75.92  
 22 L	 4.77  
 23 P	 28.19  
 24 K	 67.32  
 25 D	 37.06  
 26 Y	 18.70  
 27 L	 6.43  
 28 L	 4.31  
 29 S	 36.16  
 30 E	 59.10  
 31 S	 47.15  
 32 E	 56.90  
 33 D	 74.57  
 34 E	 65.48  
 35 G	 51.87  
 36 D	 48.26  
 37 N	 70.78  
 38 D	 66.14  
 39 G	 42.75  
 40 E	 62.51  
 41 R	 47.49  
 42 K	 46.19  
 43 H	 35.91  
 44 Q	 40.92  
 45 K	 55.55  
 46 L	 4.15  
 47 L	 5.57  
 48 E	 55.16  
 49 A	 13.61  
 50 I	 1.78  
 51 S	 31.71  
 52 S	 25.11  
 53 L	 8.87  
 54 D	 68.89  
 55 G	 34.14  
 56 K	 47.12  
 57 N	 55.29  
 58 R	 40.37  
 59 R	 47.97  
 60 K	 49.14  
 61 L	 5.93  
 62 A	 17.12  
 63 E	 68.15  
 64 R	 33.90  
 65 S	 29.08  
 66 E	 48.80  
 67 A	 22.78  
 68 S	 25.35  
 69 L	 9.05  
 70 K	 41.02  
 71 V	 8.87  
 72 S	 34.58  
 73 E	 44.20  
 74 F	 9.48  
 75 N	 28.80  
 76 V	 8.93  
 77 S	 24.63  
 78 S	 41.51  
 79 E	 50.28  
 80 G	 42.79  
 81 S	 39.46  
 82 G	 47.09  
 83 E	 44.93  
 84 K	 47.63  
 85 L	 3.12  
 86 V	 6.49  
 87 L	 4.44  
 88 A	 9.64  
 89 D	 47.85  
 90 L	 4.92  
 91 L	 7.81  
 92 E	 56.18  
 93 P	 32.64  
 94 V	 8.46  
 95 K	 54.10  
 96 T	 33.79  
 97 S	 16.53  
 98 S	 34.30  
 99 S	 23.07  
 100 L	 5.10  
 101 A	 16.58  
 102 T	 37.84  
 103 V	 6.40  
 104 K	 30.37  
 105 K	 52.73  
 106 Q	 38.66  
 107 L	 4.92  
 108 S	 32.31  
 109 R	 48.77  
 110 V	 8.04  
 111 K	 56.28  
 112 S	 36.21  
 113 K	 46.90  
 114 K	 65.96  
 115 T	 23.97  
 116 V	 11.05  
 117 E	 50.32  
 118 L	 5.20  
 119 P	 22.00  
 120 L	 25.92  
 121 N	 47.99  
 122 K	 65.49  
 123 E	 64.23  
 124 E	 52.32  
 125 I	 4.52  
 126 E	 49.19  
 127 R	 35.36  
 128 I	 2.02  
 129 H	 26.52  
 130 R	 37.40  
 131 E	 24.84  
 132 V	 8.11  
 133 A	 9.50  
 134 F	 13.39  
 135 N	 30.91  
 136 K	 38.49  
 137 T	 24.35  
 138 A	 10.09  
 139 Q	 41.75  
 140 V	 6.38  
 141 L	 2.64  
 142 S	 32.61  
 143 K	 52.00  
 144 W	 16.27  
 145 D	 29.83  
 146 P	 19.59  
 147 V	 7.94  
 148 V	 8.40  
 149 L	 4.07  
 150 K	 38.17  
 151 N	 36.82  
 152 R	 35.18  
 153 Q	 59.66  
 154 A	 11.85  
 155 E	 35.79  
 156 Q	 46.04  
 157 L	 3.01  
 158 V	 4.67  
 159 F	 8.53  
 160 P	 31.93  
 161 L	 11.31  
 162 E	 59.67  
 163 K	 75.06  
 164 E	 60.89  
 165 E	 51.61  
 166 P	 30.02  
 167 A	 17.54  
 168 I	 7.39  
 169 A	 10.92  
 170 P	 26.79  
 171 I	 4.17  
 172 E	 27.21  
 173 H	 26.91  
 174 V	 2.70  
 175 L	 4.18  
 176 S	 41.33  
 177 G	 26.24  
 178 W	 6.43  
 179 K	 31.36  
 180 A	 17.67  
 181 R	 32.90  
 182 T	 36.77  
 183 P	 28.48  
 184 L	 11.96  
 185 E	 47.58  
 186 Q	 57.69  
 187 E	 39.92  
 188 I	 2.50  
 189 F	 5.33  
 190 N	 47.56  
 191 L	 3.54  
 192 L	 5.92  
 193 H	 34.51  
 194 K	 66.85  
 195 N	 37.13  
 196 K	 61.86  
 197 Q	 47.27  
 198 P	 32.36  
 199 V	 9.81  
 200 T	 38.28  
 201 D	 31.89  
 202 P	 21.65  
 203 L	 10.41  
 204 L	 6.56  
 205 T	 32.73  
 206 P	 32.04  
 207 V	 11.25  
 208 E	 44.07  
 209 K	 43.43  
 210 A	 10.57  
 211 S	 29.47  
 212 L	 4.90  
 213 R	 26.25  
 214 A	 9.37  
 215 M	 3.67  
 216 S	 31.48  
 217 L	 4.41  
 218 E	 48.91  
 219 E	 59.90  
 220 A	 11.11  
 221 K	 35.90  
 222 M	 4.52  
 223 R	 33.67  
 224 R	 28.99  
 225 A	 16.10  
 226 E	 43.56  
 227 L	 4.00  
 228 Q	 28.61  
 229 R	 38.37  
 230 A	 6.53  
 231 R	 37.71  
 232 A	 14.68  
 233 L	 2.64  
 234 Q	 28.53  
 235 S	 30.45  
 236 Y	 7.74  
 237 Y	 18.04  
 238 E	 35.15  
 239 A	 8.49  
 240 K	 30.41  
 241 A	 23.86  
 242 R	 46.73  
 243 R	 66.02  
 244 E	 53.82  
 245 K	 58.97  
 246 K	 51.09  
 247 I	 10.11  
 248 K	 66.17  
 249 S	 37.54  
 250 K	 52.96  
 251 K	 60.73  
 252 Y	 15.60  
 253 H	 25.88  
 254 K	 45.71  
 255 V	 4.93  
 256 V	 6.72  
 257 K	 59.81  
 258 K	 54.77  
 259 G	 29.45  
 260 K	 66.95  
 261 A	 27.53  
 262 K	 41.90  
 263 K	 64.90  
 264 A	 24.14  
 265 L	 8.19  
 266 K	 66.28  
 267 E	 56.09  
 268 F	 7.48  
 269 E	 50.20  
 270 Q	 52.46  
 271 L	 4.50  
 272 R	 40.34  
 273 K	 55.76  
 274 V	 9.31  
 275 N	 24.43  
 276 P	 26.68  
 277 A	 10.52  
 278 A	 17.52  
 279 A	 20.01  
 280 L	 4.51  
 281 E	 56.67  
 282 E	 64.18  
 283 L	 6.24  
 284 E	 56.09  
 285 K	 69.64  
 286 I	 4.85  
 287 E	 52.29  
 288 K	 44.78  
 289 A	 7.57  
 290 R	 35.73  
 291 M	 3.80  
 292 M	 2.17  
 293 E	 35.57  
 294 R	 11.33  
 295 M	 3.33  
 296 S	 40.25  
 297 L	 4.14  
 298 K	 35.52  
 299 H	 37.03  
 300 Q	 44.17  
 301 N	 53.07  
 302 S	 34.87  
 303 G	 36.75  
 304 K	 43.74  
 305 W	 16.67  
 306 A	 15.10  
 307 K	 51.91  
 308 S	 21.41  
 309 K	 41.02  
 310 A	 12.13  
 311 I	 2.95  
 312 M	 2.92  
 313 A	 10.92  
 314 K	 23.16  
 315 Y	 19.07  
 316 D	 37.01  
 317 L	 5.14  
 318 E	 38.62  
 319 A	 19.04  
 320 R	 18.53  
 321 Q	 48.51  
 322 A	 8.96  
 323 M	 3.22  
 324 Q	 38.00  
 325 E	 40.17  
 326 Q	 33.86  
 327 L	 8.50  
 328 S	 33.60  
 329 K	 79.30  
 330 N	 39.39  
 331 K	 58.81  
 332 E	 67.45  
 333 L	 7.02  
 334 T	 25.42  
 335 Q	 58.02  
 336 K	 35.33  
 337 L	 3.39  
 338 Q	 35.45  
 339 V	 10.30  
 340 A	 8.46  
 341 S	 42.68  
 342 E	 53.05  
 343 S	 48.06  
 344 E	 66.43  
 345 E	 71.30  
 346 E	 58.87  
 347 E	 67.23  
 348 G	 52.15  
 349 G	 29.25  
 350 T	 39.61  
 351 E	 64.43  
 352 D	 53.63  
 353 V	 5.11  
 354 E	 56.07  
 355 E	 47.45  
 356 L	 3.55  
 357 L	 6.26  
 358 V	 6.26  
 359 P	 28.75  
 360 D	 49.90  
 361 V	 4.00  
 362 V	 7.06  
 363 N	 43.50  
 364 E	 23.63  
 365 V	 5.73  
 366 Q	 17.15  
 367 M	 5.58  
 368 N	 20.14  
 369 A	 20.14  
 370 D	 68.99  
 371 G	 22.83  
 372 P	 44.23  
 373 N	 48.68  
 374 P	 22.46  
 375 W	 12.70  
 376 M	 2.05  
 377 L	 3.01  
 378 R	 17.36  
 379 S	 20.13  
 380 C	 3.23  
 381 T	 30.77  
 382 S	 47.84  
 383 D	 43.58  
 384 T	 30.47  
 385 K	 50.80  
 386 E	 45.70  
 387 A	 19.84  
 388 A	 15.77  
 389 T	 39.27  
 390 Q	 48.66  
 391 E	 71.79  
 392 D	 42.07  
 393 P	 30.40  
 394 E	 76.66  
 395 Q	 68.64  
 396 L	 3.20  
 397 P	 43.77  
 398 E	 68.76  
 399 L	 7.14  
 400 E	 36.64  
 401 A	 19.84  
 402 H	 28.01  
 403 G	 31.52  
 404 V	 4.05  
 405 S	 39.74  
 406 E	 50.86  
 407 S	 43.31  
 408 E	 67.58  
 409 G	 51.88  
 410 E	 46.94  
 411 E	 73.47  
 412 R	 27.04  
 413 P	 32.71  
 414 V	 15.22  
 415 A	 22.59  
 416 E	 57.29  
 417 E	 40.37  
 418 E	 30.37  
 419 I	 5.06  
 420 L	 4.11  
 421 L	 6.39  
 422 R	 43.01  
 423 E	 58.33  
 424 F	 10.78  
 425 E	 45.93  
 426 E	 59.73  
 427 R	 26.70  
 428 R	 43.24  
 429 S	 38.45  
 430 L	 7.69  
 431 R	 33.32  
 432 K	 66.62  
 433 R	 29.00  
 434 S	 46.02  
 435 E	 57.37  
 436 L	 6.17  
 437 S	 23.20  
 438 Q	 67.56  
 439 D	 49.91  
 440 A	 19.62  
 441 E	 43.93  
 442 P	 43.57  
 443 A	 23.06  
 444 G	 40.35  
 445 S	 27.27  
 446 Q	 62.55  
 447 E	 60.57  
 448 T	 32.30  
 449 K	 49.50  
 450 D	 66.70  
 451 S	 41.73  
 452 G	 43.41  
 453 S	 27.41  
 454 Q	 48.63  
 455 E	 47.31  
 456 V	 5.74  
 457 L	 3.03  
 458 S	 39.50  
 459 E	 36.11  
 460 L	 4.05  
 461 R	 24.23  
 462 V	 10.62  
 463 L	 3.47  
 464 S	 23.55  
 465 Q	 51.44  
 466 K	 59.14  
 467 L	 6.97  
 468 K	 64.60  
 469 E	 71.08  
 470 N	 36.59  
 471 H	 28.25  
 472 Q	 57.42  
 473 S	 33.62  
 474 R	 38.56  
 475 K	 62.49  
 476 Q	 45.50  
 477 K	 53.95  
 478 A	 18.78  
 479 S	 35.64  
 480 S	 44.92  
 481 E	 58.84  
 482 G	 30.78  
 483 T	 25.98  
 484 I	 3.10  
 485 P	 28.29  
 486 Q	 39.87  
 487 V	 4.93  
 488 Q	 41.65  
 489 R	 51.92  
 490 E	 51.76  
 491 E	 49.29  
 492 P	 48.65  
 493 A	 27.67  
 494 P	 61.31  
 495 E	 78.95  
 496 E	 67.60  
 497 E	 64.35  
 498 E	 44.52  
 499 P	 31.43  
 500 L	 9.37  
 501 L	 5.83  
 502 L	 5.52  
 503 Q	 59.87  
 504 R	 34.71  
 505 P	 22.30  
 506 E	 68.61  
 507 R	 28.64  
 508 V	 4.93  
 509 Q	 46.73  
 510 T	 33.02  
 511 L	 2.42  
 512 E	 65.02  
 513 E	 65.67  
 514 L	 4.53  
 515 E	 55.23  
 516 E	 75.37  
 517 L	 9.67  
 518 G	 38.31  
 519 K	 64.06  
 520 E	 59.19  
 521 E	 44.08  
 522 C	 4.45  
 523 F	 11.52  
 524 Q	 72.28  
 525 N	 21.37  
 526 K	 50.25  
 527 E	 72.11  
 528 L	 4.68  
 529 P	 39.35  
 530 R	 46.73  
 531 P	 32.86  
 532 V	 8.85  
 533 L	 7.30  
 534 E	 56.01  
 535 G	 27.02  
 536 Q	 33.96  
 537 Q	 59.10  
 538 S	 22.59  
 539 E	 57.12  
 540 R	 61.81  
 541 T	 26.73  
 542 P	 42.17  
 543 N	 57.43  
 544 N	 59.05  
 545 R	 36.80  
 546 P	 44.21  
 547 D	 72.73  
 548 A	 21.53  
 549 P	 53.36  
 550 K	 81.52  
 551 E	 69.88  
 552 K	 75.83  
 553 K	 70.89  
 554 K	 73.02  
 555 K	 63.16  
 556 E	 55.02  
 557 Q	 42.90  
 558 M	 2.43  
 559 I	 4.83  
 560 D	 36.54  
 561 L	 2.23  
 562 Q	 34.47  
 563 N	 44.29  
 564 L	 2.65  
 565 L	 6.80  
 566 T	 26.42  
 567 T	 27.33  
 568 Q	 48.38  
 569 S	 19.63  
 570 P	 33.07  
 571 S	 47.64  
 572 V	 5.76  
 573 K	 44.05  
 574 S	 21.29  
 575 L	 4.64  
 576 A	 16.60  
 577 V	 5.36  
 578 P	 23.27  
 579 T	 34.13  
 580 I	 2.95  
 581 E	 60.03  
 582 E	 54.32  
 583 L	 6.97  
 584 E	 67.66  
 585 D	 79.72  
 586 E	 53.00  
 587 E	 74.67  
 588 E	 57.65  
 589 R	 47.75  
 590 N	 37.66  
 591 H	 27.80  
 592 R	 31.17  
 593 Q	 30.33  
 594 M	 4.82  
 595 I	 2.49  
 596 K	 37.33  
 597 E	 37.79  
 598 A	 8.45  
 599 F	 9.06  
 600 A	 27.79  
 601 G	 25.79  
 602 D	 43.50  
 603 D	 36.50  
 604 V	 4.62  
 605 I	 4.50  
 606 R	 28.60  
 607 D	 41.95  
 608 F	 8.24  
 609 L	 9.08  
 610 K	 62.27  
 611 E	 60.54  
 612 K	 54.68  
 613 R	 37.89  
 614 E	 69.04  
 615 A	 14.42  
 616 V	 5.60  
 617 E	 55.03  
 618 A	 19.09  
 619 S	 35.66  
 620 K	 64.23  
 621 P	 35.27  
 622 K	 74.29  
 623 D	 47.92  
 624 V	 8.96  
 625 D	 44.03  
 626 L	 5.49  
 627 T	 26.83  
 628 L	 4.86  
 629 P	 31.12  
 630 G	 48.40  
 631 W	 10.29  
 632 G	 27.05  
 633 E	 36.12  
 634 W	 12.61  
 635 G	 19.33  
 636 G	 16.05  
 637 V	 7.76  
 638 G	 31.12  
 639 L	 7.38  
 640 K	 30.88  
 641 P	 44.56  
 642 S	 51.65  
 643 A	 29.89  
 644 K	 51.67  
 645 K	 51.35  
 646 R	 34.01  
 647 R	 42.45  
 648 R	 34.45  
 649 F	 8.63  
 650 L	 3.58  
 651 I	 3.08  
 652 K	 61.10  
 653 A	 10.61  
 654 P	 41.92  
 655 E	 84.73  
 656 G	 36.13  
 657 P	 24.70  
 658 P	 67.80  
 659 R	 64.04  
 660 K	 77.99  
 661 D	 46.48  
 662 K	 64.52  
 663 N	 71.51  
 664 L	 3.93  
 665 P	 42.30  
 666 N	 40.56  
 667 V	 4.37  
 668 I	 3.39  
 669 I	 4.79  
 670 N	 37.30  
 671 E	 42.88  
 672 K	 46.38  
 673 R	 40.95  
 674 N	 41.27  
 675 I	 2.44  
 676 H	 16.92  
 677 A	 11.53  
 678 A	 7.42  
 679 A	 8.40  
 680 H	 23.18  
 681 Q	 21.71  
 682 V	 3.07  
 683 R	 20.06  
 684 V	 7.11  
 685 L	 2.05  
 686 P	 31.71  
 687 Y	 13.55  
 688 P	 26.22  
 689 F	 9.30  
 690 T	 14.34  
 691 H	 22.14  
 692 H	 19.58  
 693 W	 9.28  
 694 Q	 26.43  
 695 F	 6.06  
 696 E	 33.54  
 697 R	 38.12  
 698 T	 15.39  
 699 I	 5.56  
 700 Q	 40.38  
 701 T	 17.02  
 702 P	 16.74  
 703 I	 8.48  
 704 G	 21.89  
 705 S	 30.85  
 706 T	 19.95  
 707 W	 13.94  
 708 N	 26.82  
 709 T	 15.82  
 710 Q	 31.34  
 711 R	 35.02  
 712 A	 11.04  
 713 F	 7.78  
 714 Q	 38.57  
 715 K	 41.15  
 716 L	 4.48  
 717 T	 48.35  
 718 T	 31.39  
 719 P	 23.39  
 720 K	 47.44  
 721 V	 7.52  
 722 V	 7.70  
 723 T	 34.21  
 724 K	 37.07  
 725 P	 30.17  
 726 G	 26.61  
 727 H	 26.70  
 728 I	 3.95  
 729 I	 4.10  
 730 N	 31.47  
 731 P	 21.03  
 732 I	 5.97  
 733 K	 47.16  
 734 A	 20.95  
 735 E	 48.50  
 736 D	 43.96  
 737 V	 5.66  
 738 G	 25.18  
 739 Y	 13.73  
 740 R	 24.92  
 741 S	 24.96  
 742 S	 22.29  
 743 S	 36.73  
 744 R	 35.82  
 745 S	 44.87  
 746 D	 41.68  
 747 L	 4.67  
 748 S	 23.36  
 749 V	 5.85  
 750 I	 2.60  
 751 Q	 36.62  
 752 R	 50.74  
 753 N	 30.03  
 754 P	 29.50  
 755 K	 61.04  
 756 R	 32.51  
 757 I	 6.03  
 758 T	 23.08  
 759 T	 28.53  
 760 R	 30.86  
 761 H	 39.30  
 762 K	 38.63  
 763 K	 55.53  
 764 Q	 64.42  
 765 L	 8.65  
 766 K	 49.60  
 767 K	 40.09  
 768 C	 4.60  
 769 S	 37.89  
 770 V	 16.54  
 771 D	 36.19  
