 1 M	 8.24  
 2 Q	 69.47  
 3 G	 40.93  
 4 G	 21.10  
 5 E	 49.72  
 6 P	 28.74  
 7 V	 6.91  
 8 S	 33.24  
 9 T	 22.65  
 10 M	 2.92  
 11 K	 42.57  
 12 V	 5.50  
 13 S	 29.86  
 14 E	 56.66  
 15 S	 44.11  
 16 E	 57.19  
 17 G	 49.48  
 18 K	 39.04  
 19 L	 15.26  
 20 E	 53.39  
 21 G	 32.62  
 22 Q	 26.60  
 23 A	 14.37  
 24 T	 17.48  
 25 A	 13.25  
 26 V	 8.75  
 27 T	 20.76  
 28 P	 43.10  
 29 N	 46.93  
 30 K	 60.45  
 31 N	 45.88  
 32 S	 28.72  
 33 S	 26.61  
 34 C	 6.19  
 35 G	 39.03  
 36 G	 34.29  
 37 G	 11.24  
 38 I	 4.00  
 39 S	 27.69  
 40 S	 32.11  
 41 S	 27.70  
 42 S	 33.99  
 43 S	 26.46  
 44 S	 36.57  
 45 R	 56.28  
 46 G	 36.03  
 47 G	 24.26  
 48 S	 29.63  
 49 A	 20.04  
 50 K	 63.48  
 51 G	 19.21  
 52 W	 8.01  
 53 Q	 36.20  
 54 Y	 15.01  
 55 S	 13.12  
 56 D	 39.97  
 57 H	 21.37  
 58 M	 4.87  
 59 E	 39.87  
 60 N	 25.41  
 61 V	 2.21  
 62 Y	 16.19  
 63 G	 12.57  
 64 Y	 5.97  
 65 L	 1.75  
 66 M	 2.04  
 67 K	 46.45  
 68 Y	 6.21  
 69 T	 19.29  
 70 N	 29.44  
 71 L	 2.55  
 72 V	 5.16  
 73 T	 35.55  
 74 G	 11.30  
 75 W	 5.22  
 76 Q	 22.37  
 77 Y	 11.68  
 78 R	 11.92  
 79 F	 4.17  
 80 F	 4.52  
 81 V	 5.27  
 82 L	 4.87  
 83 N	 38.71  
 84 N	 36.01  
 85 E	 42.94  
 86 A	 18.96  
 87 G	 25.31  
 88 L	 4.18  
 89 L	 4.99  
 90 E	 41.80  
 91 Y	 16.88  
 92 F	 3.29  
 93 V	 8.25  
 94 N	 31.52  
 95 E	 44.63  
 96 Q	 42.35  
 97 S	 27.33  
 98 R	 49.66  
 99 N	 60.52  
 100 Q	 56.89  
 101 K	 39.99  
 102 P	 30.12  
 103 R	 58.74  
 104 G	 39.03  
 105 T	 16.77  
 106 L	 4.35  
 107 Q	 29.16  
 108 L	 5.51  
 109 A	 7.31  
 110 G	 29.03  
 111 A	 7.00  
 112 V	 4.33  
 113 I	 5.06  
 114 S	 16.26  
 115 P	 34.37  
 116 S	 47.01  
 117 D	 68.08  
 118 E	 66.79  
 119 D	 51.19  
 120 S	 23.52  
 121 H	 37.00  
 122 T	 25.59  
 123 F	 6.34  
 124 T	 17.63  
 125 V	 3.92  
 126 N	 27.08  
 127 A	 9.92  
 128 A	 16.92  
 129 S	 40.21  
 130 G	 22.69  
 131 E	 48.52  
 132 Q	 44.16  
 133 Y	 14.00  
 134 K	 31.06  
 135 L	 3.71  
 136 R	 31.15  
 137 A	 21.92  
 138 T	 30.01  
 139 D	 55.44  
 140 A	 15.97  
 141 K	 57.13  
 142 E	 60.33  
 143 R	 32.72  
 144 Q	 35.57  
 145 H	 32.88  
 146 W	 4.97  
 147 V	 1.93  
 148 S	 23.29  
 149 R	 22.46  
 150 L	 2.91  
 151 Q	 27.83  
 152 I	 3.04  
 153 C	 1.61  
 154 T	 32.35  
 155 Q	 23.19  
 156 H	 16.22  
 157 H	 18.65  
 158 T	 25.61  
 159 E	 33.65  
 160 A	 19.59  
 161 I	 7.03  
 162 G	 33.42  
 163 K	 47.65  
 164 N	 62.11  
 165 N	 42.95  
 166 P	 45.02  
 167 P	 55.32  
 168 L	 9.20  
 169 K	 49.99  
 170 S	 40.62  
 171 R	 39.88  
 172 S	 26.69  
 173 F	 7.25  
 174 S	 25.03  
 175 L	 5.16  
 176 A	 13.23  
 177 S	 39.32  
 178 S	 28.12  
 179 S	 38.54  
 180 N	 54.47  
 181 S	 26.09  
 182 P	 34.20  
 183 I	 5.71  
 184 S	 22.48  
 185 Q	 46.23  
 186 R	 45.76  
 187 R	 27.82  
 188 P	 42.32  
 189 S	 33.97  
 190 Q	 46.16  
 191 N	 43.51  
 192 A	 7.37  
 193 I	 4.90  
 194 S	 22.75  
 195 F	 4.17  
 196 F	 6.05  
 197 N	 36.53  
 198 V	 6.53  
 199 G	 22.06  
 200 H	 19.92  
 201 S	 29.18  
 202 K	 44.89  
 203 L	 4.72  
 204 Q	 46.17  
 205 S	 45.08  
 206 L	 4.51  
 207 S	 25.91  
 208 K	 69.41  
 209 R	 26.02  
 210 T	 44.86  
 211 N	 55.36  
 212 L	 6.87  
 213 P	 34.05  
 214 P	 44.83  
 215 D	 45.90  
 216 H	 37.23  
 217 L	 4.59  
 218 V	 6.00  
 219 E	 42.07  
 220 V	 4.97  
 221 R	 16.76  
 222 E	 44.40  
 223 M	 2.04  
 224 M	 1.97  
 225 S	 20.45  
 226 H	 15.20  
 227 A	 18.46  
 228 E	 52.70  
 229 G	 29.69  
 230 Q	 27.00  
 231 Q	 52.27  
 232 R	 32.58  
 233 D	 41.95  
 234 L	 3.41  
 235 I	 3.05  
 236 R	 40.60  
 237 R	 23.28  
 238 I	 2.93  
 239 E	 28.34  
 240 C	 5.26  
 241 L	 3.17  
 242 P	 35.86  
 243 T	 34.10  
 244 S	 23.44  
 245 G	 28.38  
 246 H	 23.47  
 247 L	 4.19  
 248 S	 24.15  
 249 S	 42.18  
 250 L	 6.52  
 251 D	 41.73  
 252 Q	 48.85  
 253 D	 41.24  
 254 L	 2.23  
 255 L	 5.20  
 256 M	 4.73  
 257 L	 3.26  
 258 K	 35.34  
 259 A	 10.84  
 260 T	 19.90  
 261 S	 15.98  
 262 M	 2.90  
 263 A	 11.94  
 264 T	 10.56  
 265 M	 2.12  
 266 N	 23.83  
 267 C	 2.33  
 268 L	 5.27  
 269 N	 46.32  
 270 D	 24.42  
 271 C	 2.32  
 272 F	 4.47  
 273 H	 26.61  
 274 I	 1.00  
 275 L	 2.89  
 276 Q	 38.17  
 277 L	 3.45  
 278 Q	 19.69  
 279 H	 37.48  
 280 A	 8.85  
 281 S	 25.07  
 282 H	 33.87  
 283 Q	 49.67  
 284 K	 45.07  
 285 G	 28.04  
 286 S	 44.11  
 287 L	 5.51  
 288 P	 32.20  
 289 S	 54.81  
 290 G	 25.57  
 291 T	 29.01  
 292 T	 22.03  
 293 I	 3.43  
 294 E	 43.87  
 295 W	 11.37  
 296 L	 5.39  
 297 E	 45.69  
 298 P	 36.79  
 299 K	 35.24  
 300 I	 7.98  
 301 S	 31.69  
 302 L	 7.28  
 303 S	 18.12  
 304 N	 48.04  
 305 H	 31.41  
 306 Y	 15.48  
 307 K	 41.16  
 308 N	 43.66  
 309 G	 26.78  
 310 A	 22.97  
 311 D	 59.07  
 312 Q	 34.18  
 313 P	 22.76  
 314 F	 10.71  
 315 A	 19.56  
 316 T	 34.64  
 317 D	 47.53  
 318 Q	 49.34  
 319 S	 41.56  
 320 K	 37.57  
 321 P	 25.25  
 322 V	 10.89  
 323 A	 21.48  
 324 V	 6.62  
 325 P	 29.66  
 326 E	 63.77  
 327 E	 54.86  
 328 Q	 35.78  
 329 P	 30.48  
 330 V	 10.36  
 331 A	 16.36  
 332 E	 45.64  
 333 S	 25.63  
 334 G	 19.06  
 335 L	 4.75  
 336 L	 4.88  
 337 A	 20.87  
 338 R	 61.03  
 339 E	 52.00  
 340 P	 38.68  
 341 E	 67.75  
 342 E	 52.86  
 343 I	 4.99  
 344 N	 40.37  
 345 A	 31.15  
 346 D	 49.98  
 347 D	 57.26  
 348 E	 49.15  
 349 I	 8.15  
 350 E	 45.26  
 351 D	 59.29  
 352 T	 13.67  
 353 C	 8.80  
 354 D	 58.97  
 355 H	 37.24  
 356 K	 49.97  
 357 E	 54.03  
 358 D	 62.33  
 359 D	 48.36  
 360 L	 7.99  
 361 G	 34.27  
 362 A	 16.91  
 363 V	 8.69  
 364 E	 48.13  
 365 E	 44.70  
 366 Q	 29.46  
 367 R	 35.85  
 368 S	 17.13  
 369 V	 6.18  
 370 I	 1.80  
 371 L	 1.87  
 372 H	 17.38  
 373 L	 4.39  
 374 L	 1.82  
 375 S	 39.57  
 376 Q	 42.45  
 377 L	 4.43  
 378 K	 35.04  
 379 L	 10.51  
 380 G	 13.13  
 381 M	 5.75  
 382 D	 42.99  
 383 L	 2.15  
 384 T	 19.70  
 385 R	 24.68  
 386 V	 4.34  
 387 V	 4.83  
 388 L	 2.79  
 389 P	 17.41  
 390 T	 21.10  
 391 F	 5.91  
 392 I	 5.52  
 393 L	 5.76  
 394 E	 41.42  
 395 K	 43.79  
 396 R	 24.14  
 397 S	 48.66  
 398 L	 5.65  
 399 L	 3.61  
 400 E	 35.13  
 401 M	 3.18  
 402 Y	 8.14  
 403 A	 11.40  
 404 D	 23.46  
 405 F	 4.05  
 406 M	 3.56  
 407 S	 31.68  
 408 H	 14.22  
 409 P	 32.47  
 410 D	 49.11  
 411 L	 3.84  
 412 F	 4.65  
 413 I	 3.35  
 414 A	 8.67  
 415 I	 2.35  
 416 T	 20.69  
 417 N	 31.80  
 418 G	 18.69  
 419 A	 13.00  
 420 T	 31.79  
 421 A	 19.03  
 422 E	 41.62  
 423 D	 42.88  
 424 R	 17.59  
 425 M	 3.89  
 426 I	 3.01  
 427 R	 21.88  
 428 F	 3.20  
 429 V	 3.12  
 430 E	 26.25  
 431 Y	 9.85  
 432 Y	 7.04  
 433 L	 2.94  
 434 T	 17.15  
 435 S	 23.24  
 436 F	 5.25  
 437 H	 36.05  
 438 E	 59.70  
 439 G	 28.20  
 440 R	 31.11  
 441 K	 64.65  
 442 G	 22.36  
 443 A	 11.12  
 444 I	 8.66  
 445 A	 17.18  
 446 K	 48.44  
 447 K	 43.65  
 448 P	 33.17  
 449 Y	 42.31  
 450 N	 29.80  
 451 P	 17.46  
 452 I	 5.86  
 453 I	 4.26  
 454 G	 28.72  
 455 E	 37.58  
 456 T	 17.29  
 457 F	 4.81  
 458 H	 16.48  
 459 C	 4.54  
 460 S	 22.59  
 461 W	 13.32  
 462 K	 29.09  
 463 M	 4.03  
 464 P	 33.04  
 465 K	 56.61  
 466 S	 31.28  
 467 E	 48.51  
 468 V	 8.92  
 469 A	 7.64  
 470 S	 32.01  
 471 S	 19.90  
 472 V	 5.10  
 473 F	 6.74  
 474 S	 27.44  
 475 S	 19.49  
 476 S	 35.89  
 477 S	 27.05  
 478 T	 31.15  
 479 Q	 46.43  
 480 G	 28.45  
 481 V	 3.31  
 482 T	 28.28  
 483 N	 27.24  
 484 H	 21.25  
 485 A	 14.59  
 486 P	 21.36  
 487 L	 12.17  
 488 S	 39.18  
 489 G	 35.87  
 490 E	 38.92  
 491 S	 40.00  
 492 L	 3.19  
 493 T	 30.41  
 494 Q	 42.75  
 495 V	 7.16  
 496 G	 14.14  
 497 S	 26.17  
 498 D	 24.42  
 499 C	 3.08  
 500 Y	 17.17  
 501 T	 16.13  
 502 V	 1.48  
 503 R	 16.72  
 504 F	 5.47  
 505 V	 3.92  
 506 A	 9.97  
 507 E	 46.33  
 508 Q	 32.07  
 509 V	 4.41  
 510 S	 18.77  
 511 H	 38.32  
 512 H	 22.35  
 513 P	 26.09  
 514 P	 28.66  
 515 V	 11.71  
 516 S	 29.03  
 517 G	 21.59  
 518 F	 3.99  
 519 Y	 12.67  
 520 A	 11.79  
 521 E	 30.50  
 522 C	 3.49  
 523 T	 30.26  
 524 E	 63.06  
 525 R	 17.54  
 526 K	 30.35  
 527 M	 3.75  
 528 C	 2.09  
 529 V	 6.75  
 530 N	 21.28  
 531 A	 4.35  
 532 H	 15.50  
 533 V	 6.88  
 534 W	 6.56  
 535 T	 25.09  
 536 K	 35.62  
 537 S	 22.67  
 538 K	 46.28  
 539 F	 10.34  
 540 L	 6.90  
 541 G	 15.78  
 542 M	 2.61  
 543 S	 17.88  
 544 I	 3.69  
 545 G	 11.09  
 546 V	 2.73  
 547 T	 10.83  
 548 M	 3.20  
 549 V	 4.63  
 550 G	 19.32  
 551 E	 31.48  
 552 G	 21.87  
 553 I	 1.74  
 554 L	 4.31  
 555 S	 29.05  
 556 L	 6.12  
 557 L	 4.03  
 558 E	 55.96  
 559 H	 49.27  
 560 G	 21.76  
 561 E	 50.14  
 562 E	 55.24  
 563 Y	 14.58  
 564 T	 15.27  
 565 F	 7.46  
 566 S	 24.49  
 567 L	 3.36  
 568 P	 10.25  
 569 C	 5.69  
 570 A	 10.09  
 571 Y	 14.84  
 572 A	 4.72  
 573 R	 16.14  
 574 S	 17.49  
 575 I	 2.89  
 576 L	 4.10  
 577 T	 23.89  
 578 V	 2.93  
 579 P	 24.94  
 580 W	 7.59  
 581 V	 3.40  
 582 E	 37.52  
 583 L	 8.74  
 584 G	 21.99  
 585 G	 39.55  
 586 K	 29.54  
 587 V	 9.75  
 588 S	 15.88  
 589 V	 8.37  
 590 N	 16.72  
 591 C	 3.73  
 592 A	 13.77  
 593 K	 44.69  
 594 T	 23.87  
 595 G	 17.43  
 596 Y	 13.29  
 597 S	 19.51  
 598 A	 9.11  
 599 S	 19.07  
 600 I	 4.82  
 601 T	 13.58  
 602 F	 7.02  
 603 H	 25.08  
 604 T	 35.90  
 605 K	 25.26  
 606 P	 28.93  
 607 F	 10.63  
 608 Y	 33.23  
 609 G	 27.43  
 610 G	 20.26  
 611 K	 36.44  
 612 L	 3.36  
 613 H	 26.17  
 614 R	 37.61  
 615 V	 4.07  
 616 T	 19.63  
 617 A	 19.41  
 618 E	 42.61  
 619 V	 7.68  
 620 K	 23.57  
 621 H	 35.78  
 622 N	 36.74  
 623 I	 2.92  
 624 T	 30.10  
 625 N	 27.38  
 626 T	 12.98  
 627 V	 4.08  
 628 V	 1.30  
 629 C	 2.83  
 630 R	 16.51  
 631 V	 7.88  
 632 Q	 25.41  
 633 G	 38.74  
 634 E	 26.79  
 635 W	 14.82  
 636 N	 20.24  
 637 S	 29.20  
 638 V	 5.54  
 639 L	 4.49  
 640 E	 33.51  
 641 F	 7.31  
 642 T	 19.37  
 643 Y	 12.88  
 644 S	 34.99  
 645 N	 41.74  
 646 G	 37.70  
 647 E	 46.51  
 648 T	 29.13  
 649 K	 38.69  
 650 Y	 13.45  
 651 V	 5.32  
 652 D	 45.60  
 653 L	 3.03  
 654 T	 21.39  
 655 K	 41.57  
 656 L	 3.79  
 657 A	 14.43  
 658 V	 13.45  
 659 T	 25.82  
 660 K	 31.80  
 661 K	 46.92  
 662 R	 31.10  
 663 V	 11.53  
 664 R	 33.83  
 665 P	 41.85  
 666 L	 10.08  
 667 E	 51.89  
 668 K	 68.62  
 669 Q	 54.99  
 670 D	 62.01  
 671 P	 32.20  
 672 F	 20.96  
 673 E	 49.04  
 674 S	 24.07  
 675 R	 30.43  
 676 R	 54.93  
 677 L	 8.09  
 678 W	 6.59  
 679 K	 46.24  
 680 N	 30.27  
 681 V	 5.81  
 682 T	 29.30  
 683 D	 41.20  
 684 S	 21.69  
 685 L	 8.62  
 686 R	 49.71  
 687 E	 59.00  
 688 S	 33.16  
 689 E	 50.91  
 690 I	 10.29  
 691 D	 30.41  
 692 K	 63.97  
 693 A	 17.93  
 694 T	 44.34  
 695 E	 56.66  
 696 H	 23.89  
 697 K	 31.86  
 698 H	 37.28  
 699 T	 40.44  
 700 L	 6.86  
 701 E	 52.90  
 702 E	 58.17  
 703 R	 23.16  
 704 Q	 60.99  
 705 R	 50.77  
 706 T	 33.58  
 707 E	 56.04  
 708 E	 53.85  
 709 R	 20.53  
 710 H	 44.27  
 711 R	 40.24  
 712 T	 31.60  
 713 E	 45.24  
 714 T	 45.82  
 715 G	 24.45  
 716 T	 33.14  
 717 P	 31.73  
 718 W	 22.31  
 719 K	 36.02  
 720 T	 27.40  
 721 K	 34.14  
 722 Y	 18.77  
 723 F	 7.39  
 724 I	 3.44  
 725 K	 45.83  
 726 E	 58.67  
 727 G	 33.46  
 728 D	 49.20  
 729 G	 26.97  
 730 W	 7.70  
 731 V	 4.36  
 732 Y	 9.53  
 733 H	 18.68  
 734 K	 24.90  
 735 P	 30.09  
 736 L	 9.67  
 737 W	 9.79  
 738 K	 38.14  
 739 I	 2.85  
 740 I	 1.89  
 741 P	 32.63  
 742 T	 27.88  
 743 T	 27.48  
 744 Q	 37.37  
 745 P	 35.94  
 746 A	 25.88  
 747 E	 68.77  
