 1 M	 6.37  
 2 S	 28.97  
 3 S	 23.99  
 4 M	 3.42  
 5 W	 7.03  
 6 S	 16.45  
 7 E	 31.05  
 8 Y	 9.72  
 9 T	 14.75  
 10 I	 4.41  
 11 G	 27.35  
 12 G	 17.44  
 13 V	 2.62  
 14 K	 34.66  
 15 I	 3.89  
 16 Y	 7.87  
 17 F	 6.41  
 18 P	 16.85  
 19 Y	 9.80  
 20 K	 41.50  
 21 A	 18.67  
 22 Y	 10.16  
 23 P	 22.06  
 24 S	 25.75  
 25 Q	 28.83  
 26 L	 3.75  
 27 A	 6.37  
 28 M	 3.38  
 29 M	 2.71  
 30 N	 16.89  
 31 S	 12.71  
 32 I	 2.30  
 33 L	 3.40  
 34 R	 45.97  
 35 G	 26.26  
 36 L	 5.45  
 37 N	 50.41  
 38 S	 38.44  
 39 K	 42.88  
 40 Q	 32.14  
 41 H	 14.13  
 42 C	 4.26  
 43 L	 5.81  
 44 L	 8.14  
 45 E	 41.55  
 46 S	 27.94  
 47 P	 31.25  
 48 T	 53.94  
 49 G	 37.47  
 50 S	 45.59  
 51 G	 25.56  
 52 K	 43.95  
 53 S	 23.54  
 54 L	 4.42  
 55 A	 12.94  
 56 L	 6.34  
 57 L	 1.48  
 58 C	 2.02  
 59 S	 26.70  
 60 A	 10.58  
 61 L	 2.60  
 62 A	 11.18  
 63 W	 9.52  
 64 Q	 19.85  
 65 Q	 35.32  
 66 S	 14.92  
 67 L	 7.32  
 68 S	 50.44  
 69 G	 45.30  
 70 K	 33.39  
 71 P	 48.76  
 72 A	 30.85  
 73 D	 62.81  
 74 E	 64.70  
 75 G	 28.88  
 76 V	 6.68  
 77 S	 44.21  
 78 E	 54.61  
 79 K	 42.20  
 80 A	 20.38  
 81 E	 41.69  
 82 V	 9.19  
 83 Q	 21.11  
 84 L	 5.23  
 85 S	 6.50  
 86 C	 2.76  
 87 C	 1.16  
 88 C	 5.47  
 89 A	 4.71  
 90 C	 2.02  
 91 H	 21.25  
 92 S	 33.53  
 93 K	 32.94  
 94 D	 59.63  
 95 F	 10.15  
 96 T	 43.15  
 97 N	 42.36  
 98 N	 47.02  
 99 D	 39.21  
 100 M	 4.36  
 101 N	 39.74  
 102 Q	 50.32  
 103 G	 22.21  
 104 T	 16.90  
 105 S	 30.49  
 106 R	 37.95  
 107 H	 18.31  
 108 F	 10.22  
 109 N	 41.50  
 110 Y	 9.52  
 111 P	 32.60  
 112 S	 43.09  
 113 T	 34.41  
 114 P	 34.45  
 115 P	 49.24  
 116 S	 50.85  
 117 E	 56.81  
 118 R	 51.74  
 119 N	 54.78  
 120 G	 32.94  
 121 T	 24.05  
 122 S	 25.66  
 123 S	 32.80  
 124 T	 17.60  
 125 C	 4.58  
 126 Q	 55.06  
 127 D	 69.20  
 128 S	 14.74  
 129 P	 56.23  
 130 E	 67.97  
 131 K	 50.63  
 132 T	 25.94  
 133 T	 26.01  
 134 L	 5.44  
 135 A	 10.64  
 136 A	 19.21  
 137 K	 37.05  
 138 L	 5.30  
 139 S	 37.02  
 140 A	 33.24  
 141 K	 41.88  
 142 K	 51.30  
 143 Q	 39.37  
 144 A	 13.53  
 145 S	 20.05  
 146 I	 3.52  
 147 Y	 14.98  
 148 R	 43.00  
 149 D	 41.92  
 150 E	 54.27  
 151 N	 59.44  
 152 D	 56.93  
 153 D	 47.67  
 154 F	 11.06  
 155 Q	 49.83  
 156 V	 13.54  
 157 E	 41.92  
 158 K	 48.79  
 159 K	 39.28  
 160 R	 41.01  
 161 I	 7.95  
 162 R	 33.51  
 163 P	 31.98  
 164 L	 7.02  
 165 E	 53.11  
 166 T	 37.27  
 167 T	 14.76  
 168 Q	 44.09  
 169 Q	 35.05  
 170 I	 3.94  
 171 R	 26.14  
 172 K	 48.39  
 173 R	 23.20  
 174 H	 17.81  
 175 C	 3.80  
 176 F	 12.70  
 177 G	 26.76  
 178 T	 18.00  
 179 E	 42.00  
 180 V	 3.49  
 181 H	 23.93  
 182 N	 44.80  
 183 L	 4.01  
 184 D	 50.05  
 185 A	 19.55  
 186 K	 46.36  
 187 V	 8.31  
 188 D	 51.47  
 189 S	 45.22  
 190 G	 25.78  
 191 K	 54.84  
 192 T	 26.80  
 193 V	 8.27  
 194 K	 47.37  
 195 L	 7.15  
 196 N	 35.54  
 197 S	 41.10  
 198 P	 43.39  
 199 L	 11.98  
 200 E	 56.10  
 201 K	 55.67  
 202 I	 3.69  
 203 N	 48.33  
 204 S	 30.49  
 205 F	 12.19  
 206 S	 26.66  
 207 P	 44.17  
 208 Q	 70.46  
 209 K	 57.47  
 210 P	 34.55  
 211 P	 52.80  
 212 G	 42.85  
 213 H	 16.50  
 214 C	 3.21  
 215 S	 23.76  
 216 R	 23.92  
 217 C	 1.25  
 218 C	 1.67  
 219 C	 7.10  
 220 S	 25.40  
 221 T	 17.30  
 222 K	 39.66  
 223 Q	 57.28  
 224 G	 36.99  
 225 N	 37.72  
 226 S	 41.99  
 227 Q	 59.60  
 228 E	 56.82  
 229 S	 22.66  
 230 S	 36.92  
 231 N	 55.92  
 232 T	 35.80  
 233 I	 6.46  
 234 K	 50.54  
 235 K	 51.39  
 236 D	 39.31  
 237 H	 45.45  
 238 T	 57.34  
 239 G	 28.90  
 240 K	 50.13  
 241 S	 36.84  
 242 K	 67.52  
 243 I	 5.61  
 244 P	 22.26  
 245 K	 54.21  
 246 I	 2.64  
 247 Y	 11.33  
 248 F	 10.30  
 249 G	 9.41  
 250 T	 23.61  
 251 R	 34.90  
 252 T	 33.01  
 253 H	 19.41  
 254 K	 42.67  
 255 Q	 28.75  
 256 I	 3.48  
 257 A	 7.70  
 258 Q	 38.93  
 259 I	 2.64  
 260 T	 13.15  
 261 R	 42.45  
 262 E	 37.67  
 263 L	 3.96  
 264 R	 29.20  
 265 R	 36.01  
 266 T	 24.42  
 267 A	 8.49  
 268 Y	 12.82  
 269 S	 30.74  
 270 G	 18.18  
 271 V	 2.11  
 272 P	 20.09  
 273 M	 3.19  
 274 T	 16.82  
 275 I	 2.60  
 276 L	 2.53  
 277 S	 21.34  
 278 S	 37.98  
 279 R	 36.03  
 280 D	 43.31  
 281 H	 21.76  
 282 T	 22.10  
 283 C	 2.07  
 284 V	 9.92  
 285 H	 18.23  
 286 P	 18.71  
 287 E	 34.65  
 288 V	 8.66  
 289 V	 5.03  
 290 G	 37.88  
 291 N	 21.29  
 292 F	 8.16  
 293 N	 50.28  
 294 R	 48.85  
 295 N	 54.93  
 296 E	 44.38  
 297 K	 42.29  
 298 C	 1.77  
 299 M	 6.35  
 300 E	 56.50  
 301 L	 1.79  
 302 L	 5.34  
 303 D	 77.85  
 304 G	 25.87  
 305 K	 63.29  
 306 N	 69.52  
 307 G	 27.09  
 308 K	 46.90  
 309 S	 18.56  
 310 C	 2.87  
 311 Y	 17.79  
 312 F	 4.21  
 313 Y	 3.24  
 314 H	 23.15  
 315 G	 16.31  
 316 V	 2.37  
 317 H	 26.73  
 318 K	 41.31  
 319 I	 3.11  
 320 S	 35.70  
 321 D	 47.99  
 322 Q	 25.36  
 323 H	 33.27  
 324 T	 18.22  
 325 L	 4.19  
 326 Q	 41.23  
 327 T	 22.49  
 328 F	 3.69  
 329 Q	 41.94  
 330 G	 21.18  
 331 M	 1.15  
 332 C	 3.30  
 333 K	 43.55  
 334 A	 12.30  
 335 W	 7.81  
 336 D	 43.19  
 337 I	 2.86  
 338 E	 42.69  
 339 E	 55.60  
 340 L	 1.74  
 341 V	 5.13  
 342 S	 43.99  
 343 L	 10.19  
 344 G	 19.97  
 345 K	 61.29  
 346 K	 54.12  
 347 L	 4.91  
 348 K	 57.74  
 349 A	 15.23  
 350 C	 1.81  
 351 P	 29.99  
 352 Y	 17.21  
 353 Y	 4.50  
 354 T	 17.25  
 355 A	 6.19  
 356 R	 31.30  
 357 E	 48.00  
 358 L	 3.38  
 359 I	 2.74  
 360 Q	 53.08  
 361 D	 38.93  
 362 A	 8.10  
 363 D	 42.69  
 364 I	 2.52  
 365 I	 2.75  
 366 F	 3.33  
 367 C	 2.17  
 368 P	 15.06  
 369 Y	 20.02  
 370 N	 13.20  
 371 Y	 11.64  
 372 L	 2.88  
 373 L	 3.46  
 374 D	 33.56  
 375 A	 13.48  
 376 Q	 34.63  
 377 I	 5.90  
 378 R	 20.18  
 379 E	 52.63  
 380 S	 14.03  
 381 M	 6.10  
 382 D	 41.50  
 383 L	 6.39  
 384 N	 44.81  
 385 L	 9.32  
 386 K	 45.06  
 387 E	 52.34  
 388 Q	 32.94  
 389 V	 2.79  
 390 V	 3.43  
 391 I	 4.16  
 392 L	 3.08  
 393 D	 39.65  
 394 E	 48.67  
 395 A	 10.74  
 396 H	 33.48  
 397 N	 46.52  
 398 I	 3.20  
 399 E	 52.97  
 400 D	 27.81  
 401 C	 2.20  
 402 A	 30.51  
 403 R	 44.74  
 404 E	 31.93  
 405 S	 19.57  
 406 A	 14.03  
 407 S	 27.50  
 408 Y	 13.58  
 409 S	 21.77  
 410 V	 3.93  
 411 T	 25.21  
 412 E	 26.55  
 413 V	 4.79  
 414 Q	 22.23  
 415 L	 6.17  
 416 R	 13.19  
 417 F	 9.94  
 418 A	 16.16  
 419 R	 34.91  
 420 D	 58.33  
 421 E	 49.26  
 422 L	 7.47  
 423 D	 32.41  
 424 S	 36.94  
 425 M	 3.59  
 426 V	 8.86  
 427 N	 27.47  
 428 N	 33.62  
 429 N	 30.18  
 430 I	 8.10  
 431 R	 41.94  
 432 K	 59.77  
 433 K	 55.24  
 434 D	 55.18  
 435 H	 47.67  
 436 E	 57.05  
 437 P	 24.59  
 438 L	 5.10  
 439 R	 35.37  
 440 A	 13.34  
 441 V	 2.46  
 442 C	 0.96  
 443 C	 2.74  
 444 S	 27.45  
 445 L	 1.88  
 446 I	 1.68  
 447 N	 42.44  
 448 W	 6.65  
 449 L	 3.73  
 450 E	 31.34  
 451 A	 20.54  
 452 N	 24.75  
 453 A	 17.54  
 454 E	 38.93  
 455 Y	 17.40  
 456 L	 2.13  
 457 V	 5.77  
 458 E	 36.92  
 459 R	 44.31  
 460 D	 37.74  
 461 Y	 20.29  
 462 E	 35.83  
 463 S	 32.51  
 464 A	 6.15  
 465 C	 4.59  
 466 K	 47.10  
 467 I	 3.39  
 468 W	 5.91  
 469 S	 34.90  
 470 G	 21.08  
 471 N	 26.45  
 472 E	 34.43  
 473 M	 4.27  
 474 L	 2.42  
 475 L	 4.64  
 476 T	 23.90  
 477 L	 3.54  
 478 H	 16.90  
 479 K	 41.77  
 480 M	 3.06  
 481 G	 20.92  
 482 I	 2.50  
 483 T	 12.49  
 484 T	 23.06  
 485 A	 9.90  
 486 T	 28.05  
 487 F	 3.08  
 488 P	 23.25  
 489 I	 3.81  
 490 L	 5.20  
 491 Q	 43.99  
 492 G	 21.99  
 493 H	 10.67  
 494 F	 6.84  
 495 S	 16.28  
 496 A	 12.70  
 497 V	 5.88  
 498 L	 6.35  
 499 Q	 44.51  
 500 K	 64.77  
 501 E	 52.11  
 502 E	 63.83  
 503 K	 49.96  
 504 I	 7.19  
 505 S	 19.13  
 506 P	 27.56  
 507 I	 5.90  
 508 Y	 26.06  
 509 G	 31.45  
 510 K	 35.10  
 511 E	 53.15  
 512 E	 57.42  
 513 A	 17.64  
 514 R	 49.04  
 515 E	 59.21  
 516 V	 3.70  
 517 P	 16.99  
 518 V	 6.97  
 519 I	 2.03  
 520 S	 19.19  
 521 A	 12.89  
 522 S	 17.66  
 523 T	 23.10  
 524 Q	 19.32  
 525 I	 3.37  
 526 M	 1.97  
 527 L	 4.20  
 528 K	 35.87  
 529 G	 21.86  
 530 L	 2.09  
 531 F	 4.30  
 532 M	 3.35  
 533 V	 2.63  
 534 L	 2.11  
 535 D	 27.03  
 536 Y	 11.99  
 537 L	 2.59  
 538 F	 6.51  
 539 R	 31.98  
 540 Q	 44.94  
 541 N	 30.78  
 542 S	 22.04  
 543 R	 38.02  
 544 F	 9.80  
 545 A	 13.98  
 546 D	 57.99  
 547 D	 43.10  
 548 Y	 12.58  
 549 K	 32.43  
 550 I	 3.12  
 551 A	 6.87  
 552 I	 3.38  
 553 Q	 22.12  
 554 Q	 35.97  
 555 T	 11.80  
 556 Y	 9.62  
 557 S	 30.71  
 558 W	 6.75  
 559 T	 16.00  
 560 N	 30.47  
 561 Q	 27.62  
 562 I	 5.72  
 563 D	 25.28  
 564 I	 6.49  
 565 S	 38.49  
 566 D	 49.09  
 567 K	 46.23  
 568 N	 51.87  
 569 G	 26.57  
 570 L	 4.12  
 571 L	 3.84  
 572 V	 11.77  
 573 L	 5.15  
 574 P	 30.60  
 575 K	 76.78  
 576 N	 53.81  
 577 K	 56.54  
 578 K	 66.07  
 579 R	 38.39  
 580 S	 48.20  
 581 R	 46.15  
 582 Q	 49.01  
 583 K	 37.02  
 584 T	 26.10  
 585 A	 9.10  
 586 V	 3.77  
 587 H	 18.84  
 588 V	 3.62  
 589 L	 2.36  
 590 N	 27.55  
 591 F	 4.22  
 592 W	 5.66  
 593 C	 2.00  
 594 L	 6.66  
 595 N	 21.24  
 596 P	 18.37  
 597 A	 12.28  
 598 V	 6.11  
 599 A	 10.59  
 600 F	 5.61  
 601 S	 28.04  
 602 D	 31.73  
 603 I	 7.68  
 604 N	 49.58  
 605 G	 31.67  
 606 K	 27.04  
 607 V	 6.86  
 608 Q	 29.06  
 609 T	 18.95  
 610 I	 1.02  
 611 V	 5.61  
 612 L	 2.52  
 613 T	 17.76  
 614 S	 26.14  
 615 G	 25.99  
 616 T	 24.67  
 617 L	 6.54  
 618 S	 23.84  
 619 P	 37.02  
 620 M	 5.22  
 621 K	 52.30  
 622 S	 24.90  
 623 F	 8.53  
 624 S	 29.96  
 625 S	 34.53  
 626 E	 48.63  
 627 L	 7.85  
 628 G	 16.62  
 629 V	 6.59  
 630 T	 17.17  
 631 F	 5.42  
 632 T	 9.84  
 633 I	 3.72  
 634 Q	 30.14  
 635 L	 6.24  
 636 E	 30.93  
 637 A	 22.84  
 638 N	 19.95  
 639 H	 30.14  
 640 I	 4.87  
 641 I	 2.41  
 642 K	 50.36  
 643 N	 27.54  
 644 S	 22.55  
 645 Q	 42.35  
 646 V	 4.48  
 647 W	 3.83  
 648 V	 5.21  
 649 G	 8.90  
 650 T	 16.73  
 651 I	 3.21  
 652 G	 26.79  
 653 S	 48.33  
 654 G	 23.79  
 655 P	 37.31  
 656 K	 74.22  
 657 G	 27.17  
 658 R	 38.79  
 659 N	 48.41  
 660 L	 1.71  
 661 C	 3.70  
 662 A	 18.02  
 663 T	 25.43  
 664 F	 2.54  
 665 Q	 52.13  
 666 N	 35.37  
 667 T	 26.14  
 668 E	 60.08  
 669 T	 26.82  
 670 F	 7.83  
 671 E	 50.22  
 672 F	 10.95  
 673 Q	 38.46  
 674 D	 58.85  
 675 E	 31.87  
 676 V	 7.96  
 677 G	 14.41  
 678 A	 10.54  
 679 L	 3.98  
 680 L	 3.12  
 681 L	 3.61  
 682 S	 22.33  
 683 V	 2.57  
 684 C	 2.23  
 685 Q	 42.66  
 686 T	 19.59  
 687 V	 1.33  
 688 S	 26.52  
 689 Q	 38.31  
 690 G	 13.82  
 691 I	 2.04  
 692 L	 1.85  
 693 C	 2.88  
 694 F	 11.44  
 695 L	 2.41  
 696 P	 18.50  
 697 S	 36.73  
 698 Y	 12.06  
 699 K	 51.43  
 700 L	 5.92  
 701 L	 4.82  
 702 E	 67.77  
 703 K	 65.90  
 704 L	 5.20  
 705 K	 57.19  
 706 E	 60.57  
 707 R	 37.74  
 708 W	 8.85  
 709 L	 4.04  
 710 S	 17.30  
 711 T	 33.84  
 712 G	 24.32  
 713 L	 4.21  
 714 W	 4.62  
 715 H	 33.76  
 716 N	 24.51  
 717 L	 3.30  
 718 E	 57.76  
 719 L	 5.58  
 720 V	 3.40  
 721 K	 50.10  
 722 T	 14.16  
 723 V	 3.70  
 724 I	 3.34  
 725 V	 8.36  
 726 E	 22.30  
 727 P	 27.50  
 728 Q	 60.04  
 729 G	 57.87  
 730 G	 28.16  
 731 E	 64.63  
 732 K	 52.63  
 733 T	 36.49  
 734 N	 54.14  
 735 F	 10.52  
 736 D	 47.94  
 737 E	 47.44  
 738 L	 4.34  
 739 L	 2.81  
 740 Q	 33.52  
 741 V	 4.89  
 742 Y	 5.22  
 743 Y	 10.47  
 744 D	 24.91  
 745 A	 5.53  
 746 I	 4.59  
 747 K	 42.50  
 748 Y	 20.36  
 749 K	 56.44  
 750 G	 44.06  
 751 E	 43.77  
 752 K	 70.86  
 753 D	 43.21  
 754 G	 29.23  
 755 A	 14.09  
 756 L	 4.90  
 757 L	 2.00  
 758 V	 3.79  
 759 A	 8.48  
 760 V	 1.46  
 761 C	 3.24  
 762 R	 41.17  
 763 G	 29.59  
 764 K	 24.20  
 765 V	 7.58  
 766 S	 29.45  
 767 E	 67.76  
 768 G	 24.04  
 769 L	 5.43  
 770 D	 52.43  
 771 F	 11.81  
 772 S	 43.66  
 773 D	 53.85  
 774 D	 49.87  
 775 N	 35.99  
 776 A	 14.06  
 777 R	 35.32  
 778 A	 8.48  
 779 V	 3.10  
 780 I	 1.96  
 781 T	 13.42  
 782 I	 3.02  
 783 G	 16.93  
 784 I	 2.55  
 785 P	 33.17  
 786 F	 6.94  
 787 P	 39.07  
 788 N	 54.58  
 789 V	 5.34  
 790 K	 60.40  
 791 D	 37.74  
 792 L	 5.21  
 793 Q	 36.45  
 794 V	 13.96  
 795 E	 35.30  
 796 L	 6.10  
 797 K	 24.77  
 798 R	 57.76  
 799 Q	 39.53  
 800 Y	 26.96  
 801 N	 33.53  
 802 D	 35.62  
 803 H	 24.39  
 804 H	 29.50  
 805 S	 29.93  
 806 K	 37.53  
 807 L	 6.18  
 808 R	 37.13  
 809 G	 41.84  
 810 L	 4.16  
 811 L	 4.75  
 812 P	 40.75  
 813 G	 34.09  
 814 R	 23.17  
 815 Q	 53.68  
 816 W	 7.43  
 817 Y	 8.53  
 818 E	 26.18  
 819 I	 1.34  
 820 Q	 22.02  
 821 A	 11.05  
 822 Y	 4.69  
 823 R	 35.30  
 824 A	 9.74  
 825 L	 3.45  
 826 N	 24.88  
 827 Q	 38.52  
 828 A	 15.77  
 829 L	 2.99  
 830 G	 25.98  
 831 R	 17.34  
 832 C	 2.81  
 833 I	 3.91  
 834 R	 26.75  
 835 H	 17.00  
 836 R	 32.71  
 837 N	 43.17  
 838 D	 45.18  
 839 W	 9.48  
 840 G	 17.23  
 841 A	 6.28  
 842 L	 2.47  
 843 I	 3.32  
 844 L	 3.43  
 845 V	 5.96  
 846 D	 37.61  
 847 D	 44.10  
 848 R	 28.14  
 849 F	 14.60  
 850 R	 42.80  
 851 N	 63.15  
 852 N	 31.50  
 853 P	 24.59  
 854 S	 39.58  
 855 R	 33.78  
 856 Y	 12.08  
 857 I	 2.27  
 858 S	 25.42  
 859 G	 25.14  
 860 L	 3.67  
 861 S	 28.18  
 862 K	 55.54  
 863 W	 6.27  
 864 V	 4.56  
 865 R	 22.90  
 866 Q	 34.80  
 867 Q	 27.09  
 868 I	 2.97  
 869 Q	 24.73  
 870 H	 20.63  
 871 H	 16.50  
 872 S	 32.44  
 873 T	 27.37  
 874 F	 8.60  
 875 E	 34.88  
 876 S	 33.68  
 877 A	 14.25  
 878 L	 6.81  
 879 E	 43.34  
 880 S	 33.46  
 881 L	 3.75  
 882 A	 25.68  
 883 E	 56.60  
 884 F	 12.33  
 885 S	 32.09  
 886 K	 60.64  
 887 K	 50.50  
 888 H	 36.11  
 889 Q	 46.57  
 890 K	 48.70  
 891 V	 3.65  
 892 L	 7.25  
 893 N	 28.60  
 894 V	 5.68  
 895 S	 23.89  
 896 I	 4.72  
 897 K	 33.38  
 898 D	 62.05  
 899 R	 25.35  
 900 T	 46.97  
 901 N	 30.71  
 902 I	 5.56  
 903 Q	 49.93  
 904 D	 58.00  
 905 N	 28.83  
 906 E	 54.08  
 907 S	 44.54  
 908 T	 22.28  
 909 L	 7.49  
 910 E	 43.78  
 911 V	 5.05  
 912 T	 20.97  
 913 S	 28.21  
 914 L	 4.39  
 915 K	 36.60  
 916 Y	 24.07  
 917 S	 32.61  
 918 T	 25.78  
 919 P	 15.03  
 920 P	 32.27  
 921 Y	 25.73  
 922 L	 4.26  
 923 L	 3.29  
 924 E	 39.33  
 925 A	 17.77  
 926 A	 6.52  
 927 S	 31.82  
 928 H	 26.12  
 929 L	 9.41  
 930 S	 25.41  
 931 P	 47.08  
 932 E	 60.98  
 933 N	 50.04  
 934 F	 6.41  
 935 V	 15.90  
 936 E	 46.10  
 937 D	 56.71  
 938 E	 38.05  
 939 A	 20.88  
 940 K	 34.29  
 941 I	 3.42  
 942 C	 2.26  
 943 V	 5.88  
 944 Q	 41.07  
 945 E	 22.02  
 946 L	 3.38  
 947 Q	 40.49  
 948 C	 6.07  
 949 P	 20.23  
 950 K	 55.13  
 951 I	 2.67  
 952 I	 5.83  
 953 T	 27.87  
 954 K	 45.05  
 955 N	 39.96  
 956 S	 29.39  
 957 P	 58.65  
 958 L	 6.88  
 959 P	 29.43  
 960 S	 41.68  
 961 S	 23.23  
 962 I	 3.78  
 963 I	 3.35  
 964 S	 35.31  
 965 R	 40.52  
 966 K	 67.27  
 967 E	 56.85  
 968 K	 70.46  
 969 N	 60.97  
 970 D	 52.38  
 971 P	 28.31  
 972 V	 10.76  
 973 F	 9.64  
 974 L	 6.22  
 975 E	 34.04  
 976 E	 65.94  
 977 A	 18.53  
 978 G	 32.74  
 979 K	 61.49  
 980 A	 23.54  
 981 E	 46.96  
 982 K	 47.32  
 983 I	 2.21  
 984 V	 4.88  
 985 I	 3.01  
 986 S	 14.86  
 987 R	 32.60  
 988 S	 26.84  
 989 T	 37.30  
 990 S	 24.16  
 991 P	 40.89  
 992 T	 39.34  
 993 F	 14.10  
 994 N	 37.69  
 995 K	 55.97  
 996 Q	 54.05  
 997 T	 23.56  
 998 K	 48.59  
 999 R	 30.96  
 1000 V	 7.98  
 1001 S	 25.85  
 1002 W	 8.64  
 1003 S	 19.97  
 1004 S	 23.37  
 1005 F	 6.33  
 1006 N	 37.97  
 1007 S	 31.69  
 1008 L	 5.34  
 1009 G	 21.69  
 1010 Q	 35.14  
 1011 Y	 10.99  
 1012 F	 5.81  
 1013 T	 32.41  
 1014 G	 18.92  
 1015 K	 53.42  
 1016 I	 4.47  
 1017 P	 24.58  
 1018 K	 69.25  
 1019 A	 24.04  
 1020 T	 24.34  
 1021 P	 39.41  
 1022 E	 62.50  
 1023 L	 9.44  
 1024 G	 27.71  
 1025 S	 47.29  
 1026 S	 38.71  
 1027 E	 57.83  
 1028 N	 44.84  
 1029 S	 26.02  
 1030 A	 26.13  
 1031 S	 43.10  
 1032 S	 38.34  
 1033 P	 22.91  
 1034 P	 57.18  
 1035 R	 49.42  
 1036 F	 16.51  
 1037 K	 57.99  
 1038 T	 37.82  
 1039 E	 51.50  
 1040 K	 53.88  
 1041 M	 5.98  
 1042 E	 61.22  
 1043 S	 30.08  
 1044 K	 29.37  
 1045 T	 36.23  
 1046 V	 8.00  
 1047 L	 3.32  
 1048 P	 26.25  
 1049 F	 13.93  
 1050 T	 32.39  
 1051 D	 54.72  
 1052 K	 36.52  
 1053 C	 7.35  
 1054 E	 64.04  
 1055 S	 33.71  
 1056 S	 17.36  
 1057 N	 49.35  
 1058 L	 6.46  
 1059 T	 18.89  
 1060 V	 9.19  
 1061 N	 25.44  
 1062 T	 22.54  
 1063 S	 23.54  
 1064 F	 8.64  
 1065 G	 28.27  
 1066 S	 22.18  
 1067 C	 3.48  
 1068 P	 42.29  
 1069 Q	 59.22  
 1070 S	 23.11  
 1071 E	 38.49  
 1072 T	 28.94  
 1073 I	 2.23  
 1074 I	 2.74  
 1075 S	 26.26  
 1076 S	 24.23  
 1077 L	 4.50  
 1078 K	 40.25  
 1079 I	 5.44  
 1080 D	 31.73  
 1081 A	 14.16  
 1082 T	 25.55  
 1083 L	 4.71  
 1084 T	 34.93  
 1085 R	 40.67  
 1086 K	 54.50  
 1087 N	 40.40  
 1088 H	 37.28  
 1089 S	 47.17  
 1090 E	 41.81  
 1091 H	 24.52  
 1092 P	 30.89  
 1093 L	 5.60  
 1094 C	 5.92  
 1095 S	 46.27  
 1096 E	 46.41  
 1097 E	 37.93  
 1098 A	 17.14  
 1099 L	 12.73  
 1100 D	 45.96  
 1101 P	 45.38  
 1102 D	 46.81  
 1103 I	 7.55  
 1104 E	 39.42  
 1105 L	 4.98  
 1106 S	 17.59  
 1107 L	 8.42  
 1108 V	 6.42  
 1109 S	 40.33  
 1110 E	 63.84  
 1111 E	 64.10  
 1112 D	 50.68  
 1113 K	 49.80  
 1114 Q	 65.35  
 1115 S	 39.27  
 1116 T	 27.77  
 1117 S	 34.81  
 1118 N	 47.86  
 1119 R	 50.16  
 1120 D	 50.40  
 1121 F	 12.97  
 1122 E	 50.45  
 1123 T	 40.25  
 1124 E	 42.75  
 1125 A	 36.64  
 1126 E	 56.96  
 1127 D	 63.09  
 1128 E	 30.46  
 1129 S	 34.60  
 1130 I	 2.85  
 1131 Y	 15.64  
 1132 F	 9.78  
 1133 T	 10.01  
 1134 P	 21.50  
 1135 E	 57.83  
 1136 L	 6.56  
 1137 Y	 27.99  
 1138 D	 53.38  
 1139 P	 28.01  
 1140 E	 71.31  
 1141 D	 65.92  
 1142 T	 43.58  
 1143 D	 74.51  
 1144 E	 73.32  
 1145 E	 61.03  
 1146 K	 54.43  
 1147 N	 53.46  
 1148 D	 59.32  
 1149 L	 6.93  
 1150 A	 22.10  
 1151 E	 59.55  
 1152 T	 25.95  
 1153 D	 48.25  
 1154 R	 52.27  
 1155 G	 26.81  
 1156 N	 36.36  
 1157 R	 37.69  
 1158 L	 7.49  
 1159 A	 15.21  
 1160 N	 53.80  
 1161 N	 33.35  
 1162 S	 33.40  
 1163 D	 26.12  
 1164 C	 2.49  
 1165 I	 5.14  
 1166 L	 6.44  
 1167 A	 5.38  
 1168 K	 52.06  
 1169 D	 51.49  
 1170 L	 4.01  
 1171 F	 11.99  
 1172 E	 38.57  
 1173 I	 3.54  
 1174 R	 24.17  
 1175 T	 41.90  
 1176 I	 2.29  
 1177 K	 51.58  
 1178 E	 47.94  
 1179 V	 6.30  
 1180 D	 37.36  
 1181 S	 34.11  
 1182 A	 13.74  
 1183 R	 53.87  
 1184 E	 48.35  
 1185 V	 6.24  
 1186 K	 41.11  
 1187 A	 24.04  
 1188 E	 47.93  
 1189 D	 39.26  
 1190 C	 1.97  
 1191 I	 13.42  
 1192 D	 44.08  
 1193 T	 19.95  
 1194 K	 35.89  
 1195 L	 8.45  
 1196 N	 36.69  
 1197 G	 33.98  
 1198 I	 2.17  
 1199 L	 3.36  
 1200 H	 24.40  
 1201 I	 5.87  
 1202 E	 45.53  
 1203 E	 57.64  
 1204 S	 23.32  
 1205 K	 54.13  
 1206 I	 8.84  
 1207 D	 51.02  
 1208 D	 44.33  
 1209 I	 6.92  
 1210 D	 50.00  
 1211 G	 40.96  
 1212 N	 28.50  
 1213 V	 7.73  
 1214 K	 44.21  
 1215 T	 24.07  
 1216 T	 20.73  
 1217 W	 9.17  
 1218 I	 2.42  
 1219 N	 39.09  
 1220 E	 34.19  
 1221 L	 5.95  
 1222 E	 49.66  
 1223 L	 15.49  
 1224 G	 24.36  
 1225 K	 60.37  
 1226 T	 23.96  
 1227 H	 37.21  
 1228 E	 47.77  
 1229 I	 5.28  
 1230 E	 44.95  
 1231 I	 5.62  
 1232 K	 43.47  
 1233 N	 56.70  
 1234 F	 11.92  
 1235 K	 54.71  
 1236 P	 47.54  
 1237 S	 42.25  
 1238 P	 58.83  
 1239 S	 53.88  
 1240 K	 67.09  
 1241 N	 50.91  
 1242 K	 56.33  
 1243 G	 32.15  
 1244 M	 3.80  
 1245 F	 7.94  
 1246 P	 38.12  
 1247 G	 31.54  
 1248 F	 9.63  
 1249 K	 66.40  
