 1 M	 9.01  
 2 G	 30.72  
 3 S	 18.40  
 4 V	 4.79  
 5 T	 22.56  
 6 G	 16.13  
 7 A	 8.29  
 8 V	 6.27  
 9 L	 3.30  
 10 K	 30.44  
 11 T	 20.62  
 12 L	 2.79  
 13 L	 5.68  
 14 L	 3.90  
 15 L	 5.41  
 16 S	 28.10  
 17 T	 26.37  
 18 Q	 49.95  
 19 N	 37.77  
 20 W	 5.56  
 21 N	 45.74  
 22 R	 21.19  
 23 V	 5.52  
 24 E	 47.85  
 25 A	 21.43  
 26 G	 15.31  
 27 N	 44.43  
 28 S	 22.79  
 29 Y	 25.29  
 30 D	 29.23  
 31 C	 4.92  
 32 D	 58.63  
 33 D	 44.77  
 34 P	 22.78  
 35 L	 6.47  
 36 V	 3.71  
 37 S	 31.60  
 38 A	 18.78  
 39 L	 2.23  
 40 P	 27.66  
 41 Q	 50.95  
 42 A	 15.59  
 43 S	 22.03  
 44 F	 10.34  
 45 S	 27.15  
 46 S	 35.55  
 47 S	 27.00  
 48 S	 44.50  
 49 E	 55.40  
 50 L	 6.94  
 51 S	 26.24  
 52 S	 38.69  
 53 S	 29.14  
 54 H	 48.71  
 55 G	 26.44  
 56 P	 29.34  
 57 G	 33.18  
 58 F	 3.93  
 59 A	 22.44  
 60 R	 30.18  
 61 L	 5.40  
 62 N	 31.24  
 63 R	 42.53  
 64 R	 45.71  
 65 D	 48.32  
 66 G	 25.06  
 67 A	 20.02  
 68 G	 43.56  
 69 G	 22.58  
 70 W	 8.89  
 71 S	 16.19  
 72 P	 30.21  
 73 L	 5.71  
 74 V	 7.23  
 75 S	 34.97  
 76 N	 39.30  
 77 K	 31.17  
 78 Y	 14.79  
 79 Q	 35.69  
 80 W	 6.27  
 81 L	 1.56  
 82 Q	 24.96  
 83 I	 4.41  
 84 D	 35.34  
 85 L	 9.08  
 86 G	 19.40  
 87 E	 57.03  
 88 R	 25.43  
 89 M	 4.17  
 90 E	 42.83  
 91 V	 2.81  
 92 T	 11.34  
 93 A	 8.30  
 94 V	 4.29  
 95 A	 7.55  
 96 T	 22.58  
 97 Q	 33.31  
 98 G	 27.25  
 99 G	 17.51  
 100 Y	 22.21  
 101 G	 28.07  
 102 S	 16.41  
 103 S	 30.28  
 104 N	 38.65  
 105 W	 9.19  
 106 V	 2.74  
 107 T	 11.85  
 108 S	 12.26  
 109 Y	 8.42  
 110 L	 2.54  
 111 L	 2.18  
 112 M	 2.52  
 113 F	 8.07  
 114 S	 19.53  
 115 D	 39.65  
 116 S	 44.50  
 117 G	 27.08  
 118 W	 16.09  
 119 N	 39.32  
 120 W	 5.21  
 121 K	 33.95  
 122 Q	 30.20  
 123 Y	 15.55  
 124 R	 30.80  
 125 Q	 54.65  
 126 E	 44.73  
 127 D	 36.76  
 128 S	 21.35  
 129 I	 6.88  
 130 W	 13.01  
 131 G	 12.74  
 132 F	 5.20  
 133 S	 27.48  
 134 G	 34.70  
 135 N	 28.90  
 136 A	 19.00  
 137 N	 48.56  
 138 A	 14.19  
 139 D	 41.60  
 140 S	 15.86  
 141 V	 3.10  
 142 V	 3.94  
 143 Y	 4.82  
 144 Y	 8.01  
 145 R	 14.79  
 146 L	 5.19  
 147 Q	 22.24  
 148 P	 42.48  
 149 S	 24.62  
 150 I	 5.28  
 151 K	 37.54  
 152 A	 13.04  
 153 R	 26.57  
 154 F	 7.39  
 155 L	 3.49  
 156 R	 25.41  
 157 F	 7.99  
 158 I	 2.84  
 159 P	 22.86  
 160 L	 11.57  
 161 E	 39.59  
 162 W	 33.82  
 163 N	 21.01  
 164 P	 41.36  
 165 K	 58.57  
 166 G	 27.91  
 167 R	 28.54  
 168 I	 7.48  
 169 G	 9.65  
 170 M	 3.47  
 171 R	 19.39  
 172 I	 3.82  
 173 E	 22.79  
 174 V	 4.68  
 175 F	 4.28  
 176 G	 10.58  
 177 C	 1.72  
 178 A	 11.80  
 179 Y	 20.81  
 180 R	 14.07  
 181 S	 23.28  
 182 E	 37.25  
 183 V	 4.24  
 184 V	 5.48  
 185 D	 44.19  
 186 L	 6.72  
 187 D	 58.99  
 188 G	 38.76  
 189 K	 36.22  
 190 S	 31.57  
 191 S	 26.36  
 192 L	 6.68  
 193 L	 2.89  
 194 Y	 17.96  
 195 R	 28.74  
 196 F	 8.03  
 197 D	 46.10  
 198 Q	 34.23  
 199 K	 56.03  
 200 S	 28.57  
 201 L	 10.20  
 202 S	 31.50  
 203 P	 42.83  
 204 I	 5.86  
 205 K	 46.38  
 206 D	 44.14  
 207 I	 1.64  
 208 I	 5.90  
 209 S	 26.32  
 210 L	 5.49  
 211 K	 37.72  
 212 F	 10.91  
 213 K	 41.31  
 214 T	 24.47  
 215 M	 3.56  
 216 Q	 43.53  
 217 S	 27.29  
 218 D	 31.12  
 219 G	 20.07  
 220 I	 4.43  
 221 L	 3.94  
 222 L	 3.19  
 223 H	 23.46  
 224 R	 51.00  
 225 E	 69.15  
 226 G	 22.41  
 227 P	 36.56  
 228 N	 78.40  
 229 G	 30.89  
 230 D	 36.33  
 231 H	 19.14  
 232 I	 4.97  
 233 T	 12.67  
 234 L	 4.46  
 235 Q	 25.03  
 236 L	 4.50  
 237 R	 19.77  
 238 R	 32.43  
 239 A	 13.19  
 240 R	 24.94  
 241 L	 3.28  
 242 F	 4.32  
 243 L	 5.78  
 244 L	 2.46  
 245 I	 4.13  
 246 N	 43.88  
 247 S	 30.89  
 248 G	 34.10  
 249 E	 42.31  
 250 A	 23.39  
 251 K	 57.54  
 252 L	 5.37  
 253 P	 34.55  
 254 S	 45.48  
 255 T	 24.64  
 256 S	 24.87  
 257 T	 34.51  
 258 L	 2.11  
 259 V	 5.82  
 260 N	 30.35  
 261 L	 3.05  
 262 T	 24.70  
 263 L	 5.03  
 264 G	 15.83  
 265 S	 28.95  
 266 L	 6.04  
 267 L	 7.95  
 268 D	 59.84  
 269 D	 42.06  
 270 Q	 41.03  
 271 H	 31.07  
 272 W	 4.65  
 273 H	 13.10  
 274 S	 17.27  
 275 V	 3.36  
 276 L	 2.86  
 277 I	 1.78  
 278 Q	 30.31  
 279 R	 38.11  
 280 L	 6.03  
 281 G	 22.12  
 282 K	 56.52  
 283 Q	 33.32  
 284 V	 7.88  
 285 N	 25.11  
 286 F	 8.07  
 287 T	 23.11  
 288 V	 7.71  
 289 D	 42.82  
 290 E	 38.19  
 291 H	 29.88  
 292 R	 23.95  
 293 H	 29.85  
 294 H	 19.02  
 295 F	 3.83  
 296 H	 15.34  
 297 A	 21.89  
 298 R	 36.28  
 299 G	 44.63  
 300 E	 26.30  
 301 F	 10.68  
 302 N	 33.79  
 303 L	 2.67  
 304 M	 4.99  
 305 N	 32.69  
 306 L	 4.64  
 307 D	 33.73  
 308 Y	 20.52  
 309 E	 31.65  
 310 I	 3.17  
 311 S	 13.10  
 312 F	 14.79  
 313 G	 26.74  
 314 G	 22.24  
 315 I	 2.42  
 316 P	 35.36  
 317 A	 24.45  
 318 P	 45.44  
 319 G	 36.66  
 320 K	 46.77  
 321 S	 28.98  
 322 V	 8.56  
 323 S	 39.90  
 324 F	 5.75  
 325 P	 20.30  
 326 H	 34.99  
 327 R	 47.98  
 328 N	 30.17  
 329 F	 5.44  
 330 H	 29.61  
 331 G	 17.36  
 332 C	 3.02  
 333 L	 6.06  
 334 E	 49.63  
 335 N	 22.01  
 336 L	 3.33  
 337 Y	 13.38  
 338 Y	 14.49  
 339 N	 30.38  
 340 G	 11.44  
 341 V	 4.21  
 342 D	 33.26  
 343 I	 2.16  
 344 I	 2.84  
 345 D	 40.69  
 346 L	 4.52  
 347 A	 12.12  
 348 K	 61.63  
 349 Q	 51.42  
 350 Q	 59.70  
 351 K	 36.07  
 352 P	 26.68  
 353 Q	 46.91  
 354 I	 2.69  
 355 I	 1.49  
 356 A	 11.06  
 357 M	 2.57  
 358 G	 23.51  
 359 N	 17.11  
 360 V	 5.18  
 361 S	 18.55  
 362 F	 8.11  
 363 S	 12.83  
 364 C	 4.05  
 365 S	 43.63  
 366 Q	 44.36  
 367 P	 16.36  
 368 Q	 44.73  
 369 S	 31.56  
 370 M	 2.32  
 371 P	 27.52  
 372 V	 4.41  
 373 T	 17.00  
 374 F	 6.75  
 375 L	 3.12  
 376 S	 21.36  
 377 S	 27.65  
 378 R	 26.41  
 379 S	 26.84  
 380 Y	 8.55  
 381 L	 4.10  
 382 A	 14.60  
 383 L	 3.74  
 384 P	 34.69  
 385 D	 51.71  
 386 F	 10.77  
 387 S	 53.31  
 388 G	 46.45  
 389 E	 50.19  
 390 E	 68.19  
 391 E	 37.15  
 392 V	 5.51  
 393 S	 25.52  
 394 A	 20.01  
 395 T	 15.51  
 396 F	 6.90  
 397 Q	 23.66  
 398 F	 7.02  
 399 R	 28.22  
 400 T	 34.38  
 401 W	 10.48  
 402 N	 24.56  
 403 K	 35.08  
 404 A	 15.62  
 405 G	 20.61  
 406 L	 4.48  
 407 L	 4.43  
 408 L	 5.51  
 409 F	 5.56  
 410 S	 37.05  
 411 E	 32.95  
 412 L	 4.94  
 413 Q	 32.47  
 414 L	 5.42  
 415 I	 2.01  
 416 S	 39.29  
 417 G	 21.84  
 418 G	 10.69  
 419 I	 3.26  
 420 L	 2.90  
 421 L	 3.71  
 422 F	 5.71  
 423 L	 4.62  
 424 S	 36.66  
 425 D	 61.46  
 426 G	 33.54  
 427 K	 58.70  
 428 L	 10.07  
 429 K	 40.56  
 430 S	 42.37  
 431 N	 40.98  
 432 L	 5.62  
 433 Y	 19.53  
 434 Q	 43.36  
 435 P	 28.47  
 436 G	 28.71  
 437 K	 65.00  
 438 L	 6.43  
 439 P	 33.18  
 440 S	 52.67  
 441 D	 40.08  
 442 I	 3.14  
 443 T	 23.50  
 444 A	 21.99  
 445 G	 12.55  
 446 V	 7.58  
 447 E	 40.72  
 448 L	 7.04  
 449 N	 37.55  
 450 D	 64.38  
 451 G	 31.25  
 452 Q	 37.26  
 453 W	 7.40  
 454 H	 15.50  
 455 S	 15.50  
 456 V	 4.28  
 457 S	 21.44  
 458 L	 5.60  
 459 S	 30.45  
 460 A	 31.94  
 461 K	 51.21  
 462 K	 49.68  
 463 N	 40.40  
 464 H	 28.50  
 465 L	 6.52  
 466 S	 10.65  
 467 V	 8.29  
 468 A	 7.13  
 469 V	 8.78  
 470 D	 31.69  
 471 G	 16.74  
 472 Q	 21.58  
 473 M	 3.78  
 474 A	 6.53  
 475 S	 21.44  
 476 A	 11.99  
 477 A	 7.87  
 478 P	 28.03  
 479 L	 8.07  
 480 L	 11.93  
 481 G	 31.23  
 482 P	 30.23  
 483 E	 48.05  
 484 Q	 42.95  
 485 I	 2.56  
 486 Y	 10.85  
 487 S	 32.16  
 488 G	 18.58  
 489 G	 12.47  
 490 T	 20.69  
 491 Y	 10.48  
 492 Y	 8.79  
 493 F	 4.83  
 494 G	 22.22  
 495 G	 15.19  
 496 C	 3.94  
 497 P	 56.17  
 498 D	 64.41  
 499 K	 32.59  
 500 S	 42.07  
 501 F	 18.45  
 502 G	 33.03  
 503 S	 32.63  
 504 K	 46.17  
 505 C	 5.89  
 506 K	 59.86  
 507 S	 34.52  
 508 P	 22.11  
 509 L	 15.73  
 510 G	 37.95  
 511 G	 21.27  
 512 F	 5.53  
 513 Q	 47.66  
 514 G	 12.62  
 515 C	 0.71  
 516 M	 5.09  
 517 R	 32.71  
 518 L	 1.11  
 519 I	 2.13  
 520 S	 18.46  
 521 I	 5.09  
 522 S	 26.27  
 523 G	 25.71  
 524 K	 32.09  
 525 V	 4.64  
 526 V	 5.89  
 527 D	 41.07  
 528 L	 1.81  
 529 I	 3.07  
 530 S	 22.59  
 531 V	 3.80  
 532 Q	 34.82  
 533 Q	 41.09  
 534 G	 14.03  
 535 S	 28.85  
 536 L	 9.22  
 537 G	 34.53  
 538 N	 38.24  
 539 F	 5.96  
 540 S	 41.22  
 541 D	 38.15  
 542 L	 4.69  
 543 Q	 42.29  
 544 I	 5.68  
 545 D	 25.55  
 546 S	 18.84  
 547 C	 5.07  
 548 G	 26.79  
 549 I	 4.55  
 550 S	 12.32  
 551 D	 43.31  
 552 R	 19.65  
 553 C	 9.95  
 554 L	 2.99  
 555 P	 33.11  
 556 N	 40.93  
 557 Y	 9.40  
 558 C	 3.85  
 559 E	 34.90  
 560 H	 46.10  
 561 G	 15.99  
 562 G	 34.35  
 563 E	 35.27  
 564 C	 5.19  
 565 S	 23.97  
 566 Q	 61.65  
 567 S	 13.50  
 568 W	 8.18  
 569 S	 26.83  
 570 T	 15.90  
 571 F	 5.29  
 572 H	 11.28  
 573 C	 3.80  
 574 N	 27.38  
 575 C	 3.65  
 576 T	 23.09  
 577 N	 33.44  
 578 T	 19.89  
 579 G	 16.53  
 580 Y	 12.11  
 581 R	 29.61  
 582 G	 19.43  
 583 A	 9.69  
 584 T	 19.68  
 585 C	 2.57  
 586 H	 27.07  
 587 N	 32.05  
 588 S	 11.68  
 589 I	 5.50  
 590 Y	 14.03  
 591 E	 34.06  
 592 Q	 36.09  
 593 S	 11.28  
 594 C	 3.29  
 595 E	 61.35  
 596 A	 24.01  
 597 Y	 5.75  
 598 K	 33.60  
 599 H	 30.15  
 600 R	 35.59  
 601 G	 41.30  
 602 N	 30.91  
 603 T	 32.81  
 604 S	 30.79  
 605 G	 16.73  
 606 F	 4.13  
 607 Y	 11.75  
 608 Y	 8.94  
 609 I	 2.52  
 610 D	 25.26  
 611 S	 34.02  
 612 D	 52.08  
 613 G	 38.15  
 614 S	 42.08  
 615 G	 36.02  
 616 P	 34.94  
 617 L	 17.40  
 618 E	 36.82  
 619 P	 32.63  
 620 F	 5.54  
 621 L	 4.95  
 622 L	 4.72  
 623 Y	 5.50  
 624 C	 2.57  
 625 N	 27.18  
 626 M	 2.98  
 627 T	 19.05  
 628 E	 26.26  
 629 T	 20.52  
 630 A	 8.65  
 631 W	 8.78  
 632 T	 13.02  
 633 I	 1.67  
 634 I	 2.39  
 635 Q	 21.83  
 636 H	 30.15  
 637 N	 34.98  
 638 G	 22.03  
 639 S	 34.46  
 640 D	 54.15  
 641 L	 3.36  
 642 T	 31.91  
 643 R	 32.47  
 644 V	 4.69  
 645 R	 40.75  
 646 N	 41.15  
 647 T	 41.40  
 648 N	 45.50  
 649 P	 40.48  
 650 E	 73.28  
 651 N	 35.82  
 652 P	 20.77  
 653 Y	 30.82  
 654 A	 15.01  
 655 G	 23.18  
 656 F	 2.98  
 657 F	 6.92  
 658 E	 36.52  
 659 Y	 8.99  
 660 V	 2.21  
 661 A	 11.40  
 662 S	 16.89  
 663 M	 2.47  
 664 E	 45.72  
 665 Q	 30.18  
 666 L	 2.08  
 667 Q	 35.83  
 668 A	 21.02  
 669 T	 13.06  
 670 I	 3.54  
 671 N	 32.52  
 672 R	 37.19  
 673 A	 13.34  
 674 E	 45.92  
 675 H	 21.30  
 676 C	 4.31  
 677 E	 55.86  
 678 Q	 57.40  
 679 E	 20.05  
 680 F	 5.49  
 681 T	 16.90  
 682 Y	 16.52  
 683 Y	 8.50  
 684 C	 2.93  
 685 K	 37.35  
 686 K	 36.93  
 687 S	 19.15  
 688 R	 52.08  
 689 L	 6.85  
 690 V	 9.04  
 691 N	 40.64  
 692 K	 42.14  
 693 Q	 49.51  
 694 D	 65.62  
 695 G	 27.09  
 696 T	 29.37  
 697 P	 29.90  
 698 L	 7.22  
 699 S	 21.79  
 700 W	 11.06  
 701 W	 4.55  
 702 V	 2.78  
 703 G	 19.57  
 704 R	 25.43  
 705 T	 31.32  
 706 N	 49.29  
 707 E	 41.50  
 708 T	 28.42  
 709 Q	 26.81  
 710 T	 28.76  
 711 Y	 7.70  
 712 W	 14.20  
 713 G	 18.72  
 714 G	 15.71  
 715 S	 34.46  
 716 S	 26.21  
 717 P	 48.29  
 718 D	 64.77  
 719 L	 6.27  
 720 Q	 46.27  
 721 K	 38.52  
 722 C	 2.16  
 723 T	 19.35  
 724 C	 9.08  
 725 G	 14.49  
 726 L	 9.18  
 727 E	 33.37  
 728 G	 39.08  
 729 N	 15.36  
 730 C	 5.56  
 731 I	 7.10  
 732 D	 31.71  
 733 S	 10.52  
 734 Q	 29.48  
 735 Y	 17.59  
 736 Y	 3.03  
 737 C	 3.30  
 738 N	 15.58  
 739 C	 3.99  
 740 D	 37.20  
 741 A	 21.62  
 742 D	 40.46  
 743 R	 44.69  
 744 N	 50.10  
 745 E	 57.48  
 746 W	 12.21  
 747 T	 19.62  
 748 N	 46.01  
 749 D	 34.47  
 750 T	 31.62  
 751 G	 22.89  
 752 L	 2.41  
 753 L	 5.32  
 754 A	 20.56  
 755 Y	 19.51  
 756 K	 32.81  
 757 E	 37.67  
 758 H	 31.14  
 759 L	 3.70  
 760 P	 33.37  
 761 V	 12.24  
 762 T	 17.08  
 763 K	 34.90  
 764 I	 1.66  
 765 V	 4.03  
 766 I	 3.08  
 767 T	 19.33  
 768 D	 35.72  
 769 T	 18.62  
 770 G	 32.72  
 771 R	 31.18  
 772 L	 5.73  
 773 H	 23.41  
 774 S	 33.26  
 775 E	 26.94  
 776 A	 21.07  
 777 A	 9.65  
 778 Y	 17.50  
 779 K	 42.09  
 780 L	 5.79  
 781 G	 13.47  
 782 P	 32.37  
 783 L	 7.18  
 784 L	 1.79  
 785 C	 6.35  
 786 R	 50.44  
 787 G	 33.42  
 788 D	 24.57  
 789 R	 36.26  
 790 S	 39.08  
 791 F	 8.14  
 792 W	 10.10  
 793 N	 26.20  
 794 S	 18.84  
 795 A	 15.82  
 796 S	 24.39  
 797 F	 15.67  
 798 D	 40.93  
 799 T	 31.29  
 800 E	 37.15  
 801 A	 12.93  
 802 S	 23.22  
 803 Y	 15.96  
 804 L	 2.88  
 805 H	 20.57  
 806 F	 5.87  
 807 P	 24.33  
 808 T	 27.59  
 809 F	 7.69  
 810 H	 31.15  
 811 G	 33.09  
 812 E	 30.86  
 813 L	 6.39  
 814 S	 20.37  
 815 A	 33.57  
 816 D	 32.97  
 817 V	 5.56  
 818 S	 19.51  
 819 F	 9.30  
 820 F	 4.84  
 821 F	 6.91  
 822 K	 39.55  
 823 T	 23.57  
 824 T	 25.73  
 825 A	 13.61  
 826 S	 26.07  
 827 S	 36.19  
 828 G	 16.23  
 829 V	 5.52  
 830 F	 8.92  
 831 L	 3.86  
 832 E	 38.66  
 833 N	 45.79  
 834 L	 3.71  
 835 G	 25.31  
 836 I	 3.61  
 837 A	 12.12  
 838 D	 37.27  
 839 F	 2.74  
 840 I	 4.45  
 841 R	 19.13  
 842 I	 5.10  
 843 E	 28.43  
 844 L	 6.46  
 845 R	 28.00  
 846 S	 37.23  
 847 P	 23.84  
 848 T	 28.93  
 849 V	 4.30  
 850 V	 5.01  
 851 T	 14.82  
 852 F	 4.65  
 853 S	 15.92  
 854 F	 8.45  
 855 D	 46.33  
 856 V	 6.38  
 857 G	 34.91  
 858 N	 55.61  
 859 G	 23.50  
 860 P	 27.91  
 861 F	 16.07  
 862 E	 37.17  
 863 I	 5.10  
 864 S	 13.60  
 865 V	 8.85  
 866 Q	 36.58  
 867 S	 29.61  
 868 P	 16.89  
 869 T	 44.33  
 870 H	 23.93  
 871 F	 15.72  
 872 N	 39.45  
 873 D	 47.99  
 874 N	 48.20  
 875 Q	 43.68  
 876 W	 6.98  
 877 H	 10.37  
 878 H	 13.20  
 879 V	 4.79  
 880 R	 21.88  
 881 V	 8.67  
 882 E	 27.98  
 883 R	 45.76  
 884 N	 32.16  
 885 M	 5.34  
 886 K	 54.39  
 887 E	 32.49  
 888 A	 15.26  
 889 S	 22.04  
 890 L	 8.09  
 891 Q	 33.96  
 892 V	 6.50  
 893 D	 25.47  
 894 Q	 48.67  
 895 L	 8.40  
 896 T	 19.67  
 897 P	 46.41  
 898 K	 55.33  
 899 T	 40.77  
 900 Q	 37.98  
 901 P	 45.50  
 902 A	 11.33  
 903 P	 37.25  
 904 A	 37.21  
 905 D	 46.82  
 906 G	 18.21  
 907 H	 13.96  
 908 V	 7.54  
 909 L	 1.78  
 910 L	 5.46  
 911 Q	 34.14  
 912 L	 7.22  
 913 N	 18.10  
 914 S	 36.53  
 915 Q	 37.53  
 916 L	 3.64  
 917 F	 3.58  
 918 V	 10.58  
 919 G	 22.02  
 920 G	 13.58  
 921 T	 20.94  
 922 A	 12.22  
 923 T	 27.46  
 924 R	 23.02  
 925 Q	 45.56  
 926 R	 34.24  
 927 G	 17.50  
 928 F	 6.04  
 929 L	 6.43  
 930 G	 11.53  
 931 C	 2.25  
 932 I	 2.96  
 933 R	 35.08  
 934 S	 10.68  
 935 L	 4.89  
 936 Q	 33.84  
 937 L	 7.89  
 938 N	 25.81  
 939 G	 21.03  
 940 M	 3.07  
 941 T	 20.65  
 942 L	 5.41  
 943 D	 42.75  
 944 L	 9.18  
 945 E	 45.14  
 946 E	 61.69  
 947 R	 22.42  
 948 A	 16.10  
 949 Q	 45.93  
 950 V	 10.60  
 951 T	 11.14  
 952 P	 40.69  
 953 E	 44.40  
 954 V	 9.78  
 955 Q	 27.32  
 956 P	 49.37  
 957 G	 9.17  
 958 C	 6.32  
 959 R	 43.75  
 960 G	 30.17  
 961 H	 6.74  
 962 C	 3.00  
 963 S	 22.41  
 964 S	 43.21  
 965 Y	 11.28  
 966 G	 20.57  
 967 K	 35.86  
 968 L	 2.62  
 969 C	 3.46  
 970 R	 56.09  
 971 N	 63.67  
 972 G	 20.00  
 973 G	 29.46  
 974 K	 31.36  
 975 C	 6.55  
 976 R	 46.58  
 977 E	 72.74  
 978 R	 14.58  
 979 P	 26.71  
 980 I	 10.60  
 981 G	 16.56  
 982 F	 5.96  
 983 F	 2.64  
 984 C	 3.81  
 985 D	 29.36  
 986 C	 4.32  
 987 T	 13.84  
 988 F	 5.03  
 989 S	 11.38  
 990 A	 11.17  
 991 Y	 15.84  
 992 T	 37.79  
 993 G	 10.70  
 994 P	 21.19  
 995 F	 8.25  
 996 C	 4.87  
 997 S	 37.57  
 998 N	 52.37  
 999 E	 23.25  
 1000 I	 3.14  
 1001 S	 15.67  
 1002 A	 14.88  
 1003 Y	 11.15  
 1004 F	 6.67  
 1005 G	 20.58  
 1006 S	 26.13  
 1007 G	 25.07  
 1008 S	 24.11  
 1009 S	 18.96  
 1010 V	 6.04  
 1011 I	 2.22  
 1012 Y	 14.04  
 1013 N	 22.47  
 1014 F	 5.60  
 1015 Q	 34.09  
 1016 E	 43.64  
 1017 N	 23.20  
 1018 Y	 14.31  
 1019 L	 7.02  
 1020 L	 4.90  
 1021 S	 27.48  
 1022 K	 61.90  
 1023 N	 43.69  
 1024 S	 36.63  
 1025 S	 35.22  
 1026 S	 19.57  
 1027 H	 27.54  
 1028 A	 13.52  
 1029 A	 13.80  
 1030 S	 20.68  
 1031 F	 6.82  
 1032 H	 28.93  
 1033 G	 34.40  
 1034 D	 23.60  
 1035 M	 5.79  
 1036 K	 48.31  
 1037 L	 4.72  
 1038 S	 22.22  
 1039 R	 48.19  
 1040 E	 41.71  
 1041 M	 3.82  
 1042 I	 3.31  
 1043 K	 33.38  
 1044 F	 6.05  
 1045 S	 14.60  
 1046 F	 10.15  
 1047 R	 33.71  
 1048 T	 20.72  
 1049 T	 28.43  
 1050 R	 43.99  
 1051 T	 18.35  
 1052 P	 21.49  
 1053 S	 30.91  
 1054 L	 5.19  
 1055 L	 4.02  
 1056 L	 4.90  
 1057 F	 5.16  
 1058 V	 4.77  
 1059 S	 13.85  
 1060 S	 27.56  
 1061 F	 8.65  
 1062 Y	 12.59  
 1063 K	 37.56  
 1064 E	 40.09  
 1065 Y	 10.50  
 1066 L	 3.28  
 1067 S	 15.46  
 1068 V	 3.20  
 1069 I	 1.97  
 1070 I	 4.12  
 1071 A	 6.53  
 1072 K	 51.97  
 1073 N	 35.94  
 1074 G	 29.09  
 1075 S	 26.88  
 1076 L	 5.34  
 1077 Q	 21.58  
 1078 I	 6.70  
 1079 R	 15.01  
 1080 Y	 22.81  
 1081 K	 35.42  
 1082 L	 5.04  
 1083 N	 36.52  
 1084 K	 59.76  
 1085 Y	 19.62  
 1086 Q	 58.31  
 1087 E	 40.14  
 1088 P	 24.95  
 1089 D	 57.13  
 1090 V	 5.77  
 1091 V	 8.45  
 1092 N	 30.53  
 1093 F	 8.69  
 1094 D	 48.70  
 1095 F	 5.57  
 1096 K	 47.89  
 1097 N	 30.76  
 1098 M	 3.56  
 1099 A	 27.46  
 1100 D	 34.30  
 1101 G	 23.55  
 1102 Q	 37.86  
 1103 L	 3.77  
 1104 H	 10.67  
 1105 H	 21.65  
 1106 I	 1.75  
 1107 M	 1.61  
 1108 I	 4.32  
 1109 N	 28.12  
 1110 R	 32.21  
 1111 E	 55.40  
 1112 E	 54.79  
 1113 G	 19.01  
 1114 V	 3.43  
 1115 V	 6.18  
 1116 F	 3.74  
 1117 I	 2.83  
 1118 E	 28.97  
 1119 I	 7.43  
 1120 D	 34.05  
 1121 D	 57.08  
 1122 N	 35.29  
 1123 R	 42.00  
 1124 R	 39.37  
 1125 R	 39.37  
 1126 Q	 25.77  
 1127 V	 4.68  
 1128 H	 16.20  
 1129 L	 4.59  
 1130 S	 16.31  
 1131 S	 56.97  
 1132 G	 26.36  
 1133 T	 35.49  
 1134 E	 40.92  
 1135 F	 5.96  
 1136 S	 26.39  
 1137 A	 20.34  
 1138 V	 4.13  
 1139 K	 37.48  
 1140 S	 19.67  
 1141 L	 2.82  
 1142 V	 7.41  
 1143 L	 4.65  
 1144 G	 13.70  
 1145 R	 26.59  
 1146 I	 5.13  
 1147 L	 4.70  
 1148 E	 38.69  
 1149 H	 26.34  
 1150 S	 29.92  
 1151 D	 50.33  
 1152 V	 10.30  
 1153 D	 45.66  
 1154 Q	 50.19  
 1155 E	 31.42  
 1156 T	 22.72  
 1157 A	 8.48  
 1158 L	 6.20  
 1159 A	 14.60  
 1160 G	 21.20  
 1161 A	 10.75  
 1162 Q	 46.76  
 1163 G	 22.88  
 1164 F	 3.36  
 1165 T	 33.53  
 1166 G	 14.22  
 1167 C	 2.17  
 1168 L	 3.78  
 1169 S	 30.39  
 1170 A	 4.70  
 1171 V	 5.45  
 1172 Q	 36.64  
 1173 L	 2.84  
 1174 S	 9.99  
 1175 H	 28.49  
 1176 V	 5.43  
 1177 A	 9.78  
 1178 P	 33.05  
 1179 L	 4.20  
 1180 K	 30.47  
 1181 A	 23.96  
 1182 A	 12.57  
 1183 L	 7.93  
 1184 H	 19.65  
 1185 P	 34.87  
 1186 S	 36.58  
 1187 H	 34.92  
 1188 P	 52.52  
 1189 D	 44.90  
 1190 P	 28.29  
 1191 V	 9.79  
 1192 T	 20.10  
 1193 V	 6.50  
 1194 T	 16.53  
 1195 G	 14.66  
 1196 H	 17.60  
 1197 V	 7.22  
 1198 T	 25.19  
 1199 E	 39.30  
 1200 S	 21.33  
 1201 S	 11.15  
 1202 C	 3.50  
 1203 M	 4.13  
 1204 A	 19.42  
 1205 Q	 15.29  
 1206 P	 37.81  
 1207 G	 24.93  
 1208 T	 29.19  
 1209 D	 54.48  
 1210 A	 13.81  
 1211 T	 31.00  
 1212 S	 33.59  
 1213 R	 32.82  
 1214 E	 62.79  
 1215 R	 36.31  
 1216 T	 19.67  
 1217 H	 27.43  
 1218 S	 22.86  
 1219 F	 7.80  
 1220 A	 19.34  
 1221 D	 34.18  
 1222 H	 25.38  
 1223 S	 37.87  
 1224 G	 24.22  
 1225 T	 25.01  
 1226 I	 6.22  
 1227 D	 49.07  
 1228 D	 53.65  
 1229 R	 43.62  
 1230 E	 52.22  
 1231 P	 37.35  
 1232 L	 5.00  
 1233 A	 17.70  
 1234 N	 50.29  
 1235 A	 12.65  
 1236 I	 4.38  
 1237 K	 45.88  
 1238 S	 30.59  
 1239 D	 35.30  
 1240 S	 31.37  
 1241 A	 11.26  
 1242 V	 4.90  
 1243 I	 3.47  
 1244 G	 20.46  
 1245 G	 11.64  
 1246 L	 1.59  
 1247 I	 2.86  
 1248 A	 8.45  
 1249 V	 2.41  
 1250 V	 1.87  
 1251 I	 1.11  
 1252 F	 1.86  
 1253 I	 1.65  
 1254 L	 1.91  
 1255 L	 1.37  
 1256 C	 2.02  
 1257 I	 2.69  
 1258 T	 15.83  
 1259 A	 2.82  
 1260 I	 2.45  
 1261 A	 5.10  
 1262 V	 2.90  
 1263 R	 16.93  
 1264 I	 2.68  
 1265 Y	 8.37  
 1266 Q	 39.69  
 1267 Q	 18.83  
 1268 K	 28.92  
 1269 R	 38.62  
 1270 L	 8.34  
 1271 Y	 14.37  
 1272 K	 54.78  
 1273 R	 26.60  
 1274 S	 37.44  
 1275 E	 63.34  
 1276 A	 17.51  
 1277 K	 53.02  
 1278 R	 57.14  
 1279 S	 32.58  
 1280 E	 66.36  
 1281 N	 44.11  
 1282 V	 5.59  
 1283 D	 54.43  
 1284 S	 24.59  
 1285 A	 12.33  
 1286 E	 43.17  
 1287 A	 16.20  
 1288 V	 5.35  
 1289 L	 6.96  
 1290 K	 34.97  
 1291 S	 43.06  
 1292 E	 44.22  
 1293 L	 9.87  
 1294 N	 29.73  
 1295 I	 5.37  
 1296 Q	 30.65  
 1297 N	 41.90  
 1298 A	 6.80  
 1299 V	 13.98  
 1300 N	 39.84  
 1301 E	 55.21  
 1302 N	 53.68  
 1303 Q	 33.50  
 1304 K	 67.00  
 1305 E	 37.50  
 1306 Y	 19.81  
 1307 F	 6.50  
 1308 F	 10.81  
