 1 M	 18.41  
 2 E	 60.84  
 3 P	 30.71  
 4 P	 37.27  
 5 I	 7.69  
 6 P	 28.04  
 7 Q	 53.60  
 8 S	 26.88  
 9 A	 9.62  
 10 P	 41.85  
 11 L	 14.39  
 12 T	 21.26  
 13 P	 38.49  
 14 N	 41.84  
 15 S	 16.88  
 16 V	 5.75  
 17 M	 2.02  
 18 V	 5.06  
 19 Q	 12.58  
 20 P	 24.39  
 21 L	 4.66  
 22 L	 7.76  
 23 D	 41.71  
 24 S	 29.83  
 25 R	 30.23  
 26 M	 4.97  
 27 S	 19.73  
 28 H	 13.95  
 29 S	 27.64  
 30 R	 32.70  
 31 L	 6.51  
 32 Q	 34.73  
 33 H	 24.75  
 34 P	 20.45  
 35 L	 4.34  
 36 T	 25.56  
 37 I	 5.92  
 38 L	 2.28  
 39 P	 25.02  
 40 I	 5.33  
 41 D	 45.33  
 42 Q	 39.05  
 43 V	 6.92  
 44 K	 38.38  
 45 T	 25.80  
 46 S	 21.59  
 47 H	 35.82  
 48 V	 8.02  
 49 E	 38.67  
 50 N	 46.42  
 51 D	 28.41  
 52 Y	 23.04  
 53 I	 4.62  
 54 D	 55.55  
 55 N	 20.64  
 56 P	 27.29  
 57 S	 32.31  
 58 L	 4.83  
 59 A	 13.75  
 60 L	 5.52  
 61 T	 24.89  
 62 T	 52.95  
 63 G	 22.09  
 64 P	 22.36  
 65 K	 68.68  
 66 R	 32.56  
 67 T	 39.53  
 68 R	 45.65  
 69 G	 35.68  
 70 G	 34.37  
 71 A	 9.38  
 72 P	 40.17  
 73 E	 57.96  
 74 L	 7.24  
 75 A	 12.31  
 76 P	 52.09  
 77 T	 24.79  
 78 P	 19.35  
 79 A	 27.49  
 80 R	 26.25  
 81 C	 6.31  
 82 D	 42.01  
 83 Q	 51.18  
 84 D	 33.75  
 85 V	 4.57  
 86 T	 19.13  
 87 H	 17.71  
 88 H	 17.75  
 89 W	 4.74  
 90 I	 2.30  
 91 S	 14.25  
 92 F	 7.08  
 93 S	 27.40  
 94 G	 43.43  
 95 R	 27.08  
 96 P	 34.19  
 97 S	 41.85  
 98 S	 28.80  
 99 V	 8.26  
 100 S	 26.84  
 101 S	 31.89  
 102 S	 22.32  
 103 S	 39.31  
 104 S	 33.97  
 105 T	 33.91  
 106 S	 33.59  
 107 S	 37.54  
 108 D	 37.07  
 109 Q	 39.61  
 110 R	 42.06  
 111 L	 5.68  
 112 L	 4.65  
 113 D	 33.82  
 114 H	 17.80  
 115 M	 6.30  
 116 A	 15.27  
 117 P	 26.59  
 118 P	 26.85  
 119 P	 32.63  
 120 V	 12.98  
 121 A	 14.68  
 122 D	 44.83  
 123 Q	 33.72  
 124 A	 23.27  
 125 S	 14.86  
 126 P	 31.13  
 127 R	 43.13  
 128 A	 9.79  
 129 V	 6.14  
 130 R	 22.35  
 131 I	 7.08  
 132 Q	 22.61  
 133 P	 29.10  
 134 K	 40.28  
 135 V	 4.53  
 136 V	 4.70  
 137 H	 13.90  
 138 C	 2.77  
 139 Q	 27.06  
 140 P	 32.98  
 141 L	 5.06  
 142 D	 53.68  
 143 L	 10.21  
 144 K	 63.62  
 145 G	 23.77  
 146 P	 28.62  
 147 A	 34.81  
 148 V	 10.27  
 149 P	 20.82  
 150 P	 48.46  
 151 E	 64.63  
 152 L	 15.22  
 153 D	 40.50  
 154 K	 49.21  
 155 H	 20.46  
 156 F	 7.40  
 157 L	 5.52  
 158 L	 2.13  
 159 C	 3.20  
 160 E	 47.14  
 161 A	 13.33  
 162 C	 2.21  
 163 G	 45.50  
 164 K	 30.33  
 165 C	 3.67  
 166 K	 52.40  
 167 C	 6.68  
 168 K	 41.12  
 169 E	 44.80  
 170 C	 2.51  
 171 A	 24.54  
 172 S	 26.94  
 173 P	 18.10  
 174 R	 46.53  
 175 T	 46.54  
 176 L	 2.87  
 177 P	 27.16  
 178 S	 24.59  
 179 C	 2.74  
 180 W	 11.31  
 181 V	 2.29  
 182 C	 1.56  
 183 N	 30.94  
 184 Q	 37.34  
 185 E	 18.57  
 186 C	 3.15  
 187 L	 2.26  
 188 C	 4.85  
 189 S	 15.51  
 190 A	 12.84  
 191 Q	 21.05  
 192 T	 32.18  
 193 L	 1.24  
 194 V	 6.19  
 195 N	 32.40  
 196 Y	 13.31  
 197 G	 13.77  
 198 T	 6.16  
 199 C	 1.25  
 200 M	 1.67  
 201 C	 3.51  
 202 L	 0.97  
 203 V	 4.11  
 204 Q	 26.73  
 205 G	 12.42  
 206 I	 1.41  
 207 F	 4.33  
 208 Y	 8.28  
 209 H	 10.94  
 210 C	 2.73  
 211 T	 28.47  
 212 N	 56.97  
 213 E	 49.00  
 214 D	 62.42  
 215 D	 56.85  
 216 E	 66.39  
 217 G	 34.71  
 218 S	 12.23  
 219 C	 8.30  
 220 A	 21.61  
 221 D	 51.06  
 222 H	 13.52  
 223 P	 16.56  
 224 C	 6.01  
 225 S	 21.41  
 226 C	 5.09  
 227 S	 23.58  
 228 R	 35.89  
 229 S	 20.23  
 230 N	 24.63  
 231 C	 1.70  
 232 C	 3.17  
 233 A	 20.41  
 234 R	 18.69  
 235 W	 4.20  
 236 S	 10.37  
 237 F	 4.09  
 238 M	 2.27  
 239 G	 22.73  
 240 A	 5.72  
 241 L	 3.10  
 242 S	 15.05  
 243 V	 5.50  
 244 V	 4.42  
 245 L	 2.02  
 246 P	 8.63  
 247 C	 3.86  
 248 L	 3.32  
 249 L	 1.99  
 250 C	 1.80  
 251 Y	 18.71  
 252 L	 1.96  
 253 P	 10.99  
 254 A	 17.65  
 255 T	 29.22  
 256 G	 19.14  
 257 C	 1.80  
 258 V	 6.35  
 259 K	 42.03  
 260 L	 2.15  
 261 A	 7.42  
 262 Q	 50.17  
 263 R	 39.78  
 264 G	 19.33  
 265 Y	 10.48  
 266 D	 46.06  
 267 R	 22.93  
 268 L	 5.07  
 269 R	 43.57  
 270 R	 36.23  
 271 P	 39.54  
 272 G	 15.08  
 273 C	 5.24  
 274 R	 38.13  
 275 C	 4.38  
 276 K	 33.83  
 277 H	 33.63  
 278 T	 18.06  
 279 N	 33.72  
 280 S	 17.64  
 281 V	 6.89  
 282 I	 1.68  
 283 C	 1.99  
 284 K	 35.54  
 285 A	 11.49  
 286 A	 10.27  
 287 S	 41.91  
 288 G	 33.88  
 289 D	 42.25  
 290 A	 22.13  
 291 K	 52.34  
 292 T	 31.52  
 293 S	 40.90  
 294 R	 48.98  
 295 P	 54.46  
 296 D	 70.87  
 297 K	 51.51  
 298 P	 47.78  
 299 F	 22.51  
