 1 M	 8.78  
 2 G	 37.04  
 3 I	 7.39  
 4 G	 16.07  
 5 K	 49.56  
 6 N	 35.35  
 7 T	 35.48  
 8 A	 25.10  
 9 S	 24.35  
 10 K	 56.93  
 11 S	 23.77  
 12 V	 7.21  
 13 E	 49.00  
 14 A	 26.03  
 15 G	 19.65  
 16 G	 38.14  
 17 S	 23.51  
 18 T	 52.62  
 19 E	 56.22  
 20 G	 37.62  
 21 K	 43.17  
 22 Y	 39.16  
 23 E	 53.50  
 24 E	 61.23  
 25 E	 51.59  
 26 A	 20.38  
 27 K	 51.34  
 28 H	 34.71  
 29 S	 34.33  
 30 N	 35.45  
 31 F	 5.77  
 32 F	 8.85  
 33 T	 26.47  
 34 L	 2.27  
 35 P	 18.44  
 36 V	 8.31  
 37 V	 2.38  
 38 I	 3.95  
 39 N	 31.10  
 40 G	 18.91  
 41 G	 22.61  
 42 A	 13.00  
 43 T	 27.05  
 44 S	 35.49  
 45 S	 41.83  
 46 G	 36.03  
 47 E	 57.62  
 48 Q	 63.45  
 49 D	 57.07  
 50 N	 49.06  
 51 E	 74.69  
 52 D	 52.30  
 53 T	 25.49  
 54 E	 49.20  
 55 L	 2.81  
 56 M	 1.41  
 57 A	 12.31  
 58 I	 1.63  
 59 Y	 9.70  
 60 T	 22.86  
 61 T	 15.52  
 62 E	 45.73  
 63 N	 45.11  
 64 G	 17.79  
 65 I	 7.25  
 66 A	 21.40  
 67 E	 52.10  
 68 K	 36.00  
 69 S	 23.30  
 70 S	 42.54  
 71 L	 6.87  
 72 A	 15.07  
 73 E	 56.02  
 74 T	 30.20  
 75 L	 3.54  
 76 D	 52.12  
 77 S	 37.47  
 78 T	 30.38  
 79 G	 30.11  
 80 S	 29.68  
 81 L	 13.57  
 82 D	 38.70  
 83 P	 36.46  
 84 Q	 58.12  
 85 R	 39.76  
 86 S	 26.70  
 87 D	 29.68  
 88 M	 2.38  
 89 I	 3.09  
 90 Y	 8.60  
 91 T	 13.63  
 92 I	 2.09  
 93 E	 45.19  
 94 D	 55.14  
 95 V	 3.88  
 96 P	 26.48  
 97 P	 31.99  
 98 W	 7.83  
 99 Y	 9.47  
 100 L	 1.27  
 101 C	 0.91  
 102 I	 2.70  
 103 F	 4.28  
 104 L	 3.20  
 105 G	 16.73  
 106 L	 2.85  
 107 Q	 22.75  
 108 H	 25.31  
 109 Y	 7.25  
 110 L	 2.93  
 111 T	 12.35  
 112 C	 2.06  
 113 F	 6.77  
 114 S	 36.85  
 115 G	 10.82  
 116 T	 12.45  
 117 I	 4.08  
 118 A	 11.63  
 119 V	 2.81  
 120 P	 12.73  
 121 F	 7.59  
 122 L	 2.93  
 123 L	 4.08  
 124 A	 12.50  
 125 D	 34.50  
 126 A	 6.40  
 127 M	 1.64  
 128 C	 3.12  
 129 V	 6.38  
 130 G	 28.05  
 131 D	 25.24  
 132 D	 39.74  
 133 Q	 36.12  
 134 W	 14.43  
 135 A	 7.55  
 136 T	 17.66  
 137 S	 18.42  
 138 Q	 32.51  
 139 L	 3.80  
 140 I	 3.38  
 141 G	 22.73  
 142 T	 13.97  
 143 I	 1.78  
 144 F	 3.79  
 145 F	 2.66  
 146 C	 1.58  
 147 V	 5.40  
 148 G	 16.83  
 149 I	 1.01  
 150 T	 12.88  
 151 T	 24.45  
 152 L	 2.21  
 153 L	 3.90  
 154 Q	 41.42  
 155 T	 24.86  
 156 T	 12.69  
 157 F	 11.18  
 158 G	 8.11  
 159 C	 3.36  
 160 R	 39.45  
 161 L	 5.13  
 162 P	 16.27  
 163 L	 6.18  
 164 F	 5.57  
 165 Q	 41.93  
 166 A	 8.76  
 167 S	 17.09  
 168 A	 11.64  
 169 F	 4.59  
 170 A	 9.77  
 171 F	 4.89  
 172 L	 5.11  
 173 A	 6.83  
 174 P	 25.15  
 175 A	 14.13  
 176 R	 22.54  
 177 A	 14.80  
 178 I	 1.93  
 179 L	 3.98  
 180 S	 28.54  
 181 L	 7.62  
 182 D	 51.93  
 183 K	 54.57  
 184 W	 15.31  
 185 K	 24.29  
 186 C	 5.48  
 187 N	 46.43  
 188 T	 34.96  
 189 T	 16.05  
 190 E	 34.32  
 191 I	 3.36  
 192 T	 13.82  
 193 V	 4.84  
 194 A	 10.49  
 195 N	 43.97  
 196 G	 19.30  
 197 T	 19.43  
 198 A	 13.56  
 199 E	 54.44  
 200 L	 6.70  
 201 L	 3.20  
 202 E	 46.05  
 203 H	 28.54  
 204 I	 2.36  
 205 W	 9.42  
 206 H	 10.93  
 207 P	 21.77  
 208 R	 30.27  
 209 I	 5.19  
 210 Q	 42.91  
 211 E	 34.60  
 212 I	 2.34  
 213 Q	 34.22  
 214 G	 25.14  
 215 A	 3.32  
 216 I	 3.29  
 217 I	 1.86  
 218 M	 1.49  
 219 S	 16.16  
 220 S	 18.91  
 221 L	 2.80  
 222 I	 4.00  
 223 E	 35.70  
 224 V	 2.77  
 225 V	 1.54  
 226 I	 3.77  
 227 G	 11.84  
 228 L	 2.05  
 229 L	 5.81  
 230 G	 34.56  
 231 L	 3.40  
 232 P	 24.98  
 233 G	 33.62  
 234 A	 11.07  
 235 L	 3.29  
 236 L	 3.76  
 237 R	 23.13  
 238 Y	 15.36  
 239 I	 3.56  
 240 G	 11.39  
 241 P	 19.44  
 242 L	 4.57  
 243 T	 26.41  
 244 I	 5.98  
 245 T	 13.99  
 246 P	 22.48  
 247 T	 15.12  
 248 V	 4.25  
 249 A	 8.92  
 250 L	 2.51  
 251 I	 3.63  
 252 G	 18.03  
 253 L	 3.43  
 254 S	 32.14  
 255 G	 24.59  
 256 F	 3.92  
 257 Q	 33.55  
 258 A	 18.38  
 259 A	 15.03  
 260 G	 28.12  
 261 E	 34.33  
 262 R	 47.96  
 263 A	 27.38  
 264 G	 28.69  
 265 K	 34.89  
 266 H	 27.38  
 267 W	 11.90  
 268 G	 9.48  
 269 I	 1.39  
 270 A	 5.29  
 271 M	 2.99  
 272 L	 2.16  
 273 T	 9.15  
 274 I	 1.90  
 275 F	 3.04  
 276 L	 2.04  
 277 V	 2.80  
 278 L	 4.32  
 279 L	 2.79  
 280 F	 3.60  
 281 S	 23.42  
 282 Q	 28.68  
 283 Y	 13.31  
 284 A	 6.74  
 285 R	 43.47  
 286 N	 32.91  
 287 V	 5.87  
 288 K	 44.83  
 289 F	 7.00  
 290 P	 31.35  
 291 L	 4.54  
 292 P	 28.27  
 293 I	 9.97  
 294 Y	 13.79  
 295 K	 57.42  
 296 S	 23.72  
 297 K	 51.67  
 298 K	 67.77  
 299 G	 30.61  
 300 W	 6.17  
 301 T	 28.86  
 302 A	 10.06  
 303 Y	 12.64  
 304 K	 24.95  
 305 F	 5.06  
 306 Q	 41.67  
 307 L	 5.12  
 308 F	 3.61  
 309 K	 48.50  
 310 M	 3.65  
 311 F	 3.97  
 312 P	 14.82  
 313 I	 2.49  
 314 I	 1.85  
 315 L	 2.22  
 316 A	 5.22  
 317 I	 3.32  
 318 L	 1.76  
 319 V	 2.93  
 320 S	 14.46  
 321 W	 5.95  
 322 L	 2.02  
 323 L	 1.50  
 324 C	 2.00  
 325 F	 5.33  
 326 I	 2.49  
 327 F	 1.94  
 328 T	 20.06  
 329 V	 2.75  
 330 T	 24.32  
 331 D	 35.41  
 332 V	 5.77  
 333 F	 6.46  
 334 P	 32.23  
 335 S	 31.76  
 336 N	 49.52  
 337 S	 27.30  
 338 T	 37.17  
 339 D	 34.38  
 340 Y	 13.71  
 341 G	 16.28  
 342 Y	 6.42  
 343 Y	 5.80  
 344 A	 10.22  
 345 R	 19.60  
 346 T	 26.32  
 347 D	 38.53  
 348 A	 17.93  
 349 R	 38.79  
 350 K	 55.91  
 351 G	 15.11  
 352 V	 4.13  
 353 L	 4.31  
 354 L	 2.61  
 355 V	 5.41  
 356 A	 8.79  
 357 P	 29.56  
 358 W	 8.92  
 359 F	 5.79  
 360 K	 38.13  
 361 V	 3.90  
 362 P	 31.50  
 363 Y	 21.48  
 364 P	 14.64  
 365 F	 8.66  
 366 Q	 31.17  
 367 W	 12.87  
 368 G	 11.04  
 369 M	 1.99  
 370 P	 26.22  
 371 T	 20.42  
 372 V	 2.78  
 373 S	 18.19  
 374 A	 12.14  
 375 A	 12.79  
 376 G	 15.99  
 377 V	 2.68  
 378 I	 2.34  
 379 G	 14.47  
 380 M	 1.51  
 381 L	 2.22  
 382 S	 15.32  
 383 A	 8.88  
 384 V	 3.12  
 385 V	 3.28  
 386 A	 6.60  
 387 S	 16.70  
 388 I	 2.67  
 389 I	 2.92  
 390 E	 34.33  
 391 S	 22.82  
 392 I	 2.93  
 393 G	 26.58  
 394 D	 31.44  
 395 Y	 6.43  
 396 Y	 10.43  
 397 A	 3.69  
 398 C	 0.99  
 399 A	 13.79  
 400 R	 27.33  
 401 L	 2.34  
 402 S	 11.59  
 403 C	 8.57  
 404 A	 19.09  
 405 P	 46.38  
 406 P	 28.86  
 407 P	 39.14  
 408 P	 36.45  
 409 I	 4.17  
 410 H	 26.74  
 411 A	 11.06  
 412 I	 1.92  
 413 N	 36.59  
 414 R	 33.21  
 415 G	 17.13  
 416 I	 2.93  
 417 F	 4.57  
 418 V	 5.57  
 419 E	 43.60  
 420 G	 20.00  
 421 L	 1.96  
 422 S	 17.03  
 423 C	 4.18  
 424 V	 4.99  
 425 L	 6.15  
 426 D	 27.95  
 427 G	 16.99  
 428 I	 2.62  
 429 F	 9.78  
 430 G	 30.69  
 431 T	 19.41  
 432 G	 36.56  
 433 N	 40.87  
 434 G	 33.38  
 435 S	 29.17  
 436 T	 33.74  
 437 S	 30.43  
 438 S	 50.32  
 439 S	 23.02  
 440 P	 38.10  
 441 N	 45.66  
 442 I	 4.60  
 443 G	 18.42  
 444 V	 3.81  
 445 L	 3.28  
 446 G	 24.10  
 447 I	 2.70  
 448 T	 20.20  
 449 K	 42.55  
 450 V	 6.70  
 451 G	 19.59  
 452 S	 21.65  
 453 R	 30.84  
 454 R	 31.43  
 455 V	 2.88  
 456 I	 2.18  
 457 Q	 27.96  
 458 Y	 9.52  
 459 G	 6.49  
 460 A	 7.78  
 461 A	 6.80  
 462 L	 2.63  
 463 M	 2.09  
 464 L	 5.50  
 465 G	 13.25  
 466 L	 3.35  
 467 G	 13.61  
 468 M	 4.28  
 469 V	 7.76  
 470 G	 19.19  
 471 K	 25.41  
 472 F	 4.20  
 473 S	 27.78  
 474 A	 15.16  
 475 L	 3.41  
 476 F	 4.31  
 477 A	 15.82  
 478 S	 32.85  
 479 L	 5.10  
 480 P	 41.17  
 481 D	 51.76  
 482 P	 22.69  
 483 V	 11.39  
 484 L	 3.96  
 485 G	 22.07  
 486 A	 8.03  
 487 L	 3.25  
 488 F	 2.72  
 489 C	 3.17  
 490 T	 20.14  
 491 L	 3.53  
 492 F	 3.17  
 493 G	 15.08  
 494 M	 1.60  
 495 I	 1.98  
 496 T	 13.34  
 497 A	 5.18  
 498 V	 6.24  
 499 G	 22.41  
 500 L	 2.17  
 501 S	 29.57  
 502 N	 42.79  
 503 L	 3.85  
 504 Q	 37.18  
 505 F	 5.45  
 506 I	 3.67  
 507 D	 40.88  
 508 L	 5.98  
 509 N	 33.90  
 510 S	 37.66  
 511 S	 24.90  
 512 R	 43.63  
 513 N	 39.52  
 514 L	 2.82  
 515 F	 4.94  
 516 V	 6.03  
 517 L	 4.49  
 518 G	 14.68  
 519 F	 4.41  
 520 S	 19.38  
 521 I	 2.87  
 522 F	 3.73  
 523 F	 7.63  
 524 G	 12.25  
 525 L	 2.78  
 526 V	 8.27  
 527 L	 2.54  
 528 P	 17.28  
 529 S	 32.41  
 530 Y	 12.17  
 531 L	 5.50  
 532 R	 26.46  
 533 Q	 53.98  
 534 N	 25.99  
 535 P	 21.62  
 536 L	 7.64  
 537 V	 4.93  
 538 T	 30.46  
 539 G	 14.16  
 540 I	 2.02  
 541 T	 29.45  
 542 G	 21.39  
 543 I	 2.36  
 544 D	 30.71  
 545 Q	 39.90  
 546 I	 2.40  
 547 L	 2.77  
 548 N	 24.82  
 549 V	 4.09  
 550 L	 3.24  
 551 L	 3.30  
 552 T	 14.35  
 553 T	 18.98  
 554 A	 5.56  
 555 M	 2.35  
 556 F	 4.24  
 557 V	 4.07  
 558 G	 16.71  
 559 G	 9.45  
 560 C	 1.32  
 561 V	 5.72  
 562 A	 6.99  
 563 F	 2.58  
 564 I	 3.22  
 565 L	 3.16  
 566 D	 45.47  
 567 N	 36.14  
 568 T	 28.37  
 569 I	 3.57  
 570 P	 38.27  
 571 G	 50.48  
 572 T	 23.36  
 573 P	 47.57  
 574 E	 61.23  
 575 E	 58.36  
 576 R	 50.94  
 577 G	 39.07  
 578 I	 5.34  
 579 K	 56.24  
 580 K	 63.43  
 581 W	 11.55  
 582 K	 48.83  
 583 K	 64.53  
 584 G	 25.79  
 585 V	 7.99  
 586 S	 39.71  
 587 K	 65.87  
 588 G	 32.57  
 589 S	 23.86  
 590 K	 64.80  
 591 S	 33.13  
 592 L	 8.30  
 593 D	 62.58  
 594 G	 27.35  
 595 M	 2.86  
 596 E	 56.45  
 597 S	 15.49  
 598 Y	 13.86  
 599 N	 50.98  
 600 L	 2.56  
 601 P	 21.80  
 602 F	 19.12  
 603 G	 13.29  
 604 M	 3.13  
 605 N	 32.96  
 606 I	 3.47  
 607 I	 2.40  
 608 K	 39.70  
 609 K	 27.76  
 610 Y	 13.96  
 611 R	 24.72  
 612 C	 2.11  
 613 F	 3.88  
 614 S	 29.41  
 615 Y	 9.03  
 616 L	 2.69  
 617 P	 19.44  
 618 I	 7.71  
 619 S	 18.89  
 620 P	 32.05  
 621 T	 21.23  
 622 F	 5.88  
 623 A	 16.74  
 624 G	 19.06  
 625 Y	 13.14  
 626 T	 21.56  
 627 W	 7.12  
 628 K	 36.24  
 629 G	 28.27  
 630 F	 11.20  
 631 G	 41.05  
 632 K	 52.95  
 633 S	 42.25  
 634 E	 63.81  
 635 N	 50.22  
 636 S	 29.50  
 637 R	 52.33  
 638 S	 42.59  
 639 S	 47.79  
 640 D	 61.09  
 641 K	 62.32  
 642 D	 51.47  
 643 S	 27.70  
 644 Q	 51.70  
 645 A	 17.81  
 646 T	 21.07  
 647 V	 9.17  
