 1 M	 6.38  
 2 A	 23.69  
 3 S	 31.79  
 4 G	 16.39  
 5 S	 31.21  
 6 A	 33.29  
 7 G	 37.87  
 8 K	 38.84  
 9 P	 44.72  
 10 T	 51.65  
 11 G	 30.95  
 12 E	 43.47  
 13 A	 18.00  
 14 A	 16.25  
 15 S	 28.74  
 16 P	 37.43  
 17 A	 20.70  
 18 P	 40.43  
 19 G	 30.28  
 20 S	 20.79  
 21 A	 15.19  
 22 V	 8.55  
 23 G	 26.18  
 24 G	 18.71  
 25 A	 10.48  
 26 S	 32.55  
 27 S	 43.61  
 28 Q	 39.04  
 29 P	 45.79  
 30 R	 29.14  
 31 K	 57.69  
 32 R	 41.42  
 33 L	 3.88  
 34 V	 4.15  
 35 S	 23.30  
 36 I	 2.20  
 37 C	 1.97  
 38 D	 48.85  
 39 H	 15.69  
 40 C	 3.87  
 41 K	 59.14  
 42 G	 35.74  
 43 K	 14.68  
 44 M	 5.19  
 45 Q	 35.95  
 46 L	 2.83  
 47 V	 1.88  
 48 A	 15.43  
 49 D	 30.30  
 50 L	 2.34  
 51 L	 4.68  
 52 L	 5.91  
 53 L	 5.51  
 54 S	 26.54  
 55 S	 34.93  
 56 E	 45.37  
 57 A	 24.03  
 58 R	 20.15  
 59 P	 33.92  
 60 V	 8.78  
 61 L	 3.42  
 62 F	 11.82  
 63 E	 61.17  
 64 G	 18.75  
 65 P	 23.51  
 66 A	 38.93  
 67 S	 27.31  
 68 P	 38.47  
 69 G	 33.86  
 70 A	 19.87  
 71 G	 35.47  
 72 A	 14.55  
 73 E	 55.85  
 74 S	 33.28  
 75 F	 5.90  
 76 E	 59.04  
 77 Q	 26.07  
 78 C	 3.15  
 79 R	 43.75  
 80 D	 50.30  
 81 T	 8.57  
 82 I	 2.44  
 83 I	 2.00  
 84 A	 14.83  
 85 R	 26.93  
 86 T	 22.05  
 87 K	 52.91  
 88 G	 24.84  
 89 L	 2.83  
 90 S	 24.99  
 91 I	 6.55  
 92 L	 2.90  
 93 T	 17.85  
 94 H	 29.78  
 95 D	 34.61  
 96 V	 4.59  
 97 Q	 31.36  
 98 S	 36.16  
 99 Q	 21.55  
 100 L	 6.04  
 101 N	 24.19  
 102 M	 5.76  
 103 G	 22.23  
 104 R	 26.15  
 105 F	 9.56  
 106 G	 23.60  
 107 E	 46.93  
 108 A	 27.72  
 109 G	 22.27  
 110 D	 45.93  
 111 S	 33.14  
 112 L	 4.06  
 113 V	 7.08  
 114 E	 52.94  
 115 L	 5.15  
 116 G	 16.83  
 117 D	 49.25  
 118 L	 3.78  
 119 V	 3.06  
 120 V	 5.15  
 121 S	 23.30  
 122 L	 2.94  
 123 T	 27.69  
 124 E	 31.59  
 125 C	 3.52  
 126 S	 19.50  
 127 A	 14.16  
 128 H	 8.46  
 129 A	 9.49  
 130 A	 7.04  
 131 Y	 9.54  
 132 L	 1.80  
 133 A	 6.29  
 134 A	 6.73  
 135 V	 5.18  
 136 A	 11.89  
 137 T	 18.69  
 138 P	 26.78  
 139 G	 32.27  
 140 A	 17.25  
 141 Q	 39.51  
 142 P	 32.12  
 143 A	 19.00  
 144 Q	 39.00  
 145 P	 39.94  
 146 G	 26.67  
 147 L	 4.63  
 148 V	 4.95  
 149 D	 47.11  
 150 R	 17.43  
 151 Y	 12.64  
 152 R	 24.99  
 153 V	 2.68  
 154 T	 18.30  
 155 R	 16.77  
 156 C	 3.68  
 157 R	 26.22  
 158 H	 47.26  
 159 E	 28.53  
 160 V	 5.63  
 161 E	 37.97  
 162 Q	 58.40  
 163 G	 6.45  
 164 C	 2.06  
 165 A	 15.37  
 166 V	 4.29  
 167 L	 1.31  
 168 R	 29.80  
 169 A	 14.92  
 170 T	 16.64  
 171 P	 25.27  
 172 L	 5.69  
 173 A	 13.01  
 174 D	 49.52  
 175 M	 4.98  
 176 T	 14.39  
 177 P	 19.04  
 178 Q	 35.26  
 179 L	 6.58  
 180 L	 3.01  
 181 L	 9.21  
 182 E	 39.84  
 183 V	 5.37  
 184 S	 14.78  
 185 Q	 63.12  
 186 G	 20.36  
 187 L	 3.18  
 188 S	 26.41  
 189 R	 58.50  
 190 N	 44.18  
 191 L	 3.95  
 192 K	 41.71  
 193 F	 11.35  
 194 L	 3.96  
 195 T	 25.36  
 196 D	 41.62  
 197 A	 3.84  
 198 C	 3.38  
 199 A	 14.10  
 200 L	 4.76  
 201 A	 9.36  
 202 S	 46.55  
 203 D	 47.55  
 204 K	 44.91  
 205 S	 44.39  
 206 R	 44.88  
 207 D	 64.17  
 208 R	 30.26  
 209 F	 10.66  
 210 S	 35.48  
 211 R	 38.74  
 212 E	 60.20  
 213 Q	 39.40  
 214 F	 6.38  
 215 K	 43.98  
 216 L	 11.43  
 217 G	 19.89  
 218 V	 6.63  
 219 K	 23.56  
 220 C	 2.12  
 221 M	 3.97  
 222 S	 28.78  
 223 T	 11.05  
 224 S	 16.96  
 225 A	 10.02  
 226 S	 21.15  
 227 A	 13.30  
 228 L	 2.63  
 229 L	 3.29  
 230 A	 7.21  
 231 C	 2.75  
 232 V	 4.93  
 233 R	 42.76  
 234 E	 28.15  
 235 V	 3.42  
 236 K	 33.79  
 237 A	 29.76  
 238 A	 11.48  
 239 P	 32.94  
 240 S	 40.28  
 241 E	 45.44  
 242 L	 5.87  
 243 A	 11.89  
 244 R	 36.94  
 245 S	 26.55  
 246 R	 12.27  
 247 C	 3.99  
 248 A	 15.55  
 249 L	 3.93  
 250 F	 4.17  
 251 S	 40.11  
 252 G	 16.54  
 253 P	 28.32  
 254 L	 5.21  
 255 V	 3.75  
 256 Q	 43.67  
 257 A	 6.97  
 258 V	 1.60  
 259 S	 20.92  
 260 A	 10.32  
 261 L	 2.77  
 262 V	 6.23  
 263 G	 13.81  
 264 F	 6.23  
 265 A	 12.72  
 266 T	 46.03  
 267 E	 33.40  
 268 P	 26.35  
 269 Q	 39.71  
 270 F	 13.13  
 271 L	 3.70  
 272 G	 20.61  
 273 R	 24.17  
 274 A	 9.66  
 275 A	 13.67  
 276 A	 8.53  
 277 V	 6.62  
 278 S	 18.93  
 279 T	 42.00  
 280 E	 51.71  
 281 G	 24.26  
 282 K	 38.87  
 283 A	 14.98  
 284 V	 6.23  
 285 Q	 30.03  
 286 T	 14.74  
 287 A	 4.29  
 288 I	 4.11  
 289 L	 4.86  
 290 G	 18.72  
 291 G	 18.05  
 292 A	 5.81  
 293 M	 3.36  
 294 S	 20.87  
 295 V	 2.24  
 296 V	 2.05  
 297 S	 17.50  
 298 A	 3.94  
 299 C	 1.40  
 300 V	 4.99  
 301 L	 4.27  
 302 L	 1.23  
 303 T	 17.05  
 304 Q	 24.98  
 305 C	 2.57  
 306 L	 3.25  
 307 R	 44.52  
 308 D	 33.15  
 309 L	 3.90  
 310 A	 15.21  
 311 Q	 56.81  
 312 H	 19.46  
 313 P	 35.26  
 314 D	 62.65  
 315 G	 33.67  
 316 S	 31.90  
 317 A	 19.66  
 318 K	 40.40  
 319 M	 5.94  
 320 S	 29.56  
 321 D	 41.17  
 322 H	 26.62  
 323 R	 35.40  
 324 E	 53.28  
 325 R	 38.61  
 326 L	 5.35  
 327 R	 41.08  
 328 N	 38.25  
 329 S	 20.49  
 330 A	 6.72  
 331 C	 3.74  
 332 A	 13.95  
 333 V	 5.57  
 334 S	 15.11  
 335 E	 52.25  
 336 G	 11.38  
 337 C	 1.81  
 338 T	 41.41  
 339 L	 5.15  
 340 L	 1.60  
 341 S	 19.27  
 342 Q	 44.37  
 343 A	 12.76  
 344 L	 4.54  
 345 R	 40.05  
 346 E	 58.74  
 347 R	 35.68  
 348 S	 39.68  
 349 S	 25.31  
 350 P	 34.23  
 351 R	 51.33  
 352 T	 47.18  
 353 L	 4.81  
 354 P	 30.13  
 355 P	 40.82  
 356 V	 13.33  
 357 N	 41.05  
 358 S	 30.62  
 359 N	 44.78  
 360 S	 23.90  
 361 V	 13.26  
 362 N	 46.10  
