 1 M	 11.04  
 2 A	 23.36  
 3 K	 38.98  
 4 P	 30.84  
 5 L	 8.98  
 6 T	 44.13  
 7 D	 63.42  
 8 Q	 53.53  
 9 E	 51.87  
 10 K	 47.44  
 11 R	 34.68  
 12 R	 49.61  
 13 Q	 37.50  
 14 I	 3.33  
 15 S	 9.63  
 16 I	 5.10  
 17 R	 23.22  
 18 G	 19.77  
 19 I	 1.43  
 20 V	 8.60  
 21 G	 21.07  
 22 V	 3.15  
 23 E	 39.81  
 24 N	 35.57  
 25 V	 2.50  
 26 A	 28.17  
 27 E	 57.76  
 28 L	 5.11  
 29 K	 42.21  
 30 K	 79.81  
 31 G	 24.39  
 32 F	 11.31  
 33 N	 38.85  
 34 R	 31.33  
 35 H	 25.43  
 36 L	 2.99  
 37 H	 13.91  
 38 F	 7.71  
 39 T	 21.64  
 40 L	 4.39  
 41 V	 5.72  
 42 K	 54.83  
 43 D	 39.65  
 44 R	 33.53  
 45 N	 37.60  
 46 V	 6.99  
 47 A	 18.55  
 48 T	 17.99  
 49 P	 19.87  
 50 R	 39.96  
 51 D	 43.62  
 52 Y	 11.19  
 53 Y	 6.15  
 54 F	 3.51  
 55 A	 6.42  
 56 L	 2.29  
 57 A	 7.90  
 58 H	 26.24  
 59 T	 16.19  
 60 V	 4.93  
 61 R	 27.13  
 62 D	 34.83  
 63 H	 16.32  
 64 L	 5.24  
 65 V	 4.36  
 66 G	 26.09  
 67 R	 20.40  
 68 W	 4.40  
 69 I	 3.09  
 70 R	 21.37  
 71 T	 24.36  
 72 Q	 20.43  
 73 Q	 26.41  
 74 H	 17.19  
 75 Y	 14.71  
 76 Y	 13.55  
 77 D	 38.63  
 78 K	 35.99  
 79 C	 4.36  
 80 P	 32.98  
 81 K	 65.06  
 82 R	 13.55  
 83 V	 4.62  
 84 Y	 11.61  
 85 Y	 6.22  
 86 L	 2.29  
 87 S	 15.10  
 88 L	 4.94  
 89 E	 31.21  
 90 F	 6.54  
 91 Y	 6.84  
 92 M	 3.39  
 93 G	 14.19  
 94 R	 18.74  
 95 T	 27.28  
 96 L	 3.39  
 97 Q	 42.61  
 98 N	 34.43  
 99 T	 13.38  
 100 M	 2.22  
 101 I	 3.47  
 102 N	 19.75  
 103 L	 5.12  
 104 G	 22.26  
 105 L	 3.90  
 106 Q	 33.41  
 107 N	 47.80  
 108 A	 6.81  
 109 C	 6.78  
 110 D	 46.05  
 111 E	 36.53  
 112 A	 7.79  
 113 I	 1.80  
 114 Y	 12.53  
 115 Q	 23.96  
 116 L	 4.06  
 117 G	 12.24  
 118 L	 8.45  
 119 D	 40.42  
 120 M	 5.32  
 121 E	 60.13  
 122 E	 55.64  
 123 L	 4.57  
 124 E	 61.27  
 125 E	 69.22  
 126 I	 5.26  
 127 E	 53.77  
 128 E	 59.84  
 129 D	 32.90  
 130 A	 20.56  
 131 G	 46.57  
 132 L	 5.30  
 133 G	 29.80  
 134 N	 46.53  
 135 G	 30.79  
 136 G	 29.02  
 137 L	 3.70  
 138 G	 26.32  
 139 R	 26.62  
 140 L	 3.17  
 141 A	 10.79  
 142 A	 6.81  
 143 C	 2.64  
 144 F	 7.92  
 145 L	 4.85  
 146 D	 19.00  
 147 S	 16.68  
 148 M	 3.09  
 149 A	 12.01  
 150 T	 16.84  
 151 L	 3.72  
 152 G	 14.65  
 153 L	 2.50  
 154 A	 9.24  
 155 A	 11.88  
 156 Y	 12.79  
 157 G	 14.95  
 158 Y	 9.19  
 159 G	 8.11  
 160 I	 2.97  
 161 R	 17.54  
 162 Y	 16.16  
 163 E	 27.69  
 164 Y	 13.44  
 165 G	 13.18  
 166 I	 2.61  
 167 F	 7.42  
 168 N	 40.07  
 169 Q	 31.63  
 170 K	 44.85  
 171 I	 3.32  
 172 R	 43.33  
 173 E	 69.15  
 174 G	 15.40  
 175 W	 8.35  
 176 Q	 43.53  
 177 V	 6.06  
 178 E	 32.16  
 179 E	 59.55  
 180 A	 13.42  
 181 D	 51.39  
 182 D	 54.05  
 183 W	 8.88  
 184 L	 3.59  
 185 R	 31.26  
 186 H	 37.91  
 187 G	 35.15  
 188 N	 32.17  
 189 P	 45.24  
 190 W	 24.58  
 191 E	 37.79  
 192 K	 45.91  
 193 A	 22.27  
 194 R	 42.20  
 195 P	 44.21  
 196 E	 42.72  
 197 F	 8.29  
 198 V	 5.87  
 199 L	 4.44  
 200 P	 16.55  
 201 V	 4.22  
 202 H	 14.31  
 203 F	 7.62  
 204 Y	 6.80  
 205 G	 26.64  
 206 R	 21.19  
 207 V	 5.70  
 208 E	 39.60  
 209 H	 22.03  
 210 T	 17.83  
 211 Q	 39.58  
 212 T	 48.23  
 213 G	 18.58  
 214 T	 25.72  
 215 K	 46.71  
 216 W	 7.95  
 217 V	 6.43  
 218 D	 30.24  
 219 T	 17.40  
 220 Q	 20.89  
 221 V	 4.07  
 222 V	 1.54  
 223 L	 4.21  
 224 A	 8.55  
 225 L	 3.36  
 226 P	 21.24  
 227 Y	 33.04  
 228 D	 42.46  
 229 T	 21.97  
 230 P	 27.66  
 231 V	 6.62  
 232 P	 29.42  
 233 G	 34.26  
 234 Y	 7.21  
 235 M	 3.75  
 236 N	 32.32  
 237 N	 28.95  
 238 T	 15.32  
 239 V	 6.45  
 240 N	 26.56  
 241 T	 10.18  
 242 M	 2.53  
 243 R	 30.85  
 244 L	 2.69  
 245 W	 4.60  
 246 S	 16.69  
 247 A	 10.48  
 248 R	 45.09  
 249 A	 13.63  
 250 P	 35.06  
 251 N	 66.57  
 252 D	 32.52  
 253 F	 14.46  
 254 N	 39.39  
 255 L	 5.37  
 256 Q	 55.12  
 257 D	 40.01  
 258 F	 5.28  
 259 N	 45.19  
 260 V	 6.61  
 261 G	 24.10  
 262 D	 32.83  
 263 Y	 6.76  
 264 I	 2.23  
 265 Q	 21.13  
 266 A	 8.35  
 267 V	 3.07  
 268 L	 6.00  
 269 D	 30.72  
 270 R	 35.58  
 271 N	 43.18  
 272 L	 7.05  
 273 A	 16.02  
 274 E	 59.26  
 275 N	 31.74  
 276 I	 1.78  
 277 S	 28.11  
 278 R	 20.75  
 279 V	 4.85  
 280 L	 5.98  
 281 Y	 9.35  
 282 P	 37.22  
 283 N	 43.21  
 284 D	 49.13  
 285 N	 50.58  
 286 F	 7.04  
 287 F	 17.73  
 288 E	 66.28  
 289 G	 24.47  
 290 K	 46.51  
 291 E	 50.40  
 292 L	 9.90  
 293 R	 40.71  
 294 L	 11.97  
 295 K	 34.35  
 296 Q	 56.04  
 297 E	 39.07  
 298 Y	 10.12  
 299 F	 3.33  
 300 V	 2.54  
 301 V	 1.84  
 302 A	 6.88  
 303 A	 9.38  
 304 T	 18.40  
 305 L	 3.34  
 306 Q	 38.27  
 307 D	 40.71  
 308 V	 2.06  
 309 I	 3.35  
 310 R	 37.52  
 311 R	 26.71  
 312 F	 5.79  
 313 K	 50.36  
 314 A	 18.42  
 315 S	 29.16  
 316 K	 59.61  
 317 F	 14.31  
 318 G	 37.21  
 319 S	 30.61  
 320 K	 59.69  
 321 D	 54.75  
 322 G	 21.84  
 323 M	 6.12  
 324 G	 25.02  
 325 T	 14.76  
 326 V	 3.19  
 327 F	 5.87  
 328 D	 42.85  
 329 A	 13.35  
 330 F	 8.04  
 331 P	 32.61  
 332 D	 49.48  
 333 Q	 27.12  
 334 V	 7.08  
 335 A	 4.34  
 336 I	 5.14  
 337 Q	 25.19  
 338 L	 5.24  
 339 N	 35.44  
 340 D	 55.79  
 341 T	 28.78  
 342 H	 14.43  
 343 P	 30.94  
 344 A	 11.30  
 345 L	 5.38  
 346 A	 19.86  
 347 I	 2.57  
 348 P	 24.06  
 349 E	 49.43  
 350 L	 2.04  
 351 M	 2.70  
 352 R	 31.64  
 353 I	 2.16  
 354 F	 2.59  
 355 V	 7.25  
 356 D	 32.36  
 357 I	 4.17  
 358 E	 44.04  
 359 K	 61.25  
 360 L	 2.51  
 361 P	 39.79  
 362 W	 22.34  
 363 A	 6.97  
 364 K	 50.60  
 365 A	 11.03  
 366 W	 9.23  
 367 E	 45.71  
 368 I	 4.82  
 369 T	 18.25  
 370 K	 56.32  
 371 K	 39.98  
 372 T	 18.30  
 373 F	 7.22  
 374 A	 18.57  
 375 Y	 12.13  
 376 T	 19.66  
 377 N	 19.02  
 378 H	 15.00  
 379 T	 26.30  
 380 V	 6.98  
 381 L	 3.14  
 382 P	 22.07  
 383 E	 62.82  
 384 A	 16.88  
 385 L	 4.35  
 386 E	 60.80  
 387 R	 43.80  
 388 W	 7.60  
 389 P	 18.87  
 390 V	 7.63  
 391 E	 42.91  
 392 L	 6.49  
 393 V	 3.74  
 394 E	 51.08  
 395 K	 48.09  
 396 L	 5.15  
 397 L	 5.33  
 398 P	 31.89  
 399 R	 47.17  
 400 H	 26.35  
 401 L	 5.51  
 402 E	 22.63  
 403 I	 5.24  
 404 I	 1.52  
 405 Y	 19.20  
 406 E	 25.67  
 407 I	 3.57  
 408 N	 32.67  
 409 Q	 39.96  
 410 K	 41.46  
 411 H	 24.17  
 412 L	 6.45  
 413 D	 37.67  
 414 R	 31.47  
 415 I	 1.81  
 416 V	 3.84  
 417 A	 10.91  
 418 L	 5.38  
 419 F	 5.22  
 420 P	 33.97  
 421 K	 61.43  
 422 D	 44.31  
 423 I	 3.34  
 424 S	 30.11  
 425 R	 23.98  
 426 M	 2.26  
 427 R	 30.00  
 428 R	 15.08  
 429 M	 2.42  
 430 S	 25.12  
 431 L	 4.11  
 432 I	 4.99  
 433 E	 56.12  
 434 E	 55.75  
 435 E	 61.53  
 436 G	 50.64  
 437 G	 21.24  
 438 K	 62.05  
 439 R	 28.87  
 440 I	 4.75  
 441 N	 26.14  
 442 M	 2.01  
 443 A	 6.49  
 444 H	 15.51  
 445 L	 1.22  
 446 C	 1.37  
 447 I	 3.62  
 448 V	 6.98  
 449 G	 4.23  
 450 C	 0.98  
 451 H	 27.12  
 452 A	 10.68  
 453 V	 2.59  
 454 N	 39.75  
 455 G	 17.73  
 456 V	 4.07  
 457 A	 13.39  
 458 K	 38.25  
 459 I	 2.44  
 460 H	 20.79  
 461 S	 32.29  
 462 D	 35.22  
 463 I	 3.72  
 464 V	 7.05  
 465 K	 33.31  
 466 T	 21.04  
 467 Q	 32.69  
 468 V	 8.56  
 469 F	 4.52  
 470 K	 60.03  
 471 D	 40.62  
 472 F	 6.70  
 473 S	 51.94  
 474 E	 58.08  
 475 L	 12.87  
 476 E	 47.61  
 477 P	 63.82  
 478 D	 55.84  
 479 K	 60.61  
 480 F	 14.61  
 481 Q	 57.14  
 482 N	 57.14  
 483 K	 32.36  
 484 T	 46.34  
 485 N	 41.29  
 486 G	 30.31  
 487 I	 5.34  
 488 T	 16.49  
 489 P	 23.17  
 490 R	 33.48  
 491 R	 29.60  
 492 W	 7.82  
 493 L	 2.19  
 494 L	 3.99  
 495 L	 2.19  
 496 C	 6.11  
 497 N	 33.37  
 498 P	 37.87  
 499 G	 21.36  
 500 L	 3.37  
 501 A	 18.58  
 502 D	 43.58  
 503 L	 3.12  
 504 I	 4.84  
 505 A	 21.23  
 506 E	 37.91  
 507 K	 47.17  
 508 I	 5.71  
 509 G	 32.56  
 510 E	 50.03  
 511 D	 48.60  
 512 Y	 12.71  
 513 V	 6.34  
 514 K	 46.88  
 515 D	 41.32  
 516 L	 2.66  
 517 S	 33.02  
 518 Q	 61.52  
 519 L	 4.02  
 520 T	 24.75  
 521 K	 53.44  
 522 L	 3.26  
 523 H	 22.27  
 524 S	 37.47  
 525 F	 4.20  
 526 V	 7.41  
 527 S	 27.79  
 528 D	 47.96  
 529 D	 26.49  
 530 I	 4.15  
 531 F	 7.28  
 532 L	 4.99  
 533 R	 23.64  
 534 E	 49.82  
 535 I	 3.48  
 536 A	 13.06  
 537 K	 56.48  
 538 V	 5.98  
 539 K	 51.71  
 540 Q	 63.58  
 541 E	 51.09  
 542 N	 53.09  
 543 K	 52.91  
 544 L	 11.61  
 545 K	 44.58  
 546 F	 11.41  
 547 S	 20.59  
 548 Q	 50.50  
 549 F	 10.36  
 550 L	 7.72  
 551 E	 45.17  
 552 K	 69.37  
 553 E	 41.01  
 554 Y	 31.95  
 555 K	 37.84  
 556 V	 8.03  
 557 K	 32.39  
 558 I	 11.67  
 559 N	 25.36  
 560 P	 31.11  
 561 S	 29.91  
 562 S	 25.40  
 563 M	 3.79  
 564 F	 10.82  
 565 D	 22.44  
 566 V	 3.70  
 567 H	 22.64  
 568 V	 4.47  
 569 K	 30.66  
 570 R	 34.11  
 571 I	 2.10  
 572 H	 36.04  
 573 E	 50.83  
 574 Y	 9.41  
 575 K	 30.59  
 576 R	 31.32  
 577 Q	 46.26  
 578 L	 4.27  
 579 L	 3.00  
 580 N	 34.59  
 581 C	 2.54  
 582 L	 3.34  
 583 H	 15.90  
 584 V	 2.22  
 585 I	 0.96  
 586 T	 16.71  
 587 M	 1.59  
 588 Y	 7.82  
 589 N	 28.51  
 590 R	 25.31  
 591 I	 6.07  
 592 K	 48.13  
 593 K	 76.52  
 594 D	 56.07  
 595 P	 51.09  
 596 K	 72.80  
 597 K	 49.80  
 598 F	 10.48  
 599 F	 11.53  
 600 V	 3.36  
 601 P	 22.52  
 602 R	 36.00  
 603 T	 15.24  
 604 V	 2.95  
 605 I	 2.09  
 606 I	 5.31  
 607 G	 22.03  
 608 G	 13.16  
 609 K	 35.84  
 610 A	 23.36  
 611 A	 11.09  
 612 P	 49.05  
 613 G	 21.91  
 614 Y	 6.33  
 615 H	 18.68  
 616 M	 2.63  
 617 A	 5.74  
 618 K	 24.05  
 619 M	 2.51  
 620 I	 2.18  
 621 I	 2.38  
 622 K	 23.94  
 623 L	 3.48  
 624 I	 1.98  
 625 T	 27.82  
 626 S	 16.61  
 627 V	 3.84  
 628 A	 12.02  
 629 E	 44.86  
 630 V	 3.94  
 631 V	 4.11  
 632 N	 52.98  
 633 N	 43.06  
 634 D	 27.71  
 635 P	 22.83  
 636 M	 6.26  
 637 V	 10.75  
 638 G	 16.89  
 639 S	 24.33  
 640 K	 46.53  
 641 L	 6.00  
 642 K	 36.70  
 643 V	 5.61  
 644 I	 2.89  
 645 F	 8.62  
 646 L	 2.61  
 647 E	 41.28  
 648 N	 31.87  
 649 Y	 11.74  
 650 R	 24.11  
 651 V	 3.77  
 652 S	 16.92  
 653 L	 6.98  
 654 A	 13.68  
 655 E	 53.82  
 656 K	 39.60  
 657 V	 4.82  
 658 I	 2.59  
 659 P	 31.90  
 660 A	 11.56  
 661 T	 31.92  
 662 D	 50.75  
 663 L	 5.43  
 664 S	 30.20  
 665 E	 60.27  
 666 Q	 31.40  
 667 I	 3.29  
 668 S	 16.34  
 669 T	 30.64  
 670 A	 19.00  
 671 G	 24.95  
 672 T	 26.39  
 673 E	 39.66  
 674 A	 17.07  
 675 S	 30.56  
 676 G	 44.69  
 677 T	 23.92  
 678 G	 35.44  
 679 N	 30.24  
 680 M	 3.61  
 681 K	 31.46  
 682 F	 4.72  
 683 M	 2.07  
 684 L	 6.35  
 685 N	 23.15  
 686 G	 20.29  
 687 A	 10.64  
 688 L	 3.67  
 689 T	 19.48  
 690 I	 4.50  
 691 G	 15.11  
 692 T	 14.29  
 693 M	 3.64  
 694 D	 53.54  
 695 G	 14.29  
 696 A	 16.78  
 697 N	 35.49  
 698 V	 5.43  
 699 E	 32.27  
 700 M	 5.04  
 701 A	 9.66  
 702 E	 47.25  
 703 E	 53.05  
 704 A	 23.39  
 705 G	 46.13  
 706 E	 51.24  
 707 E	 59.31  
 708 N	 35.63  
 709 L	 3.84  
 710 F	 7.01  
 711 I	 3.08  
 712 F	 5.01  
 713 G	 9.73  
 714 M	 2.35  
 715 R	 29.14  
 716 V	 5.67  
 717 D	 34.01  
 718 D	 29.15  
 719 V	 2.65  
 720 A	 14.86  
 721 A	 19.01  
 722 L	 7.76  
 723 D	 45.99  
 724 K	 49.28  
 725 K	 67.41  
 726 G	 31.11  
 727 Y	 22.92  
 728 E	 63.03  
 729 A	 11.07  
 730 K	 34.02  
 731 E	 61.47  
 732 Y	 13.10  
 733 Y	 8.87  
 734 E	 42.71  
 735 A	 16.58  
 736 L	 1.95  
 737 P	 52.50  
 738 E	 60.43  
 739 L	 4.99  
 740 K	 38.76  
 741 L	 6.80  
 742 V	 4.30  
 743 I	 4.71  
 744 D	 31.72  
 745 Q	 33.54  
 746 I	 3.84  
 747 D	 43.50  
 748 N	 51.29  
 749 G	 22.64  
 750 F	 7.41  
 751 F	 14.56  
 752 S	 22.23  
 753 P	 38.02  
 754 N	 65.89  
 755 Q	 35.95  
 756 P	 47.08  
 757 D	 55.78  
 758 L	 7.96  
 759 F	 9.72  
 760 K	 56.14  
 761 D	 39.40  
 762 I	 2.24  
 763 I	 3.39  
 764 N	 22.80  
 765 M	 1.61  
 766 L	 3.13  
 767 F	 3.37  
 768 Y	 9.99  
 769 H	 16.67  
 770 D	 46.46  
 771 R	 21.70  
 772 F	 11.16  
 773 K	 37.02  
 774 V	 4.38  
 775 F	 4.39  
 776 A	 22.82  
 777 D	 30.27  
 778 Y	 10.07  
 779 E	 33.79  
 780 A	 14.27  
 781 Y	 6.62  
 782 V	 6.87  
 783 K	 19.95  
 784 C	 4.51  
 785 Q	 48.07  
 786 E	 65.97  
 787 K	 22.70  
 788 V	 4.31  
 789 S	 26.07  
 790 Q	 39.33  
 791 L	 3.22  
 792 Y	 6.08  
 793 M	 6.11  
 794 N	 27.00  
 795 Q	 21.95  
 796 K	 50.82  
 797 A	 8.59  
 798 W	 14.09  
 799 N	 24.13  
 800 T	 9.65  
 801 M	 2.76  
 802 V	 6.92  
 803 L	 2.14  
 804 K	 34.59  
 805 N	 25.60  
 806 I	 3.03  
 807 A	 12.64  
 808 A	 18.28  
 809 S	 33.23  
 810 G	 30.24  
 811 K	 39.31  
 812 F	 10.89  
 813 S	 34.51  
 814 S	 33.95  
 815 D	 51.01  
 816 R	 40.05  
 817 T	 41.20  
 818 I	 3.12  
 819 K	 44.02  
 820 E	 47.04  
 821 Y	 17.60  
 822 A	 12.25  
 823 K	 49.17  
 824 D	 42.85  
 825 I	 2.56  
 826 W	 14.30  
 827 N	 25.85  
 828 M	 4.88  
 829 E	 38.14  
 830 P	 23.52  
 831 S	 42.12  
 832 D	 63.80  
 833 L	 6.61  
 834 K	 34.93  
 835 I	 6.96  
 836 S	 24.94  
 837 L	 7.89  
 838 S	 31.59  
 839 N	 59.47  
 840 E	 52.77  
 841 S	 33.10  
 842 S	 31.27  
 843 N	 65.25  
 844 G	 19.39  
 845 V	 5.97  
 846 S	 19.88  
 847 A	 26.79  
 848 N	 51.81  
 849 G	 36.45  
 850 K	 57.90  
