 1 M	 9.36  
 2 S	 39.53  
 3 K	 65.98  
 4 G	 24.42  
 5 T	 28.88  
 6 S	 34.58  
 7 S	 44.75  
 8 D	 39.83  
 9 T	 28.00  
 10 S	 33.54  
 11 L	 5.73  
 12 G	 27.93  
 13 R	 28.65  
 14 V	 4.27  
 15 S	 18.16  
 16 R	 27.38  
 17 A	 13.12  
 18 A	 18.77  
 19 F	 6.33  
 20 P	 34.37  
 21 S	 28.56  
 22 P	 26.71  
 23 T	 42.72  
 24 A	 12.57  
 25 A	 15.02  
 26 E	 36.14  
 27 M	 3.30  
 28 A	 11.50  
 29 E	 39.94  
 30 I	 2.14  
 31 S	 18.16  
 32 R	 26.20  
 33 I	 4.00  
 34 Q	 27.33  
 35 Y	 18.18  
 36 E	 14.79  
 37 M	 3.98  
 38 E	 37.05  
 39 Y	 14.58  
 40 T	 17.90  
 41 E	 54.34  
 42 G	 19.63  
 43 I	 2.30  
 44 S	 23.69  
 45 Q	 41.07  
 46 R	 14.21  
 47 M	 3.82  
 48 R	 42.92  
 49 V	 5.40  
 50 P	 23.73  
 51 E	 69.07  
 52 K	 47.76  
 53 L	 5.27  
 54 K	 47.63  
 55 V	 16.32  
 56 A	 16.55  
 57 P	 26.18  
 58 P	 38.61  
 59 N	 45.06  
 60 A	 28.65  
 61 D	 58.33  
 62 L	 5.00  
 63 E	 49.56  
 64 Q	 66.36  
 65 G	 19.48  
 66 F	 6.29  
 67 Q	 54.05  
 68 E	 60.95  
 69 G	 29.42  
 70 V	 3.04  
 71 P	 41.34  
 72 N	 42.30  
 73 A	 10.09  
 74 S	 20.86  
 75 V	 3.82  
 76 I	 1.16  
 77 M	 2.85  
 78 Q	 36.17  
 79 V	 2.69  
 80 P	 14.30  
 81 E	 57.07  
 82 R	 22.41  
 83 I	 2.52  
 84 V	 2.78  
 85 V	 5.41  
 86 A	 12.23  
 87 G	 26.36  
 88 N	 38.69  
 89 N	 46.02  
 90 E	 64.88  
 91 D	 43.41  
 92 V	 5.19  
 93 S	 29.81  
 94 F	 7.84  
 95 S	 29.83  
 96 R	 28.54  
 97 P	 29.00  
 98 A	 28.96  
 99 D	 43.32  
 100 L	 6.66  
 101 D	 42.12  
 102 L	 5.09  
 103 I	 2.80  
 104 Q	 48.85  
 105 S	 30.93  
 106 T	 19.17  
 107 P	 40.28  
 108 F	 14.95  
 109 K	 40.08  
 110 P	 24.20  
 111 L	 10.06  
 112 A	 18.62  
 113 L	 9.28  
 114 K	 54.07  
 115 T	 39.10  
 116 P	 17.08  
 117 P	 44.22  
 118 R	 36.96  
 119 V	 6.21  
 120 L	 4.15  
 121 T	 25.94  
 122 L	 4.35  
 123 S	 26.73  
 124 E	 62.52  
 125 R	 33.43  
 126 P	 32.03  
 127 L	 10.22  
 128 D	 44.75  
 129 F	 8.24  
 130 L	 7.99  
 131 D	 46.61  
 132 L	 7.00  
 133 E	 63.91  
 134 R	 50.20  
 135 P	 22.63  
 136 P	 55.94  
 137 T	 54.51  
 138 T	 28.75  
 139 P	 37.16  
 140 Q	 68.80  
 141 N	 50.50  
 142 E	 49.94  
 143 E	 45.37  
 144 I	 2.53  
 145 R	 26.88  
 146 A	 17.49  
 147 V	 3.09  
 148 G	 28.37  
 149 R	 30.36  
 150 L	 5.15  
 151 K	 51.34  
 152 R	 49.50  
 153 E	 47.74  
 154 R	 41.51  
 155 S	 23.16  
 156 M	 7.94  
 157 S	 29.01  
 158 E	 40.33  
 159 N	 36.11  
 160 A	 8.20  
 161 V	 11.03  
 162 R	 23.10  
 163 Q	 52.38  
 164 N	 29.61  
 165 G	 17.54  
 166 Q	 44.31  
 167 L	 4.07  
 168 V	 4.06  
 169 R	 50.24  
 170 N	 35.43  
 171 D	 34.25  
 172 S	 36.59  
 173 L	 5.08  
 174 W	 6.70  
 175 H	 25.35  
 176 R	 30.49  
 177 S	 24.03  
 178 D	 49.10  
 179 S	 41.23  
 180 A	 16.44  
 181 P	 44.31  
 182 R	 57.71  
 183 N	 44.98  
 184 K	 43.25  
 185 I	 4.00  
 186 S	 28.75  
 187 R	 31.04  
 188 F	 6.08  
 189 Q	 45.15  
 190 A	 10.73  
 191 P	 15.41  
 192 I	 6.51  
 193 S	 36.39  
 194 A	 11.15  
 195 P	 28.47  
 196 E	 54.26  
 197 Y	 12.88  
 198 T	 19.08  
 199 V	 7.88  
 200 T	 15.39  
 201 P	 39.41  
 202 S	 26.44  
 203 P	 31.35  
 204 Q	 54.63  
 205 Q	 34.22  
 206 A	 10.71  
 207 R	 26.66  
 208 V	 6.87  
 209 C	 3.46  
 210 P	 20.97  
 211 P	 22.01  
 212 H	 18.63  
 213 M	 9.12  
 214 L	 3.70  
 215 P	 30.02  
 216 E	 66.18  
 217 D	 60.61  
 218 G	 18.07  
 219 A	 26.55  
 220 N	 46.08  
 221 L	 4.19  
 222 S	 23.04  
 223 S	 25.75  
 224 A	 15.44  
 225 R	 34.33  
 226 G	 25.55  
 227 I	 1.65  
 228 L	 3.67  
 229 S	 22.85  
 230 L	 3.56  
 231 I	 3.16  
 232 Q	 36.30  
 233 S	 27.04  
 234 S	 15.01  
 235 T	 29.44  
 236 R	 24.15  
 237 R	 37.42  
 238 A	 11.82  
 239 Y	 10.11  
 240 Q	 23.89  
 241 Q	 26.07  
 242 I	 1.78  
 243 L	 3.03  
 244 D	 40.33  
 245 V	 6.95  
 246 L	 7.35  
 247 D	 51.47  
 248 E	 48.77  
 249 N	 44.95  
 250 R	 42.08  
 251 R	 36.94  
 252 P	 26.68  
 253 V	 5.59  
 254 L	 4.70  
 255 R	 47.89  
 256 G	 30.19  
 257 G	 14.00  
 258 S	 19.98  
 259 A	 12.37  
 260 A	 16.99  
 261 A	 15.98  
 262 T	 25.06  
 263 S	 43.57  
 264 N	 35.25  
 265 P	 26.42  
 266 H	 45.22  
 267 H	 29.60  
 268 D	 52.89  
 269 N	 18.79  
 270 V	 6.59  
 271 R	 30.16  
 272 Y	 17.96  
 273 G	 13.29  
 274 I	 1.80  
 275 S	 24.30  
 276 N	 33.95  
 277 I	 3.88  
 278 D	 41.89  
 279 T	 26.35  
 280 T	 17.18  
 281 I	 5.09  
 282 E	 55.09  
 283 G	 27.03  
 284 T	 19.05  
 285 S	 39.73  
 286 D	 55.57  
 287 D	 43.96  
 288 L	 4.74  
 289 T	 26.02  
 290 V	 4.82  
 291 V	 3.32  
 292 D	 31.89  
 293 A	 6.32  
 294 A	 12.48  
 295 S	 24.91  
 296 L	 4.48  
 297 R	 26.43  
 298 R	 37.03  
 299 Q	 35.01  
 300 I	 2.59  
 301 I	 2.92  
 302 K	 41.14  
 303 L	 4.20  
 304 N	 23.25  
 305 R	 51.64  
 306 R	 26.22  
 307 L	 3.67  
 308 Q	 42.04  
 309 L	 8.44  
 310 L	 5.12  
 311 E	 72.38  
 312 E	 67.83  
 313 E	 65.31  
 314 N	 55.56  
 315 K	 52.43  
 316 E	 70.25  
 317 R	 47.20  
 318 A	 19.15  
 319 K	 55.93  
 320 R	 35.94  
 321 E	 35.11  
 322 M	 2.14  
 323 V	 2.53  
 324 M	 1.78  
 325 Y	 5.87  
 326 S	 8.16  
 327 I	 1.66  
 328 T	 10.39  
 329 V	 3.84  
 330 A	 4.93  
 331 F	 4.03  
 332 W	 7.10  
 333 L	 2.34  
 334 L	 3.30  
 335 N	 29.03  
 336 S	 24.42  
 337 W	 9.13  
 338 L	 2.88  
 339 W	 4.39  
 340 F	 4.39  
 341 R	 31.64  
 342 R	 41.22  
