 1 M	 10.42  
 2 N	 45.99  
 3 S	 25.19  
 4 R	 25.82  
 5 Q	 45.13  
 6 A	 7.70  
 7 W	 5.32  
 8 R	 20.62  
 9 L	 3.83  
 10 L	 3.04  
 11 L	 4.20  
 12 S	 30.47  
 13 Q	 45.64  
 14 G	 31.96  
 15 R	 35.88  
 16 G	 35.34  
 17 D	 39.65  
 18 R	 38.22  
 19 W	 9.36  
 20 V	 3.47  
 21 S	 29.61  
 22 R	 18.47  
 23 P	 38.81  
 24 R	 50.54  
 25 G	 28.95  
 26 H	 22.69  
 27 F	 11.87  
 28 S	 12.00  
 29 P	 34.08  
 30 A	 16.71  
 31 L	 6.35  
 32 R	 37.88  
 33 R	 46.02  
 34 E	 38.38  
 35 F	 6.64  
 36 F	 5.20  
 37 T	 28.67  
 38 T	 27.58  
 39 T	 32.58  
 40 T	 25.63  
 41 K	 47.23  
 42 E	 61.98  
 43 G	 31.06  
 44 Y	 13.84  
 45 D	 51.47  
 46 R	 36.00  
 47 R	 32.47  
 48 P	 29.09  
 49 V	 8.68  
 50 D	 41.55  
 51 I	 4.32  
 52 T	 19.84  
 53 P	 33.94  
 54 L	 7.01  
 55 E	 49.93  
 56 Q	 56.33  
 57 R	 26.95  
 58 K	 52.12  
 59 L	 6.68  
 60 T	 23.62  
 61 F	 17.26  
 62 D	 32.14  
 63 T	 12.59  
 64 H	 20.93  
 65 A	 16.12  
 66 L	 2.49  
 67 V	 4.28  
 68 Q	 50.88  
 69 D	 38.71  
 70 L	 4.59  
 71 E	 47.23  
 72 T	 34.30  
 73 H	 26.08  
 74 G	 39.61  
 75 F	 7.27  
 76 D	 58.65  
 77 K	 40.03  
 78 T	 34.55  
 79 Q	 42.83  
 80 A	 22.56  
 81 E	 29.29  
 82 T	 29.69  
 83 I	 1.41  
 84 V	 3.41  
 85 S	 17.45  
 86 A	 9.68  
 87 L	 1.93  
 88 T	 25.85  
 89 A	 15.16  
 90 L	 3.01  
 91 S	 32.49  
 92 N	 28.39  
 93 V	 5.59  
 94 S	 25.44  
 95 L	 6.16  
 96 D	 24.45  
 97 T	 31.34  
 98 I	 4.64  
 99 Y	 11.73  
 100 K	 35.17  
 101 E	 23.16  
 102 M	 3.28  
 103 V	 3.63  
 104 T	 19.51  
 105 Q	 26.26  
 106 A	 12.03  
 107 Q	 31.46  
 108 Q	 47.26  
 109 E	 28.66  
 110 I	 3.88  
 111 T	 16.12  
 112 V	 4.13  
 113 Q	 23.26  
 114 Q	 28.95  
 115 L	 1.51  
 116 M	 1.60  
 117 A	 14.53  
 118 H	 15.41  
 119 L	 3.27  
 120 D	 30.04  
 121 A	 15.17  
 122 I	 5.85  
 123 R	 30.55  
 124 K	 44.02  
 125 D	 27.08  
 126 M	 1.96  
 127 V	 6.92  
 128 I	 3.10  
 129 L	 4.63  
 130 E	 43.33  
 131 K	 52.41  
 132 S	 28.68  
 133 E	 60.90  
 134 F	 7.63  
 135 A	 15.31  
 136 N	 35.07  
 137 L	 5.01  
 138 R	 39.40  
 139 A	 27.42  
 140 E	 60.53  
 141 N	 53.88  
 142 E	 46.14  
 143 K	 58.01  
 144 M	 4.27  
 145 K	 44.06  
 146 I	 5.94  
 147 E	 40.55  
 148 L	 6.76  
 149 D	 38.14  
 150 Q	 57.86  
 151 V	 6.37  
 152 K	 27.05  
 153 Q	 42.66  
 154 Q	 34.73  
 155 L	 3.33  
 156 M	 2.03  
 157 H	 43.72  
 158 E	 34.22  
 159 T	 14.50  
 160 S	 23.79  
 161 R	 29.81  
 162 I	 4.22  
 163 R	 34.48  
 164 A	 23.51  
 165 D	 42.84  
 166 N	 45.89  
 167 K	 48.35  
 168 L	 11.37  
 169 D	 29.37  
 170 I	 10.32  
 171 N	 35.20  
 172 L	 6.21  
 173 E	 44.09  
 174 R	 32.69  
 175 S	 23.02  
 176 R	 41.39  
 177 V	 5.85  
 178 T	 22.19  
 179 D	 27.60  
 180 M	 2.59  
 181 F	 8.29  
 182 T	 30.09  
 183 D	 43.29  
 184 Q	 57.64  
 185 E	 45.65  
 186 K	 43.00  
 187 Q	 45.34  
 188 L	 5.05  
 189 M	 3.89  
 190 E	 52.15  
 191 T	 25.67  
 192 T	 15.83  
 193 T	 36.20  
 194 E	 49.58  
 195 F	 13.10  
 196 T	 30.84  
 197 K	 54.71  
 198 K	 64.05  
 199 D	 45.67  
 200 T	 47.20  
 201 Q	 58.00  
 202 T	 28.93  
 203 K	 29.82  
 204 S	 28.66  
 205 I	 4.24  
 206 I	 3.82  
 207 S	 32.90  
 208 E	 45.94  
 209 T	 30.70  
 210 S	 31.88  
 211 N	 53.36  
 212 K	 41.55  
 213 I	 7.69  
 214 D	 39.49  
 215 A	 17.36  
 216 E	 35.03  
 217 I	 3.19  
 218 A	 10.58  
 219 S	 35.74  
 220 L	 3.48  
 221 K	 36.80  
 222 T	 36.31  
 223 L	 3.24  
 224 M	 6.85  
 225 E	 55.03  
 226 S	 25.87  
 227 N	 39.36  
 228 K	 57.91  
 229 L	 9.09  
 230 E	 43.74  
 231 T	 22.61  
 232 I	 1.67  
 233 R	 28.03  
 234 Y	 9.24  
 235 L	 2.00  
 236 A	 6.69  
 237 A	 12.02  
 238 S	 16.50  
 239 V	 3.85  
 240 F	 3.55  
 241 T	 12.40  
 242 C	 1.32  
 243 L	 3.34  
 244 A	 6.27  
 245 I	 1.78  
 246 A	 8.95  
 247 L	 3.89  
 248 G	 14.44  
 249 F	 4.04  
 250 Y	 11.78  
 251 R	 28.78  
 252 F	 7.12  
 253 W	 9.10  
 254 K	 47.99  
