 1 M	 6.60  
 2 H	 50.71  
 3 R	 38.91  
 4 K	 42.33  
 5 K	 55.57  
 6 V	 9.89  
 7 D	 47.79  
 8 N	 44.24  
 9 R	 18.33  
 10 I	 3.94  
 11 R	 17.90  
 12 I	 4.17  
 13 L	 2.63  
 14 I	 3.43  
 15 E	 44.48  
 16 N	 43.15  
 17 G	 13.76  
 18 V	 8.24  
 19 A	 13.98  
 20 E	 47.11  
 21 R	 27.72  
 22 Q	 30.71  
 23 R	 41.36  
 24 S	 20.16  
 25 L	 4.04  
 26 F	 4.06  
 27 V	 4.07  
 28 V	 2.89  
 29 V	 5.77  
 30 G	 13.80  
 31 D	 44.54  
 32 R	 48.40  
 33 G	 42.50  
 34 K	 45.97  
 35 D	 49.70  
 36 Q	 34.56  
 37 V	 4.08  
 38 V	 2.99  
 39 I	 2.96  
 40 L	 1.21  
 41 H	 8.00  
 42 H	 18.55  
 43 M	 2.92  
 44 L	 4.05  
 45 S	 16.81  
 46 K	 44.08  
 47 A	 17.78  
 48 T	 26.69  
 49 V	 5.65  
 50 K	 34.03  
 51 A	 25.04  
 52 R	 20.50  
 53 P	 33.38  
 54 S	 25.04  
 55 V	 5.51  
 56 L	 2.83  
 57 W	 4.93  
 58 C	 2.89  
 59 Y	 17.32  
 60 K	 36.31  
 61 K	 31.53  
 62 E	 50.39  
 63 L	 13.25  
 64 G	 22.83  
 65 F	 12.08  
 66 S	 24.36  
 67 S	 25.67  
 68 H	 44.36  
 69 R	 48.41  
 70 K	 39.03  
 71 K	 51.92  
 72 R	 28.66  
 73 M	 4.38  
 74 R	 37.78  
 75 Q	 38.61  
 76 L	 5.94  
 77 Q	 36.34  
 78 K	 66.12  
 79 K	 46.05  
 80 I	 5.58  
 81 K	 59.20  
 82 N	 52.75  
 83 G	 26.95  
 84 T	 26.48  
 85 L	 7.08  
 86 N	 38.97  
 87 I	 4.82  
 88 K	 46.75  
 89 Q	 57.45  
 90 D	 61.62  
 91 D	 47.49  
 92 P	 32.66  
 93 F	 19.18  
 94 E	 48.43  
 95 L	 3.73  
 96 F	 2.55  
 97 I	 3.89  
 98 A	 10.82  
 99 A	 9.07  
 100 T	 23.35  
 101 N	 16.41  
 102 I	 2.63  
 103 R	 19.96  
 104 Y	 4.88  
 105 C	 1.77  
 106 Y	 10.61  
 107 Y	 11.71  
 108 N	 22.63  
 109 E	 35.85  
 110 T	 25.49  
 111 H	 14.69  
 112 K	 47.23  
 113 I	 4.64  
 114 L	 5.29  
 115 G	 34.31  
 116 N	 28.87  
 117 T	 21.55  
 118 F	 7.32  
 119 G	 13.42  
 120 M	 0.94  
 121 C	 2.57  
 122 V	 3.90  
 123 L	 3.26  
 124 Q	 32.71  
 125 D	 38.91  
 126 F	 3.69  
 127 E	 51.57  
 128 A	 19.41  
 129 L	 6.87  
 130 T	 19.72  
 131 P	 30.26  
 132 N	 42.31  
 133 L	 4.10  
 134 L	 3.73  
 135 A	 14.31  
 136 R	 38.99  
 137 T	 19.65  
 138 V	 4.90  
 139 E	 46.66  
 140 T	 21.37  
 141 V	 3.99  
 142 E	 60.59  
 143 G	 31.00  
 144 G	 16.86  
 145 G	 26.59  
 146 L	 2.92  
 147 V	 2.59  
 148 V	 2.83  
 149 I	 2.03  
 150 L	 1.46  
 151 L	 2.70  
 152 R	 28.60  
 153 T	 22.22  
 154 M	 2.31  
 155 N	 43.51  
 156 S	 26.56  
 157 L	 3.30  
 158 K	 37.77  
 159 Q	 45.02  
 160 L	 3.56  
 161 Y	 9.18  
 162 T	 20.35  
 163 V	 2.36  
 164 T	 10.39  
 165 M	 4.38  
 166 D	 26.13  
 167 V	 2.83  
 168 H	 11.42  
 169 S	 30.75  
 170 R	 15.29  
 171 Y	 25.54  
 172 R	 25.61  
 173 T	 28.70  
 174 E	 34.85  
 175 A	 12.67  
 176 H	 20.38  
 177 Q	 52.84  
 178 D	 27.48  
 179 V	 3.85  
 180 V	 6.48  
 181 G	 28.45  
 182 R	 21.43  
 183 F	 10.28  
 184 N	 37.87  
 185 E	 46.38  
 186 R	 25.63  
 187 F	 5.55  
 188 I	 2.98  
 189 L	 2.93  
 190 S	 19.64  
 191 L	 3.49  
 192 A	 14.98  
 193 S	 31.59  
 194 C	 3.98  
 195 K	 43.98  
 196 K	 36.81  
 197 C	 1.93  
 198 L	 5.34  
 199 V	 6.72  
 200 I	 2.89  
 201 D	 30.08  
 202 D	 43.68  
 203 Q	 32.43  
 204 L	 5.75  
 205 N	 28.28  
 206 I	 7.04  
 207 L	 2.76  
 208 P	 22.18  
 209 I	 6.22  
 210 S	 16.67  
 211 S	 23.77  
 212 H	 13.36  
 213 V	 5.25  
 214 A	 8.87  
 215 T	 17.92  
 216 M	 1.73  
 217 E	 42.57  
 218 A	 17.97  
 219 L	 3.97  
 220 P	 26.46  
 221 P	 52.07  
 222 Q	 64.82  
 223 T	 38.18  
 224 P	 37.82  
 225 D	 62.60  
 226 E	 49.41  
 227 S	 46.11  
 228 L	 12.60  
 229 G	 29.01  
 230 P	 29.93  
 231 S	 53.69  
 232 D	 47.50  
 233 L	 8.62  
 234 E	 51.26  
 235 L	 7.20  
 236 R	 37.51  
 237 E	 76.46  
 238 L	 6.36  
 239 K	 40.27  
 240 E	 70.11  
 241 S	 29.73  
 242 L	 5.83  
 243 Q	 62.07  
 244 D	 53.23  
 245 T	 23.08  
 246 Q	 38.68  
 247 P	 27.24  
 248 V	 6.27  
 249 G	 17.45  
 250 V	 4.85  
 251 L	 1.90  
 252 V	 5.00  
 253 D	 28.12  
 254 C	 1.68  
 255 C	 3.06  
 256 K	 59.46  
 257 T	 22.96  
 258 L	 2.55  
 259 D	 52.18  
 260 Q	 48.12  
 261 A	 11.05  
 262 K	 33.13  
 263 A	 18.19  
 264 V	 6.18  
 265 L	 4.47  
 266 K	 37.38  
 267 F	 5.56  
 268 I	 4.53  
 269 E	 54.32  
 270 G	 24.73  
 271 I	 2.89  
 272 S	 43.85  
 273 E	 48.41  
 274 K	 46.17  
 275 T	 24.29  
 276 L	 6.36  
 277 R	 35.20  
 278 S	 30.28  
 279 T	 11.90  
 280 V	 4.30  
 281 A	 10.17  
 282 L	 2.66  
 283 T	 14.45  
 284 A	 8.94  
 285 A	 14.82  
 286 R	 32.64  
 287 G	 37.66  
 288 R	 43.76  
 289 G	 30.97  
 290 K	 35.24  
 291 S	 22.92  
 292 A	 15.36  
 293 A	 14.84  
 294 L	 6.05  
 295 G	 14.34  
 296 L	 3.03  
 297 A	 6.44  
 298 I	 4.34  
 299 A	 8.35  
 300 G	 17.92  
 301 A	 4.77  
 302 V	 4.42  
 303 A	 7.51  
 304 F	 8.30  
 305 G	 18.41  
 306 Y	 7.65  
 307 S	 24.67  
 308 N	 24.19  
 309 I	 2.12  
 310 F	 6.00  
 311 V	 4.60  
 312 T	 24.95  
 313 S	 20.34  
 314 P	 40.28  
 315 S	 44.65  
 316 P	 37.58  
 317 D	 74.74  
 318 N	 36.79  
 319 L	 4.21  
 320 H	 27.12  
 321 T	 35.99  
 322 L	 2.42  
 323 F	 7.81  
 324 E	 43.97  
 325 F	 6.49  
 326 V	 3.69  
 327 F	 8.54  
 328 K	 54.06  
 329 G	 17.75  
 330 F	 5.24  
 331 D	 55.85  
 332 A	 8.36  
 333 L	 5.40  
 334 Q	 39.31  
 335 Y	 19.40  
 336 Q	 20.76  
 337 E	 41.29  
 338 H	 14.42  
 339 L	 8.04  
 340 D	 40.71  
 341 Y	 18.52  
 342 E	 33.03  
 343 I	 2.57  
 344 I	 1.20  
 345 Q	 47.75  
 346 S	 21.50  
 347 L	 7.70  
 348 N	 39.02  
 349 P	 53.50  
 350 E	 61.86  
 351 F	 13.83  
 352 N	 29.70  
 353 K	 49.72  
 354 A	 11.76  
 355 V	 2.83  
 356 I	 4.93  
 357 R	 13.83  
 358 V	 5.01  
 359 N	 19.84  
 360 V	 4.35  
 361 F	 6.82  
 362 R	 34.23  
 363 E	 31.77  
 364 H	 23.92  
 365 R	 30.50  
 366 Q	 44.88  
 367 T	 15.25  
 368 I	 1.90  
 369 Q	 34.22  
 370 Y	 9.42  
 371 I	 1.47  
 372 H	 13.43  
 373 P	 23.44  
 374 A	 11.84  
 375 D	 57.24  
 376 A	 11.49  
 377 V	 5.60  
 378 K	 48.93  
 379 L	 5.03  
 380 G	 20.95  
 381 Q	 41.94  
 382 A	 15.42  
 383 E	 33.92  
 384 L	 4.12  
 385 V	 2.39  
 386 V	 7.74  
 387 I	 2.86  
 388 D	 28.07  
 389 E	 29.14  
 390 A	 9.84  
 391 A	 12.13  
 392 A	 15.81  
 393 I	 2.86  
 394 P	 24.17  
 395 L	 4.13  
 396 P	 29.74  
 397 L	 11.32  
 398 V	 3.60  
 399 K	 42.97  
 400 S	 22.73  
 401 L	 5.48  
 402 L	 9.30  
 403 G	 17.69  
 404 P	 21.18  
 405 Y	 17.44  
 406 L	 2.42  
 407 V	 2.25  
 408 F	 2.90  
 409 M	 1.93  
 410 A	 7.64  
 411 S	 20.31  
 412 T	 14.66  
 413 I	 3.31  
 414 N	 47.27  
 415 G	 20.30  
 416 Y	 13.49  
 417 E	 52.24  
 418 G	 25.61  
 419 T	 19.92  
 420 G	 28.21  
 421 R	 33.97  
 422 S	 24.53  
 423 L	 7.19  
 424 S	 25.38  
 425 L	 6.75  
 426 K	 39.92  
 427 L	 5.32  
 428 I	 2.04  
 429 Q	 46.85  
 430 Q	 31.45  
 431 L	 2.82  
 432 R	 28.31  
 433 Q	 50.61  
 434 Q	 34.01  
 435 S	 21.67  
 436 A	 14.54  
 437 Q	 39.38  
 438 S	 32.06  
 439 Q	 22.54  
 440 V	 7.13  
 441 S	 16.65  
 442 T	 31.04  
 443 T	 25.19  
 444 A	 20.60  
 445 E	 58.11  
 446 N	 44.50  
 447 K	 38.46  
 448 T	 40.74  
 449 T	 24.61  
 450 T	 24.56  
 451 T	 14.00  
 452 A	 11.46  
 453 R	 28.79  
 454 L	 4.02  
 455 A	 8.80  
 456 S	 23.91  
 457 A	 11.67  
 458 R	 35.01  
 459 T	 31.98  
 460 L	 2.43  
 461 H	 32.57  
 462 E	 36.59  
 463 V	 4.88  
 464 S	 22.73  
 465 L	 8.71  
 466 Q	 34.58  
 467 E	 54.12  
 468 S	 10.21  
 469 I	 3.72  
 470 R	 30.73  
 471 Y	 18.58  
 472 A	 7.55  
 473 P	 32.06  
 474 G	 27.60  
 475 D	 46.51  
 476 A	 19.79  
 477 V	 10.40  
 478 E	 39.99  
 479 K	 50.84  
 480 W	 6.21  
 481 L	 5.46  
 482 N	 36.45  
 483 D	 38.56  
 484 L	 3.37  
 485 L	 2.80  
 486 C	 3.81  
 487 L	 5.41  
 488 D	 33.58  
 489 C	 1.70  
 490 L	 5.32  
 491 N	 39.66  
 492 I	 1.44  
 493 T	 17.17  
 494 R	 24.42  
 495 I	 1.85  
 496 V	 3.47  
 497 S	 32.10  
 498 G	 13.23  
 499 C	 2.14  
 500 P	 55.25  
 501 L	 7.52  
 502 P	 16.57  
 503 E	 73.89  
 504 A	 7.08  
 505 C	 3.36  
 506 E	 47.02  
 507 L	 3.63  
 508 Y	 5.31  
 509 Y	 12.13  
 510 V	 2.75  
 511 N	 21.71  
 512 R	 28.39  
 513 D	 42.42  
 514 T	 20.63  
 515 L	 3.06  
 516 F	 4.17  
 517 C	 3.80  
 518 Y	 10.06  
 519 H	 22.01  
 520 K	 27.42  
 521 A	 9.52  
 522 S	 38.81  
 523 E	 41.99  
 524 V	 5.56  
 525 F	 4.17  
 526 L	 3.32  
 527 Q	 25.62  
 528 R	 28.69  
 529 L	 1.20  
 530 M	 2.35  
 531 A	 10.59  
 532 L	 1.89  
 533 Y	 5.61  
 534 V	 4.60  
 535 A	 4.14  
 536 S	 19.80  
 537 H	 28.05  
 538 Y	 14.90  
 539 K	 45.59  
 540 N	 56.38  
 541 S	 22.41  
 542 P	 47.98  
 543 N	 63.55  
 544 D	 41.48  
 545 L	 4.02  
 546 Q	 33.36  
 547 M	 5.13  
 548 L	 2.43  
 549 S	 26.78  
 550 D	 53.24  
 551 A	 10.37  
 552 P	 36.80  
 553 A	 12.40  
 554 H	 19.68  
 555 H	 23.78  
 556 L	 2.02  
 557 F	 2.10  
 558 C	 4.86  
 559 L	 6.70  
 560 L	 4.79  
 561 P	 18.20  
 562 P	 51.74  
 563 V	 9.29  
 564 P	 31.81  
 565 P	 47.02  
 566 T	 28.52  
 567 Q	 38.68  
 568 N	 46.02  
 569 A	 18.06  
 570 L	 4.95  
 571 P	 27.52  
 572 E	 51.52  
 573 V	 3.82  
 574 L	 2.76  
 575 A	 11.09  
 576 V	 2.48  
 577 I	 1.80  
 578 Q	 17.17  
 579 V	 2.50  
 580 C	 1.32  
 581 L	 11.28  
 582 E	 50.05  
 583 G	 25.29  
 584 E	 28.54  
 585 I	 6.38  
 586 S	 21.69  
 587 R	 39.67  
 588 Q	 28.21  
 589 S	 28.12  
 590 I	 2.98  
 591 L	 4.28  
 592 N	 38.95  
 593 S	 25.03  
 594 L	 3.83  
 595 S	 38.52  
 596 R	 67.26  
 597 G	 32.23  
 598 K	 44.02  
 599 K	 51.08  
 600 A	 23.41  
 601 S	 41.54  
 602 G	 38.31  
 603 D	 38.64  
 604 L	 6.05  
 605 I	 2.96  
 606 P	 28.16  
 607 W	 11.48  
 608 T	 14.59  
 609 V	 5.39  
 610 S	 20.50  
 611 E	 51.59  
 612 Q	 33.52  
 613 F	 8.58  
 614 Q	 62.11  
 615 D	 46.13  
 616 P	 28.22  
 617 D	 64.21  
 618 F	 11.56  
 619 G	 43.44  
 620 G	 19.36  
 621 L	 4.38  
 622 S	 42.34  
 623 G	 32.73  
 624 G	 18.81  
 625 R	 27.55  
 626 V	 3.72  
 627 V	 3.36  
 628 R	 14.32  
 629 I	 2.95  
 630 A	 5.30  
 631 V	 6.65  
 632 H	 10.65  
 633 P	 35.09  
 634 D	 33.25  
 635 Y	 16.06  
 636 Q	 42.66  
 637 G	 12.78  
 638 M	 1.89  
 639 G	 30.40  
 640 Y	 11.75  
 641 G	 12.62  
 642 S	 13.09  
 643 R	 34.65  
 644 A	 11.02  
 645 L	 3.42  
 646 Q	 38.86  
 647 L	 3.59  
 648 L	 1.45  
 649 Q	 26.82  
 650 M	 3.77  
 651 Y	 5.84  
 652 Y	 13.43  
 653 E	 26.80  
 654 G	 22.02  
 655 R	 22.01  
 656 F	 8.03  
 657 P	 22.03  
 658 C	 7.40  
 659 L	 10.96  
 660 E	 63.59  
 661 E	 35.20  
 662 K	 42.62  
 663 V	 7.08  
 664 L	 10.06  
 665 E	 62.52  
 666 T	 26.55  
 667 P	 22.04  
 668 Q	 70.47  
 669 E	 37.63  
 670 I	 2.51  
 671 H	 21.33  
 672 T	 27.95  
 673 V	 3.52  
 674 S	 24.50  
 675 S	 25.82  
 676 E	 45.65  
 677 A	 9.72  
 678 V	 3.48  
 679 S	 33.99  
 680 L	 5.84  
 681 L	 4.03  
 682 E	 56.35  
 683 E	 38.91  
 684 V	 4.27  
 685 I	 5.06  
 686 T	 23.40  
 687 P	 30.14  
 688 R	 36.15  
 689 K	 65.89  
 690 D	 66.73  
 691 L	 5.44  
 692 P	 27.85  
 693 P	 42.83  
 694 L	 9.15  
 695 L	 4.97  
 696 L	 8.59  
 697 K	 49.59  
 698 L	 8.97  
 699 N	 41.46  
 700 E	 71.17  
 701 R	 34.36  
 702 P	 32.09  
 703 A	 22.29  
 704 E	 57.36  
 705 R	 34.66  
 706 L	 3.70  
 707 D	 42.72  
 708 Y	 15.22  
 709 L	 5.65  
 710 G	 10.49  
 711 V	 3.53  
 712 S	 16.22  
 713 Y	 17.47  
 714 G	 18.63  
 715 L	 4.53  
 716 T	 11.29  
 717 P	 29.93  
 718 R	 47.63  
 719 L	 6.85  
 720 L	 4.54  
 721 K	 54.49  
 722 F	 10.56  
 723 W	 6.40  
 724 K	 35.19  
 725 R	 30.45  
 726 A	 16.43  
 727 G	 28.28  
 728 F	 5.68  
 729 V	 2.83  
 730 P	 13.53  
 731 V	 6.21  
 732 Y	 7.07  
 733 L	 3.13  
 734 R	 22.19  
 735 Q	 59.73  
 736 T	 20.02  
 737 P	 24.81  
 738 N	 61.38  
 739 D	 46.97  
 740 L	 9.35  
 741 T	 43.30  
 742 G	 37.61  
 743 E	 27.65  
 744 H	 29.34  
 745 S	 10.88  
 746 C	 1.98  
 747 I	 3.98  
 748 M	 3.54  
 749 L	 1.62  
 750 K	 24.90  
 751 T	 30.81  
 752 L	 5.62  
 753 T	 42.44  
 754 D	 65.54  
 755 E	 53.14  
 756 D	 60.23  
 757 E	 52.69  
 758 A	 27.09  
 759 D	 45.68  
 760 Q	 60.39  
 761 G	 29.77  
 762 G	 15.59  
 763 W	 6.94  
 764 L	 2.52  
 765 A	 8.29  
 766 A	 14.52  
 767 F	 7.48  
 768 W	 8.45  
 769 K	 40.30  
 770 D	 32.64  
 771 F	 6.09  
 772 R	 38.71  
 773 R	 33.42  
 774 R	 27.03  
 775 F	 4.43  
 776 L	 2.89  
 777 A	 12.07  
 778 L	 3.38  
 779 L	 3.59  
 780 S	 20.10  
 781 Y	 17.34  
 782 Q	 23.57  
 783 F	 5.88  
 784 S	 17.02  
 785 T	 29.44  
 786 F	 11.08  
 787 S	 17.42  
 788 P	 29.22  
 789 S	 25.69  
 790 L	 7.74  
 791 A	 11.69  
 792 L	 6.00  
 793 N	 24.57  
 794 I	 3.40  
 795 I	 2.63  
 796 Q	 38.75  
 797 N	 27.21  
 798 R	 20.38  
 799 N	 51.62  
 800 M	 7.06  
 801 G	 36.02  
 802 K	 26.81  
 803 P	 30.33  
 804 A	 31.32  
 805 Q	 32.12  
 806 P	 36.96  
 807 A	 13.19  
 808 L	 6.71  
 809 S	 39.49  
 810 R	 42.11  
 811 E	 64.65  
 812 E	 51.29  
 813 L	 3.90  
 814 E	 46.75  
 815 A	 19.08  
 816 L	 3.10  
 817 F	 9.23  
 818 L	 3.90  
 819 P	 17.17  
 820 Y	 35.73  
 821 D	 43.72  
 822 L	 2.61  
 823 K	 52.63  
 824 R	 43.08  
 825 L	 4.19  
 826 E	 39.86  
 827 M	 4.33  
 828 Y	 8.63  
 829 S	 18.83  
 830 R	 20.13  
 831 N	 28.96  
 832 M	 2.06  
 833 V	 8.25  
 834 D	 17.86  
 835 Y	 6.26  
 836 H	 12.38  
 837 L	 2.56  
 838 I	 1.08  
 839 M	 3.44  
 840 D	 25.51  
 841 M	 1.88  
 842 I	 1.49  
 843 P	 19.53  
 844 A	 11.06  
 845 I	 2.09  
 846 S	 18.09  
 847 R	 22.85  
 848 I	 1.97  
 849 Y	 10.82  
 850 F	 4.86  
 851 L	 1.93  
 852 N	 25.73  
 853 Q	 49.31  
 854 L	 5.84  
 855 G	 20.37  
 856 D	 37.04  
 857 L	 4.98  
 858 A	 12.29  
 859 L	 4.68  
 860 S	 18.89  
 861 A	 15.46  
 862 A	 10.65  
 863 Q	 29.02  
 864 S	 19.02  
 865 A	 7.08  
 866 L	 4.99  
 867 L	 4.04  
 868 L	 4.96  
 869 G	 16.34  
 870 I	 5.13  
 871 G	 19.93  
 872 L	 4.56  
 873 Q	 36.43  
 874 H	 29.42  
 875 K	 38.93  
 876 S	 28.89  
 877 V	 6.92  
 878 D	 55.21  
 879 Q	 49.73  
 880 L	 9.81  
 881 E	 42.90  
 882 K	 73.00  
 883 E	 32.11  
 884 I	 11.04  
 885 E	 56.57  
 886 L	 5.13  
 887 P	 24.51  
 888 S	 52.36  
 889 G	 23.77  
 890 Q	 32.39  
 891 L	 3.16  
 892 M	 3.18  
 893 G	 35.39  
 894 L	 1.83  
 895 F	 4.84  
 896 N	 39.00  
 897 R	 20.55  
 898 I	 3.61  
 899 I	 2.92  
 900 R	 24.28  
 901 K	 40.76  
 902 V	 3.09  
 903 V	 5.10  
 904 K	 50.80  
 905 L	 3.63  
 906 F	 6.41  
 907 N	 59.99  
 908 E	 37.94  
 909 V	 10.52  
 910 Q	 40.05  
 911 E	 50.02  
 912 K	 37.26  
 913 A	 17.42  
 914 I	 9.92  
 915 E	 47.22  
 916 E	 37.55  
 917 Q	 20.89  
 918 M	 2.21  
 919 V	 4.72  
 920 A	 11.94  
 921 A	 9.36  
 922 K	 41.12  
 923 D	 33.25  
 924 V	 4.32  
 925 V	 5.29  
 926 M	 5.26  
 927 E	 26.47  
 928 P	 21.50  
 929 T	 20.28  
 930 M	 4.58  
 931 K	 49.11  
 932 T	 22.22  
 933 L	 4.39  
 934 S	 34.02  
 935 D	 64.70  
 936 D	 53.28  
 937 L	 8.44  
 938 D	 50.94  
 939 E	 58.80  
 940 A	 24.41  
 941 A	 15.18  
 942 K	 67.14  
 943 E	 48.08  
 944 F	 12.85  
 945 Q	 60.98  
 946 E	 63.55  
 947 K	 50.36  
 948 H	 45.74  
 949 K	 62.79  
 950 K	 58.30  
 951 E	 62.40  
 952 V	 12.91  
 953 G	 30.58  
 954 K	 58.90  
 955 L	 4.00  
 956 K	 47.42  
 957 S	 28.15  
 958 M	 6.01  
 959 D	 54.88  
 960 L	 2.91  
 961 S	 24.88  
 962 E	 48.31  
 963 Y	 9.77  
 964 I	 1.20  
 965 I	 3.84  
 966 R	 32.69  
 967 G	 35.99  
 968 D	 50.75  
 969 D	 59.55  
 970 E	 70.43  
 971 E	 63.70  
 972 W	 12.30  
 973 N	 32.55  
 974 E	 49.83  
 975 V	 6.88  
 976 L	 4.42  
 977 N	 36.99  
 978 K	 51.03  
 979 A	 37.29  
 980 G	 20.01  
 981 P	 37.77  
 982 N	 45.46  
 983 A	 12.77  
 984 S	 27.39  
 985 I	 2.00  
 986 I	 3.50  
 987 S	 28.24  
 988 L	 4.30  
 989 K	 50.22  
 990 S	 61.01  
 991 D	 59.93  
 992 K	 62.66  
 993 K	 60.81  
 994 R	 55.31  
 995 K	 60.60  
 996 L	 10.06  
 997 E	 57.78  
 998 A	 29.30  
 999 K	 45.91  
 1000 Q	 78.32  
 1001 E	 54.48  
 1002 P	 37.18  
 1003 K	 67.46  
 1004 Q	 71.80  
 1005 S	 37.57  
 1006 K	 60.68  
 1007 K	 70.69  
 1008 L	 7.36  
 1009 K	 63.94  
 1010 N	 58.41  
 1011 R	 51.91  
 1012 E	 73.80  
 1013 T	 36.36  
 1014 K	 63.11  
 1015 N	 65.12  
 1016 K	 52.27  
 1017 K	 72.89  
 1018 D	 40.85  
 1019 M	 8.22  
 1020 K	 62.07  
 1021 L	 5.35  
 1022 K	 57.56  
 1023 R	 63.53  
 1024 K	 62.34  
 1025 K	 70.38  
