 1 M	 8.34  
 2 T	 27.99  
 3 L	 4.99  
 4 Q	 30.11  
 5 G	 29.83  
 6 R	 16.39  
 7 A	 28.99  
 8 D	 39.75  
 9 L	 7.43  
 10 S	 35.92  
 11 G	 37.46  
 12 N	 43.12  
 13 Q	 50.47  
 14 G	 29.73  
 15 N	 19.49  
 16 A	 20.37  
 17 A	 13.98  
 18 G	 23.79  
 19 R	 19.20  
 20 L	 4.60  
 21 A	 13.25  
 22 T	 27.30  
 23 V	 3.91  
 24 H	 29.32  
 25 E	 35.14  
 26 P	 15.82  
 27 V	 7.10  
 28 V	 4.88  
 29 T	 20.73  
 30 Q	 17.96  
 31 W	 7.29  
 32 A	 4.67  
 33 V	 6.76  
 34 H	 18.19  
 35 P	 21.83  
 36 P	 35.68  
 37 A	 20.54  
 38 P	 36.55  
 39 A	 29.36  
 40 H	 16.06  
 41 P	 28.86  
 42 S	 31.53  
 43 L	 9.39  
 44 L	 7.54  
 45 D	 54.25  
 46 K	 49.26  
 47 M	 6.79  
 48 E	 52.38  
 49 K	 63.80  
 50 A	 14.01  
 51 P	 38.84  
 52 P	 64.44  
 53 Q	 49.58  
 54 P	 43.18  
 55 Q	 41.85  
 56 H	 37.46  
 57 E	 62.06  
 58 G	 35.96  
 59 L	 5.29  
 60 K	 71.04  
 61 S	 48.60  
 62 K	 47.79  
 63 E	 58.72  
 64 H	 46.69  
 65 L	 4.25  
 66 P	 32.44  
 67 Q	 69.15  
 68 Q	 36.91  
 69 P	 27.34  
 70 A	 33.56  
 71 E	 68.83  
 72 G	 34.42  
 73 K	 32.21  
 74 T	 40.50  
 75 A	 12.43  
 76 S	 26.33  
 77 R	 40.95  
 78 R	 40.05  
 79 V	 2.92  
 80 P	 27.98  
 81 R	 33.67  
 82 L	 3.18  
 83 R	 26.98  
 84 A	 17.82  
 85 V	 3.87  
 86 V	 5.98  
 87 E	 30.45  
 88 S	 18.39  
 89 Q	 36.99  
 90 A	 27.02  
 91 F	 4.89  
 92 K	 46.20  
 93 N	 26.77  
 94 I	 4.01  
 95 L	 5.77  
 96 V	 5.33  
 97 D	 41.90  
 98 E	 29.60  
 99 M	 3.28  
 100 D	 29.25  
 101 M	 1.73  
 102 M	 1.63  
 103 H	 12.86  
 104 A	 5.73  
 105 R	 15.29  
 106 A	 12.94  
 107 A	 9.44  
 108 T	 24.33  
 109 L	 2.04  
 110 I	 2.93  
 111 Q	 31.58  
 112 A	 15.57  
 113 N	 16.77  
 114 W	 9.70  
 115 R	 28.29  
 116 G	 15.02  
 117 Y	 7.84  
 118 W	 6.46  
 119 L	 2.90  
 120 R	 19.90  
 121 Q	 42.61  
 122 K	 41.16  
 123 L	 3.26  
 124 I	 3.28  
 125 S	 23.59  
 126 Q	 20.76  
 127 M	 1.25  
 128 M	 2.25  
 129 A	 10.64  
 130 A	 5.50  
 131 K	 36.16  
 132 A	 12.17  
 133 I	 3.61  
 134 Q	 38.93  
 135 E	 44.05  
 136 A	 6.68  
 137 W	 7.39  
 138 R	 40.12  
 139 R	 28.87  
 140 F	 10.70  
 141 N	 38.34  
 142 K	 42.51  
 143 R	 24.15  
 144 H	 28.68  
 145 I	 4.26  
 146 L	 2.34  
 147 H	 29.44  
 148 S	 35.70  
 149 S	 18.60  
 150 K	 51.31  
 151 S	 40.10  
 152 L	 8.22  
 153 V	 8.46  
 154 K	 54.44  
 155 K	 35.45  
 156 T	 29.42  
 157 R	 49.21  
 158 A	 25.15  
 159 E	 60.26  
 160 E	 62.27  
 161 G	 29.65  
 162 D	 41.80  
 163 I	 5.54  
 164 P	 21.42  
 165 Y	 15.79  
 166 H	 26.11  
 167 A	 9.58  
 168 P	 16.30  
 169 Q	 56.00  
 170 Q	 27.56  
 171 V	 5.80  
 172 R	 22.59  
 173 F	 9.10  
 174 Q	 40.43  
 175 H	 29.09  
 176 P	 39.55  
 177 E	 66.82  
 178 E	 52.69  
 179 N	 37.93  
 180 R	 40.04  
 181 L	 9.29  
 182 L	 6.97  
 183 S	 32.97  
 184 P	 23.54  
 185 P	 24.75  
 186 I	 5.67  
 187 M	 3.15  
 188 V	 10.82  
 189 N	 21.04  
 190 K	 51.21  
 191 E	 42.51  
 192 T	 36.80  
 193 Q	 49.71  
 194 F	 6.67  
 195 P	 24.99  
 196 S	 35.08  
 197 C	 4.02  
 198 D	 56.70  
 199 N	 36.05  
 200 L	 1.67  
 201 V	 6.26  
 202 L	 2.00  
 203 C	 4.68  
 204 R	 28.29  
 205 P	 37.09  
 206 Q	 36.87  
 207 S	 36.28  
 208 S	 17.83  
 209 P	 42.19  
 210 L	 8.19  
 211 L	 9.02  
 212 Q	 50.00  
 213 P	 22.07  
 214 P	 27.54  
 215 A	 21.07  
 216 A	 17.70  
 217 Q	 59.40  
 218 G	 38.21  
 219 T	 16.64  
 220 P	 50.81  
 221 E	 51.69  
 222 P	 25.45  
 223 C	 3.21  
 224 V	 12.33  
 225 Q	 67.43  
 226 G	 8.79  
 227 P	 9.24  
 228 H	 38.55  
 229 A	 10.49  
 230 A	 13.89  
 231 R	 21.32  
 232 V	 4.96  
 233 R	 28.93  
 234 G	 20.64  
 235 L	 1.82  
 236 A	 13.52  
 237 F	 15.22  
 238 L	 2.85  
 239 P	 15.87  
 240 H	 37.78  
 241 Q	 35.41  
 242 T	 19.31  
 243 V	 3.18  
 244 T	 15.15  
 245 I	 3.57  
 246 R	 21.79  
 247 F	 6.89  
 248 P	 16.20  
 249 C	 4.83  
 250 P	 20.97  
 251 V	 12.98  
 252 S	 12.98  
 253 L	 8.27  
 254 D	 36.15  
 255 A	 21.59  
 256 K	 32.82  
 257 C	 6.14  
 258 Q	 30.91  
 259 P	 21.86  
 260 C	 1.68  
 261 L	 7.52  
 262 L	 3.77  
 263 T	 16.90  
 264 R	 28.29  
 265 T	 18.59  
 266 I	 2.70  
 267 R	 25.87  
 268 S	 21.44  
 269 T	 10.46  
 270 C	 3.83  
 271 L	 2.96  
 272 V	 4.68  
 273 H	 10.22  
 274 I	 5.02  
 275 E	 41.91  
 276 G	 31.71  
 277 D	 37.15  
 278 S	 36.05  
 279 V	 12.42  
 280 K	 52.89  
 281 T	 23.17  
 282 K	 45.12  
 283 R	 32.62  
 284 V	 5.82  
 285 S	 18.96  
 286 A	 21.33  
 287 R	 31.18  
 288 T	 40.56  
 289 N	 30.36  
 290 K	 38.34  
 291 A	 18.22  
 292 R	 52.89  
 293 A	 15.90  
 294 P	 40.20  
 295 E	 63.17  
 296 T	 28.59  
 297 P	 27.03  
 298 L	 8.97  
 299 S	 18.86  
 300 R	 49.19  
 301 R	 35.68  
 302 Y	 15.99  
 303 D	 28.31  
 304 Q	 28.88  
 305 A	 11.18  
 306 V	 3.76  
 307 T	 39.62  
 308 R	 22.16  
 309 P	 20.85  
 310 S	 36.64  
 311 R	 33.14  
 312 A	 22.55  
 313 Q	 32.99  
 314 T	 34.21  
 315 Q	 41.95  
 316 G	 32.15  
 317 P	 18.02  
 318 V	 13.51  
 319 K	 43.57  
 320 A	 26.57  
 321 E	 60.98  
 322 T	 34.64  
 323 P	 23.47  
 324 K	 75.90  
 325 A	 16.02  
 326 P	 28.00  
 327 F	 10.25  
 328 Q	 35.00  
 329 I	 2.91  
 330 C	 1.90  
 331 P	 52.10  
 332 G	 21.72  
 333 P	 8.99  
 334 M	 8.23  
 335 I	 3.93  
 336 T	 16.24  
 337 K	 26.67  
 338 T	 24.85  
 339 L	 3.39  
 340 L	 4.29  
 341 Q	 41.94  
 342 T	 29.75  
 343 Y	 4.89  
 344 P	 24.34  
 345 V	 3.36  
 346 V	 3.09  
 347 S	 15.04  
 348 V	 4.27  
 349 T	 25.80  
 350 L	 2.51  
 351 P	 18.33  
 352 Q	 57.70  
 353 T	 29.54  
 354 Y	 7.49  
 355 P	 24.11  
 356 A	 13.76  
 357 S	 17.76  
 358 T	 22.20  
 359 M	 2.65  
 360 T	 27.83  
 361 T	 26.87  
 362 T	 28.55  
 363 P	 26.71  
 364 P	 50.92  
 365 K	 63.94  
 366 T	 44.00  
 367 S	 29.99  
 368 P	 52.22  
 369 V	 7.79  
 370 P	 28.87  
 371 K	 52.85  
 372 V	 3.68  
 373 T	 24.10  
 374 I	 3.22  
 375 I	 2.72  
 376 K	 44.60  
 377 T	 17.28  
 378 P	 18.59  
 379 A	 16.41  
 380 Q	 32.90  
 381 M	 4.78  
 382 Y	 7.92  
 383 P	 36.62  
 384 G	 17.02  
 385 P	 21.13  
 386 T	 46.88  
 387 V	 6.10  
 388 T	 25.75  
 389 K	 38.05  
 390 T	 35.74  
 391 A	 8.74  
 392 P	 28.66  
 393 H	 37.32  
 394 T	 19.76  
 395 C	 2.18  
 396 P	 32.70  
 397 M	 4.73  
 398 P	 12.26  
 399 T	 31.08  
 400 M	 2.71  
 401 T	 27.72  
 402 K	 21.96  
 403 I	 3.68  
 404 Q	 29.08  
 405 V	 7.13  
 406 H	 9.53  
 407 P	 30.70  
 408 T	 23.53  
 409 A	 11.06  
 410 S	 32.62  
 411 R	 34.41  
 412 T	 42.80  
 413 G	 32.39  
 414 T	 18.06  
 415 P	 27.94  
 416 R	 44.25  
 417 Q	 48.97  
 418 T	 23.03  
 419 C	 1.31  
 420 P	 35.51  
 421 A	 17.49  
 422 T	 12.19  
 423 I	 3.71  
 424 T	 27.50  
 425 A	 11.86  
 426 K	 44.85  
 427 N	 59.40  
 428 R	 23.48  
 429 P	 48.60  
 430 Q	 33.91  
 431 V	 4.89  
 432 S	 16.65  
 433 L	 4.94  
 434 L	 2.47  
 435 A	 11.42  
 436 S	 24.16  
 437 I	 3.16  
 438 M	 1.92  
 439 K	 47.36  
 440 S	 28.09  
 441 L	 2.61  
 442 P	 31.48  
 443 Q	 55.53  
 444 V	 3.93  
 445 C	 2.44  
 446 P	 53.60  
 447 G	 19.92  
 448 P	 12.19  
 449 A	 19.24  
 450 M	 4.41  
 451 A	 18.06  
 452 K	 48.78  
 453 T	 30.57  
 454 P	 19.20  
 455 P	 49.73  
 456 Q	 43.98  
 457 M	 4.81  
 458 H	 14.39  
 459 P	 21.58  
 460 V	 5.90  
 461 T	 31.36  
 462 T	 22.83  
 463 P	 31.69  
 464 A	 23.36  
 465 K	 61.37  
 466 N	 44.62  
 467 P	 25.74  
 468 L	 10.34  
 469 Q	 31.27  
 470 T	 24.09  
 471 C	 1.50  
 472 L	 4.42  
 473 S	 24.68  
 474 A	 8.38  
 475 T	 20.71  
 476 M	 3.75  
 477 S	 28.55  
 478 K	 41.42  
 479 T	 26.72  
 480 S	 28.36  
 481 S	 34.54  
 482 Q	 50.03  
 483 R	 44.89  
 484 S	 19.12  
 485 P	 29.13  
 486 V	 11.54  
 487 G	 25.43  
 488 V	 6.73  
 489 T	 31.17  
 490 K	 40.88  
 491 P	 41.71  
 492 S	 31.06  
 493 P	 48.35  
 494 Q	 43.52  
 495 T	 37.24  
 496 R	 33.17  
 497 L	 3.44  
 498 P	 19.25  
 499 A	 13.45  
 500 M	 3.64  
 501 I	 3.77  
 502 T	 18.77  
 503 K	 41.40  
 504 T	 18.40  
 505 P	 21.40  
 506 A	 26.69  
 507 Q	 38.32  
 508 L	 4.84  
 509 R	 19.60  
 510 S	 25.38  
 511 V	 4.38  
 512 A	 7.09  
 513 T	 25.37  
 514 I	 2.40  
 515 L	 2.77  
 516 K	 35.28  
 517 T	 21.18  
 518 L	 1.84  
 519 C	 3.45  
 520 L	 6.26  
 521 A	 16.68  
 522 S	 14.25  
 523 P	 25.86  
 524 T	 29.74  
 525 V	 4.07  
 526 A	 19.99  
 527 N	 31.33  
 528 V	 3.94  
 529 K	 55.79  
 530 A	 19.40  
 531 P	 17.71  
 532 P	 46.25  
 533 Q	 34.44  
 534 V	 5.96  
 535 A	 4.68  
 536 V	 3.84  
 537 A	 7.16  
 538 A	 18.78  
 539 G	 31.78  
 540 T	 14.51  
 541 P	 40.98  
 542 N	 46.87  
 543 T	 35.35  
 544 S	 36.86  
 545 G	 28.69  
 546 S	 22.12  
 547 I	 5.57  
 548 H	 30.40  
 549 E	 70.53  
 550 N	 43.97  
 551 P	 28.87  
 552 P	 61.90  
 553 K	 64.87  
 554 A	 16.70  
 555 K	 51.20  
 556 A	 22.95  
 557 T	 16.35  
 558 V	 10.41  
 559 N	 30.80  
 560 V	 4.17  
 561 K	 29.08  
 562 Q	 42.12  
 563 A	 11.97  
 564 A	 11.59  
 565 K	 51.05  
 566 V	 4.59  
 567 V	 4.17  
 568 K	 45.60  
 569 A	 12.02  
 570 S	 36.74  
 571 S	 23.79  
 572 P	 25.21  
 573 S	 34.42  
 574 Y	 17.20  
 575 L	 4.03  
 576 A	 18.44  
 577 E	 59.43  
 578 G	 25.69  
 579 K	 20.62  
 580 I	 5.74  
 581 R	 16.94  
 582 C	 4.15  
 583 L	 3.40  
 584 A	 25.20  
 585 Q	 24.72  
 586 P	 29.99  
 587 H	 22.72  
 588 P	 49.04  
 589 G	 31.87  
 590 T	 39.18  
 591 G	 33.09  
 592 V	 2.66  
 593 P	 22.87  
 594 R	 34.16  
 595 A	 12.64  
 596 A	 11.62  
 597 A	 20.20  
 598 E	 46.31  
 599 L	 5.14  
 600 P	 21.47  
 601 L	 17.79  
 602 E	 53.49  
 603 A	 30.94  
 604 E	 46.03  
 605 K	 57.46  
 606 I	 3.48  
 607 K	 52.55  
 608 T	 49.27  
 609 G	 22.58  
 610 T	 37.51  
 611 Q	 36.89  
 612 K	 52.65  
 613 Q	 37.97  
 614 A	 24.61  
 615 K	 42.43  
 616 T	 33.74  
 617 D	 26.21  
 618 M	 5.97  
 619 A	 12.95  
 620 F	 7.72  
 621 K	 30.28  
 622 T	 23.21  
 623 S	 14.52  
 624 V	 9.29  
 625 A	 7.42  
 626 V	 4.91  
 627 E	 17.36  
 628 M	 3.15  
 629 A	 9.48  
 630 G	 36.39  
 631 A	 5.84  
 632 P	 29.49  
 633 S	 47.01  
 634 W	 10.12  
 635 T	 21.70  
 636 K	 32.94  
 637 V	 6.75  
 638 A	 15.64  
 639 E	 66.55  
 640 E	 64.06  
 641 G	 39.48  
 642 D	 64.66  
 643 K	 71.90  
 644 P	 29.03  
 645 P	 35.00  
 646 H	 31.87  
 647 V	 6.76  
 648 Y	 8.94  
 649 V	 3.47  
 650 P	 9.94  
 651 V	 5.84  
 652 D	 17.16  
 653 M	 3.08  
 654 A	 6.15  
 655 V	 4.54  
 656 T	 22.85  
 657 L	 1.87  
 658 P	 29.05  
 659 R	 48.91  
 660 G	 25.55  
 661 Q	 29.25  
 662 L	 4.96  
 663 A	 10.11  
 664 A	 14.29  
 665 P	 33.82  
 666 L	 5.03  
 667 T	 27.90  
 668 N	 45.57  
 669 A	 12.81  
 670 S	 29.13  
 671 S	 28.90  
 672 Q	 45.25  
 673 R	 46.34  
 674 H	 24.02  
 675 P	 24.40  
 676 P	 26.09  
 677 C	 7.23  
 678 L	 6.36  
 679 S	 30.75  
 680 Q	 37.75  
 681 R	 25.48  
 682 P	 20.79  
 683 L	 7.46  
 684 A	 15.09  
 685 A	 13.81  
 686 P	 34.65  
 687 L	 7.04  
 688 T	 24.41  
 689 K	 54.69  
 690 A	 14.80  
 691 S	 25.42  
 692 S	 45.07  
 693 Q	 40.61  
 694 G	 26.67  
 695 H	 22.46  
 696 L	 7.79  
 697 P	 20.39  
 698 T	 50.41  
 699 E	 53.13  
 700 L	 7.00  
 701 T	 27.00  
 702 K	 71.68  
 703 T	 16.93  
 704 P	 28.97  
 705 S	 43.34  
 706 L	 3.52  
 707 A	 12.92  
 708 H	 29.54  
 709 L	 4.92  
 710 D	 26.05  
 711 T	 23.00  
 712 C	 3.94  
 713 L	 6.31  
 714 S	 30.04  
 715 K	 27.90  
 716 M	 3.10  
 717 H	 22.08  
 718 S	 33.02  
 719 Q	 20.47  
 720 T	 23.13  
 721 H	 13.06  
 722 L	 5.32  
 723 A	 9.07  
 724 T	 31.84  
 725 G	 23.82  
 726 A	 8.13  
 727 V	 7.07  
 728 K	 33.74  
 729 V	 5.49  
 730 Q	 24.90  
 731 S	 31.15  
 732 Q	 29.88  
 733 A	 13.30  
 734 P	 18.19  
 735 L	 7.45  
 736 A	 8.66  
 737 T	 18.74  
 738 C	 3.65  
 739 L	 4.83  
 740 T	 33.90  
 741 K	 31.45  
 742 T	 26.92  
 743 Q	 32.46  
 744 S	 43.54  
 745 R	 37.64  
 746 G	 42.75  
 747 Q	 25.72  
 748 P	 33.98  
 749 I	 4.09  
 750 T	 28.21  
 751 D	 36.64  
 752 I	 2.29  
 753 T	 17.80  
 754 T	 12.97  
 755 C	 2.13  
 756 L	 5.02  
 757 I	 2.85  
 758 P	 15.67  
 759 A	 10.63  
 760 H	 16.68  
 761 Q	 40.11  
 762 A	 7.96  
 763 A	 16.23  
 764 D	 50.53  
 765 L	 5.33  
 766 S	 23.30  
 767 S	 53.71  
 768 N	 38.13  
 769 T	 25.50  
 770 H	 22.08  
 771 S	 21.68  
 772 Q	 23.44  
 773 V	 5.47  
 774 L	 2.48  
 775 L	 5.53  
 776 T	 34.94  
 777 G	 25.99  
 778 S	 25.34  
 779 K	 51.53  
 780 V	 8.09  
 781 S	 27.00  
 782 N	 29.75  
 783 H	 22.00  
 784 A	 8.73  
 785 C	 1.56  
 786 Q	 44.40  
 787 R	 34.87  
 788 L	 2.35  
 789 G	 36.87  
 790 G	 22.50  
 791 L	 3.61  
 792 S	 41.84  
 793 A	 21.15  
 794 P	 22.91  
 795 P	 43.29  
 796 W	 18.83  
 797 A	 24.25  
 798 K	 45.10  
 799 P	 40.76  
 800 E	 66.18  
 801 D	 57.42  
 802 R	 39.52  
 803 Q	 57.73  
 804 T	 43.01  
 805 Q	 26.71  
 806 P	 53.72  
 807 Q	 32.57  
 808 P	 41.95  
 809 H	 33.47  
 810 G	 30.12  
 811 H	 21.40  
 812 V	 8.71  
 813 P	 32.65  
 814 G	 38.56  
 815 K	 42.18  
 816 T	 30.21  
 817 T	 28.80  
 818 Q	 61.14  
 819 G	 39.66  
 820 G	 15.72  
 821 P	 27.95  
 822 C	 3.97  
 823 P	 26.48  
 824 A	 31.31  
 825 A	 3.83  
 826 C	 5.98  
 827 E	 32.90  
 828 V	 6.32  
 829 Q	 14.86  
 830 G	 19.30  
 831 M	 1.58  
 832 L	 7.18  
 833 V	 3.57  
 834 P	 14.69  
 835 P	 24.88  
 836 M	 5.97  
 837 A	 12.32  
 838 P	 32.43  
 839 T	 37.68  
 840 G	 16.22  
 841 H	 23.55  
 842 S	 35.68  
 843 T	 11.48  
 844 C	 6.35  
 845 N	 40.45  
 846 V	 7.20  
 847 E	 27.12  
 848 S	 31.88  
 849 W	 12.49  
 850 G	 27.99  
 851 D	 44.10  
 852 N	 37.75  
 853 G	 32.82  
 854 A	 10.52  
 855 T	 28.12  
 856 R	 30.59  
 857 A	 22.68  
 858 Q	 27.58  
 859 P	 31.45  
 860 S	 26.06  
 861 M	 5.71  
 862 P	 35.76  
 863 G	 21.31  
 864 Q	 33.06  
 865 A	 17.09  
 866 V	 3.61  
 867 P	 19.65  
 868 C	 5.78  
 869 Q	 45.60  
 870 E	 65.34  
 871 D	 30.96  
 872 T	 44.29  
 873 G	 27.93  
 874 P	 29.11  
 875 A	 22.19  
 876 D	 47.16  
 877 A	 18.13  
 878 G	 18.39  
 879 V	 3.76  
 880 V	 7.54  
 881 G	 26.47  
 882 G	 13.51  
 883 Q	 39.07  
 884 S	 29.59  
 885 W	 7.16  
 886 N	 29.10  
 887 R	 34.52  
 888 A	 16.27  
 889 W	 14.63  
 890 E	 28.26  
 891 P	 19.29  
 892 A	 15.83  
 893 R	 46.10  
 894 G	 27.83  
 895 A	 7.86  
 896 A	 17.61  
 897 S	 25.58  
 898 W	 11.43  
 899 D	 33.62  
 900 T	 21.77  
 901 W	 10.20  
 902 R	 36.54  
 903 N	 28.35  
 904 K	 33.70  
 905 A	 15.87  
 906 V	 7.68  
 907 V	 6.89  
 908 P	 15.30  
 909 P	 32.48  
 910 R	 39.05  
 911 R	 55.58  
 912 S	 49.11  
 913 G	 41.01  
 914 E	 31.31  
 915 P	 31.81  
 916 M	 2.79  
 917 V	 6.70  
 918 S	 10.02  
 919 M	 1.82  
 920 Q	 29.88  
 921 A	 14.27  
 922 A	 9.69  
 923 E	 57.90  
 924 E	 32.61  
 925 I	 2.21  
 926 R	 22.58  
 927 I	 3.39  
 928 L	 1.93  
 929 A	 6.57  
 930 V	 3.39  
 931 I	 2.03  
 932 T	 10.63  
 933 I	 1.49  
 934 Q	 24.34  
 935 A	 18.01  
 936 G	 8.03  
 937 V	 4.87  
 938 R	 27.41  
 939 G	 21.28  
 940 Y	 6.14  
 941 L	 3.13  
 942 A	 8.41  
 943 R	 26.30  
 944 R	 32.54  
 945 R	 16.90  
 946 I	 3.94  
 947 R	 29.88  
 948 L	 4.14  
 949 W	 2.99  
 950 H	 23.92  
 951 R	 24.00  
 952 G	 12.72  
 953 A	 6.77  
 954 M	 2.80  
 955 V	 2.66  
 956 I	 1.16  
 957 Q	 22.71  
 958 A	 9.67  
 959 T	 10.18  
 960 W	 8.50  
 961 R	 28.10  
 962 G	 13.22  
 963 Y	 9.43  
 964 R	 20.49  
 965 V	 5.19  
 966 R	 16.87  
 967 R	 39.39  
 968 N	 30.89  
 969 L	 2.77  
 970 A	 9.35  
 971 H	 28.73  
 972 L	 1.43  
 973 C	 1.68  
 974 R	 41.13  
 975 A	 14.33  
 976 T	 12.72  
 977 T	 22.40  
 978 T	 16.80  
 979 I	 2.60  
 980 Q	 25.63  
 981 S	 26.42  
 982 A	 5.43  
 983 W	 10.24  
 984 R	 33.61  
 985 G	 15.27  
 986 Y	 9.78  
 987 S	 20.47  
 988 T	 22.65  
 989 R	 33.95  
 990 R	 40.25  
 991 D	 43.11  
 992 Q	 38.18  
 993 A	 15.03  
 994 R	 26.41  
 995 H	 23.33  
 996 W	 4.63  
 997 Q	 20.59  
 998 M	 2.91  
 999 L	 2.18  
 1000 H	 14.94  
 1001 P	 22.67  
 1002 V	 4.60  
 1003 T	 28.39  
 1004 W	 5.04  
 1005 V	 2.96  
 1006 E	 38.69  
 1007 L	 5.67  
 1008 G	 11.11  
 1009 S	 31.42  
 1010 R	 33.30  
 1011 A	 19.34  
 1012 G	 17.98  
 1013 V	 3.03  
 1014 M	 3.18  
 1015 S	 27.71  
 1016 D	 30.45  
 1017 R	 28.60  
 1018 S	 36.91  
 1019 W	 8.87  
 1020 F	 5.10  
 1021 Q	 46.09  
 1022 D	 38.79  
 1023 G	 17.86  
 1024 R	 29.23  
 1025 A	 19.61  
 1026 R	 34.01  
 1027 T	 24.31  
 1028 V	 5.43  
 1029 S	 27.38  
 1030 D	 28.99  
 1031 H	 22.39  
 1032 R	 28.12  
 1033 C	 3.06  
 1034 F	 6.37  
 1035 Q	 47.09  
 1036 S	 6.48  
 1037 C	 2.63  
 1038 Q	 41.24  
 1039 A	 9.14  
 1040 H	 11.03  
 1041 A	 7.12  
 1042 C	 1.94  
 1043 S	 28.67  
 1044 V	 3.24  
 1045 C	 0.74  
 1046 H	 29.62  
 1047 S	 25.48  
 1048 L	 2.10  
 1049 S	 22.15  
 1050 S	 32.96  
 1051 R	 33.63  
 1052 I	 7.47  
 1053 G	 32.75  
 1054 S	 31.13  
 1055 P	 21.70  
 1056 P	 41.26  
 1057 S	 30.63  
 1058 V	 3.46  
 1059 V	 2.63  
 1060 M	 2.05  
 1061 L	 2.39  
 1062 V	 3.64  
 1063 G	 20.60  
 1064 S	 29.68  
 1065 S	 16.69  
 1066 P	 36.98  
 1067 R	 52.51  
 1068 T	 16.42  
 1069 C	 2.36  
 1070 H	 24.47  
 1071 T	 20.85  
 1072 C	 1.22  
 1073 G	 36.50  
 1074 R	 32.13  
 1075 T	 24.96  
 1076 Q	 35.69  
 1077 P	 22.89  
 1078 T	 26.69  
 1079 R	 33.04  
 1080 V	 4.08  
 1081 V	 3.52  
 1082 Q	 33.04  
 1083 G	 15.58  
 1084 M	 1.70  
 1085 G	 29.59  
 1086 Q	 46.90  
 1087 G	 21.72  
 1088 T	 29.85  
 1089 E	 70.93  
 1090 G	 26.27  
 1091 P	 22.72  
 1092 G	 49.84  
 1093 A	 8.70  
 1094 V	 6.42  
 1095 S	 19.18  
 1096 W	 6.40  
 1097 A	 4.10  
 1098 S	 22.66  
 1099 A	 6.58  
 1100 Y	 11.10  
 1101 Q	 25.09  
 1102 L	 1.64  
 1103 A	 7.28  
 1104 A	 19.71  
 1105 L	 6.35  
 1106 S	 17.20  
 1107 P	 39.51  
 1108 R	 60.32  
 1109 Q	 41.35  
 1110 P	 26.38  
 1111 H	 31.53  
 1112 R	 53.74  
 1113 Q	 54.22  
 1114 D	 42.38  
 1115 K	 31.42  
 1116 A	 20.52  
 1117 A	 11.87  
 1118 T	 29.20  
 1119 A	 7.97  
 1120 I	 2.63  
 1121 Q	 25.32  
 1122 S	 24.56  
 1123 A	 5.43  
 1124 W	 13.23  
 1125 R	 40.15  
 1126 G	 19.93  
 1127 F	 4.45  
 1128 K	 39.54  
 1129 I	 4.49  
 1130 R	 22.67  
 1131 Q	 44.91  
 1132 Q	 21.12  
 1133 M	 2.94  
 1134 R	 27.15  
 1135 Q	 32.30  
 1136 Q	 25.34  
 1137 Q	 18.36  
 1138 M	 3.21  
 1139 A	 10.98  
 1140 A	 9.21  
 1141 K	 33.59  
 1142 I	 2.08  
 1143 V	 2.89  
 1144 Q	 36.23  
 1145 A	 9.76  
 1146 T	 9.90  
 1147 W	 13.79  
 1148 R	 30.16  
 1149 G	 14.43  
 1150 H	 15.57  
 1151 H	 26.29  
 1152 T	 20.71  
 1153 R	 22.48  
 1154 S	 25.59  
 1155 C	 5.90  
 1156 L	 5.16  
 1157 K	 67.18  
 1158 N	 30.15  
 1159 T	 22.50  
 1160 E	 46.87  
 1161 A	 13.17  
 1162 L	 4.65  
 1163 L	 11.28  
 1164 G	 19.05  
 1165 P	 33.20  
 1166 A	 39.28  
 1167 D	 40.60  
 1168 P	 33.62  
 1169 S	 41.13  
 1170 A	 19.53  
 1171 S	 32.04  
 1172 S	 26.39  
 1173 R	 28.75  
 1174 H	 17.88  
 1175 M	 3.25  
 1176 H	 22.81  
 1177 W	 5.80  
 1178 P	 18.87  
 1179 G	 32.80  
 1180 I	 4.47  
