 1 M	 12.59  
 2 G	 24.79  
 3 L	 4.60  
 4 S	 36.58  
 5 L	 9.38  
 6 P	 39.11  
 7 K	 76.87  
 8 E	 50.87  
 9 K	 66.21  
 10 G	 21.02  
 11 L	 3.91  
 12 I	 3.30  
 13 L	 2.06  
 14 C	 2.65  
 15 L	 5.33  
 16 W	 9.85  
 17 S	 11.69  
 18 K	 36.58  
 19 F	 2.59  
 20 C	 4.29  
 21 R	 40.14  
 22 W	 8.56  
 23 F	 1.78  
 24 Q	 36.24  
 25 R	 34.56  
 26 R	 31.36  
 27 E	 53.47  
 28 S	 26.37  
 29 W	 8.12  
 30 A	 13.52  
 31 Q	 32.51  
 32 S	 33.67  
 33 R	 39.13  
 34 D	 68.06  
 35 E	 40.01  
 36 Q	 50.59  
 37 N	 40.44  
 38 L	 4.58  
 39 L	 7.13  
 40 Q	 50.33  
 41 Q	 36.64  
 42 K	 32.65  
 43 R	 34.61  
 44 I	 6.53  
 45 W	 12.21  
 46 E	 39.86  
 47 S	 13.07  
 48 P	 18.60  
 49 L	 9.48  
 50 L	 3.29  
 51 L	 6.00  
 52 A	 16.66  
 53 A	 21.50  
 54 K	 52.00  
 55 D	 52.41  
 56 N	 51.12  
 57 D	 44.00  
 58 V	 4.50  
 59 Q	 42.89  
 60 A	 16.98  
 61 L	 3.04  
 62 N	 35.62  
 63 K	 56.92  
 64 L	 4.92  
 65 L	 6.23  
 66 K	 57.96  
 67 Y	 19.57  
 68 E	 56.18  
 69 D	 34.15  
 70 C	 3.11  
 71 K	 55.89  
 72 V	 6.13  
 73 H	 9.34  
 74 Q	 48.79  
 75 R	 21.69  
 76 G	 17.22  
 77 A	 12.66  
 78 M	 5.77  
 79 G	 28.68  
 80 E	 20.16  
 81 T	 28.87  
 82 A	 7.89  
 83 L	 3.81  
 84 H	 12.74  
 85 I	 2.20  
 86 A	 4.81  
 87 A	 13.17  
 88 L	 4.00  
 89 Y	 9.69  
 90 D	 54.83  
 91 N	 26.65  
 92 L	 4.29  
 93 E	 40.41  
 94 A	 12.20  
 95 A	 4.54  
 96 M	 2.83  
 97 V	 3.84  
 98 L	 1.32  
 99 M	 1.93  
 100 E	 37.20  
 101 A	 17.85  
 102 A	 5.70  
 103 P	 42.37  
 104 E	 53.49  
 105 L	 5.35  
 106 V	 4.94  
 107 F	 15.86  
 108 E	 27.04  
 109 P	 21.64  
 110 M	 5.18  
 111 T	 29.75  
 112 S	 21.25  
 113 E	 46.32  
 114 L	 4.77  
 115 Y	 17.60  
 116 E	 58.40  
 117 G	 19.31  
 118 Q	 16.20  
 119 T	 41.88  
 120 A	 6.83  
 121 L	 3.22  
 122 H	 11.96  
 123 I	 3.02  
 124 A	 6.61  
 125 V	 4.03  
 126 V	 4.51  
 127 N	 22.40  
 128 Q	 38.65  
 129 N	 18.99  
 130 M	 2.71  
 131 N	 42.82  
 132 L	 1.60  
 133 V	 2.60  
 134 R	 23.76  
 135 A	 10.23  
 136 L	 2.42  
 137 L	 3.21  
 138 A	 10.36  
 139 R	 34.37  
 140 R	 26.13  
 141 A	 14.55  
 142 S	 18.13  
 143 V	 5.18  
 144 S	 15.00  
 145 A	 11.72  
 146 R	 25.77  
 147 A	 15.31  
 148 T	 29.52  
 149 G	 17.67  
 150 T	 20.47  
 151 A	 9.41  
 152 F	 7.19  
 153 R	 35.39  
 154 R	 38.20  
 155 S	 29.55  
 156 P	 14.81  
 157 C	 7.35  
 158 N	 32.62  
 159 L	 4.24  
 160 I	 1.34  
 161 Y	 14.54  
 162 F	 7.99  
 163 G	 18.48  
 164 E	 32.22  
 165 H	 29.04  
 166 P	 25.95  
 167 L	 7.69  
 168 S	 19.79  
 169 F	 7.05  
 170 A	 9.14  
 171 A	 8.86  
 172 C	 2.39  
 173 V	 8.28  
 174 N	 43.52  
 175 S	 19.06  
 176 E	 46.68  
 177 E	 46.75  
 178 I	 1.59  
 179 V	 3.90  
 180 R	 29.45  
 181 L	 3.80  
 182 L	 2.79  
 183 I	 4.32  
 184 E	 35.92  
 185 H	 29.73  
 186 G	 16.50  
 187 A	 15.80  
 188 D	 35.18  
 189 I	 3.79  
 190 R	 27.09  
 191 A	 20.19  
 192 Q	 30.86  
 193 D	 44.86  
 194 S	 26.54  
 195 L	 9.14  
 196 G	 31.54  
 197 N	 32.10  
 198 T	 23.73  
 199 V	 4.20  
 200 L	 1.63  
 201 H	 14.42  
 202 I	 1.93  
 203 L	 1.92  
 204 I	 3.12  
 205 L	 6.58  
 206 Q	 32.31  
 207 P	 40.62  
 208 N	 42.93  
 209 K	 52.26  
 210 T	 24.09  
 211 F	 7.36  
 212 A	 6.46  
 213 C	 1.77  
 214 Q	 33.68  
 215 M	 2.11  
 216 Y	 4.10  
 217 N	 20.90  
 218 L	 2.54  
 219 L	 2.38  
 220 L	 5.13  
 221 S	 25.59  
 222 Y	 19.57  
 223 D	 32.50  
 224 R	 27.70  
 225 H	 43.04  
 226 G	 25.56  
 227 D	 32.95  
 228 H	 30.84  
 229 L	 7.16  
 230 Q	 32.84  
 231 P	 33.91  
 232 L	 5.26  
 233 D	 52.91  
 234 L	 10.20  
 235 V	 4.44  
 236 P	 39.62  
 237 N	 32.41  
 238 H	 19.60  
 239 Q	 56.05  
 240 G	 24.78  
 241 L	 4.41  
 242 T	 33.24  
 243 P	 29.44  
 244 F	 9.49  
 245 K	 38.33  
 246 L	 5.26  
 247 A	 22.15  
 248 G	 28.57  
 249 V	 7.67  
 250 E	 45.89  
 251 G	 32.47  
 252 N	 18.92  
 253 T	 24.97  
 254 V	 4.14  
 255 M	 2.23  
 256 F	 3.44  
 257 Q	 15.65  
 258 H	 16.41  
 259 L	 2.43  
 260 M	 4.07  
 261 Q	 49.08  
 262 K	 49.82  
 263 R	 21.06  
 264 K	 59.02  
 265 H	 27.59  
 266 T	 28.92  
 267 Q	 30.18  
 268 W	 7.86  
 269 T	 14.58  
 270 Y	 17.49  
 271 G	 11.90  
 272 P	 23.27  
 273 L	 5.26  
 274 T	 23.85  
 275 S	 24.89  
 276 T	 24.89  
 277 L	 2.91  
 278 Y	 14.70  
 279 D	 50.67  
 280 L	 2.67  
 281 T	 28.17  
 282 E	 52.69  
 283 I	 5.40  
 284 D	 30.44  
 285 S	 41.71  
 286 S	 46.65  
 287 G	 46.56  
 288 D	 53.35  
 289 E	 45.66  
 290 Q	 44.08  
 291 S	 32.64  
 292 L	 4.27  
 293 L	 6.44  
 294 E	 43.12  
 295 L	 3.28  
 296 I	 1.60  
 297 I	 6.64  
 298 T	 26.10  
 299 T	 24.94  
 300 K	 40.98  
 301 K	 54.07  
 302 R	 44.34  
 303 E	 58.02  
 304 A	 16.83  
 305 R	 21.22  
 306 Q	 47.87  
 307 I	 3.69  
 308 L	 2.78  
 309 D	 52.52  
 310 Q	 44.23  
 311 T	 29.71  
 312 P	 29.56  
 313 V	 9.51  
 314 K	 46.68  
 315 E	 55.42  
 316 L	 2.35  
 317 V	 7.08  
 318 S	 36.53  
 319 L	 6.30  
 320 K	 43.07  
 321 W	 8.82  
 322 K	 33.87  
 323 R	 37.71  
 324 Y	 17.48  
 325 G	 28.28  
 326 R	 17.51  
 327 P	 23.38  
 328 Y	 14.19  
 329 F	 1.87  
 330 C	 1.49  
 331 M	 2.51  
 332 L	 4.39  
 333 G	 5.30  
 334 A	 5.36  
 335 I	 2.06  
 336 Y	 7.07  
 337 L	 2.09  
 338 L	 1.29  
 339 Y	 5.90  
 340 I	 1.92  
 341 I	 0.71  
 342 C	 1.36  
 343 F	 3.25  
 344 T	 12.61  
 345 M	 0.61  
 346 C	 0.86  
 347 C	 1.81  
 348 I	 2.52  
 349 Y	 7.71  
 350 R	 15.34  
 351 P	 27.97  
 352 L	 9.86  
 353 K	 34.83  
 354 P	 56.88  
 355 R	 48.80  
 356 T	 45.43  
 357 N	 36.95  
 358 N	 48.25  
 359 R	 38.35  
 360 T	 45.25  
 361 S	 18.07  
 362 P	 47.21  
 363 R	 49.97  
 364 D	 56.71  
 365 N	 33.63  
 366 T	 32.89  
 367 L	 5.22  
 368 L	 4.82  
 369 Q	 41.28  
 370 Q	 38.03  
 371 K	 37.90  
 372 L	 5.33  
 373 L	 5.80  
 374 Q	 43.65  
 375 E	 41.56  
 376 A	 6.09  
 377 Y	 10.77  
 378 M	 7.15  
 379 T	 17.95  
 380 P	 22.88  
 381 K	 59.89  
 382 D	 58.74  
 383 D	 33.75  
 384 I	 5.42  
 385 R	 30.25  
 386 L	 6.24  
 387 V	 3.93  
 388 G	 27.41  
 389 E	 32.37  
 390 L	 3.00  
 391 V	 3.32  
 392 T	 21.02  
 393 V	 2.72  
 394 I	 1.94  
 395 G	 13.34  
 396 A	 4.43  
 397 I	 1.37  
 398 I	 1.47  
 399 I	 1.67  
 400 L	 2.86  
 401 L	 1.86  
 402 V	 6.63  
 403 E	 48.58  
 404 V	 3.93  
 405 P	 18.57  
 406 D	 58.81  
 407 I	 1.61  
 408 F	 6.00  
 409 R	 22.68  
 410 M	 3.35  
 411 G	 17.25  
 412 V	 2.25  
 413 T	 18.94  
 414 R	 23.61  
 415 F	 6.19  
 416 F	 6.80  
 417 G	 22.47  
 418 Q	 21.88  
 419 T	 20.67  
 420 I	 2.30  
 421 L	 8.03  
 422 G	 37.57  
 423 G	 20.46  
 424 P	 17.86  
 425 F	 7.62  
 426 H	 19.33  
 427 V	 4.14  
 428 L	 1.43  
 429 I	 1.84  
 430 I	 1.79  
 431 T	 11.21  
 432 Y	 6.34  
 433 A	 4.20  
 434 F	 2.15  
 435 M	 1.41  
 436 V	 2.92  
 437 L	 1.46  
 438 V	 1.90  
 439 T	 10.41  
 440 M	 1.41  
 441 V	 1.15  
 442 M	 1.68  
 443 R	 19.91  
 444 L	 1.64  
 445 I	 1.97  
 446 S	 22.45  
 447 A	 17.98  
 448 S	 28.79  
 449 G	 31.28  
 450 E	 37.53  
 451 V	 7.17  
 452 V	 2.61  
 453 P	 20.20  
 454 M	 3.30  
 455 S	 10.99  
 456 F	 5.05  
 457 A	 6.88  
 458 L	 2.85  
 459 V	 4.10  
 460 L	 4.61  
 461 G	 21.29  
 462 W	 2.65  
 463 C	 2.33  
 464 N	 18.32  
 465 V	 2.74  
 466 M	 1.10  
 467 Y	 6.98  
 468 F	 1.70  
 469 A	 8.00  
 470 R	 36.24  
 471 G	 17.44  
 472 F	 3.00  
 473 Q	 29.08  
 474 M	 4.33  
 475 L	 5.68  
 476 G	 15.21  
 477 P	 21.17  
 478 F	 7.39  
 479 T	 16.87  
 480 I	 2.04  
 481 M	 2.11  
 482 I	 2.92  
 483 Q	 16.34  
 484 K	 24.04  
 485 M	 1.43  
 486 I	 4.50  
 487 F	 5.80  
 488 G	 19.06  
 489 D	 26.92  
 490 L	 2.44  
 491 M	 3.52  
 492 R	 30.76  
 493 F	 1.87  
 494 C	 1.60  
 495 W	 6.10  
 496 L	 1.34  
 497 M	 0.85  
 498 A	 7.11  
 499 V	 1.39  
 500 V	 1.86  
 501 I	 2.21  
 502 L	 2.89  
 503 G	 12.63  
 504 F	 4.32  
 505 A	 9.73  
 506 S	 19.36  
 507 A	 9.61  
 508 F	 4.11  
 509 Y	 7.88  
 510 I	 1.74  
 511 I	 1.11  
 512 F	 5.51  
 513 Q	 33.30  
 514 T	 31.44  
 515 E	 61.87  
 516 D	 60.34  
 517 P	 30.63  
 518 E	 77.50  
 519 E	 66.49  
 520 L	 6.52  
 521 G	 16.49  
 522 H	 30.62  
 523 F	 4.75  
 524 Y	 14.64  
 525 D	 39.87  
 526 Y	 5.41  
 527 P	 9.93  
 528 M	 4.05  
 529 A	 10.84  
 530 L	 2.57  
 531 F	 4.73  
 532 S	 32.79  
 533 T	 17.50  
 534 F	 8.12  
 535 E	 38.41  
 536 L	 3.58  
 537 F	 4.44  
 538 L	 5.41  
 539 T	 14.46  
 540 I	 2.69  
 541 I	 4.17  
 542 D	 53.85  
 543 G	 16.89  
 544 P	 17.37  
 545 A	 36.35  
 546 N	 31.85  
 547 Y	 20.76  
 548 N	 22.19  
 549 V	 5.88  
 550 D	 45.01  
 551 L	 2.83  
 552 P	 13.90  
 553 F	 10.50  
 554 M	 2.12  
 555 Y	 9.41  
 556 S	 9.18  
 557 I	 1.56  
 558 T	 10.93  
 559 Y	 8.34  
 560 A	 6.35  
 561 A	 5.51  
 562 F	 3.69  
 563 A	 6.37  
 564 I	 1.45  
 565 I	 1.83  
 566 A	 6.01  
 567 T	 15.26  
 568 L	 1.63  
 569 L	 2.97  
 570 M	 2.34  
 571 L	 4.05  
 572 N	 20.88  
 573 L	 3.01  
 574 L	 1.98  
 575 I	 2.32  
 576 A	 5.06  
 577 M	 2.15  
 578 M	 3.04  
 579 G	 24.47  
 580 D	 19.94  
 581 T	 20.01  
 582 H	 18.32  
 583 W	 9.87  
 584 R	 14.24  
 585 V	 5.56  
 586 A	 7.11  
 587 H	 27.97  
 588 E	 52.68  
 589 R	 32.60  
 590 D	 52.97  
 591 E	 57.35  
 592 L	 4.37  
 593 W	 7.48  
 594 R	 29.28  
 595 A	 7.59  
 596 Q	 23.32  
 597 I	 1.91  
 598 V	 2.29  
 599 A	 10.13  
 600 T	 14.72  
 601 T	 8.32  
 602 V	 3.42  
 603 M	 2.78  
 604 L	 5.11  
 605 E	 29.67  
 606 R	 41.68  
 607 K	 54.17  
 608 L	 3.97  
 609 P	 28.15  
 610 R	 38.30  
 611 C	 4.38  
 612 L	 8.13  
 613 W	 7.01  
 614 P	 13.96  
 615 R	 35.61  
 616 S	 28.56  
 617 G	 22.08  
 618 I	 2.07  
 619 C	 4.85  
 620 G	 24.43  
 621 R	 29.56  
 622 E	 29.27  
 623 Y	 19.11  
 624 G	 20.59  
 625 L	 6.71  
 626 G	 20.34  
 627 D	 50.08  
 628 R	 25.01  
 629 W	 11.02  
 630 F	 3.04  
 631 L	 4.81  
 632 R	 21.95  
 633 V	 11.04  
 634 E	 40.83  
 635 D	 51.16  
 636 R	 20.57  
 637 Q	 72.38  
 638 D	 46.97  
 639 L	 4.27  
 640 N	 46.45  
 641 R	 34.16  
 642 Q	 45.84  
 643 R	 24.62  
 644 I	 1.75  
 645 Q	 34.22  
 646 R	 26.78  
 647 Y	 6.16  
 648 A	 9.09  
 649 Q	 35.31  
 650 A	 7.04  
 651 F	 3.93  
 652 H	 20.05  
 653 T	 30.21  
 654 R	 37.76  
 655 G	 36.22  
 656 S	 25.33  
 657 E	 66.47  
 658 D	 62.96  
 659 L	 8.49  
 660 D	 66.10  
 661 K	 60.23  
 662 D	 58.54  
 663 S	 37.61  
 664 V	 12.33  
 665 E	 56.74  
 666 K	 45.14  
 667 L	 4.09  
 668 E	 54.93  
 669 L	 14.34  
 670 G	 14.00  
 671 C	 4.87  
 672 P	 30.83  
 673 F	 24.04  
 674 S	 9.14  
 675 P	 32.58  
 676 H	 27.18  
 677 L	 6.80  
 678 S	 27.65  
 679 L	 5.47  
 680 P	 29.30  
 681 M	 4.72  
 682 P	 29.64  
 683 S	 26.86  
 684 V	 4.55  
 685 S	 25.50  
 686 R	 41.62  
 687 S	 24.19  
 688 T	 27.35  
 689 S	 31.26  
 690 R	 34.42  
 691 S	 33.30  
 692 S	 25.22  
 693 A	 26.80  
 694 N	 42.99  
 695 W	 7.57  
 696 E	 41.46  
 697 R	 27.13  
 698 L	 3.04  
 699 R	 38.82  
 700 Q	 54.54  
 701 G	 21.93  
 702 T	 14.57  
 703 L	 5.59  
 704 R	 29.88  
 705 R	 50.88  
 706 D	 33.99  
 707 L	 5.25  
 708 R	 38.26  
 709 G	 32.21  
 710 I	 1.72  
 711 I	 2.99  
 712 N	 30.01  
 713 R	 40.44  
 714 G	 29.00  
 715 L	 4.97  
 716 E	 67.79  
 717 D	 71.81  
 718 G	 22.82  
 719 E	 66.07  
 720 S	 30.64  
 721 W	 12.19  
 722 E	 36.52  
 723 Y	 12.78  
 724 Q	 24.33  
 725 I	 6.28  
