 1 M	 10.01  
 2 E	 68.64  
 3 E	 53.35  
 4 V	 4.01  
 5 P	 37.92  
 6 G	 37.69  
 7 D	 30.23  
 8 A	 21.74  
 9 L	 4.13  
 10 C	 4.02  
 11 E	 53.08  
 12 H	 25.50  
 13 F	 4.41  
 14 E	 42.59  
 15 A	 13.86  
 16 N	 23.70  
 17 I	 5.93  
 18 L	 3.96  
 19 T	 21.72  
 20 Q	 31.74  
 21 N	 41.27  
 22 R	 17.37  
 23 C	 4.46  
 24 Q	 46.63  
 25 N	 33.76  
 26 C	 1.05  
 27 F	 16.46  
 28 H	 30.94  
 29 P	 22.37  
 30 E	 60.28  
 31 E	 50.87  
 32 A	 12.54  
 33 H	 33.45  
 34 G	 20.85  
 35 A	 9.35  
 36 R	 37.96  
 37 Y	 13.05  
 38 Q	 37.38  
 39 E	 36.90  
 40 L	 3.76  
 41 R	 45.85  
 42 S	 35.72  
 43 P	 30.28  
 44 S	 52.46  
 45 G	 29.19  
 46 A	 20.96  
 47 E	 47.77  
 48 V	 3.97  
 49 P	 18.62  
 50 Y	 12.08  
 51 C	 3.38  
 52 D	 54.59  
 53 L	 2.29  
 54 P	 23.68  
 55 R	 53.52  
 56 C	 4.46  
 57 P	 29.39  
 58 P	 65.16  
 59 A	 12.78  
 60 P	 52.90  
 61 E	 74.50  
 62 D	 48.67  
 63 P	 26.93  
 64 L	 11.76  
 65 S	 26.09  
 66 A	 25.22  
 67 S	 21.52  
 68 T	 28.93  
 69 S	 34.77  
 70 G	 17.36  
 71 C	 2.46  
 72 Q	 42.67  
 73 S	 28.34  
 74 V	 2.03  
 75 V	 9.96  
 76 D	 29.42  
 77 P	 31.91  
 78 G	 29.83  
 79 L	 7.90  
 80 R	 39.79  
 81 P	 69.36  
 82 G	 33.65  
 83 P	 26.34  
 84 K	 75.74  
 85 R	 66.44  
 86 G	 32.91  
 87 P	 47.29  
 88 S	 34.02  
 89 P	 31.19  
 90 S	 39.03  
 91 A	 27.25  
 92 G	 46.21  
 93 L	 4.89  
 94 P	 36.35  
 95 E	 79.30  
 96 E	 69.41  
 97 G	 24.17  
 98 P	 23.34  
 99 T	 46.43  
 100 A	 20.71  
 101 A	 11.52  
 102 P	 32.11  
 103 R	 39.72  
 104 S	 33.28  
 105 R	 40.80  
 106 S	 31.21  
 107 R	 51.95  
 108 E	 52.81  
 109 L	 5.07  
 110 E	 42.75  
 111 A	 21.87  
 112 V	 2.03  
 113 P	 34.73  
 114 Y	 15.70  
 115 L	 3.26  
 116 E	 46.44  
 117 G	 26.23  
 118 L	 3.26  
 119 T	 25.79  
 120 T	 25.41  
 121 S	 19.21  
 122 L	 3.44  
 123 C	 3.65  
 124 G	 40.29  
 125 S	 16.87  
 126 C	 3.82  
 127 N	 59.40  
 128 E	 70.66  
 129 D	 38.58  
 130 P	 37.70  
 131 G	 57.93  
 132 S	 45.89  
 133 D	 57.31  
 134 P	 35.56  
 135 T	 46.99  
 136 S	 45.31  
 137 S	 34.89  
 138 P	 39.07  
 139 D	 53.50  
 140 S	 37.11  
 141 A	 30.45  
 142 T	 31.07  
 143 P	 36.88  
 144 D	 68.42  
 145 D	 53.92  
 146 T	 36.87  
 147 S	 41.53  
 148 N	 48.26  
 149 S	 24.61  
 150 S	 38.33  
 151 S	 24.74  
 152 V	 10.49  
 153 D	 39.21  
 154 W	 10.87  
 155 D	 36.09  
 156 T	 21.73  
 157 V	 5.45  
 158 E	 51.22  
 159 R	 44.89  
 160 Q	 49.28  
 161 E	 65.12  
 162 E	 51.63  
 163 E	 66.19  
 164 A	 13.50  
 165 P	 38.95  
 166 S	 54.96  
 167 W	 11.31  
 168 D	 45.42  
 169 E	 32.16  
 170 L	 3.95  
 171 A	 6.18  
 172 V	 5.81  
 173 M	 2.65  
 174 I	 1.61  
 175 P	 14.24  
 176 R	 50.76  
 177 R	 29.31  
 178 P	 39.70  
 179 R	 60.74  
 180 E	 76.00  
 181 G	 20.48  
 182 P	 24.43  
 183 R	 62.98  
 184 A	 24.95  
 185 D	 50.53  
 186 S	 27.64  
 187 S	 25.00  
 188 Q	 49.89  
 189 R	 50.87  
 190 A	 7.15  
 191 P	 27.91  
 192 S	 34.72  
 193 L	 5.72  
 194 L	 4.37  
 195 T	 34.10  
 196 R	 38.64  
 197 S	 20.78  
 198 P	 26.02  
 199 V	 16.45  
 200 G	 31.48  
 201 G	 22.94  
 202 D	 27.58  
 203 A	 19.43  
 204 A	 26.20  
 205 G	 41.37  
 206 Q	 49.25  
 207 K	 58.15  
 208 K	 53.59  
 209 E	 68.77  
 210 D	 60.58  
 211 T	 38.53  
 212 G	 45.10  
 213 G	 37.16  
 214 G	 29.68  
 215 G	 24.52  
 216 R	 26.97  
 217 S	 39.77  
 218 A	 21.95  
 219 G	 22.57  
 220 Q	 28.76  
 221 H	 21.17  
 222 W	 3.83  
 223 A	 9.86  
 224 R	 21.52  
 225 L	 6.78  
 226 R	 41.08  
 227 G	 37.70  
 228 E	 34.89  
 229 S	 48.10  
 230 G	 18.25  
 231 L	 8.01  
 232 S	 31.54  
 233 L	 8.90  
 234 E	 42.96  
 235 R	 35.49  
 236 H	 20.76  
 237 R	 37.24  
 238 S	 22.95  
 239 T	 33.51  
 240 L	 3.35  
 241 T	 23.37  
 242 Q	 42.22  
 243 A	 9.80  
 244 S	 15.72  
 245 S	 29.68  
 246 M	 6.64  
 247 T	 21.57  
 248 P	 15.82  
 249 H	 35.90  
 250 S	 52.26  
 251 G	 20.71  
 252 P	 30.02  
 253 R	 50.60  
 254 S	 38.89  
 255 T	 31.57  
 256 T	 21.79  
 257 S	 24.68  
 258 Q	 43.71  
 259 A	 19.76  
 260 S	 17.09  
 261 P	 35.11  
 262 A	 17.97  
 263 Q	 47.36  
 264 R	 45.41  
 265 D	 34.02  
 266 T	 23.90  
 267 A	 10.99  
 268 Q	 39.28  
 269 A	 10.83  
 270 A	 10.19  
 271 S	 30.89  
 272 T	 27.82  
 273 R	 37.03  
 274 E	 58.39  
 275 I	 2.23  
 276 P	 22.49  
 277 R	 53.41  
 278 A	 14.70  
 279 S	 45.76  
 280 S	 24.60  
 281 P	 20.48  
 282 H	 35.40  
 283 R	 36.71  
 284 I	 3.32  
 285 T	 19.94  
 286 Q	 38.59  
 287 R	 40.29  
 288 D	 38.94  
 289 T	 23.46  
 290 S	 30.09  
 291 R	 40.35  
 292 A	 13.96  
 293 S	 32.57  
 294 S	 29.29  
 295 T	 31.60  
 296 Q	 40.64  
 297 Q	 50.51  
 298 E	 32.87  
 299 I	 2.69  
 300 S	 22.50  
 301 R	 44.12  
 302 A	 10.88  
 303 S	 32.57  
 304 S	 29.29  
 305 T	 31.60  
 306 Q	 40.85  
 307 Q	 56.90  
 308 E	 38.64  
 309 T	 21.12  
 310 S	 25.70  
 311 R	 46.00  
 312 A	 13.96  
 313 S	 32.57  
 314 S	 32.88  
 315 T	 33.22  
 316 Q	 48.82  
 317 E	 65.03  
 318 D	 52.79  
 319 T	 17.58  
 320 P	 42.01  
 321 R	 49.55  
 322 A	 14.72  
 323 S	 34.89  
 324 S	 32.88  
 325 T	 33.22  
 326 Q	 48.82  
 327 E	 65.03  
 328 D	 52.79  
 329 T	 17.58  
 330 P	 42.01  
 331 R	 49.55  
 332 A	 14.72  
 333 S	 34.89  
 334 S	 24.51  
 335 T	 34.80  
 336 Q	 33.11  
 337 W	 15.68  
 338 N	 30.32  
 339 T	 15.93  
 340 P	 26.99  
 341 R	 45.09  
 342 A	 18.63  
 343 S	 44.02  
 344 S	 26.38  
 345 P	 31.13  
 346 S	 40.59  
 347 R	 47.29  
 348 S	 25.50  
 349 T	 31.85  
 350 Q	 48.33  
 351 L	 7.52  
 352 D	 53.95  
 353 N	 36.22  
 354 P	 40.36  
 355 R	 54.19  
 356 T	 28.43  
 357 S	 32.44  
 358 S	 29.62  
 359 T	 29.98  
 360 Q	 51.05  
 361 Q	 53.16  
 362 D	 59.98  
 363 N	 26.66  
 364 P	 47.30  
 365 Q	 56.91  
 366 T	 33.32  
 367 S	 24.79  
 368 F	 7.06  
 369 P	 26.74  
 370 T	 27.31  
 371 C	 5.49  
 372 T	 25.57  
 373 P	 33.12  
 374 Q	 47.36  
 375 R	 47.03  
 376 E	 67.36  
 377 N	 33.28  
 378 P	 36.45  
 379 R	 63.98  
 380 T	 23.46  
 381 P	 19.98  
 382 C	 4.22  
 383 V	 6.36  
 384 Q	 47.94  
 385 Q	 36.36  
 386 D	 51.28  
 387 D	 30.19  
 388 P	 41.86  
 389 R	 54.84  
 390 A	 21.54  
 391 S	 47.83  
 392 S	 25.80  
 393 P	 31.65  
 394 N	 56.74  
 395 R	 42.40  
 396 T	 33.64  
 397 T	 23.53  
 398 Q	 50.51  
 399 R	 42.86  
 400 E	 50.14  
 401 N	 38.69  
 402 S	 31.98  
 403 R	 42.09  
 404 T	 28.16  
 405 S	 13.32  
 406 C	 3.55  
 407 A	 13.76  
 408 Q	 58.55  
 409 R	 27.44  
 410 D	 64.80  
 411 N	 42.01  
 412 P	 37.57  
 413 K	 66.31  
 414 A	 12.90  
 415 S	 42.07  
 416 R	 43.41  
 417 T	 30.94  
 418 S	 42.56  
 419 S	 26.11  
 420 P	 33.81  
 421 N	 48.44  
 422 R	 40.49  
 423 A	 17.39  
 424 T	 35.01  
 425 R	 40.50  
 426 D	 66.19  
 427 N	 25.35  
 428 P	 45.26  
 429 R	 45.59  
 430 T	 29.43  
 431 S	 14.56  
 432 C	 3.55  
 433 A	 13.76  
 434 Q	 58.55  
 435 R	 27.44  
 436 D	 58.36  
 437 N	 30.10  
 438 P	 37.19  
 439 R	 54.05  
 440 A	 18.67  
 441 S	 44.02  
 442 S	 26.38  
 443 P	 25.91  
 444 S	 36.17  
 445 R	 43.28  
 446 A	 16.01  
 447 T	 37.13  
 448 R	 40.50  
 449 D	 62.19  
 450 N	 32.31  
 451 P	 41.14  
 452 T	 37.28  
 453 T	 24.06  
 454 S	 15.21  
 455 C	 3.34  
 456 A	 13.76  
 457 Q	 58.55  
 458 R	 27.44  
 459 D	 58.36  
 460 N	 30.10  
 461 P	 37.19  
 462 R	 51.99  
 463 A	 12.48  
 464 S	 37.05  
 465 R	 37.33  
 466 T	 30.94  
 467 S	 42.56  
 468 S	 26.11  
 469 P	 33.81  
 470 N	 48.44  
 471 R	 40.49  
 472 A	 17.39  
 473 T	 35.01  
 474 R	 40.50  
 475 D	 66.19  
 476 N	 25.35  
 477 P	 45.26  
 478 R	 45.59  
 479 T	 29.43  
 480 S	 14.56  
 481 C	 3.55  
 482 A	 13.76  
 483 Q	 58.55  
 484 R	 27.44  
 485 D	 58.36  
 486 N	 30.10  
 487 P	 37.19  
 488 R	 54.05  
 489 A	 18.67  
 490 S	 44.02  
 491 S	 26.38  
 492 P	 25.91  
 493 S	 36.17  
 494 R	 43.28  
 495 A	 16.01  
 496 T	 37.13  
 497 R	 40.50  
 498 D	 62.19  
 499 N	 32.31  
 500 P	 41.14  
 501 T	 37.28  
 502 T	 24.06  
 503 S	 15.21  
 504 C	 3.34  
 505 A	 13.76  
 506 Q	 58.55  
 507 R	 27.44  
 508 D	 58.36  
 509 N	 30.10  
 510 P	 37.19  
 511 R	 51.99  
 512 A	 12.48  
 513 S	 37.05  
 514 R	 37.33  
 515 T	 30.94  
 516 S	 42.56  
 517 S	 26.11  
 518 P	 33.81  
 519 N	 48.44  
 520 R	 40.49  
 521 A	 17.39  
 522 T	 35.01  
 523 R	 40.50  
 524 D	 66.19  
 525 N	 25.35  
 526 P	 45.26  
 527 R	 45.59  
 528 T	 29.43  
 529 S	 14.56  
 530 C	 3.55  
 531 A	 13.76  
 532 Q	 58.55  
 533 R	 27.44  
 534 D	 58.36  
 535 N	 30.10  
 536 P	 37.19  
 537 R	 54.05  
 538 A	 18.67  
 539 S	 47.83  
 540 S	 25.80  
 541 P	 31.65  
 542 N	 48.44  
 543 R	 32.77  
 544 A	 17.31  
 545 A	 19.00  
 546 R	 43.16  
 547 D	 61.81  
 548 N	 30.20  
 549 P	 41.14  
 550 T	 37.28  
 551 T	 24.06  
 552 S	 15.21  
 553 C	 3.34  
 554 A	 13.76  
 555 Q	 58.55  
 556 R	 27.44  
 557 D	 58.36  
 558 N	 30.10  
 559 P	 37.19  
 560 R	 51.99  
 561 A	 12.48  
 562 S	 37.05  
 563 R	 37.33  
 564 T	 30.94  
 565 S	 42.56  
 566 S	 26.11  
 567 P	 33.81  
 568 N	 48.44  
 569 R	 40.49  
 570 A	 17.39  
 571 T	 35.01  
 572 R	 40.50  
 573 D	 66.19  
 574 N	 25.35  
 575 P	 45.26  
 576 R	 45.59  
 577 T	 29.43  
 578 S	 14.56  
 579 C	 3.55  
 580 A	 13.76  
 581 Q	 58.55  
 582 R	 27.44  
 583 D	 58.36  
 584 N	 30.10  
 585 P	 37.19  
 586 R	 54.05  
 587 A	 18.67  
 588 S	 47.83  
 589 S	 25.80  
 590 P	 31.65  
 591 N	 48.44  
 592 R	 40.49  
 593 A	 17.39  
 594 T	 35.01  
 595 R	 40.50  
 596 D	 62.19  
 597 N	 32.31  
 598 P	 41.14  
 599 T	 37.28  
 600 T	 24.06  
 601 S	 15.21  
 602 C	 3.34  
 603 A	 13.76  
 604 Q	 58.55  
 605 R	 27.44  
 606 D	 58.36  
 607 N	 30.10  
 608 P	 37.19  
 609 R	 51.99  
 610 A	 12.48  
 611 S	 37.05  
 612 R	 37.33  
 613 T	 30.94  
 614 S	 42.56  
 615 S	 26.11  
 616 P	 33.81  
 617 N	 48.44  
 618 R	 40.49  
 619 A	 17.39  
 620 T	 35.01  
 621 R	 40.50  
 622 D	 66.19  
 623 N	 25.35  
 624 P	 45.26  
 625 R	 45.59  
 626 T	 29.43  
 627 S	 14.56  
 628 C	 3.55  
 629 A	 13.76  
 630 Q	 58.55  
 631 R	 27.44  
 632 D	 58.36  
 633 N	 30.10  
 634 P	 37.19  
 635 R	 54.05  
 636 A	 18.67  
 637 S	 47.83  
 638 S	 25.80  
 639 P	 31.65  
 640 N	 56.74  
 641 R	 42.40  
 642 T	 35.28  
 643 T	 22.46  
 644 Q	 44.46  
 645 Q	 51.57  
 646 D	 51.28  
 647 S	 16.37  
 648 P	 52.43  
 649 R	 43.13  
 650 T	 31.38  
 651 S	 13.68  
 652 C	 3.18  
 653 A	 14.87  
 654 R	 47.06  
 655 R	 33.87  
 656 D	 65.79  
 657 D	 32.54  
 658 P	 37.72  
 659 R	 54.84  
 660 A	 21.54  
 661 S	 47.83  
 662 S	 25.80  
 663 P	 31.65  
 664 N	 56.53  
 665 R	 36.27  
 666 T	 29.76  
 667 I	 3.43  
 668 Q	 43.87  
 669 Q	 48.89  
 670 E	 53.48  
 671 N	 27.32  
 672 P	 39.93  
 673 R	 51.34  
 674 T	 29.43  
 675 S	 9.93  
 676 C	 4.01  
 677 A	 12.85  
 678 L	 9.19  
 679 R	 24.12  
 680 D	 71.04  
 681 N	 22.86  
 682 P	 37.19  
 683 R	 54.05  
 684 A	 18.67  
 685 S	 44.02  
 686 S	 26.38  
 687 P	 25.90  
 688 S	 43.96  
 689 R	 38.95  
 690 T	 27.72  
 691 I	 3.75  
 692 Q	 43.87  
 693 Q	 48.89  
 694 E	 53.48  
 695 N	 27.32  
 696 P	 39.93  
 697 R	 51.34  
 698 T	 29.43  
 699 S	 14.56  
 700 C	 3.55  
 701 A	 13.76  
 702 Q	 54.38  
 703 R	 31.60  
 704 D	 59.18  
 705 D	 36.45  
 706 P	 37.72  
 707 R	 54.84  
 708 A	 21.54  
 709 S	 47.83  
 710 S	 25.80  
 711 P	 31.65  
 712 N	 56.74  
 713 R	 42.40  
 714 T	 35.28  
 715 T	 25.64  
 716 Q	 48.23  
 717 Q	 50.79  
 718 E	 60.42  
 719 N	 27.32  
 720 P	 39.93  
 721 R	 51.34  
 722 T	 29.43  
 723 S	 13.68  
 724 C	 3.18  
 725 A	 14.87  
 726 R	 51.30  
 727 R	 29.54  
 728 D	 65.02  
 729 N	 26.58  
 730 P	 37.19  
 731 R	 54.05  
 732 A	 17.08  
 733 S	 30.98  
 734 S	 32.37  
 735 R	 33.87  
 736 N	 47.60  
 737 R	 31.90  
 738 T	 25.63  
 739 I	 2.60  
 740 Q	 46.17  
 741 R	 41.65  
 742 D	 53.78  
 743 N	 30.09  
 744 P	 45.26  
 745 R	 45.59  
 746 T	 29.43  
 747 S	 14.56  
 748 C	 3.55  
 749 A	 13.76  
 750 Q	 58.55  
 751 R	 27.44  
 752 D	 58.36  
 753 N	 30.10  
 754 P	 37.19  
 755 R	 54.05  
 756 A	 18.67  
 757 S	 47.83  
 758 S	 25.80  
 759 P	 31.65  
 760 N	 56.53  
 761 R	 36.27  
 762 T	 29.76  
 763 I	 3.43  
 764 Q	 43.87  
 765 Q	 37.38  
 766 E	 41.69  
 767 N	 30.41  
 768 L	 6.59  
 769 R	 35.85  
 770 T	 31.18  
 771 S	 13.68  
 772 C	 3.43  
 773 T	 31.00  
 774 R	 46.30  
 775 Q	 36.36  
 776 D	 64.90  
 777 N	 21.44  
 778 P	 49.57  
 779 R	 54.19  
 780 T	 34.51  
 781 S	 45.11  
 782 S	 26.11  
 783 P	 33.81  
 784 N	 48.44  
 785 R	 40.49  
 786 A	 17.39  
 787 T	 35.01  
 788 R	 40.50  
 789 D	 66.19  
 790 N	 25.35  
 791 P	 45.26  
 792 R	 45.59  
 793 T	 29.43  
 794 S	 14.56  
 795 C	 3.55  
 796 A	 13.76  
 797 Q	 58.55  
 798 R	 19.09  
 799 D	 46.57  
 800 N	 33.35  
 801 L	 5.92  
 802 R	 38.38  
 803 A	 19.95  
 804 S	 30.16  
 805 S	 24.30  
 806 P	 20.00  
 807 I	 5.17  
 808 R	 34.66  
 809 A	 15.52  
 810 T	 19.53  
 811 Q	 47.87  
 812 Q	 48.36  
 813 D	 58.23  
 814 N	 24.50  
 815 P	 41.05  
 816 R	 48.78  
 817 T	 18.41  
 818 C	 2.53  
 819 I	 4.70  
 820 Q	 32.20  
 821 Q	 29.88  
 822 N	 29.83  
 823 I	 2.32  
 824 P	 37.34  
 825 R	 45.43  
 826 S	 24.24  
 827 S	 38.39  
 828 S	 31.33  
 829 T	 32.00  
 830 Q	 51.05  
 831 Q	 53.16  
 832 D	 64.68  
 833 N	 35.31  
 834 P	 49.98  
 835 K	 60.36  
 836 T	 30.23  
 837 S	 26.39  
 838 C	 6.69  
 839 T	 28.96  
 840 K	 63.18  
 841 R	 21.64  
 842 D	 61.13  
 843 N	 41.82  
 844 L	 8.98  
 845 R	 30.64  
 846 P	 34.68  
 847 T	 23.04  
 848 C	 3.19  
 849 T	 29.17  
 850 Q	 47.63  
 851 R	 19.75  
 852 D	 48.43  
 853 R	 36.53  
 854 T	 32.62  
 855 Q	 43.29  
 856 S	 23.42  
 857 F	 6.44  
 858 S	 26.22  
 859 F	 6.95  
 860 Q	 51.09  
 861 R	 43.60  
 862 D	 55.69  
 863 N	 38.81  
 864 P	 52.29  
 865 G	 44.47  
 866 T	 27.05  
 867 S	 33.63  
 868 S	 25.02  
 869 S	 27.31  
 870 Q	 28.40  
 871 C	 2.68  
 872 C	 3.33  
 873 T	 50.75  
 874 Q	 36.83  
 875 K	 30.34  
 876 E	 52.24  
 877 N	 48.67  
 878 L	 10.00  
 879 R	 40.41  
 880 P	 42.18  
 881 S	 50.49  
 882 S	 27.66  
 883 P	 31.11  
 884 H	 37.97  
 885 R	 44.79  
 886 S	 23.16  
 887 T	 37.24  
 888 Q	 41.99  
 889 W	 13.47  
 890 N	 38.52  
 891 N	 33.67  
 892 P	 33.35  
 893 R	 58.76  
 894 N	 48.36  
 895 S	 46.67  
 896 S	 28.42  
 897 P	 22.32  
 898 H	 51.66  
 899 R	 43.29  
 900 T	 43.52  
 901 N	 39.70  
 902 K	 57.32  
 903 D	 55.01  
 904 I	 3.07  
 905 P	 30.62  
 906 W	 12.60  
 907 A	 8.92  
 908 S	 24.43  
 909 F	 5.22  
 910 P	 25.60  
 911 L	 10.90  
 912 R	 32.24  
 913 P	 42.33  
 914 T	 33.98  
 915 Q	 42.06  
 916 S	 47.19  
 917 D	 62.39  
 918 G	 20.88  
 919 P	 41.17  
 920 R	 53.41  
 921 T	 36.37  
 922 S	 41.34  
 923 S	 26.70  
 924 P	 33.26  
 925 S	 51.65  
 926 R	 51.78  
 927 S	 39.11  
 928 K	 57.65  
 929 Q	 46.18  
 930 S	 44.27  
 931 E	 50.54  
 932 V	 6.08  
 933 P	 19.50  
 934 W	 14.07  
 935 A	 5.74  
 936 S	 12.43  
 937 I	 3.02  
 938 A	 8.60  
 939 L	 6.85  
 940 R	 24.17  
 941 P	 29.89  
 942 T	 38.46  
 943 Q	 55.24  
 944 G	 35.06  
 945 D	 49.63  
 946 R	 31.86  
 947 P	 46.68  
 948 Q	 55.71  
 949 T	 33.58  
 950 S	 34.70  
 951 S	 30.22  
 952 P	 33.84  
 953 S	 53.49  
 954 R	 33.68  
 955 P	 40.38  
 956 A	 20.45  
 957 Q	 44.17  
 958 H	 52.21  
 959 D	 44.49  
 960 P	 27.06  
 961 P	 53.39  
 962 Q	 58.03  
 963 S	 33.15  
 964 S	 29.04  
 965 F	 19.26  
 966 G	 26.71  
 967 P	 17.83  
 968 T	 44.03  
 969 Q	 28.40  
 970 Y	 22.57  
 971 N	 35.34  
 972 L	 3.29  
 973 P	 20.38  
 974 S	 37.40  
 975 R	 39.69  
 976 A	 19.03  
 977 T	 28.21  
 978 S	 28.94  
 979 S	 31.12  
 980 S	 27.35  
 981 H	 46.59  
 982 N	 46.31  
 983 P	 35.90  
 984 G	 36.46  
 985 H	 21.48  
 986 Q	 55.08  
 987 S	 23.75  
 988 T	 18.69  
 989 S	 38.52  
 990 R	 38.42  
 991 T	 33.07  
 992 S	 31.38  
 993 S	 20.13  
 994 P	 29.45  
 995 V	 10.91  
 996 Y	 7.19  
 997 P	 15.62  
 998 A	 8.81  
 999 A	 9.97  
 1000 Y	 18.87  
 1001 G	 18.91  
 1002 A	 5.35  
 1003 P	 31.63  
 1004 L	 7.99  
 1005 T	 40.97  
 1006 S	 34.64  
 1007 P	 52.89  
 1008 E	 58.30  
 1009 P	 41.47  
 1010 S	 54.37  
 1011 Q	 57.58  
 1012 P	 30.21  
 1013 P	 15.86  
 1014 C	 5.88  
 1015 A	 12.65  
 1016 V	 2.89  
 1017 C	 1.32  
 1018 I	 4.12  
 1019 G	 12.49  
 1020 H	 12.44  
 1021 R	 36.25  
 1022 D	 56.07  
 1023 A	 8.74  
 1024 P	 36.34  
 1025 R	 49.15  
 1026 A	 17.19  
 1027 S	 44.66  
 1028 S	 37.63  
 1029 P	 18.20  
 1030 P	 39.22  
 1031 R	 48.45  
 1032 Y	 19.25  
 1033 L	 3.73  
 1034 Q	 29.97  
 1035 H	 41.96  
 1036 D	 33.31  
 1037 P	 36.36  
 1038 F	 11.67  
 1039 P	 35.04  
 1040 F	 19.11  
 1041 F	 7.34  
 1042 P	 51.57  
 1043 E	 42.11  
 1044 P	 37.66  
 1045 R	 62.20  
 1046 A	 23.95  
 1047 P	 47.10  
 1048 E	 67.74  
 1049 S	 55.11  
 1050 E	 62.28  
 1051 P	 42.69  
 1052 P	 37.10  
 1053 H	 48.97  
 1054 H	 55.84  
 1055 E	 44.96  
 1056 P	 23.72  
 1057 P	 36.38  
 1058 Y	 36.45  
 1059 I	 3.98  
 1060 P	 12.64  
 1061 P	 27.97  
 1062 A	 11.94  
 1063 V	 2.77  
 1064 C	 3.15  
 1065 I	 4.12  
 1066 G	 12.49  
 1067 H	 12.44  
 1068 R	 36.25  
 1069 D	 56.07  
 1070 A	 8.74  
 1071 P	 36.34  
 1072 R	 49.15  
 1073 A	 17.19  
 1074 S	 44.66  
 1075 S	 37.63  
 1076 P	 27.70  
 1077 P	 42.50  
 1078 R	 49.20  
 1079 H	 29.78  
 1080 T	 32.01  
 1081 Q	 34.32  
 1082 F	 15.75  
 1083 D	 33.83  
 1084 P	 39.85  
 1085 F	 7.81  
 1086 P	 34.94  
 1087 F	 18.51  
 1088 L	 3.70  
 1089 P	 43.12  
 1090 D	 62.07  
 1091 T	 26.94  
 1092 S	 42.05  
 1093 D	 59.05  
 1094 A	 18.88  
 1095 E	 39.21  
 1096 H	 35.12  
 1097 Q	 20.60  
 1098 C	 4.70  
 1099 Q	 52.13  
 1100 S	 33.87  
 1101 P	 17.42  
 1102 Q	 59.84  
 1103 H	 41.86  
 1104 E	 42.32  
 1105 P	 24.23  
 1106 L	 8.12  
 1107 Q	 57.00  
 1108 L	 5.28  
 1109 P	 22.89  
 1110 A	 20.11  
 1111 P	 21.41  
 1112 V	 3.95  
 1113 C	 1.62  
 1114 I	 5.75  
 1115 G	 13.29  
 1116 Y	 5.84  
 1117 R	 28.53  
 1118 D	 53.06  
 1119 A	 6.10  
 1120 P	 36.34  
 1121 R	 49.15  
 1122 A	 17.19  
 1123 S	 44.66  
 1124 S	 37.63  
 1125 P	 26.12  
 1126 P	 42.85  
 1127 R	 48.99  
 1128 Q	 68.02  
 1129 A	 16.23  
 1130 P	 45.77  
 1131 E	 51.00  
 1132 P	 29.26  
 1133 S	 35.72  
 1134 L	 8.98  
 1135 L	 4.20  
 1136 F	 6.87  
 1137 Q	 51.83  
 1138 D	 51.83  
 1139 L	 1.84  
 1140 P	 37.77  
 1141 R	 48.76  
 1142 A	 20.90  
 1143 S	 33.71  
 1144 T	 28.71  
 1145 E	 39.31  
 1146 S	 34.45  
 1147 L	 5.52  
 1148 V	 4.61  
 1149 P	 29.27  
 1150 S	 27.95  
 1151 M	 3.12  
 1152 D	 53.00  
 1153 S	 24.00  
 1154 L	 3.25  
 1155 H	 38.27  
 1156 E	 55.85  
 1157 C	 1.75  
 1158 P	 26.00  
 1159 H	 50.77  
 1160 I	 2.16  
 1161 P	 27.84  
 1162 T	 27.96  
 1163 P	 17.39  
 1164 V	 4.01  
 1165 C	 3.04  
 1166 I	 5.47  
 1167 G	 12.49  
 1168 H	 12.44  
 1169 R	 36.25  
 1170 D	 58.10  
 1171 A	 11.12  
 1172 P	 39.95  
 1173 S	 39.21  
 1174 F	 9.02  
 1175 S	 46.39  
 1176 S	 36.59  
 1177 P	 27.22  
 1178 P	 42.85  
 1179 R	 48.99  
 1180 Q	 68.02  
 1181 A	 16.23  
 1182 P	 45.77  
 1183 E	 51.00  
 1184 P	 34.96  
 1185 S	 35.83  
 1186 L	 7.94  
 1187 F	 6.40  
 1188 F	 11.05  
 1189 Q	 55.77  
 1190 D	 46.32  
 1191 P	 20.59  
 1192 P	 67.97  
 1193 G	 35.49  
 1194 T	 30.58  
 1195 S	 26.85  
 1196 M	 3.99  
 1197 E	 42.22  
 1198 S	 22.61  
 1199 L	 5.32  
 1200 A	 12.79  
 1201 P	 42.95  
 1202 S	 38.96  
 1203 T	 28.66  
 1204 D	 54.24  
 1205 S	 23.50  
 1206 L	 6.20  
 1207 H	 38.34  
 1208 G	 38.65  
 1209 S	 10.90  
 1210 P	 29.53  
 1211 V	 8.95  
 1212 L	 5.55  
 1213 I	 1.98  
 1214 P	 19.18  
 1215 Q	 35.40  
 1216 V	 1.84  
 1217 C	 2.31  
 1218 I	 5.67  
 1219 G	 12.49  
 1220 H	 12.44  
 1221 R	 36.25  
 1222 D	 56.07  
 1223 A	 8.74  
 1224 P	 36.34  
 1225 R	 49.15  
 1226 A	 17.19  
 1227 S	 44.66  
 1228 S	 37.63  
 1229 P	 27.70  
 1230 P	 49.51  
 1231 R	 59.33  
 1232 H	 44.38  
 1233 P	 31.22  
 1234 P	 34.06  
 1235 S	 50.10  
 1236 D	 48.03  
 1237 L	 4.21  
 1238 A	 11.46  
 1239 F	 8.53  
 1240 L	 5.95  
 1241 A	 8.96  
 1242 P	 49.25  
 1243 S	 32.19  
 1244 P	 43.41  
 1245 S	 46.35  
 1246 P	 50.50  
 1247 G	 38.49  
 1248 S	 29.24  
 1249 S	 53.76  
 1250 G	 39.53  
 1251 G	 19.00  
 1252 S	 36.67  
 1253 R	 46.49  
 1254 G	 29.83  
 1255 S	 36.17  
 1256 A	 19.68  
 1257 P	 38.84  
 1258 P	 53.63  
 1259 G	 48.09  
 1260 E	 48.74  
 1261 T	 43.05  
 1262 R	 16.64  
 1263 H	 51.12  
 1264 N	 40.06  
 1265 L	 5.54  
 1266 E	 64.46  
 1267 R	 45.25  
 1268 E	 46.08  
 1269 E	 53.37  
 1270 Y	 9.44  
 1271 T	 16.60  
 1272 V	 3.98  
 1273 L	 2.06  
 1274 A	 16.38  
 1275 D	 56.39  
 1276 L	 5.96  
 1277 P	 37.08  
 1278 P	 42.18  
 1279 P	 31.89  
 1280 R	 52.60  
 1281 R	 39.90  
 1282 L	 5.13  
 1283 A	 10.74  
 1284 Q	 49.48  
 1285 R	 38.77  
 1286 Q	 34.91  
 1287 P	 59.63  
 1288 G	 20.72  
 1289 P	 32.77  
 1290 Q	 50.40  
 1291 A	 18.58  
 1292 Q	 23.52  
 1293 C	 3.81  
 1294 S	 21.67  
 1295 S	 53.55  
 1296 G	 17.20  
 1297 G	 33.01  
 1298 R	 32.56  
 1299 T	 29.94  
 1300 H	 30.54  
 1301 S	 28.56  
 1302 P	 28.78  
 1303 G	 44.43  
 1304 R	 30.84  
 1305 A	 30.97  
 1306 E	 43.48  
 1307 V	 5.18  
 1308 E	 34.86  
 1309 R	 40.26  
 1310 L	 3.42  
 1311 F	 13.71  
 1312 G	 32.79  
 1313 Q	 33.42  
 1314 E	 55.63  
 1315 R	 43.36  
 1316 R	 46.21  
 1317 K	 59.89  
 1318 S	 30.56  
 1319 E	 45.64  
 1320 A	 20.49  
 1321 A	 13.04  
 1322 G	 33.69  
 1323 A	 6.67  
 1324 F	 6.39  
 1325 Q	 37.26  
 1326 A	 16.61  
 1327 Q	 38.21  
 1328 D	 64.43  
 1329 E	 44.41  
 1330 G	 42.71  
 1331 R	 29.28  
 1332 S	 43.98  
 1333 Q	 58.82  
 1334 Q	 40.64  
 1335 P	 22.45  
 1336 S	 42.47  
 1337 Q	 61.70  
 1338 G	 33.18  
 1339 Q	 21.99  
 1340 S	 29.62  
 1341 Q	 36.31  
 1342 L	 4.94  
 1343 L	 3.08  
 1344 R	 43.09  
 1345 R	 40.48  
 1346 Q	 41.65  
 1347 S	 36.16  
 1348 S	 19.42  
 1349 P	 54.13  
 1350 A	 19.35  
 1351 P	 33.17  
 1352 S	 37.13  
 1353 R	 33.65  
 1354 Q	 39.09  
 1355 V	 3.10  
 1356 T	 12.49  
 1357 M	 4.42  
 1358 L	 2.45  
 1359 P	 26.96  
 1360 A	 16.78  
 1361 K	 48.37  
 1362 Q	 42.02  
 1363 A	 17.04  
 1364 E	 48.45  
 1365 L	 5.17  
 1366 T	 18.62  
 1367 R	 49.21  
 1368 R	 28.08  
 1369 S	 30.37  
 1370 Q	 48.19  
 1371 A	 32.29  
 1372 E	 52.29  
 1373 P	 35.20  
 1374 P	 37.36  
 1375 H	 47.37  
 1376 P	 38.73  
 1377 W	 24.39  
 1378 S	 27.86  
 1379 P	 47.46  
 1380 E	 57.07  
 1381 K	 76.32  
 1382 R	 32.61  
 1383 P	 62.07  
 1384 E	 77.18  
 1385 G	 37.78  
 1386 D	 33.23  
 1387 R	 50.38  
 1388 Q	 42.76  
 1389 L	 6.93  
 1390 Q	 41.81  
 1391 G	 39.56  
 1392 S	 15.42  
 1393 P	 56.56  
 1394 L	 11.05  
 1395 P	 21.51  
 1396 P	 60.92  
 1397 R	 39.10  
 1398 T	 32.29  
 1399 S	 19.62  
 1400 A	 20.82  
 1401 R	 51.05  
 1402 T	 29.26  
 1403 P	 32.85  
 1404 E	 59.17  
 1405 R	 49.83  
 1406 E	 40.73  
 1407 L	 10.07  
 1408 R	 24.86  
 1409 T	 41.37  
 1410 Q	 38.26  
 1411 R	 36.84  
 1412 P	 30.57  
 1413 L	 9.97  
 1414 E	 56.35  
 1415 S	 43.84  
 1416 G	 16.39  
 1417 Q	 53.04  
 1418 A	 33.22  
 1419 G	 15.27  
 1420 P	 34.45  
 1421 R	 50.24  
 1422 Q	 40.48  
 1423 P	 32.15  
 1424 L	 6.99  
 1425 G	 25.87  
 1426 V	 5.76  
 1427 W	 7.13  
 1428 Q	 32.60  
 1429 S	 24.69  
 1430 Q	 43.93  
 1431 E	 77.15  
 1432 E	 49.51  
 1433 P	 37.49  
 1434 P	 59.35  
 1435 G	 43.23  
 1436 S	 37.42  
 1437 Q	 75.30  
 1438 G	 22.98  
 1439 P	 17.44  
 1440 H	 36.29  
 1441 R	 38.94  
 1442 H	 29.07  
 1443 L	 6.20  
 1444 E	 38.25  
 1445 R	 50.19  
 1446 S	 23.18  
 1447 W	 14.28  
 1448 S	 24.32  
 1449 S	 26.45  
 1450 Q	 48.08  
 1451 E	 58.12  
 1452 G	 29.05  
 1453 G	 27.06  
 1454 L	 12.60  
 1455 G	 23.29  
 1456 P	 43.07  
 1457 G	 42.42  
 1458 G	 21.79  
 1459 W	 8.33  
 1460 W	 8.75  
 1461 G	 11.75  
 1462 C	 3.33  
 1463 G	 46.01  
 1464 E	 35.47  
 1465 P	 21.82  
 1466 S	 34.82  
 1467 L	 8.72  
 1468 G	 28.03  
 1469 A	 15.87  
 1470 A	 13.52  
 1471 K	 65.03  
 1472 A	 11.58  
 1473 P	 39.59  
 1474 E	 67.42  
 1475 G	 26.10  
 1476 A	 10.48  
 1477 W	 19.33  
 1478 G	 29.03  
 1479 G	 15.15  
 1480 T	 22.22  
 1481 S	 26.79  
 1482 R	 51.61  
 1483 E	 61.80  
 1484 Y	 20.95  
 1485 K	 40.28  
 1486 E	 51.31  
 1487 S	 32.14  
 1488 W	 15.55  
 1489 G	 42.30  
 1490 Q	 26.80  
 1491 P	 29.36  
 1492 E	 59.53  
 1493 A	 26.18  
 1494 W	 16.78  
 1495 E	 64.29  
 1496 E	 54.34  
 1497 K	 43.64  
 1498 P	 42.12  
 1499 T	 38.76  
 1500 H	 43.02  
 1501 E	 64.05  
 1502 L	 3.63  
 1503 P	 25.39  
 1504 R	 65.48  
 1505 E	 60.99  
 1506 L	 11.77  
 1507 G	 20.69  
 1508 K	 63.43  
 1509 R	 41.53  
 1510 S	 27.96  
 1511 P	 43.63  
 1512 L	 8.58  
 1513 T	 42.44  
 1514 S	 46.25  
 1515 P	 34.68  
 1516 P	 47.52  
 1517 E	 69.84  
 1518 N	 48.76  
 1519 W	 16.09  
 1520 G	 43.73  
 1521 G	 15.17  
 1522 P	 28.99  
 1523 A	 32.36  
 1524 E	 54.80  
 1525 S	 35.47  
 1526 S	 21.53  
 1527 Q	 60.87  
 1528 S	 28.80  
 1529 W	 5.09  
 1530 H	 22.92  
 1531 S	 37.80  
 1532 G	 23.87  
 1533 T	 22.08  
 1534 P	 23.14  
 1535 T	 33.54  
 1536 A	 10.07  
 1537 V	 7.93  
 1538 G	 18.03  
 1539 W	 9.02  
 1540 G	 14.07  
 1541 A	 12.92  
 1542 E	 43.30  
 1543 G	 31.76  
 1544 A	 5.21  
 1545 C	 4.95  
 1546 P	 41.45  
 1547 Y	 12.87  
 1548 P	 21.21  
 1549 R	 56.26  
 1550 G	 29.38  
 1551 S	 29.25  
 1552 E	 56.38  
 1553 R	 62.24  
 1554 R	 25.62  
 1555 P	 53.36  
 1556 E	 58.51  
 1557 L	 9.43  
 1558 D	 36.38  
 1559 W	 14.33  
 1560 R	 25.11  
 1561 D	 41.83  
 1562 L	 2.83  
 1563 L	 5.49  
 1564 G	 29.93  
 1565 L	 2.70  
 1566 L	 4.10  
 1567 R	 43.72  
 1568 A	 19.20  
 1569 P	 34.63  
 1570 G	 43.22  
 1571 E	 49.90  
 1572 G	 26.61  
 1573 V	 2.92  
 1574 W	 6.82  
 1575 A	 10.53  
 1576 R	 25.76  
 1577 V	 2.66  
 1578 P	 24.50  
 1579 S	 35.78  
 1580 L	 7.90  
 1581 D	 45.80  
 1582 W	 13.57  
 1583 E	 39.36  
 1584 G	 31.16  
 1585 L	 1.97  
 1586 L	 6.83  
 1587 E	 53.10  
 1588 L	 4.30  
 1589 L	 2.46  
 1590 Q	 36.74  
 1591 A	 18.23  
 1592 R	 32.06  
 1593 L	 5.58  
 1594 P	 35.40  
 1595 R	 61.68  
 1596 K	 67.15  
 1597 D	 39.29  
 1598 P	 43.08  
 1599 A	 36.24  
 1600 G	 23.04  
 1601 H	 31.91  
 1602 R	 37.92  
 1603 D	 49.99  
 1604 D	 42.03  
 1605 L	 3.99  
 1606 A	 11.16  
 1607 R	 37.33  
 1608 A	 15.97  
 1609 L	 11.09  
 1610 G	 16.80  
 1611 P	 34.19  
 1612 E	 65.64  
 1613 L	 16.37  
 1614 G	 25.37  
 1615 P	 36.45  
 1616 P	 61.51  
 1617 G	 40.04  
 1618 T	 33.74  
 1619 N	 54.95  
 1620 D	 58.13  
 1621 V	 6.45  
 1622 P	 40.18  
 1623 E	 67.82  
 1624 Q	 51.96  
 1625 E	 49.08  
 1626 S	 28.29  
 1627 H	 29.69  
 1628 S	 57.62  
 1629 Q	 34.34  
 1630 P	 45.11  
 1631 E	 60.78  
 1632 G	 35.26  
 1633 W	 6.83  
 1634 A	 13.85  
 1635 E	 46.71  
 1636 A	 14.95  
 1637 T	 21.19  
 1638 P	 25.32  
 1639 V	 13.40  
 1640 N	 43.60  
 1641 G	 23.92  
 1642 H	 25.96  
 1643 S	 17.17  
 1644 P	 31.17  
 1645 A	 22.65  
 1646 L	 5.97  
 1647 Q	 41.34  
 1648 S	 33.21  
 1649 Q	 38.50  
 1650 S	 32.08  
 1651 P	 15.38  
 1652 V	 12.66  
 1653 Q	 51.55  
 1654 L	 4.64  
 1655 P	 22.60  
 1656 S	 33.45  
 1657 P	 29.43  
 1658 A	 17.35  
 1659 C	 3.33  
 1660 T	 36.59  
 1661 S	 20.63  
 1662 T	 19.25  
 1663 Q	 55.00  
 1664 W	 9.02  
 1665 P	 20.76  
 1666 K	 52.80  
 1667 I	 3.68  
 1668 K	 43.62  
 1669 V	 5.13  
 1670 T	 25.55  
 1671 R	 52.68  
 1672 G	 13.56  
 1673 P	 24.13  
 1674 A	 16.82  
 1675 T	 24.25  
 1676 A	 11.61  
 1677 T	 16.88  
 1678 L	 3.10  
 1679 A	 19.03  
 1680 G	 32.62  
 1681 L	 3.52  
 1682 E	 45.22  
 1683 Q	 57.72  
 1684 T	 31.24  
 1685 G	 18.35  
 1686 P	 36.61  
 1687 L	 11.71  
 1688 G	 24.93  
 1689 S	 30.64  
 1690 R	 35.91  
 1691 S	 34.12  
 1692 T	 31.14  
 1693 A	 18.96  
 1694 K	 72.02  
 1695 G	 17.99  
 1696 P	 31.80  
 1697 S	 66.29  
 1698 L	 4.26  
 1699 P	 44.59  
 1700 E	 61.57  
 1701 L	 6.12  
 1702 Q	 33.01  
 1703 F	 23.85  
 1704 Q	 31.38  
 1705 P	 49.56  
 1706 E	 75.34  
 1707 E	 65.77  
 1708 P	 49.33  
 1709 E	 76.94  
 1710 E	 71.73  
 1711 S	 53.82  
 1712 E	 51.04  
 1713 P	 38.31  
 1714 S	 45.02  
 1715 R	 58.47  
 1716 G	 40.35  
 1717 Q	 48.30  
 1718 D	 42.89  
 1719 P	 29.31  
 1720 L	 12.71  
 1721 T	 41.60  
 1722 D	 62.45  
 1723 Q	 34.23  
 1724 K	 50.71  
 1725 Q	 44.78  
 1726 A	 21.55  
 1727 D	 41.69  
 1728 S	 41.19  
 1729 A	 27.22  
 1730 D	 51.99  
 1731 K	 61.06  
 1732 R	 35.89  
 1733 P	 40.16  
 1734 A	 42.05  
 1735 E	 65.00  
 1736 G	 27.50  
 1737 K	 40.87  
 1738 A	 34.25  
 1739 G	 33.03  
 1740 S	 31.73  
 1741 P	 36.85  
 1742 L	 11.14  
 1743 K	 45.42  
 1744 G	 35.52  
 1745 R	 25.13  
 1746 L	 7.21  
 1747 V	 3.72  
 1748 T	 27.45  
 1749 S	 12.76  
 1750 W	 7.39  
 1751 R	 22.61  
 1752 M	 3.37  
 1753 P	 32.72  
 1754 G	 33.93  
 1755 D	 47.73  
 1756 R	 31.83  
 1757 P	 37.89  
 1758 T	 44.89  
 1759 L	 4.29  
 1760 F	 13.85  
 1761 N	 29.53  
 1762 P	 17.58  
 1763 F	 12.91  
 1764 L	 3.15  
 1765 L	 3.98  
 1766 S	 25.81  
 1767 L	 5.77  
 1768 G	 17.03  
 1769 V	 3.88  
 1770 L	 4.05  
 1771 R	 23.58  
 1772 W	 9.11  
 1773 R	 33.54  
 1774 R	 23.33  
 1775 P	 28.20  
 1776 D	 63.07  
 1777 L	 4.70  
 1778 L	 10.37  
 1779 N	 54.72  
 1780 F	 9.74  
 1781 K	 49.67  
 1782 K	 54.38  
 1783 G	 26.38  
 1784 W	 6.04  
 1785 M	 2.14  
 1786 S	 17.31  
 1787 I	 3.04  
 1788 L	 4.84  
 1789 D	 59.37  
 1790 E	 52.32  
 1791 P	 52.71  
 1792 G	 58.98  
 1793 E	 65.83  
 1794 P	 40.35  
 1795 P	 55.35  
 1796 S	 37.52  
 1797 P	 38.85  
 1798 S	 42.56  
 1799 L	 5.83  
 1800 T	 32.16  
 1801 T	 24.84  
 1802 T	 25.44  
 1803 S	 24.78  
 1804 T	 23.89  
 1805 S	 33.54  
 1806 Q	 56.97  
 1807 W	 16.07  
 1808 K	 27.42  
 1809 K	 43.01  
 1810 H	 21.34  
 1811 W	 8.23  
 1812 F	 3.01  
 1813 V	 4.79  
 1814 L	 2.99  
 1815 T	 28.65  
 1816 D	 31.87  
 1817 S	 32.13  
 1818 S	 31.52  
 1819 L	 4.84  
 1820 K	 42.03  
 1821 Y	 14.71  
 1822 Y	 13.32  
 1823 R	 28.45  
 1824 D	 33.93  
 1825 S	 22.10  
 1826 T	 42.23  
 1827 A	 19.31  
 1828 E	 54.53  
 1829 E	 59.98  
 1830 A	 13.69  
 1831 D	 61.34  
 1832 E	 56.67  
 1833 L	 12.03  
 1834 D	 51.11  
 1835 G	 46.51  
 1836 E	 32.75  
 1837 I	 8.06  
 1838 D	 31.56  
 1839 L	 5.51  
 1840 R	 26.41  
 1841 S	 28.76  
 1842 C	 2.81  
 1843 T	 34.45  
 1844 D	 50.06  
 1845 V	 2.06  
 1846 T	 26.53  
 1847 E	 31.20  
 1848 Y	 11.60  
 1849 A	 5.68  
 1850 V	 5.56  
 1851 Q	 21.52  
 1852 R	 31.57  
 1853 N	 24.96  
 1854 Y	 22.85  
 1855 G	 16.13  
 1856 F	 4.32  
 1857 Q	 23.38  
 1858 I	 4.09  
 1859 H	 18.97  
 1860 T	 32.04  
 1861 K	 29.54  
 1862 D	 42.28  
 1863 A	 9.58  
 1864 V	 5.56  
 1865 Y	 12.04  
 1866 T	 13.98  
 1867 L	 1.36  
 1868 S	 14.27  
 1869 A	 14.37  
 1870 M	 2.48  
 1871 T	 24.42  
 1872 S	 21.09  
 1873 G	 14.30  
 1874 I	 3.61  
 1875 R	 29.43  
 1876 R	 40.70  
 1877 N	 33.94  
 1878 W	 6.49  
 1879 I	 2.25  
 1880 E	 33.01  
 1881 A	 11.97  
 1882 L	 3.61  
 1883 R	 39.38  
 1884 K	 52.82  
 1885 T	 18.47  
 1886 V	 8.50  
 1887 R	 33.73  
 1888 P	 26.77  
 1889 T	 27.27  
 1890 S	 40.25  
 1891 A	 13.54  
 1892 P	 36.05  
 1893 D	 61.51  
 1894 V	 5.04  
 1895 T	 33.38  
 1896 K	 45.93  
 1897 L	 5.13  
 1898 S	 40.32  
 1899 D	 67.67  
 1900 S	 46.56  
 1901 N	 61.73  
 1902 K	 57.19  
 1903 E	 52.57  
 1904 N	 49.78  
 1905 A	 14.03  
 1906 L	 4.09  
 1907 H	 23.45  
 1908 S	 22.94  
 1909 Y	 12.65  
 1910 S	 27.63  
 1911 T	 26.52  
 1912 Q	 42.65  
 1913 K	 63.69  
 1914 G	 23.97  
 1915 P	 37.41  
 1916 L	 8.94  
 1917 K	 58.44  
 1918 A	 34.14  
 1919 G	 29.95  
 1920 E	 41.58  
 1921 Q	 39.34  
 1922 R	 36.29  
 1923 A	 26.09  
 1924 G	 26.91  
 1925 S	 27.92  
 1926 E	 42.84  
 1927 V	 5.29  
 1928 I	 1.72  
 1929 S	 30.01  
 1930 R	 42.85  
 1931 G	 43.60  
 1932 G	 20.10  
 1933 P	 37.11  
 1934 R	 50.50  
 1935 K	 54.70  
 1936 A	 27.69  
 1937 D	 57.71  
 1938 G	 29.45  
 1939 Q	 34.56  
 1940 R	 29.30  
 1941 Q	 38.09  
 1942 A	 12.46  
 1943 L	 3.55  
 1944 D	 48.74  
 1945 Y	 9.18  
 1946 V	 6.27  
 1947 E	 36.98  
 1948 L	 4.57  
 1949 S	 12.35  
 1950 P	 52.64  
 1951 L	 5.08  
 1952 T	 26.02  
 1953 Q	 47.74  
 1954 A	 20.24  
 1955 S	 16.26  
 1956 P	 30.60  
 1957 Q	 49.52  
 1958 R	 29.44  
 1959 A	 17.91  
 1960 R	 43.35  
 1961 T	 21.95  
 1962 P	 17.75  
 1963 A	 27.63  
 1964 R	 48.25  
 1965 T	 31.48  
 1966 P	 21.12  
 1967 D	 58.58  
 1968 R	 37.44  
 1969 L	 10.21  
 1970 A	 16.63  
 1971 K	 63.94  
 1972 Q	 43.73  
 1973 E	 64.94  
 1974 E	 54.13  
 1975 L	 6.86  
 1976 E	 47.64  
 1977 R	 57.79  
 1978 D	 36.66  
 1979 L	 5.68  
 1980 A	 13.66  
 1981 Q	 57.65  
 1982 R	 40.19  
 1983 S	 31.56  
 1984 E	 58.68  
 1985 E	 60.06  
 1986 R	 41.23  
 1987 R	 43.78  
 1988 K	 63.56  
 1989 W	 8.42  
 1990 F	 5.26  
 1991 E	 49.93  
 1992 A	 13.77  
 1993 T	 27.58  
 1994 D	 43.07  
 1995 S	 33.43  
 1996 R	 58.05  
 1997 T	 27.96  
 1998 P	 39.20  
 1999 E	 61.59  
 2000 V	 4.08  
 2001 P	 32.65  
 2002 A	 33.57  
 2003 G	 34.03  
 2004 E	 69.04  
 2005 G	 21.79  
 2006 P	 20.63  
 2007 R	 57.04  
 2008 R	 48.06  
 2009 G	 29.73  
 2010 L	 5.12  
 2011 G	 28.15  
 2012 A	 10.85  
 2013 P	 37.71  
 2014 L	 8.97  
 2015 T	 36.13  
 2016 E	 62.60  
 2017 D	 50.56  
 2018 Q	 35.89  
 2019 Q	 49.70  
 2020 N	 41.02  
 2021 R	 34.94  
 2022 L	 11.23  
 2023 S	 29.91  
 2024 E	 68.53  
 2025 E	 53.74  
 2026 I	 9.14  
 2027 E	 52.44  
 2028 K	 66.04  
 2029 K	 41.12  
 2030 W	 14.14  
 2031 Q	 55.03  
 2032 E	 58.75  
 2033 L	 4.16  
 2034 E	 52.36  
 2035 K	 68.94  
 2036 L	 3.36  
 2037 P	 40.20  
 2038 L	 18.18  
 2039 R	 43.43  
 2040 E	 74.84  
 2041 N	 30.88  
 2042 K	 50.44  
 2043 R	 47.03  
 2044 V	 4.94  
 2045 P	 28.20  
 2046 L	 3.91  
 2047 T	 14.80  
 2048 A	 20.10  
 2049 L	 3.78  
 2050 L	 5.20  
 2051 N	 38.33  
 2052 Q	 34.18  
 2053 S	 40.97  
 2054 R	 41.02  
 2055 G	 37.70  
 2056 E	 37.79  
 2057 R	 52.24  
 2058 R	 58.63  
 2059 G	 44.70  
 2060 P	 24.34  
 2061 P	 48.12  
 2062 S	 60.40  
 2063 D	 69.14  
 2064 G	 25.52  
 2065 H	 23.34  
 2066 E	 61.55  
 2067 A	 18.49  
 2068 L	 9.83  
 2069 E	 54.97  
 2070 K	 65.13  
 2071 E	 30.41  
 2072 V	 6.29  
 2073 Q	 35.45  
 2074 A	 12.28  
 2075 L	 2.32  
 2076 R	 24.25  
 2077 A	 21.11  
 2078 Q	 33.14  
 2079 L	 4.78  
 2080 E	 33.82  
 2081 A	 12.79  
 2082 W	 7.67  
 2083 R	 24.96  
 2084 L	 5.52  
 2085 Q	 38.82  
 2086 G	 37.31  
 2087 E	 44.19  
 2088 A	 17.79  
 2089 P	 25.10  
 2090 Q	 48.67  
 2091 S	 28.36  
 2092 A	 11.18  
 2093 L	 7.01  
 2094 R	 35.69  
 2095 S	 38.48  
 2096 Q	 46.49  
 2097 E	 68.18  
 2098 D	 46.46  
 2099 G	 21.63  
 2100 H	 41.52  
 2101 I	 5.57  
 2102 P	 15.58  
 2103 P	 47.84  
 2104 G	 27.35  
 2105 Y	 11.81  
 2106 I	 4.20  
 2107 S	 17.31  
 2108 Q	 32.52  
 2109 E	 48.79  
 2110 A	 7.88  
 2111 C	 4.37  
 2112 E	 52.96  
 2113 R	 36.53  
 2114 S	 15.05  
 2115 L	 6.15  
 2116 A	 18.48  
 2117 E	 49.10  
 2118 M	 5.14  
 2119 E	 40.36  
 2120 S	 31.63  
 2121 S	 16.41  
 2122 H	 31.22  
 2123 Q	 39.24  
 2124 Q	 30.97  
 2125 V	 4.13  
 2126 M	 2.62  
 2127 E	 57.61  
 2128 E	 31.91  
 2129 L	 3.27  
 2130 Q	 46.04  
 2131 R	 45.84  
 2132 H	 17.75  
 2133 H	 37.69  
 2134 E	 41.55  
 2135 R	 45.64  
 2136 E	 46.39  
 2137 L	 4.50  
 2138 Q	 39.01  
 2139 R	 47.27  
 2140 L	 3.88  
 2141 Q	 52.13  
 2142 Q	 69.21  
 2143 E	 39.73  
 2144 K	 50.26  
 2145 E	 42.47  
 2146 W	 14.03  
 2147 L	 3.22  
 2148 L	 6.21  
 2149 A	 15.48  
 2150 E	 56.71  
 2151 E	 37.83  
 2152 T	 17.07  
 2153 A	 13.19  
 2154 A	 15.89  
 2155 T	 20.77  
 2156 A	 7.70  
 2157 S	 25.98  
 2158 A	 10.94  
 2159 I	 3.00  
 2160 E	 42.29  
 2161 A	 14.69  
 2162 M	 2.72  
 2163 K	 41.10  
 2164 K	 38.96  
 2165 A	 13.01  
 2166 Y	 25.90  
 2167 Q	 42.41  
 2168 E	 48.51  
 2169 E	 36.20  
 2170 L	 6.02  
 2171 S	 27.30  
 2172 R	 62.59  
 2173 E	 54.76  
 2174 L	 6.55  
 2175 S	 27.51  
 2176 K	 61.66  
 2177 T	 23.32  
 2178 R	 38.82  
 2179 S	 35.44  
 2180 L	 3.87  
 2181 Q	 47.64  
 2182 Q	 71.35  
 2183 G	 14.87  
 2184 P	 28.32  
 2185 D	 75.48  
 2186 G	 30.43  
 2187 L	 8.90  
 2188 R	 41.96  
 2189 K	 58.12  
 2190 Q	 33.16  
 2191 H	 31.95  
 2192 Q	 38.54  
 2193 S	 41.31  
 2194 D	 35.39  
 2195 V	 5.85  
 2196 E	 53.96  
 2197 A	 20.45  
 2198 L	 3.21  
 2199 K	 51.37  
 2200 R	 51.19  
 2201 E	 41.80  
 2202 L	 5.05  
 2203 Q	 29.38  
 2204 V	 11.25  
 2205 L	 2.77  
 2206 S	 24.65  
 2207 E	 49.75  
 2208 Q	 39.54  
 2209 Y	 14.71  
 2210 S	 23.90  
 2211 Q	 35.23  
 2212 K	 34.54  
 2213 C	 2.98  
 2214 L	 7.47  
 2215 E	 49.17  
 2216 I	 2.23  
 2217 G	 11.86  
 2218 A	 12.12  
 2219 L	 2.16  
 2220 M	 2.71  
 2221 R	 33.15  
 2222 Q	 38.88  
 2223 A	 15.39  
 2224 E	 49.61  
 2225 E	 67.40  
 2226 R	 32.28  
 2227 E	 44.50  
 2228 H	 36.10  
 2229 T	 19.73  
 2230 L	 3.33  
 2231 R	 38.18  
 2232 R	 26.21  
 2233 C	 3.86  
 2234 Q	 42.41  
 2235 Q	 61.48  
 2236 E	 36.64  
 2237 G	 23.17  
 2238 Q	 37.09  
 2239 E	 61.70  
 2240 L	 3.81  
 2241 L	 5.28  
 2242 R	 39.06  
 2243 H	 40.05  
 2244 N	 30.50  
 2245 Q	 48.80  
 2246 E	 48.31  
 2247 L	 3.60  
 2248 H	 20.69  
 2249 G	 44.86  
 2250 R	 25.05  
 2251 L	 10.01  
 2252 S	 31.64  
 2253 E	 64.66  
 2254 E	 48.79  
 2255 I	 3.43  
 2256 D	 44.75  
 2257 Q	 38.43  
 2258 L	 5.26  
 2259 R	 32.13  
 2260 G	 27.23  
 2261 F	 3.22  
 2262 I	 3.92  
 2263 A	 8.11  
 2264 S	 23.58  
 2265 Q	 36.55  
 2266 G	 24.38  
 2267 M	 2.67  
 2268 G	 33.91  
 2269 N	 33.42  
 2270 G	 14.99  
 2271 C	 4.80  
 2272 G	 37.13  
 2273 R	 40.15  
 2274 S	 28.46  
 2275 N	 47.54  
 2276 E	 56.01  
 2277 R	 37.81  
 2278 S	 32.91  
 2279 S	 20.17  
 2280 C	 7.94  
 2281 E	 50.33  
 2282 L	 6.91  
 2283 E	 14.61  
 2284 V	 10.76  
 2285 L	 1.52  
 2286 L	 7.75  
 2287 R	 33.04  
 2288 V	 10.33  
 2289 K	 48.68  
 2290 E	 53.75  
 2291 N	 49.95  
 2292 E	 38.04  
 2293 L	 6.47  
 2294 Q	 35.02  
 2295 Y	 32.87  
 2296 L	 4.05  
 2297 K	 41.79  
 2298 K	 61.60  
 2299 E	 35.91  
 2300 V	 7.18  
 2301 Q	 22.94  
 2302 C	 3.98  
 2303 L	 4.29  
 2304 R	 42.88  
 2305 D	 48.27  
 2306 E	 34.17  
 2307 L	 4.65  
 2308 Q	 24.21  
 2309 M	 4.86  
 2310 M	 2.63  
 2311 Q	 45.51  
 2312 K	 47.52  
 2313 D	 30.39  
 2314 K	 57.35  
 2315 R	 50.65  
 2316 F	 8.64  
 2317 T	 40.37  
 2318 S	 30.49  
 2319 G	 29.63  
 2320 K	 39.23  
 2321 Y	 17.30  
 2322 Q	 36.86  
 2323 D	 30.53  
 2324 V	 3.21  
 2325 Y	 9.12  
 2326 V	 6.32  
 2327 E	 27.20  
 2328 L	 3.01  
 2329 S	 15.06  
 2330 H	 37.88  
 2331 I	 4.35  
 2332 K	 32.25  
 2333 T	 38.53  
 2334 R	 31.36  
 2335 S	 46.36  
 2336 E	 51.55  
 2337 R	 51.98  
 2338 E	 46.99  
 2339 I	 5.25  
 2340 E	 45.14  
 2341 Q	 64.59  
 2342 L	 4.57  
 2343 K	 42.66  
 2344 E	 57.66  
 2345 H	 18.05  
 2346 L	 5.14  
 2347 R	 23.47  
 2348 L	 4.87  
 2349 A	 4.52  
 2350 M	 2.37  
 2351 A	 10.22  
 2352 A	 9.19  
 2353 L	 4.99  
 2354 Q	 55.80  
 2355 E	 60.69  
 2356 K	 41.97  
 2357 E	 49.36  
 2358 S	 33.82  
 2359 M	 5.02  
 2360 R	 38.57  
 2361 N	 32.50  
 2362 S	 20.70  
 2363 L	 7.68  
 2364 A	 21.92  
 2365 E	 67.46  
