 1 M	 4.93  
 2 V	 6.52  
 3 S	 15.04  
 4 W	 2.93  
 5 M	 1.29  
 6 I	 0.72  
 7 C	 1.27  
 8 R	 21.42  
 9 L	 2.43  
 10 V	 1.29  
 11 V	 4.46  
 12 L	 1.74  
 13 V	 2.35  
 14 F	 4.10  
 15 G	 10.73  
 16 M	 2.06  
 17 L	 3.03  
 18 C	 1.03  
 19 P	 25.09  
 20 A	 16.13  
 21 Y	 4.92  
 22 A	 14.43  
 23 S	 17.94  
 24 Y	 8.52  
 25 K	 44.18  
 26 A	 10.37  
 27 V	 7.66  
 28 K	 59.65  
 29 T	 23.79  
 30 K	 44.66  
 31 N	 43.72  
 32 I	 3.64  
 33 R	 38.29  
 34 E	 44.58  
 35 Y	 5.86  
 36 V	 3.10  
 37 R	 18.05  
 38 W	 2.59  
 39 M	 0.74  
 40 M	 1.67  
 41 Y	 3.95  
 42 W	 2.24  
 43 I	 0.72  
 44 V	 1.10  
 45 F	 3.44  
 46 A	 6.76  
 47 L	 1.73  
 48 F	 2.54  
 49 M	 3.43  
 50 A	 8.46  
 51 A	 8.68  
 52 E	 28.58  
 53 I	 3.29  
 54 V	 2.71  
 55 T	 29.10  
 56 D	 23.94  
 57 I	 2.11  
 58 F	 3.94  
 59 I	 3.49  
 60 S	 16.35  
 61 W	 10.50  
 62 F	 2.09  
 63 P	 15.29  
 64 F	 8.04  
 65 Y	 10.63  
 66 Y	 16.14  
 67 E	 25.42  
 68 I	 1.82  
 69 K	 16.55  
 70 M	 4.26  
 71 A	 6.08  
 72 F	 4.08  
 73 V	 2.45  
 74 L	 1.84  
 75 W	 7.02  
 76 L	 2.72  
 77 L	 3.07  
 78 S	 17.43  
 79 P	 40.56  
 80 Y	 20.08  
 81 T	 26.79  
 82 K	 46.79  
 83 G	 16.76  
 84 A	 9.88  
 85 S	 27.81  
 86 L	 4.89  
 87 L	 3.44  
 88 Y	 19.63  
 89 R	 26.38  
 90 K	 37.88  
 91 F	 4.51  
 92 V	 7.92  
 93 H	 14.90  
 94 P	 31.50  
 95 S	 24.89  
 96 L	 6.50  
 97 S	 35.61  
 98 R	 47.48  
 99 H	 47.29  
 100 E	 51.80  
 101 K	 54.57  
 102 E	 43.02  
 103 I	 5.63  
 104 D	 34.12  
 105 A	 11.12  
 106 Y	 9.62  
 107 I	 1.66  
 108 V	 2.70  
 109 Q	 36.84  
 110 A	 12.55  
 111 K	 36.25  
 112 E	 50.29  
 113 R	 43.78  
 114 S	 28.54  
 115 Y	 23.11  
 116 E	 33.42  
 117 T	 20.65  
 118 V	 2.55  
 119 L	 4.60  
 120 S	 27.84  
 121 F	 13.46  
 122 G	 18.51  
 123 K	 41.08  
 124 R	 56.03  
 125 G	 26.93  
 126 L	 4.94  
 127 N	 25.36  
 128 I	 3.99  
 129 A	 8.35  
 130 A	 8.91  
 131 S	 14.03  
 132 A	 13.61  
 133 A	 7.46  
 134 V	 3.88  
 135 Q	 22.13  
 136 A	 15.53  
 137 A	 9.85  
 138 T	 33.95  
 139 K	 35.73  
 140 S	 29.50  
 141 Q	 42.61  
 142 G	 29.64  
 143 A	 6.13  
 144 L	 7.12  
 145 A	 10.67  
 146 G	 29.97  
 147 R	 22.71  
 148 L	 5.42  
 149 R	 34.00  
 150 S	 26.68  
 151 F	 5.95  
 152 S	 19.44  
 153 M	 3.19  
 154 Q	 45.44  
 155 D	 35.09  
 156 L	 2.32  
 157 R	 39.99  
 158 S	 33.47  
 159 I	 3.32  
 160 S	 29.03  
 161 D	 55.70  
 162 A	 8.72  
 163 P	 43.71  
 164 A	 11.77  
 165 P	 32.09  
 166 A	 19.19  
 167 Y	 13.00  
 168 H	 32.11  
 169 D	 23.40  
 170 P	 15.03  
 171 L	 10.70  
 172 Y	 17.27  
 173 L	 8.45  
 174 E	 32.61  
 175 D	 52.14  
 176 Q	 29.27  
 177 V	 8.89  
 178 S	 12.97  
 179 H	 30.80  
 180 R	 45.34  
 181 R	 35.60  
 182 P	 25.47  
 183 P	 30.72  
 184 I	 9.32  
 185 G	 16.20  
 186 Y	 9.67  
 187 R	 22.88  
 188 A	 14.12  
 189 G	 28.48  
 190 G	 21.12  
 191 L	 5.10  
 192 Q	 51.98  
 193 D	 54.23  
 194 S	 33.21  
 195 D	 63.51  
 196 T	 49.65  
 197 E	 57.72  
 198 D	 59.45  
 199 E	 31.49  
 200 C	 6.97  
 201 W	 9.37  
 202 S	 46.44  
 203 D	 24.86  
 204 T	 21.96  
 205 E	 53.30  
 206 A	 20.78  
 207 V	 2.41  
 208 P	 33.49  
 209 R	 46.75  
 210 A	 8.95  
 211 P	 30.04  
 212 A	 32.88  
 213 R	 29.74  
 214 P	 51.38  
 215 R	 60.04  
 216 E	 62.80  
 217 K	 46.53  
 218 P	 28.41  
 219 L	 8.23  
 220 I	 5.59  
 221 R	 36.00  
 222 S	 19.68  
 223 Q	 36.31  
 224 S	 21.27  
 225 L	 3.60  
 226 R	 36.11  
 227 V	 7.84  
 228 V	 3.92  
 229 K	 52.42  
 230 R	 45.14  
 231 K	 48.21  
 232 P	 36.33  
 233 P	 40.61  
 234 V	 13.60  
 235 R	 42.26  
 236 E	 68.04  
 237 G	 20.58  
 238 T	 19.06  
 239 S	 30.63  
 240 R	 45.93  
 241 S	 32.10  
 242 L	 6.05  
 243 K	 30.80  
 244 V	 10.29  
 245 R	 27.50  
 246 T	 50.24  
 247 R	 28.10  
 248 K	 52.78  
 249 K	 52.01  
 250 T	 40.46  
 251 V	 6.16  
 252 P	 30.00  
 253 S	 46.02  
 254 D	 42.02  
 255 V	 10.25  
 256 D	 54.33  
 257 S	 41.80  
