 1 M	 9.09  
 2 N	 45.86  
 3 V	 4.25  
 4 T	 14.93  
 5 S	 11.11  
 6 I	 2.82  
 7 A	 7.26  
 8 L	 5.20  
 9 R	 22.73  
 10 A	 21.30  
 11 E	 33.80  
 12 T	 22.04  
 13 W	 4.85  
 14 L	 2.81  
 15 L	 2.00  
 16 A	 13.31  
 17 A	 9.25  
 18 W	 7.38  
 19 H	 12.56  
 20 V	 4.69  
 21 K	 35.82  
 22 V	 6.64  
 23 P	 13.81  
 24 P	 29.57  
 25 M	 5.37  
 26 W	 9.23  
 27 L	 2.14  
 28 E	 26.44  
 29 A	 9.41  
 30 C	 1.48  
 31 I	 6.53  
 32 N	 29.67  
 33 W	 3.61  
 34 I	 2.98  
 35 Q	 43.49  
 36 E	 54.26  
 37 E	 49.21  
 38 N	 44.62  
 39 N	 58.04  
 40 N	 35.32  
 41 V	 9.18  
 42 N	 35.78  
 43 L	 3.32  
 44 S	 20.47  
 45 Q	 38.49  
 46 A	 13.76  
 47 Q	 28.48  
 48 M	 8.30  
 49 N	 21.37  
 50 K	 42.36  
 51 Q	 39.88  
 52 V	 6.43  
 53 F	 5.53  
 54 E	 41.83  
 55 Q	 25.34  
 56 W	 6.02  
 57 L	 3.54  
 58 L	 2.97  
 59 T	 30.71  
 60 D	 39.41  
 61 L	 3.75  
 62 R	 49.64  
 63 D	 64.80  
 64 L	 5.42  
 65 E	 47.99  
 66 H	 26.13  
 67 P	 26.64  
 68 L	 13.47  
 69 L	 4.24  
 70 P	 45.52  
 71 D	 57.65  
 72 G	 25.17  
 73 I	 3.99  
 74 L	 6.29  
 75 E	 56.15  
 76 I	 3.71  
 77 P	 29.26  
 78 K	 71.34  
 79 G	 38.99  
 80 E	 45.23  
 81 L	 11.79  
 82 N	 33.94  
 83 G	 29.57  
 84 F	 2.91  
 85 Y	 14.06  
 86 A	 7.25  
 87 L	 3.41  
 88 Q	 25.33  
 89 I	 3.83  
 90 N	 19.14  
 91 S	 31.25  
 92 L	 3.09  
 93 V	 7.39  
 94 D	 39.38  
 95 V	 4.46  
 96 S	 26.44  
 97 Q	 26.87  
 98 P	 26.17  
 99 A	 14.69  
 100 Y	 14.06  
 101 S	 23.94  
 102 Q	 29.47  
 103 I	 2.99  
 104 Q	 30.97  
 105 K	 41.61  
 106 L	 5.10  
 107 R	 62.16  
 108 G	 37.69  
 109 K	 44.69  
 110 N	 55.76  
 111 T	 30.38  
 112 T	 35.81  
 113 N	 38.28  
 114 D	 40.19  
 115 L	 3.91  
 116 V	 5.48  
 117 T	 26.52  
 118 A	 11.57  
 119 E	 30.21  
 120 A	 13.48  
 121 Q	 30.99  
 122 V	 14.78  
 123 T	 17.32  
 124 P	 41.68  
 125 K	 54.09  
 126 P	 35.03  
 127 W	 25.06  
 128 E	 56.17  
 129 A	 25.78  
 130 K	 31.82  
 131 P	 33.93  
 132 S	 29.61  
 133 R	 30.68  
 134 M	 2.79  
 135 L	 2.77  
 136 M	 1.31  
 137 L	 3.12  
 138 Q	 28.49  
 139 L	 4.08  
 140 T	 21.15  
 141 D	 54.11  
 142 G	 19.41  
 143 I	 1.99  
 144 V	 5.12  
 145 Q	 21.99  
 146 I	 2.37  
 147 Q	 28.26  
 148 G	 16.71  
 149 M	 2.19  
 150 E	 48.09  
 151 Y	 15.65  
 152 Q	 19.01  
 153 P	 33.16  
 154 I	 1.63  
 155 P	 29.76  
 156 I	 5.83  
 157 L	 2.38  
 158 H	 21.71  
 159 S	 37.08  
 160 D	 53.07  
 161 L	 6.55  
 162 P	 30.20  
 163 P	 71.08  
 164 G	 37.39  
 165 T	 22.23  
 166 K	 41.24  
 167 I	 2.58  
 168 L	 2.35  
 169 I	 4.75  
 170 Y	 10.73  
 171 G	 20.29  
 172 N	 15.12  
 173 I	 3.41  
 174 S	 14.33  
 175 F	 7.09  
 176 R	 24.60  
 177 L	 5.39  
 178 G	 12.08  
 179 V	 3.94  
 180 L	 4.38  
 181 L	 5.55  
 182 L	 8.33  
 183 K	 50.70  
 184 P	 38.06  
 185 E	 73.41  
 186 N	 47.65  
 187 V	 4.29  
 188 K	 43.24  
 189 V	 5.38  
 190 L	 6.38  
 191 G	 32.95  
 192 G	 27.82  
 193 E	 35.11  
 194 V	 6.20  
 195 D	 27.48  
 196 A	 21.15  
 197 L	 5.53  
 198 L	 5.15  
 199 E	 50.22  
 200 E	 46.25  
 201 Y	 12.28  
 202 A	 17.84  
 203 Q	 50.58  
 204 E	 36.64  
 205 K	 30.39  
 206 V	 5.07  
 207 L	 3.21  
 208 A	 13.76  
 209 R	 23.76  
 210 L	 4.99  
 211 I	 4.97  
 212 G	 45.00  
 213 E	 28.75  
 214 P	 34.71  
 215 D	 48.03  
 216 L	 6.32  
 217 V	 3.83  
 218 V	 5.00  
 219 S	 13.57  
 220 V	 5.95  
 221 I	 2.05  
 222 P	 31.62  
 223 N	 54.13  
 224 N	 40.64  
 225 S	 52.76  
 226 N	 48.75  
 227 E	 57.25  
 228 N	 54.54  
 229 I	 1.56  
 230 P	 35.95  
 231 R	 39.92  
 232 V	 4.49  
 233 T	 22.97  
 234 D	 35.80  
 235 V	 4.82  
 236 L	 7.90  
 237 D	 26.69  
 238 P	 25.81  
 239 A	 25.47  
 240 L	 14.61  
 241 G	 23.05  
 242 P	 39.18  
 243 S	 56.72  
 244 D	 57.43  
 245 E	 55.68  
 246 E	 54.82  
 247 L	 4.56  
 248 L	 3.26  
 249 A	 22.22  
 250 S	 36.00  
 251 L	 8.78  
 252 D	 50.59  
 253 E	 72.39  
 254 N	 47.96  
 255 D	 50.68  
 256 E	 60.65  
 257 L	 6.46  
 258 T	 25.87  
 259 A	 26.00  
 260 N	 41.49  
 261 N	 52.02  
 262 D	 48.01  
 263 T	 35.95  
 264 S	 32.82  
 265 S	 31.02  
 266 E	 53.92  
 267 R	 23.85  
 268 C	 2.89  
 269 F	 9.55  
 270 T	 33.60  
 271 T	 18.14  
 272 G	 23.60  
 273 S	 28.62  
 274 S	 29.02  
 275 S	 39.42  
 276 N	 43.93  
 277 T	 30.22  
 278 I	 3.72  
 279 P	 21.35  
 280 T	 37.17  
 281 R	 29.09  
 282 Q	 46.00  
 283 S	 33.43  
 284 S	 25.87  
 285 F	 25.53  
 286 E	 45.96  
 287 P	 38.01  
 288 E	 45.40  
 289 F	 9.64  
 290 V	 3.95  
 291 I	 5.95  
 292 S	 15.00  
 293 P	 45.53  
 294 R	 48.40  
 295 P	 52.36  
 296 K	 75.81  
 297 E	 77.23  
 298 E	 61.22  
 299 P	 29.61  
 300 S	 54.40  
 301 N	 48.82  
 302 L	 6.29  
 303 S	 18.20  
 304 I	 2.98  
 305 H	 12.89  
 306 V	 3.40  
 307 M	 3.20  
 308 D	 46.45  
 309 G	 21.19  
 310 E	 44.77  
 311 L	 10.54  
 312 D	 51.08  
 313 D	 47.89  
 314 F	 10.04  
 315 S	 41.69  
 316 L	 7.52  
 317 E	 39.77  
 318 E	 50.32  
 319 A	 8.30  
 320 L	 6.75  
 321 L	 7.93  
 322 L	 6.09  
 323 E	 52.14  
 324 E	 55.00  
 325 T	 20.89  
 326 V	 9.65  
 327 Q	 51.49  
 328 K	 45.65  
 329 E	 37.76  
 330 Q	 41.89  
 331 M	 8.08  
 332 E	 57.32  
 333 T	 25.20  
 334 K	 43.02  
 335 E	 61.12  
 336 L	 7.28  
 337 Q	 31.86  
 338 P	 46.09  
 339 L	 5.72  
 340 T	 26.08  
 341 F	 12.16  
 342 N	 30.94  
 343 R	 35.21  
 344 N	 47.50  
 345 A	 15.45  
 346 D	 48.70  
 347 R	 36.80  
 348 S	 29.37  
 349 I	 4.60  
 350 E	 49.25  
 351 R	 36.38  
 352 F	 5.89  
 353 S	 28.69  
 354 H	 51.56  
 355 N	 30.25  
 356 P	 33.83  
 357 N	 65.92  
 358 T	 31.96  
 359 T	 34.50  
 360 N	 45.57  
 361 N	 26.28  
 362 F	 7.40  
 363 S	 25.54  
 364 L	 5.96  
 365 T	 21.89  
 366 C	 3.80  
 367 K	 63.76  
 368 N	 61.65  
 369 G	 24.60  
 370 N	 48.32  
 371 N	 53.39  
 372 N	 47.88  
 373 W	 15.25  
 374 S	 40.59  
 375 E	 40.02  
 376 K	 58.07  
 377 N	 38.20  
 378 V	 11.18  
 379 S	 31.35  
 380 E	 39.84  
 381 Q	 36.17  
 382 M	 3.69  
 383 T	 34.84  
 384 N	 50.56  
 385 E	 58.61  
 386 D	 54.70  
 387 K	 41.32  
 388 S	 38.91  
 389 F	 16.78  
 390 G	 29.53  
 391 C	 1.82  
 392 P	 35.92  
 393 S	 33.58  
 394 V	 4.76  
 395 R	 44.10  
 396 D	 48.20  
 397 Q	 36.35  
 398 N	 43.91  
 399 R	 26.04  
 400 S	 35.22  
 401 I	 2.42  
 402 F	 7.04  
 403 S	 14.85  
 404 V	 4.09  
 405 H	 9.02  
 406 C	 5.28  
 407 N	 24.46  
 408 V	 5.10  
 409 P	 15.16  
 410 L	 6.02  
 411 A	 8.30  
 412 H	 38.10  
 413 D	 46.59  
 414 F	 6.10  
 415 T	 51.98  
 416 N	 50.94  
 417 K	 67.99  
 418 E	 49.61  
 419 K	 69.32  
 420 N	 44.17  
 421 L	 12.73  
 422 E	 64.61  
 423 T	 48.30  
 424 D	 45.08  
 425 N	 56.20  
 426 K	 54.83  
 427 I	 5.12  
 428 K	 49.48  
 429 Q	 50.52  
 430 T	 26.10  
 431 S	 25.92  
 432 S	 41.36  
 433 S	 42.79  
 434 D	 52.93  
 435 S	 19.54  
 436 H	 41.10  
 437 S	 36.42  
 438 L	 7.39  
 439 N	 51.25  
 440 N	 37.73  
 441 K	 47.71  
 442 I	 4.47  
 443 L	 5.44  
 444 N	 41.35  
 445 R	 34.34  
 446 E	 50.14  
 447 V	 2.82  
 448 V	 3.51  
 449 N	 36.11  
 450 Y	 7.83  
 451 V	 4.57  
 452 Q	 25.69  
 453 K	 44.17  
 454 R	 25.17  
 455 S	 33.36  
 456 S	 35.25  
 457 Q	 44.36  
 458 I	 5.29  
 459 S	 30.38  
 460 N	 54.44  
 461 E	 47.88  
 462 N	 64.48  
 463 D	 19.26  
 464 C	 9.14  
 465 N	 43.93  
 466 L	 5.08  
 467 Q	 28.53  
 468 S	 14.61  
 469 C	 2.61  
 470 S	 31.87  
 471 L	 7.85  
 472 R	 23.11  
 473 S	 47.50  
 474 S	 34.07  
 475 E	 57.13  
 476 N	 50.57  
 477 S	 14.59  
 478 I	 10.16  
 479 N	 27.79  
 480 L	 3.60  
 481 S	 12.10  
 482 I	 4.08  
 483 A	 5.09  
 484 M	 3.30  
 485 D	 33.17  
 486 L	 2.68  
 487 Y	 18.18  
 488 S	 33.13  
 489 P	 16.88  
 490 P	 25.95  
 491 F	 6.83  
 492 V	 6.07  
 493 Y	 8.14  
 494 L	 2.10  
 495 S	 8.77  
 496 V	 3.80  
 497 L	 1.82  
 498 M	 3.57  
 499 A	 15.39  
 500 S	 35.21  
 501 K	 51.04  
 502 P	 35.23  
 503 K	 69.43  
 504 E	 54.33  
 505 V	 7.30  
 506 T	 27.28  
 507 T	 24.41  
 508 V	 4.98  
 509 K	 35.61  
 510 V	 4.74  
 511 K	 31.68  
 512 A	 11.46  
 513 F	 3.70  
 514 I	 2.50  
 515 V	 2.64  
 516 T	 17.49  
 517 L	 3.90  
 518 T	 18.04  
 519 G	 35.87  
 520 N	 31.36  
 521 L	 5.78  
 522 S	 26.85  
 523 S	 35.85  
 524 S	 37.35  
 525 G	 33.29  
 526 G	 21.82  
 527 I	 2.73  
 528 W	 6.22  
 529 S	 14.24  
 530 I	 2.33  
 531 T	 18.21  
 532 A	 14.48  
 533 K	 33.35  
 534 V	 6.14  
 535 S	 29.62  
 536 D	 62.54  
 537 G	 12.53  
 538 T	 19.67  
 539 A	 14.39  
 540 Y	 11.85  
 541 L	 4.86  
 542 D	 25.84  
 543 V	 5.93  
 544 D	 37.20  
 545 F	 8.19  
 546 V	 5.81  
 547 D	 36.89  
 548 E	 34.30  
 549 I	 4.38  
 550 L	 2.21  
 551 T	 27.44  
 552 S	 17.97  
 553 L	 3.60  
 554 I	 5.40  
 555 G	 17.67  
 556 F	 5.43  
 557 S	 31.39  
 558 V	 4.31  
 559 P	 34.46  
 560 E	 57.78  
 561 M	 3.81  
 562 K	 50.16  
 563 Q	 60.21  
 564 S	 35.83  
 565 K	 59.72  
 566 K	 70.58  
 567 D	 53.53  
 568 P	 30.18  
 569 L	 12.12  
 570 Q	 43.96  
 571 Y	 22.73  
 572 Q	 19.64  
 573 K	 47.16  
 574 F	 4.42  
 575 L	 7.04  
 576 E	 62.07  
 577 G	 35.24  
 578 L	 3.00  
 579 Q	 56.17  
 580 K	 37.06  
 581 C	 2.30  
 582 Q	 49.29  
 583 R	 50.61  
 584 D	 23.30  
 585 L	 3.41  
 586 I	 4.44  
 587 D	 40.74  
 588 L	 1.44  
 589 C	 1.16  
 590 C	 3.65  
 591 L	 3.11  
 592 M	 1.63  
 593 T	 10.67  
 594 I	 2.49  
 595 S	 15.14  
 596 F	 16.04  
 597 N	 20.61  
 598 P	 34.34  
 599 S	 46.51  
 600 L	 6.85  
 601 S	 23.78  
 602 K	 45.88  
 603 A	 7.02  
 604 M	 2.67  
 605 V	 3.19  
 606 L	 2.24  
 607 A	 7.55  
 608 L	 3.80  
 609 Q	 47.18  
 610 D	 34.31  
 611 V	 4.78  
 612 N	 38.11  
 613 M	 3.27  
 614 E	 39.87  
 615 H	 27.89  
 616 L	 2.73  
 617 E	 63.52  
 618 N	 64.62  
 619 L	 5.16  
 620 K	 47.64  
 621 K	 66.34  
 622 R	 41.74  
 623 L	 15.28  
 624 N	 52.61  
 625 K	 67.33  
