 1 M	 6.86  
 2 Q	 51.76  
 3 G	 22.73  
 4 L	 2.38  
 5 L	 4.59  
 6 T	 33.89  
 7 S	 36.25  
 8 G	 36.07  
 9 R	 47.69  
 10 K	 47.24  
 11 P	 36.52  
 12 S	 53.78  
 13 G	 51.61  
 14 G	 25.39  
 15 G	 25.64  
 16 R	 20.35  
 17 C	 5.53  
 18 T	 28.66  
 19 G	 29.84  
 20 R	 23.46  
 21 G	 41.16  
 22 G	 15.00  
 23 W	 12.21  
 24 R	 30.60  
 25 G	 20.87  
 26 Q	 21.09  
 27 W	 7.70  
 28 C	 2.42  
 29 L	 7.32  
 30 K	 33.23  
 31 P	 17.21  
 32 W	 9.10  
 33 M	 4.88  
 34 G	 25.03  
 35 G	 15.65  
 36 A	 22.02  
 37 D	 53.65  
 38 P	 33.84  
 39 P	 52.11  
 40 T	 34.00  
 41 P	 36.80  
 42 T	 33.51  
 43 L	 3.42  
 44 S	 12.75  
 45 C	 3.31  
 46 L	 5.03  
 47 L	 6.27  
 48 L	 2.31  
 49 P	 36.22  
 50 V	 14.42  
 51 P	 18.08  
 52 P	 56.86  
 53 E	 67.85  
 54 L	 8.13  
 55 P	 27.86  
 56 D	 58.05  
 57 H	 14.47  
 58 C	 2.76  
 59 Y	 14.96  
 60 R	 24.17  
 61 M	 2.00  
 62 N	 30.27  
 63 S	 28.49  
 64 S	 17.48  
 65 P	 34.23  
 66 A	 36.12  
 67 G	 41.36  
 68 T	 23.77  
 69 P	 42.99  
 70 S	 35.68  
 71 P	 51.83  
 72 Q	 53.60  
 73 P	 29.21  
 74 S	 38.48  
 75 R	 38.46  
 76 A	 32.40  
 77 N	 42.82  
 78 G	 35.10  
 79 N	 21.56  
 80 I	 4.83  
 81 N	 42.83  
 82 L	 10.65  
 83 G	 15.04  
 84 P	 33.17  
 85 S	 38.59  
 86 A	 38.34  
 87 N	 34.39  
 88 P	 36.93  
 89 N	 51.52  
 90 A	 20.27  
 91 Q	 48.33  
 92 P	 31.37  
 93 T	 36.90  
 94 D	 48.04  
 95 F	 8.66  
 96 D	 51.26  
 97 F	 7.79  
 98 L	 4.69  
 99 K	 31.62  
 100 V	 8.30  
 101 I	 4.51  
 102 G	 34.50  
 103 K	 32.62  
 104 G	 27.64  
 105 N	 45.96  
 106 Y	 27.30  
 107 G	 20.00  
 108 K	 21.25  
 109 V	 4.62  
 110 L	 4.36  
 111 L	 6.22  
 112 A	 12.87  
 113 K	 61.40  
 114 R	 37.80  
 115 K	 52.79  
 116 S	 45.36  
 117 D	 56.31  
 118 G	 25.36  
 119 A	 10.16  
 120 F	 5.00  
 121 Y	 15.22  
 122 A	 6.54  
 123 V	 2.76  
 124 K	 29.11  
 125 V	 5.71  
 126 L	 5.24  
 127 Q	 54.86  
 128 K	 44.31  
 129 K	 29.75  
 130 S	 39.94  
 131 I	 10.05  
 132 L	 9.56  
 133 K	 61.19  
 134 K	 59.08  
 135 K	 60.44  
 136 E	 67.22  
 137 Q	 49.54  
 138 S	 18.97  
 139 H	 17.34  
 140 I	 3.20  
 141 M	 2.37  
 142 A	 14.40  
 143 E	 28.27  
 144 R	 23.64  
 145 S	 14.50  
 146 V	 10.19  
 147 L	 6.25  
 148 L	 3.39  
 149 K	 49.59  
 150 N	 35.70  
 151 V	 5.94  
 152 R	 40.95  
 153 H	 17.12  
 154 P	 17.44  
 155 F	 7.63  
 156 L	 3.35  
 157 V	 7.50  
 158 G	 13.44  
 159 L	 3.47  
 160 R	 21.08  
 161 Y	 20.91  
 162 S	 12.39  
 163 F	 7.51  
 164 Q	 50.64  
 165 T	 31.25  
 166 P	 26.41  
 167 E	 60.11  
 168 K	 50.09  
 169 L	 3.70  
 170 Y	 11.60  
 171 F	 6.79  
 172 V	 2.22  
 173 L	 2.56  
 174 D	 39.78  
 175 Y	 7.52  
 176 V	 5.53  
 177 N	 46.66  
 178 G	 22.40  
 179 G	 24.19  
 180 E	 43.75  
 181 L	 6.68  
 182 F	 2.93  
 183 F	 9.81  
 184 H	 17.45  
 185 L	 4.30  
 186 Q	 36.30  
 187 R	 45.83  
 188 E	 34.94  
 189 R	 36.52  
 190 R	 35.43  
 191 F	 13.03  
 192 L	 9.33  
 193 E	 29.99  
 194 P	 37.06  
 195 R	 29.08  
 196 A	 19.36  
 197 R	 26.79  
 198 F	 4.80  
 199 Y	 10.19  
 200 A	 8.40  
 201 A	 10.62  
 202 E	 30.37  
 203 V	 4.35  
 204 A	 5.69  
 205 S	 26.12  
 206 A	 6.89  
 207 I	 3.27  
 208 G	 20.75  
 209 Y	 8.64  
 210 L	 1.54  
 211 H	 23.04  
 212 S	 22.10  
 213 L	 3.57  
 214 N	 22.94  
 215 I	 3.38  
 216 I	 1.94  
 217 Y	 8.35  
 218 R	 32.17  
 219 D	 41.91  
 220 L	 8.04  
 221 K	 55.35  
 222 P	 47.35  
 223 E	 56.14  
 224 N	 38.44  
 225 I	 3.73  
 226 L	 5.07  
 227 L	 5.69  
 228 D	 21.17  
 229 C	 5.42  
 230 Q	 44.70  
 231 G	 23.14  
 232 H	 4.80  
 233 V	 4.89  
 234 V	 3.85  
 235 L	 3.55  
 236 T	 20.06  
 237 D	 31.30  
 238 F	 7.30  
 239 G	 32.73  
 240 L	 3.68  
 241 C	 3.74  
 242 K	 63.65  
 243 E	 68.43  
 244 G	 18.00  
 245 V	 13.39  
 246 E	 54.55  
 247 P	 42.21  
 248 E	 55.26  
 249 D	 67.03  
 250 T	 22.45  
 251 T	 37.78  
 252 S	 22.91  
 253 T	 22.35  
 254 F	 3.47  
 255 C	 6.34  
 256 G	 39.86  
 257 T	 17.71  
 258 P	 17.33  
 259 E	 53.68  
 260 Y	 14.90  
 261 L	 6.46  
 262 A	 9.41  
 263 P	 29.63  
 264 E	 48.88  
 265 V	 6.45  
 266 L	 6.54  
 267 R	 46.60  
 268 K	 59.90  
 269 E	 42.53  
 270 P	 39.08  
 271 Y	 21.10  
 272 D	 42.66  
 273 R	 30.57  
 274 A	 10.75  
 275 V	 7.06  
 276 D	 31.97  
 277 W	 4.89  
 278 W	 2.30  
 279 C	 1.88  
 280 L	 2.87  
 281 G	 15.54  
 282 A	 3.83  
 283 V	 5.77  
 284 L	 2.73  
 285 Y	 7.84  
 286 E	 30.98  
 287 M	 1.80  
 288 L	 1.61  
 289 H	 34.14  
 290 G	 35.60  
 291 L	 3.20  
 292 P	 22.88  
 293 P	 45.94  
 294 F	 9.65  
 295 Y	 15.93  
 296 S	 21.93  
 297 Q	 43.69  
 298 D	 35.77  
 299 V	 3.12  
 300 S	 19.95  
 301 Q	 38.02  
 302 M	 3.36  
 303 Y	 9.74  
 304 E	 32.24  
 305 N	 25.32  
 306 I	 2.13  
 307 L	 4.65  
 308 H	 24.34  
 309 Q	 36.63  
 310 P	 18.58  
 311 L	 6.08  
 312 Q	 46.65  
 313 I	 4.51  
 314 P	 26.65  
 315 G	 39.58  
 316 G	 19.41  
 317 R	 31.76  
 318 T	 20.12  
 319 V	 2.83  
 320 A	 11.19  
 321 A	 5.30  
 322 C	 2.46  
 323 D	 45.76  
 324 L	 4.76  
 325 L	 1.76  
 326 Q	 39.05  
 327 S	 32.63  
 328 L	 3.61  
 329 L	 5.97  
 330 H	 36.62  
 331 K	 56.37  
 332 D	 37.84  
 333 Q	 48.48  
 334 R	 33.45  
 335 Q	 39.04  
 336 R	 43.11  
 337 L	 7.41  
 338 G	 29.32  
 339 S	 29.30  
 340 K	 50.61  
 341 A	 17.93  
 342 D	 53.02  
 343 F	 8.67  
 344 L	 7.37  
 345 E	 52.49  
 346 I	 6.19  
 347 K	 31.46  
 348 N	 42.06  
 349 H	 16.86  
 350 V	 7.87  
 351 F	 3.79  
 352 F	 9.15  
 353 S	 17.26  
 354 P	 20.83  
 355 I	 8.68  
 356 N	 39.24  
 357 W	 10.95  
 358 D	 31.39  
 359 D	 40.52  
 360 L	 4.47  
 361 Y	 16.58  
 362 H	 18.96  
 363 K	 35.23  
 364 R	 30.40  
 365 L	 11.41  
 366 T	 32.71  
 367 P	 35.76  
 368 P	 36.09  
 369 F	 28.70  
 370 N	 32.77  
 371 P	 36.73  
 372 N	 45.12  
 373 V	 7.45  
 374 T	 44.05  
 375 G	 15.89  
 376 P	 17.15  
 377 A	 35.79  
 378 D	 60.42  
 379 L	 5.15  
 380 K	 42.65  
 381 H	 39.37  
 382 F	 18.75  
 383 D	 41.35  
 384 P	 37.34  
 385 E	 64.27  
 386 F	 11.84  
 387 T	 24.68  
 388 Q	 41.81  
 389 E	 48.24  
 390 A	 10.89  
 391 V	 7.92  
 392 S	 27.94  
 393 K	 39.22  
 394 S	 19.39  
 395 I	 6.37  
 396 G	 19.14  
 397 C	 4.81  
 398 T	 20.98  
 399 P	 39.07  
 400 D	 35.34  
 401 T	 21.12  
 402 V	 6.75  
 403 A	 13.04  
 404 S	 22.24  
 405 S	 24.05  
 406 S	 35.56  
 407 G	 31.27  
 408 A	 11.40  
 409 S	 26.23  
 410 S	 23.62  
 411 A	 10.94  
 412 F	 8.08  
 413 L	 7.28  
 414 G	 11.73  
 415 F	 5.70  
 416 S	 20.70  
 417 Y	 24.74  
 418 A	 10.37  
 419 P	 37.00  
 420 E	 66.94  
 421 D	 58.80  
 422 D	 43.09  
 423 D	 56.52  
 424 I	 4.49  
 425 L	 7.66  
 426 D	 36.09  
 427 C	 5.57  
