 1 M	 4.65  
 2 Y	 15.53  
 3 R	 20.96  
 4 W	 5.02  
 5 L	 1.05  
 6 V	 2.58  
 7 R	 19.08  
 8 I	 3.03  
 9 L	 3.29  
 10 G	 17.88  
 11 T	 17.31  
 12 I	 1.90  
 13 F	 5.00  
 14 R	 27.68  
 15 F	 3.37  
 16 C	 3.56  
 17 D	 43.08  
 18 R	 40.51  
 19 S	 26.23  
 20 V	 7.39  
 21 P	 20.34  
 22 P	 32.02  
 23 A	 11.87  
 24 R	 31.38  
 25 A	 21.25  
 26 L	 4.89  
 27 L	 3.86  
 28 K	 44.71  
 29 R	 38.93  
 30 R	 40.65  
 31 R	 49.18  
 32 S	 33.82  
 33 D	 43.78  
 34 S	 28.40  
 35 T	 36.49  
 36 L	 3.55  
 37 F	 6.11  
 38 S	 30.54  
 39 T	 18.31  
 40 V	 7.85  
 41 D	 48.83  
 42 T	 31.06  
 43 D	 47.57  
 44 E	 53.62  
 45 I	 4.47  
 46 P	 29.67  
 47 A	 26.59  
 48 K	 58.54  
 49 R	 24.55  
 50 P	 40.24  
 51 R	 47.38  
 52 L	 8.13  
 53 D	 26.93  
 54 C	 4.01  
 55 F	 5.80  
 56 I	 2.53  
 57 H	 13.21  
 58 Q	 42.96  
 59 V	 3.81  
 60 K	 33.96  
 61 N	 38.09  
 62 S	 26.89  
 63 L	 5.52  
 64 Y	 11.54  
 65 N	 34.03  
 66 A	 5.72  
 67 A	 11.79  
 68 S	 23.09  
 69 L	 4.11  
 70 F	 9.81  
 71 G	 34.31  
 72 F	 4.25  
 73 P	 19.22  
 74 F	 9.68  
 75 Q	 37.83  
 76 L	 7.22  
 77 T	 23.22  
 78 T	 41.57  
 79 K	 26.36  
 80 P	 22.00  
 81 M	 5.68  
 82 V	 5.33  
 83 T	 12.35  
 84 S	 21.29  
 85 A	 4.96  
 86 C	 4.90  
 87 N	 55.37  
 88 G	 26.40  
 89 T	 12.70  
 90 R	 36.70  
 91 N	 33.85  
 92 V	 8.15  
 93 A	 8.97  
 94 P	 38.29  
 95 S	 37.54  
 96 G	 33.75  
 97 E	 44.73  
 98 V	 7.91  
 99 F	 5.07  
 100 S	 40.76  
 101 N	 34.15  
 102 S	 23.56  
 103 S	 43.17  
 104 S	 16.07  
 105 C	 5.55  
 106 E	 51.84  
 107 L	 8.46  
 108 T	 13.65  
 109 G	 42.51  
 110 S	 25.15  
 111 G	 37.72  
 112 S	 28.47  
 113 W	 12.07  
 114 N	 26.23  
 115 N	 30.79  
 116 M	 2.93  
 117 L	 4.50  
 118 K	 43.51  
 119 L	 8.88  
 120 G	 37.62  
 121 N	 52.66  
 122 K	 66.54  
 123 S	 27.83  
 124 P	 44.68  
 125 N	 68.47  
 126 G	 24.94  
 127 I	 3.44  
 128 S	 32.27  
 129 D	 62.93  
 130 Y	 10.30  
 131 P	 30.50  
 132 K	 36.59  
 133 I	 3.56  
 134 R	 24.95  
 135 V	 6.01  
 136 T	 13.30  
 137 V	 3.65  
 138 T	 21.11  
 139 R	 35.91  
 140 D	 54.17  
 141 Q	 30.06  
 142 P	 30.27  
 143 R	 35.39  
 144 R	 40.79  
 145 V	 11.00  
 146 L	 2.52  
 147 P	 25.42  
 148 S	 33.56  
 149 F	 9.84  
 150 G	 20.97  
 151 F	 7.09  
 152 T	 25.96  
 153 L	 6.57  
 154 N	 34.65  
 155 S	 38.18  
 156 E	 67.69  
 157 G	 17.51  
 158 C	 2.92  
 159 N	 54.58  
 160 R	 50.69  
 161 R	 21.89  
 162 P	 46.48  
 163 G	 40.19  
 164 G	 26.57  
 165 R	 38.77  
 166 R	 41.53  
 167 H	 32.28  
 168 S	 40.21  
 169 K	 57.49  
 170 G	 58.92  
 171 N	 40.68  
 172 P	 52.06  
 173 E	 57.89  
 174 S	 29.99  
 175 S	 22.15  
 176 L	 7.08  
 177 M	 4.70  
 178 W	 17.92  
 179 K	 23.90  
 180 P	 27.68  
 181 Q	 52.27  
 182 E	 49.38  
 183 Q	 35.57  
 184 A	 14.94  
 185 V	 4.68  
 186 T	 23.89  
 187 E	 28.11  
 188 M	 2.74  
 189 I	 3.69  
 190 S	 33.72  
 191 E	 45.30  
 192 E	 58.98  
 193 S	 41.58  
 194 G	 31.19  
 195 K	 65.14  
 196 G	 28.13  
 197 L	 4.84  
 198 R	 59.77  
 199 R	 30.29  
 200 P	 22.07  
 201 H	 20.33  
 202 C	 5.16  
 203 T	 28.11  
 204 V	 8.41  
 205 E	 30.77  
 206 E	 61.40  
 207 G	 17.41  
 208 V	 9.22  
 209 Q	 59.30  
 210 K	 60.17  
 211 E	 45.24  
 212 E	 73.50  
 213 R	 46.96  
 214 E	 58.69  
 215 K	 57.48  
 216 Y	 14.29  
 217 R	 33.93  
 218 K	 55.10  
 219 L	 4.43  
 220 L	 3.95  
 221 E	 67.42  
 222 R	 51.54  
 223 L	 5.43  
 224 K	 56.93  
 225 E	 67.55  
 226 S	 34.21  
 227 G	 33.54  
 228 H	 41.35  
 229 G	 31.47  
 230 N	 26.12  
 231 S	 29.68  
 232 V	 5.05  
 233 C	 1.94  
 234 P	 30.20  
 235 V	 8.51  
 236 T	 9.08  
 237 S	 35.31  
 238 N	 29.21  
 239 Y	 11.66  
 240 H	 25.81  
 241 S	 20.15  
 242 S	 19.12  
 243 Q	 52.65  
 244 R	 30.70  
 245 S	 23.40  
 246 Q	 35.64  
 247 M	 4.48  
 248 D	 41.05  
 249 T	 25.47  
 250 L	 6.05  
 251 K	 50.73  
 252 T	 37.59  
 253 K	 51.59  
 254 G	 42.74  
 255 W	 16.75  
 256 G	 36.91  
 257 E	 50.31  
 258 E	 53.39  
 259 Q	 42.81  
 260 N	 36.84  
 261 H	 41.96  
 262 G	 30.11  
 263 V	 3.76  
 264 K	 50.91  
 265 T	 24.35  
 266 T	 17.81  
 267 Q	 42.44  
 268 F	 10.76  
 269 V	 4.10  
 270 P	 21.22  
 271 K	 55.44  
 272 Q	 23.62  
 273 Y	 16.43  
 274 R	 29.75  
 275 L	 3.30  
 276 V	 5.37  
 277 E	 37.06  
 278 T	 33.18  
 279 R	 31.09  
 280 G	 27.27  
 281 P	 27.23  
 282 L	 3.27  
 283 C	 3.97  
 284 S	 34.20  
 285 L	 7.34  
 286 R	 26.86  
 287 S	 53.41  
 288 E	 37.78  
 289 K	 61.01  
 290 R	 26.37  
 291 C	 7.94  
 292 S	 48.77  
 293 K	 68.78  
 294 G	 15.42  
 295 K	 46.28  
 296 I	 6.01  
 297 T	 40.11  
 298 D	 46.12  
 299 T	 25.38  
 300 E	 37.40  
 301 T	 21.17  
 302 M	 1.80  
 303 V	 8.23  
 304 G	 8.43  
 305 I	 2.87  
 306 R	 27.22  
 307 F	 12.81  
 308 E	 50.68  
 309 N	 50.24  
 310 E	 38.12  
 311 S	 38.57  
 312 R	 29.84  
 313 R	 58.41  
 314 G	 17.27  
 315 Y	 14.23  
 316 Q	 42.02  
 317 L	 8.53  
 318 E	 22.65  
 319 P	 57.33  
 320 D	 54.15  
 321 L	 11.54  
 322 S	 38.81  
 323 E	 70.48  
 324 E	 38.09  
 325 V	 4.81  
 326 S	 15.79  
 327 A	 21.50  
 328 R	 16.91  
 329 L	 5.47  
 330 R	 31.30  
 331 L	 8.29  
 332 G	 24.43  
 333 S	 43.57  
 334 G	 24.27  
 335 S	 29.44  
 336 N	 48.97  
 337 G	 27.99  
 338 L	 3.83  
 339 L	 5.44  
 340 R	 41.22  
 341 R	 43.63  
 342 K	 33.62  
 343 V	 4.75  
 344 S	 22.38  
 345 I	 3.55  
 346 I	 4.24  
 347 E	 52.75  
 348 T	 33.81  
 349 K	 54.63  
 350 E	 57.85  
 351 K	 65.88  
 352 N	 26.69  
 353 C	 9.33  
 354 S	 63.39  
 355 G	 37.74  
 356 K	 33.03  
 357 E	 64.44  
 358 R	 46.34  
 359 D	 45.57  
 360 R	 50.01  
 361 R	 46.96  
 362 T	 34.46  
 363 D	 42.63  
 364 D	 53.17  
 365 L	 4.45  
 366 L	 6.97  
 367 E	 62.03  
 368 L	 6.83  
 369 T	 22.14  
 370 E	 68.90  
 371 D	 45.35  
 372 M	 6.88  
 373 E	 60.91  
 374 K	 54.43  
 375 E	 38.04  
 376 I	 5.95  
 377 S	 19.69  
 378 N	 44.86  
 379 A	 14.23  
 380 L	 6.43  
 381 G	 22.69  
 382 H	 45.68  
 383 G	 21.55  
 384 P	 32.54  
 385 Q	 66.61  
 386 D	 48.30  
 387 E	 40.35  
 388 I	 6.43  
 389 L	 2.88  
 390 S	 25.86  
 391 S	 33.99  
 392 A	 11.39  
 393 F	 9.17  
 394 K	 36.25  
 395 L	 3.75  
 396 R	 28.90  
 397 I	 4.45  
 398 T	 23.36  
 399 R	 38.11  
 400 G	 27.94  
 401 D	 26.91  
 402 I	 3.62  
 403 Q	 45.58  
 404 T	 39.78  
 405 L	 1.62  
 406 K	 59.87  
 407 N	 36.69  
 408 Y	 7.87  
 409 H	 31.76  
 410 W	 6.11  
 411 L	 3.54  
 412 N	 37.90  
 413 D	 49.74  
 414 E	 44.20  
 415 V	 4.90  
 416 I	 2.51  
 417 N	 27.46  
 418 F	 4.15  
 419 Y	 4.80  
 420 M	 2.20  
 421 N	 20.88  
 422 L	 3.02  
 423 L	 2.98  
 424 V	 7.97  
 425 E	 50.97  
 426 R	 53.43  
 427 N	 42.23  
 428 K	 53.33  
 429 K	 53.13  
 430 Q	 59.26  
 431 G	 38.99  
 432 Y	 5.26  
 433 P	 34.86  
 434 A	 11.21  
 435 L	 2.82  
 436 H	 22.23  
 437 V	 4.16  
 438 F	 3.86  
 439 S	 24.18  
 440 T	 13.29  
 441 F	 5.53  
 442 F	 11.77  
 443 Y	 8.68  
 444 P	 30.28  
 445 K	 58.11  
 446 L	 4.63  
 447 K	 53.86  
 448 S	 48.14  
 449 G	 36.92  
 450 G	 20.62  
 451 Y	 9.23  
 452 Q	 42.84  
 453 A	 10.58  
 454 V	 2.26  
 455 K	 45.28  
 456 R	 39.43  
 457 W	 9.21  
 458 T	 23.19  
 459 K	 54.63  
 460 G	 13.23  
 461 V	 6.32  
 462 N	 47.91  
 463 L	 4.67  
 464 F	 8.42  
 465 E	 50.93  
 466 Q	 39.59  
 467 E	 25.46  
 468 I	 2.70  
 469 I	 2.89  
 470 L	 4.62  
 471 V	 2.70  
 472 P	 17.14  
 473 I	 3.70  
 474 H	 19.89  
 475 R	 43.33  
 476 K	 25.04  
 477 V	 5.88  
 478 H	 16.08  
 479 W	 9.06  
 480 S	 9.08  
 481 L	 2.77  
 482 V	 2.71  
 483 V	 3.23  
 484 I	 3.00  
 485 D	 28.89  
 486 L	 6.25  
 487 R	 32.41  
 488 K	 55.95  
 489 K	 38.06  
 490 C	 4.43  
 491 L	 5.84  
 492 K	 53.92  
 493 Y	 11.64  
 494 L	 3.62  
 495 D	 33.22  
 496 S	 23.40  
 497 M	 7.04  
 498 G	 29.96  
 499 Q	 39.66  
 500 K	 51.46  
 501 G	 13.86  
 502 H	 23.98  
 503 R	 43.87  
 504 I	 1.73  
 505 C	 2.41  
 506 E	 34.01  
 507 I	 3.95  
 508 L	 0.84  
 509 L	 3.75  
 510 Q	 33.18  
 511 Y	 13.29  
 512 L	 3.14  
 513 Q	 47.71  
 514 D	 60.59  
 515 E	 40.97  
 516 S	 54.65  
 517 K	 56.89  
 518 T	 44.51  
 519 K	 54.01  
 520 R	 53.79  
 521 N	 41.24  
 522 S	 47.73  
 523 D	 43.03  
 524 L	 4.96  
 525 N	 47.79  
 526 L	 6.28  
 527 L	 5.13  
 528 E	 54.20  
 529 W	 10.87  
 530 T	 10.59  
 531 H	 16.46  
 532 H	 23.39  
 533 S	 22.39  
 534 M	 7.32  
 535 K	 46.36  
 536 P	 23.00  
 537 H	 39.85  
 538 E	 65.96  
 539 I	 3.20  
 540 P	 16.93  
 541 Q	 67.08  
 542 Q	 31.38  
 543 L	 7.07  
 544 N	 43.51  
 545 G	 33.19  
 546 S	 28.75  
 547 D	 34.09  
 548 C	 4.57  
 549 G	 21.16  
 550 M	 2.94  
 551 F	 4.38  
 552 T	 10.13  
 553 C	 1.86  
 554 K	 40.18  
 555 Y	 13.57  
 556 A	 6.66  
 557 D	 37.90  
 558 Y	 7.82  
 559 I	 2.54  
 560 S	 28.35  
 561 R	 46.55  
 562 D	 55.05  
 563 K	 36.89  
 564 P	 34.83  
 565 I	 6.44  
 566 T	 29.20  
 567 F	 6.83  
 568 T	 19.25  
 569 Q	 22.18  
 570 H	 23.89  
 571 Q	 25.93  
 572 M	 2.67  
 573 P	 23.06  
 574 L	 5.64  
 575 F	 9.92  
 576 R	 45.42  
 577 K	 37.58  
 578 K	 34.14  
 579 M	 4.80  
 580 V	 5.95  
 581 W	 5.39  
 582 E	 25.02  
 583 I	 2.14  
 584 L	 1.70  
 585 H	 20.99  
 586 Q	 31.97  
 587 Q	 33.70  
 588 L	 5.02  
 589 L	 6.00  
