 1 M	 11.40  
 2 E	 66.96  
 3 Y	 10.11  
 4 P	 16.02  
 5 Q	 40.71  
 6 I	 3.22  
 7 D	 37.64  
 8 L	 4.76  
 9 Y	 10.82  
 10 E	 41.29  
 11 F	 6.90  
 12 L	 3.29  
 13 T	 42.67  
 14 E	 44.34  
 15 S	 38.07  
 16 E	 44.35  
 17 L	 5.53  
 18 Q	 25.77  
 19 Q	 56.13  
 20 Y	 5.92  
 21 Y	 7.72  
 22 N	 33.07  
 23 A	 9.50  
 24 V	 6.44  
 25 K	 42.15  
 26 N	 53.91  
 27 E	 45.80  
 28 L	 7.31  
 29 K	 41.11  
 30 I	 5.85  
 31 T	 19.74  
 32 N	 36.43  
 33 A	 8.26  
 34 A	 19.88  
 35 Q	 32.71  
 36 F	 5.83  
 37 K	 23.15  
 38 Y	 14.33  
 39 A	 14.71  
 40 A	 20.03  
 41 D	 41.59  
 42 E	 54.97  
 43 D	 43.63  
 44 L	 4.54  
 45 R	 33.20  
 46 F	 7.26  
 47 I	 4.36  
 48 G	 18.19  
 49 L	 3.16  
 50 S	 40.34  
 51 R	 37.60  
 52 P	 37.68  
 53 E	 48.28  
 54 I	 3.26  
 55 R	 29.89  
 56 R	 44.50  
 57 L	 5.12  
 58 R	 25.81  
 59 K	 57.81  
 60 F	 8.44  
 61 Y	 27.40  
 62 E	 43.09  
 63 K	 38.88  
 64 H	 29.54  
 65 F	 9.61  
 66 P	 18.42  
 67 H	 28.29  
 68 S	 28.18  
 69 Y	 16.38  
 70 L	 4.75  
 71 S	 24.89  
 72 K	 50.04  
 73 I	 2.56  
 74 K	 40.50  
 75 R	 44.07  
 76 L	 3.36  
 77 L	 4.78  
 78 Q	 50.53  
 79 A	 12.40  
 80 P	 26.31  
 81 G	 29.47  
 82 T	 20.10  
 83 M	 4.08  
 84 V	 5.47  
 85 K	 43.18  
 86 R	 35.26  
 87 E	 53.44  
 88 E	 65.28  
 89 A	 11.86  
 90 P	 45.29  
 91 G	 61.21  
 92 G	 31.36  
 93 G	 22.33  
 94 S	 25.42  
 95 Q	 27.98  
 96 V	 6.47  
 97 A	 7.72  
 98 L	 8.89  
 99 D	 45.23  
 100 G	 25.09  
 101 S	 23.54  
 102 S	 31.60  
 103 A	 11.66  
 104 S	 31.58  
 105 A	 9.27  
 106 C	 2.35  
 107 S	 28.27  
 108 S	 23.16  
 109 L	 2.86  
 110 A	 20.52  
 111 A	 15.90  
 112 K	 50.75  
 113 N	 46.68  
 114 G	 26.57  
 115 A	 19.07  
 116 S	 44.15  
 117 S	 32.43  
 118 P	 35.36  
 119 S	 48.51  
 120 K	 66.16  
 121 V	 7.81  
 122 P	 42.27  
 123 N	 73.50  
 124 N	 31.08  
 125 K	 42.70  
 126 H	 25.90  
 127 I	 4.27  
 128 I	 2.00  
 129 P	 29.43  
 130 A	 16.87  
 131 D	 40.94  
 132 S	 20.90  
 133 I	 5.69  
 134 S	 24.48  
 135 V	 11.20  
 136 N	 21.40  
 137 K	 44.75  
 138 Q	 39.66  
 139 L	 7.67  
 140 G	 29.22  
 141 T	 41.97  
 142 G	 26.83  
 143 E	 40.30  
 144 F	 9.53  
 145 G	 18.17  
 146 I	 2.84  
 147 V	 3.39  
 148 Q	 32.18  
 149 Q	 37.20  
 150 G	 13.03  
 151 V	 4.38  
 152 W	 7.91  
 153 S	 32.24  
 154 N	 41.41  
 155 G	 31.68  
 156 N	 39.36  
 157 E	 53.19  
 158 R	 28.74  
 159 I	 2.93  
 160 Q	 25.47  
 161 V	 5.75  
 162 A	 4.52  
 163 I	 3.21  
 164 K	 16.06  
 165 C	 3.38  
 166 L	 2.34  
 167 C	 6.26  
 168 R	 22.93  
 169 E	 52.05  
 170 R	 14.75  
 171 M	 4.37  
 172 Q	 46.40  
 173 S	 33.29  
 174 N	 24.05  
 175 P	 29.00  
 176 M	 7.14  
 177 E	 49.43  
 178 F	 10.85  
 179 L	 2.90  
 180 K	 51.10  
 181 E	 45.54  
 182 A	 10.74  
 183 A	 10.75  
 184 I	 3.08  
 185 M	 1.41  
 186 H	 21.36  
 187 S	 16.58  
 188 I	 3.68  
 189 E	 48.43  
 190 H	 31.56  
 191 E	 35.54  
 192 N	 39.71  
 193 I	 1.41  
 194 V	 5.35  
 195 R	 20.56  
 196 L	 2.78  
 197 Y	 9.41  
 198 G	 13.98  
 199 V	 1.69  
 200 V	 2.33  
 201 L	 3.84  
 202 A	 9.58  
 203 T	 23.20  
 204 D	 33.88  
 205 S	 16.01  
 206 L	 3.24  
 207 M	 3.07  
 208 L	 5.38  
 209 V	 2.14  
 210 T	 22.71  
 211 E	 36.16  
 212 L	 2.38  
 213 A	 8.08  
 214 H	 34.11  
 215 L	 3.11  
 216 R	 18.52  
 217 S	 43.60  
 218 L	 3.64  
 219 L	 4.62  
 220 E	 43.00  
 221 C	 6.05  
 222 L	 5.15  
 223 K	 62.60  
 224 D	 34.68  
 225 S	 37.83  
 226 G	 27.86  
 227 L	 5.90  
 228 R	 26.09  
 229 V	 5.96  
 230 S	 14.22  
 231 F	 6.80  
 232 L	 3.10  
 233 T	 23.93  
 234 I	 2.39  
 235 P	 17.68  
 236 T	 39.94  
 237 L	 1.90  
 238 C	 4.44  
 239 E	 36.75  
 240 F	 8.85  
 241 A	 4.01  
 242 L	 4.24  
 243 Q	 34.46  
 244 I	 1.73  
 245 C	 2.02  
 246 N	 49.26  
 247 G	 9.49  
 248 M	 1.26  
 249 R	 33.99  
 250 Y	 13.00  
 251 L	 3.87  
 252 E	 45.16  
 253 Q	 33.31  
 254 K	 39.53  
 255 R	 38.27  
 256 L	 5.08  
 257 I	 2.65  
 258 H	 23.07  
 259 R	 33.37  
 260 D	 26.88  
 261 L	 3.96  
 262 A	 14.52  
 263 A	 16.61  
 264 R	 25.72  
 265 N	 27.50  
 266 I	 2.64  
 267 L	 3.48  
 268 V	 4.51  
 269 F	 7.24  
 270 S	 32.25  
 271 K	 50.53  
 272 D	 60.84  
 273 K	 49.52  
 274 V	 10.77  
 275 K	 42.08  
 276 I	 5.52  
 277 S	 22.59  
 278 D	 45.14  
 279 F	 9.41  
 280 G	 27.94  
 281 L	 2.94  
 282 S	 18.84  
 283 R	 38.58  
 284 A	 12.80  
 285 L	 5.77  
 286 G	 25.75  
 287 V	 10.03  
 288 G	 18.47  
 289 K	 39.90  
 290 D	 46.17  
 291 Y	 15.45  
 292 Y	 22.82  
 293 K	 30.66  
 294 T	 28.99  
 295 N	 23.49  
 296 F	 15.17  
 297 N	 24.68  
 298 V	 8.53  
 299 N	 32.34  
 300 L	 5.40  
 301 K	 47.19  
 302 L	 4.12  
 303 P	 16.80  
 304 I	 7.25  
 305 A	 8.05  
 306 W	 4.59  
 307 C	 3.15  
 308 A	 7.69  
 309 P	 33.58  
 310 E	 29.51  
 311 C	 2.08  
 312 I	 3.46  
 313 N	 41.25  
 314 Y	 4.55  
 315 L	 2.91  
 316 R	 26.44  
 317 F	 5.96  
 318 T	 24.36  
 319 N	 34.43  
 320 A	 12.21  
 321 S	 34.46  
 322 D	 37.25  
 323 V	 3.53  
 324 W	 7.29  
 325 A	 7.37  
 326 F	 4.40  
 327 G	 11.07  
 328 V	 1.64  
 329 C	 3.60  
 330 L	 3.94  
 331 W	 7.00  
 332 E	 19.87  
 333 M	 1.50  
 334 F	 3.27  
 335 S	 24.04  
 336 Y	 15.64  
 337 G	 17.32  
 338 F	 6.31  
 339 Q	 28.41  
 340 P	 22.03  
 341 W	 5.38  
 342 A	 10.16  
 343 A	 11.20  
 344 L	 2.77  
 345 T	 30.99  
 346 G	 19.21  
 347 L	 2.11  
 348 Q	 39.30  
 349 I	 4.51  
 350 L	 2.04  
 351 E	 45.25  
 352 A	 11.08  
 353 I	 3.20  
 354 D	 64.12  
 355 A	 6.52  
 356 P	 35.99  
 357 N	 47.49  
 358 Y	 8.24  
 359 Q	 50.55  
 360 R	 29.81  
 361 L	 4.18  
 362 E	 63.36  
 363 Q	 43.66  
 364 P	 27.51  
 365 D	 46.47  
 366 C	 4.71  
 367 C	 5.61  
 368 P	 36.20  
 369 S	 25.06  
 370 E	 27.92  
 371 Y	 13.19  
 372 Y	 6.85  
 373 T	 13.79  
 374 L	 1.50  
 375 M	 1.54  
 376 M	 3.48  
 377 K	 20.53  
 378 C	 1.83  
 379 W	 10.10  
 380 Q	 48.45  
 381 D	 24.02  
 382 D	 33.07  
 383 A	 24.15  
 384 A	 18.51  
 385 K	 65.73  
 386 R	 23.93  
 387 P	 34.93  
 388 R	 57.12  
 389 F	 13.11  
 390 G	 22.98  
 391 E	 35.35  
 392 I	 4.74  
 393 Y	 8.04  
 394 D	 49.56  
 395 Q	 37.61  
 396 L	 3.38  
 397 P	 33.73  
 398 D	 67.35  
 399 M	 8.03  
 400 K	 53.43  
 401 P	 28.12  
 402 E	 64.13  
 403 Q	 57.71  
 404 L	 3.52  
 405 K	 38.54  
 406 A	 21.05  
 407 V	 2.80  
 408 V	 6.10  
 409 N	 22.01  
 410 C	 2.85  
 411 T	 50.55  
 412 E	 58.27  
 413 P	 30.73  
 414 K	 65.68  
 415 K	 62.18  
 416 D	 43.74  
 417 H	 26.98  
 418 L	 6.88  
 419 L	 2.73  
 420 Y	 13.78  
 421 R	 33.69  
 422 Q	 40.11  
 423 G	 21.06  
 424 D	 27.06  
 425 I	 3.02  
 426 I	 2.51  
 427 S	 19.57  
 428 V	 4.55  
 429 L	 4.01  
 430 D	 39.36  
 431 R	 38.15  
 432 N	 42.39  
 433 T	 43.24  
 434 G	 34.63  
 435 T	 17.18  
 436 P	 34.15  
 437 F	 12.06  
 438 W	 9.55  
 439 K	 39.25  
 440 G	 19.05  
 441 V	 3.20  
 442 L	 5.31  
 443 S	 32.48  
 444 T	 38.24  
 445 G	 23.35  
 446 K	 38.57  
 447 T	 38.16  
 448 G	 28.64  
 449 Y	 12.86  
 450 F	 13.18  
 451 N	 30.52  
 452 P	 21.03  
 453 S	 46.36  
 454 N	 39.57  
 455 T	 19.97  
 456 V	 4.08  
 457 A	 10.98  
 458 F	 5.77  
 459 L	 3.53  
 460 E	 52.83  
 461 G	 45.06  
 462 L	 2.44  
 463 P	 36.77  
 464 S	 49.76  
 465 S	 26.06  
 466 T	 42.72  
 467 R	 39.25  
 468 D	 54.87  
 469 S	 23.10  
 470 F	 6.74  
 471 S	 35.41  
 472 R	 29.92  
 473 V	 8.37  
 474 S	 26.96  
 475 D	 32.02  
 476 H	 22.82  
 477 R	 39.61  
 478 I	 5.23  
 479 S	 26.77  
 480 K	 51.70  
 481 R	 36.13  
 482 K	 46.16  
 483 L	 10.73  
 484 R	 31.51  
 485 T	 40.10  
 486 E	 28.25  
 487 M	 4.08  
 488 I	 3.79  
 489 S	 36.65  
 490 K	 39.43  
 491 P	 31.27  
 492 Q	 66.90  
 493 N	 66.27  
 494 D	 49.04  
 495 F	 9.06  
 496 K	 43.02  
 497 H	 36.75  
 498 T	 29.58  
 499 G	 17.13  
 500 H	 18.78  
 501 V	 8.33  
 502 G	 13.44  
 503 I	 4.25  
 504 D	 34.44  
 505 G	 25.29  
 506 A	 8.94  
 507 T	 33.41  
 508 F	 9.08  
 509 G	 22.51  
 510 D	 25.50  
 511 I	 2.74  
 512 A	 9.80  
 513 F	 8.96  
 514 L	 4.87  
 515 G	 20.85  
 516 S	 30.78  
 517 S	 22.20  
 518 Q	 59.11  
 519 N	 41.33  
 520 Y	 10.06  
 521 N	 36.91  
 522 H	 27.22  
 523 V	 5.88  
 524 P	 18.45  
 525 K	 52.12  
 526 Q	 29.34  
 527 I	 4.68  
 528 V	 4.01  
 529 T	 23.64  
 530 P	 25.02  
 531 Y	 26.60  
 532 K	 43.18  
 533 P	 36.79  
 534 S	 43.69  
 535 E	 72.10  
 536 D	 54.80  
 537 I	 3.57  
 538 E	 61.80  
 539 Q	 49.07  
 540 T	 11.78  
 541 P	 22.24  
 542 L	 9.72  
 543 L	 7.70  
 544 L	 6.68  
 545 P	 30.59  
 546 P	 51.48  
 547 T	 36.94  
 548 P	 36.33  
 549 T	 56.20  
 550 S	 28.10  
 551 P	 37.37  
 552 D	 62.84  
 553 S	 26.26  
 554 L	 7.37  
 555 Q	 38.68  
 556 T	 28.25  
 557 A	 6.49  
 558 S	 37.10  
 559 G	 26.15  
 560 Y	 17.29  
 561 F	 5.18  
 562 P	 30.54  
 563 E	 62.12  
 564 G	 30.23  
 565 A	 12.83  
 566 N	 52.63  
 567 S	 37.76  
 568 G	 27.90  
 569 G	 16.53  
 570 A	 9.21  
 571 M	 7.32  
 572 G	 17.69  
 573 T	 16.24  
 574 S	 15.72  
 575 M	 7.56  
 576 N	 32.02  
 577 P	 21.75  
 578 T	 29.23  
 579 F	 9.02  
 580 I	 2.65  
 581 P	 24.24  
 582 S	 41.28  
 583 A	 13.77  
 584 E	 53.27  
 585 H	 47.38  
 586 T	 17.39  
 587 P	 31.22  
 588 K	 54.39  
 589 L	 3.20  
 590 I	 5.77  
 591 A	 12.88  
 592 T	 32.65  
 593 N	 37.17  
 594 G	 25.13  
 595 Q	 37.66  
 596 S	 34.08  
 597 S	 22.43  
 598 F	 12.40  
 599 D	 39.90  
 600 F	 5.70  
 601 A	 18.15  
 602 S	 33.02  
 603 G	 34.75  
 604 S	 23.63  
 605 T	 50.89  
 606 N	 32.83  
 607 P	 32.13  
 608 F	 20.19  
 609 F	 5.74  
 610 P	 29.95  
 611 N	 56.25  
 612 R	 50.59  
 613 G	 54.05  
 614 D	 42.87  
 615 D	 66.27  
 616 E	 55.74  
 617 L	 9.45  
 618 E	 35.30  
 619 F	 23.03  
 620 G	 19.36  
 621 L	 2.62  
 622 H	 26.33  
 623 N	 41.81  
 624 Y	 11.71  
 625 G	 23.62  
 626 A	 16.42  
 627 D	 61.77  
 628 G	 24.49  
 629 K	 50.26  
 630 S	 30.50  
 631 V	 7.02  
 632 H	 27.32  
 633 S	 34.40  
 634 E	 36.14  
 635 T	 45.09  
 636 G	 17.84  
 637 W	 15.53  
 638 R	 26.43  
 639 P	 28.37  
 640 T	 28.35  
 641 S	 27.06  
 642 R	 32.64  
 643 S	 27.08  
 644 I	 3.70  
 645 V	 7.82  
 646 D	 63.15  
 647 D	 35.25  
 648 P	 20.11  
 649 H	 56.07  
 650 E	 54.71  
 651 Y	 11.17  
 652 H	 23.95  
 653 E	 43.20  
 654 I	 3.31  
 655 S	 35.70  
 656 D	 64.32  
 657 D	 42.27  
 658 E	 39.25  
 659 I	 5.01  
 660 A	 13.94  
 661 A	 21.82  
 662 D	 42.92  
 663 K	 45.27  
 664 L	 7.30  
 665 D	 52.80  
 666 F	 26.04  
 667 G	 15.56  
 668 P	 23.07  
 669 S	 41.78  
 670 L	 8.65  
 671 L	 6.96  
 672 D	 61.08  
 673 E	 44.00  
 674 I	 4.64  
 675 N	 25.94  
 676 S	 22.58  
 677 M	 3.69  
 678 F	 7.53  
 679 G	 18.54  
 680 S	 11.34  
 681 I	 3.12  
 682 S	 17.34  
 683 A	 13.84  
 684 A	 13.00  
 685 T	 38.64  
 686 G	 21.16  
 687 S	 32.06  
 688 H	 34.84  
 689 P	 40.28  
 690 K	 64.95  
 691 S	 34.41  
 692 P	 54.30  
 693 G	 47.94  
 694 F	 7.15  
 695 D	 51.22  
 696 H	 23.19  
 697 V	 10.20  
 698 N	 50.79  
 699 N	 47.65  
 700 K	 51.24  
 701 N	 48.29  
 702 E	 53.55  
 703 I	 5.74  
 704 T	 21.32  
 705 E	 36.48  
 706 M	 3.36  
 707 S	 18.93  
 708 A	 15.13  
 709 K	 45.93  
 710 L	 9.81  
 711 G	 31.96  
 712 Q	 47.37  
 713 K	 55.39  
 714 S	 33.73  
 715 G	 53.44  
 716 D	 44.05  
 717 T	 48.85  
 718 N	 57.70  
 719 G	 46.81  
 720 N	 34.91  
 721 K	 52.97  
 722 H	 37.17  
 723 G	 20.40  
 724 H	 24.36  
 725 G	 33.24  
 726 L	 4.26  
 727 L	 3.45  
 728 P	 36.01  
 729 T	 43.57  
 730 L	 7.16  
 731 S	 44.93  
 732 K	 68.29  
 733 K	 55.29  
 734 K	 54.30  
 735 S	 42.77  
 736 S	 47.57  
 737 G	 41.43  
 738 T	 27.57  
 739 V	 8.72  
 740 K	 36.15  
 741 P	 21.54  
 742 I	 6.48  
 743 S	 31.48  
 744 V	 10.56  
 745 K	 54.07  
 746 D	 61.33  
 747 E	 35.96  
 748 K	 63.73  
 749 I	 4.36  
 750 L	 5.94  
 751 N	 26.47  
 752 H	 25.33  
 753 A	 10.47  
 754 I	 2.82  
 755 E	 36.51  
 756 I	 4.00  
 757 A	 8.53  
 758 N	 53.44  
 759 E	 29.33  
 760 I	 3.81  
 761 S	 16.08  
 762 A	 17.15  
 763 R	 21.70  
 764 S	 21.58  
 765 M	 2.00  
 766 I	 3.80  
 767 D	 32.17  
 768 L	 2.48  
 769 V	 5.41  
 770 S	 31.16  
 771 D	 49.22  
 772 Q	 39.95  
 773 T	 25.23  
 774 P	 19.89  
 775 V	 7.55  
 776 I	 2.54  
 777 H	 37.98  
 778 S	 22.46  
 779 P	 26.72  
 780 K	 71.83  
 781 R	 48.95  
 782 K	 52.03  
 783 F	 10.95  
 784 S	 20.67  
 785 F	 11.98  
 786 R	 42.88  
 787 F	 4.16  
 788 P	 24.21  
 789 H	 38.90  
 790 L	 6.28  
 791 S	 25.80  
 792 N	 64.34  
 793 N	 42.50  
 794 G	 36.94  
 795 S	 46.04  
 796 G	 48.00  
 797 D	 43.58  
 798 K	 55.30  
 799 S	 42.72  
 800 G	 40.88  
 801 G	 28.20  
 802 L	 8.47  
 803 G	 22.55  
 804 T	 34.65  
 805 S	 29.02  
 806 G	 28.79  
 807 S	 19.35  
 808 A	 17.69  
 809 H	 33.79  
 810 T	 29.60  
 811 P	 16.72  
 812 T	 43.50  
 813 H	 28.81  
 814 G	 33.60  
 815 N	 29.64  
 816 A	 24.15  
 817 S	 30.95  
 818 P	 47.34  
 819 F	 14.88  
 820 P	 51.44  
 821 K	 76.41  
 822 K	 53.86  
 823 K	 64.52  
 824 N	 58.93  
 825 F	 14.45  
 826 T	 37.63  
 827 E	 53.20  
 828 E	 49.40  
 829 L	 3.84  
 830 Q	 42.46  
 831 S	 49.03  
 832 I	 1.98  
 833 P	 37.59  
 834 D	 50.30  
 835 I	 2.22  
 836 Q	 39.30  
 837 S	 23.45  
 838 L	 3.24  
 839 I	 10.04  
 840 G	 27.53  
 841 K	 41.43  
 842 E	 64.89  
 843 G	 32.10  
 844 L	 3.41  
 845 E	 61.02  
 846 A	 17.53  
 847 Y	 8.91  
 848 N	 37.07  
 849 S	 20.32  
 850 L	 4.14  
 851 I	 4.89  
 852 E	 54.12  
 853 R	 23.66  
 854 K	 30.51  
 855 A	 21.41  
 856 L	 5.04  
 857 L	 5.57  
 858 D	 44.65  
 859 I	 9.85  
 860 G	 19.12  
 861 P	 37.16  
 862 S	 23.20  
 863 P	 29.10  
 864 A	 19.88  
 865 A	 11.36  
 866 T	 28.56  
 867 L	 3.20  
 868 L	 2.55  
 869 R	 31.28  
 870 H	 28.20  
 871 L	 6.48  
 872 D	 46.09  
 873 T	 43.73  
 874 D	 54.99  
 875 E	 43.06  
 876 F	 14.64  
 877 D	 41.57  
 878 L	 4.53  
 879 Q	 45.88  
 880 S	 34.81  
 881 L	 2.48  
 882 H	 30.41  
 883 Q	 46.69  
 884 S	 19.87  
 885 Q	 47.10  
 886 R	 28.36  
 887 P	 16.69  
 888 M	 7.00  
 889 T	 32.06  
 890 L	 3.12  
 891 P	 15.75  
 892 T	 44.86  
 893 R	 30.70  
 894 G	 35.14  
 895 A	 9.40  
 896 T	 21.52  
 897 Q	 41.14  
 898 R	 26.34  
 899 V	 5.46  
 900 R	 34.36  
 901 K	 43.27  
 902 A	 13.38  
 903 E	 41.81  
 904 L	 4.77  
 905 A	 7.32  
 906 A	 31.89  
 907 G	 20.69  
 908 L	 3.31  
 909 S	 30.49  
 910 R	 37.36  
 911 H	 42.59  
 912 N	 58.12  
 913 D	 50.78  
 914 E	 68.80  
 915 N	 49.72  
 916 S	 26.25  
 917 N	 63.30  
 918 S	 27.66  
 919 L	 5.90  
 920 E	 51.61  
 921 A	 13.99  
 922 C	 3.77  
 923 E	 73.13  
 924 S	 21.01  
 925 P	 13.74  
 926 S	 36.49  
 927 Y	 14.93  
 928 M	 2.33  
 929 T	 18.17  
 930 H	 13.48  
 931 G	 24.41  
 932 S	 19.97  
 933 Y	 22.65  
 934 K	 57.02  
 935 F	 5.12  
 936 P	 31.68  
 937 E	 64.17  
 938 A	 22.38  
 939 Q	 43.73  
 940 P	 44.97  
 941 T	 25.04  
 942 E	 57.72  
 943 Q	 65.87  
 944 L	 4.17  
 945 P	 55.58  
 946 E	 71.00  
 947 P	 45.48  
 948 E	 76.73  
 949 S	 40.47  
 950 P	 49.29  
 951 N	 57.31  
 952 P	 32.72  
 953 I	 7.51  
 954 P	 39.82  
 955 L	 10.64  
 956 P	 22.13  
 957 P	 55.42  
 958 R	 64.46  
 959 E	 79.66  
 960 G	 43.68  
 961 K	 34.97  
 962 K	 71.79  
 963 Q	 45.48  
 964 V	 11.38  
 965 K	 33.97  
 966 T	 42.65  
 967 S	 26.64  
 968 T	 37.01  
 969 K	 40.03  
 970 R	 33.35  
 971 H	 25.86  
 972 V	 7.01  
 973 R	 27.02  
 974 K	 50.56  
 975 Y	 7.84  
 976 P	 21.81  
 977 L	 5.14  
 978 I	 2.83  
 979 I	 3.29  
 980 P	 16.81  
 981 A	 16.59  
 982 N	 46.48  
 983 G	 25.87  
 984 L	 2.90  
 985 Q	 37.40  
 986 R	 42.55  
 987 T	 23.56  
 988 L	 4.65  
 989 S	 25.63  
 990 K	 51.29  
 991 L	 5.06  
 992 A	 17.52  
 993 D	 59.50  
 994 F	 12.66  
 995 G	 32.18  
 996 D	 42.21  
 997 E	 51.40  
 998 A	 25.57  
 999 A	 15.71  
 1000 K	 73.85  
 1001 S	 24.04  
 1002 P	 42.08  
 1003 E	 57.57  
 1004 I	 6.55  
 1005 S	 22.15  
 1006 T	 37.75  
 1007 S	 21.86  
 1008 S	 46.07  
 1009 Q	 40.18  
 1010 P	 44.26  
 1011 Q	 45.50  
 1012 P	 40.70  
 1013 G	 26.80  
 1014 R	 38.79  
 1015 A	 14.28  
 1016 I	 3.88  
 1017 E	 29.92  
 1018 V	 2.65  
 1019 V	 1.51  
 1020 A	 12.86  
 1021 A	 6.04  
 1022 V	 7.15  
 1023 R	 18.23  
 1024 P	 28.74  
 1025 S	 34.36  
 1026 G	 19.12  
 1027 M	 3.74  
 1028 R	 51.38  
 1029 R	 25.34  
 1030 P	 25.07  
 1031 S	 55.82  
 1032 R	 41.25  
 1033 P	 44.90  
 1034 S	 48.45  
 1035 E	 52.82  
 1036 R	 57.02  
 1037 E	 53.82  
 1038 Y	 20.87  
 1039 E	 42.15  
 1040 N	 40.61  
 1041 M	 1.64  
 1042 P	 35.20  
 1043 T	 30.99  
 1044 V	 9.45  
 1045 G	 30.41  
 1046 K	 44.13  
 1047 E	 47.42  
 1048 S	 28.92  
 1049 A	 10.51  
 1050 H	 34.09  
 1051 T	 26.90  
 1052 Y	 5.87  
 1053 Q	 45.20  
 1054 N	 39.53  
 1055 L	 3.47  
 1056 D	 52.01  
 1057 K	 58.38  
 1058 L	 7.47  
 1059 T	 23.36  
 1060 P	 38.28  
 1061 A	 17.53  
 1062 D	 37.85  
 1063 A	 12.92  
 1064 A	 17.67  
 1065 G	 30.72  
 1066 L	 3.16  
 1067 T	 30.31  
 1068 D	 45.37  
 1069 T	 16.95  
 1070 A	 15.85  
 1071 S	 25.46  
 1072 L	 6.66  
 1073 Q	 37.25  
 1074 F	 10.89  
 1075 E	 26.79  
 1076 S	 28.64  
 1077 I	 1.97  
 1078 M	 4.90  
 1079 E	 41.54  
 1080 A	 14.17  
 1081 D	 37.90  
 1082 T	 49.06  
 1083 S	 29.29  
 1084 K	 63.15  
 1085 E	 51.76  
 1086 G	 29.64  
 1087 I	 3.12  
 1088 L	 6.40  
 1089 Q	 51.50  
 1090 S	 21.44  
 1091 P	 27.42  
 1092 D	 62.28  
 1093 V	 6.28  
 1094 T	 37.47  
 1095 D	 45.08  
 1096 G	 19.99  
 1097 F	 5.12  
 1098 Y	 22.34  
 1099 N	 23.17  
 1100 F	 4.66  
 1101 S	 22.07  
 1102 I	 6.24  
 1103 Q	 43.84  
 1104 K	 44.80  
 1105 E	 34.92  
 1106 H	 38.20  
 1107 Y	 21.47  
 1108 N	 48.81  
 1109 K	 61.24  
 1110 G	 29.45  
 1111 K	 56.21  
 1112 D	 61.06  
 1113 A	 27.19  
 1114 E	 54.90  
 1115 F	 9.19  
 1116 E	 42.17  
 1117 A	 15.32  
 1118 T	 21.16  
 1119 Q	 34.59  
 1120 I	 2.83  
 1121 S	 16.96  
 1122 G	 23.74  
 1123 L	 3.26  
 1124 Y	 10.75  
 1125 V	 8.34  
 1126 N	 37.14  
 1127 D	 40.49  
 1128 D	 52.18  
 1129 E	 53.12  
 1130 L	 5.90  
 1131 R	 39.35  
 1132 N	 55.48  
 1133 L	 5.92  
 1134 D	 46.27  
 1135 I	 6.61  
 1136 E	 42.18  
 1137 S	 29.49  
 1138 S	 17.00  
 1139 R	 49.61  
 1140 R	 30.57  
 1141 T	 33.50  
 1142 A	 14.03  
 1143 T	 24.98  
 1144 P	 17.33  
 1145 C	 3.98  
 1146 S	 35.27  
 1147 S	 20.86  
 1148 C	 1.26  
 1149 S	 37.52  
 1150 A	 21.48  
 1151 L	 4.23  
 1152 E	 54.52  
 1153 S	 41.27  
 1154 E	 37.88  
 1155 H	 40.80  
 1156 S	 39.08  
 1157 Q	 41.63  
 1158 P	 31.68  
 1159 D	 53.77  
 1160 A	 28.23  
 1161 L	 4.48  
 1162 P	 40.71  
 1163 S	 45.73  
 1164 T	 30.27  
 1165 E	 54.18  
 1166 S	 30.91  
 1167 V	 4.62  
 1168 S	 41.37  
 1169 E	 42.21  
 1170 V	 3.76  
 1171 S	 24.45  
 1172 R	 40.41  
 1173 F	 5.07  
 1174 S	 28.48  
 1175 S	 30.67  
 1176 V	 9.93  
 1177 D	 44.85  
 1178 N	 43.98  
 1179 E	 35.22  
 1180 L	 10.42  
 1181 A	 11.74  
 1182 G	 32.35  
 1183 N	 28.06  
 1184 A	 17.29  
 1185 L	 8.19  
 1186 F	 7.18  
 1187 K	 51.73  
 1188 K	 29.62  
 1189 V	 6.78  
 1190 R	 29.99  
 1191 A	 22.33  
 1192 S	 11.94  
 1193 V	 5.76  
 1194 N	 15.25  
 1195 M	 3.34  
 1196 A	 6.21  
 1197 M	 3.29  
 1198 N	 38.39  
 1199 R	 21.38  
 1200 K	 44.25  
 1201 S	 24.27  
 1202 V	 6.64  
 1203 A	 22.80  
 1204 E	 36.45  
 1205 T	 21.21  
 1206 S	 22.58  
 1207 L	 8.76  
 1208 T	 25.96  
 1209 S	 38.47  
 1210 N	 46.99  
 1211 Q	 37.47  
 1212 P	 47.65  
 1213 G	 34.24  
 1214 G	 24.04  
 1215 A	 16.54  
 1216 S	 39.85  
 1217 A	 27.32  
 1218 K	 34.85  
 1219 P	 46.15  
 1220 Q	 51.79  
 1221 T	 45.77  
 1222 E	 33.97  
 1223 A	 21.85  
 1224 E	 34.65  
 1225 Y	 12.93  
 1226 F	 2.54  
 1227 A	 11.73  
 1228 A	 6.46  
 1229 T	 19.88  
 1230 A	 5.95  
 1231 A	 11.58  
 1232 R	 28.13  
 1233 L	 5.49  
 1234 A	 16.78  
 1235 D	 53.60  
 1236 S	 25.95  
 1237 N	 47.15  
 1238 S	 21.25  
 1239 V	 9.93  
 1240 S	 16.17  
 1241 C	 4.40  
 1242 E	 44.16  
 1243 D	 61.96  
 1244 L	 2.00  
 1245 L	 10.91  
 1246 E	 50.86  
 1247 F	 13.28  
 1248 S	 38.86  
 1249 D	 69.21  
 1250 K	 70.54  
 1251 K	 57.88  
 1252 P	 43.97  
 1253 K	 82.28  
 1254 G	 27.35  
 1255 C	 3.93  
 1256 E	 62.23  
 1257 R	 55.29  
 1258 G	 12.80  
 1259 V	 8.79  
 1260 D	 53.87  
 1261 S	 33.01  
 1262 D	 54.68  
 1263 E	 37.33  
 1264 V	 6.36  
 1265 R	 14.83  
 1266 I	 4.49  
 1267 M	 1.35  
 1268 V	 3.45  
 1269 K	 17.86  
 1270 V	 6.07  
 1271 L	 6.14  
 1272 G	 34.41  
 1273 K	 44.32  
 1274 D	 56.81  
 1275 S	 49.61  
 1276 T	 34.41  
 1277 P	 30.16  
 1278 N	 47.59  
 1279 R	 20.45  
 1280 C	 5.37  
 1281 L	 3.98  
 1282 G	 31.57  
 1283 A	 7.32  
 1284 L	 5.39  
 1285 E	 43.90  
 1286 F	 5.64  
 1287 I	 3.58  
 1288 N	 33.93  
 1289 W	 12.27  
 1290 D	 28.31  
 1291 V	 4.65  
 1292 H	 18.70  
 1293 K	 54.44  
 1294 S	 15.30  
 1295 I	 5.12  
 1296 K	 51.77  
 1297 L	 3.88  
 1298 I	 3.39  
 1299 K	 55.23  
 1300 L	 3.02  
 1301 Q	 35.89  
 1302 N	 53.50  
 1303 L	 2.64  
 1304 V	 6.79  
 1305 S	 33.87  
 1306 E	 33.81  
 1307 A	 18.11  
 1308 N	 26.55  
 1309 L	 8.78  
 1310 S	 24.79  
 1311 L	 7.80  
 1312 E	 38.60  
 1313 A	 25.47  
 1314 S	 17.78  
 1315 F	 9.08  
 1316 E	 46.07  
 1317 A	 14.52  
 1318 L	 3.86  
 1319 Q	 50.02  
 1320 Q	 37.00  
 1321 H	 25.75  
 1322 E	 38.05  
 1323 W	 16.02  
 1324 D	 26.11  
 1325 L	 3.97  
 1326 H	 20.78  
 1327 T	 32.73  
 1328 T	 18.93  
 1329 A	 10.04  
 1330 H	 32.80  
 1331 K	 40.98  
 1332 L	 4.39  
 1333 N	 59.56  
 1334 G	 34.33  
 1335 L	 5.06  
 1336 K	 54.25  
 1337 L	 11.60  
