 1 M	 5.77  
 2 S	 26.98  
 3 A	 17.15  
 4 A	 10.00  
 5 T	 29.33  
 6 Q	 40.59  
 7 S	 15.48  
 8 P	 16.67  
 9 M	 3.36  
 10 M	 2.53  
 11 Q	 20.31  
 12 M	 1.42  
 13 A	 9.44  
 14 S	 27.70  
 15 G	 27.35  
 16 N	 40.12  
 17 G	 29.95  
 18 A	 16.56  
 19 S	 34.28  
 20 D	 59.47  
 21 R	 44.97  
 22 D	 54.82  
 23 P	 47.89  
 24 L	 10.54  
 25 P	 30.64  
 26 P	 69.11  
 27 G	 32.48  
 28 W	 15.20  
 29 E	 40.08  
 30 I	 3.70  
 31 K	 29.55  
 32 I	 13.19  
 33 D	 25.01  
 34 P	 36.79  
 35 Q	 49.23  
 36 T	 46.75  
 37 G	 25.47  
 38 W	 7.01  
 39 P	 17.72  
 40 F	 8.21  
 41 F	 5.75  
 42 V	 8.18  
 43 D	 30.05  
 44 H	 28.94  
 45 N	 28.82  
 46 S	 27.81  
 47 R	 41.21  
 48 T	 28.53  
 49 T	 28.80  
 50 T	 22.97  
 51 W	 12.72  
 52 N	 47.52  
 53 D	 24.76  
 54 P	 35.64  
 55 R	 57.34  
 56 V	 12.95  
 57 P	 23.62  
 58 P	 57.21  
 59 E	 80.30  
 60 G	 40.09  
 61 P	 29.68  
 62 K	 77.79  
 63 D	 51.11  
 64 T	 34.27  
 65 A	 16.18  
 66 S	 31.88  
 67 S	 24.24  
 68 A	 23.62  
 69 N	 65.93  
 70 G	 22.67  
 71 P	 29.89  
 72 S	 39.51  
 73 R	 55.45  
 74 N	 58.07  
 75 G	 17.03  
 76 S	 24.25  
 77 R	 41.46  
 78 L	 7.75  
 79 L	 3.01  
 80 P	 28.34  
 81 I	 6.72  
 82 R	 41.74  
 83 E	 63.67  
 84 G	 23.25  
 85 H	 10.79  
 86 P	 38.37  
 87 I	 6.95  
 88 Y	 6.86  
 89 P	 27.70  
 90 Q	 32.88  
 91 L	 6.53  
 92 R	 19.83  
 93 P	 48.83  
 94 G	 26.94  
 95 Y	 13.25  
 96 I	 2.86  
 97 P	 19.15  
 98 I	 2.40  
 99 P	 19.77  
 100 V	 9.86  
 101 L	 2.27  
 102 H	 37.29  
 103 E	 61.32  
 104 G	 29.52  
 105 S	 28.81  
 106 E	 68.25  
 107 N	 49.97  
 108 R	 47.56  
 109 Q	 41.15  
 110 P	 23.94  
 111 H	 32.56  
 112 L	 4.24  
 113 F	 2.55  
 114 H	 30.07  
 115 A	 9.80  
 116 Y	 10.16  
 117 S	 30.59  
 118 Q	 26.53  
 119 P	 38.69  
 120 G	 22.13  
 121 V	 4.73  
 122 Q	 44.72  
 123 R	 22.17  
 124 F	 6.74  
 125 R	 33.57  
 126 T	 27.54  
 127 E	 31.86  
 128 A	 11.20  
 129 A	 7.44  
 130 A	 20.93  
 131 A	 18.32  
 132 T	 18.41  
 133 P	 23.90  
 134 Q	 53.99  
 135 R	 37.56  
 136 S	 29.75  
 137 Q	 51.78  
 138 S	 27.44  
 139 P	 20.59  
 140 L	 10.87  
 141 R	 42.90  
 142 G	 37.60  
 143 G	 17.26  
 144 M	 3.22  
 145 T	 26.25  
 146 E	 32.87  
 147 A	 8.83  
 148 A	 13.43  
 149 Q	 58.23  
 150 T	 40.20  
 151 D	 27.27  
 152 K	 51.37  
 153 Q	 39.11  
 154 C	 5.14  
 155 G	 25.07  
 156 Q	 42.17  
 157 M	 1.16  
 158 P	 20.69  
 159 A	 12.43  
 160 T	 20.75  
 161 A	 12.69  
 162 T	 16.77  
 163 T	 16.31  
 164 A	 9.10  
 165 A	 12.44  
 166 A	 21.68  
 167 Q	 39.52  
 168 P	 24.39  
 169 P	 30.09  
 170 T	 37.66  
 171 A	 16.06  
 172 H	 55.61  
 173 G	 24.25  
 174 P	 24.78  
 175 E	 70.34  
 176 R	 43.03  
 177 S	 33.09  
 178 Q	 60.70  
 179 S	 20.11  
 180 P	 24.98  
 181 A	 25.50  
 182 A	 14.86  
 183 S	 41.05  
 184 D	 31.43  
 185 C	 3.83  
 186 S	 37.94  
 187 S	 40.34  
 188 S	 20.25  
 189 S	 30.20  
 190 S	 31.69  
 191 S	 24.67  
 192 A	 19.62  
 193 S	 42.64  
 194 L	 4.82  
 195 P	 24.77  
 196 S	 51.20  
 197 S	 35.96  
 198 G	 37.52  
 199 R	 25.64  
 200 S	 33.18  
 201 S	 35.07  
 202 L	 9.58  
 203 G	 25.65  
 204 S	 17.22  
 205 H	 31.25  
 206 Q	 55.66  
 207 L	 2.33  
 208 P	 22.53  
 209 R	 60.17  
 210 G	 23.84  
 211 Y	 12.56  
 212 I	 2.51  
 213 P	 19.15  
 214 I	 2.86  
 215 P	 17.41  
 216 V	 7.85  
 217 I	 2.19  
 218 H	 30.72  
 219 E	 33.91  
 220 Q	 32.25  
 221 N	 34.31  
 222 I	 3.27  
 223 T	 37.84  
 224 R	 18.31  
 225 P	 24.25  
 226 A	 18.55  
 227 A	 25.21  
 228 Q	 35.95  
 229 P	 33.95  
 230 S	 24.23  
 231 F	 6.70  
 232 H	 26.80  
 233 Q	 43.40  
 234 A	 12.31  
 235 Q	 44.61  
 236 K	 40.04  
 237 T	 17.98  
 238 H	 33.35  
 239 Y	 12.90  
 240 P	 18.91  
 241 A	 13.73  
 242 Q	 47.51  
 243 Q	 49.11  
 244 G	 24.41  
 245 E	 36.34  
 246 Y	 32.11  
 247 Q	 25.64  
 248 P	 33.59  
 249 Q	 44.69  
 250 Q	 35.79  
 251 P	 24.32  
 252 V	 7.31  
 253 Y	 12.22  
 254 H	 22.45  
 255 K	 21.02  
 256 I	 3.36  
 257 Q	 54.81  
 258 G	 38.01  
 259 D	 41.28  
 260 D	 59.47  
 261 W	 23.41  
 262 E	 38.13  
 263 P	 38.65  
 264 R	 31.22  
 265 P	 36.59  
 266 L	 6.50  
 267 R	 30.69  
 268 A	 21.70  
 269 A	 15.99  
 270 S	 24.48  
 271 P	 24.76  
 272 F	 12.83  
 273 R	 43.36  
 274 S	 28.29  
 275 P	 18.63  
 276 V	 10.46  
 277 R	 38.04  
 278 G	 30.00  
 279 A	 8.18  
 280 S	 32.52  
 281 S	 33.54  
 282 R	 50.21  
 283 E	 67.00  
 284 G	 37.51  
 285 S	 15.61  
 286 P	 42.42  
 287 A	 21.70  
 288 R	 38.72  
 289 S	 49.47  
 290 G	 28.60  
 291 T	 24.31  
 292 P	 19.85  
 293 V	 7.93  
 294 H	 20.97  
 295 C	 3.48  
 296 P	 28.41  
 297 S	 38.05  
 298 P	 11.98  
 299 I	 9.36  
 300 R	 19.97  
 301 V	 4.61  
 302 H	 11.77  
 303 T	 21.26  
 304 V	 2.26  
 305 V	 5.62  
 306 D	 52.81  
 307 R	 21.83  
 308 P	 37.86  
 309 Q	 41.09  
 310 P	 32.11  
 311 M	 4.08  
 312 T	 25.19  
 313 H	 26.34  
 314 R	 49.29  
 315 E	 55.33  
 316 P	 38.15  
 317 P	 31.10  
 318 P	 53.13  
 319 V	 10.81  
 320 T	 44.15  
 321 Q	 43.47  
 322 P	 37.45  
 323 E	 68.98  
 324 N	 72.38  
 325 K	 48.80  
 326 P	 63.78  
 327 E	 73.36  
 328 S	 53.32  
 329 K	 52.94  
 330 P	 64.38  
 331 G	 28.55  
 332 P	 42.44  
 333 A	 48.33  
 334 G	 21.27  
 335 P	 41.91  
 336 D	 71.53  
 337 L	 6.58  
 338 P	 39.96  
 339 P	 55.05  
 340 G	 29.44  
 341 H	 28.55  
 342 I	 3.89  
 343 P	 12.80  
 344 I	 5.16  
 345 Q	 21.16  
 346 V	 3.68  
 347 I	 1.65  
 348 R	 31.37  
 349 R	 32.12  
 350 E	 47.16  
 351 A	 25.27  
 352 D	 53.06  
 353 S	 46.00  
 354 K	 50.41  
 355 P	 34.64  
 356 V	 12.45  
 357 S	 40.18  
 358 Q	 50.94  
 359 K	 58.38  
 360 S	 34.69  
 361 P	 46.02  
 362 P	 48.07  
 363 P	 57.33  
 364 A	 34.71  
 365 E	 64.51  
 366 K	 45.89  
 367 V	 8.44  
 368 E	 47.92  
 369 V	 9.21  
 370 K	 23.93  
 371 V	 7.07  
 372 S	 18.31  
 373 S	 40.84  
 374 A	 9.87  
 375 P	 32.76  
 376 I	 5.69  
 377 P	 23.94  
 378 C	 5.58  
 379 P	 43.87  
 380 S	 44.73  
 381 P	 29.49  
 382 S	 37.72  
 383 P	 52.12  
 384 A	 18.28  
 385 P	 26.63  
 386 S	 43.96  
 387 A	 19.04  
 388 V	 5.90  
 389 P	 40.61  
 390 S	 47.43  
 391 P	 37.50  
 392 P	 45.23  
 393 K	 68.39  
 394 N	 34.14  
 395 V	 7.15  
 396 A	 18.06  
 397 A	 18.57  
 398 E	 42.76  
 399 Q	 35.64  
 400 K	 37.71  
 401 A	 25.05  
 402 A	 16.49  
 403 P	 45.78  
 404 S	 29.03  
 405 P	 41.00  
 406 A	 21.92  
 407 P	 40.31  
 408 A	 37.20  
 409 E	 34.12  
 410 P	 35.51  
 411 A	 28.09  
 412 A	 23.83  
 413 P	 33.19  
 414 K	 67.38  
 415 S	 40.58  
 416 G	 44.23  
 417 E	 50.88  
 418 A	 29.50  
 419 E	 58.50  
 420 T	 52.52  
 421 P	 27.70  
 422 P	 55.82  
 423 K	 64.73  
 424 H	 30.07  
 425 P	 40.49  
 426 G	 36.79  
 427 V	 5.72  
 428 L	 6.79  
 429 K	 35.31  
 430 V	 5.41  
 431 E	 28.53  
 432 A	 18.04  
 433 I	 3.02  
 434 L	 7.21  
 435 E	 45.10  
 436 K	 36.09  
 437 V	 3.89  
 438 Q	 62.92  
 439 G	 33.88  
 440 L	 2.17  
 441 E	 43.23  
 442 Q	 52.29  
 443 A	 9.56  
 444 V	 6.73  
 445 D	 51.10  
 446 S	 20.71  
 447 F	 14.36  
 448 E	 74.24  
 449 G	 34.45  
 450 K	 45.35  
 451 K	 73.20  
 452 T	 57.44  
 453 D	 55.09  
 454 K	 48.85  
 455 K	 46.56  
 456 Y	 13.77  
 457 L	 3.70  
 458 M	 3.08  
 459 I	 3.16  
 460 E	 26.99  
 461 E	 34.61  
 462 Y	 13.59  
 463 L	 6.62  
 464 T	 22.90  
 465 K	 43.71  
 466 E	 43.72  
 467 L	 3.46  
 468 L	 4.70  
 469 A	 23.19  
 470 L	 5.21  
 471 D	 40.79  
 472 S	 29.30  
 473 V	 16.56  
 474 D	 39.21  
 475 P	 43.73  
 476 E	 57.77  
 477 G	 35.15  
 478 R	 26.42  
 479 A	 30.43  
 480 D	 34.47  
 481 V	 4.82  
 482 R	 25.62  
 483 Q	 38.78  
 484 A	 9.64  
 485 R	 28.96  
 486 R	 48.31  
 487 D	 55.15  
 488 G	 21.22  
 489 V	 6.66  
 490 R	 38.67  
 491 K	 35.97  
 492 V	 4.20  
 493 Q	 26.34  
 494 T	 30.43  
 495 I	 2.33  
 496 L	 5.58  
 497 E	 52.31  
 498 K	 54.61  
 499 L	 6.51  
 500 E	 62.19  
 501 Q	 51.41  
 502 K	 37.62  
 503 A	 11.69  
 504 I	 7.65  
 505 D	 45.47  
 506 V	 4.73  
 507 P	 24.61  
 508 G	 39.89  
 509 Q	 19.19  
 510 V	 5.28  
 511 Q	 24.96  
 512 V	 4.16  
 513 Y	 8.20  
 514 E	 41.91  
 515 L	 5.06  
 516 Q	 27.69  
 517 P	 37.50  
 518 S	 40.88  
 519 N	 48.89  
 520 L	 8.50  
 521 E	 55.18  
 522 A	 24.72  
 523 E	 43.27  
 524 Q	 52.45  
 525 P	 41.19  
 526 L	 6.25  
 527 P	 35.43  
 528 E	 53.97  
 529 I	 2.66  
 530 M	 2.41  
 531 G	 22.38  
 532 A	 3.84  
 533 V	 2.78  
 534 V	 5.90  
 535 A	 16.13  
 536 D	 48.34  
 537 K	 62.80  
 538 D	 59.45  
 539 K	 66.43  
 540 K	 85.09  
 541 G	 40.26  
 542 P	 51.36  
 543 E	 82.60  
 544 N	 58.10  
 545 K	 69.95  
 546 D	 52.72  
 547 P	 44.60  
 548 Q	 68.95  
 549 T	 42.88  
 550 E	 41.10  
 551 S	 26.98  
 552 Q	 45.72  
 553 Q	 51.02  
 554 L	 5.54  
 555 E	 43.73  
 556 A	 18.51  
 557 K	 29.22  
 558 A	 24.50  
 559 A	 21.67  
 560 T	 44.10  
 561 P	 23.19  
 562 P	 62.09  
 563 N	 54.56  
 564 P	 41.06  
 565 S	 63.18  
 566 N	 36.72  
 567 P	 41.61  
 568 A	 27.86  
 569 D	 40.03  
 570 S	 39.93  
 571 A	 16.08  
 572 G	 31.77  
 573 N	 30.93  
 574 L	 3.21  
 575 V	 9.64  
 576 A	 13.78  
 577 P	 36.95  
