 1 M	 15.67  
 2 E	 68.68  
 3 K	 38.36  
 4 P	 21.54  
 5 A	 25.72  
 6 A	 26.05  
 7 S	 35.10  
 8 T	 47.13  
 9 E	 32.88  
 10 P	 43.87  
 11 Q	 57.15  
 12 G	 36.02  
 13 S	 29.82  
 14 R	 27.60  
 15 P	 33.27  
 16 A	 22.87  
 17 L	 8.02  
 18 G	 33.16  
 19 R	 33.59  
 20 E	 54.16  
 21 S	 19.25  
 22 V	 5.95  
 23 Q	 50.75  
 24 V	 5.42  
 25 P	 23.52  
 26 D	 68.31  
 27 D	 43.83  
 28 Q	 60.15  
 29 D	 48.17  
 30 F	 6.15  
 31 R	 43.08  
 32 S	 25.63  
 33 F	 9.68  
 34 R	 32.56  
 35 S	 44.59  
 36 E	 31.92  
 37 C	 6.73  
 38 E	 43.76  
 39 A	 28.56  
 40 E	 21.19  
 41 V	 16.15  
 42 G	 10.08  
 43 W	 11.22  
 44 N	 19.31  
 45 L	 3.71  
 46 T	 23.65  
 47 Y	 16.02  
 48 S	 15.70  
 49 K	 38.45  
 50 A	 20.06  
 51 G	 18.90  
 52 V	 5.08  
 53 S	 14.89  
 54 V	 5.58  
 55 W	 2.96  
 56 V	 2.16  
 57 Q	 24.79  
 58 A	 6.93  
 59 V	 3.33  
 60 E	 38.08  
 61 M	 3.21  
 62 D	 27.23  
 63 R	 37.57  
 64 T	 29.02  
 65 L	 3.95  
 66 H	 29.22  
 67 K	 47.15  
 68 I	 3.38  
 69 K	 22.16  
 70 C	 5.96  
 71 R	 20.94  
 72 M	 6.92  
 73 E	 16.79  
 74 C	 1.43  
 75 C	 3.63  
 76 D	 62.18  
 77 V	 2.78  
 78 P	 15.89  
 79 A	 23.43  
 80 E	 33.02  
 81 T	 32.49  
 82 L	 2.30  
 83 Y	 16.07  
 84 D	 39.35  
 85 V	 3.02  
 86 L	 2.47  
 87 H	 33.57  
 88 D	 31.11  
 89 I	 3.31  
 90 E	 45.39  
 91 Y	 28.24  
 92 R	 22.68  
 93 K	 58.26  
 94 K	 47.43  
 95 W	 19.80  
 96 D	 38.93  
 97 S	 31.70  
 98 N	 35.99  
 99 V	 4.91  
 100 I	 4.89  
 101 E	 38.86  
 102 T	 18.58  
 103 F	 4.08  
 104 D	 40.85  
 105 I	 1.78  
 106 A	 11.41  
 107 R	 31.09  
 108 L	 4.66  
 109 T	 13.22  
 110 V	 7.05  
 111 N	 25.78  
 112 A	 14.45  
 113 D	 29.21  
 114 V	 5.02  
 115 G	 19.06  
 116 Y	 8.32  
 117 Y	 8.88  
 118 S	 10.28  
 119 W	 6.97  
 120 R	 22.41  
 121 C	 4.06  
 122 P	 32.50  
 123 K	 67.61  
 124 P	 33.44  
 125 L	 10.82  
 126 K	 59.47  
 127 N	 53.73  
 128 R	 37.68  
 129 D	 45.63  
 130 V	 3.04  
 131 I	 3.35  
 132 T	 18.90  
 133 L	 2.54  
 134 R	 19.69  
 135 S	 35.76  
 136 W	 9.69  
 137 L	 1.90  
 138 P	 16.95  
 139 M	 6.91  
 140 G	 17.23  
 141 A	 10.53  
 142 D	 29.45  
 143 Y	 7.57  
 144 I	 2.19  
 145 I	 0.89  
 146 M	 2.53  
 147 N	 18.60  
 148 Y	 9.47  
 149 S	 21.49  
 150 V	 4.69  
 151 K	 48.53  
 152 H	 23.17  
 153 P	 31.96  
 154 K	 70.84  
 155 Y	 23.95  
 156 P	 28.48  
 157 P	 53.52  
 158 R	 40.39  
 159 K	 62.28  
 160 D	 52.23  
 161 L	 2.93  
 162 V	 5.46  
 163 R	 36.25  
 164 A	 7.60  
 165 V	 3.47  
 166 S	 14.16  
 167 I	 3.23  
 168 Q	 22.74  
 169 T	 26.56  
 170 G	 10.00  
 171 Y	 12.20  
 172 L	 2.80  
 173 I	 1.98  
 174 Q	 32.14  
 175 S	 28.47  
 176 T	 40.92  
 177 G	 32.65  
 178 P	 26.02  
 179 K	 58.81  
 180 S	 19.42  
 181 C	 2.99  
 182 V	 4.77  
 183 I	 2.16  
 184 T	 7.65  
 185 Y	 6.74  
 186 L	 1.69  
 187 A	 9.27  
 188 Q	 37.24  
 189 V	 12.99  
 190 D	 27.41  
 191 P	 44.01  
 192 K	 57.58  
 193 G	 39.54  
 194 S	 47.85  
 195 L	 7.44  
 196 P	 30.11  
 197 K	 58.89  
 198 W	 9.43  
 199 V	 4.19  
 200 V	 7.89  
 201 N	 28.95  
 202 K	 39.61  
 203 S	 24.94  
 204 S	 26.93  
 205 Q	 44.45  
 206 F	 7.30  
 207 L	 6.55  
 208 A	 12.58  
 209 P	 27.38  
 210 K	 56.35  
 211 A	 17.61  
 212 M	 5.53  
 213 K	 38.97  
 214 K	 34.08  
 215 M	 3.28  
 216 Y	 12.33  
 217 K	 33.03  
 218 A	 5.25  
 219 C	 2.11  
 220 I	 5.98  
 221 K	 55.42  
 222 Y	 6.10  
 223 P	 35.65  
 224 E	 65.30  
 225 W	 12.13  
 226 K	 48.05  
 227 Q	 49.92  
 228 K	 40.24  
 229 H	 43.86  
 230 Q	 39.95  
 231 P	 34.30  
 232 H	 36.47  
 233 F	 15.01  
 234 K	 32.05  
 235 P	 37.61  
 236 W	 14.11  
 237 L	 7.01  
 238 H	 21.71  
 239 P	 38.87  
 240 E	 53.60  
 241 Q	 55.59  
 242 S	 27.09  
 243 P	 48.24  
 244 L	 5.65  
 245 P	 30.59  
 246 S	 33.68  
 247 L	 5.40  
 248 A	 17.24  
 249 L	 5.05  
 250 S	 30.77  
 251 E	 46.01  
 252 L	 5.66  
 253 S	 18.71  
 254 V	 8.27  
 255 Q	 23.75  
 256 H	 29.37  
 257 A	 7.33  
 258 D	 52.19  
 259 S	 38.06  
 260 L	 6.34  
 261 E	 56.97  
 262 N	 52.91  
 263 I	 4.54  
 264 D	 56.21  
 265 E	 36.48  
 266 S	 25.04  
 267 A	 15.37  
 268 V	 9.45  
 269 T	 28.14  
 270 E	 41.00  
 271 S	 35.31  
 272 R	 43.49  
 273 E	 62.20  
 274 E	 46.88  
 275 R	 33.50  
 276 A	 24.85  
 277 G	 32.48  
 278 G	 21.77  
 279 A	 23.15  
 280 G	 37.65  
 281 G	 35.24  
 282 E	 55.39  
 283 G	 39.38  
 284 S	 33.30  
 285 D	 69.53  
 286 D	 63.89  
 287 D	 43.09  
 288 T	 32.41  
 289 S	 36.69  
 290 L	 7.76  
 291 T	 36.01  
