 1 M	 9.95  
 2 Q	 53.58  
 3 D	 58.08  
 4 D	 29.75  
 5 L	 9.76  
 6 D	 52.33  
 7 G	 27.82  
 8 I	 2.16  
 9 V	 5.29  
 10 R	 18.70  
 11 H	 19.39  
 12 R	 25.74  
 13 R	 26.81  
 14 R	 41.74  
 15 S	 26.93  
 16 L	 3.88  
 17 S	 25.76  
 18 F	 7.64  
 19 L	 2.82  
 20 Q	 26.54  
 21 I	 2.51  
 22 V	 2.01  
 23 T	 20.38  
 24 L	 1.82  
 25 T	 8.80  
 26 M	 2.91  
 27 A	 11.70  
 28 G	 15.17  
 29 L	 1.50  
 30 V	 4.96  
 31 A	 14.25  
 32 F	 10.10  
 33 D	 28.08  
 34 P	 20.38  
 35 A	 17.60  
 36 Q	 35.82  
 37 V	 4.26  
 38 L	 2.92  
 39 A	 18.52  
 40 G	 24.13  
 41 H	 15.78  
 42 P	 35.75  
 43 T	 37.25  
 44 T	 41.81  
 45 D	 42.46  
 46 S	 37.81  
 47 E	 47.94  
 48 L	 6.76  
 49 Q	 25.83  
 50 T	 45.68  
 51 A	 11.96  
 52 G	 41.38  
 53 S	 18.44  
 54 P	 52.45  
 55 R	 52.31  
 56 P	 30.60  
 57 P	 62.37  
 58 G	 46.51  
 59 L	 5.11  
 60 E	 40.95  
 61 H	 23.18  
 62 C	 2.35  
 63 V	 10.31  
 64 D	 56.41  
 65 Q	 33.77  
 66 E	 49.35  
 67 E	 39.91  
 68 R	 37.31  
 69 R	 29.72  
 70 V	 6.43  
 71 A	 6.78  
 72 R	 27.24  
 73 R	 21.21  
 74 L	 3.38  
 75 L	 3.19  
 76 Y	 9.45  
 77 I	 2.27  
 78 S	 14.90  
 79 T	 21.22  
 80 L	 5.40  
 81 D	 40.01  
 82 G	 35.23  
 83 R	 25.74  
 84 L	 4.25  
 85 S	 25.98  
 86 A	 17.53  
 87 L	 4.38  
 88 D	 38.22  
 89 I	 5.60  
 90 A	 10.30  
 91 K	 61.14  
 92 S	 31.94  
 93 G	 32.10  
 94 K	 41.80  
 95 L	 8.49  
 96 R	 27.40  
 97 W	 17.70  
 98 S	 16.28  
 99 V	 3.79  
 100 P	 26.56  
 101 T	 54.58  
 102 G	 21.06  
 103 P	 43.64  
 104 G	 30.87  
 105 P	 29.65  
 106 L	 8.01  
 107 I	 4.17  
 108 S	 26.22  
 109 S	 26.73  
 110 S	 18.67  
 111 I	 2.07  
 112 H	 30.16  
 113 R	 28.34  
 114 L	 3.80  
 115 E	 54.21  
 116 L	 8.01  
 117 T	 19.77  
 118 N	 64.36  
 119 N	 40.17  
 120 G	 25.11  
 121 Q	 35.47  
 122 F	 3.89  
 123 V	 2.89  
 124 R	 20.71  
 125 M	 4.43  
 126 I	 1.15  
 127 P	 21.63  
 128 S	 25.00  
 129 L	 4.65  
 130 S	 39.03  
 131 G	 31.63  
 132 G	 19.37  
 133 I	 3.74  
 134 Y	 14.63  
 135 K	 34.75  
 136 F	 7.72  
 137 D	 56.70  
 138 G	 33.43  
 139 D	 44.24  
 140 S	 34.13  
 141 I	 9.69  
 142 D	 38.74  
 143 P	 32.36  
 144 I	 3.23  
 145 P	 24.22  
 146 I	 6.20  
 147 T	 22.19  
 148 A	 11.70  
 149 E	 26.81  
 150 H	 29.61  
 151 L	 3.60  
 152 L	 5.14  
 153 S	 28.71  
 154 S	 33.99  
 155 S	 31.91  
 156 A	 20.89  
 157 K	 47.55  
 158 F	 10.94  
 159 S	 29.52  
 160 D	 57.29  
 161 D	 41.45  
 162 L	 4.41  
 163 V	 4.15  
 164 I	 4.04  
 165 S	 33.73  
 166 G	 39.82  
 167 G	 20.17  
 168 K	 60.48  
 169 E	 53.37  
 170 T	 28.53  
 171 R	 29.04  
 172 S	 33.39  
 173 Y	 20.46  
 174 G	 13.38  
 175 V	 3.48  
 176 S	 11.08  
 177 V	 6.20  
 178 R	 26.15  
 179 T	 27.42  
 180 G	 12.94  
 181 Q	 27.90  
 182 L	 6.10  
 183 L	 2.32  
 184 Y	 24.39  
 185 E	 20.01  
 186 C	 3.37  
 187 S	 16.96  
 188 L	 10.91  
 189 N	 26.06  
 190 G	 23.26  
 191 C	 2.26  
 192 V	 7.22  
 193 N	 47.49  
 194 S	 19.46  
 195 T	 32.62  
 196 E	 50.30  
 197 E	 60.64  
 198 G	 17.74  
 199 L	 4.23  
 200 A	 17.64  
 201 I	 6.23  
 202 D	 41.20  
 203 D	 37.61  
 204 T	 20.41  
 205 I	 6.37  
 206 R	 52.03  
 207 E	 53.93  
 208 P	 44.45  
 209 D	 68.14  
 210 E	 74.35  
 211 E	 59.44  
 212 D	 57.21  
 213 Q	 50.46  
 214 L	 11.37  
 215 E	 59.33  
 216 D	 74.62  
 217 G	 18.38  
 218 E	 59.78  
 219 Q	 47.53  
 220 L	 6.92  
 221 R	 39.14  
 222 D	 59.70  
 223 E	 37.24  
 224 A	 22.00  
 225 G	 15.62  
 226 Y	 11.86  
 227 I	 1.83  
 228 V	 3.15  
 229 R	 20.95  
 230 H	 30.10  
 231 D	 25.61  
 232 P	 28.79  
 233 L	 11.59  
 234 L	 6.86  
 235 D	 56.67  
 236 D	 33.22  
 237 V	 3.00  
 238 I	 2.87  
 239 I	 1.66  
 240 V	 2.58  
 241 R	 18.00  
 242 R	 32.76  
 243 Q	 27.65  
 244 T	 25.13  
 245 Q	 29.65  
 246 T	 18.49  
 247 V	 2.38  
 248 R	 35.98  
 249 A	 12.70  
 250 V	 4.87  
 251 E	 33.25  
 252 S	 28.66  
 253 R	 23.22  
 254 T	 55.66  
 255 G	 20.41  
 256 V	 4.45  
 257 E	 54.01  
 258 R	 31.09  
 259 W	 9.19  
 260 N	 26.07  
 261 F	 5.06  
 262 S	 23.33  
 263 V	 8.18  
 264 G	 23.17  
 265 Q	 25.40  
 266 H	 31.49  
 267 E	 35.77  
 268 L	 6.06  
 269 D	 39.88  
 270 L	 5.71  
 271 V	 9.38  
 272 R	 36.00  
 273 P	 27.31  
 274 S	 40.20  
 275 E	 29.03  
 276 C	 6.01  
 277 Q	 38.80  
 278 L	 13.15  
 279 Q	 12.71  
 280 P	 55.04  
 281 R	 36.75  
 282 D	 72.08  
 283 E	 45.48  
 284 L	 8.39  
 285 E	 32.41  
 286 L	 6.63  
 287 A	 7.17  
 288 V	 7.98  
 289 L	 4.40  
 290 D	 29.46  
 291 V	 7.78  
 292 D	 34.36  
 293 I	 3.52  
 294 K	 25.23  
 295 V	 5.54  
 296 V	 5.16  
 297 V	 3.91  
 298 P	 23.61  
 299 E	 51.95  
 300 G	 14.43  
 301 I	 1.92  
 302 I	 1.72  
 303 C	 2.71  
 304 A	 11.01  
 305 F	 9.06  
 306 S	 19.42  
 307 K	 53.00  
 308 S	 54.00  
 309 E	 45.20  
 310 P	 41.87  
 311 Q	 35.18  
 312 T	 25.58  
 313 M	 3.37  
 314 L	 3.97  
 315 W	 7.36  
 316 K	 34.30  
 317 Y	 12.81  
 318 K	 40.36  
 319 F	 10.67  
 320 D	 42.36  
 321 H	 19.67  
 322 P	 30.44  
 323 I	 3.24  
 324 V	 3.63  
 325 S	 28.43  
 326 A	 7.82  
 327 W	 12.50  
 328 N	 24.15  
 329 T	 22.53  
 330 N	 37.85  
 331 A	 24.48  
 332 D	 52.57  
 333 D	 56.97  
 334 E	 50.26  
 335 L	 10.64  
 336 Q	 30.75  
 337 P	 34.38  
 338 I	 4.66  
 339 D	 48.63  
 340 L	 4.67  
 341 F	 4.87  
 342 S	 31.87  
 343 S	 19.69  
 344 A	 11.90  
 345 Q	 37.43  
 346 W	 10.11  
 347 L	 2.10  
 348 W	 9.77  
 349 D	 43.83  
 350 Q	 48.62  
 351 D	 54.94  
 352 E	 51.91  
 353 N	 70.56  
 354 D	 39.24  
 355 T	 51.51  
 356 E	 66.16  
 357 L	 4.26  
 358 P	 28.80  
 359 N	 76.50  
 360 A	 11.11  
 361 P	 41.65  
 362 Q	 67.18  
 363 S	 37.41  
 364 P	 22.78  
 365 P	 38.31  
 366 S	 27.52  
 367 I	 3.98  
 368 Y	 11.09  
 369 L	 2.79  
 370 G	 8.81  
 371 M	 3.45  
 372 Y	 20.42  
 373 D	 24.27  
 374 K	 25.39  
 375 Q	 36.28  
 376 L	 5.11  
 377 Y	 9.69  
 378 I	 5.08  
 379 Q	 25.48  
 380 E	 38.28  
 381 S	 9.16  
 382 I	 4.78  
 383 R	 32.85  
 384 L	 6.72  
 385 R	 23.41  
 386 Q	 49.51  
 387 E	 33.57  
 388 I	 2.52  
 389 M	 2.84  
 390 D	 59.67  
 391 Q	 26.32  
 392 T	 20.43  
 393 K	 33.06  
 394 V	 6.23  
 395 Y	 7.66  
 396 Q	 34.49  
 397 Q	 24.25  
 398 L	 3.22  
 399 T	 28.77  
 400 G	 44.80  
 401 D	 28.08  
 402 T	 25.71  
 403 S	 27.66  
 404 L	 6.26  
 405 M	 1.78  
 406 P	 36.02  
 407 R	 33.37  
 408 I	 3.83  
 409 P	 34.03  
 410 W	 19.38  
 411 K	 27.41  
 412 P	 23.15  
 413 I	 4.82  
 414 S	 30.53  
 415 A	 20.67  
 416 S	 31.35  
 417 S	 26.44  
 418 K	 45.36  
 419 S	 29.80  
 420 L	 3.83  
 421 V	 5.12  
 422 I	 3.16  
 423 F	 6.56  
 424 R	 30.43  
 425 K	 53.68  
 426 D	 53.50  
 427 Q	 61.09  
 428 E	 82.65  
 429 D	 38.53  
 430 P	 32.10  
 431 E	 56.39  
 432 M	 4.24  
 433 I	 2.77  
 434 A	 14.09  
 435 E	 36.44  
 436 G	 19.14  
 437 A	 5.74  
 438 V	 6.34  
 439 A	 11.19  
 440 Q	 54.55  
 441 G	 23.08  
 442 G	 17.00  
 443 E	 54.11  
 444 L	 5.49  
 445 V	 3.43  
 446 P	 39.19  
 447 Y	 28.66  
 448 D	 51.15  
 449 D	 47.06  
 450 E	 51.88  
 451 N	 36.85  
 452 F	 5.64  
 453 A	 11.13  
 454 V	 3.87  
 455 A	 9.06  
 456 A	 8.79  
 457 Q	 25.08  
 458 S	 24.68  
 459 V	 2.96  
 460 L	 5.55  
 461 N	 38.99  
 462 A	 13.28  
 463 S	 30.41  
 464 E	 51.72  
 465 F	 4.85  
 466 V	 8.66  
 467 N	 43.46  
 468 G	 30.27  
 469 N	 32.00  
 470 G	 21.74  
 471 F	 4.41  
 472 Y	 9.32  
 473 F	 4.00  
 474 Y	 7.63  
 475 T	 17.88  
 476 T	 19.81  
 477 G	 29.61  
 478 D	 34.56  
 479 L	 9.38  
 480 N	 65.91  
 481 G	 32.34  
 482 P	 26.23  
 483 Q	 66.77  
 484 E	 33.30  
 485 C	 4.49  
 486 S	 32.07  
 487 T	 47.15  
 488 Q	 31.26  
 489 N	 57.44  
 490 N	 30.91  
 491 P	 34.53  
 492 T	 52.90  
 493 D	 52.49  
 494 L	 3.21  
 495 P	 25.15  
 496 A	 21.04  
 497 I	 2.97  
 498 T	 28.79  
 499 A	 10.16  
 500 P	 25.43  
 501 T	 44.89  
 502 S	 28.77  
 503 P	 31.95  
 504 T	 36.93  
 505 N	 44.60  
 506 A	 18.25  
 507 T	 29.40  
 508 S	 31.45  
 509 E	 66.82  
 510 G	 28.73  
 511 T	 20.56  
 512 E	 55.90  
 513 A	 22.20  
 514 T	 32.08  
 515 G	 36.58  
 516 N	 21.65  
 517 H	 34.17  
 518 S	 26.98  
 519 V	 7.67  
 520 N	 39.84  
 521 D	 50.81  
 522 D	 43.41  
 523 L	 9.23  
 524 G	 19.66  
 525 F	 9.48  
 526 S	 29.14  
 527 L	 6.83  
 528 D	 50.01  
 529 D	 46.06  
 530 I	 4.93  
 531 D	 52.38  
 532 A	 15.89  
 533 P	 23.78  
 534 V	 8.67  
 535 K	 29.71  
 536 V	 3.09  
 537 V	 2.78  
 538 I	 2.12  
 539 L	 2.02  
 540 S	 16.66  
 541 L	 3.81  
 542 W	 5.39  
 543 F	 7.27  
 544 W	 8.14  
 545 W	 4.48  
 546 K	 28.32  
 547 E	 27.56  
 548 I	 2.38  
 549 V	 2.39  
 550 V	 2.99  
 551 I	 1.48  
 552 A	 7.05  
 553 F	 3.68  
 554 T	 13.52  
 555 S	 17.68  
 556 A	 6.85  
 557 V	 5.25  
 558 I	 2.14  
 559 L	 3.02  
 560 N	 17.83  
 561 I	 1.95  
 562 F	 4.35  
 563 M	 3.86  
 564 G	 16.73  
 565 Q	 29.39  
 566 R	 35.20  
 567 N	 26.56  
 568 Q	 53.65  
 569 R	 35.49  
 570 V	 6.15  
 571 E	 41.82  
 572 R	 34.70  
 573 E	 29.70  
 574 Y	 16.70  
 575 L	 2.40  
 576 V	 4.12  
 577 I	 3.39  
 578 E	 29.29  
 579 R	 25.61  
 580 H	 18.55  
 581 V	 6.60  
 582 P	 13.33  
 583 V	 8.42  
 584 Q	 21.10  
 585 T	 29.81  
 586 A	 4.78  
 587 I	 4.14  
 588 E	 47.26  
 589 A	 12.48  
 590 T	 21.21  
 591 E	 47.90  
 592 A	 17.33  
 593 S	 18.15  
 594 T	 25.55  
 595 Q	 27.76  
 596 A	 12.58  
 597 L	 4.01  
 598 L	 9.03  
 599 G	 17.51  
 600 P	 24.73  
 601 V	 7.77  
 602 V	 3.53  
 603 P	 17.27  
 604 M	 3.40  
 605 Q	 42.20  
 606 R	 34.54  
 607 P	 27.76  
 608 G	 39.88  
 609 N	 44.50  
 610 R	 34.20  
 611 F	 11.64  
 612 S	 33.34  
 613 F	 8.55  
 614 P	 30.80  
 615 P	 45.58  
 616 G	 39.20  
 617 Q	 42.80  
 618 A	 21.75  
 619 N	 24.79  
 620 Q	 47.08  
 621 R	 33.56  
 622 T	 21.06  
 623 I	 4.72  
 624 S	 25.53  
 625 E	 48.53  
 626 S	 31.64  
 627 T	 25.20  
 628 T	 24.27  
 629 H	 33.62  
 630 S	 43.73  
 631 G	 20.35  
 632 E	 36.41  
 633 H	 34.40  
 634 Y	 11.34  
 635 T	 18.48  
 636 S	 24.75  
 637 R	 26.31  
 638 F	 9.03  
 639 Q	 40.77  
 640 S	 41.37  
 641 D	 30.20  
 642 F	 10.59  
 643 E	 48.61  
 644 L	 2.65  
 645 M	 1.76  
 646 Q	 31.72  
 647 C	 2.44  
 648 L	 2.70  
 649 G	 33.54  
 650 R	 29.16  
 651 G	 33.70  
 652 G	 18.12  
 653 F	 8.16  
 654 G	 20.25  
 655 V	 4.10  
 656 V	 3.52  
 657 F	 7.59  
 658 E	 47.31  
 659 A	 14.84  
 660 K	 47.63  
 661 N	 58.11  
 662 K	 57.52  
 663 L	 16.26  
 664 D	 53.38  
 665 E	 54.78  
 666 N	 41.76  
 667 R	 21.88  
 668 Y	 25.02  
 669 A	 9.51  
 670 I	 1.98  
 671 K	 29.58  
 672 R	 22.47  
 673 I	 3.84  
 674 T	 39.95  
 675 L	 4.02  
 676 P	 40.99  
 677 N	 64.93  
 678 K	 57.97  
 679 E	 61.66  
 680 S	 32.22  
 681 S	 33.26  
 682 R	 37.29  
 683 Q	 41.61  
 684 R	 28.47  
 685 V	 4.46  
 686 L	 4.45  
 687 R	 32.44  
 688 E	 38.04  
 689 A	 11.88  
 690 R	 26.06  
 691 T	 33.45  
 692 L	 2.48  
 693 A	 16.12  
 694 S	 24.13  
 695 C	 4.86  
 696 E	 45.76  
 697 H	 24.50  
 698 H	 11.92  
 699 N	 36.04  
 700 I	 1.30  
 701 V	 5.01  
 702 R	 25.30  
 703 Y	 8.51  
 704 F	 2.29  
 705 H	 17.31  
 706 S	 26.29  
 707 W	 6.95  
 708 T	 32.75  
 709 E	 53.73  
 710 T	 27.48  
 711 P	 20.44  
 712 P	 51.46  
 713 T	 52.86  
 714 G	 29.82  
 715 W	 12.61  
 716 Q	 49.95  
 717 E	 57.77  
 718 E	 50.53  
 719 E	 63.46  
 720 D	 57.18  
 721 R	 34.50  
 722 K	 61.24  
 723 L	 5.49  
 724 L	 5.26  
 725 A	 12.44  
 726 H	 36.18  
 727 E	 38.52  
 728 L	 4.93  
 729 S	 19.68  
 730 T	 42.34  
 731 S	 14.77  
 732 I	 4.91  
 733 Q	 27.51  
 734 I	 6.41  
 735 E	 37.60  
 736 T	 33.38  
 737 P	 30.53  
 738 D	 70.66  
 739 D	 47.41  
 740 S	 33.70  
 741 T	 39.84  
 742 M	 2.16  
 743 P	 26.69  
 744 S	 36.78  
 745 L	 5.14  
 746 T	 26.48  
 747 E	 60.24  
 748 Q	 53.23  
 749 L	 6.69  
 750 K	 61.97  
 751 E	 63.16  
 752 K	 54.65  
 753 R	 40.40  
 754 Q	 46.57  
 755 Q	 39.66  
 756 Q	 35.71  
 757 L	 3.39  
 758 L	 3.09  
 759 S	 33.74  
 760 W	 8.13  
 761 V	 3.14  
 762 S	 18.44  
 763 D	 39.83  
 764 A	 10.88  
 765 A	 18.59  
 766 N	 41.43  
 767 S	 16.80  
 768 T	 31.33  
 769 A	 7.82  
 770 C	 3.63  
 771 S	 24.51  
 772 H	 41.46  
 773 D	 19.16  
 774 F	 5.51  
 775 H	 36.85  
 776 L	 6.18  
 777 P	 35.62  
 778 G	 54.50  
 779 E	 34.90  
 780 S	 47.05  
 781 S	 38.78  
 782 L	 7.39  
 783 K	 52.88  
 784 N	 43.79  
 785 I	 5.84  
 786 R	 39.84  
 787 E	 58.05  
 788 E	 33.58  
 789 Y	 18.30  
 790 D	 47.92  
 791 Y	 25.09  
 792 D	 54.67  
 793 E	 57.99  
 794 E	 65.29  
 795 E	 51.34  
 796 D	 52.61  
 797 S	 34.23  
 798 L	 7.23  
 799 I	 5.64  
 800 E	 40.06  
 801 F	 9.14  
 802 R	 27.07  
 803 S	 47.09  
 804 E	 48.84  
 805 S	 30.59  
 806 Q	 32.79  
 807 S	 25.45  
 808 A	 11.68  
 809 A	 11.65  
 810 L	 5.50  
 811 R	 34.91  
 812 A	 29.42  
 813 E	 56.32  
 814 E	 66.78  
 815 E	 53.33  
 816 D	 68.35  
 817 D	 56.14  
 818 T	 54.36  
 819 D	 54.50  
 820 D	 63.58  
 821 D	 56.40  
 822 Y	 28.36  
 823 E	 67.00  
 824 E	 65.57  
 825 D	 53.44  
 826 E	 62.07  
 827 E	 61.60  
 828 Q	 50.97  
 829 Q	 63.66  
 830 G	 37.63  
 831 D	 42.29  
 832 H	 49.67  
 833 E	 57.43  
 834 K	 50.51  
 835 R	 27.71  
 836 H	 45.07  
 837 R	 34.36  
 838 S	 29.03  
 839 S	 21.60  
 840 V	 6.49  
 841 S	 19.25  
 842 I	 5.59  
 843 D	 25.66  
 844 I	 2.36  
 845 H	 17.35  
 846 S	 26.41  
 847 A	 10.47  
 848 S	 23.47  
 849 F	 14.78  
 850 D	 54.99  
 851 L	 4.27  
 852 K	 58.59  
 853 N	 34.73  
 854 I	 4.97  
 855 N	 39.53  
 856 Y	 13.10  
 857 S	 19.39  
 858 Q	 20.27  
 859 H	 19.59  
 860 Q	 35.60  
 861 L	 4.24  
 862 V	 4.02  
 863 S	 35.04  
 864 N	 39.09  
 865 S	 15.83  
 866 F	 11.24  
 867 Q	 38.06  
 868 I	 3.92  
 869 E	 32.19  
 870 S	 25.67  
 871 V	 8.67  
 872 R	 42.06  
 873 P	 38.43  
 874 K	 46.84  
 875 S	 42.48  
 876 S	 48.74  
 877 G	 42.03  
 878 S	 33.98  
 879 D	 63.67  
 880 D	 49.30  
 881 A	 26.75  
 882 N	 65.25  
 883 D	 63.68  
 884 D	 59.33  
 885 N	 42.63  
 886 K	 50.71  
 887 A	 23.82  
 888 R	 49.08  
 889 R	 50.21  
 890 K	 38.53  
 891 P	 28.85  
 892 L	 7.41  
 893 T	 20.65  
 894 L	 4.91  
 895 A	 8.80  
 896 L	 5.91  
 897 A	 11.52  
 898 Q	 53.19  
 899 N	 33.96  
 900 H	 26.72  
 901 N	 57.61  
 902 N	 43.86  
 903 N	 41.85  
 904 Q	 58.76  
 905 N	 54.96  
 906 G	 20.21  
 907 S	 40.30  
 908 Q	 47.48  
 909 P	 48.23  
 910 T	 28.32  
 911 P	 32.73  
 912 S	 34.77  
 913 S	 30.54  
 914 A	 11.73  
 915 T	 28.13  
 916 I	 2.55  
 917 L	 4.14  
 918 N	 39.99  
 919 G	 20.37  
 920 T	 19.06  
 921 V	 7.36  
 922 A	 20.20  
 923 K	 45.55  
 924 P	 29.64  
 925 S	 33.76  
 926 K	 43.35  
 927 V	 4.70  
 928 Y	 9.49  
 929 L	 3.21  
 930 Y	 3.28  
 931 I	 2.25  
 932 Q	 10.46  
 933 M	 2.08  
 934 Q	 22.49  
 935 L	 2.27  
 936 C	 3.08  
 937 R	 55.13  
 938 K	 51.13  
 939 E	 35.34  
 940 S	 31.57  
 941 L	 6.37  
 942 R	 42.19  
 943 D	 54.80  
 944 W	 6.20  
 945 L	 6.05  
 946 R	 34.60  
 947 D	 53.37  
 948 N	 42.83  
 949 R	 39.91  
 950 S	 49.96  
 951 E	 38.79  
 952 T	 27.19  
 953 R	 26.23  
 954 A	 15.71  
 955 A	 7.49  
 956 H	 24.47  
 957 I	 4.56  
 958 G	 16.46  
 959 D	 39.51  
 960 I	 2.54  
 961 F	 4.06  
 962 H	 19.45  
 963 Q	 27.01  
 964 I	 1.96  
 965 V	 2.88  
 966 D	 42.37  
 967 A	 5.79  
 968 V	 4.76  
 969 D	 41.27  
 970 Y	 5.33  
 971 V	 3.54  
 972 H	 18.65  
 973 L	 3.16  
 974 K	 36.47  
 975 G	 35.90  
 976 L	 2.59  
 977 I	 3.23  
 978 H	 23.42  
 979 R	 43.92  
 980 D	 44.90  
 981 L	 9.91  
 982 K	 51.17  
 983 P	 39.65  
 984 S	 40.76  
 985 N	 43.55  
 986 I	 4.29  
 987 F	 5.88  
 988 F	 5.93  
 989 S	 19.33  
 990 Q	 54.41  
 991 D	 50.17  
 992 G	 24.39  
 993 Q	 41.93  
 994 I	 4.25  
 995 K	 32.52  
 996 I	 7.37  
 997 G	 21.13  
 998 D	 37.60  
 999 F	 7.41  
 1000 G	 24.79  
 1001 L	 3.65  
 1002 V	 4.34  
 1003 T	 25.71  
 1004 D	 23.85  
 1005 M	 2.36  
 1006 A	 17.87  
 1007 D	 50.68  
 1008 I	 1.44  
 1009 P	 28.75  
 1010 N	 47.70  
 1011 L	 3.13  
 1012 V	 6.42  
 1013 A	 12.46  
 1014 K	 31.13  
 1015 C	 5.39  
 1016 G	 34.97  
 1017 D	 49.28  
 1018 Q	 25.36  
 1019 S	 47.22  
 1020 G	 35.65  
 1021 L	 3.23  
 1022 P	 30.78  
 1023 S	 26.00  
 1024 C	 3.49  
 1025 A	 15.61  
 1026 R	 37.40  
 1027 H	 14.98  
 1028 T	 18.36  
 1029 Q	 29.81  
 1030 Q	 36.44  
 1031 V	 7.40  
 1032 G	 11.77  
 1033 T	 15.17  
 1034 H	 14.72  
 1035 L	 3.74  
 1036 Y	 6.48  
 1037 M	 7.29  
 1038 S	 16.24  
 1039 P	 19.47  
 1040 E	 46.70  
 1041 Q	 45.42  
 1042 L	 5.75  
 1043 L	 6.57  
 1044 G	 22.32  
 1045 Q	 31.75  
 1046 H	 18.68  
 1047 Y	 17.06  
 1048 D	 34.35  
 1049 Y	 13.02  
 1050 K	 30.45  
 1051 V	 4.39  
 1052 D	 29.92  
 1053 I	 2.56  
 1054 Y	 8.06  
 1055 S	 19.12  
 1056 L	 3.48  
 1057 G	 15.70  
 1058 L	 3.61  
 1059 I	 3.36  
 1060 F	 4.71  
 1061 F	 8.50  
 1062 E	 27.50  
 1063 L	 2.53  
 1064 H	 12.67  
 1065 V	 8.91  
 1066 Y	 4.89  
 1067 F	 7.67  
 1068 S	 13.03  
 1069 T	 29.47  
 1070 E	 37.54  
 1071 M	 4.20  
 1072 E	 45.05  
 1073 R	 34.10  
 1074 I	 2.26  
 1075 K	 47.96  
 1076 T	 25.65  
 1077 L	 2.73  
 1078 R	 38.59  
 1079 S	 30.76  
 1080 L	 4.71  
 1081 R	 47.46  
 1082 D	 54.57  
 1083 G	 23.61  
 1084 Q	 56.49  
 1085 Y	 20.13  
 1086 P	 23.11  
 1087 K	 61.62  
 1088 D	 32.03  
 1089 F	 11.60  
 1090 A	 9.97  
 1091 V	 7.72  
 1092 N	 39.06  
 1093 Y	 8.88  
 1094 P	 15.03  
 1095 Q	 44.07  
 1096 Q	 29.24  
 1097 Y	 11.87  
 1098 D	 36.24  
 1099 L	 3.86  
 1100 L	 2.80  
 1101 Q	 33.65  
 1102 Q	 34.45  
 1103 M	 1.74  
 1104 L	 3.14  
 1105 S	 21.37  
 1106 A	 25.61  
 1107 Q	 38.39  
 1108 P	 39.13  
 1109 E	 47.33  
 1110 Q	 69.87  
 1111 R	 24.51  
 1112 P	 45.98  
 1113 Q	 64.62  
 1114 T	 24.36  
 1115 K	 48.67  
 1116 Q	 58.47  
 1117 L	 6.50  
 1118 K	 33.39  
 1119 S	 42.94  
 1120 Q	 42.74  
 1121 L	 6.13  
 1122 R	 22.10  
 1123 N	 48.17  
 1124 I	 1.78  
 1125 L	 4.96  
 1126 Q	 49.50  
 1127 L	 2.30  
 1128 P	 11.79  
 1129 H	 48.25  
 1130 L	 5.48  
 1131 L	 3.89  
 1132 S	 46.14  
 1133 E	 62.31  
 1134 G	 32.70  
 1135 Q	 39.48  
 1136 S	 42.40  
 1137 E	 46.02  
 1138 Q	 45.44  
 1139 A	 15.09  
 1140 E	 48.48  
 1141 L	 7.22  
 1142 A	 8.85  
 1143 E	 60.54  
 1144 R	 27.99  
 1145 A	 7.76  
 1146 R	 46.42  
 1147 R	 35.71  
 1148 L	 4.09  
 1149 S	 26.80  
 1150 R	 34.45  
 1151 S	 32.09  
 1152 R	 38.38  
 1153 T	 29.17  
 1154 F	 6.92  
 1155 S	 28.79  
 1156 S	 33.42  
 1157 S	 37.21  
 1158 S	 58.03  
 1159 E	 49.07  
 1160 P	 32.88  
 1161 H	 41.76  
 1162 Q	 66.77  
