 1 M	 8.68  
 2 A	 22.85  
 3 E	 68.42  
 4 R	 30.30  
 5 P	 30.84  
 6 E	 79.81  
 7 D	 43.47  
 8 L	 7.27  
 9 N	 66.81  
 10 L	 4.50  
 11 P	 26.17  
 12 N	 50.43  
 13 A	 7.67  
 14 V	 6.12  
 15 I	 1.67  
 16 T	 14.82  
 17 R	 19.94  
 18 I	 3.85  
 19 I	 2.73  
 20 K	 34.27  
 21 E	 45.06  
 22 A	 21.28  
 23 L	 4.10  
 24 P	 43.27  
 25 D	 74.62  
 26 G	 16.66  
 27 V	 8.19  
 28 N	 38.04  
 29 I	 6.06  
 30 S	 21.17  
 31 K	 52.15  
 32 E	 42.39  
 33 A	 17.92  
 34 R	 27.93  
 35 S	 36.68  
 36 A	 9.75  
 37 I	 2.78  
 38 S	 18.64  
 39 R	 28.23  
 40 A	 9.41  
 41 A	 12.71  
 42 S	 18.33  
 43 V	 3.09  
 44 F	 2.65  
 45 V	 3.61  
 46 L	 1.31  
 47 Y	 11.52  
 48 A	 6.73  
 49 T	 15.69  
 50 S	 11.76  
 51 C	 4.00  
 52 A	 17.48  
 53 N	 48.78  
 54 N	 13.92  
 55 F	 7.63  
 56 A	 10.82  
 57 M	 5.28  
 58 K	 58.83  
 59 G	 23.16  
 60 K	 45.24  
 61 R	 45.95  
 62 K	 61.93  
 63 T	 29.31  
 64 L	 5.90  
 65 N	 42.50  
 66 A	 15.38  
 67 S	 27.46  
 68 D	 42.86  
 69 V	 4.16  
 70 L	 3.03  
 71 S	 25.97  
 72 A	 12.78  
 73 M	 3.94  
 74 E	 54.64  
 75 E	 30.81  
 76 M	 3.89  
 77 E	 41.74  
 78 F	 6.44  
 79 Q	 25.29  
 80 R	 33.07  
 81 F	 5.09  
 82 V	 6.16  
 83 T	 21.86  
 84 P	 35.81  
 85 L	 5.98  
 86 K	 41.99  
 87 E	 67.19  
 88 A	 14.76  
 89 L	 3.97  
 90 E	 51.18  
 91 A	 12.18  
 92 Y	 10.79  
 93 R	 42.58  
 94 R	 37.71  
 95 E	 47.87  
 96 Q	 58.97  
 97 K	 68.86  
 98 G	 46.06  
 99 K	 55.25  
 100 K	 68.15  
 101 E	 62.00  
 102 A	 27.52  
 103 S	 41.47  
 104 E	 73.75  
 105 Q	 61.44  
 106 K	 58.71  
 107 K	 66.93  
 108 K	 76.64  
 109 D	 73.58  
 110 K	 79.08  
 111 D	 68.75  
 112 K	 64.41  
 113 K	 68.64  
 114 T	 50.96  
 115 D	 64.03  
 116 S	 48.54  
 117 E	 63.59  
 118 E	 68.95  
 119 Q	 60.42  
 120 D	 54.93  
 121 K	 47.27  
 122 S	 53.94  
 123 R	 58.01  
 124 D	 74.76  
 125 E	 58.57  
 126 D	 72.65  
 127 N	 53.15  
 128 D	 76.64  
 129 E	 73.84  
 130 D	 66.96  
 131 E	 42.86  
 132 E	 74.92  
 133 R	 45.40  
 134 L	 12.58  
 135 E	 70.37  
 136 E	 72.00  
 137 E	 56.35  
 138 E	 63.08  
 139 Q	 66.95  
 140 N	 63.02  
 141 E	 67.49  
 142 E	 67.99  
 143 E	 58.08  
 144 E	 59.45  
 145 V	 10.93  
 146 D	 59.40  
 147 N	 59.99  
