 1 M	 6.73  
 2 V	 8.71  
 3 F	 4.74  
 4 P	 26.01  
 5 A	 12.28  
 6 K	 46.36  
 7 R	 29.62  
 8 F	 3.58  
 9 C	 4.32  
 10 L	 6.12  
 11 V	 3.29  
 12 P	 18.27  
 13 S	 23.22  
 14 M	 4.21  
 15 E	 59.90  
 16 G	 12.97  
 17 V	 2.69  
 18 R	 29.84  
 19 W	 10.15  
 20 A	 3.95  
 21 F	 5.01  
 22 S	 12.14  
 23 C	 4.55  
 24 G	 20.80  
 25 T	 28.31  
 26 W	 7.49  
 27 L	 2.50  
 28 P	 17.21  
 29 S	 41.79  
 30 R	 34.29  
 31 A	 19.36  
 32 E	 37.23  
 33 W	 8.83  
 34 L	 1.33  
 35 L	 4.31  
 36 A	 7.78  
 37 V	 5.07  
 38 R	 23.57  
 39 S	 20.98  
 40 I	 5.77  
 41 Q	 40.37  
 42 P	 50.47  
 43 E	 66.38  
 44 E	 67.89  
 45 K	 51.10  
 46 E	 53.46  
 47 R	 49.78  
 48 I	 5.50  
 49 G	 22.54  
 50 Q	 29.03  
 51 F	 4.04  
 52 V	 2.56  
 53 F	 4.95  
 54 A	 11.80  
 55 R	 32.71  
 56 D	 49.33  
 57 A	 9.61  
 58 K	 40.75  
 59 A	 12.28  
 60 A	 6.40  
 61 M	 4.92  
 62 A	 8.67  
 63 G	 15.35  
 64 R	 16.14  
 65 L	 3.07  
 66 M	 2.41  
 67 I	 4.09  
 68 R	 16.58  
 69 K	 36.07  
 70 L	 2.95  
 71 V	 7.88  
 72 A	 20.74  
 73 E	 51.07  
 74 K	 36.78  
 75 L	 5.45  
 76 N	 49.71  
 77 I	 6.40  
 78 P	 25.41  
 79 W	 12.77  
 80 N	 18.49  
 81 H	 11.59  
 82 I	 4.20  
 83 R	 19.74  
 84 L	 3.90  
 85 Q	 30.72  
 86 R	 41.04  
 87 T	 21.54  
 88 A	 22.31  
 89 K	 67.84  
 90 G	 36.72  
 91 K	 31.11  
 92 P	 34.71  
 93 V	 10.40  
 94 L	 7.13  
 95 A	 17.53  
 96 K	 54.72  
 97 D	 52.25  
 98 S	 31.16  
 99 S	 52.54  
 100 N	 44.04  
 101 P	 48.16  
 102 Y	 18.30  
 103 P	 39.95  
 104 N	 38.35  
 105 F	 10.76  
 106 N	 35.38  
 107 F	 8.22  
 108 N	 35.64  
 109 I	 3.21  
 110 S	 15.74  
 111 H	 31.67  
 112 Q	 39.40  
 113 G	 25.19  
 114 D	 22.96  
 115 Y	 12.87  
 116 A	 8.45  
 117 V	 2.81  
 118 L	 2.59  
 119 A	 11.81  
 120 A	 28.81  
 121 E	 33.43  
 122 P	 42.76  
 123 E	 43.25  
 124 L	 7.96  
 125 Q	 29.72  
 126 V	 13.03  
 127 G	 10.01  
 128 I	 3.22  
 129 D	 29.06  
 130 I	 2.63  
 131 M	 3.25  
 132 K	 41.15  
 133 T	 20.44  
 134 S	 24.75  
 135 F	 10.08  
 136 P	 31.19  
 137 G	 44.57  
 138 R	 35.60  
 139 G	 35.52  
 140 S	 33.34  
 141 I	 4.17  
 142 P	 33.76  
 143 E	 60.31  
 144 F	 4.53  
 145 F	 3.49  
 146 H	 25.26  
 147 I	 2.69  
 148 M	 2.29  
 149 K	 52.40  
 150 R	 23.18  
 151 K	 51.53  
 152 F	 12.05  
 153 T	 48.71  
 154 N	 43.30  
 155 K	 62.23  
 156 E	 53.25  
 157 W	 15.05  
 158 E	 35.13  
 159 T	 23.82  
 160 I	 2.05  
 161 R	 43.38  
 162 S	 32.56  
 163 F	 9.20  
 164 K	 56.86  
 165 D	 55.44  
 166 E	 53.68  
 167 W	 10.28  
 168 T	 19.73  
 169 Q	 36.22  
 170 L	 3.94  
 171 D	 18.48  
 172 M	 4.29  
 173 F	 5.31  
 174 Y	 9.08  
 175 R	 22.43  
 176 N	 19.59  
 177 W	 8.25  
 178 A	 16.59  
 179 L	 4.83  
 180 K	 43.49  
 181 E	 52.29  
 182 S	 30.59  
 183 F	 7.52  
 184 I	 4.03  
 185 K	 31.76  
 186 A	 10.03  
 187 I	 3.79  
 188 G	 16.58  
 189 V	 4.71  
 190 G	 18.18  
 191 L	 7.07  
 192 G	 14.19  
 193 F	 11.57  
 194 E	 42.04  
 195 L	 3.16  
 196 Q	 40.49  
 197 R	 49.13  
 198 L	 5.05  
 199 E	 39.03  
 200 F	 15.77  
 201 D	 36.54  
 202 L	 7.44  
 203 S	 29.23  
 204 P	 32.34  
 205 L	 10.00  
 206 N	 38.77  
 207 L	 7.18  
 208 D	 41.73  
 209 I	 4.72  
 210 G	 15.57  
 211 Q	 35.38  
 212 V	 6.59  
 213 Y	 8.67  
 214 K	 54.47  
 215 E	 22.82  
 216 T	 28.64  
 217 R	 25.24  
 218 L	 6.98  
 219 F	 5.42  
 220 L	 11.08  
 221 D	 55.94  
 222 G	 46.49  
 223 E	 63.75  
 224 E	 78.77  
 225 E	 52.56  
 226 K	 62.93  
 227 E	 47.52  
 228 W	 19.81  
 229 A	 11.76  
 230 F	 12.87  
 231 E	 54.32  
 232 E	 51.37  
 233 S	 27.93  
 234 K	 58.41  
 235 I	 11.92  
 236 D	 53.57  
 237 E	 42.61  
 238 H	 18.88  
 239 H	 19.48  
 240 F	 3.99  
 241 V	 3.48  
 242 A	 4.67  
 243 V	 4.30  
 244 A	 7.60  
 245 L	 6.09  
 246 R	 38.43  
 247 K	 48.59  
 248 P	 44.77  
 249 D	 71.39  
 250 G	 34.80  
 251 S	 33.69  
 252 R	 36.70  
 253 H	 29.86  
 254 Q	 52.89  
 255 D	 48.44  
 256 V	 3.85  
 257 P	 34.26  
 258 S	 46.20  
 259 Q	 53.08  
 260 D	 67.50  
 261 D	 51.42  
 262 S	 49.15  
 263 K	 60.11  
 264 P	 37.40  
 265 T	 39.87  
 266 Q	 45.78  
 267 R	 35.74  
 268 Q	 29.98  
 269 F	 5.10  
 270 T	 19.06  
 271 I	 2.90  
 272 L	 5.63  
 273 N	 29.80  
 274 F	 7.25  
 275 N	 40.19  
 276 D	 39.34  
 277 L	 3.63  
 278 M	 3.12  
 279 S	 23.57  
 280 S	 21.22  
 281 A	 11.35  
 282 V	 3.44  
 283 P	 22.20  
 284 M	 8.63  
 285 T	 19.91  
 286 P	 37.43  
 287 E	 73.68  
 288 D	 45.40  
 289 P	 29.75  
 290 S	 51.82  
 291 F	 8.52  
 292 W	 13.05  
 293 D	 17.38  
 294 C	 2.03  
 295 F	 3.39  
 296 C	 5.33  
 297 F	 4.89  
 298 T	 33.61  
 299 E	 33.41  
 300 E	 51.51  
 301 I	 2.53  
 302 P	 23.83  
 303 I	 7.02  
 304 R	 30.12  
 305 N	 64.31  
 306 G	 25.35  
 307 T	 31.50  
 308 K	 56.41  
 309 S	 45.34  
