 1 M	 7.28  
 2 L	 5.15  
 3 T	 28.87  
 4 T	 28.90  
 5 L	 5.82  
 6 K	 35.89  
 7 P	 41.78  
 8 F	 12.46  
 9 G	 35.35  
 10 S	 16.17  
 11 V	 8.32  
 12 S	 23.12  
 13 V	 10.11  
 14 E	 36.82  
 15 S	 34.74  
 16 K	 31.94  
 17 M	 10.46  
 18 N	 51.06  
 19 N	 31.86  
 20 K	 49.47  
 21 A	 22.45  
 22 G	 26.96  
 23 S	 23.33  
 24 F	 8.88  
 25 F	 4.53  
 26 W	 10.84  
 27 N	 21.86  
 28 L	 3.12  
 29 R	 32.08  
 30 Q	 39.55  
 31 F	 4.94  
 32 S	 16.70  
 33 T	 32.25  
 34 L	 2.51  
 35 V	 6.25  
 36 S	 24.63  
 37 T	 18.10  
 38 S	 20.46  
 39 R	 32.41  
 40 T	 13.35  
 41 M	 2.75  
 42 R	 24.78  
 43 L	 1.35  
 44 C	 0.96  
 45 C	 3.90  
 46 L	 5.99  
 47 G	 18.34  
 48 L	 1.88  
 49 C	 7.23  
 50 K	 55.15  
 51 P	 30.52  
 52 K	 42.74  
 53 I	 4.58  
 54 V	 5.17  
 55 H	 20.91  
 56 S	 32.42  
 57 N	 22.42  
 58 W	 9.03  
 59 N	 32.87  
 60 I	 3.09  
 61 L	 3.76  
 62 N	 45.37  
 63 N	 35.79  
 64 F	 5.41  
 65 H	 24.10  
 66 N	 36.66  
 67 R	 18.89  
 68 M	 4.47  
 69 Q	 39.69  
 70 S	 20.78  
 71 T	 17.83  
 72 D	 39.29  
 73 I	 1.63  
 74 I	 2.36  
 75 R	 23.57  
 76 Y	 11.06  
 77 L	 1.92  
 78 F	 4.59  
 79 Q	 38.23  
 80 D	 35.79  
 81 A	 6.66  
 82 F	 10.18  
 83 I	 4.56  
 84 F	 5.11  
 85 K	 40.71  
 86 S	 27.12  
 87 D	 45.19  
 88 V	 12.19  
 89 G	 17.59  
 90 F	 9.29  
 91 Q	 36.05  
 92 T	 29.04  
 93 K	 43.39  
 94 G	 23.59  
 95 I	 2.79  
 96 S	 26.49  
 97 T	 26.63  
 98 L	 1.79  
 99 T	 24.59  
 100 A	 9.65  
 101 L	 4.83  
 102 R	 26.68  
 103 I	 3.62  
 104 E	 30.73  
 105 R	 27.85  
 106 L	 2.52  
 107 L	 4.97  
 108 Y	 18.05  
 109 A	 7.17  
 110 K	 35.76  
 111 R	 28.67  
 112 L	 5.03  
 113 F	 8.10  
 114 F	 14.18  
 115 D	 47.82  
 116 S	 27.69  
 117 K	 45.83  
 118 Q	 46.05  
 119 S	 34.76  
 120 L	 4.71  
 121 V	 5.41  
 122 P	 33.60  
 123 V	 12.95  
 124 D	 38.38  
 125 K	 56.89  
 126 S	 45.92  
 127 D	 60.18  
 128 D	 70.94  
 129 E	 68.43  
 130 L	 9.29  
 131 K	 53.26  
 132 K	 49.32  
 133 V	 10.61  
 134 N	 43.96  
 135 L	 8.51  
 136 N	 24.86  
 137 H	 39.75  
 138 E	 46.71  
 139 V	 6.07  
 140 S	 31.36  
 141 N	 55.45  
 142 E	 41.83  
 143 D	 45.00  
 144 V	 6.28  
 145 L	 9.78  
 146 T	 27.04  
 147 K	 60.26  
 148 E	 57.75  
 149 T	 54.05  
 150 K	 41.19  
 151 P	 42.63  
 152 N	 56.31  
 153 R	 38.40  
 154 I	 5.80  
 155 S	 22.35  
 156 S	 30.94  
 157 R	 36.82  
 158 K	 59.31  
 159 L	 8.28  
 160 S	 34.09  
 161 E	 76.60  
 162 E	 35.31  
 163 C	 3.53  
 164 N	 49.63  
 165 S	 40.69  
 166 L	 2.93  
 167 S	 26.03  
 168 D	 50.74  
 169 V	 4.72  
 170 L	 4.76  
 171 D	 45.47  
 172 A	 13.37  
 173 F	 8.43  
 174 S	 29.63  
 175 K	 52.51  
 176 A	 13.73  
 177 P	 38.00  
 178 T	 53.70  
 179 F	 5.56  
 180 P	 39.05  
 181 S	 27.33  
 182 S	 35.47  
 183 N	 40.03  
 184 Y	 12.31  
 185 F	 4.03  
 186 T	 12.78  
 187 A	 5.00  
 188 M	 2.70  
 189 W	 5.12  
 190 T	 9.66  
 191 I	 2.22  
 192 A	 5.41  
 193 K	 50.44  
 194 R	 30.33  
 195 L	 6.93  
 196 S	 43.08  
 197 D	 67.94  
 198 D	 53.15  
 199 Q	 43.76  
 200 K	 67.08  
 201 R	 39.05  
 202 F	 19.57  
 203 E	 41.10  
 204 K	 48.39  
 205 R	 24.96  
 206 L	 6.35  
 207 M	 3.63  
 208 F	 7.80  
 209 S	 18.00  
 210 H	 13.37  
 211 P	 37.03  
 212 A	 15.59  
 213 F	 7.63  
 214 N	 35.70  
 215 Q	 40.82  
 216 L	 3.77  
 217 C	 2.13  
 218 E	 43.33  
 219 H	 17.84  
 220 M	 0.95  
 221 M	 3.65  
 222 R	 32.90  
 223 E	 36.10  
 224 A	 9.05  
 225 K	 33.68  
 226 I	 2.40  
 227 M	 3.34  
 228 Q	 34.73  
 229 Y	 5.57  
 230 K	 16.72  
 231 Y	 12.05  
 232 L	 3.22  
 233 L	 2.19  
 234 F	 7.25  
 235 S	 21.15  
 236 L	 2.18  
 237 H	 16.53  
 238 A	 17.35  
 239 I	 1.63  
 240 V	 4.31  
 241 K	 34.58  
 242 L	 5.35  
 243 G	 24.66  
 244 I	 4.61  
 245 P	 21.41  
 246 Q	 58.75  
 247 N	 24.59  
 248 T	 15.50  
 249 I	 4.68  
 250 L	 1.89  
 251 V	 3.45  
 252 Q	 24.00  
 253 T	 21.93  
 254 L	 1.28  
 255 L	 4.74  
 256 R	 32.33  
 257 V	 6.99  
 258 T	 20.48  
 259 Q	 34.80  
 260 E	 46.27  
 261 R	 27.49  
 262 I	 5.11  
 263 N	 50.49  
 264 E	 40.76  
 265 C	 5.00  
 266 D	 41.96  
 267 E	 47.46  
 268 I	 1.50  
 269 C	 1.87  
 270 L	 4.95  
 271 S	 19.32  
 272 V	 2.94  
 273 L	 2.97  
 274 S	 17.83  
 275 T	 25.58  
 276 V	 4.01  
 277 L	 3.35  
 278 E	 41.45  
 279 A	 11.95  
 280 M	 4.27  
 281 E	 55.37  
 282 P	 22.69  
 283 C	 2.97  
 284 K	 73.12  
 285 N	 35.52  
 286 V	 1.70  
 287 H	 23.45  
 288 V	 3.18  
 289 L	 2.15  
 290 R	 31.54  
 291 T	 36.19  
 292 G	 11.91  
 293 F	 4.31  
 294 R	 23.75  
 295 I	 4.03  
 296 L	 2.79  
 297 V	 6.09  
 298 D	 29.74  
 299 Q	 32.04  
 300 Q	 38.28  
 301 V	 4.70  
 302 W	 7.50  
 303 K	 37.04  
 304 I	 2.99  
 305 E	 44.38  
 306 D	 44.28  
 307 V	 2.27  
 308 F	 9.74  
 309 T	 19.01  
 310 L	 2.18  
 311 Q	 23.77  
 312 V	 5.23  
 313 V	 1.63  
 314 M	 2.85  
 315 K	 15.87  
 316 C	 2.40  
 317 I	 6.83  
 318 G	 31.12  
 319 K	 30.70  
 320 D	 52.98  
 321 A	 10.82  
 322 P	 23.63  
 323 I	 8.21  
 324 A	 13.13  
 325 L	 5.96  
 326 K	 38.16  
 327 R	 50.03  
 328 K	 47.41  
 329 L	 10.12  
 330 E	 41.49  
 331 M	 4.45  
 332 K	 34.59  
 333 A	 15.56  
 334 L	 3.50  
 335 R	 47.49  
 336 E	 56.74  
 337 L	 4.65  
 338 D	 44.84  
 339 R	 38.06  
 340 F	 6.22  
 341 S	 26.96  
 342 V	 5.58  
 343 L	 5.03  
 344 N	 37.15  
 345 S	 19.80  
 346 Q	 30.87  
 347 H	 23.79  
 348 M	 2.07  
 349 F	 5.72  
 350 E	 29.10  
 351 V	 2.77  
 352 L	 1.66  
 353 A	 15.16  
 354 A	 8.64  
 355 M	 3.45  
 356 N	 23.77  
 357 H	 13.97  
 358 R	 28.31  
 359 S	 16.53  
 360 L	 3.01  
 361 I	 3.65  
 362 L	 6.30  
 363 L	 4.06  
 364 D	 51.95  
 365 E	 40.43  
 366 C	 4.81  
 367 S	 26.83  
 368 K	 48.28  
 369 V	 2.72  
 370 V	 6.80  
 371 L	 4.71  
 372 D	 40.19  
 373 N	 24.80  
 374 I	 2.70  
 375 H	 37.75  
 376 G	 15.79  
 377 C	 1.45  
 378 P	 29.30  
 379 L	 7.24  
 380 R	 11.11  
 381 I	 4.24  
 382 M	 1.23  
 383 I	 2.42  
 384 N	 16.13  
 385 I	 2.28  
 386 L	 2.37  
 387 Q	 42.88  
 388 S	 21.49  
 389 C	 2.28  
 390 K	 67.72  
 391 D	 43.25  
 392 L	 3.13  
 393 Q	 47.80  
 394 Y	 10.44  
 395 H	 18.53  
 396 N	 30.25  
 397 L	 3.74  
 398 D	 56.21  
 399 L	 5.57  
 400 F	 6.19  
 401 K	 61.38  
 402 G	 20.82  
 403 L	 3.19  
 404 A	 18.11  
 405 D	 43.41  
 406 Y	 6.08  
 407 V	 2.77  
 408 A	 8.44  
 409 A	 9.96  
 410 T	 16.47  
 411 F	 5.71  
 412 D	 41.29  
 413 I	 3.63  
 414 W	 8.79  
 415 K	 35.31  
 416 F	 5.70  
 417 R	 25.17  
 418 K	 46.55  
 419 V	 4.62  
 420 L	 2.18  
 421 F	 4.84  
 422 I	 1.73  
 423 L	 1.87  
 424 I	 3.37  
 425 L	 3.85  
 426 F	 4.66  
 427 E	 48.37  
 428 N	 37.82  
 429 L	 5.59  
 430 G	 28.26  
 431 F	 10.07  
 432 R	 24.16  
 433 P	 23.44  
 434 V	 8.84  
 435 G	 20.26  
 436 L	 2.16  
 437 M	 3.28  
 438 D	 41.62  
 439 L	 2.55  
 440 F	 4.77  
 441 M	 3.56  
 442 K	 31.47  
 443 R	 26.79  
 444 I	 3.12  
 445 V	 8.73  
 446 E	 66.53  
 447 D	 41.18  
 448 P	 21.41  
 449 E	 78.98  
 450 S	 30.36  
 451 L	 7.47  
 452 N	 48.97  
 453 M	 4.22  
 454 K	 39.50  
 455 N	 29.66  
 456 I	 2.39  
 457 L	 3.49  
 458 S	 21.21  
 459 I	 2.68  
 460 L	 1.91  
 461 H	 22.53  
 462 T	 22.96  
 463 Y	 5.87  
 464 S	 29.51  
 465 S	 23.83  
 466 L	 4.17  
 467 N	 25.24  
 468 H	 29.58  
 469 V	 4.80  
 470 Y	 9.86  
 471 K	 28.40  
 472 C	 2.70  
 473 Q	 60.93  
 474 N	 60.34  
 475 K	 27.32  
 476 E	 57.72  
 477 Q	 49.66  
 478 F	 5.47  
 479 V	 5.61  
 480 E	 28.06  
 481 V	 3.06  
 482 M	 1.22  
 483 A	 9.23  
 484 S	 13.01  
 485 A	 10.29  
 486 L	 3.37  
 487 T	 24.40  
 488 G	 24.69  
 489 Y	 7.06  
 490 L	 2.80  
 491 H	 16.81  
 492 T	 21.69  
 493 I	 2.72  
 494 S	 32.52  
 495 S	 27.01  
 496 E	 45.14  
 497 N	 48.10  
 498 L	 3.93  
 499 L	 6.31  
 500 D	 36.83  
 501 A	 11.34  
 502 V	 4.03  
 503 Y	 9.57  
 504 S	 11.68  
 505 F	 1.71  
 506 C	 2.64  
 507 L	 2.05  
 508 M	 3.93  
 509 N	 23.50  
 510 Y	 7.81  
 511 F	 3.20  
 512 P	 19.77  
 513 L	 7.29  
 514 A	 13.58  
 515 P	 36.08  
 516 F	 8.28  
 517 N	 30.45  
 518 Q	 43.88  
 519 L	 6.00  
 520 L	 4.24  
 521 Q	 50.39  
 522 K	 51.36  
 523 D	 30.41  
 524 I	 4.87  
 525 I	 3.62  
 526 S	 23.64  
 527 E	 37.07  
 528 L	 5.16  
 529 L	 3.65  
 530 T	 42.61  
 531 S	 31.42  
 532 D	 55.58  
 533 D	 50.12  
 534 M	 4.29  
 535 K	 45.48  
 536 N	 41.69  
 537 A	 9.41  
 538 Y	 24.39  
 539 K	 31.23  
 540 L	 2.13  
 541 H	 21.89  
 542 T	 36.44  
 543 L	 3.41  
 544 D	 36.21  
 545 T	 23.89  
 546 C	 2.93  
 547 L	 7.19  
 548 K	 52.60  
 549 L	 4.67  
 550 D	 48.20  
 551 D	 48.81  
 552 T	 15.66  
 553 V	 5.65  
 554 Y	 9.71  
 555 L	 3.26  
 556 R	 18.66  
 557 D	 28.11  
 558 I	 3.16  
 559 A	 8.73  
 560 L	 5.73  
 561 S	 29.05  
 562 L	 3.05  
 563 P	 30.22  
 564 Q	 70.19  
 565 L	 4.00  
 566 P	 23.58  
 567 R	 67.68  
 568 E	 64.19  
 569 L	 5.42  
 570 P	 29.09  
 571 S	 47.58  
 572 S	 32.18  
 573 H	 27.72  
 574 T	 38.53  
 575 N	 32.13  
 576 A	 14.62  
 577 K	 44.01  
 578 V	 5.22  
 579 A	 10.65  
 580 E	 47.15  
 581 V	 4.53  
 582 L	 1.85  
 583 S	 24.90  
 584 S	 24.37  
 585 L	 4.65  
 586 L	 10.02  
 587 G	 37.08  
 588 G	 37.37  
 589 E	 47.93  
 590 G	 30.34  
 591 H	 21.36  
 592 F	 16.65  
 593 S	 23.44  
 594 K	 63.93  
 595 D	 31.69  
 596 V	 6.00  
 597 H	 43.72  
 598 L	 4.66  
 599 P	 9.98  
 600 H	 54.57  
 601 N	 28.30  
 602 Y	 9.34  
 603 H	 20.61  
 604 I	 4.59  
 605 D	 23.09  
 606 F	 9.22  
 607 E	 26.41  
 608 I	 4.46  
 609 R	 15.10  
 610 M	 10.28  
 611 D	 30.86  
 612 T	 27.08  
 613 N	 36.32  
 614 R	 36.73  
 615 N	 38.08  
 616 Q	 34.58  
 617 V	 7.30  
 618 L	 2.26  
 619 P	 30.84  
 620 L	 6.29  
 621 S	 33.38  
 622 D	 50.42  
 623 V	 6.73  
 624 D	 49.62  
 625 T	 23.62  
 626 T	 16.35  
 627 S	 31.12  
 628 A	 13.75  
 629 T	 33.14  
 630 D	 34.44  
 631 I	 2.15  
 632 Q	 36.28  
 633 R	 20.78  
 634 V	 2.18  
 635 A	 7.25  
 636 V	 3.78  
 637 L	 1.40  
 638 C	 1.78  
 639 V	 4.69  
 640 S	 21.37  
 641 R	 12.62  
 642 S	 18.98  
 643 A	 9.65  
 644 Y	 6.88  
 645 C	 3.29  
 646 L	 4.92  
 647 G	 24.44  
 648 S	 16.72  
 649 S	 35.39  
 650 H	 20.13  
 651 P	 39.78  
 652 R	 42.97  
 653 G	 26.77  
 654 F	 4.08  
 655 L	 5.18  
 656 A	 8.03  
 657 M	 3.69  
 658 K	 27.46  
 659 M	 1.78  
 660 R	 26.14  
 661 H	 21.67  
 662 L	 2.85  
 663 N	 23.04  
 664 A	 13.06  
 665 M	 5.99  
 666 G	 13.70  
 667 F	 2.39  
 668 H	 10.44  
 669 V	 3.19  
 670 I	 2.39  
 671 L	 3.07  
 672 V	 3.41  
 673 N	 44.44  
 674 N	 28.71  
 675 W	 9.33  
 676 E	 39.36  
 677 M	 4.10  
 678 D	 40.65  
 679 K	 45.07  
 680 L	 7.07  
 681 E	 46.39  
 682 M	 9.05  
 683 E	 33.18  
 684 D	 45.06  
 685 A	 6.74  
 686 V	 6.34  
 687 T	 25.60  
 688 F	 5.46  
 689 L	 5.13  
 690 K	 43.51  
 691 T	 25.48  
 692 K	 37.75  
 693 I	 3.62  
 694 Y	 14.28  
 695 S	 19.56  
 696 V	 2.54  
 697 E	 38.25  
 698 A	 18.27  
 699 L	 1.91  
 700 P	 22.28  
 701 V	 5.78  
 702 A	 12.07  
 703 A	 8.14  
 704 V	 5.34  
 705 N	 22.76  
 706 V	 3.70  
 707 Q	 35.24  
 708 S	 25.21  
 709 T	 22.62  
 710 Q	 57.47  
