 1 M	 8.22  
 2 S	 51.01  
 3 G	 26.86  
 4 T	 16.43  
 5 Q	 41.94  
 6 S	 22.93  
 7 T	 20.34  
 8 I	 4.58  
 9 T	 22.62  
 10 D	 46.50  
 11 R	 26.82  
 12 F	 10.40  
 13 P	 44.13  
 14 L	 11.64  
 15 K	 57.66  
 16 K	 54.05  
 17 P	 27.53  
 18 I	 7.53  
 19 R	 36.32  
 20 H	 34.76  
 21 G	 13.41  
 22 S	 20.13  
 23 I	 4.71  
 24 L	 5.46  
 25 N	 43.96  
 26 R	 42.18  
 27 E	 61.06  
 28 S	 29.84  
 29 P	 39.60  
 30 T	 70.50  
 31 D	 60.58  
 32 K	 60.63  
 33 K	 59.15  
 34 Q	 61.85  
 35 K	 55.75  
 36 V	 5.75  
 37 E	 45.46  
 38 R	 32.53  
 39 I	 2.67  
 40 A	 13.66  
 41 S	 22.63  
 42 H	 30.63  
 43 D	 47.34  
 44 F	 11.52  
 45 D	 51.77  
 46 P	 37.79  
 47 T	 50.81  
 48 D	 52.49  
 49 S	 38.70  
 50 S	 49.32  
 51 S	 41.97  
 52 K	 67.42  
 53 K	 64.23  
 54 T	 39.64  
 55 K	 58.16  
 56 S	 44.31  
 57 S	 43.24  
 58 S	 53.10  
 59 E	 63.04  
 60 E	 54.09  
 61 S	 36.73  
 62 R	 41.40  
 63 S	 37.31  
 64 E	 38.84  
 65 I	 3.31  
 66 Y	 10.60  
 67 G	 25.65  
 68 L	 1.34  
 69 V	 2.68  
 70 Q	 37.79  
 71 R	 14.80  
 72 C	 1.12  
 73 V	 4.74  
 74 I	 2.94  
 75 I	 1.76  
 76 Q	 31.81  
 77 K	 57.55  
 78 D	 37.93  
 79 D	 65.27  
 80 N	 58.80  
 81 G	 25.62  
 82 F	 10.19  
 83 G	 23.10  
 84 L	 3.90  
 85 T	 17.01  
 86 V	 7.87  
 87 S	 34.88  
 88 G	 34.09  
 89 D	 49.07  
 90 N	 37.85  
 91 P	 26.18  
 92 V	 10.34  
 93 F	 4.34  
 94 V	 4.17  
 95 Q	 30.92  
 96 S	 29.83  
 97 V	 4.38  
 98 K	 56.16  
 99 E	 60.57  
 100 D	 46.44  
 101 G	 19.14  
 102 A	 15.48  
 103 A	 8.10  
 104 M	 2.75  
 105 R	 24.38  
 106 A	 14.93  
 107 G	 11.16  
 108 V	 4.49  
 109 Q	 38.56  
 110 T	 38.35  
 111 G	 12.71  
 112 D	 41.83  
 113 R	 33.60  
 114 I	 4.20  
 115 I	 4.19  
 116 K	 27.55  
 117 V	 5.86  
 118 N	 32.50  
 119 G	 24.34  
 120 T	 16.92  
 121 L	 4.42  
 122 V	 4.55  
 123 T	 23.77  
 124 H	 21.08  
 125 S	 19.31  
 126 N	 35.84  
 127 H	 26.78  
 128 L	 6.63  
 129 E	 37.40  
 130 V	 6.07  
 131 V	 2.81  
 132 K	 50.06  
 133 L	 3.94  
 134 I	 2.50  
 135 K	 60.23  
 136 S	 26.44  
 137 G	 20.28  
 138 S	 24.43  
 139 Y	 8.02  
 140 V	 3.64  
 141 A	 6.84  
 142 L	 3.25  
 143 T	 10.88  
 144 V	 6.21  
 145 Q	 36.62  
 146 G	 39.46  
 147 R	 19.69  
 148 P	 44.41  
 149 P	 55.31  
 150 G	 55.42  
 151 S	 21.29  
 152 P	 41.87  
 153 Q	 52.18  
 154 I	 3.24  
 155 P	 19.09  
 156 L	 9.87  
 157 A	 16.96  
 158 D	 53.68  
 159 S	 37.62  
 160 E	 51.99  
 161 V	 17.74  
 162 E	 28.01  
 163 P	 38.79  
 164 S	 16.92  
 165 V	 9.95  
 166 I	 3.53  
 167 G	 14.32  
 168 H	 11.48  
 169 M	 4.26  
 170 S	 12.95  
 171 P	 16.88  
 172 I	 3.54  
 173 M	 3.26  
 174 T	 39.56  
 175 S	 11.84  
 176 P	 23.86  
 177 H	 46.52  
 178 S	 28.54  
 179 P	 39.06  
 180 G	 35.08  
 181 A	 20.04  
 182 S	 36.29  
 183 G	 36.65  
 184 N	 27.01  
 185 M	 4.12  
 186 E	 44.95  
 187 R	 27.07  
 188 I	 2.59  
 189 T	 32.95  
 190 S	 15.61  
 191 P	 18.01  
 192 V	 6.03  
 193 L	 4.08  
 194 M	 6.90  
 195 G	 34.60  
 196 E	 43.52  
 197 E	 48.66  
 198 N	 42.15  
 199 N	 40.23  
 200 V	 7.55  
 201 V	 3.69  
 202 H	 27.07  
 203 N	 31.58  
 204 Q	 35.97  
 205 K	 47.34  
 206 V	 3.89  
 207 E	 43.26  
 208 I	 5.16  
 209 L	 2.45  
 210 R	 28.18  
 211 K	 40.28  
 212 M	 3.76  
 213 L	 8.04  
 214 Q	 43.68  
 215 K	 58.36  
 216 E	 44.72  
 217 Q	 48.41  
 218 E	 57.35  
 219 R	 27.68  
 220 L	 4.07  
 221 Q	 46.47  
 222 L	 6.71  
 223 L	 3.19  
 224 Q	 50.54  
 225 E	 63.53  
 226 D	 32.80  
 227 Y	 13.04  
 228 N	 54.38  
 229 R	 35.54  
 230 T	 21.24  
 231 P	 24.13  
 232 A	 13.40  
 233 Q	 37.44  
 234 R	 44.06  
 235 L	 5.50  
 236 L	 5.22  
 237 K	 58.31  
 238 E	 50.29  
 239 I	 4.25  
 240 Q	 45.76  
 241 E	 69.03  
 242 A	 15.15  
 243 K	 44.10  
 244 K	 54.54  
 245 H	 35.93  
 246 I	 2.98  
 247 P	 28.66  
 248 Q	 55.99  
 249 L	 5.19  
 250 Q	 31.01  
 251 E	 63.18  
 252 Q	 37.77  
 253 L	 5.81  
 254 S	 21.68  
 255 K	 59.57  
 256 A	 17.51  
 257 T	 35.09  
 258 G	 26.33  
 259 S	 20.57  
 260 A	 16.90  
 261 Q	 51.90  
 262 D	 46.89  
 263 G	 14.27  
 264 A	 10.82  
 265 V	 6.35  
 266 V	 6.89  
 267 T	 14.67  
 268 P	 19.41  
 269 S	 36.85  
 270 R	 31.50  
 271 P	 45.06  
 272 L	 10.61  
 273 G	 28.65  
 274 D	 46.34  
 275 T	 23.64  
 276 L	 5.46  
 277 T	 24.87  
 278 V	 5.68  
 279 S	 26.34  
 280 E	 46.30  
 281 A	 19.92  
 282 E	 50.09  
 283 T	 55.32  
 284 D	 36.37  
 285 P	 48.59  
 286 G	 40.23  
 287 D	 37.54  
 288 V	 8.28  
 289 L	 4.58  
 290 G	 30.23  
 291 R	 24.19  
 292 T	 39.29  
 293 D	 29.01  
 294 C	 3.27  
 295 S	 39.92  
 296 S	 47.20  
 297 G	 20.43  
 298 D	 43.23  
 299 A	 15.80  
 300 S	 49.84  
 301 R	 36.52  
 302 P	 35.37  
 303 S	 49.57  
 304 S	 37.25  
 305 D	 59.69  
 306 N	 47.82  
 307 A	 24.53  
 308 D	 72.26  
 309 S	 31.64  
 310 P	 35.07  
 311 K	 72.50  
 312 S	 64.81  
 313 G	 43.34  
 314 P	 42.28  
 315 K	 64.25  
 316 E	 47.66  
 317 R	 29.04  
 318 I	 4.89  
 319 Y	 17.81  
 320 L	 6.56  
 321 E	 38.46  
 322 E	 75.41  
 323 N	 40.43  
 324 P	 54.39  
 325 E	 79.42  
 326 K	 55.65  
 327 S	 38.01  
 328 E	 62.08  
 329 T	 30.91  
 330 I	 2.83  
 331 Q	 55.78  
 332 D	 42.57  
 333 T	 25.27  
 334 D	 51.54  
 335 T	 23.34  
 336 Q	 37.26  
 337 S	 27.41  
 338 L	 3.48  
 339 V	 9.63  
 340 G	 38.85  
 341 S	 14.27  
 342 P	 33.52  
 343 S	 31.83  
 344 T	 29.49  
 345 R	 27.66  
 346 I	 7.67  
 347 A	 6.07  
 348 P	 19.48  
 349 H	 18.44  
 350 I	 2.79  
 351 I	 3.78  
 352 G	 23.47  
 353 A	 13.46  
 354 E	 57.68  
 355 D	 61.31  
 356 D	 44.64  
 357 D	 57.08  
 358 F	 19.64  
 359 G	 36.87  
 360 T	 33.88  
 361 E	 45.89  
 362 H	 31.90  
 363 E	 47.10  
 364 Q	 36.03  
 365 I	 5.95  
 366 N	 33.89  
 367 G	 31.34  
 368 Q	 16.09  
 369 C	 3.97  
 370 S	 15.30  
 371 C	 4.78  
 372 F	 3.52  
 373 Q	 48.07  
 374 S	 9.59  
 375 I	 2.77  
 376 E	 53.98  
 377 L	 7.51  
 378 L	 2.84  
 379 K	 57.98  
 380 S	 43.39  
 381 R	 30.73  
 382 P	 30.99  
 383 A	 14.82  
 384 H	 19.60  
 385 L	 4.77  
 386 A	 4.71  
 387 V	 7.07  
 388 F	 4.46  
 389 L	 1.88  
 390 H	 10.55  
 391 H	 24.66  
 392 V	 2.85  
 393 V	 3.02  
 394 S	 24.84  
 395 Q	 34.84  
 396 F	 10.67  
 397 D	 25.04  
 398 P	 28.56  
 399 A	 16.84  
 400 T	 26.17  
 401 L	 3.18  
 402 L	 1.24  
 403 C	 2.18  
 404 Y	 14.51  
 405 L	 3.01  
 406 Y	 3.60  
 407 S	 20.67  
 408 D	 40.22  
 409 L	 5.15  
 410 Y	 13.00  
 411 K	 51.77  
 412 H	 19.41  
 413 T	 36.72  
 414 N	 51.29  
 415 S	 32.78  
 416 K	 66.24  
 417 E	 47.57  
 418 T	 29.05  
 419 R	 30.68  
 420 R	 31.28  
 421 I	 4.10  
 422 F	 5.19  
 423 L	 6.81  
 424 E	 30.27  
 425 F	 6.28  
 426 H	 17.73  
 427 Q	 35.79  
 428 F	 5.01  
 429 F	 5.81  
 430 L	 5.89  
 431 D	 37.01  
 432 R	 37.58  
 433 S	 21.51  
 434 A	 16.96  
 435 H	 27.68  
 436 L	 6.15  
 437 K	 23.69  
 438 V	 9.80  
 439 S	 26.75  
 440 V	 8.52  
 441 P	 25.08  
 442 D	 63.17  
 443 E	 29.03  
 444 M	 5.36  
 445 S	 19.31  
 446 A	 24.89  
 447 D	 48.32  
 448 L	 9.27  
 449 E	 45.09  
 450 K	 62.09  
 451 R	 50.43  
 452 R	 39.86  
 453 P	 44.79  
 454 E	 58.48  
 455 L	 9.79  
 456 I	 3.15  
 457 P	 41.49  
 458 E	 67.23  
 459 D	 42.28  
 460 L	 3.49  
 461 H	 27.13  
 462 R	 31.44  
 463 H	 17.19  
 464 Y	 8.48  
 465 I	 1.94  
 466 Q	 24.61  
 467 T	 15.97  
 468 M	 1.92  
 469 Q	 38.44  
 470 E	 45.94  
 471 R	 18.36  
 472 V	 9.69  
 473 H	 21.01  
 474 P	 40.37  
 475 E	 36.08  
 476 V	 7.74  
 477 Q	 25.97  
 478 R	 41.35  
 479 H	 19.24  
 480 L	 8.02  
 481 E	 49.32  
 482 D	 50.84  
 483 F	 6.95  
 484 R	 54.13  
 485 Q	 45.57  
 486 K	 42.03  
 487 R	 24.44  
 488 S	 25.00  
 489 M	 6.23  
 490 G	 19.43  
 491 L	 2.38  
 492 T	 20.42  
 493 L	 6.31  
 494 A	 17.03  
 495 E	 48.10  
 496 S	 32.09  
 497 E	 52.55  
 498 L	 7.72  
 499 T	 26.05  
 500 K	 57.92  
 501 L	 6.76  
 502 D	 48.19  
 503 A	 24.94  
 504 E	 62.17  
 505 R	 58.98  
 506 D	 49.03  
 507 K	 51.47  
 508 D	 55.93  
 509 R	 35.00  
 510 L	 10.32  
 511 T	 33.49  
 512 L	 11.94  
 513 E	 47.86  
 514 K	 56.46  
 515 E	 43.79  
 516 R	 46.29  
 517 T	 19.70  
 518 C	 5.00  
 519 A	 15.89  
 520 E	 42.88  
 521 Q	 19.55  
 522 I	 2.15  
 523 V	 4.42  
 524 A	 14.56  
 525 K	 39.49  
 526 I	 3.83  
 527 E	 41.15  
 528 E	 44.41  
 529 V	 2.62  
 530 L	 2.60  
 531 M	 3.35  
 532 T	 16.08  
 533 A	 4.95  
 534 Q	 36.45  
 535 A	 14.28  
 536 V	 5.71  
 537 E	 64.59  
 538 E	 65.23  
 539 D	 42.50  
 540 K	 49.97  
 541 S	 43.28  
 542 S	 33.37  
 543 T	 18.51  
 544 M	 2.67  
 545 Q	 29.45  
 546 Y	 4.42  
 547 V	 1.20  
 548 I	 1.23  
 549 L	 1.11  
 550 M	 1.79  
 551 Y	 10.28  
 552 M	 1.06  
 553 K	 20.42  
 554 H	 15.99  
 555 L	 7.61  
 556 G	 19.54  
 557 V	 8.96  
 558 K	 45.88  
 559 V	 8.68  
 560 K	 57.17  
 561 E	 53.10  
 562 P	 25.41  
 563 R	 62.55  
 564 N	 61.57  
 565 L	 8.44  
 566 E	 51.41  
 567 H	 28.42  
 568 K	 47.36  
 569 R	 41.34  
 570 G	 30.29  
 571 R	 29.86  
 572 I	 5.22  
 573 G	 19.37  
 574 F	 11.12  
 575 L	 3.39  
 576 P	 33.78  
 577 K	 65.76  
 578 I	 4.66  
 579 K	 42.31  
 580 Q	 52.83  
 581 S	 27.80  
 582 M	 6.07  
 583 K	 64.17  
 584 K	 66.45  
 585 D	 49.04  
 586 K	 76.21  
 587 E	 80.24  
 588 G	 54.85  
 589 E	 58.59  
 590 E	 77.34  
 591 K	 66.48  
 592 G	 31.79  
 593 K	 50.41  
 594 R	 53.26  
 595 R	 55.37  
 596 G	 42.73  
 597 F	 3.99  
 598 P	 24.23  
 599 S	 28.34  
 600 I	 5.40  
 601 L	 11.20  
 602 G	 28.61  
 603 P	 18.77  
 604 P	 43.01  
 605 R	 67.29  
 606 R	 39.04  
 607 P	 36.67  
 608 S	 40.20  
 609 R	 43.81  
 610 H	 42.83  
 611 D	 50.06  
 612 N	 27.50  
 613 S	 27.59  
 614 A	 17.95  
 615 I	 3.73  
 616 G	 15.83  
 617 R	 25.34  
 618 A	 7.21  
 619 M	 5.21  
 620 E	 47.25  
 621 L	 3.98  
 622 Q	 24.85  
 623 K	 61.07  
 624 A	 11.31  
 625 R	 54.39  
 626 H	 40.39  
 627 P	 21.87  
 628 K	 51.56  
 629 H	 29.48  
 630 L	 8.34  
 631 S	 37.68  
 632 T	 33.28  
 633 P	 22.64  
 634 S	 43.38  
 635 S	 28.02  
 636 V	 15.07  
 637 S	 26.03  
 638 P	 55.95  
 639 E	 48.35  
 640 P	 46.81  
 641 Q	 56.48  
 642 D	 62.37  
 643 S	 23.27  
 644 A	 24.16  
 645 K	 48.42  
 646 L	 6.35  
 647 R	 28.10  
 648 Q	 52.89  
 649 S	 29.37  
 650 G	 22.07  
 651 L	 5.83  
 652 A	 18.63  
 653 N	 53.96  
 654 E	 58.84  
 655 G	 28.80  
 656 T	 19.25  
 657 D	 49.18  
 658 A	 14.36  
 659 G	 27.59  
 660 Y	 15.95  
 661 L	 2.94  
 662 P	 22.40  
 663 A	 20.38  
 664 N	 35.98  
 665 S	 23.34  
 666 M	 3.29  
 667 S	 22.83  
 668 S	 17.04  
 669 V	 3.74  
 670 A	 12.28  
 671 S	 32.51  
 672 G	 18.59  
 673 A	 12.61  
 674 S	 29.02  
 675 F	 9.66  
 676 S	 25.48  
 677 Q	 51.87  
 678 E	 69.58  
 679 G	 44.85  
 680 G	 33.09  
 681 K	 65.29  
 682 E	 64.71  
 683 N	 56.48  
 684 D	 54.24  
 685 T	 55.74  
 686 G	 35.39  
 687 S	 23.23  
 688 K	 50.80  
 689 Q	 50.58  
 690 V	 9.57  
 691 G	 29.94  
 692 E	 40.51  
 693 T	 25.02  
 694 S	 28.32  
 695 A	 21.37  
 696 P	 40.74  
 697 G	 40.01  
 698 D	 42.93  
 699 T	 32.44  
 700 L	 7.32  
 701 D	 62.10  
 702 G	 40.51  
 703 T	 14.84  
 704 P	 32.56  
 705 R	 52.24  
 706 T	 26.09  
 707 L	 5.51  
 708 N	 33.32  
 709 T	 26.18  
 710 V	 4.16  
 711 F	 8.25  
 712 D	 51.29  
 713 F	 7.13  
 714 P	 42.19  
 715 P	 43.04  
 716 P	 42.18  
 717 P	 55.10  
 718 L	 9.92  
 719 D	 52.99  
 720 Q	 46.61  
 721 V	 8.47  
 722 Q	 46.91  
 723 E	 57.83  
 724 E	 51.35  
 725 E	 34.91  
 726 C	 8.86  
 727 E	 51.17  
 728 V	 9.59  
 729 E	 21.09  
 730 R	 45.92  
 731 V	 4.69  
 732 T	 28.61  
 733 E	 37.15  
 734 H	 35.74  
 735 G	 37.16  
 736 T	 30.01  
 737 P	 47.09  
 738 K	 57.54  
 739 P	 35.16  
 740 F	 19.39  
 741 R	 47.46  
 742 K	 54.63  
 743 F	 8.04  
 744 D	 45.28  
 745 S	 20.62  
 746 V	 5.72  
 747 A	 15.64  
 748 F	 11.91  
 749 G	 24.73  
 750 E	 38.87  
 751 S	 39.11  
 752 Q	 46.68  
 753 S	 57.18  
 754 E	 58.91  
 755 D	 61.31  
 756 E	 53.79  
 757 Q	 64.37  
 758 F	 9.97  
 759 E	 49.91  
 760 N	 61.53  
 761 D	 38.39  
 762 L	 13.23  
 763 E	 54.77  
 764 T	 62.19  
 765 D	 47.48  
 766 P	 31.38  
 767 P	 58.46  
 768 N	 55.35  
 769 W	 7.96  
 770 Q	 33.11  
 771 Q	 35.13  
 772 L	 1.95  
 773 V	 4.39  
 774 S	 31.17  
 775 R	 30.48  
 776 E	 29.97  
 777 V	 5.34  
 778 L	 2.41  
 779 L	 10.23  
 780 G	 27.74  
 781 L	 5.89  
 782 K	 45.91  
 783 P	 26.47  
 784 C	 8.91  
 785 E	 61.13  
 786 I	 5.93  
 787 K	 26.24  
 788 R	 43.48  
 789 Q	 44.28  
 790 E	 49.77  
 791 V	 4.27  
 792 I	 3.05  
 793 N	 45.13  
 794 E	 29.18  
 795 L	 3.25  
 796 F	 6.06  
 797 Y	 21.95  
 798 T	 16.20  
 799 E	 36.17  
 800 R	 23.38  
 801 A	 10.17  
 802 H	 18.80  
 803 V	 4.96  
 804 R	 25.19  
 805 T	 29.82  
 806 L	 2.24  
 807 K	 39.89  
 808 V	 8.84  
 809 L	 3.49  
 810 D	 45.65  
 811 Q	 24.06  
 812 V	 4.88  
 813 F	 3.41  
 814 Y	 9.14  
 815 Q	 28.03  
 816 R	 19.59  
 817 V	 3.59  
 818 S	 27.14  
 819 R	 43.22  
 820 E	 42.98  
 821 G	 25.65  
 822 I	 2.70  
 823 L	 10.15  
 824 S	 25.18  
 825 P	 28.51  
 826 S	 45.98  
 827 E	 56.85  
 828 L	 8.73  
 829 R	 26.44  
 830 K	 61.81  
 831 I	 3.56  
 832 F	 4.43  
 833 S	 43.93  
 834 N	 36.38  
 835 L	 6.40  
 836 E	 47.45  
 837 D	 50.49  
 838 I	 1.61  
 839 L	 7.39  
 840 Q	 31.18  
 841 L	 2.59  
 842 H	 10.10  
 843 I	 10.24  
 844 G	 16.23  
 845 L	 6.70  
 846 N	 32.04  
 847 E	 58.03  
 848 Q	 37.29  
 849 M	 2.16  
 850 K	 43.34  
 851 A	 10.87  
 852 V	 6.55  
 853 R	 36.76  
 854 K	 53.64  
 855 R	 35.34  
 856 N	 60.99  
 857 E	 46.63  
 858 T	 31.66  
 859 S	 15.76  
 860 V	 7.94  
 861 I	 3.02  
 862 D	 31.71  
 863 Q	 34.17  
 864 I	 6.06  
 865 G	 19.41  
 866 E	 47.30  
 867 D	 41.59  
 868 L	 3.90  
 869 L	 6.52  
 870 T	 31.59  
 871 W	 5.84  
 872 F	 5.22  
 873 S	 35.32  
 874 G	 25.43  
 875 P	 45.91  
 876 G	 60.25  
 877 E	 55.91  
 878 E	 70.38  
 879 K	 59.54  
 880 L	 5.78  
 881 K	 42.12  
 882 H	 30.91  
 883 A	 9.37  
 884 A	 13.52  
 885 A	 11.29  
 886 T	 22.05  
 887 F	 3.54  
 888 C	 3.03  
 889 S	 34.02  
 890 N	 55.51  
 891 Q	 20.42  
 892 P	 22.26  
 893 F	 9.74  
 894 A	 14.86  
 895 L	 4.73  
 896 E	 35.12  
 897 M	 4.93  
 898 I	 2.40  
 899 K	 37.97  
 900 S	 29.08  
 901 R	 47.54  
 902 Q	 65.33  
 903 K	 58.39  
 904 K	 53.23  
 905 D	 52.67  
 906 S	 43.82  
 907 R	 37.51  
 908 F	 10.45  
 909 Q	 32.68  
 910 T	 24.06  
 911 F	 3.02  
 912 V	 5.97  
 913 Q	 39.75  
 914 D	 47.18  
 915 A	 12.67  
 916 E	 60.38  
 917 S	 45.53  
 918 N	 25.68  
 919 P	 41.96  
 920 L	 4.08  
 921 C	 2.22  
 922 R	 50.45  
 923 R	 26.28  
 924 L	 3.46  
 925 Q	 44.66  
 926 L	 6.78  
 927 K	 33.64  
 928 D	 53.28  
 929 I	 3.77  
 930 I	 4.30  
 931 P	 19.53  
 932 T	 26.68  
 933 Q	 22.21  
 934 M	 2.49  
 935 Q	 27.67  
 936 R	 38.69  
 937 L	 2.45  
 938 T	 30.62  
 939 K	 49.84  
 940 Y	 8.22  
 941 P	 20.35  
 942 L	 7.23  
 943 L	 4.95  
 944 L	 6.62  
 945 D	 44.45  
 946 N	 35.77  
 947 I	 3.32  
 948 A	 12.69  
 949 K	 49.24  
 950 Y	 10.81  
 951 T	 30.76  
 952 E	 48.66  
 953 W	 9.41  
 954 P	 20.39  
 955 T	 49.07  
 956 E	 55.55  
 957 R	 52.06  
 958 E	 56.84  
 959 K	 66.62  
 960 V	 7.05  
 961 K	 48.00  
 962 K	 52.36  
 963 A	 16.65  
 964 A	 18.89  
 965 D	 46.40  
 966 H	 12.16  
 967 C	 3.35  
 968 R	 24.13  
 969 Q	 50.33  
 970 I	 1.07  
 971 L	 2.61  
 972 N	 40.09  
 973 Y	 9.42  
 974 V	 4.10  
 975 N	 17.46  
 976 Q	 37.17  
 977 A	 14.78  
 978 V	 4.08  
 979 K	 54.98  
 980 E	 55.40  
 981 A	 21.68  
 982 E	 67.08  
 983 N	 53.46  
 984 K	 28.44  
 985 Q	 67.77  
 986 R	 41.47  
 987 L	 5.64  
 988 E	 57.78  
 989 D	 49.83  
 990 Y	 8.44  
 991 Q	 36.02  
 992 R	 34.59  
 993 R	 22.76  
 994 L	 10.30  
 995 D	 42.61  
 996 T	 25.47  
 997 S	 33.08  
 998 S	 31.45  
 999 L	 6.92  
 1000 K	 52.49  
 1001 L	 5.96  
 1002 S	 33.23  
 1003 E	 75.37  
 1004 Y	 9.20  
 1005 P	 34.05  
 1006 N	 53.59  
 1007 V	 5.37  
 1008 E	 58.93  
 1009 E	 49.07  
 1010 L	 2.52  
 1011 R	 44.97  
 1012 N	 51.00  
 1013 L	 4.64  
 1014 D	 56.70  
 1015 L	 7.38  
 1016 T	 28.59  
 1017 K	 58.27  
 1018 R	 28.65  
 1019 K	 43.70  
 1020 M	 4.37  
 1021 I	 2.76  
 1022 H	 30.38  
 1023 E	 52.13  
 1024 G	 13.48  
 1025 P	 22.28  
 1026 L	 12.03  
 1027 V	 5.38  
 1028 W	 13.43  
 1029 K	 23.35  
 1030 V	 4.10  
 1031 N	 42.58  
 1032 R	 50.19  
 1033 D	 47.44  
 1034 K	 44.11  
 1035 T	 24.82  
 1036 I	 4.18  
 1037 D	 38.56  
 1038 L	 2.88  
 1039 Y	 7.50  
 1040 T	 20.44  
 1041 L	 3.04  
 1042 L	 3.67  
 1043 L	 6.63  
 1044 E	 42.87  
 1045 D	 39.22  
 1046 I	 1.77  
 1047 L	 3.25  
 1048 V	 5.25  
 1049 L	 3.62  
 1050 L	 4.69  
 1051 Q	 36.88  
 1052 K	 56.52  
 1053 Q	 44.89  
 1054 D	 50.46  
 1055 D	 43.23  
 1056 R	 34.68  
 1057 L	 5.68  
 1058 V	 3.10  
 1059 L	 5.98  
 1060 R	 14.50  
 1061 C	 3.57  
 1062 H	 26.20  
 1063 S	 25.64  
 1064 K	 20.34  
 1065 I	 4.33  
 1066 L	 3.37  
 1067 A	 14.33  
 1068 S	 22.23  
 1069 T	 28.95  
 1070 A	 19.31  
 1071 D	 59.30  
 1072 S	 24.71  
 1073 K	 47.41  
 1074 H	 35.78  
 1075 T	 29.55  
 1076 F	 8.53  
 1077 S	 21.29  
 1078 P	 27.88  
 1079 V	 6.13  
 1080 I	 4.16  
 1081 K	 36.30  
 1082 L	 3.40  
 1083 S	 16.09  
 1084 T	 28.44  
 1085 V	 4.12  
 1086 L	 2.38  
 1087 V	 3.32  
 1088 R	 22.54  
 1089 Q	 23.01  
 1090 V	 4.31  
 1091 A	 10.82  
 1092 T	 41.05  
 1093 D	 44.91  
 1094 N	 27.43  
 1095 K	 49.64  
 1096 A	 16.70  
 1097 L	 3.63  
 1098 F	 5.68  
 1099 V	 3.09  
 1100 I	 1.93  
 1101 S	 13.61  
 1102 M	 3.92  
 1103 S	 22.57  
 1104 D	 49.27  
 1105 N	 40.15  
 1106 G	 24.69  
 1107 A	 10.00  
 1108 Q	 39.95  
 1109 I	 2.60  
 1110 Y	 7.36  
 1111 E	 38.10  
 1112 L	 1.86  
 1113 V	 2.18  
 1114 A	 16.38  
 1115 Q	 34.65  
 1116 T	 19.09  
 1117 V	 4.65  
 1118 S	 36.44  
 1119 E	 48.70  
 1120 K	 40.65  
 1121 T	 23.95  
 1122 V	 6.82  
 1123 W	 7.39  
 1124 Q	 31.15  
 1125 D	 23.45  
 1126 L	 2.08  
 1127 I	 1.56  
 1128 C	 2.94  
 1129 R	 15.69  
 1130 M	 2.95  
 1131 A	 4.17  
 1132 A	 12.91  
 1133 S	 24.96  
 1134 V	 7.30  
 1135 K	 47.76  
 1136 E	 47.83  
 1137 Q	 51.16  
 1138 S	 39.22  
 1139 T	 40.30  
 1140 K	 46.31  
 1141 P	 33.25  
 1142 I	 6.12  
 1143 P	 46.65  
 1144 L	 6.62  
 1145 P	 22.26  
 1146 Q	 68.56  
 1147 S	 34.33  
 1148 T	 30.02  
 1149 P	 44.05  
 1150 G	 52.16  
 1151 E	 65.66  
 1152 G	 44.96  
 1153 D	 55.92  
 1154 N	 70.24  
 1155 D	 66.46  
 1156 E	 71.23  
 1157 E	 77.43  
 1158 D	 51.21  
 1159 P	 36.32  
 1160 S	 64.04  
 1161 K	 69.81  
 1162 L	 11.22  
 1163 K	 64.04  
 1164 E	 73.63  
 1165 E	 46.41  
 1166 Q	 40.99  
 1167 H	 38.54  
 1168 G	 17.35  
 1169 I	 2.55  
 1170 S	 20.44  
 1171 V	 4.68  
 1172 T	 25.94  
 1173 G	 21.40  
 1174 L	 3.13  
 1175 Q	 55.02  
 1176 S	 33.54  
 1177 P	 27.91  
 1178 D	 63.07  
 1179 R	 44.42  
 1180 D	 53.09  
 1181 L	 9.81  
 1182 G	 31.52  
 1183 L	 6.46  
 1184 E	 39.62  
 1185 S	 33.29  
 1186 T	 20.80  
 1187 L	 5.07  
 1188 I	 4.41  
 1189 S	 35.11  
 1190 S	 41.16  
 1191 K	 40.04  
 1192 P	 42.74  
 1193 Q	 58.47  
 1194 S	 24.46  
 1195 H	 27.75  
 1196 S	 29.30  
 1197 L	 5.61  
 1198 S	 24.44  
 1199 T	 46.95  
 1200 S	 40.63  
 1201 G	 37.28  
 1202 K	 43.12  
 1203 S	 44.86  
 1204 E	 45.09  
 1205 V	 8.13  
 1206 R	 30.75  
 1207 D	 50.03  
 1208 L	 2.32  
 1209 F	 5.99  
 1210 V	 7.61  
 1211 A	 10.02  
 1212 E	 41.53  
 1213 R	 27.46  
 1214 Q	 33.87  
 1215 F	 15.25  
 1216 A	 13.21  
 1217 K	 60.23  
 1218 E	 44.13  
 1219 Q	 44.04  
 1220 H	 27.32  
 1221 T	 35.50  
 1222 D	 46.05  
 1223 G	 33.82  
 1224 T	 37.15  
 1225 L	 5.64  
 1226 K	 50.63  
 1227 E	 59.89  
 1228 V	 11.00  
 1229 G	 24.13  
 1230 E	 59.74  
 1231 D	 34.41  
 1232 Y	 9.49  
 1233 Q	 30.84  
 1234 I	 2.82  
 1235 A	 7.55  
 1236 I	 4.10  
 1237 P	 28.20  
 1238 D	 42.44  
 1239 S	 22.90  
 1240 H	 41.34  
 1241 L	 5.33  
 1242 P	 23.36  
 1243 V	 16.50  
 1244 S	 31.62  
 1245 E	 52.38  
 1246 E	 46.12  
 1247 R	 21.66  
 1248 W	 12.40  
 1249 A	 11.20  
 1250 L	 2.92  
 1251 D	 35.49  
 1252 A	 14.85  
 1253 L	 3.58  
 1254 R	 37.74  
 1255 N	 39.03  
 1256 L	 4.06  
 1257 G	 32.29  
 1258 L	 6.43  
 1259 L	 2.93  
 1260 K	 43.90  
 1261 Q	 39.74  
 1262 L	 4.90  
 1263 L	 2.79  
 1264 V	 4.66  
 1265 Q	 32.52  
 1266 Q	 29.98  
 1267 L	 3.20  
 1268 G	 26.64  
 1269 L	 8.32  
 1270 T	 39.30  
 1271 E	 48.66  
 1272 K	 51.17  
 1273 S	 23.85  
 1274 V	 12.22  
 1275 Q	 50.45  
 1276 E	 60.09  
 1277 D	 32.99  
 1278 W	 7.87  
 1279 Q	 40.44  
 1280 H	 30.35  
 1281 F	 1.89  
 1282 P	 30.21  
 1283 R	 32.40  
 1284 Y	 16.74  
 1285 R	 25.70  
 1286 T	 23.02  
 1287 A	 7.28  
 1288 S	 34.75  
 1289 Q	 66.19  
 1290 G	 17.49  
 1291 P	 26.68  
 1292 Q	 65.84  
 1293 T	 33.12  
 1294 D	 35.34  
 1295 S	 25.22  
 1296 V	 6.09  
 1297 I	 3.57  
 1298 Q	 45.28  
 1299 N	 39.92  
 1300 S	 18.69  
 1301 E	 71.21  
 1302 N	 40.66  
 1303 I	 2.07  
 1304 K	 55.25  
 1305 A	 11.95  
 1306 Y	 7.48  
 1307 H	 33.90  
 1308 S	 26.34  
 1309 G	 31.43  
 1310 E	 49.27  
 1311 G	 26.39  
 1312 H	 19.21  
 1313 M	 5.02  
 1314 P	 15.19  
 1315 F	 9.43  
 1316 R	 26.78  
 1317 T	 39.20  
 1318 G	 24.36  
 1319 T	 30.94  
 1320 G	 26.18  
 1321 D	 27.47  
 1322 I	 3.46  
 1323 A	 9.07  
 1324 T	 16.59  
 1325 C	 2.04  
 1326 Y	 19.84  
 1327 S	 15.28  
 1328 P	 19.66  
 1329 R	 35.05  
 1330 T	 43.30  
 1331 S	 31.30  
 1332 T	 34.73  
 1333 E	 43.56  
 1334 S	 27.14  
 1335 F	 9.87  
 1336 A	 13.90  
 1337 P	 38.30  
 1338 R	 45.46  
 1339 D	 46.76  
 1340 S	 21.26  
 1341 V	 9.49  
 1342 G	 21.77  
 1343 L	 6.19  
 1344 A	 8.19  
 1345 P	 43.48  
 1346 Q	 58.33  
 1347 D	 41.48  
 1348 S	 23.54  
 1349 Q	 58.04  
 1350 A	 14.43  
 1351 S	 19.43  
 1352 N	 34.33  
 1353 I	 2.58  
 1354 L	 2.82  
 1355 V	 3.62  
 1356 M	 2.34  
 1357 D	 22.26  
 1358 H	 6.92  
 1359 M	 1.63  
 1360 I	 2.20  
 1361 M	 3.88  
 1362 T	 12.74  
 1363 P	 20.64  
 1364 E	 48.94  
 1365 M	 3.35  
 1366 P	 27.25  
 1367 T	 32.62  
 1368 M	 7.15  
 1369 E	 42.55  
 1370 P	 34.41  
 1371 E	 53.22  
 1372 G	 53.32  
 1373 G	 25.03  
 1374 L	 10.99  
 1375 D	 51.83  
 1376 D	 64.68  
 1377 S	 45.83  
 1378 G	 39.12  
 1379 E	 41.28  
 1380 H	 32.00  
 1381 F	 5.29  
 1382 F	 8.50  
 1383 D	 43.71  
 1384 A	 13.17  
 1385 R	 43.40  
 1386 E	 53.07  
 1387 A	 11.26  
 1388 H	 30.91  
 1389 S	 54.38  
 1390 D	 50.23  
 1391 E	 74.24  
 1392 N	 50.84  
 1393 P	 31.54  
 1394 S	 66.83  
 1395 E	 63.66  
 1396 G	 42.88  
 1397 D	 37.51  
 1398 G	 42.13  
 1399 A	 13.37  
 1400 V	 14.91  
 1401 N	 45.55  
 1402 K	 61.73  
 1403 E	 66.14  
 1404 E	 57.05  
 1405 K	 68.98  
 1406 D	 37.50  
 1407 V	 12.30  
 1408 N	 33.46  
 1409 L	 5.30  
 1410 R	 18.80  
 1411 I	 7.53  
 1412 S	 17.98  
 1413 G	 25.16  
 1414 N	 22.96  
 1415 Y	 9.92  
 1416 L	 3.48  
 1417 I	 2.02  
 1418 L	 3.74  
 1419 D	 46.76  
 1420 G	 25.87  
 1421 Y	 19.42  
 1422 D	 42.28  
 1423 P	 22.62  
 1424 V	 10.09  
 1425 Q	 50.68  
 1426 E	 47.06  
 1427 S	 22.80  
 1428 S	 38.84  
 1429 T	 57.62  
 1430 D	 52.59  
 1431 E	 55.23  
 1432 E	 46.31  
 1433 V	 6.19  
 1434 A	 9.18  
 1435 S	 30.93  
 1436 S	 18.68  
 1437 L	 5.26  
 1438 T	 25.87  
 1439 L	 6.98  
 1440 Q	 22.08  
 1441 P	 25.97  
 1442 M	 3.28  
 1443 T	 38.35  
 1444 G	 20.03  
 1445 I	 1.13  
 1446 P	 31.43  
 1447 A	 18.78  
 1448 V	 5.11  
 1449 E	 52.61  
 1450 S	 25.29  
 1451 T	 15.36  
 1452 H	 32.50  
 1453 Q	 44.72  
 1454 Q	 35.04  
 1455 Q	 32.24  
 1456 H	 36.79  
 1457 S	 24.68  
 1458 P	 29.35  
 1459 Q	 71.16  
 1460 N	 43.05  
 1461 T	 19.94  
 1462 H	 31.29  
 1463 S	 35.38  
 1464 D	 42.83  
 1465 G	 28.02  
 1466 A	 12.22  
 1467 I	 7.03  
 1468 S	 17.27  
 1469 P	 30.90  
 1470 F	 16.57  
 1471 T	 25.87  
 1472 P	 30.62  
 1473 E	 48.86  
 1474 F	 9.49  
 1475 L	 3.03  
 1476 V	 5.75  
 1477 Q	 29.30  
 1478 Q	 35.30  
 1479 R	 19.39  
 1480 W	 8.44  
 1481 G	 19.75  
 1482 A	 4.81  
 1483 M	 4.35  
 1484 E	 33.49  
 1485 Y	 9.54  
 1486 S	 10.06  
 1487 C	 3.29  
 1488 F	 8.34  
 1489 E	 44.43  
 1490 I	 2.17  
 1491 Q	 41.93  
 1492 S	 32.20  
 1493 P	 17.56  
 1494 S	 43.21  
 1495 S	 19.39  
 1496 C	 5.98  
 1497 A	 22.80  
 1498 D	 52.08  
 1499 S	 17.13  
 1500 Q	 39.64  
 1501 S	 26.14  
 1502 Q	 31.26  
 1503 I	 2.47  
 1504 M	 2.19  
 1505 E	 42.86  
 1506 Y	 7.31  
 1507 I	 1.37  
 1508 H	 24.92  
 1509 K	 32.46  
 1510 I	 3.06  
 1511 E	 40.72  
 1512 A	 30.11  
 1513 D	 39.54  
 1514 L	 6.03  
 1515 E	 47.96  
 1516 H	 50.69  
 1517 L	 4.13  
 1518 K	 57.59  
 1519 K	 62.33  
 1520 V	 10.63  
 1521 E	 50.54  
 1522 E	 52.62  
 1523 S	 17.67  
 1524 Y	 10.90  
 1525 T	 19.42  
 1526 I	 2.48  
 1527 L	 1.25  
 1528 C	 1.63  
 1529 Q	 39.72  
 1530 R	 26.05  
 1531 L	 2.33  
 1532 A	 16.45  
 1533 G	 20.31  
 1534 S	 17.94  
 1535 A	 17.35  
 1536 L	 7.34  
 1537 T	 42.59  
 1538 D	 47.74  
 1539 K	 39.51  
 1540 H	 44.00  
 1541 S	 53.10  
 1542 D	 55.74  
 1543 K	 62.17  
 1544 S	 50.90  
