 1 M	 7.80  
 2 T	 40.72  
 3 T	 31.26  
 4 F	 5.04  
 5 K	 42.33  
 6 E	 39.21  
 7 A	 11.69  
 8 M	 4.79  
 9 T	 34.28  
 10 F	 4.01  
 11 K	 41.97  
 12 D	 29.44  
 13 V	 4.49  
 14 A	 11.24  
 15 V	 3.50  
 16 V	 3.37  
 17 F	 5.98  
 18 T	 30.77  
 19 E	 37.70  
 20 E	 56.30  
 21 E	 41.74  
 22 L	 7.10  
 23 G	 27.72  
 24 L	 5.41  
 25 L	 4.87  
 26 D	 45.03  
 27 L	 4.39  
 28 A	 13.54  
 29 Q	 50.79  
 30 R	 25.91  
 31 K	 37.48  
 32 L	 4.64  
 33 Y	 14.06  
 34 R	 40.25  
 35 D	 19.34  
 36 V	 3.31  
 37 M	 4.56  
 38 L	 4.97  
 39 E	 35.91  
 40 N	 36.90  
 41 F	 3.91  
 42 R	 44.46  
 43 N	 40.99  
 44 L	 3.08  
 45 L	 4.44  
 46 S	 29.26  
 47 V	 8.83  
 48 G	 12.10  
 49 H	 17.40  
 50 Q	 39.53  
 51 A	 9.13  
 52 F	 3.80  
 53 H	 29.71  
 54 R	 37.91  
 55 D	 45.19  
 56 T	 20.97  
 57 F	 4.49  
 58 H	 23.95  
 59 F	 6.33  
 60 L	 5.17  
 61 R	 49.43  
 62 E	 66.83  
 63 E	 43.33  
 64 K	 36.59  
 65 I	 3.01  
 66 W	 7.59  
 67 M	 1.94  
 68 M	 1.78  
 69 K	 20.78  
 70 T	 15.88  
 71 A	 7.15  
 72 I	 4.86  
 73 Q	 34.60  
 74 R	 47.91  
 75 E	 46.48  
 76 G	 35.47  
 77 N	 37.76  
 78 S	 60.26  
 79 G	 44.20  
 80 D	 44.71  
 81 K	 39.99  
 82 I	 7.93  
 83 Q	 36.83  
 84 T	 40.55  
 85 E	 20.74  
 86 M	 6.25  
 87 E	 39.56  
 88 T	 28.20  
 89 V	 2.87  
 90 S	 29.20  
 91 E	 46.94  
 92 A	 22.22  
 93 G	 21.48  
 94 T	 27.68  
 95 H	 23.73  
 96 Q	 54.41  
 97 E	 37.17  
 98 W	 9.62  
 99 S	 16.66  
 100 F	 6.94  
 101 Q	 28.47  
 102 Q	 40.53  
 103 I	 3.40  
 104 W	 9.11  
 105 E	 35.89  
 106 K	 28.68  
 107 I	 2.77  
 108 A	 14.20  
 109 S	 36.30  
 110 D	 42.93  
 111 L	 3.87  
 112 T	 33.01  
 113 R	 39.35  
 114 S	 23.86  
 115 Q	 44.78  
 116 D	 44.12  
 117 L	 3.02  
 118 V	 5.39  
 119 I	 5.56  
 120 N	 28.29  
 121 S	 17.88  
 122 S	 30.65  
 123 Q	 46.59  
 124 F	 14.06  
 125 S	 23.35  
 126 K	 67.99  
 127 E	 63.90  
 128 G	 45.67  
 129 D	 45.46  
 130 F	 10.82  
 131 P	 17.66  
 132 C	 8.69  
 133 Q	 42.48  
 134 T	 34.22  
 135 E	 18.18  
 136 A	 27.84  
 137 G	 16.56  
 138 L	 4.81  
 139 S	 20.36  
 140 V	 4.46  
 141 I	 2.17  
 142 H	 16.91  
 143 T	 24.54  
 144 R	 27.97  
 145 Q	 51.65  
 146 K	 49.11  
 147 S	 21.39  
 148 S	 49.49  
 149 Q	 57.36  
 150 G	 31.32  
 151 N	 42.88  
 152 G	 38.37  
 153 Y	 24.59  
 154 K	 35.27  
 155 P	 31.93  
 156 S	 32.98  
 157 F	 11.10  
 158 S	 41.25  
 159 D	 43.88  
 160 V	 4.67  
 161 S	 24.35  
 162 H	 26.58  
 163 F	 9.27  
 164 D	 34.39  
 165 F	 5.68  
 166 H	 19.13  
 167 Q	 47.74  
 168 Q	 32.35  
 169 L	 2.53  
 170 H	 29.44  
 171 S	 58.18  
 172 G	 35.29  
 173 E	 55.17  
 174 K	 51.57  
 175 S	 21.52  
 176 H	 41.40  
 177 T	 28.83  
 178 C	 3.29  
 179 D	 56.21  
 180 E	 47.52  
 181 C	 6.33  
 182 G	 26.37  
 183 K	 59.51  
 184 N	 19.94  
 185 F	 3.69  
 186 C	 4.05  
 187 Y	 8.18  
 188 I	 1.72  
 189 S	 8.52  
 190 A	 7.42  
 191 L	 4.16  
 192 R	 24.86  
 193 I	 3.18  
 194 H	 11.71  
 195 Q	 46.88  
 196 R	 13.22  
 197 V	 2.68  
 198 H	 22.25  
 199 M	 7.30  
 200 G	 19.14  
 201 E	 32.17  
 202 K	 36.82  
 203 C	 3.23  
 204 Y	 26.22  
 205 K	 33.17  
 206 C	 1.59  
 207 D	 34.29  
 208 V	 6.94  
 209 C	 4.04  
 210 G	 32.17  
 211 K	 50.92  
 212 E	 35.50  
 213 F	 10.30  
 214 S	 30.19  
 215 Q	 55.03  
 216 S	 20.66  
 217 S	 22.15  
 218 H	 27.49  
 219 L	 7.30  
 220 Q	 31.36  
 221 T	 26.74  
 222 H	 10.65  
 223 Q	 53.10  
 224 R	 17.99  
 225 V	 3.69  
 226 H	 30.28  
 227 T	 44.15  
 228 G	 26.50  
 229 E	 59.73  
 230 K	 58.04  
 231 P	 29.62  
 232 F	 16.54  
 233 K	 45.99  
 234 C	 2.97  
 235 V	 7.60  
 236 E	 47.20  
 237 C	 3.21  
 238 G	 21.44  
 239 K	 69.32  
 240 G	 15.85  
 241 F	 6.14  
 242 S	 35.14  
 243 R	 34.02  
 244 R	 25.69  
 245 S	 35.68  
 246 A	 11.01  
 247 L	 7.88  
 248 N	 30.69  
 249 V	 5.35  
 250 H	 15.99  
 251 H	 30.04  
 252 K	 27.38  
 253 L	 3.67  
 254 H	 36.31  
 255 T	 58.43  
 256 G	 30.13  
 257 E	 52.60  
 258 K	 54.89  
 259 P	 22.67  
 260 Y	 43.44  
 261 N	 34.94  
 262 C	 3.72  
 263 E	 53.32  
 264 E	 51.26  
 265 C	 2.94  
 266 G	 27.83  
 267 K	 52.35  
 268 A	 8.23  
 269 F	 6.09  
 270 I	 4.16  
 271 H	 23.40  
 272 D	 33.01  
 273 S	 20.73  
 274 Q	 53.90  
 275 L	 8.16  
 276 Q	 38.19  
 277 E	 51.05  
 278 H	 14.84  
 279 Q	 45.32  
 280 R	 25.27  
 281 I	 2.47  
 282 H	 29.97  
 283 T	 44.67  
 284 G	 27.11  
 285 E	 59.73  
 286 K	 58.04  
 287 P	 29.62  
 288 F	 21.32  
 289 K	 39.25  
 290 C	 4.33  
 291 D	 39.54  
 292 I	 4.71  
 293 C	 3.42  
 294 G	 29.04  
 295 K	 35.63  
 296 S	 15.85  
 297 F	 6.12  
 298 C	 5.97  
 299 G	 28.70  
 300 R	 21.56  
 301 S	 26.80  
 302 R	 34.32  
 303 L	 7.52  
 304 N	 38.21  
 305 R	 28.05  
 306 H	 21.12  
 307 S	 21.18  
 308 M	 1.77  
 309 V	 3.98  
 310 H	 15.66  
 311 T	 25.71  
 312 A	 14.13  
 313 E	 63.52  
 314 K	 47.17  
 315 P	 17.27  
 316 F	 21.05  
 317 R	 26.40  
 318 C	 5.34  
 319 D	 46.22  
 320 T	 26.65  
 321 C	 3.86  
 322 D	 52.29  
 323 K	 54.35  
 324 S	 16.65  
 325 F	 10.71  
 326 R	 37.79  
 327 Q	 41.49  
 328 R	 21.46  
 329 S	 28.86  
 330 A	 16.98  
 331 L	 7.72  
 332 N	 35.17  
 333 S	 17.20  
 334 H	 23.43  
 335 R	 26.10  
 336 M	 1.89  
 337 I	 2.37  
 338 H	 20.62  
 339 T	 35.79  
 340 G	 27.11  
 341 E	 52.60  
 342 K	 55.80  
 343 P	 29.52  
 344 Y	 39.06  
 345 K	 43.63  
 346 C	 4.37  
 347 E	 52.77  
 348 E	 59.02  
 349 C	 2.97  
 350 G	 36.08  
 351 K	 63.41  
 352 G	 11.48  
 353 F	 5.62  
 354 I	 2.14  
 355 C	 2.45  
 356 R	 30.27  
 357 R	 33.60  
 358 D	 25.36  
 359 L	 5.15  
 360 Y	 14.33  
 361 T	 16.77  
 362 H	 8.09  
 363 H	 16.50  
 364 M	 1.51  
 365 V	 2.95  
 366 H	 22.15  
 367 T	 35.31  
 368 G	 26.50  
 369 E	 52.60  
 370 K	 54.89  
 371 P	 22.67  
 372 Y	 44.23  
 373 N	 38.62  
 374 C	 3.03  
 375 K	 53.02  
 376 E	 51.18  
 377 C	 5.20  
 378 G	 29.72  
 379 K	 59.07  
 380 S	 12.82  
 381 F	 9.59  
 382 R	 34.83  
 383 W	 7.19  
 384 A	 6.01  
 385 S	 9.80  
 386 C	 3.89  
 387 L	 7.08  
 388 L	 5.66  
 389 K	 25.41  
 390 H	 22.20  
 391 Q	 47.72  
 392 R	 28.03  
 393 V	 3.20  
 394 H	 32.07  
 395 S	 45.87  
 396 G	 31.88  
 397 E	 61.65  
 398 K	 60.32  
 399 P	 29.62  
 400 F	 24.38  
 401 K	 49.62  
 402 C	 5.64  
 403 E	 57.84  
 404 E	 59.02  
 405 C	 2.97  
 406 G	 36.08  
 407 K	 58.46  
 408 G	 13.18  
 409 F	 8.50  
 410 Y	 17.43  
 411 T	 26.57  
 412 N	 20.78  
 413 S	 17.52  
 414 Q	 32.03  
 415 C	 3.65  
 416 Y	 11.10  
 417 S	 22.29  
 418 H	 10.70  
 419 Q	 42.50  
 420 R	 30.80  
 421 S	 18.55  
 422 H	 41.85  
 423 S	 50.31  
 424 G	 41.33  
 425 E	 54.60  
 426 K	 58.11  
 427 P	 29.52  
 428 Y	 28.25  
 429 K	 40.09  
 430 C	 2.28  
 431 V	 6.28  
 432 E	 47.20  
 433 C	 3.21  
 434 G	 16.96  
 435 K	 71.39  
 436 G	 20.62  
 437 Y	 12.57  
 438 K	 39.45  
 439 R	 35.59  
 440 R	 28.53  
 441 L	 9.96  
 442 D	 42.24  
 443 L	 10.04  
 444 D	 38.35  
 445 F	 7.41  
 446 H	 17.76  
 447 Q	 49.43  
 448 R	 17.39  
 449 V	 3.69  
 450 H	 30.28  
 451 T	 44.15  
 452 G	 18.37  
 453 E	 40.83  
 454 K	 58.58  
 455 L	 3.02  
 456 Y	 29.58  
 457 N	 40.60  
 458 C	 2.19  
 459 K	 53.02  
 460 E	 51.18  
 461 C	 5.20  
 462 G	 29.72  
 463 K	 61.05  
 464 S	 17.46  
 465 F	 6.98  
 466 S	 34.32  
 467 R	 40.30  
 468 A	 9.65  
 469 P	 14.26  
 470 C	 7.30  
 471 L	 7.50  
 472 L	 7.29  
 473 K	 30.39  
 474 H	 25.94  
 475 E	 56.18  
 476 R	 37.10  
 477 L	 3.25  
 478 H	 39.72  
 479 S	 53.92  
 480 G	 35.88  
 481 E	 61.65  
 482 K	 55.44  
 483 P	 21.90  
 484 F	 22.46  
 485 Q	 42.09  
 486 C	 4.94  
 487 E	 45.60  
 488 E	 57.08  
 489 C	 3.48  
 490 G	 27.70  
 491 K	 56.87  
 492 R	 25.73  
 493 F	 10.57  
 494 T	 30.76  
 495 Q	 46.87  
 496 N	 28.48  
 497 S	 20.01  
 498 H	 34.80  
 499 L	 4.44  
 500 H	 20.15  
 501 S	 27.89  
 502 H	 14.55  
 503 Q	 52.70  
 504 R	 19.43  
 505 V	 3.69  
 506 H	 30.28  
 507 T	 44.15  
 508 G	 26.50  
 509 E	 52.60  
 510 K	 55.80  
 511 P	 29.52  
 512 Y	 39.06  
 513 K	 44.43  
 514 C	 5.08  
 515 E	 47.42  
 516 K	 58.73  
 517 C	 2.96  
 518 G	 37.17  
 519 K	 68.63  
 520 G	 16.49  
 521 Y	 21.54  
 522 N	 47.60  
 523 S	 30.09  
 524 K	 34.33  
 525 F	 12.62  
 526 N	 38.58  
 527 L	 7.52  
 528 D	 33.35  
 529 M	 3.98  
 530 H	 24.79  
 531 Q	 42.71  
 532 K	 22.70  
 533 V	 3.82  
 534 H	 34.88  
 535 T	 43.66  
 536 G	 17.65  
 537 E	 52.19  
 538 R	 40.11  
 539 P	 22.01  
 540 Y	 39.14  
 541 N	 32.82  
 542 C	 3.03  
 543 K	 53.02  
 544 E	 51.18  
 545 C	 5.20  
 546 G	 29.72  
 547 K	 55.03  
 548 S	 17.80  
 549 F	 12.33  
 550 G	 26.57  
 551 W	 5.29  
 552 A	 7.25  
 553 S	 9.97  
 554 C	 3.89  
 555 L	 7.08  
 556 L	 5.66  
 557 K	 25.41  
 558 H	 20.26  
 559 Q	 48.30  
 560 R	 33.80  
 561 L	 2.79  
 562 H	 35.63  
 563 S	 53.92  
 564 G	 35.88  
 565 E	 61.65  
 566 K	 60.32  
 567 P	 29.62  
 568 F	 24.38  
 569 K	 49.62  
 570 C	 5.64  
 571 E	 57.84  
 572 E	 59.02  
 573 C	 3.48  
 574 G	 27.70  
 575 K	 56.87  
 576 R	 25.73  
 577 F	 10.57  
 578 T	 30.76  
 579 Q	 44.88  
 580 N	 28.76  
 581 S	 25.05  
 582 Q	 51.23  
 583 L	 4.49  
 584 H	 18.65  
 585 S	 29.88  
 586 H	 14.55  
 587 Q	 52.70  
 588 R	 19.43  
 589 V	 3.69  
 590 H	 30.28  
 591 T	 44.15  
 592 G	 26.50  
 593 E	 52.60  
 594 K	 55.80  
 595 P	 29.52  
 596 Y	 35.00  
 597 K	 43.68  
 598 C	 4.37  
 599 D	 50.50  
 600 E	 55.42  
 601 C	 4.33  
 602 G	 30.95  
 603 K	 69.32  
 604 G	 13.70  
 605 F	 8.45  
 606 S	 34.42  
 607 W	 8.27  
 608 S	 22.19  
 609 S	 15.99  
 610 T	 24.96  
 611 R	 39.27  
 612 L	 5.19  
 613 T	 16.81  
 614 H	 24.60  
 615 Q	 38.58  
 616 R	 30.58  
 617 R	 26.09  
 618 H	 33.14  
 619 S	 29.96  
 620 R	 45.76  
 621 E	 58.76  
 622 T	 32.58  
 623 P	 25.68  
 624 L	 15.01  
 625 K	 36.61  
 626 C	 8.84  
 627 E	 43.98  
 628 Q	 61.17  
 629 H	 27.23  
 630 G	 25.13  
 631 K	 41.18  
 632 N	 44.23  
 633 I	 3.72  
 634 V	 6.52  
 635 Q	 35.73  
 636 N	 33.84  
 637 S	 17.51  
 638 F	 12.28  
 639 S	 31.57  
 640 K	 46.02  
 641 V	 9.59  
 642 Q	 48.83  
 643 E	 61.09  
 644 K	 28.32  
 645 V	 3.91  
 646 H	 36.88  
 647 S	 34.65  
 648 V	 7.09  
 649 E	 51.86  
 650 K	 52.03  
 651 P	 21.95  
 652 Y	 39.06  
 653 K	 39.41  
 654 C	 4.38  
 655 E	 52.78  
 656 D	 56.81  
 657 C	 2.57  
 658 G	 38.45  
 659 K	 65.63  
 660 G	 15.38  
 661 Y	 14.69  
 662 N	 31.12  
 663 R	 35.66  
 664 R	 25.04  
 665 L	 7.24  
 666 N	 31.98  
 667 L	 7.97  
 668 D	 31.29  
 669 M	 3.06  
 670 H	 16.38  
 671 Q	 42.31  
 672 R	 12.96  
 673 V	 2.68  
 674 H	 22.25  
 675 M	 7.30  
 676 G	 20.55  
 677 E	 39.47  
 678 K	 54.69  
 679 T	 26.34  
 680 W	 14.60  
 681 K	 28.75  
 682 C	 3.14  
 683 R	 43.80  
 684 E	 44.32  
 685 C	 1.77  
 686 D	 31.94  
 687 M	 3.62  
 688 C	 1.57  
 689 F	 4.94  
 690 S	 21.65  
 691 Q	 25.63  
 692 A	 10.41  
 693 S	 23.44  
 694 S	 22.11  
 695 L	 6.64  
 696 R	 31.88  
 697 L	 6.21  
 698 H	 15.67  
 699 Q	 59.23  
 700 N	 18.34  
 701 V	 2.89  
 702 H	 29.43  
 703 V	 10.36  
 704 G	 23.49  
 705 E	 62.15  
 706 K	 50.53  
 707 P	 45.18  
