 1 M	 10.00  
 2 S	 44.15  
 3 E	 57.30  
 4 D	 45.77  
 5 T	 33.63  
 6 V	 6.62  
 7 P	 27.83  
 8 E	 53.16  
 9 A	 13.73  
 10 A	 22.40  
 11 S	 45.01  
 12 P	 39.84  
 13 P	 38.38  
 14 P	 42.54  
 15 S	 53.36  
 16 Q	 62.43  
 17 G	 22.14  
 18 Q	 22.07  
 19 H	 31.86  
 20 Y	 10.17  
 21 F	 5.22  
 22 D	 43.48  
 23 R	 27.39  
 24 F	 11.46  
 25 S	 40.80  
 26 E	 64.82  
 27 D	 75.47  
 28 D	 33.60  
 29 P	 44.44  
 30 E	 65.28  
 31 Y	 11.51  
 32 L	 3.86  
 33 R	 30.60  
 34 L	 5.41  
 35 R	 24.93  
 36 N	 42.40  
 37 R	 25.39  
 38 A	 14.63  
 39 A	 17.09  
 40 D	 41.20  
 41 L	 4.55  
 42 R	 34.27  
 43 Q	 67.93  
 44 D	 28.15  
 45 F	 5.98  
 46 N	 46.93  
 47 L	 3.95  
 48 M	 5.56  
 49 E	 63.52  
 50 Q	 42.47  
 51 K	 29.28  
 52 K	 52.36  
 53 R	 35.85  
 54 V	 6.14  
 55 T	 11.52  
 56 M	 2.35  
 57 I	 2.01  
 58 L	 2.61  
 59 Q	 42.23  
 60 S	 21.04  
 61 P	 25.24  
 62 S	 42.03  
 63 F	 15.01  
 64 R	 40.60  
 65 E	 65.99  
 66 E	 48.11  
 67 L	 5.61  
 68 E	 56.06  
 69 G	 40.48  
 70 L	 2.39  
 71 I	 6.61  
 72 Q	 39.65  
 73 E	 45.72  
 74 Q	 32.40  
 75 M	 4.82  
 76 K	 58.17  
 77 K	 62.62  
 78 G	 32.79  
 79 N	 54.83  
 80 N	 56.32  
 81 S	 28.85  
 82 S	 34.16  
 83 N	 33.37  
 84 I	 2.16  
 85 W	 8.09  
 86 A	 6.78  
 87 L	 2.20  
 88 R	 20.36  
 89 Q	 35.75  
 90 I	 2.99  
 91 A	 8.82  
 92 D	 35.17  
 93 F	 3.05  
 94 M	 2.72  
 95 A	 15.06  
 96 S	 20.75  
 97 T	 18.26  
 98 S	 13.62  
 99 H	 26.46  
 100 A	 12.38  
 101 V	 5.03  
 102 F	 4.31  
 103 P	 25.32  
 104 A	 11.63  
 105 S	 30.29  
 106 S	 21.61  
 107 M	 5.63  
 108 N	 27.99  
 109 F	 3.56  
 110 S	 11.57  
 111 M	 2.80  
 112 M	 3.80  
 113 T	 16.63  
 114 P	 12.89  
 115 I	 4.63  
 116 N	 47.17  
 117 D	 40.31  
 118 L	 3.15  
 119 H	 23.13  
 120 T	 39.18  
 121 A	 8.14  
 122 D	 55.61  
 123 S	 19.38  
 124 L	 6.65  
 125 N	 41.74  
 126 L	 6.72  
 127 A	 19.41  
 128 K	 65.55  
 129 G	 21.46  
 130 E	 41.77  
 131 R	 42.31  
 132 L	 1.90  
 133 M	 6.23  
 134 R	 24.14  
 135 C	 2.60  
 136 K	 34.95  
 137 I	 4.20  
 138 S	 10.15  
 139 S	 27.00  
 140 V	 2.29  
 141 Y	 9.48  
 142 R	 26.98  
 143 L	 2.09  
 144 L	 2.93  
 145 D	 42.30  
 146 L	 4.26  
 147 Y	 15.41  
 148 G	 22.12  
 149 W	 2.75  
 150 A	 8.96  
 151 Q	 34.68  
 152 L	 3.75  
 153 S	 18.80  
 154 D	 51.12  
 155 T	 19.26  
 156 Y	 9.09  
 157 V	 4.39  
 158 T	 9.83  
 159 L	 3.48  
 160 R	 22.69  
 161 V	 12.32  
 162 S	 24.84  
 163 K	 57.44  
 164 E	 54.45  
 165 Q	 53.89  
 166 D	 35.28  
 167 H	 21.07  
 168 F	 9.73  
 169 L	 3.21  
 170 I	 6.91  
 171 S	 23.78  
 172 P	 30.35  
 173 K	 66.22  
 174 G	 21.69  
 175 V	 6.96  
 176 S	 22.16  
 177 C	 3.60  
 178 S	 27.82  
 179 E	 48.49  
 180 V	 2.89  
 181 T	 19.44  
 182 A	 11.42  
 183 S	 19.13  
 184 S	 31.48  
 185 L	 3.99  
 186 I	 5.17  
 187 K	 34.23  
 188 V	 4.22  
 189 N	 20.83  
 190 I	 6.15  
 191 L	 3.95  
 192 G	 23.12  
 193 E	 39.69  
 194 V	 6.81  
 195 V	 5.68  
 196 E	 57.80  
 197 K	 53.11  
 198 G	 15.99  
 199 S	 34.69  
 200 S	 28.57  
 201 C	 4.84  
 202 F	 7.74  
 203 P	 27.66  
 204 V	 5.24  
 205 D	 38.50  
 206 T	 29.11  
 207 T	 31.59  
 208 G	 16.55  
 209 F	 7.07  
 210 S	 26.90  
 211 L	 3.27  
 212 H	 17.62  
 213 S	 22.96  
 214 A	 6.51  
 215 I	 2.42  
 216 Y	 8.23  
 217 A	 7.29  
 218 A	 13.43  
 219 R	 21.56  
 220 P	 39.46  
 221 D	 34.63  
 222 V	 6.32  
 223 R	 16.13  
 224 C	 4.13  
 225 A	 5.01  
 226 I	 3.98  
 227 H	 7.95  
 228 L	 3.83  
 229 H	 18.68  
 230 T	 22.45  
 231 P	 19.50  
 232 A	 15.83  
 233 T	 19.16  
 234 A	 14.15  
 235 A	 7.46  
 236 V	 3.30  
 237 S	 20.23  
 238 A	 8.54  
 239 M	 2.62  
 240 K	 25.52  
 241 C	 2.74  
 242 G	 25.40  
 243 L	 7.38  
 244 L	 2.09  
 245 P	 30.52  
 246 V	 10.30  
 247 S	 14.75  
 248 H	 24.66  
 249 N	 25.44  
 250 A	 9.24  
 251 L	 4.90  
 252 L	 3.63  
 253 V	 6.76  
 254 G	 20.95  
 255 D	 15.85  
 256 M	 1.81  
 257 A	 12.41  
 258 Y	 9.27  
 259 Y	 12.43  
 260 D	 20.19  
 261 F	 7.96  
 262 N	 42.49  
 263 G	 35.30  
 264 E	 40.42  
 265 M	 7.35  
 266 E	 40.75  
 267 Q	 50.28  
 268 E	 38.95  
 269 A	 15.86  
 270 D	 51.76  
 271 R	 27.09  
 272 I	 6.58  
 273 N	 36.99  
 274 L	 4.85  
 275 Q	 29.90  
 276 K	 34.29  
 277 C	 3.24  
 278 L	 13.67  
 279 G	 25.58  
 280 P	 22.98  
 281 T	 25.32  
 282 C	 2.65  
 283 K	 41.37  
 284 I	 3.32  
 285 L	 1.49  
 286 V	 5.56  
 287 L	 3.99  
 288 R	 26.14  
 289 N	 31.72  
 290 H	 21.20  
 291 G	 18.79  
 292 M	 0.93  
 293 V	 4.75  
 294 A	 9.27  
 295 L	 4.31  
 296 G	 20.85  
 297 D	 48.72  
 298 T	 28.19  
 299 V	 8.13  
 300 E	 45.78  
 301 E	 39.48  
 302 A	 10.28  
 303 F	 7.39  
 304 Y	 17.19  
 305 K	 31.78  
 306 V	 2.20  
 307 F	 4.10  
 308 H	 21.73  
 309 L	 2.23  
 310 Q	 20.53  
 311 A	 22.05  
 312 A	 4.14  
 313 C	 6.20  
 314 E	 31.12  
 315 V	 7.38  
 316 Q	 10.93  
 317 V	 4.34  
 318 S	 13.34  
 319 A	 16.77  
 320 L	 3.02  
 321 S	 20.19  
 322 S	 31.61  
 323 A	 19.63  
 324 G	 45.57  
 325 G	 29.58  
 326 T	 22.30  
 327 E	 54.00  
 328 N	 32.02  
 329 L	 2.07  
 330 I	 6.60  
 331 L	 4.92  
 332 L	 5.18  
 333 E	 53.93  
 334 Q	 66.08  
 335 E	 41.26  
 336 K	 44.61  
 337 H	 47.99  
 338 R	 45.39  
 339 P	 27.92  
 340 H	 42.19  
 341 E	 51.78  
 342 V	 6.69  
 343 G	 21.08  
 344 S	 19.13  
 345 V	 4.53  
 346 Q	 26.46  
 347 W	 10.63  
 348 A	 5.74  
 349 G	 25.02  
 350 S	 16.90  
 351 T	 31.52  
 352 F	 12.69  
 353 G	 19.50  
 354 P	 20.17  
 355 M	 8.85  
 356 Q	 43.64  
 357 K	 31.15  
 358 S	 18.82  
 359 R	 54.47  
 360 L	 14.07  
 361 G	 32.86  
 362 E	 44.85  
 363 H	 43.16  
 364 E	 40.66  
 365 F	 7.79  
 366 E	 37.60  
 367 A	 16.39  
 368 L	 1.44  
 369 M	 2.81  
 370 R	 24.30  
 371 M	 3.25  
 372 L	 2.52  
 373 D	 38.68  
 374 N	 31.25  
 375 L	 6.78  
 376 G	 19.01  
 377 Y	 14.25  
 378 R	 21.63  
 379 T	 26.51  
 380 G	 12.09  
 381 Y	 10.45  
 382 T	 18.54  
 383 Y	 9.84  
 384 R	 24.17  
 385 H	 15.10  
 386 P	 23.31  
 387 F	 7.86  
 388 V	 9.41  
 389 Q	 47.01  
 390 E	 58.34  
 391 K	 45.87  
 392 T	 37.31  
 393 K	 61.17  
 394 H	 44.07  
 395 K	 50.28  
 396 S	 46.74  
 397 E	 49.31  
 398 V	 11.88  
 399 E	 38.92  
 400 I	 3.21  
 401 P	 14.36  
 402 A	 21.99  
 403 T	 17.03  
 404 V	 3.85  
 405 T	 15.26  
 406 A	 8.35  
 407 F	 4.77  
 408 V	 5.68  
 409 F	 7.41  
 410 E	 50.29  
 411 E	 48.91  
 412 D	 57.08  
 413 G	 28.98  
 414 V	 7.17  
 415 P	 31.72  
 416 V	 3.94  
 417 P	 21.36  
 418 A	 18.66  
 419 L	 4.42  
 420 R	 28.48  
 421 Q	 36.80  
 422 H	 24.56  
 423 A	 15.21  
 424 Q	 41.80  
 425 K	 56.32  
 426 Q	 47.71  
 427 Q	 64.01  
 428 K	 59.70  
 429 E	 56.15  
 430 K	 50.88  
 431 T	 28.33  
 432 R	 47.13  
 433 W	 10.13  
 434 L	 4.63  
 435 N	 46.67  
 436 T	 18.75  
 437 P	 30.05  
 438 N	 39.04  
 439 T	 25.74  
 440 Y	 10.11  
 441 L	 4.66  
 442 R	 13.93  
 443 V	 6.62  
 444 N	 19.47  
 445 V	 6.94  
 446 A	 11.31  
 447 D	 52.93  
 448 E	 30.71  
 449 V	 7.15  
 450 Q	 29.05  
 451 R	 40.03  
 452 N	 23.29  
 453 M	 6.48  
 454 G	 37.74  
 455 S	 13.63  
 456 P	 51.36  
 457 R	 47.23  
 458 P	 41.55  
 459 K	 60.92  
 460 T	 28.51  
 461 T	 29.68  
 462 W	 7.48  
 463 M	 2.11  
 464 K	 44.22  
 465 A	 11.33  
 466 D	 55.76  
 467 E	 58.39  
 468 V	 13.29  
 469 E	 45.21  
 470 K	 61.89  
 471 S	 19.07  
 472 S	 41.81  
 473 S	 46.32  
 474 G	 28.03  
 475 M	 2.42  
 476 P	 19.07  
 477 I	 5.27  
 478 R	 25.05  
 479 I	 6.59  
 480 E	 57.71  
 481 N	 38.15  
 482 P	 24.18  
 483 N	 60.55  
 484 Q	 41.81  
 485 F	 8.53  
 486 V	 1.99  
 487 P	 22.42  
 488 L	 6.38  
 489 Y	 11.74  
 490 T	 49.22  
 491 D	 29.36  
 492 P	 25.16  
 493 Q	 57.13  
 494 E	 50.89  
 495 V	 4.65  
 496 L	 4.16  
 497 D	 38.89  
 498 M	 4.44  
 499 R	 40.74  
 500 N	 37.15  
 501 K	 32.54  
 502 I	 7.18  
 503 R	 40.85  
 504 E	 56.53  
 505 Q	 40.32  
 506 N	 38.54  
 507 R	 34.93  
 508 Q	 65.41  
 509 D	 47.23  
 510 I	 2.62  
 511 K	 42.41  
 512 S	 38.50  
 513 A	 28.78  
 514 G	 28.06  
 515 P	 30.30  
 516 Q	 42.78  
 517 S	 26.40  
 518 Q	 34.94  
 519 L	 5.37  
 520 L	 2.30  
 521 A	 15.45  
 522 S	 17.64  
 523 V	 3.90  
 524 I	 3.67  
 525 A	 18.93  
 526 E	 40.20  
 527 K	 41.99  
 528 S	 29.51  
 529 R	 64.75  
 530 S	 30.23  
 531 P	 44.13  
 532 S	 46.16  
 533 T	 42.94  
 534 E	 40.60  
 535 S	 28.80  
 536 Q	 34.65  
 537 L	 6.11  
 538 M	 2.78  
 539 S	 41.92  
 540 K	 47.01  
 541 G	 28.21  
 542 D	 45.03  
 543 A	 34.73  
 544 D	 60.06  
 545 T	 41.96  
 546 K	 61.11  
 547 D	 67.74  
 548 E	 62.70  
 549 S	 51.36  
 550 E	 56.49  
 551 E	 65.47  
 552 T	 36.89  
 553 V	 4.95  
 554 P	 50.63  
 555 N	 46.01  
 556 P	 24.97  
 557 F	 10.38  
 558 S	 26.07  
 559 Q	 49.08  
 560 L	 5.74  
 561 T	 28.18  
 562 D	 48.85  
 563 Q	 52.52  
 564 E	 62.04  
 565 L	 5.14  
 566 E	 59.53  
 567 E	 75.24  
 568 Y	 20.27  
 569 K	 45.82  
 570 K	 67.12  
 571 E	 45.52  
 572 V	 13.65  
 573 E	 60.93  
 574 R	 46.73  
 575 K	 48.48  
 576 K	 64.57  
 577 L	 10.35  
 578 E	 62.03  
 579 Q	 69.02  
 580 E	 41.02  
 581 Q	 64.78  
 582 E	 69.44  
 583 G	 47.12  
 584 E	 46.96  
 585 K	 66.35  
 586 D	 31.30  
 587 I	 8.28  
 588 A	 21.60  
 589 T	 44.89  
 590 E	 48.51  
 591 K	 50.77  
 592 P	 42.11  
 593 G	 56.50  
 594 S	 34.74  
 595 P	 43.39  
 596 V	 9.06  
 597 K	 52.58  
 598 S	 39.60  
 599 T	 19.70  
 600 P	 37.52  
 601 A	 26.93  
 602 S	 27.14  
 603 P	 30.21  
 604 V	 9.01  
 605 Q	 53.67  
 606 S	 31.23  
 607 P	 23.82  
 608 S	 40.14  
 609 K	 54.97  
 610 A	 34.91  
 611 G	 37.09  
 612 T	 32.96  
 613 K	 54.23  
 614 S	 20.23  
 615 P	 37.93  
 616 A	 22.85  
 617 V	 11.11  
 618 S	 26.09  
 619 P	 32.99  
 620 S	 40.85  
 621 K	 60.50  
 622 T	 41.51  
 623 S	 36.89  
 624 E	 74.96  
 625 D	 64.69  
 626 T	 30.32  
 627 K	 70.76  
 628 K	 52.60  
 629 T	 43.08  
 630 E	 53.58  
 631 V	 8.30  
 632 S	 25.43  
 633 E	 51.63  
 634 A	 22.27  
 635 N	 40.71  
 636 T	 61.02  
 637 E	 47.69  
 638 P	 49.50  
 639 E	 57.40  
 640 P	 50.58  
 641 V	 18.01  
 642 K	 48.33  
 643 P	 40.91  
 644 E	 60.48  
 645 G	 32.09  
 646 L	 3.56  
 647 V	 4.64  
 648 V	 10.58  
 649 N	 48.62  
 650 G	 27.43  
 651 K	 57.67  
 652 E	 69.83  
 653 E	 77.89  
 654 E	 43.92  
 655 P	 47.13  
 656 S	 45.50  
 657 V	 12.94  
 658 E	 41.72  
 659 E	 53.40  
 660 A	 12.02  
 661 L	 6.51  
 662 S	 31.55  
 663 K	 60.03  
 664 G	 31.50  
 665 L	 5.04  
 666 G	 24.71  
 667 Q	 30.96  
 668 M	 4.78  
 669 T	 14.71  
 670 T	 24.06  
 671 N	 27.01  
 672 A	 20.98  
 673 D	 47.61  
 674 T	 39.20  
 675 D	 60.49  
 676 G	 28.05  
 677 D	 52.16  
 678 S	 39.34  
 679 Y	 28.13  
 680 K	 57.61  
 681 D	 55.68  
 682 K	 50.47  
 683 T	 43.56  
 684 E	 49.29  
 685 S	 35.61  
 686 V	 3.93  
 687 T	 36.93  
 688 S	 35.94  
 689 G	 20.15  
 690 P	 29.45  
 691 L	 17.79  
 692 S	 24.84  
 693 P	 58.62  
 694 E	 69.77  
 695 G	 48.52  
 696 S	 25.08  
 697 P	 57.54  
 698 S	 47.68  
 699 K	 70.53  
 700 S	 38.45  
 701 P	 54.63  
 702 S	 65.29  
 703 K	 72.50  
 704 K	 74.33  
 705 K	 66.00  
 706 K	 67.05  
 707 K	 49.29  
 708 F	 16.84  
 709 R	 55.39  
 710 T	 26.81  
 711 P	 20.87  
 712 S	 42.47  
 713 F	 14.10  
 714 L	 8.84  
 715 K	 53.65  
 716 K	 70.43  
 717 S	 48.39  
 718 K	 76.40  
 719 K	 73.57  
 720 K	 67.51  
 721 E	 71.82  
 722 K	 61.25  
 723 V	 10.28  
 724 E	 62.89  
 725 S	 48.81  
