 1 M	 7.40  
 2 A	 22.97  
 3 E	 60.63  
 4 A	 7.12  
 5 P	 21.00  
 6 Q	 59.96  
 7 V	 4.01  
 8 V	 5.73  
 9 E	 48.95  
 10 T	 41.02  
 11 D	 27.54  
 12 P	 56.46  
 13 D	 64.45  
 14 F	 14.68  
 15 E	 53.99  
 16 P	 47.89  
 17 L	 4.26  
 18 P	 40.86  
 19 R	 52.83  
 20 Q	 39.43  
 21 R	 34.67  
 22 S	 13.94  
 23 C	 5.13  
 24 T	 31.22  
 25 W	 9.21  
 26 P	 17.84  
 27 L	 4.19  
 28 P	 45.78  
 29 R	 51.57  
 30 P	 48.90  
 31 E	 59.51  
 32 F	 12.81  
 33 N	 42.58  
 34 Q	 49.68  
 35 S	 33.58  
 36 N	 33.34  
 37 S	 38.01  
 38 T	 34.64  
 39 T	 27.33  
 40 S	 34.12  
 41 S	 24.00  
 42 P	 48.21  
 43 A	 16.91  
 44 P	 36.57  
 45 S	 52.55  
 46 G	 28.80  
 47 G	 19.17  
 48 A	 13.61  
 49 A	 15.85  
 50 A	 27.79  
 51 N	 30.20  
 52 P	 28.08  
 53 D	 48.96  
 54 A	 13.24  
 55 A	 12.64  
 56 A	 13.54  
 57 S	 21.53  
 58 L	 3.61  
 59 A	 10.68  
 60 S	 28.22  
 61 A	 8.90  
 62 S	 27.06  
 63 A	 10.05  
 64 V	 6.16  
 65 S	 23.21  
 66 T	 27.02  
 67 D	 29.73  
 68 F	 6.15  
 69 M	 2.63  
 70 S	 34.31  
 71 N	 23.12  
 72 L	 2.75  
 73 S	 34.85  
 74 L	 8.65  
 75 L	 6.53  
 76 E	 65.84  
 77 E	 60.44  
 78 S	 32.84  
 79 E	 61.50  
 80 D	 52.35  
 81 F	 4.32  
 82 A	 21.03  
 83 R	 41.11  
 84 A	 11.04  
 85 P	 31.03  
 86 G	 19.97  
 87 C	 1.40  
 88 V	 6.26  
 89 A	 6.84  
 90 V	 1.53  
 91 A	 5.01  
 92 A	 7.34  
 93 A	 6.46  
 94 A	 9.99  
 95 A	 10.97  
 96 A	 8.60  
 97 S	 23.35  
 98 R	 37.06  
 99 G	 23.87  
 100 L	 2.61  
 101 C	 5.68  
 102 G	 43.75  
 103 D	 31.53  
 104 F	 5.70  
 105 Q	 71.87  
 106 G	 23.24  
 107 P	 19.92  
 108 E	 65.60  
 109 A	 21.59  
 110 G	 16.59  
 111 C	 3.07  
 112 V	 6.23  
 113 H	 19.51  
 114 P	 26.51  
 115 A	 17.33  
 116 P	 32.29  
 117 P	 62.51  
 118 Q	 63.17  
 119 P	 42.48  
 120 P	 33.56  
 121 P	 57.58  
 122 T	 58.15  
 123 G	 27.25  
 124 P	 31.17  
 125 L	 8.64  
 126 S	 43.72  
 127 Q	 63.30  
 128 P	 31.61  
 129 P	 34.58  
 130 P	 58.91  
 131 V	 15.61  
 132 P	 23.93  
 133 P	 36.51  
 134 S	 25.19  
 135 A	 13.59  
 136 A	 11.28  
 137 A	 9.50  
 138 A	 14.28  
 139 A	 18.53  
 140 G	 17.02  
 141 P	 17.82  
 142 L	 9.05  
 143 A	 20.08  
 144 G	 45.79  
 145 Q	 29.08  
 146 P	 38.53  
 147 R	 47.17  
 148 K	 60.48  
 149 T	 34.81  
 150 S	 29.38  
 151 S	 32.85  
 152 S	 34.72  
 153 R	 37.51  
 154 R	 38.88  
 155 N	 38.65  
 156 A	 17.47  
 157 W	 10.35  
 158 G	 23.84  
 159 N	 18.34  
 160 L	 3.50  
 161 S	 23.44  
 162 Y	 13.80  
 163 A	 11.19  
 164 D	 30.30  
 165 L	 4.00  
 166 I	 3.70  
 167 T	 23.01  
 168 K	 40.13  
 169 A	 11.35  
 170 I	 5.86  
 171 E	 43.42  
 172 S	 28.83  
 173 S	 27.88  
 174 A	 35.29  
 175 E	 40.43  
 176 K	 53.04  
 177 R	 25.14  
 178 L	 9.29  
 179 T	 28.53  
 180 L	 4.14  
 181 S	 14.86  
 182 Q	 45.45  
 183 I	 2.78  
 184 Y	 8.90  
 185 E	 30.63  
 186 W	 4.66  
 187 M	 1.49  
 188 V	 4.36  
 189 K	 29.63  
 190 S	 19.53  
 191 V	 3.55  
 192 P	 35.61  
 193 Y	 22.55  
 194 F	 7.26  
 195 K	 53.33  
 196 D	 50.72  
 197 K	 66.27  
 198 G	 54.43  
 199 D	 50.84  
 200 S	 47.48  
 201 N	 44.73  
 202 S	 26.05  
 203 S	 34.74  
 204 A	 27.90  
 205 G	 37.53  
 206 W	 9.07  
 207 K	 39.64  
 208 N	 35.84  
 209 S	 19.78  
 210 I	 7.89  
 211 R	 16.68  
 212 H	 37.60  
 213 N	 22.83  
 214 L	 4.75  
 215 S	 29.38  
 216 L	 6.27  
 217 H	 26.10  
 218 S	 34.26  
 219 K	 33.78  
 220 F	 4.90  
 221 I	 4.92  
 222 R	 27.40  
 223 V	 6.48  
 224 Q	 32.20  
 225 N	 46.97  
 226 E	 40.83  
 227 G	 47.52  
 228 T	 34.95  
 229 G	 38.41  
 230 K	 40.95  
 231 S	 32.32  
 232 S	 28.39  
 233 W	 7.50  
 234 W	 5.37  
 235 M	 1.79  
 236 L	 6.42  
 237 N	 19.24  
 238 P	 37.33  
 239 E	 78.49  
 240 G	 50.51  
 241 G	 21.21  
 242 K	 67.88  
 243 S	 55.52  
 244 G	 37.64  
 245 K	 65.46  
 246 S	 27.45  
 247 P	 36.96  
 248 R	 48.05  
 249 R	 35.65  
 250 R	 35.47  
 251 A	 11.32  
 252 A	 11.99  
 253 S	 26.19  
 254 M	 5.69  
 255 D	 48.98  
 256 N	 46.14  
 257 N	 42.17  
 258 S	 35.09  
 259 K	 52.01  
 260 F	 11.83  
 261 A	 16.79  
 262 K	 43.76  
 263 S	 36.22  
 264 R	 37.60  
 265 G	 30.58  
 266 R	 30.20  
 267 A	 26.85  
 268 A	 23.88  
 269 K	 54.55  
 270 K	 49.17  
 271 K	 42.36  
 272 A	 25.09  
 273 S	 35.50  
 274 L	 5.85  
 275 Q	 42.91  
 276 S	 47.97  
 277 G	 19.32  
 278 Q	 58.69  
 279 E	 71.52  
 280 G	 24.49  
 281 P	 42.54  
 282 G	 59.91  
 283 D	 55.59  
 284 S	 36.76  
 285 P	 51.71  
 286 G	 37.72  
 287 S	 31.28  
 288 Q	 53.17  
 289 F	 9.69  
 290 S	 26.61  
 291 K	 59.49  
 292 W	 7.78  
 293 P	 26.96  
 294 A	 27.52  
 295 S	 26.22  
 296 P	 50.87  
 297 G	 35.18  
 298 S	 27.42  
 299 H	 36.21  
 300 S	 43.59  
 301 N	 47.66  
 302 D	 62.05  
 303 D	 57.98  
 304 F	 9.73  
 305 D	 63.78  
 306 N	 34.29  
 307 W	 10.69  
 308 S	 24.75  
 309 T	 18.45  
 310 F	 9.38  
 311 R	 21.63  
 312 P	 39.44  
 313 R	 42.88  
 314 T	 38.91  
 315 S	 23.91  
 316 S	 35.48  
 317 N	 37.36  
 318 A	 15.25  
 319 S	 30.44  
 320 T	 19.42  
 321 I	 3.68  
 322 S	 20.25  
 323 G	 30.60  
 324 R	 25.79  
 325 L	 9.01  
 326 S	 15.83  
 327 P	 25.59  
 328 I	 4.85  
 329 M	 3.71  
 330 T	 31.08  
 331 E	 34.33  
 332 Q	 40.11  
 333 D	 47.04  
 334 D	 52.85  
 335 L	 10.16  
 336 G	 43.80  
 337 D	 58.37  
 338 G	 36.72  
 339 D	 39.43  
 340 V	 3.95  
 341 H	 21.83  
 342 S	 21.27  
 343 L	 2.30  
 344 V	 8.27  
 345 Y	 18.08  
 346 P	 14.64  
 347 P	 20.93  
 348 S	 36.03  
 349 A	 19.51  
 350 A	 13.39  
 351 K	 34.41  
 352 M	 2.82  
 353 A	 9.92  
 354 S	 27.29  
 355 T	 32.90  
 356 L	 2.22  
 357 P	 33.06  
 358 S	 47.87  
 359 L	 5.13  
 360 S	 36.90  
 361 E	 56.59  
 362 I	 4.30  
 363 S	 42.13  
 364 N	 54.27  
 365 P	 27.78  
 366 E	 73.74  
 367 N	 44.30  
 368 M	 3.26  
 369 E	 57.20  
 370 N	 34.83  
 371 L	 3.96  
 372 L	 6.55  
 373 D	 61.82  
 374 N	 30.69  
 375 L	 4.82  
 376 N	 45.23  
 377 L	 5.75  
 378 L	 4.66  
 379 S	 37.12  
 380 S	 31.97  
 381 P	 23.72  
 382 T	 38.01  
 383 S	 25.98  
 384 L	 6.36  
 385 T	 16.51  
 386 V	 7.66  
 387 S	 18.59  
 388 T	 28.30  
 389 Q	 34.11  
 390 S	 38.29  
 391 S	 24.38  
 392 P	 44.09  
 393 G	 30.07  
 394 S	 17.92  
 395 M	 3.31  
 396 M	 2.60  
 397 Q	 35.04  
 398 Q	 29.52  
 399 T	 9.83  
 400 P	 15.65  
 401 C	 5.16  
 402 Y	 14.18  
 403 S	 22.96  
 404 F	 4.83  
 405 A	 16.82  
 406 P	 22.21  
 407 P	 53.99  
 408 N	 41.04  
 409 T	 40.12  
 410 S	 31.99  
 411 L	 7.47  
 412 N	 52.20  
 413 S	 31.86  
 414 P	 53.37  
 415 S	 26.12  
 416 P	 47.35  
 417 N	 59.03  
 418 Y	 15.21  
 419 S	 26.31  
 420 K	 31.11  
 421 Y	 10.15  
 422 T	 25.55  
 423 Y	 15.30  
 424 G	 17.06  
 425 Q	 23.17  
 426 S	 24.52  
 427 S	 18.52  
 428 M	 6.07  
 429 S	 25.82  
 430 P	 39.14  
 431 L	 3.45  
 432 P	 31.63  
 433 Q	 57.18  
 434 M	 2.56  
 435 P	 13.39  
 436 M	 3.89  
 437 Q	 32.94  
 438 T	 21.82  
 439 L	 2.76  
 440 Q	 57.21  
 441 D	 62.23  
 442 S	 22.83  
 443 K	 52.27  
 444 S	 32.51  
 445 S	 31.37  
 446 Y	 23.46  
 447 G	 35.74  
 448 G	 17.14  
 449 L	 2.91  
 450 N	 45.63  
 451 Q	 35.54  
 452 Y	 15.90  
 453 N	 13.00  
 454 C	 4.04  
 455 A	 9.50  
 456 P	 35.84  
 457 G	 25.72  
 458 L	 6.34  
 459 L	 5.12  
 460 K	 51.89  
 461 E	 49.32  
 462 L	 6.38  
 463 L	 4.52  
 464 T	 43.01  
 465 S	 35.74  
 466 D	 60.99  
 467 S	 39.85  
 468 P	 38.88  
 469 P	 42.75  
 470 H	 48.23  
 471 N	 46.40  
 472 D	 34.63  
 473 I	 3.41  
 474 M	 4.06  
 475 S	 23.31  
 476 P	 19.70  
 477 V	 12.44  
 478 D	 37.31  
 479 P	 39.12  
 480 G	 23.95  
 481 V	 5.64  
 482 A	 25.65  
 483 Q	 34.99  
 484 P	 30.90  
 485 N	 30.30  
 486 S	 30.37  
 487 R	 34.03  
 488 V	 7.65  
 489 L	 5.93  
 490 G	 17.73  
 491 Q	 34.87  
 492 N	 23.12  
 493 V	 1.83  
 494 M	 3.18  
 495 M	 7.60  
 496 G	 10.51  
 497 P	 16.42  
 498 N	 41.32  
 499 S	 23.95  
 500 V	 7.28  
 501 M	 1.25  
 502 P	 21.85  
 503 A	 11.83  
 504 Y	 16.07  
 505 G	 18.52  
 506 S	 15.19  
 507 Q	 42.39  
 508 A	 17.91  
 509 S	 21.69  
 510 H	 40.73  
 511 N	 31.27  
 512 K	 33.82  
 513 M	 3.68  
 514 M	 7.72  
 515 N	 29.78  
 516 P	 21.22  
 517 S	 29.73  
 518 S	 33.39  
 519 H	 32.31  
 520 T	 31.54  
 521 H	 22.41  
 522 P	 37.10  
 523 G	 22.59  
 524 H	 25.47  
 525 A	 14.75  
 526 Q	 35.17  
 527 Q	 39.56  
 528 T	 14.60  
 529 A	 13.72  
 530 S	 21.36  
 531 V	 9.03  
 532 N	 31.56  
 533 G	 23.07  
 534 R	 28.08  
 535 T	 46.14  
 536 L	 2.38  
 537 P	 20.02  
 538 H	 38.99  
 539 V	 3.16  
 540 V	 4.48  
 541 N	 29.57  
 542 T	 22.07  
 543 M	 1.61  
 544 P	 26.09  
 545 H	 22.95  
 546 T	 16.59  
 547 S	 23.61  
 548 A	 10.63  
 549 M	 2.76  
 550 N	 35.21  
 551 R	 27.18  
 552 L	 5.58  
 553 T	 23.85  
 554 P	 30.14  
 555 V	 10.19  
 556 K	 45.70  
 557 T	 29.48  
 558 P	 18.31  
 559 L	 10.97  
 560 Q	 35.67  
 561 V	 7.30  
 562 P	 18.38  
 563 L	 8.47  
 564 S	 21.34  
 565 H	 29.54  
 566 P	 16.01  
 567 M	 4.35  
 568 Q	 27.42  
 569 M	 1.74  
 570 S	 11.94  
 571 A	 15.59  
 572 L	 3.52  
 573 G	 25.01  
 574 S	 23.77  
 575 Y	 11.81  
 576 S	 26.43  
 577 S	 20.13  
 578 V	 3.92  
 579 S	 30.99  
 580 S	 14.94  
 581 C	 3.40  
 582 N	 48.98  
 583 G	 30.51  
 584 Y	 6.38  
 585 G	 17.94  
 586 R	 15.36  
 587 M	 3.65  
 588 G	 19.92  
 589 V	 2.93  
 590 L	 2.60  
 591 H	 31.20  
 592 Q	 45.41  
 593 E	 45.90  
 594 K	 60.16  
 595 L	 4.89  
 596 P	 36.54  
 597 S	 62.33  
 598 D	 47.00  
 599 L	 7.81  
 600 D	 52.05  
 601 G	 21.87  
 602 M	 2.82  
 603 F	 6.84  
 604 I	 1.93  
 605 E	 35.61  
 606 R	 30.89  
 607 L	 5.08  
 608 D	 32.37  
 609 C	 6.76  
 610 D	 43.48  
 611 M	 5.67  
 612 E	 26.07  
 613 S	 19.37  
 614 I	 1.87  
 615 I	 4.72  
 616 R	 39.57  
 617 N	 47.53  
 618 D	 30.01  
 619 P	 26.72  
 620 M	 11.38  
 621 D	 58.15  
 622 G	 24.45  
 623 D	 39.57  
 624 T	 33.48  
 625 L	 9.35  
 626 D	 38.24  
 627 F	 12.65  
 628 N	 42.92  
 629 F	 7.94  
 630 D	 45.49  
 631 N	 32.84  
 632 V	 11.49  
 633 L	 4.06  
 634 P	 32.31  
 635 N	 46.06  
 636 Q	 44.50  
 637 S	 47.59  
 638 F	 4.55  
 639 P	 24.88  
 640 H	 43.12  
 641 S	 26.08  
 642 V	 6.08  
 643 K	 43.07  
 644 T	 34.47  
 645 T	 19.45  
 646 T	 21.10  
 647 H	 19.99  
 648 S	 27.38  
 649 W	 4.82  
 650 V	 5.43  
 651 S	 32.31  
 652 G	 31.74  
