 1 M	 9.43  
 2 L	 8.13  
 3 T	 18.99  
 4 P	 18.49  
 5 V	 5.38  
 6 F	 4.04  
 7 W	 7.92  
 8 I	 1.36  
 9 T	 19.28  
 10 Q	 42.90  
 11 D	 47.29  
 12 D	 33.01  
 13 D	 47.61  
 14 A	 15.97  
 15 L	 5.41  
 16 L	 2.37  
 17 I	 3.42  
 18 R	 16.59  
 19 I	 3.32  
 20 R	 32.02  
 21 A	 9.70  
 22 P	 26.52  
 23 H	 40.73  
 24 G	 26.61  
 25 N	 27.54  
 26 I	 3.59  
 27 A	 18.46  
 28 E	 38.07  
 29 L	 5.66  
 30 D	 38.02  
 31 Y	 23.59  
 32 D	 38.67  
 33 H	 25.46  
 34 G	 25.50  
 35 D	 28.44  
 36 Y	 9.31  
 37 M	 2.48  
 38 F	 3.13  
 39 V	 1.90  
 40 F	 3.88  
 41 T	 20.85  
 42 C	 1.86  
 43 P	 24.46  
 44 P	 34.35  
 45 Y	 10.61  
 46 F	 3.84  
 47 L	 4.74  
 48 R	 19.07  
 49 L	 6.39  
 50 H	 22.79  
 51 F	 7.52  
 52 K	 27.08  
 53 Q	 39.96  
 54 M	 4.17  
 55 V	 4.72  
 56 E	 39.91  
 57 E	 43.73  
 58 Y	 11.77  
 59 G	 32.15  
 60 S	 28.34  
 61 G	 37.85  
 62 N	 41.06  
 63 G	 36.27  
 64 S	 22.36  
 65 V	 12.32  
 66 E	 51.38  
 67 W	 11.87  
 68 K	 34.23  
 69 S	 41.80  
 70 D	 65.28  
 71 E	 68.65  
 72 G	 48.11  
 73 E	 31.81  
 74 F	 12.11  
 75 H	 18.04  
 76 I	 6.13  
 77 K	 43.87  
 78 V	 5.65  
 79 P	 24.21  
 80 K	 57.53  
 81 M	 4.60  
 82 H	 44.13  
 83 K	 57.25  
 84 K	 41.57  
 85 E	 55.77  
 86 H	 40.07  
 87 F	 5.63  
 88 S	 38.09  
 89 N	 38.83  
 90 L	 4.60  
 91 D	 30.59  
 92 M	 4.62  
 93 I	 2.43  
 94 T	 17.59  
 95 E	 30.75  
 96 L	 4.90  
 97 L	 5.57  
 98 T	 28.02  
 99 P	 29.64  
 100 S	 40.48  
 101 T	 31.21  
 102 T	 23.00  
 103 H	 20.06  
 104 H	 40.55  
 105 Q	 24.87  
 106 P	 32.75  
 107 H	 41.06  
 108 G	 30.20  
 109 N	 29.04  
 110 Q	 52.02  
 111 L	 6.41  
 112 V	 4.16  
 113 E	 57.08  
 114 E	 40.19  
 115 M	 4.37  
 116 D	 60.61  
 117 D	 53.25  
 118 S	 38.37  
 119 E	 72.89  
 120 D	 73.03  
 121 D	 52.38  
 122 D	 74.28  
 123 E	 67.20  
 124 G	 52.12  
 125 D	 56.23  
 126 G	 39.67  
 127 S	 29.89  
 128 E	 48.83  
 129 F	 11.24  
 130 L	 3.48  
 131 V	 8.29  
 132 E	 45.72  
 133 Q	 47.26  
 134 Q	 18.98  
 135 P	 32.88  
 136 A	 21.81  
 137 A	 39.29  
 138 E	 56.18  
 139 P	 46.66  
 140 E	 77.70  
 141 E	 69.60  
 142 P	 39.53  
 143 K	 65.54  
 144 S	 63.41  
 145 D	 69.41  
 146 G	 39.67  
 147 K	 53.32  
 148 I	 9.47  
 149 E	 45.90  
 150 K	 47.78  
 151 F	 6.21  
 152 G	 32.49  
 153 Y	 16.65  
 154 G	 18.25  
 155 F	 7.35  
 156 G	 24.32  
 157 W	 8.97  
 158 S	 20.63  
 159 K	 39.36  
 160 F	 8.68  
 161 G	 24.19  
 162 V	 4.65  
 163 I	 2.33  
 164 E	 43.17  
 165 R	 24.73  
 166 L	 5.40  
 167 R	 45.82  
 168 D	 57.36  
 169 E	 47.40  
 170 I	 8.79  
 171 G	 16.16  
 172 K	 45.26  
 173 I	 2.58  
 174 V	 4.22  
 175 D	 43.14  
 176 I	 3.04  
 177 L	 8.54  
 178 E	 51.40  
 179 P	 34.71  
 180 E	 65.61  
 181 N	 47.65  
 182 V	 8.16  
 183 E	 57.94  
 184 I	 7.05  
 185 E	 24.00  
 186 K	 59.55  
 187 R	 34.92  
 188 A	 29.38  
 189 D	 48.97  
 190 K	 49.07  
 191 L	 4.01  
 192 M	 6.25  
 193 E	 51.39  
 194 F	 9.12  
 195 D	 38.17  
 196 W	 14.04  
 197 E	 50.27  
 198 N	 45.47  
 199 F	 6.49  
 200 D	 69.86  
 201 E	 41.24  
 202 G	 25.94  
 203 R	 22.65  
 204 Y	 19.66  
 205 L	 3.15  
 206 A	 9.98  
 207 D	 49.59  
 208 T	 27.67  
 209 L	 12.14  
 210 E	 53.40  
 211 P	 58.36  
 212 E	 55.52  
 213 E	 65.74  
 214 E	 47.63  
 215 L	 4.15  
 216 L	 3.96  
 217 A	 14.82  
 218 V	 4.38  
 219 I	 2.98  
 220 S	 22.37  
 221 S	 22.22  
 222 K	 37.62  
 223 F	 10.59  
 224 A	 14.88  
 225 Q	 54.74  
 226 K	 44.66  
 227 L	 4.74  
 228 E	 47.70  
 229 I	 10.23  
 230 S	 26.10  
 231 D	 68.43  
 232 E	 42.47  
 233 D	 69.41  
 234 R	 31.54  
 235 T	 53.72  
 236 K	 55.20  
 237 L	 5.29  
 238 K	 63.67  
 239 D	 74.32  
 240 L	 7.81  
 241 K	 66.20  
 242 K	 65.56  
 243 S	 39.31  
 244 K	 56.21  
 245 T	 40.79  
 246 S	 31.16  
 247 A	 23.21  
 248 K	 36.15  
 249 I	 8.80  
 250 N	 42.37  
 251 G	 34.88  
 252 N	 45.74  
 253 D	 40.60  
 254 V	 6.61  
 255 E	 29.88  
 256 I	 3.52  
 257 M	 1.00  
 258 T	 26.49  
 259 S	 13.12  
 260 L	 2.76  
 261 I	 3.21  
 262 D	 35.97  
 263 I	 1.88  
 264 V	 2.43  
 265 F	 6.19  
 266 G	 10.74  
 267 Y	 4.03  
 268 C	 2.86  
 269 Y	 13.46  
 270 D	 26.67  
 271 Q	 25.42  
 272 R	 26.72  
 273 V	 6.74  
 274 N	 51.36  
 275 D	 47.89  
 276 W	 9.02  
 277 E	 31.18  
 278 S	 33.68  
 279 A	 6.92  
 280 C	 6.27  
 281 E	 52.59  
 282 S	 49.33  
 283 G	 9.42  
 284 W	 13.15  
 285 N	 21.28  
 286 C	 2.59  
 287 A	 16.77  
 288 K	 52.26  
 289 L	 4.91  
 290 S	 16.25  
 291 P	 50.12  
 292 S	 33.02  
 293 L	 6.17  
 294 S	 23.74  
 295 F	 9.29  
 296 F	 6.94  
 297 A	 15.24  
 298 K	 40.39  
 299 F	 6.20  
 300 S	 33.25  
 301 S	 40.10  
 302 V	 6.16  
 303 K	 44.66  
 304 E	 28.39  
 305 C	 2.90  
 306 L	 3.40  
 307 L	 5.78  
 308 A	 4.62  
 309 C	 2.83  
 310 T	 19.99  
 311 R	 23.04  
 312 R	 18.78  
 313 A	 10.85  
 314 L	 4.47  
 315 T	 23.31  
 316 Y	 7.65  
 317 P	 20.06  
 318 L	 3.80  
 319 Y	 10.33  
 320 R	 38.38  
 321 S	 12.09  
 322 F	 5.23  
 323 Q	 44.86  
 324 L	 4.08  
 325 T	 11.98  
 326 Q	 46.35  
 327 R	 23.44  
 328 V	 3.11  
 329 I	 2.93  
 330 Q	 33.94  
 331 D	 33.61  
 332 V	 1.07  
 333 C	 2.60  
 334 H	 17.54  
 335 V	 3.35  
 336 I	 0.69  
 337 T	 20.40  
 338 A	 11.96  
 339 G	 30.36  
 340 G	 26.86  
 341 G	 31.33  
 342 R	 19.32  
 343 P	 30.45  
 344 A	 22.76  
 345 L	 3.86  
 346 L	 2.28  
 347 H	 16.30  
 348 I	 4.06  
 349 L	 0.98  
 350 C	 5.31  
 351 D	 41.90  
 352 L	 2.59  
 353 H	 13.92  
 354 R	 32.58  
 355 I	 2.58  
 356 F	 5.24  
 357 I	 3.71  
 358 E	 41.77  
 359 S	 38.51  
 360 G	 25.85  
 361 E	 35.91  
 362 F	 9.07  
 363 R	 17.18  
 364 Y	 18.32  
 365 I	 2.24  
 366 L	 2.79  
 367 N	 30.71  
 368 D	 33.88  
 369 L	 2.32  
 370 M	 2.37  
 371 I	 3.24  
 372 A	 6.92  
 373 D	 26.57  
 374 Y	 6.76  
 375 I	 2.07  
 376 F	 3.70  
 377 W	 3.39  
 378 I	 1.39  
 379 Q	 27.35  
 380 T	 25.52  
 381 V	 3.01  
 382 P	 36.58  
 383 D	 51.75  
 384 E	 33.55  
 385 I	 6.58  
 386 L	 2.18  
 387 T	 31.24  
 388 R	 18.64  
 389 I	 4.33  
 390 Q	 26.18  
 391 T	 30.52  
 392 D	 34.91  
 393 L	 5.41  
 394 T	 33.80  
 395 E	 42.32  
 396 I	 5.76  
 397 S	 28.00  
 398 G	 36.28  
 399 K	 40.72  
 400 I	 6.70  
 401 D	 47.12  
 402 K	 48.58  
 403 Y	 14.72  
 404 D	 38.37  
 405 I	 5.65  
 406 G	 14.67  
 407 W	 13.83  
 408 D	 27.95  
 409 L	 3.85  
 410 E	 42.45  
 411 V	 8.33  
 412 L	 3.64  
 413 E	 50.03  
 414 A	 20.20  
 415 E	 36.64  
 416 A	 21.14  
 417 K	 39.37  
 418 L	 5.99  
 419 A	 19.13  
 420 N	 38.50  
 421 T	 25.54  
 422 Q	 42.98  
 423 L	 6.83  
 424 D	 39.96  
 425 S	 56.40  
 426 D	 65.05  
 427 D	 73.59  
 428 E	 60.59  
 429 P	 54.13  
 430 D	 72.00  
 431 N	 65.59  
