 1 M	 8.58  
 2 S	 36.60  
 3 S	 35.58  
 4 D	 42.82  
 5 A	 13.00  
 6 S	 32.24  
 7 Q	 52.47  
 8 G	 15.42  
 9 V	 2.45  
 10 I	 4.55  
 11 T	 30.73  
 12 T	 23.75  
 13 P	 30.65  
 14 P	 51.87  
 15 P	 34.50  
 16 P	 49.38  
 17 S	 51.20  
 18 M	 5.06  
 19 P	 39.47  
 20 H	 35.65  
 21 K	 37.71  
 22 E	 49.97  
 23 R	 42.07  
 24 Y	 15.78  
 25 F	 6.79  
 26 D	 41.43  
 27 R	 24.59  
 28 I	 9.03  
 29 N	 42.80  
 30 E	 61.72  
 31 N	 66.69  
 32 D	 31.09  
 33 P	 48.12  
 34 E	 57.36  
 35 Y	 15.63  
 36 I	 3.34  
 37 R	 35.60  
 38 E	 38.56  
 39 R	 34.01  
 40 N	 30.45  
 41 M	 8.45  
 42 S	 20.86  
 43 P	 33.61  
 44 D	 47.37  
 45 L	 6.34  
 46 R	 41.21  
 47 Q	 67.93  
 48 D	 30.38  
 49 F	 4.83  
 50 N	 36.86  
 51 M	 2.94  
 52 M	 4.10  
 53 E	 36.14  
 54 Q	 38.00  
 55 R	 18.55  
 56 K	 51.41  
 57 R	 38.61  
 58 V	 5.32  
 59 T	 17.58  
 60 Q	 31.38  
 61 I	 2.49  
 62 L	 2.72  
 63 Q	 49.34  
 64 S	 18.10  
 65 P	 23.58  
 66 A	 22.75  
 67 F	 11.31  
 68 R	 38.33  
 69 E	 61.57  
 70 D	 43.44  
 71 L	 4.25  
 72 E	 39.33  
 73 C	 5.43  
 74 L	 3.10  
 75 I	 6.83  
 76 Q	 23.17  
 77 E	 45.72  
 78 Q	 32.40  
 79 M	 4.82  
 80 K	 56.12  
 81 K	 61.12  
 82 G	 21.93  
 83 H	 46.07  
 84 N	 44.49  
 85 P	 23.36  
 86 T	 45.86  
 87 G	 21.68  
 88 L	 2.52  
 89 L	 4.77  
 90 A	 14.36  
 91 L	 3.77  
 92 Q	 27.33  
 93 Q	 33.42  
 94 I	 1.71  
 95 A	 10.14  
 96 D	 34.81  
 97 Y	 5.42  
 98 I	 1.85  
 99 M	 2.05  
 100 A	 10.04  
 101 N	 26.63  
 102 S	 15.97  
 103 F	 9.21  
 104 S	 38.46  
 105 G	 25.17  
 106 F	 6.73  
 107 S	 45.52  
 108 S	 28.42  
 109 P	 32.43  
 110 P	 36.21  
 111 L	 8.19  
 112 S	 28.75  
 113 L	 7.27  
 114 G	 12.73  
 115 M	 3.53  
 116 V	 5.66  
 117 T	 15.01  
 118 P	 16.39  
 119 I	 4.59  
 120 N	 46.07  
 121 D	 55.76  
 122 L	 3.49  
 123 P	 38.50  
 124 G	 43.30  
 125 A	 18.24  
 126 D	 53.70  
 127 T	 21.02  
 128 S	 21.88  
 129 S	 35.72  
 130 Y	 13.12  
 131 V	 7.49  
 132 K	 53.79  
 133 G	 27.51  
 134 E	 38.89  
 135 K	 64.92  
 136 L	 2.96  
 137 T	 45.12  
 138 R	 26.47  
 139 C	 3.40  
 140 K	 43.74  
 141 L	 4.48  
 142 A	 5.29  
 143 S	 36.05  
 144 L	 2.10  
 145 Y	 10.21  
 146 R	 33.26  
 147 L	 1.91  
 148 V	 4.43  
 149 D	 40.65  
 150 L	 3.14  
 151 F	 7.12  
 152 G	 28.14  
 153 W	 3.52  
 154 A	 6.54  
 155 H	 20.97  
 156 L	 2.80  
 157 A	 9.10  
 158 N	 39.51  
 159 T	 19.34  
 160 Y	 7.33  
 161 I	 2.63  
 162 S	 8.57  
 163 V	 4.58  
 164 R	 22.22  
 165 I	 6.90  
 166 S	 21.41  
 167 K	 57.96  
 168 E	 55.22  
 169 Q	 51.85  
 170 D	 35.72  
 171 H	 16.91  
 172 I	 3.05  
 173 I	 1.78  
 174 I	 3.33  
 175 I	 1.02  
 176 P	 17.55  
 177 R	 48.56  
 178 G	 21.96  
 179 L	 5.02  
 180 S	 29.56  
 181 F	 10.33  
 182 S	 23.97  
 183 E	 48.29  
 184 A	 13.78  
 185 T	 26.94  
 186 A	 11.94  
 187 S	 26.75  
 188 N	 46.52  
 189 L	 3.50  
 190 V	 8.33  
 191 K	 32.50  
 192 V	 4.92  
 193 N	 17.91  
 194 I	 4.85  
 195 I	 3.04  
 196 G	 20.18  
 197 E	 29.03  
 198 V	 4.92  
 199 V	 3.86  
 200 D	 52.91  
 201 Q	 35.81  
 202 G	 31.79  
 203 S	 14.43  
 204 T	 51.93  
 205 N	 40.82  
 206 L	 5.36  
 207 K	 48.43  
 208 I	 5.45  
 209 D	 31.54  
 210 H	 31.22  
 211 T	 35.85  
 212 G	 20.02  
 213 F	 12.34  
 214 S	 19.68  
 215 P	 20.90  
 216 H	 26.96  
 217 A	 10.03  
 218 A	 9.75  
 219 I	 2.64  
 220 Y	 10.16  
 221 S	 16.30  
 222 T	 29.29  
 223 R	 21.34  
 224 P	 51.33  
 225 D	 49.57  
 226 V	 6.00  
 227 K	 30.11  
 228 C	 3.32  
 229 V	 2.71  
 230 I	 3.37  
 231 H	 5.84  
 232 I	 1.50  
 233 H	 10.73  
 234 T	 19.93  
 235 L	 2.17  
 236 A	 9.06  
 237 T	 20.47  
 238 A	 10.56  
 239 A	 9.43  
 240 V	 3.95  
 241 S	 21.71  
 242 S	 18.70  
 243 M	 3.03  
 244 K	 31.12  
 245 C	 2.84  
 246 G	 20.96  
 247 I	 6.07  
 248 L	 1.55  
 249 P	 23.43  
 250 I	 6.26  
 251 S	 26.42  
 252 Q	 45.04  
 253 E	 36.24  
 254 S	 19.38  
 255 L	 4.50  
 256 L	 7.56  
 257 L	 7.16  
 258 G	 27.58  
 259 D	 23.11  
 260 V	 3.33  
 261 A	 11.25  
 262 Y	 9.19  
 263 Y	 9.84  
 264 D	 19.32  
 265 Y	 9.92  
 266 Q	 31.91  
 267 G	 28.15  
 268 S	 19.65  
 269 L	 12.27  
 270 E	 60.37  
 271 E	 69.46  
 272 Q	 48.77  
 273 E	 53.15  
 274 E	 55.57  
 275 R	 22.62  
 276 I	 5.61  
 277 Q	 44.02  
 278 L	 5.04  
 279 Q	 19.89  
 280 K	 48.28  
 281 V	 4.88  
 282 L	 12.29  
 283 G	 18.31  
 284 P	 32.18  
 285 S	 25.44  
 286 C	 3.88  
 287 K	 42.83  
 288 V	 5.39  
 289 L	 1.51  
 290 V	 5.45  
 291 L	 3.87  
 292 R	 26.14  
 293 N	 31.91  
 294 H	 24.80  
 295 G	 21.10  
 296 V	 1.44  
 297 V	 4.27  
 298 A	 13.88  
 299 L	 4.26  
 300 G	 18.99  
 301 E	 51.58  
 302 T	 37.36  
 303 L	 4.95  
 304 E	 55.49  
 305 E	 60.80  
 306 A	 6.27  
 307 F	 5.20  
 308 H	 23.10  
 309 Y	 10.76  
 310 I	 1.20  
 311 F	 6.05  
 312 N	 15.86  
 313 V	 3.25  
 314 Q	 25.17  
 315 L	 5.25  
 316 A	 3.33  
 317 C	 6.86  
 318 E	 30.74  
 319 I	 4.97  
 320 Q	 10.04  
 321 V	 4.40  
 322 Q	 17.81  
 323 A	 10.67  
 324 L	 2.24  
 325 A	 14.60  
 326 G	 26.13  
 327 A	 13.13  
 328 G	 35.42  
 329 G	 24.07  
 330 V	 4.28  
 331 D	 56.07  
 332 N	 29.64  
 333 L	 2.27  
 334 H	 25.09  
 335 V	 6.55  
 336 L	 3.67  
 337 D	 42.73  
 338 F	 6.20  
 339 Q	 48.08  
 340 K	 49.03  
 341 Y	 9.21  
 342 K	 44.02  
 343 A	 10.02  
 344 F	 4.73  
 345 T	 24.12  
 346 Y	 7.86  
 347 T	 10.70  
 348 V	 2.70  
 349 A	 6.52  
 350 A	 12.36  
 351 S	 28.38  
 352 G	 33.76  
 353 G	 27.47  
 354 G	 40.16  
 355 G	 15.76  
 356 V	 5.15  
 357 N	 32.16  
 358 M	 5.60  
 359 G	 19.44  
 360 S	 16.39  
 361 H	 27.75  
 362 Q	 55.81  
 363 K	 43.49  
 364 W	 8.26  
 365 K	 47.61  
 366 V	 8.92  
 367 G	 26.83  
 368 E	 42.19  
 369 I	 6.38  
 370 E	 33.09  
 371 F	 12.70  
 372 E	 38.33  
 373 G	 30.05  
 374 L	 1.33  
 375 M	 4.53  
 376 R	 36.86  
 377 T	 25.21  
 378 L	 2.65  
 379 D	 47.93  
 380 N	 38.18  
 381 L	 6.78  
 382 G	 19.01  
 383 Y	 14.25  
 384 R	 21.63  
 385 T	 26.51  
 386 G	 8.97  
 387 Y	 10.39  
 388 A	 9.02  
 389 Y	 10.85  
 390 R	 19.44  
 391 H	 14.61  
 392 P	 22.08  
 393 L	 4.75  
 394 I	 6.69  
 395 R	 54.27  
 396 E	 61.49  
 397 K	 37.19  
 398 P	 38.56  
 399 R	 62.02  
 400 H	 42.36  
 401 K	 50.02  
 402 S	 40.54  
 403 D	 47.04  
 404 V	 10.42  
 405 E	 48.52  
 406 I	 2.56  
 407 P	 14.36  
 408 A	 21.99  
 409 T	 17.03  
 410 V	 3.85  
 411 T	 20.03  
 412 A	 8.18  
 413 F	 6.67  
 414 S	 25.84  
 415 F	 10.89  
 416 E	 54.50  
 417 D	 55.67  
 418 D	 42.26  
 419 T	 36.02  
 420 V	 6.05  
 421 P	 29.25  
 422 L	 7.77  
 423 S	 23.32  
 424 P	 40.32  
 425 L	 5.80  
 426 K	 36.04  
 427 Y	 12.83  
 428 M	 2.15  
 429 A	 9.79  
 430 Q	 27.47  
 431 R	 25.68  
 432 Q	 34.30  
 433 Q	 58.66  
 434 R	 38.75  
 435 E	 55.21  
 436 K	 45.65  
 437 T	 23.48  
 438 R	 47.13  
 439 W	 12.72  
 440 L	 4.02  
 441 N	 48.76  
 442 S	 19.84  
 443 P	 35.79  
 444 N	 43.60  
 445 T	 28.51  
 446 Y	 11.11  
 447 M	 3.53  
 448 K	 21.90  
 449 V	 5.07  
 450 N	 37.80  
 451 V	 7.65  
 452 P	 34.14  
 453 E	 65.41  
 454 E	 49.26  
 455 S	 29.41  
 456 R	 59.46  
 457 N	 63.03  
 458 G	 38.15  
 459 E	 50.06  
 460 T	 45.49  
 461 S	 14.21  
 462 P	 56.21  
 463 R	 48.71  
 464 T	 30.13  
 465 K	 39.14  
 466 I	 3.44  
 467 T	 22.51  
 468 W	 6.97  
 469 M	 1.89  
 470 K	 39.94  
 471 A	 15.10  
 472 E	 53.56  
 473 D	 64.17  
 474 S	 24.46  
 475 S	 49.77  
 476 K	 44.35  
 477 V	 7.50  
 478 S	 34.93  
 479 G	 47.16  
 480 G	 22.32  
 481 T	 25.93  
 482 P	 29.20  
 483 I	 7.63  
 484 K	 41.04  
 485 I	 8.21  
 486 E	 63.51  
 487 D	 51.42  
 488 P	 24.59  
 489 N	 61.31  
 490 Q	 46.21  
 491 F	 8.53  
 492 V	 3.67  
 493 P	 22.60  
 494 L	 11.82  
 495 N	 31.57  
 496 T	 60.79  
 497 N	 36.00  
 498 P	 36.00  
 499 N	 54.82  
 500 E	 50.14  
 501 V	 12.13  
 502 L	 5.39  
 503 E	 55.96  
 504 K	 58.05  
 505 R	 40.06  
 506 N	 55.99  
 507 K	 47.36  
 508 I	 7.18  
 509 R	 40.85  
 510 E	 56.53  
 511 Q	 29.83  
 512 N	 39.46  
 513 R	 26.49  
 514 Y	 32.93  
 515 D	 38.15  
 516 L	 3.83  
 517 K	 33.17  
 518 T	 44.11  
 519 A	 26.53  
 520 G	 26.47  
 521 P	 28.34  
 522 Q	 42.78  
 523 S	 26.40  
 524 Q	 34.94  
 525 L	 4.24  
 526 L	 2.96  
 527 A	 17.79  
 528 G	 17.13  
 529 I	 1.96  
 530 V	 4.45  
 531 V	 8.07  
 532 D	 47.02  
 533 K	 47.41  
 534 P	 24.50  
 535 P	 48.44  
 536 S	 45.07  
 537 T	 22.29  
 538 M	 5.15  
 539 Q	 38.37  
 540 F	 8.47  
 541 E	 43.57  
 542 D	 68.85  
 543 D	 42.48  
 544 D	 62.05  
 545 H	 58.62  
 546 G	 36.56  
 547 P	 20.61  
 548 P	 63.09  
 549 A	 35.00  
 550 P	 34.67  
 551 P	 64.33  
 552 N	 49.54  
 553 P	 37.58  
 554 F	 10.25  
 555 S	 20.88  
 556 H	 36.83  
 557 L	 4.52  
 558 T	 36.20  
 559 E	 57.96  
 560 G	 39.28  
 561 E	 46.94  
 562 L	 9.97  
 563 E	 55.78  
 564 E	 69.82  
 565 Y	 9.08  
 566 K	 46.47  
 567 R	 39.78  
 568 T	 24.04  
 569 I	 5.83  
 570 E	 53.89  
 571 R	 37.93  
 572 K	 33.90  
 573 Q	 49.12  
 574 Q	 62.57  
 575 G	 28.65  
 576 L	 4.71  
 577 E	 63.10  
 578 D	 61.52  
 579 A	 15.82  
 580 E	 57.84  
 581 Q	 48.64  
 582 E	 43.09  
 583 L	 5.76  
 584 L	 5.33  
 585 S	 46.17  
 586 D	 56.30  
 587 D	 45.00  
 588 A	 14.54  
 589 S	 37.96  
 590 S	 27.75  
 591 V	 4.52  
 592 S	 24.42  
 593 Q	 35.27  
 594 I	 3.11  
 595 Q	 23.11  
 596 S	 36.50  
 597 Q	 27.47  
 598 T	 35.94  
 599 Q	 45.54  
 600 S	 31.66  
 601 P	 21.68  
 602 Q	 69.65  
 603 N	 55.48  
 604 V	 5.65  
 605 P	 40.32  
 606 E	 67.02  
 607 K	 55.94  
 608 L	 10.73  
 609 E	 68.75  
 610 E	 74.46  
 611 N	 25.26  
 612 H	 36.09  
 613 E	 64.19  
 614 L	 4.58  
 615 F	 8.66  
 616 S	 39.76  
 617 K	 41.89  
 618 S	 26.98  
 619 F	 5.72  
 620 I	 5.04  
 621 S	 13.59  
 622 M	 5.28  
 623 E	 36.56  
 624 V	 3.03  
 625 P	 8.65  
 626 V	 5.70  
 627 M	 1.97  
 628 V	 2.85  
 629 V	 4.17  
 630 N	 40.15  
 631 G	 24.14  
 632 K	 45.40  
 633 D	 60.92  
 634 D	 39.54  
 635 M	 4.11  
 636 H	 42.85  
 637 D	 38.57  
 638 V	 6.41  
 639 E	 52.40  
 640 D	 56.93  
 641 E	 36.80  
 642 L	 12.01  
 643 A	 8.79  
 644 K	 66.99  
 645 R	 26.49  
 646 V	 3.73  
 647 S	 31.38  
 648 R	 29.78  
 649 L	 5.22  
 650 S	 21.14  
 651 T	 34.38  
 652 S	 21.85  
 653 T	 31.70  
 654 T	 26.51  
 655 I	 3.75  
 656 E	 50.49  
 657 N	 33.08  
 658 I	 2.35  
 659 E	 45.74  
 660 I	 4.23  
 661 T	 15.01  
 662 I	 5.23  
 663 K	 51.84  
 664 S	 34.15  
 665 P	 41.73  
 666 E	 73.99  
 667 K	 59.82  
 668 I	 5.35  
 669 E	 53.79  
 670 E	 52.83  
 671 V	 4.09  
 672 L	 8.82  
 673 S	 26.53  
 674 P	 45.89  
 675 E	 69.77  
 676 G	 48.52  
 677 S	 25.08  
 678 P	 57.54  
 679 S	 47.68  
 680 K	 70.53  
 681 S	 38.45  
 682 P	 54.63  
 683 S	 65.29  
 684 K	 72.50  
 685 K	 74.33  
 686 K	 66.00  
 687 K	 67.05  
 688 K	 49.29  
 689 F	 16.84  
 690 R	 55.39  
 691 T	 26.81  
 692 P	 20.87  
 693 S	 42.47  
 694 F	 14.10  
 695 L	 10.16  
 696 K	 52.90  
 697 K	 75.93  
 698 N	 60.85  
 699 K	 74.28  
 700 K	 75.46  
 701 K	 65.46  
 702 E	 71.82  
 703 K	 55.01  
 704 V	 8.68  
 705 E	 60.78  
 706 A	 27.92  
