 1 M	 4.81  
 2 P	 37.46  
 3 L	 5.22  
 4 L	 3.67  
 5 F	 9.80  
 6 L	 4.69  
 7 E	 44.96  
 8 R	 45.11  
 9 F	 5.61  
 10 P	 48.57  
 11 W	 7.75  
 12 P	 24.59  
 13 S	 26.98  
 14 L	 4.09  
 15 R	 29.98  
 16 T	 30.63  
 17 Y	 7.74  
 18 T	 30.91  
 19 G	 13.87  
 20 L	 2.57  
 21 S	 32.86  
 22 G	 21.73  
 23 L	 2.46  
 24 A	 12.31  
 25 L	 5.65  
 26 L	 4.77  
 27 G	 18.73  
 28 T	 18.33  
 29 I	 1.91  
 30 I	 1.61  
 31 S	 18.52  
 32 A	 6.34  
 33 Y	 6.93  
 34 R	 28.86  
 35 A	 10.01  
 36 L	 3.46  
 37 S	 42.58  
 38 Q	 40.48  
 39 P	 29.99  
 40 E	 59.63  
 41 A	 35.84  
 42 G	 29.14  
 43 P	 51.53  
 44 G	 59.14  
 45 E	 49.16  
 46 P	 40.33  
 47 D	 52.39  
 48 Q	 51.97  
 49 L	 5.87  
 50 T	 14.47  
 51 A	 19.48  
 52 S	 23.46  
 53 L	 10.25  
 54 Q	 37.50  
 55 P	 62.45  
 56 E	 51.46  
 57 P	 36.72  
 58 P	 49.57  
 59 A	 22.54  
 60 P	 34.28  
 61 A	 37.82  
 62 R	 25.33  
 63 P	 30.55  
 64 S	 33.71  
 65 A	 29.64  
 66 G	 51.48  
 67 G	 14.29  
 68 P	 26.32  
 69 R	 45.59  
 70 A	 18.37  
 71 R	 39.97  
 72 D	 38.84  
 73 V	 2.74  
 74 A	 9.15  
 75 Q	 29.29  
 76 Y	 10.40  
 77 L	 2.16  
 78 L	 4.56  
 79 S	 23.66  
 80 D	 49.70  
 81 S	 21.97  
 82 L	 4.88  
 83 F	 4.75  
 84 V	 4.13  
 85 W	 3.14  
 86 V	 3.43  
 87 L	 1.12  
 88 V	 4.30  
 89 N	 20.14  
 90 T	 17.37  
 91 A	 4.59  
 92 C	 1.23  
 93 C	 2.15  
 94 V	 3.37  
 95 L	 1.05  
 96 M	 1.09  
 97 L	 2.72  
 98 V	 2.48  
 99 A	 9.29  
 100 K	 38.35  
 101 L	 2.05  
 102 I	 2.86  
 103 Q	 22.71  
 104 C	 1.96  
 105 I	 1.32  
 106 V	 6.28  
 107 F	 4.18  
 108 G	 14.94  
 109 P	 12.91  
 110 L	 9.63  
 111 R	 32.80  
 112 V	 10.31  
 113 S	 22.19  
 114 E	 54.20  
 115 R	 23.01  
 116 Q	 42.06  
 117 H	 40.86  
 118 L	 6.09  
 119 K	 57.66  
 120 D	 58.71  
 121 K	 51.17  
 122 F	 10.39  
 123 W	 12.45  
 124 N	 24.22  
 125 F	 2.74  
 126 I	 3.13  
 127 F	 4.80  
 128 Y	 10.52  
 129 K	 22.64  
 130 F	 3.62  
 131 I	 1.96  
 132 F	 4.21  
 133 I	 2.22  
 134 F	 3.74  
 135 G	 20.42  
 136 V	 2.15  
 137 L	 5.49  
 138 N	 22.80  
 139 V	 4.40  
 140 Q	 38.46  
 141 T	 26.13  
 142 V	 3.10  
 143 E	 48.76  
 144 E	 35.76  
 145 V	 1.95  
 146 V	 2.53  
 147 M	 2.24  
 148 W	 2.24  
 149 C	 0.99  
 150 L	 2.19  
 151 W	 4.29  
 152 F	 2.20  
 153 A	 9.99  
 154 G	 16.95  
 155 L	 1.90  
 156 V	 4.73  
 157 F	 4.23  
 158 L	 2.06  
 159 H	 10.62  
 160 L	 3.80  
 161 M	 0.95  
 162 V	 5.04  
 163 Q	 27.46  
 164 L	 2.39  
 165 C	 2.11  
 166 K	 61.60  
 167 D	 60.55  
 168 R	 16.28  
 169 F	 11.82  
 170 E	 46.59  
 171 Y	 12.63  
 172 L	 3.07  
 173 S	 23.83  
 174 F	 10.54  
 175 S	 20.26  
 176 P	 37.98  
 177 T	 42.19  
 178 T	 22.00  
 179 P	 24.12  
 180 M	 6.36  
 181 S	 22.01  
 182 S	 24.57  
 183 H	 22.29  
 184 G	 24.28  
 185 R	 22.30  
 186 V	 5.15  
 187 L	 2.62  
 188 S	 19.46  
 189 L	 3.79  
 190 L	 1.76  
 191 V	 3.40  
 192 A	 5.27  
 193 M	 2.78  
 194 L	 1.99  
 195 L	 2.06  
 196 S	 11.91  
 197 C	 1.84  
 198 C	 4.49  
 199 G	 23.76  
 200 L	 1.40  
 201 A	 5.32  
 202 A	 14.11  
 203 V	 1.88  
 204 C	 1.77  
 205 S	 19.31  
 206 I	 2.68  
 207 T	 14.08  
 208 G	 24.54  
 209 Y	 6.21  
 210 T	 17.19  
 211 H	 24.09  
 212 G	 11.19  
 213 M	 1.37  
 214 H	 23.48  
 215 T	 15.76  
 216 L	 1.78  
 217 A	 8.04  
 218 F	 3.73  
 219 M	 2.62  
 220 A	 11.13  
 221 A	 8.63  
 222 E	 32.17  
 223 S	 23.44  
 224 L	 3.16  
 225 L	 4.17  
 226 V	 5.88  
 227 T	 12.30  
 228 V	 3.90  
 229 R	 19.48  
 230 T	 19.44  
 231 A	 5.60  
 232 H	 13.41  
 233 V	 4.01  
 234 I	 0.99  
 235 L	 2.92  
 236 R	 16.73  
 237 Y	 10.58  
 238 V	 1.47  
 239 I	 1.31  
 240 H	 15.72  
 241 L	 2.33  
 242 W	 8.22  
 243 D	 43.91  
 244 L	 4.82  
 245 N	 28.79  
 246 H	 42.01  
 247 E	 58.19  
 248 G	 28.69  
 249 T	 19.84  
 250 W	 24.17  
 251 E	 51.36  
 252 G	 25.84  
 253 K	 36.24  
 254 G	 32.89  
 255 T	 17.19  
 256 Y	 8.63  
 257 V	 2.71  
 258 Y	 7.10  
 259 Y	 6.98  
 260 T	 12.79  
 261 D	 20.30  
 262 F	 4.31  
 263 V	 3.03  
 264 M	 3.36  
 265 E	 33.05  
 266 L	 1.90  
 267 T	 16.61  
 268 L	 4.83  
 269 L	 3.94  
 270 S	 23.97  
 271 L	 6.22  
 272 D	 38.27  
 273 L	 4.22  
 274 M	 1.84  
 275 H	 24.85  
 276 H	 9.55  
 277 I	 0.93  
 278 H	 9.11  
 279 M	 3.26  
 280 L	 1.91  
 281 L	 3.92  
 282 F	 6.57  
 283 G	 25.36  
 284 N	 18.22  
 285 I	 3.91  
 286 W	 6.08  
 287 L	 1.91  
 288 S	 9.41  
 289 M	 2.48  
 290 A	 9.06  
 291 S	 17.96  
 292 L	 2.19  
 293 V	 2.69  
 294 I	 2.63  
 295 F	 1.67  
 296 M	 2.23  
 297 Q	 16.43  
 298 L	 2.33  
 299 R	 14.82  
 300 Y	 23.47  
 301 L	 2.60  
 302 F	 3.24  
 303 H	 31.55  
 304 E	 32.77  
 305 V	 3.94  
 306 Q	 26.42  
 307 R	 40.96  
 308 R	 15.07  
 309 I	 5.03  
 310 R	 32.60  
 311 R	 42.64  
 312 H	 16.92  
 313 K	 45.54  
 314 N	 34.64  
 315 Y	 10.73  
 316 L	 4.72  
 317 R	 15.66  
 318 V	 6.28  
 319 V	 3.56  
 320 G	 25.55  
 321 N	 17.32  
 322 M	 3.33  
 323 E	 40.47  
 324 A	 10.92  
 325 R	 13.52  
 326 F	 9.16  
 327 A	 5.63  
 328 V	 5.84  
 329 A	 17.63  
 330 T	 25.32  
 331 P	 24.27  
 332 E	 62.38  
 333 E	 43.14  
 334 L	 6.51  
 335 A	 12.79  
 336 V	 12.28  
 337 N	 40.37  
 338 N	 39.64  
 339 D	 47.35  
 340 D	 26.35  
 341 C	 2.83  
 342 A	 13.63  
 343 I	 2.84  
 344 C	 1.43  
 345 W	 8.46  
 346 D	 29.80  
 347 S	 6.57  
 348 M	 2.66  
 349 Q	 35.50  
 350 A	 10.69  
 351 A	 7.70  
 352 R	 44.02  
 353 K	 52.64  
 354 L	 3.37  
 355 P	 25.69  
 356 C	 8.54  
 357 G	 20.70  
 358 H	 31.85  
 359 L	 2.57  
 360 F	 4.21  
 361 H	 31.49  
 362 N	 27.38  
 363 S	 13.12  
 364 C	 4.43  
 365 L	 4.95  
 366 R	 30.07  
 367 S	 24.06  
 368 W	 9.48  
 369 L	 4.46  
 370 E	 39.90  
 371 Q	 58.05  
 372 D	 31.08  
 373 T	 31.74  
 374 S	 26.79  
 375 C	 3.34  
 376 P	 34.01  
 377 T	 19.64  
 378 C	 1.76  
 379 R	 21.87  
 380 M	 6.09  
 381 S	 10.02  
 382 L	 3.82  
 383 N	 21.79  
 384 I	 6.55  
 385 A	 16.65  
 386 D	 49.49  
 387 N	 29.23  
 388 N	 44.35  
 389 R	 34.81  
 390 V	 11.11  
 391 R	 40.11  
 392 E	 57.90  
 393 E	 30.83  
 394 H	 35.87  
 395 Q	 65.26  
 396 G	 27.89  
 397 E	 48.31  
 398 N	 60.66  
 399 L	 8.32  
 400 D	 55.08  
 401 E	 56.48  
 402 N	 46.11  
 403 L	 4.30  
 404 V	 5.59  
 405 P	 17.13  
 406 V	 4.39  
 407 A	 8.55  
 408 A	 13.28  
 409 A	 15.27  
 410 E	 51.51  
 411 G	 39.92  
 412 R	 12.50  
 413 P	 56.84  
 414 R	 44.93  
 415 L	 8.84  
 416 N	 42.20  
 417 Q	 43.27  
 418 H	 28.76  
 419 N	 24.73  
 420 H	 25.32  
 421 F	 6.54  
 422 F	 4.34  
 423 H	 20.95  
 424 F	 10.85  
 425 D	 45.66  
 426 G	 20.20  
 427 S	 23.51  
 428 R	 33.74  
 429 I	 3.69  
 430 A	 8.11  
 431 S	 27.12  
 432 W	 11.85  
 433 L	 2.06  
 434 P	 27.37  
 435 S	 28.16  
 436 F	 10.03  
 437 S	 23.00  
 438 V	 6.39  
 439 E	 32.69  
 440 V	 2.97  
 441 M	 1.15  
 442 H	 34.41  
 443 T	 11.93  
 444 T	 12.94  
 445 N	 28.74  
 446 I	 3.33  
 447 L	 4.38  
 448 G	 19.66  
 449 I	 2.01  
 450 T	 19.11  
 451 Q	 40.65  
 452 A	 11.30  
 453 S	 27.48  
 454 N	 36.47  
 455 S	 33.28  
 456 Q	 42.88  
 457 L	 4.41  
 458 N	 21.74  
 459 A	 12.72  
 460 M	 3.13  
 461 A	 6.77  
 462 H	 16.52  
 463 Q	 29.53  
 464 I	 2.41  
 465 Q	 29.54  
 466 E	 44.41  
 467 M	 3.21  
 468 F	 3.63  
 469 P	 32.71  
 470 Q	 37.24  
 471 V	 5.31  
 472 P	 12.94  
 473 Y	 14.66  
 474 H	 11.91  
 475 L	 3.20  
 476 V	 2.62  
 477 L	 4.06  
 478 Q	 41.72  
 479 D	 32.02  
 480 L	 2.64  
 481 Q	 49.42  
 482 L	 5.81  
 483 T	 14.13  
 484 R	 47.50  
 485 S	 20.90  
 486 V	 5.78  
 487 E	 35.55  
 488 I	 4.75  
 489 T	 18.00  
 490 T	 32.48  
 491 D	 31.36  
 492 N	 38.36  
 493 I	 4.05  
 494 L	 7.77  
 495 E	 42.50  
 496 G	 28.66  
 497 R	 13.54  
 498 I	 7.72  
 499 Q	 35.15  
 500 V	 4.99  
 501 P	 17.08  
 502 F	 12.28  
 503 P	 22.88  
 504 T	 36.67  
 505 Q	 43.02  
 506 R	 44.93  
 507 S	 26.37  
 508 D	 50.72  
 509 S	 23.03  
 510 I	 7.99  
 511 R	 17.87  
 512 P	 39.15  
 513 A	 14.99  
 514 L	 7.85  
 515 N	 46.50  
 516 S	 31.04  
 517 P	 30.80  
 518 V	 11.06  
 519 E	 63.36  
 520 R	 36.31  
 521 P	 25.36  
 522 S	 53.41  
 523 S	 46.10  
 524 D	 65.33  
 525 Q	 53.22  
 526 E	 73.32  
 527 E	 57.61  
 528 G	 42.61  
 529 E	 42.75  
 530 T	 39.97  
 531 S	 17.68  
 532 A	 27.95  
 533 Q	 43.60  
 534 T	 26.02  
 535 E	 39.33  
 536 R	 38.45  
 537 V	 4.49  
 538 P	 26.78  
 539 L	 10.67  
 540 D	 38.74  
 541 L	 11.35  
 542 S	 13.98  
 543 P	 52.77  
 544 R	 51.89  
 545 L	 8.72  
 546 E	 50.65  
 547 E	 60.30  
 548 T	 23.42  
 549 L	 6.09  
 550 D	 57.85  
 551 F	 11.48  
 552 G	 37.39  
 553 E	 35.18  
 554 V	 11.61  
 555 E	 36.54  
 556 V	 18.52  
 557 E	 29.60  
 558 P	 40.75  
 559 S	 40.54  
 560 E	 61.72  
 561 V	 11.39  
 562 E	 53.59  
 563 D	 52.43  
 564 F	 5.11  
 565 E	 50.18  
 566 A	 22.56  
 567 R	 36.10  
 568 G	 30.16  
 569 S	 25.30  
 570 R	 42.56  
 571 F	 13.28  
 572 S	 25.29  
 573 K	 47.12  
 574 S	 39.49  
 575 A	 26.81  
 576 D	 59.72  
 577 E	 50.89  
 578 R	 29.92  
 579 Q	 32.84  
 580 R	 26.99  
 581 M	 3.04  
 582 L	 3.02  
 583 V	 3.65  
 584 Q	 42.62  
 585 R	 40.70  
 586 K	 38.16  
 587 D	 54.70  
 588 E	 55.18  
 589 L	 8.20  
 590 L	 3.14  
 591 Q	 47.73  
 592 Q	 43.00  
 593 A	 13.15  
 594 R	 26.75  
 595 K	 50.98  
 596 R	 35.41  
 597 F	 11.20  
 598 L	 10.28  
 599 N	 39.18  
 600 K	 58.46  
 601 S	 37.58  
 602 S	 46.80  
 603 E	 67.98  
 604 D	 53.44  
 605 D	 39.73  
 606 A	 25.80  
 607 A	 22.33  
 608 S	 35.18  
 609 E	 40.56  
 610 S	 29.59  
 611 F	 11.60  
 612 L	 6.76  
 613 P	 28.46  
 614 S	 51.30  
 615 E	 57.76  
 616 G	 34.79  
 617 A	 11.21  
 618 S	 46.24  
 619 S	 45.45  
 620 D	 38.91  
 621 P	 23.96  
 622 V	 10.65  
 623 T	 21.67  
 624 L	 4.00  
 625 R	 18.13  
 626 R	 31.32  
 627 R	 20.31  
 628 M	 2.57  
 629 L	 2.52  
 630 A	 5.92  
 631 A	 11.84  
 632 A	 12.30  
 633 A	 13.20  
 634 E	 33.34  
 635 R	 39.62  
 636 R	 32.73  
 637 L	 10.51  
 638 Q	 39.43  
 639 K	 49.30  
 640 Q	 38.53  
 641 Q	 51.23  
 642 T	 33.63  
 643 S	 33.61  
