 1 M	 7.39  
 2 A	 32.21  
 3 E	 56.29  
 4 T	 33.34  
 5 E	 42.81  
 6 E	 55.80  
 7 R	 35.97  
 8 S	 43.27  
 9 L	 8.59  
 10 D	 51.65  
 11 N	 38.95  
 12 F	 6.68  
 13 F	 11.12  
 14 A	 11.22  
 15 K	 56.84  
 16 R	 58.51  
 17 D	 67.43  
 18 K	 71.21  
 19 K	 74.29  
 20 K	 74.86  
 21 K	 69.60  
 22 K	 68.21  
 23 E	 70.94  
 24 R	 48.38  
 25 S	 31.59  
 26 N	 43.78  
 27 R	 32.55  
 28 A	 15.26  
 29 A	 9.10  
 30 S	 20.05  
 31 A	 12.75  
 32 A	 12.98  
 33 G	 18.71  
 34 A	 12.15  
 35 A	 16.14  
 36 G	 19.93  
 37 S	 21.00  
 38 A	 26.00  
 39 G	 37.91  
 40 G	 20.53  
 41 S	 25.36  
 42 S	 35.41  
 43 G	 22.57  
 44 A	 12.50  
 45 A	 16.22  
 46 G	 18.54  
 47 A	 9.75  
 48 A	 19.08  
 49 G	 34.24  
 50 G	 20.32  
 51 G	 21.66  
 52 A	 14.13  
 53 G	 28.01  
 54 A	 18.69  
 55 G	 22.72  
 56 T	 32.91  
 57 R	 32.08  
 58 P	 45.10  
 59 G	 42.79  
 60 D	 55.84  
 61 G	 41.06  
 62 G	 23.89  
 63 T	 23.98  
 64 A	 10.72  
 65 S	 27.37  
 66 A	 14.80  
 67 G	 17.29  
 68 A	 14.68  
 69 A	 24.64  
 70 G	 22.20  
 71 P	 25.23  
 72 G	 27.25  
 73 A	 18.32  
 74 A	 18.62  
 75 T	 20.99  
 76 K	 35.81  
 77 A	 15.17  
 78 V	 7.92  
 79 T	 37.32  
 80 K	 53.15  
 81 D	 60.25  
 82 E	 60.43  
 83 D	 76.75  
 84 E	 59.40  
 85 W	 16.25  
 86 K	 50.83  
 87 E	 59.62  
 88 L	 8.19  
 89 E	 61.78  
 90 Q	 60.89  
 91 K	 50.78  
 92 E	 40.07  
 93 V	 12.33  
 94 D	 32.73  
 95 Y	 15.15  
 96 S	 27.21  
 97 G	 15.98  
 98 L	 3.89  
 99 R	 23.25  
 100 V	 5.24  
 101 Q	 25.36  
 102 A	 6.76  
 103 M	 1.71  
 104 Q	 35.11  
 105 I	 2.92  
 106 S	 18.62  
 107 S	 55.08  
 108 E	 58.66  
 109 K	 69.24  
 110 E	 63.71  
 111 E	 80.07  
 112 D	 66.19  
 113 D	 69.35  
 114 N	 69.85  
 115 E	 57.52  
 116 K	 62.71  
 117 R	 39.70  
 118 Q	 72.77  
 119 D	 53.86  
 120 P	 43.64  
 121 G	 49.53  
 122 D	 63.56  
 123 N	 54.71  
 124 W	 15.12  
 125 E	 53.68  
 126 E	 55.54  
 127 G	 28.65  
 128 G	 34.55  
 129 G	 42.29  
 130 G	 34.54  
 131 G	 32.53  
 132 G	 35.23  
 133 G	 25.09  
 134 M	 7.11  
 135 E	 53.73  
 136 K	 40.82  
 137 S	 27.50  
 138 S	 61.00  
 139 G	 38.03  
 140 P	 33.15  
 141 W	 23.60  
 142 N	 34.63  
 143 K	 42.04  
 144 T	 32.74  
 145 A	 12.13  
 146 P	 24.80  
 147 V	 7.60  
 148 Q	 47.28  
 149 A	 16.57  
 150 P	 14.43  
 151 P	 52.81  
 152 A	 15.21  
 153 P	 23.34  
 154 V	 6.29  
 155 I	 2.86  
 156 V	 3.94  
 157 T	 24.02  
 158 E	 52.01  
 159 T	 24.48  
 160 P	 39.06  
 161 E	 53.78  
 162 P	 28.65  
 163 A	 16.54  
 164 M	 4.48  
 165 T	 25.16  
 166 S	 17.12  
 167 G	 16.00  
 168 V	 3.52  
 169 Y	 22.41  
 170 R	 28.65  
 171 P	 17.62  
 172 P	 39.83  
 173 G	 26.47  
 174 A	 14.75  
 175 R	 38.18  
 176 L	 5.03  
 177 T	 22.14  
 178 T	 29.24  
 179 T	 25.57  
 180 R	 38.47  
 181 K	 63.57  
 182 T	 19.97  
 183 P	 39.92  
 184 Q	 80.43  
 185 G	 40.72  
 186 P	 20.36  
 187 P	 47.65  
 188 E	 58.66  
 189 I	 5.00  
 190 Y	 9.99  
 191 S	 39.58  
 192 D	 27.79  
 193 T	 26.60  
 194 Q	 53.92  
 195 F	 4.88  
 196 P	 25.06  
 197 S	 40.09  
 198 L	 4.80  
 199 Q	 42.97  
 200 S	 35.31  
 201 T	 27.11  
 202 A	 12.76  
 203 K	 48.55  
 204 H	 26.55  
 205 V	 7.62  
 206 E	 44.54  
 207 S	 43.47  
 208 R	 37.37  
 209 K	 80.55  
 210 D	 51.54  
 211 K	 63.09  
 212 E	 63.81  
 213 M	 10.94  
 214 E	 46.79  
 215 K	 60.17  
 216 S	 17.21  
 217 F	 14.14  
 218 E	 47.39  
 219 V	 4.28  
 220 V	 4.11  
 221 R	 39.99  
 222 H	 21.82  
 223 K	 37.46  
 224 N	 45.58  
 225 R	 46.45  
 226 G	 51.27  
 227 R	 33.41  
 228 D	 64.57  
 229 E	 47.53  
 230 V	 13.30  
 231 S	 24.68  
 232 K	 59.25  
 233 N	 25.50  
 234 Q	 52.38  
 235 A	 18.96  
 236 L	 4.02  
 237 K	 36.88  
 238 L	 6.77  
 239 Q	 45.22  
 240 L	 10.93  
 241 D	 27.50  
 242 N	 45.41  
 243 Q	 27.51  
 244 Y	 12.63  
 245 A	 6.94  
 246 V	 6.16  
 247 L	 3.78  
 248 E	 51.52  
 249 N	 50.88  
 250 Q	 37.32  
 251 K	 66.56  
 252 S	 24.42  
 253 S	 33.91  
 254 H	 26.47  
 255 S	 35.99  
 256 Q	 36.04  
 257 Y	 26.34  
 258 N	 37.47  
