 1 M	 7.11  
 2 S	 26.83  
 3 L	 4.40  
 4 I	 1.04  
 5 C	 3.42  
 6 S	 23.27  
 7 I	 4.43  
 8 S	 15.62  
 9 N	 53.25  
 10 E	 53.29  
 11 V	 8.68  
 12 P	 28.18  
 13 E	 66.68  
 14 H	 18.26  
 15 P	 20.67  
 16 C	 5.23  
 17 V	 9.50  
 18 S	 26.71  
 19 P	 17.10  
 20 V	 7.53  
 21 S	 25.30  
 22 N	 28.95  
 23 H	 18.94  
 24 V	 6.59  
 25 Y	 9.00  
 26 E	 30.18  
 27 R	 22.48  
 28 R	 28.25  
 29 L	 8.10  
 30 I	 3.99  
 31 E	 44.38  
 32 K	 34.66  
 33 Y	 7.80  
 34 I	 6.01  
 35 A	 10.91  
 36 E	 46.78  
 37 N	 50.03  
 38 G	 24.01  
 39 T	 50.62  
 40 D	 43.40  
 41 P	 30.92  
 42 I	 9.35  
 43 N	 46.61  
 44 N	 45.63  
 45 Q	 35.50  
 46 P	 39.72  
 47 L	 7.88  
 48 S	 45.85  
 49 E	 58.40  
 50 E	 47.51  
 51 Q	 39.40  
 52 L	 4.26  
 53 I	 5.27  
 54 D	 43.16  
 55 I	 2.83  
 56 K	 29.62  
 57 V	 6.38  
 58 A	 9.57  
 59 H	 22.70  
 60 P	 17.97  
 61 I	 9.39  
 62 R	 37.33  
 63 P	 54.98  
 64 K	 60.76  
 65 P	 30.66  
 66 P	 42.60  
 67 S	 53.35  
 68 A	 15.90  
 69 T	 31.37  
 70 S	 26.70  
 71 I	 2.02  
 72 P	 17.02  
 73 A	 20.34  
 74 I	 3.21  
 75 L	 2.63  
 76 K	 40.72  
 77 A	 13.65  
 78 L	 6.70  
 79 Q	 51.98  
 80 D	 60.86  
 81 E	 34.00  
 82 W	 13.73  
 83 D	 27.51  
 84 A	 6.95  
 85 V	 3.78  
 86 M	 2.74  
 87 L	 2.16  
 88 H	 11.63  
 89 S	 18.90  
 90 F	 5.33  
 91 T	 24.85  
 92 L	 4.36  
 93 R	 21.09  
 94 Q	 51.99  
 95 Q	 29.16  
 96 L	 3.55  
 97 Q	 36.17  
 98 T	 32.32  
 99 T	 19.86  
 100 R	 31.22  
 101 Q	 54.62  
 102 E	 49.28  
 103 L	 3.26  
 104 S	 13.13  
 105 H	 32.17  
 106 A	 12.46  
 107 L	 3.37  
 108 Y	 12.46  
 109 Q	 28.91  
 110 H	 17.08  
 111 D	 21.97  
 112 A	 13.31  
 113 A	 6.41  
 114 C	 3.70  
 115 R	 20.39  
 116 V	 3.95  
 117 I	 0.67  
 118 A	 9.51  
 119 R	 31.59  
 120 L	 6.24  
 121 T	 21.43  
 122 K	 55.57  
 123 E	 39.61  
 124 V	 4.74  
 125 T	 18.72  
 126 A	 15.08  
 127 A	 10.65  
 128 R	 27.53  
 129 E	 43.22  
 130 A	 9.28  
 131 L	 2.99  
 132 A	 20.24  
 133 T	 35.84  
 134 L	 6.74  
 135 K	 30.63  
 136 P	 32.16  
 137 Q	 46.61  
 138 A	 24.24  
 139 G	 15.64  
 140 L	 3.90  
 141 I	 4.09  
 142 V	 3.28  
 143 P	 14.93  
 144 Q	 44.06  
 145 A	 14.76  
 146 V	 3.88  
 147 P	 31.14  
 148 S	 34.70  
 149 S	 39.79  
 150 Q	 38.33  
 151 P	 30.92  
 152 S	 23.07  
 153 V	 6.15  
 154 V	 5.23  
 155 G	 26.21  
 156 A	 13.94  
 157 G	 33.34  
 158 E	 36.60  
 159 P	 22.22  
 160 M	 6.05  
 161 D	 63.34  
 162 L	 4.70  
 163 G	 23.17  
 164 E	 47.80  
 165 L	 3.71  
 166 V	 4.24  
 167 G	 27.20  
 168 M	 4.38  
 169 T	 16.31  
 170 P	 23.15  
 171 E	 43.49  
 172 I	 4.21  
 173 I	 2.55  
 174 Q	 46.17  
 175 K	 37.39  
 176 L	 4.57  
 177 Q	 58.14  
 178 D	 53.66  
 179 K	 32.75  
 180 A	 15.95  
 181 T	 23.07  
 182 V	 5.52  
 183 L	 4.21  
 184 T	 23.44  
 185 T	 29.63  
 186 E	 58.21  
 187 R	 47.94  
 188 K	 40.36  
 189 K	 73.02  
 190 R	 55.67  
 191 G	 38.58  
 192 K	 50.84  
 193 T	 44.08  
 194 V	 6.82  
 195 P	 34.28  
 196 E	 60.68  
 197 E	 53.44  
 198 L	 5.98  
 199 V	 12.59  
 200 K	 60.37  
 201 P	 32.58  
 202 E	 66.89  
 203 E	 67.86  
 204 L	 5.22  
 205 S	 30.81  
 206 K	 58.01  
 207 Y	 11.69  
 208 R	 28.38  
 209 Q	 31.85  
 210 V	 4.34  
 211 A	 5.88  
 212 S	 21.61  
 213 H	 14.13  
 214 V	 8.93  
 215 G	 16.55  
 216 L	 2.54  
 217 H	 18.52  
 218 S	 28.84  
 219 A	 10.75  
 220 S	 32.12  
 221 I	 3.47  
 222 P	 22.67  
 223 G	 26.35  
 224 I	 1.38  
 225 L	 4.86  
 226 A	 9.34  
 227 L	 4.66  
 228 D	 40.39  
 229 L	 4.87  
 230 C	 2.79  
 231 P	 42.40  
 232 S	 56.95  
 233 D	 39.17  
 234 T	 42.63  
 235 N	 34.07  
 236 K	 40.98  
 237 I	 4.52  
 238 L	 3.77  
 239 T	 36.72  
 240 G	 26.33  
 241 G	 25.93  
 242 A	 26.42  
 243 D	 46.46  
 244 K	 51.62  
 245 N	 32.15  
 246 V	 4.84  
 247 V	 5.06  
 248 V	 4.47  
 249 F	 7.09  
 250 D	 38.01  
 251 K	 44.40  
 252 S	 40.74  
 253 S	 38.98  
 254 E	 49.05  
 255 Q	 37.63  
 256 I	 2.19  
 257 L	 2.73  
 258 A	 16.71  
 259 T	 26.09  
 260 L	 5.35  
 261 K	 44.27  
 262 G	 36.49  
 263 H	 32.69  
 264 T	 41.03  
 265 K	 39.30  
 266 K	 52.48  
 267 V	 5.27  
 268 T	 25.36  
 269 S	 21.19  
 270 V	 3.78  
 271 V	 3.50  
 272 F	 7.03  
 273 H	 14.97  
 274 P	 23.40  
 275 S	 27.96  
 276 Q	 53.13  
 277 D	 49.49  
 278 L	 3.04  
 279 V	 4.85  
 280 F	 7.02  
 281 S	 21.98  
 282 A	 17.39  
 283 S	 23.32  
 284 P	 34.67  
 285 D	 54.57  
 286 A	 14.33  
 287 T	 20.40  
 288 I	 3.01  
 289 R	 21.70  
 290 I	 2.58  
 291 W	 5.39  
 292 S	 25.89  
 293 V	 2.26  
 294 P	 25.75  
 295 N	 42.18  
 296 A	 9.76  
 297 S	 22.82  
 298 C	 2.00  
 299 V	 4.48  
 300 Q	 32.11  
 301 V	 1.24  
 302 V	 2.21  
 303 R	 31.22  
 304 A	 10.13  
 305 H	 20.98  
 306 E	 39.13  
 307 S	 20.40  
 308 A	 10.41  
 309 V	 6.41  
 310 T	 31.93  
 311 G	 13.48  
 312 L	 3.44  
 313 S	 21.32  
 314 L	 3.71  
 315 H	 20.19  
 316 A	 20.69  
 317 T	 21.60  
 318 G	 23.50  
 319 D	 26.93  
 320 Y	 15.75  
 321 L	 4.44  
 322 L	 3.67  
 323 S	 25.79  
 324 S	 37.44  
 325 S	 41.66  
 326 D	 49.32  
 327 D	 45.47  
 328 Q	 40.43  
 329 Y	 13.00  
 330 W	 5.79  
 331 A	 6.80  
 332 F	 4.11  
 333 S	 26.51  
 334 D	 30.48  
 335 I	 3.70  
 336 Q	 42.78  
 337 T	 27.56  
 338 G	 11.00  
 339 R	 24.53  
 340 V	 9.35  
 341 L	 3.55  
 342 T	 22.17  
 343 K	 38.69  
 344 V	 7.41  
 345 T	 29.67  
 346 D	 61.23  
 347 E	 35.19  
 348 T	 32.98  
 349 S	 35.44  
 350 G	 16.68  
 351 C	 2.78  
 352 S	 30.18  
 353 L	 5.47  
 354 T	 6.90  
 355 C	 3.21  
 356 A	 15.16  
 357 Q	 39.05  
 358 F	 4.86  
 359 H	 13.88  
 360 P	 38.36  
 361 D	 56.83  
 362 G	 25.73  
 363 L	 3.70  
 364 I	 3.51  
 365 F	 9.60  
 366 G	 19.08  
 367 T	 20.80  
 368 G	 21.30  
 369 T	 20.04  
 370 M	 5.02  
 371 D	 36.91  
 372 S	 24.00  
 373 Q	 36.41  
 374 I	 3.96  
 375 K	 30.06  
 376 I	 3.55  
 377 W	 10.40  
 378 D	 51.87  
 379 L	 3.59  
 380 K	 42.55  
 381 E	 72.53  
 382 R	 29.97  
 383 T	 34.83  
 384 N	 36.81  
 385 V	 4.56  
 386 A	 17.64  
 387 N	 39.09  
 388 F	 5.74  
 389 P	 39.12  
 390 G	 24.37  
 391 H	 29.80  
 392 S	 52.78  
 393 G	 16.38  
 394 P	 29.69  
 395 I	 5.57  
 396 T	 19.74  
 397 S	 16.79  
 398 I	 3.16  
 399 A	 11.15  
 400 F	 10.05  
 401 S	 22.56  
 402 E	 48.50  
 403 N	 42.44  
 404 G	 14.38  
 405 Y	 13.59  
 406 Y	 7.40  
 407 L	 2.28  
 408 A	 4.50  
 409 T	 21.56  
 410 A	 11.86  
 411 A	 19.45  
 412 D	 54.59  
 413 D	 37.78  
 414 S	 37.26  
 415 S	 30.20  
 416 V	 7.37  
 417 K	 45.89  
 418 L	 3.94  
 419 W	 9.25  
 420 D	 47.21  
 421 L	 3.35  
 422 R	 39.53  
 423 K	 71.73  
 424 L	 4.42  
 425 K	 64.47  
 426 N	 54.83  
 427 F	 6.46  
 428 K	 58.69  
 429 T	 18.66  
 430 L	 4.99  
 431 Q	 52.59  
 432 L	 9.53  
 433 D	 34.76  
 434 N	 64.78  
 435 N	 33.84  
 436 F	 16.70  
 437 E	 51.68  
 438 V	 4.46  
 439 K	 32.14  
 440 S	 31.69  
 441 L	 3.61  
 442 I	 4.64  
 443 F	 9.43  
 444 D	 34.44  
 445 Q	 32.77  
 446 S	 34.64  
 447 G	 16.85  
 448 T	 22.17  
 449 Y	 8.10  
 450 L	 2.97  
 451 A	 8.18  
 452 L	 6.33  
 453 G	 31.20  
 454 G	 21.42  
 455 T	 31.06  
 456 D	 33.33  
 457 V	 3.61  
 458 Q	 26.10  
 459 I	 2.22  
 460 Y	 5.33  
 461 I	 2.24  
 462 C	 1.18  
 463 K	 39.03  
 464 Q	 48.16  
 465 W	 4.98  
 466 T	 15.62  
 467 E	 40.36  
 468 I	 2.57  
 469 L	 1.90  
 470 H	 32.99  
 471 F	 8.43  
 472 T	 23.26  
 473 E	 34.80  
 474 H	 24.90  
 475 S	 29.30  
 476 G	 29.02  
 477 L	 4.31  
 478 T	 25.65  
 479 T	 34.40  
 480 G	 11.97  
 481 V	 3.61  
 482 A	 13.17  
 483 F	 9.94  
 484 G	 11.26  
 485 H	 15.98  
 486 H	 30.87  
 487 A	 11.63  
 488 K	 32.71  
 489 F	 6.14  
 490 I	 2.67  
 491 A	 12.27  
 492 S	 22.22  
 493 T	 27.74  
 494 G	 17.31  
 495 M	 3.81  
 496 D	 38.06  
 497 R	 34.69  
 498 S	 31.48  
 499 L	 4.66  
 500 K	 43.43  
 501 F	 6.42  
 502 Y	 13.89  
 503 S	 30.64  
 504 L	 5.76  
