 1 M	 6.17  
 2 A	 16.66  
 3 L	 3.70  
 4 V	 2.29  
 5 F	 5.32  
 6 Q	 33.80  
 7 F	 7.15  
 8 G	 21.79  
 9 Q	 34.30  
 10 P	 20.24  
 11 V	 6.43  
 12 R	 33.90  
 13 A	 18.64  
 14 Q	 29.51  
 15 P	 39.27  
 16 L	 3.32  
 17 P	 40.15  
 18 G	 48.93  
 19 L	 1.52  
 20 C	 5.01  
 21 H	 41.27  
 22 G	 26.01  
 23 K	 19.64  
 24 L	 3.66  
 25 I	 6.10  
 26 R	 32.15  
 27 T	 21.85  
 28 N	 28.82  
 29 A	 7.12  
 30 C	 4.34  
 31 D	 45.66  
 32 V	 3.15  
 33 C	 1.81  
 34 N	 48.03  
 35 S	 20.40  
 36 T	 27.80  
 37 D	 61.11  
 38 L	 3.84  
 39 P	 46.53  
 40 E	 61.14  
 41 V	 6.38  
 42 E	 32.70  
 43 I	 2.91  
 44 I	 1.18  
 45 S	 32.34  
 46 L	 5.00  
 47 L	 5.63  
 48 E	 49.33  
 49 E	 58.34  
 50 Q	 51.42  
 51 L	 2.98  
 52 P	 28.58  
 53 H	 40.74  
 54 Y	 15.13  
 55 K	 28.58  
 56 L	 4.26  
 57 R	 26.68  
 58 A	 28.83  
 59 D	 27.48  
 60 T	 18.34  
 61 I	 2.30  
 62 Y	 16.24  
 63 G	 19.97  
 64 Y	 7.98  
 65 D	 34.08  
 66 H	 26.84  
 67 D	 45.97  
 68 D	 46.55  
 69 W	 8.97  
 70 L	 4.08  
 71 H	 22.61  
 72 T	 20.02  
 73 P	 19.56  
 74 L	 6.77  
 75 I	 6.22  
 76 S	 25.14  
 77 P	 37.43  
 78 D	 45.52  
 79 A	 20.47  
 80 N	 35.37  
 81 I	 5.00  
 82 D	 37.46  
 83 L	 5.90  
 84 T	 25.25  
 85 T	 32.94  
 86 E	 44.30  
 87 Q	 46.42  
 88 I	 4.15  
 89 E	 44.62  
 90 E	 62.16  
 91 T	 18.76  
 92 L	 4.85  
 93 K	 41.18  
 94 Y	 11.54  
 95 F	 3.92  
 96 L	 3.31  
 97 L	 1.54  
 98 C	 3.93  
 99 A	 13.96  
 100 E	 47.07  
 101 R	 21.24  
 102 V	 4.74  
 103 G	 20.12  
 104 Q	 33.25  
 105 M	 3.23  
 106 T	 16.61  
 107 K	 43.60  
 108 T	 20.56  
 109 Y	 16.64  
 110 N	 45.02  
 111 D	 29.72  
 112 I	 3.05  
 113 D	 37.54  
 114 A	 12.62  
 115 V	 2.58  
 116 T	 19.81  
 117 R	 30.58  
 118 L	 5.29  
 119 L	 7.82  
 120 E	 72.17  
 121 E	 61.25  
 122 K	 48.99  
 123 E	 55.49  
 124 R	 65.95  
 125 D	 45.66  
 126 L	 7.92  
 127 E	 40.42  
 128 L	 6.17  
 129 A	 5.82  
 130 A	 19.09  
 131 R	 28.15  
 132 I	 5.16  
 133 G	 12.89  
 134 Q	 28.65  
 135 S	 30.38  
 136 L	 6.63  
 137 L	 10.07  
 138 K	 60.64  
 139 K	 64.74  
 140 N	 40.74  
 141 K	 54.51  
 142 T	 48.59  
 143 L	 5.10  
 144 T	 37.82  
 145 E	 57.53  
 146 R	 36.37  
 147 N	 37.73  
 148 E	 62.04  
 149 L	 9.24  
 150 L	 5.77  
 151 E	 60.03  
 152 E	 60.95  
 153 Q	 36.20  
 154 V	 6.99  
 155 E	 33.04  
 156 H	 26.08  
 157 I	 3.62  
 158 R	 35.61  
 159 E	 63.25  
 160 E	 37.31  
 161 V	 3.66  
 162 S	 27.12  
 163 Q	 47.92  
 164 L	 4.74  
 165 R	 17.38  
 166 H	 49.28  
 167 E	 35.79  
 168 L	 5.04  
 169 S	 22.32  
 170 M	 11.23  
 171 K	 44.68  
 172 D	 43.04  
 173 E	 45.95  
 174 L	 6.98  
 175 L	 2.89  
 176 Q	 41.76  
 177 F	 7.88  
 178 Y	 6.19  
 179 T	 17.12  
 180 S	 17.69  
 181 A	 15.87  
 182 A	 22.36  
 183 E	 62.87  
 184 E	 56.53  
 185 S	 50.37  
 186 E	 57.26  
 187 P	 48.74  
 188 E	 52.32  
 189 S	 38.86  
 190 V	 2.59  
 191 C	 5.37  
 192 S	 30.79  
 193 T	 27.75  
 194 P	 21.42  
 195 L	 9.13  
 196 K	 55.15  
 197 R	 60.89  
 198 N	 52.49  
 199 E	 56.90  
 200 S	 38.78  
 201 S	 22.06  
 202 S	 43.75  
 203 S	 29.66  
 204 V	 4.64  
 205 Q	 40.63  
 206 N	 39.00  
 207 Y	 3.85  
 208 F	 6.38  
 209 H	 20.54  
 210 L	 3.25  
 211 D	 38.44  
 212 S	 38.77  
 213 L	 9.63  
 214 Q	 44.80  
 215 K	 66.42  
 216 K	 48.05  
 217 L	 7.22  
 218 K	 69.97  
 219 D	 70.51  
 220 L	 9.49  
 221 E	 73.69  
 222 E	 63.27  
 223 E	 46.05  
 224 N	 32.26  
 225 V	 4.92  
 226 V	 5.76  
 227 L	 4.31  
 228 R	 22.35  
 229 S	 33.10  
 230 E	 46.00  
 231 A	 12.11  
 232 S	 31.81  
 233 Q	 54.77  
 234 L	 7.40  
 235 K	 36.36  
 236 T	 47.13  
 237 E	 36.30  
 238 T	 24.69  
 239 I	 2.92  
 240 T	 32.09  
 241 Y	 20.45  
 242 E	 54.68  
 243 E	 52.02  
 244 K	 49.21  
 245 E	 47.00  
 246 Q	 53.64  
 247 Q	 48.77  
 248 L	 3.77  
 249 V	 5.02  
 250 N	 45.62  
 251 D	 30.98  
 252 C	 3.87  
 253 V	 6.35  
 254 K	 58.31  
 255 E	 28.74  
 256 L	 5.07  
 257 R	 41.93  
 258 D	 55.93  
 259 A	 16.20  
 260 N	 30.43  
 261 V	 4.70  
 262 Q	 25.90  
 263 I	 2.57  
 264 A	 5.45  
 265 S	 28.42  
 266 I	 4.43  
 267 S	 23.63  
 268 E	 56.19  
 269 E	 47.43  
 270 L	 8.11  
 271 A	 17.99  
 272 K	 73.23  
 273 K	 52.09  
 274 T	 38.09  
 275 E	 55.31  
 276 D	 51.24  
 277 A	 9.79  
 278 A	 23.33  
 279 R	 40.20  
 280 Q	 50.76  
 281 Q	 44.74  
 282 E	 42.92  
 283 E	 49.18  
 284 I	 2.64  
 285 T	 15.11  
 286 H	 30.36  
 287 L	 3.54  
 288 L	 2.48  
 289 S	 24.99  
 290 Q	 39.43  
 291 I	 2.04  
 292 V	 4.69  
 293 D	 45.04  
 294 L	 5.80  
 295 Q	 40.51  
 296 K	 63.09  
 297 K	 42.00  
 298 A	 16.24  
 299 K	 53.53  
 300 A	 7.43  
 301 C	 4.25  
 302 A	 19.27  
 303 V	 9.03  
 304 E	 40.16  
 305 N	 41.25  
 306 E	 38.92  
 307 E	 66.86  
 308 L	 3.51  
 309 V	 3.69  
 310 Q	 38.42  
 311 H	 20.82  
 312 L	 2.53  
 313 G	 22.74  
 314 A	 20.07  
 315 A	 14.41  
 316 K	 53.73  
 317 D	 43.11  
 318 A	 13.02  
 319 Q	 43.73  
 320 R	 34.89  
 321 Q	 30.96  
 322 L	 5.51  
 323 T	 15.11  
 324 A	 23.55  
 325 E	 43.03  
 326 L	 4.84  
 327 R	 37.65  
 328 E	 69.96  
 329 L	 9.25  
 330 E	 47.94  
 331 D	 62.99  
 332 K	 36.66  
 333 Y	 21.69  
 334 A	 14.84  
 335 E	 31.16  
 336 C	 1.81  
 337 M	 2.27  
 338 E	 50.69  
 339 M	 1.52  
 340 L	 1.79  
 341 H	 27.34  
 342 E	 48.35  
 343 A	 16.02  
 344 Q	 41.53  
 345 E	 72.80  
 346 E	 53.62  
 347 L	 4.36  
 348 K	 58.16  
 349 N	 57.78  
 350 L	 6.45  
 351 R	 52.58  
 352 N	 47.52  
 353 K	 39.50  
 354 T	 41.22  
 355 M	 2.29  
 356 P	 40.00  
 357 N	 45.20  
 358 T	 21.93  
 359 T	 27.20  
 360 S	 16.84  
 361 R	 40.87  
 362 R	 33.03  
 363 Y	 8.47  
 364 H	 18.09  
 365 S	 18.39  
 366 L	 4.38  
 367 G	 28.43  
 368 L	 5.44  
 369 F	 4.46  
 370 P	 30.62  
 371 M	 4.24  
 372 D	 40.51  
 373 S	 17.41  
 374 L	 4.57  
 375 A	 13.65  
 376 A	 24.48  
 377 E	 35.65  
 378 I	 5.19  
 379 E	 39.87  
 380 G	 30.39  
 381 T	 10.87  
 382 M	 9.42  
 383 R	 29.18  
 384 K	 52.53  
 385 E	 31.23  
 386 L	 8.70  
 387 Q	 48.17  
 388 L	 11.39  
 389 E	 42.05  
 390 E	 67.35  
 391 A	 17.12  
 392 E	 67.11  
 393 S	 34.61  
 394 P	 28.64  
 395 D	 68.64  
 396 I	 4.15  
 397 T	 26.15  
 398 H	 31.34  
 399 Q	 26.97  
 400 K	 42.81  
 401 R	 31.61  
 402 V	 7.01  
 403 F	 8.27  
 404 E	 43.46  
 405 T	 17.19  
 406 V	 3.29  
 407 R	 45.81  
 408 N	 32.97  
 409 I	 2.40  
 410 N	 31.95  
 411 Q	 37.27  
 412 V	 5.13  
 413 V	 2.93  
 414 K	 40.93  
 415 Q	 28.69  
 416 R	 28.10  
 417 S	 33.82  
 418 L	 9.95  
 419 T	 23.98  
 420 P	 41.55  
 421 S	 31.39  
 422 P	 22.50  
 423 M	 9.24  
 424 N	 40.46  
 425 I	 3.12  
 426 P	 34.85  
 427 G	 35.12  
 428 S	 26.75  
 429 N	 52.23  
 430 Q	 40.22  
 431 S	 25.06  
 432 S	 23.05  
 433 A	 13.36  
 434 M	 3.65  
 435 N	 29.26  
 436 S	 20.01  
 437 L	 4.58  
 438 L	 3.39  
 439 S	 27.30  
 440 S	 20.64  
 441 C	 2.23  
 442 V	 8.46  
 443 S	 36.70  
 444 T	 11.43  
 445 P	 27.01  
 446 R	 45.05  
 447 S	 26.46  
 448 S	 24.62  
 449 F	 9.38  
 450 Y	 20.05  
 451 G	 19.48  
 452 S	 18.06  
 453 D	 48.75  
 454 I	 4.66  
 455 G	 26.35  
 456 N	 22.51  
 457 V	 3.69  
 458 V	 6.88  
 459 L	 5.38  
 460 D	 42.86  
 461 N	 49.22  
 462 K	 49.07  
 463 T	 40.22  
 464 N	 32.59  
 465 S	 19.08  
 466 I	 4.52  
 467 I	 2.60  
 468 L	 6.76  
 469 E	 33.91  
 470 T	 27.72  
 471 E	 32.27  
 472 A	 17.44  
 473 A	 13.31  
 474 D	 63.26  
 475 L	 6.23  
 476 G	 39.84  
 477 N	 56.09  
 478 D	 51.38  
 479 E	 63.95  
 480 R	 57.55  
 481 S	 42.88  
 482 K	 70.03  
 483 K	 50.34  
 484 P	 56.48  
 485 G	 54.12  
 486 T	 27.37  
 487 P	 51.04  
 488 G	 44.36  
 489 T	 26.19  
 490 P	 48.48  
 491 G	 37.13  
 492 S	 18.28  
 493 H	 49.98  
 494 D	 48.15  
 495 L	 5.43  
 496 E	 37.78  
 497 T	 37.99  
 498 A	 6.95  
 499 L	 4.23  
 500 R	 34.72  
 501 R	 29.49  
 502 L	 4.58  
 503 S	 20.30  
 504 L	 7.67  
 505 R	 40.26  
 506 R	 41.63  
 507 E	 43.74  
 508 N	 41.03  
 509 Y	 13.57  
 510 L	 6.90  
 511 S	 20.78  
 512 E	 45.33  
 513 R	 37.01  
 514 R	 36.23  
 515 F	 13.00  
 516 F	 12.54  
 517 E	 58.89  
 518 E	 60.88  
 519 E	 51.01  
 520 Q	 60.10  
 521 E	 55.87  
 522 R	 44.68  
 523 K	 54.49  
 524 L	 6.31  
 525 Q	 46.85  
 526 E	 61.45  
 527 L	 4.87  
 528 A	 18.72  
 529 E	 74.37  
 530 K	 52.67  
 531 G	 30.58  
 532 E	 52.67  
 533 L	 7.82  
 534 R	 34.37  
 535 S	 45.41  
 536 G	 21.90  
 537 S	 30.25  
 538 L	 8.30  
 539 T	 29.84  
 540 P	 39.19  
 541 T	 36.81  
 542 E	 39.20  
 543 S	 26.52  
 544 I	 1.44  
 545 M	 3.63  
 546 S	 23.21  
 547 L	 5.19  
 548 G	 17.67  
 549 T	 23.21  
 550 H	 18.38  
 551 S	 34.55  
 552 R	 31.35  
 553 F	 10.33  
 554 S	 30.59  
 555 E	 44.51  
 556 F	 8.63  
 557 T	 33.01  
 558 G	 21.75  
 559 F	 5.32  
 560 S	 34.62  
 561 G	 17.31  
 562 M	 3.37  
 563 S	 26.04  
 564 F	 5.96  
 565 S	 19.96  
 566 S	 24.20  
 567 R	 28.29  
 568 S	 32.73  
 569 Y	 25.76  
 570 L	 4.69  
 571 P	 28.57  
 572 E	 64.90  
 573 K	 43.69  
 574 L	 3.91  
 575 Q	 49.88  
 576 I	 6.61  
 577 V	 3.17  
 578 K	 45.58  
 579 P	 25.42  
 580 L	 10.90  
 581 E	 60.68  
 582 G	 30.20  
 583 S	 14.54  
 584 A	 25.66  
 585 T	 28.46  
 586 L	 2.53  
 587 H	 18.78  
 588 H	 27.44  
 589 W	 4.11  
 590 Q	 24.85  
 591 Q	 33.31  
 592 L	 2.61  
 593 A	 19.27  
 594 Q	 34.24  
 595 P	 21.04  
 596 H	 25.65  
 597 L	 9.52  
 598 G	 20.33  
 599 G	 24.52  
 600 I	 3.60  
 601 L	 9.31  
 602 D	 34.93  
 603 P	 40.70  
 604 R	 40.03  
 605 P	 45.37  
 606 G	 28.01  
 607 V	 5.68  
 608 V	 5.92  
 609 T	 24.04  
 610 K	 44.43  
 611 G	 14.11  
 612 F	 6.01  
 613 R	 42.94  
 614 T	 25.67  
 615 L	 5.42  
 616 D	 31.13  
 617 V	 9.90  
 618 D	 48.33  
 619 L	 6.42  
 620 D	 38.56  
 621 E	 42.56  
 622 V	 4.00  
 623 Y	 6.81  
 624 C	 3.28  
 625 L	 3.64  
 626 N	 48.65  
 627 D	 39.11  
 628 F	 12.32  
 629 E	 64.48  
 630 E	 62.27  
 631 D	 52.12  
 632 D	 56.73  
 633 T	 57.75  
 634 G	 31.34  
 635 D	 37.73  
 636 H	 16.94  
 637 I	 5.57  
 638 S	 28.97  
 639 L	 2.57  
 640 P	 23.58  
 641 R	 42.10  
 642 L	 6.02  
 643 A	 10.77  
 644 T	 37.41  
 645 S	 25.71  
 646 T	 24.11  
 647 P	 24.44  
 648 V	 9.16  
 649 Q	 47.85  
 650 H	 23.54  
 651 P	 29.48  
 652 E	 53.95  
 653 T	 35.35  
 654 S	 24.76  
 655 A	 16.66  
 656 H	 27.69  
 657 H	 32.31  
 658 P	 33.79  
 659 G	 31.29  
 660 K	 31.08  
 661 C	 3.83  
 662 M	 3.66  
 663 S	 43.24  
 664 Q	 20.16  
 665 T	 24.67  
 666 N	 31.26  
 667 S	 28.43  
 668 T	 28.85  
 669 F	 5.47  
 670 T	 21.84  
 671 F	 4.68  
 672 T	 23.17  
 673 T	 8.80  
 674 C	 2.01  
 675 R	 32.20  
 676 I	 4.51  
 677 L	 2.22  
 678 H	 19.90  
 679 P	 39.78  
 680 S	 32.73  
 681 D	 60.42  
 682 E	 57.27  
 683 L	 4.44  
 684 T	 22.50  
 685 R	 42.83  
 686 V	 8.54  
 687 T	 12.13  
 688 P	 33.68  
 689 S	 30.71  
 690 L	 6.55  
 691 N	 40.23  
 692 S	 40.70  
 693 A	 15.77  
 694 P	 38.44  
 695 T	 24.20  
 696 P	 25.21  
 697 A	 16.87  
 698 C	 4.69  
 699 G	 35.74  
 700 S	 26.99  
 701 T	 12.88  
 702 S	 28.64  
 703 H	 37.05  
 704 L	 4.73  
 705 K	 47.03  
 706 S	 44.28  
 707 T	 21.86  
 708 P	 22.34  
 709 V	 10.57  
 710 A	 13.66  
 711 T	 21.09  
 712 P	 15.39  
 713 C	 7.70  
 714 T	 22.49  
 715 P	 26.55  
 716 R	 33.74  
 717 R	 29.81  
 718 L	 5.34  
 719 S	 24.58  
 720 L	 7.89  
 721 A	 13.65  
 722 E	 52.24  
 723 S	 31.59  
 724 F	 4.61  
 725 T	 44.98  
 726 N	 34.82  
 727 T	 32.53  
 728 R	 37.63  
 729 E	 50.85  
 730 S	 27.97  
 731 T	 22.87  
 732 T	 29.76  
 733 T	 14.82  
 734 M	 3.75  
 735 S	 16.86  
 736 T	 19.69  
 737 S	 17.09  
 738 L	 6.61  
 739 G	 20.25  
 740 L	 2.79  
 741 V	 3.00  
 742 W	 10.87  
 743 L	 3.69  
 744 L	 2.95  
 745 K	 43.10  
 746 E	 56.99  
 747 R	 46.27  
 748 G	 21.21  
 749 I	 2.95  
 750 S	 17.01  
 751 A	 10.06  
 752 A	 8.13  
 753 V	 5.79  
 754 Y	 19.72  
 755 D	 28.32  
 756 P	 16.65  
 757 Q	 55.01  
 758 S	 36.01  
 759 W	 8.21  
 760 D	 35.48  
 761 R	 32.46  
 762 A	 15.01  
 763 G	 35.06  
 764 R	 30.46  
 765 G	 23.02  
 766 S	 26.79  
 767 L	 5.78  
 768 L	 2.43  
 769 H	 24.85  
 770 S	 30.58  
 771 Y	 19.13  
 772 T	 21.32  
 773 P	 19.05  
 774 K	 31.52  
 775 M	 3.66  
 776 A	 11.38  
 777 V	 6.22  
 778 I	 1.29  
 779 P	 26.08  
 780 S	 42.28  
 781 T	 37.09  
 782 P	 30.34  
 783 P	 54.76  
 784 N	 61.01  
 785 S	 27.76  
 786 P	 26.07  
 787 M	 7.51  
 788 Q	 47.95  
 789 T	 23.45  
 790 P	 17.25  
 791 T	 45.27  
 792 S	 41.89  
 793 S	 43.22  
 794 P	 28.46  
 795 P	 54.31  
 796 S	 40.57  
 797 F	 18.45  
 798 E	 48.84  
 799 F	 8.09  
 800 K	 29.43  
 801 C	 5.74  
 802 T	 44.87  
 803 S	 33.09  
 804 P	 17.20  
 805 P	 49.21  
 806 Y	 27.23  
 807 D	 45.22  
 808 N	 28.17  
 809 F	 5.72  
 810 L	 7.06  
 811 A	 16.03  
 812 S	 41.12  
 813 K	 38.71  
 814 P	 34.57  
 815 A	 21.46  
 816 S	 26.83  
 817 S	 27.96  
 818 I	 3.78  
 819 L	 4.06  
 820 R	 38.40  
 821 E	 42.34  
 822 V	 8.50  
 823 R	 44.40  
 824 E	 54.91  
 825 K	 50.61  
 826 N	 29.67  
 827 V	 10.46  
 828 R	 43.81  
 829 S	 33.89  
 830 S	 30.61  
 831 E	 48.38  
 832 S	 40.09  
 833 Q	 37.35  
 834 T	 47.88  
 835 D	 24.05  
 836 V	 7.46  
 837 S	 23.72  
 838 V	 4.40  
 839 S	 28.26  
 840 N	 30.69  
 841 L	 4.00  
 842 N	 42.12  
 843 L	 6.25  
 844 V	 6.96  
 845 D	 47.07  
 846 K	 30.11  
 847 V	 4.61  
 848 R	 33.67  
 849 R	 35.34  
 850 F	 6.90  
 851 G	 19.36  
 852 V	 4.24  
 853 A	 10.17  
 854 K	 44.29  
 855 V	 3.39  
 856 V	 4.68  
 857 N	 41.56  
 858 S	 20.32  
 859 G	 26.12  
 860 R	 22.72  
 861 A	 16.14  
 862 H	 25.40  
 863 V	 3.65  
 864 P	 16.30  
 865 T	 45.27  
 866 L	 4.67  
 867 T	 39.70  
 868 E	 51.97  
 869 E	 56.45  
 870 Q	 53.20  
 871 G	 20.36  
 872 P	 23.12  
 873 L	 8.70  
 874 L	 3.41  
 875 C	 11.51  
 876 G	 31.26  
 877 P	 29.67  
 878 P	 46.84  
 879 G	 33.85  
 880 P	 40.62  
 881 A	 14.12  
 882 P	 29.29  
 883 A	 24.25  
 884 L	 5.47  
 885 V	 3.10  
 886 P	 26.02  
 887 R	 43.53  
 888 G	 25.59  
 889 L	 6.49  
 890 V	 4.52  
 891 P	 34.67  
 892 E	 66.92  
 893 G	 26.90  
 894 L	 3.26  
 895 P	 28.72  
 896 L	 12.08  
 897 R	 23.56  
 898 C	 4.34  
 899 P	 24.38  
 900 T	 39.79  
 901 V	 2.10  
 902 T	 18.21  
 903 S	 17.35  
 904 A	 8.62  
 905 I	 4.50  
 906 G	 30.40  
 907 G	 12.25  
 908 L	 4.40  
 909 Q	 41.70  
 910 L	 7.10  
 911 N	 25.81  
 912 S	 44.16  
 913 G	 19.15  
 914 I	 3.62  
 915 R	 33.09  
 916 R	 40.78  
 917 N	 33.81  
 918 R	 37.55  
 919 S	 38.84  
 920 F	 5.43  
 921 P	 22.34  
 922 T	 23.60  
 923 M	 3.06  
 924 V	 8.07  
 925 G	 11.81  
 926 S	 15.95  
 927 S	 13.70  
 928 M	 4.90  
 929 Q	 31.97  
 930 M	 2.75  
 931 K	 32.42  
 932 A	 9.84  
 933 P	 17.69  
 934 V	 9.05  
 935 T	 24.22  
 936 L	 3.50  
 937 T	 18.62  
 938 S	 27.27  
 939 G	 16.29  
 940 I	 2.10  
 941 L	 2.71  
 942 M	 4.66  
 943 G	 19.00  
 944 A	 8.82  
 945 K	 47.79  
 946 L	 8.40  
 947 S	 23.24  
 948 K	 68.95  
 949 Q	 32.71  
 950 T	 33.20  
 951 S	 21.47  
 952 L	 9.52  
 953 R	 44.24  
