 1 H	 48.59  
 2 T	 50.58  
 3 Q	 58.15  
 4 K	 56.44  
 5 P	 40.32  
 6 D	 72.24  
 7 E	 57.32  
 8 Q	 62.67  
 9 R	 40.72  
 10 S	 54.26  
 11 E	 45.52  
 12 P	 30.63  
 13 S	 34.77  
 14 A	 30.56  
 15 G	 40.86  
 16 I	 2.74  
 17 P	 24.93  
 18 K	 57.11  
 19 V	 5.01  
 20 T	 19.31  
 21 S	 28.30  
 22 R	 16.43  
 23 C	 3.98  
 24 I	 6.96  
 25 D	 58.23  
 26 S	 21.00  
 27 K	 64.86  
 28 E	 56.30  
 29 P	 37.16  
 30 I	 8.01  
 31 E	 73.27  
 32 R	 44.65  
 33 P	 41.11  
 34 E	 82.15  
 35 E	 76.86  
 36 K	 61.55  
 37 P	 57.12  
 38 K	 74.62  
 39 K	 72.15  
 40 E	 66.52  
 41 G	 31.96  
 42 F	 4.38  
 43 I	 6.50  
 44 R	 31.69  
 45 S	 28.11  
 46 S	 36.40  
 47 E	 79.39  
 48 G	 37.16  
 49 P	 45.00  
 50 K	 76.34  
 51 P	 50.18  
 52 E	 62.37  
 53 K	 60.43  
 54 V	 7.49  
 55 Y	 22.17  
 56 K	 55.16  
 57 S	 24.59  
 58 K	 48.43  
 59 S	 51.82  
 60 E	 46.24  
 61 T	 38.52  
 62 R	 32.10  
 63 W	 28.67  
 64 G	 12.68  
 65 P	 37.74  
 66 R	 39.53  
 67 P	 45.29  
 68 S	 41.34  
 69 S	 36.72  
 70 N	 51.90  
 71 R	 49.70  
 72 R	 48.99  
 73 E	 64.16  
 74 E	 44.82  
 75 V	 8.49  
 76 N	 42.74  
 77 D	 62.53  
 78 R	 26.81  
 79 P	 27.16  
 80 V	 9.17  
 81 R	 29.72  
 82 R	 46.31  
 83 S	 38.05  
 84 G	 26.58  
 85 P	 36.15  
 86 I	 11.62  
 87 K	 54.91  
 88 K	 40.87  
 89 P	 25.93  
 90 V	 10.59  
 91 L	 5.36  
 92 R	 42.06  
 93 D	 48.63  
 94 M	 4.81  
 95 K	 61.79  
 96 E	 56.50  
 97 E	 56.87  
 98 R	 46.57  
 99 E	 59.00  
 100 Q	 68.89  
 101 R	 44.33  
 102 K	 73.21  
 103 E	 59.54  
 104 K	 74.24  
 105 E	 73.92  
 106 G	 53.42  
 107 E	 50.62  
 108 K	 73.10  
 109 A	 19.96  
 110 E	 60.16  
 111 K	 60.35  
 112 V	 6.68  
 113 T	 40.95  
 114 E	 47.01  
 115 K	 30.85  
 116 V	 4.94  
 117 V	 7.30  
 118 V	 10.82  
 119 K	 35.53  
 120 P	 36.39  
 121 E	 67.88  
 122 K	 71.20  
 123 T	 51.91  
 124 E	 70.00  
 125 K	 57.74  
 126 K	 59.26  
 127 D	 75.40  
 128 L	 10.61  
 129 P	 49.86  
 130 P	 62.42  
 131 P	 52.68  
 132 P	 60.86  
 133 P	 60.00  
 134 P	 46.03  
 135 P	 66.15  
 136 Q	 63.48  
 137 P	 32.56  
 138 P	 45.48  
 139 A	 22.10  
 140 P	 31.36  
 141 I	 11.51  
 142 Q	 28.99  
 143 P	 29.18  
 144 Q	 40.46  
 145 S	 43.18  
 146 V	 7.50  
 147 P	 33.91  
 148 P	 36.15  
 149 P	 31.60  
 150 I	 15.28  
 151 Q	 35.24  
 152 P	 43.41  
 153 E	 53.75  
 154 A	 31.78  
 155 E	 54.27  
 156 K	 70.40  
 157 F	 4.32  
 158 P	 51.95  
 159 S	 41.84  
 160 T	 37.28  
 161 E	 40.56  
 162 T	 25.65  
 163 A	 8.39  
 164 T	 30.00  
 165 L	 4.39  
 166 A	 15.82  
 167 Q	 62.39  
 168 K	 40.82  
 169 P	 25.74  
 170 S	 47.96  
 171 Q	 70.89  
 172 D	 62.26  
 173 T	 37.97  
 174 E	 62.05  
 175 K	 57.93  
 176 P	 35.41  
 177 L	 20.15  
 178 E	 52.78  
 179 P	 32.80  
 180 V	 5.67  
 181 S	 33.31  
 182 T	 18.39  
 183 V	 4.71  
 184 Q	 33.66  
 185 V	 9.16  
 186 E	 15.51  
 187 P	 43.42  
 188 A	 11.26  
 189 V	 8.59  
 190 K	 49.19  
 191 T	 20.35  
 192 V	 5.15  
 193 N	 33.21  
 194 Q	 35.47  
 195 Q	 28.21  
 196 T	 10.06  
 197 M	 2.32  
 198 A	 16.41  
 199 A	 6.13  
 200 P	 23.15  
 201 V	 9.12  
 202 V	 6.68  
 203 K	 61.46  
 204 E	 59.84  
 205 E	 51.80  
 206 K	 72.71  
 207 Q	 55.45  
 208 P	 55.21  
 209 E	 58.42  
 210 K	 52.10  
 211 V	 5.95  
 212 I	 6.66  
 213 S	 24.09  
 214 K	 43.91  
 215 D	 39.10  
 216 L	 4.86  
 217 V	 6.48  
 218 I	 4.90  
 219 E	 49.51  
 220 R	 22.77  
 221 P	 39.09  
 222 R	 54.61  
 223 P	 46.76  
 224 D	 59.57  
 225 S	 42.73  
 226 R	 30.49  
 227 P	 45.41  
 228 A	 25.34  
 229 V	 11.45  
 230 K	 53.59  
 231 K	 50.74  
 232 E	 43.15  
 233 S	 44.09  
 234 T	 44.36  
 235 L	 8.39  
 236 P	 19.20  
 237 P	 44.34  
 238 R	 38.21  
 239 T	 39.24  
 240 Y	 18.76  
 241 W	 7.44  
 242 K	 30.96  
 243 E	 38.52  
 244 A	 18.20  
 245 R	 40.34  
 246 E	 63.14  
 247 R	 40.69  
 248 D	 46.76  
 249 W	 16.94  
 250 F	 5.83  
 251 P	 28.85  
 252 D	 45.09  
 253 Q	 51.56  
 254 G	 22.83  
 255 Y	 12.31  
 256 R	 34.85  
 257 G	 28.10  
 258 R	 23.72  
 259 G	 44.78  
 260 R	 33.15  
 261 G	 30.04  
 262 E	 39.68  
 263 Y	 15.01  
 264 Y	 6.38  
 265 S	 27.62  
 266 R	 28.55  
 267 G	 19.56  
 268 R	 29.42  
 269 S	 23.23  
 270 Y	 20.03  
 271 R	 28.91  
 272 G	 19.58  
 273 S	 16.17  
 274 Y	 26.82  
 275 G	 22.48  
 276 G	 22.19  
 277 R	 27.54  
 278 G	 35.54  
 279 R	 42.93  
 280 G	 32.73  
 281 G	 30.91  
 282 R	 36.22  
 283 G	 29.78  
 284 H	 19.17  
 285 T	 28.23  
 286 R	 35.47  
 287 D	 61.70  
 288 Y	 6.74  
 289 P	 29.08  
 290 Q	 39.40  
 291 Y	 18.54  
 292 R	 35.46  
 293 D	 63.67  
 294 N	 47.43  
 295 K	 39.92  
 296 P	 47.14  
 297 R	 54.97  
 298 A	 22.65  
 299 E	 43.56  
 300 H	 35.95  
 301 I	 1.87  
 302 P	 34.83  
 303 S	 53.06  
 304 G	 21.65  
 305 P	 28.80  
 306 L	 9.21  
 307 R	 36.32  
 308 Q	 65.89  
 309 R	 43.12  
 310 E	 58.50  
 311 E	 56.94  
 312 S	 39.24  
 313 E	 52.07  
 314 T	 49.10  
 315 R	 34.08  
 316 S	 49.61  
 317 E	 51.47  
 318 S	 36.13  
 319 S	 42.12  
 320 D	 53.67  
 321 F	 9.19  
 322 E	 47.82  
 323 V	 10.10  
 324 V	 3.49  
 325 P	 29.61  
 326 K	 47.10  
 327 R	 32.70  
 328 R	 45.25  
 329 R	 34.28  
 330 Q	 52.88  
 331 R	 49.12  
 332 G	 22.84  
 333 S	 39.24  
 334 E	 54.23  
 335 T	 45.99  
 336 D	 44.45  
 337 T	 49.17  
 338 D	 47.27  
 339 S	 40.31  
 340 E	 51.69  
 341 I	 5.17  
 342 H	 20.93  
 343 E	 54.37  
 344 S	 20.93  
 345 A	 20.82  
 346 S	 55.24  
 347 D	 59.50  
 348 K	 46.88  
 349 D	 60.86  
 350 S	 40.04  
 351 L	 9.82  
 352 S	 43.23  
 353 K	 66.41  
 354 G	 33.10  
 355 K	 66.41  
 356 L	 9.13  
 357 P	 36.82  
 358 K	 80.85  
 359 R	 49.41  
 360 E	 65.57  
 361 E	 77.04  
 362 R	 38.79  
 363 P	 53.44  
 364 E	 84.00  
 365 N	 61.40  
 366 K	 57.71  
 367 K	 67.63  
 368 P	 40.76  
 369 V	 24.10  
 370 K	 45.61  
 371 P	 32.59  
 372 H	 30.29  
 373 S	 46.10  
 374 S	 33.97  
 375 F	 17.43  
 376 K	 54.10  
 377 P	 45.70  
 378 D	 59.46  
 379 N	 44.04  
 380 H	 20.01  
 381 V	 7.81  
 382 R	 24.00  
 383 I	 5.53  
 384 D	 24.51  
 385 N	 33.84  
 386 R	 36.58  
 387 L	 10.19  
 388 L	 7.79  
 389 E	 57.48  
 390 K	 41.43  
 391 P	 24.39  
 392 Y	 21.13  
 393 V	 7.99  
 394 R	 35.48  
 395 D	 59.42  
 396 D	 49.06  
 397 D	 58.04  
 398 K	 66.36  
 399 A	 30.21  
 400 K	 51.95  
 401 P	 43.56  
 402 G	 35.70  
 403 F	 16.70  
 404 L	 5.48  
 405 P	 40.10  
 406 K	 77.41  
 407 G	 44.15  
 408 E	 50.02  
 409 P	 39.61  
 410 T	 28.79  
 411 R	 50.17  
 412 R	 41.46  
 413 G	 29.33  
 414 R	 38.26  
 415 G	 42.17  
 416 G	 21.96  
 417 T	 19.45  
 418 F	 5.92  
 419 R	 35.85  
 420 R	 47.96  
 421 G	 31.09  
 422 G	 29.07  
 423 R	 50.18  
 424 D	 49.85  
 425 P	 45.86  
 426 G	 49.37  
 427 G	 43.65  
 428 R	 31.75  
 429 P	 37.66  
 430 S	 56.30  
 431 R	 31.69  
 432 P	 35.68  
 433 S	 38.68  
 434 T	 27.28  
 435 L	 5.26  
 436 R	 42.50  
 437 R	 24.26  
 438 P	 27.49  
 439 A	 15.35  
 440 Y	 22.60  
 441 R	 38.21  
 442 D	 38.71  
 443 N	 39.51  
 444 Q	 45.68  
 445 W	 24.05  
 446 N	 16.47  
 447 P	 32.50  
 448 R	 49.82  
 449 Q	 45.24  
 450 S	 41.67  
 451 E	 55.27  
 452 V	 10.01  
 453 P	 42.29  
 454 K	 67.24  
 455 P	 38.55  
 456 E	 82.09  
 457 D	 75.24  
 458 G	 47.88  
 459 E	 65.54  
 460 P	 32.97  
 461 P	 41.45  
 462 R	 64.40  
 463 R	 43.39  
 464 H	 34.19  
 465 E	 45.43  
 466 Q	 35.13  
 467 F	 6.98  
 468 I	 2.11  
 469 P	 16.08  
 470 I	 4.17  
 471 A	 12.31  
 472 A	 24.47  
 473 D	 38.17  
 474 K	 63.18  
 475 R	 53.99  
 476 P	 42.02  
 477 P	 58.98  
 478 K	 63.64  
 479 F	 15.75  
 480 E	 62.17  
 481 R	 48.34  
 482 K	 47.09  
 483 F	 19.95  
 484 D	 38.70  
 485 P	 36.03  
 486 A	 28.01  
 487 R	 45.93  
 488 E	 69.97  
 489 R	 25.19  
 490 P	 30.93  
 491 R	 54.29  
 492 R	 39.27  
 493 Q	 57.91  
 494 R	 32.52  
 495 P	 25.15  
 496 T	 58.98  
 497 R	 41.74  
 498 P	 30.79  
 499 P	 43.18  
 500 R	 61.07  
 501 Q	 69.70  
 502 D	 67.71  
 503 K	 48.89  
 504 P	 33.32  
 505 P	 54.50  
 506 R	 46.35  
 507 F	 7.04  
 508 R	 37.69  
 509 R	 35.07  
 510 L	 6.09  
 511 R	 38.83  
 512 E	 60.51  
 513 R	 32.21  
 514 E	 43.78  
 515 A	 24.21  
 516 A	 16.85  
 517 S	 43.60  
 518 K	 53.20  
 519 S	 35.41  
 520 N	 50.23  
 521 E	 45.52  
 522 V	 3.81  
 523 V	 3.47  
 524 A	 13.52  
 525 V	 3.98  
 526 P	 15.48  
 527 T	 39.42  
 528 N	 37.76  
 529 G	 33.25  
 530 T	 23.33  
 531 V	 5.34  
 532 N	 36.78  
 533 N	 26.60  
 534 V	 4.99  
 535 A	 15.33  
 536 Q	 51.77  
 537 E	 41.29  
 538 P	 16.75  
 539 V	 9.34  
 540 N	 40.06  
 541 T	 32.14  
 542 L	 4.97  
 543 G	 28.32  
 544 D	 34.69  
 545 I	 5.57  
 546 S	 40.84  
 547 G	 39.73  
 548 N	 37.93  
 549 K	 66.03  
 550 T	 26.49  
 551 P	 42.00  
 552 D	 68.88  
 553 L	 5.65  
 554 S	 43.69  
 555 N	 52.96  
 556 Q	 48.05  
 557 N	 47.97  
 558 S	 26.06  
 559 S	 41.09  
 560 D	 51.97  
 561 Q	 48.30  
 562 A	 30.32  
 563 N	 41.93  
 564 E	 68.45  
 565 E	 50.88  
 566 W	 11.32  
 567 E	 37.46  
 568 T	 36.23  
 569 A	 10.37  
 570 S	 45.49  
 571 E	 52.37  
 572 S	 32.48  
 573 S	 42.01  
 574 D	 60.72  
 575 F	 12.66  
 576 N	 47.02  
 577 E	 53.78  
 578 R	 47.03  
 579 R	 36.80  
 580 E	 71.37  
 581 R	 56.42  
 582 D	 68.28  
 583 E	 72.63  
 584 K	 56.46  
 585 K	 56.15  
 586 N	 50.16  
 587 A	 31.39  
 588 D	 50.26  
 589 L	 5.48  
 590 N	 30.46  
 591 A	 17.45  
 592 Q	 33.48  
 593 T	 25.51  
 594 V	 2.32  
 595 V	 4.76  
 596 K	 39.94  
 597 V	 8.64  
 598 G	 18.29  
 599 E	 47.34  
 600 N	 34.40  
 601 V	 8.05  
 602 L	 10.16  
 603 P	 28.25  
 604 P	 44.14  
 605 K	 61.80  
 606 R	 46.45  
 607 E	 54.12  
 608 I	 6.77  
 609 A	 9.10  
 610 K	 54.99  
 611 R	 33.63  
 612 S	 28.86  
 613 F	 10.66  
 614 S	 27.14  
 615 S	 28.35  
 616 Q	 53.12  
 617 R	 34.85  
 618 P	 25.40  
 619 V	 11.75  
 620 D	 49.48  
 621 R	 35.59  
 622 Q	 43.23  
 623 N	 36.19  
 624 R	 39.27  
 625 R	 60.79  
 626 G	 28.81  
 627 N	 48.77  
 628 N	 68.14  
 629 G	 43.84  
 630 P	 34.96  
 631 P	 44.86  
 632 K	 69.54  
 633 S	 49.08  
 634 G	 34.38  
 635 R	 48.38  
 636 N	 38.67  
 637 F	 9.58  
 638 S	 51.98  
 639 G	 22.50  
 640 P	 34.42  
 641 R	 62.25  
 642 N	 50.70  
 643 E	 51.23  
 644 R	 41.43  
 645 R	 39.52  
 646 S	 62.97  
 647 G	 36.00  
 648 P	 31.10  
 649 P	 58.89  
 650 S	 42.46  
 651 K	 69.84  
 652 S	 54.61  
 653 G	 27.67  
 654 K	 62.36  
 655 R	 62.64  
 656 G	 30.61  
 657 P	 33.26  
 658 F	 21.07  
 659 D	 57.69  
 660 D	 57.66  
 661 Q	 31.42  
 662 P	 39.38  
 663 A	 23.49  
 664 G	 30.41  
 665 T	 23.60  
 666 T	 34.00  
 667 G	 15.69  
 668 V	 5.20  
 669 D	 43.08  
 670 L	 2.81  
 671 I	 4.80  
 672 N	 52.14  
 673 G	 18.91  
 674 S	 21.62  
 675 S	 32.78  
 676 A	 13.09  
 677 H	 25.72  
 678 H	 27.40  
 679 Q	 38.99  
 680 E	 58.77  
 681 G	 33.34  
 682 V	 3.07  
 683 P	 44.37  
 684 N	 59.25  
 685 G	 25.75  
 686 T	 42.98  
 687 G	 37.55  
 688 Q	 41.41  
 689 K	 65.61  
 690 N	 46.54  
 691 S	 36.59  
 692 K	 67.24  
 693 D	 34.72  
 694 C	 6.58  
 695 T	 63.27  
 696 G	 39.56  
 697 K	 30.42  
 698 K	 63.46  
 699 R	 57.97  
 700 E	 83.79  
 701 D	 61.63  
 702 P	 39.73  
 703 K	 74.95  
 704 P	 70.48  
 705 G	 53.43  
 706 P	 50.45  
 707 K	 83.83  
 708 K	 65.54  
 709 P	 57.05  
 710 K	 78.15  
 711 E	 67.83  
 712 K	 52.09  
 713 V	 5.66  
 714 D	 53.51  
 715 A	 16.46  
 716 L	 3.41  
 717 S	 30.44  
 718 Q	 36.40  
 719 F	 11.80  
 720 D	 40.63  
 721 L	 4.77  
 722 N	 41.11  
 723 N	 40.83  
 724 Y	 10.12  
 725 A	 9.66  
 726 S	 13.42  
 727 V	 2.46  
 728 V	 2.69  
 729 I	 2.40  
 730 I	 3.26  
 731 D	 36.72  
 732 D	 49.16  
 733 H	 19.37  
 734 P	 44.76  
 735 E	 47.61  
 736 V	 6.45  
 737 T	 17.69  
 738 V	 5.65  
 739 I	 3.47  
 740 E	 60.34  
 741 D	 35.10  
 742 P	 27.06  
 743 Q	 58.22  
 744 S	 48.99  
 745 N	 37.30  
 746 L	 10.09  
 747 N	 49.96  
 748 D	 61.65  
 749 D	 53.70  
 750 G	 33.95  
 751 F	 7.28  
 752 T	 33.14  
 753 E	 38.37  
 754 V	 5.53  
 755 V	 5.89  
 756 S	 39.03  
 757 K	 42.88  
 758 K	 50.91  
 759 Q	 58.73  
 760 Q	 41.54  
 761 K	 53.21  
 762 R	 32.99  
 763 L	 10.96  
 764 Q	 61.17  
 765 D	 65.40  
 766 E	 40.20  
 767 E	 67.10  
 768 R	 54.38  
 769 R	 58.64  
 770 K	 71.41  
 771 K	 65.75  
 772 E	 57.61  
 773 E	 60.05  
 774 Q	 38.41  
 775 V	 3.60  
 776 I	 2.46  
 777 Q	 35.00  
 778 V	 4.12  
 779 W	 8.44  
 780 N	 46.71  
 781 K	 31.52  
 782 K	 59.07  
 783 N	 50.00  
 784 A	 34.14  
 785 N	 61.99  
 786 E	 55.25  
 787 K	 60.47  
 788 G	 28.44  
 789 R	 36.34  
 790 S	 46.62  
 791 Q	 48.73  
 792 T	 29.13  
 793 S	 25.26  
 794 K	 69.29  
 795 L	 7.66  
 796 P	 23.04  
 797 P	 55.23  
 798 R	 42.06  
 799 F	 16.81  
 800 A	 21.29  
 801 K	 42.58  
 802 K	 41.56  
 803 Q	 43.37  
 804 A	 19.37  
 805 T	 32.12  
 806 G	 20.80  
 807 I	 2.08  
 808 Q	 33.62  
 809 Q	 39.17  
 810 A	 8.54  
 811 Q	 33.31  
 812 S	 30.78  
 813 S	 16.69  
 814 A	 21.57  
 815 S	 36.78  
 816 V	 5.91  
 817 P	 18.72  
 818 P	 38.10  
 819 L	 4.87  
 820 A	 14.93  
 821 S	 37.79  
 822 A	 12.21  
 823 P	 42.79  
 824 L	 11.02  
 825 P	 21.53  
 826 P	 47.86  
 827 S	 33.83  
 828 T	 32.48  
 829 L	 6.26  
 830 A	 11.53  
 831 P	 24.57  
 832 V	 6.58  
 833 S	 18.56  
 834 A	 14.89  
 835 S	 17.36  
 836 A	 17.42  
 837 S	 17.70  
 838 V	 5.76  
 839 S	 16.60  
 840 A	 16.64  
 841 S	 22.56  
 842 V	 4.61  
 843 P	 20.28  
 844 A	 24.24  
 845 S	 19.47  
 846 T	 25.21  
 847 S	 17.26  
 848 A	 10.86  
 849 A	 10.12  
 850 A	 12.81  
 851 I	 3.09  
 852 T	 20.17  
 853 S	 19.04  
 854 S	 23.13  
 855 S	 37.73  
 856 A	 12.96  
 857 P	 28.79  
 858 A	 20.31  
 859 S	 33.45  
 860 A	 13.33  
 861 P	 35.96  
 862 A	 21.95  
 863 P	 37.33  
 864 T	 25.68  
 865 P	 20.66  
 866 I	 5.74  
 867 L	 2.83  
 868 A	 14.49  
 869 S	 17.10  
 870 V	 6.50  
 871 S	 26.61  
 872 T	 22.25  
 873 P	 18.28  
 874 A	 19.40  
 875 S	 22.46  
 876 V	 4.13  
 877 T	 14.05  
 878 I	 2.57  
 879 L	 1.94  
 880 A	 10.13  
 881 S	 21.07  
 882 A	 13.08  
 883 S	 26.80  
 884 I	 2.16  
 885 P	 17.04  
 886 I	 4.84  
 887 L	 2.30  
 888 A	 8.09  
 889 S	 21.99  
 890 A	 11.09  
 891 L	 3.42  
 892 A	 15.52  
 893 S	 24.60  
 894 T	 24.25  
 895 S	 29.74  
 896 A	 16.45  
 897 P	 38.39  
 898 T	 31.62  
 899 P	 34.88  
 900 A	 14.61  
 901 P	 29.57  
 902 A	 23.29  
 903 A	 14.96  
 904 S	 38.67  
 905 S	 17.52  
 906 P	 29.91  
 907 A	 26.75  
 908 A	 11.41  
 909 P	 21.83  
 910 V	 5.35  
 911 I	 2.37  
 912 T	 27.15  
 913 A	 6.52  
 914 P	 23.39  
 915 T	 36.81  
 916 I	 2.33  
 917 P	 23.73  
 918 A	 17.93  
 919 S	 29.44  
 920 A	 13.94  
 921 P	 26.46  
 922 T	 31.14  
 923 A	 13.89  
 924 S	 27.09  
 925 V	 4.11  
 926 P	 21.95  
 927 L	 9.27  
 928 A	 7.49  
 929 P	 34.14  
 930 A	 16.48  
 931 S	 23.00  
 932 A	 16.30  
 933 S	 32.08  
 934 A	 12.18  
 935 P	 35.96  
 936 A	 16.77  
 937 P	 37.40  
 938 A	 23.78  
 939 P	 35.85  
 940 T	 38.13  
 941 P	 19.60  
 942 V	 9.31  
 943 S	 38.93  
 944 A	 14.23  
 945 P	 39.57  
 946 N	 45.11  
 947 P	 45.12  
 948 A	 29.37  
 949 P	 27.17  
 950 P	 53.64  
 951 A	 15.82  
 952 P	 30.58  
 953 A	 27.45  
 954 Q	 32.84  
 955 T	 28.16  
 956 Q	 21.28  
 957 A	 21.45  
 958 Q	 34.03  
 959 T	 34.58  
 960 H	 21.97  
 961 K	 50.72  
 962 P	 25.89  
 963 V	 11.65  
 964 Q	 55.11  
 965 N	 39.21  
 966 P	 14.57  
 967 L	 10.42  
 968 Q	 43.95  
 969 T	 35.78  
 970 T	 16.29  
 971 S	 31.30  
 972 Q	 50.02  
 973 S	 38.99  
 974 S	 27.89  
 975 K	 72.56  
 976 Q	 58.65  
 977 P	 46.64  
 978 P	 32.54  
 979 P	 49.42  
 980 S	 26.56  
 981 I	 6.90  
 982 R	 44.90  
 983 L	 3.61  
 984 P	 20.12  
 985 S	 37.29  
 986 A	 18.48  
 987 Q	 62.92  
 988 T	 20.59  
 989 P	 25.77  
 990 N	 70.19  
 991 G	 22.59  
 992 T	 30.69  
 993 D	 36.99  
 994 Y	 9.58  
 995 V	 3.68  
 996 A	 13.31  
 997 S	 36.39  
 998 G	 20.28  
 999 K	 41.72  
 1000 S	 24.37  
 1001 I	 6.35  
 1002 Q	 54.97  
 1003 T	 22.94  
 1004 P	 19.80  
 1005 Q	 51.99  
 1006 S	 25.70  
 1007 H	 28.19  
 1008 G	 27.89  
 1009 T	 18.60  
 1010 L	 5.17  
 1011 T	 20.23  
 1012 A	 17.01  
 1013 E	 45.20  
 1014 L	 6.89  
 1015 W	 9.91  
 1016 D	 58.66  
 1017 N	 29.17  
 1018 K	 36.98  
 1019 V	 14.00  
 1020 A	 13.13  
 1021 P	 21.99  
 1022 P	 25.84  
 1023 A	 19.85  
 1024 V	 6.73  
 1025 L	 5.32  
 1026 N	 37.66  
 1027 D	 42.23  
 1028 I	 6.73  
 1029 S	 26.97  
 1030 K	 52.96  
 1031 K	 52.46  
 1032 L	 13.02  
 1033 G	 26.78  
 1034 P	 34.03  
 1035 I	 10.29  
 1036 S	 33.39  
 1037 P	 32.06  
 1038 P	 53.14  
 1039 Q	 66.96  
 1040 P	 28.98  
 1041 P	 41.96  
 1042 S	 35.07  
 1043 V	 5.81  
 1044 S	 31.72  
 1045 A	 16.23  
 1046 W	 13.08  
 1047 N	 35.47  
 1048 K	 30.61  
 1049 P	 37.34  
 1050 L	 7.18  
 1051 T	 30.45  
 1052 S	 34.98  
 1053 F	 8.26  
 1054 G	 23.75  
 1055 S	 34.69  
 1056 A	 14.36  
 1057 P	 39.83  
 1058 S	 40.51  
 1059 S	 38.70  
 1060 E	 68.46  
 1061 G	 43.74  
 1062 A	 9.70  
 1063 K	 72.90  
 1064 N	 57.77  
 1065 G	 31.74  
 1066 Q	 51.59  
 1067 E	 48.44  
 1068 S	 40.57  
 1069 G	 26.95  
 1070 L	 6.37  
 1071 E	 42.78  
 1072 I	 9.65  
 1073 G	 14.25  
 1074 T	 35.31  
 1075 D	 36.28  
 1076 T	 19.27  
 1077 I	 3.39  
 1078 Q	 32.58  
 1079 F	 8.78  
 1080 G	 17.80  
 1081 A	 9.58  
 1082 P	 36.28  
 1083 A	 18.33  
 1084 S	 44.18  
 1085 N	 60.46  
 1086 G	 40.09  
 1087 N	 53.85  
 1088 E	 57.05  
 1089 N	 51.90  
 1090 E	 38.42  
 1091 V	 9.94  
 1092 V	 1.90  
 1093 P	 26.89  
 1094 V	 6.58  
 1095 L	 4.47  
 1096 S	 43.12  
 1097 E	 47.04  
 1098 K	 47.79  
 1099 S	 37.33  
 1100 A	 32.93  
 1101 D	 57.41  
 1102 K	 60.93  
 1103 I	 4.87  
 1104 P	 58.54  
 1105 E	 72.91  
 1106 P	 39.88  
 1107 K	 65.89  
 1108 E	 62.81  
 1109 Q	 60.27  
 1110 R	 46.91  
 1111 Q	 48.72  
 1112 K	 65.54  
 1113 Q	 25.11  
 1114 P	 34.81  
 1115 R	 50.08  
 1116 A	 34.49  
 1117 G	 26.24  
 1118 P	 24.75  
 1119 I	 5.89  
 1120 K	 48.15  
 1121 A	 16.68  
 1122 Q	 42.70  
 1123 K	 67.84  
 1124 L	 2.37  
 1125 P	 47.75  
 1126 D	 70.93  
 1127 L	 6.18  
 1128 S	 33.99  
 1129 P	 44.75  
 1130 V	 13.07  
 1131 E	 67.00  
 1132 N	 56.07  
 1133 K	 47.92  
 1134 E	 69.59  
 1135 H	 43.13  
 1136 K	 53.41  
 1137 P	 56.55  
 1138 G	 31.12  
 1139 P	 40.46  
 1140 I	 17.83  
 1141 G	 28.98  
 1142 K	 51.15  
 1143 E	 42.14  
 1144 R	 51.26  
 1145 S	 44.80  
 1146 L	 7.74  
 1147 K	 56.82  
 1148 N	 55.06  
 1149 R	 43.49  
 1150 K	 64.13  
 1151 V	 6.48  
 1152 K	 50.83  
 1153 D	 53.23  
 1154 A	 8.93  
 1155 Q	 58.97  
 1156 Q	 43.17  
 1157 V	 9.84  
 1158 E	 33.04  
 1159 P	 52.76  
 1160 E	 61.06  
 1161 G	 52.22  
 1162 Q	 54.61  
 1163 E	 77.21  
 1164 K	 42.80  
 1165 P	 44.80  
 1166 S	 37.93  
 1167 P	 40.24  
 1168 A	 24.06  
 1169 T	 21.60  
 1170 V	 5.03  
 1171 R	 29.50  
 1172 S	 32.59  
 1173 T	 33.48  
 1174 D	 36.60  
 1175 P	 25.99  
 1176 V	 13.61  
 1177 T	 37.22  
 1178 T	 27.41  
 1179 K	 54.76  
 1180 E	 54.14  
 1181 T	 26.34  
 1182 K	 48.13  
 1183 A	 19.93  
 1184 V	 5.47  
 1185 S	 32.23  
 1186 E	 30.47  
 1187 M	 4.71  
 1188 S	 20.88  
 1189 T	 30.25  
 1190 E	 31.92  
 1191 I	 5.88  
 1192 G	 11.73  
 1193 T	 19.59  
 1194 M	 1.49  
 1195 I	 3.55  
 1196 S	 12.72  
 1197 V	 3.47  
 1198 S	 19.62  
 1199 S	 23.98  
 1200 A	 13.41  
 1201 E	 46.58  
 1202 Y	 29.03  
 1203 G	 12.19  
 1204 T	 30.97  
 1205 N	 44.65  
 1206 A	 19.48  
 1207 K	 53.22  
 1208 E	 48.29  
 1209 S	 29.61  
 1210 V	 5.04  
 1211 T	 32.35  
 1212 D	 36.30  
 1213 Y	 11.80  
 1214 T	 34.73  
 1215 T	 18.23  
 1216 P	 25.14  
 1217 S	 30.39  
 1218 S	 36.78  
 1219 S	 52.78  
 1220 L	 4.02  
 1221 P	 36.07  
 1222 N	 53.10  
 1223 T	 15.02  
 1224 V	 8.64  
 1225 A	 11.54  
 1226 T	 25.35  
 1227 N	 44.42  
 1228 N	 36.40  
 1229 T	 33.56  
 1230 K	 42.27  
 1231 M	 5.47  
 1232 E	 49.77  
 1233 D	 41.67  
 1234 T	 21.21  
 1235 L	 6.33  
 1236 V	 5.49  
 1237 N	 47.06  
 1238 N	 29.33  
 1239 V	 4.31  
 1240 P	 44.20  
 1241 L	 4.44  
 1242 P	 26.20  
 1243 N	 63.03  
 1244 T	 28.01  
 1245 L	 5.36  
 1246 P	 44.57  
 1247 L	 9.81  
 1248 P	 31.55  
 1249 K	 71.23  
 1250 R	 44.33  
 1251 E	 57.28  
 1252 T	 28.28  
 1253 I	 2.76  
 1254 Q	 44.52  
 1255 Q	 41.24  
 1256 S	 12.91  
 1257 S	 25.65  
 1258 S	 40.70  
 1259 L	 4.46  
 1260 T	 29.62  
 1261 S	 37.61  
 1262 V	 5.77  
 1263 P	 21.93  
 1264 P	 41.75  
 1265 T	 34.11  
 1266 T	 19.59  
 1267 F	 6.57  
 1268 S	 25.14  
 1269 L	 5.95  
 1270 T	 21.73  
 1271 F	 9.58  
 1272 K	 36.20  
 1273 M	 4.26  
 1274 E	 41.66  
 1275 S	 29.85  
 1276 A	 12.04  
 1277 R	 38.20  
 1278 K	 58.53  
 1279 A	 17.17  
 1280 W	 14.35  
 1281 E	 53.33  
 1282 N	 52.66  
 1283 S	 13.31  
 1284 P	 55.72  
 1285 N	 45.35  
 1286 V	 10.70  
 1287 R	 46.69  
 1288 E	 58.44  
 1289 K	 54.87  
 1290 G	 32.22  
 1291 S	 27.54  
 1292 P	 41.91  
 1293 V	 7.66  
 1294 T	 24.60  
 1295 S	 23.86  
 1296 T	 33.54  
 1297 A	 13.98  
 1298 P	 22.40  
 1299 P	 26.78  
 1300 I	 5.36  
 1301 A	 12.22  
 1302 T	 38.54  
 1303 G	 14.32  
 1304 V	 4.33  
 1305 S	 21.66  
 1306 S	 27.76  
 1307 S	 20.96  
 1308 A	 22.06  
 1309 S	 53.86  
 1310 G	 21.64  
 1311 P	 26.47  
 1312 S	 43.61  
 1313 T	 23.27  
 1314 A	 22.35  
 1315 N	 36.29  
 1316 Y	 15.10  
 1317 N	 36.06  
 1318 S	 19.02  
 1319 F	 6.27  
 1320 S	 25.47  
 1321 S	 23.50  
 1322 A	 14.51  
 1323 S	 32.70  
 1324 M	 2.57  
 1325 P	 26.84  
 1326 Q	 43.93  
 1327 I	 2.15  
 1328 P	 15.46  
 1329 V	 7.10  
 1330 A	 7.91  
 1331 S	 27.10  
 1332 V	 5.54  
 1333 T	 16.66  
 1334 P	 24.66  
 1335 T	 21.36  
 1336 A	 15.07  
 1337 S	 26.08  
 1338 L	 5.19  
 1339 S	 24.89  
 1340 G	 33.06  
 1341 A	 12.09  
 1342 G	 23.84  
 1343 T	 19.70  
 1344 Y	 13.70  
 1345 T	 21.75  
 1346 T	 13.10  
 1347 S	 22.83  
 1348 S	 25.01  
 1349 L	 8.26  
 1350 S	 35.42  
 1351 T	 34.02  
 1352 K	 42.29  
 1353 S	 30.95  
 1354 T	 35.33  
 1355 T	 31.24  
 1356 T	 31.08  
 1357 S	 46.13  
 1358 D	 61.66  
 1359 P	 24.49  
 1360 P	 48.05  
 1361 N	 58.64  
 1362 I	 2.72  
 1363 C	 5.42  
 1364 K	 49.88  
 1365 V	 10.69  
 1366 K	 23.70  
 1367 P	 30.09  
 1368 Q	 51.39  
 1369 Q	 44.03  
 1370 L	 5.16  
 1371 Q	 34.69  
 1372 T	 28.95  
 1373 S	 19.54  
 1374 S	 47.92  
 1375 L	 3.78  
 1376 P	 29.78  
 1377 S	 47.93  
 1378 A	 12.70  
 1379 S	 29.42  
 1380 H	 26.54  
 1381 F	 4.63  
 1382 S	 25.45  
 1383 Q	 36.13  
 1384 L	 4.05  
 1385 S	 10.75  
 1386 C	 6.72  
 1387 M	 1.96  
 1388 P	 30.25  
 1389 S	 12.91  
 1390 L	 2.87  
 1391 I	 3.69  
 1392 A	 13.36  
 1393 Q	 34.32  
 1394 Q	 37.49  
 1395 Q	 32.70  
 1396 Q	 60.27  
 1397 N	 25.32  
 1398 P	 22.22  
 1399 Q	 46.88  
 1400 V	 5.56  
 1401 Y	 6.80  
 1402 V	 4.39  
 1403 S	 10.75  
 1404 Q	 27.35  
 1405 S	 16.63  
 1406 A	 10.12  
 1407 A	 12.73  
 1408 A	 13.93  
 1409 Q	 37.15  
 1410 I	 1.97  
 1411 P	 12.30  
 1412 A	 15.16  
 1413 F	 4.33  
 1414 Y	 9.00  
 1415 M	 3.51  
 1416 D	 33.41  
 1417 T	 11.08  
 1418 S	 17.58  
 1419 H	 36.21  
 1420 L	 3.38  
 1421 F	 8.55  
 1422 N	 45.23  
 1423 T	 17.88  
 1424 Q	 29.37  
 1425 H	 15.69  
 1426 A	 9.81  
 1427 R	 29.29  
 1428 L	 9.71  
 1429 A	 14.38  
 1430 P	 24.49  
 1431 P	 36.05  
 1432 S	 34.97  
 1433 L	 6.51  
 1434 A	 14.96  
 1435 Q	 41.23  
 1436 Q	 39.49  
 1437 Q	 42.46  
 1438 G	 20.86  
 1439 F	 7.42  
 1440 Q	 37.67  
 1441 P	 43.35  
 1442 G	 27.46  
 1443 L	 5.67  
 1444 S	 39.77  
 1445 Q	 50.78  
 1446 P	 24.22  
 1447 T	 33.61  
 1448 S	 25.31  
 1449 V	 5.52  
 1450 Q	 34.94  
 1451 Q	 41.07  
 1452 I	 1.54  
 1453 P	 23.20  
 1454 I	 3.28  
 1455 P	 14.26  
 1456 I	 4.79  
 1457 Y	 9.23  
 1458 A	 10.07  
 1459 P	 14.30  
 1460 L	 7.32  
 1461 Q	 48.73  
 1462 G	 34.32  
 1463 Q	 16.74  
 1464 H	 31.59  
 1465 Q	 23.94  
 1466 A	 15.34  
 1467 Q	 25.64  
 1468 L	 5.24  
 1469 S	 16.81  
 1470 L	 8.08  
 1471 G	 25.72  
 1472 A	 26.53  
 1473 G	 14.65  
 1474 P	 29.02  
 1475 A	 16.81  
 1476 V	 4.99  
 1477 S	 23.16  
 1478 Q	 40.23  
 1479 A	 9.41  
 1480 Q	 40.04  
 1481 E	 55.59  
 1482 L	 3.16  
 1483 F	 7.01  
 1484 S	 31.48  
 1485 S	 27.94  
 1486 S	 29.80  
 1487 L	 6.85  
 1488 Q	 34.62  
 1489 P	 31.62  
 1490 Y	 15.22  
 1491 R	 35.18  
 1492 S	 34.37  
 1493 Q	 25.09  
 1494 P	 28.81  
 1495 A	 12.61  
 1496 F	 6.11  
 1497 M	 4.03  
 1498 Q	 24.34  
 1499 S	 22.81  
 1500 S	 18.36  
 1501 L	 7.16  
 1502 S	 41.83  
 1503 Q	 39.31  
 1504 P	 26.22  
 1505 S	 19.74  
 1506 V	 6.81  
 1507 V	 4.06  
 1508 L	 3.51  
 1509 S	 23.61  
 1510 G	 18.27  
 1511 T	 21.04  
 1512 A	 12.45  
 1513 I	 2.47  
 1514 H	 27.67  
 1515 N	 38.18  
 1516 F	 3.12  
 1517 P	 36.66  
 1518 T	 28.76  
 1519 V	 4.94  
 1520 Q	 34.72  
 1521 H	 20.81  
 1522 Q	 30.24  
 1523 E	 48.87  
 1524 L	 4.82  
 1525 A	 12.37  
 1526 K	 60.63  
 1527 A	 11.81  
 1528 Q	 37.01  
 1529 S	 40.40  
 1530 G	 14.67  
 1531 L	 5.37  
 1532 A	 12.06  
 1533 F	 7.13  
 1534 Q	 39.78  
 1535 Q	 40.20  
 1536 T	 17.11  
 1537 S	 33.28  
 1538 N	 46.23  
 1539 T	 35.17  
 1540 Q	 37.87  
 1541 P	 32.08  
 1542 I	 2.08  
 1543 P	 19.74  
 1544 I	 7.10  
 1545 L	 3.26  
 1546 Y	 16.46  
 1547 E	 23.01  
 1548 H	 18.01  
 1549 Q	 35.03  
 1550 L	 6.23  
 1551 G	 17.90  
 1552 Q	 40.73  
 1553 A	 12.08  
 1554 S	 27.02  
 1555 G	 31.21  
 1556 L	 6.95  
 1557 G	 36.91  
 1558 G	 19.77  
 1559 S	 21.73  
 1560 Q	 45.79  
 1561 L	 4.02  
 1562 I	 4.44  
 1563 D	 36.34  
 1564 T	 13.87  
 1565 H	 22.31  
 1566 L	 4.04  
 1567 L	 2.65  
 1568 Q	 34.85  
 1569 A	 16.72  
 1570 R	 15.85  
 1571 A	 20.57  
 1572 N	 37.76  
 1573 L	 3.52  
 1574 T	 23.15  
 1575 Q	 46.06  
 1576 A	 8.64  
 1577 S	 19.97  
 1578 N	 46.11  
 1579 L	 3.14  
 1580 Y	 18.27  
 1581 S	 26.39  
 1582 G	 20.37  
 1583 Q	 24.73  
 1584 V	 6.96  
 1585 Q	 35.54  
 1586 Q	 45.28  
 1587 P	 21.55  
 1588 G	 42.48  
 1589 Q	 39.70  
 1590 T	 32.96  
 1591 N	 29.53  
 1592 F	 5.89  
 1593 Y	 17.42  
 1594 N	 25.46  
 1595 T	 18.07  
 1596 A	 12.29  
 1597 Q	 54.56  
 1598 S	 20.54  
 1599 P	 16.13  
 1600 S	 47.02  
 1601 A	 16.87  
 1602 L	 4.25  
 1603 Q	 35.10  
 1604 Q	 33.43  
 1605 V	 3.62  
 1606 T	 16.45  
 1607 V	 4.88  
 1608 P	 24.22  
 1609 L	 4.87  
 1610 P	 24.64  
 1611 A	 20.00  
 1612 S	 29.70  
 1613 Q	 36.86  
 1614 L	 5.42  
 1615 S	 33.86  
 1616 L	 5.67  
 1617 P	 30.63  
 1618 N	 60.24  
 1619 F	 8.47  
 1620 G	 30.82  
 1621 S	 25.81  
 1622 T	 39.97  
 1623 G	 28.89  
 1624 Q	 29.70  
 1625 P	 27.38  
 1626 L	 2.48  
 1627 I	 4.75  
 1628 A	 22.37  
 1629 L	 2.27  
 1630 P	 18.98  
 1631 Q	 56.55  
 1632 T	 25.97  
 1633 L	 6.40  
 1634 Q	 40.74  
 1635 P	 34.38  
 1636 P	 31.52  
 1637 L	 8.09  
 1638 Q	 37.34  
 1639 H	 39.12  
 1640 T	 27.49  
 1641 T	 15.98  
 1642 P	 28.76  
 1643 Q	 43.97  
 1644 A	 14.10  
 1645 Q	 34.39  
 1646 A	 12.16  
 1647 Q	 32.59  
 1648 S	 31.18  
 1649 L	 3.15  
 1650 S	 41.27  
 1651 R	 35.55  
 1652 P	 24.54  
 1653 A	 22.69  
 1654 Q	 37.77  
 1655 V	 6.61  
 1656 S	 21.76  
 1657 Q	 42.15  
 1658 P	 17.25  
 1659 F	 8.20  
 1660 R	 45.77  
 1661 G	 28.47  
 1662 L	 3.55  
 1663 I	 2.15  
 1664 P	 29.67  
 1665 A	 27.03  
 1666 G	 22.13  
 1667 T	 25.80  
 1668 Q	 26.24  
 1669 H	 21.12  
 1670 S	 11.32  
 1671 M	 1.96  
 1672 I	 3.27  
 1673 A	 7.17  
 1674 T	 25.75  
 1675 T	 26.28  
 1676 G	 21.22  
 1677 K	 36.84  
 1678 M	 4.31  
 1679 S	 36.96  
 1680 E	 32.93  
 1681 M	 5.99  
 1682 E	 42.96  
 1683 L	 4.71  
 1684 K	 28.50  
 1685 A	 27.02  
 1686 F	 8.38  
 1687 G	 29.80  
 1688 S	 26.56  
 1689 G	 23.20  
 1690 I	 5.46  
 1691 D	 46.51  
 1692 I	 5.69  
 1693 K	 33.38  
 1694 P	 52.83  
 1695 G	 45.94  
 1696 T	 34.12  
 1697 P	 24.98  
 1698 P	 28.97  
 1699 I	 7.17  
 1700 A	 17.08  
 1701 G	 25.45  
 1702 R	 23.08  
 1703 S	 35.40  
 1704 T	 35.12  
 1705 T	 26.30  
 1706 P	 30.30  
 1707 T	 39.48  
 1708 S	 36.90  
 1709 S	 30.45  
 1710 P	 23.62  
 1711 F	 10.04  
 1712 R	 40.10  
 1713 A	 13.28  
 1714 T	 28.42  
 1715 S	 26.38  
 1716 T	 43.80  
 1717 S	 23.11  
 1718 P	 44.58  
 1719 N	 53.07  
 1720 S	 34.52  
 1721 Q	 59.36  
 1722 S	 31.57  
 1723 S	 28.43  
 1724 K	 47.55  
 1725 M	 5.27  
 1726 N	 32.11  
 1727 S	 15.21  
 1728 I	 2.58  
 1729 V	 4.09  
 1730 Y	 14.34  
 1731 Q	 23.37  
 1732 K	 35.08  
 1733 Q	 26.53  
 1734 F	 8.80  
 1735 Q	 35.87  
 1736 S	 37.19  
 1737 A	 6.22  
 1738 P	 33.44  
 1739 A	 20.60  
 1740 T	 13.95  
 1741 V	 4.23  
 1742 R	 20.34  
 1743 M	 3.38  
 1744 T	 23.64  
 1745 Q	 28.44  
 1746 P	 28.19  
 1747 F	 8.01  
 1748 P	 31.79  
 1749 T	 36.38  
 1750 Q	 32.51  
 1751 F	 13.58  
 1752 A	 5.81  
 1753 P	 24.04  
 1754 Q	 45.91  
 1755 I	 3.78  
 1756 L	 3.07  
 1757 S	 45.26  
 1758 Q	 27.70  
 1759 P	 32.52  
 1760 N	 46.14  
 1761 L	 8.55  
 1762 V	 6.12  
 1763 P	 21.48  
 1764 P	 35.69  
 1765 L	 3.13  
 1766 V	 6.38  
 1767 R	 50.51  
 1768 A	 7.86  
 1769 P	 25.03  
 1770 H	 30.66  
 1771 T	 34.59  
 1772 N	 36.37  
 1773 T	 31.95  
 1774 F	 5.43  
 1775 P	 33.35  
 1776 A	 16.83  
 1777 P	 24.02  
 1778 V	 9.06  
 1779 Q	 51.62  
 1780 R	 37.21  
 1781 P	 13.11  
 1782 P	 23.91  
 1783 M	 5.45  
 1784 A	 13.02  
 1785 L	 3.71  
 1786 A	 6.54  
 1787 S	 28.06  
 1788 Q	 42.68  
 1789 M	 5.08  
 1790 P	 21.51  
 1791 P	 31.06  
 1792 P	 36.15  
 1793 L	 9.14  
 1794 T	 25.29  
 1795 T	 35.68  
 1796 G	 17.72  
 1797 L	 2.75  
 1798 M	 2.67  
 1799 S	 21.02  
 1800 H	 10.82  
 1801 A	 13.85  
 1802 R	 43.24  
 1803 L	 3.40  
 1804 P	 17.85  
 1805 H	 30.38  
 1806 V	 3.52  
 1807 A	 14.00  
 1808 R	 48.80  
 1809 G	 16.47  
 1810 P	 17.47  
 1811 C	 6.87  
 1812 G	 34.45  
 1813 S	 26.53  
 1814 L	 2.91  
 1815 S	 36.62  
 1816 G	 20.59  
 1817 V	 6.77  
 1818 R	 41.70  
 1819 G	 28.35  
 1820 N	 24.37  
 1821 Q	 37.36  
 1822 A	 12.65  
 1823 Q	 19.87  
 1824 A	 20.13  
 1825 A	 9.49  
 1826 L	 6.39  
 1827 K	 45.19  
 1828 A	 22.12  
 1829 E	 45.59  
 1830 Q	 62.04  
 1831 D	 31.86  
 1832 M	 4.55  
 1833 K	 61.80  
 1834 A	 13.43  
 1835 K	 34.50  
 1836 Q	 55.46  
 1837 R	 31.82  
 1838 A	 14.57  
 1839 E	 46.05  
 1840 V	 6.02  
 1841 L	 2.21  
 1842 Q	 50.00  
 1843 S	 23.50  
 1844 T	 15.71  
 1845 Q	 45.49  
 1846 R	 34.37  
 1847 F	 5.93  
 1848 F	 9.53  
 1849 S	 31.61  
 1850 E	 47.45  
 1851 Q	 45.47  
 1852 Q	 45.52  
 1853 Q	 52.90  
 1854 S	 23.38  
 1855 K	 41.41  
 1856 Q	 44.82  
 1857 I	 6.77  
 1858 G	 35.99  
 1859 G	 35.74  
 1860 G	 19.53  
 1861 K	 51.42  
 1862 A	 20.08  
 1863 Q	 50.20  
 1864 K	 53.52  
 1865 V	 5.91  
 1866 D	 54.48  
 1867 S	 42.24  
 1868 D	 53.09  
 1869 S	 44.18  
 1870 S	 54.92  
 1871 K	 69.42  
 1872 P	 33.63  
 1873 P	 51.44  
 1874 E	 66.05  
 1875 T	 40.51  
 1876 L	 4.95  
 1877 T	 54.61  
 1878 D	 50.97  
 1879 P	 23.47  
 1880 P	 51.13  
 1881 G	 37.92  
 1882 V	 3.62  
 1883 C	 5.54  
 1884 Q	 51.65  
 1885 E	 54.68  
 1886 K	 29.12  
 1887 V	 12.97  
 1888 E	 71.95  
 1889 E	 74.07  
 1890 K	 49.68  
 1891 P	 43.30  
 1892 P	 49.07  
 1893 P	 66.39  
 1894 A	 19.08  
 1895 P	 31.85  
 1896 S	 27.28  
 1897 I	 5.70  
 1898 A	 17.57  
 1899 T	 33.92  
 1900 K	 32.28  
 1901 P	 19.23  
 1902 V	 10.23  
 1903 R	 42.36  
 1904 T	 47.76  
 1905 G	 16.03  
 1906 P	 30.71  
 1907 I	 12.29  
 1908 K	 33.92  
 1909 P	 29.56  
 1910 Q	 51.20  
 1911 A	 17.48  
 1912 I	 4.83  
 1913 K	 53.55  
 1914 T	 32.70  
 1915 E	 59.68  
 1916 E	 67.76  
 1917 T	 30.29  
 1918 K	 58.40  
 1919 S	 53.53  
