 1 M	 9.08  
 2 S	 34.74  
 3 L	 4.81  
 4 S	 26.84  
 5 R	 54.07  
 6 S	 34.24  
 7 E	 59.22  
 8 E	 41.35  
 9 M	 1.63  
 10 H	 25.52  
 11 R	 41.83  
 12 L	 4.24  
 13 T	 26.01  
 14 E	 49.65  
 15 N	 36.86  
 16 V	 4.17  
 17 Y	 17.62  
 18 K	 27.56  
 19 T	 14.10  
 20 I	 2.21  
 21 M	 3.91  
 22 E	 48.44  
 23 Q	 26.49  
 24 F	 10.40  
 25 N	 25.58  
 26 P	 35.71  
 27 S	 40.85  
 28 L	 5.68  
 29 R	 40.11  
 30 N	 37.66  
 31 F	 2.81  
 32 I	 2.70  
 33 A	 9.13  
 34 M	 7.21  
 35 G	 13.16  
 36 K	 43.18  
 37 N	 44.45  
 38 Y	 23.46  
 39 E	 41.04  
 40 K	 38.04  
 41 A	 7.24  
 42 L	 6.71  
 43 A	 18.44  
 44 G	 17.10  
 45 V	 2.84  
 46 T	 13.41  
 47 Y	 11.36  
 48 A	 8.04  
 49 A	 8.73  
 50 K	 46.07  
 51 G	 24.50  
 52 Y	 9.51  
 53 F	 6.37  
 54 D	 30.43  
 55 A	 12.35  
 56 L	 4.02  
 57 V	 4.26  
 58 K	 41.88  
 59 M	 3.83  
 60 G	 22.50  
 61 E	 37.35  
 62 L	 5.42  
 63 A	 13.62  
 64 S	 50.86  
 65 E	 41.28  
 66 S	 37.03  
 67 Q	 57.01  
 68 G	 50.38  
 69 S	 18.47  
 70 K	 64.88  
 71 E	 60.73  
 72 L	 9.02  
 73 G	 24.87  
 74 D	 46.71  
 75 V	 5.68  
 76 L	 2.69  
 77 F	 4.72  
 78 Q	 26.47  
 79 M	 2.42  
 80 A	 12.60  
 81 E	 33.25  
 82 V	 3.07  
 83 H	 13.87  
 84 R	 40.24  
 85 Q	 27.09  
 86 I	 4.13  
 87 Q	 24.23  
 88 N	 50.46  
 89 Q	 33.60  
 90 L	 8.69  
 91 E	 31.43  
 92 E	 59.41  
 93 M	 4.11  
 94 L	 4.80  
 95 K	 50.17  
 96 S	 27.98  
 97 F	 7.39  
 98 H	 33.67  
 99 N	 39.33  
 100 E	 36.26  
 101 L	 8.34  
 102 L	 2.03  
 103 T	 43.67  
 104 Q	 42.86  
 105 L	 6.75  
 106 E	 38.24  
 107 Q	 64.78  
 108 K	 28.44  
 109 V	 9.86  
 110 E	 54.62  
 111 L	 8.97  
 112 D	 19.98  
 113 S	 35.13  
 114 R	 35.76  
 115 Y	 14.68  
 116 L	 2.46  
 117 S	 11.54  
 118 A	 17.76  
 119 A	 19.28  
 120 L	 5.00  
 121 K	 44.71  
 122 K	 43.36  
 123 Y	 21.05  
 124 Q	 47.65  
 125 T	 30.88  
 126 E	 28.59  
 127 Q	 59.33  
 128 R	 33.82  
 129 S	 40.46  
 130 K	 64.10  
 131 G	 27.03  
 132 D	 47.93  
 133 A	 26.74  
 134 L	 8.44  
 135 D	 51.94  
 136 K	 29.15  
 137 C	 4.65  
 138 Q	 43.54  
 139 A	 33.29  
 140 E	 34.93  
 141 L	 7.13  
 142 K	 41.07  
 143 K	 67.17  
 144 L	 10.43  
 145 R	 53.92  
 146 K	 68.18  
 147 K	 41.39  
 148 S	 42.69  
 149 Q	 69.89  
 150 G	 47.91  
 151 S	 22.94  
 152 K	 78.46  
 153 N	 46.03  
 154 P	 35.46  
 155 Q	 67.71  
 156 K	 48.23  
 157 Y	 19.49  
 158 S	 49.60  
 159 D	 45.41  
 160 K	 55.15  
 161 E	 46.20  
 162 L	 6.04  
 163 Q	 33.94  
 164 Y	 17.25  
 165 I	 1.54  
 166 D	 32.68  
 167 A	 9.50  
 168 I	 4.07  
 169 S	 39.43  
 170 N	 34.26  
 171 K	 53.54  
 172 Q	 55.64  
 173 G	 42.96  
 174 E	 50.87  
 175 L	 7.09  
 176 E	 42.06  
 177 N	 55.95  
 178 Y	 7.61  
 179 V	 6.75  
 180 S	 18.24  
 181 D	 55.16  
 182 G	 20.52  
 183 Y	 15.34  
 184 K	 32.62  
 185 T	 20.58  
 186 A	 14.34  
 187 L	 8.19  
 188 T	 33.08  
 189 E	 50.81  
 190 E	 46.37  
 191 R	 28.92  
 192 R	 39.03  
 193 R	 38.62  
 194 F	 3.07  
 195 C	 2.15  
 196 F	 8.66  
 197 L	 5.24  
 198 V	 4.29  
 199 E	 39.29  
 200 K	 43.10  
 201 Q	 13.59  
 202 C	 4.94  
 203 A	 11.21  
 204 V	 11.65  
 205 A	 6.18  
 206 K	 44.85  
 207 N	 27.43  
 208 S	 17.36  
 209 A	 22.79  
 210 A	 11.46  
 211 Y	 13.32  
 212 H	 20.50  
 213 S	 30.35  
 214 K	 61.77  
 215 G	 31.52  
 216 K	 49.26  
 217 E	 58.65  
 218 L	 5.67  
 219 L	 5.07  
 220 A	 19.65  
 221 Q	 48.03  
 222 K	 46.60  
 223 L	 2.54  
 224 P	 38.29  
 225 L	 10.52  
 226 W	 6.06  
 227 Q	 28.77  
 228 Q	 27.16  
 229 A	 3.86  
 230 C	 3.71  
 231 A	 34.46  
 232 D	 48.14  
 233 P	 20.99  
 234 S	 43.71  
 235 K	 68.61  
 236 I	 5.13  
 237 P	 28.85  
 238 E	 57.66  
 239 R	 34.40  
 240 A	 7.55  
 241 V	 5.86  
 242 Q	 30.17  
 243 L	 2.41  
 244 M	 1.14  
 245 Q	 43.09  
 246 Q	 20.83  
 247 V	 3.38  
 248 A	 7.92  
 249 S	 36.62  
 250 N	 34.09  
 251 G	 19.90  
 252 A	 15.37  
 253 T	 40.37  
 254 L	 2.90  
 255 P	 17.13  
 256 S	 44.98  
 257 A	 12.00  
 258 L	 5.29  
 259 S	 30.16  
 260 A	 23.10  
 261 S	 32.99  
 262 K	 42.98  
 263 S	 32.66  
 264 N	 41.90  
 265 L	 4.70  
 266 V	 4.63  
 267 I	 4.33  
 268 S	 29.83  
 269 D	 33.74  
 270 P	 28.08  
 271 I	 6.20  
 272 P	 41.92  
 273 G	 47.13  
 274 A	 12.63  
 275 K	 53.66  
 276 P	 41.17  
 277 L	 7.04  
 278 P	 45.13  
 279 V	 19.04  
 280 P	 18.08  
 281 P	 49.85  
 282 E	 52.04  
 283 L	 10.14  
 284 A	 8.20  
 285 P	 36.76  
 286 F	 8.28  
 287 V	 4.65  
 288 G	 21.69  
 289 R	 15.58  
 290 M	 2.99  
 291 S	 25.99  
 292 A	 14.07  
 293 Q	 37.55  
 294 E	 57.19  
 295 S	 27.66  
 296 T	 18.97  
 297 P	 32.86  
 298 I	 3.20  
 299 M	 3.63  
 300 N	 42.37  
 301 G	 10.86  
 302 V	 4.80  
 303 T	 44.38  
 304 G	 18.85  
 305 P	 36.75  
 306 D	 74.57  
 307 G	 32.58  
 308 E	 62.24  
 309 D	 55.53  
 310 Y	 16.60  
 311 S	 26.70  
 312 P	 24.85  
 313 W	 12.59  
 314 A	 15.32  
 315 D	 49.06  
 316 R	 23.83  
 317 K	 48.93  
 318 A	 16.54  
 319 A	 29.28  
 320 Q	 51.30  
 321 P	 24.39  
 322 K	 52.53  
 323 S	 40.54  
 324 L	 12.75  
 325 S	 41.44  
 326 P	 35.92  
 327 P	 42.98  
 328 Q	 58.44  
 329 S	 42.04  
 330 Q	 39.06  
 331 S	 40.59  
 332 K	 44.36  
 333 L	 9.23  
 334 S	 28.39  
 335 D	 63.13  
 336 S	 27.38  
 337 Y	 15.78  
 338 S	 27.56  
 339 N	 37.08  
 340 T	 26.88  
 341 L	 4.28  
 342 P	 23.10  
 343 V	 15.74  
 344 R	 24.48  
 345 K	 49.89  
 346 S	 22.21  
 347 V	 13.74  
 348 T	 35.32  
 349 P	 31.51  
 350 K	 49.51  
 351 N	 41.26  
 352 S	 23.44  
 353 Y	 19.84  
 354 A	 14.10  
 355 T	 26.81  
 356 T	 29.41  
 357 E	 52.99  
 358 N	 40.29  
 359 K	 45.25  
 360 T	 54.28  
 361 L	 3.37  
 362 P	 39.06  
 363 R	 52.89  
 364 S	 25.48  
 365 S	 25.97  
 366 S	 17.43  
 367 M	 2.98  
 368 A	 10.58  
 369 A	 17.92  
 370 G	 20.66  
 371 L	 4.85  
 372 E	 43.09  
 373 R	 56.81  
 374 N	 32.80  
 375 G	 30.86  
 376 R	 17.18  
 377 M	 6.48  
 378 R	 25.98  
 379 V	 3.43  
 380 K	 25.96  
 381 A	 12.76  
 382 I	 2.78  
 383 F	 5.38  
 384 S	 13.20  
 385 H	 14.62  
 386 A	 16.37  
 387 A	 22.05  
 388 G	 35.10  
 389 D	 40.97  
 390 N	 35.66  
 391 S	 25.77  
 392 T	 37.66  
 393 L	 3.65  
 394 L	 5.99  
 395 S	 37.07  
 396 F	 9.36  
 397 K	 58.36  
 398 E	 56.80  
 399 G	 35.30  
 400 D	 35.67  
 401 L	 4.78  
 402 I	 2.80  
 403 T	 22.72  
 404 L	 3.44  
 405 L	 4.52  
 406 V	 4.53  
 407 P	 29.51  
 408 E	 49.18  
 409 A	 14.59  
 410 R	 41.11  
 411 D	 72.14  
 412 G	 13.91  
 413 W	 5.94  
 414 H	 26.67  
 415 Y	 18.97  
 416 G	 21.04  
 417 E	 48.86  
 418 S	 39.78  
 419 E	 61.51  
 420 K	 63.83  
 421 T	 26.48  
 422 K	 37.35  
 423 M	 6.08  
 424 R	 40.52  
 425 G	 27.21  
 426 W	 6.33  
 427 F	 4.95  
 428 P	 15.68  
 429 F	 6.75  
 430 S	 26.32  
 431 Y	 10.03  
 432 T	 17.07  
 433 R	 20.83  
 434 V	 5.55  
 435 L	 4.74  
 436 D	 41.65  
 437 S	 39.44  
 438 D	 61.35  
 439 G	 35.08  
 440 S	 25.25  
 441 D	 63.79  
 442 R	 28.34  
 443 L	 4.82  
 444 H	 12.51  
 445 M	 5.18  
 446 S	 16.57  
 447 L	 3.24  
 448 Q	 42.55  
 449 Q	 67.58  
 450 G	 20.89  
 451 K	 42.71  
 452 S	 36.02  
 453 S	 35.09  
 454 S	 47.64  
 455 T	 31.85  
 456 G	 25.41  
 457 N	 37.20  
 458 L	 7.47  
 459 L	 9.98  
 460 D	 56.35  
 461 K	 53.78  
 462 D	 56.68  
 463 D	 43.68  
 464 L	 7.16  
 465 A	 21.16  
 466 I	 7.37  
 467 P	 28.85  
 468 P	 28.42  
 469 P	 41.94  
 470 D	 61.34  
 471 Y	 17.90  
 472 G	 23.26  
 473 A	 8.95  
 474 A	 8.66  
 475 S	 24.49  
 476 R	 35.21  
 477 A	 16.57  
 478 F	 5.11  
 479 P	 23.60  
 480 A	 16.95  
 481 Q	 37.53  
 482 T	 25.54  
 483 A	 8.79  
 484 S	 48.42  
 485 G	 31.16  
 486 F	 5.89  
 487 K	 49.26  
 488 Q	 49.69  
 489 R	 32.49  
 490 P	 24.21  
 491 Y	 20.26  
 492 S	 13.29  
 493 V	 5.26  
 494 A	 8.81  
 495 V	 3.09  
 496 P	 20.18  
 497 A	 15.32  
 498 F	 4.60  
 499 S	 25.99  
 500 Q	 50.44  
 501 G	 29.85  
 502 L	 3.34  
 503 D	 54.64  
 504 D	 49.13  
 505 Y	 16.61  
 506 G	 22.85  
 507 A	 8.31  
 508 R	 28.64  
 509 S	 22.15  
 510 M	 3.48  
 511 S	 30.10  
 512 R	 46.31  
 513 N	 28.83  
 514 P	 27.05  
 515 F	 9.31  
 516 A	 11.82  
 517 H	 14.29  
 518 V	 6.81  
 519 Q	 33.62  
 520 L	 7.54  
 521 K	 22.88  
 522 P	 40.47  
 523 T	 38.07  
 524 V	 6.80  
 525 T	 33.60  
 526 N	 30.32  
 527 D	 43.13  
 528 R	 20.23  
 529 C	 7.42  
 530 D	 44.55  
 531 L	 5.38  
 532 S	 12.80  
 533 A	 26.16  
 534 Q	 65.68  
 535 G	 23.18  
 536 P	 28.87  
 537 E	 77.14  
 538 G	 43.33  
 539 R	 30.95  
 540 E	 64.18  
 541 H	 37.98  
 542 G	 35.90  
 543 D	 50.19  
 544 G	 28.00  
 545 S	 21.22  
 546 A	 17.63  
 547 R	 31.78  
 548 T	 22.22  
 549 L	 3.86  
 550 A	 15.88  
 551 G	 38.65  
 552 R	 37.45  
