 1 M	 6.87  
 2 S	 32.48  
 3 S	 18.99  
 4 A	 9.99  
 5 R	 41.58  
 6 L	 6.60  
 7 L	 5.05  
 8 E	 45.45  
 9 S	 38.43  
 10 Q	 35.33  
 11 T	 47.64  
 12 S	 31.22  
 13 D	 71.32  
 14 E	 63.60  
 15 D	 69.66  
 16 N	 46.95  
 17 E	 73.09  
 18 D	 55.06  
 19 I	 3.46  
 20 E	 55.76  
 21 R	 58.74  
 22 R	 21.91  
 23 P	 35.77  
 24 H	 39.71  
 25 Q	 45.59  
 26 S	 22.01  
 27 H	 22.21  
 28 S	 31.00  
 29 R	 35.94  
 30 S	 25.55  
 31 C	 4.98  
 32 S	 34.07  
 33 N	 54.95  
 34 N	 29.09  
 35 T	 38.10  
 36 T	 28.45  
 37 P	 27.03  
 38 T	 44.94  
 39 H	 34.79  
 40 P	 31.22  
 41 P	 36.29  
 42 H	 27.78  
 43 P	 28.83  
 44 M	 4.07  
 45 V	 7.24  
 46 R	 26.16  
 47 K	 48.91  
 48 G	 25.83  
 49 G	 16.97  
 50 V	 5.23  
 51 A	 9.79  
 52 R	 26.54  
 53 R	 17.78  
 54 I	 1.54  
 55 C	 1.83  
 56 L	 3.66  
 57 I	 4.08  
 58 G	 11.45  
 59 G	 16.47  
 60 A	 7.02  
 61 L	 3.34  
 62 F	 4.47  
 63 L	 3.63  
 64 L	 2.57  
 65 L	 2.00  
 66 V	 3.74  
 67 A	 7.59  
 68 L	 1.21  
 69 C	 1.56  
 70 Y	 11.99  
 71 L	 3.66  
 72 T	 7.75  
 73 L	 5.07  
 74 S	 29.41  
 75 G	 43.34  
 76 D	 25.85  
 77 T	 31.17  
 78 R	 35.75  
 79 L	 11.20  
 80 G	 34.00  
 81 G	 32.24  
 82 S	 36.11  
 83 E	 69.68  
 84 D	 64.15  
 85 S	 33.23  
 86 E	 77.89  
 87 E	 70.69  
 88 G	 28.38  
 89 S	 18.65  
 90 H	 29.86  
 91 H	 39.96  
 92 G	 26.25  
 93 L	 3.70  
 94 D	 50.89  
 95 S	 22.22  
 96 M	 5.69  
 97 N	 33.45  
 98 F	 6.79  
 99 R	 29.77  
 100 P	 35.09  
 101 L	 8.68  
 102 N	 45.64  
 103 E	 60.95  
 104 T	 19.13  
 105 V	 2.03  
 106 H	 23.82  
 107 I	 2.10  
 108 C	 1.92  
 109 S	 29.04  
 110 E	 53.59  
 111 S	 19.96  
 112 Y	 20.14  
 113 E	 55.08  
 114 D	 42.71  
 115 R	 23.51  
 116 R	 46.54  
 117 Q	 38.77  
 118 F	 4.50  
 119 M	 3.69  
 120 Q	 57.79  
 121 D	 53.46  
 122 K	 28.23  
 123 P	 47.39  
 124 Q	 55.46  
 125 S	 39.16  
 126 D	 42.23  
 127 Y	 8.71  
 128 V	 5.90  
 129 Q	 33.54  
 130 L	 2.33  
 131 P	 8.05  
 132 V	 8.24  
 133 I	 1.77  
 134 Y	 7.70  
 135 F	 3.20  
 136 V	 3.35  
 137 T	 10.46  
 138 P	 25.32  
 139 T	 36.47  
 140 Y	 8.92  
 141 P	 31.19  
 142 R	 44.34  
 143 R	 35.35  
 144 E	 54.89  
 145 Q	 55.51  
 146 I	 2.16  
 147 P	 30.18  
 148 E	 65.49  
 149 L	 2.57  
 150 T	 23.21  
 151 R	 42.37  
 152 L	 3.27  
 153 A	 7.13  
 154 H	 22.95  
 155 T	 25.96  
 156 L	 2.05  
 157 L	 3.46  
 158 H	 30.99  
 159 I	 1.83  
 160 P	 23.25  
 161 R	 38.28  
 162 L	 2.59  
 163 H	 19.66  
 164 W	 9.34  
 165 L	 1.26  
 166 V	 4.66  
 167 A	 16.70  
 168 D	 51.12  
 169 D	 49.12  
 170 Q	 53.23  
 171 E	 67.58  
 172 K	 32.48  
 173 C	 4.63  
 174 N	 55.29  
 175 D	 49.99  
 176 Y	 5.27  
 177 M	 3.37  
 178 D	 28.15  
 179 T	 11.35  
 180 L	 3.26  
 181 L	 2.90  
 182 Y	 13.65  
 183 R	 22.93  
 184 F	 6.58  
 185 G	 17.54  
 186 M	 1.96  
 187 P	 31.22  
 188 F	 5.63  
 189 T	 11.82  
 190 H	 18.28  
 191 M	 2.65  
 192 V	 4.51  
 193 S	 14.12  
 194 P	 27.56  
 195 M	 4.57  
 196 P	 37.44  
 197 S	 37.87  
 198 K	 42.33  
 199 F	 13.72  
 200 R	 54.88  
 201 N	 65.85  
 202 E	 57.04  
 203 K	 50.45  
 204 P	 41.12  
 205 A	 19.93  
 206 P	 41.93  
 207 R	 55.08  
 208 G	 23.10  
 209 V	 4.50  
 210 A	 13.46  
 211 N	 31.40  
 212 R	 21.63  
 213 R	 24.82  
 214 A	 14.86  
 215 A	 9.85  
 216 L	 4.18  
 217 Q	 28.91  
 218 W	 6.65  
 219 I	 1.64  
 220 R	 28.84  
 221 Q	 22.23  
 222 H	 22.78  
 223 N	 39.98  
 224 L	 3.55  
 225 T	 36.39  
 226 N	 38.38  
 227 G	 13.17  
 228 I	 2.82  
 229 L	 2.84  
 230 Y	 12.00  
 231 F	 8.51  
 232 G	 24.71  
 233 D	 50.63  
 234 D	 51.98  
 235 D	 54.86  
 236 N	 47.75  
 237 T	 25.96  
 238 Y	 21.16  
 239 D	 24.23  
 240 L	 3.45  
 241 R	 30.68  
 242 L	 7.82  
 243 F	 5.07  
 244 S	 36.38  
 245 E	 39.21  
 246 I	 5.47  
 247 R	 31.73  
 248 K	 55.46  
 249 T	 16.26  
 250 Q	 46.98  
 251 R	 27.92  
 252 V	 3.32  
 253 S	 19.52  
 254 M	 3.94  
 255 F	 3.27  
 256 P	 15.60  
 257 V	 7.15  
 258 G	 16.17  
 259 L	 2.73  
 260 I	 1.95  
 261 A	 14.71  
 262 D	 33.45  
 263 Y	 15.48  
 264 G	 13.99  
 265 V	 4.94  
 266 S	 32.77  
 267 G	 19.33  
 268 P	 17.58  
 269 V	 8.09  
 270 V	 6.19  
 271 R	 42.09  
 272 K	 52.02  
 273 G	 19.89  
 274 K	 36.25  
 275 V	 5.24  
 276 V	 3.38  
 277 A	 11.41  
 278 F	 5.42  
 279 L	 3.53  
 280 D	 33.72  
 281 S	 26.12  
 282 W	 5.44  
 283 V	 4.72  
 284 A	 10.26  
 285 G	 15.29  
 286 R	 27.96  
 287 R	 40.93  
 288 W	 8.91  
 289 P	 15.49  
 290 V	 6.62  
 291 D	 19.69  
 292 M	 3.91  
 293 A	 12.89  
 294 G	 12.38  
 295 F	 5.08  
 296 A	 6.59  
 297 V	 8.63  
 298 N	 24.59  
 299 L	 3.92  
 300 E	 28.23  
 301 Y	 10.83  
 302 M	 1.05  
 303 A	 12.59  
 304 Q	 24.17  
 305 Y	 6.23  
 306 P	 17.95  
 307 Y	 10.26  
 308 V	 4.23  
 309 N	 21.62  
 310 M	 2.47  
 311 P	 28.88  
 312 Y	 21.03  
 313 K	 26.54  
 314 P	 44.76  
 315 G	 38.03  
 316 Y	 25.36  
 317 E	 51.45  
 318 E	 52.08  
 319 D	 30.68  
 320 L	 5.01  
 321 F	 9.12  
 322 L	 5.66  
 323 R	 20.92  
 324 S	 24.13  
 325 I	 5.29  
 326 G	 15.88  
 327 L	 4.10  
 328 Q	 17.32  
 329 M	 5.46  
 330 N	 25.55  
 331 L	 3.83  
 332 I	 6.10  
 333 E	 31.92  
 334 P	 42.35  
 335 R	 47.91  
 336 G	 40.18  
 337 N	 41.50  
 338 N	 36.59  
 339 C	 4.13  
 340 T	 28.34  
 341 E	 36.20  
 342 I	 1.71  
 343 L	 2.51  
 344 V	 4.29  
 345 W	 5.83  
 346 H	 10.71  
 347 T	 23.40  
 348 Q	 33.76  
 349 T	 38.14  
 350 K	 50.92  
 351 S	 38.11  
 352 K	 54.28  
 353 K	 58.31  
 354 L	 6.51  
 355 G	 22.78  
 356 M	 1.99  
 357 V	 6.32  
 358 R	 24.68  
 359 L	 6.24  
 360 E	 34.32  
 361 S	 31.06  
 362 K	 40.22  
 363 Y	 25.33  
 364 L	 6.75  
 365 D	 46.30  
 366 D	 54.00  
 367 R	 27.41  
 368 S	 43.32  
 369 N	 43.30  
 370 L	 4.47  
 371 G	 20.59  
 372 A	 15.32  
 373 L	 4.79  
 374 L	 2.20  
 375 H	 38.13  
 376 N	 38.55  
 377 L	 2.91  
 378 K	 41.57  
 379 L	 3.99  
 380 M	 3.76  
 381 G	 29.95  
 382 V	 2.08  
 383 T	 18.02  
 384 S	 30.81  
 385 T	 25.80  
 386 T	 36.96  
 387 E	 47.05  
 388 S	 43.17  
 389 E	 56.81  
 390 G	 37.10  
 391 R	 22.61  
 392 N	 50.37  
 393 A	 12.62  
 394 L	 5.33  
 395 I	 5.24  
 396 S	 22.40  
 397 K	 57.33  
 398 N	 48.22  
 399 G	 41.85  
 400 R	 50.33  
 401 E	 76.22  
 402 N	 37.92  
 403 P	 28.51  
 404 H	 53.99  
 405 S	 23.73  
 406 K	 44.63  
 407 I	 5.25  
 408 L	 5.97  
 409 S	 41.47  
