 1 M	 7.73  
 2 D	 63.78  
 3 S	 26.55  
 4 L	 6.02  
 5 K	 67.69  
 6 L	 6.79  
 7 P	 31.93  
 8 K	 71.31  
 9 A	 17.17  
 10 N	 38.00  
 11 S	 37.47  
 12 A	 16.00  
 13 T	 24.04  
 14 S	 24.51  
 15 S	 23.31  
 16 A	 20.06  
 17 S	 44.71  
 18 G	 30.48  
 19 S	 34.29  
 20 N	 38.14  
 21 S	 40.62  
 22 N	 42.34  
 23 L	 6.52  
 24 S	 34.64  
 25 G	 37.80  
 26 S	 18.80  
 27 T	 31.66  
 28 S	 23.17  
 29 A	 14.81  
 30 S	 23.64  
 31 A	 11.69  
 32 S	 18.88  
 33 A	 17.93  
 34 A	 13.20  
 35 T	 34.65  
 36 S	 22.81  
 37 P	 31.76  
 38 T	 34.98  
 39 S	 30.10  
 40 S	 42.51  
 41 G	 19.91  
 42 T	 21.81  
 43 A	 11.07  
 44 V	 7.88  
 45 G	 18.24  
 46 G	 15.86  
 47 I	 1.97  
 48 L	 4.34  
 49 S	 30.87  
 50 G	 42.31  
 51 A	 12.64  
 52 P	 40.98  
 53 K	 75.06  
 54 S	 34.96  
 55 P	 32.86  
 56 P	 58.70  
 57 G	 46.16  
 58 L	 8.09  
 59 G	 26.01  
 60 S	 35.76  
 61 S	 36.08  
 62 T	 26.75  
 63 P	 20.85  
 64 I	 6.35  
 65 S	 14.40  
 66 V	 9.31  
 67 R	 16.59  
 68 F	 10.70  
 69 N	 31.15  
 70 A	 23.31  
 71 N	 55.46  
 72 E	 46.69  
 73 E	 57.31  
 74 S	 30.81  
 75 L	 8.52  
 76 D	 50.62  
 77 D	 49.11  
 78 I	 3.63  
 79 L	 4.48  
 80 Q	 44.37  
 81 S	 24.09  
 82 F	 3.76  
 83 H	 29.56  
 84 H	 36.21  
 85 S	 24.40  
 86 K	 43.69  
 87 H	 48.21  
 88 S	 25.21  
 89 P	 36.39  
 90 S	 53.53  
 91 G	 38.79  
 92 G	 22.40  
 93 A	 14.45  
 94 S	 41.04  
 95 G	 43.50  
 96 G	 28.45  
 97 G	 30.73  
 98 D	 47.34  
 99 A	 22.23  
 100 S	 33.19  
 101 P	 41.38  
 102 T	 27.96  
 103 S	 28.94  
 104 N	 41.59  
 105 L	 4.36  
 106 L	 8.03  
 107 G	 28.34  
 108 M	 4.18  
 109 K	 45.52  
 110 N	 38.62  
 111 N	 41.36  
 112 G	 30.43  
 113 L	 5.36  
 114 G	 20.16  
 115 L	 3.20  
 116 V	 5.00  
 117 V	 5.69  
 118 G	 22.90  
 119 N	 18.14  
 120 C	 2.86  
 121 D	 57.52  
 122 S	 32.14  
 123 L	 3.53  
 124 S	 32.49  
 125 S	 52.11  
 126 S	 25.79  
 127 P	 38.64  
 128 S	 57.34  
 129 Q	 35.31  
 130 P	 37.49  
 131 Q	 28.76  
 132 M	 2.73  
 133 H	 22.99  
 134 A	 14.32  
 135 G	 14.74  
 136 S	 18.57  
 137 A	 14.88  
 138 S	 26.40  
 139 L	 6.78  
 140 F	 8.77  
 141 G	 46.07  
 142 N	 34.63  
 143 D	 59.04  
 144 E	 37.70  
 145 V	 7.92  
 146 S	 21.40  
 147 L	 9.08  
 148 R	 28.65  
 149 N	 51.92  
 150 N	 27.60  
 151 F	 4.36  
 152 M	 2.65  
 153 Q	 32.49  
 154 A	 14.32  
 155 G	 19.29  
 156 G	 27.30  
 157 F	 4.86  
 158 F	 11.06  
 159 N	 48.48  
 160 R	 27.40  
 161 K	 51.72  
 162 S	 18.11  
 163 C	 5.86  
 164 G	 48.00  
 165 G	 42.14  
 166 L	 1.22  
 167 P	 46.68  
 168 N	 46.75  
 169 L	 7.92  
 170 N	 48.48  
 171 L	 11.12  
 172 N	 54.43  
 173 K	 62.33  
 174 P	 22.31  
 175 P	 51.48  
 176 Q	 61.17  
 177 L	 4.93  
 178 H	 20.39  
 179 Q	 53.90  
 180 Q	 31.79  
 181 Q	 29.77  
 182 H	 24.07  
 183 Q	 40.05  
 184 Q	 40.37  
 185 Q	 29.77  
 186 H	 25.57  
 187 Q	 37.81  
 188 Q	 33.94  
 189 H	 23.77  
 190 Q	 37.81  
 191 Q	 33.94  
 192 H	 22.35  
 193 Q	 38.14  
 194 Q	 40.71  
 195 Q	 26.81  
 196 Q	 43.39  
 197 Q	 36.25  
 198 L	 3.50  
 199 H	 20.81  
 200 Q	 44.68  
 201 H	 19.37  
 202 Q	 26.58  
 203 Q	 44.02  
 204 Q	 37.02  
 205 L	 8.81  
 206 S	 13.85  
 207 P	 55.14  
 208 N	 43.16  
 209 L	 3.44  
 210 S	 35.11  
 211 A	 17.68  
 212 L	 3.38  
 213 H	 20.25  
 214 H	 22.45  
 215 H	 15.09  
 216 H	 23.84  
 217 Q	 38.12  
 218 Q	 38.40  
 219 Q	 26.81  
 220 Q	 39.68  
 221 Q	 37.84  
 222 L	 5.96  
 223 R	 31.53  
 224 E	 63.43  
 225 S	 41.86  
 226 G	 36.55  
 227 G	 31.31  
 228 S	 25.07  
 229 H	 47.18  
 230 S	 28.33  
 231 P	 33.14  
 232 S	 52.78  
 233 S	 30.83  
 234 P	 50.19  
 235 G	 49.69  
 236 G	 34.65  
 237 G	 37.17  
 238 G	 40.33  
 239 G	 36.36  
 240 G	 28.81  
 241 S	 27.73  
 242 P	 29.86  
 243 Y	 33.58  
 244 N	 47.20  
 245 G	 18.45  
 246 S	 17.14  
 247 Q	 43.08  
 248 A	 23.74  
 249 G	 12.28  
 250 C	 3.07  
 251 S	 30.97  
 252 S	 45.15  
 253 G	 22.59  
 254 G	 21.10  
 255 I	 5.16  
 256 S	 21.76  
 257 P	 40.98  
 258 I	 6.58  
 259 P	 19.22  
 260 P	 37.19  
 261 Q	 35.59  
 262 M	 7.64  
 263 G	 16.11  
 264 V	 8.11  
 265 S	 15.22  
 266 P	 34.98  
 267 K	 43.83  
 268 Y	 18.03  
 269 R	 31.81  
 270 R	 34.94  
 271 S	 17.37  
 272 I	 4.70  
 273 S	 26.64  
 274 F	 7.46  
 275 P	 22.16  
 276 I	 9.33  
 277 K	 52.88  
 278 G	 40.33  
 279 N	 39.55  
 280 S	 32.09  
 281 P	 29.83  
 282 T	 26.05  
 283 A	 9.08  
 284 I	 5.07  
 285 Y	 10.45  
 286 G	 20.90  
 287 N	 10.54  
 288 M	 2.11  
 289 H	 18.38  
 290 M	 3.11  
 291 D	 29.28  
 292 G	 18.12  
 293 M	 3.17  
 294 G	 35.68  
 295 S	 19.34  
 296 G	 20.52  
 297 H	 14.07  
 298 M	 5.77  
 299 N	 31.26  
 300 I	 1.83  
 301 P	 23.45  
 302 T	 29.37  
 303 L	 2.70  
 304 S	 30.81  
 305 I	 5.82  
 306 G	 24.29  
 307 N	 44.24  
 308 G	 30.80  
 309 G	 35.26  
 310 G	 38.39  
 311 G	 30.10  
 312 G	 25.88  
 313 S	 25.68  
 314 T	 32.35  
 315 G	 19.05  
 316 M	 1.87  
 317 V	 3.62  
 318 S	 16.46  
 319 A	 10.55  
 320 G	 19.03  
 321 A	 11.64  
 322 T	 35.13  
 323 G	 37.24  
 324 G	 26.84  
 325 G	 29.29  
 326 D	 47.87  
 327 A	 9.64  
 328 P	 29.62  
 329 Y	 29.03  
 330 L	 5.22  
 331 G	 18.39  
 332 N	 29.48  
 333 S	 32.39  
 334 Y	 19.27  
 335 G	 18.51  
 336 N	 14.60  
 337 M	 2.42  
 338 M	 4.27  
 339 T	 14.31  
 340 S	 22.52  
 341 N	 35.23  
 342 G	 26.42  
 343 Q	 32.08  
 344 M	 2.39  
 345 H	 14.46  
 346 H	 31.11  
 347 G	 19.72  
 348 G	 29.18  
 349 G	 34.15  
 350 L	 6.79  
 351 D	 46.04  
 352 N	 41.76  
 353 S	 30.00  
 354 L	 3.02  
 355 C	 3.37  
 356 D	 45.62  
 357 Y	 9.29  
 358 M	 1.27  
 359 R	 29.48  
 360 N	 14.09  
 361 M	 2.17  
 362 S	 27.66  
 363 L	 7.67  
 364 G	 21.88  
 365 G	 34.60  
 366 N	 44.10  
 367 G	 44.74  
 368 G	 34.71  
 369 G	 37.19  
 370 D	 61.70  
 371 G	 31.81  
 372 S	 30.39  
 373 N	 47.46  
 374 S	 16.08  
 375 M	 4.11  
 376 S	 22.10  
 377 L	 2.40  
 378 M	 2.82  
 379 Q	 40.21  
 380 D	 32.17  
 381 R	 9.64  
 382 M	 5.22  
 383 R	 19.03  
 384 V	 2.82  
 385 M	 3.47  
 386 G	 46.52  
 387 G	 15.24  
 388 P	 18.37  
 389 K	 61.52  
 390 H	 37.41  
 391 L	 6.54  
 392 S	 30.38  
 393 E	 57.86  
 394 A	 13.39  
 395 D	 32.59  
 396 A	 9.06  
 397 M	 2.59  
 398 A	 7.03  
 399 I	 1.80  
 400 A	 5.99  
 401 A	 16.32  
 402 S	 29.16  
 403 G	 37.52  
 404 N	 56.37  
 405 D	 40.14  
 406 P	 29.69  
 407 S	 26.68  
 408 V	 8.41  
 409 Y	 9.89  
 410 L	 2.57  
 411 N	 26.07  
 412 A	 13.13  
 413 L	 3.70  
 414 K	 38.51  
 415 M	 7.17  
 416 G	 34.51  
 417 S	 19.06  
 418 P	 20.10  
 419 S	 47.77  
 420 R	 42.44  
 421 L	 12.54  
 422 S	 21.32  
 423 P	 36.25  
 424 H	 51.06  
 425 S	 27.91  
 426 P	 29.01  
 427 H	 49.58  
 428 S	 27.38  
 429 P	 21.64  
 430 I	 7.15  
 431 Q	 58.06  
 432 G	 32.05  
 433 G	 17.15  
 434 N	 63.12  
 435 G	 32.12  
 436 G	 29.65  
 437 N	 35.68  
 438 V	 9.28  
 439 G	 31.46  
 440 D	 47.16  
 441 G	 18.49  
 442 T	 21.28  
 443 A	 18.95  
 444 R	 29.88  
 445 F	 8.42  
 446 S	 26.16  
 447 R	 36.12  
 448 K	 38.53  
 449 V	 4.58  
 450 F	 4.79  
 451 V	 7.14  
 452 G	 22.06  
 453 G	 29.70  
 454 L	 4.59  
 455 P	 28.00  
 456 P	 57.12  
 457 D	 60.06  
 458 I	 8.45  
 459 D	 65.75  
 460 E	 58.85  
 461 D	 49.18  
 462 E	 39.94  
 463 I	 8.67  
 464 T	 17.84  
 465 T	 31.37  
 466 S	 14.22  
 467 F	 6.45  
 468 R	 32.55  
 469 R	 38.57  
 470 F	 11.72  
 471 G	 16.90  
 472 P	 21.19  
 473 L	 6.32  
 474 V	 4.06  
 475 V	 9.32  
 476 D	 45.79  
 477 W	 5.81  
 478 P	 18.03  
 479 H	 37.39  
 480 K	 50.17  
 481 A	 24.22  
 482 E	 64.60  
 483 S	 31.59  
 484 K	 40.45  
 485 S	 41.08  
 486 Y	 24.68  
 487 F	 12.32  
 488 P	 22.81  
 489 P	 32.57  
 490 K	 65.87  
 491 G	 25.44  
 492 Y	 10.58  
 493 A	 9.40  
 494 F	 4.60  
 495 L	 3.40  
 496 L	 2.68  
 497 F	 10.53  
 498 Q	 54.23  
 499 D	 50.87  
 500 E	 33.84  
 501 S	 44.06  
 502 S	 23.15  
 503 V	 6.14  
 504 Q	 34.02  
 505 Q	 37.92  
 506 L	 2.34  
 507 I	 2.97  
 508 D	 46.15  
 509 S	 10.63  
 510 C	 3.26  
 511 I	 6.69  
 512 T	 37.35  
 513 D	 42.03  
 514 E	 48.69  
 515 D	 49.41  
 516 K	 36.66  
 517 L	 6.46  
 518 Y	 12.09  
 519 L	 3.18  
 520 C	 1.44  
 521 V	 6.15  
 522 S	 29.60  
 523 S	 12.98  
 524 P	 30.54  
 525 T	 42.48  
 526 I	 6.53  
 527 K	 56.51  
 528 D	 40.05  
 529 K	 45.51  
 530 A	 14.47  
 531 V	 6.31  
 532 Q	 30.73  
 533 I	 4.61  
 534 R	 13.98  
 535 P	 23.36  
 536 W	 9.70  
 537 R	 23.76  
 538 L	 4.46  
 539 A	 11.02  
 540 D	 44.56  
 541 A	 12.39  
 542 D	 34.32  
 543 Y	 12.48  
 544 V	 3.92  
 545 L	 2.78  
 546 D	 29.92  
 547 A	 10.88  
 548 T	 13.63  
 549 M	 3.92  
 550 S	 25.84  
 551 L	 7.94  
 552 D	 33.38  
 553 P	 44.98  
 554 R	 47.12  
 555 K	 55.20  
 556 T	 22.06  
 557 V	 4.03  
 558 F	 5.24  
 559 V	 5.92  
 560 G	 21.66  
 561 G	 22.43  
 562 V	 2.75  
 563 P	 35.13  
 564 R	 46.94  
 565 P	 31.95  
 566 L	 7.07  
 567 K	 54.43  
 568 A	 15.72  
 569 F	 8.27  
 570 E	 40.24  
 571 L	 2.95  
 572 A	 4.35  
 573 M	 4.00  
 574 I	 1.85  
 575 M	 1.25  
 576 D	 26.89  
 577 R	 16.66  
 578 L	 3.98  
 579 Y	 16.84  
 580 G	 27.01  
 581 G	 7.86  
 582 V	 1.64  
 583 C	 1.87  
 584 Y	 12.88  
 585 A	 11.88  
 586 G	 7.57  
 587 I	 3.82  
 588 D	 44.11  
 589 T	 52.08  
 590 D	 30.81  
 591 P	 51.41  
 592 E	 61.78  
 593 L	 8.62  
 594 K	 58.82  
 595 Y	 23.85  
 596 P	 27.32  
 597 K	 59.30  
 598 G	 28.85  
 599 A	 14.56  
 600 G	 33.01  
 601 R	 18.96  
 602 V	 6.53  
 603 A	 10.78  
 604 F	 6.88  
 605 S	 24.80  
 606 N	 37.14  
 607 Q	 32.19  
 608 Q	 42.31  
 609 S	 14.56  
 610 Y	 7.11  
 611 I	 2.24  
 612 A	 7.18  
 613 A	 6.16  
 614 I	 2.15  
 615 S	 14.52  
 616 A	 11.65  
 617 R	 26.02  
 618 F	 4.03  
 619 V	 4.65  
 620 Q	 32.47  
 621 L	 3.22  
 622 Q	 22.79  
 623 H	 44.48  
 624 G	 22.17  
 625 D	 43.73  
 626 I	 8.78  
 627 D	 37.13  
 628 K	 59.69  
 629 R	 26.53  
 630 V	 14.11  
 631 E	 49.18  
 632 V	 7.47  
 633 K	 19.68  
 634 P	 29.64  
 635 Y	 14.13  
 636 V	 6.83  
 637 L	 5.05  
 638 D	 33.77  
 639 D	 33.67  
 640 Q	 33.79  
 641 M	 3.91  
 642 C	 3.11  
 643 D	 59.23  
 644 E	 29.55  
 645 C	 4.55  
 646 E	 57.21  
 647 G	 31.71  
 648 Q	 18.39  
 649 R	 31.72  
 650 C	 6.92  
 651 G	 44.51  
 652 G	 26.07  
 653 K	 24.52  
 654 F	 13.60  
 655 A	 11.95  
 656 P	 26.44  
 657 F	 7.62  
 658 F	 3.61  
 659 C	 2.49  
 660 A	 14.36  
 661 N	 30.71  
 662 V	 1.81  
 663 T	 13.80  
 664 C	 1.62  
 665 L	 2.40  
 666 Q	 29.33  
 667 Y	 9.35  
 668 Y	 4.38  
 669 C	 2.16  
 670 E	 26.42  
 671 H	 14.62  
 672 C	 0.86  
 673 W	 8.75  
 674 A	 8.86  
 675 V	 1.42  
 676 I	 1.56  
 677 H	 15.91  
 678 S	 29.10  
 679 R	 24.43  
 680 P	 49.56  
 681 G	 33.66  
 682 R	 43.94  
 683 E	 58.88  
 684 Y	 17.49  
 685 H	 22.09  
 686 K	 38.86  
 687 P	 29.13  
 688 L	 11.65  
 689 V	 7.81  
 690 K	 59.10  
 691 E	 52.73  
 692 G	 27.36  
 693 A	 15.67  
 694 D	 72.48  
 695 R	 23.28  
 696 P	 29.18  
 697 R	 49.46  
 698 A	 18.93  
 699 V	 4.93  
 700 P	 16.46  
 701 F	 8.35  
 702 R	 27.99  
 703 W	 7.80  
 704 C	 3.31  
