 1 M	 13.44  
 2 E	 64.59  
 3 T	 25.50  
 4 P	 22.81  
 5 T	 51.94  
 6 G	 29.34  
 7 S	 33.82  
 8 G	 47.03  
 9 R	 27.93  
 10 P	 29.79  
 11 S	 33.07  
 12 R	 22.80  
 13 M	 5.97  
 14 A	 17.22  
 15 T	 10.29  
 16 P	 26.19  
 17 R	 46.63  
 18 L	 7.03  
 19 S	 36.31  
 20 E	 67.81  
 21 R	 35.76  
 22 K	 40.21  
 23 R	 44.66  
 24 Q	 44.15  
 25 L	 6.44  
 26 F	 7.43  
 27 G	 45.38  
 28 S	 15.14  
 29 P	 38.35  
 30 R	 35.79  
 31 S	 38.77  
 32 R	 34.86  
 33 L	 5.08  
 34 R	 33.93  
 35 Q	 43.35  
 36 I	 5.02  
 37 N	 42.20  
 38 D	 63.41  
 39 D	 57.65  
 40 E	 61.73  
 41 D	 64.49  
 42 D	 42.49  
 43 A	 30.92  
 44 D	 52.32  
 45 V	 6.04  
 46 D	 38.40  
 47 S	 27.20  
 48 L	 4.81  
 49 G	 23.91  
 50 V	 6.37  
 51 L	 3.79  
 52 P	 29.42  
 53 L	 9.76  
 54 K	 34.35  
 55 T	 29.30  
 56 H	 12.96  
 57 V	 6.96  
 58 A	 7.45  
 59 A	 18.44  
 60 N	 36.14  
 61 R	 37.77  
 62 K	 59.49  
 63 G	 22.60  
 64 R	 32.97  
 65 S	 36.19  
 66 L	 3.05  
 67 F	 4.29  
 68 A	 16.91  
 69 A	 10.74  
 70 V	 6.03  
 71 P	 39.50  
 72 G	 35.56  
 73 K	 40.89  
 74 S	 41.17  
 75 S	 31.62  
 76 S	 40.33  
 77 S	 33.16  
 78 A	 23.13  
 79 N	 44.99  
 80 S	 47.16  
 81 S	 26.94  
 82 P	 52.86  
 83 E	 67.94  
 84 T	 55.78  
 85 N	 48.24  
 86 K	 70.82  
 87 E	 76.09  
 88 N	 53.38  
 89 K	 57.52  
 90 K	 55.85  
 91 T	 35.83  
 92 R	 49.07  
 93 G	 37.97  
 94 G	 11.61  
 95 V	 3.25  
 96 M	 2.09  
 97 T	 20.60  
 98 A	 6.16  
 99 T	 22.89  
 100 A	 10.48  
 101 E	 48.58  
 102 Q	 56.85  
 103 L	 1.88  
 104 P	 28.64  
 105 Q	 58.77  
 106 L	 3.78  
 107 F	 3.53  
 108 T	 29.79  
 109 A	 7.65  
 110 T	 10.36  
 111 M	 4.21  
 112 R	 26.77  
 113 L	 5.98  
 114 N	 28.87  
 115 S	 42.55  
 116 N	 44.85  
 117 S	 34.66  
 118 S	 37.48  
 119 S	 38.35  
 120 N	 47.11  
 121 S	 34.48  
 122 R	 51.83  
 123 N	 46.81  
 124 S	 40.38  
 125 S	 27.87  
 126 P	 32.02  
 127 R	 53.07  
 128 Q	 36.72  
 129 T	 33.80  
 130 R	 17.77  
 131 V	 7.98  
 132 Q	 41.72  
 133 R	 27.80  
 134 K	 34.54  
 135 R	 45.90  
 136 A	 24.87  
 137 D	 45.32  
 138 S	 27.27  
 139 S	 24.19  
 140 M	 5.49  
 141 S	 34.80  
 142 S	 24.45  
 143 P	 29.06  
 144 T	 43.09  
 145 S	 34.94  
 146 S	 34.58  
 147 S	 39.55  
 148 E	 69.87  
 149 G	 44.89  
 150 T	 18.88  
 151 P	 40.96  
 152 S	 32.09  
 153 S	 31.03  
 154 R	 41.73  
 155 A	 19.56  
 156 R	 36.00  
 157 N	 40.58  
 158 S	 16.36  
 159 I	 4.91  
 160 R	 32.61  
 161 R	 49.71  
 162 S	 14.64  
 163 P	 37.20  
 164 R	 50.04  
 165 T	 25.89  
 166 F	 6.34  
 167 S	 29.22  
 168 A	 19.09  
 169 Q	 49.87  
 170 K	 71.58  
 171 D	 33.94  
 172 P	 41.69  
 173 D	 71.08  
 174 A	 16.17  
 175 F	 10.95  
 176 S	 46.86  
 177 S	 26.66  
 178 P	 39.80  
 179 E	 67.16  
 180 S	 26.49  
 181 F	 9.07  
 182 Q	 34.68  
 183 T	 31.41  
 184 R	 26.61  
 185 L	 7.07  
 186 S	 23.07  
 187 K	 40.25  
 188 V	 3.54  
 189 A	 7.29  
 190 A	 8.47  
 191 M	 2.44  
 192 L	 2.48  
 193 M	 2.69  
 194 K	 49.84  
 195 G	 23.67  
 196 Q	 39.73  
 197 D	 55.47  
 198 S	 20.54  
 199 R	 34.08  
 200 S	 31.50  
 201 M	 5.64  
 202 L	 8.70  
 203 E	 46.79  
 204 K	 64.71  
 205 S	 40.09  
 206 K	 76.53  
 207 K	 67.37  
 208 K	 54.07  
 209 H	 46.22  
 210 N	 35.01  
 211 H	 33.94  
 212 S	 36.56  
 213 L	 4.43  
 214 K	 47.01  
 215 T	 32.43  
 216 T	 17.32  
 217 A	 18.03  
 218 Q	 25.98  
 219 V	 3.92  
 220 H	 18.75  
 221 T	 37.34  
 222 T	 30.39  
 223 K	 56.87  
 224 P	 41.08  
 225 K	 70.95  
 226 K	 63.86  
 227 T	 46.17  
 228 S	 30.87  
 229 P	 49.26  
 230 A	 32.72  
 231 E	 62.66  
 232 E	 57.07  
 233 S	 26.87  
 234 Q	 54.91  
 235 S	 57.20  
 236 D	 61.52  
 237 D	 71.69  
 238 E	 72.38  
 239 K	 58.14  
 240 P	 37.08  
 241 S	 59.31  
 242 S	 54.59  
 243 S	 39.95  
 244 K	 61.97  
 245 N	 49.33  
 246 S	 48.66  
 247 R	 45.71  
 248 K	 68.96  
 249 N	 40.12  
 250 T	 38.60  
 251 E	 49.31  
 252 V	 6.70  
 253 R	 33.08  
 254 E	 54.47  
 255 T	 25.86  
 256 R	 29.56  
 257 S	 33.73  
 258 S	 23.31  
 259 Q	 37.98  
 260 I	 3.48  
 261 I	 4.46  
 262 S	 23.21  
 263 P	 31.46  
 264 K	 54.01  
 265 T	 36.24  
 266 R	 40.56  
 267 N	 47.22  
 268 R	 32.47  
 269 R	 54.92  
 270 R	 27.70  
 271 P	 34.75  
 272 F	 8.82  
 273 T	 26.20  
 274 S	 25.07  
 275 A	 20.74  
 276 D	 32.19  
 277 I	 6.97  
 278 N	 23.06  
 279 C	 3.49  
 280 K	 53.02  
 281 T	 35.37  
 282 L	 1.86  
 283 K	 41.01  
 284 A	 17.00  
 285 A	 8.20  
 286 A	 15.61  
 287 H	 24.00  
 288 L	 4.67  
 289 H	 17.96  
 290 E	 60.11  
 291 N	 22.03  
 292 M	 2.47  
 293 R	 43.58  
 294 S	 26.60  
 295 Y	 19.60  
 296 D	 59.84  
 297 E	 53.83  
 298 E	 53.46  
 299 K	 41.22  
 300 T	 24.11  
 301 A	 22.71  
 302 A	 12.28  
 303 V	 7.25  
 304 K	 45.41  
 305 L	 6.39  
 306 E	 47.65  
 307 N	 53.83  
 308 S	 23.43  
 309 R	 47.90  
 310 S	 40.50  
 311 R	 47.17  
 312 S	 38.44  
 313 K	 58.64  
 314 S	 35.11  
 315 P	 29.99  
 316 V	 14.65  
 317 E	 45.69  
 318 V	 8.14  
 319 F	 4.55  
 320 K	 54.23  
 321 S	 33.74  
 322 N	 52.34  
 323 D	 52.95  
 324 D	 58.47  
 325 A	 16.17  
 326 V	 8.44  
 327 K	 41.47  
 328 R	 39.07  
 329 N	 46.77  
 330 T	 35.52  
 331 G	 42.38  
 332 N	 37.28  
 333 T	 41.32  
 334 N	 52.58  
 335 N	 40.80  
 336 K	 52.51  
 337 T	 41.25  
 338 A	 16.02  
 339 K	 60.80  
 340 S	 29.30  
 341 S	 35.07  
 342 E	 43.17  
 343 V	 6.57  
 344 A	 9.59  
 345 T	 37.58  
 346 A	 8.98  
 347 K	 65.22  
 348 R	 37.44  
 349 P	 45.79  
 350 E	 73.86  
 351 S	 36.92  
 352 P	 45.05  
 353 G	 41.45  
 354 S	 30.55  
 355 S	 29.97  
 356 M	 4.77  
 357 K	 37.39  
 358 I	 5.55  
 359 D	 25.63  
 360 V	 10.20  
 361 E	 48.91  
 362 V	 6.82  
 363 P	 23.13  
 364 E	 75.81  
 365 S	 44.23  
 366 D	 56.97  
 367 E	 65.82  
 368 E	 63.49  
 369 A	 17.37  
 370 S	 42.62  
 371 N	 55.00  
 372 H	 40.45  
 373 K	 54.09  
 374 P	 37.06  
 375 Q	 59.37  
 376 K	 63.65  
 377 R	 34.49  
 378 Q	 64.62  
 379 H	 26.62  
 380 P	 37.92  
 381 E	 53.95  
 382 T	 42.21  
 383 S	 29.11  
 384 T	 29.24  
 385 P	 21.75  
 386 V	 14.33  
 387 A	 8.11  
 388 P	 30.22  
 389 S	 29.10  
 390 A	 18.23  
 391 D	 56.07  
 392 A	 16.76  
 393 D	 54.82  
 394 S	 42.78  
 395 G	 43.84  
 396 S	 24.58  
 397 P	 46.09  
 398 Q	 58.33  
 399 S	 31.63  
 400 K	 37.16  
 401 M	 6.41  
 402 R	 33.75  
 403 K	 35.75  
 404 V	 4.61  
 405 T	 24.77  
 406 L	 5.39  
 407 S	 16.81  
 408 S	 35.09  
 409 S	 29.25  
 410 I	 3.39  
 411 P	 20.33  
 412 T	 21.33  
 413 M	 1.72  
 414 A	 11.60  
 415 F	 4.46  
 416 Y	 8.92  
 417 S	 12.53  
 418 H	 28.57  
 419 S	 32.18  
 420 G	 22.81  
 421 E	 42.87  
 422 A	 20.15  
 423 V	 6.36  
 424 T	 30.28  
 425 K	 35.05  
 426 S	 22.96  
 427 R	 39.94  
 428 R	 63.05  
 429 R	 28.36  
 430 P	 33.91  
 431 S	 37.37  
 432 I	 8.23  
 433 S	 30.07  
 434 K	 49.22  
 435 N	 45.87  
 436 S	 40.45  
 437 L	 9.26  
 438 K	 54.79  
 439 Q	 57.07  
 440 P	 33.79  
 441 T	 38.22  
 442 K	 48.12  
 443 I	 7.02  
 444 S	 24.55  
 445 P	 37.55  
 446 T	 30.49  
 447 S	 34.97  
 448 R	 28.50  
 449 P	 31.53  
 450 L	 7.13  
 451 L	 7.78  
 452 G	 29.16  
 453 I	 4.93  
 454 N	 32.98  
 455 K	 61.46  
 456 G	 21.36  
 457 V	 4.57  
 458 H	 25.78  
 459 H	 25.49  
 460 K	 29.36  
 461 I	 5.65  
 462 R	 34.46  
 463 K	 52.82  
 464 R	 25.88  
 465 H	 38.46  
 466 G	 27.65  
 467 F	 4.44  
 468 A	 12.58  
 469 N	 43.70  
 470 R	 38.32  
 471 L	 3.20  
 472 P	 29.85  
 473 A	 22.33  
 474 T	 29.89  
 475 D	 44.54  
 476 M	 3.55  
 477 D	 41.65  
 478 N	 33.73  
 479 I	 3.16  
 480 L	 4.46  
 481 N	 36.79  
 482 S	 29.72  
 483 L	 6.57  
 484 S	 36.14  
 485 N	 43.64  
 486 E	 56.89  
 487 R	 56.03  
 488 L	 3.34  
 489 K	 56.80  
 490 N	 41.07  
 491 L	 3.35  
 492 I	 6.85  
 493 T	 29.45  
 494 T	 22.55  
 495 K	 49.51  
 496 R	 49.25  
 497 E	 54.08  
 498 E	 63.07  
 499 R	 34.65  
 500 A	 24.43  
 501 K	 57.30  
 502 V	 8.07  
 503 E	 54.30  
 504 E	 48.57  
 505 V	 2.26  
 506 H	 16.55  
 507 Q	 41.40  
 508 I	 2.05  
 509 L	 2.51  
 510 R	 42.56  
 511 N	 48.15  
 512 A	 15.93  
 513 K	 68.53  
 514 D	 47.98  
 515 P	 27.65  
 516 I	 7.36  
 517 K	 37.89  
 518 M	 6.33  
 519 A	 12.81  
 520 K	 42.89  
 521 P	 21.96  
 522 L	 6.69  
 523 S	 29.58  
 524 V	 6.37  
 525 I	 3.03  
 526 E	 43.84  
 527 A	 14.62  
 528 D	 42.64  
 529 D	 59.24  
 530 A	 22.61  
 531 N	 59.77  
 532 N	 55.09  
 533 N	 38.28  
 534 N	 54.24  
 535 N	 49.91  
 536 L	 3.12  
 537 P	 29.68  
 538 A	 17.08  
 539 T	 26.87  
 540 A	 14.20  
 541 W	 7.68  
 542 Q	 41.44  
 543 E	 33.75  
 544 T	 17.70  
 545 S	 25.70  
 546 A	 29.32  
 547 D	 43.26  
 548 F	 6.47  
 549 S	 37.88  
 550 D	 50.62  
 551 L	 4.57  
 552 S	 44.60  
 553 D	 55.94  
 554 V	 6.82  
 555 E	 54.99  
 556 D	 50.90  
 557 I	 4.25  
 558 D	 40.44  
 559 P	 29.77  
 560 I	 3.58  
 561 I	 6.21  
 562 E	 41.36  
 563 V	 8.15  
 564 E	 20.28  
 565 P	 34.68  
 566 I	 3.56  
 567 I	 2.68  
 568 P	 19.37  
 569 I	 2.81  
 570 I	 2.85  
 571 R	 28.92  
 572 H	 33.05  
 573 E	 37.00  
 574 P	 27.93  
 575 V	 11.59  
 576 Q	 51.75  
 577 K	 59.65  
 578 S	 15.47  
 579 P	 42.54  
 580 T	 51.23  
 581 A	 24.94  
 582 E	 43.42  
 583 P	 28.72  
 584 A	 23.14  
 585 D	 63.29  
 586 L	 7.65  
 587 S	 30.84  
 588 K	 67.89  
 589 R	 37.32  
 590 K	 59.91  
 591 F	 12.38  
 592 F	 7.45  
 593 K	 55.95  
 594 S	 32.16  
 595 G	 29.61  
 596 R	 42.26  
 597 R	 38.18  
 598 S	 28.74  
 599 S	 24.66  
 600 T	 19.67  
 601 C	 2.06  
 602 M	 5.59  
 603 E	 30.69  
 604 V	 1.82  
 605 R	 16.88  
 606 I	 7.38  
 607 T	 16.66  
 608 D	 46.30  
 609 N	 19.59  
 610 I	 4.30  
 611 R	 27.37  
 612 A	 15.53  
 613 S	 16.68  
 614 V	 4.90  
 615 S	 30.62  
 616 Q	 55.85  
 617 G	 25.96  
 618 K	 25.93  
 619 I	 6.73  
 620 E	 46.50  
 621 L	 3.84  
 622 V	 2.83  
 623 Q	 43.78  
 624 T	 14.69  
 625 I	 1.93  
 626 R	 43.91  
 627 R	 49.86  
 628 K	 34.40  
 629 P	 30.08  
 630 R	 51.14  
 631 Q	 35.58  
 632 V	 8.85  
 633 R	 23.08  
 634 V	 6.37  
 635 K	 24.65  
 636 S	 27.99  
 637 A	 10.05  
 638 T	 29.64  
 639 I	 2.28  
 640 F	 5.00  
 641 S	 27.35  
 642 A	 11.37  
 643 E	 39.28  
 644 Q	 41.89  
 645 A	 10.90  
 646 T	 20.72  
 647 V	 5.40  
 648 D	 24.44  
 649 A	 12.50  
 650 I	 4.94  
 651 L	 3.01  
 652 K	 49.72  
 653 N	 45.30  
 654 L	 6.36  
 655 D	 59.95  
 656 D	 44.56  
 657 T	 23.30  
 658 V	 7.03  
 659 V	 6.24  
 660 D	 35.25  
 661 E	 37.01  
 662 I	 2.69  
 663 V	 5.52  
 664 E	 48.68  
 665 A	 18.09  
 666 N	 19.18  
 667 P	 34.40  
 668 V	 5.10  
 669 V	 3.19  
 670 Q	 39.49  
 671 A	 12.06  
 672 T	 12.04  
 673 P	 26.02  
 674 I	 7.33  
 675 D	 49.48  
 676 A	 19.76  
 677 E	 52.72  
 678 E	 51.83  
 679 T	 23.97  
 680 T	 19.11  
 681 M	 8.61  
 682 E	 47.54  
 683 T	 21.76  
 684 E	 36.65  
 685 S	 53.25  
 686 L	 3.44  
 687 P	 39.78  
 688 D	 60.84  
 689 I	 2.14  
 690 I	 4.28  
 691 E	 35.66  
 692 Y	 19.63  
 693 A	 5.22  
 694 P	 40.09  
 695 E	 52.51  
 696 A	 19.23  
 697 N	 52.80  
 698 D	 46.61  
 699 V	 7.53  
 700 E	 44.53  
 701 I	 9.06  
 702 D	 20.82  
 703 P	 35.69  
 704 F	 10.11  
 705 A	 22.02  
 706 E	 41.56  
 707 F	 7.86  
 708 R	 16.53  
 709 Q	 57.49  
 710 R	 33.12  
 711 L	 3.33  
 712 P	 22.75  
 713 Y	 28.74  
 714 Q	 36.19  
 715 T	 36.20  
 716 D	 54.57  
 717 D	 39.81  
 718 P	 38.02  
 719 N	 58.42  
 720 V	 6.45  
 721 V	 7.55  
 722 E	 38.09  
 723 Q	 28.95  
 724 Q	 20.83  
 725 Q	 28.17  
 726 I	 4.05  
 727 L	 3.05  
 728 L	 4.71  
 729 E	 34.66  
 730 F	 8.08  
 731 L	 2.83  
 732 I	 5.13  
 733 S	 26.43  
 734 N	 34.59  
 735 N	 24.75  
 736 I	 3.44  
 737 C	 4.34  
 738 T	 46.31  
 739 E	 41.41  
 740 K	 49.10  
 741 N	 33.29  
 742 F	 12.95  
 743 E	 46.51  
 744 I	 2.37  
 745 F	 3.21  
 746 I	 4.44  
 747 A	 15.68  
 748 N	 35.40  
 749 P	 27.16  
 750 D	 72.22  
 751 D	 54.35  
 752 Y	 27.93  
 753 K	 56.96  
 754 D	 54.75  
 755 E	 45.42  
 756 A	 24.30  
 757 N	 30.02  
 758 Q	 44.10  
 759 I	 4.16  
 760 V	 2.62  
 761 D	 40.83  
 762 N	 23.37  
 763 L	 2.23  
 764 Y	 8.30  
 765 M	 2.82  
 766 V	 2.02  
 767 V	 3.58  
 768 N	 32.09  
 769 S	 25.79  
 770 E	 46.59  
 771 E	 49.48  
 772 A	 9.10  
 773 A	 14.27  
 774 Q	 44.36  
 775 L	 2.83  
 776 A	 8.46  
 777 Q	 38.55  
 778 M	 3.76  
 779 E	 37.31  
 780 T	 27.98  
 781 V	 3.21  
 782 E	 57.17  
 783 N	 29.06  
 784 T	 14.70  
 785 A	 10.58  
 786 V	 3.59  
 787 A	 6.97  
 788 I	 5.61  
 789 A	 8.76  
 790 P	 28.82  
 791 K	 52.36  
 792 Q	 51.55  
 793 D	 61.72  
 794 A	 7.46  
 795 P	 45.16  
 796 A	 24.07  
 797 V	 6.66  
 798 E	 55.33  
 799 E	 39.59  
 800 V	 8.16  
 801 Q	 32.46  
 802 P	 40.26  
 803 K	 45.74  
 804 L	 8.64  
 805 F	 5.64  
 806 P	 31.08  
 807 I	 4.58  
 808 F	 4.92  
 809 T	 17.31  
 810 Q	 33.08  
 811 R	 32.03  
 812 L	 4.92  
 813 Q	 30.82  
 814 P	 32.60  
 815 V	 4.61  
 816 V	 8.26  
 817 Q	 29.83  
 818 K	 39.59  
 819 S	 15.26  
 820 L	 6.77  
 821 R	 39.39  
 822 R	 60.83  
 823 R	 27.32  
 824 P	 47.63  
 825 D	 49.99  
 826 T	 27.40  
 827 S	 14.86  
 828 M	 3.67  
 829 R	 26.72  
 830 L	 3.59  
 831 L	 1.85  
 832 T	 21.03  
 833 A	 12.22  
 834 A	 20.04  
 835 G	 37.28  
 836 G	 20.78  
 837 S	 21.60  
 838 N	 48.10  
 839 Q	 32.95  
 840 Y	 16.22  
 841 Q	 19.81  
 842 I	 3.14  
 843 D	 29.17  
 844 A	 24.76  
 845 G	 26.27  
 846 Q	 35.31  
 847 K	 44.77  
 848 A	 10.54  
 849 F	 11.50  
 850 G	 25.39  
 851 A	 7.60  
 852 R	 37.88  
 853 Q	 28.92  
 854 C	 2.22  
 855 Q	 33.01  
 856 Q	 30.76  
 857 C	 1.55  
 858 G	 17.53  
 859 L	 3.33  
 860 V	 1.98  
 861 Y	 14.21  
 862 T	 14.12  
 863 V	 2.36  
 864 H	 36.77  
 865 E	 50.50  
 866 P	 39.15  
 867 E	 62.21  
 868 E	 65.74  
 869 E	 55.77  
 870 L	 5.74  
 871 L	 3.96  
 872 H	 32.90  
 873 R	 46.25  
 874 E	 40.16  
 875 Y	 13.27  
 876 H	 19.46  
 877 N	 41.58  
 878 S	 10.76  
 879 I	 2.94  
 880 H	 16.63  
 881 V	 3.80  
 882 L	 3.09  
 883 R	 30.09  
 884 F	 8.20  
 885 K	 47.07  
 886 G	 24.70  
 887 W	 8.75  
 888 I	 5.91  
 889 D	 40.79  
 890 E	 40.27  
 891 D	 42.73  
 892 I	 2.04  
 893 V	 4.98  
 894 S	 19.10  
 895 V	 6.82  
 896 Y	 6.47  
 897 P	 28.62  
 898 E	 37.68  
 899 W	 9.14  
 900 A	 8.97  
 901 S	 41.49  
 902 D	 42.52  
 903 G	 21.86  
 904 R	 26.59  
 905 I	 2.80  
 906 I	 3.31  
 907 R	 24.25  
 908 I	 4.41  
 909 N	 23.89  
 910 E	 48.09  
 911 R	 41.18  
 912 A	 10.30  
 913 P	 32.58  
 914 T	 24.35  
 915 A	 14.69  
 916 R	 39.33  
 917 L	 4.10  
 918 D	 41.85  
 919 R	 35.89  
 920 L	 5.09  
 921 R	 37.27  
 922 D	 47.43  
 923 L	 2.72  
 924 I	 4.63  
 925 G	 22.23  
 926 V	 3.89  
 927 V	 7.99  
 928 D	 35.98  
 929 K	 43.14  
 930 E	 42.85  
 931 L	 10.85  
 932 G	 22.74  
 933 Y	 13.68  
 934 S	 18.18  
 935 S	 15.47  
 936 Y	 10.45  
 937 I	 4.64  
 938 V	 2.76  
 939 P	 17.92  
 940 K	 37.57  
 941 I	 2.48  
 942 F	 3.96  
 943 V	 4.91  
 944 A	 4.56  
 945 F	 2.87  
 946 I	 2.21  
 947 A	 6.65  
 948 V	 7.21  
 949 R	 23.26  
 950 K	 39.70  
 951 Q	 27.89  
 952 Q	 35.06  
 953 I	 2.79  
 954 V	 4.12  
 955 G	 14.80  
 956 F	 1.70  
 957 C	 2.75  
 958 L	 3.61  
 959 V	 6.07  
 960 Q	 21.92  
 961 P	 26.88  
 962 L	 3.11  
 963 S	 31.81  
 964 Q	 49.20  
 965 A	 7.76  
 966 H	 19.97  
 967 R	 33.12  
 968 F	 3.08  
 969 I	 3.83  
 970 Q	 25.24  
 971 V	 6.65  
 972 D	 37.59  
 973 G	 22.94  
 974 T	 24.06  
 975 D	 48.27  
 976 Y	 14.62  
 977 F	 9.13  
 978 S	 33.94  
 979 E	 40.85  
 980 E	 55.14  
 981 S	 32.15  
 982 Y	 13.19  
 983 P	 27.29  
 984 A	 14.82  
 985 S	 13.60  
 986 C	 7.29  
 987 G	 20.24  
 988 V	 4.00  
 989 S	 11.88  
 990 R	 25.12  
 991 I	 3.12  
 992 W	 5.39  
 993 V	 3.82  
 994 S	 12.61  
 995 P	 23.93  
 996 L	 4.88  
 997 Q	 41.97  
 998 R	 42.27  
 999 R	 26.69  
 1000 S	 36.42  
 1001 G	 20.05  
 1002 I	 4.05  
 1003 A	 12.25  
 1004 S	 23.16  
 1005 K	 42.38  
 1006 L	 3.23  
 1007 L	 4.48  
 1008 R	 36.68  
 1009 V	 3.35  
 1010 V	 3.98  
 1011 Q	 15.49  
 1012 C	 1.64  
 1013 H	 11.26  
 1014 T	 25.67  
 1015 V	 2.23  
 1016 L	 6.52  
 1017 G	 20.81  
 1018 Q	 34.46  
 1019 E	 36.50  
 1020 I	 3.17  
 1021 A	 10.64  
 1022 R	 45.01  
 1023 E	 22.66  
 1024 C	 1.96  
 1025 I	 3.57  
 1026 A	 12.19  
 1027 F	 4.19  
 1028 S	 25.18  
 1029 T	 24.61  
 1030 P	 32.41  
 1031 T	 46.97  
 1032 D	 58.53  
 1033 D	 51.46  
 1034 G	 21.41  
 1035 R	 33.16  
 1036 A	 15.88  
 1037 L	 3.78  
 1038 A	 11.40  
 1039 R	 32.75  
 1040 Q	 34.35  
 1041 F	 4.95  
 1042 T	 28.61  
 1043 G	 32.11  
 1044 L	 4.40  
 1045 D	 45.22  
 1046 N	 38.58  
 1047 F	 5.57  
 1048 L	 5.63  
 1049 T	 22.40  
 1050 Y	 17.94  
 1051 D	 42.34  
 1052 Q	 44.81  
