 1 M	 7.91  
 2 A	 30.13  
 3 E	 52.90  
 4 F	 10.14  
 5 E	 41.95  
 6 E	 70.89  
 7 D	 59.30  
 8 L	 5.41  
 9 P	 31.08  
 10 H	 48.57  
 11 N	 43.27  
 12 G	 21.24  
 13 L	 3.25  
 14 M	 4.74  
 15 D	 50.84  
 16 G	 11.91  
 17 I	 2.10  
 18 A	 13.03  
 19 S	 31.90  
 20 G	 15.92  
 21 V	 6.91  
 22 G	 22.87  
 23 V	 4.45  
 24 P	 16.59  
 25 V	 6.63  
 26 E	 35.60  
 27 A	 9.75  
 28 L	 2.22  
 29 R	 30.27  
 30 L	 4.83  
 31 L	 2.99  
 32 L	 3.11  
 33 T	 17.57  
 34 I	 2.21  
 35 L	 2.26  
 36 A	 16.18  
 37 G	 24.67  
 38 Y	 6.74  
 39 P	 14.35  
 40 V	 3.51  
 41 A	 6.30  
 42 A	 13.67  
 43 L	 3.16  
 44 Y	 12.63  
 45 Q	 34.73  
 46 K	 30.98  
 47 F	 2.72  
 48 I	 4.07  
 49 S	 15.59  
 50 V	 3.41  
 51 I	 3.07  
 52 A	 15.30  
 53 D	 35.71  
 54 K	 43.34  
 55 T	 26.14  
 56 V	 3.43  
 57 H	 16.36  
 58 H	 15.48  
 59 M	 1.46  
 60 F	 3.09  
 61 F	 4.42  
 62 A	 10.91  
 63 G	 12.77  
 64 C	 2.79  
 65 G	 23.05  
 66 A	 16.32  
 67 G	 11.10  
 68 L	 1.81  
 69 C	 3.40  
 70 Y	 10.41  
 71 F	 5.76  
 72 N	 11.95  
 73 Y	 14.79  
 74 G	 20.41  
 75 L	 2.91  
 76 D	 40.64  
 77 T	 28.33  
 78 Y	 6.78  
 79 H	 20.44  
 80 S	 15.85  
 81 L	 1.63  
 82 I	 2.22  
 83 A	 8.95  
 84 I	 2.52  
 85 L	 1.85  
 86 T	 17.21  
 87 T	 14.61  
 88 Y	 6.95  
 89 F	 3.41  
 90 L	 1.54  
 91 V	 2.25  
 92 L	 3.97  
 93 L	 3.20  
 94 L	 7.06  
 95 R	 38.09  
 96 K	 61.21  
 97 K	 38.95  
 98 T	 29.90  
 99 Q	 33.06  
 100 I	 3.55  
 101 F	 2.44  
 102 L	 5.10  
 103 A	 5.50  
 104 I	 4.46  
 105 N	 22.79  
 106 F	 5.19  
 107 V	 2.52  
 108 F	 3.33  
 109 H	 10.04  
 110 M	 1.59  
 111 S	 12.21  
 112 Y	 8.19  
 113 L	 2.20  
 114 L	 2.37  
 115 L	 4.89  
 116 G	 15.52  
 117 Y	 8.06  
 118 F	 5.21  
 119 Y	 9.38  
 120 T	 18.77  
 121 S	 18.76  
 122 S	 26.39  
 123 N	 52.18  
 124 D	 44.42  
 125 Y	 14.77  
 126 D	 32.16  
 127 I	 2.55  
 128 L	 2.59  
 129 W	 7.32  
 130 T	 19.85  
 131 M	 1.12  
 132 P	 16.30  
 133 H	 10.63  
 134 C	 1.80  
 135 I	 2.44  
 136 L	 3.46  
 137 V	 1.29  
 138 L	 2.49  
 139 R	 13.75  
 140 M	 2.14  
 141 I	 2.88  
 142 G	 13.73  
 143 Y	 12.05  
 144 G	 14.45  
 145 F	 4.65  
 146 D	 38.22  
 147 I	 3.36  
 148 T	 26.34  
 149 D	 61.84  
 150 G	 29.96  
 151 L	 7.60  
 152 K	 66.03  
 153 E	 72.33  
 154 E	 48.18  
 155 S	 44.95  
 156 E	 61.41  
 157 L	 12.27  
 158 S	 30.09  
 159 K	 76.45  
 160 D	 62.50  
 161 Q	 49.58  
 162 K	 68.14  
 163 E	 33.41  
 164 T	 44.30  
 165 A	 20.62  
 166 L	 10.79  
 167 K	 61.85  
 168 K	 64.11  
 169 P	 23.33  
 170 P	 46.63  
 171 S	 54.86  
 172 L	 5.48  
 173 L	 5.24  
 174 E	 47.21  
 175 L	 4.16  
 176 L	 3.10  
 177 A	 12.17  
 178 F	 6.49  
 179 S	 21.91  
 180 Y	 17.04  
 181 F	 3.63  
 182 P	 25.88  
 183 S	 32.07  
 184 G	 21.83  
 185 F	 6.15  
 186 L	 5.06  
 187 V	 11.11  
 188 G	 16.67  
 189 P	 25.76  
 190 Q	 53.36  
 191 F	 7.51  
 192 P	 19.31  
 193 F	 7.98  
 194 R	 41.06  
 195 R	 37.37  
 196 Y	 11.47  
 197 K	 33.27  
 198 A	 10.76  
 199 F	 4.50  
 200 V	 12.65  
 201 D	 44.44  
 202 G	 30.55  
 203 E	 32.94  
 204 F	 12.77  
 205 R	 32.42  
 206 Q	 44.28  
 207 H	 40.45  
 208 E	 44.09  
 209 G	 41.16  
 210 N	 26.02  
 211 V	 8.63  
 212 E	 43.64  
 213 A	 19.94  
 214 G	 10.44  
 215 V	 5.24  
 216 R	 27.56  
 217 R	 31.76  
 218 F	 5.72  
 219 G	 22.68  
 220 A	 11.93  
 221 G	 19.32  
 222 A	 6.86  
 223 F	 5.09  
 224 Y	 8.59  
 225 L	 1.59  
 226 I	 1.66  
 227 V	 1.40  
 228 C	 1.84  
 229 Q	 22.78  
 230 V	 7.06  
 231 G	 4.41  
 232 L	 3.23  
 233 R	 25.64  
 234 Y	 27.85  
 235 L	 2.84  
 236 P	 21.40  
 237 D	 54.07  
 238 S	 18.82  
 239 Y	 15.24  
 240 F	 7.68  
 241 L	 6.24  
 242 T	 15.75  
 243 P	 36.53  
 244 E	 48.67  
 245 F	 6.41  
 246 A	 13.75  
 247 Q	 36.39  
 248 V	 4.26  
 249 S	 16.55  
 250 F	 8.68  
 251 V	 2.95  
 252 K	 30.94  
 253 R	 19.92  
 254 I	 2.05  
 255 Y	 10.41  
 256 L	 3.33  
 257 L	 2.74  
 258 G	 17.29  
 259 F	 6.06  
 260 W	 9.20  
 261 A	 10.76  
 262 K	 26.53  
 263 F	 4.74  
 264 S	 30.04  
 265 L	 4.87  
 266 Y	 10.68  
 267 K	 41.21  
 268 Y	 5.63  
 269 I	 2.09  
 270 S	 8.99  
 271 C	 1.84  
 272 W	 6.39  
 273 L	 5.07  
 274 L	 1.45  
 275 T	 30.15  
 276 E	 42.30  
 277 G	 22.05  
 278 A	 6.37  
 279 L	 4.89  
 280 I	 1.27  
 281 C	 1.78  
 282 I	 3.92  
 283 G	 13.93  
 284 L	 2.10  
 285 T	 20.27  
 286 Y	 23.26  
 287 K	 51.06  
 288 G	 37.61  
 289 E	 62.75  
 290 D	 59.39  
 291 K	 59.69  
 292 N	 67.65  
 293 G	 46.25  
 294 Q	 42.02  
 295 P	 46.57  
 296 D	 44.26  
 297 W	 11.87  
 298 S	 36.98  
 299 G	 18.02  
 300 C	 1.92  
 301 S	 48.46  
 302 N	 38.73  
 303 V	 4.40  
 304 K	 44.12  
 305 L	 4.04  
 306 K	 45.36  
 307 L	 8.28  
 308 L	 5.46  
 309 E	 66.17  
 310 T	 35.38  
 311 G	 20.45  
 312 N	 43.61  
 313 T	 25.86  
 314 M	 3.29  
 315 E	 29.99  
 316 H	 19.76  
 317 Y	 6.20  
 318 V	 4.08  
 319 Q	 34.83  
 320 S	 14.56  
 321 F	 7.09  
 322 N	 31.23  
 323 V	 9.84  
 324 N	 34.12  
 325 T	 25.22  
 326 N	 28.63  
 327 Q	 33.91  
 328 W	 9.77  
 329 V	 2.17  
 330 G	 16.18  
 331 Q	 16.31  
 332 Y	 10.57  
 333 I	 2.22  
 334 Y	 5.77  
 335 K	 41.52  
 336 R	 26.58  
 337 L	 3.93  
 338 K	 52.41  
 339 F	 11.91  
 340 L	 5.47  
 341 N	 38.78  
 342 N	 44.62  
 343 R	 32.15  
 344 T	 19.19  
 345 I	 2.42  
 346 S	 19.53  
 347 Y	 13.61  
 348 G	 9.51  
 349 A	 7.41  
 350 A	 12.12  
 351 L	 5.03  
 352 G	 15.70  
 353 F	 4.04  
 354 L	 3.40  
 355 A	 10.49  
 356 V	 4.16  
 357 W	 3.59  
 358 H	 21.97  
 359 G	 13.21  
 360 Y	 4.67  
 361 H	 21.24  
 362 S	 21.73  
 363 G	 12.32  
 364 Y	 7.96  
 365 Y	 8.00  
 366 M	 1.28  
 367 T	 9.48  
 368 F	 3.31  
 369 L	 1.55  
 370 M	 2.79  
 371 E	 32.40  
 372 Y	 4.93  
 373 M	 1.21  
 374 V	 2.77  
 375 V	 3.14  
 376 S	 21.31  
 377 T	 35.28  
 378 E	 35.14  
 379 K	 47.27  
 380 Q	 35.73  
 381 I	 4.40  
 382 T	 16.54  
 383 R	 24.97  
 384 F	 7.32  
 385 Y	 11.45  
 386 T	 18.04  
 387 K	 20.97  
 388 V	 4.05  
 389 V	 7.42  
 390 L	 2.67  
 391 P	 19.10  
 392 Q	 55.40  
 393 W	 9.82  
 394 G	 7.85  
 395 H	 20.57  
 396 I	 3.77  
 397 L	 4.05  
 398 N	 45.41  
 399 N	 37.30  
 400 S	 25.06  
 401 D	 50.81  
 402 I	 3.07  
 403 Y	 10.69  
 404 K	 32.14  
 405 L	 2.35  
 406 L	 2.61  
 407 Y	 11.90  
 408 F	 3.29  
 409 I	 2.52  
 410 T	 20.45  
 411 L	 2.72  
 412 K	 42.09  
 413 S	 25.67  
 414 Y	 15.47  
 415 N	 24.70  
 416 V	 2.18  
 417 V	 2.13  
 418 Y	 5.90  
 419 M	 1.97  
 420 G	 8.34  
 421 W	 1.81  
 422 C	 1.68  
 423 L	 2.89  
 424 T	 18.21  
 425 A	 5.90  
 426 F	 3.17  
 427 V	 5.21  
 428 F	 3.83  
 429 L	 4.92  
 430 K	 33.33  
 431 Y	 16.93  
 432 E	 39.70  
 433 R	 25.90  
 434 W	 3.93  
 435 I	 1.56  
 436 V	 1.84  
 437 V	 2.41  
 438 Y	 6.62  
 439 G	 14.11  
 440 A	 3.01  
 441 V	 3.08  
 442 S	 16.47  
 443 Y	 10.87  
 444 Y	 9.77  
 445 G	 13.59  
 446 F	 2.23  
 447 T	 16.23  
 448 F	 4.08  
 449 L	 2.55  
 450 V	 3.51  
 451 L	 2.54  
 452 W	 4.32  
 453 A	 5.41  
 454 A	 8.24  
 455 F	 3.38  
 456 Y	 8.67  
 457 H	 19.96  
 458 T	 18.11  
 459 F	 4.21  
 460 N	 32.01  
 461 H	 21.02  
 462 F	 5.97  
 463 F	 6.03  
 464 R	 34.38  
 465 S	 27.75  
 466 S	 29.88  
 467 S	 34.38  
 468 R	 39.70  
 469 K	 44.64  
 470 L	 7.81  
 471 A	 23.51  
 472 G	 49.83  
 473 E	 52.22  
 474 D	 50.42  
 475 Q	 44.02  
 476 K	 61.51  
 477 L	 5.93  
 478 Q	 60.15  
 479 D	 55.05  
 480 S	 28.77  
 481 N	 61.66  
 482 T	 38.16  
 483 D	 46.68  
 484 K	 53.01  
 485 L	 6.97  
 486 V	 12.59  
 487 E	 74.63  
 488 E	 59.92  
 489 K	 61.19  
 490 K	 57.85  
 491 P	 67.11  
 492 E	 85.90  
 493 D	 72.68  
 494 K	 57.44  
 495 K	 72.62  
 496 S	 55.04  
 497 E	 73.79  
