 1 M	 9.64  
 2 S	 36.88  
 3 G	 36.35  
 4 R	 32.38  
 5 G	 35.01  
 6 S	 33.01  
 7 R	 35.20  
 8 K	 61.98  
 9 R	 45.29  
 10 G	 49.86  
 11 R	 48.67  
 12 P	 37.25  
 13 P	 52.36  
 14 K	 78.34  
 15 T	 36.80  
 16 P	 46.97  
 17 N	 57.53  
 18 E	 51.32  
 19 R	 40.47  
 20 A	 15.34  
 21 S	 36.40  
 22 G	 36.90  
 23 R	 17.72  
 24 F	 13.09  
 25 N	 23.45  
 26 Y	 9.60  
 27 Q	 41.23  
 28 L	 5.52  
 29 L	 3.85  
 30 K	 75.51  
 31 K	 46.87  
 32 P	 29.01  
 33 K	 68.64  
 34 Y	 24.80  
 35 L	 4.73  
 36 S	 41.01  
 37 E	 68.96  
 38 G	 31.38  
 39 K	 41.70  
 40 S	 59.17  
 41 Q	 39.18  
 42 P	 47.46  
 43 S	 45.36  
 44 T	 28.13  
 45 P	 32.03  
 46 S	 38.68  
 47 A	 12.40  
 48 S	 35.06  
 49 R	 46.29  
 50 G	 23.41  
 51 I	 5.44  
 52 S	 21.51  
 53 P	 35.46  
 54 Q	 57.64  
 55 S	 40.80  
 56 D	 60.06  
 57 E	 65.40  
 58 G	 33.09  
 59 S	 27.26  
 60 R	 53.70  
 61 S	 37.33  
 62 S	 29.17  
 63 H	 40.12  
 64 N	 43.88  
 65 N	 37.63  
 66 H	 29.81  
 67 T	 34.16  
 68 N	 32.17  
 69 R	 28.96  
 70 S	 42.96  
 71 R	 39.59  
 72 G	 23.92  
 73 S	 24.76  
 74 A	 21.59  
 75 A	 12.08  
 76 K	 55.92  
 77 R	 35.00  
 78 G	 35.37  
 79 R	 45.86  
 80 G	 44.16  
 81 R	 28.53  
 82 K	 45.66  
 83 S	 32.10  
 84 A	 13.65  
 85 V	 14.53  
 86 Q	 25.83  
 87 P	 39.19  
 88 N	 35.19  
 89 T	 26.23  
 90 S	 33.64  
 91 S	 22.68  
 92 Y	 18.21  
 93 S	 33.79  
 94 G	 27.38  
 95 R	 24.24  
 96 K	 70.17  
 97 G	 30.04  
 98 Y	 21.22  
 99 E	 45.84  
 100 S	 34.66  
 101 E	 25.12  
 102 Y	 15.04  
 103 H	 19.20  
 104 Y	 19.88  
 105 G	 13.87  
 106 S	 23.70  
 107 D	 47.38  
 108 F	 14.52  
 109 G	 42.39  
 110 D	 53.52  
 111 S	 43.17  
 112 E	 74.98  
 113 E	 74.76  
 114 D	 52.27  
 115 K	 64.09  
 116 S	 58.97  
 117 D	 69.17  
 118 N	 62.78  
 119 E	 61.45  
 120 D	 53.53  
 121 D	 24.37  
 122 M	 5.23  
 123 L	 6.57  
 124 L	 5.48  
 125 T	 19.45  
 126 P	 35.41  
 127 S	 53.08  
 128 D	 65.97  
 129 D	 52.28  
 130 E	 63.31  
 131 S	 36.50  
 132 L	 6.05  
 133 E	 49.19  
 134 V	 9.34  
 135 A	 12.51  
 136 N	 59.51  
 137 E	 46.26  
 138 S	 46.35  
 139 E	 48.38  
 140 S	 53.90  
 141 E	 37.58  
 142 F	 10.38  
 143 S	 20.40  
 144 V	 3.73  
 145 C	 3.58  
 146 S	 25.69  
 147 F	 10.36  
 148 N	 20.36  
 149 Q	 46.15  
 150 N	 48.50  
 151 G	 17.31  
 152 V	 8.46  
 153 G	 37.46  
 154 R	 35.33  
 155 P	 24.27  
 156 P	 61.11  
 157 R	 59.45  
 158 P	 39.22  
 159 P	 64.89  
 160 S	 44.57  
 161 P	 56.54  
 162 E	 57.74  
 163 P	 26.43  
 164 V	 8.32  
 165 W	 11.75  
 166 L	 3.19  
 167 Q	 35.07  
 168 E	 54.92  
 169 G	 14.72  
 170 R	 26.11  
 171 Q	 42.97  
 172 Y	 7.77  
 173 A	 8.00  
 174 A	 9.18  
 175 L	 5.45  
 176 D	 51.97  
 177 L	 5.44  
 178 P	 38.82  
 179 D	 72.58  
 180 S	 33.42  
 181 S	 42.37  
 182 E	 63.79  
 183 D	 49.15  
 184 L	 2.69  
 185 F	 8.40  
 186 I	 3.62  
 187 A	 13.92  
 188 N	 26.38  
 189 T	 12.35  
 190 H	 19.20  
 191 V	 3.49  
 192 L	 1.74  
 193 R	 32.18  
 194 A	 11.08  
 195 L	 2.30  
 196 S	 23.34  
 197 I	 3.37  
 198 Y	 9.16  
 199 E	 33.15  
 200 V	 2.57  
 201 L	 1.86  
 202 R	 40.65  
 203 R	 28.87  
 204 F	 5.20  
 205 R	 18.38  
 206 H	 19.17  
 207 M	 1.31  
 208 V	 4.56  
 209 R	 23.13  
 210 L	 5.33  
 211 S	 16.07  
 212 P	 29.08  
 213 F	 14.53  
 214 R	 37.11  
 215 F	 9.79  
 216 E	 45.90  
 217 D	 44.32  
 218 L	 1.36  
 219 C	 3.01  
 220 A	 16.89  
 221 A	 8.49  
 222 L	 2.74  
 223 A	 8.24  
 224 C	 6.51  
 225 E	 54.16  
 226 E	 50.12  
 227 Q	 16.23  
 228 S	 24.94  
 229 A	 13.29  
 230 L	 8.02  
 231 L	 3.72  
 232 T	 36.49  
 233 E	 31.87  
 234 V	 2.90  
 235 H	 8.10  
 236 I	 2.22  
 237 M	 1.85  
 238 L	 4.37  
 239 L	 1.63  
 240 K	 29.44  
 241 A	 13.15  
 242 I	 3.40  
 243 L	 7.24  
 244 R	 38.86  
 245 E	 57.70  
 246 E	 52.81  
 247 D	 39.16  
 248 A	 17.00  
 249 Q	 70.42  
 250 G	 23.91  
 251 T	 11.27  
 252 H	 32.27  
 253 F	 12.38  
 254 G	 17.79  
 255 P	 31.64  
 256 L	 12.78  
 257 D	 57.53  
 258 Q	 53.89  
 259 K	 55.84  
 260 D	 50.70  
 261 T	 23.61  
 262 V	 9.56  
 263 N	 21.89  
 264 I	 2.33  
 265 S	 13.03  
 266 L	 3.41  
 267 Y	 8.53  
 268 L	 4.21  
 269 I	 2.17  
 270 D	 31.24  
 271 S	 18.22  
 272 I	 4.07  
 273 T	 38.63  
 274 W	 5.84  
 275 P	 17.11  
 276 E	 45.83  
 277 V	 4.76  
 278 L	 2.61  
 279 R	 30.99  
 280 S	 29.39  
 281 Y	 11.21  
 282 V	 6.31  
 283 E	 45.01  
 284 S	 34.07  
 285 D	 40.27  
 286 K	 61.44  
 287 T	 35.44  
 288 F	 11.63  
 289 D	 46.61  
 290 R	 36.70  
 291 N	 42.52  
 292 V	 3.73  
 293 F	 3.19  
 294 H	 18.79  
 295 I	 2.61  
 296 L	 2.00  
 297 S	 27.97  
 298 H	 21.19  
 299 T	 33.56  
 300 E	 38.80  
 301 Y	 11.60  
 302 P	 17.61  
 303 Y	 19.39  
 304 T	 24.13  
 305 G	 21.29  
 306 I	 3.06  
 307 D	 35.23  
 308 N	 48.82  
 309 R	 28.60  
 310 L	 7.18  
 311 E	 37.63  
 312 V	 6.36  
 313 L	 1.86  
 314 Q	 42.27  
 315 F	 6.53  
 316 L	 3.39  
 317 S	 30.56  
 318 D	 45.45  
 319 Q	 31.69  
 320 F	 10.89  
 321 L	 4.22  
 322 T	 27.44  
 323 S	 30.63  
 324 N	 35.90  
 325 S	 20.83  
 326 I	 5.22  
 327 R	 30.23  
 328 D	 28.62  
 329 V	 2.72  
 330 M	 3.61  
 331 L	 4.16  
 332 Q	 35.19  
 333 E	 64.08  
 334 G	 17.32  
 335 P	 14.94  
 336 I	 7.46  
 337 H	 24.09  
 338 Y	 24.64  
 339 D	 25.64  
 340 D	 35.30  
 341 H	 9.82  
 342 C	 4.48  
 343 R	 30.58  
 344 V	 3.82  
 345 C	 0.54  
 346 H	 25.74  
 347 R	 34.93  
 348 L	 2.52  
 349 G	 24.39  
 350 D	 40.85  
 351 L	 3.60  
 352 L	 3.60  
 353 C	 2.27  
 354 C	 4.97  
 355 E	 53.07  
 356 T	 15.18  
 357 C	 0.67  
 358 P	 31.98  
 359 A	 19.35  
 360 V	 1.54  
 361 Y	 11.64  
 362 H	 14.46  
 363 L	 2.74  
 364 E	 21.12  
 365 C	 5.46  
 366 V	 10.13  
 367 D	 53.92  
 368 P	 15.05  
 369 P	 29.73  
 370 M	 9.00  
 371 N	 53.56  
 372 D	 41.33  
 373 V	 5.55  
 374 P	 32.69  
 375 T	 46.56  
 376 E	 51.70  
 377 D	 43.13  
 378 W	 6.80  
 379 Q	 24.58  
 380 C	 3.81  
 381 G	 16.83  
 382 L	 2.63  
 383 C	 2.26  
 384 R	 47.00  
 385 S	 27.02  
 386 H	 18.38  
 387 K	 39.07  
 388 V	 5.15  
 389 S	 30.58  
 390 G	 26.84  
 391 V	 2.27  
 392 V	 5.57  
 393 D	 17.88  
 394 C	 1.98  
 395 V	 8.27  
 396 L	 4.57  
 397 P	 21.64  
 398 Q	 67.37  
 399 E	 45.46  
 400 K	 47.29  
 401 Q	 46.61  
 402 G	 27.54  
 403 V	 3.58  
 404 L	 3.49  
 405 I	 3.23  
 406 R	 24.33  
 407 H	 23.24  
 408 D	 35.39  
 409 S	 22.39  
 410 L	 10.90  
 411 G	 24.19  
 412 V	 7.68  
 413 D	 34.75  
 414 R	 31.58  
 415 H	 35.63  
 416 G	 28.77  
 417 R	 23.83  
 418 K	 51.96  
 419 Y	 12.28  
 420 W	 4.92  
 421 F	 2.58  
 422 I	 1.48  
 423 A	 5.80  
 424 R	 27.66  
 425 R	 21.10  
 426 I	 3.21  
 427 F	 4.79  
 428 I	 5.47  
 429 E	 42.78  
 430 D	 57.17  
 431 Q	 34.44  
 432 E	 67.63  
 433 N	 31.71  
 434 F	 6.15  
 435 T	 17.45  
 436 C	 1.60  
 437 W	 7.64  
 438 Y	 6.95  
 439 Y	 3.81  
 440 S	 14.98  
 441 T	 20.97  
 442 T	 20.23  
 443 S	 35.76  
 444 K	 47.77  
 445 L	 4.78  
 446 K	 40.60  
 447 L	 9.36  
 448 L	 3.79  
 449 L	 3.97  
 450 S	 30.66  
 451 R	 36.23  
 452 L	 7.04  
 453 D	 51.31  
 454 A	 19.43  
 455 E	 63.88  
 456 E	 54.34  
 457 L	 6.49  
 458 E	 34.85  
 459 T	 51.67  
 460 R	 22.49  
 461 L	 6.26  
 462 H	 17.86  
 463 S	 28.06  
 464 Q	 35.56  
 465 I	 4.91  
 466 T	 18.79  
 467 E	 47.55  
 468 R	 42.58  
 469 R	 39.42  
 470 D	 68.40  
 471 E	 44.96  
 472 I	 6.57  
 473 E	 34.51  
 474 R	 47.78  
 475 Q	 22.14  
 476 M	 4.87  
 477 K	 43.87  
 478 L	 4.37  
 479 T	 22.77  
 480 E	 52.86  
 481 T	 33.38  
 482 L	 3.84  
 483 T	 46.08  
 484 N	 53.11  
 485 E	 49.42  
 486 H	 29.30  
 487 K	 46.95  
 488 H	 38.23  
 489 T	 32.72  
 490 K	 42.25  
 491 R	 36.99  
 492 S	 29.06  
 493 V	 5.45  
 494 I	 4.68  
 495 E	 38.01  
 496 I	 4.56  
 497 E	 29.58  
 498 Q	 62.70  
 499 E	 49.15  
 500 A	 21.48  
 501 K	 50.64  
 502 N	 52.80  
 503 E	 54.76  
 504 L	 11.92  
 505 L	 7.82  
 506 E	 60.85  
 507 K	 53.76  
 508 E	 38.65  
 509 V	 13.96  
 510 L	 6.64  
 511 D	 67.49  
 512 E	 65.00  
 513 D	 68.83  
 514 E	 51.50  
 515 K	 78.36  
 516 D	 59.15  
 517 G	 48.09  
 518 D	 62.04  
 519 A	 23.85  
 520 K	 60.54  
 521 S	 44.17  
 522 E	 52.68  
 523 S	 36.00  
 524 Q	 44.36  
 525 S	 31.70  
 526 I	 4.37  
 527 E	 67.09  
 528 G	 40.96  
 529 T	 23.44  
 530 K	 64.41  
 531 K	 63.88  
 532 Q	 53.96  
 533 E	 74.39  
 534 E	 36.62  
 535 C	 3.20  
 536 K	 39.42  
 537 M	 5.86  
 538 V	 2.14  
 539 T	 24.71  
 540 R	 30.44  
 541 Q	 44.13  
 542 K	 48.35  
 543 S	 22.82  
 544 N	 48.17  
 545 Q	 57.67  
 546 L	 4.74  
 547 T	 23.10  
 548 N	 50.47  
 549 G	 25.15  
 550 T	 21.09  
 551 L	 4.78  
 552 H	 20.03  
 553 F	 8.64  
 554 K	 33.12  
 555 L	 8.47  
 556 G	 20.40  
 557 M	 5.14  
 558 E	 45.84  
 559 Q	 54.45  
 560 G	 23.38  
 561 F	 4.66  
 562 K	 54.94  
 563 N	 43.66  
 564 Y	 11.02  
 565 V	 5.14  
 566 N	 25.39  
 567 Q	 24.41  
 568 Y	 16.56  
 569 S	 16.37  
 570 T	 39.83  
 571 N	 21.75  
 572 P	 17.20  
 573 I	 8.05  
 574 A	 13.31  
 575 L	 9.79  
 576 N	 44.96  
 577 K	 43.29  
 578 P	 36.97  
 579 Q	 63.54  
 580 R	 62.14  
 581 N	 50.67  
 582 E	 57.51  
 583 E	 70.50  
 584 R	 48.88  
 585 D	 52.68  
 586 K	 58.51  
 587 R	 35.22  
 588 R	 40.62  
 589 H	 35.40  
 590 L	 5.64  
 591 S	 20.64  
 592 H	 41.35  
 593 K	 33.02  
 594 F	 6.39  
 595 S	 29.61  
 596 L	 5.77  
 597 T	 21.08  
 598 T	 29.47  
 599 A	 11.23  
 600 S	 41.30  
 601 D	 46.83  
 602 F	 7.00  
 603 K	 42.78  
 604 W	 8.27  
 605 I	 2.70  
 606 G	 14.27  
 607 I	 1.44  
 608 T	 12.34  
 609 M	 4.19  
 610 G	 19.47  
 611 T	 21.83  
 612 T	 21.46  
 613 D	 42.40  
 614 N	 22.97  
 615 M	 2.99  
 616 I	 3.14  
 617 T	 14.71  
 618 T	 14.71  
 619 L	 2.60  
 620 R	 25.91  
 621 Q	 43.71  
 622 T	 24.15  
 623 L	 1.97  
 624 I	 6.70  
 625 N	 37.43  
 626 F	 9.62  
 627 E	 38.09  
 628 S	 29.42  
 629 N	 22.26  
 630 I	 4.76  
 631 A	 10.99  
 632 A	 9.30  
 633 S	 22.65  
 634 F	 5.33  
 635 L	 6.11  
 636 N	 24.44  
 637 I	 4.70  
 638 N	 25.15  
 639 W	 7.52  
 640 V	 2.69  
 641 V	 7.03  
 642 N	 30.22  
 643 K	 33.74  
 644 K	 47.99  
 645 I	 3.51  
 646 W	 9.40  
 647 N	 22.84  
 648 A	 6.09  
 649 A	 9.62  
 650 V	 2.56  
 651 M	 2.52  
 652 N	 24.56  
 653 A	 7.26  
 654 R	 46.14  
 655 R	 36.36  
 656 P	 32.43  
 657 S	 43.46  
 658 E	 40.06  
 659 F	 7.99  
 660 A	 6.10  
 661 V	 3.65  
 662 V	 2.53  
 663 L	 2.50  
 664 L	 2.81  
 665 L	 2.33  
 666 F	 6.02  
 667 Q	 29.97  
 668 A	 14.97  
 669 S	 26.08  
 670 L	 5.55  
 671 K	 38.41  
 672 S	 28.89  
 673 V	 3.82  
 674 V	 4.91  
 675 F	 3.72  
 676 A	 9.69  
 677 N	 26.41  
 678 V	 5.04  
 679 W	 6.79  
 680 H	 14.51  
 681 E	 31.61  
 682 Q	 39.60  
 683 L	 5.03  
 684 G	 18.78  
 685 H	 25.03  
 686 T	 27.66  
 687 T	 18.41  
 688 L	 3.19  
 689 Q	 32.41  
 690 R	 36.95  
 691 I	 1.99  
 692 T	 24.87  
 693 S	 26.26  
 694 A	 15.94  
 695 E	 61.46  
 696 R	 51.28  
 697 E	 54.37  
 698 E	 75.83  
 699 R	 36.33  
 700 K	 66.06  
 701 K	 69.01  
 702 L	 12.00  
 703 E	 59.97  
 704 K	 76.05  
 705 R	 45.34  
 706 E	 68.48  
 707 K	 64.69  
 708 R	 39.16  
 709 E	 72.09  
 710 R	 61.79  
 711 D	 64.02  
 712 D	 72.00  
 713 E	 67.08  
 714 E	 70.06  
 715 E	 53.89  
 716 R	 36.53  
 717 N	 46.74  
 718 R	 33.35  
 719 L	 7.92  
 720 A	 6.34  
 721 F	 9.38  
 722 N	 31.82  
 723 Y	 7.73  
 724 I	 2.63  
 725 K	 23.09  
 726 Y	 9.53  
 727 T	 14.89  
 728 L	 7.40  
 729 G	 25.53  
 730 L	 5.14  
 731 K	 30.14  
 732 H	 32.25  
 733 Q	 40.97  
 734 V	 7.44  
 735 W	 7.27  
 736 K	 43.19  
 737 Q	 43.18  
 738 K	 65.64  
 739 G	 30.40  
 740 E	 59.91  
 741 E	 47.51  
 742 Y	 17.40  
 743 R	 19.75  
 744 V	 6.10  
 745 H	 17.46  
 746 G	 23.29  
 747 Q	 22.19  
 748 W	 12.43  
 749 G	 11.17  
 750 W	 4.96  
 751 L	 2.65  
 752 W	 6.41  
 753 L	 3.14  
 754 S	 18.06  
 755 S	 26.20  
 756 S	 21.99  
 757 R	 39.60  
 758 R	 24.40  
 759 C	 6.01  
 760 G	 15.33  
 761 V	 5.04  
 762 R	 13.99  
 763 A	 11.69  
 764 R	 24.73  
 765 R	 36.27  
 766 A	 15.13  
 767 Q	 31.55  
 768 P	 37.94  
 769 L	 5.17  
 770 T	 24.64  
 771 H	 27.99  
 772 N	 29.85  
 773 R	 17.34  
 774 V	 7.70  
 775 Y	 4.36  
 776 V	 2.26  
 777 H	 8.48  
 778 Y	 6.59  
 779 T	 12.11  
 780 M	 5.11  
 781 G	 31.13  
 782 E	 42.69  
 783 E	 53.66  
 784 N	 54.98  
 785 D	 48.15  
 786 V	 11.89  
 787 N	 37.30  
 788 E	 31.12  
 789 I	 2.20  
 790 I	 2.21  
 791 L	 4.37  
 792 V	 7.20  
 793 D	 24.42  
 794 P	 33.47  
 795 R	 38.74  
 796 T	 29.50  
 797 Q	 37.58  
 798 R	 28.52  
 799 F	 3.59  
 800 M	 2.68  
 801 Q	 41.90  
 802 Q	 22.58  
 803 C	 2.85  
 804 E	 53.52  
 805 S	 34.53  
 806 S	 20.69  
 807 N	 45.22  
 808 V	 10.65  
 809 D	 46.16  
 810 G	 19.96  
 811 Q	 30.15  
 812 V	 2.38  
 813 C	 1.03  
 814 H	 28.45  
 815 Y	 18.14  
 816 L	 1.35  
 817 P	 21.35  
 818 D	 62.94  
 819 Q	 49.51  
 820 Y	 16.35  
 821 K	 50.02  
 822 N	 33.63  
 823 V	 4.60  
 824 K	 47.06  
 825 V	 5.15  
 826 I	 2.87  
 827 E	 49.79  
 828 D	 41.33  
 829 V	 4.90  
 830 T	 43.83  
 831 E	 53.27  
 832 K	 40.11  
 833 I	 5.42  
 834 K	 56.35  
 835 G	 26.84  
 836 H	 14.20  
 837 I	 8.35  
 838 D	 32.72  
 839 V	 6.64  
 840 S	 14.41  
 841 K	 57.66  
 842 A	 9.88  
 843 L	 6.89  
 844 N	 49.28  
 845 A	 14.58  
 846 P	 31.55  
 847 G	 31.95  
 848 R	 20.63  
 849 T	 32.50  
 850 Y	 12.37  
 851 Y	 11.03  
 852 S	 15.39  
 853 K	 24.64  
 854 V	 5.25  
 855 A	 19.54  
 856 R	 40.23  
 857 K	 30.14  
 858 S	 32.30  
 859 R	 45.21  
 860 L	 8.51  
 861 D	 43.32  
 862 D	 54.44  
 863 L	 5.52  
 864 L	 6.56  
 865 D	 40.74  
 866 R	 45.89  
 867 R	 35.52  
 868 L	 5.77  
 869 K	 43.79  
 870 L	 6.10  
 871 A	 19.73  
 872 E	 61.98  
 873 V	 9.02  
 874 E	 33.73  
 875 E	 51.32  
 876 Q	 21.16  
 877 M	 5.27  
 878 A	 13.84  
 879 S	 26.27  
 880 K	 49.45  
 881 I	 3.51  
 882 P	 28.19  
 883 S	 54.53  
 884 D	 43.71  
 885 M	 5.89  
 886 K	 37.19  
 887 P	 25.04  
 888 L	 6.51  
 889 L	 4.81  
 890 V	 7.34  
 891 S	 26.61  
 892 S	 29.46  
 893 Q	 39.42  
 894 N	 50.17  
 895 N	 32.69  
 896 T	 34.46  
 897 A	 22.03  
 898 N	 47.93  
 899 S	 24.55  
 900 K	 53.84  
 901 Q	 36.99  
 902 T	 33.64  
 903 F	 8.42  
 904 L	 9.59  
 905 E	 31.75  
 906 K	 50.96  
 907 R	 29.58  
 908 L	 4.90  
 909 L	 4.97  
 910 R	 44.12  
 911 L	 4.90  
 912 T	 27.89  
 913 E	 36.91  
 914 V	 5.89  
 915 Q	 30.99  
 916 A	 20.03  
 917 K	 47.51  
 918 G	 50.78  
 919 G	 19.90  
 920 P	 29.36  
 921 A	 35.56  
 922 N	 26.75  
 923 V	 10.58  
 924 N	 27.83  
 925 L	 4.72  
 926 E	 45.53  
 927 L	 5.08  
 928 V	 3.14  
 929 N	 43.88  
 930 S	 23.40  
 931 L	 6.10  
 932 A	 11.09  
 933 K	 53.91  
 934 Q	 27.67  
 935 I	 3.50  
 936 Q	 31.30  
 937 T	 14.82  
 938 V	 3.09  
 939 R	 26.59  
 940 L	 5.39  
 941 Q	 25.94  
 942 F	 6.26  
 943 S	 22.31  
 944 Q	 44.01  
 945 L	 4.87  
 946 N	 29.41  
 947 R	 41.30  
 948 F	 8.20  
 949 A	 12.13  
 950 K	 38.91  
 951 V	 3.07  
 952 F	 4.38  
 953 R	 18.60  
 954 C	 3.25  
 955 Y	 19.32  
 956 T	 24.80  
 957 K	 33.52  
 958 E	 25.79  
 959 C	 8.96  
 960 N	 43.30  
 961 T	 52.24  
 962 N	 21.19  
 963 S	 24.91  
 964 N	 46.56  
 965 A	 11.36  
 966 V	 5.18  
 967 S	 17.29  
 968 Q	 35.83  
 969 I	 3.13  
 970 T	 14.23  
 971 Q	 44.88  
 972 N	 24.38  
 973 T	 11.73  
 974 C	 4.09  
 975 Y	 15.98  
 976 S	 17.34  
 977 P	 10.71  
 978 L	 3.61  
 979 C	 4.25  
 980 L	 8.46  
 981 Q	 36.04  
 982 K	 27.22  
 983 A	 12.05  
 984 R	 54.71  
 985 A	 31.93  
 986 K	 41.02  
 987 K	 53.24  
 988 E	 43.90  
 989 L	 5.84  
 990 L	 3.12  
 991 L	 7.09  
 992 L	 4.36  
 993 L	 5.50  
 994 R	 33.80  
 995 K	 44.48  
 996 A	 9.99  
 997 H	 21.20  
 998 T	 40.91  
 999 A	 10.29  
 1000 G	 39.94  
 1001 N	 49.45  
 1002 G	 38.89  
 1003 S	 31.17  
 1004 K	 59.82  
 1005 E	 50.65  
 1006 T	 21.12  
 1007 V	 3.39  
 1008 A	 9.01  
 1009 A	 8.00  
 1010 I	 2.35  
 1011 L	 2.86  
 1012 G	 23.39  
 1013 A	 13.40  
 1014 V	 8.53  
 1015 K	 59.43  
 1016 K	 37.08  
 1017 P	 22.38  
 1018 S	 49.00  
 1019 I	 7.14  
 1020 L	 7.18  
 1021 E	 43.96  
 1022 Q	 42.48  
 1023 K	 48.26  
 1024 L	 5.42  
 1025 T	 50.13  
 1026 E	 73.48  
 1027 G	 29.14  
 1028 K	 46.92  
 1029 R	 54.69  
 1030 E	 62.72  
 1031 S	 28.33  
 1032 T	 23.47  
 1033 Q	 30.37  
 1034 V	 5.93  
 1035 A	 6.82  
 1036 V	 9.86  
 1037 D	 43.94  
 1038 D	 51.88  
 1039 S	 32.84  
 1040 E	 77.19  
 1041 E	 76.19  
 1042 G	 36.88  
 1043 K	 44.31  
 1044 P	 52.71  
 1045 A	 36.11  
 1046 E	 58.60  
 1047 S	 40.96  
 1048 E	 45.90  
 1049 A	 21.16  
 1050 P	 23.50  
 1051 L	 10.51  
 1052 D	 44.25  
 1053 L	 6.44  
 1054 L	 4.30  
 1055 Q	 62.15  
 1056 D	 53.34  
 1057 W	 6.06  
 1058 E	 35.64  
 1059 H	 19.09  
 1060 A	 9.99  
 1061 R	 28.90  
 1062 A	 8.86  
 1063 H	 23.00  
 1064 A	 15.08  
 1065 V	 3.36  
 1066 P	 24.65  
 1067 F	 11.57  
 1068 S	 21.88  
 1069 D	 43.62  
 1070 S	 24.87  
 1071 L	 9.12  
 1072 L	 4.37  
 1073 T	 33.82  
 1074 E	 21.38  
 1075 C	 2.16  
 1076 I	 3.23  
 1077 L	 5.40  
 1078 V	 3.46  
 1079 D	 34.81  
 1080 Q	 38.21  
 1081 E	 26.88  
 1082 C	 3.67  
 1083 V	 4.56  
 1084 T	 49.15  
 1085 N	 20.98  
 1086 T	 25.44  
 1087 K	 50.40  
 1088 I	 5.39  
 1089 K	 41.80  
 1090 Q	 64.44  
 1091 E	 32.51  
 1092 V	 7.21  
 1093 N	 33.09  
 1094 A	 15.39  
 1095 S	 23.27  
 1096 S	 44.98  
 1097 G	 13.24  
 1098 C	 4.40  
 1099 N	 50.98  
 1100 T	 43.72  
 1101 T	 15.88  
 1102 P	 40.78  
 1103 D	 53.05  
 1104 S	 42.87  
 1105 N	 49.49  
 1106 T	 37.39  
 1107 Q	 53.08  
 1108 D	 57.68  
 1109 S	 30.87  
 1110 D	 61.29  
 1111 K	 41.24  
 1112 I	 6.12  
 1113 D	 44.06  
 1114 Y	 15.29  
 1115 I	 2.54  
 1116 E	 33.51  
 1117 S	 15.66  
 1118 M	 2.65  
 1119 D	 47.77  
 1120 V	 2.63  
 1121 C	 1.82  
 1122 S	 43.70  
 1123 N	 30.25  
 1124 V	 4.50  
 1125 E	 45.34  
 1126 I	 4.39  
 1127 E	 37.79  
 1128 S	 42.64  
 1129 T	 30.90  
 1130 E	 60.07  
 1131 D	 43.69  
 1132 S	 16.84  
 1133 I	 5.07  
 1134 V	 3.93  
 1135 T	 33.99  
 1136 G	 16.39  
 1137 L	 3.17  
 1138 N	 49.57  
 1139 S	 38.17  
 1140 G	 35.97  
 1141 N	 39.72  
 1142 A	 20.21  
 1143 E	 63.67  
 1144 D	 39.03  
 1145 V	 4.00  
 1146 D	 47.78  
 1147 M	 4.97  
 1148 T	 17.74  
 1149 P	 33.44  
 1150 G	 22.74  
 1151 W	 9.71  
 1152 R	 39.91  
 1153 R	 35.46  
 1154 K	 47.31  
 1155 R	 49.34  
 1156 N	 57.58  
 1157 Q	 56.27  
 1158 K	 68.72  
 1159 S	 35.24  
 1160 K	 53.42  
 1161 K	 56.43  
 1162 S	 26.22  
 1163 Y	 16.55  
 1164 I	 7.93  
 1165 G	 20.62  
 1166 T	 17.95  
 1167 K	 40.40  
 1168 D	 46.15  
 1169 V	 7.27  
 1170 L	 6.07  
 1171 D	 38.99  
 1172 Q	 39.54  
 1173 T	 36.27  
 1174 L	 6.82  
 1175 D	 50.39  
 1176 K	 61.75  
 1177 D	 47.61  
 1178 I	 5.28  
 1179 P	 39.76  
 1180 L	 14.81  
 1181 N	 38.21  
 1182 K	 57.54  
 1183 Q	 47.81  
 1184 N	 38.41  
 1185 R	 38.84  
 1186 R	 49.60  
 1187 F	 4.66  
 1188 P	 22.62  
 1189 I	 4.29  
 1190 T	 19.49  
 1191 A	 17.94  
 1192 R	 28.09  
 1193 P	 33.25  
 1194 V	 8.33  
 1195 K	 45.20  
 1196 R	 42.66  
 1197 E	 37.63  
 1198 C	 6.71  
 1199 V	 5.26  
 1200 K	 62.39  
 1201 K	 31.76  
 1202 Y	 17.94  
 1203 E	 53.58  
 1204 R	 45.20  
 1205 E	 46.00  
 1206 T	 42.33  
 1207 F	 6.18  
 1208 E	 72.19  
 1209 N	 55.16  
 1210 G	 30.12  
 1211 N	 45.54  
 1212 E	 44.94  
 1213 R	 36.35  
 1214 V	 3.45  
 1215 Y	 16.68  
 1216 S	 20.96  
 1217 T	 18.61  
 1218 S	 32.19  
 1219 S	 20.78  
 1220 P	 42.38  
 1221 R	 47.71  
 1222 G	 27.13  
 1223 R	 18.39  
 1224 V	 4.38  
 1225 Y	 12.24  
 1226 L	 3.09  
 1227 L	 2.74  
 1228 N	 33.99  
 1229 D	 48.12  
 1230 A	 12.86  
 1231 A	 12.78  
 1232 K	 54.01  
 1233 L	 4.95  
 1234 Y	 12.80  
 1235 E	 42.36  
 1236 Q	 37.59  
 1237 A	 7.88  
 1238 V	 8.67  
 1239 K	 49.57  
 1240 T	 42.70  
 1241 E	 58.69  
 1242 D	 56.27  
 1243 K	 43.18  
 1244 S	 37.05  
 1245 T	 38.10  
 1246 I	 7.39  
 1247 T	 32.86  
 1248 K	 59.86  
 1249 K	 30.46  
 1250 P	 39.80  
 1251 S	 44.62  
 1252 Y	 12.99  
 1253 S	 29.67  
 1254 R	 28.93  
 1255 Y	 9.10  
 1256 P	 23.31  
 1257 L	 5.06  
 1258 I	 2.46  
 1259 S	 29.25  
 1260 N	 29.02  
 1261 F	 7.13  
 1262 L	 6.00  
 1263 T	 27.75  
 1264 H	 41.93  
 1265 K	 55.55  
 1266 K	 45.90  
 1267 K	 52.61  
 1268 R	 41.22  
 1269 S	 34.63  
 1270 L	 4.44  
 1271 L	 3.81  
 1272 V	 9.31  
 1273 L	 2.25  
 1274 P	 31.28  
 1275 R	 33.25  
 1276 F	 7.97  
 1277 E	 55.24  
 1278 L	 4.74  
 1279 L	 3.17  
 1280 K	 53.37  
 1281 L	 3.19  
 1282 A	 11.76  
 1283 R	 44.28  
 1284 L	 9.86  
 1285 G	 35.61  
 1286 G	 31.12  
 1287 K	 39.16  
 1288 S	 45.74  
 1289 S	 29.40  
 1290 T	 46.59  
 1291 N	 53.75  
 1292 G	 24.29  
 1293 F	 4.07  
 1294 H	 15.86  
 1295 H	 25.72  
 1296 A	 16.15  
 1297 A	 15.68  
 1298 K	 52.06  
 1299 N	 46.26  
 1300 N	 32.03  
 1301 T	 32.74  
 1302 I	 2.04  
 1303 W	 6.70  
 1304 Q	 17.99  
 1305 Y	 9.11  
 1306 Q	 12.01  
 1307 C	 2.95  
 1308 S	 22.77  
 1309 R	 39.30  
 1310 P	 21.40  
 1311 L	 4.39  
 1312 F	 7.24  
 1313 R	 36.34  
 1314 T	 15.82  
 1315 C	 1.66  
 1316 W	 9.59  
 1317 S	 13.59  
 1318 Y	 8.07  
 1319 R	 26.60  
 1320 T	 20.35  
 1321 S	 18.57  
 1322 N	 46.77  
 1323 A	 9.80  
 1324 T	 34.16  
 1325 S	 24.68  
 1326 L	 3.33  
 1327 S	 24.07  
 1328 S	 23.97  
 1329 L	 5.05  
 1330 A	 8.66  
 1331 L	 6.30  
 1332 Q	 24.08  
 1333 L	 3.70  
 1334 R	 14.70  
 1335 I	 6.68  
 1336 L	 1.92  
 1337 W	 5.66  
 1338 S	 10.38  
 1339 C	 1.70  
 1340 L	 5.32  
 1341 R	 38.82  
 1342 W	 7.94  
 1343 D	 29.21  
 1344 D	 24.35  
 1345 M	 2.73  
 1346 I	 6.00  
 1347 A	 16.21  
 1348 K	 46.68  
 1349 P	 21.03  
 1350 P	 49.51  
 1351 S	 47.89  
 1352 T	 55.32  
 1353 D	 69.36  
 1354 G	 29.45  
 1355 K	 33.40  
 1356 H	 32.64  
 1357 Q	 37.42  
 1358 V	 6.60  
 1359 T	 16.63  
 1360 T	 41.91  
 1361 D	 32.73  
 1362 T	 26.06  
 1363 E	 37.97  
 1364 I	 2.89  
 1365 V	 3.99  
 1366 T	 21.85  
 1367 L	 2.78  
 1368 E	 42.57  
 1369 L	 6.01  
 1370 L	 3.42  
 1371 K	 56.98  
 1372 L	 6.33  
 1373 R	 21.97  
 1374 H	 45.07  
 1375 S	 20.66  
 1376 G	 22.24  
 1377 R	 39.02  
 1378 Y	 32.91  
 1379 G	 28.67  
 1380 E	 44.20  
 1381 K	 38.11  
 1382 T	 20.50  
 1383 S	 32.98  
 1384 Y	 14.95  
 1385 L	 4.23  
 1386 R	 28.30  
 1387 R	 33.26  
 1388 K	 34.13  
 1389 V	 4.47  
 1390 V	 4.12  
 1391 I	 3.45  
 1392 P	 15.62  
 1393 L	 6.39  
 1394 E	 48.35  
 1395 M	 5.63  
 1396 P	 21.57  
 1397 K	 59.34  
 1398 T	 20.94  
 1399 V	 6.49  
 1400 R	 37.59  
 1401 E	 45.90  
 1402 V	 3.40  
 1403 T	 17.43  
 1404 S	 22.60  
 1405 I	 2.72  
 1406 R	 25.16  
 1407 S	 40.27  
 1408 G	 21.47  
 1409 L	 6.51  
 1410 R	 40.01  
 1411 K	 68.28  
 1412 R	 27.53  
 1413 K	 60.02  
 1414 R	 47.85  
 1415 A	 25.34  
 1416 E	 67.97  
 1417 S	 28.05  
 1418 P	 35.36  
 1419 Q	 67.82  
 1420 P	 41.96  
 1421 T	 55.86  
 1422 E	 41.72  
 1423 P	 33.09  
 1424 Q	 49.34  
 1425 I	 8.39  
 1426 T	 23.70  
 1427 E	 52.03  
 1428 E	 44.12  
 1429 W	 9.16  
 1430 V	 6.99  
 1431 D	 60.49  
 1432 E	 47.64  
 1433 D	 57.27  
 1434 K	 41.64  
 1435 L	 11.49  
 1436 E	 58.54  
 1437 L	 7.83  
 1438 W	 8.90  
 1439 E	 49.26  
 1440 I	 2.56  
 1441 K	 20.13  
 1442 F	 10.51  
 1443 M	 6.02  
 1444 G	 41.92  
 1445 E	 39.52  
 1446 K	 59.01  
 1447 Q	 53.79  
 1448 E	 60.80  
 1449 K	 35.99  
 1450 A	 19.52  
 1451 R	 40.00  
 1452 L	 4.62  
 1453 S	 18.36  
 1454 A	 15.99  
 1455 V	 4.03  
 1456 T	 19.55  
 1457 R	 23.64  
 1458 S	 16.81  
 1459 V	 5.16  
 1460 A	 10.55  
 1461 S	 20.57  
 1462 R	 35.05  
 1463 Q	 40.95  
 1464 L	 6.04  
 1465 E	 32.24  
 1466 A	 27.99  
 1467 S	 33.12  
 1468 G	 31.98  
 1469 S	 35.21  
 1470 N	 62.53  
 1471 G	 24.78  
 1472 S	 40.98  
 1473 N	 39.17  
 1474 T	 38.33  
 1475 S	 24.91  
 1476 T	 35.32  
 1477 N	 33.24  
 1478 G	 23.44  
 1479 A	 11.83  
 1480 L	 6.34  
 1481 G	 13.49  
 1482 V	 5.48  
 1483 A	 9.77  
 1484 G	 28.08  
 1485 R	 11.85  
 1486 V	 5.53  
 1487 Q	 30.46  
 1488 L	 8.90  
 1489 A	 5.10  
 1490 P	 46.87  
 1491 K	 60.07  
 1492 L	 7.07  
 1493 S	 37.57  
 1494 E	 76.80  
 1495 D	 54.11  
 1496 V	 8.28  
 1497 K	 65.03  
 1498 E	 58.44  
 1499 K	 41.86  
 1500 M	 6.19  
 1501 E	 46.36  
 1502 Q	 50.86  
 1503 Q	 27.53  
 1504 L	 6.29  
 1505 K	 37.93  
 1506 L	 5.91  
 1507 Q	 29.69  
 1508 R	 49.35  
 1509 A	 7.09  
 1510 V	 4.57  
 1511 H	 19.64  
 1512 Q	 37.87  
 1513 Q	 29.60  
 1514 R	 27.92  
 1515 K	 42.87  
 1516 L	 3.27  
 1517 V	 5.13  
 1518 A	 21.96  
 1519 T	 28.06  
 1520 G	 17.99  
 1521 E	 36.51  
 1522 I	 4.03  
 1523 T	 16.76  
 1524 R	 34.49  
 1525 S	 22.99  
 1526 V	 6.72  
 1527 T	 24.50  
 1528 P	 24.54  
 1529 V	 8.75  
 1530 K	 44.84  
 1531 G	 27.50  
 1532 Q	 20.24  
 1533 V	 7.94  
 1534 I	 2.97  
 1535 G	 19.08  
 1536 S	 13.04  
 1537 R	 31.50  
 1538 R	 24.98  
 1539 V	 6.00  
 1540 I	 3.28  
 1541 V	 4.48  
 1542 K	 52.19  
 1543 N	 29.06  
 1544 P	 35.37  
 1545 D	 76.18  
 1546 G	 30.18  
 1547 T	 21.93  
 1548 T	 25.96  
 1549 R	 24.69  
 1550 I	 2.91  
 1551 I	 1.93  
 1552 Q	 23.86  
 1553 Q	 27.65  
 1554 A	 7.02  
 1555 V	 3.15  
 1556 T	 26.69  
 1557 Q	 25.29  
 1558 V	 2.82  
 1559 S	 17.82  
 1560 R	 38.23  
 1561 T	 32.25  
 1562 G	 31.91  
 1563 G	 18.29  
 1564 A	 16.14  
 1565 N	 33.26  
 1566 T	 19.69  
 1567 A	 8.56  
 1568 A	 8.80  
 1569 A	 10.90  
 1570 A	 12.07  
 1571 A	 16.00  
 1572 S	 19.17  
 1573 P	 26.78  
 1574 T	 29.32  
 1575 V	 10.43  
 1576 G	 27.15  
 1577 G	 24.34  
 1578 S	 17.16  
 1579 T	 38.78  
 1580 S	 26.58  
 1581 T	 35.78  
 1582 Q	 40.76  
 1583 S	 51.28  
 1584 N	 25.40  
 1585 P	 44.20  
 1586 S	 38.96  
 1587 T	 37.57  
 1588 S	 44.25  
 1589 T	 29.51  
 1590 P	 25.68  
 1591 H	 42.90  
 1592 K	 36.72  
 1593 V	 4.49  
 1594 Q	 30.14  
 1595 I	 2.31  
 1596 I	 2.02  
 1597 R	 52.82  
 1598 G	 17.78  
 1599 P	 37.01  
 1600 D	 72.82  
 1601 G	 35.08  
 1602 K	 38.42  
 1603 V	 8.60  
 1604 S	 15.02  
 1605 V	 6.70  
 1606 R	 36.05  
 1607 G	 27.87  
 1608 L	 4.98  
 1609 N	 41.29  
 1610 P	 47.19  
 1611 G	 27.13  
 1612 Q	 34.39  
 1613 Q	 49.90  
 1614 L	 1.91  
 1615 V	 3.89  
 1616 Q	 46.40  
 1617 M	 2.26  
 1618 P	 30.06  
 1619 D	 62.61  
 1620 G	 28.67  
 1621 K	 42.68  
 1622 L	 4.06  
 1623 H	 18.94  
 1624 V	 8.02  
 1625 L	 2.16  
 1626 T	 22.47  
 1627 T	 24.74  
 1628 T	 21.31  
 1629 T	 28.24  
 1630 S	 25.98  
 1631 S	 32.48  
 1632 N	 35.33  
 1633 S	 35.41  
 1634 A	 20.69  
 1635 G	 35.43  
 1636 Q	 52.59  
 1637 G	 34.50  
 1638 N	 33.10  
 1639 K	 47.09  
 1640 M	 6.49  
 1641 K	 46.60  
 1642 V	 5.47  
 1643 P	 24.30  
 1644 I	 10.52  
 1645 K	 28.58  
 1646 P	 31.96  
 1647 A	 22.05  
 1648 S	 37.03  
 1649 T	 34.43  
 1650 S	 26.73  
 1651 S	 40.19  
 1652 S	 20.37  
 1653 P	 35.24  
 1654 A	 19.08  
 1655 I	 3.67  
 1656 S	 23.02  
 1657 S	 20.48  
 1658 A	 12.16  
 1659 Q	 41.13  
 1660 T	 34.99  
 1661 T	 16.70  
 1662 T	 40.70  
 1663 N	 27.27  
 1664 P	 29.30  
 1665 V	 11.66  
 1666 T	 17.07  
 1667 P	 26.52  
 1668 V	 6.62  
 1669 I	 2.60  
 1670 K	 35.57  
 1671 Q	 20.11  
 1672 I	 3.96  
 1673 A	 11.21  
 1674 V	 4.75  
 1675 K	 24.28  
 1676 H	 26.36  
 1677 V	 7.26  
 1678 T	 24.99  
 1679 K	 48.06  
 1680 N	 27.75  
 1681 S	 33.96  
 1682 A	 21.03  
 1683 T	 23.75  
 1684 Q	 32.34  
 1685 S	 18.77  
 1686 I	 2.87  
 1687 A	 14.49  
 1688 S	 27.46  
 1689 S	 17.09  
 1690 S	 28.42  
 1691 R	 21.48  
 1692 V	 7.48  
 1693 A	 11.44  
 1694 L	 3.06  
 1695 P	 18.86  
 1696 L	 5.95  
 1697 A	 13.70  
 1698 Q	 55.67  
 1699 I	 4.40  
 1700 K	 35.63  
 1701 N	 41.66  
 1702 K	 35.19  
 1703 L	 7.10  
 1704 L	 3.88  
 1705 L	 6.15  
 1706 A	 12.71  
 1707 Q	 41.40  
 1708 Q	 37.13  
 1709 Q	 31.06  
 1710 Q	 34.55  
 1711 Q	 44.32  
 1712 S	 26.39  
 1713 T	 28.43  
 1714 S	 33.78  
 1715 S	 40.19  
 1716 S	 20.51  
 1717 P	 41.32  
 1718 A	 23.28  
 1719 T	 32.31  
 1720 S	 30.81  
 1721 S	 34.02  
 1722 S	 28.94  
 1723 P	 34.21  
 1724 V	 11.06  
 1725 Q	 32.89  
 1726 K	 45.36  
 1727 I	 2.06  
 1728 V	 6.12  
 1729 S	 24.17  
 1730 K	 39.03  
 1731 V	 2.90  
 1732 V	 8.11  
 1733 N	 31.16  
 1734 T	 23.05  
 1735 S	 18.51  
 1736 T	 34.53  
 1737 S	 28.77  
 1738 G	 25.28  
 1739 Q	 38.51  
 1740 T	 30.02  
 1741 L	 2.29  
 1742 Q	 40.56  
 1743 Q	 33.46  
 1744 V	 3.07  
 1745 F	 3.44  
 1746 V	 4.68  
 1747 Q	 30.52  
 1748 S	 39.47  
 1749 G	 16.23  
 1750 S	 28.23  
 1751 K	 49.15  
 1752 L	 3.95  
 1753 V	 5.37  
 1754 V	 10.66  
 1755 G	 13.93  
 1756 Q	 30.40  
 1757 N	 28.44  
 1758 A	 13.64  
 1759 Q	 63.50  
 1760 G	 27.19  
 1761 Q	 25.43  
 1762 K	 42.07  
 1763 V	 3.45  
 1764 I	 2.37  
 1765 I	 4.04  
 1766 S	 12.75  
 1767 T	 16.39  
 1768 S	 18.15  
 1769 A	 14.91  
 1770 A	 13.90  
 1771 Q	 35.53  
 1772 Q	 38.66  
 1773 Q	 45.08  
 1774 G	 24.67  
 1775 T	 26.06  
 1776 S	 29.87  
 1777 P	 27.98  
 1778 V	 8.87  
 1779 Q	 38.46  
 1780 Q	 32.97  
 1781 Q	 22.83  
 1782 Q	 38.98  
 1783 L	 3.08  
 1784 V	 4.47  
 1785 Q	 44.96  
 1786 S	 30.37  
 1787 Q	 23.25  
 1788 P	 31.44  
 1789 I	 4.51  
 1790 Q	 44.36  
 1791 Q	 58.77  
 1792 S	 14.32  
 1793 P	 26.25  
 1794 Q	 59.49  
 1795 Q	 32.86  
 1796 I	 2.27  
 1797 S	 16.07  
 1798 M	 3.04  
 1799 T	 17.20  
 1800 Q	 32.26  
 1801 V	 5.98  
 1802 G	 19.76  
 1803 N	 45.89  
 1804 Q	 36.17  
 1805 P	 40.57  
 1806 T	 31.12  
 1807 Q	 44.71  
 1808 K	 43.73  
 1809 V	 3.25  
 1810 I	 3.00  
 1811 Q	 29.90  
 1812 Q	 30.39  
 1813 I	 1.16  
 1814 V	 5.78  
 1815 N	 39.14  
 1816 T	 15.70  
 1817 S	 29.78  
 1818 N	 33.31  
 1819 V	 5.64  
 1820 Q	 33.44  
 1821 Q	 30.59  
 1822 Q	 17.22  
 1823 I	 2.05  
 1824 V	 2.59  
 1825 V	 8.34  
 1826 G	 18.67  
 1827 G	 11.28  
 1828 Q	 27.72  
 1829 R	 22.61  
 1830 I	 2.60  
 1831 I	 3.20  
 1832 L	 4.74  
 1833 S	 19.31  
 1834 P	 35.15  
 1835 G	 33.61  
 1836 Q	 31.29  
 1837 T	 24.27  
 1838 I	 2.13  
 1839 V	 4.18  
 1840 T	 20.26  
 1841 Q	 24.85  
 1842 R	 36.43  
 1843 N	 39.75  
 1844 V	 5.07  
 1845 P	 31.49  
 1846 Q	 43.84  
 1847 S	 16.02  
 1848 Q	 40.62  
 1849 A	 12.66  
 1850 L	 2.33  
 1851 Q	 32.77  
 1852 M	 2.82  
 1853 V	 2.75  
 1854 Q	 24.90  
 1855 Q	 30.82  
 1856 Q	 16.80  
 1857 I	 4.09  
 1858 Q	 28.99  
 1859 T	 29.94  
 1860 Q	 23.78  
 1861 Q	 46.57  
 1862 Q	 32.98  
 1863 Q	 40.33  
 1864 Q	 39.99  
 1865 Q	 25.06  
 1866 H	 16.04  
 1867 H	 19.67  
 1868 V	 3.92  
 1869 V	 6.29  
 1870 Q	 29.06  
 1871 P	 23.49  
 1872 Q	 32.39  
 1873 Q	 45.41  
 1874 Q	 28.05  
 1875 F	 5.16  
 1876 V	 3.13  
 1877 V	 5.65  
 1878 Q	 31.22  
 1879 S	 21.06  
 1880 N	 20.64  
 1881 Q	 42.34  
 1882 I	 3.40  
 1883 V	 3.04  
 1884 Q	 39.56  
 1885 S	 33.07  
 1886 S	 13.04  
 1887 P	 38.64  
 1888 S	 34.65  
 1889 A	 25.17  
 1890 Q	 43.43  
 1891 T	 26.51  
 1892 K	 38.92  
 1893 L	 7.08  
 1894 V	 3.86  
 1895 K	 48.64  
 1896 Q	 31.82  
 1897 L	 3.18  
 1898 V	 3.19  
 1899 V	 6.05  
 1900 Q	 28.28  
 1901 Q	 33.03  
 1902 Q	 26.56  
 1903 S	 21.66  
 1904 Q	 39.85  
 1905 Q	 50.09  
 1906 T	 23.79  
 1907 I	 5.82  
 1908 E	 57.75  
 1909 E	 58.51  
 1910 K	 32.70  
 1911 T	 28.60  
 1912 Q	 41.94  
 1913 I	 4.47  
 1914 T	 17.52  
 1915 T	 30.18  
 1916 T	 28.87  
 1917 D	 47.58  
 1918 S	 34.18  
 1919 N	 54.37  
 1920 E	 53.20  
 1921 T	 50.18  
 1922 G	 18.49  
 1923 T	 24.21  
 1924 Q	 32.50  
 1925 Q	 30.28  
 1926 V	 4.12  
 1927 L	 4.63  
 1928 V	 4.42  
 1929 P	 25.54  
 1930 N	 39.90  
 1931 S	 20.80  
 1932 T	 32.52  
 1933 L	 3.98  
 1934 A	 8.65  
 1935 Q	 41.77  
 1936 Q	 32.91  
 1937 L	 2.27  
 1938 A	 16.25  
 1939 Q	 59.14  
 1940 G	 27.34  
 1941 K	 24.54  
 1942 L	 6.74  
 1943 Q	 26.70  
 1944 V	 7.55  
 1945 A	 7.90  
 1946 T	 18.69  
 1947 V	 5.66  
 1948 N	 37.90  
 1949 G	 18.24  
 1950 Q	 29.21  
 1951 Q	 28.44  
 1952 V	 4.11  
 1953 I	 2.61  
 1954 V	 5.70  
 1955 K	 24.33  
 1956 P	 34.31  
 1957 L	 10.71  
 1958 G	 39.30  
 1959 N	 45.16  
 1960 N	 36.44  
 1961 Q	 38.35  
 1962 A	 11.82  
 1963 Q	 22.41  
 1964 I	 3.11  
 1965 V	 1.79  
 1966 A	 10.58  
 1967 H	 20.80  
 1968 I	 2.84  
 1969 K	 21.73  
 1970 H	 35.93  
 1971 Q	 46.82  
 1972 G	 44.50  
 1973 D	 40.37  
 1974 G	 39.80  
 1975 N	 32.84  
 1976 A	 10.18  
 1977 H	 21.03  
 1978 I	 3.16  
 1979 V	 3.26  
 1980 T	 22.91  
 1981 S	 20.21  
 1982 N	 26.71  
 1983 S	 27.11  
 1984 A	 12.11  
 1985 T	 28.19  
 1986 A	 15.65  
 1987 V	 2.91  
 1988 P	 25.71  
 1989 Q	 47.36  
 1990 A	 24.49  
 1991 N	 24.78  
 1992 P	 41.67  
 1993 Q	 55.18  
 1994 T	 35.93  
 1995 S	 23.58  
 1996 P	 40.49  
 1997 V	 9.78  
 1998 K	 39.82  
 1999 Q	 33.73  
 2000 Q	 38.87  
 2001 A	 21.39  
 2002 L	 5.74  
 2003 P	 28.09  
 2004 P	 48.40  
 2005 Q	 66.84  
 2006 S	 30.37  
 2007 P	 24.31  
 2008 Q	 54.68  
 2009 Q	 33.10  
 2010 V	 3.71  
 2011 V	 2.53  
 2012 V	 4.46  
 2013 Q	 24.61  
 2014 Q	 26.07  
 2015 Q	 27.40  
 2016 Q	 30.69  
 2017 I	 2.48  
 2018 H	 18.45  
 2019 Q	 47.26  
 2020 Q	 36.90  
 2021 S	 27.41  
 2022 P	 27.33  
 2023 T	 58.76  
 2024 N	 41.91  
 2025 F	 9.70  
 2026 E	 48.96  
 2027 S	 34.13  
 2028 G	 21.81  
 2029 V	 8.84  
 2030 T	 16.70  
 2031 P	 25.81  
 2032 I	 3.87  
 2033 T	 23.50  
 2034 Q	 46.42  
 2035 Q	 22.78  
 2036 P	 17.17  
 2037 V	 8.64  
 2038 L	 3.60  
 2039 T	 18.08  
 2040 Q	 35.06  
 2041 A	 7.08  
 2042 V	 3.42  
 2043 Q	 44.64  
 2044 A	 8.52  
 2045 P	 17.32  
 2046 A	 23.88  
 2047 Q	 34.55  
 2048 Q	 32.40  
 2049 Q	 31.99  
 2050 A	 9.47  
 2051 L	 5.25  
 2052 S	 30.42  
 2053 V	 11.14  
 2054 E	 38.19  
 2055 E	 44.52  
 2056 S	 22.37  
 2057 L	 6.88  
 2058 L	 6.64  
 2059 Q	 52.37  
 2060 N	 57.19  
 2061 Q	 32.38  
 2062 P	 36.52  
 2063 P	 41.12  
 2064 G	 39.02  
 2065 T	 25.49  
 2066 V	 4.95  
 2067 I	 2.62  
 2068 K	 20.51  
 2069 C	 1.95  
 2070 V	 4.17  
 2071 T	 22.35  
 2072 A	 4.15  
 2073 Q	 27.39  
 2074 V	 3.87  
 2075 L	 3.29  
 2076 Q	 46.08  
 2077 T	 26.28  
 2078 E	 33.61  
 2079 H	 55.75  
 2080 G	 13.62  
 2081 P	 25.40  
 2082 R	 35.92  
 2083 I	 4.00  
 2084 V	 3.26  
 2085 L	 2.88  
 2086 Q	 32.07  
 2087 G	 20.40  
 2088 L	 2.62  
 2089 V	 9.59  
 2090 G	 32.79  
 2091 N	 33.47  
 2092 D	 36.02  
 2093 F	 7.66  
 2094 T	 26.81  
 2095 A	 8.63  
 2096 Q	 41.27  
 2097 Q	 28.81  
 2098 L	 2.57  
 2099 Q	 34.94  
 2100 L	 4.13  
 2101 V	 3.59  
 2102 Q	 34.50  
 2103 T	 28.05  
 2104 Q	 24.26  
 2105 V	 7.40  
 2106 K	 23.62  
 2107 Q	 42.66  
 2108 Q	 37.49  
 2109 L	 3.35  
 2110 M	 2.69  
 2111 K	 56.35  
 2112 A	 12.38  
 2113 Q	 49.48  
 2114 E	 51.54  
 2115 S	 38.51  
 2116 N	 51.36  
 2117 G	 35.53  
 2118 K	 46.44  
 2119 L	 6.42  
 2120 G	 18.98  
 2121 V	 8.94  
 2122 L	 6.89  
 2123 G	 25.98  
 2124 P	 26.76  
 2125 T	 28.42  
 2126 K	 32.27  
 2127 I	 3.61  
 2128 Y	 7.08  
 2129 L	 4.24  
 2130 A	 4.86  
 2131 V	 10.09  
 2132 Q	 33.70  
 2133 P	 30.15  
 2134 E	 40.50  
 2135 N	 52.69  
 2136 A	 10.08  
 2137 V	 9.43  
 2138 Q	 33.66  
 2139 S	 37.75  
 2140 Q	 37.11  
 2141 P	 37.41  
 2142 P	 28.97  
 2143 P	 56.39  
 2144 L	 11.88  
 2145 T	 29.10  
 2146 P	 29.31  
 2147 V	 5.59  
 2148 H	 19.65  
 2149 Q	 34.69  
 2150 S	 16.73  
 2151 A	 11.46  
 2152 A	 13.28  
 2153 H	 21.72  
 2154 Q	 47.25  
 2155 Q	 36.01  
 2156 T	 24.54  
 2157 N	 43.05  
 2158 N	 36.34  
 2159 I	 5.50  
 2160 E	 36.62  
 2161 I	 4.72  
 2162 D	 26.12  
 2163 A	 19.83  
 2164 D	 38.21  
 2165 T	 21.73  
 2166 L	 4.03  
 2167 A	 10.45  
 2168 T	 32.78  
 2169 T	 17.48  
 2170 Y	 14.53  
 2171 E	 39.00  
 2172 A	 12.59  
 2173 N	 27.96  
 2174 S	 38.26  
 2175 T	 31.67  
 2176 I	 3.66  
 2177 K	 43.07  
 2178 D	 31.53  
 2179 I	 3.35  
 2180 A	 14.48  
 2181 I	 4.15  
 2182 N	 37.09  
 2183 N	 49.51  
 2184 G	 35.07  
 2185 D	 57.45  
 2186 D	 60.12  
 2187 Q	 57.41  
 2188 E	 71.16  
 2189 N	 40.93  
 2190 S	 28.49  
 2191 K	 49.39  
 2192 C	 4.08  
 2193 A	 30.40  
 2194 E	 67.15  
 2195 T	 23.18  
 2196 E	 50.60  
 2197 N	 48.02  
 2198 S	 24.31  
 2199 N	 47.40  
 2200 I	 5.15  
 2201 T	 28.02  
 2202 T	 32.94  
 2203 N	 33.97  
 2204 E	 45.18  
 2205 S	 23.59  
 2206 F	 6.23  
 2207 A	 29.63  
 2208 G	 24.91  
 2209 T	 16.24  
 2210 S	 20.33  
 2211 S	 36.49  
 2212 L	 5.17  
 2213 L	 8.28  
 2214 E	 67.00  
 2215 G	 38.00  
 2216 S	 23.53  
 2217 E	 67.24  
 2218 H	 46.56  
 2219 D	 60.56  
 2220 E	 56.80  
 2221 P	 32.42  
 2222 T	 40.59  
 2223 N	 38.31  
 2224 L	 4.38  
 2225 A	 20.69  
 2226 G	 27.35  
 2227 L	 4.37  
 2228 D	 41.26  
 2229 I	 4.88  
 2230 S	 33.83  
 2231 E	 46.83  
 2232 T	 38.81  
 2233 D	 48.19  
 2234 L	 11.59  
 2235 E	 66.25  
 2236 N	 59.52  
 2237 K	 45.16  
 2238 Q	 71.19  
 2239 N	 48.79  
 2240 E	 42.96  
 2241 S	 30.78  
 2242 F	 4.12  
 2243 V	 6.30  
 2244 V	 2.59  
 2245 T	 17.05  
 2246 R	 25.06  
 2247 G	 17.96  
 2248 Y	 9.26  
 2249 I	 4.65  
 2250 Q	 25.59  
 2251 K	 39.95  
 2252 S	 18.18  
 2253 I	 4.79  
 2254 S	 24.12  
 2255 N	 47.85  
 2256 A	 14.89  
 2257 L	 5.07  
 2258 K	 54.47  
 2259 Q	 47.02  
 2260 G	 35.14  
 2261 N	 34.55  
 2262 L	 13.29  
 2263 S	 21.96  
 2264 P	 54.05  
 2265 E	 66.49  
 2266 L	 13.47  
 2267 E	 51.96  
 2268 E	 65.40  
 2269 K	 36.52  
 2270 L	 3.97  
 2271 V	 3.65  
 2272 C	 3.28  
 2273 M	 4.32  
 2274 Q	 34.97  
 2275 K	 27.37  
 2276 Q	 38.64  
 2277 Q	 53.61  
 2278 E	 56.68  
 2279 N	 39.83  
 2280 A	 15.59  
 2281 N	 62.03  
 2282 S	 30.14  
 2283 T	 36.64  
 2284 N	 52.81  
 2285 E	 46.94  
 2286 W	 14.31  
 2287 E	 33.48  
 2288 T	 19.49  
 2289 C	 1.44  
 2290 S	 47.28  
 2291 R	 43.48  
 2292 G	 21.47  
 2293 S	 22.21  
 2294 V	 13.39  
 2295 N	 42.99  
 2296 E	 42.35  
 2297 E	 43.72  
 2298 A	 15.57  
 2299 L	 9.06  
 2300 T	 26.68  
 2301 P	 28.50  
 2302 S	 31.61  
 2303 R	 44.62  
 2304 Q	 54.33  
 2305 T	 34.43  
 2306 D	 53.12  
 2307 D	 50.33  
 2308 T	 46.70  
 2309 E	 54.49  
 2310 W	 11.94  
 2311 K	 18.97  
 2312 I	 6.43  
 2313 R	 17.97  
 2314 T	 35.27  
 2315 S	 15.27  
 2316 L	 5.49  
 2317 R	 52.34  
 2318 R	 33.83  
 2319 P	 26.88  
 2320 N	 40.30  
 2321 A	 10.20  
 2322 M	 5.51  
 2323 T	 22.55  
 2324 T	 17.19  
 2325 S	 16.99  
 2326 S	 36.38  
 2327 Q	 39.13  
 2328 F	 7.78  
 2329 N	 23.57  
 2330 R	 36.58  
 2331 I	 7.49  
 2332 L	 6.12  
 2333 K	 45.70  
 2334 K	 54.90  
 2335 N	 52.44  
 2336 R	 58.86  
 2337 S	 45.25  
 2338 K	 66.24  
 2339 N	 52.50  
 2340 D	 56.32  
 2341 E	 53.68  
 2342 V	 5.82  
 2343 A	 12.30  
 2344 E	 63.58  
 2345 L	 7.06  
 2346 G	 27.13  
 2347 E	 68.20  
 2348 Q	 47.49  
 2349 K	 47.84  
 2350 Q	 35.78  
 2351 S	 43.71  
 2352 Q	 44.86  
 2353 L	 8.27  
 2354 E	 45.14  
 2355 R	 55.56  
 2356 H	 20.68  
 2357 K	 57.17  
 2358 E	 53.89  
 2359 L	 11.51  
 2360 L	 8.55  
 2361 K	 57.30  
 2362 K	 49.54  
 2363 N	 36.62  
 2364 I	 5.59  
 2365 L	 8.05  
 2366 R	 28.66  
 2367 K	 42.78  
 2368 R	 26.55  
 2369 S	 40.10  
 2370 L	 7.18  
 2371 L	 6.48  
 2372 E	 44.83  
 2373 R	 49.48  
 2374 N	 32.81  
 2375 L	 8.10  
 2376 Q	 42.43  
 2377 S	 41.50  
 2378 E	 35.09  
 2379 I	 5.37  
 2380 H	 22.58  
 2381 E	 70.88  
 2382 D	 32.81  
 2383 V	 8.48  
 2384 K	 55.75  
 2385 T	 35.97  
 2386 K	 30.56  
 2387 V	 7.97  
 2388 Q	 31.17  
 2389 R	 33.00  
 2390 H	 11.66  
 2391 V	 8.00  
 2392 R	 21.95  
 2393 P	 38.77  
 2394 L	 4.28  
 2395 S	 32.79  
 2396 N	 52.71  
 2397 A	 21.04  
 2398 S	 36.81  
 2399 P	 46.90  
 2400 D	 65.16  
 2401 E	 60.43  
 2402 Q	 64.52  
 2403 S	 40.10  
 2404 E	 63.91  
 2405 N	 56.05  
 2406 E	 44.14  
 2407 R	 62.64  
 2408 S	 41.13  
 2409 G	 61.68  
 2410 E	 32.06  
 2411 P	 50.65  
 2412 N	 48.19  
 2413 L	 13.82  
 2414 D	 54.37  
 2415 F	 6.94  
 2416 K	 59.06  
 2417 R	 35.79  
 2418 T	 40.89  
 2419 E	 46.25  
 2420 V	 7.05  
 2421 Q	 48.23  
 2422 N	 40.52  
 2423 P	 16.74  
 2424 R	 48.71  
 2425 H	 31.54  
 2426 G	 30.88  
 2427 A	 12.51  
 2428 G	 51.52  
 2429 R	 39.05  
 2430 P	 36.90  
 2431 K	 60.08  
 2432 K	 58.74  
 2433 L	 7.56  
 2434 T	 49.69  
 2435 R	 59.49  
 2436 K	 61.11  
 2437 K	 57.71  
 2438 E	 51.86  
 2439 K	 54.35  
 2440 L	 4.40  
 2441 Y	 7.28  
 2442 C	 3.25  
 2443 I	 0.82  
 2444 C	 3.37  
 2445 R	 20.87  
 2446 T	 23.07  
 2447 P	 15.94  
 2448 Y	 26.32  
 2449 D	 59.30  
 2450 D	 46.05  
 2451 T	 21.83  
 2452 K	 41.51  
 2453 F	 6.93  
 2454 Y	 9.48  
 2455 V	 7.47  
 2456 G	 6.45  
 2457 C	 2.29  
 2458 D	 44.79  
 2459 L	 3.92  
 2460 C	 1.56  
 2461 S	 44.38  
 2462 N	 44.42  
 2463 W	 3.13  
 2464 F	 5.59  
 2465 H	 23.85  
 2466 G	 22.12  
 2467 D	 22.52  
 2468 C	 2.83  
 2469 V	 5.73  
 2470 S	 30.08  
 2471 I	 2.54  
 2472 T	 21.92  
 2473 E	 50.31  
 2474 E	 49.98  
 2475 A	 22.03  
 2476 S	 33.33  
 2477 K	 65.86  
 2478 K	 55.54  
 2479 L	 7.34  
 2480 S	 39.06  
 2481 E	 49.85  
 2482 F	 5.05  
 2483 I	 1.44  
 2484 C	 2.32  
 2485 I	 6.27  
 2486 D	 27.72  
 2487 C	 1.30  
 2488 K	 45.40  
 2489 R	 45.25  
 2490 A	 10.11  
 2491 R	 52.07  
 2492 E	 50.40  
 2493 T	 18.96  
 2494 Q	 26.91  
 2495 Q	 41.65  
 2496 L	 3.15  
 2497 Y	 4.30  
 2498 C	 4.15  
 2499 S	 9.97  
 2500 C	 4.12  
 2501 R	 24.98  
 2502 Q	 45.27  
 2503 P	 21.13  
 2504 Y	 24.81  
 2505 D	 56.61  
 2506 E	 40.36  
 2507 S	 23.77  
 2508 Q	 32.87  
 2509 F	 6.55  
 2510 Y	 5.84  
 2511 I	 1.67  
 2512 C	 1.35  
 2513 C	 3.98  
 2514 D	 50.81  
 2515 K	 21.63  
 2516 C	 2.57  
 2517 Q	 57.63  
 2518 D	 60.52  
 2519 W	 2.13  
 2520 F	 6.19  
 2521 H	 20.66  
 2522 G	 18.40  
 2523 R	 11.90  
 2524 C	 3.78  
 2525 V	 5.28  
 2526 G	 20.65  
 2527 I	 1.25  
 2528 L	 3.64  
 2529 Q	 36.99  
 2530 S	 35.02  
 2531 E	 38.98  
 2532 A	 23.42  
 2533 E	 38.80  
 2534 F	 12.59  
 2535 I	 2.71  
 2536 D	 46.63  
 2537 E	 34.74  
 2538 Y	 12.01  
 2539 V	 4.06  
 2540 C	 1.99  
 2541 P	 35.04  
 2542 E	 37.85  
 2543 C	 2.61  
 2544 Q	 58.69  
 2545 R	 51.94  
 2546 K	 33.04  
 2547 N	 56.68  
 2548 D	 44.21  
 2549 A	 19.56  
 2550 N	 42.31  
 2551 A	 11.26  
 2552 A	 19.23  
 2553 N	 40.16  
 2554 M	 3.29  
 2555 K	 44.42  
 2556 K	 46.35  
 2557 L	 5.46  
 2558 T	 34.07  
 2559 S	 41.28  
 2560 N	 52.70  
 2561 D	 49.31  
 2562 V	 7.82  
 2563 E	 61.55  
 2564 E	 65.96  
 2565 L	 2.56  
 2566 K	 53.65  
 2567 N	 60.67  
 2568 L	 5.04  
 2569 I	 3.99  
 2570 K	 42.77  
 2571 Q	 20.19  
 2572 M	 3.78  
 2573 Q	 37.61  
 2574 L	 4.63  
 2575 H	 12.72  
 2576 K	 50.92  
 2577 S	 25.48  
 2578 A	 23.82  
 2579 W	 8.18  
 2580 P	 20.58  
 2581 F	 6.37  
 2582 M	 5.09  
 2583 E	 42.42  
 2584 P	 24.83  
 2585 V	 14.51  
 2586 D	 60.30  
 2587 P	 36.30  
 2588 K	 63.14  
 2589 E	 71.47  
 2590 A	 14.37  
 2591 P	 31.09  
 2592 D	 67.45  
 2593 Y	 12.25  
 2594 Y	 13.22  
 2595 K	 31.12  
 2596 V	 4.34  
 2597 I	 3.51  
 2598 K	 59.77  
 2599 E	 34.43  
 2600 P	 19.31  
 2601 M	 11.20  
 2602 D	 60.81  
 2603 L	 2.85  
 2604 K	 45.49  
 2605 R	 34.95  
 2606 M	 6.28  
 2607 E	 40.79  
 2608 I	 4.51  
 2609 K	 32.66  
 2610 L	 12.24  
 2611 E	 36.62  
 2612 S	 44.93  
 2613 N	 27.94  
 2614 T	 41.68  
 2615 Y	 13.21  
 2616 T	 24.38  
 2617 K	 39.33  
 2618 L	 4.58  
 2619 S	 31.83  
 2620 E	 52.28  
 2621 F	 7.31  
 2622 I	 3.92  
 2623 G	 24.77  
 2624 D	 36.44  
 2625 M	 3.29  
 2626 T	 26.23  
 2627 K	 34.44  
 2628 I	 3.74  
 2629 F	 6.18  
 2630 D	 57.71  
 2631 N	 11.04  
 2632 C	 2.97  
 2633 R	 43.13  
 2634 Y	 15.14  
 2635 Y	 12.97  
 2636 N	 32.03  
 2637 P	 26.18  
 2638 K	 67.59  
 2639 E	 53.52  
 2640 S	 31.69  
 2641 S	 33.42  
 2642 F	 10.60  
 2643 Y	 13.70  
 2644 K	 25.59  
 2645 C	 2.56  
 2646 A	 10.84  
 2647 E	 64.36  
 2648 A	 9.71  
 2649 L	 3.19  
 2650 E	 50.90  
 2651 S	 25.40  
 2652 Y	 9.82  
 2653 F	 6.99  
 2654 V	 4.26  
 2655 Q	 31.68  
 2656 K	 50.80  
 2657 I	 2.17  
 2658 K	 58.00  
 2659 N	 44.68  
 2660 F	 9.83  
 2661 R	 43.93  
 2662 E	 54.32  
 2663 N	 35.18  
 2664 V	 4.85  
 2665 F	 11.32  
 2666 D	 32.54  
 2667 Q	 39.17  
 2668 R	 44.22  
 2669 T	 37.01  
