 1 M	 7.80  
 2 T	 30.77  
 3 L	 4.52  
 4 R	 15.57  
 5 S	 40.46  
 6 R	 26.83  
 7 L	 8.99  
 8 S	 33.21  
 9 G	 39.41  
 10 E	 54.52  
 11 A	 10.72  
 12 P	 26.04  
 13 Q	 52.93  
 14 L	 3.20  
 15 W	 4.63  
 16 L	 3.08  
 17 L	 1.83  
 18 L	 3.27  
 19 L	 3.66  
 20 L	 3.40  
 21 A	 12.57  
 22 S	 25.19  
 23 T	 25.59  
 24 A	 8.47  
 25 S	 26.50  
 26 S	 26.01  
 27 L	 4.03  
 28 W	 6.61  
 29 A	 10.22  
 30 S	 10.74  
 31 V	 3.59  
 32 A	 6.69  
 33 A	 13.86  
 34 R	 30.40  
 35 T	 38.12  
 36 G	 19.74  
 37 P	 26.38  
 38 L	 9.62  
 39 H	 35.66  
 40 D	 53.80  
 41 K	 26.61  
 42 V	 4.93  
 43 V	 2.79  
 44 V	 1.87  
 45 C	 1.55  
 46 Y	 5.94  
 47 V	 3.30  
 48 S	 7.55  
 49 T	 13.85  
 50 W	 4.00  
 51 A	 6.64  
 52 V	 2.92  
 53 Y	 16.83  
 54 R	 22.98  
 55 P	 22.15  
 56 E	 53.28  
 57 Q	 44.49  
 58 G	 20.92  
 59 A	 7.12  
 60 Y	 18.22  
 61 A	 11.33  
 62 I	 2.64  
 63 E	 43.61  
 64 N	 40.27  
 65 F	 12.24  
 66 D	 42.64  
 67 P	 31.39  
 68 N	 49.98  
 69 L	 4.31  
 70 C	 2.92  
 71 T	 22.37  
 72 H	 13.17  
 73 V	 1.57  
 74 V	 1.90  
 75 Y	 8.56  
 76 A	 4.00  
 77 F	 2.80  
 78 A	 14.96  
 79 G	 19.89  
 80 L	 3.74  
 81 D	 40.76  
 82 I	 3.55  
 83 T	 16.30  
 84 Q	 29.18  
 85 A	 11.51  
 86 A	 10.42  
 87 I	 3.31  
 88 K	 39.99  
 89 S	 31.71  
 90 L	 8.56  
 91 D	 49.86  
 92 P	 35.60  
 93 W	 12.18  
 94 Q	 52.09  
 95 D	 56.70  
 96 L	 4.50  
 97 K	 57.71  
 98 E	 64.84  
 99 E	 58.98  
 100 Y	 25.81  
 101 G	 25.97  
 102 K	 48.54  
 103 G	 39.28  
 104 G	 30.80  
 105 Y	 22.50  
 106 E	 39.36  
 107 K	 33.02  
 108 M	 2.10  
 109 T	 50.89  
 110 G	 26.21  
 111 L	 2.83  
 112 K	 53.88  
 113 R	 45.28  
 114 S	 39.52  
 115 H	 20.17  
 116 P	 35.43  
 117 H	 32.62  
 118 L	 7.45  
 119 K	 27.09  
 120 V	 7.74  
 121 S	 15.53  
 122 L	 4.51  
 123 A	 7.29  
 124 I	 6.77  
 125 G	 29.47  
 126 G	 20.23  
 127 W	 8.42  
 128 N	 47.21  
 129 E	 48.28  
 130 G	 28.92  
 131 S	 13.73  
 132 A	 29.81  
 133 N	 32.74  
 134 Y	 11.62  
 135 S	 18.31  
 136 T	 18.19  
 137 L	 2.55  
 138 V	 5.62  
 139 A	 11.42  
 140 N	 32.00  
 141 N	 30.62  
 142 L	 3.28  
 143 L	 6.24  
 144 R	 37.09  
 145 G	 27.61  
 146 R	 27.10  
 147 F	 10.04  
 148 V	 4.00  
 149 K	 42.12  
 150 Q	 34.72  
 151 V	 4.25  
 152 S	 19.62  
 153 S	 26.32  
 154 F	 4.95  
 155 I	 3.92  
 156 R	 33.14  
 157 K	 39.47  
 158 Y	 15.94  
 159 N	 31.41  
 160 F	 7.76  
 161 D	 53.78  
 162 G	 19.56  
 163 L	 6.77  
 164 D	 48.38  
 165 L	 11.23  
 166 D	 35.51  
 167 W	 17.83  
 168 E	 41.10  
 169 Y	 13.81  
 170 P	 15.56  
 171 T	 39.85  
 172 Q	 40.35  
 173 R	 52.77  
 174 K	 62.56  
 175 G	 43.28  
 176 K	 39.82  
 177 P	 48.32  
 178 A	 31.79  
 179 D	 67.94  
 180 R	 42.75  
 181 E	 56.41  
 182 N	 32.97  
 183 F	 3.34  
 184 V	 6.89  
 185 L	 4.38  
 186 L	 5.59  
 187 T	 20.50  
 188 K	 55.51  
 189 E	 48.07  
 190 L	 9.96  
 191 R	 42.35  
 192 E	 75.53  
 193 E	 52.55  
 194 F	 13.15  
 195 D	 50.71  
 196 E	 45.21  
 197 H	 33.76  
 198 G	 18.90  
 199 L	 3.70  
 200 L	 6.08  
 201 L	 4.23  
 202 T	 18.97  
 203 S	 20.19  
 204 A	 10.05  
 205 I	 4.79  
 206 G	 24.42  
 207 A	 16.44  
 208 S	 28.00  
 209 K	 50.99  
 210 K	 41.76  
 211 V	 8.40  
 212 I	 5.64  
 213 D	 37.14  
 214 E	 37.70  
 215 A	 11.32  
 216 Y	 16.96  
 217 D	 35.85  
 218 V	 2.94  
 219 R	 25.80  
 220 Q	 37.55  
 221 I	 1.45  
 222 S	 13.41  
 223 R	 37.35  
 224 Y	 9.35  
 225 L	 3.20  
 226 D	 34.71  
 227 Y	 9.51  
 228 L	 1.89  
 229 H	 10.25  
 230 I	 1.56  
 231 M	 0.90  
 232 C	 2.01  
 233 Y	 11.36  
 234 D	 24.83  
 235 Y	 5.00  
 236 H	 22.40  
 237 G	 24.97  
 238 S	 16.70  
 239 W	 14.02  
 240 D	 30.15  
 241 R	 29.00  
 242 R	 24.60  
 243 V	 11.26  
 244 G	 14.25  
 245 Y	 12.80  
 246 N	 29.20  
 247 A	 7.62  
 248 P	 26.97  
 249 L	 6.23  
 250 T	 29.54  
 251 A	 12.64  
 252 P	 30.87  
 253 A	 31.23  
 254 D	 57.93  
 255 D	 48.42  
 256 P	 27.38  
 257 L	 13.63  
 258 S	 28.75  
 259 V	 10.79  
 260 K	 29.98  
 261 F	 7.88  
 262 S	 14.61  
 263 I	 4.55  
 264 D	 27.16  
 265 Y	 16.56  
 266 L	 2.78  
 267 L	 3.33  
 268 K	 42.13  
 269 L	 7.74  
 270 G	 34.15  
 271 A	 27.23  
 272 P	 35.47  
 273 P	 51.31  
 274 E	 58.94  
 275 K	 52.75  
 276 L	 2.82  
 277 V	 4.18  
 278 M	 7.08  
 279 G	 23.79  
 280 L	 1.11  
 281 P	 18.06  
 282 F	 14.02  
 283 Y	 12.08  
 284 G	 23.64  
 285 R	 26.13  
 286 T	 25.72  
 287 F	 5.69  
 288 K	 41.85  
 289 T	 24.30  
 290 L	 3.53  
 291 A	 16.91  
 292 S	 32.94  
 293 G	 26.00  
 294 F	 5.51  
 295 L	 6.45  
 296 N	 45.43  
 297 D	 47.68  
 298 V	 5.66  
 299 S	 31.34  
 300 E	 58.72  
 301 G	 19.83  
 302 V	 7.75  
 303 G	 29.43  
 304 F	 8.42  
 305 K	 53.71  
 306 G	 20.41  
 307 P	 28.10  
 308 Y	 27.39  
 309 T	 30.62  
 310 R	 33.88  
 311 E	 55.47  
 312 D	 50.26  
 313 G	 18.22  
 314 F	 8.07  
 315 L	 9.71  
 316 G	 22.43  
 317 Y	 16.27  
 318 N	 30.29  
 319 E	 36.34  
 320 I	 1.55  
 321 C	 1.74  
 322 Q	 51.65  
 323 T	 27.95  
 324 L	 1.54  
 325 S	 30.22  
 326 N	 52.87  
 327 Q	 33.40  
 328 T	 33.20  
 329 S	 23.67  
 330 G	 32.91  
 331 W	 7.64  
 332 T	 23.41  
 333 R	 36.18  
 334 E	 49.18  
 335 W	 21.20  
 336 D	 22.22  
 337 P	 40.18  
 338 Q	 51.84  
 339 T	 26.89  
 340 S	 17.03  
 341 Q	 37.32  
 342 V	 5.86  
 343 L	 3.73  
 344 A	 17.93  
 345 K	 49.00  
 346 S	 35.86  
 347 E	 47.79  
 348 R	 52.26  
 349 N	 29.24  
 350 V	 7.42  
 351 F	 7.15  
 352 T	 22.47  
 353 Q	 37.80  
 354 E	 33.21  
 355 I	 3.22  
 356 N	 22.81  
 357 V	 4.12  
 358 V	 3.38  
 359 T	 19.82  
 360 Y	 11.39  
 361 D	 30.67  
 362 S	 19.76  
 363 S	 27.44  
 364 R	 35.71  
 365 S	 28.18  
 366 I	 4.81  
 367 A	 15.84  
 368 N	 33.04  
 369 K	 31.15  
 370 V	 5.50  
 371 L	 2.12  
 372 F	 6.33  
 373 A	 9.36  
 374 M	 3.67  
 375 S	 15.93  
 376 K	 38.04  
 377 R	 23.59  
 378 L	 5.82  
 379 A	 16.74  
 380 G	 16.79  
 381 V	 2.02  
 382 M	 2.21  
 383 V	 2.99  
 384 W	 3.73  
 385 S	 9.94  
 386 V	 5.57  
 387 D	 38.61  
 388 T	 35.00  
 389 D	 39.95  
 390 D	 42.64  
 391 F	 11.94  
 392 L	 6.57  
 393 G	 37.17  
 394 N	 23.15  
 395 C	 4.37  
 396 K	 64.07  
 397 L	 10.71  
 398 D	 36.90  
 399 E	 63.79  
 400 D	 55.01  
 401 T	 27.11  
 402 Y	 26.31  
 403 E	 55.21  
 404 D	 40.64  
 405 F	 5.17  
 406 Q	 52.19  
 407 K	 41.36  
 408 V	 2.83  
 409 T	 24.92  
 410 A	 25.42  
 411 A	 10.77  
 412 P	 30.08  
 413 K	 61.25  
 414 R	 40.25  
 415 S	 42.26  
 416 S	 26.86  
 417 Q	 55.51  
 418 N	 42.19  
 419 Y	 6.39  
 420 P	 32.25  
 421 L	 3.40  
 422 L	 3.82  
 423 R	 41.04  
 424 T	 28.29  
 425 I	 3.38  
 426 N	 32.03  
 427 E	 41.48  
 428 A	 8.20  
 429 T	 13.41  
 430 M	 2.66  
 431 L	 3.50  
 432 A	 8.90  
 433 V	 5.31  
 434 D	 39.32  
 435 E	 31.84  
 436 L	 5.15  
 437 A	 16.87  
 438 V	 9.61  
 439 P	 41.78  
 440 E	 50.39  
 441 P	 44.96  
 442 Q	 53.01  
 443 P	 59.08  
 444 D	 67.81  
 445 D	 65.61  
 446 S	 50.10  
 447 E	 66.91  
 448 N	 57.35  
 449 E	 54.57  
 450 I	 4.62  
 451 P	 21.43  
 452 H	 48.58  
 453 G	 18.52  
 454 S	 16.15  
 455 I	 5.67  
 456 A	 16.56  
 457 D	 61.49  
 458 R	 25.71  
 459 K	 52.26  
 460 N	 44.49  
 461 A	 20.26  
 462 G	 27.81  
 463 A	 7.64  
 464 S	 20.85  
 465 M	 2.05  
 466 V	 3.86  
 467 S	 14.21  
 468 L	 4.46  
 469 G	 16.93  
 470 L	 6.38  
 471 G	 16.97  
 472 V	 3.60  
 473 T	 18.46  
 474 A	 7.08  
 475 V	 1.80  
 476 F	 2.37  
 477 M	 2.90  
 478 L	 2.18  
 479 L	 1.16  
 480 H	 20.81  
 481 R	 31.52  
 482 L	 3.42  
 483 A	 17.00  
 484 Q	 59.44  
