 1 M	 9.66  
 2 G	 39.56  
 3 G	 19.44  
 4 L	 2.58  
 5 A	 14.92  
 6 S	 48.64  
 7 G	 30.61  
 8 G	 33.04  
 9 D	 45.17  
 10 V	 12.37  
 11 E	 38.09  
 12 P	 49.85  
 13 G	 29.16  
 14 L	 6.68  
 15 P	 26.58  
 16 V	 14.80  
 17 E	 25.26  
 18 V	 9.52  
 19 R	 29.35  
 20 G	 30.55  
 21 S	 22.86  
 22 N	 48.95  
 23 G	 20.82  
 24 A	 14.62  
 25 F	 7.40  
 26 Y	 15.07  
 27 K	 39.14  
 28 G	 22.62  
 29 F	 5.59  
 30 V	 7.63  
 31 K	 52.34  
 32 D	 41.52  
 33 V	 4.39  
 34 H	 43.19  
 35 E	 52.40  
 36 D	 33.26  
 37 S	 20.41  
 38 V	 8.02  
 39 T	 18.93  
 40 I	 3.31  
 41 F	 4.60  
 42 F	 9.68  
 43 E	 38.62  
 44 N	 50.30  
 45 N	 30.85  
 46 W	 18.04  
 47 Q	 37.22  
 48 S	 26.76  
 49 E	 33.24  
 50 R	 45.00  
 51 Q	 43.59  
 52 I	 3.70  
 53 P	 20.87  
 54 F	 16.24  
 55 G	 27.44  
 56 D	 23.81  
 57 V	 7.48  
 58 R	 46.33  
 59 L	 8.20  
 60 P	 23.43  
 61 P	 41.10  
 62 P	 35.50  
 63 A	 37.38  
 64 D	 54.00  
 65 Y	 30.18  
 66 N	 35.71  
 67 K	 44.24  
 68 E	 52.05  
 69 I	 4.54  
 70 T	 34.70  
 71 E	 71.02  
 72 G	 27.94  
 73 D	 51.00  
 74 E	 51.97  
 75 V	 7.79  
 76 E	 33.42  
 77 V	 6.76  
 78 Y	 4.48  
 79 S	 30.05  
 80 R	 24.60  
 81 A	 20.26  
 82 N	 50.83  
 83 E	 56.17  
 84 Q	 60.79  
 85 E	 36.06  
 86 P	 22.93  
 87 C	 6.96  
 88 G	 28.93  
 89 W	 4.81  
 90 C	 0.98  
 91 L	 2.48  
 92 A	 12.56  
 93 R	 12.02  
 94 V	 3.70  
 95 R	 17.58  
 96 M	 2.73  
 97 M	 2.84  
 98 K	 46.08  
 99 G	 16.62  
 100 D	 26.62  
 101 F	 7.76  
 102 Y	 12.78  
 103 V	 2.43  
 104 I	 1.97  
 105 E	 21.05  
 106 Y	 6.59  
 107 A	 6.71  
 108 A	 7.27  
 109 C	 2.52  
 110 D	 36.90  
 111 A	 16.33  
 112 T	 17.39  
 113 Y	 16.72  
 114 N	 28.32  
 115 E	 28.55  
 116 I	 2.27  
 117 V	 3.99  
 118 T	 28.67  
 119 L	 2.21  
 120 E	 40.06  
 121 R	 38.83  
 122 L	 5.46  
 123 R	 39.06  
 124 P	 33.94  
 125 V	 9.79  
 126 N	 38.57  
 127 S	 22.87  
 128 S	 24.94  
 129 S	 23.11  
 130 L	 8.29  
 131 A	 14.82  
 132 T	 41.03  
 133 K	 47.12  
 134 G	 25.90  
 135 S	 29.12  
 136 F	 10.54  
 137 F	 7.15  
 138 K	 34.48  
 139 V	 3.60  
 140 T	 10.45  
 141 M	 3.86  
 142 A	 12.35  
 143 V	 3.56  
 144 P	 21.61  
 145 E	 64.18  
 146 D	 44.98  
 147 L	 5.20  
 148 R	 41.61  
 149 E	 62.41  
 150 A	 8.80  
 151 C	 3.73  
 152 S	 54.98  
 153 N	 44.75  
 154 E	 44.32  
 155 N	 45.50  
 156 V	 5.79  
 157 H	 35.19  
 158 K	 61.64  
 159 E	 48.06  
 160 F	 13.51  
 161 K	 37.92  
 162 K	 54.91  
 163 A	 16.30  
 164 L	 10.26  
 165 G	 21.43  
 166 A	 14.47  
 167 N	 20.02  
 168 C	 2.00  
 169 I	 4.40  
 170 F	 4.69  
 171 L	 1.99  
 172 N	 28.43  
 173 I	 4.14  
 174 T	 31.45  
 175 N	 29.68  
 176 S	 27.33  
 177 E	 50.17  
 178 L	 3.04  
 179 F	 4.66  
 180 I	 4.67  
 181 L	 2.66  
 182 S	 28.59  
 183 T	 25.80  
 184 T	 27.12  
 185 E	 51.57  
 186 A	 16.46  
 187 P	 26.40  
 188 V	 9.38  
 189 K	 40.98  
 190 R	 29.64  
 191 A	 9.98  
 192 S	 28.32  
 193 L	 6.38  
 194 L	 5.18  
 195 G	 35.17  
 196 D	 27.61  
 197 M	 2.82  
 198 H	 21.51  
 199 F	 4.56  
 200 R	 21.80  
 201 S	 22.66  
 202 L	 7.60  
 203 R	 30.94  
 204 T	 31.19  
 205 K	 30.61  
 206 L	 4.37  
 207 L	 3.93  
 208 L	 4.19  
 209 M	 3.40  
 210 S	 31.74  
 211 R	 40.38  
 212 N	 44.12  
 213 E	 48.15  
 214 E	 66.25  
 215 A	 18.77  
 216 T	 23.44  
 217 K	 53.92  
 218 H	 25.25  
 219 L	 9.05  
 220 E	 51.24  
 221 T	 47.81  
 222 S	 14.72  
 223 K	 57.67  
 224 Q	 35.78  
 225 L	 3.93  
 226 A	 8.34  
 227 A	 19.87  
 228 A	 10.88  
 229 F	 8.89  
 230 Q	 44.58  
 231 E	 48.93  
 232 E	 35.52  
 233 F	 8.23  
 234 T	 23.18  
 235 V	 8.39  
 236 R	 28.75  
 237 E	 51.68  
 238 D	 31.24  
 239 L	 2.22  
 240 M	 6.81  
 241 G	 21.18  
 242 L	 1.63  
 243 A	 7.76  
 244 I	 8.65  
 245 G	 13.17  
 246 T	 15.83  
 247 H	 28.31  
 248 G	 21.84  
 249 A	 11.44  
 250 N	 36.87  
 251 I	 2.96  
 252 Q	 30.59  
 253 Q	 39.06  
 254 A	 9.26  
 255 R	 35.85  
 256 K	 56.66  
 257 V	 4.09  
 258 P	 34.27  
 259 G	 32.18  
 260 V	 2.40  
 261 T	 28.03  
 262 A	 7.28  
 263 I	 3.07  
 264 E	 48.54  
 265 L	 9.52  
 266 G	 20.22  
 267 E	 63.86  
 268 E	 47.59  
 269 T	 16.73  
 270 C	 3.71  
 271 T	 24.30  
 272 F	 4.94  
 273 R	 11.76  
 274 I	 4.53  
 275 Y	 12.49  
 276 G	 29.90  
 277 E	 44.19  
 278 T	 23.28  
 279 P	 23.92  
 280 E	 68.75  
 281 A	 8.59  
 282 C	 2.94  
 283 R	 40.00  
 284 Q	 40.80  
 285 A	 5.30  
 286 R	 19.93  
 287 S	 36.77  
 288 Y	 12.51  
 289 L	 5.89  
 290 E	 38.60  
 291 F	 10.01  
 292 S	 30.99  
 293 E	 60.67  
 294 D	 53.57  
 295 S	 15.48  
 296 V	 11.70  
 297 Q	 43.37  
 298 V	 3.83  
 299 P	 13.64  
 300 R	 51.55  
 301 D	 39.37  
 302 L	 6.05  
 303 V	 9.04  
 304 G	 26.47  
 305 K	 29.19  
 306 V	 7.59  
 307 T	 36.12  
 308 G	 28.63  
 309 K	 44.75  
 310 T	 43.51  
 311 G	 26.22  
 312 K	 41.20  
 313 V	 4.12  
 314 I	 3.37  
 315 Q	 38.25  
 316 G	 15.68  
 317 I	 1.76  
 318 V	 10.96  
 319 D	 37.17  
 320 K	 37.91  
 321 S	 32.15  
 322 G	 27.90  
 323 V	 2.99  
 324 V	 5.52  
 325 R	 14.23  
 326 V	 5.63  
 327 R	 15.37  
 328 V	 9.86  
 329 E	 50.71  
 330 G	 35.84  
 331 D	 46.80  
 332 N	 74.07  
 333 D	 68.96  
 334 K	 61.78  
 335 K	 79.80  
 336 N	 59.63  
 337 P	 44.98  
 338 K	 77.66  
 339 E	 63.34  
 340 G	 35.31  
 341 G	 18.27  
 342 M	 5.21  
 343 V	 3.86  
 344 P	 14.02  
 345 F	 4.63  
 346 I	 1.93  
 347 F	 4.19  
 348 V	 7.00  
 349 G	 14.33  
 350 T	 29.52  
 351 R	 29.09  
 352 E	 59.77  
 353 N	 39.43  
 354 I	 2.62  
 355 S	 37.38  
 356 N	 32.07  
 357 A	 6.82  
 358 Q	 36.47  
 359 A	 16.23  
 360 L	 2.19  
 361 L	 7.42  
 362 E	 31.58  
 363 Y	 14.18  
 364 H	 10.02  
 365 L	 3.35  
 366 S	 15.52  
 367 Y	 20.82  
 368 L	 2.92  
 369 Q	 44.44  
 370 E	 39.46  
 371 V	 4.37  
 372 E	 41.18  
 373 T	 23.50  
 374 L	 3.58  
 375 R	 41.75  
 376 L	 5.16  
 377 E	 44.93  
 378 R	 36.16  
 379 L	 3.70  
 380 Q	 47.51  
 381 I	 8.13  
 382 D	 25.32  
 383 E	 53.82  
 384 Q	 37.89  
 385 L	 4.02  
 386 R	 26.26  
 387 Q	 47.24  
 388 I	 3.10  
 389 G	 16.00  
 390 A	 18.64  
 391 G	 17.55  
 392 F	 11.98  
 393 R	 35.27  
 394 P	 35.03  
 395 P	 45.38  
 396 G	 45.47  
 397 S	 30.96  
 398 G	 37.86  
 399 R	 48.25  
 400 G	 37.84  
 401 G	 23.04  
 402 S	 36.77  
 403 G	 47.99  
 404 G	 33.84  
 405 G	 35.88  
 406 S	 38.93  
 407 D	 48.36  
 408 K	 45.46  
 409 A	 22.63  
 410 G	 26.51  
 411 Y	 16.01  
 412 T	 27.18  
 413 T	 29.32  
 414 D	 46.08  
 415 E	 50.88  
 416 S	 38.03  
 417 S	 31.99  
 418 S	 32.97  
 419 S	 38.58  
 420 S	 26.56  
 421 L	 4.49  
 422 H	 27.43  
 423 T	 24.22  
 424 T	 15.40  
 425 R	 27.40  
 426 T	 25.15  
 427 Y	 19.05  
 428 G	 20.25  
 429 G	 13.79  
 430 S	 19.08  
 431 Y	 27.20  
 432 G	 22.48  
 433 G	 22.19  
 434 R	 27.54  
 435 G	 39.40  
 436 R	 33.80  
 437 G	 26.67  
 438 R	 31.46  
 439 R	 40.31  
 440 T	 45.16  
 441 G	 37.97  
 442 G	 11.76  
 443 P	 24.53  
 444 A	 25.78  
 445 Y	 32.47  
 446 G	 20.09  
 447 P	 20.27  
 448 S	 42.90  
 449 S	 57.59  
 450 D	 45.57  
 451 P	 35.21  
 452 S	 41.41  
 453 T	 39.32  
 454 A	 15.09  
 455 S	 45.18  
 456 E	 54.88  
 457 T	 42.17  
 458 E	 53.50  
 459 S	 56.70  
 460 E	 50.31  
 461 K	 74.51  
 462 R	 49.19  
 463 E	 76.48  
 464 E	 58.30  
 465 S	 27.19  
 466 N	 40.89  
 467 R	 50.64  
 468 A	 32.55  
 469 G	 24.40  
 470 P	 40.29  
 471 G	 41.49  
 472 D	 55.75  
 473 R	 65.34  
 474 D	 65.29  
 475 P	 29.65  
 476 P	 40.73  
 477 S	 59.30  
 478 R	 63.42  
 479 G	 47.57  
 480 E	 52.25  
 481 E	 52.98  
 482 S	 27.13  
 483 R	 39.13  
 484 R	 37.03  
 485 R	 36.75  
 486 R	 42.03  
 487 L	 10.34  
 488 G	 27.40  
 489 P	 46.01  
 490 G	 45.84  
 491 K	 71.96  
 492 G	 45.95  
 493 P	 33.24  
 494 P	 51.71  
 495 P	 52.45  
 496 V	 8.50  
 497 P	 42.16  
 498 R	 47.57  
 499 P	 28.76  
 500 T	 27.41  
 501 S	 35.14  
 502 R	 36.81  
 503 Y	 21.11  
 504 N	 34.01  
 505 S	 19.27  
 506 S	 28.22  
 507 S	 26.72  
 508 I	 3.72  
 509 S	 19.15  
 510 S	 29.78  
 511 V	 6.51  
 512 L	 5.86  
 513 K	 66.13  
 514 D	 48.34  
 515 P	 45.39  
 516 D	 71.79  
 517 S	 45.13  
 518 N	 47.08  
 519 P	 24.84  
 520 Y	 19.05  
 521 S	 24.58  
 522 L	 4.07  
 523 L	 5.77  
 524 D	 54.18  
 525 T	 34.65  
 526 S	 51.31  
 527 E	 56.63  
 528 P	 60.19  
 529 E	 59.18  
 530 P	 44.95  
 531 P	 40.67  
 532 V	 21.65  
 533 D	 53.72  
 534 S	 46.02  
 535 E	 53.51  
 536 P	 57.30  
 537 G	 56.86  
 538 E	 66.41  
 539 P	 46.20  
 540 P	 32.55  
 541 P	 49.95  
 542 A	 22.92  
 543 S	 28.25  
 544 A	 15.88  
 545 R	 30.09  
 546 R	 37.77  
 547 R	 35.06  
 548 R	 32.48  
 549 S	 28.47  
 550 R	 34.02  
 551 R	 33.41  
 552 R	 44.75  
 553 R	 44.72  
 554 T	 41.76  
 555 D	 54.72  
 556 E	 49.10  
 557 D	 55.12  
 558 R	 27.46  
 559 T	 32.29  
 560 V	 3.24  
 561 M	 3.78  
 562 D	 34.57  
 563 G	 17.61  
 564 A	 12.14  
 565 L	 8.72  
 566 E	 46.37  
 567 S	 49.03  
 568 D	 68.16  
 569 G	 25.43  
 570 P	 32.20  
 571 N	 56.38  
 572 M	 5.83  
 573 T	 32.70  
 574 E	 38.23  
 575 N	 51.70  
 576 G	 24.98  
 577 L	 12.98  
 578 E	 62.22  
 579 D	 65.30  
 580 E	 38.99  
 581 S	 62.68  
 582 R	 29.35  
 583 P	 41.11  
 584 Q	 56.72  
 585 R	 40.29  
 586 R	 37.35  
 587 N	 48.76  
 588 R	 29.72  
 589 S	 33.42  
 590 R	 32.65  
 591 R	 43.06  
 592 R	 38.83  
 593 R	 35.07  
 594 N	 55.17  
 595 R	 41.79  
 596 G	 31.36  
 597 N	 40.20  
 598 R	 36.70  
 599 T	 49.03  
 600 D	 45.68  
 601 G	 26.68  
 602 S	 19.18  
 603 I	 6.98  
 604 S	 36.02  
 605 G	 32.24  
 606 D	 38.97  
 607 R	 46.35  
 608 Q	 41.37  
 609 P	 25.33  
 610 V	 5.21  
 611 T	 19.36  
 612 V	 3.77  
 613 A	 8.43  
 614 D	 36.64  
 615 Y	 7.34  
 616 I	 2.01  
 617 S	 21.14  
 618 R	 32.58  
 619 A	 17.63  
 620 E	 48.47  
 621 S	 32.25  
 622 Q	 33.85  
 623 S	 39.39  
 624 R	 28.96  
 625 Q	 57.50  
 626 R	 27.57  
 627 P	 30.72  
 628 L	 8.69  
 629 G	 36.83  
 630 R	 43.53  
 631 T	 50.91  
 632 E	 45.53  
 633 P	 42.26  
 634 S	 48.05  
 635 E	 63.43  
 636 D	 60.25  
 637 S	 22.00  
 638 L	 11.74  
 639 S	 43.03  
 640 G	 38.21  
 641 Q	 43.09  
 642 K	 69.11  
 643 G	 25.25  
 644 D	 53.56  
 645 S	 36.64  
 646 V	 7.52  
 647 S	 32.21  
 648 K	 67.65  
 649 L	 4.06  
 650 P	 43.21  
 651 K	 87.18  
 652 G	 29.09  
 653 P	 44.59  
 654 S	 52.98  
 655 E	 72.83  
 656 N	 54.28  
 657 G	 32.92  
 658 E	 51.65  
 659 L	 5.84  
 660 S	 24.44  
 661 A	 25.89  
 662 P	 24.00  
 663 L	 9.43  
 664 E	 50.45  
 665 L	 8.12  
 666 G	 15.01  
 667 S	 41.59  
 668 L	 3.09  
 669 V	 6.66  
 670 N	 50.90  
 671 G	 17.36  
 672 V	 5.31  
 673 S	 35.58  
