 1 M	 14.02  
 2 G	 41.42  
 3 D	 38.92  
 4 S	 23.20  
 5 R	 45.73  
 6 D	 57.48  
 7 L	 4.81  
 8 C	 2.03  
 9 P	 38.07  
 10 H	 41.07  
 11 L	 3.14  
 12 D	 34.86  
 13 S	 38.56  
 14 I	 5.64  
 15 G	 27.55  
 16 E	 45.39  
 17 V	 8.59  
 18 T	 25.14  
 19 K	 55.17  
 20 E	 44.52  
 21 D	 44.14  
 22 L	 6.73  
 23 L	 9.77  
 24 L	 8.38  
 25 K	 50.52  
 26 S	 35.97  
 27 K	 57.56  
 28 G	 38.52  
 29 T	 15.88  
 30 C	 3.70  
 31 Q	 41.41  
 32 S	 18.26  
 33 C	 1.78  
 34 G	 25.85  
 35 V	 7.02  
 36 T	 32.00  
 37 G	 13.49  
 38 P	 24.31  
 39 N	 49.94  
 40 L	 3.27  
 41 W	 7.50  
 42 A	 6.31  
 43 C	 1.52  
 44 L	 3.38  
 45 Q	 22.20  
 46 V	 3.70  
 47 A	 3.90  
 48 C	 2.34  
 49 P	 19.67  
 50 Y	 14.90  
 51 V	 2.86  
 52 G	 14.10  
 53 C	 3.79  
 54 G	 27.88  
 55 E	 46.92  
 56 S	 15.83  
 57 F	 8.90  
 58 A	 23.92  
 59 D	 33.97  
 60 H	 24.34  
 61 S	 29.60  
 62 T	 17.23  
 63 I	 2.58  
 64 H	 16.33  
 65 A	 13.74  
 66 Q	 39.28  
 67 A	 24.53  
 68 K	 42.35  
 69 K	 40.52  
 70 H	 33.55  
 71 N	 46.41  
 72 L	 5.90  
 73 T	 16.80  
 74 V	 6.60  
 75 N	 26.83  
 76 L	 4.08  
 77 T	 20.77  
 78 T	 15.21  
 79 F	 5.21  
 80 R	 25.78  
 81 L	 3.02  
 82 W	 2.94  
 83 C	 1.50  
 84 Y	 11.60  
 85 A	 7.58  
 86 C	 2.87  
 87 E	 44.04  
 88 K	 60.09  
 89 E	 19.06  
 90 V	 11.13  
 91 F	 6.97  
 92 L	 7.09  
 93 E	 23.38  
 94 Q	 48.08  
 95 R	 19.54  
 96 L	 4.81  
 97 A	 14.82  
 98 A	 10.40  
 99 P	 23.63  
 100 L	 7.89  
 101 L	 6.43  
 102 G	 32.91  
 103 S	 31.26  
 104 S	 35.43  
 105 S	 39.14  
 106 K	 55.65  
 107 F	 11.97  
 108 S	 37.78  
 109 E	 62.63  
 110 Q	 56.11  
 111 D	 60.09  
 112 S	 38.71  
 113 P	 53.78  
 114 P	 47.15  
 115 P	 48.96  
 116 S	 43.44  
 117 H	 37.17  
 118 P	 39.64  
 119 L	 4.68  
 120 K	 52.36  
 121 A	 21.72  
 122 V	 3.17  
 123 P	 17.43  
 124 I	 3.75  
 125 A	 5.60  
 126 V	 7.74  
 127 A	 10.50  
 128 D	 58.81  
 129 E	 55.94  
 130 G	 44.25  
 131 E	 49.65  
 132 S	 58.23  
 133 E	 54.57  
 134 S	 56.45  
 135 E	 62.50  
 136 D	 65.09  
 137 D	 60.12  
 138 D	 69.76  
 139 L	 12.07  
 140 K	 39.40  
 141 P	 42.75  
 142 R	 51.68  
 143 G	 35.80  
 144 L	 3.85  
 145 T	 37.75  
 146 G	 30.06  
 147 M	 1.88  
 148 K	 50.82  
 149 N	 44.26  
 150 L	 5.99  
 151 G	 33.14  
 152 N	 31.88  
 153 S	 12.58  
 154 C	 4.30  
 155 Y	 8.01  
 156 M	 3.01  
 157 N	 8.79  
 158 A	 7.94  
 159 A	 8.66  
 160 L	 2.58  
 161 Q	 35.21  
 162 A	 17.51  
 163 L	 2.14  
 164 S	 39.13  
 165 N	 43.07  
 166 C	 3.10  
 167 P	 31.05  
 168 P	 50.68  
 169 L	 3.38  
 170 T	 29.16  
 171 Q	 34.47  
 172 F	 6.77  
 173 F	 3.95  
 174 L	 5.86  
 175 E	 26.42  
 176 C	 5.95  
 177 G	 24.08  
 178 G	 32.43  
 179 L	 1.11  
 180 V	 7.57  
 181 R	 42.10  
 182 T	 44.70  
 183 D	 46.55  
 184 K	 61.10  
 185 K	 38.03  
 186 P	 35.88  
 187 A	 34.18  
 188 L	 5.25  
 189 C	 2.75  
 190 K	 53.71  
 191 S	 31.62  
 192 Y	 8.65  
 193 Q	 39.43  
 194 K	 42.49  
 195 L	 2.78  
 196 V	 6.21  
 197 S	 36.55  
 198 E	 41.99  
 199 V	 5.16  
 200 W	 8.11  
 201 H	 30.82  
 202 K	 34.46  
 203 K	 57.57  
 204 R	 30.15  
 205 P	 38.60  
 206 S	 34.29  
 207 Y	 14.24  
 208 V	 4.95  
 209 V	 3.04  
 210 P	 13.26  
 211 T	 30.59  
 212 S	 23.08  
 213 L	 4.88  
 214 S	 21.31  
 215 H	 47.49  
 216 G	 18.49  
 217 I	 2.33  
 218 K	 51.48  
 219 L	 4.20  
 220 V	 6.84  
 221 N	 32.52  
 222 P	 18.79  
 223 M	 2.78  
 224 F	 6.05  
 225 R	 30.84  
 226 G	 15.74  
 227 Y	 9.29  
 228 A	 11.90  
 229 Q	 32.95  
 230 Q	 47.77  
 231 D	 37.97  
 232 T	 26.17  
 233 Q	 47.97  
 234 E	 49.06  
 235 F	 3.61  
 236 L	 3.58  
 237 R	 19.49  
 238 C	 3.92  
 239 L	 3.24  
 240 M	 3.36  
 241 D	 34.63  
 242 Q	 30.65  
 243 L	 4.84  
 244 H	 22.35  
 245 E	 73.87  
 246 E	 55.16  
 247 L	 7.49  
 248 K	 64.35  
 249 E	 56.82  
 250 P	 25.05  
 251 V	 4.86  
 252 V	 5.60  
 253 A	 9.15  
 254 T	 8.49  
 255 V	 2.72  
 256 A	 12.38  
 257 L	 3.75  
 258 T	 20.19  
 259 E	 42.42  
 260 A	 18.49  
 261 R	 37.42  
 262 D	 64.94  
 263 S	 33.56  
 264 D	 57.35  
 265 S	 33.78  
 266 S	 49.90  
 267 D	 63.23  
 268 T	 48.26  
 269 D	 65.49  
 270 E	 56.98  
 271 K	 59.57  
 272 R	 51.59  
 273 E	 76.22  
 274 G	 39.40  
 275 D	 43.03  
 276 R	 62.41  
 277 S	 37.20  
 278 P	 42.50  
 279 S	 59.95  
 280 E	 66.01  
 281 D	 57.18  
 282 E	 44.42  
 283 F	 10.60  
 284 L	 4.72  
 285 S	 22.62  
 286 C	 6.82  
 287 D	 48.45  
 288 S	 35.75  
 289 S	 24.02  
 290 S	 34.97  
 291 D	 65.63  
 292 R	 47.19  
 293 G	 48.51  
 294 E	 55.81  
 295 G	 47.36  
 296 D	 41.77  
 297 G	 42.57  
 298 Q	 43.05  
 299 G	 35.41  
 300 R	 32.47  
 301 G	 52.19  
 302 G	 31.30  
 303 G	 27.27  
 304 S	 23.66  
 305 S	 36.36  
 306 Q	 44.93  
 307 A	 27.85  
 308 E	 34.87  
 309 T	 34.64  
 310 E	 32.84  
 311 L	 7.39  
 312 L	 4.32  
 313 I	 6.72  
 314 P	 33.10  
 315 D	 51.92  
 316 E	 47.90  
 317 A	 21.83  
 318 G	 19.94  
 319 R	 35.48  
 320 A	 14.56  
 321 I	 5.42  
 322 S	 41.45  
 323 E	 53.47  
 324 K	 43.78  
 325 E	 54.69  
 326 R	 48.82  
 327 M	 5.77  
 328 K	 61.68  
 329 D	 50.05  
 330 R	 36.08  
 331 K	 54.61  
 332 F	 8.49  
 333 S	 33.07  
 334 W	 16.25  
 335 G	 16.73  
 336 Q	 24.27  
 337 Q	 50.67  
 338 R	 28.17  
 339 T	 38.47  
 340 N	 45.82  
 341 S	 28.88  
 342 E	 57.61  
 343 Q	 48.02  
 344 V	 8.37  
 345 D	 47.99  
 346 E	 57.13  
 347 D	 43.54  
 348 A	 19.37  
 349 D	 51.66  
 350 V	 8.26  
 351 D	 29.33  
 352 T	 20.41  
 353 A	 4.91  
 354 M	 2.14  
 355 A	 11.47  
 356 A	 9.84  
 357 L	 5.60  
 358 D	 48.01  
 359 D	 58.16  
 360 Q	 38.48  
 361 P	 38.78  
 362 A	 21.08  
 363 E	 55.29  
 364 A	 29.32  
 365 Q	 41.78  
 366 P	 38.08  
 367 P	 44.90  
 368 S	 39.36  
 369 P	 46.04  
 370 R	 54.21  
 371 S	 38.25  
 372 S	 39.31  
 373 S	 29.30  
 374 P	 17.35  
 375 C	 9.04  
 376 R	 57.61  
 377 T	 38.43  
 378 P	 31.60  
 379 E	 65.75  
 380 P	 47.08  
 381 D	 65.07  
 382 N	 60.11  
 383 D	 42.62  
 384 A	 15.18  
 385 H	 25.33  
 386 L	 6.43  
 387 R	 25.32  
 388 S	 38.74  
 389 S	 24.75  
 390 S	 41.30  
 391 R	 37.89  
 392 P	 25.53  
 393 C	 7.54  
 394 S	 32.41  
 395 P	 35.86  
 396 V	 3.74  
 397 H	 21.70  
 398 H	 22.41  
 399 H	 28.05  
 400 E	 48.60  
 401 G	 22.99  
 402 H	 19.39  
 403 A	 25.91  
 404 K	 43.13  
 405 L	 6.61  
 406 S	 28.23  
 407 S	 58.25  
 408 S	 35.23  
 409 P	 25.09  
 410 P	 46.55  
 411 R	 51.59  
 412 A	 24.78  
 413 S	 25.80  
 414 P	 19.42  
 415 V	 6.39  
 416 R	 20.94  
 417 M	 7.00  
 418 A	 4.55  
 419 P	 19.49  
 420 S	 20.52  
 421 Y	 14.56  
 422 V	 8.08  
 423 L	 3.41  
 424 K	 35.70  
 425 K	 39.63  
 426 A	 11.79  
 427 Q	 45.63  
 428 V	 5.65  
 429 L	 1.61  
 430 S	 31.56  
 431 A	 18.80  
 432 G	 20.50  
 433 S	 23.48  
 434 R	 41.32  
 435 R	 56.57  
 436 R	 45.83  
 437 K	 57.28  
 438 E	 38.18  
 439 Q	 51.22  
 440 R	 29.89  
 441 Y	 13.61  
 442 R	 27.00  
 443 S	 18.18  
 444 V	 3.43  
 445 I	 3.02  
 446 S	 23.62  
 447 D	 34.15  
 448 I	 2.43  
 449 F	 11.90  
 450 D	 50.71  
 451 G	 13.06  
 452 S	 23.38  
 453 I	 3.56  
 454 L	 3.29  
 455 S	 25.48  
 456 L	 2.50  
 457 V	 3.20  
 458 Q	 23.07  
 459 C	 2.37  
 460 L	 2.74  
 461 T	 21.71  
 462 C	 1.71  
 463 D	 49.10  
 464 R	 26.82  
 465 V	 3.68  
 466 S	 21.18  
 467 T	 31.81  
 468 T	 14.61  
 469 V	 7.08  
 470 E	 41.64  
 471 T	 23.43  
 472 F	 3.17  
 473 Q	 59.14  
 474 D	 33.75  
 475 L	 3.83  
 476 S	 40.15  
 477 L	 6.07  
 478 P	 27.61  
 479 I	 9.48  
 480 P	 45.95  
 481 G	 46.86  
 482 K	 42.58  
 483 E	 65.26  
 484 D	 56.25  
 485 L	 4.80  
 486 A	 25.37  
 487 K	 54.77  
 488 L	 2.99  
 489 H	 17.93  
 490 S	 27.14  
 491 A	 8.18  
 492 I	 3.99  
 493 Y	 8.18  
 494 Q	 38.03  
 495 N	 25.43  
 496 V	 2.62  
 497 P	 41.96  
 498 A	 26.79  
 499 K	 37.60  
 500 P	 37.41  
 501 G	 32.56  
 502 A	 11.57  
 503 C	 8.46  
 504 G	 26.77  
 505 D	 38.06  
 506 S	 11.27  
 507 Y	 15.65  
 508 A	 9.39  
 509 A	 10.53  
 510 Q	 35.11  
 511 G	 19.35  
 512 W	 3.42  
 513 L	 3.40  
 514 A	 5.89  
 515 F	 6.35  
 516 I	 1.59  
 517 V	 3.54  
 518 E	 30.35  
 519 Y	 6.71  
 520 I	 1.29  
 521 R	 25.69  
 522 R	 21.10  
 523 F	 4.58  
 524 V	 2.69  
 525 V	 3.41  
 526 S	 13.63  
 527 C	 4.36  
 528 T	 16.92  
 529 P	 33.61  
 530 S	 19.42  
 531 W	 8.33  
 532 F	 6.75  
 533 W	 12.15  
 534 G	 8.82  
 535 P	 14.17  
 536 V	 4.53  
 537 V	 5.94  
 538 T	 25.35  
 539 L	 3.36  
 540 E	 36.99  
 541 D	 35.52  
 542 C	 1.71  
 543 L	 6.27  
 544 A	 14.46  
 545 A	 6.27  
 546 F	 3.40  
 547 F	 4.74  
 548 A	 13.93  
 549 A	 12.97  
 550 D	 59.33  
 551 E	 47.88  
 552 L	 8.49  
 553 K	 63.27  
 554 G	 44.12  
 555 D	 34.83  
 556 N	 39.70  
 557 M	 2.87  
 558 Y	 19.20  
 559 S	 9.95  
 560 C	 1.79  
 561 E	 55.99  
 562 R	 41.71  
 563 C	 1.81  
 564 K	 62.15  
 565 K	 57.20  
 566 L	 2.92  
 567 R	 46.89  
 568 N	 70.78  
 569 G	 15.74  
 570 V	 4.57  
 571 K	 46.45  
 572 Y	 8.63  
 573 C	 1.72  
 574 K	 41.01  
 575 V	 3.16  
 576 L	 2.59  
 577 R	 51.70  
 578 L	 3.79  
 579 P	 21.83  
 580 E	 53.86  
 581 I	 3.43  
 582 L	 1.82  
 583 C	 1.95  
 584 I	 3.70  
 585 H	 25.05  
 586 L	 1.84  
 587 K	 35.02  
 588 R	 39.94  
 589 F	 10.00  
 590 R	 29.14  
 591 H	 29.32  
 592 E	 25.40  
 593 V	 3.40  
 594 M	 1.80  
 595 Y	 19.01  
 596 S	 11.28  
 597 F	 5.19  
 598 K	 34.73  
 599 I	 6.35  
 600 N	 27.01  
 601 S	 28.83  
 602 H	 18.11  
 603 V	 6.74  
 604 S	 18.74  
 605 F	 8.55  
 606 P	 23.23  
 607 L	 8.42  
 608 E	 58.93  
 609 G	 31.97  
 610 L	 4.01  
 611 D	 52.03  
 612 L	 10.09  
 613 R	 21.42  
 614 P	 35.58  
 615 F	 9.29  
 616 L	 8.04  
 617 A	 13.14  
 618 K	 56.31  
 619 E	 37.10  
 620 C	 4.35  
 621 T	 25.43  
 622 S	 31.10  
 623 Q	 20.92  
 624 I	 2.88  
 625 T	 16.21  
 626 T	 19.37  
 627 Y	 8.92  
 628 D	 38.76  
 629 L	 2.43  
 630 L	 3.34  
 631 S	 19.41  
 632 V	 5.66  
 633 I	 1.34  
 634 C	 1.49  
 635 H	 15.99  
 636 H	 30.78  
 637 G	 8.13  
 638 T	 24.40  
 639 A	 18.10  
 640 G	 33.72  
 641 S	 21.67  
 642 G	 19.39  
 643 H	 16.72  
 644 Y	 7.26  
 645 I	 1.50  
 646 A	 7.59  
 647 Y	 5.75  
 648 C	 1.43  
 649 Q	 34.25  
 650 N	 32.83  
 651 V	 1.16  
 652 I	 6.68  
 653 N	 32.11  
 654 G	 14.31  
 655 Q	 34.78  
 656 W	 8.95  
 657 Y	 9.99  
 658 E	 39.37  
 659 F	 8.02  
 660 D	 30.11  
 661 D	 47.21  
 662 Q	 36.12  
 663 Y	 19.14  
 664 V	 2.82  
 665 T	 27.62  
 666 E	 31.65  
 667 V	 3.45  
 668 H	 20.83  
 669 E	 48.77  
 670 T	 15.88  
 671 V	 3.67  
 672 V	 4.79  
 673 Q	 38.79  
 674 N	 28.48  
 675 A	 8.42  
 676 E	 59.62  
 677 G	 18.55  
 678 Y	 5.86  
 679 V	 4.36  
 680 L	 2.05  
 681 F	 3.85  
 682 Y	 16.99  
 683 R	 25.66  
 684 K	 47.13  
 685 S	 33.70  
 686 S	 42.35  
 687 E	 57.79  
 688 E	 50.11  
 689 A	 9.78  
 690 M	 5.31  
 691 R	 42.89  
 692 E	 41.58  
 693 R	 23.13  
 694 Q	 35.35  
 695 Q	 43.74  
 696 V	 2.09  
 697 V	 3.18  
 698 S	 17.27  
 699 L	 2.08  
 700 A	 7.54  
 701 A	 11.67  
 702 M	 4.08  
 703 R	 48.20  
 704 E	 26.59  
 705 P	 21.66  
 706 S	 34.97  
 707 L	 6.10  
 708 L	 4.11  
 709 R	 26.58  
 710 F	 7.72  
 711 Y	 7.35  
 712 V	 3.90  
 713 S	 17.07  
 714 R	 29.12  
 715 E	 49.13  
 716 W	 12.25  
 717 L	 4.24  
 718 N	 48.20  
 719 K	 37.51  
 720 F	 11.51  
 721 N	 35.58  
 722 T	 27.62  
 723 F	 8.33  
 724 A	 21.75  
 725 E	 46.74  
 726 P	 50.89  
 727 G	 20.11  
 728 P	 40.73  
 729 I	 7.57  
 730 T	 25.14  
 731 N	 39.35  
 732 Q	 25.61  
 733 T	 22.20  
 734 F	 4.70  
 735 L	 3.13  
 736 C	 2.17  
 737 S	 27.58  
 738 H	 37.19  
 739 G	 21.30  
 740 G	 24.65  
 741 I	 5.93  
 742 P	 28.37  
 743 P	 34.38  
 744 H	 37.64  
 745 K	 39.22  
 746 Y	 9.23  
 747 H	 20.20  
 748 Y	 11.71  
 749 I	 1.80  
 750 D	 35.70  
 751 D	 31.63  
 752 L	 2.69  
 753 V	 3.02  
 754 V	 4.90  
 755 I	 3.46  
 756 L	 2.11  
 757 P	 16.75  
 758 Q	 54.38  
 759 N	 38.64  
 760 V	 5.52  
 761 W	 8.54  
 762 E	 21.52  
 763 H	 20.22  
 764 L	 2.48  
 765 Y	 13.24  
 766 N	 38.88  
 767 R	 20.31  
 768 F	 10.70  
 769 G	 36.59  
 770 G	 35.88  
 771 G	 13.84  
 772 P	 35.99  
 773 A	 20.30  
 774 V	 5.37  
 775 N	 22.89  
 776 H	 16.37  
 777 L	 2.64  
 778 Y	 7.58  
 779 V	 2.31  
 780 C	 1.11  
 781 S	 19.16  
 782 I	 1.29  
 783 C	 1.81  
 784 Q	 33.92  
 785 V	 7.49  
 786 E	 14.83  
 787 I	 3.84  
 788 E	 24.91  
 789 A	 20.62  
 790 L	 3.61  
 791 A	 15.45  
 792 K	 47.49  
 793 R	 27.74  
 794 R	 43.13  
 795 R	 34.62  
 796 I	 5.30  
 797 E	 32.76  
 798 I	 5.86  
 799 D	 23.83  
 800 T	 32.68  
 801 F	 4.04  
 802 I	 5.57  
 803 K	 41.64  
 804 L	 7.31  
 805 N	 28.71  
 806 K	 62.10  
 807 A	 10.74  
 808 F	 8.26  
 809 Q	 53.36  
 810 A	 18.97  
 811 E	 48.50  
 812 E	 66.31  
 813 S	 20.61  
 814 P	 44.33  
 815 G	 27.95  
 816 V	 2.98  
 817 I	 2.62  
 818 Y	 4.94  
 819 C	 0.96  
 820 I	 1.84  
 821 S	 11.02  
 822 M	 1.75  
 823 Q	 29.39  
 824 W	 5.89  
 825 F	 2.60  
 826 R	 45.20  
 827 E	 39.95  
 828 W	 9.65  
 829 E	 27.72  
 830 A	 18.66  
 831 F	 3.85  
 832 V	 11.72  
 833 K	 54.51  
 834 G	 36.93  
 835 K	 52.22  
 836 D	 73.69  
 837 N	 68.13  
 838 E	 64.11  
 839 P	 45.46  
 840 P	 55.82  
 841 G	 42.38  
 842 P	 36.21  
 843 I	 10.97  
 844 D	 50.62  
 845 N	 33.63  
 846 S	 22.70  
 847 R	 34.22  
 848 I	 2.93  
 849 A	 13.65  
 850 Q	 34.77  
 851 V	 5.84  
 852 K	 34.97  
 853 G	 39.75  
 854 S	 21.73  
 855 G	 33.38  
 856 H	 13.07  
 857 V	 8.99  
 858 Q	 36.95  
 859 L	 4.32  
 860 K	 29.60  
 861 Q	 61.98  
 862 G	 20.87  
 863 A	 12.35  
 864 D	 55.72  
 865 Y	 15.47  
 866 G	 20.92  
 867 Q	 29.79  
 868 I	 4.93  
 869 S	 22.84  
 870 E	 62.16  
 871 E	 42.74  
 872 T	 21.03  
 873 W	 6.07  
 874 T	 26.08  
 875 Y	 8.75  
 876 L	 2.48  
 877 N	 21.39  
 878 S	 22.00  
 879 L	 4.48  
 880 Y	 17.34  
 881 G	 39.62  
 882 G	 34.62  
 883 G	 16.59  
 884 P	 32.85  
 885 E	 48.61  
 886 I	 4.32  
 887 A	 6.83  
 888 I	 5.17  
 889 R	 17.44  
 890 Q	 35.82  
 891 S	 15.01  
 892 V	 4.31  
 893 A	 15.55  
 894 Q	 31.43  
 895 P	 29.55  
 896 L	 13.70  
 897 G	 33.87  
 898 P	 34.68  
 899 E	 71.30  
 900 N	 40.23  
 901 L	 5.38  
 902 H	 49.69  
 903 G	 42.04  
 904 E	 37.64  
 905 Q	 57.53  
 906 K	 37.91  
 907 I	 6.40  
 908 E	 47.70  
 909 A	 27.25  
 910 E	 26.49  
 911 T	 30.86  
 912 R	 25.51  
 913 A	 20.84  
 914 V	 7.90  
