 1 M	 12.54  
 2 D	 46.59  
 3 V	 3.50  
 4 H	 23.07  
 5 D	 47.56  
 6 L	 1.86  
 7 F	 5.49  
 8 R	 39.96  
 9 R	 30.09  
 10 L	 4.87  
 11 G	 21.83  
 12 A	 21.25  
 13 G	 27.74  
 14 A	 14.60  
 15 K	 42.74  
 16 F	 13.22  
 17 D	 38.30  
 18 T	 27.20  
 19 R	 39.22  
 20 R	 31.78  
 21 F	 6.77  
 22 S	 24.35  
 23 A	 14.03  
 24 D	 39.29  
 25 A	 10.56  
 26 A	 17.23  
 27 R	 26.23  
 28 F	 5.49  
 29 Q	 37.66  
 30 I	 6.89  
 31 G	 16.97  
 32 K	 47.55  
 33 R	 37.24  
 34 K	 53.29  
 35 Y	 26.35  
 36 D	 43.86  
 37 F	 9.96  
 38 D	 48.64  
 39 S	 28.52  
 40 S	 33.30  
 41 E	 51.72  
 42 V	 5.37  
 43 L	 2.68  
 44 Q	 56.42  
 45 G	 24.05  
 46 L	 3.15  
 47 D	 43.59  
 48 F	 11.54  
 49 F	 12.00  
 50 G	 45.07  
 51 N	 43.34  
 52 K	 46.97  
 53 K	 61.76  
 54 S	 34.84  
 55 V	 7.03  
 56 P	 36.27  
 57 G	 25.78  
 58 V	 1.92  
 59 C	 4.70  
 60 G	 26.34  
 61 A	 8.04  
 62 S	 22.39  
 63 Q	 42.33  
 64 T	 24.63  
 65 H	 26.48  
 66 Q	 63.61  
 67 K	 40.75  
 68 P	 26.71  
 69 Q	 77.06  
 70 N	 69.94  
 71 G	 42.74  
 72 E	 69.38  
 73 K	 67.87  
 74 K	 63.51  
 75 E	 64.98  
 76 E	 60.99  
 77 S	 41.50  
 78 L	 6.97  
 79 T	 42.92  
 80 E	 62.59  
 81 R	 37.79  
 82 K	 54.80  
 83 R	 54.10  
 84 E	 63.34  
 85 Q	 65.66  
 86 S	 41.51  
 87 K	 63.11  
 88 K	 64.16  
 89 K	 63.96  
 90 R	 48.86  
 91 K	 52.07  
 92 T	 29.70  
 93 M	 4.32  
 94 T	 28.56  
 95 S	 19.04  
 96 E	 33.15  
 97 I	 4.47  
 98 A	 10.91  
 99 S	 43.73  
 100 Q	 43.68  
 101 E	 56.77  
 102 E	 46.63  
 103 G	 27.54  
 104 A	 12.57  
 105 T	 25.26  
 106 I	 2.75  
 107 Q	 26.01  
 108 W	 5.69  
 109 M	 0.92  
 110 S	 28.42  
 111 S	 14.10  
 112 V	 6.95  
 113 E	 46.31  
 114 A	 18.90  
 115 K	 32.87  
 116 I	 12.18  
 117 E	 64.17  
 118 D	 60.59  
 119 K	 41.89  
 120 K	 56.79  
 121 V	 8.81  
 122 Q	 52.91  
 123 R	 53.82  
 124 E	 34.82  
 125 S	 34.84  
 126 K	 51.54  
 127 L	 6.84  
 128 T	 38.89  
 129 S	 44.35  
 130 G	 33.08  
 131 K	 53.01  
 132 L	 6.35  
 133 E	 58.67  
 134 N	 56.43  
 135 L	 6.38  
 136 R	 57.58  
 137 K	 67.53  
 138 E	 53.38  
 139 K	 46.08  
 140 I	 4.64  
 141 N	 40.75  
 142 F	 8.47  
 143 L	 5.22  
 144 R	 46.11  
 145 N	 53.59  
 146 K	 39.58  
 147 H	 37.54  
 148 K	 35.80  
 149 I	 3.73  
 150 H	 15.62  
 151 V	 6.81  
 152 Q	 34.60  
 153 G	 21.80  
 154 T	 19.78  
 155 D	 64.13  
 156 L	 5.35  
 157 P	 48.41  
 158 D	 55.31  
 159 P	 19.04  
 160 I	 8.01  
 161 A	 14.03  
 162 T	 23.77  
 163 F	 3.01  
 164 Q	 38.27  
 165 Q	 42.70  
 166 L	 5.23  
 167 D	 34.62  
 168 Q	 65.59  
 169 E	 48.76  
 170 Y	 16.13  
 171 K	 34.36  
 172 I	 5.76  
 173 N	 19.54  
 174 S	 27.98  
 175 R	 34.62  
 176 L	 6.07  
 177 L	 3.39  
 178 Q	 39.24  
 179 N	 36.44  
 180 I	 2.07  
 181 L	 4.91  
 182 D	 40.63  
 183 A	 19.77  
 184 G	 17.00  
 185 F	 6.36  
 186 Q	 35.71  
 187 M	 3.59  
 188 P	 25.00  
 189 T	 27.90  
 190 P	 14.67  
 191 I	 6.15  
 192 Q	 21.09  
 193 M	 2.77  
 194 Q	 21.55  
 195 A	 11.60  
 196 I	 1.16  
 197 P	 14.42  
 198 V	 5.36  
 199 M	 1.60  
 200 L	 3.84  
 201 H	 18.37  
 202 G	 22.31  
 203 R	 22.20  
 204 E	 53.37  
 205 L	 4.69  
 206 L	 2.79  
 207 A	 19.10  
 208 S	 34.45  
 209 A	 10.48  
 210 P	 34.49  
 211 T	 43.63  
 212 G	 33.08  
 213 S	 39.33  
 214 G	 28.45  
 215 K	 41.90  
 216 T	 27.18  
 217 L	 5.30  
 218 A	 11.02  
 219 F	 8.38  
 220 S	 23.11  
 221 I	 1.67  
 222 P	 16.68  
 223 I	 4.82  
 224 L	 1.18  
 225 M	 4.55  
 226 Q	 41.90  
 227 L	 3.29  
 228 K	 37.03  
 229 Q	 51.43  
 230 P	 35.89  
 231 A	 28.07  
 232 N	 52.22  
 233 K	 62.63  
 234 G	 19.65  
 235 F	 4.39  
 236 R	 36.83  
 237 A	 10.80  
 238 L	 2.89  
 239 I	 2.60  
 240 I	 4.14  
 241 S	 17.15  
 242 P	 25.68  
 243 T	 29.95  
 244 R	 40.07  
 245 E	 51.68  
 246 L	 5.11  
 247 A	 8.47  
 248 S	 42.14  
 249 Q	 29.87  
 250 I	 2.83  
 251 H	 14.99  
 252 R	 41.88  
 253 E	 40.46  
 254 L	 4.95  
 255 I	 2.97  
 256 K	 53.45  
 257 I	 3.43  
 258 S	 25.60  
 259 E	 65.33  
 260 G	 25.09  
 261 T	 29.15  
 262 G	 22.23  
 263 F	 7.14  
 264 R	 21.17  
 265 I	 2.12  
 266 H	 12.61  
 267 M	 2.98  
 268 I	 1.54  
 269 H	 13.21  
 270 K	 27.41  
 271 A	 7.94  
 272 A	 9.04  
 273 V	 6.77  
 274 A	 14.61  
 275 A	 14.69  
 276 K	 38.61  
 277 K	 51.32  
 278 F	 23.30  
 279 G	 37.29  
 280 P	 36.17  
 281 K	 68.68  
 282 S	 50.99  
 283 S	 46.09  
 284 K	 65.63  
 285 K	 50.66  
 286 F	 8.97  
 287 D	 42.04  
 288 I	 3.62  
 289 L	 2.77  
 290 V	 5.98  
 291 T	 32.84  
 292 T	 15.87  
 293 P	 17.99  
 294 N	 49.66  
 295 R	 24.54  
 296 L	 3.71  
 297 I	 1.74  
 298 Y	 15.58  
 299 L	 3.69  
 300 L	 2.35  
 301 K	 50.49  
 302 Q	 69.30  
 303 D	 50.18  
 304 P	 26.90  
 305 P	 61.74  
 306 G	 31.28  
 307 I	 4.90  
 308 D	 41.94  
 309 L	 3.46  
 310 A	 14.05  
 311 S	 28.06  
 312 V	 5.21  
 313 E	 32.37  
 314 W	 7.72  
 315 L	 1.38  
 316 V	 5.52  
 317 V	 6.73  
 318 D	 42.05  
 319 E	 49.59  
 320 S	 35.27  
 321 D	 50.02  
 322 K	 65.44  
 323 L	 7.34  
 324 F	 11.22  
 325 E	 76.05  
 326 D	 57.46  
 327 G	 23.40  
 328 K	 58.77  
 329 T	 47.27  
 330 G	 21.05  
 331 F	 10.61  
 332 R	 31.91  
 333 D	 45.65  
 334 Q	 34.37  
 335 L	 4.77  
 336 A	 8.57  
 337 S	 23.59  
 338 I	 2.46  
 339 F	 3.07  
 340 L	 3.49  
 341 A	 5.47  
 342 C	 4.33  
 343 T	 28.40  
 344 S	 22.61  
 345 H	 17.93  
 346 K	 36.88  
 347 V	 4.13  
 348 R	 25.99  
 349 R	 33.13  
 350 A	 7.88  
 351 M	 2.30  
 352 F	 4.36  
 353 S	 17.20  
 354 A	 8.75  
 355 T	 13.96  
 356 F	 6.24  
 357 A	 8.68  
 358 Y	 19.14  
 359 D	 33.76  
 360 V	 3.71  
 361 E	 35.15  
 362 Q	 51.20  
 363 W	 2.80  
 364 C	 3.43  
 365 K	 37.13  
 366 L	 7.53  
 367 N	 30.73  
 368 L	 8.00  
 369 D	 46.40  
 370 N	 35.87  
 371 V	 3.26  
 372 I	 4.17  
 373 S	 12.91  
 374 V	 3.12  
 375 S	 14.44  
 376 I	 4.72  
 377 G	 15.81  
 378 A	 13.05  
 379 R	 32.21  
 380 N	 33.51  
 381 S	 28.30  
 382 A	 13.50  
 383 V	 6.77  
 384 E	 47.02  
 385 T	 23.81  
 386 V	 4.53  
 387 E	 45.84  
 388 Q	 42.15  
 389 E	 33.65  
 390 L	 4.49  
 391 L	 3.00  
 392 F	 10.26  
 393 V	 9.22  
 394 G	 16.66  
 395 S	 27.04  
 396 E	 56.50  
 397 T	 41.11  
 398 G	 17.98  
 399 K	 47.98  
 400 L	 3.82  
 401 L	 4.76  
 402 A	 14.57  
 403 V	 5.01  
 404 R	 26.40  
 405 E	 51.85  
 406 L	 4.85  
 407 V	 5.29  
 408 K	 60.86  
 409 K	 62.34  
 410 G	 23.11  
 411 F	 19.94  
 412 N	 48.94  
 413 P	 20.37  
 414 P	 32.93  
 415 V	 8.21  
 416 L	 2.82  
 417 V	 4.49  
 418 F	 3.46  
 419 V	 3.21  
 420 Q	 27.51  
 421 S	 22.55  
 422 I	 2.02  
 423 E	 52.40  
 424 R	 49.65  
 425 A	 9.26  
 426 K	 62.26  
 427 E	 56.54  
 428 L	 5.38  
 429 F	 4.39  
 430 H	 41.39  
 431 E	 29.54  
 432 L	 3.66  
 433 I	 2.40  
 434 Y	 22.26  
 435 E	 46.75  
 436 G	 10.37  
 437 I	 2.80  
 438 N	 34.49  
 439 V	 6.17  
 440 D	 29.21  
 441 V	 2.77  
 442 I	 1.89  
 443 H	 22.76  
 444 A	 9.24  
 445 E	 41.94  
 446 R	 38.32  
 447 T	 23.41  
 448 Q	 43.56  
 449 Q	 39.40  
 450 Q	 44.89  
 451 R	 34.51  
 452 D	 51.30  
 453 N	 46.30  
 454 T	 24.72  
 455 V	 4.45  
 456 H	 21.12  
 457 S	 16.46  
 458 F	 3.61  
 459 R	 45.50  
 460 A	 22.94  
 461 G	 20.09  
 462 K	 32.20  
 463 I	 2.77  
 464 W	 5.16  
 465 V	 2.69  
 466 L	 1.27  
 467 I	 1.10  
 468 C	 1.27  
 469 T	 17.22  
 470 A	 9.00  
 471 L	 1.75  
 472 L	 2.57  
 473 A	 14.43  
 474 R	 42.44  
 475 G	 20.43  
 476 I	 4.72  
 477 D	 41.87  
 478 F	 7.58  
 479 K	 59.19  
 480 G	 17.34  
 481 V	 5.29  
 482 N	 36.94  
 483 L	 3.67  
 484 V	 1.94  
 485 I	 4.44  
 486 N	 23.88  
 487 Y	 14.08  
 488 D	 38.26  
 489 F	 5.12  
 490 P	 28.59  
 491 T	 33.36  
 492 S	 32.40  
 493 S	 22.80  
 494 V	 6.93  
 495 E	 40.49  
 496 Y	 10.40  
 497 I	 0.81  
 498 H	 17.88  
 499 R	 24.41  
 500 I	 2.44  
 501 G	 22.51  
 502 R	 31.47  
 503 T	 26.30  
 504 G	 18.97  
 505 R	 38.41  
 506 A	 27.53  
 507 G	 34.71  
 508 N	 49.25  
 509 K	 61.95  
 510 G	 28.73  
 511 K	 37.92  
 512 A	 18.09  
 513 I	 3.83  
 514 T	 19.98  
 515 F	 6.11  
 516 F	 5.68  
 517 T	 34.02  
 518 E	 60.08  
 519 D	 67.20  
 520 D	 48.52  
 521 K	 50.30  
 522 P	 43.55  
 523 L	 8.38  
 524 L	 5.35  
 525 R	 36.45  
 526 S	 26.08  
 527 V	 3.48  
 528 A	 13.06  
 529 N	 29.30  
 530 V	 2.77  
 531 I	 2.23  
 532 Q	 23.84  
 533 Q	 28.70  
 534 A	 12.74  
 535 G	 16.36  
 536 C	 3.26  
 537 P	 43.72  
 538 V	 7.00  
 539 P	 17.51  
 540 E	 61.19  
 541 Y	 11.23  
 542 I	 3.16  
 543 K	 53.42  
 544 G	 22.21  
 545 F	 5.00  
 546 Q	 44.12  
 547 K	 49.48  
 548 L	 4.55  
 549 L	 8.50  
 550 S	 43.40  
 551 K	 67.13  
 552 Q	 60.47  
 553 K	 59.08  
 554 K	 45.11  
 555 K	 53.55  
 556 M	 8.14  
 557 I	 7.72  
 558 K	 44.85  
 559 K	 43.86  
 560 P	 34.16  
 561 L	 15.46  
 562 E	 64.03  
 563 R	 51.12  
 564 E	 42.94  
 565 S	 28.23  
 566 I	 3.48  
 567 S	 35.19  
 568 T	 45.51  
 569 T	 17.60  
 570 P	 31.35  
 571 K	 35.21  
 572 C	 5.04  
 573 F	 14.25  
 574 L	 10.40  
 575 E	 30.62  
 576 K	 63.98  
 577 A	 18.86  
 578 K	 76.23  
 579 D	 64.58  
 580 K	 64.41  
 581 Q	 62.02  
 582 K	 55.76  
 583 K	 42.40  
 584 V	 10.54  
 585 T	 41.76  
 586 G	 27.88  
 587 Q	 41.48  
 588 N	 58.08  
 589 S	 37.65  
 590 K	 65.25  
 591 K	 52.91  
 592 K	 36.15  
 593 V	 11.46  
 594 A	 17.70  
 595 L	 11.08  
 596 E	 54.37  
 597 D	 58.30  
 598 K	 49.00  
 599 S	 58.75  
