 1 M	 20.48  
 2 E	 62.51  
 3 P	 53.66  
 4 E	 60.22  
 5 E	 64.39  
 6 E	 52.31  
 7 R	 23.20  
 8 I	 5.69  
 9 R	 31.13  
 10 Y	 13.54  
 11 S	 10.04  
 12 Q	 39.22  
 13 R	 22.03  
 14 L	 4.61  
 15 R	 40.50  
 16 G	 28.58  
 17 T	 10.89  
 18 M	 3.32  
 19 R	 21.55  
 20 R	 34.41  
 21 R	 28.91  
 22 Y	 23.15  
 23 E	 48.06  
 24 D	 50.96  
 25 D	 44.37  
 26 G	 33.35  
 27 I	 5.40  
 28 S	 44.53  
 29 D	 56.49  
 30 D	 52.57  
 31 E	 48.18  
 32 I	 12.45  
 33 E	 57.52  
 34 G	 30.33  
 35 K	 35.16  
 36 R	 52.02  
 37 T	 25.61  
 38 F	 13.49  
 39 D	 53.19  
 40 L	 8.82  
 41 E	 55.73  
 42 E	 69.12  
 43 K	 35.87  
 44 L	 7.33  
 45 H	 38.16  
 46 T	 43.79  
 47 N	 33.78  
 48 K	 40.83  
 49 Y	 22.90  
 50 N	 29.98  
 51 A	 14.03  
 52 N	 28.43  
 53 F	 5.21  
 54 V	 3.96  
 55 T	 17.08  
 56 F	 3.36  
 57 M	 4.91  
 58 E	 59.92  
 59 G	 24.05  
 60 K	 45.93  
 61 D	 51.73  
 62 F	 14.55  
 63 N	 35.53  
 64 V	 6.28  
 65 E	 37.71  
 66 Y	 9.70  
 67 I	 1.10  
 68 Q	 36.74  
 69 R	 31.43  
 70 G	 24.10  
 71 G	 21.52  
 72 L	 6.63  
 73 R	 46.94  
 74 D	 47.61  
 75 P	 22.41  
 76 L	 9.35  
 77 I	 5.86  
 78 F	 8.91  
 79 K	 48.85  
 80 N	 34.29  
 81 S	 33.38  
 82 D	 66.77  
 83 G	 26.14  
 84 L	 8.44  
 85 G	 24.01  
 86 I	 4.09  
 87 K	 42.45  
 88 M	 4.26  
 89 P	 45.01  
 90 D	 52.48  
 91 P	 32.51  
 92 D	 60.26  
 93 F	 11.34  
 94 T	 26.27  
 95 V	 6.09  
 96 N	 45.35  
 97 D	 36.76  
 98 V	 3.43  
 99 K	 29.46  
 100 M	 1.94  
 101 C	 2.31  
 102 V	 7.54  
 103 G	 15.54  
 104 S	 9.05  
 105 R	 25.45  
 106 R	 31.04  
 107 M	 2.68  
 108 V	 4.81  
 109 D	 22.23  
 110 V	 2.10  
 111 M	 4.05  
 112 D	 30.29  
 113 V	 4.51  
 114 N	 32.31  
 115 T	 31.35  
 116 Q	 36.45  
 117 K	 60.87  
 118 G	 15.98  
 119 I	 4.16  
 120 E	 36.95  
 121 M	 2.68  
 122 T	 9.14  
 123 M	 2.23  
 124 A	 7.81  
 125 Q	 31.11  
 126 W	 3.54  
 127 T	 9.19  
 128 R	 29.13  
 129 Y	 9.77  
 130 Y	 15.27  
 131 E	 49.29  
 132 T	 21.63  
 133 P	 34.75  
 134 E	 78.78  
 135 E	 64.65  
 136 E	 65.56  
 137 R	 50.02  
 138 E	 51.17  
 139 K	 63.59  
 140 L	 3.01  
 141 Y	 20.60  
 142 N	 34.77  
 143 V	 1.67  
 144 I	 3.28  
 145 S	 19.98  
 146 L	 5.46  
 147 E	 38.01  
 148 F	 8.65  
 149 S	 17.99  
 150 H	 21.96  
 151 T	 35.43  
 152 R	 34.28  
 153 L	 6.15  
 154 E	 39.73  
 155 N	 40.28  
 156 M	 1.66  
 157 V	 7.05  
 158 Q	 40.58  
 159 R	 18.74  
 160 P	 19.77  
 161 S	 43.16  
 162 T	 27.12  
 163 V	 7.12  
 164 D	 34.57  
 165 F	 4.79  
 166 I	 3.36  
 167 D	 39.06  
 168 W	 8.44  
 169 V	 3.19  
 170 D	 34.70  
 171 N	 25.46  
 172 M	 4.51  
 173 W	 7.95  
 174 P	 11.75  
 175 R	 32.05  
 176 H	 36.85  
 177 L	 7.50  
 178 K	 49.55  
 179 E	 55.21  
 180 S	 40.59  
 181 Q	 50.83  
 182 T	 40.98  
 183 E	 48.18  
 184 S	 30.28  
 185 T	 23.57  
 186 N	 33.97  
 187 A	 14.08  
 188 I	 3.48  
 189 L	 4.10  
 190 E	 20.37  
 191 M	 4.08  
 192 Q	 41.84  
 193 Y	 12.05  
 194 P	 17.28  
 195 K	 52.98  
 196 V	 5.26  
 197 Q	 36.81  
 198 K	 40.70  
 199 Y	 3.61  
 200 C	 3.11  
 201 L	 2.32  
 202 M	 2.88  
 203 S	 8.84  
 204 V	 3.67  
 205 R	 23.35  
 206 G	 13.46  
 207 C	 2.01  
 208 Y	 16.50  
 209 T	 35.94  
 210 D	 12.74  
 211 F	 4.69  
 212 H	 22.50  
 213 V	 7.05  
 214 D	 28.09  
 215 F	 10.66  
 216 G	 33.72  
 217 G	 18.14  
 218 T	 22.08  
 219 S	 17.58  
 220 V	 6.21  
 221 W	 4.45  
 222 Y	 6.69  
 223 H	 8.71  
 224 I	 1.20  
 225 H	 13.61  
 226 Q	 62.83  
 227 G	 24.59  
 228 G	 19.18  
 229 K	 40.87  
 230 V	 4.75  
 231 F	 5.11  
 232 W	 9.07  
 233 L	 2.60  
 234 I	 2.54  
 235 P	 20.30  
 236 P	 34.91  
 237 T	 34.88  
 238 A	 8.71  
 239 H	 41.72  
 240 N	 32.52  
 241 L	 3.26  
 242 E	 55.40  
 243 L	 7.97  
 244 Y	 9.61  
 245 E	 55.33  
 246 N	 22.57  
 247 W	 6.17  
 248 L	 4.04  
 249 L	 4.85  
 250 S	 41.60  
 251 G	 26.69  
 252 K	 47.97  
 253 Q	 59.31  
 254 G	 33.20  
 255 D	 26.44  
 256 I	 3.82  
 257 F	 8.10  
 258 L	 7.72  
 259 G	 15.21  
 260 D	 50.37  
 261 R	 28.21  
 262 V	 7.23  
 263 S	 33.30  
 264 D	 29.70  
 265 C	 1.97  
 266 Q	 55.14  
 267 R	 30.58  
 268 I	 2.76  
 269 E	 52.70  
 270 L	 4.70  
 271 K	 28.96  
 272 Q	 63.85  
 273 G	 23.12  
 274 Y	 8.43  
 275 T	 20.46  
 276 F	 3.36  
 277 V	 4.92  
 278 I	 1.64  
 279 P	 22.84  
 280 S	 35.32  
 281 G	 23.23  
 282 W	 5.41  
 283 I	 1.38  
 284 H	 11.57  
 285 A	 6.20  
 286 V	 3.19  
 287 Y	 14.05  
 288 T	 17.08  
 289 P	 15.58  
 290 T	 33.54  
 291 D	 38.97  
 292 T	 27.57  
 293 L	 3.15  
 294 V	 4.56  
 295 F	 13.42  
 296 G	 23.74  
 297 G	 15.39  
 298 N	 36.36  
 299 F	 8.00  
 300 L	 3.71  
 301 H	 26.63  
 302 S	 23.33  
 303 F	 7.18  
 304 N	 40.23  
 305 I	 2.57  
 306 P	 12.93  
 307 M	 6.89  
 308 Q	 33.96  
 309 L	 2.72  
 310 K	 26.67  
 311 I	 4.29  
 312 Y	 14.43  
 313 N	 34.35  
 314 I	 3.06  
 315 E	 37.49  
 316 D	 54.15  
 317 R	 16.19  
 318 T	 48.63  
 319 R	 42.67  
 320 V	 6.39  
 321 P	 34.70  
 322 N	 53.92  
 323 K	 25.75  
 324 F	 13.22  
 325 R	 39.56  
 326 Y	 10.79  
 327 P	 13.40  
 328 F	 8.22  
 329 Y	 8.26  
 330 Y	 9.51  
 331 E	 19.24  
 332 M	 0.82  
 333 C	 1.26  
 334 W	 5.74  
 335 Y	 7.10  
 336 V	 1.61  
 337 L	 1.49  
 338 E	 31.74  
 339 R	 23.27  
 340 Y	 6.08  
 341 V	 3.83  
 342 Y	 2.98  
 343 C	 1.89  
 344 I	 1.78  
 345 T	 22.48  
 346 N	 24.44  
 347 R	 19.46  
 348 S	 25.56  
 349 H	 33.99  
 350 L	 8.46  
 351 T	 24.09  
 352 K	 63.99  
 353 E	 48.34  
 354 F	 15.58  
 355 Q	 50.10  
 356 K	 55.37  
 357 E	 46.24  
 358 S	 32.55  
 359 L	 5.29  
 360 S	 21.38  
 361 M	 9.16  
 362 D	 33.35  
 363 L	 6.37  
 364 E	 35.61  
 365 L	 8.83  
 366 N	 43.56  
 367 G	 43.37  
 368 L	 4.63  
 369 E	 58.98  
 370 S	 42.47  
 371 G	 32.53  
 372 N	 65.11  
 373 G	 47.43  
 374 D	 55.34  
 375 E	 49.61  
 376 E	 59.75  
 377 A	 13.38  
 378 V	 8.90  
 379 D	 57.16  
 380 R	 49.58  
 381 E	 38.40  
 382 P	 27.82  
 383 R	 47.63  
 384 R	 50.03  
 385 L	 6.02  
 386 S	 21.71  
 387 S	 35.98  
 388 R	 31.36  
 389 R	 32.82  
 390 S	 21.99  
 391 V	 6.83  
 392 L	 4.07  
 393 T	 28.91  
 394 S	 17.14  
 395 P	 24.81  
 396 V	 6.91  
 397 A	 15.50  
 398 N	 56.00  
 399 G	 10.43  
 400 V	 6.88  
 401 N	 28.70  
 402 L	 6.32  
 403 D	 33.98  
 404 Y	 18.31  
 405 D	 45.57  
 406 G	 30.05  
 407 L	 6.09  
 408 G	 28.84  
 409 K	 49.87  
 410 T	 16.02  
 411 C	 2.95  
 412 R	 46.59  
 413 S	 46.94  
 414 L	 1.40  
 415 P	 38.57  
 416 S	 59.10  
 417 L	 6.61  
 418 K	 48.31  
 419 K	 54.81  
 420 T	 21.91  
 421 L	 7.43  
 422 A	 25.61  
 423 G	 38.15  
 424 D	 39.47  
 425 S	 30.72  
 426 S	 34.63  
 427 S	 46.73  
 428 D	 36.04  
 429 C	 3.01  
 430 S	 44.67  
 431 R	 57.89  
 432 G	 19.57  
 433 S	 16.81  
 434 H	 45.31  
 435 N	 44.27  
 436 G	 20.28  
 437 Q	 38.14  
 438 V	 7.11  
 439 W	 12.04  
 440 D	 25.24  
 441 P	 18.55  
 442 Q	 33.27  
 443 C	 7.38  
 444 A	 11.15  
 445 P	 52.02  
 446 R	 34.67  
 447 K	 57.09  
 448 D	 47.74  
 449 R	 43.38  
 450 Q	 36.80  
 451 V	 4.10  
 452 H	 19.37  
 453 L	 4.12  
 454 T	 15.05  
 455 H	 22.12  
 456 F	 10.91  
 457 E	 38.00  
 458 L	 6.55  
 459 E	 49.32  
 460 G	 30.92  
 461 L	 2.26  
 462 R	 23.68  
 463 C	 5.37  
 464 L	 4.51  
 465 V	 7.55  
 466 D	 36.55  
 467 K	 46.83  
 468 L	 4.71  
 469 E	 56.84  
 470 S	 45.80  
 471 L	 3.70  
 472 P	 41.52  
 473 L	 12.87  
 474 H	 26.11  
 475 K	 56.39  
 476 K	 29.71  
 477 C	 5.45  
 478 V	 6.98  
 479 P	 34.08  
 480 T	 30.32  
 481 G	 18.41  
 482 I	 7.11  
 483 E	 57.61  
 484 D	 58.09  
 485 E	 32.18  
 486 D	 60.02  
 487 A	 9.98  
 488 L	 5.26  
 489 I	 3.09  
 490 A	 19.18  
 491 D	 34.94  
 492 V	 2.84  
 493 K	 28.34  
 494 I	 5.50  
 495 L	 4.00  
 496 L	 5.68  
 497 E	 47.74  
 498 E	 53.83  
 499 L	 3.90  
 500 A	 19.43  
 501 N	 60.62  
 502 S	 50.08  
 503 D	 44.13  
 504 P	 33.12  
 505 K	 51.92  
 506 L	 6.01  
 507 A	 14.81  
 508 L	 6.58  
 509 T	 30.44  
 510 G	 24.85  
 511 V	 2.17  
 512 P	 23.52  
 513 I	 3.14  
 514 V	 3.89  
 515 Q	 52.02  
 516 W	 6.89  
 517 P	 12.52  
 518 K	 70.98  
 519 R	 42.06  
 520 D	 67.76  
 521 K	 58.57  
 522 L	 8.95  
 523 K	 55.85  
 524 F	 12.38  
 525 P	 26.38  
 526 T	 63.84  
 527 R	 29.31  
 528 P	 41.81  
 529 K	 39.11  
 530 V	 9.16  
 531 R	 34.52  
 532 V	 5.70  
 533 P	 17.66  
 534 T	 36.21  
 535 I	 1.58  
 536 P	 30.58  
 537 I	 7.36  
 538 T	 32.92  
 539 K	 35.21  
 540 P	 21.38  
 541 H	 39.90  
 542 T	 35.10  
 543 M	 4.44  
 544 K	 38.90  
 545 P	 36.35  
 546 A	 9.05  
 547 P	 40.10  
 548 R	 53.99  
 549 L	 6.55  
 550 T	 22.48  
 551 P	 25.39  
 552 V	 10.90  
 553 R	 19.15  
 554 P	 26.87  
 555 A	 12.70  
 556 A	 15.91  
 557 A	 20.25  
 558 S	 15.50  
 559 P	 26.69  
 560 I	 3.40  
 561 V	 4.98  
 562 S	 27.70  
 563 G	 16.53  
 564 A	 8.36  
 565 R	 35.84  
 566 R	 30.17  
 567 R	 35.57  
 568 R	 20.58  
 569 V	 6.85  
 570 R	 16.83  
 571 C	 4.45  
 572 R	 36.52  
 573 K	 43.65  
 574 C	 1.42  
 575 K	 48.10  
 576 A	 14.26  
 577 C	 1.12  
 578 V	 11.07  
 579 Q	 41.68  
 580 G	 16.27  
 581 E	 15.82  
 582 C	 6.73  
 583 G	 22.30  
 584 V	 2.48  
 585 C	 0.85  
 586 H	 23.48  
 587 Y	 5.53  
 588 C	 1.01  
 589 R	 39.63  
 590 D	 50.09  
 591 M	 2.35  
 592 K	 49.60  
 593 K	 42.47  
 594 F	 13.11  
 595 G	 50.71  
 596 G	 25.31  
 597 P	 27.83  
 598 G	 45.66  
 599 R	 32.05  
 600 M	 6.00  
 601 K	 37.38  
 602 Q	 32.49  
 603 S	 10.73  
 604 C	 2.87  
 605 V	 6.30  
 606 L	 3.52  
 607 R	 12.55  
 608 Q	 23.55  
 609 C	 2.57  
 610 L	 5.79  
 611 A	 8.52  
 612 P	 25.95  
 613 R	 56.07  
 614 L	 4.33  
 615 P	 20.98  
 616 H	 39.22  
 617 S	 19.72  
 618 V	 5.94  
 619 T	 10.21  
 620 C	 2.47  
 621 S	 19.82  
 622 L	 4.78  
 623 C	 2.22  
 624 G	 43.16  
 625 E	 41.76  
 626 V	 5.79  
 627 D	 41.09  
 628 Q	 65.49  
 629 N	 44.61  
 630 E	 57.71  
 631 E	 60.36  
 632 T	 27.53  
 633 Q	 57.59  
 634 D	 62.18  
 635 F	 12.17  
 636 E	 58.53  
 637 K	 51.72  
 638 K	 45.96  
 639 L	 5.31  
 640 M	 5.20  
 641 E	 36.35  
 642 C	 0.88  
 643 C	 2.24  
 644 I	 4.23  
 645 C	 2.03  
 646 N	 23.32  
 647 E	 41.81  
 648 I	 1.83  
 649 V	 3.48  
 650 H	 20.78  
 651 P	 25.05  
 652 G	 15.19  
 653 C	 2.55  
 654 L	 6.15  
 655 Q	 31.81  
 656 M	 4.63  
 657 D	 38.74  
 658 G	 26.06  
 659 E	 42.26  
 660 G	 40.78  
 661 L	 3.95  
 662 L	 12.78  
 663 N	 45.82  
 664 E	 61.96  
 665 E	 69.34  
 666 L	 2.77  
 667 P	 36.89  
 668 N	 57.04  
 669 C	 2.82  
 670 W	 19.50  
 671 E	 43.04  
 672 C	 1.36  
 673 P	 20.45  
 674 K	 58.18  
 675 C	 2.27  
 676 Y	 22.51  
 677 Q	 58.45  
 678 E	 33.13  
 679 D	 41.77  
 680 S	 39.38  
 681 S	 56.27  
 682 E	 57.26  
 683 K	 59.05  
 684 A	 18.97  
 685 Q	 58.09  
 686 K	 59.87  
 687 R	 31.32  
 688 K	 58.67  
 689 M	 8.85  
 690 E	 58.34  
 691 E	 61.05  
 692 S	 36.70  
 693 D	 62.12  
 694 E	 58.07  
 695 E	 60.16  
 696 A	 9.18  
 697 V	 6.86  
 698 Q	 42.38  
 699 A	 9.42  
 700 K	 25.39  
 701 V	 6.50  
 702 L	 4.62  
 703 R	 31.06  
 704 P	 28.15  
 705 L	 5.21  
 706 R	 37.61  
 707 S	 33.33  
 708 C	 5.77  
 709 D	 62.89  
 710 E	 46.68  
 711 P	 28.43  
 712 L	 12.05  
 713 T	 44.45  
 714 P	 48.37  
 715 P	 33.72  
 716 P	 41.62  
 717 H	 52.78  
 718 S	 35.33  
 719 P	 26.00  
 720 T	 29.77  
 721 S	 22.37  
 722 M	 2.81  
 723 L	 3.62  
 724 Q	 29.72  
 725 L	 3.10  
 726 I	 1.92  
 727 H	 41.75  
 728 D	 38.00  
 729 P	 17.83  
 730 V	 17.91  
 731 S	 17.80  
 732 P	 36.76  
 733 R	 38.03  
 734 G	 20.49  
 735 M	 2.69  
 736 V	 4.47  
 737 T	 18.88  
 738 R	 24.59  
 739 S	 31.36  
 740 S	 24.86  
 741 P	 37.59  
 742 G	 45.15  
 743 A	 30.06  
 744 G	 28.32  
 745 P	 35.73  
 746 S	 48.97  
 747 D	 46.80  
 748 H	 22.57  
 749 H	 30.01  
 750 S	 25.23  
 751 A	 12.29  
 752 S	 43.19  
 753 R	 49.91  
 754 D	 49.26  
 755 E	 59.93  
 756 R	 46.83  
 757 F	 7.31  
 758 K	 53.55  
 759 R	 28.94  
 760 R	 31.89  
 761 Q	 49.21  
 762 L	 2.59  
 763 L	 3.77  
 764 R	 33.09  
 765 L	 4.02  
 766 Q	 39.54  
 767 A	 18.93  
 768 T	 17.03  
 769 E	 49.52  
 770 R	 24.62  
 771 T	 17.49  
 772 M	 3.15  
 773 V	 7.65  
 774 R	 38.15  
 775 E	 54.00  
 776 K	 56.00  
 777 E	 58.44  
 778 N	 76.43  
 779 N	 32.95  
 780 P	 56.92  
 781 S	 66.42  
 782 G	 46.44  
 783 K	 47.62  
 784 K	 68.37  
 785 E	 62.10  
 786 L	 7.90  
 787 S	 40.46  
 788 E	 68.28  
 789 V	 9.09  
 790 E	 43.15  
 791 K	 61.22  
 792 A	 10.05  
 793 K	 43.96  
 794 I	 7.82  
 795 R	 27.57  
 796 G	 24.90  
 797 S	 13.71  
 798 Y	 14.82  
 799 L	 3.13  
 800 T	 11.83  
 801 V	 4.67  
 802 T	 16.37  
 803 L	 3.36  
 804 Q	 39.68  
 805 R	 43.92  
 806 P	 34.56  
 807 T	 39.06  
 808 K	 62.04  
 809 E	 48.77  
 810 L	 4.87  
 811 H	 38.28  
 812 G	 33.51  
 813 T	 12.44  
 814 S	 26.61  
 815 I	 6.54  
 816 V	 3.24  
 817 P	 29.94  
 818 K	 42.19  
 819 L	 3.22  
 820 Q	 36.52  
 821 A	 16.13  
 822 I	 1.82  
 823 T	 24.41  
 824 A	 8.72  
 825 S	 22.72  
 826 S	 20.79  
 827 A	 19.31  
 828 N	 39.29  
 829 L	 5.36  
 830 R	 28.22  
 831 H	 45.37  
 832 S	 14.15  
 833 P	 25.03  
 834 R	 37.10  
 835 V	 7.53  
 836 L	 3.03  
 837 V	 3.14  
 838 Q	 28.45  
 839 H	 16.43  
 840 C	 1.25  
 841 P	 23.74  
 842 A	 33.11  
 843 R	 31.89  
 844 T	 26.36  
 845 P	 19.13  
 846 Q	 62.47  
 847 R	 56.59  
 848 G	 41.24  
 849 D	 53.62  
 850 E	 57.71  
 851 E	 65.54  
 852 G	 27.81  
 853 L	 10.10  
 854 G	 52.93  
 855 G	 44.15  
 856 E	 61.51  
 857 E	 74.18  
 858 E	 67.42  
 859 E	 74.18  
 860 E	 74.18  
 861 E	 74.18  
 862 E	 74.18  
 863 E	 74.18  
 864 E	 70.71  
 865 E	 70.75  
 866 E	 71.10  
 867 D	 59.45  
 868 D	 53.69  
 869 S	 50.32  
 870 A	 26.34  
 871 E	 62.21  
 872 E	 63.74  
 873 G	 23.65  
 874 G	 21.24  
 875 A	 10.56  
 876 A	 21.55  
 877 R	 28.31  
 878 L	 7.36  
 879 N	 32.34  
 880 G	 39.66  
 881 R	 34.59  
 882 G	 29.01  
 883 S	 20.20  
 884 W	 10.77  
 885 A	 10.17  
 886 Q	 49.30  
 887 D	 59.78  
 888 G	 28.62  
 889 D	 55.86  
 890 E	 52.40  
 891 S	 32.37  
 892 W	 5.72  
 893 M	 3.61  
 894 Q	 31.93  
 895 R	 25.08  
 896 E	 24.52  
 897 V	 5.91  
 898 W	 2.91  
 899 M	 2.71  
 900 S	 11.46  
 901 V	 1.51  
 902 F	 3.13  
 903 R	 29.35  
 904 Y	 9.51  
 905 L	 2.53  
 906 S	 21.98  
 907 R	 33.23  
 908 R	 37.55  
 909 E	 57.57  
 910 L	 2.57  
 911 C	 3.03  
 912 E	 43.93  
 913 C	 1.74  
 914 M	 1.35  
 915 R	 42.20  
 916 V	 1.24  
 917 C	 1.99  
 918 K	 38.96  
 919 T	 28.97  
 920 W	 4.35  
 921 Y	 10.39  
 922 K	 25.89  
 923 W	 3.39  
 924 C	 1.56  
 925 C	 7.21  
 926 D	 35.65  
 927 K	 35.16  
 928 R	 23.39  
 929 L	 9.31  
 930 W	 10.32  
 931 T	 23.78  
 932 K	 23.73  
 933 I	 5.15  
 934 D	 39.90  
 935 L	 3.86  
 936 S	 31.70  
 937 R	 33.00  
 938 C	 2.91  
 939 K	 39.78  
 940 A	 16.19  
 941 I	 2.58  
 942 V	 3.25  
 943 P	 13.96  
 944 Q	 44.00  
 945 A	 9.53  
 946 L	 3.97  
 947 S	 30.84  
 948 G	 26.87  
 949 I	 2.77  
 950 I	 3.25  
 951 K	 42.96  
 952 R	 35.31  
 953 Q	 37.43  
 954 P	 23.00  
 955 V	 7.21  
 956 S	 23.89  
 957 L	 8.59  
 958 D	 31.02  
 959 L	 5.81  
 960 S	 31.36  
 961 W	 10.77  
 962 T	 21.21  
 963 N	 30.22  
 964 I	 5.10  
 965 S	 35.55  
 966 K	 40.52  
 967 K	 43.69  
 968 Q	 48.11  
 969 L	 5.22  
 970 T	 17.79  
 971 W	 13.60  
 972 L	 1.74  
 973 V	 2.71  
 974 N	 37.29  
 975 R	 34.48  
 976 L	 3.13  
 977 P	 42.72  
 978 G	 50.37  
 979 L	 3.54  
 980 K	 52.85  
 981 D	 47.82  
 982 L	 3.95  
 983 L	 4.40  
 984 L	 5.11  
 985 A	 19.54  
 986 G	 13.13  
 987 C	 2.91  
 988 S	 24.13  
 989 W	 8.39  
 990 S	 11.51  
 991 A	 7.94  
 992 V	 2.61  
 993 S	 24.18  
 994 A	 10.03  
 995 L	 4.46  
 996 S	 26.42  
 997 T	 26.05  
 998 S	 26.94  
 999 S	 21.60  
 1000 C	 2.49  
 1001 P	 36.06  
 1002 L	 6.24  
 1003 L	 2.07  
 1004 R	 40.71  
 1005 T	 25.29  
 1006 L	 4.76  
 1007 D	 33.31  
 1008 L	 5.75  
 1009 R	 20.97  
 1010 W	 11.55  
 1011 A	 5.34  
 1012 V	 6.90  
 1013 G	 17.30  
 1014 I	 3.53  
 1015 K	 58.38  
 1016 D	 38.11  
 1017 P	 26.88  
 1018 Q	 54.18  
 1019 I	 4.50  
 1020 R	 24.23  
 1021 D	 47.89  
 1022 L	 4.05  
 1023 L	 8.72  
 1024 T	 34.23  
 1025 P	 23.27  
 1026 P	 48.10  
 1027 A	 38.37  
 1028 D	 64.55  
 1029 K	 53.83  
 1030 P	 46.34  
 1031 G	 53.89  
 1032 Q	 54.02  
 1033 D	 59.43  
 1034 N	 42.09  
 1035 R	 43.38  
 1036 S	 42.15  
 1037 K	 48.50  
 1038 L	 5.15  
 1039 R	 34.31  
 1040 N	 48.41  
 1041 M	 2.84  
 1042 T	 35.22  
 1043 D	 18.85  
 1044 F	 5.19  
 1045 R	 26.83  
 1046 L	 4.47  
 1047 A	 16.55  
 1048 G	 28.60  
 1049 L	 3.42  
 1050 D	 40.60  
 1051 I	 4.52  
 1052 T	 21.17  
 1053 D	 37.58  
 1054 A	 10.41  
 1055 T	 18.41  
 1056 L	 4.49  
 1057 R	 21.34  
 1058 L	 4.25  
 1059 I	 1.79  
 1060 I	 2.68  
 1061 R	 17.04  
 1062 H	 16.29  
 1063 M	 1.47  
 1064 P	 24.83  
 1065 L	 5.43  
 1066 L	 2.00  
 1067 S	 38.18  
 1068 R	 31.99  
 1069 L	 7.54  
 1070 D	 45.04  
 1071 L	 4.45  
 1072 S	 23.32  
 1073 H	 25.13  
 1074 C	 2.17  
 1075 S	 18.99  
 1076 H	 37.84  
 1077 L	 3.03  
 1078 T	 26.94  
 1079 D	 53.37  
 1080 Q	 43.45  
 1081 S	 24.81  
 1082 S	 26.34  
 1083 N	 44.29  
 1084 L	 4.93  
 1085 L	 3.19  
 1086 T	 23.59  
 1087 A	 12.02  
 1088 V	 6.87  
 1089 G	 17.26  
 1090 S	 23.18  
 1091 S	 15.81  
 1092 T	 35.01  
 1093 R	 22.46  
 1094 Y	 14.23  
 1095 S	 26.06  
 1096 L	 2.98  
 1097 T	 32.27  
 1098 E	 43.36  
 1099 L	 4.47  
 1100 N	 16.42  
 1101 M	 5.47  
 1102 A	 20.50  
 1103 G	 12.55  
 1104 C	 2.70  
 1105 N	 41.26  
 1106 K	 57.76  
 1107 L	 3.87  
 1108 T	 27.89  
 1109 D	 50.32  
 1110 Q	 32.73  
 1111 T	 20.24  
 1112 L	 1.69  
 1113 I	 3.28  
 1114 Y	 9.40  
 1115 L	 2.05  
 1116 R	 15.81  
 1117 R	 29.76  
 1118 I	 2.36  
 1119 A	 11.57  
 1120 N	 25.57  
 1121 V	 3.22  
 1122 T	 20.15  
 1123 L	 2.20  
 1124 I	 3.24  
 1125 D	 33.16  
 1126 L	 3.93  
 1127 R	 44.72  
 1128 G	 30.21  
 1129 C	 2.07  
 1130 K	 47.78  
 1131 Q	 46.49  
 1132 I	 2.16  
 1133 T	 24.51  
 1134 R	 26.63  
 1135 K	 49.06  
 1136 A	 10.71  
 1137 C	 4.72  
 1138 E	 46.85  
 1139 H	 25.81  
 1140 F	 2.39  
 1141 I	 3.19  
 1142 S	 31.39  
 1143 D	 39.35  
 1144 L	 4.40  
 1145 S	 25.39  
 1146 I	 5.44  
 1147 N	 23.68  
 1148 S	 21.03  
 1149 L	 2.79  
 1150 Y	 7.37  
 1151 C	 3.39  
 1152 L	 4.58  
 1153 S	 39.91  
 1154 D	 44.07  
 1155 E	 46.52  
 1156 K	 56.75  
 1157 L	 4.76  
 1158 I	 6.08  
 1159 Q	 47.68  
 1160 K	 37.61  
 1161 I	 3.19  
 1162 S	 41.00  
