 1 M	 10.62  
 2 L	 6.27  
 3 T	 28.36  
 4 E	 32.09  
 5 A	 15.55  
 6 S	 19.20  
 7 L	 5.77  
 8 S	 17.50  
 9 I	 4.84  
 10 W	 7.97  
 11 G	 19.73  
 12 W	 4.35  
 13 G	 14.73  
 14 S	 19.53  
 15 L	 4.84  
 16 G	 15.06  
 17 I	 2.70  
 18 V	 2.68  
 19 L	 2.46  
 20 F	 3.00  
 21 L	 2.93  
 22 I	 2.05  
 23 T	 25.37  
 24 F	 10.43  
 25 G	 13.19  
 26 P	 19.01  
 27 F	 7.24  
 28 V	 3.13  
 29 I	 1.60  
 30 F	 3.25  
 31 Y	 8.16  
 32 L	 1.53  
 33 T	 11.74  
 34 F	 3.09  
 35 Y	 6.43  
 36 I	 2.06  
 37 L	 0.95  
 38 C	 1.56  
 39 F	 5.26  
 40 V	 7.31  
 41 G	 12.28  
 42 G	 22.44  
 43 G	 14.90  
 44 L	 2.95  
 45 V	 3.32  
 46 V	 3.62  
 47 T	 15.40  
 48 L	 2.23  
 49 L	 3.77  
 50 F	 12.11  
 51 G	 35.53  
 52 K	 36.88  
 53 T	 44.34  
 54 N	 52.21  
 55 S	 40.47  
 56 E	 48.03  
 57 K	 55.76  
 58 Y	 16.06  
 59 L	 5.62  
 60 E	 50.52  
 61 Q	 34.99  
 62 C	 3.57  
 63 E	 42.11  
 64 H	 31.32  
 65 S	 13.24  
 66 F	 14.85  
 67 L	 5.79  
 68 P	 28.28  
 69 P	 47.88  
 70 T	 45.68  
 71 S	 25.98  
 72 P	 50.72  
 73 G	 48.39  
 74 V	 4.68  
 75 P	 27.79  
 76 K	 49.39  
 77 C	 4.78  
 78 L	 8.57  
 79 E	 66.57  
 80 E	 36.74  
 81 M	 3.46  
 82 K	 50.82  
 83 R	 41.31  
 84 E	 36.66  
 85 A	 20.25  
 86 R	 32.03  
 87 T	 33.40  
 88 I	 2.83  
 89 K	 37.63  
 90 I	 4.38  
 91 D	 25.33  
 92 R	 38.69  
 93 R	 32.62  
 94 L	 5.58  
 95 T	 32.22  
 96 G	 22.63  
 97 A	 9.98  
 98 N	 32.85  
 99 I	 4.10  
 100 I	 5.01  
 101 D	 47.89  
 102 E	 37.19  
 103 P	 31.55  
 104 L	 5.38  
 105 Q	 46.33  
 106 Q	 41.80  
 107 V	 2.09  
 108 I	 2.73  
 109 Q	 24.03  
 110 F	 5.23  
 111 S	 13.20  
 112 L	 5.22  
 113 R	 31.83  
 114 D	 53.93  
 115 Y	 5.30  
 116 V	 4.05  
 117 Q	 19.47  
 118 Y	 5.83  
 119 W	 2.26  
 120 Y	 5.01  
 121 Y	 6.25  
 122 T	 12.23  
 123 L	 2.82  
 124 S	 34.90  
 125 D	 67.80  
 126 D	 50.49  
 127 E	 48.67  
 128 S	 28.34  
 129 F	 9.44  
 130 L	 6.13  
 131 L	 4.91  
 132 E	 37.97  
 133 I	 3.89  
 134 R	 17.66  
 135 Q	 52.83  
 136 T	 22.06  
 137 L	 2.53  
 138 Q	 36.22  
 139 N	 39.57  
 140 A	 7.96  
 141 L	 4.08  
 142 I	 2.69  
 143 Q	 23.83  
 144 F	 6.25  
 145 A	 5.92  
 146 T	 36.44  
 147 R	 42.15  
 148 S	 30.22  
 149 K	 56.23  
 150 E	 47.64  
 151 I	 8.19  
 152 D	 38.76  
 153 W	 13.50  
 154 Q	 21.04  
 155 P	 23.19  
 156 Y	 9.84  
 157 F	 7.76  
 158 T	 14.88  
 159 T	 14.43  
 160 R	 24.71  
 161 I	 3.61  
 162 V	 5.35  
 163 D	 43.05  
 164 D	 32.74  
 165 F	 12.00  
 166 G	 21.15  
 167 T	 20.10  
 168 H	 16.42  
 169 L	 5.12  
 170 R	 20.23  
 171 V	 7.38  
 172 F	 5.54  
 173 R	 30.46  
 174 K	 38.80  
 175 A	 16.87  
 176 Q	 48.40  
 177 Q	 43.93  
 178 K	 39.24  
 179 I	 5.38  
 180 T	 43.98  
 181 E	 58.94  
 182 K	 58.94  
 183 D	 45.39  
 184 D	 67.26  
 185 Q	 49.29  
 186 V	 8.75  
 187 K	 44.93  
 188 G	 31.16  
 189 T	 22.58  
 190 A	 19.58  
 191 E	 52.28  
 192 D	 49.91  
 193 L	 2.56  
 194 V	 11.44  
 195 D	 45.13  
 196 T	 23.81  
 197 F	 4.20  
 198 F	 12.80  
 199 E	 33.31  
 200 V	 9.37  
 201 E	 26.09  
 202 V	 11.66  
 203 E	 28.28  
 204 M	 12.31  
 205 E	 32.34  
 206 K	 54.88  
 207 E	 33.28  
 208 V	 4.86  
 209 C	 2.69  
 210 R	 45.53  
 211 D	 38.02  
 212 L	 1.44  
 213 V	 3.81  
 214 C	 3.97  
 215 T	 40.35  
 216 S	 25.48  
 217 P	 29.93  
 218 K	 77.02  
 219 D	 63.66  
 220 E	 67.17  
 221 E	 66.43  
 222 G	 25.49  
 223 F	 5.98  
 224 L	 6.48  
 225 R	 32.37  
 226 D	 58.79  
 227 L	 1.85  
 228 C	 3.88  
 229 E	 43.42  
 230 V	 4.33  
 231 L	 0.91  
 232 L	 3.23  
 233 Y	 7.37  
 234 L	 3.90  
 235 L	 4.22  
 236 L	 4.43  
 237 P	 30.69  
 238 P	 55.76  
 239 G	 46.56  
 240 D	 47.97  
 241 F	 12.20  
 242 Q	 55.86  
 243 N	 35.50  
 244 K	 27.39  
 245 I	 2.20  
 246 M	 2.80  
 247 R	 25.80  
 248 Y	 6.77  
 249 F	 2.70  
 250 V	 3.88  
 251 R	 18.48  
 252 E	 36.73  
 253 I	 2.27  
 254 L	 1.97  
 255 A	 17.20  
 256 R	 29.28  
 257 G	 14.86  
 258 I	 2.73  
 259 L	 4.48  
 260 L	 2.83  
 261 P	 27.96  
 262 L	 6.07  
 263 I	 2.66  
 264 N	 44.41  
 265 Q	 35.04  
 266 L	 5.61  
 267 S	 37.02  
 268 D	 49.00  
 269 P	 32.69  
 270 D	 63.03  
 271 Y	 13.73  
 272 I	 3.18  
 273 N	 22.39  
 274 Q	 25.06  
 275 Y	 6.87  
 276 V	 1.67  
 277 I	 1.43  
 278 W	 2.62  
 279 M	 0.93  
 280 I	 2.38  
 281 R	 25.79  
 282 D	 33.02  
 283 S	 33.17  
 284 N	 23.49  
 285 C	 7.12  
 286 N	 41.76  
 287 Y	 15.72  
 288 E	 22.80  
 289 A	 9.91  
 290 F	 2.29  
 291 M	 4.54  
 292 N	 26.78  
 293 I	 1.65  
 294 I	 2.89  
 295 K	 37.83  
 296 L	 5.68  
 297 S	 24.49  
 298 D	 62.29  
 299 N	 40.57  
 300 I	 5.64  
 301 G	 39.43  
 302 E	 39.37  
 303 L	 4.28  
 304 E	 40.59  
 305 A	 17.80  
 306 V	 6.25  
 307 R	 46.92  
 308 D	 38.04  
 309 K	 38.64  
 310 A	 25.13  
 311 A	 19.28  
 312 E	 65.19  
 313 E	 36.12  
 314 L	 2.82  
 315 Q	 38.19  
 316 Y	 19.39  
 317 L	 1.61  
 318 R	 30.18  
 319 S	 28.18  
 320 L	 5.69  
 321 D	 35.44  
 322 T	 37.52  
 323 A	 21.05  
 324 G	 34.90  
 325 D	 51.67  
 326 D	 34.81  
 327 I	 6.11  
 328 N	 42.62  
 329 T	 33.39  
 330 I	 3.22  
 331 K	 40.54  
 332 N	 44.08  
 333 Q	 31.10  
 334 I	 5.45  
 335 N	 19.48  
 336 S	 28.25  
 337 L	 3.58  
 338 L	 4.68  
 339 F	 10.31  
 340 V	 6.22  
 341 K	 31.96  
 342 K	 42.67  
 343 V	 3.48  
 344 C	 5.59  
 345 D	 43.89  
 346 S	 26.59  
 347 R	 18.79  
 348 I	 3.02  
 349 Q	 38.63  
 350 R	 32.12  
 351 L	 2.45  
 352 Q	 52.94  
 353 S	 57.32  
 354 G	 20.75  
 355 K	 61.75  
 356 E	 45.02  
 357 I	 6.28  
 358 N	 39.65  
 359 T	 25.36  
 360 V	 4.07  
 361 K	 30.30  
 362 L	 4.77  
 363 A	 8.47  
 364 A	 23.48  
 365 N	 40.36  
 366 F	 8.61  
 367 G	 23.10  
 368 K	 35.93  
 369 L	 2.79  
 370 C	 4.03  
 371 T	 35.28  
 372 V	 4.29  
 373 P	 16.58  
 374 L	 7.58  
 375 D	 27.80  
 376 S	 26.04  
 377 I	 4.31  
 378 L	 4.60  
 379 V	 4.85  
 380 D	 40.20  
 381 N	 17.30  
 382 V	 4.94  
 383 A	 11.25  
 384 L	 3.87  
 385 Q	 21.57  
 386 F	 5.95  
 387 F	 2.05  
 388 M	 3.68  
 389 D	 30.51  
 390 Y	 5.75  
 391 M	 1.76  
 392 Q	 31.30  
 393 Q	 26.11  
 394 T	 26.79  
 395 G	 23.13  
 396 G	 25.53  
 397 Q	 27.27  
 398 A	 12.48  
 399 H	 18.45  
 400 L	 4.20  
 401 F	 3.02  
 402 F	 5.69  
 403 W	 3.68  
 404 M	 2.25  
 405 T	 13.15  
 406 V	 2.88  
 407 E	 41.14  
 408 G	 15.94  
 409 Y	 6.60  
 410 R	 30.11  
 411 V	 3.81  
 412 T	 15.11  
 413 A	 11.43  
 414 Q	 23.37  
 415 Q	 47.57  
 416 Q	 27.75  
 417 L	 4.23  
 418 E	 27.12  
 419 V	 9.91  
 420 L	 2.34  
 421 L	 4.85  
 422 S	 23.39  
 423 R	 35.21  
 424 Q	 44.43  
 425 R	 54.24  
 426 D	 63.25  
 427 G	 31.38  
 428 K	 36.51  
 429 H	 45.27  
 430 Q	 45.70  
 431 T	 29.07  
 432 N	 40.74  
 433 Q	 48.23  
 434 T	 29.20  
 435 K	 37.48  
 436 G	 33.07  
 437 L	 2.89  
 438 L	 4.83  
 439 R	 27.50  
 440 A	 10.35  
 441 A	 9.03  
 442 A	 10.09  
 443 V	 4.03  
 444 G	 16.43  
 445 I	 2.48  
 446 Y	 7.34  
 447 E	 30.72  
 448 Q	 27.74  
 449 Y	 10.56  
 450 L	 5.50  
 451 S	 31.92  
 452 E	 50.47  
 453 K	 51.27  
 454 A	 22.25  
 455 S	 25.06  
 456 P	 39.35  
 457 R	 33.95  
 458 V	 7.50  
 459 T	 21.35  
 460 V	 4.89  
 461 D	 29.48  
 462 D	 34.04  
 463 Y	 9.90  
 464 L	 3.77  
 465 V	 3.43  
 466 A	 9.88  
 467 K	 36.41  
 468 L	 3.62  
 469 A	 13.67  
 470 D	 63.26  
 471 T	 24.69  
 472 L	 6.74  
 473 N	 38.30  
 474 H	 43.90  
 475 E	 65.69  
 476 D	 44.84  
 477 P	 47.04  
 478 T	 45.97  
 479 P	 37.77  
 480 E	 59.78  
 481 I	 4.90  
 482 F	 7.05  
 483 D	 58.74  
 484 D	 28.33  
 485 I	 4.61  
 486 Q	 46.25  
 487 R	 30.64  
 488 K	 32.56  
 489 V	 4.97  
 490 Y	 13.33  
 491 E	 30.59  
 492 L	 1.83  
 493 M	 1.60  
 494 L	 11.04  
 495 R	 29.76  
 496 D	 47.68  
 497 E	 37.95  
 498 R	 40.46  
 499 F	 11.21  
 500 Y	 12.28  
 501 P	 25.04  
 502 S	 22.98  
 503 F	 8.88  
 504 R	 32.93  
 505 Q	 37.22  
 506 N	 27.88  
 507 A	 7.60  
 508 L	 5.50  
 509 Y	 5.43  
 510 V	 2.78  
 511 R	 10.80  
 512 M	 2.72  
 513 L	 2.04  
 514 A	 13.13  
 515 E	 41.14  
 516 L	 3.79  
 517 D	 31.69  
 518 M	 8.61  
 519 L	 5.93  
 520 K	 62.04  
 521 D	 39.86  
 522 P	 33.51  
 523 S	 37.40  
 524 F	 14.44  
 525 R	 48.30  
 526 G	 33.16  
 527 S	 28.42  
 528 D	 67.73  
 529 D	 59.80  
 530 G	 50.22  
 531 D	 65.76  
 532 G	 37.67  
 533 E	 57.82  
 534 S	 29.55  
 535 F	 11.90  
 536 N	 60.35  
 537 G	 32.75  
 538 S	 22.01  
 539 P	 42.02  
 540 T	 45.30  
 541 G	 29.88  
 542 S	 15.69  
 543 I	 6.77  
 544 N	 25.85  
 545 L	 5.25  
 546 S	 25.84  
 547 L	 7.18  
 548 D	 51.97  
 549 D	 58.24  
 550 L	 3.91  
 551 S	 42.03  
 552 N	 45.01  
 553 V	 5.35  
 554 S	 32.09  
 555 S	 40.95  
 556 D	 44.70  
 557 D	 53.29  
 558 S	 19.43  
 559 V	 10.12  
 560 Q	 31.33  
 561 L	 2.03  
 562 H	 10.21  
 563 A	 16.37  
 564 Y	 7.10  
 565 I	 2.89  
 566 S	 17.98  
 567 D	 30.54  
 568 T	 14.50  
 569 V	 4.44  
 570 Y	 8.89  
 571 A	 12.45  
 572 D	 30.58  
 573 Y	 15.62  
 574 D	 30.22  
 575 P	 16.86  
 576 Y	 15.71  
 577 A	 7.06  
 578 V	 3.82  
 579 A	 9.13  
 580 G	 20.22  
 581 V	 1.67  
 582 C	 4.91  
 583 N	 41.74  
 584 D	 46.95  
 585 H	 26.17  
 586 G	 27.19  
 587 K	 34.64  
 588 T	 20.72  
 589 Y	 9.70  
 590 A	 10.18  
 591 L	 1.77  
 592 Y	 6.44  
 593 A	 7.57  
 594 I	 2.33  
 595 T	 11.33  
 596 V	 2.43  
 597 H	 17.84  
 598 R	 25.50  
 599 R	 36.79  
 600 N	 43.46  
 601 L	 7.66  
 602 N	 51.42  
 603 S	 37.79  
 604 E	 51.28  
 605 E	 50.60  
 606 M	 3.79  
 607 W	 7.97  
 608 K	 34.08  
 609 T	 13.52  
 610 Y	 6.86  
 611 R	 35.97  
 612 R	 25.54  
 613 Y	 12.00  
 614 S	 31.80  
 615 D	 35.65  
 616 F	 4.97  
 617 H	 41.64  
 618 D	 34.83  
 619 F	 3.51  
 620 H	 15.63  
 621 M	 3.15  
 622 R	 24.90  
 623 I	 3.75  
 624 T	 17.23  
 625 E	 51.40  
 626 Q	 38.46  
 627 F	 5.84  
 628 E	 50.92  
 629 S	 34.54  
 630 L	 3.52  
 631 S	 25.31  
 632 S	 36.91  
 633 I	 3.36  
 634 L	 5.14  
 635 K	 51.47  
 636 L	 6.40  
 637 P	 51.47  
 638 G	 55.30  
 639 K	 46.85  
 640 K	 65.35  
 641 T	 34.77  
 642 F	 9.50  
 643 N	 48.42  
 644 N	 29.55  
 645 M	 4.73  
 646 D	 49.47  
 647 R	 26.30  
 648 D	 48.49  
 649 F	 11.20  
 650 L	 9.94  
 651 E	 51.30  
 652 K	 72.21  
 653 R	 41.71  
 654 K	 62.80  
 655 K	 72.05  
 656 D	 48.46  
 657 L	 5.62  
 658 N	 36.35  
 659 A	 17.45  
 660 Y	 8.23  
 661 L	 2.41  
 662 Q	 19.86  
 663 L	 3.80  
 664 L	 2.18  
 665 L	 11.54  
 666 A	 9.66  
 667 P	 29.95  
 668 E	 46.43  
 669 M	 3.04  
 670 M	 2.90  
 671 K	 44.39  
 672 A	 11.66  
 673 S	 12.75  
 674 P	 35.83  
 675 A	 18.19  
 676 L	 3.24  
 677 A	 8.28  
 678 H	 17.28  
 679 Y	 8.63  
 680 V	 2.37  
 681 Y	 8.20  
 682 D	 31.45  
 683 F	 5.16  
 684 L	 6.91  
 685 E	 57.59  
 686 N	 36.08  
 687 K	 39.05  
 688 A	 25.97  
 689 Y	 16.72  
 690 S	 39.53  
 691 K	 52.55  
 692 G	 32.98  
 693 K	 60.07  
 694 G	 43.89  
 695 D	 37.20  
 696 F	 10.91  
 697 A	 18.22  
 698 R	 34.52  
 699 K	 37.38  
 700 M	 4.97  
 701 D	 39.77  
 702 T	 26.45  
 703 F	 4.33  
 704 V	 8.61  
 705 N	 26.20  
 706 P	 27.65  
 707 L	 7.35  
 708 R	 34.14  
 709 N	 48.09  
 710 S	 16.82  
 711 M	 4.05  
 712 R	 39.97  
 713 N	 32.69  
 714 V	 3.09  
 715 S	 23.71  
 716 N	 44.46  
 717 A	 11.56  
 718 V	 5.18  
 719 K	 43.81  
 720 S	 38.24  
 721 L	 4.53  
 722 P	 35.91  
 723 D	 62.67  
 724 S	 27.78  
 725 L	 7.02  
 726 A	 18.43  
 727 E	 55.58  
 728 G	 24.37  
 729 M	 2.15  
 730 T	 34.16  
 731 K	 27.75  
 732 M	 4.47  
 733 S	 27.65  
 734 D	 45.71  
 735 N	 33.52  
 736 M	 7.01  
 737 G	 28.86  
 738 K	 28.60  
 739 M	 4.10  
 740 S	 24.05  
 741 E	 48.72  
 742 R	 36.49  
 743 L	 6.75  
 744 G	 29.36  
 745 Q	 54.57  
 746 D	 48.53  
 747 I	 3.17  
 748 K	 48.45  
 749 Q	 45.89  
 750 S	 27.87  
 751 F	 6.78  
 752 F	 10.64  
 753 K	 52.39  
 754 V	 5.08  
 755 P	 20.69  
 756 P	 46.00  
 757 L	 9.54  
 758 I	 3.97  
 759 P	 40.97  
 760 K	 58.95  
 761 T	 35.07  
 762 D	 58.11  
 763 S	 61.36  
 764 D	 56.25  
 765 P	 43.15  
 766 E	 55.83  
 767 H	 28.38  
 768 R	 38.75  
 769 R	 28.75  
 770 V	 5.84  
 771 S	 14.42  
 772 A	 15.88  
 773 Q	 37.61  
 774 L	 10.00  
 775 D	 33.10  
 776 D	 66.69  
 777 N	 38.49  
 778 V	 14.57  
 779 D	 49.87  
 780 D	 51.15  
 781 N	 33.06  
 782 I	 4.35  
 783 P	 21.99  
 784 L	 5.96  
 785 R	 13.37  
 786 V	 4.11  
 787 M	 1.44  
 788 L	 2.80  
 789 L	 1.69  
 790 L	 3.42  
 791 M	 4.10  
 792 D	 49.21  
 793 E	 30.99  
 794 V	 3.84  
 795 F	 9.53  
 796 D	 63.10  
 797 L	 4.16  
 798 K	 57.37  
 799 E	 65.25  
 800 R	 38.77  
 801 N	 38.17  
 802 Q	 46.96  
 803 W	 8.72  
 804 L	 2.38  
 805 R	 27.00  
 806 R	 47.24  
 807 N	 43.05  
 808 I	 2.72  
 809 K	 45.12  
 810 N	 42.03  
 811 L	 3.77  
 812 L	 4.22  
 813 Q	 38.92  
 814 Q	 38.53  
 815 L	 1.52  
 816 I	 2.15  
 817 R	 29.48  
 818 A	 9.74  
 819 T	 20.42  
 820 Y	 16.42  
 821 G	 22.64  
 822 D	 33.72  
 823 T	 18.78  
 824 I	 5.81  
 825 N	 41.08  
 826 R	 26.65  
 827 K	 42.46  
 828 I	 3.88  
 829 V	 4.70  
 830 D	 39.30  
 831 H	 14.45  
 832 V	 5.50  
 833 D	 26.47  
 834 W	 7.29  
 835 M	 1.99  
 836 T	 36.55  
 837 S	 15.44  
 838 P	 27.20  
 839 E	 58.41  
 840 Q	 38.80  
 841 V	 6.44  
 842 A	 11.76  
 843 D	 55.92  
 844 S	 21.57  
 845 V	 5.47  
 846 K	 50.17  
 847 R	 29.67  
 848 F	 7.40  
 849 R	 38.08  
 850 D	 43.32  
 851 A	 12.26  
 852 F	 15.15  
 853 W	 6.28  
 854 P	 23.79  
 855 N	 40.51  
 856 G	 16.53  
 857 I	 4.13  
 858 L	 3.60  
 859 A	 10.77  
 860 E	 46.91  
 861 A	 12.63  
 862 V	 3.28  
 863 P	 17.93  
 864 C	 7.65  
 865 R	 48.61  
 866 D	 56.63  
 867 K	 28.56  
 868 S	 21.51  
 869 I	 5.03  
 870 R	 18.67  
 871 M	 4.97  
 872 R	 14.99  
 873 T	 21.83  
 874 R	 13.11  
 875 V	 9.00  
 876 A	 15.52  
 877 G	 35.00  
 878 K	 32.52  
 879 T	 26.46  
 880 K	 45.01  
 881 L	 4.77  
 882 L	 3.02  
 883 A	 13.38  
 884 I	 4.09  
 885 M	 2.59  
 886 P	 26.30  
 887 D	 57.38  
 888 E	 54.57  
 889 L	 6.79  
 890 K	 30.61  
 891 H	 29.53  
 892 I	 2.73  
 893 I	 4.23  
 894 G	 19.43  
 895 A	 10.68  
 896 E	 45.56  
 897 T	 31.22  
 898 T	 23.14  
 899 R	 42.49  
 900 K	 48.49  
 901 G	 22.37  
 902 I	 2.20  
 903 L	 5.35  
 904 R	 29.20  
 905 V	 4.23  
 906 F	 4.56  
 907 E	 35.91  
 908 M	 2.38  
 909 F	 5.42  
 910 Q	 33.05  
 911 H	 16.85  
 912 N	 36.93  
 913 Q	 37.68  
 914 L	 6.99  
 915 N	 21.54  
 916 R	 36.34  
 917 R	 20.18  
 918 M	 2.00  
 919 V	 3.32  
 920 Y	 3.99  
 921 V	 2.76  
 922 F	 2.55  
 923 L	 4.48  
 924 E	 36.11  
 925 G	 34.29  
 926 F	 3.99  
 927 L	 7.85  
 928 E	 41.00  
 929 T	 35.53  
 930 L	 4.27  
 931 F	 4.65  
 932 P	 39.44  
 933 Q	 46.87  
 934 Y	 16.60  
 935 K	 32.47  
 936 F	 6.63  
 937 R	 35.24  
 938 E	 61.93  
 939 L	 5.10  
 940 F	 6.93  
 941 N	 59.61  
 942 K	 40.00  
 943 L	 4.68  
 944 H	 23.83  
 945 S	 49.00  
 946 R	 36.81  
 947 S	 30.19  
 948 K	 48.99  
 949 Q	 40.56  
 950 M	 4.22  
 951 Q	 43.35  
 952 K	 49.42  
 953 Y	 11.19  
 954 K	 48.25  
 955 Q	 48.91  
 956 K	 38.11  
 957 L	 5.18  
 958 Q	 49.92  
 959 T	 31.17  
 960 T	 15.12  
 961 Q	 55.45  
 962 A	 8.11  
 963 P	 26.25  
 964 S	 46.58  
 965 L	 7.29  
 966 Q	 43.76  
 967 K	 66.42  
 968 R	 38.52  
