 1 M	 9.04  
 2 A	 21.53  
 3 T	 43.35  
 4 D	 52.37  
 5 D	 48.67  
 6 K	 56.49  
 7 S	 48.85  
 8 S	 27.87  
 9 P	 44.03  
 10 T	 45.18  
 11 L	 5.78  
 12 D	 48.45  
 13 S	 31.89  
 14 A	 17.14  
 15 N	 56.13  
 16 D	 58.74  
 17 L	 3.68  
 18 P	 37.25  
 19 R	 63.67  
 20 S	 23.91  
 21 P	 37.73  
 22 A	 35.01  
 23 S	 30.25  
 24 P	 28.07  
 25 S	 28.74  
 26 H	 37.82  
 27 L	 4.70  
 28 T	 21.60  
 29 H	 34.78  
 30 F	 8.00  
 31 K	 31.36  
 32 P	 40.29  
 33 L	 12.83  
 34 T	 33.09  
 35 P	 44.97  
 36 D	 64.43  
 37 Q	 59.16  
 38 D	 77.18  
 39 E	 49.60  
 40 P	 48.17  
 41 P	 47.45  
 42 F	 16.66  
 43 K	 39.69  
 44 S	 32.58  
 45 A	 14.60  
 46 Y	 16.37  
 47 S	 19.60  
 48 S	 22.12  
 49 F	 3.29  
 50 V	 7.03  
 51 N	 31.30  
 52 L	 2.47  
 53 F	 7.65  
 54 R	 37.08  
 55 F	 13.84  
 56 N	 40.81  
 57 K	 46.18  
 58 E	 68.00  
 59 R	 50.50  
 60 G	 38.71  
 61 E	 67.39  
 62 G	 36.23  
 63 G	 28.19  
 64 Q	 64.21  
 65 G	 37.65  
 66 E	 37.24  
 67 Q	 56.74  
 68 Q	 53.67  
 69 S	 26.83  
 70 P	 33.61  
 71 S	 42.10  
 72 S	 33.03  
 73 S	 30.88  
 74 W	 11.60  
 75 A	 17.18  
 76 S	 15.87  
 77 P	 28.51  
 78 Q	 58.70  
 79 I	 3.67  
 80 P	 16.71  
 81 S	 49.98  
 82 R	 31.28  
 83 T	 29.54  
 84 Q	 38.53  
 85 S	 20.91  
 86 V	 5.16  
 87 R	 40.25  
 88 S	 28.26  
 89 P	 22.12  
 90 V	 9.49  
 91 P	 38.31  
 92 Y	 30.93  
 93 K	 28.15  
 94 K	 54.92  
 95 Q	 45.42  
 96 L	 13.80  
 97 N	 37.90  
 98 E	 71.21  
 99 E	 49.13  
 100 L	 2.88  
 101 H	 26.79  
 102 R	 53.45  
 103 R	 23.65  
 104 S	 25.42  
 105 S	 28.98  
 106 V	 9.07  
 107 L	 4.54  
 108 E	 46.11  
 109 N	 42.63  
 110 T	 32.08  
 111 L	 5.75  
 112 P	 34.76  
 113 H	 39.53  
 114 P	 37.38  
 115 Q	 54.99  
 116 E	 61.12  
 117 S	 32.06  
 118 T	 36.92  
 119 D	 49.80  
 120 S	 33.79  
 121 R	 47.10  
 122 R	 46.63  
 123 K	 56.86  
 124 A	 26.62  
 125 E	 36.14  
 126 P	 37.40  
 127 A	 8.97  
 128 C	 11.11  
 129 G	 38.28  
 130 G	 23.16  
 131 H	 27.47  
 132 D	 37.34  
 133 P	 29.82  
 134 R	 41.18  
 135 T	 36.25  
 136 A	 6.58  
 137 V	 5.64  
 138 Q	 28.79  
 139 L	 3.01  
 140 R	 20.61  
 141 S	 34.95  
 142 L	 3.93  
 143 S	 20.09  
 144 T	 34.84  
 145 V	 5.50  
 146 L	 2.43  
 147 K	 51.88  
 148 R	 47.00  
 149 L	 5.81  
 150 K	 49.59  
 151 E	 52.76  
 152 I	 2.66  
 153 M	 6.11  
 154 E	 69.96  
 155 G	 19.96  
 156 K	 31.47  
 157 S	 50.50  
 158 Q	 58.68  
 159 D	 51.73  
 160 S	 36.89  
 161 D	 67.20  
 162 L	 4.28  
 163 K	 46.46  
 164 Q	 44.40  
 165 Y	 11.33  
 166 W	 6.85  
 167 M	 1.94  
 168 P	 24.77  
 169 D	 34.92  
 170 S	 31.44  
 171 Q	 50.08  
 172 C	 4.67  
 173 K	 43.09  
 174 E	 46.03  
 175 C	 1.81  
 176 Y	 22.52  
 177 D	 40.92  
 178 C	 1.98  
 179 S	 40.71  
 180 E	 59.53  
 181 K	 31.55  
 182 F	 7.35  
 183 T	 35.77  
 184 T	 20.48  
 185 F	 5.34  
 186 R	 32.41  
 187 R	 37.79  
 188 R	 21.46  
 189 H	 23.69  
 190 H	 9.15  
 191 C	 2.65  
 192 R	 28.76  
 193 L	 4.72  
 194 C	 1.63  
 195 G	 28.36  
 196 Q	 25.29  
 197 I	 1.97  
 198 F	 2.08  
 199 C	 2.40  
 200 S	 20.01  
 201 R	 30.13  
 202 C	 1.15  
 203 C	 5.98  
 204 N	 46.26  
 205 Q	 35.76  
 206 E	 36.84  
 207 I	 3.82  
 208 P	 38.89  
 209 G	 41.30  
 210 K	 27.16  
 211 F	 5.94  
 212 M	 4.58  
 213 G	 21.71  
 214 Y	 8.85  
 215 T	 20.63  
 216 G	 24.38  
 217 D	 25.78  
 218 L	 3.86  
 219 R	 32.15  
 220 A	 9.41  
 221 C	 1.94  
 222 T	 25.35  
 223 Y	 7.08  
 224 C	 1.60  
 225 R	 24.01  
 226 K	 28.86  
 227 I	 2.11  
 228 A	 8.09  
 229 L	 4.60  
 230 S	 15.97  
 231 Y	 14.80  
 232 A	 6.18  
 233 H	 24.01  
 234 S	 26.24  
 235 T	 33.31  
 236 D	 49.16  
 237 S	 32.34  
 238 N	 40.22  
 239 S	 35.60  
 240 I	 9.07  
 241 G	 23.37  
 242 E	 58.62  
 243 D	 39.76  
 244 L	 3.34  
 245 N	 51.67  
 246 A	 18.75  
 247 L	 5.94  
 248 S	 27.40  
 249 D	 49.14  
 250 S	 28.12  
 251 T	 17.50  
 252 C	 4.35  
 253 S	 20.98  
 254 V	 4.48  
 255 S	 10.92  
 256 I	 4.79  
 257 L	 6.54  
 258 D	 42.90  
 259 P	 36.83  
 260 S	 60.96  
 261 E	 44.16  
 262 P	 50.19  
 263 R	 47.84  
 264 T	 32.80  
 265 P	 29.74  
 266 V	 12.28  
 267 G	 23.96  
 268 S	 30.73  
 269 R	 32.41  
 270 K	 53.03  
 271 A	 16.77  
 272 S	 28.97  
 273 R	 45.16  
 274 N	 27.20  
 275 I	 3.97  
 276 F	 7.54  
 277 L	 6.63  
 278 E	 38.44  
 279 D	 59.37  
 280 D	 28.98  
 281 L	 8.91  
 282 A	 14.84  
 283 W	 8.80  
 284 Q	 23.81  
 285 S	 20.70  
 286 L	 2.20  
 287 I	 5.55  
 288 H	 25.96  
 289 P	 35.86  
 290 D	 51.00  
 291 S	 35.55  
 292 S	 42.03  
 293 N	 34.94  
 294 S	 32.32  
 295 A	 15.13  
 296 L	 5.58  
 297 S	 15.93  
 298 T	 28.95  
 299 R	 29.71  
 300 L	 3.22  
 301 V	 4.80  
 302 S	 23.75  
 303 V	 5.87  
 304 Q	 35.03  
 305 E	 47.90  
 306 D	 43.46  
 307 A	 26.93  
 308 G	 43.21  
 309 K	 55.79  
 310 S	 23.91  
 311 P	 38.43  
 312 A	 28.59  
 313 R	 42.34  
 314 N	 44.35  
 315 R	 28.22  
 316 S	 29.89  
 317 A	 11.17  
 318 S	 31.06  
 319 I	 2.71  
 320 T	 27.84  
 321 N	 26.43  
 322 L	 3.94  
 323 S	 30.23  
 324 L	 7.75  
 325 D	 39.05  
 326 R	 48.49  
 327 S	 43.20  
 328 G	 36.34  
 329 S	 15.86  
 330 P	 31.17  
 331 M	 8.09  
 332 V	 3.02  
 333 P	 25.58  
 334 S	 24.96  
 335 Y	 19.70  
 336 E	 38.66  
 337 T	 26.62  
 338 S	 14.52  
 339 V	 14.63  
 340 S	 15.86  
 341 P	 34.84  
 342 Q	 43.70  
 343 A	 21.97  
 344 N	 27.73  
 345 R	 40.10  
 346 N	 36.07  
 347 Y	 6.64  
 348 I	 5.12  
 349 R	 19.02  
 350 T	 28.29  
 351 E	 43.83  
 352 T	 34.57  
 353 T	 34.90  
 354 E	 66.35  
 355 D	 59.93  
 356 E	 50.03  
 357 R	 43.57  
 358 K	 35.34  
 359 I	 6.06  
 360 L	 4.95  
 361 L	 5.79  
 362 D	 38.18  
 363 S	 20.20  
 364 A	 20.56  
 365 Q	 53.66  
 366 L	 4.69  
 367 K	 38.40  
 368 D	 67.37  
 369 L	 7.45  
 370 W	 15.27  
 371 K	 39.29  
 372 K	 38.70  
 373 I	 2.10  
 374 C	 2.36  
 375 H	 30.63  
 376 H	 19.81  
 377 T	 11.87  
 378 S	 31.61  
 379 G	 22.31  
 380 M	 4.70  
 381 E	 43.62  
 382 F	 8.42  
 383 Q	 32.09  
 384 D	 33.29  
 385 H	 17.59  
 386 R	 32.39  
 387 Y	 12.84  
 388 W	 4.55  
 389 L	 3.16  
 390 R	 19.49  
 391 T	 39.24  
 392 H	 12.73  
 393 P	 36.45  
 394 N	 22.12  
 395 C	 2.92  
 396 I	 6.10  
 397 V	 11.05  
 398 G	 9.60  
 399 K	 36.66  
 400 E	 52.61  
 401 L	 4.04  
 402 V	 5.18  
 403 N	 40.22  
 404 W	 5.91  
 405 L	 1.91  
 406 I	 2.13  
 407 R	 40.69  
 408 N	 39.13  
 409 G	 12.06  
 410 H	 15.28  
 411 I	 4.43  
 412 A	 5.83  
 413 T	 26.40  
 414 R	 18.71  
 415 A	 9.98  
 416 Q	 29.97  
 417 A	 7.69  
 418 I	 1.58  
 419 A	 11.68  
 420 I	 3.25  
 421 G	 10.52  
 422 Q	 21.85  
 423 A	 8.51  
 424 M	 1.86  
 425 V	 8.71  
 426 D	 28.05  
 427 G	 15.97  
 428 R	 26.73  
 429 W	 11.33  
 430 L	 3.35  
 431 D	 24.66  
 432 C	 2.95  
 433 V	 6.44  
 434 S	 22.80  
 435 H	 14.24  
 436 H	 19.60  
 437 D	 41.26  
 438 Q	 37.84  
 439 L	 4.78  
 440 F	 8.43  
 441 R	 44.43  
 442 D	 46.02  
 443 E	 28.57  
 444 Y	 13.24  
 445 A	 8.96  
 446 L	 3.50  
 447 Y	 11.30  
 448 R	 26.71  
 449 P	 22.61  
 450 L	 4.67  
 451 Q	 51.49  
 452 S	 37.27  
 453 T	 28.26  
 454 E	 53.04  
 455 F	 8.95  
 456 S	 34.04  
 457 E	 70.79  
 458 T	 28.06  
 459 P	 39.55  
 460 S	 49.08  
 461 P	 46.45  
 462 D	 70.21  
 463 S	 34.86  
 464 D	 65.08  
 465 S	 27.44  
 466 V	 8.11  
 467 N	 44.27  
 468 S	 21.27  
 469 V	 9.60  
 470 E	 51.51  
 471 G	 27.71  
 472 H	 18.58  
 473 S	 63.16  
 474 E	 37.37  
 475 P	 39.62  
 476 S	 40.88  
 477 W	 18.28  
 478 F	 6.30  
 479 K	 52.89  
 480 D	 39.58  
 481 I	 5.02  
 482 K	 53.53  
 483 F	 14.95  
 484 D	 49.88  
 485 D	 52.09  
 486 S	 48.56  
 487 D	 62.35  
 488 T	 33.47  
 489 E	 45.01  
 490 Q	 42.14  
 491 I	 4.19  
 492 A	 14.42  
 493 E	 65.23  
 494 E	 59.92  
 495 G	 38.79  
 496 D	 44.92  
 497 D	 64.00  
 498 N	 46.79  
 499 L	 5.83  
 500 A	 12.52  
 501 K	 42.13  
 502 Y	 13.51  
 503 L	 2.68  
 504 V	 4.40  
 505 S	 27.19  
 506 D	 41.72  
 507 T	 35.39  
 508 G	 36.58  
 509 G	 17.72  
 510 Q	 42.24  
 511 Q	 40.21  
 512 L	 3.64  
 513 S	 18.73  
 514 I	 6.17  
 515 S	 21.36  
 516 D	 43.77  
 517 A	 10.98  
 518 F	 11.14  
 519 I	 5.33  
 520 K	 34.49  
 521 E	 48.10  
 522 S	 33.00  
 523 L	 4.65  
 524 F	 10.47  
 525 N	 35.82  
 526 R	 36.37  
 527 R	 41.10  
 528 V	 11.42  
 529 E	 58.87  
 530 E	 60.83  
 531 K	 54.01  
 532 S	 34.34  
 533 K	 74.47  
 534 E	 69.62  
 535 L	 4.93  
 536 P	 31.96  
 537 F	 20.11  
 538 T	 18.70  
 539 P	 29.29  
 540 L	 12.03  
 541 G	 23.91  
 542 W	 9.39  
 543 H	 16.40  
 544 H	 20.54  
 545 N	 41.72  
 546 N	 30.45  
 547 L	 6.27  
 548 E	 48.13  
 549 L	 6.52  
 550 L	 4.77  
 551 R	 62.90  
 552 E	 66.21  
 553 E	 64.60  
 554 N	 58.96  
 555 E	 70.61  
 556 E	 63.15  
 557 K	 36.86  
 558 Q	 49.58  
 559 A	 16.93  
 560 M	 2.59  
 561 E	 43.10  
 562 R	 28.04  
 563 L	 2.56  
 564 L	 5.94  
 565 S	 31.45  
 566 A	 22.67  
 567 N	 32.87  
 568 H	 25.86  
 569 N	 25.26  
 570 H	 10.39  
 571 M	 1.72  
 572 M	 1.52  
 573 A	 9.50  
 574 L	 2.11  
 575 L	 1.90  
 576 Q	 32.50  
 577 Q	 44.07  
 578 L	 3.24  
 579 L	 4.46  
 580 Q	 61.30  
 581 N	 40.57  
 582 E	 39.84  
 583 S	 40.89  
 584 L	 4.73  
 585 S	 31.44  
 586 S	 38.93  
 587 S	 23.82  
 588 W	 12.15  
 589 R	 27.48  
 590 D	 28.80  
 591 I	 2.22  
 592 I	 1.70  
 593 V	 3.55  
 594 S	 12.50  
 595 L	 2.86  
 596 V	 1.35  
 597 C	 2.85  
 598 Q	 30.82  
 599 V	 2.66  
 600 V	 1.30  
 601 Q	 35.11  
 602 T	 13.58  
 603 V	 4.71  
 604 R	 25.70  
 605 P	 46.54  
 606 D	 52.08  
 607 V	 7.08  
 608 K	 42.82  
 609 H	 35.83  
 610 Q	 50.54  
 611 D	 54.30  
 612 D	 46.71  
 613 D	 44.97  
 614 M	 6.25  
 615 D	 39.66  
 616 I	 2.75  
 617 R	 21.44  
 618 Q	 45.08  
 619 F	 2.87  
 620 V	 3.27  
 621 H	 27.69  
 622 I	 4.01  
 623 K	 29.76  
 624 K	 54.23  
 625 I	 3.05  
 626 P	 55.13  
 627 G	 65.12  
 628 G	 25.32  
 629 K	 57.07  
 630 K	 58.65  
 631 F	 10.89  
 632 D	 49.77  
 633 S	 21.68  
 634 V	 6.32  
 635 V	 2.99  
 636 V	 5.63  
 637 N	 26.95  
 638 G	 12.54  
 639 F	 3.26  
 640 V	 4.25  
 641 C	 4.13  
 642 T	 23.09  
 643 K	 41.03  
 644 N	 20.65  
 645 I	 4.53  
 646 A	 20.17  
 647 H	 26.86  
 648 K	 44.70  
 649 K	 33.19  
 650 M	 5.49  
 651 N	 42.48  
 652 S	 17.45  
 653 C	 4.33  
 654 I	 4.92  
 655 K	 72.09  
 656 N	 24.16  
 657 P	 21.77  
 658 K	 56.21  
 659 I	 3.28  
 660 L	 5.98  
 661 L	 4.97  
 662 L	 4.75  
 663 K	 26.38  
 664 C	 5.10  
 665 S	 19.50  
 666 I	 5.90  
 667 E	 17.12  
 668 Y	 13.83  
 669 L	 1.79  
 670 Y	 18.31  
 671 R	 32.45  
 672 E	 57.36  
 673 E	 48.58  
 674 T	 27.06  
 675 K	 41.79  
 676 F	 9.82  
 677 T	 15.31  
 678 C	 3.60  
 679 I	 6.83  
 680 D	 29.08  
 681 P	 9.93  
 682 I	 4.24  
 683 V	 5.70  
 684 L	 4.54  
 685 Q	 36.49  
 686 E	 50.44  
 687 R	 27.32  
 688 E	 55.36  
 689 F	 17.21  
 690 L	 2.77  
 691 K	 52.10  
 692 N	 44.34  
 693 Y	 9.07  
 694 V	 4.27  
 695 Q	 21.01  
 696 R	 22.36  
 697 I	 1.41  
 698 V	 6.40  
 699 D	 28.47  
 700 V	 5.67  
 701 R	 17.64  
 702 P	 29.90  
 703 T	 20.95  
 704 L	 2.88  
 705 V	 6.56  
 706 L	 4.66  
 707 V	 5.74  
 708 E	 38.56  
 709 K	 46.90  
 710 T	 15.37  
 711 V	 5.54  
 712 S	 24.17  
 713 R	 24.75  
 714 I	 2.92  
 715 A	 9.75  
 716 Q	 33.98  
 717 D	 22.22  
 718 M	 2.82  
 719 L	 7.35  
 720 L	 3.52  
 721 E	 35.79  
 722 H	 32.69  
 723 G	 12.76  
 724 I	 2.65  
 725 T	 21.40  
 726 L	 3.26  
 727 V	 1.93  
 728 I	 5.73  
 729 N	 27.90  
 730 V	 4.30  
 731 K	 30.59  
 732 S	 22.65  
 733 Q	 37.79  
 734 V	 8.49  
 735 L	 2.58  
 736 E	 49.46  
 737 R	 28.20  
 738 I	 1.93  
 739 S	 23.40  
 740 R	 29.78  
 741 M	 2.34  
 742 T	 28.43  
 743 Q	 33.78  
 744 G	 22.51  
 745 D	 26.86  
 746 L	 5.39  
 747 V	 3.40  
 748 V	 5.22  
 749 S	 14.79  
 750 M	 2.29  
 751 D	 28.59  
 752 Q	 29.72  
 753 L	 5.97  
 754 L	 4.87  
 755 T	 51.64  
 756 K	 30.34  
 757 P	 23.77  
 758 H	 38.15  
 759 L	 9.13  
 760 G	 24.22  
 761 T	 20.14  
 762 C	 2.89  
 763 H	 24.09  
 764 K	 40.09  
 765 F	 2.46  
 766 Y	 7.91  
 767 M	 2.51  
 768 Q	 23.20  
 769 I	 1.04  
 770 F	 3.25  
 771 Q	 58.60  
 772 L	 3.24  
 773 P	 31.37  
 774 N	 63.70  
 775 E	 58.65  
 776 Q	 55.74  
 777 T	 21.59  
 778 K	 39.08  
 779 T	 27.17  
 780 L	 2.76  
 781 M	 4.35  
 782 F	 5.92  
 783 F	 4.99  
 784 E	 48.93  
 785 G	 24.21  
 786 C	 2.00  
 787 P	 35.17  
 788 Q	 48.81  
 789 H	 14.88  
 790 L	 5.19  
 791 G	 12.37  
 792 C	 4.47  
 793 T	 21.24  
 794 I	 4.62  
 795 K	 17.61  
 796 L	 5.63  
 797 R	 42.28  
 798 G	 50.85  
 799 G	 15.77  
 800 S	 39.58  
 801 D	 44.17  
 802 Y	 17.97  
 803 E	 40.73  
 804 L	 2.76  
 805 A	 11.41  
 806 R	 53.30  
 807 V	 5.62  
 808 K	 33.22  
 809 E	 39.92  
 810 I	 2.72  
 811 L	 2.30  
 812 I	 2.43  
 813 F	 2.12  
 814 M	 1.52  
 815 I	 0.88  
 816 C	 0.68  
 817 V	 4.02  
 818 A	 7.60  
 819 Y	 5.00  
 820 H	 10.18  
 821 S	 24.63  
 822 Q	 29.78  
 823 L	 7.66  
 824 E	 29.02  
 825 I	 4.86  
 826 S	 11.71  
 827 F	 8.88  
 828 L	 3.18  
 829 M	 4.34  
 830 D	 50.43  
 831 E	 22.72  
 832 F	 6.51  
 833 A	 13.92  
 834 M	 5.05  
 835 P	 18.46  
 836 P	 25.69  
 837 T	 29.05  
 838 L	 3.47  
 839 M	 4.00  
 840 Q	 56.13  
 841 S	 14.46  
 842 P	 24.91  
 843 S	 30.46  
 844 F	 5.52  
 845 H	 25.02  
 846 L	 6.28  
 847 L	 2.84  
 848 T	 42.63  
 849 E	 47.03  
 850 G	 37.34  
 851 R	 43.02  
 852 G	 48.44  
 853 E	 52.47  
 854 E	 63.98  
 855 G	 26.65  
 856 A	 16.01  
 857 S	 45.14  
 858 Q	 44.61  
 859 E	 50.91  
 860 Q	 27.34  
 861 V	 7.42  
 862 S	 32.43  
 863 G	 23.54  
 864 S	 22.61  
 865 S	 47.82  
 866 L	 4.77  
 867 P	 38.18  
 868 Q	 81.71  
 869 D	 38.74  
 870 P	 39.58  
 871 E	 66.50  
 872 C	 4.72  
 873 P	 35.17  
 874 R	 54.18  
 875 E	 38.82  
 876 A	 17.64  
 877 L	 5.05  
 878 S	 38.44  
 879 S	 46.39  
 880 E	 53.24  
 881 D	 49.20  
 882 S	 19.53  
 883 T	 47.92  
 884 L	 6.06  
 885 L	 5.94  
 886 E	 41.09  
 887 S	 32.97  
 888 R	 21.34  
 889 T	 38.43  
 890 V	 6.72  
 891 L	 5.79  
 892 E	 55.46  
 893 K	 54.23  
 894 G	 31.18  
 895 E	 65.11  
 896 L	 13.83  
 897 D	 57.09  
 898 N	 53.23  
 899 K	 49.80  
 900 S	 45.84  
 901 I	 2.90  
 902 P	 24.14  
 903 Q	 46.96  
 904 A	 8.09  
 905 V	 2.91  
 906 A	 16.50  
 907 S	 31.21  
 908 L	 4.07  
 909 K	 36.40  
 910 H	 30.91  
 911 Q	 43.76  
 912 D	 42.33  
 913 Y	 13.12  
 914 T	 34.29  
 915 T	 15.46  
 916 P	 24.97  
 917 T	 29.09  
 918 C	 1.98  
 919 P	 35.68  
 920 A	 30.60  
 921 G	 14.98  
 922 I	 2.48  
 923 P	 9.08  
 924 C	 4.93  
 925 A	 10.60  
 926 L	 3.08  
 927 F	 2.35  
 928 A	 14.43  
 929 L	 5.31  
 930 V	 4.42  
 931 P	 26.72  
 932 E	 46.68  
 933 S	 29.18  
 934 L	 5.64  
 935 L	 6.21  
 936 P	 26.05  
 937 L	 5.43  
 938 H	 18.81  
 939 M	 7.01  
 940 D	 32.04  
 941 Q	 35.16  
 942 Q	 36.04  
 943 D	 37.27  
 944 A	 13.53  
 945 V	 13.07  
 946 G	 35.21  
 947 N	 34.99  
 948 E	 38.09  
 949 H	 36.56  
 950 R	 42.59  
 951 E	 55.51  
 952 T	 31.62  
 953 S	 18.61  
 954 Q	 58.58  
 955 Q	 51.16  
 956 T	 33.59  
 957 D	 47.58  
 958 E	 54.23  
 959 Q	 56.65  
 960 Q	 67.91  
 961 D	 52.90  
 962 P	 33.58  
 963 K	 62.70  
 964 S	 40.68  
 965 Q	 43.45  
 966 M	 4.34  
 967 K	 36.41  
 968 A	 10.20  
 969 F	 8.31  
 970 R	 49.88  
 971 D	 41.63  
 972 P	 27.89  
 973 L	 11.61  
 974 Q	 52.50  
 975 D	 64.22  
 976 D	 32.00  
 977 T	 31.94  
 978 G	 16.65  
 979 M	 2.36  
 980 Y	 12.93  
 981 V	 3.94  
 982 T	 14.67  
 983 E	 40.19  
 984 E	 41.55  
 985 V	 5.25  
 986 T	 29.80  
 987 S	 36.58  
 988 S	 35.51  
 989 E	 58.91  
 990 D	 56.38  
 991 Q	 44.72  
 992 R	 45.68  
 993 K	 40.01  
 994 T	 19.06  
 995 Y	 11.58  
 996 A	 12.83  
 997 L	 3.99  
 998 T	 22.18  
 999 F	 8.82  
 1000 K	 37.31  
 1001 Q	 58.00  
 1002 E	 59.38  
 1003 L	 5.49  
 1004 K	 49.55  
 1005 D	 45.36  
 1006 V	 3.26  
 1007 I	 3.58  
 1008 L	 1.82  
 1009 C	 1.67  
 1010 I	 4.71  
 1011 S	 16.47  
 1012 P	 11.13  
 1013 V	 5.27  
 1014 I	 3.23  
 1015 T	 19.51  
 1016 F	 5.98  
 1017 R	 41.87  
 1018 E	 35.89  
 1019 P	 22.41  
 1020 F	 8.17  
 1021 L	 9.41  
 1022 L	 6.26  
 1023 T	 37.49  
 1024 E	 47.81  
 1025 K	 53.42  
 1026 G	 11.52  
 1027 M	 6.06  
 1028 R	 21.65  
 1029 C	 3.46  
 1030 S	 18.99  
 1031 T	 31.05  
 1032 R	 21.97  
 1033 D	 49.89  
 1034 Y	 20.10  
 1035 F	 6.68  
 1036 P	 26.76  
 1037 E	 39.45  
 1038 Q	 34.02  
 1039 I	 3.47  
 1040 Y	 10.26  
 1041 W	 8.63  
 1042 S	 6.68  
 1043 P	 27.07  
 1044 L	 7.40  
 1045 L	 11.05  
 1046 N	 46.23  
 1047 K	 64.95  
 1048 E	 58.72  
 1049 V	 7.31  
 1050 K	 53.05  
 1051 E	 54.05  
 1052 M	 4.73  
 1053 E	 42.03  
 1054 S	 35.75  
 1055 R	 40.92  
 1056 R	 60.86  
 1057 K	 43.70  
 1058 K	 44.35  
 1059 Q	 49.08  
 1060 L	 6.10  
 1061 L	 3.57  
 1062 R	 51.95  
 1063 D	 45.19  
 1064 L	 3.37  
 1065 S	 41.57  
 1066 G	 29.35  
 1067 L	 3.41  
 1068 Q	 53.25  
 1069 G	 19.30  
 1070 M	 3.11  
 1071 N	 46.54  
 1072 G	 21.94  
 1073 S	 13.17  
 1074 V	 7.32  
 1075 Q	 44.78  
 1076 A	 12.85  
 1077 K	 30.88  
 1078 S	 22.67  
 1079 I	 3.02  
 1080 Q	 37.47  
 1081 V	 8.94  
 1082 L	 1.74  
 1083 P	 34.48  
 1084 S	 25.98  
 1085 H	 30.39  
 1086 E	 56.03  
 1087 L	 2.85  
 1088 V	 5.10  
 1089 S	 25.29  
 1090 T	 20.72  
 1091 R	 20.72  
 1092 I	 5.52  
 1093 A	 9.50  
 1094 E	 36.41  
 1095 H	 21.60  
 1096 V	 7.39  
 1097 G	 30.66  
 1098 D	 36.16  
 1099 S	 21.09  
 1100 Q	 45.55  
 1101 T	 34.82  
 1102 L	 2.96  
 1103 G	 19.15  
 1104 R	 21.76  
 1105 M	 3.25  
 1106 L	 2.94  
 1107 A	 11.49  
 1108 D	 29.50  
 1109 Y	 10.68  
 1110 R	 20.53  
 1111 A	 14.29  
 1112 R	 44.65  
 1113 G	 38.71  
 1114 G	 27.50  
 1115 E	 44.97  
 1116 F	 11.72  
 1117 S	 20.29  
 1118 Q	 51.23  
 1119 N	 39.79  
 1120 I	 2.66  
 1121 W	 17.62  
 1122 N	 19.14  
 1123 P	 20.03  
 1124 F	 7.54  
 1125 V	 5.41  
 1126 H	 29.52  
 1127 S	 32.26  
 1128 K	 44.54  
 1129 D	 54.40  
 1130 D	 31.15  
 1131 I	 3.28  
 1132 M	 3.13  
 1133 Y	 7.13  
 1134 F	 3.37  
 1135 R	 13.60  
 1136 W	 6.51  
 1137 Q	 22.17  
 1138 I	 3.22  
 1139 R	 30.36  
 1140 E	 52.50  
 1141 T	 26.06  
 1142 K	 29.55  
 1143 L	 6.96  
 1144 R	 28.21  
 1145 V	 10.48  
 1146 M	 2.78  
 1147 K	 41.21  
 1148 E	 33.61  
 1149 R	 39.43  
 1150 G	 29.11  
 1151 L	 6.97  
 1152 I	 3.23  
 1153 P	 29.53  
 1154 S	 37.20  
 1155 D	 30.48  
 1156 V	 6.06  
 1157 I	 4.35  
 1158 W	 8.38  
 1159 P	 15.95  
 1160 T	 28.80  
 1161 K	 31.81  
 1162 V	 7.46  
 1163 D	 32.51  
 1164 C	 4.41  
 1165 L	 8.12  
 1166 N	 39.71  
 1167 P	 22.84  
 1168 A	 25.68  
 1169 N	 32.84  
 1170 H	 19.08  
 1171 Q	 39.59  
 1172 R	 23.62  
 1173 L	 1.58  
 1174 C	 2.45  
 1175 V	 7.77  
 1176 L	 3.17  
 1177 F	 3.12  
 1178 S	 25.75  
 1179 S	 22.45  
 1180 S	 28.61  
 1181 S	 32.07  
 1182 A	 18.41  
 1183 Q	 49.71  
 1184 S	 25.85  
 1185 S	 25.57  
 1186 N	 62.20  
 1187 A	 11.02  
 1188 P	 27.06  
 1189 S	 31.71  
 1190 A	 9.18  
 1191 C	 3.50  
 1192 V	 8.45  
 1193 S	 17.88  
 1194 P	 12.38  
 1195 W	 7.09  
 1196 I	 1.78  
 1197 V	 3.54  
 1198 T	 11.23  
 1199 M	 2.02  
 1200 E	 26.76  
 1201 F	 7.28  
 1202 Y	 17.55  
 1203 G	 27.84  
 1204 K	 35.59  
 1205 N	 45.20  
 1206 D	 44.51  
 1207 L	 6.27  
 1208 T	 26.29  
 1209 L	 6.87  
 1210 G	 11.90  
 1211 I	 3.91  
 1212 F	 5.71  
 1213 L	 3.28  
 1214 E	 30.75  
 1215 R	 35.35  
 1216 Y	 6.12  
 1217 C	 1.64  
 1218 F	 6.44  
 1219 R	 18.87  
 1220 Y	 7.47  
 1221 S	 12.41  
 1222 Y	 12.75  
 1223 Q	 27.06  
 1224 C	 1.73  
 1225 P	 17.19  
 1226 S	 31.92  
 1227 M	 2.04  
 1228 F	 3.91  
 1229 C	 4.22  
 1230 D	 42.45  
 1231 T	 17.92  
 1232 P	 15.00  
 1233 M	 4.94  
 1234 V	 2.90  
 1235 H	 12.38  
 1236 H	 12.11  
 1237 I	 1.72  
 1238 R	 22.94  
 1239 R	 37.02  
 1240 F	 3.23  
 1241 V	 4.74  
 1242 H	 21.83  
 1243 G	 21.92  
 1244 Q	 27.51  
 1245 G	 20.39  
 1246 C	 1.24  
 1247 V	 6.15  
 1248 Q	 22.53  
 1249 I	 1.66  
 1250 I	 2.22  
 1251 L	 3.63  
 1252 K	 45.91  
 1253 E	 55.13  
 1254 L	 8.26  
 1255 D	 52.57  
 1256 S	 40.18  
 1257 P	 35.67  
 1258 V	 7.13  
 1259 P	 38.88  
 1260 G	 34.66  
 1261 Y	 7.34  
 1262 Q	 32.91  
 1263 H	 13.34  
 1264 T	 11.36  
 1265 I	 2.25  
 1266 L	 3.75  
 1267 T	 16.20  
 1268 Y	 9.20  
 1269 S	 17.92  
 1270 W	 2.50  
 1271 C	 1.40  
 1272 R	 30.95  
 1273 I	 2.89  
 1274 C	 0.99  
 1275 K	 45.49  
 1276 Q	 39.65  
 1277 V	 3.90  
 1278 T	 14.10  
 1279 P	 21.52  
 1280 V	 2.62  
 1281 V	 4.70  
 1282 A	 12.90  
 1283 L	 3.69  
 1284 S	 28.90  
 1285 N	 48.44  
 1286 E	 50.65  
 1287 S	 28.80  
 1288 W	 7.59  
 1289 S	 17.52  
 1290 M	 2.88  
 1291 S	 19.28  
 1292 F	 5.21  
 1293 A	 7.71  
 1294 K	 48.64  
 1295 Y	 11.28  
 1296 L	 5.01  
 1297 E	 34.51  
 1298 L	 4.18  
 1299 R	 17.23  
 1300 F	 15.57  
 1301 Y	 13.78  
 1302 G	 9.94  
 1303 H	 13.19  
 1304 Q	 36.61  
 1305 Y	 9.13  
 1306 T	 13.70  
 1307 R	 30.68  
 1308 R	 25.13  
 1309 A	 19.12  
 1310 N	 42.92  
 1311 A	 22.56  
 1312 E	 40.71  
 1313 P	 27.29  
 1314 C	 6.03  
 1315 G	 28.43  
 1316 H	 30.23  
 1317 S	 14.65  
 1318 I	 2.51  
 1319 H	 15.69  
 1320 H	 35.34  
 1321 D	 28.57  
 1322 Y	 6.10  
 1323 H	 23.17  
 1324 Q	 34.44  
 1325 Y	 4.91  
 1326 F	 5.13  
 1327 S	 20.45  
 1328 Y	 10.26  
 1329 N	 23.44  
 1330 Q	 21.35  
 1331 M	 2.12  
 1332 V	 2.65  
 1333 A	 10.26  
 1334 S	 11.87  
 1335 F	 5.99  
 1336 S	 23.39  
 1337 Y	 19.22  
 1338 S	 16.80  
 1339 P	 13.90  
 1340 I	 3.89  
 1341 R	 36.28  
 1342 L	 5.04  
 1343 L	 3.13  
 1344 E	 38.16  
 1345 V	 3.93  
 1346 C	 1.58  
 1347 V	 7.06  
 1348 P	 37.51  
 1349 L	 3.17  
 1350 P	 22.94  
 1351 K	 58.91  
 1352 I	 3.99  
 1353 F	 7.22  
 1354 I	 4.02  
 1355 K	 27.92  
 1356 R	 32.83  
 1357 Q	 42.18  
 1358 A	 18.54  
 1359 P	 25.11  
 1360 L	 10.83  
 1361 K	 28.81  
 1362 V	 6.85  
 1363 S	 23.06  
 1364 L	 5.80  
 1365 L	 2.65  
 1366 Q	 60.32  
 1367 D	 56.51  
 1368 L	 3.55  
 1369 K	 61.86  
 1370 D	 57.81  
 1371 F	 7.17  
 1372 F	 11.16  
 1373 Q	 45.28  
 1374 K	 38.40  
 1375 V	 3.17  
 1376 S	 22.44  
 1377 Q	 30.75  
 1378 V	 3.09  
 1379 Y	 4.94  
 1380 L	 3.83  
 1381 A	 6.77  
 1382 V	 7.88  
 1383 D	 29.68  
 1384 E	 42.89  
 1385 R	 30.96  
 1386 L	 3.41  
 1387 A	 21.02  
 1388 S	 34.68  
 1389 L	 6.03  
 1390 K	 41.69  
 1391 T	 45.63  
 1392 D	 44.14  
 1393 T	 34.73  
 1394 F	 8.63  
 1395 S	 34.90  
 1396 K	 47.62  
 1397 T	 41.96  
 1398 R	 54.54  
 1399 E	 68.17  
 1400 E	 55.18  
 1401 K	 42.72  
 1402 M	 6.73  
 1403 E	 60.05  
 1404 D	 37.49  
 1405 I	 1.64  
 1406 F	 10.23  
 1407 A	 21.62  
 1408 Q	 31.34  
 1409 K	 56.45  
 1410 E	 39.48  
 1411 M	 7.97  
 1412 E	 65.03  
 1413 E	 63.81  
 1414 G	 32.13  
 1415 E	 57.64  
 1416 F	 12.47  
 1417 K	 47.47  
 1418 N	 57.11  
 1419 W	 13.41  
 1420 T	 34.81  
 1421 E	 37.84  
 1422 K	 29.01  
 1423 M	 2.83  
 1424 Q	 34.10  
 1425 A	 11.77  
 1426 R	 17.65  
 1427 L	 4.35  
 1428 M	 2.81  
 1429 S	 24.85  
 1430 S	 22.03  
 1431 S	 19.39  
 1432 V	 11.67  
 1433 D	 55.40  
 1434 T	 22.35  
 1435 P	 18.56  
 1436 Q	 59.72  
 1437 Q	 42.55  
 1438 L	 3.48  
 1439 Q	 30.09  
 1440 S	 37.53  
 1441 I	 2.61  
 1442 F	 6.72  
 1443 E	 42.86  
 1444 S	 17.83  
 1445 L	 3.30  
 1446 I	 8.01  
 1447 A	 20.49  
 1448 K	 44.33  
 1449 K	 35.78  
 1450 Q	 40.71  
 1451 S	 43.81  
 1452 L	 2.40  
 1453 C	 4.04  
 1454 E	 52.10  
 1455 V	 4.72  
 1456 L	 1.03  
 1457 Q	 49.89  
 1458 A	 11.85  
 1459 W	 7.14  
 1460 N	 21.92  
 1461 S	 24.54  
 1462 R	 32.91  
 1463 L	 4.69  
 1464 Q	 44.22  
 1465 D	 54.78  
 1466 L	 2.42  
 1467 F	 10.69  
 1468 Q	 58.79  
 1469 Q	 47.21  
 1470 E	 46.85  
 1471 K	 60.73  
 1472 G	 39.32  
 1473 R	 42.76  
 1474 K	 76.85  
 1475 R	 27.62  
 1476 P	 42.59  
 1477 S	 51.82  
 1478 V	 10.03  
 1479 P	 28.17  
 1480 P	 51.50  
 1481 S	 33.64  
 1482 P	 37.38  
 1483 G	 45.66  
 1484 R	 30.04  
 1485 L	 6.25  
 1486 R	 40.89  
 1487 Q	 69.14  
 1488 G	 33.92  
 1489 E	 51.24  
 1490 E	 65.24  
 1491 S	 34.24  
 1492 K	 43.17  
 1493 I	 5.75  
 1494 N	 32.71  
 1495 A	 10.74  
 1496 M	 5.09  
 1497 D	 41.44  
 1498 T	 27.78  
 1499 S	 20.00  
 1500 P	 35.12  
 1501 R	 53.53  
 1502 N	 42.34  
 1503 I	 5.77  
 1504 S	 19.23  
 1505 P	 43.90  
 1506 G	 31.04  
 1507 L	 3.79  
 1508 S	 33.34  
 1509 Q	 49.38  
 1510 W	 12.37  
 1511 R	 18.24  
 1512 K	 49.56  
 1513 R	 25.50  
 1514 R	 34.39  
 1515 S	 37.00  
 1516 L	 7.08  
 1517 L	 6.70  
 1518 D	 63.78  
 1519 N	 38.31  
 1520 P	 26.28  
 1521 V	 15.51  
 1522 Q	 24.14  
 1523 P	 37.43  
 1524 A	 11.74  
 1525 T	 29.87  
 1526 S	 35.03  
 1527 S	 18.58  
 1528 T	 26.77  
 1529 H	 17.33  
 1530 L	 5.91  
 1531 Q	 37.48  
 1532 L	 6.84  
 1533 P	 29.87  
 1534 T	 61.13  
 1535 P	 23.85  
 1536 P	 41.81  
 1537 E	 58.48  
 1538 A	 20.18  
 1539 L	 5.27  
 1540 A	 16.54  
 1541 E	 44.77  
 1542 Q	 29.59  
 1543 V	 3.04  
 1544 V	 7.98  
 1545 G	 37.19  
 1546 G	 15.43  
 1547 P	 19.46  
 1548 T	 53.09  
 1549 D	 52.17  
 1550 L	 6.53  
 1551 D	 44.99  
 1552 S	 31.47  
 1553 A	 19.99  
 1554 S	 46.97  
 1555 G	 34.47  
 1556 S	 28.29  
 1557 E	 62.81  
 1558 D	 48.34  
 1559 V	 4.07  
 1560 F	 16.80  
 1561 D	 43.37  
 1562 G	 11.24  
 1563 H	 21.52  
 1564 L	 7.67  
 1565 L	 4.17  
 1566 G	 34.55  
 1567 S	 29.07  
 1568 T	 37.56  
 1569 D	 38.48  
 1570 S	 36.64  
 1571 Q	 53.78  
 1572 V	 11.36  
 1573 K	 52.35  
 1574 E	 54.07  
 1575 K	 45.57  
 1576 S	 34.52  
 1577 T	 33.49  
 1578 M	 3.40  
 1579 K	 38.12  
 1580 A	 7.42  
 1581 I	 2.53  
 1582 F	 4.39  
 1583 A	 10.31  
 1584 N	 31.21  
 1585 L	 5.68  
 1586 L	 5.25  
 1587 P	 42.98  
 1588 G	 35.37  
 1589 N	 39.11  
 1590 S	 32.00  
 1591 Y	 29.02  
 1592 N	 28.04  
 1593 P	 27.65  
 1594 I	 4.97  
 1595 P	 31.92  
 1596 F	 11.03  
 1597 P	 27.63  
 1598 F	 25.31  
 1599 D	 51.21  
 1600 P	 53.59  
 1601 D	 52.81  
 1602 K	 39.27  
 1603 H	 28.48  
 1604 Y	 10.02  
 1605 L	 2.70  
 1606 M	 2.66  
 1607 Y	 16.13  
 1608 E	 25.88  
 1609 H	 15.63  
 1610 E	 43.35  
 1611 R	 41.23  
 1612 V	 3.51  
 1613 P	 18.29  
 1614 I	 4.03  
 1615 A	 8.21  
 1616 V	 4.48  
 1617 C	 4.58  
 1618 E	 54.58  
 1619 K	 70.56  
 1620 E	 28.28  
 1621 P	 44.43  
 1622 S	 34.95  
 1623 S	 28.82  
 1624 I	 2.86  
 1625 I	 2.52  
 1626 A	 5.08  
 1627 F	 5.04  
 1628 A	 6.91  
 1629 L	 5.09  
 1630 S	 21.51  
 1631 C	 3.95  
 1632 K	 55.17  
 1633 E	 54.79  
 1634 Y	 8.48  
 1635 R	 24.04  
 1636 N	 48.23  
 1637 A	 13.83  
 1638 L	 6.32  
 1639 E	 55.25  
 1640 E	 60.23  
 1641 L	 4.67  
 1642 S	 24.43  
 1643 K	 59.00  
 1644 A	 14.43  
 1645 T	 29.95  
 1646 L	 6.11  
 1647 R	 30.60  
 1648 N	 49.00  
 1649 S	 30.53  
 1650 A	 23.55  
 1651 E	 53.04  
 1652 E	 66.79  
 1653 G	 28.59  
 1654 L	 4.02  
 1655 P	 40.01  
 1656 A	 27.87  
 1657 N	 26.35  
 1658 S	 32.11  
 1659 A	 20.81  
 1660 L	 6.35  
 1661 D	 49.13  
 1662 N	 64.10  
 1663 R	 39.42  
 1664 P	 47.32  
 1665 K	 60.78  
 1666 S	 38.44  
 1667 S	 46.38  
 1668 S	 31.28  
 1669 P	 20.05  
 1670 I	 8.36  
 1671 R	 47.80  
 1672 L	 4.64  
 1673 P	 27.33  
 1674 E	 55.14  
 1675 I	 4.35  
 1676 S	 34.90  
 1677 G	 37.58  
 1678 G	 25.09  
 1679 Q	 38.84  
 1680 T	 29.91  
 1681 N	 29.73  
 1682 R	 43.46  
 1683 T	 25.43  
 1684 V	 6.23  
 1685 E	 46.86  
 1686 A	 29.45  
 1687 E	 30.84  
 1688 P	 53.12  
 1689 Q	 50.21  
 1690 P	 57.83  
 1691 T	 39.67  
 1692 K	 53.69  
 1693 K	 50.71  
 1694 A	 16.93  
 1695 S	 33.35  
 1696 G	 26.38  
 1697 M	 2.34  
 1698 L	 4.63  
 1699 S	 17.28  
 1700 F	 4.21  
 1701 F	 6.73  
 1702 R	 39.27  
 1703 G	 18.11  
 1704 T	 28.16  
 1705 A	 26.66  
 1706 G	 30.71  
 1707 K	 57.25  
 1708 S	 23.80  
 1709 P	 50.47  
 1710 D	 67.29  
 1711 L	 6.36  
 1712 S	 37.80  
 1713 S	 47.20  
 1714 Q	 45.51  
 1715 K	 54.90  
 1716 R	 34.20  
 1717 E	 60.26  
 1718 T	 26.28  
 1719 L	 3.99  
 1720 R	 45.75  
 1721 G	 36.53  
 1722 A	 10.93  
 1723 D	 36.30  
 1724 S	 20.03  
 1725 A	 13.96  
 1726 Y	 9.81  
 1727 Y	 9.09  
 1728 Q	 21.86  
 1729 V	 3.38  
 1730 G	 8.97  
 1731 Q	 48.35  
 1732 A	 25.70  
 1733 G	 22.21  
 1734 K	 52.18  
 1735 E	 69.00  
 1736 G	 37.93  
 1737 L	 6.33  
 1738 E	 52.45  
 1739 S	 34.29  
 1740 Q	 51.63  
 1741 G	 41.09  
 1742 L	 7.23  
 1743 E	 47.98  
 1744 P	 52.55  
 1745 Q	 50.55  
 1746 D	 69.47  
 1747 E	 36.94  
 1748 V	 12.78  
 1749 D	 54.00  
 1750 G	 40.84  
 1751 G	 30.26  
 1752 D	 52.04  
 1753 T	 45.63  
 1754 Q	 56.54  
 1755 K	 44.58  
 1756 K	 40.50  
 1757 Q	 61.63  
 1758 L	 7.40  
 1759 T	 44.18  
 1760 N	 33.02  
 1761 P	 27.89  
 1762 H	 27.96  
 1763 V	 9.18  
 1764 E	 33.54  
 1765 L	 6.40  
 1766 Q	 23.45  
 1767 F	 12.79  
 1768 S	 23.89  
 1769 D	 45.17  
 1770 A	 19.38  
 1771 N	 48.96  
 1772 A	 12.69  
 1773 K	 36.35  
 1774 F	 6.90  
 1775 Y	 3.96  
 1776 C	 2.45  
 1777 R	 17.85  
 1778 L	 3.24  
 1779 Y	 3.34  
 1780 Y	 16.84  
 1781 A	 9.47  
 1782 G	 23.21  
 1783 E	 36.08  
 1784 F	 7.02  
 1785 H	 20.78  
 1786 K	 45.00  
 1787 M	 3.11  
 1788 R	 39.57  
 1789 E	 30.34  
 1790 V	 2.86  
 1791 I	 2.86  
 1792 L	 7.04  
 1793 G	 20.29  
 1794 S	 31.00  
 1795 S	 47.42  
 1796 E	 64.34  
 1797 E	 61.22  
 1798 E	 42.18  
 1799 F	 6.77  
 1800 I	 3.11  
 1801 R	 36.54  
 1802 S	 29.43  
 1803 L	 3.71  
 1804 S	 23.67  
 1805 H	 37.27  
 1806 S	 34.42  
 1807 S	 25.41  
 1808 P	 30.16  
 1809 W	 13.35  
 1810 Q	 25.27  
 1811 A	 14.28  
 1812 R	 39.02  
 1813 G	 51.39  
 1814 G	 18.53  
 1815 K	 48.84  
 1816 S	 36.62  
 1817 G	 25.14  
 1818 A	 11.07  
 1819 A	 11.08  
 1820 F	 4.17  
 1821 Y	 14.11  
 1822 A	 9.69  
 1823 T	 28.68  
 1824 E	 50.14  
 1825 D	 48.29  
 1826 D	 40.95  
 1827 R	 32.59  
 1828 F	 11.18  
 1829 I	 4.97  
 1830 L	 2.64  
 1831 K	 39.47  
 1832 Q	 43.60  
 1833 M	 1.67  
 1834 P	 34.90  
 1835 R	 37.83  
 1836 L	 6.61  
 1837 E	 39.53  
 1838 V	 7.37  
 1839 Q	 21.06  
 1840 S	 32.71  
 1841 F	 4.19  
 1842 L	 6.83  
 1843 D	 35.33  
 1844 F	 14.33  
 1845 A	 6.93  
 1846 P	 23.78  
 1847 H	 36.07  
 1848 Y	 7.77  
 1849 F	 5.21  
 1850 N	 21.82  
 1851 Y	 10.14  
 1852 I	 2.22  
 1853 T	 13.53  
 1854 N	 28.67  
 1855 A	 7.58  
 1856 V	 7.22  
 1857 Q	 40.44  
 1858 Q	 36.81  
 1859 K	 43.16  
 1860 R	 29.48  
 1861 P	 29.11  
 1862 T	 38.03  
 1863 A	 14.27  
 1864 L	 5.69  
 1865 A	 8.38  
 1866 K	 39.04  
 1867 I	 3.17  
 1868 L	 3.60  
 1869 G	 20.20  
 1870 V	 2.32  
 1871 Y	 8.50  
 1872 R	 17.28  
 1873 I	 3.76  
 1874 G	 20.54  
 1875 Y	 12.48  
 1876 K	 44.93  
 1877 N	 40.10  
 1878 S	 30.08  
 1879 Q	 57.49  
 1880 N	 58.15  
 1881 N	 41.81  
 1882 T	 57.65  
 1883 E	 50.76  
 1884 K	 57.51  
 1885 K	 40.79  
 1886 L	 9.21  
 1887 D	 47.00  
 1888 L	 5.87  
 1889 L	 3.26  
 1890 V	 6.17  
 1891 M	 2.59  
 1892 E	 43.21  
 1893 N	 19.84  
 1894 L	 1.92  
 1895 F	 10.29  
 1896 Y	 21.13  
 1897 G	 18.52  
 1898 R	 17.75  
 1899 K	 33.94  
 1900 M	 2.80  
 1901 A	 12.86  
 1902 Q	 32.67  
 1903 V	 2.68  
 1904 F	 6.39  
 1905 D	 48.92  
 1906 L	 4.61  
 1907 K	 48.58  
 1908 G	 38.93  
 1909 S	 23.67  
 1910 L	 8.41  
 1911 R	 41.58  
 1912 N	 45.21  
 1913 R	 42.77  
 1914 N	 43.09  
 1915 V	 6.79  
 1916 K	 44.20  
 1917 T	 34.21  
 1918 D	 47.98  
 1919 T	 56.22  
 1920 G	 34.25  
 1921 K	 48.85  
 1922 E	 58.92  
 1923 S	 21.07  
 1924 C	 4.89  
 1925 D	 42.72  
 1926 V	 3.71  
 1927 V	 2.54  
 1928 L	 5.11  
 1929 L	 5.40  
 1930 D	 38.28  
 1931 E	 50.15  
 1932 N	 50.79  
 1933 L	 4.59  
 1934 L	 5.19  
 1935 K	 38.22  
 1936 M	 2.77  
 1937 V	 7.13  
 1938 R	 34.19  
 1939 D	 50.08  
 1940 N	 20.22  
 1941 P	 30.72  
 1942 L	 7.52  
 1943 Y	 8.78  
 1944 I	 4.86  
 1945 R	 18.11  
 1946 S	 23.66  
 1947 H	 29.42  
 1948 S	 38.84  
 1949 K	 42.39  
 1950 S	 44.90  
 1951 E	 46.11  
 1952 L	 10.51  
 1953 R	 23.52  
 1954 T	 44.66  
 1955 S	 16.33  
 1956 I	 3.40  
 1957 H	 21.28  
 1958 S	 34.52  
 1959 D	 29.87  
 1960 A	 9.80  
 1961 H	 29.21  
 1962 F	 8.30  
 1963 L	 3.54  
 1964 S	 18.12  
 1965 S	 25.18  
 1966 H	 20.06  
 1967 L	 3.87  
 1968 I	 1.56  
 1969 I	 5.24  
 1970 D	 21.70  
 1971 Y	 7.27  
 1972 S	 16.10  
 1973 L	 3.51  
 1974 L	 2.93  
 1975 V	 7.78  
 1976 G	 27.54  
 1977 R	 31.02  
 1978 D	 58.57  
 1979 D	 51.15  
 1980 T	 37.43  
 1981 S	 34.99  
 1982 N	 49.03  
 1983 E	 42.58  
 1984 L	 4.41  
 1985 V	 2.78  
 1986 V	 7.72  
 1987 G	 12.03  
 1988 I	 1.14  
 1989 I	 2.43  
 1990 D	 30.77  
 1991 Y	 5.06  
 1992 I	 2.72  
 1993 R	 19.98  
 1994 T	 18.83  
 1995 F	 4.70  
 1996 T	 31.94  
 1997 W	 15.96  
 1998 D	 34.84  
 1999 K	 51.31  
 2000 K	 47.40  
 2001 L	 6.72  
 2002 E	 38.52  
 2003 M	 6.43  
 2004 V	 3.42  
 2005 V	 3.80  
 2006 K	 30.78  
 2007 S	 21.91  
 2008 T	 23.64  
 2009 G	 21.88  
 2010 I	 3.07  
 2011 L	 7.16  
 2012 G	 25.18  
 2013 G	 29.62  
 2014 Q	 46.68  
 2015 G	 31.35  
 2016 K	 33.54  
 2017 M	 4.26  
 2018 P	 26.06  
 2019 T	 30.00  
 2020 V	 3.10  
 2021 V	 9.70  
 2022 S	 14.34  
 2023 P	 24.81  
 2024 E	 51.42  
 2025 L	 3.88  
 2026 Y	 14.31  
 2027 R	 31.86  
 2028 T	 17.97  
 2029 R	 25.81  
 2030 F	 4.34  
 2031 C	 2.69  
 2032 E	 44.30  
 2033 A	 16.80  
 2034 M	 1.82  
 2035 D	 49.94  
 2036 K	 25.47  
 2037 Y	 9.55  
 2038 F	 4.34  
 2039 L	 2.84  
 2040 M	 2.70  
 2041 V	 5.69  
 2042 P	 17.49  
 2043 D	 38.25  
 2044 H	 20.23  
 2045 W	 10.27  
 2046 T	 25.17  
 2047 G	 16.41  
 2048 L	 5.46  
 2049 D	 36.86  
 2050 L	 9.42  
 2051 N	 29.17  
 2052 C	 8.41  
