 1 M	 8.60  
 2 T	 46.83  
 3 K	 42.97  
 4 T	 22.99  
 5 E	 47.47  
 6 A	 21.12  
 7 T	 13.92  
 8 F	 6.62  
 9 S	 24.54  
 10 L	 6.45  
 11 L	 8.25  
 12 D	 67.56  
 13 E	 68.24  
 14 E	 65.90  
 15 E	 57.17  
 16 E	 69.57  
 17 R	 48.98  
 18 D	 59.21  
 19 E	 56.44  
 20 V	 18.73  
 21 G	 14.37  
 22 P	 31.81  
 23 S	 25.81  
 24 T	 22.46  
 25 V	 6.26  
 26 L	 3.79  
 27 V	 4.03  
 28 P	 28.99  
 29 G	 46.80  
 30 R	 16.15  
 31 P	 43.56  
 32 S	 34.75  
 33 L	 5.73  
 34 R	 35.96  
 35 S	 23.09  
 36 I	 3.77  
 37 S	 24.18  
 38 L	 4.13  
 39 S	 19.94  
 40 Q	 63.69  
 41 A	 9.17  
 42 P	 24.32  
 43 S	 54.65  
 44 A	 11.33  
 45 P	 34.36  
 46 R	 61.94  
 47 D	 58.22  
 48 L	 6.09  
 49 E	 68.34  
 50 N	 57.43  
 51 G	 30.21  
 52 N	 51.48  
 53 G	 33.28  
 54 Q	 33.95  
 55 T	 27.46  
 56 S	 11.93  
 57 C	 3.76  
 58 A	 23.35  
 59 E	 56.59  
 60 L	 1.99  
 61 H	 18.00  
 62 K	 61.22  
 63 L	 2.49  
 64 T	 33.50  
 65 A	 22.00  
 66 G	 21.93  
 67 S	 26.50  
 68 T	 21.34  
 69 T	 29.39  
 70 S	 26.75  
 71 L	 5.54  
 72 S	 26.54  
 73 S	 43.71  
 74 Q	 55.86  
 75 S	 29.80  
 76 K	 53.97  
 77 N	 63.34  
 78 A	 19.45  
 79 K	 67.65  
 80 K	 48.94  
 81 V	 10.44  
 82 N	 37.28  
 83 K	 53.72  
 84 F	 10.23  
 85 Y	 20.91  
 86 K	 51.52  
 87 K	 47.15  
 88 Q	 44.47  
 89 N	 51.25  
 90 E	 52.84  
 91 L	 10.75  
 92 L	 4.05  
 93 E	 73.56  
 94 N	 53.84  
 95 F	 5.97  
 96 K	 72.00  
 97 N	 54.63  
 98 D	 54.89  
 99 S	 40.57  
 100 E	 59.44  
 101 Q	 48.77  
 102 I	 3.84  
 103 E	 49.14  
 104 Q	 42.41  
 105 F	 4.30  
 106 N	 44.07  
 107 R	 30.79  
 108 T	 29.63  
 109 R	 23.89  
 110 R	 39.42  
 111 R	 38.78  
 112 T	 33.34  
 113 T	 35.67  
 114 S	 37.14  
 115 K	 64.13  
 116 E	 67.44  
 117 E	 71.17  
 118 D	 61.25  
 119 D	 57.17  
 120 D	 57.92  
 121 A	 21.69  
 122 D	 39.07  
 123 V	 3.25  
 124 I	 1.89  
 125 A	 10.13  
 126 A	 12.05  
 127 I	 3.78  
 128 P	 24.72  
 129 P	 33.08  
 130 P	 49.79  
 131 I	 9.16  
 132 P	 49.85  
 133 E	 73.23  
 134 E	 40.75  
 135 K	 44.83  
 136 A	 12.33  
 137 V	 5.82  
 138 V	 5.62  
 139 A	 5.77  
 140 P	 26.52  
 141 L	 6.05  
 142 V	 4.06  
 143 K	 42.39  
 144 H	 18.85  
 145 I	 4.30  
 146 D	 54.37  
 147 G	 34.17  
 148 T	 33.18  
 149 D	 75.00  
 150 E	 43.10  
 151 P	 42.36  
 152 E	 47.58  
 153 V	 6.14  
 154 V	 3.26  
 155 I	 2.70  
 156 F	 5.38  
 157 D	 38.09  
 158 V	 2.71  
 159 P	 32.64  
 160 R	 60.17  
 161 S	 23.34  
 162 P	 41.15  
 163 R	 68.01  
 164 N	 44.08  
 165 P	 51.23  
 166 R	 64.28  
 167 K	 63.59  
 168 K	 51.37  
 169 P	 32.66  
 170 M	 8.16  
 171 E	 62.04  
 172 R	 31.48  
 173 T	 33.69  
 174 D	 59.34  
 175 T	 45.49  
 176 E	 67.26  
 177 E	 53.36  
 178 K	 49.93  
 179 S	 37.77  
 180 V	 19.10  
 181 D	 69.92  
 182 E	 60.91  
 183 K	 57.97  
 184 K	 69.25  
 185 D	 75.80  
 186 D	 70.83  
 187 E	 56.90  
 188 S	 46.61  
 189 N	 31.52  
 190 T	 30.85  
 191 A	 9.42  
 192 A	 10.35  
 193 R	 23.45  
 194 M	 2.61  
 195 A	 9.94  
 196 N	 20.59  
 197 I	 2.13  
 198 T	 14.42  
 199 L	 4.42  
 200 A	 5.88  
 201 V	 6.14  
 202 N	 19.08  
 203 F	 4.44  
 204 L	 2.40  
 205 L	 1.72  
 206 M	 2.81  
 207 I	 3.19  
 208 A	 5.66  
 209 K	 26.73  
 210 V	 3.00  
 211 V	 3.03  
 212 A	 9.26  
 213 S	 16.39  
 214 V	 3.39  
 215 L	 4.43  
 216 S	 27.02  
 217 G	 24.17  
 218 S	 13.14  
 219 M	 3.68  
 220 S	 20.61  
 221 I	 2.37  
 222 I	 1.63  
 223 S	 15.65  
 224 S	 16.65  
 225 M	 2.87  
 226 V	 5.54  
 227 D	 27.37  
 228 S	 16.78  
 229 V	 3.77  
 230 V	 5.22  
 231 D	 35.97  
 232 I	 1.92  
 233 T	 16.57  
 234 S	 30.39  
 235 G	 18.47  
 236 L	 2.87  
 237 V	 2.97  
 238 I	 4.05  
 239 S	 20.54  
 240 L	 4.18  
 241 S	 19.16  
 242 E	 52.11  
 243 R	 28.84  
 244 M	 4.65  
 245 I	 6.27  
 246 K	 32.20  
 247 K	 51.62  
 248 R	 45.17  
 249 D	 45.11  
 250 P	 25.68  
 251 Y	 24.13  
 252 L	 6.05  
 253 Y	 5.76  
 254 P	 29.65  
 255 R	 33.40  
 256 G	 30.70  
 257 R	 20.25  
 258 T	 42.29  
 259 R	 35.38  
 260 L	 8.65  
 261 E	 40.69  
 262 P	 31.66  
 263 L	 4.80  
 264 S	 24.87  
 265 L	 4.94  
 266 I	 2.63  
 267 L	 2.64  
 268 I	 2.15  
 269 S	 11.35  
 270 V	 2.50  
 271 I	 1.25  
 272 M	 2.55  
 273 G	 9.44  
 274 M	 1.14  
 275 A	 9.58  
 276 S	 11.28  
 277 I	 2.54  
 278 Q	 24.90  
 279 L	 2.66  
 280 I	 1.10  
 281 I	 2.96  
 282 A	 8.59  
 283 S	 11.26  
 284 V	 4.86  
 285 R	 35.53  
 286 G	 21.30  
 287 I	 1.55  
 288 H	 30.03  
 289 D	 54.70  
 290 G	 11.05  
 291 I	 5.01  
 292 Q	 25.82  
 293 F	 3.97  
 294 H	 11.19  
 295 L	 4.41  
 296 Y	 9.72  
 297 G	 27.99  
 298 I	 3.87  
 299 G	 28.93  
 300 E	 70.02  
 301 E	 42.39  
 302 P	 41.98  
 303 K	 56.84  
 304 L	 10.23  
 305 N	 34.70  
 306 V	 6.24  
 307 T	 19.91  
 308 I	 2.05  
 309 T	 13.20  
 310 S	 15.55  
 311 V	 2.24  
 312 V	 2.04  
 313 I	 1.80  
 314 M	 1.00  
 315 V	 2.74  
 316 S	 8.74  
 317 T	 13.37  
 318 V	 4.50  
 319 L	 2.59  
 320 V	 5.22  
 321 K	 28.35  
 322 L	 3.13  
 323 S	 14.84  
 324 L	 6.62  
 325 Y	 8.38  
 326 L	 5.01  
 327 F	 2.66  
 328 C	 1.95  
 329 K	 51.97  
 330 R	 49.27  
 331 Y	 12.75  
 332 K	 68.15  
 333 E	 33.60  
 334 P	 39.15  
 335 S	 27.67  
 336 V	 9.33  
 337 N	 27.67  
 338 V	 3.19  
 339 L	 2.49  
 340 A	 9.32  
 341 M	 3.79  
 342 D	 31.80  
 343 H	 19.84  
 344 R	 36.10  
 345 N	 45.12  
 346 D	 30.96  
 347 C	 4.14  
 348 I	 3.87  
 349 S	 32.55  
 350 N	 20.75  
 351 T	 10.60  
 352 V	 4.83  
 353 A	 6.81  
 354 L	 2.62  
 355 I	 0.79  
 356 C	 2.01  
 357 A	 9.49  
 358 W	 7.30  
 359 L	 3.12  
 360 G	 14.95  
 361 T	 25.33  
 362 K	 30.33  
 363 Y	 11.18  
 364 S	 18.21  
 365 Y	 12.69  
 366 Y	 8.79  
 367 F	 7.43  
 368 D	 18.93  
 369 P	 23.77  
 370 A	 23.15  
 371 G	 22.63  
 372 A	 8.10  
 373 I	 2.84  
 374 V	 2.30  
 375 V	 1.91  
 376 S	 8.58  
 377 M	 1.30  
 378 Y	 4.73  
 379 I	 1.45  
 380 L	 1.39  
 381 Y	 6.76  
 382 T	 18.73  
 383 W	 2.68  
 384 V	 2.55  
 385 Q	 29.78  
 386 T	 28.70  
 387 G	 18.85  
 388 R	 31.39  
 389 E	 44.60  
 390 H	 29.71  
 391 L	 3.73  
 392 A	 16.79  
 393 K	 49.93  
 394 L	 7.30  
 395 S	 37.22  
 396 G	 41.59  
 397 K	 40.98  
 398 T	 39.52  
 399 A	 33.56  
 400 E	 51.06  
 401 P	 39.06  
 402 E	 51.14  
 403 F	 9.80  
 404 I	 3.02  
 405 N	 34.12  
 406 R	 27.48  
 407 I	 2.86  
 408 I	 2.18  
 409 K	 25.23  
 410 V	 2.49  
 411 C	 2.91  
 412 L	 7.99  
 413 D	 32.28  
 414 H	 20.06  
 415 D	 36.89  
 416 A	 13.79  
 417 R	 36.68  
 418 I	 3.63  
 419 S	 14.61  
 420 H	 21.41  
 421 I	 3.66  
 422 D	 25.37  
 423 T	 17.09  
 424 V	 2.42  
 425 Y	 9.44  
 426 V	 2.32  
 427 Y	 3.61  
 428 H	 15.56  
 429 F	 6.91  
 430 G	 19.33  
 431 S	 21.20  
 432 K	 43.00  
 433 F	 11.21  
 434 L	 3.54  
 435 V	 8.98  
 436 E	 30.44  
 437 V	 2.66  
 438 H	 7.31  
 439 I	 3.88  
 440 V	 3.13  
 441 L	 7.27  
 442 D	 34.04  
 443 E	 44.53  
 444 N	 23.59  
 445 M	 3.41  
 446 I	 8.19  
 447 L	 3.33  
 448 K	 46.36  
 449 E	 50.27  
 450 S	 25.52  
 451 H	 37.20  
 452 D	 56.22  
 453 I	 3.16  
 454 S	 30.50  
 455 E	 54.60  
 456 T	 24.25  
 457 L	 4.63  
 458 Q	 41.68  
 459 S	 42.77  
 460 N	 29.14  
 461 I	 4.63  
 462 E	 50.93  
 463 S	 45.48  
 464 L	 2.45  
 465 P	 53.52  
 466 E	 63.40  
 467 V	 5.95  
 468 E	 36.31  
 469 R	 38.20  
 470 A	 9.41  
 471 F	 5.32  
 472 V	 4.66  
 473 H	 13.43  
 474 T	 30.84  
 475 D	 21.30  
 476 Y	 19.98  
 477 D	 45.23  
 478 Y	 15.79  
 479 D	 30.62  
 480 H	 30.10  
 481 H	 20.63  
 482 P	 32.95  
 483 H	 49.05  
 484 D	 65.23  
 485 E	 44.01  
 486 H	 31.06  
 487 K	 43.02  
 488 I	 4.85  
 489 V	 8.39  
