 1 M	 11.42  
 2 D	 67.28  
 3 D	 56.93  
 4 F	 5.86  
 5 P	 56.84  
 6 S	 41.72  
 7 P	 52.39  
 8 E	 66.23  
 9 P	 45.55  
 10 T	 57.90  
 11 D	 36.72  
 12 P	 45.28  
 13 R	 48.23  
 14 L	 6.31  
 15 E	 37.36  
 16 A	 11.82  
 17 M	 2.72  
 18 A	 17.06  
 19 Q	 24.25  
 20 K	 38.97  
 21 V	 5.60  
 22 L	 6.75  
 23 E	 56.96  
 24 E	 40.94  
 25 T	 14.33  
 26 I	 4.08  
 27 I	 3.61  
 28 T	 30.02  
 29 E	 44.90  
 30 G	 29.96  
 31 D	 44.84  
 32 G	 25.52  
 33 T	 18.68  
 34 I	 3.10  
 35 Y	 5.62  
 36 W	 7.41  
 37 A	 4.78  
 38 L	 2.58  
 39 K	 33.54  
 40 V	 3.81  
 41 T	 17.63  
 42 R	 36.30  
 43 L	 3.58  
 44 L	 2.50  
 45 S	 29.33  
 46 R	 32.17  
 47 V	 9.11  
 48 A	 17.67  
 49 K	 48.18  
 50 K	 29.21  
 51 H	 29.00  
 52 Q	 42.34  
 53 C	 3.13  
 54 F	 6.45  
 55 E	 45.56  
 56 A	 6.50  
 57 F	 4.46  
 58 Y	 15.27  
 59 D	 28.09  
 60 A	 8.11  
 61 V	 4.19  
 62 I	 4.41  
 63 K	 51.14  
 64 G	 45.38  
 65 D	 36.20  
 66 P	 48.89  
 67 K	 54.03  
 68 T	 34.04  
 69 R	 26.60  
 70 C	 3.84  
 71 C	 2.77  
 72 P	 39.93  
 73 A	 12.29  
 74 H	 28.29  
 75 N	 50.64  
 76 E	 39.10  
 77 K	 51.20  
 78 L	 5.03  
 79 I	 6.67  
 80 G	 33.57  
 81 N	 29.25  
 82 F	 6.21  
 83 G	 23.31  
 84 R	 19.46  
 85 A	 8.34  
 86 I	 1.80  
 87 M	 0.95  
 88 C	 1.82  
 89 V	 1.93  
 90 L	 2.52  
 91 R	 15.98  
 92 A	 8.87  
 93 F	 7.18  
 94 R	 33.69  
 95 F	 4.59  
 96 P	 19.17  
 97 V	 3.41  
 98 I	 3.85  
 99 R	 29.42  
 100 Y	 14.60  
 101 E	 25.50  
 102 S	 31.19  
 103 Q	 34.42  
 104 V	 7.96  
 105 K	 24.92  
 106 S	 24.79  
 107 I	 2.82  
 108 L	 4.83  
 109 T	 13.06  
 110 C	 2.42  
 111 R	 20.95  
 112 H	 36.50  
 113 A	 5.98  
 114 F	 8.66  
 115 N	 39.33  
 116 S	 19.18  
 117 H	 31.70  
 118 S	 25.93  
 119 R	 33.89  
 120 N	 31.69  
 121 V	 3.69  
 122 C	 3.29  
 123 L	 6.69  
 124 N	 29.92  
 125 P	 12.34  
 126 Y	 15.48  
 127 H	 13.62  
 128 Y	 10.59  
 129 R	 20.04  
 130 W	 4.83  
 131 V	 3.91  
 132 E	 41.91  
 133 L	 2.85  
 134 P	 20.02  
 135 T	 28.35  
 136 C	 3.47  
 137 Q	 53.91  
 138 V	 7.10  
 139 P	 6.62  
 140 P	 30.04  
 141 I	 4.49  
 142 I	 3.26  
 143 V	 9.66  
 144 N	 22.98  
 145 K	 49.08  
 146 E	 41.49  
 147 L	 7.02  
 148 D	 50.94  
 149 Y	 35.69  
 150 G	 40.37  
 151 E	 41.49  
 152 P	 25.84  
 153 P	 25.13  
 154 I	 14.41  
 155 R	 37.52  
 156 T	 38.65  
 157 E	 31.29  
 158 D	 52.39  
 159 A	 13.47  
 160 L	 10.71  
 161 D	 61.68  
 162 D	 47.26  
 163 W	 14.60  
 164 N	 46.12  
 165 Q	 36.06  
 166 K	 62.91  
 167 D	 53.89  
 168 L	 10.95  
 169 K	 70.14  
 170 E	 62.04  
 171 E	 47.27  
 172 Q	 35.76  
 173 V	 4.37  
 174 V	 3.31  
 175 A	 13.17  
 176 S	 16.52  
 177 W	 10.82  
 178 D	 43.42  
 179 V	 2.78  
 180 P	 27.40  
 181 N	 41.56  
 182 V	 3.49  
 183 T	 14.06  
 184 M	 3.82  
 185 R	 39.79  
 186 G	 26.53  
 187 D	 44.05  
 188 E	 44.86  
 189 I	 4.54  
 190 K	 30.32  
 191 L	 7.04  
 192 L	 3.38  
 193 Y	 14.60  
 194 D	 36.76  
 195 R	 14.94  
 196 Y	 13.78  
 197 A	 14.81  
 198 A	 11.23  
 199 E	 54.28  
 200 N	 51.08  
 201 G	 28.72  
 202 D	 38.77  
 203 F	 6.25  
 204 Q	 41.11  
 205 Y	 6.32  
 206 M	 1.85  
 207 N	 36.30  
 208 Y	 9.27  
 209 G	 20.27  
 210 N	 27.96  
 211 F	 8.23  
 212 G	 31.25  
 213 S	 18.94  
 214 F	 14.61  
 215 D	 59.36  
 216 G	 31.32  
 217 S	 25.28  
 218 P	 27.78  
 219 C	 5.56  
 220 S	 33.82  
 221 S	 34.31  
 222 T	 15.38  
 223 T	 13.50  
 224 M	 2.93  
 225 S	 27.73  
 226 L	 5.53  
 227 G	 17.59  
 228 S	 27.81  
 229 S	 24.04  
 230 F	 6.00  
 231 A	 10.96  
 232 S	 27.83  
 233 L	 4.49  
 234 L	 3.95  
 235 Q	 50.37  
 236 Q	 42.52  
 237 S	 22.48  
 238 N	 41.09  
 239 R	 46.69  
 240 Q	 67.75  
 241 D	 63.15  
 242 D	 54.54  
 243 E	 74.51  
 244 E	 51.53  
 245 P	 33.76  
 246 G	 35.07  
 247 Y	 13.35  
 248 Y	 12.29  
 249 R	 18.76  
 250 S	 28.15  
 251 G	 22.15  
 252 L	 4.90  
 253 S	 37.49  
 254 S	 29.54  
 255 P	 34.11  
 256 A	 18.85  
 257 S	 19.62  
 258 H	 27.67  
 259 A	 13.72  
 260 A	 18.04  
 261 S	 25.85  
 262 P	 34.78  
 263 R	 49.30  
 264 E	 51.84  
 265 F	 13.69  
 266 I	 1.91  
 267 P	 48.25  
 268 N	 58.02  
 269 G	 28.21  
 270 N	 50.31  
 271 D	 46.98  
 272 T	 19.23  
 273 I	 4.25  
 274 S	 28.17  
 275 L	 7.52  
 276 D	 35.29  
 277 Q	 45.86  
 278 E	 35.82  
 279 M	 2.72  
 280 M	 5.21  
 281 D	 55.78  
 282 D	 28.89  
 283 S	 35.32  
 284 E	 53.70  
 285 V	 7.84  
 286 S	 19.85  
 287 D	 47.62  
 288 I	 1.77  
 289 M	 3.23  
 290 H	 32.09  
 291 S	 19.49  
 292 E	 47.84  
 293 N	 45.15  
 294 F	 8.15  
 295 S	 48.61  
 296 S	 39.96  
 297 E	 54.22  
 298 N	 64.75  
 299 N	 45.10  
 300 G	 47.07  
 301 N	 51.42  
 302 R	 47.96  
 303 K	 45.79  
 304 P	 27.66  
 305 T	 34.08  
 306 Y	 15.95  
 307 A	 18.43  
 308 D	 43.13  
 309 G	 29.14  
 310 R	 21.72  
 311 P	 40.09  
 312 I	 7.43  
 313 T	 22.39  
 314 P	 29.66  
 315 I	 9.48  
 316 E	 36.14  
 317 P	 43.86  
 318 R	 22.52  
 319 P	 44.45  
 320 L	 6.15  
 321 Y	 15.90  
 322 R	 31.64  
 323 S	 13.35  
 324 S	 28.07  
 325 A	 13.30  
 326 L	 6.36  
 327 E	 50.88  
 328 L	 7.23  
 329 G	 25.16  
 330 D	 54.84  
 331 L	 4.28  
 332 S	 27.38  
 333 R	 37.35  
 334 Q	 40.33  
 335 A	 12.77  
 336 G	 18.05  
 337 I	 2.68  
 338 Y	 11.45  
 339 E	 30.11  
 340 C	 1.26  
 341 V	 6.16  
 342 E	 59.91  
 343 Y	 12.47  
 344 E	 38.19  
 345 E	 68.03  
 346 S	 16.58  
 347 P	 32.57  
 348 S	 55.08  
 349 W	 10.82  
 350 L	 3.67  
 351 K	 26.95  
 352 L	 2.59  
 353 I	 3.09  
 354 Y	 18.43  
 355 Y	 10.66  
 356 E	 32.74  
 357 E	 43.79  
 358 G	 14.51  
 359 T	 14.64  
 360 M	 5.65  
 361 I	 6.91  
 362 G	 21.38  
 363 E	 33.86  
 364 K	 44.68  
 365 A	 23.06  
 366 D	 50.50  
 367 V	 13.02  
 368 E	 54.05  
 369 G	 18.71  
 370 H	 8.59  
 371 H	 20.95  
 372 C	 2.71  
 373 L	 3.29  
 374 I	 6.23  
 375 D	 32.95  
 376 G	 18.14  
 377 F	 4.59  
 378 T	 29.29  
 379 A	 8.51  
 380 S	 32.43  
 381 R	 39.84  
 382 T	 41.19  
 383 D	 43.28  
 384 S	 40.01  
 385 E	 51.56  
 386 T	 37.59  
 387 R	 23.06  
 388 S	 45.13  
 389 R	 23.14  
 390 F	 8.14  
 391 S	 25.51  
 392 L	 5.26  
 393 G	 24.51  
 394 W	 9.66  
 395 Y	 11.85  
 396 N	 51.48  
 397 N	 21.37  
 398 P	 33.69  
 399 N	 60.22  
 400 R	 51.47  
 401 S	 28.18  
 402 P	 32.10  
 403 Q	 55.37  
 404 T	 28.33  
 405 A	 14.19  
 406 E	 35.81  
 407 V	 5.65  
 408 R	 26.21  
 409 G	 27.16  
 410 L	 3.06  
 411 I	 6.28  
 412 G	 26.21  
 413 K	 47.44  
 414 G	 15.60  
 415 V	 4.33  
 416 R	 24.14  
 417 F	 4.72  
 418 Y	 7.11  
 419 L	 2.13  
 420 L	 3.81  
 421 A	 14.98  
 422 G	 25.52  
 423 E	 25.68  
 424 V	 6.75  
 425 Y	 9.57  
 426 V	 4.80  
 427 E	 27.14  
 428 N	 39.59  
 429 L	 1.17  
 430 C	 7.00  
 431 N	 44.77  
 432 I	 2.76  
 433 P	 10.25  
 434 V	 6.94  
 435 F	 3.29  
 436 V	 4.43  
 437 Q	 20.19  
 438 S	 20.07  
 439 I	 3.18  
 440 G	 19.02  
 441 A	 15.98  
 442 N	 36.43  
 443 M	 3.37  
 444 K	 54.44  
 445 N	 45.82  
 446 G	 13.22  
 447 F	 11.89  
 448 Q	 34.89  
 449 L	 5.61  
 450 N	 27.87  
 451 T	 34.45  
 452 V	 4.65  
 453 S	 26.83  
 454 K	 61.75  
 455 L	 4.84  
 456 P	 28.30  
 457 P	 54.63  
 458 T	 43.26  
 459 G	 29.59  
 460 T	 19.12  
 461 M	 3.54  
 462 K	 39.32  
 463 V	 3.23  
 464 F	 5.22  
 465 D	 25.04  
 466 M	 2.45  
 467 R	 34.13  
 468 L	 4.57  
 469 F	 6.38  
 470 S	 24.88  
 471 K	 46.12  
 472 Q	 34.67  
 473 L	 6.37  
 474 R	 21.59  
 475 T	 38.52  
 476 A	 13.74  
 477 A	 20.43  
 478 E	 43.39  
 479 K	 48.05  
 480 T	 20.23  
 481 Y	 17.49  
 482 Q	 38.64  
 483 D	 23.96  
 484 V	 1.83  
 485 Y	 8.93  
 486 C	 2.53  
 487 L	 1.67  
 488 S	 17.88  
 489 R	 15.96  
 490 M	 1.70  
 491 C	 2.86  
 492 T	 11.29  
 493 V	 4.91  
 494 R	 10.54  
 495 V	 4.46  
 496 S	 17.86  
 497 F	 4.58  
 498 C	 2.87  
 499 K	 56.54  
 500 G	 38.51  
 501 W	 8.42  
 502 G	 22.07  
 503 E	 31.10  
 504 H	 19.91  
 505 Y	 11.92  
 506 R	 28.16  
 507 R	 29.52  
 508 S	 17.54  
 509 T	 23.03  
 510 V	 4.39  
 511 L	 4.55  
 512 R	 34.28  
 513 S	 21.46  
 514 P	 22.41  
 515 V	 9.37  
 516 W	 5.30  
 517 F	 4.72  
 518 Q	 16.50  
 519 A	 10.32  
 520 H	 20.50  
 521 L	 8.10  
 522 N	 40.46  
 523 N	 41.45  
 524 P	 18.23  
 525 M	 4.17  
 526 H	 23.75  
 527 W	 6.86  
 528 V	 2.09  
 529 D	 28.04  
 530 S	 14.92  
 531 V	 4.43  
 532 L	 3.36  
 533 T	 9.78  
 534 C	 1.75  
 535 M	 4.29  
 536 G	 36.76  
 537 A	 5.53  
 538 P	 16.99  
 539 P	 37.42  
 540 R	 41.30  
 541 I	 3.09  
 542 C	 2.97  
 543 S	 22.08  
 544 S	 35.21  
 545 R	 28.32  
 546 T	 44.93  
