 1 M	 4.97  
 2 I	 5.97  
 3 S	 21.00  
 4 I	 2.63  
 5 E	 38.54  
 6 S	 31.48  
 7 L	 3.30  
 8 S	 34.91  
 9 Q	 44.70  
 10 Q	 29.80  
 11 Q	 30.31  
 12 A	 12.14  
 13 V	 11.69  
 14 G	 24.49  
 15 P	 13.65  
 16 P	 18.19  
 17 M	 5.55  
 18 M	 3.03  
 19 L	 4.36  
 20 N	 38.13  
 21 G	 36.02  
 22 G	 34.97  
 23 N	 39.22  
 24 E	 47.15  
 25 H	 44.77  
 26 G	 20.95  
 27 A	 11.86  
 28 E	 49.88  
 29 A	 9.82  
 30 M	 2.28  
 31 S	 31.43  
 32 F	 5.06  
 33 G	 21.43  
 34 R	 36.94  
 35 G	 28.23  
 36 I	 3.15  
 37 S	 27.41  
 38 N	 53.57  
 39 D	 47.43  
 40 L	 4.80  
 41 P	 20.18  
 42 T	 37.61  
 43 A	 8.54  
 44 Y	 13.51  
 45 V	 2.94  
 46 T	 17.76  
 47 S	 20.27  
 48 T	 21.34  
 49 P	 31.57  
 50 L	 5.71  
 51 P	 31.32  
 52 L	 11.42  
 53 A	 11.82  
 54 K	 55.18  
 55 A	 13.55  
 56 Q	 40.69  
 57 Q	 48.16  
 58 Q	 32.59  
 59 Q	 42.11  
 60 Q	 37.43  
 61 H	 30.41  
 62 E	 35.37  
 63 Q	 49.35  
 64 Q	 39.52  
 65 L	 2.48  
 66 H	 18.99  
 67 H	 42.16  
 68 L	 2.15  
 69 P	 36.62  
 70 G	 38.86  
 71 Y	 7.23  
 72 H	 19.65  
 73 S	 26.13  
 74 A	 13.51  
 75 G	 29.07  
 76 Q	 27.99  
 77 S	 26.40  
 78 R	 21.92  
 79 V	 6.32  
 80 M	 3.97  
 81 S	 38.71  
 82 E	 51.76  
 83 E	 59.83  
 84 E	 61.41  
 85 N	 57.83  
 86 E	 66.55  
 87 R	 70.60  
 88 E	 42.91  
 89 K	 55.90  
 90 H	 27.74  
 91 A	 23.19  
 92 K	 34.92  
 93 I	 3.41  
 94 S	 16.44  
 95 V	 8.93  
 96 L	 3.41  
 97 F	 8.09  
 98 E	 48.64  
 99 E	 30.18  
 100 I	 4.18  
 101 R	 24.79  
 102 I	 5.33  
 103 E	 31.70  
 104 A	 11.19  
 105 A	 6.81  
 106 N	 42.39  
 107 M	 2.36  
 108 L	 5.54  
 109 N	 32.87  
 110 G	 23.52  
 111 T	 13.23  
 112 M	 4.77  
 113 N	 29.67  
 114 A	 14.33  
 115 N	 36.67  
 116 I	 4.53  
 117 K	 47.65  
 118 Q	 60.52  
 119 E	 58.77  
 120 D	 62.41  
 121 N	 54.73  
 122 E	 71.05  
 123 D	 67.04  
 124 Q	 30.94  
 125 P	 31.77  
 126 T	 34.30  
 127 A	 16.26  
 128 L	 6.86  
 129 S	 27.36  
 130 D	 50.06  
 131 S	 30.97  
 132 A	 17.32  
 133 P	 25.08  
 134 V	 10.05  
 135 S	 21.27  
 136 I	 9.98  
 137 N	 28.09  
 138 K	 58.79  
 139 K	 62.14  
 140 L	 9.38  
 141 K	 60.45  
 142 K	 75.41  
 143 R	 46.26  
 144 K	 58.10  
 145 S	 41.70  
 146 E	 40.89  
 147 L	 9.46  
 148 A	 9.45  
 149 L	 7.85  
 150 E	 28.96  
 151 M	 3.78  
 152 T	 22.91  
 153 A	 15.06  
 154 D	 47.49  
 155 E	 45.44  
 156 V	 9.13  
 157 D	 34.87  
 158 D	 43.09  
 159 I	 3.92  
 160 L	 8.85  
 161 G	 27.44  
 162 D	 49.17  
 163 S	 27.91  
 164 T	 43.81  
 165 N	 39.34  
 166 S	 36.07  
 167 S	 30.98  
 168 F	 21.31  
 169 N	 48.89  
 170 P	 35.47  
 171 K	 77.64  
 172 N	 38.09  
 173 P	 35.07  
 174 F	 28.39  
 175 G	 48.65  
 176 G	 21.64  
 177 P	 43.37  
 178 S	 34.67  
 179 P	 41.42  
 180 S	 58.36  
 181 G	 41.30  
 182 F	 5.09  
 183 P	 39.17  
 184 D	 62.49  
 185 L	 8.13  
 186 G	 38.89  
 187 S	 33.13  
 188 P	 44.90  
 189 G	 45.46  
 190 S	 20.85  
 191 S	 49.61  
 192 N	 42.15  
 193 Y	 25.19  
 194 N	 29.88  
 195 P	 23.95  
 196 A	 22.43  
 197 S	 39.12  
 198 Q	 52.32  
 199 K	 50.86  
 200 S	 40.20  
 201 S	 37.26  
 202 P	 40.73  
 203 P	 51.73  
 204 L	 8.61  
 205 S	 35.01  
 206 K	 57.51  
 207 Y	 16.47  
 208 S	 30.12  
 209 Q	 50.21  
 210 N	 36.53  
 211 N	 39.46  
 212 Q	 57.87  
 213 G	 30.45  
 214 Q	 31.45  
 215 R	 53.04  
 216 N	 51.48  
 217 S	 43.87  
 218 P	 36.94  
 219 P	 45.32  
 220 N	 44.60  
 221 H	 42.83  
 222 G	 46.35  
 223 Y	 5.49  
 224 P	 34.34  
 225 N	 34.77  
 226 M	 3.54  
 227 S	 21.37  
 228 P	 16.49  
 229 Y	 13.01  
 230 M	 3.10  
 231 T	 15.23  
 232 S	 15.76  
 233 Q	 26.38  
 234 M	 5.55  
 235 N	 35.01  
 236 S	 20.47  
 237 P	 21.79  
 238 M	 7.85  
 239 H	 15.44  
 240 P	 30.26  
 241 Q	 36.91  
 242 L	 6.14  
 243 Q	 37.25  
 244 Q	 53.68  
 245 Q	 28.63  
 246 N	 34.35  
 247 S	 28.78  
 248 L	 7.64  
 249 T	 27.29  
 250 S	 46.25  
 251 S	 28.17  
 252 P	 32.83  
 253 P	 32.53  
 254 V	 10.09  
 255 S	 19.29  
 256 M	 3.55  
 257 H	 22.80  
 258 S	 20.53  
 259 P	 18.33  
 260 V	 10.08  
 261 S	 27.67  
 262 Q	 61.46  
 263 D	 45.49  
 264 F	 5.37  
 265 K	 55.79  
 266 S	 25.49  
 267 T	 26.85  
 268 I	 2.73  
 269 I	 5.24  
 270 N	 30.57  
 271 G	 12.35  
 272 H	 11.25  
 273 V	 3.92  
 274 M	 3.05  
 275 G	 22.22  
 276 A	 4.83  
 277 H	 18.32  
 278 H	 14.99  
 279 H	 17.82  
 280 H	 36.38  
 281 L	 3.61  
 282 P	 16.92  
 283 H	 41.11  
 284 H	 19.46  
 285 T	 21.78  
 286 R	 26.39  
 287 F	 8.94  
 288 L	 3.91  
 289 Q	 29.63  
 290 H	 29.78  
 291 Q	 26.43  
 292 Q	 39.16  
 293 S	 38.84  
 294 A	 7.83  
 295 P	 45.71  
 296 N	 37.19  
 297 L	 4.69  
 298 R	 37.40  
 299 L	 11.10  
 300 G	 14.89  
 301 T	 33.58  
 302 Q	 53.94  
 303 T	 32.29  
 304 P	 27.84  
 305 E	 60.33  
 306 E	 57.62  
 307 A	 16.51  
 308 L	 4.61  
 309 P	 26.48  
 310 Y	 21.23  
 311 Q	 22.79  
 312 I	 3.16  
 313 S	 14.49  
 314 G	 29.44  
 315 I	 4.11  
 316 T	 27.09  
 317 P	 20.73  
 318 P	 32.05  
 319 A	 32.74  
 320 R	 37.89  
 321 P	 37.28  
 322 F	 11.54  
 323 D	 41.77  
 324 R	 32.06  
 325 S	 38.31  
 326 L	 6.14  
 327 V	 7.55  
 328 E	 63.36  
 329 E	 39.15  
 330 F	 4.60  
 331 E	 34.65  
 332 M	 2.88  
 333 C	 1.15  
 334 V	 4.20  
 335 R	 17.66  
 336 A	 4.38  
 337 V	 2.35  
 338 L	 2.01  
 339 M	 2.63  
 340 A	 9.68  
 341 S	 9.62  
 342 H	 17.43  
 343 R	 20.71  
 344 V	 4.41  
 345 Y	 5.45  
 346 C	 1.91  
 347 R	 12.48  
 348 H	 19.87  
 349 V	 1.86  
 350 Y	 6.11  
 351 R	 24.76  
 352 Q	 26.02  
 353 L	 3.47  
 354 T	 16.66  
 355 A	 24.64  
 356 E	 41.14  
 357 V	 5.10  
 358 S	 17.25  
 359 E	 51.48  
 360 L	 2.93  
 361 Y	 6.57  
 362 A	 16.46  
 363 R	 18.50  
 364 V	 7.28  
 365 A	 10.26  
 366 K	 45.09  
 367 N	 38.04  
 368 Q	 52.78  
 369 V	 11.96  
 370 P	 23.75  
 371 K	 55.28  
 372 K	 52.95  
 373 A	 25.20  
 374 V	 9.97  
 375 K	 43.01  
 376 K	 32.52  
 377 I	 1.83  
 378 I	 3.17  
 379 A	 10.48  
 380 A	 10.55  
 381 R	 33.71  
 382 Q	 27.53  
 383 P	 32.33  
 384 A	 20.35  
 385 T	 38.21  
 386 P	 44.76  
 387 G	 32.24  
 388 E	 52.25  
 389 R	 33.33  
 390 I	 6.53  
 391 E	 51.29  
 392 L	 6.47  
 393 E	 31.48  
 394 R	 60.92  
 395 Q	 32.54  
 396 F	 8.27  
 397 K	 21.72  
 398 C	 3.91  
 399 L	 5.12  
 400 A	 20.49  
 401 D	 49.62  
 402 G	 26.24  
 403 L	 5.78  
 404 E	 49.78  
 405 S	 40.43  
 406 R	 31.46  
 407 Q	 69.60  
 408 S	 17.32  
 409 P	 21.62  
 410 Q	 63.02  
 411 L	 6.10  
 412 Y	 11.46  
 413 E	 39.64  
 414 S	 20.86  
 415 I	 2.14  
 416 L	 5.30  
 417 N	 24.17  
 418 F	 7.65  
 419 L	 3.80  
 420 Y	 9.90  
 421 K	 23.52  
 422 M	 2.35  
 423 R	 15.57  
 424 V	 5.18  
 425 A	 9.38  
 426 I	 2.47  
 427 P	 21.93  
 428 D	 42.12  
 429 V	 4.32  
 430 A	 14.94  
 431 Q	 49.73  
 432 Q	 45.61  
