 1 M	 7.90  
 2 R	 36.91  
 3 T	 12.82  
 4 M	 2.03  
 5 R	 22.20  
 6 L	 2.52  
 7 A	 5.63  
 8 W	 11.74  
 9 L	 2.69  
 10 L	 2.12  
 11 P	 24.05  
 12 L	 6.76  
 13 F	 3.45  
 14 I	 2.32  
 15 H	 11.06  
 16 I	 3.48  
 17 L	 2.56  
 18 I	 2.98  
 19 K	 44.81  
 20 N	 33.38  
 21 T	 18.36  
 22 A	 16.97  
 23 Q	 45.93  
 24 A	 7.49  
 25 P	 25.35  
 26 A	 21.49  
 27 V	 7.30  
 28 N	 38.55  
 29 N	 31.90  
 30 S	 25.80  
 31 T	 23.40  
 32 C	 3.51  
 33 D	 52.11  
 34 Q	 57.38  
 35 A	 10.49  
 36 K	 53.96  
 37 E	 50.13  
 38 F	 10.44  
 39 D	 40.27  
 40 C	 5.75  
 41 G	 41.28  
 42 N	 38.45  
 43 G	 18.45  
 44 R	 23.98  
 45 L	 5.77  
 46 R	 18.24  
 47 C	 5.31  
 48 I	 2.68  
 49 P	 27.96  
 50 A	 15.68  
 51 E	 32.50  
 52 W	 13.25  
 53 Q	 19.05  
 54 C	 4.27  
 55 D	 37.22  
 56 N	 38.20  
 57 V	 2.80  
 58 A	 20.26  
 59 D	 35.70  
 60 C	 2.93  
 61 D	 62.25  
 62 N	 54.45  
 63 G	 25.76  
 64 R	 51.26  
 65 D	 56.67  
 66 E	 47.90  
 67 S	 49.76  
 68 G	 11.44  
 69 C	 3.81  
 70 S	 28.95  
 71 Y	 17.65  
 72 A	 3.04  
 73 H	 17.79  
 74 H	 10.07  
 75 C	 3.22  
 76 S	 23.80  
 77 T	 31.23  
 78 S	 7.74  
 79 F	 4.37  
 80 M	 4.26  
 81 L	 3.37  
 82 C	 1.85  
 83 K	 50.52  
 84 N	 47.90  
 85 G	 13.12  
 86 L	 2.72  
 87 C	 2.62  
 88 V	 8.45  
 89 A	 14.61  
 90 N	 34.54  
 91 E	 36.42  
 92 F	 10.80  
 93 K	 25.82  
 94 C	 11.17  
 95 D	 65.20  
 96 G	 50.10  
 97 E	 37.11  
 98 D	 66.88  
 99 D	 25.67  
 100 C	 7.08  
 101 R	 59.32  
 102 D	 68.24  
 103 G	 20.04  
 104 S	 42.11  
 105 D	 66.17  
 106 E	 43.87  
 107 Q	 52.07  
 108 H	 12.34  
 109 C	 6.24  
 110 E	 39.22  
 111 Y	 16.94  
 112 N	 15.72  
 113 I	 5.12  
 114 L	 3.52  
 115 K	 35.47  
 116 S	 34.43  
 117 R	 31.89  
 118 F	 18.84  
 119 D	 59.51  
 120 G	 26.98  
 121 S	 47.62  
 122 N	 39.82  
 123 P	 33.30  
 124 S	 51.65  
 125 A	 13.50  
 126 P	 35.99  
 127 T	 32.36  
 128 T	 18.44  
 129 F	 7.34  
 130 V	 7.77  
 131 G	 12.35  
 132 H	 30.67  
 133 N	 62.88  
 134 G	 17.44  
 135 P	 46.49  
 136 E	 47.02  
 137 C	 7.03  
 138 H	 33.46  
 139 P	 27.62  
 140 P	 25.03  
 141 R	 38.93  
 142 L	 8.16  
 143 R	 18.32  
 144 C	 4.87  
 145 R	 37.07  
 146 S	 36.52  
 147 G	 13.66  
 148 Q	 23.53  
 149 C	 3.39  
 150 I	 5.25  
 151 Q	 32.83  
 152 P	 19.59  
 153 D	 35.04  
 154 L	 5.41  
 155 V	 3.49  
 156 C	 7.25  
 157 D	 44.42  
 158 G	 22.07  
 159 H	 12.79  
 160 T	 44.20  
 161 D	 20.93  
 162 C	 4.24  
 163 S	 48.93  
 164 G	 50.29  
 165 G	 23.93  
 166 D	 53.04  
 167 D	 66.09  
 168 E	 40.13  
 169 V	 10.30  
 170 N	 21.28  
 171 C	 3.65  
 172 T	 20.42  
 173 R	 44.79  
 174 R	 32.44  
 175 G	 29.21  
 176 H	 22.80  
 177 E	 58.16  
 178 N	 28.28  
 179 M	 3.58  
 180 Q	 45.90  
 181 S	 25.16  
 182 S	 18.33  
 183 T	 48.18  
 184 D	 40.61  
 185 F	 7.44  
 186 H	 32.92  
 187 D	 60.67  
 188 D	 22.59  
 189 V	 4.72  
 190 H	 27.42  
 191 L	 4.73  
 192 V	 5.10  
 193 D	 42.77  
 194 P	 24.51  
 195 T	 27.24  
 196 F	 7.10  
 197 F	 8.64  
 198 A	 17.82  
 199 N	 52.58  
 200 E	 60.58  
 201 D	 60.75  
 202 N	 38.87  
 203 K	 43.26  
 204 C	 5.40  
 205 R	 34.42  
 206 S	 45.69  
 207 G	 11.54  
 208 Y	 7.79  
 209 T	 19.49  
 210 M	 1.14  
 211 C	 1.46  
 212 H	 24.80  
 213 S	 31.59  
 214 G	 14.01  
 215 D	 34.82  
 216 V	 3.48  
 217 C	 4.44  
 218 I	 4.22  
 219 P	 26.51  
 220 D	 31.91  
 221 S	 18.11  
 222 F	 11.67  
 223 L	 2.77  
 224 C	 5.31  
 225 D	 56.65  
 226 G	 36.06  
 227 D	 26.53  
 228 L	 9.62  
 229 D	 38.24  
 230 C	 7.11  
 231 D	 54.93  
 232 D	 55.06  
 233 A	 12.96  
 234 S	 53.98  
 235 D	 73.02  
 236 E	 43.61  
 237 K	 68.93  
 238 N	 22.53  
 239 C	 8.59  
 240 Q	 47.37  
 241 T	 35.23  
 242 N	 24.79  
 243 A	 16.63  
 244 P	 44.32  
 245 S	 56.05  
 246 E	 54.51  
 247 E	 57.17  
 248 E	 47.96  
 249 Y	 14.94  
 250 L	 5.40  
 251 S	 28.14  
 252 G	 24.89  
 253 Q	 39.99  
 254 A	 16.52  
 255 D	 31.58  
 256 H	 20.90  
 257 M	 2.27  
 258 H	 23.41  
 259 S	 11.37  
 260 C	 1.63  
 261 S	 24.94  
 262 A	 16.62  
 263 A	 6.23  
 264 G	 18.44  
 265 M	 1.59  
 266 Y	 10.41  
 267 S	 9.36  
 268 C	 4.41  
 269 G	 25.23  
 270 T	 36.24  
 271 K	 45.80  
 272 G	 30.28  
 273 S	 27.83  
 274 E	 53.05  
 275 I	 5.55  
 276 G	 12.28  
 277 V	 3.08  
 278 C	 2.14  
 279 I	 3.18  
 280 P	 12.59  
 281 M	 2.43  
 282 N	 27.09  
 283 A	 13.79  
 284 T	 11.08  
 285 C	 4.00  
 286 N	 51.36  
 287 G	 34.20  
 288 I	 1.80  
 289 K	 55.45  
 290 E	 39.17  
 291 C	 2.61  
 292 P	 40.23  
 293 L	 20.79  
 294 G	 26.01  
 295 D	 65.27  
 296 D	 61.34  
 297 E	 67.44  
 298 S	 34.39  
 299 K	 46.73  
 300 H	 29.61  
 301 C	 4.15  
 302 S	 35.12  
 303 E	 37.28  
 304 C	 2.26  
 305 A	 18.91  
 306 R	 38.31  
 307 K	 38.56  
 308 R	 26.08  
 309 C	 5.15  
 310 D	 44.13  
 311 H	 25.29  
 312 T	 10.53  
 313 C	 1.45  
 314 M	 7.04  
 315 N	 53.24  
 316 T	 6.98  
 317 P	 20.93  
 318 H	 40.27  
 319 G	 18.87  
 320 A	 10.51  
 321 R	 18.22  
 322 C	 3.46  
 323 I	 1.96  
 324 C	 3.27  
 325 Q	 27.51  
 326 E	 61.14  
 327 G	 10.05  
 328 Y	 11.32  
 329 K	 48.32  
 330 L	 4.81  
 331 A	 14.54  
 332 D	 62.03  
 333 D	 48.68  
 334 G	 24.35  
 335 L	 6.78  
 336 T	 21.27  
 337 C	 8.14  
 338 E	 60.23  
 339 D	 71.45  
 340 E	 33.16  
 341 D	 69.47  
 342 E	 24.81  
 343 C	 9.06  
 344 A	 10.69  
 345 T	 39.80  
 346 H	 11.80  
 347 G	 15.88  
 348 H	 18.81  
 349 L	 3.39  
 350 C	 2.16  
 351 Q	 38.77  
 352 H	 28.47  
 353 F	 1.69  
 354 C	 5.09  
 355 E	 45.26  
 356 D	 52.89  
 357 R	 20.75  
 358 L	 11.87  
 359 G	 22.93  
 360 S	 17.79  
 361 F	 9.80  
 362 A	 8.11  
 363 C	 3.33  
 364 K	 32.71  
 365 C	 3.41  
 366 A	 9.66  
 367 N	 64.15  
 368 G	 9.96  
 369 Y	 19.69  
 370 E	 41.34  
 371 L	 6.90  
 372 E	 32.67  
 373 T	 60.96  
 374 D	 43.35  
 375 G	 23.25  
 376 H	 32.60  
 377 S	 20.17  
 378 C	 4.52  
 379 K	 49.49  
 380 Y	 23.88  
 381 E	 25.77  
 382 T	 26.76  
 383 T	 19.41  
 384 T	 48.01  
 385 T	 19.76  
 386 P	 30.81  
 387 E	 59.38  
 388 G	 26.16  
 389 Y	 9.22  
 390 L	 4.52  
 391 F	 2.41  
 392 I	 2.83  
 393 S	 17.39  
 394 L	 9.75  
 395 G	 24.35  
 396 G	 35.20  
 397 E	 32.50  
 398 V	 6.11  
 399 R	 23.83  
 400 Q	 42.92  
 401 M	 1.74  
 402 P	 18.96  
 403 L	 6.32  
 404 A	 12.19  
 405 D	 55.45  
 406 F	 5.81  
 407 T	 39.74  
 408 D	 59.52  
 409 G	 18.09  
 410 S	 35.09  
 411 N	 46.99  
 412 Y	 19.95  
 413 S	 21.56  
 414 P	 23.75  
 415 I	 5.98  
 416 Q	 37.89  
 417 K	 37.59  
 418 F	 5.88  
 419 A	 18.99  
 420 G	 23.92  
 421 H	 27.13  
 422 G	 23.17  
 423 T	 13.93  
 424 I	 3.73  
 425 R	 27.65  
 426 S	 23.74  
 427 I	 3.21  
 428 D	 35.74  
 429 F	 4.18  
 430 M	 2.29  
 431 H	 29.34  
 432 R	 36.31  
 433 N	 37.48  
 434 N	 36.81  
 435 K	 36.74  
 436 M	 3.56  
 437 F	 3.57  
 438 M	 2.88  
 439 S	 14.00  
 440 I	 3.95  
 441 S	 29.64  
 442 D	 50.68  
 443 E	 42.87  
 444 H	 51.45  
 445 G	 40.31  
 446 D	 39.22  
 447 P	 47.06  
 448 T	 48.29  
 449 G	 38.96  
 450 E	 40.11  
 451 L	 6.92  
 452 S	 18.44  
 453 V	 15.11  
 454 S	 23.22  
 455 D	 51.57  
 456 N	 37.68  
 457 G	 26.32  
 458 L	 2.19  
 459 M	 2.70  
 460 R	 29.39  
 461 V	 3.53  
 462 L	 3.92  
 463 R	 30.50  
 464 E	 52.25  
 465 N	 25.03  
 466 V	 3.27  
 467 I	 7.32  
 468 G	 16.71  
 469 V	 2.30  
 470 S	 22.00  
 471 N	 24.30  
 472 V	 4.23  
 473 A	 9.59  
 474 V	 5.66  
 475 D	 22.87  
 476 W	 5.64  
 477 I	 4.36  
 478 G	 19.85  
 479 G	 20.28  
 480 N	 23.39  
 481 V	 4.76  
 482 F	 6.77  
 483 F	 6.52  
 484 T	 24.51  
 485 Q	 38.79  
 486 K	 62.37  
 487 S	 22.31  
 488 P	 58.24  
 489 S	 38.28  
 490 P	 31.42  
 491 S	 43.39  
 492 A	 23.79  
 493 G	 20.65  
 494 I	 2.22  
 495 S	 15.64  
 496 I	 1.83  
 497 C	 1.77  
 498 T	 16.83  
 499 M	 2.56  
 500 S	 14.67  
 501 G	 11.45  
 502 M	 1.94  
 503 F	 3.15  
 504 C	 1.70  
 505 R	 25.33  
 506 R	 34.64  
 507 V	 2.12  
 508 I	 5.68  
 509 E	 62.45  
 510 G	 27.89  
 511 K	 33.79  
 512 E	 71.45  
 513 Q	 59.73  
 514 G	 21.35  
 515 Q	 36.66  
 516 S	 24.50  
 517 Y	 10.79  
 518 R	 36.90  
 519 G	 18.00  
 520 L	 2.41  
 521 V	 4.07  
 522 V	 5.15  
 523 H	 11.71  
 524 P	 11.53  
 525 M	 2.99  
 526 R	 41.01  
 527 G	 18.25  
 528 L	 1.49  
 529 I	 2.46  
 530 I	 2.95  
 531 W	 4.95  
 532 I	 1.45  
 533 D	 26.71  
 534 S	 21.96  
 535 Y	 12.79  
 536 Q	 43.73  
 537 K	 34.49  
 538 Y	 4.84  
 539 H	 21.59  
 540 R	 18.53  
 541 I	 1.09  
 542 M	 1.77  
 543 M	 1.96  
 544 A	 7.27  
 545 N	 15.92  
 546 M	 4.48  
 547 D	 54.09  
 548 G	 14.81  
 549 S	 22.65  
 550 Q	 33.75  
 551 V	 4.38  
 552 R	 13.24  
 553 I	 4.75  
 554 L	 3.26  
 555 L	 6.75  
 556 D	 46.93  
 557 N	 51.27  
 558 K	 45.77  
 559 L	 11.41  
 560 E	 54.73  
 561 V	 7.04  
 562 P	 12.43  
 563 S	 40.88  
 564 A	 8.57  
 565 L	 5.14  
 566 A	 7.72  
 567 I	 4.26  
 568 D	 27.48  
 569 Y	 8.17  
 570 I	 2.53  
 571 R	 17.45  
 572 H	 21.23  
 573 D	 27.28  
 574 V	 3.31  
 575 Y	 14.11  
 576 F	 7.28  
 577 G	 21.99  
 578 D	 29.25  
 579 V	 7.17  
 580 E	 39.18  
 581 R	 36.13  
 582 Q	 33.03  
 583 L	 5.71  
 584 I	 2.10  
 585 E	 60.20  
 586 R	 21.57  
 587 V	 4.83  
 588 N	 32.41  
 589 I	 6.96  
 590 D	 46.66  
 591 T	 30.89  
 592 K	 45.54  
 593 E	 48.05  
 594 R	 37.94  
 595 R	 28.31  
 596 V	 5.85  
 597 V	 3.63  
 598 I	 2.12  
 599 S	 18.87  
 600 N	 45.44  
 601 G	 17.22  
 602 V	 4.36  
 603 H	 20.01  
 604 H	 21.87  
 605 P	 16.37  
 606 Y	 17.62  
 607 D	 21.49  
 608 M	 2.41  
 609 A	 11.67  
 610 Y	 7.31  
 611 F	 5.38  
 612 N	 27.86  
 613 G	 12.20  
 614 F	 5.05  
 615 L	 3.55  
 616 Y	 9.04  
 617 W	 7.01  
 618 A	 6.79  
 619 D	 35.80  
 620 W	 12.40  
 621 G	 23.29  
 622 S	 21.54  
 623 E	 57.03  
 624 S	 34.88  
 625 L	 5.75  
 626 K	 51.67  
 627 V	 7.65  
 628 Q	 32.91  
 629 E	 49.38  
 630 M	 2.12  
 631 T	 19.80  
 632 H	 18.49  
 633 H	 17.23  
 634 H	 23.51  
 635 S	 39.08  
 636 S	 18.26  
 637 P	 35.16  
 638 Q	 49.06  
 639 V	 3.83  
 640 I	 1.82  
 641 H	 26.08  
 642 T	 16.10  
 643 F	 2.79  
 644 N	 43.67  
 645 R	 29.61  
 646 Y	 11.25  
 647 P	 20.03  
 648 Y	 16.54  
 649 G	 9.25  
 650 I	 2.97  
 651 A	 7.53  
 652 V	 6.64  
 653 N	 15.26  
 654 H	 16.75  
 655 S	 24.46  
 656 L	 2.60  
 657 Y	 13.67  
 658 Q	 45.32  
 659 T	 37.79  
 660 G	 19.32  
 661 P	 32.31  
 662 P	 48.35  
 663 S	 57.44  
 664 N	 36.76  
 665 P	 28.54  
 666 C	 5.58  
 667 L	 9.93  
 668 E	 49.60  
 669 L	 5.46  
 670 E	 29.20  
 671 C	 4.60  
 672 P	 20.07  
 673 W	 17.66  
 674 L	 0.72  
 675 C	 1.41  
 676 V	 4.65  
 677 I	 4.24  
 678 V	 2.14  
 679 P	 21.22  
 680 K	 52.33  
 681 S	 31.51  
 682 D	 43.12  
 683 F	 5.47  
 684 I	 2.62  
 685 M	 2.77  
 686 T	 20.39  
 687 A	 5.95  
 688 K	 20.31  
 689 C	 3.36  
 690 V	 5.38  
 691 C	 3.40  
 692 P	 20.05  
 693 D	 58.57  
 694 G	 17.87  
 695 Y	 14.52  
 696 T	 17.13  
 697 H	 16.28  
 698 S	 23.96  
 699 V	 6.37  
 700 T	 32.25  
 701 E	 45.02  
 702 N	 32.58  
 703 S	 13.75  
 704 C	 9.03  
 705 I	 4.30  
 706 P	 22.95  
 707 P	 18.90  
 708 V	 7.65  
 709 T	 25.15  
 710 I	 6.81  
 711 E	 50.43  
 712 D	 65.74  
 713 E	 35.67  
 714 E	 78.44  
 715 N	 51.99  
 716 L	 7.50  
 717 E	 64.63  
 718 K	 59.46  
 719 L	 3.08  
 720 S	 24.91  
 721 H	 38.57  
 722 I	 4.13  
 723 G	 11.05  
 724 S	 20.02  
 725 A	 8.99  
 726 L	 3.42  
 727 M	 2.39  
 728 A	 12.88  
 729 E	 36.43  
 730 Y	 6.00  
 731 C	 1.86  
 732 E	 47.78  
 733 A	 17.75  
 734 G	 5.81  
 735 V	 4.83  
 736 A	 5.97  
 737 C	 1.70  
 738 M	 3.63  
 739 N	 45.70  
 740 G	 9.74  
 741 G	 19.25  
 742 A	 7.21  
 743 C	 3.82  
 744 R	 47.31  
 745 E	 55.37  
 746 L	 3.24  
 747 Q	 48.81  
 748 N	 56.72  
 749 E	 34.46  
 750 H	 38.29  
 751 G	 23.45  
 752 R	 29.18  
 753 A	 10.82  
 754 H	 20.74  
 755 R	 23.27  
 756 I	 2.31  
 757 V	 1.96  
 758 C	 4.63  
 759 D	 23.70  
 760 C	 5.72  
 761 E	 50.37  
 762 G	 32.19  
 763 P	 11.18  
 764 Y	 43.49  
 765 D	 40.63  
 766 G	 17.95  
 767 Q	 36.48  
 768 Y	 11.21  
 769 C	 1.56  
 770 E	 56.09  
 771 R	 35.88  
 772 L	 6.14  
 773 N	 49.24  
 774 P	 51.23  
 775 E	 66.71  
 776 K	 45.97  
 777 F	 5.55  
 778 S	 37.46  
 779 A	 16.73  
 780 M	 6.89  
 781 E	 58.93  
 782 E	 54.76  
 783 E	 50.30  
 784 D	 46.97  
 785 S	 30.52  
 786 S	 35.57  
 787 L	 5.09  
 788 W	 5.98  
 789 L	 2.05  
 790 I	 1.07  
 791 V	 2.63  
 792 L	 2.27  
 793 L	 2.09  
 794 L	 1.97  
 795 I	 2.39  
 796 F	 3.96  
 797 L	 1.75  
 798 I	 1.33  
 799 I	 1.44  
 800 V	 2.34  
 801 A	 4.66  
 802 V	 2.54  
 803 V	 3.08  
 804 G	 10.05  
 805 I	 1.07  
 806 I	 1.50  
 807 A	 7.49  
 808 F	 4.34  
 809 L	 3.14  
 810 W	 5.61  
 811 F	 5.27  
 812 S	 21.26  
 813 Q	 43.11  
 814 Q	 41.17  
 815 E	 38.01  
 816 H	 25.01  
 817 M	 3.79  
 818 K	 51.23  
 819 D	 35.09  
 820 V	 2.88  
 821 I	 4.31  
 822 S	 18.83  
 823 T	 13.83  
 824 A	 10.94  
 825 R	 19.50  
 826 V	 6.93  
 827 R	 25.23  
 828 V	 5.96  
 829 D	 28.73  
 830 N	 24.13  
 831 M	 3.10  
 832 A	 18.97  
 833 R	 28.13  
 834 K	 46.73  
 835 A	 17.85  
 836 E	 51.74  
 837 D	 46.49  
 838 A	 9.31  
 839 A	 26.54  
 840 A	 8.96  
 841 P	 26.82  
 842 I	 5.54  
 843 V	 6.78  
 844 E	 47.39  
 845 K	 39.30  
 846 F	 6.06  
 847 R	 43.53  
 848 K	 53.25  
 849 V	 7.94  
 850 T	 40.28  
 851 D	 48.34  
 852 K	 37.94  
 853 Q	 47.57  
 854 R	 48.52  
 855 S	 42.65  
 856 T	 39.23  
 857 P	 27.48  
 858 P	 47.22  
 859 R	 54.89  
 860 E	 70.83  
 861 G	 15.31  
 862 C	 2.52  
 863 Q	 45.05  
 864 T	 39.25  
 865 A	 3.26  
 866 T	 38.88  
 867 N	 28.97  
 868 V	 5.40  
 869 D	 40.06  
 870 F	 3.24  
 871 V	 5.29  
 872 S	 19.76  
 873 Y	 22.82  
 874 E	 28.25  
 875 T	 31.34  
 876 N	 33.88  
 877 A	 30.98  
 878 E	 44.96  
 879 K	 51.20  
 880 R	 17.16  
 881 I	 6.74  
 882 R	 27.21  
 883 M	 5.65  
 884 D	 35.79  
 885 S	 28.95  
 886 S	 28.12  
 887 P	 29.34  
 888 T	 36.21  
 889 S	 34.13  
 890 Y	 24.33  
 891 G	 31.37  
 892 N	 15.21  
 893 P	 20.53  
 894 M	 8.37  
 895 Y	 15.37  
 896 D	 44.13  
 897 E	 42.35  
 898 V	 6.10  
 899 P	 33.43  
 900 E	 63.60  
 901 S	 27.42  
 902 S	 30.78  
 903 T	 43.87  
 904 G	 22.47  
 905 F	 4.12  
 906 V	 5.10  
 907 R	 25.01  
 908 S	 22.67  
 909 A	 10.11  
 910 S	 37.41  
 911 A	 11.71  
 912 P	 19.68  
 913 F	 10.39  
 914 A	 15.41  
 915 G	 18.76  
 916 V	 2.26  
 917 I	 4.01  
 918 R	 30.35  
 919 F	 7.65  
 920 E	 50.72  
 921 N	 41.27  
 922 D	 33.20  
 923 S	 43.06  
 924 L	 7.99  
 925 L	 8.37  
