 1 M	 10.96  
 2 D	 45.17  
 3 V	 6.83  
 4 R	 24.66  
 5 P	 31.23  
 6 Y	 19.35  
 7 E	 58.83  
 8 G	 27.08  
 9 G	 21.11  
 10 R	 47.62  
 11 F	 14.69  
 12 E	 42.26  
 13 K	 50.05  
 14 I	 6.05  
 15 G	 39.82  
 16 S	 35.42  
 17 E	 54.73  
 18 E	 47.66  
 19 A	 10.89  
 20 H	 30.56  
 21 T	 27.79  
 22 I	 3.18  
 23 E	 48.91  
 24 T	 27.26  
 25 F	 4.45  
 26 E	 48.77  
 27 R	 38.37  
 28 R	 20.32  
 29 I	 4.38  
 30 H	 32.06  
 31 G	 38.27  
 32 T	 12.03  
 33 P	 33.33  
 34 H	 44.63  
 35 S	 52.77  
 36 E	 42.28  
 37 P	 37.35  
 38 Q	 44.37  
 39 R	 49.97  
 40 Q	 33.91  
 41 V	 8.32  
 42 S	 24.39  
 43 S	 25.56  
 44 K	 39.56  
 45 Q	 52.94  
 46 Y	 17.82  
 47 T	 22.11  
 48 E	 34.92  
 49 R	 28.57  
 50 R	 26.52  
 51 T	 36.23  
 52 Y	 14.35  
 53 G	 29.92  
 54 R	 37.34  
 55 D	 49.72  
 56 E	 66.82  
 57 N	 58.65  
 58 G	 24.78  
 59 E	 44.16  
 60 I	 4.59  
 61 V	 2.89  
 62 V	 6.76  
 63 K	 33.96  
 64 I	 6.52  
 65 E	 40.85  
 66 K	 77.09  
 67 N	 32.32  
 68 P	 51.65  
 69 S	 65.02  
 70 E	 49.42  
 71 P	 31.58  
 72 V	 11.40  
 73 R	 31.61  
 74 P	 37.01  
 75 A	 18.86  
 76 S	 26.98  
 77 P	 28.39  
 78 V	 11.35  
 79 R	 24.29  
 80 P	 34.27  
 81 V	 7.09  
 82 T	 18.23  
 83 P	 24.00  
 84 V	 12.89  
 85 G	 38.61  
 86 G	 34.49  
 87 E	 41.42  
 88 N	 59.80  
 89 E	 43.76  
 90 L	 9.10  
 91 S	 16.10  
 92 R	 36.78  
 93 H	 27.76  
 94 L	 4.64  
 95 L	 4.68  
 96 Q	 39.14  
 97 P	 27.44  
 98 I	 4.20  
 99 Q	 40.98  
 100 P	 26.99  
 101 L	 3.07  
 102 H	 34.39  
 103 I	 3.02  
 104 P	 19.21  
 105 R	 38.31  
 106 I	 4.61  
 107 D	 34.45  
 108 I	 5.00  
 109 Q	 27.57  
 110 P	 33.47  
 111 A	 16.50  
 112 N	 47.39  
 113 S	 30.75  
 114 S	 28.08  
 115 R	 29.25  
 116 H	 32.29  
 117 A	 21.81  
 118 S	 19.15  
 119 P	 43.08  
 120 R	 36.76  
 121 H	 38.26  
 122 K	 38.27  
 123 L	 4.69  
 124 Q	 48.73  
 125 Y	 25.22  
 126 D	 36.54  
 127 E	 39.70  
 128 V	 9.73  
 129 S	 16.73  
 130 P	 39.36  
 131 R	 46.25  
 132 S	 40.03  
 133 G	 33.55  
 134 S	 16.43  
 135 I	 3.92  
 136 N	 27.34  
 137 M	 3.60  
 138 L	 5.72  
 139 S	 13.90  
 140 P	 30.41  
 141 R	 52.47  
 142 S	 44.21  
 143 G	 21.76  
 144 H	 22.80  
 145 S	 33.11  
 146 A	 13.07  
 147 S	 29.33  
 148 S	 30.13  
 149 R	 36.29  
 150 S	 34.64  
 151 G	 32.61  
 152 A	 17.65  
 153 G	 27.21  
 154 S	 26.98  
 155 R	 42.92  
 156 Q	 40.84  
 157 S	 37.78  
 158 N	 23.03  
 159 V	 9.05  
 160 S	 21.60  
 161 V	 5.97  
 162 N	 28.09  
 163 S	 21.04  
 164 A	 18.81  
 165 N	 35.44  
 166 V	 6.17  
 167 P	 37.97  
 168 L	 7.95  
 169 K	 38.84  
 170 K	 63.92  
 171 V	 10.17  
 172 T	 41.45  
 173 K	 52.30  
 174 K	 37.18  
 175 S	 32.29  
 176 R	 44.88  
 177 F	 6.97  
 178 V	 5.23  
 179 S	 16.11  
 180 I	 2.63  
 181 H	 24.78  
 182 D	 53.80  
 183 G	 22.94  
 184 R	 34.21  
 185 P	 36.15  
 186 V	 9.67  
 187 S	 18.18  
 188 P	 40.06  
 189 Y	 15.09  
 190 T	 28.67  
 191 E	 41.17  
 192 T	 17.41  
 193 V	 5.13  
 194 S	 24.10  
 195 F	 8.33  
 196 E	 24.43  
 197 V	 5.72  
 198 A	 9.13  
 199 I	 4.19  
 200 P	 16.45  
 201 F	 15.65  
 202 Q	 33.36  
 203 P	 28.55  
 204 D	 51.90  
 205 R	 39.66  
 206 Y	 17.85  
 207 S	 21.96  
 208 S	 19.80  
 209 A	 10.98  
 210 S	 26.60  
 211 A	 15.74  
 212 R	 35.42  
 213 S	 29.24  
 214 F	 7.37  
 215 S	 31.02  
 216 S	 45.97  
 217 S	 20.16  
 218 P	 33.57  
 219 H	 31.94  
 220 V	 5.59  
 221 S	 21.38  
 222 R	 54.14  
 223 R	 31.43  
 224 P	 33.11  
 225 S	 43.42  
 226 E	 26.33  
 227 C	 3.37  
 228 A	 9.10  
 229 Y	 20.45  
 230 L	 1.52  
 231 M	 2.81  
 232 E	 53.77  
 233 N	 20.22  
 234 P	 21.09  
 235 L	 10.14  
 236 Y	 16.34  
 237 Q	 58.58  
 238 D	 47.10  
