 1 M	 7.49  
 2 P	 54.28  
 3 L	 8.40  
 4 P	 13.27  
 5 P	 43.13  
 6 A	 17.17  
 7 L	 4.79  
 8 L	 2.57  
 9 A	 15.81  
 10 R	 37.31  
 11 L	 6.15  
 12 Q	 28.04  
 13 K	 58.12  
 14 R	 27.40  
 15 G	 35.76  
 16 I	 3.98  
 17 V	 6.12  
 18 K	 50.50  
 19 Q	 53.06  
 20 E	 50.86  
 21 E	 55.88  
 22 E	 38.17  
 23 V	 5.94  
 24 I	 4.50  
 25 A	 12.26  
 26 E	 49.58  
 27 N	 41.04  
 28 Y	 21.63  
 29 E	 63.63  
 30 K	 69.11  
 31 E	 46.91  
 32 P	 70.54  
 33 E	 74.36  
 34 K	 65.52  
 35 K	 59.73  
 36 S	 49.29  
 37 F	 21.92  
 38 E	 64.46  
 39 E	 55.25  
 40 N	 29.93  
 41 S	 31.21  
 42 A	 29.74  
 43 G	 31.93  
 44 A	 9.31  
 45 P	 43.96  
 46 G	 38.69  
 47 C	 3.06  
 48 P	 51.88  
 49 N	 67.08  
 50 K	 32.44  
 51 W	 12.09  
 52 N	 33.86  
 53 Q	 28.70  
 54 Y	 7.94  
 55 H	 8.27  
 56 V	 3.20  
 57 C	 1.60  
 58 L	 5.70  
 59 E	 28.66  
 60 F	 2.78  
 61 C	 2.59  
 62 Y	 19.03  
 63 D	 32.04  
 64 H	 12.16  
 65 W	 12.04  
 66 G	 21.76  
 67 D	 53.23  
 68 G	 38.95  
 69 T	 20.07  
 70 P	 42.00  
 71 E	 43.02  
 72 Y	 20.75  
 73 R	 41.95  
 74 L	 5.17  
 75 P	 18.28  
 76 E	 62.32  
 77 R	 34.68  
 78 Y	 12.53  
 79 V	 6.74  
 80 Q	 46.36  
 81 N	 33.26  
 82 K	 28.92  
 83 N	 41.99  
 84 R	 24.09  
 85 M	 6.28  
 86 L	 4.18  
 87 A	 11.33  
 88 K	 43.48  
 89 F	 6.63  
 90 P	 46.42  
 91 L	 10.53  
 92 P	 32.87  
 93 E	 71.99  
 94 N	 46.27  
 95 W	 5.98  
 96 V	 5.56  
 97 E	 27.29  
 98 V	 5.44  
 99 Y	 8.51  
 100 D	 48.97  
 101 E	 38.12  
 102 G	 28.21  
 103 L	 3.32  
 104 A	 14.52  
 105 K	 45.59  
 106 Y	 9.78  
 107 Y	 11.04  
 108 F	 5.42  
 109 W	 6.84  
 110 N	 23.15  
 111 K	 43.32  
 112 T	 35.94  
 113 T	 31.60  
 114 D	 52.11  
 115 E	 37.17  
 116 V	 2.86  
 117 C	 2.38  
 118 W	 11.21  
 119 Y	 12.04  
 120 S	 7.31  
 121 P	 23.93  
 122 R	 46.64  
 123 H	 21.41  
 124 P	 28.78  
 125 R	 32.09  
 126 A	 14.12  
 127 I	 3.06  
 128 I	 3.59  
 129 S	 31.28  
 130 D	 32.73  
 131 P	 37.06  
 132 A	 15.82  
 133 P	 33.33  
 134 R	 36.99  
 135 I	 4.05  
 136 A	 16.46  
 137 R	 33.58  
 138 E	 28.93  
 139 H	 22.58  
 140 A	 8.47  
 141 T	 21.46  
 142 V	 4.29  
 143 L	 3.27  
 144 F	 9.93  
 145 G	 31.20  
 146 D	 29.89  
 147 S	 22.72  
 148 H	 37.71  
 149 A	 23.69  
 150 S	 35.77  
 151 E	 70.88  
 152 E	 54.81  
 153 D	 46.12  
 154 N	 38.49  
 155 A	 18.05  
 156 A	 16.27  
 157 R	 35.36  
 158 R	 32.92  
 159 R	 44.61  
 160 N	 40.49  
 161 F	 6.78  
 162 H	 49.07  
 163 N	 43.30  
 164 K	 49.19  
 165 K	 57.98  
 166 T	 25.84  
 167 S	 37.50  
 168 R	 63.37  
 169 G	 38.74  
 170 G	 33.03  
 171 N	 58.07  
 172 D	 68.69  
 173 D	 55.69  
 174 K	 53.70  
 175 Q	 45.41  
 176 S	 48.14  
 177 R	 49.73  
 178 G	 36.67  
 179 N	 43.35  
 180 N	 52.91  
 181 A	 27.90  
 182 E	 56.36  
 183 K	 61.89  
 184 R	 29.26  
 185 K	 63.95  
 186 R	 52.87  
 187 R	 56.26  
 188 D	 41.16  
 189 P	 26.58  
 190 M	 7.06  
 191 T	 24.24  
 192 S	 27.21  
 193 Q	 59.27  
 194 G	 27.96  
 195 P	 30.23  
 196 D	 75.45  
 197 S	 46.14  
 198 D	 74.81  
 199 E	 58.29  
 200 D	 67.88  
 201 E	 50.75  
 202 L	 8.93  
 203 Q	 36.05  
 204 E	 61.68  
 205 M	 3.01  
 206 T	 38.06  
 207 N	 42.81  
 208 K	 34.75  
 209 D	 64.31  
 210 R	 43.66  
 211 L	 6.71  
 212 K	 51.72  
 213 R	 50.35  
 214 A	 17.89  
 215 K	 59.69  
 216 R	 41.26  
 217 K	 60.56  
 218 G	 33.30  
 219 I	 6.36  
 220 D	 40.93  
 221 P	 27.44  
 222 M	 9.52  
 223 D	 34.77  
 224 P	 16.73  
 225 A	 14.73  
 226 A	 17.77  
 227 Y	 20.04  
 228 G	 21.63  
 229 D	 34.71  
 230 A	 9.05  
 231 P	 39.88  
 232 V	 15.33  
 233 G	 25.34  
 234 K	 43.70  
 235 W	 8.84  
 236 S	 25.86  
 237 D	 60.06  
 238 G	 15.18  
 239 L	 6.06  
 240 R	 35.18  
 241 V	 7.89  
 242 D	 30.69  
 243 Q	 31.64  
 244 V	 4.63  
 245 T	 22.48  
 246 G	 22.41  
 247 A	 9.95  
 248 D	 39.38  
 249 V	 3.81  
 250 T	 21.82  
 251 A	 22.31  
 252 G	 28.96  
 253 G	 17.18  
 254 P	 29.14  
 255 L	 7.37  
 256 F	 7.00  
 257 Q	 46.16  
 258 Q	 40.77  
 259 R	 23.18  
 260 P	 34.81  
 261 Y	 17.76  
 262 P	 34.36  
 263 A	 14.87  
 264 P	 28.39  
 265 G	 27.62  
 266 A	 9.15  
 267 I	 4.78  
 268 L	 5.77  
 269 R	 32.99  
 270 K	 60.26  
 271 Q	 57.11  
 272 K	 47.91  
 273 P	 44.34  
 274 Q	 77.20  
 275 D	 70.54  
 276 E	 59.06  
 277 E	 75.16  
 278 D	 58.52  
 279 D	 60.41  
 280 Q	 68.48  
