 1 M	 8.39  
 2 P	 45.28  
 3 G	 35.99  
 4 S	 17.27  
 5 I	 4.71  
 6 S	 29.83  
 7 S	 46.44  
 8 T	 25.04  
 9 P	 41.85  
 10 E	 75.01  
 11 S	 29.13  
 12 P	 33.22  
 13 D	 57.50  
 14 I	 2.12  
 15 M	 3.38  
 16 R	 22.88  
 17 F	 3.35  
 18 V	 1.90  
 19 V	 3.36  
 20 S	 13.90  
 21 V	 4.19  
 22 G	 7.48  
 23 C	 2.48  
 24 L	 3.42  
 25 V	 3.40  
 26 F	 2.75  
 27 S	 12.85  
 28 L	 1.90  
 29 M	 3.58  
 30 L	 4.38  
 31 T	 14.19  
 32 S	 19.95  
 33 F	 6.97  
 34 G	 23.78  
 35 I	 2.56  
 36 V	 4.65  
 37 N	 30.49  
 38 N	 26.26  
 39 A	 7.68  
 40 W	 5.37  
 41 I	 1.73  
 42 V	 2.95  
 43 L	 3.21  
 44 D	 53.77  
 45 R	 31.61  
 46 P	 52.75  
 47 N	 62.69  
 48 E	 69.60  
 49 N	 61.83  
 50 D	 52.49  
 51 E	 56.09  
 52 F	 7.18  
 53 Q	 40.41  
 54 R	 48.07  
 55 G	 11.80  
 56 I	 5.34  
 57 R	 38.94  
 58 G	 21.04  
 59 H	 16.48  
 60 D	 33.69  
 61 C	 2.59  
 62 Y	 23.56  
 63 R	 35.94  
 64 N	 23.65  
 65 N	 38.21  
 66 A	 19.54  
 67 P	 48.54  
 68 G	 52.23  
 69 N	 37.77  
 70 E	 58.58  
 71 N	 36.31  
 72 I	 1.79  
 73 F	 5.44  
 74 C	 3.85  
 75 L	 3.15  
 76 P	 29.76  
 77 W	 15.24  
 78 D	 34.81  
 79 F	 13.29  
 80 E	 57.01  
 81 D	 56.30  
 82 K	 51.77  
 83 A	 37.22  
 84 E	 62.05  
 85 K	 68.03  
 86 F	 6.63  
 87 P	 60.47  
 88 D	 54.82  
 89 P	 38.76  
 90 F	 15.65  
 91 T	 26.15  
 92 K	 35.31  
 93 V	 3.90  
 94 L	 3.34  
 95 A	 11.45  
 96 A	 11.11  
 97 S	 19.00  
 98 T	 20.49  
 99 V	 2.10  
 100 V	 4.06  
 101 R	 19.88  
 102 V	 4.53  
 103 T	 10.03  
 104 F	 3.43  
 105 H	 8.61  
 106 I	 2.50  
 107 A	 6.29  
 108 L	 2.14  
 109 V	 2.20  
 110 I	 2.09  
 111 L	 2.81  
 112 A	 5.33  
 113 F	 5.26  
 114 Q	 21.19  
 115 I	 1.66  
 116 F	 2.58  
 117 Y	 7.64  
 118 L	 1.73  
 119 A	 6.50  
 120 Y	 9.04  
 121 T	 18.18  
 122 I	 2.00  
 123 G	 10.44  
 124 H	 12.93  
 125 C	 1.69  
 126 C	 3.26  
 127 S	 33.96  
 128 Q	 28.75  
 129 S	 20.17  
 130 F	 4.82  
 131 T	 35.02  
 132 E	 53.05  
 133 L	 8.48  
 134 T	 28.43  
 135 K	 64.30  
 136 K	 49.91  
 137 R	 40.55  
 138 K	 53.71  
 139 L	 6.12  
 140 A	 14.22  
 141 F	 7.17  
 142 F	 2.74  
 143 H	 12.08  
 144 A	 6.45  
 145 M	 2.66  
 146 L	 4.01  
 147 V	 2.01  
 148 P	 15.53  
 149 V	 8.41  
 150 G	 14.82  
 151 L	 2.78  
 152 W	 3.04  
 153 I	 1.59  
 154 I	 1.18  
 155 L	 1.71  
 156 L	 2.15  
 157 L	 2.52  
 158 L	 2.23  
 159 V	 5.58  
 160 L	 3.01  
 161 Y	 9.95  
 162 E	 31.04  
 163 T	 20.40  
 164 Y	 10.52  
 165 T	 26.32  
 166 D	 33.11  
 167 N	 35.36  
 168 L	 6.08  
 169 L	 5.13  
 170 P	 24.06  
 171 L	 8.32  
 172 S	 24.96  
 173 L	 13.78  
 174 R	 36.62  
 175 K	 61.30  
 176 E	 61.20  
 177 D	 48.54  
 178 Y	 19.80  
 179 K	 53.00  
 180 Y	 11.12  
 181 K	 36.12  
 182 I	 4.88  
 183 G	 19.98  
 184 S	 34.00  
 185 G	 20.70  
 186 F	 5.72  
 187 W	 7.83  
 188 F	 2.64  
 189 F	 3.44  
 190 F	 4.51  
 191 L	 4.49  
 192 G	 21.39  
 193 G	 26.62  
 194 L	 5.35  
 195 L	 3.53  
 196 P	 24.69  
 197 F	 8.97  
 198 I	 2.74  
 199 G	 15.20  
 200 A	 8.35  
 201 L	 2.34  
 202 Y	 9.56  
 203 F	 5.60  
 204 L	 2.21  
 205 F	 6.07  
 206 R	 35.07  
 207 E	 42.81  
 208 Q	 30.69  
 209 M	 3.88  
 210 D	 47.59  
 211 A	 13.95  
 212 S	 30.23  
 213 K	 39.11  
 214 T	 32.23  
 215 R	 26.56  
 216 L	 6.53  
 217 R	 34.28  
 218 G	 35.19  
 219 L	 2.25  
 220 I	 4.79  
 221 N	 40.19  
 222 R	 23.87  
 223 H	 33.03  
 224 Q	 34.09  
 225 P	 34.04  
 226 I	 4.74  
 227 P	 26.91  
 228 S	 54.88  
 229 N	 34.97  
 230 V	 11.17  
 231 N	 47.51  
 232 E	 50.13  
 233 S	 32.51  
 234 D	 46.65  
 235 R	 52.44  
 236 D	 71.17  
 237 G	 18.72  
 238 V	 6.35  
 239 E	 47.26  
 240 L	 2.69  
 241 V	 4.49  
 242 R	 42.29  
 243 T	 24.88  
 244 N	 22.65  
 245 H	 39.20  
 246 G	 27.89  
 247 G	 21.45  
 248 R	 35.25  
 249 V	 11.85  
