 1 M	 9.70  
 2 D	 47.60  
 3 A	 8.68  
 4 Q	 38.88  
 5 A	 23.95  
 6 L	 2.52  
 7 P	 32.62  
 8 Q	 43.98  
 9 H	 24.32  
 10 S	 25.30  
 11 A	 18.17  
 12 S	 37.14  
 13 S	 41.90  
 14 N	 43.33  
 15 K	 50.96  
 16 T	 51.53  
 17 G	 35.87  
 18 G	 35.58  
 19 S	 22.85  
 20 P	 43.68  
 21 G	 27.93  
 22 A	 16.81  
 23 R	 44.91  
 24 V	 3.32  
 25 P	 17.07  
 26 R	 30.92  
 27 M	 2.08  
 28 V	 4.31  
 29 F	 3.54  
 30 A	 8.32  
 31 E	 27.09  
 32 I	 2.88  
 33 V	 3.45  
 34 G	 26.97  
 35 T	 14.34  
 36 L	 2.54  
 37 S	 24.61  
 38 F	 9.15  
 39 L	 6.97  
 40 Q	 26.50  
 41 P	 33.21  
 42 Q	 44.45  
 43 A	 28.96  
 44 D	 49.20  
 45 D	 54.65  
 46 D	 43.96  
 47 I	 5.07  
 48 F	 6.02  
 49 D	 53.19  
 50 R	 16.77  
 51 L	 3.07  
 52 H	 14.94  
 53 Y	 11.62  
 54 Y	 5.42  
 55 Y	 7.16  
 56 T	 11.84  
 57 T	 10.22  
 58 T	 12.41  
 59 F	 4.20  
 60 L	 3.44  
 61 L	 3.31  
 62 L	 2.92  
 63 T	 18.06  
 64 A	 8.29  
 65 V	 4.03  
 66 L	 1.72  
 67 I	 3.49  
 68 S	 20.13  
 69 L	 3.55  
 70 K	 25.95  
 71 M	 4.59  
 72 F	 10.04  
 73 G	 27.92  
 74 G	 22.41  
 75 R	 29.42  
 76 P	 29.97  
 77 I	 7.02  
 78 E	 23.48  
 79 C	 4.72  
 80 W	 7.81  
 81 L	 4.33  
 82 P	 9.88  
 83 A	 30.49  
 84 E	 52.10  
 85 Y	 20.48  
 86 K	 29.53  
 87 S	 39.52  
 88 S	 30.27  
 89 W	 15.01  
 90 E	 42.99  
 91 D	 49.77  
 92 Y	 7.96  
 93 T	 26.97  
 94 E	 23.17  
 95 M	 2.29  
 96 Y	 4.42  
 97 C	 1.90  
 98 W	 4.83  
 99 A	 7.41  
 100 R	 16.12  
 101 N	 28.19  
 102 T	 17.51  
 103 Y	 10.19  
 104 V	 2.68  
 105 T	 18.40  
 106 A	 8.86  
 107 F	 8.48  
 108 E	 63.09  
 109 D	 43.58  
 110 D	 51.90  
 111 N	 70.58  
 112 L	 5.01  
 113 P	 38.29  
 114 E	 63.36  
 115 V	 4.34  
 116 V	 5.50  
 117 N	 35.92  
 118 R	 27.04  
 119 E	 39.90  
 120 Y	 9.26  
 121 T	 13.32  
 122 M	 1.52  
 123 V	 2.28  
 124 S	 13.80  
 125 Y	 6.56  
 126 Y	 6.60  
 127 Q	 26.85  
 128 W	 5.43  
 129 V	 1.42  
 130 P	 16.00  
 131 F	 5.53  
 132 F	 3.55  
 133 L	 2.51  
 134 V	 2.82  
 135 Y	 6.55  
 136 V	 3.19  
 137 A	 4.08  
 138 F	 3.56  
 139 S	 13.96  
 140 F	 4.94  
 141 Y	 14.40  
 142 A	 6.06  
 143 P	 11.32  
 144 C	 3.07  
 145 L	 4.02  
 146 I	 2.28  
 147 W	 4.30  
 148 R	 14.13  
 149 L	 2.54  
 150 F	 5.79  
 151 Y	 27.36  
 152 D	 31.17  
 153 K	 38.92  
 154 S	 36.23  
 155 G	 18.12  
 156 I	 6.35  
 157 R	 38.93  
 158 L	 5.74  
 159 K	 35.05  
 160 D	 40.47  
 161 I	 2.51  
 162 M	 5.32  
 163 G	 20.89  
 164 F	 2.96  
 165 A	 19.99  
 166 N	 49.40  
 167 D	 48.27  
 168 K	 41.49  
 169 A	 19.53  
 170 N	 40.85  
 171 V	 6.97  
 172 V	 4.21  
 173 P	 20.66  
 174 T	 21.05  
 175 Q	 34.36  
 176 R	 37.98  
 177 T	 17.78  
 178 A	 16.19  
 179 N	 24.71  
 180 I	 3.24  
 181 R	 39.55  
 182 G	 21.86  
 183 L	 2.69  
 184 S	 19.23  
 185 A	 16.81  
 186 H	 23.91  
 187 L	 4.00  
 188 S	 18.00  
 189 S	 37.62  
 190 V	 7.14  
 191 F	 6.27  
 192 K	 31.54  
 193 H	 23.73  
 194 R	 24.11  
 195 F	 7.16  
 196 R	 35.64  
 197 I	 8.42  
 198 G	 33.37  
 199 E	 45.91  
 200 K	 44.67  
 201 H	 24.69  
 202 P	 41.02  
 203 Y	 19.10  
 204 H	 20.81  
 205 H	 23.33  
 206 K	 29.74  
 207 V	 3.19  
 208 F	 6.22  
 209 R	 35.26  
 210 I	 1.68  
 211 F	 6.36  
 212 N	 18.26  
 213 V	 2.64  
 214 R	 29.44  
 215 Y	 13.80  
 216 Y	 6.45  
 217 E	 24.79  
 218 S	 14.88  
 219 Y	 7.36  
 220 L	 3.36  
 221 T	 11.84  
 222 Y	 7.25  
 223 L	 2.08  
 224 Y	 5.44  
 225 L	 3.52  
 226 A	 5.90  
 227 I	 2.75  
 228 K	 21.19  
 229 C	 2.38  
 230 L	 2.91  
 231 F	 9.48  
 232 L	 1.25  
 233 M	 2.27  
 234 N	 28.00  
 235 V	 3.69  
 236 L	 2.03  
 237 T	 13.65  
 238 Q	 22.03  
 239 M	 2.04  
 240 Y	 6.06  
 241 F	 2.77  
 242 M	 1.23  
 243 S	 15.24  
 244 R	 28.51  
 245 F	 4.95  
 246 L	 6.58  
 247 E	 48.06  
 248 L	 9.96  
 249 D	 32.78  
 250 S	 23.61  
 251 H	 22.79  
 252 R	 30.25  
 253 Y	 8.87  
 254 Y	 12.11  
 255 G	 12.78  
 256 Y	 7.30  
 257 G	 10.12  
 258 I	 1.86  
 259 F	 3.18  
 260 Y	 14.12  
 261 D	 20.97  
 262 L	 1.66  
 263 I	 2.90  
 264 M	 6.20  
 265 G	 20.52  
 266 K	 44.19  
 267 G	 34.65  
 268 W	 12.53  
 269 K	 57.28  
 270 E	 53.54  
 271 S	 27.19  
 272 S	 43.51  
 273 N	 55.29  
 274 F	 5.40  
 275 P	 24.74  
 276 V	 4.38  
 277 V	 3.00  
 278 T	 20.75  
 279 Y	 3.78  
 280 C	 2.28  
 281 D	 22.93  
 282 M	 2.97  
 283 Q	 14.46  
 284 I	 2.07  
 285 R	 10.94  
 286 I	 6.04  
 287 L	 2.52  
 288 G	 19.29  
 289 H	 14.75  
 290 V	 5.19  
 291 Q	 26.26  
 292 R	 26.76  
 293 H	 17.19  
 294 T	 17.92  
 295 V	 3.20  
 296 Q	 16.86  
 297 C	 1.91  
 298 V	 2.40  
 299 L	 4.15  
 300 V	 1.25  
 301 I	 2.60  
 302 N	 18.82  
 303 I	 2.88  
 304 F	 6.62  
 305 T	 32.35  
 306 E	 33.15  
 307 K	 41.58  
 308 I	 2.51  
 309 F	 4.64  
 310 F	 5.23  
 311 I	 1.55  
 312 L	 2.31  
 313 W	 4.69  
 314 L	 1.94  
 315 W	 3.80  
 316 Y	 4.70  
 317 T	 10.47  
 318 M	 1.08  
 319 L	 2.65  
 320 S	 16.91  
 321 L	 3.15  
 322 I	 2.63  
 323 S	 28.93  
 324 F	 7.64  
 325 G	 13.64  
 326 S	 20.53  
 327 I	 3.46  
 328 L	 3.58  
 329 S	 19.22  
 330 W	 6.05  
 331 I	 1.53  
 332 F	 3.38  
 333 A	 9.45  
 334 S	 21.75  
 335 I	 3.96  
 336 P	 21.46  
 337 F	 13.34  
 338 N	 29.15  
 339 Q	 42.17  
 340 R	 35.16  
 341 R	 26.46  
 342 Q	 35.97  
 343 F	 4.47  
 344 I	 1.89  
 345 A	 7.57  
 346 R	 38.61  
 347 R	 24.40  
 348 L	 5.43  
 349 E	 39.85  
 350 L	 6.12  
 351 A	 14.88  
 352 D	 48.82  
 353 V	 8.01  
 354 N	 39.65  
 355 F	 14.55  
 356 E	 44.94  
 357 K	 42.67  
 358 S	 35.43  
 359 R	 54.58  
 360 F	 14.30  
 361 K	 41.58  
 362 Q	 54.49  
 363 E	 59.80  
 364 L	 7.67  
 365 D	 46.68  
 366 E	 59.68  
 367 F	 5.65  
 368 V	 4.24  
 369 R	 36.01  
 370 D	 44.18  
 371 Y	 8.11  
 372 I	 3.55  
 373 K	 28.63  
 374 I	 4.21  
 375 D	 38.85  
 376 G	 20.78  
 377 I	 1.59  
 378 F	 5.32  
 379 V	 2.91  
 380 L	 1.83  
 381 R	 14.78  
 382 M	 2.50  
 383 I	 2.37  
 384 T	 11.86  
 385 I	 1.36  
 386 H	 16.01  
 387 S	 24.55  
 388 G	 11.68  
 389 I	 2.19  
 390 L	 2.35  
 391 M	 1.87  
 392 C	 2.50  
 393 T	 18.13  
 394 D	 33.71  
 395 I	 1.30  
 396 V	 5.81  
 397 D	 31.04  
 398 T	 14.85  
 399 M	 3.00  
 400 W	 9.80  
 401 D	 20.66  
 402 Q	 25.99  
 403 F	 7.63  
 404 L	 4.60  
 405 Q	 44.06  
 406 E	 61.92  
 407 S	 23.94  
 408 G	 17.44  
 409 H	 29.04  
 410 A	 14.30  
 411 T	 18.20  
 412 I	 3.74  
 413 R	 22.13  
 414 E	 48.34  
 415 I	 3.52  
 416 L	 6.28  
 417 E	 69.89  
 418 D	 41.58  
 419 K	 35.88  
 420 S	 46.82  
 421 Y	 30.25  
 422 G	 28.53  
 423 D	 42.96  
 424 D	 42.75  
 425 Y	 20.28  
 426 D	 45.08  
 427 R	 28.08  
 428 S	 24.55  
 429 A	 12.32  
 430 S	 28.79  
 431 A	 18.78  
 432 G	 34.77  
 433 G	 18.90  
 434 L	 4.57  
 435 S	 28.34  
 436 I	 12.41  
 437 E	 26.01  
 438 P	 36.67  
 439 S	 23.01  
 440 L	 10.06  
 441 R	 42.24  
 442 R	 52.47  
 443 K	 38.42  
 444 T	 23.43  
 445 S	 19.25  
 446 V	 8.27  
 447 L	 3.08  
 448 V	 2.99  
 449 P	 20.41  
 450 L	 3.67  
 451 M	 2.65  
 452 S	 39.95  
 453 R	 27.73  
 454 E	 58.58  
 455 D	 37.97  
 456 L	 3.56  
 457 H	 39.42  
 458 L	 9.24  
 459 D	 35.84  
 460 Q	 58.64  
 461 S	 24.71  
 462 P	 34.36  
 463 T	 51.13  
 464 T	 22.34  
 465 P	 44.41  
 466 A	 14.40  
 467 P	 27.02  
 468 Q	 52.71  
 469 F	 6.43  
 470 L	 7.28  
 471 R	 42.23  
 472 P	 34.96  
 473 P	 38.20  
 474 S	 33.00  
 475 S	 31.67  
 476 R	 29.08  
 477 M	 3.59  
 478 A	 8.56  
 479 S	 20.69  
 480 A	 8.10  
 481 A	 18.15  
 482 N	 39.48  
 483 V	 7.71  
