 1 M	 13.41  
 2 S	 49.90  
 3 K	 68.79  
 4 E	 46.77  
 5 K	 61.22  
 6 S	 29.46  
 7 F	 23.88  
 8 D	 65.78  
 9 T	 33.84  
 10 K	 43.29  
 11 K	 47.71  
 12 F	 8.45  
 13 L	 4.01  
 14 I	 4.61  
 15 D	 38.03  
 16 L	 3.03  
 17 A	 11.46  
 18 S	 45.08  
 19 G	 31.68  
 20 G	 15.08  
 21 T	 19.35  
 22 A	 9.19  
 23 A	 14.29  
 24 A	 12.03  
 25 V	 5.31  
 26 S	 21.40  
 27 K	 33.63  
 28 T	 20.89  
 29 A	 10.14  
 30 V	 8.67  
 31 A	 9.26  
 32 P	 23.52  
 33 I	 3.68  
 34 E	 50.81  
 35 R	 31.43  
 36 V	 3.12  
 37 K	 39.37  
 38 L	 5.44  
 39 L	 2.32  
 40 L	 7.31  
 41 Q	 30.69  
 42 V	 5.84  
 43 Q	 27.82  
 44 D	 54.69  
 45 A	 8.88  
 46 S	 30.80  
 47 K	 45.60  
 48 A	 7.77  
 49 I	 4.39  
 50 A	 14.33  
 51 V	 7.93  
 52 D	 22.23  
 53 K	 51.53  
 54 R	 33.65  
 55 Y	 21.21  
 56 K	 46.09  
 57 G	 16.12  
 58 I	 1.54  
 59 M	 3.88  
 60 D	 30.10  
 61 V	 2.37  
 62 L	 1.48  
 63 I	 4.13  
 64 R	 34.23  
 65 V	 6.69  
 66 P	 25.31  
 67 K	 60.87  
 68 E	 46.64  
 69 Q	 58.76  
 70 G	 16.48  
 71 V	 2.55  
 72 A	 12.03  
 73 A	 12.78  
 74 L	 2.00  
 75 W	 11.04  
 76 R	 25.60  
 77 G	 23.17  
 78 N	 27.66  
 79 L	 4.01  
 80 A	 16.55  
 81 N	 32.68  
 82 V	 1.88  
 83 I	 2.72  
 84 R	 23.82  
 85 Y	 11.64  
 86 F	 3.66  
 87 P	 18.05  
 88 T	 21.04  
 89 Q	 38.56  
 90 A	 9.43  
 91 M	 2.81  
 92 N	 28.27  
 93 F	 5.62  
 94 A	 12.94  
 95 F	 6.87  
 96 K	 45.81  
 97 D	 49.14  
 98 T	 27.75  
 99 Y	 14.46  
 100 K	 36.78  
 101 A	 6.32  
 102 I	 3.37  
 103 F	 6.41  
 104 L	 4.11  
 105 E	 47.14  
 106 G	 41.12  
 107 L	 6.78  
 108 D	 72.14  
 109 K	 67.76  
 110 K	 58.19  
 111 K	 64.99  
 112 D	 64.62  
 113 F	 11.96  
 114 W	 13.48  
 115 K	 30.51  
 116 F	 3.56  
 117 F	 8.26  
 118 A	 14.75  
 119 G	 25.24  
 120 N	 29.07  
 121 L	 3.82  
 122 A	 15.32  
 123 S	 40.71  
 124 G	 24.93  
 125 G	 15.12  
 126 A	 13.27  
 127 A	 16.07  
 128 G	 28.93  
 129 A	 6.84  
 130 T	 22.70  
 131 S	 23.70  
 132 L	 1.97  
 133 C	 1.86  
 134 F	 7.76  
 135 V	 4.73  
 136 Y	 4.28  
 137 P	 21.83  
 138 L	 4.66  
 139 D	 30.56  
 140 F	 6.98  
 141 A	 16.17  
 142 R	 22.00  
 143 T	 26.97  
 144 R	 19.44  
 145 L	 4.57  
 146 A	 10.37  
 147 A	 17.34  
 148 D	 44.56  
 149 I	 5.38  
 150 G	 24.46  
 151 K	 44.33  
 152 A	 20.24  
 153 N	 52.97  
 154 D	 57.24  
 155 R	 51.57  
 156 E	 55.35  
 157 F	 8.72  
 158 K	 48.54  
 159 G	 31.27  
 160 L	 3.61  
 161 A	 17.71  
 162 D	 32.57  
 163 C	 3.35  
 164 L	 4.62  
 165 I	 3.44  
 166 K	 28.62  
 167 I	 3.60  
 168 V	 4.05  
 169 K	 46.43  
 170 S	 36.58  
 171 D	 62.26  
 172 G	 23.86  
 173 P	 23.59  
 174 I	 7.90  
 175 G	 21.57  
 176 L	 2.46  
 177 Y	 11.95  
 178 R	 40.25  
 179 G	 13.54  
 180 F	 3.96  
 181 F	 4.45  
 182 V	 5.24  
 183 S	 11.99  
 184 V	 5.20  
 185 Q	 29.84  
 186 G	 15.77  
 187 I	 0.68  
 188 I	 2.64  
 189 I	 1.47  
 190 Y	 5.47  
 191 R	 11.44  
 192 A	 6.91  
 193 A	 7.38  
 194 Y	 10.32  
 195 F	 4.98  
 196 G	 11.81  
 197 M	 1.65  
 198 F	 8.48  
 199 D	 36.54  
 200 T	 19.53  
 201 A	 10.37  
 202 K	 37.38  
 203 M	 2.51  
 204 V	 3.41  
 205 F	 4.88  
 206 A	 8.70  
 207 S	 30.70  
 208 D	 61.18  
 209 G	 24.83  
 210 Q	 52.64  
 211 K	 51.43  
 212 L	 5.33  
 213 N	 36.71  
 214 F	 6.80  
 215 F	 4.39  
 216 A	 9.73  
 217 A	 10.40  
 218 W	 8.69  
 219 G	 10.71  
 220 I	 1.36  
 221 A	 7.68  
 222 Q	 28.44  
 223 V	 2.62  
 224 V	 2.09  
 225 T	 21.94  
 226 V	 3.77  
 227 G	 15.70  
 228 S	 20.51  
 229 G	 20.94  
 230 I	 2.18  
 231 L	 4.59  
 232 S	 27.51  
 233 Y	 12.61  
 234 P	 21.06  
 235 W	 12.98  
 236 D	 30.71  
 237 T	 16.43  
 238 V	 4.09  
 239 R	 23.68  
 240 R	 26.89  
 241 R	 13.54  
 242 M	 2.19  
 243 M	 1.78  
 244 M	 1.78  
 245 Q	 25.49  
 246 S	 23.75  
 247 G	 24.62  
 248 R	 38.43  
 249 K	 53.28  
 250 D	 34.46  
 251 I	 5.20  
 252 L	 7.75  
 253 Y	 11.52  
 254 K	 39.76  
 255 N	 32.11  
 256 T	 21.59  
 257 L	 7.71  
 258 D	 28.43  
 259 C	 7.23  
 260 A	 18.82  
 261 K	 51.33  
 262 K	 26.90  
 263 I	 3.74  
 264 I	 5.03  
 265 Q	 45.45  
 266 N	 37.06  
 267 E	 39.64  
 268 G	 23.93  
 269 M	 1.56  
 270 S	 27.69  
 271 A	 9.87  
 272 M	 2.53  
 273 F	 7.07  
 274 K	 30.14  
 275 G	 22.08  
 276 A	 14.38  
 277 L	 5.36  
 278 S	 30.34  
 279 N	 37.48  
 280 V	 2.88  
 281 F	 7.54  
 282 R	 37.16  
 283 G	 19.76  
 284 T	 28.34  
 285 G	 23.38  
 286 G	 18.64  
 287 A	 8.88  
 288 L	 3.52  
 289 V	 3.17  
 290 L	 2.20  
 291 A	 7.27  
 292 I	 3.78  
 293 Y	 11.25  
 294 D	 40.17  
 295 E	 30.28  
 296 I	 5.02  
 297 Q	 28.53  
 298 K	 55.05  
 299 F	 5.84  
 300 L	 9.88  
