 1 M	 5.39  
 2 S	 31.10  
 3 A	 8.82  
 4 V	 2.53  
 5 I	 3.61  
 6 G	 11.58  
 7 L	 1.55  
 8 A	 8.69  
 9 A	 6.19  
 10 C	 2.98  
 11 A	 10.25  
 12 V	 4.39  
 13 S	 11.40  
 14 S	 19.15  
 15 V	 3.43  
 16 F	 6.57  
 17 F	 7.11  
 18 G	 13.51  
 19 S	 12.14  
 20 M	 3.93  
 21 F	 6.73  
 22 V	 3.43  
 23 P	 19.61  
 24 I	 3.78  
 25 K	 36.57  
 26 S	 34.59  
 27 Y	 16.97  
 28 D	 44.26  
 29 S	 24.84  
 30 R	 43.19  
 31 D	 59.50  
 32 G	 18.79  
 33 I	 2.79  
 34 F	 5.17  
 35 A	 10.54  
 36 Q	 20.18  
 37 W	 4.88  
 38 M	 0.72  
 39 M	 2.09  
 40 S	 7.86  
 41 I	 1.18  
 42 A	 4.50  
 43 I	 2.66  
 44 L	 2.04  
 45 L	 2.64  
 46 V	 5.43  
 47 G	 13.41  
 48 F	 3.16  
 49 I	 1.73  
 50 V	 2.20  
 51 F	 4.23  
 52 A	 8.05  
 53 T	 18.91  
 54 T	 33.14  
 55 G	 23.54  
 56 F	 5.13  
 57 P	 33.07  
 58 G	 32.24  
 59 F	 6.05  
 60 Y	 11.85  
 61 P	 16.04  
 62 L	 2.74  
 63 A	 6.15  
 64 M	 4.75  
 65 L	 4.81  
 66 G	 19.28  
 67 G	 16.69  
 68 A	 9.69  
 69 S	 26.25  
 70 W	 4.17  
 71 C	 2.36  
 72 I	 3.76  
 73 G	 18.00  
 74 N	 17.76  
 75 A	 8.00  
 76 T	 29.17  
 77 A	 11.80  
 78 I	 1.87  
 79 P	 18.52  
 80 I	 3.50  
 81 I	 1.32  
 82 S	 23.36  
 83 R	 23.51  
 84 L	 5.42  
 85 G	 15.52  
 86 L	 5.14  
 87 A	 7.39  
 88 V	 4.38  
 89 S	 12.47  
 90 I	 2.64  
 91 L	 2.58  
 92 V	 3.36  
 93 W	 10.03  
 94 N	 26.59  
 95 T	 12.95  
 96 S	 23.49  
 97 N	 22.54  
 98 C	 3.05  
 99 L	 4.70  
 100 V	 7.01  
 101 G	 8.79  
 102 W	 5.57  
 103 A	 12.48  
 104 G	 22.69  
 105 G	 17.63  
 106 R	 22.88  
 107 F	 12.94  
 108 G	 20.80  
 109 L	 2.85  
 110 F	 10.33  
 111 G	 23.02  
 112 M	 2.26  
 113 K	 35.73  
 114 A	 13.50  
 115 Q	 35.89  
 116 V	 5.23  
 117 P	 18.23  
 118 A	 30.86  
 119 S	 15.32  
 120 P	 39.59  
 121 F	 6.82  
 122 L	 4.71  
 123 N	 30.29  
 124 Y	 12.32  
 125 L	 4.10  
 126 G	 14.94  
 127 L	 2.20  
 128 V	 3.04  
 129 F	 4.34  
 130 V	 2.09  
 131 V	 1.98  
 132 I	 4.32  
 133 G	 16.52  
 134 G	 13.37  
 135 S	 14.87  
 136 I	 3.62  
 137 F	 4.10  
 138 A	 12.80  
 139 Q	 22.02  
 140 V	 6.97  
 141 R	 24.19  
 142 S	 44.71  
 143 E	 40.05  
 144 P	 44.69  
 145 L	 4.15  
 146 P	 34.90  
 147 I	 13.30  
 148 A	 12.83  
 149 K	 58.25  
 150 K	 42.59  
 151 T	 23.80  
 152 S	 42.30  
 153 R	 39.35  
 154 T	 33.25  
 155 S	 18.69  
 156 F	 14.20  
 157 D	 53.49  
 158 L	 4.41  
 159 E	 62.61  
 160 N	 52.39  
 161 L	 5.64  
 162 N	 59.98  
 163 S	 50.74  
 164 E	 73.15  
 165 E	 60.73  
 166 K	 39.02  
 167 K	 62.48  
 168 A	 19.67  
 169 L	 8.87  
 170 N	 50.22  
 171 T	 32.56  
 172 T	 32.56  
 173 E	 46.32  
 174 S	 36.65  
 175 S	 33.23  
 176 D	 68.78  
 177 D	 55.82  
 178 G	 47.80  
 179 G	 27.60  
 180 L	 10.08  
 181 E	 46.31  
 182 T	 36.11  
 183 E	 30.13  
 184 V	 7.78  
 185 L	 5.53  
 186 R	 42.41  
 187 P	 53.41  
 188 D	 46.14  
 189 K	 67.05  
 190 N	 52.41  
 191 L	 7.13  
 192 N	 48.03  
 193 S	 46.51  
 194 G	 25.46  
 195 T	 19.18  
 196 Q	 43.65  
 197 R	 28.61  
 198 F	 3.58  
 199 F	 6.21  
 200 A	 7.69  
 201 F	 4.27  
 202 I	 1.97  
 203 T	 12.13  
 204 A	 6.88  
 205 I	 1.31  
 206 V	 3.85  
 207 A	 11.71  
 208 G	 11.42  
 209 F	 2.84  
 210 F	 5.15  
 211 Y	 12.06  
 212 G	 11.96  
 213 M	 1.46  
 214 T	 19.67  
 215 F	 4.31  
 216 V	 2.45  
 217 P	 16.18  
 218 V	 3.49  
 219 I	 1.71  
 220 R	 19.08  
 221 M	 2.87  
 222 I	 3.12  
 223 D	 51.95  
 224 N	 18.45  
 225 P	 23.08  
 226 Q	 60.94  
 227 L	 6.55  
 228 Y	 6.00  
 229 P	 30.78  
 230 F	 9.80  
 231 Y	 8.76  
 232 P	 26.60  
 233 Q	 50.62  
 234 D	 52.46  
 235 G	 12.90  
 236 I	 3.46  
 237 S	 22.30  
 238 Y	 12.00  
 239 V	 2.95  
 240 F	 2.57  
 241 S	 13.77  
 242 H	 15.52  
 243 Y	 11.42  
 244 F	 5.18  
 245 G	 13.51  
 246 I	 1.29  
 247 F	 5.22  
 248 I	 2.55  
 249 T	 14.74  
 250 S	 16.88  
 251 T	 14.94  
 252 I	 2.00  
 253 I	 1.98  
 254 F	 2.12  
 255 V	 2.57  
 256 I	 1.23  
 257 Y	 7.16  
 258 S	 12.25  
 259 I	 1.42  
 260 F	 5.02  
 261 R	 34.66  
 262 R	 35.07  
 263 N	 42.81  
 264 Q	 30.48  
 265 P	 30.70  
 266 Y	 23.21  
 267 A	 21.54  
 268 P	 16.69  
 269 P	 41.82  
 270 N	 42.22  
 271 L	 6.02  
 272 F	 11.13  
 273 L	 3.95  
 274 P	 24.15  
 275 G	 22.10  
 276 M	 1.87  
 277 A	 13.45  
 278 A	 10.59  
 279 G	 9.49  
 280 C	 2.16  
 281 L	 3.00  
 282 W	 7.86  
 283 A	 3.62  
 284 V	 2.47  
 285 A	 10.13  
 286 Q	 30.95  
 287 T	 20.12  
 288 S	 12.47  
 289 F	 6.92  
 290 F	 5.20  
 291 V	 4.63  
 292 A	 12.57  
 293 N	 25.22  
 294 Q	 29.21  
 295 H	 27.53  
 296 L	 2.67  
 297 S	 22.98  
 298 Q	 46.48  
 299 T	 20.38  
 300 V	 3.94  
 301 T	 27.38  
 302 F	 3.39  
 303 P	 17.40  
 304 I	 4.06  
 305 I	 2.08  
 306 S	 22.58  
 307 Q	 31.51  
 308 M	 2.16  
 309 P	 27.20  
 310 G	 15.32  
 311 C	 1.25  
 312 I	 3.47  
 313 A	 8.66  
 314 A	 6.91  
 315 A	 7.48  
 316 W	 6.29  
 317 S	 9.70  
 318 I	 1.47  
 319 F	 3.51  
 320 Y	 10.43  
 321 Y	 7.33  
 322 R	 22.83  
 323 E	 22.40  
 324 I	 5.35  
 325 R	 46.23  
 326 G	 51.45  
 327 K	 34.39  
 328 K	 60.97  
 329 N	 32.45  
 330 F	 5.98  
 331 I	 4.31  
 332 L	 2.94  
 333 L	 3.61  
 334 G	 14.08  
 335 A	 10.44  
 336 A	 7.17  
 337 M	 2.70  
 338 S	 16.32  
 339 I	 1.76  
 340 T	 12.74  
 341 I	 2.97  
 342 T	 16.47  
 343 G	 16.83  
 344 A	 6.79  
 345 T	 24.26  
 346 L	 2.59  
 347 V	 6.69  
 348 G	 27.61  
 349 L	 5.26  
 350 S	 20.09  
 351 K	 68.67  
 352 N	 39.03  
 353 I	 5.77  
 354 K	 55.18  
 355 F	 12.24  
