 1 M	 7.76  
 2 A	 18.97  
 3 L	 5.41  
 4 R	 26.36  
 5 K	 42.73  
 6 V	 7.02  
 7 R	 27.33  
 8 S	 40.92  
 9 N	 29.61  
 10 I	 3.87  
 11 D	 41.70  
 12 R	 27.90  
 13 I	 4.67  
 14 F	 11.44  
 15 D	 36.94  
 16 K	 36.29  
 17 S	 38.04  
 18 L	 5.49  
 19 T	 35.53  
 20 D	 45.45  
 21 L	 2.12  
 22 I	 4.16  
 23 R	 41.61  
 24 G	 19.06  
 25 I	 2.83  
 26 R	 43.42  
 27 N	 58.96  
 28 N	 43.12  
 29 K	 66.53  
 30 D	 67.27  
 31 N	 51.24  
 32 E	 46.88  
 33 S	 36.32  
 34 R	 22.24  
 35 Y	 20.01  
 36 I	 1.77  
 37 T	 13.54  
 38 Q	 18.27  
 39 C	 2.51  
 40 M	 3.58  
 41 E	 65.28  
 42 E	 28.71  
 43 I	 3.39  
 44 K	 40.79  
 45 Q	 61.69  
 46 E	 40.70  
 47 L	 5.73  
 48 R	 37.19  
 49 Q	 62.52  
 50 D	 30.48  
 51 S	 13.89  
 52 I	 6.53  
 53 Y	 10.39  
 54 V	 4.50  
 55 K	 20.96  
 56 A	 10.72  
 57 N	 35.42  
 58 A	 19.04  
 59 I	 4.87  
 60 E	 39.34  
 61 K	 32.10  
 62 L	 2.16  
 63 A	 17.66  
 64 Y	 14.11  
 65 L	 1.69  
 66 Q	 16.63  
 67 M	 2.64  
 68 L	 3.56  
 69 G	 16.84  
 70 Y	 13.22  
 71 D	 27.01  
 72 I	 2.52  
 73 S	 17.43  
 74 W	 9.03  
 75 A	 9.46  
 76 S	 15.87  
 77 F	 6.99  
 78 N	 31.21  
 79 V	 3.58  
 80 I	 3.28  
 81 E	 23.20  
 82 V	 2.39  
 83 M	 1.26  
 84 A	 21.15  
 85 S	 13.82  
 86 T	 20.66  
 87 K	 47.91  
 88 Y	 21.88  
 89 T	 36.26  
 90 E	 36.93  
 91 K	 41.33  
 92 R	 22.72  
 93 I	 6.70  
 94 G	 18.55  
 95 Y	 7.27  
 96 L	 1.89  
 97 A	 7.71  
 98 A	 11.93  
 99 A	 10.43  
 100 Q	 41.73  
 101 S	 21.59  
 102 F	 5.83  
 103 H	 36.93  
 104 D	 59.48  
 105 E	 38.03  
 106 T	 37.15  
 107 D	 29.52  
 108 V	 4.40  
 109 L	 2.31  
 110 M	 2.91  
 111 L	 4.70  
 112 T	 10.32  
 113 T	 24.86  
 114 N	 28.38  
 115 L	 3.63  
 116 I	 5.81  
 117 R	 32.08  
 118 K	 60.06  
 119 D	 34.67  
 120 V	 9.32  
 121 N	 50.26  
 122 S	 23.96  
 123 S	 22.03  
 124 N	 36.55  
 125 M	 4.19  
 126 Y	 15.93  
 127 E	 31.55  
 128 S	 20.29  
 129 G	 9.39  
 130 I	 3.89  
 131 A	 12.04  
 132 L	 5.44  
 133 G	 26.44  
 134 G	 18.44  
 135 L	 3.70  
 136 S	 14.58  
 137 C	 3.70  
 138 F	 6.52  
 139 V	 9.97  
 140 T	 7.28  
 141 P	 29.35  
 142 D	 43.52  
 143 L	 4.42  
 144 A	 15.43  
 145 R	 46.93  
 146 D	 34.74  
 147 L	 3.36  
 148 A	 13.10  
 149 A	 19.89  
 150 D	 39.01  
 151 V	 2.36  
 152 V	 4.26  
 153 N	 34.80  
 154 L	 2.23  
 155 L	 4.01  
 156 S	 17.14  
 157 C	 4.46  
 158 S	 21.86  
 159 R	 44.49  
 160 N	 26.66  
 161 Y	 13.55  
 162 T	 33.01  
 163 R	 18.99  
 164 K	 36.59  
 165 R	 27.00  
 166 A	 10.19  
 167 V	 4.49  
 168 L	 2.38  
 169 L	 3.84  
 170 L	 3.42  
 171 Y	 11.29  
 172 K	 27.27  
 173 I	 2.86  
 174 F	 4.15  
 175 L	 6.22  
 176 K	 43.94  
 177 Y	 14.43  
 178 P	 20.86  
 179 D	 55.96  
 180 A	 10.85  
 181 L	 9.81  
 182 R	 29.90  
 183 P	 38.96  
 184 T	 39.58  
 185 F	 3.52  
 186 P	 43.08  
 187 R	 54.95  
 188 L	 9.52  
 189 K	 54.83  
 190 E	 68.42  
 191 K	 56.44  
 192 L	 10.67  
 193 E	 77.79  
 194 D	 64.44  
 195 P	 40.08  
 196 D	 65.98  
 197 P	 50.68  
 198 G	 37.16  
 199 V	 6.41  
 200 Q	 37.27  
 201 S	 20.19  
 202 S	 21.10  
 203 A	 11.36  
 204 V	 6.76  
 205 N	 19.70  
 206 V	 4.21  
 207 I	 0.96  
 208 C	 2.82  
 209 E	 34.05  
 210 L	 4.91  
 211 A	 9.71  
 212 R	 52.49  
 213 K	 72.50  
 214 N	 47.42  
 215 P	 29.33  
 216 K	 68.56  
 217 N	 38.00  
 218 Y	 13.74  
 219 L	 4.41  
 220 T	 15.54  
 221 L	 4.72  
 222 A	 7.93  
 223 P	 26.93  
 224 V	 7.98  
 225 F	 4.32  
 226 F	 6.38  
 227 K	 26.36  
 228 L	 2.89  
 229 M	 3.86  
 230 T	 33.68  
 231 T	 19.05  
 232 S	 23.15  
 233 S	 31.90  
 234 N	 46.05  
 235 N	 27.73  
 236 W	 6.29  
 237 M	 2.77  
 238 L	 2.45  
 239 I	 1.42  
 240 K	 34.12  
 241 I	 2.38  
 242 I	 2.42  
 243 K	 41.03  
 244 L	 3.18  
 245 F	 4.58  
 246 G	 28.56  
 247 A	 9.69  
 248 L	 4.11  
 249 V	 5.15  
 250 P	 31.68  
 251 L	 12.64  
 252 E	 23.46  
 253 P	 44.47  
 254 R	 46.85  
 255 L	 20.20  
 256 G	 26.74  
 257 K	 44.85  
 258 K	 57.41  
 259 L	 8.15  
 260 L	 9.76  
 261 E	 49.01  
 262 P	 44.44  
 263 L	 3.46  
 264 T	 38.40  
 265 N	 46.75  
 266 L	 3.10  
 267 I	 4.08  
 268 N	 42.26  
 269 S	 19.42  
 270 T	 18.93  
 271 S	 23.07  
 272 A	 7.53  
 273 M	 2.65  
 274 S	 18.23  
 275 L	 3.66  
 276 L	 2.37  
 277 Y	 17.66  
 278 E	 28.96  
 279 C	 1.51  
 280 I	 3.02  
 281 N	 39.70  
 282 T	 8.06  
 283 V	 1.98  
 284 I	 1.75  
 285 A	 5.92  
 286 V	 3.16  
 287 L	 1.55  
 288 I	 2.49  
 289 S	 13.31  
 290 I	 2.31  
 291 S	 17.67  
 292 A	 25.07  
 293 G	 34.96  
 294 G	 24.20  
 295 D	 34.74  
 296 H	 26.97  
 297 T	 27.17  
 298 A	 10.96  
 299 S	 16.42  
 300 I	 3.17  
 301 Q	 26.72  
 302 L	 2.70  
 303 C	 1.42  
 304 V	 8.38  
 305 Q	 33.97  
 306 K	 27.15  
 307 L	 2.99  
 308 G	 21.15  
 309 V	 7.63  
 310 L	 3.17  
 311 I	 5.26  
 312 E	 47.50  
 313 D	 50.98  
 314 S	 28.45  
 315 D	 54.42  
 316 Q	 62.19  
 317 N	 43.41  
 318 L	 2.99  
 319 K	 46.08  
 320 Y	 14.79  
 321 L	 3.59  
 322 G	 18.63  
 323 L	 2.26  
 324 L	 2.68  
 325 A	 15.10  
 326 M	 5.91  
 327 G	 14.30  
 328 K	 31.61  
 329 I	 3.85  
 330 L	 6.28  
 331 K	 48.54  
 332 T	 39.71  
 333 H	 21.92  
 334 P	 31.37  
 335 K	 54.29  
 336 A	 11.78  
 337 V	 6.88  
 338 Q	 42.48  
 339 A	 12.71  
 340 H	 15.95  
 341 K	 52.76  
 342 D	 26.76  
 343 I	 3.61  
 344 V	 3.85  
 345 L	 3.06  
 346 R	 14.20  
 347 C	 4.23  
 348 L	 8.46  
 349 D	 65.62  
 350 D	 47.56  
 351 K	 64.16  
 352 D	 62.97  
 353 E	 54.53  
 354 S	 27.57  
 355 I	 3.90  
 356 R	 27.78  
 357 I	 3.15  
 358 R	 22.71  
 359 S	 24.70  
 360 L	 3.75  
 361 D	 35.55  
 362 L	 4.87  
 363 L	 3.29  
 364 Y	 15.52  
 365 G	 15.24  
 366 M	 1.62  
 367 V	 7.05  
 368 S	 29.08  
 369 K	 38.13  
 370 K	 44.38  
 371 N	 47.47  
 372 I	 3.95  
 373 V	 6.01  
 374 E	 37.96  
 375 I	 3.69  
 376 V	 2.57  
 377 K	 45.94  
 378 K	 42.02  
 379 L	 3.95  
 380 M	 4.61  
 381 E	 56.04  
 382 H	 14.57  
 383 V	 3.22  
 384 E	 44.03  
 385 A	 15.10  
 386 A	 14.26  
 387 E	 69.17  
 388 G	 18.26  
 389 S	 14.62  
 390 H	 32.29  
 391 Y	 22.81  
 392 R	 26.04  
 393 D	 43.67  
 394 E	 42.48  
 395 L	 6.53  
 396 L	 2.80  
 397 S	 33.77  
 398 R	 25.23  
 399 I	 2.80  
 400 I	 2.71  
 401 G	 16.69  
 402 I	 0.88  
 403 C	 2.62  
 404 S	 31.45  
 405 W	 6.03  
 406 S	 14.90  
 407 N	 22.97  
 408 Y	 9.36  
 409 Q	 27.66  
 410 Y	 10.19  
 411 I	 1.18  
 412 T	 28.99  
 413 N	 24.23  
 414 F	 5.37  
 415 E	 41.25  
 416 W	 7.51  
 417 Y	 3.99  
 418 I	 2.11  
 419 S	 8.16  
 420 V	 5.14  
 421 L	 1.66  
 422 V	 5.48  
 423 E	 46.70  
 424 L	 4.35  
 425 T	 21.38  
 426 K	 51.41  
 427 V	 7.46  
 428 E	 63.05  
 429 G	 39.11  
 430 T	 16.00  
 431 E	 51.70  
 432 H	 41.15  
 433 G	 23.49  
 434 A	 11.29  
 435 K	 47.22  
 436 I	 5.17  
 437 A	 11.26  
 438 E	 52.25  
 439 Q	 29.62  
 440 I	 2.58  
 441 Q	 38.52  
 442 D	 39.42  
 443 V	 2.82  
 444 T	 15.75  
 445 V	 6.92  
 446 R	 19.68  
 447 V	 6.18  
 448 E	 29.86  
 449 S	 23.28  
 450 I	 2.22  
 451 R	 33.79  
 452 H	 20.05  
 453 F	 5.76  
 454 S	 18.09  
 455 V	 4.50  
 456 S	 17.03  
 457 Q	 21.00  
 458 M	 1.90  
 459 A	 7.07  
 460 L	 4.64  
 461 L	 3.09  
 462 V	 5.76  
 463 E	 48.98  
 464 N	 28.06  
 465 A	 4.81  
 466 H	 23.49  
 467 V	 4.32  
 468 L	 1.62  
 469 L	 5.02  
 470 A	 13.01  
 471 G	 24.39  
 472 S	 19.80  
 473 A	 14.49  
 474 Q	 40.70  
 475 Q	 50.95  
 476 R	 20.23  
 477 S	 25.28  
 478 N	 41.11  
 479 M	 1.86  
 480 C	 3.70  
 481 E	 25.98  
 482 V	 4.52  
 483 L	 0.95  
 484 L	 3.53  
 485 A	 7.32  
 486 A	 11.87  
 487 A	 7.20  
 488 W	 5.02  
 489 I	 1.53  
 490 C	 2.06  
 491 G	 27.95  
 492 E	 37.29  
 493 Y	 10.02  
 494 S	 14.98  
 495 Q	 37.89  
 496 H	 17.98  
 497 V	 4.82  
 498 R	 32.87  
 499 N	 37.12  
 500 Q	 30.73  
 501 Q	 47.73  
 502 G	 19.06  
 503 V	 4.69  
 504 L	 5.29  
 505 E	 31.53  
 506 S	 25.84  
 507 M	 3.04  
 508 L	 7.31  
 509 K	 45.80  
 510 A	 25.65  
 511 K	 35.92  
 512 P	 36.70  
 513 S	 30.27  
 514 V	 7.92  
 515 M	 3.74  
 516 P	 29.11  
 517 G	 11.45  
 518 H	 16.37  
 519 I	 3.67  
 520 L	 2.05  
 521 S	 15.70  
 522 V	 4.94  
 523 Y	 7.92  
 524 V	 3.09  
 525 Q	 20.38  
 526 N	 34.63  
 527 I	 2.62  
 528 G	 22.82  
 529 K	 32.27  
 530 L	 4.37  
 531 Y	 5.40  
 532 C	 3.50  
 533 S	 17.35  
 534 L	 3.23  
 535 M	 1.28  
 536 S	 31.37  
 537 Q	 38.54  
 538 A	 20.89  
 539 E	 55.04  
 540 E	 70.51  
 541 E	 53.42  
 542 D	 66.63  
 543 D	 48.73  
 544 W	 14.84  
 545 D	 40.41  
 546 A	 11.84  
 547 I	 3.24  
 548 D	 44.88  
 549 S	 31.35  
 550 L	 4.49  
 551 D	 50.60  
 552 N	 32.42  
 553 L	 3.49  
 554 M	 5.07  
 555 L	 4.62  
 556 S	 20.41  
 557 K	 61.29  
 558 L	 3.46  
 559 P	 40.32  
 560 Q	 55.68  
 561 F	 10.88  
 562 E	 46.25  
 563 L	 8.43  
 564 S	 18.77  
 565 E	 66.18  
 566 H	 26.12  
 567 L	 5.25  
 568 E	 50.65  
 569 A	 23.93  
 570 Q	 31.19  
 571 E	 49.66  
 572 R	 32.15  
 573 A	 5.94  
 574 C	 5.14  
 575 N	 31.69  
 576 L	 2.17  
 577 M	 1.24  
 578 A	 9.38  
 579 I	 1.04  
 580 I	 1.46  
 581 R	 22.31  
 582 I	 3.10  
 583 V	 3.69  
 584 E	 47.75  
 585 K	 40.13  
 586 L	 2.51  
 587 H	 38.26  
 588 Q	 59.00  
 589 D	 44.20  
 590 R	 31.30  
 591 Q	 48.67  
 592 K	 46.23  
 593 M	 5.59  
 594 G	 27.91  
 595 S	 30.97  
 596 E	 43.15  
 597 V	 6.96  
 598 Q	 26.45  
 599 K	 54.94  
 600 L	 2.35  
 601 Y	 29.01  
 602 D	 55.30  
 603 G	 27.95  
 604 E	 42.34  
 605 L	 12.26  
 606 N	 25.38  
 607 P	 29.73  
 608 V	 11.69  
 609 A	 12.49  
 610 T	 27.44  
 611 K	 32.55  
 612 A	 15.28  
 613 Q	 47.48  
 614 R	 46.96  
 615 K	 38.52  
 616 V	 6.69  
 617 P	 34.65  
 618 V	 8.27  
 619 P	 24.71  
 620 D	 71.21  
 621 G	 18.28  
 622 L	 8.45  
 623 D	 48.29  
 624 L	 6.10  
 625 D	 39.25  
 626 A	 13.69  
 627 W	 9.97  
 628 I	 5.51  
 629 G	 18.97  
 630 E	 41.03  
 631 E	 36.88  
 632 W	 6.21  
 633 A	 9.09  
 634 A	 16.76  
 635 A	 13.00  
 636 S	 40.63  
 637 E	 62.16  
 638 D	 59.20  
 639 E	 52.60  
 640 S	 63.78  
 641 D	 62.74  
 642 D	 67.58  
 643 E	 56.13  
 644 S	 51.38  
 645 D	 50.71  
 646 I	 7.22  
 647 E	 48.69  
 648 E	 39.90  
 649 M	 2.14  
 650 F	 9.50  
 651 G	 29.37  
 652 A	 4.54  
 653 P	 34.25  
 654 A	 18.73  
 655 T	 46.58  
 656 R	 30.83  
 657 P	 23.27  
 658 K	 53.48  
 659 M	 6.68  
 660 L	 8.80  
 661 E	 60.13  
 662 N	 54.89  
 663 E	 52.24  
 664 E	 72.35  
 665 Q	 54.86  
 666 E	 43.26  
 667 P	 31.13  
 668 V	 6.25  
 669 V	 5.54  
 670 Q	 50.21  
 671 D	 44.42  
 672 L	 2.85  
 673 E	 60.51  
 674 E	 61.07  
 675 L	 5.88  
 676 G	 46.19  
 677 G	 58.32  
 678 G	 36.49  
 679 K	 65.77  
 680 K	 64.09  
 681 K	 70.96  
 682 K	 81.59  
 683 G	 37.22  
 684 K	 62.17  
 685 N	 64.67  
 686 G	 28.24  
 687 A	 17.89  
 688 E	 32.45  
 689 I	 3.75  
 690 A	 6.41  
 691 M	 7.85  
 692 S	 28.08  
 693 K	 46.40  
 694 E	 57.83  
 695 E	 61.25  
 696 I	 8.74  
 697 E	 43.73  
 698 K	 64.26  
 699 R	 28.33  
 700 R	 54.12  
 701 K	 56.80  
 702 L	 7.46  
 703 R	 46.73  
 704 E	 64.10  
 705 Q	 51.00  
 706 E	 47.74  
 707 I	 7.39  
 708 E	 50.64  
 709 N	 61.51  
 710 N	 17.11  
 711 P	 33.15  
 712 Y	 24.02  
 713 Y	 9.28  
 714 V	 4.70  
 715 K	 30.90  
 716 G	 16.69  
 717 S	 19.41  
 718 A	 19.22  
 719 T	 45.23  
 720 A	 13.82  
 721 P	 28.91  
 722 K	 69.42  
 723 R	 36.44  
 724 P	 33.77  
 725 T	 42.54  
 726 R	 39.91  
 727 F	 14.10  
 728 G	 31.39  
 729 N	 34.96  
 730 P	 35.66  
 731 L	 8.34  
 732 E	 56.81  
 733 R	 38.77  
 734 V	 4.26  
 735 E	 47.76  
 736 I	 4.42  
 737 V	 5.64  
 738 E	 62.25  
 739 K	 64.29  
 740 E	 42.27  
 741 K	 71.79  
 742 E	 47.56  
 743 I	 7.92  
 744 Q	 39.84  
 745 S	 36.79  
 746 P	 20.03  
 747 L	 12.95  
 748 E	 50.99  
 749 I	 4.79  
 750 P	 21.83  
 751 G	 32.19  
 752 V	 2.31  
 753 V	 9.29  
 754 G	 17.23  
 755 L	 1.08  
 756 H	 16.94  
 757 R	 37.22  
 758 Y	 8.34  
 759 M	 3.65  
 760 E	 35.83  
 761 Q	 35.53  
 762 Q	 33.06  
 763 D	 43.19  
 764 S	 27.23  
 765 T	 32.85  
 766 L	 7.14  
 767 S	 36.62  
 768 W	 14.85  
 769 K	 39.20  
 770 K	 59.43  
 771 A	 19.42  
 772 K	 71.24  
 773 E	 66.82  
 774 D	 52.26  
 775 D	 35.18  
 776 I	 4.95  
 777 I	 5.58  
 778 G	 38.85  
 779 G	 34.05  
 780 G	 33.14  
 781 K	 65.77  
 782 K	 69.57  
 783 K	 56.28  
 784 K	 72.70  
 785 S	 55.10  
 786 T	 51.50  
 787 K	 56.83  
 788 K	 72.33  
 789 D	 75.58  
 790 G	 52.28  
 791 K	 53.88  
 792 K	 76.18  
 793 N	 71.63  
 794 G	 47.88  
 795 K	 53.83  
 796 K	 66.88  
 797 S	 60.37  
 798 G	 48.67  
 799 K	 50.64  
 800 K	 51.11  
 801 R	 44.67  
 802 R	 51.76  
 803 T	 29.18  
 804 T	 28.35  
 805 S	 26.19  
 806 T	 33.89  
 807 S	 35.20  
 808 S	 49.46  
 809 E	 66.24  
 810 E	 68.12  
 811 E	 48.84  
 812 D	 49.22  
 813 R	 35.79  
 814 I	 6.18  
 815 V	 3.58  
 816 H	 26.44  
 817 K	 30.25  
 818 V	 4.99  
 819 N	 41.67  
 820 R	 45.67  
 821 N	 57.33  
 822 D	 51.71  
 823 G	 36.33  
 824 E	 55.20  
 825 M	 4.47  
 826 P	 32.35  
 827 E	 71.16  
 828 G	 32.22  
 829 A	 10.85  
 830 K	 65.82  
 831 S	 36.21  
 832 T	 46.92  
 833 D	 65.48  
 834 D	 66.39  
 835 E	 71.52  
 836 D	 70.28  
 837 E	 44.29  
 838 K	 64.70  
 839 I	 3.25  
 840 T	 30.60  
 841 S	 31.36  
 842 I	 4.38  
 843 D	 49.07  
 844 E	 35.05  
 845 F	 4.99  
 846 R	 31.99  
 847 A	 17.15  
 848 L	 4.96  
 849 D	 27.80  
 850 M	 5.99  
 851 D	 40.85  
 852 L	 4.92  
 853 D	 41.70  
 854 A	 16.60  
 855 P	 28.68  
 856 L	 15.46  
 857 R	 35.25  
 858 P	 51.79  
 859 D	 52.39  
 860 E	 52.98  
 861 I	 5.13  
 862 V	 3.99  
 863 K	 61.07  
 864 A	 7.19  
 865 P	 17.39  
 866 Q	 52.43  
 867 A	 13.45  
 868 Y	 6.99  
 869 T	 19.37  
 870 R	 17.19  
 871 V	 6.76  
 872 Y	 8.22  
 873 P	 23.86  
 874 S	 27.79  
 875 Q	 50.41  
 876 Q	 44.36  
 877 K	 49.97  
 878 Q	 55.16  
 879 G	 25.25  
 880 P	 27.91  
 881 L	 12.09  
 882 V	 4.21  
 883 P	 51.23  
 884 R	 42.21  
 885 P	 25.23  
 886 P	 45.40  
 887 T	 46.96  
 888 T	 31.60  
 889 F	 15.56  
 890 E	 27.67  
 891 P	 30.62  
 892 R	 34.30  
 893 L	 5.68  
 894 V	 4.82  
 895 A	 13.17  
 896 Q	 37.70  
 897 Q	 39.61  
 898 Q	 46.70  
 899 E	 30.78  
 900 P	 37.71  
 901 A	 15.43  
 902 V	 7.83  
 903 K	 50.06  
 904 L	 5.52  
 905 V	 6.62  
 906 K	 74.40  
 907 E	 63.73  
 908 K	 65.26  
 909 K	 61.67  
 910 K	 67.64  
 911 K	 71.97  
 912 T	 64.21  
 913 G	 38.04  
 914 K	 52.78  
 915 K	 53.07  
 916 T	 32.63  
 917 T	 24.26  
 918 T	 27.52  
 919 A	 7.47  
 920 T	 21.41  
 921 A	 9.23  
 922 V	 4.13  
 923 A	 14.70  
 924 K	 54.99  
 925 L	 7.68  
 926 K	 62.94  
 927 K	 75.71  
 928 K	 46.11  
 929 K	 67.13  
 930 S	 59.02  
 931 L	 8.18  
 932 P	 46.65  
 933 E	 63.72  
 934 S	 29.30  
 935 S	 34.59  
 936 A	 30.20  
 937 S	 38.27  
 938 K	 42.98  
 939 S	 35.95  
 940 N	 53.00  
 941 L	 4.18  
 942 F	 9.23  
 943 N	 35.82  
 944 M	 3.76  
 945 D	 45.07  
 946 D	 36.75  
 947 W	 7.65  
 948 L	 7.41  
 949 D	 54.97  
 950 G	 22.35  
 951 S	 41.03  
 952 N	 52.14  
 953 G	 37.90  
 954 N	 40.41  
 955 V	 4.69  
 956 P	 28.77  
 957 I	 5.94  
 958 D	 29.51  
 959 S	 35.29  
 960 T	 24.00  
 961 L	 7.58  
 962 E	 44.65  
 963 M	 4.71  
 964 K	 30.80  
 965 S	 36.50  
 966 T	 19.48  
 967 L	 9.73  
 968 N	 39.73  
 969 V	 12.91  
 970 E	 63.67  
 971 K	 58.83  
 972 P	 26.05  
 973 K	 80.12  
 974 K	 74.25  
 975 L	 12.02  
 976 K	 54.27  
 977 K	 56.40  
 978 S	 29.28  
 979 A	 17.98  
 980 I	 6.53  
 981 S	 35.50  
 982 S	 42.24  
 983 K	 50.23  
 984 K	 59.45  
 985 K	 50.70  
 986 V	 10.31  
 987 R	 31.54  
 988 E	 59.60  
 989 A	 13.38  
 990 Y	 15.00  
 991 E	 62.94  
 992 E	 35.28  
 993 T	 20.88  
 994 S	 32.29  
 995 G	 26.41  
 996 V	 3.09  
 997 C	 5.44  
 998 T	 20.05  
 999 P	 25.74  
 1000 S	 30.51  
 1001 I	 3.58  
 1002 P	 25.13  
 1003 H	 50.98  
 1004 Q	 34.51  
 1005 P	 38.75  
 1006 S	 28.11  
 1007 P	 40.88  
 1008 I	 12.20  
 1009 D	 43.75  
 1010 S	 29.83  
 1011 E	 38.28  
 1012 A	 21.71  
 1013 A	 12.17  
 1014 T	 39.57  
 1015 S	 19.22  
 1016 S	 28.38  
 1017 E	 48.71  
 1018 Y	 5.70  
 1019 C	 2.23  
 1020 R	 26.85  
 1021 L	 4.75  
 1022 A	 6.94  
 1023 A	 23.73  
 1024 N	 36.07  
 1025 K	 31.41  
 1026 T	 19.83  
 1027 I	 3.18  
 1028 Y	 10.13  
 1029 V	 3.99  
 1030 D	 18.48  
 1031 F	 3.10  
 1032 V	 3.70  
 1033 A	 22.62  
 1034 R	 20.05  
 1035 P	 35.74  
 1036 N	 36.95  
 1037 C	 6.72  
 1038 D	 54.13  
 1039 P	 41.72  
 1040 L	 4.92  
 1041 D	 47.81  
 1042 H	 30.84  
 1043 G	 26.42  
 1044 R	 24.62  
 1045 L	 7.50  
 1046 T	 12.43  
 1047 V	 4.78  
 1048 H	 11.59  
 1049 L	 5.13  
 1050 R	 14.97  
 1051 V	 9.03  
 1052 S	 31.07  
 1053 R	 45.59  
 1054 K	 57.58  
 1055 E	 60.11  
 1056 H	 46.76  
 1057 K	 62.89  
 1058 E	 56.47  
 1059 K	 53.25  
 1060 I	 5.94  
 1061 R	 44.99  
 1062 K	 43.96  
 1063 I	 5.38  
 1064 E	 36.81  
 1065 L	 5.96  
 1066 N	 18.68  
 1067 M	 4.51  
 1068 V	 5.04  
 1069 D	 34.41  
 1070 T	 15.53  
 1071 L	 5.19  
 1072 N	 39.55  
 1073 A	 13.37  
 1074 K	 47.21  
 1075 V	 9.55  
 1076 L	 5.12  
 1077 K	 63.28  
 1078 E	 56.02  
 1079 S	 45.79  
 1080 E	 69.74  
 1081 D	 44.83  
 1082 P	 18.31  
 1083 I	 8.34  
 1084 L	 4.51  
 1085 L	 6.12  
 1086 A	 12.55  
 1087 E	 60.09  
 1088 E	 52.88  
 1089 L	 6.02  
 1090 D	 47.99  
 1091 S	 41.59  
 1092 D	 54.23  
 1093 A	 17.21  
 1094 T	 37.46  
 1095 S	 28.09  
 1096 S	 32.59  
 1097 E	 48.37  
 1098 A	 19.90  
 1099 S	 20.23  
 1100 F	 16.00  
 1101 D	 27.69  
 1102 V	 4.67  
 1103 Q	 28.78  
 1104 V	 3.85  
 1105 T	 15.63  
 1106 A	 9.79  
 1107 T	 27.13  
 1108 N	 27.57  
 1109 V	 3.39  
 1110 S	 24.89  
 1111 R	 28.40  
 1112 T	 12.06  
 1113 M	 3.46  
 1114 R	 34.04  
 1115 G	 17.79  
 1116 T	 12.93  
 1117 L	 3.99  
 1118 T	 16.44  
 1119 Y	 9.68  
 1120 F	 4.52  
 1121 L	 2.66  
 1122 V	 6.63  
 1123 D	 50.84  
 1124 D	 49.06  
 1125 E	 58.98  
 1126 G	 32.80  
 1127 T	 28.95  
 1128 R	 62.07  
 1129 D	 58.18  
 1130 D	 50.56  
 1131 K	 48.46  
 1132 L	 10.90  
 1133 D	 35.17  
 1134 L	 9.80  
 1135 R	 37.78  
 1136 L	 6.15  
 1137 P	 24.88  
 1138 I	 4.25  
 1139 P	 21.68  
 1140 A	 19.67  
 1141 T	 14.77  
 1142 V	 3.55  
 1143 F	 3.19  
 1144 V	 5.61  
 1145 M	 1.44  
 1146 P	 32.05  
 1147 N	 30.23  
 1148 S	 22.67  
 1149 S	 32.81  
 1150 I	 6.78  
 1151 R	 37.99  
 1152 K	 53.97  
 1153 D	 50.67  
 1154 D	 42.18  
 1155 Y	 13.13  
 1156 S	 21.31  
 1157 A	 10.60  
 1158 L	 3.18  
 1159 L	 4.25  
 1160 A	 16.27  
 1161 S	 34.02  
 1162 D	 55.11  
 1163 D	 39.11  
 1164 V	 8.68  
 1165 D	 43.17  
 1166 F	 7.82  
 1167 G	 24.21  
 1168 A	 13.15  
 1169 T	 22.51  
 1170 Q	 41.70  
 1171 N	 22.49  
 1172 V	 3.47  
 1173 A	 19.89  
 1174 T	 29.59  
 1175 G	 28.14  
 1176 E	 31.93  
 1177 V	 10.47  
 1178 K	 39.71  
 1179 L	 7.31  
 1180 K	 30.76  
 1181 T	 31.05  
 1182 V	 5.35  
 1183 L	 3.36  
 1184 T	 16.35  
 1185 Q	 28.19  
 1186 I	 2.45  
 1187 V	 3.55  
 1188 R	 31.88  
 1189 K	 35.01  
 1190 A	 9.82  
 1191 H	 21.74  
 1192 F	 6.78  
 1193 S	 18.83  
 1194 I	 4.40  
 1195 V	 5.43  
 1196 E	 55.25  
 1197 E	 60.56  
 1198 T	 19.31  
 1199 P	 27.80  
 1200 K	 65.09  
 1201 A	 11.95  
 1202 A	 16.94  
 1203 S	 29.14  
 1204 L	 4.53  
 1205 F	 6.03  
 1206 G	 29.64  
 1207 R	 20.92  
 1208 T	 24.71  
 1209 V	 10.00  
 1210 G	 33.85  
 1211 G	 32.92  
 1212 E	 26.09  
 1213 P	 26.35  
 1214 I	 1.94  
 1215 C	 3.34  
 1216 L	 6.79  
 1217 L	 4.62  
 1218 V	 3.74  
 1219 K	 50.75  
 1220 K	 45.87  
 1221 T	 26.74  
 1222 S	 41.04  
 1223 D	 67.52  
 1224 G	 17.01  
 1225 V	 5.60  
 1226 Q	 33.32  
 1227 I	 7.58  
 1228 D	 35.13  
 1229 G	 24.28  
 1230 K	 45.51  
 1231 A	 35.88  
 1232 G	 42.34  
 1233 D	 45.38  
 1234 E	 46.50  
 1235 Q	 48.91  
 1236 L	 3.46  
 1237 I	 2.78  
 1238 Q	 36.85  
 1239 S	 18.05  
 1240 I	 1.55  
 1241 I	 3.28  
 1242 Q	 43.30  
 1243 D	 35.19  
 1244 V	 2.95  
 1245 S	 29.54  
 1246 E	 41.77  
 1247 I	 1.41  
 1248 C	 1.52  
 1249 A	 18.98  
 1250 R	 36.10  
 1251 A	 12.77  
