 1 M	 9.82  
 2 G	 21.33  
 3 V	 4.66  
 4 A	 9.22  
 5 F	 9.70  
 6 D	 37.18  
 7 S	 27.90  
 8 S	 38.21  
 9 D	 52.65  
 10 R	 49.03  
 11 D	 52.21  
 12 L	 5.62  
 13 S	 19.44  
 14 F	 9.47  
 15 R	 15.19  
 16 I	 4.90  
 17 A	 7.06  
 18 L	 5.22  
 19 E	 34.82  
 20 Y	 17.10  
 21 F	 4.26  
 22 D	 53.81  
 23 D	 28.13  
 24 L	 3.85  
 25 R	 30.47  
 26 I	 7.19  
 27 L	 1.88  
 28 F	 8.54  
 29 N	 34.74  
 30 A	 13.60  
 31 K	 30.00  
 32 C	 3.47  
 33 S	 45.78  
 34 G	 43.46  
 35 L	 4.03  
 36 E	 48.28  
 37 P	 33.06  
 38 W	 7.37  
 39 Q	 36.60  
 40 I	 1.64  
 41 V	 1.83  
 42 S	 15.52  
 43 Y	 9.32  
 44 A	 4.20  
 45 I	 2.16  
 46 S	 15.77  
 47 L	 1.63  
 48 C	 1.76  
 49 F	 7.20  
 50 L	 1.82  
 51 I	 1.05  
 52 A	 11.35  
 53 Y	 10.44  
 54 I	 1.36  
 55 K	 24.36  
 56 R	 23.34  
 57 M	 2.87  
 58 T	 34.67  
 59 R	 28.30  
 60 S	 36.06  
 61 N	 63.60  
 62 E	 49.93  
 63 P	 31.60  
 64 P	 38.70  
 65 L	 6.92  
 66 V	 5.69  
 67 Q	 37.14  
 68 I	 4.70  
 69 R	 15.02  
 70 K	 49.92  
 71 S	 21.01  
 72 I	 3.63  
 73 F	 5.65  
 74 S	 23.00  
 75 F	 4.59  
 76 L	 3.35  
 77 R	 33.85  
 78 S	 40.71  
 79 L	 2.90  
 80 P	 28.85  
 81 W	 11.09  
 82 V	 3.91  
 83 R	 26.58  
 84 R	 37.99  
 85 K	 39.86  
 86 L	 6.60  
 87 E	 43.08  
 88 A	 27.79  
 89 D	 37.47  
 90 L	 7.30  
 91 A	 12.99  
 92 K	 48.61  
 93 A	 14.28  
 94 Q	 38.53  
 95 A	 25.29  
 96 E	 34.53  
 97 I	 10.16  
 98 E	 39.36  
 99 D	 69.73  
 100 E	 29.16  
 101 V	 8.45  
 102 H	 21.27  
 103 Q	 56.59  
 104 S	 18.01  
 105 D	 32.79  
 106 H	 23.58  
 107 M	 5.43  
 108 R	 27.70  
 109 E	 45.83  
 110 F	 5.92  
 111 Y	 8.97  
 112 K	 45.83  
 113 F	 10.55  
 114 L	 3.63  
 115 P	 30.07  
 116 E	 61.74  
 117 R	 21.08  
 118 C	 2.49  
 119 M	 10.02  
 120 D	 55.37  
 121 T	 14.50  
 122 E	 38.48  
 123 E	 45.45  
 124 I	 2.90  
 125 L	 3.93  
 126 A	 23.91  
 127 D	 47.92  
 128 G	 15.45  
 129 R	 29.05  
 130 R	 29.14  
 131 Y	 9.48  
 132 A	 4.62  
 133 M	 2.35  
 134 M	 3.72  
 135 G	 16.51  
 136 E	 18.98  
 137 R	 29.33  
 138 R	 27.29  
 139 Y	 13.83  
 140 M	 1.55  
 141 Q	 24.05  
 142 H	 16.66  
 143 Y	 16.66  
 144 D	 27.06  
 145 P	 30.21  
 146 Q	 50.74  
 147 T	 45.49  
 148 R	 39.81  
 149 E	 62.83  
 150 E	 61.18  
 151 D	 34.46  
 152 M	 5.49  
 153 K	 52.16  
 154 L	 4.90  
 155 S	 20.17  
 156 A	 24.02  
 157 K	 46.43  
 158 L	 3.95  
 159 F	 8.27  
 160 D	 51.84  
 161 L	 2.98  
 162 F	 5.15  
 163 A	 16.39  
 164 H	 24.38  
 165 T	 48.04  
 166 D	 27.43  
 167 P	 26.41  
 168 H	 44.69  
 169 R	 41.44  
 170 S	 30.20  
 171 D	 52.78  
 172 A	 17.49  
 173 F	 6.94  
 174 P	 41.93  
 175 G	 25.96  
 176 V	 5.60  
 177 R	 38.22  
 178 K	 38.39  
 179 M	 4.06  
 180 E	 46.30  
 181 A	 12.96  
 182 E	 35.23  
 183 I	 6.05  
 184 L	 2.03  
 185 K	 37.51  
 186 M	 3.14  
 187 T	 8.77  
 188 C	 2.01  
 189 A	 8.43  
 190 M	 2.50  
 191 F	 2.29  
 192 H	 30.89  
 193 G	 33.31  
 194 G	 23.25  
 195 K	 51.57  
 196 D	 53.05  
 197 S	 19.09  
 198 C	 7.41  
 199 G	 22.38  
 200 V	 2.90  
 201 V	 2.19  
 202 A	 14.43  
 203 G	 24.37  
 204 G	 30.06  
 205 G	 21.33  
 206 T	 22.74  
 207 E	 42.98  
 208 A	 9.71  
 209 L	 2.05  
 210 M	 2.62  
 211 L	 2.94  
 212 A	 3.40  
 213 C	 1.64  
 214 L	 3.79  
 215 A	 10.92  
 216 Y	 8.75  
 217 R	 26.86  
 218 N	 33.34  
 219 R	 20.65  
 220 S	 33.56  
 221 R	 25.68  
 222 A	 25.69  
 223 R	 42.31  
 224 G	 37.52  
 225 E	 28.39  
 226 W	 13.96  
 227 R	 20.31  
 228 A	 16.37  
 229 E	 29.44  
 230 I	 2.90  
 231 V	 4.89  
 232 A	 9.66  
 233 P	 22.71  
 234 S	 28.61  
 235 T	 28.11  
 236 A	 15.82  
 237 H	 14.30  
 238 P	 31.86  
 239 A	 20.65  
 240 L	 9.04  
 241 D	 40.43  
 242 K	 40.55  
 243 A	 12.04  
 244 A	 15.56  
 245 A	 15.53  
 246 F	 4.59  
 247 F	 5.56  
 248 D	 27.19  
 249 M	 3.35  
 250 T	 25.78  
 251 I	 1.96  
 252 K	 33.99  
 253 R	 22.26  
 254 I	 3.94  
 255 Q	 36.40  
 256 V	 5.34  
 257 S	 20.57  
 258 E	 58.35  
 259 T	 35.38  
 260 D	 39.07  
 261 D	 60.04  
 262 R	 30.76  
 263 A	 23.27  
 264 N	 33.38  
 265 V	 5.16  
 266 G	 21.54  
 267 A	 8.95  
 268 M	 2.19  
 269 K	 37.84  
 270 R	 20.53  
 271 A	 12.93  
 272 I	 10.16  
 273 G	 12.49  
 274 P	 23.46  
 275 R	 35.03  
 276 T	 15.01  
 277 C	 1.62  
 278 M	 2.16  
 279 I	 2.30  
 280 I	 0.70  
 281 A	 6.68  
 282 S	 33.57  
 283 A	 10.41  
 284 P	 30.36  
 285 N	 38.62  
 286 H	 20.23  
 287 I	 4.89  
 288 T	 21.17  
 289 G	 24.12  
 290 T	 17.06  
 291 V	 9.73  
 292 D	 37.99  
 293 P	 32.10  
 294 I	 6.71  
 295 E	 47.61  
 296 K	 55.23  
 297 L	 3.09  
 298 A	 18.84  
 299 K	 55.58  
 300 L	 4.00  
 301 A	 7.35  
 302 Q	 57.83  
 303 R	 21.27  
 304 Y	 7.63  
 305 H	 19.85  
 306 I	 2.62  
 307 P	 11.78  
 308 L	 6.42  
 309 H	 14.17  
 310 V	 9.47  
 311 D	 14.67  
 312 C	 3.09  
 313 T	 24.79  
 314 L	 8.75  
 315 G	 14.89  
 316 G	 16.77  
 317 F	 4.91  
 318 V	 8.20  
 319 L	 2.24  
 320 P	 22.64  
 321 F	 5.20  
 322 M	 3.48  
 323 E	 37.64  
 324 Y	 7.93  
 325 A	 8.92  
 326 D	 35.02  
 327 Y	 11.91  
 328 S	 23.36  
 329 V	 3.01  
 330 P	 22.67  
 331 A	 17.93  
 332 F	 8.15  
 333 D	 29.84  
 334 F	 7.54  
 335 R	 41.64  
 336 L	 4.34  
 337 P	 30.83  
 338 G	 39.67  
 339 V	 3.42  
 340 T	 26.68  
 341 S	 16.49  
 342 I	 2.62  
 343 S	 18.59  
 344 A	 23.01  
 345 D	 35.90  
 346 L	 2.18  
 347 H	 22.82  
 348 R	 44.57  
 349 Y	 10.78  
 350 G	 23.67  
 351 Q	 22.69  
 352 C	 3.15  
 353 P	 24.05  
 354 G	 51.27  
 355 R	 14.66  
 356 L	 5.28  
 357 S	 16.31  
 358 V	 4.16  
 359 L	 1.93  
 360 M	 2.51  
 361 Y	 13.99  
 362 R	 29.47  
 363 E	 24.40  
 364 P	 21.22  
 365 A	 16.02  
 366 F	 10.10  
 367 L	 5.33  
 368 R	 18.33  
 369 H	 30.83  
 370 Q	 28.81  
 371 F	 7.15  
 372 F	 5.20  
 373 T	 38.84  
 374 N	 32.54  
 375 S	 37.67  
 376 E	 60.81  
 377 W	 9.17  
 378 P	 25.83  
 379 G	 39.62  
 380 G	 9.36  
 381 C	 2.30  
 382 Y	 19.45  
 383 A	 15.92  
 384 T	 7.88  
 385 P	 20.24  
 386 T	 21.44  
 387 M	 3.54  
 388 S	 40.34  
 389 G	 25.08  
 390 G	 19.73  
 391 R	 42.81  
 392 D	 64.25  
 393 G	 25.30  
 394 G	 22.59  
 395 A	 8.03  
 396 V	 5.71  
 397 A	 7.35  
 398 T	 19.01  
 399 A	 5.14  
 400 W	 4.75  
 401 A	 3.22  
 402 M	 1.49  
 403 M	 2.24  
 404 L	 3.08  
 405 R	 22.83  
 406 K	 55.10  
 407 G	 26.86  
 408 R	 36.90  
 409 D	 64.02  
 410 G	 24.70  
 411 Y	 8.69  
 412 I	 3.28  
 413 N	 22.27  
 414 A	 8.73  
 415 A	 8.49  
 416 Q	 34.39  
 417 R	 27.42  
 418 I	 1.91  
 419 I	 2.99  
 420 E	 41.43  
 421 A	 9.55  
 422 T	 13.22  
 423 R	 36.24  
 424 Q	 26.53  
 425 L	 4.00  
 426 A	 4.50  
 427 Y	 22.05  
 428 R	 18.22  
 429 L	 2.85  
 430 Q	 41.21  
 431 G	 30.26  
 432 L	 3.14  
 433 D	 63.37  
 434 G	 18.89  
 435 V	 4.93  
 436 S	 20.20  
 437 L	 7.17  
 438 R	 29.52  
 439 G	 32.26  
 440 S	 16.51  
 441 A	 19.33  
 442 D	 42.15  
 443 L	 2.09  
 444 C	 2.08  
 445 V	 4.53  
 446 V	 3.37  
 447 A	 3.91  
 448 F	 5.31  
 449 T	 21.48  
 450 T	 19.21  
 451 S	 36.17  
 452 E	 35.70  
 453 V	 6.18  
 454 N	 26.89  
 455 V	 3.96  
 456 Y	 9.51  
 457 N	 29.34  
 458 L	 1.58  
 459 V	 4.67  
 460 D	 26.43  
 461 V	 2.93  
 462 M	 1.98  
 463 V	 5.52  
 464 Q	 22.05  
 465 K	 53.19  
 466 G	 11.57  
 467 W	 8.72  
 468 H	 23.83  
 469 V	 6.99  
 470 D	 18.42  
 471 P	 33.83  
 472 L	 6.82  
 473 L	 7.58  
 474 S	 21.85  
 475 P	 26.36  
 476 A	 15.46  
 477 A	 10.13  
 478 A	 18.34  
 479 R	 29.98  
 480 V	 4.18  
 481 P	 12.61  
 482 I	 6.22  
 483 S	 14.34  
 484 L	 3.81  
 485 S	 18.01  
 486 M	 3.96  
 487 C	 3.75  
 488 E	 49.50  
 489 E	 50.07  
 490 G	 11.73  
 491 V	 6.85  
 492 L	 6.60  
 493 D	 28.25  
 494 H	 25.65  
 495 F	 8.79  
 496 L	 4.49  
 497 E	 60.65  
 498 D	 50.50  
 499 L	 3.37  
 500 E	 38.60  
 501 M	 3.86  
 502 A	 8.20  
 503 I	 1.22  
 504 C	 3.37  
 505 N	 44.37  
 506 L	 3.63  
 507 K	 33.49  
 508 S	 31.38  
 509 M	 7.36  
 510 E	 48.74  
 511 P	 36.76  
 512 A	 17.16  
 513 E	 60.57  
 514 K	 55.08  
 515 L	 5.76  
 516 G	 31.89  
 517 T	 29.62  
 518 T	 20.64  
 519 A	 9.47  
 520 S	 23.53  
 521 F	 4.56  
 522 Y	 7.19  
 523 Q	 24.89  
 524 M	 2.66  
 525 L	 2.35  
 526 Q	 42.16  
 527 K	 38.76  
 528 V	 7.85  
 529 N	 52.69  
 530 D	 48.59  
 531 K	 38.26  
 532 T	 34.57  
 533 L	 5.87  
 534 V	 6.95  
 535 D	 54.99  
 536 E	 32.55  
 537 L	 4.34  
 538 S	 21.50  
 539 L	 4.06  
 540 I	 2.81  
 541 R	 24.46  
 542 L	 3.81  
 543 A	 5.15  
 544 A	 13.52  
 545 H	 15.97  
 546 Y	 11.99  
 547 S	 20.82  
 548 I	 4.71  
 549 P	 23.92  
 550 P	 38.78  
 551 P	 41.20  
 552 A	 28.80  
 553 E	 55.17  
 554 R	 35.28  
 555 R	 31.39  
 556 S	 28.55  
 557 L	 4.62  
 558 R	 34.56  
 559 T	 28.78  
 560 L	 4.34  
 561 S	 19.94  
 562 V	 11.55  
 563 E	 50.32  
 564 G	 29.84  
 565 R	 24.20  
 566 K	 56.63  
 567 L	 3.33  
 568 S	 18.26  
 569 M	 6.08  
 570 L	 3.66  
 571 G	 16.67  
 572 A	 12.40  
 573 T	 31.73  
 574 G	 23.52  
 575 D	 38.00  
 576 M	 10.04  
 577 G	 28.78  
 578 K	 47.77  
 579 K	 56.24  
 580 L	 7.62  
 581 E	 64.96  
 582 E	 59.00  
 583 L	 3.10  
 584 R	 39.70  
 585 R	 64.00  
 586 G	 23.93  
 587 F	 9.95  
 588 Q	 56.68  
 589 K	 69.37  
 590 E	 45.40  
 591 K	 70.75  
 592 E	 63.29  
 593 A	 29.87  
 594 K	 50.16  
 595 Q	 48.52  
 596 E	 56.09  
 597 A	 22.72  
 598 L	 6.35  
 599 K	 70.08  
 600 N	 55.31  
 601 E	 61.62  
 602 N	 65.20  
 603 S	 40.74  
 604 E	 79.83  
 605 E	 64.98  
 606 K	 62.68  
