 1 M	 7.55  
 2 I	 5.55  
 3 V	 7.96  
 4 E	 37.00  
 5 E	 46.31  
 6 E	 26.79  
 7 M	 4.71  
 8 R	 35.11  
 9 S	 40.24  
 10 G	 28.34  
 11 G	 31.37  
 12 G	 21.52  
 13 T	 23.83  
 14 A	 19.63  
 15 R	 26.51  
 16 P	 31.69  
 17 V	 10.83  
 18 T	 18.70  
 19 P	 28.40  
 20 R	 31.18  
 21 S	 27.53  
 22 I	 4.43  
 23 A	 10.78  
 24 N	 41.24  
 25 S	 25.24  
 26 L	 5.34  
 27 D	 47.56  
 28 S	 38.80  
 29 L	 5.09  
 30 S	 34.28  
 31 E	 38.88  
 32 C	 3.87  
 33 A	 14.00  
 34 Q	 48.37  
 35 H	 12.06  
 36 H	 15.19  
 37 H	 20.45  
 38 H	 20.14  
 39 H	 22.72  
 40 S	 27.95  
 41 D	 43.99  
 42 V	 3.92  
 43 V	 7.22  
 44 N	 33.00  
 45 A	 14.82  
 46 N	 36.20  
 47 S	 34.99  
 48 N	 47.97  
 49 S	 33.93  
 50 D	 57.75  
 51 R	 33.52  
 52 S	 31.08  
 53 R	 36.47  
 54 S	 37.64  
 55 L	 6.34  
 56 G	 25.43  
 57 D	 43.75  
 58 L	 3.13  
 59 L	 3.47  
 60 A	 14.26  
 61 A	 11.99  
 62 T	 15.12  
 63 M	 2.68  
 64 Q	 51.62  
 65 D	 47.22  
 66 G	 23.68  
 67 N	 59.20  
 68 D	 53.02  
 69 D	 54.28  
 70 S	 31.90  
 71 L	 6.75  
 72 R	 49.79  
 73 N	 49.40  
 74 G	 22.58  
 75 S	 24.31  
 76 Y	 17.85  
 77 D	 34.95  
 78 T	 18.20  
 79 L	 2.69  
 80 V	 4.92  
 81 T	 22.87  
 82 T	 25.62  
 83 T	 19.69  
 84 T	 26.12  
 85 K	 54.16  
 86 G	 33.05  
 87 G	 29.50  
 88 G	 33.79  
 89 L	 5.63  
 90 T	 31.24  
 91 D	 50.32  
 92 S	 27.37  
 93 G	 25.93  
 94 I	 5.54  
 95 G	 27.86  
 96 G	 22.96  
 97 G	 14.13  
 98 L	 3.62  
 99 L	 5.06  
 100 L	 3.92  
 101 M	 5.45  
 102 K	 60.15  
 103 G	 33.35  
 104 E	 45.33  
 105 D	 66.25  
 106 E	 34.16  
 107 M	 7.00  
 108 D	 30.89  
 109 I	 2.92  
 110 M	 4.28  
 111 D	 55.11  
 112 D	 26.03  
 113 H	 31.63  
 114 N	 51.05  
 115 S	 28.33  
 116 S	 39.90  
 117 S	 45.79  
 118 S	 35.97  
 119 P	 47.07  
 120 D	 52.77  
 121 H	 18.60  
 122 H	 36.42  
 123 R	 32.91  
 124 I	 3.60  
 125 P	 24.79  
 126 T	 43.52  
 127 D	 33.16  
 128 I	 4.90  
 129 S	 38.33  
 130 S	 32.82  
 131 P	 34.18  
 132 D	 59.33  
 133 S	 23.91  
 134 F	 11.21  
 135 T	 38.79  
 136 Y	 11.97  
 137 P	 21.54  
 138 P	 24.78  
 139 V	 6.76  
 140 S	 28.69  
 141 F	 5.53  
 142 T	 20.90  
 143 S	 26.06  
 144 Y	 22.62  
 145 D	 40.20  
 146 P	 17.15  
 147 V	 13.31  
 148 N	 44.28  
 149 G	 33.35  
 150 S	 23.77  
 151 G	 33.78  
 152 S	 32.33  
 153 V	 4.10  
 154 P	 29.28  
 155 S	 38.75  
 156 Y	 14.94  
 157 S	 41.84  
 158 N	 38.00  
 159 E	 60.53  
 160 N	 49.78  
 161 T	 31.84  
 162 N	 46.87  
 163 P	 35.19  
 164 L	 9.85  
 165 D	 52.28  
 166 S	 48.25  
 167 T	 19.37  
 168 P	 44.18  
 169 R	 56.39  
 170 G	 21.95  
 171 H	 22.54  
 172 S	 35.90  
 173 A	 19.63  
 174 D	 60.30  
 175 D	 62.33  
 176 R	 38.85  
 177 K	 55.22  
 178 H	 27.69  
 179 S	 43.83  
 180 D	 57.29  
 181 L	 3.28  
 182 P	 32.32  
 183 A	 25.82  
 184 I	 5.14  
 185 S	 37.10  
 186 E	 60.47  
 187 E	 55.42  
 188 S	 39.95  
 189 E	 55.51  
 190 H	 47.66  
 191 E	 46.38  
 192 Q	 44.20  
 193 Q	 41.17  
 194 S	 18.81  
 195 I	 2.72  
 196 H	 21.88  
 197 I	 3.55  
 198 P	 15.09  
 199 Y	 17.61  
 200 N	 23.90  
 201 H	 30.54  
 202 Y	 18.15  
 203 P	 16.75  
 204 P	 32.59  
 205 H	 35.49  
 206 S	 30.04  
 207 S	 26.47  
 208 S	 33.82  
 209 V	 13.33  
 210 G	 19.51  
 211 P	 27.39  
 212 G	 28.57  
 213 A	 17.26  
 214 A	 9.86  
 215 P	 30.65  
 216 A	 14.31  
 217 V	 5.37  
 218 R	 32.85  
 219 E	 44.29  
 220 V	 4.25  
 221 V	 3.70  
 222 E	 35.37  
 223 H	 21.06  
 224 T	 18.80  
 225 Y	 7.40  
 226 P	 21.34  
 227 M	 1.96  
 228 V	 3.93  
 229 H	 9.97  
 230 C	 2.68  
 231 N	 26.74  
 232 S	 47.12  
 233 A	 9.50  
 234 P	 28.12  
 235 S	 44.86  
 236 N	 38.92  
 237 T	 30.71  
 238 V	 5.10  
 239 F	 7.34  
 240 N	 38.37  
 241 S	 19.46  
 242 D	 47.30  
 243 R	 28.02  
 244 I	 4.55  
 245 A	 7.33  
 246 H	 18.73  
 247 R	 24.86  
 248 R	 24.27  
 249 V	 4.95  
 250 V	 5.01  
 251 S	 25.82  
 252 D	 42.67  
 253 D	 41.55  
 254 V	 6.64  
 255 T	 34.31  
 256 E	 48.29  
 257 T	 14.09  
 258 T	 27.98  
 259 R	 45.70  
 260 L	 5.19  
 261 K	 51.06  
 262 R	 54.62  
 263 S	 33.56  
 264 E	 71.31  
 265 E	 63.73  
 266 L	 5.17  
 267 E	 54.51  
 268 N	 57.48  
 269 M	 3.73  
 270 D	 54.81  
 271 K	 35.50  
 272 V	 5.62  
 273 G	 27.26  
 274 R	 25.10  
 275 I	 4.56  
 276 S	 26.45  
 277 F	 13.77  
 278 E	 40.55  
 279 K	 50.03  
 280 R	 30.20  
 281 S	 37.32  
 282 A	 25.14  
 283 S	 30.87  
 284 T	 26.78  
 285 N	 31.44  
 286 H	 31.41  
 287 L	 8.17  
 288 S	 22.49  
 289 K	 61.72  
 290 S	 35.53  
 291 R	 45.20  
 292 K	 61.05  
 293 G	 23.76  
 294 A	 10.78  
 295 T	 31.93  
 296 L	 3.72  
 297 V	 3.89  
 298 F	 5.11  
 299 H	 30.24  
 300 N	 55.78  
 301 D	 38.54  
 302 P	 57.08  
 303 N	 72.34  
 304 E	 68.24  
 305 K	 68.45  
 306 D	 58.82  
 307 E	 66.27  
 308 T	 59.91  
 309 D	 60.31  
 310 D	 73.04  
 311 E	 56.38  
 312 E	 73.25  
 313 E	 52.77  
 314 Y	 23.53  
 315 E	 44.44  
 316 D	 46.27  
 317 A	 8.77  
 318 A	 24.08  
 319 D	 59.28  
 320 G	 24.72  
 321 Y	 17.07  
 322 S	 38.78  
 323 K	 56.97  
 324 D	 50.83  
 325 N	 40.07  
 326 E	 45.56  
 327 M	 3.37  
 328 L	 3.09  
 329 I	 4.51  
 330 L	 6.29  
 331 E	 37.88  
 332 K	 51.46  
 333 S	 42.53  
 334 G	 59.61  
 335 G	 40.46  
 336 E	 42.71  
 337 E	 59.28  
 338 R	 21.76  
 339 Y	 14.18  
 340 R	 22.03  
 341 M	 2.12  
 342 A	 11.37  
 343 S	 25.73  
 344 V	 8.38  
 345 K	 56.38  
 346 K	 49.68  
 347 K	 61.90  
 348 N	 66.12  
 349 G	 39.25  
 350 S	 30.10  
 351 P	 34.51  
 352 L	 7.71  
 353 R	 31.63  
 354 H	 41.94  
 355 F	 8.99  
 356 D	 45.89  
 357 N	 39.27  
 358 H	 21.65  
 359 S	 39.53  
 360 N	 39.52  
 361 L	 4.44  
 362 T	 28.41  
 363 S	 24.52  
 364 I	 2.96  
 365 S	 30.86  
 366 S	 34.81  
 367 T	 45.80  
 368 E	 58.73  
 369 P	 38.29  
 370 P	 33.51  
 371 P	 34.28  
 372 V	 13.98  
 373 R	 44.76  
 374 L	 3.83  
 375 P	 16.09  
 376 R	 57.11  
 377 R	 25.46  
 378 V	 4.56  
 379 S	 22.57  
 380 A	 11.45  
 381 V	 3.46  
 382 S	 27.84  
 383 S	 24.65  
 384 T	 22.20  
 385 S	 31.92  
 386 R	 41.04  
 387 S	 46.25  
 388 S	 24.76  
 389 P	 28.99  
 390 Q	 49.98  
 391 R	 42.72  
 392 A	 15.41  
 393 T	 36.44  
 394 D	 39.26  
 395 Q	 47.00  
 396 S	 38.61  
 397 W	 13.77  
 398 K	 53.36  
 399 D	 46.34  
 400 K	 49.97  
 401 M	 7.95  
 402 P	 27.15  
 403 P	 36.28  
 404 F	 9.57  
 405 G	 21.32  
 406 I	 3.25  
 407 V	 6.05  
 408 G	 12.87  
 409 H	 17.71  
 410 S	 13.89  
 411 V	 5.67  
 412 S	 27.80  
 413 L	 7.25  
 414 D	 38.36  
 415 R	 48.33  
 416 E	 51.69  
 417 I	 8.74  
 418 D	 47.95  
