 1 M	 10.00  
 2 S	 51.19  
 3 E	 73.05  
 4 D	 34.91  
 5 P	 23.78  
 6 S	 56.19  
 7 W	 12.20  
 8 Y	 14.55  
 9 K	 28.06  
 10 T	 17.61  
 11 S	 16.71  
 12 M	 4.43  
 13 S	 30.17  
 14 S	 24.54  
 15 T	 19.83  
 16 S	 25.76  
 17 S	 21.14  
 18 C	 4.55  
 19 I	 8.90  
 20 E	 62.75  
 21 E	 44.75  
 22 E	 40.54  
 23 H	 48.19  
 24 E	 50.75  
 25 P	 36.57  
 26 V	 10.59  
 27 D	 62.01  
 28 Q	 61.32  
 29 D	 61.89  
 30 E	 50.66  
 31 E	 57.25  
 32 E	 44.94  
 33 M	 4.42  
 34 Y	 27.48  
 35 N	 23.97  
 36 P	 18.01  
 37 S	 42.75  
 38 G	 17.71  
 39 C	 4.03  
 40 T	 21.55  
 41 W	 7.30  
 42 Q	 17.86  
 43 L	 2.65  
 44 L	 2.59  
 45 S	 20.46  
 46 V	 7.72  
 47 S	 18.32  
 48 L	 2.72  
 49 H	 15.16  
 50 R	 40.46  
 51 A	 7.02  
 52 A	 16.25  
 53 N	 39.45  
 54 L	 5.29  
 55 G	 20.67  
 56 F	 7.83  
 57 G	 13.45  
 58 I	 2.62  
 59 A	 7.12  
 60 I	 3.57  
 61 S	 26.60  
 62 G	 29.10  
 63 G	 27.29  
 64 R	 44.02  
 65 D	 76.04  
 66 N	 30.50  
 67 P	 28.40  
 68 H	 44.89  
 69 F	 6.49  
 70 T	 28.85  
 71 S	 40.01  
 72 G	 39.94  
 73 D	 32.37  
 74 P	 25.07  
 75 V	 6.81  
 76 V	 3.73  
 77 V	 3.36  
 78 I	 1.64  
 79 S	 16.85  
 80 D	 34.02  
 81 V	 6.52  
 82 V	 3.51  
 83 P	 39.65  
 84 N	 58.43  
 85 G	 13.77  
 86 P	 31.32  
 87 A	 17.86  
 88 W	 10.91  
 89 G	 20.72  
 90 L	 1.79  
 91 L	 4.75  
 92 Q	 36.69  
 93 V	 8.97  
 94 N	 21.63  
 95 D	 39.89  
 96 R	 26.92  
 97 I	 3.88  
 98 L	 4.05  
 99 S	 23.85  
 100 A	 13.66  
 101 N	 39.14  
 102 Q	 31.76  
 103 V	 7.69  
 104 S	 19.65  
 105 F	 9.77  
 106 E	 50.20  
 107 N	 30.31  
 108 I	 4.07  
 109 E	 51.44  
 110 Y	 12.25  
 111 S	 10.07  
 112 S	 31.26  
 113 A	 9.32  
 114 V	 6.16  
 115 D	 36.29  
 116 I	 3.77  
 117 I	 3.30  
 118 K	 59.27  
 119 N	 44.58  
 120 K	 45.76  
 121 D	 54.06  
 122 H	 21.40  
 123 I	 5.73  
 124 D	 19.82  
 125 M	 3.62  
 126 I	 2.68  
 127 V	 2.95  
 128 K	 24.46  
 129 R	 27.67  
 130 R	 18.28  
 131 V	 7.96  
 132 A	 9.63  
 133 V	 2.34  
 134 P	 16.35  
 135 M	 3.41  
 136 L	 5.33  
 137 E	 40.55  
 138 Y	 17.25  
 139 E	 24.98  
 140 Q	 42.64  
 141 R	 30.04  
 142 T	 33.71  
 143 L	 4.71  
 144 K	 35.37  
 145 F	 10.52  
 146 T	 28.65  
 147 L	 7.36  
 148 S	 26.06  
 149 K	 58.34  
 150 S	 46.05  
 151 R	 54.50  
 152 K	 68.59  
 153 K	 62.51  
 154 D	 60.55  
 155 D	 53.18  
 156 F	 11.74  
 157 G	 20.83  
 158 I	 1.98  
 159 V	 2.87  
 160 V	 7.62  
 161 G	 9.67  
 162 C	 1.54  
 163 K	 34.96  
 164 F	 9.91  
 165 Y	 9.14  
 166 I	 3.48  
 167 K	 35.39  
 168 E	 37.31  
 169 I	 4.36  
 170 R	 55.26  
 171 N	 43.66  
 172 P	 24.16  
 173 K	 64.97  
 174 L	 8.63  
 175 A	 28.11  
 176 E	 69.31  
 177 K	 64.71  
 178 D	 33.72  
 179 P	 62.17  
 180 G	 60.56  
 181 L	 5.78  
 182 K	 66.62  
 183 E	 73.59  
 184 G	 30.79  
 185 D	 36.34  
 186 S	 33.63  
 187 V	 5.05  
 188 L	 5.43  
 189 R	 20.40  
 190 I	 6.25  
 191 N	 35.70  
 192 G	 18.97  
 193 Q	 40.11  
 194 S	 29.77  
 195 L	 5.60  
 196 E	 58.94  
 197 G	 26.26  
 198 A	 11.10  
 199 S	 47.36  
 200 L	 6.88  
 201 E	 58.36  
 202 E	 57.60  
 203 V	 6.97  
 204 N	 32.82  
 205 K	 59.33  
 206 W	 9.76  
 207 L	 4.12  
 208 E	 47.71  
 209 R	 34.52  
 210 S	 35.14  
 211 R	 51.83  
 212 D	 49.91  
 213 K	 39.73  
 214 L	 2.98  
 215 C	 3.34  
 216 L	 5.72  
 217 V	 3.23  
 218 I	 1.47  
 219 Q	 28.21  
 220 R	 33.01  
 221 D	 23.15  
 222 V	 4.97  
 223 R	 35.28  
 224 R	 53.22  
 225 G	 19.92  
 226 T	 17.20  
 227 S	 34.86  
 228 R	 49.52  
 229 W	 9.18  
 230 P	 25.56  
 231 S	 29.15  
 232 Q	 45.60  
 233 N	 35.53  
 234 T	 19.48  
 235 V	 6.48  
 236 Y	 8.93  
 237 E	 36.23  
 238 R	 22.02  
 239 V	 4.47  
 240 G	 23.71  
 241 S	 13.01  
 242 V	 3.27  
 243 A	 13.81  
 244 A	 18.91  
 245 T	 15.89  
 246 P	 27.53  
 247 R	 38.26  
 248 H	 45.31  
 249 S	 28.49  
 250 P	 36.01  
 251 S	 26.42  
 252 P	 31.54  
 253 M	 12.18  
 254 L	 2.75  
 255 P	 18.58  
 256 H	 30.59  
 257 M	 2.13  
 258 P	 24.36  
 259 I	 3.88  
 260 T	 18.66  
 261 Q	 43.19  
 262 R	 37.66  
 263 N	 37.59  
 264 S	 21.64  
 265 H	 33.68  
 266 E	 51.50  
 267 Y	 10.25  
 268 V	 5.35  
 269 N	 45.45  
 270 S	 17.17  
 271 P	 30.78  
 272 R	 37.36  
 273 H	 36.66  
 274 R	 37.41  
 275 S	 39.95  
 276 D	 54.03  
 277 G	 34.53  
 278 S	 26.29  
 279 V	 8.96  
 280 E	 36.15  
 281 R	 41.99  
 282 R	 21.11  
 283 V	 9.23  
 284 S	 28.88  
 285 S	 25.77  
 286 P	 28.14  
 287 A	 30.19  
 288 N	 33.40  
 289 S	 34.31  
 290 Q	 49.03  
 291 L	 4.54  
 292 S	 31.57  
 293 N	 42.89  
 294 F	 8.21  
 295 N	 43.51  
 296 G	 14.64  
 297 M	 3.24  
 298 A	 13.87  
 299 S	 17.55  
 300 S	 18.96  
 301 Q	 34.25  
 302 I	 4.93  
 303 T	 15.69  
 304 T	 22.52  
 305 Q	 38.32  
 306 D	 38.86  
 307 Y	 9.71  
 308 D	 27.51  
 309 C	 2.81  
 310 Y	 11.32  
 311 T	 29.20  
 312 R	 21.67  
 313 Q	 32.30  
 314 P	 28.55  
 315 S	 30.26  
 316 R	 44.29  
 317 S	 29.20  
 318 I	 5.87  
 319 D	 34.92  
 320 A	 17.01  
 321 N	 41.55  
 322 G	 22.95  
 323 V	 3.55  
 324 A	 10.96  
 325 N	 24.69  
 326 I	 1.67  
 327 M	 2.39  
 328 F	 6.39  
 329 R	 21.12  
 330 K	 25.64  
 331 V	 6.31  
 332 R	 40.86  
 333 G	 41.93  
 334 G	 22.47  
 335 G	 34.10  
 336 G	 34.54  
 337 G	 32.72  
 338 G	 30.78  
 339 G	 20.40  
 340 V	 9.93  
 341 G	 26.40  
 342 G	 19.42  
 343 S	 15.12  
 344 V	 10.45  
 345 G	 11.83  
 346 V	 4.07  
 347 R	 14.38  
 348 V	 4.42  
 349 I	 4.02  
 350 G	 29.98  
 351 G	 18.92  
 352 N	 35.25  
 353 E	 45.45  
 354 V	 9.15  
 355 G	 11.05  
 356 I	 3.58  
 357 F	 2.67  
 358 V	 3.20  
 359 S	 13.28  
 360 A	 6.94  
 361 V	 3.34  
 362 A	 12.79  
 363 A	 15.94  
 364 D	 45.47  
 365 S	 20.03  
 366 P	 26.81  
 367 A	 28.77  
 368 S	 25.04  
 369 L	 4.41  
 370 H	 31.92  
 371 G	 20.51  
 372 V	 2.73  
 373 S	 19.58  
 374 C	 6.46  
 375 G	 21.52  
 376 D	 38.48  
 377 R	 22.22  
 378 I	 4.59  
 379 L	 6.65  
 380 E	 31.40  
 381 V	 9.14  
 382 N	 34.04  
 383 G	 27.75  
 384 R	 28.68  
 385 N	 26.38  
 386 M	 3.67  
 387 R	 39.72  
 388 G	 17.87  
 389 V	 3.00  
 390 T	 31.38  
 391 R	 33.20  
 392 E	 33.41  
 393 S	 30.37  
 394 A	 6.58  
 395 V	 6.00  
 396 Q	 26.55  
 397 L	 3.24  
 398 L	 1.67  
 399 L	 9.71  
 400 G	 27.34  
 401 L	 6.63  
 402 D	 39.61  
 403 D	 58.90  
 404 R	 21.42  
 405 V	 8.99  
 406 S	 14.52  
 407 L	 7.10  
 408 R	 30.44  
 409 L	 7.39  
 410 E	 29.12  
 411 H	 30.70  
 412 A	 11.06  
 413 R	 38.21  
 414 Q	 61.60  
 415 D	 45.40  
 416 F	 5.46  
 417 E	 50.16  
 418 H	 17.85  
 419 V	 4.94  
 420 R	 29.72  
 421 A	 13.66  
 422 N	 27.35  
 423 Q	 45.93  
 424 L	 10.50  
 425 G	 20.32  
 426 D	 51.13  
 427 N	 29.80  
 428 F	 6.80  
 429 Y	 11.15  
 430 I	 2.97  
 431 R	 16.82  
 432 S	 21.23  
 433 H	 18.17  
 434 F	 8.53  
 435 S	 33.82  
 436 R	 53.14  
 437 E	 51.77  
 438 K	 65.86  
 439 R	 46.00  
 440 D	 63.04  
 441 K	 55.59  
 442 A	 22.22  
 443 S	 35.44  
 444 P	 34.41  
 445 L	 10.81  
 446 E	 43.80  
 447 L	 9.08  
 448 S	 17.62  
 449 I	 9.46  
 450 N	 43.77  
 451 E	 57.48  
 452 G	 28.91  
 453 D	 33.91  
 454 I	 3.65  
 455 F	 4.51  
 456 H	 23.15  
 457 V	 3.45  
 458 T	 18.07  
 459 D	 40.08  
 460 T	 18.02  
 461 L	 4.12  
 462 F	 10.35  
 463 G	 33.69  
 464 G	 15.19  
 465 T	 16.27  
 466 V	 7.20  
 467 G	 22.49  
 468 L	 2.39  
 469 W	 4.65  
 470 Q	 30.13  
 471 A	 5.90  
 472 A	 6.08  
 473 R	 30.81  
 474 V	 4.69  
 475 Y	 9.40  
 476 S	 25.24  
 477 S	 24.80  
 478 S	 38.97  
 479 E	 65.98  
 480 N	 60.63  
 481 K	 61.68  
 482 G	 56.90  
 483 E	 48.83  
 484 P	 41.61  
 485 V	 7.99  
 486 K	 59.17  
 487 G	 23.87  
 488 V	 5.65  
 489 I	 3.46  
 490 P	 25.19  
 491 N	 32.75  
 492 Q	 34.43  
 493 A	 18.54  
 494 T	 22.44  
 495 A	 15.09  
 496 E	 37.86  
 497 Q	 38.18  
 498 I	 4.44  
 499 A	 11.92  
 500 K	 60.48  
 501 E	 31.34  
 502 W	 8.37  
 503 R	 15.81  
 504 V	 7.04  
 505 Y	 5.52  
 506 V	 5.43  
 507 E	 32.25  
 508 A	 10.14  
 509 K	 36.96  
 510 Q	 62.16  
 511 A	 13.79  
 512 K	 47.33  
 513 S	 51.94  
 514 G	 33.31  
 515 G	 29.96  
 516 S	 31.93  
 517 G	 24.53  
 518 T	 25.07  
 519 L	 3.90  
 520 L	 5.10  
 521 R	 42.74  
 522 R	 48.24  
 523 K	 47.23  
 524 F	 11.06  
 525 E	 46.50  
 526 S	 30.14  
 527 R	 42.99  
 528 R	 56.64  
 529 T	 24.71  
 530 K	 48.46  
 531 S	 49.65  
 532 L	 8.14  
 533 P	 32.82  
 534 K	 65.52  
 535 N	 24.10  
 536 M	 3.94  
 537 I	 3.17  
 538 C	 3.40  
 539 D	 42.08  
 540 P	 24.30  
 541 T	 39.59  
 542 E	 40.84  
 543 L	 9.80  
 544 N	 33.12  
 545 L	 7.82  
 546 P	 34.91  
 547 L	 4.23  
 548 P	 30.75  
 549 A	 26.88  
 550 Y	 11.43  
 551 E	 42.67  
 552 R	 13.31  
 553 V	 4.79  
 554 A	 11.00  
 555 L	 7.20  
 556 N	 39.96  
 557 T	 22.59  
 558 P	 33.64  
 559 S	 31.48  
 560 F	 6.28  
 561 H	 37.16  
 562 R	 24.57  
 563 P	 16.40  
 564 V	 6.19  
 565 V	 3.98  
 566 L	 4.12  
 567 F	 6.82  
 568 G	 16.49  
 569 P	 19.62  
 570 L	 7.37  
 571 A	 14.86  
 572 D	 42.64  
 573 I	 2.78  
 574 A	 11.94  
 575 R	 20.58  
 576 H	 17.39  
 577 Q	 32.39  
 578 L	 4.58  
 579 L	 2.59  
 580 T	 35.84  
 581 Q	 30.21  
 582 F	 5.34  
 583 S	 14.55  
 584 A	 16.47  
 585 R	 34.95  
 586 F	 13.05  
 587 G	 36.42  
 588 S	 23.84  
 589 P	 45.55  
 590 E	 64.26  
 591 S	 44.96  
 592 D	 57.09  
 593 G	 41.36  
 594 G	 19.37  
 595 V	 2.55  
 596 I	 4.08  
 597 R	 26.55  
 598 L	 2.84  
 599 S	 20.61  
 600 S	 35.84  
 601 V	 5.47  
 602 D	 32.08  
 603 H	 15.66  
 604 V	 3.19  
 605 I	 1.79  
 606 A	 11.50  
 607 S	 19.76  
 608 M	 2.25  
 609 K	 31.21  
 610 H	 9.77  
 611 C	 2.44  
 612 V	 5.56  
 613 L	 6.19  
 614 D	 16.52  
 615 I	 3.80  
 616 S	 21.70  
 617 I	 4.71  
 618 E	 41.77  
 619 S	 27.84  
 620 V	 3.00  
 621 E	 57.88  
 622 R	 26.11  
 623 L	 2.87  
 624 Q	 40.76  
 625 L	 3.67  
 626 A	 6.33  
 627 Q	 43.44  
 628 Y	 14.56  
 629 A	 3.85  
 630 P	 18.25  
 631 I	 2.92  
 632 V	 2.13  
 633 V	 4.00  
 634 F	 3.14  
 635 L	 4.19  
 636 D	 25.62  
 637 V	 10.26  
 638 D	 46.59  
 639 G	 35.29  
 640 R	 30.25  
 641 S	 37.65  
 642 K	 44.41  
 643 I	 5.15  
 644 R	 36.71  
 645 E	 51.09  
 646 I	 5.86  
 647 R	 27.85  
 648 K	 68.30  
 649 K	 23.91  
 650 C	 6.19  
 651 N	 66.44  
 652 A	 11.45  
 653 P	 18.24  
 654 H	 35.61  
 655 L	 4.91  
 656 S	 25.68  
 657 S	 39.53  
 658 R	 34.33  
 659 K	 54.73  
 660 L	 7.60  
 661 A	 15.96  
 662 E	 75.90  
 663 N	 49.46  
 664 G	 20.94  
 665 N	 52.57  
 666 Q	 50.72  
 667 I	 8.12  
 668 K	 35.97  
 669 K	 48.45  
 670 H	 23.76  
 671 H	 26.28  
 672 S	 18.62  
 673 H	 26.83  
 674 L	 4.53  
 675 L	 2.47  
 676 S	 29.71  
 677 A	 14.45  
 678 T	 18.93  
 679 I	 3.20  
 680 D	 40.85  
 681 A	 13.65  
 682 T	 19.25  
 683 H	 32.13  
 684 E	 44.66  
 685 T	 31.91  
 686 G	 21.77  
 687 W	 8.72  
 688 F	 4.10  
 689 D	 37.88  
 690 A	 10.07  
 691 L	 4.75  
 692 R	 38.09  
 693 E	 45.66  
 694 L	 4.61  
 695 I	 2.53  
 696 G	 28.25  
 697 H	 17.30  
 698 L	 3.80  
 699 Q	 29.12  
 700 Q	 38.53  
 701 R	 23.77  
 702 R	 28.50  
 703 L	 5.11  
 704 W	 9.85  
 705 M	 2.42  
 706 P	 28.61  
 707 E	 55.47  
 708 F	 11.40  
 709 P	 18.40  
 710 P	 61.38  
 711 N	 55.30  
 712 L	 6.72  
 713 P	 40.10  
 714 L	 11.20  
 715 E	 44.10  
 716 D	 44.01  
 717 V	 3.50  
 718 L	 6.71  
 719 L	 4.11  
 720 F	 5.23  
 721 P	 47.96  
 722 L	 5.51  
 723 P	 35.61  
 724 K	 66.65  
 725 W	 16.93  
 726 D	 49.92  
 727 G	 35.41  
 728 D	 38.28  
 729 V	 7.05  
 730 D	 53.65  
 731 S	 37.23  
 732 L	 6.48  
 733 K	 45.23  
 734 S	 39.18  
 735 E	 48.25  
 736 Y	 13.00  
 737 V	 4.92  
 738 D	 34.18  
 739 Y	 12.27  
 740 Q	 29.38  
 741 D	 46.01  
 742 S	 25.42  
 743 L	 6.82  
 744 P	 39.63  
 745 R	 56.39  
 746 K	 70.13  
 747 G	 51.26  
 748 G	 46.73  
 749 E	 61.19  
 750 K	 63.54  
 751 K	 52.51  
 752 W	 23.06  
 753 D	 48.38  
 754 S	 32.51  
 755 S	 27.44  
 756 P	 32.23  
 757 L	 10.80  
 758 Q	 49.38  
 759 T	 36.60  
 760 P	 22.72  
 761 G	 53.10  
 762 D	 57.52  
 763 L	 6.61  
 764 P	 32.74  
 765 S	 51.85  
 766 E	 40.08  
 767 M	 4.65  
 768 R	 35.33  
 769 E	 42.39  
 770 Y	 10.08  
 771 S	 17.30  
 772 T	 30.23  
 773 M	 1.87  
 774 P	 44.91  
 775 R	 32.46  
 776 P	 31.80  
 777 Q	 48.23  
 778 H	 17.22  
 779 H	 21.22  
 780 Q	 45.20  
 781 L	 6.05  
 782 G	 20.59  
 783 Q	 51.99  
 784 D	 42.22  
 785 F	 11.81  
 786 G	 40.53  
 787 G	 29.89  
 788 N	 38.13  
 789 R	 42.87  
 790 N	 50.79  
 791 R	 34.22  
 792 Q	 55.55  
 793 S	 28.40  
 794 S	 31.96  
 795 N	 49.68  
 796 S	 27.70  
 797 Q	 44.69  
 798 S	 31.01  
 799 T	 19.66  
 800 L	 5.71  
 801 S	 21.64  
 802 T	 25.82  
 803 F	 4.06  
 804 V	 4.75  
 805 T	 16.68  
 806 T	 21.17  
 807 A	 9.69  
 808 S	 32.01  
 809 S	 31.50  
 810 S	 51.35  
 811 N	 53.17  
 812 P	 28.38  
 813 P	 55.56  
 814 R	 35.44  
 815 P	 37.18  
 816 L	 9.80  
 817 L	 6.29  
 818 T	 30.23  
 819 P	 25.96  
 820 T	 45.58  
 821 R	 47.07  
 822 D	 57.59  
 823 E	 44.93  
 824 S	 35.51  
 825 A	 10.86  
 826 S	 39.16  
 827 R	 35.49  
 828 T	 32.31  
 829 T	 36.90  
 830 T	 16.81  
 831 P	 19.47  
 832 H	 34.49  
 833 G	 26.37  
 834 Y	 6.33  
 835 Y	 12.53  
 836 H	 16.30  
 837 V	 2.15  
 838 K	 23.16  
 839 Q	 46.28  
 840 L	 4.73  
 841 L	 6.68  
 842 D	 67.28  
 843 D	 47.57  
 844 D	 39.96  
 845 S	 35.65  
 846 L	 5.99  
 847 Y	 14.32  
 848 Q	 43.08  
 849 D	 21.79  
 850 A	 7.89  
 851 R	 42.49  
 852 L	 6.86  
 853 A	 13.17  
 854 N	 45.88  
 855 E	 37.56  
 856 I	 3.43  
 857 A	 9.46  
 858 N	 31.12  
 859 A	 11.67  
 860 R	 33.80  
 861 L	 8.20  
 862 R	 33.87  
 863 E	 67.89  
 864 E	 44.67  
 865 A	 16.07  
 866 K	 51.89  
 867 L	 12.27  
 868 R	 42.92  
 869 E	 61.67  
 870 E	 56.34  
 871 R	 26.68  
 872 V	 8.61  
 873 N	 40.36  
 874 R	 30.36  
 875 Q	 48.31  
 876 R	 28.94  
 877 S	 34.25  
 878 E	 56.29  
 879 L	 10.86  
 880 S	 23.41  
 881 P	 42.20  
 882 S	 41.37  
 883 N	 37.20  
 884 M	 4.10  
 885 Q	 23.85  
 886 H	 22.85  
 887 R	 27.18  
 888 L	 5.81  
 889 D	 50.84  
 890 N	 50.90  
 891 T	 39.49  
 892 T	 30.86  
 893 P	 25.82  
 894 S	 48.30  
 895 N	 41.53  
 896 F	 13.56  
 897 D	 50.76  
 898 F	 5.11  
 899 S	 37.63  
 900 N	 36.11  
 901 V	 9.55  
 902 Q	 39.70  
 903 P	 31.06  
 904 S	 35.48  
 905 N	 53.11  
 906 S	 47.01  
 907 N	 45.93  
 908 P	 42.64  
 909 V	 7.23  
 910 P	 38.52  
 911 N	 48.05  
 912 G	 26.00  
 913 R	 32.97  
 914 Y	 14.80  
 915 H	 14.99  
 916 P	 29.06  
 917 L	 7.58  
 918 T	 26.10  
 919 P	 31.90  
 920 S	 27.75  
 921 S	 27.55  
 922 M	 5.03  
 923 T	 27.66  
 924 S	 21.41  
 925 S	 21.25  
 926 S	 32.34  
 927 S	 40.08  
 928 G	 29.53  
 929 A	 9.59  
 930 S	 33.42  
 931 R	 28.23  
 932 T	 32.42  
 933 A	 13.75  
 934 G	 31.38  
 935 Q	 44.02  
 936 G	 26.75  
 937 Q	 25.07  
 938 Q	 49.79  
 939 Q	 31.57  
 940 T	 36.47  
 941 A	 15.40  
 942 P	 42.70  
 943 P	 34.76  
 944 P	 61.42  
 945 R	 63.23  
 946 P	 43.23  
 947 P	 46.91  
 948 P	 40.37  
 949 V	 12.57  
 950 N	 50.39  
 951 S	 39.32  
 952 G	 32.60  
 953 N	 38.85  
 954 S	 35.89  
 955 S	 26.40  
 956 P	 35.69  
 957 Y	 21.25  
 958 T	 17.89  
 959 Q	 28.52  
 960 S	 18.09  
 961 Y	 8.29  
 962 I	 4.78  
 963 R	 30.37  
 964 N	 44.10  
 965 K	 41.26  
 966 W	 16.65  
 967 N	 38.02  
 968 N	 48.23  
 969 D	 42.91  
 970 G	 25.56  
 971 A	 8.78  
 972 M	 5.18  
 973 D	 32.36  
 974 A	 9.95  
 975 R	 40.36  
 976 G	 38.67  
 977 A	 13.65  
 978 E	 53.33  
 979 N	 50.95  
 980 Q	 47.06  
 981 T	 40.93  
 982 P	 15.21  
 983 P	 43.03  
 984 V	 9.43  
 985 V	 3.65  
 986 P	 19.09  
 987 A	 21.22  
 988 R	 23.74  
 989 T	 46.14  
 990 N	 36.55  
 991 G	 24.79  
 992 S	 27.87  
 993 A	 22.41  
 994 S	 26.66  
 995 P	 29.29  
 996 A	 23.02  
 997 N	 37.29  
 998 A	 15.45  
 999 S	 16.71  
 1000 I	 3.48  
 1001 S	 18.59  
 1002 L	 5.37  
 1003 T	 18.33  
 1004 V	 4.80  
 1005 S	 27.20  
 1006 N	 39.18  
 1007 V	 3.32  
 1008 P	 34.98  
 1009 T	 45.47  
 1010 G	 17.21  
 1011 S	 22.50  
 1012 S	 24.42  
 1013 I	 5.55  
 1014 A	 16.92  
 1015 S	 31.81  
 1016 K	 51.97  
 1017 S	 31.35  
 1018 P	 50.59  
 1019 T	 28.29  
 1020 P	 37.92  
 1021 R	 58.19  
 1022 L	 11.59  
 1023 D	 58.94  
 1024 E	 71.66  
 1025 N	 47.93  
 1026 E	 61.77  
 1027 N	 70.54  
 1028 G	 30.07  
 1029 Q	 58.65  
 1030 K	 62.32  
 1031 S	 42.21  
 1032 E	 76.18  
 1033 E	 74.81  
 1034 E	 66.29  
 1035 E	 49.94  
 1036 P	 33.50  
 1037 T	 40.23  
 1038 V	 8.15  
 1039 V	 8.11  
 1040 E	 41.72  
 1041 E	 41.60  
 1042 S	 12.89  
 1043 T	 28.85  
 1044 A	 13.37  
 1045 L	 4.64  
 1046 I	 3.06  
 1047 G	 20.05  
 1048 S	 19.49  
 1049 L	 6.12  
 1050 G	 29.98  
 1051 G	 19.57  
 1052 V	 2.07  
 1053 I	 4.76  
 1054 R	 21.82  
 1055 C	 5.47  
 1056 E	 50.07  
 1057 K	 51.46  
 1058 S	 24.66  
 1059 N	 42.21  
 1060 V	 10.66  
 1061 E	 36.26  
 1062 L	 5.39  
 1063 R	 21.24  
 1064 I	 4.24  
 1065 P	 20.43  
 1066 A	 20.06  
 1067 G	 16.50  
 1068 A	 13.98  
 1069 I	 3.35  
 1070 T	 33.26  
 1071 E	 53.41  
 1072 G	 29.53  
 1073 Q	 42.51  
 1074 E	 55.11  
 1075 H	 20.90  
 1076 E	 34.95  
 1077 I	 5.30  
 1078 Y	 7.40  
 1079 V	 4.62  
 1080 K	 20.74  
 1081 V	 2.37  
 1082 C	 2.44  
 1083 R	 54.65  
 1084 E	 63.33  
 1085 G	 22.28  
 1086 D	 40.98  
 1087 S	 49.20  
 1088 S	 30.52  
 1089 P	 36.13  
 1090 I	 8.10  
 1091 D	 52.78  
 1092 R	 40.77  
 1093 S	 41.06  
 1094 K	 62.75  
 1095 G	 34.08  
 1096 E	 39.76  
 1097 T	 41.49  
 1098 L	 3.76  
 1099 L	 6.91  
 1100 S	 21.21  
 1101 P	 29.01  
 1102 L	 3.26  
 1103 V	 3.20  
 1104 M	 2.63  
 1105 C	 5.84  
 1106 G	 10.24  
 1107 P	 21.82  
 1108 Q	 55.95  
 1109 G	 33.69  
 1110 L	 4.90  
 1111 K	 59.30  
 1112 F	 19.96  
 1113 E	 40.40  
 1114 K	 64.48  
 1115 Q	 20.79  
 1116 C	 8.67  
 1117 E	 36.60  
 1118 L	 8.16  
 1119 R	 17.81  
 1120 M	 4.45  
 1121 P	 18.56  
 1122 H	 33.83  
 1123 T	 36.99  
 1124 G	 16.20  
 1125 P	 22.80  
 1126 V	 7.93  
 1127 T	 28.07  
 1128 A	 17.97  
 1129 D	 37.58  
 1130 S	 40.97  
 1131 D	 54.58  
 1132 G	 34.50  
 1133 Q	 37.32  
 1134 W	 13.58  
 1135 S	 9.32  
 1136 F	 10.13  
 1137 S	 24.36  
 1138 L	 5.61  
 1139 K	 53.97  
 1140 T	 45.84  
 1141 G	 29.93  
 1142 E	 70.07  
 1143 G	 40.44  
 1144 G	 33.03  
 1145 E	 65.30  
 1146 W	 10.10  
 1147 K	 28.86  
 1148 H	 21.85  
 1149 M	 5.01  
 1150 E	 42.99  
 1151 I	 4.50  
 1152 E	 29.09  
 1153 Q	 46.47  
 1154 Q	 23.29  
 1155 Q	 50.26  
 1156 A	 9.85  
 1157 T	 30.44  
 1158 N	 29.82  
 1159 A	 17.38  
 1160 N	 46.34  
 1161 L	 5.20  
 1162 D	 36.67  
 1163 Q	 38.11  
 1164 F	 6.53  
 1165 L	 3.81  
 1166 T	 26.06  
 1167 V	 3.34  
 1168 P	 22.11  
 1169 I	 3.98  
 1170 T	 15.91  
 1171 H	 27.43  
 1172 F	 8.84  
