 1 M	 6.18  
 2 T	 45.34  
 3 N	 26.87  
 4 T	 27.52  
 5 R	 48.92  
 6 G	 29.19  
 7 S	 25.07  
 8 N	 38.19  
 9 S	 34.32  
 10 A	 15.15  
 11 T	 25.33  
 12 S	 21.68  
 13 A	 13.42  
 14 S	 35.22  
 15 T	 29.70  
 16 T	 30.31  
 17 N	 32.21  
 18 S	 26.64  
 19 Q	 48.35  
 20 G	 17.85  
 21 V	 2.12  
 22 L	 2.70  
 23 M	 2.81  
 24 V	 11.45  
 25 G	 9.47  
 26 P	 31.51  
 27 N	 43.36  
 28 F	 8.36  
 29 K	 57.63  
 30 V	 13.71  
 31 G	 26.57  
 32 K	 44.18  
 33 K	 38.10  
 34 I	 6.68  
 35 G	 23.35  
 36 C	 4.60  
 37 G	 27.56  
 38 N	 45.91  
 39 F	 4.96  
 40 G	 36.71  
 41 E	 26.95  
 42 L	 5.84  
 43 R	 36.77  
 44 L	 20.95  
 45 G	 15.46  
 46 K	 48.66  
 47 N	 46.06  
 48 L	 5.73  
 49 Y	 25.90  
 50 N	 51.05  
 51 N	 27.48  
 52 E	 35.78  
 53 H	 19.21  
 54 V	 4.86  
 55 A	 8.63  
 56 I	 5.21  
 57 K	 36.74  
 58 L	 7.94  
 59 E	 38.04  
 60 P	 46.03  
 61 M	 5.82  
 62 K	 60.56  
 63 S	 28.00  
 64 K	 59.58  
 65 A	 12.26  
 66 P	 40.79  
 67 Q	 46.50  
 68 L	 4.91  
 69 H	 16.03  
 70 L	 9.34  
 71 E	 24.74  
 72 Y	 16.63  
 73 R	 21.02  
 74 F	 6.54  
 75 Y	 7.54  
 76 K	 34.23  
 77 L	 4.41  
 78 L	 4.12  
 79 G	 34.78  
 80 Q	 35.89  
 81 A	 15.83  
 82 E	 54.07  
 83 G	 45.75  
 84 L	 1.70  
 85 P	 45.03  
 86 Q	 39.40  
 87 V	 3.59  
 88 H	 13.63  
 89 Y	 16.04  
 90 F	 5.48  
 91 G	 14.93  
 92 P	 17.49  
 93 C	 8.21  
 94 G	 38.32  
 95 K	 41.89  
 96 Y	 7.31  
 97 N	 30.22  
 98 A	 9.84  
 99 L	 3.16  
 100 V	 2.32  
 101 M	 2.90  
 102 E	 33.10  
 103 L	 3.61  
 104 L	 3.55  
 105 G	 22.44  
 106 H	 29.22  
 107 S	 31.49  
 108 L	 5.01  
 109 E	 56.54  
 110 D	 58.91  
 111 L	 2.35  
 112 F	 11.88  
 113 D	 54.40  
 114 L	 2.28  
 115 C	 4.68  
 116 D	 55.15  
 117 R	 31.58  
 118 H	 11.91  
 119 F	 10.75  
 120 S	 23.88  
 121 L	 5.43  
 122 K	 39.49  
 123 T	 20.84  
 124 V	 2.86  
 125 A	 7.61  
 126 M	 1.39  
 127 V	 2.64  
 128 A	 2.71  
 129 M	 1.96  
 130 Q	 24.81  
 131 L	 1.80  
 132 I	 1.24  
 133 R	 41.96  
 134 R	 21.06  
 135 I	 3.00  
 136 E	 39.43  
 137 Y	 8.65  
 138 V	 2.76  
 139 H	 28.44  
 140 T	 15.32  
 141 K	 22.87  
 142 H	 20.72  
 143 L	 3.82  
 144 I	 2.37  
 145 Y	 13.71  
 146 R	 34.94  
 147 D	 35.50  
 148 V	 9.13  
 149 K	 51.40  
 150 P	 41.43  
 151 E	 55.70  
 152 N	 45.62  
 153 F	 5.12  
 154 L	 6.47  
 155 I	 2.30  
 156 G	 25.31  
 157 R	 18.42  
 158 Y	 14.80  
 159 S	 22.00  
 160 T	 32.71  
 161 R	 30.60  
 162 K	 44.86  
 163 Q	 28.73  
 164 H	 27.43  
 165 V	 3.74  
 166 L	 1.94  
 167 H	 17.55  
 168 I	 2.56  
 169 I	 2.21  
 170 D	 30.84  
 171 F	 6.43  
 172 G	 22.45  
 173 L	 6.59  
 174 A	 11.74  
 175 K	 56.97  
 176 E	 41.96  
 177 Y	 11.01  
 178 I	 4.45  
 179 D	 24.28  
 180 C	 3.51  
 181 D	 55.54  
 182 T	 55.23  
 183 G	 13.29  
 184 K	 33.65  
 185 H	 15.97  
 186 I	 4.03  
 187 A	 9.32  
 188 Y	 18.87  
 189 R	 30.44  
 190 E	 42.88  
 191 H	 18.92  
 192 K	 42.27  
 193 S	 32.83  
 194 L	 6.46  
 195 T	 39.31  
 196 G	 23.75  
 197 T	 11.61  
 198 A	 11.27  
 199 R	 27.76  
 200 Y	 7.86  
 201 M	 2.43  
 202 S	 12.07  
 203 I	 3.82  
 204 N	 17.71  
 205 T	 19.46  
 206 H	 28.26  
 207 L	 11.17  
 208 G	 24.69  
 209 K	 59.96  
 210 E	 52.57  
 211 Q	 45.80  
 212 S	 30.30  
 213 R	 45.82  
 214 R	 47.22  
 215 D	 64.83  
 216 D	 44.59  
 217 L	 4.93  
 218 E	 49.17  
 219 A	 26.58  
 220 L	 3.36  
 221 G	 19.77  
 222 H	 13.73  
 223 M	 1.64  
 224 F	 2.73  
 225 M	 1.47  
 226 Y	 6.54  
 227 F	 2.23  
 228 L	 3.14  
 229 R	 23.82  
 230 G	 35.36  
 231 S	 25.48  
 232 L	 5.79  
 233 P	 24.04  
 234 W	 15.35  
 235 Q	 45.46  
 236 G	 25.85  
 237 L	 2.18  
 238 K	 51.55  
 239 A	 21.77  
 240 D	 51.49  
 241 T	 44.59  
 242 L	 5.81  
 243 K	 42.09  
 244 E	 60.79  
 245 R	 37.28  
 246 Y	 18.43  
 247 Q	 36.79  
 248 K	 39.46  
 249 I	 3.40  
 250 G	 43.50  
 251 D	 53.15  
 252 T	 23.94  
 253 K	 47.45  
 254 R	 40.97  
 255 Q	 35.05  
 256 T	 36.38  
 257 A	 6.27  
 258 V	 6.24  
 259 E	 27.58  
 260 V	 6.27  
 261 L	 1.07  
 262 C	 6.08  
 263 E	 60.76  
 264 G	 38.09  
 265 F	 3.00  
 266 P	 51.59  
 267 D	 62.48  
 268 E	 43.02  
 269 F	 7.19  
 270 A	 8.61  
 271 Q	 43.01  
 272 Y	 6.96  
 273 L	 1.93  
 274 R	 20.38  
 275 Y	 11.23  
 276 A	 5.45  
 277 R	 30.66  
 278 R	 30.36  
 279 L	 5.85  
 280 D	 44.36  
 281 F	 7.64  
 282 F	 11.59  
 283 E	 60.47  
 284 T	 19.12  
 285 P	 30.85  
 286 D	 64.15  
 287 Y	 16.48  
 288 D	 34.22  
 289 F	 3.76  
 290 C	 1.69  
 291 Y	 18.20  
 292 N	 39.93  
 293 L	 2.00  
 294 F	 5.02  
 295 K	 42.70  
 296 S	 22.15  
 297 V	 7.12  
 298 L	 4.02  
 299 D	 41.42  
 300 R	 30.75  
 301 L	 5.66  
 302 G	 19.43  
 303 A	 13.95  
 304 T	 18.35  
 305 Y	 18.92  
 306 D	 31.93  
 307 Y	 14.21  
 308 E	 33.94  
 309 F	 8.49  
 310 D	 36.08  
 311 W	 21.66  
 312 T	 16.64  
 313 P	 34.58  
 314 K	 57.37  
 315 L	 6.24  
 316 N	 53.64  
 317 N	 39.28  
 318 V	 7.02  
 319 S	 36.40  
 320 T	 19.72  
 321 P	 29.23  
 322 S	 40.89  
 323 G	 35.12  
 324 S	 22.70  
 325 L	 6.11  
 326 H	 29.10  
 327 T	 39.21  
 328 S	 29.17  
 329 E	 64.06  
 330 S	 33.64  
 331 K	 63.59  
 332 D	 61.52  
 333 V	 5.34  
 334 K	 60.77  
 335 R	 41.53  
 336 T	 25.08  
 337 D	 61.70  
 338 R	 39.61  
 339 G	 47.61  
 340 E	 46.44  
 341 L	 8.06  
 342 K	 35.22  
 343 V	 8.84  
 344 S	 16.71  
 345 Q	 37.70  
 346 A	 10.10  
 347 A	 7.67  
 348 A	 11.10  
 349 H	 18.48  
 350 A	 11.15  
 351 Q	 33.11  
 352 F	 9.65  
 353 G	 20.08  
 354 S	 19.56  
 355 T	 27.51  
 356 Q	 35.47  
 357 V	 4.54  
 358 I	 3.17  
 359 N	 30.29  
 360 S	 19.55  
 361 N	 47.69  
 362 A	 18.49  
 363 G	 32.27  
 364 E	 40.77  
 365 V	 6.85  
 366 V	 6.17  
 367 E	 56.27  
 368 E	 43.31  
 369 S	 19.82  
 370 R	 58.32  
 371 N	 52.33  
 372 T	 38.41  
 373 E	 50.67  
 374 G	 30.15  
 375 R	 18.24  
 376 T	 31.54  
 377 A	 14.21  
 378 A	 25.84  
 379 G	 31.97  
 380 D	 47.30  
 381 N	 36.84  
 382 S	 44.45  
 383 S	 45.27  
 384 G	 43.46  
 385 E	 40.53  
 386 V	 7.02  
 387 K	 19.77  
 388 C	 2.70  
 389 C	 1.72  
 390 C	 4.10  
 391 F	 4.20  
 392 R	 19.79  
 393 R	 19.06  
 394 R	 38.20  
 395 R	 50.62  
 396 R	 42.65  
 397 K	 49.20  
 398 H	 30.85  
 399 N	 42.75  
 400 N	 44.93  
 401 A	 21.93  
 402 T	 18.64  
 403 P	 30.79  
 404 A	 20.50  
 405 T	 37.79  
 406 Q	 52.12  
 407 K	 58.93  
