 1 M	 5.48  
 2 F	 16.40  
 3 N	 52.24  
 4 G	 28.58  
 5 D	 54.10  
 6 D	 61.93  
 7 D	 55.05  
 8 F	 6.05  
 9 P	 27.56  
 10 M	 5.58  
 11 G	 21.71  
 12 A	 6.05  
 13 M	 1.94  
 14 H	 21.31  
 15 S	 20.28  
 16 F	 4.84  
 17 G	 27.24  
 18 Q	 24.95  
 19 M	 2.93  
 20 H	 13.56  
 21 Q	 27.76  
 22 Q	 18.18  
 23 M	 1.92  
 24 M	 2.39  
 25 S	 28.50  
 26 D	 17.99  
 27 M	 2.44  
 28 N	 23.28  
 29 M	 1.72  
 30 M	 2.40  
 31 T	 21.58  
 32 G	 11.13  
 33 G	 11.64  
 34 M	 3.17  
 35 L	 3.96  
 36 R	 23.38  
 37 N	 27.65  
 38 M	 2.94  
 39 G	 18.35  
 40 M	 3.79  
 41 G	 31.18  
 42 G	 11.12  
 43 P	 14.81  
 44 M	 5.73  
 45 F	 8.70  
 46 G	 23.29  
 47 G	 10.19  
 48 L	 2.98  
 49 M	 4.75  
 50 V	 5.23  
 51 P	 23.48  
 52 S	 22.81  
 53 P	 26.14  
 54 F	 13.99  
 55 G	 21.32  
 56 A	 11.24  
 57 I	 3.55  
 58 T	 33.50  
 59 D	 43.05  
 60 G	 25.65  
 61 S	 35.92  
 62 G	 35.35  
 63 Q	 54.42  
 64 Q	 41.27  
 65 P	 23.16  
 66 S	 33.80  
 67 R	 44.47  
 68 R	 49.31  
 69 R	 32.96  
 70 Q	 58.79  
 71 E	 44.90  
 72 L	 5.99  
 73 E	 35.84  
 74 M	 13.93  
 75 N	 21.11  
 76 P	 26.01  
 77 F	 13.16  
 78 A	 10.36  
 79 P	 28.88  
 80 F	 12.43  
 81 G	 25.44  
 82 G	 20.36  
 83 L	 4.04  
 84 L	 6.06  
 85 G	 34.03  
 86 G	 22.55  
 87 L	 5.20  
 88 G	 27.58  
 89 G	 17.95  
 90 M	 2.70  
 91 G	 12.24  
 92 M	 1.22  
 93 M	 2.78  
 94 M	 3.15  
 95 P	 17.65  
 96 P	 27.97  
 97 P	 41.70  
 98 G	 44.31  
 99 Q	 54.31  
 100 G	 25.49  
 101 A	 6.96  
 102 N	 29.01  
 103 M	 2.70  
 104 Y	 8.15  
 105 M	 1.87  
 106 S	 11.28  
 107 S	 15.49  
 108 S	 14.49  
 109 V	 4.19  
 110 M	 2.14  
 111 T	 22.19  
 112 I	 3.99  
 113 G	 12.70  
 114 P	 43.24  
 115 D	 72.96  
 116 G	 45.03  
 117 K	 36.71  
 118 P	 51.59  
 119 R	 48.36  
 120 V	 12.05  
 121 E	 37.95  
 122 Q	 41.19  
 123 Q	 28.58  
 124 T	 18.70  
 125 V	 4.38  
 126 R	 28.41  
 127 R	 33.53  
 128 H	 26.66  
 129 G	 29.31  
 130 D	 37.73  
 131 V	 6.53  
 132 T	 42.55  
 133 E	 52.78  
 134 T	 22.08  
 135 K	 31.79  
 136 R	 51.80  
 137 R	 42.41  
 138 V	 16.64  
 139 D	 36.57  
 140 K	 65.09  
 141 N	 55.81  
 142 G	 41.73  
 143 E	 49.38  
 144 S	 32.51  
 145 S	 16.55  
 146 M	 4.75  
 147 S	 27.63  
 148 I	 4.27  
 149 G	 10.94  
 150 H	 17.99  
 151 S	 24.05  
 152 I	 5.73  
 153 G	 27.56  
 154 D	 47.44  
 155 R	 27.15  
 156 S	 27.73  
 157 H	 25.28  
 158 F	 9.01  
 159 I	 6.76  
 160 D	 49.86  
 161 K	 44.91  
 162 K	 56.64  
 163 R	 54.69  
 164 D	 62.96  
 165 R	 58.73  
 166 E	 60.45  
 167 G	 38.53  
 168 N	 26.18  
 169 V	 13.71  
 170 R	 34.76  
 171 K	 46.64  
 172 Q	 29.17  
 173 Q	 51.71  
 174 R	 32.40  
 175 F	 4.99  
 176 Q	 52.33  
 177 N	 46.91  
 178 L	 4.35  
 179 D	 57.89  
 180 E	 47.92  
 181 A	 17.44  
 182 S	 25.29  
 183 A	 21.13  
 184 E	 47.58  
 185 A	 16.03  
 186 F	 7.38  
 187 D	 57.14  
 188 R	 40.17  
 189 E	 52.29  
 190 F	 9.29  
 191 S	 16.69  
 192 S	 39.86  
 193 R	 26.83  
 194 V	 6.06  
 195 R	 24.09  
 196 Q	 46.75  
 197 G	 20.43  
 198 Y	 10.36  
 199 G	 32.15  
 200 S	 25.72  
 201 G	 23.79  
 202 S	 30.59  
 203 R	 47.86  
 204 S	 25.85  
 205 S	 38.48  
 206 N	 44.35  
 207 L	 5.85  
 208 R	 42.97  
 209 E	 58.84  
 210 I	 3.94  
 211 D	 38.09  
 212 N	 59.99  
 213 G	 24.16  
 214 L	 5.87  
 215 S	 27.89  
 216 S	 32.67  
 217 S	 28.47  
 218 R	 45.07  
 219 R	 51.10  
 220 S	 24.38  
 221 P	 30.04  
 222 F	 17.36  
 223 G	 28.55  
 224 G	 22.63  
 225 A	 15.68  
 226 G	 29.30  
 227 A	 13.00  
 228 S	 29.81  
 229 S	 31.62  
 230 S	 25.93  
 231 S	 26.34  
 232 R	 43.86  
 233 R	 34.86  
 234 M	 5.50  
 235 E	 35.16  
 236 S	 27.03  
 237 R	 31.24  
 238 G	 36.86  
 239 A	 8.57  
 240 S	 33.79  
 241 R	 44.77  
 242 G	 32.96  
 243 A	 6.91  
 244 P	 25.14  
 245 I	 3.52  
 246 V	 4.35  
 247 T	 37.00  
 248 L	 3.30  
 249 P	 37.27  
 250 E	 79.67  
 251 E	 60.23  
 252 E	 60.01  
 253 E	 55.35  
 254 T	 32.71  
 255 A	 11.26  
 256 H	 31.03  
 257 S	 31.24  
 258 R	 25.43  
 259 S	 40.77  
 260 S	 32.59  
 261 T	 29.78  
 262 S	 15.96  
 263 H	 28.65  
 264 R	 28.66  
 265 V	 9.70  
 266 G	 31.77  
 267 G	 15.81  
 268 P	 20.77  
 269 L	 6.97  
 270 I	 4.12  
 271 R	 42.76  
 272 E	 43.82  
 273 I	 4.51  
 274 S	 33.91  
 275 E	 66.57  
 276 E	 56.57  
 277 E	 54.15  
 278 A	 19.92  
 279 E	 43.99  
 280 Q	 49.64  
 281 A	 10.79  
 282 A	 11.96  
 283 S	 31.64  
 284 S	 37.88  
 285 I	 4.28  
 286 P	 26.50  
 287 K	 57.79  
 288 R	 28.33  
 289 R	 53.89  
 290 R	 51.83  
 291 G	 28.56  
 292 Q	 43.96  
 293 Q	 59.09  
