 1 M	 4.92  
 2 I	 6.16  
 3 R	 42.96  
 4 R	 39.57  
 5 K	 47.35  
 6 K	 54.48  
 7 S	 32.54  
 8 S	 52.57  
 9 S	 58.28  
 10 G	 35.49  
 11 K	 47.40  
 12 S	 38.61  
 13 S	 52.16  
 14 R	 56.45  
 15 K	 49.09  
 16 K	 65.61  
 17 R	 58.09  
 18 G	 48.28  
 19 E	 52.02  
 20 S	 38.65  
 21 S	 35.71  
 22 S	 39.30  
 23 P	 31.69  
 24 T	 38.46  
 25 R	 29.68  
 26 R	 50.19  
 27 R	 45.75  
 28 G	 28.24  
 29 S	 21.89  
 30 D	 58.94  
 31 A	 9.18  
 32 C	 10.62  
 33 N	 54.56  
 34 P	 45.78  
 35 P	 27.36  
 36 P	 51.07  
 37 E	 61.28  
 38 F	 11.63  
 39 A	 10.48  
 40 P	 28.05  
 41 Y	 24.57  
 42 D	 33.50  
 43 Y	 12.65  
 44 D	 37.97  
 45 T	 23.94  
 46 L	 4.42  
 47 S	 20.25  
 48 P	 24.82  
 49 Y	 18.89  
 50 A	 8.37  
 51 M	 2.31  
 52 K	 28.39  
 53 C	 2.81  
 54 L	 6.11  
 55 K	 67.03  
 56 G	 13.42  
 57 Q	 31.21  
 58 H	 40.68  
 59 Y	 6.44  
 60 P	 22.90  
 61 F	 10.34  
 62 L	 3.16  
 63 S	 34.97  
 64 N	 52.09  
 65 G	 21.36  
 66 F	 3.58  
 67 I	 2.32  
 68 H	 21.38  
 69 L	 3.43  
 70 V	 1.72  
 71 H	 40.04  
 72 E	 40.60  
 73 L	 2.84  
 74 E	 29.11  
 75 A	 15.77  
 76 M	 1.59  
 77 L	 5.40  
 78 A	 8.61  
 79 A	 13.92  
 80 N	 38.24  
 81 N	 41.04  
 82 F	 10.10  
 83 T	 25.73  
 84 K	 42.60  
 85 D	 35.07  
 86 Y	 7.16  
 87 M	 5.76  
 88 A	 13.26  
 89 G	 18.93  
 90 E	 19.85  
 91 I	 3.30  
 92 Q	 27.41  
 93 Y	 13.94  
 94 M	 1.79  
 95 N	 41.11  
 96 E	 33.86  
 97 G	 23.53  
 98 F	 5.57  
 99 Y	 19.63  
 100 P	 34.88  
 101 T	 20.32  
 102 P	 39.32  
 103 D	 55.84  
 104 L	 8.10  
 105 N	 30.45  
 106 T	 32.26  
 107 R	 28.10  
 108 L	 4.87  
 109 M	 1.62  
 110 P	 29.27  
 111 F	 7.06  
 112 Y	 13.72  
 113 D	 41.41  
 114 S	 30.84  
 115 R	 56.99  
 116 E	 64.32  
 117 K	 51.92  
 118 E	 57.97  
 119 R	 58.01  
 120 T	 32.38  
 121 P	 37.93  
 122 T	 35.55  
 123 P	 27.66  
 124 L	 13.11  
 125 D	 34.79  
 126 C	 5.36  
 127 S	 37.17  
 128 E	 49.48  
 129 A	 7.65  
 130 H	 19.98  
 131 V	 7.69  
 132 S	 14.05  
 133 H	 33.87  
 134 S	 20.13  
 135 S	 32.39  
 136 N	 48.51  
 137 A	 12.57  
 138 H	 46.66  
 139 N	 52.54  
 140 D	 45.33  
 141 E	 63.89  
 142 D	 64.72  
 143 T	 48.37  
 144 G	 47.83  
 145 K	 60.50  
 146 E	 62.53  
 147 N	 47.63  
 148 E	 35.85  
 149 I	 2.79  
 150 C	 2.32  
 151 L	 12.57  
 152 L	 4.32  
 153 P	 30.08  
 154 E	 69.16  
 155 E	 58.32  
 156 Q	 62.89  
 157 D	 65.63  
 158 D	 62.00  
 159 E	 75.46  
 160 D	 64.25  
 161 D	 56.50  
 162 N	 59.60  
 163 F	 10.98  
 164 D	 61.85  
 165 E	 49.64  
 166 Y	 8.59  
 167 P	 25.05  
 168 A	 13.23  
 169 Y	 7.79  
 170 H	 17.40  
 171 V	 5.65  
 172 G	 9.62  
 173 T	 22.92  
 174 R	 21.12  
 175 F	 7.37  
 176 W	 5.91  
 177 T	 16.39  
 178 W	 3.15  
 179 C	 2.84  
 180 R	 29.25  
 181 K	 44.93  
 182 S	 10.91  
 183 F	 9.32  
 184 M	 7.44  
 185 G	 23.04  
 186 K	 26.14  
 187 I	 6.00  
 188 D	 37.63  
 189 T	 25.37  
 190 Q	 36.86  
 191 F	 11.42  
 192 L	 4.42  
 193 E	 63.78  
 194 E	 65.25  
 195 F	 6.67  
 196 K	 50.22  
 197 E	 43.58  
 198 I	 3.72  
 199 V	 5.34  
 200 L	 7.25  
 201 D	 29.24  
 202 P	 26.77  
 203 Y	 28.55  
 204 S	 34.07  
 205 D	 39.07  
 206 E	 45.39  
 207 A	 21.93  
 208 L	 4.20  
 209 Q	 45.51  
 210 K	 41.32  
 211 Y	 10.37  
 212 F	 6.48  
 213 V	 7.81  
 214 N	 39.45  
 215 E	 47.43  
 216 P	 27.88  
 217 W	 12.25  
 218 K	 45.98  
 219 Y	 19.94  
 220 R	 20.46  
 221 K	 50.23  
 222 R	 43.24  
 223 A	 24.80  
 224 P	 39.17  
 225 P	 35.78  
 226 P	 41.63  
 227 A	 22.80  
 228 S	 38.09  
 229 R	 52.75  
 230 R	 30.35  
 231 K	 59.18  
 232 S	 25.66  
 233 L	 10.20  
 234 N	 34.41  
 235 T	 39.63  
 236 S	 20.82  
 237 L	 10.36  
 238 N	 60.19  
 239 G	 35.50  
 240 K	 57.90  
 241 N	 61.53  
 242 S	 37.02  
 243 K	 67.59  
 244 K	 40.82  
 245 V	 7.64  
 246 S	 29.22  
 247 I	 6.00  
 248 S	 21.30  
 249 N	 45.98  
 250 E	 34.14  
 251 V	 6.50  
 252 I	 3.13  
 253 S	 22.75  
 254 P	 31.92  
 255 T	 26.55  
 256 T	 34.73  
 257 N	 52.93  
 258 G	 22.03  
 259 T	 24.42  
 260 R	 32.02  
 261 S	 42.32  
 262 A	 12.48  
 263 P	 39.28  
 264 R	 47.06  
 265 K	 41.07  
 266 A	 15.85  
 267 S	 23.06  
 268 L	 5.25  
 269 A	 15.52  
 270 G	 19.97  
 271 Y	 10.36  
 272 R	 36.65  
 273 I	 2.39  
 274 P	 21.19  
 275 N	 53.85  
 276 R	 33.53  
 277 R	 58.63  
 278 N	 51.81  
 279 S	 44.18  
 280 E	 69.67  
 281 K	 70.65  
 282 D	 45.72  
 283 K	 66.75  
 284 D	 69.71  
 285 L	 7.32  
 286 T	 46.14  
 287 N	 57.43  
 288 N	 48.49  
 289 N	 53.92  
 290 N	 37.04  
 291 K	 42.37  
 292 I	 4.28  
 293 M	 1.76  
 294 P	 20.65  
 295 I	 2.85  
 296 I	 2.49  
 297 G	 15.48  
 298 S	 8.48  
 299 M	 1.94  
 300 V	 4.04  
 301 Y	 4.68  
 302 T	 17.73  
 303 A	 5.68  
 304 C	 2.37  
 305 K	 62.71  
 306 E	 58.67  
 307 Y	 10.40  
 308 K	 62.18  
 309 D	 69.70  
 310 G	 22.81  
 311 K	 56.18  
 312 S	 44.90  
 313 I	 4.00  
 314 P	 46.65  
 315 D	 64.74  
 316 T	 19.72  
 317 P	 38.87  
 318 T	 34.72  
 319 T	 25.86  
 320 R	 32.99  
 321 R	 47.90  
 322 S	 47.48  
 323 G	 30.10  
 324 K	 35.81  
 325 S	 29.00  
 326 R	 28.45  
 327 M	 3.94  
 328 M	 6.17  
 329 S	 16.37  
 330 P	 23.87  
 331 E	 59.65  
 332 F	 15.61  
 333 T	 36.31  
 334 K	 73.23  
 335 E	 55.48  
 336 K	 55.50  
 337 K	 40.28  
 338 C	 6.30  
 339 A	 28.48  
 340 K	 57.00  
 341 L	 3.57  
 342 E	 37.80  
 343 I	 13.23  
 344 D	 34.74  
 345 T	 47.26  
 346 E	 48.67  
 347 S	 53.06  
 348 E	 54.13  
 349 D	 72.02  
 350 E	 33.40  
 351 I	 10.48  
 352 E	 40.64  
 353 Y	 17.07  
 354 S	 24.44  
 355 N	 51.82  
 356 G	 20.10  
 357 H	 25.36  
 358 S	 19.11  
 359 H	 26.90  
 360 R	 53.77  
 361 G	 25.24  
 362 T	 24.40  
 363 S	 19.11  
 364 S	 38.40  
 365 R	 35.87  
 366 L	 5.18  
 367 H	 34.35  
 368 S	 26.77  
 369 P	 21.70  
 370 R	 57.87  
 371 Q	 55.56  
 372 V	 11.46  
 373 K	 40.35  
 374 K	 52.26  
 375 E	 47.74  
 376 R	 42.59  
 377 M	 8.81  
 378 D	 52.38  
 379 D	 51.54  
 380 E	 51.86  
 381 Y	 28.04  
 382 E	 34.02  
 383 K	 42.27  
 384 M	 2.04  
 385 A	 29.89  
 386 N	 45.25  
 387 G	 16.71  
 388 H	 17.64  
 389 S	 28.57  
 390 S	 33.27  
 391 L	 4.90  
 392 T	 31.69  
 393 N	 58.68  
 394 G	 14.72  
 395 V	 9.34  
 396 N	 43.81  
 397 G	 24.84  
 398 H	 22.57  
 399 S	 40.48  
 400 K	 64.33  
 401 G	 33.46  
 402 P	 33.18  
 403 T	 67.35  
 404 S	 31.40  
 405 P	 42.84  
 406 K	 75.63  
 407 R	 40.84  
 408 K	 71.99  
 409 N	 58.36  
 410 G	 34.46  
 411 D	 42.39  
 412 I	 3.14  
 413 R	 30.00  
 414 S	 30.75  
 415 Y	 7.54  
 416 F	 4.17  
 417 S	 24.01  
 418 A	 20.30  
 419 T	 30.55  
 420 P	 40.11  
 421 K	 42.82  
 422 P	 35.72  
 423 A	 24.57  
 424 T	 42.55  
 425 T	 21.83  
 426 T	 30.18  
 427 N	 35.48  
 428 T	 27.39  
 429 R	 39.73  
 430 K	 55.09  
 431 L	 7.56  
 432 S	 31.86  
 433 E	 75.85  
 434 N	 56.78  
 435 G	 28.49  
 436 S	 43.61  
 437 E	 65.49  
 438 D	 43.79  
 439 I	 4.25  
 440 E	 58.31  
 441 M	 3.83  
 442 P	 18.96  
 443 S	 50.32  
 444 D	 42.29  
 445 I	 6.85  
 446 E	 58.58  
 447 D	 47.24  
 448 F	 6.80  
 449 D	 60.52  
 450 A	 11.16  
 451 K	 45.51  
 452 A	 16.78  
 453 V	 7.63  
 454 G	 18.96  
 455 S	 16.54  
 456 R	 22.82  
 457 I	 3.65  
 458 V	 3.60  
 459 A	 9.89  
 460 K	 29.54  
 461 L	 2.04  
 462 I	 3.10  
 463 A	 22.16  
 464 G	 19.38  
 465 G	 14.83  
 466 I	 5.02  
 467 L	 4.33  
 468 P	 37.20  
 469 D	 52.35  
 470 S	 27.73  
 471 S	 31.11  
 472 A	 12.07  
 473 H	 27.50  
 474 I	 3.98  
 475 F	 3.71  
 476 E	 38.55  
 477 Q	 29.49  
 478 M	 3.08  
 479 T	 32.21  
 480 Q	 31.43  
 481 E	 53.25  
 482 N	 35.36  
 483 Y	 18.04  
 484 E	 71.65  
 485 D	 51.73  
 486 G	 20.32  
 487 N	 40.80  
 488 S	 31.74  
 489 A	 26.80  
 490 G	 17.46  
 491 V	 7.03  
 492 S	 22.92  
 493 T	 36.38  
 494 K	 28.79  
 495 V	 8.27  
 496 E	 38.25  
 497 M	 7.37  
 498 S	 20.99  
 499 E	 70.25  
 500 E	 65.32  
 501 G	 34.34  
 502 K	 56.57  
 503 D	 71.81  
 504 D	 56.17  
 505 A	 32.19  
 506 E	 68.19  
 507 D	 53.81  
 508 Q	 35.39  
 509 E	 66.34  
 510 I	 4.28  
 511 G	 24.10  
 512 E	 50.93  
 513 L	 6.48  
 514 A	 12.15  
 515 E	 72.38  
 516 E	 50.47  
 517 L	 2.85  
 518 Q	 52.44  
 519 N	 44.88  
 520 L	 3.09  
 521 Q	 26.68  
 522 M	 7.75  
 523 N	 34.69  
 524 L	 6.57  
 525 K	 46.77  
 526 E	 57.05  
 527 E	 32.32  
 528 M	 4.63  
 529 A	 20.68  
 530 A	 12.34  
 531 K	 32.96  
 532 N	 36.83  
 533 A	 11.06  
 534 L	 3.47  
 535 F	 3.33  
 536 M	 3.20  
 537 L	 3.05  
 538 T	 12.72  
 539 W	 5.47  
 540 R	 24.36  
 541 R	 31.81  
 542 A	 12.57  
 543 K	 40.35  
 544 A	 11.31  
 545 H	 17.54  
 546 F	 8.29  
 547 A	 9.05  
 548 F	 4.51  
 549 F	 4.81  
 550 H	 24.09  
 551 T	 24.01  
 552 F	 5.12  
 553 N	 55.64  
 554 E	 52.02  
 555 L	 4.87  
 556 K	 48.43  
 557 R	 56.70  
 558 G	 35.92  
 559 D	 37.49  
 560 Y	 19.85  
 561 D	 50.82  
 562 L	 3.12  
 563 F	 5.84  
 564 K	 52.18  
 565 L	 7.89  
 566 G	 14.89  
 567 V	 5.58  
 568 N	 21.70  
 569 M	 2.42  
 570 Y	 11.22  
 571 R	 28.46  
 572 D	 45.96  
 573 F	 4.23  
 574 P	 43.96  
 575 N	 54.43  
 576 R	 41.97  
 577 K	 66.72  
 578 L	 4.19  
 579 P	 40.90  
 580 G	 46.63  
 581 I	 2.96  
 582 S	 34.30  
 583 E	 37.64  
 584 T	 15.33  
 585 I	 3.58  
 586 L	 7.32  
 587 L	 4.08  
 588 K	 27.92  
 589 H	 31.84  
 590 S	 28.43  
 591 L	 8.17  
 592 R	 38.61  
 593 K	 63.95  
 594 R	 29.39  
 595 N	 37.24  
 596 H	 25.54  
 597 L	 3.84  
 598 A	 13.53  
 599 R	 28.53  
 600 T	 21.40  
 601 H	 21.22  
 602 Y	 14.90  
 603 S	 11.89  
 604 K	 32.55  
 605 M	 2.30  
 606 Y	 14.29  
 607 R	 27.25  
 608 R	 32.73  
 609 H	 22.39  
 610 P	 35.35  
 611 K	 41.24  
 612 F	 13.91  
 613 R	 34.12  
 614 W	 8.26  
 615 H	 22.49  
 616 R	 26.53  
 617 D	 34.48  
 618 H	 33.40  
 619 L	 3.49  
 620 P	 29.28  
 621 A	 30.41  
 622 G	 19.91  
 623 R	 34.19  
 624 R	 30.16  
 625 I	 5.17  
 626 D	 44.40  
 627 A	 20.95  
