 1 M	 9.21  
 2 S	 39.01  
 3 K	 50.13  
 4 I	 2.49  
 5 P	 29.27  
 6 V	 9.85  
 7 F	 6.60  
 8 K	 54.61  
 9 G	 27.18  
 10 S	 30.05  
 11 F	 11.22  
 12 K	 42.28  
 13 S	 25.88  
 14 W	 10.83  
 15 L	 6.67  
 16 A	 11.44  
 17 K	 63.86  
 18 N	 58.00  
 19 D	 65.67  
 20 E	 71.04  
 21 K	 53.81  
 22 P	 42.76  
 23 A	 28.02  
 24 K	 50.01  
 25 S	 21.80  
 26 V	 7.53  
 27 L	 6.06  
 28 L	 11.25  
 29 E	 35.27  
 30 P	 38.66  
 31 K	 43.47  
 32 Y	 31.80  
 33 R	 42.80  
 34 D	 44.39  
 35 H	 23.23  
 36 H	 42.19  
 37 E	 48.98  
 38 K	 39.01  
 39 I	 4.24  
 40 S	 29.26  
 41 F	 13.05  
 42 R	 46.66  
 43 N	 54.72  
 44 K	 46.32  
 45 E	 66.41  
 46 N	 44.79  
 47 M	 5.35  
 48 E	 74.55  
 49 E	 62.98  
 50 G	 34.62  
 51 E	 58.42  
 52 K	 58.29  
 53 P	 22.07  
 54 V	 12.55  
 55 F	 4.58  
 56 V	 3.78  
 57 S	 10.74  
 58 M	 3.34  
 59 A	 19.62  
 60 N	 27.39  
 61 P	 31.80  
 62 Q	 52.37  
 63 P	 34.38  
 64 T	 41.25  
 65 R	 41.28  
 66 E	 68.38  
 67 D	 47.50  
 68 Y	 9.50  
 69 E	 58.02  
 70 R	 37.66  
 71 Y	 16.25  
 72 D	 58.50  
 73 E	 44.47  
 74 D	 37.79  
 75 R	 43.73  
 76 R	 59.41  
 77 L	 9.78  
 78 K	 56.20  
 79 D	 55.21  
 80 K	 43.67  
 81 A	 21.98  
 82 R	 49.60  
 83 D	 45.20  
 84 L	 3.39  
 85 R	 25.47  
 86 I	 4.55  
 87 A	 7.78  
 88 R	 35.40  
 89 R	 32.86  
 90 R	 35.58  
 91 N	 33.90  
 92 S	 31.54  
 93 A	 30.62  
 94 T	 22.83  
 95 P	 34.57  
 96 E	 58.38  
 97 A	 28.13  
 98 S	 24.53  
 99 P	 44.92  
 100 S	 44.01  
 101 S	 31.92  
 102 D	 52.08  
 103 Q	 36.87  
 104 Y	 17.89  
 105 F	 8.36  
 106 T	 23.08  
 107 P	 35.36  
 108 E	 50.49  
 109 P	 42.04  
 110 A	 34.91  
 111 D	 67.69  
 112 D	 54.03  
 113 E	 42.43  
 114 F	 10.76  
 115 V	 7.87  
 116 T	 19.49  
 117 P	 30.24  
 118 S	 35.63  
 119 T	 45.85  
 120 S	 42.28  
 121 K	 57.44  
 122 K	 58.86  
 123 S	 47.36  
 124 Q	 69.52  
 125 K	 49.87  
 126 P	 33.48  
 127 R	 56.69  
 128 S	 40.89  
 129 S	 32.32  
 130 D	 56.56  
 131 A	 18.76  
 132 T	 29.25  
 133 P	 26.22  
 134 V	 9.78  
 135 S	 33.57  
 136 S	 49.79  
 137 K	 52.08  
 138 P	 22.13  
 139 P	 41.08  
 140 R	 54.90  
 141 Y	 27.17  
 142 L	 2.15  
 143 P	 29.21  
 144 R	 46.51  
 145 T	 27.00  
 146 P	 34.86  
 147 L	 9.71  
 148 S	 24.69  
 149 E	 56.12  
 150 Q	 43.35  
 151 Y	 9.14  
 152 T	 16.80  
 153 S	 14.23  
 154 C	 2.85  
 155 L	 5.78  
 156 S	 33.89  
 157 R	 29.41  
 158 K	 47.49  
 159 M	 8.31  
 160 E	 53.47  
 161 E	 61.14  
 162 N	 27.21  
 163 F	 5.76  
 164 S	 38.12  
 165 R	 27.02  
 166 M	 3.35  
 167 Q	 39.29  
 168 E	 30.84  
 169 L	 1.76  
 170 M	 1.95  
 171 I	 7.54  
 172 S	 19.25  
 173 G	 17.86  
 174 H	 31.22  
 175 S	 31.32  
 176 P	 24.54  
 177 H	 44.34  
 178 E	 49.26  
 179 A	 16.14  
 180 R	 26.59  
 181 Q	 52.39  
 182 Q	 34.71  
 183 T	 19.11  
 184 I	 3.58  
 185 Q	 48.16  
 186 E	 53.00  
 187 S	 23.85  
 188 S	 28.71  
 189 E	 69.35  
 190 Q	 53.74  
 191 L	 9.56  
 192 E	 32.22  
 193 P	 50.55  
 194 R	 37.35  
 195 A	 22.76  
 196 K	 45.48  
 197 V	 5.40  
 198 T	 24.91  
 199 R	 37.21  
 200 S	 25.60  
 201 S	 29.69  
 202 S	 48.21  
 203 Q	 57.37  
 204 P	 38.28  
 205 P	 30.73  
 206 P	 43.71  
 207 I	 8.56  
 208 D	 52.33  
 209 T	 37.08  
 210 L	 6.79  
 211 K	 32.63  
 212 P	 45.68  
 213 R	 49.86  
 214 V	 5.18  
 215 P	 32.58  
 216 R	 42.31  
 217 I	 5.14  
 218 E	 47.81  
 219 S	 22.59  
 220 P	 28.51  
 221 L	 14.19  
 222 V	 7.30  
 223 K	 52.68  
 224 K	 53.88  
 225 T	 24.93  
 226 T	 46.90  
 227 E	 58.79  
 228 T	 23.17  
 229 P	 16.32  
 230 I	 6.42  
 231 R	 36.71  
 232 R	 28.83  
 233 T	 17.98  
 234 S	 22.73  
 235 Y	 11.18  
 236 V	 4.55  
 237 D	 26.53  
 238 T	 17.06  
 239 L	 1.82  
 240 V	 6.66  
 241 A	 11.50  
 242 T	 13.56  
 243 H	 17.01  
 244 Q	 22.29  
 245 I	 3.24  
 246 Q	 18.88  
 247 L	 5.73  
 248 Q	 21.22  
 249 Y	 22.56  
 250 S	 13.14  
 251 D	 42.32  
 252 R	 19.72  
 253 V	 4.99  
 254 V	 3.02  
 255 V	 6.95  
 256 G	 12.17  
 257 V	 3.56  
 258 E	 31.13  
 259 R	 29.21  
 260 Q	 30.32  
 261 M	 4.46  
 262 T	 24.92  
 263 K	 44.93  
 264 L	 4.61  
 265 E	 52.56  
 266 S	 49.66  
 267 I	 2.21  
 268 K	 56.01  
 269 N	 32.99  
 270 L	 2.66  
 271 A	 17.58  
 272 A	 14.40  
 273 A	 13.32  
 274 N	 39.99  
 275 R	 38.80  
 276 S	 21.91  
 277 P	 20.83  
 278 I	 5.00  
 279 I	 4.48  
 280 A	 14.86  
 281 E	 48.34  
 282 E	 57.68  
 283 A	 17.74  
 284 K	 50.52  
 285 K	 64.73  
 286 R	 46.05  
 287 R	 54.97  
 288 N	 57.79  
 289 E	 46.18  
 290 A	 17.38  
 291 E	 41.33  
 292 A	 17.29  
 293 V	 4.11  
 294 R	 34.80  
 295 K	 47.41  
 296 L	 2.57  
 297 I	 6.64  
 298 E	 44.75  
 299 V	 8.38  
 300 E	 31.70  
 301 T	 32.09  
 302 Q	 34.08  
 303 N	 62.23  
 304 A	 14.66  
 305 K	 50.79  
 306 K	 43.08  
 307 R	 33.12  
 308 A	 16.19  
 309 V	 5.57  
 310 I	 2.28  
 311 Q	 43.29  
 312 E	 46.81  
 313 L	 3.91  
 314 K	 44.18  
 315 D	 66.45  
 316 R	 37.10  
 317 I	 8.64  
 318 D	 40.58  
 319 K	 51.57  
 320 L	 3.68  
 321 T	 27.83  
 322 Q	 37.23  
 323 A	 10.91  
 324 Q	 22.93  
 325 L	 5.61  
 326 A	 5.78  
 327 I	 2.64  
 328 H	 14.87  
 329 Q	 37.13  
 330 L	 2.20  
 331 V	 4.10  
 332 S	 31.67  
 333 S	 34.10  
 334 Q	 35.24  
 335 P	 27.58  
 336 F	 11.20  
 337 S	 49.31  
 338 G	 40.05  
 339 D	 41.11  
 340 P	 33.24  
 341 Y	 28.77  
 342 N	 26.36  
 343 Q	 31.39  
 344 R	 31.86  
 345 L	 3.16  
 346 L	 4.38  
 347 R	 35.84  
 348 S	 33.97  
 349 I	 3.72  
 350 D	 43.94  
 351 N	 28.84  
 352 W	 3.04  
 353 M	 3.26  
 354 A	 12.05  
 355 L	 2.08  
 356 P	 19.40  
 357 F	 14.04  
 358 R	 41.55  
 359 E	 48.31  
 360 F	 9.75  
 361 D	 27.60  
 362 I	 4.81  
 363 Q	 30.83  
 364 T	 28.19  
 365 A	 6.78  
 366 R	 32.99  
 367 E	 45.73  
 368 M	 2.69  
 369 L	 4.12  
 370 E	 38.79  
 371 L	 5.00  
 372 A	 10.32  
 373 R	 52.83  
 374 K	 38.65  
 375 M	 2.94  
 376 K	 39.47  
 377 I	 3.50  
 378 T	 18.16  
 379 I	 4.39  
 380 D	 26.65  
 381 H	 21.51  
 382 F	 5.58  
 383 R	 33.04  
 384 N	 27.17  
 385 V	 3.62  
 386 A	 14.16  
 387 T	 20.86  
 388 L	 2.29  
 389 H	 23.63  
 390 R	 52.83  
 391 N	 42.94  
 392 S	 24.47  
 393 K	 63.61  
 394 S	 30.60  
 395 L	 7.69  
 396 N	 38.29  
 397 R	 48.06  
 398 S	 25.54  
 399 L	 7.97  
 400 N	 36.94  
 401 T	 34.89  
 402 S	 36.32  
 403 R	 34.40  
 404 K	 46.08  
 405 S	 18.05  
 406 I	 5.99  
 407 A	 12.02  
 408 V	 6.44  
 409 K	 27.95  
 410 I	 8.03  
 411 N	 25.36  
 412 P	 38.54  
 413 S	 26.65  
 414 S	 39.69  
 415 Q	 49.09  
 416 L	 7.25  
 417 N	 30.15  
 418 Q	 53.80  
 419 Q	 44.18  
 420 S	 23.26  
 421 S	 28.09  
 422 S	 36.19  
 423 D	 49.01  
 424 A	 24.66  
 425 A	 23.32  
 426 P	 42.95  
 427 P	 28.95  
 428 P	 39.43  
 429 S	 35.92  
 430 M	 5.75  
 431 R	 40.44  
 432 E	 38.03  
 433 A	 13.91  
 434 S	 17.89  
 435 T	 29.43  
 436 Q	 30.57  
 437 M	 3.58  
 438 T	 10.81  
 439 S	 21.69  
 440 R	 28.84  
 441 L	 6.59  
 442 A	 13.95  
 443 E	 43.55  
 444 S	 20.10  
 445 A	 9.13  
 446 M	 3.87  
 447 T	 28.54  
 448 Q	 27.22  
 449 T	 31.37  
 450 S	 13.44  
 451 P	 32.72  
 452 R	 42.49  
 453 R	 33.14  
 454 I	 8.38  
 455 G	 18.87  
 456 V	 6.78  
 457 E	 34.63  
 458 P	 28.86  
 459 L	 7.00  
 460 D	 55.80  
 461 L	 4.65  
 462 S	 20.60  
 463 Q	 58.31  
 464 L	 6.32  
 465 L	 6.80  
 466 E	 61.94  
 467 K	 48.32  
 468 H	 29.99  
 469 N	 55.44  
 470 S	 30.96  
 471 S	 31.61  
 472 S	 31.22  
 473 Q	 51.87  
 474 T	 43.12  
 475 T	 20.25  
 476 P	 24.07  
 477 P	 40.47  
 478 V	 8.84  
 479 V	 9.43  
 480 E	 29.90  
 481 P	 18.14  
 482 V	 5.11  
 483 L	 5.01  
 484 A	 18.51  
 485 E	 32.61  
 486 V	 5.67  
 487 S	 20.58  
 488 A	 37.35  
 489 E	 34.16  
 490 P	 34.89  
 491 Q	 63.12  
 492 R	 48.48  
 493 P	 23.59  
 494 P	 33.63  
 495 V	 10.48  
 496 T	 20.91  
 497 L	 3.16  
 498 S	 12.53  
 499 M	 4.10  
 500 T	 25.16  
 501 A	 8.21  
 502 P	 16.07  
 503 V	 7.96  
 504 S	 17.03  
 505 T	 25.17  
 506 I	 2.42  
 507 A	 16.11  
 508 E	 46.25  
 509 F	 6.61  
 510 D	 25.33  
 511 S	 30.41  
 512 M	 4.40  
 513 L	 5.42  
 514 N	 28.76  
 515 S	 15.03  
 516 I	 5.03  
 517 S	 24.32  
 518 L	 4.85  
 519 H	 29.26  
 520 N	 45.93  
 521 E	 46.05  
 522 S	 36.50  
 523 L	 5.36  
 524 E	 50.98  
 525 T	 30.24  
 526 V	 4.08  
 527 A	 26.60  
 528 E	 42.41  
 529 P	 23.83  
 530 F	 5.09  
 531 S	 47.63  
 532 R	 40.35  
 533 L	 7.30  
 534 K	 42.94  
 535 T	 43.06  
 536 D	 32.71  
 537 I	 5.75  
 538 S	 33.64  
 539 F	 5.91  
 540 P	 23.46  
 541 S	 42.97  
 542 T	 31.98  
 543 V	 8.00  
 544 E	 50.11  
 545 E	 54.36  
 546 T	 28.70  
 547 T	 21.71  
 548 P	 35.54  
 549 R	 50.04  
 550 S	 31.96  
 551 G	 34.98  
 552 R	 18.98  
 553 V	 8.32  
 554 S	 25.71  
 555 L	 8.42  
 556 D	 42.74  
 557 S	 38.45  
 558 E	 48.35  
 559 S	 30.90  
 560 A	 9.14  
 561 R	 49.72  
 562 R	 32.48  
 563 L	 3.24  
 564 S	 20.62  
 565 A	 27.77  
 566 G	 25.08  
 567 L	 2.59  
 568 S	 14.79  
 569 H	 35.92  
 570 Y	 14.46  
 571 L	 2.88  
 572 E	 46.27  
 573 Q	 50.13  
 574 V	 7.55  
 575 K	 48.92  
 576 K	 64.25  
 577 E	 56.83  
 578 R	 50.61  
 579 E	 56.37  
 580 S	 28.30  
 581 M	 4.19  
 582 E	 57.38  
 583 A	 15.14  
 584 Q	 41.25  
 585 E	 64.62  
 586 S	 34.05  
 587 E	 58.74  
 588 S	 44.22  
 589 E	 50.48  
 590 S	 27.17  
 591 M	 6.30  
 592 E	 53.16  
 593 L	 5.60  
 594 E	 31.75  
 595 I	 4.98  
 596 P	 15.87  
 597 V	 10.19  
 598 V	 3.20  
 599 S	 32.30  
 600 E	 27.48  
 601 V	 4.31  
 602 S	 15.08  
 603 V	 10.43  
 604 T	 19.83  
 605 T	 35.04  
 606 E	 46.84  
 607 S	 29.68  
 608 E	 60.65  
 609 N	 63.13  
 610 L	 5.36  
 611 E	 61.40  
 612 E	 51.92  
 613 V	 4.13  
 614 V	 6.68  
 615 S	 34.46  
 616 E	 35.48  
 617 H	 29.42  
 618 S	 39.26  
 619 D	 63.09  
 620 S	 37.74  
 621 K	 75.03  
 622 S	 31.74  
 623 P	 42.18  
 624 E	 62.96  
 625 T	 29.89  
 626 L	 2.63  
 627 V	 6.64  
 628 A	 17.80  
 629 S	 24.91  
 630 D	 58.37  
 631 N	 53.94  
 632 G	 45.11  
 633 E	 62.06  
 634 D	 49.88  
 635 S	 26.95  
 636 S	 60.54  
 637 G	 47.82  
 638 G	 29.79  
 639 S	 42.21  
 640 E	 79.39  
 641 D	 43.37  
 642 P	 28.44  
 643 N	 68.86  
 644 A	 14.25  
 645 T	 40.19  
 646 Q	 39.04  
 647 F	 10.07  
 648 E	 30.69  
 649 H	 42.49  
 650 E	 44.92  
 651 I	 8.97  
 652 E	 51.57  
 653 E	 66.96  
 654 H	 27.30  
 655 K	 77.55  
 656 E	 61.68  
 657 P	 49.15  
 658 E	 63.10  
 659 K	 59.58  
 660 L	 6.86  
 661 G	 26.37  
 662 L	 4.49  
 663 I	 2.97  
 664 I	 9.69  
 665 D	 33.28  
 666 P	 40.30  
 667 E	 71.13  
 668 D	 65.33  
 669 E	 59.26  
 670 Q	 67.19  
 671 D	 64.58  
 672 E	 56.79  
 673 T	 35.49  
 674 K	 41.62  
 675 R	 48.44  
 676 F	 7.41  
 677 V	 7.84  
 678 N	 33.89  
 679 H	 30.58  
 680 D	 58.01  
 681 E	 43.46  
 682 F	 14.95  
 683 E	 36.89  
 684 Q	 59.65  
 685 S	 30.47  
 686 L	 10.83  
 687 E	 55.46  
 688 E	 73.50  
 689 E	 49.40  
 690 L	 14.37  
 691 E	 35.91  
 692 P	 63.20  
 693 R	 51.61  
 694 G	 48.27  
 695 N	 50.87  
 696 N	 47.65  
 697 D	 49.56  
 698 S	 35.40  
 699 A	 27.74  
 700 D	 55.34  
 701 D	 50.83  
 702 S	 31.80  
 703 G	 24.98  
 704 F	 7.68  
 705 L	 7.19  
 706 L	 5.67  
 707 D	 56.56  
 708 N	 50.27  
 709 S	 23.31  
 710 P	 53.16  
 711 A	 11.15  
 712 P	 45.58  
 713 R	 57.78  
 714 L	 5.06  
 715 K	 42.67  
 716 S	 32.83  
 717 I	 4.87  
 718 F	 7.04  
 719 D	 54.83  
 720 N	 43.64  
 721 L	 6.06  
 722 P	 23.80  
 723 P	 37.38  
 724 A	 17.45  
 725 A	 14.02  
 726 A	 11.21  
 727 S	 16.43  
 728 A	 10.96  
 729 A	 11.40  
 730 V	 5.07  
 731 T	 29.45  
 732 D	 48.38  
 733 T	 12.02  
 734 P	 37.77  
 735 R	 49.50  
 736 V	 5.77  
 737 P	 26.18  
 738 A	 23.04  
 739 E	 51.05  
 740 A	 23.26  
 741 D	 45.33  
 742 E	 57.71  
 743 T	 27.97  
 744 T	 14.94  
 745 F	 7.85  
 746 A	 15.43  
 747 G	 14.39  
 748 M	 3.88  
 749 D	 40.19  
 750 M	 2.90  
 751 E	 41.36  
 752 E	 45.00  
 753 Y	 4.79  
 754 C	 3.30  
 755 Q	 47.22  
 756 R	 32.83  
 757 E	 29.47  
 758 F	 14.92  
 759 L	 4.10  
 760 K	 59.32  
 761 E	 51.34  
 762 I	 5.92  
 763 S	 14.95  
 764 P	 25.10  
 765 I	 3.18  
 766 M	 2.72  
 767 V	 5.67  
 768 Q	 16.45  
 769 K	 39.66  
 770 A	 5.38  
 771 I	 7.56  
 772 E	 45.28  
 773 L	 6.77  
 774 Q	 29.37  
 775 D	 70.31  
 776 E	 27.66  
 777 L	 8.53  
 778 R	 40.83  
 779 G	 34.07  
 780 V	 3.74  
 781 D	 37.18  
 782 W	 8.00  
 783 L	 2.17  
 784 T	 20.30  
 785 A	 11.04  
 786 Q	 40.32  
 787 D	 40.95  
 788 V	 3.21  
 789 W	 17.16  
 790 Q	 39.62  
 791 P	 15.70  
 792 P	 36.98  
 793 S	 52.16  
 794 F	 10.91  
 795 K	 62.42  
 796 D	 33.59  
 797 V	 6.34  
 798 Q	 35.50  
 799 M	 5.79  
 800 E	 28.91  
 801 F	 13.85  
 802 D	 36.32  
 803 D	 68.02  
 804 N	 33.23  
 805 F	 11.79  
 806 E	 52.09  
 807 Y	 14.46  
 808 F	 5.09  
 809 D	 48.12  
 810 S	 15.82  
 811 F	 5.91  
 812 S	 22.04  
 813 I	 2.81  
 814 L	 2.96  
 815 I	 2.32  
 816 W	 4.10  
 817 S	 12.28  
 818 A	 7.14  
 819 V	 2.62  
 820 V	 5.05  
 821 D	 34.92  
 822 L	 2.92  
 823 I	 6.29  
 824 N	 33.54  
 825 K	 39.72  
 826 N	 42.77  
 827 Y	 16.93  
 828 L	 5.32  
 829 K	 35.10  
 830 F	 12.05  
 831 G	 27.06  
 832 R	 28.80  
 833 K	 51.02  
 834 M	 5.68  
 835 T	 38.40  
 836 E	 60.18  
 837 N	 42.93  
 838 E	 44.54  
 839 E	 51.72  
 840 I	 4.31  
 841 A	 10.25  
 842 F	 12.88  
 843 E	 36.26  
 844 A	 10.83  
 845 E	 47.54  
 846 A	 21.38  
 847 L	 2.23  
 848 K	 44.61  
 849 M	 3.31  
 850 L	 5.65  
 851 Q	 41.15  
 852 T	 26.45  
 853 E	 33.61  
 854 H	 61.57  
 855 G	 22.80  
 856 P	 37.99  
 857 E	 68.70  
 858 S	 48.41  
 859 R	 44.87  
 860 K	 63.10  
 861 S	 34.91  
 862 E	 50.00  
 863 W	 9.44  
 864 C	 1.72  
 865 T	 44.92  
 866 D	 34.60  
 867 V	 2.78  
 868 K	 40.02  
 869 M	 7.73  
 870 S	 22.41  
 871 K	 58.86  
 872 K	 44.45  
 873 L	 8.70  
 874 E	 54.65  
 875 G	 28.29  
 876 M	 1.67  
 877 M	 4.14  
 878 P	 12.28  
 879 M	 4.31  
 880 E	 32.39  
 881 L	 5.96  
 882 D	 16.74  
 883 Y	 24.56  
 884 R	 22.35  
 885 Y	 16.74  
 886 D	 20.60  
 887 V	 3.13  
 888 R	 24.85  
 889 R	 51.34  
 890 G	 30.88  
 891 L	 3.09  
 892 P	 41.40  
 893 D	 72.85  
 894 A	 24.77  
 895 E	 64.50  
 896 K	 54.53  
 897 Q	 40.99  
 898 K	 50.94  
 899 Y	 16.70  
 900 Q	 38.24  
 901 W	 6.36  
 902 Q	 20.31  
 903 Q	 25.17  
 904 V	 2.22  
 905 Q	 19.93  
 906 M	 3.20  
 907 T	 7.53  
 908 V	 2.05  
 909 I	 1.50  
 910 A	 4.99  
 911 A	 8.22  
 912 R	 23.29  
 913 Y	 15.14  
 914 A	 18.24  
 915 N	 25.47  
 916 K	 44.98  
 917 N	 46.06  
 918 L	 4.80  
 919 I	 6.47  
 920 N	 45.56  
 921 E	 45.97  
 922 A	 17.00  
 923 N	 32.84  
 924 E	 43.91  
 925 V	 3.85  
 926 Y	 11.13  
 927 A	 17.92  
 928 T	 29.87  
 929 E	 51.55  
 930 K	 56.65  
 931 E	 47.48  
 932 K	 69.82  
 933 L	 6.37  
 934 G	 25.30  
 935 Q	 29.28  
 936 M	 3.35  
 937 V	 4.05  
 938 L	 5.14  
 939 E	 34.61  
 940 S	 35.37  
 941 E	 35.20  
 942 I	 6.42  
 943 D	 31.94  
 944 A	 15.05  
 945 T	 21.86  
 946 V	 4.63  
 947 T	 27.04  
 948 D	 39.53  
 949 V	 6.54  
