 1 M	 10.51  
 2 S	 31.61  
 3 F	 10.42  
 4 E	 27.86  
 5 T	 17.80  
 6 I	 1.87  
 7 L	 3.97  
 8 Y	 9.08  
 9 T	 15.64  
 10 A	 4.54  
 11 S	 16.20  
 12 A	 13.06  
 13 L	 3.58  
 14 L	 2.86  
 15 F	 3.74  
 16 I	 2.10  
 17 F	 3.19  
 18 L	 2.50  
 19 L	 1.45  
 20 V	 4.47  
 21 L	 3.38  
 22 L	 2.89  
 23 T	 16.36  
 24 T	 18.51  
 25 A	 7.63  
 26 F	 4.49  
 27 L	 3.07  
 28 I	 1.50  
 29 V	 4.53  
 30 R	 30.11  
 31 R	 36.99  
 32 S	 25.20  
 33 K	 53.00  
 34 Q	 43.59  
 35 S	 36.60  
 36 S	 17.01  
 37 I	 7.85  
 38 N	 28.22  
 39 L	 4.27  
 40 Q	 27.97  
 41 T	 20.59  
 42 V	 1.78  
 43 V	 4.70  
 44 V	 3.82  
 45 T	 16.32  
 46 H	 22.64  
 47 E	 51.00  
 48 N	 26.12  
 49 P	 23.22  
 50 Y	 21.82  
 51 V	 2.88  
 52 T	 14.64  
 53 M	 2.12  
 54 T	 17.78  
 55 S	 19.76  
 56 Q	 42.42  
 57 S	 31.52  
 58 S	 25.10  
 59 K	 45.93  
 60 M	 6.45  
 61 D	 45.86  
 62 I	 2.34  
 63 P	 11.66  
 64 V	 7.78  
 65 I	 4.59  
 66 L	 4.10  
 67 P	 18.04  
 68 K	 67.20  
 69 R	 26.65  
 70 F	 12.89  
 71 N	 32.83  
 72 M	 3.33  
 73 S	 36.22  
 74 D	 39.26  
 75 I	 4.72  
 76 E	 52.45  
 77 H	 24.14  
 78 K	 33.76  
 79 H	 45.54  
 80 L	 9.35  
 81 P	 24.85  
 82 P	 45.14  
 83 H	 51.33  
 84 Q	 58.95  
 85 P	 40.09  
 86 P	 38.98  
 87 P	 49.56  
 88 P	 59.03  
 89 V	 9.69  
 90 P	 27.20  
 91 H	 31.15  
 92 H	 20.40  
 93 H	 25.83  
 94 Q	 45.99  
 95 N	 45.50  
 96 Q	 37.38  
 97 P	 43.08  
 98 T	 27.72  
 99 H	 32.02  
 100 N	 50.44  
 101 N	 31.06  
 102 T	 30.54  
 103 T	 25.02  
 104 T	 19.47  
 105 I	 2.62  
 106 S	 16.30  
 107 S	 31.54  
 108 A	 12.52  
 109 T	 25.59  
 110 S	 29.01  
 111 S	 18.59  
 112 I	 5.49  
 113 N	 33.06  
 114 T	 24.69  
 115 T	 24.48  
 116 T	 27.34  
 117 T	 36.13  
 118 S	 36.27  
 119 K	 61.76  
 120 K	 47.35  
 121 P	 32.54  
 122 T	 31.93  
 123 I	 4.11  
 124 A	 15.18  
 125 A	 9.72  
 126 P	 21.77  
 127 T	 46.61  
 128 A	 11.08  
 129 P	 43.02  
 130 S	 36.47  
 131 P	 36.65  
 132 I	 5.78  
 133 K	 49.05  
 134 S	 33.55  
 135 L	 6.23  
 136 S	 34.14  
 137 D	 48.97  
 138 H	 27.18  
 139 T	 29.05  
 140 G	 19.80  
 141 R	 28.30  
 142 L	 2.44  
 143 M	 4.03  
 144 Q	 36.05  
 145 L	 5.30  
 146 N	 22.95  
 147 G	 26.00  
 148 H	 18.56  
 149 V	 9.66  
 150 G	 18.24  
 151 F	 5.84  
 152 D	 43.25  
 153 S	 41.35  
 154 L	 4.77  
 155 P	 19.68  
 156 H	 38.61  
 157 Q	 46.11  
 158 L	 5.76  
 159 V	 4.87  
 160 K	 43.54  
 161 K	 50.62  
 162 A	 9.92  
 163 V	 7.71  
 164 E	 48.19  
 165 A	 19.94  
 166 G	 11.90  
 167 F	 10.91  
 168 Q	 25.96  
 169 F	 7.67  
 170 N	 18.97  
 171 L	 2.73  
 172 M	 1.50  
 173 C	 3.91  
 174 V	 4.90  
 175 G	 23.09  
 176 E	 24.54  
 177 T	 33.83  
 178 G	 28.33  
 179 T	 42.81  
 180 G	 27.02  
 181 K	 37.87  
 182 T	 28.34  
 183 T	 29.26  
 184 L	 5.04  
 185 I	 2.95  
 186 E	 44.49  
 187 S	 31.13  
 188 L	 2.03  
 189 F	 13.46  
 190 N	 31.78  
 191 M	 3.41  
 192 K	 46.11  
 193 L	 6.75  
 194 D	 40.10  
 195 F	 19.15  
 196 E	 48.92  
 197 P	 24.97  
 198 C	 6.81  
 199 N	 42.24  
 200 H	 48.78  
 201 E	 37.66  
 202 L	 4.36  
 203 K	 47.76  
 204 T	 31.66  
 205 V	 6.61  
 206 E	 37.45  
 207 L	 4.83  
 208 R	 17.78  
 209 T	 36.83  
 210 C	 3.44  
 211 T	 29.66  
 212 K	 52.96  
 213 D	 27.06  
 214 V	 5.79  
 215 A	 21.61  
 216 E	 58.77  
 217 G	 27.39  
 218 G	 8.95  
 219 I	 7.23  
 220 R	 23.85  
 221 V	 6.91  
 222 K	 20.31  
 223 L	 4.72  
 224 R	 30.85  
 225 L	 6.22  
 226 V	 5.06  
 227 E	 37.22  
 228 T	 25.30  
 229 A	 9.60  
 230 G	 34.19  
 231 F	 10.13  
 232 G	 22.34  
 233 D	 43.54  
 234 Q	 52.52  
 235 L	 11.99  
 236 D	 52.02  
 237 K	 75.53  
 238 D	 50.21  
 239 K	 59.04  
 240 S	 43.38  
 241 A	 18.84  
 242 K	 39.32  
 243 V	 5.29  
 244 I	 1.60  
 245 V	 4.42  
 246 D	 31.04  
 247 Y	 11.07  
 248 L	 4.40  
 249 E	 35.94  
 250 S	 37.26  
 251 Q	 30.71  
 252 F	 12.03  
 253 E	 28.98  
 254 T	 30.71  
 255 Y	 10.13  
 256 L	 7.25  
 257 Q	 31.53  
 258 E	 63.80  
 259 E	 49.48  
 260 L	 10.22  
 261 K	 39.49  
 262 P	 41.56  
 263 R	 34.74  
 264 R	 38.40  
 265 M	 2.63  
 266 L	 3.37  
 267 Q	 31.28  
 268 Y	 10.61  
 269 F	 5.44  
 270 N	 41.22  
 271 D	 29.42  
 272 S	 33.95  
 273 R	 27.81  
 274 I	 2.53  
 275 H	 14.85  
 276 A	 5.22  
 277 C	 1.64  
 278 L	 3.98  
 279 Y	 9.96  
 280 F	 2.62  
 281 I	 2.81  
 282 S	 13.40  
 283 P	 37.27  
 284 T	 34.71  
 285 G	 19.09  
 286 H	 40.67  
 287 G	 30.16  
 288 L	 2.14  
 289 K	 52.04  
 290 A	 16.02  
 291 L	 5.10  
 292 D	 43.91  
 293 L	 3.09  
 294 V	 4.77  
 295 T	 27.65  
 296 L	 2.90  
 297 R	 27.76  
 298 E	 57.08  
 299 L	 5.71  
 300 A	 7.89  
 301 K	 70.29  
 302 R	 21.45  
 303 V	 7.08  
 304 N	 29.99  
 305 V	 4.84  
 306 I	 1.58  
 307 P	 13.74  
 308 V	 4.58  
 309 I	 3.16  
 310 A	 12.92  
 311 K	 37.43  
 312 S	 31.03  
 313 D	 45.38  
 314 T	 40.98  
 315 T	 23.66  
 316 C	 5.93  
 317 K	 52.74  
 318 D	 54.65  
 319 E	 34.89  
 320 L	 6.28  
 321 L	 5.94  
 322 R	 43.58  
 323 F	 10.21  
 324 K	 42.19  
 325 A	 11.04  
 326 K	 44.78  
 327 I	 6.46  
 328 L	 2.99  
 329 S	 44.34  
 330 E	 57.69  
 331 L	 6.09  
 332 K	 46.95  
 333 S	 49.70  
 334 Q	 45.17  
 335 K	 49.81  
 336 I	 2.78  
 337 D	 34.57  
 338 I	 3.88  
 339 Y	 9.89  
 340 T	 24.38  
 341 F	 3.26  
 342 P	 27.41  
 343 T	 52.47  
 344 D	 52.57  
 345 D	 56.81  
 346 E	 54.65  
 347 T	 27.10  
 348 V	 4.50  
 349 S	 36.61  
 350 T	 30.01  
 351 T	 36.47  
 352 N	 38.08  
 353 K	 57.14  
 354 E	 50.48  
 355 M	 9.04  
 356 N	 34.24  
 357 K	 52.07  
 358 S	 29.98  
 359 V	 4.89  
 360 P	 20.69  
 361 F	 8.26  
 362 A	 6.76  
 363 V	 5.25  
 364 V	 4.46  
 365 G	 16.57  
 366 S	 13.84  
 367 I	 3.81  
 368 D	 43.94  
 369 F	 9.16  
 370 V	 8.42  
 371 K	 55.13  
 372 K	 51.62  
 373 E	 61.96  
 374 N	 55.68  
 375 G	 20.32  
 376 Q	 38.49  
 377 M	 2.03  
 378 V	 3.13  
 379 R	 20.79  
 380 A	 7.48  
 381 R	 26.46  
 382 Q	 47.89  
 383 Y	 8.73  
 384 P	 17.93  
 385 W	 12.29  
 386 G	 15.01  
 387 I	 1.79  
 388 V	 6.25  
 389 E	 42.04  
 390 V	 7.11  
 391 E	 41.60  
 392 N	 62.34  
 393 E	 28.49  
 394 S	 40.78  
 395 H	 14.69  
 396 C	 6.38  
 397 D	 46.05  
 398 F	 6.76  
 399 V	 3.49  
 400 K	 41.65  
 401 L	 5.14  
 402 R	 22.79  
 403 E	 54.85  
 404 A	 12.88  
 405 L	 2.59  
 406 L	 9.05  
 407 R	 25.71  
 408 T	 39.29  
 409 N	 32.58  
 410 V	 6.97  
 411 D	 46.15  
 412 E	 31.79  
 413 M	 3.70  
 414 R	 22.30  
 415 Q	 54.00  
 416 R	 27.90  
 417 T	 22.96  
 418 H	 25.49  
 419 E	 41.65  
 420 S	 28.75  
 421 L	 5.91  
 422 Y	 16.06  
 423 E	 53.75  
 424 N	 23.27  
 425 Y	 8.62  
 426 R	 45.68  
 427 R	 24.04  
 428 D	 44.99  
 429 R	 29.93  
 430 L	 5.37  
 431 R	 35.13  
 432 Q	 41.95  
 433 M	 2.49  
 434 K	 34.89  
 435 I	 5.23  
 436 G	 31.21  
 437 D	 56.05  
 438 G	 29.20  
 439 E	 56.16  
 440 T	 65.40  
 441 G	 19.73  
 442 P	 31.90  
 443 K	 58.63  
 444 I	 5.75  
 445 I	 4.82  
 446 E	 45.55  
 447 K	 38.42  
 448 L	 3.86  
 449 A	 27.69  
 450 Q	 53.15  
 451 K	 38.74  
 452 H	 28.42  
 453 R	 50.56  
 454 E	 45.69  
 455 H	 40.11  
 456 Q	 47.37  
 457 D	 61.90  
 458 E	 38.66  
 459 F	 10.41  
 460 S	 28.51  
 461 R	 41.22  
 462 R	 41.92  
 463 E	 45.02  
 464 L	 5.32  
 465 T	 21.00  
 466 L	 11.52  
 467 R	 35.84  
 468 E	 67.30  
 469 E	 47.12  
 470 F	 12.66  
 471 Q	 45.30  
 472 K	 61.70  
 473 K	 38.85  
 474 L	 9.13  
 475 D	 54.92  
 476 V	 8.33  
 477 T	 33.64  
 478 E	 53.71  
 479 G	 25.34  
 480 D	 27.73  
 481 M	 7.03  
 482 R	 44.61  
 483 K	 47.57  
 484 V	 5.97  
 485 E	 49.75  
 486 E	 63.60  
 487 G	 13.70  
 488 L	 3.68  
 489 A	 18.48  
 490 A	 20.93  
 491 R	 37.59  
 492 E	 48.76  
 493 R	 45.76  
 494 E	 43.40  
 495 V	 9.57  
 496 H	 16.90  
 497 E	 67.59  
 498 N	 25.22  
 499 Y	 16.77  
 500 N	 47.07  
 501 R	 30.42  
 502 E	 54.37  
 503 A	 14.55  
 504 S	 29.06  
 505 K	 56.40  
 506 L	 7.59  
 507 D	 36.08  
 508 M	 7.17  
 509 E	 34.39  
 510 I	 2.46  
 511 R	 16.49  
 512 Q	 59.40  
 513 L	 4.71  
 514 T	 27.71  
 515 E	 52.80  
 516 E	 53.49  
 517 R	 22.70  
 518 M	 4.41  
 519 K	 41.13  
 520 L	 3.73  
 521 M	 2.58  
 522 T	 38.44  
 523 K	 30.46  
 524 V	 8.14  
 525 S	 26.15  
 526 K	 59.83  
 527 K	 46.12  
 528 L	 10.97  
 529 R	 52.06  
 530 K	 75.12  
