 1 M	 6.33  
 2 P	 42.34  
 3 T	 33.28  
 4 T	 26.65  
 5 R	 26.48  
 6 S	 39.78  
 7 N	 34.22  
 8 L	 5.32  
 9 S	 26.81  
 10 I	 3.50  
 11 P	 28.03  
 12 L	 4.49  
 13 T	 14.97  
 14 H	 25.77  
 15 L	 2.63  
 16 A	 9.97  
 17 R	 38.95  
 18 I	 5.91  
 19 D	 46.32  
 20 D	 42.94  
 21 D	 48.34  
 22 R	 31.65  
 23 M	 9.28  
 24 E	 50.81  
 25 T	 35.17  
 26 D	 40.52  
 27 S	 52.91  
 28 E	 67.92  
 29 E	 59.67  
 30 H	 22.35  
 31 K	 57.39  
 32 R	 34.67  
 33 A	 23.64  
 34 N	 35.65  
 35 T	 26.62  
 36 A	 9.77  
 37 F	 8.54  
 38 R	 22.33  
 39 P	 24.53  
 40 L	 4.58  
 41 C	 2.81  
 42 V	 8.28  
 43 K	 25.03  
 44 C	 2.54  
 45 G	 16.45  
 46 V	 5.84  
 47 F	 3.99  
 48 G	 21.66  
 49 A	 7.88  
 50 Q	 56.85  
 51 D	 53.33  
 52 G	 15.76  
 53 S	 36.60  
 54 G	 31.06  
 55 Y	 12.49  
 56 A	 14.79  
 57 E	 45.67  
 58 F	 7.52  
 59 G	 26.55  
 60 N	 29.99  
 61 T	 23.64  
 62 R	 26.00  
 63 V	 4.97  
 64 L	 2.33  
 65 A	 8.89  
 66 Q	 29.61  
 67 I	 3.91  
 68 T	 30.49  
 69 G	 21.67  
 70 P	 33.49  
 71 D	 69.98  
 72 G	 49.02  
 73 D	 63.98  
 74 G	 42.37  
 75 K	 57.05  
 76 W	 21.53  
 77 E	 54.21  
 78 E	 52.24  
 79 D	 44.30  
 80 R	 40.85  
 81 A	 21.66  
 82 K	 41.08  
 83 I	 4.59  
 84 T	 14.00  
 85 I	 7.13  
 86 E	 35.46  
 87 L	 5.64  
 88 K	 45.08  
 89 G	 40.94  
 90 I	 5.20  
 91 E	 53.56  
 92 D	 57.73  
 93 S	 15.85  
 94 V	 10.01  
 95 K	 39.41  
 96 V	 4.60  
 97 A	 11.46  
 98 E	 38.24  
 99 Y	 11.08  
 100 R	 13.83  
 101 A	 14.08  
 102 Q	 28.67  
 103 L	 3.87  
 104 A	 5.37  
 105 S	 37.48  
 106 A	 8.15  
 107 V	 3.32  
 108 S	 19.28  
 109 A	 7.57  
 110 V	 2.62  
 111 I	 2.09  
 112 F	 5.16  
 113 A	 8.25  
 114 S	 23.21  
 115 K	 52.62  
 116 Y	 18.09  
 117 P	 39.61  
 118 G	 33.50  
 119 K	 35.22  
 120 V	 6.18  
 121 I	 5.13  
 122 E	 37.24  
 123 I	 2.97  
 124 E	 21.59  
 125 I	 3.87  
 126 T	 11.56  
 127 V	 6.22  
 128 L	 3.30  
 129 S	 29.35  
 130 D	 55.18  
 131 D	 52.98  
 132 G	 32.85  
 133 G	 24.96  
 134 V	 4.70  
 135 L	 4.21  
 136 S	 14.82  
 137 T	 27.70  
 138 A	 8.99  
 139 L	 3.23  
 140 S	 20.44  
 141 A	 10.12  
 142 V	 3.96  
 143 T	 15.36  
 144 L	 2.99  
 145 A	 7.59  
 146 I	 4.24  
 147 S	 13.14  
 148 H	 24.75  
 149 S	 34.37  
 150 G	 26.30  
 151 I	 3.76  
 152 E	 44.69  
 153 N	 28.09  
 154 M	 2.57  
 155 G	 24.71  
 156 L	 1.48  
 157 M	 1.85  
 158 A	 17.28  
 159 S	 9.97  
 160 V	 2.82  
 161 H	 10.10  
 162 V	 5.18  
 163 A	 4.06  
 164 M	 4.86  
 165 N	 27.49  
 166 S	 33.63  
 167 D	 52.48  
 168 G	 27.60  
 169 E	 31.20  
 170 C	 6.40  
 171 L	 5.46  
 172 T	 58.48  
 173 D	 23.39  
 174 P	 33.98  
 175 S	 47.58  
 176 T	 41.73  
 177 S	 43.38  
 178 E	 53.55  
 179 S	 40.89  
 180 E	 48.90  
 181 G	 31.60  
 182 A	 8.00  
 183 I	 7.89  
 184 G	 24.80  
 185 G	 14.80  
 186 V	 3.16  
 187 T	 16.72  
 188 F	 4.64  
 189 A	 8.65  
 190 F	 9.07  
 191 V	 2.49  
 192 P	 24.71  
 193 N	 52.05  
 194 L	 4.38  
 195 G	 29.45  
 196 Q	 36.48  
 197 T	 21.99  
 198 T	 11.57  
 199 C	 2.69  
 200 V	 4.75  
 201 D	 30.45  
 202 I	 1.64  
 203 Y	 8.90  
 204 G	 22.75  
 205 R	 15.47  
 206 I	 3.99  
 207 P	 32.16  
 208 L	 6.78  
 209 K	 46.46  
 210 S	 41.00  
 211 T	 22.28  
 212 S	 26.53  
 213 S	 36.74  
 214 L	 5.49  
 215 L	 5.70  
 216 E	 49.18  
 217 F	 11.82  
 218 A	 9.55  
 219 K	 45.71  
 220 Q	 34.47  
 221 R	 30.81  
 222 A	 4.77  
 223 C	 3.07  
 224 A	 15.60  
 225 L	 4.82  
 226 V	 1.77  
 227 P	 26.87  
 228 T	 28.38  
 229 I	 2.28  
 230 H	 18.90  
 231 K	 35.64  
 232 A	 9.22  
 233 I	 3.43  
 234 V	 5.37  
 235 N	 28.77  
 236 S	 16.20  
 237 V	 6.59  
 238 R	 37.51  
 239 E	 63.77  
 240 R	 39.14  
 241 K	 61.00  
