 1 M	 7.92  
 2 A	 13.22  
 3 W	 8.47  
 4 R	 11.20  
 5 F	 4.67  
 6 A	 11.40  
 7 A	 15.56  
 8 S	 34.88  
 9 K	 56.48  
 10 F	 7.36  
 11 K	 58.06  
 12 N	 52.93  
 13 T	 45.10  
 14 T	 30.42  
 15 P	 33.34  
 16 K	 69.91  
 17 V	 9.89  
 18 P	 48.40  
 19 K	 75.66  
 20 K	 55.50  
 21 E	 67.51  
 22 E	 56.96  
 23 T	 28.21  
 24 I	 2.91  
 25 F	 11.48  
 26 D	 39.70  
 27 V	 2.63  
 28 P	 30.09  
 29 V	 8.79  
 30 G	 24.24  
 31 N	 29.08  
 32 L	 3.51  
 33 S	 23.93  
 34 C	 4.67  
 35 T	 32.73  
 36 N	 50.25  
 37 D	 38.99  
 38 G	 18.69  
 39 I	 2.46  
 40 H	 21.11  
 41 A	 12.42  
 42 S	 17.76  
 43 A	 16.62  
 44 D	 36.28  
 45 F	 5.47  
 46 L	 5.25  
 47 A	 8.25  
 48 F	 6.93  
 49 H	 16.16  
 50 I	 6.17  
 51 E	 42.49  
 52 G	 37.94  
 53 E	 52.57  
 54 G	 49.76  
 55 G	 20.08  
 56 K	 53.58  
 57 L	 6.93  
 58 G	 23.54  
 59 V	 9.23  
 60 L	 2.11  
 61 P	 21.34  
 62 I	 5.24  
 63 T	 22.00  
 64 A	 17.02  
 65 K	 44.28  
 66 G	 23.10  
 67 R	 35.77  
 68 R	 46.86  
 69 T	 32.25  
 70 R	 36.69  
 71 N	 44.64  
 72 D	 36.88  
 73 I	 4.95  
 74 G	 14.23  
 75 I	 1.66  
 76 I	 2.03  
 77 A	 7.47  
 78 A	 10.78  
 79 H	 31.16  
 80 G	 23.47  
 81 E	 31.83  
 82 Q	 40.05  
 83 V	 4.86  
 84 A	 13.20  
 85 D	 45.40  
 86 F	 5.56  
 87 G	 19.73  
 88 F	 6.16  
 89 L	 3.84  
 90 T	 17.95  
 91 F	 9.80  
 92 A	 12.25  
 93 D	 42.77  
 94 E	 42.10  
 95 L	 3.97  
 96 L	 3.31  
 97 A	 21.13  
 98 T	 15.81  
 99 C	 2.33  
 100 S	 38.11  
 101 R	 55.23  
 102 D	 48.54  
 103 E	 51.38  
 104 P	 36.67  
 105 V	 7.08  
 106 K	 54.27  
 107 I	 3.90  
 108 W	 6.99  
 109 K	 39.80  
 110 L	 2.81  
 111 S	 31.75  
 112 R	 56.98  
 113 D	 43.15  
 114 H	 44.91  
 115 S	 28.19  
 116 P	 32.06  
 117 K	 54.49  
 118 L	 8.94  
 119 A	 14.87  
 120 T	 43.86  
 121 E	 31.42  
 122 I	 4.52  
 123 D	 27.12  
 124 V	 10.62  
 125 G	 34.25  
 126 G	 25.09  
 127 G	 21.21  
 128 N	 25.87  
 129 V	 5.05  
 130 I	 2.87  
 131 A	 9.36  
 132 E	 23.98  
 133 C	 2.00  
 134 L	 4.00  
 135 R	 41.74  
 136 A	 6.50  
 137 H	 21.17  
 138 S	 25.06  
 139 T	 28.32  
 140 A	 15.74  
 141 D	 42.67  
 142 N	 28.80  
 143 I	 2.41  
 144 L	 3.86  
 145 A	 10.38  
 146 V	 7.87  
 147 G	 14.33  
 148 S	 20.34  
 149 H	 28.44  
 150 G	 24.31  
 151 S	 16.77  
 152 T	 24.44  
 153 Y	 11.97  
 154 I	 2.56  
 155 T	 19.50  
 156 D	 24.23  
 157 I	 2.73  
 158 S	 33.64  
 159 T	 42.93  
 160 G	 20.65  
 161 K	 33.14  
 162 T	 36.96  
 163 A	 9.04  
 164 V	 10.34  
 165 E	 34.45  
 166 L	 4.31  
 167 S	 20.08  
 168 G	 38.68  
 169 V	 5.86  
 170 T	 33.36  
 171 D	 46.88  
 172 K	 32.57  
 173 V	 5.92  
 174 Q	 38.49  
 175 S	 23.00  
 176 M	 3.23  
 177 D	 51.50  
 178 W	 8.59  
 179 S	 22.88  
 180 E	 67.54  
 181 D	 54.75  
 182 G	 20.61  
 183 K	 53.28  
 184 L	 4.55  
 185 L	 5.15  
 186 A	 12.13  
 187 V	 7.11  
 188 S	 35.35  
 189 G	 33.77  
 190 D	 42.61  
 191 K	 60.56  
 192 G	 31.31  
 193 R	 28.88  
 194 Q	 41.31  
 195 I	 1.87  
 196 V	 2.18  
 197 V	 4.85  
 198 Y	 14.88  
 199 D	 18.01  
 200 P	 18.95  
 201 R	 36.07  
 202 A	 20.72  
 203 S	 25.59  
 204 M	 7.48  
 205 E	 36.43  
 206 P	 18.49  
 207 I	 2.89  
 208 Q	 51.23  
 209 T	 27.74  
 210 L	 4.20  
 211 E	 53.16  
 212 G	 28.05  
 213 H	 21.91  
 214 G	 38.34  
 215 G	 15.08  
 216 M	 5.60  
 217 G	 27.79  
 218 R	 26.05  
 219 E	 34.79  
 220 A	 12.91  
 221 R	 22.40  
 222 V	 7.12  
 223 L	 1.71  
 224 F	 8.17  
 225 A	 15.36  
 226 G	 16.68  
 227 N	 31.96  
 228 R	 32.26  
 229 L	 4.15  
 230 I	 2.90  
 231 S	 27.37  
 232 T	 29.35  
 233 G	 15.88  
 234 F	 8.75  
 235 T	 32.52  
 236 T	 18.96  
 237 K	 44.43  
 238 R	 33.46  
 239 I	 4.34  
 240 Q	 47.36  
 241 E	 31.44  
 242 V	 2.13  
 243 R	 27.03  
 244 A	 16.24  
 245 Y	 11.95  
 246 D	 48.26  
 247 T	 28.16  
 248 G	 22.33  
 249 K	 44.54  
 250 W	 14.99  
 251 G	 24.40  
 252 A	 11.22  
 253 P	 17.93  
 254 V	 8.27  
 255 H	 22.30  
 256 T	 29.99  
 257 Q	 27.53  
 258 E	 49.52  
 259 F	 3.65  
 260 V	 4.97  
 261 S	 26.10  
 262 T	 23.44  
 263 T	 20.14  
 264 G	 16.60  
 265 V	 4.04  
 266 L	 5.50  
 267 I	 1.51  
 268 P	 18.80  
 269 H	 26.55  
 270 Y	 13.89  
 271 D	 34.63  
 272 A	 16.95  
 273 D	 29.48  
 274 T	 27.85  
 275 R	 29.42  
 276 L	 3.29  
 277 V	 4.01  
 278 F	 5.49  
 279 L	 5.27  
 280 S	 27.30  
 281 G	 34.26  
 282 K	 60.22  
 283 G	 37.74  
 284 T	 32.44  
 285 N	 47.93  
 286 K	 42.83  
 287 L	 3.11  
 288 F	 5.84  
 289 M	 4.49  
 290 L	 3.77  
 291 E	 24.02  
 292 M	 4.40  
 293 Q	 33.10  
 294 D	 50.28  
 295 R	 23.60  
 296 Q	 39.00  
 297 P	 32.69  
 298 Y	 16.70  
 299 L	 3.48  
 300 S	 16.26  
 301 H	 26.20  
 302 V	 3.42  
 303 F	 5.50  
 304 E	 39.49  
 305 L	 3.96  
 306 T	 32.82  
 307 L	 7.40  
 308 P	 26.81  
 309 E	 60.35  
 310 Q	 39.83  
 311 T	 26.04  
 312 L	 4.37  
 313 G	 24.86  
 314 A	 10.12  
 315 T	 20.39  
 316 I	 5.11  
 317 G	 22.23  
 318 A	 9.79  
 319 K	 35.21  
 320 R	 45.37  
 321 R	 23.37  
 322 V	 4.66  
 323 H	 13.84  
 324 V	 3.24  
 325 M	 3.10  
 326 D	 49.35  
 327 G	 20.80  
 328 E	 32.72  
 329 V	 9.01  
 330 D	 25.37  
 331 T	 29.33  
 332 Y	 5.69  
 333 Y	 10.11  
 334 Q	 32.04  
 335 L	 3.63  
 336 T	 17.23  
 337 K	 51.29  
 338 S	 21.77  
 339 S	 29.21  
 340 I	 5.77  
 341 V	 4.70  
 342 P	 29.02  
 343 T	 21.65  
 344 P	 10.36  
 345 C	 5.57  
 346 I	 5.14  
 347 V	 3.72  
 348 P	 13.17  
 349 R	 29.32  
 350 R	 31.78  
 351 S	 26.29  
 352 Y	 16.64  
 353 R	 41.17  
 354 D	 37.06  
 355 F	 4.37  
 356 H	 25.37  
 357 S	 35.68  
 358 D	 43.70  
 359 L	 9.64  
 360 F	 6.53  
 361 P	 49.71  
 362 E	 43.75  
 363 T	 34.34  
 364 R	 40.43  
 365 G	 41.53  
 366 A	 19.27  
 367 E	 45.08  
 368 P	 42.50  
 369 G	 16.95  
 370 C	 3.27  
 371 T	 43.54  
 372 A	 20.27  
 373 G	 14.41  
 374 E	 46.45  
 375 W	 8.33  
 376 L	 3.54  
 377 N	 57.21  
 378 G	 20.41  
 379 T	 20.94  
 380 N	 40.10  
 381 A	 17.76  
 382 V	 5.83  
 383 P	 26.34  
 384 Q	 52.78  
 385 K	 30.15  
 386 V	 3.89  
 387 S	 19.09  
 388 M	 7.72  
 389 A	 7.96  
 390 P	 25.02  
 391 S	 32.91  
 392 Q	 46.39  
 393 S	 36.20  
 394 S	 27.48  
 395 S	 52.70  
 396 S	 43.29  
 397 P	 47.57  
 398 P	 60.05  
 399 P	 49.63  
 400 P	 65.38  
 401 E	 65.78  
 402 P	 43.06  
 403 V	 8.65  
 404 P	 54.41  
 405 T	 35.66  
 406 P	 24.05  
 407 K	 53.32  
 408 V	 5.13  
 409 A	 17.41  
 410 Q	 51.51  
 411 T	 16.22  
 412 P	 23.61  
 413 A	 22.55  
 414 P	 31.95  
 415 V	 8.96  
 416 P	 25.88  
 417 V	 9.32  
 418 P	 26.96  
 419 T	 26.29  
 420 P	 17.52  
 421 A	 20.80  
 422 A	 21.14  
 423 A	 11.62  
 424 P	 35.86  
 425 R	 34.52  
 426 P	 29.51  
 427 M	 7.65  
 428 S	 38.80  
 429 N	 45.51  
 430 N	 42.31  
 431 N	 47.74  
 432 S	 36.95  
 433 S	 38.93  
 434 S	 32.04  
 435 N	 56.30  
 436 N	 49.37  
 437 V	 4.35  
 438 P	 30.79  
 439 S	 31.95  
 440 V	 6.25  
 441 Q	 49.31  
 442 E	 48.37  
 443 Q	 19.64  
 444 H	 29.97  
 445 S	 39.55  
 446 V	 8.27  
 447 P	 45.04  
 448 K	 71.33  
 449 K	 53.70  
 450 E	 68.78  
 451 E	 56.61  
 452 V	 6.38  
 453 R	 41.88  
 454 E	 51.69  
 455 L	 4.99  
 456 D	 32.42  
 457 Y	 26.55  
 458 R	 27.30  
 459 P	 35.09  
 460 Y	 30.54  
 461 E	 57.48  
 462 K	 51.11  
 463 E	 47.48  
 464 N	 69.70  
 465 G	 17.42  
 466 V	 7.38  
 467 H	 36.68  
 468 T	 18.81  
 469 P	 24.13  
 470 N	 52.11  
 471 A	 26.62  
 472 E	 55.98  
 473 T	 31.87  
 474 N	 34.27  
 475 S	 29.54  
 476 T	 42.43  
 477 Q	 49.22  
 478 G	 35.75  
 479 N	 29.51  
 480 S	 44.29  
 481 S	 30.19  
 482 P	 25.11  
 483 I	 6.48  
 484 S	 24.07  
 485 T	 26.62  
 486 I	 5.30  
 487 S	 24.25  
 488 P	 46.16  
 489 E	 45.68  
 490 P	 31.75  
 491 V	 5.63  
 492 T	 30.67  
 493 I	 3.69  
 494 V	 4.42  
 495 K	 30.89  
 496 P	 22.13  
 497 A	 21.96  
 498 S	 43.37  
 499 T	 21.03  
 500 P	 30.57  
 501 A	 24.91  
 502 T	 29.97  
 503 D	 49.50  
 504 S	 17.38  
 505 V	 9.10  
 506 S	 38.25  
 507 T	 19.89  
 508 P	 20.02  
 509 S	 29.53  
 510 V	 6.42  
 511 V	 9.98  
 512 G	 12.98  
 513 P	 16.89  
 514 A	 21.64  
 515 F	 19.42  
 516 G	 30.86  
 517 K	 44.11  
 518 K	 64.50  
 519 V	 7.80  
 520 P	 43.30  
 521 E	 77.90  
 522 Q	 41.34  
 523 P	 32.90  
 524 P	 33.12  
 525 V	 15.65  
 526 N	 36.46  
 527 F	 12.37  
 528 R	 38.34  
 529 K	 36.53  
 530 P	 26.45  
 531 I	 8.92  
 532 G	 31.32  
 533 A	 12.35  
 534 S	 21.69  
 535 N	 48.73  
 536 R	 29.00  
 537 V	 7.00  
 538 P	 24.05  
 539 L	 6.61  
 540 S	 15.18  
 541 Q	 56.42  
 542 R	 24.04  
 543 V	 10.74  
 544 R	 34.81  
 545 P	 30.01  
 546 K	 46.02  
 547 S	 18.15  
 548 C	 3.43  
 549 V	 7.56  
 550 V	 5.68  
 551 G	 7.87  
 552 Q	 24.95  
 553 I	 3.75  
 554 T	 20.27  
 555 S	 31.27  
 556 K	 37.45  
 557 F	 7.00  
 558 R	 32.43  
 559 H	 25.75  
 560 V	 8.46  
 561 D	 42.96  
 562 G	 22.18  
 563 Q	 33.78  
 564 Q	 68.03  
 565 G	 27.50  
 566 T	 20.07  
 567 K	 54.43  
 568 S	 31.64  
 569 G	 27.58  
 570 A	 13.28  
 571 V	 6.53  
 572 F	 3.87  
 573 S	 28.49  
 574 N	 31.39  
 575 L	 4.00  
 576 R	 49.66  
 577 N	 34.26  
 578 V	 6.64  
 579 N	 24.03  
 580 T	 29.33  
 581 R	 39.74  
 582 L	 8.58  
 583 P	 27.59  
 584 P	 63.34  
 585 E	 55.70  
 586 S	 44.66  
 587 N	 45.30  
 588 G	 24.10  
 589 V	 3.30  
 590 C	 1.92  
 591 C	 4.70  
 592 S	 37.62  
 593 N	 29.56  
 594 K	 21.78  
 595 F	 6.54  
 596 A	 14.79  
 597 A	 13.44  
 598 V	 3.42  
 599 P	 16.27  
 600 L	 4.79  
 601 A	 12.70  
 602 G	 30.55  
 603 L	 4.05  
 604 G	 14.21  
 605 V	 4.33  
 606 I	 2.36  
 607 G	 15.25  
 608 I	 1.50  
 609 Y	 14.50  
 610 D	 34.54  
 611 V	 4.99  
 612 N	 47.01  
 613 E	 56.10  
 614 P	 39.76  
 615 G	 37.64  
 616 K	 68.51  
 617 L	 6.07  
 618 P	 39.53  
 619 D	 73.15  
 620 G	 18.08  
 621 V	 4.05  
 622 M	 4.83  
 623 D	 44.63  
 624 G	 14.32  
 625 I	 2.75  
 626 F	 10.56  
 627 N	 34.19  
 628 K	 32.27  
 629 T	 27.80  
 630 L	 4.10  
 631 V	 4.78  
 632 T	 35.64  
 633 D	 29.11  
 634 L	 3.53  
 635 H	 25.69  
 636 W	 22.84  
 637 N	 19.33  
 638 P	 28.93  
 639 F	 19.56  
 640 D	 60.85  
 641 D	 46.01  
 642 E	 49.71  
 643 Q	 41.54  
 644 L	 3.82  
 645 A	 9.44  
 646 V	 13.26  
 647 G	 15.38  
 648 T	 22.86  
 649 D	 28.72  
 650 C	 4.31  
 651 G	 33.92  
 652 Q	 27.94  
 653 I	 2.51  
 654 N	 26.18  
 655 L	 2.77  
 656 W	 6.69  
 657 R	 25.89  
 658 L	 4.72  
 659 T	 18.25  
 660 T	 35.58  
 661 N	 47.18  
 662 D	 67.40  
 663 G	 25.74  
 664 P	 38.49  
 665 R	 58.22  
 666 N	 56.98  
 667 E	 46.32  
 668 M	 13.71  
 669 E	 44.09  
 670 P	 47.04  
 671 E	 43.51  
 672 K	 61.52  
 673 I	 3.55  
 674 I	 3.84  
 675 K	 38.48  
 676 I	 6.37  
 677 G	 32.95  
 678 G	 36.18  
 679 E	 35.75  
 680 K	 55.34  
 681 I	 2.48  
 682 T	 32.54  
 683 S	 21.29  
 684 L	 5.28  
 685 R	 29.44  
 686 W	 11.62  
 687 H	 10.89  
 688 P	 23.74  
 689 L	 4.63  
 690 A	 12.88  
 691 S	 36.15  
 692 D	 39.84  
 693 L	 2.83  
 694 L	 4.29  
 695 A	 7.58  
 696 V	 5.78  
 697 A	 10.32  
 698 L	 3.91  
 699 S	 20.99  
 700 N	 43.98  
 701 S	 27.64  
 702 T	 23.79  
 703 I	 4.04  
 704 E	 43.85  
 705 L	 4.12  
 706 W	 5.80  
 707 D	 42.13  
 708 V	 2.75  
 709 A	 14.06  
 710 N	 37.14  
 711 A	 8.09  
 712 K	 48.00  
 713 L	 4.33  
 714 Y	 9.33  
 715 S	 29.67  
 716 R	 26.44  
 717 F	 5.47  
 718 V	 5.08  
 719 N	 25.04  
 720 H	 22.16  
 721 T	 31.72  
 722 G	 17.37  
 723 G	 17.07  
 724 I	 3.18  
 725 L	 4.61  
 726 G	 12.97  
 727 I	 2.96  
 728 A	 7.74  
 729 W	 7.67  
 730 S	 13.88  
 731 A	 16.75  
 732 D	 45.69  
 733 G	 22.08  
 734 R	 27.64  
 735 R	 34.06  
 736 I	 3.02  
 737 A	 9.06  
 738 S	 29.09  
 739 V	 9.03  
 740 G	 21.45  
 741 K	 41.87  
 742 D	 38.57  
 743 A	 15.08  
 744 T	 30.75  
 745 L	 4.53  
 746 F	 4.59  
 747 V	 5.86  
 748 H	 28.17  
 749 E	 36.94  
 750 P	 22.21  
 751 A	 20.45  
 752 S	 47.25  
 753 R	 46.29  
 754 E	 40.00  
 755 Q	 38.74  
 756 R	 28.38  
 757 V	 6.10  
 758 Y	 16.53  
 759 E	 44.86  
 760 R	 23.43  
 761 K	 33.46  
 762 T	 35.68  
 763 V	 5.15  
 764 V	 6.10  
 765 E	 41.90  
 766 S	 16.16  
 767 T	 15.72  
 768 R	 35.21  
 769 A	 10.33  
 770 A	 9.98  
 771 R	 25.37  
 772 V	 4.40  
 773 L	 1.55  
 774 F	 6.10  
 775 A	 7.52  
 776 C	 4.36  
 777 D	 44.81  
 778 D	 41.93  
 779 R	 16.30  
 780 I	 2.97  
 781 V	 2.57  
 782 I	 1.61  
 783 V	 1.79  
 784 V	 2.74  
 785 G	 13.72  
 786 M	 2.63  
 787 T	 23.11  
 788 K	 38.94  
 789 S	 23.65  
 790 S	 30.82  
 791 Q	 47.09  
 792 R	 40.35  
 793 Q	 23.35  
 794 V	 3.73  
 795 Q	 19.17  
 796 M	 3.25  
 797 Y	 7.34  
 798 D	 27.19  
 799 A	 6.88  
 800 Q	 38.88  
 801 T	 20.08  
 802 V	 4.31  
 803 D	 41.18  
 804 L	 3.59  
 805 R	 15.08  
 806 H	 25.38  
 807 I	 3.00  
 808 Y	 5.75  
 809 T	 18.76  
 810 Q	 17.13  
 811 V	 3.96  
 812 I	 2.20  
 813 D	 33.10  
 814 S	 23.30  
 815 A	 13.40  
 816 T	 34.37  
 817 Q	 29.10  
 818 P	 30.85  
 819 L	 7.23  
 820 V	 3.32  
 821 P	 28.18  
 822 H	 22.18  
 823 Y	 15.32  
 824 D	 37.42  
 825 Y	 17.69  
 826 D	 30.73  
 827 S	 23.70  
 828 N	 31.45  
 829 V	 4.65  
 830 L	 4.12  
 831 F	 4.43  
 832 L	 6.04  
 833 S	 30.99  
 834 G	 39.86  
 835 K	 55.02  
 836 G	 34.55  
 837 D	 44.31  
 838 R	 46.19  
 839 F	 5.76  
 840 V	 5.45  
 841 N	 27.06  
 842 M	 2.26  
 843 F	 5.98  
 844 E	 19.76  
 845 V	 3.16  
 846 I	 2.20  
 847 Y	 18.62  
 848 D	 31.82  
 849 S	 9.85  
 850 P	 22.39  
 851 Y	 25.48  
 852 L	 4.51  
 853 L	 2.42  
 854 P	 24.71  
 855 L	 10.76  
 856 A	 8.05  
 857 P	 32.91  
 858 F	 6.69  
 859 M	 4.27  
 860 S	 19.47  
 861 P	 23.77  
 862 V	 10.13  
 863 G	 20.03  
 864 S	 26.01  
 865 Q	 41.19  
 866 G	 18.19  
 867 I	 2.61  
 868 A	 11.59  
 869 F	 6.23  
 870 H	 18.16  
 871 Q	 46.45  
 872 K	 41.15  
 873 L	 6.51  
 874 K	 30.69  
 875 C	 7.22  
 876 N	 25.63  
 877 V	 3.50  
 878 M	 1.84  
 879 A	 8.07  
 880 V	 4.01  
 881 E	 22.33  
 882 F	 5.47  
 883 Q	 18.89  
 884 V	 4.03  
 885 C	 0.91  
 886 W	 12.85  
 887 R	 21.13  
 888 L	 3.16  
 889 S	 37.66  
 890 D	 48.75  
 891 K	 61.12  
 892 N	 59.42  
 893 L	 9.75  
 894 E	 52.37  
 895 K	 50.65  
 896 I	 3.00  
 897 T	 19.23  
 898 F	 9.38  
 899 R	 28.96  
 900 V	 3.05  
 901 P	 28.20  
 902 R	 50.96  
 903 I	 5.49  
 904 K	 44.17  
 905 K	 57.67  
 906 D	 41.27  
 907 V	 6.79  
 908 F	 10.65  
 909 Q	 43.06  
 910 D	 43.02  
 911 D	 39.15  
 912 L	 10.12  
 913 F	 8.98  
 914 P	 37.26  
 915 D	 47.47  
 916 S	 25.61  
 917 L	 5.33  
 918 V	 7.28  
 919 T	 29.42  
 920 W	 10.62  
 921 E	 22.11  
 922 P	 21.95  
 923 V	 5.19  
 924 T	 30.17  
 925 T	 42.99  
 926 G	 18.87  
 927 T	 21.31  
 928 K	 31.76  
 929 W	 6.25  
 930 M	 3.52  
 931 L	 7.11  
 932 G	 14.63  
 933 E	 32.84  
 934 Q	 40.81  
 935 A	 14.94  
 936 A	 10.65  
 937 P	 28.88  
 938 V	 5.51  
 939 F	 4.23  
 940 R	 41.11  
 941 S	 29.31  
 942 L	 8.99  
 943 K	 42.16  
 944 P	 49.21  
 945 D	 65.39  
 946 G	 30.78  
 947 V	 5.69  
 948 F	 6.07  
 949 S	 25.59  
 950 S	 25.75  
 951 I	 2.31  
 952 P	 22.92  
 953 R	 36.63  
 954 A	 9.72  
 955 I	 3.31  
 956 T	 16.34  
 957 A	 10.42  
 958 S	 15.84  
 959 V	 6.22  
 960 R	 25.72  
 961 H	 26.42  
 962 S	 25.65  
 963 E	 49.33  
 964 M	 4.35  
 965 P	 27.32  
 966 S	 41.35  
 967 S	 23.57  
 968 S	 35.72  
 969 S	 40.99  
 970 T	 31.76  
 971 T	 29.17  
 972 N	 29.73  
 973 S	 23.92  
 974 A	 12.98  
 975 A	 17.38  
 976 Q	 54.37  
 977 T	 17.93  
 978 P	 24.43  
 979 S	 36.38  
 980 T	 28.55  
 981 S	 29.38  
 982 V	 5.90  
 983 T	 15.18  
 984 H	 22.46  
 985 S	 27.88  
 986 T	 31.22  
 987 T	 46.15  
 988 E	 50.94  
 989 K	 46.26  
 990 H	 21.20  
 991 H	 31.06  
 992 H	 23.25  
 993 H	 25.06  
 994 Q	 31.25  
 995 H	 20.44  
 996 H	 21.90  
 997 Q	 37.52  
 998 H	 29.61  
 999 Q	 52.36  
 1000 E	 48.71  
 1001 P	 24.33  
 1002 T	 41.42  
 1003 S	 36.49  
 1004 V	 7.23  
 1005 P	 38.06  
 1006 T	 33.38  
 1007 P	 25.00  
 1008 S	 44.39  
 1009 S	 28.95  
 1010 R	 47.15  
 1011 N	 34.49  
 1012 M	 2.78  
 1013 Q	 38.84  
 1014 S	 11.32  
 1015 C	 3.89  
 1016 G	 31.32  
 1017 V	 6.52  
 1018 E	 33.09  
 1019 S	 29.16  
 1020 T	 20.09  
 1021 Q	 63.19  
 1022 Q	 41.78  
 1023 P	 33.29  
 1024 D	 67.10  
 1025 R	 37.68  
 1026 K	 57.41  
 1027 Q	 30.86  
 1028 V	 4.37  
 1029 A	 6.75  
 1030 A	 15.59  
 1031 A	 7.33  
 1032 W	 11.21  
 1033 S	 18.33  
 1034 T	 22.71  
 1035 K	 31.24  
 1036 I	 6.72  
 1037 D	 33.52  
 1038 V	 10.36  
 1039 D	 23.51  
 1040 T	 36.68  
 1041 R	 31.59  
 1042 L	 8.23  
 1043 E	 49.15  
 1044 Q	 51.32  
 1045 D	 40.18  
 1046 Q	 31.36  
 1047 M	 6.96  
 1048 E	 50.89  
 1049 G	 27.17  
 1050 V	 3.71  
 1051 D	 61.31  
 1052 E	 46.19  
 1053 A	 20.79  
 1054 E	 54.91  
 1055 W	 26.24  
 1056 D	 37.99  
 1057 K	 64.41  
